<?xml version="1.0" encoding="UTF-8"?>
<testsuite xmlns:xsi="http://www.w3.org/2001/XMLSchema-instance" xsi:noNamespaceSchemaLocation="https://maven.apache.org/surefire/maven-surefire-plugin/xsd/surefire-test-report.xsd" name="com.ningmeng.manage_course.dao.FeignTest" time="27.017" tests="3" errors="3" skipped="0" failures="0">
  <properties>
    <property name="sun.desktop" value="windows"/>
    <property name="awt.toolkit" value="sun.awt.windows.WToolkit"/>
    <property name="file.encoding.pkg" value="sun.io"/>
    <property name="java.specification.version" value="1.8"/>
    <property name="sun.cpu.isalist" value="amd64"/>
    <property name="sun.jnu.encoding" value="GBK"/>
    <property name="java.class.path" value="E:\1704A\hdServiceCode\nm-service-manage-course\target\test-classes;E:\1704A\hdServiceCode\nm-service-manage-course\target\classes;E:\1704A\repository\com\github\pagehelper\pagehelper-spring-boot-starter\1.2.4\pagehelper-spring-boot-starter-1.2.4.jar;E:\1704A\repository\org\springframework\boot\spring-boot-starter\2.0.1.RELEASE\spring-boot-starter-2.0.1.RELEASE.jar;E:\1704A\repository\org\springframework\boot\spring-boot\2.0.1.RELEASE\spring-boot-2.0.1.RELEASE.jar;E:\1704A\repository\javax\annotation\javax.annotation-api\1.3.2\javax.annotation-api-1.3.2.jar;E:\1704A\repository\org\yaml\snakeyaml\1.19\snakeyaml-1.19.jar;E:\1704A\repository\com\github\pagehelper\pagehelper-spring-boot-autoconfigure\1.2.4\pagehelper-spring-boot-autoconfigure-1.2.4.jar;E:\1704A\repository\com\github\pagehelper\pagehelper\5.1.3\pagehelper-5.1.3.jar;E:\1704A\repository\com\github\jsqlparser\jsqlparser\1.0\jsqlparser-1.0.jar;E:\1704A\hdServiceCode\nm-service-api\target\nm-service-api.jar;E:\1704A\repository\commons-fileupload\commons-fileupload\1.3.3\commons-fileupload-1.3.3.jar;E:\1704A\repository\io\springfox\springfox-swagger2\2.7.0\springfox-swagger2-2.7.0.jar;E:\1704A\repository\io\swagger\swagger-annotations\1.5.13\swagger-annotations-1.5.13.jar;E:\1704A\repository\io\swagger\swagger-models\1.5.13\swagger-models-1.5.13.jar;E:\1704A\repository\io\springfox\springfox-spi\2.7.0\springfox-spi-2.7.0.jar;E:\1704A\repository\io\springfox\springfox-core\2.7.0\springfox-core-2.7.0.jar;E:\1704A\repository\io\springfox\springfox-schema\2.7.0\springfox-schema-2.7.0.jar;E:\1704A\repository\io\springfox\springfox-swagger-common\2.7.0\springfox-swagger-common-2.7.0.jar;E:\1704A\repository\io\springfox\springfox-spring-web\2.7.0\springfox-spring-web-2.7.0.jar;E:\1704A\repository\org\reflections\reflections\0.9.11\reflections-0.9.11.jar;E:\1704A\repository\com\fasterxml\classmate\1.3.4\classmate-1.3.4.jar;E:\1704A\repository\org\springframework\plugin\spring-plugin-core\1.2.0.RELEASE\spring-plugin-core-1.2.0.RELEASE.jar;E:\1704A\repository\org\springframework\plugin\spring-plugin-metadata\1.2.0.RELEASE\spring-plugin-metadata-1.2.0.RELEASE.jar;E:\1704A\repository\org\mapstruct\mapstruct\1.1.0.Final\mapstruct-1.1.0.Final.jar;E:\1704A\repository\io\springfox\springfox-swagger-ui\2.7.0\springfox-swagger-ui-2.7.0.jar;E:\1704A\hdServiceCode\nm-framework-model\target\nm-framework-model.jar;E:\1704A\repository\org\projectlombok\lombok\1.16.16\lombok-1.16.16.jar;E:\1704A\repository\org\springframework\data\spring-data-commons\2.0.6.RELEASE\spring-data-commons-2.0.6.RELEASE.jar;E:\1704A\repository\org\springframework\data\spring-data-mongodb\2.0.6.RELEASE\spring-data-mongodb-2.0.6.RELEASE.jar;E:\1704A\repository\org\springframework\spring-context\5.0.5.RELEASE\spring-context-5.0.5.RELEASE.jar;E:\1704A\repository\org\springframework\spring-expression\5.0.5.RELEASE\spring-expression-5.0.5.RELEASE.jar;E:\1704A\repository\org\mongodb\mongo-java-driver\3.6.3\mongo-java-driver-3.6.3.jar;E:\1704A\repository\org\hibernate\hibernate-core\5.2.16.Final\hibernate-core-5.2.16.Final.jar;E:\1704A\repository\org\jboss\logging\jboss-logging\3.3.2.Final\jboss-logging-3.3.2.Final.jar;E:\1704A\repository\org\hibernate\javax\persistence\hibernate-jpa-2.1-api\1.0.0.Final\hibernate-jpa-2.1-api-1.0.0.Final.jar;E:\1704A\repository\org\javassist\javassist\3.22.0-GA\javassist-3.22.0-GA.jar;E:\1704A\repository\antlr\antlr\2.7.7\antlr-2.7.7.jar;E:\1704A\repository\org\jboss\spec\javax\transaction\jboss-transaction-api_1.2_spec\1.0.1.Final\jboss-transaction-api_1.2_spec-1.0.1.Final.jar;E:\1704A\repository\org\jboss\jandex\2.0.3.Final\jandex-2.0.3.Final.jar;E:\1704A\repository\dom4j\dom4j\1.6.1\dom4j-1.6.1.jar;E:\1704A\repository\org\hibernate\common\hibernate-commons-annotations\5.0.1.Final\hibernate-commons-annotations-5.0.1.Final.jar;E:\1704A\repository\com\google\guava\guava\24.0-jre\guava-24.0-jre.jar;E:\1704A\repository\com\google\code\findbugs\jsr305\1.3.9\jsr305-1.3.9.jar;E:\1704A\repository\org\checkerframework\checker-compat-qual\2.0.0\checker-compat-qual-2.0.0.jar;E:\1704A\repository\com\google\errorprone\error_prone_annotations\2.1.3\error_prone_annotations-2.1.3.jar;E:\1704A\repository\com\google\j2objc\j2objc-annotations\1.1\j2objc-annotations-1.1.jar;E:\1704A\repository\org\codehaus\mojo\animal-sniffer-annotations\1.14\animal-sniffer-annotations-1.14.jar;E:\1704A\hdServiceCode\nm-framework-utils\target\nm-framework-utils.jar;E:\1704A\repository\javax\servlet\javax.servlet-api\3.1.0\javax.servlet-api-3.1.0.jar;E:\1704A\repository\org\springframework\boot\spring-boot-starter-logging\2.0.1.RELEASE\spring-boot-starter-logging-2.0.1.RELEASE.jar;E:\1704A\repository\ch\qos\logback\logback-classic\1.2.3\logback-classic-1.2.3.jar;E:\1704A\repository\ch\qos\logback\logback-core\1.2.3\logback-core-1.2.3.jar;E:\1704A\repository\org\apache\logging\log4j\log4j-to-slf4j\2.10.0\log4j-to-slf4j-2.10.0.jar;E:\1704A\repository\org\apache\logging\log4j\log4j-api\2.10.0\log4j-api-2.10.0.jar;E:\1704A\repository\org\slf4j\jul-to-slf4j\1.7.25\jul-to-slf4j-1.7.25.jar;E:\1704A\repository\org\apache\httpcomponents\httpclient\4.5.5\httpclient-4.5.5.jar;E:\1704A\repository\org\apache\httpcomponents\httpcore\4.4.9\httpcore-4.4.9.jar;E:\1704A\repository\commons-codec\commons-codec\1.10\commons-codec-1.10.jar;E:\1704A\repository\net\lingala\zip4j\zip4j\1.3.1\zip4j-1.3.1.jar;E:\1704A\repository\org\springframework\security\spring-security-crypto\5.0.4.RELEASE\spring-security-crypto-5.0.4.RELEASE.jar;E:\1704A\repository\org\springframework\security\spring-security-jwt\1.0.8.RELEASE\spring-security-jwt-1.0.8.RELEASE.jar;E:\1704A\repository\org\bouncycastle\bcpkix-jdk15on\1.56\bcpkix-jdk15on-1.56.jar;E:\1704A\repository\org\bouncycastle\bcprov-jdk15on\1.56\bcprov-jdk15on-1.56.jar;E:\1704A\hdServiceCode\nm-framework-common\target\nm-framework-common.jar;E:\1704A\repository\org\springframework\spring-web\5.0.5.RELEASE\spring-web-5.0.5.RELEASE.jar;E:\1704A\repository\org\springframework\boot\spring-boot-starter-web\2.0.1.RELEASE\spring-boot-starter-web-2.0.1.RELEASE.jar;E:\1704A\repository\org\springframework\boot\spring-boot-starter-json\2.0.1.RELEASE\spring-boot-starter-json-2.0.1.RELEASE.jar;E:\1704A\repository\com\fasterxml\jackson\core\jackson-databind\2.9.5\jackson-databind-2.9.5.jar;E:\1704A\repository\com\fasterxml\jackson\datatype\jackson-datatype-jdk8\2.9.5\jackson-datatype-jdk8-2.9.5.jar;E:\1704A\repository\com\fasterxml\jackson\datatype\jackson-datatype-jsr310\2.9.5\jackson-datatype-jsr310-2.9.5.jar;E:\1704A\repository\com\fasterxml\jackson\module\jackson-module-parameter-names\2.9.5\jackson-module-parameter-names-2.9.5.jar;E:\1704A\repository\org\springframework\boot\spring-boot-starter-tomcat\2.0.1.RELEASE\spring-boot-starter-tomcat-2.0.1.RELEASE.jar;E:\1704A\repository\org\apache\tomcat\embed\tomcat-embed-core\8.5.28\tomcat-embed-core-8.5.28.jar;E:\1704A\repository\org\apache\tomcat\embed\tomcat-embed-el\8.5.28\tomcat-embed-el-8.5.28.jar;E:\1704A\repository\org\apache\tomcat\embed\tomcat-embed-websocket\8.5.28\tomcat-embed-websocket-8.5.28.jar;E:\1704A\repository\org\hibernate\validator\hibernate-validator\6.0.9.Final\hibernate-validator-6.0.9.Final.jar;E:\1704A\repository\javax\validation\validation-api\2.0.1.Final\validation-api-2.0.1.Final.jar;E:\1704A\repository\org\springframework\spring-webmvc\5.0.5.RELEASE\spring-webmvc-5.0.5.RELEASE.jar;E:\1704A\repository\org\springframework\spring-aop\5.0.5.RELEASE\spring-aop-5.0.5.RELEASE.jar;E:\1704A\repository\mysql\mysql-connector-java\5.1.40\mysql-connector-java-5.1.40.jar;E:\1704A\repository\com\alibaba\druid-spring-boot-starter\1.1.10\druid-spring-boot-starter-1.1.10.jar;E:\1704A\repository\com\alibaba\druid\1.1.6\druid-1.1.6.jar;E:\1704A\repository\org\slf4j\slf4j-api\1.7.25\slf4j-api-1.7.25.jar;E:\1704A\repository\org\springframework\boot\spring-boot-autoconfigure\2.0.1.RELEASE\spring-boot-autoconfigure-2.0.1.RELEASE.jar;E:\1704A\repository\org\mybatis\spring\boot\mybatis-spring-boot-starter\1.3.1\mybatis-spring-boot-starter-1.3.1.jar;E:\1704A\repository\org\springframework\boot\spring-boot-starter-jdbc\2.0.1.RELEASE\spring-boot-starter-jdbc-2.0.1.RELEASE.jar;E:\1704A\repository\com\zaxxer\HikariCP\2.7.8\HikariCP-2.7.8.jar;E:\1704A\repository\org\mybatis\spring\boot\mybatis-spring-boot-autoconfigure\1.3.1\mybatis-spring-boot-autoconfigure-1.3.1.jar;E:\1704A\repository\org\mybatis\mybatis\3.4.5\mybatis-3.4.5.jar;E:\1704A\repository\org\mybatis\mybatis-spring\1.3.1\mybatis-spring-1.3.1.jar;E:\1704A\repository\org\springframework\spring-orm\5.0.5.RELEASE\spring-orm-5.0.5.RELEASE.jar;E:\1704A\repository\org\springframework\spring-beans\5.0.5.RELEASE\spring-beans-5.0.5.RELEASE.jar;E:\1704A\repository\org\springframework\spring-core\5.0.5.RELEASE\spring-core-5.0.5.RELEASE.jar;E:\1704A\repository\org\springframework\spring-jcl\5.0.5.RELEASE\spring-jcl-5.0.5.RELEASE.jar;E:\1704A\repository\org\springframework\spring-jdbc\5.0.5.RELEASE\spring-jdbc-5.0.5.RELEASE.jar;E:\1704A\repository\org\springframework\spring-tx\5.0.5.RELEASE\spring-tx-5.0.5.RELEASE.jar;E:\1704A\repository\org\springframework\boot\spring-boot-starter-data-jpa\2.0.1.RELEASE\spring-boot-starter-data-jpa-2.0.1.RELEASE.jar;E:\1704A\repository\org\springframework\boot\spring-boot-starter-aop\2.0.1.RELEASE\spring-boot-starter-aop-2.0.1.RELEASE.jar;E:\1704A\repository\org\aspectj\aspectjweaver\1.8.13\aspectjweaver-1.8.13.jar;E:\1704A\repository\javax\transaction\javax.transaction-api\1.2\javax.transaction-api-1.2.jar;E:\1704A\repository\org\springframework\data\spring-data-jpa\2.0.6.RELEASE\spring-data-jpa-2.0.6.RELEASE.jar;E:\1704A\repository\org\springframework\spring-aspects\5.0.5.RELEASE\spring-aspects-5.0.5.RELEASE.jar;E:\1704A\repository\com\squareup\okhttp3\okhttp\3.9.1\okhttp-3.9.1.jar;E:\1704A\repository\com\squareup\okio\okio\1.13.0\okio-1.13.0.jar;E:\1704A\repository\com\alibaba\fastjson\1.2.30\fastjson-1.2.30.jar;E:\1704A\repository\commons-io\commons-io\2.6\commons-io-2.6.jar;E:\1704A\repository\org\apache\commons\commons-lang3\3.6\commons-lang3-3.6.jar;E:\1704A\repository\org\springframework\boot\spring-boot-starter-test\2.0.1.RELEASE\spring-boot-starter-test-2.0.1.RELEASE.jar;E:\1704A\repository\org\springframework\boot\spring-boot-test\2.0.1.RELEASE\spring-boot-test-2.0.1.RELEASE.jar;E:\1704A\repository\org\springframework\boot\spring-boot-test-autoconfigure\2.0.1.RELEASE\spring-boot-test-autoconfigure-2.0.1.RELEASE.jar;E:\1704A\repository\com\jayway\jsonpath\json-path\2.4.0\json-path-2.4.0.jar;E:\1704A\repository\net\minidev\json-smart\2.3\json-smart-2.3.jar;E:\1704A\repository\net\minidev\accessors-smart\1.2\accessors-smart-1.2.jar;E:\1704A\repository\org\ow2\asm\asm\5.0.4\asm-5.0.4.jar;E:\1704A\repository\junit\junit\4.12\junit-4.12.jar;E:\1704A\repository\org\assertj\assertj-core\3.9.1\assertj-core-3.9.1.jar;E:\1704A\repository\org\mockito\mockito-core\2.15.0\mockito-core-2.15.0.jar;E:\1704A\repository\net\bytebuddy\byte-buddy\1.7.11\byte-buddy-1.7.11.jar;E:\1704A\repository\net\bytebuddy\byte-buddy-agent\1.7.11\byte-buddy-agent-1.7.11.jar;E:\1704A\repository\org\objenesis\objenesis\2.6\objenesis-2.6.jar;E:\1704A\repository\org\hamcrest\hamcrest-core\1.3\hamcrest-core-1.3.jar;E:\1704A\repository\org\hamcrest\hamcrest-library\1.3\hamcrest-library-1.3.jar;E:\1704A\repository\org\skyscreamer\jsonassert\1.5.0\jsonassert-1.5.0.jar;E:\1704A\repository\com\vaadin\external\google\android-json\0.0.20131108.vaadin1\android-json-0.0.20131108.vaadin1.jar;E:\1704A\repository\org\springframework\spring-test\5.0.5.RELEASE\spring-test-5.0.5.RELEASE.jar;E:\1704A\repository\org\xmlunit\xmlunit-core\2.5.1\xmlunit-core-2.5.1.jar;E:\1704A\repository\org\springframework\cloud\spring-cloud-starter-netflix-eureka-client\2.0.1.RELEASE\spring-cloud-starter-netflix-eureka-client-2.0.1.RELEASE.jar;E:\1704A\repository\org\springframework\cloud\spring-cloud-starter\2.0.1.RELEASE\spring-cloud-starter-2.0.1.RELEASE.jar;E:\1704A\repository\org\springframework\cloud\spring-cloud-context\2.0.1.RELEASE\spring-cloud-context-2.0.1.RELEASE.jar;E:\1704A\repository\org\springframework\security\spring-security-rsa\1.0.5.RELEASE\spring-security-rsa-1.0.5.RELEASE.jar;E:\1704A\repository\org\springframework\cloud\spring-cloud-netflix-core\2.0.1.RELEASE\spring-cloud-netflix-core-2.0.1.RELEASE.jar;E:\1704A\repository\org\springframework\cloud\spring-cloud-netflix-eureka-client\2.0.1.RELEASE\spring-cloud-netflix-eureka-client-2.0.1.RELEASE.jar;E:\1704A\repository\com\netflix\eureka\eureka-client\1.9.3\eureka-client-1.9.3.jar;E:\1704A\repository\org\codehaus\jettison\jettison\1.3.7\jettison-1.3.7.jar;E:\1704A\repository\stax\stax-api\1.0.1\stax-api-1.0.1.jar;E:\1704A\repository\com\netflix\netflix-commons\netflix-eventbus\0.3.0\netflix-eventbus-0.3.0.jar;E:\1704A\repository\com\netflix\netflix-commons\netflix-infix\0.3.0\netflix-infix-0.3.0.jar;E:\1704A\repository\commons-jxpath\commons-jxpath\1.3\commons-jxpath-1.3.jar;E:\1704A\repository\joda-time\joda-time\2.9.9\joda-time-2.9.9.jar;E:\1704A\repository\org\antlr\antlr-runtime\3.4\antlr-runtime-3.4.jar;E:\1704A\repository\org\antlr\stringtemplate\3.2.1\stringtemplate-3.2.1.jar;E:\1704A\repository\com\google\code\gson\gson\2.8.2\gson-2.8.2.jar;E:\1704A\repository\org\apache\commons\commons-math\2.2\commons-math-2.2.jar;E:\1704A\repository\com\netflix\archaius\archaius-core\0.7.6\archaius-core-0.7.6.jar;E:\1704A\repository\javax\ws\rs\jsr311-api\1.1.1\jsr311-api-1.1.1.jar;E:\1704A\repository\com\netflix\servo\servo-core\0.12.21\servo-core-0.12.21.jar;E:\1704A\repository\com\sun\jersey\jersey-core\1.19.1\jersey-core-1.19.1.jar;E:\1704A\repository\com\sun\jersey\jersey-client\1.19.1\jersey-client-1.19.1.jar;E:\1704A\repository\com\sun\jersey\contribs\jersey-apache-client4\1.19.1\jersey-apache-client4-1.19.1.jar;E:\1704A\repository\com\google\inject\guice\4.1.0\guice-4.1.0.jar;E:\1704A\repository\javax\inject\javax.inject\1\javax.inject-1.jar;E:\1704A\repository\aopalliance\aopalliance\1.0\aopalliance-1.0.jar;E:\1704A\repository\com\github\vlsi\compactmap\compactmap\1.2.1\compactmap-1.2.1.jar;E:\1704A\repository\com\github\andrewoma\dexx\dexx-collections\0.2\dexx-collections-0.2.jar;E:\1704A\repository\com\fasterxml\jackson\core\jackson-annotations\2.9.0\jackson-annotations-2.9.0.jar;E:\1704A\repository\com\fasterxml\jackson\core\jackson-core\2.9.5\jackson-core-2.9.5.jar;E:\1704A\repository\com\netflix\eureka\eureka-core\1.9.3\eureka-core-1.9.3.jar;E:\1704A\repository\org\codehaus\woodstox\woodstox-core-asl\4.4.1\woodstox-core-asl-4.4.1.jar;E:\1704A\repository\javax\xml\stream\stax-api\1.0-2\stax-api-1.0-2.jar;E:\1704A\repository\org\codehaus\woodstox\stax2-api\3.1.4\stax2-api-3.1.4.jar;E:\1704A\repository\org\springframework\cloud\spring-cloud-starter-netflix-archaius\2.0.1.RELEASE\spring-cloud-starter-netflix-archaius-2.0.1.RELEASE.jar;E:\1704A\repository\org\springframework\cloud\spring-cloud-netflix-ribbon\2.0.1.RELEASE\spring-cloud-netflix-ribbon-2.0.1.RELEASE.jar;E:\1704A\repository\org\springframework\cloud\spring-cloud-netflix-archaius\2.0.1.RELEASE\spring-cloud-netflix-archaius-2.0.1.RELEASE.jar;E:\1704A\repository\commons-configuration\commons-configuration\1.8\commons-configuration-1.8.jar;E:\1704A\repository\commons-lang\commons-lang\2.6\commons-lang-2.6.jar;E:\1704A\repository\org\springframework\cloud\spring-cloud-starter-netflix-ribbon\2.0.1.RELEASE\spring-cloud-starter-netflix-ribbon-2.0.1.RELEASE.jar;E:\1704A\repository\com\netflix\ribbon\ribbon\2.2.5\ribbon-2.2.5.jar;E:\1704A\repository\com\netflix\ribbon\ribbon-transport\2.2.5\ribbon-transport-2.2.5.jar;E:\1704A\repository\io\reactivex\rxnetty-contexts\0.4.9\rxnetty-contexts-0.4.9.jar;E:\1704A\repository\io\reactivex\rxnetty-servo\0.4.9\rxnetty-servo-0.4.9.jar;E:\1704A\repository\io\reactivex\rxnetty\0.4.9\rxnetty-0.4.9.jar;E:\1704A\repository\io\netty\netty-codec-http\4.1.23.Final\netty-codec-http-4.1.23.Final.jar;E:\1704A\repository\io\netty\netty-codec\4.1.23.Final\netty-codec-4.1.23.Final.jar;E:\1704A\repository\io\netty\netty-transport-native-epoll\4.1.23.Final\netty-transport-native-epoll-4.1.23.Final.jar;E:\1704A\repository\io\netty\netty-common\4.1.23.Final\netty-common-4.1.23.Final.jar;E:\1704A\repository\io\netty\netty-buffer\4.1.23.Final\netty-buffer-4.1.23.Final.jar;E:\1704A\repository\io\netty\netty-transport-native-unix-common\4.1.23.Final\netty-transport-native-unix-common-4.1.23.Final.jar;E:\1704A\repository\io\netty\netty-transport\4.1.23.Final\netty-transport-4.1.23.Final.jar;E:\1704A\repository\io\netty\netty-resolver\4.1.23.Final\netty-resolver-4.1.23.Final.jar;E:\1704A\repository\com\netflix\ribbon\ribbon-core\2.2.5\ribbon-core-2.2.5.jar;E:\1704A\repository\com\netflix\ribbon\ribbon-httpclient\2.2.5\ribbon-httpclient-2.2.5.jar;E:\1704A\repository\commons-collections\commons-collections\3.2.2\commons-collections-3.2.2.jar;E:\1704A\repository\com\netflix\netflix-commons\netflix-commons-util\0.3.0\netflix-commons-util-0.3.0.jar;E:\1704A\repository\com\netflix\ribbon\ribbon-loadbalancer\2.2.5\ribbon-loadbalancer-2.2.5.jar;E:\1704A\repository\com\netflix\netflix-commons\netflix-statistics\0.1.1\netflix-statistics-0.1.1.jar;E:\1704A\repository\io\reactivex\rxjava\1.3.8\rxjava-1.3.8.jar;E:\1704A\repository\com\netflix\ribbon\ribbon-eureka\2.2.5\ribbon-eureka-2.2.5.jar;E:\1704A\repository\com\thoughtworks\xstream\xstream\1.4.10\xstream-1.4.10.jar;E:\1704A\repository\xmlpull\xmlpull\1.1.3.1\xmlpull-1.1.3.1.jar;E:\1704A\repository\xpp3\xpp3_min\1.1.4c\xpp3_min-1.1.4c.jar;E:\1704A\repository\org\springframework\cloud\spring-cloud-starter-openfeign\2.0.1.RELEASE\spring-cloud-starter-openfeign-2.0.1.RELEASE.jar;E:\1704A\repository\org\springframework\cloud\spring-cloud-openfeign-core\2.0.1.RELEASE\spring-cloud-openfeign-core-2.0.1.RELEASE.jar;E:\1704A\repository\org\springframework\cloud\spring-cloud-commons\2.0.1.RELEASE\spring-cloud-commons-2.0.1.RELEASE.jar;E:\1704A\repository\io\github\openfeign\feign-core\9.5.1\feign-core-9.5.1.jar;E:\1704A\repository\io\github\openfeign\feign-slf4j\9.5.1\feign-slf4j-9.5.1.jar;E:\1704A\repository\io\github\openfeign\feign-hystrix\9.5.1\feign-hystrix-9.5.1.jar;E:\1704A\repository\com\netflix\hystrix\hystrix-core\1.5.12\hystrix-core-1.5.12.jar;E:\1704A\repository\org\hdrhistogram\HdrHistogram\2.1.9\HdrHistogram-2.1.9.jar;E:\1704A\repository\io\github\openfeign\feign-java8\9.5.1\feign-java8-9.5.1.jar;E:\1704A\repository\com\netflix\feign\feign-okhttp\8.18.0\feign-okhttp-8.18.0.jar;E:\1704A\repository\com\netflix\feign\feign-core\8.18.0\feign-core-8.18.0.jar;E:\1704A\repository\org\jvnet\animal-sniffer-annotation\1.0\animal-sniffer-annotation-1.0.jar;"/>
    <property name="java.vm.vendor" value="Oracle Corporation"/>
    <property name="sun.arch.data.model" value="64"/>
    <property name="user.variant" value=""/>
    <property name="java.vendor.url" value="http://java.oracle.com/"/>
    <property name="user.timezone" value=""/>
    <property name="java.vm.specification.version" value="1.8"/>
    <property name="os.name" value="Windows 10"/>
    <property name="user.country" value="CN"/>
    <property name="sun.java.launcher" value="SUN_STANDARD"/>
    <property name="sun.boot.library.path" value="C:\Program Files\Java\jdk1.8.0_91\jre\bin"/>
    <property name="sun.java.command" value="C:\Users\wangb\AppData\Local\Temp\surefire8359040626052298865\surefirebooter7147715406186341325.jar C:\Users\wangb\AppData\Local\Temp\surefire8359040626052298865 2020-03-09T20-44-46_260-jvmRun1 surefire1835119734498572997tmp surefire_16448304995619269847tmp"/>
    <property name="surefire.test.class.path" value="E:\1704A\hdServiceCode\nm-service-manage-course\target\test-classes;E:\1704A\hdServiceCode\nm-service-manage-course\target\classes;E:\1704A\repository\com\github\pagehelper\pagehelper-spring-boot-starter\1.2.4\pagehelper-spring-boot-starter-1.2.4.jar;E:\1704A\repository\org\springframework\boot\spring-boot-starter\2.0.1.RELEASE\spring-boot-starter-2.0.1.RELEASE.jar;E:\1704A\repository\org\springframework\boot\spring-boot\2.0.1.RELEASE\spring-boot-2.0.1.RELEASE.jar;E:\1704A\repository\javax\annotation\javax.annotation-api\1.3.2\javax.annotation-api-1.3.2.jar;E:\1704A\repository\org\yaml\snakeyaml\1.19\snakeyaml-1.19.jar;E:\1704A\repository\com\github\pagehelper\pagehelper-spring-boot-autoconfigure\1.2.4\pagehelper-spring-boot-autoconfigure-1.2.4.jar;E:\1704A\repository\com\github\pagehelper\pagehelper\5.1.3\pagehelper-5.1.3.jar;E:\1704A\repository\com\github\jsqlparser\jsqlparser\1.0\jsqlparser-1.0.jar;E:\1704A\hdServiceCode\nm-service-api\target\nm-service-api.jar;E:\1704A\repository\commons-fileupload\commons-fileupload\1.3.3\commons-fileupload-1.3.3.jar;E:\1704A\repository\io\springfox\springfox-swagger2\2.7.0\springfox-swagger2-2.7.0.jar;E:\1704A\repository\io\swagger\swagger-annotations\1.5.13\swagger-annotations-1.5.13.jar;E:\1704A\repository\io\swagger\swagger-models\1.5.13\swagger-models-1.5.13.jar;E:\1704A\repository\io\springfox\springfox-spi\2.7.0\springfox-spi-2.7.0.jar;E:\1704A\repository\io\springfox\springfox-core\2.7.0\springfox-core-2.7.0.jar;E:\1704A\repository\io\springfox\springfox-schema\2.7.0\springfox-schema-2.7.0.jar;E:\1704A\repository\io\springfox\springfox-swagger-common\2.7.0\springfox-swagger-common-2.7.0.jar;E:\1704A\repository\io\springfox\springfox-spring-web\2.7.0\springfox-spring-web-2.7.0.jar;E:\1704A\repository\org\reflections\reflections\0.9.11\reflections-0.9.11.jar;E:\1704A\repository\com\fasterxml\classmate\1.3.4\classmate-1.3.4.jar;E:\1704A\repository\org\springframework\plugin\spring-plugin-core\1.2.0.RELEASE\spring-plugin-core-1.2.0.RELEASE.jar;E:\1704A\repository\org\springframework\plugin\spring-plugin-metadata\1.2.0.RELEASE\spring-plugin-metadata-1.2.0.RELEASE.jar;E:\1704A\repository\org\mapstruct\mapstruct\1.1.0.Final\mapstruct-1.1.0.Final.jar;E:\1704A\repository\io\springfox\springfox-swagger-ui\2.7.0\springfox-swagger-ui-2.7.0.jar;E:\1704A\hdServiceCode\nm-framework-model\target\nm-framework-model.jar;E:\1704A\repository\org\projectlombok\lombok\1.16.16\lombok-1.16.16.jar;E:\1704A\repository\org\springframework\data\spring-data-commons\2.0.6.RELEASE\spring-data-commons-2.0.6.RELEASE.jar;E:\1704A\repository\org\springframework\data\spring-data-mongodb\2.0.6.RELEASE\spring-data-mongodb-2.0.6.RELEASE.jar;E:\1704A\repository\org\springframework\spring-context\5.0.5.RELEASE\spring-context-5.0.5.RELEASE.jar;E:\1704A\repository\org\springframework\spring-expression\5.0.5.RELEASE\spring-expression-5.0.5.RELEASE.jar;E:\1704A\repository\org\mongodb\mongo-java-driver\3.6.3\mongo-java-driver-3.6.3.jar;E:\1704A\repository\org\hibernate\hibernate-core\5.2.16.Final\hibernate-core-5.2.16.Final.jar;E:\1704A\repository\org\jboss\logging\jboss-logging\3.3.2.Final\jboss-logging-3.3.2.Final.jar;E:\1704A\repository\org\hibernate\javax\persistence\hibernate-jpa-2.1-api\1.0.0.Final\hibernate-jpa-2.1-api-1.0.0.Final.jar;E:\1704A\repository\org\javassist\javassist\3.22.0-GA\javassist-3.22.0-GA.jar;E:\1704A\repository\antlr\antlr\2.7.7\antlr-2.7.7.jar;E:\1704A\repository\org\jboss\spec\javax\transaction\jboss-transaction-api_1.2_spec\1.0.1.Final\jboss-transaction-api_1.2_spec-1.0.1.Final.jar;E:\1704A\repository\org\jboss\jandex\2.0.3.Final\jandex-2.0.3.Final.jar;E:\1704A\repository\dom4j\dom4j\1.6.1\dom4j-1.6.1.jar;E:\1704A\repository\org\hibernate\common\hibernate-commons-annotations\5.0.1.Final\hibernate-commons-annotations-5.0.1.Final.jar;E:\1704A\repository\com\google\guava\guava\24.0-jre\guava-24.0-jre.jar;E:\1704A\repository\com\google\code\findbugs\jsr305\1.3.9\jsr305-1.3.9.jar;E:\1704A\repository\org\checkerframework\checker-compat-qual\2.0.0\checker-compat-qual-2.0.0.jar;E:\1704A\repository\com\google\errorprone\error_prone_annotations\2.1.3\error_prone_annotations-2.1.3.jar;E:\1704A\repository\com\google\j2objc\j2objc-annotations\1.1\j2objc-annotations-1.1.jar;E:\1704A\repository\org\codehaus\mojo\animal-sniffer-annotations\1.14\animal-sniffer-annotations-1.14.jar;E:\1704A\hdServiceCode\nm-framework-utils\target\nm-framework-utils.jar;E:\1704A\repository\javax\servlet\javax.servlet-api\3.1.0\javax.servlet-api-3.1.0.jar;E:\1704A\repository\org\springframework\boot\spring-boot-starter-logging\2.0.1.RELEASE\spring-boot-starter-logging-2.0.1.RELEASE.jar;E:\1704A\repository\ch\qos\logback\logback-classic\1.2.3\logback-classic-1.2.3.jar;E:\1704A\repository\ch\qos\logback\logback-core\1.2.3\logback-core-1.2.3.jar;E:\1704A\repository\org\apache\logging\log4j\log4j-to-slf4j\2.10.0\log4j-to-slf4j-2.10.0.jar;E:\1704A\repository\org\apache\logging\log4j\log4j-api\2.10.0\log4j-api-2.10.0.jar;E:\1704A\repository\org\slf4j\jul-to-slf4j\1.7.25\jul-to-slf4j-1.7.25.jar;E:\1704A\repository\org\apache\httpcomponents\httpclient\4.5.5\httpclient-4.5.5.jar;E:\1704A\repository\org\apache\httpcomponents\httpcore\4.4.9\httpcore-4.4.9.jar;E:\1704A\repository\commons-codec\commons-codec\1.10\commons-codec-1.10.jar;E:\1704A\repository\net\lingala\zip4j\zip4j\1.3.1\zip4j-1.3.1.jar;E:\1704A\repository\org\springframework\security\spring-security-crypto\5.0.4.RELEASE\spring-security-crypto-5.0.4.RELEASE.jar;E:\1704A\repository\org\springframework\security\spring-security-jwt\1.0.8.RELEASE\spring-security-jwt-1.0.8.RELEASE.jar;E:\1704A\repository\org\bouncycastle\bcpkix-jdk15on\1.56\bcpkix-jdk15on-1.56.jar;E:\1704A\repository\org\bouncycastle\bcprov-jdk15on\1.56\bcprov-jdk15on-1.56.jar;E:\1704A\hdServiceCode\nm-framework-common\target\nm-framework-common.jar;E:\1704A\repository\org\springframework\spring-web\5.0.5.RELEASE\spring-web-5.0.5.RELEASE.jar;E:\1704A\repository\org\springframework\boot\spring-boot-starter-web\2.0.1.RELEASE\spring-boot-starter-web-2.0.1.RELEASE.jar;E:\1704A\repository\org\springframework\boot\spring-boot-starter-json\2.0.1.RELEASE\spring-boot-starter-json-2.0.1.RELEASE.jar;E:\1704A\repository\com\fasterxml\jackson\core\jackson-databind\2.9.5\jackson-databind-2.9.5.jar;E:\1704A\repository\com\fasterxml\jackson\datatype\jackson-datatype-jdk8\2.9.5\jackson-datatype-jdk8-2.9.5.jar;E:\1704A\repository\com\fasterxml\jackson\datatype\jackson-datatype-jsr310\2.9.5\jackson-datatype-jsr310-2.9.5.jar;E:\1704A\repository\com\fasterxml\jackson\module\jackson-module-parameter-names\2.9.5\jackson-module-parameter-names-2.9.5.jar;E:\1704A\repository\org\springframework\boot\spring-boot-starter-tomcat\2.0.1.RELEASE\spring-boot-starter-tomcat-2.0.1.RELEASE.jar;E:\1704A\repository\org\apache\tomcat\embed\tomcat-embed-core\8.5.28\tomcat-embed-core-8.5.28.jar;E:\1704A\repository\org\apache\tomcat\embed\tomcat-embed-el\8.5.28\tomcat-embed-el-8.5.28.jar;E:\1704A\repository\org\apache\tomcat\embed\tomcat-embed-websocket\8.5.28\tomcat-embed-websocket-8.5.28.jar;E:\1704A\repository\org\hibernate\validator\hibernate-validator\6.0.9.Final\hibernate-validator-6.0.9.Final.jar;E:\1704A\repository\javax\validation\validation-api\2.0.1.Final\validation-api-2.0.1.Final.jar;E:\1704A\repository\org\springframework\spring-webmvc\5.0.5.RELEASE\spring-webmvc-5.0.5.RELEASE.jar;E:\1704A\repository\org\springframework\spring-aop\5.0.5.RELEASE\spring-aop-5.0.5.RELEASE.jar;E:\1704A\repository\mysql\mysql-connector-java\5.1.40\mysql-connector-java-5.1.40.jar;E:\1704A\repository\com\alibaba\druid-spring-boot-starter\1.1.10\druid-spring-boot-starter-1.1.10.jar;E:\1704A\repository\com\alibaba\druid\1.1.6\druid-1.1.6.jar;E:\1704A\repository\org\slf4j\slf4j-api\1.7.25\slf4j-api-1.7.25.jar;E:\1704A\repository\org\springframework\boot\spring-boot-autoconfigure\2.0.1.RELEASE\spring-boot-autoconfigure-2.0.1.RELEASE.jar;E:\1704A\repository\org\mybatis\spring\boot\mybatis-spring-boot-starter\1.3.1\mybatis-spring-boot-starter-1.3.1.jar;E:\1704A\repository\org\springframework\boot\spring-boot-starter-jdbc\2.0.1.RELEASE\spring-boot-starter-jdbc-2.0.1.RELEASE.jar;E:\1704A\repository\com\zaxxer\HikariCP\2.7.8\HikariCP-2.7.8.jar;E:\1704A\repository\org\mybatis\spring\boot\mybatis-spring-boot-autoconfigure\1.3.1\mybatis-spring-boot-autoconfigure-1.3.1.jar;E:\1704A\repository\org\mybatis\mybatis\3.4.5\mybatis-3.4.5.jar;E:\1704A\repository\org\mybatis\mybatis-spring\1.3.1\mybatis-spring-1.3.1.jar;E:\1704A\repository\org\springframework\spring-orm\5.0.5.RELEASE\spring-orm-5.0.5.RELEASE.jar;E:\1704A\repository\org\springframework\spring-beans\5.0.5.RELEASE\spring-beans-5.0.5.RELEASE.jar;E:\1704A\repository\org\springframework\spring-core\5.0.5.RELEASE\spring-core-5.0.5.RELEASE.jar;E:\1704A\repository\org\springframework\spring-jcl\5.0.5.RELEASE\spring-jcl-5.0.5.RELEASE.jar;E:\1704A\repository\org\springframework\spring-jdbc\5.0.5.RELEASE\spring-jdbc-5.0.5.RELEASE.jar;E:\1704A\repository\org\springframework\spring-tx\5.0.5.RELEASE\spring-tx-5.0.5.RELEASE.jar;E:\1704A\repository\org\springframework\boot\spring-boot-starter-data-jpa\2.0.1.RELEASE\spring-boot-starter-data-jpa-2.0.1.RELEASE.jar;E:\1704A\repository\org\springframework\boot\spring-boot-starter-aop\2.0.1.RELEASE\spring-boot-starter-aop-2.0.1.RELEASE.jar;E:\1704A\repository\org\aspectj\aspectjweaver\1.8.13\aspectjweaver-1.8.13.jar;E:\1704A\repository\javax\transaction\javax.transaction-api\1.2\javax.transaction-api-1.2.jar;E:\1704A\repository\org\springframework\data\spring-data-jpa\2.0.6.RELEASE\spring-data-jpa-2.0.6.RELEASE.jar;E:\1704A\repository\org\springframework\spring-aspects\5.0.5.RELEASE\spring-aspects-5.0.5.RELEASE.jar;E:\1704A\repository\com\squareup\okhttp3\okhttp\3.9.1\okhttp-3.9.1.jar;E:\1704A\repository\com\squareup\okio\okio\1.13.0\okio-1.13.0.jar;E:\1704A\repository\com\alibaba\fastjson\1.2.30\fastjson-1.2.30.jar;E:\1704A\repository\commons-io\commons-io\2.6\commons-io-2.6.jar;E:\1704A\repository\org\apache\commons\commons-lang3\3.6\commons-lang3-3.6.jar;E:\1704A\repository\org\springframework\boot\spring-boot-starter-test\2.0.1.RELEASE\spring-boot-starter-test-2.0.1.RELEASE.jar;E:\1704A\repository\org\springframework\boot\spring-boot-test\2.0.1.RELEASE\spring-boot-test-2.0.1.RELEASE.jar;E:\1704A\repository\org\springframework\boot\spring-boot-test-autoconfigure\2.0.1.RELEASE\spring-boot-test-autoconfigure-2.0.1.RELEASE.jar;E:\1704A\repository\com\jayway\jsonpath\json-path\2.4.0\json-path-2.4.0.jar;E:\1704A\repository\net\minidev\json-smart\2.3\json-smart-2.3.jar;E:\1704A\repository\net\minidev\accessors-smart\1.2\accessors-smart-1.2.jar;E:\1704A\repository\org\ow2\asm\asm\5.0.4\asm-5.0.4.jar;E:\1704A\repository\junit\junit\4.12\junit-4.12.jar;E:\1704A\repository\org\assertj\assertj-core\3.9.1\assertj-core-3.9.1.jar;E:\1704A\repository\org\mockito\mockito-core\2.15.0\mockito-core-2.15.0.jar;E:\1704A\repository\net\bytebuddy\byte-buddy\1.7.11\byte-buddy-1.7.11.jar;E:\1704A\repository\net\bytebuddy\byte-buddy-agent\1.7.11\byte-buddy-agent-1.7.11.jar;E:\1704A\repository\org\objenesis\objenesis\2.6\objenesis-2.6.jar;E:\1704A\repository\org\hamcrest\hamcrest-core\1.3\hamcrest-core-1.3.jar;E:\1704A\repository\org\hamcrest\hamcrest-library\1.3\hamcrest-library-1.3.jar;E:\1704A\repository\org\skyscreamer\jsonassert\1.5.0\jsonassert-1.5.0.jar;E:\1704A\repository\com\vaadin\external\google\android-json\0.0.20131108.vaadin1\android-json-0.0.20131108.vaadin1.jar;E:\1704A\repository\org\springframework\spring-test\5.0.5.RELEASE\spring-test-5.0.5.RELEASE.jar;E:\1704A\repository\org\xmlunit\xmlunit-core\2.5.1\xmlunit-core-2.5.1.jar;E:\1704A\repository\org\springframework\cloud\spring-cloud-starter-netflix-eureka-client\2.0.1.RELEASE\spring-cloud-starter-netflix-eureka-client-2.0.1.RELEASE.jar;E:\1704A\repository\org\springframework\cloud\spring-cloud-starter\2.0.1.RELEASE\spring-cloud-starter-2.0.1.RELEASE.jar;E:\1704A\repository\org\springframework\cloud\spring-cloud-context\2.0.1.RELEASE\spring-cloud-context-2.0.1.RELEASE.jar;E:\1704A\repository\org\springframework\security\spring-security-rsa\1.0.5.RELEASE\spring-security-rsa-1.0.5.RELEASE.jar;E:\1704A\repository\org\springframework\cloud\spring-cloud-netflix-core\2.0.1.RELEASE\spring-cloud-netflix-core-2.0.1.RELEASE.jar;E:\1704A\repository\org\springframework\cloud\spring-cloud-netflix-eureka-client\2.0.1.RELEASE\spring-cloud-netflix-eureka-client-2.0.1.RELEASE.jar;E:\1704A\repository\com\netflix\eureka\eureka-client\1.9.3\eureka-client-1.9.3.jar;E:\1704A\repository\org\codehaus\jettison\jettison\1.3.7\jettison-1.3.7.jar;E:\1704A\repository\stax\stax-api\1.0.1\stax-api-1.0.1.jar;E:\1704A\repository\com\netflix\netflix-commons\netflix-eventbus\0.3.0\netflix-eventbus-0.3.0.jar;E:\1704A\repository\com\netflix\netflix-commons\netflix-infix\0.3.0\netflix-infix-0.3.0.jar;E:\1704A\repository\commons-jxpath\commons-jxpath\1.3\commons-jxpath-1.3.jar;E:\1704A\repository\joda-time\joda-time\2.9.9\joda-time-2.9.9.jar;E:\1704A\repository\org\antlr\antlr-runtime\3.4\antlr-runtime-3.4.jar;E:\1704A\repository\org\antlr\stringtemplate\3.2.1\stringtemplate-3.2.1.jar;E:\1704A\repository\com\google\code\gson\gson\2.8.2\gson-2.8.2.jar;E:\1704A\repository\org\apache\commons\commons-math\2.2\commons-math-2.2.jar;E:\1704A\repository\com\netflix\archaius\archaius-core\0.7.6\archaius-core-0.7.6.jar;E:\1704A\repository\javax\ws\rs\jsr311-api\1.1.1\jsr311-api-1.1.1.jar;E:\1704A\repository\com\netflix\servo\servo-core\0.12.21\servo-core-0.12.21.jar;E:\1704A\repository\com\sun\jersey\jersey-core\1.19.1\jersey-core-1.19.1.jar;E:\1704A\repository\com\sun\jersey\jersey-client\1.19.1\jersey-client-1.19.1.jar;E:\1704A\repository\com\sun\jersey\contribs\jersey-apache-client4\1.19.1\jersey-apache-client4-1.19.1.jar;E:\1704A\repository\com\google\inject\guice\4.1.0\guice-4.1.0.jar;E:\1704A\repository\javax\inject\javax.inject\1\javax.inject-1.jar;E:\1704A\repository\aopalliance\aopalliance\1.0\aopalliance-1.0.jar;E:\1704A\repository\com\github\vlsi\compactmap\compactmap\1.2.1\compactmap-1.2.1.jar;E:\1704A\repository\com\github\andrewoma\dexx\dexx-collections\0.2\dexx-collections-0.2.jar;E:\1704A\repository\com\fasterxml\jackson\core\jackson-annotations\2.9.0\jackson-annotations-2.9.0.jar;E:\1704A\repository\com\fasterxml\jackson\core\jackson-core\2.9.5\jackson-core-2.9.5.jar;E:\1704A\repository\com\netflix\eureka\eureka-core\1.9.3\eureka-core-1.9.3.jar;E:\1704A\repository\org\codehaus\woodstox\woodstox-core-asl\4.4.1\woodstox-core-asl-4.4.1.jar;E:\1704A\repository\javax\xml\stream\stax-api\1.0-2\stax-api-1.0-2.jar;E:\1704A\repository\org\codehaus\woodstox\stax2-api\3.1.4\stax2-api-3.1.4.jar;E:\1704A\repository\org\springframework\cloud\spring-cloud-starter-netflix-archaius\2.0.1.RELEASE\spring-cloud-starter-netflix-archaius-2.0.1.RELEASE.jar;E:\1704A\repository\org\springframework\cloud\spring-cloud-netflix-ribbon\2.0.1.RELEASE\spring-cloud-netflix-ribbon-2.0.1.RELEASE.jar;E:\1704A\repository\org\springframework\cloud\spring-cloud-netflix-archaius\2.0.1.RELEASE\spring-cloud-netflix-archaius-2.0.1.RELEASE.jar;E:\1704A\repository\commons-configuration\commons-configuration\1.8\commons-configuration-1.8.jar;E:\1704A\repository\commons-lang\commons-lang\2.6\commons-lang-2.6.jar;E:\1704A\repository\org\springframework\cloud\spring-cloud-starter-netflix-ribbon\2.0.1.RELEASE\spring-cloud-starter-netflix-ribbon-2.0.1.RELEASE.jar;E:\1704A\repository\com\netflix\ribbon\ribbon\2.2.5\ribbon-2.2.5.jar;E:\1704A\repository\com\netflix\ribbon\ribbon-transport\2.2.5\ribbon-transport-2.2.5.jar;E:\1704A\repository\io\reactivex\rxnetty-contexts\0.4.9\rxnetty-contexts-0.4.9.jar;E:\1704A\repository\io\reactivex\rxnetty-servo\0.4.9\rxnetty-servo-0.4.9.jar;E:\1704A\repository\io\reactivex\rxnetty\0.4.9\rxnetty-0.4.9.jar;E:\1704A\repository\io\netty\netty-codec-http\4.1.23.Final\netty-codec-http-4.1.23.Final.jar;E:\1704A\repository\io\netty\netty-codec\4.1.23.Final\netty-codec-4.1.23.Final.jar;E:\1704A\repository\io\netty\netty-transport-native-epoll\4.1.23.Final\netty-transport-native-epoll-4.1.23.Final.jar;E:\1704A\repository\io\netty\netty-common\4.1.23.Final\netty-common-4.1.23.Final.jar;E:\1704A\repository\io\netty\netty-buffer\4.1.23.Final\netty-buffer-4.1.23.Final.jar;E:\1704A\repository\io\netty\netty-transport-native-unix-common\4.1.23.Final\netty-transport-native-unix-common-4.1.23.Final.jar;E:\1704A\repository\io\netty\netty-transport\4.1.23.Final\netty-transport-4.1.23.Final.jar;E:\1704A\repository\io\netty\netty-resolver\4.1.23.Final\netty-resolver-4.1.23.Final.jar;E:\1704A\repository\com\netflix\ribbon\ribbon-core\2.2.5\ribbon-core-2.2.5.jar;E:\1704A\repository\com\netflix\ribbon\ribbon-httpclient\2.2.5\ribbon-httpclient-2.2.5.jar;E:\1704A\repository\commons-collections\commons-collections\3.2.2\commons-collections-3.2.2.jar;E:\1704A\repository\com\netflix\netflix-commons\netflix-commons-util\0.3.0\netflix-commons-util-0.3.0.jar;E:\1704A\repository\com\netflix\ribbon\ribbon-loadbalancer\2.2.5\ribbon-loadbalancer-2.2.5.jar;E:\1704A\repository\com\netflix\netflix-commons\netflix-statistics\0.1.1\netflix-statistics-0.1.1.jar;E:\1704A\repository\io\reactivex\rxjava\1.3.8\rxjava-1.3.8.jar;E:\1704A\repository\com\netflix\ribbon\ribbon-eureka\2.2.5\ribbon-eureka-2.2.5.jar;E:\1704A\repository\com\thoughtworks\xstream\xstream\1.4.10\xstream-1.4.10.jar;E:\1704A\repository\xmlpull\xmlpull\1.1.3.1\xmlpull-1.1.3.1.jar;E:\1704A\repository\xpp3\xpp3_min\1.1.4c\xpp3_min-1.1.4c.jar;E:\1704A\repository\org\springframework\cloud\spring-cloud-starter-openfeign\2.0.1.RELEASE\spring-cloud-starter-openfeign-2.0.1.RELEASE.jar;E:\1704A\repository\org\springframework\cloud\spring-cloud-openfeign-core\2.0.1.RELEASE\spring-cloud-openfeign-core-2.0.1.RELEASE.jar;E:\1704A\repository\org\springframework\cloud\spring-cloud-commons\2.0.1.RELEASE\spring-cloud-commons-2.0.1.RELEASE.jar;E:\1704A\repository\io\github\openfeign\feign-core\9.5.1\feign-core-9.5.1.jar;E:\1704A\repository\io\github\openfeign\feign-slf4j\9.5.1\feign-slf4j-9.5.1.jar;E:\1704A\repository\io\github\openfeign\feign-hystrix\9.5.1\feign-hystrix-9.5.1.jar;E:\1704A\repository\com\netflix\hystrix\hystrix-core\1.5.12\hystrix-core-1.5.12.jar;E:\1704A\repository\org\hdrhistogram\HdrHistogram\2.1.9\HdrHistogram-2.1.9.jar;E:\1704A\repository\io\github\openfeign\feign-java8\9.5.1\feign-java8-9.5.1.jar;E:\1704A\repository\com\netflix\feign\feign-okhttp\8.18.0\feign-okhttp-8.18.0.jar;E:\1704A\repository\com\netflix\feign\feign-core\8.18.0\feign-core-8.18.0.jar;E:\1704A\repository\org\jvnet\animal-sniffer-annotation\1.0\animal-sniffer-annotation-1.0.jar;"/>
    <property name="sun.cpu.endian" value="little"/>
    <property name="user.home" value="C:\Users\wangb"/>
    <property name="user.language" value="zh"/>
    <property name="java.specification.vendor" value="Oracle Corporation"/>
    <property name="java.home" value="C:\Program Files\Java\jdk1.8.0_91\jre"/>
    <property name="basedir" value="E:\1704A\hdServiceCode\nm-service-manage-course"/>
    <property name="file.separator" value="\"/>
    <property name="line.separator" value="&#10;"/>
    <property name="java.vm.specification.vendor" value="Oracle Corporation"/>
    <property name="java.specification.name" value="Java Platform API Specification"/>
    <property name="java.awt.graphicsenv" value="sun.awt.Win32GraphicsEnvironment"/>
    <property name="surefire.real.class.path" value="C:\Users\wangb\AppData\Local\Temp\surefire8359040626052298865\surefirebooter7147715406186341325.jar"/>
    <property name="sun.boot.class.path" value="C:\Program Files\Java\jdk1.8.0_91\jre\lib\resources.jar;C:\Program Files\Java\jdk1.8.0_91\jre\lib\rt.jar;C:\Program Files\Java\jdk1.8.0_91\jre\lib\sunrsasign.jar;C:\Program Files\Java\jdk1.8.0_91\jre\lib\jsse.jar;C:\Program Files\Java\jdk1.8.0_91\jre\lib\jce.jar;C:\Program Files\Java\jdk1.8.0_91\jre\lib\charsets.jar;C:\Program Files\Java\jdk1.8.0_91\jre\lib\jfr.jar;C:\Program Files\Java\jdk1.8.0_91\jre\classes"/>
    <property name="user.script" value=""/>
    <property name="sun.management.compiler" value="HotSpot 64-Bit Tiered Compilers"/>
    <property name="java.runtime.version" value="1.8.0_91-b14"/>
    <property name="user.name" value="wangb"/>
    <property name="path.separator" value=";"/>
    <property name="os.version" value="10.0"/>
    <property name="java.endorsed.dirs" value="C:\Program Files\Java\jdk1.8.0_91\jre\lib\endorsed"/>
    <property name="java.runtime.name" value="Java(TM) SE Runtime Environment"/>
    <property name="file.encoding" value="GBK"/>
    <property name="java.vm.name" value="Java HotSpot(TM) 64-Bit Server VM"/>
    <property name="localRepository" value="E:\1704A\repository"/>
    <property name="java.vendor.url.bug" value="http://bugreport.sun.com/bugreport/"/>
    <property name="java.io.tmpdir" value="C:\Users\wangb\AppData\Local\Temp\"/>
    <property name="idea.version" value="2017.1.2"/>
    <property name="java.version" value="1.8.0_91"/>
    <property name="user.dir" value="E:\1704A\hdServiceCode\nm-service-manage-course"/>
    <property name="os.arch" value="amd64"/>
    <property name="java.vm.specification.name" value="Java Virtual Machine Specification"/>
    <property name="java.awt.printerjob" value="sun.awt.windows.WPrinterJob"/>
    <property name="sun.os.patch.level" value=""/>
    <property name="java.library.path" value="C:\Program Files\Java\jdk1.8.0_91\jre\bin;C:\WINDOWS\Sun\Java\bin;C:\WINDOWS\system32;C:\WINDOWS;E:\app\wangb\product\11.2.0\dbhome_1\bin;E:\maven\apache-maven-3.6.1\bin;C:\Program Files\Java\jdk1.8.0_91\bin;C:\Program Files (x86)\Intel\iCLS Client\;C:\Program Files\Intel\iCLS Client\;C:\Windows\system32;C:\Windows;C:\Windows\System32\Wbem;C:\Windows\System32\WindowsPowerShell\v1.0\;C:\Program Files (x86)\NVIDIA Corporation\PhysX\Common;C:\Program Files (x86)\Intel\Intel(R) Management Engine Components\DAL;C:\Program Files\Intel\Intel(R) Management Engine Components\DAL;C:\Program Files (x86)\Intel\Intel(R) Management Engine Components\IPT;C:\Program Files\Intel\Intel(R) Management Engine Components\IPT;C:\WINDOWS\system32;C:\WINDOWS;C:\WINDOWS\System32\Wbem;C:\WINDOWS\System32\WindowsPowerShell\v1.0\;C:\WINDOWS\System32\OpenSSH\;C:\Program Files\MySQL\MySQL Server 5.5\bin;E:\nodejs\;E:\Git\cmd;E:\Mp4\ffmpeg-20180227-fa0c9d6-win64-static\bin;C:\Users\wangb\AppData\Local\Microsoft\WindowsApps;C:\Users\wangb\AppData\Roaming\npm;E:\Microsoft VS Code\bin;."/>
    <property name="java.vm.info" value="mixed mode"/>
    <property name="java.vendor" value="Oracle Corporation"/>
    <property name="java.vm.version" value="25.91-b14"/>
    <property name="java.ext.dirs" value="C:\Program Files\Java\jdk1.8.0_91\jre\lib\ext;C:\WINDOWS\Sun\Java\lib\ext"/>
    <property name="sun.io.unicode.encoding" value="UnicodeLittle"/>
    <property name="maven.repo.local" value="E:\1704A\repository"/>
    <property name="java.class.version" value="52.0"/>
  </properties>
  <testcase name="testFeign" classname="com.ningmeng.manage_course.dao.FeignTest" time="5.308">
    <error message="com.netflix.client.ClientException: Load balancer does not have available server for client: nm-service-manage-cms" type="java.lang.RuntimeException">java.lang.RuntimeException: com.netflix.client.ClientException: Load balancer does not have available server for client: nm-service-manage-cms
	at com.ningmeng.manage_course.dao.FeignTest.testFeign(FeignTest.java:22)
Caused by: com.netflix.client.ClientException: Load balancer does not have available server for client: nm-service-manage-cms
	at com.ningmeng.manage_course.dao.FeignTest.testFeign(FeignTest.java:22)
</error>
    <system-out><![CDATA[20:45:17.137 [main] DEBUG org.springframework.test.context.junit4.SpringJUnit4ClassRunner - SpringJUnit4ClassRunner constructor called with [class com.ningmeng.manage_course.dao.FeignTest]
20:45:17.144 [main] DEBUG org.springframework.test.context.BootstrapUtils - Instantiating CacheAwareContextLoaderDelegate from class [org.springframework.test.context.cache.DefaultCacheAwareContextLoaderDelegate]
20:45:17.155 [main] DEBUG org.springframework.test.context.BootstrapUtils - Instantiating BootstrapContext using constructor [public org.springframework.test.context.support.DefaultBootstrapContext(java.lang.Class,org.springframework.test.context.CacheAwareContextLoaderDelegate)]
20:45:17.174 [main] DEBUG org.springframework.test.context.BootstrapUtils - Instantiating TestContextBootstrapper for test class [com.ningmeng.manage_course.dao.FeignTest] from class [org.springframework.boot.test.context.SpringBootTestContextBootstrapper]
20:45:17.188 [main] INFO org.springframework.boot.test.context.SpringBootTestContextBootstrapper - Neither @ContextConfiguration nor @ContextHierarchy found for test class [com.ningmeng.manage_course.dao.FeignTest], using SpringBootContextLoader
20:45:17.192 [main] DEBUG org.springframework.test.context.support.AbstractContextLoader - Did not detect default resource location for test class [com.ningmeng.manage_course.dao.FeignTest]: class path resource [com/ningmeng/manage_course/dao/FeignTest-context.xml] does not exist
20:45:17.193 [main] DEBUG org.springframework.test.context.support.AbstractContextLoader - Did not detect default resource location for test class [com.ningmeng.manage_course.dao.FeignTest]: class path resource [com/ningmeng/manage_course/dao/FeignTestContext.groovy] does not exist
20:45:17.193 [main] INFO org.springframework.test.context.support.AbstractContextLoader - Could not detect default resource locations for test class [com.ningmeng.manage_course.dao.FeignTest]: no resource found for suffixes {-context.xml, Context.groovy}.
20:45:17.194 [main] INFO org.springframework.test.context.support.AnnotationConfigContextLoaderUtils - Could not detect default configuration classes for test class [com.ningmeng.manage_course.dao.FeignTest]: FeignTest does not declare any static, non-private, non-final, nested classes annotated with @Configuration.
20:45:17.239 [main] DEBUG org.springframework.test.context.support.ActiveProfilesUtils - Could not find an 'annotation declaring class' for annotation type [org.springframework.test.context.ActiveProfiles] and class [com.ningmeng.manage_course.dao.FeignTest]
20:45:17.250 [main] DEBUG org.springframework.core.env.StandardEnvironment - Adding PropertySource 'systemProperties' with lowest search precedence
20:45:17.250 [main] DEBUG org.springframework.core.env.StandardEnvironment - Adding PropertySource 'systemEnvironment' with lowest search precedence
20:45:17.251 [main] DEBUG org.springframework.core.env.StandardEnvironment - Initialized StandardEnvironment with PropertySources [MapPropertySource@1653844940 {name='systemProperties', properties={idea.version=2017.1.2, java.runtime.name=Java(TM) SE Runtime Environment, sun.boot.library.path=C:\Program Files\Java\jdk1.8.0_91\jre\bin, java.vm.version=25.91-b14, java.vm.vendor=Oracle Corporation, java.vendor.url=http://java.oracle.com/, path.separator=;, java.vm.name=Java HotSpot(TM) 64-Bit Server VM, file.encoding.pkg=sun.io, user.country=CN, user.script=, sun.java.launcher=SUN_STANDARD, sun.os.patch.level=, java.vm.specification.name=Java Virtual Machine Specification, user.dir=E:\1704A\hdServiceCode\nm-service-manage-course, java.runtime.version=1.8.0_91-b14, basedir=E:\1704A\hdServiceCode\nm-service-manage-course, java.awt.graphicsenv=sun.awt.Win32GraphicsEnvironment, java.endorsed.dirs=C:\Program Files\Java\jdk1.8.0_91\jre\lib\endorsed, os.arch=amd64, surefire.real.class.path=C:\Users\wangb\AppData\Local\Temp\surefire8359040626052298865\surefirebooter7147715406186341325.jar, java.io.tmpdir=C:\Users\wangb\AppData\Local\Temp\, line.separator=
, java.vm.specification.vendor=Oracle Corporation, user.variant=, os.name=Windows 10, sun.jnu.encoding=GBK, java.library.path=C:\Program Files\Java\jdk1.8.0_91\jre\bin;C:\WINDOWS\Sun\Java\bin;C:\WINDOWS\system32;C:\WINDOWS;E:\app\wangb\product\11.2.0\dbhome_1\bin;E:\maven\apache-maven-3.6.1\bin;C:\Program Files\Java\jdk1.8.0_91\bin;C:\Program Files (x86)\Intel\iCLS Client\;C:\Program Files\Intel\iCLS Client\;C:\Windows\system32;C:\Windows;C:\Windows\System32\Wbem;C:\Windows\System32\WindowsPowerShell\v1.0\;C:\Program Files (x86)\NVIDIA Corporation\PhysX\Common;C:\Program Files (x86)\Intel\Intel(R) Management Engine Components\DAL;C:\Program Files\Intel\Intel(R) Management Engine Components\DAL;C:\Program Files (x86)\Intel\Intel(R) Management Engine Components\IPT;C:\Program Files\Intel\Intel(R) Management Engine Components\IPT;C:\WINDOWS\system32;C:\WINDOWS;C:\WINDOWS\System32\Wbem;C:\WINDOWS\System32\WindowsPowerShell\v1.0\;C:\WINDOWS\System32\OpenSSH\;C:\Program Files\MySQL\MySQL Server 5.5\bin;E:\nodejs\;E:\Git\cmd;E:\Mp4\ffmpeg-20180227-fa0c9d6-win64-static\bin;C:\Users\wangb\AppData\Local\Microsoft\WindowsApps;C:\Users\wangb\AppData\Roaming\npm;E:\Microsoft VS Code\bin;., surefire.test.class.path=E:\1704A\hdServiceCode\nm-service-manage-course\target\test-classes;E:\1704A\hdServiceCode\nm-service-manage-course\target\classes;E:\1704A\repository\com\github\pagehelper\pagehelper-spring-boot-starter\1.2.4\pagehelper-spring-boot-starter-1.2.4.jar;E:\1704A\repository\org\springframework\boot\spring-boot-starter\2.0.1.RELEASE\spring-boot-starter-2.0.1.RELEASE.jar;E:\1704A\repository\org\springframework\boot\spring-boot\2.0.1.RELEASE\spring-boot-2.0.1.RELEASE.jar;E:\1704A\repository\javax\annotation\javax.annotation-api\1.3.2\javax.annotation-api-1.3.2.jar;E:\1704A\repository\org\yaml\snakeyaml\1.19\snakeyaml-1.19.jar;E:\1704A\repository\com\github\pagehelper\pagehelper-spring-boot-autoconfigure\1.2.4\pagehelper-spring-boot-autoconfigure-1.2.4.jar;E:\1704A\repository\com\github\pagehelper\pagehelper\5.1.3\pagehelper-5.1.3.jar;E:\1704A\repository\com\github\jsqlparser\jsqlparser\1.0\jsqlparser-1.0.jar;E:\1704A\hdServiceCode\nm-service-api\target\nm-service-api.jar;E:\1704A\repository\commons-fileupload\commons-fileupload\1.3.3\commons-fileupload-1.3.3.jar;E:\1704A\repository\io\springfox\springfox-swagger2\2.7.0\springfox-swagger2-2.7.0.jar;E:\1704A\repository\io\swagger\swagger-annotations\1.5.13\swagger-annotations-1.5.13.jar;E:\1704A\repository\io\swagger\swagger-models\1.5.13\swagger-models-1.5.13.jar;E:\1704A\repository\io\springfox\springfox-spi\2.7.0\springfox-spi-2.7.0.jar;E:\1704A\repository\io\springfox\springfox-core\2.7.0\springfox-core-2.7.0.jar;E:\1704A\repository\io\springfox\springfox-schema\2.7.0\springfox-schema-2.7.0.jar;E:\1704A\repository\io\springfox\springfox-swagger-common\2.7.0\springfox-swagger-common-2.7.0.jar;E:\1704A\repository\io\springfox\springfox-spring-web\2.7.0\springfox-spring-web-2.7.0.jar;E:\1704A\repository\org\reflections\reflections\0.9.11\reflections-0.9.11.jar;E:\1704A\repository\com\fasterxml\classmate\1.3.4\classmate-1.3.4.jar;E:\1704A\repository\org\springframework\plugin\spring-plugin-core\1.2.0.RELEASE\spring-plugin-core-1.2.0.RELEASE.jar;E:\1704A\repository\org\springframework\plugin\spring-plugin-metadata\1.2.0.RELEASE\spring-plugin-metadata-1.2.0.RELEASE.jar;E:\1704A\repository\org\mapstruct\mapstruct\1.1.0.Final\mapstruct-1.1.0.Final.jar;E:\1704A\repository\io\springfox\springfox-swagger-ui\2.7.0\springfox-swagger-ui-2.7.0.jar;E:\1704A\hdServiceCode\nm-framework-model\target\nm-framework-model.jar;E:\1704A\repository\org\projectlombok\lombok\1.16.16\lombok-1.16.16.jar;E:\1704A\repository\org\springframework\data\spring-data-commons\2.0.6.RELEASE\spring-data-commons-2.0.6.RELEASE.jar;E:\1704A\repository\org\springframework\data\spring-data-mongodb\2.0.6.RELEASE\spring-data-mongodb-2.0.6.RELEASE.jar;E:\1704A\repository\org\springframework\spring-context\5.0.5.RELEASE\spring-context-5.0.5.RELEASE.jar;E:\1704A\repository\org\springframework\spring-expression\5.0.5.RELEASE\spring-expression-5.0.5.RELEASE.jar;E:\1704A\repository\org\mongodb\mongo-java-driver\3.6.3\mongo-java-driver-3.6.3.jar;E:\1704A\repository\org\hibernate\hibernate-core\5.2.16.Final\hibernate-core-5.2.16.Final.jar;E:\1704A\repository\org\jboss\logging\jboss-logging\3.3.2.Final\jboss-logging-3.3.2.Final.jar;E:\1704A\repository\org\hibernate\javax\persistence\hibernate-jpa-2.1-api\1.0.0.Final\hibernate-jpa-2.1-api-1.0.0.Final.jar;E:\1704A\repository\org\javassist\javassist\3.22.0-GA\javassist-3.22.0-GA.jar;E:\1704A\repository\antlr\antlr\2.7.7\antlr-2.7.7.jar;E:\1704A\repository\org\jboss\spec\javax\transaction\jboss-transaction-api_1.2_spec\1.0.1.Final\jboss-transaction-api_1.2_spec-1.0.1.Final.jar;E:\1704A\repository\org\jboss\jandex\2.0.3.Final\jandex-2.0.3.Final.jar;E:\1704A\repository\dom4j\dom4j\1.6.1\dom4j-1.6.1.jar;E:\1704A\repository\org\hibernate\common\hibernate-commons-annotations\5.0.1.Final\hibernate-commons-annotations-5.0.1.Final.jar;E:\1704A\repository\com\google\guava\guava\24.0-jre\guava-24.0-jre.jar;E:\1704A\repository\com\google\code\findbugs\jsr305\1.3.9\jsr305-1.3.9.jar;E:\1704A\repository\org\checkerframework\checker-compat-qual\2.0.0\checker-compat-qual-2.0.0.jar;E:\1704A\repository\com\google\errorprone\error_prone_annotations\2.1.3\error_prone_annotations-2.1.3.jar;E:\1704A\repository\com\google\j2objc\j2objc-annotations\1.1\j2objc-annotations-1.1.jar;E:\1704A\repository\org\codehaus\mojo\animal-sniffer-annotations\1.14\animal-sniffer-annotations-1.14.jar;E:\1704A\hdServiceCode\nm-framework-utils\target\nm-framework-utils.jar;E:\1704A\repository\javax\servlet\javax.servlet-api\3.1.0\javax.servlet-api-3.1.0.jar;E:\1704A\repository\org\springframework\boot\spring-boot-starter-logging\2.0.1.RELEASE\spring-boot-starter-logging-2.0.1.RELEASE.jar;E:\1704A\repository\ch\qos\logback\logback-classic\1.2.3\logback-classic-1.2.3.jar;E:\1704A\repository\ch\qos\logback\logback-core\1.2.3\logback-core-1.2.3.jar;E:\1704A\repository\org\apache\logging\log4j\log4j-to-slf4j\2.10.0\log4j-to-slf4j-2.10.0.jar;E:\1704A\repository\org\apache\logging\log4j\log4j-api\2.10.0\log4j-api-2.10.0.jar;E:\1704A\repository\org\slf4j\jul-to-slf4j\1.7.25\jul-to-slf4j-1.7.25.jar;E:\1704A\repository\org\apache\httpcomponents\httpclient\4.5.5\httpclient-4.5.5.jar;E:\1704A\repository\org\apache\httpcomponents\httpcore\4.4.9\httpcore-4.4.9.jar;E:\1704A\repository\commons-codec\commons-codec\1.10\commons-codec-1.10.jar;E:\1704A\repository\net\lingala\zip4j\zip4j\1.3.1\zip4j-1.3.1.jar;E:\1704A\repository\org\springframework\security\spring-security-crypto\5.0.4.RELEASE\spring-security-crypto-5.0.4.RELEASE.jar;E:\1704A\repository\org\springframework\security\spring-security-jwt\1.0.8.RELEASE\spring-security-jwt-1.0.8.RELEASE.jar;E:\1704A\repository\org\bouncycastle\bcpkix-jdk15on\1.56\bcpkix-jdk15on-1.56.jar;E:\1704A\repository\org\bouncycastle\bcprov-jdk15on\1.56\bcprov-jdk15on-1.56.jar;E:\1704A\hdServiceCode\nm-framework-common\target\nm-framework-common.jar;E:\1704A\repository\org\springframework\spring-web\5.0.5.RELEASE\spring-web-5.0.5.RELEASE.jar;E:\1704A\repository\org\springframework\boot\spring-boot-starter-web\2.0.1.RELEASE\spring-boot-starter-web-2.0.1.RELEASE.jar;E:\1704A\repository\org\springframework\boot\spring-boot-starter-json\2.0.1.RELEASE\spring-boot-starter-json-2.0.1.RELEASE.jar;E:\1704A\repository\com\fasterxml\jackson\core\jackson-databind\2.9.5\jackson-databind-2.9.5.jar;E:\1704A\repository\com\fasterxml\jackson\datatype\jackson-datatype-jdk8\2.9.5\jackson-datatype-jdk8-2.9.5.jar;E:\1704A\repository\com\fasterxml\jackson\datatype\jackson-datatype-jsr310\2.9.5\jackson-datatype-jsr310-2.9.5.jar;E:\1704A\repository\com\fasterxml\jackson\module\jackson-module-parameter-names\2.9.5\jackson-module-parameter-names-2.9.5.jar;E:\1704A\repository\org\springframework\boot\spring-boot-starter-tomcat\2.0.1.RELEASE\spring-boot-starter-tomcat-2.0.1.RELEASE.jar;E:\1704A\repository\org\apache\tomcat\embed\tomcat-embed-core\8.5.28\tomcat-embed-core-8.5.28.jar;E:\1704A\repository\org\apache\tomcat\embed\tomcat-embed-el\8.5.28\tomcat-embed-el-8.5.28.jar;E:\1704A\repository\org\apache\tomcat\embed\tomcat-embed-websocket\8.5.28\tomcat-embed-websocket-8.5.28.jar;E:\1704A\repository\org\hibernate\validator\hibernate-validator\6.0.9.Final\hibernate-validator-6.0.9.Final.jar;E:\1704A\repository\javax\validation\validation-api\2.0.1.Final\validation-api-2.0.1.Final.jar;E:\1704A\repository\org\springframework\spring-webmvc\5.0.5.RELEASE\spring-webmvc-5.0.5.RELEASE.jar;E:\1704A\repository\org\springframework\spring-aop\5.0.5.RELEASE\spring-aop-5.0.5.RELEASE.jar;E:\1704A\repository\mysql\mysql-connector-java\5.1.40\mysql-connector-java-5.1.40.jar;E:\1704A\repository\com\alibaba\druid-spring-boot-starter\1.1.10\druid-spring-boot-starter-1.1.10.jar;E:\1704A\repository\com\alibaba\druid\1.1.6\druid-1.1.6.jar;E:\1704A\repository\org\slf4j\slf4j-api\1.7.25\slf4j-api-1.7.25.jar;E:\1704A\repository\org\springframework\boot\spring-boot-autoconfigure\2.0.1.RELEASE\spring-boot-autoconfigure-2.0.1.RELEASE.jar;E:\1704A\repository\org\mybatis\spring\boot\mybatis-spring-boot-starter\1.3.1\mybatis-spring-boot-starter-1.3.1.jar;E:\1704A\repository\org\springframework\boot\spring-boot-starter-jdbc\2.0.1.RELEASE\spring-boot-starter-jdbc-2.0.1.RELEASE.jar;E:\1704A\repository\com\zaxxer\HikariCP\2.7.8\HikariCP-2.7.8.jar;E:\1704A\repository\org\mybatis\spring\boot\mybatis-spring-boot-autoconfigure\1.3.1\mybatis-spring-boot-autoconfigure-1.3.1.jar;E:\1704A\repository\org\mybatis\mybatis\3.4.5\mybatis-3.4.5.jar;E:\1704A\repository\org\mybatis\mybatis-spring\1.3.1\mybatis-spring-1.3.1.jar;E:\1704A\repository\org\springframework\spring-orm\5.0.5.RELEASE\spring-orm-5.0.5.RELEASE.jar;E:\1704A\repository\org\springframework\spring-beans\5.0.5.RELEASE\spring-beans-5.0.5.RELEASE.jar;E:\1704A\repository\org\springframework\spring-core\5.0.5.RELEASE\spring-core-5.0.5.RELEASE.jar;E:\1704A\repository\org\springframework\spring-jcl\5.0.5.RELEASE\spring-jcl-5.0.5.RELEASE.jar;E:\1704A\repository\org\springframework\spring-jdbc\5.0.5.RELEASE\spring-jdbc-5.0.5.RELEASE.jar;E:\1704A\repository\org\springframework\spring-tx\5.0.5.RELEASE\spring-tx-5.0.5.RELEASE.jar;E:\1704A\repository\org\springframework\boot\spring-boot-starter-data-jpa\2.0.1.RELEASE\spring-boot-starter-data-jpa-2.0.1.RELEASE.jar;E:\1704A\repository\org\springframework\boot\spring-boot-starter-aop\2.0.1.RELEASE\spring-boot-starter-aop-2.0.1.RELEASE.jar;E:\1704A\repository\org\aspectj\aspectjweaver\1.8.13\aspectjweaver-1.8.13.jar;E:\1704A\repository\javax\transaction\javax.transaction-api\1.2\javax.transaction-api-1.2.jar;E:\1704A\repository\org\springframework\data\spring-data-jpa\2.0.6.RELEASE\spring-data-jpa-2.0.6.RELEASE.jar;E:\1704A\repository\org\springframework\spring-aspects\5.0.5.RELEASE\spring-aspects-5.0.5.RELEASE.jar;E:\1704A\repository\com\squareup\okhttp3\okhttp\3.9.1\okhttp-3.9.1.jar;E:\1704A\repository\com\squareup\okio\okio\1.13.0\okio-1.13.0.jar;E:\1704A\repository\com\alibaba\fastjson\1.2.30\fastjson-1.2.30.jar;E:\1704A\repository\commons-io\commons-io\2.6\commons-io-2.6.jar;E:\1704A\repository\org\apache\commons\commons-lang3\3.6\commons-lang3-3.6.jar;E:\1704A\repository\org\springframework\boot\spring-boot-starter-test\2.0.1.RELEASE\spring-boot-starter-test-2.0.1.RELEASE.jar;E:\1704A\repository\org\springframework\boot\spring-boot-test\2.0.1.RELEASE\spring-boot-test-2.0.1.RELEASE.jar;E:\1704A\repository\org\springframework\boot\spring-boot-test-autoconfigure\2.0.1.RELEASE\spring-boot-test-autoconfigure-2.0.1.RELEASE.jar;E:\1704A\repository\com\jayway\jsonpath\json-path\2.4.0\json-path-2.4.0.jar;E:\1704A\repository\net\minidev\json-smart\2.3\json-smart-2.3.jar;E:\1704A\repository\net\minidev\accessors-smart\1.2\accessors-smart-1.2.jar;E:\1704A\repository\org\ow2\asm\asm\5.0.4\asm-5.0.4.jar;E:\1704A\repository\junit\junit\4.12\junit-4.12.jar;E:\1704A\repository\org\assertj\assertj-core\3.9.1\assertj-core-3.9.1.jar;E:\1704A\repository\org\mockito\mockito-core\2.15.0\mockito-core-2.15.0.jar;E:\1704A\repository\net\bytebuddy\byte-buddy\1.7.11\byte-buddy-1.7.11.jar;E:\1704A\repository\net\bytebuddy\byte-buddy-agent\1.7.11\byte-buddy-agent-1.7.11.jar;E:\1704A\repository\org\objenesis\objenesis\2.6\objenesis-2.6.jar;E:\1704A\repository\org\hamcrest\hamcrest-core\1.3\hamcrest-core-1.3.jar;E:\1704A\repository\org\hamcrest\hamcrest-library\1.3\hamcrest-library-1.3.jar;E:\1704A\repository\org\skyscreamer\jsonassert\1.5.0\jsonassert-1.5.0.jar;E:\1704A\repository\com\vaadin\external\google\android-json\0.0.20131108.vaadin1\android-json-0.0.20131108.vaadin1.jar;E:\1704A\repository\org\springframework\spring-test\5.0.5.RELEASE\spring-test-5.0.5.RELEASE.jar;E:\1704A\repository\org\xmlunit\xmlunit-core\2.5.1\xmlunit-core-2.5.1.jar;E:\1704A\repository\org\springframework\cloud\spring-cloud-starter-netflix-eureka-client\2.0.1.RELEASE\spring-cloud-starter-netflix-eureka-client-2.0.1.RELEASE.jar;E:\1704A\repository\org\springframework\cloud\spring-cloud-starter\2.0.1.RELEASE\spring-cloud-starter-2.0.1.RELEASE.jar;E:\1704A\repository\org\springframework\cloud\spring-cloud-context\2.0.1.RELEASE\spring-cloud-context-2.0.1.RELEASE.jar;E:\1704A\repository\org\springframework\security\spring-security-rsa\1.0.5.RELEASE\spring-security-rsa-1.0.5.RELEASE.jar;E:\1704A\repository\org\springframework\cloud\spring-cloud-netflix-core\2.0.1.RELEASE\spring-cloud-netflix-core-2.0.1.RELEASE.jar;E:\1704A\repository\org\springframework\cloud\spring-cloud-netflix-eureka-client\2.0.1.RELEASE\spring-cloud-netflix-eureka-client-2.0.1.RELEASE.jar;E:\1704A\repository\com\netflix\eureka\eureka-client\1.9.3\eureka-client-1.9.3.jar;E:\1704A\repository\org\codehaus\jettison\jettison\1.3.7\jettison-1.3.7.jar;E:\1704A\repository\stax\stax-api\1.0.1\stax-api-1.0.1.jar;E:\1704A\repository\com\netflix\netflix-commons\netflix-eventbus\0.3.0\netflix-eventbus-0.3.0.jar;E:\1704A\repository\com\netflix\netflix-commons\netflix-infix\0.3.0\netflix-infix-0.3.0.jar;E:\1704A\repository\commons-jxpath\commons-jxpath\1.3\commons-jxpath-1.3.jar;E:\1704A\repository\joda-time\joda-time\2.9.9\joda-time-2.9.9.jar;E:\1704A\repository\org\antlr\antlr-runtime\3.4\antlr-runtime-3.4.jar;E:\1704A\repository\org\antlr\stringtemplate\3.2.1\stringtemplate-3.2.1.jar;E:\1704A\repository\com\google\code\gson\gson\2.8.2\gson-2.8.2.jar;E:\1704A\repository\org\apache\commons\commons-math\2.2\commons-math-2.2.jar;E:\1704A\repository\com\netflix\archaius\archaius-core\0.7.6\archaius-core-0.7.6.jar;E:\1704A\repository\javax\ws\rs\jsr311-api\1.1.1\jsr311-api-1.1.1.jar;E:\1704A\repository\com\netflix\servo\servo-core\0.12.21\servo-core-0.12.21.jar;E:\1704A\repository\com\sun\jersey\jersey-core\1.19.1\jersey-core-1.19.1.jar;E:\1704A\repository\com\sun\jersey\jersey-client\1.19.1\jersey-client-1.19.1.jar;E:\1704A\repository\com\sun\jersey\contribs\jersey-apache-client4\1.19.1\jersey-apache-client4-1.19.1.jar;E:\1704A\repository\com\google\inject\guice\4.1.0\guice-4.1.0.jar;E:\1704A\repository\javax\inject\javax.inject\1\javax.inject-1.jar;E:\1704A\repository\aopalliance\aopalliance\1.0\aopalliance-1.0.jar;E:\1704A\repository\com\github\vlsi\compactmap\compactmap\1.2.1\compactmap-1.2.1.jar;E:\1704A\repository\com\github\andrewoma\dexx\dexx-collections\0.2\dexx-collections-0.2.jar;E:\1704A\repository\com\fasterxml\jackson\core\jackson-annotations\2.9.0\jackson-annotations-2.9.0.jar;E:\1704A\repository\com\fasterxml\jackson\core\jackson-core\2.9.5\jackson-core-2.9.5.jar;E:\1704A\repository\com\netflix\eureka\eureka-core\1.9.3\eureka-core-1.9.3.jar;E:\1704A\repository\org\codehaus\woodstox\woodstox-core-asl\4.4.1\woodstox-core-asl-4.4.1.jar;E:\1704A\repository\javax\xml\stream\stax-api\1.0-2\stax-api-1.0-2.jar;E:\1704A\repository\org\codehaus\woodstox\stax2-api\3.1.4\stax2-api-3.1.4.jar;E:\1704A\repository\org\springframework\cloud\spring-cloud-starter-netflix-archaius\2.0.1.RELEASE\spring-cloud-starter-netflix-archaius-2.0.1.RELEASE.jar;E:\1704A\repository\org\springframework\cloud\spring-cloud-netflix-ribbon\2.0.1.RELEASE\spring-cloud-netflix-ribbon-2.0.1.RELEASE.jar;E:\1704A\repository\org\springframework\cloud\spring-cloud-netflix-archaius\2.0.1.RELEASE\spring-cloud-netflix-archaius-2.0.1.RELEASE.jar;E:\1704A\repository\commons-configuration\commons-configuration\1.8\commons-configuration-1.8.jar;E:\1704A\repository\commons-lang\commons-lang\2.6\commons-lang-2.6.jar;E:\1704A\repository\org\springframework\cloud\spring-cloud-starter-netflix-ribbon\2.0.1.RELEASE\spring-cloud-starter-netflix-ribbon-2.0.1.RELEASE.jar;E:\1704A\repository\com\netflix\ribbon\ribbon\2.2.5\ribbon-2.2.5.jar;E:\1704A\repository\com\netflix\ribbon\ribbon-transport\2.2.5\ribbon-transport-2.2.5.jar;E:\1704A\repository\io\reactivex\rxnetty-contexts\0.4.9\rxnetty-contexts-0.4.9.jar;E:\1704A\repository\io\reactivex\rxnetty-servo\0.4.9\rxnetty-servo-0.4.9.jar;E:\1704A\repository\io\reactivex\rxnetty\0.4.9\rxnetty-0.4.9.jar;E:\1704A\repository\io\netty\netty-codec-http\4.1.23.Final\netty-codec-http-4.1.23.Final.jar;E:\1704A\repository\io\netty\netty-codec\4.1.23.Final\netty-codec-4.1.23.Final.jar;E:\1704A\repository\io\netty\netty-transport-native-epoll\4.1.23.Final\netty-transport-native-epoll-4.1.23.Final.jar;E:\1704A\repository\io\netty\netty-common\4.1.23.Final\netty-common-4.1.23.Final.jar;E:\1704A\repository\io\netty\netty-buffer\4.1.23.Final\netty-buffer-4.1.23.Final.jar;E:\1704A\repository\io\netty\netty-transport-native-unix-common\4.1.23.Final\netty-transport-native-unix-common-4.1.23.Final.jar;E:\1704A\repository\io\netty\netty-transport\4.1.23.Final\netty-transport-4.1.23.Final.jar;E:\1704A\repository\io\netty\netty-resolver\4.1.23.Final\netty-resolver-4.1.23.Final.jar;E:\1704A\repository\com\netflix\ribbon\ribbon-core\2.2.5\ribbon-core-2.2.5.jar;E:\1704A\repository\com\netflix\ribbon\ribbon-httpclient\2.2.5\ribbon-httpclient-2.2.5.jar;E:\1704A\repository\commons-collections\commons-collections\3.2.2\commons-collections-3.2.2.jar;E:\1704A\repository\com\netflix\netflix-commons\netflix-commons-util\0.3.0\netflix-commons-util-0.3.0.jar;E:\1704A\repository\com\netflix\ribbon\ribbon-loadbalancer\2.2.5\ribbon-loadbalancer-2.2.5.jar;E:\1704A\repository\com\netflix\netflix-commons\netflix-statistics\0.1.1\netflix-statistics-0.1.1.jar;E:\1704A\repository\io\reactivex\rxjava\1.3.8\rxjava-1.3.8.jar;E:\1704A\repository\com\netflix\ribbon\ribbon-eureka\2.2.5\ribbon-eureka-2.2.5.jar;E:\1704A\repository\com\thoughtworks\xstream\xstream\1.4.10\xstream-1.4.10.jar;E:\1704A\repository\xmlpull\xmlpull\1.1.3.1\xmlpull-1.1.3.1.jar;E:\1704A\repository\xpp3\xpp3_min\1.1.4c\xpp3_min-1.1.4c.jar;E:\1704A\repository\org\springframework\cloud\spring-cloud-starter-openfeign\2.0.1.RELEASE\spring-cloud-starter-openfeign-2.0.1.RELEASE.jar;E:\1704A\repository\org\springframework\cloud\spring-cloud-openfeign-core\2.0.1.RELEASE\spring-cloud-openfeign-core-2.0.1.RELEASE.jar;E:\1704A\repository\org\springframework\cloud\spring-cloud-commons\2.0.1.RELEASE\spring-cloud-commons-2.0.1.RELEASE.jar;E:\1704A\repository\io\github\openfeign\feign-core\9.5.1\feign-core-9.5.1.jar;E:\1704A\repository\io\github\openfeign\feign-slf4j\9.5.1\feign-slf4j-9.5.1.jar;E:\1704A\repository\io\github\openfeign\feign-hystrix\9.5.1\feign-hystrix-9.5.1.jar;E:\1704A\repository\com\netflix\hystrix\hystrix-core\1.5.12\hystrix-core-1.5.12.jar;E:\1704A\repository\org\hdrhistogram\HdrHistogram\2.1.9\HdrHistogram-2.1.9.jar;E:\1704A\repository\io\github\openfeign\feign-java8\9.5.1\feign-java8-9.5.1.jar;E:\1704A\repository\com\netflix\feign\feign-okhttp\8.18.0\feign-okhttp-8.18.0.jar;E:\1704A\repository\com\netflix\feign\feign-core\8.18.0\feign-core-8.18.0.jar;E:\1704A\repository\org\jvnet\animal-sniffer-annotation\1.0\animal-sniffer-annotation-1.0.jar;, java.specification.name=Java Platform API Specification, java.class.version=52.0, sun.management.compiler=HotSpot 64-Bit Tiered Compilers, maven.repo.local=E:\1704A\repository, os.version=10.0, user.home=C:\Users\wangb, user.timezone=Asia/Shanghai, java.awt.printerjob=sun.awt.windows.WPrinterJob, file.encoding=GBK, java.specification.version=1.8, java.class.path=E:\1704A\hdServiceCode\nm-service-manage-course\target\test-classes;E:\1704A\hdServiceCode\nm-service-manage-course\target\classes;E:\1704A\repository\com\github\pagehelper\pagehelper-spring-boot-starter\1.2.4\pagehelper-spring-boot-starter-1.2.4.jar;E:\1704A\repository\org\springframework\boot\spring-boot-starter\2.0.1.RELEASE\spring-boot-starter-2.0.1.RELEASE.jar;E:\1704A\repository\org\springframework\boot\spring-boot\2.0.1.RELEASE\spring-boot-2.0.1.RELEASE.jar;E:\1704A\repository\javax\annotation\javax.annotation-api\1.3.2\javax.annotation-api-1.3.2.jar;E:\1704A\repository\org\yaml\snakeyaml\1.19\snakeyaml-1.19.jar;E:\1704A\repository\com\github\pagehelper\pagehelper-spring-boot-autoconfigure\1.2.4\pagehelper-spring-boot-autoconfigure-1.2.4.jar;E:\1704A\repository\com\github\pagehelper\pagehelper\5.1.3\pagehelper-5.1.3.jar;E:\1704A\repository\com\github\jsqlparser\jsqlparser\1.0\jsqlparser-1.0.jar;E:\1704A\hdServiceCode\nm-service-api\target\nm-service-api.jar;E:\1704A\repository\commons-fileupload\commons-fileupload\1.3.3\commons-fileupload-1.3.3.jar;E:\1704A\repository\io\springfox\springfox-swagger2\2.7.0\springfox-swagger2-2.7.0.jar;E:\1704A\repository\io\swagger\swagger-annotations\1.5.13\swagger-annotations-1.5.13.jar;E:\1704A\repository\io\swagger\swagger-models\1.5.13\swagger-models-1.5.13.jar;E:\1704A\repository\io\springfox\springfox-spi\2.7.0\springfox-spi-2.7.0.jar;E:\1704A\repository\io\springfox\springfox-core\2.7.0\springfox-core-2.7.0.jar;E:\1704A\repository\io\springfox\springfox-schema\2.7.0\springfox-schema-2.7.0.jar;E:\1704A\repository\io\springfox\springfox-swagger-common\2.7.0\springfox-swagger-common-2.7.0.jar;E:\1704A\repository\io\springfox\springfox-spring-web\2.7.0\springfox-spring-web-2.7.0.jar;E:\1704A\repository\org\reflections\reflections\0.9.11\reflections-0.9.11.jar;E:\1704A\repository\com\fasterxml\classmate\1.3.4\classmate-1.3.4.jar;E:\1704A\repository\org\springframework\plugin\spring-plugin-core\1.2.0.RELEASE\spring-plugin-core-1.2.0.RELEASE.jar;E:\1704A\repository\org\springframework\plugin\spring-plugin-metadata\1.2.0.RELEASE\spring-plugin-metadata-1.2.0.RELEASE.jar;E:\1704A\repository\org\mapstruct\mapstruct\1.1.0.Final\mapstruct-1.1.0.Final.jar;E:\1704A\repository\io\springfox\springfox-swagger-ui\2.7.0\springfox-swagger-ui-2.7.0.jar;E:\1704A\hdServiceCode\nm-framework-model\target\nm-framework-model.jar;E:\1704A\repository\org\projectlombok\lombok\1.16.16\lombok-1.16.16.jar;E:\1704A\repository\org\springframework\data\spring-data-commons\2.0.6.RELEASE\spring-data-commons-2.0.6.RELEASE.jar;E:\1704A\repository\org\springframework\data\spring-data-mongodb\2.0.6.RELEASE\spring-data-mongodb-2.0.6.RELEASE.jar;E:\1704A\repository\org\springframework\spring-context\5.0.5.RELEASE\spring-context-5.0.5.RELEASE.jar;E:\1704A\repository\org\springframework\spring-expression\5.0.5.RELEASE\spring-expression-5.0.5.RELEASE.jar;E:\1704A\repository\org\mongodb\mongo-java-driver\3.6.3\mongo-java-driver-3.6.3.jar;E:\1704A\repository\org\hibernate\hibernate-core\5.2.16.Final\hibernate-core-5.2.16.Final.jar;E:\1704A\repository\org\jboss\logging\jboss-logging\3.3.2.Final\jboss-logging-3.3.2.Final.jar;E:\1704A\repository\org\hibernate\javax\persistence\hibernate-jpa-2.1-api\1.0.0.Final\hibernate-jpa-2.1-api-1.0.0.Final.jar;E:\1704A\repository\org\javassist\javassist\3.22.0-GA\javassist-3.22.0-GA.jar;E:\1704A\repository\antlr\antlr\2.7.7\antlr-2.7.7.jar;E:\1704A\repository\org\jboss\spec\javax\transaction\jboss-transaction-api_1.2_spec\1.0.1.Final\jboss-transaction-api_1.2_spec-1.0.1.Final.jar;E:\1704A\repository\org\jboss\jandex\2.0.3.Final\jandex-2.0.3.Final.jar;E:\1704A\repository\dom4j\dom4j\1.6.1\dom4j-1.6.1.jar;E:\1704A\repository\org\hibernate\common\hibernate-commons-annotations\5.0.1.Final\hibernate-commons-annotations-5.0.1.Final.jar;E:\1704A\repository\com\google\guava\guava\24.0-jre\guava-24.0-jre.jar;E:\1704A\repository\com\google\code\findbugs\jsr305\1.3.9\jsr305-1.3.9.jar;E:\1704A\repository\org\checkerframework\checker-compat-qual\2.0.0\checker-compat-qual-2.0.0.jar;E:\1704A\repository\com\google\errorprone\error_prone_annotations\2.1.3\error_prone_annotations-2.1.3.jar;E:\1704A\repository\com\google\j2objc\j2objc-annotations\1.1\j2objc-annotations-1.1.jar;E:\1704A\repository\org\codehaus\mojo\animal-sniffer-annotations\1.14\animal-sniffer-annotations-1.14.jar;E:\1704A\hdServiceCode\nm-framework-utils\target\nm-framework-utils.jar;E:\1704A\repository\javax\servlet\javax.servlet-api\3.1.0\javax.servlet-api-3.1.0.jar;E:\1704A\repository\org\springframework\boot\spring-boot-starter-logging\2.0.1.RELEASE\spring-boot-starter-logging-2.0.1.RELEASE.jar;E:\1704A\repository\ch\qos\logback\logback-classic\1.2.3\logback-classic-1.2.3.jar;E:\1704A\repository\ch\qos\logback\logback-core\1.2.3\logback-core-1.2.3.jar;E:\1704A\repository\org\apache\logging\log4j\log4j-to-slf4j\2.10.0\log4j-to-slf4j-2.10.0.jar;E:\1704A\repository\org\apache\logging\log4j\log4j-api\2.10.0\log4j-api-2.10.0.jar;E:\1704A\repository\org\slf4j\jul-to-slf4j\1.7.25\jul-to-slf4j-1.7.25.jar;E:\1704A\repository\org\apache\httpcomponents\httpclient\4.5.5\httpclient-4.5.5.jar;E:\1704A\repository\org\apache\httpcomponents\httpcore\4.4.9\httpcore-4.4.9.jar;E:\1704A\repository\commons-codec\commons-codec\1.10\commons-codec-1.10.jar;E:\1704A\repository\net\lingala\zip4j\zip4j\1.3.1\zip4j-1.3.1.jar;E:\1704A\repository\org\springframework\security\spring-security-crypto\5.0.4.RELEASE\spring-security-crypto-5.0.4.RELEASE.jar;E:\1704A\repository\org\springframework\security\spring-security-jwt\1.0.8.RELEASE\spring-security-jwt-1.0.8.RELEASE.jar;E:\1704A\repository\org\bouncycastle\bcpkix-jdk15on\1.56\bcpkix-jdk15on-1.56.jar;E:\1704A\repository\org\bouncycastle\bcprov-jdk15on\1.56\bcprov-jdk15on-1.56.jar;E:\1704A\hdServiceCode\nm-framework-common\target\nm-framework-common.jar;E:\1704A\repository\org\springframework\spring-web\5.0.5.RELEASE\spring-web-5.0.5.RELEASE.jar;E:\1704A\repository\org\springframework\boot\spring-boot-starter-web\2.0.1.RELEASE\spring-boot-starter-web-2.0.1.RELEASE.jar;E:\1704A\repository\org\springframework\boot\spring-boot-starter-json\2.0.1.RELEASE\spring-boot-starter-json-2.0.1.RELEASE.jar;E:\1704A\repository\com\fasterxml\jackson\core\jackson-databind\2.9.5\jackson-databind-2.9.5.jar;E:\1704A\repository\com\fasterxml\jackson\datatype\jackson-datatype-jdk8\2.9.5\jackson-datatype-jdk8-2.9.5.jar;E:\1704A\repository\com\fasterxml\jackson\datatype\jackson-datatype-jsr310\2.9.5\jackson-datatype-jsr310-2.9.5.jar;E:\1704A\repository\com\fasterxml\jackson\module\jackson-module-parameter-names\2.9.5\jackson-module-parameter-names-2.9.5.jar;E:\1704A\repository\org\springframework\boot\spring-boot-starter-tomcat\2.0.1.RELEASE\spring-boot-starter-tomcat-2.0.1.RELEASE.jar;E:\1704A\repository\org\apache\tomcat\embed\tomcat-embed-core\8.5.28\tomcat-embed-core-8.5.28.jar;E:\1704A\repository\org\apache\tomcat\embed\tomcat-embed-el\8.5.28\tomcat-embed-el-8.5.28.jar;E:\1704A\repository\org\apache\tomcat\embed\tomcat-embed-websocket\8.5.28\tomcat-embed-websocket-8.5.28.jar;E:\1704A\repository\org\hibernate\validator\hibernate-validator\6.0.9.Final\hibernate-validator-6.0.9.Final.jar;E:\1704A\repository\javax\validation\validation-api\2.0.1.Final\validation-api-2.0.1.Final.jar;E:\1704A\repository\org\springframework\spring-webmvc\5.0.5.RELEASE\spring-webmvc-5.0.5.RELEASE.jar;E:\1704A\repository\org\springframework\spring-aop\5.0.5.RELEASE\spring-aop-5.0.5.RELEASE.jar;E:\1704A\repository\mysql\mysql-connector-java\5.1.40\mysql-connector-java-5.1.40.jar;E:\1704A\repository\com\alibaba\druid-spring-boot-starter\1.1.10\druid-spring-boot-starter-1.1.10.jar;E:\1704A\repository\com\alibaba\druid\1.1.6\druid-1.1.6.jar;E:\1704A\repository\org\slf4j\slf4j-api\1.7.25\slf4j-api-1.7.25.jar;E:\1704A\repository\org\springframework\boot\spring-boot-autoconfigure\2.0.1.RELEASE\spring-boot-autoconfigure-2.0.1.RELEASE.jar;E:\1704A\repository\org\mybatis\spring\boot\mybatis-spring-boot-starter\1.3.1\mybatis-spring-boot-starter-1.3.1.jar;E:\1704A\repository\org\springframework\boot\spring-boot-starter-jdbc\2.0.1.RELEASE\spring-boot-starter-jdbc-2.0.1.RELEASE.jar;E:\1704A\repository\com\zaxxer\HikariCP\2.7.8\HikariCP-2.7.8.jar;E:\1704A\repository\org\mybatis\spring\boot\mybatis-spring-boot-autoconfigure\1.3.1\mybatis-spring-boot-autoconfigure-1.3.1.jar;E:\1704A\repository\org\mybatis\mybatis\3.4.5\mybatis-3.4.5.jar;E:\1704A\repository\org\mybatis\mybatis-spring\1.3.1\mybatis-spring-1.3.1.jar;E:\1704A\repository\org\springframework\spring-orm\5.0.5.RELEASE\spring-orm-5.0.5.RELEASE.jar;E:\1704A\repository\org\springframework\spring-beans\5.0.5.RELEASE\spring-beans-5.0.5.RELEASE.jar;E:\1704A\repository\org\springframework\spring-core\5.0.5.RELEASE\spring-core-5.0.5.RELEASE.jar;E:\1704A\repository\org\springframework\spring-jcl\5.0.5.RELEASE\spring-jcl-5.0.5.RELEASE.jar;E:\1704A\repository\org\springframework\spring-jdbc\5.0.5.RELEASE\spring-jdbc-5.0.5.RELEASE.jar;E:\1704A\repository\org\springframework\spring-tx\5.0.5.RELEASE\spring-tx-5.0.5.RELEASE.jar;E:\1704A\repository\org\springframework\boot\spring-boot-starter-data-jpa\2.0.1.RELEASE\spring-boot-starter-data-jpa-2.0.1.RELEASE.jar;E:\1704A\repository\org\springframework\boot\spring-boot-starter-aop\2.0.1.RELEASE\spring-boot-starter-aop-2.0.1.RELEASE.jar;E:\1704A\repository\org\aspectj\aspectjweaver\1.8.13\aspectjweaver-1.8.13.jar;E:\1704A\repository\javax\transaction\javax.transaction-api\1.2\javax.transaction-api-1.2.jar;E:\1704A\repository\org\springframework\data\spring-data-jpa\2.0.6.RELEASE\spring-data-jpa-2.0.6.RELEASE.jar;E:\1704A\repository\org\springframework\spring-aspects\5.0.5.RELEASE\spring-aspects-5.0.5.RELEASE.jar;E:\1704A\repository\com\squareup\okhttp3\okhttp\3.9.1\okhttp-3.9.1.jar;E:\1704A\repository\com\squareup\okio\okio\1.13.0\okio-1.13.0.jar;E:\1704A\repository\com\alibaba\fastjson\1.2.30\fastjson-1.2.30.jar;E:\1704A\repository\commons-io\commons-io\2.6\commons-io-2.6.jar;E:\1704A\repository\org\apache\commons\commons-lang3\3.6\commons-lang3-3.6.jar;E:\1704A\repository\org\springframework\boot\spring-boot-starter-test\2.0.1.RELEASE\spring-boot-starter-test-2.0.1.RELEASE.jar;E:\1704A\repository\org\springframework\boot\spring-boot-test\2.0.1.RELEASE\spring-boot-test-2.0.1.RELEASE.jar;E:\1704A\repository\org\springframework\boot\spring-boot-test-autoconfigure\2.0.1.RELEASE\spring-boot-test-autoconfigure-2.0.1.RELEASE.jar;E:\1704A\repository\com\jayway\jsonpath\json-path\2.4.0\json-path-2.4.0.jar;E:\1704A\repository\net\minidev\json-smart\2.3\json-smart-2.3.jar;E:\1704A\repository\net\minidev\accessors-smart\1.2\accessors-smart-1.2.jar;E:\1704A\repository\org\ow2\asm\asm\5.0.4\asm-5.0.4.jar;E:\1704A\repository\junit\junit\4.12\junit-4.12.jar;E:\1704A\repository\org\assertj\assertj-core\3.9.1\assertj-core-3.9.1.jar;E:\1704A\repository\org\mockito\mockito-core\2.15.0\mockito-core-2.15.0.jar;E:\1704A\repository\net\bytebuddy\byte-buddy\1.7.11\byte-buddy-1.7.11.jar;E:\1704A\repository\net\bytebuddy\byte-buddy-agent\1.7.11\byte-buddy-agent-1.7.11.jar;E:\1704A\repository\org\objenesis\objenesis\2.6\objenesis-2.6.jar;E:\1704A\repository\org\hamcrest\hamcrest-core\1.3\hamcrest-core-1.3.jar;E:\1704A\repository\org\hamcrest\hamcrest-library\1.3\hamcrest-library-1.3.jar;E:\1704A\repository\org\skyscreamer\jsonassert\1.5.0\jsonassert-1.5.0.jar;E:\1704A\repository\com\vaadin\external\google\android-json\0.0.20131108.vaadin1\android-json-0.0.20131108.vaadin1.jar;E:\1704A\repository\org\springframework\spring-test\5.0.5.RELEASE\spring-test-5.0.5.RELEASE.jar;E:\1704A\repository\org\xmlunit\xmlunit-core\2.5.1\xmlunit-core-2.5.1.jar;E:\1704A\repository\org\springframework\cloud\spring-cloud-starter-netflix-eureka-client\2.0.1.RELEASE\spring-cloud-starter-netflix-eureka-client-2.0.1.RELEASE.jar;E:\1704A\repository\org\springframework\cloud\spring-cloud-starter\2.0.1.RELEASE\spring-cloud-starter-2.0.1.RELEASE.jar;E:\1704A\repository\org\springframework\cloud\spring-cloud-context\2.0.1.RELEASE\spring-cloud-context-2.0.1.RELEASE.jar;E:\1704A\repository\org\springframework\security\spring-security-rsa\1.0.5.RELEASE\spring-security-rsa-1.0.5.RELEASE.jar;E:\1704A\repository\org\springframework\cloud\spring-cloud-netflix-core\2.0.1.RELEASE\spring-cloud-netflix-core-2.0.1.RELEASE.jar;E:\1704A\repository\org\springframework\cloud\spring-cloud-netflix-eureka-client\2.0.1.RELEASE\spring-cloud-netflix-eureka-client-2.0.1.RELEASE.jar;E:\1704A\repository\com\netflix\eureka\eureka-client\1.9.3\eureka-client-1.9.3.jar;E:\1704A\repository\org\codehaus\jettison\jettison\1.3.7\jettison-1.3.7.jar;E:\1704A\repository\stax\stax-api\1.0.1\stax-api-1.0.1.jar;E:\1704A\repository\com\netflix\netflix-commons\netflix-eventbus\0.3.0\netflix-eventbus-0.3.0.jar;E:\1704A\repository\com\netflix\netflix-commons\netflix-infix\0.3.0\netflix-infix-0.3.0.jar;E:\1704A\repository\commons-jxpath\commons-jxpath\1.3\commons-jxpath-1.3.jar;E:\1704A\repository\joda-time\joda-time\2.9.9\joda-time-2.9.9.jar;E:\1704A\repository\org\antlr\antlr-runtime\3.4\antlr-runtime-3.4.jar;E:\1704A\repository\org\antlr\stringtemplate\3.2.1\stringtemplate-3.2.1.jar;E:\1704A\repository\com\google\code\gson\gson\2.8.2\gson-2.8.2.jar;E:\1704A\repository\org\apache\commons\commons-math\2.2\commons-math-2.2.jar;E:\1704A\repository\com\netflix\archaius\archaius-core\0.7.6\archaius-core-0.7.6.jar;E:\1704A\repository\javax\ws\rs\jsr311-api\1.1.1\jsr311-api-1.1.1.jar;E:\1704A\repository\com\netflix\servo\servo-core\0.12.21\servo-core-0.12.21.jar;E:\1704A\repository\com\sun\jersey\jersey-core\1.19.1\jersey-core-1.19.1.jar;E:\1704A\repository\com\sun\jersey\jersey-client\1.19.1\jersey-client-1.19.1.jar;E:\1704A\repository\com\sun\jersey\contribs\jersey-apache-client4\1.19.1\jersey-apache-client4-1.19.1.jar;E:\1704A\repository\com\google\inject\guice\4.1.0\guice-4.1.0.jar;E:\1704A\repository\javax\inject\javax.inject\1\javax.inject-1.jar;E:\1704A\repository\aopalliance\aopalliance\1.0\aopalliance-1.0.jar;E:\1704A\repository\com\github\vlsi\compactmap\compactmap\1.2.1\compactmap-1.2.1.jar;E:\1704A\repository\com\github\andrewoma\dexx\dexx-collections\0.2\dexx-collections-0.2.jar;E:\1704A\repository\com\fasterxml\jackson\core\jackson-annotations\2.9.0\jackson-annotations-2.9.0.jar;E:\1704A\repository\com\fasterxml\jackson\core\jackson-core\2.9.5\jackson-core-2.9.5.jar;E:\1704A\repository\com\netflix\eureka\eureka-core\1.9.3\eureka-core-1.9.3.jar;E:\1704A\repository\org\codehaus\woodstox\woodstox-core-asl\4.4.1\woodstox-core-asl-4.4.1.jar;E:\1704A\repository\javax\xml\stream\stax-api\1.0-2\stax-api-1.0-2.jar;E:\1704A\repository\org\codehaus\woodstox\stax2-api\3.1.4\stax2-api-3.1.4.jar;E:\1704A\repository\org\springframework\cloud\spring-cloud-starter-netflix-archaius\2.0.1.RELEASE\spring-cloud-starter-netflix-archaius-2.0.1.RELEASE.jar;E:\1704A\repository\org\springframework\cloud\spring-cloud-netflix-ribbon\2.0.1.RELEASE\spring-cloud-netflix-ribbon-2.0.1.RELEASE.jar;E:\1704A\repository\org\springframework\cloud\spring-cloud-netflix-archaius\2.0.1.RELEASE\spring-cloud-netflix-archaius-2.0.1.RELEASE.jar;E:\1704A\repository\commons-configuration\commons-configuration\1.8\commons-configuration-1.8.jar;E:\1704A\repository\commons-lang\commons-lang\2.6\commons-lang-2.6.jar;E:\1704A\repository\org\springframework\cloud\spring-cloud-starter-netflix-ribbon\2.0.1.RELEASE\spring-cloud-starter-netflix-ribbon-2.0.1.RELEASE.jar;E:\1704A\repository\com\netflix\ribbon\ribbon\2.2.5\ribbon-2.2.5.jar;E:\1704A\repository\com\netflix\ribbon\ribbon-transport\2.2.5\ribbon-transport-2.2.5.jar;E:\1704A\repository\io\reactivex\rxnetty-contexts\0.4.9\rxnetty-contexts-0.4.9.jar;E:\1704A\repository\io\reactivex\rxnetty-servo\0.4.9\rxnetty-servo-0.4.9.jar;E:\1704A\repository\io\reactivex\rxnetty\0.4.9\rxnetty-0.4.9.jar;E:\1704A\repository\io\netty\netty-codec-http\4.1.23.Final\netty-codec-http-4.1.23.Final.jar;E:\1704A\repository\io\netty\netty-codec\4.1.23.Final\netty-codec-4.1.23.Final.jar;E:\1704A\repository\io\netty\netty-transport-native-epoll\4.1.23.Final\netty-transport-native-epoll-4.1.23.Final.jar;E:\1704A\repository\io\netty\netty-common\4.1.23.Final\netty-common-4.1.23.Final.jar;E:\1704A\repository\io\netty\netty-buffer\4.1.23.Final\netty-buffer-4.1.23.Final.jar;E:\1704A\repository\io\netty\netty-transport-native-unix-common\4.1.23.Final\netty-transport-native-unix-common-4.1.23.Final.jar;E:\1704A\repository\io\netty\netty-transport\4.1.23.Final\netty-transport-4.1.23.Final.jar;E:\1704A\repository\io\netty\netty-resolver\4.1.23.Final\netty-resolver-4.1.23.Final.jar;E:\1704A\repository\com\netflix\ribbon\ribbon-core\2.2.5\ribbon-core-2.2.5.jar;E:\1704A\repository\com\netflix\ribbon\ribbon-httpclient\2.2.5\ribbon-httpclient-2.2.5.jar;E:\1704A\repository\commons-collections\commons-collections\3.2.2\commons-collections-3.2.2.jar;E:\1704A\repository\com\netflix\netflix-commons\netflix-commons-util\0.3.0\netflix-commons-util-0.3.0.jar;E:\1704A\repository\com\netflix\ribbon\ribbon-loadbalancer\2.2.5\ribbon-loadbalancer-2.2.5.jar;E:\1704A\repository\com\netflix\netflix-commons\netflix-statistics\0.1.1\netflix-statistics-0.1.1.jar;E:\1704A\repository\io\reactivex\rxjava\1.3.8\rxjava-1.3.8.jar;E:\1704A\repository\com\netflix\ribbon\ribbon-eureka\2.2.5\ribbon-eureka-2.2.5.jar;E:\1704A\repository\com\thoughtworks\xstream\xstream\1.4.10\xstream-1.4.10.jar;E:\1704A\repository\xmlpull\xmlpull\1.1.3.1\xmlpull-1.1.3.1.jar;E:\1704A\repository\xpp3\xpp3_min\1.1.4c\xpp3_min-1.1.4c.jar;E:\1704A\repository\org\springframework\cloud\spring-cloud-starter-openfeign\2.0.1.RELEASE\spring-cloud-starter-openfeign-2.0.1.RELEASE.jar;E:\1704A\repository\org\springframework\cloud\spring-cloud-openfeign-core\2.0.1.RELEASE\spring-cloud-openfeign-core-2.0.1.RELEASE.jar;E:\1704A\repository\org\springframework\cloud\spring-cloud-commons\2.0.1.RELEASE\spring-cloud-commons-2.0.1.RELEASE.jar;E:\1704A\repository\io\github\openfeign\feign-core\9.5.1\feign-core-9.5.1.jar;E:\1704A\repository\io\github\openfeign\feign-slf4j\9.5.1\feign-slf4j-9.5.1.jar;E:\1704A\repository\io\github\openfeign\feign-hystrix\9.5.1\feign-hystrix-9.5.1.jar;E:\1704A\repository\com\netflix\hystrix\hystrix-core\1.5.12\hystrix-core-1.5.12.jar;E:\1704A\repository\org\hdrhistogram\HdrHistogram\2.1.9\HdrHistogram-2.1.9.jar;E:\1704A\repository\io\github\openfeign\feign-java8\9.5.1\feign-java8-9.5.1.jar;E:\1704A\repository\com\netflix\feign\feign-okhttp\8.18.0\feign-okhttp-8.18.0.jar;E:\1704A\repository\com\netflix\feign\feign-core\8.18.0\feign-core-8.18.0.jar;E:\1704A\repository\org\jvnet\animal-sniffer-annotation\1.0\animal-sniffer-annotation-1.0.jar;, user.name=wangb, java.vm.specification.version=1.8, sun.java.command=C:\Users\wangb\AppData\Local\Temp\surefire8359040626052298865\surefirebooter7147715406186341325.jar C:\Users\wangb\AppData\Local\Temp\surefire8359040626052298865 2020-03-09T20-44-46_260-jvmRun1 surefire1835119734498572997tmp surefire_16448304995619269847tmp, java.home=C:\Program Files\Java\jdk1.8.0_91\jre, sun.arch.data.model=64, user.language=zh, java.specification.vendor=Oracle Corporation, awt.toolkit=sun.awt.windows.WToolkit, java.vm.info=mixed mode, java.version=1.8.0_91, java.ext.dirs=C:\Program Files\Java\jdk1.8.0_91\jre\lib\ext;C:\WINDOWS\Sun\Java\lib\ext, sun.boot.class.path=C:\Program Files\Java\jdk1.8.0_91\jre\lib\resources.jar;C:\Program Files\Java\jdk1.8.0_91\jre\lib\rt.jar;C:\Program Files\Java\jdk1.8.0_91\jre\lib\sunrsasign.jar;C:\Program Files\Java\jdk1.8.0_91\jre\lib\jsse.jar;C:\Program Files\Java\jdk1.8.0_91\jre\lib\jce.jar;C:\Program Files\Java\jdk1.8.0_91\jre\lib\charsets.jar;C:\Program Files\Java\jdk1.8.0_91\jre\lib\jfr.jar;C:\Program Files\Java\jdk1.8.0_91\jre\classes, java.vendor=Oracle Corporation, localRepository=E:\1704A\repository, file.separator=\, java.vendor.url.bug=http://bugreport.sun.com/bugreport/, sun.io.unicode.encoding=UnicodeLittle, sun.cpu.endian=little, sun.desktop=windows, sun.cpu.isalist=amd64}}, SystemEnvironmentPropertySource@2039810346 {name='systemEnvironment', properties={PATH=E:\app\wangb\product\11.2.0\dbhome_1\bin;E:\maven\apache-maven-3.6.1\bin;C:\Program Files\Java\jdk1.8.0_91\bin;C:\Program Files (x86)\Intel\iCLS Client\;C:\Program Files\Intel\iCLS Client\;C:\Windows\system32;C:\Windows;C:\Windows\System32\Wbem;C:\Windows\System32\WindowsPowerShell\v1.0\;C:\Program Files (x86)\NVIDIA Corporation\PhysX\Common;C:\Program Files (x86)\Intel\Intel(R) Management Engine Components\DAL;C:\Program Files\Intel\Intel(R) Management Engine Components\DAL;C:\Program Files (x86)\Intel\Intel(R) Management Engine Components\IPT;C:\Program Files\Intel\Intel(R) Management Engine Components\IPT;C:\WINDOWS\system32;C:\WINDOWS;C:\WINDOWS\System32\Wbem;C:\WINDOWS\System32\WindowsPowerShell\v1.0\;C:\WINDOWS\System32\OpenSSH\;C:\Program Files\MySQL\MySQL Server 5.5\bin;E:\nodejs\;E:\Git\cmd;E:\Mp4\ffmpeg-20180227-fa0c9d6-win64-static\bin;C:\Users\wangb\AppData\Local\Microsoft\WindowsApps;C:\Users\wangb\AppData\Roaming\npm;E:\Microsoft VS Code\bin, USERDOMAIN_ROAMINGPROFILE=LAPTOP-8K1AKH0O, LOCALAPPDATA=C:\Users\wangb\AppData\Local, PROCESSOR_LEVEL=6, SYSTEMDRIVE=C:, COMMONPROGRAMFILES(X86)=C:\Program Files (x86)\Common Files, USERDOMAIN=LAPTOP-8K1AKH0O, FPS_BROWSER_APP_PROFILE_STRING=Internet Explorer, LOGONSERVER=\\LAPTOP-8K1AKH0O, JAVA_HOME=C:\Program Files\Java\jdk1.8.0_91, PROMPT=$P$G, SESSIONNAME=Console, ALLUSERSPROFILE=C:\ProgramData, PROGRAMFILES(X86)=C:\Program Files (x86), PROCESSOR_ARCHITECTURE=AMD64, DRIVERDATA=C:\Windows\System32\Drivers\DriverData, ERLANG_HOME=E:\erl9.2, =E:=E:\1704A\hdServiceCode\nm-service-manage-course, PROGRAMFILES=C:\Program Files, APPDATA=C:\Users\wangb\AppData\Roaming, MOZ_PLUGIN_PATH=E:\1704A\FoxitPhantomPDFBusiness\plugins\, PSMODULEPATH=C:\Program Files\WindowsPowerShell\Modules;C:\WINDOWS\system32\WindowsPowerShell\v1.0\Modules, PROGRAMW6432=C:\Program Files, PROGRAMDATA=C:\ProgramData, SYSTEMROOT=C:\WINDOWS, USERNAME=wangb, FPS_BROWSER_USER_PROFILE_STRING=Default, ONEDRIVE=C:\Users\wangb\OneDrive, CONFIGSETROOT=C:\WINDOWS\ConfigSetRoot, PATHEXT=.COM;.EXE;.BAT;.CMD;.VBS;.VBE;.JS;.JSE;.WSF;.WSH;.MSC, OS=Windows_NT, COMMONPROGRAMW6432=C:\Program Files\Common Files, COMPUTERNAME=LAPTOP-8K1AKH0O, COMMONPROGRAMFILES=C:\Program Files\Common Files, COMSPEC=C:\WINDOWS\system32\cmd.exe, PROCESSOR_REVISION=9e09, WINDIR=C:\WINDOWS, RABBITMQ_SERVER=E:\rabibitmq\rabbitmq_server-3.7.4, HOMEPATH=\Users\wangb, TEMP=C:\Users\wangb\AppData\Local\Temp, HOMEDRIVE=C:, PROCESSOR_IDENTIFIER=Intel64 Family 6 Model 158 Stepping 9, GenuineIntel, USERPROFILE=C:\Users\wangb, TMP=C:\Users\wangb\AppData\Local\Temp, PUBLIC=C:\Users\Public, NUMBER_OF_PROCESSORS=8, =::=::\}}]
20:45:17.266 [main] DEBUG org.springframework.core.io.support.PathMatchingResourcePatternResolver - Resolved classpath location [com/ningmeng/manage_course/dao/] to resources [URL [file:/E:/1704A/hdServiceCode/nm-service-manage-course/target/test-classes/com/ningmeng/manage_course/dao/], URL [file:/E:/1704A/hdServiceCode/nm-service-manage-course/target/classes/com/ningmeng/manage_course/dao/]]
20:45:17.266 [main] DEBUG org.springframework.core.io.support.PathMatchingResourcePatternResolver - Looking for matching resources in directory tree [E:\1704A\hdServiceCode\nm-service-manage-course\target\test-classes\com\ningmeng\manage_course\dao]
20:45:17.267 [main] DEBUG org.springframework.core.io.support.PathMatchingResourcePatternResolver - Searching directory [E:\1704A\hdServiceCode\nm-service-manage-course\target\test-classes\com\ningmeng\manage_course\dao] for files matching pattern [E:/1704A/hdServiceCode/nm-service-manage-course/target/test-classes/com/ningmeng/manage_course/dao/*.class]
20:45:17.270 [main] DEBUG org.springframework.core.io.support.PathMatchingResourcePatternResolver - Looking for matching resources in directory tree [E:\1704A\hdServiceCode\nm-service-manage-course\target\classes\com\ningmeng\manage_course\dao]
20:45:17.270 [main] DEBUG org.springframework.core.io.support.PathMatchingResourcePatternResolver - Searching directory [E:\1704A\hdServiceCode\nm-service-manage-course\target\classes\com\ningmeng\manage_course\dao] for files matching pattern [E:/1704A/hdServiceCode/nm-service-manage-course/target/classes/com/ningmeng/manage_course/dao/*.class]
20:45:17.272 [main] DEBUG org.springframework.core.io.support.PathMatchingResourcePatternResolver - Resolved location pattern [classpath*:com/ningmeng/manage_course/dao/*.class] to resources [file [E:\1704A\hdServiceCode\nm-service-manage-course\target\test-classes\com\ningmeng\manage_course\dao\FeignTest.class], file [E:\1704A\hdServiceCode\nm-service-manage-course\target\test-classes\com\ningmeng\manage_course\dao\TestDao.class], file [E:\1704A\hdServiceCode\nm-service-manage-course\target\test-classes\com\ningmeng\manage_course\dao\Tests.class], file [E:\1704A\hdServiceCode\nm-service-manage-course\target\classes\com\ningmeng\manage_course\dao\CategoryMapper.class], file [E:\1704A\hdServiceCode\nm-service-manage-course\target\classes\com\ningmeng\manage_course\dao\CourseBaseRepository.class], file [E:\1704A\hdServiceCode\nm-service-manage-course\target\classes\com\ningmeng\manage_course\dao\CourseMapper.class], file [E:\1704A\hdServiceCode\nm-service-manage-course\target\classes\com\ningmeng\manage_course\dao\CourseMarketMapper.class], file [E:\1704A\hdServiceCode\nm-service-manage-course\target\classes\com\ningmeng\manage_course\dao\CourseMarketRepository.class], file [E:\1704A\hdServiceCode\nm-service-manage-course\target\classes\com\ningmeng\manage_course\dao\CoursePicRepository.class], file [E:\1704A\hdServiceCode\nm-service-manage-course\target\classes\com\ningmeng\manage_course\dao\CoursePubRepository.class], file [E:\1704A\hdServiceCode\nm-service-manage-course\target\classes\com\ningmeng\manage_course\dao\SysDictionaryRepository.class], file [E:\1704A\hdServiceCode\nm-service-manage-course\target\classes\com\ningmeng\manage_course\dao\TeachplanMapper.class], file [E:\1704A\hdServiceCode\nm-service-manage-course\target\classes\com\ningmeng\manage_course\dao\TeachplanMediaPubRepository.class], file [E:\1704A\hdServiceCode\nm-service-manage-course\target\classes\com\ningmeng\manage_course\dao\TeachplanMediaRepository.class], file [E:\1704A\hdServiceCode\nm-service-manage-course\target\classes\com\ningmeng\manage_course\dao\TeachplanRepository.class]]
20:45:17.322 [main] DEBUG org.springframework.core.io.support.PathMatchingResourcePatternResolver - Resolved classpath location [com/ningmeng/manage_course/] to resources [URL [file:/E:/1704A/hdServiceCode/nm-service-manage-course/target/test-classes/com/ningmeng/manage_course/], URL [file:/E:/1704A/hdServiceCode/nm-service-manage-course/target/classes/com/ningmeng/manage_course/]]
20:45:17.322 [main] DEBUG org.springframework.core.io.support.PathMatchingResourcePatternResolver - Looking for matching resources in directory tree [E:\1704A\hdServiceCode\nm-service-manage-course\target\test-classes\com\ningmeng\manage_course]
20:45:17.322 [main] DEBUG org.springframework.core.io.support.PathMatchingResourcePatternResolver - Searching directory [E:\1704A\hdServiceCode\nm-service-manage-course\target\test-classes\com\ningmeng\manage_course] for files matching pattern [E:/1704A/hdServiceCode/nm-service-manage-course/target/test-classes/com/ningmeng/manage_course/*.class]
20:45:17.323 [main] DEBUG org.springframework.core.io.support.PathMatchingResourcePatternResolver - Looking for matching resources in directory tree [E:\1704A\hdServiceCode\nm-service-manage-course\target\classes\com\ningmeng\manage_course]
20:45:17.323 [main] DEBUG org.springframework.core.io.support.PathMatchingResourcePatternResolver - Searching directory [E:\1704A\hdServiceCode\nm-service-manage-course\target\classes\com\ningmeng\manage_course] for files matching pattern [E:/1704A/hdServiceCode/nm-service-manage-course/target/classes/com/ningmeng/manage_course/*.class]
20:45:17.324 [main] DEBUG org.springframework.core.io.support.PathMatchingResourcePatternResolver - Resolved location pattern [classpath*:com/ningmeng/manage_course/*.class] to resources [file [E:\1704A\hdServiceCode\nm-service-manage-course\target\classes\com\ningmeng\manage_course\ManageCourseApplication.class]]
20:45:17.368 [main] DEBUG org.springframework.context.annotation.ClassPathScanningCandidateComponentProvider - Identified candidate component class: file [E:\1704A\hdServiceCode\nm-service-manage-course\target\classes\com\ningmeng\manage_course\ManageCourseApplication.class]
20:45:17.370 [main] INFO org.springframework.boot.test.context.SpringBootTestContextBootstrapper - Found @SpringBootConfiguration com.ningmeng.manage_course.ManageCourseApplication for test class com.ningmeng.manage_course.dao.FeignTest
20:45:17.559 [main] DEBUG org.springframework.boot.test.context.SpringBootTestContextBootstrapper - @TestExecutionListeners is not present for class [com.ningmeng.manage_course.dao.FeignTest]: using defaults.
20:45:17.560 [main] INFO org.springframework.boot.test.context.SpringBootTestContextBootstrapper - Loaded default TestExecutionListener class names from location [META-INF/spring.factories]: [org.springframework.boot.test.mock.mockito.MockitoTestExecutionListener, org.springframework.boot.test.mock.mockito.ResetMocksTestExecutionListener, org.springframework.boot.test.autoconfigure.restdocs.RestDocsTestExecutionListener, org.springframework.boot.test.autoconfigure.web.client.MockRestServiceServerResetTestExecutionListener, org.springframework.boot.test.autoconfigure.web.servlet.MockMvcPrintOnlyOnFailureTestExecutionListener, org.springframework.boot.test.autoconfigure.web.servlet.WebDriverTestExecutionListener, org.springframework.test.context.web.ServletTestExecutionListener, org.springframework.test.context.support.DirtiesContextBeforeModesTestExecutionListener, org.springframework.test.context.support.DependencyInjectionTestExecutionListener, org.springframework.test.context.support.DirtiesContextTestExecutionListener, org.springframework.test.context.transaction.TransactionalTestExecutionListener, org.springframework.test.context.jdbc.SqlScriptsTestExecutionListener]
20:45:17.607 [main] INFO org.springframework.boot.test.context.SpringBootTestContextBootstrapper - Using TestExecutionListeners: [org.springframework.test.context.web.ServletTestExecutionListener@4310d43, org.springframework.test.context.support.DirtiesContextBeforeModesTestExecutionListener@54a7079e, org.springframework.boot.test.mock.mockito.MockitoTestExecutionListener@26e356f0, org.springframework.boot.test.autoconfigure.SpringBootDependencyInjectionTestExecutionListener@47d9a273, org.springframework.test.context.support.DirtiesContextTestExecutionListener@4b8ee4de, org.springframework.test.context.transaction.TransactionalTestExecutionListener@27f981c6, org.springframework.test.context.jdbc.SqlScriptsTestExecutionListener@1b11171f, org.springframework.boot.test.mock.mockito.ResetMocksTestExecutionListener@1151e434, org.springframework.boot.test.autoconfigure.restdocs.RestDocsTestExecutionListener@2dc54ad4, org.springframework.boot.test.autoconfigure.web.client.MockRestServiceServerResetTestExecutionListener@4659191b, org.springframework.boot.test.autoconfigure.web.servlet.MockMvcPrintOnlyOnFailureTestExecutionListener@55634720, org.springframework.boot.test.autoconfigure.web.servlet.WebDriverTestExecutionListener@4b0d79fc]
20:45:17.610 [main] DEBUG org.springframework.test.annotation.ProfileValueUtils - Retrieved @ProfileValueSourceConfiguration [null] for test class [com.ningmeng.manage_course.dao.FeignTest]
20:45:17.611 [main] DEBUG org.springframework.test.annotation.ProfileValueUtils - Retrieved ProfileValueSource type [class org.springframework.test.annotation.SystemProfileValueSource] for class [com.ningmeng.manage_course.dao.FeignTest]
20:45:17.613 [main] DEBUG org.springframework.test.annotation.ProfileValueUtils - Retrieved @ProfileValueSourceConfiguration [null] for test class [com.ningmeng.manage_course.dao.FeignTest]
20:45:17.613 [main] DEBUG org.springframework.test.annotation.ProfileValueUtils - Retrieved ProfileValueSource type [class org.springframework.test.annotation.SystemProfileValueSource] for class [com.ningmeng.manage_course.dao.FeignTest]
20:45:17.614 [main] DEBUG org.springframework.test.annotation.ProfileValueUtils - Retrieved @ProfileValueSourceConfiguration [null] for test class [com.ningmeng.manage_course.dao.FeignTest]
20:45:17.614 [main] DEBUG org.springframework.test.annotation.ProfileValueUtils - Retrieved ProfileValueSource type [class org.springframework.test.annotation.SystemProfileValueSource] for class [com.ningmeng.manage_course.dao.FeignTest]
20:45:17.621 [main] DEBUG org.springframework.test.context.support.AbstractDirtiesContextTestExecutionListener - Before test class: context [DefaultTestContext@5e600dd5 testClass = FeignTest, testInstance = [null], testMethod = [null], testException = [null], mergedContextConfiguration = [WebMergedContextConfiguration@576d5deb testClass = FeignTest, locations = '{}', classes = '{class com.ningmeng.manage_course.ManageCourseApplication}', contextInitializerClasses = '[]', activeProfiles = '{}', propertySourceLocations = '{}', propertySourceProperties = '{org.springframework.boot.test.context.SpringBootTestContextBootstrapper=true}', contextCustomizers = set[org.springframework.boot.test.context.filter.ExcludeFilterContextCustomizer@2145433b, org.springframework.boot.test.json.DuplicateJsonObjectContextCustomizerFactory$DuplicateJsonObjectContextCustomizer@1b083826, org.springframework.boot.test.mock.mockito.MockitoContextCustomizer@0, org.springframework.boot.test.web.client.TestRestTemplateContextCustomizer@161b062a, org.springframework.boot.test.autoconfigure.properties.PropertyMappingContextCustomizer@0, org.springframework.boot.test.autoconfigure.web.servlet.WebDriverContextCustomizerFactory$Customizer@657c8ad9], resourceBasePath = 'src/main/webapp', contextLoader = 'org.springframework.boot.test.context.SpringBootContextLoader', parent = [null]], attributes = map['org.springframework.test.context.web.ServletTestExecutionListener.activateListener' -> true]], class annotated with @DirtiesContext [false] with mode [null].
20:45:17.622 [main] DEBUG org.springframework.test.annotation.ProfileValueUtils - Retrieved @ProfileValueSourceConfiguration [null] for test class [com.ningmeng.manage_course.dao.FeignTest]
20:45:17.622 [main] DEBUG org.springframework.test.annotation.ProfileValueUtils - Retrieved ProfileValueSource type [class org.springframework.test.annotation.SystemProfileValueSource] for class [com.ningmeng.manage_course.dao.FeignTest]
20:45:17.644 [main] DEBUG org.springframework.core.env.StandardEnvironment - Adding PropertySource 'systemProperties' with lowest search precedence
20:45:17.645 [main] DEBUG org.springframework.core.env.StandardEnvironment - Adding PropertySource 'systemEnvironment' with lowest search precedence
20:45:17.645 [main] DEBUG org.springframework.core.env.StandardEnvironment - Initialized StandardEnvironment with PropertySources [MapPropertySource@485937598 {name='systemProperties', properties={idea.version=2017.1.2, java.runtime.name=Java(TM) SE Runtime Environment, sun.boot.library.path=C:\Program Files\Java\jdk1.8.0_91\jre\bin, java.vm.version=25.91-b14, java.vm.vendor=Oracle Corporation, java.vendor.url=http://java.oracle.com/, path.separator=;, java.vm.name=Java HotSpot(TM) 64-Bit Server VM, file.encoding.pkg=sun.io, user.country=CN, user.script=, sun.java.launcher=SUN_STANDARD, sun.os.patch.level=, java.vm.specification.name=Java Virtual Machine Specification, user.dir=E:\1704A\hdServiceCode\nm-service-manage-course, java.runtime.version=1.8.0_91-b14, basedir=E:\1704A\hdServiceCode\nm-service-manage-course, java.awt.graphicsenv=sun.awt.Win32GraphicsEnvironment, java.endorsed.dirs=C:\Program Files\Java\jdk1.8.0_91\jre\lib\endorsed, os.arch=amd64, surefire.real.class.path=C:\Users\wangb\AppData\Local\Temp\surefire8359040626052298865\surefirebooter7147715406186341325.jar, java.io.tmpdir=C:\Users\wangb\AppData\Local\Temp\, line.separator=
, java.vm.specification.vendor=Oracle Corporation, user.variant=, os.name=Windows 10, sun.jnu.encoding=GBK, java.library.path=C:\Program Files\Java\jdk1.8.0_91\jre\bin;C:\WINDOWS\Sun\Java\bin;C:\WINDOWS\system32;C:\WINDOWS;E:\app\wangb\product\11.2.0\dbhome_1\bin;E:\maven\apache-maven-3.6.1\bin;C:\Program Files\Java\jdk1.8.0_91\bin;C:\Program Files (x86)\Intel\iCLS Client\;C:\Program Files\Intel\iCLS Client\;C:\Windows\system32;C:\Windows;C:\Windows\System32\Wbem;C:\Windows\System32\WindowsPowerShell\v1.0\;C:\Program Files (x86)\NVIDIA Corporation\PhysX\Common;C:\Program Files (x86)\Intel\Intel(R) Management Engine Components\DAL;C:\Program Files\Intel\Intel(R) Management Engine Components\DAL;C:\Program Files (x86)\Intel\Intel(R) Management Engine Components\IPT;C:\Program Files\Intel\Intel(R) Management Engine Components\IPT;C:\WINDOWS\system32;C:\WINDOWS;C:\WINDOWS\System32\Wbem;C:\WINDOWS\System32\WindowsPowerShell\v1.0\;C:\WINDOWS\System32\OpenSSH\;C:\Program Files\MySQL\MySQL Server 5.5\bin;E:\nodejs\;E:\Git\cmd;E:\Mp4\ffmpeg-20180227-fa0c9d6-win64-static\bin;C:\Users\wangb\AppData\Local\Microsoft\WindowsApps;C:\Users\wangb\AppData\Roaming\npm;E:\Microsoft VS Code\bin;., surefire.test.class.path=E:\1704A\hdServiceCode\nm-service-manage-course\target\test-classes;E:\1704A\hdServiceCode\nm-service-manage-course\target\classes;E:\1704A\repository\com\github\pagehelper\pagehelper-spring-boot-starter\1.2.4\pagehelper-spring-boot-starter-1.2.4.jar;E:\1704A\repository\org\springframework\boot\spring-boot-starter\2.0.1.RELEASE\spring-boot-starter-2.0.1.RELEASE.jar;E:\1704A\repository\org\springframework\boot\spring-boot\2.0.1.RELEASE\spring-boot-2.0.1.RELEASE.jar;E:\1704A\repository\javax\annotation\javax.annotation-api\1.3.2\javax.annotation-api-1.3.2.jar;E:\1704A\repository\org\yaml\snakeyaml\1.19\snakeyaml-1.19.jar;E:\1704A\repository\com\github\pagehelper\pagehelper-spring-boot-autoconfigure\1.2.4\pagehelper-spring-boot-autoconfigure-1.2.4.jar;E:\1704A\repository\com\github\pagehelper\pagehelper\5.1.3\pagehelper-5.1.3.jar;E:\1704A\repository\com\github\jsqlparser\jsqlparser\1.0\jsqlparser-1.0.jar;E:\1704A\hdServiceCode\nm-service-api\target\nm-service-api.jar;E:\1704A\repository\commons-fileupload\commons-fileupload\1.3.3\commons-fileupload-1.3.3.jar;E:\1704A\repository\io\springfox\springfox-swagger2\2.7.0\springfox-swagger2-2.7.0.jar;E:\1704A\repository\io\swagger\swagger-annotations\1.5.13\swagger-annotations-1.5.13.jar;E:\1704A\repository\io\swagger\swagger-models\1.5.13\swagger-models-1.5.13.jar;E:\1704A\repository\io\springfox\springfox-spi\2.7.0\springfox-spi-2.7.0.jar;E:\1704A\repository\io\springfox\springfox-core\2.7.0\springfox-core-2.7.0.jar;E:\1704A\repository\io\springfox\springfox-schema\2.7.0\springfox-schema-2.7.0.jar;E:\1704A\repository\io\springfox\springfox-swagger-common\2.7.0\springfox-swagger-common-2.7.0.jar;E:\1704A\repository\io\springfox\springfox-spring-web\2.7.0\springfox-spring-web-2.7.0.jar;E:\1704A\repository\org\reflections\reflections\0.9.11\reflections-0.9.11.jar;E:\1704A\repository\com\fasterxml\classmate\1.3.4\classmate-1.3.4.jar;E:\1704A\repository\org\springframework\plugin\spring-plugin-core\1.2.0.RELEASE\spring-plugin-core-1.2.0.RELEASE.jar;E:\1704A\repository\org\springframework\plugin\spring-plugin-metadata\1.2.0.RELEASE\spring-plugin-metadata-1.2.0.RELEASE.jar;E:\1704A\repository\org\mapstruct\mapstruct\1.1.0.Final\mapstruct-1.1.0.Final.jar;E:\1704A\repository\io\springfox\springfox-swagger-ui\2.7.0\springfox-swagger-ui-2.7.0.jar;E:\1704A\hdServiceCode\nm-framework-model\target\nm-framework-model.jar;E:\1704A\repository\org\projectlombok\lombok\1.16.16\lombok-1.16.16.jar;E:\1704A\repository\org\springframework\data\spring-data-commons\2.0.6.RELEASE\spring-data-commons-2.0.6.RELEASE.jar;E:\1704A\repository\org\springframework\data\spring-data-mongodb\2.0.6.RELEASE\spring-data-mongodb-2.0.6.RELEASE.jar;E:\1704A\repository\org\springframework\spring-context\5.0.5.RELEASE\spring-context-5.0.5.RELEASE.jar;E:\1704A\repository\org\springframework\spring-expression\5.0.5.RELEASE\spring-expression-5.0.5.RELEASE.jar;E:\1704A\repository\org\mongodb\mongo-java-driver\3.6.3\mongo-java-driver-3.6.3.jar;E:\1704A\repository\org\hibernate\hibernate-core\5.2.16.Final\hibernate-core-5.2.16.Final.jar;E:\1704A\repository\org\jboss\logging\jboss-logging\3.3.2.Final\jboss-logging-3.3.2.Final.jar;E:\1704A\repository\org\hibernate\javax\persistence\hibernate-jpa-2.1-api\1.0.0.Final\hibernate-jpa-2.1-api-1.0.0.Final.jar;E:\1704A\repository\org\javassist\javassist\3.22.0-GA\javassist-3.22.0-GA.jar;E:\1704A\repository\antlr\antlr\2.7.7\antlr-2.7.7.jar;E:\1704A\repository\org\jboss\spec\javax\transaction\jboss-transaction-api_1.2_spec\1.0.1.Final\jboss-transaction-api_1.2_spec-1.0.1.Final.jar;E:\1704A\repository\org\jboss\jandex\2.0.3.Final\jandex-2.0.3.Final.jar;E:\1704A\repository\dom4j\dom4j\1.6.1\dom4j-1.6.1.jar;E:\1704A\repository\org\hibernate\common\hibernate-commons-annotations\5.0.1.Final\hibernate-commons-annotations-5.0.1.Final.jar;E:\1704A\repository\com\google\guava\guava\24.0-jre\guava-24.0-jre.jar;E:\1704A\repository\com\google\code\findbugs\jsr305\1.3.9\jsr305-1.3.9.jar;E:\1704A\repository\org\checkerframework\checker-compat-qual\2.0.0\checker-compat-qual-2.0.0.jar;E:\1704A\repository\com\google\errorprone\error_prone_annotations\2.1.3\error_prone_annotations-2.1.3.jar;E:\1704A\repository\com\google\j2objc\j2objc-annotations\1.1\j2objc-annotations-1.1.jar;E:\1704A\repository\org\codehaus\mojo\animal-sniffer-annotations\1.14\animal-sniffer-annotations-1.14.jar;E:\1704A\hdServiceCode\nm-framework-utils\target\nm-framework-utils.jar;E:\1704A\repository\javax\servlet\javax.servlet-api\3.1.0\javax.servlet-api-3.1.0.jar;E:\1704A\repository\org\springframework\boot\spring-boot-starter-logging\2.0.1.RELEASE\spring-boot-starter-logging-2.0.1.RELEASE.jar;E:\1704A\repository\ch\qos\logback\logback-classic\1.2.3\logback-classic-1.2.3.jar;E:\1704A\repository\ch\qos\logback\logback-core\1.2.3\logback-core-1.2.3.jar;E:\1704A\repository\org\apache\logging\log4j\log4j-to-slf4j\2.10.0\log4j-to-slf4j-2.10.0.jar;E:\1704A\repository\org\apache\logging\log4j\log4j-api\2.10.0\log4j-api-2.10.0.jar;E:\1704A\repository\org\slf4j\jul-to-slf4j\1.7.25\jul-to-slf4j-1.7.25.jar;E:\1704A\repository\org\apache\httpcomponents\httpclient\4.5.5\httpclient-4.5.5.jar;E:\1704A\repository\org\apache\httpcomponents\httpcore\4.4.9\httpcore-4.4.9.jar;E:\1704A\repository\commons-codec\commons-codec\1.10\commons-codec-1.10.jar;E:\1704A\repository\net\lingala\zip4j\zip4j\1.3.1\zip4j-1.3.1.jar;E:\1704A\repository\org\springframework\security\spring-security-crypto\5.0.4.RELEASE\spring-security-crypto-5.0.4.RELEASE.jar;E:\1704A\repository\org\springframework\security\spring-security-jwt\1.0.8.RELEASE\spring-security-jwt-1.0.8.RELEASE.jar;E:\1704A\repository\org\bouncycastle\bcpkix-jdk15on\1.56\bcpkix-jdk15on-1.56.jar;E:\1704A\repository\org\bouncycastle\bcprov-jdk15on\1.56\bcprov-jdk15on-1.56.jar;E:\1704A\hdServiceCode\nm-framework-common\target\nm-framework-common.jar;E:\1704A\repository\org\springframework\spring-web\5.0.5.RELEASE\spring-web-5.0.5.RELEASE.jar;E:\1704A\repository\org\springframework\boot\spring-boot-starter-web\2.0.1.RELEASE\spring-boot-starter-web-2.0.1.RELEASE.jar;E:\1704A\repository\org\springframework\boot\spring-boot-starter-json\2.0.1.RELEASE\spring-boot-starter-json-2.0.1.RELEASE.jar;E:\1704A\repository\com\fasterxml\jackson\core\jackson-databind\2.9.5\jackson-databind-2.9.5.jar;E:\1704A\repository\com\fasterxml\jackson\datatype\jackson-datatype-jdk8\2.9.5\jackson-datatype-jdk8-2.9.5.jar;E:\1704A\repository\com\fasterxml\jackson\datatype\jackson-datatype-jsr310\2.9.5\jackson-datatype-jsr310-2.9.5.jar;E:\1704A\repository\com\fasterxml\jackson\module\jackson-module-parameter-names\2.9.5\jackson-module-parameter-names-2.9.5.jar;E:\1704A\repository\org\springframework\boot\spring-boot-starter-tomcat\2.0.1.RELEASE\spring-boot-starter-tomcat-2.0.1.RELEASE.jar;E:\1704A\repository\org\apache\tomcat\embed\tomcat-embed-core\8.5.28\tomcat-embed-core-8.5.28.jar;E:\1704A\repository\org\apache\tomcat\embed\tomcat-embed-el\8.5.28\tomcat-embed-el-8.5.28.jar;E:\1704A\repository\org\apache\tomcat\embed\tomcat-embed-websocket\8.5.28\tomcat-embed-websocket-8.5.28.jar;E:\1704A\repository\org\hibernate\validator\hibernate-validator\6.0.9.Final\hibernate-validator-6.0.9.Final.jar;E:\1704A\repository\javax\validation\validation-api\2.0.1.Final\validation-api-2.0.1.Final.jar;E:\1704A\repository\org\springframework\spring-webmvc\5.0.5.RELEASE\spring-webmvc-5.0.5.RELEASE.jar;E:\1704A\repository\org\springframework\spring-aop\5.0.5.RELEASE\spring-aop-5.0.5.RELEASE.jar;E:\1704A\repository\mysql\mysql-connector-java\5.1.40\mysql-connector-java-5.1.40.jar;E:\1704A\repository\com\alibaba\druid-spring-boot-starter\1.1.10\druid-spring-boot-starter-1.1.10.jar;E:\1704A\repository\com\alibaba\druid\1.1.6\druid-1.1.6.jar;E:\1704A\repository\org\slf4j\slf4j-api\1.7.25\slf4j-api-1.7.25.jar;E:\1704A\repository\org\springframework\boot\spring-boot-autoconfigure\2.0.1.RELEASE\spring-boot-autoconfigure-2.0.1.RELEASE.jar;E:\1704A\repository\org\mybatis\spring\boot\mybatis-spring-boot-starter\1.3.1\mybatis-spring-boot-starter-1.3.1.jar;E:\1704A\repository\org\springframework\boot\spring-boot-starter-jdbc\2.0.1.RELEASE\spring-boot-starter-jdbc-2.0.1.RELEASE.jar;E:\1704A\repository\com\zaxxer\HikariCP\2.7.8\HikariCP-2.7.8.jar;E:\1704A\repository\org\mybatis\spring\boot\mybatis-spring-boot-autoconfigure\1.3.1\mybatis-spring-boot-autoconfigure-1.3.1.jar;E:\1704A\repository\org\mybatis\mybatis\3.4.5\mybatis-3.4.5.jar;E:\1704A\repository\org\mybatis\mybatis-spring\1.3.1\mybatis-spring-1.3.1.jar;E:\1704A\repository\org\springframework\spring-orm\5.0.5.RELEASE\spring-orm-5.0.5.RELEASE.jar;E:\1704A\repository\org\springframework\spring-beans\5.0.5.RELEASE\spring-beans-5.0.5.RELEASE.jar;E:\1704A\repository\org\springframework\spring-core\5.0.5.RELEASE\spring-core-5.0.5.RELEASE.jar;E:\1704A\repository\org\springframework\spring-jcl\5.0.5.RELEASE\spring-jcl-5.0.5.RELEASE.jar;E:\1704A\repository\org\springframework\spring-jdbc\5.0.5.RELEASE\spring-jdbc-5.0.5.RELEASE.jar;E:\1704A\repository\org\springframework\spring-tx\5.0.5.RELEASE\spring-tx-5.0.5.RELEASE.jar;E:\1704A\repository\org\springframework\boot\spring-boot-starter-data-jpa\2.0.1.RELEASE\spring-boot-starter-data-jpa-2.0.1.RELEASE.jar;E:\1704A\repository\org\springframework\boot\spring-boot-starter-aop\2.0.1.RELEASE\spring-boot-starter-aop-2.0.1.RELEASE.jar;E:\1704A\repository\org\aspectj\aspectjweaver\1.8.13\aspectjweaver-1.8.13.jar;E:\1704A\repository\javax\transaction\javax.transaction-api\1.2\javax.transaction-api-1.2.jar;E:\1704A\repository\org\springframework\data\spring-data-jpa\2.0.6.RELEASE\spring-data-jpa-2.0.6.RELEASE.jar;E:\1704A\repository\org\springframework\spring-aspects\5.0.5.RELEASE\spring-aspects-5.0.5.RELEASE.jar;E:\1704A\repository\com\squareup\okhttp3\okhttp\3.9.1\okhttp-3.9.1.jar;E:\1704A\repository\com\squareup\okio\okio\1.13.0\okio-1.13.0.jar;E:\1704A\repository\com\alibaba\fastjson\1.2.30\fastjson-1.2.30.jar;E:\1704A\repository\commons-io\commons-io\2.6\commons-io-2.6.jar;E:\1704A\repository\org\apache\commons\commons-lang3\3.6\commons-lang3-3.6.jar;E:\1704A\repository\org\springframework\boot\spring-boot-starter-test\2.0.1.RELEASE\spring-boot-starter-test-2.0.1.RELEASE.jar;E:\1704A\repository\org\springframework\boot\spring-boot-test\2.0.1.RELEASE\spring-boot-test-2.0.1.RELEASE.jar;E:\1704A\repository\org\springframework\boot\spring-boot-test-autoconfigure\2.0.1.RELEASE\spring-boot-test-autoconfigure-2.0.1.RELEASE.jar;E:\1704A\repository\com\jayway\jsonpath\json-path\2.4.0\json-path-2.4.0.jar;E:\1704A\repository\net\minidev\json-smart\2.3\json-smart-2.3.jar;E:\1704A\repository\net\minidev\accessors-smart\1.2\accessors-smart-1.2.jar;E:\1704A\repository\org\ow2\asm\asm\5.0.4\asm-5.0.4.jar;E:\1704A\repository\junit\junit\4.12\junit-4.12.jar;E:\1704A\repository\org\assertj\assertj-core\3.9.1\assertj-core-3.9.1.jar;E:\1704A\repository\org\mockito\mockito-core\2.15.0\mockito-core-2.15.0.jar;E:\1704A\repository\net\bytebuddy\byte-buddy\1.7.11\byte-buddy-1.7.11.jar;E:\1704A\repository\net\bytebuddy\byte-buddy-agent\1.7.11\byte-buddy-agent-1.7.11.jar;E:\1704A\repository\org\objenesis\objenesis\2.6\objenesis-2.6.jar;E:\1704A\repository\org\hamcrest\hamcrest-core\1.3\hamcrest-core-1.3.jar;E:\1704A\repository\org\hamcrest\hamcrest-library\1.3\hamcrest-library-1.3.jar;E:\1704A\repository\org\skyscreamer\jsonassert\1.5.0\jsonassert-1.5.0.jar;E:\1704A\repository\com\vaadin\external\google\android-json\0.0.20131108.vaadin1\android-json-0.0.20131108.vaadin1.jar;E:\1704A\repository\org\springframework\spring-test\5.0.5.RELEASE\spring-test-5.0.5.RELEASE.jar;E:\1704A\repository\org\xmlunit\xmlunit-core\2.5.1\xmlunit-core-2.5.1.jar;E:\1704A\repository\org\springframework\cloud\spring-cloud-starter-netflix-eureka-client\2.0.1.RELEASE\spring-cloud-starter-netflix-eureka-client-2.0.1.RELEASE.jar;E:\1704A\repository\org\springframework\cloud\spring-cloud-starter\2.0.1.RELEASE\spring-cloud-starter-2.0.1.RELEASE.jar;E:\1704A\repository\org\springframework\cloud\spring-cloud-context\2.0.1.RELEASE\spring-cloud-context-2.0.1.RELEASE.jar;E:\1704A\repository\org\springframework\security\spring-security-rsa\1.0.5.RELEASE\spring-security-rsa-1.0.5.RELEASE.jar;E:\1704A\repository\org\springframework\cloud\spring-cloud-netflix-core\2.0.1.RELEASE\spring-cloud-netflix-core-2.0.1.RELEASE.jar;E:\1704A\repository\org\springframework\cloud\spring-cloud-netflix-eureka-client\2.0.1.RELEASE\spring-cloud-netflix-eureka-client-2.0.1.RELEASE.jar;E:\1704A\repository\com\netflix\eureka\eureka-client\1.9.3\eureka-client-1.9.3.jar;E:\1704A\repository\org\codehaus\jettison\jettison\1.3.7\jettison-1.3.7.jar;E:\1704A\repository\stax\stax-api\1.0.1\stax-api-1.0.1.jar;E:\1704A\repository\com\netflix\netflix-commons\netflix-eventbus\0.3.0\netflix-eventbus-0.3.0.jar;E:\1704A\repository\com\netflix\netflix-commons\netflix-infix\0.3.0\netflix-infix-0.3.0.jar;E:\1704A\repository\commons-jxpath\commons-jxpath\1.3\commons-jxpath-1.3.jar;E:\1704A\repository\joda-time\joda-time\2.9.9\joda-time-2.9.9.jar;E:\1704A\repository\org\antlr\antlr-runtime\3.4\antlr-runtime-3.4.jar;E:\1704A\repository\org\antlr\stringtemplate\3.2.1\stringtemplate-3.2.1.jar;E:\1704A\repository\com\google\code\gson\gson\2.8.2\gson-2.8.2.jar;E:\1704A\repository\org\apache\commons\commons-math\2.2\commons-math-2.2.jar;E:\1704A\repository\com\netflix\archaius\archaius-core\0.7.6\archaius-core-0.7.6.jar;E:\1704A\repository\javax\ws\rs\jsr311-api\1.1.1\jsr311-api-1.1.1.jar;E:\1704A\repository\com\netflix\servo\servo-core\0.12.21\servo-core-0.12.21.jar;E:\1704A\repository\com\sun\jersey\jersey-core\1.19.1\jersey-core-1.19.1.jar;E:\1704A\repository\com\sun\jersey\jersey-client\1.19.1\jersey-client-1.19.1.jar;E:\1704A\repository\com\sun\jersey\contribs\jersey-apache-client4\1.19.1\jersey-apache-client4-1.19.1.jar;E:\1704A\repository\com\google\inject\guice\4.1.0\guice-4.1.0.jar;E:\1704A\repository\javax\inject\javax.inject\1\javax.inject-1.jar;E:\1704A\repository\aopalliance\aopalliance\1.0\aopalliance-1.0.jar;E:\1704A\repository\com\github\vlsi\compactmap\compactmap\1.2.1\compactmap-1.2.1.jar;E:\1704A\repository\com\github\andrewoma\dexx\dexx-collections\0.2\dexx-collections-0.2.jar;E:\1704A\repository\com\fasterxml\jackson\core\jackson-annotations\2.9.0\jackson-annotations-2.9.0.jar;E:\1704A\repository\com\fasterxml\jackson\core\jackson-core\2.9.5\jackson-core-2.9.5.jar;E:\1704A\repository\com\netflix\eureka\eureka-core\1.9.3\eureka-core-1.9.3.jar;E:\1704A\repository\org\codehaus\woodstox\woodstox-core-asl\4.4.1\woodstox-core-asl-4.4.1.jar;E:\1704A\repository\javax\xml\stream\stax-api\1.0-2\stax-api-1.0-2.jar;E:\1704A\repository\org\codehaus\woodstox\stax2-api\3.1.4\stax2-api-3.1.4.jar;E:\1704A\repository\org\springframework\cloud\spring-cloud-starter-netflix-archaius\2.0.1.RELEASE\spring-cloud-starter-netflix-archaius-2.0.1.RELEASE.jar;E:\1704A\repository\org\springframework\cloud\spring-cloud-netflix-ribbon\2.0.1.RELEASE\spring-cloud-netflix-ribbon-2.0.1.RELEASE.jar;E:\1704A\repository\org\springframework\cloud\spring-cloud-netflix-archaius\2.0.1.RELEASE\spring-cloud-netflix-archaius-2.0.1.RELEASE.jar;E:\1704A\repository\commons-configuration\commons-configuration\1.8\commons-configuration-1.8.jar;E:\1704A\repository\commons-lang\commons-lang\2.6\commons-lang-2.6.jar;E:\1704A\repository\org\springframework\cloud\spring-cloud-starter-netflix-ribbon\2.0.1.RELEASE\spring-cloud-starter-netflix-ribbon-2.0.1.RELEASE.jar;E:\1704A\repository\com\netflix\ribbon\ribbon\2.2.5\ribbon-2.2.5.jar;E:\1704A\repository\com\netflix\ribbon\ribbon-transport\2.2.5\ribbon-transport-2.2.5.jar;E:\1704A\repository\io\reactivex\rxnetty-contexts\0.4.9\rxnetty-contexts-0.4.9.jar;E:\1704A\repository\io\reactivex\rxnetty-servo\0.4.9\rxnetty-servo-0.4.9.jar;E:\1704A\repository\io\reactivex\rxnetty\0.4.9\rxnetty-0.4.9.jar;E:\1704A\repository\io\netty\netty-codec-http\4.1.23.Final\netty-codec-http-4.1.23.Final.jar;E:\1704A\repository\io\netty\netty-codec\4.1.23.Final\netty-codec-4.1.23.Final.jar;E:\1704A\repository\io\netty\netty-transport-native-epoll\4.1.23.Final\netty-transport-native-epoll-4.1.23.Final.jar;E:\1704A\repository\io\netty\netty-common\4.1.23.Final\netty-common-4.1.23.Final.jar;E:\1704A\repository\io\netty\netty-buffer\4.1.23.Final\netty-buffer-4.1.23.Final.jar;E:\1704A\repository\io\netty\netty-transport-native-unix-common\4.1.23.Final\netty-transport-native-unix-common-4.1.23.Final.jar;E:\1704A\repository\io\netty\netty-transport\4.1.23.Final\netty-transport-4.1.23.Final.jar;E:\1704A\repository\io\netty\netty-resolver\4.1.23.Final\netty-resolver-4.1.23.Final.jar;E:\1704A\repository\com\netflix\ribbon\ribbon-core\2.2.5\ribbon-core-2.2.5.jar;E:\1704A\repository\com\netflix\ribbon\ribbon-httpclient\2.2.5\ribbon-httpclient-2.2.5.jar;E:\1704A\repository\commons-collections\commons-collections\3.2.2\commons-collections-3.2.2.jar;E:\1704A\repository\com\netflix\netflix-commons\netflix-commons-util\0.3.0\netflix-commons-util-0.3.0.jar;E:\1704A\repository\com\netflix\ribbon\ribbon-loadbalancer\2.2.5\ribbon-loadbalancer-2.2.5.jar;E:\1704A\repository\com\netflix\netflix-commons\netflix-statistics\0.1.1\netflix-statistics-0.1.1.jar;E:\1704A\repository\io\reactivex\rxjava\1.3.8\rxjava-1.3.8.jar;E:\1704A\repository\com\netflix\ribbon\ribbon-eureka\2.2.5\ribbon-eureka-2.2.5.jar;E:\1704A\repository\com\thoughtworks\xstream\xstream\1.4.10\xstream-1.4.10.jar;E:\1704A\repository\xmlpull\xmlpull\1.1.3.1\xmlpull-1.1.3.1.jar;E:\1704A\repository\xpp3\xpp3_min\1.1.4c\xpp3_min-1.1.4c.jar;E:\1704A\repository\org\springframework\cloud\spring-cloud-starter-openfeign\2.0.1.RELEASE\spring-cloud-starter-openfeign-2.0.1.RELEASE.jar;E:\1704A\repository\org\springframework\cloud\spring-cloud-openfeign-core\2.0.1.RELEASE\spring-cloud-openfeign-core-2.0.1.RELEASE.jar;E:\1704A\repository\org\springframework\cloud\spring-cloud-commons\2.0.1.RELEASE\spring-cloud-commons-2.0.1.RELEASE.jar;E:\1704A\repository\io\github\openfeign\feign-core\9.5.1\feign-core-9.5.1.jar;E:\1704A\repository\io\github\openfeign\feign-slf4j\9.5.1\feign-slf4j-9.5.1.jar;E:\1704A\repository\io\github\openfeign\feign-hystrix\9.5.1\feign-hystrix-9.5.1.jar;E:\1704A\repository\com\netflix\hystrix\hystrix-core\1.5.12\hystrix-core-1.5.12.jar;E:\1704A\repository\org\hdrhistogram\HdrHistogram\2.1.9\HdrHistogram-2.1.9.jar;E:\1704A\repository\io\github\openfeign\feign-java8\9.5.1\feign-java8-9.5.1.jar;E:\1704A\repository\com\netflix\feign\feign-okhttp\8.18.0\feign-okhttp-8.18.0.jar;E:\1704A\repository\com\netflix\feign\feign-core\8.18.0\feign-core-8.18.0.jar;E:\1704A\repository\org\jvnet\animal-sniffer-annotation\1.0\animal-sniffer-annotation-1.0.jar;, java.specification.name=Java Platform API Specification, java.class.version=52.0, sun.management.compiler=HotSpot 64-Bit Tiered Compilers, maven.repo.local=E:\1704A\repository, os.version=10.0, user.home=C:\Users\wangb, user.timezone=Asia/Shanghai, java.awt.printerjob=sun.awt.windows.WPrinterJob, file.encoding=GBK, java.specification.version=1.8, java.class.path=E:\1704A\hdServiceCode\nm-service-manage-course\target\test-classes;E:\1704A\hdServiceCode\nm-service-manage-course\target\classes;E:\1704A\repository\com\github\pagehelper\pagehelper-spring-boot-starter\1.2.4\pagehelper-spring-boot-starter-1.2.4.jar;E:\1704A\repository\org\springframework\boot\spring-boot-starter\2.0.1.RELEASE\spring-boot-starter-2.0.1.RELEASE.jar;E:\1704A\repository\org\springframework\boot\spring-boot\2.0.1.RELEASE\spring-boot-2.0.1.RELEASE.jar;E:\1704A\repository\javax\annotation\javax.annotation-api\1.3.2\javax.annotation-api-1.3.2.jar;E:\1704A\repository\org\yaml\snakeyaml\1.19\snakeyaml-1.19.jar;E:\1704A\repository\com\github\pagehelper\pagehelper-spring-boot-autoconfigure\1.2.4\pagehelper-spring-boot-autoconfigure-1.2.4.jar;E:\1704A\repository\com\github\pagehelper\pagehelper\5.1.3\pagehelper-5.1.3.jar;E:\1704A\repository\com\github\jsqlparser\jsqlparser\1.0\jsqlparser-1.0.jar;E:\1704A\hdServiceCode\nm-service-api\target\nm-service-api.jar;E:\1704A\repository\commons-fileupload\commons-fileupload\1.3.3\commons-fileupload-1.3.3.jar;E:\1704A\repository\io\springfox\springfox-swagger2\2.7.0\springfox-swagger2-2.7.0.jar;E:\1704A\repository\io\swagger\swagger-annotations\1.5.13\swagger-annotations-1.5.13.jar;E:\1704A\repository\io\swagger\swagger-models\1.5.13\swagger-models-1.5.13.jar;E:\1704A\repository\io\springfox\springfox-spi\2.7.0\springfox-spi-2.7.0.jar;E:\1704A\repository\io\springfox\springfox-core\2.7.0\springfox-core-2.7.0.jar;E:\1704A\repository\io\springfox\springfox-schema\2.7.0\springfox-schema-2.7.0.jar;E:\1704A\repository\io\springfox\springfox-swagger-common\2.7.0\springfox-swagger-common-2.7.0.jar;E:\1704A\repository\io\springfox\springfox-spring-web\2.7.0\springfox-spring-web-2.7.0.jar;E:\1704A\repository\org\reflections\reflections\0.9.11\reflections-0.9.11.jar;E:\1704A\repository\com\fasterxml\classmate\1.3.4\classmate-1.3.4.jar;E:\1704A\repository\org\springframework\plugin\spring-plugin-core\1.2.0.RELEASE\spring-plugin-core-1.2.0.RELEASE.jar;E:\1704A\repository\org\springframework\plugin\spring-plugin-metadata\1.2.0.RELEASE\spring-plugin-metadata-1.2.0.RELEASE.jar;E:\1704A\repository\org\mapstruct\mapstruct\1.1.0.Final\mapstruct-1.1.0.Final.jar;E:\1704A\repository\io\springfox\springfox-swagger-ui\2.7.0\springfox-swagger-ui-2.7.0.jar;E:\1704A\hdServiceCode\nm-framework-model\target\nm-framework-model.jar;E:\1704A\repository\org\projectlombok\lombok\1.16.16\lombok-1.16.16.jar;E:\1704A\repository\org\springframework\data\spring-data-commons\2.0.6.RELEASE\spring-data-commons-2.0.6.RELEASE.jar;E:\1704A\repository\org\springframework\data\spring-data-mongodb\2.0.6.RELEASE\spring-data-mongodb-2.0.6.RELEASE.jar;E:\1704A\repository\org\springframework\spring-context\5.0.5.RELEASE\spring-context-5.0.5.RELEASE.jar;E:\1704A\repository\org\springframework\spring-expression\5.0.5.RELEASE\spring-expression-5.0.5.RELEASE.jar;E:\1704A\repository\org\mongodb\mongo-java-driver\3.6.3\mongo-java-driver-3.6.3.jar;E:\1704A\repository\org\hibernate\hibernate-core\5.2.16.Final\hibernate-core-5.2.16.Final.jar;E:\1704A\repository\org\jboss\logging\jboss-logging\3.3.2.Final\jboss-logging-3.3.2.Final.jar;E:\1704A\repository\org\hibernate\javax\persistence\hibernate-jpa-2.1-api\1.0.0.Final\hibernate-jpa-2.1-api-1.0.0.Final.jar;E:\1704A\repository\org\javassist\javassist\3.22.0-GA\javassist-3.22.0-GA.jar;E:\1704A\repository\antlr\antlr\2.7.7\antlr-2.7.7.jar;E:\1704A\repository\org\jboss\spec\javax\transaction\jboss-transaction-api_1.2_spec\1.0.1.Final\jboss-transaction-api_1.2_spec-1.0.1.Final.jar;E:\1704A\repository\org\jboss\jandex\2.0.3.Final\jandex-2.0.3.Final.jar;E:\1704A\repository\dom4j\dom4j\1.6.1\dom4j-1.6.1.jar;E:\1704A\repository\org\hibernate\common\hibernate-commons-annotations\5.0.1.Final\hibernate-commons-annotations-5.0.1.Final.jar;E:\1704A\repository\com\google\guava\guava\24.0-jre\guava-24.0-jre.jar;E:\1704A\repository\com\google\code\findbugs\jsr305\1.3.9\jsr305-1.3.9.jar;E:\1704A\repository\org\checkerframework\checker-compat-qual\2.0.0\checker-compat-qual-2.0.0.jar;E:\1704A\repository\com\google\errorprone\error_prone_annotations\2.1.3\error_prone_annotations-2.1.3.jar;E:\1704A\repository\com\google\j2objc\j2objc-annotations\1.1\j2objc-annotations-1.1.jar;E:\1704A\repository\org\codehaus\mojo\animal-sniffer-annotations\1.14\animal-sniffer-annotations-1.14.jar;E:\1704A\hdServiceCode\nm-framework-utils\target\nm-framework-utils.jar;E:\1704A\repository\javax\servlet\javax.servlet-api\3.1.0\javax.servlet-api-3.1.0.jar;E:\1704A\repository\org\springframework\boot\spring-boot-starter-logging\2.0.1.RELEASE\spring-boot-starter-logging-2.0.1.RELEASE.jar;E:\1704A\repository\ch\qos\logback\logback-classic\1.2.3\logback-classic-1.2.3.jar;E:\1704A\repository\ch\qos\logback\logback-core\1.2.3\logback-core-1.2.3.jar;E:\1704A\repository\org\apache\logging\log4j\log4j-to-slf4j\2.10.0\log4j-to-slf4j-2.10.0.jar;E:\1704A\repository\org\apache\logging\log4j\log4j-api\2.10.0\log4j-api-2.10.0.jar;E:\1704A\repository\org\slf4j\jul-to-slf4j\1.7.25\jul-to-slf4j-1.7.25.jar;E:\1704A\repository\org\apache\httpcomponents\httpclient\4.5.5\httpclient-4.5.5.jar;E:\1704A\repository\org\apache\httpcomponents\httpcore\4.4.9\httpcore-4.4.9.jar;E:\1704A\repository\commons-codec\commons-codec\1.10\commons-codec-1.10.jar;E:\1704A\repository\net\lingala\zip4j\zip4j\1.3.1\zip4j-1.3.1.jar;E:\1704A\repository\org\springframework\security\spring-security-crypto\5.0.4.RELEASE\spring-security-crypto-5.0.4.RELEASE.jar;E:\1704A\repository\org\springframework\security\spring-security-jwt\1.0.8.RELEASE\spring-security-jwt-1.0.8.RELEASE.jar;E:\1704A\repository\org\bouncycastle\bcpkix-jdk15on\1.56\bcpkix-jdk15on-1.56.jar;E:\1704A\repository\org\bouncycastle\bcprov-jdk15on\1.56\bcprov-jdk15on-1.56.jar;E:\1704A\hdServiceCode\nm-framework-common\target\nm-framework-common.jar;E:\1704A\repository\org\springframework\spring-web\5.0.5.RELEASE\spring-web-5.0.5.RELEASE.jar;E:\1704A\repository\org\springframework\boot\spring-boot-starter-web\2.0.1.RELEASE\spring-boot-starter-web-2.0.1.RELEASE.jar;E:\1704A\repository\org\springframework\boot\spring-boot-starter-json\2.0.1.RELEASE\spring-boot-starter-json-2.0.1.RELEASE.jar;E:\1704A\repository\com\fasterxml\jackson\core\jackson-databind\2.9.5\jackson-databind-2.9.5.jar;E:\1704A\repository\com\fasterxml\jackson\datatype\jackson-datatype-jdk8\2.9.5\jackson-datatype-jdk8-2.9.5.jar;E:\1704A\repository\com\fasterxml\jackson\datatype\jackson-datatype-jsr310\2.9.5\jackson-datatype-jsr310-2.9.5.jar;E:\1704A\repository\com\fasterxml\jackson\module\jackson-module-parameter-names\2.9.5\jackson-module-parameter-names-2.9.5.jar;E:\1704A\repository\org\springframework\boot\spring-boot-starter-tomcat\2.0.1.RELEASE\spring-boot-starter-tomcat-2.0.1.RELEASE.jar;E:\1704A\repository\org\apache\tomcat\embed\tomcat-embed-core\8.5.28\tomcat-embed-core-8.5.28.jar;E:\1704A\repository\org\apache\tomcat\embed\tomcat-embed-el\8.5.28\tomcat-embed-el-8.5.28.jar;E:\1704A\repository\org\apache\tomcat\embed\tomcat-embed-websocket\8.5.28\tomcat-embed-websocket-8.5.28.jar;E:\1704A\repository\org\hibernate\validator\hibernate-validator\6.0.9.Final\hibernate-validator-6.0.9.Final.jar;E:\1704A\repository\javax\validation\validation-api\2.0.1.Final\validation-api-2.0.1.Final.jar;E:\1704A\repository\org\springframework\spring-webmvc\5.0.5.RELEASE\spring-webmvc-5.0.5.RELEASE.jar;E:\1704A\repository\org\springframework\spring-aop\5.0.5.RELEASE\spring-aop-5.0.5.RELEASE.jar;E:\1704A\repository\mysql\mysql-connector-java\5.1.40\mysql-connector-java-5.1.40.jar;E:\1704A\repository\com\alibaba\druid-spring-boot-starter\1.1.10\druid-spring-boot-starter-1.1.10.jar;E:\1704A\repository\com\alibaba\druid\1.1.6\druid-1.1.6.jar;E:\1704A\repository\org\slf4j\slf4j-api\1.7.25\slf4j-api-1.7.25.jar;E:\1704A\repository\org\springframework\boot\spring-boot-autoconfigure\2.0.1.RELEASE\spring-boot-autoconfigure-2.0.1.RELEASE.jar;E:\1704A\repository\org\mybatis\spring\boot\mybatis-spring-boot-starter\1.3.1\mybatis-spring-boot-starter-1.3.1.jar;E:\1704A\repository\org\springframework\boot\spring-boot-starter-jdbc\2.0.1.RELEASE\spring-boot-starter-jdbc-2.0.1.RELEASE.jar;E:\1704A\repository\com\zaxxer\HikariCP\2.7.8\HikariCP-2.7.8.jar;E:\1704A\repository\org\mybatis\spring\boot\mybatis-spring-boot-autoconfigure\1.3.1\mybatis-spring-boot-autoconfigure-1.3.1.jar;E:\1704A\repository\org\mybatis\mybatis\3.4.5\mybatis-3.4.5.jar;E:\1704A\repository\org\mybatis\mybatis-spring\1.3.1\mybatis-spring-1.3.1.jar;E:\1704A\repository\org\springframework\spring-orm\5.0.5.RELEASE\spring-orm-5.0.5.RELEASE.jar;E:\1704A\repository\org\springframework\spring-beans\5.0.5.RELEASE\spring-beans-5.0.5.RELEASE.jar;E:\1704A\repository\org\springframework\spring-core\5.0.5.RELEASE\spring-core-5.0.5.RELEASE.jar;E:\1704A\repository\org\springframework\spring-jcl\5.0.5.RELEASE\spring-jcl-5.0.5.RELEASE.jar;E:\1704A\repository\org\springframework\spring-jdbc\5.0.5.RELEASE\spring-jdbc-5.0.5.RELEASE.jar;E:\1704A\repository\org\springframework\spring-tx\5.0.5.RELEASE\spring-tx-5.0.5.RELEASE.jar;E:\1704A\repository\org\springframework\boot\spring-boot-starter-data-jpa\2.0.1.RELEASE\spring-boot-starter-data-jpa-2.0.1.RELEASE.jar;E:\1704A\repository\org\springframework\boot\spring-boot-starter-aop\2.0.1.RELEASE\spring-boot-starter-aop-2.0.1.RELEASE.jar;E:\1704A\repository\org\aspectj\aspectjweaver\1.8.13\aspectjweaver-1.8.13.jar;E:\1704A\repository\javax\transaction\javax.transaction-api\1.2\javax.transaction-api-1.2.jar;E:\1704A\repository\org\springframework\data\spring-data-jpa\2.0.6.RELEASE\spring-data-jpa-2.0.6.RELEASE.jar;E:\1704A\repository\org\springframework\spring-aspects\5.0.5.RELEASE\spring-aspects-5.0.5.RELEASE.jar;E:\1704A\repository\com\squareup\okhttp3\okhttp\3.9.1\okhttp-3.9.1.jar;E:\1704A\repository\com\squareup\okio\okio\1.13.0\okio-1.13.0.jar;E:\1704A\repository\com\alibaba\fastjson\1.2.30\fastjson-1.2.30.jar;E:\1704A\repository\commons-io\commons-io\2.6\commons-io-2.6.jar;E:\1704A\repository\org\apache\commons\commons-lang3\3.6\commons-lang3-3.6.jar;E:\1704A\repository\org\springframework\boot\spring-boot-starter-test\2.0.1.RELEASE\spring-boot-starter-test-2.0.1.RELEASE.jar;E:\1704A\repository\org\springframework\boot\spring-boot-test\2.0.1.RELEASE\spring-boot-test-2.0.1.RELEASE.jar;E:\1704A\repository\org\springframework\boot\spring-boot-test-autoconfigure\2.0.1.RELEASE\spring-boot-test-autoconfigure-2.0.1.RELEASE.jar;E:\1704A\repository\com\jayway\jsonpath\json-path\2.4.0\json-path-2.4.0.jar;E:\1704A\repository\net\minidev\json-smart\2.3\json-smart-2.3.jar;E:\1704A\repository\net\minidev\accessors-smart\1.2\accessors-smart-1.2.jar;E:\1704A\repository\org\ow2\asm\asm\5.0.4\asm-5.0.4.jar;E:\1704A\repository\junit\junit\4.12\junit-4.12.jar;E:\1704A\repository\org\assertj\assertj-core\3.9.1\assertj-core-3.9.1.jar;E:\1704A\repository\org\mockito\mockito-core\2.15.0\mockito-core-2.15.0.jar;E:\1704A\repository\net\bytebuddy\byte-buddy\1.7.11\byte-buddy-1.7.11.jar;E:\1704A\repository\net\bytebuddy\byte-buddy-agent\1.7.11\byte-buddy-agent-1.7.11.jar;E:\1704A\repository\org\objenesis\objenesis\2.6\objenesis-2.6.jar;E:\1704A\repository\org\hamcrest\hamcrest-core\1.3\hamcrest-core-1.3.jar;E:\1704A\repository\org\hamcrest\hamcrest-library\1.3\hamcrest-library-1.3.jar;E:\1704A\repository\org\skyscreamer\jsonassert\1.5.0\jsonassert-1.5.0.jar;E:\1704A\repository\com\vaadin\external\google\android-json\0.0.20131108.vaadin1\android-json-0.0.20131108.vaadin1.jar;E:\1704A\repository\org\springframework\spring-test\5.0.5.RELEASE\spring-test-5.0.5.RELEASE.jar;E:\1704A\repository\org\xmlunit\xmlunit-core\2.5.1\xmlunit-core-2.5.1.jar;E:\1704A\repository\org\springframework\cloud\spring-cloud-starter-netflix-eureka-client\2.0.1.RELEASE\spring-cloud-starter-netflix-eureka-client-2.0.1.RELEASE.jar;E:\1704A\repository\org\springframework\cloud\spring-cloud-starter\2.0.1.RELEASE\spring-cloud-starter-2.0.1.RELEASE.jar;E:\1704A\repository\org\springframework\cloud\spring-cloud-context\2.0.1.RELEASE\spring-cloud-context-2.0.1.RELEASE.jar;E:\1704A\repository\org\springframework\security\spring-security-rsa\1.0.5.RELEASE\spring-security-rsa-1.0.5.RELEASE.jar;E:\1704A\repository\org\springframework\cloud\spring-cloud-netflix-core\2.0.1.RELEASE\spring-cloud-netflix-core-2.0.1.RELEASE.jar;E:\1704A\repository\org\springframework\cloud\spring-cloud-netflix-eureka-client\2.0.1.RELEASE\spring-cloud-netflix-eureka-client-2.0.1.RELEASE.jar;E:\1704A\repository\com\netflix\eureka\eureka-client\1.9.3\eureka-client-1.9.3.jar;E:\1704A\repository\org\codehaus\jettison\jettison\1.3.7\jettison-1.3.7.jar;E:\1704A\repository\stax\stax-api\1.0.1\stax-api-1.0.1.jar;E:\1704A\repository\com\netflix\netflix-commons\netflix-eventbus\0.3.0\netflix-eventbus-0.3.0.jar;E:\1704A\repository\com\netflix\netflix-commons\netflix-infix\0.3.0\netflix-infix-0.3.0.jar;E:\1704A\repository\commons-jxpath\commons-jxpath\1.3\commons-jxpath-1.3.jar;E:\1704A\repository\joda-time\joda-time\2.9.9\joda-time-2.9.9.jar;E:\1704A\repository\org\antlr\antlr-runtime\3.4\antlr-runtime-3.4.jar;E:\1704A\repository\org\antlr\stringtemplate\3.2.1\stringtemplate-3.2.1.jar;E:\1704A\repository\com\google\code\gson\gson\2.8.2\gson-2.8.2.jar;E:\1704A\repository\org\apache\commons\commons-math\2.2\commons-math-2.2.jar;E:\1704A\repository\com\netflix\archaius\archaius-core\0.7.6\archaius-core-0.7.6.jar;E:\1704A\repository\javax\ws\rs\jsr311-api\1.1.1\jsr311-api-1.1.1.jar;E:\1704A\repository\com\netflix\servo\servo-core\0.12.21\servo-core-0.12.21.jar;E:\1704A\repository\com\sun\jersey\jersey-core\1.19.1\jersey-core-1.19.1.jar;E:\1704A\repository\com\sun\jersey\jersey-client\1.19.1\jersey-client-1.19.1.jar;E:\1704A\repository\com\sun\jersey\contribs\jersey-apache-client4\1.19.1\jersey-apache-client4-1.19.1.jar;E:\1704A\repository\com\google\inject\guice\4.1.0\guice-4.1.0.jar;E:\1704A\repository\javax\inject\javax.inject\1\javax.inject-1.jar;E:\1704A\repository\aopalliance\aopalliance\1.0\aopalliance-1.0.jar;E:\1704A\repository\com\github\vlsi\compactmap\compactmap\1.2.1\compactmap-1.2.1.jar;E:\1704A\repository\com\github\andrewoma\dexx\dexx-collections\0.2\dexx-collections-0.2.jar;E:\1704A\repository\com\fasterxml\jackson\core\jackson-annotations\2.9.0\jackson-annotations-2.9.0.jar;E:\1704A\repository\com\fasterxml\jackson\core\jackson-core\2.9.5\jackson-core-2.9.5.jar;E:\1704A\repository\com\netflix\eureka\eureka-core\1.9.3\eureka-core-1.9.3.jar;E:\1704A\repository\org\codehaus\woodstox\woodstox-core-asl\4.4.1\woodstox-core-asl-4.4.1.jar;E:\1704A\repository\javax\xml\stream\stax-api\1.0-2\stax-api-1.0-2.jar;E:\1704A\repository\org\codehaus\woodstox\stax2-api\3.1.4\stax2-api-3.1.4.jar;E:\1704A\repository\org\springframework\cloud\spring-cloud-starter-netflix-archaius\2.0.1.RELEASE\spring-cloud-starter-netflix-archaius-2.0.1.RELEASE.jar;E:\1704A\repository\org\springframework\cloud\spring-cloud-netflix-ribbon\2.0.1.RELEASE\spring-cloud-netflix-ribbon-2.0.1.RELEASE.jar;E:\1704A\repository\org\springframework\cloud\spring-cloud-netflix-archaius\2.0.1.RELEASE\spring-cloud-netflix-archaius-2.0.1.RELEASE.jar;E:\1704A\repository\commons-configuration\commons-configuration\1.8\commons-configuration-1.8.jar;E:\1704A\repository\commons-lang\commons-lang\2.6\commons-lang-2.6.jar;E:\1704A\repository\org\springframework\cloud\spring-cloud-starter-netflix-ribbon\2.0.1.RELEASE\spring-cloud-starter-netflix-ribbon-2.0.1.RELEASE.jar;E:\1704A\repository\com\netflix\ribbon\ribbon\2.2.5\ribbon-2.2.5.jar;E:\1704A\repository\com\netflix\ribbon\ribbon-transport\2.2.5\ribbon-transport-2.2.5.jar;E:\1704A\repository\io\reactivex\rxnetty-contexts\0.4.9\rxnetty-contexts-0.4.9.jar;E:\1704A\repository\io\reactivex\rxnetty-servo\0.4.9\rxnetty-servo-0.4.9.jar;E:\1704A\repository\io\reactivex\rxnetty\0.4.9\rxnetty-0.4.9.jar;E:\1704A\repository\io\netty\netty-codec-http\4.1.23.Final\netty-codec-http-4.1.23.Final.jar;E:\1704A\repository\io\netty\netty-codec\4.1.23.Final\netty-codec-4.1.23.Final.jar;E:\1704A\repository\io\netty\netty-transport-native-epoll\4.1.23.Final\netty-transport-native-epoll-4.1.23.Final.jar;E:\1704A\repository\io\netty\netty-common\4.1.23.Final\netty-common-4.1.23.Final.jar;E:\1704A\repository\io\netty\netty-buffer\4.1.23.Final\netty-buffer-4.1.23.Final.jar;E:\1704A\repository\io\netty\netty-transport-native-unix-common\4.1.23.Final\netty-transport-native-unix-common-4.1.23.Final.jar;E:\1704A\repository\io\netty\netty-transport\4.1.23.Final\netty-transport-4.1.23.Final.jar;E:\1704A\repository\io\netty\netty-resolver\4.1.23.Final\netty-resolver-4.1.23.Final.jar;E:\1704A\repository\com\netflix\ribbon\ribbon-core\2.2.5\ribbon-core-2.2.5.jar;E:\1704A\repository\com\netflix\ribbon\ribbon-httpclient\2.2.5\ribbon-httpclient-2.2.5.jar;E:\1704A\repository\commons-collections\commons-collections\3.2.2\commons-collections-3.2.2.jar;E:\1704A\repository\com\netflix\netflix-commons\netflix-commons-util\0.3.0\netflix-commons-util-0.3.0.jar;E:\1704A\repository\com\netflix\ribbon\ribbon-loadbalancer\2.2.5\ribbon-loadbalancer-2.2.5.jar;E:\1704A\repository\com\netflix\netflix-commons\netflix-statistics\0.1.1\netflix-statistics-0.1.1.jar;E:\1704A\repository\io\reactivex\rxjava\1.3.8\rxjava-1.3.8.jar;E:\1704A\repository\com\netflix\ribbon\ribbon-eureka\2.2.5\ribbon-eureka-2.2.5.jar;E:\1704A\repository\com\thoughtworks\xstream\xstream\1.4.10\xstream-1.4.10.jar;E:\1704A\repository\xmlpull\xmlpull\1.1.3.1\xmlpull-1.1.3.1.jar;E:\1704A\repository\xpp3\xpp3_min\1.1.4c\xpp3_min-1.1.4c.jar;E:\1704A\repository\org\springframework\cloud\spring-cloud-starter-openfeign\2.0.1.RELEASE\spring-cloud-starter-openfeign-2.0.1.RELEASE.jar;E:\1704A\repository\org\springframework\cloud\spring-cloud-openfeign-core\2.0.1.RELEASE\spring-cloud-openfeign-core-2.0.1.RELEASE.jar;E:\1704A\repository\org\springframework\cloud\spring-cloud-commons\2.0.1.RELEASE\spring-cloud-commons-2.0.1.RELEASE.jar;E:\1704A\repository\io\github\openfeign\feign-core\9.5.1\feign-core-9.5.1.jar;E:\1704A\repository\io\github\openfeign\feign-slf4j\9.5.1\feign-slf4j-9.5.1.jar;E:\1704A\repository\io\github\openfeign\feign-hystrix\9.5.1\feign-hystrix-9.5.1.jar;E:\1704A\repository\com\netflix\hystrix\hystrix-core\1.5.12\hystrix-core-1.5.12.jar;E:\1704A\repository\org\hdrhistogram\HdrHistogram\2.1.9\HdrHistogram-2.1.9.jar;E:\1704A\repository\io\github\openfeign\feign-java8\9.5.1\feign-java8-9.5.1.jar;E:\1704A\repository\com\netflix\feign\feign-okhttp\8.18.0\feign-okhttp-8.18.0.jar;E:\1704A\repository\com\netflix\feign\feign-core\8.18.0\feign-core-8.18.0.jar;E:\1704A\repository\org\jvnet\animal-sniffer-annotation\1.0\animal-sniffer-annotation-1.0.jar;, user.name=wangb, java.vm.specification.version=1.8, sun.java.command=C:\Users\wangb\AppData\Local\Temp\surefire8359040626052298865\surefirebooter7147715406186341325.jar C:\Users\wangb\AppData\Local\Temp\surefire8359040626052298865 2020-03-09T20-44-46_260-jvmRun1 surefire1835119734498572997tmp surefire_16448304995619269847tmp, java.home=C:\Program Files\Java\jdk1.8.0_91\jre, sun.arch.data.model=64, user.language=zh, java.specification.vendor=Oracle Corporation, awt.toolkit=sun.awt.windows.WToolkit, java.vm.info=mixed mode, java.version=1.8.0_91, java.ext.dirs=C:\Program Files\Java\jdk1.8.0_91\jre\lib\ext;C:\WINDOWS\Sun\Java\lib\ext, sun.boot.class.path=C:\Program Files\Java\jdk1.8.0_91\jre\lib\resources.jar;C:\Program Files\Java\jdk1.8.0_91\jre\lib\rt.jar;C:\Program Files\Java\jdk1.8.0_91\jre\lib\sunrsasign.jar;C:\Program Files\Java\jdk1.8.0_91\jre\lib\jsse.jar;C:\Program Files\Java\jdk1.8.0_91\jre\lib\jce.jar;C:\Program Files\Java\jdk1.8.0_91\jre\lib\charsets.jar;C:\Program Files\Java\jdk1.8.0_91\jre\lib\jfr.jar;C:\Program Files\Java\jdk1.8.0_91\jre\classes, java.vendor=Oracle Corporation, localRepository=E:\1704A\repository, file.separator=\, java.vendor.url.bug=http://bugreport.sun.com/bugreport/, sun.io.unicode.encoding=UnicodeLittle, sun.cpu.endian=little, sun.desktop=windows, sun.cpu.isalist=amd64}}, SystemEnvironmentPropertySource@1715248762 {name='systemEnvironment', properties={PATH=E:\app\wangb\product\11.2.0\dbhome_1\bin;E:\maven\apache-maven-3.6.1\bin;C:\Program Files\Java\jdk1.8.0_91\bin;C:\Program Files (x86)\Intel\iCLS Client\;C:\Program Files\Intel\iCLS Client\;C:\Windows\system32;C:\Windows;C:\Windows\System32\Wbem;C:\Windows\System32\WindowsPowerShell\v1.0\;C:\Program Files (x86)\NVIDIA Corporation\PhysX\Common;C:\Program Files (x86)\Intel\Intel(R) Management Engine Components\DAL;C:\Program Files\Intel\Intel(R) Management Engine Components\DAL;C:\Program Files (x86)\Intel\Intel(R) Management Engine Components\IPT;C:\Program Files\Intel\Intel(R) Management Engine Components\IPT;C:\WINDOWS\system32;C:\WINDOWS;C:\WINDOWS\System32\Wbem;C:\WINDOWS\System32\WindowsPowerShell\v1.0\;C:\WINDOWS\System32\OpenSSH\;C:\Program Files\MySQL\MySQL Server 5.5\bin;E:\nodejs\;E:\Git\cmd;E:\Mp4\ffmpeg-20180227-fa0c9d6-win64-static\bin;C:\Users\wangb\AppData\Local\Microsoft\WindowsApps;C:\Users\wangb\AppData\Roaming\npm;E:\Microsoft VS Code\bin, USERDOMAIN_ROAMINGPROFILE=LAPTOP-8K1AKH0O, LOCALAPPDATA=C:\Users\wangb\AppData\Local, PROCESSOR_LEVEL=6, SYSTEMDRIVE=C:, COMMONPROGRAMFILES(X86)=C:\Program Files (x86)\Common Files, USERDOMAIN=LAPTOP-8K1AKH0O, FPS_BROWSER_APP_PROFILE_STRING=Internet Explorer, LOGONSERVER=\\LAPTOP-8K1AKH0O, JAVA_HOME=C:\Program Files\Java\jdk1.8.0_91, PROMPT=$P$G, SESSIONNAME=Console, ALLUSERSPROFILE=C:\ProgramData, PROGRAMFILES(X86)=C:\Program Files (x86), PROCESSOR_ARCHITECTURE=AMD64, DRIVERDATA=C:\Windows\System32\Drivers\DriverData, ERLANG_HOME=E:\erl9.2, =E:=E:\1704A\hdServiceCode\nm-service-manage-course, PROGRAMFILES=C:\Program Files, APPDATA=C:\Users\wangb\AppData\Roaming, MOZ_PLUGIN_PATH=E:\1704A\FoxitPhantomPDFBusiness\plugins\, PSMODULEPATH=C:\Program Files\WindowsPowerShell\Modules;C:\WINDOWS\system32\WindowsPowerShell\v1.0\Modules, PROGRAMW6432=C:\Program Files, PROGRAMDATA=C:\ProgramData, SYSTEMROOT=C:\WINDOWS, USERNAME=wangb, FPS_BROWSER_USER_PROFILE_STRING=Default, ONEDRIVE=C:\Users\wangb\OneDrive, CONFIGSETROOT=C:\WINDOWS\ConfigSetRoot, PATHEXT=.COM;.EXE;.BAT;.CMD;.VBS;.VBE;.JS;.JSE;.WSF;.WSH;.MSC, OS=Windows_NT, COMMONPROGRAMW6432=C:\Program Files\Common Files, COMPUTERNAME=LAPTOP-8K1AKH0O, COMMONPROGRAMFILES=C:\Program Files\Common Files, COMSPEC=C:\WINDOWS\system32\cmd.exe, PROCESSOR_REVISION=9e09, WINDIR=C:\WINDOWS, RABBITMQ_SERVER=E:\rabibitmq\rabbitmq_server-3.7.4, HOMEPATH=\Users\wangb, TEMP=C:\Users\wangb\AppData\Local\Temp, HOMEDRIVE=C:, PROCESSOR_IDENTIFIER=Intel64 Family 6 Model 158 Stepping 9, GenuineIntel, USERPROFILE=C:\Users\wangb, TMP=C:\Users\wangb\AppData\Local\Temp, PUBLIC=C:\Users\Public, NUMBER_OF_PROCESSORS=8, =::=::\}}]
20:45:17.649 [main] DEBUG org.springframework.test.context.support.TestPropertySourceUtils - Adding inlined properties to environment: {spring.jmx.enabled=false, org.springframework.boot.test.context.SpringBootTestContextBootstrapper=true, server.port=-1}
20:45:17.649 [main] DEBUG org.springframework.core.env.StandardEnvironment - Adding PropertySource 'Inlined Test Properties' with highest search precedence
2020-03-09 20:45:19.034 [main] DEBUG o.s.c.e.PropertySourcesPropertyResolver - Could not find key 'logging.register-shutdown-hook' in any property source
2020-03-09 20:45:19.035 [main] DEBUG o.s.b.c.l.ClasspathLoggingApplicationListener - Application started with classpath: [file:/C:/Users/wangb/AppData/Local/Temp/surefire8359040626052298865/surefirebooter7147715406186341325.jar]
2020-03-09 20:45:19.035 [main] DEBUG o.s.c.e.PropertySourcesPropertyResolver - Could not find key 'context.listener.classes' in any property source
2020-03-09 20:45:19.064 [main] DEBUG org.springframework.beans.BeanUtils - No property editor [org.springframework.boot.WebApplicationTypeEditor] found for type org.springframework.boot.WebApplicationType according to 'Editor' suffix convention
2020-03-09 20:45:19.069 [main] DEBUG o.s.core.env.StandardEnvironment - Removing PropertySource 'configurationProperties'
2020-03-09 20:45:19.070 [main] DEBUG o.s.core.env.StandardEnvironment - Adding PropertySource 'configurationProperties' with highest search precedence
2020-03-09 20:45:19.071 [main] DEBUG o.s.c.e.PropertySourcesPropertyResolver - Could not find key 'spring.beaninfo.ignore' in any property source
2020-03-09 20:45:19.099 [main] DEBUG o.s.core.env.StandardEnvironment - Adding PropertySource 'systemProperties' with lowest search precedence
2020-03-09 20:45:19.099 [main] DEBUG o.s.core.env.StandardEnvironment - Adding PropertySource 'systemEnvironment' with lowest search precedence
2020-03-09 20:45:19.099 [main] DEBUG o.s.core.env.StandardEnvironment - Initialized StandardEnvironment with PropertySources [MapPropertySource@1234586997 {name='systemProperties', properties={idea.version=2017.1.2, java.runtime.name=Java(TM) SE Runtime Environment, sun.boot.library.path=C:\Program Files\Java\jdk1.8.0_91\jre\bin, java.vm.version=25.91-b14, java.vm.vendor=Oracle Corporation, java.vendor.url=http://java.oracle.com/, path.separator=;, java.vm.name=Java HotSpot(TM) 64-Bit Server VM, file.encoding.pkg=sun.io, user.country=CN, user.script=, sun.java.launcher=SUN_STANDARD, sun.os.patch.level=, PID=27140, java.vm.specification.name=Java Virtual Machine Specification, user.dir=E:\1704A\hdServiceCode\nm-service-manage-course, java.runtime.version=1.8.0_91-b14, basedir=E:\1704A\hdServiceCode\nm-service-manage-course, java.awt.graphicsenv=sun.awt.Win32GraphicsEnvironment, java.endorsed.dirs=C:\Program Files\Java\jdk1.8.0_91\jre\lib\endorsed, os.arch=amd64, surefire.real.class.path=C:\Users\wangb\AppData\Local\Temp\surefire8359040626052298865\surefirebooter7147715406186341325.jar, java.io.tmpdir=C:\Users\wangb\AppData\Local\Temp\, line.separator=
, java.vm.specification.vendor=Oracle Corporation, user.variant=, os.name=Windows 10, sun.jnu.encoding=GBK, spring.beaninfo.ignore=true, java.library.path=C:\Program Files\Java\jdk1.8.0_91\jre\bin;C:\WINDOWS\Sun\Java\bin;C:\WINDOWS\system32;C:\WINDOWS;E:\app\wangb\product\11.2.0\dbhome_1\bin;E:\maven\apache-maven-3.6.1\bin;C:\Program Files\Java\jdk1.8.0_91\bin;C:\Program Files (x86)\Intel\iCLS Client\;C:\Program Files\Intel\iCLS Client\;C:\Windows\system32;C:\Windows;C:\Windows\System32\Wbem;C:\Windows\System32\WindowsPowerShell\v1.0\;C:\Program Files (x86)\NVIDIA Corporation\PhysX\Common;C:\Program Files (x86)\Intel\Intel(R) Management Engine Components\DAL;C:\Program Files\Intel\Intel(R) Management Engine Components\DAL;C:\Program Files (x86)\Intel\Intel(R) Management Engine Components\IPT;C:\Program Files\Intel\Intel(R) Management Engine Components\IPT;C:\WINDOWS\system32;C:\WINDOWS;C:\WINDOWS\System32\Wbem;C:\WINDOWS\System32\WindowsPowerShell\v1.0\;C:\WINDOWS\System32\OpenSSH\;C:\Program Files\MySQL\MySQL Server 5.5\bin;E:\nodejs\;E:\Git\cmd;E:\Mp4\ffmpeg-20180227-fa0c9d6-win64-static\bin;C:\Users\wangb\AppData\Local\Microsoft\WindowsApps;C:\Users\wangb\AppData\Roaming\npm;E:\Microsoft VS Code\bin;., surefire.test.class.path=E:\1704A\hdServiceCode\nm-service-manage-course\target\test-classes;E:\1704A\hdServiceCode\nm-service-manage-course\target\classes;E:\1704A\repository\com\github\pagehelper\pagehelper-spring-boot-starter\1.2.4\pagehelper-spring-boot-starter-1.2.4.jar;E:\1704A\repository\org\springframework\boot\spring-boot-starter\2.0.1.RELEASE\spring-boot-starter-2.0.1.RELEASE.jar;E:\1704A\repository\org\springframework\boot\spring-boot\2.0.1.RELEASE\spring-boot-2.0.1.RELEASE.jar;E:\1704A\repository\javax\annotation\javax.annotation-api\1.3.2\javax.annotation-api-1.3.2.jar;E:\1704A\repository\org\yaml\snakeyaml\1.19\snakeyaml-1.19.jar;E:\1704A\repository\com\github\pagehelper\pagehelper-spring-boot-autoconfigure\1.2.4\pagehelper-spring-boot-autoconfigure-1.2.4.jar;E:\1704A\repository\com\github\pagehelper\pagehelper\5.1.3\pagehelper-5.1.3.jar;E:\1704A\repository\com\github\jsqlparser\jsqlparser\1.0\jsqlparser-1.0.jar;E:\1704A\hdServiceCode\nm-service-api\target\nm-service-api.jar;E:\1704A\repository\commons-fileupload\commons-fileupload\1.3.3\commons-fileupload-1.3.3.jar;E:\1704A\repository\io\springfox\springfox-swagger2\2.7.0\springfox-swagger2-2.7.0.jar;E:\1704A\repository\io\swagger\swagger-annotations\1.5.13\swagger-annotations-1.5.13.jar;E:\1704A\repository\io\swagger\swagger-models\1.5.13\swagger-models-1.5.13.jar;E:\1704A\repository\io\springfox\springfox-spi\2.7.0\springfox-spi-2.7.0.jar;E:\1704A\repository\io\springfox\springfox-core\2.7.0\springfox-core-2.7.0.jar;E:\1704A\repository\io\springfox\springfox-schema\2.7.0\springfox-schema-2.7.0.jar;E:\1704A\repository\io\springfox\springfox-swagger-common\2.7.0\springfox-swagger-common-2.7.0.jar;E:\1704A\repository\io\springfox\springfox-spring-web\2.7.0\springfox-spring-web-2.7.0.jar;E:\1704A\repository\org\reflections\reflections\0.9.11\reflections-0.9.11.jar;E:\1704A\repository\com\fasterxml\classmate\1.3.4\classmate-1.3.4.jar;E:\1704A\repository\org\springframework\plugin\spring-plugin-core\1.2.0.RELEASE\spring-plugin-core-1.2.0.RELEASE.jar;E:\1704A\repository\org\springframework\plugin\spring-plugin-metadata\1.2.0.RELEASE\spring-plugin-metadata-1.2.0.RELEASE.jar;E:\1704A\repository\org\mapstruct\mapstruct\1.1.0.Final\mapstruct-1.1.0.Final.jar;E:\1704A\repository\io\springfox\springfox-swagger-ui\2.7.0\springfox-swagger-ui-2.7.0.jar;E:\1704A\hdServiceCode\nm-framework-model\target\nm-framework-model.jar;E:\1704A\repository\org\projectlombok\lombok\1.16.16\lombok-1.16.16.jar;E:\1704A\repository\org\springframework\data\spring-data-commons\2.0.6.RELEASE\spring-data-commons-2.0.6.RELEASE.jar;E:\1704A\repository\org\springframework\data\spring-data-mongodb\2.0.6.RELEASE\spring-data-mongodb-2.0.6.RELEASE.jar;E:\1704A\repository\org\springframework\spring-context\5.0.5.RELEASE\spring-context-5.0.5.RELEASE.jar;E:\1704A\repository\org\springframework\spring-expression\5.0.5.RELEASE\spring-expression-5.0.5.RELEASE.jar;E:\1704A\repository\org\mongodb\mongo-java-driver\3.6.3\mongo-java-driver-3.6.3.jar;E:\1704A\repository\org\hibernate\hibernate-core\5.2.16.Final\hibernate-core-5.2.16.Final.jar;E:\1704A\repository\org\jboss\logging\jboss-logging\3.3.2.Final\jboss-logging-3.3.2.Final.jar;E:\1704A\repository\org\hibernate\javax\persistence\hibernate-jpa-2.1-api\1.0.0.Final\hibernate-jpa-2.1-api-1.0.0.Final.jar;E:\1704A\repository\org\javassist\javassist\3.22.0-GA\javassist-3.22.0-GA.jar;E:\1704A\repository\antlr\antlr\2.7.7\antlr-2.7.7.jar;E:\1704A\repository\org\jboss\spec\javax\transaction\jboss-transaction-api_1.2_spec\1.0.1.Final\jboss-transaction-api_1.2_spec-1.0.1.Final.jar;E:\1704A\repository\org\jboss\jandex\2.0.3.Final\jandex-2.0.3.Final.jar;E:\1704A\repository\dom4j\dom4j\1.6.1\dom4j-1.6.1.jar;E:\1704A\repository\org\hibernate\common\hibernate-commons-annotations\5.0.1.Final\hibernate-commons-annotations-5.0.1.Final.jar;E:\1704A\repository\com\google\guava\guava\24.0-jre\guava-24.0-jre.jar;E:\1704A\repository\com\google\code\findbugs\jsr305\1.3.9\jsr305-1.3.9.jar;E:\1704A\repository\org\checkerframework\checker-compat-qual\2.0.0\checker-compat-qual-2.0.0.jar;E:\1704A\repository\com\google\errorprone\error_prone_annotations\2.1.3\error_prone_annotations-2.1.3.jar;E:\1704A\repository\com\google\j2objc\j2objc-annotations\1.1\j2objc-annotations-1.1.jar;E:\1704A\repository\org\codehaus\mojo\animal-sniffer-annotations\1.14\animal-sniffer-annotations-1.14.jar;E:\1704A\hdServiceCode\nm-framework-utils\target\nm-framework-utils.jar;E:\1704A\repository\javax\servlet\javax.servlet-api\3.1.0\javax.servlet-api-3.1.0.jar;E:\1704A\repository\org\springframework\boot\spring-boot-starter-logging\2.0.1.RELEASE\spring-boot-starter-logging-2.0.1.RELEASE.jar;E:\1704A\repository\ch\qos\logback\logback-classic\1.2.3\logback-classic-1.2.3.jar;E:\1704A\repository\ch\qos\logback\logback-core\1.2.3\logback-core-1.2.3.jar;E:\1704A\repository\org\apache\logging\log4j\log4j-to-slf4j\2.10.0\log4j-to-slf4j-2.10.0.jar;E:\1704A\repository\org\apache\logging\log4j\log4j-api\2.10.0\log4j-api-2.10.0.jar;E:\1704A\repository\org\slf4j\jul-to-slf4j\1.7.25\jul-to-slf4j-1.7.25.jar;E:\1704A\repository\org\apache\httpcomponents\httpclient\4.5.5\httpclient-4.5.5.jar;E:\1704A\repository\org\apache\httpcomponents\httpcore\4.4.9\httpcore-4.4.9.jar;E:\1704A\repository\commons-codec\commons-codec\1.10\commons-codec-1.10.jar;E:\1704A\repository\net\lingala\zip4j\zip4j\1.3.1\zip4j-1.3.1.jar;E:\1704A\repository\org\springframework\security\spring-security-crypto\5.0.4.RELEASE\spring-security-crypto-5.0.4.RELEASE.jar;E:\1704A\repository\org\springframework\security\spring-security-jwt\1.0.8.RELEASE\spring-security-jwt-1.0.8.RELEASE.jar;E:\1704A\repository\org\bouncycastle\bcpkix-jdk15on\1.56\bcpkix-jdk15on-1.56.jar;E:\1704A\repository\org\bouncycastle\bcprov-jdk15on\1.56\bcprov-jdk15on-1.56.jar;E:\1704A\hdServiceCode\nm-framework-common\target\nm-framework-common.jar;E:\1704A\repository\org\springframework\spring-web\5.0.5.RELEASE\spring-web-5.0.5.RELEASE.jar;E:\1704A\repository\org\springframework\boot\spring-boot-starter-web\2.0.1.RELEASE\spring-boot-starter-web-2.0.1.RELEASE.jar;E:\1704A\repository\org\springframework\boot\spring-boot-starter-json\2.0.1.RELEASE\spring-boot-starter-json-2.0.1.RELEASE.jar;E:\1704A\repository\com\fasterxml\jackson\core\jackson-databind\2.9.5\jackson-databind-2.9.5.jar;E:\1704A\repository\com\fasterxml\jackson\datatype\jackson-datatype-jdk8\2.9.5\jackson-datatype-jdk8-2.9.5.jar;E:\1704A\repository\com\fasterxml\jackson\datatype\jackson-datatype-jsr310\2.9.5\jackson-datatype-jsr310-2.9.5.jar;E:\1704A\repository\com\fasterxml\jackson\module\jackson-module-parameter-names\2.9.5\jackson-module-parameter-names-2.9.5.jar;E:\1704A\repository\org\springframework\boot\spring-boot-starter-tomcat\2.0.1.RELEASE\spring-boot-starter-tomcat-2.0.1.RELEASE.jar;E:\1704A\repository\org\apache\tomcat\embed\tomcat-embed-core\8.5.28\tomcat-embed-core-8.5.28.jar;E:\1704A\repository\org\apache\tomcat\embed\tomcat-embed-el\8.5.28\tomcat-embed-el-8.5.28.jar;E:\1704A\repository\org\apache\tomcat\embed\tomcat-embed-websocket\8.5.28\tomcat-embed-websocket-8.5.28.jar;E:\1704A\repository\org\hibernate\validator\hibernate-validator\6.0.9.Final\hibernate-validator-6.0.9.Final.jar;E:\1704A\repository\javax\validation\validation-api\2.0.1.Final\validation-api-2.0.1.Final.jar;E:\1704A\repository\org\springframework\spring-webmvc\5.0.5.RELEASE\spring-webmvc-5.0.5.RELEASE.jar;E:\1704A\repository\org\springframework\spring-aop\5.0.5.RELEASE\spring-aop-5.0.5.RELEASE.jar;E:\1704A\repository\mysql\mysql-connector-java\5.1.40\mysql-connector-java-5.1.40.jar;E:\1704A\repository\com\alibaba\druid-spring-boot-starter\1.1.10\druid-spring-boot-starter-1.1.10.jar;E:\1704A\repository\com\alibaba\druid\1.1.6\druid-1.1.6.jar;E:\1704A\repository\org\slf4j\slf4j-api\1.7.25\slf4j-api-1.7.25.jar;E:\1704A\repository\org\springframework\boot\spring-boot-autoconfigure\2.0.1.RELEASE\spring-boot-autoconfigure-2.0.1.RELEASE.jar;E:\1704A\repository\org\mybatis\spring\boot\mybatis-spring-boot-starter\1.3.1\mybatis-spring-boot-starter-1.3.1.jar;E:\1704A\repository\org\springframework\boot\spring-boot-starter-jdbc\2.0.1.RELEASE\spring-boot-starter-jdbc-2.0.1.RELEASE.jar;E:\1704A\repository\com\zaxxer\HikariCP\2.7.8\HikariCP-2.7.8.jar;E:\1704A\repository\org\mybatis\spring\boot\mybatis-spring-boot-autoconfigure\1.3.1\mybatis-spring-boot-autoconfigure-1.3.1.jar;E:\1704A\repository\org\mybatis\mybatis\3.4.5\mybatis-3.4.5.jar;E:\1704A\repository\org\mybatis\mybatis-spring\1.3.1\mybatis-spring-1.3.1.jar;E:\1704A\repository\org\springframework\spring-orm\5.0.5.RELEASE\spring-orm-5.0.5.RELEASE.jar;E:\1704A\repository\org\springframework\spring-beans\5.0.5.RELEASE\spring-beans-5.0.5.RELEASE.jar;E:\1704A\repository\org\springframework\spring-core\5.0.5.RELEASE\spring-core-5.0.5.RELEASE.jar;E:\1704A\repository\org\springframework\spring-jcl\5.0.5.RELEASE\spring-jcl-5.0.5.RELEASE.jar;E:\1704A\repository\org\springframework\spring-jdbc\5.0.5.RELEASE\spring-jdbc-5.0.5.RELEASE.jar;E:\1704A\repository\org\springframework\spring-tx\5.0.5.RELEASE\spring-tx-5.0.5.RELEASE.jar;E:\1704A\repository\org\springframework\boot\spring-boot-starter-data-jpa\2.0.1.RELEASE\spring-boot-starter-data-jpa-2.0.1.RELEASE.jar;E:\1704A\repository\org\springframework\boot\spring-boot-starter-aop\2.0.1.RELEASE\spring-boot-starter-aop-2.0.1.RELEASE.jar;E:\1704A\repository\org\aspectj\aspectjweaver\1.8.13\aspectjweaver-1.8.13.jar;E:\1704A\repository\javax\transaction\javax.transaction-api\1.2\javax.transaction-api-1.2.jar;E:\1704A\repository\org\springframework\data\spring-data-jpa\2.0.6.RELEASE\spring-data-jpa-2.0.6.RELEASE.jar;E:\1704A\repository\org\springframework\spring-aspects\5.0.5.RELEASE\spring-aspects-5.0.5.RELEASE.jar;E:\1704A\repository\com\squareup\okhttp3\okhttp\3.9.1\okhttp-3.9.1.jar;E:\1704A\repository\com\squareup\okio\okio\1.13.0\okio-1.13.0.jar;E:\1704A\repository\com\alibaba\fastjson\1.2.30\fastjson-1.2.30.jar;E:\1704A\repository\commons-io\commons-io\2.6\commons-io-2.6.jar;E:\1704A\repository\org\apache\commons\commons-lang3\3.6\commons-lang3-3.6.jar;E:\1704A\repository\org\springframework\boot\spring-boot-starter-test\2.0.1.RELEASE\spring-boot-starter-test-2.0.1.RELEASE.jar;E:\1704A\repository\org\springframework\boot\spring-boot-test\2.0.1.RELEASE\spring-boot-test-2.0.1.RELEASE.jar;E:\1704A\repository\org\springframework\boot\spring-boot-test-autoconfigure\2.0.1.RELEASE\spring-boot-test-autoconfigure-2.0.1.RELEASE.jar;E:\1704A\repository\com\jayway\jsonpath\json-path\2.4.0\json-path-2.4.0.jar;E:\1704A\repository\net\minidev\json-smart\2.3\json-smart-2.3.jar;E:\1704A\repository\net\minidev\accessors-smart\1.2\accessors-smart-1.2.jar;E:\1704A\repository\org\ow2\asm\asm\5.0.4\asm-5.0.4.jar;E:\1704A\repository\junit\junit\4.12\junit-4.12.jar;E:\1704A\repository\org\assertj\assertj-core\3.9.1\assertj-core-3.9.1.jar;E:\1704A\repository\org\mockito\mockito-core\2.15.0\mockito-core-2.15.0.jar;E:\1704A\repository\net\bytebuddy\byte-buddy\1.7.11\byte-buddy-1.7.11.jar;E:\1704A\repository\net\bytebuddy\byte-buddy-agent\1.7.11\byte-buddy-agent-1.7.11.jar;E:\1704A\repository\org\objenesis\objenesis\2.6\objenesis-2.6.jar;E:\1704A\repository\org\hamcrest\hamcrest-core\1.3\hamcrest-core-1.3.jar;E:\1704A\repository\org\hamcrest\hamcrest-library\1.3\hamcrest-library-1.3.jar;E:\1704A\repository\org\skyscreamer\jsonassert\1.5.0\jsonassert-1.5.0.jar;E:\1704A\repository\com\vaadin\external\google\android-json\0.0.20131108.vaadin1\android-json-0.0.20131108.vaadin1.jar;E:\1704A\repository\org\springframework\spring-test\5.0.5.RELEASE\spring-test-5.0.5.RELEASE.jar;E:\1704A\repository\org\xmlunit\xmlunit-core\2.5.1\xmlunit-core-2.5.1.jar;E:\1704A\repository\org\springframework\cloud\spring-cloud-starter-netflix-eureka-client\2.0.1.RELEASE\spring-cloud-starter-netflix-eureka-client-2.0.1.RELEASE.jar;E:\1704A\repository\org\springframework\cloud\spring-cloud-starter\2.0.1.RELEASE\spring-cloud-starter-2.0.1.RELEASE.jar;E:\1704A\repository\org\springframework\cloud\spring-cloud-context\2.0.1.RELEASE\spring-cloud-context-2.0.1.RELEASE.jar;E:\1704A\repository\org\springframework\security\spring-security-rsa\1.0.5.RELEASE\spring-security-rsa-1.0.5.RELEASE.jar;E:\1704A\repository\org\springframework\cloud\spring-cloud-netflix-core\2.0.1.RELEASE\spring-cloud-netflix-core-2.0.1.RELEASE.jar;E:\1704A\repository\org\springframework\cloud\spring-cloud-netflix-eureka-client\2.0.1.RELEASE\spring-cloud-netflix-eureka-client-2.0.1.RELEASE.jar;E:\1704A\repository\com\netflix\eureka\eureka-client\1.9.3\eureka-client-1.9.3.jar;E:\1704A\repository\org\codehaus\jettison\jettison\1.3.7\jettison-1.3.7.jar;E:\1704A\repository\stax\stax-api\1.0.1\stax-api-1.0.1.jar;E:\1704A\repository\com\netflix\netflix-commons\netflix-eventbus\0.3.0\netflix-eventbus-0.3.0.jar;E:\1704A\repository\com\netflix\netflix-commons\netflix-infix\0.3.0\netflix-infix-0.3.0.jar;E:\1704A\repository\commons-jxpath\commons-jxpath\1.3\commons-jxpath-1.3.jar;E:\1704A\repository\joda-time\joda-time\2.9.9\joda-time-2.9.9.jar;E:\1704A\repository\org\antlr\antlr-runtime\3.4\antlr-runtime-3.4.jar;E:\1704A\repository\org\antlr\stringtemplate\3.2.1\stringtemplate-3.2.1.jar;E:\1704A\repository\com\google\code\gson\gson\2.8.2\gson-2.8.2.jar;E:\1704A\repository\org\apache\commons\commons-math\2.2\commons-math-2.2.jar;E:\1704A\repository\com\netflix\archaius\archaius-core\0.7.6\archaius-core-0.7.6.jar;E:\1704A\repository\javax\ws\rs\jsr311-api\1.1.1\jsr311-api-1.1.1.jar;E:\1704A\repository\com\netflix\servo\servo-core\0.12.21\servo-core-0.12.21.jar;E:\1704A\repository\com\sun\jersey\jersey-core\1.19.1\jersey-core-1.19.1.jar;E:\1704A\repository\com\sun\jersey\jersey-client\1.19.1\jersey-client-1.19.1.jar;E:\1704A\repository\com\sun\jersey\contribs\jersey-apache-client4\1.19.1\jersey-apache-client4-1.19.1.jar;E:\1704A\repository\com\google\inject\guice\4.1.0\guice-4.1.0.jar;E:\1704A\repository\javax\inject\javax.inject\1\javax.inject-1.jar;E:\1704A\repository\aopalliance\aopalliance\1.0\aopalliance-1.0.jar;E:\1704A\repository\com\github\vlsi\compactmap\compactmap\1.2.1\compactmap-1.2.1.jar;E:\1704A\repository\com\github\andrewoma\dexx\dexx-collections\0.2\dexx-collections-0.2.jar;E:\1704A\repository\com\fasterxml\jackson\core\jackson-annotations\2.9.0\jackson-annotations-2.9.0.jar;E:\1704A\repository\com\fasterxml\jackson\core\jackson-core\2.9.5\jackson-core-2.9.5.jar;E:\1704A\repository\com\netflix\eureka\eureka-core\1.9.3\eureka-core-1.9.3.jar;E:\1704A\repository\org\codehaus\woodstox\woodstox-core-asl\4.4.1\woodstox-core-asl-4.4.1.jar;E:\1704A\repository\javax\xml\stream\stax-api\1.0-2\stax-api-1.0-2.jar;E:\1704A\repository\org\codehaus\woodstox\stax2-api\3.1.4\stax2-api-3.1.4.jar;E:\1704A\repository\org\springframework\cloud\spring-cloud-starter-netflix-archaius\2.0.1.RELEASE\spring-cloud-starter-netflix-archaius-2.0.1.RELEASE.jar;E:\1704A\repository\org\springframework\cloud\spring-cloud-netflix-ribbon\2.0.1.RELEASE\spring-cloud-netflix-ribbon-2.0.1.RELEASE.jar;E:\1704A\repository\org\springframework\cloud\spring-cloud-netflix-archaius\2.0.1.RELEASE\spring-cloud-netflix-archaius-2.0.1.RELEASE.jar;E:\1704A\repository\commons-configuration\commons-configuration\1.8\commons-configuration-1.8.jar;E:\1704A\repository\commons-lang\commons-lang\2.6\commons-lang-2.6.jar;E:\1704A\repository\org\springframework\cloud\spring-cloud-starter-netflix-ribbon\2.0.1.RELEASE\spring-cloud-starter-netflix-ribbon-2.0.1.RELEASE.jar;E:\1704A\repository\com\netflix\ribbon\ribbon\2.2.5\ribbon-2.2.5.jar;E:\1704A\repository\com\netflix\ribbon\ribbon-transport\2.2.5\ribbon-transport-2.2.5.jar;E:\1704A\repository\io\reactivex\rxnetty-contexts\0.4.9\rxnetty-contexts-0.4.9.jar;E:\1704A\repository\io\reactivex\rxnetty-servo\0.4.9\rxnetty-servo-0.4.9.jar;E:\1704A\repository\io\reactivex\rxnetty\0.4.9\rxnetty-0.4.9.jar;E:\1704A\repository\io\netty\netty-codec-http\4.1.23.Final\netty-codec-http-4.1.23.Final.jar;E:\1704A\repository\io\netty\netty-codec\4.1.23.Final\netty-codec-4.1.23.Final.jar;E:\1704A\repository\io\netty\netty-transport-native-epoll\4.1.23.Final\netty-transport-native-epoll-4.1.23.Final.jar;E:\1704A\repository\io\netty\netty-common\4.1.23.Final\netty-common-4.1.23.Final.jar;E:\1704A\repository\io\netty\netty-buffer\4.1.23.Final\netty-buffer-4.1.23.Final.jar;E:\1704A\repository\io\netty\netty-transport-native-unix-common\4.1.23.Final\netty-transport-native-unix-common-4.1.23.Final.jar;E:\1704A\repository\io\netty\netty-transport\4.1.23.Final\netty-transport-4.1.23.Final.jar;E:\1704A\repository\io\netty\netty-resolver\4.1.23.Final\netty-resolver-4.1.23.Final.jar;E:\1704A\repository\com\netflix\ribbon\ribbon-core\2.2.5\ribbon-core-2.2.5.jar;E:\1704A\repository\com\netflix\ribbon\ribbon-httpclient\2.2.5\ribbon-httpclient-2.2.5.jar;E:\1704A\repository\commons-collections\commons-collections\3.2.2\commons-collections-3.2.2.jar;E:\1704A\repository\com\netflix\netflix-commons\netflix-commons-util\0.3.0\netflix-commons-util-0.3.0.jar;E:\1704A\repository\com\netflix\ribbon\ribbon-loadbalancer\2.2.5\ribbon-loadbalancer-2.2.5.jar;E:\1704A\repository\com\netflix\netflix-commons\netflix-statistics\0.1.1\netflix-statistics-0.1.1.jar;E:\1704A\repository\io\reactivex\rxjava\1.3.8\rxjava-1.3.8.jar;E:\1704A\repository\com\netflix\ribbon\ribbon-eureka\2.2.5\ribbon-eureka-2.2.5.jar;E:\1704A\repository\com\thoughtworks\xstream\xstream\1.4.10\xstream-1.4.10.jar;E:\1704A\repository\xmlpull\xmlpull\1.1.3.1\xmlpull-1.1.3.1.jar;E:\1704A\repository\xpp3\xpp3_min\1.1.4c\xpp3_min-1.1.4c.jar;E:\1704A\repository\org\springframework\cloud\spring-cloud-starter-openfeign\2.0.1.RELEASE\spring-cloud-starter-openfeign-2.0.1.RELEASE.jar;E:\1704A\repository\org\springframework\cloud\spring-cloud-openfeign-core\2.0.1.RELEASE\spring-cloud-openfeign-core-2.0.1.RELEASE.jar;E:\1704A\repository\org\springframework\cloud\spring-cloud-commons\2.0.1.RELEASE\spring-cloud-commons-2.0.1.RELEASE.jar;E:\1704A\repository\io\github\openfeign\feign-core\9.5.1\feign-core-9.5.1.jar;E:\1704A\repository\io\github\openfeign\feign-slf4j\9.5.1\feign-slf4j-9.5.1.jar;E:\1704A\repository\io\github\openfeign\feign-hystrix\9.5.1\feign-hystrix-9.5.1.jar;E:\1704A\repository\com\netflix\hystrix\hystrix-core\1.5.12\hystrix-core-1.5.12.jar;E:\1704A\repository\org\hdrhistogram\HdrHistogram\2.1.9\HdrHistogram-2.1.9.jar;E:\1704A\repository\io\github\openfeign\feign-java8\9.5.1\feign-java8-9.5.1.jar;E:\1704A\repository\com\netflix\feign\feign-okhttp\8.18.0\feign-okhttp-8.18.0.jar;E:\1704A\repository\com\netflix\feign\feign-core\8.18.0\feign-core-8.18.0.jar;E:\1704A\repository\org\jvnet\animal-sniffer-annotation\1.0\animal-sniffer-annotation-1.0.jar;, java.specification.name=Java Platform API Specification, java.class.version=52.0, sun.management.compiler=HotSpot 64-Bit Tiered Compilers, maven.repo.local=E:\1704A\repository, os.version=10.0, user.home=C:\Users\wangb, user.timezone=Asia/Shanghai, java.awt.printerjob=sun.awt.windows.WPrinterJob, file.encoding=GBK, java.specification.version=1.8, java.class.path=E:\1704A\hdServiceCode\nm-service-manage-course\target\test-classes;E:\1704A\hdServiceCode\nm-service-manage-course\target\classes;E:\1704A\repository\com\github\pagehelper\pagehelper-spring-boot-starter\1.2.4\pagehelper-spring-boot-starter-1.2.4.jar;E:\1704A\repository\org\springframework\boot\spring-boot-starter\2.0.1.RELEASE\spring-boot-starter-2.0.1.RELEASE.jar;E:\1704A\repository\org\springframework\boot\spring-boot\2.0.1.RELEASE\spring-boot-2.0.1.RELEASE.jar;E:\1704A\repository\javax\annotation\javax.annotation-api\1.3.2\javax.annotation-api-1.3.2.jar;E:\1704A\repository\org\yaml\snakeyaml\1.19\snakeyaml-1.19.jar;E:\1704A\repository\com\github\pagehelper\pagehelper-spring-boot-autoconfigure\1.2.4\pagehelper-spring-boot-autoconfigure-1.2.4.jar;E:\1704A\repository\com\github\pagehelper\pagehelper\5.1.3\pagehelper-5.1.3.jar;E:\1704A\repository\com\github\jsqlparser\jsqlparser\1.0\jsqlparser-1.0.jar;E:\1704A\hdServiceCode\nm-service-api\target\nm-service-api.jar;E:\1704A\repository\commons-fileupload\commons-fileupload\1.3.3\commons-fileupload-1.3.3.jar;E:\1704A\repository\io\springfox\springfox-swagger2\2.7.0\springfox-swagger2-2.7.0.jar;E:\1704A\repository\io\swagger\swagger-annotations\1.5.13\swagger-annotations-1.5.13.jar;E:\1704A\repository\io\swagger\swagger-models\1.5.13\swagger-models-1.5.13.jar;E:\1704A\repository\io\springfox\springfox-spi\2.7.0\springfox-spi-2.7.0.jar;E:\1704A\repository\io\springfox\springfox-core\2.7.0\springfox-core-2.7.0.jar;E:\1704A\repository\io\springfox\springfox-schema\2.7.0\springfox-schema-2.7.0.jar;E:\1704A\repository\io\springfox\springfox-swagger-common\2.7.0\springfox-swagger-common-2.7.0.jar;E:\1704A\repository\io\springfox\springfox-spring-web\2.7.0\springfox-spring-web-2.7.0.jar;E:\1704A\repository\org\reflections\reflections\0.9.11\reflections-0.9.11.jar;E:\1704A\repository\com\fasterxml\classmate\1.3.4\classmate-1.3.4.jar;E:\1704A\repository\org\springframework\plugin\spring-plugin-core\1.2.0.RELEASE\spring-plugin-core-1.2.0.RELEASE.jar;E:\1704A\repository\org\springframework\plugin\spring-plugin-metadata\1.2.0.RELEASE\spring-plugin-metadata-1.2.0.RELEASE.jar;E:\1704A\repository\org\mapstruct\mapstruct\1.1.0.Final\mapstruct-1.1.0.Final.jar;E:\1704A\repository\io\springfox\springfox-swagger-ui\2.7.0\springfox-swagger-ui-2.7.0.jar;E:\1704A\hdServiceCode\nm-framework-model\target\nm-framework-model.jar;E:\1704A\repository\org\projectlombok\lombok\1.16.16\lombok-1.16.16.jar;E:\1704A\repository\org\springframework\data\spring-data-commons\2.0.6.RELEASE\spring-data-commons-2.0.6.RELEASE.jar;E:\1704A\repository\org\springframework\data\spring-data-mongodb\2.0.6.RELEASE\spring-data-mongodb-2.0.6.RELEASE.jar;E:\1704A\repository\org\springframework\spring-context\5.0.5.RELEASE\spring-context-5.0.5.RELEASE.jar;E:\1704A\repository\org\springframework\spring-expression\5.0.5.RELEASE\spring-expression-5.0.5.RELEASE.jar;E:\1704A\repository\org\mongodb\mongo-java-driver\3.6.3\mongo-java-driver-3.6.3.jar;E:\1704A\repository\org\hibernate\hibernate-core\5.2.16.Final\hibernate-core-5.2.16.Final.jar;E:\1704A\repository\org\jboss\logging\jboss-logging\3.3.2.Final\jboss-logging-3.3.2.Final.jar;E:\1704A\repository\org\hibernate\javax\persistence\hibernate-jpa-2.1-api\1.0.0.Final\hibernate-jpa-2.1-api-1.0.0.Final.jar;E:\1704A\repository\org\javassist\javassist\3.22.0-GA\javassist-3.22.0-GA.jar;E:\1704A\repository\antlr\antlr\2.7.7\antlr-2.7.7.jar;E:\1704A\repository\org\jboss\spec\javax\transaction\jboss-transaction-api_1.2_spec\1.0.1.Final\jboss-transaction-api_1.2_spec-1.0.1.Final.jar;E:\1704A\repository\org\jboss\jandex\2.0.3.Final\jandex-2.0.3.Final.jar;E:\1704A\repository\dom4j\dom4j\1.6.1\dom4j-1.6.1.jar;E:\1704A\repository\org\hibernate\common\hibernate-commons-annotations\5.0.1.Final\hibernate-commons-annotations-5.0.1.Final.jar;E:\1704A\repository\com\google\guava\guava\24.0-jre\guava-24.0-jre.jar;E:\1704A\repository\com\google\code\findbugs\jsr305\1.3.9\jsr305-1.3.9.jar;E:\1704A\repository\org\checkerframework\checker-compat-qual\2.0.0\checker-compat-qual-2.0.0.jar;E:\1704A\repository\com\google\errorprone\error_prone_annotations\2.1.3\error_prone_annotations-2.1.3.jar;E:\1704A\repository\com\google\j2objc\j2objc-annotations\1.1\j2objc-annotations-1.1.jar;E:\1704A\repository\org\codehaus\mojo\animal-sniffer-annotations\1.14\animal-sniffer-annotations-1.14.jar;E:\1704A\hdServiceCode\nm-framework-utils\target\nm-framework-utils.jar;E:\1704A\repository\javax\servlet\javax.servlet-api\3.1.0\javax.servlet-api-3.1.0.jar;E:\1704A\repository\org\springframework\boot\spring-boot-starter-logging\2.0.1.RELEASE\spring-boot-starter-logging-2.0.1.RELEASE.jar;E:\1704A\repository\ch\qos\logback\logback-classic\1.2.3\logback-classic-1.2.3.jar;E:\1704A\repository\ch\qos\logback\logback-core\1.2.3\logback-core-1.2.3.jar;E:\1704A\repository\org\apache\logging\log4j\log4j-to-slf4j\2.10.0\log4j-to-slf4j-2.10.0.jar;E:\1704A\repository\org\apache\logging\log4j\log4j-api\2.10.0\log4j-api-2.10.0.jar;E:\1704A\repository\org\slf4j\jul-to-slf4j\1.7.25\jul-to-slf4j-1.7.25.jar;E:\1704A\repository\org\apache\httpcomponents\httpclient\4.5.5\httpclient-4.5.5.jar;E:\1704A\repository\org\apache\httpcomponents\httpcore\4.4.9\httpcore-4.4.9.jar;E:\1704A\repository\commons-codec\commons-codec\1.10\commons-codec-1.10.jar;E:\1704A\repository\net\lingala\zip4j\zip4j\1.3.1\zip4j-1.3.1.jar;E:\1704A\repository\org\springframework\security\spring-security-crypto\5.0.4.RELEASE\spring-security-crypto-5.0.4.RELEASE.jar;E:\1704A\repository\org\springframework\security\spring-security-jwt\1.0.8.RELEASE\spring-security-jwt-1.0.8.RELEASE.jar;E:\1704A\repository\org\bouncycastle\bcpkix-jdk15on\1.56\bcpkix-jdk15on-1.56.jar;E:\1704A\repository\org\bouncycastle\bcprov-jdk15on\1.56\bcprov-jdk15on-1.56.jar;E:\1704A\hdServiceCode\nm-framework-common\target\nm-framework-common.jar;E:\1704A\repository\org\springframework\spring-web\5.0.5.RELEASE\spring-web-5.0.5.RELEASE.jar;E:\1704A\repository\org\springframework\boot\spring-boot-starter-web\2.0.1.RELEASE\spring-boot-starter-web-2.0.1.RELEASE.jar;E:\1704A\repository\org\springframework\boot\spring-boot-starter-json\2.0.1.RELEASE\spring-boot-starter-json-2.0.1.RELEASE.jar;E:\1704A\repository\com\fasterxml\jackson\core\jackson-databind\2.9.5\jackson-databind-2.9.5.jar;E:\1704A\repository\com\fasterxml\jackson\datatype\jackson-datatype-jdk8\2.9.5\jackson-datatype-jdk8-2.9.5.jar;E:\1704A\repository\com\fasterxml\jackson\datatype\jackson-datatype-jsr310\2.9.5\jackson-datatype-jsr310-2.9.5.jar;E:\1704A\repository\com\fasterxml\jackson\module\jackson-module-parameter-names\2.9.5\jackson-module-parameter-names-2.9.5.jar;E:\1704A\repository\org\springframework\boot\spring-boot-starter-tomcat\2.0.1.RELEASE\spring-boot-starter-tomcat-2.0.1.RELEASE.jar;E:\1704A\repository\org\apache\tomcat\embed\tomcat-embed-core\8.5.28\tomcat-embed-core-8.5.28.jar;E:\1704A\repository\org\apache\tomcat\embed\tomcat-embed-el\8.5.28\tomcat-embed-el-8.5.28.jar;E:\1704A\repository\org\apache\tomcat\embed\tomcat-embed-websocket\8.5.28\tomcat-embed-websocket-8.5.28.jar;E:\1704A\repository\org\hibernate\validator\hibernate-validator\6.0.9.Final\hibernate-validator-6.0.9.Final.jar;E:\1704A\repository\javax\validation\validation-api\2.0.1.Final\validation-api-2.0.1.Final.jar;E:\1704A\repository\org\springframework\spring-webmvc\5.0.5.RELEASE\spring-webmvc-5.0.5.RELEASE.jar;E:\1704A\repository\org\springframework\spring-aop\5.0.5.RELEASE\spring-aop-5.0.5.RELEASE.jar;E:\1704A\repository\mysql\mysql-connector-java\5.1.40\mysql-connector-java-5.1.40.jar;E:\1704A\repository\com\alibaba\druid-spring-boot-starter\1.1.10\druid-spring-boot-starter-1.1.10.jar;E:\1704A\repository\com\alibaba\druid\1.1.6\druid-1.1.6.jar;E:\1704A\repository\org\slf4j\slf4j-api\1.7.25\slf4j-api-1.7.25.jar;E:\1704A\repository\org\springframework\boot\spring-boot-autoconfigure\2.0.1.RELEASE\spring-boot-autoconfigure-2.0.1.RELEASE.jar;E:\1704A\repository\org\mybatis\spring\boot\mybatis-spring-boot-starter\1.3.1\mybatis-spring-boot-starter-1.3.1.jar;E:\1704A\repository\org\springframework\boot\spring-boot-starter-jdbc\2.0.1.RELEASE\spring-boot-starter-jdbc-2.0.1.RELEASE.jar;E:\1704A\repository\com\zaxxer\HikariCP\2.7.8\HikariCP-2.7.8.jar;E:\1704A\repository\org\mybatis\spring\boot\mybatis-spring-boot-autoconfigure\1.3.1\mybatis-spring-boot-autoconfigure-1.3.1.jar;E:\1704A\repository\org\mybatis\mybatis\3.4.5\mybatis-3.4.5.jar;E:\1704A\repository\org\mybatis\mybatis-spring\1.3.1\mybatis-spring-1.3.1.jar;E:\1704A\repository\org\springframework\spring-orm\5.0.5.RELEASE\spring-orm-5.0.5.RELEASE.jar;E:\1704A\repository\org\springframework\spring-beans\5.0.5.RELEASE\spring-beans-5.0.5.RELEASE.jar;E:\1704A\repository\org\springframework\spring-core\5.0.5.RELEASE\spring-core-5.0.5.RELEASE.jar;E:\1704A\repository\org\springframework\spring-jcl\5.0.5.RELEASE\spring-jcl-5.0.5.RELEASE.jar;E:\1704A\repository\org\springframework\spring-jdbc\5.0.5.RELEASE\spring-jdbc-5.0.5.RELEASE.jar;E:\1704A\repository\org\springframework\spring-tx\5.0.5.RELEASE\spring-tx-5.0.5.RELEASE.jar;E:\1704A\repository\org\springframework\boot\spring-boot-starter-data-jpa\2.0.1.RELEASE\spring-boot-starter-data-jpa-2.0.1.RELEASE.jar;E:\1704A\repository\org\springframework\boot\spring-boot-starter-aop\2.0.1.RELEASE\spring-boot-starter-aop-2.0.1.RELEASE.jar;E:\1704A\repository\org\aspectj\aspectjweaver\1.8.13\aspectjweaver-1.8.13.jar;E:\1704A\repository\javax\transaction\javax.transaction-api\1.2\javax.transaction-api-1.2.jar;E:\1704A\repository\org\springframework\data\spring-data-jpa\2.0.6.RELEASE\spring-data-jpa-2.0.6.RELEASE.jar;E:\1704A\repository\org\springframework\spring-aspects\5.0.5.RELEASE\spring-aspects-5.0.5.RELEASE.jar;E:\1704A\repository\com\squareup\okhttp3\okhttp\3.9.1\okhttp-3.9.1.jar;E:\1704A\repository\com\squareup\okio\okio\1.13.0\okio-1.13.0.jar;E:\1704A\repository\com\alibaba\fastjson\1.2.30\fastjson-1.2.30.jar;E:\1704A\repository\commons-io\commons-io\2.6\commons-io-2.6.jar;E:\1704A\repository\org\apache\commons\commons-lang3\3.6\commons-lang3-3.6.jar;E:\1704A\repository\org\springframework\boot\spring-boot-starter-test\2.0.1.RELEASE\spring-boot-starter-test-2.0.1.RELEASE.jar;E:\1704A\repository\org\springframework\boot\spring-boot-test\2.0.1.RELEASE\spring-boot-test-2.0.1.RELEASE.jar;E:\1704A\repository\org\springframework\boot\spring-boot-test-autoconfigure\2.0.1.RELEASE\spring-boot-test-autoconfigure-2.0.1.RELEASE.jar;E:\1704A\repository\com\jayway\jsonpath\json-path\2.4.0\json-path-2.4.0.jar;E:\1704A\repository\net\minidev\json-smart\2.3\json-smart-2.3.jar;E:\1704A\repository\net\minidev\accessors-smart\1.2\accessors-smart-1.2.jar;E:\1704A\repository\org\ow2\asm\asm\5.0.4\asm-5.0.4.jar;E:\1704A\repository\junit\junit\4.12\junit-4.12.jar;E:\1704A\repository\org\assertj\assertj-core\3.9.1\assertj-core-3.9.1.jar;E:\1704A\repository\org\mockito\mockito-core\2.15.0\mockito-core-2.15.0.jar;E:\1704A\repository\net\bytebuddy\byte-buddy\1.7.11\byte-buddy-1.7.11.jar;E:\1704A\repository\net\bytebuddy\byte-buddy-agent\1.7.11\byte-buddy-agent-1.7.11.jar;E:\1704A\repository\org\objenesis\objenesis\2.6\objenesis-2.6.jar;E:\1704A\repository\org\hamcrest\hamcrest-core\1.3\hamcrest-core-1.3.jar;E:\1704A\repository\org\hamcrest\hamcrest-library\1.3\hamcrest-library-1.3.jar;E:\1704A\repository\org\skyscreamer\jsonassert\1.5.0\jsonassert-1.5.0.jar;E:\1704A\repository\com\vaadin\external\google\android-json\0.0.20131108.vaadin1\android-json-0.0.20131108.vaadin1.jar;E:\1704A\repository\org\springframework\spring-test\5.0.5.RELEASE\spring-test-5.0.5.RELEASE.jar;E:\1704A\repository\org\xmlunit\xmlunit-core\2.5.1\xmlunit-core-2.5.1.jar;E:\1704A\repository\org\springframework\cloud\spring-cloud-starter-netflix-eureka-client\2.0.1.RELEASE\spring-cloud-starter-netflix-eureka-client-2.0.1.RELEASE.jar;E:\1704A\repository\org\springframework\cloud\spring-cloud-starter\2.0.1.RELEASE\spring-cloud-starter-2.0.1.RELEASE.jar;E:\1704A\repository\org\springframework\cloud\spring-cloud-context\2.0.1.RELEASE\spring-cloud-context-2.0.1.RELEASE.jar;E:\1704A\repository\org\springframework\security\spring-security-rsa\1.0.5.RELEASE\spring-security-rsa-1.0.5.RELEASE.jar;E:\1704A\repository\org\springframework\cloud\spring-cloud-netflix-core\2.0.1.RELEASE\spring-cloud-netflix-core-2.0.1.RELEASE.jar;E:\1704A\repository\org\springframework\cloud\spring-cloud-netflix-eureka-client\2.0.1.RELEASE\spring-cloud-netflix-eureka-client-2.0.1.RELEASE.jar;E:\1704A\repository\com\netflix\eureka\eureka-client\1.9.3\eureka-client-1.9.3.jar;E:\1704A\repository\org\codehaus\jettison\jettison\1.3.7\jettison-1.3.7.jar;E:\1704A\repository\stax\stax-api\1.0.1\stax-api-1.0.1.jar;E:\1704A\repository\com\netflix\netflix-commons\netflix-eventbus\0.3.0\netflix-eventbus-0.3.0.jar;E:\1704A\repository\com\netflix\netflix-commons\netflix-infix\0.3.0\netflix-infix-0.3.0.jar;E:\1704A\repository\commons-jxpath\commons-jxpath\1.3\commons-jxpath-1.3.jar;E:\1704A\repository\joda-time\joda-time\2.9.9\joda-time-2.9.9.jar;E:\1704A\repository\org\antlr\antlr-runtime\3.4\antlr-runtime-3.4.jar;E:\1704A\repository\org\antlr\stringtemplate\3.2.1\stringtemplate-3.2.1.jar;E:\1704A\repository\com\google\code\gson\gson\2.8.2\gson-2.8.2.jar;E:\1704A\repository\org\apache\commons\commons-math\2.2\commons-math-2.2.jar;E:\1704A\repository\com\netflix\archaius\archaius-core\0.7.6\archaius-core-0.7.6.jar;E:\1704A\repository\javax\ws\rs\jsr311-api\1.1.1\jsr311-api-1.1.1.jar;E:\1704A\repository\com\netflix\servo\servo-core\0.12.21\servo-core-0.12.21.jar;E:\1704A\repository\com\sun\jersey\jersey-core\1.19.1\jersey-core-1.19.1.jar;E:\1704A\repository\com\sun\jersey\jersey-client\1.19.1\jersey-client-1.19.1.jar;E:\1704A\repository\com\sun\jersey\contribs\jersey-apache-client4\1.19.1\jersey-apache-client4-1.19.1.jar;E:\1704A\repository\com\google\inject\guice\4.1.0\guice-4.1.0.jar;E:\1704A\repository\javax\inject\javax.inject\1\javax.inject-1.jar;E:\1704A\repository\aopalliance\aopalliance\1.0\aopalliance-1.0.jar;E:\1704A\repository\com\github\vlsi\compactmap\compactmap\1.2.1\compactmap-1.2.1.jar;E:\1704A\repository\com\github\andrewoma\dexx\dexx-collections\0.2\dexx-collections-0.2.jar;E:\1704A\repository\com\fasterxml\jackson\core\jackson-annotations\2.9.0\jackson-annotations-2.9.0.jar;E:\1704A\repository\com\fasterxml\jackson\core\jackson-core\2.9.5\jackson-core-2.9.5.jar;E:\1704A\repository\com\netflix\eureka\eureka-core\1.9.3\eureka-core-1.9.3.jar;E:\1704A\repository\org\codehaus\woodstox\woodstox-core-asl\4.4.1\woodstox-core-asl-4.4.1.jar;E:\1704A\repository\javax\xml\stream\stax-api\1.0-2\stax-api-1.0-2.jar;E:\1704A\repository\org\codehaus\woodstox\stax2-api\3.1.4\stax2-api-3.1.4.jar;E:\1704A\repository\org\springframework\cloud\spring-cloud-starter-netflix-archaius\2.0.1.RELEASE\spring-cloud-starter-netflix-archaius-2.0.1.RELEASE.jar;E:\1704A\repository\org\springframework\cloud\spring-cloud-netflix-ribbon\2.0.1.RELEASE\spring-cloud-netflix-ribbon-2.0.1.RELEASE.jar;E:\1704A\repository\org\springframework\cloud\spring-cloud-netflix-archaius\2.0.1.RELEASE\spring-cloud-netflix-archaius-2.0.1.RELEASE.jar;E:\1704A\repository\commons-configuration\commons-configuration\1.8\commons-configuration-1.8.jar;E:\1704A\repository\commons-lang\commons-lang\2.6\commons-lang-2.6.jar;E:\1704A\repository\org\springframework\cloud\spring-cloud-starter-netflix-ribbon\2.0.1.RELEASE\spring-cloud-starter-netflix-ribbon-2.0.1.RELEASE.jar;E:\1704A\repository\com\netflix\ribbon\ribbon\2.2.5\ribbon-2.2.5.jar;E:\1704A\repository\com\netflix\ribbon\ribbon-transport\2.2.5\ribbon-transport-2.2.5.jar;E:\1704A\repository\io\reactivex\rxnetty-contexts\0.4.9\rxnetty-contexts-0.4.9.jar;E:\1704A\repository\io\reactivex\rxnetty-servo\0.4.9\rxnetty-servo-0.4.9.jar;E:\1704A\repository\io\reactivex\rxnetty\0.4.9\rxnetty-0.4.9.jar;E:\1704A\repository\io\netty\netty-codec-http\4.1.23.Final\netty-codec-http-4.1.23.Final.jar;E:\1704A\repository\io\netty\netty-codec\4.1.23.Final\netty-codec-4.1.23.Final.jar;E:\1704A\repository\io\netty\netty-transport-native-epoll\4.1.23.Final\netty-transport-native-epoll-4.1.23.Final.jar;E:\1704A\repository\io\netty\netty-common\4.1.23.Final\netty-common-4.1.23.Final.jar;E:\1704A\repository\io\netty\netty-buffer\4.1.23.Final\netty-buffer-4.1.23.Final.jar;E:\1704A\repository\io\netty\netty-transport-native-unix-common\4.1.23.Final\netty-transport-native-unix-common-4.1.23.Final.jar;E:\1704A\repository\io\netty\netty-transport\4.1.23.Final\netty-transport-4.1.23.Final.jar;E:\1704A\repository\io\netty\netty-resolver\4.1.23.Final\netty-resolver-4.1.23.Final.jar;E:\1704A\repository\com\netflix\ribbon\ribbon-core\2.2.5\ribbon-core-2.2.5.jar;E:\1704A\repository\com\netflix\ribbon\ribbon-httpclient\2.2.5\ribbon-httpclient-2.2.5.jar;E:\1704A\repository\commons-collections\commons-collections\3.2.2\commons-collections-3.2.2.jar;E:\1704A\repository\com\netflix\netflix-commons\netflix-commons-util\0.3.0\netflix-commons-util-0.3.0.jar;E:\1704A\repository\com\netflix\ribbon\ribbon-loadbalancer\2.2.5\ribbon-loadbalancer-2.2.5.jar;E:\1704A\repository\com\netflix\netflix-commons\netflix-statistics\0.1.1\netflix-statistics-0.1.1.jar;E:\1704A\repository\io\reactivex\rxjava\1.3.8\rxjava-1.3.8.jar;E:\1704A\repository\com\netflix\ribbon\ribbon-eureka\2.2.5\ribbon-eureka-2.2.5.jar;E:\1704A\repository\com\thoughtworks\xstream\xstream\1.4.10\xstream-1.4.10.jar;E:\1704A\repository\xmlpull\xmlpull\1.1.3.1\xmlpull-1.1.3.1.jar;E:\1704A\repository\xpp3\xpp3_min\1.1.4c\xpp3_min-1.1.4c.jar;E:\1704A\repository\org\springframework\cloud\spring-cloud-starter-openfeign\2.0.1.RELEASE\spring-cloud-starter-openfeign-2.0.1.RELEASE.jar;E:\1704A\repository\org\springframework\cloud\spring-cloud-openfeign-core\2.0.1.RELEASE\spring-cloud-openfeign-core-2.0.1.RELEASE.jar;E:\1704A\repository\org\springframework\cloud\spring-cloud-commons\2.0.1.RELEASE\spring-cloud-commons-2.0.1.RELEASE.jar;E:\1704A\repository\io\github\openfeign\feign-core\9.5.1\feign-core-9.5.1.jar;E:\1704A\repository\io\github\openfeign\feign-slf4j\9.5.1\feign-slf4j-9.5.1.jar;E:\1704A\repository\io\github\openfeign\feign-hystrix\9.5.1\feign-hystrix-9.5.1.jar;E:\1704A\repository\com\netflix\hystrix\hystrix-core\1.5.12\hystrix-core-1.5.12.jar;E:\1704A\repository\org\hdrhistogram\HdrHistogram\2.1.9\HdrHistogram-2.1.9.jar;E:\1704A\repository\io\github\openfeign\feign-java8\9.5.1\feign-java8-9.5.1.jar;E:\1704A\repository\com\netflix\feign\feign-okhttp\8.18.0\feign-okhttp-8.18.0.jar;E:\1704A\repository\com\netflix\feign\feign-core\8.18.0\feign-core-8.18.0.jar;E:\1704A\repository\org\jvnet\animal-sniffer-annotation\1.0\animal-sniffer-annotation-1.0.jar;, user.name=wangb, java.vm.specification.version=1.8, sun.java.command=C:\Users\wangb\AppData\Local\Temp\surefire8359040626052298865\surefirebooter7147715406186341325.jar C:\Users\wangb\AppData\Local\Temp\surefire8359040626052298865 2020-03-09T20-44-46_260-jvmRun1 surefire1835119734498572997tmp surefire_16448304995619269847tmp, java.home=C:\Program Files\Java\jdk1.8.0_91\jre, sun.arch.data.model=64, user.language=zh, java.specification.vendor=Oracle Corporation, awt.toolkit=sun.awt.windows.WToolkit, java.vm.info=mixed mode, java.version=1.8.0_91, java.ext.dirs=C:\Program Files\Java\jdk1.8.0_91\jre\lib\ext;C:\WINDOWS\Sun\Java\lib\ext, sun.boot.class.path=C:\Program Files\Java\jdk1.8.0_91\jre\lib\resources.jar;C:\Program Files\Java\jdk1.8.0_91\jre\lib\rt.jar;C:\Program Files\Java\jdk1.8.0_91\jre\lib\sunrsasign.jar;C:\Program Files\Java\jdk1.8.0_91\jre\lib\jsse.jar;C:\Program Files\Java\jdk1.8.0_91\jre\lib\jce.jar;C:\Program Files\Java\jdk1.8.0_91\jre\lib\charsets.jar;C:\Program Files\Java\jdk1.8.0_91\jre\lib\jfr.jar;C:\Program Files\Java\jdk1.8.0_91\jre\classes, java.awt.headless=true, java.vendor=Oracle Corporation, localRepository=E:\1704A\repository, file.separator=\, java.vendor.url.bug=http://bugreport.sun.com/bugreport/, sun.io.unicode.encoding=UnicodeLittle, sun.cpu.endian=little, sun.desktop=windows, sun.cpu.isalist=amd64}}, SystemEnvironmentPropertySource@86558824 {name='systemEnvironment', properties={PATH=E:\app\wangb\product\11.2.0\dbhome_1\bin;E:\maven\apache-maven-3.6.1\bin;C:\Program Files\Java\jdk1.8.0_91\bin;C:\Program Files (x86)\Intel\iCLS Client\;C:\Program Files\Intel\iCLS Client\;C:\Windows\system32;C:\Windows;C:\Windows\System32\Wbem;C:\Windows\System32\WindowsPowerShell\v1.0\;C:\Program Files (x86)\NVIDIA Corporation\PhysX\Common;C:\Program Files (x86)\Intel\Intel(R) Management Engine Components\DAL;C:\Program Files\Intel\Intel(R) Management Engine Components\DAL;C:\Program Files (x86)\Intel\Intel(R) Management Engine Components\IPT;C:\Program Files\Intel\Intel(R) Management Engine Components\IPT;C:\WINDOWS\system32;C:\WINDOWS;C:\WINDOWS\System32\Wbem;C:\WINDOWS\System32\WindowsPowerShell\v1.0\;C:\WINDOWS\System32\OpenSSH\;C:\Program Files\MySQL\MySQL Server 5.5\bin;E:\nodejs\;E:\Git\cmd;E:\Mp4\ffmpeg-20180227-fa0c9d6-win64-static\bin;C:\Users\wangb\AppData\Local\Microsoft\WindowsApps;C:\Users\wangb\AppData\Roaming\npm;E:\Microsoft VS Code\bin, USERDOMAIN_ROAMINGPROFILE=LAPTOP-8K1AKH0O, LOCALAPPDATA=C:\Users\wangb\AppData\Local, PROCESSOR_LEVEL=6, SYSTEMDRIVE=C:, COMMONPROGRAMFILES(X86)=C:\Program Files (x86)\Common Files, USERDOMAIN=LAPTOP-8K1AKH0O, FPS_BROWSER_APP_PROFILE_STRING=Internet Explorer, LOGONSERVER=\\LAPTOP-8K1AKH0O, JAVA_HOME=C:\Program Files\Java\jdk1.8.0_91, PROMPT=$P$G, SESSIONNAME=Console, ALLUSERSPROFILE=C:\ProgramData, PROGRAMFILES(X86)=C:\Program Files (x86), PROCESSOR_ARCHITECTURE=AMD64, DRIVERDATA=C:\Windows\System32\Drivers\DriverData, ERLANG_HOME=E:\erl9.2, =E:=E:\1704A\hdServiceCode\nm-service-manage-course, PROGRAMFILES=C:\Program Files, APPDATA=C:\Users\wangb\AppData\Roaming, MOZ_PLUGIN_PATH=E:\1704A\FoxitPhantomPDFBusiness\plugins\, PSMODULEPATH=C:\Program Files\WindowsPowerShell\Modules;C:\WINDOWS\system32\WindowsPowerShell\v1.0\Modules, PROGRAMW6432=C:\Program Files, PROGRAMDATA=C:\ProgramData, SYSTEMROOT=C:\WINDOWS, USERNAME=wangb, FPS_BROWSER_USER_PROFILE_STRING=Default, ONEDRIVE=C:\Users\wangb\OneDrive, CONFIGSETROOT=C:\WINDOWS\ConfigSetRoot, PATHEXT=.COM;.EXE;.BAT;.CMD;.VBS;.VBE;.JS;.JSE;.WSF;.WSH;.MSC, OS=Windows_NT, COMMONPROGRAMW6432=C:\Program Files\Common Files, COMPUTERNAME=LAPTOP-8K1AKH0O, COMMONPROGRAMFILES=C:\Program Files\Common Files, COMSPEC=C:\WINDOWS\system32\cmd.exe, PROCESSOR_REVISION=9e09, WINDIR=C:\WINDOWS, RABBITMQ_SERVER=E:\rabibitmq\rabbitmq_server-3.7.4, HOMEPATH=\Users\wangb, TEMP=C:\Users\wangb\AppData\Local\Temp, HOMEDRIVE=C:, PROCESSOR_IDENTIFIER=Intel64 Family 6 Model 158 Stepping 9, GenuineIntel, USERPROFILE=C:\Users\wangb, TMP=C:\Users\wangb\AppData\Local\Temp, PUBLIC=C:\Users\Public, NUMBER_OF_PROCESSORS=8, =::=::\}}]
2020-03-09 20:45:19.115 [main] DEBUG o.s.c.a.ClassPathBeanDefinitionScanner - JSR-250 'javax.annotation.ManagedBean' found and supported for component scanning
2020-03-09 20:45:19.117 [main] DEBUG o.s.c.a.ClassPathBeanDefinitionScanner - JSR-330 'javax.inject.Named' annotation found and supported for component scanning
2020-03-09 20:45:19.134 [main] DEBUG o.s.c.e.PropertySourcesPropertyResolver - Could not find key 'context.initializer.classes' in any property source
2020-03-09 20:45:19.135 [main] DEBUG o.s.c.e.PropertySourcesPropertyResolver - Could not find key 'spring.application.name' in any property source
2020-03-09 20:45:19.139 [main] DEBUG o.s.b.f.s.DefaultListableBeanFactory - Returning cached instance of singleton bean 'autoConfigurationReport'
2020-03-09 20:45:19.140 [main] DEBUG o.s.boot.SpringApplication - Loading source class org.springframework.cloud.bootstrap.config.PropertySourceBootstrapConfiguration,class org.springframework.cloud.bootstrap.encrypt.EncryptionBootstrapConfiguration,class org.springframework.cloud.autoconfigure.ConfigurationPropertiesRebinderAutoConfiguration,class org.springframework.boot.autoconfigure.context.PropertyPlaceholderAutoConfiguration
2020-03-09 20:45:19.149 [main] DEBUG o.s.c.a.ClassPathBeanDefinitionScanner - JSR-250 'javax.annotation.ManagedBean' found and supported for component scanning
2020-03-09 20:45:19.149 [main] DEBUG o.s.c.a.ClassPathBeanDefinitionScanner - JSR-330 'javax.inject.Named' annotation found and supported for component scanning
2020-03-09 20:45:19.166 [main] DEBUG o.s.b.f.s.DefaultListableBeanFactory - Returning cached instance of singleton bean 'autoConfigurationReport'
2020-03-09 20:45:19.177 [main] INFO  o.s.c.a.AnnotationConfigApplicationContext - Refreshing org.springframework.context.annotation.AnnotationConfigApplicationContext@c9d0d6: startup date [Mon Mar 09 20:45:19 CST 2020]; root of context hierarchy
2020-03-09 20:45:19.178 [main] DEBUG o.s.c.a.AnnotationConfigApplicationContext - Bean factory for org.springframework.context.annotation.AnnotationConfigApplicationContext@c9d0d6: org.springframework.beans.factory.support.DefaultListableBeanFactory@495b0487: defining beans [org.springframework.context.annotation.internalConfigurationAnnotationProcessor,org.springframework.context.annotation.internalAutowiredAnnotationProcessor,org.springframework.context.annotation.internalRequiredAnnotationProcessor,org.springframework.context.annotation.internalCommonAnnotationProcessor,org.springframework.context.annotation.internalPersistenceAnnotationProcessor,org.springframework.context.event.internalEventListenerProcessor,org.springframework.context.event.internalEventListenerFactory,propertySourceBootstrapConfiguration,encryptionBootstrapConfiguration,configurationPropertiesRebinderAutoConfiguration,propertyPlaceholderAutoConfiguration]; root of factory hierarchy
2020-03-09 20:45:19.200 [main] DEBUG o.s.b.f.s.DefaultListableBeanFactory - Creating shared instance of singleton bean 'org.springframework.context.annotation.internalConfigurationAnnotationProcessor'
2020-03-09 20:45:19.200 [main] DEBUG o.s.b.f.s.DefaultListableBeanFactory - Creating instance of bean 'org.springframework.context.annotation.internalConfigurationAnnotationProcessor'
2020-03-09 20:45:19.213 [main] DEBUG o.s.b.f.s.DefaultListableBeanFactory - Eagerly caching bean 'org.springframework.context.annotation.internalConfigurationAnnotationProcessor' to allow for resolving potential circular references
2020-03-09 20:45:19.226 [main] DEBUG o.s.b.f.s.DefaultListableBeanFactory - Creating shared instance of singleton bean 'org.springframework.boot.autoconfigure.internalCachingMetadataReaderFactory'
2020-03-09 20:45:19.226 [main] DEBUG o.s.b.f.s.DefaultListableBeanFactory - Creating instance of bean 'org.springframework.boot.autoconfigure.internalCachingMetadataReaderFactory'
2020-03-09 20:45:19.227 [main] DEBUG o.s.b.f.s.DefaultListableBeanFactory - Eagerly caching bean 'org.springframework.boot.autoconfigure.internalCachingMetadataReaderFactory' to allow for resolving potential circular references
2020-03-09 20:45:19.230 [main] DEBUG o.s.b.f.s.DefaultListableBeanFactory - Finished creating instance of bean 'org.springframework.boot.autoconfigure.internalCachingMetadataReaderFactory'
2020-03-09 20:45:19.250 [main] DEBUG o.s.b.f.s.DefaultListableBeanFactory - Finished creating instance of bean 'org.springframework.context.annotation.internalConfigurationAnnotationProcessor'
2020-03-09 20:45:19.292 [main] DEBUG o.s.b.f.s.DefaultListableBeanFactory - Returning cached instance of singleton bean 'autoConfigurationReport'
2020-03-09 20:45:19.304 [main] DEBUG o.s.b.f.s.DefaultListableBeanFactory - Returning cached instance of singleton bean 'autoConfigurationReport'
2020-03-09 20:45:19.306 [main] DEBUG o.s.b.f.s.DefaultListableBeanFactory - Returning cached instance of singleton bean 'autoConfigurationReport'
2020-03-09 20:45:19.307 [main] DEBUG o.s.c.e.PropertySourcesPropertyResolver - Could not find key 'encrypt.key-store.location' in any property source
2020-03-09 20:45:19.307 [main] DEBUG o.s.c.e.PropertySourcesPropertyResolver - Could not find key 'encrypt.key' in any property source
2020-03-09 20:45:19.308 [main] DEBUG o.s.b.f.s.DefaultListableBeanFactory - Returning cached instance of singleton bean 'autoConfigurationReport'
2020-03-09 20:45:19.343 [main] DEBUG o.s.b.f.s.DefaultListableBeanFactory - Returning cached instance of singleton bean 'autoConfigurationReport'
2020-03-09 20:45:19.347 [main] DEBUG o.s.c.a.ConfigurationClassBeanDefinitionReader - Registering bean definition for @Bean method org.springframework.cloud.bootstrap.encrypt.EncryptionBootstrapConfiguration.environmentDecryptApplicationListener()
2020-03-09 20:45:19.360 [main] DEBUG o.s.b.f.s.DefaultListableBeanFactory - Creating shared instance of singleton bean 'org.springframework.boot.autoconfigure.condition.BeanTypeRegistry'
2020-03-09 20:45:19.360 [main] DEBUG o.s.b.f.s.DefaultListableBeanFactory - Creating instance of bean 'org.springframework.boot.autoconfigure.condition.BeanTypeRegistry'
2020-03-09 20:45:19.372 [main] DEBUG o.s.b.f.s.DefaultListableBeanFactory - Eagerly caching bean 'org.springframework.boot.autoconfigure.condition.BeanTypeRegistry' to allow for resolving potential circular references
2020-03-09 20:45:19.372 [main] DEBUG o.s.b.f.s.DefaultListableBeanFactory - Finished creating instance of bean 'org.springframework.boot.autoconfigure.condition.BeanTypeRegistry'
2020-03-09 20:45:19.379 [main] DEBUG o.s.b.f.s.DefaultListableBeanFactory - Returning cached instance of singleton bean 'autoConfigurationReport'
2020-03-09 20:45:19.380 [main] DEBUG o.s.b.f.s.DefaultListableBeanFactory - Returning cached instance of singleton bean 'org.springframework.boot.autoconfigure.condition.BeanTypeRegistry'
2020-03-09 20:45:19.381 [main] DEBUG o.s.b.f.s.DefaultListableBeanFactory - Returning cached instance of singleton bean 'autoConfigurationReport'
2020-03-09 20:45:19.382 [main] DEBUG o.s.c.a.ConfigurationClassBeanDefinitionReader - Registering bean definition for @Bean method org.springframework.cloud.autoconfigure.ConfigurationPropertiesRebinderAutoConfiguration.configurationPropertiesBeans()
2020-03-09 20:45:19.382 [main] DEBUG o.s.b.f.s.DefaultListableBeanFactory - Returning cached instance of singleton bean 'org.springframework.boot.autoconfigure.condition.BeanTypeRegistry'
2020-03-09 20:45:19.383 [main] DEBUG o.s.b.f.s.DefaultListableBeanFactory - Returning cached instance of singleton bean 'autoConfigurationReport'
2020-03-09 20:45:19.383 [main] DEBUG o.s.c.a.ConfigurationClassBeanDefinitionReader - Registering bean definition for @Bean method org.springframework.cloud.autoconfigure.ConfigurationPropertiesRebinderAutoConfiguration.configurationPropertiesRebinder()
2020-03-09 20:45:19.384 [main] DEBUG o.s.b.f.s.DefaultListableBeanFactory - Returning cached instance of singleton bean 'org.springframework.boot.autoconfigure.condition.BeanTypeRegistry'
2020-03-09 20:45:19.384 [main] DEBUG o.s.b.f.s.DefaultListableBeanFactory - Returning cached instance of singleton bean 'autoConfigurationReport'
2020-03-09 20:45:19.385 [main] DEBUG o.s.c.a.ConfigurationClassBeanDefinitionReader - Registering bean definition for @Bean method org.springframework.boot.autoconfigure.context.PropertyPlaceholderAutoConfiguration.propertySourcesPlaceholderConfigurer()
2020-03-09 20:45:19.500 [main] DEBUG o.s.c.a.ConfigurationClassEnhancer - Successfully enhanced org.springframework.cloud.bootstrap.config.PropertySourceBootstrapConfiguration; enhanced class name is: org.springframework.cloud.bootstrap.config.PropertySourceBootstrapConfiguration$$EnhancerBySpringCGLIB$$5b019004
2020-03-09 20:45:19.500 [main] DEBUG o.s.c.a.ConfigurationClassPostProcessor - Replacing bean definition 'propertySourceBootstrapConfiguration' existing class 'org.springframework.cloud.bootstrap.config.PropertySourceBootstrapConfiguration' with enhanced class 'org.springframework.cloud.bootstrap.config.PropertySourceBootstrapConfiguration$$EnhancerBySpringCGLIB$$5b019004'
2020-03-09 20:45:19.505 [main] DEBUG o.s.c.a.ConfigurationClassEnhancer - Successfully enhanced org.springframework.cloud.bootstrap.encrypt.EncryptionBootstrapConfiguration; enhanced class name is: org.springframework.cloud.bootstrap.encrypt.EncryptionBootstrapConfiguration$$EnhancerBySpringCGLIB$$b7bdd2f4
2020-03-09 20:45:19.505 [main] DEBUG o.s.c.a.ConfigurationClassPostProcessor - Replacing bean definition 'encryptionBootstrapConfiguration' existing class 'org.springframework.cloud.bootstrap.encrypt.EncryptionBootstrapConfiguration' with enhanced class 'org.springframework.cloud.bootstrap.encrypt.EncryptionBootstrapConfiguration$$EnhancerBySpringCGLIB$$b7bdd2f4'
2020-03-09 20:45:19.508 [main] DEBUG o.s.c.a.ConfigurationClassEnhancer - Successfully enhanced org.springframework.cloud.autoconfigure.ConfigurationPropertiesRebinderAutoConfiguration; enhanced class name is: org.springframework.cloud.autoconfigure.ConfigurationPropertiesRebinderAutoConfiguration$$EnhancerBySpringCGLIB$$c76e7498
2020-03-09 20:45:19.509 [main] DEBUG o.s.c.a.ConfigurationClassPostProcessor - Replacing bean definition 'configurationPropertiesRebinderAutoConfiguration' existing class 'org.springframework.cloud.autoconfigure.ConfigurationPropertiesRebinderAutoConfiguration' with enhanced class 'org.springframework.cloud.autoconfigure.ConfigurationPropertiesRebinderAutoConfiguration$$EnhancerBySpringCGLIB$$c76e7498'
2020-03-09 20:45:19.510 [main] DEBUG o.s.c.a.ConfigurationClassEnhancer - Successfully enhanced org.springframework.boot.autoconfigure.context.PropertyPlaceholderAutoConfiguration; enhanced class name is: org.springframework.boot.autoconfigure.context.PropertyPlaceholderAutoConfiguration$$EnhancerBySpringCGLIB$$ac0ae3d4
2020-03-09 20:45:19.511 [main] DEBUG o.s.c.a.ConfigurationClassPostProcessor - Replacing bean definition 'propertyPlaceholderAutoConfiguration' existing class 'org.springframework.boot.autoconfigure.context.PropertyPlaceholderAutoConfiguration' with enhanced class 'org.springframework.boot.autoconfigure.context.PropertyPlaceholderAutoConfiguration$$EnhancerBySpringCGLIB$$ac0ae3d4'
2020-03-09 20:45:19.511 [main] DEBUG o.s.core.env.StandardEnvironment - Removing PropertySource 'defaultProperties'
2020-03-09 20:45:19.512 [main] DEBUG o.s.b.f.s.DefaultListableBeanFactory - Creating shared instance of singleton bean 'propertySourcesPlaceholderConfigurer'
2020-03-09 20:45:19.512 [main] DEBUG o.s.b.f.s.DefaultListableBeanFactory - Creating instance of bean 'propertySourcesPlaceholderConfigurer'
2020-03-09 20:45:19.514 [main] DEBUG o.s.b.f.s.DefaultListableBeanFactory - Eagerly caching bean 'propertySourcesPlaceholderConfigurer' to allow for resolving potential circular references
2020-03-09 20:45:19.527 [main] DEBUG o.s.b.f.s.DefaultListableBeanFactory - Finished creating instance of bean 'propertySourcesPlaceholderConfigurer'
2020-03-09 20:45:19.528 [main] DEBUG o.s.core.env.MutablePropertySources - Adding PropertySource 'environmentProperties' with lowest search precedence
2020-03-09 20:45:19.528 [main] DEBUG o.s.core.env.MutablePropertySources - Adding PropertySource 'localProperties' with lowest search precedence
2020-03-09 20:45:19.530 [main] DEBUG o.s.b.f.s.DefaultListableBeanFactory - Creating shared instance of singleton bean 'org.springframework.boot.context.properties.ConfigurationBeanFactoryMetadata'
2020-03-09 20:45:19.530 [main] DEBUG o.s.b.f.s.DefaultListableBeanFactory - Creating instance of bean 'org.springframework.boot.context.properties.ConfigurationBeanFactoryMetadata'
2020-03-09 20:45:19.530 [main] DEBUG o.s.b.f.s.DefaultListableBeanFactory - Eagerly caching bean 'org.springframework.boot.context.properties.ConfigurationBeanFactoryMetadata' to allow for resolving potential circular references
2020-03-09 20:45:19.533 [main] DEBUG o.s.b.f.s.DefaultListableBeanFactory - Finished creating instance of bean 'org.springframework.boot.context.properties.ConfigurationBeanFactoryMetadata'
2020-03-09 20:45:19.538 [main] DEBUG o.s.b.f.s.DefaultListableBeanFactory - Creating shared instance of singleton bean 'org.springframework.context.annotation.internalAutowiredAnnotationProcessor'
2020-03-09 20:45:19.538 [main] DEBUG o.s.b.f.s.DefaultListableBeanFactory - Creating instance of bean 'org.springframework.context.annotation.internalAutowiredAnnotationProcessor'
2020-03-09 20:45:19.539 [main] INFO  o.s.b.f.a.AutowiredAnnotationBeanPostProcessor - JSR-330 'javax.inject.Inject' annotation found and supported for autowiring
2020-03-09 20:45:19.539 [main] DEBUG o.s.b.f.s.DefaultListableBeanFactory - Eagerly caching bean 'org.springframework.context.annotation.internalAutowiredAnnotationProcessor' to allow for resolving potential circular references
2020-03-09 20:45:19.545 [main] DEBUG o.s.b.f.s.DefaultListableBeanFactory - Finished creating instance of bean 'org.springframework.context.annotation.internalAutowiredAnnotationProcessor'
2020-03-09 20:45:19.545 [main] DEBUG o.s.b.f.s.DefaultListableBeanFactory - Creating shared instance of singleton bean 'org.springframework.context.annotation.internalRequiredAnnotationProcessor'
2020-03-09 20:45:19.546 [main] DEBUG o.s.b.f.s.DefaultListableBeanFactory - Creating instance of bean 'org.springframework.context.annotation.internalRequiredAnnotationProcessor'
2020-03-09 20:45:19.546 [main] DEBUG o.s.b.f.s.DefaultListableBeanFactory - Eagerly caching bean 'org.springframework.context.annotation.internalRequiredAnnotationProcessor' to allow for resolving potential circular references
2020-03-09 20:45:19.554 [main] DEBUG o.s.b.f.s.DefaultListableBeanFactory - Finished creating instance of bean 'org.springframework.context.annotation.internalRequiredAnnotationProcessor'
2020-03-09 20:45:19.555 [main] DEBUG o.s.b.f.s.DefaultListableBeanFactory - Creating shared instance of singleton bean 'org.springframework.context.annotation.internalCommonAnnotationProcessor'
2020-03-09 20:45:19.555 [main] DEBUG o.s.b.f.s.DefaultListableBeanFactory - Creating instance of bean 'org.springframework.context.annotation.internalCommonAnnotationProcessor'
2020-03-09 20:45:19.561 [main] DEBUG o.s.b.f.s.DefaultListableBeanFactory - Eagerly caching bean 'org.springframework.context.annotation.internalCommonAnnotationProcessor' to allow for resolving potential circular references
2020-03-09 20:45:19.566 [main] DEBUG o.s.b.f.s.DefaultListableBeanFactory - Finished creating instance of bean 'org.springframework.context.annotation.internalCommonAnnotationProcessor'
2020-03-09 20:45:19.566 [main] DEBUG o.s.b.f.s.DefaultListableBeanFactory - Creating shared instance of singleton bean 'org.springframework.context.annotation.internalPersistenceAnnotationProcessor'
2020-03-09 20:45:19.566 [main] DEBUG o.s.b.f.s.DefaultListableBeanFactory - Creating instance of bean 'org.springframework.context.annotation.internalPersistenceAnnotationProcessor'
2020-03-09 20:45:19.567 [main] DEBUG o.s.b.f.s.DefaultListableBeanFactory - Eagerly caching bean 'org.springframework.context.annotation.internalPersistenceAnnotationProcessor' to allow for resolving potential circular references
2020-03-09 20:45:19.574 [main] DEBUG o.s.b.f.s.DefaultListableBeanFactory - Finished creating instance of bean 'org.springframework.context.annotation.internalPersistenceAnnotationProcessor'
2020-03-09 20:45:19.575 [main] DEBUG o.s.b.f.s.DefaultListableBeanFactory - Creating shared instance of singleton bean 'org.springframework.boot.context.properties.ConfigurationPropertiesBindingPostProcessor'
2020-03-09 20:45:19.575 [main] DEBUG o.s.b.f.s.DefaultListableBeanFactory - Creating instance of bean 'org.springframework.boot.context.properties.ConfigurationPropertiesBindingPostProcessor'
2020-03-09 20:45:19.576 [main] DEBUG o.s.b.f.s.DefaultListableBeanFactory - Eagerly caching bean 'org.springframework.boot.context.properties.ConfigurationPropertiesBindingPostProcessor' to allow for resolving potential circular references
2020-03-09 20:45:19.579 [main] DEBUG o.s.b.f.s.DefaultListableBeanFactory - Invoking afterPropertiesSet() on bean with name 'org.springframework.boot.context.properties.ConfigurationPropertiesBindingPostProcessor'
2020-03-09 20:45:19.579 [main] DEBUG o.s.b.f.s.DefaultListableBeanFactory - Returning cached instance of singleton bean 'org.springframework.boot.context.properties.ConfigurationBeanFactoryMetadata'
2020-03-09 20:45:19.581 [main] DEBUG o.s.b.f.s.DefaultListableBeanFactory - Returning cached instance of singleton bean 'propertySourcesPlaceholderConfigurer'
2020-03-09 20:45:19.582 [main] DEBUG o.s.b.f.s.DefaultListableBeanFactory - Finished creating instance of bean 'org.springframework.boot.context.properties.ConfigurationPropertiesBindingPostProcessor'
2020-03-09 20:45:19.582 [main] DEBUG o.s.b.f.s.DefaultListableBeanFactory - Creating shared instance of singleton bean 'configurationPropertiesBeans'
2020-03-09 20:45:19.582 [main] DEBUG o.s.b.f.s.DefaultListableBeanFactory - Creating instance of bean 'configurationPropertiesBeans'
2020-03-09 20:45:19.583 [main] DEBUG o.s.b.f.s.DefaultListableBeanFactory - Creating shared instance of singleton bean 'configurationPropertiesRebinderAutoConfiguration'
2020-03-09 20:45:19.583 [main] DEBUG o.s.b.f.s.DefaultListableBeanFactory - Creating instance of bean 'configurationPropertiesRebinderAutoConfiguration'
2020-03-09 20:45:19.591 [main] DEBUG o.s.b.f.s.DefaultListableBeanFactory - Eagerly caching bean 'configurationPropertiesRebinderAutoConfiguration' to allow for resolving potential circular references
2020-03-09 20:45:19.596 [main] INFO  o.s.c.s.PostProcessorRegistrationDelegate$BeanPostProcessorChecker - Bean 'configurationPropertiesRebinderAutoConfiguration' of type [org.springframework.cloud.autoconfigure.ConfigurationPropertiesRebinderAutoConfiguration$$EnhancerBySpringCGLIB$$c76e7498] is not eligible for getting processed by all BeanPostProcessors (for example: not eligible for auto-proxying)
2020-03-09 20:45:19.596 [main] DEBUG o.s.b.f.s.DefaultListableBeanFactory - Finished creating instance of bean 'configurationPropertiesRebinderAutoConfiguration'
2020-03-09 20:45:19.607 [main] DEBUG o.s.b.f.s.DefaultListableBeanFactory - Returning cached instance of singleton bean 'org.springframework.boot.context.properties.ConfigurationBeanFactoryMetadata'
2020-03-09 20:45:19.610 [main] DEBUG o.s.b.f.s.DefaultListableBeanFactory - Eagerly caching bean 'configurationPropertiesBeans' to allow for resolving potential circular references
2020-03-09 20:45:19.613 [main] DEBUG o.s.b.f.s.DefaultListableBeanFactory - Finished creating instance of bean 'configurationPropertiesBeans'
2020-03-09 20:45:19.615 [main] DEBUG o.s.c.a.AnnotationConfigApplicationContext - Unable to locate MessageSource with name 'messageSource': using default [org.springframework.context.support.DelegatingMessageSource@62435e70]
2020-03-09 20:45:19.615 [main] DEBUG o.s.c.a.AnnotationConfigApplicationContext - Unable to locate ApplicationEventMulticaster with name 'applicationEventMulticaster': using default [org.springframework.context.event.SimpleApplicationEventMulticaster@339bf286]
2020-03-09 20:45:19.616 [main] DEBUG o.s.b.f.s.DefaultListableBeanFactory - Pre-instantiating singletons in org.springframework.beans.factory.support.DefaultListableBeanFactory@495b0487: defining beans [org.springframework.context.annotation.internalConfigurationAnnotationProcessor,org.springframework.context.annotation.internalAutowiredAnnotationProcessor,org.springframework.context.annotation.internalRequiredAnnotationProcessor,org.springframework.context.annotation.internalCommonAnnotationProcessor,org.springframework.context.annotation.internalPersistenceAnnotationProcessor,org.springframework.context.event.internalEventListenerProcessor,org.springframework.context.event.internalEventListenerFactory,propertySourceBootstrapConfiguration,encryptionBootstrapConfiguration,configurationPropertiesRebinderAutoConfiguration,propertyPlaceholderAutoConfiguration,org.springframework.boot.autoconfigure.internalCachingMetadataReaderFactory,spring.cloud.config-org.springframework.cloud.bootstrap.config.PropertySourceBootstrapProperties,org.springframework.boot.context.properties.ConfigurationPropertiesBindingPostProcessor,org.springframework.boot.context.properties.ConfigurationBeanFactoryMetadata,environmentDecryptApplicationListener,encrypt-org.springframework.cloud.bootstrap.encrypt.KeyProperties,org.springframework.boot.autoconfigure.condition.BeanTypeRegistry,configurationPropertiesBeans,configurationPropertiesRebinder,propertySourcesPlaceholderConfigurer]; root of factory hierarchy
2020-03-09 20:45:19.616 [main] DEBUG o.s.b.f.s.DefaultListableBeanFactory - Returning cached instance of singleton bean 'org.springframework.context.annotation.internalConfigurationAnnotationProcessor'
2020-03-09 20:45:19.616 [main] DEBUG o.s.b.f.s.DefaultListableBeanFactory - Returning cached instance of singleton bean 'org.springframework.context.annotation.internalAutowiredAnnotationProcessor'
2020-03-09 20:45:19.617 [main] DEBUG o.s.b.f.s.DefaultListableBeanFactory - Returning cached instance of singleton bean 'org.springframework.context.annotation.internalRequiredAnnotationProcessor'
2020-03-09 20:45:19.617 [main] DEBUG o.s.b.f.s.DefaultListableBeanFactory - Returning cached instance of singleton bean 'org.springframework.context.annotation.internalCommonAnnotationProcessor'
2020-03-09 20:45:19.617 [main] DEBUG o.s.b.f.s.DefaultListableBeanFactory - Returning cached instance of singleton bean 'org.springframework.context.annotation.internalPersistenceAnnotationProcessor'
2020-03-09 20:45:19.617 [main] DEBUG o.s.b.f.s.DefaultListableBeanFactory - Creating shared instance of singleton bean 'org.springframework.context.event.internalEventListenerProcessor'
2020-03-09 20:45:19.617 [main] DEBUG o.s.b.f.s.DefaultListableBeanFactory - Creating instance of bean 'org.springframework.context.event.internalEventListenerProcessor'
2020-03-09 20:45:19.618 [main] DEBUG o.s.b.f.s.DefaultListableBeanFactory - Eagerly caching bean 'org.springframework.context.event.internalEventListenerProcessor' to allow for resolving potential circular references
2020-03-09 20:45:19.621 [main] DEBUG o.s.b.f.s.DefaultListableBeanFactory - Finished creating instance of bean 'org.springframework.context.event.internalEventListenerProcessor'
2020-03-09 20:45:19.622 [main] DEBUG o.s.b.f.s.DefaultListableBeanFactory - Creating shared instance of singleton bean 'org.springframework.context.event.internalEventListenerFactory'
2020-03-09 20:45:19.622 [main] DEBUG o.s.b.f.s.DefaultListableBeanFactory - Creating instance of bean 'org.springframework.context.event.internalEventListenerFactory'
2020-03-09 20:45:19.622 [main] DEBUG o.s.b.f.s.DefaultListableBeanFactory - Eagerly caching bean 'org.springframework.context.event.internalEventListenerFactory' to allow for resolving potential circular references
2020-03-09 20:45:19.625 [main] DEBUG o.s.b.f.s.DefaultListableBeanFactory - Finished creating instance of bean 'org.springframework.context.event.internalEventListenerFactory'
2020-03-09 20:45:19.625 [main] DEBUG o.s.b.f.s.DefaultListableBeanFactory - Creating shared instance of singleton bean 'propertySourceBootstrapConfiguration'
2020-03-09 20:45:19.625 [main] DEBUG o.s.b.f.s.DefaultListableBeanFactory - Creating instance of bean 'propertySourceBootstrapConfiguration'
2020-03-09 20:45:19.628 [main] DEBUG o.s.b.f.annotation.InjectionMetadata - Registered injected element on class [org.springframework.cloud.bootstrap.config.PropertySourceBootstrapConfiguration$$EnhancerBySpringCGLIB$$5b019004]: AutowiredFieldElement for private java.util.List org.springframework.cloud.bootstrap.config.PropertySourceBootstrapConfiguration.propertySourceLocators
2020-03-09 20:45:19.628 [main] DEBUG o.s.b.f.s.DefaultListableBeanFactory - Eagerly caching bean 'propertySourceBootstrapConfiguration' to allow for resolving potential circular references
2020-03-09 20:45:19.635 [main] DEBUG o.s.b.f.annotation.InjectionMetadata - Processing injected element of bean 'propertySourceBootstrapConfiguration': AutowiredFieldElement for private java.util.List org.springframework.cloud.bootstrap.config.PropertySourceBootstrapConfiguration.propertySourceLocators
2020-03-09 20:45:19.637 [main] DEBUG o.s.core.annotation.AnnotationUtils - Failed to meta-introspect annotation interface org.springframework.beans.factory.annotation.Autowired: java.lang.NullPointerException
2020-03-09 20:45:19.640 [main] DEBUG o.s.b.f.s.DefaultListableBeanFactory - Finished creating instance of bean 'propertySourceBootstrapConfiguration'
2020-03-09 20:45:19.640 [main] DEBUG o.s.b.f.s.DefaultListableBeanFactory - Creating shared instance of singleton bean 'encryptionBootstrapConfiguration'
2020-03-09 20:45:19.640 [main] DEBUG o.s.b.f.s.DefaultListableBeanFactory - Creating instance of bean 'encryptionBootstrapConfiguration'
2020-03-09 20:45:19.641 [main] DEBUG o.s.b.f.annotation.InjectionMetadata - Registered injected element on class [org.springframework.cloud.bootstrap.encrypt.EncryptionBootstrapConfiguration$$EnhancerBySpringCGLIB$$b7bdd2f4]: AutowiredFieldElement for private org.springframework.security.crypto.encrypt.TextEncryptor org.springframework.cloud.bootstrap.encrypt.EncryptionBootstrapConfiguration.encryptor
2020-03-09 20:45:19.641 [main] DEBUG o.s.b.f.annotation.InjectionMetadata - Registered injected element on class [org.springframework.cloud.bootstrap.encrypt.EncryptionBootstrapConfiguration$$EnhancerBySpringCGLIB$$b7bdd2f4]: AutowiredFieldElement for private org.springframework.cloud.bootstrap.encrypt.KeyProperties org.springframework.cloud.bootstrap.encrypt.EncryptionBootstrapConfiguration.key
2020-03-09 20:45:19.641 [main] DEBUG o.s.b.f.s.DefaultListableBeanFactory - Eagerly caching bean 'encryptionBootstrapConfiguration' to allow for resolving potential circular references
2020-03-09 20:45:19.643 [main] DEBUG o.s.b.f.annotation.InjectionMetadata - Processing injected element of bean 'encryptionBootstrapConfiguration': AutowiredFieldElement for private org.springframework.security.crypto.encrypt.TextEncryptor org.springframework.cloud.bootstrap.encrypt.EncryptionBootstrapConfiguration.encryptor
2020-03-09 20:45:19.644 [main] DEBUG o.s.core.annotation.AnnotationUtils - Failed to meta-introspect annotation interface org.springframework.beans.factory.annotation.Autowired: java.lang.NullPointerException
2020-03-09 20:45:19.644 [main] DEBUG o.s.b.f.annotation.InjectionMetadata - Processing injected element of bean 'encryptionBootstrapConfiguration': AutowiredFieldElement for private org.springframework.cloud.bootstrap.encrypt.KeyProperties org.springframework.cloud.bootstrap.encrypt.EncryptionBootstrapConfiguration.key
2020-03-09 20:45:19.644 [main] DEBUG o.s.core.annotation.AnnotationUtils - Failed to meta-introspect annotation interface org.springframework.beans.factory.annotation.Autowired: java.lang.NullPointerException
2020-03-09 20:45:19.645 [main] DEBUG o.s.b.f.s.DefaultListableBeanFactory - Creating shared instance of singleton bean 'encrypt-org.springframework.cloud.bootstrap.encrypt.KeyProperties'
2020-03-09 20:45:19.646 [main] DEBUG o.s.b.f.s.DefaultListableBeanFactory - Creating instance of bean 'encrypt-org.springframework.cloud.bootstrap.encrypt.KeyProperties'
2020-03-09 20:45:19.646 [main] DEBUG o.s.b.f.s.DefaultListableBeanFactory - Eagerly caching bean 'encrypt-org.springframework.cloud.bootstrap.encrypt.KeyProperties' to allow for resolving potential circular references
2020-03-09 20:45:19.651 [main] DEBUG o.s.b.f.s.DefaultListableBeanFactory - Creating instance of bean 'org.springframework.boot.context.properties.ConversionServiceDeducer$Factory'
2020-03-09 20:45:19.658 [main] DEBUG o.s.b.f.annotation.InjectionMetadata - Registered injected element on class [org.springframework.boot.context.properties.ConversionServiceDeducer$Factory]: AutowiredMethodElement for public void org.springframework.boot.context.properties.ConversionServiceDeducer$Factory.setGenericConverters(java.util.List)
2020-03-09 20:45:19.658 [main] DEBUG o.s.b.f.annotation.InjectionMetadata - Registered injected element on class [org.springframework.boot.context.properties.ConversionServiceDeducer$Factory]: AutowiredMethodElement for public void org.springframework.boot.context.properties.ConversionServiceDeducer$Factory.setConverters(java.util.List)
2020-03-09 20:45:19.659 [main] DEBUG o.s.b.f.annotation.InjectionMetadata - Processing injected element of bean 'org.springframework.boot.context.properties.ConversionServiceDeducer$Factory': AutowiredMethodElement for public void org.springframework.boot.context.properties.ConversionServiceDeducer$Factory.setGenericConverters(java.util.List)
2020-03-09 20:45:19.660 [main] DEBUG o.s.b.f.annotation.InjectionMetadata - Processing injected element of bean 'org.springframework.boot.context.properties.ConversionServiceDeducer$Factory': AutowiredMethodElement for public void org.springframework.boot.context.properties.ConversionServiceDeducer$Factory.setConverters(java.util.List)
2020-03-09 20:45:19.660 [main] DEBUG o.s.b.f.s.DefaultListableBeanFactory - Finished creating instance of bean 'org.springframework.boot.context.properties.ConversionServiceDeducer$Factory'
2020-03-09 20:45:19.667 [main] DEBUG o.s.b.f.s.DefaultListableBeanFactory - Finished creating instance of bean 'encrypt-org.springframework.cloud.bootstrap.encrypt.KeyProperties'
2020-03-09 20:45:19.667 [main] DEBUG o.s.b.f.a.AutowiredAnnotationBeanPostProcessor - Autowiring by type from bean name 'encryptionBootstrapConfiguration' to bean named 'encrypt-org.springframework.cloud.bootstrap.encrypt.KeyProperties'
2020-03-09 20:45:19.667 [main] DEBUG o.s.b.f.s.DefaultListableBeanFactory - Finished creating instance of bean 'encryptionBootstrapConfiguration'
2020-03-09 20:45:19.668 [main] DEBUG o.s.b.f.s.DefaultListableBeanFactory - Returning cached instance of singleton bean 'configurationPropertiesRebinderAutoConfiguration'
2020-03-09 20:45:19.668 [main] DEBUG o.s.b.f.s.DefaultListableBeanFactory - Creating shared instance of singleton bean 'propertyPlaceholderAutoConfiguration'
2020-03-09 20:45:19.668 [main] DEBUG o.s.b.f.s.DefaultListableBeanFactory - Creating instance of bean 'propertyPlaceholderAutoConfiguration'
2020-03-09 20:45:19.669 [main] DEBUG o.s.b.f.s.DefaultListableBeanFactory - Eagerly caching bean 'propertyPlaceholderAutoConfiguration' to allow for resolving potential circular references
2020-03-09 20:45:19.672 [main] DEBUG o.s.b.f.s.DefaultListableBeanFactory - Finished creating instance of bean 'propertyPlaceholderAutoConfiguration'
2020-03-09 20:45:19.672 [main] DEBUG o.s.b.f.s.DefaultListableBeanFactory - Returning cached instance of singleton bean 'org.springframework.boot.autoconfigure.internalCachingMetadataReaderFactory'
2020-03-09 20:45:19.673 [main] DEBUG o.s.b.f.s.DefaultListableBeanFactory - Creating shared instance of singleton bean 'spring.cloud.config-org.springframework.cloud.bootstrap.config.PropertySourceBootstrapProperties'
2020-03-09 20:45:19.673 [main] DEBUG o.s.b.f.s.DefaultListableBeanFactory - Creating instance of bean 'spring.cloud.config-org.springframework.cloud.bootstrap.config.PropertySourceBootstrapProperties'
2020-03-09 20:45:19.673 [main] DEBUG o.s.b.f.s.DefaultListableBeanFactory - Eagerly caching bean 'spring.cloud.config-org.springframework.cloud.bootstrap.config.PropertySourceBootstrapProperties' to allow for resolving potential circular references
2020-03-09 20:45:19.675 [main] DEBUG o.s.b.f.s.DefaultListableBeanFactory - Finished creating instance of bean 'spring.cloud.config-org.springframework.cloud.bootstrap.config.PropertySourceBootstrapProperties'
2020-03-09 20:45:19.676 [main] DEBUG o.s.b.f.s.DefaultListableBeanFactory - Returning cached instance of singleton bean 'org.springframework.boot.context.properties.ConfigurationPropertiesBindingPostProcessor'
2020-03-09 20:45:19.676 [main] DEBUG o.s.b.f.s.DefaultListableBeanFactory - Returning cached instance of singleton bean 'org.springframework.boot.context.properties.ConfigurationBeanFactoryMetadata'
2020-03-09 20:45:19.676 [main] DEBUG o.s.b.f.s.DefaultListableBeanFactory - Creating shared instance of singleton bean 'environmentDecryptApplicationListener'
2020-03-09 20:45:19.676 [main] DEBUG o.s.b.f.s.DefaultListableBeanFactory - Creating instance of bean 'environmentDecryptApplicationListener'
2020-03-09 20:45:19.676 [main] DEBUG o.s.b.f.s.DefaultListableBeanFactory - Returning cached instance of singleton bean 'encryptionBootstrapConfiguration'
2020-03-09 20:45:19.681 [main] DEBUG o.s.b.f.s.DefaultListableBeanFactory - Eagerly caching bean 'environmentDecryptApplicationListener' to allow for resolving potential circular references
2020-03-09 20:45:19.684 [main] DEBUG o.s.b.f.s.DefaultListableBeanFactory - Finished creating instance of bean 'environmentDecryptApplicationListener'
2020-03-09 20:45:19.685 [main] DEBUG o.s.b.f.s.DefaultListableBeanFactory - Returning cached instance of singleton bean 'encrypt-org.springframework.cloud.bootstrap.encrypt.KeyProperties'
2020-03-09 20:45:19.685 [main] DEBUG o.s.b.f.s.DefaultListableBeanFactory - Returning cached instance of singleton bean 'org.springframework.boot.autoconfigure.condition.BeanTypeRegistry'
2020-03-09 20:45:19.685 [main] DEBUG o.s.b.f.s.DefaultListableBeanFactory - Returning cached instance of singleton bean 'configurationPropertiesBeans'
2020-03-09 20:45:19.685 [main] DEBUG o.s.b.f.s.DefaultListableBeanFactory - Creating shared instance of singleton bean 'configurationPropertiesRebinder'
2020-03-09 20:45:19.685 [main] DEBUG o.s.b.f.s.DefaultListableBeanFactory - Creating instance of bean 'configurationPropertiesRebinder'
2020-03-09 20:45:19.685 [main] DEBUG o.s.b.f.s.DefaultListableBeanFactory - Returning cached instance of singleton bean 'configurationPropertiesRebinderAutoConfiguration'
2020-03-09 20:45:19.686 [main] DEBUG o.s.b.f.s.DefaultListableBeanFactory - Returning cached instance of singleton bean 'configurationPropertiesBeans'
2020-03-09 20:45:19.687 [main] DEBUG o.s.b.f.s.DefaultListableBeanFactory - Autowiring by type from bean name 'configurationPropertiesRebinder' via factory method to bean named 'configurationPropertiesBeans'
2020-03-09 20:45:19.691 [main] DEBUG o.s.b.f.s.DefaultListableBeanFactory - Eagerly caching bean 'configurationPropertiesRebinder' to allow for resolving potential circular references
2020-03-09 20:45:19.697 [main] DEBUG o.s.b.f.s.DefaultListableBeanFactory - Finished creating instance of bean 'configurationPropertiesRebinder'
2020-03-09 20:45:19.697 [main] DEBUG o.s.b.f.s.DefaultListableBeanFactory - Returning cached instance of singleton bean 'propertySourcesPlaceholderConfigurer'
2020-03-09 20:45:19.698 [main] DEBUG o.s.b.f.s.DefaultListableBeanFactory - Returning cached instance of singleton bean 'org.springframework.context.event.internalEventListenerFactory'
2020-03-09 20:45:19.720 [main] DEBUG o.s.c.a.AnnotationConfigApplicationContext - Unable to locate LifecycleProcessor with name 'lifecycleProcessor': using default [org.springframework.context.support.DefaultLifecycleProcessor@659eef7]
2020-03-09 20:45:19.720 [main] DEBUG o.s.b.f.s.DefaultListableBeanFactory - Returning cached instance of singleton bean 'lifecycleProcessor'
2020-03-09 20:45:19.723 [main] DEBUG o.s.b.f.s.DefaultListableBeanFactory - Returning cached instance of singleton bean 'org.springframework.boot.autoconfigure.internalCachingMetadataReaderFactory'
2020-03-09 20:45:19.733 [main] DEBUG o.s.b.a.l.ConditionEvaluationReportLoggingListener - 


============================
CONDITIONS EVALUATION REPORT
============================


Positive matches:
-----------------

   ConfigurationPropertiesRebinderAutoConfiguration matched:
      - @ConditionalOnBean (types: org.springframework.boot.context.properties.ConfigurationPropertiesBindingPostProcessor; SearchStrategy: all) found bean 'org.springframework.boot.context.properties.ConfigurationPropertiesBindingPostProcessor' (OnBeanCondition)

   ConfigurationPropertiesRebinderAutoConfiguration#configurationPropertiesBeans matched:
      - @ConditionalOnMissingBean (types: org.springframework.cloud.context.properties.ConfigurationPropertiesBeans; SearchStrategy: current) did not find any beans (OnBeanCondition)

   ConfigurationPropertiesRebinderAutoConfiguration#configurationPropertiesRebinder matched:
      - @ConditionalOnMissingBean (types: org.springframework.cloud.context.properties.ConfigurationPropertiesRebinder; SearchStrategy: current) did not find any beans (OnBeanCondition)

   EncryptionBootstrapConfiguration matched:
      - @ConditionalOnClass found required class 'org.springframework.security.crypto.encrypt.TextEncryptor'; @ConditionalOnMissingClass did not find unwanted class (OnClassCondition)

   PropertyPlaceholderAutoConfiguration#propertySourcesPlaceholderConfigurer matched:
      - @ConditionalOnMissingBean (types: org.springframework.context.support.PropertySourcesPlaceholderConfigurer; SearchStrategy: current) did not find any beans (OnBeanCondition)


Negative matches:
-----------------

   EncryptionBootstrapConfiguration.RsaEncryptionConfiguration:
      Did not match:
         - Keystore nor key found in Environment (EncryptionBootstrapConfiguration.KeyCondition)
      Matched:
         - @ConditionalOnClass found required class 'org.springframework.security.rsa.crypto.RsaSecretEncryptor'; @ConditionalOnMissingClass did not find unwanted class (OnClassCondition)

   EncryptionBootstrapConfiguration.VanillaEncryptionConfiguration:
      Did not match:
         - @ConditionalOnMissingClass found unwanted class 'org.springframework.security.rsa.crypto.RsaSecretEncryptor' (OnClassCondition)


Exclusions:
-----------

    None


Unconditional classes:
----------------------

    None



2020-03-09 20:45:19.739 [main] DEBUG o.s.c.e.PropertySourcesPropertyResolver - Could not find key 'spring.liveBeansView.mbeanDomain' in any property source
2020-03-09 20:45:19.746 [main] DEBUG o.s.core.env.StandardEnvironment - Removing PropertySource 'bootstrap'
2020-03-09 20:45:19.747 [main] DEBUG o.s.core.env.StandardEnvironment - Removing PropertySource 'springCloudClientHostInfo'
2020-03-09 20:45:19.747 [main] DEBUG o.s.core.env.StandardEnvironment - Adding PropertySource 'defaultProperties' with lowest search precedence
2020-03-09 20:45:19.748 [main] DEBUG o.s.core.env.StandardEnvironment - Adding PropertySource 'defaultProperties' with lowest search precedence
2020-03-09 20:45:19.749 [main] DEBUG o.s.b.f.s.DefaultListableBeanFactory - Returning cached instance of singleton bean 'propertySourceBootstrapConfiguration'
2020-03-09 20:45:19.749 [main] DEBUG o.s.b.f.s.DefaultListableBeanFactory - Returning cached instance of singleton bean 'environmentDecryptApplicationListener'
2020-03-09 20:45:20.911 [main] DEBUG o.s.c.e.PropertySourcesPropertyResolver - Could not find key 'logging.register-shutdown-hook' in any property source
2020-03-09 20:45:20.911 [main] DEBUG o.s.b.c.l.ClasspathLoggingApplicationListener - Application started with classpath: [file:/C:/Users/wangb/AppData/Local/Temp/surefire8359040626052298865/surefirebooter7147715406186341325.jar]
2020-03-09 20:45:20.912 [main] DEBUG o.s.c.e.PropertySourcesPropertyResolver - Could not find key 'context.listener.classes' in any property source
2020-03-09 20:45:20.912 [main] DEBUG o.s.core.env.StandardEnvironment - Removing PropertySource 'configurationProperties'
2020-03-09 20:45:20.912 [main] DEBUG o.s.core.env.StandardEnvironment - Adding PropertySource 'configurationProperties' with highest search precedence
2020-03-09 20:45:20.915 [main] DEBUG o.s.c.e.PropertySourcesPropertyResolver - Could not find key 'spring.banner.image.location' in any property source
2020-03-09 20:45:20.918 [main] DEBUG o.s.c.e.PropertySourcesPropertyResolver - Could not find key 'spring.banner.location' in any property source

  .   ____          _            __ _ _
 /\\ / ___'_ __ _ _(_)_ __  __ _ \ \ \ \
( ( )\___ | '_ | '_| | '_ \/ _` | \ \ \ \
 \\/  ___)| |_)| | | | | || (_| |  ) ) ) )
  '  |____| .__|_| |_|_| |_\__, | / / / /
 =========|_|==============|___/=/_/_/_/
 :: Spring Boot ::        (v2.0.1.RELEASE)

2020-03-09 20:45:20.925 [main] DEBUG o.s.w.c.s.StandardServletEnvironment - Adding PropertySource 'servletConfigInitParams' with lowest search precedence
2020-03-09 20:45:20.925 [main] DEBUG o.s.w.c.s.StandardServletEnvironment - Adding PropertySource 'servletContextInitParams' with lowest search precedence
2020-03-09 20:45:20.927 [main] DEBUG o.s.w.c.s.StandardServletEnvironment - Adding PropertySource 'systemProperties' with lowest search precedence
2020-03-09 20:45:20.927 [main] DEBUG o.s.w.c.s.StandardServletEnvironment - Adding PropertySource 'systemEnvironment' with lowest search precedence
2020-03-09 20:45:20.928 [main] DEBUG o.s.w.c.s.StandardServletEnvironment - Initialized StandardServletEnvironment with PropertySources [StubPropertySource@416049054 {name='servletConfigInitParams', properties=java.lang.Object@2e77b8cf}, StubPropertySource@743219449 {name='servletContextInitParams', properties=java.lang.Object@67ef029}, MapPropertySource@2113243119 {name='systemProperties', properties={idea.version=2017.1.2, java.runtime.name=Java(TM) SE Runtime Environment, sun.boot.library.path=C:\Program Files\Java\jdk1.8.0_91\jre\bin, java.vm.version=25.91-b14, java.vm.vendor=Oracle Corporation, java.vendor.url=http://java.oracle.com/, path.separator=;, java.vm.name=Java HotSpot(TM) 64-Bit Server VM, file.encoding.pkg=sun.io, user.country=CN, user.script=, sun.java.launcher=SUN_STANDARD, sun.os.patch.level=, PID=27140, java.vm.specification.name=Java Virtual Machine Specification, user.dir=E:\1704A\hdServiceCode\nm-service-manage-course, java.runtime.version=1.8.0_91-b14, basedir=E:\1704A\hdServiceCode\nm-service-manage-course, java.awt.graphicsenv=sun.awt.Win32GraphicsEnvironment, java.endorsed.dirs=C:\Program Files\Java\jdk1.8.0_91\jre\lib\endorsed, os.arch=amd64, surefire.real.class.path=C:\Users\wangb\AppData\Local\Temp\surefire8359040626052298865\surefirebooter7147715406186341325.jar, java.io.tmpdir=C:\Users\wangb\AppData\Local\Temp\, line.separator=
, java.vm.specification.vendor=Oracle Corporation, user.variant=, os.name=Windows 10, sun.jnu.encoding=GBK, spring.beaninfo.ignore=true, java.library.path=C:\Program Files\Java\jdk1.8.0_91\jre\bin;C:\WINDOWS\Sun\Java\bin;C:\WINDOWS\system32;C:\WINDOWS;E:\app\wangb\product\11.2.0\dbhome_1\bin;E:\maven\apache-maven-3.6.1\bin;C:\Program Files\Java\jdk1.8.0_91\bin;C:\Program Files (x86)\Intel\iCLS Client\;C:\Program Files\Intel\iCLS Client\;C:\Windows\system32;C:\Windows;C:\Windows\System32\Wbem;C:\Windows\System32\WindowsPowerShell\v1.0\;C:\Program Files (x86)\NVIDIA Corporation\PhysX\Common;C:\Program Files (x86)\Intel\Intel(R) Management Engine Components\DAL;C:\Program Files\Intel\Intel(R) Management Engine Components\DAL;C:\Program Files (x86)\Intel\Intel(R) Management Engine Components\IPT;C:\Program Files\Intel\Intel(R) Management Engine Components\IPT;C:\WINDOWS\system32;C:\WINDOWS;C:\WINDOWS\System32\Wbem;C:\WINDOWS\System32\WindowsPowerShell\v1.0\;C:\WINDOWS\System32\OpenSSH\;C:\Program Files\MySQL\MySQL Server 5.5\bin;E:\nodejs\;E:\Git\cmd;E:\Mp4\ffmpeg-20180227-fa0c9d6-win64-static\bin;C:\Users\wangb\AppData\Local\Microsoft\WindowsApps;C:\Users\wangb\AppData\Roaming\npm;E:\Microsoft VS Code\bin;., surefire.test.class.path=E:\1704A\hdServiceCode\nm-service-manage-course\target\test-classes;E:\1704A\hdServiceCode\nm-service-manage-course\target\classes;E:\1704A\repository\com\github\pagehelper\pagehelper-spring-boot-starter\1.2.4\pagehelper-spring-boot-starter-1.2.4.jar;E:\1704A\repository\org\springframework\boot\spring-boot-starter\2.0.1.RELEASE\spring-boot-starter-2.0.1.RELEASE.jar;E:\1704A\repository\org\springframework\boot\spring-boot\2.0.1.RELEASE\spring-boot-2.0.1.RELEASE.jar;E:\1704A\repository\javax\annotation\javax.annotation-api\1.3.2\javax.annotation-api-1.3.2.jar;E:\1704A\repository\org\yaml\snakeyaml\1.19\snakeyaml-1.19.jar;E:\1704A\repository\com\github\pagehelper\pagehelper-spring-boot-autoconfigure\1.2.4\pagehelper-spring-boot-autoconfigure-1.2.4.jar;E:\1704A\repository\com\github\pagehelper\pagehelper\5.1.3\pagehelper-5.1.3.jar;E:\1704A\repository\com\github\jsqlparser\jsqlparser\1.0\jsqlparser-1.0.jar;E:\1704A\hdServiceCode\nm-service-api\target\nm-service-api.jar;E:\1704A\repository\commons-fileupload\commons-fileupload\1.3.3\commons-fileupload-1.3.3.jar;E:\1704A\repository\io\springfox\springfox-swagger2\2.7.0\springfox-swagger2-2.7.0.jar;E:\1704A\repository\io\swagger\swagger-annotations\1.5.13\swagger-annotations-1.5.13.jar;E:\1704A\repository\io\swagger\swagger-models\1.5.13\swagger-models-1.5.13.jar;E:\1704A\repository\io\springfox\springfox-spi\2.7.0\springfox-spi-2.7.0.jar;E:\1704A\repository\io\springfox\springfox-core\2.7.0\springfox-core-2.7.0.jar;E:\1704A\repository\io\springfox\springfox-schema\2.7.0\springfox-schema-2.7.0.jar;E:\1704A\repository\io\springfox\springfox-swagger-common\2.7.0\springfox-swagger-common-2.7.0.jar;E:\1704A\repository\io\springfox\springfox-spring-web\2.7.0\springfox-spring-web-2.7.0.jar;E:\1704A\repository\org\reflections\reflections\0.9.11\reflections-0.9.11.jar;E:\1704A\repository\com\fasterxml\classmate\1.3.4\classmate-1.3.4.jar;E:\1704A\repository\org\springframework\plugin\spring-plugin-core\1.2.0.RELEASE\spring-plugin-core-1.2.0.RELEASE.jar;E:\1704A\repository\org\springframework\plugin\spring-plugin-metadata\1.2.0.RELEASE\spring-plugin-metadata-1.2.0.RELEASE.jar;E:\1704A\repository\org\mapstruct\mapstruct\1.1.0.Final\mapstruct-1.1.0.Final.jar;E:\1704A\repository\io\springfox\springfox-swagger-ui\2.7.0\springfox-swagger-ui-2.7.0.jar;E:\1704A\hdServiceCode\nm-framework-model\target\nm-framework-model.jar;E:\1704A\repository\org\projectlombok\lombok\1.16.16\lombok-1.16.16.jar;E:\1704A\repository\org\springframework\data\spring-data-commons\2.0.6.RELEASE\spring-data-commons-2.0.6.RELEASE.jar;E:\1704A\repository\org\springframework\data\spring-data-mongodb\2.0.6.RELEASE\spring-data-mongodb-2.0.6.RELEASE.jar;E:\1704A\repository\org\springframework\spring-context\5.0.5.RELEASE\spring-context-5.0.5.RELEASE.jar;E:\1704A\repository\org\springframework\spring-expression\5.0.5.RELEASE\spring-expression-5.0.5.RELEASE.jar;E:\1704A\repository\org\mongodb\mongo-java-driver\3.6.3\mongo-java-driver-3.6.3.jar;E:\1704A\repository\org\hibernate\hibernate-core\5.2.16.Final\hibernate-core-5.2.16.Final.jar;E:\1704A\repository\org\jboss\logging\jboss-logging\3.3.2.Final\jboss-logging-3.3.2.Final.jar;E:\1704A\repository\org\hibernate\javax\persistence\hibernate-jpa-2.1-api\1.0.0.Final\hibernate-jpa-2.1-api-1.0.0.Final.jar;E:\1704A\repository\org\javassist\javassist\3.22.0-GA\javassist-3.22.0-GA.jar;E:\1704A\repository\antlr\antlr\2.7.7\antlr-2.7.7.jar;E:\1704A\repository\org\jboss\spec\javax\transaction\jboss-transaction-api_1.2_spec\1.0.1.Final\jboss-transaction-api_1.2_spec-1.0.1.Final.jar;E:\1704A\repository\org\jboss\jandex\2.0.3.Final\jandex-2.0.3.Final.jar;E:\1704A\repository\dom4j\dom4j\1.6.1\dom4j-1.6.1.jar;E:\1704A\repository\org\hibernate\common\hibernate-commons-annotations\5.0.1.Final\hibernate-commons-annotations-5.0.1.Final.jar;E:\1704A\repository\com\google\guava\guava\24.0-jre\guava-24.0-jre.jar;E:\1704A\repository\com\google\code\findbugs\jsr305\1.3.9\jsr305-1.3.9.jar;E:\1704A\repository\org\checkerframework\checker-compat-qual\2.0.0\checker-compat-qual-2.0.0.jar;E:\1704A\repository\com\google\errorprone\error_prone_annotations\2.1.3\error_prone_annotations-2.1.3.jar;E:\1704A\repository\com\google\j2objc\j2objc-annotations\1.1\j2objc-annotations-1.1.jar;E:\1704A\repository\org\codehaus\mojo\animal-sniffer-annotations\1.14\animal-sniffer-annotations-1.14.jar;E:\1704A\hdServiceCode\nm-framework-utils\target\nm-framework-utils.jar;E:\1704A\repository\javax\servlet\javax.servlet-api\3.1.0\javax.servlet-api-3.1.0.jar;E:\1704A\repository\org\springframework\boot\spring-boot-starter-logging\2.0.1.RELEASE\spring-boot-starter-logging-2.0.1.RELEASE.jar;E:\1704A\repository\ch\qos\logback\logback-classic\1.2.3\logback-classic-1.2.3.jar;E:\1704A\repository\ch\qos\logback\logback-core\1.2.3\logback-core-1.2.3.jar;E:\1704A\repository\org\apache\logging\log4j\log4j-to-slf4j\2.10.0\log4j-to-slf4j-2.10.0.jar;E:\1704A\repository\org\apache\logging\log4j\log4j-api\2.10.0\log4j-api-2.10.0.jar;E:\1704A\repository\org\slf4j\jul-to-slf4j\1.7.25\jul-to-slf4j-1.7.25.jar;E:\1704A\repository\org\apache\httpcomponents\httpclient\4.5.5\httpclient-4.5.5.jar;E:\1704A\repository\org\apache\httpcomponents\httpcore\4.4.9\httpcore-4.4.9.jar;E:\1704A\repository\commons-codec\commons-codec\1.10\commons-codec-1.10.jar;E:\1704A\repository\net\lingala\zip4j\zip4j\1.3.1\zip4j-1.3.1.jar;E:\1704A\repository\org\springframework\security\spring-security-crypto\5.0.4.RELEASE\spring-security-crypto-5.0.4.RELEASE.jar;E:\1704A\repository\org\springframework\security\spring-security-jwt\1.0.8.RELEASE\spring-security-jwt-1.0.8.RELEASE.jar;E:\1704A\repository\org\bouncycastle\bcpkix-jdk15on\1.56\bcpkix-jdk15on-1.56.jar;E:\1704A\repository\org\bouncycastle\bcprov-jdk15on\1.56\bcprov-jdk15on-1.56.jar;E:\1704A\hdServiceCode\nm-framework-common\target\nm-framework-common.jar;E:\1704A\repository\org\springframework\spring-web\5.0.5.RELEASE\spring-web-5.0.5.RELEASE.jar;E:\1704A\repository\org\springframework\boot\spring-boot-starter-web\2.0.1.RELEASE\spring-boot-starter-web-2.0.1.RELEASE.jar;E:\1704A\repository\org\springframework\boot\spring-boot-starter-json\2.0.1.RELEASE\spring-boot-starter-json-2.0.1.RELEASE.jar;E:\1704A\repository\com\fasterxml\jackson\core\jackson-databind\2.9.5\jackson-databind-2.9.5.jar;E:\1704A\repository\com\fasterxml\jackson\datatype\jackson-datatype-jdk8\2.9.5\jackson-datatype-jdk8-2.9.5.jar;E:\1704A\repository\com\fasterxml\jackson\datatype\jackson-datatype-jsr310\2.9.5\jackson-datatype-jsr310-2.9.5.jar;E:\1704A\repository\com\fasterxml\jackson\module\jackson-module-parameter-names\2.9.5\jackson-module-parameter-names-2.9.5.jar;E:\1704A\repository\org\springframework\boot\spring-boot-starter-tomcat\2.0.1.RELEASE\spring-boot-starter-tomcat-2.0.1.RELEASE.jar;E:\1704A\repository\org\apache\tomcat\embed\tomcat-embed-core\8.5.28\tomcat-embed-core-8.5.28.jar;E:\1704A\repository\org\apache\tomcat\embed\tomcat-embed-el\8.5.28\tomcat-embed-el-8.5.28.jar;E:\1704A\repository\org\apache\tomcat\embed\tomcat-embed-websocket\8.5.28\tomcat-embed-websocket-8.5.28.jar;E:\1704A\repository\org\hibernate\validator\hibernate-validator\6.0.9.Final\hibernate-validator-6.0.9.Final.jar;E:\1704A\repository\javax\validation\validation-api\2.0.1.Final\validation-api-2.0.1.Final.jar;E:\1704A\repository\org\springframework\spring-webmvc\5.0.5.RELEASE\spring-webmvc-5.0.5.RELEASE.jar;E:\1704A\repository\org\springframework\spring-aop\5.0.5.RELEASE\spring-aop-5.0.5.RELEASE.jar;E:\1704A\repository\mysql\mysql-connector-java\5.1.40\mysql-connector-java-5.1.40.jar;E:\1704A\repository\com\alibaba\druid-spring-boot-starter\1.1.10\druid-spring-boot-starter-1.1.10.jar;E:\1704A\repository\com\alibaba\druid\1.1.6\druid-1.1.6.jar;E:\1704A\repository\org\slf4j\slf4j-api\1.7.25\slf4j-api-1.7.25.jar;E:\1704A\repository\org\springframework\boot\spring-boot-autoconfigure\2.0.1.RELEASE\spring-boot-autoconfigure-2.0.1.RELEASE.jar;E:\1704A\repository\org\mybatis\spring\boot\mybatis-spring-boot-starter\1.3.1\mybatis-spring-boot-starter-1.3.1.jar;E:\1704A\repository\org\springframework\boot\spring-boot-starter-jdbc\2.0.1.RELEASE\spring-boot-starter-jdbc-2.0.1.RELEASE.jar;E:\1704A\repository\com\zaxxer\HikariCP\2.7.8\HikariCP-2.7.8.jar;E:\1704A\repository\org\mybatis\spring\boot\mybatis-spring-boot-autoconfigure\1.3.1\mybatis-spring-boot-autoconfigure-1.3.1.jar;E:\1704A\repository\org\mybatis\mybatis\3.4.5\mybatis-3.4.5.jar;E:\1704A\repository\org\mybatis\mybatis-spring\1.3.1\mybatis-spring-1.3.1.jar;E:\1704A\repository\org\springframework\spring-orm\5.0.5.RELEASE\spring-orm-5.0.5.RELEASE.jar;E:\1704A\repository\org\springframework\spring-beans\5.0.5.RELEASE\spring-beans-5.0.5.RELEASE.jar;E:\1704A\repository\org\springframework\spring-core\5.0.5.RELEASE\spring-core-5.0.5.RELEASE.jar;E:\1704A\repository\org\springframework\spring-jcl\5.0.5.RELEASE\spring-jcl-5.0.5.RELEASE.jar;E:\1704A\repository\org\springframework\spring-jdbc\5.0.5.RELEASE\spring-jdbc-5.0.5.RELEASE.jar;E:\1704A\repository\org\springframework\spring-tx\5.0.5.RELEASE\spring-tx-5.0.5.RELEASE.jar;E:\1704A\repository\org\springframework\boot\spring-boot-starter-data-jpa\2.0.1.RELEASE\spring-boot-starter-data-jpa-2.0.1.RELEASE.jar;E:\1704A\repository\org\springframework\boot\spring-boot-starter-aop\2.0.1.RELEASE\spring-boot-starter-aop-2.0.1.RELEASE.jar;E:\1704A\repository\org\aspectj\aspectjweaver\1.8.13\aspectjweaver-1.8.13.jar;E:\1704A\repository\javax\transaction\javax.transaction-api\1.2\javax.transaction-api-1.2.jar;E:\1704A\repository\org\springframework\data\spring-data-jpa\2.0.6.RELEASE\spring-data-jpa-2.0.6.RELEASE.jar;E:\1704A\repository\org\springframework\spring-aspects\5.0.5.RELEASE\spring-aspects-5.0.5.RELEASE.jar;E:\1704A\repository\com\squareup\okhttp3\okhttp\3.9.1\okhttp-3.9.1.jar;E:\1704A\repository\com\squareup\okio\okio\1.13.0\okio-1.13.0.jar;E:\1704A\repository\com\alibaba\fastjson\1.2.30\fastjson-1.2.30.jar;E:\1704A\repository\commons-io\commons-io\2.6\commons-io-2.6.jar;E:\1704A\repository\org\apache\commons\commons-lang3\3.6\commons-lang3-3.6.jar;E:\1704A\repository\org\springframework\boot\spring-boot-starter-test\2.0.1.RELEASE\spring-boot-starter-test-2.0.1.RELEASE.jar;E:\1704A\repository\org\springframework\boot\spring-boot-test\2.0.1.RELEASE\spring-boot-test-2.0.1.RELEASE.jar;E:\1704A\repository\org\springframework\boot\spring-boot-test-autoconfigure\2.0.1.RELEASE\spring-boot-test-autoconfigure-2.0.1.RELEASE.jar;E:\1704A\repository\com\jayway\jsonpath\json-path\2.4.0\json-path-2.4.0.jar;E:\1704A\repository\net\minidev\json-smart\2.3\json-smart-2.3.jar;E:\1704A\repository\net\minidev\accessors-smart\1.2\accessors-smart-1.2.jar;E:\1704A\repository\org\ow2\asm\asm\5.0.4\asm-5.0.4.jar;E:\1704A\repository\junit\junit\4.12\junit-4.12.jar;E:\1704A\repository\org\assertj\assertj-core\3.9.1\assertj-core-3.9.1.jar;E:\1704A\repository\org\mockito\mockito-core\2.15.0\mockito-core-2.15.0.jar;E:\1704A\repository\net\bytebuddy\byte-buddy\1.7.11\byte-buddy-1.7.11.jar;E:\1704A\repository\net\bytebuddy\byte-buddy-agent\1.7.11\byte-buddy-agent-1.7.11.jar;E:\1704A\repository\org\objenesis\objenesis\2.6\objenesis-2.6.jar;E:\1704A\repository\org\hamcrest\hamcrest-core\1.3\hamcrest-core-1.3.jar;E:\1704A\repository\org\hamcrest\hamcrest-library\1.3\hamcrest-library-1.3.jar;E:\1704A\repository\org\skyscreamer\jsonassert\1.5.0\jsonassert-1.5.0.jar;E:\1704A\repository\com\vaadin\external\google\android-json\0.0.20131108.vaadin1\android-json-0.0.20131108.vaadin1.jar;E:\1704A\repository\org\springframework\spring-test\5.0.5.RELEASE\spring-test-5.0.5.RELEASE.jar;E:\1704A\repository\org\xmlunit\xmlunit-core\2.5.1\xmlunit-core-2.5.1.jar;E:\1704A\repository\org\springframework\cloud\spring-cloud-starter-netflix-eureka-client\2.0.1.RELEASE\spring-cloud-starter-netflix-eureka-client-2.0.1.RELEASE.jar;E:\1704A\repository\org\springframework\cloud\spring-cloud-starter\2.0.1.RELEASE\spring-cloud-starter-2.0.1.RELEASE.jar;E:\1704A\repository\org\springframework\cloud\spring-cloud-context\2.0.1.RELEASE\spring-cloud-context-2.0.1.RELEASE.jar;E:\1704A\repository\org\springframework\security\spring-security-rsa\1.0.5.RELEASE\spring-security-rsa-1.0.5.RELEASE.jar;E:\1704A\repository\org\springframework\cloud\spring-cloud-netflix-core\2.0.1.RELEASE\spring-cloud-netflix-core-2.0.1.RELEASE.jar;E:\1704A\repository\org\springframework\cloud\spring-cloud-netflix-eureka-client\2.0.1.RELEASE\spring-cloud-netflix-eureka-client-2.0.1.RELEASE.jar;E:\1704A\repository\com\netflix\eureka\eureka-client\1.9.3\eureka-client-1.9.3.jar;E:\1704A\repository\org\codehaus\jettison\jettison\1.3.7\jettison-1.3.7.jar;E:\1704A\repository\stax\stax-api\1.0.1\stax-api-1.0.1.jar;E:\1704A\repository\com\netflix\netflix-commons\netflix-eventbus\0.3.0\netflix-eventbus-0.3.0.jar;E:\1704A\repository\com\netflix\netflix-commons\netflix-infix\0.3.0\netflix-infix-0.3.0.jar;E:\1704A\repository\commons-jxpath\commons-jxpath\1.3\commons-jxpath-1.3.jar;E:\1704A\repository\joda-time\joda-time\2.9.9\joda-time-2.9.9.jar;E:\1704A\repository\org\antlr\antlr-runtime\3.4\antlr-runtime-3.4.jar;E:\1704A\repository\org\antlr\stringtemplate\3.2.1\stringtemplate-3.2.1.jar;E:\1704A\repository\com\google\code\gson\gson\2.8.2\gson-2.8.2.jar;E:\1704A\repository\org\apache\commons\commons-math\2.2\commons-math-2.2.jar;E:\1704A\repository\com\netflix\archaius\archaius-core\0.7.6\archaius-core-0.7.6.jar;E:\1704A\repository\javax\ws\rs\jsr311-api\1.1.1\jsr311-api-1.1.1.jar;E:\1704A\repository\com\netflix\servo\servo-core\0.12.21\servo-core-0.12.21.jar;E:\1704A\repository\com\sun\jersey\jersey-core\1.19.1\jersey-core-1.19.1.jar;E:\1704A\repository\com\sun\jersey\jersey-client\1.19.1\jersey-client-1.19.1.jar;E:\1704A\repository\com\sun\jersey\contribs\jersey-apache-client4\1.19.1\jersey-apache-client4-1.19.1.jar;E:\1704A\repository\com\google\inject\guice\4.1.0\guice-4.1.0.jar;E:\1704A\repository\javax\inject\javax.inject\1\javax.inject-1.jar;E:\1704A\repository\aopalliance\aopalliance\1.0\aopalliance-1.0.jar;E:\1704A\repository\com\github\vlsi\compactmap\compactmap\1.2.1\compactmap-1.2.1.jar;E:\1704A\repository\com\github\andrewoma\dexx\dexx-collections\0.2\dexx-collections-0.2.jar;E:\1704A\repository\com\fasterxml\jackson\core\jackson-annotations\2.9.0\jackson-annotations-2.9.0.jar;E:\1704A\repository\com\fasterxml\jackson\core\jackson-core\2.9.5\jackson-core-2.9.5.jar;E:\1704A\repository\com\netflix\eureka\eureka-core\1.9.3\eureka-core-1.9.3.jar;E:\1704A\repository\org\codehaus\woodstox\woodstox-core-asl\4.4.1\woodstox-core-asl-4.4.1.jar;E:\1704A\repository\javax\xml\stream\stax-api\1.0-2\stax-api-1.0-2.jar;E:\1704A\repository\org\codehaus\woodstox\stax2-api\3.1.4\stax2-api-3.1.4.jar;E:\1704A\repository\org\springframework\cloud\spring-cloud-starter-netflix-archaius\2.0.1.RELEASE\spring-cloud-starter-netflix-archaius-2.0.1.RELEASE.jar;E:\1704A\repository\org\springframework\cloud\spring-cloud-netflix-ribbon\2.0.1.RELEASE\spring-cloud-netflix-ribbon-2.0.1.RELEASE.jar;E:\1704A\repository\org\springframework\cloud\spring-cloud-netflix-archaius\2.0.1.RELEASE\spring-cloud-netflix-archaius-2.0.1.RELEASE.jar;E:\1704A\repository\commons-configuration\commons-configuration\1.8\commons-configuration-1.8.jar;E:\1704A\repository\commons-lang\commons-lang\2.6\commons-lang-2.6.jar;E:\1704A\repository\org\springframework\cloud\spring-cloud-starter-netflix-ribbon\2.0.1.RELEASE\spring-cloud-starter-netflix-ribbon-2.0.1.RELEASE.jar;E:\1704A\repository\com\netflix\ribbon\ribbon\2.2.5\ribbon-2.2.5.jar;E:\1704A\repository\com\netflix\ribbon\ribbon-transport\2.2.5\ribbon-transport-2.2.5.jar;E:\1704A\repository\io\reactivex\rxnetty-contexts\0.4.9\rxnetty-contexts-0.4.9.jar;E:\1704A\repository\io\reactivex\rxnetty-servo\0.4.9\rxnetty-servo-0.4.9.jar;E:\1704A\repository\io\reactivex\rxnetty\0.4.9\rxnetty-0.4.9.jar;E:\1704A\repository\io\netty\netty-codec-http\4.1.23.Final\netty-codec-http-4.1.23.Final.jar;E:\1704A\repository\io\netty\netty-codec\4.1.23.Final\netty-codec-4.1.23.Final.jar;E:\1704A\repository\io\netty\netty-transport-native-epoll\4.1.23.Final\netty-transport-native-epoll-4.1.23.Final.jar;E:\1704A\repository\io\netty\netty-common\4.1.23.Final\netty-common-4.1.23.Final.jar;E:\1704A\repository\io\netty\netty-buffer\4.1.23.Final\netty-buffer-4.1.23.Final.jar;E:\1704A\repository\io\netty\netty-transport-native-unix-common\4.1.23.Final\netty-transport-native-unix-common-4.1.23.Final.jar;E:\1704A\repository\io\netty\netty-transport\4.1.23.Final\netty-transport-4.1.23.Final.jar;E:\1704A\repository\io\netty\netty-resolver\4.1.23.Final\netty-resolver-4.1.23.Final.jar;E:\1704A\repository\com\netflix\ribbon\ribbon-core\2.2.5\ribbon-core-2.2.5.jar;E:\1704A\repository\com\netflix\ribbon\ribbon-httpclient\2.2.5\ribbon-httpclient-2.2.5.jar;E:\1704A\repository\commons-collections\commons-collections\3.2.2\commons-collections-3.2.2.jar;E:\1704A\repository\com\netflix\netflix-commons\netflix-commons-util\0.3.0\netflix-commons-util-0.3.0.jar;E:\1704A\repository\com\netflix\ribbon\ribbon-loadbalancer\2.2.5\ribbon-loadbalancer-2.2.5.jar;E:\1704A\repository\com\netflix\netflix-commons\netflix-statistics\0.1.1\netflix-statistics-0.1.1.jar;E:\1704A\repository\io\reactivex\rxjava\1.3.8\rxjava-1.3.8.jar;E:\1704A\repository\com\netflix\ribbon\ribbon-eureka\2.2.5\ribbon-eureka-2.2.5.jar;E:\1704A\repository\com\thoughtworks\xstream\xstream\1.4.10\xstream-1.4.10.jar;E:\1704A\repository\xmlpull\xmlpull\1.1.3.1\xmlpull-1.1.3.1.jar;E:\1704A\repository\xpp3\xpp3_min\1.1.4c\xpp3_min-1.1.4c.jar;E:\1704A\repository\org\springframework\cloud\spring-cloud-starter-openfeign\2.0.1.RELEASE\spring-cloud-starter-openfeign-2.0.1.RELEASE.jar;E:\1704A\repository\org\springframework\cloud\spring-cloud-openfeign-core\2.0.1.RELEASE\spring-cloud-openfeign-core-2.0.1.RELEASE.jar;E:\1704A\repository\org\springframework\cloud\spring-cloud-commons\2.0.1.RELEASE\spring-cloud-commons-2.0.1.RELEASE.jar;E:\1704A\repository\io\github\openfeign\feign-core\9.5.1\feign-core-9.5.1.jar;E:\1704A\repository\io\github\openfeign\feign-slf4j\9.5.1\feign-slf4j-9.5.1.jar;E:\1704A\repository\io\github\openfeign\feign-hystrix\9.5.1\feign-hystrix-9.5.1.jar;E:\1704A\repository\com\netflix\hystrix\hystrix-core\1.5.12\hystrix-core-1.5.12.jar;E:\1704A\repository\org\hdrhistogram\HdrHistogram\2.1.9\HdrHistogram-2.1.9.jar;E:\1704A\repository\io\github\openfeign\feign-java8\9.5.1\feign-java8-9.5.1.jar;E:\1704A\repository\com\netflix\feign\feign-okhttp\8.18.0\feign-okhttp-8.18.0.jar;E:\1704A\repository\com\netflix\feign\feign-core\8.18.0\feign-core-8.18.0.jar;E:\1704A\repository\org\jvnet\animal-sniffer-annotation\1.0\animal-sniffer-annotation-1.0.jar;, java.specification.name=Java Platform API Specification, java.class.version=52.0, sun.management.compiler=HotSpot 64-Bit Tiered Compilers, maven.repo.local=E:\1704A\repository, os.version=10.0, user.home=C:\Users\wangb, user.timezone=Asia/Shanghai, java.awt.printerjob=sun.awt.windows.WPrinterJob, file.encoding=GBK, java.specification.version=1.8, java.class.path=E:\1704A\hdServiceCode\nm-service-manage-course\target\test-classes;E:\1704A\hdServiceCode\nm-service-manage-course\target\classes;E:\1704A\repository\com\github\pagehelper\pagehelper-spring-boot-starter\1.2.4\pagehelper-spring-boot-starter-1.2.4.jar;E:\1704A\repository\org\springframework\boot\spring-boot-starter\2.0.1.RELEASE\spring-boot-starter-2.0.1.RELEASE.jar;E:\1704A\repository\org\springframework\boot\spring-boot\2.0.1.RELEASE\spring-boot-2.0.1.RELEASE.jar;E:\1704A\repository\javax\annotation\javax.annotation-api\1.3.2\javax.annotation-api-1.3.2.jar;E:\1704A\repository\org\yaml\snakeyaml\1.19\snakeyaml-1.19.jar;E:\1704A\repository\com\github\pagehelper\pagehelper-spring-boot-autoconfigure\1.2.4\pagehelper-spring-boot-autoconfigure-1.2.4.jar;E:\1704A\repository\com\github\pagehelper\pagehelper\5.1.3\pagehelper-5.1.3.jar;E:\1704A\repository\com\github\jsqlparser\jsqlparser\1.0\jsqlparser-1.0.jar;E:\1704A\hdServiceCode\nm-service-api\target\nm-service-api.jar;E:\1704A\repository\commons-fileupload\commons-fileupload\1.3.3\commons-fileupload-1.3.3.jar;E:\1704A\repository\io\springfox\springfox-swagger2\2.7.0\springfox-swagger2-2.7.0.jar;E:\1704A\repository\io\swagger\swagger-annotations\1.5.13\swagger-annotations-1.5.13.jar;E:\1704A\repository\io\swagger\swagger-models\1.5.13\swagger-models-1.5.13.jar;E:\1704A\repository\io\springfox\springfox-spi\2.7.0\springfox-spi-2.7.0.jar;E:\1704A\repository\io\springfox\springfox-core\2.7.0\springfox-core-2.7.0.jar;E:\1704A\repository\io\springfox\springfox-schema\2.7.0\springfox-schema-2.7.0.jar;E:\1704A\repository\io\springfox\springfox-swagger-common\2.7.0\springfox-swagger-common-2.7.0.jar;E:\1704A\repository\io\springfox\springfox-spring-web\2.7.0\springfox-spring-web-2.7.0.jar;E:\1704A\repository\org\reflections\reflections\0.9.11\reflections-0.9.11.jar;E:\1704A\repository\com\fasterxml\classmate\1.3.4\classmate-1.3.4.jar;E:\1704A\repository\org\springframework\plugin\spring-plugin-core\1.2.0.RELEASE\spring-plugin-core-1.2.0.RELEASE.jar;E:\1704A\repository\org\springframework\plugin\spring-plugin-metadata\1.2.0.RELEASE\spring-plugin-metadata-1.2.0.RELEASE.jar;E:\1704A\repository\org\mapstruct\mapstruct\1.1.0.Final\mapstruct-1.1.0.Final.jar;E:\1704A\repository\io\springfox\springfox-swagger-ui\2.7.0\springfox-swagger-ui-2.7.0.jar;E:\1704A\hdServiceCode\nm-framework-model\target\nm-framework-model.jar;E:\1704A\repository\org\projectlombok\lombok\1.16.16\lombok-1.16.16.jar;E:\1704A\repository\org\springframework\data\spring-data-commons\2.0.6.RELEASE\spring-data-commons-2.0.6.RELEASE.jar;E:\1704A\repository\org\springframework\data\spring-data-mongodb\2.0.6.RELEASE\spring-data-mongodb-2.0.6.RELEASE.jar;E:\1704A\repository\org\springframework\spring-context\5.0.5.RELEASE\spring-context-5.0.5.RELEASE.jar;E:\1704A\repository\org\springframework\spring-expression\5.0.5.RELEASE\spring-expression-5.0.5.RELEASE.jar;E:\1704A\repository\org\mongodb\mongo-java-driver\3.6.3\mongo-java-driver-3.6.3.jar;E:\1704A\repository\org\hibernate\hibernate-core\5.2.16.Final\hibernate-core-5.2.16.Final.jar;E:\1704A\repository\org\jboss\logging\jboss-logging\3.3.2.Final\jboss-logging-3.3.2.Final.jar;E:\1704A\repository\org\hibernate\javax\persistence\hibernate-jpa-2.1-api\1.0.0.Final\hibernate-jpa-2.1-api-1.0.0.Final.jar;E:\1704A\repository\org\javassist\javassist\3.22.0-GA\javassist-3.22.0-GA.jar;E:\1704A\repository\antlr\antlr\2.7.7\antlr-2.7.7.jar;E:\1704A\repository\org\jboss\spec\javax\transaction\jboss-transaction-api_1.2_spec\1.0.1.Final\jboss-transaction-api_1.2_spec-1.0.1.Final.jar;E:\1704A\repository\org\jboss\jandex\2.0.3.Final\jandex-2.0.3.Final.jar;E:\1704A\repository\dom4j\dom4j\1.6.1\dom4j-1.6.1.jar;E:\1704A\repository\org\hibernate\common\hibernate-commons-annotations\5.0.1.Final\hibernate-commons-annotations-5.0.1.Final.jar;E:\1704A\repository\com\google\guava\guava\24.0-jre\guava-24.0-jre.jar;E:\1704A\repository\com\google\code\findbugs\jsr305\1.3.9\jsr305-1.3.9.jar;E:\1704A\repository\org\checkerframework\checker-compat-qual\2.0.0\checker-compat-qual-2.0.0.jar;E:\1704A\repository\com\google\errorprone\error_prone_annotations\2.1.3\error_prone_annotations-2.1.3.jar;E:\1704A\repository\com\google\j2objc\j2objc-annotations\1.1\j2objc-annotations-1.1.jar;E:\1704A\repository\org\codehaus\mojo\animal-sniffer-annotations\1.14\animal-sniffer-annotations-1.14.jar;E:\1704A\hdServiceCode\nm-framework-utils\target\nm-framework-utils.jar;E:\1704A\repository\javax\servlet\javax.servlet-api\3.1.0\javax.servlet-api-3.1.0.jar;E:\1704A\repository\org\springframework\boot\spring-boot-starter-logging\2.0.1.RELEASE\spring-boot-starter-logging-2.0.1.RELEASE.jar;E:\1704A\repository\ch\qos\logback\logback-classic\1.2.3\logback-classic-1.2.3.jar;E:\1704A\repository\ch\qos\logback\logback-core\1.2.3\logback-core-1.2.3.jar;E:\1704A\repository\org\apache\logging\log4j\log4j-to-slf4j\2.10.0\log4j-to-slf4j-2.10.0.jar;E:\1704A\repository\org\apache\logging\log4j\log4j-api\2.10.0\log4j-api-2.10.0.jar;E:\1704A\repository\org\slf4j\jul-to-slf4j\1.7.25\jul-to-slf4j-1.7.25.jar;E:\1704A\repository\org\apache\httpcomponents\httpclient\4.5.5\httpclient-4.5.5.jar;E:\1704A\repository\org\apache\httpcomponents\httpcore\4.4.9\httpcore-4.4.9.jar;E:\1704A\repository\commons-codec\commons-codec\1.10\commons-codec-1.10.jar;E:\1704A\repository\net\lingala\zip4j\zip4j\1.3.1\zip4j-1.3.1.jar;E:\1704A\repository\org\springframework\security\spring-security-crypto\5.0.4.RELEASE\spring-security-crypto-5.0.4.RELEASE.jar;E:\1704A\repository\org\springframework\security\spring-security-jwt\1.0.8.RELEASE\spring-security-jwt-1.0.8.RELEASE.jar;E:\1704A\repository\org\bouncycastle\bcpkix-jdk15on\1.56\bcpkix-jdk15on-1.56.jar;E:\1704A\repository\org\bouncycastle\bcprov-jdk15on\1.56\bcprov-jdk15on-1.56.jar;E:\1704A\hdServiceCode\nm-framework-common\target\nm-framework-common.jar;E:\1704A\repository\org\springframework\spring-web\5.0.5.RELEASE\spring-web-5.0.5.RELEASE.jar;E:\1704A\repository\org\springframework\boot\spring-boot-starter-web\2.0.1.RELEASE\spring-boot-starter-web-2.0.1.RELEASE.jar;E:\1704A\repository\org\springframework\boot\spring-boot-starter-json\2.0.1.RELEASE\spring-boot-starter-json-2.0.1.RELEASE.jar;E:\1704A\repository\com\fasterxml\jackson\core\jackson-databind\2.9.5\jackson-databind-2.9.5.jar;E:\1704A\repository\com\fasterxml\jackson\datatype\jackson-datatype-jdk8\2.9.5\jackson-datatype-jdk8-2.9.5.jar;E:\1704A\repository\com\fasterxml\jackson\datatype\jackson-datatype-jsr310\2.9.5\jackson-datatype-jsr310-2.9.5.jar;E:\1704A\repository\com\fasterxml\jackson\module\jackson-module-parameter-names\2.9.5\jackson-module-parameter-names-2.9.5.jar;E:\1704A\repository\org\springframework\boot\spring-boot-starter-tomcat\2.0.1.RELEASE\spring-boot-starter-tomcat-2.0.1.RELEASE.jar;E:\1704A\repository\org\apache\tomcat\embed\tomcat-embed-core\8.5.28\tomcat-embed-core-8.5.28.jar;E:\1704A\repository\org\apache\tomcat\embed\tomcat-embed-el\8.5.28\tomcat-embed-el-8.5.28.jar;E:\1704A\repository\org\apache\tomcat\embed\tomcat-embed-websocket\8.5.28\tomcat-embed-websocket-8.5.28.jar;E:\1704A\repository\org\hibernate\validator\hibernate-validator\6.0.9.Final\hibernate-validator-6.0.9.Final.jar;E:\1704A\repository\javax\validation\validation-api\2.0.1.Final\validation-api-2.0.1.Final.jar;E:\1704A\repository\org\springframework\spring-webmvc\5.0.5.RELEASE\spring-webmvc-5.0.5.RELEASE.jar;E:\1704A\repository\org\springframework\spring-aop\5.0.5.RELEASE\spring-aop-5.0.5.RELEASE.jar;E:\1704A\repository\mysql\mysql-connector-java\5.1.40\mysql-connector-java-5.1.40.jar;E:\1704A\repository\com\alibaba\druid-spring-boot-starter\1.1.10\druid-spring-boot-starter-1.1.10.jar;E:\1704A\repository\com\alibaba\druid\1.1.6\druid-1.1.6.jar;E:\1704A\repository\org\slf4j\slf4j-api\1.7.25\slf4j-api-1.7.25.jar;E:\1704A\repository\org\springframework\boot\spring-boot-autoconfigure\2.0.1.RELEASE\spring-boot-autoconfigure-2.0.1.RELEASE.jar;E:\1704A\repository\org\mybatis\spring\boot\mybatis-spring-boot-starter\1.3.1\mybatis-spring-boot-starter-1.3.1.jar;E:\1704A\repository\org\springframework\boot\spring-boot-starter-jdbc\2.0.1.RELEASE\spring-boot-starter-jdbc-2.0.1.RELEASE.jar;E:\1704A\repository\com\zaxxer\HikariCP\2.7.8\HikariCP-2.7.8.jar;E:\1704A\repository\org\mybatis\spring\boot\mybatis-spring-boot-autoconfigure\1.3.1\mybatis-spring-boot-autoconfigure-1.3.1.jar;E:\1704A\repository\org\mybatis\mybatis\3.4.5\mybatis-3.4.5.jar;E:\1704A\repository\org\mybatis\mybatis-spring\1.3.1\mybatis-spring-1.3.1.jar;E:\1704A\repository\org\springframework\spring-orm\5.0.5.RELEASE\spring-orm-5.0.5.RELEASE.jar;E:\1704A\repository\org\springframework\spring-beans\5.0.5.RELEASE\spring-beans-5.0.5.RELEASE.jar;E:\1704A\repository\org\springframework\spring-core\5.0.5.RELEASE\spring-core-5.0.5.RELEASE.jar;E:\1704A\repository\org\springframework\spring-jcl\5.0.5.RELEASE\spring-jcl-5.0.5.RELEASE.jar;E:\1704A\repository\org\springframework\spring-jdbc\5.0.5.RELEASE\spring-jdbc-5.0.5.RELEASE.jar;E:\1704A\repository\org\springframework\spring-tx\5.0.5.RELEASE\spring-tx-5.0.5.RELEASE.jar;E:\1704A\repository\org\springframework\boot\spring-boot-starter-data-jpa\2.0.1.RELEASE\spring-boot-starter-data-jpa-2.0.1.RELEASE.jar;E:\1704A\repository\org\springframework\boot\spring-boot-starter-aop\2.0.1.RELEASE\spring-boot-starter-aop-2.0.1.RELEASE.jar;E:\1704A\repository\org\aspectj\aspectjweaver\1.8.13\aspectjweaver-1.8.13.jar;E:\1704A\repository\javax\transaction\javax.transaction-api\1.2\javax.transaction-api-1.2.jar;E:\1704A\repository\org\springframework\data\spring-data-jpa\2.0.6.RELEASE\spring-data-jpa-2.0.6.RELEASE.jar;E:\1704A\repository\org\springframework\spring-aspects\5.0.5.RELEASE\spring-aspects-5.0.5.RELEASE.jar;E:\1704A\repository\com\squareup\okhttp3\okhttp\3.9.1\okhttp-3.9.1.jar;E:\1704A\repository\com\squareup\okio\okio\1.13.0\okio-1.13.0.jar;E:\1704A\repository\com\alibaba\fastjson\1.2.30\fastjson-1.2.30.jar;E:\1704A\repository\commons-io\commons-io\2.6\commons-io-2.6.jar;E:\1704A\repository\org\apache\commons\commons-lang3\3.6\commons-lang3-3.6.jar;E:\1704A\repository\org\springframework\boot\spring-boot-starter-test\2.0.1.RELEASE\spring-boot-starter-test-2.0.1.RELEASE.jar;E:\1704A\repository\org\springframework\boot\spring-boot-test\2.0.1.RELEASE\spring-boot-test-2.0.1.RELEASE.jar;E:\1704A\repository\org\springframework\boot\spring-boot-test-autoconfigure\2.0.1.RELEASE\spring-boot-test-autoconfigure-2.0.1.RELEASE.jar;E:\1704A\repository\com\jayway\jsonpath\json-path\2.4.0\json-path-2.4.0.jar;E:\1704A\repository\net\minidev\json-smart\2.3\json-smart-2.3.jar;E:\1704A\repository\net\minidev\accessors-smart\1.2\accessors-smart-1.2.jar;E:\1704A\repository\org\ow2\asm\asm\5.0.4\asm-5.0.4.jar;E:\1704A\repository\junit\junit\4.12\junit-4.12.jar;E:\1704A\repository\org\assertj\assertj-core\3.9.1\assertj-core-3.9.1.jar;E:\1704A\repository\org\mockito\mockito-core\2.15.0\mockito-core-2.15.0.jar;E:\1704A\repository\net\bytebuddy\byte-buddy\1.7.11\byte-buddy-1.7.11.jar;E:\1704A\repository\net\bytebuddy\byte-buddy-agent\1.7.11\byte-buddy-agent-1.7.11.jar;E:\1704A\repository\org\objenesis\objenesis\2.6\objenesis-2.6.jar;E:\1704A\repository\org\hamcrest\hamcrest-core\1.3\hamcrest-core-1.3.jar;E:\1704A\repository\org\hamcrest\hamcrest-library\1.3\hamcrest-library-1.3.jar;E:\1704A\repository\org\skyscreamer\jsonassert\1.5.0\jsonassert-1.5.0.jar;E:\1704A\repository\com\vaadin\external\google\android-json\0.0.20131108.vaadin1\android-json-0.0.20131108.vaadin1.jar;E:\1704A\repository\org\springframework\spring-test\5.0.5.RELEASE\spring-test-5.0.5.RELEASE.jar;E:\1704A\repository\org\xmlunit\xmlunit-core\2.5.1\xmlunit-core-2.5.1.jar;E:\1704A\repository\org\springframework\cloud\spring-cloud-starter-netflix-eureka-client\2.0.1.RELEASE\spring-cloud-starter-netflix-eureka-client-2.0.1.RELEASE.jar;E:\1704A\repository\org\springframework\cloud\spring-cloud-starter\2.0.1.RELEASE\spring-cloud-starter-2.0.1.RELEASE.jar;E:\1704A\repository\org\springframework\cloud\spring-cloud-context\2.0.1.RELEASE\spring-cloud-context-2.0.1.RELEASE.jar;E:\1704A\repository\org\springframework\security\spring-security-rsa\1.0.5.RELEASE\spring-security-rsa-1.0.5.RELEASE.jar;E:\1704A\repository\org\springframework\cloud\spring-cloud-netflix-core\2.0.1.RELEASE\spring-cloud-netflix-core-2.0.1.RELEASE.jar;E:\1704A\repository\org\springframework\cloud\spring-cloud-netflix-eureka-client\2.0.1.RELEASE\spring-cloud-netflix-eureka-client-2.0.1.RELEASE.jar;E:\1704A\repository\com\netflix\eureka\eureka-client\1.9.3\eureka-client-1.9.3.jar;E:\1704A\repository\org\codehaus\jettison\jettison\1.3.7\jettison-1.3.7.jar;E:\1704A\repository\stax\stax-api\1.0.1\stax-api-1.0.1.jar;E:\1704A\repository\com\netflix\netflix-commons\netflix-eventbus\0.3.0\netflix-eventbus-0.3.0.jar;E:\1704A\repository\com\netflix\netflix-commons\netflix-infix\0.3.0\netflix-infix-0.3.0.jar;E:\1704A\repository\commons-jxpath\commons-jxpath\1.3\commons-jxpath-1.3.jar;E:\1704A\repository\joda-time\joda-time\2.9.9\joda-time-2.9.9.jar;E:\1704A\repository\org\antlr\antlr-runtime\3.4\antlr-runtime-3.4.jar;E:\1704A\repository\org\antlr\stringtemplate\3.2.1\stringtemplate-3.2.1.jar;E:\1704A\repository\com\google\code\gson\gson\2.8.2\gson-2.8.2.jar;E:\1704A\repository\org\apache\commons\commons-math\2.2\commons-math-2.2.jar;E:\1704A\repository\com\netflix\archaius\archaius-core\0.7.6\archaius-core-0.7.6.jar;E:\1704A\repository\javax\ws\rs\jsr311-api\1.1.1\jsr311-api-1.1.1.jar;E:\1704A\repository\com\netflix\servo\servo-core\0.12.21\servo-core-0.12.21.jar;E:\1704A\repository\com\sun\jersey\jersey-core\1.19.1\jersey-core-1.19.1.jar;E:\1704A\repository\com\sun\jersey\jersey-client\1.19.1\jersey-client-1.19.1.jar;E:\1704A\repository\com\sun\jersey\contribs\jersey-apache-client4\1.19.1\jersey-apache-client4-1.19.1.jar;E:\1704A\repository\com\google\inject\guice\4.1.0\guice-4.1.0.jar;E:\1704A\repository\javax\inject\javax.inject\1\javax.inject-1.jar;E:\1704A\repository\aopalliance\aopalliance\1.0\aopalliance-1.0.jar;E:\1704A\repository\com\github\vlsi\compactmap\compactmap\1.2.1\compactmap-1.2.1.jar;E:\1704A\repository\com\github\andrewoma\dexx\dexx-collections\0.2\dexx-collections-0.2.jar;E:\1704A\repository\com\fasterxml\jackson\core\jackson-annotations\2.9.0\jackson-annotations-2.9.0.jar;E:\1704A\repository\com\fasterxml\jackson\core\jackson-core\2.9.5\jackson-core-2.9.5.jar;E:\1704A\repository\com\netflix\eureka\eureka-core\1.9.3\eureka-core-1.9.3.jar;E:\1704A\repository\org\codehaus\woodstox\woodstox-core-asl\4.4.1\woodstox-core-asl-4.4.1.jar;E:\1704A\repository\javax\xml\stream\stax-api\1.0-2\stax-api-1.0-2.jar;E:\1704A\repository\org\codehaus\woodstox\stax2-api\3.1.4\stax2-api-3.1.4.jar;E:\1704A\repository\org\springframework\cloud\spring-cloud-starter-netflix-archaius\2.0.1.RELEASE\spring-cloud-starter-netflix-archaius-2.0.1.RELEASE.jar;E:\1704A\repository\org\springframework\cloud\spring-cloud-netflix-ribbon\2.0.1.RELEASE\spring-cloud-netflix-ribbon-2.0.1.RELEASE.jar;E:\1704A\repository\org\springframework\cloud\spring-cloud-netflix-archaius\2.0.1.RELEASE\spring-cloud-netflix-archaius-2.0.1.RELEASE.jar;E:\1704A\repository\commons-configuration\commons-configuration\1.8\commons-configuration-1.8.jar;E:\1704A\repository\commons-lang\commons-lang\2.6\commons-lang-2.6.jar;E:\1704A\repository\org\springframework\cloud\spring-cloud-starter-netflix-ribbon\2.0.1.RELEASE\spring-cloud-starter-netflix-ribbon-2.0.1.RELEASE.jar;E:\1704A\repository\com\netflix\ribbon\ribbon\2.2.5\ribbon-2.2.5.jar;E:\1704A\repository\com\netflix\ribbon\ribbon-transport\2.2.5\ribbon-transport-2.2.5.jar;E:\1704A\repository\io\reactivex\rxnetty-contexts\0.4.9\rxnetty-contexts-0.4.9.jar;E:\1704A\repository\io\reactivex\rxnetty-servo\0.4.9\rxnetty-servo-0.4.9.jar;E:\1704A\repository\io\reactivex\rxnetty\0.4.9\rxnetty-0.4.9.jar;E:\1704A\repository\io\netty\netty-codec-http\4.1.23.Final\netty-codec-http-4.1.23.Final.jar;E:\1704A\repository\io\netty\netty-codec\4.1.23.Final\netty-codec-4.1.23.Final.jar;E:\1704A\repository\io\netty\netty-transport-native-epoll\4.1.23.Final\netty-transport-native-epoll-4.1.23.Final.jar;E:\1704A\repository\io\netty\netty-common\4.1.23.Final\netty-common-4.1.23.Final.jar;E:\1704A\repository\io\netty\netty-buffer\4.1.23.Final\netty-buffer-4.1.23.Final.jar;E:\1704A\repository\io\netty\netty-transport-native-unix-common\4.1.23.Final\netty-transport-native-unix-common-4.1.23.Final.jar;E:\1704A\repository\io\netty\netty-transport\4.1.23.Final\netty-transport-4.1.23.Final.jar;E:\1704A\repository\io\netty\netty-resolver\4.1.23.Final\netty-resolver-4.1.23.Final.jar;E:\1704A\repository\com\netflix\ribbon\ribbon-core\2.2.5\ribbon-core-2.2.5.jar;E:\1704A\repository\com\netflix\ribbon\ribbon-httpclient\2.2.5\ribbon-httpclient-2.2.5.jar;E:\1704A\repository\commons-collections\commons-collections\3.2.2\commons-collections-3.2.2.jar;E:\1704A\repository\com\netflix\netflix-commons\netflix-commons-util\0.3.0\netflix-commons-util-0.3.0.jar;E:\1704A\repository\com\netflix\ribbon\ribbon-loadbalancer\2.2.5\ribbon-loadbalancer-2.2.5.jar;E:\1704A\repository\com\netflix\netflix-commons\netflix-statistics\0.1.1\netflix-statistics-0.1.1.jar;E:\1704A\repository\io\reactivex\rxjava\1.3.8\rxjava-1.3.8.jar;E:\1704A\repository\com\netflix\ribbon\ribbon-eureka\2.2.5\ribbon-eureka-2.2.5.jar;E:\1704A\repository\com\thoughtworks\xstream\xstream\1.4.10\xstream-1.4.10.jar;E:\1704A\repository\xmlpull\xmlpull\1.1.3.1\xmlpull-1.1.3.1.jar;E:\1704A\repository\xpp3\xpp3_min\1.1.4c\xpp3_min-1.1.4c.jar;E:\1704A\repository\org\springframework\cloud\spring-cloud-starter-openfeign\2.0.1.RELEASE\spring-cloud-starter-openfeign-2.0.1.RELEASE.jar;E:\1704A\repository\org\springframework\cloud\spring-cloud-openfeign-core\2.0.1.RELEASE\spring-cloud-openfeign-core-2.0.1.RELEASE.jar;E:\1704A\repository\org\springframework\cloud\spring-cloud-commons\2.0.1.RELEASE\spring-cloud-commons-2.0.1.RELEASE.jar;E:\1704A\repository\io\github\openfeign\feign-core\9.5.1\feign-core-9.5.1.jar;E:\1704A\repository\io\github\openfeign\feign-slf4j\9.5.1\feign-slf4j-9.5.1.jar;E:\1704A\repository\io\github\openfeign\feign-hystrix\9.5.1\feign-hystrix-9.5.1.jar;E:\1704A\repository\com\netflix\hystrix\hystrix-core\1.5.12\hystrix-core-1.5.12.jar;E:\1704A\repository\org\hdrhistogram\HdrHistogram\2.1.9\HdrHistogram-2.1.9.jar;E:\1704A\repository\io\github\openfeign\feign-java8\9.5.1\feign-java8-9.5.1.jar;E:\1704A\repository\com\netflix\feign\feign-okhttp\8.18.0\feign-okhttp-8.18.0.jar;E:\1704A\repository\com\netflix\feign\feign-core\8.18.0\feign-core-8.18.0.jar;E:\1704A\repository\org\jvnet\animal-sniffer-annotation\1.0\animal-sniffer-annotation-1.0.jar;, user.name=wangb, java.vm.specification.version=1.8, sun.java.command=C:\Users\wangb\AppData\Local\Temp\surefire8359040626052298865\surefirebooter7147715406186341325.jar C:\Users\wangb\AppData\Local\Temp\surefire8359040626052298865 2020-03-09T20-44-46_260-jvmRun1 surefire1835119734498572997tmp surefire_16448304995619269847tmp, java.home=C:\Program Files\Java\jdk1.8.0_91\jre, sun.arch.data.model=64, user.language=zh, java.specification.vendor=Oracle Corporation, awt.toolkit=sun.awt.windows.WToolkit, java.vm.info=mixed mode, java.version=1.8.0_91, java.ext.dirs=C:\Program Files\Java\jdk1.8.0_91\jre\lib\ext;C:\WINDOWS\Sun\Java\lib\ext, sun.boot.class.path=C:\Program Files\Java\jdk1.8.0_91\jre\lib\resources.jar;C:\Program Files\Java\jdk1.8.0_91\jre\lib\rt.jar;C:\Program Files\Java\jdk1.8.0_91\jre\lib\sunrsasign.jar;C:\Program Files\Java\jdk1.8.0_91\jre\lib\jsse.jar;C:\Program Files\Java\jdk1.8.0_91\jre\lib\jce.jar;C:\Program Files\Java\jdk1.8.0_91\jre\lib\charsets.jar;C:\Program Files\Java\jdk1.8.0_91\jre\lib\jfr.jar;C:\Program Files\Java\jdk1.8.0_91\jre\classes, java.awt.headless=true, java.vendor=Oracle Corporation, localRepository=E:\1704A\repository, file.separator=\, java.vendor.url.bug=http://bugreport.sun.com/bugreport/, sun.io.unicode.encoding=UnicodeLittle, sun.cpu.endian=little, sun.desktop=windows, sun.cpu.isalist=amd64}}, SystemEnvironmentPropertySource@1851255134 {name='systemEnvironment', properties={PATH=E:\app\wangb\product\11.2.0\dbhome_1\bin;E:\maven\apache-maven-3.6.1\bin;C:\Program Files\Java\jdk1.8.0_91\bin;C:\Program Files (x86)\Intel\iCLS Client\;C:\Program Files\Intel\iCLS Client\;C:\Windows\system32;C:\Windows;C:\Windows\System32\Wbem;C:\Windows\System32\WindowsPowerShell\v1.0\;C:\Program Files (x86)\NVIDIA Corporation\PhysX\Common;C:\Program Files (x86)\Intel\Intel(R) Management Engine Components\DAL;C:\Program Files\Intel\Intel(R) Management Engine Components\DAL;C:\Program Files (x86)\Intel\Intel(R) Management Engine Components\IPT;C:\Program Files\Intel\Intel(R) Management Engine Components\IPT;C:\WINDOWS\system32;C:\WINDOWS;C:\WINDOWS\System32\Wbem;C:\WINDOWS\System32\WindowsPowerShell\v1.0\;C:\WINDOWS\System32\OpenSSH\;C:\Program Files\MySQL\MySQL Server 5.5\bin;E:\nodejs\;E:\Git\cmd;E:\Mp4\ffmpeg-20180227-fa0c9d6-win64-static\bin;C:\Users\wangb\AppData\Local\Microsoft\WindowsApps;C:\Users\wangb\AppData\Roaming\npm;E:\Microsoft VS Code\bin, USERDOMAIN_ROAMINGPROFILE=LAPTOP-8K1AKH0O, LOCALAPPDATA=C:\Users\wangb\AppData\Local, PROCESSOR_LEVEL=6, SYSTEMDRIVE=C:, COMMONPROGRAMFILES(X86)=C:\Program Files (x86)\Common Files, USERDOMAIN=LAPTOP-8K1AKH0O, FPS_BROWSER_APP_PROFILE_STRING=Internet Explorer, LOGONSERVER=\\LAPTOP-8K1AKH0O, JAVA_HOME=C:\Program Files\Java\jdk1.8.0_91, PROMPT=$P$G, SESSIONNAME=Console, ALLUSERSPROFILE=C:\ProgramData, PROGRAMFILES(X86)=C:\Program Files (x86), PROCESSOR_ARCHITECTURE=AMD64, DRIVERDATA=C:\Windows\System32\Drivers\DriverData, ERLANG_HOME=E:\erl9.2, =E:=E:\1704A\hdServiceCode\nm-service-manage-course, PROGRAMFILES=C:\Program Files, APPDATA=C:\Users\wangb\AppData\Roaming, MOZ_PLUGIN_PATH=E:\1704A\FoxitPhantomPDFBusiness\plugins\, PSMODULEPATH=C:\Program Files\WindowsPowerShell\Modules;C:\WINDOWS\system32\WindowsPowerShell\v1.0\Modules, PROGRAMW6432=C:\Program Files, PROGRAMDATA=C:\ProgramData, SYSTEMROOT=C:\WINDOWS, USERNAME=wangb, FPS_BROWSER_USER_PROFILE_STRING=Default, ONEDRIVE=C:\Users\wangb\OneDrive, CONFIGSETROOT=C:\WINDOWS\ConfigSetRoot, PATHEXT=.COM;.EXE;.BAT;.CMD;.VBS;.VBE;.JS;.JSE;.WSF;.WSH;.MSC, OS=Windows_NT, COMMONPROGRAMW6432=C:\Program Files\Common Files, COMPUTERNAME=LAPTOP-8K1AKH0O, COMMONPROGRAMFILES=C:\Program Files\Common Files, COMSPEC=C:\WINDOWS\system32\cmd.exe, PROCESSOR_REVISION=9e09, WINDIR=C:\WINDOWS, RABBITMQ_SERVER=E:\rabibitmq\rabbitmq_server-3.7.4, HOMEPATH=\Users\wangb, TEMP=C:\Users\wangb\AppData\Local\Temp, HOMEDRIVE=C:, PROCESSOR_IDENTIFIER=Intel64 Family 6 Model 158 Stepping 9, GenuineIntel, USERPROFILE=C:\Users\wangb, TMP=C:\Users\wangb\AppData\Local\Temp, PUBLIC=C:\Users\Public, NUMBER_OF_PROCESSORS=8, =::=::\}}]
2020-03-09 20:45:20.929 [main] DEBUG o.s.core.env.StandardEnvironment - Removing PropertySource 'defaultProperties'
2020-03-09 20:45:20.930 [main] DEBUG o.s.core.env.StandardEnvironment - Adding PropertySource 'defaultProperties' with lowest search precedence
2020-03-09 20:45:20.931 [main] DEBUG o.s.c.e.PropertySourcesPropertyResolver - Could not find key 'spring.profiles.active' in any property source
2020-03-09 20:45:20.931 [main] DEBUG o.s.c.e.PropertySourcesPropertyResolver - Could not find key 'spring.profiles.default' in any property source
2020-03-09 20:45:20.934 [main] DEBUG o.s.c.e.PropertySourcesPropertyResolver - Could not find key 'context.initializer.classes' in any property source
2020-03-09 20:45:20.935 [main] DEBUG o.s.b.f.s.DefaultListableBeanFactory - Returning cached instance of singleton bean 'org.springframework.boot.context.ContextIdApplicationContextInitializer$ContextId'
2020-03-09 20:45:20.941 [main] DEBUG o.s.b.f.s.DefaultListableBeanFactory - Returning cached instance of singleton bean 'autoConfigurationReport'
2020-03-09 20:45:20.941 [main] DEBUG o.s.b.f.s.DefaultListableBeanFactory - Returning cached instance of singleton bean 'autoConfigurationReport'
2020-03-09 20:45:20.941 [main] DEBUG o.s.c.e.PropertySourcesPropertyResolver - Could not find key 'spring.profiles.active' in any property source
2020-03-09 20:45:20.942 [main] DEBUG o.s.c.e.PropertySourcesPropertyResolver - Could not find key 'spring.profiles.default' in any property source
2020-03-09 20:45:20.942 [main] INFO  c.n.manage_course.dao.FeignTest - No active profile set, falling back to default profiles: default
2020-03-09 20:45:20.942 [main] DEBUG o.s.boot.SpringApplication - Loading source class com.ningmeng.manage_course.ManageCourseApplication
2020-03-09 20:45:20.943 [main] DEBUG o.s.c.a.ClassPathBeanDefinitionScanner - JSR-250 'javax.annotation.ManagedBean' found and supported for component scanning
2020-03-09 20:45:20.943 [main] DEBUG o.s.c.a.ClassPathBeanDefinitionScanner - JSR-330 'javax.inject.Named' annotation found and supported for component scanning
2020-03-09 20:45:20.950 [main] DEBUG o.s.b.c.c.ConfigFileApplicationListener - Loaded config file 'file:/E:/1704A/hdServiceCode/nm-service-manage-course/target/classes/application.yml' (classpath:/application.yml)
2020-03-09 20:45:20.950 [main] INFO  o.s.w.c.s.GenericWebApplicationContext - Refreshing org.springframework.web.context.support.GenericWebApplicationContext@21d5c1a0: startup date [Mon Mar 09 20:45:20 CST 2020]; parent: org.springframework.context.annotation.AnnotationConfigApplicationContext@c9d0d6
2020-03-09 20:45:20.951 [main] DEBUG o.s.w.c.s.GenericWebApplicationContext - Bean factory for org.springframework.web.context.support.GenericWebApplicationContext@21d5c1a0: org.springframework.beans.factory.support.DefaultListableBeanFactory@4eeea57d: defining beans [org.springframework.boot.test.mock.mockito.MockitoPostProcessor$SpyPostProcessor,org.springframework.boot.test.mock.mockito.MockitoPostProcessor,org.springframework.context.annotation.internalConfigurationAnnotationProcessor,org.springframework.context.annotation.internalAutowiredAnnotationProcessor,org.springframework.context.annotation.internalRequiredAnnotationProcessor,org.springframework.context.annotation.internalCommonAnnotationProcessor,org.springframework.context.annotation.internalPersistenceAnnotationProcessor,org.springframework.context.event.internalEventListenerProcessor,org.springframework.context.event.internalEventListenerFactory,manageCourseApplication]; parent: org.springframework.beans.factory.support.DefaultListableBeanFactory@495b0487
2020-03-09 20:45:20.956 [main] DEBUG o.s.b.f.s.DefaultListableBeanFactory - Registering scope 'request' with implementation [org.springframework.web.context.request.RequestScope@9573b3b]
2020-03-09 20:45:20.957 [main] DEBUG o.s.b.f.s.DefaultListableBeanFactory - Registering scope 'session' with implementation [org.springframework.web.context.request.SessionScope@544630b7]
2020-03-09 20:45:20.957 [main] DEBUG o.s.b.f.s.DefaultListableBeanFactory - Registering scope 'application' with implementation [org.springframework.web.context.support.ServletContextScope@58c540cf]
2020-03-09 20:45:20.962 [main] DEBUG o.s.b.f.s.DefaultListableBeanFactory - Creating shared instance of singleton bean 'org.springframework.context.annotation.internalConfigurationAnnotationProcessor'
2020-03-09 20:45:20.962 [main] DEBUG o.s.b.f.s.DefaultListableBeanFactory - Creating instance of bean 'org.springframework.context.annotation.internalConfigurationAnnotationProcessor'
2020-03-09 20:45:20.962 [main] DEBUG o.s.b.f.s.DefaultListableBeanFactory - Eagerly caching bean 'org.springframework.context.annotation.internalConfigurationAnnotationProcessor' to allow for resolving potential circular references
2020-03-09 20:45:20.963 [main] DEBUG o.s.b.f.s.DefaultListableBeanFactory - Creating shared instance of singleton bean 'org.springframework.boot.autoconfigure.internalCachingMetadataReaderFactory'
2020-03-09 20:45:20.963 [main] DEBUG o.s.b.f.s.DefaultListableBeanFactory - Creating instance of bean 'org.springframework.boot.autoconfigure.internalCachingMetadataReaderFactory'
2020-03-09 20:45:20.963 [main] DEBUG o.s.b.f.s.DefaultListableBeanFactory - Eagerly caching bean 'org.springframework.boot.autoconfigure.internalCachingMetadataReaderFactory' to allow for resolving potential circular references
2020-03-09 20:45:20.963 [main] DEBUG o.s.b.f.s.DefaultListableBeanFactory - Finished creating instance of bean 'org.springframework.boot.autoconfigure.internalCachingMetadataReaderFactory'
2020-03-09 20:45:20.967 [main] DEBUG o.s.b.f.s.DefaultListableBeanFactory - Finished creating instance of bean 'org.springframework.context.annotation.internalConfigurationAnnotationProcessor'
2020-03-09 20:45:20.969 [main] DEBUG o.s.c.a.ClassPathBeanDefinitionScanner - JSR-250 'javax.annotation.ManagedBean' found and supported for component scanning
2020-03-09 20:45:20.970 [main] DEBUG o.s.c.a.ClassPathBeanDefinitionScanner - JSR-330 'javax.inject.Named' annotation found and supported for component scanning
2020-03-09 20:45:20.971 [main] DEBUG o.s.c.i.s.PathMatchingResourcePatternResolver - Resolved classpath location [com/ningmeng/manage_course/] to resources [URL [file:/E:/1704A/hdServiceCode/nm-service-manage-course/target/test-classes/com/ningmeng/manage_course/], URL [file:/E:/1704A/hdServiceCode/nm-service-manage-course/target/classes/com/ningmeng/manage_course/]]
2020-03-09 20:45:20.972 [main] DEBUG o.s.c.i.s.PathMatchingResourcePatternResolver - Looking for matching resources in directory tree [E:\1704A\hdServiceCode\nm-service-manage-course\target\test-classes\com\ningmeng\manage_course]
2020-03-09 20:45:20.972 [main] DEBUG o.s.c.i.s.PathMatchingResourcePatternResolver - Searching directory [E:\1704A\hdServiceCode\nm-service-manage-course\target\test-classes\com\ningmeng\manage_course] for files matching pattern [E:/1704A/hdServiceCode/nm-service-manage-course/target/test-classes/com/ningmeng/manage_course/**/*.class]
2020-03-09 20:45:20.973 [main] DEBUG o.s.c.i.s.PathMatchingResourcePatternResolver - Searching directory [E:\1704A\hdServiceCode\nm-service-manage-course\target\test-classes\com\ningmeng\manage_course\dao] for files matching pattern [E:/1704A/hdServiceCode/nm-service-manage-course/target/test-classes/com/ningmeng/manage_course/**/*.class]
2020-03-09 20:45:20.975 [main] DEBUG o.s.c.i.s.PathMatchingResourcePatternResolver - Looking for matching resources in directory tree [E:\1704A\hdServiceCode\nm-service-manage-course\target\classes\com\ningmeng\manage_course]
2020-03-09 20:45:20.975 [main] DEBUG o.s.c.i.s.PathMatchingResourcePatternResolver - Searching directory [E:\1704A\hdServiceCode\nm-service-manage-course\target\classes\com\ningmeng\manage_course] for files matching pattern [E:/1704A/hdServiceCode/nm-service-manage-course/target/classes/com/ningmeng/manage_course/**/*.class]
2020-03-09 20:45:20.976 [main] DEBUG o.s.c.i.s.PathMatchingResourcePatternResolver - Searching directory [E:\1704A\hdServiceCode\nm-service-manage-course\target\classes\com\ningmeng\manage_course\client] for files matching pattern [E:/1704A/hdServiceCode/nm-service-manage-course/target/classes/com/ningmeng/manage_course/**/*.class]
2020-03-09 20:45:20.976 [main] DEBUG o.s.c.i.s.PathMatchingResourcePatternResolver - Searching directory [E:\1704A\hdServiceCode\nm-service-manage-course\target\classes\com\ningmeng\manage_course\controller] for files matching pattern [E:/1704A/hdServiceCode/nm-service-manage-course/target/classes/com/ningmeng/manage_course/**/*.class]
2020-03-09 20:45:20.977 [main] DEBUG o.s.c.i.s.PathMatchingResourcePatternResolver - Searching directory [E:\1704A\hdServiceCode\nm-service-manage-course\target\classes\com\ningmeng\manage_course\dao] for files matching pattern [E:/1704A/hdServiceCode/nm-service-manage-course/target/classes/com/ningmeng/manage_course/**/*.class]
2020-03-09 20:45:20.978 [main] DEBUG o.s.c.i.s.PathMatchingResourcePatternResolver - Searching directory [E:\1704A\hdServiceCode\nm-service-manage-course\target\classes\com\ningmeng\manage_course\service] for files matching pattern [E:/1704A/hdServiceCode/nm-service-manage-course/target/classes/com/ningmeng/manage_course/**/*.class]
2020-03-09 20:45:20.978 [main] DEBUG o.s.c.i.s.PathMatchingResourcePatternResolver - Resolved location pattern [classpath*:com/ningmeng/manage_course/**/*.class] to resources [file [E:\1704A\hdServiceCode\nm-service-manage-course\target\test-classes\com\ningmeng\manage_course\dao\FeignTest.class], file [E:\1704A\hdServiceCode\nm-service-manage-course\target\test-classes\com\ningmeng\manage_course\dao\TestDao.class], file [E:\1704A\hdServiceCode\nm-service-manage-course\target\test-classes\com\ningmeng\manage_course\dao\Tests.class], file [E:\1704A\hdServiceCode\nm-service-manage-course\target\classes\com\ningmeng\manage_course\client\CmsPageClient.class], file [E:\1704A\hdServiceCode\nm-service-manage-course\target\classes\com\ningmeng\manage_course\controller\CourseController.class], file [E:\1704A\hdServiceCode\nm-service-manage-course\target\classes\com\ningmeng\manage_course\controller\SysDicthinaryController.class], file [E:\1704A\hdServiceCode\nm-service-manage-course\target\classes\com\ningmeng\manage_course\dao\CategoryMapper.class], file [E:\1704A\hdServiceCode\nm-service-manage-course\target\classes\com\ningmeng\manage_course\dao\CourseBaseRepository.class], file [E:\1704A\hdServiceCode\nm-service-manage-course\target\classes\com\ningmeng\manage_course\dao\CourseMapper.class], file [E:\1704A\hdServiceCode\nm-service-manage-course\target\classes\com\ningmeng\manage_course\dao\CourseMarketMapper.class], file [E:\1704A\hdServiceCode\nm-service-manage-course\target\classes\com\ningmeng\manage_course\dao\CourseMarketRepository.class], file [E:\1704A\hdServiceCode\nm-service-manage-course\target\classes\com\ningmeng\manage_course\dao\CoursePicRepository.class], file [E:\1704A\hdServiceCode\nm-service-manage-course\target\classes\com\ningmeng\manage_course\dao\CoursePubRepository.class], file [E:\1704A\hdServiceCode\nm-service-manage-course\target\classes\com\ningmeng\manage_course\dao\SysDictionaryRepository.class], file [E:\1704A\hdServiceCode\nm-service-manage-course\target\classes\com\ningmeng\manage_course\dao\TeachplanMapper.class], file [E:\1704A\hdServiceCode\nm-service-manage-course\target\classes\com\ningmeng\manage_course\dao\TeachplanMediaPubRepository.class], file [E:\1704A\hdServiceCode\nm-service-manage-course\target\classes\com\ningmeng\manage_course\dao\TeachplanMediaRepository.class], file [E:\1704A\hdServiceCode\nm-service-manage-course\target\classes\com\ningmeng\manage_course\dao\TeachplanRepository.class], file [E:\1704A\hdServiceCode\nm-service-manage-course\target\classes\com\ningmeng\manage_course\ManageCourseApplication.class], file [E:\1704A\hdServiceCode\nm-service-manage-course\target\classes\com\ningmeng\manage_course\service\CourseService.class], file [E:\1704A\hdServiceCode\nm-service-manage-course\target\classes\com\ningmeng\manage_course\service\SysDicthinaryService.class]]
2020-03-09 20:45:20.980 [main] DEBUG o.s.b.f.s.DefaultListableBeanFactory - Returning cached instance of singleton bean 'org.springframework.boot.test.context.filter.TestTypeExcludeFilter'
2020-03-09 20:45:20.982 [main] DEBUG o.s.b.f.s.DefaultListableBeanFactory - Returning cached instance of singleton bean 'org.springframework.boot.test.context.filter.TestTypeExcludeFilter'
2020-03-09 20:45:20.983 [main] DEBUG o.s.b.f.s.DefaultListableBeanFactory - Returning cached instance of singleton bean 'org.springframework.boot.test.context.filter.TestTypeExcludeFilter'
2020-03-09 20:45:20.990 [main] DEBUG o.s.b.f.s.DefaultListableBeanFactory - Returning cached instance of singleton bean 'org.springframework.boot.test.context.filter.TestTypeExcludeFilter'
2020-03-09 20:45:20.998 [main] DEBUG o.s.b.f.s.DefaultListableBeanFactory - Returning cached instance of singleton bean 'org.springframework.boot.test.context.filter.TestTypeExcludeFilter'
2020-03-09 20:45:20.998 [main] DEBUG o.s.c.a.ClassPathBeanDefinitionScanner - Identified candidate component class: file [E:\1704A\hdServiceCode\nm-service-manage-course\target\classes\com\ningmeng\manage_course\controller\CourseController.class]
2020-03-09 20:45:20.999 [main] DEBUG o.s.b.f.s.DefaultListableBeanFactory - Returning cached instance of singleton bean 'org.springframework.boot.test.context.filter.TestTypeExcludeFilter'
2020-03-09 20:45:20.999 [main] DEBUG o.s.c.a.ClassPathBeanDefinitionScanner - Identified candidate component class: file [E:\1704A\hdServiceCode\nm-service-manage-course\target\classes\com\ningmeng\manage_course\controller\SysDicthinaryController.class]
2020-03-09 20:45:21.000 [main] DEBUG o.s.b.f.s.DefaultListableBeanFactory - Returning cached instance of singleton bean 'org.springframework.boot.test.context.filter.TestTypeExcludeFilter'
2020-03-09 20:45:21.001 [main] DEBUG o.s.b.f.s.DefaultListableBeanFactory - Returning cached instance of singleton bean 'org.springframework.boot.test.context.filter.TestTypeExcludeFilter'
2020-03-09 20:45:21.003 [main] DEBUG o.s.b.f.s.DefaultListableBeanFactory - Returning cached instance of singleton bean 'org.springframework.boot.test.context.filter.TestTypeExcludeFilter'
2020-03-09 20:45:21.003 [main] DEBUG o.s.b.f.s.DefaultListableBeanFactory - Returning cached instance of singleton bean 'org.springframework.boot.test.context.filter.TestTypeExcludeFilter'
2020-03-09 20:45:21.004 [main] DEBUG o.s.b.f.s.DefaultListableBeanFactory - Returning cached instance of singleton bean 'org.springframework.boot.test.context.filter.TestTypeExcludeFilter'
2020-03-09 20:45:21.005 [main] DEBUG o.s.b.f.s.DefaultListableBeanFactory - Returning cached instance of singleton bean 'org.springframework.boot.test.context.filter.TestTypeExcludeFilter'
2020-03-09 20:45:21.005 [main] DEBUG o.s.b.f.s.DefaultListableBeanFactory - Returning cached instance of singleton bean 'org.springframework.boot.test.context.filter.TestTypeExcludeFilter'
2020-03-09 20:45:21.005 [main] DEBUG o.s.b.f.s.DefaultListableBeanFactory - Returning cached instance of singleton bean 'org.springframework.boot.test.context.filter.TestTypeExcludeFilter'
2020-03-09 20:45:21.006 [main] DEBUG o.s.b.f.s.DefaultListableBeanFactory - Returning cached instance of singleton bean 'org.springframework.boot.test.context.filter.TestTypeExcludeFilter'
2020-03-09 20:45:21.007 [main] DEBUG o.s.b.f.s.DefaultListableBeanFactory - Returning cached instance of singleton bean 'org.springframework.boot.test.context.filter.TestTypeExcludeFilter'
2020-03-09 20:45:21.008 [main] DEBUG o.s.b.f.s.DefaultListableBeanFactory - Returning cached instance of singleton bean 'org.springframework.boot.test.context.filter.TestTypeExcludeFilter'
2020-03-09 20:45:21.008 [main] DEBUG o.s.b.f.s.DefaultListableBeanFactory - Returning cached instance of singleton bean 'org.springframework.boot.test.context.filter.TestTypeExcludeFilter'
2020-03-09 20:45:21.012 [main] DEBUG o.s.b.f.s.DefaultListableBeanFactory - Returning cached instance of singleton bean 'org.springframework.boot.test.context.filter.TestTypeExcludeFilter'
2020-03-09 20:45:21.013 [main] DEBUG o.s.c.a.ClassPathBeanDefinitionScanner - Identified candidate component class: file [E:\1704A\hdServiceCode\nm-service-manage-course\target\classes\com\ningmeng\manage_course\service\CourseService.class]
2020-03-09 20:45:21.013 [main] DEBUG o.s.b.f.s.DefaultListableBeanFactory - Returning cached instance of singleton bean 'org.springframework.boot.test.context.filter.TestTypeExcludeFilter'
2020-03-09 20:45:21.013 [main] DEBUG o.s.c.a.ClassPathBeanDefinitionScanner - Identified candidate component class: file [E:\1704A\hdServiceCode\nm-service-manage-course\target\classes\com\ningmeng\manage_course\service\SysDicthinaryService.class]
2020-03-09 20:45:21.035 [main] DEBUG o.s.c.a.ClassPathBeanDefinitionScanner - JSR-250 'javax.annotation.ManagedBean' found and supported for component scanning
2020-03-09 20:45:21.036 [main] DEBUG o.s.c.a.ClassPathBeanDefinitionScanner - JSR-330 'javax.inject.Named' annotation found and supported for component scanning
2020-03-09 20:45:21.037 [main] DEBUG o.s.c.i.s.PathMatchingResourcePatternResolver - Resolved classpath location [com/ningmeng/api/] to resources [URL [jar:file:/E:/1704A/hdServiceCode/nm-service-api/target/nm-service-api.jar!/com/ningmeng/api/]]
2020-03-09 20:45:21.037 [main] DEBUG o.s.c.i.s.PathMatchingResourcePatternResolver - Looking for matching resources in jar file [file:/E:/1704A/hdServiceCode/nm-service-api/target/nm-service-api.jar]
2020-03-09 20:45:21.038 [main] DEBUG o.s.c.i.s.PathMatchingResourcePatternResolver - Resolved location pattern [classpath*:com/ningmeng/api/**/*.class] to resources [URL [jar:file:/E:/1704A/hdServiceCode/nm-service-api/target/nm-service-api.jar!/com/ningmeng/api/config/Swagger2Configuration.class], URL [jar:file:/E:/1704A/hdServiceCode/nm-service-api/target/nm-service-api.jar!/com/ningmeng/api/courseapi/CourseControllerApi.class], URL [jar:file:/E:/1704A/hdServiceCode/nm-service-api/target/nm-service-api.jar!/com/ningmeng/api/searchapi/EsCourseControllerApi.class], URL [jar:file:/E:/1704A/hdServiceCode/nm-service-api/target/nm-service-api.jar!/com/ningmeng/api/courseapi/SysDicthinaryControllerApi.class], URL [jar:file:/E:/1704A/hdServiceCode/nm-service-api/target/nm-service-api.jar!/com/ningmeng/api/filesystemapi/FileSystemControllerApi.class], URL [jar:file:/E:/1704A/hdServiceCode/nm-service-api/target/nm-service-api.jar!/com/ningmeng/api/learningapi/CourseLearningControllerApi.class], URL [jar:file:/E:/1704A/hdServiceCode/nm-service-api/target/nm-service-api.jar!/com/ningmeng/api/mediaapi/MediaFileControllerApi.class], URL [jar:file:/E:/1704A/hdServiceCode/nm-service-api/target/nm-service-api.jar!/com/ningmeng/api/cmsapi/CmsPageControllerApi.class], URL [jar:file:/E:/1704A/hdServiceCode/nm-service-api/target/nm-service-api.jar!/com/ningmeng/api/mediaapi/MediaUploadControllerApi.class]]
2020-03-09 20:45:21.040 [main] DEBUG o.s.c.a.ClassPathBeanDefinitionScanner - Identified candidate component class: URL [jar:file:/E:/1704A/hdServiceCode/nm-service-api/target/nm-service-api.jar!/com/ningmeng/api/config/Swagger2Configuration.class]
2020-03-09 20:45:21.055 [main] DEBUG o.s.c.a.ClassPathBeanDefinitionScanner - JSR-250 'javax.annotation.ManagedBean' found and supported for component scanning
2020-03-09 20:45:21.055 [main] DEBUG o.s.c.a.ClassPathBeanDefinitionScanner - JSR-330 'javax.inject.Named' annotation found and supported for component scanning
2020-03-09 20:45:21.056 [main] DEBUG o.s.c.i.s.PathMatchingResourcePatternResolver - Resolved classpath location [springfox/documentation/swagger2/readers/parameter/] to resources []
2020-03-09 20:45:21.056 [main] DEBUG o.s.c.i.s.PathMatchingResourcePatternResolver - Resolved location pattern [classpath*:springfox/documentation/swagger2/readers/parameter/**/*.class] to resources []
2020-03-09 20:45:21.057 [main] DEBUG o.s.c.i.s.PathMatchingResourcePatternResolver - Resolved classpath location [springfox/documentation/swagger2/mappers/] to resources [URL [jar:file:/E:/1704A/repository/io/springfox/springfox-swagger2/2.7.0/springfox-swagger2-2.7.0.jar!/springfox/documentation/swagger2/mappers/]]
2020-03-09 20:45:21.057 [main] DEBUG o.s.c.i.s.PathMatchingResourcePatternResolver - Looking for matching resources in jar file [file:/E:/1704A/repository/io/springfox/springfox-swagger2/2.7.0/springfox-swagger2-2.7.0.jar]
2020-03-09 20:45:21.059 [main] DEBUG o.s.c.i.s.PathMatchingResourcePatternResolver - Resolved location pattern [classpath*:springfox/documentation/swagger2/mappers/**/*.class] to resources [URL [jar:file:/E:/1704A/repository/io/springfox/springfox-swagger2/2.7.0/springfox-swagger2-2.7.0.jar!/springfox/documentation/swagger2/mappers/ApiKeyAuthFactory.class], URL [jar:file:/E:/1704A/repository/io/springfox/springfox-swagger2/2.7.0/springfox-swagger2-2.7.0.jar!/springfox/documentation/swagger2/mappers/BasicAuthFactory.class], URL [jar:file:/E:/1704A/repository/io/springfox/springfox-swagger2/2.7.0/springfox-swagger2-2.7.0.jar!/springfox/documentation/swagger2/mappers/EnumMapper$1.class], URL [jar:file:/E:/1704A/repository/io/springfox/springfox-swagger2/2.7.0/springfox-swagger2-2.7.0.jar!/springfox/documentation/swagger2/mappers/EnumMapper.class], URL [jar:file:/E:/1704A/repository/io/springfox/springfox-swagger2/2.7.0/springfox-swagger2-2.7.0.jar!/springfox/documentation/swagger2/mappers/LicenseMapper$License.class], URL [jar:file:/E:/1704A/repository/io/springfox/springfox-swagger2/2.7.0/springfox-swagger2-2.7.0.jar!/springfox/documentation/swagger2/mappers/LicenseMapper$LicenseTranslator.class], URL [jar:file:/E:/1704A/repository/io/springfox/springfox-swagger2/2.7.0/springfox-swagger2-2.7.0.jar!/springfox/documentation/swagger2/mappers/LicenseMapper.class], URL [jar:file:/E:/1704A/repository/io/springfox/springfox-swagger2/2.7.0/springfox-swagger2-2.7.0.jar!/springfox/documentation/swagger2/mappers/LicenseMapperImpl.class], URL [jar:file:/E:/1704A/repository/io/springfox/springfox-swagger2/2.7.0/springfox-swagger2-2.7.0.jar!/springfox/documentation/swagger2/mappers/ModelMapper$1.class], URL [jar:file:/E:/1704A/repository/io/springfox/springfox-swagger2/2.7.0/springfox-swagger2-2.7.0.jar!/springfox/documentation/swagger2/mappers/ModelMapper$2.class], URL [jar:file:/E:/1704A/repository/io/springfox/springfox-swagger2/2.7.0/springfox-swagger2-2.7.0.jar!/springfox/documentation/swagger2/mappers/ModelMapper.class], URL [jar:file:/E:/1704A/repository/io/springfox/springfox-swagger2/2.7.0/springfox-swagger2-2.7.0.jar!/springfox/documentation/swagger2/mappers/ModelMapperImpl.class], URL [jar:file:/E:/1704A/repository/io/springfox/springfox-swagger2/2.7.0/springfox-swagger2-2.7.0.jar!/springfox/documentation/swagger2/mappers/OAuth2AuthFactory.class], URL [jar:file:/E:/1704A/repository/io/springfox/springfox-swagger2/2.7.0/springfox-swagger2-2.7.0.jar!/springfox/documentation/swagger2/mappers/ParameterMapper.class], URL [jar:file:/E:/1704A/repository/io/springfox/springfox-swagger2/2.7.0/springfox-swagger2-2.7.0.jar!/springfox/documentation/swagger2/mappers/ParameterMapperImpl.class], URL [jar:file:/E:/1704A/repository/io/springfox/springfox-swagger2/2.7.0/springfox-swagger2-2.7.0.jar!/springfox/documentation/swagger2/mappers/Properties$1.class], URL [jar:file:/E:/1704A/repository/io/springfox/springfox-swagger2/2.7.0/springfox-swagger2-2.7.0.jar!/springfox/documentation/swagger2/mappers/Properties$2.class], URL [jar:file:/E:/1704A/repository/io/springfox/springfox-swagger2/2.7.0/springfox-swagger2-2.7.0.jar!/springfox/documentation/swagger2/mappers/Properties$3.class], URL [jar:file:/E:/1704A/repository/io/springfox/springfox-swagger2/2.7.0/springfox-swagger2-2.7.0.jar!/springfox/documentation/swagger2/mappers/Properties$4.class], URL [jar:file:/E:/1704A/repository/io/springfox/springfox-swagger2/2.7.0/springfox-swagger2-2.7.0.jar!/springfox/documentation/swagger2/mappers/Properties$5.class], URL [jar:file:/E:/1704A/repository/io/springfox/springfox-swagger2/2.7.0/springfox-swagger2-2.7.0.jar!/springfox/documentation/swagger2/mappers/Properties$6.class], URL [jar:file:/E:/1704A/repository/io/springfox/springfox-swagger2/2.7.0/springfox-swagger2-2.7.0.jar!/springfox/documentation/swagger2/mappers/Properties$7.class], URL [jar:file:/E:/1704A/repository/io/springfox/springfox-swagger2/2.7.0/springfox-swagger2-2.7.0.jar!/springfox/documentation/swagger2/mappers/Properties$8.class], URL [jar:file:/E:/1704A/repository/io/springfox/springfox-swagger2/2.7.0/springfox-swagger2-2.7.0.jar!/springfox/documentation/swagger2/mappers/Properties.class], URL [jar:file:/E:/1704A/repository/io/springfox/springfox-swagger2/2.7.0/springfox-swagger2-2.7.0.jar!/springfox/documentation/swagger2/mappers/SecurityMapper$1.class], URL [jar:file:/E:/1704A/repository/io/springfox/springfox-swagger2/2.7.0/springfox-swagger2-2.7.0.jar!/springfox/documentation/swagger2/mappers/SecurityMapper$2.class], URL [jar:file:/E:/1704A/repository/io/springfox/springfox-swagger2/2.7.0/springfox-swagger2-2.7.0.jar!/springfox/documentation/swagger2/mappers/SecurityMapper.class], URL [jar:file:/E:/1704A/repository/io/springfox/springfox-swagger2/2.7.0/springfox-swagger2-2.7.0.jar!/springfox/documentation/swagger2/mappers/SecurityMapperImpl.class], URL [jar:file:/E:/1704A/repository/io/springfox/springfox-swagger2/2.7.0/springfox-swagger2-2.7.0.jar!/springfox/documentation/swagger2/mappers/SecuritySchemeFactory.class], URL [jar:file:/E:/1704A/repository/io/springfox/springfox-swagger2/2.7.0/springfox-swagger2-2.7.0.jar!/springfox/documentation/swagger2/mappers/SerializableParameterFactories$CookieSerializableParameterFactory.class], URL [jar:file:/E:/1704A/repository/io/springfox/springfox-swagger2/2.7.0/springfox-swagger2-2.7.0.jar!/springfox/documentation/swagger2/mappers/SerializableParameterFactories$FormSerializableParameterFactory.class], URL [jar:file:/E:/1704A/repository/io/springfox/springfox-swagger2/2.7.0/springfox-swagger2-2.7.0.jar!/springfox/documentation/swagger2/mappers/SerializableParameterFactories$HeaderSerializableParameterFactory.class], URL [jar:file:/E:/1704A/repository/io/springfox/springfox-swagger2/2.7.0/springfox-swagger2-2.7.0.jar!/springfox/documentation/swagger2/mappers/SerializableParameterFactories$NullSerializableParameterFactory.class], URL [jar:file:/E:/1704A/repository/io/springfox/springfox-swagger2/2.7.0/springfox-swagger2-2.7.0.jar!/springfox/documentation/swagger2/mappers/SerializableParameterFactories$PathSerializableParameterFactory.class], URL [jar:file:/E:/1704A/repository/io/springfox/springfox-swagger2/2.7.0/springfox-swagger2-2.7.0.jar!/springfox/documentation/swagger2/mappers/SerializableParameterFactories$QuerySerializableParameterFactory.class], URL [jar:file:/E:/1704A/repository/io/springfox/springfox-swagger2/2.7.0/springfox-swagger2-2.7.0.jar!/springfox/documentation/swagger2/mappers/SerializableParameterFactories.class], URL [jar:file:/E:/1704A/repository/io/springfox/springfox-swagger2/2.7.0/springfox-swagger2-2.7.0.jar!/springfox/documentation/swagger2/mappers/SerializableParameterFactory.class], URL [jar:file:/E:/1704A/repository/io/springfox/springfox-swagger2/2.7.0/springfox-swagger2-2.7.0.jar!/springfox/documentation/swagger2/mappers/ServiceModelToSwagger2Mapper$1.class], URL [jar:file:/E:/1704A/repository/io/springfox/springfox-swagger2/2.7.0/springfox-swagger2-2.7.0.jar!/springfox/documentation/swagger2/mappers/ServiceModelToSwagger2Mapper$2.class], URL [jar:file:/E:/1704A/repository/io/springfox/springfox-swagger2/2.7.0/springfox-swagger2-2.7.0.jar!/springfox/documentation/swagger2/mappers/ServiceModelToSwagger2Mapper$3.class], URL [jar:file:/E:/1704A/repository/io/springfox/springfox-swagger2/2.7.0/springfox-swagger2-2.7.0.jar!/springfox/documentation/swagger2/mappers/ServiceModelToSwagger2Mapper.class], URL [jar:file:/E:/1704A/repository/io/springfox/springfox-swagger2/2.7.0/springfox-swagger2-2.7.0.jar!/springfox/documentation/swagger2/mappers/ServiceModelToSwagger2MapperImpl.class], URL [jar:file:/E:/1704A/repository/io/springfox/springfox-swagger2/2.7.0/springfox-swagger2-2.7.0.jar!/springfox/documentation/swagger2/mappers/VendorExtensionsMapper$1.class], URL [jar:file:/E:/1704A/repository/io/springfox/springfox-swagger2/2.7.0/springfox-swagger2-2.7.0.jar!/springfox/documentation/swagger2/mappers/VendorExtensionsMapper.class], URL [jar:file:/E:/1704A/repository/io/springfox/springfox-swagger2/2.7.0/springfox-swagger2-2.7.0.jar!/springfox/documentation/swagger2/mappers/VendorExtensionsMapperImpl.class]]
2020-03-09 20:45:21.068 [main] DEBUG o.s.c.a.ClassPathBeanDefinitionScanner - Identified candidate component class: URL [jar:file:/E:/1704A/repository/io/springfox/springfox-swagger2/2.7.0/springfox-swagger2-2.7.0.jar!/springfox/documentation/swagger2/mappers/LicenseMapperImpl.class]
2020-03-09 20:45:21.073 [main] DEBUG o.s.c.a.ClassPathBeanDefinitionScanner - Identified candidate component class: URL [jar:file:/E:/1704A/repository/io/springfox/springfox-swagger2/2.7.0/springfox-swagger2-2.7.0.jar!/springfox/documentation/swagger2/mappers/ModelMapperImpl.class]
2020-03-09 20:45:21.074 [main] DEBUG o.s.c.a.ClassPathBeanDefinitionScanner - Identified candidate component class: URL [jar:file:/E:/1704A/repository/io/springfox/springfox-swagger2/2.7.0/springfox-swagger2-2.7.0.jar!/springfox/documentation/swagger2/mappers/ParameterMapperImpl.class]
2020-03-09 20:45:21.080 [main] DEBUG o.s.c.a.ClassPathBeanDefinitionScanner - Identified candidate component class: URL [jar:file:/E:/1704A/repository/io/springfox/springfox-swagger2/2.7.0/springfox-swagger2-2.7.0.jar!/springfox/documentation/swagger2/mappers/SecurityMapperImpl.class]
2020-03-09 20:45:21.087 [main] DEBUG o.s.c.a.ClassPathBeanDefinitionScanner - Identified candidate component class: URL [jar:file:/E:/1704A/repository/io/springfox/springfox-swagger2/2.7.0/springfox-swagger2-2.7.0.jar!/springfox/documentation/swagger2/mappers/ServiceModelToSwagger2MapperImpl.class]
2020-03-09 20:45:21.088 [main] DEBUG o.s.c.a.ClassPathBeanDefinitionScanner - Identified candidate component class: URL [jar:file:/E:/1704A/repository/io/springfox/springfox-swagger2/2.7.0/springfox-swagger2-2.7.0.jar!/springfox/documentation/swagger2/mappers/VendorExtensionsMapperImpl.class]
2020-03-09 20:45:21.098 [main] DEBUG o.s.c.a.ClassPathBeanDefinitionScanner - JSR-250 'javax.annotation.ManagedBean' found and supported for component scanning
2020-03-09 20:45:21.098 [main] DEBUG o.s.c.a.ClassPathBeanDefinitionScanner - JSR-330 'javax.inject.Named' annotation found and supported for component scanning
2020-03-09 20:45:21.099 [main] DEBUG o.s.c.i.s.PathMatchingResourcePatternResolver - Resolved classpath location [springfox/documentation/spring/web/scanners/] to resources [URL [jar:file:/E:/1704A/repository/io/springfox/springfox-spring-web/2.7.0/springfox-spring-web-2.7.0.jar!/springfox/documentation/spring/web/scanners/]]
2020-03-09 20:45:21.100 [main] DEBUG o.s.c.i.s.PathMatchingResourcePatternResolver - Looking for matching resources in jar file [file:/E:/1704A/repository/io/springfox/springfox-spring-web/2.7.0/springfox-spring-web-2.7.0.jar]
2020-03-09 20:45:21.100 [main] DEBUG o.s.c.i.s.PathMatchingResourcePatternResolver - Resolved location pattern [classpath*:springfox/documentation/spring/web/scanners/**/*.class] to resources [URL [jar:file:/E:/1704A/repository/io/springfox/springfox-spring-web/2.7.0/springfox-spring-web-2.7.0.jar!/springfox/documentation/spring/web/scanners/ApiDescriptionLookup.class], URL [jar:file:/E:/1704A/repository/io/springfox/springfox-spring-web/2.7.0/springfox-spring-web-2.7.0.jar!/springfox/documentation/spring/web/scanners/ApiDescriptionReader.class], URL [jar:file:/E:/1704A/repository/io/springfox/springfox-spring-web/2.7.0/springfox-spring-web-2.7.0.jar!/springfox/documentation/spring/web/scanners/ApiDocumentationScanner$1.class], URL [jar:file:/E:/1704A/repository/io/springfox/springfox-spring-web/2.7.0/springfox-spring-web-2.7.0.jar!/springfox/documentation/spring/web/scanners/ApiDocumentationScanner$2.class], URL [jar:file:/E:/1704A/repository/io/springfox/springfox-spring-web/2.7.0/springfox-spring-web-2.7.0.jar!/springfox/documentation/spring/web/scanners/ApiDocumentationScanner.class], URL [jar:file:/E:/1704A/repository/io/springfox/springfox-spring-web/2.7.0/springfox-spring-web-2.7.0.jar!/springfox/documentation/spring/web/scanners/ApiListingReader$1.class], URL [jar:file:/E:/1704A/repository/io/springfox/springfox-spring-web/2.7.0/springfox-spring-web-2.7.0.jar!/springfox/documentation/spring/web/scanners/ApiListingReader.class], URL [jar:file:/E:/1704A/repository/io/springfox/springfox-spring-web/2.7.0/springfox-spring-web-2.7.0.jar!/springfox/documentation/spring/web/scanners/ApiListingReferenceScanner.class], URL [jar:file:/E:/1704A/repository/io/springfox/springfox-spring-web/2.7.0/springfox-spring-web-2.7.0.jar!/springfox/documentation/spring/web/scanners/ApiListingReferenceScanResult.class], URL [jar:file:/E:/1704A/repository/io/springfox/springfox-spring-web/2.7.0/springfox-spring-web-2.7.0.jar!/springfox/documentation/spring/web/scanners/ApiListingScanner$1.class], URL [jar:file:/E:/1704A/repository/io/springfox/springfox-spring-web/2.7.0/springfox-spring-web-2.7.0.jar!/springfox/documentation/spring/web/scanners/ApiListingScanner.class], URL [jar:file:/E:/1704A/repository/io/springfox/springfox-spring-web/2.7.0/springfox-spring-web-2.7.0.jar!/springfox/documentation/spring/web/scanners/ApiListingScanningContext.class], URL [jar:file:/E:/1704A/repository/io/springfox/springfox-spring-web/2.7.0/springfox-spring-web-2.7.0.jar!/springfox/documentation/spring/web/scanners/ApiModelReader.class], URL [jar:file:/E:/1704A/repository/io/springfox/springfox-spring-web/2.7.0/springfox-spring-web-2.7.0.jar!/springfox/documentation/spring/web/scanners/CachingOperationReader$1.class], URL [jar:file:/E:/1704A/repository/io/springfox/springfox-spring-web/2.7.0/springfox-spring-web-2.7.0.jar!/springfox/documentation/spring/web/scanners/CachingOperationReader.class], URL [jar:file:/E:/1704A/repository/io/springfox/springfox-spring-web/2.7.0/springfox-spring-web-2.7.0.jar!/springfox/documentation/spring/web/scanners/MediaTypeReader.class]]
2020-03-09 20:45:21.103 [main] DEBUG o.s.c.a.ClassPathBeanDefinitionScanner - Identified candidate component class: URL [jar:file:/E:/1704A/repository/io/springfox/springfox-spring-web/2.7.0/springfox-spring-web-2.7.0.jar!/springfox/documentation/spring/web/scanners/ApiDescriptionLookup.class]
2020-03-09 20:45:21.103 [main] DEBUG o.s.c.a.ClassPathBeanDefinitionScanner - Identified candidate component class: URL [jar:file:/E:/1704A/repository/io/springfox/springfox-spring-web/2.7.0/springfox-spring-web-2.7.0.jar!/springfox/documentation/spring/web/scanners/ApiDescriptionReader.class]
2020-03-09 20:45:21.104 [main] DEBUG o.s.c.a.ClassPathBeanDefinitionScanner - Identified candidate component class: URL [jar:file:/E:/1704A/repository/io/springfox/springfox-spring-web/2.7.0/springfox-spring-web-2.7.0.jar!/springfox/documentation/spring/web/scanners/ApiDocumentationScanner.class]
2020-03-09 20:45:21.105 [main] DEBUG o.s.c.a.ClassPathBeanDefinitionScanner - Identified candidate component class: URL [jar:file:/E:/1704A/repository/io/springfox/springfox-spring-web/2.7.0/springfox-spring-web-2.7.0.jar!/springfox/documentation/spring/web/scanners/ApiListingReader.class]
2020-03-09 20:45:21.107 [main] DEBUG o.s.c.a.ClassPathBeanDefinitionScanner - Identified candidate component class: URL [jar:file:/E:/1704A/repository/io/springfox/springfox-spring-web/2.7.0/springfox-spring-web-2.7.0.jar!/springfox/documentation/spring/web/scanners/ApiListingReferenceScanner.class]
2020-03-09 20:45:21.108 [main] DEBUG o.s.c.a.ClassPathBeanDefinitionScanner - Identified candidate component class: URL [jar:file:/E:/1704A/repository/io/springfox/springfox-spring-web/2.7.0/springfox-spring-web-2.7.0.jar!/springfox/documentation/spring/web/scanners/ApiListingScanner.class]
2020-03-09 20:45:21.109 [main] DEBUG o.s.c.a.ClassPathBeanDefinitionScanner - Identified candidate component class: URL [jar:file:/E:/1704A/repository/io/springfox/springfox-spring-web/2.7.0/springfox-spring-web-2.7.0.jar!/springfox/documentation/spring/web/scanners/ApiModelReader.class]
2020-03-09 20:45:21.110 [main] DEBUG o.s.c.a.ClassPathBeanDefinitionScanner - Identified candidate component class: URL [jar:file:/E:/1704A/repository/io/springfox/springfox-spring-web/2.7.0/springfox-spring-web-2.7.0.jar!/springfox/documentation/spring/web/scanners/CachingOperationReader.class]
2020-03-09 20:45:21.111 [main] DEBUG o.s.c.a.ClassPathBeanDefinitionScanner - Identified candidate component class: URL [jar:file:/E:/1704A/repository/io/springfox/springfox-spring-web/2.7.0/springfox-spring-web-2.7.0.jar!/springfox/documentation/spring/web/scanners/MediaTypeReader.class]
2020-03-09 20:45:21.112 [main] DEBUG o.s.c.i.s.PathMatchingResourcePatternResolver - Resolved classpath location [springfox/documentation/spring/web/readers/operation/] to resources [URL [jar:file:/E:/1704A/repository/io/springfox/springfox-spring-web/2.7.0/springfox-spring-web-2.7.0.jar!/springfox/documentation/spring/web/readers/operation/]]
2020-03-09 20:45:21.112 [main] DEBUG o.s.c.i.s.PathMatchingResourcePatternResolver - Looking for matching resources in jar file [file:/E:/1704A/repository/io/springfox/springfox-spring-web/2.7.0/springfox-spring-web-2.7.0.jar]
2020-03-09 20:45:21.113 [main] DEBUG o.s.c.i.s.PathMatchingResourcePatternResolver - Resolved location pattern [classpath*:springfox/documentation/spring/web/readers/operation/**/*.class] to resources [URL [jar:file:/E:/1704A/repository/io/springfox/springfox-spring-web/2.7.0/springfox-spring-web-2.7.0.jar!/springfox/documentation/spring/web/readers/operation/AbstractOperationParameterRequestConditionReader.class], URL [jar:file:/E:/1704A/repository/io/springfox/springfox-spring-web/2.7.0/springfox-spring-web-2.7.0.jar!/springfox/documentation/spring/web/readers/operation/ApiOperationReader.class], URL [jar:file:/E:/1704A/repository/io/springfox/springfox-spring-web/2.7.0/springfox-spring-web-2.7.0.jar!/springfox/documentation/spring/web/readers/operation/CachingOperationNameGenerator.class], URL [jar:file:/E:/1704A/repository/io/springfox/springfox-spring-web/2.7.0/springfox-spring-web-2.7.0.jar!/springfox/documentation/spring/web/readers/operation/DefaultOperationReader.class], URL [jar:file:/E:/1704A/repository/io/springfox/springfox-spring-web/2.7.0/springfox-spring-web-2.7.0.jar!/springfox/documentation/spring/web/readers/operation/DefaultTagsProvider.class], URL [jar:file:/E:/1704A/repository/io/springfox/springfox-spring-web/2.7.0/springfox-spring-web-2.7.0.jar!/springfox/documentation/spring/web/readers/operation/HandlerMethodResolver$1.class], URL [jar:file:/E:/1704A/repository/io/springfox/springfox-spring-web/2.7.0/springfox-spring-web-2.7.0.jar!/springfox/documentation/spring/web/readers/operation/HandlerMethodResolver$2.class], URL [jar:file:/E:/1704A/repository/io/springfox/springfox-spring-web/2.7.0/springfox-spring-web-2.7.0.jar!/springfox/documentation/spring/web/readers/operation/HandlerMethodResolver$3.class], URL [jar:file:/E:/1704A/repository/io/springfox/springfox-spring-web/2.7.0/springfox-spring-web-2.7.0.jar!/springfox/documentation/spring/web/readers/operation/HandlerMethodResolver$4.class], URL [jar:file:/E:/1704A/repository/io/springfox/springfox-spring-web/2.7.0/springfox-spring-web-2.7.0.jar!/springfox/documentation/spring/web/readers/operation/HandlerMethodResolver$5.class], URL [jar:file:/E:/1704A/repository/io/springfox/springfox-spring-web/2.7.0/springfox-spring-web-2.7.0.jar!/springfox/documentation/spring/web/readers/operation/HandlerMethodResolver$6.class], URL [jar:file:/E:/1704A/repository/io/springfox/springfox-spring-web/2.7.0/springfox-spring-web-2.7.0.jar!/springfox/documentation/spring/web/readers/operation/HandlerMethodResolver$7.class], URL [jar:file:/E:/1704A/repository/io/springfox/springfox-spring-web/2.7.0/springfox-spring-web-2.7.0.jar!/springfox/documentation/spring/web/readers/operation/HandlerMethodResolver.class], URL [jar:file:/E:/1704A/repository/io/springfox/springfox-spring-web/2.7.0/springfox-spring-web-2.7.0.jar!/springfox/documentation/spring/web/readers/operation/OperationDeprecatedReader.class], URL [jar:file:/E:/1704A/repository/io/springfox/springfox-spring-web/2.7.0/springfox-spring-web-2.7.0.jar!/springfox/documentation/spring/web/readers/operation/OperationModelsProvider.class], URL [jar:file:/E:/1704A/repository/io/springfox/springfox-spring-web/2.7.0/springfox-spring-web-2.7.0.jar!/springfox/documentation/spring/web/readers/operation/OperationParameterHeadersConditionReader.class], URL [jar:file:/E:/1704A/repository/io/springfox/springfox-spring-web/2.7.0/springfox-spring-web-2.7.0.jar!/springfox/documentation/spring/web/readers/operation/OperationParameterReader$1.class], URL [jar:file:/E:/1704A/repository/io/springfox/springfox-spring-web/2.7.0/springfox-spring-web-2.7.0.jar!/springfox/documentation/spring/web/readers/operation/OperationParameterReader$2.class], URL [jar:file:/E:/1704A/repository/io/springfox/springfox-spring-web/2.7.0/springfox-spring-web-2.7.0.jar!/springfox/documentation/spring/web/readers/operation/OperationParameterReader$3.class], URL [jar:file:/E:/1704A/repository/io/springfox/springfox-spring-web/2.7.0/springfox-spring-web-2.7.0.jar!/springfox/documentation/spring/web/readers/operation/OperationParameterReader.class], URL [jar:file:/E:/1704A/repository/io/springfox/springfox-spring-web/2.7.0/springfox-spring-web-2.7.0.jar!/springfox/documentation/spring/web/readers/operation/OperationParameterRequestConditionReader.class], URL [jar:file:/E:/1704A/repository/io/springfox/springfox-spring-web/2.7.0/springfox-spring-web-2.7.0.jar!/springfox/documentation/spring/web/readers/operation/OperationReader.class], URL [jar:file:/E:/1704A/repository/io/springfox/springfox-spring-web/2.7.0/springfox-spring-web-2.7.0.jar!/springfox/documentation/spring/web/readers/operation/OperationResponseClassReader.class], URL [jar:file:/E:/1704A/repository/io/springfox/springfox-spring-web/2.7.0/springfox-spring-web-2.7.0.jar!/springfox/documentation/spring/web/readers/operation/OperationTagsReader.class], URL [jar:file:/E:/1704A/repository/io/springfox/springfox-spring-web/2.7.0/springfox-spring-web-2.7.0.jar!/springfox/documentation/spring/web/readers/operation/ResponseMessagesReader.class]]
2020-03-09 20:45:21.114 [main] DEBUG o.s.c.a.ClassPathBeanDefinitionScanner - Identified candidate component class: URL [jar:file:/E:/1704A/repository/io/springfox/springfox-spring-web/2.7.0/springfox-spring-web-2.7.0.jar!/springfox/documentation/spring/web/readers/operation/ApiOperationReader.class]
2020-03-09 20:45:21.115 [main] DEBUG o.s.c.a.ClassPathBeanDefinitionScanner - Identified candidate component class: URL [jar:file:/E:/1704A/repository/io/springfox/springfox-spring-web/2.7.0/springfox-spring-web-2.7.0.jar!/springfox/documentation/spring/web/readers/operation/CachingOperationNameGenerator.class]
2020-03-09 20:45:21.115 [main] DEBUG o.s.c.a.ClassPathBeanDefinitionScanner - Identified candidate component class: URL [jar:file:/E:/1704A/repository/io/springfox/springfox-spring-web/2.7.0/springfox-spring-web-2.7.0.jar!/springfox/documentation/spring/web/readers/operation/DefaultOperationReader.class]
2020-03-09 20:45:21.115 [main] DEBUG o.s.c.a.ClassPathBeanDefinitionScanner - Identified candidate component class: URL [jar:file:/E:/1704A/repository/io/springfox/springfox-spring-web/2.7.0/springfox-spring-web-2.7.0.jar!/springfox/documentation/spring/web/readers/operation/DefaultTagsProvider.class]
2020-03-09 20:45:21.119 [main] DEBUG o.s.c.a.ClassPathBeanDefinitionScanner - Identified candidate component class: URL [jar:file:/E:/1704A/repository/io/springfox/springfox-spring-web/2.7.0/springfox-spring-web-2.7.0.jar!/springfox/documentation/spring/web/readers/operation/OperationDeprecatedReader.class]
2020-03-09 20:45:21.120 [main] DEBUG o.s.c.a.ClassPathBeanDefinitionScanner - Identified candidate component class: URL [jar:file:/E:/1704A/repository/io/springfox/springfox-spring-web/2.7.0/springfox-spring-web-2.7.0.jar!/springfox/documentation/spring/web/readers/operation/OperationModelsProvider.class]
2020-03-09 20:45:21.120 [main] DEBUG o.s.c.a.ClassPathBeanDefinitionScanner - Identified candidate component class: URL [jar:file:/E:/1704A/repository/io/springfox/springfox-spring-web/2.7.0/springfox-spring-web-2.7.0.jar!/springfox/documentation/spring/web/readers/operation/OperationParameterHeadersConditionReader.class]
2020-03-09 20:45:21.122 [main] DEBUG o.s.c.a.ClassPathBeanDefinitionScanner - Identified candidate component class: URL [jar:file:/E:/1704A/repository/io/springfox/springfox-spring-web/2.7.0/springfox-spring-web-2.7.0.jar!/springfox/documentation/spring/web/readers/operation/OperationParameterReader.class]
2020-03-09 20:45:21.123 [main] DEBUG o.s.c.a.ClassPathBeanDefinitionScanner - Identified candidate component class: URL [jar:file:/E:/1704A/repository/io/springfox/springfox-spring-web/2.7.0/springfox-spring-web-2.7.0.jar!/springfox/documentation/spring/web/readers/operation/OperationParameterRequestConditionReader.class]
2020-03-09 20:45:21.124 [main] DEBUG o.s.c.a.ClassPathBeanDefinitionScanner - Identified candidate component class: URL [jar:file:/E:/1704A/repository/io/springfox/springfox-spring-web/2.7.0/springfox-spring-web-2.7.0.jar!/springfox/documentation/spring/web/readers/operation/OperationResponseClassReader.class]
2020-03-09 20:45:21.125 [main] DEBUG o.s.c.a.ClassPathBeanDefinitionScanner - Identified candidate component class: URL [jar:file:/E:/1704A/repository/io/springfox/springfox-spring-web/2.7.0/springfox-spring-web-2.7.0.jar!/springfox/documentation/spring/web/readers/operation/OperationTagsReader.class]
2020-03-09 20:45:21.126 [main] DEBUG o.s.c.a.ClassPathBeanDefinitionScanner - Identified candidate component class: URL [jar:file:/E:/1704A/repository/io/springfox/springfox-spring-web/2.7.0/springfox-spring-web-2.7.0.jar!/springfox/documentation/spring/web/readers/operation/ResponseMessagesReader.class]
2020-03-09 20:45:21.127 [main] DEBUG o.s.c.i.s.PathMatchingResourcePatternResolver - Resolved classpath location [springfox/documentation/spring/web/readers/parameter/] to resources [URL [jar:file:/E:/1704A/repository/io/springfox/springfox-spring-web/2.7.0/springfox-spring-web-2.7.0.jar!/springfox/documentation/spring/web/readers/parameter/]]
2020-03-09 20:45:21.127 [main] DEBUG o.s.c.i.s.PathMatchingResourcePatternResolver - Looking for matching resources in jar file [file:/E:/1704A/repository/io/springfox/springfox-spring-web/2.7.0/springfox-spring-web-2.7.0.jar]
2020-03-09 20:45:21.131 [main] DEBUG o.s.c.i.s.PathMatchingResourcePatternResolver - Resolved location pattern [classpath*:springfox/documentation/spring/web/readers/parameter/**/*.class] to resources [URL [jar:file:/E:/1704A/repository/io/springfox/springfox-spring-web/2.7.0/springfox-spring-web-2.7.0.jar!/springfox/documentation/spring/web/readers/parameter/ExpandedParameterBuilder$1.class], URL [jar:file:/E:/1704A/repository/io/springfox/springfox-spring-web/2.7.0/springfox-spring-web-2.7.0.jar!/springfox/documentation/spring/web/readers/parameter/ExpandedParameterBuilder.class], URL [jar:file:/E:/1704A/repository/io/springfox/springfox-spring-web/2.7.0/springfox-spring-web-2.7.0.jar!/springfox/documentation/spring/web/readers/parameter/ExpansionContext.class], URL [jar:file:/E:/1704A/repository/io/springfox/springfox-spring-web/2.7.0/springfox-spring-web-2.7.0.jar!/springfox/documentation/spring/web/readers/parameter/ModelAttributeField.class], URL [jar:file:/E:/1704A/repository/io/springfox/springfox-spring-web/2.7.0/springfox-spring-web-2.7.0.jar!/springfox/documentation/spring/web/readers/parameter/ModelAttributeParameterExpander$1.class], URL [jar:file:/E:/1704A/repository/io/springfox/springfox-spring-web/2.7.0/springfox-spring-web-2.7.0.jar!/springfox/documentation/spring/web/readers/parameter/ModelAttributeParameterExpander$10.class], URL [jar:file:/E:/1704A/repository/io/springfox/springfox-spring-web/2.7.0/springfox-spring-web-2.7.0.jar!/springfox/documentation/spring/web/readers/parameter/ModelAttributeParameterExpander$11.class], URL [jar:file:/E:/1704A/repository/io/springfox/springfox-spring-web/2.7.0/springfox-spring-web-2.7.0.jar!/springfox/documentation/spring/web/readers/parameter/ModelAttributeParameterExpander$2.class], URL [jar:file:/E:/1704A/repository/io/springfox/springfox-spring-web/2.7.0/springfox-spring-web-2.7.0.jar!/springfox/documentation/spring/web/readers/parameter/ModelAttributeParameterExpander$3.class], URL [jar:file:/E:/1704A/repository/io/springfox/springfox-spring-web/2.7.0/springfox-spring-web-2.7.0.jar!/springfox/documentation/spring/web/readers/parameter/ModelAttributeParameterExpander$4.class], URL [jar:file:/E:/1704A/repository/io/springfox/springfox-spring-web/2.7.0/springfox-spring-web-2.7.0.jar!/springfox/documentation/spring/web/readers/parameter/ModelAttributeParameterExpander$5.class], URL [jar:file:/E:/1704A/repository/io/springfox/springfox-spring-web/2.7.0/springfox-spring-web-2.7.0.jar!/springfox/documentation/spring/web/readers/parameter/ModelAttributeParameterExpander$6.class], URL [jar:file:/E:/1704A/repository/io/springfox/springfox-spring-web/2.7.0/springfox-spring-web-2.7.0.jar!/springfox/documentation/spring/web/readers/parameter/ModelAttributeParameterExpander$7.class], URL [jar:file:/E:/1704A/repository/io/springfox/springfox-spring-web/2.7.0/springfox-spring-web-2.7.0.jar!/springfox/documentation/spring/web/readers/parameter/ModelAttributeParameterExpander$8.class], URL [jar:file:/E:/1704A/repository/io/springfox/springfox-spring-web/2.7.0/springfox-spring-web-2.7.0.jar!/springfox/documentation/spring/web/readers/parameter/ModelAttributeParameterExpander$9.class], URL [jar:file:/E:/1704A/repository/io/springfox/springfox-spring-web/2.7.0/springfox-spring-web-2.7.0.jar!/springfox/documentation/spring/web/readers/parameter/ModelAttributeParameterExpander.class], URL [jar:file:/E:/1704A/repository/io/springfox/springfox-spring-web/2.7.0/springfox-spring-web-2.7.0.jar!/springfox/documentation/spring/web/readers/parameter/ParameterDataTypeReader.class], URL [jar:file:/E:/1704A/repository/io/springfox/springfox-spring-web/2.7.0/springfox-spring-web-2.7.0.jar!/springfox/documentation/spring/web/readers/parameter/ParameterDefaultReader.class], URL [jar:file:/E:/1704A/repository/io/springfox/springfox-spring-web/2.7.0/springfox-spring-web-2.7.0.jar!/springfox/documentation/spring/web/readers/parameter/ParameterMultiplesReader.class], URL [jar:file:/E:/1704A/repository/io/springfox/springfox-spring-web/2.7.0/springfox-spring-web-2.7.0.jar!/springfox/documentation/spring/web/readers/parameter/ParameterNameReader$1.class], URL [jar:file:/E:/1704A/repository/io/springfox/springfox-spring-web/2.7.0/springfox-spring-web-2.7.0.jar!/springfox/documentation/spring/web/readers/parameter/ParameterNameReader$2.class], URL [jar:file:/E:/1704A/repository/io/springfox/springfox-spring-web/2.7.0/springfox-spring-web-2.7.0.jar!/springfox/documentation/spring/web/readers/parameter/ParameterNameReader$3.class], URL [jar:file:/E:/1704A/repository/io/springfox/springfox-spring-web/2.7.0/springfox-spring-web-2.7.0.jar!/springfox/documentation/spring/web/readers/parameter/ParameterNameReader$4.class], URL [jar:file:/E:/1704A/repository/io/springfox/springfox-spring-web/2.7.0/springfox-spring-web-2.7.0.jar!/springfox/documentation/spring/web/readers/parameter/ParameterNameReader.class], URL [jar:file:/E:/1704A/repository/io/springfox/springfox-spring-web/2.7.0/springfox-spring-web-2.7.0.jar!/springfox/documentation/spring/web/readers/parameter/ParameterRequiredReader.class], URL [jar:file:/E:/1704A/repository/io/springfox/springfox-spring-web/2.7.0/springfox-spring-web-2.7.0.jar!/springfox/documentation/spring/web/readers/parameter/ParameterTypeReader.class]]
2020-03-09 20:45:21.132 [main] DEBUG o.s.c.a.ClassPathBeanDefinitionScanner - Identified candidate component class: URL [jar:file:/E:/1704A/repository/io/springfox/springfox-spring-web/2.7.0/springfox-spring-web-2.7.0.jar!/springfox/documentation/spring/web/readers/parameter/ExpandedParameterBuilder.class]
2020-03-09 20:45:21.136 [main] DEBUG o.s.c.a.ClassPathBeanDefinitionScanner - Identified candidate component class: URL [jar:file:/E:/1704A/repository/io/springfox/springfox-spring-web/2.7.0/springfox-spring-web-2.7.0.jar!/springfox/documentation/spring/web/readers/parameter/ModelAttributeParameterExpander.class]
2020-03-09 20:45:21.137 [main] DEBUG o.s.c.a.ClassPathBeanDefinitionScanner - Identified candidate component class: URL [jar:file:/E:/1704A/repository/io/springfox/springfox-spring-web/2.7.0/springfox-spring-web-2.7.0.jar!/springfox/documentation/spring/web/readers/parameter/ParameterDataTypeReader.class]
2020-03-09 20:45:21.138 [main] DEBUG o.s.c.a.ClassPathBeanDefinitionScanner - Identified candidate component class: URL [jar:file:/E:/1704A/repository/io/springfox/springfox-spring-web/2.7.0/springfox-spring-web-2.7.0.jar!/springfox/documentation/spring/web/readers/parameter/ParameterDefaultReader.class]
2020-03-09 20:45:21.139 [main] DEBUG o.s.c.a.ClassPathBeanDefinitionScanner - Identified candidate component class: URL [jar:file:/E:/1704A/repository/io/springfox/springfox-spring-web/2.7.0/springfox-spring-web-2.7.0.jar!/springfox/documentation/spring/web/readers/parameter/ParameterMultiplesReader.class]
2020-03-09 20:45:21.142 [main] DEBUG o.s.c.a.ClassPathBeanDefinitionScanner - Identified candidate component class: URL [jar:file:/E:/1704A/repository/io/springfox/springfox-spring-web/2.7.0/springfox-spring-web-2.7.0.jar!/springfox/documentation/spring/web/readers/parameter/ParameterNameReader.class]
2020-03-09 20:45:21.143 [main] DEBUG o.s.c.a.ClassPathBeanDefinitionScanner - Identified candidate component class: URL [jar:file:/E:/1704A/repository/io/springfox/springfox-spring-web/2.7.0/springfox-spring-web-2.7.0.jar!/springfox/documentation/spring/web/readers/parameter/ParameterRequiredReader.class]
2020-03-09 20:45:21.143 [main] DEBUG o.s.c.a.ClassPathBeanDefinitionScanner - Identified candidate component class: URL [jar:file:/E:/1704A/repository/io/springfox/springfox-spring-web/2.7.0/springfox-spring-web-2.7.0.jar!/springfox/documentation/spring/web/readers/parameter/ParameterTypeReader.class]
2020-03-09 20:45:21.144 [main] DEBUG o.s.c.i.s.PathMatchingResourcePatternResolver - Resolved classpath location [springfox/documentation/spring/web/plugins/] to resources [URL [jar:file:/E:/1704A/repository/io/springfox/springfox-spring-web/2.7.0/springfox-spring-web-2.7.0.jar!/springfox/documentation/spring/web/plugins/]]
2020-03-09 20:45:21.145 [main] DEBUG o.s.c.i.s.PathMatchingResourcePatternResolver - Looking for matching resources in jar file [file:/E:/1704A/repository/io/springfox/springfox-spring-web/2.7.0/springfox-spring-web-2.7.0.jar]
2020-03-09 20:45:21.146 [main] DEBUG o.s.c.i.s.PathMatchingResourcePatternResolver - Resolved location pattern [classpath*:springfox/documentation/spring/web/plugins/**/*.class] to resources [URL [jar:file:/E:/1704A/repository/io/springfox/springfox-spring-web/2.7.0/springfox-spring-web-2.7.0.jar!/springfox/documentation/spring/web/plugins/ApiSelectorBuilder$1.class], URL [jar:file:/E:/1704A/repository/io/springfox/springfox-spring-web/2.7.0/springfox-spring-web-2.7.0.jar!/springfox/documentation/spring/web/plugins/ApiSelectorBuilder.class], URL [jar:file:/E:/1704A/repository/io/springfox/springfox-spring-web/2.7.0/springfox-spring-web-2.7.0.jar!/springfox/documentation/spring/web/plugins/CombinedRequestHandler.class], URL [jar:file:/E:/1704A/repository/io/springfox/springfox-spring-web/2.7.0/springfox-spring-web-2.7.0.jar!/springfox/documentation/spring/web/plugins/DefaultConfiguration.class], URL [jar:file:/E:/1704A/repository/io/springfox/springfox-spring-web/2.7.0/springfox-spring-web-2.7.0.jar!/springfox/documentation/spring/web/plugins/DefaultRequestHandlerCombiner$1.class], URL [jar:file:/E:/1704A/repository/io/springfox/springfox-spring-web/2.7.0/springfox-spring-web-2.7.0.jar!/springfox/documentation/spring/web/plugins/DefaultRequestHandlerCombiner.class], URL [jar:file:/E:/1704A/repository/io/springfox/springfox-spring-web/2.7.0/springfox-spring-web-2.7.0.jar!/springfox/documentation/spring/web/plugins/Docket$1.class], URL [jar:file:/E:/1704A/repository/io/springfox/springfox-spring-web/2.7.0/springfox-spring-web-2.7.0.jar!/springfox/documentation/spring/web/plugins/Docket$2.class], URL [jar:file:/E:/1704A/repository/io/springfox/springfox-spring-web/2.7.0/springfox-spring-web-2.7.0.jar!/springfox/documentation/spring/web/plugins/Docket$3.class], URL [jar:file:/E:/1704A/repository/io/springfox/springfox-spring-web/2.7.0/springfox-spring-web-2.7.0.jar!/springfox/documentation/spring/web/plugins/Docket$4.class], URL [jar:file:/E:/1704A/repository/io/springfox/springfox-spring-web/2.7.0/springfox-spring-web-2.7.0.jar!/springfox/documentation/spring/web/plugins/Docket.class], URL [jar:file:/E:/1704A/repository/io/springfox/springfox-spring-web/2.7.0/springfox-spring-web-2.7.0.jar!/springfox/documentation/spring/web/plugins/DocumentationPluginsBootstrapper$1.class], URL [jar:file:/E:/1704A/repository/io/springfox/springfox-spring-web/2.7.0/springfox-spring-web-2.7.0.jar!/springfox/documentation/spring/web/plugins/DocumentationPluginsBootstrapper$2.class], URL [jar:file:/E:/1704A/repository/io/springfox/springfox-spring-web/2.7.0/springfox-spring-web-2.7.0.jar!/springfox/documentation/spring/web/plugins/DocumentationPluginsBootstrapper.class], URL [jar:file:/E:/1704A/repository/io/springfox/springfox-spring-web/2.7.0/springfox-spring-web-2.7.0.jar!/springfox/documentation/spring/web/plugins/DocumentationPluginsManager$1.class], URL [jar:file:/E:/1704A/repository/io/springfox/springfox-spring-web/2.7.0/springfox-spring-web-2.7.0.jar!/springfox/documentation/spring/web/plugins/DocumentationPluginsManager$2.class], URL [jar:file:/E:/1704A/repository/io/springfox/springfox-spring-web/2.7.0/springfox-spring-web-2.7.0.jar!/springfox/documentation/spring/web/plugins/DocumentationPluginsManager.class], URL [jar:file:/E:/1704A/repository/io/springfox/springfox-spring-web/2.7.0/springfox-spring-web-2.7.0.jar!/springfox/documentation/spring/web/plugins/DuplicateGroupsDetector$1.class], URL [jar:file:/E:/1704A/repository/io/springfox/springfox-spring-web/2.7.0/springfox-spring-web-2.7.0.jar!/springfox/documentation/spring/web/plugins/DuplicateGroupsDetector$2.class], URL [jar:file:/E:/1704A/repository/io/springfox/springfox-spring-web/2.7.0/springfox-spring-web-2.7.0.jar!/springfox/documentation/spring/web/plugins/DuplicateGroupsDetector$3.class], URL [jar:file:/E:/1704A/repository/io/springfox/springfox-spring-web/2.7.0/springfox-spring-web-2.7.0.jar!/springfox/documentation/spring/web/plugins/DuplicateGroupsDetector.class], URL [jar:file:/E:/1704A/repository/io/springfox/springfox-spring-web/2.7.0/springfox-spring-web-2.7.0.jar!/springfox/documentation/spring/web/plugins/JacksonSerializerConvention$1.class], URL [jar:file:/E:/1704A/repository/io/springfox/springfox-spring-web/2.7.0/springfox-spring-web-2.7.0.jar!/springfox/documentation/spring/web/plugins/JacksonSerializerConvention$2.class], URL [jar:file:/E:/1704A/repository/io/springfox/springfox-spring-web/2.7.0/springfox-spring-web-2.7.0.jar!/springfox/documentation/spring/web/plugins/JacksonSerializerConvention.class], URL [jar:file:/E:/1704A/repository/io/springfox/springfox-spring-web/2.7.0/springfox-spring-web-2.7.0.jar!/springfox/documentation/spring/web/plugins/PathAndParametersEquivalence$1.class], URL [jar:file:/E:/1704A/repository/io/springfox/springfox-spring-web/2.7.0/springfox-spring-web-2.7.0.jar!/springfox/documentation/spring/web/plugins/PathAndParametersEquivalence.class], URL [jar:file:/E:/1704A/repository/io/springfox/springfox-spring-web/2.7.0/springfox-spring-web-2.7.0.jar!/springfox/documentation/spring/web/plugins/ResolvedMethodParameterEquivalence.class], URL [jar:file:/E:/1704A/repository/io/springfox/springfox-spring-web/2.7.0/springfox-spring-web-2.7.0.jar!/springfox/documentation/spring/web/plugins/WebMvcRequestHandlerProvider$1.class], URL [jar:file:/E:/1704A/repository/io/springfox/springfox-spring-web/2.7.0/springfox-spring-web-2.7.0.jar!/springfox/documentation/spring/web/plugins/WebMvcRequestHandlerProvider$2.class], URL [jar:file:/E:/1704A/repository/io/springfox/springfox-spring-web/2.7.0/springfox-spring-web-2.7.0.jar!/springfox/documentation/spring/web/plugins/WebMvcRequestHandlerProvider.class]]
2020-03-09 20:45:21.162 [main] DEBUG o.s.c.a.ClassPathBeanDefinitionScanner - Identified candidate component class: URL [jar:file:/E:/1704A/repository/io/springfox/springfox-spring-web/2.7.0/springfox-spring-web-2.7.0.jar!/springfox/documentation/spring/web/plugins/DocumentationPluginsBootstrapper.class]
2020-03-09 20:45:21.167 [main] DEBUG o.s.c.a.ClassPathBeanDefinitionScanner - Identified candidate component class: URL [jar:file:/E:/1704A/repository/io/springfox/springfox-spring-web/2.7.0/springfox-spring-web-2.7.0.jar!/springfox/documentation/spring/web/plugins/DocumentationPluginsManager.class]
2020-03-09 20:45:21.174 [main] DEBUG o.s.c.a.ClassPathBeanDefinitionScanner - Identified candidate component class: URL [jar:file:/E:/1704A/repository/io/springfox/springfox-spring-web/2.7.0/springfox-spring-web-2.7.0.jar!/springfox/documentation/spring/web/plugins/WebMvcRequestHandlerProvider.class]
2020-03-09 20:45:21.175 [main] DEBUG o.s.c.i.s.PathMatchingResourcePatternResolver - Resolved classpath location [springfox/documentation/spring/web/paths/] to resources [URL [jar:file:/E:/1704A/repository/io/springfox/springfox-spring-web/2.7.0/springfox-spring-web-2.7.0.jar!/springfox/documentation/spring/web/paths/]]
2020-03-09 20:45:21.175 [main] DEBUG o.s.c.i.s.PathMatchingResourcePatternResolver - Looking for matching resources in jar file [file:/E:/1704A/repository/io/springfox/springfox-spring-web/2.7.0/springfox-spring-web-2.7.0.jar]
2020-03-09 20:45:21.176 [main] DEBUG o.s.c.i.s.PathMatchingResourcePatternResolver - Resolved location pattern [classpath*:springfox/documentation/spring/web/paths/**/*.class] to resources [URL [jar:file:/E:/1704A/repository/io/springfox/springfox-spring-web/2.7.0/springfox-spring-web-2.7.0.jar!/springfox/documentation/spring/web/paths/AbstractPathProvider.class], URL [jar:file:/E:/1704A/repository/io/springfox/springfox-spring-web/2.7.0/springfox-spring-web-2.7.0.jar!/springfox/documentation/spring/web/paths/OperationPathDecorator$1.class], URL [jar:file:/E:/1704A/repository/io/springfox/springfox-spring-web/2.7.0/springfox-spring-web-2.7.0.jar!/springfox/documentation/spring/web/paths/OperationPathDecorator.class], URL [jar:file:/E:/1704A/repository/io/springfox/springfox-spring-web/2.7.0/springfox-spring-web-2.7.0.jar!/springfox/documentation/spring/web/paths/PathMappingAdjuster.class], URL [jar:file:/E:/1704A/repository/io/springfox/springfox-spring-web/2.7.0/springfox-spring-web-2.7.0.jar!/springfox/documentation/spring/web/paths/PathMappingDecorator$1.class], URL [jar:file:/E:/1704A/repository/io/springfox/springfox-spring-web/2.7.0/springfox-spring-web-2.7.0.jar!/springfox/documentation/spring/web/paths/PathMappingDecorator.class], URL [jar:file:/E:/1704A/repository/io/springfox/springfox-spring-web/2.7.0/springfox-spring-web-2.7.0.jar!/springfox/documentation/spring/web/paths/Paths.class], URL [jar:file:/E:/1704A/repository/io/springfox/springfox-spring-web/2.7.0/springfox-spring-web-2.7.0.jar!/springfox/documentation/spring/web/paths/PathSanitizer$1.class], URL [jar:file:/E:/1704A/repository/io/springfox/springfox-spring-web/2.7.0/springfox-spring-web-2.7.0.jar!/springfox/documentation/spring/web/paths/PathSanitizer.class], URL [jar:file:/E:/1704A/repository/io/springfox/springfox-spring-web/2.7.0/springfox-spring-web-2.7.0.jar!/springfox/documentation/spring/web/paths/QueryStringUriTemplateDecorator$1.class], URL [jar:file:/E:/1704A/repository/io/springfox/springfox-spring-web/2.7.0/springfox-spring-web-2.7.0.jar!/springfox/documentation/spring/web/paths/QueryStringUriTemplateDecorator$2.class], URL [jar:file:/E:/1704A/repository/io/springfox/springfox-spring-web/2.7.0/springfox-spring-web-2.7.0.jar!/springfox/documentation/spring/web/paths/QueryStringUriTemplateDecorator$3.class], URL [jar:file:/E:/1704A/repository/io/springfox/springfox-spring-web/2.7.0/springfox-spring-web-2.7.0.jar!/springfox/documentation/spring/web/paths/QueryStringUriTemplateDecorator$4.class], URL [jar:file:/E:/1704A/repository/io/springfox/springfox-spring-web/2.7.0/springfox-spring-web-2.7.0.jar!/springfox/documentation/spring/web/paths/QueryStringUriTemplateDecorator$5.class], URL [jar:file:/E:/1704A/repository/io/springfox/springfox-spring-web/2.7.0/springfox-spring-web-2.7.0.jar!/springfox/documentation/spring/web/paths/QueryStringUriTemplateDecorator.class], URL [jar:file:/E:/1704A/repository/io/springfox/springfox-spring-web/2.7.0/springfox-spring-web-2.7.0.jar!/springfox/documentation/spring/web/paths/RelativePathProvider.class]]
2020-03-09 20:45:21.178 [main] DEBUG o.s.c.a.ClassPathBeanDefinitionScanner - Identified candidate component class: URL [jar:file:/E:/1704A/repository/io/springfox/springfox-spring-web/2.7.0/springfox-spring-web-2.7.0.jar!/springfox/documentation/spring/web/paths/OperationPathDecorator.class]
2020-03-09 20:45:21.180 [main] DEBUG o.s.c.a.ClassPathBeanDefinitionScanner - Identified candidate component class: URL [jar:file:/E:/1704A/repository/io/springfox/springfox-spring-web/2.7.0/springfox-spring-web-2.7.0.jar!/springfox/documentation/spring/web/paths/PathMappingDecorator.class]
2020-03-09 20:45:21.183 [main] DEBUG o.s.c.a.ClassPathBeanDefinitionScanner - Identified candidate component class: URL [jar:file:/E:/1704A/repository/io/springfox/springfox-spring-web/2.7.0/springfox-spring-web-2.7.0.jar!/springfox/documentation/spring/web/paths/PathSanitizer.class]
2020-03-09 20:45:21.189 [main] DEBUG o.s.c.a.ClassPathBeanDefinitionScanner - Identified candidate component class: URL [jar:file:/E:/1704A/repository/io/springfox/springfox-spring-web/2.7.0/springfox-spring-web-2.7.0.jar!/springfox/documentation/spring/web/paths/QueryStringUriTemplateDecorator.class]
2020-03-09 20:45:21.239 [main] DEBUG o.s.c.a.ClassPathBeanDefinitionScanner - JSR-250 'javax.annotation.ManagedBean' found and supported for component scanning
2020-03-09 20:45:21.239 [main] DEBUG o.s.c.a.ClassPathBeanDefinitionScanner - JSR-330 'javax.inject.Named' annotation found and supported for component scanning
2020-03-09 20:45:21.241 [main] DEBUG o.s.c.i.s.PathMatchingResourcePatternResolver - Resolved classpath location [springfox/documentation/schema/] to resources [URL [jar:file:/E:/1704A/repository/io/springfox/springfox-core/2.7.0/springfox-core-2.7.0.jar!/springfox/documentation/schema/], URL [jar:file:/E:/1704A/repository/io/springfox/springfox-schema/2.7.0/springfox-schema-2.7.0.jar!/springfox/documentation/schema/]]
2020-03-09 20:45:21.242 [main] DEBUG o.s.c.i.s.PathMatchingResourcePatternResolver - Looking for matching resources in jar file [file:/E:/1704A/repository/io/springfox/springfox-core/2.7.0/springfox-core-2.7.0.jar]
2020-03-09 20:45:21.243 [main] DEBUG o.s.c.i.s.PathMatchingResourcePatternResolver - Looking for matching resources in jar file [file:/E:/1704A/repository/io/springfox/springfox-schema/2.7.0/springfox-schema-2.7.0.jar]
2020-03-09 20:45:21.245 [main] DEBUG o.s.c.i.s.PathMatchingResourcePatternResolver - Resolved location pattern [classpath*:springfox/documentation/schema/**/*.class] to resources [URL [jar:file:/E:/1704A/repository/io/springfox/springfox-core/2.7.0/springfox-core-2.7.0.jar!/springfox/documentation/schema/AlternateTypeRule.class], URL [jar:file:/E:/1704A/repository/io/springfox/springfox-core/2.7.0/springfox-core-2.7.0.jar!/springfox/documentation/schema/AlternateTypeRuleConvention.class], URL [jar:file:/E:/1704A/repository/io/springfox/springfox-core/2.7.0/springfox-core-2.7.0.jar!/springfox/documentation/schema/AlternateTypeRules.class], URL [jar:file:/E:/1704A/repository/io/springfox/springfox-core/2.7.0/springfox-core-2.7.0.jar!/springfox/documentation/schema/ClassSupport.class], URL [jar:file:/E:/1704A/repository/io/springfox/springfox-core/2.7.0/springfox-core-2.7.0.jar!/springfox/documentation/schema/Entry.class], URL [jar:file:/E:/1704A/repository/io/springfox/springfox-core/2.7.0/springfox-core-2.7.0.jar!/springfox/documentation/schema/Enums$1.class], URL [jar:file:/E:/1704A/repository/io/springfox/springfox-core/2.7.0/springfox-core-2.7.0.jar!/springfox/documentation/schema/Enums$2.class], URL [jar:file:/E:/1704A/repository/io/springfox/springfox-core/2.7.0/springfox-core-2.7.0.jar!/springfox/documentation/schema/Enums.class], URL [jar:file:/E:/1704A/repository/io/springfox/springfox-core/2.7.0/springfox-core-2.7.0.jar!/springfox/documentation/schema/Model.class], URL [jar:file:/E:/1704A/repository/io/springfox/springfox-core/2.7.0/springfox-core-2.7.0.jar!/springfox/documentation/schema/ModelProperty.class], URL [jar:file:/E:/1704A/repository/io/springfox/springfox-core/2.7.0/springfox-core-2.7.0.jar!/springfox/documentation/schema/ModelRef$1.class], URL [jar:file:/E:/1704A/repository/io/springfox/springfox-core/2.7.0/springfox-core-2.7.0.jar!/springfox/documentation/schema/ModelRef.class], URL [jar:file:/E:/1704A/repository/io/springfox/springfox-core/2.7.0/springfox-core-2.7.0.jar!/springfox/documentation/schema/ModelReference.class], URL [jar:file:/E:/1704A/repository/io/springfox/springfox-core/2.7.0/springfox-core-2.7.0.jar!/springfox/documentation/schema/WildcardType$1.class], URL [jar:file:/E:/1704A/repository/io/springfox/springfox-core/2.7.0/springfox-core-2.7.0.jar!/springfox/documentation/schema/WildcardType.class], URL [jar:file:/E:/1704A/repository/io/springfox/springfox-schema/2.7.0/springfox-schema-2.7.0.jar!/springfox/documentation/schema/Annotations.class], URL [jar:file:/E:/1704A/repository/io/springfox/springfox-schema/2.7.0/springfox-schema-2.7.0.jar!/springfox/documentation/schema/CachingModelDependencyProvider$1.class], URL [jar:file:/E:/1704A/repository/io/springfox/springfox-schema/2.7.0/springfox-schema-2.7.0.jar!/springfox/documentation/schema/CachingModelDependencyProvider.class], URL [jar:file:/E:/1704A/repository/io/springfox/springfox-schema/2.7.0/springfox-schema-2.7.0.jar!/springfox/documentation/schema/CachingModelProvider$1.class], URL [jar:file:/E:/1704A/repository/io/springfox/springfox-schema/2.7.0/springfox-schema-2.7.0.jar!/springfox/documentation/schema/CachingModelProvider.class], URL [jar:file:/E:/1704A/repository/io/springfox/springfox-schema/2.7.0/springfox-schema-2.7.0.jar!/springfox/documentation/schema/CodeGenGenericTypeNamingStrategy.class], URL [jar:file:/E:/1704A/repository/io/springfox/springfox-schema/2.7.0/springfox-schema-2.7.0.jar!/springfox/documentation/schema/Collections.class], URL [jar:file:/E:/1704A/repository/io/springfox/springfox-schema/2.7.0/springfox-schema-2.7.0.jar!/springfox/documentation/schema/configuration/ModelsConfiguration.class], URL [jar:file:/E:/1704A/repository/io/springfox/springfox-schema/2.7.0/springfox-schema-2.7.0.jar!/springfox/documentation/schema/configuration/ObjectMapperConfigured.class], URL [jar:file:/E:/1704A/repository/io/springfox/springfox-schema/2.7.0/springfox-schema-2.7.0.jar!/springfox/documentation/schema/DefaultGenericTypeNamingStrategy.class], URL [jar:file:/E:/1704A/repository/io/springfox/springfox-schema/2.7.0/springfox-schema-2.7.0.jar!/springfox/documentation/schema/DefaultModelDependencyProvider$1.class], URL [jar:file:/E:/1704A/repository/io/springfox/springfox-schema/2.7.0/springfox-schema-2.7.0.jar!/springfox/documentation/schema/DefaultModelDependencyProvider$2.class], URL [jar:file:/E:/1704A/repository/io/springfox/springfox-schema/2.7.0/springfox-schema-2.7.0.jar!/springfox/documentation/schema/DefaultModelDependencyProvider$3.class], URL [jar:file:/E:/1704A/repository/io/springfox/springfox-schema/2.7.0/springfox-schema-2.7.0.jar!/springfox/documentation/schema/DefaultModelDependencyProvider.class], URL [jar:file:/E:/1704A/repository/io/springfox/springfox-schema/2.7.0/springfox-schema-2.7.0.jar!/springfox/documentation/schema/DefaultModelProvider$1.class], URL [jar:file:/E:/1704A/repository/io/springfox/springfox-schema/2.7.0/springfox-schema-2.7.0.jar!/springfox/documentation/schema/DefaultModelProvider.class], URL [jar:file:/E:/1704A/repository/io/springfox/springfox-schema/2.7.0/springfox-schema-2.7.0.jar!/springfox/documentation/schema/DefaultTypeNameProvider.class], URL [jar:file:/E:/1704A/repository/io/springfox/springfox-schema/2.7.0/springfox-schema-2.7.0.jar!/springfox/documentation/schema/Maps.class], URL [jar:file:/E:/1704A/repository/io/springfox/springfox-schema/2.7.0/springfox-schema-2.7.0.jar!/springfox/documentation/schema/ModelDependencyProvider.class], URL [jar:file:/E:/1704A/repository/io/springfox/springfox-schema/2.7.0/springfox-schema-2.7.0.jar!/springfox/documentation/schema/ModelNameContext.class], URL [jar:file:/E:/1704A/repository/io/springfox/springfox-schema/2.7.0/springfox-schema-2.7.0.jar!/springfox/documentation/schema/ModelProvider.class], URL [jar:file:/E:/1704A/repository/io/springfox/springfox-schema/2.7.0/springfox-schema-2.7.0.jar!/springfox/documentation/schema/ModelReferenceProvider.class], URL [jar:file:/E:/1704A/repository/io/springfox/springfox-schema/2.7.0/springfox-schema-2.7.0.jar!/springfox/documentation/schema/plugins/SchemaPluginsManager.class], URL [jar:file:/E:/1704A/repository/io/springfox/springfox-schema/2.7.0/springfox-schema-2.7.0.jar!/springfox/documentation/schema/property/BaseModelProperty.class], URL [jar:file:/E:/1704A/repository/io/springfox/springfox-schema/2.7.0/springfox-schema-2.7.0.jar!/springfox/documentation/schema/property/bean/Accessors.class], URL [jar:file:/E:/1704A/repository/io/springfox/springfox-schema/2.7.0/springfox-schema-2.7.0.jar!/springfox/documentation/schema/property/bean/AccessorsProvider$1.class], URL [jar:file:/E:/1704A/repository/io/springfox/springfox-schema/2.7.0/springfox-schema-2.7.0.jar!/springfox/documentation/schema/property/bean/AccessorsProvider.class], URL [jar:file:/E:/1704A/repository/io/springfox/springfox-schema/2.7.0/springfox-schema-2.7.0.jar!/springfox/documentation/schema/property/bean/BeanModelProperty.class], URL [jar:file:/E:/1704A/repository/io/springfox/springfox-schema/2.7.0/springfox-schema-2.7.0.jar!/springfox/documentation/schema/property/bean/ParameterModelProperty.class], URL [jar:file:/E:/1704A/repository/io/springfox/springfox-schema/2.7.0/springfox-schema-2.7.0.jar!/springfox/documentation/schema/property/BeanPropertyDefinitions$1.class], URL [jar:file:/E:/1704A/repository/io/springfox/springfox-schema/2.7.0/springfox-schema-2.7.0.jar!/springfox/documentation/schema/property/BeanPropertyDefinitions$2.class], URL [jar:file:/E:/1704A/repository/io/springfox/springfox-schema/2.7.0/springfox-schema-2.7.0.jar!/springfox/documentation/schema/property/BeanPropertyDefinitions.class], URL [jar:file:/E:/1704A/repository/io/springfox/springfox-schema/2.7.0/springfox-schema-2.7.0.jar!/springfox/documentation/schema/property/BeanPropertyNamingStrategy.class], URL [jar:file:/E:/1704A/repository/io/springfox/springfox-schema/2.7.0/springfox-schema-2.7.0.jar!/springfox/documentation/schema/property/CachingModelPropertiesProvider$1.class], URL [jar:file:/E:/1704A/repository/io/springfox/springfox-schema/2.7.0/springfox-schema-2.7.0.jar!/springfox/documentation/schema/property/CachingModelPropertiesProvider.class], URL [jar:file:/E:/1704A/repository/io/springfox/springfox-schema/2.7.0/springfox-schema-2.7.0.jar!/springfox/documentation/schema/property/FactoryMethodProvider$1.class], URL [jar:file:/E:/1704A/repository/io/springfox/springfox-schema/2.7.0/springfox-schema-2.7.0.jar!/springfox/documentation/schema/property/FactoryMethodProvider.class], URL [jar:file:/E:/1704A/repository/io/springfox/springfox-schema/2.7.0/springfox-schema-2.7.0.jar!/springfox/documentation/schema/property/field/FieldModelProperty.class], URL [jar:file:/E:/1704A/repository/io/springfox/springfox-schema/2.7.0/springfox-schema-2.7.0.jar!/springfox/documentation/schema/property/field/FieldProvider.class], URL [jar:file:/E:/1704A/repository/io/springfox/springfox-schema/2.7.0/springfox-schema-2.7.0.jar!/springfox/documentation/schema/property/ModelPropertiesProvider.class], URL [jar:file:/E:/1704A/repository/io/springfox/springfox-schema/2.7.0/springfox-schema-2.7.0.jar!/springfox/documentation/schema/property/ModelProperty.class], URL [jar:file:/E:/1704A/repository/io/springfox/springfox-schema/2.7.0/springfox-schema-2.7.0.jar!/springfox/documentation/schema/property/ObjectMapperBeanPropertyNamingStrategy.class], URL [jar:file:/E:/1704A/repository/io/springfox/springfox-schema/2.7.0/springfox-schema-2.7.0.jar!/springfox/documentation/schema/property/OptimizedModelPropertiesProvider$1.class], URL [jar:file:/E:/1704A/repository/io/springfox/springfox-schema/2.7.0/springfox-schema-2.7.0.jar!/springfox/documentation/schema/property/OptimizedModelPropertiesProvider$2.class], URL [jar:file:/E:/1704A/repository/io/springfox/springfox-schema/2.7.0/springfox-schema-2.7.0.jar!/springfox/documentation/schema/property/OptimizedModelPropertiesProvider$3.class], URL [jar:file:/E:/1704A/repository/io/springfox/springfox-schema/2.7.0/springfox-schema-2.7.0.jar!/springfox/documentation/schema/property/OptimizedModelPropertiesProvider$4.class], URL [jar:file:/E:/1704A/repository/io/springfox/springfox-schema/2.7.0/springfox-schema-2.7.0.jar!/springfox/documentation/schema/property/OptimizedModelPropertiesProvider$5.class], URL [jar:file:/E:/1704A/repository/io/springfox/springfox-schema/2.7.0/springfox-schema-2.7.0.jar!/springfox/documentation/schema/property/OptimizedModelPropertiesProvider$6.class], URL [jar:file:/E:/1704A/repository/io/springfox/springfox-schema/2.7.0/springfox-schema-2.7.0.jar!/springfox/documentation/schema/property/OptimizedModelPropertiesProvider$7.class], URL [jar:file:/E:/1704A/repository/io/springfox/springfox-schema/2.7.0/springfox-schema-2.7.0.jar!/springfox/documentation/schema/property/OptimizedModelPropertiesProvider$8.class], URL [jar:file:/E:/1704A/repository/io/springfox/springfox-schema/2.7.0/springfox-schema-2.7.0.jar!/springfox/documentation/schema/property/OptimizedModelPropertiesProvider.class], URL [jar:file:/E:/1704A/repository/io/springfox/springfox-schema/2.7.0/springfox-schema-2.7.0.jar!/springfox/documentation/schema/property/PojoPropertyBuilderFactory.class], URL [jar:file:/E:/1704A/repository/io/springfox/springfox-schema/2.7.0/springfox-schema-2.7.0.jar!/springfox/documentation/schema/property/SimpleMethodSignatureEquality.class], URL [jar:file:/E:/1704A/repository/io/springfox/springfox-schema/2.7.0/springfox-schema-2.7.0.jar!/springfox/documentation/schema/ResolvedTypes$1.class], URL [jar:file:/E:/1704A/repository/io/springfox/springfox-schema/2.7.0/springfox-schema-2.7.0.jar!/springfox/documentation/schema/ResolvedTypes.class], URL [jar:file:/E:/1704A/repository/io/springfox/springfox-schema/2.7.0/springfox-schema-2.7.0.jar!/springfox/documentation/schema/TypeNameExtractor.class], URL [jar:file:/E:/1704A/repository/io/springfox/springfox-schema/2.7.0/springfox-schema-2.7.0.jar!/springfox/documentation/schema/Types.class]]
2020-03-09 20:45:21.256 [main] DEBUG o.s.c.a.ClassPathBeanDefinitionScanner - Identified candidate component class: URL [jar:file:/E:/1704A/repository/io/springfox/springfox-schema/2.7.0/springfox-schema-2.7.0.jar!/springfox/documentation/schema/CachingModelDependencyProvider.class]
2020-03-09 20:45:21.257 [main] DEBUG o.s.c.a.ClassPathBeanDefinitionScanner - Identified candidate component class: URL [jar:file:/E:/1704A/repository/io/springfox/springfox-schema/2.7.0/springfox-schema-2.7.0.jar!/springfox/documentation/schema/CachingModelProvider.class]
2020-03-09 20:45:21.264 [main] DEBUG o.s.c.a.ClassPathBeanDefinitionScanner - Identified candidate component class: URL [jar:file:/E:/1704A/repository/io/springfox/springfox-schema/2.7.0/springfox-schema-2.7.0.jar!/springfox/documentation/schema/DefaultModelDependencyProvider.class]
2020-03-09 20:45:21.265 [main] DEBUG o.s.c.a.ClassPathBeanDefinitionScanner - Identified candidate component class: URL [jar:file:/E:/1704A/repository/io/springfox/springfox-schema/2.7.0/springfox-schema-2.7.0.jar!/springfox/documentation/schema/DefaultModelProvider.class]
2020-03-09 20:45:21.270 [main] DEBUG o.s.c.a.ClassPathBeanDefinitionScanner - Identified candidate component class: URL [jar:file:/E:/1704A/repository/io/springfox/springfox-schema/2.7.0/springfox-schema-2.7.0.jar!/springfox/documentation/schema/plugins/SchemaPluginsManager.class]
2020-03-09 20:45:21.273 [main] DEBUG o.s.c.a.ClassPathBeanDefinitionScanner - Identified candidate component class: URL [jar:file:/E:/1704A/repository/io/springfox/springfox-schema/2.7.0/springfox-schema-2.7.0.jar!/springfox/documentation/schema/property/bean/AccessorsProvider.class]
2020-03-09 20:45:21.277 [main] DEBUG o.s.c.a.ClassPathBeanDefinitionScanner - Identified candidate component class: URL [jar:file:/E:/1704A/repository/io/springfox/springfox-schema/2.7.0/springfox-schema-2.7.0.jar!/springfox/documentation/schema/property/CachingModelPropertiesProvider.class]
2020-03-09 20:45:21.278 [main] DEBUG o.s.c.a.ClassPathBeanDefinitionScanner - Identified candidate component class: URL [jar:file:/E:/1704A/repository/io/springfox/springfox-schema/2.7.0/springfox-schema-2.7.0.jar!/springfox/documentation/schema/property/FactoryMethodProvider.class]
2020-03-09 20:45:21.280 [main] DEBUG o.s.c.a.ClassPathBeanDefinitionScanner - Identified candidate component class: URL [jar:file:/E:/1704A/repository/io/springfox/springfox-schema/2.7.0/springfox-schema-2.7.0.jar!/springfox/documentation/schema/property/field/FieldProvider.class]
2020-03-09 20:45:21.286 [main] DEBUG o.s.c.a.ClassPathBeanDefinitionScanner - Identified candidate component class: URL [jar:file:/E:/1704A/repository/io/springfox/springfox-schema/2.7.0/springfox-schema-2.7.0.jar!/springfox/documentation/schema/property/ObjectMapperBeanPropertyNamingStrategy.class]
2020-03-09 20:45:21.294 [main] DEBUG o.s.c.a.ClassPathBeanDefinitionScanner - Identified candidate component class: URL [jar:file:/E:/1704A/repository/io/springfox/springfox-schema/2.7.0/springfox-schema-2.7.0.jar!/springfox/documentation/schema/property/OptimizedModelPropertiesProvider.class]
2020-03-09 20:45:21.296 [main] DEBUG o.s.c.a.ClassPathBeanDefinitionScanner - Identified candidate component class: URL [jar:file:/E:/1704A/repository/io/springfox/springfox-schema/2.7.0/springfox-schema-2.7.0.jar!/springfox/documentation/schema/TypeNameExtractor.class]
2020-03-09 20:45:21.309 [main] DEBUG o.s.c.a.ClassPathBeanDefinitionScanner - JSR-250 'javax.annotation.ManagedBean' found and supported for component scanning
2020-03-09 20:45:21.309 [main] DEBUG o.s.c.a.ClassPathBeanDefinitionScanner - JSR-330 'javax.inject.Named' annotation found and supported for component scanning
2020-03-09 20:45:21.310 [main] DEBUG o.s.c.i.s.PathMatchingResourcePatternResolver - Resolved classpath location [springfox/documentation/swagger/schema/] to resources [URL [jar:file:/E:/1704A/repository/io/springfox/springfox-swagger-common/2.7.0/springfox-swagger-common-2.7.0.jar!/springfox/documentation/swagger/schema/]]
2020-03-09 20:45:21.310 [main] DEBUG o.s.c.i.s.PathMatchingResourcePatternResolver - Looking for matching resources in jar file [file:/E:/1704A/repository/io/springfox/springfox-swagger-common/2.7.0/springfox-swagger-common-2.7.0.jar]
2020-03-09 20:45:21.311 [main] DEBUG o.s.c.i.s.PathMatchingResourcePatternResolver - Resolved location pattern [classpath*:springfox/documentation/swagger/schema/**/*.class] to resources [URL [jar:file:/E:/1704A/repository/io/springfox/springfox-swagger-common/2.7.0/springfox-swagger-common-2.7.0.jar!/springfox/documentation/swagger/schema/ApiModelBuilder.class], URL [jar:file:/E:/1704A/repository/io/springfox/springfox-swagger-common/2.7.0/springfox-swagger-common-2.7.0.jar!/springfox/documentation/swagger/schema/ApiModelProperties$1.class], URL [jar:file:/E:/1704A/repository/io/springfox/springfox-swagger-common/2.7.0/springfox-swagger-common-2.7.0.jar!/springfox/documentation/swagger/schema/ApiModelProperties$2.class], URL [jar:file:/E:/1704A/repository/io/springfox/springfox-swagger-common/2.7.0/springfox-swagger-common-2.7.0.jar!/springfox/documentation/swagger/schema/ApiModelProperties$3.class], URL [jar:file:/E:/1704A/repository/io/springfox/springfox-swagger-common/2.7.0/springfox-swagger-common-2.7.0.jar!/springfox/documentation/swagger/schema/ApiModelProperties$4.class], URL [jar:file:/E:/1704A/repository/io/springfox/springfox-swagger-common/2.7.0/springfox-swagger-common-2.7.0.jar!/springfox/documentation/swagger/schema/ApiModelProperties$5.class], URL [jar:file:/E:/1704A/repository/io/springfox/springfox-swagger-common/2.7.0/springfox-swagger-common-2.7.0.jar!/springfox/documentation/swagger/schema/ApiModelProperties$6.class], URL [jar:file:/E:/1704A/repository/io/springfox/springfox-swagger-common/2.7.0/springfox-swagger-common-2.7.0.jar!/springfox/documentation/swagger/schema/ApiModelProperties$7.class], URL [jar:file:/E:/1704A/repository/io/springfox/springfox-swagger-common/2.7.0/springfox-swagger-common-2.7.0.jar!/springfox/documentation/swagger/schema/ApiModelProperties$8.class], URL [jar:file:/E:/1704A/repository/io/springfox/springfox-swagger-common/2.7.0/springfox-swagger-common-2.7.0.jar!/springfox/documentation/swagger/schema/ApiModelProperties.class], URL [jar:file:/E:/1704A/repository/io/springfox/springfox-swagger-common/2.7.0/springfox-swagger-common-2.7.0.jar!/springfox/documentation/swagger/schema/ApiModelPropertyPropertyBuilder.class], URL [jar:file:/E:/1704A/repository/io/springfox/springfox-swagger-common/2.7.0/springfox-swagger-common-2.7.0.jar!/springfox/documentation/swagger/schema/ApiModelTypeNameProvider.class]]
2020-03-09 20:45:21.312 [main] DEBUG o.s.c.a.ClassPathBeanDefinitionScanner - Identified candidate component class: URL [jar:file:/E:/1704A/repository/io/springfox/springfox-swagger-common/2.7.0/springfox-swagger-common-2.7.0.jar!/springfox/documentation/swagger/schema/ApiModelBuilder.class]
2020-03-09 20:45:21.315 [main] DEBUG o.s.c.a.ClassPathBeanDefinitionScanner - Identified candidate component class: URL [jar:file:/E:/1704A/repository/io/springfox/springfox-swagger-common/2.7.0/springfox-swagger-common-2.7.0.jar!/springfox/documentation/swagger/schema/ApiModelPropertyPropertyBuilder.class]
2020-03-09 20:45:21.316 [main] DEBUG o.s.c.a.ClassPathBeanDefinitionScanner - Identified candidate component class: URL [jar:file:/E:/1704A/repository/io/springfox/springfox-swagger-common/2.7.0/springfox-swagger-common-2.7.0.jar!/springfox/documentation/swagger/schema/ApiModelTypeNameProvider.class]
2020-03-09 20:45:21.316 [main] DEBUG o.s.c.i.s.PathMatchingResourcePatternResolver - Resolved classpath location [springfox/documentation/swagger/readers/] to resources [URL [jar:file:/E:/1704A/repository/io/springfox/springfox-swagger-common/2.7.0/springfox-swagger-common-2.7.0.jar!/springfox/documentation/swagger/readers/]]
2020-03-09 20:45:21.317 [main] DEBUG o.s.c.i.s.PathMatchingResourcePatternResolver - Looking for matching resources in jar file [file:/E:/1704A/repository/io/springfox/springfox-swagger-common/2.7.0/springfox-swagger-common-2.7.0.jar]
2020-03-09 20:45:21.318 [main] DEBUG o.s.c.i.s.PathMatchingResourcePatternResolver - Resolved location pattern [classpath*:springfox/documentation/swagger/readers/**/*.class] to resources [URL [jar:file:/E:/1704A/repository/io/springfox/springfox-swagger-common/2.7.0/springfox-swagger-common-2.7.0.jar!/springfox/documentation/swagger/readers/operation/OperationAuthReader.class], URL [jar:file:/E:/1704A/repository/io/springfox/springfox-swagger-common/2.7.0/springfox-swagger-common-2.7.0.jar!/springfox/documentation/swagger/readers/operation/OperationHiddenReader.class], URL [jar:file:/E:/1704A/repository/io/springfox/springfox-swagger-common/2.7.0/springfox-swagger-common-2.7.0.jar!/springfox/documentation/swagger/readers/operation/OperationHttpMethodReader.class], URL [jar:file:/E:/1704A/repository/io/springfox/springfox-swagger-common/2.7.0/springfox-swagger-common-2.7.0.jar!/springfox/documentation/swagger/readers/operation/OperationImplicitParameterReader.class], URL [jar:file:/E:/1704A/repository/io/springfox/springfox-swagger-common/2.7.0/springfox-swagger-common-2.7.0.jar!/springfox/documentation/swagger/readers/operation/OperationImplicitParametersReader.class], URL [jar:file:/E:/1704A/repository/io/springfox/springfox-swagger-common/2.7.0/springfox-swagger-common-2.7.0.jar!/springfox/documentation/swagger/readers/operation/OperationNicknameIntoUniqueIdReader.class], URL [jar:file:/E:/1704A/repository/io/springfox/springfox-swagger-common/2.7.0/springfox-swagger-common-2.7.0.jar!/springfox/documentation/swagger/readers/operation/OperationNotesReader.class], URL [jar:file:/E:/1704A/repository/io/springfox/springfox-swagger-common/2.7.0/springfox-swagger-common-2.7.0.jar!/springfox/documentation/swagger/readers/operation/OperationPositionReader.class], URL [jar:file:/E:/1704A/repository/io/springfox/springfox-swagger-common/2.7.0/springfox-swagger-common-2.7.0.jar!/springfox/documentation/swagger/readers/operation/OperationSummaryReader.class], URL [jar:file:/E:/1704A/repository/io/springfox/springfox-swagger-common/2.7.0/springfox-swagger-common-2.7.0.jar!/springfox/documentation/swagger/readers/operation/ResponseHeaders$1.class], URL [jar:file:/E:/1704A/repository/io/springfox/springfox-swagger-common/2.7.0/springfox-swagger-common-2.7.0.jar!/springfox/documentation/swagger/readers/operation/ResponseHeaders$2.class], URL [jar:file:/E:/1704A/repository/io/springfox/springfox-swagger-common/2.7.0/springfox-swagger-common-2.7.0.jar!/springfox/documentation/swagger/readers/operation/ResponseHeaders.class], URL [jar:file:/E:/1704A/repository/io/springfox/springfox-swagger-common/2.7.0/springfox-swagger-common-2.7.0.jar!/springfox/documentation/swagger/readers/operation/SwaggerMediaTypeReader.class], URL [jar:file:/E:/1704A/repository/io/springfox/springfox-swagger-common/2.7.0/springfox-swagger-common-2.7.0.jar!/springfox/documentation/swagger/readers/operation/SwaggerOperationModelsProvider$1.class], URL [jar:file:/E:/1704A/repository/io/springfox/springfox-swagger-common/2.7.0/springfox-swagger-common-2.7.0.jar!/springfox/documentation/swagger/readers/operation/SwaggerOperationModelsProvider.class], URL [jar:file:/E:/1704A/repository/io/springfox/springfox-swagger-common/2.7.0/springfox-swagger-common-2.7.0.jar!/springfox/documentation/swagger/readers/operation/SwaggerOperationResponseClassReader.class], URL [jar:file:/E:/1704A/repository/io/springfox/springfox-swagger-common/2.7.0/springfox-swagger-common-2.7.0.jar!/springfox/documentation/swagger/readers/operation/SwaggerOperationTagsReader$1.class], URL [jar:file:/E:/1704A/repository/io/springfox/springfox-swagger-common/2.7.0/springfox-swagger-common-2.7.0.jar!/springfox/documentation/swagger/readers/operation/SwaggerOperationTagsReader$2.class], URL [jar:file:/E:/1704A/repository/io/springfox/springfox-swagger-common/2.7.0/springfox-swagger-common-2.7.0.jar!/springfox/documentation/swagger/readers/operation/SwaggerOperationTagsReader.class], URL [jar:file:/E:/1704A/repository/io/springfox/springfox-swagger-common/2.7.0/springfox-swagger-common-2.7.0.jar!/springfox/documentation/swagger/readers/operation/SwaggerResponseMessageReader.class], URL [jar:file:/E:/1704A/repository/io/springfox/springfox-swagger-common/2.7.0/springfox-swagger-common-2.7.0.jar!/springfox/documentation/swagger/readers/operation/VendorExtensionsReader$1.class], URL [jar:file:/E:/1704A/repository/io/springfox/springfox-swagger-common/2.7.0/springfox-swagger-common-2.7.0.jar!/springfox/documentation/swagger/readers/operation/VendorExtensionsReader$2.class], URL [jar:file:/E:/1704A/repository/io/springfox/springfox-swagger-common/2.7.0/springfox-swagger-common-2.7.0.jar!/springfox/documentation/swagger/readers/operation/VendorExtensionsReader.class], URL [jar:file:/E:/1704A/repository/io/springfox/springfox-swagger-common/2.7.0/springfox-swagger-common-2.7.0.jar!/springfox/documentation/swagger/readers/parameter/ApiParamParameterBuilder$1.class], URL [jar:file:/E:/1704A/repository/io/springfox/springfox-swagger-common/2.7.0/springfox-swagger-common-2.7.0.jar!/springfox/documentation/swagger/readers/parameter/ApiParamParameterBuilder.class], URL [jar:file:/E:/1704A/repository/io/springfox/springfox-swagger-common/2.7.0/springfox-swagger-common-2.7.0.jar!/springfox/documentation/swagger/readers/parameter/ParameterAnnotationReader$1.class], URL [jar:file:/E:/1704A/repository/io/springfox/springfox-swagger-common/2.7.0/springfox-swagger-common-2.7.0.jar!/springfox/documentation/swagger/readers/parameter/ParameterAnnotationReader.class], URL [jar:file:/E:/1704A/repository/io/springfox/springfox-swagger-common/2.7.0/springfox-swagger-common-2.7.0.jar!/springfox/documentation/swagger/readers/parameter/SwaggerExpandedParameterBuilder$1.class], URL [jar:file:/E:/1704A/repository/io/springfox/springfox-swagger-common/2.7.0/springfox-swagger-common-2.7.0.jar!/springfox/documentation/swagger/readers/parameter/SwaggerExpandedParameterBuilder.class]]
2020-03-09 20:45:21.320 [main] DEBUG o.s.c.a.ClassPathBeanDefinitionScanner - Identified candidate component class: URL [jar:file:/E:/1704A/repository/io/springfox/springfox-swagger-common/2.7.0/springfox-swagger-common-2.7.0.jar!/springfox/documentation/swagger/readers/operation/OperationAuthReader.class]
2020-03-09 20:45:21.321 [main] DEBUG o.s.c.a.ClassPathBeanDefinitionScanner - Identified candidate component class: URL [jar:file:/E:/1704A/repository/io/springfox/springfox-swagger-common/2.7.0/springfox-swagger-common-2.7.0.jar!/springfox/documentation/swagger/readers/operation/OperationHiddenReader.class]
2020-03-09 20:45:21.322 [main] DEBUG o.s.c.a.ClassPathBeanDefinitionScanner - Identified candidate component class: URL [jar:file:/E:/1704A/repository/io/springfox/springfox-swagger-common/2.7.0/springfox-swagger-common-2.7.0.jar!/springfox/documentation/swagger/readers/operation/OperationHttpMethodReader.class]
2020-03-09 20:45:21.322 [main] DEBUG o.s.c.a.ClassPathBeanDefinitionScanner - Identified candidate component class: URL [jar:file:/E:/1704A/repository/io/springfox/springfox-swagger-common/2.7.0/springfox-swagger-common-2.7.0.jar!/springfox/documentation/swagger/readers/operation/OperationImplicitParameterReader.class]
2020-03-09 20:45:21.323 [main] DEBUG o.s.c.a.ClassPathBeanDefinitionScanner - Identified candidate component class: URL [jar:file:/E:/1704A/repository/io/springfox/springfox-swagger-common/2.7.0/springfox-swagger-common-2.7.0.jar!/springfox/documentation/swagger/readers/operation/OperationImplicitParametersReader.class]
2020-03-09 20:45:21.324 [main] DEBUG o.s.c.a.ClassPathBeanDefinitionScanner - Identified candidate component class: URL [jar:file:/E:/1704A/repository/io/springfox/springfox-swagger-common/2.7.0/springfox-swagger-common-2.7.0.jar!/springfox/documentation/swagger/readers/operation/OperationNicknameIntoUniqueIdReader.class]
2020-03-09 20:45:21.325 [main] DEBUG o.s.c.a.ClassPathBeanDefinitionScanner - Identified candidate component class: URL [jar:file:/E:/1704A/repository/io/springfox/springfox-swagger-common/2.7.0/springfox-swagger-common-2.7.0.jar!/springfox/documentation/swagger/readers/operation/OperationNotesReader.class]
2020-03-09 20:45:21.326 [main] DEBUG o.s.c.a.ClassPathBeanDefinitionScanner - Identified candidate component class: URL [jar:file:/E:/1704A/repository/io/springfox/springfox-swagger-common/2.7.0/springfox-swagger-common-2.7.0.jar!/springfox/documentation/swagger/readers/operation/OperationPositionReader.class]
2020-03-09 20:45:21.327 [main] DEBUG o.s.c.a.ClassPathBeanDefinitionScanner - Identified candidate component class: URL [jar:file:/E:/1704A/repository/io/springfox/springfox-swagger-common/2.7.0/springfox-swagger-common-2.7.0.jar!/springfox/documentation/swagger/readers/operation/OperationSummaryReader.class]
2020-03-09 20:45:21.329 [main] DEBUG o.s.c.a.ClassPathBeanDefinitionScanner - Identified candidate component class: URL [jar:file:/E:/1704A/repository/io/springfox/springfox-swagger-common/2.7.0/springfox-swagger-common-2.7.0.jar!/springfox/documentation/swagger/readers/operation/SwaggerMediaTypeReader.class]
2020-03-09 20:45:21.331 [main] DEBUG o.s.c.a.ClassPathBeanDefinitionScanner - Identified candidate component class: URL [jar:file:/E:/1704A/repository/io/springfox/springfox-swagger-common/2.7.0/springfox-swagger-common-2.7.0.jar!/springfox/documentation/swagger/readers/operation/SwaggerOperationModelsProvider.class]
2020-03-09 20:45:21.331 [main] DEBUG o.s.c.a.ClassPathBeanDefinitionScanner - Identified candidate component class: URL [jar:file:/E:/1704A/repository/io/springfox/springfox-swagger-common/2.7.0/springfox-swagger-common-2.7.0.jar!/springfox/documentation/swagger/readers/operation/SwaggerOperationResponseClassReader.class]
2020-03-09 20:45:21.333 [main] DEBUG o.s.c.a.ClassPathBeanDefinitionScanner - Identified candidate component class: URL [jar:file:/E:/1704A/repository/io/springfox/springfox-swagger-common/2.7.0/springfox-swagger-common-2.7.0.jar!/springfox/documentation/swagger/readers/operation/SwaggerOperationTagsReader.class]
2020-03-09 20:45:21.333 [main] DEBUG o.s.c.a.ClassPathBeanDefinitionScanner - Identified candidate component class: URL [jar:file:/E:/1704A/repository/io/springfox/springfox-swagger-common/2.7.0/springfox-swagger-common-2.7.0.jar!/springfox/documentation/swagger/readers/operation/SwaggerResponseMessageReader.class]
2020-03-09 20:45:21.335 [main] DEBUG o.s.c.a.ClassPathBeanDefinitionScanner - Identified candidate component class: URL [jar:file:/E:/1704A/repository/io/springfox/springfox-swagger-common/2.7.0/springfox-swagger-common-2.7.0.jar!/springfox/documentation/swagger/readers/operation/VendorExtensionsReader.class]
2020-03-09 20:45:21.337 [main] DEBUG o.s.c.a.ClassPathBeanDefinitionScanner - Identified candidate component class: URL [jar:file:/E:/1704A/repository/io/springfox/springfox-swagger-common/2.7.0/springfox-swagger-common-2.7.0.jar!/springfox/documentation/swagger/readers/parameter/ApiParamParameterBuilder.class]
2020-03-09 20:45:21.339 [main] DEBUG o.s.c.a.ClassPathBeanDefinitionScanner - Identified candidate component class: URL [jar:file:/E:/1704A/repository/io/springfox/springfox-swagger-common/2.7.0/springfox-swagger-common-2.7.0.jar!/springfox/documentation/swagger/readers/parameter/SwaggerExpandedParameterBuilder.class]
2020-03-09 20:45:21.340 [main] DEBUG o.s.c.i.s.PathMatchingResourcePatternResolver - Resolved classpath location [springfox/documentation/swagger/web/] to resources [URL [jar:file:/E:/1704A/repository/io/springfox/springfox-swagger-common/2.7.0/springfox-swagger-common-2.7.0.jar!/springfox/documentation/swagger/web/]]
2020-03-09 20:45:21.341 [main] DEBUG o.s.c.i.s.PathMatchingResourcePatternResolver - Looking for matching resources in jar file [file:/E:/1704A/repository/io/springfox/springfox-swagger-common/2.7.0/springfox-swagger-common-2.7.0.jar]
2020-03-09 20:45:21.343 [main] DEBUG o.s.c.i.s.PathMatchingResourcePatternResolver - Resolved location pattern [classpath*:springfox/documentation/swagger/web/**/*.class] to resources [URL [jar:file:/E:/1704A/repository/io/springfox/springfox-swagger-common/2.7.0/springfox-swagger-common-2.7.0.jar!/springfox/documentation/swagger/web/ApiKeyVehicle.class], URL [jar:file:/E:/1704A/repository/io/springfox/springfox-swagger-common/2.7.0/springfox-swagger-common-2.7.0.jar!/springfox/documentation/swagger/web/ApiResourceController.class], URL [jar:file:/E:/1704A/repository/io/springfox/springfox-swagger-common/2.7.0/springfox-swagger-common-2.7.0.jar!/springfox/documentation/swagger/web/ClassOrApiAnnotationResourceGrouping$1.class], URL [jar:file:/E:/1704A/repository/io/springfox/springfox-swagger-common/2.7.0/springfox-swagger-common-2.7.0.jar!/springfox/documentation/swagger/web/ClassOrApiAnnotationResourceGrouping$2.class], URL [jar:file:/E:/1704A/repository/io/springfox/springfox-swagger-common/2.7.0/springfox-swagger-common-2.7.0.jar!/springfox/documentation/swagger/web/ClassOrApiAnnotationResourceGrouping$3.class], URL [jar:file:/E:/1704A/repository/io/springfox/springfox-swagger-common/2.7.0/springfox-swagger-common-2.7.0.jar!/springfox/documentation/swagger/web/ClassOrApiAnnotationResourceGrouping$4.class], URL [jar:file:/E:/1704A/repository/io/springfox/springfox-swagger-common/2.7.0/springfox-swagger-common-2.7.0.jar!/springfox/documentation/swagger/web/ClassOrApiAnnotationResourceGrouping$5.class], URL [jar:file:/E:/1704A/repository/io/springfox/springfox-swagger-common/2.7.0/springfox-swagger-common-2.7.0.jar!/springfox/documentation/swagger/web/ClassOrApiAnnotationResourceGrouping.class], URL [jar:file:/E:/1704A/repository/io/springfox/springfox-swagger-common/2.7.0/springfox-swagger-common-2.7.0.jar!/springfox/documentation/swagger/web/InMemorySwaggerResourcesProvider.class], URL [jar:file:/E:/1704A/repository/io/springfox/springfox-swagger-common/2.7.0/springfox-swagger-common-2.7.0.jar!/springfox/documentation/swagger/web/SecurityConfiguration.class], URL [jar:file:/E:/1704A/repository/io/springfox/springfox-swagger-common/2.7.0/springfox-swagger-common-2.7.0.jar!/springfox/documentation/swagger/web/SwaggerApiListingReader$1.class], URL [jar:file:/E:/1704A/repository/io/springfox/springfox-swagger-common/2.7.0/springfox-swagger-common-2.7.0.jar!/springfox/documentation/swagger/web/SwaggerApiListingReader$2.class], URL [jar:file:/E:/1704A/repository/io/springfox/springfox-swagger-common/2.7.0/springfox-swagger-common-2.7.0.jar!/springfox/documentation/swagger/web/SwaggerApiListingReader.class], URL [jar:file:/E:/1704A/repository/io/springfox/springfox-swagger-common/2.7.0/springfox-swagger-common-2.7.0.jar!/springfox/documentation/swagger/web/SwaggerResource.class], URL [jar:file:/E:/1704A/repository/io/springfox/springfox-swagger-common/2.7.0/springfox-swagger-common-2.7.0.jar!/springfox/documentation/swagger/web/SwaggerResourcesProvider.class], URL [jar:file:/E:/1704A/repository/io/springfox/springfox-swagger-common/2.7.0/springfox-swagger-common-2.7.0.jar!/springfox/documentation/swagger/web/UiConfiguration$Constants.class], URL [jar:file:/E:/1704A/repository/io/springfox/springfox-swagger-common/2.7.0/springfox-swagger-common-2.7.0.jar!/springfox/documentation/swagger/web/UiConfiguration.class]]
2020-03-09 20:45:21.344 [main] DEBUG o.s.c.a.ClassPathBeanDefinitionScanner - Identified candidate component class: URL [jar:file:/E:/1704A/repository/io/springfox/springfox-swagger-common/2.7.0/springfox-swagger-common-2.7.0.jar!/springfox/documentation/swagger/web/ApiResourceController.class]
2020-03-09 20:45:21.347 [main] DEBUG o.s.c.a.ClassPathBeanDefinitionScanner - Identified candidate component class: URL [jar:file:/E:/1704A/repository/io/springfox/springfox-swagger-common/2.7.0/springfox-swagger-common-2.7.0.jar!/springfox/documentation/swagger/web/ClassOrApiAnnotationResourceGrouping.class]
2020-03-09 20:45:21.348 [main] DEBUG o.s.c.a.ClassPathBeanDefinitionScanner - Identified candidate component class: URL [jar:file:/E:/1704A/repository/io/springfox/springfox-swagger-common/2.7.0/springfox-swagger-common-2.7.0.jar!/springfox/documentation/swagger/web/InMemorySwaggerResourcesProvider.class]
2020-03-09 20:45:21.357 [main] DEBUG o.s.c.a.ClassPathBeanDefinitionScanner - Identified candidate component class: URL [jar:file:/E:/1704A/repository/io/springfox/springfox-swagger-common/2.7.0/springfox-swagger-common-2.7.0.jar!/springfox/documentation/swagger/web/SwaggerApiListingReader.class]
2020-03-09 20:45:21.394 [main] DEBUG o.s.c.a.ClassPathBeanDefinitionScanner - JSR-250 'javax.annotation.ManagedBean' found and supported for component scanning
2020-03-09 20:45:21.395 [main] DEBUG o.s.c.a.ClassPathBeanDefinitionScanner - JSR-330 'javax.inject.Named' annotation found and supported for component scanning
2020-03-09 20:45:21.396 [main] DEBUG o.s.c.i.s.PathMatchingResourcePatternResolver - Resolved classpath location [com/ningmeng/manage_course/] to resources [URL [file:/E:/1704A/hdServiceCode/nm-service-manage-course/target/test-classes/com/ningmeng/manage_course/], URL [file:/E:/1704A/hdServiceCode/nm-service-manage-course/target/classes/com/ningmeng/manage_course/]]
2020-03-09 20:45:21.396 [main] DEBUG o.s.c.i.s.PathMatchingResourcePatternResolver - Looking for matching resources in directory tree [E:\1704A\hdServiceCode\nm-service-manage-course\target\test-classes\com\ningmeng\manage_course]
2020-03-09 20:45:21.396 [main] DEBUG o.s.c.i.s.PathMatchingResourcePatternResolver - Searching directory [E:\1704A\hdServiceCode\nm-service-manage-course\target\test-classes\com\ningmeng\manage_course] for files matching pattern [E:/1704A/hdServiceCode/nm-service-manage-course/target/test-classes/com/ningmeng/manage_course/**/*.class]
2020-03-09 20:45:21.396 [main] DEBUG o.s.c.i.s.PathMatchingResourcePatternResolver - Searching directory [E:\1704A\hdServiceCode\nm-service-manage-course\target\test-classes\com\ningmeng\manage_course\dao] for files matching pattern [E:/1704A/hdServiceCode/nm-service-manage-course/target/test-classes/com/ningmeng/manage_course/**/*.class]
2020-03-09 20:45:21.397 [main] DEBUG o.s.c.i.s.PathMatchingResourcePatternResolver - Looking for matching resources in directory tree [E:\1704A\hdServiceCode\nm-service-manage-course\target\classes\com\ningmeng\manage_course]
2020-03-09 20:45:21.397 [main] DEBUG o.s.c.i.s.PathMatchingResourcePatternResolver - Searching directory [E:\1704A\hdServiceCode\nm-service-manage-course\target\classes\com\ningmeng\manage_course] for files matching pattern [E:/1704A/hdServiceCode/nm-service-manage-course/target/classes/com/ningmeng/manage_course/**/*.class]
2020-03-09 20:45:21.398 [main] DEBUG o.s.c.i.s.PathMatchingResourcePatternResolver - Searching directory [E:\1704A\hdServiceCode\nm-service-manage-course\target\classes\com\ningmeng\manage_course\client] for files matching pattern [E:/1704A/hdServiceCode/nm-service-manage-course/target/classes/com/ningmeng/manage_course/**/*.class]
2020-03-09 20:45:21.399 [main] DEBUG o.s.c.i.s.PathMatchingResourcePatternResolver - Searching directory [E:\1704A\hdServiceCode\nm-service-manage-course\target\classes\com\ningmeng\manage_course\controller] for files matching pattern [E:/1704A/hdServiceCode/nm-service-manage-course/target/classes/com/ningmeng/manage_course/**/*.class]
2020-03-09 20:45:21.399 [main] DEBUG o.s.c.i.s.PathMatchingResourcePatternResolver - Searching directory [E:\1704A\hdServiceCode\nm-service-manage-course\target\classes\com\ningmeng\manage_course\dao] for files matching pattern [E:/1704A/hdServiceCode/nm-service-manage-course/target/classes/com/ningmeng/manage_course/**/*.class]
2020-03-09 20:45:21.400 [main] DEBUG o.s.c.i.s.PathMatchingResourcePatternResolver - Searching directory [E:\1704A\hdServiceCode\nm-service-manage-course\target\classes\com\ningmeng\manage_course\service] for files matching pattern [E:/1704A/hdServiceCode/nm-service-manage-course/target/classes/com/ningmeng/manage_course/**/*.class]
2020-03-09 20:45:21.402 [main] DEBUG o.s.c.i.s.PathMatchingResourcePatternResolver - Resolved location pattern [classpath*:com/ningmeng/manage_course/**/*.class] to resources [file [E:\1704A\hdServiceCode\nm-service-manage-course\target\test-classes\com\ningmeng\manage_course\dao\FeignTest.class], file [E:\1704A\hdServiceCode\nm-service-manage-course\target\test-classes\com\ningmeng\manage_course\dao\TestDao.class], file [E:\1704A\hdServiceCode\nm-service-manage-course\target\test-classes\com\ningmeng\manage_course\dao\Tests.class], file [E:\1704A\hdServiceCode\nm-service-manage-course\target\classes\com\ningmeng\manage_course\client\CmsPageClient.class], file [E:\1704A\hdServiceCode\nm-service-manage-course\target\classes\com\ningmeng\manage_course\controller\CourseController.class], file [E:\1704A\hdServiceCode\nm-service-manage-course\target\classes\com\ningmeng\manage_course\controller\SysDicthinaryController.class], file [E:\1704A\hdServiceCode\nm-service-manage-course\target\classes\com\ningmeng\manage_course\dao\CategoryMapper.class], file [E:\1704A\hdServiceCode\nm-service-manage-course\target\classes\com\ningmeng\manage_course\dao\CourseBaseRepository.class], file [E:\1704A\hdServiceCode\nm-service-manage-course\target\classes\com\ningmeng\manage_course\dao\CourseMapper.class], file [E:\1704A\hdServiceCode\nm-service-manage-course\target\classes\com\ningmeng\manage_course\dao\CourseMarketMapper.class], file [E:\1704A\hdServiceCode\nm-service-manage-course\target\classes\com\ningmeng\manage_course\dao\CourseMarketRepository.class], file [E:\1704A\hdServiceCode\nm-service-manage-course\target\classes\com\ningmeng\manage_course\dao\CoursePicRepository.class], file [E:\1704A\hdServiceCode\nm-service-manage-course\target\classes\com\ningmeng\manage_course\dao\CoursePubRepository.class], file [E:\1704A\hdServiceCode\nm-service-manage-course\target\classes\com\ningmeng\manage_course\dao\SysDictionaryRepository.class], file [E:\1704A\hdServiceCode\nm-service-manage-course\target\classes\com\ningmeng\manage_course\dao\TeachplanMapper.class], file [E:\1704A\hdServiceCode\nm-service-manage-course\target\classes\com\ningmeng\manage_course\dao\TeachplanMediaPubRepository.class], file [E:\1704A\hdServiceCode\nm-service-manage-course\target\classes\com\ningmeng\manage_course\dao\TeachplanMediaRepository.class], file [E:\1704A\hdServiceCode\nm-service-manage-course\target\classes\com\ningmeng\manage_course\dao\TeachplanRepository.class], file [E:\1704A\hdServiceCode\nm-service-manage-course\target\classes\com\ningmeng\manage_course\ManageCourseApplication.class], file [E:\1704A\hdServiceCode\nm-service-manage-course\target\classes\com\ningmeng\manage_course\service\CourseService.class], file [E:\1704A\hdServiceCode\nm-service-manage-course\target\classes\com\ningmeng\manage_course\service\SysDicthinaryService.class]]
2020-03-09 20:45:21.403 [main] DEBUG o.s.c.a.ClassPathBeanDefinitionScanner - Identified candidate component class: file [E:\1704A\hdServiceCode\nm-service-manage-course\target\classes\com\ningmeng\manage_course\controller\CourseController.class]
2020-03-09 20:45:21.404 [main] DEBUG o.s.c.a.ClassPathBeanDefinitionScanner - Identified candidate component class: file [E:\1704A\hdServiceCode\nm-service-manage-course\target\classes\com\ningmeng\manage_course\controller\SysDicthinaryController.class]
2020-03-09 20:45:21.404 [main] DEBUG o.s.c.a.ClassPathBeanDefinitionScanner - Identified candidate component class: file [E:\1704A\hdServiceCode\nm-service-manage-course\target\classes\com\ningmeng\manage_course\service\CourseService.class]
2020-03-09 20:45:21.404 [main] DEBUG o.s.c.a.ClassPathBeanDefinitionScanner - Identified candidate component class: file [E:\1704A\hdServiceCode\nm-service-manage-course\target\classes\com\ningmeng\manage_course\service\SysDicthinaryService.class]
2020-03-09 20:45:21.405 [main] DEBUG o.s.c.a.ClassPathBeanDefinitionScanner - JSR-250 'javax.annotation.ManagedBean' found and supported for component scanning
2020-03-09 20:45:21.405 [main] DEBUG o.s.c.a.ClassPathBeanDefinitionScanner - JSR-330 'javax.inject.Named' annotation found and supported for component scanning
2020-03-09 20:45:21.406 [main] DEBUG o.s.c.i.s.PathMatchingResourcePatternResolver - Resolved classpath location [com/ningmeng/framework/] to resources [URL [jar:file:/E:/1704A/hdServiceCode/nm-framework-model/target/nm-framework-model.jar!/com/ningmeng/framework/], URL [jar:file:/E:/1704A/hdServiceCode/nm-framework-utils/target/nm-framework-utils.jar!/com/ningmeng/framework/], URL [jar:file:/E:/1704A/hdServiceCode/nm-framework-common/target/nm-framework-common.jar!/com/ningmeng/framework/]]
2020-03-09 20:45:21.407 [main] DEBUG o.s.c.i.s.PathMatchingResourcePatternResolver - Looking for matching resources in jar file [file:/E:/1704A/hdServiceCode/nm-framework-model/target/nm-framework-model.jar]
2020-03-09 20:45:21.409 [main] DEBUG o.s.c.i.s.PathMatchingResourcePatternResolver - Looking for matching resources in jar file [file:/E:/1704A/hdServiceCode/nm-framework-utils/target/nm-framework-utils.jar]
2020-03-09 20:45:21.410 [main] DEBUG o.s.c.i.s.PathMatchingResourcePatternResolver - Looking for matching resources in jar file [file:/E:/1704A/hdServiceCode/nm-framework-common/target/nm-framework-common.jar]
2020-03-09 20:45:21.411 [main] DEBUG o.s.c.i.s.PathMatchingResourcePatternResolver - Resolved location pattern [classpath*:com/ningmeng/framework/**/*.class] to resources [URL [jar:file:/E:/1704A/hdServiceCode/nm-framework-model/target/nm-framework-model.jar!/com/ningmeng/framework/domain/cms/CmsConfig.class], URL [jar:file:/E:/1704A/hdServiceCode/nm-framework-model/target/nm-framework-model.jar!/com/ningmeng/framework/domain/cms/ext/CmsTemplateExt.class], URL [jar:file:/E:/1704A/hdServiceCode/nm-framework-model/target/nm-framework-model.jar!/com/ningmeng/framework/domain/cms/response/CmsPageResult.class], URL [jar:file:/E:/1704A/hdServiceCode/nm-framework-model/target/nm-framework-model.jar!/com/ningmeng/framework/domain/course/CourseOff.class], URL [jar:file:/E:/1704A/hdServiceCode/nm-framework-model/target/nm-framework-model.jar!/com/ningmeng/framework/domain/course/request/CourseListRequest.class], URL [jar:file:/E:/1704A/hdServiceCode/nm-framework-model/target/nm-framework-model.jar!/com/ningmeng/framework/domain/course/TeachplanMedia.class], URL [jar:file:/E:/1704A/hdServiceCode/nm-framework-model/target/nm-framework-model.jar!/com/ningmeng/framework/domain/learning/XcLearningCourse.class], URL [jar:file:/E:/1704A/hdServiceCode/nm-framework-model/target/nm-framework-model.jar!/com/ningmeng/framework/domain/media/response/CheckChunkResult.class], URL [jar:file:/E:/1704A/hdServiceCode/nm-framework-model/target/nm-framework-model.jar!/com/ningmeng/framework/domain/order/request/CreateOrderRequest.class], URL [jar:file:/E:/1704A/hdServiceCode/nm-framework-model/target/nm-framework-model.jar!/com/ningmeng/framework/domain/order/XcOrdersDetail.class], URL [jar:file:/E:/1704A/hdServiceCode/nm-framework-model/target/nm-framework-model.jar!/com/ningmeng/framework/domain/system/SysDictionary.class], URL [jar:file:/E:/1704A/hdServiceCode/nm-framework-model/target/nm-framework-model.jar!/com/ningmeng/framework/domain/ucenter/ext/NmUserExt.class], URL [jar:file:/E:/1704A/hdServiceCode/nm-framework-model/target/nm-framework-model.jar!/com/ningmeng/framework/domain/ucenter/NmPermission.class], URL [jar:file:/E:/1704A/hdServiceCode/nm-framework-model/target/nm-framework-model.jar!/com/ningmeng/framework/domain/ucenter/response/AuthCode.class], URL [jar:file:/E:/1704A/hdServiceCode/nm-framework-model/target/nm-framework-model.jar!/com/ningmeng/framework/domain/cms/CmsConfigModel.class], URL [jar:file:/E:/1704A/hdServiceCode/nm-framework-model/target/nm-framework-model.jar!/com/ningmeng/framework/domain/cms/request/QueryPageRequest.class], URL [jar:file:/E:/1704A/hdServiceCode/nm-framework-model/target/nm-framework-model.jar!/com/ningmeng/framework/domain/cms/response/CoursePreviewResult.class], URL [jar:file:/E:/1704A/hdServiceCode/nm-framework-model/target/nm-framework-model.jar!/com/ningmeng/framework/domain/course/CoursePre.class], URL [jar:file:/E:/1704A/hdServiceCode/nm-framework-model/target/nm-framework-model.jar!/com/ningmeng/framework/domain/course/response/CourseView.class], URL [jar:file:/E:/1704A/hdServiceCode/nm-framework-model/target/nm-framework-model.jar!/com/ningmeng/framework/domain/filesystem/response/UploadFileResult.class], URL [jar:file:/E:/1704A/hdServiceCode/nm-framework-model/target/nm-framework-model.jar!/com/ningmeng/framework/domain/media/request/QueryMediaFileRequest.class], URL [jar:file:/E:/1704A/hdServiceCode/nm-framework-model/target/nm-framework-model.jar!/com/ningmeng/framework/domain/media/response/MediaFileResult.class], URL [jar:file:/E:/1704A/hdServiceCode/nm-framework-model/target/nm-framework-model.jar!/com/ningmeng/framework/domain/order/response/PayOrderResult.class], URL [jar:file:/E:/1704A/hdServiceCode/nm-framework-model/target/nm-framework-model.jar!/com/ningmeng/framework/domain/portalview/response/PortalViewCode.class], URL [jar:file:/E:/1704A/hdServiceCode/nm-framework-model/target/nm-framework-model.jar!/com/ningmeng/framework/domain/system/SysDictionaryValue.class], URL [jar:file:/E:/1704A/hdServiceCode/nm-framework-model/target/nm-framework-model.jar!/com/ningmeng/framework/domain/ucenter/NmRole.class], URL [jar:file:/E:/1704A/hdServiceCode/nm-framework-model/target/nm-framework-model.jar!/com/ningmeng/framework/domain/ucenter/response/JwtResult.class], URL [jar:file:/E:/1704A/hdServiceCode/nm-framework-model/target/nm-framework-model.jar!/com/ningmeng/framework/domain/cms/CmsPage.class], URL [jar:file:/E:/1704A/hdServiceCode/nm-framework-model/target/nm-framework-model.jar!/com/ningmeng/framework/domain/cms/response/CmsPostPageResult.class], URL [jar:file:/E:/1704A/hdServiceCode/nm-framework-model/target/nm-framework-model.jar!/com/ningmeng/framework/domain/course/CoursePic.class], URL [jar:file:/E:/1704A/hdServiceCode/nm-framework-model/target/nm-framework-model.jar!/com/ningmeng/framework/domain/course/ext/TeachplanNode.class], URL [jar:file:/E:/1704A/hdServiceCode/nm-framework-model/target/nm-framework-model.jar!/com/ningmeng/framework/domain/course/Teachplan.class], URL [jar:file:/E:/1704A/hdServiceCode/nm-framework-model/target/nm-framework-model.jar!/com/ningmeng/framework/domain/learning/XcLearningList.class], URL [jar:file:/E:/1704A/hdServiceCode/nm-framework-model/target/nm-framework-model.jar!/com/ningmeng/framework/domain/media/response/MediaCourseResult.class], URL [jar:file:/E:/1704A/hdServiceCode/nm-framework-model/target/nm-framework-model.jar!/com/ningmeng/framework/domain/order/response/CreateOrderResult.class], URL [jar:file:/E:/1704A/hdServiceCode/nm-framework-model/target/nm-framework-model.jar!/com/ningmeng/framework/domain/order/XcOrders.class], URL [jar:file:/E:/1704A/hdServiceCode/nm-framework-model/target/nm-framework-model.jar!/com/ningmeng/framework/domain/portalview/ViewCourse.class], URL [jar:file:/E:/1704A/hdServiceCode/nm-framework-model/target/nm-framework-model.jar!/com/ningmeng/framework/domain/task/XcTaskHis.class], URL [jar:file:/E:/1704A/hdServiceCode/nm-framework-model/target/nm-framework-model.jar!/com/ningmeng/framework/domain/ucenter/NmMenu.class], URL [jar:file:/E:/1704A/hdServiceCode/nm-framework-model/target/nm-framework-model.jar!/com/ningmeng/framework/domain/ucenter/response/LoginResult.class], URL [jar:file:/E:/1704A/hdServiceCode/nm-framework-model/target/nm-framework-model.jar!/com/ningmeng/framework/domain/cms/ext/CmsPageExt.class], URL [jar:file:/E:/1704A/hdServiceCode/nm-framework-model/target/nm-framework-model.jar!/com/ningmeng/framework/domain/cms/response/CmsCode.class], URL [jar:file:/E:/1704A/hdServiceCode/nm-framework-model/target/nm-framework-model.jar!/com/ningmeng/framework/domain/course/CourseMarket.class], URL [jar:file:/E:/1704A/hdServiceCode/nm-framework-model/target/nm-framework-model.jar!/com/ningmeng/framework/domain/course/ext/CourseInfo.class], URL [jar:file:/E:/1704A/hdServiceCode/nm-framework-model/target/nm-framework-model.jar!/com/ningmeng/framework/domain/course/response/CourseCode.class], URL [jar:file:/E:/1704A/hdServiceCode/nm-framework-model/target/nm-framework-model.jar!/com/ningmeng/framework/domain/learning/response/GetMediaResult.class], URL [jar:file:/E:/1704A/hdServiceCode/nm-framework-model/target/nm-framework-model.jar!/com/ningmeng/framework/domain/media/MediaVideoCourse.class], URL [jar:file:/E:/1704A/hdServiceCode/nm-framework-model/target/nm-framework-model.jar!/com/ningmeng/framework/domain/order/response/PayQrcodeResult.class], URL [jar:file:/E:/1704A/hdServiceCode/nm-framework-model/target/nm-framework-model.jar!/com/ningmeng/framework/domain/report/ReportCompany.class], URL [jar:file:/E:/1704A/hdServiceCode/nm-framework-model/target/nm-framework-model.jar!/com/ningmeng/framework/domain/ucenter/ext/AuthToken.class], URL [jar:file:/E:/1704A/hdServiceCode/nm-framework-model/target/nm-framework-model.jar!/com/ningmeng/framework/domain/ucenter/ext/UserTokenStore.class], URL [jar:file:/E:/1704A/hdServiceCode/nm-framework-model/target/nm-framework-model.jar!/com/ningmeng/framework/domain/ucenter/NmUser.class], URL [jar:file:/E:/1704A/hdServiceCode/nm-framework-model/target/nm-framework-model.jar!/com/ningmeng/framework/domain/cms/CmsSiteServer.class], URL [jar:file:/E:/1704A/hdServiceCode/nm-framework-model/target/nm-framework-model.jar!/com/ningmeng/framework/domain/cms/response/GenerateHtmlResult.class], URL [jar:file:/E:/1704A/hdServiceCode/nm-framework-model/target/nm-framework-model.jar!/com/ningmeng/framework/domain/course/CoursePub.class], URL [jar:file:/E:/1704A/hdServiceCode/nm-framework-model/target/nm-framework-model.jar!/com/ningmeng/framework/domain/course/response/CoursePublishResult.class], URL [jar:file:/E:/1704A/hdServiceCode/nm-framework-model/target/nm-framework-model.jar!/com/ningmeng/framework/domain/filesystem/response/FileSystemCode.class], URL [jar:file:/E:/1704A/hdServiceCode/nm-framework-model/target/nm-framework-model.jar!/com/ningmeng/framework/domain/media/MediaVideoCourseSimple.class], URL [jar:file:/E:/1704A/hdServiceCode/nm-framework-model/target/nm-framework-model.jar!/com/ningmeng/framework/domain/order/XcOrdersPay.class], URL [jar:file:/E:/1704A/hdServiceCode/nm-framework-model/target/nm-framework-model.jar!/com/ningmeng/framework/domain/report/ReportCourse.class], URL [jar:file:/E:/1704A/hdServiceCode/nm-framework-model/target/nm-framework-model.jar!/com/ningmeng/framework/domain/ucenter/ext/NmMenuExt.class], URL [jar:file:/E:/1704A/hdServiceCode/nm-framework-model/target/nm-framework-model.jar!/com/ningmeng/framework/domain/ucenter/NmCompanyUser.class], URL [jar:file:/E:/1704A/hdServiceCode/nm-framework-model/target/nm-framework-model.jar!/com/ningmeng/framework/domain/ucenter/NmUserRole.class], URL [jar:file:/E:/1704A/hdServiceCode/nm-framework-model/target/nm-framework-model.jar!/com/ningmeng/framework/domain/cms/CmsSite.class], URL [jar:file:/E:/1704A/hdServiceCode/nm-framework-model/target/nm-framework-model.jar!/com/ningmeng/framework/domain/course/CourseBase.class], URL [jar:file:/E:/1704A/hdServiceCode/nm-framework-model/target/nm-framework-model.jar!/com/ningmeng/framework/domain/course/ext/CategoryParameter.class], URL [jar:file:/E:/1704A/hdServiceCode/nm-framework-model/target/nm-framework-model.jar!/com/ningmeng/framework/domain/course/response/AddCourseResult.class], URL [jar:file:/E:/1704A/hdServiceCode/nm-framework-model/target/nm-framework-model.jar!/com/ningmeng/framework/domain/filesystem/FileSystem.class], URL [jar:file:/E:/1704A/hdServiceCode/nm-framework-model/target/nm-framework-model.jar!/com/ningmeng/framework/domain/media/MediaFileProcess.class], URL [jar:file:/E:/1704A/hdServiceCode/nm-framework-model/target/nm-framework-model.jar!/com/ningmeng/framework/domain/order/response/OrderCode.class], URL [jar:file:/E:/1704A/hdServiceCode/nm-framework-model/target/nm-framework-model.jar!/com/ningmeng/framework/domain/portalview/ViewCourseMedia.class], URL [jar:file:/E:/1704A/hdServiceCode/nm-framework-model/target/nm-framework-model.jar!/com/ningmeng/framework/domain/test/UserTest.class], URL [jar:file:/E:/1704A/hdServiceCode/nm-framework-model/target/nm-framework-model.jar!/com/ningmeng/framework/domain/ucenter/ext/UserToken.class], URL [jar:file:/E:/1704A/hdServiceCode/nm-framework-model/target/nm-framework-model.jar!/com/ningmeng/framework/domain/cms/CmsTemplate.class], URL [jar:file:/E:/1704A/hdServiceCode/nm-framework-model/target/nm-framework-model.jar!/com/ningmeng/framework/domain/course/CourseIndex.class], URL [jar:file:/E:/1704A/hdServiceCode/nm-framework-model/target/nm-framework-model.jar!/com/ningmeng/framework/domain/course/ext/TeachplanExt.class], URL [jar:file:/E:/1704A/hdServiceCode/nm-framework-model/target/nm-framework-model.jar!/com/ningmeng/framework/domain/course/response/DeleteCourseResult.class], URL [jar:file:/E:/1704A/hdServiceCode/nm-framework-model/target/nm-framework-model.jar!/com/ningmeng/framework/domain/media/MediaFileProcess_m3u8.class], URL [jar:file:/E:/1704A/hdServiceCode/nm-framework-model/target/nm-framework-model.jar!/com/ningmeng/framework/domain/order/response/OrderResult.class], URL [jar:file:/E:/1704A/hdServiceCode/nm-framework-model/target/nm-framework-model.jar!/com/ningmeng/framework/domain/portalview/PreViewCourseMedia.class], URL [jar:file:/E:/1704A/hdServiceCode/nm-framework-model/target/nm-framework-model.jar!/com/ningmeng/framework/domain/task/XcTask.class], URL [jar:file:/E:/1704A/hdServiceCode/nm-framework-model/target/nm-framework-model.jar!/com/ningmeng/framework/domain/ucenter/NmCompany.class], URL [jar:file:/E:/1704A/hdServiceCode/nm-framework-model/target/nm-framework-model.jar!/com/ningmeng/framework/domain/ucenter/request/LoginRequest.class], URL [jar:file:/E:/1704A/hdServiceCode/nm-framework-model/target/nm-framework-model.jar!/com/ningmeng/framework/domain/cms/CmsPageParam.class], URL [jar:file:/E:/1704A/hdServiceCode/nm-framework-model/target/nm-framework-model.jar!/com/ningmeng/framework/domain/course/Category.class], URL [jar:file:/E:/1704A/hdServiceCode/nm-framework-model/target/nm-framework-model.jar!/com/ningmeng/framework/domain/course/ext/CategoryNode.class], URL [jar:file:/E:/1704A/hdServiceCode/nm-framework-model/target/nm-framework-model.jar!/com/ningmeng/framework/domain/course/ext/TeachplanParameter.class], URL [jar:file:/E:/1704A/hdServiceCode/nm-framework-model/target/nm-framework-model.jar!/com/ningmeng/framework/domain/course/TeachplanMediaPub.class], URL [jar:file:/E:/1704A/hdServiceCode/nm-framework-model/target/nm-framework-model.jar!/com/ningmeng/framework/domain/media/MediaFile.class], URL [jar:file:/E:/1704A/hdServiceCode/nm-framework-model/target/nm-framework-model.jar!/com/ningmeng/framework/domain/media/response/MediaCode.class], URL [jar:file:/E:/1704A/hdServiceCode/nm-framework-model/target/nm-framework-model.jar!/com/ningmeng/framework/domain/order/request/weixinPayInformRequest.class], URL [jar:file:/E:/1704A/hdServiceCode/nm-framework-model/target/nm-framework-model.jar!/com/ningmeng/framework/domain/portalview/PreViewCourse.class], URL [jar:file:/E:/1704A/hdServiceCode/nm-framework-model/target/nm-framework-model.jar!/com/ningmeng/framework/domain/search/CourseSearchParam.class], URL [jar:file:/E:/1704A/hdServiceCode/nm-framework-model/target/nm-framework-model.jar!/com/ningmeng/framework/domain/ucenter/ext/UserBasicInfo.class], URL [jar:file:/E:/1704A/hdServiceCode/nm-framework-model/target/nm-framework-model.jar!/com/ningmeng/framework/domain/ucenter/NmTeacher.class], URL [jar:file:/E:/1704A/hdServiceCode/nm-framework-model/target/nm-framework-model.jar!/com/ningmeng/framework/domain/ucenter/response/UcenterCode.class], URL [jar:file:/E:/1704A/hdServiceCode/nm-framework-utils/target/nm-framework-utils.jar!/com/ningmeng/framework/utils/BCryptUtil.class], URL [jar:file:/E:/1704A/hdServiceCode/nm-framework-utils/target/nm-framework-utils.jar!/com/ningmeng/framework/utils/VideoUtil.class], URL [jar:file:/E:/1704A/hdServiceCode/nm-framework-utils/target/nm-framework-utils.jar!/com/ningmeng/framework/utils/XcOauth2Util$UserJwt.class], URL [jar:file:/E:/1704A/hdServiceCode/nm-framework-utils/target/nm-framework-utils.jar!/com/ningmeng/framework/utils/ZipUtil.class], URL [jar:file:/E:/1704A/hdServiceCode/nm-framework-utils/target/nm-framework-utils.jar!/com/ningmeng/framework/utils/CookieUtil.class], URL [jar:file:/E:/1704A/hdServiceCode/nm-framework-utils/target/nm-framework-utils.jar!/com/ningmeng/framework/utils/GenerateOrderNum.class], URL [jar:file:/E:/1704A/hdServiceCode/nm-framework-utils/target/nm-framework-utils.jar!/com/ningmeng/framework/utils/Oauth2Util.class], URL [jar:file:/E:/1704A/hdServiceCode/nm-framework-utils/target/nm-framework-utils.jar!/com/ningmeng/framework/utils/HlsVideoUtil.class], URL [jar:file:/E:/1704A/hdServiceCode/nm-framework-utils/target/nm-framework-utils.jar!/com/ningmeng/framework/utils/SnowflakeIdWorker.class], URL [jar:file:/E:/1704A/hdServiceCode/nm-framework-utils/target/nm-framework-utils.jar!/com/ningmeng/framework/utils/HttpClient$1.class], URL [jar:file:/E:/1704A/hdServiceCode/nm-framework-utils/target/nm-framework-utils.jar!/com/ningmeng/framework/utils/HttpClient.class], URL [jar:file:/E:/1704A/hdServiceCode/nm-framework-utils/target/nm-framework-utils.jar!/com/ningmeng/framework/utils/Snowflake.class], URL [jar:file:/E:/1704A/hdServiceCode/nm-framework-utils/target/nm-framework-utils.jar!/com/ningmeng/framework/utils/XcOauth2Util.class], URL [jar:file:/E:/1704A/hdServiceCode/nm-framework-utils/target/nm-framework-utils.jar!/com/ningmeng/framework/utils/MD5Util.class], URL [jar:file:/E:/1704A/hdServiceCode/nm-framework-utils/target/nm-framework-utils.jar!/com/ningmeng/framework/utils/Mp4VideoUtil.class], URL [jar:file:/E:/1704A/hdServiceCode/nm-framework-common/target/nm-framework-common.jar!/com/ningmeng/framework/client/NmServiceList.class], URL [jar:file:/E:/1704A/hdServiceCode/nm-framework-common/target/nm-framework-common.jar!/com/ningmeng/framework/model/response/ResultCode.class], URL [jar:file:/E:/1704A/hdServiceCode/nm-framework-common/target/nm-framework-common.jar!/com/ningmeng/framework/web/BaseController.class], URL [jar:file:/E:/1704A/hdServiceCode/nm-framework-common/target/nm-framework-common.jar!/com/ningmeng/framework/exception/CustomException.class], URL [jar:file:/E:/1704A/hdServiceCode/nm-framework-common/target/nm-framework-common.jar!/com/ningmeng/framework/exception/CustomExceptionCast.class], URL [jar:file:/E:/1704A/hdServiceCode/nm-framework-common/target/nm-framework-common.jar!/com/ningmeng/framework/model/response/Response.class], URL [jar:file:/E:/1704A/hdServiceCode/nm-framework-common/target/nm-framework-common.jar!/com/ningmeng/framework/model/response/ResponseResult.class], URL [jar:file:/E:/1704A/hdServiceCode/nm-framework-common/target/nm-framework-common.jar!/com/ningmeng/framework/exception/ExceptionCatch.class], URL [jar:file:/E:/1704A/hdServiceCode/nm-framework-common/target/nm-framework-common.jar!/com/ningmeng/framework/model/request/RequestData.class], URL [jar:file:/E:/1704A/hdServiceCode/nm-framework-common/target/nm-framework-common.jar!/com/ningmeng/framework/model/response/CommonCode.class], URL [jar:file:/E:/1704A/hdServiceCode/nm-framework-common/target/nm-framework-common.jar!/com/ningmeng/framework/model/response/QueryResponseResult.class], URL [jar:file:/E:/1704A/hdServiceCode/nm-framework-common/target/nm-framework-common.jar!/com/ningmeng/framework/model/response/QueryResult.class]]
2020-03-09 20:45:21.522 [main] DEBUG o.s.c.a.ClassPathBeanDefinitionScanner - Identified candidate component class: URL [jar:file:/E:/1704A/hdServiceCode/nm-framework-common/target/nm-framework-common.jar!/com/ningmeng/framework/exception/ExceptionCatch.class]
2020-03-09 20:45:21.533 [main] DEBUG o.s.c.e.PropertySourcesPropertyResolver - Could not find key 'spring.boot.enableautoconfiguration' in any property source
2020-03-09 20:45:21.544 [main] DEBUG o.s.b.f.s.DefaultListableBeanFactory - Returning cached instance of singleton bean 'autoConfigurationReport'
2020-03-09 20:45:21.622 [main] DEBUG o.s.b.f.s.DefaultListableBeanFactory - Returning cached instance of singleton bean 'autoConfigurationReport'
2020-03-09 20:45:21.628 [main] DEBUG o.s.b.f.s.DefaultListableBeanFactory - Returning cached instance of singleton bean 'org.springframework.boot.autoconfigure.internalCachingMetadataReaderFactory'
2020-03-09 20:45:21.677 [main] DEBUG o.s.c.e.PropertySourcesPropertyResolver - Could not find key 'spring.messages.basename' in any property source
2020-03-09 20:45:21.678 [main] DEBUG o.s.c.i.s.PathMatchingResourcePatternResolver - Resolved classpath location [messages.properties] to resources []
2020-03-09 20:45:21.679 [main] DEBUG o.s.b.f.s.DefaultListableBeanFactory - Returning cached instance of singleton bean 'autoConfigurationReport'
2020-03-09 20:45:21.683 [main] DEBUG o.s.b.f.s.DefaultListableBeanFactory - Returning cached instance of singleton bean 'autoConfigurationReport'
2020-03-09 20:45:21.685 [main] DEBUG o.s.b.f.s.DefaultListableBeanFactory - Returning cached instance of singleton bean 'autoConfigurationReport'
2020-03-09 20:45:21.687 [main] DEBUG o.s.b.f.s.DefaultListableBeanFactory - Returning cached instance of singleton bean 'autoConfigurationReport'
2020-03-09 20:45:21.687 [main] DEBUG o.s.b.f.s.DefaultListableBeanFactory - Returning cached instance of singleton bean 'autoConfigurationReport'
2020-03-09 20:45:21.689 [main] DEBUG o.s.b.f.s.DefaultListableBeanFactory - Returning cached instance of singleton bean 'autoConfigurationReport'
2020-03-09 20:45:21.689 [main] DEBUG o.s.b.f.s.DefaultListableBeanFactory - Returning cached instance of singleton bean 'autoConfigurationReport'
2020-03-09 20:45:21.693 [main] DEBUG o.s.b.f.s.DefaultListableBeanFactory - Returning cached instance of singleton bean 'autoConfigurationReport'
2020-03-09 20:45:21.694 [main] DEBUG o.s.b.f.s.DefaultListableBeanFactory - Returning cached instance of singleton bean 'autoConfigurationReport'
2020-03-09 20:45:21.699 [main] DEBUG o.s.b.f.s.DefaultListableBeanFactory - Returning cached instance of singleton bean 'autoConfigurationReport'
2020-03-09 20:45:21.703 [main] DEBUG o.s.b.f.s.DefaultListableBeanFactory - Returning cached instance of singleton bean 'autoConfigurationReport'
2020-03-09 20:45:21.704 [main] DEBUG o.s.b.f.s.DefaultListableBeanFactory - Returning cached instance of singleton bean 'autoConfigurationReport'
2020-03-09 20:45:21.711 [main] DEBUG o.s.b.f.s.DefaultListableBeanFactory - Returning cached instance of singleton bean 'autoConfigurationReport'
2020-03-09 20:45:21.713 [main] DEBUG o.s.b.f.s.DefaultListableBeanFactory - Returning cached instance of singleton bean 'autoConfigurationReport'
2020-03-09 20:45:21.714 [main] DEBUG o.s.b.f.s.DefaultListableBeanFactory - Returning cached instance of singleton bean 'autoConfigurationReport'
2020-03-09 20:45:21.716 [main] DEBUG o.s.b.f.s.DefaultListableBeanFactory - Returning cached instance of singleton bean 'autoConfigurationReport'
2020-03-09 20:45:21.716 [main] DEBUG o.s.b.f.s.DefaultListableBeanFactory - Returning cached instance of singleton bean 'autoConfigurationReport'
2020-03-09 20:45:21.721 [main] DEBUG o.s.b.f.s.DefaultListableBeanFactory - Returning cached instance of singleton bean 'autoConfigurationReport'
2020-03-09 20:45:21.799 [main] DEBUG o.s.b.f.s.DefaultListableBeanFactory - Returning cached instance of singleton bean 'autoConfigurationReport'
2020-03-09 20:45:21.801 [main] DEBUG o.s.b.f.s.DefaultListableBeanFactory - Returning cached instance of singleton bean 'autoConfigurationReport'
2020-03-09 20:45:21.803 [main] DEBUG o.s.b.f.s.DefaultListableBeanFactory - Returning cached instance of singleton bean 'autoConfigurationReport'
2020-03-09 20:45:21.804 [main] DEBUG o.s.b.f.s.DefaultListableBeanFactory - Returning cached instance of singleton bean 'autoConfigurationReport'
2020-03-09 20:45:21.805 [main] DEBUG o.s.b.f.s.DefaultListableBeanFactory - Returning cached instance of singleton bean 'autoConfigurationReport'
2020-03-09 20:45:21.824 [main] DEBUG o.s.b.f.s.DefaultListableBeanFactory - Returning cached instance of singleton bean 'autoConfigurationReport'
2020-03-09 20:45:21.830 [main] DEBUG o.s.b.f.s.DefaultListableBeanFactory - Returning cached instance of singleton bean 'autoConfigurationReport'
2020-03-09 20:45:21.835 [main] DEBUG o.s.b.f.s.DefaultListableBeanFactory - Returning cached instance of singleton bean 'autoConfigurationReport'
2020-03-09 20:45:21.839 [main] DEBUG o.s.b.f.s.DefaultListableBeanFactory - Returning cached instance of singleton bean 'autoConfigurationReport'
2020-03-09 20:45:21.845 [main] DEBUG o.s.b.f.s.DefaultListableBeanFactory - Returning cached instance of singleton bean 'autoConfigurationReport'
2020-03-09 20:45:21.846 [main] DEBUG o.s.b.f.s.DefaultListableBeanFactory - Returning cached instance of singleton bean 'autoConfigurationReport'
2020-03-09 20:45:21.853 [main] DEBUG o.s.b.f.s.DefaultListableBeanFactory - Returning cached instance of singleton bean 'autoConfigurationReport'
2020-03-09 20:45:21.854 [main] DEBUG o.s.b.f.s.DefaultListableBeanFactory - Returning cached instance of singleton bean 'autoConfigurationReport'
2020-03-09 20:45:21.858 [main] DEBUG o.s.b.f.s.DefaultListableBeanFactory - Returning cached instance of singleton bean 'autoConfigurationReport'
2020-03-09 20:45:21.867 [main] DEBUG o.s.c.e.PropertySourcesPropertyResolver - Could not find key 'spring.template.provider.cache' in any property source
2020-03-09 20:45:21.872 [main] DEBUG o.s.b.f.s.DefaultListableBeanFactory - Returning cached instance of singleton bean 'autoConfigurationReport'
2020-03-09 20:45:21.874 [main] DEBUG o.s.b.f.s.DefaultListableBeanFactory - Returning cached instance of singleton bean 'autoConfigurationReport'
2020-03-09 20:45:21.874 [main] DEBUG o.s.b.f.s.DefaultListableBeanFactory - Returning cached instance of singleton bean 'autoConfigurationReport'
2020-03-09 20:45:21.881 [main] DEBUG o.s.b.f.s.DefaultListableBeanFactory - Returning cached instance of singleton bean 'autoConfigurationReport'
2020-03-09 20:45:21.888 [main] DEBUG o.s.c.e.PropertySourcesPropertyResolver - Could not find key 'spring.resources.chain.strategy.fixed.enabled' in any property source
2020-03-09 20:45:21.888 [main] DEBUG o.s.c.e.PropertySourcesPropertyResolver - Could not find key 'spring.resources.chain.strategy.content.enabled' in any property source
2020-03-09 20:45:21.889 [main] DEBUG o.s.c.e.PropertySourcesPropertyResolver - Could not find key 'spring.resources.chain.enabled' in any property source
2020-03-09 20:45:21.891 [main] DEBUG o.s.b.f.s.DefaultListableBeanFactory - Returning cached instance of singleton bean 'autoConfigurationReport'
2020-03-09 20:45:21.903 [main] DEBUG o.s.b.f.s.DefaultListableBeanFactory - Returning cached instance of singleton bean 'autoConfigurationReport'
2020-03-09 20:45:21.907 [main] DEBUG o.s.b.f.s.DefaultListableBeanFactory - Returning cached instance of singleton bean 'autoConfigurationReport'
2020-03-09 20:45:21.908 [main] DEBUG o.s.b.f.s.DefaultListableBeanFactory - Returning cached instance of singleton bean 'autoConfigurationReport'
2020-03-09 20:45:21.908 [main] DEBUG o.s.b.f.s.DefaultListableBeanFactory - Returning cached instance of singleton bean 'autoConfigurationReport'
2020-03-09 20:45:21.908 [main] DEBUG o.s.b.f.s.DefaultListableBeanFactory - Returning cached instance of singleton bean 'autoConfigurationReport'
2020-03-09 20:45:21.909 [main] DEBUG o.s.b.f.s.DefaultListableBeanFactory - Returning cached instance of singleton bean 'autoConfigurationReport'
2020-03-09 20:45:21.910 [main] DEBUG o.s.b.f.s.DefaultListableBeanFactory - Returning cached instance of singleton bean 'autoConfigurationReport'
2020-03-09 20:45:21.911 [main] DEBUG o.s.b.f.s.DefaultListableBeanFactory - Returning cached instance of singleton bean 'autoConfigurationReport'
2020-03-09 20:45:21.913 [main] DEBUG o.s.b.f.s.DefaultListableBeanFactory - Returning cached instance of singleton bean 'autoConfigurationReport'
2020-03-09 20:45:21.913 [main] DEBUG o.s.b.f.s.DefaultListableBeanFactory - Returning cached instance of singleton bean 'autoConfigurationReport'
2020-03-09 20:45:21.923 [main] DEBUG o.s.b.f.s.DefaultListableBeanFactory - Returning cached instance of singleton bean 'autoConfigurationReport'
2020-03-09 20:45:21.924 [main] DEBUG o.s.b.f.s.DefaultListableBeanFactory - Returning cached instance of singleton bean 'autoConfigurationReport'
2020-03-09 20:45:21.925 [main] DEBUG o.s.b.f.s.DefaultListableBeanFactory - Returning cached instance of singleton bean 'autoConfigurationReport'
2020-03-09 20:45:21.926 [main] DEBUG o.s.b.f.s.DefaultListableBeanFactory - Returning cached instance of singleton bean 'autoConfigurationReport'
2020-03-09 20:45:21.927 [main] DEBUG o.s.b.f.s.DefaultListableBeanFactory - Returning cached instance of singleton bean 'autoConfigurationReport'
2020-03-09 20:45:21.929 [main] DEBUG o.s.b.f.s.DefaultListableBeanFactory - Returning cached instance of singleton bean 'autoConfigurationReport'
2020-03-09 20:45:21.933 [main] DEBUG o.s.b.f.s.DefaultListableBeanFactory - Returning cached instance of singleton bean 'autoConfigurationReport'
2020-03-09 20:45:21.947 [main] DEBUG o.s.b.f.s.DefaultListableBeanFactory - Returning cached instance of singleton bean 'autoConfigurationReport'
2020-03-09 20:45:21.951 [main] DEBUG o.s.b.f.s.DefaultListableBeanFactory - Returning cached instance of singleton bean 'autoConfigurationReport'
2020-03-09 20:45:21.952 [main] DEBUG o.s.b.f.s.DefaultListableBeanFactory - Returning cached instance of singleton bean 'autoConfigurationReport'
2020-03-09 20:45:21.954 [main] DEBUG o.s.b.f.s.DefaultListableBeanFactory - Returning cached instance of singleton bean 'autoConfigurationReport'
2020-03-09 20:45:21.955 [main] DEBUG o.s.b.f.s.DefaultListableBeanFactory - Returning cached instance of singleton bean 'autoConfigurationReport'
2020-03-09 20:45:21.957 [main] DEBUG o.s.b.f.s.DefaultListableBeanFactory - Returning cached instance of singleton bean 'autoConfigurationReport'
2020-03-09 20:45:21.959 [main] DEBUG o.s.b.f.s.DefaultListableBeanFactory - Returning cached instance of singleton bean 'autoConfigurationReport'
2020-03-09 20:45:21.959 [main] DEBUG o.s.b.f.s.DefaultListableBeanFactory - Returning cached instance of singleton bean 'autoConfigurationReport'
2020-03-09 20:45:21.960 [main] DEBUG o.s.b.f.s.DefaultListableBeanFactory - Returning cached instance of singleton bean 'autoConfigurationReport'
2020-03-09 20:45:21.961 [main] DEBUG o.s.c.e.PropertySourcesPropertyResolver - Found key 'spring.jmx.enabled' in PropertySource 'configurationProperties' with value of type String
2020-03-09 20:45:21.962 [main] DEBUG o.s.b.f.s.DefaultListableBeanFactory - Returning cached instance of singleton bean 'autoConfigurationReport'
2020-03-09 20:45:21.970 [main] DEBUG o.s.b.f.s.DefaultListableBeanFactory - Returning cached instance of singleton bean 'autoConfigurationReport'
2020-03-09 20:45:21.974 [main] DEBUG o.s.b.f.s.DefaultListableBeanFactory - Returning cached instance of singleton bean 'autoConfigurationReport'
2020-03-09 20:45:21.975 [main] DEBUG o.s.b.f.s.DefaultListableBeanFactory - Returning cached instance of singleton bean 'autoConfigurationReport'
2020-03-09 20:45:21.975 [main] DEBUG o.s.b.f.s.DefaultListableBeanFactory - Returning cached instance of singleton bean 'autoConfigurationReport'
2020-03-09 20:45:21.981 [main] DEBUG o.s.b.f.s.DefaultListableBeanFactory - Returning cached instance of singleton bean 'autoConfigurationReport'
2020-03-09 20:45:21.988 [main] DEBUG o.s.b.f.s.DefaultListableBeanFactory - Returning cached instance of singleton bean 'autoConfigurationReport'
2020-03-09 20:45:21.989 [main] DEBUG o.s.c.e.PropertySourcesPropertyResolver - Found key 'spring.jmx.enabled' in PropertySource 'configurationProperties' with value of type String
2020-03-09 20:45:21.989 [main] DEBUG o.s.b.f.s.DefaultListableBeanFactory - Returning cached instance of singleton bean 'autoConfigurationReport'
2020-03-09 20:45:21.990 [main] DEBUG o.s.b.f.s.DefaultListableBeanFactory - Returning cached instance of singleton bean 'autoConfigurationReport'
2020-03-09 20:45:21.991 [main] DEBUG o.s.b.f.s.DefaultListableBeanFactory - Returning cached instance of singleton bean 'autoConfigurationReport'
2020-03-09 20:45:21.991 [main] DEBUG o.s.b.f.s.DefaultListableBeanFactory - Returning cached instance of singleton bean 'autoConfigurationReport'
2020-03-09 20:45:21.992 [main] DEBUG o.s.b.f.s.DefaultListableBeanFactory - Returning cached instance of singleton bean 'autoConfigurationReport'
2020-03-09 20:45:21.994 [main] DEBUG o.s.b.f.s.DefaultListableBeanFactory - Returning cached instance of singleton bean 'autoConfigurationReport'
2020-03-09 20:45:21.995 [main] DEBUG o.s.b.f.s.DefaultListableBeanFactory - Returning cached instance of singleton bean 'autoConfigurationReport'
2020-03-09 20:45:21.997 [main] DEBUG o.s.b.f.s.DefaultListableBeanFactory - Returning cached instance of singleton bean 'autoConfigurationReport'
2020-03-09 20:45:22.008 [main] DEBUG o.s.b.f.s.DefaultListableBeanFactory - Returning cached instance of singleton bean 'autoConfigurationReport'
2020-03-09 20:45:22.009 [main] DEBUG o.s.b.f.s.DefaultListableBeanFactory - Returning cached instance of singleton bean 'autoConfigurationReport'
2020-03-09 20:45:22.011 [main] DEBUG o.s.b.f.s.DefaultListableBeanFactory - Returning cached instance of singleton bean 'autoConfigurationReport'
2020-03-09 20:45:22.012 [main] DEBUG o.s.b.f.s.DefaultListableBeanFactory - Returning cached instance of singleton bean 'autoConfigurationReport'
2020-03-09 20:45:22.013 [main] DEBUG o.s.b.f.s.DefaultListableBeanFactory - Returning cached instance of singleton bean 'autoConfigurationReport'
2020-03-09 20:45:22.013 [main] DEBUG o.s.b.f.s.DefaultListableBeanFactory - Returning cached instance of singleton bean 'autoConfigurationReport'
2020-03-09 20:45:22.014 [main] DEBUG o.s.b.f.s.DefaultListableBeanFactory - Returning cached instance of singleton bean 'autoConfigurationReport'
2020-03-09 20:45:22.015 [main] DEBUG o.s.b.f.s.DefaultListableBeanFactory - Returning cached instance of singleton bean 'autoConfigurationReport'
2020-03-09 20:45:22.016 [main] DEBUG o.s.b.f.s.DefaultListableBeanFactory - Returning cached instance of singleton bean 'autoConfigurationReport'
2020-03-09 20:45:22.018 [main] DEBUG o.s.b.f.s.DefaultListableBeanFactory - Returning cached instance of singleton bean 'autoConfigurationReport'
2020-03-09 20:45:22.022 [main] DEBUG o.s.b.f.s.DefaultListableBeanFactory - Returning cached instance of singleton bean 'autoConfigurationReport'
2020-03-09 20:45:22.024 [main] DEBUG o.s.b.f.s.DefaultListableBeanFactory - Returning cached instance of singleton bean 'autoConfigurationReport'
2020-03-09 20:45:22.025 [main] DEBUG o.s.b.f.s.DefaultListableBeanFactory - Returning cached instance of singleton bean 'autoConfigurationReport'
2020-03-09 20:45:22.026 [main] DEBUG o.s.b.f.s.DefaultListableBeanFactory - Returning cached instance of singleton bean 'autoConfigurationReport'
2020-03-09 20:45:22.029 [main] DEBUG o.s.b.f.s.DefaultListableBeanFactory - Returning cached instance of singleton bean 'autoConfigurationReport'
2020-03-09 20:45:22.031 [main] DEBUG o.s.b.f.s.DefaultListableBeanFactory - Returning cached instance of singleton bean 'autoConfigurationReport'
2020-03-09 20:45:22.037 [main] DEBUG o.s.b.f.s.DefaultListableBeanFactory - Returning cached instance of singleton bean 'autoConfigurationReport'
2020-03-09 20:45:22.037 [main] DEBUG o.s.b.f.s.DefaultListableBeanFactory - Returning cached instance of singleton bean 'autoConfigurationReport'
2020-03-09 20:45:22.038 [main] DEBUG o.s.b.f.s.DefaultListableBeanFactory - Returning cached instance of singleton bean 'autoConfigurationReport'
2020-03-09 20:45:22.041 [main] DEBUG o.s.b.f.s.DefaultListableBeanFactory - Returning cached instance of singleton bean 'autoConfigurationReport'
2020-03-09 20:45:22.041 [main] DEBUG o.s.b.f.s.DefaultListableBeanFactory - Returning cached instance of singleton bean 'autoConfigurationReport'
2020-03-09 20:45:22.049 [main] DEBUG o.s.b.f.s.DefaultListableBeanFactory - Returning cached instance of singleton bean 'autoConfigurationReport'
2020-03-09 20:45:22.050 [main] DEBUG o.s.b.f.s.DefaultListableBeanFactory - Returning cached instance of singleton bean 'autoConfigurationReport'
2020-03-09 20:45:22.057 [main] DEBUG o.s.b.f.s.DefaultListableBeanFactory - Returning cached instance of singleton bean 'autoConfigurationReport'
2020-03-09 20:45:22.058 [main] DEBUG o.s.c.e.PropertySourcesPropertyResolver - Could not find key 'spring.data.mongodb.repositories.type' in any property source
2020-03-09 20:45:22.058 [main] DEBUG o.s.b.f.s.DefaultListableBeanFactory - Returning cached instance of singleton bean 'autoConfigurationReport'
2020-03-09 20:45:22.061 [main] DEBUG o.s.b.f.s.DefaultListableBeanFactory - Returning cached instance of singleton bean 'autoConfigurationReport'
2020-03-09 20:45:22.063 [main] DEBUG o.s.b.f.s.DefaultListableBeanFactory - Returning cached instance of singleton bean 'autoConfigurationReport'
2020-03-09 20:45:22.067 [main] DEBUG o.s.b.f.s.DefaultListableBeanFactory - Returning cached instance of singleton bean 'autoConfigurationReport'
2020-03-09 20:45:22.073 [main] DEBUG o.s.b.f.s.DefaultListableBeanFactory - Returning cached instance of singleton bean 'autoConfigurationReport'
2020-03-09 20:45:22.078 [main] DEBUG o.s.b.f.s.DefaultListableBeanFactory - Returning cached instance of singleton bean 'autoConfigurationReport'
2020-03-09 20:45:22.080 [main] DEBUG o.s.b.f.s.DefaultListableBeanFactory - Returning cached instance of singleton bean 'autoConfigurationReport'
2020-03-09 20:45:22.080 [main] DEBUG o.s.b.f.s.DefaultListableBeanFactory - Returning cached instance of singleton bean 'autoConfigurationReport'
2020-03-09 20:45:22.082 [main] DEBUG o.s.b.f.s.DefaultListableBeanFactory - Returning cached instance of singleton bean 'autoConfigurationReport'
2020-03-09 20:45:22.084 [main] DEBUG o.s.b.f.s.DefaultListableBeanFactory - Returning cached instance of singleton bean 'autoConfigurationReport'
2020-03-09 20:45:22.089 [main] DEBUG o.s.b.f.s.DefaultListableBeanFactory - Returning cached instance of singleton bean 'autoConfigurationReport'
2020-03-09 20:45:22.089 [main] DEBUG o.s.b.f.s.DefaultListableBeanFactory - Returning cached instance of singleton bean 'autoConfigurationReport'
2020-03-09 20:45:22.090 [main] DEBUG o.s.b.f.s.DefaultListableBeanFactory - Returning cached instance of singleton bean 'autoConfigurationReport'
2020-03-09 20:45:22.090 [main] DEBUG o.s.b.f.s.DefaultListableBeanFactory - Returning cached instance of singleton bean 'autoConfigurationReport'
2020-03-09 20:45:22.094 [main] DEBUG o.s.b.f.s.DefaultListableBeanFactory - Returning cached instance of singleton bean 'autoConfigurationReport'
2020-03-09 20:45:22.098 [main] DEBUG o.s.b.f.s.DefaultListableBeanFactory - Returning cached instance of singleton bean 'autoConfigurationReport'
2020-03-09 20:45:22.098 [main] DEBUG o.s.b.f.s.DefaultListableBeanFactory - Returning cached instance of singleton bean 'autoConfigurationReport'
2020-03-09 20:45:22.114 [main] DEBUG o.s.b.f.s.DefaultListableBeanFactory - Returning cached instance of singleton bean 'autoConfigurationReport'
2020-03-09 20:45:22.115 [main] DEBUG o.s.b.f.s.DefaultListableBeanFactory - Returning cached instance of singleton bean 'autoConfigurationReport'
2020-03-09 20:45:22.121 [main] DEBUG o.s.b.f.s.DefaultListableBeanFactory - Returning cached instance of singleton bean 'autoConfigurationReport'
2020-03-09 20:45:22.124 [main] DEBUG o.s.b.f.s.DefaultListableBeanFactory - Returning cached instance of singleton bean 'autoConfigurationReport'
2020-03-09 20:45:22.125 [main] DEBUG o.s.b.f.s.DefaultListableBeanFactory - Returning cached instance of singleton bean 'autoConfigurationReport'
2020-03-09 20:45:22.126 [main] DEBUG o.s.b.f.s.DefaultListableBeanFactory - Returning cached instance of singleton bean 'autoConfigurationReport'
2020-03-09 20:45:22.128 [main] DEBUG o.s.b.f.s.DefaultListableBeanFactory - Returning cached instance of singleton bean 'autoConfigurationReport'
2020-03-09 20:45:22.132 [main] DEBUG o.s.b.f.s.DefaultListableBeanFactory - Returning cached instance of singleton bean 'autoConfigurationReport'
2020-03-09 20:45:22.141 [main] DEBUG o.s.b.f.s.DefaultListableBeanFactory - Returning cached instance of singleton bean 'autoConfigurationReport'
2020-03-09 20:45:22.143 [main] DEBUG o.s.b.f.s.DefaultListableBeanFactory - Returning cached instance of singleton bean 'autoConfigurationReport'
2020-03-09 20:45:22.145 [main] DEBUG o.s.b.f.s.DefaultListableBeanFactory - Returning cached instance of singleton bean 'autoConfigurationReport'
2020-03-09 20:45:22.146 [main] DEBUG o.s.b.f.s.DefaultListableBeanFactory - Returning cached instance of singleton bean 'autoConfigurationReport'
2020-03-09 20:45:22.146 [main] DEBUG o.s.b.f.s.DefaultListableBeanFactory - Returning cached instance of singleton bean 'autoConfigurationReport'
2020-03-09 20:45:22.148 [main] DEBUG o.s.b.f.s.DefaultListableBeanFactory - Returning cached instance of singleton bean 'autoConfigurationReport'
2020-03-09 20:45:22.148 [main] DEBUG o.s.b.f.s.DefaultListableBeanFactory - Returning cached instance of singleton bean 'autoConfigurationReport'
2020-03-09 20:45:22.148 [main] DEBUG o.s.b.f.s.DefaultListableBeanFactory - Returning cached instance of singleton bean 'autoConfigurationReport'
2020-03-09 20:45:22.151 [main] DEBUG o.s.b.f.s.DefaultListableBeanFactory - Returning cached instance of singleton bean 'autoConfigurationReport'
2020-03-09 20:45:22.151 [main] DEBUG o.s.b.f.s.DefaultListableBeanFactory - Returning cached instance of singleton bean 'autoConfigurationReport'
2020-03-09 20:45:22.152 [main] DEBUG o.s.b.f.s.DefaultListableBeanFactory - Returning cached instance of singleton bean 'autoConfigurationReport'
2020-03-09 20:45:22.155 [main] DEBUG o.s.b.f.s.DefaultListableBeanFactory - Returning cached instance of singleton bean 'autoConfigurationReport'
2020-03-09 20:45:22.155 [main] DEBUG o.s.b.f.s.DefaultListableBeanFactory - Returning cached instance of singleton bean 'autoConfigurationReport'
2020-03-09 20:45:22.157 [main] DEBUG o.s.b.f.s.DefaultListableBeanFactory - Returning cached instance of singleton bean 'autoConfigurationReport'
2020-03-09 20:45:22.158 [main] DEBUG o.s.b.f.s.DefaultListableBeanFactory - Returning cached instance of singleton bean 'autoConfigurationReport'
2020-03-09 20:45:22.159 [main] DEBUG o.s.b.f.s.DefaultListableBeanFactory - Returning cached instance of singleton bean 'autoConfigurationReport'
2020-03-09 20:45:22.161 [main] DEBUG o.s.b.f.s.DefaultListableBeanFactory - Returning cached instance of singleton bean 'autoConfigurationReport'
2020-03-09 20:45:22.163 [main] DEBUG o.s.b.f.s.DefaultListableBeanFactory - Returning cached instance of singleton bean 'autoConfigurationReport'
2020-03-09 20:45:22.164 [main] DEBUG o.s.b.f.s.DefaultListableBeanFactory - Returning cached instance of singleton bean 'autoConfigurationReport'
2020-03-09 20:45:22.175 [main] DEBUG o.s.b.f.s.DefaultListableBeanFactory - Returning cached instance of singleton bean 'autoConfigurationReport'
2020-03-09 20:45:22.175 [main] DEBUG o.s.b.f.s.DefaultListableBeanFactory - Returning cached instance of singleton bean 'autoConfigurationReport'
2020-03-09 20:45:22.180 [main] DEBUG o.s.b.f.s.DefaultListableBeanFactory - Returning cached instance of singleton bean 'autoConfigurationReport'
2020-03-09 20:45:22.181 [main] DEBUG o.s.b.f.s.DefaultListableBeanFactory - Returning cached instance of singleton bean 'autoConfigurationReport'
2020-03-09 20:45:22.185 [main] DEBUG o.s.b.f.s.DefaultListableBeanFactory - Returning cached instance of singleton bean 'autoConfigurationReport'
2020-03-09 20:45:22.194 [main] DEBUG o.s.b.f.s.DefaultListableBeanFactory - Returning cached instance of singleton bean 'autoConfigurationReport'
2020-03-09 20:45:22.202 [main] DEBUG o.s.b.f.s.DefaultListableBeanFactory - Returning cached instance of singleton bean 'autoConfigurationReport'
2020-03-09 20:45:22.204 [main] DEBUG o.s.b.f.s.DefaultListableBeanFactory - Returning cached instance of singleton bean 'autoConfigurationReport'
2020-03-09 20:45:22.206 [main] DEBUG o.s.b.f.s.DefaultListableBeanFactory - Returning cached instance of singleton bean 'autoConfigurationReport'
2020-03-09 20:45:22.209 [main] DEBUG o.s.b.f.s.DefaultListableBeanFactory - Returning cached instance of singleton bean 'autoConfigurationReport'
2020-03-09 20:45:22.209 [main] DEBUG o.s.b.f.s.DefaultListableBeanFactory - Returning cached instance of singleton bean 'autoConfigurationReport'
2020-03-09 20:45:22.210 [main] DEBUG o.s.b.f.s.DefaultListableBeanFactory - Returning cached instance of singleton bean 'autoConfigurationReport'
2020-03-09 20:45:22.212 [main] DEBUG o.s.b.f.s.DefaultListableBeanFactory - Returning cached instance of singleton bean 'autoConfigurationReport'
2020-03-09 20:45:22.214 [main] DEBUG o.s.b.f.s.DefaultListableBeanFactory - Returning cached instance of singleton bean 'autoConfigurationReport'
2020-03-09 20:45:22.221 [main] DEBUG o.s.b.f.s.DefaultListableBeanFactory - Returning cached instance of singleton bean 'autoConfigurationReport'
2020-03-09 20:45:22.222 [main] DEBUG o.s.b.f.s.DefaultListableBeanFactory - Returning cached instance of singleton bean 'autoConfigurationReport'
2020-03-09 20:45:22.225 [main] DEBUG o.s.b.f.s.DefaultListableBeanFactory - Returning cached instance of singleton bean 'autoConfigurationReport'
2020-03-09 20:45:22.225 [main] DEBUG o.s.b.f.s.DefaultListableBeanFactory - Returning cached instance of singleton bean 'autoConfigurationReport'
2020-03-09 20:45:22.226 [main] DEBUG o.s.b.f.s.DefaultListableBeanFactory - Returning cached instance of singleton bean 'autoConfigurationReport'
2020-03-09 20:45:22.227 [main] DEBUG o.s.b.f.s.DefaultListableBeanFactory - Returning cached instance of singleton bean 'autoConfigurationReport'
2020-03-09 20:45:22.235 [main] DEBUG o.s.b.f.s.DefaultListableBeanFactory - Returning cached instance of singleton bean 'autoConfigurationReport'
2020-03-09 20:45:22.239 [main] DEBUG o.s.b.f.s.DefaultListableBeanFactory - Returning cached instance of singleton bean 'autoConfigurationReport'
2020-03-09 20:45:22.243 [main] DEBUG o.s.b.f.s.DefaultListableBeanFactory - Returning cached instance of singleton bean 'autoConfigurationReport'
2020-03-09 20:45:22.244 [main] DEBUG o.s.b.f.s.DefaultListableBeanFactory - Returning cached instance of singleton bean 'autoConfigurationReport'
2020-03-09 20:45:22.245 [main] DEBUG o.s.b.f.s.DefaultListableBeanFactory - Returning cached instance of singleton bean 'autoConfigurationReport'
2020-03-09 20:45:22.248 [main] DEBUG o.s.b.f.s.DefaultListableBeanFactory - Returning cached instance of singleton bean 'autoConfigurationReport'
2020-03-09 20:45:22.249 [main] DEBUG o.s.b.f.s.DefaultListableBeanFactory - Returning cached instance of singleton bean 'autoConfigurationReport'
2020-03-09 20:45:22.254 [main] DEBUG o.s.b.f.s.DefaultListableBeanFactory - Returning cached instance of singleton bean 'autoConfigurationReport'
2020-03-09 20:45:22.255 [main] DEBUG o.s.b.f.s.DefaultListableBeanFactory - Returning cached instance of singleton bean 'autoConfigurationReport'
2020-03-09 20:45:22.257 [main] DEBUG o.s.b.f.s.DefaultListableBeanFactory - Returning cached instance of singleton bean 'autoConfigurationReport'
2020-03-09 20:45:22.257 [main] DEBUG o.s.b.f.s.DefaultListableBeanFactory - Returning cached instance of singleton bean 'autoConfigurationReport'
2020-03-09 20:45:22.259 [main] DEBUG o.s.b.f.s.DefaultListableBeanFactory - Returning cached instance of singleton bean 'autoConfigurationReport'
2020-03-09 20:45:22.259 [main] DEBUG o.s.b.f.s.DefaultListableBeanFactory - Returning cached instance of singleton bean 'autoConfigurationReport'
2020-03-09 20:45:22.260 [main] DEBUG o.s.c.a.ConfigurationClassBeanDefinitionReader - Registered bean definition for imported class 'springfox.documentation.schema.configuration.ModelsConfiguration'
2020-03-09 20:45:22.260 [main] DEBUG o.s.c.a.ConfigurationClassBeanDefinitionReader - Registering bean definition for @Bean method springfox.documentation.schema.configuration.ModelsConfiguration.typeResolver()
2020-03-09 20:45:22.270 [main] DEBUG o.s.c.a.ConfigurationClassBeanDefinitionReader - Registered bean definition for imported class 'springfox.documentation.spring.web.SpringfoxWebMvcConfiguration'
2020-03-09 20:45:22.272 [main] DEBUG o.s.c.a.ConfigurationClassBeanDefinitionReader - Registering bean definition for @Bean method springfox.documentation.spring.web.SpringfoxWebMvcConfiguration.defaults()
2020-03-09 20:45:22.272 [main] DEBUG o.s.c.a.ConfigurationClassBeanDefinitionReader - Registering bean definition for @Bean method springfox.documentation.spring.web.SpringfoxWebMvcConfiguration.resourceGroupCache()
2020-03-09 20:45:22.273 [main] DEBUG o.s.c.a.ConfigurationClassBeanDefinitionReader - Registering bean definition for @Bean method springfox.documentation.spring.web.SpringfoxWebMvcConfiguration.objectMapperConfigurer()
2020-03-09 20:45:22.273 [main] DEBUG o.s.c.a.ConfigurationClassBeanDefinitionReader - Registering bean definition for @Bean method springfox.documentation.spring.web.SpringfoxWebMvcConfiguration.jsonSerializer()
2020-03-09 20:45:22.273 [main] DEBUG o.s.c.a.ConfigurationClassBeanDefinitionReader - Registering bean definition for @Bean method springfox.documentation.spring.web.SpringfoxWebMvcConfiguration.descriptionResolver()
2020-03-09 20:45:22.275 [main] DEBUG o.s.c.a.ConfigurationClassBeanDefinitionReader - Registered bean definition for imported class 'springfox.documentation.swagger.configuration.SwaggerCommonConfiguration'
2020-03-09 20:45:22.277 [main] DEBUG o.s.c.a.ConfigurationClassBeanDefinitionReader - Registered bean definition for imported class 'springfox.documentation.swagger2.configuration.Swagger2DocumentationConfiguration'
2020-03-09 20:45:22.277 [main] DEBUG o.s.c.a.ConfigurationClassBeanDefinitionReader - Registering bean definition for @Bean method springfox.documentation.swagger2.configuration.Swagger2DocumentationConfiguration.swagger2Module()
2020-03-09 20:45:22.278 [main] DEBUG o.s.c.a.ConfigurationClassBeanDefinitionReader - Registering bean definition for @Bean method springfox.documentation.swagger2.configuration.Swagger2DocumentationConfiguration.swagger2ControllerMapping()
2020-03-09 20:45:22.278 [main] DEBUG o.s.c.a.ConfigurationClassBeanDefinitionReader - Registering bean definition for @Bean method com.ningmeng.api.config.Swagger2Configuration.createRestApi()
2020-03-09 20:45:22.279 [main] DEBUG o.s.c.a.ConfigurationClassBeanDefinitionReader - Registering bean definition for @Bean method com.ningmeng.manage_course.ManageCourseApplication.restTemplate()
2020-03-09 20:45:22.288 [main] DEBUG o.s.c.i.s.PathMatchingResourcePatternResolver - Resolved classpath location [com/ningmeng/manage_course/] to resources [URL [file:/E:/1704A/hdServiceCode/nm-service-manage-course/target/test-classes/com/ningmeng/manage_course/], URL [file:/E:/1704A/hdServiceCode/nm-service-manage-course/target/classes/com/ningmeng/manage_course/]]
2020-03-09 20:45:22.288 [main] DEBUG o.s.c.i.s.PathMatchingResourcePatternResolver - Looking for matching resources in directory tree [E:\1704A\hdServiceCode\nm-service-manage-course\target\test-classes\com\ningmeng\manage_course]
2020-03-09 20:45:22.288 [main] DEBUG o.s.c.i.s.PathMatchingResourcePatternResolver - Searching directory [E:\1704A\hdServiceCode\nm-service-manage-course\target\test-classes\com\ningmeng\manage_course] for files matching pattern [E:/1704A/hdServiceCode/nm-service-manage-course/target/test-classes/com/ningmeng/manage_course/**/*.class]
2020-03-09 20:45:22.289 [main] DEBUG o.s.c.i.s.PathMatchingResourcePatternResolver - Searching directory [E:\1704A\hdServiceCode\nm-service-manage-course\target\test-classes\com\ningmeng\manage_course\dao] for files matching pattern [E:/1704A/hdServiceCode/nm-service-manage-course/target/test-classes/com/ningmeng/manage_course/**/*.class]
2020-03-09 20:45:22.290 [main] DEBUG o.s.c.i.s.PathMatchingResourcePatternResolver - Looking for matching resources in directory tree [E:\1704A\hdServiceCode\nm-service-manage-course\target\classes\com\ningmeng\manage_course]
2020-03-09 20:45:22.290 [main] DEBUG o.s.c.i.s.PathMatchingResourcePatternResolver - Searching directory [E:\1704A\hdServiceCode\nm-service-manage-course\target\classes\com\ningmeng\manage_course] for files matching pattern [E:/1704A/hdServiceCode/nm-service-manage-course/target/classes/com/ningmeng/manage_course/**/*.class]
2020-03-09 20:45:22.291 [main] DEBUG o.s.c.i.s.PathMatchingResourcePatternResolver - Searching directory [E:\1704A\hdServiceCode\nm-service-manage-course\target\classes\com\ningmeng\manage_course\client] for files matching pattern [E:/1704A/hdServiceCode/nm-service-manage-course/target/classes/com/ningmeng/manage_course/**/*.class]
2020-03-09 20:45:22.291 [main] DEBUG o.s.c.i.s.PathMatchingResourcePatternResolver - Searching directory [E:\1704A\hdServiceCode\nm-service-manage-course\target\classes\com\ningmeng\manage_course\controller] for files matching pattern [E:/1704A/hdServiceCode/nm-service-manage-course/target/classes/com/ningmeng/manage_course/**/*.class]
2020-03-09 20:45:22.291 [main] DEBUG o.s.c.i.s.PathMatchingResourcePatternResolver - Searching directory [E:\1704A\hdServiceCode\nm-service-manage-course\target\classes\com\ningmeng\manage_course\dao] for files matching pattern [E:/1704A/hdServiceCode/nm-service-manage-course/target/classes/com/ningmeng/manage_course/**/*.class]
2020-03-09 20:45:22.292 [main] DEBUG o.s.c.i.s.PathMatchingResourcePatternResolver - Searching directory [E:\1704A\hdServiceCode\nm-service-manage-course\target\classes\com\ningmeng\manage_course\service] for files matching pattern [E:/1704A/hdServiceCode/nm-service-manage-course/target/classes/com/ningmeng/manage_course/**/*.class]
2020-03-09 20:45:22.293 [main] DEBUG o.s.c.i.s.PathMatchingResourcePatternResolver - Resolved location pattern [classpath*:com/ningmeng/manage_course/**/*.class] to resources [file [E:\1704A\hdServiceCode\nm-service-manage-course\target\test-classes\com\ningmeng\manage_course\dao\FeignTest.class], file [E:\1704A\hdServiceCode\nm-service-manage-course\target\test-classes\com\ningmeng\manage_course\dao\TestDao.class], file [E:\1704A\hdServiceCode\nm-service-manage-course\target\test-classes\com\ningmeng\manage_course\dao\Tests.class], file [E:\1704A\hdServiceCode\nm-service-manage-course\target\classes\com\ningmeng\manage_course\client\CmsPageClient.class], file [E:\1704A\hdServiceCode\nm-service-manage-course\target\classes\com\ningmeng\manage_course\controller\CourseController.class], file [E:\1704A\hdServiceCode\nm-service-manage-course\target\classes\com\ningmeng\manage_course\controller\SysDicthinaryController.class], file [E:\1704A\hdServiceCode\nm-service-manage-course\target\classes\com\ningmeng\manage_course\dao\CategoryMapper.class], file [E:\1704A\hdServiceCode\nm-service-manage-course\target\classes\com\ningmeng\manage_course\dao\CourseBaseRepository.class], file [E:\1704A\hdServiceCode\nm-service-manage-course\target\classes\com\ningmeng\manage_course\dao\CourseMapper.class], file [E:\1704A\hdServiceCode\nm-service-manage-course\target\classes\com\ningmeng\manage_course\dao\CourseMarketMapper.class], file [E:\1704A\hdServiceCode\nm-service-manage-course\target\classes\com\ningmeng\manage_course\dao\CourseMarketRepository.class], file [E:\1704A\hdServiceCode\nm-service-manage-course\target\classes\com\ningmeng\manage_course\dao\CoursePicRepository.class], file [E:\1704A\hdServiceCode\nm-service-manage-course\target\classes\com\ningmeng\manage_course\dao\CoursePubRepository.class], file [E:\1704A\hdServiceCode\nm-service-manage-course\target\classes\com\ningmeng\manage_course\dao\SysDictionaryRepository.class], file [E:\1704A\hdServiceCode\nm-service-manage-course\target\classes\com\ningmeng\manage_course\dao\TeachplanMapper.class], file [E:\1704A\hdServiceCode\nm-service-manage-course\target\classes\com\ningmeng\manage_course\dao\TeachplanMediaPubRepository.class], file [E:\1704A\hdServiceCode\nm-service-manage-course\target\classes\com\ningmeng\manage_course\dao\TeachplanMediaRepository.class], file [E:\1704A\hdServiceCode\nm-service-manage-course\target\classes\com\ningmeng\manage_course\dao\TeachplanRepository.class], file [E:\1704A\hdServiceCode\nm-service-manage-course\target\classes\com\ningmeng\manage_course\ManageCourseApplication.class], file [E:\1704A\hdServiceCode\nm-service-manage-course\target\classes\com\ningmeng\manage_course\service\CourseService.class], file [E:\1704A\hdServiceCode\nm-service-manage-course\target\classes\com\ningmeng\manage_course\service\SysDicthinaryService.class]]
2020-03-09 20:45:22.293 [main] DEBUG o.s.c.o.FeignClientsRegistrar$2 - Identified candidate component class: file [E:\1704A\hdServiceCode\nm-service-manage-course\target\classes\com\ningmeng\manage_course\client\CmsPageClient.class]
2020-03-09 20:45:22.297 [main] DEBUG o.s.c.a.ConfigurationClassBeanDefinitionReader - Registered bean definition for imported class 'org.springframework.boot.autoconfigure.context.PropertyPlaceholderAutoConfiguration'
2020-03-09 20:45:22.297 [main] DEBUG o.s.b.f.s.DefaultListableBeanFactory - Creating shared instance of singleton bean 'org.springframework.boot.autoconfigure.condition.BeanTypeRegistry'
2020-03-09 20:45:22.298 [main] DEBUG o.s.b.f.s.DefaultListableBeanFactory - Creating instance of bean 'org.springframework.boot.autoconfigure.condition.BeanTypeRegistry'
2020-03-09 20:45:22.298 [main] DEBUG o.s.b.f.s.DefaultListableBeanFactory - Eagerly caching bean 'org.springframework.boot.autoconfigure.condition.BeanTypeRegistry' to allow for resolving potential circular references
2020-03-09 20:45:22.298 [main] DEBUG o.s.b.f.s.DefaultListableBeanFactory - Finished creating instance of bean 'org.springframework.boot.autoconfigure.condition.BeanTypeRegistry'
2020-03-09 20:45:22.310 [main] DEBUG o.s.b.f.s.DefaultListableBeanFactory - Returning cached instance of singleton bean 'autoConfigurationReport'
2020-03-09 20:45:22.310 [main] DEBUG o.s.c.a.ConfigurationClassBeanDefinitionReader - Registering bean definition for @Bean method org.springframework.boot.autoconfigure.context.PropertyPlaceholderAutoConfiguration.propertySourcesPlaceholderConfigurer()
2020-03-09 20:45:22.310 [main] DEBUG o.s.b.f.s.DefaultListableBeanFactory - Returning cached instance of singleton bean 'autoConfigurationReport'
2020-03-09 20:45:22.310 [main] DEBUG o.s.b.f.s.DefaultListableBeanFactory - Returning cached instance of singleton bean 'autoConfigurationReport'
2020-03-09 20:45:22.310 [main] DEBUG o.s.b.f.s.DefaultListableBeanFactory - Returning cached instance of singleton bean 'autoConfigurationReport'
2020-03-09 20:45:22.310 [main] DEBUG o.s.c.a.ConfigurationClassBeanDefinitionReader - Registered bean definition for imported class 'org.springframework.boot.autoconfigure.websocket.servlet.WebSocketServletAutoConfiguration$TomcatWebSocketConfiguration'
2020-03-09 20:45:22.311 [main] DEBUG o.s.b.f.s.DefaultListableBeanFactory - Returning cached instance of singleton bean 'autoConfigurationReport'
2020-03-09 20:45:22.311 [main] DEBUG o.s.c.a.ConfigurationClassBeanDefinitionReader - Registering bean definition for @Bean method org.springframework.boot.autoconfigure.websocket.servlet.WebSocketServletAutoConfiguration$TomcatWebSocketConfiguration.websocketContainerCustomizer()
2020-03-09 20:45:22.312 [main] DEBUG o.s.c.a.ConfigurationClassBeanDefinitionReader - Registered bean definition for imported class 'org.springframework.boot.autoconfigure.websocket.servlet.WebSocketServletAutoConfiguration'
2020-03-09 20:45:22.313 [main] DEBUG o.s.b.f.s.DefaultListableBeanFactory - Returning cached instance of singleton bean 'autoConfigurationReport'
2020-03-09 20:45:22.314 [main] DEBUG o.s.b.f.s.DefaultListableBeanFactory - Returning cached instance of singleton bean 'autoConfigurationReport'
2020-03-09 20:45:22.314 [main] DEBUG o.s.b.f.s.DefaultListableBeanFactory - Returning cached instance of singleton bean 'autoConfigurationReport'
2020-03-09 20:45:22.315 [main] DEBUG o.s.b.f.s.DefaultListableBeanFactory - Returning cached instance of singleton bean 'org.springframework.boot.autoconfigure.condition.BeanTypeRegistry'
2020-03-09 20:45:22.320 [main] DEBUG o.s.b.f.s.DefaultListableBeanFactory - Returning cached instance of singleton bean 'autoConfigurationReport'
2020-03-09 20:45:22.320 [main] DEBUG o.s.c.a.ConfigurationClassBeanDefinitionReader - Registered bean definition for imported class 'org.springframework.boot.autoconfigure.web.servlet.ServletWebServerFactoryConfiguration$EmbeddedTomcat'
2020-03-09 20:45:22.321 [main] DEBUG o.s.c.a.ConfigurationClassBeanDefinitionReader - Registering bean definition for @Bean method org.springframework.boot.autoconfigure.web.servlet.ServletWebServerFactoryConfiguration$EmbeddedTomcat.tomcatServletWebServerFactory()
2020-03-09 20:45:22.322 [main] DEBUG o.s.c.a.ConfigurationClassBeanDefinitionReader - Registered bean definition for imported class 'org.springframework.boot.autoconfigure.web.servlet.ServletWebServerFactoryAutoConfiguration'
2020-03-09 20:45:22.323 [main] DEBUG o.s.c.a.ConfigurationClassBeanDefinitionReader - Registering bean definition for @Bean method org.springframework.boot.autoconfigure.web.servlet.ServletWebServerFactoryAutoConfiguration.servletWebServerFactoryCustomizer()
2020-03-09 20:45:22.323 [main] DEBUG o.s.b.f.s.DefaultListableBeanFactory - Returning cached instance of singleton bean 'autoConfigurationReport'
2020-03-09 20:45:22.323 [main] DEBUG o.s.c.a.ConfigurationClassBeanDefinitionReader - Registering bean definition for @Bean method org.springframework.boot.autoconfigure.web.servlet.ServletWebServerFactoryAutoConfiguration.tomcatServletWebServerFactoryCustomizer()
2020-03-09 20:45:22.338 [main] DEBUG o.s.b.f.s.DefaultListableBeanFactory - Returning cached instance of singleton bean 'autoConfigurationReport'
2020-03-09 20:45:22.339 [main] DEBUG o.s.b.f.s.DefaultListableBeanFactory - Returning cached instance of singleton bean 'autoConfigurationReport'
2020-03-09 20:45:22.339 [main] DEBUG o.s.b.f.s.DefaultListableBeanFactory - Returning cached instance of singleton bean 'autoConfigurationReport'
2020-03-09 20:45:22.340 [main] DEBUG o.s.b.f.s.DefaultListableBeanFactory - Returning cached instance of singleton bean 'autoConfigurationReport'
2020-03-09 20:45:22.340 [main] DEBUG o.s.b.f.s.DefaultListableBeanFactory - Returning cached instance of singleton bean 'autoConfigurationReport'
2020-03-09 20:45:22.340 [main] DEBUG o.s.b.f.s.DefaultListableBeanFactory - Returning cached instance of singleton bean 'autoConfigurationReport'
2020-03-09 20:45:22.341 [main] DEBUG o.s.c.a.ConfigurationClassBeanDefinitionReader - Registered bean definition for imported class 'org.springframework.boot.autoconfigure.web.servlet.DispatcherServletAutoConfiguration$DispatcherServletConfiguration'
2020-03-09 20:45:22.342 [main] DEBUG o.s.c.a.ConfigurationClassBeanDefinitionReader - Registering bean definition for @Bean method org.springframework.boot.autoconfigure.web.servlet.DispatcherServletAutoConfiguration$DispatcherServletConfiguration.dispatcherServlet()
2020-03-09 20:45:22.342 [main] DEBUG o.s.b.f.s.DefaultListableBeanFactory - Returning cached instance of singleton bean 'org.springframework.boot.autoconfigure.condition.BeanTypeRegistry'
2020-03-09 20:45:22.343 [main] DEBUG o.s.b.f.s.DefaultListableBeanFactory - Returning cached instance of singleton bean 'org.springframework.boot.autoconfigure.condition.BeanTypeRegistry'
2020-03-09 20:45:22.344 [main] DEBUG o.s.b.f.s.DefaultListableBeanFactory - Returning cached instance of singleton bean 'autoConfigurationReport'
2020-03-09 20:45:22.344 [main] DEBUG o.s.c.a.ConfigurationClassBeanDefinitionReader - Registered bean definition for imported class 'org.springframework.boot.autoconfigure.web.servlet.DispatcherServletAutoConfiguration$DispatcherServletRegistrationConfiguration'
2020-03-09 20:45:22.344 [main] DEBUG o.s.b.f.s.DefaultListableBeanFactory - Returning cached instance of singleton bean 'org.springframework.boot.autoconfigure.condition.BeanTypeRegistry'
2020-03-09 20:45:22.346 [main] DEBUG o.s.b.f.s.DefaultListableBeanFactory - Returning cached instance of singleton bean 'org.springframework.boot.autoconfigure.condition.BeanTypeRegistry'
2020-03-09 20:45:22.346 [main] DEBUG o.s.b.f.s.DefaultListableBeanFactory - Returning cached instance of singleton bean 'autoConfigurationReport'
2020-03-09 20:45:22.346 [main] DEBUG o.s.c.a.ConfigurationClassBeanDefinitionReader - Registering bean definition for @Bean method org.springframework.boot.autoconfigure.web.servlet.DispatcherServletAutoConfiguration$DispatcherServletRegistrationConfiguration.dispatcherServletRegistration()
2020-03-09 20:45:22.346 [main] DEBUG o.s.c.a.ConfigurationClassBeanDefinitionReader - Registered bean definition for imported class 'org.springframework.boot.autoconfigure.web.servlet.DispatcherServletAutoConfiguration'
2020-03-09 20:45:22.347 [main] DEBUG o.s.b.f.s.DefaultListableBeanFactory - Returning cached instance of singleton bean 'autoConfigurationReport'
2020-03-09 20:45:22.347 [main] DEBUG o.s.b.f.s.DefaultListableBeanFactory - Returning cached instance of singleton bean 'autoConfigurationReport'
2020-03-09 20:45:22.347 [main] DEBUG o.s.b.f.s.DefaultListableBeanFactory - Returning cached instance of singleton bean 'autoConfigurationReport'
2020-03-09 20:45:22.347 [main] DEBUG o.s.c.a.ConfigurationClassBeanDefinitionReader - Registered bean definition for imported class 'org.springframework.cloud.netflix.archaius.ArchaiusAutoConfiguration$PropagateEventsConfiguration'
2020-03-09 20:45:22.347 [main] DEBUG o.s.c.a.ConfigurationClassBeanDefinitionReader - Registered bean definition for imported class 'org.springframework.cloud.netflix.archaius.ArchaiusAutoConfiguration'
2020-03-09 20:45:22.347 [main] DEBUG o.s.c.a.ConfigurationClassBeanDefinitionReader - Registering bean definition for @Bean method org.springframework.cloud.netflix.archaius.ArchaiusAutoConfiguration.configurableEnvironmentConfiguration()
2020-03-09 20:45:22.348 [main] DEBUG o.s.b.f.s.DefaultListableBeanFactory - Returning cached instance of singleton bean 'autoConfigurationReport'
2020-03-09 20:45:22.348 [main] DEBUG o.s.b.f.s.DefaultListableBeanFactory - Returning cached instance of singleton bean 'autoConfigurationReport'
2020-03-09 20:45:22.348 [main] DEBUG o.s.c.a.ConfigurationClassBeanDefinitionReader - Registered bean definition for imported class 'org.springframework.boot.autoconfigure.validation.ValidationAutoConfiguration'
2020-03-09 20:45:22.348 [main] DEBUG o.s.b.f.s.DefaultListableBeanFactory - Returning cached instance of singleton bean 'org.springframework.boot.autoconfigure.condition.BeanTypeRegistry'
2020-03-09 20:45:22.357 [main] DEBUG o.s.b.f.s.DefaultListableBeanFactory - Returning cached instance of singleton bean 'org.springframework.boot.autoconfigure.condition.BeanTypeRegistry'
2020-03-09 20:45:22.357 [main] DEBUG o.s.b.f.s.DefaultListableBeanFactory - Returning cached instance of singleton bean 'autoConfigurationReport'
2020-03-09 20:45:22.358 [main] DEBUG o.s.c.a.ConfigurationClassBeanDefinitionReader - Registering bean definition for @Bean method org.springframework.boot.autoconfigure.validation.ValidationAutoConfiguration.defaultValidator()
2020-03-09 20:45:22.359 [main] DEBUG o.s.b.f.s.DefaultListableBeanFactory - Returning cached instance of singleton bean 'org.springframework.boot.autoconfigure.condition.BeanTypeRegistry'
2020-03-09 20:45:22.361 [main] DEBUG o.s.b.f.s.DefaultListableBeanFactory - Returning cached instance of singleton bean 'org.springframework.boot.autoconfigure.condition.BeanTypeRegistry'
2020-03-09 20:45:22.361 [main] DEBUG o.s.b.f.s.DefaultListableBeanFactory - Returning cached instance of singleton bean 'autoConfigurationReport'
2020-03-09 20:45:22.362 [main] DEBUG o.s.c.a.ConfigurationClassBeanDefinitionReader - Registering bean definition for @Bean method org.springframework.boot.autoconfigure.validation.ValidationAutoConfiguration.methodValidationPostProcessor()
2020-03-09 20:45:22.363 [main] DEBUG o.s.b.f.s.DefaultListableBeanFactory - Returning cached instance of singleton bean 'autoConfigurationReport'
2020-03-09 20:45:22.363 [main] DEBUG o.s.b.f.s.DefaultListableBeanFactory - Returning cached instance of singleton bean 'autoConfigurationReport'
2020-03-09 20:45:22.363 [main] DEBUG o.s.b.f.s.DefaultListableBeanFactory - Returning cached instance of singleton bean 'autoConfigurationReport'
2020-03-09 20:45:22.365 [main] DEBUG o.s.c.e.PropertySourcesPropertyResolver - Could not find key 'spring.template.provider.cache' in any property source
2020-03-09 20:45:22.369 [main] DEBUG o.s.b.f.s.DefaultListableBeanFactory - Returning cached instance of singleton bean 'autoConfigurationReport'
2020-03-09 20:45:22.369 [main] DEBUG o.s.c.a.ConfigurationClassBeanDefinitionReader - Registered bean definition for imported class 'org.springframework.boot.autoconfigure.web.servlet.error.ErrorMvcAutoConfiguration$WhitelabelErrorViewConfiguration'
2020-03-09 20:45:22.369 [main] DEBUG o.s.b.f.s.DefaultListableBeanFactory - Returning cached instance of singleton bean 'autoConfigurationReport'
2020-03-09 20:45:22.370 [main] DEBUG o.s.c.a.ConfigurationClassBeanDefinitionReader - Registering bean definition for @Bean method org.springframework.boot.autoconfigure.web.servlet.error.ErrorMvcAutoConfiguration$WhitelabelErrorViewConfiguration.error()
2020-03-09 20:45:22.371 [main] DEBUG o.s.b.f.s.DefaultListableBeanFactory - Returning cached instance of singleton bean 'org.springframework.boot.autoconfigure.condition.BeanTypeRegistry'
2020-03-09 20:45:22.373 [main] DEBUG o.s.b.f.s.DefaultListableBeanFactory - Returning cached instance of singleton bean 'org.springframework.boot.autoconfigure.condition.BeanTypeRegistry'
2020-03-09 20:45:22.373 [main] DEBUG o.s.b.f.s.DefaultListableBeanFactory - Returning cached instance of singleton bean 'autoConfigurationReport'
2020-03-09 20:45:22.374 [main] DEBUG o.s.c.a.ConfigurationClassBeanDefinitionReader - Registering bean definition for @Bean method org.springframework.boot.autoconfigure.web.servlet.error.ErrorMvcAutoConfiguration$WhitelabelErrorViewConfiguration.beanNameViewResolver()
2020-03-09 20:45:22.374 [main] DEBUG o.s.c.a.ConfigurationClassBeanDefinitionReader - Registered bean definition for imported class 'org.springframework.boot.autoconfigure.web.servlet.error.ErrorMvcAutoConfiguration$DefaultErrorViewResolverConfiguration'
2020-03-09 20:45:22.374 [main] DEBUG o.s.b.f.s.DefaultListableBeanFactory - Returning cached instance of singleton bean 'org.springframework.boot.autoconfigure.condition.BeanTypeRegistry'
2020-03-09 20:45:22.375 [main] DEBUG o.s.b.f.s.DefaultListableBeanFactory - Returning cached instance of singleton bean 'org.springframework.boot.autoconfigure.condition.BeanTypeRegistry'
2020-03-09 20:45:22.376 [main] DEBUG o.s.b.f.s.DefaultListableBeanFactory - Returning cached instance of singleton bean 'org.springframework.boot.autoconfigure.condition.BeanTypeRegistry'
2020-03-09 20:45:22.376 [main] DEBUG o.s.b.f.s.DefaultListableBeanFactory - Returning cached instance of singleton bean 'org.springframework.boot.autoconfigure.condition.BeanTypeRegistry'
2020-03-09 20:45:22.377 [main] DEBUG o.s.b.f.s.DefaultListableBeanFactory - Returning cached instance of singleton bean 'autoConfigurationReport'
2020-03-09 20:45:22.377 [main] DEBUG o.s.b.f.s.DefaultListableBeanFactory - Returning cached instance of singleton bean 'org.springframework.boot.autoconfigure.condition.BeanTypeRegistry'
2020-03-09 20:45:22.377 [main] DEBUG o.s.b.f.s.DefaultListableBeanFactory - Returning cached instance of singleton bean 'org.springframework.boot.autoconfigure.condition.BeanTypeRegistry'
2020-03-09 20:45:22.377 [main] DEBUG o.s.b.f.s.DefaultListableBeanFactory - Returning cached instance of singleton bean 'org.springframework.boot.autoconfigure.condition.BeanTypeRegistry'
2020-03-09 20:45:22.377 [main] DEBUG o.s.b.f.s.DefaultListableBeanFactory - Returning cached instance of singleton bean 'org.springframework.boot.autoconfigure.condition.BeanTypeRegistry'
2020-03-09 20:45:22.377 [main] DEBUG o.s.b.f.s.DefaultListableBeanFactory - Returning cached instance of singleton bean 'autoConfigurationReport'
2020-03-09 20:45:22.377 [main] DEBUG o.s.c.a.ConfigurationClassBeanDefinitionReader - Registering bean definition for @Bean method org.springframework.boot.autoconfigure.web.servlet.error.ErrorMvcAutoConfiguration$DefaultErrorViewResolverConfiguration.conventionErrorViewResolver()
2020-03-09 20:45:22.379 [main] DEBUG o.s.c.a.ConfigurationClassBeanDefinitionReader - Registered bean definition for imported class 'org.springframework.boot.autoconfigure.web.servlet.error.ErrorMvcAutoConfiguration'
2020-03-09 20:45:22.379 [main] DEBUG o.s.b.f.s.DefaultListableBeanFactory - Returning cached instance of singleton bean 'org.springframework.boot.autoconfigure.condition.BeanTypeRegistry'
2020-03-09 20:45:22.380 [main] DEBUG o.s.b.f.s.DefaultListableBeanFactory - Returning cached instance of singleton bean 'autoConfigurationReport'
2020-03-09 20:45:22.381 [main] DEBUG o.s.c.a.ConfigurationClassBeanDefinitionReader - Registering bean definition for @Bean method org.springframework.boot.autoconfigure.web.servlet.error.ErrorMvcAutoConfiguration.errorAttributes()
2020-03-09 20:45:22.381 [main] DEBUG o.s.b.f.s.DefaultListableBeanFactory - Returning cached instance of singleton bean 'org.springframework.boot.autoconfigure.condition.BeanTypeRegistry'
2020-03-09 20:45:22.385 [main] DEBUG o.s.b.f.s.DefaultListableBeanFactory - Returning cached instance of singleton bean 'autoConfigurationReport'
2020-03-09 20:45:22.386 [main] DEBUG o.s.c.a.ConfigurationClassBeanDefinitionReader - Registering bean definition for @Bean method org.springframework.boot.autoconfigure.web.servlet.error.ErrorMvcAutoConfiguration.basicErrorController()
2020-03-09 20:45:22.386 [main] DEBUG o.s.c.a.ConfigurationClassBeanDefinitionReader - Registering bean definition for @Bean method org.springframework.boot.autoconfigure.web.servlet.error.ErrorMvcAutoConfiguration.errorPageCustomizer()
2020-03-09 20:45:22.386 [main] DEBUG o.s.c.a.ConfigurationClassBeanDefinitionReader - Registering bean definition for @Bean method org.springframework.boot.autoconfigure.web.servlet.error.ErrorMvcAutoConfiguration.preserveErrorControllerTargetClassPostProcessor()
2020-03-09 20:45:22.386 [main] DEBUG o.s.b.f.s.DefaultListableBeanFactory - Returning cached instance of singleton bean 'autoConfigurationReport'
2020-03-09 20:45:22.387 [main] DEBUG o.s.b.f.s.DefaultListableBeanFactory - Returning cached instance of singleton bean 'autoConfigurationReport'
2020-03-09 20:45:22.388 [main] DEBUG o.s.b.f.s.DefaultListableBeanFactory - Returning cached instance of singleton bean 'org.springframework.boot.autoconfigure.condition.BeanTypeRegistry'
2020-03-09 20:45:22.389 [main] DEBUG o.s.b.f.s.DefaultListableBeanFactory - Returning cached instance of singleton bean 'org.springframework.boot.autoconfigure.condition.BeanTypeRegistry'
2020-03-09 20:45:22.389 [main] DEBUG o.s.b.f.s.DefaultListableBeanFactory - Returning cached instance of singleton bean 'autoConfigurationReport'
2020-03-09 20:45:22.389 [main] DEBUG o.s.b.f.s.DefaultListableBeanFactory - Returning cached instance of singleton bean 'autoConfigurationReport'
2020-03-09 20:45:22.389 [main] DEBUG o.s.c.a.ConfigurationClassBeanDefinitionReader - Registered bean definition for imported class 'org.springframework.boot.autoconfigure.web.servlet.WebMvcAutoConfiguration$WebMvcAutoConfigurationAdapter$FaviconConfiguration'
2020-03-09 20:45:22.389 [main] DEBUG o.s.c.a.ConfigurationClassBeanDefinitionReader - Registering bean definition for @Bean method org.springframework.boot.autoconfigure.web.servlet.WebMvcAutoConfiguration$WebMvcAutoConfigurationAdapter$FaviconConfiguration.faviconHandlerMapping()
2020-03-09 20:45:22.390 [main] DEBUG o.s.c.a.ConfigurationClassBeanDefinitionReader - Registering bean definition for @Bean method org.springframework.boot.autoconfigure.web.servlet.WebMvcAutoConfiguration$WebMvcAutoConfigurationAdapter$FaviconConfiguration.faviconRequestHandler()
2020-03-09 20:45:22.390 [main] DEBUG o.s.c.a.ConfigurationClassBeanDefinitionReader - Registered bean definition for imported class 'org.springframework.boot.autoconfigure.web.servlet.WebMvcAutoConfiguration$EnableWebMvcConfiguration'
2020-03-09 20:45:22.390 [main] DEBUG o.s.c.a.ConfigurationClassBeanDefinitionReader - Registering bean definition for @Bean method org.springframework.boot.autoconfigure.web.servlet.WebMvcAutoConfiguration$EnableWebMvcConfiguration.requestMappingHandlerAdapter()
2020-03-09 20:45:22.390 [main] DEBUG o.s.c.a.ConfigurationClassBeanDefinitionReader - Registering bean definition for @Bean method org.springframework.boot.autoconfigure.web.servlet.WebMvcAutoConfiguration$EnableWebMvcConfiguration.requestMappingHandlerMapping()
2020-03-09 20:45:22.390 [main] DEBUG o.s.c.a.ConfigurationClassBeanDefinitionReader - Registering bean definition for @Bean method org.springframework.boot.autoconfigure.web.servlet.WebMvcAutoConfiguration$EnableWebMvcConfiguration.mvcConversionService()
2020-03-09 20:45:22.391 [main] DEBUG o.s.c.a.ConfigurationClassBeanDefinitionReader - Registering bean definition for @Bean method org.springframework.boot.autoconfigure.web.servlet.WebMvcAutoConfiguration$EnableWebMvcConfiguration.mvcValidator()
2020-03-09 20:45:22.391 [main] DEBUG o.s.c.a.ConfigurationClassBeanDefinitionReader - Registering bean definition for @Bean method org.springframework.boot.autoconfigure.web.servlet.WebMvcAutoConfiguration$EnableWebMvcConfiguration.mvcContentNegotiationManager()
2020-03-09 20:45:22.391 [main] DEBUG o.s.c.a.ConfigurationClassBeanDefinitionReader - Registering bean definition for @Bean method org.springframework.boot.autoconfigure.web.servlet.WebMvcAutoConfiguration$EnableWebMvcConfiguration.mvcPathMatcher()
2020-03-09 20:45:22.391 [main] DEBUG o.s.c.a.ConfigurationClassBeanDefinitionReader - Registering bean definition for @Bean method org.springframework.boot.autoconfigure.web.servlet.WebMvcAutoConfiguration$EnableWebMvcConfiguration.mvcUrlPathHelper()
2020-03-09 20:45:22.391 [main] DEBUG o.s.c.a.ConfigurationClassBeanDefinitionReader - Registering bean definition for @Bean method org.springframework.boot.autoconfigure.web.servlet.WebMvcAutoConfiguration$EnableWebMvcConfiguration.viewControllerHandlerMapping()
2020-03-09 20:45:22.391 [main] DEBUG o.s.c.a.ConfigurationClassBeanDefinitionReader - Registering bean definition for @Bean method org.springframework.boot.autoconfigure.web.servlet.WebMvcAutoConfiguration$EnableWebMvcConfiguration.beanNameHandlerMapping()
2020-03-09 20:45:22.391 [main] DEBUG o.s.c.a.ConfigurationClassBeanDefinitionReader - Registering bean definition for @Bean method org.springframework.boot.autoconfigure.web.servlet.WebMvcAutoConfiguration$EnableWebMvcConfiguration.resourceHandlerMapping()
2020-03-09 20:45:22.392 [main] DEBUG o.s.c.a.ConfigurationClassBeanDefinitionReader - Registering bean definition for @Bean method org.springframework.boot.autoconfigure.web.servlet.WebMvcAutoConfiguration$EnableWebMvcConfiguration.mvcResourceUrlProvider()
2020-03-09 20:45:22.392 [main] DEBUG o.s.c.a.ConfigurationClassBeanDefinitionReader - Registering bean definition for @Bean method org.springframework.boot.autoconfigure.web.servlet.WebMvcAutoConfiguration$EnableWebMvcConfiguration.defaultServletHandlerMapping()
2020-03-09 20:45:22.392 [main] DEBUG o.s.c.a.ConfigurationClassBeanDefinitionReader - Registering bean definition for @Bean method org.springframework.boot.autoconfigure.web.servlet.WebMvcAutoConfiguration$EnableWebMvcConfiguration.mvcUriComponentsContributor()
2020-03-09 20:45:22.392 [main] DEBUG o.s.c.a.ConfigurationClassBeanDefinitionReader - Registering bean definition for @Bean method org.springframework.boot.autoconfigure.web.servlet.WebMvcAutoConfiguration$EnableWebMvcConfiguration.httpRequestHandlerAdapter()
2020-03-09 20:45:22.392 [main] DEBUG o.s.c.a.ConfigurationClassBeanDefinitionReader - Registering bean definition for @Bean method org.springframework.boot.autoconfigure.web.servlet.WebMvcAutoConfiguration$EnableWebMvcConfiguration.simpleControllerHandlerAdapter()
2020-03-09 20:45:22.392 [main] DEBUG o.s.c.a.ConfigurationClassBeanDefinitionReader - Registering bean definition for @Bean method org.springframework.boot.autoconfigure.web.servlet.WebMvcAutoConfiguration$EnableWebMvcConfiguration.handlerExceptionResolver()
2020-03-09 20:45:22.392 [main] DEBUG o.s.c.a.ConfigurationClassBeanDefinitionReader - Registering bean definition for @Bean method org.springframework.boot.autoconfigure.web.servlet.WebMvcAutoConfiguration$EnableWebMvcConfiguration.mvcViewResolver()
2020-03-09 20:45:22.392 [main] DEBUG o.s.c.a.ConfigurationClassBeanDefinitionReader - Registering bean definition for @Bean method org.springframework.boot.autoconfigure.web.servlet.WebMvcAutoConfiguration$EnableWebMvcConfiguration.mvcHandlerMappingIntrospector()
2020-03-09 20:45:22.394 [main] DEBUG o.s.c.a.ConfigurationClassBeanDefinitionReader - Registered bean definition for imported class 'org.springframework.boot.autoconfigure.web.servlet.WebMvcAutoConfiguration$WebMvcAutoConfigurationAdapter'
2020-03-09 20:45:22.396 [main] DEBUG o.s.b.f.s.DefaultListableBeanFactory - Returning cached instance of singleton bean 'org.springframework.boot.autoconfigure.condition.BeanTypeRegistry'
2020-03-09 20:45:22.423 [main] DEBUG o.s.b.f.s.DefaultListableBeanFactory - Returning cached instance of singleton bean 'org.springframework.boot.autoconfigure.condition.BeanTypeRegistry'
2020-03-09 20:45:22.423 [main] DEBUG o.s.b.f.s.DefaultListableBeanFactory - Returning cached instance of singleton bean 'autoConfigurationReport'
2020-03-09 20:45:22.423 [main] DEBUG o.s.c.a.ConfigurationClassBeanDefinitionReader - Registering bean definition for @Bean method org.springframework.boot.autoconfigure.web.servlet.WebMvcAutoConfiguration$WebMvcAutoConfigurationAdapter.defaultViewResolver()
2020-03-09 20:45:22.423 [main] DEBUG o.s.b.f.s.DefaultListableBeanFactory - Returning cached instance of singleton bean 'org.springframework.boot.autoconfigure.condition.BeanTypeRegistry'
2020-03-09 20:45:22.427 [main] DEBUG o.s.b.f.s.DefaultListableBeanFactory - Returning cached instance of singleton bean 'org.springframework.boot.autoconfigure.condition.BeanTypeRegistry'
2020-03-09 20:45:22.427 [main] DEBUG o.s.b.f.s.DefaultListableBeanFactory - Returning cached instance of singleton bean 'org.springframework.boot.autoconfigure.condition.BeanTypeRegistry'
2020-03-09 20:45:22.428 [main] DEBUG o.s.b.f.s.DefaultListableBeanFactory - Returning cached instance of singleton bean 'org.springframework.boot.autoconfigure.condition.BeanTypeRegistry'
2020-03-09 20:45:22.429 [main] DEBUG o.s.b.f.s.DefaultListableBeanFactory - Returning cached instance of singleton bean 'autoConfigurationReport'
2020-03-09 20:45:22.429 [main] DEBUG o.s.b.f.s.DefaultListableBeanFactory - Returning cached instance of singleton bean 'org.springframework.boot.autoconfigure.condition.BeanTypeRegistry'
2020-03-09 20:45:22.430 [main] DEBUG o.s.b.f.s.DefaultListableBeanFactory - Returning cached instance of singleton bean 'org.springframework.boot.autoconfigure.condition.BeanTypeRegistry'
2020-03-09 20:45:22.430 [main] DEBUG o.s.b.f.s.DefaultListableBeanFactory - Returning cached instance of singleton bean 'org.springframework.boot.autoconfigure.condition.BeanTypeRegistry'
2020-03-09 20:45:22.430 [main] DEBUG o.s.b.f.s.DefaultListableBeanFactory - Returning cached instance of singleton bean 'org.springframework.boot.autoconfigure.condition.BeanTypeRegistry'
2020-03-09 20:45:22.430 [main] DEBUG o.s.b.f.s.DefaultListableBeanFactory - Returning cached instance of singleton bean 'autoConfigurationReport'
2020-03-09 20:45:22.431 [main] DEBUG o.s.b.f.s.DefaultListableBeanFactory - Returning cached instance of singleton bean 'org.springframework.boot.autoconfigure.condition.BeanTypeRegistry'
2020-03-09 20:45:22.432 [main] DEBUG o.s.b.f.s.DefaultListableBeanFactory - Returning cached instance of singleton bean 'org.springframework.boot.autoconfigure.condition.BeanTypeRegistry'
2020-03-09 20:45:22.432 [main] DEBUG o.s.b.f.s.DefaultListableBeanFactory - Returning cached instance of singleton bean 'org.springframework.boot.autoconfigure.condition.BeanTypeRegistry'
2020-03-09 20:45:22.432 [main] DEBUG o.s.b.f.s.DefaultListableBeanFactory - Returning cached instance of singleton bean 'org.springframework.boot.autoconfigure.condition.BeanTypeRegistry'
2020-03-09 20:45:22.432 [main] DEBUG o.s.b.f.s.DefaultListableBeanFactory - Returning cached instance of singleton bean 'autoConfigurationReport'
2020-03-09 20:45:22.433 [main] DEBUG o.s.c.a.ConfigurationClassBeanDefinitionReader - Registering bean definition for @Bean method org.springframework.boot.autoconfigure.web.servlet.WebMvcAutoConfiguration$WebMvcAutoConfigurationAdapter.viewResolver()
2020-03-09 20:45:22.433 [main] DEBUG o.s.b.f.s.DefaultListableBeanFactory - Returning cached instance of singleton bean 'autoConfigurationReport'
2020-03-09 20:45:22.434 [main] DEBUG o.s.c.a.ConfigurationClassBeanDefinitionReader - Registering bean definition for @Bean method org.springframework.boot.autoconfigure.web.servlet.WebMvcAutoConfiguration$WebMvcAutoConfigurationAdapter.welcomePageHandlerMapping()
2020-03-09 20:45:22.435 [main] DEBUG o.s.b.f.s.DefaultListableBeanFactory - Returning cached instance of singleton bean 'org.springframework.boot.autoconfigure.condition.BeanTypeRegistry'
2020-03-09 20:45:22.436 [main] DEBUG o.s.b.f.s.DefaultListableBeanFactory - Returning cached instance of singleton bean 'org.springframework.boot.autoconfigure.condition.BeanTypeRegistry'
2020-03-09 20:45:22.436 [main] DEBUG o.s.b.f.s.DefaultListableBeanFactory - Returning cached instance of singleton bean 'org.springframework.boot.autoconfigure.condition.BeanTypeRegistry'
2020-03-09 20:45:22.437 [main] DEBUG o.s.b.f.s.DefaultListableBeanFactory - Returning cached instance of singleton bean 'org.springframework.boot.autoconfigure.condition.BeanTypeRegistry'
2020-03-09 20:45:22.437 [main] DEBUG o.s.b.f.s.DefaultListableBeanFactory - Returning cached instance of singleton bean 'autoConfigurationReport'
2020-03-09 20:45:22.437 [main] DEBUG o.s.c.a.ConfigurationClassBeanDefinitionReader - Registering bean definition for @Bean method org.springframework.boot.autoconfigure.web.servlet.WebMvcAutoConfiguration$WebMvcAutoConfigurationAdapter.requestContextFilter()
2020-03-09 20:45:22.438 [main] DEBUG o.s.c.a.ConfigurationClassBeanDefinitionReader - Registered bean definition for imported class 'org.springframework.boot.autoconfigure.web.servlet.WebMvcAutoConfiguration'
2020-03-09 20:45:22.439 [main] DEBUG o.s.b.f.s.DefaultListableBeanFactory - Returning cached instance of singleton bean 'org.springframework.boot.autoconfigure.condition.BeanTypeRegistry'
2020-03-09 20:45:22.440 [main] DEBUG o.s.b.f.s.DefaultListableBeanFactory - Returning cached instance of singleton bean 'org.springframework.boot.autoconfigure.condition.BeanTypeRegistry'
2020-03-09 20:45:22.440 [main] DEBUG o.s.b.f.s.DefaultListableBeanFactory - Returning cached instance of singleton bean 'autoConfigurationReport'
2020-03-09 20:45:22.440 [main] DEBUG o.s.c.a.ConfigurationClassBeanDefinitionReader - Registering bean definition for @Bean method org.springframework.boot.autoconfigure.web.servlet.WebMvcAutoConfiguration.hiddenHttpMethodFilter()
2020-03-09 20:45:22.441 [main] DEBUG o.s.b.f.s.DefaultListableBeanFactory - Returning cached instance of singleton bean 'autoConfigurationReport'
2020-03-09 20:45:22.441 [main] DEBUG o.s.b.f.s.DefaultListableBeanFactory - Returning cached instance of singleton bean 'org.springframework.boot.autoconfigure.condition.BeanTypeRegistry'
2020-03-09 20:45:22.443 [main] DEBUG o.s.b.f.s.DefaultListableBeanFactory - Returning cached instance of singleton bean 'org.springframework.boot.autoconfigure.condition.BeanTypeRegistry'
2020-03-09 20:45:22.444 [main] DEBUG o.s.b.f.s.DefaultListableBeanFactory - Returning cached instance of singleton bean 'autoConfigurationReport'
2020-03-09 20:45:22.444 [main] DEBUG o.s.c.a.ConfigurationClassBeanDefinitionReader - Registering bean definition for @Bean method org.springframework.boot.autoconfigure.web.servlet.WebMvcAutoConfiguration.httpPutFormContentFilter()
2020-03-09 20:45:22.445 [main] DEBUG o.s.b.f.s.DefaultListableBeanFactory - Returning cached instance of singleton bean 'autoConfigurationReport'
2020-03-09 20:45:22.445 [main] DEBUG o.s.b.f.s.DefaultListableBeanFactory - Returning cached instance of singleton bean 'autoConfigurationReport'
2020-03-09 20:45:22.445 [main] DEBUG o.s.b.f.s.DefaultListableBeanFactory - Returning cached instance of singleton bean 'autoConfigurationReport'
2020-03-09 20:45:22.445 [main] DEBUG o.s.c.a.ConfigurationClassBeanDefinitionReader - Registered bean definition for imported class 'com.alibaba.druid.spring.boot.autoconfigure.stat.DruidStatViewServletConfiguration'
2020-03-09 20:45:22.446 [main] DEBUG o.s.c.a.ConfigurationClassBeanDefinitionReader - Registering bean definition for @Bean method com.alibaba.druid.spring.boot.autoconfigure.stat.DruidStatViewServletConfiguration.statViewServletRegistrationBean()
2020-03-09 20:45:22.446 [main] DEBUG o.s.b.f.s.DefaultListableBeanFactory - Returning cached instance of singleton bean 'autoConfigurationReport'
2020-03-09 20:45:22.446 [main] DEBUG o.s.b.f.s.DefaultListableBeanFactory - Returning cached instance of singleton bean 'autoConfigurationReport'
2020-03-09 20:45:22.446 [main] DEBUG o.s.c.a.ConfigurationClassBeanDefinitionReader - Registered bean definition for imported class 'com.alibaba.druid.spring.boot.autoconfigure.stat.DruidWebStatFilterConfiguration'
2020-03-09 20:45:22.446 [main] DEBUG o.s.c.a.ConfigurationClassBeanDefinitionReader - Registering bean definition for @Bean method com.alibaba.druid.spring.boot.autoconfigure.stat.DruidWebStatFilterConfiguration.webStatFilterRegistrationBean()
2020-03-09 20:45:22.447 [main] DEBUG o.s.c.a.ConfigurationClassBeanDefinitionReader - Registered bean definition for imported class 'com.alibaba.druid.spring.boot.autoconfigure.stat.DruidFilterConfiguration'
2020-03-09 20:45:22.447 [main] DEBUG o.s.b.f.s.DefaultListableBeanFactory - Returning cached instance of singleton bean 'autoConfigurationReport'
2020-03-09 20:45:22.461 [main] DEBUG o.s.b.f.s.DefaultListableBeanFactory - Returning cached instance of singleton bean 'org.springframework.boot.autoconfigure.condition.BeanTypeRegistry'
2020-03-09 20:45:22.470 [main] DEBUG o.s.b.f.s.DefaultListableBeanFactory - Returning cached instance of singleton bean 'org.springframework.boot.autoconfigure.condition.BeanTypeRegistry'
2020-03-09 20:45:22.471 [main] DEBUG o.s.b.f.s.DefaultListableBeanFactory - Returning cached instance of singleton bean 'autoConfigurationReport'
2020-03-09 20:45:22.471 [main] DEBUG o.s.c.a.ConfigurationClassBeanDefinitionReader - Registering bean definition for @Bean method com.alibaba.druid.spring.boot.autoconfigure.stat.DruidFilterConfiguration.statFilter()
2020-03-09 20:45:22.471 [main] DEBUG o.s.b.f.s.DefaultListableBeanFactory - Returning cached instance of singleton bean 'autoConfigurationReport'
2020-03-09 20:45:22.471 [main] DEBUG o.s.b.f.s.DefaultListableBeanFactory - Returning cached instance of singleton bean 'autoConfigurationReport'
2020-03-09 20:45:22.472 [main] DEBUG o.s.b.f.s.DefaultListableBeanFactory - Returning cached instance of singleton bean 'autoConfigurationReport'
2020-03-09 20:45:22.472 [main] DEBUG o.s.b.f.s.DefaultListableBeanFactory - Returning cached instance of singleton bean 'autoConfigurationReport'
2020-03-09 20:45:22.472 [main] DEBUG o.s.b.f.s.DefaultListableBeanFactory - Returning cached instance of singleton bean 'autoConfigurationReport'
2020-03-09 20:45:22.472 [main] DEBUG o.s.b.f.s.DefaultListableBeanFactory - Returning cached instance of singleton bean 'autoConfigurationReport'
2020-03-09 20:45:22.473 [main] DEBUG o.s.b.f.s.DefaultListableBeanFactory - Returning cached instance of singleton bean 'autoConfigurationReport'
2020-03-09 20:45:22.473 [main] DEBUG o.s.b.f.s.DefaultListableBeanFactory - Returning cached instance of singleton bean 'autoConfigurationReport'
2020-03-09 20:45:22.475 [main] DEBUG o.s.c.a.ConfigurationClassBeanDefinitionReader - Registered bean definition for imported class 'com.alibaba.druid.spring.boot.autoconfigure.DruidDataSourceAutoConfigure'
2020-03-09 20:45:22.476 [main] DEBUG o.s.b.f.s.DefaultListableBeanFactory - Returning cached instance of singleton bean 'org.springframework.boot.autoconfigure.condition.BeanTypeRegistry'
2020-03-09 20:45:22.512 [main] DEBUG o.s.b.f.s.DefaultListableBeanFactory - Returning cached instance of singleton bean 'org.springframework.boot.autoconfigure.condition.BeanTypeRegistry'
2020-03-09 20:45:22.512 [main] DEBUG o.s.b.f.s.DefaultListableBeanFactory - Returning cached instance of singleton bean 'autoConfigurationReport'
2020-03-09 20:45:22.512 [main] DEBUG o.s.c.a.ConfigurationClassBeanDefinitionReader - Registering bean definition for @Bean method com.alibaba.druid.spring.boot.autoconfigure.DruidDataSourceAutoConfigure.dataSource()
2020-03-09 20:45:22.513 [main] DEBUG o.s.b.f.s.DefaultListableBeanFactory - Returning cached instance of singleton bean 'autoConfigurationReport'
2020-03-09 20:45:22.514 [main] DEBUG o.s.b.f.s.DefaultListableBeanFactory - Returning cached instance of singleton bean 'autoConfigurationReport'
2020-03-09 20:45:22.521 [main] DEBUG o.s.c.a.ConfigurationClassBeanDefinitionReader - Registered bean definition for imported class 'org.springframework.boot.autoconfigure.transaction.jta.JtaAutoConfiguration'
2020-03-09 20:45:22.523 [main] DEBUG o.s.b.f.s.DefaultListableBeanFactory - Returning cached instance of singleton bean 'autoConfigurationReport'
2020-03-09 20:45:22.524 [main] DEBUG o.s.b.f.s.DefaultListableBeanFactory - Returning cached instance of singleton bean 'org.springframework.boot.autoconfigure.condition.BeanTypeRegistry'
2020-03-09 20:45:22.525 [main] DEBUG o.s.b.f.s.DefaultListableBeanFactory - Returning cached instance of singleton bean 'org.springframework.boot.autoconfigure.condition.BeanTypeRegistry'
2020-03-09 20:45:22.526 [main] DEBUG o.s.b.f.s.DefaultListableBeanFactory - Returning cached instance of singleton bean 'autoConfigurationReport'
2020-03-09 20:45:22.526 [main] DEBUG o.s.b.f.s.DefaultListableBeanFactory - Returning cached instance of singleton bean 'autoConfigurationReport'
2020-03-09 20:45:22.527 [main] DEBUG o.s.b.f.s.DefaultListableBeanFactory - Returning cached instance of singleton bean 'org.springframework.boot.autoconfigure.condition.BeanTypeRegistry'
2020-03-09 20:45:22.527 [main] DEBUG o.s.b.f.s.DefaultListableBeanFactory - Returning cached instance of singleton bean 'org.springframework.boot.autoconfigure.condition.BeanTypeRegistry'
2020-03-09 20:45:22.527 [main] DEBUG o.s.b.f.s.DefaultListableBeanFactory - Returning cached instance of singleton bean 'org.springframework.boot.autoconfigure.condition.BeanTypeRegistry'
2020-03-09 20:45:22.527 [main] DEBUG o.s.b.f.s.DefaultListableBeanFactory - Returning cached instance of singleton bean 'org.springframework.boot.autoconfigure.condition.BeanTypeRegistry'
2020-03-09 20:45:22.528 [main] DEBUG o.s.b.f.s.DefaultListableBeanFactory - Returning cached instance of singleton bean 'autoConfigurationReport'
2020-03-09 20:45:22.528 [main] DEBUG o.s.b.f.s.DefaultListableBeanFactory - Returning cached instance of singleton bean 'autoConfigurationReport'
2020-03-09 20:45:22.528 [main] DEBUG o.s.c.a.ConfigurationClassBeanDefinitionReader - Registered bean definition for imported class 'org.springframework.boot.autoconfigure.jdbc.metadata.DataSourcePoolMetadataProvidersConfiguration$HikariPoolDataSourceMetadataProviderConfiguration'
2020-03-09 20:45:22.528 [main] DEBUG o.s.c.a.ConfigurationClassBeanDefinitionReader - Registering bean definition for @Bean method org.springframework.boot.autoconfigure.jdbc.metadata.DataSourcePoolMetadataProvidersConfiguration$HikariPoolDataSourceMetadataProviderConfiguration.hikariPoolDataSourceMetadataProvider()
2020-03-09 20:45:22.528 [main] DEBUG o.s.c.a.ConfigurationClassBeanDefinitionReader - Registered bean definition for imported class 'org.springframework.boot.autoconfigure.jdbc.metadata.DataSourcePoolMetadataProvidersConfiguration'
2020-03-09 20:45:22.528 [main] DEBUG o.s.c.a.ConfigurationClassBeanDefinitionReader - Registered bean definition for imported class 'org.springframework.boot.autoconfigure.jdbc.DataSourceInitializerInvoker'
2020-03-09 20:45:22.529 [main] DEBUG o.s.c.a.ConfigurationClassBeanDefinitionReader - Registered bean definition for imported class 'org.springframework.boot.autoconfigure.jdbc.DataSourceInitializationConfiguration'
2020-03-09 20:45:22.530 [main] DEBUG o.s.c.a.ConfigurationClassBeanDefinitionReader - Registered bean definition for imported class 'org.springframework.boot.autoconfigure.jdbc.DataSourceAutoConfiguration'
2020-03-09 20:45:22.531 [main] DEBUG o.s.b.f.s.DefaultListableBeanFactory - Returning cached instance of singleton bean 'autoConfigurationReport'
2020-03-09 20:45:22.531 [main] DEBUG o.s.b.f.s.DefaultListableBeanFactory - Returning cached instance of singleton bean 'org.springframework.boot.autoconfigure.condition.BeanTypeRegistry'
2020-03-09 20:45:22.532 [main] DEBUG o.s.b.f.s.DefaultListableBeanFactory - Returning cached instance of singleton bean 'org.springframework.boot.autoconfigure.condition.BeanTypeRegistry'
2020-03-09 20:45:22.533 [main] DEBUG o.s.b.f.s.DefaultListableBeanFactory - Returning cached instance of singleton bean 'autoConfigurationReport'
2020-03-09 20:45:22.537 [main] DEBUG o.s.b.f.s.DefaultListableBeanFactory - Returning cached instance of singleton bean 'org.springframework.boot.autoconfigure.condition.BeanTypeRegistry'
2020-03-09 20:45:22.537 [main] DEBUG o.s.b.f.s.DefaultListableBeanFactory - Returning cached instance of singleton bean 'org.springframework.boot.autoconfigure.condition.BeanTypeRegistry'
2020-03-09 20:45:22.537 [main] DEBUG o.s.b.f.s.DefaultListableBeanFactory - Returning cached instance of singleton bean 'autoConfigurationReport'
2020-03-09 20:45:22.537 [main] DEBUG o.s.c.a.ConfigurationClassBeanDefinitionReader - Registered bean definition for imported class 'org.mybatis.spring.boot.autoconfigure.MybatisAutoConfiguration$MapperScannerRegistrarNotFoundConfiguration'
2020-03-09 20:45:22.539 [main] DEBUG o.m.s.b.a.MybatisAutoConfiguration - Searching for mappers annotated with @Mapper
2020-03-09 20:45:22.541 [main] DEBUG o.s.core.env.StandardEnvironment - Adding PropertySource 'systemProperties' with lowest search precedence
2020-03-09 20:45:22.541 [main] DEBUG o.s.core.env.StandardEnvironment - Adding PropertySource 'systemEnvironment' with lowest search precedence
2020-03-09 20:45:22.541 [main] DEBUG o.s.core.env.StandardEnvironment - Initialized StandardEnvironment with PropertySources [MapPropertySource@2064787513 {name='systemProperties', properties={idea.version=2017.1.2, java.runtime.name=Java(TM) SE Runtime Environment, sun.boot.library.path=C:\Program Files\Java\jdk1.8.0_91\jre\bin, java.vm.version=25.91-b14, java.vm.vendor=Oracle Corporation, java.vendor.url=http://java.oracle.com/, path.separator=;, java.vm.name=Java HotSpot(TM) 64-Bit Server VM, file.encoding.pkg=sun.io, user.country=CN, user.script=, sun.java.launcher=SUN_STANDARD, sun.os.patch.level=, PID=27140, java.vm.specification.name=Java Virtual Machine Specification, user.dir=E:\1704A\hdServiceCode\nm-service-manage-course, java.runtime.version=1.8.0_91-b14, basedir=E:\1704A\hdServiceCode\nm-service-manage-course, java.awt.graphicsenv=sun.awt.Win32GraphicsEnvironment, java.endorsed.dirs=C:\Program Files\Java\jdk1.8.0_91\jre\lib\endorsed, os.arch=amd64, surefire.real.class.path=C:\Users\wangb\AppData\Local\Temp\surefire8359040626052298865\surefirebooter7147715406186341325.jar, java.io.tmpdir=C:\Users\wangb\AppData\Local\Temp\, line.separator=
, java.vm.specification.vendor=Oracle Corporation, user.variant=, os.name=Windows 10, sun.jnu.encoding=GBK, spring.beaninfo.ignore=true, java.library.path=C:\Program Files\Java\jdk1.8.0_91\jre\bin;C:\WINDOWS\Sun\Java\bin;C:\WINDOWS\system32;C:\WINDOWS;E:\app\wangb\product\11.2.0\dbhome_1\bin;E:\maven\apache-maven-3.6.1\bin;C:\Program Files\Java\jdk1.8.0_91\bin;C:\Program Files (x86)\Intel\iCLS Client\;C:\Program Files\Intel\iCLS Client\;C:\Windows\system32;C:\Windows;C:\Windows\System32\Wbem;C:\Windows\System32\WindowsPowerShell\v1.0\;C:\Program Files (x86)\NVIDIA Corporation\PhysX\Common;C:\Program Files (x86)\Intel\Intel(R) Management Engine Components\DAL;C:\Program Files\Intel\Intel(R) Management Engine Components\DAL;C:\Program Files (x86)\Intel\Intel(R) Management Engine Components\IPT;C:\Program Files\Intel\Intel(R) Management Engine Components\IPT;C:\WINDOWS\system32;C:\WINDOWS;C:\WINDOWS\System32\Wbem;C:\WINDOWS\System32\WindowsPowerShell\v1.0\;C:\WINDOWS\System32\OpenSSH\;C:\Program Files\MySQL\MySQL Server 5.5\bin;E:\nodejs\;E:\Git\cmd;E:\Mp4\ffmpeg-20180227-fa0c9d6-win64-static\bin;C:\Users\wangb\AppData\Local\Microsoft\WindowsApps;C:\Users\wangb\AppData\Roaming\npm;E:\Microsoft VS Code\bin;., surefire.test.class.path=E:\1704A\hdServiceCode\nm-service-manage-course\target\test-classes;E:\1704A\hdServiceCode\nm-service-manage-course\target\classes;E:\1704A\repository\com\github\pagehelper\pagehelper-spring-boot-starter\1.2.4\pagehelper-spring-boot-starter-1.2.4.jar;E:\1704A\repository\org\springframework\boot\spring-boot-starter\2.0.1.RELEASE\spring-boot-starter-2.0.1.RELEASE.jar;E:\1704A\repository\org\springframework\boot\spring-boot\2.0.1.RELEASE\spring-boot-2.0.1.RELEASE.jar;E:\1704A\repository\javax\annotation\javax.annotation-api\1.3.2\javax.annotation-api-1.3.2.jar;E:\1704A\repository\org\yaml\snakeyaml\1.19\snakeyaml-1.19.jar;E:\1704A\repository\com\github\pagehelper\pagehelper-spring-boot-autoconfigure\1.2.4\pagehelper-spring-boot-autoconfigure-1.2.4.jar;E:\1704A\repository\com\github\pagehelper\pagehelper\5.1.3\pagehelper-5.1.3.jar;E:\1704A\repository\com\github\jsqlparser\jsqlparser\1.0\jsqlparser-1.0.jar;E:\1704A\hdServiceCode\nm-service-api\target\nm-service-api.jar;E:\1704A\repository\commons-fileupload\commons-fileupload\1.3.3\commons-fileupload-1.3.3.jar;E:\1704A\repository\io\springfox\springfox-swagger2\2.7.0\springfox-swagger2-2.7.0.jar;E:\1704A\repository\io\swagger\swagger-annotations\1.5.13\swagger-annotations-1.5.13.jar;E:\1704A\repository\io\swagger\swagger-models\1.5.13\swagger-models-1.5.13.jar;E:\1704A\repository\io\springfox\springfox-spi\2.7.0\springfox-spi-2.7.0.jar;E:\1704A\repository\io\springfox\springfox-core\2.7.0\springfox-core-2.7.0.jar;E:\1704A\repository\io\springfox\springfox-schema\2.7.0\springfox-schema-2.7.0.jar;E:\1704A\repository\io\springfox\springfox-swagger-common\2.7.0\springfox-swagger-common-2.7.0.jar;E:\1704A\repository\io\springfox\springfox-spring-web\2.7.0\springfox-spring-web-2.7.0.jar;E:\1704A\repository\org\reflections\reflections\0.9.11\reflections-0.9.11.jar;E:\1704A\repository\com\fasterxml\classmate\1.3.4\classmate-1.3.4.jar;E:\1704A\repository\org\springframework\plugin\spring-plugin-core\1.2.0.RELEASE\spring-plugin-core-1.2.0.RELEASE.jar;E:\1704A\repository\org\springframework\plugin\spring-plugin-metadata\1.2.0.RELEASE\spring-plugin-metadata-1.2.0.RELEASE.jar;E:\1704A\repository\org\mapstruct\mapstruct\1.1.0.Final\mapstruct-1.1.0.Final.jar;E:\1704A\repository\io\springfox\springfox-swagger-ui\2.7.0\springfox-swagger-ui-2.7.0.jar;E:\1704A\hdServiceCode\nm-framework-model\target\nm-framework-model.jar;E:\1704A\repository\org\projectlombok\lombok\1.16.16\lombok-1.16.16.jar;E:\1704A\repository\org\springframework\data\spring-data-commons\2.0.6.RELEASE\spring-data-commons-2.0.6.RELEASE.jar;E:\1704A\repository\org\springframework\data\spring-data-mongodb\2.0.6.RELEASE\spring-data-mongodb-2.0.6.RELEASE.jar;E:\1704A\repository\org\springframework\spring-context\5.0.5.RELEASE\spring-context-5.0.5.RELEASE.jar;E:\1704A\repository\org\springframework\spring-expression\5.0.5.RELEASE\spring-expression-5.0.5.RELEASE.jar;E:\1704A\repository\org\mongodb\mongo-java-driver\3.6.3\mongo-java-driver-3.6.3.jar;E:\1704A\repository\org\hibernate\hibernate-core\5.2.16.Final\hibernate-core-5.2.16.Final.jar;E:\1704A\repository\org\jboss\logging\jboss-logging\3.3.2.Final\jboss-logging-3.3.2.Final.jar;E:\1704A\repository\org\hibernate\javax\persistence\hibernate-jpa-2.1-api\1.0.0.Final\hibernate-jpa-2.1-api-1.0.0.Final.jar;E:\1704A\repository\org\javassist\javassist\3.22.0-GA\javassist-3.22.0-GA.jar;E:\1704A\repository\antlr\antlr\2.7.7\antlr-2.7.7.jar;E:\1704A\repository\org\jboss\spec\javax\transaction\jboss-transaction-api_1.2_spec\1.0.1.Final\jboss-transaction-api_1.2_spec-1.0.1.Final.jar;E:\1704A\repository\org\jboss\jandex\2.0.3.Final\jandex-2.0.3.Final.jar;E:\1704A\repository\dom4j\dom4j\1.6.1\dom4j-1.6.1.jar;E:\1704A\repository\org\hibernate\common\hibernate-commons-annotations\5.0.1.Final\hibernate-commons-annotations-5.0.1.Final.jar;E:\1704A\repository\com\google\guava\guava\24.0-jre\guava-24.0-jre.jar;E:\1704A\repository\com\google\code\findbugs\jsr305\1.3.9\jsr305-1.3.9.jar;E:\1704A\repository\org\checkerframework\checker-compat-qual\2.0.0\checker-compat-qual-2.0.0.jar;E:\1704A\repository\com\google\errorprone\error_prone_annotations\2.1.3\error_prone_annotations-2.1.3.jar;E:\1704A\repository\com\google\j2objc\j2objc-annotations\1.1\j2objc-annotations-1.1.jar;E:\1704A\repository\org\codehaus\mojo\animal-sniffer-annotations\1.14\animal-sniffer-annotations-1.14.jar;E:\1704A\hdServiceCode\nm-framework-utils\target\nm-framework-utils.jar;E:\1704A\repository\javax\servlet\javax.servlet-api\3.1.0\javax.servlet-api-3.1.0.jar;E:\1704A\repository\org\springframework\boot\spring-boot-starter-logging\2.0.1.RELEASE\spring-boot-starter-logging-2.0.1.RELEASE.jar;E:\1704A\repository\ch\qos\logback\logback-classic\1.2.3\logback-classic-1.2.3.jar;E:\1704A\repository\ch\qos\logback\logback-core\1.2.3\logback-core-1.2.3.jar;E:\1704A\repository\org\apache\logging\log4j\log4j-to-slf4j\2.10.0\log4j-to-slf4j-2.10.0.jar;E:\1704A\repository\org\apache\logging\log4j\log4j-api\2.10.0\log4j-api-2.10.0.jar;E:\1704A\repository\org\slf4j\jul-to-slf4j\1.7.25\jul-to-slf4j-1.7.25.jar;E:\1704A\repository\org\apache\httpcomponents\httpclient\4.5.5\httpclient-4.5.5.jar;E:\1704A\repository\org\apache\httpcomponents\httpcore\4.4.9\httpcore-4.4.9.jar;E:\1704A\repository\commons-codec\commons-codec\1.10\commons-codec-1.10.jar;E:\1704A\repository\net\lingala\zip4j\zip4j\1.3.1\zip4j-1.3.1.jar;E:\1704A\repository\org\springframework\security\spring-security-crypto\5.0.4.RELEASE\spring-security-crypto-5.0.4.RELEASE.jar;E:\1704A\repository\org\springframework\security\spring-security-jwt\1.0.8.RELEASE\spring-security-jwt-1.0.8.RELEASE.jar;E:\1704A\repository\org\bouncycastle\bcpkix-jdk15on\1.56\bcpkix-jdk15on-1.56.jar;E:\1704A\repository\org\bouncycastle\bcprov-jdk15on\1.56\bcprov-jdk15on-1.56.jar;E:\1704A\hdServiceCode\nm-framework-common\target\nm-framework-common.jar;E:\1704A\repository\org\springframework\spring-web\5.0.5.RELEASE\spring-web-5.0.5.RELEASE.jar;E:\1704A\repository\org\springframework\boot\spring-boot-starter-web\2.0.1.RELEASE\spring-boot-starter-web-2.0.1.RELEASE.jar;E:\1704A\repository\org\springframework\boot\spring-boot-starter-json\2.0.1.RELEASE\spring-boot-starter-json-2.0.1.RELEASE.jar;E:\1704A\repository\com\fasterxml\jackson\core\jackson-databind\2.9.5\jackson-databind-2.9.5.jar;E:\1704A\repository\com\fasterxml\jackson\datatype\jackson-datatype-jdk8\2.9.5\jackson-datatype-jdk8-2.9.5.jar;E:\1704A\repository\com\fasterxml\jackson\datatype\jackson-datatype-jsr310\2.9.5\jackson-datatype-jsr310-2.9.5.jar;E:\1704A\repository\com\fasterxml\jackson\module\jackson-module-parameter-names\2.9.5\jackson-module-parameter-names-2.9.5.jar;E:\1704A\repository\org\springframework\boot\spring-boot-starter-tomcat\2.0.1.RELEASE\spring-boot-starter-tomcat-2.0.1.RELEASE.jar;E:\1704A\repository\org\apache\tomcat\embed\tomcat-embed-core\8.5.28\tomcat-embed-core-8.5.28.jar;E:\1704A\repository\org\apache\tomcat\embed\tomcat-embed-el\8.5.28\tomcat-embed-el-8.5.28.jar;E:\1704A\repository\org\apache\tomcat\embed\tomcat-embed-websocket\8.5.28\tomcat-embed-websocket-8.5.28.jar;E:\1704A\repository\org\hibernate\validator\hibernate-validator\6.0.9.Final\hibernate-validator-6.0.9.Final.jar;E:\1704A\repository\javax\validation\validation-api\2.0.1.Final\validation-api-2.0.1.Final.jar;E:\1704A\repository\org\springframework\spring-webmvc\5.0.5.RELEASE\spring-webmvc-5.0.5.RELEASE.jar;E:\1704A\repository\org\springframework\spring-aop\5.0.5.RELEASE\spring-aop-5.0.5.RELEASE.jar;E:\1704A\repository\mysql\mysql-connector-java\5.1.40\mysql-connector-java-5.1.40.jar;E:\1704A\repository\com\alibaba\druid-spring-boot-starter\1.1.10\druid-spring-boot-starter-1.1.10.jar;E:\1704A\repository\com\alibaba\druid\1.1.6\druid-1.1.6.jar;E:\1704A\repository\org\slf4j\slf4j-api\1.7.25\slf4j-api-1.7.25.jar;E:\1704A\repository\org\springframework\boot\spring-boot-autoconfigure\2.0.1.RELEASE\spring-boot-autoconfigure-2.0.1.RELEASE.jar;E:\1704A\repository\org\mybatis\spring\boot\mybatis-spring-boot-starter\1.3.1\mybatis-spring-boot-starter-1.3.1.jar;E:\1704A\repository\org\springframework\boot\spring-boot-starter-jdbc\2.0.1.RELEASE\spring-boot-starter-jdbc-2.0.1.RELEASE.jar;E:\1704A\repository\com\zaxxer\HikariCP\2.7.8\HikariCP-2.7.8.jar;E:\1704A\repository\org\mybatis\spring\boot\mybatis-spring-boot-autoconfigure\1.3.1\mybatis-spring-boot-autoconfigure-1.3.1.jar;E:\1704A\repository\org\mybatis\mybatis\3.4.5\mybatis-3.4.5.jar;E:\1704A\repository\org\mybatis\mybatis-spring\1.3.1\mybatis-spring-1.3.1.jar;E:\1704A\repository\org\springframework\spring-orm\5.0.5.RELEASE\spring-orm-5.0.5.RELEASE.jar;E:\1704A\repository\org\springframework\spring-beans\5.0.5.RELEASE\spring-beans-5.0.5.RELEASE.jar;E:\1704A\repository\org\springframework\spring-core\5.0.5.RELEASE\spring-core-5.0.5.RELEASE.jar;E:\1704A\repository\org\springframework\spring-jcl\5.0.5.RELEASE\spring-jcl-5.0.5.RELEASE.jar;E:\1704A\repository\org\springframework\spring-jdbc\5.0.5.RELEASE\spring-jdbc-5.0.5.RELEASE.jar;E:\1704A\repository\org\springframework\spring-tx\5.0.5.RELEASE\spring-tx-5.0.5.RELEASE.jar;E:\1704A\repository\org\springframework\boot\spring-boot-starter-data-jpa\2.0.1.RELEASE\spring-boot-starter-data-jpa-2.0.1.RELEASE.jar;E:\1704A\repository\org\springframework\boot\spring-boot-starter-aop\2.0.1.RELEASE\spring-boot-starter-aop-2.0.1.RELEASE.jar;E:\1704A\repository\org\aspectj\aspectjweaver\1.8.13\aspectjweaver-1.8.13.jar;E:\1704A\repository\javax\transaction\javax.transaction-api\1.2\javax.transaction-api-1.2.jar;E:\1704A\repository\org\springframework\data\spring-data-jpa\2.0.6.RELEASE\spring-data-jpa-2.0.6.RELEASE.jar;E:\1704A\repository\org\springframework\spring-aspects\5.0.5.RELEASE\spring-aspects-5.0.5.RELEASE.jar;E:\1704A\repository\com\squareup\okhttp3\okhttp\3.9.1\okhttp-3.9.1.jar;E:\1704A\repository\com\squareup\okio\okio\1.13.0\okio-1.13.0.jar;E:\1704A\repository\com\alibaba\fastjson\1.2.30\fastjson-1.2.30.jar;E:\1704A\repository\commons-io\commons-io\2.6\commons-io-2.6.jar;E:\1704A\repository\org\apache\commons\commons-lang3\3.6\commons-lang3-3.6.jar;E:\1704A\repository\org\springframework\boot\spring-boot-starter-test\2.0.1.RELEASE\spring-boot-starter-test-2.0.1.RELEASE.jar;E:\1704A\repository\org\springframework\boot\spring-boot-test\2.0.1.RELEASE\spring-boot-test-2.0.1.RELEASE.jar;E:\1704A\repository\org\springframework\boot\spring-boot-test-autoconfigure\2.0.1.RELEASE\spring-boot-test-autoconfigure-2.0.1.RELEASE.jar;E:\1704A\repository\com\jayway\jsonpath\json-path\2.4.0\json-path-2.4.0.jar;E:\1704A\repository\net\minidev\json-smart\2.3\json-smart-2.3.jar;E:\1704A\repository\net\minidev\accessors-smart\1.2\accessors-smart-1.2.jar;E:\1704A\repository\org\ow2\asm\asm\5.0.4\asm-5.0.4.jar;E:\1704A\repository\junit\junit\4.12\junit-4.12.jar;E:\1704A\repository\org\assertj\assertj-core\3.9.1\assertj-core-3.9.1.jar;E:\1704A\repository\org\mockito\mockito-core\2.15.0\mockito-core-2.15.0.jar;E:\1704A\repository\net\bytebuddy\byte-buddy\1.7.11\byte-buddy-1.7.11.jar;E:\1704A\repository\net\bytebuddy\byte-buddy-agent\1.7.11\byte-buddy-agent-1.7.11.jar;E:\1704A\repository\org\objenesis\objenesis\2.6\objenesis-2.6.jar;E:\1704A\repository\org\hamcrest\hamcrest-core\1.3\hamcrest-core-1.3.jar;E:\1704A\repository\org\hamcrest\hamcrest-library\1.3\hamcrest-library-1.3.jar;E:\1704A\repository\org\skyscreamer\jsonassert\1.5.0\jsonassert-1.5.0.jar;E:\1704A\repository\com\vaadin\external\google\android-json\0.0.20131108.vaadin1\android-json-0.0.20131108.vaadin1.jar;E:\1704A\repository\org\springframework\spring-test\5.0.5.RELEASE\spring-test-5.0.5.RELEASE.jar;E:\1704A\repository\org\xmlunit\xmlunit-core\2.5.1\xmlunit-core-2.5.1.jar;E:\1704A\repository\org\springframework\cloud\spring-cloud-starter-netflix-eureka-client\2.0.1.RELEASE\spring-cloud-starter-netflix-eureka-client-2.0.1.RELEASE.jar;E:\1704A\repository\org\springframework\cloud\spring-cloud-starter\2.0.1.RELEASE\spring-cloud-starter-2.0.1.RELEASE.jar;E:\1704A\repository\org\springframework\cloud\spring-cloud-context\2.0.1.RELEASE\spring-cloud-context-2.0.1.RELEASE.jar;E:\1704A\repository\org\springframework\security\spring-security-rsa\1.0.5.RELEASE\spring-security-rsa-1.0.5.RELEASE.jar;E:\1704A\repository\org\springframework\cloud\spring-cloud-netflix-core\2.0.1.RELEASE\spring-cloud-netflix-core-2.0.1.RELEASE.jar;E:\1704A\repository\org\springframework\cloud\spring-cloud-netflix-eureka-client\2.0.1.RELEASE\spring-cloud-netflix-eureka-client-2.0.1.RELEASE.jar;E:\1704A\repository\com\netflix\eureka\eureka-client\1.9.3\eureka-client-1.9.3.jar;E:\1704A\repository\org\codehaus\jettison\jettison\1.3.7\jettison-1.3.7.jar;E:\1704A\repository\stax\stax-api\1.0.1\stax-api-1.0.1.jar;E:\1704A\repository\com\netflix\netflix-commons\netflix-eventbus\0.3.0\netflix-eventbus-0.3.0.jar;E:\1704A\repository\com\netflix\netflix-commons\netflix-infix\0.3.0\netflix-infix-0.3.0.jar;E:\1704A\repository\commons-jxpath\commons-jxpath\1.3\commons-jxpath-1.3.jar;E:\1704A\repository\joda-time\joda-time\2.9.9\joda-time-2.9.9.jar;E:\1704A\repository\org\antlr\antlr-runtime\3.4\antlr-runtime-3.4.jar;E:\1704A\repository\org\antlr\stringtemplate\3.2.1\stringtemplate-3.2.1.jar;E:\1704A\repository\com\google\code\gson\gson\2.8.2\gson-2.8.2.jar;E:\1704A\repository\org\apache\commons\commons-math\2.2\commons-math-2.2.jar;E:\1704A\repository\com\netflix\archaius\archaius-core\0.7.6\archaius-core-0.7.6.jar;E:\1704A\repository\javax\ws\rs\jsr311-api\1.1.1\jsr311-api-1.1.1.jar;E:\1704A\repository\com\netflix\servo\servo-core\0.12.21\servo-core-0.12.21.jar;E:\1704A\repository\com\sun\jersey\jersey-core\1.19.1\jersey-core-1.19.1.jar;E:\1704A\repository\com\sun\jersey\jersey-client\1.19.1\jersey-client-1.19.1.jar;E:\1704A\repository\com\sun\jersey\contribs\jersey-apache-client4\1.19.1\jersey-apache-client4-1.19.1.jar;E:\1704A\repository\com\google\inject\guice\4.1.0\guice-4.1.0.jar;E:\1704A\repository\javax\inject\javax.inject\1\javax.inject-1.jar;E:\1704A\repository\aopalliance\aopalliance\1.0\aopalliance-1.0.jar;E:\1704A\repository\com\github\vlsi\compactmap\compactmap\1.2.1\compactmap-1.2.1.jar;E:\1704A\repository\com\github\andrewoma\dexx\dexx-collections\0.2\dexx-collections-0.2.jar;E:\1704A\repository\com\fasterxml\jackson\core\jackson-annotations\2.9.0\jackson-annotations-2.9.0.jar;E:\1704A\repository\com\fasterxml\jackson\core\jackson-core\2.9.5\jackson-core-2.9.5.jar;E:\1704A\repository\com\netflix\eureka\eureka-core\1.9.3\eureka-core-1.9.3.jar;E:\1704A\repository\org\codehaus\woodstox\woodstox-core-asl\4.4.1\woodstox-core-asl-4.4.1.jar;E:\1704A\repository\javax\xml\stream\stax-api\1.0-2\stax-api-1.0-2.jar;E:\1704A\repository\org\codehaus\woodstox\stax2-api\3.1.4\stax2-api-3.1.4.jar;E:\1704A\repository\org\springframework\cloud\spring-cloud-starter-netflix-archaius\2.0.1.RELEASE\spring-cloud-starter-netflix-archaius-2.0.1.RELEASE.jar;E:\1704A\repository\org\springframework\cloud\spring-cloud-netflix-ribbon\2.0.1.RELEASE\spring-cloud-netflix-ribbon-2.0.1.RELEASE.jar;E:\1704A\repository\org\springframework\cloud\spring-cloud-netflix-archaius\2.0.1.RELEASE\spring-cloud-netflix-archaius-2.0.1.RELEASE.jar;E:\1704A\repository\commons-configuration\commons-configuration\1.8\commons-configuration-1.8.jar;E:\1704A\repository\commons-lang\commons-lang\2.6\commons-lang-2.6.jar;E:\1704A\repository\org\springframework\cloud\spring-cloud-starter-netflix-ribbon\2.0.1.RELEASE\spring-cloud-starter-netflix-ribbon-2.0.1.RELEASE.jar;E:\1704A\repository\com\netflix\ribbon\ribbon\2.2.5\ribbon-2.2.5.jar;E:\1704A\repository\com\netflix\ribbon\ribbon-transport\2.2.5\ribbon-transport-2.2.5.jar;E:\1704A\repository\io\reactivex\rxnetty-contexts\0.4.9\rxnetty-contexts-0.4.9.jar;E:\1704A\repository\io\reactivex\rxnetty-servo\0.4.9\rxnetty-servo-0.4.9.jar;E:\1704A\repository\io\reactivex\rxnetty\0.4.9\rxnetty-0.4.9.jar;E:\1704A\repository\io\netty\netty-codec-http\4.1.23.Final\netty-codec-http-4.1.23.Final.jar;E:\1704A\repository\io\netty\netty-codec\4.1.23.Final\netty-codec-4.1.23.Final.jar;E:\1704A\repository\io\netty\netty-transport-native-epoll\4.1.23.Final\netty-transport-native-epoll-4.1.23.Final.jar;E:\1704A\repository\io\netty\netty-common\4.1.23.Final\netty-common-4.1.23.Final.jar;E:\1704A\repository\io\netty\netty-buffer\4.1.23.Final\netty-buffer-4.1.23.Final.jar;E:\1704A\repository\io\netty\netty-transport-native-unix-common\4.1.23.Final\netty-transport-native-unix-common-4.1.23.Final.jar;E:\1704A\repository\io\netty\netty-transport\4.1.23.Final\netty-transport-4.1.23.Final.jar;E:\1704A\repository\io\netty\netty-resolver\4.1.23.Final\netty-resolver-4.1.23.Final.jar;E:\1704A\repository\com\netflix\ribbon\ribbon-core\2.2.5\ribbon-core-2.2.5.jar;E:\1704A\repository\com\netflix\ribbon\ribbon-httpclient\2.2.5\ribbon-httpclient-2.2.5.jar;E:\1704A\repository\commons-collections\commons-collections\3.2.2\commons-collections-3.2.2.jar;E:\1704A\repository\com\netflix\netflix-commons\netflix-commons-util\0.3.0\netflix-commons-util-0.3.0.jar;E:\1704A\repository\com\netflix\ribbon\ribbon-loadbalancer\2.2.5\ribbon-loadbalancer-2.2.5.jar;E:\1704A\repository\com\netflix\netflix-commons\netflix-statistics\0.1.1\netflix-statistics-0.1.1.jar;E:\1704A\repository\io\reactivex\rxjava\1.3.8\rxjava-1.3.8.jar;E:\1704A\repository\com\netflix\ribbon\ribbon-eureka\2.2.5\ribbon-eureka-2.2.5.jar;E:\1704A\repository\com\thoughtworks\xstream\xstream\1.4.10\xstream-1.4.10.jar;E:\1704A\repository\xmlpull\xmlpull\1.1.3.1\xmlpull-1.1.3.1.jar;E:\1704A\repository\xpp3\xpp3_min\1.1.4c\xpp3_min-1.1.4c.jar;E:\1704A\repository\org\springframework\cloud\spring-cloud-starter-openfeign\2.0.1.RELEASE\spring-cloud-starter-openfeign-2.0.1.RELEASE.jar;E:\1704A\repository\org\springframework\cloud\spring-cloud-openfeign-core\2.0.1.RELEASE\spring-cloud-openfeign-core-2.0.1.RELEASE.jar;E:\1704A\repository\org\springframework\cloud\spring-cloud-commons\2.0.1.RELEASE\spring-cloud-commons-2.0.1.RELEASE.jar;E:\1704A\repository\io\github\openfeign\feign-core\9.5.1\feign-core-9.5.1.jar;E:\1704A\repository\io\github\openfeign\feign-slf4j\9.5.1\feign-slf4j-9.5.1.jar;E:\1704A\repository\io\github\openfeign\feign-hystrix\9.5.1\feign-hystrix-9.5.1.jar;E:\1704A\repository\com\netflix\hystrix\hystrix-core\1.5.12\hystrix-core-1.5.12.jar;E:\1704A\repository\org\hdrhistogram\HdrHistogram\2.1.9\HdrHistogram-2.1.9.jar;E:\1704A\repository\io\github\openfeign\feign-java8\9.5.1\feign-java8-9.5.1.jar;E:\1704A\repository\com\netflix\feign\feign-okhttp\8.18.0\feign-okhttp-8.18.0.jar;E:\1704A\repository\com\netflix\feign\feign-core\8.18.0\feign-core-8.18.0.jar;E:\1704A\repository\org\jvnet\animal-sniffer-annotation\1.0\animal-sniffer-annotation-1.0.jar;, java.specification.name=Java Platform API Specification, java.class.version=52.0, sun.management.compiler=HotSpot 64-Bit Tiered Compilers, maven.repo.local=E:\1704A\repository, os.version=10.0, user.home=C:\Users\wangb, user.timezone=Asia/Shanghai, java.awt.printerjob=sun.awt.windows.WPrinterJob, file.encoding=GBK, java.specification.version=1.8, java.class.path=E:\1704A\hdServiceCode\nm-service-manage-course\target\test-classes;E:\1704A\hdServiceCode\nm-service-manage-course\target\classes;E:\1704A\repository\com\github\pagehelper\pagehelper-spring-boot-starter\1.2.4\pagehelper-spring-boot-starter-1.2.4.jar;E:\1704A\repository\org\springframework\boot\spring-boot-starter\2.0.1.RELEASE\spring-boot-starter-2.0.1.RELEASE.jar;E:\1704A\repository\org\springframework\boot\spring-boot\2.0.1.RELEASE\spring-boot-2.0.1.RELEASE.jar;E:\1704A\repository\javax\annotation\javax.annotation-api\1.3.2\javax.annotation-api-1.3.2.jar;E:\1704A\repository\org\yaml\snakeyaml\1.19\snakeyaml-1.19.jar;E:\1704A\repository\com\github\pagehelper\pagehelper-spring-boot-autoconfigure\1.2.4\pagehelper-spring-boot-autoconfigure-1.2.4.jar;E:\1704A\repository\com\github\pagehelper\pagehelper\5.1.3\pagehelper-5.1.3.jar;E:\1704A\repository\com\github\jsqlparser\jsqlparser\1.0\jsqlparser-1.0.jar;E:\1704A\hdServiceCode\nm-service-api\target\nm-service-api.jar;E:\1704A\repository\commons-fileupload\commons-fileupload\1.3.3\commons-fileupload-1.3.3.jar;E:\1704A\repository\io\springfox\springfox-swagger2\2.7.0\springfox-swagger2-2.7.0.jar;E:\1704A\repository\io\swagger\swagger-annotations\1.5.13\swagger-annotations-1.5.13.jar;E:\1704A\repository\io\swagger\swagger-models\1.5.13\swagger-models-1.5.13.jar;E:\1704A\repository\io\springfox\springfox-spi\2.7.0\springfox-spi-2.7.0.jar;E:\1704A\repository\io\springfox\springfox-core\2.7.0\springfox-core-2.7.0.jar;E:\1704A\repository\io\springfox\springfox-schema\2.7.0\springfox-schema-2.7.0.jar;E:\1704A\repository\io\springfox\springfox-swagger-common\2.7.0\springfox-swagger-common-2.7.0.jar;E:\1704A\repository\io\springfox\springfox-spring-web\2.7.0\springfox-spring-web-2.7.0.jar;E:\1704A\repository\org\reflections\reflections\0.9.11\reflections-0.9.11.jar;E:\1704A\repository\com\fasterxml\classmate\1.3.4\classmate-1.3.4.jar;E:\1704A\repository\org\springframework\plugin\spring-plugin-core\1.2.0.RELEASE\spring-plugin-core-1.2.0.RELEASE.jar;E:\1704A\repository\org\springframework\plugin\spring-plugin-metadata\1.2.0.RELEASE\spring-plugin-metadata-1.2.0.RELEASE.jar;E:\1704A\repository\org\mapstruct\mapstruct\1.1.0.Final\mapstruct-1.1.0.Final.jar;E:\1704A\repository\io\springfox\springfox-swagger-ui\2.7.0\springfox-swagger-ui-2.7.0.jar;E:\1704A\hdServiceCode\nm-framework-model\target\nm-framework-model.jar;E:\1704A\repository\org\projectlombok\lombok\1.16.16\lombok-1.16.16.jar;E:\1704A\repository\org\springframework\data\spring-data-commons\2.0.6.RELEASE\spring-data-commons-2.0.6.RELEASE.jar;E:\1704A\repository\org\springframework\data\spring-data-mongodb\2.0.6.RELEASE\spring-data-mongodb-2.0.6.RELEASE.jar;E:\1704A\repository\org\springframework\spring-context\5.0.5.RELEASE\spring-context-5.0.5.RELEASE.jar;E:\1704A\repository\org\springframework\spring-expression\5.0.5.RELEASE\spring-expression-5.0.5.RELEASE.jar;E:\1704A\repository\org\mongodb\mongo-java-driver\3.6.3\mongo-java-driver-3.6.3.jar;E:\1704A\repository\org\hibernate\hibernate-core\5.2.16.Final\hibernate-core-5.2.16.Final.jar;E:\1704A\repository\org\jboss\logging\jboss-logging\3.3.2.Final\jboss-logging-3.3.2.Final.jar;E:\1704A\repository\org\hibernate\javax\persistence\hibernate-jpa-2.1-api\1.0.0.Final\hibernate-jpa-2.1-api-1.0.0.Final.jar;E:\1704A\repository\org\javassist\javassist\3.22.0-GA\javassist-3.22.0-GA.jar;E:\1704A\repository\antlr\antlr\2.7.7\antlr-2.7.7.jar;E:\1704A\repository\org\jboss\spec\javax\transaction\jboss-transaction-api_1.2_spec\1.0.1.Final\jboss-transaction-api_1.2_spec-1.0.1.Final.jar;E:\1704A\repository\org\jboss\jandex\2.0.3.Final\jandex-2.0.3.Final.jar;E:\1704A\repository\dom4j\dom4j\1.6.1\dom4j-1.6.1.jar;E:\1704A\repository\org\hibernate\common\hibernate-commons-annotations\5.0.1.Final\hibernate-commons-annotations-5.0.1.Final.jar;E:\1704A\repository\com\google\guava\guava\24.0-jre\guava-24.0-jre.jar;E:\1704A\repository\com\google\code\findbugs\jsr305\1.3.9\jsr305-1.3.9.jar;E:\1704A\repository\org\checkerframework\checker-compat-qual\2.0.0\checker-compat-qual-2.0.0.jar;E:\1704A\repository\com\google\errorprone\error_prone_annotations\2.1.3\error_prone_annotations-2.1.3.jar;E:\1704A\repository\com\google\j2objc\j2objc-annotations\1.1\j2objc-annotations-1.1.jar;E:\1704A\repository\org\codehaus\mojo\animal-sniffer-annotations\1.14\animal-sniffer-annotations-1.14.jar;E:\1704A\hdServiceCode\nm-framework-utils\target\nm-framework-utils.jar;E:\1704A\repository\javax\servlet\javax.servlet-api\3.1.0\javax.servlet-api-3.1.0.jar;E:\1704A\repository\org\springframework\boot\spring-boot-starter-logging\2.0.1.RELEASE\spring-boot-starter-logging-2.0.1.RELEASE.jar;E:\1704A\repository\ch\qos\logback\logback-classic\1.2.3\logback-classic-1.2.3.jar;E:\1704A\repository\ch\qos\logback\logback-core\1.2.3\logback-core-1.2.3.jar;E:\1704A\repository\org\apache\logging\log4j\log4j-to-slf4j\2.10.0\log4j-to-slf4j-2.10.0.jar;E:\1704A\repository\org\apache\logging\log4j\log4j-api\2.10.0\log4j-api-2.10.0.jar;E:\1704A\repository\org\slf4j\jul-to-slf4j\1.7.25\jul-to-slf4j-1.7.25.jar;E:\1704A\repository\org\apache\httpcomponents\httpclient\4.5.5\httpclient-4.5.5.jar;E:\1704A\repository\org\apache\httpcomponents\httpcore\4.4.9\httpcore-4.4.9.jar;E:\1704A\repository\commons-codec\commons-codec\1.10\commons-codec-1.10.jar;E:\1704A\repository\net\lingala\zip4j\zip4j\1.3.1\zip4j-1.3.1.jar;E:\1704A\repository\org\springframework\security\spring-security-crypto\5.0.4.RELEASE\spring-security-crypto-5.0.4.RELEASE.jar;E:\1704A\repository\org\springframework\security\spring-security-jwt\1.0.8.RELEASE\spring-security-jwt-1.0.8.RELEASE.jar;E:\1704A\repository\org\bouncycastle\bcpkix-jdk15on\1.56\bcpkix-jdk15on-1.56.jar;E:\1704A\repository\org\bouncycastle\bcprov-jdk15on\1.56\bcprov-jdk15on-1.56.jar;E:\1704A\hdServiceCode\nm-framework-common\target\nm-framework-common.jar;E:\1704A\repository\org\springframework\spring-web\5.0.5.RELEASE\spring-web-5.0.5.RELEASE.jar;E:\1704A\repository\org\springframework\boot\spring-boot-starter-web\2.0.1.RELEASE\spring-boot-starter-web-2.0.1.RELEASE.jar;E:\1704A\repository\org\springframework\boot\spring-boot-starter-json\2.0.1.RELEASE\spring-boot-starter-json-2.0.1.RELEASE.jar;E:\1704A\repository\com\fasterxml\jackson\core\jackson-databind\2.9.5\jackson-databind-2.9.5.jar;E:\1704A\repository\com\fasterxml\jackson\datatype\jackson-datatype-jdk8\2.9.5\jackson-datatype-jdk8-2.9.5.jar;E:\1704A\repository\com\fasterxml\jackson\datatype\jackson-datatype-jsr310\2.9.5\jackson-datatype-jsr310-2.9.5.jar;E:\1704A\repository\com\fasterxml\jackson\module\jackson-module-parameter-names\2.9.5\jackson-module-parameter-names-2.9.5.jar;E:\1704A\repository\org\springframework\boot\spring-boot-starter-tomcat\2.0.1.RELEASE\spring-boot-starter-tomcat-2.0.1.RELEASE.jar;E:\1704A\repository\org\apache\tomcat\embed\tomcat-embed-core\8.5.28\tomcat-embed-core-8.5.28.jar;E:\1704A\repository\org\apache\tomcat\embed\tomcat-embed-el\8.5.28\tomcat-embed-el-8.5.28.jar;E:\1704A\repository\org\apache\tomcat\embed\tomcat-embed-websocket\8.5.28\tomcat-embed-websocket-8.5.28.jar;E:\1704A\repository\org\hibernate\validator\hibernate-validator\6.0.9.Final\hibernate-validator-6.0.9.Final.jar;E:\1704A\repository\javax\validation\validation-api\2.0.1.Final\validation-api-2.0.1.Final.jar;E:\1704A\repository\org\springframework\spring-webmvc\5.0.5.RELEASE\spring-webmvc-5.0.5.RELEASE.jar;E:\1704A\repository\org\springframework\spring-aop\5.0.5.RELEASE\spring-aop-5.0.5.RELEASE.jar;E:\1704A\repository\mysql\mysql-connector-java\5.1.40\mysql-connector-java-5.1.40.jar;E:\1704A\repository\com\alibaba\druid-spring-boot-starter\1.1.10\druid-spring-boot-starter-1.1.10.jar;E:\1704A\repository\com\alibaba\druid\1.1.6\druid-1.1.6.jar;E:\1704A\repository\org\slf4j\slf4j-api\1.7.25\slf4j-api-1.7.25.jar;E:\1704A\repository\org\springframework\boot\spring-boot-autoconfigure\2.0.1.RELEASE\spring-boot-autoconfigure-2.0.1.RELEASE.jar;E:\1704A\repository\org\mybatis\spring\boot\mybatis-spring-boot-starter\1.3.1\mybatis-spring-boot-starter-1.3.1.jar;E:\1704A\repository\org\springframework\boot\spring-boot-starter-jdbc\2.0.1.RELEASE\spring-boot-starter-jdbc-2.0.1.RELEASE.jar;E:\1704A\repository\com\zaxxer\HikariCP\2.7.8\HikariCP-2.7.8.jar;E:\1704A\repository\org\mybatis\spring\boot\mybatis-spring-boot-autoconfigure\1.3.1\mybatis-spring-boot-autoconfigure-1.3.1.jar;E:\1704A\repository\org\mybatis\mybatis\3.4.5\mybatis-3.4.5.jar;E:\1704A\repository\org\mybatis\mybatis-spring\1.3.1\mybatis-spring-1.3.1.jar;E:\1704A\repository\org\springframework\spring-orm\5.0.5.RELEASE\spring-orm-5.0.5.RELEASE.jar;E:\1704A\repository\org\springframework\spring-beans\5.0.5.RELEASE\spring-beans-5.0.5.RELEASE.jar;E:\1704A\repository\org\springframework\spring-core\5.0.5.RELEASE\spring-core-5.0.5.RELEASE.jar;E:\1704A\repository\org\springframework\spring-jcl\5.0.5.RELEASE\spring-jcl-5.0.5.RELEASE.jar;E:\1704A\repository\org\springframework\spring-jdbc\5.0.5.RELEASE\spring-jdbc-5.0.5.RELEASE.jar;E:\1704A\repository\org\springframework\spring-tx\5.0.5.RELEASE\spring-tx-5.0.5.RELEASE.jar;E:\1704A\repository\org\springframework\boot\spring-boot-starter-data-jpa\2.0.1.RELEASE\spring-boot-starter-data-jpa-2.0.1.RELEASE.jar;E:\1704A\repository\org\springframework\boot\spring-boot-starter-aop\2.0.1.RELEASE\spring-boot-starter-aop-2.0.1.RELEASE.jar;E:\1704A\repository\org\aspectj\aspectjweaver\1.8.13\aspectjweaver-1.8.13.jar;E:\1704A\repository\javax\transaction\javax.transaction-api\1.2\javax.transaction-api-1.2.jar;E:\1704A\repository\org\springframework\data\spring-data-jpa\2.0.6.RELEASE\spring-data-jpa-2.0.6.RELEASE.jar;E:\1704A\repository\org\springframework\spring-aspects\5.0.5.RELEASE\spring-aspects-5.0.5.RELEASE.jar;E:\1704A\repository\com\squareup\okhttp3\okhttp\3.9.1\okhttp-3.9.1.jar;E:\1704A\repository\com\squareup\okio\okio\1.13.0\okio-1.13.0.jar;E:\1704A\repository\com\alibaba\fastjson\1.2.30\fastjson-1.2.30.jar;E:\1704A\repository\commons-io\commons-io\2.6\commons-io-2.6.jar;E:\1704A\repository\org\apache\commons\commons-lang3\3.6\commons-lang3-3.6.jar;E:\1704A\repository\org\springframework\boot\spring-boot-starter-test\2.0.1.RELEASE\spring-boot-starter-test-2.0.1.RELEASE.jar;E:\1704A\repository\org\springframework\boot\spring-boot-test\2.0.1.RELEASE\spring-boot-test-2.0.1.RELEASE.jar;E:\1704A\repository\org\springframework\boot\spring-boot-test-autoconfigure\2.0.1.RELEASE\spring-boot-test-autoconfigure-2.0.1.RELEASE.jar;E:\1704A\repository\com\jayway\jsonpath\json-path\2.4.0\json-path-2.4.0.jar;E:\1704A\repository\net\minidev\json-smart\2.3\json-smart-2.3.jar;E:\1704A\repository\net\minidev\accessors-smart\1.2\accessors-smart-1.2.jar;E:\1704A\repository\org\ow2\asm\asm\5.0.4\asm-5.0.4.jar;E:\1704A\repository\junit\junit\4.12\junit-4.12.jar;E:\1704A\repository\org\assertj\assertj-core\3.9.1\assertj-core-3.9.1.jar;E:\1704A\repository\org\mockito\mockito-core\2.15.0\mockito-core-2.15.0.jar;E:\1704A\repository\net\bytebuddy\byte-buddy\1.7.11\byte-buddy-1.7.11.jar;E:\1704A\repository\net\bytebuddy\byte-buddy-agent\1.7.11\byte-buddy-agent-1.7.11.jar;E:\1704A\repository\org\objenesis\objenesis\2.6\objenesis-2.6.jar;E:\1704A\repository\org\hamcrest\hamcrest-core\1.3\hamcrest-core-1.3.jar;E:\1704A\repository\org\hamcrest\hamcrest-library\1.3\hamcrest-library-1.3.jar;E:\1704A\repository\org\skyscreamer\jsonassert\1.5.0\jsonassert-1.5.0.jar;E:\1704A\repository\com\vaadin\external\google\android-json\0.0.20131108.vaadin1\android-json-0.0.20131108.vaadin1.jar;E:\1704A\repository\org\springframework\spring-test\5.0.5.RELEASE\spring-test-5.0.5.RELEASE.jar;E:\1704A\repository\org\xmlunit\xmlunit-core\2.5.1\xmlunit-core-2.5.1.jar;E:\1704A\repository\org\springframework\cloud\spring-cloud-starter-netflix-eureka-client\2.0.1.RELEASE\spring-cloud-starter-netflix-eureka-client-2.0.1.RELEASE.jar;E:\1704A\repository\org\springframework\cloud\spring-cloud-starter\2.0.1.RELEASE\spring-cloud-starter-2.0.1.RELEASE.jar;E:\1704A\repository\org\springframework\cloud\spring-cloud-context\2.0.1.RELEASE\spring-cloud-context-2.0.1.RELEASE.jar;E:\1704A\repository\org\springframework\security\spring-security-rsa\1.0.5.RELEASE\spring-security-rsa-1.0.5.RELEASE.jar;E:\1704A\repository\org\springframework\cloud\spring-cloud-netflix-core\2.0.1.RELEASE\spring-cloud-netflix-core-2.0.1.RELEASE.jar;E:\1704A\repository\org\springframework\cloud\spring-cloud-netflix-eureka-client\2.0.1.RELEASE\spring-cloud-netflix-eureka-client-2.0.1.RELEASE.jar;E:\1704A\repository\com\netflix\eureka\eureka-client\1.9.3\eureka-client-1.9.3.jar;E:\1704A\repository\org\codehaus\jettison\jettison\1.3.7\jettison-1.3.7.jar;E:\1704A\repository\stax\stax-api\1.0.1\stax-api-1.0.1.jar;E:\1704A\repository\com\netflix\netflix-commons\netflix-eventbus\0.3.0\netflix-eventbus-0.3.0.jar;E:\1704A\repository\com\netflix\netflix-commons\netflix-infix\0.3.0\netflix-infix-0.3.0.jar;E:\1704A\repository\commons-jxpath\commons-jxpath\1.3\commons-jxpath-1.3.jar;E:\1704A\repository\joda-time\joda-time\2.9.9\joda-time-2.9.9.jar;E:\1704A\repository\org\antlr\antlr-runtime\3.4\antlr-runtime-3.4.jar;E:\1704A\repository\org\antlr\stringtemplate\3.2.1\stringtemplate-3.2.1.jar;E:\1704A\repository\com\google\code\gson\gson\2.8.2\gson-2.8.2.jar;E:\1704A\repository\org\apache\commons\commons-math\2.2\commons-math-2.2.jar;E:\1704A\repository\com\netflix\archaius\archaius-core\0.7.6\archaius-core-0.7.6.jar;E:\1704A\repository\javax\ws\rs\jsr311-api\1.1.1\jsr311-api-1.1.1.jar;E:\1704A\repository\com\netflix\servo\servo-core\0.12.21\servo-core-0.12.21.jar;E:\1704A\repository\com\sun\jersey\jersey-core\1.19.1\jersey-core-1.19.1.jar;E:\1704A\repository\com\sun\jersey\jersey-client\1.19.1\jersey-client-1.19.1.jar;E:\1704A\repository\com\sun\jersey\contribs\jersey-apache-client4\1.19.1\jersey-apache-client4-1.19.1.jar;E:\1704A\repository\com\google\inject\guice\4.1.0\guice-4.1.0.jar;E:\1704A\repository\javax\inject\javax.inject\1\javax.inject-1.jar;E:\1704A\repository\aopalliance\aopalliance\1.0\aopalliance-1.0.jar;E:\1704A\repository\com\github\vlsi\compactmap\compactmap\1.2.1\compactmap-1.2.1.jar;E:\1704A\repository\com\github\andrewoma\dexx\dexx-collections\0.2\dexx-collections-0.2.jar;E:\1704A\repository\com\fasterxml\jackson\core\jackson-annotations\2.9.0\jackson-annotations-2.9.0.jar;E:\1704A\repository\com\fasterxml\jackson\core\jackson-core\2.9.5\jackson-core-2.9.5.jar;E:\1704A\repository\com\netflix\eureka\eureka-core\1.9.3\eureka-core-1.9.3.jar;E:\1704A\repository\org\codehaus\woodstox\woodstox-core-asl\4.4.1\woodstox-core-asl-4.4.1.jar;E:\1704A\repository\javax\xml\stream\stax-api\1.0-2\stax-api-1.0-2.jar;E:\1704A\repository\org\codehaus\woodstox\stax2-api\3.1.4\stax2-api-3.1.4.jar;E:\1704A\repository\org\springframework\cloud\spring-cloud-starter-netflix-archaius\2.0.1.RELEASE\spring-cloud-starter-netflix-archaius-2.0.1.RELEASE.jar;E:\1704A\repository\org\springframework\cloud\spring-cloud-netflix-ribbon\2.0.1.RELEASE\spring-cloud-netflix-ribbon-2.0.1.RELEASE.jar;E:\1704A\repository\org\springframework\cloud\spring-cloud-netflix-archaius\2.0.1.RELEASE\spring-cloud-netflix-archaius-2.0.1.RELEASE.jar;E:\1704A\repository\commons-configuration\commons-configuration\1.8\commons-configuration-1.8.jar;E:\1704A\repository\commons-lang\commons-lang\2.6\commons-lang-2.6.jar;E:\1704A\repository\org\springframework\cloud\spring-cloud-starter-netflix-ribbon\2.0.1.RELEASE\spring-cloud-starter-netflix-ribbon-2.0.1.RELEASE.jar;E:\1704A\repository\com\netflix\ribbon\ribbon\2.2.5\ribbon-2.2.5.jar;E:\1704A\repository\com\netflix\ribbon\ribbon-transport\2.2.5\ribbon-transport-2.2.5.jar;E:\1704A\repository\io\reactivex\rxnetty-contexts\0.4.9\rxnetty-contexts-0.4.9.jar;E:\1704A\repository\io\reactivex\rxnetty-servo\0.4.9\rxnetty-servo-0.4.9.jar;E:\1704A\repository\io\reactivex\rxnetty\0.4.9\rxnetty-0.4.9.jar;E:\1704A\repository\io\netty\netty-codec-http\4.1.23.Final\netty-codec-http-4.1.23.Final.jar;E:\1704A\repository\io\netty\netty-codec\4.1.23.Final\netty-codec-4.1.23.Final.jar;E:\1704A\repository\io\netty\netty-transport-native-epoll\4.1.23.Final\netty-transport-native-epoll-4.1.23.Final.jar;E:\1704A\repository\io\netty\netty-common\4.1.23.Final\netty-common-4.1.23.Final.jar;E:\1704A\repository\io\netty\netty-buffer\4.1.23.Final\netty-buffer-4.1.23.Final.jar;E:\1704A\repository\io\netty\netty-transport-native-unix-common\4.1.23.Final\netty-transport-native-unix-common-4.1.23.Final.jar;E:\1704A\repository\io\netty\netty-transport\4.1.23.Final\netty-transport-4.1.23.Final.jar;E:\1704A\repository\io\netty\netty-resolver\4.1.23.Final\netty-resolver-4.1.23.Final.jar;E:\1704A\repository\com\netflix\ribbon\ribbon-core\2.2.5\ribbon-core-2.2.5.jar;E:\1704A\repository\com\netflix\ribbon\ribbon-httpclient\2.2.5\ribbon-httpclient-2.2.5.jar;E:\1704A\repository\commons-collections\commons-collections\3.2.2\commons-collections-3.2.2.jar;E:\1704A\repository\com\netflix\netflix-commons\netflix-commons-util\0.3.0\netflix-commons-util-0.3.0.jar;E:\1704A\repository\com\netflix\ribbon\ribbon-loadbalancer\2.2.5\ribbon-loadbalancer-2.2.5.jar;E:\1704A\repository\com\netflix\netflix-commons\netflix-statistics\0.1.1\netflix-statistics-0.1.1.jar;E:\1704A\repository\io\reactivex\rxjava\1.3.8\rxjava-1.3.8.jar;E:\1704A\repository\com\netflix\ribbon\ribbon-eureka\2.2.5\ribbon-eureka-2.2.5.jar;E:\1704A\repository\com\thoughtworks\xstream\xstream\1.4.10\xstream-1.4.10.jar;E:\1704A\repository\xmlpull\xmlpull\1.1.3.1\xmlpull-1.1.3.1.jar;E:\1704A\repository\xpp3\xpp3_min\1.1.4c\xpp3_min-1.1.4c.jar;E:\1704A\repository\org\springframework\cloud\spring-cloud-starter-openfeign\2.0.1.RELEASE\spring-cloud-starter-openfeign-2.0.1.RELEASE.jar;E:\1704A\repository\org\springframework\cloud\spring-cloud-openfeign-core\2.0.1.RELEASE\spring-cloud-openfeign-core-2.0.1.RELEASE.jar;E:\1704A\repository\org\springframework\cloud\spring-cloud-commons\2.0.1.RELEASE\spring-cloud-commons-2.0.1.RELEASE.jar;E:\1704A\repository\io\github\openfeign\feign-core\9.5.1\feign-core-9.5.1.jar;E:\1704A\repository\io\github\openfeign\feign-slf4j\9.5.1\feign-slf4j-9.5.1.jar;E:\1704A\repository\io\github\openfeign\feign-hystrix\9.5.1\feign-hystrix-9.5.1.jar;E:\1704A\repository\com\netflix\hystrix\hystrix-core\1.5.12\hystrix-core-1.5.12.jar;E:\1704A\repository\org\hdrhistogram\HdrHistogram\2.1.9\HdrHistogram-2.1.9.jar;E:\1704A\repository\io\github\openfeign\feign-java8\9.5.1\feign-java8-9.5.1.jar;E:\1704A\repository\com\netflix\feign\feign-okhttp\8.18.0\feign-okhttp-8.18.0.jar;E:\1704A\repository\com\netflix\feign\feign-core\8.18.0\feign-core-8.18.0.jar;E:\1704A\repository\org\jvnet\animal-sniffer-annotation\1.0\animal-sniffer-annotation-1.0.jar;, user.name=wangb, java.vm.specification.version=1.8, sun.java.command=C:\Users\wangb\AppData\Local\Temp\surefire8359040626052298865\surefirebooter7147715406186341325.jar C:\Users\wangb\AppData\Local\Temp\surefire8359040626052298865 2020-03-09T20-44-46_260-jvmRun1 surefire1835119734498572997tmp surefire_16448304995619269847tmp, java.home=C:\Program Files\Java\jdk1.8.0_91\jre, sun.arch.data.model=64, user.language=zh, java.specification.vendor=Oracle Corporation, awt.toolkit=sun.awt.windows.WToolkit, java.vm.info=mixed mode, java.version=1.8.0_91, java.ext.dirs=C:\Program Files\Java\jdk1.8.0_91\jre\lib\ext;C:\WINDOWS\Sun\Java\lib\ext, sun.boot.class.path=C:\Program Files\Java\jdk1.8.0_91\jre\lib\resources.jar;C:\Program Files\Java\jdk1.8.0_91\jre\lib\rt.jar;C:\Program Files\Java\jdk1.8.0_91\jre\lib\sunrsasign.jar;C:\Program Files\Java\jdk1.8.0_91\jre\lib\jsse.jar;C:\Program Files\Java\jdk1.8.0_91\jre\lib\jce.jar;C:\Program Files\Java\jdk1.8.0_91\jre\lib\charsets.jar;C:\Program Files\Java\jdk1.8.0_91\jre\lib\jfr.jar;C:\Program Files\Java\jdk1.8.0_91\jre\classes, java.awt.headless=true, java.vendor=Oracle Corporation, localRepository=E:\1704A\repository, file.separator=\, java.vendor.url.bug=http://bugreport.sun.com/bugreport/, sun.io.unicode.encoding=UnicodeLittle, sun.cpu.endian=little, sun.desktop=windows, sun.cpu.isalist=amd64}}, SystemEnvironmentPropertySource@927159199 {name='systemEnvironment', properties={PATH=E:\app\wangb\product\11.2.0\dbhome_1\bin;E:\maven\apache-maven-3.6.1\bin;C:\Program Files\Java\jdk1.8.0_91\bin;C:\Program Files (x86)\Intel\iCLS Client\;C:\Program Files\Intel\iCLS Client\;C:\Windows\system32;C:\Windows;C:\Windows\System32\Wbem;C:\Windows\System32\WindowsPowerShell\v1.0\;C:\Program Files (x86)\NVIDIA Corporation\PhysX\Common;C:\Program Files (x86)\Intel\Intel(R) Management Engine Components\DAL;C:\Program Files\Intel\Intel(R) Management Engine Components\DAL;C:\Program Files (x86)\Intel\Intel(R) Management Engine Components\IPT;C:\Program Files\Intel\Intel(R) Management Engine Components\IPT;C:\WINDOWS\system32;C:\WINDOWS;C:\WINDOWS\System32\Wbem;C:\WINDOWS\System32\WindowsPowerShell\v1.0\;C:\WINDOWS\System32\OpenSSH\;C:\Program Files\MySQL\MySQL Server 5.5\bin;E:\nodejs\;E:\Git\cmd;E:\Mp4\ffmpeg-20180227-fa0c9d6-win64-static\bin;C:\Users\wangb\AppData\Local\Microsoft\WindowsApps;C:\Users\wangb\AppData\Roaming\npm;E:\Microsoft VS Code\bin, USERDOMAIN_ROAMINGPROFILE=LAPTOP-8K1AKH0O, LOCALAPPDATA=C:\Users\wangb\AppData\Local, PROCESSOR_LEVEL=6, SYSTEMDRIVE=C:, COMMONPROGRAMFILES(X86)=C:\Program Files (x86)\Common Files, USERDOMAIN=LAPTOP-8K1AKH0O, FPS_BROWSER_APP_PROFILE_STRING=Internet Explorer, LOGONSERVER=\\LAPTOP-8K1AKH0O, JAVA_HOME=C:\Program Files\Java\jdk1.8.0_91, PROMPT=$P$G, SESSIONNAME=Console, ALLUSERSPROFILE=C:\ProgramData, PROGRAMFILES(X86)=C:\Program Files (x86), PROCESSOR_ARCHITECTURE=AMD64, DRIVERDATA=C:\Windows\System32\Drivers\DriverData, ERLANG_HOME=E:\erl9.2, =E:=E:\1704A\hdServiceCode\nm-service-manage-course, PROGRAMFILES=C:\Program Files, APPDATA=C:\Users\wangb\AppData\Roaming, MOZ_PLUGIN_PATH=E:\1704A\FoxitPhantomPDFBusiness\plugins\, PSMODULEPATH=C:\Program Files\WindowsPowerShell\Modules;C:\WINDOWS\system32\WindowsPowerShell\v1.0\Modules, PROGRAMW6432=C:\Program Files, PROGRAMDATA=C:\ProgramData, SYSTEMROOT=C:\WINDOWS, USERNAME=wangb, FPS_BROWSER_USER_PROFILE_STRING=Default, ONEDRIVE=C:\Users\wangb\OneDrive, CONFIGSETROOT=C:\WINDOWS\ConfigSetRoot, PATHEXT=.COM;.EXE;.BAT;.CMD;.VBS;.VBE;.JS;.JSE;.WSF;.WSH;.MSC, OS=Windows_NT, COMMONPROGRAMW6432=C:\Program Files\Common Files, COMPUTERNAME=LAPTOP-8K1AKH0O, COMMONPROGRAMFILES=C:\Program Files\Common Files, COMSPEC=C:\WINDOWS\system32\cmd.exe, PROCESSOR_REVISION=9e09, WINDIR=C:\WINDOWS, RABBITMQ_SERVER=E:\rabibitmq\rabbitmq_server-3.7.4, HOMEPATH=\Users\wangb, TEMP=C:\Users\wangb\AppData\Local\Temp, HOMEDRIVE=C:, PROCESSOR_IDENTIFIER=Intel64 Family 6 Model 158 Stepping 9, GenuineIntel, USERPROFILE=C:\Users\wangb, TMP=C:\Users\wangb\AppData\Local\Temp, PUBLIC=C:\Users\Public, NUMBER_OF_PROCESSORS=8, =::=::\}}]
2020-03-09 20:45:22.543 [main] DEBUG o.s.b.f.s.DefaultListableBeanFactory - Creating shared instance of singleton bean 'org.springframework.boot.autoconfigure.AutoConfigurationPackages'
2020-03-09 20:45:22.544 [main] DEBUG o.s.b.f.s.DefaultListableBeanFactory - Creating instance of bean 'org.springframework.boot.autoconfigure.AutoConfigurationPackages'
2020-03-09 20:45:22.544 [main] DEBUG o.s.b.f.s.DefaultListableBeanFactory - Eagerly caching bean 'org.springframework.boot.autoconfigure.AutoConfigurationPackages' to allow for resolving potential circular references
2020-03-09 20:45:22.544 [main] DEBUG o.s.b.f.s.DefaultListableBeanFactory - Finished creating instance of bean 'org.springframework.boot.autoconfigure.AutoConfigurationPackages'
2020-03-09 20:45:22.544 [main] DEBUG o.s.b.a.AutoConfigurationPackages - @EnableAutoConfiguration was declared on a class in the package 'com.ningmeng.manage_course'. Automatic @Repository and @Entity scanning is enabled.
2020-03-09 20:45:22.544 [main] DEBUG o.m.s.b.a.MybatisAutoConfiguration - Using auto-configuration base package 'com.ningmeng.manage_course'
2020-03-09 20:45:22.545 [main] DEBUG o.s.c.i.s.PathMatchingResourcePatternResolver - Resolved classpath location [com/ningmeng/manage_course/] to resources [URL [file:/E:/1704A/hdServiceCode/nm-service-manage-course/target/test-classes/com/ningmeng/manage_course/], URL [file:/E:/1704A/hdServiceCode/nm-service-manage-course/target/classes/com/ningmeng/manage_course/]]
2020-03-09 20:45:22.546 [main] DEBUG o.s.c.i.s.PathMatchingResourcePatternResolver - Looking for matching resources in directory tree [E:\1704A\hdServiceCode\nm-service-manage-course\target\test-classes\com\ningmeng\manage_course]
2020-03-09 20:45:22.546 [main] DEBUG o.s.c.i.s.PathMatchingResourcePatternResolver - Searching directory [E:\1704A\hdServiceCode\nm-service-manage-course\target\test-classes\com\ningmeng\manage_course] for files matching pattern [E:/1704A/hdServiceCode/nm-service-manage-course/target/test-classes/com/ningmeng/manage_course/**/*.class]
2020-03-09 20:45:22.546 [main] DEBUG o.s.c.i.s.PathMatchingResourcePatternResolver - Searching directory [E:\1704A\hdServiceCode\nm-service-manage-course\target\test-classes\com\ningmeng\manage_course\dao] for files matching pattern [E:/1704A/hdServiceCode/nm-service-manage-course/target/test-classes/com/ningmeng/manage_course/**/*.class]
2020-03-09 20:45:22.546 [main] DEBUG o.s.c.i.s.PathMatchingResourcePatternResolver - Looking for matching resources in directory tree [E:\1704A\hdServiceCode\nm-service-manage-course\target\classes\com\ningmeng\manage_course]
2020-03-09 20:45:22.547 [main] DEBUG o.s.c.i.s.PathMatchingResourcePatternResolver - Searching directory [E:\1704A\hdServiceCode\nm-service-manage-course\target\classes\com\ningmeng\manage_course] for files matching pattern [E:/1704A/hdServiceCode/nm-service-manage-course/target/classes/com/ningmeng/manage_course/**/*.class]
2020-03-09 20:45:22.547 [main] DEBUG o.s.c.i.s.PathMatchingResourcePatternResolver - Searching directory [E:\1704A\hdServiceCode\nm-service-manage-course\target\classes\com\ningmeng\manage_course\client] for files matching pattern [E:/1704A/hdServiceCode/nm-service-manage-course/target/classes/com/ningmeng/manage_course/**/*.class]
2020-03-09 20:45:22.547 [main] DEBUG o.s.c.i.s.PathMatchingResourcePatternResolver - Searching directory [E:\1704A\hdServiceCode\nm-service-manage-course\target\classes\com\ningmeng\manage_course\controller] for files matching pattern [E:/1704A/hdServiceCode/nm-service-manage-course/target/classes/com/ningmeng/manage_course/**/*.class]
2020-03-09 20:45:22.547 [main] DEBUG o.s.c.i.s.PathMatchingResourcePatternResolver - Searching directory [E:\1704A\hdServiceCode\nm-service-manage-course\target\classes\com\ningmeng\manage_course\dao] for files matching pattern [E:/1704A/hdServiceCode/nm-service-manage-course/target/classes/com/ningmeng/manage_course/**/*.class]
2020-03-09 20:45:22.548 [main] DEBUG o.s.c.i.s.PathMatchingResourcePatternResolver - Searching directory [E:\1704A\hdServiceCode\nm-service-manage-course\target\classes\com\ningmeng\manage_course\service] for files matching pattern [E:/1704A/hdServiceCode/nm-service-manage-course/target/classes/com/ningmeng/manage_course/**/*.class]
2020-03-09 20:45:22.548 [main] DEBUG o.s.c.i.s.PathMatchingResourcePatternResolver - Resolved location pattern [classpath*:com/ningmeng/manage_course/**/*.class] to resources [file [E:\1704A\hdServiceCode\nm-service-manage-course\target\test-classes\com\ningmeng\manage_course\dao\FeignTest.class], file [E:\1704A\hdServiceCode\nm-service-manage-course\target\test-classes\com\ningmeng\manage_course\dao\TestDao.class], file [E:\1704A\hdServiceCode\nm-service-manage-course\target\test-classes\com\ningmeng\manage_course\dao\Tests.class], file [E:\1704A\hdServiceCode\nm-service-manage-course\target\classes\com\ningmeng\manage_course\client\CmsPageClient.class], file [E:\1704A\hdServiceCode\nm-service-manage-course\target\classes\com\ningmeng\manage_course\controller\CourseController.class], file [E:\1704A\hdServiceCode\nm-service-manage-course\target\classes\com\ningmeng\manage_course\controller\SysDicthinaryController.class], file [E:\1704A\hdServiceCode\nm-service-manage-course\target\classes\com\ningmeng\manage_course\dao\CategoryMapper.class], file [E:\1704A\hdServiceCode\nm-service-manage-course\target\classes\com\ningmeng\manage_course\dao\CourseBaseRepository.class], file [E:\1704A\hdServiceCode\nm-service-manage-course\target\classes\com\ningmeng\manage_course\dao\CourseMapper.class], file [E:\1704A\hdServiceCode\nm-service-manage-course\target\classes\com\ningmeng\manage_course\dao\CourseMarketMapper.class], file [E:\1704A\hdServiceCode\nm-service-manage-course\target\classes\com\ningmeng\manage_course\dao\CourseMarketRepository.class], file [E:\1704A\hdServiceCode\nm-service-manage-course\target\classes\com\ningmeng\manage_course\dao\CoursePicRepository.class], file [E:\1704A\hdServiceCode\nm-service-manage-course\target\classes\com\ningmeng\manage_course\dao\CoursePubRepository.class], file [E:\1704A\hdServiceCode\nm-service-manage-course\target\classes\com\ningmeng\manage_course\dao\SysDictionaryRepository.class], file [E:\1704A\hdServiceCode\nm-service-manage-course\target\classes\com\ningmeng\manage_course\dao\TeachplanMapper.class], file [E:\1704A\hdServiceCode\nm-service-manage-course\target\classes\com\ningmeng\manage_course\dao\TeachplanMediaPubRepository.class], file [E:\1704A\hdServiceCode\nm-service-manage-course\target\classes\com\ningmeng\manage_course\dao\TeachplanMediaRepository.class], file [E:\1704A\hdServiceCode\nm-service-manage-course\target\classes\com\ningmeng\manage_course\dao\TeachplanRepository.class], file [E:\1704A\hdServiceCode\nm-service-manage-course\target\classes\com\ningmeng\manage_course\ManageCourseApplication.class], file [E:\1704A\hdServiceCode\nm-service-manage-course\target\classes\com\ningmeng\manage_course\service\CourseService.class], file [E:\1704A\hdServiceCode\nm-service-manage-course\target\classes\com\ningmeng\manage_course\service\SysDicthinaryService.class]]
2020-03-09 20:45:22.549 [main] DEBUG o.m.s.mapper.ClassPathMapperScanner - Identified candidate component class: file [E:\1704A\hdServiceCode\nm-service-manage-course\target\classes\com\ningmeng\manage_course\dao\CategoryMapper.class]
2020-03-09 20:45:22.549 [main] DEBUG o.m.s.mapper.ClassPathMapperScanner - Identified candidate component class: file [E:\1704A\hdServiceCode\nm-service-manage-course\target\classes\com\ningmeng\manage_course\dao\CourseMapper.class]
2020-03-09 20:45:22.549 [main] DEBUG o.m.s.mapper.ClassPathMapperScanner - Identified candidate component class: file [E:\1704A\hdServiceCode\nm-service-manage-course\target\classes\com\ningmeng\manage_course\dao\CourseMarketMapper.class]
2020-03-09 20:45:22.549 [main] DEBUG o.m.s.mapper.ClassPathMapperScanner - Identified candidate component class: file [E:\1704A\hdServiceCode\nm-service-manage-course\target\classes\com\ningmeng\manage_course\dao\TeachplanMapper.class]
2020-03-09 20:45:22.549 [main] DEBUG o.m.s.mapper.ClassPathMapperScanner - Creating MapperFactoryBean with name 'categoryMapper' and 'com.ningmeng.manage_course.dao.CategoryMapper' mapperInterface
2020-03-09 20:45:22.549 [main] DEBUG o.m.s.mapper.ClassPathMapperScanner - Enabling autowire by type for MapperFactoryBean with name 'categoryMapper'.
2020-03-09 20:45:22.549 [main] DEBUG o.m.s.mapper.ClassPathMapperScanner - Creating MapperFactoryBean with name 'courseMapper' and 'com.ningmeng.manage_course.dao.CourseMapper' mapperInterface
2020-03-09 20:45:22.549 [main] DEBUG o.m.s.mapper.ClassPathMapperScanner - Enabling autowire by type for MapperFactoryBean with name 'courseMapper'.
2020-03-09 20:45:22.549 [main] DEBUG o.m.s.mapper.ClassPathMapperScanner - Creating MapperFactoryBean with name 'courseMarketMapper' and 'com.ningmeng.manage_course.dao.CourseMarketMapper' mapperInterface
2020-03-09 20:45:22.549 [main] DEBUG o.m.s.mapper.ClassPathMapperScanner - Enabling autowire by type for MapperFactoryBean with name 'courseMarketMapper'.
2020-03-09 20:45:22.549 [main] DEBUG o.m.s.mapper.ClassPathMapperScanner - Creating MapperFactoryBean with name 'teachplanMapper' and 'com.ningmeng.manage_course.dao.TeachplanMapper' mapperInterface
2020-03-09 20:45:22.549 [main] DEBUG o.m.s.mapper.ClassPathMapperScanner - Enabling autowire by type for MapperFactoryBean with name 'teachplanMapper'.
2020-03-09 20:45:22.550 [main] DEBUG o.s.c.a.ConfigurationClassBeanDefinitionReader - Registered bean definition for imported class 'org.mybatis.spring.boot.autoconfigure.MybatisAutoConfiguration'
2020-03-09 20:45:22.551 [main] DEBUG o.s.b.f.s.DefaultListableBeanFactory - Returning cached instance of singleton bean 'org.springframework.boot.autoconfigure.condition.BeanTypeRegistry'
2020-03-09 20:45:22.553 [main] DEBUG o.s.b.f.s.DefaultListableBeanFactory - Returning cached instance of singleton bean 'org.springframework.boot.autoconfigure.condition.BeanTypeRegistry'
2020-03-09 20:45:22.553 [main] DEBUG o.s.b.f.s.DefaultListableBeanFactory - Returning cached instance of singleton bean 'autoConfigurationReport'
2020-03-09 20:45:22.553 [main] DEBUG o.s.c.a.ConfigurationClassBeanDefinitionReader - Registering bean definition for @Bean method org.mybatis.spring.boot.autoconfigure.MybatisAutoConfiguration.sqlSessionFactory()
2020-03-09 20:45:22.554 [main] DEBUG o.s.b.f.s.DefaultListableBeanFactory - Returning cached instance of singleton bean 'org.springframework.boot.autoconfigure.condition.BeanTypeRegistry'
2020-03-09 20:45:22.554 [main] DEBUG o.s.b.f.s.DefaultListableBeanFactory - Returning cached instance of singleton bean 'org.springframework.boot.autoconfigure.condition.BeanTypeRegistry'
2020-03-09 20:45:22.554 [main] DEBUG o.s.b.f.s.DefaultListableBeanFactory - Returning cached instance of singleton bean 'autoConfigurationReport'
2020-03-09 20:45:22.555 [main] DEBUG o.s.c.a.ConfigurationClassBeanDefinitionReader - Registering bean definition for @Bean method org.mybatis.spring.boot.autoconfigure.MybatisAutoConfiguration.sqlSessionTemplate()
2020-03-09 20:45:22.555 [main] DEBUG o.s.b.f.s.DefaultListableBeanFactory - Returning cached instance of singleton bean 'org.springframework.boot.autoconfigure.condition.BeanTypeRegistry'
2020-03-09 20:45:22.555 [main] DEBUG o.s.b.f.s.DefaultListableBeanFactory - Returning cached instance of singleton bean 'org.springframework.boot.autoconfigure.condition.BeanTypeRegistry'
2020-03-09 20:45:22.556 [main] DEBUG o.s.b.f.s.DefaultListableBeanFactory - Returning cached instance of singleton bean 'autoConfigurationReport'
2020-03-09 20:45:22.557 [main] DEBUG o.s.c.a.ConfigurationClassBeanDefinitionReader - Registered bean definition for imported class 'com.github.pagehelper.autoconfigure.PageHelperAutoConfiguration'
2020-03-09 20:45:22.558 [main] DEBUG o.s.c.a.ConfigurationClassBeanDefinitionReader - Registering bean definition for @Bean method com.github.pagehelper.autoconfigure.PageHelperAutoConfiguration.pageHelperProperties()
2020-03-09 20:45:22.558 [main] DEBUG o.s.b.f.s.DefaultListableBeanFactory - Returning cached instance of singleton bean 'autoConfigurationReport'
2020-03-09 20:45:22.558 [main] DEBUG o.s.b.f.s.DefaultListableBeanFactory - Returning cached instance of singleton bean 'autoConfigurationReport'
2020-03-09 20:45:22.558 [main] DEBUG o.s.b.f.s.DefaultListableBeanFactory - Returning cached instance of singleton bean 'autoConfigurationReport'
2020-03-09 20:45:22.558 [main] DEBUG o.s.c.a.ConfigurationClassBeanDefinitionReader - Registered bean definition for imported class 'org.springframework.boot.autoconfigure.aop.AopAutoConfiguration$CglibAutoProxyConfiguration'
2020-03-09 20:45:22.561 [main] DEBUG o.s.c.a.ConfigurationClassBeanDefinitionReader - Registered bean definition for imported class 'org.springframework.boot.autoconfigure.aop.AopAutoConfiguration'
2020-03-09 20:45:22.561 [main] DEBUG o.s.b.f.s.DefaultListableBeanFactory - Returning cached instance of singleton bean 'autoConfigurationReport'
2020-03-09 20:45:22.562 [main] DEBUG o.s.b.f.s.DefaultListableBeanFactory - Returning cached instance of singleton bean 'org.springframework.boot.autoconfigure.condition.BeanTypeRegistry'
2020-03-09 20:45:22.565 [main] DEBUG o.s.b.f.s.DefaultListableBeanFactory - Returning cached instance of singleton bean 'org.springframework.boot.autoconfigure.condition.BeanTypeRegistry'
2020-03-09 20:45:22.565 [main] DEBUG o.s.b.f.s.DefaultListableBeanFactory - Returning cached instance of singleton bean 'autoConfigurationReport'
2020-03-09 20:45:22.565 [main] DEBUG o.s.c.a.ConfigurationClassBeanDefinitionReader - Registered bean definition for imported class 'org.springframework.boot.autoconfigure.context.ConfigurationPropertiesAutoConfiguration'
2020-03-09 20:45:22.565 [main] DEBUG o.s.b.f.s.DefaultListableBeanFactory - Returning cached instance of singleton bean 'autoConfigurationReport'
2020-03-09 20:45:22.565 [main] DEBUG o.s.c.a.ConfigurationClassBeanDefinitionReader - Registered bean definition for imported class 'org.springframework.boot.autoconfigure.dao.PersistenceExceptionTranslationAutoConfiguration'
2020-03-09 20:45:22.566 [main] DEBUG o.s.b.f.s.DefaultListableBeanFactory - Returning cached instance of singleton bean 'autoConfigurationReport'
2020-03-09 20:45:22.566 [main] DEBUG o.s.b.f.s.DefaultListableBeanFactory - Returning cached instance of singleton bean 'org.springframework.boot.autoconfigure.condition.BeanTypeRegistry'
2020-03-09 20:45:22.567 [main] DEBUG o.s.b.f.s.DefaultListableBeanFactory - Returning cached instance of singleton bean 'org.springframework.boot.autoconfigure.condition.BeanTypeRegistry'
2020-03-09 20:45:22.568 [main] DEBUG o.s.b.f.s.DefaultListableBeanFactory - Returning cached instance of singleton bean 'autoConfigurationReport'
2020-03-09 20:45:22.568 [main] DEBUG o.s.c.a.ConfigurationClassBeanDefinitionReader - Registering bean definition for @Bean method org.springframework.boot.autoconfigure.dao.PersistenceExceptionTranslationAutoConfiguration.persistenceExceptionTranslationPostProcessor()
2020-03-09 20:45:22.568 [main] DEBUG o.s.b.f.s.DefaultListableBeanFactory - Returning cached instance of singleton bean 'autoConfigurationReport'
2020-03-09 20:45:22.569 [main] DEBUG o.s.b.f.s.DefaultListableBeanFactory - Returning cached instance of singleton bean 'autoConfigurationReport'
2020-03-09 20:45:22.569 [main] DEBUG o.s.c.a.ConfigurationClassBeanDefinitionReader - Registered bean definition for imported class 'org.springframework.cloud.autoconfigure.RefreshAutoConfiguration$RefreshScopeBeanDefinitionEnhancer'
2020-03-09 20:45:22.569 [main] DEBUG o.s.b.f.s.DefaultListableBeanFactory - Returning cached instance of singleton bean 'autoConfigurationReport'
2020-03-09 20:45:22.569 [main] DEBUG o.s.c.a.ConfigurationClassBeanDefinitionReader - Registered bean definition for imported class 'org.springframework.cloud.autoconfigure.RefreshAutoConfiguration$JpaInvokerConfiguration'
2020-03-09 20:45:22.569 [main] DEBUG o.s.c.a.ConfigurationClassBeanDefinitionReader - Registered bean definition for imported class 'org.springframework.cloud.autoconfigure.RefreshAutoConfiguration'
2020-03-09 20:45:22.569 [main] DEBUG o.s.b.f.s.DefaultListableBeanFactory - Returning cached instance of singleton bean 'org.springframework.boot.autoconfigure.condition.BeanTypeRegistry'
2020-03-09 20:45:22.571 [main] DEBUG o.s.b.f.s.DefaultListableBeanFactory - Returning cached instance of singleton bean 'org.springframework.boot.autoconfigure.condition.BeanTypeRegistry'
2020-03-09 20:45:22.571 [main] DEBUG o.s.b.f.s.DefaultListableBeanFactory - Returning cached instance of singleton bean 'autoConfigurationReport'
2020-03-09 20:45:22.571 [main] DEBUG o.s.c.a.ConfigurationClassBeanDefinitionReader - Registering bean definition for @Bean method org.springframework.cloud.autoconfigure.RefreshAutoConfiguration.refreshScope()
2020-03-09 20:45:22.572 [main] DEBUG o.s.b.f.s.DefaultListableBeanFactory - Returning cached instance of singleton bean 'org.springframework.boot.autoconfigure.condition.BeanTypeRegistry'
2020-03-09 20:45:22.573 [main] DEBUG o.s.b.f.s.DefaultListableBeanFactory - Returning cached instance of singleton bean 'org.springframework.boot.autoconfigure.condition.BeanTypeRegistry'
2020-03-09 20:45:22.574 [main] DEBUG o.s.b.f.s.DefaultListableBeanFactory - Returning cached instance of singleton bean 'autoConfigurationReport'
2020-03-09 20:45:22.574 [main] DEBUG o.s.c.a.ConfigurationClassBeanDefinitionReader - Registering bean definition for @Bean method org.springframework.cloud.autoconfigure.RefreshAutoConfiguration.loggingRebinder()
2020-03-09 20:45:22.574 [main] DEBUG o.s.b.f.s.DefaultListableBeanFactory - Returning cached instance of singleton bean 'org.springframework.boot.autoconfigure.condition.BeanTypeRegistry'
2020-03-09 20:45:22.574 [main] DEBUG o.s.b.f.s.DefaultListableBeanFactory - Returning cached instance of singleton bean 'org.springframework.boot.autoconfigure.condition.BeanTypeRegistry'
2020-03-09 20:45:22.574 [main] DEBUG o.s.b.f.s.DefaultListableBeanFactory - Returning cached instance of singleton bean 'autoConfigurationReport'
2020-03-09 20:45:22.575 [main] DEBUG o.s.c.a.ConfigurationClassBeanDefinitionReader - Registering bean definition for @Bean method org.springframework.cloud.autoconfigure.RefreshAutoConfiguration.contextRefresher()
2020-03-09 20:45:22.575 [main] DEBUG o.s.c.a.ConfigurationClassBeanDefinitionReader - Registering bean definition for @Bean method org.springframework.cloud.autoconfigure.RefreshAutoConfiguration.refreshEventListener()
2020-03-09 20:45:22.575 [main] DEBUG o.s.b.f.s.DefaultListableBeanFactory - Returning cached instance of singleton bean 'autoConfigurationReport'
2020-03-09 20:45:22.575 [main] DEBUG o.s.b.f.s.DefaultListableBeanFactory - Returning cached instance of singleton bean 'autoConfigurationReport'
2020-03-09 20:45:22.576 [main] DEBUG o.s.b.f.s.DefaultListableBeanFactory - Returning cached instance of singleton bean 'org.springframework.boot.autoconfigure.condition.BeanTypeRegistry'
2020-03-09 20:45:22.576 [main] DEBUG o.s.b.f.s.DefaultListableBeanFactory - Returning cached instance of singleton bean 'org.springframework.boot.autoconfigure.condition.BeanTypeRegistry'
2020-03-09 20:45:22.576 [main] DEBUG o.s.b.f.s.DefaultListableBeanFactory - Returning cached instance of singleton bean 'autoConfigurationReport'
2020-03-09 20:45:22.576 [main] DEBUG o.s.b.f.s.DefaultListableBeanFactory - Returning cached instance of singleton bean 'autoConfigurationReport'
2020-03-09 20:45:22.576 [main] DEBUG o.s.b.f.s.DefaultListableBeanFactory - Returning cached instance of singleton bean 'autoConfigurationReport'
2020-03-09 20:45:22.577 [main] DEBUG o.s.b.f.s.DefaultListableBeanFactory - Returning cached instance of singleton bean 'autoConfigurationReport'
2020-03-09 20:45:22.580 [main] DEBUG o.s.b.f.s.DefaultListableBeanFactory - Returning cached instance of singleton bean 'org.springframework.boot.autoconfigure.condition.BeanTypeRegistry'
2020-03-09 20:45:22.580 [main] DEBUG o.s.b.f.s.DefaultListableBeanFactory - Returning cached instance of singleton bean 'org.springframework.boot.autoconfigure.condition.BeanTypeRegistry'
2020-03-09 20:45:22.580 [main] DEBUG o.s.b.f.s.DefaultListableBeanFactory - Returning cached instance of singleton bean 'org.springframework.boot.autoconfigure.condition.BeanTypeRegistry'
2020-03-09 20:45:22.581 [main] DEBUG o.s.b.f.s.DefaultListableBeanFactory - Returning cached instance of singleton bean 'org.springframework.boot.autoconfigure.condition.BeanTypeRegistry'
2020-03-09 20:45:22.581 [main] DEBUG o.s.b.f.s.DefaultListableBeanFactory - Returning cached instance of singleton bean 'autoConfigurationReport'
2020-03-09 20:45:22.581 [main] DEBUG o.s.c.a.ConfigurationClassBeanDefinitionReader - Registered bean definition for imported class 'org.springframework.boot.autoconfigure.orm.jpa.JpaBaseConfiguration$JpaWebConfiguration$JpaWebMvcConfiguration'
2020-03-09 20:45:22.581 [main] DEBUG o.s.c.a.ConfigurationClassBeanDefinitionReader - Registering bean definition for @Bean method org.springframework.boot.autoconfigure.orm.jpa.JpaBaseConfiguration$JpaWebConfiguration$JpaWebMvcConfiguration.openEntityManagerInViewInterceptor()
2020-03-09 20:45:22.581 [main] DEBUG o.s.c.a.ConfigurationClassBeanDefinitionReader - Registered bean definition for imported class 'org.springframework.boot.autoconfigure.orm.jpa.JpaBaseConfiguration$JpaWebConfiguration'
2020-03-09 20:45:22.581 [main] DEBUG o.s.c.a.ConfigurationClassBeanDefinitionReader - Registered bean definition for imported class 'org.springframework.boot.autoconfigure.orm.jpa.HibernateJpaConfiguration'
2020-03-09 20:45:22.581 [main] DEBUG o.s.b.f.s.DefaultListableBeanFactory - Returning cached instance of singleton bean 'org.springframework.boot.autoconfigure.condition.BeanTypeRegistry'
2020-03-09 20:45:22.584 [main] DEBUG o.s.b.f.s.DefaultListableBeanFactory - Returning cached instance of singleton bean 'org.springframework.boot.autoconfigure.condition.BeanTypeRegistry'
2020-03-09 20:45:22.584 [main] DEBUG o.s.b.f.s.DefaultListableBeanFactory - Returning cached instance of singleton bean 'autoConfigurationReport'
2020-03-09 20:45:22.584 [main] DEBUG o.s.c.a.ConfigurationClassBeanDefinitionReader - Registering bean definition for @Bean method org.springframework.boot.autoconfigure.orm.jpa.HibernateJpaConfiguration.transactionManager()
2020-03-09 20:45:22.585 [main] DEBUG o.s.b.f.s.DefaultListableBeanFactory - Returning cached instance of singleton bean 'org.springframework.boot.autoconfigure.condition.BeanTypeRegistry'
2020-03-09 20:45:22.588 [main] DEBUG o.s.b.f.s.DefaultListableBeanFactory - Returning cached instance of singleton bean 'org.springframework.boot.autoconfigure.condition.BeanTypeRegistry'
2020-03-09 20:45:22.588 [main] DEBUG o.s.b.f.s.DefaultListableBeanFactory - Returning cached instance of singleton bean 'autoConfigurationReport'
2020-03-09 20:45:22.588 [main] DEBUG o.s.c.a.ConfigurationClassBeanDefinitionReader - Registering bean definition for @Bean method org.springframework.boot.autoconfigure.orm.jpa.HibernateJpaConfiguration.jpaVendorAdapter()
2020-03-09 20:45:22.589 [main] DEBUG o.s.b.f.s.DefaultListableBeanFactory - Returning cached instance of singleton bean 'org.springframework.boot.autoconfigure.condition.BeanTypeRegistry'
2020-03-09 20:45:22.589 [main] DEBUG o.s.b.f.s.DefaultListableBeanFactory - Returning cached instance of singleton bean 'org.springframework.boot.autoconfigure.condition.BeanTypeRegistry'
2020-03-09 20:45:22.589 [main] DEBUG o.s.b.f.s.DefaultListableBeanFactory - Returning cached instance of singleton bean 'autoConfigurationReport'
2020-03-09 20:45:22.589 [main] DEBUG o.s.c.a.ConfigurationClassBeanDefinitionReader - Registering bean definition for @Bean method org.springframework.boot.autoconfigure.orm.jpa.HibernateJpaConfiguration.entityManagerFactoryBuilder()
2020-03-09 20:45:22.589 [main] DEBUG o.s.b.f.s.DefaultListableBeanFactory - Returning cached instance of singleton bean 'org.springframework.boot.autoconfigure.condition.BeanTypeRegistry'
2020-03-09 20:45:22.589 [main] DEBUG o.s.b.f.s.DefaultListableBeanFactory - Returning cached instance of singleton bean 'org.springframework.boot.autoconfigure.condition.BeanTypeRegistry'
2020-03-09 20:45:22.589 [main] DEBUG o.s.b.f.s.DefaultListableBeanFactory - Returning cached instance of singleton bean 'org.springframework.boot.autoconfigure.condition.BeanTypeRegistry'
2020-03-09 20:45:22.590 [main] DEBUG o.s.b.f.s.DefaultListableBeanFactory - Returning cached instance of singleton bean 'org.springframework.boot.autoconfigure.condition.BeanTypeRegistry'
2020-03-09 20:45:22.590 [main] DEBUG o.s.b.f.s.DefaultListableBeanFactory - Returning cached instance of singleton bean 'autoConfigurationReport'
2020-03-09 20:45:22.590 [main] DEBUG o.s.c.a.ConfigurationClassBeanDefinitionReader - Registering bean definition for @Bean method org.springframework.boot.autoconfigure.orm.jpa.HibernateJpaConfiguration.entityManagerFactory()
2020-03-09 20:45:22.591 [main] DEBUG o.s.c.a.ConfigurationClassBeanDefinitionReader - Registered bean definition for imported class 'org.springframework.boot.autoconfigure.orm.jpa.HibernateJpaAutoConfiguration'
2020-03-09 20:45:22.591 [main] DEBUG o.s.b.f.s.DefaultListableBeanFactory - Returning cached instance of singleton bean 'autoConfigurationReport'
2020-03-09 20:45:22.591 [main] DEBUG o.s.b.f.s.DefaultListableBeanFactory - Returning cached instance of singleton bean 'autoConfigurationReport'
2020-03-09 20:45:22.592 [main] DEBUG o.s.b.f.s.DefaultListableBeanFactory - Returning cached instance of singleton bean 'org.springframework.boot.autoconfigure.condition.BeanTypeRegistry'
2020-03-09 20:45:22.592 [main] DEBUG o.s.b.f.s.DefaultListableBeanFactory - Returning cached instance of singleton bean 'org.springframework.boot.autoconfigure.condition.BeanTypeRegistry'
2020-03-09 20:45:22.595 [main] DEBUG o.s.b.f.s.DefaultListableBeanFactory - Returning cached instance of singleton bean 'org.springframework.boot.autoconfigure.condition.BeanTypeRegistry'
2020-03-09 20:45:22.595 [main] DEBUG o.s.b.f.s.DefaultListableBeanFactory - Returning cached instance of singleton bean 'org.springframework.boot.autoconfigure.condition.BeanTypeRegistry'
2020-03-09 20:45:22.596 [main] DEBUG o.s.b.f.s.DefaultListableBeanFactory - Returning cached instance of singleton bean 'org.springframework.boot.autoconfigure.condition.BeanTypeRegistry'
2020-03-09 20:45:22.596 [main] DEBUG o.s.b.f.s.DefaultListableBeanFactory - Returning cached instance of singleton bean 'org.springframework.boot.autoconfigure.condition.BeanTypeRegistry'
2020-03-09 20:45:22.596 [main] DEBUG o.s.b.f.s.DefaultListableBeanFactory - Returning cached instance of singleton bean 'autoConfigurationReport'
2020-03-09 20:45:22.596 [main] DEBUG o.s.b.f.s.DefaultListableBeanFactory - Returning cached instance of singleton bean 'org.springframework.boot.autoconfigure.condition.BeanTypeRegistry'
2020-03-09 20:45:22.596 [main] DEBUG o.s.b.f.s.DefaultListableBeanFactory - Returning cached instance of singleton bean 'org.springframework.boot.autoconfigure.condition.BeanTypeRegistry'
2020-03-09 20:45:22.596 [main] DEBUG o.s.b.f.s.DefaultListableBeanFactory - Returning cached instance of singleton bean 'org.springframework.boot.autoconfigure.condition.BeanTypeRegistry'
2020-03-09 20:45:22.596 [main] DEBUG o.s.b.f.s.DefaultListableBeanFactory - Returning cached instance of singleton bean 'org.springframework.boot.autoconfigure.condition.BeanTypeRegistry'
2020-03-09 20:45:22.596 [main] DEBUG o.s.b.f.s.DefaultListableBeanFactory - Returning cached instance of singleton bean 'org.springframework.boot.autoconfigure.condition.BeanTypeRegistry'
2020-03-09 20:45:22.596 [main] DEBUG o.s.b.f.s.DefaultListableBeanFactory - Returning cached instance of singleton bean 'org.springframework.boot.autoconfigure.condition.BeanTypeRegistry'
2020-03-09 20:45:22.597 [main] DEBUG o.s.b.f.s.DefaultListableBeanFactory - Returning cached instance of singleton bean 'autoConfigurationReport'
2020-03-09 20:45:22.597 [main] DEBUG o.s.c.a.ConfigurationClassBeanDefinitionReader - Registered bean definition for imported class 'org.springframework.boot.autoconfigure.data.jpa.JpaRepositoriesAutoConfiguration'
2020-03-09 20:45:22.605 [main] INFO  o.s.d.r.c.RepositoryConfigurationDelegate - Multiple Spring Data modules found, entering strict repository configuration mode!
2020-03-09 20:45:22.611 [main] DEBUG o.s.core.env.StandardEnvironment - Adding PropertySource 'systemProperties' with lowest search precedence
2020-03-09 20:45:22.611 [main] DEBUG o.s.core.env.StandardEnvironment - Adding PropertySource 'systemEnvironment' with lowest search precedence
2020-03-09 20:45:22.611 [main] DEBUG o.s.core.env.StandardEnvironment - Initialized StandardEnvironment with PropertySources [MapPropertySource@1899145692 {name='systemProperties', properties={idea.version=2017.1.2, java.runtime.name=Java(TM) SE Runtime Environment, sun.boot.library.path=C:\Program Files\Java\jdk1.8.0_91\jre\bin, java.vm.version=25.91-b14, java.vm.vendor=Oracle Corporation, java.vendor.url=http://java.oracle.com/, path.separator=;, java.vm.name=Java HotSpot(TM) 64-Bit Server VM, file.encoding.pkg=sun.io, user.country=CN, user.script=, sun.java.launcher=SUN_STANDARD, sun.os.patch.level=, PID=27140, java.vm.specification.name=Java Virtual Machine Specification, user.dir=E:\1704A\hdServiceCode\nm-service-manage-course, java.runtime.version=1.8.0_91-b14, basedir=E:\1704A\hdServiceCode\nm-service-manage-course, java.awt.graphicsenv=sun.awt.Win32GraphicsEnvironment, java.endorsed.dirs=C:\Program Files\Java\jdk1.8.0_91\jre\lib\endorsed, os.arch=amd64, surefire.real.class.path=C:\Users\wangb\AppData\Local\Temp\surefire8359040626052298865\surefirebooter7147715406186341325.jar, java.io.tmpdir=C:\Users\wangb\AppData\Local\Temp\, line.separator=
, java.vm.specification.vendor=Oracle Corporation, user.variant=, os.name=Windows 10, sun.jnu.encoding=GBK, spring.beaninfo.ignore=true, java.library.path=C:\Program Files\Java\jdk1.8.0_91\jre\bin;C:\WINDOWS\Sun\Java\bin;C:\WINDOWS\system32;C:\WINDOWS;E:\app\wangb\product\11.2.0\dbhome_1\bin;E:\maven\apache-maven-3.6.1\bin;C:\Program Files\Java\jdk1.8.0_91\bin;C:\Program Files (x86)\Intel\iCLS Client\;C:\Program Files\Intel\iCLS Client\;C:\Windows\system32;C:\Windows;C:\Windows\System32\Wbem;C:\Windows\System32\WindowsPowerShell\v1.0\;C:\Program Files (x86)\NVIDIA Corporation\PhysX\Common;C:\Program Files (x86)\Intel\Intel(R) Management Engine Components\DAL;C:\Program Files\Intel\Intel(R) Management Engine Components\DAL;C:\Program Files (x86)\Intel\Intel(R) Management Engine Components\IPT;C:\Program Files\Intel\Intel(R) Management Engine Components\IPT;C:\WINDOWS\system32;C:\WINDOWS;C:\WINDOWS\System32\Wbem;C:\WINDOWS\System32\WindowsPowerShell\v1.0\;C:\WINDOWS\System32\OpenSSH\;C:\Program Files\MySQL\MySQL Server 5.5\bin;E:\nodejs\;E:\Git\cmd;E:\Mp4\ffmpeg-20180227-fa0c9d6-win64-static\bin;C:\Users\wangb\AppData\Local\Microsoft\WindowsApps;C:\Users\wangb\AppData\Roaming\npm;E:\Microsoft VS Code\bin;., surefire.test.class.path=E:\1704A\hdServiceCode\nm-service-manage-course\target\test-classes;E:\1704A\hdServiceCode\nm-service-manage-course\target\classes;E:\1704A\repository\com\github\pagehelper\pagehelper-spring-boot-starter\1.2.4\pagehelper-spring-boot-starter-1.2.4.jar;E:\1704A\repository\org\springframework\boot\spring-boot-starter\2.0.1.RELEASE\spring-boot-starter-2.0.1.RELEASE.jar;E:\1704A\repository\org\springframework\boot\spring-boot\2.0.1.RELEASE\spring-boot-2.0.1.RELEASE.jar;E:\1704A\repository\javax\annotation\javax.annotation-api\1.3.2\javax.annotation-api-1.3.2.jar;E:\1704A\repository\org\yaml\snakeyaml\1.19\snakeyaml-1.19.jar;E:\1704A\repository\com\github\pagehelper\pagehelper-spring-boot-autoconfigure\1.2.4\pagehelper-spring-boot-autoconfigure-1.2.4.jar;E:\1704A\repository\com\github\pagehelper\pagehelper\5.1.3\pagehelper-5.1.3.jar;E:\1704A\repository\com\github\jsqlparser\jsqlparser\1.0\jsqlparser-1.0.jar;E:\1704A\hdServiceCode\nm-service-api\target\nm-service-api.jar;E:\1704A\repository\commons-fileupload\commons-fileupload\1.3.3\commons-fileupload-1.3.3.jar;E:\1704A\repository\io\springfox\springfox-swagger2\2.7.0\springfox-swagger2-2.7.0.jar;E:\1704A\repository\io\swagger\swagger-annotations\1.5.13\swagger-annotations-1.5.13.jar;E:\1704A\repository\io\swagger\swagger-models\1.5.13\swagger-models-1.5.13.jar;E:\1704A\repository\io\springfox\springfox-spi\2.7.0\springfox-spi-2.7.0.jar;E:\1704A\repository\io\springfox\springfox-core\2.7.0\springfox-core-2.7.0.jar;E:\1704A\repository\io\springfox\springfox-schema\2.7.0\springfox-schema-2.7.0.jar;E:\1704A\repository\io\springfox\springfox-swagger-common\2.7.0\springfox-swagger-common-2.7.0.jar;E:\1704A\repository\io\springfox\springfox-spring-web\2.7.0\springfox-spring-web-2.7.0.jar;E:\1704A\repository\org\reflections\reflections\0.9.11\reflections-0.9.11.jar;E:\1704A\repository\com\fasterxml\classmate\1.3.4\classmate-1.3.4.jar;E:\1704A\repository\org\springframework\plugin\spring-plugin-core\1.2.0.RELEASE\spring-plugin-core-1.2.0.RELEASE.jar;E:\1704A\repository\org\springframework\plugin\spring-plugin-metadata\1.2.0.RELEASE\spring-plugin-metadata-1.2.0.RELEASE.jar;E:\1704A\repository\org\mapstruct\mapstruct\1.1.0.Final\mapstruct-1.1.0.Final.jar;E:\1704A\repository\io\springfox\springfox-swagger-ui\2.7.0\springfox-swagger-ui-2.7.0.jar;E:\1704A\hdServiceCode\nm-framework-model\target\nm-framework-model.jar;E:\1704A\repository\org\projectlombok\lombok\1.16.16\lombok-1.16.16.jar;E:\1704A\repository\org\springframework\data\spring-data-commons\2.0.6.RELEASE\spring-data-commons-2.0.6.RELEASE.jar;E:\1704A\repository\org\springframework\data\spring-data-mongodb\2.0.6.RELEASE\spring-data-mongodb-2.0.6.RELEASE.jar;E:\1704A\repository\org\springframework\spring-context\5.0.5.RELEASE\spring-context-5.0.5.RELEASE.jar;E:\1704A\repository\org\springframework\spring-expression\5.0.5.RELEASE\spring-expression-5.0.5.RELEASE.jar;E:\1704A\repository\org\mongodb\mongo-java-driver\3.6.3\mongo-java-driver-3.6.3.jar;E:\1704A\repository\org\hibernate\hibernate-core\5.2.16.Final\hibernate-core-5.2.16.Final.jar;E:\1704A\repository\org\jboss\logging\jboss-logging\3.3.2.Final\jboss-logging-3.3.2.Final.jar;E:\1704A\repository\org\hibernate\javax\persistence\hibernate-jpa-2.1-api\1.0.0.Final\hibernate-jpa-2.1-api-1.0.0.Final.jar;E:\1704A\repository\org\javassist\javassist\3.22.0-GA\javassist-3.22.0-GA.jar;E:\1704A\repository\antlr\antlr\2.7.7\antlr-2.7.7.jar;E:\1704A\repository\org\jboss\spec\javax\transaction\jboss-transaction-api_1.2_spec\1.0.1.Final\jboss-transaction-api_1.2_spec-1.0.1.Final.jar;E:\1704A\repository\org\jboss\jandex\2.0.3.Final\jandex-2.0.3.Final.jar;E:\1704A\repository\dom4j\dom4j\1.6.1\dom4j-1.6.1.jar;E:\1704A\repository\org\hibernate\common\hibernate-commons-annotations\5.0.1.Final\hibernate-commons-annotations-5.0.1.Final.jar;E:\1704A\repository\com\google\guava\guava\24.0-jre\guava-24.0-jre.jar;E:\1704A\repository\com\google\code\findbugs\jsr305\1.3.9\jsr305-1.3.9.jar;E:\1704A\repository\org\checkerframework\checker-compat-qual\2.0.0\checker-compat-qual-2.0.0.jar;E:\1704A\repository\com\google\errorprone\error_prone_annotations\2.1.3\error_prone_annotations-2.1.3.jar;E:\1704A\repository\com\google\j2objc\j2objc-annotations\1.1\j2objc-annotations-1.1.jar;E:\1704A\repository\org\codehaus\mojo\animal-sniffer-annotations\1.14\animal-sniffer-annotations-1.14.jar;E:\1704A\hdServiceCode\nm-framework-utils\target\nm-framework-utils.jar;E:\1704A\repository\javax\servlet\javax.servlet-api\3.1.0\javax.servlet-api-3.1.0.jar;E:\1704A\repository\org\springframework\boot\spring-boot-starter-logging\2.0.1.RELEASE\spring-boot-starter-logging-2.0.1.RELEASE.jar;E:\1704A\repository\ch\qos\logback\logback-classic\1.2.3\logback-classic-1.2.3.jar;E:\1704A\repository\ch\qos\logback\logback-core\1.2.3\logback-core-1.2.3.jar;E:\1704A\repository\org\apache\logging\log4j\log4j-to-slf4j\2.10.0\log4j-to-slf4j-2.10.0.jar;E:\1704A\repository\org\apache\logging\log4j\log4j-api\2.10.0\log4j-api-2.10.0.jar;E:\1704A\repository\org\slf4j\jul-to-slf4j\1.7.25\jul-to-slf4j-1.7.25.jar;E:\1704A\repository\org\apache\httpcomponents\httpclient\4.5.5\httpclient-4.5.5.jar;E:\1704A\repository\org\apache\httpcomponents\httpcore\4.4.9\httpcore-4.4.9.jar;E:\1704A\repository\commons-codec\commons-codec\1.10\commons-codec-1.10.jar;E:\1704A\repository\net\lingala\zip4j\zip4j\1.3.1\zip4j-1.3.1.jar;E:\1704A\repository\org\springframework\security\spring-security-crypto\5.0.4.RELEASE\spring-security-crypto-5.0.4.RELEASE.jar;E:\1704A\repository\org\springframework\security\spring-security-jwt\1.0.8.RELEASE\spring-security-jwt-1.0.8.RELEASE.jar;E:\1704A\repository\org\bouncycastle\bcpkix-jdk15on\1.56\bcpkix-jdk15on-1.56.jar;E:\1704A\repository\org\bouncycastle\bcprov-jdk15on\1.56\bcprov-jdk15on-1.56.jar;E:\1704A\hdServiceCode\nm-framework-common\target\nm-framework-common.jar;E:\1704A\repository\org\springframework\spring-web\5.0.5.RELEASE\spring-web-5.0.5.RELEASE.jar;E:\1704A\repository\org\springframework\boot\spring-boot-starter-web\2.0.1.RELEASE\spring-boot-starter-web-2.0.1.RELEASE.jar;E:\1704A\repository\org\springframework\boot\spring-boot-starter-json\2.0.1.RELEASE\spring-boot-starter-json-2.0.1.RELEASE.jar;E:\1704A\repository\com\fasterxml\jackson\core\jackson-databind\2.9.5\jackson-databind-2.9.5.jar;E:\1704A\repository\com\fasterxml\jackson\datatype\jackson-datatype-jdk8\2.9.5\jackson-datatype-jdk8-2.9.5.jar;E:\1704A\repository\com\fasterxml\jackson\datatype\jackson-datatype-jsr310\2.9.5\jackson-datatype-jsr310-2.9.5.jar;E:\1704A\repository\com\fasterxml\jackson\module\jackson-module-parameter-names\2.9.5\jackson-module-parameter-names-2.9.5.jar;E:\1704A\repository\org\springframework\boot\spring-boot-starter-tomcat\2.0.1.RELEASE\spring-boot-starter-tomcat-2.0.1.RELEASE.jar;E:\1704A\repository\org\apache\tomcat\embed\tomcat-embed-core\8.5.28\tomcat-embed-core-8.5.28.jar;E:\1704A\repository\org\apache\tomcat\embed\tomcat-embed-el\8.5.28\tomcat-embed-el-8.5.28.jar;E:\1704A\repository\org\apache\tomcat\embed\tomcat-embed-websocket\8.5.28\tomcat-embed-websocket-8.5.28.jar;E:\1704A\repository\org\hibernate\validator\hibernate-validator\6.0.9.Final\hibernate-validator-6.0.9.Final.jar;E:\1704A\repository\javax\validation\validation-api\2.0.1.Final\validation-api-2.0.1.Final.jar;E:\1704A\repository\org\springframework\spring-webmvc\5.0.5.RELEASE\spring-webmvc-5.0.5.RELEASE.jar;E:\1704A\repository\org\springframework\spring-aop\5.0.5.RELEASE\spring-aop-5.0.5.RELEASE.jar;E:\1704A\repository\mysql\mysql-connector-java\5.1.40\mysql-connector-java-5.1.40.jar;E:\1704A\repository\com\alibaba\druid-spring-boot-starter\1.1.10\druid-spring-boot-starter-1.1.10.jar;E:\1704A\repository\com\alibaba\druid\1.1.6\druid-1.1.6.jar;E:\1704A\repository\org\slf4j\slf4j-api\1.7.25\slf4j-api-1.7.25.jar;E:\1704A\repository\org\springframework\boot\spring-boot-autoconfigure\2.0.1.RELEASE\spring-boot-autoconfigure-2.0.1.RELEASE.jar;E:\1704A\repository\org\mybatis\spring\boot\mybatis-spring-boot-starter\1.3.1\mybatis-spring-boot-starter-1.3.1.jar;E:\1704A\repository\org\springframework\boot\spring-boot-starter-jdbc\2.0.1.RELEASE\spring-boot-starter-jdbc-2.0.1.RELEASE.jar;E:\1704A\repository\com\zaxxer\HikariCP\2.7.8\HikariCP-2.7.8.jar;E:\1704A\repository\org\mybatis\spring\boot\mybatis-spring-boot-autoconfigure\1.3.1\mybatis-spring-boot-autoconfigure-1.3.1.jar;E:\1704A\repository\org\mybatis\mybatis\3.4.5\mybatis-3.4.5.jar;E:\1704A\repository\org\mybatis\mybatis-spring\1.3.1\mybatis-spring-1.3.1.jar;E:\1704A\repository\org\springframework\spring-orm\5.0.5.RELEASE\spring-orm-5.0.5.RELEASE.jar;E:\1704A\repository\org\springframework\spring-beans\5.0.5.RELEASE\spring-beans-5.0.5.RELEASE.jar;E:\1704A\repository\org\springframework\spring-core\5.0.5.RELEASE\spring-core-5.0.5.RELEASE.jar;E:\1704A\repository\org\springframework\spring-jcl\5.0.5.RELEASE\spring-jcl-5.0.5.RELEASE.jar;E:\1704A\repository\org\springframework\spring-jdbc\5.0.5.RELEASE\spring-jdbc-5.0.5.RELEASE.jar;E:\1704A\repository\org\springframework\spring-tx\5.0.5.RELEASE\spring-tx-5.0.5.RELEASE.jar;E:\1704A\repository\org\springframework\boot\spring-boot-starter-data-jpa\2.0.1.RELEASE\spring-boot-starter-data-jpa-2.0.1.RELEASE.jar;E:\1704A\repository\org\springframework\boot\spring-boot-starter-aop\2.0.1.RELEASE\spring-boot-starter-aop-2.0.1.RELEASE.jar;E:\1704A\repository\org\aspectj\aspectjweaver\1.8.13\aspectjweaver-1.8.13.jar;E:\1704A\repository\javax\transaction\javax.transaction-api\1.2\javax.transaction-api-1.2.jar;E:\1704A\repository\org\springframework\data\spring-data-jpa\2.0.6.RELEASE\spring-data-jpa-2.0.6.RELEASE.jar;E:\1704A\repository\org\springframework\spring-aspects\5.0.5.RELEASE\spring-aspects-5.0.5.RELEASE.jar;E:\1704A\repository\com\squareup\okhttp3\okhttp\3.9.1\okhttp-3.9.1.jar;E:\1704A\repository\com\squareup\okio\okio\1.13.0\okio-1.13.0.jar;E:\1704A\repository\com\alibaba\fastjson\1.2.30\fastjson-1.2.30.jar;E:\1704A\repository\commons-io\commons-io\2.6\commons-io-2.6.jar;E:\1704A\repository\org\apache\commons\commons-lang3\3.6\commons-lang3-3.6.jar;E:\1704A\repository\org\springframework\boot\spring-boot-starter-test\2.0.1.RELEASE\spring-boot-starter-test-2.0.1.RELEASE.jar;E:\1704A\repository\org\springframework\boot\spring-boot-test\2.0.1.RELEASE\spring-boot-test-2.0.1.RELEASE.jar;E:\1704A\repository\org\springframework\boot\spring-boot-test-autoconfigure\2.0.1.RELEASE\spring-boot-test-autoconfigure-2.0.1.RELEASE.jar;E:\1704A\repository\com\jayway\jsonpath\json-path\2.4.0\json-path-2.4.0.jar;E:\1704A\repository\net\minidev\json-smart\2.3\json-smart-2.3.jar;E:\1704A\repository\net\minidev\accessors-smart\1.2\accessors-smart-1.2.jar;E:\1704A\repository\org\ow2\asm\asm\5.0.4\asm-5.0.4.jar;E:\1704A\repository\junit\junit\4.12\junit-4.12.jar;E:\1704A\repository\org\assertj\assertj-core\3.9.1\assertj-core-3.9.1.jar;E:\1704A\repository\org\mockito\mockito-core\2.15.0\mockito-core-2.15.0.jar;E:\1704A\repository\net\bytebuddy\byte-buddy\1.7.11\byte-buddy-1.7.11.jar;E:\1704A\repository\net\bytebuddy\byte-buddy-agent\1.7.11\byte-buddy-agent-1.7.11.jar;E:\1704A\repository\org\objenesis\objenesis\2.6\objenesis-2.6.jar;E:\1704A\repository\org\hamcrest\hamcrest-core\1.3\hamcrest-core-1.3.jar;E:\1704A\repository\org\hamcrest\hamcrest-library\1.3\hamcrest-library-1.3.jar;E:\1704A\repository\org\skyscreamer\jsonassert\1.5.0\jsonassert-1.5.0.jar;E:\1704A\repository\com\vaadin\external\google\android-json\0.0.20131108.vaadin1\android-json-0.0.20131108.vaadin1.jar;E:\1704A\repository\org\springframework\spring-test\5.0.5.RELEASE\spring-test-5.0.5.RELEASE.jar;E:\1704A\repository\org\xmlunit\xmlunit-core\2.5.1\xmlunit-core-2.5.1.jar;E:\1704A\repository\org\springframework\cloud\spring-cloud-starter-netflix-eureka-client\2.0.1.RELEASE\spring-cloud-starter-netflix-eureka-client-2.0.1.RELEASE.jar;E:\1704A\repository\org\springframework\cloud\spring-cloud-starter\2.0.1.RELEASE\spring-cloud-starter-2.0.1.RELEASE.jar;E:\1704A\repository\org\springframework\cloud\spring-cloud-context\2.0.1.RELEASE\spring-cloud-context-2.0.1.RELEASE.jar;E:\1704A\repository\org\springframework\security\spring-security-rsa\1.0.5.RELEASE\spring-security-rsa-1.0.5.RELEASE.jar;E:\1704A\repository\org\springframework\cloud\spring-cloud-netflix-core\2.0.1.RELEASE\spring-cloud-netflix-core-2.0.1.RELEASE.jar;E:\1704A\repository\org\springframework\cloud\spring-cloud-netflix-eureka-client\2.0.1.RELEASE\spring-cloud-netflix-eureka-client-2.0.1.RELEASE.jar;E:\1704A\repository\com\netflix\eureka\eureka-client\1.9.3\eureka-client-1.9.3.jar;E:\1704A\repository\org\codehaus\jettison\jettison\1.3.7\jettison-1.3.7.jar;E:\1704A\repository\stax\stax-api\1.0.1\stax-api-1.0.1.jar;E:\1704A\repository\com\netflix\netflix-commons\netflix-eventbus\0.3.0\netflix-eventbus-0.3.0.jar;E:\1704A\repository\com\netflix\netflix-commons\netflix-infix\0.3.0\netflix-infix-0.3.0.jar;E:\1704A\repository\commons-jxpath\commons-jxpath\1.3\commons-jxpath-1.3.jar;E:\1704A\repository\joda-time\joda-time\2.9.9\joda-time-2.9.9.jar;E:\1704A\repository\org\antlr\antlr-runtime\3.4\antlr-runtime-3.4.jar;E:\1704A\repository\org\antlr\stringtemplate\3.2.1\stringtemplate-3.2.1.jar;E:\1704A\repository\com\google\code\gson\gson\2.8.2\gson-2.8.2.jar;E:\1704A\repository\org\apache\commons\commons-math\2.2\commons-math-2.2.jar;E:\1704A\repository\com\netflix\archaius\archaius-core\0.7.6\archaius-core-0.7.6.jar;E:\1704A\repository\javax\ws\rs\jsr311-api\1.1.1\jsr311-api-1.1.1.jar;E:\1704A\repository\com\netflix\servo\servo-core\0.12.21\servo-core-0.12.21.jar;E:\1704A\repository\com\sun\jersey\jersey-core\1.19.1\jersey-core-1.19.1.jar;E:\1704A\repository\com\sun\jersey\jersey-client\1.19.1\jersey-client-1.19.1.jar;E:\1704A\repository\com\sun\jersey\contribs\jersey-apache-client4\1.19.1\jersey-apache-client4-1.19.1.jar;E:\1704A\repository\com\google\inject\guice\4.1.0\guice-4.1.0.jar;E:\1704A\repository\javax\inject\javax.inject\1\javax.inject-1.jar;E:\1704A\repository\aopalliance\aopalliance\1.0\aopalliance-1.0.jar;E:\1704A\repository\com\github\vlsi\compactmap\compactmap\1.2.1\compactmap-1.2.1.jar;E:\1704A\repository\com\github\andrewoma\dexx\dexx-collections\0.2\dexx-collections-0.2.jar;E:\1704A\repository\com\fasterxml\jackson\core\jackson-annotations\2.9.0\jackson-annotations-2.9.0.jar;E:\1704A\repository\com\fasterxml\jackson\core\jackson-core\2.9.5\jackson-core-2.9.5.jar;E:\1704A\repository\com\netflix\eureka\eureka-core\1.9.3\eureka-core-1.9.3.jar;E:\1704A\repository\org\codehaus\woodstox\woodstox-core-asl\4.4.1\woodstox-core-asl-4.4.1.jar;E:\1704A\repository\javax\xml\stream\stax-api\1.0-2\stax-api-1.0-2.jar;E:\1704A\repository\org\codehaus\woodstox\stax2-api\3.1.4\stax2-api-3.1.4.jar;E:\1704A\repository\org\springframework\cloud\spring-cloud-starter-netflix-archaius\2.0.1.RELEASE\spring-cloud-starter-netflix-archaius-2.0.1.RELEASE.jar;E:\1704A\repository\org\springframework\cloud\spring-cloud-netflix-ribbon\2.0.1.RELEASE\spring-cloud-netflix-ribbon-2.0.1.RELEASE.jar;E:\1704A\repository\org\springframework\cloud\spring-cloud-netflix-archaius\2.0.1.RELEASE\spring-cloud-netflix-archaius-2.0.1.RELEASE.jar;E:\1704A\repository\commons-configuration\commons-configuration\1.8\commons-configuration-1.8.jar;E:\1704A\repository\commons-lang\commons-lang\2.6\commons-lang-2.6.jar;E:\1704A\repository\org\springframework\cloud\spring-cloud-starter-netflix-ribbon\2.0.1.RELEASE\spring-cloud-starter-netflix-ribbon-2.0.1.RELEASE.jar;E:\1704A\repository\com\netflix\ribbon\ribbon\2.2.5\ribbon-2.2.5.jar;E:\1704A\repository\com\netflix\ribbon\ribbon-transport\2.2.5\ribbon-transport-2.2.5.jar;E:\1704A\repository\io\reactivex\rxnetty-contexts\0.4.9\rxnetty-contexts-0.4.9.jar;E:\1704A\repository\io\reactivex\rxnetty-servo\0.4.9\rxnetty-servo-0.4.9.jar;E:\1704A\repository\io\reactivex\rxnetty\0.4.9\rxnetty-0.4.9.jar;E:\1704A\repository\io\netty\netty-codec-http\4.1.23.Final\netty-codec-http-4.1.23.Final.jar;E:\1704A\repository\io\netty\netty-codec\4.1.23.Final\netty-codec-4.1.23.Final.jar;E:\1704A\repository\io\netty\netty-transport-native-epoll\4.1.23.Final\netty-transport-native-epoll-4.1.23.Final.jar;E:\1704A\repository\io\netty\netty-common\4.1.23.Final\netty-common-4.1.23.Final.jar;E:\1704A\repository\io\netty\netty-buffer\4.1.23.Final\netty-buffer-4.1.23.Final.jar;E:\1704A\repository\io\netty\netty-transport-native-unix-common\4.1.23.Final\netty-transport-native-unix-common-4.1.23.Final.jar;E:\1704A\repository\io\netty\netty-transport\4.1.23.Final\netty-transport-4.1.23.Final.jar;E:\1704A\repository\io\netty\netty-resolver\4.1.23.Final\netty-resolver-4.1.23.Final.jar;E:\1704A\repository\com\netflix\ribbon\ribbon-core\2.2.5\ribbon-core-2.2.5.jar;E:\1704A\repository\com\netflix\ribbon\ribbon-httpclient\2.2.5\ribbon-httpclient-2.2.5.jar;E:\1704A\repository\commons-collections\commons-collections\3.2.2\commons-collections-3.2.2.jar;E:\1704A\repository\com\netflix\netflix-commons\netflix-commons-util\0.3.0\netflix-commons-util-0.3.0.jar;E:\1704A\repository\com\netflix\ribbon\ribbon-loadbalancer\2.2.5\ribbon-loadbalancer-2.2.5.jar;E:\1704A\repository\com\netflix\netflix-commons\netflix-statistics\0.1.1\netflix-statistics-0.1.1.jar;E:\1704A\repository\io\reactivex\rxjava\1.3.8\rxjava-1.3.8.jar;E:\1704A\repository\com\netflix\ribbon\ribbon-eureka\2.2.5\ribbon-eureka-2.2.5.jar;E:\1704A\repository\com\thoughtworks\xstream\xstream\1.4.10\xstream-1.4.10.jar;E:\1704A\repository\xmlpull\xmlpull\1.1.3.1\xmlpull-1.1.3.1.jar;E:\1704A\repository\xpp3\xpp3_min\1.1.4c\xpp3_min-1.1.4c.jar;E:\1704A\repository\org\springframework\cloud\spring-cloud-starter-openfeign\2.0.1.RELEASE\spring-cloud-starter-openfeign-2.0.1.RELEASE.jar;E:\1704A\repository\org\springframework\cloud\spring-cloud-openfeign-core\2.0.1.RELEASE\spring-cloud-openfeign-core-2.0.1.RELEASE.jar;E:\1704A\repository\org\springframework\cloud\spring-cloud-commons\2.0.1.RELEASE\spring-cloud-commons-2.0.1.RELEASE.jar;E:\1704A\repository\io\github\openfeign\feign-core\9.5.1\feign-core-9.5.1.jar;E:\1704A\repository\io\github\openfeign\feign-slf4j\9.5.1\feign-slf4j-9.5.1.jar;E:\1704A\repository\io\github\openfeign\feign-hystrix\9.5.1\feign-hystrix-9.5.1.jar;E:\1704A\repository\com\netflix\hystrix\hystrix-core\1.5.12\hystrix-core-1.5.12.jar;E:\1704A\repository\org\hdrhistogram\HdrHistogram\2.1.9\HdrHistogram-2.1.9.jar;E:\1704A\repository\io\github\openfeign\feign-java8\9.5.1\feign-java8-9.5.1.jar;E:\1704A\repository\com\netflix\feign\feign-okhttp\8.18.0\feign-okhttp-8.18.0.jar;E:\1704A\repository\com\netflix\feign\feign-core\8.18.0\feign-core-8.18.0.jar;E:\1704A\repository\org\jvnet\animal-sniffer-annotation\1.0\animal-sniffer-annotation-1.0.jar;, java.specification.name=Java Platform API Specification, java.class.version=52.0, sun.management.compiler=HotSpot 64-Bit Tiered Compilers, maven.repo.local=E:\1704A\repository, os.version=10.0, user.home=C:\Users\wangb, user.timezone=Asia/Shanghai, java.awt.printerjob=sun.awt.windows.WPrinterJob, file.encoding=GBK, java.specification.version=1.8, java.class.path=E:\1704A\hdServiceCode\nm-service-manage-course\target\test-classes;E:\1704A\hdServiceCode\nm-service-manage-course\target\classes;E:\1704A\repository\com\github\pagehelper\pagehelper-spring-boot-starter\1.2.4\pagehelper-spring-boot-starter-1.2.4.jar;E:\1704A\repository\org\springframework\boot\spring-boot-starter\2.0.1.RELEASE\spring-boot-starter-2.0.1.RELEASE.jar;E:\1704A\repository\org\springframework\boot\spring-boot\2.0.1.RELEASE\spring-boot-2.0.1.RELEASE.jar;E:\1704A\repository\javax\annotation\javax.annotation-api\1.3.2\javax.annotation-api-1.3.2.jar;E:\1704A\repository\org\yaml\snakeyaml\1.19\snakeyaml-1.19.jar;E:\1704A\repository\com\github\pagehelper\pagehelper-spring-boot-autoconfigure\1.2.4\pagehelper-spring-boot-autoconfigure-1.2.4.jar;E:\1704A\repository\com\github\pagehelper\pagehelper\5.1.3\pagehelper-5.1.3.jar;E:\1704A\repository\com\github\jsqlparser\jsqlparser\1.0\jsqlparser-1.0.jar;E:\1704A\hdServiceCode\nm-service-api\target\nm-service-api.jar;E:\1704A\repository\commons-fileupload\commons-fileupload\1.3.3\commons-fileupload-1.3.3.jar;E:\1704A\repository\io\springfox\springfox-swagger2\2.7.0\springfox-swagger2-2.7.0.jar;E:\1704A\repository\io\swagger\swagger-annotations\1.5.13\swagger-annotations-1.5.13.jar;E:\1704A\repository\io\swagger\swagger-models\1.5.13\swagger-models-1.5.13.jar;E:\1704A\repository\io\springfox\springfox-spi\2.7.0\springfox-spi-2.7.0.jar;E:\1704A\repository\io\springfox\springfox-core\2.7.0\springfox-core-2.7.0.jar;E:\1704A\repository\io\springfox\springfox-schema\2.7.0\springfox-schema-2.7.0.jar;E:\1704A\repository\io\springfox\springfox-swagger-common\2.7.0\springfox-swagger-common-2.7.0.jar;E:\1704A\repository\io\springfox\springfox-spring-web\2.7.0\springfox-spring-web-2.7.0.jar;E:\1704A\repository\org\reflections\reflections\0.9.11\reflections-0.9.11.jar;E:\1704A\repository\com\fasterxml\classmate\1.3.4\classmate-1.3.4.jar;E:\1704A\repository\org\springframework\plugin\spring-plugin-core\1.2.0.RELEASE\spring-plugin-core-1.2.0.RELEASE.jar;E:\1704A\repository\org\springframework\plugin\spring-plugin-metadata\1.2.0.RELEASE\spring-plugin-metadata-1.2.0.RELEASE.jar;E:\1704A\repository\org\mapstruct\mapstruct\1.1.0.Final\mapstruct-1.1.0.Final.jar;E:\1704A\repository\io\springfox\springfox-swagger-ui\2.7.0\springfox-swagger-ui-2.7.0.jar;E:\1704A\hdServiceCode\nm-framework-model\target\nm-framework-model.jar;E:\1704A\repository\org\projectlombok\lombok\1.16.16\lombok-1.16.16.jar;E:\1704A\repository\org\springframework\data\spring-data-commons\2.0.6.RELEASE\spring-data-commons-2.0.6.RELEASE.jar;E:\1704A\repository\org\springframework\data\spring-data-mongodb\2.0.6.RELEASE\spring-data-mongodb-2.0.6.RELEASE.jar;E:\1704A\repository\org\springframework\spring-context\5.0.5.RELEASE\spring-context-5.0.5.RELEASE.jar;E:\1704A\repository\org\springframework\spring-expression\5.0.5.RELEASE\spring-expression-5.0.5.RELEASE.jar;E:\1704A\repository\org\mongodb\mongo-java-driver\3.6.3\mongo-java-driver-3.6.3.jar;E:\1704A\repository\org\hibernate\hibernate-core\5.2.16.Final\hibernate-core-5.2.16.Final.jar;E:\1704A\repository\org\jboss\logging\jboss-logging\3.3.2.Final\jboss-logging-3.3.2.Final.jar;E:\1704A\repository\org\hibernate\javax\persistence\hibernate-jpa-2.1-api\1.0.0.Final\hibernate-jpa-2.1-api-1.0.0.Final.jar;E:\1704A\repository\org\javassist\javassist\3.22.0-GA\javassist-3.22.0-GA.jar;E:\1704A\repository\antlr\antlr\2.7.7\antlr-2.7.7.jar;E:\1704A\repository\org\jboss\spec\javax\transaction\jboss-transaction-api_1.2_spec\1.0.1.Final\jboss-transaction-api_1.2_spec-1.0.1.Final.jar;E:\1704A\repository\org\jboss\jandex\2.0.3.Final\jandex-2.0.3.Final.jar;E:\1704A\repository\dom4j\dom4j\1.6.1\dom4j-1.6.1.jar;E:\1704A\repository\org\hibernate\common\hibernate-commons-annotations\5.0.1.Final\hibernate-commons-annotations-5.0.1.Final.jar;E:\1704A\repository\com\google\guava\guava\24.0-jre\guava-24.0-jre.jar;E:\1704A\repository\com\google\code\findbugs\jsr305\1.3.9\jsr305-1.3.9.jar;E:\1704A\repository\org\checkerframework\checker-compat-qual\2.0.0\checker-compat-qual-2.0.0.jar;E:\1704A\repository\com\google\errorprone\error_prone_annotations\2.1.3\error_prone_annotations-2.1.3.jar;E:\1704A\repository\com\google\j2objc\j2objc-annotations\1.1\j2objc-annotations-1.1.jar;E:\1704A\repository\org\codehaus\mojo\animal-sniffer-annotations\1.14\animal-sniffer-annotations-1.14.jar;E:\1704A\hdServiceCode\nm-framework-utils\target\nm-framework-utils.jar;E:\1704A\repository\javax\servlet\javax.servlet-api\3.1.0\javax.servlet-api-3.1.0.jar;E:\1704A\repository\org\springframework\boot\spring-boot-starter-logging\2.0.1.RELEASE\spring-boot-starter-logging-2.0.1.RELEASE.jar;E:\1704A\repository\ch\qos\logback\logback-classic\1.2.3\logback-classic-1.2.3.jar;E:\1704A\repository\ch\qos\logback\logback-core\1.2.3\logback-core-1.2.3.jar;E:\1704A\repository\org\apache\logging\log4j\log4j-to-slf4j\2.10.0\log4j-to-slf4j-2.10.0.jar;E:\1704A\repository\org\apache\logging\log4j\log4j-api\2.10.0\log4j-api-2.10.0.jar;E:\1704A\repository\org\slf4j\jul-to-slf4j\1.7.25\jul-to-slf4j-1.7.25.jar;E:\1704A\repository\org\apache\httpcomponents\httpclient\4.5.5\httpclient-4.5.5.jar;E:\1704A\repository\org\apache\httpcomponents\httpcore\4.4.9\httpcore-4.4.9.jar;E:\1704A\repository\commons-codec\commons-codec\1.10\commons-codec-1.10.jar;E:\1704A\repository\net\lingala\zip4j\zip4j\1.3.1\zip4j-1.3.1.jar;E:\1704A\repository\org\springframework\security\spring-security-crypto\5.0.4.RELEASE\spring-security-crypto-5.0.4.RELEASE.jar;E:\1704A\repository\org\springframework\security\spring-security-jwt\1.0.8.RELEASE\spring-security-jwt-1.0.8.RELEASE.jar;E:\1704A\repository\org\bouncycastle\bcpkix-jdk15on\1.56\bcpkix-jdk15on-1.56.jar;E:\1704A\repository\org\bouncycastle\bcprov-jdk15on\1.56\bcprov-jdk15on-1.56.jar;E:\1704A\hdServiceCode\nm-framework-common\target\nm-framework-common.jar;E:\1704A\repository\org\springframework\spring-web\5.0.5.RELEASE\spring-web-5.0.5.RELEASE.jar;E:\1704A\repository\org\springframework\boot\spring-boot-starter-web\2.0.1.RELEASE\spring-boot-starter-web-2.0.1.RELEASE.jar;E:\1704A\repository\org\springframework\boot\spring-boot-starter-json\2.0.1.RELEASE\spring-boot-starter-json-2.0.1.RELEASE.jar;E:\1704A\repository\com\fasterxml\jackson\core\jackson-databind\2.9.5\jackson-databind-2.9.5.jar;E:\1704A\repository\com\fasterxml\jackson\datatype\jackson-datatype-jdk8\2.9.5\jackson-datatype-jdk8-2.9.5.jar;E:\1704A\repository\com\fasterxml\jackson\datatype\jackson-datatype-jsr310\2.9.5\jackson-datatype-jsr310-2.9.5.jar;E:\1704A\repository\com\fasterxml\jackson\module\jackson-module-parameter-names\2.9.5\jackson-module-parameter-names-2.9.5.jar;E:\1704A\repository\org\springframework\boot\spring-boot-starter-tomcat\2.0.1.RELEASE\spring-boot-starter-tomcat-2.0.1.RELEASE.jar;E:\1704A\repository\org\apache\tomcat\embed\tomcat-embed-core\8.5.28\tomcat-embed-core-8.5.28.jar;E:\1704A\repository\org\apache\tomcat\embed\tomcat-embed-el\8.5.28\tomcat-embed-el-8.5.28.jar;E:\1704A\repository\org\apache\tomcat\embed\tomcat-embed-websocket\8.5.28\tomcat-embed-websocket-8.5.28.jar;E:\1704A\repository\org\hibernate\validator\hibernate-validator\6.0.9.Final\hibernate-validator-6.0.9.Final.jar;E:\1704A\repository\javax\validation\validation-api\2.0.1.Final\validation-api-2.0.1.Final.jar;E:\1704A\repository\org\springframework\spring-webmvc\5.0.5.RELEASE\spring-webmvc-5.0.5.RELEASE.jar;E:\1704A\repository\org\springframework\spring-aop\5.0.5.RELEASE\spring-aop-5.0.5.RELEASE.jar;E:\1704A\repository\mysql\mysql-connector-java\5.1.40\mysql-connector-java-5.1.40.jar;E:\1704A\repository\com\alibaba\druid-spring-boot-starter\1.1.10\druid-spring-boot-starter-1.1.10.jar;E:\1704A\repository\com\alibaba\druid\1.1.6\druid-1.1.6.jar;E:\1704A\repository\org\slf4j\slf4j-api\1.7.25\slf4j-api-1.7.25.jar;E:\1704A\repository\org\springframework\boot\spring-boot-autoconfigure\2.0.1.RELEASE\spring-boot-autoconfigure-2.0.1.RELEASE.jar;E:\1704A\repository\org\mybatis\spring\boot\mybatis-spring-boot-starter\1.3.1\mybatis-spring-boot-starter-1.3.1.jar;E:\1704A\repository\org\springframework\boot\spring-boot-starter-jdbc\2.0.1.RELEASE\spring-boot-starter-jdbc-2.0.1.RELEASE.jar;E:\1704A\repository\com\zaxxer\HikariCP\2.7.8\HikariCP-2.7.8.jar;E:\1704A\repository\org\mybatis\spring\boot\mybatis-spring-boot-autoconfigure\1.3.1\mybatis-spring-boot-autoconfigure-1.3.1.jar;E:\1704A\repository\org\mybatis\mybatis\3.4.5\mybatis-3.4.5.jar;E:\1704A\repository\org\mybatis\mybatis-spring\1.3.1\mybatis-spring-1.3.1.jar;E:\1704A\repository\org\springframework\spring-orm\5.0.5.RELEASE\spring-orm-5.0.5.RELEASE.jar;E:\1704A\repository\org\springframework\spring-beans\5.0.5.RELEASE\spring-beans-5.0.5.RELEASE.jar;E:\1704A\repository\org\springframework\spring-core\5.0.5.RELEASE\spring-core-5.0.5.RELEASE.jar;E:\1704A\repository\org\springframework\spring-jcl\5.0.5.RELEASE\spring-jcl-5.0.5.RELEASE.jar;E:\1704A\repository\org\springframework\spring-jdbc\5.0.5.RELEASE\spring-jdbc-5.0.5.RELEASE.jar;E:\1704A\repository\org\springframework\spring-tx\5.0.5.RELEASE\spring-tx-5.0.5.RELEASE.jar;E:\1704A\repository\org\springframework\boot\spring-boot-starter-data-jpa\2.0.1.RELEASE\spring-boot-starter-data-jpa-2.0.1.RELEASE.jar;E:\1704A\repository\org\springframework\boot\spring-boot-starter-aop\2.0.1.RELEASE\spring-boot-starter-aop-2.0.1.RELEASE.jar;E:\1704A\repository\org\aspectj\aspectjweaver\1.8.13\aspectjweaver-1.8.13.jar;E:\1704A\repository\javax\transaction\javax.transaction-api\1.2\javax.transaction-api-1.2.jar;E:\1704A\repository\org\springframework\data\spring-data-jpa\2.0.6.RELEASE\spring-data-jpa-2.0.6.RELEASE.jar;E:\1704A\repository\org\springframework\spring-aspects\5.0.5.RELEASE\spring-aspects-5.0.5.RELEASE.jar;E:\1704A\repository\com\squareup\okhttp3\okhttp\3.9.1\okhttp-3.9.1.jar;E:\1704A\repository\com\squareup\okio\okio\1.13.0\okio-1.13.0.jar;E:\1704A\repository\com\alibaba\fastjson\1.2.30\fastjson-1.2.30.jar;E:\1704A\repository\commons-io\commons-io\2.6\commons-io-2.6.jar;E:\1704A\repository\org\apache\commons\commons-lang3\3.6\commons-lang3-3.6.jar;E:\1704A\repository\org\springframework\boot\spring-boot-starter-test\2.0.1.RELEASE\spring-boot-starter-test-2.0.1.RELEASE.jar;E:\1704A\repository\org\springframework\boot\spring-boot-test\2.0.1.RELEASE\spring-boot-test-2.0.1.RELEASE.jar;E:\1704A\repository\org\springframework\boot\spring-boot-test-autoconfigure\2.0.1.RELEASE\spring-boot-test-autoconfigure-2.0.1.RELEASE.jar;E:\1704A\repository\com\jayway\jsonpath\json-path\2.4.0\json-path-2.4.0.jar;E:\1704A\repository\net\minidev\json-smart\2.3\json-smart-2.3.jar;E:\1704A\repository\net\minidev\accessors-smart\1.2\accessors-smart-1.2.jar;E:\1704A\repository\org\ow2\asm\asm\5.0.4\asm-5.0.4.jar;E:\1704A\repository\junit\junit\4.12\junit-4.12.jar;E:\1704A\repository\org\assertj\assertj-core\3.9.1\assertj-core-3.9.1.jar;E:\1704A\repository\org\mockito\mockito-core\2.15.0\mockito-core-2.15.0.jar;E:\1704A\repository\net\bytebuddy\byte-buddy\1.7.11\byte-buddy-1.7.11.jar;E:\1704A\repository\net\bytebuddy\byte-buddy-agent\1.7.11\byte-buddy-agent-1.7.11.jar;E:\1704A\repository\org\objenesis\objenesis\2.6\objenesis-2.6.jar;E:\1704A\repository\org\hamcrest\hamcrest-core\1.3\hamcrest-core-1.3.jar;E:\1704A\repository\org\hamcrest\hamcrest-library\1.3\hamcrest-library-1.3.jar;E:\1704A\repository\org\skyscreamer\jsonassert\1.5.0\jsonassert-1.5.0.jar;E:\1704A\repository\com\vaadin\external\google\android-json\0.0.20131108.vaadin1\android-json-0.0.20131108.vaadin1.jar;E:\1704A\repository\org\springframework\spring-test\5.0.5.RELEASE\spring-test-5.0.5.RELEASE.jar;E:\1704A\repository\org\xmlunit\xmlunit-core\2.5.1\xmlunit-core-2.5.1.jar;E:\1704A\repository\org\springframework\cloud\spring-cloud-starter-netflix-eureka-client\2.0.1.RELEASE\spring-cloud-starter-netflix-eureka-client-2.0.1.RELEASE.jar;E:\1704A\repository\org\springframework\cloud\spring-cloud-starter\2.0.1.RELEASE\spring-cloud-starter-2.0.1.RELEASE.jar;E:\1704A\repository\org\springframework\cloud\spring-cloud-context\2.0.1.RELEASE\spring-cloud-context-2.0.1.RELEASE.jar;E:\1704A\repository\org\springframework\security\spring-security-rsa\1.0.5.RELEASE\spring-security-rsa-1.0.5.RELEASE.jar;E:\1704A\repository\org\springframework\cloud\spring-cloud-netflix-core\2.0.1.RELEASE\spring-cloud-netflix-core-2.0.1.RELEASE.jar;E:\1704A\repository\org\springframework\cloud\spring-cloud-netflix-eureka-client\2.0.1.RELEASE\spring-cloud-netflix-eureka-client-2.0.1.RELEASE.jar;E:\1704A\repository\com\netflix\eureka\eureka-client\1.9.3\eureka-client-1.9.3.jar;E:\1704A\repository\org\codehaus\jettison\jettison\1.3.7\jettison-1.3.7.jar;E:\1704A\repository\stax\stax-api\1.0.1\stax-api-1.0.1.jar;E:\1704A\repository\com\netflix\netflix-commons\netflix-eventbus\0.3.0\netflix-eventbus-0.3.0.jar;E:\1704A\repository\com\netflix\netflix-commons\netflix-infix\0.3.0\netflix-infix-0.3.0.jar;E:\1704A\repository\commons-jxpath\commons-jxpath\1.3\commons-jxpath-1.3.jar;E:\1704A\repository\joda-time\joda-time\2.9.9\joda-time-2.9.9.jar;E:\1704A\repository\org\antlr\antlr-runtime\3.4\antlr-runtime-3.4.jar;E:\1704A\repository\org\antlr\stringtemplate\3.2.1\stringtemplate-3.2.1.jar;E:\1704A\repository\com\google\code\gson\gson\2.8.2\gson-2.8.2.jar;E:\1704A\repository\org\apache\commons\commons-math\2.2\commons-math-2.2.jar;E:\1704A\repository\com\netflix\archaius\archaius-core\0.7.6\archaius-core-0.7.6.jar;E:\1704A\repository\javax\ws\rs\jsr311-api\1.1.1\jsr311-api-1.1.1.jar;E:\1704A\repository\com\netflix\servo\servo-core\0.12.21\servo-core-0.12.21.jar;E:\1704A\repository\com\sun\jersey\jersey-core\1.19.1\jersey-core-1.19.1.jar;E:\1704A\repository\com\sun\jersey\jersey-client\1.19.1\jersey-client-1.19.1.jar;E:\1704A\repository\com\sun\jersey\contribs\jersey-apache-client4\1.19.1\jersey-apache-client4-1.19.1.jar;E:\1704A\repository\com\google\inject\guice\4.1.0\guice-4.1.0.jar;E:\1704A\repository\javax\inject\javax.inject\1\javax.inject-1.jar;E:\1704A\repository\aopalliance\aopalliance\1.0\aopalliance-1.0.jar;E:\1704A\repository\com\github\vlsi\compactmap\compactmap\1.2.1\compactmap-1.2.1.jar;E:\1704A\repository\com\github\andrewoma\dexx\dexx-collections\0.2\dexx-collections-0.2.jar;E:\1704A\repository\com\fasterxml\jackson\core\jackson-annotations\2.9.0\jackson-annotations-2.9.0.jar;E:\1704A\repository\com\fasterxml\jackson\core\jackson-core\2.9.5\jackson-core-2.9.5.jar;E:\1704A\repository\com\netflix\eureka\eureka-core\1.9.3\eureka-core-1.9.3.jar;E:\1704A\repository\org\codehaus\woodstox\woodstox-core-asl\4.4.1\woodstox-core-asl-4.4.1.jar;E:\1704A\repository\javax\xml\stream\stax-api\1.0-2\stax-api-1.0-2.jar;E:\1704A\repository\org\codehaus\woodstox\stax2-api\3.1.4\stax2-api-3.1.4.jar;E:\1704A\repository\org\springframework\cloud\spring-cloud-starter-netflix-archaius\2.0.1.RELEASE\spring-cloud-starter-netflix-archaius-2.0.1.RELEASE.jar;E:\1704A\repository\org\springframework\cloud\spring-cloud-netflix-ribbon\2.0.1.RELEASE\spring-cloud-netflix-ribbon-2.0.1.RELEASE.jar;E:\1704A\repository\org\springframework\cloud\spring-cloud-netflix-archaius\2.0.1.RELEASE\spring-cloud-netflix-archaius-2.0.1.RELEASE.jar;E:\1704A\repository\commons-configuration\commons-configuration\1.8\commons-configuration-1.8.jar;E:\1704A\repository\commons-lang\commons-lang\2.6\commons-lang-2.6.jar;E:\1704A\repository\org\springframework\cloud\spring-cloud-starter-netflix-ribbon\2.0.1.RELEASE\spring-cloud-starter-netflix-ribbon-2.0.1.RELEASE.jar;E:\1704A\repository\com\netflix\ribbon\ribbon\2.2.5\ribbon-2.2.5.jar;E:\1704A\repository\com\netflix\ribbon\ribbon-transport\2.2.5\ribbon-transport-2.2.5.jar;E:\1704A\repository\io\reactivex\rxnetty-contexts\0.4.9\rxnetty-contexts-0.4.9.jar;E:\1704A\repository\io\reactivex\rxnetty-servo\0.4.9\rxnetty-servo-0.4.9.jar;E:\1704A\repository\io\reactivex\rxnetty\0.4.9\rxnetty-0.4.9.jar;E:\1704A\repository\io\netty\netty-codec-http\4.1.23.Final\netty-codec-http-4.1.23.Final.jar;E:\1704A\repository\io\netty\netty-codec\4.1.23.Final\netty-codec-4.1.23.Final.jar;E:\1704A\repository\io\netty\netty-transport-native-epoll\4.1.23.Final\netty-transport-native-epoll-4.1.23.Final.jar;E:\1704A\repository\io\netty\netty-common\4.1.23.Final\netty-common-4.1.23.Final.jar;E:\1704A\repository\io\netty\netty-buffer\4.1.23.Final\netty-buffer-4.1.23.Final.jar;E:\1704A\repository\io\netty\netty-transport-native-unix-common\4.1.23.Final\netty-transport-native-unix-common-4.1.23.Final.jar;E:\1704A\repository\io\netty\netty-transport\4.1.23.Final\netty-transport-4.1.23.Final.jar;E:\1704A\repository\io\netty\netty-resolver\4.1.23.Final\netty-resolver-4.1.23.Final.jar;E:\1704A\repository\com\netflix\ribbon\ribbon-core\2.2.5\ribbon-core-2.2.5.jar;E:\1704A\repository\com\netflix\ribbon\ribbon-httpclient\2.2.5\ribbon-httpclient-2.2.5.jar;E:\1704A\repository\commons-collections\commons-collections\3.2.2\commons-collections-3.2.2.jar;E:\1704A\repository\com\netflix\netflix-commons\netflix-commons-util\0.3.0\netflix-commons-util-0.3.0.jar;E:\1704A\repository\com\netflix\ribbon\ribbon-loadbalancer\2.2.5\ribbon-loadbalancer-2.2.5.jar;E:\1704A\repository\com\netflix\netflix-commons\netflix-statistics\0.1.1\netflix-statistics-0.1.1.jar;E:\1704A\repository\io\reactivex\rxjava\1.3.8\rxjava-1.3.8.jar;E:\1704A\repository\com\netflix\ribbon\ribbon-eureka\2.2.5\ribbon-eureka-2.2.5.jar;E:\1704A\repository\com\thoughtworks\xstream\xstream\1.4.10\xstream-1.4.10.jar;E:\1704A\repository\xmlpull\xmlpull\1.1.3.1\xmlpull-1.1.3.1.jar;E:\1704A\repository\xpp3\xpp3_min\1.1.4c\xpp3_min-1.1.4c.jar;E:\1704A\repository\org\springframework\cloud\spring-cloud-starter-openfeign\2.0.1.RELEASE\spring-cloud-starter-openfeign-2.0.1.RELEASE.jar;E:\1704A\repository\org\springframework\cloud\spring-cloud-openfeign-core\2.0.1.RELEASE\spring-cloud-openfeign-core-2.0.1.RELEASE.jar;E:\1704A\repository\org\springframework\cloud\spring-cloud-commons\2.0.1.RELEASE\spring-cloud-commons-2.0.1.RELEASE.jar;E:\1704A\repository\io\github\openfeign\feign-core\9.5.1\feign-core-9.5.1.jar;E:\1704A\repository\io\github\openfeign\feign-slf4j\9.5.1\feign-slf4j-9.5.1.jar;E:\1704A\repository\io\github\openfeign\feign-hystrix\9.5.1\feign-hystrix-9.5.1.jar;E:\1704A\repository\com\netflix\hystrix\hystrix-core\1.5.12\hystrix-core-1.5.12.jar;E:\1704A\repository\org\hdrhistogram\HdrHistogram\2.1.9\HdrHistogram-2.1.9.jar;E:\1704A\repository\io\github\openfeign\feign-java8\9.5.1\feign-java8-9.5.1.jar;E:\1704A\repository\com\netflix\feign\feign-okhttp\8.18.0\feign-okhttp-8.18.0.jar;E:\1704A\repository\com\netflix\feign\feign-core\8.18.0\feign-core-8.18.0.jar;E:\1704A\repository\org\jvnet\animal-sniffer-annotation\1.0\animal-sniffer-annotation-1.0.jar;, user.name=wangb, java.vm.specification.version=1.8, sun.java.command=C:\Users\wangb\AppData\Local\Temp\surefire8359040626052298865\surefirebooter7147715406186341325.jar C:\Users\wangb\AppData\Local\Temp\surefire8359040626052298865 2020-03-09T20-44-46_260-jvmRun1 surefire1835119734498572997tmp surefire_16448304995619269847tmp, java.home=C:\Program Files\Java\jdk1.8.0_91\jre, sun.arch.data.model=64, user.language=zh, java.specification.vendor=Oracle Corporation, awt.toolkit=sun.awt.windows.WToolkit, java.vm.info=mixed mode, java.version=1.8.0_91, java.ext.dirs=C:\Program Files\Java\jdk1.8.0_91\jre\lib\ext;C:\WINDOWS\Sun\Java\lib\ext, sun.boot.class.path=C:\Program Files\Java\jdk1.8.0_91\jre\lib\resources.jar;C:\Program Files\Java\jdk1.8.0_91\jre\lib\rt.jar;C:\Program Files\Java\jdk1.8.0_91\jre\lib\sunrsasign.jar;C:\Program Files\Java\jdk1.8.0_91\jre\lib\jsse.jar;C:\Program Files\Java\jdk1.8.0_91\jre\lib\jce.jar;C:\Program Files\Java\jdk1.8.0_91\jre\lib\charsets.jar;C:\Program Files\Java\jdk1.8.0_91\jre\lib\jfr.jar;C:\Program Files\Java\jdk1.8.0_91\jre\classes, java.awt.headless=true, java.vendor=Oracle Corporation, localRepository=E:\1704A\repository, file.separator=\, java.vendor.url.bug=http://bugreport.sun.com/bugreport/, sun.io.unicode.encoding=UnicodeLittle, sun.cpu.endian=little, sun.desktop=windows, sun.cpu.isalist=amd64}}, SystemEnvironmentPropertySource@1464031233 {name='systemEnvironment', properties={PATH=E:\app\wangb\product\11.2.0\dbhome_1\bin;E:\maven\apache-maven-3.6.1\bin;C:\Program Files\Java\jdk1.8.0_91\bin;C:\Program Files (x86)\Intel\iCLS Client\;C:\Program Files\Intel\iCLS Client\;C:\Windows\system32;C:\Windows;C:\Windows\System32\Wbem;C:\Windows\System32\WindowsPowerShell\v1.0\;C:\Program Files (x86)\NVIDIA Corporation\PhysX\Common;C:\Program Files (x86)\Intel\Intel(R) Management Engine Components\DAL;C:\Program Files\Intel\Intel(R) Management Engine Components\DAL;C:\Program Files (x86)\Intel\Intel(R) Management Engine Components\IPT;C:\Program Files\Intel\Intel(R) Management Engine Components\IPT;C:\WINDOWS\system32;C:\WINDOWS;C:\WINDOWS\System32\Wbem;C:\WINDOWS\System32\WindowsPowerShell\v1.0\;C:\WINDOWS\System32\OpenSSH\;C:\Program Files\MySQL\MySQL Server 5.5\bin;E:\nodejs\;E:\Git\cmd;E:\Mp4\ffmpeg-20180227-fa0c9d6-win64-static\bin;C:\Users\wangb\AppData\Local\Microsoft\WindowsApps;C:\Users\wangb\AppData\Roaming\npm;E:\Microsoft VS Code\bin, USERDOMAIN_ROAMINGPROFILE=LAPTOP-8K1AKH0O, LOCALAPPDATA=C:\Users\wangb\AppData\Local, PROCESSOR_LEVEL=6, SYSTEMDRIVE=C:, COMMONPROGRAMFILES(X86)=C:\Program Files (x86)\Common Files, USERDOMAIN=LAPTOP-8K1AKH0O, FPS_BROWSER_APP_PROFILE_STRING=Internet Explorer, LOGONSERVER=\\LAPTOP-8K1AKH0O, JAVA_HOME=C:\Program Files\Java\jdk1.8.0_91, PROMPT=$P$G, SESSIONNAME=Console, ALLUSERSPROFILE=C:\ProgramData, PROGRAMFILES(X86)=C:\Program Files (x86), PROCESSOR_ARCHITECTURE=AMD64, DRIVERDATA=C:\Windows\System32\Drivers\DriverData, ERLANG_HOME=E:\erl9.2, =E:=E:\1704A\hdServiceCode\nm-service-manage-course, PROGRAMFILES=C:\Program Files, APPDATA=C:\Users\wangb\AppData\Roaming, MOZ_PLUGIN_PATH=E:\1704A\FoxitPhantomPDFBusiness\plugins\, PSMODULEPATH=C:\Program Files\WindowsPowerShell\Modules;C:\WINDOWS\system32\WindowsPowerShell\v1.0\Modules, PROGRAMW6432=C:\Program Files, PROGRAMDATA=C:\ProgramData, SYSTEMROOT=C:\WINDOWS, USERNAME=wangb, FPS_BROWSER_USER_PROFILE_STRING=Default, ONEDRIVE=C:\Users\wangb\OneDrive, CONFIGSETROOT=C:\WINDOWS\ConfigSetRoot, PATHEXT=.COM;.EXE;.BAT;.CMD;.VBS;.VBE;.JS;.JSE;.WSF;.WSH;.MSC, OS=Windows_NT, COMMONPROGRAMW6432=C:\Program Files\Common Files, COMPUTERNAME=LAPTOP-8K1AKH0O, COMMONPROGRAMFILES=C:\Program Files\Common Files, COMSPEC=C:\WINDOWS\system32\cmd.exe, PROCESSOR_REVISION=9e09, WINDIR=C:\WINDOWS, RABBITMQ_SERVER=E:\rabibitmq\rabbitmq_server-3.7.4, HOMEPATH=\Users\wangb, TEMP=C:\Users\wangb\AppData\Local\Temp, HOMEDRIVE=C:, PROCESSOR_IDENTIFIER=Intel64 Family 6 Model 158 Stepping 9, GenuineIntel, USERPROFILE=C:\Users\wangb, TMP=C:\Users\wangb\AppData\Local\Temp, PUBLIC=C:\Users\Public, NUMBER_OF_PROCESSORS=8, =::=::\}}]
2020-03-09 20:45:22.614 [main] DEBUG o.s.b.f.s.DefaultListableBeanFactory - Returning cached instance of singleton bean 'org.springframework.boot.autoconfigure.AutoConfigurationPackages'
2020-03-09 20:45:22.615 [main] DEBUG o.s.c.i.s.PathMatchingResourcePatternResolver - Resolved classpath location [com/ningmeng/manage_course/] to resources [URL [file:/E:/1704A/hdServiceCode/nm-service-manage-course/target/test-classes/com/ningmeng/manage_course/], URL [file:/E:/1704A/hdServiceCode/nm-service-manage-course/target/classes/com/ningmeng/manage_course/]]
2020-03-09 20:45:22.615 [main] DEBUG o.s.c.i.s.PathMatchingResourcePatternResolver - Looking for matching resources in directory tree [E:\1704A\hdServiceCode\nm-service-manage-course\target\test-classes\com\ningmeng\manage_course]
2020-03-09 20:45:22.615 [main] DEBUG o.s.c.i.s.PathMatchingResourcePatternResolver - Searching directory [E:\1704A\hdServiceCode\nm-service-manage-course\target\test-classes\com\ningmeng\manage_course] for files matching pattern [E:/1704A/hdServiceCode/nm-service-manage-course/target/test-classes/com/ningmeng/manage_course/**/*.class]
2020-03-09 20:45:22.616 [main] DEBUG o.s.c.i.s.PathMatchingResourcePatternResolver - Searching directory [E:\1704A\hdServiceCode\nm-service-manage-course\target\test-classes\com\ningmeng\manage_course\dao] for files matching pattern [E:/1704A/hdServiceCode/nm-service-manage-course/target/test-classes/com/ningmeng/manage_course/**/*.class]
2020-03-09 20:45:22.616 [main] DEBUG o.s.c.i.s.PathMatchingResourcePatternResolver - Looking for matching resources in directory tree [E:\1704A\hdServiceCode\nm-service-manage-course\target\classes\com\ningmeng\manage_course]
2020-03-09 20:45:22.616 [main] DEBUG o.s.c.i.s.PathMatchingResourcePatternResolver - Searching directory [E:\1704A\hdServiceCode\nm-service-manage-course\target\classes\com\ningmeng\manage_course] for files matching pattern [E:/1704A/hdServiceCode/nm-service-manage-course/target/classes/com/ningmeng/manage_course/**/*.class]
2020-03-09 20:45:22.616 [main] DEBUG o.s.c.i.s.PathMatchingResourcePatternResolver - Searching directory [E:\1704A\hdServiceCode\nm-service-manage-course\target\classes\com\ningmeng\manage_course\client] for files matching pattern [E:/1704A/hdServiceCode/nm-service-manage-course/target/classes/com/ningmeng/manage_course/**/*.class]
2020-03-09 20:45:22.617 [main] DEBUG o.s.c.i.s.PathMatchingResourcePatternResolver - Searching directory [E:\1704A\hdServiceCode\nm-service-manage-course\target\classes\com\ningmeng\manage_course\controller] for files matching pattern [E:/1704A/hdServiceCode/nm-service-manage-course/target/classes/com/ningmeng/manage_course/**/*.class]
2020-03-09 20:45:22.617 [main] DEBUG o.s.c.i.s.PathMatchingResourcePatternResolver - Searching directory [E:\1704A\hdServiceCode\nm-service-manage-course\target\classes\com\ningmeng\manage_course\dao] for files matching pattern [E:/1704A/hdServiceCode/nm-service-manage-course/target/classes/com/ningmeng/manage_course/**/*.class]
2020-03-09 20:45:22.618 [main] DEBUG o.s.c.i.s.PathMatchingResourcePatternResolver - Searching directory [E:\1704A\hdServiceCode\nm-service-manage-course\target\classes\com\ningmeng\manage_course\service] for files matching pattern [E:/1704A/hdServiceCode/nm-service-manage-course/target/classes/com/ningmeng/manage_course/**/*.class]
2020-03-09 20:45:22.619 [main] DEBUG o.s.c.i.s.PathMatchingResourcePatternResolver - Resolved location pattern [classpath*:com/ningmeng/manage_course/**/*.class] to resources [file [E:\1704A\hdServiceCode\nm-service-manage-course\target\test-classes\com\ningmeng\manage_course\dao\FeignTest.class], file [E:\1704A\hdServiceCode\nm-service-manage-course\target\test-classes\com\ningmeng\manage_course\dao\TestDao.class], file [E:\1704A\hdServiceCode\nm-service-manage-course\target\test-classes\com\ningmeng\manage_course\dao\Tests.class], file [E:\1704A\hdServiceCode\nm-service-manage-course\target\classes\com\ningmeng\manage_course\client\CmsPageClient.class], file [E:\1704A\hdServiceCode\nm-service-manage-course\target\classes\com\ningmeng\manage_course\controller\CourseController.class], file [E:\1704A\hdServiceCode\nm-service-manage-course\target\classes\com\ningmeng\manage_course\controller\SysDicthinaryController.class], file [E:\1704A\hdServiceCode\nm-service-manage-course\target\classes\com\ningmeng\manage_course\dao\CategoryMapper.class], file [E:\1704A\hdServiceCode\nm-service-manage-course\target\classes\com\ningmeng\manage_course\dao\CourseBaseRepository.class], file [E:\1704A\hdServiceCode\nm-service-manage-course\target\classes\com\ningmeng\manage_course\dao\CourseMapper.class], file [E:\1704A\hdServiceCode\nm-service-manage-course\target\classes\com\ningmeng\manage_course\dao\CourseMarketMapper.class], file [E:\1704A\hdServiceCode\nm-service-manage-course\target\classes\com\ningmeng\manage_course\dao\CourseMarketRepository.class], file [E:\1704A\hdServiceCode\nm-service-manage-course\target\classes\com\ningmeng\manage_course\dao\CoursePicRepository.class], file [E:\1704A\hdServiceCode\nm-service-manage-course\target\classes\com\ningmeng\manage_course\dao\CoursePubRepository.class], file [E:\1704A\hdServiceCode\nm-service-manage-course\target\classes\com\ningmeng\manage_course\dao\SysDictionaryRepository.class], file [E:\1704A\hdServiceCode\nm-service-manage-course\target\classes\com\ningmeng\manage_course\dao\TeachplanMapper.class], file [E:\1704A\hdServiceCode\nm-service-manage-course\target\classes\com\ningmeng\manage_course\dao\TeachplanMediaPubRepository.class], file [E:\1704A\hdServiceCode\nm-service-manage-course\target\classes\com\ningmeng\manage_course\dao\TeachplanMediaRepository.class], file [E:\1704A\hdServiceCode\nm-service-manage-course\target\classes\com\ningmeng\manage_course\dao\TeachplanRepository.class], file [E:\1704A\hdServiceCode\nm-service-manage-course\target\classes\com\ningmeng\manage_course\ManageCourseApplication.class], file [E:\1704A\hdServiceCode\nm-service-manage-course\target\classes\com\ningmeng\manage_course\service\CourseService.class], file [E:\1704A\hdServiceCode\nm-service-manage-course\target\classes\com\ningmeng\manage_course\service\SysDicthinaryService.class]]
2020-03-09 20:45:22.625 [main] DEBUG o.s.d.r.c.RepositoryComponentProvider - Identified candidate component class: file [E:\1704A\hdServiceCode\nm-service-manage-course\target\classes\com\ningmeng\manage_course\dao\CourseBaseRepository.class]
2020-03-09 20:45:22.625 [main] DEBUG o.s.d.r.c.RepositoryComponentProvider - Identified candidate component class: file [E:\1704A\hdServiceCode\nm-service-manage-course\target\classes\com\ningmeng\manage_course\dao\CourseMarketRepository.class]
2020-03-09 20:45:22.625 [main] DEBUG o.s.d.r.c.RepositoryComponentProvider - Identified candidate component class: file [E:\1704A\hdServiceCode\nm-service-manage-course\target\classes\com\ningmeng\manage_course\dao\CoursePicRepository.class]
2020-03-09 20:45:22.625 [main] DEBUG o.s.d.r.c.RepositoryComponentProvider - Identified candidate component class: file [E:\1704A\hdServiceCode\nm-service-manage-course\target\classes\com\ningmeng\manage_course\dao\CoursePubRepository.class]
2020-03-09 20:45:22.626 [main] DEBUG o.s.d.r.c.RepositoryComponentProvider - Identified candidate component class: file [E:\1704A\hdServiceCode\nm-service-manage-course\target\classes\com\ningmeng\manage_course\dao\SysDictionaryRepository.class]
2020-03-09 20:45:22.626 [main] DEBUG o.s.d.r.c.RepositoryComponentProvider - Identified candidate component class: file [E:\1704A\hdServiceCode\nm-service-manage-course\target\classes\com\ningmeng\manage_course\dao\TeachplanMediaPubRepository.class]
2020-03-09 20:45:22.626 [main] DEBUG o.s.d.r.c.RepositoryComponentProvider - Identified candidate component class: file [E:\1704A\hdServiceCode\nm-service-manage-course\target\classes\com\ningmeng\manage_course\dao\TeachplanMediaRepository.class]
2020-03-09 20:45:22.626 [main] DEBUG o.s.d.r.c.RepositoryComponentProvider - Identified candidate component class: file [E:\1704A\hdServiceCode\nm-service-manage-course\target\classes\com\ningmeng\manage_course\dao\TeachplanRepository.class]
2020-03-09 20:45:22.667 [main] INFO  o.s.d.r.c.RepositoryConfigurationExtensionSupport - Spring Data JPA - Could not safely identify store assignment for repository candidate interface com.ningmeng.manage_course.dao.SysDictionaryRepository.
2020-03-09 20:45:22.686 [main] DEBUG o.s.c.i.s.PathMatchingResourcePatternResolver - Resolved classpath location [com/ningmeng/manage_course/dao/] to resources [URL [file:/E:/1704A/hdServiceCode/nm-service-manage-course/target/test-classes/com/ningmeng/manage_course/dao/], URL [file:/E:/1704A/hdServiceCode/nm-service-manage-course/target/classes/com/ningmeng/manage_course/dao/]]
2020-03-09 20:45:22.686 [main] DEBUG o.s.c.i.s.PathMatchingResourcePatternResolver - Looking for matching resources in directory tree [E:\1704A\hdServiceCode\nm-service-manage-course\target\test-classes\com\ningmeng\manage_course\dao]
2020-03-09 20:45:22.686 [main] DEBUG o.s.c.i.s.PathMatchingResourcePatternResolver - Searching directory [E:\1704A\hdServiceCode\nm-service-manage-course\target\test-classes\com\ningmeng\manage_course\dao] for files matching pattern [E:/1704A/hdServiceCode/nm-service-manage-course/target/test-classes/com/ningmeng/manage_course/dao/**/*TeachplanMediaRepositoryImpl.class]
2020-03-09 20:45:22.687 [main] DEBUG o.s.c.i.s.PathMatchingResourcePatternResolver - Looking for matching resources in directory tree [E:\1704A\hdServiceCode\nm-service-manage-course\target\classes\com\ningmeng\manage_course\dao]
2020-03-09 20:45:22.688 [main] DEBUG o.s.c.i.s.PathMatchingResourcePatternResolver - Searching directory [E:\1704A\hdServiceCode\nm-service-manage-course\target\classes\com\ningmeng\manage_course\dao] for files matching pattern [E:/1704A/hdServiceCode/nm-service-manage-course/target/classes/com/ningmeng/manage_course/dao/**/*TeachplanMediaRepositoryImpl.class]
2020-03-09 20:45:22.688 [main] DEBUG o.s.c.i.s.PathMatchingResourcePatternResolver - Resolved location pattern [classpath*:com/ningmeng/manage_course/dao/**/*TeachplanMediaRepositoryImpl.class] to resources []
2020-03-09 20:45:22.770 [main] DEBUG o.s.d.r.c.RepositoryConfigurationDelegate - Spring Data JPA - Registering repository: teachplanMediaRepository - Interface: com.ningmeng.manage_course.dao.TeachplanMediaRepository - Factory: org.springframework.data.jpa.repository.support.JpaRepositoryFactoryBean
2020-03-09 20:45:22.772 [main] DEBUG o.s.c.i.s.PathMatchingResourcePatternResolver - Resolved classpath location [com/ningmeng/manage_course/dao/] to resources [URL [file:/E:/1704A/hdServiceCode/nm-service-manage-course/target/test-classes/com/ningmeng/manage_course/dao/], URL [file:/E:/1704A/hdServiceCode/nm-service-manage-course/target/classes/com/ningmeng/manage_course/dao/]]
2020-03-09 20:45:22.772 [main] DEBUG o.s.c.i.s.PathMatchingResourcePatternResolver - Looking for matching resources in directory tree [E:\1704A\hdServiceCode\nm-service-manage-course\target\test-classes\com\ningmeng\manage_course\dao]
2020-03-09 20:45:22.772 [main] DEBUG o.s.c.i.s.PathMatchingResourcePatternResolver - Searching directory [E:\1704A\hdServiceCode\nm-service-manage-course\target\test-classes\com\ningmeng\manage_course\dao] for files matching pattern [E:/1704A/hdServiceCode/nm-service-manage-course/target/test-classes/com/ningmeng/manage_course/dao/**/*TeachplanMediaPubRepositoryImpl.class]
2020-03-09 20:45:22.772 [main] DEBUG o.s.c.i.s.PathMatchingResourcePatternResolver - Looking for matching resources in directory tree [E:\1704A\hdServiceCode\nm-service-manage-course\target\classes\com\ningmeng\manage_course\dao]
2020-03-09 20:45:22.773 [main] DEBUG o.s.c.i.s.PathMatchingResourcePatternResolver - Searching directory [E:\1704A\hdServiceCode\nm-service-manage-course\target\classes\com\ningmeng\manage_course\dao] for files matching pattern [E:/1704A/hdServiceCode/nm-service-manage-course/target/classes/com/ningmeng/manage_course/dao/**/*TeachplanMediaPubRepositoryImpl.class]
2020-03-09 20:45:22.773 [main] DEBUG o.s.c.i.s.PathMatchingResourcePatternResolver - Resolved location pattern [classpath*:com/ningmeng/manage_course/dao/**/*TeachplanMediaPubRepositoryImpl.class] to resources []
2020-03-09 20:45:22.774 [main] DEBUG o.s.d.r.c.RepositoryConfigurationDelegate - Spring Data JPA - Registering repository: teachplanMediaPubRepository - Interface: com.ningmeng.manage_course.dao.TeachplanMediaPubRepository - Factory: org.springframework.data.jpa.repository.support.JpaRepositoryFactoryBean
2020-03-09 20:45:22.775 [main] DEBUG o.s.c.i.s.PathMatchingResourcePatternResolver - Resolved classpath location [com/ningmeng/manage_course/dao/] to resources [URL [file:/E:/1704A/hdServiceCode/nm-service-manage-course/target/test-classes/com/ningmeng/manage_course/dao/], URL [file:/E:/1704A/hdServiceCode/nm-service-manage-course/target/classes/com/ningmeng/manage_course/dao/]]
2020-03-09 20:45:22.775 [main] DEBUG o.s.c.i.s.PathMatchingResourcePatternResolver - Looking for matching resources in directory tree [E:\1704A\hdServiceCode\nm-service-manage-course\target\test-classes\com\ningmeng\manage_course\dao]
2020-03-09 20:45:22.775 [main] DEBUG o.s.c.i.s.PathMatchingResourcePatternResolver - Searching directory [E:\1704A\hdServiceCode\nm-service-manage-course\target\test-classes\com\ningmeng\manage_course\dao] for files matching pattern [E:/1704A/hdServiceCode/nm-service-manage-course/target/test-classes/com/ningmeng/manage_course/dao/**/*CourseBaseRepositoryImpl.class]
2020-03-09 20:45:22.776 [main] DEBUG o.s.c.i.s.PathMatchingResourcePatternResolver - Looking for matching resources in directory tree [E:\1704A\hdServiceCode\nm-service-manage-course\target\classes\com\ningmeng\manage_course\dao]
2020-03-09 20:45:22.776 [main] DEBUG o.s.c.i.s.PathMatchingResourcePatternResolver - Searching directory [E:\1704A\hdServiceCode\nm-service-manage-course\target\classes\com\ningmeng\manage_course\dao] for files matching pattern [E:/1704A/hdServiceCode/nm-service-manage-course/target/classes/com/ningmeng/manage_course/dao/**/*CourseBaseRepositoryImpl.class]
2020-03-09 20:45:22.776 [main] DEBUG o.s.c.i.s.PathMatchingResourcePatternResolver - Resolved location pattern [classpath*:com/ningmeng/manage_course/dao/**/*CourseBaseRepositoryImpl.class] to resources []
2020-03-09 20:45:22.777 [main] DEBUG o.s.d.r.c.RepositoryConfigurationDelegate - Spring Data JPA - Registering repository: courseBaseRepository - Interface: com.ningmeng.manage_course.dao.CourseBaseRepository - Factory: org.springframework.data.jpa.repository.support.JpaRepositoryFactoryBean
2020-03-09 20:45:22.777 [main] DEBUG o.s.c.i.s.PathMatchingResourcePatternResolver - Resolved classpath location [com/ningmeng/manage_course/dao/] to resources [URL [file:/E:/1704A/hdServiceCode/nm-service-manage-course/target/test-classes/com/ningmeng/manage_course/dao/], URL [file:/E:/1704A/hdServiceCode/nm-service-manage-course/target/classes/com/ningmeng/manage_course/dao/]]
2020-03-09 20:45:22.777 [main] DEBUG o.s.c.i.s.PathMatchingResourcePatternResolver - Looking for matching resources in directory tree [E:\1704A\hdServiceCode\nm-service-manage-course\target\test-classes\com\ningmeng\manage_course\dao]
2020-03-09 20:45:22.777 [main] DEBUG o.s.c.i.s.PathMatchingResourcePatternResolver - Searching directory [E:\1704A\hdServiceCode\nm-service-manage-course\target\test-classes\com\ningmeng\manage_course\dao] for files matching pattern [E:/1704A/hdServiceCode/nm-service-manage-course/target/test-classes/com/ningmeng/manage_course/dao/**/*CourseMarketRepositoryImpl.class]
2020-03-09 20:45:22.778 [main] DEBUG o.s.c.i.s.PathMatchingResourcePatternResolver - Looking for matching resources in directory tree [E:\1704A\hdServiceCode\nm-service-manage-course\target\classes\com\ningmeng\manage_course\dao]
2020-03-09 20:45:22.778 [main] DEBUG o.s.c.i.s.PathMatchingResourcePatternResolver - Searching directory [E:\1704A\hdServiceCode\nm-service-manage-course\target\classes\com\ningmeng\manage_course\dao] for files matching pattern [E:/1704A/hdServiceCode/nm-service-manage-course/target/classes/com/ningmeng/manage_course/dao/**/*CourseMarketRepositoryImpl.class]
2020-03-09 20:45:22.778 [main] DEBUG o.s.c.i.s.PathMatchingResourcePatternResolver - Resolved location pattern [classpath*:com/ningmeng/manage_course/dao/**/*CourseMarketRepositoryImpl.class] to resources []
2020-03-09 20:45:22.779 [main] DEBUG o.s.d.r.c.RepositoryConfigurationDelegate - Spring Data JPA - Registering repository: courseMarketRepository - Interface: com.ningmeng.manage_course.dao.CourseMarketRepository - Factory: org.springframework.data.jpa.repository.support.JpaRepositoryFactoryBean
2020-03-09 20:45:22.780 [main] DEBUG o.s.c.i.s.PathMatchingResourcePatternResolver - Resolved classpath location [com/ningmeng/manage_course/dao/] to resources [URL [file:/E:/1704A/hdServiceCode/nm-service-manage-course/target/test-classes/com/ningmeng/manage_course/dao/], URL [file:/E:/1704A/hdServiceCode/nm-service-manage-course/target/classes/com/ningmeng/manage_course/dao/]]
2020-03-09 20:45:22.780 [main] DEBUG o.s.c.i.s.PathMatchingResourcePatternResolver - Looking for matching resources in directory tree [E:\1704A\hdServiceCode\nm-service-manage-course\target\test-classes\com\ningmeng\manage_course\dao]
2020-03-09 20:45:22.780 [main] DEBUG o.s.c.i.s.PathMatchingResourcePatternResolver - Searching directory [E:\1704A\hdServiceCode\nm-service-manage-course\target\test-classes\com\ningmeng\manage_course\dao] for files matching pattern [E:/1704A/hdServiceCode/nm-service-manage-course/target/test-classes/com/ningmeng/manage_course/dao/**/*TeachplanRepositoryImpl.class]
2020-03-09 20:45:22.780 [main] DEBUG o.s.c.i.s.PathMatchingResourcePatternResolver - Looking for matching resources in directory tree [E:\1704A\hdServiceCode\nm-service-manage-course\target\classes\com\ningmeng\manage_course\dao]
2020-03-09 20:45:22.780 [main] DEBUG o.s.c.i.s.PathMatchingResourcePatternResolver - Searching directory [E:\1704A\hdServiceCode\nm-service-manage-course\target\classes\com\ningmeng\manage_course\dao] for files matching pattern [E:/1704A/hdServiceCode/nm-service-manage-course/target/classes/com/ningmeng/manage_course/dao/**/*TeachplanRepositoryImpl.class]
2020-03-09 20:45:22.781 [main] DEBUG o.s.c.i.s.PathMatchingResourcePatternResolver - Resolved location pattern [classpath*:com/ningmeng/manage_course/dao/**/*TeachplanRepositoryImpl.class] to resources []
2020-03-09 20:45:22.782 [main] DEBUG o.s.d.r.c.RepositoryConfigurationDelegate - Spring Data JPA - Registering repository: teachplanRepository - Interface: com.ningmeng.manage_course.dao.TeachplanRepository - Factory: org.springframework.data.jpa.repository.support.JpaRepositoryFactoryBean
2020-03-09 20:45:22.783 [main] DEBUG o.s.c.i.s.PathMatchingResourcePatternResolver - Resolved classpath location [com/ningmeng/manage_course/dao/] to resources [URL [file:/E:/1704A/hdServiceCode/nm-service-manage-course/target/test-classes/com/ningmeng/manage_course/dao/], URL [file:/E:/1704A/hdServiceCode/nm-service-manage-course/target/classes/com/ningmeng/manage_course/dao/]]
2020-03-09 20:45:22.783 [main] DEBUG o.s.c.i.s.PathMatchingResourcePatternResolver - Looking for matching resources in directory tree [E:\1704A\hdServiceCode\nm-service-manage-course\target\test-classes\com\ningmeng\manage_course\dao]
2020-03-09 20:45:22.783 [main] DEBUG o.s.c.i.s.PathMatchingResourcePatternResolver - Searching directory [E:\1704A\hdServiceCode\nm-service-manage-course\target\test-classes\com\ningmeng\manage_course\dao] for files matching pattern [E:/1704A/hdServiceCode/nm-service-manage-course/target/test-classes/com/ningmeng/manage_course/dao/**/*CoursePubRepositoryImpl.class]
2020-03-09 20:45:22.783 [main] DEBUG o.s.c.i.s.PathMatchingResourcePatternResolver - Looking for matching resources in directory tree [E:\1704A\hdServiceCode\nm-service-manage-course\target\classes\com\ningmeng\manage_course\dao]
2020-03-09 20:45:22.783 [main] DEBUG o.s.c.i.s.PathMatchingResourcePatternResolver - Searching directory [E:\1704A\hdServiceCode\nm-service-manage-course\target\classes\com\ningmeng\manage_course\dao] for files matching pattern [E:/1704A/hdServiceCode/nm-service-manage-course/target/classes/com/ningmeng/manage_course/dao/**/*CoursePubRepositoryImpl.class]
2020-03-09 20:45:22.784 [main] DEBUG o.s.c.i.s.PathMatchingResourcePatternResolver - Resolved location pattern [classpath*:com/ningmeng/manage_course/dao/**/*CoursePubRepositoryImpl.class] to resources []
2020-03-09 20:45:22.784 [main] DEBUG o.s.d.r.c.RepositoryConfigurationDelegate - Spring Data JPA - Registering repository: coursePubRepository - Interface: com.ningmeng.manage_course.dao.CoursePubRepository - Factory: org.springframework.data.jpa.repository.support.JpaRepositoryFactoryBean
2020-03-09 20:45:22.785 [main] DEBUG o.s.c.i.s.PathMatchingResourcePatternResolver - Resolved classpath location [com/ningmeng/manage_course/dao/] to resources [URL [file:/E:/1704A/hdServiceCode/nm-service-manage-course/target/test-classes/com/ningmeng/manage_course/dao/], URL [file:/E:/1704A/hdServiceCode/nm-service-manage-course/target/classes/com/ningmeng/manage_course/dao/]]
2020-03-09 20:45:22.785 [main] DEBUG o.s.c.i.s.PathMatchingResourcePatternResolver - Looking for matching resources in directory tree [E:\1704A\hdServiceCode\nm-service-manage-course\target\test-classes\com\ningmeng\manage_course\dao]
2020-03-09 20:45:22.785 [main] DEBUG o.s.c.i.s.PathMatchingResourcePatternResolver - Searching directory [E:\1704A\hdServiceCode\nm-service-manage-course\target\test-classes\com\ningmeng\manage_course\dao] for files matching pattern [E:/1704A/hdServiceCode/nm-service-manage-course/target/test-classes/com/ningmeng/manage_course/dao/**/*CoursePicRepositoryImpl.class]
2020-03-09 20:45:22.786 [main] DEBUG o.s.c.i.s.PathMatchingResourcePatternResolver - Looking for matching resources in directory tree [E:\1704A\hdServiceCode\nm-service-manage-course\target\classes\com\ningmeng\manage_course\dao]
2020-03-09 20:45:22.786 [main] DEBUG o.s.c.i.s.PathMatchingResourcePatternResolver - Searching directory [E:\1704A\hdServiceCode\nm-service-manage-course\target\classes\com\ningmeng\manage_course\dao] for files matching pattern [E:/1704A/hdServiceCode/nm-service-manage-course/target/classes/com/ningmeng/manage_course/dao/**/*CoursePicRepositoryImpl.class]
2020-03-09 20:45:22.786 [main] DEBUG o.s.c.i.s.PathMatchingResourcePatternResolver - Resolved location pattern [classpath*:com/ningmeng/manage_course/dao/**/*CoursePicRepositoryImpl.class] to resources []
2020-03-09 20:45:22.787 [main] DEBUG o.s.d.r.c.RepositoryConfigurationDelegate - Spring Data JPA - Registering repository: coursePicRepository - Interface: com.ningmeng.manage_course.dao.CoursePicRepository - Factory: org.springframework.data.jpa.repository.support.JpaRepositoryFactoryBean
2020-03-09 20:45:22.787 [main] DEBUG o.s.b.f.s.DefaultListableBeanFactory - Returning cached instance of singleton bean 'autoConfigurationReport'
2020-03-09 20:45:22.788 [main] DEBUG o.s.b.f.s.DefaultListableBeanFactory - Returning cached instance of singleton bean 'org.springframework.boot.autoconfigure.condition.BeanTypeRegistry'
2020-03-09 20:45:22.791 [main] DEBUG o.s.b.f.s.DefaultListableBeanFactory - Returning cached instance of singleton bean 'org.springframework.boot.autoconfigure.condition.BeanTypeRegistry'
2020-03-09 20:45:22.791 [main] DEBUG o.s.b.f.s.DefaultListableBeanFactory - Returning cached instance of singleton bean 'autoConfigurationReport'
2020-03-09 20:45:22.792 [main] DEBUG o.s.c.a.ConfigurationClassBeanDefinitionReader - Registered bean definition for imported class 'org.springframework.boot.autoconfigure.mongo.MongoAutoConfiguration'
2020-03-09 20:45:22.792 [main] DEBUG o.s.b.f.s.DefaultListableBeanFactory - Returning cached instance of singleton bean 'org.springframework.boot.autoconfigure.condition.BeanTypeRegistry'
2020-03-09 20:45:22.793 [main] DEBUG o.s.b.f.s.DefaultListableBeanFactory - Returning cached instance of singleton bean 'org.springframework.boot.autoconfigure.condition.BeanTypeRegistry'
2020-03-09 20:45:22.793 [main] DEBUG o.s.b.f.s.DefaultListableBeanFactory - Returning cached instance of singleton bean 'autoConfigurationReport'
2020-03-09 20:45:22.793 [main] DEBUG o.s.c.a.ConfigurationClassBeanDefinitionReader - Registering bean definition for @Bean method org.springframework.boot.autoconfigure.mongo.MongoAutoConfiguration.mongo()
2020-03-09 20:45:22.794 [main] DEBUG o.s.b.f.s.DefaultListableBeanFactory - Returning cached instance of singleton bean 'autoConfigurationReport'
2020-03-09 20:45:22.794 [main] DEBUG o.s.c.a.ConfigurationClassBeanDefinitionReader - Registered bean definition for imported class 'org.springframework.boot.autoconfigure.data.mongo.MongoDataAutoConfiguration'
2020-03-09 20:45:22.794 [main] DEBUG o.s.b.f.s.DefaultListableBeanFactory - Returning cached instance of singleton bean 'org.springframework.boot.autoconfigure.condition.BeanTypeRegistry'
2020-03-09 20:45:22.795 [main] DEBUG o.s.b.f.s.DefaultListableBeanFactory - Returning cached instance of singleton bean 'org.springframework.boot.autoconfigure.condition.BeanTypeRegistry'
2020-03-09 20:45:22.795 [main] DEBUG o.s.b.f.s.DefaultListableBeanFactory - Returning cached instance of singleton bean 'autoConfigurationReport'
2020-03-09 20:45:22.796 [main] DEBUG o.s.c.a.ConfigurationClassBeanDefinitionReader - Registering bean definition for @Bean method org.springframework.boot.autoconfigure.data.mongo.MongoDataAutoConfiguration.mongoDbFactory()
2020-03-09 20:45:22.796 [main] DEBUG o.s.b.f.s.DefaultListableBeanFactory - Returning cached instance of singleton bean 'org.springframework.boot.autoconfigure.condition.BeanTypeRegistry'
2020-03-09 20:45:22.804 [main] DEBUG o.s.b.f.s.DefaultListableBeanFactory - Returning cached instance of singleton bean 'org.springframework.boot.autoconfigure.condition.BeanTypeRegistry'
2020-03-09 20:45:22.804 [main] DEBUG o.s.b.f.s.DefaultListableBeanFactory - Returning cached instance of singleton bean 'autoConfigurationReport'
2020-03-09 20:45:22.804 [main] DEBUG o.s.c.a.ConfigurationClassBeanDefinitionReader - Registering bean definition for @Bean method org.springframework.boot.autoconfigure.data.mongo.MongoDataAutoConfiguration.mongoTemplate()
2020-03-09 20:45:22.804 [main] DEBUG o.s.b.f.s.DefaultListableBeanFactory - Returning cached instance of singleton bean 'org.springframework.boot.autoconfigure.condition.BeanTypeRegistry'
2020-03-09 20:45:22.804 [main] DEBUG o.s.b.f.s.DefaultListableBeanFactory - Returning cached instance of singleton bean 'org.springframework.boot.autoconfigure.condition.BeanTypeRegistry'
2020-03-09 20:45:22.805 [main] DEBUG o.s.b.f.s.DefaultListableBeanFactory - Returning cached instance of singleton bean 'autoConfigurationReport'
2020-03-09 20:45:22.805 [main] DEBUG o.s.c.a.ConfigurationClassBeanDefinitionReader - Registering bean definition for @Bean method org.springframework.boot.autoconfigure.data.mongo.MongoDataAutoConfiguration.mappingMongoConverter()
2020-03-09 20:45:22.805 [main] DEBUG o.s.b.f.s.DefaultListableBeanFactory - Returning cached instance of singleton bean 'org.springframework.boot.autoconfigure.condition.BeanTypeRegistry'
2020-03-09 20:45:22.805 [main] DEBUG o.s.b.f.s.DefaultListableBeanFactory - Returning cached instance of singleton bean 'org.springframework.boot.autoconfigure.condition.BeanTypeRegistry'
2020-03-09 20:45:22.805 [main] DEBUG o.s.b.f.s.DefaultListableBeanFactory - Returning cached instance of singleton bean 'autoConfigurationReport'
2020-03-09 20:45:22.805 [main] DEBUG o.s.c.a.ConfigurationClassBeanDefinitionReader - Registering bean definition for @Bean method org.springframework.boot.autoconfigure.data.mongo.MongoDataAutoConfiguration.mongoMappingContext()
2020-03-09 20:45:22.805 [main] DEBUG o.s.b.f.s.DefaultListableBeanFactory - Returning cached instance of singleton bean 'org.springframework.boot.autoconfigure.condition.BeanTypeRegistry'
2020-03-09 20:45:22.805 [main] DEBUG o.s.b.f.s.DefaultListableBeanFactory - Returning cached instance of singleton bean 'org.springframework.boot.autoconfigure.condition.BeanTypeRegistry'
2020-03-09 20:45:22.805 [main] DEBUG o.s.b.f.s.DefaultListableBeanFactory - Returning cached instance of singleton bean 'autoConfigurationReport'
2020-03-09 20:45:22.805 [main] DEBUG o.s.c.a.ConfigurationClassBeanDefinitionReader - Registering bean definition for @Bean method org.springframework.boot.autoconfigure.data.mongo.MongoDataAutoConfiguration.gridFsTemplate()
2020-03-09 20:45:22.805 [main] DEBUG o.s.b.f.s.DefaultListableBeanFactory - Returning cached instance of singleton bean 'org.springframework.boot.autoconfigure.condition.BeanTypeRegistry'
2020-03-09 20:45:22.806 [main] DEBUG o.s.b.f.s.DefaultListableBeanFactory - Returning cached instance of singleton bean 'org.springframework.boot.autoconfigure.condition.BeanTypeRegistry'
2020-03-09 20:45:22.806 [main] DEBUG o.s.b.f.s.DefaultListableBeanFactory - Returning cached instance of singleton bean 'autoConfigurationReport'
2020-03-09 20:45:22.806 [main] DEBUG o.s.c.a.ConfigurationClassBeanDefinitionReader - Registering bean definition for @Bean method org.springframework.boot.autoconfigure.data.mongo.MongoDataAutoConfiguration.mongoCustomConversions()
2020-03-09 20:45:22.806 [main] DEBUG o.s.b.f.s.DefaultListableBeanFactory - Returning cached instance of singleton bean 'autoConfigurationReport'
2020-03-09 20:45:22.807 [main] DEBUG o.s.b.f.s.DefaultListableBeanFactory - Returning cached instance of singleton bean 'org.springframework.boot.autoconfigure.condition.BeanTypeRegistry'
2020-03-09 20:45:22.808 [main] DEBUG o.s.b.f.s.DefaultListableBeanFactory - Returning cached instance of singleton bean 'org.springframework.boot.autoconfigure.condition.BeanTypeRegistry'
2020-03-09 20:45:22.808 [main] DEBUG o.s.b.f.s.DefaultListableBeanFactory - Returning cached instance of singleton bean 'org.springframework.boot.autoconfigure.condition.BeanTypeRegistry'
2020-03-09 20:45:22.808 [main] DEBUG o.s.b.f.s.DefaultListableBeanFactory - Returning cached instance of singleton bean 'org.springframework.boot.autoconfigure.condition.BeanTypeRegistry'
2020-03-09 20:45:22.808 [main] DEBUG o.s.b.f.s.DefaultListableBeanFactory - Returning cached instance of singleton bean 'autoConfigurationReport'
2020-03-09 20:45:22.808 [main] DEBUG o.s.c.e.PropertySourcesPropertyResolver - Could not find key 'spring.data.mongodb.repositories.type' in any property source
2020-03-09 20:45:22.808 [main] DEBUG o.s.b.f.s.DefaultListableBeanFactory - Returning cached instance of singleton bean 'autoConfigurationReport'
2020-03-09 20:45:22.808 [main] DEBUG o.s.c.a.ConfigurationClassBeanDefinitionReader - Registered bean definition for imported class 'org.springframework.boot.autoconfigure.data.mongo.MongoRepositoriesAutoConfiguration'
2020-03-09 20:45:22.811 [main] INFO  o.s.d.r.c.RepositoryConfigurationDelegate - Multiple Spring Data modules found, entering strict repository configuration mode!
2020-03-09 20:45:22.811 [main] DEBUG o.s.core.env.StandardEnvironment - Adding PropertySource 'systemProperties' with lowest search precedence
2020-03-09 20:45:22.811 [main] DEBUG o.s.core.env.StandardEnvironment - Adding PropertySource 'systemEnvironment' with lowest search precedence
2020-03-09 20:45:22.811 [main] DEBUG o.s.core.env.StandardEnvironment - Initialized StandardEnvironment with PropertySources [MapPropertySource@883862737 {name='systemProperties', properties={idea.version=2017.1.2, java.runtime.name=Java(TM) SE Runtime Environment, sun.boot.library.path=C:\Program Files\Java\jdk1.8.0_91\jre\bin, java.vm.version=25.91-b14, java.vm.vendor=Oracle Corporation, java.vendor.url=http://java.oracle.com/, path.separator=;, java.vm.name=Java HotSpot(TM) 64-Bit Server VM, file.encoding.pkg=sun.io, user.country=CN, user.script=, sun.java.launcher=SUN_STANDARD, sun.os.patch.level=, PID=27140, java.vm.specification.name=Java Virtual Machine Specification, user.dir=E:\1704A\hdServiceCode\nm-service-manage-course, java.runtime.version=1.8.0_91-b14, basedir=E:\1704A\hdServiceCode\nm-service-manage-course, java.awt.graphicsenv=sun.awt.Win32GraphicsEnvironment, java.endorsed.dirs=C:\Program Files\Java\jdk1.8.0_91\jre\lib\endorsed, os.arch=amd64, surefire.real.class.path=C:\Users\wangb\AppData\Local\Temp\surefire8359040626052298865\surefirebooter7147715406186341325.jar, java.io.tmpdir=C:\Users\wangb\AppData\Local\Temp\, line.separator=
, java.vm.specification.vendor=Oracle Corporation, user.variant=, os.name=Windows 10, sun.jnu.encoding=GBK, spring.beaninfo.ignore=true, java.library.path=C:\Program Files\Java\jdk1.8.0_91\jre\bin;C:\WINDOWS\Sun\Java\bin;C:\WINDOWS\system32;C:\WINDOWS;E:\app\wangb\product\11.2.0\dbhome_1\bin;E:\maven\apache-maven-3.6.1\bin;C:\Program Files\Java\jdk1.8.0_91\bin;C:\Program Files (x86)\Intel\iCLS Client\;C:\Program Files\Intel\iCLS Client\;C:\Windows\system32;C:\Windows;C:\Windows\System32\Wbem;C:\Windows\System32\WindowsPowerShell\v1.0\;C:\Program Files (x86)\NVIDIA Corporation\PhysX\Common;C:\Program Files (x86)\Intel\Intel(R) Management Engine Components\DAL;C:\Program Files\Intel\Intel(R) Management Engine Components\DAL;C:\Program Files (x86)\Intel\Intel(R) Management Engine Components\IPT;C:\Program Files\Intel\Intel(R) Management Engine Components\IPT;C:\WINDOWS\system32;C:\WINDOWS;C:\WINDOWS\System32\Wbem;C:\WINDOWS\System32\WindowsPowerShell\v1.0\;C:\WINDOWS\System32\OpenSSH\;C:\Program Files\MySQL\MySQL Server 5.5\bin;E:\nodejs\;E:\Git\cmd;E:\Mp4\ffmpeg-20180227-fa0c9d6-win64-static\bin;C:\Users\wangb\AppData\Local\Microsoft\WindowsApps;C:\Users\wangb\AppData\Roaming\npm;E:\Microsoft VS Code\bin;., surefire.test.class.path=E:\1704A\hdServiceCode\nm-service-manage-course\target\test-classes;E:\1704A\hdServiceCode\nm-service-manage-course\target\classes;E:\1704A\repository\com\github\pagehelper\pagehelper-spring-boot-starter\1.2.4\pagehelper-spring-boot-starter-1.2.4.jar;E:\1704A\repository\org\springframework\boot\spring-boot-starter\2.0.1.RELEASE\spring-boot-starter-2.0.1.RELEASE.jar;E:\1704A\repository\org\springframework\boot\spring-boot\2.0.1.RELEASE\spring-boot-2.0.1.RELEASE.jar;E:\1704A\repository\javax\annotation\javax.annotation-api\1.3.2\javax.annotation-api-1.3.2.jar;E:\1704A\repository\org\yaml\snakeyaml\1.19\snakeyaml-1.19.jar;E:\1704A\repository\com\github\pagehelper\pagehelper-spring-boot-autoconfigure\1.2.4\pagehelper-spring-boot-autoconfigure-1.2.4.jar;E:\1704A\repository\com\github\pagehelper\pagehelper\5.1.3\pagehelper-5.1.3.jar;E:\1704A\repository\com\github\jsqlparser\jsqlparser\1.0\jsqlparser-1.0.jar;E:\1704A\hdServiceCode\nm-service-api\target\nm-service-api.jar;E:\1704A\repository\commons-fileupload\commons-fileupload\1.3.3\commons-fileupload-1.3.3.jar;E:\1704A\repository\io\springfox\springfox-swagger2\2.7.0\springfox-swagger2-2.7.0.jar;E:\1704A\repository\io\swagger\swagger-annotations\1.5.13\swagger-annotations-1.5.13.jar;E:\1704A\repository\io\swagger\swagger-models\1.5.13\swagger-models-1.5.13.jar;E:\1704A\repository\io\springfox\springfox-spi\2.7.0\springfox-spi-2.7.0.jar;E:\1704A\repository\io\springfox\springfox-core\2.7.0\springfox-core-2.7.0.jar;E:\1704A\repository\io\springfox\springfox-schema\2.7.0\springfox-schema-2.7.0.jar;E:\1704A\repository\io\springfox\springfox-swagger-common\2.7.0\springfox-swagger-common-2.7.0.jar;E:\1704A\repository\io\springfox\springfox-spring-web\2.7.0\springfox-spring-web-2.7.0.jar;E:\1704A\repository\org\reflections\reflections\0.9.11\reflections-0.9.11.jar;E:\1704A\repository\com\fasterxml\classmate\1.3.4\classmate-1.3.4.jar;E:\1704A\repository\org\springframework\plugin\spring-plugin-core\1.2.0.RELEASE\spring-plugin-core-1.2.0.RELEASE.jar;E:\1704A\repository\org\springframework\plugin\spring-plugin-metadata\1.2.0.RELEASE\spring-plugin-metadata-1.2.0.RELEASE.jar;E:\1704A\repository\org\mapstruct\mapstruct\1.1.0.Final\mapstruct-1.1.0.Final.jar;E:\1704A\repository\io\springfox\springfox-swagger-ui\2.7.0\springfox-swagger-ui-2.7.0.jar;E:\1704A\hdServiceCode\nm-framework-model\target\nm-framework-model.jar;E:\1704A\repository\org\projectlombok\lombok\1.16.16\lombok-1.16.16.jar;E:\1704A\repository\org\springframework\data\spring-data-commons\2.0.6.RELEASE\spring-data-commons-2.0.6.RELEASE.jar;E:\1704A\repository\org\springframework\data\spring-data-mongodb\2.0.6.RELEASE\spring-data-mongodb-2.0.6.RELEASE.jar;E:\1704A\repository\org\springframework\spring-context\5.0.5.RELEASE\spring-context-5.0.5.RELEASE.jar;E:\1704A\repository\org\springframework\spring-expression\5.0.5.RELEASE\spring-expression-5.0.5.RELEASE.jar;E:\1704A\repository\org\mongodb\mongo-java-driver\3.6.3\mongo-java-driver-3.6.3.jar;E:\1704A\repository\org\hibernate\hibernate-core\5.2.16.Final\hibernate-core-5.2.16.Final.jar;E:\1704A\repository\org\jboss\logging\jboss-logging\3.3.2.Final\jboss-logging-3.3.2.Final.jar;E:\1704A\repository\org\hibernate\javax\persistence\hibernate-jpa-2.1-api\1.0.0.Final\hibernate-jpa-2.1-api-1.0.0.Final.jar;E:\1704A\repository\org\javassist\javassist\3.22.0-GA\javassist-3.22.0-GA.jar;E:\1704A\repository\antlr\antlr\2.7.7\antlr-2.7.7.jar;E:\1704A\repository\org\jboss\spec\javax\transaction\jboss-transaction-api_1.2_spec\1.0.1.Final\jboss-transaction-api_1.2_spec-1.0.1.Final.jar;E:\1704A\repository\org\jboss\jandex\2.0.3.Final\jandex-2.0.3.Final.jar;E:\1704A\repository\dom4j\dom4j\1.6.1\dom4j-1.6.1.jar;E:\1704A\repository\org\hibernate\common\hibernate-commons-annotations\5.0.1.Final\hibernate-commons-annotations-5.0.1.Final.jar;E:\1704A\repository\com\google\guava\guava\24.0-jre\guava-24.0-jre.jar;E:\1704A\repository\com\google\code\findbugs\jsr305\1.3.9\jsr305-1.3.9.jar;E:\1704A\repository\org\checkerframework\checker-compat-qual\2.0.0\checker-compat-qual-2.0.0.jar;E:\1704A\repository\com\google\errorprone\error_prone_annotations\2.1.3\error_prone_annotations-2.1.3.jar;E:\1704A\repository\com\google\j2objc\j2objc-annotations\1.1\j2objc-annotations-1.1.jar;E:\1704A\repository\org\codehaus\mojo\animal-sniffer-annotations\1.14\animal-sniffer-annotations-1.14.jar;E:\1704A\hdServiceCode\nm-framework-utils\target\nm-framework-utils.jar;E:\1704A\repository\javax\servlet\javax.servlet-api\3.1.0\javax.servlet-api-3.1.0.jar;E:\1704A\repository\org\springframework\boot\spring-boot-starter-logging\2.0.1.RELEASE\spring-boot-starter-logging-2.0.1.RELEASE.jar;E:\1704A\repository\ch\qos\logback\logback-classic\1.2.3\logback-classic-1.2.3.jar;E:\1704A\repository\ch\qos\logback\logback-core\1.2.3\logback-core-1.2.3.jar;E:\1704A\repository\org\apache\logging\log4j\log4j-to-slf4j\2.10.0\log4j-to-slf4j-2.10.0.jar;E:\1704A\repository\org\apache\logging\log4j\log4j-api\2.10.0\log4j-api-2.10.0.jar;E:\1704A\repository\org\slf4j\jul-to-slf4j\1.7.25\jul-to-slf4j-1.7.25.jar;E:\1704A\repository\org\apache\httpcomponents\httpclient\4.5.5\httpclient-4.5.5.jar;E:\1704A\repository\org\apache\httpcomponents\httpcore\4.4.9\httpcore-4.4.9.jar;E:\1704A\repository\commons-codec\commons-codec\1.10\commons-codec-1.10.jar;E:\1704A\repository\net\lingala\zip4j\zip4j\1.3.1\zip4j-1.3.1.jar;E:\1704A\repository\org\springframework\security\spring-security-crypto\5.0.4.RELEASE\spring-security-crypto-5.0.4.RELEASE.jar;E:\1704A\repository\org\springframework\security\spring-security-jwt\1.0.8.RELEASE\spring-security-jwt-1.0.8.RELEASE.jar;E:\1704A\repository\org\bouncycastle\bcpkix-jdk15on\1.56\bcpkix-jdk15on-1.56.jar;E:\1704A\repository\org\bouncycastle\bcprov-jdk15on\1.56\bcprov-jdk15on-1.56.jar;E:\1704A\hdServiceCode\nm-framework-common\target\nm-framework-common.jar;E:\1704A\repository\org\springframework\spring-web\5.0.5.RELEASE\spring-web-5.0.5.RELEASE.jar;E:\1704A\repository\org\springframework\boot\spring-boot-starter-web\2.0.1.RELEASE\spring-boot-starter-web-2.0.1.RELEASE.jar;E:\1704A\repository\org\springframework\boot\spring-boot-starter-json\2.0.1.RELEASE\spring-boot-starter-json-2.0.1.RELEASE.jar;E:\1704A\repository\com\fasterxml\jackson\core\jackson-databind\2.9.5\jackson-databind-2.9.5.jar;E:\1704A\repository\com\fasterxml\jackson\datatype\jackson-datatype-jdk8\2.9.5\jackson-datatype-jdk8-2.9.5.jar;E:\1704A\repository\com\fasterxml\jackson\datatype\jackson-datatype-jsr310\2.9.5\jackson-datatype-jsr310-2.9.5.jar;E:\1704A\repository\com\fasterxml\jackson\module\jackson-module-parameter-names\2.9.5\jackson-module-parameter-names-2.9.5.jar;E:\1704A\repository\org\springframework\boot\spring-boot-starter-tomcat\2.0.1.RELEASE\spring-boot-starter-tomcat-2.0.1.RELEASE.jar;E:\1704A\repository\org\apache\tomcat\embed\tomcat-embed-core\8.5.28\tomcat-embed-core-8.5.28.jar;E:\1704A\repository\org\apache\tomcat\embed\tomcat-embed-el\8.5.28\tomcat-embed-el-8.5.28.jar;E:\1704A\repository\org\apache\tomcat\embed\tomcat-embed-websocket\8.5.28\tomcat-embed-websocket-8.5.28.jar;E:\1704A\repository\org\hibernate\validator\hibernate-validator\6.0.9.Final\hibernate-validator-6.0.9.Final.jar;E:\1704A\repository\javax\validation\validation-api\2.0.1.Final\validation-api-2.0.1.Final.jar;E:\1704A\repository\org\springframework\spring-webmvc\5.0.5.RELEASE\spring-webmvc-5.0.5.RELEASE.jar;E:\1704A\repository\org\springframework\spring-aop\5.0.5.RELEASE\spring-aop-5.0.5.RELEASE.jar;E:\1704A\repository\mysql\mysql-connector-java\5.1.40\mysql-connector-java-5.1.40.jar;E:\1704A\repository\com\alibaba\druid-spring-boot-starter\1.1.10\druid-spring-boot-starter-1.1.10.jar;E:\1704A\repository\com\alibaba\druid\1.1.6\druid-1.1.6.jar;E:\1704A\repository\org\slf4j\slf4j-api\1.7.25\slf4j-api-1.7.25.jar;E:\1704A\repository\org\springframework\boot\spring-boot-autoconfigure\2.0.1.RELEASE\spring-boot-autoconfigure-2.0.1.RELEASE.jar;E:\1704A\repository\org\mybatis\spring\boot\mybatis-spring-boot-starter\1.3.1\mybatis-spring-boot-starter-1.3.1.jar;E:\1704A\repository\org\springframework\boot\spring-boot-starter-jdbc\2.0.1.RELEASE\spring-boot-starter-jdbc-2.0.1.RELEASE.jar;E:\1704A\repository\com\zaxxer\HikariCP\2.7.8\HikariCP-2.7.8.jar;E:\1704A\repository\org\mybatis\spring\boot\mybatis-spring-boot-autoconfigure\1.3.1\mybatis-spring-boot-autoconfigure-1.3.1.jar;E:\1704A\repository\org\mybatis\mybatis\3.4.5\mybatis-3.4.5.jar;E:\1704A\repository\org\mybatis\mybatis-spring\1.3.1\mybatis-spring-1.3.1.jar;E:\1704A\repository\org\springframework\spring-orm\5.0.5.RELEASE\spring-orm-5.0.5.RELEASE.jar;E:\1704A\repository\org\springframework\spring-beans\5.0.5.RELEASE\spring-beans-5.0.5.RELEASE.jar;E:\1704A\repository\org\springframework\spring-core\5.0.5.RELEASE\spring-core-5.0.5.RELEASE.jar;E:\1704A\repository\org\springframework\spring-jcl\5.0.5.RELEASE\spring-jcl-5.0.5.RELEASE.jar;E:\1704A\repository\org\springframework\spring-jdbc\5.0.5.RELEASE\spring-jdbc-5.0.5.RELEASE.jar;E:\1704A\repository\org\springframework\spring-tx\5.0.5.RELEASE\spring-tx-5.0.5.RELEASE.jar;E:\1704A\repository\org\springframework\boot\spring-boot-starter-data-jpa\2.0.1.RELEASE\spring-boot-starter-data-jpa-2.0.1.RELEASE.jar;E:\1704A\repository\org\springframework\boot\spring-boot-starter-aop\2.0.1.RELEASE\spring-boot-starter-aop-2.0.1.RELEASE.jar;E:\1704A\repository\org\aspectj\aspectjweaver\1.8.13\aspectjweaver-1.8.13.jar;E:\1704A\repository\javax\transaction\javax.transaction-api\1.2\javax.transaction-api-1.2.jar;E:\1704A\repository\org\springframework\data\spring-data-jpa\2.0.6.RELEASE\spring-data-jpa-2.0.6.RELEASE.jar;E:\1704A\repository\org\springframework\spring-aspects\5.0.5.RELEASE\spring-aspects-5.0.5.RELEASE.jar;E:\1704A\repository\com\squareup\okhttp3\okhttp\3.9.1\okhttp-3.9.1.jar;E:\1704A\repository\com\squareup\okio\okio\1.13.0\okio-1.13.0.jar;E:\1704A\repository\com\alibaba\fastjson\1.2.30\fastjson-1.2.30.jar;E:\1704A\repository\commons-io\commons-io\2.6\commons-io-2.6.jar;E:\1704A\repository\org\apache\commons\commons-lang3\3.6\commons-lang3-3.6.jar;E:\1704A\repository\org\springframework\boot\spring-boot-starter-test\2.0.1.RELEASE\spring-boot-starter-test-2.0.1.RELEASE.jar;E:\1704A\repository\org\springframework\boot\spring-boot-test\2.0.1.RELEASE\spring-boot-test-2.0.1.RELEASE.jar;E:\1704A\repository\org\springframework\boot\spring-boot-test-autoconfigure\2.0.1.RELEASE\spring-boot-test-autoconfigure-2.0.1.RELEASE.jar;E:\1704A\repository\com\jayway\jsonpath\json-path\2.4.0\json-path-2.4.0.jar;E:\1704A\repository\net\minidev\json-smart\2.3\json-smart-2.3.jar;E:\1704A\repository\net\minidev\accessors-smart\1.2\accessors-smart-1.2.jar;E:\1704A\repository\org\ow2\asm\asm\5.0.4\asm-5.0.4.jar;E:\1704A\repository\junit\junit\4.12\junit-4.12.jar;E:\1704A\repository\org\assertj\assertj-core\3.9.1\assertj-core-3.9.1.jar;E:\1704A\repository\org\mockito\mockito-core\2.15.0\mockito-core-2.15.0.jar;E:\1704A\repository\net\bytebuddy\byte-buddy\1.7.11\byte-buddy-1.7.11.jar;E:\1704A\repository\net\bytebuddy\byte-buddy-agent\1.7.11\byte-buddy-agent-1.7.11.jar;E:\1704A\repository\org\objenesis\objenesis\2.6\objenesis-2.6.jar;E:\1704A\repository\org\hamcrest\hamcrest-core\1.3\hamcrest-core-1.3.jar;E:\1704A\repository\org\hamcrest\hamcrest-library\1.3\hamcrest-library-1.3.jar;E:\1704A\repository\org\skyscreamer\jsonassert\1.5.0\jsonassert-1.5.0.jar;E:\1704A\repository\com\vaadin\external\google\android-json\0.0.20131108.vaadin1\android-json-0.0.20131108.vaadin1.jar;E:\1704A\repository\org\springframework\spring-test\5.0.5.RELEASE\spring-test-5.0.5.RELEASE.jar;E:\1704A\repository\org\xmlunit\xmlunit-core\2.5.1\xmlunit-core-2.5.1.jar;E:\1704A\repository\org\springframework\cloud\spring-cloud-starter-netflix-eureka-client\2.0.1.RELEASE\spring-cloud-starter-netflix-eureka-client-2.0.1.RELEASE.jar;E:\1704A\repository\org\springframework\cloud\spring-cloud-starter\2.0.1.RELEASE\spring-cloud-starter-2.0.1.RELEASE.jar;E:\1704A\repository\org\springframework\cloud\spring-cloud-context\2.0.1.RELEASE\spring-cloud-context-2.0.1.RELEASE.jar;E:\1704A\repository\org\springframework\security\spring-security-rsa\1.0.5.RELEASE\spring-security-rsa-1.0.5.RELEASE.jar;E:\1704A\repository\org\springframework\cloud\spring-cloud-netflix-core\2.0.1.RELEASE\spring-cloud-netflix-core-2.0.1.RELEASE.jar;E:\1704A\repository\org\springframework\cloud\spring-cloud-netflix-eureka-client\2.0.1.RELEASE\spring-cloud-netflix-eureka-client-2.0.1.RELEASE.jar;E:\1704A\repository\com\netflix\eureka\eureka-client\1.9.3\eureka-client-1.9.3.jar;E:\1704A\repository\org\codehaus\jettison\jettison\1.3.7\jettison-1.3.7.jar;E:\1704A\repository\stax\stax-api\1.0.1\stax-api-1.0.1.jar;E:\1704A\repository\com\netflix\netflix-commons\netflix-eventbus\0.3.0\netflix-eventbus-0.3.0.jar;E:\1704A\repository\com\netflix\netflix-commons\netflix-infix\0.3.0\netflix-infix-0.3.0.jar;E:\1704A\repository\commons-jxpath\commons-jxpath\1.3\commons-jxpath-1.3.jar;E:\1704A\repository\joda-time\joda-time\2.9.9\joda-time-2.9.9.jar;E:\1704A\repository\org\antlr\antlr-runtime\3.4\antlr-runtime-3.4.jar;E:\1704A\repository\org\antlr\stringtemplate\3.2.1\stringtemplate-3.2.1.jar;E:\1704A\repository\com\google\code\gson\gson\2.8.2\gson-2.8.2.jar;E:\1704A\repository\org\apache\commons\commons-math\2.2\commons-math-2.2.jar;E:\1704A\repository\com\netflix\archaius\archaius-core\0.7.6\archaius-core-0.7.6.jar;E:\1704A\repository\javax\ws\rs\jsr311-api\1.1.1\jsr311-api-1.1.1.jar;E:\1704A\repository\com\netflix\servo\servo-core\0.12.21\servo-core-0.12.21.jar;E:\1704A\repository\com\sun\jersey\jersey-core\1.19.1\jersey-core-1.19.1.jar;E:\1704A\repository\com\sun\jersey\jersey-client\1.19.1\jersey-client-1.19.1.jar;E:\1704A\repository\com\sun\jersey\contribs\jersey-apache-client4\1.19.1\jersey-apache-client4-1.19.1.jar;E:\1704A\repository\com\google\inject\guice\4.1.0\guice-4.1.0.jar;E:\1704A\repository\javax\inject\javax.inject\1\javax.inject-1.jar;E:\1704A\repository\aopalliance\aopalliance\1.0\aopalliance-1.0.jar;E:\1704A\repository\com\github\vlsi\compactmap\compactmap\1.2.1\compactmap-1.2.1.jar;E:\1704A\repository\com\github\andrewoma\dexx\dexx-collections\0.2\dexx-collections-0.2.jar;E:\1704A\repository\com\fasterxml\jackson\core\jackson-annotations\2.9.0\jackson-annotations-2.9.0.jar;E:\1704A\repository\com\fasterxml\jackson\core\jackson-core\2.9.5\jackson-core-2.9.5.jar;E:\1704A\repository\com\netflix\eureka\eureka-core\1.9.3\eureka-core-1.9.3.jar;E:\1704A\repository\org\codehaus\woodstox\woodstox-core-asl\4.4.1\woodstox-core-asl-4.4.1.jar;E:\1704A\repository\javax\xml\stream\stax-api\1.0-2\stax-api-1.0-2.jar;E:\1704A\repository\org\codehaus\woodstox\stax2-api\3.1.4\stax2-api-3.1.4.jar;E:\1704A\repository\org\springframework\cloud\spring-cloud-starter-netflix-archaius\2.0.1.RELEASE\spring-cloud-starter-netflix-archaius-2.0.1.RELEASE.jar;E:\1704A\repository\org\springframework\cloud\spring-cloud-netflix-ribbon\2.0.1.RELEASE\spring-cloud-netflix-ribbon-2.0.1.RELEASE.jar;E:\1704A\repository\org\springframework\cloud\spring-cloud-netflix-archaius\2.0.1.RELEASE\spring-cloud-netflix-archaius-2.0.1.RELEASE.jar;E:\1704A\repository\commons-configuration\commons-configuration\1.8\commons-configuration-1.8.jar;E:\1704A\repository\commons-lang\commons-lang\2.6\commons-lang-2.6.jar;E:\1704A\repository\org\springframework\cloud\spring-cloud-starter-netflix-ribbon\2.0.1.RELEASE\spring-cloud-starter-netflix-ribbon-2.0.1.RELEASE.jar;E:\1704A\repository\com\netflix\ribbon\ribbon\2.2.5\ribbon-2.2.5.jar;E:\1704A\repository\com\netflix\ribbon\ribbon-transport\2.2.5\ribbon-transport-2.2.5.jar;E:\1704A\repository\io\reactivex\rxnetty-contexts\0.4.9\rxnetty-contexts-0.4.9.jar;E:\1704A\repository\io\reactivex\rxnetty-servo\0.4.9\rxnetty-servo-0.4.9.jar;E:\1704A\repository\io\reactivex\rxnetty\0.4.9\rxnetty-0.4.9.jar;E:\1704A\repository\io\netty\netty-codec-http\4.1.23.Final\netty-codec-http-4.1.23.Final.jar;E:\1704A\repository\io\netty\netty-codec\4.1.23.Final\netty-codec-4.1.23.Final.jar;E:\1704A\repository\io\netty\netty-transport-native-epoll\4.1.23.Final\netty-transport-native-epoll-4.1.23.Final.jar;E:\1704A\repository\io\netty\netty-common\4.1.23.Final\netty-common-4.1.23.Final.jar;E:\1704A\repository\io\netty\netty-buffer\4.1.23.Final\netty-buffer-4.1.23.Final.jar;E:\1704A\repository\io\netty\netty-transport-native-unix-common\4.1.23.Final\netty-transport-native-unix-common-4.1.23.Final.jar;E:\1704A\repository\io\netty\netty-transport\4.1.23.Final\netty-transport-4.1.23.Final.jar;E:\1704A\repository\io\netty\netty-resolver\4.1.23.Final\netty-resolver-4.1.23.Final.jar;E:\1704A\repository\com\netflix\ribbon\ribbon-core\2.2.5\ribbon-core-2.2.5.jar;E:\1704A\repository\com\netflix\ribbon\ribbon-httpclient\2.2.5\ribbon-httpclient-2.2.5.jar;E:\1704A\repository\commons-collections\commons-collections\3.2.2\commons-collections-3.2.2.jar;E:\1704A\repository\com\netflix\netflix-commons\netflix-commons-util\0.3.0\netflix-commons-util-0.3.0.jar;E:\1704A\repository\com\netflix\ribbon\ribbon-loadbalancer\2.2.5\ribbon-loadbalancer-2.2.5.jar;E:\1704A\repository\com\netflix\netflix-commons\netflix-statistics\0.1.1\netflix-statistics-0.1.1.jar;E:\1704A\repository\io\reactivex\rxjava\1.3.8\rxjava-1.3.8.jar;E:\1704A\repository\com\netflix\ribbon\ribbon-eureka\2.2.5\ribbon-eureka-2.2.5.jar;E:\1704A\repository\com\thoughtworks\xstream\xstream\1.4.10\xstream-1.4.10.jar;E:\1704A\repository\xmlpull\xmlpull\1.1.3.1\xmlpull-1.1.3.1.jar;E:\1704A\repository\xpp3\xpp3_min\1.1.4c\xpp3_min-1.1.4c.jar;E:\1704A\repository\org\springframework\cloud\spring-cloud-starter-openfeign\2.0.1.RELEASE\spring-cloud-starter-openfeign-2.0.1.RELEASE.jar;E:\1704A\repository\org\springframework\cloud\spring-cloud-openfeign-core\2.0.1.RELEASE\spring-cloud-openfeign-core-2.0.1.RELEASE.jar;E:\1704A\repository\org\springframework\cloud\spring-cloud-commons\2.0.1.RELEASE\spring-cloud-commons-2.0.1.RELEASE.jar;E:\1704A\repository\io\github\openfeign\feign-core\9.5.1\feign-core-9.5.1.jar;E:\1704A\repository\io\github\openfeign\feign-slf4j\9.5.1\feign-slf4j-9.5.1.jar;E:\1704A\repository\io\github\openfeign\feign-hystrix\9.5.1\feign-hystrix-9.5.1.jar;E:\1704A\repository\com\netflix\hystrix\hystrix-core\1.5.12\hystrix-core-1.5.12.jar;E:\1704A\repository\org\hdrhistogram\HdrHistogram\2.1.9\HdrHistogram-2.1.9.jar;E:\1704A\repository\io\github\openfeign\feign-java8\9.5.1\feign-java8-9.5.1.jar;E:\1704A\repository\com\netflix\feign\feign-okhttp\8.18.0\feign-okhttp-8.18.0.jar;E:\1704A\repository\com\netflix\feign\feign-core\8.18.0\feign-core-8.18.0.jar;E:\1704A\repository\org\jvnet\animal-sniffer-annotation\1.0\animal-sniffer-annotation-1.0.jar;, java.specification.name=Java Platform API Specification, java.class.version=52.0, sun.management.compiler=HotSpot 64-Bit Tiered Compilers, maven.repo.local=E:\1704A\repository, os.version=10.0, user.home=C:\Users\wangb, user.timezone=Asia/Shanghai, java.awt.printerjob=sun.awt.windows.WPrinterJob, file.encoding=GBK, java.specification.version=1.8, java.class.path=E:\1704A\hdServiceCode\nm-service-manage-course\target\test-classes;E:\1704A\hdServiceCode\nm-service-manage-course\target\classes;E:\1704A\repository\com\github\pagehelper\pagehelper-spring-boot-starter\1.2.4\pagehelper-spring-boot-starter-1.2.4.jar;E:\1704A\repository\org\springframework\boot\spring-boot-starter\2.0.1.RELEASE\spring-boot-starter-2.0.1.RELEASE.jar;E:\1704A\repository\org\springframework\boot\spring-boot\2.0.1.RELEASE\spring-boot-2.0.1.RELEASE.jar;E:\1704A\repository\javax\annotation\javax.annotation-api\1.3.2\javax.annotation-api-1.3.2.jar;E:\1704A\repository\org\yaml\snakeyaml\1.19\snakeyaml-1.19.jar;E:\1704A\repository\com\github\pagehelper\pagehelper-spring-boot-autoconfigure\1.2.4\pagehelper-spring-boot-autoconfigure-1.2.4.jar;E:\1704A\repository\com\github\pagehelper\pagehelper\5.1.3\pagehelper-5.1.3.jar;E:\1704A\repository\com\github\jsqlparser\jsqlparser\1.0\jsqlparser-1.0.jar;E:\1704A\hdServiceCode\nm-service-api\target\nm-service-api.jar;E:\1704A\repository\commons-fileupload\commons-fileupload\1.3.3\commons-fileupload-1.3.3.jar;E:\1704A\repository\io\springfox\springfox-swagger2\2.7.0\springfox-swagger2-2.7.0.jar;E:\1704A\repository\io\swagger\swagger-annotations\1.5.13\swagger-annotations-1.5.13.jar;E:\1704A\repository\io\swagger\swagger-models\1.5.13\swagger-models-1.5.13.jar;E:\1704A\repository\io\springfox\springfox-spi\2.7.0\springfox-spi-2.7.0.jar;E:\1704A\repository\io\springfox\springfox-core\2.7.0\springfox-core-2.7.0.jar;E:\1704A\repository\io\springfox\springfox-schema\2.7.0\springfox-schema-2.7.0.jar;E:\1704A\repository\io\springfox\springfox-swagger-common\2.7.0\springfox-swagger-common-2.7.0.jar;E:\1704A\repository\io\springfox\springfox-spring-web\2.7.0\springfox-spring-web-2.7.0.jar;E:\1704A\repository\org\reflections\reflections\0.9.11\reflections-0.9.11.jar;E:\1704A\repository\com\fasterxml\classmate\1.3.4\classmate-1.3.4.jar;E:\1704A\repository\org\springframework\plugin\spring-plugin-core\1.2.0.RELEASE\spring-plugin-core-1.2.0.RELEASE.jar;E:\1704A\repository\org\springframework\plugin\spring-plugin-metadata\1.2.0.RELEASE\spring-plugin-metadata-1.2.0.RELEASE.jar;E:\1704A\repository\org\mapstruct\mapstruct\1.1.0.Final\mapstruct-1.1.0.Final.jar;E:\1704A\repository\io\springfox\springfox-swagger-ui\2.7.0\springfox-swagger-ui-2.7.0.jar;E:\1704A\hdServiceCode\nm-framework-model\target\nm-framework-model.jar;E:\1704A\repository\org\projectlombok\lombok\1.16.16\lombok-1.16.16.jar;E:\1704A\repository\org\springframework\data\spring-data-commons\2.0.6.RELEASE\spring-data-commons-2.0.6.RELEASE.jar;E:\1704A\repository\org\springframework\data\spring-data-mongodb\2.0.6.RELEASE\spring-data-mongodb-2.0.6.RELEASE.jar;E:\1704A\repository\org\springframework\spring-context\5.0.5.RELEASE\spring-context-5.0.5.RELEASE.jar;E:\1704A\repository\org\springframework\spring-expression\5.0.5.RELEASE\spring-expression-5.0.5.RELEASE.jar;E:\1704A\repository\org\mongodb\mongo-java-driver\3.6.3\mongo-java-driver-3.6.3.jar;E:\1704A\repository\org\hibernate\hibernate-core\5.2.16.Final\hibernate-core-5.2.16.Final.jar;E:\1704A\repository\org\jboss\logging\jboss-logging\3.3.2.Final\jboss-logging-3.3.2.Final.jar;E:\1704A\repository\org\hibernate\javax\persistence\hibernate-jpa-2.1-api\1.0.0.Final\hibernate-jpa-2.1-api-1.0.0.Final.jar;E:\1704A\repository\org\javassist\javassist\3.22.0-GA\javassist-3.22.0-GA.jar;E:\1704A\repository\antlr\antlr\2.7.7\antlr-2.7.7.jar;E:\1704A\repository\org\jboss\spec\javax\transaction\jboss-transaction-api_1.2_spec\1.0.1.Final\jboss-transaction-api_1.2_spec-1.0.1.Final.jar;E:\1704A\repository\org\jboss\jandex\2.0.3.Final\jandex-2.0.3.Final.jar;E:\1704A\repository\dom4j\dom4j\1.6.1\dom4j-1.6.1.jar;E:\1704A\repository\org\hibernate\common\hibernate-commons-annotations\5.0.1.Final\hibernate-commons-annotations-5.0.1.Final.jar;E:\1704A\repository\com\google\guava\guava\24.0-jre\guava-24.0-jre.jar;E:\1704A\repository\com\google\code\findbugs\jsr305\1.3.9\jsr305-1.3.9.jar;E:\1704A\repository\org\checkerframework\checker-compat-qual\2.0.0\checker-compat-qual-2.0.0.jar;E:\1704A\repository\com\google\errorprone\error_prone_annotations\2.1.3\error_prone_annotations-2.1.3.jar;E:\1704A\repository\com\google\j2objc\j2objc-annotations\1.1\j2objc-annotations-1.1.jar;E:\1704A\repository\org\codehaus\mojo\animal-sniffer-annotations\1.14\animal-sniffer-annotations-1.14.jar;E:\1704A\hdServiceCode\nm-framework-utils\target\nm-framework-utils.jar;E:\1704A\repository\javax\servlet\javax.servlet-api\3.1.0\javax.servlet-api-3.1.0.jar;E:\1704A\repository\org\springframework\boot\spring-boot-starter-logging\2.0.1.RELEASE\spring-boot-starter-logging-2.0.1.RELEASE.jar;E:\1704A\repository\ch\qos\logback\logback-classic\1.2.3\logback-classic-1.2.3.jar;E:\1704A\repository\ch\qos\logback\logback-core\1.2.3\logback-core-1.2.3.jar;E:\1704A\repository\org\apache\logging\log4j\log4j-to-slf4j\2.10.0\log4j-to-slf4j-2.10.0.jar;E:\1704A\repository\org\apache\logging\log4j\log4j-api\2.10.0\log4j-api-2.10.0.jar;E:\1704A\repository\org\slf4j\jul-to-slf4j\1.7.25\jul-to-slf4j-1.7.25.jar;E:\1704A\repository\org\apache\httpcomponents\httpclient\4.5.5\httpclient-4.5.5.jar;E:\1704A\repository\org\apache\httpcomponents\httpcore\4.4.9\httpcore-4.4.9.jar;E:\1704A\repository\commons-codec\commons-codec\1.10\commons-codec-1.10.jar;E:\1704A\repository\net\lingala\zip4j\zip4j\1.3.1\zip4j-1.3.1.jar;E:\1704A\repository\org\springframework\security\spring-security-crypto\5.0.4.RELEASE\spring-security-crypto-5.0.4.RELEASE.jar;E:\1704A\repository\org\springframework\security\spring-security-jwt\1.0.8.RELEASE\spring-security-jwt-1.0.8.RELEASE.jar;E:\1704A\repository\org\bouncycastle\bcpkix-jdk15on\1.56\bcpkix-jdk15on-1.56.jar;E:\1704A\repository\org\bouncycastle\bcprov-jdk15on\1.56\bcprov-jdk15on-1.56.jar;E:\1704A\hdServiceCode\nm-framework-common\target\nm-framework-common.jar;E:\1704A\repository\org\springframework\spring-web\5.0.5.RELEASE\spring-web-5.0.5.RELEASE.jar;E:\1704A\repository\org\springframework\boot\spring-boot-starter-web\2.0.1.RELEASE\spring-boot-starter-web-2.0.1.RELEASE.jar;E:\1704A\repository\org\springframework\boot\spring-boot-starter-json\2.0.1.RELEASE\spring-boot-starter-json-2.0.1.RELEASE.jar;E:\1704A\repository\com\fasterxml\jackson\core\jackson-databind\2.9.5\jackson-databind-2.9.5.jar;E:\1704A\repository\com\fasterxml\jackson\datatype\jackson-datatype-jdk8\2.9.5\jackson-datatype-jdk8-2.9.5.jar;E:\1704A\repository\com\fasterxml\jackson\datatype\jackson-datatype-jsr310\2.9.5\jackson-datatype-jsr310-2.9.5.jar;E:\1704A\repository\com\fasterxml\jackson\module\jackson-module-parameter-names\2.9.5\jackson-module-parameter-names-2.9.5.jar;E:\1704A\repository\org\springframework\boot\spring-boot-starter-tomcat\2.0.1.RELEASE\spring-boot-starter-tomcat-2.0.1.RELEASE.jar;E:\1704A\repository\org\apache\tomcat\embed\tomcat-embed-core\8.5.28\tomcat-embed-core-8.5.28.jar;E:\1704A\repository\org\apache\tomcat\embed\tomcat-embed-el\8.5.28\tomcat-embed-el-8.5.28.jar;E:\1704A\repository\org\apache\tomcat\embed\tomcat-embed-websocket\8.5.28\tomcat-embed-websocket-8.5.28.jar;E:\1704A\repository\org\hibernate\validator\hibernate-validator\6.0.9.Final\hibernate-validator-6.0.9.Final.jar;E:\1704A\repository\javax\validation\validation-api\2.0.1.Final\validation-api-2.0.1.Final.jar;E:\1704A\repository\org\springframework\spring-webmvc\5.0.5.RELEASE\spring-webmvc-5.0.5.RELEASE.jar;E:\1704A\repository\org\springframework\spring-aop\5.0.5.RELEASE\spring-aop-5.0.5.RELEASE.jar;E:\1704A\repository\mysql\mysql-connector-java\5.1.40\mysql-connector-java-5.1.40.jar;E:\1704A\repository\com\alibaba\druid-spring-boot-starter\1.1.10\druid-spring-boot-starter-1.1.10.jar;E:\1704A\repository\com\alibaba\druid\1.1.6\druid-1.1.6.jar;E:\1704A\repository\org\slf4j\slf4j-api\1.7.25\slf4j-api-1.7.25.jar;E:\1704A\repository\org\springframework\boot\spring-boot-autoconfigure\2.0.1.RELEASE\spring-boot-autoconfigure-2.0.1.RELEASE.jar;E:\1704A\repository\org\mybatis\spring\boot\mybatis-spring-boot-starter\1.3.1\mybatis-spring-boot-starter-1.3.1.jar;E:\1704A\repository\org\springframework\boot\spring-boot-starter-jdbc\2.0.1.RELEASE\spring-boot-starter-jdbc-2.0.1.RELEASE.jar;E:\1704A\repository\com\zaxxer\HikariCP\2.7.8\HikariCP-2.7.8.jar;E:\1704A\repository\org\mybatis\spring\boot\mybatis-spring-boot-autoconfigure\1.3.1\mybatis-spring-boot-autoconfigure-1.3.1.jar;E:\1704A\repository\org\mybatis\mybatis\3.4.5\mybatis-3.4.5.jar;E:\1704A\repository\org\mybatis\mybatis-spring\1.3.1\mybatis-spring-1.3.1.jar;E:\1704A\repository\org\springframework\spring-orm\5.0.5.RELEASE\spring-orm-5.0.5.RELEASE.jar;E:\1704A\repository\org\springframework\spring-beans\5.0.5.RELEASE\spring-beans-5.0.5.RELEASE.jar;E:\1704A\repository\org\springframework\spring-core\5.0.5.RELEASE\spring-core-5.0.5.RELEASE.jar;E:\1704A\repository\org\springframework\spring-jcl\5.0.5.RELEASE\spring-jcl-5.0.5.RELEASE.jar;E:\1704A\repository\org\springframework\spring-jdbc\5.0.5.RELEASE\spring-jdbc-5.0.5.RELEASE.jar;E:\1704A\repository\org\springframework\spring-tx\5.0.5.RELEASE\spring-tx-5.0.5.RELEASE.jar;E:\1704A\repository\org\springframework\boot\spring-boot-starter-data-jpa\2.0.1.RELEASE\spring-boot-starter-data-jpa-2.0.1.RELEASE.jar;E:\1704A\repository\org\springframework\boot\spring-boot-starter-aop\2.0.1.RELEASE\spring-boot-starter-aop-2.0.1.RELEASE.jar;E:\1704A\repository\org\aspectj\aspectjweaver\1.8.13\aspectjweaver-1.8.13.jar;E:\1704A\repository\javax\transaction\javax.transaction-api\1.2\javax.transaction-api-1.2.jar;E:\1704A\repository\org\springframework\data\spring-data-jpa\2.0.6.RELEASE\spring-data-jpa-2.0.6.RELEASE.jar;E:\1704A\repository\org\springframework\spring-aspects\5.0.5.RELEASE\spring-aspects-5.0.5.RELEASE.jar;E:\1704A\repository\com\squareup\okhttp3\okhttp\3.9.1\okhttp-3.9.1.jar;E:\1704A\repository\com\squareup\okio\okio\1.13.0\okio-1.13.0.jar;E:\1704A\repository\com\alibaba\fastjson\1.2.30\fastjson-1.2.30.jar;E:\1704A\repository\commons-io\commons-io\2.6\commons-io-2.6.jar;E:\1704A\repository\org\apache\commons\commons-lang3\3.6\commons-lang3-3.6.jar;E:\1704A\repository\org\springframework\boot\spring-boot-starter-test\2.0.1.RELEASE\spring-boot-starter-test-2.0.1.RELEASE.jar;E:\1704A\repository\org\springframework\boot\spring-boot-test\2.0.1.RELEASE\spring-boot-test-2.0.1.RELEASE.jar;E:\1704A\repository\org\springframework\boot\spring-boot-test-autoconfigure\2.0.1.RELEASE\spring-boot-test-autoconfigure-2.0.1.RELEASE.jar;E:\1704A\repository\com\jayway\jsonpath\json-path\2.4.0\json-path-2.4.0.jar;E:\1704A\repository\net\minidev\json-smart\2.3\json-smart-2.3.jar;E:\1704A\repository\net\minidev\accessors-smart\1.2\accessors-smart-1.2.jar;E:\1704A\repository\org\ow2\asm\asm\5.0.4\asm-5.0.4.jar;E:\1704A\repository\junit\junit\4.12\junit-4.12.jar;E:\1704A\repository\org\assertj\assertj-core\3.9.1\assertj-core-3.9.1.jar;E:\1704A\repository\org\mockito\mockito-core\2.15.0\mockito-core-2.15.0.jar;E:\1704A\repository\net\bytebuddy\byte-buddy\1.7.11\byte-buddy-1.7.11.jar;E:\1704A\repository\net\bytebuddy\byte-buddy-agent\1.7.11\byte-buddy-agent-1.7.11.jar;E:\1704A\repository\org\objenesis\objenesis\2.6\objenesis-2.6.jar;E:\1704A\repository\org\hamcrest\hamcrest-core\1.3\hamcrest-core-1.3.jar;E:\1704A\repository\org\hamcrest\hamcrest-library\1.3\hamcrest-library-1.3.jar;E:\1704A\repository\org\skyscreamer\jsonassert\1.5.0\jsonassert-1.5.0.jar;E:\1704A\repository\com\vaadin\external\google\android-json\0.0.20131108.vaadin1\android-json-0.0.20131108.vaadin1.jar;E:\1704A\repository\org\springframework\spring-test\5.0.5.RELEASE\spring-test-5.0.5.RELEASE.jar;E:\1704A\repository\org\xmlunit\xmlunit-core\2.5.1\xmlunit-core-2.5.1.jar;E:\1704A\repository\org\springframework\cloud\spring-cloud-starter-netflix-eureka-client\2.0.1.RELEASE\spring-cloud-starter-netflix-eureka-client-2.0.1.RELEASE.jar;E:\1704A\repository\org\springframework\cloud\spring-cloud-starter\2.0.1.RELEASE\spring-cloud-starter-2.0.1.RELEASE.jar;E:\1704A\repository\org\springframework\cloud\spring-cloud-context\2.0.1.RELEASE\spring-cloud-context-2.0.1.RELEASE.jar;E:\1704A\repository\org\springframework\security\spring-security-rsa\1.0.5.RELEASE\spring-security-rsa-1.0.5.RELEASE.jar;E:\1704A\repository\org\springframework\cloud\spring-cloud-netflix-core\2.0.1.RELEASE\spring-cloud-netflix-core-2.0.1.RELEASE.jar;E:\1704A\repository\org\springframework\cloud\spring-cloud-netflix-eureka-client\2.0.1.RELEASE\spring-cloud-netflix-eureka-client-2.0.1.RELEASE.jar;E:\1704A\repository\com\netflix\eureka\eureka-client\1.9.3\eureka-client-1.9.3.jar;E:\1704A\repository\org\codehaus\jettison\jettison\1.3.7\jettison-1.3.7.jar;E:\1704A\repository\stax\stax-api\1.0.1\stax-api-1.0.1.jar;E:\1704A\repository\com\netflix\netflix-commons\netflix-eventbus\0.3.0\netflix-eventbus-0.3.0.jar;E:\1704A\repository\com\netflix\netflix-commons\netflix-infix\0.3.0\netflix-infix-0.3.0.jar;E:\1704A\repository\commons-jxpath\commons-jxpath\1.3\commons-jxpath-1.3.jar;E:\1704A\repository\joda-time\joda-time\2.9.9\joda-time-2.9.9.jar;E:\1704A\repository\org\antlr\antlr-runtime\3.4\antlr-runtime-3.4.jar;E:\1704A\repository\org\antlr\stringtemplate\3.2.1\stringtemplate-3.2.1.jar;E:\1704A\repository\com\google\code\gson\gson\2.8.2\gson-2.8.2.jar;E:\1704A\repository\org\apache\commons\commons-math\2.2\commons-math-2.2.jar;E:\1704A\repository\com\netflix\archaius\archaius-core\0.7.6\archaius-core-0.7.6.jar;E:\1704A\repository\javax\ws\rs\jsr311-api\1.1.1\jsr311-api-1.1.1.jar;E:\1704A\repository\com\netflix\servo\servo-core\0.12.21\servo-core-0.12.21.jar;E:\1704A\repository\com\sun\jersey\jersey-core\1.19.1\jersey-core-1.19.1.jar;E:\1704A\repository\com\sun\jersey\jersey-client\1.19.1\jersey-client-1.19.1.jar;E:\1704A\repository\com\sun\jersey\contribs\jersey-apache-client4\1.19.1\jersey-apache-client4-1.19.1.jar;E:\1704A\repository\com\google\inject\guice\4.1.0\guice-4.1.0.jar;E:\1704A\repository\javax\inject\javax.inject\1\javax.inject-1.jar;E:\1704A\repository\aopalliance\aopalliance\1.0\aopalliance-1.0.jar;E:\1704A\repository\com\github\vlsi\compactmap\compactmap\1.2.1\compactmap-1.2.1.jar;E:\1704A\repository\com\github\andrewoma\dexx\dexx-collections\0.2\dexx-collections-0.2.jar;E:\1704A\repository\com\fasterxml\jackson\core\jackson-annotations\2.9.0\jackson-annotations-2.9.0.jar;E:\1704A\repository\com\fasterxml\jackson\core\jackson-core\2.9.5\jackson-core-2.9.5.jar;E:\1704A\repository\com\netflix\eureka\eureka-core\1.9.3\eureka-core-1.9.3.jar;E:\1704A\repository\org\codehaus\woodstox\woodstox-core-asl\4.4.1\woodstox-core-asl-4.4.1.jar;E:\1704A\repository\javax\xml\stream\stax-api\1.0-2\stax-api-1.0-2.jar;E:\1704A\repository\org\codehaus\woodstox\stax2-api\3.1.4\stax2-api-3.1.4.jar;E:\1704A\repository\org\springframework\cloud\spring-cloud-starter-netflix-archaius\2.0.1.RELEASE\spring-cloud-starter-netflix-archaius-2.0.1.RELEASE.jar;E:\1704A\repository\org\springframework\cloud\spring-cloud-netflix-ribbon\2.0.1.RELEASE\spring-cloud-netflix-ribbon-2.0.1.RELEASE.jar;E:\1704A\repository\org\springframework\cloud\spring-cloud-netflix-archaius\2.0.1.RELEASE\spring-cloud-netflix-archaius-2.0.1.RELEASE.jar;E:\1704A\repository\commons-configuration\commons-configuration\1.8\commons-configuration-1.8.jar;E:\1704A\repository\commons-lang\commons-lang\2.6\commons-lang-2.6.jar;E:\1704A\repository\org\springframework\cloud\spring-cloud-starter-netflix-ribbon\2.0.1.RELEASE\spring-cloud-starter-netflix-ribbon-2.0.1.RELEASE.jar;E:\1704A\repository\com\netflix\ribbon\ribbon\2.2.5\ribbon-2.2.5.jar;E:\1704A\repository\com\netflix\ribbon\ribbon-transport\2.2.5\ribbon-transport-2.2.5.jar;E:\1704A\repository\io\reactivex\rxnetty-contexts\0.4.9\rxnetty-contexts-0.4.9.jar;E:\1704A\repository\io\reactivex\rxnetty-servo\0.4.9\rxnetty-servo-0.4.9.jar;E:\1704A\repository\io\reactivex\rxnetty\0.4.9\rxnetty-0.4.9.jar;E:\1704A\repository\io\netty\netty-codec-http\4.1.23.Final\netty-codec-http-4.1.23.Final.jar;E:\1704A\repository\io\netty\netty-codec\4.1.23.Final\netty-codec-4.1.23.Final.jar;E:\1704A\repository\io\netty\netty-transport-native-epoll\4.1.23.Final\netty-transport-native-epoll-4.1.23.Final.jar;E:\1704A\repository\io\netty\netty-common\4.1.23.Final\netty-common-4.1.23.Final.jar;E:\1704A\repository\io\netty\netty-buffer\4.1.23.Final\netty-buffer-4.1.23.Final.jar;E:\1704A\repository\io\netty\netty-transport-native-unix-common\4.1.23.Final\netty-transport-native-unix-common-4.1.23.Final.jar;E:\1704A\repository\io\netty\netty-transport\4.1.23.Final\netty-transport-4.1.23.Final.jar;E:\1704A\repository\io\netty\netty-resolver\4.1.23.Final\netty-resolver-4.1.23.Final.jar;E:\1704A\repository\com\netflix\ribbon\ribbon-core\2.2.5\ribbon-core-2.2.5.jar;E:\1704A\repository\com\netflix\ribbon\ribbon-httpclient\2.2.5\ribbon-httpclient-2.2.5.jar;E:\1704A\repository\commons-collections\commons-collections\3.2.2\commons-collections-3.2.2.jar;E:\1704A\repository\com\netflix\netflix-commons\netflix-commons-util\0.3.0\netflix-commons-util-0.3.0.jar;E:\1704A\repository\com\netflix\ribbon\ribbon-loadbalancer\2.2.5\ribbon-loadbalancer-2.2.5.jar;E:\1704A\repository\com\netflix\netflix-commons\netflix-statistics\0.1.1\netflix-statistics-0.1.1.jar;E:\1704A\repository\io\reactivex\rxjava\1.3.8\rxjava-1.3.8.jar;E:\1704A\repository\com\netflix\ribbon\ribbon-eureka\2.2.5\ribbon-eureka-2.2.5.jar;E:\1704A\repository\com\thoughtworks\xstream\xstream\1.4.10\xstream-1.4.10.jar;E:\1704A\repository\xmlpull\xmlpull\1.1.3.1\xmlpull-1.1.3.1.jar;E:\1704A\repository\xpp3\xpp3_min\1.1.4c\xpp3_min-1.1.4c.jar;E:\1704A\repository\org\springframework\cloud\spring-cloud-starter-openfeign\2.0.1.RELEASE\spring-cloud-starter-openfeign-2.0.1.RELEASE.jar;E:\1704A\repository\org\springframework\cloud\spring-cloud-openfeign-core\2.0.1.RELEASE\spring-cloud-openfeign-core-2.0.1.RELEASE.jar;E:\1704A\repository\org\springframework\cloud\spring-cloud-commons\2.0.1.RELEASE\spring-cloud-commons-2.0.1.RELEASE.jar;E:\1704A\repository\io\github\openfeign\feign-core\9.5.1\feign-core-9.5.1.jar;E:\1704A\repository\io\github\openfeign\feign-slf4j\9.5.1\feign-slf4j-9.5.1.jar;E:\1704A\repository\io\github\openfeign\feign-hystrix\9.5.1\feign-hystrix-9.5.1.jar;E:\1704A\repository\com\netflix\hystrix\hystrix-core\1.5.12\hystrix-core-1.5.12.jar;E:\1704A\repository\org\hdrhistogram\HdrHistogram\2.1.9\HdrHistogram-2.1.9.jar;E:\1704A\repository\io\github\openfeign\feign-java8\9.5.1\feign-java8-9.5.1.jar;E:\1704A\repository\com\netflix\feign\feign-okhttp\8.18.0\feign-okhttp-8.18.0.jar;E:\1704A\repository\com\netflix\feign\feign-core\8.18.0\feign-core-8.18.0.jar;E:\1704A\repository\org\jvnet\animal-sniffer-annotation\1.0\animal-sniffer-annotation-1.0.jar;, user.name=wangb, java.vm.specification.version=1.8, sun.java.command=C:\Users\wangb\AppData\Local\Temp\surefire8359040626052298865\surefirebooter7147715406186341325.jar C:\Users\wangb\AppData\Local\Temp\surefire8359040626052298865 2020-03-09T20-44-46_260-jvmRun1 surefire1835119734498572997tmp surefire_16448304995619269847tmp, java.home=C:\Program Files\Java\jdk1.8.0_91\jre, sun.arch.data.model=64, user.language=zh, java.specification.vendor=Oracle Corporation, awt.toolkit=sun.awt.windows.WToolkit, java.vm.info=mixed mode, java.version=1.8.0_91, java.ext.dirs=C:\Program Files\Java\jdk1.8.0_91\jre\lib\ext;C:\WINDOWS\Sun\Java\lib\ext, sun.boot.class.path=C:\Program Files\Java\jdk1.8.0_91\jre\lib\resources.jar;C:\Program Files\Java\jdk1.8.0_91\jre\lib\rt.jar;C:\Program Files\Java\jdk1.8.0_91\jre\lib\sunrsasign.jar;C:\Program Files\Java\jdk1.8.0_91\jre\lib\jsse.jar;C:\Program Files\Java\jdk1.8.0_91\jre\lib\jce.jar;C:\Program Files\Java\jdk1.8.0_91\jre\lib\charsets.jar;C:\Program Files\Java\jdk1.8.0_91\jre\lib\jfr.jar;C:\Program Files\Java\jdk1.8.0_91\jre\classes, java.awt.headless=true, java.vendor=Oracle Corporation, localRepository=E:\1704A\repository, file.separator=\, java.vendor.url.bug=http://bugreport.sun.com/bugreport/, sun.io.unicode.encoding=UnicodeLittle, sun.cpu.endian=little, sun.desktop=windows, sun.cpu.isalist=amd64}}, SystemEnvironmentPropertySource@1409712092 {name='systemEnvironment', properties={PATH=E:\app\wangb\product\11.2.0\dbhome_1\bin;E:\maven\apache-maven-3.6.1\bin;C:\Program Files\Java\jdk1.8.0_91\bin;C:\Program Files (x86)\Intel\iCLS Client\;C:\Program Files\Intel\iCLS Client\;C:\Windows\system32;C:\Windows;C:\Windows\System32\Wbem;C:\Windows\System32\WindowsPowerShell\v1.0\;C:\Program Files (x86)\NVIDIA Corporation\PhysX\Common;C:\Program Files (x86)\Intel\Intel(R) Management Engine Components\DAL;C:\Program Files\Intel\Intel(R) Management Engine Components\DAL;C:\Program Files (x86)\Intel\Intel(R) Management Engine Components\IPT;C:\Program Files\Intel\Intel(R) Management Engine Components\IPT;C:\WINDOWS\system32;C:\WINDOWS;C:\WINDOWS\System32\Wbem;C:\WINDOWS\System32\WindowsPowerShell\v1.0\;C:\WINDOWS\System32\OpenSSH\;C:\Program Files\MySQL\MySQL Server 5.5\bin;E:\nodejs\;E:\Git\cmd;E:\Mp4\ffmpeg-20180227-fa0c9d6-win64-static\bin;C:\Users\wangb\AppData\Local\Microsoft\WindowsApps;C:\Users\wangb\AppData\Roaming\npm;E:\Microsoft VS Code\bin, USERDOMAIN_ROAMINGPROFILE=LAPTOP-8K1AKH0O, LOCALAPPDATA=C:\Users\wangb\AppData\Local, PROCESSOR_LEVEL=6, SYSTEMDRIVE=C:, COMMONPROGRAMFILES(X86)=C:\Program Files (x86)\Common Files, USERDOMAIN=LAPTOP-8K1AKH0O, FPS_BROWSER_APP_PROFILE_STRING=Internet Explorer, LOGONSERVER=\\LAPTOP-8K1AKH0O, JAVA_HOME=C:\Program Files\Java\jdk1.8.0_91, PROMPT=$P$G, SESSIONNAME=Console, ALLUSERSPROFILE=C:\ProgramData, PROGRAMFILES(X86)=C:\Program Files (x86), PROCESSOR_ARCHITECTURE=AMD64, DRIVERDATA=C:\Windows\System32\Drivers\DriverData, ERLANG_HOME=E:\erl9.2, =E:=E:\1704A\hdServiceCode\nm-service-manage-course, PROGRAMFILES=C:\Program Files, APPDATA=C:\Users\wangb\AppData\Roaming, MOZ_PLUGIN_PATH=E:\1704A\FoxitPhantomPDFBusiness\plugins\, PSMODULEPATH=C:\Program Files\WindowsPowerShell\Modules;C:\WINDOWS\system32\WindowsPowerShell\v1.0\Modules, PROGRAMW6432=C:\Program Files, PROGRAMDATA=C:\ProgramData, SYSTEMROOT=C:\WINDOWS, USERNAME=wangb, FPS_BROWSER_USER_PROFILE_STRING=Default, ONEDRIVE=C:\Users\wangb\OneDrive, CONFIGSETROOT=C:\WINDOWS\ConfigSetRoot, PATHEXT=.COM;.EXE;.BAT;.CMD;.VBS;.VBE;.JS;.JSE;.WSF;.WSH;.MSC, OS=Windows_NT, COMMONPROGRAMW6432=C:\Program Files\Common Files, COMPUTERNAME=LAPTOP-8K1AKH0O, COMMONPROGRAMFILES=C:\Program Files\Common Files, COMSPEC=C:\WINDOWS\system32\cmd.exe, PROCESSOR_REVISION=9e09, WINDIR=C:\WINDOWS, RABBITMQ_SERVER=E:\rabibitmq\rabbitmq_server-3.7.4, HOMEPATH=\Users\wangb, TEMP=C:\Users\wangb\AppData\Local\Temp, HOMEDRIVE=C:, PROCESSOR_IDENTIFIER=Intel64 Family 6 Model 158 Stepping 9, GenuineIntel, USERPROFILE=C:\Users\wangb, TMP=C:\Users\wangb\AppData\Local\Temp, PUBLIC=C:\Users\Public, NUMBER_OF_PROCESSORS=8, =::=::\}}]
2020-03-09 20:45:22.813 [main] DEBUG o.s.b.f.s.DefaultListableBeanFactory - Returning cached instance of singleton bean 'org.springframework.boot.autoconfigure.AutoConfigurationPackages'
2020-03-09 20:45:22.813 [main] DEBUG o.s.c.i.s.PathMatchingResourcePatternResolver - Resolved classpath location [com/ningmeng/manage_course/] to resources [URL [file:/E:/1704A/hdServiceCode/nm-service-manage-course/target/test-classes/com/ningmeng/manage_course/], URL [file:/E:/1704A/hdServiceCode/nm-service-manage-course/target/classes/com/ningmeng/manage_course/]]
2020-03-09 20:45:22.814 [main] DEBUG o.s.c.i.s.PathMatchingResourcePatternResolver - Looking for matching resources in directory tree [E:\1704A\hdServiceCode\nm-service-manage-course\target\test-classes\com\ningmeng\manage_course]
2020-03-09 20:45:22.814 [main] DEBUG o.s.c.i.s.PathMatchingResourcePatternResolver - Searching directory [E:\1704A\hdServiceCode\nm-service-manage-course\target\test-classes\com\ningmeng\manage_course] for files matching pattern [E:/1704A/hdServiceCode/nm-service-manage-course/target/test-classes/com/ningmeng/manage_course/**/*.class]
2020-03-09 20:45:22.814 [main] DEBUG o.s.c.i.s.PathMatchingResourcePatternResolver - Searching directory [E:\1704A\hdServiceCode\nm-service-manage-course\target\test-classes\com\ningmeng\manage_course\dao] for files matching pattern [E:/1704A/hdServiceCode/nm-service-manage-course/target/test-classes/com/ningmeng/manage_course/**/*.class]
2020-03-09 20:45:22.815 [main] DEBUG o.s.c.i.s.PathMatchingResourcePatternResolver - Looking for matching resources in directory tree [E:\1704A\hdServiceCode\nm-service-manage-course\target\classes\com\ningmeng\manage_course]
2020-03-09 20:45:22.815 [main] DEBUG o.s.c.i.s.PathMatchingResourcePatternResolver - Searching directory [E:\1704A\hdServiceCode\nm-service-manage-course\target\classes\com\ningmeng\manage_course] for files matching pattern [E:/1704A/hdServiceCode/nm-service-manage-course/target/classes/com/ningmeng/manage_course/**/*.class]
2020-03-09 20:45:22.815 [main] DEBUG o.s.c.i.s.PathMatchingResourcePatternResolver - Searching directory [E:\1704A\hdServiceCode\nm-service-manage-course\target\classes\com\ningmeng\manage_course\client] for files matching pattern [E:/1704A/hdServiceCode/nm-service-manage-course/target/classes/com/ningmeng/manage_course/**/*.class]
2020-03-09 20:45:22.815 [main] DEBUG o.s.c.i.s.PathMatchingResourcePatternResolver - Searching directory [E:\1704A\hdServiceCode\nm-service-manage-course\target\classes\com\ningmeng\manage_course\controller] for files matching pattern [E:/1704A/hdServiceCode/nm-service-manage-course/target/classes/com/ningmeng/manage_course/**/*.class]
2020-03-09 20:45:22.816 [main] DEBUG o.s.c.i.s.PathMatchingResourcePatternResolver - Searching directory [E:\1704A\hdServiceCode\nm-service-manage-course\target\classes\com\ningmeng\manage_course\dao] for files matching pattern [E:/1704A/hdServiceCode/nm-service-manage-course/target/classes/com/ningmeng/manage_course/**/*.class]
2020-03-09 20:45:22.816 [main] DEBUG o.s.c.i.s.PathMatchingResourcePatternResolver - Searching directory [E:\1704A\hdServiceCode\nm-service-manage-course\target\classes\com\ningmeng\manage_course\service] for files matching pattern [E:/1704A/hdServiceCode/nm-service-manage-course/target/classes/com/ningmeng/manage_course/**/*.class]
2020-03-09 20:45:22.817 [main] DEBUG o.s.c.i.s.PathMatchingResourcePatternResolver - Resolved location pattern [classpath*:com/ningmeng/manage_course/**/*.class] to resources [file [E:\1704A\hdServiceCode\nm-service-manage-course\target\test-classes\com\ningmeng\manage_course\dao\FeignTest.class], file [E:\1704A\hdServiceCode\nm-service-manage-course\target\test-classes\com\ningmeng\manage_course\dao\TestDao.class], file [E:\1704A\hdServiceCode\nm-service-manage-course\target\test-classes\com\ningmeng\manage_course\dao\Tests.class], file [E:\1704A\hdServiceCode\nm-service-manage-course\target\classes\com\ningmeng\manage_course\client\CmsPageClient.class], file [E:\1704A\hdServiceCode\nm-service-manage-course\target\classes\com\ningmeng\manage_course\controller\CourseController.class], file [E:\1704A\hdServiceCode\nm-service-manage-course\target\classes\com\ningmeng\manage_course\controller\SysDicthinaryController.class], file [E:\1704A\hdServiceCode\nm-service-manage-course\target\classes\com\ningmeng\manage_course\dao\CategoryMapper.class], file [E:\1704A\hdServiceCode\nm-service-manage-course\target\classes\com\ningmeng\manage_course\dao\CourseBaseRepository.class], file [E:\1704A\hdServiceCode\nm-service-manage-course\target\classes\com\ningmeng\manage_course\dao\CourseMapper.class], file [E:\1704A\hdServiceCode\nm-service-manage-course\target\classes\com\ningmeng\manage_course\dao\CourseMarketMapper.class], file [E:\1704A\hdServiceCode\nm-service-manage-course\target\classes\com\ningmeng\manage_course\dao\CourseMarketRepository.class], file [E:\1704A\hdServiceCode\nm-service-manage-course\target\classes\com\ningmeng\manage_course\dao\CoursePicRepository.class], file [E:\1704A\hdServiceCode\nm-service-manage-course\target\classes\com\ningmeng\manage_course\dao\CoursePubRepository.class], file [E:\1704A\hdServiceCode\nm-service-manage-course\target\classes\com\ningmeng\manage_course\dao\SysDictionaryRepository.class], file [E:\1704A\hdServiceCode\nm-service-manage-course\target\classes\com\ningmeng\manage_course\dao\TeachplanMapper.class], file [E:\1704A\hdServiceCode\nm-service-manage-course\target\classes\com\ningmeng\manage_course\dao\TeachplanMediaPubRepository.class], file [E:\1704A\hdServiceCode\nm-service-manage-course\target\classes\com\ningmeng\manage_course\dao\TeachplanMediaRepository.class], file [E:\1704A\hdServiceCode\nm-service-manage-course\target\classes\com\ningmeng\manage_course\dao\TeachplanRepository.class], file [E:\1704A\hdServiceCode\nm-service-manage-course\target\classes\com\ningmeng\manage_course\ManageCourseApplication.class], file [E:\1704A\hdServiceCode\nm-service-manage-course\target\classes\com\ningmeng\manage_course\service\CourseService.class], file [E:\1704A\hdServiceCode\nm-service-manage-course\target\classes\com\ningmeng\manage_course\service\SysDicthinaryService.class]]
2020-03-09 20:45:22.817 [main] DEBUG o.s.d.r.c.RepositoryComponentProvider - Identified candidate component class: file [E:\1704A\hdServiceCode\nm-service-manage-course\target\classes\com\ningmeng\manage_course\dao\CourseBaseRepository.class]
2020-03-09 20:45:22.817 [main] DEBUG o.s.d.r.c.RepositoryComponentProvider - Identified candidate component class: file [E:\1704A\hdServiceCode\nm-service-manage-course\target\classes\com\ningmeng\manage_course\dao\CourseMarketRepository.class]
2020-03-09 20:45:22.817 [main] DEBUG o.s.d.r.c.RepositoryComponentProvider - Identified candidate component class: file [E:\1704A\hdServiceCode\nm-service-manage-course\target\classes\com\ningmeng\manage_course\dao\CoursePicRepository.class]
2020-03-09 20:45:22.817 [main] DEBUG o.s.d.r.c.RepositoryComponentProvider - Identified candidate component class: file [E:\1704A\hdServiceCode\nm-service-manage-course\target\classes\com\ningmeng\manage_course\dao\CoursePubRepository.class]
2020-03-09 20:45:22.818 [main] DEBUG o.s.d.r.c.RepositoryComponentProvider - Identified candidate component class: file [E:\1704A\hdServiceCode\nm-service-manage-course\target\classes\com\ningmeng\manage_course\dao\SysDictionaryRepository.class]
2020-03-09 20:45:22.818 [main] DEBUG o.s.d.r.c.RepositoryComponentProvider - Identified candidate component class: file [E:\1704A\hdServiceCode\nm-service-manage-course\target\classes\com\ningmeng\manage_course\dao\TeachplanMediaPubRepository.class]
2020-03-09 20:45:22.819 [main] DEBUG o.s.d.r.c.RepositoryComponentProvider - Identified candidate component class: file [E:\1704A\hdServiceCode\nm-service-manage-course\target\classes\com\ningmeng\manage_course\dao\TeachplanMediaRepository.class]
2020-03-09 20:45:22.819 [main] DEBUG o.s.d.r.c.RepositoryComponentProvider - Identified candidate component class: file [E:\1704A\hdServiceCode\nm-service-manage-course\target\classes\com\ningmeng\manage_course\dao\TeachplanRepository.class]
2020-03-09 20:45:22.840 [main] INFO  o.s.d.r.c.RepositoryConfigurationExtensionSupport - Spring Data MongoDB - Could not safely identify store assignment for repository candidate interface com.ningmeng.manage_course.dao.CourseBaseRepository.
2020-03-09 20:45:22.842 [main] INFO  o.s.d.r.c.RepositoryConfigurationExtensionSupport - Spring Data MongoDB - Could not safely identify store assignment for repository candidate interface com.ningmeng.manage_course.dao.CourseMarketRepository.
2020-03-09 20:45:22.844 [main] INFO  o.s.d.r.c.RepositoryConfigurationExtensionSupport - Spring Data MongoDB - Could not safely identify store assignment for repository candidate interface com.ningmeng.manage_course.dao.CoursePicRepository.
2020-03-09 20:45:22.845 [main] INFO  o.s.d.r.c.RepositoryConfigurationExtensionSupport - Spring Data MongoDB - Could not safely identify store assignment for repository candidate interface com.ningmeng.manage_course.dao.CoursePubRepository.
2020-03-09 20:45:22.847 [main] INFO  o.s.d.r.c.RepositoryConfigurationExtensionSupport - Spring Data MongoDB - Could not safely identify store assignment for repository candidate interface com.ningmeng.manage_course.dao.TeachplanMediaPubRepository.
2020-03-09 20:45:22.848 [main] INFO  o.s.d.r.c.RepositoryConfigurationExtensionSupport - Spring Data MongoDB - Could not safely identify store assignment for repository candidate interface com.ningmeng.manage_course.dao.TeachplanMediaRepository.
2020-03-09 20:45:22.850 [main] INFO  o.s.d.r.c.RepositoryConfigurationExtensionSupport - Spring Data MongoDB - Could not safely identify store assignment for repository candidate interface com.ningmeng.manage_course.dao.TeachplanRepository.
2020-03-09 20:45:22.853 [main] DEBUG o.s.c.i.s.PathMatchingResourcePatternResolver - Resolved classpath location [com/ningmeng/manage_course/dao/] to resources [URL [file:/E:/1704A/hdServiceCode/nm-service-manage-course/target/test-classes/com/ningmeng/manage_course/dao/], URL [file:/E:/1704A/hdServiceCode/nm-service-manage-course/target/classes/com/ningmeng/manage_course/dao/]]
2020-03-09 20:45:22.853 [main] DEBUG o.s.c.i.s.PathMatchingResourcePatternResolver - Looking for matching resources in directory tree [E:\1704A\hdServiceCode\nm-service-manage-course\target\test-classes\com\ningmeng\manage_course\dao]
2020-03-09 20:45:22.853 [main] DEBUG o.s.c.i.s.PathMatchingResourcePatternResolver - Searching directory [E:\1704A\hdServiceCode\nm-service-manage-course\target\test-classes\com\ningmeng\manage_course\dao] for files matching pattern [E:/1704A/hdServiceCode/nm-service-manage-course/target/test-classes/com/ningmeng/manage_course/dao/**/*SysDictionaryRepositoryImpl.class]
2020-03-09 20:45:22.854 [main] DEBUG o.s.c.i.s.PathMatchingResourcePatternResolver - Looking for matching resources in directory tree [E:\1704A\hdServiceCode\nm-service-manage-course\target\classes\com\ningmeng\manage_course\dao]
2020-03-09 20:45:22.854 [main] DEBUG o.s.c.i.s.PathMatchingResourcePatternResolver - Searching directory [E:\1704A\hdServiceCode\nm-service-manage-course\target\classes\com\ningmeng\manage_course\dao] for files matching pattern [E:/1704A/hdServiceCode/nm-service-manage-course/target/classes/com/ningmeng/manage_course/dao/**/*SysDictionaryRepositoryImpl.class]
2020-03-09 20:45:22.855 [main] DEBUG o.s.c.i.s.PathMatchingResourcePatternResolver - Resolved location pattern [classpath*:com/ningmeng/manage_course/dao/**/*SysDictionaryRepositoryImpl.class] to resources []
2020-03-09 20:45:22.856 [main] DEBUG o.s.d.r.c.RepositoryConfigurationDelegate - Spring Data MongoDB - Registering repository: sysDictionaryRepository - Interface: com.ningmeng.manage_course.dao.SysDictionaryRepository - Factory: org.springframework.data.mongodb.repository.support.MongoRepositoryFactoryBean
2020-03-09 20:45:22.856 [main] DEBUG o.s.b.f.s.DefaultListableBeanFactory - Returning cached instance of singleton bean 'autoConfigurationReport'
2020-03-09 20:45:22.857 [main] DEBUG o.s.c.a.ConfigurationClassBeanDefinitionReader - Registered bean definition for imported class 'org.springframework.boot.autoconfigure.gson.GsonAutoConfiguration'
2020-03-09 20:45:22.859 [main] DEBUG o.s.b.f.s.DefaultListableBeanFactory - Returning cached instance of singleton bean 'org.springframework.boot.autoconfigure.condition.BeanTypeRegistry'
2020-03-09 20:45:22.860 [main] DEBUG o.s.b.f.s.DefaultListableBeanFactory - Returning cached instance of singleton bean 'org.springframework.boot.autoconfigure.condition.BeanTypeRegistry'
2020-03-09 20:45:22.861 [main] DEBUG o.s.b.f.s.DefaultListableBeanFactory - Returning cached instance of singleton bean 'autoConfigurationReport'
2020-03-09 20:45:22.861 [main] DEBUG o.s.c.a.ConfigurationClassBeanDefinitionReader - Registering bean definition for @Bean method org.springframework.boot.autoconfigure.gson.GsonAutoConfiguration.gsonBuilder()
2020-03-09 20:45:22.861 [main] DEBUG o.s.b.f.s.DefaultListableBeanFactory - Returning cached instance of singleton bean 'org.springframework.boot.autoconfigure.condition.BeanTypeRegistry'
2020-03-09 20:45:22.864 [main] DEBUG o.s.b.f.s.DefaultListableBeanFactory - Returning cached instance of singleton bean 'org.springframework.boot.autoconfigure.condition.BeanTypeRegistry'
2020-03-09 20:45:22.864 [main] DEBUG o.s.b.f.s.DefaultListableBeanFactory - Returning cached instance of singleton bean 'autoConfigurationReport'
2020-03-09 20:45:22.864 [main] DEBUG o.s.c.a.ConfigurationClassBeanDefinitionReader - Registering bean definition for @Bean method org.springframework.boot.autoconfigure.gson.GsonAutoConfiguration.gson()
2020-03-09 20:45:22.864 [main] DEBUG o.s.c.a.ConfigurationClassBeanDefinitionReader - Registering bean definition for @Bean method org.springframework.boot.autoconfigure.gson.GsonAutoConfiguration.standardGsonBuilderCustomizer()
2020-03-09 20:45:22.865 [main] DEBUG o.s.b.f.s.DefaultListableBeanFactory - Returning cached instance of singleton bean 'autoConfigurationReport'
2020-03-09 20:45:22.866 [main] DEBUG o.s.b.f.s.DefaultListableBeanFactory - Returning cached instance of singleton bean 'autoConfigurationReport'
2020-03-09 20:45:22.866 [main] DEBUG o.s.c.a.ConfigurationClassBeanDefinitionReader - Registered bean definition for imported class 'org.springframework.boot.autoconfigure.jackson.JacksonAutoConfiguration$Jackson2ObjectMapperBuilderCustomizerConfiguration'
2020-03-09 20:45:22.867 [main] DEBUG o.s.c.a.ConfigurationClassBeanDefinitionReader - Registering bean definition for @Bean method org.springframework.boot.autoconfigure.jackson.JacksonAutoConfiguration$Jackson2ObjectMapperBuilderCustomizerConfiguration.standardJacksonObjectMapperBuilderCustomizer()
2020-03-09 20:45:22.868 [main] DEBUG o.s.b.f.s.DefaultListableBeanFactory - Returning cached instance of singleton bean 'autoConfigurationReport'
2020-03-09 20:45:22.868 [main] DEBUG o.s.c.a.ConfigurationClassBeanDefinitionReader - Registered bean definition for imported class 'org.springframework.boot.autoconfigure.jackson.JacksonAutoConfiguration$JacksonObjectMapperBuilderConfiguration'
2020-03-09 20:45:22.869 [main] DEBUG o.s.b.f.s.DefaultListableBeanFactory - Returning cached instance of singleton bean 'org.springframework.boot.autoconfigure.condition.BeanTypeRegistry'
2020-03-09 20:45:22.871 [main] DEBUG o.s.b.f.s.DefaultListableBeanFactory - Returning cached instance of singleton bean 'org.springframework.boot.autoconfigure.condition.BeanTypeRegistry'
2020-03-09 20:45:22.872 [main] DEBUG o.s.b.f.s.DefaultListableBeanFactory - Returning cached instance of singleton bean 'autoConfigurationReport'
2020-03-09 20:45:22.872 [main] DEBUG o.s.c.a.ConfigurationClassBeanDefinitionReader - Registering bean definition for @Bean method org.springframework.boot.autoconfigure.jackson.JacksonAutoConfiguration$JacksonObjectMapperBuilderConfiguration.jacksonObjectMapperBuilder()
2020-03-09 20:45:22.872 [main] DEBUG o.s.b.f.s.DefaultListableBeanFactory - Returning cached instance of singleton bean 'autoConfigurationReport'
2020-03-09 20:45:22.872 [main] DEBUG o.s.c.a.ConfigurationClassBeanDefinitionReader - Registered bean definition for imported class 'org.springframework.boot.autoconfigure.jackson.JacksonAutoConfiguration$ParameterNamesModuleConfiguration'
2020-03-09 20:45:22.872 [main] DEBUG o.s.b.f.s.DefaultListableBeanFactory - Returning cached instance of singleton bean 'org.springframework.boot.autoconfigure.condition.BeanTypeRegistry'
2020-03-09 20:45:22.874 [main] DEBUG o.s.b.f.s.DefaultListableBeanFactory - Returning cached instance of singleton bean 'org.springframework.boot.autoconfigure.condition.BeanTypeRegistry'
2020-03-09 20:45:22.874 [main] DEBUG o.s.b.f.s.DefaultListableBeanFactory - Returning cached instance of singleton bean 'autoConfigurationReport'
2020-03-09 20:45:22.874 [main] DEBUG o.s.c.a.ConfigurationClassBeanDefinitionReader - Registering bean definition for @Bean method org.springframework.boot.autoconfigure.jackson.JacksonAutoConfiguration$ParameterNamesModuleConfiguration.parameterNamesModule()
2020-03-09 20:45:22.875 [main] DEBUG o.s.b.f.s.DefaultListableBeanFactory - Returning cached instance of singleton bean 'autoConfigurationReport'
2020-03-09 20:45:22.875 [main] DEBUG o.s.c.a.ConfigurationClassBeanDefinitionReader - Registered bean definition for imported class 'org.springframework.boot.autoconfigure.jackson.JacksonAutoConfiguration$JacksonObjectMapperConfiguration'
2020-03-09 20:45:22.875 [main] DEBUG o.s.b.f.s.DefaultListableBeanFactory - Returning cached instance of singleton bean 'org.springframework.boot.autoconfigure.condition.BeanTypeRegistry'
2020-03-09 20:45:22.876 [main] DEBUG o.s.b.f.s.DefaultListableBeanFactory - Returning cached instance of singleton bean 'org.springframework.boot.autoconfigure.condition.BeanTypeRegistry'
2020-03-09 20:45:22.876 [main] DEBUG o.s.b.f.s.DefaultListableBeanFactory - Returning cached instance of singleton bean 'autoConfigurationReport'
2020-03-09 20:45:22.876 [main] DEBUG o.s.c.a.ConfigurationClassBeanDefinitionReader - Registering bean definition for @Bean method org.springframework.boot.autoconfigure.jackson.JacksonAutoConfiguration$JacksonObjectMapperConfiguration.jacksonObjectMapper()
2020-03-09 20:45:22.876 [main] DEBUG o.s.c.a.ConfigurationClassBeanDefinitionReader - Registered bean definition for imported class 'org.springframework.boot.autoconfigure.jackson.JacksonAutoConfiguration'
2020-03-09 20:45:22.876 [main] DEBUG o.s.c.a.ConfigurationClassBeanDefinitionReader - Registering bean definition for @Bean method org.springframework.boot.autoconfigure.jackson.JacksonAutoConfiguration.jsonComponentModule()
2020-03-09 20:45:22.876 [main] DEBUG o.s.b.f.s.DefaultListableBeanFactory - Returning cached instance of singleton bean 'autoConfigurationReport'
2020-03-09 20:45:22.876 [main] DEBUG o.s.b.f.s.DefaultListableBeanFactory - Returning cached instance of singleton bean 'autoConfigurationReport'
2020-03-09 20:45:22.877 [main] DEBUG o.s.c.a.ConfigurationClassBeanDefinitionReader - Registered bean definition for imported class 'org.springframework.boot.autoconfigure.http.HttpMessageConvertersAutoConfiguration$StringHttpMessageConverterConfiguration'
2020-03-09 20:45:22.877 [main] DEBUG o.s.b.f.s.DefaultListableBeanFactory - Returning cached instance of singleton bean 'org.springframework.boot.autoconfigure.condition.BeanTypeRegistry'
2020-03-09 20:45:22.880 [main] DEBUG o.s.b.f.s.DefaultListableBeanFactory - Returning cached instance of singleton bean 'org.springframework.boot.autoconfigure.condition.BeanTypeRegistry'
2020-03-09 20:45:22.881 [main] DEBUG o.s.b.f.s.DefaultListableBeanFactory - Returning cached instance of singleton bean 'autoConfigurationReport'
2020-03-09 20:45:22.881 [main] DEBUG o.s.c.a.ConfigurationClassBeanDefinitionReader - Registering bean definition for @Bean method org.springframework.boot.autoconfigure.http.HttpMessageConvertersAutoConfiguration$StringHttpMessageConverterConfiguration.stringHttpMessageConverter()
2020-03-09 20:45:22.881 [main] DEBUG o.s.b.f.s.DefaultListableBeanFactory - Returning cached instance of singleton bean 'autoConfigurationReport'
2020-03-09 20:45:22.882 [main] DEBUG o.s.b.f.s.DefaultListableBeanFactory - Returning cached instance of singleton bean 'autoConfigurationReport'
2020-03-09 20:45:22.882 [main] DEBUG o.s.b.f.s.DefaultListableBeanFactory - Returning cached instance of singleton bean 'org.springframework.boot.autoconfigure.condition.BeanTypeRegistry'
2020-03-09 20:45:22.882 [main] DEBUG o.s.b.f.s.DefaultListableBeanFactory - Returning cached instance of singleton bean 'org.springframework.boot.autoconfigure.condition.BeanTypeRegistry'
2020-03-09 20:45:22.882 [main] DEBUG o.s.b.f.s.DefaultListableBeanFactory - Returning cached instance of singleton bean 'autoConfigurationReport'
2020-03-09 20:45:22.882 [main] DEBUG o.s.c.a.ConfigurationClassBeanDefinitionReader - Registered bean definition for imported class 'org.springframework.boot.autoconfigure.http.JacksonHttpMessageConvertersConfiguration$MappingJackson2HttpMessageConverterConfiguration'
2020-03-09 20:45:22.886 [main] DEBUG o.s.b.f.s.DefaultListableBeanFactory - Returning cached instance of singleton bean 'org.springframework.boot.autoconfigure.condition.BeanTypeRegistry'
2020-03-09 20:45:22.887 [main] DEBUG o.s.b.f.s.DefaultListableBeanFactory - Returning cached instance of singleton bean 'org.springframework.boot.autoconfigure.condition.BeanTypeRegistry'
2020-03-09 20:45:22.887 [main] DEBUG o.s.b.f.s.DefaultListableBeanFactory - Returning cached instance of singleton bean 'autoConfigurationReport'
2020-03-09 20:45:22.888 [main] DEBUG o.s.c.a.ConfigurationClassBeanDefinitionReader - Registering bean definition for @Bean method org.springframework.boot.autoconfigure.http.JacksonHttpMessageConvertersConfiguration$MappingJackson2HttpMessageConverterConfiguration.mappingJackson2HttpMessageConverter()
2020-03-09 20:45:22.888 [main] DEBUG o.s.c.a.ConfigurationClassBeanDefinitionReader - Registered bean definition for imported class 'org.springframework.boot.autoconfigure.http.JacksonHttpMessageConvertersConfiguration'
2020-03-09 20:45:22.888 [main] DEBUG o.s.b.f.s.DefaultListableBeanFactory - Returning cached instance of singleton bean 'autoConfigurationReport'
2020-03-09 20:45:22.892 [main] DEBUG o.s.b.f.s.DefaultListableBeanFactory - Returning cached instance of singleton bean 'org.springframework.boot.autoconfigure.condition.BeanTypeRegistry'
2020-03-09 20:45:22.894 [main] DEBUG o.s.b.f.s.DefaultListableBeanFactory - Returning cached instance of singleton bean 'org.springframework.boot.autoconfigure.condition.BeanTypeRegistry'
2020-03-09 20:45:22.895 [main] DEBUG o.s.b.f.s.DefaultListableBeanFactory - Returning cached instance of singleton bean 'autoConfigurationReport'
2020-03-09 20:45:22.895 [main] DEBUG o.s.c.a.ConfigurationClassBeanDefinitionReader - Registered bean definition for imported class 'org.springframework.boot.autoconfigure.http.GsonHttpMessageConvertersConfiguration'
2020-03-09 20:45:22.896 [main] DEBUG o.s.c.a.ConfigurationClassBeanDefinitionReader - Registered bean definition for imported class 'org.springframework.boot.autoconfigure.http.HttpMessageConvertersAutoConfiguration'
2020-03-09 20:45:22.896 [main] DEBUG o.s.b.f.s.DefaultListableBeanFactory - Returning cached instance of singleton bean 'org.springframework.boot.autoconfigure.condition.BeanTypeRegistry'
2020-03-09 20:45:22.897 [main] DEBUG o.s.b.f.s.DefaultListableBeanFactory - Returning cached instance of singleton bean 'org.springframework.boot.autoconfigure.condition.BeanTypeRegistry'
2020-03-09 20:45:22.897 [main] DEBUG o.s.b.f.s.DefaultListableBeanFactory - Returning cached instance of singleton bean 'autoConfigurationReport'
2020-03-09 20:45:22.898 [main] DEBUG o.s.c.a.ConfigurationClassBeanDefinitionReader - Registering bean definition for @Bean method org.springframework.boot.autoconfigure.http.HttpMessageConvertersAutoConfiguration.messageConverters()
2020-03-09 20:45:22.898 [main] DEBUG o.s.b.f.s.DefaultListableBeanFactory - Returning cached instance of singleton bean 'autoConfigurationReport'
2020-03-09 20:45:22.898 [main] DEBUG o.s.b.f.s.DefaultListableBeanFactory - Returning cached instance of singleton bean 'autoConfigurationReport'
2020-03-09 20:45:22.898 [main] DEBUG o.s.b.f.s.DefaultListableBeanFactory - Returning cached instance of singleton bean 'org.springframework.boot.autoconfigure.condition.BeanTypeRegistry'
2020-03-09 20:45:22.899 [main] DEBUG o.s.b.f.s.DefaultListableBeanFactory - Returning cached instance of singleton bean 'org.springframework.boot.autoconfigure.condition.BeanTypeRegistry'
2020-03-09 20:45:22.899 [main] DEBUG o.s.b.f.s.DefaultListableBeanFactory - Returning cached instance of singleton bean 'autoConfigurationReport'
2020-03-09 20:45:22.899 [main] DEBUG o.s.c.a.ConfigurationClassBeanDefinitionReader - Registered bean definition for imported class 'org.springframework.data.web.config.ProjectingArgumentResolverRegistrar'
2020-03-09 20:45:22.899 [main] DEBUG o.s.c.a.ConfigurationClassBeanDefinitionReader - Registering bean definition for @Bean method org.springframework.data.web.config.ProjectingArgumentResolverRegistrar.projectingArgumentResolverBeanPostProcessor()
2020-03-09 20:45:22.900 [main] DEBUG o.s.c.a.ConfigurationClassBeanDefinitionReader - Registered bean definition for imported class 'org.springframework.data.web.config.SpringDataWebConfiguration'
2020-03-09 20:45:22.900 [main] DEBUG o.s.c.a.ConfigurationClassBeanDefinitionReader - Registering bean definition for @Bean method org.springframework.data.web.config.SpringDataWebConfiguration.pageableResolver()
2020-03-09 20:45:22.901 [main] DEBUG o.s.c.a.ConfigurationClassBeanDefinitionReader - Registering bean definition for @Bean method org.springframework.data.web.config.SpringDataWebConfiguration.sortResolver()
2020-03-09 20:45:22.902 [main] DEBUG o.s.c.a.ConfigurationClassBeanDefinitionReader - Registered bean definition for imported class 'org.springframework.data.web.config.SpringDataJacksonConfiguration'
2020-03-09 20:45:22.902 [main] DEBUG o.s.c.a.ConfigurationClassBeanDefinitionReader - Registering bean definition for @Bean method org.springframework.data.web.config.SpringDataJacksonConfiguration.jacksonGeoModule()
2020-03-09 20:45:22.902 [main] DEBUG o.s.c.a.ConfigurationClassBeanDefinitionReader - Registered bean definition for imported class 'org.springframework.data.mongodb.config.GeoJsonConfiguration'
2020-03-09 20:45:22.902 [main] DEBUG o.s.c.a.ConfigurationClassBeanDefinitionReader - Registering bean definition for @Bean method org.springframework.data.mongodb.config.GeoJsonConfiguration.geoJsonModule()
2020-03-09 20:45:22.904 [main] DEBUG o.s.c.a.ConfigurationClassBeanDefinitionReader - Registered bean definition for imported class 'org.springframework.boot.autoconfigure.data.web.SpringDataWebAutoConfiguration'
2020-03-09 20:45:22.905 [main] DEBUG o.s.b.f.s.DefaultListableBeanFactory - Returning cached instance of singleton bean 'org.springframework.boot.autoconfigure.condition.BeanTypeRegistry'
2020-03-09 20:45:22.911 [main] DEBUG o.s.b.f.s.DefaultListableBeanFactory - Returning cached instance of singleton bean 'org.springframework.boot.autoconfigure.condition.BeanTypeRegistry'
2020-03-09 20:45:22.911 [main] DEBUG o.s.b.f.s.DefaultListableBeanFactory - Returning cached instance of singleton bean 'autoConfigurationReport'
2020-03-09 20:45:22.911 [main] DEBUG o.s.c.a.ConfigurationClassBeanDefinitionReader - Registering bean definition for @Bean method org.springframework.boot.autoconfigure.data.web.SpringDataWebAutoConfiguration.pageableCustomizer()
2020-03-09 20:45:22.912 [main] DEBUG o.s.b.f.s.DefaultListableBeanFactory - Returning cached instance of singleton bean 'org.springframework.boot.autoconfigure.condition.BeanTypeRegistry'
2020-03-09 20:45:22.912 [main] DEBUG o.s.b.f.s.DefaultListableBeanFactory - Returning cached instance of singleton bean 'org.springframework.boot.autoconfigure.condition.BeanTypeRegistry'
2020-03-09 20:45:22.912 [main] DEBUG o.s.b.f.s.DefaultListableBeanFactory - Returning cached instance of singleton bean 'autoConfigurationReport'
2020-03-09 20:45:22.912 [main] DEBUG o.s.c.a.ConfigurationClassBeanDefinitionReader - Registering bean definition for @Bean method org.springframework.boot.autoconfigure.data.web.SpringDataWebAutoConfiguration.sortCustomizer()
2020-03-09 20:45:22.914 [main] DEBUG o.s.b.f.s.DefaultListableBeanFactory - Returning cached instance of singleton bean 'autoConfigurationReport'
2020-03-09 20:45:22.914 [main] DEBUG o.s.b.f.s.DefaultListableBeanFactory - Returning cached instance of singleton bean 'autoConfigurationReport'
2020-03-09 20:45:22.914 [main] DEBUG o.s.c.a.ConfigurationClassBeanDefinitionReader - Registered bean definition for imported class 'org.springframework.boot.autoconfigure.http.codec.CodecsAutoConfiguration$JacksonCodecConfiguration'
2020-03-09 20:45:22.914 [main] DEBUG o.s.b.f.s.DefaultListableBeanFactory - Returning cached instance of singleton bean 'org.springframework.boot.autoconfigure.condition.BeanTypeRegistry'
2020-03-09 20:45:22.916 [main] DEBUG o.s.b.f.s.DefaultListableBeanFactory - Returning cached instance of singleton bean 'org.springframework.boot.autoconfigure.condition.BeanTypeRegistry'
2020-03-09 20:45:22.917 [main] DEBUG o.s.b.f.s.DefaultListableBeanFactory - Returning cached instance of singleton bean 'autoConfigurationReport'
2020-03-09 20:45:22.917 [main] DEBUG o.s.c.a.ConfigurationClassBeanDefinitionReader - Registering bean definition for @Bean method org.springframework.boot.autoconfigure.http.codec.CodecsAutoConfiguration$JacksonCodecConfiguration.jacksonCodecCustomizer()
2020-03-09 20:45:22.918 [main] DEBUG o.s.c.a.ConfigurationClassBeanDefinitionReader - Registered bean definition for imported class 'org.springframework.boot.autoconfigure.http.codec.CodecsAutoConfiguration'
2020-03-09 20:45:22.919 [main] DEBUG o.s.c.a.ConfigurationClassBeanDefinitionReader - Registered bean definition for imported class 'org.springframework.boot.autoconfigure.info.ProjectInfoAutoConfiguration'
2020-03-09 20:45:22.921 [main] DEBUG o.s.c.e.PropertySourcesPropertyResolver - Could not find key 'spring.info.git.location' in any property source
2020-03-09 20:45:22.922 [main] DEBUG o.s.b.f.s.DefaultListableBeanFactory - Returning cached instance of singleton bean 'autoConfigurationReport'
2020-03-09 20:45:22.922 [main] DEBUG o.s.c.e.PropertySourcesPropertyResolver - Could not find key 'spring.info.build.location:classpath:META-INF/build-info.properties' in any property source
2020-03-09 20:45:22.922 [main] DEBUG o.s.c.e.PropertySourcesPropertyResolver - Could not find key 'spring.info.build.location' in any property source
2020-03-09 20:45:22.923 [main] DEBUG o.s.b.f.s.DefaultListableBeanFactory - Returning cached instance of singleton bean 'autoConfigurationReport'
2020-03-09 20:45:22.924 [main] DEBUG o.s.b.f.s.DefaultListableBeanFactory - Returning cached instance of singleton bean 'autoConfigurationReport'
2020-03-09 20:45:22.924 [main] DEBUG o.s.b.f.s.DefaultListableBeanFactory - Returning cached instance of singleton bean 'org.springframework.boot.autoconfigure.condition.BeanTypeRegistry'
2020-03-09 20:45:22.927 [main] DEBUG o.s.b.f.s.DefaultListableBeanFactory - Returning cached instance of singleton bean 'org.springframework.boot.autoconfigure.condition.BeanTypeRegistry'
2020-03-09 20:45:22.928 [main] DEBUG o.s.b.f.s.DefaultListableBeanFactory - Returning cached instance of singleton bean 'autoConfigurationReport'
2020-03-09 20:45:22.928 [main] DEBUG o.s.c.a.ConfigurationClassBeanDefinitionReader - Registered bean definition for imported class 'org.springframework.boot.autoconfigure.jdbc.JdbcTemplateAutoConfiguration$JdbcTemplateConfiguration'
2020-03-09 20:45:22.929 [main] DEBUG o.s.b.f.s.DefaultListableBeanFactory - Returning cached instance of singleton bean 'org.springframework.boot.autoconfigure.condition.BeanTypeRegistry'
2020-03-09 20:45:22.931 [main] DEBUG o.s.b.f.s.DefaultListableBeanFactory - Returning cached instance of singleton bean 'org.springframework.boot.autoconfigure.condition.BeanTypeRegistry'
2020-03-09 20:45:22.931 [main] DEBUG o.s.b.f.s.DefaultListableBeanFactory - Returning cached instance of singleton bean 'autoConfigurationReport'
2020-03-09 20:45:22.931 [main] DEBUG o.s.c.a.ConfigurationClassBeanDefinitionReader - Registering bean definition for @Bean method org.springframework.boot.autoconfigure.jdbc.JdbcTemplateAutoConfiguration$JdbcTemplateConfiguration.jdbcTemplate()
2020-03-09 20:45:22.931 [main] DEBUG o.s.c.a.ConfigurationClassBeanDefinitionReader - Registered bean definition for imported class 'org.springframework.boot.autoconfigure.jdbc.JdbcTemplateAutoConfiguration$NamedParameterJdbcTemplateConfiguration'
2020-03-09 20:45:22.931 [main] DEBUG o.s.b.f.s.DefaultListableBeanFactory - Returning cached instance of singleton bean 'org.springframework.boot.autoconfigure.condition.BeanTypeRegistry'
2020-03-09 20:45:22.934 [main] DEBUG o.s.b.f.s.DefaultListableBeanFactory - Returning cached instance of singleton bean 'org.springframework.boot.autoconfigure.condition.BeanTypeRegistry'
2020-03-09 20:45:22.937 [main] DEBUG o.s.b.f.s.DefaultListableBeanFactory - Returning cached instance of singleton bean 'org.springframework.boot.autoconfigure.condition.BeanTypeRegistry'
2020-03-09 20:45:22.938 [main] DEBUG o.s.b.f.s.DefaultListableBeanFactory - Returning cached instance of singleton bean 'org.springframework.boot.autoconfigure.condition.BeanTypeRegistry'
2020-03-09 20:45:22.938 [main] DEBUG o.s.b.f.s.DefaultListableBeanFactory - Returning cached instance of singleton bean 'autoConfigurationReport'
2020-03-09 20:45:22.938 [main] DEBUG o.s.b.f.s.DefaultListableBeanFactory - Returning cached instance of singleton bean 'org.springframework.boot.autoconfigure.condition.BeanTypeRegistry'
2020-03-09 20:45:22.939 [main] DEBUG o.s.b.f.s.DefaultListableBeanFactory - Returning cached instance of singleton bean 'org.springframework.boot.autoconfigure.condition.BeanTypeRegistry'
2020-03-09 20:45:22.939 [main] DEBUG o.s.b.f.s.DefaultListableBeanFactory - Returning cached instance of singleton bean 'org.springframework.boot.autoconfigure.condition.BeanTypeRegistry'
2020-03-09 20:45:22.939 [main] DEBUG o.s.b.f.s.DefaultListableBeanFactory - Returning cached instance of singleton bean 'org.springframework.boot.autoconfigure.condition.BeanTypeRegistry'
2020-03-09 20:45:22.939 [main] DEBUG o.s.b.f.s.DefaultListableBeanFactory - Returning cached instance of singleton bean 'autoConfigurationReport'
2020-03-09 20:45:22.939 [main] DEBUG o.s.c.a.ConfigurationClassBeanDefinitionReader - Registering bean definition for @Bean method org.springframework.boot.autoconfigure.jdbc.JdbcTemplateAutoConfiguration$NamedParameterJdbcTemplateConfiguration.namedParameterJdbcTemplate()
2020-03-09 20:45:22.940 [main] DEBUG o.s.c.a.ConfigurationClassBeanDefinitionReader - Registered bean definition for imported class 'org.springframework.boot.autoconfigure.jdbc.JdbcTemplateAutoConfiguration'
2020-03-09 20:45:22.942 [main] DEBUG o.s.c.a.ConfigurationClassBeanDefinitionReader - Registered bean definition for imported class 'org.springframework.boot.autoconfigure.security.reactive.ReactiveSecurityAutoConfiguration'
2020-03-09 20:45:22.942 [main] DEBUG o.s.b.f.s.DefaultListableBeanFactory - Returning cached instance of singleton bean 'autoConfigurationReport'
2020-03-09 20:45:22.942 [main] DEBUG o.s.b.f.s.DefaultListableBeanFactory - Returning cached instance of singleton bean 'org.springframework.boot.autoconfigure.condition.BeanTypeRegistry'
2020-03-09 20:45:22.948 [main] DEBUG o.s.b.f.s.DefaultListableBeanFactory - Returning cached instance of singleton bean 'org.springframework.boot.autoconfigure.condition.BeanTypeRegistry'
2020-03-09 20:45:22.948 [main] DEBUG o.s.b.f.s.DefaultListableBeanFactory - Returning cached instance of singleton bean 'autoConfigurationReport'
2020-03-09 20:45:22.948 [main] DEBUG o.s.c.a.ConfigurationClassBeanDefinitionReader - Registered bean definition for imported class 'org.springframework.boot.autoconfigure.jdbc.DataSourceTransactionManagerAutoConfiguration$DataSourceTransactionManagerConfiguration'
2020-03-09 20:45:22.949 [main] DEBUG o.s.b.f.s.DefaultListableBeanFactory - Returning cached instance of singleton bean 'org.springframework.boot.autoconfigure.condition.BeanTypeRegistry'
2020-03-09 20:45:22.950 [main] DEBUG o.s.b.f.s.DefaultListableBeanFactory - Returning cached instance of singleton bean 'org.springframework.boot.autoconfigure.condition.BeanTypeRegistry'
2020-03-09 20:45:22.950 [main] DEBUG o.s.b.f.s.DefaultListableBeanFactory - Returning cached instance of singleton bean 'autoConfigurationReport'
2020-03-09 20:45:22.951 [main] DEBUG o.s.c.a.ConfigurationClassBeanDefinitionReader - Registered bean definition for imported class 'org.springframework.boot.autoconfigure.jdbc.DataSourceTransactionManagerAutoConfiguration'
2020-03-09 20:45:22.952 [main] DEBUG o.s.b.f.s.DefaultListableBeanFactory - Returning cached instance of singleton bean 'autoConfigurationReport'
2020-03-09 20:45:22.953 [main] DEBUG o.s.b.f.s.DefaultListableBeanFactory - Returning cached instance of singleton bean 'org.springframework.boot.autoconfigure.condition.BeanTypeRegistry'
2020-03-09 20:45:22.954 [main] DEBUG o.s.b.f.s.DefaultListableBeanFactory - Returning cached instance of singleton bean 'org.springframework.boot.autoconfigure.condition.BeanTypeRegistry'
2020-03-09 20:45:22.954 [main] DEBUG o.s.b.f.s.DefaultListableBeanFactory - Returning cached instance of singleton bean 'org.springframework.boot.autoconfigure.condition.BeanTypeRegistry'
2020-03-09 20:45:22.954 [main] DEBUG o.s.b.f.s.DefaultListableBeanFactory - Returning cached instance of singleton bean 'org.springframework.boot.autoconfigure.condition.BeanTypeRegistry'
2020-03-09 20:45:22.955 [main] DEBUG o.s.b.f.s.DefaultListableBeanFactory - Returning cached instance of singleton bean 'autoConfigurationReport'
2020-03-09 20:45:22.955 [main] DEBUG o.s.b.f.s.DefaultListableBeanFactory - Returning cached instance of singleton bean 'org.springframework.boot.autoconfigure.condition.BeanTypeRegistry'
2020-03-09 20:45:22.955 [main] DEBUG o.s.b.f.s.DefaultListableBeanFactory - Returning cached instance of singleton bean 'org.springframework.boot.autoconfigure.condition.BeanTypeRegistry'
2020-03-09 20:45:22.955 [main] DEBUG o.s.b.f.s.DefaultListableBeanFactory - Returning cached instance of singleton bean 'org.springframework.boot.autoconfigure.condition.BeanTypeRegistry'
2020-03-09 20:45:22.955 [main] DEBUG o.s.b.f.s.DefaultListableBeanFactory - Returning cached instance of singleton bean 'org.springframework.boot.autoconfigure.condition.BeanTypeRegistry'
2020-03-09 20:45:22.955 [main] DEBUG o.s.b.f.s.DefaultListableBeanFactory - Returning cached instance of singleton bean 'autoConfigurationReport'
2020-03-09 20:45:22.956 [main] DEBUG o.s.b.f.s.DefaultListableBeanFactory - Returning cached instance of singleton bean 'autoConfigurationReport'
2020-03-09 20:45:22.956 [main] DEBUG o.s.c.a.ConfigurationClassBeanDefinitionReader - Registered bean definition for imported class 'org.springframework.transaction.annotation.ProxyTransactionManagementConfiguration'
2020-03-09 20:45:22.956 [main] DEBUG o.s.c.a.ConfigurationClassBeanDefinitionReader - Registering bean definition for @Bean method org.springframework.transaction.annotation.ProxyTransactionManagementConfiguration.org.springframework.transaction.config.internalTransactionAdvisor()
2020-03-09 20:45:22.956 [main] DEBUG o.s.c.a.ConfigurationClassBeanDefinitionReader - Registering bean definition for @Bean method org.springframework.transaction.annotation.ProxyTransactionManagementConfiguration.transactionAttributeSource()
2020-03-09 20:45:22.956 [main] DEBUG o.s.c.a.ConfigurationClassBeanDefinitionReader - Registering bean definition for @Bean method org.springframework.transaction.annotation.ProxyTransactionManagementConfiguration.transactionInterceptor()
2020-03-09 20:45:22.956 [main] DEBUG o.s.c.a.ConfigurationClassBeanDefinitionReader - Registering bean definition for @Bean method org.springframework.transaction.annotation.ProxyTransactionManagementConfiguration.org.springframework.transaction.config.internalTransactionalEventListenerFactory()
2020-03-09 20:45:22.956 [main] DEBUG o.s.c.a.ConfigurationClassBeanDefinitionReader - Registered bean definition for imported class 'org.springframework.boot.autoconfigure.transaction.TransactionAutoConfiguration$EnableTransactionManagementConfiguration$CglibAutoProxyConfiguration'
2020-03-09 20:45:22.957 [main] DEBUG o.s.c.a.ConfigurationClassBeanDefinitionReader - Registered bean definition for imported class 'org.springframework.boot.autoconfigure.transaction.TransactionAutoConfiguration$EnableTransactionManagementConfiguration'
2020-03-09 20:45:22.957 [main] DEBUG o.s.b.f.s.DefaultListableBeanFactory - Returning cached instance of singleton bean 'org.springframework.boot.autoconfigure.condition.BeanTypeRegistry'
2020-03-09 20:45:22.968 [main] DEBUG o.s.b.f.s.DefaultListableBeanFactory - Returning cached instance of singleton bean 'org.springframework.boot.autoconfigure.condition.BeanTypeRegistry'
2020-03-09 20:45:22.969 [main] DEBUG o.s.b.f.s.DefaultListableBeanFactory - Returning cached instance of singleton bean 'autoConfigurationReport'
2020-03-09 20:45:22.969 [main] DEBUG o.s.c.a.ConfigurationClassBeanDefinitionReader - Registered bean definition for imported class 'org.springframework.boot.autoconfigure.transaction.TransactionAutoConfiguration$TransactionTemplateConfiguration'
2020-03-09 20:45:22.971 [main] DEBUG o.s.b.f.s.DefaultListableBeanFactory - Returning cached instance of singleton bean 'org.springframework.boot.autoconfigure.condition.BeanTypeRegistry'
2020-03-09 20:45:22.971 [main] DEBUG o.s.b.f.s.DefaultListableBeanFactory - Returning cached instance of singleton bean 'org.springframework.boot.autoconfigure.condition.BeanTypeRegistry'
2020-03-09 20:45:22.972 [main] DEBUG o.s.b.f.s.DefaultListableBeanFactory - Returning cached instance of singleton bean 'autoConfigurationReport'
2020-03-09 20:45:22.972 [main] DEBUG o.s.c.a.ConfigurationClassBeanDefinitionReader - Registering bean definition for @Bean method org.springframework.boot.autoconfigure.transaction.TransactionAutoConfiguration$TransactionTemplateConfiguration.transactionTemplate()
2020-03-09 20:45:22.973 [main] DEBUG o.s.c.a.ConfigurationClassBeanDefinitionReader - Registered bean definition for imported class 'org.springframework.boot.autoconfigure.transaction.TransactionAutoConfiguration'
2020-03-09 20:45:22.974 [main] DEBUG o.s.b.f.s.DefaultListableBeanFactory - Returning cached instance of singleton bean 'org.springframework.boot.autoconfigure.condition.BeanTypeRegistry'
2020-03-09 20:45:22.975 [main] DEBUG o.s.b.f.s.DefaultListableBeanFactory - Returning cached instance of singleton bean 'org.springframework.boot.autoconfigure.condition.BeanTypeRegistry'
2020-03-09 20:45:22.976 [main] DEBUG o.s.b.f.s.DefaultListableBeanFactory - Returning cached instance of singleton bean 'autoConfigurationReport'
2020-03-09 20:45:22.976 [main] DEBUG o.s.c.a.ConfigurationClassBeanDefinitionReader - Registering bean definition for @Bean method org.springframework.boot.autoconfigure.transaction.TransactionAutoConfiguration.platformTransactionManagerCustomizers()
2020-03-09 20:45:22.976 [main] DEBUG o.s.b.f.s.DefaultListableBeanFactory - Returning cached instance of singleton bean 'autoConfigurationReport'
2020-03-09 20:45:22.976 [main] DEBUG o.s.c.a.ConfigurationClassBeanDefinitionReader - Registered bean definition for imported class 'org.springframework.boot.autoconfigure.web.client.RestTemplateAutoConfiguration'
2020-03-09 20:45:22.978 [main] DEBUG o.s.b.f.s.DefaultListableBeanFactory - Returning cached instance of singleton bean 'org.springframework.boot.autoconfigure.condition.BeanTypeRegistry'
2020-03-09 20:45:22.979 [main] DEBUG o.s.b.f.s.DefaultListableBeanFactory - Returning cached instance of singleton bean 'org.springframework.boot.autoconfigure.condition.BeanTypeRegistry'
2020-03-09 20:45:22.979 [main] DEBUG o.s.b.f.s.DefaultListableBeanFactory - Returning cached instance of singleton bean 'autoConfigurationReport'
2020-03-09 20:45:22.979 [main] DEBUG o.s.c.a.ConfigurationClassBeanDefinitionReader - Registering bean definition for @Bean method org.springframework.boot.autoconfigure.web.client.RestTemplateAutoConfiguration.restTemplateBuilder()
2020-03-09 20:45:22.979 [main] DEBUG o.s.b.f.s.DefaultListableBeanFactory - Returning cached instance of singleton bean 'autoConfigurationReport'
2020-03-09 20:45:22.979 [main] DEBUG o.s.c.a.ConfigurationClassBeanDefinitionReader - Registered bean definition for imported class 'org.springframework.boot.autoconfigure.web.embedded.EmbeddedWebServerFactoryCustomizerAutoConfiguration$TomcatWebServerFactoryCustomizerConfiguration'
2020-03-09 20:45:22.979 [main] DEBUG o.s.c.a.ConfigurationClassBeanDefinitionReader - Registering bean definition for @Bean method org.springframework.boot.autoconfigure.web.embedded.EmbeddedWebServerFactoryCustomizerAutoConfiguration$TomcatWebServerFactoryCustomizerConfiguration.tomcatWebServerFactoryCustomizer()
2020-03-09 20:45:22.979 [main] DEBUG o.s.c.a.ConfigurationClassBeanDefinitionReader - Registered bean definition for imported class 'org.springframework.boot.autoconfigure.web.embedded.EmbeddedWebServerFactoryCustomizerAutoConfiguration'
2020-03-09 20:45:22.980 [main] DEBUG o.s.b.f.s.DefaultListableBeanFactory - Returning cached instance of singleton bean 'autoConfigurationReport'
2020-03-09 20:45:22.980 [main] DEBUG o.s.b.f.s.DefaultListableBeanFactory - Returning cached instance of singleton bean 'autoConfigurationReport'
2020-03-09 20:45:22.980 [main] DEBUG o.s.b.f.s.DefaultListableBeanFactory - Returning cached instance of singleton bean 'autoConfigurationReport'
2020-03-09 20:45:22.980 [main] DEBUG o.s.c.a.ConfigurationClassBeanDefinitionReader - Registered bean definition for imported class 'org.springframework.boot.autoconfigure.web.servlet.HttpEncodingAutoConfiguration'
2020-03-09 20:45:22.980 [main] DEBUG o.s.b.f.s.DefaultListableBeanFactory - Returning cached instance of singleton bean 'org.springframework.boot.autoconfigure.condition.BeanTypeRegistry'
2020-03-09 20:45:22.985 [main] DEBUG o.s.b.f.s.DefaultListableBeanFactory - Returning cached instance of singleton bean 'org.springframework.boot.autoconfigure.condition.BeanTypeRegistry'
2020-03-09 20:45:22.986 [main] DEBUG o.s.b.f.s.DefaultListableBeanFactory - Returning cached instance of singleton bean 'autoConfigurationReport'
2020-03-09 20:45:22.986 [main] DEBUG o.s.c.a.ConfigurationClassBeanDefinitionReader - Registering bean definition for @Bean method org.springframework.boot.autoconfigure.web.servlet.HttpEncodingAutoConfiguration.characterEncodingFilter()
2020-03-09 20:45:22.986 [main] DEBUG o.s.c.a.ConfigurationClassBeanDefinitionReader - Registering bean definition for @Bean method org.springframework.boot.autoconfigure.web.servlet.HttpEncodingAutoConfiguration.localeCharsetMappingsCustomizer()
2020-03-09 20:45:22.986 [main] DEBUG o.s.b.f.s.DefaultListableBeanFactory - Returning cached instance of singleton bean 'autoConfigurationReport'
2020-03-09 20:45:22.987 [main] DEBUG o.s.b.f.s.DefaultListableBeanFactory - Returning cached instance of singleton bean 'autoConfigurationReport'
2020-03-09 20:45:22.987 [main] DEBUG o.s.b.f.s.DefaultListableBeanFactory - Returning cached instance of singleton bean 'autoConfigurationReport'
2020-03-09 20:45:22.988 [main] DEBUG o.s.c.a.ConfigurationClassBeanDefinitionReader - Registered bean definition for imported class 'org.springframework.boot.autoconfigure.web.servlet.MultipartAutoConfiguration'
2020-03-09 20:45:22.988 [main] DEBUG o.s.b.f.s.DefaultListableBeanFactory - Returning cached instance of singleton bean 'org.springframework.boot.autoconfigure.condition.BeanTypeRegistry'
2020-03-09 20:45:22.993 [main] DEBUG o.s.b.f.s.DefaultListableBeanFactory - Returning cached instance of singleton bean 'org.springframework.boot.autoconfigure.condition.BeanTypeRegistry'
2020-03-09 20:45:22.993 [main] DEBUG o.s.b.f.s.DefaultListableBeanFactory - Returning cached instance of singleton bean 'autoConfigurationReport'
2020-03-09 20:45:22.993 [main] DEBUG o.s.c.a.ConfigurationClassBeanDefinitionReader - Registering bean definition for @Bean method org.springframework.boot.autoconfigure.web.servlet.MultipartAutoConfiguration.multipartConfigElement()
2020-03-09 20:45:22.994 [main] DEBUG o.s.b.f.s.DefaultListableBeanFactory - Returning cached instance of singleton bean 'org.springframework.boot.autoconfigure.condition.BeanTypeRegistry'
2020-03-09 20:45:22.994 [main] DEBUG o.s.b.f.s.DefaultListableBeanFactory - Returning cached instance of singleton bean 'org.springframework.boot.autoconfigure.condition.BeanTypeRegistry'
2020-03-09 20:45:22.995 [main] DEBUG o.s.b.f.s.DefaultListableBeanFactory - Returning cached instance of singleton bean 'autoConfigurationReport'
2020-03-09 20:45:22.995 [main] DEBUG o.s.c.a.ConfigurationClassBeanDefinitionReader - Registering bean definition for @Bean method org.springframework.boot.autoconfigure.web.servlet.MultipartAutoConfiguration.multipartResolver()
2020-03-09 20:45:22.995 [main] DEBUG o.s.b.f.s.DefaultListableBeanFactory - Returning cached instance of singleton bean 'org.springframework.boot.autoconfigure.condition.BeanTypeRegistry'
2020-03-09 20:45:22.996 [main] DEBUG o.s.b.f.s.DefaultListableBeanFactory - Returning cached instance of singleton bean 'org.springframework.boot.autoconfigure.condition.BeanTypeRegistry'
2020-03-09 20:45:22.996 [main] DEBUG o.s.b.f.s.DefaultListableBeanFactory - Returning cached instance of singleton bean 'autoConfigurationReport'
2020-03-09 20:45:22.997 [main] DEBUG o.s.c.a.ConfigurationClassBeanDefinitionReader - Registered bean definition for imported class 'org.springframework.cloud.autoconfigure.ConfigurationPropertiesRebinderAutoConfiguration'
2020-03-09 20:45:22.997 [main] DEBUG o.s.b.f.s.DefaultListableBeanFactory - Returning cached instance of singleton bean 'org.springframework.boot.autoconfigure.condition.BeanTypeRegistry'
2020-03-09 20:45:22.998 [main] DEBUG o.s.b.f.s.DefaultListableBeanFactory - Returning cached instance of singleton bean 'autoConfigurationReport'
2020-03-09 20:45:22.998 [main] DEBUG o.s.c.a.ConfigurationClassBeanDefinitionReader - Registering bean definition for @Bean method org.springframework.cloud.autoconfigure.ConfigurationPropertiesRebinderAutoConfiguration.configurationPropertiesBeans()
2020-03-09 20:45:22.999 [main] DEBUG o.s.b.f.s.DefaultListableBeanFactory - Returning cached instance of singleton bean 'org.springframework.boot.autoconfigure.condition.BeanTypeRegistry'
2020-03-09 20:45:22.999 [main] DEBUG o.s.b.f.s.DefaultListableBeanFactory - Returning cached instance of singleton bean 'autoConfigurationReport'
2020-03-09 20:45:23.000 [main] DEBUG o.s.c.a.ConfigurationClassBeanDefinitionReader - Registering bean definition for @Bean method org.springframework.cloud.autoconfigure.ConfigurationPropertiesRebinderAutoConfiguration.configurationPropertiesRebinder()
2020-03-09 20:45:23.000 [main] DEBUG o.s.c.a.ConfigurationClassBeanDefinitionReader - Registered bean definition for imported class 'org.springframework.cloud.autoconfigure.LifecycleMvcEndpointAutoConfiguration'
2020-03-09 20:45:23.003 [main] DEBUG o.s.b.f.s.DefaultListableBeanFactory - Returning cached instance of singleton bean 'org.springframework.boot.autoconfigure.condition.BeanTypeRegistry'
2020-03-09 20:45:23.005 [main] DEBUG o.s.b.f.s.DefaultListableBeanFactory - Returning cached instance of singleton bean 'org.springframework.boot.autoconfigure.condition.BeanTypeRegistry'
2020-03-09 20:45:23.005 [main] DEBUG o.s.b.f.s.DefaultListableBeanFactory - Returning cached instance of singleton bean 'autoConfigurationReport'
2020-03-09 20:45:23.005 [main] DEBUG o.s.c.a.ConfigurationClassBeanDefinitionReader - Registering bean definition for @Bean method org.springframework.cloud.autoconfigure.LifecycleMvcEndpointAutoConfiguration.environmentManager()
2020-03-09 20:45:23.005 [main] DEBUG o.s.b.f.s.DefaultListableBeanFactory - Returning cached instance of singleton bean 'autoConfigurationReport'
2020-03-09 20:45:23.006 [main] DEBUG o.s.b.f.s.DefaultListableBeanFactory - Returning cached instance of singleton bean 'autoConfigurationReport'
2020-03-09 20:45:23.006 [main] DEBUG o.s.b.f.s.DefaultListableBeanFactory - Returning cached instance of singleton bean 'autoConfigurationReport'
2020-03-09 20:45:23.006 [main] DEBUG o.s.c.a.ConfigurationClassBeanDefinitionReader - Registered bean definition for imported class 'org.springframework.cloud.netflix.eureka.EurekaDiscoveryClientConfiguration$EurekaClientConfigurationRefresher'
2020-03-09 20:45:23.006 [main] DEBUG o.s.c.a.ConfigurationClassBeanDefinitionReader - Registered bean definition for imported class 'org.springframework.cloud.netflix.eureka.EurekaDiscoveryClientConfiguration'
2020-03-09 20:45:23.006 [main] DEBUG o.s.c.a.ConfigurationClassBeanDefinitionReader - Registering bean definition for @Bean method org.springframework.cloud.netflix.eureka.EurekaDiscoveryClientConfiguration.eurekaDiscoverClientMarker()
2020-03-09 20:45:23.007 [main] DEBUG o.s.b.f.s.DefaultListableBeanFactory - Returning cached instance of singleton bean 'autoConfigurationReport'
2020-03-09 20:45:23.007 [main] DEBUG o.s.b.f.s.DefaultListableBeanFactory - Returning cached instance of singleton bean 'autoConfigurationReport'
2020-03-09 20:45:23.009 [main] DEBUG o.s.c.a.ConfigurationClassBeanDefinitionReader - Registered bean definition for imported class 'org.springframework.cloud.client.serviceregistry.AutoServiceRegistrationConfiguration'
2020-03-09 20:45:23.010 [main] DEBUG o.s.c.a.ConfigurationClassBeanDefinitionReader - Registered bean definition for imported class 'org.springframework.cloud.client.serviceregistry.AutoServiceRegistrationAutoConfiguration'
2020-03-09 20:45:23.010 [main] DEBUG o.s.b.f.s.DefaultListableBeanFactory - Returning cached instance of singleton bean 'autoConfigurationReport'
2020-03-09 20:45:23.010 [main] DEBUG o.s.b.f.s.DefaultListableBeanFactory - Returning cached instance of singleton bean 'autoConfigurationReport'
2020-03-09 20:45:23.011 [main] DEBUG o.s.b.f.s.DefaultListableBeanFactory - Returning cached instance of singleton bean 'org.springframework.boot.autoconfigure.condition.BeanTypeRegistry'
2020-03-09 20:45:23.013 [main] DEBUG o.s.b.f.s.DefaultListableBeanFactory - Returning cached instance of singleton bean 'org.springframework.boot.autoconfigure.condition.BeanTypeRegistry'
2020-03-09 20:45:23.014 [main] DEBUG o.s.b.f.s.DefaultListableBeanFactory - Returning cached instance of singleton bean 'autoConfigurationReport'
2020-03-09 20:45:23.014 [main] DEBUG o.s.b.f.s.DefaultListableBeanFactory - Returning cached instance of singleton bean 'autoConfigurationReport'
2020-03-09 20:45:23.015 [main] DEBUG o.s.b.f.s.DefaultListableBeanFactory - Returning cached instance of singleton bean 'org.springframework.boot.autoconfigure.condition.BeanTypeRegistry'
2020-03-09 20:45:23.015 [main] DEBUG o.s.b.f.s.DefaultListableBeanFactory - Returning cached instance of singleton bean 'org.springframework.boot.autoconfigure.condition.BeanTypeRegistry'
2020-03-09 20:45:23.015 [main] DEBUG o.s.b.f.s.DefaultListableBeanFactory - Returning cached instance of singleton bean 'autoConfigurationReport'
2020-03-09 20:45:23.016 [main] DEBUG o.s.c.a.ConfigurationClassBeanDefinitionReader - Registered bean definition for imported class 'org.springframework.cloud.netflix.eureka.EurekaClientAutoConfiguration$RefreshableEurekaClientConfiguration'
2020-03-09 20:45:23.017 [main] DEBUG o.s.b.f.s.DefaultListableBeanFactory - Returning cached instance of singleton bean 'org.springframework.boot.autoconfigure.condition.BeanTypeRegistry'
2020-03-09 20:45:23.019 [main] DEBUG o.s.b.f.s.DefaultListableBeanFactory - Returning cached instance of singleton bean 'autoConfigurationReport'
2020-03-09 20:45:23.021 [main] DEBUG o.s.c.a.ConfigurationClassBeanDefinitionReader - Registering bean definition for @Bean method org.springframework.cloud.netflix.eureka.EurekaClientAutoConfiguration$RefreshableEurekaClientConfiguration.eurekaClient()
2020-03-09 20:45:23.022 [main] DEBUG o.s.b.f.s.DefaultListableBeanFactory - Returning cached instance of singleton bean 'org.springframework.boot.autoconfigure.condition.BeanTypeRegistry'
2020-03-09 20:45:23.025 [main] DEBUG o.s.b.f.s.DefaultListableBeanFactory - Returning cached instance of singleton bean 'autoConfigurationReport'
2020-03-09 20:45:23.025 [main] DEBUG o.s.c.a.ConfigurationClassBeanDefinitionReader - Registering bean definition for @Bean method org.springframework.cloud.netflix.eureka.EurekaClientAutoConfiguration$RefreshableEurekaClientConfiguration.eurekaApplicationInfoManager()
2020-03-09 20:45:23.026 [main] DEBUG o.s.b.f.s.DefaultListableBeanFactory - Returning cached instance of singleton bean 'autoConfigurationReport'
2020-03-09 20:45:23.026 [main] DEBUG o.s.b.f.s.DefaultListableBeanFactory - Returning cached instance of singleton bean 'org.springframework.boot.autoconfigure.condition.BeanTypeRegistry'
2020-03-09 20:45:23.026 [main] DEBUG o.s.b.f.s.DefaultListableBeanFactory - Returning cached instance of singleton bean 'org.springframework.boot.autoconfigure.condition.BeanTypeRegistry'
2020-03-09 20:45:23.026 [main] DEBUG o.s.b.f.s.DefaultListableBeanFactory - Returning cached instance of singleton bean 'autoConfigurationReport'
2020-03-09 20:45:23.027 [main] DEBUG o.s.c.a.ConfigurationClassBeanDefinitionReader - Registering bean definition for @Bean method org.springframework.cloud.netflix.eureka.EurekaClientAutoConfiguration$RefreshableEurekaClientConfiguration.eurekaRegistration()
2020-03-09 20:45:23.029 [main] DEBUG o.s.b.f.s.DefaultListableBeanFactory - Returning cached instance of singleton bean 'org.springframework.boot.autoconfigure.condition.BeanTypeRegistry'
2020-03-09 20:45:23.029 [main] DEBUG o.s.b.f.s.DefaultListableBeanFactory - Returning cached instance of singleton bean 'org.springframework.boot.autoconfigure.condition.BeanTypeRegistry'
2020-03-09 20:45:23.030 [main] DEBUG o.s.b.f.s.DefaultListableBeanFactory - Returning cached instance of singleton bean 'autoConfigurationReport'
2020-03-09 20:45:23.030 [main] DEBUG o.s.c.a.ConfigurationClassBeanDefinitionReader - Registered bean definition for imported class 'org.springframework.cloud.netflix.eureka.config.DiscoveryClientOptionalArgsConfiguration'
2020-03-09 20:45:23.033 [main] DEBUG o.s.b.f.s.DefaultListableBeanFactory - Returning cached instance of singleton bean 'autoConfigurationReport'
2020-03-09 20:45:23.034 [main] DEBUG o.s.b.f.s.DefaultListableBeanFactory - Returning cached instance of singleton bean 'autoConfigurationReport'
2020-03-09 20:45:23.035 [main] DEBUG o.s.b.f.s.DefaultListableBeanFactory - Returning cached instance of singleton bean 'org.springframework.boot.autoconfigure.condition.BeanTypeRegistry'
2020-03-09 20:45:23.036 [main] DEBUG o.s.b.f.s.DefaultListableBeanFactory - Returning cached instance of singleton bean 'autoConfigurationReport'
2020-03-09 20:45:23.037 [main] DEBUG o.s.c.a.ConfigurationClassBeanDefinitionReader - Registering bean definition for @Bean method org.springframework.cloud.netflix.eureka.config.DiscoveryClientOptionalArgsConfiguration.discoveryClientOptionalArgs()
2020-03-09 20:45:23.038 [main] DEBUG o.s.c.a.ConfigurationClassBeanDefinitionReader - Registered bean definition for imported class 'org.springframework.cloud.netflix.eureka.EurekaClientAutoConfiguration'
2020-03-09 20:45:23.039 [main] DEBUG o.s.c.a.ConfigurationClassBeanDefinitionReader - Registering bean definition for @Bean method org.springframework.cloud.netflix.eureka.EurekaClientAutoConfiguration.eurekaFeature()
2020-03-09 20:45:23.039 [main] DEBUG o.s.b.f.s.DefaultListableBeanFactory - Returning cached instance of singleton bean 'org.springframework.boot.autoconfigure.condition.BeanTypeRegistry'
2020-03-09 20:45:23.049 [main] DEBUG o.s.b.f.s.DefaultListableBeanFactory - Returning cached instance of singleton bean 'autoConfigurationReport'
2020-03-09 20:45:23.049 [main] DEBUG o.s.c.a.ConfigurationClassBeanDefinitionReader - Registering bean definition for @Bean method org.springframework.cloud.netflix.eureka.EurekaClientAutoConfiguration.eurekaClientConfigBean()
2020-03-09 20:45:23.049 [main] DEBUG o.s.b.f.s.DefaultListableBeanFactory - Returning cached instance of singleton bean 'org.springframework.boot.autoconfigure.condition.BeanTypeRegistry'
2020-03-09 20:45:23.049 [main] DEBUG o.s.b.f.s.DefaultListableBeanFactory - Returning cached instance of singleton bean 'org.springframework.boot.autoconfigure.condition.BeanTypeRegistry'
2020-03-09 20:45:23.049 [main] DEBUG o.s.b.f.s.DefaultListableBeanFactory - Returning cached instance of singleton bean 'autoConfigurationReport'
2020-03-09 20:45:23.050 [main] DEBUG o.s.c.a.ConfigurationClassBeanDefinitionReader - Registering bean definition for @Bean method org.springframework.cloud.netflix.eureka.EurekaClientAutoConfiguration.serviceManagementMetadataProvider()
2020-03-09 20:45:23.050 [main] DEBUG o.s.b.f.s.DefaultListableBeanFactory - Returning cached instance of singleton bean 'org.springframework.boot.autoconfigure.condition.BeanTypeRegistry'
2020-03-09 20:45:23.052 [main] DEBUG o.s.b.f.s.DefaultListableBeanFactory - Returning cached instance of singleton bean 'autoConfigurationReport'
2020-03-09 20:45:23.052 [main] DEBUG o.s.c.a.ConfigurationClassBeanDefinitionReader - Registering bean definition for @Bean method org.springframework.cloud.netflix.eureka.EurekaClientAutoConfiguration.eurekaInstanceConfigBean()
2020-03-09 20:45:23.052 [main] DEBUG o.s.c.a.ConfigurationClassBeanDefinitionReader - Registering bean definition for @Bean method org.springframework.cloud.netflix.eureka.EurekaClientAutoConfiguration.discoveryClient()
2020-03-09 20:45:23.052 [main] DEBUG o.s.c.a.ConfigurationClassBeanDefinitionReader - Registering bean definition for @Bean method org.springframework.cloud.netflix.eureka.EurekaClientAutoConfiguration.eurekaServiceRegistry()
2020-03-09 20:45:23.053 [main] DEBUG o.s.b.f.s.DefaultListableBeanFactory - Returning cached instance of singleton bean 'autoConfigurationReport'
2020-03-09 20:45:23.053 [main] DEBUG o.s.b.f.s.DefaultListableBeanFactory - Returning cached instance of singleton bean 'org.springframework.boot.autoconfigure.condition.BeanTypeRegistry'
2020-03-09 20:45:23.054 [main] DEBUG o.s.b.f.s.DefaultListableBeanFactory - Returning cached instance of singleton bean 'org.springframework.boot.autoconfigure.condition.BeanTypeRegistry'
2020-03-09 20:45:23.054 [main] DEBUG o.s.b.f.s.DefaultListableBeanFactory - Returning cached instance of singleton bean 'autoConfigurationReport'
2020-03-09 20:45:23.054 [main] DEBUG o.s.c.a.ConfigurationClassBeanDefinitionReader - Registering bean definition for @Bean method org.springframework.cloud.netflix.eureka.EurekaClientAutoConfiguration.eurekaAutoServiceRegistration()
2020-03-09 20:45:23.054 [main] DEBUG o.s.c.a.ConfigurationClassBeanDefinitionReader - Registered bean definition for imported class 'org.springframework.cloud.client.CommonsClientAutoConfiguration'
2020-03-09 20:45:23.055 [main] DEBUG o.s.c.a.ConfigurationClassBeanDefinitionReader - Registered bean definition for imported class 'org.springframework.cloud.client.discovery.composite.CompositeDiscoveryClientAutoConfiguration'
2020-03-09 20:45:23.056 [main] DEBUG o.s.c.a.ConfigurationClassBeanDefinitionReader - Registering bean definition for @Bean method org.springframework.cloud.client.discovery.composite.CompositeDiscoveryClientAutoConfiguration.compositeDiscoveryClient()
2020-03-09 20:45:23.056 [main] DEBUG o.s.c.a.ConfigurationClassBeanDefinitionReader - Registered bean definition for imported class 'org.springframework.cloud.client.discovery.simple.SimpleDiscoveryClientAutoConfiguration'
2020-03-09 20:45:23.056 [main] DEBUG o.s.c.a.ConfigurationClassBeanDefinitionReader - Registering bean definition for @Bean method org.springframework.cloud.client.discovery.simple.SimpleDiscoveryClientAutoConfiguration.simpleDiscoveryProperties()
2020-03-09 20:45:23.056 [main] DEBUG o.s.c.a.ConfigurationClassBeanDefinitionReader - Registering bean definition for @Bean method org.springframework.cloud.client.discovery.simple.SimpleDiscoveryClientAutoConfiguration.simpleDiscoveryClient()
2020-03-09 20:45:23.056 [main] DEBUG o.s.b.f.s.DefaultListableBeanFactory - Returning cached instance of singleton bean 'org.springframework.boot.autoconfigure.condition.BeanTypeRegistry'
2020-03-09 20:45:23.061 [main] DEBUG o.s.b.f.s.DefaultListableBeanFactory - Returning cached instance of singleton bean 'org.springframework.boot.autoconfigure.condition.BeanTypeRegistry'
2020-03-09 20:45:23.061 [main] DEBUG o.s.b.f.s.DefaultListableBeanFactory - Returning cached instance of singleton bean 'autoConfigurationReport'
2020-03-09 20:45:23.061 [main] DEBUG o.s.b.f.s.DefaultListableBeanFactory - Returning cached instance of singleton bean 'org.springframework.boot.autoconfigure.condition.BeanTypeRegistry'
2020-03-09 20:45:23.062 [main] DEBUG o.s.b.f.s.DefaultListableBeanFactory - Returning cached instance of singleton bean 'org.springframework.boot.autoconfigure.condition.BeanTypeRegistry'
2020-03-09 20:45:23.062 [main] DEBUG o.s.b.f.s.DefaultListableBeanFactory - Returning cached instance of singleton bean 'autoConfigurationReport'
2020-03-09 20:45:23.062 [main] DEBUG o.s.b.f.s.DefaultListableBeanFactory - Returning cached instance of singleton bean 'autoConfigurationReport'
2020-03-09 20:45:23.062 [main] DEBUG o.s.b.f.s.DefaultListableBeanFactory - Returning cached instance of singleton bean 'autoConfigurationReport'
2020-03-09 20:45:23.064 [main] DEBUG o.s.b.f.s.DefaultListableBeanFactory - Returning cached instance of singleton bean 'autoConfigurationReport'
2020-03-09 20:45:23.072 [main] DEBUG o.s.c.a.ConfigurationClassBeanDefinitionReader - Registered bean definition for imported class 'org.springframework.cloud.netflix.ribbon.RibbonAutoConfiguration'
2020-03-09 20:45:23.073 [main] DEBUG o.s.c.a.ConfigurationClassBeanDefinitionReader - Registering bean definition for @Bean method org.springframework.cloud.netflix.ribbon.RibbonAutoConfiguration.ribbonFeature()
2020-03-09 20:45:23.073 [main] DEBUG o.s.c.a.ConfigurationClassBeanDefinitionReader - Registering bean definition for @Bean method org.springframework.cloud.netflix.ribbon.RibbonAutoConfiguration.springClientFactory()
2020-03-09 20:45:23.075 [main] DEBUG o.s.b.f.s.DefaultListableBeanFactory - Returning cached instance of singleton bean 'org.springframework.boot.autoconfigure.condition.BeanTypeRegistry'
2020-03-09 20:45:23.080 [main] DEBUG o.s.b.f.s.DefaultListableBeanFactory - Returning cached instance of singleton bean 'org.springframework.boot.autoconfigure.condition.BeanTypeRegistry'
2020-03-09 20:45:23.080 [main] DEBUG o.s.b.f.s.DefaultListableBeanFactory - Returning cached instance of singleton bean 'autoConfigurationReport'
2020-03-09 20:45:23.080 [main] DEBUG o.s.c.a.ConfigurationClassBeanDefinitionReader - Registering bean definition for @Bean method org.springframework.cloud.netflix.ribbon.RibbonAutoConfiguration.loadBalancerClient()
2020-03-09 20:45:23.081 [main] DEBUG o.s.b.f.s.DefaultListableBeanFactory - Returning cached instance of singleton bean 'autoConfigurationReport'
2020-03-09 20:45:23.081 [main] DEBUG o.s.b.f.s.DefaultListableBeanFactory - Returning cached instance of singleton bean 'org.springframework.boot.autoconfigure.condition.BeanTypeRegistry'
2020-03-09 20:45:23.082 [main] DEBUG o.s.b.f.s.DefaultListableBeanFactory - Returning cached instance of singleton bean 'org.springframework.boot.autoconfigure.condition.BeanTypeRegistry'
2020-03-09 20:45:23.082 [main] DEBUG o.s.b.f.s.DefaultListableBeanFactory - Returning cached instance of singleton bean 'autoConfigurationReport'
2020-03-09 20:45:23.082 [main] DEBUG o.s.c.a.ConfigurationClassBeanDefinitionReader - Registering bean definition for @Bean method org.springframework.cloud.netflix.ribbon.RibbonAutoConfiguration.propertiesFactory()
2020-03-09 20:45:23.083 [main] DEBUG o.s.b.f.s.DefaultListableBeanFactory - Returning cached instance of singleton bean 'autoConfigurationReport'
2020-03-09 20:45:23.088 [main] DEBUG o.s.b.f.s.DefaultListableBeanFactory - Returning cached instance of singleton bean 'autoConfigurationReport'
2020-03-09 20:45:23.088 [main] DEBUG o.s.b.f.s.DefaultListableBeanFactory - Returning cached instance of singleton bean 'org.springframework.boot.autoconfigure.condition.BeanTypeRegistry'
2020-03-09 20:45:23.088 [main] DEBUG o.s.b.f.s.DefaultListableBeanFactory - Returning cached instance of singleton bean 'org.springframework.boot.autoconfigure.condition.BeanTypeRegistry'
2020-03-09 20:45:23.089 [main] DEBUG o.s.b.f.s.DefaultListableBeanFactory - Returning cached instance of singleton bean 'autoConfigurationReport'
2020-03-09 20:45:23.089 [main] DEBUG o.s.c.a.ConfigurationClassBeanDefinitionReader - Registered bean definition for imported class 'org.springframework.cloud.client.loadbalancer.AsyncLoadBalancerAutoConfiguration$LoadBalancerInterceptorConfig'
2020-03-09 20:45:23.089 [main] DEBUG o.s.c.a.ConfigurationClassBeanDefinitionReader - Registering bean definition for @Bean method org.springframework.cloud.client.loadbalancer.AsyncLoadBalancerAutoConfiguration$LoadBalancerInterceptorConfig.asyncLoadBalancerInterceptor()
2020-03-09 20:45:23.089 [main] DEBUG o.s.c.a.ConfigurationClassBeanDefinitionReader - Registering bean definition for @Bean method org.springframework.cloud.client.loadbalancer.AsyncLoadBalancerAutoConfiguration$LoadBalancerInterceptorConfig.asyncRestTemplateCustomizer()
2020-03-09 20:45:23.089 [main] DEBUG o.s.c.a.ConfigurationClassBeanDefinitionReader - Registered bean definition for imported class 'org.springframework.cloud.client.loadbalancer.AsyncLoadBalancerAutoConfiguration$AsyncRestTemplateCustomizerConfig'
2020-03-09 20:45:23.089 [main] DEBUG o.s.c.a.ConfigurationClassBeanDefinitionReader - Registering bean definition for @Bean method org.springframework.cloud.client.loadbalancer.AsyncLoadBalancerAutoConfiguration$AsyncRestTemplateCustomizerConfig.loadBalancedAsyncRestTemplateInitializer()
2020-03-09 20:45:23.089 [main] DEBUG o.s.c.a.ConfigurationClassBeanDefinitionReader - Registered bean definition for imported class 'org.springframework.cloud.client.loadbalancer.AsyncLoadBalancerAutoConfiguration'
2020-03-09 20:45:23.089 [main] DEBUG o.s.b.f.s.DefaultListableBeanFactory - Returning cached instance of singleton bean 'autoConfigurationReport'
2020-03-09 20:45:23.090 [main] DEBUG o.s.b.f.s.DefaultListableBeanFactory - Returning cached instance of singleton bean 'org.springframework.boot.autoconfigure.condition.BeanTypeRegistry'
2020-03-09 20:45:23.094 [main] DEBUG o.s.b.f.s.DefaultListableBeanFactory - Returning cached instance of singleton bean 'org.springframework.boot.autoconfigure.condition.BeanTypeRegistry'
2020-03-09 20:45:23.095 [main] DEBUG o.s.b.f.s.DefaultListableBeanFactory - Returning cached instance of singleton bean 'autoConfigurationReport'
2020-03-09 20:45:23.096 [main] DEBUG o.s.b.f.s.DefaultListableBeanFactory - Returning cached instance of singleton bean 'autoConfigurationReport'
2020-03-09 20:45:23.096 [main] DEBUG o.s.c.a.ConfigurationClassBeanDefinitionReader - Registered bean definition for imported class 'org.springframework.cloud.client.loadbalancer.LoadBalancerAutoConfiguration$LoadBalancerInterceptorConfig'
2020-03-09 20:45:23.096 [main] DEBUG o.s.c.a.ConfigurationClassBeanDefinitionReader - Registering bean definition for @Bean method org.springframework.cloud.client.loadbalancer.LoadBalancerAutoConfiguration$LoadBalancerInterceptorConfig.ribbonInterceptor()
2020-03-09 20:45:23.097 [main] DEBUG o.s.b.f.s.DefaultListableBeanFactory - Returning cached instance of singleton bean 'org.springframework.boot.autoconfigure.condition.BeanTypeRegistry'
2020-03-09 20:45:23.102 [main] DEBUG o.s.b.f.s.DefaultListableBeanFactory - Returning cached instance of singleton bean 'org.springframework.boot.autoconfigure.condition.BeanTypeRegistry'
2020-03-09 20:45:23.103 [main] DEBUG o.s.b.f.s.DefaultListableBeanFactory - Returning cached instance of singleton bean 'autoConfigurationReport'
2020-03-09 20:45:23.103 [main] DEBUG o.s.c.a.ConfigurationClassBeanDefinitionReader - Registering bean definition for @Bean method org.springframework.cloud.client.loadbalancer.LoadBalancerAutoConfiguration$LoadBalancerInterceptorConfig.restTemplateCustomizer()
2020-03-09 20:45:23.105 [main] DEBUG o.s.c.a.ConfigurationClassBeanDefinitionReader - Registered bean definition for imported class 'org.springframework.cloud.client.loadbalancer.LoadBalancerAutoConfiguration'
2020-03-09 20:45:23.105 [main] DEBUG o.s.c.a.ConfigurationClassBeanDefinitionReader - Registering bean definition for @Bean method org.springframework.cloud.client.loadbalancer.LoadBalancerAutoConfiguration.loadBalancedRestTemplateInitializerDeprecated()
2020-03-09 20:45:23.105 [main] DEBUG o.s.b.f.s.DefaultListableBeanFactory - Returning cached instance of singleton bean 'org.springframework.boot.autoconfigure.condition.BeanTypeRegistry'
2020-03-09 20:45:23.107 [main] DEBUG o.s.b.f.s.DefaultListableBeanFactory - Returning cached instance of singleton bean 'org.springframework.boot.autoconfigure.condition.BeanTypeRegistry'
2020-03-09 20:45:23.107 [main] DEBUG o.s.b.f.s.DefaultListableBeanFactory - Returning cached instance of singleton bean 'autoConfigurationReport'
2020-03-09 20:45:23.107 [main] DEBUG o.s.c.a.ConfigurationClassBeanDefinitionReader - Registering bean definition for @Bean method org.springframework.cloud.client.loadbalancer.LoadBalancerAutoConfiguration.loadBalancerRequestFactory()
2020-03-09 20:45:23.108 [main] DEBUG o.s.c.a.ConfigurationClassBeanDefinitionReader - Registered bean definition for imported class 'org.springframework.cloud.client.serviceregistry.ServiceRegistryAutoConfiguration'
2020-03-09 20:45:23.108 [main] DEBUG o.s.b.f.s.DefaultListableBeanFactory - Returning cached instance of singleton bean 'autoConfigurationReport'
2020-03-09 20:45:23.108 [main] DEBUG o.s.b.f.s.DefaultListableBeanFactory - Returning cached instance of singleton bean 'autoConfigurationReport'
2020-03-09 20:45:23.108 [main] DEBUG o.s.c.a.ConfigurationClassBeanDefinitionReader - Registered bean definition for imported class 'org.springframework.cloud.commons.httpclient.HttpClientConfiguration$OkHttpClientConfiguration'
2020-03-09 20:45:23.109 [main] DEBUG o.s.b.f.s.DefaultListableBeanFactory - Returning cached instance of singleton bean 'org.springframework.boot.autoconfigure.condition.BeanTypeRegistry'
2020-03-09 20:45:23.111 [main] DEBUG o.s.b.f.s.DefaultListableBeanFactory - Returning cached instance of singleton bean 'org.springframework.boot.autoconfigure.condition.BeanTypeRegistry'
2020-03-09 20:45:23.111 [main] DEBUG o.s.b.f.s.DefaultListableBeanFactory - Returning cached instance of singleton bean 'autoConfigurationReport'
2020-03-09 20:45:23.112 [main] DEBUG o.s.c.a.ConfigurationClassBeanDefinitionReader - Registering bean definition for @Bean method org.springframework.cloud.commons.httpclient.HttpClientConfiguration$OkHttpClientConfiguration.connPoolFactory()
2020-03-09 20:45:23.113 [main] DEBUG o.s.b.f.s.DefaultListableBeanFactory - Returning cached instance of singleton bean 'org.springframework.boot.autoconfigure.condition.BeanTypeRegistry'
2020-03-09 20:45:23.115 [main] DEBUG o.s.b.f.s.DefaultListableBeanFactory - Returning cached instance of singleton bean 'org.springframework.boot.autoconfigure.condition.BeanTypeRegistry'
2020-03-09 20:45:23.115 [main] DEBUG o.s.b.f.s.DefaultListableBeanFactory - Returning cached instance of singleton bean 'autoConfigurationReport'
2020-03-09 20:45:23.115 [main] DEBUG o.s.c.a.ConfigurationClassBeanDefinitionReader - Registering bean definition for @Bean method org.springframework.cloud.commons.httpclient.HttpClientConfiguration$OkHttpClientConfiguration.okHttpClientBuilder()
2020-03-09 20:45:23.116 [main] DEBUG o.s.b.f.s.DefaultListableBeanFactory - Returning cached instance of singleton bean 'org.springframework.boot.autoconfigure.condition.BeanTypeRegistry'
2020-03-09 20:45:23.116 [main] DEBUG o.s.b.f.s.DefaultListableBeanFactory - Returning cached instance of singleton bean 'org.springframework.boot.autoconfigure.condition.BeanTypeRegistry'
2020-03-09 20:45:23.116 [main] DEBUG o.s.b.f.s.DefaultListableBeanFactory - Returning cached instance of singleton bean 'autoConfigurationReport'
2020-03-09 20:45:23.116 [main] DEBUG o.s.c.a.ConfigurationClassBeanDefinitionReader - Registering bean definition for @Bean method org.springframework.cloud.commons.httpclient.HttpClientConfiguration$OkHttpClientConfiguration.okHttpClientFactory()
2020-03-09 20:45:23.117 [main] DEBUG o.s.b.f.s.DefaultListableBeanFactory - Returning cached instance of singleton bean 'autoConfigurationReport'
2020-03-09 20:45:23.119 [main] DEBUG o.s.b.f.s.DefaultListableBeanFactory - Returning cached instance of singleton bean 'autoConfigurationReport'
2020-03-09 20:45:23.119 [main] DEBUG o.s.c.a.ConfigurationClassBeanDefinitionReader - Registered bean definition for imported class 'org.springframework.cloud.commons.httpclient.HttpClientConfiguration$ApacheHttpClientConfiguration'
2020-03-09 20:45:23.121 [main] DEBUG o.s.b.f.s.DefaultListableBeanFactory - Returning cached instance of singleton bean 'org.springframework.boot.autoconfigure.condition.BeanTypeRegistry'
2020-03-09 20:45:23.122 [main] DEBUG o.s.b.f.s.DefaultListableBeanFactory - Returning cached instance of singleton bean 'org.springframework.boot.autoconfigure.condition.BeanTypeRegistry'
2020-03-09 20:45:23.123 [main] DEBUG o.s.b.f.s.DefaultListableBeanFactory - Returning cached instance of singleton bean 'autoConfigurationReport'
2020-03-09 20:45:23.123 [main] DEBUG o.s.c.a.ConfigurationClassBeanDefinitionReader - Registering bean definition for @Bean method org.springframework.cloud.commons.httpclient.HttpClientConfiguration$ApacheHttpClientConfiguration.connManFactory()
2020-03-09 20:45:23.124 [main] DEBUG o.s.b.f.s.DefaultListableBeanFactory - Returning cached instance of singleton bean 'org.springframework.boot.autoconfigure.condition.BeanTypeRegistry'
2020-03-09 20:45:23.125 [main] DEBUG o.s.b.f.s.DefaultListableBeanFactory - Returning cached instance of singleton bean 'org.springframework.boot.autoconfigure.condition.BeanTypeRegistry'
2020-03-09 20:45:23.125 [main] DEBUG o.s.b.f.s.DefaultListableBeanFactory - Returning cached instance of singleton bean 'autoConfigurationReport'
2020-03-09 20:45:23.126 [main] DEBUG o.s.c.a.ConfigurationClassBeanDefinitionReader - Registering bean definition for @Bean method org.springframework.cloud.commons.httpclient.HttpClientConfiguration$ApacheHttpClientConfiguration.apacheHttpClientBuilder()
2020-03-09 20:45:23.126 [main] DEBUG o.s.b.f.s.DefaultListableBeanFactory - Returning cached instance of singleton bean 'org.springframework.boot.autoconfigure.condition.BeanTypeRegistry'
2020-03-09 20:45:23.127 [main] DEBUG o.s.b.f.s.DefaultListableBeanFactory - Returning cached instance of singleton bean 'org.springframework.boot.autoconfigure.condition.BeanTypeRegistry'
2020-03-09 20:45:23.127 [main] DEBUG o.s.b.f.s.DefaultListableBeanFactory - Returning cached instance of singleton bean 'autoConfigurationReport'
2020-03-09 20:45:23.128 [main] DEBUG o.s.c.a.ConfigurationClassBeanDefinitionReader - Registering bean definition for @Bean method org.springframework.cloud.commons.httpclient.HttpClientConfiguration$ApacheHttpClientConfiguration.apacheHttpClientFactory()
2020-03-09 20:45:23.128 [main] DEBUG o.s.c.a.ConfigurationClassBeanDefinitionReader - Registered bean definition for imported class 'org.springframework.cloud.commons.httpclient.HttpClientConfiguration'
2020-03-09 20:45:23.128 [main] DEBUG o.s.b.f.s.DefaultListableBeanFactory - Returning cached instance of singleton bean 'autoConfigurationReport'
2020-03-09 20:45:23.128 [main] DEBUG o.s.c.a.ConfigurationClassBeanDefinitionReader - Registered bean definition for imported class 'org.springframework.cloud.commons.util.UtilAutoConfiguration'
2020-03-09 20:45:23.128 [main] DEBUG o.s.c.a.ConfigurationClassBeanDefinitionReader - Registering bean definition for @Bean method org.springframework.cloud.commons.util.UtilAutoConfiguration.inetUtilsProperties()
2020-03-09 20:45:23.128 [main] DEBUG o.s.b.f.s.DefaultListableBeanFactory - Returning cached instance of singleton bean 'org.springframework.boot.autoconfigure.condition.BeanTypeRegistry'
2020-03-09 20:45:23.130 [main] DEBUG o.s.b.f.s.DefaultListableBeanFactory - Returning cached instance of singleton bean 'org.springframework.boot.autoconfigure.condition.BeanTypeRegistry'
2020-03-09 20:45:23.130 [main] DEBUG o.s.b.f.s.DefaultListableBeanFactory - Returning cached instance of singleton bean 'autoConfigurationReport'
2020-03-09 20:45:23.130 [main] DEBUG o.s.c.a.ConfigurationClassBeanDefinitionReader - Registering bean definition for @Bean method org.springframework.cloud.commons.util.UtilAutoConfiguration.inetUtils()
2020-03-09 20:45:23.135 [main] DEBUG o.s.b.f.s.DefaultListableBeanFactory - Returning cached instance of singleton bean 'org.springframework.boot.autoconfigure.condition.BeanTypeRegistry'
2020-03-09 20:45:23.136 [main] DEBUG o.s.b.f.s.DefaultListableBeanFactory - Returning cached instance of singleton bean 'org.springframework.boot.autoconfigure.condition.BeanTypeRegistry'
2020-03-09 20:45:23.142 [main] DEBUG o.s.b.f.s.DefaultListableBeanFactory - Returning cached instance of singleton bean 'org.springframework.boot.autoconfigure.condition.BeanTypeRegistry'
2020-03-09 20:45:23.142 [main] DEBUG o.s.b.f.s.DefaultListableBeanFactory - Returning cached instance of singleton bean 'org.springframework.boot.autoconfigure.condition.BeanTypeRegistry'
2020-03-09 20:45:23.143 [main] DEBUG o.s.b.f.s.DefaultListableBeanFactory - Returning cached instance of singleton bean 'autoConfigurationReport'
2020-03-09 20:45:23.144 [main] DEBUG o.s.c.a.ConfigurationClassBeanDefinitionReader - Registered bean definition for imported class 'org.springframework.cloud.netflix.ribbon.eureka.RibbonEurekaAutoConfiguration'
2020-03-09 20:45:23.145 [main] DEBUG o.s.b.f.s.DefaultListableBeanFactory - Returning cached instance of singleton bean 'autoConfigurationReport'
2020-03-09 20:45:23.145 [main] DEBUG o.s.c.a.ConfigurationClassBeanDefinitionReader - Registered bean definition for imported class 'org.springframework.cloud.openfeign.ribbon.DefaultFeignLoadBalancedConfiguration'
2020-03-09 20:45:23.145 [main] DEBUG o.s.b.f.s.DefaultListableBeanFactory - Returning cached instance of singleton bean 'org.springframework.boot.autoconfigure.condition.BeanTypeRegistry'
2020-03-09 20:45:23.147 [main] DEBUG o.s.b.f.s.DefaultListableBeanFactory - Returning cached instance of singleton bean 'org.springframework.boot.autoconfigure.condition.BeanTypeRegistry'
2020-03-09 20:45:23.147 [main] DEBUG o.s.b.f.s.DefaultListableBeanFactory - Returning cached instance of singleton bean 'autoConfigurationReport'
2020-03-09 20:45:23.147 [main] DEBUG o.s.c.a.ConfigurationClassBeanDefinitionReader - Registering bean definition for @Bean method org.springframework.cloud.openfeign.ribbon.DefaultFeignLoadBalancedConfiguration.feignClient()
2020-03-09 20:45:23.149 [main] DEBUG o.s.c.a.ConfigurationClassBeanDefinitionReader - Registered bean definition for imported class 'org.springframework.cloud.openfeign.ribbon.FeignRibbonClientAutoConfiguration'
2020-03-09 20:45:23.152 [main] DEBUG o.s.b.f.s.DefaultListableBeanFactory - Returning cached instance of singleton bean 'autoConfigurationReport'
2020-03-09 20:45:23.152 [main] DEBUG o.s.c.a.ConfigurationClassBeanDefinitionReader - Registering bean definition for @Bean method org.springframework.cloud.openfeign.ribbon.FeignRibbonClientAutoConfiguration.cachingLBClientFactory()
2020-03-09 20:45:23.154 [main] DEBUG o.s.b.f.s.DefaultListableBeanFactory - Returning cached instance of singleton bean 'autoConfigurationReport'
2020-03-09 20:45:23.155 [main] DEBUG o.s.b.f.s.DefaultListableBeanFactory - Returning cached instance of singleton bean 'org.springframework.boot.autoconfigure.condition.BeanTypeRegistry'
2020-03-09 20:45:23.157 [main] DEBUG o.s.b.f.s.DefaultListableBeanFactory - Returning cached instance of singleton bean 'org.springframework.boot.autoconfigure.condition.BeanTypeRegistry'
2020-03-09 20:45:23.158 [main] DEBUG o.s.b.f.s.DefaultListableBeanFactory - Returning cached instance of singleton bean 'autoConfigurationReport'
2020-03-09 20:45:23.158 [main] DEBUG o.s.c.a.ConfigurationClassBeanDefinitionReader - Registering bean definition for @Bean method org.springframework.cloud.openfeign.ribbon.FeignRibbonClientAutoConfiguration.feignRequestOptions()
2020-03-09 20:45:23.158 [main] DEBUG o.s.b.f.s.DefaultListableBeanFactory - Returning cached instance of singleton bean 'autoConfigurationReport'
2020-03-09 20:45:23.158 [main] DEBUG o.s.b.f.s.DefaultListableBeanFactory - Returning cached instance of singleton bean 'autoConfigurationReport'
2020-03-09 20:45:23.159 [main] DEBUG o.s.c.a.ConfigurationClassBeanDefinitionReader - Registered bean definition for imported class 'org.springframework.cloud.openfeign.FeignAutoConfiguration$HystrixFeignTargeterConfiguration'
2020-03-09 20:45:23.159 [main] DEBUG o.s.b.f.s.DefaultListableBeanFactory - Returning cached instance of singleton bean 'org.springframework.boot.autoconfigure.condition.BeanTypeRegistry'
2020-03-09 20:45:23.161 [main] DEBUG o.s.b.f.s.DefaultListableBeanFactory - Returning cached instance of singleton bean 'org.springframework.boot.autoconfigure.condition.BeanTypeRegistry'
2020-03-09 20:45:23.161 [main] DEBUG o.s.b.f.s.DefaultListableBeanFactory - Returning cached instance of singleton bean 'autoConfigurationReport'
2020-03-09 20:45:23.161 [main] DEBUG o.s.c.a.ConfigurationClassBeanDefinitionReader - Registering bean definition for @Bean method org.springframework.cloud.openfeign.FeignAutoConfiguration$HystrixFeignTargeterConfiguration.feignTargeter()
2020-03-09 20:45:23.162 [main] DEBUG o.s.c.a.ConfigurationClassBeanDefinitionReader - Registered bean definition for imported class 'org.springframework.cloud.openfeign.FeignAutoConfiguration'
2020-03-09 20:45:23.162 [main] DEBUG o.s.c.a.ConfigurationClassBeanDefinitionReader - Registering bean definition for @Bean method org.springframework.cloud.openfeign.FeignAutoConfiguration.feignFeature()
2020-03-09 20:45:23.163 [main] DEBUG o.s.c.a.ConfigurationClassBeanDefinitionReader - Registering bean definition for @Bean method org.springframework.cloud.openfeign.FeignAutoConfiguration.feignContext()
2020-03-09 20:45:23.208 [main] DEBUG o.s.b.f.s.DefaultListableBeanFactory - Creating shared instance of singleton bean 'refreshScope'
2020-03-09 20:45:23.208 [main] DEBUG o.s.b.f.s.DefaultListableBeanFactory - Creating instance of bean 'refreshScope'
2020-03-09 20:45:23.211 [main] DEBUG o.s.b.f.s.DefaultListableBeanFactory - Eagerly caching bean 'refreshScope' to allow for resolving potential circular references
2020-03-09 20:45:23.211 [main] DEBUG o.s.b.f.s.DefaultListableBeanFactory - Finished creating instance of bean 'refreshScope'
2020-03-09 20:45:23.214 [main] DEBUG o.s.b.f.s.DefaultListableBeanFactory - Creating shared instance of singleton bean 'org.springframework.cloud.autoconfigure.RefreshAutoConfiguration$RefreshScopeBeanDefinitionEnhancer'
2020-03-09 20:45:23.214 [main] DEBUG o.s.b.f.s.DefaultListableBeanFactory - Creating instance of bean 'org.springframework.cloud.autoconfigure.RefreshAutoConfiguration$RefreshScopeBeanDefinitionEnhancer'
2020-03-09 20:45:23.214 [main] DEBUG o.s.b.f.s.DefaultListableBeanFactory - Eagerly caching bean 'org.springframework.cloud.autoconfigure.RefreshAutoConfiguration$RefreshScopeBeanDefinitionEnhancer' to allow for resolving potential circular references
2020-03-09 20:45:23.214 [main] DEBUG o.s.b.f.s.DefaultListableBeanFactory - Finished creating instance of bean 'org.springframework.cloud.autoconfigure.RefreshAutoConfiguration$RefreshScopeBeanDefinitionEnhancer'
2020-03-09 20:45:23.215 [main] DEBUG o.s.b.f.s.DefaultListableBeanFactory - Creating shared instance of singleton bean 'com.ningmeng.manage_course.client.CmsPageClient'
2020-03-09 20:45:23.216 [main] DEBUG o.s.b.f.s.DefaultListableBeanFactory - Creating instance of bean 'com.ningmeng.manage_course.client.CmsPageClient'
2020-03-09 20:45:23.216 [main] DEBUG o.s.b.f.s.DefaultListableBeanFactory - Eagerly caching bean 'com.ningmeng.manage_course.client.CmsPageClient' to allow for resolving potential circular references
2020-03-09 20:45:23.225 [main] DEBUG o.s.b.f.s.DefaultListableBeanFactory - Invoking afterPropertiesSet() on bean with name 'com.ningmeng.manage_course.client.CmsPageClient'
2020-03-09 20:45:23.225 [main] DEBUG o.s.b.f.s.DefaultListableBeanFactory - Finished creating instance of bean 'com.ningmeng.manage_course.client.CmsPageClient'
2020-03-09 20:45:23.241 [main] DEBUG o.s.b.f.s.DefaultListableBeanFactory - Returning cached instance of singleton bean 'environment'
2020-03-09 20:45:23.304 [main] DEBUG o.s.c.a.ConfigurationClassEnhancer - Successfully enhanced com.ningmeng.manage_course.ManageCourseApplication; enhanced class name is: com.ningmeng.manage_course.ManageCourseApplication$$EnhancerBySpringCGLIB$$1a969abb
2020-03-09 20:45:23.304 [main] DEBUG o.s.c.a.ConfigurationClassPostProcessor - Replacing bean definition 'manageCourseApplication' existing class 'com.ningmeng.manage_course.ManageCourseApplication' with enhanced class 'com.ningmeng.manage_course.ManageCourseApplication$$EnhancerBySpringCGLIB$$1a969abb'
2020-03-09 20:45:23.308 [main] DEBUG o.s.c.a.ConfigurationClassEnhancer - Successfully enhanced com.ningmeng.api.config.Swagger2Configuration; enhanced class name is: com.ningmeng.api.config.Swagger2Configuration$$EnhancerBySpringCGLIB$$f2090552
2020-03-09 20:45:23.308 [main] DEBUG o.s.c.a.ConfigurationClassPostProcessor - Replacing bean definition 'swagger2Configuration' existing class 'com.ningmeng.api.config.Swagger2Configuration' with enhanced class 'com.ningmeng.api.config.Swagger2Configuration$$EnhancerBySpringCGLIB$$f2090552'
2020-03-09 20:45:23.311 [main] DEBUG o.s.c.a.ConfigurationClassEnhancer - Successfully enhanced springfox.documentation.schema.configuration.ModelsConfiguration; enhanced class name is: springfox.documentation.schema.configuration.ModelsConfiguration$$EnhancerBySpringCGLIB$$4815e3e7
2020-03-09 20:45:23.312 [main] DEBUG o.s.c.a.ConfigurationClassPostProcessor - Replacing bean definition 'springfox.documentation.schema.configuration.ModelsConfiguration' existing class 'springfox.documentation.schema.configuration.ModelsConfiguration' with enhanced class 'springfox.documentation.schema.configuration.ModelsConfiguration$$EnhancerBySpringCGLIB$$4815e3e7'
2020-03-09 20:45:23.323 [main] DEBUG o.s.c.a.ConfigurationClassEnhancer - Successfully enhanced springfox.documentation.spring.web.SpringfoxWebMvcConfiguration; enhanced class name is: springfox.documentation.spring.web.SpringfoxWebMvcConfiguration$$EnhancerBySpringCGLIB$$b5ba3089
2020-03-09 20:45:23.324 [main] DEBUG o.s.c.a.ConfigurationClassPostProcessor - Replacing bean definition 'springfox.documentation.spring.web.SpringfoxWebMvcConfiguration' existing class 'springfox.documentation.spring.web.SpringfoxWebMvcConfiguration' with enhanced class 'springfox.documentation.spring.web.SpringfoxWebMvcConfiguration$$EnhancerBySpringCGLIB$$b5ba3089'
2020-03-09 20:45:23.329 [main] DEBUG o.s.c.a.ConfigurationClassEnhancer - Successfully enhanced springfox.documentation.swagger.configuration.SwaggerCommonConfiguration; enhanced class name is: springfox.documentation.swagger.configuration.SwaggerCommonConfiguration$$EnhancerBySpringCGLIB$$7e7676fd
2020-03-09 20:45:23.330 [main] DEBUG o.s.c.a.ConfigurationClassPostProcessor - Replacing bean definition 'springfox.documentation.swagger.configuration.SwaggerCommonConfiguration' existing class 'springfox.documentation.swagger.configuration.SwaggerCommonConfiguration' with enhanced class 'springfox.documentation.swagger.configuration.SwaggerCommonConfiguration$$EnhancerBySpringCGLIB$$7e7676fd'
2020-03-09 20:45:23.337 [main] DEBUG o.s.c.a.ConfigurationClassEnhancer - Successfully enhanced springfox.documentation.swagger2.configuration.Swagger2DocumentationConfiguration; enhanced class name is: springfox.documentation.swagger2.configuration.Swagger2DocumentationConfiguration$$EnhancerBySpringCGLIB$$a903ea82
2020-03-09 20:45:23.337 [main] DEBUG o.s.c.a.ConfigurationClassPostProcessor - Replacing bean definition 'springfox.documentation.swagger2.configuration.Swagger2DocumentationConfiguration' existing class 'springfox.documentation.swagger2.configuration.Swagger2DocumentationConfiguration' with enhanced class 'springfox.documentation.swagger2.configuration.Swagger2DocumentationConfiguration$$EnhancerBySpringCGLIB$$a903ea82'
2020-03-09 20:45:23.337 [main] DEBUG o.s.c.a.ConfigurationClassEnhancer - Successfully enhanced org.springframework.boot.autoconfigure.context.PropertyPlaceholderAutoConfiguration; enhanced class name is: org.springframework.boot.autoconfigure.context.PropertyPlaceholderAutoConfiguration$$EnhancerBySpringCGLIB$$ac0ae3d4
2020-03-09 20:45:23.337 [main] DEBUG o.s.c.a.ConfigurationClassPostProcessor - Replacing bean definition 'org.springframework.boot.autoconfigure.context.PropertyPlaceholderAutoConfiguration' existing class 'org.springframework.boot.autoconfigure.context.PropertyPlaceholderAutoConfiguration' with enhanced class 'org.springframework.boot.autoconfigure.context.PropertyPlaceholderAutoConfiguration$$EnhancerBySpringCGLIB$$ac0ae3d4'
2020-03-09 20:45:23.340 [main] DEBUG o.s.c.a.ConfigurationClassEnhancer - Successfully enhanced org.springframework.boot.autoconfigure.websocket.servlet.WebSocketServletAutoConfiguration$TomcatWebSocketConfiguration; enhanced class name is: org.springframework.boot.autoconfigure.websocket.servlet.WebSocketServletAutoConfiguration$TomcatWebSocketConfiguration$$EnhancerBySpringCGLIB$$23ee868a
2020-03-09 20:45:23.340 [main] DEBUG o.s.c.a.ConfigurationClassPostProcessor - Replacing bean definition 'org.springframework.boot.autoconfigure.websocket.servlet.WebSocketServletAutoConfiguration$TomcatWebSocketConfiguration' existing class 'org.springframework.boot.autoconfigure.websocket.servlet.WebSocketServletAutoConfiguration$TomcatWebSocketConfiguration' with enhanced class 'org.springframework.boot.autoconfigure.websocket.servlet.WebSocketServletAutoConfiguration$TomcatWebSocketConfiguration$$EnhancerBySpringCGLIB$$23ee868a'
2020-03-09 20:45:23.343 [main] DEBUG o.s.c.a.ConfigurationClassEnhancer - Successfully enhanced org.springframework.boot.autoconfigure.websocket.servlet.WebSocketServletAutoConfiguration; enhanced class name is: org.springframework.boot.autoconfigure.websocket.servlet.WebSocketServletAutoConfiguration$$EnhancerBySpringCGLIB$$6c435b6d
2020-03-09 20:45:23.344 [main] DEBUG o.s.c.a.ConfigurationClassPostProcessor - Replacing bean definition 'org.springframework.boot.autoconfigure.websocket.servlet.WebSocketServletAutoConfiguration' existing class 'org.springframework.boot.autoconfigure.websocket.servlet.WebSocketServletAutoConfiguration' with enhanced class 'org.springframework.boot.autoconfigure.websocket.servlet.WebSocketServletAutoConfiguration$$EnhancerBySpringCGLIB$$6c435b6d'
2020-03-09 20:45:23.346 [main] DEBUG o.s.c.a.ConfigurationClassEnhancer - Successfully enhanced org.springframework.boot.autoconfigure.web.servlet.ServletWebServerFactoryConfiguration$EmbeddedTomcat; enhanced class name is: org.springframework.boot.autoconfigure.web.servlet.ServletWebServerFactoryConfiguration$EmbeddedTomcat$$EnhancerBySpringCGLIB$$15d6e385
2020-03-09 20:45:23.346 [main] DEBUG o.s.c.a.ConfigurationClassPostProcessor - Replacing bean definition 'org.springframework.boot.autoconfigure.web.servlet.ServletWebServerFactoryConfiguration$EmbeddedTomcat' existing class 'org.springframework.boot.autoconfigure.web.servlet.ServletWebServerFactoryConfiguration$EmbeddedTomcat' with enhanced class 'org.springframework.boot.autoconfigure.web.servlet.ServletWebServerFactoryConfiguration$EmbeddedTomcat$$EnhancerBySpringCGLIB$$15d6e385'
2020-03-09 20:45:23.352 [main] DEBUG o.s.c.a.ConfigurationClassEnhancer - Successfully enhanced org.springframework.boot.autoconfigure.web.servlet.ServletWebServerFactoryAutoConfiguration; enhanced class name is: org.springframework.boot.autoconfigure.web.servlet.ServletWebServerFactoryAutoConfiguration$$EnhancerBySpringCGLIB$$9b0d98fe
2020-03-09 20:45:23.352 [main] DEBUG o.s.c.a.ConfigurationClassPostProcessor - Replacing bean definition 'org.springframework.boot.autoconfigure.web.servlet.ServletWebServerFactoryAutoConfiguration' existing class 'org.springframework.boot.autoconfigure.web.servlet.ServletWebServerFactoryAutoConfiguration' with enhanced class 'org.springframework.boot.autoconfigure.web.servlet.ServletWebServerFactoryAutoConfiguration$$EnhancerBySpringCGLIB$$9b0d98fe'
2020-03-09 20:45:23.356 [main] DEBUG o.s.c.a.ConfigurationClassEnhancer - Successfully enhanced org.springframework.boot.autoconfigure.web.servlet.DispatcherServletAutoConfiguration$DispatcherServletConfiguration; enhanced class name is: org.springframework.boot.autoconfigure.web.servlet.DispatcherServletAutoConfiguration$DispatcherServletConfiguration$$EnhancerBySpringCGLIB$$fb540164
2020-03-09 20:45:23.357 [main] DEBUG o.s.c.a.ConfigurationClassPostProcessor - Replacing bean definition 'org.springframework.boot.autoconfigure.web.servlet.DispatcherServletAutoConfiguration$DispatcherServletConfiguration' existing class 'org.springframework.boot.autoconfigure.web.servlet.DispatcherServletAutoConfiguration$DispatcherServletConfiguration' with enhanced class 'org.springframework.boot.autoconfigure.web.servlet.DispatcherServletAutoConfiguration$DispatcherServletConfiguration$$EnhancerBySpringCGLIB$$fb540164'
2020-03-09 20:45:23.359 [main] DEBUG o.s.c.a.ConfigurationClassEnhancer - Successfully enhanced org.springframework.boot.autoconfigure.web.servlet.DispatcherServletAutoConfiguration$DispatcherServletRegistrationConfiguration; enhanced class name is: org.springframework.boot.autoconfigure.web.servlet.DispatcherServletAutoConfiguration$DispatcherServletRegistrationConfiguration$$EnhancerBySpringCGLIB$$5d5b960b
2020-03-09 20:45:23.359 [main] DEBUG o.s.c.a.ConfigurationClassPostProcessor - Replacing bean definition 'org.springframework.boot.autoconfigure.web.servlet.DispatcherServletAutoConfiguration$DispatcherServletRegistrationConfiguration' existing class 'org.springframework.boot.autoconfigure.web.servlet.DispatcherServletAutoConfiguration$DispatcherServletRegistrationConfiguration' with enhanced class 'org.springframework.boot.autoconfigure.web.servlet.DispatcherServletAutoConfiguration$DispatcherServletRegistrationConfiguration$$EnhancerBySpringCGLIB$$5d5b960b'
2020-03-09 20:45:23.361 [main] DEBUG o.s.c.a.ConfigurationClassEnhancer - Successfully enhanced org.springframework.boot.autoconfigure.web.servlet.DispatcherServletAutoConfiguration; enhanced class name is: org.springframework.boot.autoconfigure.web.servlet.DispatcherServletAutoConfiguration$$EnhancerBySpringCGLIB$$99b6c658
2020-03-09 20:45:23.361 [main] DEBUG o.s.c.a.ConfigurationClassPostProcessor - Replacing bean definition 'org.springframework.boot.autoconfigure.web.servlet.DispatcherServletAutoConfiguration' existing class 'org.springframework.boot.autoconfigure.web.servlet.DispatcherServletAutoConfiguration' with enhanced class 'org.springframework.boot.autoconfigure.web.servlet.DispatcherServletAutoConfiguration$$EnhancerBySpringCGLIB$$99b6c658'
2020-03-09 20:45:23.363 [main] DEBUG o.s.c.a.ConfigurationClassEnhancer - Successfully enhanced org.springframework.cloud.netflix.archaius.ArchaiusAutoConfiguration$PropagateEventsConfiguration; enhanced class name is: org.springframework.cloud.netflix.archaius.ArchaiusAutoConfiguration$PropagateEventsConfiguration$$EnhancerBySpringCGLIB$$ade5723
2020-03-09 20:45:23.364 [main] DEBUG o.s.c.a.ConfigurationClassPostProcessor - Replacing bean definition 'org.springframework.cloud.netflix.archaius.ArchaiusAutoConfiguration$PropagateEventsConfiguration' existing class 'org.springframework.cloud.netflix.archaius.ArchaiusAutoConfiguration$PropagateEventsConfiguration' with enhanced class 'org.springframework.cloud.netflix.archaius.ArchaiusAutoConfiguration$PropagateEventsConfiguration$$EnhancerBySpringCGLIB$$ade5723'
2020-03-09 20:45:23.366 [main] DEBUG o.s.c.a.ConfigurationClassEnhancer - Successfully enhanced org.springframework.cloud.netflix.archaius.ArchaiusAutoConfiguration; enhanced class name is: org.springframework.cloud.netflix.archaius.ArchaiusAutoConfiguration$$EnhancerBySpringCGLIB$$a6f6b2b5
2020-03-09 20:45:23.367 [main] DEBUG o.s.c.a.ConfigurationClassPostProcessor - Replacing bean definition 'org.springframework.cloud.netflix.archaius.ArchaiusAutoConfiguration' existing class 'org.springframework.cloud.netflix.archaius.ArchaiusAutoConfiguration' with enhanced class 'org.springframework.cloud.netflix.archaius.ArchaiusAutoConfiguration$$EnhancerBySpringCGLIB$$a6f6b2b5'
2020-03-09 20:45:23.372 [main] DEBUG o.s.c.a.ConfigurationClassEnhancer - Successfully enhanced org.springframework.boot.autoconfigure.validation.ValidationAutoConfiguration; enhanced class name is: org.springframework.boot.autoconfigure.validation.ValidationAutoConfiguration$$EnhancerBySpringCGLIB$$1c540225
2020-03-09 20:45:23.373 [main] DEBUG o.s.c.a.ConfigurationClassPostProcessor - Replacing bean definition 'org.springframework.boot.autoconfigure.validation.ValidationAutoConfiguration' existing class 'org.springframework.boot.autoconfigure.validation.ValidationAutoConfiguration' with enhanced class 'org.springframework.boot.autoconfigure.validation.ValidationAutoConfiguration$$EnhancerBySpringCGLIB$$1c540225'
2020-03-09 20:45:23.375 [main] DEBUG o.s.c.a.ConfigurationClassEnhancer - Successfully enhanced org.springframework.boot.autoconfigure.web.servlet.error.ErrorMvcAutoConfiguration$WhitelabelErrorViewConfiguration; enhanced class name is: org.springframework.boot.autoconfigure.web.servlet.error.ErrorMvcAutoConfiguration$WhitelabelErrorViewConfiguration$$EnhancerBySpringCGLIB$$b6345d98
2020-03-09 20:45:23.375 [main] DEBUG o.s.c.a.ConfigurationClassPostProcessor - Replacing bean definition 'org.springframework.boot.autoconfigure.web.servlet.error.ErrorMvcAutoConfiguration$WhitelabelErrorViewConfiguration' existing class 'org.springframework.boot.autoconfigure.web.servlet.error.ErrorMvcAutoConfiguration$WhitelabelErrorViewConfiguration' with enhanced class 'org.springframework.boot.autoconfigure.web.servlet.error.ErrorMvcAutoConfiguration$WhitelabelErrorViewConfiguration$$EnhancerBySpringCGLIB$$b6345d98'
2020-03-09 20:45:23.377 [main] DEBUG o.s.c.a.ConfigurationClassEnhancer - Successfully enhanced org.springframework.boot.autoconfigure.web.servlet.error.ErrorMvcAutoConfiguration$DefaultErrorViewResolverConfiguration; enhanced class name is: org.springframework.boot.autoconfigure.web.servlet.error.ErrorMvcAutoConfiguration$DefaultErrorViewResolverConfiguration$$EnhancerBySpringCGLIB$$eb954bc0
2020-03-09 20:45:23.377 [main] DEBUG o.s.c.a.ConfigurationClassPostProcessor - Replacing bean definition 'org.springframework.boot.autoconfigure.web.servlet.error.ErrorMvcAutoConfiguration$DefaultErrorViewResolverConfiguration' existing class 'org.springframework.boot.autoconfigure.web.servlet.error.ErrorMvcAutoConfiguration$DefaultErrorViewResolverConfiguration' with enhanced class 'org.springframework.boot.autoconfigure.web.servlet.error.ErrorMvcAutoConfiguration$DefaultErrorViewResolverConfiguration$$EnhancerBySpringCGLIB$$eb954bc0'
2020-03-09 20:45:23.380 [main] DEBUG o.s.c.a.ConfigurationClassEnhancer - Successfully enhanced org.springframework.boot.autoconfigure.web.servlet.error.ErrorMvcAutoConfiguration; enhanced class name is: org.springframework.boot.autoconfigure.web.servlet.error.ErrorMvcAutoConfiguration$$EnhancerBySpringCGLIB$$d7007720
2020-03-09 20:45:23.381 [main] DEBUG o.s.c.a.ConfigurationClassPostProcessor - Replacing bean definition 'org.springframework.boot.autoconfigure.web.servlet.error.ErrorMvcAutoConfiguration' existing class 'org.springframework.boot.autoconfigure.web.servlet.error.ErrorMvcAutoConfiguration' with enhanced class 'org.springframework.boot.autoconfigure.web.servlet.error.ErrorMvcAutoConfiguration$$EnhancerBySpringCGLIB$$d7007720'
2020-03-09 20:45:23.384 [main] DEBUG o.s.c.a.ConfigurationClassEnhancer - Successfully enhanced org.springframework.boot.autoconfigure.web.servlet.WebMvcAutoConfiguration$WebMvcAutoConfigurationAdapter$FaviconConfiguration; enhanced class name is: org.springframework.boot.autoconfigure.web.servlet.WebMvcAutoConfiguration$WebMvcAutoConfigurationAdapter$FaviconConfiguration$$EnhancerBySpringCGLIB$$74829546
2020-03-09 20:45:23.384 [main] DEBUG o.s.c.a.ConfigurationClassPostProcessor - Replacing bean definition 'org.springframework.boot.autoconfigure.web.servlet.WebMvcAutoConfiguration$WebMvcAutoConfigurationAdapter$FaviconConfiguration' existing class 'org.springframework.boot.autoconfigure.web.servlet.WebMvcAutoConfiguration$WebMvcAutoConfigurationAdapter$FaviconConfiguration' with enhanced class 'org.springframework.boot.autoconfigure.web.servlet.WebMvcAutoConfiguration$WebMvcAutoConfigurationAdapter$FaviconConfiguration$$EnhancerBySpringCGLIB$$74829546'
2020-03-09 20:45:23.394 [main] DEBUG o.s.c.a.ConfigurationClassEnhancer - Successfully enhanced org.springframework.boot.autoconfigure.web.servlet.WebMvcAutoConfiguration$EnableWebMvcConfiguration; enhanced class name is: org.springframework.boot.autoconfigure.web.servlet.WebMvcAutoConfiguration$EnableWebMvcConfiguration$$EnhancerBySpringCGLIB$$1641c21b
2020-03-09 20:45:23.394 [main] DEBUG o.s.c.a.ConfigurationClassPostProcessor - Replacing bean definition 'org.springframework.boot.autoconfigure.web.servlet.WebMvcAutoConfiguration$EnableWebMvcConfiguration' existing class 'org.springframework.boot.autoconfigure.web.servlet.WebMvcAutoConfiguration$EnableWebMvcConfiguration' with enhanced class 'org.springframework.boot.autoconfigure.web.servlet.WebMvcAutoConfiguration$EnableWebMvcConfiguration$$EnhancerBySpringCGLIB$$1641c21b'
2020-03-09 20:45:23.400 [main] DEBUG o.s.c.a.ConfigurationClassEnhancer - Successfully enhanced org.springframework.boot.autoconfigure.web.servlet.WebMvcAutoConfiguration$WebMvcAutoConfigurationAdapter; enhanced class name is: org.springframework.boot.autoconfigure.web.servlet.WebMvcAutoConfiguration$WebMvcAutoConfigurationAdapter$$EnhancerBySpringCGLIB$$b8458d00
2020-03-09 20:45:23.400 [main] DEBUG o.s.c.a.ConfigurationClassPostProcessor - Replacing bean definition 'org.springframework.boot.autoconfigure.web.servlet.WebMvcAutoConfiguration$WebMvcAutoConfigurationAdapter' existing class 'org.springframework.boot.autoconfigure.web.servlet.WebMvcAutoConfiguration$WebMvcAutoConfigurationAdapter' with enhanced class 'org.springframework.boot.autoconfigure.web.servlet.WebMvcAutoConfiguration$WebMvcAutoConfigurationAdapter$$EnhancerBySpringCGLIB$$b8458d00'
2020-03-09 20:45:23.403 [main] DEBUG o.s.c.a.ConfigurationClassEnhancer - Successfully enhanced org.springframework.boot.autoconfigure.web.servlet.WebMvcAutoConfiguration; enhanced class name is: org.springframework.boot.autoconfigure.web.servlet.WebMvcAutoConfiguration$$EnhancerBySpringCGLIB$$df96b012
2020-03-09 20:45:23.404 [main] DEBUG o.s.c.a.ConfigurationClassPostProcessor - Replacing bean definition 'org.springframework.boot.autoconfigure.web.servlet.WebMvcAutoConfiguration' existing class 'org.springframework.boot.autoconfigure.web.servlet.WebMvcAutoConfiguration' with enhanced class 'org.springframework.boot.autoconfigure.web.servlet.WebMvcAutoConfiguration$$EnhancerBySpringCGLIB$$df96b012'
2020-03-09 20:45:23.405 [main] DEBUG o.s.c.a.ConfigurationClassEnhancer - Successfully enhanced com.alibaba.druid.spring.boot.autoconfigure.DruidDataSourceAutoConfigure; enhanced class name is: com.alibaba.druid.spring.boot.autoconfigure.DruidDataSourceAutoConfigure$$EnhancerBySpringCGLIB$$c500670d
2020-03-09 20:45:23.406 [main] DEBUG o.s.c.a.ConfigurationClassPostProcessor - Replacing bean definition 'com.alibaba.druid.spring.boot.autoconfigure.DruidDataSourceAutoConfigure' existing class 'com.alibaba.druid.spring.boot.autoconfigure.DruidDataSourceAutoConfigure' with enhanced class 'com.alibaba.druid.spring.boot.autoconfigure.DruidDataSourceAutoConfigure$$EnhancerBySpringCGLIB$$c500670d'
2020-03-09 20:45:23.407 [main] DEBUG o.s.c.a.ConfigurationClassEnhancer - Successfully enhanced org.springframework.boot.autoconfigure.jdbc.metadata.DataSourcePoolMetadataProvidersConfiguration$HikariPoolDataSourceMetadataProviderConfiguration; enhanced class name is: org.springframework.boot.autoconfigure.jdbc.metadata.DataSourcePoolMetadataProvidersConfiguration$HikariPoolDataSourceMetadataProviderConfiguration$$EnhancerBySpringCGLIB$$bab997f
2020-03-09 20:45:23.407 [main] DEBUG o.s.c.a.ConfigurationClassPostProcessor - Replacing bean definition 'org.springframework.boot.autoconfigure.jdbc.metadata.DataSourcePoolMetadataProvidersConfiguration$HikariPoolDataSourceMetadataProviderConfiguration' existing class 'org.springframework.boot.autoconfigure.jdbc.metadata.DataSourcePoolMetadataProvidersConfiguration$HikariPoolDataSourceMetadataProviderConfiguration' with enhanced class 'org.springframework.boot.autoconfigure.jdbc.metadata.DataSourcePoolMetadataProvidersConfiguration$HikariPoolDataSourceMetadataProviderConfiguration$$EnhancerBySpringCGLIB$$bab997f'
2020-03-09 20:45:23.409 [main] DEBUG o.s.c.a.ConfigurationClassEnhancer - Successfully enhanced org.springframework.boot.autoconfigure.jdbc.metadata.DataSourcePoolMetadataProvidersConfiguration; enhanced class name is: org.springframework.boot.autoconfigure.jdbc.metadata.DataSourcePoolMetadataProvidersConfiguration$$EnhancerBySpringCGLIB$$884559dc
2020-03-09 20:45:23.409 [main] DEBUG o.s.c.a.ConfigurationClassPostProcessor - Replacing bean definition 'org.springframework.boot.autoconfigure.jdbc.metadata.DataSourcePoolMetadataProvidersConfiguration' existing class 'org.springframework.boot.autoconfigure.jdbc.metadata.DataSourcePoolMetadataProvidersConfiguration' with enhanced class 'org.springframework.boot.autoconfigure.jdbc.metadata.DataSourcePoolMetadataProvidersConfiguration$$EnhancerBySpringCGLIB$$884559dc'
2020-03-09 20:45:23.411 [main] DEBUG o.s.c.a.ConfigurationClassEnhancer - Successfully enhanced org.springframework.boot.autoconfigure.jdbc.DataSourceInitializationConfiguration; enhanced class name is: org.springframework.boot.autoconfigure.jdbc.DataSourceInitializationConfiguration$$EnhancerBySpringCGLIB$$46ba638a
2020-03-09 20:45:23.411 [main] DEBUG o.s.c.a.ConfigurationClassPostProcessor - Replacing bean definition 'org.springframework.boot.autoconfigure.jdbc.DataSourceInitializationConfiguration' existing class 'org.springframework.boot.autoconfigure.jdbc.DataSourceInitializationConfiguration' with enhanced class 'org.springframework.boot.autoconfigure.jdbc.DataSourceInitializationConfiguration$$EnhancerBySpringCGLIB$$46ba638a'
2020-03-09 20:45:23.412 [main] DEBUG o.s.c.a.ConfigurationClassEnhancer - Successfully enhanced org.springframework.boot.autoconfigure.jdbc.DataSourceAutoConfiguration; enhanced class name is: org.springframework.boot.autoconfigure.jdbc.DataSourceAutoConfiguration$$EnhancerBySpringCGLIB$$8d4814fb
2020-03-09 20:45:23.412 [main] DEBUG o.s.c.a.ConfigurationClassPostProcessor - Replacing bean definition 'org.springframework.boot.autoconfigure.jdbc.DataSourceAutoConfiguration' existing class 'org.springframework.boot.autoconfigure.jdbc.DataSourceAutoConfiguration' with enhanced class 'org.springframework.boot.autoconfigure.jdbc.DataSourceAutoConfiguration$$EnhancerBySpringCGLIB$$8d4814fb'
2020-03-09 20:45:23.414 [main] DEBUG o.s.c.a.ConfigurationClassEnhancer - Successfully enhanced org.mybatis.spring.boot.autoconfigure.MybatisAutoConfiguration$MapperScannerRegistrarNotFoundConfiguration; enhanced class name is: org.mybatis.spring.boot.autoconfigure.MybatisAutoConfiguration$MapperScannerRegistrarNotFoundConfiguration$$EnhancerBySpringCGLIB$$c16c609e
2020-03-09 20:45:23.414 [main] DEBUG o.s.c.a.ConfigurationClassPostProcessor - Replacing bean definition 'org.mybatis.spring.boot.autoconfigure.MybatisAutoConfiguration$MapperScannerRegistrarNotFoundConfiguration' existing class 'org.mybatis.spring.boot.autoconfigure.MybatisAutoConfiguration$MapperScannerRegistrarNotFoundConfiguration' with enhanced class 'org.mybatis.spring.boot.autoconfigure.MybatisAutoConfiguration$MapperScannerRegistrarNotFoundConfiguration$$EnhancerBySpringCGLIB$$c16c609e'
2020-03-09 20:45:23.416 [main] DEBUG o.s.c.a.ConfigurationClassEnhancer - Successfully enhanced org.mybatis.spring.boot.autoconfigure.MybatisAutoConfiguration; enhanced class name is: org.mybatis.spring.boot.autoconfigure.MybatisAutoConfiguration$$EnhancerBySpringCGLIB$$de28c2cb
2020-03-09 20:45:23.416 [main] DEBUG o.s.c.a.ConfigurationClassPostProcessor - Replacing bean definition 'org.mybatis.spring.boot.autoconfigure.MybatisAutoConfiguration' existing class 'org.mybatis.spring.boot.autoconfigure.MybatisAutoConfiguration' with enhanced class 'org.mybatis.spring.boot.autoconfigure.MybatisAutoConfiguration$$EnhancerBySpringCGLIB$$de28c2cb'
2020-03-09 20:45:23.417 [main] DEBUG o.s.c.a.ConfigurationClassEnhancer - Successfully enhanced com.github.pagehelper.autoconfigure.PageHelperAutoConfiguration; enhanced class name is: com.github.pagehelper.autoconfigure.PageHelperAutoConfiguration$$EnhancerBySpringCGLIB$$be0f0800
2020-03-09 20:45:23.418 [main] DEBUG o.s.c.a.ConfigurationClassPostProcessor - Replacing bean definition 'com.github.pagehelper.autoconfigure.PageHelperAutoConfiguration' existing class 'com.github.pagehelper.autoconfigure.PageHelperAutoConfiguration' with enhanced class 'com.github.pagehelper.autoconfigure.PageHelperAutoConfiguration$$EnhancerBySpringCGLIB$$be0f0800'
2020-03-09 20:45:23.420 [main] DEBUG o.s.c.a.ConfigurationClassEnhancer - Successfully enhanced org.springframework.boot.autoconfigure.aop.AopAutoConfiguration$CglibAutoProxyConfiguration; enhanced class name is: org.springframework.boot.autoconfigure.aop.AopAutoConfiguration$CglibAutoProxyConfiguration$$EnhancerBySpringCGLIB$$e770f0d1
2020-03-09 20:45:23.421 [main] DEBUG o.s.c.a.ConfigurationClassPostProcessor - Replacing bean definition 'org.springframework.boot.autoconfigure.aop.AopAutoConfiguration$CglibAutoProxyConfiguration' existing class 'org.springframework.boot.autoconfigure.aop.AopAutoConfiguration$CglibAutoProxyConfiguration' with enhanced class 'org.springframework.boot.autoconfigure.aop.AopAutoConfiguration$CglibAutoProxyConfiguration$$EnhancerBySpringCGLIB$$e770f0d1'
2020-03-09 20:45:23.422 [main] DEBUG o.s.c.a.ConfigurationClassEnhancer - Successfully enhanced org.springframework.boot.autoconfigure.aop.AopAutoConfiguration; enhanced class name is: org.springframework.boot.autoconfigure.aop.AopAutoConfiguration$$EnhancerBySpringCGLIB$$f6aaf05d
2020-03-09 20:45:23.422 [main] DEBUG o.s.c.a.ConfigurationClassPostProcessor - Replacing bean definition 'org.springframework.boot.autoconfigure.aop.AopAutoConfiguration' existing class 'org.springframework.boot.autoconfigure.aop.AopAutoConfiguration' with enhanced class 'org.springframework.boot.autoconfigure.aop.AopAutoConfiguration$$EnhancerBySpringCGLIB$$f6aaf05d'
2020-03-09 20:45:23.424 [main] DEBUG o.s.c.a.ConfigurationClassEnhancer - Successfully enhanced org.springframework.boot.autoconfigure.context.ConfigurationPropertiesAutoConfiguration; enhanced class name is: org.springframework.boot.autoconfigure.context.ConfigurationPropertiesAutoConfiguration$$EnhancerBySpringCGLIB$$9addfce9
2020-03-09 20:45:23.424 [main] DEBUG o.s.c.a.ConfigurationClassPostProcessor - Replacing bean definition 'org.springframework.boot.autoconfigure.context.ConfigurationPropertiesAutoConfiguration' existing class 'org.springframework.boot.autoconfigure.context.ConfigurationPropertiesAutoConfiguration' with enhanced class 'org.springframework.boot.autoconfigure.context.ConfigurationPropertiesAutoConfiguration$$EnhancerBySpringCGLIB$$9addfce9'
2020-03-09 20:45:23.426 [main] DEBUG o.s.c.a.ConfigurationClassEnhancer - Successfully enhanced org.springframework.cloud.autoconfigure.RefreshAutoConfiguration$JpaInvokerConfiguration; enhanced class name is: org.springframework.cloud.autoconfigure.RefreshAutoConfiguration$JpaInvokerConfiguration$$EnhancerBySpringCGLIB$$65d6f376
2020-03-09 20:45:23.426 [main] DEBUG o.s.c.a.ConfigurationClassPostProcessor - Replacing bean definition 'org.springframework.cloud.autoconfigure.RefreshAutoConfiguration$JpaInvokerConfiguration' existing class 'org.springframework.cloud.autoconfigure.RefreshAutoConfiguration$JpaInvokerConfiguration' with enhanced class 'org.springframework.cloud.autoconfigure.RefreshAutoConfiguration$JpaInvokerConfiguration$$EnhancerBySpringCGLIB$$65d6f376'
2020-03-09 20:45:23.428 [main] DEBUG o.s.c.a.ConfigurationClassEnhancer - Successfully enhanced org.springframework.cloud.autoconfigure.RefreshAutoConfiguration; enhanced class name is: org.springframework.cloud.autoconfigure.RefreshAutoConfiguration$$EnhancerBySpringCGLIB$$687b3543
2020-03-09 20:45:23.428 [main] DEBUG o.s.c.a.ConfigurationClassPostProcessor - Replacing bean definition 'org.springframework.cloud.autoconfigure.RefreshAutoConfiguration' existing class 'org.springframework.cloud.autoconfigure.RefreshAutoConfiguration' with enhanced class 'org.springframework.cloud.autoconfigure.RefreshAutoConfiguration$$EnhancerBySpringCGLIB$$687b3543'
2020-03-09 20:45:23.431 [main] DEBUG o.s.c.a.ConfigurationClassEnhancer - Successfully enhanced org.springframework.boot.autoconfigure.orm.jpa.JpaBaseConfiguration$JpaWebConfiguration$JpaWebMvcConfiguration; enhanced class name is: org.springframework.boot.autoconfigure.orm.jpa.JpaBaseConfiguration$JpaWebConfiguration$JpaWebMvcConfiguration$$EnhancerBySpringCGLIB$$f48f7e93
2020-03-09 20:45:23.431 [main] DEBUG o.s.c.a.ConfigurationClassPostProcessor - Replacing bean definition 'org.springframework.boot.autoconfigure.orm.jpa.JpaBaseConfiguration$JpaWebConfiguration$JpaWebMvcConfiguration' existing class 'org.springframework.boot.autoconfigure.orm.jpa.JpaBaseConfiguration$JpaWebConfiguration$JpaWebMvcConfiguration' with enhanced class 'org.springframework.boot.autoconfigure.orm.jpa.JpaBaseConfiguration$JpaWebConfiguration$JpaWebMvcConfiguration$$EnhancerBySpringCGLIB$$f48f7e93'
2020-03-09 20:45:23.433 [main] DEBUG o.s.c.a.ConfigurationClassEnhancer - Successfully enhanced org.springframework.boot.autoconfigure.orm.jpa.JpaBaseConfiguration$JpaWebConfiguration; enhanced class name is: org.springframework.boot.autoconfigure.orm.jpa.JpaBaseConfiguration$JpaWebConfiguration$$EnhancerBySpringCGLIB$$19710ee6
2020-03-09 20:45:23.433 [main] DEBUG o.s.c.a.ConfigurationClassPostProcessor - Replacing bean definition 'org.springframework.boot.autoconfigure.orm.jpa.JpaBaseConfiguration$JpaWebConfiguration' existing class 'org.springframework.boot.autoconfigure.orm.jpa.JpaBaseConfiguration$JpaWebConfiguration' with enhanced class 'org.springframework.boot.autoconfigure.orm.jpa.JpaBaseConfiguration$JpaWebConfiguration$$EnhancerBySpringCGLIB$$19710ee6'
2020-03-09 20:45:23.436 [main] DEBUG o.s.c.a.ConfigurationClassEnhancer - Successfully enhanced org.springframework.boot.autoconfigure.orm.jpa.HibernateJpaConfiguration; enhanced class name is: org.springframework.boot.autoconfigure.orm.jpa.HibernateJpaConfiguration$$EnhancerBySpringCGLIB$$ca2b340a
2020-03-09 20:45:23.436 [main] DEBUG o.s.c.a.ConfigurationClassPostProcessor - Replacing bean definition 'org.springframework.boot.autoconfigure.orm.jpa.HibernateJpaConfiguration' existing class 'org.springframework.boot.autoconfigure.orm.jpa.HibernateJpaConfiguration' with enhanced class 'org.springframework.boot.autoconfigure.orm.jpa.HibernateJpaConfiguration$$EnhancerBySpringCGLIB$$ca2b340a'
2020-03-09 20:45:23.438 [main] DEBUG o.s.c.a.ConfigurationClassEnhancer - Successfully enhanced org.springframework.boot.autoconfigure.orm.jpa.HibernateJpaAutoConfiguration; enhanced class name is: org.springframework.boot.autoconfigure.orm.jpa.HibernateJpaAutoConfiguration$$EnhancerBySpringCGLIB$$14dad5bb
2020-03-09 20:45:23.438 [main] DEBUG o.s.c.a.ConfigurationClassPostProcessor - Replacing bean definition 'org.springframework.boot.autoconfigure.orm.jpa.HibernateJpaAutoConfiguration' existing class 'org.springframework.boot.autoconfigure.orm.jpa.HibernateJpaAutoConfiguration' with enhanced class 'org.springframework.boot.autoconfigure.orm.jpa.HibernateJpaAutoConfiguration$$EnhancerBySpringCGLIB$$14dad5bb'
2020-03-09 20:45:23.439 [main] DEBUG o.s.c.a.ConfigurationClassEnhancer - Successfully enhanced org.springframework.boot.autoconfigure.data.jpa.JpaRepositoriesAutoConfiguration; enhanced class name is: org.springframework.boot.autoconfigure.data.jpa.JpaRepositoriesAutoConfiguration$$EnhancerBySpringCGLIB$$5b2f5f4f
2020-03-09 20:45:23.439 [main] DEBUG o.s.c.a.ConfigurationClassPostProcessor - Replacing bean definition 'org.springframework.boot.autoconfigure.data.jpa.JpaRepositoriesAutoConfiguration' existing class 'org.springframework.boot.autoconfigure.data.jpa.JpaRepositoriesAutoConfiguration' with enhanced class 'org.springframework.boot.autoconfigure.data.jpa.JpaRepositoriesAutoConfiguration$$EnhancerBySpringCGLIB$$5b2f5f4f'
2020-03-09 20:45:23.441 [main] DEBUG o.s.c.a.ConfigurationClassEnhancer - Successfully enhanced org.springframework.boot.autoconfigure.mongo.MongoAutoConfiguration; enhanced class name is: org.springframework.boot.autoconfigure.mongo.MongoAutoConfiguration$$EnhancerBySpringCGLIB$$30192f9
2020-03-09 20:45:23.441 [main] DEBUG o.s.c.a.ConfigurationClassPostProcessor - Replacing bean definition 'org.springframework.boot.autoconfigure.mongo.MongoAutoConfiguration' existing class 'org.springframework.boot.autoconfigure.mongo.MongoAutoConfiguration' with enhanced class 'org.springframework.boot.autoconfigure.mongo.MongoAutoConfiguration$$EnhancerBySpringCGLIB$$30192f9'
2020-03-09 20:45:23.443 [main] DEBUG o.s.c.a.ConfigurationClassEnhancer - Successfully enhanced org.springframework.boot.autoconfigure.data.mongo.MongoDataAutoConfiguration; enhanced class name is: org.springframework.boot.autoconfigure.data.mongo.MongoDataAutoConfiguration$$EnhancerBySpringCGLIB$$31c015db
2020-03-09 20:45:23.444 [main] DEBUG o.s.c.a.ConfigurationClassPostProcessor - Replacing bean definition 'org.springframework.boot.autoconfigure.data.mongo.MongoDataAutoConfiguration' existing class 'org.springframework.boot.autoconfigure.data.mongo.MongoDataAutoConfiguration' with enhanced class 'org.springframework.boot.autoconfigure.data.mongo.MongoDataAutoConfiguration$$EnhancerBySpringCGLIB$$31c015db'
2020-03-09 20:45:23.445 [main] DEBUG o.s.c.a.ConfigurationClassEnhancer - Successfully enhanced org.springframework.boot.autoconfigure.data.mongo.MongoRepositoriesAutoConfiguration; enhanced class name is: org.springframework.boot.autoconfigure.data.mongo.MongoRepositoriesAutoConfiguration$$EnhancerBySpringCGLIB$$65dd601d
2020-03-09 20:45:23.445 [main] DEBUG o.s.c.a.ConfigurationClassPostProcessor - Replacing bean definition 'org.springframework.boot.autoconfigure.data.mongo.MongoRepositoriesAutoConfiguration' existing class 'org.springframework.boot.autoconfigure.data.mongo.MongoRepositoriesAutoConfiguration' with enhanced class 'org.springframework.boot.autoconfigure.data.mongo.MongoRepositoriesAutoConfiguration$$EnhancerBySpringCGLIB$$65dd601d'
2020-03-09 20:45:23.447 [main] DEBUG o.s.c.a.ConfigurationClassEnhancer - Successfully enhanced org.springframework.boot.autoconfigure.gson.GsonAutoConfiguration; enhanced class name is: org.springframework.boot.autoconfigure.gson.GsonAutoConfiguration$$EnhancerBySpringCGLIB$$ea0f8525
2020-03-09 20:45:23.447 [main] DEBUG o.s.c.a.ConfigurationClassPostProcessor - Replacing bean definition 'org.springframework.boot.autoconfigure.gson.GsonAutoConfiguration' existing class 'org.springframework.boot.autoconfigure.gson.GsonAutoConfiguration' with enhanced class 'org.springframework.boot.autoconfigure.gson.GsonAutoConfiguration$$EnhancerBySpringCGLIB$$ea0f8525'
2020-03-09 20:45:23.449 [main] DEBUG o.s.c.a.ConfigurationClassEnhancer - Successfully enhanced org.springframework.boot.autoconfigure.jackson.JacksonAutoConfiguration$Jackson2ObjectMapperBuilderCustomizerConfiguration; enhanced class name is: org.springframework.boot.autoconfigure.jackson.JacksonAutoConfiguration$Jackson2ObjectMapperBuilderCustomizerConfiguration$$EnhancerBySpringCGLIB$$744b9934
2020-03-09 20:45:23.449 [main] DEBUG o.s.c.a.ConfigurationClassPostProcessor - Replacing bean definition 'org.springframework.boot.autoconfigure.jackson.JacksonAutoConfiguration$Jackson2ObjectMapperBuilderCustomizerConfiguration' existing class 'org.springframework.boot.autoconfigure.jackson.JacksonAutoConfiguration$Jackson2ObjectMapperBuilderCustomizerConfiguration' with enhanced class 'org.springframework.boot.autoconfigure.jackson.JacksonAutoConfiguration$Jackson2ObjectMapperBuilderCustomizerConfiguration$$EnhancerBySpringCGLIB$$744b9934'
2020-03-09 20:45:23.451 [main] DEBUG o.s.c.a.ConfigurationClassEnhancer - Successfully enhanced org.springframework.boot.autoconfigure.jackson.JacksonAutoConfiguration$JacksonObjectMapperBuilderConfiguration; enhanced class name is: org.springframework.boot.autoconfigure.jackson.JacksonAutoConfiguration$JacksonObjectMapperBuilderConfiguration$$EnhancerBySpringCGLIB$$b934b345
2020-03-09 20:45:23.452 [main] DEBUG o.s.c.a.ConfigurationClassPostProcessor - Replacing bean definition 'org.springframework.boot.autoconfigure.jackson.JacksonAutoConfiguration$JacksonObjectMapperBuilderConfiguration' existing class 'org.springframework.boot.autoconfigure.jackson.JacksonAutoConfiguration$JacksonObjectMapperBuilderConfiguration' with enhanced class 'org.springframework.boot.autoconfigure.jackson.JacksonAutoConfiguration$JacksonObjectMapperBuilderConfiguration$$EnhancerBySpringCGLIB$$b934b345'
2020-03-09 20:45:23.456 [main] DEBUG o.s.c.a.ConfigurationClassEnhancer - Successfully enhanced org.springframework.boot.autoconfigure.jackson.JacksonAutoConfiguration$ParameterNamesModuleConfiguration; enhanced class name is: org.springframework.boot.autoconfigure.jackson.JacksonAutoConfiguration$ParameterNamesModuleConfiguration$$EnhancerBySpringCGLIB$$9b171062
2020-03-09 20:45:23.457 [main] DEBUG o.s.c.a.ConfigurationClassPostProcessor - Replacing bean definition 'org.springframework.boot.autoconfigure.jackson.JacksonAutoConfiguration$ParameterNamesModuleConfiguration' existing class 'org.springframework.boot.autoconfigure.jackson.JacksonAutoConfiguration$ParameterNamesModuleConfiguration' with enhanced class 'org.springframework.boot.autoconfigure.jackson.JacksonAutoConfiguration$ParameterNamesModuleConfiguration$$EnhancerBySpringCGLIB$$9b171062'
2020-03-09 20:45:23.460 [main] DEBUG o.s.c.a.ConfigurationClassEnhancer - Successfully enhanced org.springframework.boot.autoconfigure.jackson.JacksonAutoConfiguration$JacksonObjectMapperConfiguration; enhanced class name is: org.springframework.boot.autoconfigure.jackson.JacksonAutoConfiguration$JacksonObjectMapperConfiguration$$EnhancerBySpringCGLIB$$6e7f12c
2020-03-09 20:45:23.460 [main] DEBUG o.s.c.a.ConfigurationClassPostProcessor - Replacing bean definition 'org.springframework.boot.autoconfigure.jackson.JacksonAutoConfiguration$JacksonObjectMapperConfiguration' existing class 'org.springframework.boot.autoconfigure.jackson.JacksonAutoConfiguration$JacksonObjectMapperConfiguration' with enhanced class 'org.springframework.boot.autoconfigure.jackson.JacksonAutoConfiguration$JacksonObjectMapperConfiguration$$EnhancerBySpringCGLIB$$6e7f12c'
2020-03-09 20:45:23.461 [main] DEBUG o.s.c.a.ConfigurationClassEnhancer - Successfully enhanced org.springframework.boot.autoconfigure.jackson.JacksonAutoConfiguration; enhanced class name is: org.springframework.boot.autoconfigure.jackson.JacksonAutoConfiguration$$EnhancerBySpringCGLIB$$e8f38ebb
2020-03-09 20:45:23.461 [main] DEBUG o.s.c.a.ConfigurationClassPostProcessor - Replacing bean definition 'org.springframework.boot.autoconfigure.jackson.JacksonAutoConfiguration' existing class 'org.springframework.boot.autoconfigure.jackson.JacksonAutoConfiguration' with enhanced class 'org.springframework.boot.autoconfigure.jackson.JacksonAutoConfiguration$$EnhancerBySpringCGLIB$$e8f38ebb'
2020-03-09 20:45:23.463 [main] DEBUG o.s.c.a.ConfigurationClassEnhancer - Successfully enhanced org.springframework.boot.autoconfigure.http.HttpMessageConvertersAutoConfiguration$StringHttpMessageConverterConfiguration; enhanced class name is: org.springframework.boot.autoconfigure.http.HttpMessageConvertersAutoConfiguration$StringHttpMessageConverterConfiguration$$EnhancerBySpringCGLIB$$f89603cf
2020-03-09 20:45:23.463 [main] DEBUG o.s.c.a.ConfigurationClassPostProcessor - Replacing bean definition 'org.springframework.boot.autoconfigure.http.HttpMessageConvertersAutoConfiguration$StringHttpMessageConverterConfiguration' existing class 'org.springframework.boot.autoconfigure.http.HttpMessageConvertersAutoConfiguration$StringHttpMessageConverterConfiguration' with enhanced class 'org.springframework.boot.autoconfigure.http.HttpMessageConvertersAutoConfiguration$StringHttpMessageConverterConfiguration$$EnhancerBySpringCGLIB$$f89603cf'
2020-03-09 20:45:23.465 [main] DEBUG o.s.c.a.ConfigurationClassEnhancer - Successfully enhanced org.springframework.boot.autoconfigure.http.JacksonHttpMessageConvertersConfiguration$MappingJackson2HttpMessageConverterConfiguration; enhanced class name is: org.springframework.boot.autoconfigure.http.JacksonHttpMessageConvertersConfiguration$MappingJackson2HttpMessageConverterConfiguration$$EnhancerBySpringCGLIB$$326bffcf
2020-03-09 20:45:23.465 [main] DEBUG o.s.c.a.ConfigurationClassPostProcessor - Replacing bean definition 'org.springframework.boot.autoconfigure.http.JacksonHttpMessageConvertersConfiguration$MappingJackson2HttpMessageConverterConfiguration' existing class 'org.springframework.boot.autoconfigure.http.JacksonHttpMessageConvertersConfiguration$MappingJackson2HttpMessageConverterConfiguration' with enhanced class 'org.springframework.boot.autoconfigure.http.JacksonHttpMessageConvertersConfiguration$MappingJackson2HttpMessageConverterConfiguration$$EnhancerBySpringCGLIB$$326bffcf'
2020-03-09 20:45:23.467 [main] DEBUG o.s.c.a.ConfigurationClassEnhancer - Successfully enhanced org.springframework.boot.autoconfigure.http.JacksonHttpMessageConvertersConfiguration; enhanced class name is: org.springframework.boot.autoconfigure.http.JacksonHttpMessageConvertersConfiguration$$EnhancerBySpringCGLIB$$28df335d
2020-03-09 20:45:23.467 [main] DEBUG o.s.c.a.ConfigurationClassPostProcessor - Replacing bean definition 'org.springframework.boot.autoconfigure.http.JacksonHttpMessageConvertersConfiguration' existing class 'org.springframework.boot.autoconfigure.http.JacksonHttpMessageConvertersConfiguration' with enhanced class 'org.springframework.boot.autoconfigure.http.JacksonHttpMessageConvertersConfiguration$$EnhancerBySpringCGLIB$$28df335d'
2020-03-09 20:45:23.468 [main] DEBUG o.s.c.a.ConfigurationClassEnhancer - Successfully enhanced org.springframework.boot.autoconfigure.http.GsonHttpMessageConvertersConfiguration; enhanced class name is: org.springframework.boot.autoconfigure.http.GsonHttpMessageConvertersConfiguration$$EnhancerBySpringCGLIB$$10058809
2020-03-09 20:45:23.468 [main] DEBUG o.s.c.a.ConfigurationClassPostProcessor - Replacing bean definition 'org.springframework.boot.autoconfigure.http.GsonHttpMessageConvertersConfiguration' existing class 'org.springframework.boot.autoconfigure.http.GsonHttpMessageConvertersConfiguration' with enhanced class 'org.springframework.boot.autoconfigure.http.GsonHttpMessageConvertersConfiguration$$EnhancerBySpringCGLIB$$10058809'
2020-03-09 20:45:23.470 [main] DEBUG o.s.c.a.ConfigurationClassEnhancer - Successfully enhanced org.springframework.boot.autoconfigure.http.HttpMessageConvertersAutoConfiguration; enhanced class name is: org.springframework.boot.autoconfigure.http.HttpMessageConvertersAutoConfiguration$$EnhancerBySpringCGLIB$$c5883d2f
2020-03-09 20:45:23.470 [main] DEBUG o.s.c.a.ConfigurationClassPostProcessor - Replacing bean definition 'org.springframework.boot.autoconfigure.http.HttpMessageConvertersAutoConfiguration' existing class 'org.springframework.boot.autoconfigure.http.HttpMessageConvertersAutoConfiguration' with enhanced class 'org.springframework.boot.autoconfigure.http.HttpMessageConvertersAutoConfiguration$$EnhancerBySpringCGLIB$$c5883d2f'
2020-03-09 20:45:23.472 [main] DEBUG o.s.c.a.ConfigurationClassEnhancer - Successfully enhanced org.springframework.data.web.config.ProjectingArgumentResolverRegistrar; enhanced class name is: org.springframework.data.web.config.ProjectingArgumentResolverRegistrar$$EnhancerBySpringCGLIB$$e1cbda8c
2020-03-09 20:45:23.472 [main] DEBUG o.s.c.a.ConfigurationClassPostProcessor - Replacing bean definition 'org.springframework.data.web.config.ProjectingArgumentResolverRegistrar' existing class 'org.springframework.data.web.config.ProjectingArgumentResolverRegistrar' with enhanced class 'org.springframework.data.web.config.ProjectingArgumentResolverRegistrar$$EnhancerBySpringCGLIB$$e1cbda8c'
2020-03-09 20:45:23.474 [main] DEBUG o.s.c.a.ConfigurationClassEnhancer - Successfully enhanced org.springframework.data.web.config.SpringDataWebConfiguration; enhanced class name is: org.springframework.data.web.config.SpringDataWebConfiguration$$EnhancerBySpringCGLIB$$cb89fee
2020-03-09 20:45:23.474 [main] DEBUG o.s.c.a.ConfigurationClassPostProcessor - Replacing bean definition 'org.springframework.data.web.config.SpringDataWebConfiguration' existing class 'org.springframework.data.web.config.SpringDataWebConfiguration' with enhanced class 'org.springframework.data.web.config.SpringDataWebConfiguration$$EnhancerBySpringCGLIB$$cb89fee'
2020-03-09 20:45:23.475 [main] DEBUG o.s.c.a.ConfigurationClassEnhancer - Successfully enhanced org.springframework.boot.autoconfigure.data.web.SpringDataWebAutoConfiguration; enhanced class name is: org.springframework.boot.autoconfigure.data.web.SpringDataWebAutoConfiguration$$EnhancerBySpringCGLIB$$96eb27bc
2020-03-09 20:45:23.476 [main] DEBUG o.s.c.a.ConfigurationClassPostProcessor - Replacing bean definition 'org.springframework.boot.autoconfigure.data.web.SpringDataWebAutoConfiguration' existing class 'org.springframework.boot.autoconfigure.data.web.SpringDataWebAutoConfiguration' with enhanced class 'org.springframework.boot.autoconfigure.data.web.SpringDataWebAutoConfiguration$$EnhancerBySpringCGLIB$$96eb27bc'
2020-03-09 20:45:23.477 [main] DEBUG o.s.c.a.ConfigurationClassEnhancer - Successfully enhanced org.springframework.boot.autoconfigure.http.codec.CodecsAutoConfiguration$JacksonCodecConfiguration; enhanced class name is: org.springframework.boot.autoconfigure.http.codec.CodecsAutoConfiguration$JacksonCodecConfiguration$$EnhancerBySpringCGLIB$$132e8ce7
2020-03-09 20:45:23.477 [main] DEBUG o.s.c.a.ConfigurationClassPostProcessor - Replacing bean definition 'org.springframework.boot.autoconfigure.http.codec.CodecsAutoConfiguration$JacksonCodecConfiguration' existing class 'org.springframework.boot.autoconfigure.http.codec.CodecsAutoConfiguration$JacksonCodecConfiguration' with enhanced class 'org.springframework.boot.autoconfigure.http.codec.CodecsAutoConfiguration$JacksonCodecConfiguration$$EnhancerBySpringCGLIB$$132e8ce7'
2020-03-09 20:45:23.479 [main] DEBUG o.s.c.a.ConfigurationClassEnhancer - Successfully enhanced org.springframework.boot.autoconfigure.http.codec.CodecsAutoConfiguration; enhanced class name is: org.springframework.boot.autoconfigure.http.codec.CodecsAutoConfiguration$$EnhancerBySpringCGLIB$$1dfc0498
2020-03-09 20:45:23.479 [main] DEBUG o.s.c.a.ConfigurationClassPostProcessor - Replacing bean definition 'org.springframework.boot.autoconfigure.http.codec.CodecsAutoConfiguration' existing class 'org.springframework.boot.autoconfigure.http.codec.CodecsAutoConfiguration' with enhanced class 'org.springframework.boot.autoconfigure.http.codec.CodecsAutoConfiguration$$EnhancerBySpringCGLIB$$1dfc0498'
2020-03-09 20:45:23.483 [main] DEBUG o.s.c.a.ConfigurationClassEnhancer - Successfully enhanced org.springframework.boot.autoconfigure.info.ProjectInfoAutoConfiguration; enhanced class name is: org.springframework.boot.autoconfigure.info.ProjectInfoAutoConfiguration$$EnhancerBySpringCGLIB$$e74e7eb4
2020-03-09 20:45:23.483 [main] DEBUG o.s.c.a.ConfigurationClassPostProcessor - Replacing bean definition 'org.springframework.boot.autoconfigure.info.ProjectInfoAutoConfiguration' existing class 'org.springframework.boot.autoconfigure.info.ProjectInfoAutoConfiguration' with enhanced class 'org.springframework.boot.autoconfigure.info.ProjectInfoAutoConfiguration$$EnhancerBySpringCGLIB$$e74e7eb4'
2020-03-09 20:45:23.486 [main] DEBUG o.s.c.a.ConfigurationClassEnhancer - Successfully enhanced org.springframework.boot.autoconfigure.jdbc.JdbcTemplateAutoConfiguration$JdbcTemplateConfiguration; enhanced class name is: org.springframework.boot.autoconfigure.jdbc.JdbcTemplateAutoConfiguration$JdbcTemplateConfiguration$$EnhancerBySpringCGLIB$$c3dfa008
2020-03-09 20:45:23.486 [main] DEBUG o.s.c.a.ConfigurationClassPostProcessor - Replacing bean definition 'org.springframework.boot.autoconfigure.jdbc.JdbcTemplateAutoConfiguration$JdbcTemplateConfiguration' existing class 'org.springframework.boot.autoconfigure.jdbc.JdbcTemplateAutoConfiguration$JdbcTemplateConfiguration' with enhanced class 'org.springframework.boot.autoconfigure.jdbc.JdbcTemplateAutoConfiguration$JdbcTemplateConfiguration$$EnhancerBySpringCGLIB$$c3dfa008'
2020-03-09 20:45:23.488 [main] DEBUG o.s.c.a.ConfigurationClassEnhancer - Successfully enhanced org.springframework.boot.autoconfigure.jdbc.JdbcTemplateAutoConfiguration$NamedParameterJdbcTemplateConfiguration; enhanced class name is: org.springframework.boot.autoconfigure.jdbc.JdbcTemplateAutoConfiguration$NamedParameterJdbcTemplateConfiguration$$EnhancerBySpringCGLIB$$b5c09738
2020-03-09 20:45:23.488 [main] DEBUG o.s.c.a.ConfigurationClassPostProcessor - Replacing bean definition 'org.springframework.boot.autoconfigure.jdbc.JdbcTemplateAutoConfiguration$NamedParameterJdbcTemplateConfiguration' existing class 'org.springframework.boot.autoconfigure.jdbc.JdbcTemplateAutoConfiguration$NamedParameterJdbcTemplateConfiguration' with enhanced class 'org.springframework.boot.autoconfigure.jdbc.JdbcTemplateAutoConfiguration$NamedParameterJdbcTemplateConfiguration$$EnhancerBySpringCGLIB$$b5c09738'
2020-03-09 20:45:23.490 [main] DEBUG o.s.c.a.ConfigurationClassEnhancer - Successfully enhanced org.springframework.boot.autoconfigure.jdbc.JdbcTemplateAutoConfiguration; enhanced class name is: org.springframework.boot.autoconfigure.jdbc.JdbcTemplateAutoConfiguration$$EnhancerBySpringCGLIB$$cb38a68b
2020-03-09 20:45:23.490 [main] DEBUG o.s.c.a.ConfigurationClassPostProcessor - Replacing bean definition 'org.springframework.boot.autoconfigure.jdbc.JdbcTemplateAutoConfiguration' existing class 'org.springframework.boot.autoconfigure.jdbc.JdbcTemplateAutoConfiguration' with enhanced class 'org.springframework.boot.autoconfigure.jdbc.JdbcTemplateAutoConfiguration$$EnhancerBySpringCGLIB$$cb38a68b'
2020-03-09 20:45:23.491 [main] DEBUG o.s.c.a.ConfigurationClassEnhancer - Successfully enhanced org.springframework.boot.autoconfigure.security.reactive.ReactiveSecurityAutoConfiguration; enhanced class name is: org.springframework.boot.autoconfigure.security.reactive.ReactiveSecurityAutoConfiguration$$EnhancerBySpringCGLIB$$db2501b
2020-03-09 20:45:23.491 [main] DEBUG o.s.c.a.ConfigurationClassPostProcessor - Replacing bean definition 'org.springframework.boot.autoconfigure.security.reactive.ReactiveSecurityAutoConfiguration' existing class 'org.springframework.boot.autoconfigure.security.reactive.ReactiveSecurityAutoConfiguration' with enhanced class 'org.springframework.boot.autoconfigure.security.reactive.ReactiveSecurityAutoConfiguration$$EnhancerBySpringCGLIB$$db2501b'
2020-03-09 20:45:23.493 [main] DEBUG o.s.c.a.ConfigurationClassEnhancer - Successfully enhanced org.springframework.boot.autoconfigure.jdbc.DataSourceTransactionManagerAutoConfiguration$DataSourceTransactionManagerConfiguration; enhanced class name is: org.springframework.boot.autoconfigure.jdbc.DataSourceTransactionManagerAutoConfiguration$DataSourceTransactionManagerConfiguration$$EnhancerBySpringCGLIB$$58550a0a
2020-03-09 20:45:23.494 [main] DEBUG o.s.c.a.ConfigurationClassPostProcessor - Replacing bean definition 'org.springframework.boot.autoconfigure.jdbc.DataSourceTransactionManagerAutoConfiguration$DataSourceTransactionManagerConfiguration' existing class 'org.springframework.boot.autoconfigure.jdbc.DataSourceTransactionManagerAutoConfiguration$DataSourceTransactionManagerConfiguration' with enhanced class 'org.springframework.boot.autoconfigure.jdbc.DataSourceTransactionManagerAutoConfiguration$DataSourceTransactionManagerConfiguration$$EnhancerBySpringCGLIB$$58550a0a'
2020-03-09 20:45:23.494 [main] DEBUG o.s.c.a.ConfigurationClassEnhancer - Successfully enhanced org.springframework.boot.autoconfigure.jdbc.DataSourceTransactionManagerAutoConfiguration; enhanced class name is: org.springframework.boot.autoconfigure.jdbc.DataSourceTransactionManagerAutoConfiguration$$EnhancerBySpringCGLIB$$bc2b61ec
2020-03-09 20:45:23.495 [main] DEBUG o.s.c.a.ConfigurationClassPostProcessor - Replacing bean definition 'org.springframework.boot.autoconfigure.jdbc.DataSourceTransactionManagerAutoConfiguration' existing class 'org.springframework.boot.autoconfigure.jdbc.DataSourceTransactionManagerAutoConfiguration' with enhanced class 'org.springframework.boot.autoconfigure.jdbc.DataSourceTransactionManagerAutoConfiguration$$EnhancerBySpringCGLIB$$bc2b61ec'
2020-03-09 20:45:23.497 [main] DEBUG o.s.c.a.ConfigurationClassEnhancer - Successfully enhanced org.springframework.transaction.annotation.ProxyTransactionManagementConfiguration; enhanced class name is: org.springframework.transaction.annotation.ProxyTransactionManagementConfiguration$$EnhancerBySpringCGLIB$$ab54719b
2020-03-09 20:45:23.497 [main] DEBUG o.s.c.a.ConfigurationClassPostProcessor - Replacing bean definition 'org.springframework.transaction.annotation.ProxyTransactionManagementConfiguration' existing class 'org.springframework.transaction.annotation.ProxyTransactionManagementConfiguration' with enhanced class 'org.springframework.transaction.annotation.ProxyTransactionManagementConfiguration$$EnhancerBySpringCGLIB$$ab54719b'
2020-03-09 20:45:23.499 [main] DEBUG o.s.c.a.ConfigurationClassEnhancer - Successfully enhanced org.springframework.boot.autoconfigure.transaction.TransactionAutoConfiguration$EnableTransactionManagementConfiguration$CglibAutoProxyConfiguration; enhanced class name is: org.springframework.boot.autoconfigure.transaction.TransactionAutoConfiguration$EnableTransactionManagementConfiguration$CglibAutoProxyConfiguration$$EnhancerBySpringCGLIB$$1739b5cb
2020-03-09 20:45:23.499 [main] DEBUG o.s.c.a.ConfigurationClassPostProcessor - Replacing bean definition 'org.springframework.boot.autoconfigure.transaction.TransactionAutoConfiguration$EnableTransactionManagementConfiguration$CglibAutoProxyConfiguration' existing class 'org.springframework.boot.autoconfigure.transaction.TransactionAutoConfiguration$EnableTransactionManagementConfiguration$CglibAutoProxyConfiguration' with enhanced class 'org.springframework.boot.autoconfigure.transaction.TransactionAutoConfiguration$EnableTransactionManagementConfiguration$CglibAutoProxyConfiguration$$EnhancerBySpringCGLIB$$1739b5cb'
2020-03-09 20:45:23.500 [main] DEBUG o.s.c.a.ConfigurationClassEnhancer - Successfully enhanced org.springframework.boot.autoconfigure.transaction.TransactionAutoConfiguration$EnableTransactionManagementConfiguration; enhanced class name is: org.springframework.boot.autoconfigure.transaction.TransactionAutoConfiguration$EnableTransactionManagementConfiguration$$EnhancerBySpringCGLIB$$35c31057
2020-03-09 20:45:23.501 [main] DEBUG o.s.c.a.ConfigurationClassPostProcessor - Replacing bean definition 'org.springframework.boot.autoconfigure.transaction.TransactionAutoConfiguration$EnableTransactionManagementConfiguration' existing class 'org.springframework.boot.autoconfigure.transaction.TransactionAutoConfiguration$EnableTransactionManagementConfiguration' with enhanced class 'org.springframework.boot.autoconfigure.transaction.TransactionAutoConfiguration$EnableTransactionManagementConfiguration$$EnhancerBySpringCGLIB$$35c31057'
2020-03-09 20:45:23.502 [main] DEBUG o.s.c.a.ConfigurationClassEnhancer - Successfully enhanced org.springframework.boot.autoconfigure.transaction.TransactionAutoConfiguration$TransactionTemplateConfiguration; enhanced class name is: org.springframework.boot.autoconfigure.transaction.TransactionAutoConfiguration$TransactionTemplateConfiguration$$EnhancerBySpringCGLIB$$a9decedd
2020-03-09 20:45:23.503 [main] DEBUG o.s.c.a.ConfigurationClassPostProcessor - Replacing bean definition 'org.springframework.boot.autoconfigure.transaction.TransactionAutoConfiguration$TransactionTemplateConfiguration' existing class 'org.springframework.boot.autoconfigure.transaction.TransactionAutoConfiguration$TransactionTemplateConfiguration' with enhanced class 'org.springframework.boot.autoconfigure.transaction.TransactionAutoConfiguration$TransactionTemplateConfiguration$$EnhancerBySpringCGLIB$$a9decedd'
2020-03-09 20:45:23.504 [main] DEBUG o.s.c.a.ConfigurationClassEnhancer - Successfully enhanced org.springframework.boot.autoconfigure.transaction.TransactionAutoConfiguration; enhanced class name is: org.springframework.boot.autoconfigure.transaction.TransactionAutoConfiguration$$EnhancerBySpringCGLIB$$3fc86ca5
2020-03-09 20:45:23.504 [main] DEBUG o.s.c.a.ConfigurationClassPostProcessor - Replacing bean definition 'org.springframework.boot.autoconfigure.transaction.TransactionAutoConfiguration' existing class 'org.springframework.boot.autoconfigure.transaction.TransactionAutoConfiguration' with enhanced class 'org.springframework.boot.autoconfigure.transaction.TransactionAutoConfiguration$$EnhancerBySpringCGLIB$$3fc86ca5'
2020-03-09 20:45:23.506 [main] DEBUG o.s.c.a.ConfigurationClassEnhancer - Successfully enhanced org.springframework.boot.autoconfigure.web.client.RestTemplateAutoConfiguration; enhanced class name is: org.springframework.boot.autoconfigure.web.client.RestTemplateAutoConfiguration$$EnhancerBySpringCGLIB$$466a6b1c
2020-03-09 20:45:23.506 [main] DEBUG o.s.c.a.ConfigurationClassPostProcessor - Replacing bean definition 'org.springframework.boot.autoconfigure.web.client.RestTemplateAutoConfiguration' existing class 'org.springframework.boot.autoconfigure.web.client.RestTemplateAutoConfiguration' with enhanced class 'org.springframework.boot.autoconfigure.web.client.RestTemplateAutoConfiguration$$EnhancerBySpringCGLIB$$466a6b1c'
2020-03-09 20:45:23.508 [main] DEBUG o.s.c.a.ConfigurationClassEnhancer - Successfully enhanced org.springframework.boot.autoconfigure.web.embedded.EmbeddedWebServerFactoryCustomizerAutoConfiguration; enhanced class name is: org.springframework.boot.autoconfigure.web.embedded.EmbeddedWebServerFactoryCustomizerAutoConfiguration$$EnhancerBySpringCGLIB$$c0bc717d
2020-03-09 20:45:23.508 [main] DEBUG o.s.c.a.ConfigurationClassPostProcessor - Replacing bean definition 'org.springframework.boot.autoconfigure.web.embedded.EmbeddedWebServerFactoryCustomizerAutoConfiguration' existing class 'org.springframework.boot.autoconfigure.web.embedded.EmbeddedWebServerFactoryCustomizerAutoConfiguration' with enhanced class 'org.springframework.boot.autoconfigure.web.embedded.EmbeddedWebServerFactoryCustomizerAutoConfiguration$$EnhancerBySpringCGLIB$$c0bc717d'
2020-03-09 20:45:23.510 [main] DEBUG o.s.c.a.ConfigurationClassEnhancer - Successfully enhanced org.springframework.boot.autoconfigure.web.servlet.HttpEncodingAutoConfiguration; enhanced class name is: org.springframework.boot.autoconfigure.web.servlet.HttpEncodingAutoConfiguration$$EnhancerBySpringCGLIB$$7ea9283d
2020-03-09 20:45:23.510 [main] DEBUG o.s.c.a.ConfigurationClassPostProcessor - Replacing bean definition 'org.springframework.boot.autoconfigure.web.servlet.HttpEncodingAutoConfiguration' existing class 'org.springframework.boot.autoconfigure.web.servlet.HttpEncodingAutoConfiguration' with enhanced class 'org.springframework.boot.autoconfigure.web.servlet.HttpEncodingAutoConfiguration$$EnhancerBySpringCGLIB$$7ea9283d'
2020-03-09 20:45:23.512 [main] DEBUG o.s.c.a.ConfigurationClassEnhancer - Successfully enhanced org.springframework.boot.autoconfigure.web.servlet.MultipartAutoConfiguration; enhanced class name is: org.springframework.boot.autoconfigure.web.servlet.MultipartAutoConfiguration$$EnhancerBySpringCGLIB$$ed99b04a
2020-03-09 20:45:23.512 [main] DEBUG o.s.c.a.ConfigurationClassPostProcessor - Replacing bean definition 'org.springframework.boot.autoconfigure.web.servlet.MultipartAutoConfiguration' existing class 'org.springframework.boot.autoconfigure.web.servlet.MultipartAutoConfiguration' with enhanced class 'org.springframework.boot.autoconfigure.web.servlet.MultipartAutoConfiguration$$EnhancerBySpringCGLIB$$ed99b04a'
2020-03-09 20:45:23.512 [main] DEBUG o.s.c.a.ConfigurationClassEnhancer - Successfully enhanced org.springframework.cloud.autoconfigure.ConfigurationPropertiesRebinderAutoConfiguration; enhanced class name is: org.springframework.cloud.autoconfigure.ConfigurationPropertiesRebinderAutoConfiguration$$EnhancerBySpringCGLIB$$c76e7498
2020-03-09 20:45:23.512 [main] DEBUG o.s.c.a.ConfigurationClassPostProcessor - Replacing bean definition 'org.springframework.cloud.autoconfigure.ConfigurationPropertiesRebinderAutoConfiguration' existing class 'org.springframework.cloud.autoconfigure.ConfigurationPropertiesRebinderAutoConfiguration' with enhanced class 'org.springframework.cloud.autoconfigure.ConfigurationPropertiesRebinderAutoConfiguration$$EnhancerBySpringCGLIB$$c76e7498'
2020-03-09 20:45:23.514 [main] DEBUG o.s.c.a.ConfigurationClassEnhancer - Successfully enhanced org.springframework.cloud.autoconfigure.LifecycleMvcEndpointAutoConfiguration; enhanced class name is: org.springframework.cloud.autoconfigure.LifecycleMvcEndpointAutoConfiguration$$EnhancerBySpringCGLIB$$5bf4e00b
2020-03-09 20:45:23.514 [main] DEBUG o.s.c.a.ConfigurationClassPostProcessor - Replacing bean definition 'org.springframework.cloud.autoconfigure.LifecycleMvcEndpointAutoConfiguration' existing class 'org.springframework.cloud.autoconfigure.LifecycleMvcEndpointAutoConfiguration' with enhanced class 'org.springframework.cloud.autoconfigure.LifecycleMvcEndpointAutoConfiguration$$EnhancerBySpringCGLIB$$5bf4e00b'
2020-03-09 20:45:23.516 [main] DEBUG o.s.c.a.ConfigurationClassEnhancer - Successfully enhanced org.springframework.cloud.netflix.eureka.EurekaDiscoveryClientConfiguration$EurekaClientConfigurationRefresher; enhanced class name is: org.springframework.cloud.netflix.eureka.EurekaDiscoveryClientConfiguration$EurekaClientConfigurationRefresher$$EnhancerBySpringCGLIB$$70dd664d
2020-03-09 20:45:23.517 [main] DEBUG o.s.c.a.ConfigurationClassPostProcessor - Replacing bean definition 'org.springframework.cloud.netflix.eureka.EurekaDiscoveryClientConfiguration$EurekaClientConfigurationRefresher' existing class 'org.springframework.cloud.netflix.eureka.EurekaDiscoveryClientConfiguration$EurekaClientConfigurationRefresher' with enhanced class 'org.springframework.cloud.netflix.eureka.EurekaDiscoveryClientConfiguration$EurekaClientConfigurationRefresher$$EnhancerBySpringCGLIB$$70dd664d'
2020-03-09 20:45:23.518 [main] DEBUG o.s.c.a.ConfigurationClassEnhancer - Successfully enhanced org.springframework.cloud.netflix.eureka.EurekaDiscoveryClientConfiguration; enhanced class name is: org.springframework.cloud.netflix.eureka.EurekaDiscoveryClientConfiguration$$EnhancerBySpringCGLIB$$c8e65f4d
2020-03-09 20:45:23.519 [main] DEBUG o.s.c.a.ConfigurationClassPostProcessor - Replacing bean definition 'org.springframework.cloud.netflix.eureka.EurekaDiscoveryClientConfiguration' existing class 'org.springframework.cloud.netflix.eureka.EurekaDiscoveryClientConfiguration' with enhanced class 'org.springframework.cloud.netflix.eureka.EurekaDiscoveryClientConfiguration$$EnhancerBySpringCGLIB$$c8e65f4d'
2020-03-09 20:45:23.521 [main] DEBUG o.s.c.a.ConfigurationClassEnhancer - Successfully enhanced org.springframework.cloud.client.serviceregistry.AutoServiceRegistrationConfiguration; enhanced class name is: org.springframework.cloud.client.serviceregistry.AutoServiceRegistrationConfiguration$$EnhancerBySpringCGLIB$$c2379f16
2020-03-09 20:45:23.521 [main] DEBUG o.s.c.a.ConfigurationClassPostProcessor - Replacing bean definition 'org.springframework.cloud.client.serviceregistry.AutoServiceRegistrationConfiguration' existing class 'org.springframework.cloud.client.serviceregistry.AutoServiceRegistrationConfiguration' with enhanced class 'org.springframework.cloud.client.serviceregistry.AutoServiceRegistrationConfiguration$$EnhancerBySpringCGLIB$$c2379f16'
2020-03-09 20:45:23.522 [main] DEBUG o.s.c.a.ConfigurationClassEnhancer - Successfully enhanced org.springframework.cloud.client.serviceregistry.AutoServiceRegistrationAutoConfiguration; enhanced class name is: org.springframework.cloud.client.serviceregistry.AutoServiceRegistrationAutoConfiguration$$EnhancerBySpringCGLIB$$b62dac7
2020-03-09 20:45:23.522 [main] DEBUG o.s.c.a.ConfigurationClassPostProcessor - Replacing bean definition 'org.springframework.cloud.client.serviceregistry.AutoServiceRegistrationAutoConfiguration' existing class 'org.springframework.cloud.client.serviceregistry.AutoServiceRegistrationAutoConfiguration' with enhanced class 'org.springframework.cloud.client.serviceregistry.AutoServiceRegistrationAutoConfiguration$$EnhancerBySpringCGLIB$$b62dac7'
2020-03-09 20:45:23.528 [main] DEBUG o.s.c.a.ConfigurationClassEnhancer - Successfully enhanced org.springframework.cloud.netflix.eureka.EurekaClientAutoConfiguration$RefreshableEurekaClientConfiguration; enhanced class name is: org.springframework.cloud.netflix.eureka.EurekaClientAutoConfiguration$RefreshableEurekaClientConfiguration$$EnhancerBySpringCGLIB$$ced76db7
2020-03-09 20:45:23.528 [main] DEBUG o.s.c.a.ConfigurationClassPostProcessor - Replacing bean definition 'org.springframework.cloud.netflix.eureka.EurekaClientAutoConfiguration$RefreshableEurekaClientConfiguration' existing class 'org.springframework.cloud.netflix.eureka.EurekaClientAutoConfiguration$RefreshableEurekaClientConfiguration' with enhanced class 'org.springframework.cloud.netflix.eureka.EurekaClientAutoConfiguration$RefreshableEurekaClientConfiguration$$EnhancerBySpringCGLIB$$ced76db7'
2020-03-09 20:45:23.531 [main] DEBUG o.s.c.a.ConfigurationClassEnhancer - Successfully enhanced org.springframework.cloud.netflix.eureka.config.DiscoveryClientOptionalArgsConfiguration; enhanced class name is: org.springframework.cloud.netflix.eureka.config.DiscoveryClientOptionalArgsConfiguration$$EnhancerBySpringCGLIB$$7074dff1
2020-03-09 20:45:23.531 [main] DEBUG o.s.c.a.ConfigurationClassPostProcessor - Replacing bean definition 'org.springframework.cloud.netflix.eureka.config.DiscoveryClientOptionalArgsConfiguration' existing class 'org.springframework.cloud.netflix.eureka.config.DiscoveryClientOptionalArgsConfiguration' with enhanced class 'org.springframework.cloud.netflix.eureka.config.DiscoveryClientOptionalArgsConfiguration$$EnhancerBySpringCGLIB$$7074dff1'
2020-03-09 20:45:23.535 [main] DEBUG o.s.c.a.ConfigurationClassEnhancer - Successfully enhanced org.springframework.cloud.netflix.eureka.EurekaClientAutoConfiguration; enhanced class name is: org.springframework.cloud.netflix.eureka.EurekaClientAutoConfiguration$$EnhancerBySpringCGLIB$$5d49bd6a
2020-03-09 20:45:23.535 [main] DEBUG o.s.c.a.ConfigurationClassPostProcessor - Replacing bean definition 'org.springframework.cloud.netflix.eureka.EurekaClientAutoConfiguration' existing class 'org.springframework.cloud.netflix.eureka.EurekaClientAutoConfiguration' with enhanced class 'org.springframework.cloud.netflix.eureka.EurekaClientAutoConfiguration$$EnhancerBySpringCGLIB$$5d49bd6a'
2020-03-09 20:45:23.537 [main] DEBUG o.s.c.a.ConfigurationClassEnhancer - Successfully enhanced org.springframework.cloud.client.CommonsClientAutoConfiguration; enhanced class name is: org.springframework.cloud.client.CommonsClientAutoConfiguration$$EnhancerBySpringCGLIB$$caeb5497
2020-03-09 20:45:23.537 [main] DEBUG o.s.c.a.ConfigurationClassPostProcessor - Replacing bean definition 'org.springframework.cloud.client.CommonsClientAutoConfiguration' existing class 'org.springframework.cloud.client.CommonsClientAutoConfiguration' with enhanced class 'org.springframework.cloud.client.CommonsClientAutoConfiguration$$EnhancerBySpringCGLIB$$caeb5497'
2020-03-09 20:45:23.538 [main] DEBUG o.s.c.a.ConfigurationClassEnhancer - Successfully enhanced org.springframework.cloud.client.discovery.composite.CompositeDiscoveryClientAutoConfiguration; enhanced class name is: org.springframework.cloud.client.discovery.composite.CompositeDiscoveryClientAutoConfiguration$$EnhancerBySpringCGLIB$$f4449f2b
2020-03-09 20:45:23.538 [main] DEBUG o.s.c.a.ConfigurationClassPostProcessor - Replacing bean definition 'org.springframework.cloud.client.discovery.composite.CompositeDiscoveryClientAutoConfiguration' existing class 'org.springframework.cloud.client.discovery.composite.CompositeDiscoveryClientAutoConfiguration' with enhanced class 'org.springframework.cloud.client.discovery.composite.CompositeDiscoveryClientAutoConfiguration$$EnhancerBySpringCGLIB$$f4449f2b'
2020-03-09 20:45:23.540 [main] DEBUG o.s.c.a.ConfigurationClassEnhancer - Successfully enhanced org.springframework.cloud.client.discovery.simple.SimpleDiscoveryClientAutoConfiguration; enhanced class name is: org.springframework.cloud.client.discovery.simple.SimpleDiscoveryClientAutoConfiguration$$EnhancerBySpringCGLIB$$c07337f9
2020-03-09 20:45:23.540 [main] DEBUG o.s.c.a.ConfigurationClassPostProcessor - Replacing bean definition 'org.springframework.cloud.client.discovery.simple.SimpleDiscoveryClientAutoConfiguration' existing class 'org.springframework.cloud.client.discovery.simple.SimpleDiscoveryClientAutoConfiguration' with enhanced class 'org.springframework.cloud.client.discovery.simple.SimpleDiscoveryClientAutoConfiguration$$EnhancerBySpringCGLIB$$c07337f9'
2020-03-09 20:45:23.543 [main] DEBUG o.s.c.a.ConfigurationClassEnhancer - Successfully enhanced org.springframework.cloud.netflix.ribbon.RibbonAutoConfiguration; enhanced class name is: org.springframework.cloud.netflix.ribbon.RibbonAutoConfiguration$$EnhancerBySpringCGLIB$$a8a0d175
2020-03-09 20:45:23.543 [main] DEBUG o.s.c.a.ConfigurationClassPostProcessor - Replacing bean definition 'org.springframework.cloud.netflix.ribbon.RibbonAutoConfiguration' existing class 'org.springframework.cloud.netflix.ribbon.RibbonAutoConfiguration' with enhanced class 'org.springframework.cloud.netflix.ribbon.RibbonAutoConfiguration$$EnhancerBySpringCGLIB$$a8a0d175'
2020-03-09 20:45:23.546 [main] DEBUG o.s.c.a.ConfigurationClassEnhancer - Successfully enhanced org.springframework.cloud.client.loadbalancer.AsyncLoadBalancerAutoConfiguration$LoadBalancerInterceptorConfig; enhanced class name is: org.springframework.cloud.client.loadbalancer.AsyncLoadBalancerAutoConfiguration$LoadBalancerInterceptorConfig$$EnhancerBySpringCGLIB$$c1122125
2020-03-09 20:45:23.547 [main] DEBUG o.s.c.a.ConfigurationClassPostProcessor - Replacing bean definition 'org.springframework.cloud.client.loadbalancer.AsyncLoadBalancerAutoConfiguration$LoadBalancerInterceptorConfig' existing class 'org.springframework.cloud.client.loadbalancer.AsyncLoadBalancerAutoConfiguration$LoadBalancerInterceptorConfig' with enhanced class 'org.springframework.cloud.client.loadbalancer.AsyncLoadBalancerAutoConfiguration$LoadBalancerInterceptorConfig$$EnhancerBySpringCGLIB$$c1122125'
2020-03-09 20:45:23.549 [main] DEBUG o.s.c.a.ConfigurationClassEnhancer - Successfully enhanced org.springframework.cloud.client.loadbalancer.AsyncLoadBalancerAutoConfiguration$AsyncRestTemplateCustomizerConfig; enhanced class name is: org.springframework.cloud.client.loadbalancer.AsyncLoadBalancerAutoConfiguration$AsyncRestTemplateCustomizerConfig$$EnhancerBySpringCGLIB$$cc40f6f5
2020-03-09 20:45:23.549 [main] DEBUG o.s.c.a.ConfigurationClassPostProcessor - Replacing bean definition 'org.springframework.cloud.client.loadbalancer.AsyncLoadBalancerAutoConfiguration$AsyncRestTemplateCustomizerConfig' existing class 'org.springframework.cloud.client.loadbalancer.AsyncLoadBalancerAutoConfiguration$AsyncRestTemplateCustomizerConfig' with enhanced class 'org.springframework.cloud.client.loadbalancer.AsyncLoadBalancerAutoConfiguration$AsyncRestTemplateCustomizerConfig$$EnhancerBySpringCGLIB$$cc40f6f5'
2020-03-09 20:45:23.550 [main] DEBUG o.s.c.a.ConfigurationClassEnhancer - Successfully enhanced org.springframework.cloud.client.loadbalancer.AsyncLoadBalancerAutoConfiguration; enhanced class name is: org.springframework.cloud.client.loadbalancer.AsyncLoadBalancerAutoConfiguration$$EnhancerBySpringCGLIB$$b9ad707e
2020-03-09 20:45:23.551 [main] DEBUG o.s.c.a.ConfigurationClassPostProcessor - Replacing bean definition 'org.springframework.cloud.client.loadbalancer.AsyncLoadBalancerAutoConfiguration' existing class 'org.springframework.cloud.client.loadbalancer.AsyncLoadBalancerAutoConfiguration' with enhanced class 'org.springframework.cloud.client.loadbalancer.AsyncLoadBalancerAutoConfiguration$$EnhancerBySpringCGLIB$$b9ad707e'
2020-03-09 20:45:23.555 [main] DEBUG o.s.c.a.ConfigurationClassEnhancer - Successfully enhanced org.springframework.cloud.client.loadbalancer.LoadBalancerAutoConfiguration$LoadBalancerInterceptorConfig; enhanced class name is: org.springframework.cloud.client.loadbalancer.LoadBalancerAutoConfiguration$LoadBalancerInterceptorConfig$$EnhancerBySpringCGLIB$$2c4e0a03
2020-03-09 20:45:23.555 [main] DEBUG o.s.c.a.ConfigurationClassPostProcessor - Replacing bean definition 'org.springframework.cloud.client.loadbalancer.LoadBalancerAutoConfiguration$LoadBalancerInterceptorConfig' existing class 'org.springframework.cloud.client.loadbalancer.LoadBalancerAutoConfiguration$LoadBalancerInterceptorConfig' with enhanced class 'org.springframework.cloud.client.loadbalancer.LoadBalancerAutoConfiguration$LoadBalancerInterceptorConfig$$EnhancerBySpringCGLIB$$2c4e0a03'
2020-03-09 20:45:23.558 [main] DEBUG o.s.c.a.ConfigurationClassEnhancer - Successfully enhanced org.springframework.cloud.client.loadbalancer.LoadBalancerAutoConfiguration; enhanced class name is: org.springframework.cloud.client.loadbalancer.LoadBalancerAutoConfiguration$$EnhancerBySpringCGLIB$$891f91dc
2020-03-09 20:45:23.558 [main] DEBUG o.s.c.a.ConfigurationClassPostProcessor - Replacing bean definition 'org.springframework.cloud.client.loadbalancer.LoadBalancerAutoConfiguration' existing class 'org.springframework.cloud.client.loadbalancer.LoadBalancerAutoConfiguration' with enhanced class 'org.springframework.cloud.client.loadbalancer.LoadBalancerAutoConfiguration$$EnhancerBySpringCGLIB$$891f91dc'
2020-03-09 20:45:23.560 [main] DEBUG o.s.c.a.ConfigurationClassEnhancer - Successfully enhanced org.springframework.cloud.client.serviceregistry.ServiceRegistryAutoConfiguration; enhanced class name is: org.springframework.cloud.client.serviceregistry.ServiceRegistryAutoConfiguration$$EnhancerBySpringCGLIB$$d234fe94
2020-03-09 20:45:23.560 [main] DEBUG o.s.c.a.ConfigurationClassPostProcessor - Replacing bean definition 'org.springframework.cloud.client.serviceregistry.ServiceRegistryAutoConfiguration' existing class 'org.springframework.cloud.client.serviceregistry.ServiceRegistryAutoConfiguration' with enhanced class 'org.springframework.cloud.client.serviceregistry.ServiceRegistryAutoConfiguration$$EnhancerBySpringCGLIB$$d234fe94'
2020-03-09 20:45:23.563 [main] DEBUG o.s.c.a.ConfigurationClassEnhancer - Successfully enhanced org.springframework.cloud.commons.httpclient.HttpClientConfiguration$OkHttpClientConfiguration; enhanced class name is: org.springframework.cloud.commons.httpclient.HttpClientConfiguration$OkHttpClientConfiguration$$EnhancerBySpringCGLIB$$c80f6fd1
2020-03-09 20:45:23.564 [main] DEBUG o.s.c.a.ConfigurationClassPostProcessor - Replacing bean definition 'org.springframework.cloud.commons.httpclient.HttpClientConfiguration$OkHttpClientConfiguration' existing class 'org.springframework.cloud.commons.httpclient.HttpClientConfiguration$OkHttpClientConfiguration' with enhanced class 'org.springframework.cloud.commons.httpclient.HttpClientConfiguration$OkHttpClientConfiguration$$EnhancerBySpringCGLIB$$c80f6fd1'
2020-03-09 20:45:23.566 [main] DEBUG o.s.c.a.ConfigurationClassEnhancer - Successfully enhanced org.springframework.cloud.commons.httpclient.HttpClientConfiguration$ApacheHttpClientConfiguration; enhanced class name is: org.springframework.cloud.commons.httpclient.HttpClientConfiguration$ApacheHttpClientConfiguration$$EnhancerBySpringCGLIB$$944b56df
2020-03-09 20:45:23.567 [main] DEBUG o.s.c.a.ConfigurationClassPostProcessor - Replacing bean definition 'org.springframework.cloud.commons.httpclient.HttpClientConfiguration$ApacheHttpClientConfiguration' existing class 'org.springframework.cloud.commons.httpclient.HttpClientConfiguration$ApacheHttpClientConfiguration' with enhanced class 'org.springframework.cloud.commons.httpclient.HttpClientConfiguration$ApacheHttpClientConfiguration$$EnhancerBySpringCGLIB$$944b56df'
2020-03-09 20:45:23.570 [main] DEBUG o.s.c.a.ConfigurationClassEnhancer - Successfully enhanced org.springframework.cloud.commons.httpclient.HttpClientConfiguration; enhanced class name is: org.springframework.cloud.commons.httpclient.HttpClientConfiguration$$EnhancerBySpringCGLIB$$c9bf5bee
2020-03-09 20:45:23.570 [main] DEBUG o.s.c.a.ConfigurationClassPostProcessor - Replacing bean definition 'org.springframework.cloud.commons.httpclient.HttpClientConfiguration' existing class 'org.springframework.cloud.commons.httpclient.HttpClientConfiguration' with enhanced class 'org.springframework.cloud.commons.httpclient.HttpClientConfiguration$$EnhancerBySpringCGLIB$$c9bf5bee'
2020-03-09 20:45:23.573 [main] DEBUG o.s.c.a.ConfigurationClassEnhancer - Successfully enhanced org.springframework.cloud.commons.util.UtilAutoConfiguration; enhanced class name is: org.springframework.cloud.commons.util.UtilAutoConfiguration$$EnhancerBySpringCGLIB$$73023b1f
2020-03-09 20:45:23.573 [main] DEBUG o.s.c.a.ConfigurationClassPostProcessor - Replacing bean definition 'org.springframework.cloud.commons.util.UtilAutoConfiguration' existing class 'org.springframework.cloud.commons.util.UtilAutoConfiguration' with enhanced class 'org.springframework.cloud.commons.util.UtilAutoConfiguration$$EnhancerBySpringCGLIB$$73023b1f'
2020-03-09 20:45:23.574 [main] DEBUG o.s.c.a.ConfigurationClassEnhancer - Successfully enhanced org.springframework.cloud.netflix.ribbon.eureka.RibbonEurekaAutoConfiguration; enhanced class name is: org.springframework.cloud.netflix.ribbon.eureka.RibbonEurekaAutoConfiguration$$EnhancerBySpringCGLIB$$7e5ebe3f
2020-03-09 20:45:23.574 [main] DEBUG o.s.c.a.ConfigurationClassPostProcessor - Replacing bean definition 'org.springframework.cloud.netflix.ribbon.eureka.RibbonEurekaAutoConfiguration' existing class 'org.springframework.cloud.netflix.ribbon.eureka.RibbonEurekaAutoConfiguration' with enhanced class 'org.springframework.cloud.netflix.ribbon.eureka.RibbonEurekaAutoConfiguration$$EnhancerBySpringCGLIB$$7e5ebe3f'
2020-03-09 20:45:23.576 [main] DEBUG o.s.c.a.ConfigurationClassEnhancer - Successfully enhanced org.springframework.cloud.openfeign.ribbon.DefaultFeignLoadBalancedConfiguration; enhanced class name is: org.springframework.cloud.openfeign.ribbon.DefaultFeignLoadBalancedConfiguration$$EnhancerBySpringCGLIB$$7ac46e67
2020-03-09 20:45:23.578 [main] DEBUG o.s.c.a.ConfigurationClassPostProcessor - Replacing bean definition 'org.springframework.cloud.openfeign.ribbon.DefaultFeignLoadBalancedConfiguration' existing class 'org.springframework.cloud.openfeign.ribbon.DefaultFeignLoadBalancedConfiguration' with enhanced class 'org.springframework.cloud.openfeign.ribbon.DefaultFeignLoadBalancedConfiguration$$EnhancerBySpringCGLIB$$7ac46e67'
2020-03-09 20:45:23.581 [main] DEBUG o.s.c.a.ConfigurationClassEnhancer - Successfully enhanced org.springframework.cloud.openfeign.ribbon.FeignRibbonClientAutoConfiguration; enhanced class name is: org.springframework.cloud.openfeign.ribbon.FeignRibbonClientAutoConfiguration$$EnhancerBySpringCGLIB$$48a558a6
2020-03-09 20:45:23.581 [main] DEBUG o.s.c.a.ConfigurationClassPostProcessor - Replacing bean definition 'org.springframework.cloud.openfeign.ribbon.FeignRibbonClientAutoConfiguration' existing class 'org.springframework.cloud.openfeign.ribbon.FeignRibbonClientAutoConfiguration' with enhanced class 'org.springframework.cloud.openfeign.ribbon.FeignRibbonClientAutoConfiguration$$EnhancerBySpringCGLIB$$48a558a6'
2020-03-09 20:45:23.582 [main] DEBUG o.s.c.a.ConfigurationClassEnhancer - Successfully enhanced org.springframework.cloud.openfeign.FeignAutoConfiguration$HystrixFeignTargeterConfiguration; enhanced class name is: org.springframework.cloud.openfeign.FeignAutoConfiguration$HystrixFeignTargeterConfiguration$$EnhancerBySpringCGLIB$$ed21c58f
2020-03-09 20:45:23.585 [main] DEBUG o.s.c.a.ConfigurationClassPostProcessor - Replacing bean definition 'org.springframework.cloud.openfeign.FeignAutoConfiguration$HystrixFeignTargeterConfiguration' existing class 'org.springframework.cloud.openfeign.FeignAutoConfiguration$HystrixFeignTargeterConfiguration' with enhanced class 'org.springframework.cloud.openfeign.FeignAutoConfiguration$HystrixFeignTargeterConfiguration$$EnhancerBySpringCGLIB$$ed21c58f'
2020-03-09 20:45:23.588 [main] DEBUG o.s.c.a.ConfigurationClassEnhancer - Successfully enhanced org.springframework.cloud.openfeign.FeignAutoConfiguration; enhanced class name is: org.springframework.cloud.openfeign.FeignAutoConfiguration$$EnhancerBySpringCGLIB$$b398161d
2020-03-09 20:45:23.588 [main] DEBUG o.s.c.a.ConfigurationClassPostProcessor - Replacing bean definition 'org.springframework.cloud.openfeign.FeignAutoConfiguration' existing class 'org.springframework.cloud.openfeign.FeignAutoConfiguration' with enhanced class 'org.springframework.cloud.openfeign.FeignAutoConfiguration$$EnhancerBySpringCGLIB$$b398161d'
2020-03-09 20:45:23.588 [main] DEBUG o.s.b.f.s.DefaultListableBeanFactory - Registering scope 'refresh' with implementation [org.springframework.cloud.context.scope.refresh.RefreshScope@3aaa3c39]
2020-03-09 20:45:23.589 [main] DEBUG o.s.cloud.context.scope.GenericScope - Generating bean factory id from names: [accessorsProvider, apacheHttpClientBuilder, apacheHttpClientFactory, apiDescriptionLookup, apiDescriptionReader, apiDocumentationScanner, apiListingBuilderPluginRegistry, apiListingReader, apiListingReferenceScanner, apiListingScanner, apiListingScannerPluginRegistry, apiModelBuilder, apiModelPropertyPropertyBuilder, apiModelReader, apiModelTypeNameProvider, apiOperationReader, apiResourceController, asyncLoadBalancerInterceptor, asyncRestTemplateCustomizer, basicErrorController, beanNameHandlerMapping, beanNameViewResolver, cachingLBClientFactory, cachingModelDependencyProvider, cachingModelPropertiesProvider, cachingModelProvider, cachingOperationNameGenerator, cachingOperationReader, categoryMapper, characterEncodingFilter, classOrApiAnnotationResourceGrouping, com.alibaba.druid.spring.boot.autoconfigure.DruidDataSourceAutoConfigure, com.alibaba.druid.spring.boot.autoconfigure.stat.DruidFilterConfiguration, com.alibaba.druid.spring.boot.autoconfigure.stat.DruidStatViewServletConfiguration, com.alibaba.druid.spring.boot.autoconfigure.stat.DruidWebStatFilterConfiguration, com.github.pagehelper.autoconfigure.PageHelperAutoConfiguration, com.ningmeng.manage_course.client.CmsPageClient, compositeDiscoveryClient, configurableEnvironmentConfiguration, configurationPropertiesBeans, configurationPropertiesRebinder, connManFactory, connPoolFactory, contextRefresher, conventionErrorViewResolver, courseBaseRepository, courseController, courseMapper, courseMarketMapper, courseMarketRepository, coursePicRepository, coursePubRepository, courseService, createRestApi, dataSource, dataSourceInitializedPublisher, dataSourceInitializerPostProcessor, default.com.ningmeng.manage_course.ManageCourseApplication.FeignClientSpecification, default.org.springframework.cloud.netflix.ribbon.RibbonAutoConfiguration.RibbonClientSpecification, default.org.springframework.cloud.netflix.ribbon.eureka.RibbonEurekaAutoConfiguration.RibbonClientSpecification, defaultModelDependencyProvider, defaultModelProvider, defaultOperationReader, defaultServletHandlerMapping, defaultTagsProvider, defaultValidator, defaultViewResolver, defaults, defaultsProviderPluginRegistry, descriptionResolver, discoveryClient, discoveryClientOptionalArgs, dispatcherServlet, dispatcherServletRegistration, documentationPluginRegistry, documentationPluginsBootstrapper, documentationPluginsManager, emBeanDefinitionRegistrarPostProcessor, entityManagerFactory, entityManagerFactoryBuilder, environmentManager, error, errorAttributes, errorPageCustomizer, errorPageRegistrarBeanPostProcessor, eurekaApplicationInfoManager, eurekaAutoServiceRegistration, eurekaClient, eurekaClientConfigBean, eurekaDiscoverClientMarker, eurekaFeature, eurekaInstanceConfigBean, eurekaRegistration, eurekaServiceRegistry, exceptionCatch, expandedParameterBuilder, expandedParameterBuilderPluginRegistry, factoryMethodProvider, faviconHandlerMapping, faviconRequestHandler, feign.client-org.springframework.cloud.openfeign.FeignClientProperties, feign.httpclient-org.springframework.cloud.openfeign.support.FeignHttpClientProperties, feignClient, feignContext, feignFeature, feignRequestOptions, feignTargeter, fieldProvider, geoJsonModule, gridFsTemplate, gson, gsonBuilder, handlerExceptionResolver, hiddenHttpMethodFilter, hikariPoolDataSourceMetadataProvider, httpPutFormContentFilter, httpRequestHandlerAdapter, inMemorySwaggerResourcesProvider, inetUtils, inetUtilsProperties, jacksonCodecCustomizer, jacksonGeoModule, jacksonObjectMapper, jacksonObjectMapperBuilder, jdbcTemplate, jpaContext, jpaMappingContext, jpaVendorAdapter, jsonComponentModule, jsonSerializer, licenseMapperImpl, loadBalancedAsyncRestTemplateInitializer, loadBalancedRestTemplateInitializerDeprecated, loadBalancerClient, loadBalancerRequestFactory, localeCharsetMappingsCustomizer, loggingRebinder, manageCourseApplication, mappingJackson2HttpMessageConverter, mappingMongoConverter, mediaTypeReader, messageConverters, methodValidationPostProcessor, modelAttributeParameterExpander, modelBuilderPluginRegistry, modelMapperImpl, modelPropertyBuilderPluginRegistry, mongo, mongoCustomConversions, mongoDbFactory, mongoMappingContext, mongoTemplate, multipartConfigElement, multipartResolver, mvcContentNegotiationManager, mvcConversionService, mvcHandlerMappingIntrospector, mvcPathMatcher, mvcResourceUrlProvider, mvcUriComponentsContributor, mvcUrlPathHelper, mvcValidator, mvcViewResolver, mybatis-org.mybatis.spring.boot.autoconfigure.MybatisProperties, namedParameterJdbcTemplate, nm-service-manage-cms.FeignClientSpecification, objectMapperBeanPropertyNamingStrategy, objectMapperConfigurer, okHttpClientBuilder, okHttpClientFactory, openEntityManagerInViewInterceptor, operationAuthReader, operationBuilderPluginRegistry, operationDeprecatedReader, operationHiddenReader, operationHttpMethodReader, operationImplicitParameterReader, operationImplicitParametersReader, operationModelsProvider, operationModelsProviderPluginRegistry, operationNicknameIntoUniqueIdReader, operationNotesReader, operationParameterHeadersConditionReader, operationParameterReader, operationParameterRequestConditionReader, operationPathDecorator, operationPositionReader, operationResponseClassReader, operationSummaryReader, operationTagsReader, optimized, org.mybatis.spring.boot.autoconfigure.MybatisAutoConfiguration, org.mybatis.spring.boot.autoconfigure.MybatisAutoConfiguration$MapperScannerRegistrarNotFoundConfiguration, org.springframework.aop.config.internalAutoProxyCreator, org.springframework.boot.autoconfigure.AutoConfigurationPackages, org.springframework.boot.autoconfigure.aop.AopAutoConfiguration, org.springframework.boot.autoconfigure.aop.AopAutoConfiguration$CglibAutoProxyConfiguration, org.springframework.boot.autoconfigure.condition.BeanTypeRegistry, org.springframework.boot.autoconfigure.context.ConfigurationPropertiesAutoConfiguration, org.springframework.boot.autoconfigure.context.PropertyPlaceholderAutoConfiguration, org.springframework.boot.autoconfigure.dao.PersistenceExceptionTranslationAutoConfiguration, org.springframework.boot.autoconfigure.data.jpa.JpaRepositoriesAutoConfiguration, org.springframework.boot.autoconfigure.data.mongo.MongoDataAutoConfiguration, org.springframework.boot.autoconfigure.data.mongo.MongoRepositoriesAutoConfiguration, org.springframework.boot.autoconfigure.data.web.SpringDataWebAutoConfiguration, org.springframework.boot.autoconfigure.domain.EntityScanPackages, org.springframework.boot.autoconfigure.gson.GsonAutoConfiguration, org.springframework.boot.autoconfigure.http.GsonHttpMessageConvertersConfiguration, org.springframework.boot.autoconfigure.http.HttpMessageConvertersAutoConfiguration, org.springframework.boot.autoconfigure.http.HttpMessageConvertersAutoConfiguration$StringHttpMessageConverterConfiguration, org.springframework.boot.autoconfigure.http.JacksonHttpMessageConvertersConfiguration, org.springframework.boot.autoconfigure.http.JacksonHttpMessageConvertersConfiguration$MappingJackson2HttpMessageConverterConfiguration, org.springframework.boot.autoconfigure.http.codec.CodecsAutoConfiguration, org.springframework.boot.autoconfigure.http.codec.CodecsAutoConfiguration$JacksonCodecConfiguration, org.springframework.boot.autoconfigure.info.ProjectInfoAutoConfiguration, org.springframework.boot.autoconfigure.internalCachingMetadataReaderFactory, org.springframework.boot.autoconfigure.jackson.JacksonAutoConfiguration, org.springframework.boot.autoconfigure.jackson.JacksonAutoConfiguration$Jackson2ObjectMapperBuilderCustomizerConfiguration, org.springframework.boot.autoconfigure.jackson.JacksonAutoConfiguration$JacksonObjectMapperBuilderConfiguration, org.springframework.boot.autoconfigure.jackson.JacksonAutoConfiguration$JacksonObjectMapperConfiguration, org.springframework.boot.autoconfigure.jackson.JacksonAutoConfiguration$ParameterNamesModuleConfiguration, org.springframework.boot.autoconfigure.jdbc.DataSourceAutoConfiguration, org.springframework.boot.autoconfigure.jdbc.DataSourceInitializationConfiguration, org.springframework.boot.autoconfigure.jdbc.DataSourceInitializerInvoker, org.springframework.boot.autoconfigure.jdbc.DataSourceTransactionManagerAutoConfiguration, org.springframework.boot.autoconfigure.jdbc.DataSourceTransactionManagerAutoConfiguration$DataSourceTransactionManagerConfiguration, org.springframework.boot.autoconfigure.jdbc.JdbcTemplateAutoConfiguration, org.springframework.boot.autoconfigure.jdbc.JdbcTemplateAutoConfiguration$JdbcTemplateConfiguration, org.springframework.boot.autoconfigure.jdbc.JdbcTemplateAutoConfiguration$NamedParameterJdbcTemplateConfiguration, org.springframework.boot.autoconfigure.jdbc.metadata.DataSourcePoolMetadataProvidersConfiguration, org.springframework.boot.autoconfigure.jdbc.metadata.DataSourcePoolMetadataProvidersConfiguration$HikariPoolDataSourceMetadataProviderConfiguration, org.springframework.boot.autoconfigure.mongo.MongoAutoConfiguration, org.springframework.boot.autoconfigure.orm.jpa.HibernateJpaAutoConfiguration, org.springframework.boot.autoconfigure.orm.jpa.HibernateJpaConfiguration, org.springframework.boot.autoconfigure.orm.jpa.JpaBaseConfiguration$JpaWebConfiguration, org.springframework.boot.autoconfigure.orm.jpa.JpaBaseConfiguration$JpaWebConfiguration$JpaWebMvcConfiguration, org.springframework.boot.autoconfigure.security.reactive.ReactiveSecurityAutoConfiguration, org.springframework.boot.autoconfigure.transaction.TransactionAutoConfiguration, org.springframework.boot.autoconfigure.transaction.TransactionAutoConfiguration$EnableTransactionManagementConfiguration, org.springframework.boot.autoconfigure.transaction.TransactionAutoConfiguration$EnableTransactionManagementConfiguration$CglibAutoProxyConfiguration, org.springframework.boot.autoconfigure.transaction.TransactionAutoConfiguration$TransactionTemplateConfiguration, org.springframework.boot.autoconfigure.transaction.jta.JtaAutoConfiguration, org.springframework.boot.autoconfigure.validation.ValidationAutoConfiguration, org.springframework.boot.autoconfigure.web.client.RestTemplateAutoConfiguration, org.springframework.boot.autoconfigure.web.embedded.EmbeddedWebServerFactoryCustomizerAutoConfiguration, org.springframework.boot.autoconfigure.web.embedded.EmbeddedWebServerFactoryCustomizerAutoConfiguration$TomcatWebServerFactoryCustomizerConfiguration, org.springframework.boot.autoconfigure.web.servlet.DispatcherServletAutoConfiguration, org.springframework.boot.autoconfigure.web.servlet.DispatcherServletAutoConfiguration$DispatcherServletConfiguration, org.springframework.boot.autoconfigure.web.servlet.DispatcherServletAutoConfiguration$DispatcherServletRegistrationConfiguration, org.springframework.boot.autoconfigure.web.servlet.HttpEncodingAutoConfiguration, org.springframework.boot.autoconfigure.web.servlet.MultipartAutoConfiguration, org.springframework.boot.autoconfigure.web.servlet.ServletWebServerFactoryAutoConfiguration, org.springframework.boot.autoconfigure.web.servlet.ServletWebServerFactoryConfiguration$EmbeddedTomcat, org.springframework.boot.autoconfigure.web.servlet.WebMvcAutoConfiguration, org.springframework.boot.autoconfigure.web.servlet.WebMvcAutoConfiguration$EnableWebMvcConfiguration, org.springframework.boot.autoconfigure.web.servlet.WebMvcAutoConfiguration$WebMvcAutoConfigurationAdapter, org.springframework.boot.autoconfigure.web.servlet.WebMvcAutoConfiguration$WebMvcAutoConfigurationAdapter$FaviconConfiguration, org.springframework.boot.autoconfigure.web.servlet.error.ErrorMvcAutoConfiguration, org.springframework.boot.autoconfigure.web.servlet.error.ErrorMvcAutoConfiguration$DefaultErrorViewResolverConfiguration, org.springframework.boot.autoconfigure.web.servlet.error.ErrorMvcAutoConfiguration$WhitelabelErrorViewConfiguration, org.springframework.boot.autoconfigure.websocket.servlet.WebSocketServletAutoConfiguration, org.springframework.boot.autoconfigure.websocket.servlet.WebSocketServletAutoConfiguration$TomcatWebSocketConfiguration, org.springframework.boot.context.properties.ConfigurationBeanFactoryMetadata, org.springframework.boot.context.properties.ConfigurationPropertiesBindingPostProcessor, org.springframework.boot.test.mock.mockito.MockitoPostProcessor, org.springframework.boot.test.mock.mockito.MockitoPostProcessor$SpyPostProcessor, org.springframework.cloud.autoconfigure.ConfigurationPropertiesRebinderAutoConfiguration, org.springframework.cloud.autoconfigure.LifecycleMvcEndpointAutoConfiguration, org.springframework.cloud.autoconfigure.RefreshAutoConfiguration, org.springframework.cloud.autoconfigure.RefreshAutoConfiguration$JpaInvokerConfiguration, org.springframework.cloud.autoconfigure.RefreshAutoConfiguration$RefreshScopeBeanDefinitionEnhancer, org.springframework.cloud.client.CommonsClientAutoConfiguration, org.springframework.cloud.client.discovery.composite.CompositeDiscoveryClientAutoConfiguration, org.springframework.cloud.client.discovery.simple.SimpleDiscoveryClientAutoConfiguration, org.springframework.cloud.client.loadbalancer.AsyncLoadBalancerAutoConfiguration, org.springframework.cloud.client.loadbalancer.AsyncLoadBalancerAutoConfiguration$AsyncRestTemplateCustomizerConfig, org.springframework.cloud.client.loadbalancer.AsyncLoadBalancerAutoConfiguration$LoadBalancerInterceptorConfig, org.springframework.cloud.client.loadbalancer.LoadBalancerAutoConfiguration, org.springframework.cloud.client.loadbalancer.LoadBalancerAutoConfiguration$LoadBalancerInterceptorConfig, org.springframework.cloud.client.serviceregistry.AutoServiceRegistrationAutoConfiguration, org.springframework.cloud.client.serviceregistry.AutoServiceRegistrationConfiguration, org.springframework.cloud.client.serviceregistry.ServiceRegistryAutoConfiguration, org.springframework.cloud.commons.httpclient.HttpClientConfiguration, org.springframework.cloud.commons.httpclient.HttpClientConfiguration$ApacheHttpClientConfiguration, org.springframework.cloud.commons.httpclient.HttpClientConfiguration$OkHttpClientConfiguration, org.springframework.cloud.commons.util.UtilAutoConfiguration, org.springframework.cloud.netflix.archaius.ArchaiusAutoConfiguration, org.springframework.cloud.netflix.archaius.ArchaiusAutoConfiguration$PropagateEventsConfiguration, org.springframework.cloud.netflix.eureka.EurekaClientAutoConfiguration, org.springframework.cloud.netflix.eureka.EurekaClientAutoConfiguration$RefreshableEurekaClientConfiguration, org.springframework.cloud.netflix.eureka.EurekaDiscoveryClientConfiguration, org.springframework.cloud.netflix.eureka.EurekaDiscoveryClientConfiguration$EurekaClientConfigurationRefresher, org.springframework.cloud.netflix.eureka.config.DiscoveryClientOptionalArgsConfiguration, org.springframework.cloud.netflix.ribbon.RibbonAutoConfiguration, org.springframework.cloud.netflix.ribbon.eureka.RibbonEurekaAutoConfiguration, org.springframework.cloud.openfeign.FeignAutoConfiguration, org.springframework.cloud.openfeign.FeignAutoConfiguration$HystrixFeignTargeterConfiguration, org.springframework.cloud.openfeign.ribbon.DefaultFeignLoadBalancedConfiguration, org.springframework.cloud.openfeign.ribbon.FeignRibbonClientAutoConfiguration, org.springframework.context.annotation.internalAutowiredAnnotationProcessor, org.springframework.context.annotation.internalCommonAnnotationProcessor, org.springframework.context.annotation.internalConfigurationAnnotationProcessor, org.springframework.context.annotation.internalPersistenceAnnotationProcessor, org.springframework.context.annotation.internalRequiredAnnotationProcessor, org.springframework.context.event.internalEventListenerFactory, org.springframework.context.event.internalEventListenerProcessor, org.springframework.data.mongodb.config.GeoJsonConfiguration, org.springframework.data.web.config.ProjectingArgumentResolverRegistrar, org.springframework.data.web.config.SpringDataJacksonConfiguration, org.springframework.data.web.config.SpringDataWebConfiguration, org.springframework.transaction.annotation.ProxyTransactionManagementConfiguration, org.springframework.transaction.config.internalTransactionAdvisor, org.springframework.transaction.config.internalTransactionalEventListenerFactory, pageHelperProperties, pageableCustomizer, pageableResolver, pagehelper-com.github.pagehelper.autoconfigure.PageHelperProperties, parameterBuilderPluginRegistry, parameterDataTypeReader, parameterDefaultReader, parameterMapperImpl, parameterMultiplesReader, parameterNameReader, parameterNamesModule, parameterRequiredReader, parameterTypeReader, pathDecoratorRegistry, pathMappingDecorator, pathSanitizer, persistenceExceptionTranslationPostProcessor, platformTransactionManagerCustomizers, preserveErrorControllerTargetClassPostProcessor, projectingArgumentResolverBeanPostProcessor, propertiesFactory, propertySourcesPlaceholderConfigurer, queryStringUriTemplateDecorator, refreshEventListener, refreshScope, requestContextFilter, requestMappingHandlerAdapter, requestMappingHandlerMapping, resourceGroupCache, resourceGroupingStrategyRegistry, resourceHandlerMapping, responseMessagesReader, restTemplate, restTemplateBuilder, restTemplateCustomizer, ribbon-org.springframework.cloud.netflix.ribbon.ServerIntrospectorProperties, ribbon.eager-load-org.springframework.cloud.netflix.ribbon.RibbonEagerLoadProperties, ribbonFeature, ribbonInterceptor, schemaPluginsManager, scopedTarget.eurekaApplicationInfoManager, scopedTarget.eurekaClient, scopedTarget.eurekaRegistration, securityMapperImpl, server-org.springframework.boot.autoconfigure.web.ServerProperties, serviceManagementMetadataProvider, serviceModelToSwagger2MapperImpl, servletWebServerFactoryCustomizer, simpleControllerHandlerAdapter, simpleDiscoveryClient, simpleDiscoveryProperties, sortCustomizer, sortResolver, spring.cloud.loadbalancer.retry-org.springframework.cloud.client.loadbalancer.LoadBalancerRetryProperties, spring.cloud.service-registry.auto-registration-org.springframework.cloud.client.serviceregistry.AutoServiceRegistrationProperties, spring.data.mongodb-org.springframework.boot.autoconfigure.mongo.MongoProperties, spring.data.web-org.springframework.boot.autoconfigure.data.web.SpringDataWebProperties, spring.datasource-org.springframework.boot.autoconfigure.jdbc.DataSourceProperties, spring.datasource.druid-com.alibaba.druid.spring.boot.autoconfigure.properties.DruidStatProperties, spring.gson-org.springframework.boot.autoconfigure.gson.GsonProperties, spring.http.encoding-org.springframework.boot.autoconfigure.http.HttpEncodingProperties, spring.info-org.springframework.boot.autoconfigure.info.ProjectInfoProperties, spring.jackson-org.springframework.boot.autoconfigure.jackson.JacksonProperties, spring.jdbc-org.springframework.boot.autoconfigure.jdbc.JdbcProperties, spring.jpa-org.springframework.boot.autoconfigure.orm.jpa.JpaProperties, spring.jta-org.springframework.boot.autoconfigure.transaction.jta.JtaProperties, spring.mvc-org.springframework.boot.autoconfigure.web.servlet.WebMvcProperties, spring.resources-org.springframework.boot.autoconfigure.web.ResourceProperties, spring.security-org.springframework.boot.autoconfigure.security.SecurityProperties, spring.servlet.multipart-org.springframework.boot.autoconfigure.web.servlet.MultipartProperties, spring.transaction-org.springframework.boot.autoconfigure.transaction.TransactionProperties, springClientFactory, springfox.documentation.schema.configuration.ModelsConfiguration, springfox.documentation.spring.web.SpringfoxWebMvcConfiguration, springfox.documentation.swagger.configuration.SwaggerCommonConfiguration, springfox.documentation.swagger2.configuration.Swagger2DocumentationConfiguration, sqlSessionFactory, sqlSessionTemplate, standardGsonBuilderCustomizer, standardJacksonObjectMapperBuilderCustomizer, statFilter, statViewServletRegistrationBean, stringHttpMessageConverter, swagger2Configuration, swagger2ControllerMapping, swagger2Module, swaggerApiListingReader, swaggerExpandedParameterBuilder, swaggerMediaTypeReader, swaggerOperationModelsProvider, swaggerOperationResponseClassReader, swaggerOperationTagsReader, swaggerParameterDescriptionReader, swaggerResponseMessageReader, sysDicthinaryController, sysDicthinaryService, sysDictionaryRepository, teachplanMapper, teachplanMediaPubRepository, teachplanMediaRepository, teachplanRepository, tomcatServletWebServerFactory, tomcatServletWebServerFactoryCustomizer, tomcatWebServerFactoryCustomizer, transactionAttributeSource, transactionInterceptor, transactionManager, transactionTemplate, typeNameExtractor, typeNameProviderPluginRegistry, typeResolver, vendorExtensionsMapperImpl, vendorExtensionsReader, viewControllerHandlerMapping, viewResolver, webMvcRequestHandlerProvider, webServerFactoryCustomizerBeanPostProcessor, webStatFilterRegistrationBean, websocketContainerCustomizer, welcomePageHandlerMapping]
2020-03-09 20:45:23.592 [main] INFO  o.s.cloud.context.scope.GenericScope - BeanFactory id=a40f7eb3-0e01-3efd-b125-50043005cf37
2020-03-09 20:45:23.592 [main] DEBUG o.s.core.env.StandardEnvironment - Removing PropertySource 'defaultProperties'
2020-03-09 20:45:23.592 [main] DEBUG o.s.core.env.StandardEnvironment - Adding PropertySource 'defaultProperties' with lowest search precedence
2020-03-09 20:45:23.594 [main] DEBUG o.s.b.f.s.DefaultListableBeanFactory - Creating shared instance of singleton bean 'propertySourcesPlaceholderConfigurer'
2020-03-09 20:45:23.594 [main] DEBUG o.s.b.f.s.DefaultListableBeanFactory - Creating instance of bean 'propertySourcesPlaceholderConfigurer'
2020-03-09 20:45:23.595 [main] DEBUG o.s.b.f.s.DefaultListableBeanFactory - Eagerly caching bean 'propertySourcesPlaceholderConfigurer' to allow for resolving potential circular references
2020-03-09 20:45:23.609 [main] DEBUG o.s.b.f.s.DefaultListableBeanFactory - Finished creating instance of bean 'propertySourcesPlaceholderConfigurer'
2020-03-09 20:45:23.609 [main] DEBUG o.s.core.env.MutablePropertySources - Adding PropertySource 'environmentProperties' with lowest search precedence
2020-03-09 20:45:23.609 [main] DEBUG o.s.core.env.MutablePropertySources - Adding PropertySource 'localProperties' with lowest search precedence
2020-03-09 20:45:23.611 [main] DEBUG o.s.b.f.s.DefaultListableBeanFactory - Creating shared instance of singleton bean 'org.springframework.boot.test.mock.mockito.MockitoPostProcessor'
2020-03-09 20:45:23.611 [main] DEBUG o.s.b.f.s.DefaultListableBeanFactory - Creating instance of bean 'org.springframework.boot.test.mock.mockito.MockitoPostProcessor'
2020-03-09 20:45:23.612 [main] DEBUG o.s.b.f.s.DefaultListableBeanFactory - Eagerly caching bean 'org.springframework.boot.test.mock.mockito.MockitoPostProcessor' to allow for resolving potential circular references
2020-03-09 20:45:23.624 [main] DEBUG o.s.b.f.s.DefaultListableBeanFactory - Finished creating instance of bean 'org.springframework.boot.test.mock.mockito.MockitoPostProcessor'
2020-03-09 20:45:23.693 [main] DEBUG o.s.b.f.s.DefaultListableBeanFactory - Creating shared instance of singleton bean 'org.springframework.boot.context.properties.ConfigurationBeanFactoryMetadata'
2020-03-09 20:45:23.693 [main] DEBUG o.s.b.f.s.DefaultListableBeanFactory - Creating instance of bean 'org.springframework.boot.context.properties.ConfigurationBeanFactoryMetadata'
2020-03-09 20:45:23.693 [main] DEBUG o.s.b.f.s.DefaultListableBeanFactory - Eagerly caching bean 'org.springframework.boot.context.properties.ConfigurationBeanFactoryMetadata' to allow for resolving potential circular references
2020-03-09 20:45:23.695 [main] DEBUG o.s.b.f.s.DefaultListableBeanFactory - Finished creating instance of bean 'org.springframework.boot.context.properties.ConfigurationBeanFactoryMetadata'
2020-03-09 20:45:23.695 [main] DEBUG o.s.b.f.s.DefaultListableBeanFactory - Creating shared instance of singleton bean 'preserveErrorControllerTargetClassPostProcessor'
2020-03-09 20:45:23.695 [main] DEBUG o.s.b.f.s.DefaultListableBeanFactory - Creating instance of bean 'preserveErrorControllerTargetClassPostProcessor'
2020-03-09 20:45:23.696 [main] DEBUG o.s.b.f.s.DefaultListableBeanFactory - Eagerly caching bean 'preserveErrorControllerTargetClassPostProcessor' to allow for resolving potential circular references
2020-03-09 20:45:23.698 [main] DEBUG o.s.b.f.s.DefaultListableBeanFactory - Finished creating instance of bean 'preserveErrorControllerTargetClassPostProcessor'
2020-03-09 20:45:23.698 [main] DEBUG o.s.b.f.s.DefaultListableBeanFactory - Creating shared instance of singleton bean 'emBeanDefinitionRegistrarPostProcessor'
2020-03-09 20:45:23.699 [main] DEBUG o.s.b.f.s.DefaultListableBeanFactory - Creating instance of bean 'emBeanDefinitionRegistrarPostProcessor'
2020-03-09 20:45:23.699 [main] DEBUG o.s.b.f.s.DefaultListableBeanFactory - Eagerly caching bean 'emBeanDefinitionRegistrarPostProcessor' to allow for resolving potential circular references
2020-03-09 20:45:23.703 [main] DEBUG o.s.b.f.s.DefaultListableBeanFactory - Finished creating instance of bean 'emBeanDefinitionRegistrarPostProcessor'
2020-03-09 20:45:23.721 [main] DEBUG o.s.b.f.s.DefaultListableBeanFactory - Creating shared instance of singleton bean 'org.springframework.boot.test.mock.mockito.MockitoPostProcessor$SpyPostProcessor'
2020-03-09 20:45:23.721 [main] DEBUG o.s.b.f.s.DefaultListableBeanFactory - Creating instance of bean 'org.springframework.boot.test.mock.mockito.MockitoPostProcessor$SpyPostProcessor'
2020-03-09 20:45:23.721 [main] DEBUG o.s.b.f.s.DefaultListableBeanFactory - Returning cached instance of singleton bean 'org.springframework.boot.test.mock.mockito.MockitoPostProcessor'
2020-03-09 20:45:23.722 [main] DEBUG o.s.b.f.s.DefaultListableBeanFactory - Eagerly caching bean 'org.springframework.boot.test.mock.mockito.MockitoPostProcessor$SpyPostProcessor' to allow for resolving potential circular references
2020-03-09 20:45:23.725 [main] DEBUG o.s.b.f.s.DefaultListableBeanFactory - Finished creating instance of bean 'org.springframework.boot.test.mock.mockito.MockitoPostProcessor$SpyPostProcessor'
2020-03-09 20:45:23.725 [main] DEBUG o.s.b.f.s.DefaultListableBeanFactory - Creating shared instance of singleton bean 'org.springframework.context.annotation.internalAutowiredAnnotationProcessor'
2020-03-09 20:45:23.726 [main] DEBUG o.s.b.f.s.DefaultListableBeanFactory - Creating instance of bean 'org.springframework.context.annotation.internalAutowiredAnnotationProcessor'
2020-03-09 20:45:23.726 [main] INFO  o.s.b.f.a.AutowiredAnnotationBeanPostProcessor - JSR-330 'javax.inject.Inject' annotation found and supported for autowiring
2020-03-09 20:45:23.726 [main] DEBUG o.s.b.f.s.DefaultListableBeanFactory - Eagerly caching bean 'org.springframework.context.annotation.internalAutowiredAnnotationProcessor' to allow for resolving potential circular references
2020-03-09 20:45:23.732 [main] DEBUG o.s.b.f.s.DefaultListableBeanFactory - Finished creating instance of bean 'org.springframework.context.annotation.internalAutowiredAnnotationProcessor'
2020-03-09 20:45:23.733 [main] DEBUG o.s.b.f.s.DefaultListableBeanFactory - Creating shared instance of singleton bean 'org.springframework.context.annotation.internalRequiredAnnotationProcessor'
2020-03-09 20:45:23.733 [main] DEBUG o.s.b.f.s.DefaultListableBeanFactory - Creating instance of bean 'org.springframework.context.annotation.internalRequiredAnnotationProcessor'
2020-03-09 20:45:23.733 [main] DEBUG o.s.b.f.s.DefaultListableBeanFactory - Eagerly caching bean 'org.springframework.context.annotation.internalRequiredAnnotationProcessor' to allow for resolving potential circular references
2020-03-09 20:45:23.741 [main] DEBUG o.s.b.f.s.DefaultListableBeanFactory - Finished creating instance of bean 'org.springframework.context.annotation.internalRequiredAnnotationProcessor'
2020-03-09 20:45:23.742 [main] DEBUG o.s.b.f.s.DefaultListableBeanFactory - Creating shared instance of singleton bean 'org.springframework.context.annotation.internalCommonAnnotationProcessor'
2020-03-09 20:45:23.742 [main] DEBUG o.s.b.f.s.DefaultListableBeanFactory - Creating instance of bean 'org.springframework.context.annotation.internalCommonAnnotationProcessor'
2020-03-09 20:45:23.742 [main] DEBUG o.s.b.f.s.DefaultListableBeanFactory - Eagerly caching bean 'org.springframework.context.annotation.internalCommonAnnotationProcessor' to allow for resolving potential circular references
2020-03-09 20:45:23.748 [main] DEBUG o.s.b.f.s.DefaultListableBeanFactory - Finished creating instance of bean 'org.springframework.context.annotation.internalCommonAnnotationProcessor'
2020-03-09 20:45:23.748 [main] DEBUG o.s.b.f.s.DefaultListableBeanFactory - Creating shared instance of singleton bean 'org.springframework.context.annotation.internalPersistenceAnnotationProcessor'
2020-03-09 20:45:23.749 [main] DEBUG o.s.b.f.s.DefaultListableBeanFactory - Creating instance of bean 'org.springframework.context.annotation.internalPersistenceAnnotationProcessor'
2020-03-09 20:45:23.749 [main] DEBUG o.s.b.f.s.DefaultListableBeanFactory - Eagerly caching bean 'org.springframework.context.annotation.internalPersistenceAnnotationProcessor' to allow for resolving potential circular references
2020-03-09 20:45:23.755 [main] DEBUG o.s.b.f.s.DefaultListableBeanFactory - Finished creating instance of bean 'org.springframework.context.annotation.internalPersistenceAnnotationProcessor'
2020-03-09 20:45:23.756 [main] DEBUG o.s.b.f.s.DefaultListableBeanFactory - Creating shared instance of singleton bean 'org.springframework.boot.context.properties.ConfigurationPropertiesBindingPostProcessor'
2020-03-09 20:45:23.756 [main] DEBUG o.s.b.f.s.DefaultListableBeanFactory - Creating instance of bean 'org.springframework.boot.context.properties.ConfigurationPropertiesBindingPostProcessor'
2020-03-09 20:45:23.756 [main] DEBUG o.s.b.f.s.DefaultListableBeanFactory - Eagerly caching bean 'org.springframework.boot.context.properties.ConfigurationPropertiesBindingPostProcessor' to allow for resolving potential circular references
2020-03-09 20:45:23.759 [main] DEBUG o.s.b.f.s.DefaultListableBeanFactory - Invoking afterPropertiesSet() on bean with name 'org.springframework.boot.context.properties.ConfigurationPropertiesBindingPostProcessor'
2020-03-09 20:45:23.760 [main] DEBUG o.s.b.f.s.DefaultListableBeanFactory - Returning cached instance of singleton bean 'org.springframework.boot.context.properties.ConfigurationBeanFactoryMetadata'
2020-03-09 20:45:23.761 [main] DEBUG o.s.b.f.s.DefaultListableBeanFactory - Returning cached instance of singleton bean 'propertySourcesPlaceholderConfigurer'
2020-03-09 20:45:23.761 [main] DEBUG o.s.b.f.s.DefaultListableBeanFactory - Finished creating instance of bean 'org.springframework.boot.context.properties.ConfigurationPropertiesBindingPostProcessor'
2020-03-09 20:45:23.762 [main] DEBUG o.s.b.f.s.DefaultListableBeanFactory - Returning cached instance of singleton bean 'org.springframework.boot.test.mock.mockito.MockitoPostProcessor'
2020-03-09 20:45:23.762 [main] DEBUG o.s.b.f.s.DefaultListableBeanFactory - Creating shared instance of singleton bean 'methodValidationPostProcessor'
2020-03-09 20:45:23.762 [main] DEBUG o.s.b.f.s.DefaultListableBeanFactory - Creating instance of bean 'methodValidationPostProcessor'
2020-03-09 20:45:23.767 [main] DEBUG o.s.b.f.s.DefaultListableBeanFactory - Returning cached instance of singleton bean 'environment'
2020-03-09 20:45:23.780 [main] DEBUG o.s.aop.framework.JdkDynamicAopProxy - Creating JDK dynamic proxy: target source is org.springframework.context.annotation.ContextAnnotationAutowireCandidateResolver$1@5a917723
2020-03-09 20:45:23.784 [main] DEBUG o.s.b.f.s.DefaultListableBeanFactory - Autowiring by type from bean name 'methodValidationPostProcessor' via factory method to bean named 'environment'
2020-03-09 20:45:23.786 [main] DEBUG o.s.c.e.PropertySourcesPropertyResolver - Could not find key 'spring.aop.proxy-target-class' in any property source
2020-03-09 20:45:23.787 [main] DEBUG o.s.b.f.s.DefaultListableBeanFactory - Eagerly caching bean 'methodValidationPostProcessor' to allow for resolving potential circular references
2020-03-09 20:45:23.796 [main] DEBUG o.s.b.f.s.DefaultListableBeanFactory - Invoking afterPropertiesSet() on bean with name 'methodValidationPostProcessor'
2020-03-09 20:45:23.803 [main] DEBUG o.s.b.f.s.DefaultListableBeanFactory - Finished creating instance of bean 'methodValidationPostProcessor'
2020-03-09 20:45:23.804 [main] DEBUG o.s.b.f.s.DefaultListableBeanFactory - Creating shared instance of singleton bean 'dataSourceInitializerPostProcessor'
2020-03-09 20:45:23.804 [main] DEBUG o.s.b.f.s.DefaultListableBeanFactory - Creating instance of bean 'dataSourceInitializerPostProcessor'
2020-03-09 20:45:23.804 [main] DEBUG o.s.b.f.annotation.InjectionMetadata - Registered injected element on class [org.springframework.boot.autoconfigure.jdbc.DataSourceInitializerPostProcessor]: AutowiredFieldElement for private org.springframework.beans.factory.BeanFactory org.springframework.boot.autoconfigure.jdbc.DataSourceInitializerPostProcessor.beanFactory
2020-03-09 20:45:23.805 [main] DEBUG o.s.b.f.s.DefaultListableBeanFactory - Eagerly caching bean 'dataSourceInitializerPostProcessor' to allow for resolving potential circular references
2020-03-09 20:45:23.810 [main] DEBUG o.s.b.f.annotation.InjectionMetadata - Processing injected element of bean 'dataSourceInitializerPostProcessor': AutowiredFieldElement for private org.springframework.beans.factory.BeanFactory org.springframework.boot.autoconfigure.jdbc.DataSourceInitializerPostProcessor.beanFactory
2020-03-09 20:45:23.810 [main] DEBUG o.s.core.annotation.AnnotationUtils - Failed to meta-introspect annotation interface org.springframework.beans.factory.annotation.Autowired: java.lang.NullPointerException
2020-03-09 20:45:23.813 [main] DEBUG o.s.b.f.a.AutowiredAnnotationBeanPostProcessor - Autowiring by type from bean name 'dataSourceInitializerPostProcessor' to bean named 'org.springframework.beans.factory.support.DefaultListableBeanFactory@4eeea57d'
2020-03-09 20:45:23.814 [main] DEBUG o.s.b.f.s.DefaultListableBeanFactory - Finished creating instance of bean 'dataSourceInitializerPostProcessor'
2020-03-09 20:45:23.814 [main] DEBUG o.s.b.f.s.DefaultListableBeanFactory - Creating shared instance of singleton bean 'org.springframework.aop.config.internalAutoProxyCreator'
2020-03-09 20:45:23.814 [main] DEBUG o.s.b.f.s.DefaultListableBeanFactory - Creating instance of bean 'org.springframework.aop.config.internalAutoProxyCreator'
2020-03-09 20:45:23.834 [main] DEBUG o.s.b.f.s.DefaultListableBeanFactory - Eagerly caching bean 'org.springframework.aop.config.internalAutoProxyCreator' to allow for resolving potential circular references
2020-03-09 20:45:23.860 [main] DEBUG o.s.b.f.s.DefaultListableBeanFactory - Finished creating instance of bean 'org.springframework.aop.config.internalAutoProxyCreator'
2020-03-09 20:45:23.860 [main] DEBUG o.s.b.f.s.DefaultListableBeanFactory - Creating shared instance of singleton bean 'persistenceExceptionTranslationPostProcessor'
2020-03-09 20:45:23.860 [main] DEBUG o.s.b.f.s.DefaultListableBeanFactory - Creating instance of bean 'persistenceExceptionTranslationPostProcessor'
2020-03-09 20:45:23.862 [main] DEBUG o.s.b.f.s.DefaultListableBeanFactory - Returning cached instance of singleton bean 'environment'
2020-03-09 20:45:23.862 [main] DEBUG o.s.b.f.s.DefaultListableBeanFactory - Autowiring by type from bean name 'persistenceExceptionTranslationPostProcessor' via factory method to bean named 'environment'
2020-03-09 20:45:23.862 [main] DEBUG o.s.c.e.PropertySourcesPropertyResolver - Could not find key 'spring.aop.proxy-target-class' in any property source
2020-03-09 20:45:23.863 [main] DEBUG o.s.b.f.s.DefaultListableBeanFactory - Eagerly caching bean 'persistenceExceptionTranslationPostProcessor' to allow for resolving potential circular references
2020-03-09 20:45:23.874 [main] DEBUG o.s.b.f.s.DefaultListableBeanFactory - Finished creating instance of bean 'persistenceExceptionTranslationPostProcessor'
2020-03-09 20:45:23.874 [main] DEBUG o.s.b.f.s.DefaultListableBeanFactory - Creating shared instance of singleton bean 'objectMapperConfigurer'
2020-03-09 20:45:23.874 [main] DEBUG o.s.b.f.s.DefaultListableBeanFactory - Creating instance of bean 'objectMapperConfigurer'
2020-03-09 20:45:23.876 [main] DEBUG o.s.b.f.s.DefaultListableBeanFactory - Creating shared instance of singleton bean 'org.springframework.transaction.config.internalTransactionAdvisor'
2020-03-09 20:45:23.876 [main] DEBUG o.s.b.f.s.DefaultListableBeanFactory - Creating instance of bean 'org.springframework.transaction.config.internalTransactionAdvisor'
2020-03-09 20:45:23.876 [main] DEBUG o.s.b.f.s.DefaultListableBeanFactory - Creating shared instance of singleton bean 'org.springframework.transaction.annotation.ProxyTransactionManagementConfiguration'
2020-03-09 20:45:23.876 [main] DEBUG o.s.b.f.s.DefaultListableBeanFactory - Creating instance of bean 'org.springframework.transaction.annotation.ProxyTransactionManagementConfiguration'
2020-03-09 20:45:23.877 [main] DEBUG o.s.a.f.a.BeanFactoryAdvisorRetrievalHelper - Skipping currently created advisor 'org.springframework.transaction.config.internalTransactionAdvisor'
2020-03-09 20:45:23.907 [main] DEBUG o.s.b.f.annotation.InjectionMetadata - Registered injected element on class [org.springframework.transaction.annotation.ProxyTransactionManagementConfiguration$$EnhancerBySpringCGLIB$$ab54719b]: AutowiredMethodElement for void org.springframework.transaction.annotation.AbstractTransactionManagementConfiguration.setConfigurers(java.util.Collection)
2020-03-09 20:45:23.908 [main] DEBUG o.s.b.f.s.DefaultListableBeanFactory - Eagerly caching bean 'org.springframework.transaction.annotation.ProxyTransactionManagementConfiguration' to allow for resolving potential circular references
2020-03-09 20:45:23.908 [main] DEBUG o.s.b.f.annotation.InjectionMetadata - Processing injected element of bean 'org.springframework.transaction.annotation.ProxyTransactionManagementConfiguration': AutowiredMethodElement for void org.springframework.transaction.annotation.AbstractTransactionManagementConfiguration.setConfigurers(java.util.Collection)
2020-03-09 20:45:23.913 [main] DEBUG o.s.b.f.s.DefaultListableBeanFactory - Returning cached instance of singleton bean 'org.springframework.context.annotation.ConfigurationClassPostProcessor.importRegistry'
2020-03-09 20:45:23.913 [main] INFO  o.s.c.s.PostProcessorRegistrationDelegate$BeanPostProcessorChecker - Bean 'org.springframework.transaction.annotation.ProxyTransactionManagementConfiguration' of type [org.springframework.transaction.annotation.ProxyTransactionManagementConfiguration$$EnhancerBySpringCGLIB$$ab54719b] is not eligible for getting processed by all BeanPostProcessors (for example: not eligible for auto-proxying)
2020-03-09 20:45:23.913 [main] DEBUG o.s.a.f.a.BeanFactoryAdvisorRetrievalHelper - Skipping currently created advisor 'org.springframework.transaction.config.internalTransactionAdvisor'
2020-03-09 20:45:23.913 [main] DEBUG o.s.a.f.a.BeanFactoryAdvisorRetrievalHelper - Skipping currently created advisor 'org.springframework.transaction.config.internalTransactionAdvisor'
2020-03-09 20:45:23.915 [main] DEBUG o.s.b.f.s.DefaultListableBeanFactory - Finished creating instance of bean 'org.springframework.transaction.annotation.ProxyTransactionManagementConfiguration'
2020-03-09 20:45:23.923 [main] DEBUG o.s.b.f.s.DefaultListableBeanFactory - Creating shared instance of singleton bean 'transactionAttributeSource'
2020-03-09 20:45:23.923 [main] DEBUG o.s.b.f.s.DefaultListableBeanFactory - Creating instance of bean 'transactionAttributeSource'
2020-03-09 20:45:23.923 [main] DEBUG o.s.a.f.a.BeanFactoryAdvisorRetrievalHelper - Skipping currently created advisor 'org.springframework.transaction.config.internalTransactionAdvisor'
2020-03-09 20:45:23.923 [main] DEBUG o.s.b.f.s.DefaultListableBeanFactory - Returning cached instance of singleton bean 'org.springframework.transaction.annotation.ProxyTransactionManagementConfiguration'
2020-03-09 20:45:23.924 [main] DEBUG o.s.b.f.s.DefaultListableBeanFactory - Eagerly caching bean 'transactionAttributeSource' to allow for resolving potential circular references
2020-03-09 20:45:23.929 [main] DEBUG o.s.a.f.a.BeanFactoryAdvisorRetrievalHelper - Skipping currently created advisor 'org.springframework.transaction.config.internalTransactionAdvisor'
2020-03-09 20:45:23.929 [main] DEBUG o.s.a.f.a.BeanFactoryAdvisorRetrievalHelper - Skipping currently created advisor 'org.springframework.transaction.config.internalTransactionAdvisor'
2020-03-09 20:45:23.930 [main] DEBUG o.s.b.f.s.DefaultListableBeanFactory - Finished creating instance of bean 'transactionAttributeSource'
2020-03-09 20:45:23.930 [main] DEBUG o.s.b.f.s.DefaultListableBeanFactory - Creating shared instance of singleton bean 'transactionInterceptor'
2020-03-09 20:45:23.930 [main] DEBUG o.s.b.f.s.DefaultListableBeanFactory - Creating instance of bean 'transactionInterceptor'
2020-03-09 20:45:23.930 [main] DEBUG o.s.b.f.s.DefaultListableBeanFactory - Returning cached instance of singleton bean 'org.springframework.transaction.annotation.ProxyTransactionManagementConfiguration'
2020-03-09 20:45:23.936 [main] DEBUG o.s.b.f.s.DefaultListableBeanFactory - Returning cached instance of singleton bean 'transactionAttributeSource'
2020-03-09 20:45:23.940 [main] DEBUG o.s.b.f.s.DefaultListableBeanFactory - Eagerly caching bean 'transactionInterceptor' to allow for resolving potential circular references
2020-03-09 20:45:23.947 [main] DEBUG o.s.b.f.s.DefaultListableBeanFactory - Invoking afterPropertiesSet() on bean with name 'transactionInterceptor'
2020-03-09 20:45:23.947 [main] DEBUG o.s.b.f.s.DefaultListableBeanFactory - Finished creating instance of bean 'transactionInterceptor'
2020-03-09 20:45:23.948 [main] DEBUG o.s.b.f.s.DefaultListableBeanFactory - Eagerly caching bean 'org.springframework.transaction.config.internalTransactionAdvisor' to allow for resolving potential circular references
2020-03-09 20:45:23.962 [main] DEBUG o.s.b.f.s.DefaultListableBeanFactory - Finished creating instance of bean 'org.springframework.transaction.config.internalTransactionAdvisor'
2020-03-09 20:45:23.964 [main] DEBUG o.s.b.f.s.DefaultListableBeanFactory - Eagerly caching bean 'objectMapperConfigurer' to allow for resolving potential circular references
2020-03-09 20:45:23.973 [main] DEBUG o.s.b.f.s.DefaultListableBeanFactory - Returning cached instance of singleton bean 'org.springframework.transaction.config.internalTransactionAdvisor'
2020-03-09 20:45:23.974 [main] DEBUG o.s.b.f.s.DefaultListableBeanFactory - Returning cached instance of singleton bean 'org.springframework.transaction.config.internalTransactionAdvisor'
2020-03-09 20:45:23.976 [main] DEBUG o.s.b.f.s.DefaultListableBeanFactory - Finished creating instance of bean 'objectMapperConfigurer'
2020-03-09 20:45:23.976 [main] DEBUG o.s.b.f.s.DefaultListableBeanFactory - Creating shared instance of singleton bean 'webServerFactoryCustomizerBeanPostProcessor'
2020-03-09 20:45:23.976 [main] DEBUG o.s.b.f.s.DefaultListableBeanFactory - Creating instance of bean 'webServerFactoryCustomizerBeanPostProcessor'
2020-03-09 20:45:23.977 [main] DEBUG o.s.b.f.s.DefaultListableBeanFactory - Eagerly caching bean 'webServerFactoryCustomizerBeanPostProcessor' to allow for resolving potential circular references
2020-03-09 20:45:23.981 [main] DEBUG o.s.b.f.s.DefaultListableBeanFactory - Finished creating instance of bean 'webServerFactoryCustomizerBeanPostProcessor'
2020-03-09 20:45:23.982 [main] DEBUG o.s.b.f.s.DefaultListableBeanFactory - Creating shared instance of singleton bean 'errorPageRegistrarBeanPostProcessor'
2020-03-09 20:45:23.982 [main] DEBUG o.s.b.f.s.DefaultListableBeanFactory - Creating instance of bean 'errorPageRegistrarBeanPostProcessor'
2020-03-09 20:45:23.984 [main] DEBUG o.s.b.f.s.DefaultListableBeanFactory - Eagerly caching bean 'errorPageRegistrarBeanPostProcessor' to allow for resolving potential circular references
2020-03-09 20:45:23.991 [main] DEBUG o.s.b.f.s.DefaultListableBeanFactory - Finished creating instance of bean 'errorPageRegistrarBeanPostProcessor'
2020-03-09 20:45:23.991 [main] DEBUG o.s.b.f.s.DefaultListableBeanFactory - Creating shared instance of singleton bean 'dataSourceInitializedPublisher'
2020-03-09 20:45:23.991 [main] DEBUG o.s.b.f.s.DefaultListableBeanFactory - Creating instance of bean 'dataSourceInitializedPublisher'
2020-03-09 20:45:23.992 [main] DEBUG o.s.b.f.annotation.InjectionMetadata - Registered injected element on class [org.springframework.boot.autoconfigure.orm.jpa.DataSourceInitializedPublisher]: AutowiredFieldElement for private org.springframework.context.ApplicationContext org.springframework.boot.autoconfigure.orm.jpa.DataSourceInitializedPublisher.applicationContext
2020-03-09 20:45:23.992 [main] DEBUG o.s.b.f.s.DefaultListableBeanFactory - Eagerly caching bean 'dataSourceInitializedPublisher' to allow for resolving potential circular references
2020-03-09 20:45:23.997 [main] DEBUG o.s.b.f.annotation.InjectionMetadata - Processing injected element of bean 'dataSourceInitializedPublisher': AutowiredFieldElement for private org.springframework.context.ApplicationContext org.springframework.boot.autoconfigure.orm.jpa.DataSourceInitializedPublisher.applicationContext
2020-03-09 20:45:23.997 [main] DEBUG o.s.core.annotation.AnnotationUtils - Failed to meta-introspect annotation interface org.springframework.beans.factory.annotation.Autowired: java.lang.NullPointerException
2020-03-09 20:45:23.999 [main] DEBUG o.s.b.f.a.AutowiredAnnotationBeanPostProcessor - Autowiring by type from bean name 'dataSourceInitializedPublisher' to bean named 'org.springframework.web.context.support.GenericWebApplicationContext@21d5c1a0'
2020-03-09 20:45:24.000 [main] DEBUG o.s.b.f.s.DefaultListableBeanFactory - Finished creating instance of bean 'dataSourceInitializedPublisher'
2020-03-09 20:45:24.001 [main] DEBUG o.s.b.f.s.DefaultListableBeanFactory - Creating shared instance of singleton bean 'projectingArgumentResolverBeanPostProcessor'
2020-03-09 20:45:24.002 [main] DEBUG o.s.b.f.s.DefaultListableBeanFactory - Creating instance of bean 'projectingArgumentResolverBeanPostProcessor'
2020-03-09 20:45:24.003 [main] DEBUG o.s.b.f.s.DefaultListableBeanFactory - Returning cached instance of singleton bean 'org.springframework.transaction.config.internalTransactionAdvisor'
2020-03-09 20:45:24.023 [main] DEBUG o.s.b.f.s.DefaultListableBeanFactory - Eagerly caching bean 'projectingArgumentResolverBeanPostProcessor' to allow for resolving potential circular references
2020-03-09 20:45:24.029 [main] DEBUG o.s.b.f.s.DefaultListableBeanFactory - Returning cached instance of singleton bean 'org.springframework.transaction.config.internalTransactionAdvisor'
2020-03-09 20:45:24.029 [main] DEBUG o.s.b.f.s.DefaultListableBeanFactory - Returning cached instance of singleton bean 'org.springframework.transaction.config.internalTransactionAdvisor'
2020-03-09 20:45:24.030 [main] DEBUG o.s.b.f.s.DefaultListableBeanFactory - Finished creating instance of bean 'projectingArgumentResolverBeanPostProcessor'
2020-03-09 20:45:24.031 [main] DEBUG o.s.b.f.s.DefaultListableBeanFactory - Creating shared instance of singleton bean 'configurationPropertiesBeans'
2020-03-09 20:45:24.031 [main] DEBUG o.s.b.f.s.DefaultListableBeanFactory - Creating instance of bean 'configurationPropertiesBeans'
2020-03-09 20:45:24.031 [main] DEBUG o.s.b.f.s.DefaultListableBeanFactory - Returning cached instance of singleton bean 'org.springframework.transaction.config.internalTransactionAdvisor'
2020-03-09 20:45:24.031 [main] DEBUG o.s.b.f.s.DefaultListableBeanFactory - Creating shared instance of singleton bean 'org.springframework.cloud.autoconfigure.ConfigurationPropertiesRebinderAutoConfiguration'
2020-03-09 20:45:24.032 [main] DEBUG o.s.b.f.s.DefaultListableBeanFactory - Creating instance of bean 'org.springframework.cloud.autoconfigure.ConfigurationPropertiesRebinderAutoConfiguration'
2020-03-09 20:45:24.032 [main] DEBUG o.s.b.f.s.DefaultListableBeanFactory - Returning cached instance of singleton bean 'org.springframework.transaction.config.internalTransactionAdvisor'
2020-03-09 20:45:24.032 [main] DEBUG o.s.b.f.s.DefaultListableBeanFactory - Eagerly caching bean 'org.springframework.cloud.autoconfigure.ConfigurationPropertiesRebinderAutoConfiguration' to allow for resolving potential circular references
2020-03-09 20:45:24.040 [main] INFO  o.s.c.s.PostProcessorRegistrationDelegate$BeanPostProcessorChecker - Bean 'org.springframework.cloud.autoconfigure.ConfigurationPropertiesRebinderAutoConfiguration' of type [org.springframework.cloud.autoconfigure.ConfigurationPropertiesRebinderAutoConfiguration$$EnhancerBySpringCGLIB$$c76e7498] is not eligible for getting processed by all BeanPostProcessors (for example: not eligible for auto-proxying)
2020-03-09 20:45:24.041 [main] DEBUG o.s.b.f.s.DefaultListableBeanFactory - Returning cached instance of singleton bean 'org.springframework.transaction.config.internalTransactionAdvisor'
2020-03-09 20:45:24.041 [main] DEBUG o.s.b.f.s.DefaultListableBeanFactory - Returning cached instance of singleton bean 'org.springframework.transaction.config.internalTransactionAdvisor'
2020-03-09 20:45:24.041 [main] DEBUG o.s.b.f.s.DefaultListableBeanFactory - Finished creating instance of bean 'org.springframework.cloud.autoconfigure.ConfigurationPropertiesRebinderAutoConfiguration'
2020-03-09 20:45:24.042 [main] DEBUG o.s.b.f.s.DefaultListableBeanFactory - Returning cached instance of singleton bean 'org.springframework.boot.context.properties.ConfigurationBeanFactoryMetadata'
2020-03-09 20:45:24.042 [main] DEBUG o.s.b.f.s.DefaultListableBeanFactory - Eagerly caching bean 'configurationPropertiesBeans' to allow for resolving potential circular references
2020-03-09 20:45:24.045 [main] DEBUG o.s.b.f.s.DefaultListableBeanFactory - Returning cached instance of singleton bean 'configurationPropertiesBeans'
2020-03-09 20:45:24.045 [main] DEBUG o.s.b.f.s.DefaultListableBeanFactory - Returning cached instance of singleton bean 'org.springframework.transaction.config.internalTransactionAdvisor'
2020-03-09 20:45:24.045 [main] DEBUG o.s.b.f.s.DefaultListableBeanFactory - Returning cached instance of singleton bean 'org.springframework.transaction.config.internalTransactionAdvisor'
2020-03-09 20:45:24.045 [main] DEBUG o.s.b.f.s.DefaultListableBeanFactory - Finished creating instance of bean 'configurationPropertiesBeans'
2020-03-09 20:45:24.046 [main] DEBUG o.s.b.f.s.DefaultListableBeanFactory - Returning cached instance of singleton bean 'org.springframework.boot.test.autoconfigure.properties.PropertyMappingContextCustomizer$PropertyMappingCheckBeanPostProcessor'
2020-03-09 20:45:24.046 [main] DEBUG o.s.w.c.s.GenericWebApplicationContext - Unable to locate MessageSource with name 'messageSource': using default [org.springframework.context.support.DelegatingMessageSource@40bb4f87]
2020-03-09 20:45:24.046 [main] DEBUG o.s.w.c.s.GenericWebApplicationContext - Unable to locate ApplicationEventMulticaster with name 'applicationEventMulticaster': using default [org.springframework.context.event.SimpleApplicationEventMulticaster@51a651c1]
2020-03-09 20:45:24.047 [main] DEBUG o.s.u.c.s.UiApplicationContextUtils - Unable to locate ThemeSource with name 'themeSource': using default [org.springframework.ui.context.support.ResourceBundleThemeSource@63f9b562]
2020-03-09 20:45:24.052 [main] DEBUG o.s.b.f.s.DefaultListableBeanFactory - Creating shared instance of singleton bean 'org.springframework.cloud.autoconfigure.RefreshAutoConfiguration$JpaInvokerConfiguration'
2020-03-09 20:45:24.052 [main] DEBUG o.s.b.f.s.DefaultListableBeanFactory - Creating instance of bean 'org.springframework.cloud.autoconfigure.RefreshAutoConfiguration$JpaInvokerConfiguration'
2020-03-09 20:45:24.052 [main] DEBUG o.s.b.f.s.DefaultListableBeanFactory - Returning cached instance of singleton bean 'org.springframework.transaction.config.internalTransactionAdvisor'
2020-03-09 20:45:24.053 [main] DEBUG o.s.c.a.CommonAnnotationBeanPostProcessor - Found init method on class [org.springframework.cloud.autoconfigure.RefreshAutoConfiguration$JpaInvokerConfiguration$$EnhancerBySpringCGLIB$$65d6f376]: public void org.springframework.cloud.autoconfigure.RefreshAutoConfiguration$JpaInvokerConfiguration.init()
2020-03-09 20:45:24.053 [main] DEBUG o.s.c.a.CommonAnnotationBeanPostProcessor - Registered init method on class [org.springframework.cloud.autoconfigure.RefreshAutoConfiguration$JpaInvokerConfiguration$$EnhancerBySpringCGLIB$$65d6f376]: org.springframework.beans.factory.annotation.InitDestroyAnnotationBeanPostProcessor$LifecycleElement@316510
2020-03-09 20:45:24.054 [main] DEBUG o.s.b.f.annotation.InjectionMetadata - Registered injected element on class [org.springframework.cloud.autoconfigure.RefreshAutoConfiguration$JpaInvokerConfiguration$$EnhancerBySpringCGLIB$$65d6f376]: AutowiredFieldElement for private org.springframework.beans.factory.ListableBeanFactory org.springframework.cloud.autoconfigure.RefreshAutoConfiguration$JpaInvokerConfiguration.beanFactory
2020-03-09 20:45:24.054 [main] DEBUG o.s.b.f.s.DefaultListableBeanFactory - Eagerly caching bean 'org.springframework.cloud.autoconfigure.RefreshAutoConfiguration$JpaInvokerConfiguration' to allow for resolving potential circular references
2020-03-09 20:45:24.057 [main] DEBUG o.s.b.f.annotation.InjectionMetadata - Processing injected element of bean 'org.springframework.cloud.autoconfigure.RefreshAutoConfiguration$JpaInvokerConfiguration': AutowiredFieldElement for private org.springframework.beans.factory.ListableBeanFactory org.springframework.cloud.autoconfigure.RefreshAutoConfiguration$JpaInvokerConfiguration.beanFactory
2020-03-09 20:45:24.057 [main] DEBUG o.s.core.annotation.AnnotationUtils - Failed to meta-introspect annotation interface org.springframework.beans.factory.annotation.Autowired: java.lang.NullPointerException
2020-03-09 20:45:24.059 [main] DEBUG o.s.b.f.a.AutowiredAnnotationBeanPostProcessor - Autowiring by type from bean name 'org.springframework.cloud.autoconfigure.RefreshAutoConfiguration$JpaInvokerConfiguration' to bean named 'org.springframework.beans.factory.support.DefaultListableBeanFactory@4eeea57d'
2020-03-09 20:45:24.060 [main] DEBUG o.s.c.a.CommonAnnotationBeanPostProcessor - Invoking init method on bean 'org.springframework.cloud.autoconfigure.RefreshAutoConfiguration$JpaInvokerConfiguration': public void org.springframework.cloud.autoconfigure.RefreshAutoConfiguration$JpaInvokerConfiguration.init()
2020-03-09 20:45:24.060 [main] DEBUG o.s.b.f.s.DefaultListableBeanFactory - Creating shared instance of singleton bean 'org.springframework.boot.autoconfigure.jdbc.DataSourceInitializerInvoker'
2020-03-09 20:45:24.060 [main] DEBUG o.s.b.f.s.DefaultListableBeanFactory - Creating instance of bean 'org.springframework.boot.autoconfigure.jdbc.DataSourceInitializerInvoker'
2020-03-09 20:45:24.060 [main] DEBUG o.s.b.f.s.DefaultListableBeanFactory - Returning cached instance of singleton bean 'org.springframework.transaction.config.internalTransactionAdvisor'
2020-03-09 20:45:24.064 [main] DEBUG o.s.b.f.s.DefaultListableBeanFactory - Creating shared instance of singleton bean 'spring.datasource-org.springframework.boot.autoconfigure.jdbc.DataSourceProperties'
2020-03-09 20:45:24.064 [main] DEBUG o.s.b.f.s.DefaultListableBeanFactory - Creating instance of bean 'spring.datasource-org.springframework.boot.autoconfigure.jdbc.DataSourceProperties'
2020-03-09 20:45:24.064 [main] DEBUG o.s.b.f.s.DefaultListableBeanFactory - Returning cached instance of singleton bean 'org.springframework.transaction.config.internalTransactionAdvisor'
2020-03-09 20:45:24.066 [main] DEBUG o.s.b.f.s.DefaultListableBeanFactory - Eagerly caching bean 'spring.datasource-org.springframework.boot.autoconfigure.jdbc.DataSourceProperties' to allow for resolving potential circular references
2020-03-09 20:45:24.073 [main] DEBUG o.s.b.f.s.DefaultListableBeanFactory - Creating instance of bean 'org.springframework.boot.context.properties.ConversionServiceDeducer$Factory'
2020-03-09 20:45:24.074 [main] DEBUG o.s.b.f.s.DefaultListableBeanFactory - Returning cached instance of singleton bean 'org.springframework.transaction.config.internalTransactionAdvisor'
2020-03-09 20:45:24.076 [main] DEBUG o.s.b.f.annotation.InjectionMetadata - Registered injected element on class [org.springframework.boot.context.properties.ConversionServiceDeducer$Factory]: AutowiredMethodElement for public void org.springframework.boot.context.properties.ConversionServiceDeducer$Factory.setGenericConverters(java.util.List)
2020-03-09 20:45:24.076 [main] DEBUG o.s.b.f.annotation.InjectionMetadata - Registered injected element on class [org.springframework.boot.context.properties.ConversionServiceDeducer$Factory]: AutowiredMethodElement for public void org.springframework.boot.context.properties.ConversionServiceDeducer$Factory.setConverters(java.util.List)
2020-03-09 20:45:24.076 [main] DEBUG o.s.b.f.annotation.InjectionMetadata - Processing injected element of bean 'org.springframework.boot.context.properties.ConversionServiceDeducer$Factory': AutowiredMethodElement for public void org.springframework.boot.context.properties.ConversionServiceDeducer$Factory.setGenericConverters(java.util.List)
2020-03-09 20:45:24.081 [main] DEBUG o.s.b.f.annotation.InjectionMetadata - Processing injected element of bean 'org.springframework.boot.context.properties.ConversionServiceDeducer$Factory': AutowiredMethodElement for public void org.springframework.boot.context.properties.ConversionServiceDeducer$Factory.setConverters(java.util.List)
2020-03-09 20:45:24.086 [main] DEBUG o.s.b.f.s.DefaultListableBeanFactory - Returning cached instance of singleton bean 'org.springframework.transaction.config.internalTransactionAdvisor'
2020-03-09 20:45:24.086 [main] DEBUG o.s.b.f.s.DefaultListableBeanFactory - Returning cached instance of singleton bean 'org.springframework.transaction.config.internalTransactionAdvisor'
2020-03-09 20:45:24.087 [main] DEBUG o.s.b.f.s.DefaultListableBeanFactory - Finished creating instance of bean 'org.springframework.boot.context.properties.ConversionServiceDeducer$Factory'
2020-03-09 20:45:24.092 [main] DEBUG o.s.b.f.s.DefaultListableBeanFactory - Invoking afterPropertiesSet() on bean with name 'spring.datasource-org.springframework.boot.autoconfigure.jdbc.DataSourceProperties'
2020-03-09 20:45:24.096 [main] DEBUG o.s.b.f.s.DefaultListableBeanFactory - Returning cached instance of singleton bean 'org.springframework.transaction.config.internalTransactionAdvisor'
2020-03-09 20:45:24.096 [main] DEBUG o.s.b.f.s.DefaultListableBeanFactory - Returning cached instance of singleton bean 'org.springframework.transaction.config.internalTransactionAdvisor'
2020-03-09 20:45:24.098 [main] DEBUG o.s.b.f.s.DefaultListableBeanFactory - Finished creating instance of bean 'spring.datasource-org.springframework.boot.autoconfigure.jdbc.DataSourceProperties'
2020-03-09 20:45:24.101 [main] DEBUG o.s.b.f.s.DefaultListableBeanFactory - Autowiring by type from bean name 'org.springframework.boot.autoconfigure.jdbc.DataSourceInitializerInvoker' via constructor to bean named 'spring.datasource-org.springframework.boot.autoconfigure.jdbc.DataSourceProperties'
2020-03-09 20:45:24.101 [main] DEBUG o.s.b.f.s.DefaultListableBeanFactory - Autowiring by type from bean name 'org.springframework.boot.autoconfigure.jdbc.DataSourceInitializerInvoker' via constructor to bean named 'org.springframework.web.context.support.GenericWebApplicationContext@21d5c1a0'
2020-03-09 20:45:24.102 [main] DEBUG o.s.b.f.s.DefaultListableBeanFactory - Eagerly caching bean 'org.springframework.boot.autoconfigure.jdbc.DataSourceInitializerInvoker' to allow for resolving potential circular references
2020-03-09 20:45:24.106 [main] DEBUG o.s.b.f.s.DefaultListableBeanFactory - Invoking afterPropertiesSet() on bean with name 'org.springframework.boot.autoconfigure.jdbc.DataSourceInitializerInvoker'
2020-03-09 20:45:24.110 [main] DEBUG o.s.b.f.s.DefaultListableBeanFactory - Creating shared instance of singleton bean 'dataSource'
2020-03-09 20:45:24.110 [main] DEBUG o.s.b.f.s.DefaultListableBeanFactory - Creating instance of bean 'dataSource'
2020-03-09 20:45:24.110 [main] DEBUG o.s.b.f.s.DefaultListableBeanFactory - Returning cached instance of singleton bean 'org.springframework.transaction.config.internalTransactionAdvisor'
2020-03-09 20:45:24.110 [main] DEBUG o.s.b.f.s.DefaultListableBeanFactory - Creating shared instance of singleton bean 'com.alibaba.druid.spring.boot.autoconfigure.DruidDataSourceAutoConfigure'
2020-03-09 20:45:24.110 [main] DEBUG o.s.b.f.s.DefaultListableBeanFactory - Creating instance of bean 'com.alibaba.druid.spring.boot.autoconfigure.DruidDataSourceAutoConfigure'
2020-03-09 20:45:24.110 [main] DEBUG o.s.b.f.s.DefaultListableBeanFactory - Returning cached instance of singleton bean 'org.springframework.transaction.config.internalTransactionAdvisor'
2020-03-09 20:45:24.111 [main] DEBUG o.s.b.f.s.DefaultListableBeanFactory - Eagerly caching bean 'com.alibaba.druid.spring.boot.autoconfigure.DruidDataSourceAutoConfigure' to allow for resolving potential circular references
2020-03-09 20:45:24.116 [main] DEBUG o.s.b.f.s.DefaultListableBeanFactory - Returning cached instance of singleton bean 'org.springframework.transaction.config.internalTransactionAdvisor'
2020-03-09 20:45:24.116 [main] DEBUG o.s.b.f.s.DefaultListableBeanFactory - Returning cached instance of singleton bean 'org.springframework.transaction.config.internalTransactionAdvisor'
2020-03-09 20:45:24.117 [main] DEBUG o.s.b.f.s.DefaultListableBeanFactory - Finished creating instance of bean 'com.alibaba.druid.spring.boot.autoconfigure.DruidDataSourceAutoConfigure'
2020-03-09 20:45:24.122 [main] INFO  c.a.d.s.b.a.DruidDataSourceAutoConfigure - Init DruidDataSource
2020-03-09 20:45:24.243 [main] DEBUG o.s.b.f.annotation.InjectionMetadata - Registered injected element on class [com.alibaba.druid.spring.boot.autoconfigure.DruidDataSourceWrapper]: AutowiredFieldElement for private org.springframework.boot.autoconfigure.jdbc.DataSourceProperties com.alibaba.druid.spring.boot.autoconfigure.DruidDataSourceWrapper.basicProperties
2020-03-09 20:45:24.243 [main] DEBUG o.s.b.f.annotation.InjectionMetadata - Registered injected element on class [com.alibaba.druid.spring.boot.autoconfigure.DruidDataSourceWrapper]: AutowiredMethodElement for public void com.alibaba.druid.spring.boot.autoconfigure.DruidDataSourceWrapper.addStatFilter(com.alibaba.druid.filter.stat.StatFilter)
2020-03-09 20:45:24.244 [main] DEBUG o.s.b.f.annotation.InjectionMetadata - Registered injected element on class [com.alibaba.druid.spring.boot.autoconfigure.DruidDataSourceWrapper]: AutowiredMethodElement for public void com.alibaba.druid.spring.boot.autoconfigure.DruidDataSourceWrapper.addLog4jFilter(com.alibaba.druid.filter.logging.Log4jFilter)
2020-03-09 20:45:24.244 [main] DEBUG o.s.b.f.annotation.InjectionMetadata - Registered injected element on class [com.alibaba.druid.spring.boot.autoconfigure.DruidDataSourceWrapper]: AutowiredMethodElement for public void com.alibaba.druid.spring.boot.autoconfigure.DruidDataSourceWrapper.addLog4j2Filter(com.alibaba.druid.filter.logging.Log4j2Filter)
2020-03-09 20:45:24.244 [main] DEBUG o.s.b.f.annotation.InjectionMetadata - Registered injected element on class [com.alibaba.druid.spring.boot.autoconfigure.DruidDataSourceWrapper]: AutowiredMethodElement for public void com.alibaba.druid.spring.boot.autoconfigure.DruidDataSourceWrapper.addConfigFilter(com.alibaba.druid.filter.config.ConfigFilter)
2020-03-09 20:45:24.244 [main] DEBUG o.s.b.f.annotation.InjectionMetadata - Registered injected element on class [com.alibaba.druid.spring.boot.autoconfigure.DruidDataSourceWrapper]: AutowiredMethodElement for public void com.alibaba.druid.spring.boot.autoconfigure.DruidDataSourceWrapper.addWallFilter(com.alibaba.druid.wall.WallFilter)
2020-03-09 20:45:24.244 [main] DEBUG o.s.b.f.annotation.InjectionMetadata - Registered injected element on class [com.alibaba.druid.spring.boot.autoconfigure.DruidDataSourceWrapper]: AutowiredMethodElement for public void com.alibaba.druid.spring.boot.autoconfigure.DruidDataSourceWrapper.addCommonsLogFilter(com.alibaba.druid.filter.logging.CommonsLogFilter)
2020-03-09 20:45:24.244 [main] DEBUG o.s.b.f.annotation.InjectionMetadata - Registered injected element on class [com.alibaba.druid.spring.boot.autoconfigure.DruidDataSourceWrapper]: AutowiredMethodElement for public void com.alibaba.druid.spring.boot.autoconfigure.DruidDataSourceWrapper.addEncodingConvertFilter(com.alibaba.druid.filter.encoding.EncodingConvertFilter)
2020-03-09 20:45:24.244 [main] DEBUG o.s.b.f.annotation.InjectionMetadata - Registered injected element on class [com.alibaba.druid.spring.boot.autoconfigure.DruidDataSourceWrapper]: AutowiredMethodElement for public void com.alibaba.druid.spring.boot.autoconfigure.DruidDataSourceWrapper.addSlf4jLogFilter(com.alibaba.druid.filter.logging.Slf4jLogFilter)
2020-03-09 20:45:24.244 [main] DEBUG o.s.b.f.s.DefaultListableBeanFactory - Eagerly caching bean 'dataSource' to allow for resolving potential circular references
2020-03-09 20:45:24.245 [main] DEBUG o.s.b.f.annotation.InjectionMetadata - Processing injected element of bean 'dataSource': AutowiredFieldElement for private org.springframework.boot.autoconfigure.jdbc.DataSourceProperties com.alibaba.druid.spring.boot.autoconfigure.DruidDataSourceWrapper.basicProperties
2020-03-09 20:45:24.245 [main] DEBUG o.s.core.annotation.AnnotationUtils - Failed to meta-introspect annotation interface org.springframework.beans.factory.annotation.Autowired: java.lang.NullPointerException
2020-03-09 20:45:24.248 [main] DEBUG o.s.b.f.s.DefaultListableBeanFactory - Returning cached instance of singleton bean 'spring.datasource-org.springframework.boot.autoconfigure.jdbc.DataSourceProperties'
2020-03-09 20:45:24.248 [main] DEBUG o.s.b.f.a.AutowiredAnnotationBeanPostProcessor - Autowiring by type from bean name 'dataSource' to bean named 'spring.datasource-org.springframework.boot.autoconfigure.jdbc.DataSourceProperties'
2020-03-09 20:45:24.248 [main] DEBUG o.s.b.f.annotation.InjectionMetadata - Processing injected element of bean 'dataSource': AutowiredMethodElement for public void com.alibaba.druid.spring.boot.autoconfigure.DruidDataSourceWrapper.addStatFilter(com.alibaba.druid.filter.stat.StatFilter)
2020-03-09 20:45:24.252 [main] DEBUG o.s.b.f.s.DefaultListableBeanFactory - Creating shared instance of singleton bean 'statFilter'
2020-03-09 20:45:24.252 [main] DEBUG o.s.b.f.s.DefaultListableBeanFactory - Creating instance of bean 'statFilter'
2020-03-09 20:45:24.252 [main] DEBUG o.s.b.f.s.DefaultListableBeanFactory - Returning cached instance of singleton bean 'org.springframework.transaction.config.internalTransactionAdvisor'
2020-03-09 20:45:24.252 [main] DEBUG o.s.b.f.s.DefaultListableBeanFactory - Creating shared instance of singleton bean 'com.alibaba.druid.spring.boot.autoconfigure.stat.DruidFilterConfiguration'
2020-03-09 20:45:24.252 [main] DEBUG o.s.b.f.s.DefaultListableBeanFactory - Creating instance of bean 'com.alibaba.druid.spring.boot.autoconfigure.stat.DruidFilterConfiguration'
2020-03-09 20:45:24.253 [main] DEBUG o.s.b.f.s.DefaultListableBeanFactory - Returning cached instance of singleton bean 'org.springframework.transaction.config.internalTransactionAdvisor'
2020-03-09 20:45:24.254 [main] DEBUG o.s.b.f.s.DefaultListableBeanFactory - Eagerly caching bean 'com.alibaba.druid.spring.boot.autoconfigure.stat.DruidFilterConfiguration' to allow for resolving potential circular references
2020-03-09 20:45:24.255 [main] DEBUG o.s.b.f.s.DefaultListableBeanFactory - Returning cached instance of singleton bean 'org.springframework.transaction.config.internalTransactionAdvisor'
2020-03-09 20:45:24.255 [main] DEBUG o.s.b.f.s.DefaultListableBeanFactory - Returning cached instance of singleton bean 'org.springframework.transaction.config.internalTransactionAdvisor'
2020-03-09 20:45:24.256 [main] DEBUG o.s.b.f.s.DefaultListableBeanFactory - Finished creating instance of bean 'com.alibaba.druid.spring.boot.autoconfigure.stat.DruidFilterConfiguration'
2020-03-09 20:45:24.288 [main] DEBUG o.s.b.f.s.DefaultListableBeanFactory - Eagerly caching bean 'statFilter' to allow for resolving potential circular references
2020-03-09 20:45:24.313 [main] DEBUG o.s.b.f.s.DefaultListableBeanFactory - Returning cached instance of singleton bean 'org.springframework.transaction.config.internalTransactionAdvisor'
2020-03-09 20:45:24.313 [main] DEBUG o.s.b.f.s.DefaultListableBeanFactory - Returning cached instance of singleton bean 'org.springframework.transaction.config.internalTransactionAdvisor'
2020-03-09 20:45:24.338 [main] DEBUG o.s.b.f.s.DefaultListableBeanFactory - Finished creating instance of bean 'statFilter'
2020-03-09 20:45:24.338 [main] DEBUG o.s.b.f.a.AutowiredAnnotationBeanPostProcessor - Autowiring by type from bean name 'dataSource' to bean named 'statFilter'
2020-03-09 20:45:24.339 [main] DEBUG o.s.b.f.annotation.InjectionMetadata - Processing injected element of bean 'dataSource': AutowiredMethodElement for public void com.alibaba.druid.spring.boot.autoconfigure.DruidDataSourceWrapper.addLog4jFilter(com.alibaba.druid.filter.logging.Log4jFilter)
2020-03-09 20:45:24.342 [main] DEBUG o.s.b.f.annotation.InjectionMetadata - Processing injected element of bean 'dataSource': AutowiredMethodElement for public void com.alibaba.druid.spring.boot.autoconfigure.DruidDataSourceWrapper.addLog4j2Filter(com.alibaba.druid.filter.logging.Log4j2Filter)
2020-03-09 20:45:24.346 [main] DEBUG o.s.b.f.annotation.InjectionMetadata - Processing injected element of bean 'dataSource': AutowiredMethodElement for public void com.alibaba.druid.spring.boot.autoconfigure.DruidDataSourceWrapper.addConfigFilter(com.alibaba.druid.filter.config.ConfigFilter)
2020-03-09 20:45:24.349 [main] DEBUG o.s.b.f.annotation.InjectionMetadata - Processing injected element of bean 'dataSource': AutowiredMethodElement for public void com.alibaba.druid.spring.boot.autoconfigure.DruidDataSourceWrapper.addWallFilter(com.alibaba.druid.wall.WallFilter)
2020-03-09 20:45:24.353 [main] DEBUG o.s.b.f.annotation.InjectionMetadata - Processing injected element of bean 'dataSource': AutowiredMethodElement for public void com.alibaba.druid.spring.boot.autoconfigure.DruidDataSourceWrapper.addCommonsLogFilter(com.alibaba.druid.filter.logging.CommonsLogFilter)
2020-03-09 20:45:24.356 [main] DEBUG o.s.b.f.annotation.InjectionMetadata - Processing injected element of bean 'dataSource': AutowiredMethodElement for public void com.alibaba.druid.spring.boot.autoconfigure.DruidDataSourceWrapper.addEncodingConvertFilter(com.alibaba.druid.filter.encoding.EncodingConvertFilter)
2020-03-09 20:45:24.360 [main] DEBUG o.s.b.f.annotation.InjectionMetadata - Processing injected element of bean 'dataSource': AutowiredMethodElement for public void com.alibaba.druid.spring.boot.autoconfigure.DruidDataSourceWrapper.addSlf4jLogFilter(com.alibaba.druid.filter.logging.Slf4jLogFilter)
2020-03-09 20:45:24.423 [main] DEBUG o.s.b.f.s.DefaultListableBeanFactory - Invoking afterPropertiesSet() on bean with name 'dataSource'
2020-03-09 20:45:24.423 [main] DEBUG o.s.b.f.s.DefaultListableBeanFactory - Invoking init method  'init' on bean with name 'dataSource'
2020-03-09 20:45:24.867 [main] INFO  c.alibaba.druid.pool.DruidDataSource - {dataSource-1} inited
2020-03-09 20:45:24.867 [main] DEBUG o.s.b.f.s.DefaultListableBeanFactory - Returning cached instance of singleton bean 'org.springframework.transaction.config.internalTransactionAdvisor'
2020-03-09 20:45:24.867 [main] DEBUG o.s.b.f.s.DefaultListableBeanFactory - Returning cached instance of singleton bean 'org.springframework.transaction.config.internalTransactionAdvisor'
2020-03-09 20:45:24.878 [main] DEBUG o.s.b.f.s.DefaultListableBeanFactory - Returning cached instance of singleton bean 'org.springframework.transaction.config.internalTransactionAdvisor'
2020-03-09 20:45:24.878 [main] DEBUG o.s.b.f.s.DefaultListableBeanFactory - Returning cached instance of singleton bean 'org.springframework.transaction.config.internalTransactionAdvisor'
2020-03-09 20:45:24.878 [main] DEBUG o.s.b.f.s.DefaultListableBeanFactory - Returning eagerly cached instance of singleton bean 'org.springframework.boot.autoconfigure.jdbc.DataSourceInitializerInvoker' that is not fully initialized yet - a consequence of a circular reference
2020-03-09 20:45:24.878 [main] DEBUG o.s.b.f.s.DefaultListableBeanFactory - Finished creating instance of bean 'dataSource'
2020-03-09 20:45:24.891 [main] DEBUG o.s.c.i.s.PathMatchingResourcePatternResolver - Resolved classpath location [schema-all.sql] to resources []
2020-03-09 20:45:24.892 [main] DEBUG o.s.c.i.s.PathMatchingResourcePatternResolver - Resolved classpath location [schema.sql] to resources []
2020-03-09 20:45:24.892 [main] DEBUG o.s.b.f.s.DefaultListableBeanFactory - Finished creating instance of bean 'org.springframework.boot.autoconfigure.jdbc.DataSourceInitializerInvoker'
2020-03-09 20:45:24.892 [main] DEBUG o.s.b.f.s.DefaultListableBeanFactory - Returning cached instance of singleton bean 'org.springframework.transaction.config.internalTransactionAdvisor'
2020-03-09 20:45:24.892 [main] DEBUG o.s.b.f.s.DefaultListableBeanFactory - Returning cached instance of singleton bean 'org.springframework.transaction.config.internalTransactionAdvisor'
2020-03-09 20:45:24.893 [main] DEBUG o.s.b.f.s.DefaultListableBeanFactory - Finished creating instance of bean 'org.springframework.cloud.autoconfigure.RefreshAutoConfiguration$JpaInvokerConfiguration'
2020-03-09 20:45:24.893 [main] DEBUG o.s.b.f.s.DefaultListableBeanFactory - Creating shared instance of singleton bean 'entityManagerFactory'
2020-03-09 20:45:24.893 [main] DEBUG o.s.b.f.s.DefaultListableBeanFactory - Creating instance of bean 'entityManagerFactory'
2020-03-09 20:45:24.893 [main] DEBUG o.s.b.f.s.DefaultListableBeanFactory - Returning cached instance of singleton bean 'org.springframework.transaction.config.internalTransactionAdvisor'
2020-03-09 20:45:24.893 [main] DEBUG o.s.b.f.s.DefaultListableBeanFactory - Creating shared instance of singleton bean 'org.springframework.boot.autoconfigure.orm.jpa.HibernateJpaConfiguration'
2020-03-09 20:45:24.893 [main] DEBUG o.s.b.f.s.DefaultListableBeanFactory - Creating instance of bean 'org.springframework.boot.autoconfigure.orm.jpa.HibernateJpaConfiguration'
2020-03-09 20:45:24.894 [main] DEBUG o.s.b.f.s.DefaultListableBeanFactory - Returning cached instance of singleton bean 'org.springframework.transaction.config.internalTransactionAdvisor'
2020-03-09 20:45:24.894 [main] DEBUG o.s.c.LocalVariableTableParameterNameDiscoverer - Cannot find '.class' file for class [class org.springframework.boot.autoconfigure.orm.jpa.HibernateJpaConfiguration$$EnhancerBySpringCGLIB$$ca2b340a] - unable to determine constructor/method parameter names
2020-03-09 20:45:24.897 [main] DEBUG o.s.b.f.s.DefaultListableBeanFactory - Returning cached instance of singleton bean 'dataSource'
2020-03-09 20:45:24.899 [main] DEBUG o.s.b.f.s.DefaultListableBeanFactory - Creating shared instance of singleton bean 'spring.jpa-org.springframework.boot.autoconfigure.orm.jpa.JpaProperties'
2020-03-09 20:45:24.899 [main] DEBUG o.s.b.f.s.DefaultListableBeanFactory - Creating instance of bean 'spring.jpa-org.springframework.boot.autoconfigure.orm.jpa.JpaProperties'
2020-03-09 20:45:24.899 [main] DEBUG o.s.b.f.s.DefaultListableBeanFactory - Returning cached instance of singleton bean 'org.springframework.transaction.config.internalTransactionAdvisor'
2020-03-09 20:45:24.900 [main] DEBUG o.s.b.f.s.DefaultListableBeanFactory - Eagerly caching bean 'spring.jpa-org.springframework.boot.autoconfigure.orm.jpa.JpaProperties' to allow for resolving potential circular references
2020-03-09 20:45:24.903 [main] DEBUG o.s.b.f.s.DefaultListableBeanFactory - Returning cached instance of singleton bean 'org.springframework.transaction.config.internalTransactionAdvisor'
2020-03-09 20:45:24.903 [main] DEBUG o.s.b.f.s.DefaultListableBeanFactory - Returning cached instance of singleton bean 'org.springframework.transaction.config.internalTransactionAdvisor'
2020-03-09 20:45:24.904 [main] DEBUG o.s.b.f.s.DefaultListableBeanFactory - Finished creating instance of bean 'spring.jpa-org.springframework.boot.autoconfigure.orm.jpa.JpaProperties'
2020-03-09 20:45:24.904 [main] DEBUG o.s.b.f.s.DefaultListableBeanFactory - Autowiring by type from bean name 'org.springframework.boot.autoconfigure.orm.jpa.HibernateJpaConfiguration' via constructor to bean named 'dataSource'
2020-03-09 20:45:24.904 [main] DEBUG o.s.b.f.s.DefaultListableBeanFactory - Autowiring by type from bean name 'org.springframework.boot.autoconfigure.orm.jpa.HibernateJpaConfiguration' via constructor to bean named 'spring.jpa-org.springframework.boot.autoconfigure.orm.jpa.JpaProperties'
2020-03-09 20:45:24.908 [main] DEBUG o.s.b.f.s.DefaultListableBeanFactory - Creating shared instance of singleton bean 'platformTransactionManagerCustomizers'
2020-03-09 20:45:24.908 [main] DEBUG o.s.b.f.s.DefaultListableBeanFactory - Creating instance of bean 'platformTransactionManagerCustomizers'
2020-03-09 20:45:24.908 [main] DEBUG o.s.b.f.s.DefaultListableBeanFactory - Returning cached instance of singleton bean 'org.springframework.transaction.config.internalTransactionAdvisor'
2020-03-09 20:45:24.909 [main] DEBUG o.s.b.f.s.DefaultListableBeanFactory - Creating shared instance of singleton bean 'org.springframework.boot.autoconfigure.transaction.TransactionAutoConfiguration'
2020-03-09 20:45:24.909 [main] DEBUG o.s.b.f.s.DefaultListableBeanFactory - Creating instance of bean 'org.springframework.boot.autoconfigure.transaction.TransactionAutoConfiguration'
2020-03-09 20:45:24.909 [main] DEBUG o.s.b.f.s.DefaultListableBeanFactory - Returning cached instance of singleton bean 'org.springframework.transaction.config.internalTransactionAdvisor'
2020-03-09 20:45:24.909 [main] DEBUG o.s.b.f.s.DefaultListableBeanFactory - Eagerly caching bean 'org.springframework.boot.autoconfigure.transaction.TransactionAutoConfiguration' to allow for resolving potential circular references
2020-03-09 20:45:24.915 [main] DEBUG o.s.b.f.s.DefaultListableBeanFactory - Returning cached instance of singleton bean 'org.springframework.transaction.config.internalTransactionAdvisor'
2020-03-09 20:45:24.915 [main] DEBUG o.s.b.f.s.DefaultListableBeanFactory - Returning cached instance of singleton bean 'org.springframework.transaction.config.internalTransactionAdvisor'
2020-03-09 20:45:24.916 [main] DEBUG o.s.b.f.s.DefaultListableBeanFactory - Finished creating instance of bean 'org.springframework.boot.autoconfigure.transaction.TransactionAutoConfiguration'
2020-03-09 20:45:24.924 [main] DEBUG o.s.b.f.s.DefaultListableBeanFactory - Creating shared instance of singleton bean 'spring.transaction-org.springframework.boot.autoconfigure.transaction.TransactionProperties'
2020-03-09 20:45:24.924 [main] DEBUG o.s.b.f.s.DefaultListableBeanFactory - Creating instance of bean 'spring.transaction-org.springframework.boot.autoconfigure.transaction.TransactionProperties'
2020-03-09 20:45:24.924 [main] DEBUG o.s.b.f.s.DefaultListableBeanFactory - Returning cached instance of singleton bean 'org.springframework.transaction.config.internalTransactionAdvisor'
2020-03-09 20:45:24.925 [main] DEBUG o.s.b.f.s.DefaultListableBeanFactory - Eagerly caching bean 'spring.transaction-org.springframework.boot.autoconfigure.transaction.TransactionProperties' to allow for resolving potential circular references
2020-03-09 20:45:24.928 [main] DEBUG o.s.b.f.s.DefaultListableBeanFactory - Returning cached instance of singleton bean 'org.springframework.transaction.config.internalTransactionAdvisor'
2020-03-09 20:45:24.928 [main] DEBUG o.s.b.f.s.DefaultListableBeanFactory - Returning cached instance of singleton bean 'org.springframework.transaction.config.internalTransactionAdvisor'
2020-03-09 20:45:24.928 [main] DEBUG o.s.b.f.s.DefaultListableBeanFactory - Finished creating instance of bean 'spring.transaction-org.springframework.boot.autoconfigure.transaction.TransactionProperties'
2020-03-09 20:45:24.930 [main] DEBUG o.s.b.f.s.DefaultListableBeanFactory - Eagerly caching bean 'platformTransactionManagerCustomizers' to allow for resolving potential circular references
2020-03-09 20:45:24.931 [main] DEBUG o.s.b.f.s.DefaultListableBeanFactory - Returning cached instance of singleton bean 'org.springframework.transaction.config.internalTransactionAdvisor'
2020-03-09 20:45:24.931 [main] DEBUG o.s.b.f.s.DefaultListableBeanFactory - Returning cached instance of singleton bean 'org.springframework.transaction.config.internalTransactionAdvisor'
2020-03-09 20:45:24.931 [main] DEBUG o.s.b.f.s.DefaultListableBeanFactory - Finished creating instance of bean 'platformTransactionManagerCustomizers'
2020-03-09 20:45:24.937 [main] DEBUG o.s.b.f.s.DefaultListableBeanFactory - Creating shared instance of singleton bean 'hikariPoolDataSourceMetadataProvider'
2020-03-09 20:45:24.937 [main] DEBUG o.s.b.f.s.DefaultListableBeanFactory - Creating instance of bean 'hikariPoolDataSourceMetadataProvider'
2020-03-09 20:45:24.937 [main] DEBUG o.s.b.f.s.DefaultListableBeanFactory - Returning cached instance of singleton bean 'org.springframework.transaction.config.internalTransactionAdvisor'
2020-03-09 20:45:24.937 [main] DEBUG o.s.b.f.s.DefaultListableBeanFactory - Creating shared instance of singleton bean 'org.springframework.boot.autoconfigure.jdbc.metadata.DataSourcePoolMetadataProvidersConfiguration$HikariPoolDataSourceMetadataProviderConfiguration'
2020-03-09 20:45:24.937 [main] DEBUG o.s.b.f.s.DefaultListableBeanFactory - Creating instance of bean 'org.springframework.boot.autoconfigure.jdbc.metadata.DataSourcePoolMetadataProvidersConfiguration$HikariPoolDataSourceMetadataProviderConfiguration'
2020-03-09 20:45:24.937 [main] DEBUG o.s.b.f.s.DefaultListableBeanFactory - Returning cached instance of singleton bean 'org.springframework.transaction.config.internalTransactionAdvisor'
2020-03-09 20:45:24.938 [main] DEBUG o.s.b.f.s.DefaultListableBeanFactory - Eagerly caching bean 'org.springframework.boot.autoconfigure.jdbc.metadata.DataSourcePoolMetadataProvidersConfiguration$HikariPoolDataSourceMetadataProviderConfiguration' to allow for resolving potential circular references
2020-03-09 20:45:24.941 [main] DEBUG o.s.b.f.s.DefaultListableBeanFactory - Returning cached instance of singleton bean 'org.springframework.transaction.config.internalTransactionAdvisor'
2020-03-09 20:45:24.941 [main] DEBUG o.s.b.f.s.DefaultListableBeanFactory - Returning cached instance of singleton bean 'org.springframework.transaction.config.internalTransactionAdvisor'
2020-03-09 20:45:24.941 [main] DEBUG o.s.b.f.s.DefaultListableBeanFactory - Finished creating instance of bean 'org.springframework.boot.autoconfigure.jdbc.metadata.DataSourcePoolMetadataProvidersConfiguration$HikariPoolDataSourceMetadataProviderConfiguration'
2020-03-09 20:45:24.946 [main] DEBUG o.s.b.f.s.DefaultListableBeanFactory - Eagerly caching bean 'hikariPoolDataSourceMetadataProvider' to allow for resolving potential circular references
2020-03-09 20:45:24.948 [main] DEBUG o.s.b.f.s.DefaultListableBeanFactory - Returning cached instance of singleton bean 'org.springframework.transaction.config.internalTransactionAdvisor'
2020-03-09 20:45:24.948 [main] DEBUG o.s.b.f.s.DefaultListableBeanFactory - Returning cached instance of singleton bean 'org.springframework.transaction.config.internalTransactionAdvisor'
2020-03-09 20:45:24.948 [main] DEBUG o.s.b.f.s.DefaultListableBeanFactory - Finished creating instance of bean 'hikariPoolDataSourceMetadataProvider'
2020-03-09 20:45:24.958 [main] DEBUG o.s.b.f.s.DefaultListableBeanFactory - Eagerly caching bean 'org.springframework.boot.autoconfigure.orm.jpa.HibernateJpaConfiguration' to allow for resolving potential circular references
2020-03-09 20:45:24.967 [main] DEBUG o.s.b.f.s.DefaultListableBeanFactory - Returning cached instance of singleton bean 'org.springframework.transaction.config.internalTransactionAdvisor'
2020-03-09 20:45:24.968 [main] DEBUG o.s.b.f.s.DefaultListableBeanFactory - Returning cached instance of singleton bean 'org.springframework.transaction.config.internalTransactionAdvisor'
2020-03-09 20:45:24.968 [main] DEBUG o.s.b.f.s.DefaultListableBeanFactory - Finished creating instance of bean 'org.springframework.boot.autoconfigure.orm.jpa.HibernateJpaConfiguration'
2020-03-09 20:45:24.971 [main] DEBUG o.s.b.f.s.DefaultListableBeanFactory - Creating shared instance of singleton bean 'entityManagerFactoryBuilder'
2020-03-09 20:45:24.971 [main] DEBUG o.s.b.f.s.DefaultListableBeanFactory - Creating instance of bean 'entityManagerFactoryBuilder'
2020-03-09 20:45:24.971 [main] DEBUG o.s.b.f.s.DefaultListableBeanFactory - Returning cached instance of singleton bean 'org.springframework.transaction.config.internalTransactionAdvisor'
2020-03-09 20:45:24.971 [main] DEBUG o.s.b.f.s.DefaultListableBeanFactory - Returning cached instance of singleton bean 'org.springframework.boot.autoconfigure.orm.jpa.HibernateJpaConfiguration'
2020-03-09 20:45:24.974 [main] DEBUG o.s.b.f.s.DefaultListableBeanFactory - Creating shared instance of singleton bean 'jpaVendorAdapter'
2020-03-09 20:45:24.974 [main] DEBUG o.s.b.f.s.DefaultListableBeanFactory - Creating instance of bean 'jpaVendorAdapter'
2020-03-09 20:45:24.974 [main] DEBUG o.s.b.f.s.DefaultListableBeanFactory - Returning cached instance of singleton bean 'org.springframework.transaction.config.internalTransactionAdvisor'
2020-03-09 20:45:24.975 [main] DEBUG o.s.b.f.s.DefaultListableBeanFactory - Returning cached instance of singleton bean 'org.springframework.boot.autoconfigure.orm.jpa.HibernateJpaConfiguration'
2020-03-09 20:45:25.027 [main] DEBUG o.s.jdbc.datasource.DataSourceUtils - Fetching JDBC Connection from DataSource
2020-03-09 20:45:25.037 [main] DEBUG o.s.jdbc.datasource.DataSourceUtils - Returning JDBC Connection to DataSource
2020-03-09 20:45:25.039 [main] DEBUG o.s.b.f.s.DefaultListableBeanFactory - Eagerly caching bean 'jpaVendorAdapter' to allow for resolving potential circular references
2020-03-09 20:45:25.042 [main] DEBUG o.s.b.f.s.DefaultListableBeanFactory - Returning cached instance of singleton bean 'org.springframework.transaction.config.internalTransactionAdvisor'
2020-03-09 20:45:25.042 [main] DEBUG o.s.b.f.s.DefaultListableBeanFactory - Returning cached instance of singleton bean 'org.springframework.transaction.config.internalTransactionAdvisor'
2020-03-09 20:45:25.042 [main] DEBUG o.s.b.f.s.DefaultListableBeanFactory - Finished creating instance of bean 'jpaVendorAdapter'
2020-03-09 20:45:25.042 [main] DEBUG o.s.b.f.s.DefaultListableBeanFactory - Autowiring by type from bean name 'entityManagerFactoryBuilder' via factory method to bean named 'jpaVendorAdapter'
2020-03-09 20:45:25.045 [main] DEBUG o.s.b.f.s.DefaultListableBeanFactory - Eagerly caching bean 'entityManagerFactoryBuilder' to allow for resolving potential circular references
2020-03-09 20:45:25.047 [main] DEBUG o.s.b.f.s.DefaultListableBeanFactory - Returning cached instance of singleton bean 'org.springframework.transaction.config.internalTransactionAdvisor'
2020-03-09 20:45:25.047 [main] DEBUG o.s.b.f.s.DefaultListableBeanFactory - Returning cached instance of singleton bean 'org.springframework.transaction.config.internalTransactionAdvisor'
2020-03-09 20:45:25.047 [main] DEBUG o.s.b.f.s.DefaultListableBeanFactory - Finished creating instance of bean 'entityManagerFactoryBuilder'
2020-03-09 20:45:25.047 [main] DEBUG o.s.b.f.s.DefaultListableBeanFactory - Autowiring by type from bean name 'entityManagerFactory' via factory method to bean named 'entityManagerFactoryBuilder'
2020-03-09 20:45:25.053 [main] DEBUG o.s.jdbc.datasource.DataSourceUtils - Fetching JDBC Connection from DataSource
2020-03-09 20:45:25.057 [main] DEBUG o.s.jdbc.datasource.DataSourceUtils - Returning JDBC Connection to DataSource
2020-03-09 20:45:25.059 [main] DEBUG o.s.b.f.s.DefaultListableBeanFactory - Creating shared instance of singleton bean 'org.springframework.boot.autoconfigure.domain.EntityScanPackages'
2020-03-09 20:45:25.059 [main] DEBUG o.s.b.f.s.DefaultListableBeanFactory - Creating instance of bean 'org.springframework.boot.autoconfigure.domain.EntityScanPackages'
2020-03-09 20:45:25.059 [main] DEBUG o.s.b.f.s.DefaultListableBeanFactory - Returning cached instance of singleton bean 'org.springframework.transaction.config.internalTransactionAdvisor'
2020-03-09 20:45:25.059 [main] DEBUG o.s.b.f.s.DefaultListableBeanFactory - Eagerly caching bean 'org.springframework.boot.autoconfigure.domain.EntityScanPackages' to allow for resolving potential circular references
2020-03-09 20:45:25.060 [main] DEBUG o.s.b.f.s.DefaultListableBeanFactory - Returning cached instance of singleton bean 'org.springframework.transaction.config.internalTransactionAdvisor'
2020-03-09 20:45:25.060 [main] DEBUG o.s.b.f.s.DefaultListableBeanFactory - Returning cached instance of singleton bean 'org.springframework.transaction.config.internalTransactionAdvisor'
2020-03-09 20:45:25.060 [main] DEBUG o.s.b.f.s.DefaultListableBeanFactory - Finished creating instance of bean 'org.springframework.boot.autoconfigure.domain.EntityScanPackages'
2020-03-09 20:45:25.067 [main] DEBUG o.s.b.f.s.DefaultListableBeanFactory - Eagerly caching bean 'entityManagerFactory' to allow for resolving potential circular references
2020-03-09 20:45:25.080 [main] DEBUG o.s.b.f.s.DefaultListableBeanFactory - Invoking afterPropertiesSet() on bean with name 'entityManagerFactory'
2020-03-09 20:45:25.085 [main] DEBUG o.s.c.i.s.PathMatchingResourcePatternResolver - Resolved classpath location [META-INF/persistence.xml] to resources []
2020-03-09 20:45:25.086 [main] DEBUG o.s.c.i.s.PathMatchingResourcePatternResolver - Resolved classpath location [com/ningmeng/framework/domain/course/] to resources [URL [jar:file:/E:/1704A/hdServiceCode/nm-framework-model/target/nm-framework-model.jar!/com/ningmeng/framework/domain/course/]]
2020-03-09 20:45:25.087 [main] DEBUG o.s.c.i.s.PathMatchingResourcePatternResolver - Looking for matching resources in jar file [file:/E:/1704A/hdServiceCode/nm-framework-model/target/nm-framework-model.jar]
2020-03-09 20:45:25.088 [main] DEBUG o.s.c.i.s.PathMatchingResourcePatternResolver - Resolved location pattern [classpath*:com/ningmeng/framework/domain/course/**/*.class] to resources [URL [jar:file:/E:/1704A/hdServiceCode/nm-framework-model/target/nm-framework-model.jar!/com/ningmeng/framework/domain/course/CourseOff.class], URL [jar:file:/E:/1704A/hdServiceCode/nm-framework-model/target/nm-framework-model.jar!/com/ningmeng/framework/domain/course/request/CourseListRequest.class], URL [jar:file:/E:/1704A/hdServiceCode/nm-framework-model/target/nm-framework-model.jar!/com/ningmeng/framework/domain/course/TeachplanMedia.class], URL [jar:file:/E:/1704A/hdServiceCode/nm-framework-model/target/nm-framework-model.jar!/com/ningmeng/framework/domain/course/CoursePre.class], URL [jar:file:/E:/1704A/hdServiceCode/nm-framework-model/target/nm-framework-model.jar!/com/ningmeng/framework/domain/course/response/CourseView.class], URL [jar:file:/E:/1704A/hdServiceCode/nm-framework-model/target/nm-framework-model.jar!/com/ningmeng/framework/domain/course/CoursePic.class], URL [jar:file:/E:/1704A/hdServiceCode/nm-framework-model/target/nm-framework-model.jar!/com/ningmeng/framework/domain/course/ext/TeachplanNode.class], URL [jar:file:/E:/1704A/hdServiceCode/nm-framework-model/target/nm-framework-model.jar!/com/ningmeng/framework/domain/course/Teachplan.class], URL [jar:file:/E:/1704A/hdServiceCode/nm-framework-model/target/nm-framework-model.jar!/com/ningmeng/framework/domain/course/CourseMarket.class], URL [jar:file:/E:/1704A/hdServiceCode/nm-framework-model/target/nm-framework-model.jar!/com/ningmeng/framework/domain/course/ext/CourseInfo.class], URL [jar:file:/E:/1704A/hdServiceCode/nm-framework-model/target/nm-framework-model.jar!/com/ningmeng/framework/domain/course/response/CourseCode.class], URL [jar:file:/E:/1704A/hdServiceCode/nm-framework-model/target/nm-framework-model.jar!/com/ningmeng/framework/domain/course/CoursePub.class], URL [jar:file:/E:/1704A/hdServiceCode/nm-framework-model/target/nm-framework-model.jar!/com/ningmeng/framework/domain/course/response/CoursePublishResult.class], URL [jar:file:/E:/1704A/hdServiceCode/nm-framework-model/target/nm-framework-model.jar!/com/ningmeng/framework/domain/course/CourseBase.class], URL [jar:file:/E:/1704A/hdServiceCode/nm-framework-model/target/nm-framework-model.jar!/com/ningmeng/framework/domain/course/ext/CategoryParameter.class], URL [jar:file:/E:/1704A/hdServiceCode/nm-framework-model/target/nm-framework-model.jar!/com/ningmeng/framework/domain/course/response/AddCourseResult.class], URL [jar:file:/E:/1704A/hdServiceCode/nm-framework-model/target/nm-framework-model.jar!/com/ningmeng/framework/domain/course/CourseIndex.class], URL [jar:file:/E:/1704A/hdServiceCode/nm-framework-model/target/nm-framework-model.jar!/com/ningmeng/framework/domain/course/ext/TeachplanExt.class], URL [jar:file:/E:/1704A/hdServiceCode/nm-framework-model/target/nm-framework-model.jar!/com/ningmeng/framework/domain/course/response/DeleteCourseResult.class], URL [jar:file:/E:/1704A/hdServiceCode/nm-framework-model/target/nm-framework-model.jar!/com/ningmeng/framework/domain/course/Category.class], URL [jar:file:/E:/1704A/hdServiceCode/nm-framework-model/target/nm-framework-model.jar!/com/ningmeng/framework/domain/course/ext/CategoryNode.class], URL [jar:file:/E:/1704A/hdServiceCode/nm-framework-model/target/nm-framework-model.jar!/com/ningmeng/framework/domain/course/ext/TeachplanParameter.class], URL [jar:file:/E:/1704A/hdServiceCode/nm-framework-model/target/nm-framework-model.jar!/com/ningmeng/framework/domain/course/TeachplanMediaPub.class]]
2020-03-09 20:45:25.097 [main] INFO  o.s.o.j.LocalContainerEntityManagerFactoryBean - Building JPA container EntityManagerFactory for persistence unit 'default'
2020-03-09 20:45:25.139 [main] DEBUG o.h.jpa.internal.util.LogHelper - PersistenceUnitInfo [
	name: default
	persistence provider classname: null
	classloader: sun.misc.Launcher$AppClassLoader@6bc7c054
	excludeUnlistedClasses: true
	JTA datasource: null
	Non JTA datasource: {
	CreateTime:"2020-03-09 20:45:24",
	ActiveCount:0,
	PoolingCount:5,
	CreateCount:5,
	DestroyCount:0,
	CloseCount:2,
	ConnectCount:2,
	Connections:[
		{ID:1593333077, ConnectTime:"2020-03-09 20:45:24", UseCount:0, LastActiveTime:"2020-03-09 20:45:24"},
		{ID:1540277886, ConnectTime:"2020-03-09 20:45:24", UseCount:0, LastActiveTime:"2020-03-09 20:45:24"},
		{ID:766488161, ConnectTime:"2020-03-09 20:45:24", UseCount:0, LastActiveTime:"2020-03-09 20:45:24"},
		{ID:2049953298, ConnectTime:"2020-03-09 20:45:24", UseCount:0, LastActiveTime:"2020-03-09 20:45:24"},
		{ID:1726054143, ConnectTime:"2020-03-09 20:45:24", UseCount:2, LastActiveTime:"2020-03-09 20:45:25"}
	]
}
	Transaction type: RESOURCE_LOCAL
	PU root URL: file:/E:/1704A/hdServiceCode/nm-framework-model/target/nm-framework-model.jar
	Shared Cache Mode: UNSPECIFIED
	Validation Mode: AUTO
	Jar files URLs []
	Managed classes names [
		com.ningmeng.framework.domain.course.CourseOff
		com.ningmeng.framework.domain.course.TeachplanMedia
		com.ningmeng.framework.domain.course.CoursePre
		com.ningmeng.framework.domain.course.CoursePic
		com.ningmeng.framework.domain.course.Teachplan
		com.ningmeng.framework.domain.course.CourseMarket
		com.ningmeng.framework.domain.course.CoursePub
		com.ningmeng.framework.domain.course.CourseBase
		com.ningmeng.framework.domain.course.CourseIndex
		com.ningmeng.framework.domain.course.Category
		com.ningmeng.framework.domain.course.TeachplanMediaPub]
	Mapping files names []
	Properties []
2020-03-09 20:45:25.162 [main] DEBUG o.h.i.internal.IntegratorServiceImpl - Adding Integrator [org.hibernate.cfg.beanvalidation.BeanValidationIntegrator].
2020-03-09 20:45:25.165 [main] DEBUG o.h.i.internal.IntegratorServiceImpl - Adding Integrator [org.hibernate.secure.spi.JaccIntegrator].
2020-03-09 20:45:25.201 [main] DEBUG o.h.i.internal.IntegratorServiceImpl - Adding Integrator [org.hibernate.cache.internal.CollectionCacheInvalidator].
2020-03-09 20:45:25.202 [main] DEBUG o.h.i.internal.IntegratorServiceImpl - Adding Integrator [org.hibernate.jpa.event.spi.JpaIntegrator].
2020-03-09 20:45:25.260 [main] INFO  org.hibernate.Version - HHH000412: Hibernate Core {5.2.16.Final}
2020-03-09 20:45:25.261 [main] INFO  org.hibernate.cfg.Environment - HHH000206: hibernate.properties not found
2020-03-09 20:45:25.296 [main] DEBUG o.h.service.spi.ServiceBinding - Overriding existing service binding [org.hibernate.secure.spi.JaccService]
2020-03-09 20:45:25.369 [main] DEBUG o.h.c.i.RegionFactoryInitiator - Cache region factory : org.hibernate.cache.internal.NoCachingRegionFactory
2020-03-09 20:45:25.387 [main] INFO  o.h.annotations.common.Version - HCANN000001: Hibernate Commons Annotations {5.0.1.Final}
2020-03-09 20:45:25.496 [main] DEBUG org.hibernate.type.BasicTypeRegistry - Adding type registration boolean -> org.hibernate.type.BooleanType@2aa14ae6
2020-03-09 20:45:25.496 [main] DEBUG org.hibernate.type.BasicTypeRegistry - Adding type registration boolean -> org.hibernate.type.BooleanType@2aa14ae6
2020-03-09 20:45:25.496 [main] DEBUG org.hibernate.type.BasicTypeRegistry - Adding type registration java.lang.Boolean -> org.hibernate.type.BooleanType@2aa14ae6
2020-03-09 20:45:25.497 [main] DEBUG org.hibernate.type.BasicTypeRegistry - Adding type registration numeric_boolean -> org.hibernate.type.NumericBooleanType@7a65c995
2020-03-09 20:45:25.498 [main] DEBUG org.hibernate.type.BasicTypeRegistry - Adding type registration true_false -> org.hibernate.type.TrueFalseType@a0c5be
2020-03-09 20:45:25.499 [main] DEBUG org.hibernate.type.BasicTypeRegistry - Adding type registration yes_no -> org.hibernate.type.YesNoType@8e99809
2020-03-09 20:45:25.500 [main] DEBUG org.hibernate.type.BasicTypeRegistry - Adding type registration byte -> org.hibernate.type.ByteType@3a11c0eb
2020-03-09 20:45:25.500 [main] DEBUG org.hibernate.type.BasicTypeRegistry - Adding type registration byte -> org.hibernate.type.ByteType@3a11c0eb
2020-03-09 20:45:25.500 [main] DEBUG org.hibernate.type.BasicTypeRegistry - Adding type registration java.lang.Byte -> org.hibernate.type.ByteType@3a11c0eb
2020-03-09 20:45:25.501 [main] DEBUG org.hibernate.type.BasicTypeRegistry - Adding type registration character -> org.hibernate.type.CharacterType@53dd42d6
2020-03-09 20:45:25.501 [main] DEBUG org.hibernate.type.BasicTypeRegistry - Adding type registration char -> org.hibernate.type.CharacterType@53dd42d6
2020-03-09 20:45:25.501 [main] DEBUG org.hibernate.type.BasicTypeRegistry - Adding type registration java.lang.Character -> org.hibernate.type.CharacterType@53dd42d6
2020-03-09 20:45:25.503 [main] DEBUG org.hibernate.type.BasicTypeRegistry - Adding type registration short -> org.hibernate.type.ShortType@418f890f
2020-03-09 20:45:25.503 [main] DEBUG org.hibernate.type.BasicTypeRegistry - Adding type registration short -> org.hibernate.type.ShortType@418f890f
2020-03-09 20:45:25.503 [main] DEBUG org.hibernate.type.BasicTypeRegistry - Adding type registration java.lang.Short -> org.hibernate.type.ShortType@418f890f
2020-03-09 20:45:25.504 [main] DEBUG org.hibernate.type.BasicTypeRegistry - Adding type registration integer -> org.hibernate.type.IntegerType@2bab618
2020-03-09 20:45:25.504 [main] DEBUG org.hibernate.type.BasicTypeRegistry - Adding type registration int -> org.hibernate.type.IntegerType@2bab618
2020-03-09 20:45:25.505 [main] DEBUG org.hibernate.type.BasicTypeRegistry - Adding type registration java.lang.Integer -> org.hibernate.type.IntegerType@2bab618
2020-03-09 20:45:25.507 [main] DEBUG org.hibernate.type.BasicTypeRegistry - Adding type registration long -> org.hibernate.type.LongType@6c9b44bf
2020-03-09 20:45:25.508 [main] DEBUG org.hibernate.type.BasicTypeRegistry - Adding type registration long -> org.hibernate.type.LongType@6c9b44bf
2020-03-09 20:45:25.508 [main] DEBUG org.hibernate.type.BasicTypeRegistry - Adding type registration java.lang.Long -> org.hibernate.type.LongType@6c9b44bf
2020-03-09 20:45:25.510 [main] DEBUG org.hibernate.type.BasicTypeRegistry - Adding type registration float -> org.hibernate.type.FloatType@9e02f84
2020-03-09 20:45:25.510 [main] DEBUG org.hibernate.type.BasicTypeRegistry - Adding type registration float -> org.hibernate.type.FloatType@9e02f84
2020-03-09 20:45:25.510 [main] DEBUG org.hibernate.type.BasicTypeRegistry - Adding type registration java.lang.Float -> org.hibernate.type.FloatType@9e02f84
2020-03-09 20:45:25.512 [main] DEBUG org.hibernate.type.BasicTypeRegistry - Adding type registration double -> org.hibernate.type.DoubleType@570a62a5
2020-03-09 20:45:25.513 [main] DEBUG org.hibernate.type.BasicTypeRegistry - Adding type registration double -> org.hibernate.type.DoubleType@570a62a5
2020-03-09 20:45:25.513 [main] DEBUG org.hibernate.type.BasicTypeRegistry - Adding type registration java.lang.Double -> org.hibernate.type.DoubleType@570a62a5
2020-03-09 20:45:25.515 [main] DEBUG org.hibernate.type.BasicTypeRegistry - Adding type registration big_decimal -> org.hibernate.type.BigDecimalType@59c43561
2020-03-09 20:45:25.516 [main] DEBUG org.hibernate.type.BasicTypeRegistry - Adding type registration java.math.BigDecimal -> org.hibernate.type.BigDecimalType@59c43561
2020-03-09 20:45:25.519 [main] DEBUG org.hibernate.type.BasicTypeRegistry - Adding type registration big_integer -> org.hibernate.type.BigIntegerType@1a1f79ce
2020-03-09 20:45:25.519 [main] DEBUG org.hibernate.type.BasicTypeRegistry - Adding type registration java.math.BigInteger -> org.hibernate.type.BigIntegerType@1a1f79ce
2020-03-09 20:45:25.520 [main] DEBUG org.hibernate.type.BasicTypeRegistry - Adding type registration string -> org.hibernate.type.StringType@1cd2143b
2020-03-09 20:45:25.520 [main] DEBUG org.hibernate.type.BasicTypeRegistry - Adding type registration java.lang.String -> org.hibernate.type.StringType@1cd2143b
2020-03-09 20:45:25.521 [main] DEBUG org.hibernate.type.BasicTypeRegistry - Adding type registration nstring -> org.hibernate.type.StringNVarcharType@2db86a7c
2020-03-09 20:45:25.522 [main] DEBUG org.hibernate.type.BasicTypeRegistry - Adding type registration ncharacter -> org.hibernate.type.CharacterNCharType@66f16742
2020-03-09 20:45:25.523 [main] DEBUG org.hibernate.type.BasicTypeRegistry - Adding type registration url -> org.hibernate.type.UrlType@257f30f7
2020-03-09 20:45:25.524 [main] DEBUG org.hibernate.type.BasicTypeRegistry - Adding type registration java.net.URL -> org.hibernate.type.UrlType@257f30f7
2020-03-09 20:45:25.525 [main] DEBUG org.hibernate.type.BasicTypeRegistry - Adding type registration Duration -> org.hibernate.type.DurationType@75882261
2020-03-09 20:45:25.526 [main] DEBUG org.hibernate.type.BasicTypeRegistry - Adding type registration java.time.Duration -> org.hibernate.type.DurationType@75882261
2020-03-09 20:45:25.528 [main] DEBUG org.hibernate.type.BasicTypeRegistry - Adding type registration Instant -> org.hibernate.type.InstantType@38732364
2020-03-09 20:45:25.529 [main] DEBUG org.hibernate.type.BasicTypeRegistry - Adding type registration java.time.Instant -> org.hibernate.type.InstantType@38732364
2020-03-09 20:45:25.530 [main] DEBUG org.hibernate.type.BasicTypeRegistry - Adding type registration LocalDateTime -> org.hibernate.type.LocalDateTimeType@372f0a99
2020-03-09 20:45:25.531 [main] DEBUG org.hibernate.type.BasicTypeRegistry - Adding type registration java.time.LocalDateTime -> org.hibernate.type.LocalDateTimeType@372f0a99
2020-03-09 20:45:25.532 [main] DEBUG org.hibernate.type.BasicTypeRegistry - Adding type registration LocalDate -> org.hibernate.type.LocalDateType@b1b471
2020-03-09 20:45:25.532 [main] DEBUG org.hibernate.type.BasicTypeRegistry - Adding type registration java.time.LocalDate -> org.hibernate.type.LocalDateType@b1b471
2020-03-09 20:45:25.535 [main] DEBUG org.hibernate.type.BasicTypeRegistry - Adding type registration LocalTime -> org.hibernate.type.LocalTimeType@15605d83
2020-03-09 20:45:25.535 [main] DEBUG org.hibernate.type.BasicTypeRegistry - Adding type registration java.time.LocalTime -> org.hibernate.type.LocalTimeType@15605d83
2020-03-09 20:45:25.538 [main] DEBUG org.hibernate.type.BasicTypeRegistry - Adding type registration OffsetDateTime -> org.hibernate.type.OffsetDateTimeType@6544899b
2020-03-09 20:45:25.538 [main] DEBUG org.hibernate.type.BasicTypeRegistry - Adding type registration java.time.OffsetDateTime -> org.hibernate.type.OffsetDateTimeType@6544899b
2020-03-09 20:45:25.540 [main] DEBUG org.hibernate.type.BasicTypeRegistry - Adding type registration OffsetTime -> org.hibernate.type.OffsetTimeType@22f02996
2020-03-09 20:45:25.540 [main] DEBUG org.hibernate.type.BasicTypeRegistry - Adding type registration java.time.OffsetTime -> org.hibernate.type.OffsetTimeType@22f02996
2020-03-09 20:45:25.544 [main] DEBUG org.hibernate.type.BasicTypeRegistry - Adding type registration ZonedDateTime -> org.hibernate.type.ZonedDateTimeType@119290b9
2020-03-09 20:45:25.544 [main] DEBUG org.hibernate.type.BasicTypeRegistry - Adding type registration java.time.ZonedDateTime -> org.hibernate.type.ZonedDateTimeType@119290b9
2020-03-09 20:45:25.546 [main] DEBUG org.hibernate.type.BasicTypeRegistry - Adding type registration date -> org.hibernate.type.DateType@7e7740a5
2020-03-09 20:45:25.546 [main] DEBUG org.hibernate.type.BasicTypeRegistry - Adding type registration java.sql.Date -> org.hibernate.type.DateType@7e7740a5
2020-03-09 20:45:25.547 [main] DEBUG org.hibernate.type.BasicTypeRegistry - Adding type registration time -> org.hibernate.type.TimeType@5fef0c19
2020-03-09 20:45:25.547 [main] DEBUG org.hibernate.type.BasicTypeRegistry - Adding type registration java.sql.Time -> org.hibernate.type.TimeType@5fef0c19
2020-03-09 20:45:25.548 [main] DEBUG org.hibernate.type.BasicTypeRegistry - Adding type registration timestamp -> org.hibernate.type.TimestampType@382d71c7
2020-03-09 20:45:25.548 [main] DEBUG org.hibernate.type.BasicTypeRegistry - Adding type registration java.sql.Timestamp -> org.hibernate.type.TimestampType@382d71c7
2020-03-09 20:45:25.548 [main] DEBUG org.hibernate.type.BasicTypeRegistry - Adding type registration java.util.Date -> org.hibernate.type.TimestampType@382d71c7
2020-03-09 20:45:25.552 [main] DEBUG org.hibernate.type.BasicTypeRegistry - Adding type registration dbtimestamp -> org.hibernate.type.DbTimestampType@496cc217
2020-03-09 20:45:25.554 [main] DEBUG org.hibernate.type.BasicTypeRegistry - Adding type registration calendar -> org.hibernate.type.CalendarType@6c951ada
2020-03-09 20:45:25.554 [main] DEBUG org.hibernate.type.BasicTypeRegistry - Adding type registration java.util.Calendar -> org.hibernate.type.CalendarType@6c951ada
2020-03-09 20:45:25.554 [main] DEBUG org.hibernate.type.BasicTypeRegistry - Adding type registration java.util.GregorianCalendar -> org.hibernate.type.CalendarType@6c951ada
2020-03-09 20:45:25.555 [main] DEBUG org.hibernate.type.BasicTypeRegistry - Adding type registration calendar_date -> org.hibernate.type.CalendarDateType@50598a1a
2020-03-09 20:45:25.557 [main] DEBUG org.hibernate.type.BasicTypeRegistry - Adding type registration locale -> org.hibernate.type.LocaleType@691567ea
2020-03-09 20:45:25.557 [main] DEBUG org.hibernate.type.BasicTypeRegistry - Adding type registration java.util.Locale -> org.hibernate.type.LocaleType@691567ea
2020-03-09 20:45:25.558 [main] DEBUG org.hibernate.type.BasicTypeRegistry - Adding type registration currency -> org.hibernate.type.CurrencyType@26f0141
2020-03-09 20:45:25.558 [main] DEBUG org.hibernate.type.BasicTypeRegistry - Adding type registration java.util.Currency -> org.hibernate.type.CurrencyType@26f0141
2020-03-09 20:45:25.559 [main] DEBUG org.hibernate.type.BasicTypeRegistry - Adding type registration timezone -> org.hibernate.type.TimeZoneType@6380e9e9
2020-03-09 20:45:25.559 [main] DEBUG org.hibernate.type.BasicTypeRegistry - Adding type registration java.util.TimeZone -> org.hibernate.type.TimeZoneType@6380e9e9
2020-03-09 20:45:25.561 [main] DEBUG org.hibernate.type.BasicTypeRegistry - Adding type registration class -> org.hibernate.type.ClassType@8b13d91
2020-03-09 20:45:25.561 [main] DEBUG org.hibernate.type.BasicTypeRegistry - Adding type registration java.lang.Class -> org.hibernate.type.ClassType@8b13d91
2020-03-09 20:45:25.563 [main] DEBUG org.hibernate.type.BasicTypeRegistry - Adding type registration uuid-binary -> org.hibernate.type.UUIDBinaryType@578a5ce8
2020-03-09 20:45:25.563 [main] DEBUG org.hibernate.type.BasicTypeRegistry - Adding type registration java.util.UUID -> org.hibernate.type.UUIDBinaryType@578a5ce8
2020-03-09 20:45:25.564 [main] DEBUG org.hibernate.type.BasicTypeRegistry - Adding type registration uuid-char -> org.hibernate.type.UUIDCharType@3dfd6220
2020-03-09 20:45:25.566 [main] DEBUG org.hibernate.type.BasicTypeRegistry - Adding type registration binary -> org.hibernate.type.BinaryType@61359e87
2020-03-09 20:45:25.566 [main] DEBUG org.hibernate.type.BasicTypeRegistry - Adding type registration byte[] -> org.hibernate.type.BinaryType@61359e87
2020-03-09 20:45:25.567 [main] DEBUG org.hibernate.type.BasicTypeRegistry - Adding type registration [B -> org.hibernate.type.BinaryType@61359e87
2020-03-09 20:45:25.570 [main] DEBUG org.hibernate.type.BasicTypeRegistry - Adding type registration wrapper-binary -> org.hibernate.type.WrapperBinaryType@538a2f0e
2020-03-09 20:45:25.571 [main] DEBUG org.hibernate.type.BasicTypeRegistry - Adding type registration Byte[] -> org.hibernate.type.WrapperBinaryType@538a2f0e
2020-03-09 20:45:25.571 [main] DEBUG org.hibernate.type.BasicTypeRegistry - Adding type registration [Ljava.lang.Byte; -> org.hibernate.type.WrapperBinaryType@538a2f0e
2020-03-09 20:45:25.573 [main] DEBUG org.hibernate.type.BasicTypeRegistry - Adding type registration row_version -> org.hibernate.type.RowVersionType@14b4340c
2020-03-09 20:45:25.574 [main] DEBUG org.hibernate.type.BasicTypeRegistry - Adding type registration image -> org.hibernate.type.ImageType@6cbb7a7d
2020-03-09 20:45:25.575 [main] DEBUG org.hibernate.type.BasicTypeRegistry - Adding type registration characters -> org.hibernate.type.CharArrayType@51e7589f
2020-03-09 20:45:25.576 [main] DEBUG org.hibernate.type.BasicTypeRegistry - Adding type registration char[] -> org.hibernate.type.CharArrayType@51e7589f
2020-03-09 20:45:25.576 [main] DEBUG org.hibernate.type.BasicTypeRegistry - Adding type registration [C -> org.hibernate.type.CharArrayType@51e7589f
2020-03-09 20:45:25.579 [main] DEBUG org.hibernate.type.BasicTypeRegistry - Adding type registration wrapper-characters -> org.hibernate.type.CharacterArrayType@41aebbb4
2020-03-09 20:45:25.579 [main] DEBUG org.hibernate.type.BasicTypeRegistry - Adding type registration [Ljava.lang.Character; -> org.hibernate.type.CharacterArrayType@41aebbb4
2020-03-09 20:45:25.579 [main] DEBUG org.hibernate.type.BasicTypeRegistry - Adding type registration Character[] -> org.hibernate.type.CharacterArrayType@41aebbb4
2020-03-09 20:45:25.581 [main] DEBUG org.hibernate.type.BasicTypeRegistry - Adding type registration text -> org.hibernate.type.TextType@74f280bd
2020-03-09 20:45:25.582 [main] DEBUG org.hibernate.type.BasicTypeRegistry - Adding type registration ntext -> org.hibernate.type.NTextType@37c7766e
2020-03-09 20:45:25.593 [main] DEBUG org.hibernate.type.BasicTypeRegistry - Adding type registration blob -> org.hibernate.type.BlobType@2dfa02c1
2020-03-09 20:45:25.593 [main] DEBUG org.hibernate.type.BasicTypeRegistry - Adding type registration java.sql.Blob -> org.hibernate.type.BlobType@2dfa02c1
2020-03-09 20:45:25.593 [main] DEBUG org.hibernate.type.BasicTypeRegistry - Adding type registration materialized_blob -> org.hibernate.type.MaterializedBlobType@10b8b900
2020-03-09 20:45:25.599 [main] DEBUG org.hibernate.type.BasicTypeRegistry - Adding type registration clob -> org.hibernate.type.ClobType@2506b881
2020-03-09 20:45:25.600 [main] DEBUG org.hibernate.type.BasicTypeRegistry - Adding type registration java.sql.Clob -> org.hibernate.type.ClobType@2506b881
2020-03-09 20:45:25.608 [main] DEBUG org.hibernate.type.BasicTypeRegistry - Adding type registration nclob -> org.hibernate.type.NClobType@6d4a82
2020-03-09 20:45:25.609 [main] DEBUG org.hibernate.type.BasicTypeRegistry - Adding type registration java.sql.NClob -> org.hibernate.type.NClobType@6d4a82
2020-03-09 20:45:25.609 [main] DEBUG org.hibernate.type.BasicTypeRegistry - Adding type registration materialized_clob -> org.hibernate.type.MaterializedClobType@79df80a4
2020-03-09 20:45:25.610 [main] DEBUG org.hibernate.type.BasicTypeRegistry - Adding type registration materialized_nclob -> org.hibernate.type.MaterializedNClobType@2b6fb197
2020-03-09 20:45:25.613 [main] DEBUG org.hibernate.type.BasicTypeRegistry - Adding type registration serializable -> org.hibernate.type.SerializableType@138f0661
2020-03-09 20:45:25.622 [main] DEBUG org.hibernate.type.BasicTypeRegistry - Adding type registration object -> org.hibernate.type.ObjectType@51888019
2020-03-09 20:45:25.622 [main] DEBUG org.hibernate.type.BasicTypeRegistry - Adding type registration java.lang.Object -> org.hibernate.type.ObjectType@51888019
2020-03-09 20:45:25.623 [main] DEBUG org.hibernate.type.BasicTypeRegistry - Adding type registration imm_date -> org.hibernate.type.AdaptedImmutableType@5fb3111a
2020-03-09 20:45:25.623 [main] DEBUG org.hibernate.type.BasicTypeRegistry - Adding type registration imm_time -> org.hibernate.type.AdaptedImmutableType@4aaecabd
2020-03-09 20:45:25.624 [main] DEBUG org.hibernate.type.BasicTypeRegistry - Adding type registration imm_timestamp -> org.hibernate.type.AdaptedImmutableType@23bd0c81
2020-03-09 20:45:25.624 [main] DEBUG org.hibernate.type.BasicTypeRegistry - Adding type registration imm_dbtimestamp -> org.hibernate.type.AdaptedImmutableType@1332dec4
2020-03-09 20:45:25.624 [main] DEBUG org.hibernate.type.BasicTypeRegistry - Adding type registration imm_calendar -> org.hibernate.type.AdaptedImmutableType@544e3679
2020-03-09 20:45:25.624 [main] DEBUG org.hibernate.type.BasicTypeRegistry - Adding type registration imm_calendar_date -> org.hibernate.type.AdaptedImmutableType@6889f56f
2020-03-09 20:45:25.624 [main] DEBUG org.hibernate.type.BasicTypeRegistry - Adding type registration imm_binary -> org.hibernate.type.AdaptedImmutableType@231b35fb
2020-03-09 20:45:25.624 [main] DEBUG org.hibernate.type.BasicTypeRegistry - Adding type registration imm_serializable -> org.hibernate.type.AdaptedImmutableType@26da1ba2
2020-03-09 20:45:25.639 [main] DEBUG o.h.e.j.e.i.JdbcEnvironmentInitiator - Database ->
       name : MySQL
    version : 5.5.57
      major : 5
      minor : 5
2020-03-09 20:45:25.639 [main] DEBUG o.h.e.j.e.i.JdbcEnvironmentInitiator - Driver ->
       name : MySQL Connector Java
    version : mysql-connector-java-5.1.40 ( Revision: 402933ef52cad9aa82624e80acbea46e3a701ce6 )
      major : 5
      minor : 1
2020-03-09 20:45:25.639 [main] DEBUG o.h.e.j.e.i.JdbcEnvironmentInitiator - JDBC version : 4.0
2020-03-09 20:45:25.659 [main] INFO  org.hibernate.dialect.Dialect - HHH000400: Using dialect: org.hibernate.dialect.MySQL5Dialect
2020-03-09 20:45:25.707 [main] DEBUG o.h.e.j.e.s.IdentifierHelperBuilder - JDBC driver metadata reported database stores quoted identifiers in more than one case
2020-03-09 20:45:25.709 [main] DEBUG o.h.e.j.e.s.IdentifierHelperBuilder - IdentifierCaseStrategy for both quoted and unquoted identifiers was set to the same strategy [LOWER]; that will likely lead to problems in schema update and validation if using quoted identifiers
2020-03-09 20:45:26.503 [main] DEBUG o.h.i.f.i.DefaultIdentifierGeneratorFactory - Registering IdentifierGenerator strategy [uuid2] -> [org.hibernate.id.UUIDGenerator]
2020-03-09 20:45:26.503 [main] DEBUG o.h.i.f.i.DefaultIdentifierGeneratorFactory - Registering IdentifierGenerator strategy [guid] -> [org.hibernate.id.GUIDGenerator]
2020-03-09 20:45:26.504 [main] DEBUG o.h.i.f.i.DefaultIdentifierGeneratorFactory - Registering IdentifierGenerator strategy [uuid] -> [org.hibernate.id.UUIDHexGenerator]
2020-03-09 20:45:26.504 [main] DEBUG o.h.i.f.i.DefaultIdentifierGeneratorFactory - Registering IdentifierGenerator strategy [uuid.hex] -> [org.hibernate.id.UUIDHexGenerator]
2020-03-09 20:45:26.504 [main] DEBUG o.h.i.f.i.DefaultIdentifierGeneratorFactory - Registering IdentifierGenerator strategy [assigned] -> [org.hibernate.id.Assigned]
2020-03-09 20:45:26.504 [main] DEBUG o.h.i.f.i.DefaultIdentifierGeneratorFactory - Registering IdentifierGenerator strategy [identity] -> [org.hibernate.id.IdentityGenerator]
2020-03-09 20:45:26.505 [main] DEBUG o.h.i.f.i.DefaultIdentifierGeneratorFactory - Registering IdentifierGenerator strategy [select] -> [org.hibernate.id.SelectGenerator]
2020-03-09 20:45:26.506 [main] DEBUG o.h.i.f.i.DefaultIdentifierGeneratorFactory - Registering IdentifierGenerator strategy [sequence] -> [org.hibernate.id.enhanced.SequenceStyleGenerator]
2020-03-09 20:45:26.506 [main] DEBUG o.h.i.f.i.DefaultIdentifierGeneratorFactory - Registering IdentifierGenerator strategy [seqhilo] -> [org.hibernate.id.SequenceHiLoGenerator]
2020-03-09 20:45:26.507 [main] DEBUG o.h.i.f.i.DefaultIdentifierGeneratorFactory - Registering IdentifierGenerator strategy [increment] -> [org.hibernate.id.IncrementGenerator]
2020-03-09 20:45:26.507 [main] DEBUG o.h.i.f.i.DefaultIdentifierGeneratorFactory - Registering IdentifierGenerator strategy [foreign] -> [org.hibernate.id.ForeignGenerator]
2020-03-09 20:45:26.507 [main] DEBUG o.h.i.f.i.DefaultIdentifierGeneratorFactory - Registering IdentifierGenerator strategy [sequence-identity] -> [org.hibernate.id.SequenceIdentityGenerator]
2020-03-09 20:45:26.507 [main] DEBUG o.h.i.f.i.DefaultIdentifierGeneratorFactory - Registering IdentifierGenerator strategy [enhanced-sequence] -> [org.hibernate.id.enhanced.SequenceStyleGenerator]
2020-03-09 20:45:26.508 [main] DEBUG o.h.i.f.i.DefaultIdentifierGeneratorFactory - Registering IdentifierGenerator strategy [enhanced-table] -> [org.hibernate.id.enhanced.TableGenerator]
2020-03-09 20:45:26.551 [main] DEBUG o.h.boot.model.relational.Namespace - Created database namespace [logicalName=Name{catalog=null, schema=null}, physicalName=Name{catalog=null, schema=null}]
2020-03-09 20:45:26.572 [main] DEBUG org.hibernate.cfg.AnnotationBinder - Binding entity from annotated class: com.ningmeng.framework.domain.course.CoursePre
2020-03-09 20:45:26.593 [main] DEBUG org.hibernate.cfg.Ejb3Column - Binding column: Ejb3DiscriminatorColumn{logicalColumnName'DTYPE', discriminatorTypeName='string'}
2020-03-09 20:45:26.597 [main] DEBUG o.h.cfg.annotations.EntityBinder - Import with entity name CoursePre
2020-03-09 20:45:26.600 [main] DEBUG o.h.cfg.annotations.EntityBinder - Bind entity com.ningmeng.framework.domain.course.CoursePre on table course_pre
2020-03-09 20:45:26.622 [main] DEBUG org.hibernate.cfg.Ejb3Column - Binding column: Ejb3Column{table=org.hibernate.mapping.Table(course_pre), mappingColumn=id, insertable=true, updatable=true, unique=false}
2020-03-09 20:45:26.625 [main] DEBUG o.h.cfg.annotations.PropertyBinder - MetadataSourceProcessor property id with lazy=false
2020-03-09 20:45:26.627 [main] DEBUG o.h.cfg.AbstractPropertyHolder - Attempting to locate auto-apply AttributeConverter for property [com.ningmeng.framework.domain.course.CoursePre:id]
2020-03-09 20:45:26.628 [main] DEBUG o.h.c.annotations.SimpleValueBinder - building SimpleValue for id
2020-03-09 20:45:26.631 [main] DEBUG o.h.cfg.annotations.PropertyBinder - Building property id
2020-03-09 20:45:26.634 [main] DEBUG org.hibernate.cfg.Ejb3Column - Binding column: Ejb3Column{table=org.hibernate.mapping.Table(course_pre), mappingColumn=charge, insertable=true, updatable=true, unique=false}
2020-03-09 20:45:26.634 [main] DEBUG o.h.cfg.annotations.PropertyBinder - MetadataSourceProcessor property charge with lazy=false
2020-03-09 20:45:26.634 [main] DEBUG o.h.cfg.AbstractPropertyHolder - Attempting to locate auto-apply AttributeConverter for property [com.ningmeng.framework.domain.course.CoursePre:charge]
2020-03-09 20:45:26.634 [main] DEBUG o.h.c.annotations.SimpleValueBinder - building SimpleValue for charge
2020-03-09 20:45:26.634 [main] DEBUG o.h.cfg.annotations.PropertyBinder - Building property charge
2020-03-09 20:45:26.635 [main] DEBUG org.hibernate.cfg.Ejb3Column - Binding column: Ejb3Column{table=org.hibernate.mapping.Table(course_pre), mappingColumn=description, insertable=true, updatable=true, unique=false}
2020-03-09 20:45:26.635 [main] DEBUG o.h.cfg.annotations.PropertyBinder - MetadataSourceProcessor property description with lazy=false
2020-03-09 20:45:26.635 [main] DEBUG o.h.cfg.AbstractPropertyHolder - Attempting to locate auto-apply AttributeConverter for property [com.ningmeng.framework.domain.course.CoursePre:description]
2020-03-09 20:45:26.635 [main] DEBUG o.h.c.annotations.SimpleValueBinder - building SimpleValue for description
2020-03-09 20:45:26.635 [main] DEBUG o.h.cfg.annotations.PropertyBinder - Building property description
2020-03-09 20:45:26.635 [main] DEBUG org.hibernate.cfg.Ejb3Column - Binding column: Ejb3Column{table=org.hibernate.mapping.Table(course_pre), mappingColumn=expires, insertable=true, updatable=true, unique=false}
2020-03-09 20:45:26.635 [main] DEBUG o.h.cfg.annotations.PropertyBinder - MetadataSourceProcessor property expires with lazy=false
2020-03-09 20:45:26.635 [main] DEBUG o.h.cfg.AbstractPropertyHolder - Attempting to locate auto-apply AttributeConverter for property [com.ningmeng.framework.domain.course.CoursePre:expires]
2020-03-09 20:45:26.635 [main] DEBUG o.h.c.annotations.SimpleValueBinder - building SimpleValue for expires
2020-03-09 20:45:26.635 [main] DEBUG o.h.cfg.annotations.PropertyBinder - Building property expires
2020-03-09 20:45:26.636 [main] DEBUG org.hibernate.cfg.Ejb3Column - Binding column: Ejb3Column{table=org.hibernate.mapping.Table(course_pre), mappingColumn=grade, insertable=true, updatable=true, unique=false}
2020-03-09 20:45:26.636 [main] DEBUG o.h.cfg.annotations.PropertyBinder - MetadataSourceProcessor property grade with lazy=false
2020-03-09 20:45:26.636 [main] DEBUG o.h.cfg.AbstractPropertyHolder - Attempting to locate auto-apply AttributeConverter for property [com.ningmeng.framework.domain.course.CoursePre:grade]
2020-03-09 20:45:26.636 [main] DEBUG o.h.c.annotations.SimpleValueBinder - building SimpleValue for grade
2020-03-09 20:45:26.636 [main] DEBUG o.h.cfg.annotations.PropertyBinder - Building property grade
2020-03-09 20:45:26.636 [main] DEBUG org.hibernate.cfg.Ejb3Column - Binding column: Ejb3Column{table=org.hibernate.mapping.Table(course_pre), mappingColumn=mt, insertable=true, updatable=true, unique=false}
2020-03-09 20:45:26.636 [main] DEBUG o.h.cfg.annotations.PropertyBinder - MetadataSourceProcessor property mt with lazy=false
2020-03-09 20:45:26.636 [main] DEBUG o.h.cfg.AbstractPropertyHolder - Attempting to locate auto-apply AttributeConverter for property [com.ningmeng.framework.domain.course.CoursePre:mt]
2020-03-09 20:45:26.636 [main] DEBUG o.h.c.annotations.SimpleValueBinder - building SimpleValue for mt
2020-03-09 20:45:26.636 [main] DEBUG o.h.cfg.annotations.PropertyBinder - Building property mt
2020-03-09 20:45:26.636 [main] DEBUG org.hibernate.cfg.Ejb3Column - Binding column: Ejb3Column{table=org.hibernate.mapping.Table(course_pre), mappingColumn=name, insertable=true, updatable=true, unique=false}
2020-03-09 20:45:26.636 [main] DEBUG o.h.cfg.annotations.PropertyBinder - MetadataSourceProcessor property name with lazy=false
2020-03-09 20:45:26.636 [main] DEBUG o.h.cfg.AbstractPropertyHolder - Attempting to locate auto-apply AttributeConverter for property [com.ningmeng.framework.domain.course.CoursePre:name]
2020-03-09 20:45:26.637 [main] DEBUG o.h.c.annotations.SimpleValueBinder - building SimpleValue for name
2020-03-09 20:45:26.637 [main] DEBUG o.h.cfg.annotations.PropertyBinder - Building property name
2020-03-09 20:45:26.637 [main] DEBUG org.hibernate.cfg.Ejb3Column - Binding column: Ejb3Column{table=org.hibernate.mapping.Table(course_pre), mappingColumn=pic, insertable=true, updatable=true, unique=false}
2020-03-09 20:45:26.637 [main] DEBUG o.h.cfg.annotations.PropertyBinder - MetadataSourceProcessor property pic with lazy=false
2020-03-09 20:45:26.637 [main] DEBUG o.h.cfg.AbstractPropertyHolder - Attempting to locate auto-apply AttributeConverter for property [com.ningmeng.framework.domain.course.CoursePre:pic]
2020-03-09 20:45:26.637 [main] DEBUG o.h.c.annotations.SimpleValueBinder - building SimpleValue for pic
2020-03-09 20:45:26.637 [main] DEBUG o.h.cfg.annotations.PropertyBinder - Building property pic
2020-03-09 20:45:26.637 [main] DEBUG org.hibernate.cfg.Ejb3Column - Binding column: Ejb3Column{table=org.hibernate.mapping.Table(course_pre), mappingColumn=price, insertable=true, updatable=true, unique=false}
2020-03-09 20:45:26.637 [main] DEBUG o.h.cfg.annotations.PropertyBinder - MetadataSourceProcessor property price with lazy=false
2020-03-09 20:45:26.637 [main] DEBUG o.h.cfg.AbstractPropertyHolder - Attempting to locate auto-apply AttributeConverter for property [com.ningmeng.framework.domain.course.CoursePre:price]
2020-03-09 20:45:26.637 [main] DEBUG o.h.c.annotations.SimpleValueBinder - building SimpleValue for price
2020-03-09 20:45:26.637 [main] DEBUG o.h.cfg.annotations.PropertyBinder - Building property price
2020-03-09 20:45:26.638 [main] DEBUG org.hibernate.cfg.Ejb3Column - Binding column: Ejb3Column{table=org.hibernate.mapping.Table(course_pre), mappingColumn=price_old, insertable=true, updatable=true, unique=false}
2020-03-09 20:45:26.638 [main] DEBUG o.h.cfg.annotations.PropertyBinder - MetadataSourceProcessor property price_old with lazy=false
2020-03-09 20:45:26.638 [main] DEBUG o.h.cfg.AbstractPropertyHolder - Attempting to locate auto-apply AttributeConverter for property [com.ningmeng.framework.domain.course.CoursePre:price_old]
2020-03-09 20:45:26.638 [main] DEBUG o.h.c.annotations.SimpleValueBinder - building SimpleValue for price_old
2020-03-09 20:45:26.638 [main] DEBUG o.h.cfg.annotations.PropertyBinder - Building property price_old
2020-03-09 20:45:26.638 [main] DEBUG org.hibernate.cfg.Ejb3Column - Binding column: Ejb3Column{table=org.hibernate.mapping.Table(course_pre), mappingColumn=qq, insertable=true, updatable=true, unique=false}
2020-03-09 20:45:26.638 [main] DEBUG o.h.cfg.annotations.PropertyBinder - MetadataSourceProcessor property qq with lazy=false
2020-03-09 20:45:26.638 [main] DEBUG o.h.cfg.AbstractPropertyHolder - Attempting to locate auto-apply AttributeConverter for property [com.ningmeng.framework.domain.course.CoursePre:qq]
2020-03-09 20:45:26.638 [main] DEBUG o.h.c.annotations.SimpleValueBinder - building SimpleValue for qq
2020-03-09 20:45:26.638 [main] DEBUG o.h.cfg.annotations.PropertyBinder - Building property qq
2020-03-09 20:45:26.638 [main] DEBUG org.hibernate.cfg.Ejb3Column - Binding column: Ejb3Column{table=org.hibernate.mapping.Table(course_pre), mappingColumn=st, insertable=true, updatable=true, unique=false}
2020-03-09 20:45:26.638 [main] DEBUG o.h.cfg.annotations.PropertyBinder - MetadataSourceProcessor property st with lazy=false
2020-03-09 20:45:26.638 [main] DEBUG o.h.cfg.AbstractPropertyHolder - Attempting to locate auto-apply AttributeConverter for property [com.ningmeng.framework.domain.course.CoursePre:st]
2020-03-09 20:45:26.639 [main] DEBUG o.h.c.annotations.SimpleValueBinder - building SimpleValue for st
2020-03-09 20:45:26.639 [main] DEBUG o.h.cfg.annotations.PropertyBinder - Building property st
2020-03-09 20:45:26.639 [main] DEBUG org.hibernate.cfg.Ejb3Column - Binding column: Ejb3Column{table=org.hibernate.mapping.Table(course_pre), mappingColumn=studymodel, insertable=true, updatable=true, unique=false}
2020-03-09 20:45:26.639 [main] DEBUG o.h.cfg.annotations.PropertyBinder - MetadataSourceProcessor property studymodel with lazy=false
2020-03-09 20:45:26.639 [main] DEBUG o.h.cfg.AbstractPropertyHolder - Attempting to locate auto-apply AttributeConverter for property [com.ningmeng.framework.domain.course.CoursePre:studymodel]
2020-03-09 20:45:26.639 [main] DEBUG o.h.c.annotations.SimpleValueBinder - building SimpleValue for studymodel
2020-03-09 20:45:26.639 [main] DEBUG o.h.cfg.annotations.PropertyBinder - Building property studymodel
2020-03-09 20:45:26.639 [main] DEBUG org.hibernate.cfg.Ejb3Column - Binding column: Ejb3Column{table=org.hibernate.mapping.Table(course_pre), mappingColumn=teachplan, insertable=true, updatable=true, unique=false}
2020-03-09 20:45:26.639 [main] DEBUG o.h.cfg.annotations.PropertyBinder - MetadataSourceProcessor property teachplan with lazy=false
2020-03-09 20:45:26.639 [main] DEBUG o.h.cfg.AbstractPropertyHolder - Attempting to locate auto-apply AttributeConverter for property [com.ningmeng.framework.domain.course.CoursePre:teachplan]
2020-03-09 20:45:26.639 [main] DEBUG o.h.c.annotations.SimpleValueBinder - building SimpleValue for teachplan
2020-03-09 20:45:26.639 [main] DEBUG o.h.cfg.annotations.PropertyBinder - Building property teachplan
2020-03-09 20:45:26.639 [main] DEBUG org.hibernate.cfg.Ejb3Column - Binding column: Ejb3Column{table=org.hibernate.mapping.Table(course_pre), mappingColumn=timestamp, insertable=true, updatable=true, unique=false}
2020-03-09 20:45:26.639 [main] DEBUG o.h.cfg.annotations.PropertyBinder - MetadataSourceProcessor property timestamp with lazy=false
2020-03-09 20:45:26.639 [main] DEBUG o.h.cfg.AbstractPropertyHolder - Attempting to locate auto-apply AttributeConverter for property [com.ningmeng.framework.domain.course.CoursePre:timestamp]
2020-03-09 20:45:26.639 [main] DEBUG o.h.c.annotations.SimpleValueBinder - building SimpleValue for timestamp
2020-03-09 20:45:26.640 [main] DEBUG o.h.cfg.annotations.PropertyBinder - Building property timestamp
2020-03-09 20:45:26.640 [main] DEBUG org.hibernate.cfg.Ejb3Column - Binding column: Ejb3Column{table=org.hibernate.mapping.Table(course_pre), mappingColumn=users, insertable=true, updatable=true, unique=false}
2020-03-09 20:45:26.640 [main] DEBUG o.h.cfg.annotations.PropertyBinder - MetadataSourceProcessor property users with lazy=false
2020-03-09 20:45:26.641 [main] DEBUG o.h.cfg.AbstractPropertyHolder - Attempting to locate auto-apply AttributeConverter for property [com.ningmeng.framework.domain.course.CoursePre:users]
2020-03-09 20:45:26.641 [main] DEBUG o.h.c.annotations.SimpleValueBinder - building SimpleValue for users
2020-03-09 20:45:26.641 [main] DEBUG o.h.cfg.annotations.PropertyBinder - Building property users
2020-03-09 20:45:26.641 [main] DEBUG org.hibernate.cfg.Ejb3Column - Binding column: Ejb3Column{table=org.hibernate.mapping.Table(course_pre), mappingColumn=valid, insertable=true, updatable=true, unique=false}
2020-03-09 20:45:26.641 [main] DEBUG o.h.cfg.annotations.PropertyBinder - MetadataSourceProcessor property valid with lazy=false
2020-03-09 20:45:26.641 [main] DEBUG o.h.cfg.AbstractPropertyHolder - Attempting to locate auto-apply AttributeConverter for property [com.ningmeng.framework.domain.course.CoursePre:valid]
2020-03-09 20:45:26.641 [main] DEBUG o.h.c.annotations.SimpleValueBinder - building SimpleValue for valid
2020-03-09 20:45:26.642 [main] DEBUG o.h.cfg.annotations.PropertyBinder - Building property valid
2020-03-09 20:45:26.643 [main] DEBUG org.hibernate.cfg.AnnotationBinder - Binding entity from annotated class: com.ningmeng.framework.domain.course.Teachplan
2020-03-09 20:45:26.643 [main] DEBUG org.hibernate.cfg.Ejb3Column - Binding column: Ejb3DiscriminatorColumn{logicalColumnName'DTYPE', discriminatorTypeName='string'}
2020-03-09 20:45:26.643 [main] DEBUG o.h.cfg.annotations.EntityBinder - Import with entity name Teachplan
2020-03-09 20:45:26.643 [main] DEBUG o.h.cfg.annotations.EntityBinder - Bind entity com.ningmeng.framework.domain.course.Teachplan on table teachplan
2020-03-09 20:45:26.644 [main] DEBUG org.hibernate.cfg.Ejb3Column - Binding column: Ejb3Column{table=org.hibernate.mapping.Table(teachplan), mappingColumn=id, insertable=true, updatable=true, unique=false}
2020-03-09 20:45:26.644 [main] DEBUG o.h.cfg.annotations.PropertyBinder - MetadataSourceProcessor property id with lazy=false
2020-03-09 20:45:26.644 [main] DEBUG o.h.cfg.AbstractPropertyHolder - Attempting to locate auto-apply AttributeConverter for property [com.ningmeng.framework.domain.course.Teachplan:id]
2020-03-09 20:45:26.644 [main] DEBUG o.h.c.annotations.SimpleValueBinder - building SimpleValue for id
2020-03-09 20:45:26.645 [main] DEBUG o.h.cfg.annotations.PropertyBinder - Building property id
2020-03-09 20:45:26.645 [main] DEBUG org.hibernate.cfg.Ejb3Column - Binding column: Ejb3Column{table=org.hibernate.mapping.Table(teachplan), mappingColumn=courseid, insertable=true, updatable=true, unique=false}
2020-03-09 20:45:26.645 [main] DEBUG o.h.cfg.annotations.PropertyBinder - MetadataSourceProcessor property courseid with lazy=false
2020-03-09 20:45:26.645 [main] DEBUG o.h.cfg.AbstractPropertyHolder - Attempting to locate auto-apply AttributeConverter for property [com.ningmeng.framework.domain.course.Teachplan:courseid]
2020-03-09 20:45:26.645 [main] DEBUG o.h.c.annotations.SimpleValueBinder - building SimpleValue for courseid
2020-03-09 20:45:26.645 [main] DEBUG o.h.cfg.annotations.PropertyBinder - Building property courseid
2020-03-09 20:45:26.645 [main] DEBUG org.hibernate.cfg.Ejb3Column - Binding column: Ejb3Column{table=org.hibernate.mapping.Table(teachplan), mappingColumn=description, insertable=true, updatable=true, unique=false}
2020-03-09 20:45:26.645 [main] DEBUG o.h.cfg.annotations.PropertyBinder - MetadataSourceProcessor property description with lazy=false
2020-03-09 20:45:26.645 [main] DEBUG o.h.cfg.AbstractPropertyHolder - Attempting to locate auto-apply AttributeConverter for property [com.ningmeng.framework.domain.course.Teachplan:description]
2020-03-09 20:45:26.645 [main] DEBUG o.h.c.annotations.SimpleValueBinder - building SimpleValue for description
2020-03-09 20:45:26.646 [main] DEBUG o.h.cfg.annotations.PropertyBinder - Building property description
2020-03-09 20:45:26.646 [main] DEBUG org.hibernate.cfg.Ejb3Column - Binding column: Ejb3Column{table=org.hibernate.mapping.Table(teachplan), mappingColumn=grade, insertable=true, updatable=true, unique=false}
2020-03-09 20:45:26.646 [main] DEBUG o.h.cfg.annotations.PropertyBinder - MetadataSourceProcessor property grade with lazy=false
2020-03-09 20:45:26.646 [main] DEBUG o.h.cfg.AbstractPropertyHolder - Attempting to locate auto-apply AttributeConverter for property [com.ningmeng.framework.domain.course.Teachplan:grade]
2020-03-09 20:45:26.646 [main] DEBUG o.h.c.annotations.SimpleValueBinder - building SimpleValue for grade
2020-03-09 20:45:26.646 [main] DEBUG o.h.cfg.annotations.PropertyBinder - Building property grade
2020-03-09 20:45:26.646 [main] DEBUG org.hibernate.cfg.Ejb3Column - Binding column: Ejb3Column{table=org.hibernate.mapping.Table(teachplan), mappingColumn=orderby, insertable=true, updatable=true, unique=false}
2020-03-09 20:45:26.646 [main] DEBUG o.h.cfg.annotations.PropertyBinder - MetadataSourceProcessor property orderby with lazy=false
2020-03-09 20:45:26.646 [main] DEBUG o.h.cfg.AbstractPropertyHolder - Attempting to locate auto-apply AttributeConverter for property [com.ningmeng.framework.domain.course.Teachplan:orderby]
2020-03-09 20:45:26.646 [main] DEBUG o.h.c.annotations.SimpleValueBinder - building SimpleValue for orderby
2020-03-09 20:45:26.647 [main] DEBUG o.h.cfg.annotations.PropertyBinder - Building property orderby
2020-03-09 20:45:26.647 [main] DEBUG org.hibernate.cfg.Ejb3Column - Binding column: Ejb3Column{table=org.hibernate.mapping.Table(teachplan), mappingColumn=parentid, insertable=true, updatable=true, unique=false}
2020-03-09 20:45:26.647 [main] DEBUG o.h.cfg.annotations.PropertyBinder - MetadataSourceProcessor property parentid with lazy=false
2020-03-09 20:45:26.647 [main] DEBUG o.h.cfg.AbstractPropertyHolder - Attempting to locate auto-apply AttributeConverter for property [com.ningmeng.framework.domain.course.Teachplan:parentid]
2020-03-09 20:45:26.647 [main] DEBUG o.h.c.annotations.SimpleValueBinder - building SimpleValue for parentid
2020-03-09 20:45:26.647 [main] DEBUG o.h.cfg.annotations.PropertyBinder - Building property parentid
2020-03-09 20:45:26.647 [main] DEBUG org.hibernate.cfg.Ejb3Column - Binding column: Ejb3Column{table=org.hibernate.mapping.Table(teachplan), mappingColumn=pname, insertable=true, updatable=true, unique=false}
2020-03-09 20:45:26.647 [main] DEBUG o.h.cfg.annotations.PropertyBinder - MetadataSourceProcessor property pname with lazy=false
2020-03-09 20:45:26.647 [main] DEBUG o.h.cfg.AbstractPropertyHolder - Attempting to locate auto-apply AttributeConverter for property [com.ningmeng.framework.domain.course.Teachplan:pname]
2020-03-09 20:45:26.647 [main] DEBUG o.h.c.annotations.SimpleValueBinder - building SimpleValue for pname
2020-03-09 20:45:26.647 [main] DEBUG o.h.cfg.annotations.PropertyBinder - Building property pname
2020-03-09 20:45:26.648 [main] DEBUG org.hibernate.cfg.Ejb3Column - Binding column: Ejb3Column{table=org.hibernate.mapping.Table(teachplan), mappingColumn=ptype, insertable=true, updatable=true, unique=false}
2020-03-09 20:45:26.648 [main] DEBUG o.h.cfg.annotations.PropertyBinder - MetadataSourceProcessor property ptype with lazy=false
2020-03-09 20:45:26.649 [main] DEBUG o.h.cfg.AbstractPropertyHolder - Attempting to locate auto-apply AttributeConverter for property [com.ningmeng.framework.domain.course.Teachplan:ptype]
2020-03-09 20:45:26.649 [main] DEBUG o.h.c.annotations.SimpleValueBinder - building SimpleValue for ptype
2020-03-09 20:45:26.649 [main] DEBUG o.h.cfg.annotations.PropertyBinder - Building property ptype
2020-03-09 20:45:26.649 [main] DEBUG org.hibernate.cfg.Ejb3Column - Binding column: Ejb3Column{table=org.hibernate.mapping.Table(teachplan), mappingColumn=status, insertable=true, updatable=true, unique=false}
2020-03-09 20:45:26.650 [main] DEBUG o.h.cfg.annotations.PropertyBinder - MetadataSourceProcessor property status with lazy=false
2020-03-09 20:45:26.650 [main] DEBUG o.h.cfg.AbstractPropertyHolder - Attempting to locate auto-apply AttributeConverter for property [com.ningmeng.framework.domain.course.Teachplan:status]
2020-03-09 20:45:26.650 [main] DEBUG o.h.c.annotations.SimpleValueBinder - building SimpleValue for status
2020-03-09 20:45:26.650 [main] DEBUG o.h.cfg.annotations.PropertyBinder - Building property status
2020-03-09 20:45:26.650 [main] DEBUG org.hibernate.cfg.Ejb3Column - Binding column: Ejb3Column{table=org.hibernate.mapping.Table(teachplan), mappingColumn=timelength, insertable=true, updatable=true, unique=false}
2020-03-09 20:45:26.650 [main] DEBUG o.h.cfg.annotations.PropertyBinder - MetadataSourceProcessor property timelength with lazy=false
2020-03-09 20:45:26.650 [main] DEBUG o.h.cfg.AbstractPropertyHolder - Attempting to locate auto-apply AttributeConverter for property [com.ningmeng.framework.domain.course.Teachplan:timelength]
2020-03-09 20:45:26.650 [main] DEBUG o.h.c.annotations.SimpleValueBinder - building SimpleValue for timelength
2020-03-09 20:45:26.650 [main] DEBUG o.h.cfg.annotations.PropertyBinder - Building property timelength
2020-03-09 20:45:26.651 [main] DEBUG org.hibernate.cfg.Ejb3Column - Binding column: Ejb3Column{table=org.hibernate.mapping.Table(teachplan), mappingColumn=trylearn, insertable=true, updatable=true, unique=false}
2020-03-09 20:45:26.651 [main] DEBUG o.h.cfg.annotations.PropertyBinder - MetadataSourceProcessor property trylearn with lazy=false
2020-03-09 20:45:26.651 [main] DEBUG o.h.cfg.AbstractPropertyHolder - Attempting to locate auto-apply AttributeConverter for property [com.ningmeng.framework.domain.course.Teachplan:trylearn]
2020-03-09 20:45:26.651 [main] DEBUG o.h.c.annotations.SimpleValueBinder - building SimpleValue for trylearn
2020-03-09 20:45:26.651 [main] DEBUG o.h.cfg.annotations.PropertyBinder - Building property trylearn
2020-03-09 20:45:26.651 [main] DEBUG org.hibernate.cfg.AnnotationBinder - Binding entity from annotated class: com.ningmeng.framework.domain.course.Category
2020-03-09 20:45:26.651 [main] DEBUG org.hibernate.cfg.Ejb3Column - Binding column: Ejb3DiscriminatorColumn{logicalColumnName'DTYPE', discriminatorTypeName='string'}
2020-03-09 20:45:26.651 [main] DEBUG o.h.cfg.annotations.EntityBinder - Import with entity name Category
2020-03-09 20:45:26.651 [main] DEBUG o.h.cfg.annotations.EntityBinder - Bind entity com.ningmeng.framework.domain.course.Category on table category
2020-03-09 20:45:26.653 [main] DEBUG org.hibernate.cfg.Ejb3Column - Binding column: Ejb3Column{table=org.hibernate.mapping.Table(category), mappingColumn=id, insertable=true, updatable=true, unique=false}
2020-03-09 20:45:26.653 [main] DEBUG o.h.cfg.annotations.PropertyBinder - MetadataSourceProcessor property id with lazy=false
2020-03-09 20:45:26.653 [main] DEBUG o.h.cfg.AbstractPropertyHolder - Attempting to locate auto-apply AttributeConverter for property [com.ningmeng.framework.domain.course.Category:id]
2020-03-09 20:45:26.653 [main] DEBUG o.h.c.annotations.SimpleValueBinder - building SimpleValue for id
2020-03-09 20:45:26.653 [main] DEBUG o.h.cfg.annotations.PropertyBinder - Building property id
2020-03-09 20:45:26.653 [main] DEBUG org.hibernate.cfg.Ejb3Column - Binding column: Ejb3Column{table=org.hibernate.mapping.Table(category), mappingColumn=isleaf, insertable=true, updatable=true, unique=false}
2020-03-09 20:45:26.653 [main] DEBUG o.h.cfg.annotations.PropertyBinder - MetadataSourceProcessor property isleaf with lazy=false
2020-03-09 20:45:26.653 [main] DEBUG o.h.cfg.AbstractPropertyHolder - Attempting to locate auto-apply AttributeConverter for property [com.ningmeng.framework.domain.course.Category:isleaf]
2020-03-09 20:45:26.653 [main] DEBUG o.h.c.annotations.SimpleValueBinder - building SimpleValue for isleaf
2020-03-09 20:45:26.654 [main] DEBUG o.h.cfg.annotations.PropertyBinder - Building property isleaf
2020-03-09 20:45:26.654 [main] DEBUG org.hibernate.cfg.Ejb3Column - Binding column: Ejb3Column{table=org.hibernate.mapping.Table(category), mappingColumn=isshow, insertable=true, updatable=true, unique=false}
2020-03-09 20:45:26.654 [main] DEBUG o.h.cfg.annotations.PropertyBinder - MetadataSourceProcessor property isshow with lazy=false
2020-03-09 20:45:26.654 [main] DEBUG o.h.cfg.AbstractPropertyHolder - Attempting to locate auto-apply AttributeConverter for property [com.ningmeng.framework.domain.course.Category:isshow]
2020-03-09 20:45:26.654 [main] DEBUG o.h.c.annotations.SimpleValueBinder - building SimpleValue for isshow
2020-03-09 20:45:26.654 [main] DEBUG o.h.cfg.annotations.PropertyBinder - Building property isshow
2020-03-09 20:45:26.654 [main] DEBUG org.hibernate.cfg.Ejb3Column - Binding column: Ejb3Column{table=org.hibernate.mapping.Table(category), mappingColumn=label, insertable=true, updatable=true, unique=false}
2020-03-09 20:45:26.654 [main] DEBUG o.h.cfg.annotations.PropertyBinder - MetadataSourceProcessor property label with lazy=false
2020-03-09 20:45:26.654 [main] DEBUG o.h.cfg.AbstractPropertyHolder - Attempting to locate auto-apply AttributeConverter for property [com.ningmeng.framework.domain.course.Category:label]
2020-03-09 20:45:26.654 [main] DEBUG o.h.c.annotations.SimpleValueBinder - building SimpleValue for label
2020-03-09 20:45:26.655 [main] DEBUG o.h.cfg.annotations.PropertyBinder - Building property label
2020-03-09 20:45:26.655 [main] DEBUG org.hibernate.cfg.Ejb3Column - Binding column: Ejb3Column{table=org.hibernate.mapping.Table(category), mappingColumn=name, insertable=true, updatable=true, unique=false}
2020-03-09 20:45:26.655 [main] DEBUG o.h.cfg.annotations.PropertyBinder - MetadataSourceProcessor property name with lazy=false
2020-03-09 20:45:26.655 [main] DEBUG o.h.cfg.AbstractPropertyHolder - Attempting to locate auto-apply AttributeConverter for property [com.ningmeng.framework.domain.course.Category:name]
2020-03-09 20:45:26.655 [main] DEBUG o.h.c.annotations.SimpleValueBinder - building SimpleValue for name
2020-03-09 20:45:26.655 [main] DEBUG o.h.cfg.annotations.PropertyBinder - Building property name
2020-03-09 20:45:26.655 [main] DEBUG org.hibernate.cfg.Ejb3Column - Binding column: Ejb3Column{table=org.hibernate.mapping.Table(category), mappingColumn=orderby, insertable=true, updatable=true, unique=false}
2020-03-09 20:45:26.655 [main] DEBUG o.h.cfg.annotations.PropertyBinder - MetadataSourceProcessor property orderby with lazy=false
2020-03-09 20:45:26.655 [main] DEBUG o.h.cfg.AbstractPropertyHolder - Attempting to locate auto-apply AttributeConverter for property [com.ningmeng.framework.domain.course.Category:orderby]
2020-03-09 20:45:26.655 [main] DEBUG o.h.c.annotations.SimpleValueBinder - building SimpleValue for orderby
2020-03-09 20:45:26.655 [main] DEBUG o.h.cfg.annotations.PropertyBinder - Building property orderby
2020-03-09 20:45:26.656 [main] DEBUG org.hibernate.cfg.Ejb3Column - Binding column: Ejb3Column{table=org.hibernate.mapping.Table(category), mappingColumn=parentid, insertable=true, updatable=true, unique=false}
2020-03-09 20:45:26.656 [main] DEBUG o.h.cfg.annotations.PropertyBinder - MetadataSourceProcessor property parentid with lazy=false
2020-03-09 20:45:26.656 [main] DEBUG o.h.cfg.AbstractPropertyHolder - Attempting to locate auto-apply AttributeConverter for property [com.ningmeng.framework.domain.course.Category:parentid]
2020-03-09 20:45:26.656 [main] DEBUG o.h.c.annotations.SimpleValueBinder - building SimpleValue for parentid
2020-03-09 20:45:26.656 [main] DEBUG o.h.cfg.annotations.PropertyBinder - Building property parentid
2020-03-09 20:45:26.656 [main] DEBUG org.hibernate.cfg.AnnotationBinder - Binding entity from annotated class: com.ningmeng.framework.domain.course.CourseBase
2020-03-09 20:45:26.656 [main] DEBUG org.hibernate.cfg.Ejb3Column - Binding column: Ejb3DiscriminatorColumn{logicalColumnName'DTYPE', discriminatorTypeName='string'}
2020-03-09 20:45:26.656 [main] DEBUG o.h.cfg.annotations.EntityBinder - Import with entity name CourseBase
2020-03-09 20:45:26.657 [main] DEBUG o.h.cfg.annotations.EntityBinder - Bind entity com.ningmeng.framework.domain.course.CourseBase on table course_base
2020-03-09 20:45:26.658 [main] DEBUG org.hibernate.cfg.Ejb3Column - Binding column: Ejb3Column{table=org.hibernate.mapping.Table(course_base), mappingColumn=id, insertable=true, updatable=true, unique=false}
2020-03-09 20:45:26.658 [main] DEBUG o.h.cfg.annotations.PropertyBinder - MetadataSourceProcessor property id with lazy=false
2020-03-09 20:45:26.658 [main] DEBUG o.h.cfg.AbstractPropertyHolder - Attempting to locate auto-apply AttributeConverter for property [com.ningmeng.framework.domain.course.CourseBase:id]
2020-03-09 20:45:26.658 [main] DEBUG o.h.c.annotations.SimpleValueBinder - building SimpleValue for id
2020-03-09 20:45:26.658 [main] DEBUG o.h.cfg.annotations.PropertyBinder - Building property id
2020-03-09 20:45:26.658 [main] DEBUG org.hibernate.cfg.Ejb3Column - Binding column: Ejb3Column{table=org.hibernate.mapping.Table(course_base), mappingColumn=company_id, insertable=true, updatable=true, unique=false}
2020-03-09 20:45:26.658 [main] DEBUG o.h.cfg.annotations.PropertyBinder - MetadataSourceProcessor property companyId with lazy=false
2020-03-09 20:45:26.658 [main] DEBUG o.h.cfg.AbstractPropertyHolder - Attempting to locate auto-apply AttributeConverter for property [com.ningmeng.framework.domain.course.CourseBase:companyId]
2020-03-09 20:45:26.659 [main] DEBUG o.h.c.annotations.SimpleValueBinder - building SimpleValue for companyId
2020-03-09 20:45:26.659 [main] DEBUG o.h.cfg.annotations.PropertyBinder - Building property companyId
2020-03-09 20:45:26.659 [main] DEBUG org.hibernate.cfg.Ejb3Column - Binding column: Ejb3Column{table=org.hibernate.mapping.Table(course_base), mappingColumn=description, insertable=true, updatable=true, unique=false}
2020-03-09 20:45:26.659 [main] DEBUG o.h.cfg.annotations.PropertyBinder - MetadataSourceProcessor property description with lazy=false
2020-03-09 20:45:26.659 [main] DEBUG o.h.cfg.AbstractPropertyHolder - Attempting to locate auto-apply AttributeConverter for property [com.ningmeng.framework.domain.course.CourseBase:description]
2020-03-09 20:45:26.659 [main] DEBUG o.h.c.annotations.SimpleValueBinder - building SimpleValue for description
2020-03-09 20:45:26.659 [main] DEBUG o.h.cfg.annotations.PropertyBinder - Building property description
2020-03-09 20:45:26.659 [main] DEBUG org.hibernate.cfg.Ejb3Column - Binding column: Ejb3Column{table=org.hibernate.mapping.Table(course_base), mappingColumn=grade, insertable=true, updatable=true, unique=false}
2020-03-09 20:45:26.659 [main] DEBUG o.h.cfg.annotations.PropertyBinder - MetadataSourceProcessor property grade with lazy=false
2020-03-09 20:45:26.660 [main] DEBUG o.h.cfg.AbstractPropertyHolder - Attempting to locate auto-apply AttributeConverter for property [com.ningmeng.framework.domain.course.CourseBase:grade]
2020-03-09 20:45:26.660 [main] DEBUG o.h.c.annotations.SimpleValueBinder - building SimpleValue for grade
2020-03-09 20:45:26.660 [main] DEBUG o.h.cfg.annotations.PropertyBinder - Building property grade
2020-03-09 20:45:26.660 [main] DEBUG org.hibernate.cfg.Ejb3Column - Binding column: Ejb3Column{table=org.hibernate.mapping.Table(course_base), mappingColumn=mt, insertable=true, updatable=true, unique=false}
2020-03-09 20:45:26.660 [main] DEBUG o.h.cfg.annotations.PropertyBinder - MetadataSourceProcessor property mt with lazy=false
2020-03-09 20:45:26.660 [main] DEBUG o.h.cfg.AbstractPropertyHolder - Attempting to locate auto-apply AttributeConverter for property [com.ningmeng.framework.domain.course.CourseBase:mt]
2020-03-09 20:45:26.660 [main] DEBUG o.h.c.annotations.SimpleValueBinder - building SimpleValue for mt
2020-03-09 20:45:26.660 [main] DEBUG o.h.cfg.annotations.PropertyBinder - Building property mt
2020-03-09 20:45:26.660 [main] DEBUG org.hibernate.cfg.Ejb3Column - Binding column: Ejb3Column{table=org.hibernate.mapping.Table(course_base), mappingColumn=name, insertable=true, updatable=true, unique=false}
2020-03-09 20:45:26.660 [main] DEBUG o.h.cfg.annotations.PropertyBinder - MetadataSourceProcessor property name with lazy=false
2020-03-09 20:45:26.660 [main] DEBUG o.h.cfg.AbstractPropertyHolder - Attempting to locate auto-apply AttributeConverter for property [com.ningmeng.framework.domain.course.CourseBase:name]
2020-03-09 20:45:26.660 [main] DEBUG o.h.c.annotations.SimpleValueBinder - building SimpleValue for name
2020-03-09 20:45:26.660 [main] DEBUG o.h.cfg.annotations.PropertyBinder - Building property name
2020-03-09 20:45:26.661 [main] DEBUG org.hibernate.cfg.Ejb3Column - Binding column: Ejb3Column{table=org.hibernate.mapping.Table(course_base), mappingColumn=st, insertable=true, updatable=true, unique=false}
2020-03-09 20:45:26.661 [main] DEBUG o.h.cfg.annotations.PropertyBinder - MetadataSourceProcessor property st with lazy=false
2020-03-09 20:45:26.661 [main] DEBUG o.h.cfg.AbstractPropertyHolder - Attempting to locate auto-apply AttributeConverter for property [com.ningmeng.framework.domain.course.CourseBase:st]
2020-03-09 20:45:26.661 [main] DEBUG o.h.c.annotations.SimpleValueBinder - building SimpleValue for st
2020-03-09 20:45:26.661 [main] DEBUG o.h.cfg.annotations.PropertyBinder - Building property st
2020-03-09 20:45:26.661 [main] DEBUG org.hibernate.cfg.Ejb3Column - Binding column: Ejb3Column{table=org.hibernate.mapping.Table(course_base), mappingColumn=status, insertable=true, updatable=true, unique=false}
2020-03-09 20:45:26.661 [main] DEBUG o.h.cfg.annotations.PropertyBinder - MetadataSourceProcessor property status with lazy=false
2020-03-09 20:45:26.661 [main] DEBUG o.h.cfg.AbstractPropertyHolder - Attempting to locate auto-apply AttributeConverter for property [com.ningmeng.framework.domain.course.CourseBase:status]
2020-03-09 20:45:26.661 [main] DEBUG o.h.c.annotations.SimpleValueBinder - building SimpleValue for status
2020-03-09 20:45:26.661 [main] DEBUG o.h.cfg.annotations.PropertyBinder - Building property status
2020-03-09 20:45:26.662 [main] DEBUG org.hibernate.cfg.Ejb3Column - Binding column: Ejb3Column{table=org.hibernate.mapping.Table(course_base), mappingColumn=studymodel, insertable=true, updatable=true, unique=false}
2020-03-09 20:45:26.662 [main] DEBUG o.h.cfg.annotations.PropertyBinder - MetadataSourceProcessor property studymodel with lazy=false
2020-03-09 20:45:26.662 [main] DEBUG o.h.cfg.AbstractPropertyHolder - Attempting to locate auto-apply AttributeConverter for property [com.ningmeng.framework.domain.course.CourseBase:studymodel]
2020-03-09 20:45:26.662 [main] DEBUG o.h.c.annotations.SimpleValueBinder - building SimpleValue for studymodel
2020-03-09 20:45:26.662 [main] DEBUG o.h.cfg.annotations.PropertyBinder - Building property studymodel
2020-03-09 20:45:26.662 [main] DEBUG org.hibernate.cfg.Ejb3Column - Binding column: Ejb3Column{table=org.hibernate.mapping.Table(course_base), mappingColumn=teachmode, insertable=true, updatable=true, unique=false}
2020-03-09 20:45:26.662 [main] DEBUG o.h.cfg.annotations.PropertyBinder - MetadataSourceProcessor property teachmode with lazy=false
2020-03-09 20:45:26.662 [main] DEBUG o.h.cfg.AbstractPropertyHolder - Attempting to locate auto-apply AttributeConverter for property [com.ningmeng.framework.domain.course.CourseBase:teachmode]
2020-03-09 20:45:26.662 [main] DEBUG o.h.c.annotations.SimpleValueBinder - building SimpleValue for teachmode
2020-03-09 20:45:26.662 [main] DEBUG o.h.cfg.annotations.PropertyBinder - Building property teachmode
2020-03-09 20:45:26.663 [main] DEBUG org.hibernate.cfg.Ejb3Column - Binding column: Ejb3Column{table=org.hibernate.mapping.Table(course_base), mappingColumn=user_id, insertable=true, updatable=true, unique=false}
2020-03-09 20:45:26.663 [main] DEBUG o.h.cfg.annotations.PropertyBinder - MetadataSourceProcessor property userId with lazy=false
2020-03-09 20:45:26.663 [main] DEBUG o.h.cfg.AbstractPropertyHolder - Attempting to locate auto-apply AttributeConverter for property [com.ningmeng.framework.domain.course.CourseBase:userId]
2020-03-09 20:45:26.663 [main] DEBUG o.h.c.annotations.SimpleValueBinder - building SimpleValue for userId
2020-03-09 20:45:26.663 [main] DEBUG o.h.cfg.annotations.PropertyBinder - Building property userId
2020-03-09 20:45:26.663 [main] DEBUG org.hibernate.cfg.Ejb3Column - Binding column: Ejb3Column{table=org.hibernate.mapping.Table(course_base), mappingColumn=users, insertable=true, updatable=true, unique=false}
2020-03-09 20:45:26.663 [main] DEBUG o.h.cfg.annotations.PropertyBinder - MetadataSourceProcessor property users with lazy=false
2020-03-09 20:45:26.663 [main] DEBUG o.h.cfg.AbstractPropertyHolder - Attempting to locate auto-apply AttributeConverter for property [com.ningmeng.framework.domain.course.CourseBase:users]
2020-03-09 20:45:26.663 [main] DEBUG o.h.c.annotations.SimpleValueBinder - building SimpleValue for users
2020-03-09 20:45:26.663 [main] DEBUG o.h.cfg.annotations.PropertyBinder - Building property users
2020-03-09 20:45:26.663 [main] DEBUG org.hibernate.cfg.AnnotationBinder - Binding entity from annotated class: com.ningmeng.framework.domain.course.TeachplanMedia
2020-03-09 20:45:26.664 [main] DEBUG org.hibernate.cfg.Ejb3Column - Binding column: Ejb3DiscriminatorColumn{logicalColumnName'DTYPE', discriminatorTypeName='string'}
2020-03-09 20:45:26.664 [main] DEBUG o.h.cfg.annotations.EntityBinder - Import with entity name TeachplanMedia
2020-03-09 20:45:26.665 [main] DEBUG o.h.cfg.annotations.EntityBinder - Bind entity com.ningmeng.framework.domain.course.TeachplanMedia on table teachplan_media
2020-03-09 20:45:26.666 [main] DEBUG org.hibernate.cfg.Ejb3Column - Binding column: Ejb3Column{table=org.hibernate.mapping.Table(teachplan_media), mappingColumn=teachplan_id, insertable=true, updatable=true, unique=false}
2020-03-09 20:45:26.667 [main] DEBUG o.h.cfg.annotations.PropertyBinder - MetadataSourceProcessor property teachplanId with lazy=false
2020-03-09 20:45:26.667 [main] DEBUG o.h.cfg.AbstractPropertyHolder - Attempting to locate auto-apply AttributeConverter for property [com.ningmeng.framework.domain.course.TeachplanMedia:teachplanId]
2020-03-09 20:45:26.667 [main] DEBUG o.h.c.annotations.SimpleValueBinder - building SimpleValue for teachplanId
2020-03-09 20:45:26.667 [main] DEBUG o.h.cfg.annotations.PropertyBinder - Building property teachplanId
2020-03-09 20:45:26.667 [main] DEBUG org.hibernate.cfg.Ejb3Column - Binding column: Ejb3Column{table=org.hibernate.mapping.Table(teachplan_media), mappingColumn=courseid, insertable=true, updatable=true, unique=false}
2020-03-09 20:45:26.667 [main] DEBUG o.h.cfg.annotations.PropertyBinder - MetadataSourceProcessor property courseId with lazy=false
2020-03-09 20:45:26.667 [main] DEBUG o.h.cfg.AbstractPropertyHolder - Attempting to locate auto-apply AttributeConverter for property [com.ningmeng.framework.domain.course.TeachplanMedia:courseId]
2020-03-09 20:45:26.667 [main] DEBUG o.h.c.annotations.SimpleValueBinder - building SimpleValue for courseId
2020-03-09 20:45:26.667 [main] DEBUG o.h.cfg.annotations.PropertyBinder - Building property courseId
2020-03-09 20:45:26.668 [main] DEBUG org.hibernate.cfg.Ejb3Column - Binding column: Ejb3Column{table=org.hibernate.mapping.Table(teachplan_media), mappingColumn=media_fileoriginalname, insertable=true, updatable=true, unique=false}
2020-03-09 20:45:26.668 [main] DEBUG o.h.cfg.annotations.PropertyBinder - MetadataSourceProcessor property mediaFileOriginalName with lazy=false
2020-03-09 20:45:26.668 [main] DEBUG o.h.cfg.AbstractPropertyHolder - Attempting to locate auto-apply AttributeConverter for property [com.ningmeng.framework.domain.course.TeachplanMedia:mediaFileOriginalName]
2020-03-09 20:45:26.668 [main] DEBUG o.h.c.annotations.SimpleValueBinder - building SimpleValue for mediaFileOriginalName
2020-03-09 20:45:26.668 [main] DEBUG o.h.cfg.annotations.PropertyBinder - Building property mediaFileOriginalName
2020-03-09 20:45:26.668 [main] DEBUG org.hibernate.cfg.Ejb3Column - Binding column: Ejb3Column{table=org.hibernate.mapping.Table(teachplan_media), mappingColumn=media_id, insertable=true, updatable=true, unique=false}
2020-03-09 20:45:26.668 [main] DEBUG o.h.cfg.annotations.PropertyBinder - MetadataSourceProcessor property mediaId with lazy=false
2020-03-09 20:45:26.668 [main] DEBUG o.h.cfg.AbstractPropertyHolder - Attempting to locate auto-apply AttributeConverter for property [com.ningmeng.framework.domain.course.TeachplanMedia:mediaId]
2020-03-09 20:45:26.668 [main] DEBUG o.h.c.annotations.SimpleValueBinder - building SimpleValue for mediaId
2020-03-09 20:45:26.668 [main] DEBUG o.h.cfg.annotations.PropertyBinder - Building property mediaId
2020-03-09 20:45:26.668 [main] DEBUG org.hibernate.cfg.Ejb3Column - Binding column: Ejb3Column{table=org.hibernate.mapping.Table(teachplan_media), mappingColumn=media_url, insertable=true, updatable=true, unique=false}
2020-03-09 20:45:26.668 [main] DEBUG o.h.cfg.annotations.PropertyBinder - MetadataSourceProcessor property mediaUrl with lazy=false
2020-03-09 20:45:26.669 [main] DEBUG o.h.cfg.AbstractPropertyHolder - Attempting to locate auto-apply AttributeConverter for property [com.ningmeng.framework.domain.course.TeachplanMedia:mediaUrl]
2020-03-09 20:45:26.669 [main] DEBUG o.h.c.annotations.SimpleValueBinder - building SimpleValue for mediaUrl
2020-03-09 20:45:26.669 [main] DEBUG o.h.cfg.annotations.PropertyBinder - Building property mediaUrl
2020-03-09 20:45:26.669 [main] DEBUG org.hibernate.cfg.AnnotationBinder - Binding entity from annotated class: com.ningmeng.framework.domain.course.CoursePic
2020-03-09 20:45:26.669 [main] DEBUG org.hibernate.cfg.Ejb3Column - Binding column: Ejb3DiscriminatorColumn{logicalColumnName'DTYPE', discriminatorTypeName='string'}
2020-03-09 20:45:26.669 [main] DEBUG o.h.cfg.annotations.EntityBinder - Import with entity name CoursePic
2020-03-09 20:45:26.669 [main] DEBUG o.h.cfg.annotations.EntityBinder - Bind entity com.ningmeng.framework.domain.course.CoursePic on table course_pic
2020-03-09 20:45:26.670 [main] DEBUG org.hibernate.cfg.Ejb3Column - Binding column: Ejb3Column{table=org.hibernate.mapping.Table(course_pic), mappingColumn=courseid, insertable=true, updatable=true, unique=false}
2020-03-09 20:45:26.670 [main] DEBUG o.h.cfg.annotations.PropertyBinder - MetadataSourceProcessor property courseid with lazy=false
2020-03-09 20:45:26.670 [main] DEBUG o.h.cfg.AbstractPropertyHolder - Attempting to locate auto-apply AttributeConverter for property [com.ningmeng.framework.domain.course.CoursePic:courseid]
2020-03-09 20:45:26.670 [main] DEBUG o.h.c.annotations.SimpleValueBinder - building SimpleValue for courseid
2020-03-09 20:45:26.670 [main] DEBUG o.h.cfg.annotations.PropertyBinder - Building property courseid
2020-03-09 20:45:26.670 [main] DEBUG org.hibernate.cfg.Ejb3Column - Binding column: Ejb3Column{table=org.hibernate.mapping.Table(course_pic), mappingColumn=pic, insertable=true, updatable=true, unique=false}
2020-03-09 20:45:26.670 [main] DEBUG o.h.cfg.annotations.PropertyBinder - MetadataSourceProcessor property pic with lazy=false
2020-03-09 20:45:26.670 [main] DEBUG o.h.cfg.AbstractPropertyHolder - Attempting to locate auto-apply AttributeConverter for property [com.ningmeng.framework.domain.course.CoursePic:pic]
2020-03-09 20:45:26.670 [main] DEBUG o.h.c.annotations.SimpleValueBinder - building SimpleValue for pic
2020-03-09 20:45:26.670 [main] DEBUG o.h.cfg.annotations.PropertyBinder - Building property pic
2020-03-09 20:45:26.671 [main] DEBUG org.hibernate.cfg.AnnotationBinder - Binding entity from annotated class: com.ningmeng.framework.domain.course.TeachplanMediaPub
2020-03-09 20:45:26.671 [main] DEBUG org.hibernate.cfg.Ejb3Column - Binding column: Ejb3DiscriminatorColumn{logicalColumnName'DTYPE', discriminatorTypeName='string'}
2020-03-09 20:45:26.671 [main] DEBUG o.h.cfg.annotations.EntityBinder - Import with entity name TeachplanMediaPub
2020-03-09 20:45:26.671 [main] DEBUG o.h.cfg.annotations.EntityBinder - Bind entity com.ningmeng.framework.domain.course.TeachplanMediaPub on table teachplan_media_pub
2020-03-09 20:45:26.672 [main] DEBUG org.hibernate.cfg.Ejb3Column - Binding column: Ejb3Column{table=org.hibernate.mapping.Table(teachplan_media_pub), mappingColumn=teachplan_id, insertable=true, updatable=true, unique=false}
2020-03-09 20:45:26.672 [main] DEBUG o.h.cfg.annotations.PropertyBinder - MetadataSourceProcessor property teachplanId with lazy=false
2020-03-09 20:45:26.672 [main] DEBUG o.h.cfg.AbstractPropertyHolder - Attempting to locate auto-apply AttributeConverter for property [com.ningmeng.framework.domain.course.TeachplanMediaPub:teachplanId]
2020-03-09 20:45:26.673 [main] DEBUG o.h.c.annotations.SimpleValueBinder - building SimpleValue for teachplanId
2020-03-09 20:45:26.673 [main] DEBUG o.h.cfg.annotations.PropertyBinder - Building property teachplanId
2020-03-09 20:45:26.673 [main] DEBUG org.hibernate.cfg.Ejb3Column - Binding column: Ejb3Column{table=org.hibernate.mapping.Table(teachplan_media_pub), mappingColumn=courseid, insertable=true, updatable=true, unique=false}
2020-03-09 20:45:26.673 [main] DEBUG o.h.cfg.annotations.PropertyBinder - MetadataSourceProcessor property courseId with lazy=false
2020-03-09 20:45:26.673 [main] DEBUG o.h.cfg.AbstractPropertyHolder - Attempting to locate auto-apply AttributeConverter for property [com.ningmeng.framework.domain.course.TeachplanMediaPub:courseId]
2020-03-09 20:45:26.673 [main] DEBUG o.h.c.annotations.SimpleValueBinder - building SimpleValue for courseId
2020-03-09 20:45:26.673 [main] DEBUG o.h.cfg.annotations.PropertyBinder - Building property courseId
2020-03-09 20:45:26.673 [main] DEBUG org.hibernate.cfg.Ejb3Column - Binding column: Ejb3Column{table=org.hibernate.mapping.Table(teachplan_media_pub), mappingColumn=media_fileoriginalname, insertable=true, updatable=true, unique=false}
2020-03-09 20:45:26.673 [main] DEBUG o.h.cfg.annotations.PropertyBinder - MetadataSourceProcessor property mediaFileOriginalName with lazy=false
2020-03-09 20:45:26.673 [main] DEBUG o.h.cfg.AbstractPropertyHolder - Attempting to locate auto-apply AttributeConverter for property [com.ningmeng.framework.domain.course.TeachplanMediaPub:mediaFileOriginalName]
2020-03-09 20:45:26.673 [main] DEBUG o.h.c.annotations.SimpleValueBinder - building SimpleValue for mediaFileOriginalName
2020-03-09 20:45:26.674 [main] DEBUG o.h.cfg.annotations.PropertyBinder - Building property mediaFileOriginalName
2020-03-09 20:45:26.674 [main] DEBUG org.hibernate.cfg.Ejb3Column - Binding column: Ejb3Column{table=org.hibernate.mapping.Table(teachplan_media_pub), mappingColumn=media_id, insertable=true, updatable=true, unique=false}
2020-03-09 20:45:26.674 [main] DEBUG o.h.cfg.annotations.PropertyBinder - MetadataSourceProcessor property mediaId with lazy=false
2020-03-09 20:45:26.674 [main] DEBUG o.h.cfg.AbstractPropertyHolder - Attempting to locate auto-apply AttributeConverter for property [com.ningmeng.framework.domain.course.TeachplanMediaPub:mediaId]
2020-03-09 20:45:26.674 [main] DEBUG o.h.c.annotations.SimpleValueBinder - building SimpleValue for mediaId
2020-03-09 20:45:26.674 [main] DEBUG o.h.cfg.annotations.PropertyBinder - Building property mediaId
2020-03-09 20:45:26.674 [main] DEBUG org.hibernate.cfg.Ejb3Column - Binding column: Ejb3Column{table=org.hibernate.mapping.Table(teachplan_media_pub), mappingColumn=media_url, insertable=true, updatable=true, unique=false}
2020-03-09 20:45:26.674 [main] DEBUG o.h.cfg.annotations.PropertyBinder - MetadataSourceProcessor property mediaUrl with lazy=false
2020-03-09 20:45:26.674 [main] DEBUG o.h.cfg.AbstractPropertyHolder - Attempting to locate auto-apply AttributeConverter for property [com.ningmeng.framework.domain.course.TeachplanMediaPub:mediaUrl]
2020-03-09 20:45:26.674 [main] DEBUG o.h.c.annotations.SimpleValueBinder - building SimpleValue for mediaUrl
2020-03-09 20:45:26.675 [main] DEBUG o.h.cfg.annotations.PropertyBinder - Building property mediaUrl
2020-03-09 20:45:26.675 [main] DEBUG org.hibernate.cfg.Ejb3Column - Binding column: Ejb3Column{table=org.hibernate.mapping.Table(teachplan_media_pub), mappingColumn=timestamp, insertable=true, updatable=true, unique=false}
2020-03-09 20:45:26.675 [main] DEBUG o.h.cfg.annotations.PropertyBinder - MetadataSourceProcessor property timestamp with lazy=false
2020-03-09 20:45:26.675 [main] DEBUG o.h.cfg.AbstractPropertyHolder - Attempting to locate auto-apply AttributeConverter for property [com.ningmeng.framework.domain.course.TeachplanMediaPub:timestamp]
2020-03-09 20:45:26.675 [main] DEBUG o.h.c.annotations.SimpleValueBinder - building SimpleValue for timestamp
2020-03-09 20:45:26.675 [main] DEBUG o.h.cfg.annotations.PropertyBinder - Building property timestamp
2020-03-09 20:45:26.675 [main] DEBUG org.hibernate.cfg.AnnotationBinder - Binding entity from annotated class: com.ningmeng.framework.domain.course.CourseMarket
2020-03-09 20:45:26.675 [main] DEBUG org.hibernate.cfg.Ejb3Column - Binding column: Ejb3DiscriminatorColumn{logicalColumnName'DTYPE', discriminatorTypeName='string'}
2020-03-09 20:45:26.675 [main] DEBUG o.h.cfg.annotations.EntityBinder - Import with entity name CourseMarket
2020-03-09 20:45:26.676 [main] DEBUG o.h.cfg.annotations.EntityBinder - Bind entity com.ningmeng.framework.domain.course.CourseMarket on table course_market
2020-03-09 20:45:26.677 [main] DEBUG org.hibernate.cfg.Ejb3Column - Binding column: Ejb3Column{table=org.hibernate.mapping.Table(course_market), mappingColumn=id, insertable=true, updatable=true, unique=false}
2020-03-09 20:45:26.677 [main] DEBUG o.h.cfg.annotations.PropertyBinder - MetadataSourceProcessor property id with lazy=false
2020-03-09 20:45:26.677 [main] DEBUG o.h.cfg.AbstractPropertyHolder - Attempting to locate auto-apply AttributeConverter for property [com.ningmeng.framework.domain.course.CourseMarket:id]
2020-03-09 20:45:26.677 [main] DEBUG o.h.c.annotations.SimpleValueBinder - building SimpleValue for id
2020-03-09 20:45:26.677 [main] DEBUG o.h.cfg.annotations.PropertyBinder - Building property id
2020-03-09 20:45:26.678 [main] DEBUG org.hibernate.cfg.Ejb3Column - Binding column: Ejb3Column{table=org.hibernate.mapping.Table(course_market), mappingColumn=charge, insertable=true, updatable=true, unique=false}
2020-03-09 20:45:26.678 [main] DEBUG o.h.cfg.annotations.PropertyBinder - MetadataSourceProcessor property charge with lazy=false
2020-03-09 20:45:26.678 [main] DEBUG o.h.cfg.AbstractPropertyHolder - Attempting to locate auto-apply AttributeConverter for property [com.ningmeng.framework.domain.course.CourseMarket:charge]
2020-03-09 20:45:26.678 [main] DEBUG o.h.c.annotations.SimpleValueBinder - building SimpleValue for charge
2020-03-09 20:45:26.678 [main] DEBUG o.h.cfg.annotations.PropertyBinder - Building property charge
2020-03-09 20:45:26.678 [main] DEBUG org.hibernate.cfg.Ejb3Column - Binding column: Ejb3Column{table=org.hibernate.mapping.Table(course_market), mappingColumn=end_time, insertable=true, updatable=true, unique=false}
2020-03-09 20:45:26.678 [main] DEBUG o.h.cfg.annotations.PropertyBinder - MetadataSourceProcessor property endTime with lazy=false
2020-03-09 20:45:26.679 [main] DEBUG o.h.cfg.AbstractPropertyHolder - Attempting to locate auto-apply AttributeConverter for property [com.ningmeng.framework.domain.course.CourseMarket:endTime]
2020-03-09 20:45:26.679 [main] DEBUG o.h.c.annotations.SimpleValueBinder - building SimpleValue for endTime
2020-03-09 20:45:26.679 [main] DEBUG o.h.cfg.annotations.PropertyBinder - Building property endTime
2020-03-09 20:45:26.679 [main] DEBUG org.hibernate.cfg.Ejb3Column - Binding column: Ejb3Column{table=org.hibernate.mapping.Table(course_market), mappingColumn=price, insertable=true, updatable=true, unique=false}
2020-03-09 20:45:26.679 [main] DEBUG o.h.cfg.annotations.PropertyBinder - MetadataSourceProcessor property price with lazy=false
2020-03-09 20:45:26.679 [main] DEBUG o.h.cfg.AbstractPropertyHolder - Attempting to locate auto-apply AttributeConverter for property [com.ningmeng.framework.domain.course.CourseMarket:price]
2020-03-09 20:45:26.679 [main] DEBUG o.h.c.annotations.SimpleValueBinder - building SimpleValue for price
2020-03-09 20:45:26.679 [main] DEBUG o.h.cfg.annotations.PropertyBinder - Building property price
2020-03-09 20:45:26.679 [main] DEBUG org.hibernate.cfg.Ejb3Column - Binding column: Ejb3Column{table=org.hibernate.mapping.Table(course_market), mappingColumn=price_old, insertable=true, updatable=true, unique=false}
2020-03-09 20:45:26.679 [main] DEBUG o.h.cfg.annotations.PropertyBinder - MetadataSourceProcessor property price_old with lazy=false
2020-03-09 20:45:26.679 [main] DEBUG o.h.cfg.AbstractPropertyHolder - Attempting to locate auto-apply AttributeConverter for property [com.ningmeng.framework.domain.course.CourseMarket:price_old]
2020-03-09 20:45:26.679 [main] DEBUG o.h.c.annotations.SimpleValueBinder - building SimpleValue for price_old
2020-03-09 20:45:26.680 [main] DEBUG o.h.cfg.annotations.PropertyBinder - Building property price_old
2020-03-09 20:45:26.680 [main] DEBUG org.hibernate.cfg.Ejb3Column - Binding column: Ejb3Column{table=org.hibernate.mapping.Table(course_market), mappingColumn=qq, insertable=true, updatable=true, unique=false}
2020-03-09 20:45:26.680 [main] DEBUG o.h.cfg.annotations.PropertyBinder - MetadataSourceProcessor property qq with lazy=false
2020-03-09 20:45:26.680 [main] DEBUG o.h.cfg.AbstractPropertyHolder - Attempting to locate auto-apply AttributeConverter for property [com.ningmeng.framework.domain.course.CourseMarket:qq]
2020-03-09 20:45:26.680 [main] DEBUG o.h.c.annotations.SimpleValueBinder - building SimpleValue for qq
2020-03-09 20:45:26.680 [main] DEBUG o.h.cfg.annotations.PropertyBinder - Building property qq
2020-03-09 20:45:26.680 [main] DEBUG org.hibernate.cfg.Ejb3Column - Binding column: Ejb3Column{table=org.hibernate.mapping.Table(course_market), mappingColumn=start_time, insertable=true, updatable=true, unique=false}
2020-03-09 20:45:26.680 [main] DEBUG o.h.cfg.annotations.PropertyBinder - MetadataSourceProcessor property startTime with lazy=false
2020-03-09 20:45:26.681 [main] DEBUG o.h.cfg.AbstractPropertyHolder - Attempting to locate auto-apply AttributeConverter for property [com.ningmeng.framework.domain.course.CourseMarket:startTime]
2020-03-09 20:45:26.681 [main] DEBUG o.h.c.annotations.SimpleValueBinder - building SimpleValue for startTime
2020-03-09 20:45:26.681 [main] DEBUG o.h.cfg.annotations.PropertyBinder - Building property startTime
2020-03-09 20:45:26.681 [main] DEBUG org.hibernate.cfg.Ejb3Column - Binding column: Ejb3Column{table=org.hibernate.mapping.Table(course_market), mappingColumn=valid, insertable=true, updatable=true, unique=false}
2020-03-09 20:45:26.681 [main] DEBUG o.h.cfg.annotations.PropertyBinder - MetadataSourceProcessor property valid with lazy=false
2020-03-09 20:45:26.681 [main] DEBUG o.h.cfg.AbstractPropertyHolder - Attempting to locate auto-apply AttributeConverter for property [com.ningmeng.framework.domain.course.CourseMarket:valid]
2020-03-09 20:45:26.682 [main] DEBUG o.h.c.annotations.SimpleValueBinder - building SimpleValue for valid
2020-03-09 20:45:26.682 [main] DEBUG o.h.cfg.annotations.PropertyBinder - Building property valid
2020-03-09 20:45:26.682 [main] DEBUG org.hibernate.cfg.AnnotationBinder - Binding entity from annotated class: com.ningmeng.framework.domain.course.CourseOff
2020-03-09 20:45:26.682 [main] DEBUG org.hibernate.cfg.Ejb3Column - Binding column: Ejb3DiscriminatorColumn{logicalColumnName'DTYPE', discriminatorTypeName='string'}
2020-03-09 20:45:26.682 [main] DEBUG o.h.cfg.annotations.EntityBinder - Import with entity name CourseOff
2020-03-09 20:45:26.683 [main] DEBUG o.h.cfg.annotations.EntityBinder - Bind entity com.ningmeng.framework.domain.course.CourseOff on table course_off
2020-03-09 20:45:26.685 [main] DEBUG org.hibernate.cfg.Ejb3Column - Binding column: Ejb3Column{table=org.hibernate.mapping.Table(course_off), mappingColumn=id, insertable=true, updatable=true, unique=false}
2020-03-09 20:45:26.685 [main] DEBUG o.h.cfg.annotations.PropertyBinder - MetadataSourceProcessor property id with lazy=false
2020-03-09 20:45:26.685 [main] DEBUG o.h.cfg.AbstractPropertyHolder - Attempting to locate auto-apply AttributeConverter for property [com.ningmeng.framework.domain.course.CourseOff:id]
2020-03-09 20:45:26.685 [main] DEBUG o.h.c.annotations.SimpleValueBinder - building SimpleValue for id
2020-03-09 20:45:26.685 [main] DEBUG o.h.cfg.annotations.PropertyBinder - Building property id
2020-03-09 20:45:26.685 [main] DEBUG org.hibernate.cfg.Ejb3Column - Binding column: Ejb3Column{table=org.hibernate.mapping.Table(course_off), mappingColumn=charge, insertable=true, updatable=true, unique=false}
2020-03-09 20:45:26.685 [main] DEBUG o.h.cfg.annotations.PropertyBinder - MetadataSourceProcessor property charge with lazy=false
2020-03-09 20:45:26.685 [main] DEBUG o.h.cfg.AbstractPropertyHolder - Attempting to locate auto-apply AttributeConverter for property [com.ningmeng.framework.domain.course.CourseOff:charge]
2020-03-09 20:45:26.685 [main] DEBUG o.h.c.annotations.SimpleValueBinder - building SimpleValue for charge
2020-03-09 20:45:26.686 [main] DEBUG o.h.cfg.annotations.PropertyBinder - Building property charge
2020-03-09 20:45:26.686 [main] DEBUG org.hibernate.cfg.Ejb3Column - Binding column: Ejb3Column{table=org.hibernate.mapping.Table(course_off), mappingColumn=description, insertable=true, updatable=true, unique=false}
2020-03-09 20:45:26.686 [main] DEBUG o.h.cfg.annotations.PropertyBinder - MetadataSourceProcessor property description with lazy=false
2020-03-09 20:45:26.686 [main] DEBUG o.h.cfg.AbstractPropertyHolder - Attempting to locate auto-apply AttributeConverter for property [com.ningmeng.framework.domain.course.CourseOff:description]
2020-03-09 20:45:26.686 [main] DEBUG o.h.c.annotations.SimpleValueBinder - building SimpleValue for description
2020-03-09 20:45:26.686 [main] DEBUG o.h.cfg.annotations.PropertyBinder - Building property description
2020-03-09 20:45:26.686 [main] DEBUG org.hibernate.cfg.Ejb3Column - Binding column: Ejb3Column{table=org.hibernate.mapping.Table(course_off), mappingColumn=expires, insertable=true, updatable=true, unique=false}
2020-03-09 20:45:26.686 [main] DEBUG o.h.cfg.annotations.PropertyBinder - MetadataSourceProcessor property expires with lazy=false
2020-03-09 20:45:26.686 [main] DEBUG o.h.cfg.AbstractPropertyHolder - Attempting to locate auto-apply AttributeConverter for property [com.ningmeng.framework.domain.course.CourseOff:expires]
2020-03-09 20:45:26.686 [main] DEBUG o.h.c.annotations.SimpleValueBinder - building SimpleValue for expires
2020-03-09 20:45:26.686 [main] DEBUG o.h.cfg.annotations.PropertyBinder - Building property expires
2020-03-09 20:45:26.686 [main] DEBUG org.hibernate.cfg.Ejb3Column - Binding column: Ejb3Column{table=org.hibernate.mapping.Table(course_off), mappingColumn=grade, insertable=true, updatable=true, unique=false}
2020-03-09 20:45:26.686 [main] DEBUG o.h.cfg.annotations.PropertyBinder - MetadataSourceProcessor property grade with lazy=false
2020-03-09 20:45:26.686 [main] DEBUG o.h.cfg.AbstractPropertyHolder - Attempting to locate auto-apply AttributeConverter for property [com.ningmeng.framework.domain.course.CourseOff:grade]
2020-03-09 20:45:26.686 [main] DEBUG o.h.c.annotations.SimpleValueBinder - building SimpleValue for grade
2020-03-09 20:45:26.686 [main] DEBUG o.h.cfg.annotations.PropertyBinder - Building property grade
2020-03-09 20:45:26.686 [main] DEBUG org.hibernate.cfg.Ejb3Column - Binding column: Ejb3Column{table=org.hibernate.mapping.Table(course_off), mappingColumn=mt, insertable=true, updatable=true, unique=false}
2020-03-09 20:45:26.687 [main] DEBUG o.h.cfg.annotations.PropertyBinder - MetadataSourceProcessor property mt with lazy=false
2020-03-09 20:45:26.687 [main] DEBUG o.h.cfg.AbstractPropertyHolder - Attempting to locate auto-apply AttributeConverter for property [com.ningmeng.framework.domain.course.CourseOff:mt]
2020-03-09 20:45:26.687 [main] DEBUG o.h.c.annotations.SimpleValueBinder - building SimpleValue for mt
2020-03-09 20:45:26.687 [main] DEBUG o.h.cfg.annotations.PropertyBinder - Building property mt
2020-03-09 20:45:26.687 [main] DEBUG org.hibernate.cfg.Ejb3Column - Binding column: Ejb3Column{table=org.hibernate.mapping.Table(course_off), mappingColumn=name, insertable=true, updatable=true, unique=false}
2020-03-09 20:45:26.687 [main] DEBUG o.h.cfg.annotations.PropertyBinder - MetadataSourceProcessor property name with lazy=false
2020-03-09 20:45:26.687 [main] DEBUG o.h.cfg.AbstractPropertyHolder - Attempting to locate auto-apply AttributeConverter for property [com.ningmeng.framework.domain.course.CourseOff:name]
2020-03-09 20:45:26.687 [main] DEBUG o.h.c.annotations.SimpleValueBinder - building SimpleValue for name
2020-03-09 20:45:26.687 [main] DEBUG o.h.cfg.annotations.PropertyBinder - Building property name
2020-03-09 20:45:26.687 [main] DEBUG org.hibernate.cfg.Ejb3Column - Binding column: Ejb3Column{table=org.hibernate.mapping.Table(course_off), mappingColumn=pic, insertable=true, updatable=true, unique=false}
2020-03-09 20:45:26.687 [main] DEBUG o.h.cfg.annotations.PropertyBinder - MetadataSourceProcessor property pic with lazy=false
2020-03-09 20:45:26.687 [main] DEBUG o.h.cfg.AbstractPropertyHolder - Attempting to locate auto-apply AttributeConverter for property [com.ningmeng.framework.domain.course.CourseOff:pic]
2020-03-09 20:45:26.687 [main] DEBUG o.h.c.annotations.SimpleValueBinder - building SimpleValue for pic
2020-03-09 20:45:26.687 [main] DEBUG o.h.cfg.annotations.PropertyBinder - Building property pic
2020-03-09 20:45:26.688 [main] DEBUG org.hibernate.cfg.Ejb3Column - Binding column: Ejb3Column{table=org.hibernate.mapping.Table(course_off), mappingColumn=price, insertable=true, updatable=true, unique=false}
2020-03-09 20:45:26.688 [main] DEBUG o.h.cfg.annotations.PropertyBinder - MetadataSourceProcessor property price with lazy=false
2020-03-09 20:45:26.688 [main] DEBUG o.h.cfg.AbstractPropertyHolder - Attempting to locate auto-apply AttributeConverter for property [com.ningmeng.framework.domain.course.CourseOff:price]
2020-03-09 20:45:26.688 [main] DEBUG o.h.c.annotations.SimpleValueBinder - building SimpleValue for price
2020-03-09 20:45:26.688 [main] DEBUG o.h.cfg.annotations.PropertyBinder - Building property price
2020-03-09 20:45:26.688 [main] DEBUG org.hibernate.cfg.Ejb3Column - Binding column: Ejb3Column{table=org.hibernate.mapping.Table(course_off), mappingColumn=price_old, insertable=true, updatable=true, unique=false}
2020-03-09 20:45:26.688 [main] DEBUG o.h.cfg.annotations.PropertyBinder - MetadataSourceProcessor property price_old with lazy=false
2020-03-09 20:45:26.688 [main] DEBUG o.h.cfg.AbstractPropertyHolder - Attempting to locate auto-apply AttributeConverter for property [com.ningmeng.framework.domain.course.CourseOff:price_old]
2020-03-09 20:45:26.688 [main] DEBUG o.h.c.annotations.SimpleValueBinder - building SimpleValue for price_old
2020-03-09 20:45:26.688 [main] DEBUG o.h.cfg.annotations.PropertyBinder - Building property price_old
2020-03-09 20:45:26.688 [main] DEBUG org.hibernate.cfg.Ejb3Column - Binding column: Ejb3Column{table=org.hibernate.mapping.Table(course_off), mappingColumn=qq, insertable=true, updatable=true, unique=false}
2020-03-09 20:45:26.688 [main] DEBUG o.h.cfg.annotations.PropertyBinder - MetadataSourceProcessor property qq with lazy=false
2020-03-09 20:45:26.688 [main] DEBUG o.h.cfg.AbstractPropertyHolder - Attempting to locate auto-apply AttributeConverter for property [com.ningmeng.framework.domain.course.CourseOff:qq]
2020-03-09 20:45:26.688 [main] DEBUG o.h.c.annotations.SimpleValueBinder - building SimpleValue for qq
2020-03-09 20:45:26.688 [main] DEBUG o.h.cfg.annotations.PropertyBinder - Building property qq
2020-03-09 20:45:26.689 [main] DEBUG org.hibernate.cfg.Ejb3Column - Binding column: Ejb3Column{table=org.hibernate.mapping.Table(course_off), mappingColumn=st, insertable=true, updatable=true, unique=false}
2020-03-09 20:45:26.689 [main] DEBUG o.h.cfg.annotations.PropertyBinder - MetadataSourceProcessor property st with lazy=false
2020-03-09 20:45:26.689 [main] DEBUG o.h.cfg.AbstractPropertyHolder - Attempting to locate auto-apply AttributeConverter for property [com.ningmeng.framework.domain.course.CourseOff:st]
2020-03-09 20:45:26.689 [main] DEBUG o.h.c.annotations.SimpleValueBinder - building SimpleValue for st
2020-03-09 20:45:26.689 [main] DEBUG o.h.cfg.annotations.PropertyBinder - Building property st
2020-03-09 20:45:26.689 [main] DEBUG org.hibernate.cfg.Ejb3Column - Binding column: Ejb3Column{table=org.hibernate.mapping.Table(course_off), mappingColumn=studymodel, insertable=true, updatable=true, unique=false}
2020-03-09 20:45:26.689 [main] DEBUG o.h.cfg.annotations.PropertyBinder - MetadataSourceProcessor property studymodel with lazy=false
2020-03-09 20:45:26.689 [main] DEBUG o.h.cfg.AbstractPropertyHolder - Attempting to locate auto-apply AttributeConverter for property [com.ningmeng.framework.domain.course.CourseOff:studymodel]
2020-03-09 20:45:26.689 [main] DEBUG o.h.c.annotations.SimpleValueBinder - building SimpleValue for studymodel
2020-03-09 20:45:26.689 [main] DEBUG o.h.cfg.annotations.PropertyBinder - Building property studymodel
2020-03-09 20:45:26.689 [main] DEBUG org.hibernate.cfg.Ejb3Column - Binding column: Ejb3Column{table=org.hibernate.mapping.Table(course_off), mappingColumn=teachplan, insertable=true, updatable=true, unique=false}
2020-03-09 20:45:26.689 [main] DEBUG o.h.cfg.annotations.PropertyBinder - MetadataSourceProcessor property teachplan with lazy=false
2020-03-09 20:45:26.689 [main] DEBUG o.h.cfg.AbstractPropertyHolder - Attempting to locate auto-apply AttributeConverter for property [com.ningmeng.framework.domain.course.CourseOff:teachplan]
2020-03-09 20:45:26.689 [main] DEBUG o.h.c.annotations.SimpleValueBinder - building SimpleValue for teachplan
2020-03-09 20:45:26.689 [main] DEBUG o.h.cfg.annotations.PropertyBinder - Building property teachplan
2020-03-09 20:45:26.690 [main] DEBUG org.hibernate.cfg.Ejb3Column - Binding column: Ejb3Column{table=org.hibernate.mapping.Table(course_off), mappingColumn=timestamp, insertable=true, updatable=true, unique=false}
2020-03-09 20:45:26.690 [main] DEBUG o.h.cfg.annotations.PropertyBinder - MetadataSourceProcessor property timestamp with lazy=false
2020-03-09 20:45:26.690 [main] DEBUG o.h.cfg.AbstractPropertyHolder - Attempting to locate auto-apply AttributeConverter for property [com.ningmeng.framework.domain.course.CourseOff:timestamp]
2020-03-09 20:45:26.690 [main] DEBUG o.h.c.annotations.SimpleValueBinder - building SimpleValue for timestamp
2020-03-09 20:45:26.690 [main] DEBUG o.h.cfg.annotations.PropertyBinder - Building property timestamp
2020-03-09 20:45:26.690 [main] DEBUG org.hibernate.cfg.Ejb3Column - Binding column: Ejb3Column{table=org.hibernate.mapping.Table(course_off), mappingColumn=users, insertable=true, updatable=true, unique=false}
2020-03-09 20:45:26.690 [main] DEBUG o.h.cfg.annotations.PropertyBinder - MetadataSourceProcessor property users with lazy=false
2020-03-09 20:45:26.690 [main] DEBUG o.h.cfg.AbstractPropertyHolder - Attempting to locate auto-apply AttributeConverter for property [com.ningmeng.framework.domain.course.CourseOff:users]
2020-03-09 20:45:26.690 [main] DEBUG o.h.c.annotations.SimpleValueBinder - building SimpleValue for users
2020-03-09 20:45:26.690 [main] DEBUG o.h.cfg.annotations.PropertyBinder - Building property users
2020-03-09 20:45:26.690 [main] DEBUG org.hibernate.cfg.Ejb3Column - Binding column: Ejb3Column{table=org.hibernate.mapping.Table(course_off), mappingColumn=valid, insertable=true, updatable=true, unique=false}
2020-03-09 20:45:26.691 [main] DEBUG o.h.cfg.annotations.PropertyBinder - MetadataSourceProcessor property valid with lazy=false
2020-03-09 20:45:26.691 [main] DEBUG o.h.cfg.AbstractPropertyHolder - Attempting to locate auto-apply AttributeConverter for property [com.ningmeng.framework.domain.course.CourseOff:valid]
2020-03-09 20:45:26.691 [main] DEBUG o.h.c.annotations.SimpleValueBinder - building SimpleValue for valid
2020-03-09 20:45:26.691 [main] DEBUG o.h.cfg.annotations.PropertyBinder - Building property valid
2020-03-09 20:45:26.691 [main] DEBUG org.hibernate.cfg.AnnotationBinder - Binding entity from annotated class: com.ningmeng.framework.domain.course.CourseIndex
2020-03-09 20:45:26.691 [main] DEBUG org.hibernate.cfg.Ejb3Column - Binding column: Ejb3DiscriminatorColumn{logicalColumnName'DTYPE', discriminatorTypeName='string'}
2020-03-09 20:45:26.692 [main] DEBUG o.h.cfg.annotations.EntityBinder - Import with entity name CourseIndex
2020-03-09 20:45:26.692 [main] DEBUG o.h.cfg.annotations.EntityBinder - Bind entity com.ningmeng.framework.domain.course.CourseIndex on table course_index
2020-03-09 20:45:26.694 [main] DEBUG org.hibernate.cfg.Ejb3Column - Binding column: Ejb3Column{table=org.hibernate.mapping.Table(course_index), mappingColumn=id, insertable=true, updatable=true, unique=false}
2020-03-09 20:45:26.694 [main] DEBUG o.h.cfg.annotations.PropertyBinder - MetadataSourceProcessor property id with lazy=false
2020-03-09 20:45:26.694 [main] DEBUG o.h.cfg.AbstractPropertyHolder - Attempting to locate auto-apply AttributeConverter for property [com.ningmeng.framework.domain.course.CourseIndex:id]
2020-03-09 20:45:26.695 [main] DEBUG o.h.c.annotations.SimpleValueBinder - building SimpleValue for id
2020-03-09 20:45:26.695 [main] DEBUG o.h.cfg.annotations.PropertyBinder - Building property id
2020-03-09 20:45:26.695 [main] DEBUG org.hibernate.cfg.Ejb3Column - Binding column: Ejb3Column{table=org.hibernate.mapping.Table(course_index), mappingColumn=charge, insertable=true, updatable=true, unique=false}
2020-03-09 20:45:26.695 [main] DEBUG o.h.cfg.annotations.PropertyBinder - MetadataSourceProcessor property charge with lazy=false
2020-03-09 20:45:26.695 [main] DEBUG o.h.cfg.AbstractPropertyHolder - Attempting to locate auto-apply AttributeConverter for property [com.ningmeng.framework.domain.course.CourseIndex:charge]
2020-03-09 20:45:26.695 [main] DEBUG o.h.c.annotations.SimpleValueBinder - building SimpleValue for charge
2020-03-09 20:45:26.695 [main] DEBUG o.h.cfg.annotations.PropertyBinder - Building property charge
2020-03-09 20:45:26.696 [main] DEBUG org.hibernate.cfg.Ejb3Column - Binding column: Ejb3Column{table=org.hibernate.mapping.Table(course_index), mappingColumn=description, insertable=true, updatable=true, unique=false}
2020-03-09 20:45:26.696 [main] DEBUG o.h.cfg.annotations.PropertyBinder - MetadataSourceProcessor property description with lazy=false
2020-03-09 20:45:26.696 [main] DEBUG o.h.cfg.AbstractPropertyHolder - Attempting to locate auto-apply AttributeConverter for property [com.ningmeng.framework.domain.course.CourseIndex:description]
2020-03-09 20:45:26.696 [main] DEBUG o.h.c.annotations.SimpleValueBinder - building SimpleValue for description
2020-03-09 20:45:26.696 [main] DEBUG o.h.cfg.annotations.PropertyBinder - Building property description
2020-03-09 20:45:26.696 [main] DEBUG org.hibernate.cfg.Ejb3Column - Binding column: Ejb3Column{table=org.hibernate.mapping.Table(course_index), mappingColumn=expires, insertable=true, updatable=true, unique=false}
2020-03-09 20:45:26.696 [main] DEBUG o.h.cfg.annotations.PropertyBinder - MetadataSourceProcessor property expires with lazy=false
2020-03-09 20:45:26.696 [main] DEBUG o.h.cfg.AbstractPropertyHolder - Attempting to locate auto-apply AttributeConverter for property [com.ningmeng.framework.domain.course.CourseIndex:expires]
2020-03-09 20:45:26.696 [main] DEBUG o.h.c.annotations.SimpleValueBinder - building SimpleValue for expires
2020-03-09 20:45:26.697 [main] DEBUG o.h.cfg.annotations.PropertyBinder - Building property expires
2020-03-09 20:45:26.697 [main] DEBUG org.hibernate.cfg.Ejb3Column - Binding column: Ejb3Column{table=org.hibernate.mapping.Table(course_index), mappingColumn=grade, insertable=true, updatable=true, unique=false}
2020-03-09 20:45:26.697 [main] DEBUG o.h.cfg.annotations.PropertyBinder - MetadataSourceProcessor property grade with lazy=false
2020-03-09 20:45:26.697 [main] DEBUG o.h.cfg.AbstractPropertyHolder - Attempting to locate auto-apply AttributeConverter for property [com.ningmeng.framework.domain.course.CourseIndex:grade]
2020-03-09 20:45:26.697 [main] DEBUG o.h.c.annotations.SimpleValueBinder - building SimpleValue for grade
2020-03-09 20:45:26.697 [main] DEBUG o.h.cfg.annotations.PropertyBinder - Building property grade
2020-03-09 20:45:26.697 [main] DEBUG org.hibernate.cfg.Ejb3Column - Binding column: Ejb3Column{table=org.hibernate.mapping.Table(course_index), mappingColumn=mt, insertable=true, updatable=true, unique=false}
2020-03-09 20:45:26.697 [main] DEBUG o.h.cfg.annotations.PropertyBinder - MetadataSourceProcessor property mt with lazy=false
2020-03-09 20:45:26.697 [main] DEBUG o.h.cfg.AbstractPropertyHolder - Attempting to locate auto-apply AttributeConverter for property [com.ningmeng.framework.domain.course.CourseIndex:mt]
2020-03-09 20:45:26.697 [main] DEBUG o.h.c.annotations.SimpleValueBinder - building SimpleValue for mt
2020-03-09 20:45:26.697 [main] DEBUG o.h.cfg.annotations.PropertyBinder - Building property mt
2020-03-09 20:45:26.698 [main] DEBUG org.hibernate.cfg.Ejb3Column - Binding column: Ejb3Column{table=org.hibernate.mapping.Table(course_index), mappingColumn=name, insertable=true, updatable=true, unique=false}
2020-03-09 20:45:26.698 [main] DEBUG o.h.cfg.annotations.PropertyBinder - MetadataSourceProcessor property name with lazy=false
2020-03-09 20:45:26.698 [main] DEBUG o.h.cfg.AbstractPropertyHolder - Attempting to locate auto-apply AttributeConverter for property [com.ningmeng.framework.domain.course.CourseIndex:name]
2020-03-09 20:45:26.698 [main] DEBUG o.h.c.annotations.SimpleValueBinder - building SimpleValue for name
2020-03-09 20:45:26.698 [main] DEBUG o.h.cfg.annotations.PropertyBinder - Building property name
2020-03-09 20:45:26.698 [main] DEBUG org.hibernate.cfg.Ejb3Column - Binding column: Ejb3Column{table=org.hibernate.mapping.Table(course_index), mappingColumn=pic, insertable=true, updatable=true, unique=false}
2020-03-09 20:45:26.698 [main] DEBUG o.h.cfg.annotations.PropertyBinder - MetadataSourceProcessor property pic with lazy=false
2020-03-09 20:45:26.698 [main] DEBUG o.h.cfg.AbstractPropertyHolder - Attempting to locate auto-apply AttributeConverter for property [com.ningmeng.framework.domain.course.CourseIndex:pic]
2020-03-09 20:45:26.698 [main] DEBUG o.h.c.annotations.SimpleValueBinder - building SimpleValue for pic
2020-03-09 20:45:26.699 [main] DEBUG o.h.cfg.annotations.PropertyBinder - Building property pic
2020-03-09 20:45:26.699 [main] DEBUG org.hibernate.cfg.Ejb3Column - Binding column: Ejb3Column{table=org.hibernate.mapping.Table(course_index), mappingColumn=price, insertable=true, updatable=true, unique=false}
2020-03-09 20:45:26.699 [main] DEBUG o.h.cfg.annotations.PropertyBinder - MetadataSourceProcessor property price with lazy=false
2020-03-09 20:45:26.699 [main] DEBUG o.h.cfg.AbstractPropertyHolder - Attempting to locate auto-apply AttributeConverter for property [com.ningmeng.framework.domain.course.CourseIndex:price]
2020-03-09 20:45:26.699 [main] DEBUG o.h.c.annotations.SimpleValueBinder - building SimpleValue for price
2020-03-09 20:45:26.699 [main] DEBUG o.h.cfg.annotations.PropertyBinder - Building property price
2020-03-09 20:45:26.699 [main] DEBUG org.hibernate.cfg.Ejb3Column - Binding column: Ejb3Column{table=org.hibernate.mapping.Table(course_index), mappingColumn=price_old, insertable=true, updatable=true, unique=false}
2020-03-09 20:45:26.699 [main] DEBUG o.h.cfg.annotations.PropertyBinder - MetadataSourceProcessor property price_old with lazy=false
2020-03-09 20:45:26.699 [main] DEBUG o.h.cfg.AbstractPropertyHolder - Attempting to locate auto-apply AttributeConverter for property [com.ningmeng.framework.domain.course.CourseIndex:price_old]
2020-03-09 20:45:26.699 [main] DEBUG o.h.c.annotations.SimpleValueBinder - building SimpleValue for price_old
2020-03-09 20:45:26.699 [main] DEBUG o.h.cfg.annotations.PropertyBinder - Building property price_old
2020-03-09 20:45:26.700 [main] DEBUG org.hibernate.cfg.Ejb3Column - Binding column: Ejb3Column{table=org.hibernate.mapping.Table(course_index), mappingColumn=qq, insertable=true, updatable=true, unique=false}
2020-03-09 20:45:26.700 [main] DEBUG o.h.cfg.annotations.PropertyBinder - MetadataSourceProcessor property qq with lazy=false
2020-03-09 20:45:26.700 [main] DEBUG o.h.cfg.AbstractPropertyHolder - Attempting to locate auto-apply AttributeConverter for property [com.ningmeng.framework.domain.course.CourseIndex:qq]
2020-03-09 20:45:26.700 [main] DEBUG o.h.c.annotations.SimpleValueBinder - building SimpleValue for qq
2020-03-09 20:45:26.700 [main] DEBUG o.h.cfg.annotations.PropertyBinder - Building property qq
2020-03-09 20:45:26.700 [main] DEBUG org.hibernate.cfg.Ejb3Column - Binding column: Ejb3Column{table=org.hibernate.mapping.Table(course_index), mappingColumn=st, insertable=true, updatable=true, unique=false}
2020-03-09 20:45:26.700 [main] DEBUG o.h.cfg.annotations.PropertyBinder - MetadataSourceProcessor property st with lazy=false
2020-03-09 20:45:26.700 [main] DEBUG o.h.cfg.AbstractPropertyHolder - Attempting to locate auto-apply AttributeConverter for property [com.ningmeng.framework.domain.course.CourseIndex:st]
2020-03-09 20:45:26.700 [main] DEBUG o.h.c.annotations.SimpleValueBinder - building SimpleValue for st
2020-03-09 20:45:26.700 [main] DEBUG o.h.cfg.annotations.PropertyBinder - Building property st
2020-03-09 20:45:26.700 [main] DEBUG org.hibernate.cfg.Ejb3Column - Binding column: Ejb3Column{table=org.hibernate.mapping.Table(course_index), mappingColumn=studymodel, insertable=true, updatable=true, unique=false}
2020-03-09 20:45:26.700 [main] DEBUG o.h.cfg.annotations.PropertyBinder - MetadataSourceProcessor property studymodel with lazy=false
2020-03-09 20:45:26.701 [main] DEBUG o.h.cfg.AbstractPropertyHolder - Attempting to locate auto-apply AttributeConverter for property [com.ningmeng.framework.domain.course.CourseIndex:studymodel]
2020-03-09 20:45:26.701 [main] DEBUG o.h.c.annotations.SimpleValueBinder - building SimpleValue for studymodel
2020-03-09 20:45:26.701 [main] DEBUG o.h.cfg.annotations.PropertyBinder - Building property studymodel
2020-03-09 20:45:26.701 [main] DEBUG org.hibernate.cfg.Ejb3Column - Binding column: Ejb3Column{table=org.hibernate.mapping.Table(course_index), mappingColumn=teachmode, insertable=true, updatable=true, unique=false}
2020-03-09 20:45:26.701 [main] DEBUG o.h.cfg.annotations.PropertyBinder - MetadataSourceProcessor property teachmode with lazy=false
2020-03-09 20:45:26.701 [main] DEBUG o.h.cfg.AbstractPropertyHolder - Attempting to locate auto-apply AttributeConverter for property [com.ningmeng.framework.domain.course.CourseIndex:teachmode]
2020-03-09 20:45:26.701 [main] DEBUG o.h.c.annotations.SimpleValueBinder - building SimpleValue for teachmode
2020-03-09 20:45:26.701 [main] DEBUG o.h.cfg.annotations.PropertyBinder - Building property teachmode
2020-03-09 20:45:26.701 [main] DEBUG org.hibernate.cfg.Ejb3Column - Binding column: Ejb3Column{table=org.hibernate.mapping.Table(course_index), mappingColumn=teachplan, insertable=true, updatable=true, unique=false}
2020-03-09 20:45:26.701 [main] DEBUG o.h.cfg.annotations.PropertyBinder - MetadataSourceProcessor property teachplan with lazy=false
2020-03-09 20:45:26.701 [main] DEBUG o.h.cfg.AbstractPropertyHolder - Attempting to locate auto-apply AttributeConverter for property [com.ningmeng.framework.domain.course.CourseIndex:teachplan]
2020-03-09 20:45:26.701 [main] DEBUG o.h.c.annotations.SimpleValueBinder - building SimpleValue for teachplan
2020-03-09 20:45:26.701 [main] DEBUG o.h.cfg.annotations.PropertyBinder - Building property teachplan
2020-03-09 20:45:26.701 [main] DEBUG org.hibernate.cfg.Ejb3Column - Binding column: Ejb3Column{table=org.hibernate.mapping.Table(course_index), mappingColumn=timestamp, insertable=true, updatable=true, unique=false}
2020-03-09 20:45:26.702 [main] DEBUG o.h.cfg.annotations.PropertyBinder - MetadataSourceProcessor property timestamp with lazy=false
2020-03-09 20:45:26.702 [main] DEBUG o.h.cfg.AbstractPropertyHolder - Attempting to locate auto-apply AttributeConverter for property [com.ningmeng.framework.domain.course.CourseIndex:timestamp]
2020-03-09 20:45:26.702 [main] DEBUG o.h.c.annotations.SimpleValueBinder - building SimpleValue for timestamp
2020-03-09 20:45:26.702 [main] DEBUG o.h.cfg.annotations.PropertyBinder - Building property timestamp
2020-03-09 20:45:26.702 [main] DEBUG org.hibernate.cfg.Ejb3Column - Binding column: Ejb3Column{table=org.hibernate.mapping.Table(course_index), mappingColumn=users, insertable=true, updatable=true, unique=false}
2020-03-09 20:45:26.702 [main] DEBUG o.h.cfg.annotations.PropertyBinder - MetadataSourceProcessor property users with lazy=false
2020-03-09 20:45:26.702 [main] DEBUG o.h.cfg.AbstractPropertyHolder - Attempting to locate auto-apply AttributeConverter for property [com.ningmeng.framework.domain.course.CourseIndex:users]
2020-03-09 20:45:26.702 [main] DEBUG o.h.c.annotations.SimpleValueBinder - building SimpleValue for users
2020-03-09 20:45:26.702 [main] DEBUG o.h.cfg.annotations.PropertyBinder - Building property users
2020-03-09 20:45:26.702 [main] DEBUG org.hibernate.cfg.Ejb3Column - Binding column: Ejb3Column{table=org.hibernate.mapping.Table(course_index), mappingColumn=valid, insertable=true, updatable=true, unique=false}
2020-03-09 20:45:26.703 [main] DEBUG o.h.cfg.annotations.PropertyBinder - MetadataSourceProcessor property valid with lazy=false
2020-03-09 20:45:26.703 [main] DEBUG o.h.cfg.AbstractPropertyHolder - Attempting to locate auto-apply AttributeConverter for property [com.ningmeng.framework.domain.course.CourseIndex:valid]
2020-03-09 20:45:26.703 [main] DEBUG o.h.c.annotations.SimpleValueBinder - building SimpleValue for valid
2020-03-09 20:45:26.703 [main] DEBUG o.h.cfg.annotations.PropertyBinder - Building property valid
2020-03-09 20:45:26.703 [main] DEBUG org.hibernate.cfg.AnnotationBinder - Binding entity from annotated class: com.ningmeng.framework.domain.course.CoursePub
2020-03-09 20:45:26.703 [main] DEBUG org.hibernate.cfg.Ejb3Column - Binding column: Ejb3DiscriminatorColumn{logicalColumnName'DTYPE', discriminatorTypeName='string'}
2020-03-09 20:45:26.703 [main] DEBUG o.h.cfg.annotations.EntityBinder - Import with entity name CoursePub
2020-03-09 20:45:26.703 [main] DEBUG o.h.cfg.annotations.EntityBinder - Bind entity com.ningmeng.framework.domain.course.CoursePub on table course_pub
2020-03-09 20:45:26.705 [main] DEBUG org.hibernate.cfg.Ejb3Column - Binding column: Ejb3Column{table=org.hibernate.mapping.Table(course_pub), mappingColumn=id, insertable=true, updatable=true, unique=false}
2020-03-09 20:45:26.705 [main] DEBUG o.h.cfg.annotations.PropertyBinder - MetadataSourceProcessor property id with lazy=false
2020-03-09 20:45:26.706 [main] DEBUG o.h.cfg.AbstractPropertyHolder - Attempting to locate auto-apply AttributeConverter for property [com.ningmeng.framework.domain.course.CoursePub:id]
2020-03-09 20:45:26.706 [main] DEBUG o.h.c.annotations.SimpleValueBinder - building SimpleValue for id
2020-03-09 20:45:26.706 [main] DEBUG o.h.cfg.annotations.PropertyBinder - Building property id
2020-03-09 20:45:26.706 [main] DEBUG org.hibernate.cfg.Ejb3Column - Binding column: Ejb3Column{table=org.hibernate.mapping.Table(course_pub), mappingColumn=charge, insertable=true, updatable=true, unique=false}
2020-03-09 20:45:26.706 [main] DEBUG o.h.cfg.annotations.PropertyBinder - MetadataSourceProcessor property charge with lazy=false
2020-03-09 20:45:26.706 [main] DEBUG o.h.cfg.AbstractPropertyHolder - Attempting to locate auto-apply AttributeConverter for property [com.ningmeng.framework.domain.course.CoursePub:charge]
2020-03-09 20:45:26.707 [main] DEBUG o.h.c.annotations.SimpleValueBinder - building SimpleValue for charge
2020-03-09 20:45:26.707 [main] DEBUG o.h.cfg.annotations.PropertyBinder - Building property charge
2020-03-09 20:45:26.707 [main] DEBUG org.hibernate.cfg.Ejb3Column - Binding column: Ejb3Column{table=org.hibernate.mapping.Table(course_pub), mappingColumn=description, insertable=true, updatable=true, unique=false}
2020-03-09 20:45:26.707 [main] DEBUG o.h.cfg.annotations.PropertyBinder - MetadataSourceProcessor property description with lazy=false
2020-03-09 20:45:26.707 [main] DEBUG o.h.cfg.AbstractPropertyHolder - Attempting to locate auto-apply AttributeConverter for property [com.ningmeng.framework.domain.course.CoursePub:description]
2020-03-09 20:45:26.707 [main] DEBUG o.h.c.annotations.SimpleValueBinder - building SimpleValue for description
2020-03-09 20:45:26.707 [main] DEBUG o.h.cfg.annotations.PropertyBinder - Building property description
2020-03-09 20:45:26.707 [main] DEBUG org.hibernate.cfg.Ejb3Column - Binding column: Ejb3Column{table=org.hibernate.mapping.Table(course_pub), mappingColumn=expires, insertable=true, updatable=true, unique=false}
2020-03-09 20:45:26.707 [main] DEBUG o.h.cfg.annotations.PropertyBinder - MetadataSourceProcessor property expires with lazy=false
2020-03-09 20:45:26.707 [main] DEBUG o.h.cfg.AbstractPropertyHolder - Attempting to locate auto-apply AttributeConverter for property [com.ningmeng.framework.domain.course.CoursePub:expires]
2020-03-09 20:45:26.707 [main] DEBUG o.h.c.annotations.SimpleValueBinder - building SimpleValue for expires
2020-03-09 20:45:26.708 [main] DEBUG o.h.cfg.annotations.PropertyBinder - Building property expires
2020-03-09 20:45:26.708 [main] DEBUG org.hibernate.cfg.Ejb3Column - Binding column: Ejb3Column{table=org.hibernate.mapping.Table(course_pub), mappingColumn=grade, insertable=true, updatable=true, unique=false}
2020-03-09 20:45:26.708 [main] DEBUG o.h.cfg.annotations.PropertyBinder - MetadataSourceProcessor property grade with lazy=false
2020-03-09 20:45:26.708 [main] DEBUG o.h.cfg.AbstractPropertyHolder - Attempting to locate auto-apply AttributeConverter for property [com.ningmeng.framework.domain.course.CoursePub:grade]
2020-03-09 20:45:26.708 [main] DEBUG o.h.c.annotations.SimpleValueBinder - building SimpleValue for grade
2020-03-09 20:45:26.708 [main] DEBUG o.h.cfg.annotations.PropertyBinder - Building property grade
2020-03-09 20:45:26.708 [main] DEBUG org.hibernate.cfg.Ejb3Column - Binding column: Ejb3Column{table=org.hibernate.mapping.Table(course_pub), mappingColumn=mt, insertable=true, updatable=true, unique=false}
2020-03-09 20:45:26.708 [main] DEBUG o.h.cfg.annotations.PropertyBinder - MetadataSourceProcessor property mt with lazy=false
2020-03-09 20:45:26.708 [main] DEBUG o.h.cfg.AbstractPropertyHolder - Attempting to locate auto-apply AttributeConverter for property [com.ningmeng.framework.domain.course.CoursePub:mt]
2020-03-09 20:45:26.708 [main] DEBUG o.h.c.annotations.SimpleValueBinder - building SimpleValue for mt
2020-03-09 20:45:26.708 [main] DEBUG o.h.cfg.annotations.PropertyBinder - Building property mt
2020-03-09 20:45:26.708 [main] DEBUG org.hibernate.cfg.Ejb3Column - Binding column: Ejb3Column{table=org.hibernate.mapping.Table(course_pub), mappingColumn=name, insertable=true, updatable=true, unique=false}
2020-03-09 20:45:26.708 [main] DEBUG o.h.cfg.annotations.PropertyBinder - MetadataSourceProcessor property name with lazy=false
2020-03-09 20:45:26.708 [main] DEBUG o.h.cfg.AbstractPropertyHolder - Attempting to locate auto-apply AttributeConverter for property [com.ningmeng.framework.domain.course.CoursePub:name]
2020-03-09 20:45:26.708 [main] DEBUG o.h.c.annotations.SimpleValueBinder - building SimpleValue for name
2020-03-09 20:45:26.708 [main] DEBUG o.h.cfg.annotations.PropertyBinder - Building property name
2020-03-09 20:45:26.709 [main] DEBUG org.hibernate.cfg.Ejb3Column - Binding column: Ejb3Column{table=org.hibernate.mapping.Table(course_pub), mappingColumn=pic, insertable=true, updatable=true, unique=false}
2020-03-09 20:45:26.709 [main] DEBUG o.h.cfg.annotations.PropertyBinder - MetadataSourceProcessor property pic with lazy=false
2020-03-09 20:45:26.709 [main] DEBUG o.h.cfg.AbstractPropertyHolder - Attempting to locate auto-apply AttributeConverter for property [com.ningmeng.framework.domain.course.CoursePub:pic]
2020-03-09 20:45:26.709 [main] DEBUG o.h.c.annotations.SimpleValueBinder - building SimpleValue for pic
2020-03-09 20:45:26.709 [main] DEBUG o.h.cfg.annotations.PropertyBinder - Building property pic
2020-03-09 20:45:26.709 [main] DEBUG org.hibernate.cfg.Ejb3Column - Binding column: Ejb3Column{table=org.hibernate.mapping.Table(course_pub), mappingColumn=price, insertable=true, updatable=true, unique=false}
2020-03-09 20:45:26.709 [main] DEBUG o.h.cfg.annotations.PropertyBinder - MetadataSourceProcessor property price with lazy=false
2020-03-09 20:45:26.709 [main] DEBUG o.h.cfg.AbstractPropertyHolder - Attempting to locate auto-apply AttributeConverter for property [com.ningmeng.framework.domain.course.CoursePub:price]
2020-03-09 20:45:26.709 [main] DEBUG o.h.c.annotations.SimpleValueBinder - building SimpleValue for price
2020-03-09 20:45:26.709 [main] DEBUG o.h.cfg.annotations.PropertyBinder - Building property price
2020-03-09 20:45:26.709 [main] DEBUG org.hibernate.cfg.Ejb3Column - Binding column: Ejb3Column{table=org.hibernate.mapping.Table(course_pub), mappingColumn=price_old, insertable=true, updatable=true, unique=false}
2020-03-09 20:45:26.709 [main] DEBUG o.h.cfg.annotations.PropertyBinder - MetadataSourceProcessor property price_old with lazy=false
2020-03-09 20:45:26.709 [main] DEBUG o.h.cfg.AbstractPropertyHolder - Attempting to locate auto-apply AttributeConverter for property [com.ningmeng.framework.domain.course.CoursePub:price_old]
2020-03-09 20:45:26.709 [main] DEBUG o.h.c.annotations.SimpleValueBinder - building SimpleValue for price_old
2020-03-09 20:45:26.710 [main] DEBUG o.h.cfg.annotations.PropertyBinder - Building property price_old
2020-03-09 20:45:26.710 [main] DEBUG org.hibernate.cfg.Ejb3Column - Binding column: Ejb3Column{table=org.hibernate.mapping.Table(course_pub), mappingColumn=pub_time, insertable=true, updatable=true, unique=false}
2020-03-09 20:45:26.710 [main] DEBUG o.h.cfg.annotations.PropertyBinder - MetadataSourceProcessor property pubTime with lazy=false
2020-03-09 20:45:26.710 [main] DEBUG o.h.cfg.AbstractPropertyHolder - Attempting to locate auto-apply AttributeConverter for property [com.ningmeng.framework.domain.course.CoursePub:pubTime]
2020-03-09 20:45:26.711 [main] DEBUG o.h.c.annotations.SimpleValueBinder - building SimpleValue for pubTime
2020-03-09 20:45:26.711 [main] DEBUG o.h.cfg.annotations.PropertyBinder - Building property pubTime
2020-03-09 20:45:26.711 [main] DEBUG org.hibernate.cfg.Ejb3Column - Binding column: Ejb3Column{table=org.hibernate.mapping.Table(course_pub), mappingColumn=qq, insertable=true, updatable=true, unique=false}
2020-03-09 20:45:26.711 [main] DEBUG o.h.cfg.annotations.PropertyBinder - MetadataSourceProcessor property qq with lazy=false
2020-03-09 20:45:26.711 [main] DEBUG o.h.cfg.AbstractPropertyHolder - Attempting to locate auto-apply AttributeConverter for property [com.ningmeng.framework.domain.course.CoursePub:qq]
2020-03-09 20:45:26.711 [main] DEBUG o.h.c.annotations.SimpleValueBinder - building SimpleValue for qq
2020-03-09 20:45:26.711 [main] DEBUG o.h.cfg.annotations.PropertyBinder - Building property qq
2020-03-09 20:45:26.711 [main] DEBUG org.hibernate.cfg.Ejb3Column - Binding column: Ejb3Column{table=org.hibernate.mapping.Table(course_pub), mappingColumn=st, insertable=true, updatable=true, unique=false}
2020-03-09 20:45:26.711 [main] DEBUG o.h.cfg.annotations.PropertyBinder - MetadataSourceProcessor property st with lazy=false
2020-03-09 20:45:26.711 [main] DEBUG o.h.cfg.AbstractPropertyHolder - Attempting to locate auto-apply AttributeConverter for property [com.ningmeng.framework.domain.course.CoursePub:st]
2020-03-09 20:45:26.711 [main] DEBUG o.h.c.annotations.SimpleValueBinder - building SimpleValue for st
2020-03-09 20:45:26.712 [main] DEBUG o.h.cfg.annotations.PropertyBinder - Building property st
2020-03-09 20:45:26.712 [main] DEBUG org.hibernate.cfg.Ejb3Column - Binding column: Ejb3Column{table=org.hibernate.mapping.Table(course_pub), mappingColumn=studymodel, insertable=true, updatable=true, unique=false}
2020-03-09 20:45:26.712 [main] DEBUG o.h.cfg.annotations.PropertyBinder - MetadataSourceProcessor property studymodel with lazy=false
2020-03-09 20:45:26.712 [main] DEBUG o.h.cfg.AbstractPropertyHolder - Attempting to locate auto-apply AttributeConverter for property [com.ningmeng.framework.domain.course.CoursePub:studymodel]
2020-03-09 20:45:26.712 [main] DEBUG o.h.c.annotations.SimpleValueBinder - building SimpleValue for studymodel
2020-03-09 20:45:26.712 [main] DEBUG o.h.cfg.annotations.PropertyBinder - Building property studymodel
2020-03-09 20:45:26.713 [main] DEBUG org.hibernate.cfg.Ejb3Column - Binding column: Ejb3Column{table=org.hibernate.mapping.Table(course_pub), mappingColumn=teachmode, insertable=true, updatable=true, unique=false}
2020-03-09 20:45:26.713 [main] DEBUG o.h.cfg.annotations.PropertyBinder - MetadataSourceProcessor property teachmode with lazy=false
2020-03-09 20:45:26.713 [main] DEBUG o.h.cfg.AbstractPropertyHolder - Attempting to locate auto-apply AttributeConverter for property [com.ningmeng.framework.domain.course.CoursePub:teachmode]
2020-03-09 20:45:26.713 [main] DEBUG o.h.c.annotations.SimpleValueBinder - building SimpleValue for teachmode
2020-03-09 20:45:26.713 [main] DEBUG o.h.cfg.annotations.PropertyBinder - Building property teachmode
2020-03-09 20:45:26.713 [main] DEBUG org.hibernate.cfg.Ejb3Column - Binding column: Ejb3Column{table=org.hibernate.mapping.Table(course_pub), mappingColumn=teachplan, insertable=true, updatable=true, unique=false}
2020-03-09 20:45:26.713 [main] DEBUG o.h.cfg.annotations.PropertyBinder - MetadataSourceProcessor property teachplan with lazy=false
2020-03-09 20:45:26.713 [main] DEBUG o.h.cfg.AbstractPropertyHolder - Attempting to locate auto-apply AttributeConverter for property [com.ningmeng.framework.domain.course.CoursePub:teachplan]
2020-03-09 20:45:26.713 [main] DEBUG o.h.c.annotations.SimpleValueBinder - building SimpleValue for teachplan
2020-03-09 20:45:26.713 [main] DEBUG o.h.cfg.annotations.PropertyBinder - Building property teachplan
2020-03-09 20:45:26.713 [main] DEBUG org.hibernate.cfg.Ejb3Column - Binding column: Ejb3Column{table=org.hibernate.mapping.Table(course_pub), mappingColumn=timestamp, insertable=true, updatable=true, unique=false}
2020-03-09 20:45:26.713 [main] DEBUG o.h.cfg.annotations.PropertyBinder - MetadataSourceProcessor property timestamp with lazy=false
2020-03-09 20:45:26.714 [main] DEBUG o.h.cfg.AbstractPropertyHolder - Attempting to locate auto-apply AttributeConverter for property [com.ningmeng.framework.domain.course.CoursePub:timestamp]
2020-03-09 20:45:26.714 [main] DEBUG o.h.c.annotations.SimpleValueBinder - building SimpleValue for timestamp
2020-03-09 20:45:26.714 [main] DEBUG o.h.cfg.annotations.PropertyBinder - Building property timestamp
2020-03-09 20:45:26.714 [main] DEBUG org.hibernate.cfg.Ejb3Column - Binding column: Ejb3Column{table=org.hibernate.mapping.Table(course_pub), mappingColumn=users, insertable=true, updatable=true, unique=false}
2020-03-09 20:45:26.714 [main] DEBUG o.h.cfg.annotations.PropertyBinder - MetadataSourceProcessor property users with lazy=false
2020-03-09 20:45:26.714 [main] DEBUG o.h.cfg.AbstractPropertyHolder - Attempting to locate auto-apply AttributeConverter for property [com.ningmeng.framework.domain.course.CoursePub:users]
2020-03-09 20:45:26.714 [main] DEBUG o.h.c.annotations.SimpleValueBinder - building SimpleValue for users
2020-03-09 20:45:26.714 [main] DEBUG o.h.cfg.annotations.PropertyBinder - Building property users
2020-03-09 20:45:26.714 [main] DEBUG org.hibernate.cfg.Ejb3Column - Binding column: Ejb3Column{table=org.hibernate.mapping.Table(course_pub), mappingColumn=valid, insertable=true, updatable=true, unique=false}
2020-03-09 20:45:26.714 [main] DEBUG o.h.cfg.annotations.PropertyBinder - MetadataSourceProcessor property valid with lazy=false
2020-03-09 20:45:26.715 [main] DEBUG o.h.cfg.AbstractPropertyHolder - Attempting to locate auto-apply AttributeConverter for property [com.ningmeng.framework.domain.course.CoursePub:valid]
2020-03-09 20:45:26.715 [main] DEBUG o.h.c.annotations.SimpleValueBinder - building SimpleValue for valid
2020-03-09 20:45:26.715 [main] DEBUG o.h.cfg.annotations.PropertyBinder - Building property valid
2020-03-09 20:45:26.718 [main] DEBUG o.h.c.annotations.SimpleValueBinder - Starting fillSimpleValue for id
2020-03-09 20:45:26.719 [main] DEBUG o.h.c.annotations.SimpleValueBinder - Starting fillSimpleValue for charge
2020-03-09 20:45:26.719 [main] DEBUG o.h.c.annotations.SimpleValueBinder - Starting fillSimpleValue for description
2020-03-09 20:45:26.719 [main] DEBUG o.h.c.annotations.SimpleValueBinder - Starting fillSimpleValue for expires
2020-03-09 20:45:26.719 [main] DEBUG o.h.c.annotations.SimpleValueBinder - Starting fillSimpleValue for grade
2020-03-09 20:45:26.719 [main] DEBUG o.h.c.annotations.SimpleValueBinder - Starting fillSimpleValue for mt
2020-03-09 20:45:26.719 [main] DEBUG o.h.c.annotations.SimpleValueBinder - Starting fillSimpleValue for name
2020-03-09 20:45:26.719 [main] DEBUG o.h.c.annotations.SimpleValueBinder - Starting fillSimpleValue for pic
2020-03-09 20:45:26.719 [main] DEBUG o.h.c.annotations.SimpleValueBinder - Starting fillSimpleValue for price
2020-03-09 20:45:26.719 [main] DEBUG o.h.c.annotations.SimpleValueBinder - Starting fillSimpleValue for price_old
2020-03-09 20:45:26.719 [main] DEBUG o.h.c.annotations.SimpleValueBinder - Starting fillSimpleValue for qq
2020-03-09 20:45:26.719 [main] DEBUG o.h.c.annotations.SimpleValueBinder - Starting fillSimpleValue for st
2020-03-09 20:45:26.719 [main] DEBUG o.h.c.annotations.SimpleValueBinder - Starting fillSimpleValue for studymodel
2020-03-09 20:45:26.719 [main] DEBUG o.h.c.annotations.SimpleValueBinder - Starting fillSimpleValue for teachplan
2020-03-09 20:45:26.719 [main] DEBUG o.h.c.annotations.SimpleValueBinder - Starting fillSimpleValue for timestamp
2020-03-09 20:45:26.719 [main] DEBUG o.h.c.annotations.SimpleValueBinder - Starting fillSimpleValue for users
2020-03-09 20:45:26.719 [main] DEBUG o.h.c.annotations.SimpleValueBinder - Starting fillSimpleValue for valid
2020-03-09 20:45:26.719 [main] DEBUG o.h.c.annotations.SimpleValueBinder - Starting fillSimpleValue for id
2020-03-09 20:45:26.719 [main] DEBUG o.h.c.annotations.SimpleValueBinder - Starting fillSimpleValue for courseid
2020-03-09 20:45:26.720 [main] DEBUG o.h.c.annotations.SimpleValueBinder - Starting fillSimpleValue for description
2020-03-09 20:45:26.720 [main] DEBUG o.h.c.annotations.SimpleValueBinder - Starting fillSimpleValue for grade
2020-03-09 20:45:26.720 [main] DEBUG o.h.c.annotations.SimpleValueBinder - Starting fillSimpleValue for orderby
2020-03-09 20:45:26.720 [main] DEBUG o.h.c.annotations.SimpleValueBinder - Starting fillSimpleValue for parentid
2020-03-09 20:45:26.720 [main] DEBUG o.h.c.annotations.SimpleValueBinder - Starting fillSimpleValue for pname
2020-03-09 20:45:26.720 [main] DEBUG o.h.c.annotations.SimpleValueBinder - Starting fillSimpleValue for ptype
2020-03-09 20:45:26.720 [main] DEBUG o.h.c.annotations.SimpleValueBinder - Starting fillSimpleValue for status
2020-03-09 20:45:26.720 [main] DEBUG o.h.c.annotations.SimpleValueBinder - Starting fillSimpleValue for timelength
2020-03-09 20:45:26.720 [main] DEBUG o.h.c.annotations.SimpleValueBinder - Starting fillSimpleValue for trylearn
2020-03-09 20:45:26.720 [main] DEBUG o.h.c.annotations.SimpleValueBinder - Starting fillSimpleValue for id
2020-03-09 20:45:26.720 [main] DEBUG o.h.c.annotations.SimpleValueBinder - Starting fillSimpleValue for isleaf
2020-03-09 20:45:26.720 [main] DEBUG o.h.c.annotations.SimpleValueBinder - Starting fillSimpleValue for isshow
2020-03-09 20:45:26.720 [main] DEBUG o.h.c.annotations.SimpleValueBinder - Starting fillSimpleValue for label
2020-03-09 20:45:26.720 [main] DEBUG o.h.c.annotations.SimpleValueBinder - Starting fillSimpleValue for name
2020-03-09 20:45:26.720 [main] DEBUG o.h.c.annotations.SimpleValueBinder - Starting fillSimpleValue for orderby
2020-03-09 20:45:26.721 [main] DEBUG o.h.c.annotations.SimpleValueBinder - Starting fillSimpleValue for parentid
2020-03-09 20:45:26.721 [main] DEBUG o.h.c.annotations.SimpleValueBinder - Starting fillSimpleValue for id
2020-03-09 20:45:26.721 [main] DEBUG o.h.c.annotations.SimpleValueBinder - Starting fillSimpleValue for companyId
2020-03-09 20:45:26.721 [main] DEBUG o.h.c.annotations.SimpleValueBinder - Starting fillSimpleValue for description
2020-03-09 20:45:26.721 [main] DEBUG o.h.c.annotations.SimpleValueBinder - Starting fillSimpleValue for grade
2020-03-09 20:45:26.721 [main] DEBUG o.h.c.annotations.SimpleValueBinder - Starting fillSimpleValue for mt
2020-03-09 20:45:26.721 [main] DEBUG o.h.c.annotations.SimpleValueBinder - Starting fillSimpleValue for name
2020-03-09 20:45:26.721 [main] DEBUG o.h.c.annotations.SimpleValueBinder - Starting fillSimpleValue for st
2020-03-09 20:45:26.721 [main] DEBUG o.h.c.annotations.SimpleValueBinder - Starting fillSimpleValue for status
2020-03-09 20:45:26.721 [main] DEBUG o.h.c.annotations.SimpleValueBinder - Starting fillSimpleValue for studymodel
2020-03-09 20:45:26.721 [main] DEBUG o.h.c.annotations.SimpleValueBinder - Starting fillSimpleValue for teachmode
2020-03-09 20:45:26.721 [main] DEBUG o.h.c.annotations.SimpleValueBinder - Starting fillSimpleValue for userId
2020-03-09 20:45:26.721 [main] DEBUG o.h.c.annotations.SimpleValueBinder - Starting fillSimpleValue for users
2020-03-09 20:45:26.721 [main] DEBUG o.h.c.annotations.SimpleValueBinder - Starting fillSimpleValue for teachplanId
2020-03-09 20:45:26.721 [main] DEBUG o.h.c.annotations.SimpleValueBinder - Starting fillSimpleValue for courseId
2020-03-09 20:45:26.721 [main] DEBUG o.h.c.annotations.SimpleValueBinder - Starting fillSimpleValue for mediaFileOriginalName
2020-03-09 20:45:26.721 [main] DEBUG o.h.c.annotations.SimpleValueBinder - Starting fillSimpleValue for mediaId
2020-03-09 20:45:26.721 [main] DEBUG o.h.c.annotations.SimpleValueBinder - Starting fillSimpleValue for mediaUrl
2020-03-09 20:45:26.722 [main] DEBUG o.h.c.annotations.SimpleValueBinder - Starting fillSimpleValue for courseid
2020-03-09 20:45:26.722 [main] DEBUG o.h.c.annotations.SimpleValueBinder - Starting fillSimpleValue for pic
2020-03-09 20:45:26.722 [main] DEBUG o.h.c.annotations.SimpleValueBinder - Starting fillSimpleValue for teachplanId
2020-03-09 20:45:26.722 [main] DEBUG o.h.c.annotations.SimpleValueBinder - Starting fillSimpleValue for courseId
2020-03-09 20:45:26.722 [main] DEBUG o.h.c.annotations.SimpleValueBinder - Starting fillSimpleValue for mediaFileOriginalName
2020-03-09 20:45:26.722 [main] DEBUG o.h.c.annotations.SimpleValueBinder - Starting fillSimpleValue for mediaId
2020-03-09 20:45:26.722 [main] DEBUG o.h.c.annotations.SimpleValueBinder - Starting fillSimpleValue for mediaUrl
2020-03-09 20:45:26.722 [main] DEBUG o.h.c.annotations.SimpleValueBinder - Starting fillSimpleValue for timestamp
2020-03-09 20:45:26.722 [main] DEBUG o.h.c.annotations.SimpleValueBinder - Starting fillSimpleValue for id
2020-03-09 20:45:26.722 [main] DEBUG o.h.c.annotations.SimpleValueBinder - Starting fillSimpleValue for charge
2020-03-09 20:45:26.722 [main] DEBUG o.h.c.annotations.SimpleValueBinder - Starting fillSimpleValue for endTime
2020-03-09 20:45:26.722 [main] DEBUG o.h.c.annotations.SimpleValueBinder - Starting fillSimpleValue for price
2020-03-09 20:45:26.722 [main] DEBUG o.h.c.annotations.SimpleValueBinder - Starting fillSimpleValue for price_old
2020-03-09 20:45:26.722 [main] DEBUG o.h.c.annotations.SimpleValueBinder - Starting fillSimpleValue for qq
2020-03-09 20:45:26.722 [main] DEBUG o.h.c.annotations.SimpleValueBinder - Starting fillSimpleValue for startTime
2020-03-09 20:45:26.722 [main] DEBUG o.h.c.annotations.SimpleValueBinder - Starting fillSimpleValue for valid
2020-03-09 20:45:26.722 [main] DEBUG o.h.c.annotations.SimpleValueBinder - Starting fillSimpleValue for id
2020-03-09 20:45:26.722 [main] DEBUG o.h.c.annotations.SimpleValueBinder - Starting fillSimpleValue for charge
2020-03-09 20:45:26.723 [main] DEBUG o.h.c.annotations.SimpleValueBinder - Starting fillSimpleValue for description
2020-03-09 20:45:26.723 [main] DEBUG o.h.c.annotations.SimpleValueBinder - Starting fillSimpleValue for expires
2020-03-09 20:45:26.723 [main] DEBUG o.h.c.annotations.SimpleValueBinder - Starting fillSimpleValue for grade
2020-03-09 20:45:26.723 [main] DEBUG o.h.c.annotations.SimpleValueBinder - Starting fillSimpleValue for mt
2020-03-09 20:45:26.723 [main] DEBUG o.h.c.annotations.SimpleValueBinder - Starting fillSimpleValue for name
2020-03-09 20:45:26.723 [main] DEBUG o.h.c.annotations.SimpleValueBinder - Starting fillSimpleValue for pic
2020-03-09 20:45:26.723 [main] DEBUG o.h.c.annotations.SimpleValueBinder - Starting fillSimpleValue for price
2020-03-09 20:45:26.723 [main] DEBUG o.h.c.annotations.SimpleValueBinder - Starting fillSimpleValue for price_old
2020-03-09 20:45:26.723 [main] DEBUG o.h.c.annotations.SimpleValueBinder - Starting fillSimpleValue for qq
2020-03-09 20:45:26.723 [main] DEBUG o.h.c.annotations.SimpleValueBinder - Starting fillSimpleValue for st
2020-03-09 20:45:26.723 [main] DEBUG o.h.c.annotations.SimpleValueBinder - Starting fillSimpleValue for studymodel
2020-03-09 20:45:26.723 [main] DEBUG o.h.c.annotations.SimpleValueBinder - Starting fillSimpleValue for teachplan
2020-03-09 20:45:26.723 [main] DEBUG o.h.c.annotations.SimpleValueBinder - Starting fillSimpleValue for timestamp
2020-03-09 20:45:26.723 [main] DEBUG o.h.c.annotations.SimpleValueBinder - Starting fillSimpleValue for users
2020-03-09 20:45:26.723 [main] DEBUG o.h.c.annotations.SimpleValueBinder - Starting fillSimpleValue for valid
2020-03-09 20:45:26.723 [main] DEBUG o.h.c.annotations.SimpleValueBinder - Starting fillSimpleValue for id
2020-03-09 20:45:26.723 [main] DEBUG o.h.c.annotations.SimpleValueBinder - Starting fillSimpleValue for charge
2020-03-09 20:45:26.723 [main] DEBUG o.h.c.annotations.SimpleValueBinder - Starting fillSimpleValue for description
2020-03-09 20:45:26.723 [main] DEBUG o.h.c.annotations.SimpleValueBinder - Starting fillSimpleValue for expires
2020-03-09 20:45:26.723 [main] DEBUG o.h.c.annotations.SimpleValueBinder - Starting fillSimpleValue for grade
2020-03-09 20:45:26.723 [main] DEBUG o.h.c.annotations.SimpleValueBinder - Starting fillSimpleValue for mt
2020-03-09 20:45:26.723 [main] DEBUG o.h.c.annotations.SimpleValueBinder - Starting fillSimpleValue for name
2020-03-09 20:45:26.723 [main] DEBUG o.h.c.annotations.SimpleValueBinder - Starting fillSimpleValue for pic
2020-03-09 20:45:26.724 [main] DEBUG o.h.c.annotations.SimpleValueBinder - Starting fillSimpleValue for price
2020-03-09 20:45:26.724 [main] DEBUG o.h.c.annotations.SimpleValueBinder - Starting fillSimpleValue for price_old
2020-03-09 20:45:26.724 [main] DEBUG o.h.c.annotations.SimpleValueBinder - Starting fillSimpleValue for qq
2020-03-09 20:45:26.724 [main] DEBUG o.h.c.annotations.SimpleValueBinder - Starting fillSimpleValue for st
2020-03-09 20:45:26.724 [main] DEBUG o.h.c.annotations.SimpleValueBinder - Starting fillSimpleValue for studymodel
2020-03-09 20:45:26.724 [main] DEBUG o.h.c.annotations.SimpleValueBinder - Starting fillSimpleValue for teachmode
2020-03-09 20:45:26.724 [main] DEBUG o.h.c.annotations.SimpleValueBinder - Starting fillSimpleValue for teachplan
2020-03-09 20:45:26.724 [main] DEBUG o.h.c.annotations.SimpleValueBinder - Starting fillSimpleValue for timestamp
2020-03-09 20:45:26.724 [main] DEBUG o.h.c.annotations.SimpleValueBinder - Starting fillSimpleValue for users
2020-03-09 20:45:26.724 [main] DEBUG o.h.c.annotations.SimpleValueBinder - Starting fillSimpleValue for valid
2020-03-09 20:45:26.724 [main] DEBUG o.h.c.annotations.SimpleValueBinder - Starting fillSimpleValue for id
2020-03-09 20:45:26.724 [main] DEBUG o.h.c.annotations.SimpleValueBinder - Starting fillSimpleValue for charge
2020-03-09 20:45:26.724 [main] DEBUG o.h.c.annotations.SimpleValueBinder - Starting fillSimpleValue for description
2020-03-09 20:45:26.724 [main] DEBUG o.h.c.annotations.SimpleValueBinder - Starting fillSimpleValue for expires
2020-03-09 20:45:26.724 [main] DEBUG o.h.c.annotations.SimpleValueBinder - Starting fillSimpleValue for grade
2020-03-09 20:45:26.724 [main] DEBUG o.h.c.annotations.SimpleValueBinder - Starting fillSimpleValue for mt
2020-03-09 20:45:26.724 [main] DEBUG o.h.c.annotations.SimpleValueBinder - Starting fillSimpleValue for name
2020-03-09 20:45:26.724 [main] DEBUG o.h.c.annotations.SimpleValueBinder - Starting fillSimpleValue for pic
2020-03-09 20:45:26.724 [main] DEBUG o.h.c.annotations.SimpleValueBinder - Starting fillSimpleValue for price
2020-03-09 20:45:26.724 [main] DEBUG o.h.c.annotations.SimpleValueBinder - Starting fillSimpleValue for price_old
2020-03-09 20:45:26.725 [main] DEBUG o.h.c.annotations.SimpleValueBinder - Starting fillSimpleValue for pubTime
2020-03-09 20:45:26.725 [main] DEBUG o.h.c.annotations.SimpleValueBinder - Starting fillSimpleValue for qq
2020-03-09 20:45:26.725 [main] DEBUG o.h.c.annotations.SimpleValueBinder - Starting fillSimpleValue for st
2020-03-09 20:45:26.725 [main] DEBUG o.h.c.annotations.SimpleValueBinder - Starting fillSimpleValue for studymodel
2020-03-09 20:45:26.725 [main] DEBUG o.h.c.annotations.SimpleValueBinder - Starting fillSimpleValue for teachmode
2020-03-09 20:45:26.725 [main] DEBUG o.h.c.annotations.SimpleValueBinder - Starting fillSimpleValue for teachplan
2020-03-09 20:45:26.725 [main] DEBUG o.h.c.annotations.SimpleValueBinder - Starting fillSimpleValue for timestamp
2020-03-09 20:45:26.725 [main] DEBUG o.h.c.annotations.SimpleValueBinder - Starting fillSimpleValue for users
2020-03-09 20:45:26.725 [main] DEBUG o.h.c.annotations.SimpleValueBinder - Starting fillSimpleValue for valid
2020-03-09 20:45:26.728 [main] DEBUG org.hibernate.mapping.PrimaryKey - Forcing column [id] to be non-null as it is part of the primary key for table [course_pre]
2020-03-09 20:45:26.728 [main] DEBUG org.hibernate.mapping.PrimaryKey - Forcing column [id] to be non-null as it is part of the primary key for table [teachplan]
2020-03-09 20:45:26.728 [main] DEBUG org.hibernate.mapping.PrimaryKey - Forcing column [id] to be non-null as it is part of the primary key for table [category]
2020-03-09 20:45:26.728 [main] DEBUG org.hibernate.mapping.PrimaryKey - Forcing column [id] to be non-null as it is part of the primary key for table [course_base]
2020-03-09 20:45:26.728 [main] DEBUG org.hibernate.mapping.PrimaryKey - Forcing column [teachplan_id] to be non-null as it is part of the primary key for table [teachplan_media]
2020-03-09 20:45:26.728 [main] DEBUG org.hibernate.mapping.PrimaryKey - Forcing column [courseid] to be non-null as it is part of the primary key for table [course_pic]
2020-03-09 20:45:26.728 [main] DEBUG org.hibernate.mapping.PrimaryKey - Forcing column [teachplan_id] to be non-null as it is part of the primary key for table [teachplan_media_pub]
2020-03-09 20:45:26.728 [main] DEBUG org.hibernate.mapping.PrimaryKey - Forcing column [id] to be non-null as it is part of the primary key for table [course_market]
2020-03-09 20:45:26.728 [main] DEBUG org.hibernate.mapping.PrimaryKey - Forcing column [id] to be non-null as it is part of the primary key for table [course_off]
2020-03-09 20:45:26.728 [main] DEBUG org.hibernate.mapping.PrimaryKey - Forcing column [id] to be non-null as it is part of the primary key for table [course_index]
2020-03-09 20:45:26.728 [main] DEBUG org.hibernate.mapping.PrimaryKey - Forcing column [id] to be non-null as it is part of the primary key for table [course_pub]
2020-03-09 20:45:26.742 [main] WARN  org.hibernate.id.UUIDHexGenerator - HHH000409: Using org.hibernate.id.UUIDHexGenerator which does not generate IETF RFC 4122 compliant UUID values; consider using org.hibernate.id.UUIDGenerator instead
2020-03-09 20:45:26.841 [main] DEBUG o.h.internal.SessionFactoryImpl - Building session factory
2020-03-09 20:45:26.842 [main] DEBUG org.hibernate.cfg.Settings - SessionFactory name : null
2020-03-09 20:45:26.842 [main] DEBUG org.hibernate.cfg.Settings - Automatic flush during beforeCompletion(): enabled
2020-03-09 20:45:26.842 [main] DEBUG org.hibernate.cfg.Settings - Automatic session close at end of transaction: disabled
2020-03-09 20:45:26.842 [main] DEBUG org.hibernate.cfg.Settings - Statistics: disabled
2020-03-09 20:45:26.842 [main] DEBUG org.hibernate.cfg.Settings - Deleted entity synthetic identifier rollback: disabled
2020-03-09 20:45:26.842 [main] DEBUG org.hibernate.cfg.Settings - Default entity-mode: pojo
2020-03-09 20:45:26.842 [main] DEBUG org.hibernate.cfg.Settings - Check Nullability in Core (should be disabled when Bean Validation is on): enabled
2020-03-09 20:45:26.842 [main] DEBUG org.hibernate.cfg.Settings - Allow initialization of lazy state outside session : disabled
2020-03-09 20:45:26.843 [main] DEBUG org.hibernate.cfg.Settings - Using BatchFetchStyle : LEGACY
2020-03-09 20:45:26.843 [main] DEBUG org.hibernate.cfg.Settings - Default batch fetch size: -1
2020-03-09 20:45:26.843 [main] DEBUG org.hibernate.cfg.Settings - Maximum outer join fetch depth: 2
2020-03-09 20:45:26.843 [main] DEBUG org.hibernate.cfg.Settings - Default null ordering: NONE
2020-03-09 20:45:26.843 [main] DEBUG org.hibernate.cfg.Settings - Order SQL updates by primary key: disabled
2020-03-09 20:45:26.843 [main] DEBUG org.hibernate.cfg.Settings - Order SQL inserts for batching: disabled
2020-03-09 20:45:26.843 [main] DEBUG org.hibernate.cfg.Settings - multi-tenancy strategy : NONE
2020-03-09 20:45:26.844 [main] DEBUG org.hibernate.cfg.Settings - JTA Track by Thread: enabled
2020-03-09 20:45:26.844 [main] DEBUG org.hibernate.cfg.Settings - Query language substitutions: {}
2020-03-09 20:45:26.844 [main] DEBUG org.hibernate.cfg.Settings - JPA query language strict compliance: disabled
2020-03-09 20:45:26.844 [main] DEBUG org.hibernate.cfg.Settings - Named query checking : enabled
2020-03-09 20:45:26.844 [main] DEBUG org.hibernate.cfg.Settings - Second-level cache: enabled
2020-03-09 20:45:26.844 [main] DEBUG org.hibernate.cfg.Settings - Second-level query cache: disabled
2020-03-09 20:45:26.844 [main] DEBUG org.hibernate.cfg.Settings - Second-level query cache factory: org.hibernate.cache.internal.StandardQueryCacheFactory@3e52ed5d
2020-03-09 20:45:26.844 [main] DEBUG org.hibernate.cfg.Settings - Second-level cache region prefix: null
2020-03-09 20:45:26.844 [main] DEBUG org.hibernate.cfg.Settings - Optimize second-level cache for minimal puts: disabled
2020-03-09 20:45:26.844 [main] DEBUG org.hibernate.cfg.Settings - Structured second-level cache entries: disabled
2020-03-09 20:45:26.844 [main] DEBUG org.hibernate.cfg.Settings - Second-level cache direct-reference entries: disabled
2020-03-09 20:45:26.844 [main] DEBUG org.hibernate.cfg.Settings - Automatic eviction of collection cache: disabled
2020-03-09 20:45:26.844 [main] DEBUG org.hibernate.cfg.Settings - JDBC batch size: 15
2020-03-09 20:45:26.844 [main] DEBUG org.hibernate.cfg.Settings - JDBC batch updates for versioned data: enabled
2020-03-09 20:45:26.844 [main] DEBUG org.hibernate.cfg.Settings - Scrollable result sets: enabled
2020-03-09 20:45:26.844 [main] DEBUG org.hibernate.cfg.Settings - Wrap result sets: disabled
2020-03-09 20:45:26.844 [main] DEBUG org.hibernate.cfg.Settings - JDBC3 getGeneratedKeys(): enabled
2020-03-09 20:45:26.844 [main] DEBUG org.hibernate.cfg.Settings - JDBC result set fetch size: null
2020-03-09 20:45:26.845 [main] DEBUG org.hibernate.cfg.Settings - Connection release mode: ON_CLOSE
2020-03-09 20:45:26.845 [main] DEBUG org.hibernate.cfg.Settings - Generate SQL with comments: disabled
2020-03-09 20:45:26.931 [main] DEBUG o.h.internal.SessionFactoryImpl - Session factory constructed with filter configurations : {}
2020-03-09 20:45:26.933 [main] DEBUG o.h.internal.SessionFactoryImpl - Instantiating session factory with properties: {sun.desktop=windows, awt.toolkit=sun.awt.windows.WToolkit, hibernate.id.new_generator_mappings=true, file.encoding.pkg=sun.io, java.specification.version=1.8, sun.cpu.isalist=amd64, hibernate.connection.handling_mode=DELAYED_ACQUISITION_AND_HOLD, sun.jnu.encoding=GBK, hibernate.dialect=org.hibernate.dialect.MySQL5Dialect, hibernate.implicit_naming_strategy=org.springframework.boot.orm.jpa.hibernate.SpringImplicitNamingStrategy, java.class.path=E:\1704A\hdServiceCode\nm-service-manage-course\target\test-classes;E:\1704A\hdServiceCode\nm-service-manage-course\target\classes;E:\1704A\repository\com\github\pagehelper\pagehelper-spring-boot-starter\1.2.4\pagehelper-spring-boot-starter-1.2.4.jar;E:\1704A\repository\org\springframework\boot\spring-boot-starter\2.0.1.RELEASE\spring-boot-starter-2.0.1.RELEASE.jar;E:\1704A\repository\org\springframework\boot\spring-boot\2.0.1.RELEASE\spring-boot-2.0.1.RELEASE.jar;E:\1704A\repository\javax\annotation\javax.annotation-api\1.3.2\javax.annotation-api-1.3.2.jar;E:\1704A\repository\org\yaml\snakeyaml\1.19\snakeyaml-1.19.jar;E:\1704A\repository\com\github\pagehelper\pagehelper-spring-boot-autoconfigure\1.2.4\pagehelper-spring-boot-autoconfigure-1.2.4.jar;E:\1704A\repository\com\github\pagehelper\pagehelper\5.1.3\pagehelper-5.1.3.jar;E:\1704A\repository\com\github\jsqlparser\jsqlparser\1.0\jsqlparser-1.0.jar;E:\1704A\hdServiceCode\nm-service-api\target\nm-service-api.jar;E:\1704A\repository\commons-fileupload\commons-fileupload\1.3.3\commons-fileupload-1.3.3.jar;E:\1704A\repository\io\springfox\springfox-swagger2\2.7.0\springfox-swagger2-2.7.0.jar;E:\1704A\repository\io\swagger\swagger-annotations\1.5.13\swagger-annotations-1.5.13.jar;E:\1704A\repository\io\swagger\swagger-models\1.5.13\swagger-models-1.5.13.jar;E:\1704A\repository\io\springfox\springfox-spi\2.7.0\springfox-spi-2.7.0.jar;E:\1704A\repository\io\springfox\springfox-core\2.7.0\springfox-core-2.7.0.jar;E:\1704A\repository\io\springfox\springfox-schema\2.7.0\springfox-schema-2.7.0.jar;E:\1704A\repository\io\springfox\springfox-swagger-common\2.7.0\springfox-swagger-common-2.7.0.jar;E:\1704A\repository\io\springfox\springfox-spring-web\2.7.0\springfox-spring-web-2.7.0.jar;E:\1704A\repository\org\reflections\reflections\0.9.11\reflections-0.9.11.jar;E:\1704A\repository\com\fasterxml\classmate\1.3.4\classmate-1.3.4.jar;E:\1704A\repository\org\springframework\plugin\spring-plugin-core\1.2.0.RELEASE\spring-plugin-core-1.2.0.RELEASE.jar;E:\1704A\repository\org\springframework\plugin\spring-plugin-metadata\1.2.0.RELEASE\spring-plugin-metadata-1.2.0.RELEASE.jar;E:\1704A\repository\org\mapstruct\mapstruct\1.1.0.Final\mapstruct-1.1.0.Final.jar;E:\1704A\repository\io\springfox\springfox-swagger-ui\2.7.0\springfox-swagger-ui-2.7.0.jar;E:\1704A\hdServiceCode\nm-framework-model\target\nm-framework-model.jar;E:\1704A\repository\org\projectlombok\lombok\1.16.16\lombok-1.16.16.jar;E:\1704A\repository\org\springframework\data\spring-data-commons\2.0.6.RELEASE\spring-data-commons-2.0.6.RELEASE.jar;E:\1704A\repository\org\springframework\data\spring-data-mongodb\2.0.6.RELEASE\spring-data-mongodb-2.0.6.RELEASE.jar;E:\1704A\repository\org\springframework\spring-context\5.0.5.RELEASE\spring-context-5.0.5.RELEASE.jar;E:\1704A\repository\org\springframework\spring-expression\5.0.5.RELEASE\spring-expression-5.0.5.RELEASE.jar;E:\1704A\repository\org\mongodb\mongo-java-driver\3.6.3\mongo-java-driver-3.6.3.jar;E:\1704A\repository\org\hibernate\hibernate-core\5.2.16.Final\hibernate-core-5.2.16.Final.jar;E:\1704A\repository\org\jboss\logging\jboss-logging\3.3.2.Final\jboss-logging-3.3.2.Final.jar;E:\1704A\repository\org\hibernate\javax\persistence\hibernate-jpa-2.1-api\1.0.0.Final\hibernate-jpa-2.1-api-1.0.0.Final.jar;E:\1704A\repository\org\javassist\javassist\3.22.0-GA\javassist-3.22.0-GA.jar;E:\1704A\repository\antlr\antlr\2.7.7\antlr-2.7.7.jar;E:\1704A\repository\org\jboss\spec\javax\transaction\jboss-transaction-api_1.2_spec\1.0.1.Final\jboss-transaction-api_1.2_spec-1.0.1.Final.jar;E:\1704A\repository\org\jboss\jandex\2.0.3.Final\jandex-2.0.3.Final.jar;E:\1704A\repository\dom4j\dom4j\1.6.1\dom4j-1.6.1.jar;E:\1704A\repository\org\hibernate\common\hibernate-commons-annotations\5.0.1.Final\hibernate-commons-annotations-5.0.1.Final.jar;E:\1704A\repository\com\google\guava\guava\24.0-jre\guava-24.0-jre.jar;E:\1704A\repository\com\google\code\findbugs\jsr305\1.3.9\jsr305-1.3.9.jar;E:\1704A\repository\org\checkerframework\checker-compat-qual\2.0.0\checker-compat-qual-2.0.0.jar;E:\1704A\repository\com\google\errorprone\error_prone_annotations\2.1.3\error_prone_annotations-2.1.3.jar;E:\1704A\repository\com\google\j2objc\j2objc-annotations\1.1\j2objc-annotations-1.1.jar;E:\1704A\repository\org\codehaus\mojo\animal-sniffer-annotations\1.14\animal-sniffer-annotations-1.14.jar;E:\1704A\hdServiceCode\nm-framework-utils\target\nm-framework-utils.jar;E:\1704A\repository\javax\servlet\javax.servlet-api\3.1.0\javax.servlet-api-3.1.0.jar;E:\1704A\repository\org\springframework\boot\spring-boot-starter-logging\2.0.1.RELEASE\spring-boot-starter-logging-2.0.1.RELEASE.jar;E:\1704A\repository\ch\qos\logback\logback-classic\1.2.3\logback-classic-1.2.3.jar;E:\1704A\repository\ch\qos\logback\logback-core\1.2.3\logback-core-1.2.3.jar;E:\1704A\repository\org\apache\logging\log4j\log4j-to-slf4j\2.10.0\log4j-to-slf4j-2.10.0.jar;E:\1704A\repository\org\apache\logging\log4j\log4j-api\2.10.0\log4j-api-2.10.0.jar;E:\1704A\repository\org\slf4j\jul-to-slf4j\1.7.25\jul-to-slf4j-1.7.25.jar;E:\1704A\repository\org\apache\httpcomponents\httpclient\4.5.5\httpclient-4.5.5.jar;E:\1704A\repository\org\apache\httpcomponents\httpcore\4.4.9\httpcore-4.4.9.jar;E:\1704A\repository\commons-codec\commons-codec\1.10\commons-codec-1.10.jar;E:\1704A\repository\net\lingala\zip4j\zip4j\1.3.1\zip4j-1.3.1.jar;E:\1704A\repository\org\springframework\security\spring-security-crypto\5.0.4.RELEASE\spring-security-crypto-5.0.4.RELEASE.jar;E:\1704A\repository\org\springframework\security\spring-security-jwt\1.0.8.RELEASE\spring-security-jwt-1.0.8.RELEASE.jar;E:\1704A\repository\org\bouncycastle\bcpkix-jdk15on\1.56\bcpkix-jdk15on-1.56.jar;E:\1704A\repository\org\bouncycastle\bcprov-jdk15on\1.56\bcprov-jdk15on-1.56.jar;E:\1704A\hdServiceCode\nm-framework-common\target\nm-framework-common.jar;E:\1704A\repository\org\springframework\spring-web\5.0.5.RELEASE\spring-web-5.0.5.RELEASE.jar;E:\1704A\repository\org\springframework\boot\spring-boot-starter-web\2.0.1.RELEASE\spring-boot-starter-web-2.0.1.RELEASE.jar;E:\1704A\repository\org\springframework\boot\spring-boot-starter-json\2.0.1.RELEASE\spring-boot-starter-json-2.0.1.RELEASE.jar;E:\1704A\repository\com\fasterxml\jackson\core\jackson-databind\2.9.5\jackson-databind-2.9.5.jar;E:\1704A\repository\com\fasterxml\jackson\datatype\jackson-datatype-jdk8\2.9.5\jackson-datatype-jdk8-2.9.5.jar;E:\1704A\repository\com\fasterxml\jackson\datatype\jackson-datatype-jsr310\2.9.5\jackson-datatype-jsr310-2.9.5.jar;E:\1704A\repository\com\fasterxml\jackson\module\jackson-module-parameter-names\2.9.5\jackson-module-parameter-names-2.9.5.jar;E:\1704A\repository\org\springframework\boot\spring-boot-starter-tomcat\2.0.1.RELEASE\spring-boot-starter-tomcat-2.0.1.RELEASE.jar;E:\1704A\repository\org\apache\tomcat\embed\tomcat-embed-core\8.5.28\tomcat-embed-core-8.5.28.jar;E:\1704A\repository\org\apache\tomcat\embed\tomcat-embed-el\8.5.28\tomcat-embed-el-8.5.28.jar;E:\1704A\repository\org\apache\tomcat\embed\tomcat-embed-websocket\8.5.28\tomcat-embed-websocket-8.5.28.jar;E:\1704A\repository\org\hibernate\validator\hibernate-validator\6.0.9.Final\hibernate-validator-6.0.9.Final.jar;E:\1704A\repository\javax\validation\validation-api\2.0.1.Final\validation-api-2.0.1.Final.jar;E:\1704A\repository\org\springframework\spring-webmvc\5.0.5.RELEASE\spring-webmvc-5.0.5.RELEASE.jar;E:\1704A\repository\org\springframework\spring-aop\5.0.5.RELEASE\spring-aop-5.0.5.RELEASE.jar;E:\1704A\repository\mysql\mysql-connector-java\5.1.40\mysql-connector-java-5.1.40.jar;E:\1704A\repository\com\alibaba\druid-spring-boot-starter\1.1.10\druid-spring-boot-starter-1.1.10.jar;E:\1704A\repository\com\alibaba\druid\1.1.6\druid-1.1.6.jar;E:\1704A\repository\org\slf4j\slf4j-api\1.7.25\slf4j-api-1.7.25.jar;E:\1704A\repository\org\springframework\boot\spring-boot-autoconfigure\2.0.1.RELEASE\spring-boot-autoconfigure-2.0.1.RELEASE.jar;E:\1704A\repository\org\mybatis\spring\boot\mybatis-spring-boot-starter\1.3.1\mybatis-spring-boot-starter-1.3.1.jar;E:\1704A\repository\org\springframework\boot\spring-boot-starter-jdbc\2.0.1.RELEASE\spring-boot-starter-jdbc-2.0.1.RELEASE.jar;E:\1704A\repository\com\zaxxer\HikariCP\2.7.8\HikariCP-2.7.8.jar;E:\1704A\repository\org\mybatis\spring\boot\mybatis-spring-boot-autoconfigure\1.3.1\mybatis-spring-boot-autoconfigure-1.3.1.jar;E:\1704A\repository\org\mybatis\mybatis\3.4.5\mybatis-3.4.5.jar;E:\1704A\repository\org\mybatis\mybatis-spring\1.3.1\mybatis-spring-1.3.1.jar;E:\1704A\repository\org\springframework\spring-orm\5.0.5.RELEASE\spring-orm-5.0.5.RELEASE.jar;E:\1704A\repository\org\springframework\spring-beans\5.0.5.RELEASE\spring-beans-5.0.5.RELEASE.jar;E:\1704A\repository\org\springframework\spring-core\5.0.5.RELEASE\spring-core-5.0.5.RELEASE.jar;E:\1704A\repository\org\springframework\spring-jcl\5.0.5.RELEASE\spring-jcl-5.0.5.RELEASE.jar;E:\1704A\repository\org\springframework\spring-jdbc\5.0.5.RELEASE\spring-jdbc-5.0.5.RELEASE.jar;E:\1704A\repository\org\springframework\spring-tx\5.0.5.RELEASE\spring-tx-5.0.5.RELEASE.jar;E:\1704A\repository\org\springframework\boot\spring-boot-starter-data-jpa\2.0.1.RELEASE\spring-boot-starter-data-jpa-2.0.1.RELEASE.jar;E:\1704A\repository\org\springframework\boot\spring-boot-starter-aop\2.0.1.RELEASE\spring-boot-starter-aop-2.0.1.RELEASE.jar;E:\1704A\repository\org\aspectj\aspectjweaver\1.8.13\aspectjweaver-1.8.13.jar;E:\1704A\repository\javax\transaction\javax.transaction-api\1.2\javax.transaction-api-1.2.jar;E:\1704A\repository\org\springframework\data\spring-data-jpa\2.0.6.RELEASE\spring-data-jpa-2.0.6.RELEASE.jar;E:\1704A\repository\org\springframework\spring-aspects\5.0.5.RELEASE\spring-aspects-5.0.5.RELEASE.jar;E:\1704A\repository\com\squareup\okhttp3\okhttp\3.9.1\okhttp-3.9.1.jar;E:\1704A\repository\com\squareup\okio\okio\1.13.0\okio-1.13.0.jar;E:\1704A\repository\com\alibaba\fastjson\1.2.30\fastjson-1.2.30.jar;E:\1704A\repository\commons-io\commons-io\2.6\commons-io-2.6.jar;E:\1704A\repository\org\apache\commons\commons-lang3\3.6\commons-lang3-3.6.jar;E:\1704A\repository\org\springframework\boot\spring-boot-starter-test\2.0.1.RELEASE\spring-boot-starter-test-2.0.1.RELEASE.jar;E:\1704A\repository\org\springframework\boot\spring-boot-test\2.0.1.RELEASE\spring-boot-test-2.0.1.RELEASE.jar;E:\1704A\repository\org\springframework\boot\spring-boot-test-autoconfigure\2.0.1.RELEASE\spring-boot-test-autoconfigure-2.0.1.RELEASE.jar;E:\1704A\repository\com\jayway\jsonpath\json-path\2.4.0\json-path-2.4.0.jar;E:\1704A\repository\net\minidev\json-smart\2.3\json-smart-2.3.jar;E:\1704A\repository\net\minidev\accessors-smart\1.2\accessors-smart-1.2.jar;E:\1704A\repository\org\ow2\asm\asm\5.0.4\asm-5.0.4.jar;E:\1704A\repository\junit\junit\4.12\junit-4.12.jar;E:\1704A\repository\org\assertj\assertj-core\3.9.1\assertj-core-3.9.1.jar;E:\1704A\repository\org\mockito\mockito-core\2.15.0\mockito-core-2.15.0.jar;E:\1704A\repository\net\bytebuddy\byte-buddy\1.7.11\byte-buddy-1.7.11.jar;E:\1704A\repository\net\bytebuddy\byte-buddy-agent\1.7.11\byte-buddy-agent-1.7.11.jar;E:\1704A\repository\org\objenesis\objenesis\2.6\objenesis-2.6.jar;E:\1704A\repository\org\hamcrest\hamcrest-core\1.3\hamcrest-core-1.3.jar;E:\1704A\repository\org\hamcrest\hamcrest-library\1.3\hamcrest-library-1.3.jar;E:\1704A\repository\org\skyscreamer\jsonassert\1.5.0\jsonassert-1.5.0.jar;E:\1704A\repository\com\vaadin\external\google\android-json\0.0.20131108.vaadin1\android-json-0.0.20131108.vaadin1.jar;E:\1704A\repository\org\springframework\spring-test\5.0.5.RELEASE\spring-test-5.0.5.RELEASE.jar;E:\1704A\repository\org\xmlunit\xmlunit-core\2.5.1\xmlunit-core-2.5.1.jar;E:\1704A\repository\org\springframework\cloud\spring-cloud-starter-netflix-eureka-client\2.0.1.RELEASE\spring-cloud-starter-netflix-eureka-client-2.0.1.RELEASE.jar;E:\1704A\repository\org\springframework\cloud\spring-cloud-starter\2.0.1.RELEASE\spring-cloud-starter-2.0.1.RELEASE.jar;E:\1704A\repository\org\springframework\cloud\spring-cloud-context\2.0.1.RELEASE\spring-cloud-context-2.0.1.RELEASE.jar;E:\1704A\repository\org\springframework\security\spring-security-rsa\1.0.5.RELEASE\spring-security-rsa-1.0.5.RELEASE.jar;E:\1704A\repository\org\springframework\cloud\spring-cloud-netflix-core\2.0.1.RELEASE\spring-cloud-netflix-core-2.0.1.RELEASE.jar;E:\1704A\repository\org\springframework\cloud\spring-cloud-netflix-eureka-client\2.0.1.RELEASE\spring-cloud-netflix-eureka-client-2.0.1.RELEASE.jar;E:\1704A\repository\com\netflix\eureka\eureka-client\1.9.3\eureka-client-1.9.3.jar;E:\1704A\repository\org\codehaus\jettison\jettison\1.3.7\jettison-1.3.7.jar;E:\1704A\repository\stax\stax-api\1.0.1\stax-api-1.0.1.jar;E:\1704A\repository\com\netflix\netflix-commons\netflix-eventbus\0.3.0\netflix-eventbus-0.3.0.jar;E:\1704A\repository\com\netflix\netflix-commons\netflix-infix\0.3.0\netflix-infix-0.3.0.jar;E:\1704A\repository\commons-jxpath\commons-jxpath\1.3\commons-jxpath-1.3.jar;E:\1704A\repository\joda-time\joda-time\2.9.9\joda-time-2.9.9.jar;E:\1704A\repository\org\antlr\antlr-runtime\3.4\antlr-runtime-3.4.jar;E:\1704A\repository\org\antlr\stringtemplate\3.2.1\stringtemplate-3.2.1.jar;E:\1704A\repository\com\google\code\gson\gson\2.8.2\gson-2.8.2.jar;E:\1704A\repository\org\apache\commons\commons-math\2.2\commons-math-2.2.jar;E:\1704A\repository\com\netflix\archaius\archaius-core\0.7.6\archaius-core-0.7.6.jar;E:\1704A\repository\javax\ws\rs\jsr311-api\1.1.1\jsr311-api-1.1.1.jar;E:\1704A\repository\com\netflix\servo\servo-core\0.12.21\servo-core-0.12.21.jar;E:\1704A\repository\com\sun\jersey\jersey-core\1.19.1\jersey-core-1.19.1.jar;E:\1704A\repository\com\sun\jersey\jersey-client\1.19.1\jersey-client-1.19.1.jar;E:\1704A\repository\com\sun\jersey\contribs\jersey-apache-client4\1.19.1\jersey-apache-client4-1.19.1.jar;E:\1704A\repository\com\google\inject\guice\4.1.0\guice-4.1.0.jar;E:\1704A\repository\javax\inject\javax.inject\1\javax.inject-1.jar;E:\1704A\repository\aopalliance\aopalliance\1.0\aopalliance-1.0.jar;E:\1704A\repository\com\github\vlsi\compactmap\compactmap\1.2.1\compactmap-1.2.1.jar;E:\1704A\repository\com\github\andrewoma\dexx\dexx-collections\0.2\dexx-collections-0.2.jar;E:\1704A\repository\com\fasterxml\jackson\core\jackson-annotations\2.9.0\jackson-annotations-2.9.0.jar;E:\1704A\repository\com\fasterxml\jackson\core\jackson-core\2.9.5\jackson-core-2.9.5.jar;E:\1704A\repository\com\netflix\eureka\eureka-core\1.9.3\eureka-core-1.9.3.jar;E:\1704A\repository\org\codehaus\woodstox\woodstox-core-asl\4.4.1\woodstox-core-asl-4.4.1.jar;E:\1704A\repository\javax\xml\stream\stax-api\1.0-2\stax-api-1.0-2.jar;E:\1704A\repository\org\codehaus\woodstox\stax2-api\3.1.4\stax2-api-3.1.4.jar;E:\1704A\repository\org\springframework\cloud\spring-cloud-starter-netflix-archaius\2.0.1.RELEASE\spring-cloud-starter-netflix-archaius-2.0.1.RELEASE.jar;E:\1704A\repository\org\springframework\cloud\spring-cloud-netflix-ribbon\2.0.1.RELEASE\spring-cloud-netflix-ribbon-2.0.1.RELEASE.jar;E:\1704A\repository\org\springframework\cloud\spring-cloud-netflix-archaius\2.0.1.RELEASE\spring-cloud-netflix-archaius-2.0.1.RELEASE.jar;E:\1704A\repository\commons-configuration\commons-configuration\1.8\commons-configuration-1.8.jar;E:\1704A\repository\commons-lang\commons-lang\2.6\commons-lang-2.6.jar;E:\1704A\repository\org\springframework\cloud\spring-cloud-starter-netflix-ribbon\2.0.1.RELEASE\spring-cloud-starter-netflix-ribbon-2.0.1.RELEASE.jar;E:\1704A\repository\com\netflix\ribbon\ribbon\2.2.5\ribbon-2.2.5.jar;E:\1704A\repository\com\netflix\ribbon\ribbon-transport\2.2.5\ribbon-transport-2.2.5.jar;E:\1704A\repository\io\reactivex\rxnetty-contexts\0.4.9\rxnetty-contexts-0.4.9.jar;E:\1704A\repository\io\reactivex\rxnetty-servo\0.4.9\rxnetty-servo-0.4.9.jar;E:\1704A\repository\io\reactivex\rxnetty\0.4.9\rxnetty-0.4.9.jar;E:\1704A\repository\io\netty\netty-codec-http\4.1.23.Final\netty-codec-http-4.1.23.Final.jar;E:\1704A\repository\io\netty\netty-codec\4.1.23.Final\netty-codec-4.1.23.Final.jar;E:\1704A\repository\io\netty\netty-transport-native-epoll\4.1.23.Final\netty-transport-native-epoll-4.1.23.Final.jar;E:\1704A\repository\io\netty\netty-common\4.1.23.Final\netty-common-4.1.23.Final.jar;E:\1704A\repository\io\netty\netty-buffer\4.1.23.Final\netty-buffer-4.1.23.Final.jar;E:\1704A\repository\io\netty\netty-transport-native-unix-common\4.1.23.Final\netty-transport-native-unix-common-4.1.23.Final.jar;E:\1704A\repository\io\netty\netty-transport\4.1.23.Final\netty-transport-4.1.23.Final.jar;E:\1704A\repository\io\netty\netty-resolver\4.1.23.Final\netty-resolver-4.1.23.Final.jar;E:\1704A\repository\com\netflix\ribbon\ribbon-core\2.2.5\ribbon-core-2.2.5.jar;E:\1704A\repository\com\netflix\ribbon\ribbon-httpclient\2.2.5\ribbon-httpclient-2.2.5.jar;E:\1704A\repository\commons-collections\commons-collections\3.2.2\commons-collections-3.2.2.jar;E:\1704A\repository\com\netflix\netflix-commons\netflix-commons-util\0.3.0\netflix-commons-util-0.3.0.jar;E:\1704A\repository\com\netflix\ribbon\ribbon-loadbalancer\2.2.5\ribbon-loadbalancer-2.2.5.jar;E:\1704A\repository\com\netflix\netflix-commons\netflix-statistics\0.1.1\netflix-statistics-0.1.1.jar;E:\1704A\repository\io\reactivex\rxjava\1.3.8\rxjava-1.3.8.jar;E:\1704A\repository\com\netflix\ribbon\ribbon-eureka\2.2.5\ribbon-eureka-2.2.5.jar;E:\1704A\repository\com\thoughtworks\xstream\xstream\1.4.10\xstream-1.4.10.jar;E:\1704A\repository\xmlpull\xmlpull\1.1.3.1\xmlpull-1.1.3.1.jar;E:\1704A\repository\xpp3\xpp3_min\1.1.4c\xpp3_min-1.1.4c.jar;E:\1704A\repository\org\springframework\cloud\spring-cloud-starter-openfeign\2.0.1.RELEASE\spring-cloud-starter-openfeign-2.0.1.RELEASE.jar;E:\1704A\repository\org\springframework\cloud\spring-cloud-openfeign-core\2.0.1.RELEASE\spring-cloud-openfeign-core-2.0.1.RELEASE.jar;E:\1704A\repository\org\springframework\cloud\spring-cloud-commons\2.0.1.RELEASE\spring-cloud-commons-2.0.1.RELEASE.jar;E:\1704A\repository\io\github\openfeign\feign-core\9.5.1\feign-core-9.5.1.jar;E:\1704A\repository\io\github\openfeign\feign-slf4j\9.5.1\feign-slf4j-9.5.1.jar;E:\1704A\repository\io\github\openfeign\feign-hystrix\9.5.1\feign-hystrix-9.5.1.jar;E:\1704A\repository\com\netflix\hystrix\hystrix-core\1.5.12\hystrix-core-1.5.12.jar;E:\1704A\repository\org\hdrhistogram\HdrHistogram\2.1.9\HdrHistogram-2.1.9.jar;E:\1704A\repository\io\github\openfeign\feign-java8\9.5.1\feign-java8-9.5.1.jar;E:\1704A\repository\com\netflix\feign\feign-okhttp\8.18.0\feign-okhttp-8.18.0.jar;E:\1704A\repository\com\netflix\feign\feign-core\8.18.0\feign-core-8.18.0.jar;E:\1704A\repository\org\jvnet\animal-sniffer-annotation\1.0\animal-sniffer-annotation-1.0.jar;, java.vm.vendor=Oracle Corporation, sun.arch.data.model=64, user.variant=, java.vendor.url=http://java.oracle.com/, user.timezone=Asia/Shanghai, os.name=Windows 10, java.vm.specification.version=1.8, javax.persistence.validation.mode=AUTO, sun.java.launcher=SUN_STANDARD, user.country=CN, sun.boot.library.path=C:\Program Files\Java\jdk1.8.0_91\jre\bin, sun.java.command=C:\Users\wangb\AppData\Local\Temp\surefire8359040626052298865\surefirebooter7147715406186341325.jar C:\Users\wangb\AppData\Local\Temp\surefire8359040626052298865 2020-03-09T20-44-46_260-jvmRun1 surefire1835119734498572997tmp surefire_16448304995619269847tmp, hibernate.transaction.jta.platform=org.hibernate.engine.transaction.jta.platform.internal.NoJtaPlatform@426710f0, javax.persistence.sharedCache.mode=UNSPECIFIED, surefire.test.class.path=E:\1704A\hdServiceCode\nm-service-manage-course\target\test-classes;E:\1704A\hdServiceCode\nm-service-manage-course\target\classes;E:\1704A\repository\com\github\pagehelper\pagehelper-spring-boot-starter\1.2.4\pagehelper-spring-boot-starter-1.2.4.jar;E:\1704A\repository\org\springframework\boot\spring-boot-starter\2.0.1.RELEASE\spring-boot-starter-2.0.1.RELEASE.jar;E:\1704A\repository\org\springframework\boot\spring-boot\2.0.1.RELEASE\spring-boot-2.0.1.RELEASE.jar;E:\1704A\repository\javax\annotation\javax.annotation-api\1.3.2\javax.annotation-api-1.3.2.jar;E:\1704A\repository\org\yaml\snakeyaml\1.19\snakeyaml-1.19.jar;E:\1704A\repository\com\github\pagehelper\pagehelper-spring-boot-autoconfigure\1.2.4\pagehelper-spring-boot-autoconfigure-1.2.4.jar;E:\1704A\repository\com\github\pagehelper\pagehelper\5.1.3\pagehelper-5.1.3.jar;E:\1704A\repository\com\github\jsqlparser\jsqlparser\1.0\jsqlparser-1.0.jar;E:\1704A\hdServiceCode\nm-service-api\target\nm-service-api.jar;E:\1704A\repository\commons-fileupload\commons-fileupload\1.3.3\commons-fileupload-1.3.3.jar;E:\1704A\repository\io\springfox\springfox-swagger2\2.7.0\springfox-swagger2-2.7.0.jar;E:\1704A\repository\io\swagger\swagger-annotations\1.5.13\swagger-annotations-1.5.13.jar;E:\1704A\repository\io\swagger\swagger-models\1.5.13\swagger-models-1.5.13.jar;E:\1704A\repository\io\springfox\springfox-spi\2.7.0\springfox-spi-2.7.0.jar;E:\1704A\repository\io\springfox\springfox-core\2.7.0\springfox-core-2.7.0.jar;E:\1704A\repository\io\springfox\springfox-schema\2.7.0\springfox-schema-2.7.0.jar;E:\1704A\repository\io\springfox\springfox-swagger-common\2.7.0\springfox-swagger-common-2.7.0.jar;E:\1704A\repository\io\springfox\springfox-spring-web\2.7.0\springfox-spring-web-2.7.0.jar;E:\1704A\repository\org\reflections\reflections\0.9.11\reflections-0.9.11.jar;E:\1704A\repository\com\fasterxml\classmate\1.3.4\classmate-1.3.4.jar;E:\1704A\repository\org\springframework\plugin\spring-plugin-core\1.2.0.RELEASE\spring-plugin-core-1.2.0.RELEASE.jar;E:\1704A\repository\org\springframework\plugin\spring-plugin-metadata\1.2.0.RELEASE\spring-plugin-metadata-1.2.0.RELEASE.jar;E:\1704A\repository\org\mapstruct\mapstruct\1.1.0.Final\mapstruct-1.1.0.Final.jar;E:\1704A\repository\io\springfox\springfox-swagger-ui\2.7.0\springfox-swagger-ui-2.7.0.jar;E:\1704A\hdServiceCode\nm-framework-model\target\nm-framework-model.jar;E:\1704A\repository\org\projectlombok\lombok\1.16.16\lombok-1.16.16.jar;E:\1704A\repository\org\springframework\data\spring-data-commons\2.0.6.RELEASE\spring-data-commons-2.0.6.RELEASE.jar;E:\1704A\repository\org\springframework\data\spring-data-mongodb\2.0.6.RELEASE\spring-data-mongodb-2.0.6.RELEASE.jar;E:\1704A\repository\org\springframework\spring-context\5.0.5.RELEASE\spring-context-5.0.5.RELEASE.jar;E:\1704A\repository\org\springframework\spring-expression\5.0.5.RELEASE\spring-expression-5.0.5.RELEASE.jar;E:\1704A\repository\org\mongodb\mongo-java-driver\3.6.3\mongo-java-driver-3.6.3.jar;E:\1704A\repository\org\hibernate\hibernate-core\5.2.16.Final\hibernate-core-5.2.16.Final.jar;E:\1704A\repository\org\jboss\logging\jboss-logging\3.3.2.Final\jboss-logging-3.3.2.Final.jar;E:\1704A\repository\org\hibernate\javax\persistence\hibernate-jpa-2.1-api\1.0.0.Final\hibernate-jpa-2.1-api-1.0.0.Final.jar;E:\1704A\repository\org\javassist\javassist\3.22.0-GA\javassist-3.22.0-GA.jar;E:\1704A\repository\antlr\antlr\2.7.7\antlr-2.7.7.jar;E:\1704A\repository\org\jboss\spec\javax\transaction\jboss-transaction-api_1.2_spec\1.0.1.Final\jboss-transaction-api_1.2_spec-1.0.1.Final.jar;E:\1704A\repository\org\jboss\jandex\2.0.3.Final\jandex-2.0.3.Final.jar;E:\1704A\repository\dom4j\dom4j\1.6.1\dom4j-1.6.1.jar;E:\1704A\repository\org\hibernate\common\hibernate-commons-annotations\5.0.1.Final\hibernate-commons-annotations-5.0.1.Final.jar;E:\1704A\repository\com\google\guava\guava\24.0-jre\guava-24.0-jre.jar;E:\1704A\repository\com\google\code\findbugs\jsr305\1.3.9\jsr305-1.3.9.jar;E:\1704A\repository\org\checkerframework\checker-compat-qual\2.0.0\checker-compat-qual-2.0.0.jar;E:\1704A\repository\com\google\errorprone\error_prone_annotations\2.1.3\error_prone_annotations-2.1.3.jar;E:\1704A\repository\com\google\j2objc\j2objc-annotations\1.1\j2objc-annotations-1.1.jar;E:\1704A\repository\org\codehaus\mojo\animal-sniffer-annotations\1.14\animal-sniffer-annotations-1.14.jar;E:\1704A\hdServiceCode\nm-framework-utils\target\nm-framework-utils.jar;E:\1704A\repository\javax\servlet\javax.servlet-api\3.1.0\javax.servlet-api-3.1.0.jar;E:\1704A\repository\org\springframework\boot\spring-boot-starter-logging\2.0.1.RELEASE\spring-boot-starter-logging-2.0.1.RELEASE.jar;E:\1704A\repository\ch\qos\logback\logback-classic\1.2.3\logback-classic-1.2.3.jar;E:\1704A\repository\ch\qos\logback\logback-core\1.2.3\logback-core-1.2.3.jar;E:\1704A\repository\org\apache\logging\log4j\log4j-to-slf4j\2.10.0\log4j-to-slf4j-2.10.0.jar;E:\1704A\repository\org\apache\logging\log4j\log4j-api\2.10.0\log4j-api-2.10.0.jar;E:\1704A\repository\org\slf4j\jul-to-slf4j\1.7.25\jul-to-slf4j-1.7.25.jar;E:\1704A\repository\org\apache\httpcomponents\httpclient\4.5.5\httpclient-4.5.5.jar;E:\1704A\repository\org\apache\httpcomponents\httpcore\4.4.9\httpcore-4.4.9.jar;E:\1704A\repository\commons-codec\commons-codec\1.10\commons-codec-1.10.jar;E:\1704A\repository\net\lingala\zip4j\zip4j\1.3.1\zip4j-1.3.1.jar;E:\1704A\repository\org\springframework\security\spring-security-crypto\5.0.4.RELEASE\spring-security-crypto-5.0.4.RELEASE.jar;E:\1704A\repository\org\springframework\security\spring-security-jwt\1.0.8.RELEASE\spring-security-jwt-1.0.8.RELEASE.jar;E:\1704A\repository\org\bouncycastle\bcpkix-jdk15on\1.56\bcpkix-jdk15on-1.56.jar;E:\1704A\repository\org\bouncycastle\bcprov-jdk15on\1.56\bcprov-jdk15on-1.56.jar;E:\1704A\hdServiceCode\nm-framework-common\target\nm-framework-common.jar;E:\1704A\repository\org\springframework\spring-web\5.0.5.RELEASE\spring-web-5.0.5.RELEASE.jar;E:\1704A\repository\org\springframework\boot\spring-boot-starter-web\2.0.1.RELEASE\spring-boot-starter-web-2.0.1.RELEASE.jar;E:\1704A\repository\org\springframework\boot\spring-boot-starter-json\2.0.1.RELEASE\spring-boot-starter-json-2.0.1.RELEASE.jar;E:\1704A\repository\com\fasterxml\jackson\core\jackson-databind\2.9.5\jackson-databind-2.9.5.jar;E:\1704A\repository\com\fasterxml\jackson\datatype\jackson-datatype-jdk8\2.9.5\jackson-datatype-jdk8-2.9.5.jar;E:\1704A\repository\com\fasterxml\jackson\datatype\jackson-datatype-jsr310\2.9.5\jackson-datatype-jsr310-2.9.5.jar;E:\1704A\repository\com\fasterxml\jackson\module\jackson-module-parameter-names\2.9.5\jackson-module-parameter-names-2.9.5.jar;E:\1704A\repository\org\springframework\boot\spring-boot-starter-tomcat\2.0.1.RELEASE\spring-boot-starter-tomcat-2.0.1.RELEASE.jar;E:\1704A\repository\org\apache\tomcat\embed\tomcat-embed-core\8.5.28\tomcat-embed-core-8.5.28.jar;E:\1704A\repository\org\apache\tomcat\embed\tomcat-embed-el\8.5.28\tomcat-embed-el-8.5.28.jar;E:\1704A\repository\org\apache\tomcat\embed\tomcat-embed-websocket\8.5.28\tomcat-embed-websocket-8.5.28.jar;E:\1704A\repository\org\hibernate\validator\hibernate-validator\6.0.9.Final\hibernate-validator-6.0.9.Final.jar;E:\1704A\repository\javax\validation\validation-api\2.0.1.Final\validation-api-2.0.1.Final.jar;E:\1704A\repository\org\springframework\spring-webmvc\5.0.5.RELEASE\spring-webmvc-5.0.5.RELEASE.jar;E:\1704A\repository\org\springframework\spring-aop\5.0.5.RELEASE\spring-aop-5.0.5.RELEASE.jar;E:\1704A\repository\mysql\mysql-connector-java\5.1.40\mysql-connector-java-5.1.40.jar;E:\1704A\repository\com\alibaba\druid-spring-boot-starter\1.1.10\druid-spring-boot-starter-1.1.10.jar;E:\1704A\repository\com\alibaba\druid\1.1.6\druid-1.1.6.jar;E:\1704A\repository\org\slf4j\slf4j-api\1.7.25\slf4j-api-1.7.25.jar;E:\1704A\repository\org\springframework\boot\spring-boot-autoconfigure\2.0.1.RELEASE\spring-boot-autoconfigure-2.0.1.RELEASE.jar;E:\1704A\repository\org\mybatis\spring\boot\mybatis-spring-boot-starter\1.3.1\mybatis-spring-boot-starter-1.3.1.jar;E:\1704A\repository\org\springframework\boot\spring-boot-starter-jdbc\2.0.1.RELEASE\spring-boot-starter-jdbc-2.0.1.RELEASE.jar;E:\1704A\repository\com\zaxxer\HikariCP\2.7.8\HikariCP-2.7.8.jar;E:\1704A\repository\org\mybatis\spring\boot\mybatis-spring-boot-autoconfigure\1.3.1\mybatis-spring-boot-autoconfigure-1.3.1.jar;E:\1704A\repository\org\mybatis\mybatis\3.4.5\mybatis-3.4.5.jar;E:\1704A\repository\org\mybatis\mybatis-spring\1.3.1\mybatis-spring-1.3.1.jar;E:\1704A\repository\org\springframework\spring-orm\5.0.5.RELEASE\spring-orm-5.0.5.RELEASE.jar;E:\1704A\repository\org\springframework\spring-beans\5.0.5.RELEASE\spring-beans-5.0.5.RELEASE.jar;E:\1704A\repository\org\springframework\spring-core\5.0.5.RELEASE\spring-core-5.0.5.RELEASE.jar;E:\1704A\repository\org\springframework\spring-jcl\5.0.5.RELEASE\spring-jcl-5.0.5.RELEASE.jar;E:\1704A\repository\org\springframework\spring-jdbc\5.0.5.RELEASE\spring-jdbc-5.0.5.RELEASE.jar;E:\1704A\repository\org\springframework\spring-tx\5.0.5.RELEASE\spring-tx-5.0.5.RELEASE.jar;E:\1704A\repository\org\springframework\boot\spring-boot-starter-data-jpa\2.0.1.RELEASE\spring-boot-starter-data-jpa-2.0.1.RELEASE.jar;E:\1704A\repository\org\springframework\boot\spring-boot-starter-aop\2.0.1.RELEASE\spring-boot-starter-aop-2.0.1.RELEASE.jar;E:\1704A\repository\org\aspectj\aspectjweaver\1.8.13\aspectjweaver-1.8.13.jar;E:\1704A\repository\javax\transaction\javax.transaction-api\1.2\javax.transaction-api-1.2.jar;E:\1704A\repository\org\springframework\data\spring-data-jpa\2.0.6.RELEASE\spring-data-jpa-2.0.6.RELEASE.jar;E:\1704A\repository\org\springframework\spring-aspects\5.0.5.RELEASE\spring-aspects-5.0.5.RELEASE.jar;E:\1704A\repository\com\squareup\okhttp3\okhttp\3.9.1\okhttp-3.9.1.jar;E:\1704A\repository\com\squareup\okio\okio\1.13.0\okio-1.13.0.jar;E:\1704A\repository\com\alibaba\fastjson\1.2.30\fastjson-1.2.30.jar;E:\1704A\repository\commons-io\commons-io\2.6\commons-io-2.6.jar;E:\1704A\repository\org\apache\commons\commons-lang3\3.6\commons-lang3-3.6.jar;E:\1704A\repository\org\springframework\boot\spring-boot-starter-test\2.0.1.RELEASE\spring-boot-starter-test-2.0.1.RELEASE.jar;E:\1704A\repository\org\springframework\boot\spring-boot-test\2.0.1.RELEASE\spring-boot-test-2.0.1.RELEASE.jar;E:\1704A\repository\org\springframework\boot\spring-boot-test-autoconfigure\2.0.1.RELEASE\spring-boot-test-autoconfigure-2.0.1.RELEASE.jar;E:\1704A\repository\com\jayway\jsonpath\json-path\2.4.0\json-path-2.4.0.jar;E:\1704A\repository\net\minidev\json-smart\2.3\json-smart-2.3.jar;E:\1704A\repository\net\minidev\accessors-smart\1.2\accessors-smart-1.2.jar;E:\1704A\repository\org\ow2\asm\asm\5.0.4\asm-5.0.4.jar;E:\1704A\repository\junit\junit\4.12\junit-4.12.jar;E:\1704A\repository\org\assertj\assertj-core\3.9.1\assertj-core-3.9.1.jar;E:\1704A\repository\org\mockito\mockito-core\2.15.0\mockito-core-2.15.0.jar;E:\1704A\repository\net\bytebuddy\byte-buddy\1.7.11\byte-buddy-1.7.11.jar;E:\1704A\repository\net\bytebuddy\byte-buddy-agent\1.7.11\byte-buddy-agent-1.7.11.jar;E:\1704A\repository\org\objenesis\objenesis\2.6\objenesis-2.6.jar;E:\1704A\repository\org\hamcrest\hamcrest-core\1.3\hamcrest-core-1.3.jar;E:\1704A\repository\org\hamcrest\hamcrest-library\1.3\hamcrest-library-1.3.jar;E:\1704A\repository\org\skyscreamer\jsonassert\1.5.0\jsonassert-1.5.0.jar;E:\1704A\repository\com\vaadin\external\google\android-json\0.0.20131108.vaadin1\android-json-0.0.20131108.vaadin1.jar;E:\1704A\repository\org\springframework\spring-test\5.0.5.RELEASE\spring-test-5.0.5.RELEASE.jar;E:\1704A\repository\org\xmlunit\xmlunit-core\2.5.1\xmlunit-core-2.5.1.jar;E:\1704A\repository\org\springframework\cloud\spring-cloud-starter-netflix-eureka-client\2.0.1.RELEASE\spring-cloud-starter-netflix-eureka-client-2.0.1.RELEASE.jar;E:\1704A\repository\org\springframework\cloud\spring-cloud-starter\2.0.1.RELEASE\spring-cloud-starter-2.0.1.RELEASE.jar;E:\1704A\repository\org\springframework\cloud\spring-cloud-context\2.0.1.RELEASE\spring-cloud-context-2.0.1.RELEASE.jar;E:\1704A\repository\org\springframework\security\spring-security-rsa\1.0.5.RELEASE\spring-security-rsa-1.0.5.RELEASE.jar;E:\1704A\repository\org\springframework\cloud\spring-cloud-netflix-core\2.0.1.RELEASE\spring-cloud-netflix-core-2.0.1.RELEASE.jar;E:\1704A\repository\org\springframework\cloud\spring-cloud-netflix-eureka-client\2.0.1.RELEASE\spring-cloud-netflix-eureka-client-2.0.1.RELEASE.jar;E:\1704A\repository\com\netflix\eureka\eureka-client\1.9.3\eureka-client-1.9.3.jar;E:\1704A\repository\org\codehaus\jettison\jettison\1.3.7\jettison-1.3.7.jar;E:\1704A\repository\stax\stax-api\1.0.1\stax-api-1.0.1.jar;E:\1704A\repository\com\netflix\netflix-commons\netflix-eventbus\0.3.0\netflix-eventbus-0.3.0.jar;E:\1704A\repository\com\netflix\netflix-commons\netflix-infix\0.3.0\netflix-infix-0.3.0.jar;E:\1704A\repository\commons-jxpath\commons-jxpath\1.3\commons-jxpath-1.3.jar;E:\1704A\repository\joda-time\joda-time\2.9.9\joda-time-2.9.9.jar;E:\1704A\repository\org\antlr\antlr-runtime\3.4\antlr-runtime-3.4.jar;E:\1704A\repository\org\antlr\stringtemplate\3.2.1\stringtemplate-3.2.1.jar;E:\1704A\repository\com\google\code\gson\gson\2.8.2\gson-2.8.2.jar;E:\1704A\repository\org\apache\commons\commons-math\2.2\commons-math-2.2.jar;E:\1704A\repository\com\netflix\archaius\archaius-core\0.7.6\archaius-core-0.7.6.jar;E:\1704A\repository\javax\ws\rs\jsr311-api\1.1.1\jsr311-api-1.1.1.jar;E:\1704A\repository\com\netflix\servo\servo-core\0.12.21\servo-core-0.12.21.jar;E:\1704A\repository\com\sun\jersey\jersey-core\1.19.1\jersey-core-1.19.1.jar;E:\1704A\repository\com\sun\jersey\jersey-client\1.19.1\jersey-client-1.19.1.jar;E:\1704A\repository\com\sun\jersey\contribs\jersey-apache-client4\1.19.1\jersey-apache-client4-1.19.1.jar;E:\1704A\repository\com\google\inject\guice\4.1.0\guice-4.1.0.jar;E:\1704A\repository\javax\inject\javax.inject\1\javax.inject-1.jar;E:\1704A\repository\aopalliance\aopalliance\1.0\aopalliance-1.0.jar;E:\1704A\repository\com\github\vlsi\compactmap\compactmap\1.2.1\compactmap-1.2.1.jar;E:\1704A\repository\com\github\andrewoma\dexx\dexx-collections\0.2\dexx-collections-0.2.jar;E:\1704A\repository\com\fasterxml\jackson\core\jackson-annotations\2.9.0\jackson-annotations-2.9.0.jar;E:\1704A\repository\com\fasterxml\jackson\core\jackson-core\2.9.5\jackson-core-2.9.5.jar;E:\1704A\repository\com\netflix\eureka\eureka-core\1.9.3\eureka-core-1.9.3.jar;E:\1704A\repository\org\codehaus\woodstox\woodstox-core-asl\4.4.1\woodstox-core-asl-4.4.1.jar;E:\1704A\repository\javax\xml\stream\stax-api\1.0-2\stax-api-1.0-2.jar;E:\1704A\repository\org\codehaus\woodstox\stax2-api\3.1.4\stax2-api-3.1.4.jar;E:\1704A\repository\org\springframework\cloud\spring-cloud-starter-netflix-archaius\2.0.1.RELEASE\spring-cloud-starter-netflix-archaius-2.0.1.RELEASE.jar;E:\1704A\repository\org\springframework\cloud\spring-cloud-netflix-ribbon\2.0.1.RELEASE\spring-cloud-netflix-ribbon-2.0.1.RELEASE.jar;E:\1704A\repository\org\springframework\cloud\spring-cloud-netflix-archaius\2.0.1.RELEASE\spring-cloud-netflix-archaius-2.0.1.RELEASE.jar;E:\1704A\repository\commons-configuration\commons-configuration\1.8\commons-configuration-1.8.jar;E:\1704A\repository\commons-lang\commons-lang\2.6\commons-lang-2.6.jar;E:\1704A\repository\org\springframework\cloud\spring-cloud-starter-netflix-ribbon\2.0.1.RELEASE\spring-cloud-starter-netflix-ribbon-2.0.1.RELEASE.jar;E:\1704A\repository\com\netflix\ribbon\ribbon\2.2.5\ribbon-2.2.5.jar;E:\1704A\repository\com\netflix\ribbon\ribbon-transport\2.2.5\ribbon-transport-2.2.5.jar;E:\1704A\repository\io\reactivex\rxnetty-contexts\0.4.9\rxnetty-contexts-0.4.9.jar;E:\1704A\repository\io\reactivex\rxnetty-servo\0.4.9\rxnetty-servo-0.4.9.jar;E:\1704A\repository\io\reactivex\rxnetty\0.4.9\rxnetty-0.4.9.jar;E:\1704A\repository\io\netty\netty-codec-http\4.1.23.Final\netty-codec-http-4.1.23.Final.jar;E:\1704A\repository\io\netty\netty-codec\4.1.23.Final\netty-codec-4.1.23.Final.jar;E:\1704A\repository\io\netty\netty-transport-native-epoll\4.1.23.Final\netty-transport-native-epoll-4.1.23.Final.jar;E:\1704A\repository\io\netty\netty-common\4.1.23.Final\netty-common-4.1.23.Final.jar;E:\1704A\repository\io\netty\netty-buffer\4.1.23.Final\netty-buffer-4.1.23.Final.jar;E:\1704A\repository\io\netty\netty-transport-native-unix-common\4.1.23.Final\netty-transport-native-unix-common-4.1.23.Final.jar;E:\1704A\repository\io\netty\netty-transport\4.1.23.Final\netty-transport-4.1.23.Final.jar;E:\1704A\repository\io\netty\netty-resolver\4.1.23.Final\netty-resolver-4.1.23.Final.jar;E:\1704A\repository\com\netflix\ribbon\ribbon-core\2.2.5\ribbon-core-2.2.5.jar;E:\1704A\repository\com\netflix\ribbon\ribbon-httpclient\2.2.5\ribbon-httpclient-2.2.5.jar;E:\1704A\repository\commons-collections\commons-collections\3.2.2\commons-collections-3.2.2.jar;E:\1704A\repository\com\netflix\netflix-commons\netflix-commons-util\0.3.0\netflix-commons-util-0.3.0.jar;E:\1704A\repository\com\netflix\ribbon\ribbon-loadbalancer\2.2.5\ribbon-loadbalancer-2.2.5.jar;E:\1704A\repository\com\netflix\netflix-commons\netflix-statistics\0.1.1\netflix-statistics-0.1.1.jar;E:\1704A\repository\io\reactivex\rxjava\1.3.8\rxjava-1.3.8.jar;E:\1704A\repository\com\netflix\ribbon\ribbon-eureka\2.2.5\ribbon-eureka-2.2.5.jar;E:\1704A\repository\com\thoughtworks\xstream\xstream\1.4.10\xstream-1.4.10.jar;E:\1704A\repository\xmlpull\xmlpull\1.1.3.1\xmlpull-1.1.3.1.jar;E:\1704A\repository\xpp3\xpp3_min\1.1.4c\xpp3_min-1.1.4c.jar;E:\1704A\repository\org\springframework\cloud\spring-cloud-starter-openfeign\2.0.1.RELEASE\spring-cloud-starter-openfeign-2.0.1.RELEASE.jar;E:\1704A\repository\org\springframework\cloud\spring-cloud-openfeign-core\2.0.1.RELEASE\spring-cloud-openfeign-core-2.0.1.RELEASE.jar;E:\1704A\repository\org\springframework\cloud\spring-cloud-commons\2.0.1.RELEASE\spring-cloud-commons-2.0.1.RELEASE.jar;E:\1704A\repository\io\github\openfeign\feign-core\9.5.1\feign-core-9.5.1.jar;E:\1704A\repository\io\github\openfeign\feign-slf4j\9.5.1\feign-slf4j-9.5.1.jar;E:\1704A\repository\io\github\openfeign\feign-hystrix\9.5.1\feign-hystrix-9.5.1.jar;E:\1704A\repository\com\netflix\hystrix\hystrix-core\1.5.12\hystrix-core-1.5.12.jar;E:\1704A\repository\org\hdrhistogram\HdrHistogram\2.1.9\HdrHistogram-2.1.9.jar;E:\1704A\repository\io\github\openfeign\feign-java8\9.5.1\feign-java8-9.5.1.jar;E:\1704A\repository\com\netflix\feign\feign-okhttp\8.18.0\feign-okhttp-8.18.0.jar;E:\1704A\repository\com\netflix\feign\feign-core\8.18.0\feign-core-8.18.0.jar;E:\1704A\repository\org\jvnet\animal-sniffer-annotation\1.0\animal-sniffer-annotation-1.0.jar;, sun.cpu.endian=little, user.home=C:\Users\wangb, user.language=zh, java.specification.vendor=Oracle Corporation, java.home=C:\Program Files\Java\jdk1.8.0_91\jre, file.separator=\, basedir=E:\1704A\hdServiceCode\nm-service-manage-course, line.separator=
, java.vm.specification.vendor=Oracle Corporation, java.specification.name=Java Platform API Specification, hibernate.transaction.coordinator_class=class org.hibernate.resource.transaction.backend.jdbc.internal.JdbcResourceLocalTransactionCoordinatorBuilderImpl, java.awt.graphicsenv=sun.awt.Win32GraphicsEnvironment, java.awt.headless=true, surefire.real.class.path=C:\Users\wangb\AppData\Local\Temp\surefire8359040626052298865\surefirebooter7147715406186341325.jar, sun.boot.class.path=C:\Program Files\Java\jdk1.8.0_91\jre\lib\resources.jar;C:\Program Files\Java\jdk1.8.0_91\jre\lib\rt.jar;C:\Program Files\Java\jdk1.8.0_91\jre\lib\sunrsasign.jar;C:\Program Files\Java\jdk1.8.0_91\jre\lib\jsse.jar;C:\Program Files\Java\jdk1.8.0_91\jre\lib\jce.jar;C:\Program Files\Java\jdk1.8.0_91\jre\lib\charsets.jar;C:\Program Files\Java\jdk1.8.0_91\jre\lib\jfr.jar;C:\Program Files\Java\jdk1.8.0_91\jre\classes, user.script=, sun.management.compiler=HotSpot 64-Bit Tiered Compilers, java.runtime.version=1.8.0_91-b14, user.name=wangb, path.separator=;, os.version=10.0, java.endorsed.dirs=C:\Program Files\Java\jdk1.8.0_91\jre\lib\endorsed, java.runtime.name=Java(TM) SE Runtime Environment, hibernate.ejb.persistenceUnitName=default, file.encoding=GBK, spring.beaninfo.ignore=true, java.vm.name=Java HotSpot(TM) 64-Bit Server VM, localRepository=E:\1704A\repository, java.vendor.url.bug=http://bugreport.sun.com/bugreport/, java.io.tmpdir=C:\Users\wangb\AppData\Local\Temp\, idea.version=2017.1.2, java.version=1.8.0_91, hibernate.physical_naming_strategy=org.springframework.boot.orm.jpa.hibernate.SpringPhysicalNamingStrategy, user.dir=E:\1704A\hdServiceCode\nm-service-manage-course, os.arch=amd64, PID=27140, java.vm.specification.name=Java Virtual Machine Specification, java.awt.printerjob=sun.awt.windows.WPrinterJob, sun.os.patch.level=, hibernate.boot.CfgXmlAccessService.key=org.hibernate.boot.cfgxml.spi.LoadedConfig@5c5a91b4, java.library.path=C:\Program Files\Java\jdk1.8.0_91\jre\bin;C:\WINDOWS\Sun\Java\bin;C:\WINDOWS\system32;C:\WINDOWS;E:\app\wangb\product\11.2.0\dbhome_1\bin;E:\maven\apache-maven-3.6.1\bin;C:\Program Files\Java\jdk1.8.0_91\bin;C:\Program Files (x86)\Intel\iCLS Client\;C:\Program Files\Intel\iCLS Client\;C:\Windows\system32;C:\Windows;C:\Windows\System32\Wbem;C:\Windows\System32\WindowsPowerShell\v1.0\;C:\Program Files (x86)\NVIDIA Corporation\PhysX\Common;C:\Program Files (x86)\Intel\Intel(R) Management Engine Components\DAL;C:\Program Files\Intel\Intel(R) Management Engine Components\DAL;C:\Program Files (x86)\Intel\Intel(R) Management Engine Components\IPT;C:\Program Files\Intel\Intel(R) Management Engine Components\IPT;C:\WINDOWS\system32;C:\WINDOWS;C:\WINDOWS\System32\Wbem;C:\WINDOWS\System32\WindowsPowerShell\v1.0\;C:\WINDOWS\System32\OpenSSH\;C:\Program Files\MySQL\MySQL Server 5.5\bin;E:\nodejs\;E:\Git\cmd;E:\Mp4\ffmpeg-20180227-fa0c9d6-win64-static\bin;C:\Users\wangb\AppData\Local\Microsoft\WindowsApps;C:\Users\wangb\AppData\Roaming\npm;E:\Microsoft VS Code\bin;., java.vendor=Oracle Corporation, java.vm.info=mixed mode, java.vm.version=25.91-b14, hibernate.bytecode.use_reflection_optimizer=false, hibernate.connection.datasource={
	CreateTime:"2020-03-09 20:45:24",
	ActiveCount:0,
	PoolingCount:5,
	CreateCount:5,
	DestroyCount:0,
	CloseCount:3,
	ConnectCount:3,
	Connections:[
		{ID:1593333077, ConnectTime:"2020-03-09 20:45:24", UseCount:0, LastActiveTime:"2020-03-09 20:45:24"},
		{ID:1540277886, ConnectTime:"2020-03-09 20:45:24", UseCount:0, LastActiveTime:"2020-03-09 20:45:24"},
		{ID:766488161, ConnectTime:"2020-03-09 20:45:24", UseCount:0, LastActiveTime:"2020-03-09 20:45:24"},
		{ID:2049953298, ConnectTime:"2020-03-09 20:45:24", UseCount:0, LastActiveTime:"2020-03-09 20:45:24"},
		{ID:1726054143, ConnectTime:"2020-03-09 20:45:24", UseCount:3, LastActiveTime:"2020-03-09 20:45:25"}
	]
}, sun.io.unicode.encoding=UnicodeLittle, java.ext.dirs=C:\Program Files\Java\jdk1.8.0_91\jre\lib\ext;C:\WINDOWS\Sun\Java\lib\ext, maven.repo.local=E:\1704A\repository, java.class.version=52.0}
2020-03-09 20:45:26.976 [main] DEBUG o.h.v.i.e.r.TraversableResolvers - Found javax.persistence.Persistence on classpath containing 'getPersistenceUtil'. Assuming JPA 2 environment. Trying to instantiate JPA aware TraversableResolver
2020-03-09 20:45:26.977 [main] DEBUG o.h.v.i.e.r.TraversableResolvers - Instantiated JPA aware TraversableResolver of type org.hibernate.validator.internal.engine.resolver.JPATraversableResolver.
2020-03-09 20:45:26.977 [main] DEBUG o.h.v.i.e.r.TraversableResolvers - Unable to load or instantiate JPA aware resolver org.hibernate.validator.internal.engine.resolver.JPATraversableResolver. All properties will per default be traversable.
2020-03-09 20:45:26.978 [main] DEBUG o.h.v.i.xml.ValidationXmlParser - Trying to load META-INF/validation.xml for XML based Validator configuration.
2020-03-09 20:45:26.978 [main] DEBUG o.h.v.i.xml.ResourceLoaderHelper - Trying to load META-INF/validation.xml via TCCL
2020-03-09 20:45:26.978 [main] DEBUG o.h.v.i.xml.ResourceLoaderHelper - Trying to load META-INF/validation.xml via Hibernate Validator's class loader
2020-03-09 20:45:26.979 [main] DEBUG o.h.v.i.xml.ValidationXmlParser - No META-INF/validation.xml found. Using annotation based configuration only.
2020-03-09 20:45:26.989 [main] DEBUG o.h.v.m.ResourceBundleMessageInterpolator - Loaded expression factory via original TCCL
2020-03-09 20:45:26.989 [main] DEBUG o.h.v.i.engine.ValidatorFactoryImpl - HV000234: Using org.hibernate.validator.messageinterpolation.ResourceBundleMessageInterpolator as ValidatorFactory-scoped message interpolator.
2020-03-09 20:45:26.989 [main] DEBUG o.h.v.i.engine.ValidatorFactoryImpl - HV000234: Using org.hibernate.validator.internal.engine.resolver.TraverseAllTraversableResolver as ValidatorFactory-scoped traversable resolver.
2020-03-09 20:45:26.989 [main] DEBUG o.h.v.i.engine.ValidatorFactoryImpl - HV000234: Using org.hibernate.validator.internal.util.ExecutableParameterNameProvider as ValidatorFactory-scoped parameter name provider.
2020-03-09 20:45:26.989 [main] DEBUG o.h.v.i.engine.ValidatorFactoryImpl - HV000234: Using org.hibernate.validator.internal.engine.DefaultClockProvider as ValidatorFactory-scoped clock provider.
2020-03-09 20:45:26.989 [main] DEBUG o.h.v.i.engine.ValidatorFactoryImpl - HV000234: Using org.hibernate.validator.internal.engine.scripting.DefaultScriptEvaluatorFactory as ValidatorFactory-scoped script evaluator factory.
2020-03-09 20:45:26.992 [main] DEBUG o.h.b.internal.ClassLoaderAccessImpl - Not known whether passed class name [com.ningmeng.framework.domain.course.CoursePre] is safe
2020-03-09 20:45:26.992 [main] DEBUG o.h.b.internal.ClassLoaderAccessImpl - No temp ClassLoader provided; using live ClassLoader for loading potentially unsafe class : com.ningmeng.framework.domain.course.CoursePre
2020-03-09 20:45:27.119 [main] DEBUG o.h.b.internal.ClassLoaderAccessImpl - Not known whether passed class name [com.ningmeng.framework.domain.course.Teachplan] is safe
2020-03-09 20:45:27.119 [main] DEBUG o.h.b.internal.ClassLoaderAccessImpl - No temp ClassLoader provided; using live ClassLoader for loading potentially unsafe class : com.ningmeng.framework.domain.course.Teachplan
2020-03-09 20:45:27.124 [main] DEBUG o.h.b.internal.ClassLoaderAccessImpl - Not known whether passed class name [com.ningmeng.framework.domain.course.Category] is safe
2020-03-09 20:45:27.125 [main] DEBUG o.h.b.internal.ClassLoaderAccessImpl - No temp ClassLoader provided; using live ClassLoader for loading potentially unsafe class : com.ningmeng.framework.domain.course.Category
2020-03-09 20:45:27.128 [main] DEBUG o.h.b.internal.ClassLoaderAccessImpl - Not known whether passed class name [com.ningmeng.framework.domain.course.CourseBase] is safe
2020-03-09 20:45:27.128 [main] DEBUG o.h.b.internal.ClassLoaderAccessImpl - No temp ClassLoader provided; using live ClassLoader for loading potentially unsafe class : com.ningmeng.framework.domain.course.CourseBase
2020-03-09 20:45:27.135 [main] DEBUG o.h.b.internal.ClassLoaderAccessImpl - Not known whether passed class name [com.ningmeng.framework.domain.course.TeachplanMedia] is safe
2020-03-09 20:45:27.135 [main] DEBUG o.h.b.internal.ClassLoaderAccessImpl - No temp ClassLoader provided; using live ClassLoader for loading potentially unsafe class : com.ningmeng.framework.domain.course.TeachplanMedia
2020-03-09 20:45:27.138 [main] DEBUG o.h.b.internal.ClassLoaderAccessImpl - Not known whether passed class name [com.ningmeng.framework.domain.course.CoursePic] is safe
2020-03-09 20:45:27.138 [main] DEBUG o.h.b.internal.ClassLoaderAccessImpl - No temp ClassLoader provided; using live ClassLoader for loading potentially unsafe class : com.ningmeng.framework.domain.course.CoursePic
2020-03-09 20:45:27.140 [main] DEBUG o.h.b.internal.ClassLoaderAccessImpl - Not known whether passed class name [com.ningmeng.framework.domain.course.TeachplanMediaPub] is safe
2020-03-09 20:45:27.141 [main] DEBUG o.h.b.internal.ClassLoaderAccessImpl - No temp ClassLoader provided; using live ClassLoader for loading potentially unsafe class : com.ningmeng.framework.domain.course.TeachplanMediaPub
2020-03-09 20:45:27.145 [main] DEBUG o.h.b.internal.ClassLoaderAccessImpl - Not known whether passed class name [com.ningmeng.framework.domain.course.CourseMarket] is safe
2020-03-09 20:45:27.146 [main] DEBUG o.h.b.internal.ClassLoaderAccessImpl - No temp ClassLoader provided; using live ClassLoader for loading potentially unsafe class : com.ningmeng.framework.domain.course.CourseMarket
2020-03-09 20:45:27.150 [main] DEBUG o.h.b.internal.ClassLoaderAccessImpl - Not known whether passed class name [com.ningmeng.framework.domain.course.CourseOff] is safe
2020-03-09 20:45:27.150 [main] DEBUG o.h.b.internal.ClassLoaderAccessImpl - No temp ClassLoader provided; using live ClassLoader for loading potentially unsafe class : com.ningmeng.framework.domain.course.CourseOff
2020-03-09 20:45:27.157 [main] DEBUG o.h.b.internal.ClassLoaderAccessImpl - Not known whether passed class name [com.ningmeng.framework.domain.course.CourseIndex] is safe
2020-03-09 20:45:27.157 [main] DEBUG o.h.b.internal.ClassLoaderAccessImpl - No temp ClassLoader provided; using live ClassLoader for loading potentially unsafe class : com.ningmeng.framework.domain.course.CourseIndex
2020-03-09 20:45:27.162 [main] DEBUG o.h.b.internal.ClassLoaderAccessImpl - Not known whether passed class name [com.ningmeng.framework.domain.course.CoursePub] is safe
2020-03-09 20:45:27.162 [main] DEBUG o.h.b.internal.ClassLoaderAccessImpl - No temp ClassLoader provided; using live ClassLoader for loading potentially unsafe class : com.ningmeng.framework.domain.course.CoursePub
2020-03-09 20:45:27.173 [main] DEBUG o.h.secure.spi.JaccIntegrator - Skipping JACC integration as it was not enabled
2020-03-09 20:45:27.177 [main] DEBUG o.hibernate.engine.spi.CascadeStyles - External cascade style registration [persist : STYLE_PERSIST_SKIPLAZY] overrode base registration [STYLE_PERSIST]
2020-03-09 20:45:27.205 [main] DEBUG o.h.internal.SessionFactoryImpl - Instantiated session factory
2020-03-09 20:45:27.276 [main] DEBUG o.h.b.internal.ClassLoaderAccessImpl - Not known whether passed class name [com.ningmeng.framework.domain.course.CoursePre] is safe
2020-03-09 20:45:27.277 [main] DEBUG o.h.b.internal.ClassLoaderAccessImpl - No temp ClassLoader provided; using live ClassLoader for loading potentially unsafe class : com.ningmeng.framework.domain.course.CoursePre
2020-03-09 20:45:27.318 [main] DEBUG o.h.b.internal.ClassLoaderAccessImpl - Not known whether passed class name [com.ningmeng.framework.domain.course.CoursePre] is safe
2020-03-09 20:45:27.318 [main] DEBUG o.h.b.internal.ClassLoaderAccessImpl - No temp ClassLoader provided; using live ClassLoader for loading potentially unsafe class : com.ningmeng.framework.domain.course.CoursePre
2020-03-09 20:45:27.373 [main] DEBUG o.h.b.internal.ClassLoaderAccessImpl - Not known whether passed class name [com.ningmeng.framework.domain.course.Teachplan] is safe
2020-03-09 20:45:27.373 [main] DEBUG o.h.b.internal.ClassLoaderAccessImpl - No temp ClassLoader provided; using live ClassLoader for loading potentially unsafe class : com.ningmeng.framework.domain.course.Teachplan
2020-03-09 20:45:27.373 [main] DEBUG o.h.b.internal.ClassLoaderAccessImpl - Not known whether passed class name [com.ningmeng.framework.domain.course.Teachplan] is safe
2020-03-09 20:45:27.373 [main] DEBUG o.h.b.internal.ClassLoaderAccessImpl - No temp ClassLoader provided; using live ClassLoader for loading potentially unsafe class : com.ningmeng.framework.domain.course.Teachplan
2020-03-09 20:45:27.379 [main] DEBUG o.h.b.internal.ClassLoaderAccessImpl - Not known whether passed class name [com.ningmeng.framework.domain.course.Category] is safe
2020-03-09 20:45:27.380 [main] DEBUG o.h.b.internal.ClassLoaderAccessImpl - No temp ClassLoader provided; using live ClassLoader for loading potentially unsafe class : com.ningmeng.framework.domain.course.Category
2020-03-09 20:45:27.380 [main] DEBUG o.h.b.internal.ClassLoaderAccessImpl - Not known whether passed class name [com.ningmeng.framework.domain.course.Category] is safe
2020-03-09 20:45:27.380 [main] DEBUG o.h.b.internal.ClassLoaderAccessImpl - No temp ClassLoader provided; using live ClassLoader for loading potentially unsafe class : com.ningmeng.framework.domain.course.Category
2020-03-09 20:45:27.385 [main] DEBUG o.h.b.internal.ClassLoaderAccessImpl - Not known whether passed class name [com.ningmeng.framework.domain.course.CourseBase] is safe
2020-03-09 20:45:27.385 [main] DEBUG o.h.b.internal.ClassLoaderAccessImpl - No temp ClassLoader provided; using live ClassLoader for loading potentially unsafe class : com.ningmeng.framework.domain.course.CourseBase
2020-03-09 20:45:27.385 [main] DEBUG o.h.b.internal.ClassLoaderAccessImpl - Not known whether passed class name [com.ningmeng.framework.domain.course.CourseBase] is safe
2020-03-09 20:45:27.385 [main] DEBUG o.h.b.internal.ClassLoaderAccessImpl - No temp ClassLoader provided; using live ClassLoader for loading potentially unsafe class : com.ningmeng.framework.domain.course.CourseBase
2020-03-09 20:45:27.392 [main] DEBUG o.h.b.internal.ClassLoaderAccessImpl - Not known whether passed class name [com.ningmeng.framework.domain.course.TeachplanMedia] is safe
2020-03-09 20:45:27.392 [main] DEBUG o.h.b.internal.ClassLoaderAccessImpl - No temp ClassLoader provided; using live ClassLoader for loading potentially unsafe class : com.ningmeng.framework.domain.course.TeachplanMedia
2020-03-09 20:45:27.392 [main] DEBUG o.h.b.internal.ClassLoaderAccessImpl - Not known whether passed class name [com.ningmeng.framework.domain.course.TeachplanMedia] is safe
2020-03-09 20:45:27.393 [main] DEBUG o.h.b.internal.ClassLoaderAccessImpl - No temp ClassLoader provided; using live ClassLoader for loading potentially unsafe class : com.ningmeng.framework.domain.course.TeachplanMedia
2020-03-09 20:45:27.396 [main] DEBUG o.h.b.internal.ClassLoaderAccessImpl - Not known whether passed class name [com.ningmeng.framework.domain.course.CoursePic] is safe
2020-03-09 20:45:27.396 [main] DEBUG o.h.b.internal.ClassLoaderAccessImpl - No temp ClassLoader provided; using live ClassLoader for loading potentially unsafe class : com.ningmeng.framework.domain.course.CoursePic
2020-03-09 20:45:27.397 [main] DEBUG o.h.b.internal.ClassLoaderAccessImpl - Not known whether passed class name [com.ningmeng.framework.domain.course.CoursePic] is safe
2020-03-09 20:45:27.397 [main] DEBUG o.h.b.internal.ClassLoaderAccessImpl - No temp ClassLoader provided; using live ClassLoader for loading potentially unsafe class : com.ningmeng.framework.domain.course.CoursePic
2020-03-09 20:45:27.400 [main] DEBUG o.h.b.internal.ClassLoaderAccessImpl - Not known whether passed class name [com.ningmeng.framework.domain.course.TeachplanMediaPub] is safe
2020-03-09 20:45:27.400 [main] DEBUG o.h.b.internal.ClassLoaderAccessImpl - No temp ClassLoader provided; using live ClassLoader for loading potentially unsafe class : com.ningmeng.framework.domain.course.TeachplanMediaPub
2020-03-09 20:45:27.400 [main] DEBUG o.h.b.internal.ClassLoaderAccessImpl - Not known whether passed class name [com.ningmeng.framework.domain.course.TeachplanMediaPub] is safe
2020-03-09 20:45:27.401 [main] DEBUG o.h.b.internal.ClassLoaderAccessImpl - No temp ClassLoader provided; using live ClassLoader for loading potentially unsafe class : com.ningmeng.framework.domain.course.TeachplanMediaPub
2020-03-09 20:45:27.403 [main] DEBUG o.h.b.internal.ClassLoaderAccessImpl - Not known whether passed class name [com.ningmeng.framework.domain.course.CourseMarket] is safe
2020-03-09 20:45:27.404 [main] DEBUG o.h.b.internal.ClassLoaderAccessImpl - No temp ClassLoader provided; using live ClassLoader for loading potentially unsafe class : com.ningmeng.framework.domain.course.CourseMarket
2020-03-09 20:45:27.404 [main] DEBUG o.h.b.internal.ClassLoaderAccessImpl - Not known whether passed class name [com.ningmeng.framework.domain.course.CourseMarket] is safe
2020-03-09 20:45:27.404 [main] DEBUG o.h.b.internal.ClassLoaderAccessImpl - No temp ClassLoader provided; using live ClassLoader for loading potentially unsafe class : com.ningmeng.framework.domain.course.CourseMarket
2020-03-09 20:45:27.407 [main] DEBUG o.h.b.internal.ClassLoaderAccessImpl - Not known whether passed class name [com.ningmeng.framework.domain.course.CourseOff] is safe
2020-03-09 20:45:27.408 [main] DEBUG o.h.b.internal.ClassLoaderAccessImpl - No temp ClassLoader provided; using live ClassLoader for loading potentially unsafe class : com.ningmeng.framework.domain.course.CourseOff
2020-03-09 20:45:27.408 [main] DEBUG o.h.b.internal.ClassLoaderAccessImpl - Not known whether passed class name [com.ningmeng.framework.domain.course.CourseOff] is safe
2020-03-09 20:45:27.408 [main] DEBUG o.h.b.internal.ClassLoaderAccessImpl - No temp ClassLoader provided; using live ClassLoader for loading potentially unsafe class : com.ningmeng.framework.domain.course.CourseOff
2020-03-09 20:45:27.414 [main] DEBUG o.h.b.internal.ClassLoaderAccessImpl - Not known whether passed class name [com.ningmeng.framework.domain.course.CourseIndex] is safe
2020-03-09 20:45:27.414 [main] DEBUG o.h.b.internal.ClassLoaderAccessImpl - No temp ClassLoader provided; using live ClassLoader for loading potentially unsafe class : com.ningmeng.framework.domain.course.CourseIndex
2020-03-09 20:45:27.414 [main] DEBUG o.h.b.internal.ClassLoaderAccessImpl - Not known whether passed class name [com.ningmeng.framework.domain.course.CourseIndex] is safe
2020-03-09 20:45:27.414 [main] DEBUG o.h.b.internal.ClassLoaderAccessImpl - No temp ClassLoader provided; using live ClassLoader for loading potentially unsafe class : com.ningmeng.framework.domain.course.CourseIndex
2020-03-09 20:45:27.420 [main] DEBUG o.h.b.internal.ClassLoaderAccessImpl - Not known whether passed class name [com.ningmeng.framework.domain.course.CoursePub] is safe
2020-03-09 20:45:27.420 [main] DEBUG o.h.b.internal.ClassLoaderAccessImpl - No temp ClassLoader provided; using live ClassLoader for loading potentially unsafe class : com.ningmeng.framework.domain.course.CoursePub
2020-03-09 20:45:27.421 [main] DEBUG o.h.b.internal.ClassLoaderAccessImpl - Not known whether passed class name [com.ningmeng.framework.domain.course.CoursePub] is safe
2020-03-09 20:45:27.421 [main] DEBUG o.h.b.internal.ClassLoaderAccessImpl - No temp ClassLoader provided; using live ClassLoader for loading potentially unsafe class : com.ningmeng.framework.domain.course.CoursePub
2020-03-09 20:45:27.432 [main] DEBUG o.h.p.entity.AbstractEntityPersister - Static SQL for entity: com.ningmeng.framework.domain.course.CoursePre
2020-03-09 20:45:27.432 [main] DEBUG o.h.p.entity.AbstractEntityPersister -  Version select: select id from course_pre where id =?
2020-03-09 20:45:27.432 [main] DEBUG o.h.p.entity.AbstractEntityPersister -  Snapshot select: select coursepre_.id, coursepre_.charge as charge2_6_, coursepre_.description as descript3_6_, coursepre_.expires as expires4_6_, coursepre_.grade as grade5_6_, coursepre_.mt as mt6_6_, coursepre_.name as name7_6_, coursepre_.pic as pic8_6_, coursepre_.price as price9_6_, coursepre_.price_old as price_o10_6_, coursepre_.qq as qq11_6_, coursepre_.st as st12_6_, coursepre_.studymodel as studymo13_6_, coursepre_.teachplan as teachpl14_6_, coursepre_.timestamp as timesta15_6_, coursepre_.users as users16_6_, coursepre_.valid as valid17_6_ from course_pre coursepre_ where coursepre_.id=?
2020-03-09 20:45:27.432 [main] DEBUG o.h.p.entity.AbstractEntityPersister -  Insert 0: insert into course_pre (charge, description, expires, grade, mt, name, pic, price, price_old, qq, st, studymodel, teachplan, timestamp, users, valid, id) values (?, ?, ?, ?, ?, ?, ?, ?, ?, ?, ?, ?, ?, ?, ?, ?, ?)
2020-03-09 20:45:27.432 [main] DEBUG o.h.p.entity.AbstractEntityPersister -  Update 0: update course_pre set charge=?, description=?, expires=?, grade=?, mt=?, name=?, pic=?, price=?, price_old=?, qq=?, st=?, studymodel=?, teachplan=?, timestamp=?, users=?, valid=? where id=?
2020-03-09 20:45:27.432 [main] DEBUG o.h.p.entity.AbstractEntityPersister -  Delete 0: delete from course_pre where id=?
2020-03-09 20:45:27.477 [main] DEBUG o.h.l.p.b.i.spaces.QuerySpacesImpl - Adding QuerySpace : uid = <gen:0> -> org.hibernate.loader.plan.build.internal.spaces.EntityQuerySpaceImpl@36e409e0]
2020-03-09 20:45:27.478 [main] DEBUG o.h.p.w.spi.MetamodelGraphWalker - Visiting attribute path : charge
2020-03-09 20:45:27.478 [main] DEBUG o.h.p.w.spi.MetamodelGraphWalker - Visiting attribute path : description
2020-03-09 20:45:27.478 [main] DEBUG o.h.p.w.spi.MetamodelGraphWalker - Visiting attribute path : expires
2020-03-09 20:45:27.478 [main] DEBUG o.h.p.w.spi.MetamodelGraphWalker - Visiting attribute path : grade
2020-03-09 20:45:27.479 [main] DEBUG o.h.p.w.spi.MetamodelGraphWalker - Visiting attribute path : mt
2020-03-09 20:45:27.479 [main] DEBUG o.h.p.w.spi.MetamodelGraphWalker - Visiting attribute path : name
2020-03-09 20:45:27.479 [main] DEBUG o.h.p.w.spi.MetamodelGraphWalker - Visiting attribute path : pic
2020-03-09 20:45:27.479 [main] DEBUG o.h.p.w.spi.MetamodelGraphWalker - Visiting attribute path : price
2020-03-09 20:45:27.479 [main] DEBUG o.h.p.w.spi.MetamodelGraphWalker - Visiting attribute path : price_old
2020-03-09 20:45:27.479 [main] DEBUG o.h.p.w.spi.MetamodelGraphWalker - Visiting attribute path : qq
2020-03-09 20:45:27.479 [main] DEBUG o.h.p.w.spi.MetamodelGraphWalker - Visiting attribute path : st
2020-03-09 20:45:27.479 [main] DEBUG o.h.p.w.spi.MetamodelGraphWalker - Visiting attribute path : studymodel
2020-03-09 20:45:27.479 [main] DEBUG o.h.p.w.spi.MetamodelGraphWalker - Visiting attribute path : teachplan
2020-03-09 20:45:27.479 [main] DEBUG o.h.p.w.spi.MetamodelGraphWalker - Visiting attribute path : timestamp
2020-03-09 20:45:27.479 [main] DEBUG o.h.p.w.spi.MetamodelGraphWalker - Visiting attribute path : users
2020-03-09 20:45:27.479 [main] DEBUG o.h.p.w.spi.MetamodelGraphWalker - Visiting attribute path : valid
2020-03-09 20:45:27.479 [main] DEBUG o.h.l.p.b.i.FetchStyleLoadPlanBuildingAssociationVisitationStrategy - Building LoadPlan...
2020-03-09 20:45:27.495 [main] DEBUG o.h.l.p.e.i.LoadQueryJoinAndFetchProcessor - processing queryspace <gen:0>
2020-03-09 20:45:27.504 [main] DEBUG o.h.l.p.b.spi.LoadPlanTreePrinter - LoadPlan(entity=com.ningmeng.framework.domain.course.CoursePre)
    - Returns
       - EntityReturnImpl(entity=com.ningmeng.framework.domain.course.CoursePre, querySpaceUid=<gen:0>, path=com.ningmeng.framework.domain.course.CoursePre)
    - QuerySpaces
       - EntityQuerySpaceImpl(uid=<gen:0>, entity=com.ningmeng.framework.domain.course.CoursePre)
          - SQL table alias mapping - coursepre0_
          - alias suffix - 0_
          - suffixed key columns - {id1_6_0_}

2020-03-09 20:45:27.506 [main] DEBUG o.h.loader.entity.plan.EntityLoader - Static select for entity com.ningmeng.framework.domain.course.CoursePre [NONE]: select coursepre0_.id as id1_6_0_, coursepre0_.charge as charge2_6_0_, coursepre0_.description as descript3_6_0_, coursepre0_.expires as expires4_6_0_, coursepre0_.grade as grade5_6_0_, coursepre0_.mt as mt6_6_0_, coursepre0_.name as name7_6_0_, coursepre0_.pic as pic8_6_0_, coursepre0_.price as price9_6_0_, coursepre0_.price_old as price_o10_6_0_, coursepre0_.qq as qq11_6_0_, coursepre0_.st as st12_6_0_, coursepre0_.studymodel as studymo13_6_0_, coursepre0_.teachplan as teachpl14_6_0_, coursepre0_.timestamp as timesta15_6_0_, coursepre0_.users as users16_6_0_, coursepre0_.valid as valid17_6_0_ from course_pre coursepre0_ where coursepre0_.id=?
2020-03-09 20:45:27.507 [main] DEBUG o.h.l.p.b.i.spaces.QuerySpacesImpl - Adding QuerySpace : uid = <gen:0> -> org.hibernate.loader.plan.build.internal.spaces.EntityQuerySpaceImpl@785a4557]
2020-03-09 20:45:27.507 [main] DEBUG o.h.p.w.spi.MetamodelGraphWalker - Visiting attribute path : charge
2020-03-09 20:45:27.507 [main] DEBUG o.h.p.w.spi.MetamodelGraphWalker - Visiting attribute path : description
2020-03-09 20:45:27.507 [main] DEBUG o.h.p.w.spi.MetamodelGraphWalker - Visiting attribute path : expires
2020-03-09 20:45:27.507 [main] DEBUG o.h.p.w.spi.MetamodelGraphWalker - Visiting attribute path : grade
2020-03-09 20:45:27.507 [main] DEBUG o.h.p.w.spi.MetamodelGraphWalker - Visiting attribute path : mt
2020-03-09 20:45:27.507 [main] DEBUG o.h.p.w.spi.MetamodelGraphWalker - Visiting attribute path : name
2020-03-09 20:45:27.507 [main] DEBUG o.h.p.w.spi.MetamodelGraphWalker - Visiting attribute path : pic
2020-03-09 20:45:27.507 [main] DEBUG o.h.p.w.spi.MetamodelGraphWalker - Visiting attribute path : price
2020-03-09 20:45:27.507 [main] DEBUG o.h.p.w.spi.MetamodelGraphWalker - Visiting attribute path : price_old
2020-03-09 20:45:27.507 [main] DEBUG o.h.p.w.spi.MetamodelGraphWalker - Visiting attribute path : qq
2020-03-09 20:45:27.507 [main] DEBUG o.h.p.w.spi.MetamodelGraphWalker - Visiting attribute path : st
2020-03-09 20:45:27.507 [main] DEBUG o.h.p.w.spi.MetamodelGraphWalker - Visiting attribute path : studymodel
2020-03-09 20:45:27.507 [main] DEBUG o.h.p.w.spi.MetamodelGraphWalker - Visiting attribute path : teachplan
2020-03-09 20:45:27.507 [main] DEBUG o.h.p.w.spi.MetamodelGraphWalker - Visiting attribute path : timestamp
2020-03-09 20:45:27.507 [main] DEBUG o.h.p.w.spi.MetamodelGraphWalker - Visiting attribute path : users
2020-03-09 20:45:27.507 [main] DEBUG o.h.p.w.spi.MetamodelGraphWalker - Visiting attribute path : valid
2020-03-09 20:45:27.507 [main] DEBUG o.h.l.p.b.i.FetchStyleLoadPlanBuildingAssociationVisitationStrategy - Building LoadPlan...
2020-03-09 20:45:27.508 [main] DEBUG o.h.l.p.e.i.LoadQueryJoinAndFetchProcessor - processing queryspace <gen:0>
2020-03-09 20:45:27.508 [main] DEBUG o.h.l.p.b.spi.LoadPlanTreePrinter - LoadPlan(entity=com.ningmeng.framework.domain.course.CoursePre)
    - Returns
       - EntityReturnImpl(entity=com.ningmeng.framework.domain.course.CoursePre, querySpaceUid=<gen:0>, path=com.ningmeng.framework.domain.course.CoursePre)
    - QuerySpaces
       - EntityQuerySpaceImpl(uid=<gen:0>, entity=com.ningmeng.framework.domain.course.CoursePre)
          - SQL table alias mapping - coursepre0_
          - alias suffix - 0_
          - suffixed key columns - {id1_6_0_}

2020-03-09 20:45:27.508 [main] DEBUG o.h.loader.entity.plan.EntityLoader - Static select for entity com.ningmeng.framework.domain.course.CoursePre [READ]: select coursepre0_.id as id1_6_0_, coursepre0_.charge as charge2_6_0_, coursepre0_.description as descript3_6_0_, coursepre0_.expires as expires4_6_0_, coursepre0_.grade as grade5_6_0_, coursepre0_.mt as mt6_6_0_, coursepre0_.name as name7_6_0_, coursepre0_.pic as pic8_6_0_, coursepre0_.price as price9_6_0_, coursepre0_.price_old as price_o10_6_0_, coursepre0_.qq as qq11_6_0_, coursepre0_.st as st12_6_0_, coursepre0_.studymodel as studymo13_6_0_, coursepre0_.teachplan as teachpl14_6_0_, coursepre0_.timestamp as timesta15_6_0_, coursepre0_.users as users16_6_0_, coursepre0_.valid as valid17_6_0_ from course_pre coursepre0_ where coursepre0_.id=?
2020-03-09 20:45:27.509 [main] DEBUG o.h.l.p.b.i.spaces.QuerySpacesImpl - Adding QuerySpace : uid = <gen:0> -> org.hibernate.loader.plan.build.internal.spaces.EntityQuerySpaceImpl@3b5da0b0]
2020-03-09 20:45:27.509 [main] DEBUG o.h.p.w.spi.MetamodelGraphWalker - Visiting attribute path : charge
2020-03-09 20:45:27.509 [main] DEBUG o.h.p.w.spi.MetamodelGraphWalker - Visiting attribute path : description
2020-03-09 20:45:27.509 [main] DEBUG o.h.p.w.spi.MetamodelGraphWalker - Visiting attribute path : expires
2020-03-09 20:45:27.509 [main] DEBUG o.h.p.w.spi.MetamodelGraphWalker - Visiting attribute path : grade
2020-03-09 20:45:27.509 [main] DEBUG o.h.p.w.spi.MetamodelGraphWalker - Visiting attribute path : mt
2020-03-09 20:45:27.509 [main] DEBUG o.h.p.w.spi.MetamodelGraphWalker - Visiting attribute path : name
2020-03-09 20:45:27.509 [main] DEBUG o.h.p.w.spi.MetamodelGraphWalker - Visiting attribute path : pic
2020-03-09 20:45:27.509 [main] DEBUG o.h.p.w.spi.MetamodelGraphWalker - Visiting attribute path : price
2020-03-09 20:45:27.509 [main] DEBUG o.h.p.w.spi.MetamodelGraphWalker - Visiting attribute path : price_old
2020-03-09 20:45:27.509 [main] DEBUG o.h.p.w.spi.MetamodelGraphWalker - Visiting attribute path : qq
2020-03-09 20:45:27.509 [main] DEBUG o.h.p.w.spi.MetamodelGraphWalker - Visiting attribute path : st
2020-03-09 20:45:27.509 [main] DEBUG o.h.p.w.spi.MetamodelGraphWalker - Visiting attribute path : studymodel
2020-03-09 20:45:27.509 [main] DEBUG o.h.p.w.spi.MetamodelGraphWalker - Visiting attribute path : teachplan
2020-03-09 20:45:27.509 [main] DEBUG o.h.p.w.spi.MetamodelGraphWalker - Visiting attribute path : timestamp
2020-03-09 20:45:27.509 [main] DEBUG o.h.p.w.spi.MetamodelGraphWalker - Visiting attribute path : users
2020-03-09 20:45:27.509 [main] DEBUG o.h.p.w.spi.MetamodelGraphWalker - Visiting attribute path : valid
2020-03-09 20:45:27.509 [main] DEBUG o.h.l.p.b.i.FetchStyleLoadPlanBuildingAssociationVisitationStrategy - Building LoadPlan...
2020-03-09 20:45:27.509 [main] DEBUG o.h.l.p.e.i.LoadQueryJoinAndFetchProcessor - processing queryspace <gen:0>
2020-03-09 20:45:27.510 [main] DEBUG o.h.l.p.b.spi.LoadPlanTreePrinter - LoadPlan(entity=com.ningmeng.framework.domain.course.CoursePre)
    - Returns
       - EntityReturnImpl(entity=com.ningmeng.framework.domain.course.CoursePre, querySpaceUid=<gen:0>, path=com.ningmeng.framework.domain.course.CoursePre)
    - QuerySpaces
       - EntityQuerySpaceImpl(uid=<gen:0>, entity=com.ningmeng.framework.domain.course.CoursePre)
          - SQL table alias mapping - coursepre0_
          - alias suffix - 0_
          - suffixed key columns - {id1_6_0_}

2020-03-09 20:45:27.510 [main] DEBUG o.h.loader.entity.plan.EntityLoader - Static select for entity com.ningmeng.framework.domain.course.CoursePre [UPGRADE]: select coursepre0_.id as id1_6_0_, coursepre0_.charge as charge2_6_0_, coursepre0_.description as descript3_6_0_, coursepre0_.expires as expires4_6_0_, coursepre0_.grade as grade5_6_0_, coursepre0_.mt as mt6_6_0_, coursepre0_.name as name7_6_0_, coursepre0_.pic as pic8_6_0_, coursepre0_.price as price9_6_0_, coursepre0_.price_old as price_o10_6_0_, coursepre0_.qq as qq11_6_0_, coursepre0_.st as st12_6_0_, coursepre0_.studymodel as studymo13_6_0_, coursepre0_.teachplan as teachpl14_6_0_, coursepre0_.timestamp as timesta15_6_0_, coursepre0_.users as users16_6_0_, coursepre0_.valid as valid17_6_0_ from course_pre coursepre0_ where coursepre0_.id=? for update
2020-03-09 20:45:27.510 [main] DEBUG o.h.l.p.b.i.spaces.QuerySpacesImpl - Adding QuerySpace : uid = <gen:0> -> org.hibernate.loader.plan.build.internal.spaces.EntityQuerySpaceImpl@6c6379c]
2020-03-09 20:45:27.510 [main] DEBUG o.h.p.w.spi.MetamodelGraphWalker - Visiting attribute path : charge
2020-03-09 20:45:27.510 [main] DEBUG o.h.p.w.spi.MetamodelGraphWalker - Visiting attribute path : description
2020-03-09 20:45:27.510 [main] DEBUG o.h.p.w.spi.MetamodelGraphWalker - Visiting attribute path : expires
2020-03-09 20:45:27.510 [main] DEBUG o.h.p.w.spi.MetamodelGraphWalker - Visiting attribute path : grade
2020-03-09 20:45:27.510 [main] DEBUG o.h.p.w.spi.MetamodelGraphWalker - Visiting attribute path : mt
2020-03-09 20:45:27.510 [main] DEBUG o.h.p.w.spi.MetamodelGraphWalker - Visiting attribute path : name
2020-03-09 20:45:27.510 [main] DEBUG o.h.p.w.spi.MetamodelGraphWalker - Visiting attribute path : pic
2020-03-09 20:45:27.510 [main] DEBUG o.h.p.w.spi.MetamodelGraphWalker - Visiting attribute path : price
2020-03-09 20:45:27.510 [main] DEBUG o.h.p.w.spi.MetamodelGraphWalker - Visiting attribute path : price_old
2020-03-09 20:45:27.510 [main] DEBUG o.h.p.w.spi.MetamodelGraphWalker - Visiting attribute path : qq
2020-03-09 20:45:27.510 [main] DEBUG o.h.p.w.spi.MetamodelGraphWalker - Visiting attribute path : st
2020-03-09 20:45:27.510 [main] DEBUG o.h.p.w.spi.MetamodelGraphWalker - Visiting attribute path : studymodel
2020-03-09 20:45:27.510 [main] DEBUG o.h.p.w.spi.MetamodelGraphWalker - Visiting attribute path : teachplan
2020-03-09 20:45:27.510 [main] DEBUG o.h.p.w.spi.MetamodelGraphWalker - Visiting attribute path : timestamp
2020-03-09 20:45:27.510 [main] DEBUG o.h.p.w.spi.MetamodelGraphWalker - Visiting attribute path : users
2020-03-09 20:45:27.510 [main] DEBUG o.h.p.w.spi.MetamodelGraphWalker - Visiting attribute path : valid
2020-03-09 20:45:27.510 [main] DEBUG o.h.l.p.b.i.FetchStyleLoadPlanBuildingAssociationVisitationStrategy - Building LoadPlan...
2020-03-09 20:45:27.511 [main] DEBUG o.h.l.p.e.i.LoadQueryJoinAndFetchProcessor - processing queryspace <gen:0>
2020-03-09 20:45:27.511 [main] DEBUG o.h.l.p.b.spi.LoadPlanTreePrinter - LoadPlan(entity=com.ningmeng.framework.domain.course.CoursePre)
    - Returns
       - EntityReturnImpl(entity=com.ningmeng.framework.domain.course.CoursePre, querySpaceUid=<gen:0>, path=com.ningmeng.framework.domain.course.CoursePre)
    - QuerySpaces
       - EntityQuerySpaceImpl(uid=<gen:0>, entity=com.ningmeng.framework.domain.course.CoursePre)
          - SQL table alias mapping - coursepre0_
          - alias suffix - 0_
          - suffixed key columns - {id1_6_0_}

2020-03-09 20:45:27.511 [main] DEBUG o.h.loader.entity.plan.EntityLoader - Static select for entity com.ningmeng.framework.domain.course.CoursePre [UPGRADE_NOWAIT]: select coursepre0_.id as id1_6_0_, coursepre0_.charge as charge2_6_0_, coursepre0_.description as descript3_6_0_, coursepre0_.expires as expires4_6_0_, coursepre0_.grade as grade5_6_0_, coursepre0_.mt as mt6_6_0_, coursepre0_.name as name7_6_0_, coursepre0_.pic as pic8_6_0_, coursepre0_.price as price9_6_0_, coursepre0_.price_old as price_o10_6_0_, coursepre0_.qq as qq11_6_0_, coursepre0_.st as st12_6_0_, coursepre0_.studymodel as studymo13_6_0_, coursepre0_.teachplan as teachpl14_6_0_, coursepre0_.timestamp as timesta15_6_0_, coursepre0_.users as users16_6_0_, coursepre0_.valid as valid17_6_0_ from course_pre coursepre0_ where coursepre0_.id=? for update
2020-03-09 20:45:27.511 [main] DEBUG o.h.l.p.b.i.spaces.QuerySpacesImpl - Adding QuerySpace : uid = <gen:0> -> org.hibernate.loader.plan.build.internal.spaces.EntityQuerySpaceImpl@2bfa17b0]
2020-03-09 20:45:27.511 [main] DEBUG o.h.p.w.spi.MetamodelGraphWalker - Visiting attribute path : charge
2020-03-09 20:45:27.511 [main] DEBUG o.h.p.w.spi.MetamodelGraphWalker - Visiting attribute path : description
2020-03-09 20:45:27.511 [main] DEBUG o.h.p.w.spi.MetamodelGraphWalker - Visiting attribute path : expires
2020-03-09 20:45:27.511 [main] DEBUG o.h.p.w.spi.MetamodelGraphWalker - Visiting attribute path : grade
2020-03-09 20:45:27.511 [main] DEBUG o.h.p.w.spi.MetamodelGraphWalker - Visiting attribute path : mt
2020-03-09 20:45:27.511 [main] DEBUG o.h.p.w.spi.MetamodelGraphWalker - Visiting attribute path : name
2020-03-09 20:45:27.512 [main] DEBUG o.h.p.w.spi.MetamodelGraphWalker - Visiting attribute path : pic
2020-03-09 20:45:27.512 [main] DEBUG o.h.p.w.spi.MetamodelGraphWalker - Visiting attribute path : price
2020-03-09 20:45:27.512 [main] DEBUG o.h.p.w.spi.MetamodelGraphWalker - Visiting attribute path : price_old
2020-03-09 20:45:27.512 [main] DEBUG o.h.p.w.spi.MetamodelGraphWalker - Visiting attribute path : qq
2020-03-09 20:45:27.512 [main] DEBUG o.h.p.w.spi.MetamodelGraphWalker - Visiting attribute path : st
2020-03-09 20:45:27.512 [main] DEBUG o.h.p.w.spi.MetamodelGraphWalker - Visiting attribute path : studymodel
2020-03-09 20:45:27.512 [main] DEBUG o.h.p.w.spi.MetamodelGraphWalker - Visiting attribute path : teachplan
2020-03-09 20:45:27.512 [main] DEBUG o.h.p.w.spi.MetamodelGraphWalker - Visiting attribute path : timestamp
2020-03-09 20:45:27.512 [main] DEBUG o.h.p.w.spi.MetamodelGraphWalker - Visiting attribute path : users
2020-03-09 20:45:27.512 [main] DEBUG o.h.p.w.spi.MetamodelGraphWalker - Visiting attribute path : valid
2020-03-09 20:45:27.512 [main] DEBUG o.h.l.p.b.i.FetchStyleLoadPlanBuildingAssociationVisitationStrategy - Building LoadPlan...
2020-03-09 20:45:27.512 [main] DEBUG o.h.l.p.e.i.LoadQueryJoinAndFetchProcessor - processing queryspace <gen:0>
2020-03-09 20:45:27.513 [main] DEBUG o.h.l.p.b.spi.LoadPlanTreePrinter - LoadPlan(entity=com.ningmeng.framework.domain.course.CoursePre)
    - Returns
       - EntityReturnImpl(entity=com.ningmeng.framework.domain.course.CoursePre, querySpaceUid=<gen:0>, path=com.ningmeng.framework.domain.course.CoursePre)
    - QuerySpaces
       - EntityQuerySpaceImpl(uid=<gen:0>, entity=com.ningmeng.framework.domain.course.CoursePre)
          - SQL table alias mapping - coursepre0_
          - alias suffix - 0_
          - suffixed key columns - {id1_6_0_}

2020-03-09 20:45:27.513 [main] DEBUG o.h.loader.entity.plan.EntityLoader - Static select for entity com.ningmeng.framework.domain.course.CoursePre [UPGRADE_SKIPLOCKED]: select coursepre0_.id as id1_6_0_, coursepre0_.charge as charge2_6_0_, coursepre0_.description as descript3_6_0_, coursepre0_.expires as expires4_6_0_, coursepre0_.grade as grade5_6_0_, coursepre0_.mt as mt6_6_0_, coursepre0_.name as name7_6_0_, coursepre0_.pic as pic8_6_0_, coursepre0_.price as price9_6_0_, coursepre0_.price_old as price_o10_6_0_, coursepre0_.qq as qq11_6_0_, coursepre0_.st as st12_6_0_, coursepre0_.studymodel as studymo13_6_0_, coursepre0_.teachplan as teachpl14_6_0_, coursepre0_.timestamp as timesta15_6_0_, coursepre0_.users as users16_6_0_, coursepre0_.valid as valid17_6_0_ from course_pre coursepre0_ where coursepre0_.id=? for update
2020-03-09 20:45:27.513 [main] DEBUG o.h.l.p.b.i.spaces.QuerySpacesImpl - Adding QuerySpace : uid = <gen:0> -> org.hibernate.loader.plan.build.internal.spaces.EntityQuerySpaceImpl@559fd5ec]
2020-03-09 20:45:27.513 [main] DEBUG o.h.p.w.spi.MetamodelGraphWalker - Visiting attribute path : charge
2020-03-09 20:45:27.513 [main] DEBUG o.h.p.w.spi.MetamodelGraphWalker - Visiting attribute path : description
2020-03-09 20:45:27.513 [main] DEBUG o.h.p.w.spi.MetamodelGraphWalker - Visiting attribute path : expires
2020-03-09 20:45:27.514 [main] DEBUG o.h.p.w.spi.MetamodelGraphWalker - Visiting attribute path : grade
2020-03-09 20:45:27.514 [main] DEBUG o.h.p.w.spi.MetamodelGraphWalker - Visiting attribute path : mt
2020-03-09 20:45:27.514 [main] DEBUG o.h.p.w.spi.MetamodelGraphWalker - Visiting attribute path : name
2020-03-09 20:45:27.514 [main] DEBUG o.h.p.w.spi.MetamodelGraphWalker - Visiting attribute path : pic
2020-03-09 20:45:27.514 [main] DEBUG o.h.p.w.spi.MetamodelGraphWalker - Visiting attribute path : price
2020-03-09 20:45:27.514 [main] DEBUG o.h.p.w.spi.MetamodelGraphWalker - Visiting attribute path : price_old
2020-03-09 20:45:27.514 [main] DEBUG o.h.p.w.spi.MetamodelGraphWalker - Visiting attribute path : qq
2020-03-09 20:45:27.514 [main] DEBUG o.h.p.w.spi.MetamodelGraphWalker - Visiting attribute path : st
2020-03-09 20:45:27.514 [main] DEBUG o.h.p.w.spi.MetamodelGraphWalker - Visiting attribute path : studymodel
2020-03-09 20:45:27.514 [main] DEBUG o.h.p.w.spi.MetamodelGraphWalker - Visiting attribute path : teachplan
2020-03-09 20:45:27.514 [main] DEBUG o.h.p.w.spi.MetamodelGraphWalker - Visiting attribute path : timestamp
2020-03-09 20:45:27.514 [main] DEBUG o.h.p.w.spi.MetamodelGraphWalker - Visiting attribute path : users
2020-03-09 20:45:27.514 [main] DEBUG o.h.p.w.spi.MetamodelGraphWalker - Visiting attribute path : valid
2020-03-09 20:45:27.514 [main] DEBUG o.h.l.p.b.i.FetchStyleLoadPlanBuildingAssociationVisitationStrategy - Building LoadPlan...
2020-03-09 20:45:27.514 [main] DEBUG o.h.l.p.e.i.LoadQueryJoinAndFetchProcessor - processing queryspace <gen:0>
2020-03-09 20:45:27.517 [main] DEBUG o.h.l.p.b.spi.LoadPlanTreePrinter - LoadPlan(entity=com.ningmeng.framework.domain.course.CoursePre)
    - Returns
       - EntityReturnImpl(entity=com.ningmeng.framework.domain.course.CoursePre, querySpaceUid=<gen:0>, path=com.ningmeng.framework.domain.course.CoursePre)
    - QuerySpaces
       - EntityQuerySpaceImpl(uid=<gen:0>, entity=com.ningmeng.framework.domain.course.CoursePre)
          - SQL table alias mapping - coursepre0_
          - alias suffix - 0_
          - suffixed key columns - {id1_6_0_}

2020-03-09 20:45:27.517 [main] DEBUG o.h.loader.entity.plan.EntityLoader - Static select for entity com.ningmeng.framework.domain.course.CoursePre [FORCE]: select coursepre0_.id as id1_6_0_, coursepre0_.charge as charge2_6_0_, coursepre0_.description as descript3_6_0_, coursepre0_.expires as expires4_6_0_, coursepre0_.grade as grade5_6_0_, coursepre0_.mt as mt6_6_0_, coursepre0_.name as name7_6_0_, coursepre0_.pic as pic8_6_0_, coursepre0_.price as price9_6_0_, coursepre0_.price_old as price_o10_6_0_, coursepre0_.qq as qq11_6_0_, coursepre0_.st as st12_6_0_, coursepre0_.studymodel as studymo13_6_0_, coursepre0_.teachplan as teachpl14_6_0_, coursepre0_.timestamp as timesta15_6_0_, coursepre0_.users as users16_6_0_, coursepre0_.valid as valid17_6_0_ from course_pre coursepre0_ where coursepre0_.id=? for update
2020-03-09 20:45:27.517 [main] DEBUG o.h.l.p.b.i.spaces.QuerySpacesImpl - Adding QuerySpace : uid = <gen:0> -> org.hibernate.loader.plan.build.internal.spaces.EntityQuerySpaceImpl@708dfe10]
2020-03-09 20:45:27.518 [main] DEBUG o.h.p.w.spi.MetamodelGraphWalker - Visiting attribute path : charge
2020-03-09 20:45:27.518 [main] DEBUG o.h.p.w.spi.MetamodelGraphWalker - Visiting attribute path : description
2020-03-09 20:45:27.518 [main] DEBUG o.h.p.w.spi.MetamodelGraphWalker - Visiting attribute path : expires
2020-03-09 20:45:27.518 [main] DEBUG o.h.p.w.spi.MetamodelGraphWalker - Visiting attribute path : grade
2020-03-09 20:45:27.518 [main] DEBUG o.h.p.w.spi.MetamodelGraphWalker - Visiting attribute path : mt
2020-03-09 20:45:27.518 [main] DEBUG o.h.p.w.spi.MetamodelGraphWalker - Visiting attribute path : name
2020-03-09 20:45:27.518 [main] DEBUG o.h.p.w.spi.MetamodelGraphWalker - Visiting attribute path : pic
2020-03-09 20:45:27.518 [main] DEBUG o.h.p.w.spi.MetamodelGraphWalker - Visiting attribute path : price
2020-03-09 20:45:27.518 [main] DEBUG o.h.p.w.spi.MetamodelGraphWalker - Visiting attribute path : price_old
2020-03-09 20:45:27.518 [main] DEBUG o.h.p.w.spi.MetamodelGraphWalker - Visiting attribute path : qq
2020-03-09 20:45:27.518 [main] DEBUG o.h.p.w.spi.MetamodelGraphWalker - Visiting attribute path : st
2020-03-09 20:45:27.518 [main] DEBUG o.h.p.w.spi.MetamodelGraphWalker - Visiting attribute path : studymodel
2020-03-09 20:45:27.518 [main] DEBUG o.h.p.w.spi.MetamodelGraphWalker - Visiting attribute path : teachplan
2020-03-09 20:45:27.518 [main] DEBUG o.h.p.w.spi.MetamodelGraphWalker - Visiting attribute path : timestamp
2020-03-09 20:45:27.518 [main] DEBUG o.h.p.w.spi.MetamodelGraphWalker - Visiting attribute path : users
2020-03-09 20:45:27.518 [main] DEBUG o.h.p.w.spi.MetamodelGraphWalker - Visiting attribute path : valid
2020-03-09 20:45:27.518 [main] DEBUG o.h.l.p.b.i.FetchStyleLoadPlanBuildingAssociationVisitationStrategy - Building LoadPlan...
2020-03-09 20:45:27.519 [main] DEBUG o.h.l.p.e.i.LoadQueryJoinAndFetchProcessor - processing queryspace <gen:0>
2020-03-09 20:45:27.519 [main] DEBUG o.h.l.p.b.spi.LoadPlanTreePrinter - LoadPlan(entity=com.ningmeng.framework.domain.course.CoursePre)
    - Returns
       - EntityReturnImpl(entity=com.ningmeng.framework.domain.course.CoursePre, querySpaceUid=<gen:0>, path=com.ningmeng.framework.domain.course.CoursePre)
    - QuerySpaces
       - EntityQuerySpaceImpl(uid=<gen:0>, entity=com.ningmeng.framework.domain.course.CoursePre)
          - SQL table alias mapping - coursepre0_
          - alias suffix - 0_
          - suffixed key columns - {id1_6_0_}

2020-03-09 20:45:27.519 [main] DEBUG o.h.loader.entity.plan.EntityLoader - Static select for entity com.ningmeng.framework.domain.course.CoursePre [PESSIMISTIC_READ]: select coursepre0_.id as id1_6_0_, coursepre0_.charge as charge2_6_0_, coursepre0_.description as descript3_6_0_, coursepre0_.expires as expires4_6_0_, coursepre0_.grade as grade5_6_0_, coursepre0_.mt as mt6_6_0_, coursepre0_.name as name7_6_0_, coursepre0_.pic as pic8_6_0_, coursepre0_.price as price9_6_0_, coursepre0_.price_old as price_o10_6_0_, coursepre0_.qq as qq11_6_0_, coursepre0_.st as st12_6_0_, coursepre0_.studymodel as studymo13_6_0_, coursepre0_.teachplan as teachpl14_6_0_, coursepre0_.timestamp as timesta15_6_0_, coursepre0_.users as users16_6_0_, coursepre0_.valid as valid17_6_0_ from course_pre coursepre0_ where coursepre0_.id=? lock in share mode
2020-03-09 20:45:27.519 [main] DEBUG o.h.l.p.b.i.spaces.QuerySpacesImpl - Adding QuerySpace : uid = <gen:0> -> org.hibernate.loader.plan.build.internal.spaces.EntityQuerySpaceImpl@2a120c88]
2020-03-09 20:45:27.519 [main] DEBUG o.h.p.w.spi.MetamodelGraphWalker - Visiting attribute path : charge
2020-03-09 20:45:27.519 [main] DEBUG o.h.p.w.spi.MetamodelGraphWalker - Visiting attribute path : description
2020-03-09 20:45:27.520 [main] DEBUG o.h.p.w.spi.MetamodelGraphWalker - Visiting attribute path : expires
2020-03-09 20:45:27.520 [main] DEBUG o.h.p.w.spi.MetamodelGraphWalker - Visiting attribute path : grade
2020-03-09 20:45:27.520 [main] DEBUG o.h.p.w.spi.MetamodelGraphWalker - Visiting attribute path : mt
2020-03-09 20:45:27.520 [main] DEBUG o.h.p.w.spi.MetamodelGraphWalker - Visiting attribute path : name
2020-03-09 20:45:27.520 [main] DEBUG o.h.p.w.spi.MetamodelGraphWalker - Visiting attribute path : pic
2020-03-09 20:45:27.520 [main] DEBUG o.h.p.w.spi.MetamodelGraphWalker - Visiting attribute path : price
2020-03-09 20:45:27.520 [main] DEBUG o.h.p.w.spi.MetamodelGraphWalker - Visiting attribute path : price_old
2020-03-09 20:45:27.520 [main] DEBUG o.h.p.w.spi.MetamodelGraphWalker - Visiting attribute path : qq
2020-03-09 20:45:27.520 [main] DEBUG o.h.p.w.spi.MetamodelGraphWalker - Visiting attribute path : st
2020-03-09 20:45:27.520 [main] DEBUG o.h.p.w.spi.MetamodelGraphWalker - Visiting attribute path : studymodel
2020-03-09 20:45:27.520 [main] DEBUG o.h.p.w.spi.MetamodelGraphWalker - Visiting attribute path : teachplan
2020-03-09 20:45:27.520 [main] DEBUG o.h.p.w.spi.MetamodelGraphWalker - Visiting attribute path : timestamp
2020-03-09 20:45:27.520 [main] DEBUG o.h.p.w.spi.MetamodelGraphWalker - Visiting attribute path : users
2020-03-09 20:45:27.520 [main] DEBUG o.h.p.w.spi.MetamodelGraphWalker - Visiting attribute path : valid
2020-03-09 20:45:27.520 [main] DEBUG o.h.l.p.b.i.FetchStyleLoadPlanBuildingAssociationVisitationStrategy - Building LoadPlan...
2020-03-09 20:45:27.521 [main] DEBUG o.h.l.p.e.i.LoadQueryJoinAndFetchProcessor - processing queryspace <gen:0>
2020-03-09 20:45:27.521 [main] DEBUG o.h.l.p.b.spi.LoadPlanTreePrinter - LoadPlan(entity=com.ningmeng.framework.domain.course.CoursePre)
    - Returns
       - EntityReturnImpl(entity=com.ningmeng.framework.domain.course.CoursePre, querySpaceUid=<gen:0>, path=com.ningmeng.framework.domain.course.CoursePre)
    - QuerySpaces
       - EntityQuerySpaceImpl(uid=<gen:0>, entity=com.ningmeng.framework.domain.course.CoursePre)
          - SQL table alias mapping - coursepre0_
          - alias suffix - 0_
          - suffixed key columns - {id1_6_0_}

2020-03-09 20:45:27.521 [main] DEBUG o.h.loader.entity.plan.EntityLoader - Static select for entity com.ningmeng.framework.domain.course.CoursePre [PESSIMISTIC_WRITE]: select coursepre0_.id as id1_6_0_, coursepre0_.charge as charge2_6_0_, coursepre0_.description as descript3_6_0_, coursepre0_.expires as expires4_6_0_, coursepre0_.grade as grade5_6_0_, coursepre0_.mt as mt6_6_0_, coursepre0_.name as name7_6_0_, coursepre0_.pic as pic8_6_0_, coursepre0_.price as price9_6_0_, coursepre0_.price_old as price_o10_6_0_, coursepre0_.qq as qq11_6_0_, coursepre0_.st as st12_6_0_, coursepre0_.studymodel as studymo13_6_0_, coursepre0_.teachplan as teachpl14_6_0_, coursepre0_.timestamp as timesta15_6_0_, coursepre0_.users as users16_6_0_, coursepre0_.valid as valid17_6_0_ from course_pre coursepre0_ where coursepre0_.id=? for update
2020-03-09 20:45:27.521 [main] DEBUG o.h.l.p.b.i.spaces.QuerySpacesImpl - Adding QuerySpace : uid = <gen:0> -> org.hibernate.loader.plan.build.internal.spaces.EntityQuerySpaceImpl@3739f3c9]
2020-03-09 20:45:27.521 [main] DEBUG o.h.p.w.spi.MetamodelGraphWalker - Visiting attribute path : charge
2020-03-09 20:45:27.521 [main] DEBUG o.h.p.w.spi.MetamodelGraphWalker - Visiting attribute path : description
2020-03-09 20:45:27.521 [main] DEBUG o.h.p.w.spi.MetamodelGraphWalker - Visiting attribute path : expires
2020-03-09 20:45:27.521 [main] DEBUG o.h.p.w.spi.MetamodelGraphWalker - Visiting attribute path : grade
2020-03-09 20:45:27.521 [main] DEBUG o.h.p.w.spi.MetamodelGraphWalker - Visiting attribute path : mt
2020-03-09 20:45:27.522 [main] DEBUG o.h.p.w.spi.MetamodelGraphWalker - Visiting attribute path : name
2020-03-09 20:45:27.522 [main] DEBUG o.h.p.w.spi.MetamodelGraphWalker - Visiting attribute path : pic
2020-03-09 20:45:27.522 [main] DEBUG o.h.p.w.spi.MetamodelGraphWalker - Visiting attribute path : price
2020-03-09 20:45:27.522 [main] DEBUG o.h.p.w.spi.MetamodelGraphWalker - Visiting attribute path : price_old
2020-03-09 20:45:27.522 [main] DEBUG o.h.p.w.spi.MetamodelGraphWalker - Visiting attribute path : qq
2020-03-09 20:45:27.522 [main] DEBUG o.h.p.w.spi.MetamodelGraphWalker - Visiting attribute path : st
2020-03-09 20:45:27.522 [main] DEBUG o.h.p.w.spi.MetamodelGraphWalker - Visiting attribute path : studymodel
2020-03-09 20:45:27.522 [main] DEBUG o.h.p.w.spi.MetamodelGraphWalker - Visiting attribute path : teachplan
2020-03-09 20:45:27.522 [main] DEBUG o.h.p.w.spi.MetamodelGraphWalker - Visiting attribute path : timestamp
2020-03-09 20:45:27.522 [main] DEBUG o.h.p.w.spi.MetamodelGraphWalker - Visiting attribute path : users
2020-03-09 20:45:27.522 [main] DEBUG o.h.p.w.spi.MetamodelGraphWalker - Visiting attribute path : valid
2020-03-09 20:45:27.522 [main] DEBUG o.h.l.p.b.i.FetchStyleLoadPlanBuildingAssociationVisitationStrategy - Building LoadPlan...
2020-03-09 20:45:27.522 [main] DEBUG o.h.l.p.e.i.LoadQueryJoinAndFetchProcessor - processing queryspace <gen:0>
2020-03-09 20:45:27.523 [main] DEBUG o.h.l.p.b.spi.LoadPlanTreePrinter - LoadPlan(entity=com.ningmeng.framework.domain.course.CoursePre)
    - Returns
       - EntityReturnImpl(entity=com.ningmeng.framework.domain.course.CoursePre, querySpaceUid=<gen:0>, path=com.ningmeng.framework.domain.course.CoursePre)
    - QuerySpaces
       - EntityQuerySpaceImpl(uid=<gen:0>, entity=com.ningmeng.framework.domain.course.CoursePre)
          - SQL table alias mapping - coursepre0_
          - alias suffix - 0_
          - suffixed key columns - {id1_6_0_}

2020-03-09 20:45:27.523 [main] DEBUG o.h.loader.entity.plan.EntityLoader - Static select for entity com.ningmeng.framework.domain.course.CoursePre [PESSIMISTIC_FORCE_INCREMENT]: select coursepre0_.id as id1_6_0_, coursepre0_.charge as charge2_6_0_, coursepre0_.description as descript3_6_0_, coursepre0_.expires as expires4_6_0_, coursepre0_.grade as grade5_6_0_, coursepre0_.mt as mt6_6_0_, coursepre0_.name as name7_6_0_, coursepre0_.pic as pic8_6_0_, coursepre0_.price as price9_6_0_, coursepre0_.price_old as price_o10_6_0_, coursepre0_.qq as qq11_6_0_, coursepre0_.st as st12_6_0_, coursepre0_.studymodel as studymo13_6_0_, coursepre0_.teachplan as teachpl14_6_0_, coursepre0_.timestamp as timesta15_6_0_, coursepre0_.users as users16_6_0_, coursepre0_.valid as valid17_6_0_ from course_pre coursepre0_ where coursepre0_.id=? for update
2020-03-09 20:45:27.523 [main] DEBUG o.h.l.p.b.i.spaces.QuerySpacesImpl - Adding QuerySpace : uid = <gen:0> -> org.hibernate.loader.plan.build.internal.spaces.EntityQuerySpaceImpl@40fe8fd5]
2020-03-09 20:45:27.523 [main] DEBUG o.h.p.w.spi.MetamodelGraphWalker - Visiting attribute path : charge
2020-03-09 20:45:27.523 [main] DEBUG o.h.p.w.spi.MetamodelGraphWalker - Visiting attribute path : description
2020-03-09 20:45:27.524 [main] DEBUG o.h.p.w.spi.MetamodelGraphWalker - Visiting attribute path : expires
2020-03-09 20:45:27.524 [main] DEBUG o.h.p.w.spi.MetamodelGraphWalker - Visiting attribute path : grade
2020-03-09 20:45:27.524 [main] DEBUG o.h.p.w.spi.MetamodelGraphWalker - Visiting attribute path : mt
2020-03-09 20:45:27.524 [main] DEBUG o.h.p.w.spi.MetamodelGraphWalker - Visiting attribute path : name
2020-03-09 20:45:27.524 [main] DEBUG o.h.p.w.spi.MetamodelGraphWalker - Visiting attribute path : pic
2020-03-09 20:45:27.524 [main] DEBUG o.h.p.w.spi.MetamodelGraphWalker - Visiting attribute path : price
2020-03-09 20:45:27.524 [main] DEBUG o.h.p.w.spi.MetamodelGraphWalker - Visiting attribute path : price_old
2020-03-09 20:45:27.524 [main] DEBUG o.h.p.w.spi.MetamodelGraphWalker - Visiting attribute path : qq
2020-03-09 20:45:27.524 [main] DEBUG o.h.p.w.spi.MetamodelGraphWalker - Visiting attribute path : st
2020-03-09 20:45:27.524 [main] DEBUG o.h.p.w.spi.MetamodelGraphWalker - Visiting attribute path : studymodel
2020-03-09 20:45:27.524 [main] DEBUG o.h.p.w.spi.MetamodelGraphWalker - Visiting attribute path : teachplan
2020-03-09 20:45:27.524 [main] DEBUG o.h.p.w.spi.MetamodelGraphWalker - Visiting attribute path : timestamp
2020-03-09 20:45:27.524 [main] DEBUG o.h.p.w.spi.MetamodelGraphWalker - Visiting attribute path : users
2020-03-09 20:45:27.524 [main] DEBUG o.h.p.w.spi.MetamodelGraphWalker - Visiting attribute path : valid
2020-03-09 20:45:27.524 [main] DEBUG o.h.l.p.b.i.FetchStyleLoadPlanBuildingAssociationVisitationStrategy - Building LoadPlan...
2020-03-09 20:45:27.525 [main] DEBUG o.h.l.p.e.i.LoadQueryJoinAndFetchProcessor - processing queryspace <gen:0>
2020-03-09 20:45:27.525 [main] DEBUG o.h.l.p.b.spi.LoadPlanTreePrinter - LoadPlan(entity=com.ningmeng.framework.domain.course.CoursePre)
    - Returns
       - EntityReturnImpl(entity=com.ningmeng.framework.domain.course.CoursePre, querySpaceUid=<gen:0>, path=com.ningmeng.framework.domain.course.CoursePre)
    - QuerySpaces
       - EntityQuerySpaceImpl(uid=<gen:0>, entity=com.ningmeng.framework.domain.course.CoursePre)
          - SQL table alias mapping - coursepre0_
          - alias suffix - 0_
          - suffixed key columns - {id1_6_0_}

2020-03-09 20:45:27.525 [main] DEBUG o.h.loader.entity.plan.EntityLoader - Static select for entity com.ningmeng.framework.domain.course.CoursePre [OPTIMISTIC]: select coursepre0_.id as id1_6_0_, coursepre0_.charge as charge2_6_0_, coursepre0_.description as descript3_6_0_, coursepre0_.expires as expires4_6_0_, coursepre0_.grade as grade5_6_0_, coursepre0_.mt as mt6_6_0_, coursepre0_.name as name7_6_0_, coursepre0_.pic as pic8_6_0_, coursepre0_.price as price9_6_0_, coursepre0_.price_old as price_o10_6_0_, coursepre0_.qq as qq11_6_0_, coursepre0_.st as st12_6_0_, coursepre0_.studymodel as studymo13_6_0_, coursepre0_.teachplan as teachpl14_6_0_, coursepre0_.timestamp as timesta15_6_0_, coursepre0_.users as users16_6_0_, coursepre0_.valid as valid17_6_0_ from course_pre coursepre0_ where coursepre0_.id=?
2020-03-09 20:45:27.525 [main] DEBUG o.h.l.p.b.i.spaces.QuerySpacesImpl - Adding QuerySpace : uid = <gen:0> -> org.hibernate.loader.plan.build.internal.spaces.EntityQuerySpaceImpl@4fa0ee7e]
2020-03-09 20:45:27.526 [main] DEBUG o.h.p.w.spi.MetamodelGraphWalker - Visiting attribute path : charge
2020-03-09 20:45:27.526 [main] DEBUG o.h.p.w.spi.MetamodelGraphWalker - Visiting attribute path : description
2020-03-09 20:45:27.526 [main] DEBUG o.h.p.w.spi.MetamodelGraphWalker - Visiting attribute path : expires
2020-03-09 20:45:27.526 [main] DEBUG o.h.p.w.spi.MetamodelGraphWalker - Visiting attribute path : grade
2020-03-09 20:45:27.526 [main] DEBUG o.h.p.w.spi.MetamodelGraphWalker - Visiting attribute path : mt
2020-03-09 20:45:27.526 [main] DEBUG o.h.p.w.spi.MetamodelGraphWalker - Visiting attribute path : name
2020-03-09 20:45:27.526 [main] DEBUG o.h.p.w.spi.MetamodelGraphWalker - Visiting attribute path : pic
2020-03-09 20:45:27.526 [main] DEBUG o.h.p.w.spi.MetamodelGraphWalker - Visiting attribute path : price
2020-03-09 20:45:27.526 [main] DEBUG o.h.p.w.spi.MetamodelGraphWalker - Visiting attribute path : price_old
2020-03-09 20:45:27.526 [main] DEBUG o.h.p.w.spi.MetamodelGraphWalker - Visiting attribute path : qq
2020-03-09 20:45:27.526 [main] DEBUG o.h.p.w.spi.MetamodelGraphWalker - Visiting attribute path : st
2020-03-09 20:45:27.526 [main] DEBUG o.h.p.w.spi.MetamodelGraphWalker - Visiting attribute path : studymodel
2020-03-09 20:45:27.526 [main] DEBUG o.h.p.w.spi.MetamodelGraphWalker - Visiting attribute path : teachplan
2020-03-09 20:45:27.526 [main] DEBUG o.h.p.w.spi.MetamodelGraphWalker - Visiting attribute path : timestamp
2020-03-09 20:45:27.526 [main] DEBUG o.h.p.w.spi.MetamodelGraphWalker - Visiting attribute path : users
2020-03-09 20:45:27.526 [main] DEBUG o.h.p.w.spi.MetamodelGraphWalker - Visiting attribute path : valid
2020-03-09 20:45:27.526 [main] DEBUG o.h.l.p.b.i.FetchStyleLoadPlanBuildingAssociationVisitationStrategy - Building LoadPlan...
2020-03-09 20:45:27.527 [main] DEBUG o.h.l.p.e.i.LoadQueryJoinAndFetchProcessor - processing queryspace <gen:0>
2020-03-09 20:45:27.527 [main] DEBUG o.h.l.p.b.spi.LoadPlanTreePrinter - LoadPlan(entity=com.ningmeng.framework.domain.course.CoursePre)
    - Returns
       - EntityReturnImpl(entity=com.ningmeng.framework.domain.course.CoursePre, querySpaceUid=<gen:0>, path=com.ningmeng.framework.domain.course.CoursePre)
    - QuerySpaces
       - EntityQuerySpaceImpl(uid=<gen:0>, entity=com.ningmeng.framework.domain.course.CoursePre)
          - SQL table alias mapping - coursepre0_
          - alias suffix - 0_
          - suffixed key columns - {id1_6_0_}

2020-03-09 20:45:27.527 [main] DEBUG o.h.loader.entity.plan.EntityLoader - Static select for entity com.ningmeng.framework.domain.course.CoursePre [OPTIMISTIC_FORCE_INCREMENT]: select coursepre0_.id as id1_6_0_, coursepre0_.charge as charge2_6_0_, coursepre0_.description as descript3_6_0_, coursepre0_.expires as expires4_6_0_, coursepre0_.grade as grade5_6_0_, coursepre0_.mt as mt6_6_0_, coursepre0_.name as name7_6_0_, coursepre0_.pic as pic8_6_0_, coursepre0_.price as price9_6_0_, coursepre0_.price_old as price_o10_6_0_, coursepre0_.qq as qq11_6_0_, coursepre0_.st as st12_6_0_, coursepre0_.studymodel as studymo13_6_0_, coursepre0_.teachplan as teachpl14_6_0_, coursepre0_.timestamp as timesta15_6_0_, coursepre0_.users as users16_6_0_, coursepre0_.valid as valid17_6_0_ from course_pre coursepre0_ where coursepre0_.id=?
2020-03-09 20:45:27.552 [main] DEBUG org.hibernate.loader.Loader - Static select for action ACTION_MERGE on entity com.ningmeng.framework.domain.course.CoursePre: select coursepre0_.id as id1_6_0_, coursepre0_.charge as charge2_6_0_, coursepre0_.description as descript3_6_0_, coursepre0_.expires as expires4_6_0_, coursepre0_.grade as grade5_6_0_, coursepre0_.mt as mt6_6_0_, coursepre0_.name as name7_6_0_, coursepre0_.pic as pic8_6_0_, coursepre0_.price as price9_6_0_, coursepre0_.price_old as price_o10_6_0_, coursepre0_.qq as qq11_6_0_, coursepre0_.st as st12_6_0_, coursepre0_.studymodel as studymo13_6_0_, coursepre0_.teachplan as teachpl14_6_0_, coursepre0_.timestamp as timesta15_6_0_, coursepre0_.users as users16_6_0_, coursepre0_.valid as valid17_6_0_ from course_pre coursepre0_ where coursepre0_.id=?
2020-03-09 20:45:27.553 [main] DEBUG org.hibernate.loader.Loader - Static select for action ACTION_REFRESH on entity com.ningmeng.framework.domain.course.CoursePre: select coursepre0_.id as id1_6_0_, coursepre0_.charge as charge2_6_0_, coursepre0_.description as descript3_6_0_, coursepre0_.expires as expires4_6_0_, coursepre0_.grade as grade5_6_0_, coursepre0_.mt as mt6_6_0_, coursepre0_.name as name7_6_0_, coursepre0_.pic as pic8_6_0_, coursepre0_.price as price9_6_0_, coursepre0_.price_old as price_o10_6_0_, coursepre0_.qq as qq11_6_0_, coursepre0_.st as st12_6_0_, coursepre0_.studymodel as studymo13_6_0_, coursepre0_.teachplan as teachpl14_6_0_, coursepre0_.timestamp as timesta15_6_0_, coursepre0_.users as users16_6_0_, coursepre0_.valid as valid17_6_0_ from course_pre coursepre0_ where coursepre0_.id=?
2020-03-09 20:45:27.553 [main] DEBUG o.h.p.entity.AbstractEntityPersister - Static SQL for entity: com.ningmeng.framework.domain.course.Teachplan
2020-03-09 20:45:27.553 [main] DEBUG o.h.p.entity.AbstractEntityPersister -  Version select: select id from teachplan where id =?
2020-03-09 20:45:27.553 [main] DEBUG o.h.p.entity.AbstractEntityPersister -  Snapshot select: select teachplan_.id, teachplan_.courseid as courseid2_8_, teachplan_.description as descript3_8_, teachplan_.grade as grade4_8_, teachplan_.orderby as orderby5_8_, teachplan_.parentid as parentid6_8_, teachplan_.pname as pname7_8_, teachplan_.ptype as ptype8_8_, teachplan_.status as status9_8_, teachplan_.timelength as timelen10_8_, teachplan_.trylearn as trylear11_8_ from teachplan teachplan_ where teachplan_.id=?
2020-03-09 20:45:27.553 [main] DEBUG o.h.p.entity.AbstractEntityPersister -  Insert 0: insert into teachplan (courseid, description, grade, orderby, parentid, pname, ptype, status, timelength, trylearn, id) values (?, ?, ?, ?, ?, ?, ?, ?, ?, ?, ?)
2020-03-09 20:45:27.554 [main] DEBUG o.h.p.entity.AbstractEntityPersister -  Update 0: update teachplan set courseid=?, description=?, grade=?, orderby=?, parentid=?, pname=?, ptype=?, status=?, timelength=?, trylearn=? where id=?
2020-03-09 20:45:27.554 [main] DEBUG o.h.p.entity.AbstractEntityPersister -  Delete 0: delete from teachplan where id=?
2020-03-09 20:45:27.554 [main] DEBUG o.h.l.p.b.i.spaces.QuerySpacesImpl - Adding QuerySpace : uid = <gen:0> -> org.hibernate.loader.plan.build.internal.spaces.EntityQuerySpaceImpl@10b67f54]
2020-03-09 20:45:27.554 [main] DEBUG o.h.p.w.spi.MetamodelGraphWalker - Visiting attribute path : courseid
2020-03-09 20:45:27.554 [main] DEBUG o.h.p.w.spi.MetamodelGraphWalker - Visiting attribute path : description
2020-03-09 20:45:27.554 [main] DEBUG o.h.p.w.spi.MetamodelGraphWalker - Visiting attribute path : grade
2020-03-09 20:45:27.554 [main] DEBUG o.h.p.w.spi.MetamodelGraphWalker - Visiting attribute path : orderby
2020-03-09 20:45:27.554 [main] DEBUG o.h.p.w.spi.MetamodelGraphWalker - Visiting attribute path : parentid
2020-03-09 20:45:27.554 [main] DEBUG o.h.p.w.spi.MetamodelGraphWalker - Visiting attribute path : pname
2020-03-09 20:45:27.554 [main] DEBUG o.h.p.w.spi.MetamodelGraphWalker - Visiting attribute path : ptype
2020-03-09 20:45:27.554 [main] DEBUG o.h.p.w.spi.MetamodelGraphWalker - Visiting attribute path : status
2020-03-09 20:45:27.554 [main] DEBUG o.h.p.w.spi.MetamodelGraphWalker - Visiting attribute path : timelength
2020-03-09 20:45:27.554 [main] DEBUG o.h.p.w.spi.MetamodelGraphWalker - Visiting attribute path : trylearn
2020-03-09 20:45:27.554 [main] DEBUG o.h.l.p.b.i.FetchStyleLoadPlanBuildingAssociationVisitationStrategy - Building LoadPlan...
2020-03-09 20:45:27.555 [main] DEBUG o.h.l.p.e.i.LoadQueryJoinAndFetchProcessor - processing queryspace <gen:0>
2020-03-09 20:45:27.555 [main] DEBUG o.h.l.p.b.spi.LoadPlanTreePrinter - LoadPlan(entity=com.ningmeng.framework.domain.course.Teachplan)
    - Returns
       - EntityReturnImpl(entity=com.ningmeng.framework.domain.course.Teachplan, querySpaceUid=<gen:0>, path=com.ningmeng.framework.domain.course.Teachplan)
    - QuerySpaces
       - EntityQuerySpaceImpl(uid=<gen:0>, entity=com.ningmeng.framework.domain.course.Teachplan)
          - SQL table alias mapping - teachplan0_
          - alias suffix - 0_
          - suffixed key columns - {id1_8_0_}

2020-03-09 20:45:27.555 [main] DEBUG o.h.loader.entity.plan.EntityLoader - Static select for entity com.ningmeng.framework.domain.course.Teachplan [NONE]: select teachplan0_.id as id1_8_0_, teachplan0_.courseid as courseid2_8_0_, teachplan0_.description as descript3_8_0_, teachplan0_.grade as grade4_8_0_, teachplan0_.orderby as orderby5_8_0_, teachplan0_.parentid as parentid6_8_0_, teachplan0_.pname as pname7_8_0_, teachplan0_.ptype as ptype8_8_0_, teachplan0_.status as status9_8_0_, teachplan0_.timelength as timelen10_8_0_, teachplan0_.trylearn as trylear11_8_0_ from teachplan teachplan0_ where teachplan0_.id=?
2020-03-09 20:45:27.555 [main] DEBUG o.h.l.p.b.i.spaces.QuerySpacesImpl - Adding QuerySpace : uid = <gen:0> -> org.hibernate.loader.plan.build.internal.spaces.EntityQuerySpaceImpl@455da438]
2020-03-09 20:45:27.555 [main] DEBUG o.h.p.w.spi.MetamodelGraphWalker - Visiting attribute path : courseid
2020-03-09 20:45:27.555 [main] DEBUG o.h.p.w.spi.MetamodelGraphWalker - Visiting attribute path : description
2020-03-09 20:45:27.555 [main] DEBUG o.h.p.w.spi.MetamodelGraphWalker - Visiting attribute path : grade
2020-03-09 20:45:27.555 [main] DEBUG o.h.p.w.spi.MetamodelGraphWalker - Visiting attribute path : orderby
2020-03-09 20:45:27.556 [main] DEBUG o.h.p.w.spi.MetamodelGraphWalker - Visiting attribute path : parentid
2020-03-09 20:45:27.556 [main] DEBUG o.h.p.w.spi.MetamodelGraphWalker - Visiting attribute path : pname
2020-03-09 20:45:27.556 [main] DEBUG o.h.p.w.spi.MetamodelGraphWalker - Visiting attribute path : ptype
2020-03-09 20:45:27.556 [main] DEBUG o.h.p.w.spi.MetamodelGraphWalker - Visiting attribute path : status
2020-03-09 20:45:27.556 [main] DEBUG o.h.p.w.spi.MetamodelGraphWalker - Visiting attribute path : timelength
2020-03-09 20:45:27.556 [main] DEBUG o.h.p.w.spi.MetamodelGraphWalker - Visiting attribute path : trylearn
2020-03-09 20:45:27.556 [main] DEBUG o.h.l.p.b.i.FetchStyleLoadPlanBuildingAssociationVisitationStrategy - Building LoadPlan...
2020-03-09 20:45:27.556 [main] DEBUG o.h.l.p.e.i.LoadQueryJoinAndFetchProcessor - processing queryspace <gen:0>
2020-03-09 20:45:27.557 [main] DEBUG o.h.l.p.b.spi.LoadPlanTreePrinter - LoadPlan(entity=com.ningmeng.framework.domain.course.Teachplan)
    - Returns
       - EntityReturnImpl(entity=com.ningmeng.framework.domain.course.Teachplan, querySpaceUid=<gen:0>, path=com.ningmeng.framework.domain.course.Teachplan)
    - QuerySpaces
       - EntityQuerySpaceImpl(uid=<gen:0>, entity=com.ningmeng.framework.domain.course.Teachplan)
          - SQL table alias mapping - teachplan0_
          - alias suffix - 0_
          - suffixed key columns - {id1_8_0_}

2020-03-09 20:45:27.557 [main] DEBUG o.h.loader.entity.plan.EntityLoader - Static select for entity com.ningmeng.framework.domain.course.Teachplan [READ]: select teachplan0_.id as id1_8_0_, teachplan0_.courseid as courseid2_8_0_, teachplan0_.description as descript3_8_0_, teachplan0_.grade as grade4_8_0_, teachplan0_.orderby as orderby5_8_0_, teachplan0_.parentid as parentid6_8_0_, teachplan0_.pname as pname7_8_0_, teachplan0_.ptype as ptype8_8_0_, teachplan0_.status as status9_8_0_, teachplan0_.timelength as timelen10_8_0_, teachplan0_.trylearn as trylear11_8_0_ from teachplan teachplan0_ where teachplan0_.id=?
2020-03-09 20:45:27.557 [main] DEBUG o.h.l.p.b.i.spaces.QuerySpacesImpl - Adding QuerySpace : uid = <gen:0> -> org.hibernate.loader.plan.build.internal.spaces.EntityQuerySpaceImpl@438aaa9f]
2020-03-09 20:45:27.557 [main] DEBUG o.h.p.w.spi.MetamodelGraphWalker - Visiting attribute path : courseid
2020-03-09 20:45:27.557 [main] DEBUG o.h.p.w.spi.MetamodelGraphWalker - Visiting attribute path : description
2020-03-09 20:45:27.557 [main] DEBUG o.h.p.w.spi.MetamodelGraphWalker - Visiting attribute path : grade
2020-03-09 20:45:27.558 [main] DEBUG o.h.p.w.spi.MetamodelGraphWalker - Visiting attribute path : orderby
2020-03-09 20:45:27.558 [main] DEBUG o.h.p.w.spi.MetamodelGraphWalker - Visiting attribute path : parentid
2020-03-09 20:45:27.558 [main] DEBUG o.h.p.w.spi.MetamodelGraphWalker - Visiting attribute path : pname
2020-03-09 20:45:27.558 [main] DEBUG o.h.p.w.spi.MetamodelGraphWalker - Visiting attribute path : ptype
2020-03-09 20:45:27.558 [main] DEBUG o.h.p.w.spi.MetamodelGraphWalker - Visiting attribute path : status
2020-03-09 20:45:27.558 [main] DEBUG o.h.p.w.spi.MetamodelGraphWalker - Visiting attribute path : timelength
2020-03-09 20:45:27.558 [main] DEBUG o.h.p.w.spi.MetamodelGraphWalker - Visiting attribute path : trylearn
2020-03-09 20:45:27.558 [main] DEBUG o.h.l.p.b.i.FetchStyleLoadPlanBuildingAssociationVisitationStrategy - Building LoadPlan...
2020-03-09 20:45:27.558 [main] DEBUG o.h.l.p.e.i.LoadQueryJoinAndFetchProcessor - processing queryspace <gen:0>
2020-03-09 20:45:27.559 [main] DEBUG o.h.l.p.b.spi.LoadPlanTreePrinter - LoadPlan(entity=com.ningmeng.framework.domain.course.Teachplan)
    - Returns
       - EntityReturnImpl(entity=com.ningmeng.framework.domain.course.Teachplan, querySpaceUid=<gen:0>, path=com.ningmeng.framework.domain.course.Teachplan)
    - QuerySpaces
       - EntityQuerySpaceImpl(uid=<gen:0>, entity=com.ningmeng.framework.domain.course.Teachplan)
          - SQL table alias mapping - teachplan0_
          - alias suffix - 0_
          - suffixed key columns - {id1_8_0_}

2020-03-09 20:45:27.559 [main] DEBUG o.h.loader.entity.plan.EntityLoader - Static select for entity com.ningmeng.framework.domain.course.Teachplan [UPGRADE]: select teachplan0_.id as id1_8_0_, teachplan0_.courseid as courseid2_8_0_, teachplan0_.description as descript3_8_0_, teachplan0_.grade as grade4_8_0_, teachplan0_.orderby as orderby5_8_0_, teachplan0_.parentid as parentid6_8_0_, teachplan0_.pname as pname7_8_0_, teachplan0_.ptype as ptype8_8_0_, teachplan0_.status as status9_8_0_, teachplan0_.timelength as timelen10_8_0_, teachplan0_.trylearn as trylear11_8_0_ from teachplan teachplan0_ where teachplan0_.id=? for update
2020-03-09 20:45:27.559 [main] DEBUG o.h.l.p.b.i.spaces.QuerySpacesImpl - Adding QuerySpace : uid = <gen:0> -> org.hibernate.loader.plan.build.internal.spaces.EntityQuerySpaceImpl@1752e45c]
2020-03-09 20:45:27.559 [main] DEBUG o.h.p.w.spi.MetamodelGraphWalker - Visiting attribute path : courseid
2020-03-09 20:45:27.559 [main] DEBUG o.h.p.w.spi.MetamodelGraphWalker - Visiting attribute path : description
2020-03-09 20:45:27.559 [main] DEBUG o.h.p.w.spi.MetamodelGraphWalker - Visiting attribute path : grade
2020-03-09 20:45:27.559 [main] DEBUG o.h.p.w.spi.MetamodelGraphWalker - Visiting attribute path : orderby
2020-03-09 20:45:27.559 [main] DEBUG o.h.p.w.spi.MetamodelGraphWalker - Visiting attribute path : parentid
2020-03-09 20:45:27.559 [main] DEBUG o.h.p.w.spi.MetamodelGraphWalker - Visiting attribute path : pname
2020-03-09 20:45:27.559 [main] DEBUG o.h.p.w.spi.MetamodelGraphWalker - Visiting attribute path : ptype
2020-03-09 20:45:27.559 [main] DEBUG o.h.p.w.spi.MetamodelGraphWalker - Visiting attribute path : status
2020-03-09 20:45:27.559 [main] DEBUG o.h.p.w.spi.MetamodelGraphWalker - Visiting attribute path : timelength
2020-03-09 20:45:27.559 [main] DEBUG o.h.p.w.spi.MetamodelGraphWalker - Visiting attribute path : trylearn
2020-03-09 20:45:27.559 [main] DEBUG o.h.l.p.b.i.FetchStyleLoadPlanBuildingAssociationVisitationStrategy - Building LoadPlan...
2020-03-09 20:45:27.560 [main] DEBUG o.h.l.p.e.i.LoadQueryJoinAndFetchProcessor - processing queryspace <gen:0>
2020-03-09 20:45:27.560 [main] DEBUG o.h.l.p.b.spi.LoadPlanTreePrinter - LoadPlan(entity=com.ningmeng.framework.domain.course.Teachplan)
    - Returns
       - EntityReturnImpl(entity=com.ningmeng.framework.domain.course.Teachplan, querySpaceUid=<gen:0>, path=com.ningmeng.framework.domain.course.Teachplan)
    - QuerySpaces
       - EntityQuerySpaceImpl(uid=<gen:0>, entity=com.ningmeng.framework.domain.course.Teachplan)
          - SQL table alias mapping - teachplan0_
          - alias suffix - 0_
          - suffixed key columns - {id1_8_0_}

2020-03-09 20:45:27.560 [main] DEBUG o.h.loader.entity.plan.EntityLoader - Static select for entity com.ningmeng.framework.domain.course.Teachplan [UPGRADE_NOWAIT]: select teachplan0_.id as id1_8_0_, teachplan0_.courseid as courseid2_8_0_, teachplan0_.description as descript3_8_0_, teachplan0_.grade as grade4_8_0_, teachplan0_.orderby as orderby5_8_0_, teachplan0_.parentid as parentid6_8_0_, teachplan0_.pname as pname7_8_0_, teachplan0_.ptype as ptype8_8_0_, teachplan0_.status as status9_8_0_, teachplan0_.timelength as timelen10_8_0_, teachplan0_.trylearn as trylear11_8_0_ from teachplan teachplan0_ where teachplan0_.id=? for update
2020-03-09 20:45:27.560 [main] DEBUG o.h.l.p.b.i.spaces.QuerySpacesImpl - Adding QuerySpace : uid = <gen:0> -> org.hibernate.loader.plan.build.internal.spaces.EntityQuerySpaceImpl@481ed95c]
2020-03-09 20:45:27.561 [main] DEBUG o.h.p.w.spi.MetamodelGraphWalker - Visiting attribute path : courseid
2020-03-09 20:45:27.561 [main] DEBUG o.h.p.w.spi.MetamodelGraphWalker - Visiting attribute path : description
2020-03-09 20:45:27.561 [main] DEBUG o.h.p.w.spi.MetamodelGraphWalker - Visiting attribute path : grade
2020-03-09 20:45:27.561 [main] DEBUG o.h.p.w.spi.MetamodelGraphWalker - Visiting attribute path : orderby
2020-03-09 20:45:27.561 [main] DEBUG o.h.p.w.spi.MetamodelGraphWalker - Visiting attribute path : parentid
2020-03-09 20:45:27.561 [main] DEBUG o.h.p.w.spi.MetamodelGraphWalker - Visiting attribute path : pname
2020-03-09 20:45:27.561 [main] DEBUG o.h.p.w.spi.MetamodelGraphWalker - Visiting attribute path : ptype
2020-03-09 20:45:27.561 [main] DEBUG o.h.p.w.spi.MetamodelGraphWalker - Visiting attribute path : status
2020-03-09 20:45:27.561 [main] DEBUG o.h.p.w.spi.MetamodelGraphWalker - Visiting attribute path : timelength
2020-03-09 20:45:27.561 [main] DEBUG o.h.p.w.spi.MetamodelGraphWalker - Visiting attribute path : trylearn
2020-03-09 20:45:27.561 [main] DEBUG o.h.l.p.b.i.FetchStyleLoadPlanBuildingAssociationVisitationStrategy - Building LoadPlan...
2020-03-09 20:45:27.562 [main] DEBUG o.h.l.p.e.i.LoadQueryJoinAndFetchProcessor - processing queryspace <gen:0>
2020-03-09 20:45:27.562 [main] DEBUG o.h.l.p.b.spi.LoadPlanTreePrinter - LoadPlan(entity=com.ningmeng.framework.domain.course.Teachplan)
    - Returns
       - EntityReturnImpl(entity=com.ningmeng.framework.domain.course.Teachplan, querySpaceUid=<gen:0>, path=com.ningmeng.framework.domain.course.Teachplan)
    - QuerySpaces
       - EntityQuerySpaceImpl(uid=<gen:0>, entity=com.ningmeng.framework.domain.course.Teachplan)
          - SQL table alias mapping - teachplan0_
          - alias suffix - 0_
          - suffixed key columns - {id1_8_0_}

2020-03-09 20:45:27.563 [main] DEBUG o.h.loader.entity.plan.EntityLoader - Static select for entity com.ningmeng.framework.domain.course.Teachplan [UPGRADE_SKIPLOCKED]: select teachplan0_.id as id1_8_0_, teachplan0_.courseid as courseid2_8_0_, teachplan0_.description as descript3_8_0_, teachplan0_.grade as grade4_8_0_, teachplan0_.orderby as orderby5_8_0_, teachplan0_.parentid as parentid6_8_0_, teachplan0_.pname as pname7_8_0_, teachplan0_.ptype as ptype8_8_0_, teachplan0_.status as status9_8_0_, teachplan0_.timelength as timelen10_8_0_, teachplan0_.trylearn as trylear11_8_0_ from teachplan teachplan0_ where teachplan0_.id=? for update
2020-03-09 20:45:27.563 [main] DEBUG o.h.l.p.b.i.spaces.QuerySpacesImpl - Adding QuerySpace : uid = <gen:0> -> org.hibernate.loader.plan.build.internal.spaces.EntityQuerySpaceImpl@40bf0e15]
2020-03-09 20:45:27.563 [main] DEBUG o.h.p.w.spi.MetamodelGraphWalker - Visiting attribute path : courseid
2020-03-09 20:45:27.563 [main] DEBUG o.h.p.w.spi.MetamodelGraphWalker - Visiting attribute path : description
2020-03-09 20:45:27.563 [main] DEBUG o.h.p.w.spi.MetamodelGraphWalker - Visiting attribute path : grade
2020-03-09 20:45:27.563 [main] DEBUG o.h.p.w.spi.MetamodelGraphWalker - Visiting attribute path : orderby
2020-03-09 20:45:27.563 [main] DEBUG o.h.p.w.spi.MetamodelGraphWalker - Visiting attribute path : parentid
2020-03-09 20:45:27.563 [main] DEBUG o.h.p.w.spi.MetamodelGraphWalker - Visiting attribute path : pname
2020-03-09 20:45:27.563 [main] DEBUG o.h.p.w.spi.MetamodelGraphWalker - Visiting attribute path : ptype
2020-03-09 20:45:27.563 [main] DEBUG o.h.p.w.spi.MetamodelGraphWalker - Visiting attribute path : status
2020-03-09 20:45:27.563 [main] DEBUG o.h.p.w.spi.MetamodelGraphWalker - Visiting attribute path : timelength
2020-03-09 20:45:27.563 [main] DEBUG o.h.p.w.spi.MetamodelGraphWalker - Visiting attribute path : trylearn
2020-03-09 20:45:27.564 [main] DEBUG o.h.l.p.b.i.FetchStyleLoadPlanBuildingAssociationVisitationStrategy - Building LoadPlan...
2020-03-09 20:45:27.564 [main] DEBUG o.h.l.p.e.i.LoadQueryJoinAndFetchProcessor - processing queryspace <gen:0>
2020-03-09 20:45:27.564 [main] DEBUG o.h.l.p.b.spi.LoadPlanTreePrinter - LoadPlan(entity=com.ningmeng.framework.domain.course.Teachplan)
    - Returns
       - EntityReturnImpl(entity=com.ningmeng.framework.domain.course.Teachplan, querySpaceUid=<gen:0>, path=com.ningmeng.framework.domain.course.Teachplan)
    - QuerySpaces
       - EntityQuerySpaceImpl(uid=<gen:0>, entity=com.ningmeng.framework.domain.course.Teachplan)
          - SQL table alias mapping - teachplan0_
          - alias suffix - 0_
          - suffixed key columns - {id1_8_0_}

2020-03-09 20:45:27.564 [main] DEBUG o.h.loader.entity.plan.EntityLoader - Static select for entity com.ningmeng.framework.domain.course.Teachplan [FORCE]: select teachplan0_.id as id1_8_0_, teachplan0_.courseid as courseid2_8_0_, teachplan0_.description as descript3_8_0_, teachplan0_.grade as grade4_8_0_, teachplan0_.orderby as orderby5_8_0_, teachplan0_.parentid as parentid6_8_0_, teachplan0_.pname as pname7_8_0_, teachplan0_.ptype as ptype8_8_0_, teachplan0_.status as status9_8_0_, teachplan0_.timelength as timelen10_8_0_, teachplan0_.trylearn as trylear11_8_0_ from teachplan teachplan0_ where teachplan0_.id=? for update
2020-03-09 20:45:27.564 [main] DEBUG o.h.l.p.b.i.spaces.QuerySpacesImpl - Adding QuerySpace : uid = <gen:0> -> org.hibernate.loader.plan.build.internal.spaces.EntityQuerySpaceImpl@121ddca4]
2020-03-09 20:45:27.565 [main] DEBUG o.h.p.w.spi.MetamodelGraphWalker - Visiting attribute path : courseid
2020-03-09 20:45:27.565 [main] DEBUG o.h.p.w.spi.MetamodelGraphWalker - Visiting attribute path : description
2020-03-09 20:45:27.565 [main] DEBUG o.h.p.w.spi.MetamodelGraphWalker - Visiting attribute path : grade
2020-03-09 20:45:27.565 [main] DEBUG o.h.p.w.spi.MetamodelGraphWalker - Visiting attribute path : orderby
2020-03-09 20:45:27.565 [main] DEBUG o.h.p.w.spi.MetamodelGraphWalker - Visiting attribute path : parentid
2020-03-09 20:45:27.565 [main] DEBUG o.h.p.w.spi.MetamodelGraphWalker - Visiting attribute path : pname
2020-03-09 20:45:27.565 [main] DEBUG o.h.p.w.spi.MetamodelGraphWalker - Visiting attribute path : ptype
2020-03-09 20:45:27.565 [main] DEBUG o.h.p.w.spi.MetamodelGraphWalker - Visiting attribute path : status
2020-03-09 20:45:27.565 [main] DEBUG o.h.p.w.spi.MetamodelGraphWalker - Visiting attribute path : timelength
2020-03-09 20:45:27.565 [main] DEBUG o.h.p.w.spi.MetamodelGraphWalker - Visiting attribute path : trylearn
2020-03-09 20:45:27.565 [main] DEBUG o.h.l.p.b.i.FetchStyleLoadPlanBuildingAssociationVisitationStrategy - Building LoadPlan...
2020-03-09 20:45:27.566 [main] DEBUG o.h.l.p.e.i.LoadQueryJoinAndFetchProcessor - processing queryspace <gen:0>
2020-03-09 20:45:27.567 [main] DEBUG o.h.l.p.b.spi.LoadPlanTreePrinter - LoadPlan(entity=com.ningmeng.framework.domain.course.Teachplan)
    - Returns
       - EntityReturnImpl(entity=com.ningmeng.framework.domain.course.Teachplan, querySpaceUid=<gen:0>, path=com.ningmeng.framework.domain.course.Teachplan)
    - QuerySpaces
       - EntityQuerySpaceImpl(uid=<gen:0>, entity=com.ningmeng.framework.domain.course.Teachplan)
          - SQL table alias mapping - teachplan0_
          - alias suffix - 0_
          - suffixed key columns - {id1_8_0_}

2020-03-09 20:45:27.567 [main] DEBUG o.h.loader.entity.plan.EntityLoader - Static select for entity com.ningmeng.framework.domain.course.Teachplan [PESSIMISTIC_READ]: select teachplan0_.id as id1_8_0_, teachplan0_.courseid as courseid2_8_0_, teachplan0_.description as descript3_8_0_, teachplan0_.grade as grade4_8_0_, teachplan0_.orderby as orderby5_8_0_, teachplan0_.parentid as parentid6_8_0_, teachplan0_.pname as pname7_8_0_, teachplan0_.ptype as ptype8_8_0_, teachplan0_.status as status9_8_0_, teachplan0_.timelength as timelen10_8_0_, teachplan0_.trylearn as trylear11_8_0_ from teachplan teachplan0_ where teachplan0_.id=? lock in share mode
2020-03-09 20:45:27.567 [main] DEBUG o.h.l.p.b.i.spaces.QuerySpacesImpl - Adding QuerySpace : uid = <gen:0> -> org.hibernate.loader.plan.build.internal.spaces.EntityQuerySpaceImpl@118cbded]
2020-03-09 20:45:27.568 [main] DEBUG o.h.p.w.spi.MetamodelGraphWalker - Visiting attribute path : courseid
2020-03-09 20:45:27.568 [main] DEBUG o.h.p.w.spi.MetamodelGraphWalker - Visiting attribute path : description
2020-03-09 20:45:27.568 [main] DEBUG o.h.p.w.spi.MetamodelGraphWalker - Visiting attribute path : grade
2020-03-09 20:45:27.568 [main] DEBUG o.h.p.w.spi.MetamodelGraphWalker - Visiting attribute path : orderby
2020-03-09 20:45:27.568 [main] DEBUG o.h.p.w.spi.MetamodelGraphWalker - Visiting attribute path : parentid
2020-03-09 20:45:27.568 [main] DEBUG o.h.p.w.spi.MetamodelGraphWalker - Visiting attribute path : pname
2020-03-09 20:45:27.568 [main] DEBUG o.h.p.w.spi.MetamodelGraphWalker - Visiting attribute path : ptype
2020-03-09 20:45:27.568 [main] DEBUG o.h.p.w.spi.MetamodelGraphWalker - Visiting attribute path : status
2020-03-09 20:45:27.568 [main] DEBUG o.h.p.w.spi.MetamodelGraphWalker - Visiting attribute path : timelength
2020-03-09 20:45:27.568 [main] DEBUG o.h.p.w.spi.MetamodelGraphWalker - Visiting attribute path : trylearn
2020-03-09 20:45:27.568 [main] DEBUG o.h.l.p.b.i.FetchStyleLoadPlanBuildingAssociationVisitationStrategy - Building LoadPlan...
2020-03-09 20:45:27.568 [main] DEBUG o.h.l.p.e.i.LoadQueryJoinAndFetchProcessor - processing queryspace <gen:0>
2020-03-09 20:45:27.569 [main] DEBUG o.h.l.p.b.spi.LoadPlanTreePrinter - LoadPlan(entity=com.ningmeng.framework.domain.course.Teachplan)
    - Returns
       - EntityReturnImpl(entity=com.ningmeng.framework.domain.course.Teachplan, querySpaceUid=<gen:0>, path=com.ningmeng.framework.domain.course.Teachplan)
    - QuerySpaces
       - EntityQuerySpaceImpl(uid=<gen:0>, entity=com.ningmeng.framework.domain.course.Teachplan)
          - SQL table alias mapping - teachplan0_
          - alias suffix - 0_
          - suffixed key columns - {id1_8_0_}

2020-03-09 20:45:27.569 [main] DEBUG o.h.loader.entity.plan.EntityLoader - Static select for entity com.ningmeng.framework.domain.course.Teachplan [PESSIMISTIC_WRITE]: select teachplan0_.id as id1_8_0_, teachplan0_.courseid as courseid2_8_0_, teachplan0_.description as descript3_8_0_, teachplan0_.grade as grade4_8_0_, teachplan0_.orderby as orderby5_8_0_, teachplan0_.parentid as parentid6_8_0_, teachplan0_.pname as pname7_8_0_, teachplan0_.ptype as ptype8_8_0_, teachplan0_.status as status9_8_0_, teachplan0_.timelength as timelen10_8_0_, teachplan0_.trylearn as trylear11_8_0_ from teachplan teachplan0_ where teachplan0_.id=? for update
2020-03-09 20:45:27.569 [main] DEBUG o.h.l.p.b.i.spaces.QuerySpacesImpl - Adding QuerySpace : uid = <gen:0> -> org.hibernate.loader.plan.build.internal.spaces.EntityQuerySpaceImpl@7848321e]
2020-03-09 20:45:27.570 [main] DEBUG o.h.p.w.spi.MetamodelGraphWalker - Visiting attribute path : courseid
2020-03-09 20:45:27.570 [main] DEBUG o.h.p.w.spi.MetamodelGraphWalker - Visiting attribute path : description
2020-03-09 20:45:27.570 [main] DEBUG o.h.p.w.spi.MetamodelGraphWalker - Visiting attribute path : grade
2020-03-09 20:45:27.570 [main] DEBUG o.h.p.w.spi.MetamodelGraphWalker - Visiting attribute path : orderby
2020-03-09 20:45:27.570 [main] DEBUG o.h.p.w.spi.MetamodelGraphWalker - Visiting attribute path : parentid
2020-03-09 20:45:27.570 [main] DEBUG o.h.p.w.spi.MetamodelGraphWalker - Visiting attribute path : pname
2020-03-09 20:45:27.570 [main] DEBUG o.h.p.w.spi.MetamodelGraphWalker - Visiting attribute path : ptype
2020-03-09 20:45:27.570 [main] DEBUG o.h.p.w.spi.MetamodelGraphWalker - Visiting attribute path : status
2020-03-09 20:45:27.570 [main] DEBUG o.h.p.w.spi.MetamodelGraphWalker - Visiting attribute path : timelength
2020-03-09 20:45:27.570 [main] DEBUG o.h.p.w.spi.MetamodelGraphWalker - Visiting attribute path : trylearn
2020-03-09 20:45:27.570 [main] DEBUG o.h.l.p.b.i.FetchStyleLoadPlanBuildingAssociationVisitationStrategy - Building LoadPlan...
2020-03-09 20:45:27.570 [main] DEBUG o.h.l.p.e.i.LoadQueryJoinAndFetchProcessor - processing queryspace <gen:0>
2020-03-09 20:45:27.570 [main] DEBUG o.h.l.p.b.spi.LoadPlanTreePrinter - LoadPlan(entity=com.ningmeng.framework.domain.course.Teachplan)
    - Returns
       - EntityReturnImpl(entity=com.ningmeng.framework.domain.course.Teachplan, querySpaceUid=<gen:0>, path=com.ningmeng.framework.domain.course.Teachplan)
    - QuerySpaces
       - EntityQuerySpaceImpl(uid=<gen:0>, entity=com.ningmeng.framework.domain.course.Teachplan)
          - SQL table alias mapping - teachplan0_
          - alias suffix - 0_
          - suffixed key columns - {id1_8_0_}

2020-03-09 20:45:27.571 [main] DEBUG o.h.loader.entity.plan.EntityLoader - Static select for entity com.ningmeng.framework.domain.course.Teachplan [PESSIMISTIC_FORCE_INCREMENT]: select teachplan0_.id as id1_8_0_, teachplan0_.courseid as courseid2_8_0_, teachplan0_.description as descript3_8_0_, teachplan0_.grade as grade4_8_0_, teachplan0_.orderby as orderby5_8_0_, teachplan0_.parentid as parentid6_8_0_, teachplan0_.pname as pname7_8_0_, teachplan0_.ptype as ptype8_8_0_, teachplan0_.status as status9_8_0_, teachplan0_.timelength as timelen10_8_0_, teachplan0_.trylearn as trylear11_8_0_ from teachplan teachplan0_ where teachplan0_.id=? for update
2020-03-09 20:45:27.571 [main] DEBUG o.h.l.p.b.i.spaces.QuerySpacesImpl - Adding QuerySpace : uid = <gen:0> -> org.hibernate.loader.plan.build.internal.spaces.EntityQuerySpaceImpl@7b5833ee]
2020-03-09 20:45:27.571 [main] DEBUG o.h.p.w.spi.MetamodelGraphWalker - Visiting attribute path : courseid
2020-03-09 20:45:27.571 [main] DEBUG o.h.p.w.spi.MetamodelGraphWalker - Visiting attribute path : description
2020-03-09 20:45:27.571 [main] DEBUG o.h.p.w.spi.MetamodelGraphWalker - Visiting attribute path : grade
2020-03-09 20:45:27.571 [main] DEBUG o.h.p.w.spi.MetamodelGraphWalker - Visiting attribute path : orderby
2020-03-09 20:45:27.571 [main] DEBUG o.h.p.w.spi.MetamodelGraphWalker - Visiting attribute path : parentid
2020-03-09 20:45:27.571 [main] DEBUG o.h.p.w.spi.MetamodelGraphWalker - Visiting attribute path : pname
2020-03-09 20:45:27.571 [main] DEBUG o.h.p.w.spi.MetamodelGraphWalker - Visiting attribute path : ptype
2020-03-09 20:45:27.571 [main] DEBUG o.h.p.w.spi.MetamodelGraphWalker - Visiting attribute path : status
2020-03-09 20:45:27.571 [main] DEBUG o.h.p.w.spi.MetamodelGraphWalker - Visiting attribute path : timelength
2020-03-09 20:45:27.571 [main] DEBUG o.h.p.w.spi.MetamodelGraphWalker - Visiting attribute path : trylearn
2020-03-09 20:45:27.571 [main] DEBUG o.h.l.p.b.i.FetchStyleLoadPlanBuildingAssociationVisitationStrategy - Building LoadPlan...
2020-03-09 20:45:27.571 [main] DEBUG o.h.l.p.e.i.LoadQueryJoinAndFetchProcessor - processing queryspace <gen:0>
2020-03-09 20:45:27.572 [main] DEBUG o.h.l.p.b.spi.LoadPlanTreePrinter - LoadPlan(entity=com.ningmeng.framework.domain.course.Teachplan)
    - Returns
       - EntityReturnImpl(entity=com.ningmeng.framework.domain.course.Teachplan, querySpaceUid=<gen:0>, path=com.ningmeng.framework.domain.course.Teachplan)
    - QuerySpaces
       - EntityQuerySpaceImpl(uid=<gen:0>, entity=com.ningmeng.framework.domain.course.Teachplan)
          - SQL table alias mapping - teachplan0_
          - alias suffix - 0_
          - suffixed key columns - {id1_8_0_}

2020-03-09 20:45:27.573 [main] DEBUG o.h.loader.entity.plan.EntityLoader - Static select for entity com.ningmeng.framework.domain.course.Teachplan [OPTIMISTIC]: select teachplan0_.id as id1_8_0_, teachplan0_.courseid as courseid2_8_0_, teachplan0_.description as descript3_8_0_, teachplan0_.grade as grade4_8_0_, teachplan0_.orderby as orderby5_8_0_, teachplan0_.parentid as parentid6_8_0_, teachplan0_.pname as pname7_8_0_, teachplan0_.ptype as ptype8_8_0_, teachplan0_.status as status9_8_0_, teachplan0_.timelength as timelen10_8_0_, teachplan0_.trylearn as trylear11_8_0_ from teachplan teachplan0_ where teachplan0_.id=?
2020-03-09 20:45:27.573 [main] DEBUG o.h.l.p.b.i.spaces.QuerySpacesImpl - Adding QuerySpace : uid = <gen:0> -> org.hibernate.loader.plan.build.internal.spaces.EntityQuerySpaceImpl@27261190]
2020-03-09 20:45:27.573 [main] DEBUG o.h.p.w.spi.MetamodelGraphWalker - Visiting attribute path : courseid
2020-03-09 20:45:27.573 [main] DEBUG o.h.p.w.spi.MetamodelGraphWalker - Visiting attribute path : description
2020-03-09 20:45:27.573 [main] DEBUG o.h.p.w.spi.MetamodelGraphWalker - Visiting attribute path : grade
2020-03-09 20:45:27.573 [main] DEBUG o.h.p.w.spi.MetamodelGraphWalker - Visiting attribute path : orderby
2020-03-09 20:45:27.574 [main] DEBUG o.h.p.w.spi.MetamodelGraphWalker - Visiting attribute path : parentid
2020-03-09 20:45:27.574 [main] DEBUG o.h.p.w.spi.MetamodelGraphWalker - Visiting attribute path : pname
2020-03-09 20:45:27.574 [main] DEBUG o.h.p.w.spi.MetamodelGraphWalker - Visiting attribute path : ptype
2020-03-09 20:45:27.574 [main] DEBUG o.h.p.w.spi.MetamodelGraphWalker - Visiting attribute path : status
2020-03-09 20:45:27.574 [main] DEBUG o.h.p.w.spi.MetamodelGraphWalker - Visiting attribute path : timelength
2020-03-09 20:45:27.574 [main] DEBUG o.h.p.w.spi.MetamodelGraphWalker - Visiting attribute path : trylearn
2020-03-09 20:45:27.574 [main] DEBUG o.h.l.p.b.i.FetchStyleLoadPlanBuildingAssociationVisitationStrategy - Building LoadPlan...
2020-03-09 20:45:27.574 [main] DEBUG o.h.l.p.e.i.LoadQueryJoinAndFetchProcessor - processing queryspace <gen:0>
2020-03-09 20:45:27.575 [main] DEBUG o.h.l.p.b.spi.LoadPlanTreePrinter - LoadPlan(entity=com.ningmeng.framework.domain.course.Teachplan)
    - Returns
       - EntityReturnImpl(entity=com.ningmeng.framework.domain.course.Teachplan, querySpaceUid=<gen:0>, path=com.ningmeng.framework.domain.course.Teachplan)
    - QuerySpaces
       - EntityQuerySpaceImpl(uid=<gen:0>, entity=com.ningmeng.framework.domain.course.Teachplan)
          - SQL table alias mapping - teachplan0_
          - alias suffix - 0_
          - suffixed key columns - {id1_8_0_}

2020-03-09 20:45:27.575 [main] DEBUG o.h.loader.entity.plan.EntityLoader - Static select for entity com.ningmeng.framework.domain.course.Teachplan [OPTIMISTIC_FORCE_INCREMENT]: select teachplan0_.id as id1_8_0_, teachplan0_.courseid as courseid2_8_0_, teachplan0_.description as descript3_8_0_, teachplan0_.grade as grade4_8_0_, teachplan0_.orderby as orderby5_8_0_, teachplan0_.parentid as parentid6_8_0_, teachplan0_.pname as pname7_8_0_, teachplan0_.ptype as ptype8_8_0_, teachplan0_.status as status9_8_0_, teachplan0_.timelength as timelen10_8_0_, teachplan0_.trylearn as trylear11_8_0_ from teachplan teachplan0_ where teachplan0_.id=?
2020-03-09 20:45:27.576 [main] DEBUG org.hibernate.loader.Loader - Static select for action ACTION_MERGE on entity com.ningmeng.framework.domain.course.Teachplan: select teachplan0_.id as id1_8_0_, teachplan0_.courseid as courseid2_8_0_, teachplan0_.description as descript3_8_0_, teachplan0_.grade as grade4_8_0_, teachplan0_.orderby as orderby5_8_0_, teachplan0_.parentid as parentid6_8_0_, teachplan0_.pname as pname7_8_0_, teachplan0_.ptype as ptype8_8_0_, teachplan0_.status as status9_8_0_, teachplan0_.timelength as timelen10_8_0_, teachplan0_.trylearn as trylear11_8_0_ from teachplan teachplan0_ where teachplan0_.id=?
2020-03-09 20:45:27.576 [main] DEBUG org.hibernate.loader.Loader - Static select for action ACTION_REFRESH on entity com.ningmeng.framework.domain.course.Teachplan: select teachplan0_.id as id1_8_0_, teachplan0_.courseid as courseid2_8_0_, teachplan0_.description as descript3_8_0_, teachplan0_.grade as grade4_8_0_, teachplan0_.orderby as orderby5_8_0_, teachplan0_.parentid as parentid6_8_0_, teachplan0_.pname as pname7_8_0_, teachplan0_.ptype as ptype8_8_0_, teachplan0_.status as status9_8_0_, teachplan0_.timelength as timelen10_8_0_, teachplan0_.trylearn as trylear11_8_0_ from teachplan teachplan0_ where teachplan0_.id=?
2020-03-09 20:45:27.576 [main] DEBUG o.h.p.entity.AbstractEntityPersister - Static SQL for entity: com.ningmeng.framework.domain.course.Category
2020-03-09 20:45:27.576 [main] DEBUG o.h.p.entity.AbstractEntityPersister -  Version select: select id from category where id =?
2020-03-09 20:45:27.576 [main] DEBUG o.h.p.entity.AbstractEntityPersister -  Snapshot select: select category_.id, category_.isleaf as isleaf2_0_, category_.isshow as isshow3_0_, category_.label as label4_0_, category_.name as name5_0_, category_.orderby as orderby6_0_, category_.parentid as parentid7_0_ from category category_ where category_.id=?
2020-03-09 20:45:27.576 [main] DEBUG o.h.p.entity.AbstractEntityPersister -  Insert 0: insert into category (isleaf, isshow, label, name, orderby, parentid, id) values (?, ?, ?, ?, ?, ?, ?)
2020-03-09 20:45:27.576 [main] DEBUG o.h.p.entity.AbstractEntityPersister -  Update 0: update category set isleaf=?, isshow=?, label=?, name=?, orderby=?, parentid=? where id=?
2020-03-09 20:45:27.577 [main] DEBUG o.h.p.entity.AbstractEntityPersister -  Delete 0: delete from category where id=?
2020-03-09 20:45:27.577 [main] DEBUG o.h.l.p.b.i.spaces.QuerySpacesImpl - Adding QuerySpace : uid = <gen:0> -> org.hibernate.loader.plan.build.internal.spaces.EntityQuerySpaceImpl@6e46891d]
2020-03-09 20:45:27.577 [main] DEBUG o.h.p.w.spi.MetamodelGraphWalker - Visiting attribute path : isleaf
2020-03-09 20:45:27.577 [main] DEBUG o.h.p.w.spi.MetamodelGraphWalker - Visiting attribute path : isshow
2020-03-09 20:45:27.577 [main] DEBUG o.h.p.w.spi.MetamodelGraphWalker - Visiting attribute path : label
2020-03-09 20:45:27.577 [main] DEBUG o.h.p.w.spi.MetamodelGraphWalker - Visiting attribute path : name
2020-03-09 20:45:27.577 [main] DEBUG o.h.p.w.spi.MetamodelGraphWalker - Visiting attribute path : orderby
2020-03-09 20:45:27.577 [main] DEBUG o.h.p.w.spi.MetamodelGraphWalker - Visiting attribute path : parentid
2020-03-09 20:45:27.577 [main] DEBUG o.h.l.p.b.i.FetchStyleLoadPlanBuildingAssociationVisitationStrategy - Building LoadPlan...
2020-03-09 20:45:27.577 [main] DEBUG o.h.l.p.e.i.LoadQueryJoinAndFetchProcessor - processing queryspace <gen:0>
2020-03-09 20:45:27.578 [main] DEBUG o.h.l.p.b.spi.LoadPlanTreePrinter - LoadPlan(entity=com.ningmeng.framework.domain.course.Category)
    - Returns
       - EntityReturnImpl(entity=com.ningmeng.framework.domain.course.Category, querySpaceUid=<gen:0>, path=com.ningmeng.framework.domain.course.Category)
    - QuerySpaces
       - EntityQuerySpaceImpl(uid=<gen:0>, entity=com.ningmeng.framework.domain.course.Category)
          - SQL table alias mapping - category0_
          - alias suffix - 0_
          - suffixed key columns - {id1_0_0_}

2020-03-09 20:45:27.578 [main] DEBUG o.h.loader.entity.plan.EntityLoader - Static select for entity com.ningmeng.framework.domain.course.Category [NONE]: select category0_.id as id1_0_0_, category0_.isleaf as isleaf2_0_0_, category0_.isshow as isshow3_0_0_, category0_.label as label4_0_0_, category0_.name as name5_0_0_, category0_.orderby as orderby6_0_0_, category0_.parentid as parentid7_0_0_ from category category0_ where category0_.id=?
2020-03-09 20:45:27.578 [main] DEBUG o.h.l.p.b.i.spaces.QuerySpacesImpl - Adding QuerySpace : uid = <gen:0> -> org.hibernate.loader.plan.build.internal.spaces.EntityQuerySpaceImpl@5fde1d64]
2020-03-09 20:45:27.578 [main] DEBUG o.h.p.w.spi.MetamodelGraphWalker - Visiting attribute path : isleaf
2020-03-09 20:45:27.578 [main] DEBUG o.h.p.w.spi.MetamodelGraphWalker - Visiting attribute path : isshow
2020-03-09 20:45:27.578 [main] DEBUG o.h.p.w.spi.MetamodelGraphWalker - Visiting attribute path : label
2020-03-09 20:45:27.578 [main] DEBUG o.h.p.w.spi.MetamodelGraphWalker - Visiting attribute path : name
2020-03-09 20:45:27.578 [main] DEBUG o.h.p.w.spi.MetamodelGraphWalker - Visiting attribute path : orderby
2020-03-09 20:45:27.578 [main] DEBUG o.h.p.w.spi.MetamodelGraphWalker - Visiting attribute path : parentid
2020-03-09 20:45:27.578 [main] DEBUG o.h.l.p.b.i.FetchStyleLoadPlanBuildingAssociationVisitationStrategy - Building LoadPlan...
2020-03-09 20:45:27.579 [main] DEBUG o.h.l.p.e.i.LoadQueryJoinAndFetchProcessor - processing queryspace <gen:0>
2020-03-09 20:45:27.579 [main] DEBUG o.h.l.p.b.spi.LoadPlanTreePrinter - LoadPlan(entity=com.ningmeng.framework.domain.course.Category)
    - Returns
       - EntityReturnImpl(entity=com.ningmeng.framework.domain.course.Category, querySpaceUid=<gen:0>, path=com.ningmeng.framework.domain.course.Category)
    - QuerySpaces
       - EntityQuerySpaceImpl(uid=<gen:0>, entity=com.ningmeng.framework.domain.course.Category)
          - SQL table alias mapping - category0_
          - alias suffix - 0_
          - suffixed key columns - {id1_0_0_}

2020-03-09 20:45:27.580 [main] DEBUG o.h.loader.entity.plan.EntityLoader - Static select for entity com.ningmeng.framework.domain.course.Category [READ]: select category0_.id as id1_0_0_, category0_.isleaf as isleaf2_0_0_, category0_.isshow as isshow3_0_0_, category0_.label as label4_0_0_, category0_.name as name5_0_0_, category0_.orderby as orderby6_0_0_, category0_.parentid as parentid7_0_0_ from category category0_ where category0_.id=?
2020-03-09 20:45:27.580 [main] DEBUG o.h.l.p.b.i.spaces.QuerySpacesImpl - Adding QuerySpace : uid = <gen:0> -> org.hibernate.loader.plan.build.internal.spaces.EntityQuerySpaceImpl@984de01]
2020-03-09 20:45:27.580 [main] DEBUG o.h.p.w.spi.MetamodelGraphWalker - Visiting attribute path : isleaf
2020-03-09 20:45:27.580 [main] DEBUG o.h.p.w.spi.MetamodelGraphWalker - Visiting attribute path : isshow
2020-03-09 20:45:27.580 [main] DEBUG o.h.p.w.spi.MetamodelGraphWalker - Visiting attribute path : label
2020-03-09 20:45:27.580 [main] DEBUG o.h.p.w.spi.MetamodelGraphWalker - Visiting attribute path : name
2020-03-09 20:45:27.580 [main] DEBUG o.h.p.w.spi.MetamodelGraphWalker - Visiting attribute path : orderby
2020-03-09 20:45:27.580 [main] DEBUG o.h.p.w.spi.MetamodelGraphWalker - Visiting attribute path : parentid
2020-03-09 20:45:27.581 [main] DEBUG o.h.l.p.b.i.FetchStyleLoadPlanBuildingAssociationVisitationStrategy - Building LoadPlan...
2020-03-09 20:45:27.581 [main] DEBUG o.h.l.p.e.i.LoadQueryJoinAndFetchProcessor - processing queryspace <gen:0>
2020-03-09 20:45:27.581 [main] DEBUG o.h.l.p.b.spi.LoadPlanTreePrinter - LoadPlan(entity=com.ningmeng.framework.domain.course.Category)
    - Returns
       - EntityReturnImpl(entity=com.ningmeng.framework.domain.course.Category, querySpaceUid=<gen:0>, path=com.ningmeng.framework.domain.course.Category)
    - QuerySpaces
       - EntityQuerySpaceImpl(uid=<gen:0>, entity=com.ningmeng.framework.domain.course.Category)
          - SQL table alias mapping - category0_
          - alias suffix - 0_
          - suffixed key columns - {id1_0_0_}

2020-03-09 20:45:27.581 [main] DEBUG o.h.loader.entity.plan.EntityLoader - Static select for entity com.ningmeng.framework.domain.course.Category [UPGRADE]: select category0_.id as id1_0_0_, category0_.isleaf as isleaf2_0_0_, category0_.isshow as isshow3_0_0_, category0_.label as label4_0_0_, category0_.name as name5_0_0_, category0_.orderby as orderby6_0_0_, category0_.parentid as parentid7_0_0_ from category category0_ where category0_.id=? for update
2020-03-09 20:45:27.582 [main] DEBUG o.h.l.p.b.i.spaces.QuerySpacesImpl - Adding QuerySpace : uid = <gen:0> -> org.hibernate.loader.plan.build.internal.spaces.EntityQuerySpaceImpl@7757a37f]
2020-03-09 20:45:27.583 [main] DEBUG o.h.p.w.spi.MetamodelGraphWalker - Visiting attribute path : isleaf
2020-03-09 20:45:27.583 [main] DEBUG o.h.p.w.spi.MetamodelGraphWalker - Visiting attribute path : isshow
2020-03-09 20:45:27.583 [main] DEBUG o.h.p.w.spi.MetamodelGraphWalker - Visiting attribute path : label
2020-03-09 20:45:27.583 [main] DEBUG o.h.p.w.spi.MetamodelGraphWalker - Visiting attribute path : name
2020-03-09 20:45:27.583 [main] DEBUG o.h.p.w.spi.MetamodelGraphWalker - Visiting attribute path : orderby
2020-03-09 20:45:27.583 [main] DEBUG o.h.p.w.spi.MetamodelGraphWalker - Visiting attribute path : parentid
2020-03-09 20:45:27.584 [main] DEBUG o.h.l.p.b.i.FetchStyleLoadPlanBuildingAssociationVisitationStrategy - Building LoadPlan...
2020-03-09 20:45:27.585 [main] DEBUG o.h.l.p.e.i.LoadQueryJoinAndFetchProcessor - processing queryspace <gen:0>
2020-03-09 20:45:27.586 [main] DEBUG o.h.l.p.b.spi.LoadPlanTreePrinter - LoadPlan(entity=com.ningmeng.framework.domain.course.Category)
    - Returns
       - EntityReturnImpl(entity=com.ningmeng.framework.domain.course.Category, querySpaceUid=<gen:0>, path=com.ningmeng.framework.domain.course.Category)
    - QuerySpaces
       - EntityQuerySpaceImpl(uid=<gen:0>, entity=com.ningmeng.framework.domain.course.Category)
          - SQL table alias mapping - category0_
          - alias suffix - 0_
          - suffixed key columns - {id1_0_0_}

2020-03-09 20:45:27.586 [main] DEBUG o.h.loader.entity.plan.EntityLoader - Static select for entity com.ningmeng.framework.domain.course.Category [UPGRADE_NOWAIT]: select category0_.id as id1_0_0_, category0_.isleaf as isleaf2_0_0_, category0_.isshow as isshow3_0_0_, category0_.label as label4_0_0_, category0_.name as name5_0_0_, category0_.orderby as orderby6_0_0_, category0_.parentid as parentid7_0_0_ from category category0_ where category0_.id=? for update
2020-03-09 20:45:27.586 [main] DEBUG o.h.l.p.b.i.spaces.QuerySpacesImpl - Adding QuerySpace : uid = <gen:0> -> org.hibernate.loader.plan.build.internal.spaces.EntityQuerySpaceImpl@e521067]
2020-03-09 20:45:27.586 [main] DEBUG o.h.p.w.spi.MetamodelGraphWalker - Visiting attribute path : isleaf
2020-03-09 20:45:27.586 [main] DEBUG o.h.p.w.spi.MetamodelGraphWalker - Visiting attribute path : isshow
2020-03-09 20:45:27.586 [main] DEBUG o.h.p.w.spi.MetamodelGraphWalker - Visiting attribute path : label
2020-03-09 20:45:27.586 [main] DEBUG o.h.p.w.spi.MetamodelGraphWalker - Visiting attribute path : name
2020-03-09 20:45:27.586 [main] DEBUG o.h.p.w.spi.MetamodelGraphWalker - Visiting attribute path : orderby
2020-03-09 20:45:27.586 [main] DEBUG o.h.p.w.spi.MetamodelGraphWalker - Visiting attribute path : parentid
2020-03-09 20:45:27.586 [main] DEBUG o.h.l.p.b.i.FetchStyleLoadPlanBuildingAssociationVisitationStrategy - Building LoadPlan...
2020-03-09 20:45:27.586 [main] DEBUG o.h.l.p.e.i.LoadQueryJoinAndFetchProcessor - processing queryspace <gen:0>
2020-03-09 20:45:27.587 [main] DEBUG o.h.l.p.b.spi.LoadPlanTreePrinter - LoadPlan(entity=com.ningmeng.framework.domain.course.Category)
    - Returns
       - EntityReturnImpl(entity=com.ningmeng.framework.domain.course.Category, querySpaceUid=<gen:0>, path=com.ningmeng.framework.domain.course.Category)
    - QuerySpaces
       - EntityQuerySpaceImpl(uid=<gen:0>, entity=com.ningmeng.framework.domain.course.Category)
          - SQL table alias mapping - category0_
          - alias suffix - 0_
          - suffixed key columns - {id1_0_0_}

2020-03-09 20:45:27.587 [main] DEBUG o.h.loader.entity.plan.EntityLoader - Static select for entity com.ningmeng.framework.domain.course.Category [UPGRADE_SKIPLOCKED]: select category0_.id as id1_0_0_, category0_.isleaf as isleaf2_0_0_, category0_.isshow as isshow3_0_0_, category0_.label as label4_0_0_, category0_.name as name5_0_0_, category0_.orderby as orderby6_0_0_, category0_.parentid as parentid7_0_0_ from category category0_ where category0_.id=? for update
2020-03-09 20:45:27.587 [main] DEBUG o.h.l.p.b.i.spaces.QuerySpacesImpl - Adding QuerySpace : uid = <gen:0> -> org.hibernate.loader.plan.build.internal.spaces.EntityQuerySpaceImpl@71ad959b]
2020-03-09 20:45:27.587 [main] DEBUG o.h.p.w.spi.MetamodelGraphWalker - Visiting attribute path : isleaf
2020-03-09 20:45:27.587 [main] DEBUG o.h.p.w.spi.MetamodelGraphWalker - Visiting attribute path : isshow
2020-03-09 20:45:27.587 [main] DEBUG o.h.p.w.spi.MetamodelGraphWalker - Visiting attribute path : label
2020-03-09 20:45:27.587 [main] DEBUG o.h.p.w.spi.MetamodelGraphWalker - Visiting attribute path : name
2020-03-09 20:45:27.587 [main] DEBUG o.h.p.w.spi.MetamodelGraphWalker - Visiting attribute path : orderby
2020-03-09 20:45:27.587 [main] DEBUG o.h.p.w.spi.MetamodelGraphWalker - Visiting attribute path : parentid
2020-03-09 20:45:27.587 [main] DEBUG o.h.l.p.b.i.FetchStyleLoadPlanBuildingAssociationVisitationStrategy - Building LoadPlan...
2020-03-09 20:45:27.587 [main] DEBUG o.h.l.p.e.i.LoadQueryJoinAndFetchProcessor - processing queryspace <gen:0>
2020-03-09 20:45:27.588 [main] DEBUG o.h.l.p.b.spi.LoadPlanTreePrinter - LoadPlan(entity=com.ningmeng.framework.domain.course.Category)
    - Returns
       - EntityReturnImpl(entity=com.ningmeng.framework.domain.course.Category, querySpaceUid=<gen:0>, path=com.ningmeng.framework.domain.course.Category)
    - QuerySpaces
       - EntityQuerySpaceImpl(uid=<gen:0>, entity=com.ningmeng.framework.domain.course.Category)
          - SQL table alias mapping - category0_
          - alias suffix - 0_
          - suffixed key columns - {id1_0_0_}

2020-03-09 20:45:27.588 [main] DEBUG o.h.loader.entity.plan.EntityLoader - Static select for entity com.ningmeng.framework.domain.course.Category [FORCE]: select category0_.id as id1_0_0_, category0_.isleaf as isleaf2_0_0_, category0_.isshow as isshow3_0_0_, category0_.label as label4_0_0_, category0_.name as name5_0_0_, category0_.orderby as orderby6_0_0_, category0_.parentid as parentid7_0_0_ from category category0_ where category0_.id=? for update
2020-03-09 20:45:27.588 [main] DEBUG o.h.l.p.b.i.spaces.QuerySpacesImpl - Adding QuerySpace : uid = <gen:0> -> org.hibernate.loader.plan.build.internal.spaces.EntityQuerySpaceImpl@3b362f1]
2020-03-09 20:45:27.588 [main] DEBUG o.h.p.w.spi.MetamodelGraphWalker - Visiting attribute path : isleaf
2020-03-09 20:45:27.588 [main] DEBUG o.h.p.w.spi.MetamodelGraphWalker - Visiting attribute path : isshow
2020-03-09 20:45:27.588 [main] DEBUG o.h.p.w.spi.MetamodelGraphWalker - Visiting attribute path : label
2020-03-09 20:45:27.588 [main] DEBUG o.h.p.w.spi.MetamodelGraphWalker - Visiting attribute path : name
2020-03-09 20:45:27.588 [main] DEBUG o.h.p.w.spi.MetamodelGraphWalker - Visiting attribute path : orderby
2020-03-09 20:45:27.588 [main] DEBUG o.h.p.w.spi.MetamodelGraphWalker - Visiting attribute path : parentid
2020-03-09 20:45:27.588 [main] DEBUG o.h.l.p.b.i.FetchStyleLoadPlanBuildingAssociationVisitationStrategy - Building LoadPlan...
2020-03-09 20:45:27.588 [main] DEBUG o.h.l.p.e.i.LoadQueryJoinAndFetchProcessor - processing queryspace <gen:0>
2020-03-09 20:45:27.589 [main] DEBUG o.h.l.p.b.spi.LoadPlanTreePrinter - LoadPlan(entity=com.ningmeng.framework.domain.course.Category)
    - Returns
       - EntityReturnImpl(entity=com.ningmeng.framework.domain.course.Category, querySpaceUid=<gen:0>, path=com.ningmeng.framework.domain.course.Category)
    - QuerySpaces
       - EntityQuerySpaceImpl(uid=<gen:0>, entity=com.ningmeng.framework.domain.course.Category)
          - SQL table alias mapping - category0_
          - alias suffix - 0_
          - suffixed key columns - {id1_0_0_}

2020-03-09 20:45:27.589 [main] DEBUG o.h.loader.entity.plan.EntityLoader - Static select for entity com.ningmeng.framework.domain.course.Category [PESSIMISTIC_READ]: select category0_.id as id1_0_0_, category0_.isleaf as isleaf2_0_0_, category0_.isshow as isshow3_0_0_, category0_.label as label4_0_0_, category0_.name as name5_0_0_, category0_.orderby as orderby6_0_0_, category0_.parentid as parentid7_0_0_ from category category0_ where category0_.id=? lock in share mode
2020-03-09 20:45:27.589 [main] DEBUG o.h.l.p.b.i.spaces.QuerySpacesImpl - Adding QuerySpace : uid = <gen:0> -> org.hibernate.loader.plan.build.internal.spaces.EntityQuerySpaceImpl@79cdf2d4]
2020-03-09 20:45:27.589 [main] DEBUG o.h.p.w.spi.MetamodelGraphWalker - Visiting attribute path : isleaf
2020-03-09 20:45:27.589 [main] DEBUG o.h.p.w.spi.MetamodelGraphWalker - Visiting attribute path : isshow
2020-03-09 20:45:27.589 [main] DEBUG o.h.p.w.spi.MetamodelGraphWalker - Visiting attribute path : label
2020-03-09 20:45:27.589 [main] DEBUG o.h.p.w.spi.MetamodelGraphWalker - Visiting attribute path : name
2020-03-09 20:45:27.589 [main] DEBUG o.h.p.w.spi.MetamodelGraphWalker - Visiting attribute path : orderby
2020-03-09 20:45:27.589 [main] DEBUG o.h.p.w.spi.MetamodelGraphWalker - Visiting attribute path : parentid
2020-03-09 20:45:27.589 [main] DEBUG o.h.l.p.b.i.FetchStyleLoadPlanBuildingAssociationVisitationStrategy - Building LoadPlan...
2020-03-09 20:45:27.589 [main] DEBUG o.h.l.p.e.i.LoadQueryJoinAndFetchProcessor - processing queryspace <gen:0>
2020-03-09 20:45:27.589 [main] DEBUG o.h.l.p.b.spi.LoadPlanTreePrinter - LoadPlan(entity=com.ningmeng.framework.domain.course.Category)
    - Returns
       - EntityReturnImpl(entity=com.ningmeng.framework.domain.course.Category, querySpaceUid=<gen:0>, path=com.ningmeng.framework.domain.course.Category)
    - QuerySpaces
       - EntityQuerySpaceImpl(uid=<gen:0>, entity=com.ningmeng.framework.domain.course.Category)
          - SQL table alias mapping - category0_
          - alias suffix - 0_
          - suffixed key columns - {id1_0_0_}

2020-03-09 20:45:27.590 [main] DEBUG o.h.loader.entity.plan.EntityLoader - Static select for entity com.ningmeng.framework.domain.course.Category [PESSIMISTIC_WRITE]: select category0_.id as id1_0_0_, category0_.isleaf as isleaf2_0_0_, category0_.isshow as isshow3_0_0_, category0_.label as label4_0_0_, category0_.name as name5_0_0_, category0_.orderby as orderby6_0_0_, category0_.parentid as parentid7_0_0_ from category category0_ where category0_.id=? for update
2020-03-09 20:45:27.590 [main] DEBUG o.h.l.p.b.i.spaces.QuerySpacesImpl - Adding QuerySpace : uid = <gen:0> -> org.hibernate.loader.plan.build.internal.spaces.EntityQuerySpaceImpl@18b40fe6]
2020-03-09 20:45:27.590 [main] DEBUG o.h.p.w.spi.MetamodelGraphWalker - Visiting attribute path : isleaf
2020-03-09 20:45:27.590 [main] DEBUG o.h.p.w.spi.MetamodelGraphWalker - Visiting attribute path : isshow
2020-03-09 20:45:27.590 [main] DEBUG o.h.p.w.spi.MetamodelGraphWalker - Visiting attribute path : label
2020-03-09 20:45:27.590 [main] DEBUG o.h.p.w.spi.MetamodelGraphWalker - Visiting attribute path : name
2020-03-09 20:45:27.590 [main] DEBUG o.h.p.w.spi.MetamodelGraphWalker - Visiting attribute path : orderby
2020-03-09 20:45:27.590 [main] DEBUG o.h.p.w.spi.MetamodelGraphWalker - Visiting attribute path : parentid
2020-03-09 20:45:27.590 [main] DEBUG o.h.l.p.b.i.FetchStyleLoadPlanBuildingAssociationVisitationStrategy - Building LoadPlan...
2020-03-09 20:45:27.590 [main] DEBUG o.h.l.p.e.i.LoadQueryJoinAndFetchProcessor - processing queryspace <gen:0>
2020-03-09 20:45:27.590 [main] DEBUG o.h.l.p.b.spi.LoadPlanTreePrinter - LoadPlan(entity=com.ningmeng.framework.domain.course.Category)
    - Returns
       - EntityReturnImpl(entity=com.ningmeng.framework.domain.course.Category, querySpaceUid=<gen:0>, path=com.ningmeng.framework.domain.course.Category)
    - QuerySpaces
       - EntityQuerySpaceImpl(uid=<gen:0>, entity=com.ningmeng.framework.domain.course.Category)
          - SQL table alias mapping - category0_
          - alias suffix - 0_
          - suffixed key columns - {id1_0_0_}

2020-03-09 20:45:27.590 [main] DEBUG o.h.loader.entity.plan.EntityLoader - Static select for entity com.ningmeng.framework.domain.course.Category [PESSIMISTIC_FORCE_INCREMENT]: select category0_.id as id1_0_0_, category0_.isleaf as isleaf2_0_0_, category0_.isshow as isshow3_0_0_, category0_.label as label4_0_0_, category0_.name as name5_0_0_, category0_.orderby as orderby6_0_0_, category0_.parentid as parentid7_0_0_ from category category0_ where category0_.id=? for update
2020-03-09 20:45:27.591 [main] DEBUG o.h.l.p.b.i.spaces.QuerySpacesImpl - Adding QuerySpace : uid = <gen:0> -> org.hibernate.loader.plan.build.internal.spaces.EntityQuerySpaceImpl@67d5ac2f]
2020-03-09 20:45:27.591 [main] DEBUG o.h.p.w.spi.MetamodelGraphWalker - Visiting attribute path : isleaf
2020-03-09 20:45:27.591 [main] DEBUG o.h.p.w.spi.MetamodelGraphWalker - Visiting attribute path : isshow
2020-03-09 20:45:27.591 [main] DEBUG o.h.p.w.spi.MetamodelGraphWalker - Visiting attribute path : label
2020-03-09 20:45:27.591 [main] DEBUG o.h.p.w.spi.MetamodelGraphWalker - Visiting attribute path : name
2020-03-09 20:45:27.591 [main] DEBUG o.h.p.w.spi.MetamodelGraphWalker - Visiting attribute path : orderby
2020-03-09 20:45:27.591 [main] DEBUG o.h.p.w.spi.MetamodelGraphWalker - Visiting attribute path : parentid
2020-03-09 20:45:27.591 [main] DEBUG o.h.l.p.b.i.FetchStyleLoadPlanBuildingAssociationVisitationStrategy - Building LoadPlan...
2020-03-09 20:45:27.591 [main] DEBUG o.h.l.p.e.i.LoadQueryJoinAndFetchProcessor - processing queryspace <gen:0>
2020-03-09 20:45:27.592 [main] DEBUG o.h.l.p.b.spi.LoadPlanTreePrinter - LoadPlan(entity=com.ningmeng.framework.domain.course.Category)
    - Returns
       - EntityReturnImpl(entity=com.ningmeng.framework.domain.course.Category, querySpaceUid=<gen:0>, path=com.ningmeng.framework.domain.course.Category)
    - QuerySpaces
       - EntityQuerySpaceImpl(uid=<gen:0>, entity=com.ningmeng.framework.domain.course.Category)
          - SQL table alias mapping - category0_
          - alias suffix - 0_
          - suffixed key columns - {id1_0_0_}

2020-03-09 20:45:27.592 [main] DEBUG o.h.loader.entity.plan.EntityLoader - Static select for entity com.ningmeng.framework.domain.course.Category [OPTIMISTIC]: select category0_.id as id1_0_0_, category0_.isleaf as isleaf2_0_0_, category0_.isshow as isshow3_0_0_, category0_.label as label4_0_0_, category0_.name as name5_0_0_, category0_.orderby as orderby6_0_0_, category0_.parentid as parentid7_0_0_ from category category0_ where category0_.id=?
2020-03-09 20:45:27.592 [main] DEBUG o.h.l.p.b.i.spaces.QuerySpacesImpl - Adding QuerySpace : uid = <gen:0> -> org.hibernate.loader.plan.build.internal.spaces.EntityQuerySpaceImpl@1d637673]
2020-03-09 20:45:27.592 [main] DEBUG o.h.p.w.spi.MetamodelGraphWalker - Visiting attribute path : isleaf
2020-03-09 20:45:27.592 [main] DEBUG o.h.p.w.spi.MetamodelGraphWalker - Visiting attribute path : isshow
2020-03-09 20:45:27.592 [main] DEBUG o.h.p.w.spi.MetamodelGraphWalker - Visiting attribute path : label
2020-03-09 20:45:27.592 [main] DEBUG o.h.p.w.spi.MetamodelGraphWalker - Visiting attribute path : name
2020-03-09 20:45:27.592 [main] DEBUG o.h.p.w.spi.MetamodelGraphWalker - Visiting attribute path : orderby
2020-03-09 20:45:27.592 [main] DEBUG o.h.p.w.spi.MetamodelGraphWalker - Visiting attribute path : parentid
2020-03-09 20:45:27.592 [main] DEBUG o.h.l.p.b.i.FetchStyleLoadPlanBuildingAssociationVisitationStrategy - Building LoadPlan...
2020-03-09 20:45:27.592 [main] DEBUG o.h.l.p.e.i.LoadQueryJoinAndFetchProcessor - processing queryspace <gen:0>
2020-03-09 20:45:27.593 [main] DEBUG o.h.l.p.b.spi.LoadPlanTreePrinter - LoadPlan(entity=com.ningmeng.framework.domain.course.Category)
    - Returns
       - EntityReturnImpl(entity=com.ningmeng.framework.domain.course.Category, querySpaceUid=<gen:0>, path=com.ningmeng.framework.domain.course.Category)
    - QuerySpaces
       - EntityQuerySpaceImpl(uid=<gen:0>, entity=com.ningmeng.framework.domain.course.Category)
          - SQL table alias mapping - category0_
          - alias suffix - 0_
          - suffixed key columns - {id1_0_0_}

2020-03-09 20:45:27.593 [main] DEBUG o.h.loader.entity.plan.EntityLoader - Static select for entity com.ningmeng.framework.domain.course.Category [OPTIMISTIC_FORCE_INCREMENT]: select category0_.id as id1_0_0_, category0_.isleaf as isleaf2_0_0_, category0_.isshow as isshow3_0_0_, category0_.label as label4_0_0_, category0_.name as name5_0_0_, category0_.orderby as orderby6_0_0_, category0_.parentid as parentid7_0_0_ from category category0_ where category0_.id=?
2020-03-09 20:45:27.593 [main] DEBUG org.hibernate.loader.Loader - Static select for action ACTION_MERGE on entity com.ningmeng.framework.domain.course.Category: select category0_.id as id1_0_0_, category0_.isleaf as isleaf2_0_0_, category0_.isshow as isshow3_0_0_, category0_.label as label4_0_0_, category0_.name as name5_0_0_, category0_.orderby as orderby6_0_0_, category0_.parentid as parentid7_0_0_ from category category0_ where category0_.id=?
2020-03-09 20:45:27.593 [main] DEBUG org.hibernate.loader.Loader - Static select for action ACTION_REFRESH on entity com.ningmeng.framework.domain.course.Category: select category0_.id as id1_0_0_, category0_.isleaf as isleaf2_0_0_, category0_.isshow as isshow3_0_0_, category0_.label as label4_0_0_, category0_.name as name5_0_0_, category0_.orderby as orderby6_0_0_, category0_.parentid as parentid7_0_0_ from category category0_ where category0_.id=?
2020-03-09 20:45:27.594 [main] DEBUG o.h.p.entity.AbstractEntityPersister - Static SQL for entity: com.ningmeng.framework.domain.course.CourseBase
2020-03-09 20:45:27.594 [main] DEBUG o.h.p.entity.AbstractEntityPersister -  Version select: select id from course_base where id =?
2020-03-09 20:45:27.594 [main] DEBUG o.h.p.entity.AbstractEntityPersister -  Snapshot select: select coursebase_.id, coursebase_.company_id as company_2_1_, coursebase_.description as descript3_1_, coursebase_.grade as grade4_1_, coursebase_.mt as mt5_1_, coursebase_.name as name6_1_, coursebase_.st as st7_1_, coursebase_.status as status8_1_, coursebase_.studymodel as studymod9_1_, coursebase_.teachmode as teachmo10_1_, coursebase_.user_id as user_id11_1_, coursebase_.users as users12_1_ from course_base coursebase_ where coursebase_.id=?
2020-03-09 20:45:27.594 [main] DEBUG o.h.p.entity.AbstractEntityPersister -  Insert 0: insert into course_base (company_id, description, grade, mt, name, st, status, studymodel, teachmode, user_id, users, id) values (?, ?, ?, ?, ?, ?, ?, ?, ?, ?, ?, ?)
2020-03-09 20:45:27.594 [main] DEBUG o.h.p.entity.AbstractEntityPersister -  Update 0: update course_base set company_id=?, description=?, grade=?, mt=?, name=?, st=?, status=?, studymodel=?, teachmode=?, user_id=?, users=? where id=?
2020-03-09 20:45:27.594 [main] DEBUG o.h.p.entity.AbstractEntityPersister -  Delete 0: delete from course_base where id=?
2020-03-09 20:45:27.594 [main] DEBUG o.h.l.p.b.i.spaces.QuerySpacesImpl - Adding QuerySpace : uid = <gen:0> -> org.hibernate.loader.plan.build.internal.spaces.EntityQuerySpaceImpl@636dbfe7]
2020-03-09 20:45:27.594 [main] DEBUG o.h.p.w.spi.MetamodelGraphWalker - Visiting attribute path : companyId
2020-03-09 20:45:27.594 [main] DEBUG o.h.p.w.spi.MetamodelGraphWalker - Visiting attribute path : description
2020-03-09 20:45:27.594 [main] DEBUG o.h.p.w.spi.MetamodelGraphWalker - Visiting attribute path : grade
2020-03-09 20:45:27.594 [main] DEBUG o.h.p.w.spi.MetamodelGraphWalker - Visiting attribute path : mt
2020-03-09 20:45:27.594 [main] DEBUG o.h.p.w.spi.MetamodelGraphWalker - Visiting attribute path : name
2020-03-09 20:45:27.594 [main] DEBUG o.h.p.w.spi.MetamodelGraphWalker - Visiting attribute path : st
2020-03-09 20:45:27.594 [main] DEBUG o.h.p.w.spi.MetamodelGraphWalker - Visiting attribute path : status
2020-03-09 20:45:27.594 [main] DEBUG o.h.p.w.spi.MetamodelGraphWalker - Visiting attribute path : studymodel
2020-03-09 20:45:27.594 [main] DEBUG o.h.p.w.spi.MetamodelGraphWalker - Visiting attribute path : teachmode
2020-03-09 20:45:27.594 [main] DEBUG o.h.p.w.spi.MetamodelGraphWalker - Visiting attribute path : userId
2020-03-09 20:45:27.594 [main] DEBUG o.h.p.w.spi.MetamodelGraphWalker - Visiting attribute path : users
2020-03-09 20:45:27.594 [main] DEBUG o.h.l.p.b.i.FetchStyleLoadPlanBuildingAssociationVisitationStrategy - Building LoadPlan...
2020-03-09 20:45:27.594 [main] DEBUG o.h.l.p.e.i.LoadQueryJoinAndFetchProcessor - processing queryspace <gen:0>
2020-03-09 20:45:27.595 [main] DEBUG o.h.l.p.b.spi.LoadPlanTreePrinter - LoadPlan(entity=com.ningmeng.framework.domain.course.CourseBase)
    - Returns
       - EntityReturnImpl(entity=com.ningmeng.framework.domain.course.CourseBase, querySpaceUid=<gen:0>, path=com.ningmeng.framework.domain.course.CourseBase)
    - QuerySpaces
       - EntityQuerySpaceImpl(uid=<gen:0>, entity=com.ningmeng.framework.domain.course.CourseBase)
          - SQL table alias mapping - coursebase0_
          - alias suffix - 0_
          - suffixed key columns - {id1_1_0_}

2020-03-09 20:45:27.595 [main] DEBUG o.h.loader.entity.plan.EntityLoader - Static select for entity com.ningmeng.framework.domain.course.CourseBase [NONE]: select coursebase0_.id as id1_1_0_, coursebase0_.company_id as company_2_1_0_, coursebase0_.description as descript3_1_0_, coursebase0_.grade as grade4_1_0_, coursebase0_.mt as mt5_1_0_, coursebase0_.name as name6_1_0_, coursebase0_.st as st7_1_0_, coursebase0_.status as status8_1_0_, coursebase0_.studymodel as studymod9_1_0_, coursebase0_.teachmode as teachmo10_1_0_, coursebase0_.user_id as user_id11_1_0_, coursebase0_.users as users12_1_0_ from course_base coursebase0_ where coursebase0_.id=?
2020-03-09 20:45:27.595 [main] DEBUG o.h.l.p.b.i.spaces.QuerySpacesImpl - Adding QuerySpace : uid = <gen:0> -> org.hibernate.loader.plan.build.internal.spaces.EntityQuerySpaceImpl@443af394]
2020-03-09 20:45:27.595 [main] DEBUG o.h.p.w.spi.MetamodelGraphWalker - Visiting attribute path : companyId
2020-03-09 20:45:27.595 [main] DEBUG o.h.p.w.spi.MetamodelGraphWalker - Visiting attribute path : description
2020-03-09 20:45:27.595 [main] DEBUG o.h.p.w.spi.MetamodelGraphWalker - Visiting attribute path : grade
2020-03-09 20:45:27.595 [main] DEBUG o.h.p.w.spi.MetamodelGraphWalker - Visiting attribute path : mt
2020-03-09 20:45:27.595 [main] DEBUG o.h.p.w.spi.MetamodelGraphWalker - Visiting attribute path : name
2020-03-09 20:45:27.595 [main] DEBUG o.h.p.w.spi.MetamodelGraphWalker - Visiting attribute path : st
2020-03-09 20:45:27.595 [main] DEBUG o.h.p.w.spi.MetamodelGraphWalker - Visiting attribute path : status
2020-03-09 20:45:27.595 [main] DEBUG o.h.p.w.spi.MetamodelGraphWalker - Visiting attribute path : studymodel
2020-03-09 20:45:27.595 [main] DEBUG o.h.p.w.spi.MetamodelGraphWalker - Visiting attribute path : teachmode
2020-03-09 20:45:27.595 [main] DEBUG o.h.p.w.spi.MetamodelGraphWalker - Visiting attribute path : userId
2020-03-09 20:45:27.595 [main] DEBUG o.h.p.w.spi.MetamodelGraphWalker - Visiting attribute path : users
2020-03-09 20:45:27.596 [main] DEBUG o.h.l.p.b.i.FetchStyleLoadPlanBuildingAssociationVisitationStrategy - Building LoadPlan...
2020-03-09 20:45:27.596 [main] DEBUG o.h.l.p.e.i.LoadQueryJoinAndFetchProcessor - processing queryspace <gen:0>
2020-03-09 20:45:27.596 [main] DEBUG o.h.l.p.b.spi.LoadPlanTreePrinter - LoadPlan(entity=com.ningmeng.framework.domain.course.CourseBase)
    - Returns
       - EntityReturnImpl(entity=com.ningmeng.framework.domain.course.CourseBase, querySpaceUid=<gen:0>, path=com.ningmeng.framework.domain.course.CourseBase)
    - QuerySpaces
       - EntityQuerySpaceImpl(uid=<gen:0>, entity=com.ningmeng.framework.domain.course.CourseBase)
          - SQL table alias mapping - coursebase0_
          - alias suffix - 0_
          - suffixed key columns - {id1_1_0_}

2020-03-09 20:45:27.596 [main] DEBUG o.h.loader.entity.plan.EntityLoader - Static select for entity com.ningmeng.framework.domain.course.CourseBase [READ]: select coursebase0_.id as id1_1_0_, coursebase0_.company_id as company_2_1_0_, coursebase0_.description as descript3_1_0_, coursebase0_.grade as grade4_1_0_, coursebase0_.mt as mt5_1_0_, coursebase0_.name as name6_1_0_, coursebase0_.st as st7_1_0_, coursebase0_.status as status8_1_0_, coursebase0_.studymodel as studymod9_1_0_, coursebase0_.teachmode as teachmo10_1_0_, coursebase0_.user_id as user_id11_1_0_, coursebase0_.users as users12_1_0_ from course_base coursebase0_ where coursebase0_.id=?
2020-03-09 20:45:27.596 [main] DEBUG o.h.l.p.b.i.spaces.QuerySpacesImpl - Adding QuerySpace : uid = <gen:0> -> org.hibernate.loader.plan.build.internal.spaces.EntityQuerySpaceImpl@7dd3981e]
2020-03-09 20:45:27.596 [main] DEBUG o.h.p.w.spi.MetamodelGraphWalker - Visiting attribute path : companyId
2020-03-09 20:45:27.596 [main] DEBUG o.h.p.w.spi.MetamodelGraphWalker - Visiting attribute path : description
2020-03-09 20:45:27.596 [main] DEBUG o.h.p.w.spi.MetamodelGraphWalker - Visiting attribute path : grade
2020-03-09 20:45:27.596 [main] DEBUG o.h.p.w.spi.MetamodelGraphWalker - Visiting attribute path : mt
2020-03-09 20:45:27.596 [main] DEBUG o.h.p.w.spi.MetamodelGraphWalker - Visiting attribute path : name
2020-03-09 20:45:27.596 [main] DEBUG o.h.p.w.spi.MetamodelGraphWalker - Visiting attribute path : st
2020-03-09 20:45:27.596 [main] DEBUG o.h.p.w.spi.MetamodelGraphWalker - Visiting attribute path : status
2020-03-09 20:45:27.596 [main] DEBUG o.h.p.w.spi.MetamodelGraphWalker - Visiting attribute path : studymodel
2020-03-09 20:45:27.597 [main] DEBUG o.h.p.w.spi.MetamodelGraphWalker - Visiting attribute path : teachmode
2020-03-09 20:45:27.597 [main] DEBUG o.h.p.w.spi.MetamodelGraphWalker - Visiting attribute path : userId
2020-03-09 20:45:27.597 [main] DEBUG o.h.p.w.spi.MetamodelGraphWalker - Visiting attribute path : users
2020-03-09 20:45:27.597 [main] DEBUG o.h.l.p.b.i.FetchStyleLoadPlanBuildingAssociationVisitationStrategy - Building LoadPlan...
2020-03-09 20:45:27.597 [main] DEBUG o.h.l.p.e.i.LoadQueryJoinAndFetchProcessor - processing queryspace <gen:0>
2020-03-09 20:45:27.597 [main] DEBUG o.h.l.p.b.spi.LoadPlanTreePrinter - LoadPlan(entity=com.ningmeng.framework.domain.course.CourseBase)
    - Returns
       - EntityReturnImpl(entity=com.ningmeng.framework.domain.course.CourseBase, querySpaceUid=<gen:0>, path=com.ningmeng.framework.domain.course.CourseBase)
    - QuerySpaces
       - EntityQuerySpaceImpl(uid=<gen:0>, entity=com.ningmeng.framework.domain.course.CourseBase)
          - SQL table alias mapping - coursebase0_
          - alias suffix - 0_
          - suffixed key columns - {id1_1_0_}

2020-03-09 20:45:27.597 [main] DEBUG o.h.loader.entity.plan.EntityLoader - Static select for entity com.ningmeng.framework.domain.course.CourseBase [UPGRADE]: select coursebase0_.id as id1_1_0_, coursebase0_.company_id as company_2_1_0_, coursebase0_.description as descript3_1_0_, coursebase0_.grade as grade4_1_0_, coursebase0_.mt as mt5_1_0_, coursebase0_.name as name6_1_0_, coursebase0_.st as st7_1_0_, coursebase0_.status as status8_1_0_, coursebase0_.studymodel as studymod9_1_0_, coursebase0_.teachmode as teachmo10_1_0_, coursebase0_.user_id as user_id11_1_0_, coursebase0_.users as users12_1_0_ from course_base coursebase0_ where coursebase0_.id=? for update
2020-03-09 20:45:27.597 [main] DEBUG o.h.l.p.b.i.spaces.QuerySpacesImpl - Adding QuerySpace : uid = <gen:0> -> org.hibernate.loader.plan.build.internal.spaces.EntityQuerySpaceImpl@4a04ca74]
2020-03-09 20:45:27.598 [main] DEBUG o.h.p.w.spi.MetamodelGraphWalker - Visiting attribute path : companyId
2020-03-09 20:45:27.598 [main] DEBUG o.h.p.w.spi.MetamodelGraphWalker - Visiting attribute path : description
2020-03-09 20:45:27.598 [main] DEBUG o.h.p.w.spi.MetamodelGraphWalker - Visiting attribute path : grade
2020-03-09 20:45:27.598 [main] DEBUG o.h.p.w.spi.MetamodelGraphWalker - Visiting attribute path : mt
2020-03-09 20:45:27.598 [main] DEBUG o.h.p.w.spi.MetamodelGraphWalker - Visiting attribute path : name
2020-03-09 20:45:27.598 [main] DEBUG o.h.p.w.spi.MetamodelGraphWalker - Visiting attribute path : st
2020-03-09 20:45:27.598 [main] DEBUG o.h.p.w.spi.MetamodelGraphWalker - Visiting attribute path : status
2020-03-09 20:45:27.598 [main] DEBUG o.h.p.w.spi.MetamodelGraphWalker - Visiting attribute path : studymodel
2020-03-09 20:45:27.598 [main] DEBUG o.h.p.w.spi.MetamodelGraphWalker - Visiting attribute path : teachmode
2020-03-09 20:45:27.598 [main] DEBUG o.h.p.w.spi.MetamodelGraphWalker - Visiting attribute path : userId
2020-03-09 20:45:27.598 [main] DEBUG o.h.p.w.spi.MetamodelGraphWalker - Visiting attribute path : users
2020-03-09 20:45:27.598 [main] DEBUG o.h.l.p.b.i.FetchStyleLoadPlanBuildingAssociationVisitationStrategy - Building LoadPlan...
2020-03-09 20:45:27.598 [main] DEBUG o.h.l.p.e.i.LoadQueryJoinAndFetchProcessor - processing queryspace <gen:0>
2020-03-09 20:45:27.599 [main] DEBUG o.h.l.p.b.spi.LoadPlanTreePrinter - LoadPlan(entity=com.ningmeng.framework.domain.course.CourseBase)
    - Returns
       - EntityReturnImpl(entity=com.ningmeng.framework.domain.course.CourseBase, querySpaceUid=<gen:0>, path=com.ningmeng.framework.domain.course.CourseBase)
    - QuerySpaces
       - EntityQuerySpaceImpl(uid=<gen:0>, entity=com.ningmeng.framework.domain.course.CourseBase)
          - SQL table alias mapping - coursebase0_
          - alias suffix - 0_
          - suffixed key columns - {id1_1_0_}

2020-03-09 20:45:27.599 [main] DEBUG o.h.loader.entity.plan.EntityLoader - Static select for entity com.ningmeng.framework.domain.course.CourseBase [UPGRADE_NOWAIT]: select coursebase0_.id as id1_1_0_, coursebase0_.company_id as company_2_1_0_, coursebase0_.description as descript3_1_0_, coursebase0_.grade as grade4_1_0_, coursebase0_.mt as mt5_1_0_, coursebase0_.name as name6_1_0_, coursebase0_.st as st7_1_0_, coursebase0_.status as status8_1_0_, coursebase0_.studymodel as studymod9_1_0_, coursebase0_.teachmode as teachmo10_1_0_, coursebase0_.user_id as user_id11_1_0_, coursebase0_.users as users12_1_0_ from course_base coursebase0_ where coursebase0_.id=? for update
2020-03-09 20:45:27.599 [main] DEBUG o.h.l.p.b.i.spaces.QuerySpacesImpl - Adding QuerySpace : uid = <gen:0> -> org.hibernate.loader.plan.build.internal.spaces.EntityQuerySpaceImpl@24aedcc5]
2020-03-09 20:45:27.599 [main] DEBUG o.h.p.w.spi.MetamodelGraphWalker - Visiting attribute path : companyId
2020-03-09 20:45:27.600 [main] DEBUG o.h.p.w.spi.MetamodelGraphWalker - Visiting attribute path : description
2020-03-09 20:45:27.600 [main] DEBUG o.h.p.w.spi.MetamodelGraphWalker - Visiting attribute path : grade
2020-03-09 20:45:27.600 [main] DEBUG o.h.p.w.spi.MetamodelGraphWalker - Visiting attribute path : mt
2020-03-09 20:45:27.600 [main] DEBUG o.h.p.w.spi.MetamodelGraphWalker - Visiting attribute path : name
2020-03-09 20:45:27.600 [main] DEBUG o.h.p.w.spi.MetamodelGraphWalker - Visiting attribute path : st
2020-03-09 20:45:27.600 [main] DEBUG o.h.p.w.spi.MetamodelGraphWalker - Visiting attribute path : status
2020-03-09 20:45:27.600 [main] DEBUG o.h.p.w.spi.MetamodelGraphWalker - Visiting attribute path : studymodel
2020-03-09 20:45:27.600 [main] DEBUG o.h.p.w.spi.MetamodelGraphWalker - Visiting attribute path : teachmode
2020-03-09 20:45:27.600 [main] DEBUG o.h.p.w.spi.MetamodelGraphWalker - Visiting attribute path : userId
2020-03-09 20:45:27.600 [main] DEBUG o.h.p.w.spi.MetamodelGraphWalker - Visiting attribute path : users
2020-03-09 20:45:27.601 [main] DEBUG o.h.l.p.b.i.FetchStyleLoadPlanBuildingAssociationVisitationStrategy - Building LoadPlan...
2020-03-09 20:45:27.601 [main] DEBUG o.h.l.p.e.i.LoadQueryJoinAndFetchProcessor - processing queryspace <gen:0>
2020-03-09 20:45:27.601 [main] DEBUG o.h.l.p.b.spi.LoadPlanTreePrinter - LoadPlan(entity=com.ningmeng.framework.domain.course.CourseBase)
    - Returns
       - EntityReturnImpl(entity=com.ningmeng.framework.domain.course.CourseBase, querySpaceUid=<gen:0>, path=com.ningmeng.framework.domain.course.CourseBase)
    - QuerySpaces
       - EntityQuerySpaceImpl(uid=<gen:0>, entity=com.ningmeng.framework.domain.course.CourseBase)
          - SQL table alias mapping - coursebase0_
          - alias suffix - 0_
          - suffixed key columns - {id1_1_0_}

2020-03-09 20:45:27.602 [main] DEBUG o.h.loader.entity.plan.EntityLoader - Static select for entity com.ningmeng.framework.domain.course.CourseBase [UPGRADE_SKIPLOCKED]: select coursebase0_.id as id1_1_0_, coursebase0_.company_id as company_2_1_0_, coursebase0_.description as descript3_1_0_, coursebase0_.grade as grade4_1_0_, coursebase0_.mt as mt5_1_0_, coursebase0_.name as name6_1_0_, coursebase0_.st as st7_1_0_, coursebase0_.status as status8_1_0_, coursebase0_.studymodel as studymod9_1_0_, coursebase0_.teachmode as teachmo10_1_0_, coursebase0_.user_id as user_id11_1_0_, coursebase0_.users as users12_1_0_ from course_base coursebase0_ where coursebase0_.id=? for update
2020-03-09 20:45:27.602 [main] DEBUG o.h.l.p.b.i.spaces.QuerySpacesImpl - Adding QuerySpace : uid = <gen:0> -> org.hibernate.loader.plan.build.internal.spaces.EntityQuerySpaceImpl@1850f2da]
2020-03-09 20:45:27.602 [main] DEBUG o.h.p.w.spi.MetamodelGraphWalker - Visiting attribute path : companyId
2020-03-09 20:45:27.602 [main] DEBUG o.h.p.w.spi.MetamodelGraphWalker - Visiting attribute path : description
2020-03-09 20:45:27.602 [main] DEBUG o.h.p.w.spi.MetamodelGraphWalker - Visiting attribute path : grade
2020-03-09 20:45:27.602 [main] DEBUG o.h.p.w.spi.MetamodelGraphWalker - Visiting attribute path : mt
2020-03-09 20:45:27.602 [main] DEBUG o.h.p.w.spi.MetamodelGraphWalker - Visiting attribute path : name
2020-03-09 20:45:27.602 [main] DEBUG o.h.p.w.spi.MetamodelGraphWalker - Visiting attribute path : st
2020-03-09 20:45:27.602 [main] DEBUG o.h.p.w.spi.MetamodelGraphWalker - Visiting attribute path : status
2020-03-09 20:45:27.602 [main] DEBUG o.h.p.w.spi.MetamodelGraphWalker - Visiting attribute path : studymodel
2020-03-09 20:45:27.602 [main] DEBUG o.h.p.w.spi.MetamodelGraphWalker - Visiting attribute path : teachmode
2020-03-09 20:45:27.602 [main] DEBUG o.h.p.w.spi.MetamodelGraphWalker - Visiting attribute path : userId
2020-03-09 20:45:27.602 [main] DEBUG o.h.p.w.spi.MetamodelGraphWalker - Visiting attribute path : users
2020-03-09 20:45:27.602 [main] DEBUG o.h.l.p.b.i.FetchStyleLoadPlanBuildingAssociationVisitationStrategy - Building LoadPlan...
2020-03-09 20:45:27.603 [main] DEBUG o.h.l.p.e.i.LoadQueryJoinAndFetchProcessor - processing queryspace <gen:0>
2020-03-09 20:45:27.603 [main] DEBUG o.h.l.p.b.spi.LoadPlanTreePrinter - LoadPlan(entity=com.ningmeng.framework.domain.course.CourseBase)
    - Returns
       - EntityReturnImpl(entity=com.ningmeng.framework.domain.course.CourseBase, querySpaceUid=<gen:0>, path=com.ningmeng.framework.domain.course.CourseBase)
    - QuerySpaces
       - EntityQuerySpaceImpl(uid=<gen:0>, entity=com.ningmeng.framework.domain.course.CourseBase)
          - SQL table alias mapping - coursebase0_
          - alias suffix - 0_
          - suffixed key columns - {id1_1_0_}

2020-03-09 20:45:27.604 [main] DEBUG o.h.loader.entity.plan.EntityLoader - Static select for entity com.ningmeng.framework.domain.course.CourseBase [FORCE]: select coursebase0_.id as id1_1_0_, coursebase0_.company_id as company_2_1_0_, coursebase0_.description as descript3_1_0_, coursebase0_.grade as grade4_1_0_, coursebase0_.mt as mt5_1_0_, coursebase0_.name as name6_1_0_, coursebase0_.st as st7_1_0_, coursebase0_.status as status8_1_0_, coursebase0_.studymodel as studymod9_1_0_, coursebase0_.teachmode as teachmo10_1_0_, coursebase0_.user_id as user_id11_1_0_, coursebase0_.users as users12_1_0_ from course_base coursebase0_ where coursebase0_.id=? for update
2020-03-09 20:45:27.604 [main] DEBUG o.h.l.p.b.i.spaces.QuerySpacesImpl - Adding QuerySpace : uid = <gen:0> -> org.hibernate.loader.plan.build.internal.spaces.EntityQuerySpaceImpl@6ace919c]
2020-03-09 20:45:27.604 [main] DEBUG o.h.p.w.spi.MetamodelGraphWalker - Visiting attribute path : companyId
2020-03-09 20:45:27.604 [main] DEBUG o.h.p.w.spi.MetamodelGraphWalker - Visiting attribute path : description
2020-03-09 20:45:27.604 [main] DEBUG o.h.p.w.spi.MetamodelGraphWalker - Visiting attribute path : grade
2020-03-09 20:45:27.604 [main] DEBUG o.h.p.w.spi.MetamodelGraphWalker - Visiting attribute path : mt
2020-03-09 20:45:27.605 [main] DEBUG o.h.p.w.spi.MetamodelGraphWalker - Visiting attribute path : name
2020-03-09 20:45:27.605 [main] DEBUG o.h.p.w.spi.MetamodelGraphWalker - Visiting attribute path : st
2020-03-09 20:45:27.605 [main] DEBUG o.h.p.w.spi.MetamodelGraphWalker - Visiting attribute path : status
2020-03-09 20:45:27.605 [main] DEBUG o.h.p.w.spi.MetamodelGraphWalker - Visiting attribute path : studymodel
2020-03-09 20:45:27.605 [main] DEBUG o.h.p.w.spi.MetamodelGraphWalker - Visiting attribute path : teachmode
2020-03-09 20:45:27.605 [main] DEBUG o.h.p.w.spi.MetamodelGraphWalker - Visiting attribute path : userId
2020-03-09 20:45:27.605 [main] DEBUG o.h.p.w.spi.MetamodelGraphWalker - Visiting attribute path : users
2020-03-09 20:45:27.605 [main] DEBUG o.h.l.p.b.i.FetchStyleLoadPlanBuildingAssociationVisitationStrategy - Building LoadPlan...
2020-03-09 20:45:27.605 [main] DEBUG o.h.l.p.e.i.LoadQueryJoinAndFetchProcessor - processing queryspace <gen:0>
2020-03-09 20:45:27.605 [main] DEBUG o.h.l.p.b.spi.LoadPlanTreePrinter - LoadPlan(entity=com.ningmeng.framework.domain.course.CourseBase)
    - Returns
       - EntityReturnImpl(entity=com.ningmeng.framework.domain.course.CourseBase, querySpaceUid=<gen:0>, path=com.ningmeng.framework.domain.course.CourseBase)
    - QuerySpaces
       - EntityQuerySpaceImpl(uid=<gen:0>, entity=com.ningmeng.framework.domain.course.CourseBase)
          - SQL table alias mapping - coursebase0_
          - alias suffix - 0_
          - suffixed key columns - {id1_1_0_}

2020-03-09 20:45:27.605 [main] DEBUG o.h.loader.entity.plan.EntityLoader - Static select for entity com.ningmeng.framework.domain.course.CourseBase [PESSIMISTIC_READ]: select coursebase0_.id as id1_1_0_, coursebase0_.company_id as company_2_1_0_, coursebase0_.description as descript3_1_0_, coursebase0_.grade as grade4_1_0_, coursebase0_.mt as mt5_1_0_, coursebase0_.name as name6_1_0_, coursebase0_.st as st7_1_0_, coursebase0_.status as status8_1_0_, coursebase0_.studymodel as studymod9_1_0_, coursebase0_.teachmode as teachmo10_1_0_, coursebase0_.user_id as user_id11_1_0_, coursebase0_.users as users12_1_0_ from course_base coursebase0_ where coursebase0_.id=? lock in share mode
2020-03-09 20:45:27.606 [main] DEBUG o.h.l.p.b.i.spaces.QuerySpacesImpl - Adding QuerySpace : uid = <gen:0> -> org.hibernate.loader.plan.build.internal.spaces.EntityQuerySpaceImpl@5f5c187d]
2020-03-09 20:45:27.606 [main] DEBUG o.h.p.w.spi.MetamodelGraphWalker - Visiting attribute path : companyId
2020-03-09 20:45:27.606 [main] DEBUG o.h.p.w.spi.MetamodelGraphWalker - Visiting attribute path : description
2020-03-09 20:45:27.606 [main] DEBUG o.h.p.w.spi.MetamodelGraphWalker - Visiting attribute path : grade
2020-03-09 20:45:27.606 [main] DEBUG o.h.p.w.spi.MetamodelGraphWalker - Visiting attribute path : mt
2020-03-09 20:45:27.606 [main] DEBUG o.h.p.w.spi.MetamodelGraphWalker - Visiting attribute path : name
2020-03-09 20:45:27.606 [main] DEBUG o.h.p.w.spi.MetamodelGraphWalker - Visiting attribute path : st
2020-03-09 20:45:27.606 [main] DEBUG o.h.p.w.spi.MetamodelGraphWalker - Visiting attribute path : status
2020-03-09 20:45:27.606 [main] DEBUG o.h.p.w.spi.MetamodelGraphWalker - Visiting attribute path : studymodel
2020-03-09 20:45:27.606 [main] DEBUG o.h.p.w.spi.MetamodelGraphWalker - Visiting attribute path : teachmode
2020-03-09 20:45:27.607 [main] DEBUG o.h.p.w.spi.MetamodelGraphWalker - Visiting attribute path : userId
2020-03-09 20:45:27.607 [main] DEBUG o.h.p.w.spi.MetamodelGraphWalker - Visiting attribute path : users
2020-03-09 20:45:27.607 [main] DEBUG o.h.l.p.b.i.FetchStyleLoadPlanBuildingAssociationVisitationStrategy - Building LoadPlan...
2020-03-09 20:45:27.607 [main] DEBUG o.h.l.p.e.i.LoadQueryJoinAndFetchProcessor - processing queryspace <gen:0>
2020-03-09 20:45:27.607 [main] DEBUG o.h.l.p.b.spi.LoadPlanTreePrinter - LoadPlan(entity=com.ningmeng.framework.domain.course.CourseBase)
    - Returns
       - EntityReturnImpl(entity=com.ningmeng.framework.domain.course.CourseBase, querySpaceUid=<gen:0>, path=com.ningmeng.framework.domain.course.CourseBase)
    - QuerySpaces
       - EntityQuerySpaceImpl(uid=<gen:0>, entity=com.ningmeng.framework.domain.course.CourseBase)
          - SQL table alias mapping - coursebase0_
          - alias suffix - 0_
          - suffixed key columns - {id1_1_0_}

2020-03-09 20:45:27.607 [main] DEBUG o.h.loader.entity.plan.EntityLoader - Static select for entity com.ningmeng.framework.domain.course.CourseBase [PESSIMISTIC_WRITE]: select coursebase0_.id as id1_1_0_, coursebase0_.company_id as company_2_1_0_, coursebase0_.description as descript3_1_0_, coursebase0_.grade as grade4_1_0_, coursebase0_.mt as mt5_1_0_, coursebase0_.name as name6_1_0_, coursebase0_.st as st7_1_0_, coursebase0_.status as status8_1_0_, coursebase0_.studymodel as studymod9_1_0_, coursebase0_.teachmode as teachmo10_1_0_, coursebase0_.user_id as user_id11_1_0_, coursebase0_.users as users12_1_0_ from course_base coursebase0_ where coursebase0_.id=? for update
2020-03-09 20:45:27.608 [main] DEBUG o.h.l.p.b.i.spaces.QuerySpacesImpl - Adding QuerySpace : uid = <gen:0> -> org.hibernate.loader.plan.build.internal.spaces.EntityQuerySpaceImpl@58182b96]
2020-03-09 20:45:27.608 [main] DEBUG o.h.p.w.spi.MetamodelGraphWalker - Visiting attribute path : companyId
2020-03-09 20:45:27.608 [main] DEBUG o.h.p.w.spi.MetamodelGraphWalker - Visiting attribute path : description
2020-03-09 20:45:27.608 [main] DEBUG o.h.p.w.spi.MetamodelGraphWalker - Visiting attribute path : grade
2020-03-09 20:45:27.608 [main] DEBUG o.h.p.w.spi.MetamodelGraphWalker - Visiting attribute path : mt
2020-03-09 20:45:27.608 [main] DEBUG o.h.p.w.spi.MetamodelGraphWalker - Visiting attribute path : name
2020-03-09 20:45:27.608 [main] DEBUG o.h.p.w.spi.MetamodelGraphWalker - Visiting attribute path : st
2020-03-09 20:45:27.608 [main] DEBUG o.h.p.w.spi.MetamodelGraphWalker - Visiting attribute path : status
2020-03-09 20:45:27.608 [main] DEBUG o.h.p.w.spi.MetamodelGraphWalker - Visiting attribute path : studymodel
2020-03-09 20:45:27.608 [main] DEBUG o.h.p.w.spi.MetamodelGraphWalker - Visiting attribute path : teachmode
2020-03-09 20:45:27.608 [main] DEBUG o.h.p.w.spi.MetamodelGraphWalker - Visiting attribute path : userId
2020-03-09 20:45:27.608 [main] DEBUG o.h.p.w.spi.MetamodelGraphWalker - Visiting attribute path : users
2020-03-09 20:45:27.608 [main] DEBUG o.h.l.p.b.i.FetchStyleLoadPlanBuildingAssociationVisitationStrategy - Building LoadPlan...
2020-03-09 20:45:27.608 [main] DEBUG o.h.l.p.e.i.LoadQueryJoinAndFetchProcessor - processing queryspace <gen:0>
2020-03-09 20:45:27.608 [main] DEBUG o.h.l.p.b.spi.LoadPlanTreePrinter - LoadPlan(entity=com.ningmeng.framework.domain.course.CourseBase)
    - Returns
       - EntityReturnImpl(entity=com.ningmeng.framework.domain.course.CourseBase, querySpaceUid=<gen:0>, path=com.ningmeng.framework.domain.course.CourseBase)
    - QuerySpaces
       - EntityQuerySpaceImpl(uid=<gen:0>, entity=com.ningmeng.framework.domain.course.CourseBase)
          - SQL table alias mapping - coursebase0_
          - alias suffix - 0_
          - suffixed key columns - {id1_1_0_}

2020-03-09 20:45:27.609 [main] DEBUG o.h.loader.entity.plan.EntityLoader - Static select for entity com.ningmeng.framework.domain.course.CourseBase [PESSIMISTIC_FORCE_INCREMENT]: select coursebase0_.id as id1_1_0_, coursebase0_.company_id as company_2_1_0_, coursebase0_.description as descript3_1_0_, coursebase0_.grade as grade4_1_0_, coursebase0_.mt as mt5_1_0_, coursebase0_.name as name6_1_0_, coursebase0_.st as st7_1_0_, coursebase0_.status as status8_1_0_, coursebase0_.studymodel as studymod9_1_0_, coursebase0_.teachmode as teachmo10_1_0_, coursebase0_.user_id as user_id11_1_0_, coursebase0_.users as users12_1_0_ from course_base coursebase0_ where coursebase0_.id=? for update
2020-03-09 20:45:27.609 [main] DEBUG o.h.l.p.b.i.spaces.QuerySpacesImpl - Adding QuerySpace : uid = <gen:0> -> org.hibernate.loader.plan.build.internal.spaces.EntityQuerySpaceImpl@8f6b4ab]
2020-03-09 20:45:27.609 [main] DEBUG o.h.p.w.spi.MetamodelGraphWalker - Visiting attribute path : companyId
2020-03-09 20:45:27.609 [main] DEBUG o.h.p.w.spi.MetamodelGraphWalker - Visiting attribute path : description
2020-03-09 20:45:27.609 [main] DEBUG o.h.p.w.spi.MetamodelGraphWalker - Visiting attribute path : grade
2020-03-09 20:45:27.609 [main] DEBUG o.h.p.w.spi.MetamodelGraphWalker - Visiting attribute path : mt
2020-03-09 20:45:27.609 [main] DEBUG o.h.p.w.spi.MetamodelGraphWalker - Visiting attribute path : name
2020-03-09 20:45:27.609 [main] DEBUG o.h.p.w.spi.MetamodelGraphWalker - Visiting attribute path : st
2020-03-09 20:45:27.609 [main] DEBUG o.h.p.w.spi.MetamodelGraphWalker - Visiting attribute path : status
2020-03-09 20:45:27.609 [main] DEBUG o.h.p.w.spi.MetamodelGraphWalker - Visiting attribute path : studymodel
2020-03-09 20:45:27.609 [main] DEBUG o.h.p.w.spi.MetamodelGraphWalker - Visiting attribute path : teachmode
2020-03-09 20:45:27.609 [main] DEBUG o.h.p.w.spi.MetamodelGraphWalker - Visiting attribute path : userId
2020-03-09 20:45:27.609 [main] DEBUG o.h.p.w.spi.MetamodelGraphWalker - Visiting attribute path : users
2020-03-09 20:45:27.609 [main] DEBUG o.h.l.p.b.i.FetchStyleLoadPlanBuildingAssociationVisitationStrategy - Building LoadPlan...
2020-03-09 20:45:27.609 [main] DEBUG o.h.l.p.e.i.LoadQueryJoinAndFetchProcessor - processing queryspace <gen:0>
2020-03-09 20:45:27.610 [main] DEBUG o.h.l.p.b.spi.LoadPlanTreePrinter - LoadPlan(entity=com.ningmeng.framework.domain.course.CourseBase)
    - Returns
       - EntityReturnImpl(entity=com.ningmeng.framework.domain.course.CourseBase, querySpaceUid=<gen:0>, path=com.ningmeng.framework.domain.course.CourseBase)
    - QuerySpaces
       - EntityQuerySpaceImpl(uid=<gen:0>, entity=com.ningmeng.framework.domain.course.CourseBase)
          - SQL table alias mapping - coursebase0_
          - alias suffix - 0_
          - suffixed key columns - {id1_1_0_}

2020-03-09 20:45:27.610 [main] DEBUG o.h.loader.entity.plan.EntityLoader - Static select for entity com.ningmeng.framework.domain.course.CourseBase [OPTIMISTIC]: select coursebase0_.id as id1_1_0_, coursebase0_.company_id as company_2_1_0_, coursebase0_.description as descript3_1_0_, coursebase0_.grade as grade4_1_0_, coursebase0_.mt as mt5_1_0_, coursebase0_.name as name6_1_0_, coursebase0_.st as st7_1_0_, coursebase0_.status as status8_1_0_, coursebase0_.studymodel as studymod9_1_0_, coursebase0_.teachmode as teachmo10_1_0_, coursebase0_.user_id as user_id11_1_0_, coursebase0_.users as users12_1_0_ from course_base coursebase0_ where coursebase0_.id=?
2020-03-09 20:45:27.610 [main] DEBUG o.h.l.p.b.i.spaces.QuerySpacesImpl - Adding QuerySpace : uid = <gen:0> -> org.hibernate.loader.plan.build.internal.spaces.EntityQuerySpaceImpl@770cae59]
2020-03-09 20:45:27.610 [main] DEBUG o.h.p.w.spi.MetamodelGraphWalker - Visiting attribute path : companyId
2020-03-09 20:45:27.610 [main] DEBUG o.h.p.w.spi.MetamodelGraphWalker - Visiting attribute path : description
2020-03-09 20:45:27.610 [main] DEBUG o.h.p.w.spi.MetamodelGraphWalker - Visiting attribute path : grade
2020-03-09 20:45:27.610 [main] DEBUG o.h.p.w.spi.MetamodelGraphWalker - Visiting attribute path : mt
2020-03-09 20:45:27.610 [main] DEBUG o.h.p.w.spi.MetamodelGraphWalker - Visiting attribute path : name
2020-03-09 20:45:27.610 [main] DEBUG o.h.p.w.spi.MetamodelGraphWalker - Visiting attribute path : st
2020-03-09 20:45:27.610 [main] DEBUG o.h.p.w.spi.MetamodelGraphWalker - Visiting attribute path : status
2020-03-09 20:45:27.610 [main] DEBUG o.h.p.w.spi.MetamodelGraphWalker - Visiting attribute path : studymodel
2020-03-09 20:45:27.610 [main] DEBUG o.h.p.w.spi.MetamodelGraphWalker - Visiting attribute path : teachmode
2020-03-09 20:45:27.610 [main] DEBUG o.h.p.w.spi.MetamodelGraphWalker - Visiting attribute path : userId
2020-03-09 20:45:27.611 [main] DEBUG o.h.p.w.spi.MetamodelGraphWalker - Visiting attribute path : users
2020-03-09 20:45:27.611 [main] DEBUG o.h.l.p.b.i.FetchStyleLoadPlanBuildingAssociationVisitationStrategy - Building LoadPlan...
2020-03-09 20:45:27.611 [main] DEBUG o.h.l.p.e.i.LoadQueryJoinAndFetchProcessor - processing queryspace <gen:0>
2020-03-09 20:45:27.611 [main] DEBUG o.h.l.p.b.spi.LoadPlanTreePrinter - LoadPlan(entity=com.ningmeng.framework.domain.course.CourseBase)
    - Returns
       - EntityReturnImpl(entity=com.ningmeng.framework.domain.course.CourseBase, querySpaceUid=<gen:0>, path=com.ningmeng.framework.domain.course.CourseBase)
    - QuerySpaces
       - EntityQuerySpaceImpl(uid=<gen:0>, entity=com.ningmeng.framework.domain.course.CourseBase)
          - SQL table alias mapping - coursebase0_
          - alias suffix - 0_
          - suffixed key columns - {id1_1_0_}

2020-03-09 20:45:27.611 [main] DEBUG o.h.loader.entity.plan.EntityLoader - Static select for entity com.ningmeng.framework.domain.course.CourseBase [OPTIMISTIC_FORCE_INCREMENT]: select coursebase0_.id as id1_1_0_, coursebase0_.company_id as company_2_1_0_, coursebase0_.description as descript3_1_0_, coursebase0_.grade as grade4_1_0_, coursebase0_.mt as mt5_1_0_, coursebase0_.name as name6_1_0_, coursebase0_.st as st7_1_0_, coursebase0_.status as status8_1_0_, coursebase0_.studymodel as studymod9_1_0_, coursebase0_.teachmode as teachmo10_1_0_, coursebase0_.user_id as user_id11_1_0_, coursebase0_.users as users12_1_0_ from course_base coursebase0_ where coursebase0_.id=?
2020-03-09 20:45:27.612 [main] DEBUG org.hibernate.loader.Loader - Static select for action ACTION_MERGE on entity com.ningmeng.framework.domain.course.CourseBase: select coursebase0_.id as id1_1_0_, coursebase0_.company_id as company_2_1_0_, coursebase0_.description as descript3_1_0_, coursebase0_.grade as grade4_1_0_, coursebase0_.mt as mt5_1_0_, coursebase0_.name as name6_1_0_, coursebase0_.st as st7_1_0_, coursebase0_.status as status8_1_0_, coursebase0_.studymodel as studymod9_1_0_, coursebase0_.teachmode as teachmo10_1_0_, coursebase0_.user_id as user_id11_1_0_, coursebase0_.users as users12_1_0_ from course_base coursebase0_ where coursebase0_.id=?
2020-03-09 20:45:27.612 [main] DEBUG org.hibernate.loader.Loader - Static select for action ACTION_REFRESH on entity com.ningmeng.framework.domain.course.CourseBase: select coursebase0_.id as id1_1_0_, coursebase0_.company_id as company_2_1_0_, coursebase0_.description as descript3_1_0_, coursebase0_.grade as grade4_1_0_, coursebase0_.mt as mt5_1_0_, coursebase0_.name as name6_1_0_, coursebase0_.st as st7_1_0_, coursebase0_.status as status8_1_0_, coursebase0_.studymodel as studymod9_1_0_, coursebase0_.teachmode as teachmo10_1_0_, coursebase0_.user_id as user_id11_1_0_, coursebase0_.users as users12_1_0_ from course_base coursebase0_ where coursebase0_.id=?
2020-03-09 20:45:27.612 [main] DEBUG o.h.p.entity.AbstractEntityPersister - Static SQL for entity: com.ningmeng.framework.domain.course.TeachplanMedia
2020-03-09 20:45:27.612 [main] DEBUG o.h.p.entity.AbstractEntityPersister -  Version select: select teachplan_id from teachplan_media where teachplan_id =?
2020-03-09 20:45:27.612 [main] DEBUG o.h.p.entity.AbstractEntityPersister -  Snapshot select: select teachplanm_.teachplan_id, teachplanm_.courseid as courseid2_9_, teachplanm_.media_fileoriginalname as media_fi3_9_, teachplanm_.media_id as media_id4_9_, teachplanm_.media_url as media_ur5_9_ from teachplan_media teachplanm_ where teachplanm_.teachplan_id=?
2020-03-09 20:45:27.612 [main] DEBUG o.h.p.entity.AbstractEntityPersister -  Insert 0: insert into teachplan_media (courseid, media_fileoriginalname, media_id, media_url, teachplan_id) values (?, ?, ?, ?, ?)
2020-03-09 20:45:27.612 [main] DEBUG o.h.p.entity.AbstractEntityPersister -  Update 0: update teachplan_media set courseid=?, media_fileoriginalname=?, media_id=?, media_url=? where teachplan_id=?
2020-03-09 20:45:27.612 [main] DEBUG o.h.p.entity.AbstractEntityPersister -  Delete 0: delete from teachplan_media where teachplan_id=?
2020-03-09 20:45:27.613 [main] DEBUG o.h.l.p.b.i.spaces.QuerySpacesImpl - Adding QuerySpace : uid = <gen:0> -> org.hibernate.loader.plan.build.internal.spaces.EntityQuerySpaceImpl@4bdb04c8]
2020-03-09 20:45:27.613 [main] DEBUG o.h.p.w.spi.MetamodelGraphWalker - Visiting attribute path : courseId
2020-03-09 20:45:27.613 [main] DEBUG o.h.p.w.spi.MetamodelGraphWalker - Visiting attribute path : mediaFileOriginalName
2020-03-09 20:45:27.613 [main] DEBUG o.h.p.w.spi.MetamodelGraphWalker - Visiting attribute path : mediaId
2020-03-09 20:45:27.613 [main] DEBUG o.h.p.w.spi.MetamodelGraphWalker - Visiting attribute path : mediaUrl
2020-03-09 20:45:27.613 [main] DEBUG o.h.l.p.b.i.FetchStyleLoadPlanBuildingAssociationVisitationStrategy - Building LoadPlan...
2020-03-09 20:45:27.613 [main] DEBUG o.h.l.p.e.i.LoadQueryJoinAndFetchProcessor - processing queryspace <gen:0>
2020-03-09 20:45:27.613 [main] DEBUG o.h.l.p.b.spi.LoadPlanTreePrinter - LoadPlan(entity=com.ningmeng.framework.domain.course.TeachplanMedia)
    - Returns
       - EntityReturnImpl(entity=com.ningmeng.framework.domain.course.TeachplanMedia, querySpaceUid=<gen:0>, path=com.ningmeng.framework.domain.course.TeachplanMedia)
    - QuerySpaces
       - EntityQuerySpaceImpl(uid=<gen:0>, entity=com.ningmeng.framework.domain.course.TeachplanMedia)
          - SQL table alias mapping - teachplanm0_
          - alias suffix - 0_
          - suffixed key columns - {teachpla1_9_0_}

2020-03-09 20:45:27.613 [main] DEBUG o.h.loader.entity.plan.EntityLoader - Static select for entity com.ningmeng.framework.domain.course.TeachplanMedia [NONE]: select teachplanm0_.teachplan_id as teachpla1_9_0_, teachplanm0_.courseid as courseid2_9_0_, teachplanm0_.media_fileoriginalname as media_fi3_9_0_, teachplanm0_.media_id as media_id4_9_0_, teachplanm0_.media_url as media_ur5_9_0_ from teachplan_media teachplanm0_ where teachplanm0_.teachplan_id=?
2020-03-09 20:45:27.613 [main] DEBUG o.h.l.p.b.i.spaces.QuerySpacesImpl - Adding QuerySpace : uid = <gen:0> -> org.hibernate.loader.plan.build.internal.spaces.EntityQuerySpaceImpl@3ce7394f]
2020-03-09 20:45:27.614 [main] DEBUG o.h.p.w.spi.MetamodelGraphWalker - Visiting attribute path : courseId
2020-03-09 20:45:27.614 [main] DEBUG o.h.p.w.spi.MetamodelGraphWalker - Visiting attribute path : mediaFileOriginalName
2020-03-09 20:45:27.614 [main] DEBUG o.h.p.w.spi.MetamodelGraphWalker - Visiting attribute path : mediaId
2020-03-09 20:45:27.614 [main] DEBUG o.h.p.w.spi.MetamodelGraphWalker - Visiting attribute path : mediaUrl
2020-03-09 20:45:27.614 [main] DEBUG o.h.l.p.b.i.FetchStyleLoadPlanBuildingAssociationVisitationStrategy - Building LoadPlan...
2020-03-09 20:45:27.614 [main] DEBUG o.h.l.p.e.i.LoadQueryJoinAndFetchProcessor - processing queryspace <gen:0>
2020-03-09 20:45:27.614 [main] DEBUG o.h.l.p.b.spi.LoadPlanTreePrinter - LoadPlan(entity=com.ningmeng.framework.domain.course.TeachplanMedia)
    - Returns
       - EntityReturnImpl(entity=com.ningmeng.framework.domain.course.TeachplanMedia, querySpaceUid=<gen:0>, path=com.ningmeng.framework.domain.course.TeachplanMedia)
    - QuerySpaces
       - EntityQuerySpaceImpl(uid=<gen:0>, entity=com.ningmeng.framework.domain.course.TeachplanMedia)
          - SQL table alias mapping - teachplanm0_
          - alias suffix - 0_
          - suffixed key columns - {teachpla1_9_0_}

2020-03-09 20:45:27.614 [main] DEBUG o.h.loader.entity.plan.EntityLoader - Static select for entity com.ningmeng.framework.domain.course.TeachplanMedia [READ]: select teachplanm0_.teachplan_id as teachpla1_9_0_, teachplanm0_.courseid as courseid2_9_0_, teachplanm0_.media_fileoriginalname as media_fi3_9_0_, teachplanm0_.media_id as media_id4_9_0_, teachplanm0_.media_url as media_ur5_9_0_ from teachplan_media teachplanm0_ where teachplanm0_.teachplan_id=?
2020-03-09 20:45:27.614 [main] DEBUG o.h.l.p.b.i.spaces.QuerySpacesImpl - Adding QuerySpace : uid = <gen:0> -> org.hibernate.loader.plan.build.internal.spaces.EntityQuerySpaceImpl@74cd798f]
2020-03-09 20:45:27.614 [main] DEBUG o.h.p.w.spi.MetamodelGraphWalker - Visiting attribute path : courseId
2020-03-09 20:45:27.615 [main] DEBUG o.h.p.w.spi.MetamodelGraphWalker - Visiting attribute path : mediaFileOriginalName
2020-03-09 20:45:27.615 [main] DEBUG o.h.p.w.spi.MetamodelGraphWalker - Visiting attribute path : mediaId
2020-03-09 20:45:27.615 [main] DEBUG o.h.p.w.spi.MetamodelGraphWalker - Visiting attribute path : mediaUrl
2020-03-09 20:45:27.615 [main] DEBUG o.h.l.p.b.i.FetchStyleLoadPlanBuildingAssociationVisitationStrategy - Building LoadPlan...
2020-03-09 20:45:27.615 [main] DEBUG o.h.l.p.e.i.LoadQueryJoinAndFetchProcessor - processing queryspace <gen:0>
2020-03-09 20:45:27.616 [main] DEBUG o.h.l.p.b.spi.LoadPlanTreePrinter - LoadPlan(entity=com.ningmeng.framework.domain.course.TeachplanMedia)
    - Returns
       - EntityReturnImpl(entity=com.ningmeng.framework.domain.course.TeachplanMedia, querySpaceUid=<gen:0>, path=com.ningmeng.framework.domain.course.TeachplanMedia)
    - QuerySpaces
       - EntityQuerySpaceImpl(uid=<gen:0>, entity=com.ningmeng.framework.domain.course.TeachplanMedia)
          - SQL table alias mapping - teachplanm0_
          - alias suffix - 0_
          - suffixed key columns - {teachpla1_9_0_}

2020-03-09 20:45:27.617 [main] DEBUG o.h.loader.entity.plan.EntityLoader - Static select for entity com.ningmeng.framework.domain.course.TeachplanMedia [UPGRADE]: select teachplanm0_.teachplan_id as teachpla1_9_0_, teachplanm0_.courseid as courseid2_9_0_, teachplanm0_.media_fileoriginalname as media_fi3_9_0_, teachplanm0_.media_id as media_id4_9_0_, teachplanm0_.media_url as media_ur5_9_0_ from teachplan_media teachplanm0_ where teachplanm0_.teachplan_id=? for update
2020-03-09 20:45:27.617 [main] DEBUG o.h.l.p.b.i.spaces.QuerySpacesImpl - Adding QuerySpace : uid = <gen:0> -> org.hibernate.loader.plan.build.internal.spaces.EntityQuerySpaceImpl@63c99f7]
2020-03-09 20:45:27.618 [main] DEBUG o.h.p.w.spi.MetamodelGraphWalker - Visiting attribute path : courseId
2020-03-09 20:45:27.618 [main] DEBUG o.h.p.w.spi.MetamodelGraphWalker - Visiting attribute path : mediaFileOriginalName
2020-03-09 20:45:27.618 [main] DEBUG o.h.p.w.spi.MetamodelGraphWalker - Visiting attribute path : mediaId
2020-03-09 20:45:27.618 [main] DEBUG o.h.p.w.spi.MetamodelGraphWalker - Visiting attribute path : mediaUrl
2020-03-09 20:45:27.618 [main] DEBUG o.h.l.p.b.i.FetchStyleLoadPlanBuildingAssociationVisitationStrategy - Building LoadPlan...
2020-03-09 20:45:27.618 [main] DEBUG o.h.l.p.e.i.LoadQueryJoinAndFetchProcessor - processing queryspace <gen:0>
2020-03-09 20:45:27.618 [main] DEBUG o.h.l.p.b.spi.LoadPlanTreePrinter - LoadPlan(entity=com.ningmeng.framework.domain.course.TeachplanMedia)
    - Returns
       - EntityReturnImpl(entity=com.ningmeng.framework.domain.course.TeachplanMedia, querySpaceUid=<gen:0>, path=com.ningmeng.framework.domain.course.TeachplanMedia)
    - QuerySpaces
       - EntityQuerySpaceImpl(uid=<gen:0>, entity=com.ningmeng.framework.domain.course.TeachplanMedia)
          - SQL table alias mapping - teachplanm0_
          - alias suffix - 0_
          - suffixed key columns - {teachpla1_9_0_}

2020-03-09 20:45:27.619 [main] DEBUG o.h.loader.entity.plan.EntityLoader - Static select for entity com.ningmeng.framework.domain.course.TeachplanMedia [UPGRADE_NOWAIT]: select teachplanm0_.teachplan_id as teachpla1_9_0_, teachplanm0_.courseid as courseid2_9_0_, teachplanm0_.media_fileoriginalname as media_fi3_9_0_, teachplanm0_.media_id as media_id4_9_0_, teachplanm0_.media_url as media_ur5_9_0_ from teachplan_media teachplanm0_ where teachplanm0_.teachplan_id=? for update
2020-03-09 20:45:27.619 [main] DEBUG o.h.l.p.b.i.spaces.QuerySpacesImpl - Adding QuerySpace : uid = <gen:0> -> org.hibernate.loader.plan.build.internal.spaces.EntityQuerySpaceImpl@601f264d]
2020-03-09 20:45:27.619 [main] DEBUG o.h.p.w.spi.MetamodelGraphWalker - Visiting attribute path : courseId
2020-03-09 20:45:27.619 [main] DEBUG o.h.p.w.spi.MetamodelGraphWalker - Visiting attribute path : mediaFileOriginalName
2020-03-09 20:45:27.619 [main] DEBUG o.h.p.w.spi.MetamodelGraphWalker - Visiting attribute path : mediaId
2020-03-09 20:45:27.619 [main] DEBUG o.h.p.w.spi.MetamodelGraphWalker - Visiting attribute path : mediaUrl
2020-03-09 20:45:27.619 [main] DEBUG o.h.l.p.b.i.FetchStyleLoadPlanBuildingAssociationVisitationStrategy - Building LoadPlan...
2020-03-09 20:45:27.619 [main] DEBUG o.h.l.p.e.i.LoadQueryJoinAndFetchProcessor - processing queryspace <gen:0>
2020-03-09 20:45:27.620 [main] DEBUG o.h.l.p.b.spi.LoadPlanTreePrinter - LoadPlan(entity=com.ningmeng.framework.domain.course.TeachplanMedia)
    - Returns
       - EntityReturnImpl(entity=com.ningmeng.framework.domain.course.TeachplanMedia, querySpaceUid=<gen:0>, path=com.ningmeng.framework.domain.course.TeachplanMedia)
    - QuerySpaces
       - EntityQuerySpaceImpl(uid=<gen:0>, entity=com.ningmeng.framework.domain.course.TeachplanMedia)
          - SQL table alias mapping - teachplanm0_
          - alias suffix - 0_
          - suffixed key columns - {teachpla1_9_0_}

2020-03-09 20:45:27.620 [main] DEBUG o.h.loader.entity.plan.EntityLoader - Static select for entity com.ningmeng.framework.domain.course.TeachplanMedia [UPGRADE_SKIPLOCKED]: select teachplanm0_.teachplan_id as teachpla1_9_0_, teachplanm0_.courseid as courseid2_9_0_, teachplanm0_.media_fileoriginalname as media_fi3_9_0_, teachplanm0_.media_id as media_id4_9_0_, teachplanm0_.media_url as media_ur5_9_0_ from teachplan_media teachplanm0_ where teachplanm0_.teachplan_id=? for update
2020-03-09 20:45:27.620 [main] DEBUG o.h.l.p.b.i.spaces.QuerySpacesImpl - Adding QuerySpace : uid = <gen:0> -> org.hibernate.loader.plan.build.internal.spaces.EntityQuerySpaceImpl@261275ae]
2020-03-09 20:45:27.620 [main] DEBUG o.h.p.w.spi.MetamodelGraphWalker - Visiting attribute path : courseId
2020-03-09 20:45:27.620 [main] DEBUG o.h.p.w.spi.MetamodelGraphWalker - Visiting attribute path : mediaFileOriginalName
2020-03-09 20:45:27.620 [main] DEBUG o.h.p.w.spi.MetamodelGraphWalker - Visiting attribute path : mediaId
2020-03-09 20:45:27.620 [main] DEBUG o.h.p.w.spi.MetamodelGraphWalker - Visiting attribute path : mediaUrl
2020-03-09 20:45:27.620 [main] DEBUG o.h.l.p.b.i.FetchStyleLoadPlanBuildingAssociationVisitationStrategy - Building LoadPlan...
2020-03-09 20:45:27.620 [main] DEBUG o.h.l.p.e.i.LoadQueryJoinAndFetchProcessor - processing queryspace <gen:0>
2020-03-09 20:45:27.620 [main] DEBUG o.h.l.p.b.spi.LoadPlanTreePrinter - LoadPlan(entity=com.ningmeng.framework.domain.course.TeachplanMedia)
    - Returns
       - EntityReturnImpl(entity=com.ningmeng.framework.domain.course.TeachplanMedia, querySpaceUid=<gen:0>, path=com.ningmeng.framework.domain.course.TeachplanMedia)
    - QuerySpaces
       - EntityQuerySpaceImpl(uid=<gen:0>, entity=com.ningmeng.framework.domain.course.TeachplanMedia)
          - SQL table alias mapping - teachplanm0_
          - alias suffix - 0_
          - suffixed key columns - {teachpla1_9_0_}

2020-03-09 20:45:27.621 [main] DEBUG o.h.loader.entity.plan.EntityLoader - Static select for entity com.ningmeng.framework.domain.course.TeachplanMedia [FORCE]: select teachplanm0_.teachplan_id as teachpla1_9_0_, teachplanm0_.courseid as courseid2_9_0_, teachplanm0_.media_fileoriginalname as media_fi3_9_0_, teachplanm0_.media_id as media_id4_9_0_, teachplanm0_.media_url as media_ur5_9_0_ from teachplan_media teachplanm0_ where teachplanm0_.teachplan_id=? for update
2020-03-09 20:45:27.621 [main] DEBUG o.h.l.p.b.i.spaces.QuerySpacesImpl - Adding QuerySpace : uid = <gen:0> -> org.hibernate.loader.plan.build.internal.spaces.EntityQuerySpaceImpl@49986178]
2020-03-09 20:45:27.621 [main] DEBUG o.h.p.w.spi.MetamodelGraphWalker - Visiting attribute path : courseId
2020-03-09 20:45:27.621 [main] DEBUG o.h.p.w.spi.MetamodelGraphWalker - Visiting attribute path : mediaFileOriginalName
2020-03-09 20:45:27.621 [main] DEBUG o.h.p.w.spi.MetamodelGraphWalker - Visiting attribute path : mediaId
2020-03-09 20:45:27.621 [main] DEBUG o.h.p.w.spi.MetamodelGraphWalker - Visiting attribute path : mediaUrl
2020-03-09 20:45:27.621 [main] DEBUG o.h.l.p.b.i.FetchStyleLoadPlanBuildingAssociationVisitationStrategy - Building LoadPlan...
2020-03-09 20:45:27.621 [main] DEBUG o.h.l.p.e.i.LoadQueryJoinAndFetchProcessor - processing queryspace <gen:0>
2020-03-09 20:45:27.621 [main] DEBUG o.h.l.p.b.spi.LoadPlanTreePrinter - LoadPlan(entity=com.ningmeng.framework.domain.course.TeachplanMedia)
    - Returns
       - EntityReturnImpl(entity=com.ningmeng.framework.domain.course.TeachplanMedia, querySpaceUid=<gen:0>, path=com.ningmeng.framework.domain.course.TeachplanMedia)
    - QuerySpaces
       - EntityQuerySpaceImpl(uid=<gen:0>, entity=com.ningmeng.framework.domain.course.TeachplanMedia)
          - SQL table alias mapping - teachplanm0_
          - alias suffix - 0_
          - suffixed key columns - {teachpla1_9_0_}

2020-03-09 20:45:27.622 [main] DEBUG o.h.loader.entity.plan.EntityLoader - Static select for entity com.ningmeng.framework.domain.course.TeachplanMedia [PESSIMISTIC_READ]: select teachplanm0_.teachplan_id as teachpla1_9_0_, teachplanm0_.courseid as courseid2_9_0_, teachplanm0_.media_fileoriginalname as media_fi3_9_0_, teachplanm0_.media_id as media_id4_9_0_, teachplanm0_.media_url as media_ur5_9_0_ from teachplan_media teachplanm0_ where teachplanm0_.teachplan_id=? lock in share mode
2020-03-09 20:45:27.622 [main] DEBUG o.h.l.p.b.i.spaces.QuerySpacesImpl - Adding QuerySpace : uid = <gen:0> -> org.hibernate.loader.plan.build.internal.spaces.EntityQuerySpaceImpl@25b74370]
2020-03-09 20:45:27.622 [main] DEBUG o.h.p.w.spi.MetamodelGraphWalker - Visiting attribute path : courseId
2020-03-09 20:45:27.622 [main] DEBUG o.h.p.w.spi.MetamodelGraphWalker - Visiting attribute path : mediaFileOriginalName
2020-03-09 20:45:27.622 [main] DEBUG o.h.p.w.spi.MetamodelGraphWalker - Visiting attribute path : mediaId
2020-03-09 20:45:27.622 [main] DEBUG o.h.p.w.spi.MetamodelGraphWalker - Visiting attribute path : mediaUrl
2020-03-09 20:45:27.622 [main] DEBUG o.h.l.p.b.i.FetchStyleLoadPlanBuildingAssociationVisitationStrategy - Building LoadPlan...
2020-03-09 20:45:27.622 [main] DEBUG o.h.l.p.e.i.LoadQueryJoinAndFetchProcessor - processing queryspace <gen:0>
2020-03-09 20:45:27.622 [main] DEBUG o.h.l.p.b.spi.LoadPlanTreePrinter - LoadPlan(entity=com.ningmeng.framework.domain.course.TeachplanMedia)
    - Returns
       - EntityReturnImpl(entity=com.ningmeng.framework.domain.course.TeachplanMedia, querySpaceUid=<gen:0>, path=com.ningmeng.framework.domain.course.TeachplanMedia)
    - QuerySpaces
       - EntityQuerySpaceImpl(uid=<gen:0>, entity=com.ningmeng.framework.domain.course.TeachplanMedia)
          - SQL table alias mapping - teachplanm0_
          - alias suffix - 0_
          - suffixed key columns - {teachpla1_9_0_}

2020-03-09 20:45:27.622 [main] DEBUG o.h.loader.entity.plan.EntityLoader - Static select for entity com.ningmeng.framework.domain.course.TeachplanMedia [PESSIMISTIC_WRITE]: select teachplanm0_.teachplan_id as teachpla1_9_0_, teachplanm0_.courseid as courseid2_9_0_, teachplanm0_.media_fileoriginalname as media_fi3_9_0_, teachplanm0_.media_id as media_id4_9_0_, teachplanm0_.media_url as media_ur5_9_0_ from teachplan_media teachplanm0_ where teachplanm0_.teachplan_id=? for update
2020-03-09 20:45:27.623 [main] DEBUG o.h.l.p.b.i.spaces.QuerySpacesImpl - Adding QuerySpace : uid = <gen:0> -> org.hibernate.loader.plan.build.internal.spaces.EntityQuerySpaceImpl@1f71e024]
2020-03-09 20:45:27.623 [main] DEBUG o.h.p.w.spi.MetamodelGraphWalker - Visiting attribute path : courseId
2020-03-09 20:45:27.623 [main] DEBUG o.h.p.w.spi.MetamodelGraphWalker - Visiting attribute path : mediaFileOriginalName
2020-03-09 20:45:27.623 [main] DEBUG o.h.p.w.spi.MetamodelGraphWalker - Visiting attribute path : mediaId
2020-03-09 20:45:27.623 [main] DEBUG o.h.p.w.spi.MetamodelGraphWalker - Visiting attribute path : mediaUrl
2020-03-09 20:45:27.623 [main] DEBUG o.h.l.p.b.i.FetchStyleLoadPlanBuildingAssociationVisitationStrategy - Building LoadPlan...
2020-03-09 20:45:27.623 [main] DEBUG o.h.l.p.e.i.LoadQueryJoinAndFetchProcessor - processing queryspace <gen:0>
2020-03-09 20:45:27.623 [main] DEBUG o.h.l.p.b.spi.LoadPlanTreePrinter - LoadPlan(entity=com.ningmeng.framework.domain.course.TeachplanMedia)
    - Returns
       - EntityReturnImpl(entity=com.ningmeng.framework.domain.course.TeachplanMedia, querySpaceUid=<gen:0>, path=com.ningmeng.framework.domain.course.TeachplanMedia)
    - QuerySpaces
       - EntityQuerySpaceImpl(uid=<gen:0>, entity=com.ningmeng.framework.domain.course.TeachplanMedia)
          - SQL table alias mapping - teachplanm0_
          - alias suffix - 0_
          - suffixed key columns - {teachpla1_9_0_}

2020-03-09 20:45:27.623 [main] DEBUG o.h.loader.entity.plan.EntityLoader - Static select for entity com.ningmeng.framework.domain.course.TeachplanMedia [PESSIMISTIC_FORCE_INCREMENT]: select teachplanm0_.teachplan_id as teachpla1_9_0_, teachplanm0_.courseid as courseid2_9_0_, teachplanm0_.media_fileoriginalname as media_fi3_9_0_, teachplanm0_.media_id as media_id4_9_0_, teachplanm0_.media_url as media_ur5_9_0_ from teachplan_media teachplanm0_ where teachplanm0_.teachplan_id=? for update
2020-03-09 20:45:27.623 [main] DEBUG o.h.l.p.b.i.spaces.QuerySpacesImpl - Adding QuerySpace : uid = <gen:0> -> org.hibernate.loader.plan.build.internal.spaces.EntityQuerySpaceImpl@7f5e6833]
2020-03-09 20:45:27.623 [main] DEBUG o.h.p.w.spi.MetamodelGraphWalker - Visiting attribute path : courseId
2020-03-09 20:45:27.624 [main] DEBUG o.h.p.w.spi.MetamodelGraphWalker - Visiting attribute path : mediaFileOriginalName
2020-03-09 20:45:27.624 [main] DEBUG o.h.p.w.spi.MetamodelGraphWalker - Visiting attribute path : mediaId
2020-03-09 20:45:27.624 [main] DEBUG o.h.p.w.spi.MetamodelGraphWalker - Visiting attribute path : mediaUrl
2020-03-09 20:45:27.624 [main] DEBUG o.h.l.p.b.i.FetchStyleLoadPlanBuildingAssociationVisitationStrategy - Building LoadPlan...
2020-03-09 20:45:27.624 [main] DEBUG o.h.l.p.e.i.LoadQueryJoinAndFetchProcessor - processing queryspace <gen:0>
2020-03-09 20:45:27.624 [main] DEBUG o.h.l.p.b.spi.LoadPlanTreePrinter - LoadPlan(entity=com.ningmeng.framework.domain.course.TeachplanMedia)
    - Returns
       - EntityReturnImpl(entity=com.ningmeng.framework.domain.course.TeachplanMedia, querySpaceUid=<gen:0>, path=com.ningmeng.framework.domain.course.TeachplanMedia)
    - QuerySpaces
       - EntityQuerySpaceImpl(uid=<gen:0>, entity=com.ningmeng.framework.domain.course.TeachplanMedia)
          - SQL table alias mapping - teachplanm0_
          - alias suffix - 0_
          - suffixed key columns - {teachpla1_9_0_}

2020-03-09 20:45:27.624 [main] DEBUG o.h.loader.entity.plan.EntityLoader - Static select for entity com.ningmeng.framework.domain.course.TeachplanMedia [OPTIMISTIC]: select teachplanm0_.teachplan_id as teachpla1_9_0_, teachplanm0_.courseid as courseid2_9_0_, teachplanm0_.media_fileoriginalname as media_fi3_9_0_, teachplanm0_.media_id as media_id4_9_0_, teachplanm0_.media_url as media_ur5_9_0_ from teachplan_media teachplanm0_ where teachplanm0_.teachplan_id=?
2020-03-09 20:45:27.624 [main] DEBUG o.h.l.p.b.i.spaces.QuerySpacesImpl - Adding QuerySpace : uid = <gen:0> -> org.hibernate.loader.plan.build.internal.spaces.EntityQuerySpaceImpl@3c07e830]
2020-03-09 20:45:27.625 [main] DEBUG o.h.p.w.spi.MetamodelGraphWalker - Visiting attribute path : courseId
2020-03-09 20:45:27.625 [main] DEBUG o.h.p.w.spi.MetamodelGraphWalker - Visiting attribute path : mediaFileOriginalName
2020-03-09 20:45:27.625 [main] DEBUG o.h.p.w.spi.MetamodelGraphWalker - Visiting attribute path : mediaId
2020-03-09 20:45:27.625 [main] DEBUG o.h.p.w.spi.MetamodelGraphWalker - Visiting attribute path : mediaUrl
2020-03-09 20:45:27.625 [main] DEBUG o.h.l.p.b.i.FetchStyleLoadPlanBuildingAssociationVisitationStrategy - Building LoadPlan...
2020-03-09 20:45:27.625 [main] DEBUG o.h.l.p.e.i.LoadQueryJoinAndFetchProcessor - processing queryspace <gen:0>
2020-03-09 20:45:27.625 [main] DEBUG o.h.l.p.b.spi.LoadPlanTreePrinter - LoadPlan(entity=com.ningmeng.framework.domain.course.TeachplanMedia)
    - Returns
       - EntityReturnImpl(entity=com.ningmeng.framework.domain.course.TeachplanMedia, querySpaceUid=<gen:0>, path=com.ningmeng.framework.domain.course.TeachplanMedia)
    - QuerySpaces
       - EntityQuerySpaceImpl(uid=<gen:0>, entity=com.ningmeng.framework.domain.course.TeachplanMedia)
          - SQL table alias mapping - teachplanm0_
          - alias suffix - 0_
          - suffixed key columns - {teachpla1_9_0_}

2020-03-09 20:45:27.625 [main] DEBUG o.h.loader.entity.plan.EntityLoader - Static select for entity com.ningmeng.framework.domain.course.TeachplanMedia [OPTIMISTIC_FORCE_INCREMENT]: select teachplanm0_.teachplan_id as teachpla1_9_0_, teachplanm0_.courseid as courseid2_9_0_, teachplanm0_.media_fileoriginalname as media_fi3_9_0_, teachplanm0_.media_id as media_id4_9_0_, teachplanm0_.media_url as media_ur5_9_0_ from teachplan_media teachplanm0_ where teachplanm0_.teachplan_id=?
2020-03-09 20:45:27.625 [main] DEBUG org.hibernate.loader.Loader - Static select for action ACTION_MERGE on entity com.ningmeng.framework.domain.course.TeachplanMedia: select teachplanm0_.teachplan_id as teachpla1_9_0_, teachplanm0_.courseid as courseid2_9_0_, teachplanm0_.media_fileoriginalname as media_fi3_9_0_, teachplanm0_.media_id as media_id4_9_0_, teachplanm0_.media_url as media_ur5_9_0_ from teachplan_media teachplanm0_ where teachplanm0_.teachplan_id=?
2020-03-09 20:45:27.626 [main] DEBUG org.hibernate.loader.Loader - Static select for action ACTION_REFRESH on entity com.ningmeng.framework.domain.course.TeachplanMedia: select teachplanm0_.teachplan_id as teachpla1_9_0_, teachplanm0_.courseid as courseid2_9_0_, teachplanm0_.media_fileoriginalname as media_fi3_9_0_, teachplanm0_.media_id as media_id4_9_0_, teachplanm0_.media_url as media_ur5_9_0_ from teachplan_media teachplanm0_ where teachplanm0_.teachplan_id=?
2020-03-09 20:45:27.626 [main] DEBUG o.h.p.entity.AbstractEntityPersister - Static SQL for entity: com.ningmeng.framework.domain.course.CoursePic
2020-03-09 20:45:27.626 [main] DEBUG o.h.p.entity.AbstractEntityPersister -  Version select: select courseid from course_pic where courseid =?
2020-03-09 20:45:27.626 [main] DEBUG o.h.p.entity.AbstractEntityPersister -  Snapshot select: select coursepic_.courseid, coursepic_.pic as pic2_5_ from course_pic coursepic_ where coursepic_.courseid=?
2020-03-09 20:45:27.626 [main] DEBUG o.h.p.entity.AbstractEntityPersister -  Insert 0: insert into course_pic (pic, courseid) values (?, ?)
2020-03-09 20:45:27.626 [main] DEBUG o.h.p.entity.AbstractEntityPersister -  Update 0: update course_pic set pic=? where courseid=?
2020-03-09 20:45:27.626 [main] DEBUG o.h.p.entity.AbstractEntityPersister -  Delete 0: delete from course_pic where courseid=?
2020-03-09 20:45:27.626 [main] DEBUG o.h.l.p.b.i.spaces.QuerySpacesImpl - Adding QuerySpace : uid = <gen:0> -> org.hibernate.loader.plan.build.internal.spaces.EntityQuerySpaceImpl@382d549a]
2020-03-09 20:45:27.626 [main] DEBUG o.h.p.w.spi.MetamodelGraphWalker - Visiting attribute path : pic
2020-03-09 20:45:27.626 [main] DEBUG o.h.l.p.b.i.FetchStyleLoadPlanBuildingAssociationVisitationStrategy - Building LoadPlan...
2020-03-09 20:45:27.627 [main] DEBUG o.h.l.p.e.i.LoadQueryJoinAndFetchProcessor - processing queryspace <gen:0>
2020-03-09 20:45:27.627 [main] DEBUG o.h.l.p.b.spi.LoadPlanTreePrinter - LoadPlan(entity=com.ningmeng.framework.domain.course.CoursePic)
    - Returns
       - EntityReturnImpl(entity=com.ningmeng.framework.domain.course.CoursePic, querySpaceUid=<gen:0>, path=com.ningmeng.framework.domain.course.CoursePic)
    - QuerySpaces
       - EntityQuerySpaceImpl(uid=<gen:0>, entity=com.ningmeng.framework.domain.course.CoursePic)
          - SQL table alias mapping - coursepic0_
          - alias suffix - 0_
          - suffixed key columns - {courseid1_5_0_}

2020-03-09 20:45:27.627 [main] DEBUG o.h.loader.entity.plan.EntityLoader - Static select for entity com.ningmeng.framework.domain.course.CoursePic [NONE]: select coursepic0_.courseid as courseid1_5_0_, coursepic0_.pic as pic2_5_0_ from course_pic coursepic0_ where coursepic0_.courseid=?
2020-03-09 20:45:27.627 [main] DEBUG o.h.l.p.b.i.spaces.QuerySpacesImpl - Adding QuerySpace : uid = <gen:0> -> org.hibernate.loader.plan.build.internal.spaces.EntityQuerySpaceImpl@2d73e8c4]
2020-03-09 20:45:27.627 [main] DEBUG o.h.p.w.spi.MetamodelGraphWalker - Visiting attribute path : pic
2020-03-09 20:45:27.627 [main] DEBUG o.h.l.p.b.i.FetchStyleLoadPlanBuildingAssociationVisitationStrategy - Building LoadPlan...
2020-03-09 20:45:27.627 [main] DEBUG o.h.l.p.e.i.LoadQueryJoinAndFetchProcessor - processing queryspace <gen:0>
2020-03-09 20:45:27.627 [main] DEBUG o.h.l.p.b.spi.LoadPlanTreePrinter - LoadPlan(entity=com.ningmeng.framework.domain.course.CoursePic)
    - Returns
       - EntityReturnImpl(entity=com.ningmeng.framework.domain.course.CoursePic, querySpaceUid=<gen:0>, path=com.ningmeng.framework.domain.course.CoursePic)
    - QuerySpaces
       - EntityQuerySpaceImpl(uid=<gen:0>, entity=com.ningmeng.framework.domain.course.CoursePic)
          - SQL table alias mapping - coursepic0_
          - alias suffix - 0_
          - suffixed key columns - {courseid1_5_0_}

2020-03-09 20:45:27.628 [main] DEBUG o.h.loader.entity.plan.EntityLoader - Static select for entity com.ningmeng.framework.domain.course.CoursePic [READ]: select coursepic0_.courseid as courseid1_5_0_, coursepic0_.pic as pic2_5_0_ from course_pic coursepic0_ where coursepic0_.courseid=?
2020-03-09 20:45:27.628 [main] DEBUG o.h.l.p.b.i.spaces.QuerySpacesImpl - Adding QuerySpace : uid = <gen:0> -> org.hibernate.loader.plan.build.internal.spaces.EntityQuerySpaceImpl@3e39e0fb]
2020-03-09 20:45:27.628 [main] DEBUG o.h.p.w.spi.MetamodelGraphWalker - Visiting attribute path : pic
2020-03-09 20:45:27.628 [main] DEBUG o.h.l.p.b.i.FetchStyleLoadPlanBuildingAssociationVisitationStrategy - Building LoadPlan...
2020-03-09 20:45:27.628 [main] DEBUG o.h.l.p.e.i.LoadQueryJoinAndFetchProcessor - processing queryspace <gen:0>
2020-03-09 20:45:27.628 [main] DEBUG o.h.l.p.b.spi.LoadPlanTreePrinter - LoadPlan(entity=com.ningmeng.framework.domain.course.CoursePic)
    - Returns
       - EntityReturnImpl(entity=com.ningmeng.framework.domain.course.CoursePic, querySpaceUid=<gen:0>, path=com.ningmeng.framework.domain.course.CoursePic)
    - QuerySpaces
       - EntityQuerySpaceImpl(uid=<gen:0>, entity=com.ningmeng.framework.domain.course.CoursePic)
          - SQL table alias mapping - coursepic0_
          - alias suffix - 0_
          - suffixed key columns - {courseid1_5_0_}

2020-03-09 20:45:27.628 [main] DEBUG o.h.loader.entity.plan.EntityLoader - Static select for entity com.ningmeng.framework.domain.course.CoursePic [UPGRADE]: select coursepic0_.courseid as courseid1_5_0_, coursepic0_.pic as pic2_5_0_ from course_pic coursepic0_ where coursepic0_.courseid=? for update
2020-03-09 20:45:27.628 [main] DEBUG o.h.l.p.b.i.spaces.QuerySpacesImpl - Adding QuerySpace : uid = <gen:0> -> org.hibernate.loader.plan.build.internal.spaces.EntityQuerySpaceImpl@148ab138]
2020-03-09 20:45:27.628 [main] DEBUG o.h.p.w.spi.MetamodelGraphWalker - Visiting attribute path : pic
2020-03-09 20:45:27.628 [main] DEBUG o.h.l.p.b.i.FetchStyleLoadPlanBuildingAssociationVisitationStrategy - Building LoadPlan...
2020-03-09 20:45:27.628 [main] DEBUG o.h.l.p.e.i.LoadQueryJoinAndFetchProcessor - processing queryspace <gen:0>
2020-03-09 20:45:27.629 [main] DEBUG o.h.l.p.b.spi.LoadPlanTreePrinter - LoadPlan(entity=com.ningmeng.framework.domain.course.CoursePic)
    - Returns
       - EntityReturnImpl(entity=com.ningmeng.framework.domain.course.CoursePic, querySpaceUid=<gen:0>, path=com.ningmeng.framework.domain.course.CoursePic)
    - QuerySpaces
       - EntityQuerySpaceImpl(uid=<gen:0>, entity=com.ningmeng.framework.domain.course.CoursePic)
          - SQL table alias mapping - coursepic0_
          - alias suffix - 0_
          - suffixed key columns - {courseid1_5_0_}

2020-03-09 20:45:27.629 [main] DEBUG o.h.loader.entity.plan.EntityLoader - Static select for entity com.ningmeng.framework.domain.course.CoursePic [UPGRADE_NOWAIT]: select coursepic0_.courseid as courseid1_5_0_, coursepic0_.pic as pic2_5_0_ from course_pic coursepic0_ where coursepic0_.courseid=? for update
2020-03-09 20:45:27.629 [main] DEBUG o.h.l.p.b.i.spaces.QuerySpacesImpl - Adding QuerySpace : uid = <gen:0> -> org.hibernate.loader.plan.build.internal.spaces.EntityQuerySpaceImpl@1edf71d9]
2020-03-09 20:45:27.629 [main] DEBUG o.h.p.w.spi.MetamodelGraphWalker - Visiting attribute path : pic
2020-03-09 20:45:27.629 [main] DEBUG o.h.l.p.b.i.FetchStyleLoadPlanBuildingAssociationVisitationStrategy - Building LoadPlan...
2020-03-09 20:45:27.629 [main] DEBUG o.h.l.p.e.i.LoadQueryJoinAndFetchProcessor - processing queryspace <gen:0>
2020-03-09 20:45:27.629 [main] DEBUG o.h.l.p.b.spi.LoadPlanTreePrinter - LoadPlan(entity=com.ningmeng.framework.domain.course.CoursePic)
    - Returns
       - EntityReturnImpl(entity=com.ningmeng.framework.domain.course.CoursePic, querySpaceUid=<gen:0>, path=com.ningmeng.framework.domain.course.CoursePic)
    - QuerySpaces
       - EntityQuerySpaceImpl(uid=<gen:0>, entity=com.ningmeng.framework.domain.course.CoursePic)
          - SQL table alias mapping - coursepic0_
          - alias suffix - 0_
          - suffixed key columns - {courseid1_5_0_}

2020-03-09 20:45:27.629 [main] DEBUG o.h.loader.entity.plan.EntityLoader - Static select for entity com.ningmeng.framework.domain.course.CoursePic [UPGRADE_SKIPLOCKED]: select coursepic0_.courseid as courseid1_5_0_, coursepic0_.pic as pic2_5_0_ from course_pic coursepic0_ where coursepic0_.courseid=? for update
2020-03-09 20:45:27.629 [main] DEBUG o.h.l.p.b.i.spaces.QuerySpacesImpl - Adding QuerySpace : uid = <gen:0> -> org.hibernate.loader.plan.build.internal.spaces.EntityQuerySpaceImpl@131ba005]
2020-03-09 20:45:27.629 [main] DEBUG o.h.p.w.spi.MetamodelGraphWalker - Visiting attribute path : pic
2020-03-09 20:45:27.630 [main] DEBUG o.h.l.p.b.i.FetchStyleLoadPlanBuildingAssociationVisitationStrategy - Building LoadPlan...
2020-03-09 20:45:27.630 [main] DEBUG o.h.l.p.e.i.LoadQueryJoinAndFetchProcessor - processing queryspace <gen:0>
2020-03-09 20:45:27.630 [main] DEBUG o.h.l.p.b.spi.LoadPlanTreePrinter - LoadPlan(entity=com.ningmeng.framework.domain.course.CoursePic)
    - Returns
       - EntityReturnImpl(entity=com.ningmeng.framework.domain.course.CoursePic, querySpaceUid=<gen:0>, path=com.ningmeng.framework.domain.course.CoursePic)
    - QuerySpaces
       - EntityQuerySpaceImpl(uid=<gen:0>, entity=com.ningmeng.framework.domain.course.CoursePic)
          - SQL table alias mapping - coursepic0_
          - alias suffix - 0_
          - suffixed key columns - {courseid1_5_0_}

2020-03-09 20:45:27.630 [main] DEBUG o.h.loader.entity.plan.EntityLoader - Static select for entity com.ningmeng.framework.domain.course.CoursePic [FORCE]: select coursepic0_.courseid as courseid1_5_0_, coursepic0_.pic as pic2_5_0_ from course_pic coursepic0_ where coursepic0_.courseid=? for update
2020-03-09 20:45:27.630 [main] DEBUG o.h.l.p.b.i.spaces.QuerySpacesImpl - Adding QuerySpace : uid = <gen:0> -> org.hibernate.loader.plan.build.internal.spaces.EntityQuerySpaceImpl@1a84a8b2]
2020-03-09 20:45:27.630 [main] DEBUG o.h.p.w.spi.MetamodelGraphWalker - Visiting attribute path : pic
2020-03-09 20:45:27.630 [main] DEBUG o.h.l.p.b.i.FetchStyleLoadPlanBuildingAssociationVisitationStrategy - Building LoadPlan...
2020-03-09 20:45:27.630 [main] DEBUG o.h.l.p.e.i.LoadQueryJoinAndFetchProcessor - processing queryspace <gen:0>
2020-03-09 20:45:27.630 [main] DEBUG o.h.l.p.b.spi.LoadPlanTreePrinter - LoadPlan(entity=com.ningmeng.framework.domain.course.CoursePic)
    - Returns
       - EntityReturnImpl(entity=com.ningmeng.framework.domain.course.CoursePic, querySpaceUid=<gen:0>, path=com.ningmeng.framework.domain.course.CoursePic)
    - QuerySpaces
       - EntityQuerySpaceImpl(uid=<gen:0>, entity=com.ningmeng.framework.domain.course.CoursePic)
          - SQL table alias mapping - coursepic0_
          - alias suffix - 0_
          - suffixed key columns - {courseid1_5_0_}

2020-03-09 20:45:27.630 [main] DEBUG o.h.loader.entity.plan.EntityLoader - Static select for entity com.ningmeng.framework.domain.course.CoursePic [PESSIMISTIC_READ]: select coursepic0_.courseid as courseid1_5_0_, coursepic0_.pic as pic2_5_0_ from course_pic coursepic0_ where coursepic0_.courseid=? lock in share mode
2020-03-09 20:45:27.631 [main] DEBUG o.h.l.p.b.i.spaces.QuerySpacesImpl - Adding QuerySpace : uid = <gen:0> -> org.hibernate.loader.plan.build.internal.spaces.EntityQuerySpaceImpl@485451d8]
2020-03-09 20:45:27.631 [main] DEBUG o.h.p.w.spi.MetamodelGraphWalker - Visiting attribute path : pic
2020-03-09 20:45:27.631 [main] DEBUG o.h.l.p.b.i.FetchStyleLoadPlanBuildingAssociationVisitationStrategy - Building LoadPlan...
2020-03-09 20:45:27.631 [main] DEBUG o.h.l.p.e.i.LoadQueryJoinAndFetchProcessor - processing queryspace <gen:0>
2020-03-09 20:45:27.631 [main] DEBUG o.h.l.p.b.spi.LoadPlanTreePrinter - LoadPlan(entity=com.ningmeng.framework.domain.course.CoursePic)
    - Returns
       - EntityReturnImpl(entity=com.ningmeng.framework.domain.course.CoursePic, querySpaceUid=<gen:0>, path=com.ningmeng.framework.domain.course.CoursePic)
    - QuerySpaces
       - EntityQuerySpaceImpl(uid=<gen:0>, entity=com.ningmeng.framework.domain.course.CoursePic)
          - SQL table alias mapping - coursepic0_
          - alias suffix - 0_
          - suffixed key columns - {courseid1_5_0_}

2020-03-09 20:45:27.631 [main] DEBUG o.h.loader.entity.plan.EntityLoader - Static select for entity com.ningmeng.framework.domain.course.CoursePic [PESSIMISTIC_WRITE]: select coursepic0_.courseid as courseid1_5_0_, coursepic0_.pic as pic2_5_0_ from course_pic coursepic0_ where coursepic0_.courseid=? for update
2020-03-09 20:45:27.631 [main] DEBUG o.h.l.p.b.i.spaces.QuerySpacesImpl - Adding QuerySpace : uid = <gen:0> -> org.hibernate.loader.plan.build.internal.spaces.EntityQuerySpaceImpl@a1e912f]
2020-03-09 20:45:27.631 [main] DEBUG o.h.p.w.spi.MetamodelGraphWalker - Visiting attribute path : pic
2020-03-09 20:45:27.631 [main] DEBUG o.h.l.p.b.i.FetchStyleLoadPlanBuildingAssociationVisitationStrategy - Building LoadPlan...
2020-03-09 20:45:27.632 [main] DEBUG o.h.l.p.e.i.LoadQueryJoinAndFetchProcessor - processing queryspace <gen:0>
2020-03-09 20:45:27.632 [main] DEBUG o.h.l.p.b.spi.LoadPlanTreePrinter - LoadPlan(entity=com.ningmeng.framework.domain.course.CoursePic)
    - Returns
       - EntityReturnImpl(entity=com.ningmeng.framework.domain.course.CoursePic, querySpaceUid=<gen:0>, path=com.ningmeng.framework.domain.course.CoursePic)
    - QuerySpaces
       - EntityQuerySpaceImpl(uid=<gen:0>, entity=com.ningmeng.framework.domain.course.CoursePic)
          - SQL table alias mapping - coursepic0_
          - alias suffix - 0_
          - suffixed key columns - {courseid1_5_0_}

2020-03-09 20:45:27.632 [main] DEBUG o.h.loader.entity.plan.EntityLoader - Static select for entity com.ningmeng.framework.domain.course.CoursePic [PESSIMISTIC_FORCE_INCREMENT]: select coursepic0_.courseid as courseid1_5_0_, coursepic0_.pic as pic2_5_0_ from course_pic coursepic0_ where coursepic0_.courseid=? for update
2020-03-09 20:45:27.632 [main] DEBUG o.h.l.p.b.i.spaces.QuerySpacesImpl - Adding QuerySpace : uid = <gen:0> -> org.hibernate.loader.plan.build.internal.spaces.EntityQuerySpaceImpl@68b3248a]
2020-03-09 20:45:27.632 [main] DEBUG o.h.p.w.spi.MetamodelGraphWalker - Visiting attribute path : pic
2020-03-09 20:45:27.632 [main] DEBUG o.h.l.p.b.i.FetchStyleLoadPlanBuildingAssociationVisitationStrategy - Building LoadPlan...
2020-03-09 20:45:27.632 [main] DEBUG o.h.l.p.e.i.LoadQueryJoinAndFetchProcessor - processing queryspace <gen:0>
2020-03-09 20:45:27.633 [main] DEBUG o.h.l.p.b.spi.LoadPlanTreePrinter - LoadPlan(entity=com.ningmeng.framework.domain.course.CoursePic)
    - Returns
       - EntityReturnImpl(entity=com.ningmeng.framework.domain.course.CoursePic, querySpaceUid=<gen:0>, path=com.ningmeng.framework.domain.course.CoursePic)
    - QuerySpaces
       - EntityQuerySpaceImpl(uid=<gen:0>, entity=com.ningmeng.framework.domain.course.CoursePic)
          - SQL table alias mapping - coursepic0_
          - alias suffix - 0_
          - suffixed key columns - {courseid1_5_0_}

2020-03-09 20:45:27.633 [main] DEBUG o.h.loader.entity.plan.EntityLoader - Static select for entity com.ningmeng.framework.domain.course.CoursePic [OPTIMISTIC]: select coursepic0_.courseid as courseid1_5_0_, coursepic0_.pic as pic2_5_0_ from course_pic coursepic0_ where coursepic0_.courseid=?
2020-03-09 20:45:27.633 [main] DEBUG o.h.l.p.b.i.spaces.QuerySpacesImpl - Adding QuerySpace : uid = <gen:0> -> org.hibernate.loader.plan.build.internal.spaces.EntityQuerySpaceImpl@20fcea37]
2020-03-09 20:45:27.633 [main] DEBUG o.h.p.w.spi.MetamodelGraphWalker - Visiting attribute path : pic
2020-03-09 20:45:27.633 [main] DEBUG o.h.l.p.b.i.FetchStyleLoadPlanBuildingAssociationVisitationStrategy - Building LoadPlan...
2020-03-09 20:45:27.633 [main] DEBUG o.h.l.p.e.i.LoadQueryJoinAndFetchProcessor - processing queryspace <gen:0>
2020-03-09 20:45:27.633 [main] DEBUG o.h.l.p.b.spi.LoadPlanTreePrinter - LoadPlan(entity=com.ningmeng.framework.domain.course.CoursePic)
    - Returns
       - EntityReturnImpl(entity=com.ningmeng.framework.domain.course.CoursePic, querySpaceUid=<gen:0>, path=com.ningmeng.framework.domain.course.CoursePic)
    - QuerySpaces
       - EntityQuerySpaceImpl(uid=<gen:0>, entity=com.ningmeng.framework.domain.course.CoursePic)
          - SQL table alias mapping - coursepic0_
          - alias suffix - 0_
          - suffixed key columns - {courseid1_5_0_}

2020-03-09 20:45:27.633 [main] DEBUG o.h.loader.entity.plan.EntityLoader - Static select for entity com.ningmeng.framework.domain.course.CoursePic [OPTIMISTIC_FORCE_INCREMENT]: select coursepic0_.courseid as courseid1_5_0_, coursepic0_.pic as pic2_5_0_ from course_pic coursepic0_ where coursepic0_.courseid=?
2020-03-09 20:45:27.633 [main] DEBUG org.hibernate.loader.Loader - Static select for action ACTION_MERGE on entity com.ningmeng.framework.domain.course.CoursePic: select coursepic0_.courseid as courseid1_5_0_, coursepic0_.pic as pic2_5_0_ from course_pic coursepic0_ where coursepic0_.courseid=?
2020-03-09 20:45:27.633 [main] DEBUG org.hibernate.loader.Loader - Static select for action ACTION_REFRESH on entity com.ningmeng.framework.domain.course.CoursePic: select coursepic0_.courseid as courseid1_5_0_, coursepic0_.pic as pic2_5_0_ from course_pic coursepic0_ where coursepic0_.courseid=?
2020-03-09 20:45:27.634 [main] DEBUG o.h.p.entity.AbstractEntityPersister - Static SQL for entity: com.ningmeng.framework.domain.course.TeachplanMediaPub
2020-03-09 20:45:27.634 [main] DEBUG o.h.p.entity.AbstractEntityPersister -  Version select: select teachplan_id from teachplan_media_pub where teachplan_id =?
2020-03-09 20:45:27.634 [main] DEBUG o.h.p.entity.AbstractEntityPersister -  Snapshot select: select teachplanm_.teachplan_id, teachplanm_.courseid as courseid2_10_, teachplanm_.media_fileoriginalname as media_fi3_10_, teachplanm_.media_id as media_id4_10_, teachplanm_.media_url as media_ur5_10_, teachplanm_.timestamp as timestam6_10_ from teachplan_media_pub teachplanm_ where teachplanm_.teachplan_id=?
2020-03-09 20:45:27.634 [main] DEBUG o.h.p.entity.AbstractEntityPersister -  Insert 0: insert into teachplan_media_pub (courseid, media_fileoriginalname, media_id, media_url, timestamp, teachplan_id) values (?, ?, ?, ?, ?, ?)
2020-03-09 20:45:27.634 [main] DEBUG o.h.p.entity.AbstractEntityPersister -  Update 0: update teachplan_media_pub set courseid=?, media_fileoriginalname=?, media_id=?, media_url=?, timestamp=? where teachplan_id=?
2020-03-09 20:45:27.634 [main] DEBUG o.h.p.entity.AbstractEntityPersister -  Delete 0: delete from teachplan_media_pub where teachplan_id=?
2020-03-09 20:45:27.634 [main] DEBUG o.h.l.p.b.i.spaces.QuerySpacesImpl - Adding QuerySpace : uid = <gen:0> -> org.hibernate.loader.plan.build.internal.spaces.EntityQuerySpaceImpl@48fc0211]
2020-03-09 20:45:27.634 [main] DEBUG o.h.p.w.spi.MetamodelGraphWalker - Visiting attribute path : courseId
2020-03-09 20:45:27.634 [main] DEBUG o.h.p.w.spi.MetamodelGraphWalker - Visiting attribute path : mediaFileOriginalName
2020-03-09 20:45:27.634 [main] DEBUG o.h.p.w.spi.MetamodelGraphWalker - Visiting attribute path : mediaId
2020-03-09 20:45:27.634 [main] DEBUG o.h.p.w.spi.MetamodelGraphWalker - Visiting attribute path : mediaUrl
2020-03-09 20:45:27.634 [main] DEBUG o.h.p.w.spi.MetamodelGraphWalker - Visiting attribute path : timestamp
2020-03-09 20:45:27.634 [main] DEBUG o.h.l.p.b.i.FetchStyleLoadPlanBuildingAssociationVisitationStrategy - Building LoadPlan...
2020-03-09 20:45:27.634 [main] DEBUG o.h.l.p.e.i.LoadQueryJoinAndFetchProcessor - processing queryspace <gen:0>
2020-03-09 20:45:27.634 [main] DEBUG o.h.l.p.b.spi.LoadPlanTreePrinter - LoadPlan(entity=com.ningmeng.framework.domain.course.TeachplanMediaPub)
    - Returns
       - EntityReturnImpl(entity=com.ningmeng.framework.domain.course.TeachplanMediaPub, querySpaceUid=<gen:0>, path=com.ningmeng.framework.domain.course.TeachplanMediaPub)
    - QuerySpaces
       - EntityQuerySpaceImpl(uid=<gen:0>, entity=com.ningmeng.framework.domain.course.TeachplanMediaPub)
          - SQL table alias mapping - teachplanm0_
          - alias suffix - 0_
          - suffixed key columns - {teachpla1_10_0_}

2020-03-09 20:45:27.634 [main] DEBUG o.h.loader.entity.plan.EntityLoader - Static select for entity com.ningmeng.framework.domain.course.TeachplanMediaPub [NONE]: select teachplanm0_.teachplan_id as teachpla1_10_0_, teachplanm0_.courseid as courseid2_10_0_, teachplanm0_.media_fileoriginalname as media_fi3_10_0_, teachplanm0_.media_id as media_id4_10_0_, teachplanm0_.media_url as media_ur5_10_0_, teachplanm0_.timestamp as timestam6_10_0_ from teachplan_media_pub teachplanm0_ where teachplanm0_.teachplan_id=?
2020-03-09 20:45:27.634 [main] DEBUG o.h.l.p.b.i.spaces.QuerySpacesImpl - Adding QuerySpace : uid = <gen:0> -> org.hibernate.loader.plan.build.internal.spaces.EntityQuerySpaceImpl@7d088813]
2020-03-09 20:45:27.634 [main] DEBUG o.h.p.w.spi.MetamodelGraphWalker - Visiting attribute path : courseId
2020-03-09 20:45:27.634 [main] DEBUG o.h.p.w.spi.MetamodelGraphWalker - Visiting attribute path : mediaFileOriginalName
2020-03-09 20:45:27.635 [main] DEBUG o.h.p.w.spi.MetamodelGraphWalker - Visiting attribute path : mediaId
2020-03-09 20:45:27.635 [main] DEBUG o.h.p.w.spi.MetamodelGraphWalker - Visiting attribute path : mediaUrl
2020-03-09 20:45:27.635 [main] DEBUG o.h.p.w.spi.MetamodelGraphWalker - Visiting attribute path : timestamp
2020-03-09 20:45:27.635 [main] DEBUG o.h.l.p.b.i.FetchStyleLoadPlanBuildingAssociationVisitationStrategy - Building LoadPlan...
2020-03-09 20:45:27.635 [main] DEBUG o.h.l.p.e.i.LoadQueryJoinAndFetchProcessor - processing queryspace <gen:0>
2020-03-09 20:45:27.635 [main] DEBUG o.h.l.p.b.spi.LoadPlanTreePrinter - LoadPlan(entity=com.ningmeng.framework.domain.course.TeachplanMediaPub)
    - Returns
       - EntityReturnImpl(entity=com.ningmeng.framework.domain.course.TeachplanMediaPub, querySpaceUid=<gen:0>, path=com.ningmeng.framework.domain.course.TeachplanMediaPub)
    - QuerySpaces
       - EntityQuerySpaceImpl(uid=<gen:0>, entity=com.ningmeng.framework.domain.course.TeachplanMediaPub)
          - SQL table alias mapping - teachplanm0_
          - alias suffix - 0_
          - suffixed key columns - {teachpla1_10_0_}

2020-03-09 20:45:27.635 [main] DEBUG o.h.loader.entity.plan.EntityLoader - Static select for entity com.ningmeng.framework.domain.course.TeachplanMediaPub [READ]: select teachplanm0_.teachplan_id as teachpla1_10_0_, teachplanm0_.courseid as courseid2_10_0_, teachplanm0_.media_fileoriginalname as media_fi3_10_0_, teachplanm0_.media_id as media_id4_10_0_, teachplanm0_.media_url as media_ur5_10_0_, teachplanm0_.timestamp as timestam6_10_0_ from teachplan_media_pub teachplanm0_ where teachplanm0_.teachplan_id=?
2020-03-09 20:45:27.635 [main] DEBUG o.h.l.p.b.i.spaces.QuerySpacesImpl - Adding QuerySpace : uid = <gen:0> -> org.hibernate.loader.plan.build.internal.spaces.EntityQuerySpaceImpl@3b0ed98a]
2020-03-09 20:45:27.635 [main] DEBUG o.h.p.w.spi.MetamodelGraphWalker - Visiting attribute path : courseId
2020-03-09 20:45:27.635 [main] DEBUG o.h.p.w.spi.MetamodelGraphWalker - Visiting attribute path : mediaFileOriginalName
2020-03-09 20:45:27.635 [main] DEBUG o.h.p.w.spi.MetamodelGraphWalker - Visiting attribute path : mediaId
2020-03-09 20:45:27.635 [main] DEBUG o.h.p.w.spi.MetamodelGraphWalker - Visiting attribute path : mediaUrl
2020-03-09 20:45:27.635 [main] DEBUG o.h.p.w.spi.MetamodelGraphWalker - Visiting attribute path : timestamp
2020-03-09 20:45:27.636 [main] DEBUG o.h.l.p.b.i.FetchStyleLoadPlanBuildingAssociationVisitationStrategy - Building LoadPlan...
2020-03-09 20:45:27.636 [main] DEBUG o.h.l.p.e.i.LoadQueryJoinAndFetchProcessor - processing queryspace <gen:0>
2020-03-09 20:45:27.636 [main] DEBUG o.h.l.p.b.spi.LoadPlanTreePrinter - LoadPlan(entity=com.ningmeng.framework.domain.course.TeachplanMediaPub)
    - Returns
       - EntityReturnImpl(entity=com.ningmeng.framework.domain.course.TeachplanMediaPub, querySpaceUid=<gen:0>, path=com.ningmeng.framework.domain.course.TeachplanMediaPub)
    - QuerySpaces
       - EntityQuerySpaceImpl(uid=<gen:0>, entity=com.ningmeng.framework.domain.course.TeachplanMediaPub)
          - SQL table alias mapping - teachplanm0_
          - alias suffix - 0_
          - suffixed key columns - {teachpla1_10_0_}

2020-03-09 20:45:27.636 [main] DEBUG o.h.loader.entity.plan.EntityLoader - Static select for entity com.ningmeng.framework.domain.course.TeachplanMediaPub [UPGRADE]: select teachplanm0_.teachplan_id as teachpla1_10_0_, teachplanm0_.courseid as courseid2_10_0_, teachplanm0_.media_fileoriginalname as media_fi3_10_0_, teachplanm0_.media_id as media_id4_10_0_, teachplanm0_.media_url as media_ur5_10_0_, teachplanm0_.timestamp as timestam6_10_0_ from teachplan_media_pub teachplanm0_ where teachplanm0_.teachplan_id=? for update
2020-03-09 20:45:27.636 [main] DEBUG o.h.l.p.b.i.spaces.QuerySpacesImpl - Adding QuerySpace : uid = <gen:0> -> org.hibernate.loader.plan.build.internal.spaces.EntityQuerySpaceImpl@2b35c7aa]
2020-03-09 20:45:27.636 [main] DEBUG o.h.p.w.spi.MetamodelGraphWalker - Visiting attribute path : courseId
2020-03-09 20:45:27.636 [main] DEBUG o.h.p.w.spi.MetamodelGraphWalker - Visiting attribute path : mediaFileOriginalName
2020-03-09 20:45:27.636 [main] DEBUG o.h.p.w.spi.MetamodelGraphWalker - Visiting attribute path : mediaId
2020-03-09 20:45:27.636 [main] DEBUG o.h.p.w.spi.MetamodelGraphWalker - Visiting attribute path : mediaUrl
2020-03-09 20:45:27.636 [main] DEBUG o.h.p.w.spi.MetamodelGraphWalker - Visiting attribute path : timestamp
2020-03-09 20:45:27.636 [main] DEBUG o.h.l.p.b.i.FetchStyleLoadPlanBuildingAssociationVisitationStrategy - Building LoadPlan...
2020-03-09 20:45:27.636 [main] DEBUG o.h.l.p.e.i.LoadQueryJoinAndFetchProcessor - processing queryspace <gen:0>
2020-03-09 20:45:27.637 [main] DEBUG o.h.l.p.b.spi.LoadPlanTreePrinter - LoadPlan(entity=com.ningmeng.framework.domain.course.TeachplanMediaPub)
    - Returns
       - EntityReturnImpl(entity=com.ningmeng.framework.domain.course.TeachplanMediaPub, querySpaceUid=<gen:0>, path=com.ningmeng.framework.domain.course.TeachplanMediaPub)
    - QuerySpaces
       - EntityQuerySpaceImpl(uid=<gen:0>, entity=com.ningmeng.framework.domain.course.TeachplanMediaPub)
          - SQL table alias mapping - teachplanm0_
          - alias suffix - 0_
          - suffixed key columns - {teachpla1_10_0_}

2020-03-09 20:45:27.637 [main] DEBUG o.h.loader.entity.plan.EntityLoader - Static select for entity com.ningmeng.framework.domain.course.TeachplanMediaPub [UPGRADE_NOWAIT]: select teachplanm0_.teachplan_id as teachpla1_10_0_, teachplanm0_.courseid as courseid2_10_0_, teachplanm0_.media_fileoriginalname as media_fi3_10_0_, teachplanm0_.media_id as media_id4_10_0_, teachplanm0_.media_url as media_ur5_10_0_, teachplanm0_.timestamp as timestam6_10_0_ from teachplan_media_pub teachplanm0_ where teachplanm0_.teachplan_id=? for update
2020-03-09 20:45:27.637 [main] DEBUG o.h.l.p.b.i.spaces.QuerySpacesImpl - Adding QuerySpace : uid = <gen:0> -> org.hibernate.loader.plan.build.internal.spaces.EntityQuerySpaceImpl@20dd5870]
2020-03-09 20:45:27.637 [main] DEBUG o.h.p.w.spi.MetamodelGraphWalker - Visiting attribute path : courseId
2020-03-09 20:45:27.637 [main] DEBUG o.h.p.w.spi.MetamodelGraphWalker - Visiting attribute path : mediaFileOriginalName
2020-03-09 20:45:27.637 [main] DEBUG o.h.p.w.spi.MetamodelGraphWalker - Visiting attribute path : mediaId
2020-03-09 20:45:27.637 [main] DEBUG o.h.p.w.spi.MetamodelGraphWalker - Visiting attribute path : mediaUrl
2020-03-09 20:45:27.637 [main] DEBUG o.h.p.w.spi.MetamodelGraphWalker - Visiting attribute path : timestamp
2020-03-09 20:45:27.637 [main] DEBUG o.h.l.p.b.i.FetchStyleLoadPlanBuildingAssociationVisitationStrategy - Building LoadPlan...
2020-03-09 20:45:27.637 [main] DEBUG o.h.l.p.e.i.LoadQueryJoinAndFetchProcessor - processing queryspace <gen:0>
2020-03-09 20:45:27.638 [main] DEBUG o.h.l.p.b.spi.LoadPlanTreePrinter - LoadPlan(entity=com.ningmeng.framework.domain.course.TeachplanMediaPub)
    - Returns
       - EntityReturnImpl(entity=com.ningmeng.framework.domain.course.TeachplanMediaPub, querySpaceUid=<gen:0>, path=com.ningmeng.framework.domain.course.TeachplanMediaPub)
    - QuerySpaces
       - EntityQuerySpaceImpl(uid=<gen:0>, entity=com.ningmeng.framework.domain.course.TeachplanMediaPub)
          - SQL table alias mapping - teachplanm0_
          - alias suffix - 0_
          - suffixed key columns - {teachpla1_10_0_}

2020-03-09 20:45:27.638 [main] DEBUG o.h.loader.entity.plan.EntityLoader - Static select for entity com.ningmeng.framework.domain.course.TeachplanMediaPub [UPGRADE_SKIPLOCKED]: select teachplanm0_.teachplan_id as teachpla1_10_0_, teachplanm0_.courseid as courseid2_10_0_, teachplanm0_.media_fileoriginalname as media_fi3_10_0_, teachplanm0_.media_id as media_id4_10_0_, teachplanm0_.media_url as media_ur5_10_0_, teachplanm0_.timestamp as timestam6_10_0_ from teachplan_media_pub teachplanm0_ where teachplanm0_.teachplan_id=? for update
2020-03-09 20:45:27.638 [main] DEBUG o.h.l.p.b.i.spaces.QuerySpacesImpl - Adding QuerySpace : uid = <gen:0> -> org.hibernate.loader.plan.build.internal.spaces.EntityQuerySpaceImpl@134d7ffa]
2020-03-09 20:45:27.638 [main] DEBUG o.h.p.w.spi.MetamodelGraphWalker - Visiting attribute path : courseId
2020-03-09 20:45:27.638 [main] DEBUG o.h.p.w.spi.MetamodelGraphWalker - Visiting attribute path : mediaFileOriginalName
2020-03-09 20:45:27.638 [main] DEBUG o.h.p.w.spi.MetamodelGraphWalker - Visiting attribute path : mediaId
2020-03-09 20:45:27.638 [main] DEBUG o.h.p.w.spi.MetamodelGraphWalker - Visiting attribute path : mediaUrl
2020-03-09 20:45:27.639 [main] DEBUG o.h.p.w.spi.MetamodelGraphWalker - Visiting attribute path : timestamp
2020-03-09 20:45:27.639 [main] DEBUG o.h.l.p.b.i.FetchStyleLoadPlanBuildingAssociationVisitationStrategy - Building LoadPlan...
2020-03-09 20:45:27.639 [main] DEBUG o.h.l.p.e.i.LoadQueryJoinAndFetchProcessor - processing queryspace <gen:0>
2020-03-09 20:45:27.640 [main] DEBUG o.h.l.p.b.spi.LoadPlanTreePrinter - LoadPlan(entity=com.ningmeng.framework.domain.course.TeachplanMediaPub)
    - Returns
       - EntityReturnImpl(entity=com.ningmeng.framework.domain.course.TeachplanMediaPub, querySpaceUid=<gen:0>, path=com.ningmeng.framework.domain.course.TeachplanMediaPub)
    - QuerySpaces
       - EntityQuerySpaceImpl(uid=<gen:0>, entity=com.ningmeng.framework.domain.course.TeachplanMediaPub)
          - SQL table alias mapping - teachplanm0_
          - alias suffix - 0_
          - suffixed key columns - {teachpla1_10_0_}

2020-03-09 20:45:27.640 [main] DEBUG o.h.loader.entity.plan.EntityLoader - Static select for entity com.ningmeng.framework.domain.course.TeachplanMediaPub [FORCE]: select teachplanm0_.teachplan_id as teachpla1_10_0_, teachplanm0_.courseid as courseid2_10_0_, teachplanm0_.media_fileoriginalname as media_fi3_10_0_, teachplanm0_.media_id as media_id4_10_0_, teachplanm0_.media_url as media_ur5_10_0_, teachplanm0_.timestamp as timestam6_10_0_ from teachplan_media_pub teachplanm0_ where teachplanm0_.teachplan_id=? for update
2020-03-09 20:45:27.640 [main] DEBUG o.h.l.p.b.i.spaces.QuerySpacesImpl - Adding QuerySpace : uid = <gen:0> -> org.hibernate.loader.plan.build.internal.spaces.EntityQuerySpaceImpl@24405466]
2020-03-09 20:45:27.640 [main] DEBUG o.h.p.w.spi.MetamodelGraphWalker - Visiting attribute path : courseId
2020-03-09 20:45:27.640 [main] DEBUG o.h.p.w.spi.MetamodelGraphWalker - Visiting attribute path : mediaFileOriginalName
2020-03-09 20:45:27.640 [main] DEBUG o.h.p.w.spi.MetamodelGraphWalker - Visiting attribute path : mediaId
2020-03-09 20:45:27.641 [main] DEBUG o.h.p.w.spi.MetamodelGraphWalker - Visiting attribute path : mediaUrl
2020-03-09 20:45:27.641 [main] DEBUG o.h.p.w.spi.MetamodelGraphWalker - Visiting attribute path : timestamp
2020-03-09 20:45:27.641 [main] DEBUG o.h.l.p.b.i.FetchStyleLoadPlanBuildingAssociationVisitationStrategy - Building LoadPlan...
2020-03-09 20:45:27.641 [main] DEBUG o.h.l.p.e.i.LoadQueryJoinAndFetchProcessor - processing queryspace <gen:0>
2020-03-09 20:45:27.641 [main] DEBUG o.h.l.p.b.spi.LoadPlanTreePrinter - LoadPlan(entity=com.ningmeng.framework.domain.course.TeachplanMediaPub)
    - Returns
       - EntityReturnImpl(entity=com.ningmeng.framework.domain.course.TeachplanMediaPub, querySpaceUid=<gen:0>, path=com.ningmeng.framework.domain.course.TeachplanMediaPub)
    - QuerySpaces
       - EntityQuerySpaceImpl(uid=<gen:0>, entity=com.ningmeng.framework.domain.course.TeachplanMediaPub)
          - SQL table alias mapping - teachplanm0_
          - alias suffix - 0_
          - suffixed key columns - {teachpla1_10_0_}

2020-03-09 20:45:27.641 [main] DEBUG o.h.loader.entity.plan.EntityLoader - Static select for entity com.ningmeng.framework.domain.course.TeachplanMediaPub [PESSIMISTIC_READ]: select teachplanm0_.teachplan_id as teachpla1_10_0_, teachplanm0_.courseid as courseid2_10_0_, teachplanm0_.media_fileoriginalname as media_fi3_10_0_, teachplanm0_.media_id as media_id4_10_0_, teachplanm0_.media_url as media_ur5_10_0_, teachplanm0_.timestamp as timestam6_10_0_ from teachplan_media_pub teachplanm0_ where teachplanm0_.teachplan_id=? lock in share mode
2020-03-09 20:45:27.641 [main] DEBUG o.h.l.p.b.i.spaces.QuerySpacesImpl - Adding QuerySpace : uid = <gen:0> -> org.hibernate.loader.plan.build.internal.spaces.EntityQuerySpaceImpl@4d4b019e]
2020-03-09 20:45:27.641 [main] DEBUG o.h.p.w.spi.MetamodelGraphWalker - Visiting attribute path : courseId
2020-03-09 20:45:27.641 [main] DEBUG o.h.p.w.spi.MetamodelGraphWalker - Visiting attribute path : mediaFileOriginalName
2020-03-09 20:45:27.641 [main] DEBUG o.h.p.w.spi.MetamodelGraphWalker - Visiting attribute path : mediaId
2020-03-09 20:45:27.641 [main] DEBUG o.h.p.w.spi.MetamodelGraphWalker - Visiting attribute path : mediaUrl
2020-03-09 20:45:27.641 [main] DEBUG o.h.p.w.spi.MetamodelGraphWalker - Visiting attribute path : timestamp
2020-03-09 20:45:27.641 [main] DEBUG o.h.l.p.b.i.FetchStyleLoadPlanBuildingAssociationVisitationStrategy - Building LoadPlan...
2020-03-09 20:45:27.642 [main] DEBUG o.h.l.p.e.i.LoadQueryJoinAndFetchProcessor - processing queryspace <gen:0>
2020-03-09 20:45:27.642 [main] DEBUG o.h.l.p.b.spi.LoadPlanTreePrinter - LoadPlan(entity=com.ningmeng.framework.domain.course.TeachplanMediaPub)
    - Returns
       - EntityReturnImpl(entity=com.ningmeng.framework.domain.course.TeachplanMediaPub, querySpaceUid=<gen:0>, path=com.ningmeng.framework.domain.course.TeachplanMediaPub)
    - QuerySpaces
       - EntityQuerySpaceImpl(uid=<gen:0>, entity=com.ningmeng.framework.domain.course.TeachplanMediaPub)
          - SQL table alias mapping - teachplanm0_
          - alias suffix - 0_
          - suffixed key columns - {teachpla1_10_0_}

2020-03-09 20:45:27.642 [main] DEBUG o.h.loader.entity.plan.EntityLoader - Static select for entity com.ningmeng.framework.domain.course.TeachplanMediaPub [PESSIMISTIC_WRITE]: select teachplanm0_.teachplan_id as teachpla1_10_0_, teachplanm0_.courseid as courseid2_10_0_, teachplanm0_.media_fileoriginalname as media_fi3_10_0_, teachplanm0_.media_id as media_id4_10_0_, teachplanm0_.media_url as media_ur5_10_0_, teachplanm0_.timestamp as timestam6_10_0_ from teachplan_media_pub teachplanm0_ where teachplanm0_.teachplan_id=? for update
2020-03-09 20:45:27.642 [main] DEBUG o.h.l.p.b.i.spaces.QuerySpacesImpl - Adding QuerySpace : uid = <gen:0> -> org.hibernate.loader.plan.build.internal.spaces.EntityQuerySpaceImpl@21280cbb]
2020-03-09 20:45:27.642 [main] DEBUG o.h.p.w.spi.MetamodelGraphWalker - Visiting attribute path : courseId
2020-03-09 20:45:27.642 [main] DEBUG o.h.p.w.spi.MetamodelGraphWalker - Visiting attribute path : mediaFileOriginalName
2020-03-09 20:45:27.642 [main] DEBUG o.h.p.w.spi.MetamodelGraphWalker - Visiting attribute path : mediaId
2020-03-09 20:45:27.642 [main] DEBUG o.h.p.w.spi.MetamodelGraphWalker - Visiting attribute path : mediaUrl
2020-03-09 20:45:27.642 [main] DEBUG o.h.p.w.spi.MetamodelGraphWalker - Visiting attribute path : timestamp
2020-03-09 20:45:27.642 [main] DEBUG o.h.l.p.b.i.FetchStyleLoadPlanBuildingAssociationVisitationStrategy - Building LoadPlan...
2020-03-09 20:45:27.642 [main] DEBUG o.h.l.p.e.i.LoadQueryJoinAndFetchProcessor - processing queryspace <gen:0>
2020-03-09 20:45:27.642 [main] DEBUG o.h.l.p.b.spi.LoadPlanTreePrinter - LoadPlan(entity=com.ningmeng.framework.domain.course.TeachplanMediaPub)
    - Returns
       - EntityReturnImpl(entity=com.ningmeng.framework.domain.course.TeachplanMediaPub, querySpaceUid=<gen:0>, path=com.ningmeng.framework.domain.course.TeachplanMediaPub)
    - QuerySpaces
       - EntityQuerySpaceImpl(uid=<gen:0>, entity=com.ningmeng.framework.domain.course.TeachplanMediaPub)
          - SQL table alias mapping - teachplanm0_
          - alias suffix - 0_
          - suffixed key columns - {teachpla1_10_0_}

2020-03-09 20:45:27.642 [main] DEBUG o.h.loader.entity.plan.EntityLoader - Static select for entity com.ningmeng.framework.domain.course.TeachplanMediaPub [PESSIMISTIC_FORCE_INCREMENT]: select teachplanm0_.teachplan_id as teachpla1_10_0_, teachplanm0_.courseid as courseid2_10_0_, teachplanm0_.media_fileoriginalname as media_fi3_10_0_, teachplanm0_.media_id as media_id4_10_0_, teachplanm0_.media_url as media_ur5_10_0_, teachplanm0_.timestamp as timestam6_10_0_ from teachplan_media_pub teachplanm0_ where teachplanm0_.teachplan_id=? for update
2020-03-09 20:45:27.643 [main] DEBUG o.h.l.p.b.i.spaces.QuerySpacesImpl - Adding QuerySpace : uid = <gen:0> -> org.hibernate.loader.plan.build.internal.spaces.EntityQuerySpaceImpl@995ad50]
2020-03-09 20:45:27.643 [main] DEBUG o.h.p.w.spi.MetamodelGraphWalker - Visiting attribute path : courseId
2020-03-09 20:45:27.643 [main] DEBUG o.h.p.w.spi.MetamodelGraphWalker - Visiting attribute path : mediaFileOriginalName
2020-03-09 20:45:27.643 [main] DEBUG o.h.p.w.spi.MetamodelGraphWalker - Visiting attribute path : mediaId
2020-03-09 20:45:27.643 [main] DEBUG o.h.p.w.spi.MetamodelGraphWalker - Visiting attribute path : mediaUrl
2020-03-09 20:45:27.643 [main] DEBUG o.h.p.w.spi.MetamodelGraphWalker - Visiting attribute path : timestamp
2020-03-09 20:45:27.643 [main] DEBUG o.h.l.p.b.i.FetchStyleLoadPlanBuildingAssociationVisitationStrategy - Building LoadPlan...
2020-03-09 20:45:27.643 [main] DEBUG o.h.l.p.e.i.LoadQueryJoinAndFetchProcessor - processing queryspace <gen:0>
2020-03-09 20:45:27.643 [main] DEBUG o.h.l.p.b.spi.LoadPlanTreePrinter - LoadPlan(entity=com.ningmeng.framework.domain.course.TeachplanMediaPub)
    - Returns
       - EntityReturnImpl(entity=com.ningmeng.framework.domain.course.TeachplanMediaPub, querySpaceUid=<gen:0>, path=com.ningmeng.framework.domain.course.TeachplanMediaPub)
    - QuerySpaces
       - EntityQuerySpaceImpl(uid=<gen:0>, entity=com.ningmeng.framework.domain.course.TeachplanMediaPub)
          - SQL table alias mapping - teachplanm0_
          - alias suffix - 0_
          - suffixed key columns - {teachpla1_10_0_}

2020-03-09 20:45:27.643 [main] DEBUG o.h.loader.entity.plan.EntityLoader - Static select for entity com.ningmeng.framework.domain.course.TeachplanMediaPub [OPTIMISTIC]: select teachplanm0_.teachplan_id as teachpla1_10_0_, teachplanm0_.courseid as courseid2_10_0_, teachplanm0_.media_fileoriginalname as media_fi3_10_0_, teachplanm0_.media_id as media_id4_10_0_, teachplanm0_.media_url as media_ur5_10_0_, teachplanm0_.timestamp as timestam6_10_0_ from teachplan_media_pub teachplanm0_ where teachplanm0_.teachplan_id=?
2020-03-09 20:45:27.643 [main] DEBUG o.h.l.p.b.i.spaces.QuerySpacesImpl - Adding QuerySpace : uid = <gen:0> -> org.hibernate.loader.plan.build.internal.spaces.EntityQuerySpaceImpl@36525ab]
2020-03-09 20:45:27.643 [main] DEBUG o.h.p.w.spi.MetamodelGraphWalker - Visiting attribute path : courseId
2020-03-09 20:45:27.643 [main] DEBUG o.h.p.w.spi.MetamodelGraphWalker - Visiting attribute path : mediaFileOriginalName
2020-03-09 20:45:27.643 [main] DEBUG o.h.p.w.spi.MetamodelGraphWalker - Visiting attribute path : mediaId
2020-03-09 20:45:27.644 [main] DEBUG o.h.p.w.spi.MetamodelGraphWalker - Visiting attribute path : mediaUrl
2020-03-09 20:45:27.644 [main] DEBUG o.h.p.w.spi.MetamodelGraphWalker - Visiting attribute path : timestamp
2020-03-09 20:45:27.644 [main] DEBUG o.h.l.p.b.i.FetchStyleLoadPlanBuildingAssociationVisitationStrategy - Building LoadPlan...
2020-03-09 20:45:27.644 [main] DEBUG o.h.l.p.e.i.LoadQueryJoinAndFetchProcessor - processing queryspace <gen:0>
2020-03-09 20:45:27.644 [main] DEBUG o.h.l.p.b.spi.LoadPlanTreePrinter - LoadPlan(entity=com.ningmeng.framework.domain.course.TeachplanMediaPub)
    - Returns
       - EntityReturnImpl(entity=com.ningmeng.framework.domain.course.TeachplanMediaPub, querySpaceUid=<gen:0>, path=com.ningmeng.framework.domain.course.TeachplanMediaPub)
    - QuerySpaces
       - EntityQuerySpaceImpl(uid=<gen:0>, entity=com.ningmeng.framework.domain.course.TeachplanMediaPub)
          - SQL table alias mapping - teachplanm0_
          - alias suffix - 0_
          - suffixed key columns - {teachpla1_10_0_}

2020-03-09 20:45:27.644 [main] DEBUG o.h.loader.entity.plan.EntityLoader - Static select for entity com.ningmeng.framework.domain.course.TeachplanMediaPub [OPTIMISTIC_FORCE_INCREMENT]: select teachplanm0_.teachplan_id as teachpla1_10_0_, teachplanm0_.courseid as courseid2_10_0_, teachplanm0_.media_fileoriginalname as media_fi3_10_0_, teachplanm0_.media_id as media_id4_10_0_, teachplanm0_.media_url as media_ur5_10_0_, teachplanm0_.timestamp as timestam6_10_0_ from teachplan_media_pub teachplanm0_ where teachplanm0_.teachplan_id=?
2020-03-09 20:45:27.644 [main] DEBUG org.hibernate.loader.Loader - Static select for action ACTION_MERGE on entity com.ningmeng.framework.domain.course.TeachplanMediaPub: select teachplanm0_.teachplan_id as teachpla1_10_0_, teachplanm0_.courseid as courseid2_10_0_, teachplanm0_.media_fileoriginalname as media_fi3_10_0_, teachplanm0_.media_id as media_id4_10_0_, teachplanm0_.media_url as media_ur5_10_0_, teachplanm0_.timestamp as timestam6_10_0_ from teachplan_media_pub teachplanm0_ where teachplanm0_.teachplan_id=?
2020-03-09 20:45:27.645 [main] DEBUG org.hibernate.loader.Loader - Static select for action ACTION_REFRESH on entity com.ningmeng.framework.domain.course.TeachplanMediaPub: select teachplanm0_.teachplan_id as teachpla1_10_0_, teachplanm0_.courseid as courseid2_10_0_, teachplanm0_.media_fileoriginalname as media_fi3_10_0_, teachplanm0_.media_id as media_id4_10_0_, teachplanm0_.media_url as media_ur5_10_0_, teachplanm0_.timestamp as timestam6_10_0_ from teachplan_media_pub teachplanm0_ where teachplanm0_.teachplan_id=?
2020-03-09 20:45:27.645 [main] DEBUG o.h.p.entity.AbstractEntityPersister - Static SQL for entity: com.ningmeng.framework.domain.course.CourseMarket
2020-03-09 20:45:27.645 [main] DEBUG o.h.p.entity.AbstractEntityPersister -  Version select: select id from course_market where id =?
2020-03-09 20:45:27.645 [main] DEBUG o.h.p.entity.AbstractEntityPersister -  Snapshot select: select coursemark_.id, coursemark_.charge as charge2_3_, coursemark_.end_time as end_time3_3_, coursemark_.price as price4_3_, coursemark_.price_old as price_ol5_3_, coursemark_.qq as qq6_3_, coursemark_.start_time as start_ti7_3_, coursemark_.valid as valid8_3_ from course_market coursemark_ where coursemark_.id=?
2020-03-09 20:45:27.645 [main] DEBUG o.h.p.entity.AbstractEntityPersister -  Insert 0: insert into course_market (charge, end_time, price, price_old, qq, start_time, valid, id) values (?, ?, ?, ?, ?, ?, ?, ?)
2020-03-09 20:45:27.645 [main] DEBUG o.h.p.entity.AbstractEntityPersister -  Update 0: update course_market set charge=?, end_time=?, price=?, price_old=?, qq=?, start_time=?, valid=? where id=?
2020-03-09 20:45:27.645 [main] DEBUG o.h.p.entity.AbstractEntityPersister -  Delete 0: delete from course_market where id=?
2020-03-09 20:45:27.645 [main] DEBUG o.h.l.p.b.i.spaces.QuerySpacesImpl - Adding QuerySpace : uid = <gen:0> -> org.hibernate.loader.plan.build.internal.spaces.EntityQuerySpaceImpl@39851c5]
2020-03-09 20:45:27.645 [main] DEBUG o.h.p.w.spi.MetamodelGraphWalker - Visiting attribute path : charge
2020-03-09 20:45:27.645 [main] DEBUG o.h.p.w.spi.MetamodelGraphWalker - Visiting attribute path : endTime
2020-03-09 20:45:27.645 [main] DEBUG o.h.p.w.spi.MetamodelGraphWalker - Visiting attribute path : price
2020-03-09 20:45:27.645 [main] DEBUG o.h.p.w.spi.MetamodelGraphWalker - Visiting attribute path : price_old
2020-03-09 20:45:27.645 [main] DEBUG o.h.p.w.spi.MetamodelGraphWalker - Visiting attribute path : qq
2020-03-09 20:45:27.645 [main] DEBUG o.h.p.w.spi.MetamodelGraphWalker - Visiting attribute path : startTime
2020-03-09 20:45:27.645 [main] DEBUG o.h.p.w.spi.MetamodelGraphWalker - Visiting attribute path : valid
2020-03-09 20:45:27.645 [main] DEBUG o.h.l.p.b.i.FetchStyleLoadPlanBuildingAssociationVisitationStrategy - Building LoadPlan...
2020-03-09 20:45:27.646 [main] DEBUG o.h.l.p.e.i.LoadQueryJoinAndFetchProcessor - processing queryspace <gen:0>
2020-03-09 20:45:27.646 [main] DEBUG o.h.l.p.b.spi.LoadPlanTreePrinter - LoadPlan(entity=com.ningmeng.framework.domain.course.CourseMarket)
    - Returns
       - EntityReturnImpl(entity=com.ningmeng.framework.domain.course.CourseMarket, querySpaceUid=<gen:0>, path=com.ningmeng.framework.domain.course.CourseMarket)
    - QuerySpaces
       - EntityQuerySpaceImpl(uid=<gen:0>, entity=com.ningmeng.framework.domain.course.CourseMarket)
          - SQL table alias mapping - coursemark0_
          - alias suffix - 0_
          - suffixed key columns - {id1_3_0_}

2020-03-09 20:45:27.646 [main] DEBUG o.h.loader.entity.plan.EntityLoader - Static select for entity com.ningmeng.framework.domain.course.CourseMarket [NONE]: select coursemark0_.id as id1_3_0_, coursemark0_.charge as charge2_3_0_, coursemark0_.end_time as end_time3_3_0_, coursemark0_.price as price4_3_0_, coursemark0_.price_old as price_ol5_3_0_, coursemark0_.qq as qq6_3_0_, coursemark0_.start_time as start_ti7_3_0_, coursemark0_.valid as valid8_3_0_ from course_market coursemark0_ where coursemark0_.id=?
2020-03-09 20:45:27.646 [main] DEBUG o.h.l.p.b.i.spaces.QuerySpacesImpl - Adding QuerySpace : uid = <gen:0> -> org.hibernate.loader.plan.build.internal.spaces.EntityQuerySpaceImpl@698f4aa]
2020-03-09 20:45:27.646 [main] DEBUG o.h.p.w.spi.MetamodelGraphWalker - Visiting attribute path : charge
2020-03-09 20:45:27.646 [main] DEBUG o.h.p.w.spi.MetamodelGraphWalker - Visiting attribute path : endTime
2020-03-09 20:45:27.647 [main] DEBUG o.h.p.w.spi.MetamodelGraphWalker - Visiting attribute path : price
2020-03-09 20:45:27.647 [main] DEBUG o.h.p.w.spi.MetamodelGraphWalker - Visiting attribute path : price_old
2020-03-09 20:45:27.647 [main] DEBUG o.h.p.w.spi.MetamodelGraphWalker - Visiting attribute path : qq
2020-03-09 20:45:27.647 [main] DEBUG o.h.p.w.spi.MetamodelGraphWalker - Visiting attribute path : startTime
2020-03-09 20:45:27.647 [main] DEBUG o.h.p.w.spi.MetamodelGraphWalker - Visiting attribute path : valid
2020-03-09 20:45:27.647 [main] DEBUG o.h.l.p.b.i.FetchStyleLoadPlanBuildingAssociationVisitationStrategy - Building LoadPlan...
2020-03-09 20:45:27.647 [main] DEBUG o.h.l.p.e.i.LoadQueryJoinAndFetchProcessor - processing queryspace <gen:0>
2020-03-09 20:45:27.647 [main] DEBUG o.h.l.p.b.spi.LoadPlanTreePrinter - LoadPlan(entity=com.ningmeng.framework.domain.course.CourseMarket)
    - Returns
       - EntityReturnImpl(entity=com.ningmeng.framework.domain.course.CourseMarket, querySpaceUid=<gen:0>, path=com.ningmeng.framework.domain.course.CourseMarket)
    - QuerySpaces
       - EntityQuerySpaceImpl(uid=<gen:0>, entity=com.ningmeng.framework.domain.course.CourseMarket)
          - SQL table alias mapping - coursemark0_
          - alias suffix - 0_
          - suffixed key columns - {id1_3_0_}

2020-03-09 20:45:27.647 [main] DEBUG o.h.loader.entity.plan.EntityLoader - Static select for entity com.ningmeng.framework.domain.course.CourseMarket [READ]: select coursemark0_.id as id1_3_0_, coursemark0_.charge as charge2_3_0_, coursemark0_.end_time as end_time3_3_0_, coursemark0_.price as price4_3_0_, coursemark0_.price_old as price_ol5_3_0_, coursemark0_.qq as qq6_3_0_, coursemark0_.start_time as start_ti7_3_0_, coursemark0_.valid as valid8_3_0_ from course_market coursemark0_ where coursemark0_.id=?
2020-03-09 20:45:27.647 [main] DEBUG o.h.l.p.b.i.spaces.QuerySpacesImpl - Adding QuerySpace : uid = <gen:0> -> org.hibernate.loader.plan.build.internal.spaces.EntityQuerySpaceImpl@7c0de229]
2020-03-09 20:45:27.648 [main] DEBUG o.h.p.w.spi.MetamodelGraphWalker - Visiting attribute path : charge
2020-03-09 20:45:27.648 [main] DEBUG o.h.p.w.spi.MetamodelGraphWalker - Visiting attribute path : endTime
2020-03-09 20:45:27.648 [main] DEBUG o.h.p.w.spi.MetamodelGraphWalker - Visiting attribute path : price
2020-03-09 20:45:27.648 [main] DEBUG o.h.p.w.spi.MetamodelGraphWalker - Visiting attribute path : price_old
2020-03-09 20:45:27.648 [main] DEBUG o.h.p.w.spi.MetamodelGraphWalker - Visiting attribute path : qq
2020-03-09 20:45:27.648 [main] DEBUG o.h.p.w.spi.MetamodelGraphWalker - Visiting attribute path : startTime
2020-03-09 20:45:27.648 [main] DEBUG o.h.p.w.spi.MetamodelGraphWalker - Visiting attribute path : valid
2020-03-09 20:45:27.648 [main] DEBUG o.h.l.p.b.i.FetchStyleLoadPlanBuildingAssociationVisitationStrategy - Building LoadPlan...
2020-03-09 20:45:27.648 [main] DEBUG o.h.l.p.e.i.LoadQueryJoinAndFetchProcessor - processing queryspace <gen:0>
2020-03-09 20:45:27.648 [main] DEBUG o.h.l.p.b.spi.LoadPlanTreePrinter - LoadPlan(entity=com.ningmeng.framework.domain.course.CourseMarket)
    - Returns
       - EntityReturnImpl(entity=com.ningmeng.framework.domain.course.CourseMarket, querySpaceUid=<gen:0>, path=com.ningmeng.framework.domain.course.CourseMarket)
    - QuerySpaces
       - EntityQuerySpaceImpl(uid=<gen:0>, entity=com.ningmeng.framework.domain.course.CourseMarket)
          - SQL table alias mapping - coursemark0_
          - alias suffix - 0_
          - suffixed key columns - {id1_3_0_}

2020-03-09 20:45:27.648 [main] DEBUG o.h.loader.entity.plan.EntityLoader - Static select for entity com.ningmeng.framework.domain.course.CourseMarket [UPGRADE]: select coursemark0_.id as id1_3_0_, coursemark0_.charge as charge2_3_0_, coursemark0_.end_time as end_time3_3_0_, coursemark0_.price as price4_3_0_, coursemark0_.price_old as price_ol5_3_0_, coursemark0_.qq as qq6_3_0_, coursemark0_.start_time as start_ti7_3_0_, coursemark0_.valid as valid8_3_0_ from course_market coursemark0_ where coursemark0_.id=? for update
2020-03-09 20:45:27.648 [main] DEBUG o.h.l.p.b.i.spaces.QuerySpacesImpl - Adding QuerySpace : uid = <gen:0> -> org.hibernate.loader.plan.build.internal.spaces.EntityQuerySpaceImpl@4756e5cc]
2020-03-09 20:45:27.648 [main] DEBUG o.h.p.w.spi.MetamodelGraphWalker - Visiting attribute path : charge
2020-03-09 20:45:27.648 [main] DEBUG o.h.p.w.spi.MetamodelGraphWalker - Visiting attribute path : endTime
2020-03-09 20:45:27.648 [main] DEBUG o.h.p.w.spi.MetamodelGraphWalker - Visiting attribute path : price
2020-03-09 20:45:27.649 [main] DEBUG o.h.p.w.spi.MetamodelGraphWalker - Visiting attribute path : price_old
2020-03-09 20:45:27.649 [main] DEBUG o.h.p.w.spi.MetamodelGraphWalker - Visiting attribute path : qq
2020-03-09 20:45:27.649 [main] DEBUG o.h.p.w.spi.MetamodelGraphWalker - Visiting attribute path : startTime
2020-03-09 20:45:27.649 [main] DEBUG o.h.p.w.spi.MetamodelGraphWalker - Visiting attribute path : valid
2020-03-09 20:45:27.649 [main] DEBUG o.h.l.p.b.i.FetchStyleLoadPlanBuildingAssociationVisitationStrategy - Building LoadPlan...
2020-03-09 20:45:27.649 [main] DEBUG o.h.l.p.e.i.LoadQueryJoinAndFetchProcessor - processing queryspace <gen:0>
2020-03-09 20:45:27.649 [main] DEBUG o.h.l.p.b.spi.LoadPlanTreePrinter - LoadPlan(entity=com.ningmeng.framework.domain.course.CourseMarket)
    - Returns
       - EntityReturnImpl(entity=com.ningmeng.framework.domain.course.CourseMarket, querySpaceUid=<gen:0>, path=com.ningmeng.framework.domain.course.CourseMarket)
    - QuerySpaces
       - EntityQuerySpaceImpl(uid=<gen:0>, entity=com.ningmeng.framework.domain.course.CourseMarket)
          - SQL table alias mapping - coursemark0_
          - alias suffix - 0_
          - suffixed key columns - {id1_3_0_}

2020-03-09 20:45:27.649 [main] DEBUG o.h.loader.entity.plan.EntityLoader - Static select for entity com.ningmeng.framework.domain.course.CourseMarket [UPGRADE_NOWAIT]: select coursemark0_.id as id1_3_0_, coursemark0_.charge as charge2_3_0_, coursemark0_.end_time as end_time3_3_0_, coursemark0_.price as price4_3_0_, coursemark0_.price_old as price_ol5_3_0_, coursemark0_.qq as qq6_3_0_, coursemark0_.start_time as start_ti7_3_0_, coursemark0_.valid as valid8_3_0_ from course_market coursemark0_ where coursemark0_.id=? for update
2020-03-09 20:45:27.649 [main] DEBUG o.h.l.p.b.i.spaces.QuerySpacesImpl - Adding QuerySpace : uid = <gen:0> -> org.hibernate.loader.plan.build.internal.spaces.EntityQuerySpaceImpl@3dbb3fb7]
2020-03-09 20:45:27.649 [main] DEBUG o.h.p.w.spi.MetamodelGraphWalker - Visiting attribute path : charge
2020-03-09 20:45:27.649 [main] DEBUG o.h.p.w.spi.MetamodelGraphWalker - Visiting attribute path : endTime
2020-03-09 20:45:27.649 [main] DEBUG o.h.p.w.spi.MetamodelGraphWalker - Visiting attribute path : price
2020-03-09 20:45:27.649 [main] DEBUG o.h.p.w.spi.MetamodelGraphWalker - Visiting attribute path : price_old
2020-03-09 20:45:27.649 [main] DEBUG o.h.p.w.spi.MetamodelGraphWalker - Visiting attribute path : qq
2020-03-09 20:45:27.649 [main] DEBUG o.h.p.w.spi.MetamodelGraphWalker - Visiting attribute path : startTime
2020-03-09 20:45:27.649 [main] DEBUG o.h.p.w.spi.MetamodelGraphWalker - Visiting attribute path : valid
2020-03-09 20:45:27.649 [main] DEBUG o.h.l.p.b.i.FetchStyleLoadPlanBuildingAssociationVisitationStrategy - Building LoadPlan...
2020-03-09 20:45:27.649 [main] DEBUG o.h.l.p.e.i.LoadQueryJoinAndFetchProcessor - processing queryspace <gen:0>
2020-03-09 20:45:27.649 [main] DEBUG o.h.l.p.b.spi.LoadPlanTreePrinter - LoadPlan(entity=com.ningmeng.framework.domain.course.CourseMarket)
    - Returns
       - EntityReturnImpl(entity=com.ningmeng.framework.domain.course.CourseMarket, querySpaceUid=<gen:0>, path=com.ningmeng.framework.domain.course.CourseMarket)
    - QuerySpaces
       - EntityQuerySpaceImpl(uid=<gen:0>, entity=com.ningmeng.framework.domain.course.CourseMarket)
          - SQL table alias mapping - coursemark0_
          - alias suffix - 0_
          - suffixed key columns - {id1_3_0_}

2020-03-09 20:45:27.650 [main] DEBUG o.h.loader.entity.plan.EntityLoader - Static select for entity com.ningmeng.framework.domain.course.CourseMarket [UPGRADE_SKIPLOCKED]: select coursemark0_.id as id1_3_0_, coursemark0_.charge as charge2_3_0_, coursemark0_.end_time as end_time3_3_0_, coursemark0_.price as price4_3_0_, coursemark0_.price_old as price_ol5_3_0_, coursemark0_.qq as qq6_3_0_, coursemark0_.start_time as start_ti7_3_0_, coursemark0_.valid as valid8_3_0_ from course_market coursemark0_ where coursemark0_.id=? for update
2020-03-09 20:45:27.650 [main] DEBUG o.h.l.p.b.i.spaces.QuerySpacesImpl - Adding QuerySpace : uid = <gen:0> -> org.hibernate.loader.plan.build.internal.spaces.EntityQuerySpaceImpl@182cc69e]
2020-03-09 20:45:27.650 [main] DEBUG o.h.p.w.spi.MetamodelGraphWalker - Visiting attribute path : charge
2020-03-09 20:45:27.650 [main] DEBUG o.h.p.w.spi.MetamodelGraphWalker - Visiting attribute path : endTime
2020-03-09 20:45:27.650 [main] DEBUG o.h.p.w.spi.MetamodelGraphWalker - Visiting attribute path : price
2020-03-09 20:45:27.650 [main] DEBUG o.h.p.w.spi.MetamodelGraphWalker - Visiting attribute path : price_old
2020-03-09 20:45:27.650 [main] DEBUG o.h.p.w.spi.MetamodelGraphWalker - Visiting attribute path : qq
2020-03-09 20:45:27.650 [main] DEBUG o.h.p.w.spi.MetamodelGraphWalker - Visiting attribute path : startTime
2020-03-09 20:45:27.650 [main] DEBUG o.h.p.w.spi.MetamodelGraphWalker - Visiting attribute path : valid
2020-03-09 20:45:27.650 [main] DEBUG o.h.l.p.b.i.FetchStyleLoadPlanBuildingAssociationVisitationStrategy - Building LoadPlan...
2020-03-09 20:45:27.650 [main] DEBUG o.h.l.p.e.i.LoadQueryJoinAndFetchProcessor - processing queryspace <gen:0>
2020-03-09 20:45:27.650 [main] DEBUG o.h.l.p.b.spi.LoadPlanTreePrinter - LoadPlan(entity=com.ningmeng.framework.domain.course.CourseMarket)
    - Returns
       - EntityReturnImpl(entity=com.ningmeng.framework.domain.course.CourseMarket, querySpaceUid=<gen:0>, path=com.ningmeng.framework.domain.course.CourseMarket)
    - QuerySpaces
       - EntityQuerySpaceImpl(uid=<gen:0>, entity=com.ningmeng.framework.domain.course.CourseMarket)
          - SQL table alias mapping - coursemark0_
          - alias suffix - 0_
          - suffixed key columns - {id1_3_0_}

2020-03-09 20:45:27.650 [main] DEBUG o.h.loader.entity.plan.EntityLoader - Static select for entity com.ningmeng.framework.domain.course.CourseMarket [FORCE]: select coursemark0_.id as id1_3_0_, coursemark0_.charge as charge2_3_0_, coursemark0_.end_time as end_time3_3_0_, coursemark0_.price as price4_3_0_, coursemark0_.price_old as price_ol5_3_0_, coursemark0_.qq as qq6_3_0_, coursemark0_.start_time as start_ti7_3_0_, coursemark0_.valid as valid8_3_0_ from course_market coursemark0_ where coursemark0_.id=? for update
2020-03-09 20:45:27.651 [main] DEBUG o.h.l.p.b.i.spaces.QuerySpacesImpl - Adding QuerySpace : uid = <gen:0> -> org.hibernate.loader.plan.build.internal.spaces.EntityQuerySpaceImpl@7657d90b]
2020-03-09 20:45:27.651 [main] DEBUG o.h.p.w.spi.MetamodelGraphWalker - Visiting attribute path : charge
2020-03-09 20:45:27.651 [main] DEBUG o.h.p.w.spi.MetamodelGraphWalker - Visiting attribute path : endTime
2020-03-09 20:45:27.651 [main] DEBUG o.h.p.w.spi.MetamodelGraphWalker - Visiting attribute path : price
2020-03-09 20:45:27.651 [main] DEBUG o.h.p.w.spi.MetamodelGraphWalker - Visiting attribute path : price_old
2020-03-09 20:45:27.651 [main] DEBUG o.h.p.w.spi.MetamodelGraphWalker - Visiting attribute path : qq
2020-03-09 20:45:27.651 [main] DEBUG o.h.p.w.spi.MetamodelGraphWalker - Visiting attribute path : startTime
2020-03-09 20:45:27.651 [main] DEBUG o.h.p.w.spi.MetamodelGraphWalker - Visiting attribute path : valid
2020-03-09 20:45:27.651 [main] DEBUG o.h.l.p.b.i.FetchStyleLoadPlanBuildingAssociationVisitationStrategy - Building LoadPlan...
2020-03-09 20:45:27.651 [main] DEBUG o.h.l.p.e.i.LoadQueryJoinAndFetchProcessor - processing queryspace <gen:0>
2020-03-09 20:45:27.651 [main] DEBUG o.h.l.p.b.spi.LoadPlanTreePrinter - LoadPlan(entity=com.ningmeng.framework.domain.course.CourseMarket)
    - Returns
       - EntityReturnImpl(entity=com.ningmeng.framework.domain.course.CourseMarket, querySpaceUid=<gen:0>, path=com.ningmeng.framework.domain.course.CourseMarket)
    - QuerySpaces
       - EntityQuerySpaceImpl(uid=<gen:0>, entity=com.ningmeng.framework.domain.course.CourseMarket)
          - SQL table alias mapping - coursemark0_
          - alias suffix - 0_
          - suffixed key columns - {id1_3_0_}

2020-03-09 20:45:27.651 [main] DEBUG o.h.loader.entity.plan.EntityLoader - Static select for entity com.ningmeng.framework.domain.course.CourseMarket [PESSIMISTIC_READ]: select coursemark0_.id as id1_3_0_, coursemark0_.charge as charge2_3_0_, coursemark0_.end_time as end_time3_3_0_, coursemark0_.price as price4_3_0_, coursemark0_.price_old as price_ol5_3_0_, coursemark0_.qq as qq6_3_0_, coursemark0_.start_time as start_ti7_3_0_, coursemark0_.valid as valid8_3_0_ from course_market coursemark0_ where coursemark0_.id=? lock in share mode
2020-03-09 20:45:27.651 [main] DEBUG o.h.l.p.b.i.spaces.QuerySpacesImpl - Adding QuerySpace : uid = <gen:0> -> org.hibernate.loader.plan.build.internal.spaces.EntityQuerySpaceImpl@416a4275]
2020-03-09 20:45:27.651 [main] DEBUG o.h.p.w.spi.MetamodelGraphWalker - Visiting attribute path : charge
2020-03-09 20:45:27.651 [main] DEBUG o.h.p.w.spi.MetamodelGraphWalker - Visiting attribute path : endTime
2020-03-09 20:45:27.651 [main] DEBUG o.h.p.w.spi.MetamodelGraphWalker - Visiting attribute path : price
2020-03-09 20:45:27.651 [main] DEBUG o.h.p.w.spi.MetamodelGraphWalker - Visiting attribute path : price_old
2020-03-09 20:45:27.651 [main] DEBUG o.h.p.w.spi.MetamodelGraphWalker - Visiting attribute path : qq
2020-03-09 20:45:27.651 [main] DEBUG o.h.p.w.spi.MetamodelGraphWalker - Visiting attribute path : startTime
2020-03-09 20:45:27.651 [main] DEBUG o.h.p.w.spi.MetamodelGraphWalker - Visiting attribute path : valid
2020-03-09 20:45:27.651 [main] DEBUG o.h.l.p.b.i.FetchStyleLoadPlanBuildingAssociationVisitationStrategy - Building LoadPlan...
2020-03-09 20:45:27.652 [main] DEBUG o.h.l.p.e.i.LoadQueryJoinAndFetchProcessor - processing queryspace <gen:0>
2020-03-09 20:45:27.652 [main] DEBUG o.h.l.p.b.spi.LoadPlanTreePrinter - LoadPlan(entity=com.ningmeng.framework.domain.course.CourseMarket)
    - Returns
       - EntityReturnImpl(entity=com.ningmeng.framework.domain.course.CourseMarket, querySpaceUid=<gen:0>, path=com.ningmeng.framework.domain.course.CourseMarket)
    - QuerySpaces
       - EntityQuerySpaceImpl(uid=<gen:0>, entity=com.ningmeng.framework.domain.course.CourseMarket)
          - SQL table alias mapping - coursemark0_
          - alias suffix - 0_
          - suffixed key columns - {id1_3_0_}

2020-03-09 20:45:27.652 [main] DEBUG o.h.loader.entity.plan.EntityLoader - Static select for entity com.ningmeng.framework.domain.course.CourseMarket [PESSIMISTIC_WRITE]: select coursemark0_.id as id1_3_0_, coursemark0_.charge as charge2_3_0_, coursemark0_.end_time as end_time3_3_0_, coursemark0_.price as price4_3_0_, coursemark0_.price_old as price_ol5_3_0_, coursemark0_.qq as qq6_3_0_, coursemark0_.start_time as start_ti7_3_0_, coursemark0_.valid as valid8_3_0_ from course_market coursemark0_ where coursemark0_.id=? for update
2020-03-09 20:45:27.652 [main] DEBUG o.h.l.p.b.i.spaces.QuerySpacesImpl - Adding QuerySpace : uid = <gen:0> -> org.hibernate.loader.plan.build.internal.spaces.EntityQuerySpaceImpl@33215ffb]
2020-03-09 20:45:27.652 [main] DEBUG o.h.p.w.spi.MetamodelGraphWalker - Visiting attribute path : charge
2020-03-09 20:45:27.652 [main] DEBUG o.h.p.w.spi.MetamodelGraphWalker - Visiting attribute path : endTime
2020-03-09 20:45:27.652 [main] DEBUG o.h.p.w.spi.MetamodelGraphWalker - Visiting attribute path : price
2020-03-09 20:45:27.652 [main] DEBUG o.h.p.w.spi.MetamodelGraphWalker - Visiting attribute path : price_old
2020-03-09 20:45:27.652 [main] DEBUG o.h.p.w.spi.MetamodelGraphWalker - Visiting attribute path : qq
2020-03-09 20:45:27.652 [main] DEBUG o.h.p.w.spi.MetamodelGraphWalker - Visiting attribute path : startTime
2020-03-09 20:45:27.652 [main] DEBUG o.h.p.w.spi.MetamodelGraphWalker - Visiting attribute path : valid
2020-03-09 20:45:27.652 [main] DEBUG o.h.l.p.b.i.FetchStyleLoadPlanBuildingAssociationVisitationStrategy - Building LoadPlan...
2020-03-09 20:45:27.653 [main] DEBUG o.h.l.p.e.i.LoadQueryJoinAndFetchProcessor - processing queryspace <gen:0>
2020-03-09 20:45:27.653 [main] DEBUG o.h.l.p.b.spi.LoadPlanTreePrinter - LoadPlan(entity=com.ningmeng.framework.domain.course.CourseMarket)
    - Returns
       - EntityReturnImpl(entity=com.ningmeng.framework.domain.course.CourseMarket, querySpaceUid=<gen:0>, path=com.ningmeng.framework.domain.course.CourseMarket)
    - QuerySpaces
       - EntityQuerySpaceImpl(uid=<gen:0>, entity=com.ningmeng.framework.domain.course.CourseMarket)
          - SQL table alias mapping - coursemark0_
          - alias suffix - 0_
          - suffixed key columns - {id1_3_0_}

2020-03-09 20:45:27.653 [main] DEBUG o.h.loader.entity.plan.EntityLoader - Static select for entity com.ningmeng.framework.domain.course.CourseMarket [PESSIMISTIC_FORCE_INCREMENT]: select coursemark0_.id as id1_3_0_, coursemark0_.charge as charge2_3_0_, coursemark0_.end_time as end_time3_3_0_, coursemark0_.price as price4_3_0_, coursemark0_.price_old as price_ol5_3_0_, coursemark0_.qq as qq6_3_0_, coursemark0_.start_time as start_ti7_3_0_, coursemark0_.valid as valid8_3_0_ from course_market coursemark0_ where coursemark0_.id=? for update
2020-03-09 20:45:27.653 [main] DEBUG o.h.l.p.b.i.spaces.QuerySpacesImpl - Adding QuerySpace : uid = <gen:0> -> org.hibernate.loader.plan.build.internal.spaces.EntityQuerySpaceImpl@7c421952]
2020-03-09 20:45:27.653 [main] DEBUG o.h.p.w.spi.MetamodelGraphWalker - Visiting attribute path : charge
2020-03-09 20:45:27.653 [main] DEBUG o.h.p.w.spi.MetamodelGraphWalker - Visiting attribute path : endTime
2020-03-09 20:45:27.653 [main] DEBUG o.h.p.w.spi.MetamodelGraphWalker - Visiting attribute path : price
2020-03-09 20:45:27.653 [main] DEBUG o.h.p.w.spi.MetamodelGraphWalker - Visiting attribute path : price_old
2020-03-09 20:45:27.653 [main] DEBUG o.h.p.w.spi.MetamodelGraphWalker - Visiting attribute path : qq
2020-03-09 20:45:27.653 [main] DEBUG o.h.p.w.spi.MetamodelGraphWalker - Visiting attribute path : startTime
2020-03-09 20:45:27.653 [main] DEBUG o.h.p.w.spi.MetamodelGraphWalker - Visiting attribute path : valid
2020-03-09 20:45:27.653 [main] DEBUG o.h.l.p.b.i.FetchStyleLoadPlanBuildingAssociationVisitationStrategy - Building LoadPlan...
2020-03-09 20:45:27.653 [main] DEBUG o.h.l.p.e.i.LoadQueryJoinAndFetchProcessor - processing queryspace <gen:0>
2020-03-09 20:45:27.654 [main] DEBUG o.h.l.p.b.spi.LoadPlanTreePrinter - LoadPlan(entity=com.ningmeng.framework.domain.course.CourseMarket)
    - Returns
       - EntityReturnImpl(entity=com.ningmeng.framework.domain.course.CourseMarket, querySpaceUid=<gen:0>, path=com.ningmeng.framework.domain.course.CourseMarket)
    - QuerySpaces
       - EntityQuerySpaceImpl(uid=<gen:0>, entity=com.ningmeng.framework.domain.course.CourseMarket)
          - SQL table alias mapping - coursemark0_
          - alias suffix - 0_
          - suffixed key columns - {id1_3_0_}

2020-03-09 20:45:27.654 [main] DEBUG o.h.loader.entity.plan.EntityLoader - Static select for entity com.ningmeng.framework.domain.course.CourseMarket [OPTIMISTIC]: select coursemark0_.id as id1_3_0_, coursemark0_.charge as charge2_3_0_, coursemark0_.end_time as end_time3_3_0_, coursemark0_.price as price4_3_0_, coursemark0_.price_old as price_ol5_3_0_, coursemark0_.qq as qq6_3_0_, coursemark0_.start_time as start_ti7_3_0_, coursemark0_.valid as valid8_3_0_ from course_market coursemark0_ where coursemark0_.id=?
2020-03-09 20:45:27.654 [main] DEBUG o.h.l.p.b.i.spaces.QuerySpacesImpl - Adding QuerySpace : uid = <gen:0> -> org.hibernate.loader.plan.build.internal.spaces.EntityQuerySpaceImpl@c6a692e]
2020-03-09 20:45:27.654 [main] DEBUG o.h.p.w.spi.MetamodelGraphWalker - Visiting attribute path : charge
2020-03-09 20:45:27.654 [main] DEBUG o.h.p.w.spi.MetamodelGraphWalker - Visiting attribute path : endTime
2020-03-09 20:45:27.654 [main] DEBUG o.h.p.w.spi.MetamodelGraphWalker - Visiting attribute path : price
2020-03-09 20:45:27.654 [main] DEBUG o.h.p.w.spi.MetamodelGraphWalker - Visiting attribute path : price_old
2020-03-09 20:45:27.654 [main] DEBUG o.h.p.w.spi.MetamodelGraphWalker - Visiting attribute path : qq
2020-03-09 20:45:27.654 [main] DEBUG o.h.p.w.spi.MetamodelGraphWalker - Visiting attribute path : startTime
2020-03-09 20:45:27.654 [main] DEBUG o.h.p.w.spi.MetamodelGraphWalker - Visiting attribute path : valid
2020-03-09 20:45:27.654 [main] DEBUG o.h.l.p.b.i.FetchStyleLoadPlanBuildingAssociationVisitationStrategy - Building LoadPlan...
2020-03-09 20:45:27.654 [main] DEBUG o.h.l.p.e.i.LoadQueryJoinAndFetchProcessor - processing queryspace <gen:0>
2020-03-09 20:45:27.654 [main] DEBUG o.h.l.p.b.spi.LoadPlanTreePrinter - LoadPlan(entity=com.ningmeng.framework.domain.course.CourseMarket)
    - Returns
       - EntityReturnImpl(entity=com.ningmeng.framework.domain.course.CourseMarket, querySpaceUid=<gen:0>, path=com.ningmeng.framework.domain.course.CourseMarket)
    - QuerySpaces
       - EntityQuerySpaceImpl(uid=<gen:0>, entity=com.ningmeng.framework.domain.course.CourseMarket)
          - SQL table alias mapping - coursemark0_
          - alias suffix - 0_
          - suffixed key columns - {id1_3_0_}

2020-03-09 20:45:27.654 [main] DEBUG o.h.loader.entity.plan.EntityLoader - Static select for entity com.ningmeng.framework.domain.course.CourseMarket [OPTIMISTIC_FORCE_INCREMENT]: select coursemark0_.id as id1_3_0_, coursemark0_.charge as charge2_3_0_, coursemark0_.end_time as end_time3_3_0_, coursemark0_.price as price4_3_0_, coursemark0_.price_old as price_ol5_3_0_, coursemark0_.qq as qq6_3_0_, coursemark0_.start_time as start_ti7_3_0_, coursemark0_.valid as valid8_3_0_ from course_market coursemark0_ where coursemark0_.id=?
2020-03-09 20:45:27.655 [main] DEBUG org.hibernate.loader.Loader - Static select for action ACTION_MERGE on entity com.ningmeng.framework.domain.course.CourseMarket: select coursemark0_.id as id1_3_0_, coursemark0_.charge as charge2_3_0_, coursemark0_.end_time as end_time3_3_0_, coursemark0_.price as price4_3_0_, coursemark0_.price_old as price_ol5_3_0_, coursemark0_.qq as qq6_3_0_, coursemark0_.start_time as start_ti7_3_0_, coursemark0_.valid as valid8_3_0_ from course_market coursemark0_ where coursemark0_.id=?
2020-03-09 20:45:27.655 [main] DEBUG org.hibernate.loader.Loader - Static select for action ACTION_REFRESH on entity com.ningmeng.framework.domain.course.CourseMarket: select coursemark0_.id as id1_3_0_, coursemark0_.charge as charge2_3_0_, coursemark0_.end_time as end_time3_3_0_, coursemark0_.price as price4_3_0_, coursemark0_.price_old as price_ol5_3_0_, coursemark0_.qq as qq6_3_0_, coursemark0_.start_time as start_ti7_3_0_, coursemark0_.valid as valid8_3_0_ from course_market coursemark0_ where coursemark0_.id=?
2020-03-09 20:45:27.655 [main] DEBUG o.h.p.entity.AbstractEntityPersister - Static SQL for entity: com.ningmeng.framework.domain.course.CourseOff
2020-03-09 20:45:27.655 [main] DEBUG o.h.p.entity.AbstractEntityPersister -  Version select: select id from course_off where id =?
2020-03-09 20:45:27.655 [main] DEBUG o.h.p.entity.AbstractEntityPersister -  Snapshot select: select courseoff_.id, courseoff_.charge as charge2_4_, courseoff_.description as descript3_4_, courseoff_.expires as expires4_4_, courseoff_.grade as grade5_4_, courseoff_.mt as mt6_4_, courseoff_.name as name7_4_, courseoff_.pic as pic8_4_, courseoff_.price as price9_4_, courseoff_.price_old as price_o10_4_, courseoff_.qq as qq11_4_, courseoff_.st as st12_4_, courseoff_.studymodel as studymo13_4_, courseoff_.teachplan as teachpl14_4_, courseoff_.timestamp as timesta15_4_, courseoff_.users as users16_4_, courseoff_.valid as valid17_4_ from course_off courseoff_ where courseoff_.id=?
2020-03-09 20:45:27.655 [main] DEBUG o.h.p.entity.AbstractEntityPersister -  Insert 0: insert into course_off (charge, description, expires, grade, mt, name, pic, price, price_old, qq, st, studymodel, teachplan, timestamp, users, valid, id) values (?, ?, ?, ?, ?, ?, ?, ?, ?, ?, ?, ?, ?, ?, ?, ?, ?)
2020-03-09 20:45:27.655 [main] DEBUG o.h.p.entity.AbstractEntityPersister -  Update 0: update course_off set charge=?, description=?, expires=?, grade=?, mt=?, name=?, pic=?, price=?, price_old=?, qq=?, st=?, studymodel=?, teachplan=?, timestamp=?, users=?, valid=? where id=?
2020-03-09 20:45:27.655 [main] DEBUG o.h.p.entity.AbstractEntityPersister -  Delete 0: delete from course_off where id=?
2020-03-09 20:45:27.655 [main] DEBUG o.h.l.p.b.i.spaces.QuerySpacesImpl - Adding QuerySpace : uid = <gen:0> -> org.hibernate.loader.plan.build.internal.spaces.EntityQuerySpaceImpl@4b343b6d]
2020-03-09 20:45:27.655 [main] DEBUG o.h.p.w.spi.MetamodelGraphWalker - Visiting attribute path : charge
2020-03-09 20:45:27.655 [main] DEBUG o.h.p.w.spi.MetamodelGraphWalker - Visiting attribute path : description
2020-03-09 20:45:27.655 [main] DEBUG o.h.p.w.spi.MetamodelGraphWalker - Visiting attribute path : expires
2020-03-09 20:45:27.655 [main] DEBUG o.h.p.w.spi.MetamodelGraphWalker - Visiting attribute path : grade
2020-03-09 20:45:27.655 [main] DEBUG o.h.p.w.spi.MetamodelGraphWalker - Visiting attribute path : mt
2020-03-09 20:45:27.655 [main] DEBUG o.h.p.w.spi.MetamodelGraphWalker - Visiting attribute path : name
2020-03-09 20:45:27.655 [main] DEBUG o.h.p.w.spi.MetamodelGraphWalker - Visiting attribute path : pic
2020-03-09 20:45:27.655 [main] DEBUG o.h.p.w.spi.MetamodelGraphWalker - Visiting attribute path : price
2020-03-09 20:45:27.655 [main] DEBUG o.h.p.w.spi.MetamodelGraphWalker - Visiting attribute path : price_old
2020-03-09 20:45:27.655 [main] DEBUG o.h.p.w.spi.MetamodelGraphWalker - Visiting attribute path : qq
2020-03-09 20:45:27.656 [main] DEBUG o.h.p.w.spi.MetamodelGraphWalker - Visiting attribute path : st
2020-03-09 20:45:27.656 [main] DEBUG o.h.p.w.spi.MetamodelGraphWalker - Visiting attribute path : studymodel
2020-03-09 20:45:27.656 [main] DEBUG o.h.p.w.spi.MetamodelGraphWalker - Visiting attribute path : teachplan
2020-03-09 20:45:27.656 [main] DEBUG o.h.p.w.spi.MetamodelGraphWalker - Visiting attribute path : timestamp
2020-03-09 20:45:27.656 [main] DEBUG o.h.p.w.spi.MetamodelGraphWalker - Visiting attribute path : users
2020-03-09 20:45:27.656 [main] DEBUG o.h.p.w.spi.MetamodelGraphWalker - Visiting attribute path : valid
2020-03-09 20:45:27.656 [main] DEBUG o.h.l.p.b.i.FetchStyleLoadPlanBuildingAssociationVisitationStrategy - Building LoadPlan...
2020-03-09 20:45:27.656 [main] DEBUG o.h.l.p.e.i.LoadQueryJoinAndFetchProcessor - processing queryspace <gen:0>
2020-03-09 20:45:27.656 [main] DEBUG o.h.l.p.b.spi.LoadPlanTreePrinter - LoadPlan(entity=com.ningmeng.framework.domain.course.CourseOff)
    - Returns
       - EntityReturnImpl(entity=com.ningmeng.framework.domain.course.CourseOff, querySpaceUid=<gen:0>, path=com.ningmeng.framework.domain.course.CourseOff)
    - QuerySpaces
       - EntityQuerySpaceImpl(uid=<gen:0>, entity=com.ningmeng.framework.domain.course.CourseOff)
          - SQL table alias mapping - courseoff0_
          - alias suffix - 0_
          - suffixed key columns - {id1_4_0_}

2020-03-09 20:45:27.656 [main] DEBUG o.h.loader.entity.plan.EntityLoader - Static select for entity com.ningmeng.framework.domain.course.CourseOff [NONE]: select courseoff0_.id as id1_4_0_, courseoff0_.charge as charge2_4_0_, courseoff0_.description as descript3_4_0_, courseoff0_.expires as expires4_4_0_, courseoff0_.grade as grade5_4_0_, courseoff0_.mt as mt6_4_0_, courseoff0_.name as name7_4_0_, courseoff0_.pic as pic8_4_0_, courseoff0_.price as price9_4_0_, courseoff0_.price_old as price_o10_4_0_, courseoff0_.qq as qq11_4_0_, courseoff0_.st as st12_4_0_, courseoff0_.studymodel as studymo13_4_0_, courseoff0_.teachplan as teachpl14_4_0_, courseoff0_.timestamp as timesta15_4_0_, courseoff0_.users as users16_4_0_, courseoff0_.valid as valid17_4_0_ from course_off courseoff0_ where courseoff0_.id=?
2020-03-09 20:45:27.656 [main] DEBUG o.h.l.p.b.i.spaces.QuerySpacesImpl - Adding QuerySpace : uid = <gen:0> -> org.hibernate.loader.plan.build.internal.spaces.EntityQuerySpaceImpl@48ae9e8b]
2020-03-09 20:45:27.656 [main] DEBUG o.h.p.w.spi.MetamodelGraphWalker - Visiting attribute path : charge
2020-03-09 20:45:27.656 [main] DEBUG o.h.p.w.spi.MetamodelGraphWalker - Visiting attribute path : description
2020-03-09 20:45:27.656 [main] DEBUG o.h.p.w.spi.MetamodelGraphWalker - Visiting attribute path : expires
2020-03-09 20:45:27.656 [main] DEBUG o.h.p.w.spi.MetamodelGraphWalker - Visiting attribute path : grade
2020-03-09 20:45:27.656 [main] DEBUG o.h.p.w.spi.MetamodelGraphWalker - Visiting attribute path : mt
2020-03-09 20:45:27.656 [main] DEBUG o.h.p.w.spi.MetamodelGraphWalker - Visiting attribute path : name
2020-03-09 20:45:27.656 [main] DEBUG o.h.p.w.spi.MetamodelGraphWalker - Visiting attribute path : pic
2020-03-09 20:45:27.657 [main] DEBUG o.h.p.w.spi.MetamodelGraphWalker - Visiting attribute path : price
2020-03-09 20:45:27.657 [main] DEBUG o.h.p.w.spi.MetamodelGraphWalker - Visiting attribute path : price_old
2020-03-09 20:45:27.657 [main] DEBUG o.h.p.w.spi.MetamodelGraphWalker - Visiting attribute path : qq
2020-03-09 20:45:27.657 [main] DEBUG o.h.p.w.spi.MetamodelGraphWalker - Visiting attribute path : st
2020-03-09 20:45:27.657 [main] DEBUG o.h.p.w.spi.MetamodelGraphWalker - Visiting attribute path : studymodel
2020-03-09 20:45:27.657 [main] DEBUG o.h.p.w.spi.MetamodelGraphWalker - Visiting attribute path : teachplan
2020-03-09 20:45:27.657 [main] DEBUG o.h.p.w.spi.MetamodelGraphWalker - Visiting attribute path : timestamp
2020-03-09 20:45:27.657 [main] DEBUG o.h.p.w.spi.MetamodelGraphWalker - Visiting attribute path : users
2020-03-09 20:45:27.657 [main] DEBUG o.h.p.w.spi.MetamodelGraphWalker - Visiting attribute path : valid
2020-03-09 20:45:27.657 [main] DEBUG o.h.l.p.b.i.FetchStyleLoadPlanBuildingAssociationVisitationStrategy - Building LoadPlan...
2020-03-09 20:45:27.657 [main] DEBUG o.h.l.p.e.i.LoadQueryJoinAndFetchProcessor - processing queryspace <gen:0>
2020-03-09 20:45:27.657 [main] DEBUG o.h.l.p.b.spi.LoadPlanTreePrinter - LoadPlan(entity=com.ningmeng.framework.domain.course.CourseOff)
    - Returns
       - EntityReturnImpl(entity=com.ningmeng.framework.domain.course.CourseOff, querySpaceUid=<gen:0>, path=com.ningmeng.framework.domain.course.CourseOff)
    - QuerySpaces
       - EntityQuerySpaceImpl(uid=<gen:0>, entity=com.ningmeng.framework.domain.course.CourseOff)
          - SQL table alias mapping - courseoff0_
          - alias suffix - 0_
          - suffixed key columns - {id1_4_0_}

2020-03-09 20:45:27.657 [main] DEBUG o.h.loader.entity.plan.EntityLoader - Static select for entity com.ningmeng.framework.domain.course.CourseOff [READ]: select courseoff0_.id as id1_4_0_, courseoff0_.charge as charge2_4_0_, courseoff0_.description as descript3_4_0_, courseoff0_.expires as expires4_4_0_, courseoff0_.grade as grade5_4_0_, courseoff0_.mt as mt6_4_0_, courseoff0_.name as name7_4_0_, courseoff0_.pic as pic8_4_0_, courseoff0_.price as price9_4_0_, courseoff0_.price_old as price_o10_4_0_, courseoff0_.qq as qq11_4_0_, courseoff0_.st as st12_4_0_, courseoff0_.studymodel as studymo13_4_0_, courseoff0_.teachplan as teachpl14_4_0_, courseoff0_.timestamp as timesta15_4_0_, courseoff0_.users as users16_4_0_, courseoff0_.valid as valid17_4_0_ from course_off courseoff0_ where courseoff0_.id=?
2020-03-09 20:45:27.657 [main] DEBUG o.h.l.p.b.i.spaces.QuerySpacesImpl - Adding QuerySpace : uid = <gen:0> -> org.hibernate.loader.plan.build.internal.spaces.EntityQuerySpaceImpl@4afcae7]
2020-03-09 20:45:27.658 [main] DEBUG o.h.p.w.spi.MetamodelGraphWalker - Visiting attribute path : charge
2020-03-09 20:45:27.658 [main] DEBUG o.h.p.w.spi.MetamodelGraphWalker - Visiting attribute path : description
2020-03-09 20:45:27.658 [main] DEBUG o.h.p.w.spi.MetamodelGraphWalker - Visiting attribute path : expires
2020-03-09 20:45:27.658 [main] DEBUG o.h.p.w.spi.MetamodelGraphWalker - Visiting attribute path : grade
2020-03-09 20:45:27.658 [main] DEBUG o.h.p.w.spi.MetamodelGraphWalker - Visiting attribute path : mt
2020-03-09 20:45:27.658 [main] DEBUG o.h.p.w.spi.MetamodelGraphWalker - Visiting attribute path : name
2020-03-09 20:45:27.658 [main] DEBUG o.h.p.w.spi.MetamodelGraphWalker - Visiting attribute path : pic
2020-03-09 20:45:27.658 [main] DEBUG o.h.p.w.spi.MetamodelGraphWalker - Visiting attribute path : price
2020-03-09 20:45:27.658 [main] DEBUG o.h.p.w.spi.MetamodelGraphWalker - Visiting attribute path : price_old
2020-03-09 20:45:27.658 [main] DEBUG o.h.p.w.spi.MetamodelGraphWalker - Visiting attribute path : qq
2020-03-09 20:45:27.658 [main] DEBUG o.h.p.w.spi.MetamodelGraphWalker - Visiting attribute path : st
2020-03-09 20:45:27.658 [main] DEBUG o.h.p.w.spi.MetamodelGraphWalker - Visiting attribute path : studymodel
2020-03-09 20:45:27.658 [main] DEBUG o.h.p.w.spi.MetamodelGraphWalker - Visiting attribute path : teachplan
2020-03-09 20:45:27.658 [main] DEBUG o.h.p.w.spi.MetamodelGraphWalker - Visiting attribute path : timestamp
2020-03-09 20:45:27.658 [main] DEBUG o.h.p.w.spi.MetamodelGraphWalker - Visiting attribute path : users
2020-03-09 20:45:27.658 [main] DEBUG o.h.p.w.spi.MetamodelGraphWalker - Visiting attribute path : valid
2020-03-09 20:45:27.658 [main] DEBUG o.h.l.p.b.i.FetchStyleLoadPlanBuildingAssociationVisitationStrategy - Building LoadPlan...
2020-03-09 20:45:27.658 [main] DEBUG o.h.l.p.e.i.LoadQueryJoinAndFetchProcessor - processing queryspace <gen:0>
2020-03-09 20:45:27.659 [main] DEBUG o.h.l.p.b.spi.LoadPlanTreePrinter - LoadPlan(entity=com.ningmeng.framework.domain.course.CourseOff)
    - Returns
       - EntityReturnImpl(entity=com.ningmeng.framework.domain.course.CourseOff, querySpaceUid=<gen:0>, path=com.ningmeng.framework.domain.course.CourseOff)
    - QuerySpaces
       - EntityQuerySpaceImpl(uid=<gen:0>, entity=com.ningmeng.framework.domain.course.CourseOff)
          - SQL table alias mapping - courseoff0_
          - alias suffix - 0_
          - suffixed key columns - {id1_4_0_}

2020-03-09 20:45:27.659 [main] DEBUG o.h.loader.entity.plan.EntityLoader - Static select for entity com.ningmeng.framework.domain.course.CourseOff [UPGRADE]: select courseoff0_.id as id1_4_0_, courseoff0_.charge as charge2_4_0_, courseoff0_.description as descript3_4_0_, courseoff0_.expires as expires4_4_0_, courseoff0_.grade as grade5_4_0_, courseoff0_.mt as mt6_4_0_, courseoff0_.name as name7_4_0_, courseoff0_.pic as pic8_4_0_, courseoff0_.price as price9_4_0_, courseoff0_.price_old as price_o10_4_0_, courseoff0_.qq as qq11_4_0_, courseoff0_.st as st12_4_0_, courseoff0_.studymodel as studymo13_4_0_, courseoff0_.teachplan as teachpl14_4_0_, courseoff0_.timestamp as timesta15_4_0_, courseoff0_.users as users16_4_0_, courseoff0_.valid as valid17_4_0_ from course_off courseoff0_ where courseoff0_.id=? for update
2020-03-09 20:45:27.659 [main] DEBUG o.h.l.p.b.i.spaces.QuerySpacesImpl - Adding QuerySpace : uid = <gen:0> -> org.hibernate.loader.plan.build.internal.spaces.EntityQuerySpaceImpl@3a2bb026]
2020-03-09 20:45:27.659 [main] DEBUG o.h.p.w.spi.MetamodelGraphWalker - Visiting attribute path : charge
2020-03-09 20:45:27.659 [main] DEBUG o.h.p.w.spi.MetamodelGraphWalker - Visiting attribute path : description
2020-03-09 20:45:27.659 [main] DEBUG o.h.p.w.spi.MetamodelGraphWalker - Visiting attribute path : expires
2020-03-09 20:45:27.659 [main] DEBUG o.h.p.w.spi.MetamodelGraphWalker - Visiting attribute path : grade
2020-03-09 20:45:27.659 [main] DEBUG o.h.p.w.spi.MetamodelGraphWalker - Visiting attribute path : mt
2020-03-09 20:45:27.659 [main] DEBUG o.h.p.w.spi.MetamodelGraphWalker - Visiting attribute path : name
2020-03-09 20:45:27.659 [main] DEBUG o.h.p.w.spi.MetamodelGraphWalker - Visiting attribute path : pic
2020-03-09 20:45:27.659 [main] DEBUG o.h.p.w.spi.MetamodelGraphWalker - Visiting attribute path : price
2020-03-09 20:45:27.659 [main] DEBUG o.h.p.w.spi.MetamodelGraphWalker - Visiting attribute path : price_old
2020-03-09 20:45:27.659 [main] DEBUG o.h.p.w.spi.MetamodelGraphWalker - Visiting attribute path : qq
2020-03-09 20:45:27.659 [main] DEBUG o.h.p.w.spi.MetamodelGraphWalker - Visiting attribute path : st
2020-03-09 20:45:27.659 [main] DEBUG o.h.p.w.spi.MetamodelGraphWalker - Visiting attribute path : studymodel
2020-03-09 20:45:27.659 [main] DEBUG o.h.p.w.spi.MetamodelGraphWalker - Visiting attribute path : teachplan
2020-03-09 20:45:27.659 [main] DEBUG o.h.p.w.spi.MetamodelGraphWalker - Visiting attribute path : timestamp
2020-03-09 20:45:27.660 [main] DEBUG o.h.p.w.spi.MetamodelGraphWalker - Visiting attribute path : users
2020-03-09 20:45:27.660 [main] DEBUG o.h.p.w.spi.MetamodelGraphWalker - Visiting attribute path : valid
2020-03-09 20:45:27.660 [main] DEBUG o.h.l.p.b.i.FetchStyleLoadPlanBuildingAssociationVisitationStrategy - Building LoadPlan...
2020-03-09 20:45:27.660 [main] DEBUG o.h.l.p.e.i.LoadQueryJoinAndFetchProcessor - processing queryspace <gen:0>
2020-03-09 20:45:27.660 [main] DEBUG o.h.l.p.b.spi.LoadPlanTreePrinter - LoadPlan(entity=com.ningmeng.framework.domain.course.CourseOff)
    - Returns
       - EntityReturnImpl(entity=com.ningmeng.framework.domain.course.CourseOff, querySpaceUid=<gen:0>, path=com.ningmeng.framework.domain.course.CourseOff)
    - QuerySpaces
       - EntityQuerySpaceImpl(uid=<gen:0>, entity=com.ningmeng.framework.domain.course.CourseOff)
          - SQL table alias mapping - courseoff0_
          - alias suffix - 0_
          - suffixed key columns - {id1_4_0_}

2020-03-09 20:45:27.660 [main] DEBUG o.h.loader.entity.plan.EntityLoader - Static select for entity com.ningmeng.framework.domain.course.CourseOff [UPGRADE_NOWAIT]: select courseoff0_.id as id1_4_0_, courseoff0_.charge as charge2_4_0_, courseoff0_.description as descript3_4_0_, courseoff0_.expires as expires4_4_0_, courseoff0_.grade as grade5_4_0_, courseoff0_.mt as mt6_4_0_, courseoff0_.name as name7_4_0_, courseoff0_.pic as pic8_4_0_, courseoff0_.price as price9_4_0_, courseoff0_.price_old as price_o10_4_0_, courseoff0_.qq as qq11_4_0_, courseoff0_.st as st12_4_0_, courseoff0_.studymodel as studymo13_4_0_, courseoff0_.teachplan as teachpl14_4_0_, courseoff0_.timestamp as timesta15_4_0_, courseoff0_.users as users16_4_0_, courseoff0_.valid as valid17_4_0_ from course_off courseoff0_ where courseoff0_.id=? for update
2020-03-09 20:45:27.661 [main] DEBUG o.h.l.p.b.i.spaces.QuerySpacesImpl - Adding QuerySpace : uid = <gen:0> -> org.hibernate.loader.plan.build.internal.spaces.EntityQuerySpaceImpl@7de6549d]
2020-03-09 20:45:27.661 [main] DEBUG o.h.p.w.spi.MetamodelGraphWalker - Visiting attribute path : charge
2020-03-09 20:45:27.661 [main] DEBUG o.h.p.w.spi.MetamodelGraphWalker - Visiting attribute path : description
2020-03-09 20:45:27.661 [main] DEBUG o.h.p.w.spi.MetamodelGraphWalker - Visiting attribute path : expires
2020-03-09 20:45:27.661 [main] DEBUG o.h.p.w.spi.MetamodelGraphWalker - Visiting attribute path : grade
2020-03-09 20:45:27.661 [main] DEBUG o.h.p.w.spi.MetamodelGraphWalker - Visiting attribute path : mt
2020-03-09 20:45:27.661 [main] DEBUG o.h.p.w.spi.MetamodelGraphWalker - Visiting attribute path : name
2020-03-09 20:45:27.661 [main] DEBUG o.h.p.w.spi.MetamodelGraphWalker - Visiting attribute path : pic
2020-03-09 20:45:27.661 [main] DEBUG o.h.p.w.spi.MetamodelGraphWalker - Visiting attribute path : price
2020-03-09 20:45:27.661 [main] DEBUG o.h.p.w.spi.MetamodelGraphWalker - Visiting attribute path : price_old
2020-03-09 20:45:27.661 [main] DEBUG o.h.p.w.spi.MetamodelGraphWalker - Visiting attribute path : qq
2020-03-09 20:45:27.661 [main] DEBUG o.h.p.w.spi.MetamodelGraphWalker - Visiting attribute path : st
2020-03-09 20:45:27.661 [main] DEBUG o.h.p.w.spi.MetamodelGraphWalker - Visiting attribute path : studymodel
2020-03-09 20:45:27.661 [main] DEBUG o.h.p.w.spi.MetamodelGraphWalker - Visiting attribute path : teachplan
2020-03-09 20:45:27.661 [main] DEBUG o.h.p.w.spi.MetamodelGraphWalker - Visiting attribute path : timestamp
2020-03-09 20:45:27.661 [main] DEBUG o.h.p.w.spi.MetamodelGraphWalker - Visiting attribute path : users
2020-03-09 20:45:27.661 [main] DEBUG o.h.p.w.spi.MetamodelGraphWalker - Visiting attribute path : valid
2020-03-09 20:45:27.661 [main] DEBUG o.h.l.p.b.i.FetchStyleLoadPlanBuildingAssociationVisitationStrategy - Building LoadPlan...
2020-03-09 20:45:27.661 [main] DEBUG o.h.l.p.e.i.LoadQueryJoinAndFetchProcessor - processing queryspace <gen:0>
2020-03-09 20:45:27.662 [main] DEBUG o.h.l.p.b.spi.LoadPlanTreePrinter - LoadPlan(entity=com.ningmeng.framework.domain.course.CourseOff)
    - Returns
       - EntityReturnImpl(entity=com.ningmeng.framework.domain.course.CourseOff, querySpaceUid=<gen:0>, path=com.ningmeng.framework.domain.course.CourseOff)
    - QuerySpaces
       - EntityQuerySpaceImpl(uid=<gen:0>, entity=com.ningmeng.framework.domain.course.CourseOff)
          - SQL table alias mapping - courseoff0_
          - alias suffix - 0_
          - suffixed key columns - {id1_4_0_}

2020-03-09 20:45:27.662 [main] DEBUG o.h.loader.entity.plan.EntityLoader - Static select for entity com.ningmeng.framework.domain.course.CourseOff [UPGRADE_SKIPLOCKED]: select courseoff0_.id as id1_4_0_, courseoff0_.charge as charge2_4_0_, courseoff0_.description as descript3_4_0_, courseoff0_.expires as expires4_4_0_, courseoff0_.grade as grade5_4_0_, courseoff0_.mt as mt6_4_0_, courseoff0_.name as name7_4_0_, courseoff0_.pic as pic8_4_0_, courseoff0_.price as price9_4_0_, courseoff0_.price_old as price_o10_4_0_, courseoff0_.qq as qq11_4_0_, courseoff0_.st as st12_4_0_, courseoff0_.studymodel as studymo13_4_0_, courseoff0_.teachplan as teachpl14_4_0_, courseoff0_.timestamp as timesta15_4_0_, courseoff0_.users as users16_4_0_, courseoff0_.valid as valid17_4_0_ from course_off courseoff0_ where courseoff0_.id=? for update
2020-03-09 20:45:27.662 [main] DEBUG o.h.l.p.b.i.spaces.QuerySpacesImpl - Adding QuerySpace : uid = <gen:0> -> org.hibernate.loader.plan.build.internal.spaces.EntityQuerySpaceImpl@756c67cd]
2020-03-09 20:45:27.662 [main] DEBUG o.h.p.w.spi.MetamodelGraphWalker - Visiting attribute path : charge
2020-03-09 20:45:27.662 [main] DEBUG o.h.p.w.spi.MetamodelGraphWalker - Visiting attribute path : description
2020-03-09 20:45:27.662 [main] DEBUG o.h.p.w.spi.MetamodelGraphWalker - Visiting attribute path : expires
2020-03-09 20:45:27.662 [main] DEBUG o.h.p.w.spi.MetamodelGraphWalker - Visiting attribute path : grade
2020-03-09 20:45:27.662 [main] DEBUG o.h.p.w.spi.MetamodelGraphWalker - Visiting attribute path : mt
2020-03-09 20:45:27.662 [main] DEBUG o.h.p.w.spi.MetamodelGraphWalker - Visiting attribute path : name
2020-03-09 20:45:27.662 [main] DEBUG o.h.p.w.spi.MetamodelGraphWalker - Visiting attribute path : pic
2020-03-09 20:45:27.662 [main] DEBUG o.h.p.w.spi.MetamodelGraphWalker - Visiting attribute path : price
2020-03-09 20:45:27.662 [main] DEBUG o.h.p.w.spi.MetamodelGraphWalker - Visiting attribute path : price_old
2020-03-09 20:45:27.662 [main] DEBUG o.h.p.w.spi.MetamodelGraphWalker - Visiting attribute path : qq
2020-03-09 20:45:27.662 [main] DEBUG o.h.p.w.spi.MetamodelGraphWalker - Visiting attribute path : st
2020-03-09 20:45:27.662 [main] DEBUG o.h.p.w.spi.MetamodelGraphWalker - Visiting attribute path : studymodel
2020-03-09 20:45:27.662 [main] DEBUG o.h.p.w.spi.MetamodelGraphWalker - Visiting attribute path : teachplan
2020-03-09 20:45:27.662 [main] DEBUG o.h.p.w.spi.MetamodelGraphWalker - Visiting attribute path : timestamp
2020-03-09 20:45:27.662 [main] DEBUG o.h.p.w.spi.MetamodelGraphWalker - Visiting attribute path : users
2020-03-09 20:45:27.662 [main] DEBUG o.h.p.w.spi.MetamodelGraphWalker - Visiting attribute path : valid
2020-03-09 20:45:27.662 [main] DEBUG o.h.l.p.b.i.FetchStyleLoadPlanBuildingAssociationVisitationStrategy - Building LoadPlan...
2020-03-09 20:45:27.663 [main] DEBUG o.h.l.p.e.i.LoadQueryJoinAndFetchProcessor - processing queryspace <gen:0>
2020-03-09 20:45:27.663 [main] DEBUG o.h.l.p.b.spi.LoadPlanTreePrinter - LoadPlan(entity=com.ningmeng.framework.domain.course.CourseOff)
    - Returns
       - EntityReturnImpl(entity=com.ningmeng.framework.domain.course.CourseOff, querySpaceUid=<gen:0>, path=com.ningmeng.framework.domain.course.CourseOff)
    - QuerySpaces
       - EntityQuerySpaceImpl(uid=<gen:0>, entity=com.ningmeng.framework.domain.course.CourseOff)
          - SQL table alias mapping - courseoff0_
          - alias suffix - 0_
          - suffixed key columns - {id1_4_0_}

2020-03-09 20:45:27.663 [main] DEBUG o.h.loader.entity.plan.EntityLoader - Static select for entity com.ningmeng.framework.domain.course.CourseOff [FORCE]: select courseoff0_.id as id1_4_0_, courseoff0_.charge as charge2_4_0_, courseoff0_.description as descript3_4_0_, courseoff0_.expires as expires4_4_0_, courseoff0_.grade as grade5_4_0_, courseoff0_.mt as mt6_4_0_, courseoff0_.name as name7_4_0_, courseoff0_.pic as pic8_4_0_, courseoff0_.price as price9_4_0_, courseoff0_.price_old as price_o10_4_0_, courseoff0_.qq as qq11_4_0_, courseoff0_.st as st12_4_0_, courseoff0_.studymodel as studymo13_4_0_, courseoff0_.teachplan as teachpl14_4_0_, courseoff0_.timestamp as timesta15_4_0_, courseoff0_.users as users16_4_0_, courseoff0_.valid as valid17_4_0_ from course_off courseoff0_ where courseoff0_.id=? for update
2020-03-09 20:45:27.663 [main] DEBUG o.h.l.p.b.i.spaces.QuerySpacesImpl - Adding QuerySpace : uid = <gen:0> -> org.hibernate.loader.plan.build.internal.spaces.EntityQuerySpaceImpl@1fd37440]
2020-03-09 20:45:27.663 [main] DEBUG o.h.p.w.spi.MetamodelGraphWalker - Visiting attribute path : charge
2020-03-09 20:45:27.663 [main] DEBUG o.h.p.w.spi.MetamodelGraphWalker - Visiting attribute path : description
2020-03-09 20:45:27.663 [main] DEBUG o.h.p.w.spi.MetamodelGraphWalker - Visiting attribute path : expires
2020-03-09 20:45:27.663 [main] DEBUG o.h.p.w.spi.MetamodelGraphWalker - Visiting attribute path : grade
2020-03-09 20:45:27.663 [main] DEBUG o.h.p.w.spi.MetamodelGraphWalker - Visiting attribute path : mt
2020-03-09 20:45:27.663 [main] DEBUG o.h.p.w.spi.MetamodelGraphWalker - Visiting attribute path : name
2020-03-09 20:45:27.663 [main] DEBUG o.h.p.w.spi.MetamodelGraphWalker - Visiting attribute path : pic
2020-03-09 20:45:27.664 [main] DEBUG o.h.p.w.spi.MetamodelGraphWalker - Visiting attribute path : price
2020-03-09 20:45:27.664 [main] DEBUG o.h.p.w.spi.MetamodelGraphWalker - Visiting attribute path : price_old
2020-03-09 20:45:27.664 [main] DEBUG o.h.p.w.spi.MetamodelGraphWalker - Visiting attribute path : qq
2020-03-09 20:45:27.664 [main] DEBUG o.h.p.w.spi.MetamodelGraphWalker - Visiting attribute path : st
2020-03-09 20:45:27.664 [main] DEBUG o.h.p.w.spi.MetamodelGraphWalker - Visiting attribute path : studymodel
2020-03-09 20:45:27.664 [main] DEBUG o.h.p.w.spi.MetamodelGraphWalker - Visiting attribute path : teachplan
2020-03-09 20:45:27.664 [main] DEBUG o.h.p.w.spi.MetamodelGraphWalker - Visiting attribute path : timestamp
2020-03-09 20:45:27.664 [main] DEBUG o.h.p.w.spi.MetamodelGraphWalker - Visiting attribute path : users
2020-03-09 20:45:27.664 [main] DEBUG o.h.p.w.spi.MetamodelGraphWalker - Visiting attribute path : valid
2020-03-09 20:45:27.664 [main] DEBUG o.h.l.p.b.i.FetchStyleLoadPlanBuildingAssociationVisitationStrategy - Building LoadPlan...
2020-03-09 20:45:27.664 [main] DEBUG o.h.l.p.e.i.LoadQueryJoinAndFetchProcessor - processing queryspace <gen:0>
2020-03-09 20:45:27.664 [main] DEBUG o.h.l.p.b.spi.LoadPlanTreePrinter - LoadPlan(entity=com.ningmeng.framework.domain.course.CourseOff)
    - Returns
       - EntityReturnImpl(entity=com.ningmeng.framework.domain.course.CourseOff, querySpaceUid=<gen:0>, path=com.ningmeng.framework.domain.course.CourseOff)
    - QuerySpaces
       - EntityQuerySpaceImpl(uid=<gen:0>, entity=com.ningmeng.framework.domain.course.CourseOff)
          - SQL table alias mapping - courseoff0_
          - alias suffix - 0_
          - suffixed key columns - {id1_4_0_}

2020-03-09 20:45:27.664 [main] DEBUG o.h.loader.entity.plan.EntityLoader - Static select for entity com.ningmeng.framework.domain.course.CourseOff [PESSIMISTIC_READ]: select courseoff0_.id as id1_4_0_, courseoff0_.charge as charge2_4_0_, courseoff0_.description as descript3_4_0_, courseoff0_.expires as expires4_4_0_, courseoff0_.grade as grade5_4_0_, courseoff0_.mt as mt6_4_0_, courseoff0_.name as name7_4_0_, courseoff0_.pic as pic8_4_0_, courseoff0_.price as price9_4_0_, courseoff0_.price_old as price_o10_4_0_, courseoff0_.qq as qq11_4_0_, courseoff0_.st as st12_4_0_, courseoff0_.studymodel as studymo13_4_0_, courseoff0_.teachplan as teachpl14_4_0_, courseoff0_.timestamp as timesta15_4_0_, courseoff0_.users as users16_4_0_, courseoff0_.valid as valid17_4_0_ from course_off courseoff0_ where courseoff0_.id=? lock in share mode
2020-03-09 20:45:27.665 [main] DEBUG o.h.l.p.b.i.spaces.QuerySpacesImpl - Adding QuerySpace : uid = <gen:0> -> org.hibernate.loader.plan.build.internal.spaces.EntityQuerySpaceImpl@11574592]
2020-03-09 20:45:27.665 [main] DEBUG o.h.p.w.spi.MetamodelGraphWalker - Visiting attribute path : charge
2020-03-09 20:45:27.665 [main] DEBUG o.h.p.w.spi.MetamodelGraphWalker - Visiting attribute path : description
2020-03-09 20:45:27.665 [main] DEBUG o.h.p.w.spi.MetamodelGraphWalker - Visiting attribute path : expires
2020-03-09 20:45:27.665 [main] DEBUG o.h.p.w.spi.MetamodelGraphWalker - Visiting attribute path : grade
2020-03-09 20:45:27.665 [main] DEBUG o.h.p.w.spi.MetamodelGraphWalker - Visiting attribute path : mt
2020-03-09 20:45:27.665 [main] DEBUG o.h.p.w.spi.MetamodelGraphWalker - Visiting attribute path : name
2020-03-09 20:45:27.665 [main] DEBUG o.h.p.w.spi.MetamodelGraphWalker - Visiting attribute path : pic
2020-03-09 20:45:27.665 [main] DEBUG o.h.p.w.spi.MetamodelGraphWalker - Visiting attribute path : price
2020-03-09 20:45:27.665 [main] DEBUG o.h.p.w.spi.MetamodelGraphWalker - Visiting attribute path : price_old
2020-03-09 20:45:27.665 [main] DEBUG o.h.p.w.spi.MetamodelGraphWalker - Visiting attribute path : qq
2020-03-09 20:45:27.665 [main] DEBUG o.h.p.w.spi.MetamodelGraphWalker - Visiting attribute path : st
2020-03-09 20:45:27.665 [main] DEBUG o.h.p.w.spi.MetamodelGraphWalker - Visiting attribute path : studymodel
2020-03-09 20:45:27.665 [main] DEBUG o.h.p.w.spi.MetamodelGraphWalker - Visiting attribute path : teachplan
2020-03-09 20:45:27.665 [main] DEBUG o.h.p.w.spi.MetamodelGraphWalker - Visiting attribute path : timestamp
2020-03-09 20:45:27.665 [main] DEBUG o.h.p.w.spi.MetamodelGraphWalker - Visiting attribute path : users
2020-03-09 20:45:27.665 [main] DEBUG o.h.p.w.spi.MetamodelGraphWalker - Visiting attribute path : valid
2020-03-09 20:45:27.665 [main] DEBUG o.h.l.p.b.i.FetchStyleLoadPlanBuildingAssociationVisitationStrategy - Building LoadPlan...
2020-03-09 20:45:27.666 [main] DEBUG o.h.l.p.e.i.LoadQueryJoinAndFetchProcessor - processing queryspace <gen:0>
2020-03-09 20:45:27.667 [main] DEBUG o.h.l.p.b.spi.LoadPlanTreePrinter - LoadPlan(entity=com.ningmeng.framework.domain.course.CourseOff)
    - Returns
       - EntityReturnImpl(entity=com.ningmeng.framework.domain.course.CourseOff, querySpaceUid=<gen:0>, path=com.ningmeng.framework.domain.course.CourseOff)
    - QuerySpaces
       - EntityQuerySpaceImpl(uid=<gen:0>, entity=com.ningmeng.framework.domain.course.CourseOff)
          - SQL table alias mapping - courseoff0_
          - alias suffix - 0_
          - suffixed key columns - {id1_4_0_}

2020-03-09 20:45:27.667 [main] DEBUG o.h.loader.entity.plan.EntityLoader - Static select for entity com.ningmeng.framework.domain.course.CourseOff [PESSIMISTIC_WRITE]: select courseoff0_.id as id1_4_0_, courseoff0_.charge as charge2_4_0_, courseoff0_.description as descript3_4_0_, courseoff0_.expires as expires4_4_0_, courseoff0_.grade as grade5_4_0_, courseoff0_.mt as mt6_4_0_, courseoff0_.name as name7_4_0_, courseoff0_.pic as pic8_4_0_, courseoff0_.price as price9_4_0_, courseoff0_.price_old as price_o10_4_0_, courseoff0_.qq as qq11_4_0_, courseoff0_.st as st12_4_0_, courseoff0_.studymodel as studymo13_4_0_, courseoff0_.teachplan as teachpl14_4_0_, courseoff0_.timestamp as timesta15_4_0_, courseoff0_.users as users16_4_0_, courseoff0_.valid as valid17_4_0_ from course_off courseoff0_ where courseoff0_.id=? for update
2020-03-09 20:45:27.667 [main] DEBUG o.h.l.p.b.i.spaces.QuerySpacesImpl - Adding QuerySpace : uid = <gen:0> -> org.hibernate.loader.plan.build.internal.spaces.EntityQuerySpaceImpl@315b5913]
2020-03-09 20:45:27.667 [main] DEBUG o.h.p.w.spi.MetamodelGraphWalker - Visiting attribute path : charge
2020-03-09 20:45:27.667 [main] DEBUG o.h.p.w.spi.MetamodelGraphWalker - Visiting attribute path : description
2020-03-09 20:45:27.667 [main] DEBUG o.h.p.w.spi.MetamodelGraphWalker - Visiting attribute path : expires
2020-03-09 20:45:27.667 [main] DEBUG o.h.p.w.spi.MetamodelGraphWalker - Visiting attribute path : grade
2020-03-09 20:45:27.667 [main] DEBUG o.h.p.w.spi.MetamodelGraphWalker - Visiting attribute path : mt
2020-03-09 20:45:27.667 [main] DEBUG o.h.p.w.spi.MetamodelGraphWalker - Visiting attribute path : name
2020-03-09 20:45:27.667 [main] DEBUG o.h.p.w.spi.MetamodelGraphWalker - Visiting attribute path : pic
2020-03-09 20:45:27.667 [main] DEBUG o.h.p.w.spi.MetamodelGraphWalker - Visiting attribute path : price
2020-03-09 20:45:27.667 [main] DEBUG o.h.p.w.spi.MetamodelGraphWalker - Visiting attribute path : price_old
2020-03-09 20:45:27.667 [main] DEBUG o.h.p.w.spi.MetamodelGraphWalker - Visiting attribute path : qq
2020-03-09 20:45:27.667 [main] DEBUG o.h.p.w.spi.MetamodelGraphWalker - Visiting attribute path : st
2020-03-09 20:45:27.667 [main] DEBUG o.h.p.w.spi.MetamodelGraphWalker - Visiting attribute path : studymodel
2020-03-09 20:45:27.667 [main] DEBUG o.h.p.w.spi.MetamodelGraphWalker - Visiting attribute path : teachplan
2020-03-09 20:45:27.667 [main] DEBUG o.h.p.w.spi.MetamodelGraphWalker - Visiting attribute path : timestamp
2020-03-09 20:45:27.667 [main] DEBUG o.h.p.w.spi.MetamodelGraphWalker - Visiting attribute path : users
2020-03-09 20:45:27.667 [main] DEBUG o.h.p.w.spi.MetamodelGraphWalker - Visiting attribute path : valid
2020-03-09 20:45:27.667 [main] DEBUG o.h.l.p.b.i.FetchStyleLoadPlanBuildingAssociationVisitationStrategy - Building LoadPlan...
2020-03-09 20:45:27.669 [main] DEBUG o.h.l.p.e.i.LoadQueryJoinAndFetchProcessor - processing queryspace <gen:0>
2020-03-09 20:45:27.669 [main] DEBUG o.h.l.p.b.spi.LoadPlanTreePrinter - LoadPlan(entity=com.ningmeng.framework.domain.course.CourseOff)
    - Returns
       - EntityReturnImpl(entity=com.ningmeng.framework.domain.course.CourseOff, querySpaceUid=<gen:0>, path=com.ningmeng.framework.domain.course.CourseOff)
    - QuerySpaces
       - EntityQuerySpaceImpl(uid=<gen:0>, entity=com.ningmeng.framework.domain.course.CourseOff)
          - SQL table alias mapping - courseoff0_
          - alias suffix - 0_
          - suffixed key columns - {id1_4_0_}

2020-03-09 20:45:27.670 [main] DEBUG o.h.loader.entity.plan.EntityLoader - Static select for entity com.ningmeng.framework.domain.course.CourseOff [PESSIMISTIC_FORCE_INCREMENT]: select courseoff0_.id as id1_4_0_, courseoff0_.charge as charge2_4_0_, courseoff0_.description as descript3_4_0_, courseoff0_.expires as expires4_4_0_, courseoff0_.grade as grade5_4_0_, courseoff0_.mt as mt6_4_0_, courseoff0_.name as name7_4_0_, courseoff0_.pic as pic8_4_0_, courseoff0_.price as price9_4_0_, courseoff0_.price_old as price_o10_4_0_, courseoff0_.qq as qq11_4_0_, courseoff0_.st as st12_4_0_, courseoff0_.studymodel as studymo13_4_0_, courseoff0_.teachplan as teachpl14_4_0_, courseoff0_.timestamp as timesta15_4_0_, courseoff0_.users as users16_4_0_, courseoff0_.valid as valid17_4_0_ from course_off courseoff0_ where courseoff0_.id=? for update
2020-03-09 20:45:27.670 [main] DEBUG o.h.l.p.b.i.spaces.QuerySpacesImpl - Adding QuerySpace : uid = <gen:0> -> org.hibernate.loader.plan.build.internal.spaces.EntityQuerySpaceImpl@5423a17]
2020-03-09 20:45:27.670 [main] DEBUG o.h.p.w.spi.MetamodelGraphWalker - Visiting attribute path : charge
2020-03-09 20:45:27.670 [main] DEBUG o.h.p.w.spi.MetamodelGraphWalker - Visiting attribute path : description
2020-03-09 20:45:27.670 [main] DEBUG o.h.p.w.spi.MetamodelGraphWalker - Visiting attribute path : expires
2020-03-09 20:45:27.670 [main] DEBUG o.h.p.w.spi.MetamodelGraphWalker - Visiting attribute path : grade
2020-03-09 20:45:27.670 [main] DEBUG o.h.p.w.spi.MetamodelGraphWalker - Visiting attribute path : mt
2020-03-09 20:45:27.670 [main] DEBUG o.h.p.w.spi.MetamodelGraphWalker - Visiting attribute path : name
2020-03-09 20:45:27.671 [main] DEBUG o.h.p.w.spi.MetamodelGraphWalker - Visiting attribute path : pic
2020-03-09 20:45:27.671 [main] DEBUG o.h.p.w.spi.MetamodelGraphWalker - Visiting attribute path : price
2020-03-09 20:45:27.671 [main] DEBUG o.h.p.w.spi.MetamodelGraphWalker - Visiting attribute path : price_old
2020-03-09 20:45:27.671 [main] DEBUG o.h.p.w.spi.MetamodelGraphWalker - Visiting attribute path : qq
2020-03-09 20:45:27.671 [main] DEBUG o.h.p.w.spi.MetamodelGraphWalker - Visiting attribute path : st
2020-03-09 20:45:27.671 [main] DEBUG o.h.p.w.spi.MetamodelGraphWalker - Visiting attribute path : studymodel
2020-03-09 20:45:27.671 [main] DEBUG o.h.p.w.spi.MetamodelGraphWalker - Visiting attribute path : teachplan
2020-03-09 20:45:27.671 [main] DEBUG o.h.p.w.spi.MetamodelGraphWalker - Visiting attribute path : timestamp
2020-03-09 20:45:27.671 [main] DEBUG o.h.p.w.spi.MetamodelGraphWalker - Visiting attribute path : users
2020-03-09 20:45:27.671 [main] DEBUG o.h.p.w.spi.MetamodelGraphWalker - Visiting attribute path : valid
2020-03-09 20:45:27.671 [main] DEBUG o.h.l.p.b.i.FetchStyleLoadPlanBuildingAssociationVisitationStrategy - Building LoadPlan...
2020-03-09 20:45:27.672 [main] DEBUG o.h.l.p.e.i.LoadQueryJoinAndFetchProcessor - processing queryspace <gen:0>
2020-03-09 20:45:27.672 [main] DEBUG o.h.l.p.b.spi.LoadPlanTreePrinter - LoadPlan(entity=com.ningmeng.framework.domain.course.CourseOff)
    - Returns
       - EntityReturnImpl(entity=com.ningmeng.framework.domain.course.CourseOff, querySpaceUid=<gen:0>, path=com.ningmeng.framework.domain.course.CourseOff)
    - QuerySpaces
       - EntityQuerySpaceImpl(uid=<gen:0>, entity=com.ningmeng.framework.domain.course.CourseOff)
          - SQL table alias mapping - courseoff0_
          - alias suffix - 0_
          - suffixed key columns - {id1_4_0_}

2020-03-09 20:45:27.672 [main] DEBUG o.h.loader.entity.plan.EntityLoader - Static select for entity com.ningmeng.framework.domain.course.CourseOff [OPTIMISTIC]: select courseoff0_.id as id1_4_0_, courseoff0_.charge as charge2_4_0_, courseoff0_.description as descript3_4_0_, courseoff0_.expires as expires4_4_0_, courseoff0_.grade as grade5_4_0_, courseoff0_.mt as mt6_4_0_, courseoff0_.name as name7_4_0_, courseoff0_.pic as pic8_4_0_, courseoff0_.price as price9_4_0_, courseoff0_.price_old as price_o10_4_0_, courseoff0_.qq as qq11_4_0_, courseoff0_.st as st12_4_0_, courseoff0_.studymodel as studymo13_4_0_, courseoff0_.teachplan as teachpl14_4_0_, courseoff0_.timestamp as timesta15_4_0_, courseoff0_.users as users16_4_0_, courseoff0_.valid as valid17_4_0_ from course_off courseoff0_ where courseoff0_.id=?
2020-03-09 20:45:27.672 [main] DEBUG o.h.l.p.b.i.spaces.QuerySpacesImpl - Adding QuerySpace : uid = <gen:0> -> org.hibernate.loader.plan.build.internal.spaces.EntityQuerySpaceImpl@2987d0fa]
2020-03-09 20:45:27.672 [main] DEBUG o.h.p.w.spi.MetamodelGraphWalker - Visiting attribute path : charge
2020-03-09 20:45:27.672 [main] DEBUG o.h.p.w.spi.MetamodelGraphWalker - Visiting attribute path : description
2020-03-09 20:45:27.672 [main] DEBUG o.h.p.w.spi.MetamodelGraphWalker - Visiting attribute path : expires
2020-03-09 20:45:27.672 [main] DEBUG o.h.p.w.spi.MetamodelGraphWalker - Visiting attribute path : grade
2020-03-09 20:45:27.672 [main] DEBUG o.h.p.w.spi.MetamodelGraphWalker - Visiting attribute path : mt
2020-03-09 20:45:27.673 [main] DEBUG o.h.p.w.spi.MetamodelGraphWalker - Visiting attribute path : name
2020-03-09 20:45:27.673 [main] DEBUG o.h.p.w.spi.MetamodelGraphWalker - Visiting attribute path : pic
2020-03-09 20:45:27.673 [main] DEBUG o.h.p.w.spi.MetamodelGraphWalker - Visiting attribute path : price
2020-03-09 20:45:27.673 [main] DEBUG o.h.p.w.spi.MetamodelGraphWalker - Visiting attribute path : price_old
2020-03-09 20:45:27.673 [main] DEBUG o.h.p.w.spi.MetamodelGraphWalker - Visiting attribute path : qq
2020-03-09 20:45:27.673 [main] DEBUG o.h.p.w.spi.MetamodelGraphWalker - Visiting attribute path : st
2020-03-09 20:45:27.673 [main] DEBUG o.h.p.w.spi.MetamodelGraphWalker - Visiting attribute path : studymodel
2020-03-09 20:45:27.673 [main] DEBUG o.h.p.w.spi.MetamodelGraphWalker - Visiting attribute path : teachplan
2020-03-09 20:45:27.673 [main] DEBUG o.h.p.w.spi.MetamodelGraphWalker - Visiting attribute path : timestamp
2020-03-09 20:45:27.673 [main] DEBUG o.h.p.w.spi.MetamodelGraphWalker - Visiting attribute path : users
2020-03-09 20:45:27.673 [main] DEBUG o.h.p.w.spi.MetamodelGraphWalker - Visiting attribute path : valid
2020-03-09 20:45:27.673 [main] DEBUG o.h.l.p.b.i.FetchStyleLoadPlanBuildingAssociationVisitationStrategy - Building LoadPlan...
2020-03-09 20:45:27.674 [main] DEBUG o.h.l.p.e.i.LoadQueryJoinAndFetchProcessor - processing queryspace <gen:0>
2020-03-09 20:45:27.674 [main] DEBUG o.h.l.p.b.spi.LoadPlanTreePrinter - LoadPlan(entity=com.ningmeng.framework.domain.course.CourseOff)
    - Returns
       - EntityReturnImpl(entity=com.ningmeng.framework.domain.course.CourseOff, querySpaceUid=<gen:0>, path=com.ningmeng.framework.domain.course.CourseOff)
    - QuerySpaces
       - EntityQuerySpaceImpl(uid=<gen:0>, entity=com.ningmeng.framework.domain.course.CourseOff)
          - SQL table alias mapping - courseoff0_
          - alias suffix - 0_
          - suffixed key columns - {id1_4_0_}

2020-03-09 20:45:27.674 [main] DEBUG o.h.loader.entity.plan.EntityLoader - Static select for entity com.ningmeng.framework.domain.course.CourseOff [OPTIMISTIC_FORCE_INCREMENT]: select courseoff0_.id as id1_4_0_, courseoff0_.charge as charge2_4_0_, courseoff0_.description as descript3_4_0_, courseoff0_.expires as expires4_4_0_, courseoff0_.grade as grade5_4_0_, courseoff0_.mt as mt6_4_0_, courseoff0_.name as name7_4_0_, courseoff0_.pic as pic8_4_0_, courseoff0_.price as price9_4_0_, courseoff0_.price_old as price_o10_4_0_, courseoff0_.qq as qq11_4_0_, courseoff0_.st as st12_4_0_, courseoff0_.studymodel as studymo13_4_0_, courseoff0_.teachplan as teachpl14_4_0_, courseoff0_.timestamp as timesta15_4_0_, courseoff0_.users as users16_4_0_, courseoff0_.valid as valid17_4_0_ from course_off courseoff0_ where courseoff0_.id=?
2020-03-09 20:45:27.674 [main] DEBUG org.hibernate.loader.Loader - Static select for action ACTION_MERGE on entity com.ningmeng.framework.domain.course.CourseOff: select courseoff0_.id as id1_4_0_, courseoff0_.charge as charge2_4_0_, courseoff0_.description as descript3_4_0_, courseoff0_.expires as expires4_4_0_, courseoff0_.grade as grade5_4_0_, courseoff0_.mt as mt6_4_0_, courseoff0_.name as name7_4_0_, courseoff0_.pic as pic8_4_0_, courseoff0_.price as price9_4_0_, courseoff0_.price_old as price_o10_4_0_, courseoff0_.qq as qq11_4_0_, courseoff0_.st as st12_4_0_, courseoff0_.studymodel as studymo13_4_0_, courseoff0_.teachplan as teachpl14_4_0_, courseoff0_.timestamp as timesta15_4_0_, courseoff0_.users as users16_4_0_, courseoff0_.valid as valid17_4_0_ from course_off courseoff0_ where courseoff0_.id=?
2020-03-09 20:45:27.675 [main] DEBUG org.hibernate.loader.Loader - Static select for action ACTION_REFRESH on entity com.ningmeng.framework.domain.course.CourseOff: select courseoff0_.id as id1_4_0_, courseoff0_.charge as charge2_4_0_, courseoff0_.description as descript3_4_0_, courseoff0_.expires as expires4_4_0_, courseoff0_.grade as grade5_4_0_, courseoff0_.mt as mt6_4_0_, courseoff0_.name as name7_4_0_, courseoff0_.pic as pic8_4_0_, courseoff0_.price as price9_4_0_, courseoff0_.price_old as price_o10_4_0_, courseoff0_.qq as qq11_4_0_, courseoff0_.st as st12_4_0_, courseoff0_.studymodel as studymo13_4_0_, courseoff0_.teachplan as teachpl14_4_0_, courseoff0_.timestamp as timesta15_4_0_, courseoff0_.users as users16_4_0_, courseoff0_.valid as valid17_4_0_ from course_off courseoff0_ where courseoff0_.id=?
2020-03-09 20:45:27.675 [main] DEBUG o.h.p.entity.AbstractEntityPersister - Static SQL for entity: com.ningmeng.framework.domain.course.CourseIndex
2020-03-09 20:45:27.675 [main] DEBUG o.h.p.entity.AbstractEntityPersister -  Version select: select id from course_index where id =?
2020-03-09 20:45:27.675 [main] DEBUG o.h.p.entity.AbstractEntityPersister -  Snapshot select: select courseinde_.id, courseinde_.charge as charge2_2_, courseinde_.description as descript3_2_, courseinde_.expires as expires4_2_, courseinde_.grade as grade5_2_, courseinde_.mt as mt6_2_, courseinde_.name as name7_2_, courseinde_.pic as pic8_2_, courseinde_.price as price9_2_, courseinde_.price_old as price_o10_2_, courseinde_.qq as qq11_2_, courseinde_.st as st12_2_, courseinde_.studymodel as studymo13_2_, courseinde_.teachmode as teachmo14_2_, courseinde_.teachplan as teachpl15_2_, courseinde_.timestamp as timesta16_2_, courseinde_.users as users17_2_, courseinde_.valid as valid18_2_ from course_index courseinde_ where courseinde_.id=?
2020-03-09 20:45:27.675 [main] DEBUG o.h.p.entity.AbstractEntityPersister -  Insert 0: insert into course_index (charge, description, expires, grade, mt, name, pic, price, price_old, qq, st, studymodel, teachmode, teachplan, timestamp, users, valid, id) values (?, ?, ?, ?, ?, ?, ?, ?, ?, ?, ?, ?, ?, ?, ?, ?, ?, ?)
2020-03-09 20:45:27.675 [main] DEBUG o.h.p.entity.AbstractEntityPersister -  Update 0: update course_index set charge=?, description=?, expires=?, grade=?, mt=?, name=?, pic=?, price=?, price_old=?, qq=?, st=?, studymodel=?, teachmode=?, teachplan=?, timestamp=?, users=?, valid=? where id=?
2020-03-09 20:45:27.675 [main] DEBUG o.h.p.entity.AbstractEntityPersister -  Delete 0: delete from course_index where id=?
2020-03-09 20:45:27.675 [main] DEBUG o.h.l.p.b.i.spaces.QuerySpacesImpl - Adding QuerySpace : uid = <gen:0> -> org.hibernate.loader.plan.build.internal.spaces.EntityQuerySpaceImpl@7254838]
2020-03-09 20:45:27.676 [main] DEBUG o.h.p.w.spi.MetamodelGraphWalker - Visiting attribute path : charge
2020-03-09 20:45:27.676 [main] DEBUG o.h.p.w.spi.MetamodelGraphWalker - Visiting attribute path : description
2020-03-09 20:45:27.676 [main] DEBUG o.h.p.w.spi.MetamodelGraphWalker - Visiting attribute path : expires
2020-03-09 20:45:27.676 [main] DEBUG o.h.p.w.spi.MetamodelGraphWalker - Visiting attribute path : grade
2020-03-09 20:45:27.676 [main] DEBUG o.h.p.w.spi.MetamodelGraphWalker - Visiting attribute path : mt
2020-03-09 20:45:27.676 [main] DEBUG o.h.p.w.spi.MetamodelGraphWalker - Visiting attribute path : name
2020-03-09 20:45:27.676 [main] DEBUG o.h.p.w.spi.MetamodelGraphWalker - Visiting attribute path : pic
2020-03-09 20:45:27.676 [main] DEBUG o.h.p.w.spi.MetamodelGraphWalker - Visiting attribute path : price
2020-03-09 20:45:27.676 [main] DEBUG o.h.p.w.spi.MetamodelGraphWalker - Visiting attribute path : price_old
2020-03-09 20:45:27.676 [main] DEBUG o.h.p.w.spi.MetamodelGraphWalker - Visiting attribute path : qq
2020-03-09 20:45:27.676 [main] DEBUG o.h.p.w.spi.MetamodelGraphWalker - Visiting attribute path : st
2020-03-09 20:45:27.676 [main] DEBUG o.h.p.w.spi.MetamodelGraphWalker - Visiting attribute path : studymodel
2020-03-09 20:45:27.676 [main] DEBUG o.h.p.w.spi.MetamodelGraphWalker - Visiting attribute path : teachmode
2020-03-09 20:45:27.676 [main] DEBUG o.h.p.w.spi.MetamodelGraphWalker - Visiting attribute path : teachplan
2020-03-09 20:45:27.676 [main] DEBUG o.h.p.w.spi.MetamodelGraphWalker - Visiting attribute path : timestamp
2020-03-09 20:45:27.676 [main] DEBUG o.h.p.w.spi.MetamodelGraphWalker - Visiting attribute path : users
2020-03-09 20:45:27.676 [main] DEBUG o.h.p.w.spi.MetamodelGraphWalker - Visiting attribute path : valid
2020-03-09 20:45:27.676 [main] DEBUG o.h.l.p.b.i.FetchStyleLoadPlanBuildingAssociationVisitationStrategy - Building LoadPlan...
2020-03-09 20:45:27.677 [main] DEBUG o.h.l.p.e.i.LoadQueryJoinAndFetchProcessor - processing queryspace <gen:0>
2020-03-09 20:45:27.677 [main] DEBUG o.h.l.p.b.spi.LoadPlanTreePrinter - LoadPlan(entity=com.ningmeng.framework.domain.course.CourseIndex)
    - Returns
       - EntityReturnImpl(entity=com.ningmeng.framework.domain.course.CourseIndex, querySpaceUid=<gen:0>, path=com.ningmeng.framework.domain.course.CourseIndex)
    - QuerySpaces
       - EntityQuerySpaceImpl(uid=<gen:0>, entity=com.ningmeng.framework.domain.course.CourseIndex)
          - SQL table alias mapping - courseinde0_
          - alias suffix - 0_
          - suffixed key columns - {id1_2_0_}

2020-03-09 20:45:27.677 [main] DEBUG o.h.loader.entity.plan.EntityLoader - Static select for entity com.ningmeng.framework.domain.course.CourseIndex [NONE]: select courseinde0_.id as id1_2_0_, courseinde0_.charge as charge2_2_0_, courseinde0_.description as descript3_2_0_, courseinde0_.expires as expires4_2_0_, courseinde0_.grade as grade5_2_0_, courseinde0_.mt as mt6_2_0_, courseinde0_.name as name7_2_0_, courseinde0_.pic as pic8_2_0_, courseinde0_.price as price9_2_0_, courseinde0_.price_old as price_o10_2_0_, courseinde0_.qq as qq11_2_0_, courseinde0_.st as st12_2_0_, courseinde0_.studymodel as studymo13_2_0_, courseinde0_.teachmode as teachmo14_2_0_, courseinde0_.teachplan as teachpl15_2_0_, courseinde0_.timestamp as timesta16_2_0_, courseinde0_.users as users17_2_0_, courseinde0_.valid as valid18_2_0_ from course_index courseinde0_ where courseinde0_.id=?
2020-03-09 20:45:27.677 [main] DEBUG o.h.l.p.b.i.spaces.QuerySpacesImpl - Adding QuerySpace : uid = <gen:0> -> org.hibernate.loader.plan.build.internal.spaces.EntityQuerySpaceImpl@2e204155]
2020-03-09 20:45:27.677 [main] DEBUG o.h.p.w.spi.MetamodelGraphWalker - Visiting attribute path : charge
2020-03-09 20:45:27.677 [main] DEBUG o.h.p.w.spi.MetamodelGraphWalker - Visiting attribute path : description
2020-03-09 20:45:27.677 [main] DEBUG o.h.p.w.spi.MetamodelGraphWalker - Visiting attribute path : expires
2020-03-09 20:45:27.677 [main] DEBUG o.h.p.w.spi.MetamodelGraphWalker - Visiting attribute path : grade
2020-03-09 20:45:27.677 [main] DEBUG o.h.p.w.spi.MetamodelGraphWalker - Visiting attribute path : mt
2020-03-09 20:45:27.677 [main] DEBUG o.h.p.w.spi.MetamodelGraphWalker - Visiting attribute path : name
2020-03-09 20:45:27.678 [main] DEBUG o.h.p.w.spi.MetamodelGraphWalker - Visiting attribute path : pic
2020-03-09 20:45:27.678 [main] DEBUG o.h.p.w.spi.MetamodelGraphWalker - Visiting attribute path : price
2020-03-09 20:45:27.678 [main] DEBUG o.h.p.w.spi.MetamodelGraphWalker - Visiting attribute path : price_old
2020-03-09 20:45:27.678 [main] DEBUG o.h.p.w.spi.MetamodelGraphWalker - Visiting attribute path : qq
2020-03-09 20:45:27.678 [main] DEBUG o.h.p.w.spi.MetamodelGraphWalker - Visiting attribute path : st
2020-03-09 20:45:27.678 [main] DEBUG o.h.p.w.spi.MetamodelGraphWalker - Visiting attribute path : studymodel
2020-03-09 20:45:27.678 [main] DEBUG o.h.p.w.spi.MetamodelGraphWalker - Visiting attribute path : teachmode
2020-03-09 20:45:27.678 [main] DEBUG o.h.p.w.spi.MetamodelGraphWalker - Visiting attribute path : teachplan
2020-03-09 20:45:27.678 [main] DEBUG o.h.p.w.spi.MetamodelGraphWalker - Visiting attribute path : timestamp
2020-03-09 20:45:27.678 [main] DEBUG o.h.p.w.spi.MetamodelGraphWalker - Visiting attribute path : users
2020-03-09 20:45:27.678 [main] DEBUG o.h.p.w.spi.MetamodelGraphWalker - Visiting attribute path : valid
2020-03-09 20:45:27.678 [main] DEBUG o.h.l.p.b.i.FetchStyleLoadPlanBuildingAssociationVisitationStrategy - Building LoadPlan...
2020-03-09 20:45:27.678 [main] DEBUG o.h.l.p.e.i.LoadQueryJoinAndFetchProcessor - processing queryspace <gen:0>
2020-03-09 20:45:27.680 [main] DEBUG o.h.l.p.b.spi.LoadPlanTreePrinter - LoadPlan(entity=com.ningmeng.framework.domain.course.CourseIndex)
    - Returns
       - EntityReturnImpl(entity=com.ningmeng.framework.domain.course.CourseIndex, querySpaceUid=<gen:0>, path=com.ningmeng.framework.domain.course.CourseIndex)
    - QuerySpaces
       - EntityQuerySpaceImpl(uid=<gen:0>, entity=com.ningmeng.framework.domain.course.CourseIndex)
          - SQL table alias mapping - courseinde0_
          - alias suffix - 0_
          - suffixed key columns - {id1_2_0_}

2020-03-09 20:45:27.680 [main] DEBUG o.h.loader.entity.plan.EntityLoader - Static select for entity com.ningmeng.framework.domain.course.CourseIndex [READ]: select courseinde0_.id as id1_2_0_, courseinde0_.charge as charge2_2_0_, courseinde0_.description as descript3_2_0_, courseinde0_.expires as expires4_2_0_, courseinde0_.grade as grade5_2_0_, courseinde0_.mt as mt6_2_0_, courseinde0_.name as name7_2_0_, courseinde0_.pic as pic8_2_0_, courseinde0_.price as price9_2_0_, courseinde0_.price_old as price_o10_2_0_, courseinde0_.qq as qq11_2_0_, courseinde0_.st as st12_2_0_, courseinde0_.studymodel as studymo13_2_0_, courseinde0_.teachmode as teachmo14_2_0_, courseinde0_.teachplan as teachpl15_2_0_, courseinde0_.timestamp as timesta16_2_0_, courseinde0_.users as users17_2_0_, courseinde0_.valid as valid18_2_0_ from course_index courseinde0_ where courseinde0_.id=?
2020-03-09 20:45:27.680 [main] DEBUG o.h.l.p.b.i.spaces.QuerySpacesImpl - Adding QuerySpace : uid = <gen:0> -> org.hibernate.loader.plan.build.internal.spaces.EntityQuerySpaceImpl@a95cb11]
2020-03-09 20:45:27.680 [main] DEBUG o.h.p.w.spi.MetamodelGraphWalker - Visiting attribute path : charge
2020-03-09 20:45:27.680 [main] DEBUG o.h.p.w.spi.MetamodelGraphWalker - Visiting attribute path : description
2020-03-09 20:45:27.680 [main] DEBUG o.h.p.w.spi.MetamodelGraphWalker - Visiting attribute path : expires
2020-03-09 20:45:27.680 [main] DEBUG o.h.p.w.spi.MetamodelGraphWalker - Visiting attribute path : grade
2020-03-09 20:45:27.680 [main] DEBUG o.h.p.w.spi.MetamodelGraphWalker - Visiting attribute path : mt
2020-03-09 20:45:27.680 [main] DEBUG o.h.p.w.spi.MetamodelGraphWalker - Visiting attribute path : name
2020-03-09 20:45:27.681 [main] DEBUG o.h.p.w.spi.MetamodelGraphWalker - Visiting attribute path : pic
2020-03-09 20:45:27.681 [main] DEBUG o.h.p.w.spi.MetamodelGraphWalker - Visiting attribute path : price
2020-03-09 20:45:27.681 [main] DEBUG o.h.p.w.spi.MetamodelGraphWalker - Visiting attribute path : price_old
2020-03-09 20:45:27.681 [main] DEBUG o.h.p.w.spi.MetamodelGraphWalker - Visiting attribute path : qq
2020-03-09 20:45:27.681 [main] DEBUG o.h.p.w.spi.MetamodelGraphWalker - Visiting attribute path : st
2020-03-09 20:45:27.681 [main] DEBUG o.h.p.w.spi.MetamodelGraphWalker - Visiting attribute path : studymodel
2020-03-09 20:45:27.681 [main] DEBUG o.h.p.w.spi.MetamodelGraphWalker - Visiting attribute path : teachmode
2020-03-09 20:45:27.681 [main] DEBUG o.h.p.w.spi.MetamodelGraphWalker - Visiting attribute path : teachplan
2020-03-09 20:45:27.681 [main] DEBUG o.h.p.w.spi.MetamodelGraphWalker - Visiting attribute path : timestamp
2020-03-09 20:45:27.681 [main] DEBUG o.h.p.w.spi.MetamodelGraphWalker - Visiting attribute path : users
2020-03-09 20:45:27.681 [main] DEBUG o.h.p.w.spi.MetamodelGraphWalker - Visiting attribute path : valid
2020-03-09 20:45:27.681 [main] DEBUG o.h.l.p.b.i.FetchStyleLoadPlanBuildingAssociationVisitationStrategy - Building LoadPlan...
2020-03-09 20:45:27.681 [main] DEBUG o.h.l.p.e.i.LoadQueryJoinAndFetchProcessor - processing queryspace <gen:0>
2020-03-09 20:45:27.682 [main] DEBUG o.h.l.p.b.spi.LoadPlanTreePrinter - LoadPlan(entity=com.ningmeng.framework.domain.course.CourseIndex)
    - Returns
       - EntityReturnImpl(entity=com.ningmeng.framework.domain.course.CourseIndex, querySpaceUid=<gen:0>, path=com.ningmeng.framework.domain.course.CourseIndex)
    - QuerySpaces
       - EntityQuerySpaceImpl(uid=<gen:0>, entity=com.ningmeng.framework.domain.course.CourseIndex)
          - SQL table alias mapping - courseinde0_
          - alias suffix - 0_
          - suffixed key columns - {id1_2_0_}

2020-03-09 20:45:27.682 [main] DEBUG o.h.loader.entity.plan.EntityLoader - Static select for entity com.ningmeng.framework.domain.course.CourseIndex [UPGRADE]: select courseinde0_.id as id1_2_0_, courseinde0_.charge as charge2_2_0_, courseinde0_.description as descript3_2_0_, courseinde0_.expires as expires4_2_0_, courseinde0_.grade as grade5_2_0_, courseinde0_.mt as mt6_2_0_, courseinde0_.name as name7_2_0_, courseinde0_.pic as pic8_2_0_, courseinde0_.price as price9_2_0_, courseinde0_.price_old as price_o10_2_0_, courseinde0_.qq as qq11_2_0_, courseinde0_.st as st12_2_0_, courseinde0_.studymodel as studymo13_2_0_, courseinde0_.teachmode as teachmo14_2_0_, courseinde0_.teachplan as teachpl15_2_0_, courseinde0_.timestamp as timesta16_2_0_, courseinde0_.users as users17_2_0_, courseinde0_.valid as valid18_2_0_ from course_index courseinde0_ where courseinde0_.id=? for update
2020-03-09 20:45:27.682 [main] DEBUG o.h.l.p.b.i.spaces.QuerySpacesImpl - Adding QuerySpace : uid = <gen:0> -> org.hibernate.loader.plan.build.internal.spaces.EntityQuerySpaceImpl@2513155a]
2020-03-09 20:45:27.682 [main] DEBUG o.h.p.w.spi.MetamodelGraphWalker - Visiting attribute path : charge
2020-03-09 20:45:27.682 [main] DEBUG o.h.p.w.spi.MetamodelGraphWalker - Visiting attribute path : description
2020-03-09 20:45:27.682 [main] DEBUG o.h.p.w.spi.MetamodelGraphWalker - Visiting attribute path : expires
2020-03-09 20:45:27.682 [main] DEBUG o.h.p.w.spi.MetamodelGraphWalker - Visiting attribute path : grade
2020-03-09 20:45:27.683 [main] DEBUG o.h.p.w.spi.MetamodelGraphWalker - Visiting attribute path : mt
2020-03-09 20:45:27.683 [main] DEBUG o.h.p.w.spi.MetamodelGraphWalker - Visiting attribute path : name
2020-03-09 20:45:27.683 [main] DEBUG o.h.p.w.spi.MetamodelGraphWalker - Visiting attribute path : pic
2020-03-09 20:45:27.683 [main] DEBUG o.h.p.w.spi.MetamodelGraphWalker - Visiting attribute path : price
2020-03-09 20:45:27.683 [main] DEBUG o.h.p.w.spi.MetamodelGraphWalker - Visiting attribute path : price_old
2020-03-09 20:45:27.683 [main] DEBUG o.h.p.w.spi.MetamodelGraphWalker - Visiting attribute path : qq
2020-03-09 20:45:27.683 [main] DEBUG o.h.p.w.spi.MetamodelGraphWalker - Visiting attribute path : st
2020-03-09 20:45:27.683 [main] DEBUG o.h.p.w.spi.MetamodelGraphWalker - Visiting attribute path : studymodel
2020-03-09 20:45:27.683 [main] DEBUG o.h.p.w.spi.MetamodelGraphWalker - Visiting attribute path : teachmode
2020-03-09 20:45:27.683 [main] DEBUG o.h.p.w.spi.MetamodelGraphWalker - Visiting attribute path : teachplan
2020-03-09 20:45:27.683 [main] DEBUG o.h.p.w.spi.MetamodelGraphWalker - Visiting attribute path : timestamp
2020-03-09 20:45:27.683 [main] DEBUG o.h.p.w.spi.MetamodelGraphWalker - Visiting attribute path : users
2020-03-09 20:45:27.683 [main] DEBUG o.h.p.w.spi.MetamodelGraphWalker - Visiting attribute path : valid
2020-03-09 20:45:27.683 [main] DEBUG o.h.l.p.b.i.FetchStyleLoadPlanBuildingAssociationVisitationStrategy - Building LoadPlan...
2020-03-09 20:45:27.683 [main] DEBUG o.h.l.p.e.i.LoadQueryJoinAndFetchProcessor - processing queryspace <gen:0>
2020-03-09 20:45:27.684 [main] DEBUG o.h.l.p.b.spi.LoadPlanTreePrinter - LoadPlan(entity=com.ningmeng.framework.domain.course.CourseIndex)
    - Returns
       - EntityReturnImpl(entity=com.ningmeng.framework.domain.course.CourseIndex, querySpaceUid=<gen:0>, path=com.ningmeng.framework.domain.course.CourseIndex)
    - QuerySpaces
       - EntityQuerySpaceImpl(uid=<gen:0>, entity=com.ningmeng.framework.domain.course.CourseIndex)
          - SQL table alias mapping - courseinde0_
          - alias suffix - 0_
          - suffixed key columns - {id1_2_0_}

2020-03-09 20:45:27.684 [main] DEBUG o.h.loader.entity.plan.EntityLoader - Static select for entity com.ningmeng.framework.domain.course.CourseIndex [UPGRADE_NOWAIT]: select courseinde0_.id as id1_2_0_, courseinde0_.charge as charge2_2_0_, courseinde0_.description as descript3_2_0_, courseinde0_.expires as expires4_2_0_, courseinde0_.grade as grade5_2_0_, courseinde0_.mt as mt6_2_0_, courseinde0_.name as name7_2_0_, courseinde0_.pic as pic8_2_0_, courseinde0_.price as price9_2_0_, courseinde0_.price_old as price_o10_2_0_, courseinde0_.qq as qq11_2_0_, courseinde0_.st as st12_2_0_, courseinde0_.studymodel as studymo13_2_0_, courseinde0_.teachmode as teachmo14_2_0_, courseinde0_.teachplan as teachpl15_2_0_, courseinde0_.timestamp as timesta16_2_0_, courseinde0_.users as users17_2_0_, courseinde0_.valid as valid18_2_0_ from course_index courseinde0_ where courseinde0_.id=? for update
2020-03-09 20:45:27.684 [main] DEBUG o.h.l.p.b.i.spaces.QuerySpacesImpl - Adding QuerySpace : uid = <gen:0> -> org.hibernate.loader.plan.build.internal.spaces.EntityQuerySpaceImpl@47fa3671]
2020-03-09 20:45:27.684 [main] DEBUG o.h.p.w.spi.MetamodelGraphWalker - Visiting attribute path : charge
2020-03-09 20:45:27.684 [main] DEBUG o.h.p.w.spi.MetamodelGraphWalker - Visiting attribute path : description
2020-03-09 20:45:27.684 [main] DEBUG o.h.p.w.spi.MetamodelGraphWalker - Visiting attribute path : expires
2020-03-09 20:45:27.684 [main] DEBUG o.h.p.w.spi.MetamodelGraphWalker - Visiting attribute path : grade
2020-03-09 20:45:27.684 [main] DEBUG o.h.p.w.spi.MetamodelGraphWalker - Visiting attribute path : mt
2020-03-09 20:45:27.684 [main] DEBUG o.h.p.w.spi.MetamodelGraphWalker - Visiting attribute path : name
2020-03-09 20:45:27.684 [main] DEBUG o.h.p.w.spi.MetamodelGraphWalker - Visiting attribute path : pic
2020-03-09 20:45:27.684 [main] DEBUG o.h.p.w.spi.MetamodelGraphWalker - Visiting attribute path : price
2020-03-09 20:45:27.684 [main] DEBUG o.h.p.w.spi.MetamodelGraphWalker - Visiting attribute path : price_old
2020-03-09 20:45:27.684 [main] DEBUG o.h.p.w.spi.MetamodelGraphWalker - Visiting attribute path : qq
2020-03-09 20:45:27.684 [main] DEBUG o.h.p.w.spi.MetamodelGraphWalker - Visiting attribute path : st
2020-03-09 20:45:27.684 [main] DEBUG o.h.p.w.spi.MetamodelGraphWalker - Visiting attribute path : studymodel
2020-03-09 20:45:27.684 [main] DEBUG o.h.p.w.spi.MetamodelGraphWalker - Visiting attribute path : teachmode
2020-03-09 20:45:27.684 [main] DEBUG o.h.p.w.spi.MetamodelGraphWalker - Visiting attribute path : teachplan
2020-03-09 20:45:27.684 [main] DEBUG o.h.p.w.spi.MetamodelGraphWalker - Visiting attribute path : timestamp
2020-03-09 20:45:27.684 [main] DEBUG o.h.p.w.spi.MetamodelGraphWalker - Visiting attribute path : users
2020-03-09 20:45:27.685 [main] DEBUG o.h.p.w.spi.MetamodelGraphWalker - Visiting attribute path : valid
2020-03-09 20:45:27.685 [main] DEBUG o.h.l.p.b.i.FetchStyleLoadPlanBuildingAssociationVisitationStrategy - Building LoadPlan...
2020-03-09 20:45:27.685 [main] DEBUG o.h.l.p.e.i.LoadQueryJoinAndFetchProcessor - processing queryspace <gen:0>
2020-03-09 20:45:27.685 [main] DEBUG o.h.l.p.b.spi.LoadPlanTreePrinter - LoadPlan(entity=com.ningmeng.framework.domain.course.CourseIndex)
    - Returns
       - EntityReturnImpl(entity=com.ningmeng.framework.domain.course.CourseIndex, querySpaceUid=<gen:0>, path=com.ningmeng.framework.domain.course.CourseIndex)
    - QuerySpaces
       - EntityQuerySpaceImpl(uid=<gen:0>, entity=com.ningmeng.framework.domain.course.CourseIndex)
          - SQL table alias mapping - courseinde0_
          - alias suffix - 0_
          - suffixed key columns - {id1_2_0_}

2020-03-09 20:45:27.685 [main] DEBUG o.h.loader.entity.plan.EntityLoader - Static select for entity com.ningmeng.framework.domain.course.CourseIndex [UPGRADE_SKIPLOCKED]: select courseinde0_.id as id1_2_0_, courseinde0_.charge as charge2_2_0_, courseinde0_.description as descript3_2_0_, courseinde0_.expires as expires4_2_0_, courseinde0_.grade as grade5_2_0_, courseinde0_.mt as mt6_2_0_, courseinde0_.name as name7_2_0_, courseinde0_.pic as pic8_2_0_, courseinde0_.price as price9_2_0_, courseinde0_.price_old as price_o10_2_0_, courseinde0_.qq as qq11_2_0_, courseinde0_.st as st12_2_0_, courseinde0_.studymodel as studymo13_2_0_, courseinde0_.teachmode as teachmo14_2_0_, courseinde0_.teachplan as teachpl15_2_0_, courseinde0_.timestamp as timesta16_2_0_, courseinde0_.users as users17_2_0_, courseinde0_.valid as valid18_2_0_ from course_index courseinde0_ where courseinde0_.id=? for update
2020-03-09 20:45:27.685 [main] DEBUG o.h.l.p.b.i.spaces.QuerySpacesImpl - Adding QuerySpace : uid = <gen:0> -> org.hibernate.loader.plan.build.internal.spaces.EntityQuerySpaceImpl@5df2023c]
2020-03-09 20:45:27.685 [main] DEBUG o.h.p.w.spi.MetamodelGraphWalker - Visiting attribute path : charge
2020-03-09 20:45:27.685 [main] DEBUG o.h.p.w.spi.MetamodelGraphWalker - Visiting attribute path : description
2020-03-09 20:45:27.685 [main] DEBUG o.h.p.w.spi.MetamodelGraphWalker - Visiting attribute path : expires
2020-03-09 20:45:27.685 [main] DEBUG o.h.p.w.spi.MetamodelGraphWalker - Visiting attribute path : grade
2020-03-09 20:45:27.685 [main] DEBUG o.h.p.w.spi.MetamodelGraphWalker - Visiting attribute path : mt
2020-03-09 20:45:27.685 [main] DEBUG o.h.p.w.spi.MetamodelGraphWalker - Visiting attribute path : name
2020-03-09 20:45:27.685 [main] DEBUG o.h.p.w.spi.MetamodelGraphWalker - Visiting attribute path : pic
2020-03-09 20:45:27.685 [main] DEBUG o.h.p.w.spi.MetamodelGraphWalker - Visiting attribute path : price
2020-03-09 20:45:27.685 [main] DEBUG o.h.p.w.spi.MetamodelGraphWalker - Visiting attribute path : price_old
2020-03-09 20:45:27.685 [main] DEBUG o.h.p.w.spi.MetamodelGraphWalker - Visiting attribute path : qq
2020-03-09 20:45:27.686 [main] DEBUG o.h.p.w.spi.MetamodelGraphWalker - Visiting attribute path : st
2020-03-09 20:45:27.686 [main] DEBUG o.h.p.w.spi.MetamodelGraphWalker - Visiting attribute path : studymodel
2020-03-09 20:45:27.686 [main] DEBUG o.h.p.w.spi.MetamodelGraphWalker - Visiting attribute path : teachmode
2020-03-09 20:45:27.686 [main] DEBUG o.h.p.w.spi.MetamodelGraphWalker - Visiting attribute path : teachplan
2020-03-09 20:45:27.686 [main] DEBUG o.h.p.w.spi.MetamodelGraphWalker - Visiting attribute path : timestamp
2020-03-09 20:45:27.686 [main] DEBUG o.h.p.w.spi.MetamodelGraphWalker - Visiting attribute path : users
2020-03-09 20:45:27.686 [main] DEBUG o.h.p.w.spi.MetamodelGraphWalker - Visiting attribute path : valid
2020-03-09 20:45:27.686 [main] DEBUG o.h.l.p.b.i.FetchStyleLoadPlanBuildingAssociationVisitationStrategy - Building LoadPlan...
2020-03-09 20:45:27.686 [main] DEBUG o.h.l.p.e.i.LoadQueryJoinAndFetchProcessor - processing queryspace <gen:0>
2020-03-09 20:45:27.686 [main] DEBUG o.h.l.p.b.spi.LoadPlanTreePrinter - LoadPlan(entity=com.ningmeng.framework.domain.course.CourseIndex)
    - Returns
       - EntityReturnImpl(entity=com.ningmeng.framework.domain.course.CourseIndex, querySpaceUid=<gen:0>, path=com.ningmeng.framework.domain.course.CourseIndex)
    - QuerySpaces
       - EntityQuerySpaceImpl(uid=<gen:0>, entity=com.ningmeng.framework.domain.course.CourseIndex)
          - SQL table alias mapping - courseinde0_
          - alias suffix - 0_
          - suffixed key columns - {id1_2_0_}

2020-03-09 20:45:27.686 [main] DEBUG o.h.loader.entity.plan.EntityLoader - Static select for entity com.ningmeng.framework.domain.course.CourseIndex [FORCE]: select courseinde0_.id as id1_2_0_, courseinde0_.charge as charge2_2_0_, courseinde0_.description as descript3_2_0_, courseinde0_.expires as expires4_2_0_, courseinde0_.grade as grade5_2_0_, courseinde0_.mt as mt6_2_0_, courseinde0_.name as name7_2_0_, courseinde0_.pic as pic8_2_0_, courseinde0_.price as price9_2_0_, courseinde0_.price_old as price_o10_2_0_, courseinde0_.qq as qq11_2_0_, courseinde0_.st as st12_2_0_, courseinde0_.studymodel as studymo13_2_0_, courseinde0_.teachmode as teachmo14_2_0_, courseinde0_.teachplan as teachpl15_2_0_, courseinde0_.timestamp as timesta16_2_0_, courseinde0_.users as users17_2_0_, courseinde0_.valid as valid18_2_0_ from course_index courseinde0_ where courseinde0_.id=? for update
2020-03-09 20:45:27.686 [main] DEBUG o.h.l.p.b.i.spaces.QuerySpacesImpl - Adding QuerySpace : uid = <gen:0> -> org.hibernate.loader.plan.build.internal.spaces.EntityQuerySpaceImpl@3562e7c7]
2020-03-09 20:45:27.686 [main] DEBUG o.h.p.w.spi.MetamodelGraphWalker - Visiting attribute path : charge
2020-03-09 20:45:27.686 [main] DEBUG o.h.p.w.spi.MetamodelGraphWalker - Visiting attribute path : description
2020-03-09 20:45:27.686 [main] DEBUG o.h.p.w.spi.MetamodelGraphWalker - Visiting attribute path : expires
2020-03-09 20:45:27.686 [main] DEBUG o.h.p.w.spi.MetamodelGraphWalker - Visiting attribute path : grade
2020-03-09 20:45:27.686 [main] DEBUG o.h.p.w.spi.MetamodelGraphWalker - Visiting attribute path : mt
2020-03-09 20:45:27.686 [main] DEBUG o.h.p.w.spi.MetamodelGraphWalker - Visiting attribute path : name
2020-03-09 20:45:27.686 [main] DEBUG o.h.p.w.spi.MetamodelGraphWalker - Visiting attribute path : pic
2020-03-09 20:45:27.686 [main] DEBUG o.h.p.w.spi.MetamodelGraphWalker - Visiting attribute path : price
2020-03-09 20:45:27.687 [main] DEBUG o.h.p.w.spi.MetamodelGraphWalker - Visiting attribute path : price_old
2020-03-09 20:45:27.687 [main] DEBUG o.h.p.w.spi.MetamodelGraphWalker - Visiting attribute path : qq
2020-03-09 20:45:27.687 [main] DEBUG o.h.p.w.spi.MetamodelGraphWalker - Visiting attribute path : st
2020-03-09 20:45:27.687 [main] DEBUG o.h.p.w.spi.MetamodelGraphWalker - Visiting attribute path : studymodel
2020-03-09 20:45:27.687 [main] DEBUG o.h.p.w.spi.MetamodelGraphWalker - Visiting attribute path : teachmode
2020-03-09 20:45:27.687 [main] DEBUG o.h.p.w.spi.MetamodelGraphWalker - Visiting attribute path : teachplan
2020-03-09 20:45:27.687 [main] DEBUG o.h.p.w.spi.MetamodelGraphWalker - Visiting attribute path : timestamp
2020-03-09 20:45:27.687 [main] DEBUG o.h.p.w.spi.MetamodelGraphWalker - Visiting attribute path : users
2020-03-09 20:45:27.687 [main] DEBUG o.h.p.w.spi.MetamodelGraphWalker - Visiting attribute path : valid
2020-03-09 20:45:27.687 [main] DEBUG o.h.l.p.b.i.FetchStyleLoadPlanBuildingAssociationVisitationStrategy - Building LoadPlan...
2020-03-09 20:45:27.687 [main] DEBUG o.h.l.p.e.i.LoadQueryJoinAndFetchProcessor - processing queryspace <gen:0>
2020-03-09 20:45:27.687 [main] DEBUG o.h.l.p.b.spi.LoadPlanTreePrinter - LoadPlan(entity=com.ningmeng.framework.domain.course.CourseIndex)
    - Returns
       - EntityReturnImpl(entity=com.ningmeng.framework.domain.course.CourseIndex, querySpaceUid=<gen:0>, path=com.ningmeng.framework.domain.course.CourseIndex)
    - QuerySpaces
       - EntityQuerySpaceImpl(uid=<gen:0>, entity=com.ningmeng.framework.domain.course.CourseIndex)
          - SQL table alias mapping - courseinde0_
          - alias suffix - 0_
          - suffixed key columns - {id1_2_0_}

2020-03-09 20:45:27.687 [main] DEBUG o.h.loader.entity.plan.EntityLoader - Static select for entity com.ningmeng.framework.domain.course.CourseIndex [PESSIMISTIC_READ]: select courseinde0_.id as id1_2_0_, courseinde0_.charge as charge2_2_0_, courseinde0_.description as descript3_2_0_, courseinde0_.expires as expires4_2_0_, courseinde0_.grade as grade5_2_0_, courseinde0_.mt as mt6_2_0_, courseinde0_.name as name7_2_0_, courseinde0_.pic as pic8_2_0_, courseinde0_.price as price9_2_0_, courseinde0_.price_old as price_o10_2_0_, courseinde0_.qq as qq11_2_0_, courseinde0_.st as st12_2_0_, courseinde0_.studymodel as studymo13_2_0_, courseinde0_.teachmode as teachmo14_2_0_, courseinde0_.teachplan as teachpl15_2_0_, courseinde0_.timestamp as timesta16_2_0_, courseinde0_.users as users17_2_0_, courseinde0_.valid as valid18_2_0_ from course_index courseinde0_ where courseinde0_.id=? lock in share mode
2020-03-09 20:45:27.687 [main] DEBUG o.h.l.p.b.i.spaces.QuerySpacesImpl - Adding QuerySpace : uid = <gen:0> -> org.hibernate.loader.plan.build.internal.spaces.EntityQuerySpaceImpl@2bfc8558]
2020-03-09 20:45:27.687 [main] DEBUG o.h.p.w.spi.MetamodelGraphWalker - Visiting attribute path : charge
2020-03-09 20:45:27.687 [main] DEBUG o.h.p.w.spi.MetamodelGraphWalker - Visiting attribute path : description
2020-03-09 20:45:27.687 [main] DEBUG o.h.p.w.spi.MetamodelGraphWalker - Visiting attribute path : expires
2020-03-09 20:45:27.688 [main] DEBUG o.h.p.w.spi.MetamodelGraphWalker - Visiting attribute path : grade
2020-03-09 20:45:27.688 [main] DEBUG o.h.p.w.spi.MetamodelGraphWalker - Visiting attribute path : mt
2020-03-09 20:45:27.688 [main] DEBUG o.h.p.w.spi.MetamodelGraphWalker - Visiting attribute path : name
2020-03-09 20:45:27.688 [main] DEBUG o.h.p.w.spi.MetamodelGraphWalker - Visiting attribute path : pic
2020-03-09 20:45:27.688 [main] DEBUG o.h.p.w.spi.MetamodelGraphWalker - Visiting attribute path : price
2020-03-09 20:45:27.688 [main] DEBUG o.h.p.w.spi.MetamodelGraphWalker - Visiting attribute path : price_old
2020-03-09 20:45:27.688 [main] DEBUG o.h.p.w.spi.MetamodelGraphWalker - Visiting attribute path : qq
2020-03-09 20:45:27.688 [main] DEBUG o.h.p.w.spi.MetamodelGraphWalker - Visiting attribute path : st
2020-03-09 20:45:27.688 [main] DEBUG o.h.p.w.spi.MetamodelGraphWalker - Visiting attribute path : studymodel
2020-03-09 20:45:27.688 [main] DEBUG o.h.p.w.spi.MetamodelGraphWalker - Visiting attribute path : teachmode
2020-03-09 20:45:27.688 [main] DEBUG o.h.p.w.spi.MetamodelGraphWalker - Visiting attribute path : teachplan
2020-03-09 20:45:27.688 [main] DEBUG o.h.p.w.spi.MetamodelGraphWalker - Visiting attribute path : timestamp
2020-03-09 20:45:27.688 [main] DEBUG o.h.p.w.spi.MetamodelGraphWalker - Visiting attribute path : users
2020-03-09 20:45:27.688 [main] DEBUG o.h.p.w.spi.MetamodelGraphWalker - Visiting attribute path : valid
2020-03-09 20:45:27.688 [main] DEBUG o.h.l.p.b.i.FetchStyleLoadPlanBuildingAssociationVisitationStrategy - Building LoadPlan...
2020-03-09 20:45:27.688 [main] DEBUG o.h.l.p.e.i.LoadQueryJoinAndFetchProcessor - processing queryspace <gen:0>
2020-03-09 20:45:27.688 [main] DEBUG o.h.l.p.b.spi.LoadPlanTreePrinter - LoadPlan(entity=com.ningmeng.framework.domain.course.CourseIndex)
    - Returns
       - EntityReturnImpl(entity=com.ningmeng.framework.domain.course.CourseIndex, querySpaceUid=<gen:0>, path=com.ningmeng.framework.domain.course.CourseIndex)
    - QuerySpaces
       - EntityQuerySpaceImpl(uid=<gen:0>, entity=com.ningmeng.framework.domain.course.CourseIndex)
          - SQL table alias mapping - courseinde0_
          - alias suffix - 0_
          - suffixed key columns - {id1_2_0_}

2020-03-09 20:45:27.689 [main] DEBUG o.h.loader.entity.plan.EntityLoader - Static select for entity com.ningmeng.framework.domain.course.CourseIndex [PESSIMISTIC_WRITE]: select courseinde0_.id as id1_2_0_, courseinde0_.charge as charge2_2_0_, courseinde0_.description as descript3_2_0_, courseinde0_.expires as expires4_2_0_, courseinde0_.grade as grade5_2_0_, courseinde0_.mt as mt6_2_0_, courseinde0_.name as name7_2_0_, courseinde0_.pic as pic8_2_0_, courseinde0_.price as price9_2_0_, courseinde0_.price_old as price_o10_2_0_, courseinde0_.qq as qq11_2_0_, courseinde0_.st as st12_2_0_, courseinde0_.studymodel as studymo13_2_0_, courseinde0_.teachmode as teachmo14_2_0_, courseinde0_.teachplan as teachpl15_2_0_, courseinde0_.timestamp as timesta16_2_0_, courseinde0_.users as users17_2_0_, courseinde0_.valid as valid18_2_0_ from course_index courseinde0_ where courseinde0_.id=? for update
2020-03-09 20:45:27.689 [main] DEBUG o.h.l.p.b.i.spaces.QuerySpacesImpl - Adding QuerySpace : uid = <gen:0> -> org.hibernate.loader.plan.build.internal.spaces.EntityQuerySpaceImpl@42576db9]
2020-03-09 20:45:27.689 [main] DEBUG o.h.p.w.spi.MetamodelGraphWalker - Visiting attribute path : charge
2020-03-09 20:45:27.689 [main] DEBUG o.h.p.w.spi.MetamodelGraphWalker - Visiting attribute path : description
2020-03-09 20:45:27.689 [main] DEBUG o.h.p.w.spi.MetamodelGraphWalker - Visiting attribute path : expires
2020-03-09 20:45:27.689 [main] DEBUG o.h.p.w.spi.MetamodelGraphWalker - Visiting attribute path : grade
2020-03-09 20:45:27.689 [main] DEBUG o.h.p.w.spi.MetamodelGraphWalker - Visiting attribute path : mt
2020-03-09 20:45:27.689 [main] DEBUG o.h.p.w.spi.MetamodelGraphWalker - Visiting attribute path : name
2020-03-09 20:45:27.689 [main] DEBUG o.h.p.w.spi.MetamodelGraphWalker - Visiting attribute path : pic
2020-03-09 20:45:27.689 [main] DEBUG o.h.p.w.spi.MetamodelGraphWalker - Visiting attribute path : price
2020-03-09 20:45:27.689 [main] DEBUG o.h.p.w.spi.MetamodelGraphWalker - Visiting attribute path : price_old
2020-03-09 20:45:27.689 [main] DEBUG o.h.p.w.spi.MetamodelGraphWalker - Visiting attribute path : qq
2020-03-09 20:45:27.689 [main] DEBUG o.h.p.w.spi.MetamodelGraphWalker - Visiting attribute path : st
2020-03-09 20:45:27.689 [main] DEBUG o.h.p.w.spi.MetamodelGraphWalker - Visiting attribute path : studymodel
2020-03-09 20:45:27.689 [main] DEBUG o.h.p.w.spi.MetamodelGraphWalker - Visiting attribute path : teachmode
2020-03-09 20:45:27.689 [main] DEBUG o.h.p.w.spi.MetamodelGraphWalker - Visiting attribute path : teachplan
2020-03-09 20:45:27.689 [main] DEBUG o.h.p.w.spi.MetamodelGraphWalker - Visiting attribute path : timestamp
2020-03-09 20:45:27.689 [main] DEBUG o.h.p.w.spi.MetamodelGraphWalker - Visiting attribute path : users
2020-03-09 20:45:27.689 [main] DEBUG o.h.p.w.spi.MetamodelGraphWalker - Visiting attribute path : valid
2020-03-09 20:45:27.689 [main] DEBUG o.h.l.p.b.i.FetchStyleLoadPlanBuildingAssociationVisitationStrategy - Building LoadPlan...
2020-03-09 20:45:27.689 [main] DEBUG o.h.l.p.e.i.LoadQueryJoinAndFetchProcessor - processing queryspace <gen:0>
2020-03-09 20:45:27.690 [main] DEBUG o.h.l.p.b.spi.LoadPlanTreePrinter - LoadPlan(entity=com.ningmeng.framework.domain.course.CourseIndex)
    - Returns
       - EntityReturnImpl(entity=com.ningmeng.framework.domain.course.CourseIndex, querySpaceUid=<gen:0>, path=com.ningmeng.framework.domain.course.CourseIndex)
    - QuerySpaces
       - EntityQuerySpaceImpl(uid=<gen:0>, entity=com.ningmeng.framework.domain.course.CourseIndex)
          - SQL table alias mapping - courseinde0_
          - alias suffix - 0_
          - suffixed key columns - {id1_2_0_}

2020-03-09 20:45:27.690 [main] DEBUG o.h.loader.entity.plan.EntityLoader - Static select for entity com.ningmeng.framework.domain.course.CourseIndex [PESSIMISTIC_FORCE_INCREMENT]: select courseinde0_.id as id1_2_0_, courseinde0_.charge as charge2_2_0_, courseinde0_.description as descript3_2_0_, courseinde0_.expires as expires4_2_0_, courseinde0_.grade as grade5_2_0_, courseinde0_.mt as mt6_2_0_, courseinde0_.name as name7_2_0_, courseinde0_.pic as pic8_2_0_, courseinde0_.price as price9_2_0_, courseinde0_.price_old as price_o10_2_0_, courseinde0_.qq as qq11_2_0_, courseinde0_.st as st12_2_0_, courseinde0_.studymodel as studymo13_2_0_, courseinde0_.teachmode as teachmo14_2_0_, courseinde0_.teachplan as teachpl15_2_0_, courseinde0_.timestamp as timesta16_2_0_, courseinde0_.users as users17_2_0_, courseinde0_.valid as valid18_2_0_ from course_index courseinde0_ where courseinde0_.id=? for update
2020-03-09 20:45:27.690 [main] DEBUG o.h.l.p.b.i.spaces.QuerySpacesImpl - Adding QuerySpace : uid = <gen:0> -> org.hibernate.loader.plan.build.internal.spaces.EntityQuerySpaceImpl@7fac18dc]
2020-03-09 20:45:27.690 [main] DEBUG o.h.p.w.spi.MetamodelGraphWalker - Visiting attribute path : charge
2020-03-09 20:45:27.690 [main] DEBUG o.h.p.w.spi.MetamodelGraphWalker - Visiting attribute path : description
2020-03-09 20:45:27.690 [main] DEBUG o.h.p.w.spi.MetamodelGraphWalker - Visiting attribute path : expires
2020-03-09 20:45:27.690 [main] DEBUG o.h.p.w.spi.MetamodelGraphWalker - Visiting attribute path : grade
2020-03-09 20:45:27.690 [main] DEBUG o.h.p.w.spi.MetamodelGraphWalker - Visiting attribute path : mt
2020-03-09 20:45:27.690 [main] DEBUG o.h.p.w.spi.MetamodelGraphWalker - Visiting attribute path : name
2020-03-09 20:45:27.690 [main] DEBUG o.h.p.w.spi.MetamodelGraphWalker - Visiting attribute path : pic
2020-03-09 20:45:27.690 [main] DEBUG o.h.p.w.spi.MetamodelGraphWalker - Visiting attribute path : price
2020-03-09 20:45:27.690 [main] DEBUG o.h.p.w.spi.MetamodelGraphWalker - Visiting attribute path : price_old
2020-03-09 20:45:27.690 [main] DEBUG o.h.p.w.spi.MetamodelGraphWalker - Visiting attribute path : qq
2020-03-09 20:45:27.690 [main] DEBUG o.h.p.w.spi.MetamodelGraphWalker - Visiting attribute path : st
2020-03-09 20:45:27.690 [main] DEBUG o.h.p.w.spi.MetamodelGraphWalker - Visiting attribute path : studymodel
2020-03-09 20:45:27.690 [main] DEBUG o.h.p.w.spi.MetamodelGraphWalker - Visiting attribute path : teachmode
2020-03-09 20:45:27.690 [main] DEBUG o.h.p.w.spi.MetamodelGraphWalker - Visiting attribute path : teachplan
2020-03-09 20:45:27.690 [main] DEBUG o.h.p.w.spi.MetamodelGraphWalker - Visiting attribute path : timestamp
2020-03-09 20:45:27.690 [main] DEBUG o.h.p.w.spi.MetamodelGraphWalker - Visiting attribute path : users
2020-03-09 20:45:27.690 [main] DEBUG o.h.p.w.spi.MetamodelGraphWalker - Visiting attribute path : valid
2020-03-09 20:45:27.691 [main] DEBUG o.h.l.p.b.i.FetchStyleLoadPlanBuildingAssociationVisitationStrategy - Building LoadPlan...
2020-03-09 20:45:27.691 [main] DEBUG o.h.l.p.e.i.LoadQueryJoinAndFetchProcessor - processing queryspace <gen:0>
2020-03-09 20:45:27.691 [main] DEBUG o.h.l.p.b.spi.LoadPlanTreePrinter - LoadPlan(entity=com.ningmeng.framework.domain.course.CourseIndex)
    - Returns
       - EntityReturnImpl(entity=com.ningmeng.framework.domain.course.CourseIndex, querySpaceUid=<gen:0>, path=com.ningmeng.framework.domain.course.CourseIndex)
    - QuerySpaces
       - EntityQuerySpaceImpl(uid=<gen:0>, entity=com.ningmeng.framework.domain.course.CourseIndex)
          - SQL table alias mapping - courseinde0_
          - alias suffix - 0_
          - suffixed key columns - {id1_2_0_}

2020-03-09 20:45:27.691 [main] DEBUG o.h.loader.entity.plan.EntityLoader - Static select for entity com.ningmeng.framework.domain.course.CourseIndex [OPTIMISTIC]: select courseinde0_.id as id1_2_0_, courseinde0_.charge as charge2_2_0_, courseinde0_.description as descript3_2_0_, courseinde0_.expires as expires4_2_0_, courseinde0_.grade as grade5_2_0_, courseinde0_.mt as mt6_2_0_, courseinde0_.name as name7_2_0_, courseinde0_.pic as pic8_2_0_, courseinde0_.price as price9_2_0_, courseinde0_.price_old as price_o10_2_0_, courseinde0_.qq as qq11_2_0_, courseinde0_.st as st12_2_0_, courseinde0_.studymodel as studymo13_2_0_, courseinde0_.teachmode as teachmo14_2_0_, courseinde0_.teachplan as teachpl15_2_0_, courseinde0_.timestamp as timesta16_2_0_, courseinde0_.users as users17_2_0_, courseinde0_.valid as valid18_2_0_ from course_index courseinde0_ where courseinde0_.id=?
2020-03-09 20:45:27.691 [main] DEBUG o.h.l.p.b.i.spaces.QuerySpacesImpl - Adding QuerySpace : uid = <gen:0> -> org.hibernate.loader.plan.build.internal.spaces.EntityQuerySpaceImpl@29fcfc54]
2020-03-09 20:45:27.691 [main] DEBUG o.h.p.w.spi.MetamodelGraphWalker - Visiting attribute path : charge
2020-03-09 20:45:27.691 [main] DEBUG o.h.p.w.spi.MetamodelGraphWalker - Visiting attribute path : description
2020-03-09 20:45:27.691 [main] DEBUG o.h.p.w.spi.MetamodelGraphWalker - Visiting attribute path : expires
2020-03-09 20:45:27.691 [main] DEBUG o.h.p.w.spi.MetamodelGraphWalker - Visiting attribute path : grade
2020-03-09 20:45:27.692 [main] DEBUG o.h.p.w.spi.MetamodelGraphWalker - Visiting attribute path : mt
2020-03-09 20:45:27.692 [main] DEBUG o.h.p.w.spi.MetamodelGraphWalker - Visiting attribute path : name
2020-03-09 20:45:27.692 [main] DEBUG o.h.p.w.spi.MetamodelGraphWalker - Visiting attribute path : pic
2020-03-09 20:45:27.692 [main] DEBUG o.h.p.w.spi.MetamodelGraphWalker - Visiting attribute path : price
2020-03-09 20:45:27.692 [main] DEBUG o.h.p.w.spi.MetamodelGraphWalker - Visiting attribute path : price_old
2020-03-09 20:45:27.692 [main] DEBUG o.h.p.w.spi.MetamodelGraphWalker - Visiting attribute path : qq
2020-03-09 20:45:27.692 [main] DEBUG o.h.p.w.spi.MetamodelGraphWalker - Visiting attribute path : st
2020-03-09 20:45:27.692 [main] DEBUG o.h.p.w.spi.MetamodelGraphWalker - Visiting attribute path : studymodel
2020-03-09 20:45:27.692 [main] DEBUG o.h.p.w.spi.MetamodelGraphWalker - Visiting attribute path : teachmode
2020-03-09 20:45:27.692 [main] DEBUG o.h.p.w.spi.MetamodelGraphWalker - Visiting attribute path : teachplan
2020-03-09 20:45:27.692 [main] DEBUG o.h.p.w.spi.MetamodelGraphWalker - Visiting attribute path : timestamp
2020-03-09 20:45:27.692 [main] DEBUG o.h.p.w.spi.MetamodelGraphWalker - Visiting attribute path : users
2020-03-09 20:45:27.692 [main] DEBUG o.h.p.w.spi.MetamodelGraphWalker - Visiting attribute path : valid
2020-03-09 20:45:27.692 [main] DEBUG o.h.l.p.b.i.FetchStyleLoadPlanBuildingAssociationVisitationStrategy - Building LoadPlan...
2020-03-09 20:45:27.692 [main] DEBUG o.h.l.p.e.i.LoadQueryJoinAndFetchProcessor - processing queryspace <gen:0>
2020-03-09 20:45:27.692 [main] DEBUG o.h.l.p.b.spi.LoadPlanTreePrinter - LoadPlan(entity=com.ningmeng.framework.domain.course.CourseIndex)
    - Returns
       - EntityReturnImpl(entity=com.ningmeng.framework.domain.course.CourseIndex, querySpaceUid=<gen:0>, path=com.ningmeng.framework.domain.course.CourseIndex)
    - QuerySpaces
       - EntityQuerySpaceImpl(uid=<gen:0>, entity=com.ningmeng.framework.domain.course.CourseIndex)
          - SQL table alias mapping - courseinde0_
          - alias suffix - 0_
          - suffixed key columns - {id1_2_0_}

2020-03-09 20:45:27.692 [main] DEBUG o.h.loader.entity.plan.EntityLoader - Static select for entity com.ningmeng.framework.domain.course.CourseIndex [OPTIMISTIC_FORCE_INCREMENT]: select courseinde0_.id as id1_2_0_, courseinde0_.charge as charge2_2_0_, courseinde0_.description as descript3_2_0_, courseinde0_.expires as expires4_2_0_, courseinde0_.grade as grade5_2_0_, courseinde0_.mt as mt6_2_0_, courseinde0_.name as name7_2_0_, courseinde0_.pic as pic8_2_0_, courseinde0_.price as price9_2_0_, courseinde0_.price_old as price_o10_2_0_, courseinde0_.qq as qq11_2_0_, courseinde0_.st as st12_2_0_, courseinde0_.studymodel as studymo13_2_0_, courseinde0_.teachmode as teachmo14_2_0_, courseinde0_.teachplan as teachpl15_2_0_, courseinde0_.timestamp as timesta16_2_0_, courseinde0_.users as users17_2_0_, courseinde0_.valid as valid18_2_0_ from course_index courseinde0_ where courseinde0_.id=?
2020-03-09 20:45:27.692 [main] DEBUG org.hibernate.loader.Loader - Static select for action ACTION_MERGE on entity com.ningmeng.framework.domain.course.CourseIndex: select courseinde0_.id as id1_2_0_, courseinde0_.charge as charge2_2_0_, courseinde0_.description as descript3_2_0_, courseinde0_.expires as expires4_2_0_, courseinde0_.grade as grade5_2_0_, courseinde0_.mt as mt6_2_0_, courseinde0_.name as name7_2_0_, courseinde0_.pic as pic8_2_0_, courseinde0_.price as price9_2_0_, courseinde0_.price_old as price_o10_2_0_, courseinde0_.qq as qq11_2_0_, courseinde0_.st as st12_2_0_, courseinde0_.studymodel as studymo13_2_0_, courseinde0_.teachmode as teachmo14_2_0_, courseinde0_.teachplan as teachpl15_2_0_, courseinde0_.timestamp as timesta16_2_0_, courseinde0_.users as users17_2_0_, courseinde0_.valid as valid18_2_0_ from course_index courseinde0_ where courseinde0_.id=?
2020-03-09 20:45:27.692 [main] DEBUG org.hibernate.loader.Loader - Static select for action ACTION_REFRESH on entity com.ningmeng.framework.domain.course.CourseIndex: select courseinde0_.id as id1_2_0_, courseinde0_.charge as charge2_2_0_, courseinde0_.description as descript3_2_0_, courseinde0_.expires as expires4_2_0_, courseinde0_.grade as grade5_2_0_, courseinde0_.mt as mt6_2_0_, courseinde0_.name as name7_2_0_, courseinde0_.pic as pic8_2_0_, courseinde0_.price as price9_2_0_, courseinde0_.price_old as price_o10_2_0_, courseinde0_.qq as qq11_2_0_, courseinde0_.st as st12_2_0_, courseinde0_.studymodel as studymo13_2_0_, courseinde0_.teachmode as teachmo14_2_0_, courseinde0_.teachplan as teachpl15_2_0_, courseinde0_.timestamp as timesta16_2_0_, courseinde0_.users as users17_2_0_, courseinde0_.valid as valid18_2_0_ from course_index courseinde0_ where courseinde0_.id=?
2020-03-09 20:45:27.692 [main] DEBUG o.h.p.entity.AbstractEntityPersister - Static SQL for entity: com.ningmeng.framework.domain.course.CoursePub
2020-03-09 20:45:27.692 [main] DEBUG o.h.p.entity.AbstractEntityPersister -  Version select: select id from course_pub where id =?
2020-03-09 20:45:27.692 [main] DEBUG o.h.p.entity.AbstractEntityPersister -  Snapshot select: select coursepub_.id, coursepub_.charge as charge2_7_, coursepub_.description as descript3_7_, coursepub_.expires as expires4_7_, coursepub_.grade as grade5_7_, coursepub_.mt as mt6_7_, coursepub_.name as name7_7_, coursepub_.pic as pic8_7_, coursepub_.price as price9_7_, coursepub_.price_old as price_o10_7_, coursepub_.pub_time as pub_tim11_7_, coursepub_.qq as qq12_7_, coursepub_.st as st13_7_, coursepub_.studymodel as studymo14_7_, coursepub_.teachmode as teachmo15_7_, coursepub_.teachplan as teachpl16_7_, coursepub_.timestamp as timesta17_7_, coursepub_.users as users18_7_, coursepub_.valid as valid19_7_ from course_pub coursepub_ where coursepub_.id=?
2020-03-09 20:45:27.692 [main] DEBUG o.h.p.entity.AbstractEntityPersister -  Insert 0: insert into course_pub (charge, description, expires, grade, mt, name, pic, price, price_old, pub_time, qq, st, studymodel, teachmode, teachplan, timestamp, users, valid, id) values (?, ?, ?, ?, ?, ?, ?, ?, ?, ?, ?, ?, ?, ?, ?, ?, ?, ?, ?)
2020-03-09 20:45:27.692 [main] DEBUG o.h.p.entity.AbstractEntityPersister -  Update 0: update course_pub set charge=?, description=?, expires=?, grade=?, mt=?, name=?, pic=?, price=?, price_old=?, pub_time=?, qq=?, st=?, studymodel=?, teachmode=?, teachplan=?, timestamp=?, users=?, valid=? where id=?
2020-03-09 20:45:27.693 [main] DEBUG o.h.p.entity.AbstractEntityPersister -  Delete 0: delete from course_pub where id=?
2020-03-09 20:45:27.693 [main] DEBUG o.h.l.p.b.i.spaces.QuerySpacesImpl - Adding QuerySpace : uid = <gen:0> -> org.hibernate.loader.plan.build.internal.spaces.EntityQuerySpaceImpl@2a4e939a]
2020-03-09 20:45:27.693 [main] DEBUG o.h.p.w.spi.MetamodelGraphWalker - Visiting attribute path : charge
2020-03-09 20:45:27.693 [main] DEBUG o.h.p.w.spi.MetamodelGraphWalker - Visiting attribute path : description
2020-03-09 20:45:27.693 [main] DEBUG o.h.p.w.spi.MetamodelGraphWalker - Visiting attribute path : expires
2020-03-09 20:45:27.693 [main] DEBUG o.h.p.w.spi.MetamodelGraphWalker - Visiting attribute path : grade
2020-03-09 20:45:27.693 [main] DEBUG o.h.p.w.spi.MetamodelGraphWalker - Visiting attribute path : mt
2020-03-09 20:45:27.693 [main] DEBUG o.h.p.w.spi.MetamodelGraphWalker - Visiting attribute path : name
2020-03-09 20:45:27.693 [main] DEBUG o.h.p.w.spi.MetamodelGraphWalker - Visiting attribute path : pic
2020-03-09 20:45:27.693 [main] DEBUG o.h.p.w.spi.MetamodelGraphWalker - Visiting attribute path : price
2020-03-09 20:45:27.693 [main] DEBUG o.h.p.w.spi.MetamodelGraphWalker - Visiting attribute path : price_old
2020-03-09 20:45:27.693 [main] DEBUG o.h.p.w.spi.MetamodelGraphWalker - Visiting attribute path : pubTime
2020-03-09 20:45:27.693 [main] DEBUG o.h.p.w.spi.MetamodelGraphWalker - Visiting attribute path : qq
2020-03-09 20:45:27.693 [main] DEBUG o.h.p.w.spi.MetamodelGraphWalker - Visiting attribute path : st
2020-03-09 20:45:27.693 [main] DEBUG o.h.p.w.spi.MetamodelGraphWalker - Visiting attribute path : studymodel
2020-03-09 20:45:27.693 [main] DEBUG o.h.p.w.spi.MetamodelGraphWalker - Visiting attribute path : teachmode
2020-03-09 20:45:27.693 [main] DEBUG o.h.p.w.spi.MetamodelGraphWalker - Visiting attribute path : teachplan
2020-03-09 20:45:27.693 [main] DEBUG o.h.p.w.spi.MetamodelGraphWalker - Visiting attribute path : timestamp
2020-03-09 20:45:27.693 [main] DEBUG o.h.p.w.spi.MetamodelGraphWalker - Visiting attribute path : users
2020-03-09 20:45:27.693 [main] DEBUG o.h.p.w.spi.MetamodelGraphWalker - Visiting attribute path : valid
2020-03-09 20:45:27.693 [main] DEBUG o.h.l.p.b.i.FetchStyleLoadPlanBuildingAssociationVisitationStrategy - Building LoadPlan...
2020-03-09 20:45:27.694 [main] DEBUG o.h.l.p.e.i.LoadQueryJoinAndFetchProcessor - processing queryspace <gen:0>
2020-03-09 20:45:27.694 [main] DEBUG o.h.l.p.b.spi.LoadPlanTreePrinter - LoadPlan(entity=com.ningmeng.framework.domain.course.CoursePub)
    - Returns
       - EntityReturnImpl(entity=com.ningmeng.framework.domain.course.CoursePub, querySpaceUid=<gen:0>, path=com.ningmeng.framework.domain.course.CoursePub)
    - QuerySpaces
       - EntityQuerySpaceImpl(uid=<gen:0>, entity=com.ningmeng.framework.domain.course.CoursePub)
          - SQL table alias mapping - coursepub0_
          - alias suffix - 0_
          - suffixed key columns - {id1_7_0_}

2020-03-09 20:45:27.694 [main] DEBUG o.h.loader.entity.plan.EntityLoader - Static select for entity com.ningmeng.framework.domain.course.CoursePub [NONE]: select coursepub0_.id as id1_7_0_, coursepub0_.charge as charge2_7_0_, coursepub0_.description as descript3_7_0_, coursepub0_.expires as expires4_7_0_, coursepub0_.grade as grade5_7_0_, coursepub0_.mt as mt6_7_0_, coursepub0_.name as name7_7_0_, coursepub0_.pic as pic8_7_0_, coursepub0_.price as price9_7_0_, coursepub0_.price_old as price_o10_7_0_, coursepub0_.pub_time as pub_tim11_7_0_, coursepub0_.qq as qq12_7_0_, coursepub0_.st as st13_7_0_, coursepub0_.studymodel as studymo14_7_0_, coursepub0_.teachmode as teachmo15_7_0_, coursepub0_.teachplan as teachpl16_7_0_, coursepub0_.timestamp as timesta17_7_0_, coursepub0_.users as users18_7_0_, coursepub0_.valid as valid19_7_0_ from course_pub coursepub0_ where coursepub0_.id=?
2020-03-09 20:45:27.694 [main] DEBUG o.h.l.p.b.i.spaces.QuerySpacesImpl - Adding QuerySpace : uid = <gen:0> -> org.hibernate.loader.plan.build.internal.spaces.EntityQuerySpaceImpl@4f402027]
2020-03-09 20:45:27.694 [main] DEBUG o.h.p.w.spi.MetamodelGraphWalker - Visiting attribute path : charge
2020-03-09 20:45:27.694 [main] DEBUG o.h.p.w.spi.MetamodelGraphWalker - Visiting attribute path : description
2020-03-09 20:45:27.695 [main] DEBUG o.h.p.w.spi.MetamodelGraphWalker - Visiting attribute path : expires
2020-03-09 20:45:27.695 [main] DEBUG o.h.p.w.spi.MetamodelGraphWalker - Visiting attribute path : grade
2020-03-09 20:45:27.695 [main] DEBUG o.h.p.w.spi.MetamodelGraphWalker - Visiting attribute path : mt
2020-03-09 20:45:27.695 [main] DEBUG o.h.p.w.spi.MetamodelGraphWalker - Visiting attribute path : name
2020-03-09 20:45:27.695 [main] DEBUG o.h.p.w.spi.MetamodelGraphWalker - Visiting attribute path : pic
2020-03-09 20:45:27.695 [main] DEBUG o.h.p.w.spi.MetamodelGraphWalker - Visiting attribute path : price
2020-03-09 20:45:27.695 [main] DEBUG o.h.p.w.spi.MetamodelGraphWalker - Visiting attribute path : price_old
2020-03-09 20:45:27.695 [main] DEBUG o.h.p.w.spi.MetamodelGraphWalker - Visiting attribute path : pubTime
2020-03-09 20:45:27.695 [main] DEBUG o.h.p.w.spi.MetamodelGraphWalker - Visiting attribute path : qq
2020-03-09 20:45:27.695 [main] DEBUG o.h.p.w.spi.MetamodelGraphWalker - Visiting attribute path : st
2020-03-09 20:45:27.695 [main] DEBUG o.h.p.w.spi.MetamodelGraphWalker - Visiting attribute path : studymodel
2020-03-09 20:45:27.695 [main] DEBUG o.h.p.w.spi.MetamodelGraphWalker - Visiting attribute path : teachmode
2020-03-09 20:45:27.695 [main] DEBUG o.h.p.w.spi.MetamodelGraphWalker - Visiting attribute path : teachplan
2020-03-09 20:45:27.695 [main] DEBUG o.h.p.w.spi.MetamodelGraphWalker - Visiting attribute path : timestamp
2020-03-09 20:45:27.695 [main] DEBUG o.h.p.w.spi.MetamodelGraphWalker - Visiting attribute path : users
2020-03-09 20:45:27.695 [main] DEBUG o.h.p.w.spi.MetamodelGraphWalker - Visiting attribute path : valid
2020-03-09 20:45:27.695 [main] DEBUG o.h.l.p.b.i.FetchStyleLoadPlanBuildingAssociationVisitationStrategy - Building LoadPlan...
2020-03-09 20:45:27.695 [main] DEBUG o.h.l.p.e.i.LoadQueryJoinAndFetchProcessor - processing queryspace <gen:0>
2020-03-09 20:45:27.695 [main] DEBUG o.h.l.p.b.spi.LoadPlanTreePrinter - LoadPlan(entity=com.ningmeng.framework.domain.course.CoursePub)
    - Returns
       - EntityReturnImpl(entity=com.ningmeng.framework.domain.course.CoursePub, querySpaceUid=<gen:0>, path=com.ningmeng.framework.domain.course.CoursePub)
    - QuerySpaces
       - EntityQuerySpaceImpl(uid=<gen:0>, entity=com.ningmeng.framework.domain.course.CoursePub)
          - SQL table alias mapping - coursepub0_
          - alias suffix - 0_
          - suffixed key columns - {id1_7_0_}

2020-03-09 20:45:27.696 [main] DEBUG o.h.loader.entity.plan.EntityLoader - Static select for entity com.ningmeng.framework.domain.course.CoursePub [READ]: select coursepub0_.id as id1_7_0_, coursepub0_.charge as charge2_7_0_, coursepub0_.description as descript3_7_0_, coursepub0_.expires as expires4_7_0_, coursepub0_.grade as grade5_7_0_, coursepub0_.mt as mt6_7_0_, coursepub0_.name as name7_7_0_, coursepub0_.pic as pic8_7_0_, coursepub0_.price as price9_7_0_, coursepub0_.price_old as price_o10_7_0_, coursepub0_.pub_time as pub_tim11_7_0_, coursepub0_.qq as qq12_7_0_, coursepub0_.st as st13_7_0_, coursepub0_.studymodel as studymo14_7_0_, coursepub0_.teachmode as teachmo15_7_0_, coursepub0_.teachplan as teachpl16_7_0_, coursepub0_.timestamp as timesta17_7_0_, coursepub0_.users as users18_7_0_, coursepub0_.valid as valid19_7_0_ from course_pub coursepub0_ where coursepub0_.id=?
2020-03-09 20:45:27.696 [main] DEBUG o.h.l.p.b.i.spaces.QuerySpacesImpl - Adding QuerySpace : uid = <gen:0> -> org.hibernate.loader.plan.build.internal.spaces.EntityQuerySpaceImpl@7c226095]
2020-03-09 20:45:27.696 [main] DEBUG o.h.p.w.spi.MetamodelGraphWalker - Visiting attribute path : charge
2020-03-09 20:45:27.696 [main] DEBUG o.h.p.w.spi.MetamodelGraphWalker - Visiting attribute path : description
2020-03-09 20:45:27.696 [main] DEBUG o.h.p.w.spi.MetamodelGraphWalker - Visiting attribute path : expires
2020-03-09 20:45:27.696 [main] DEBUG o.h.p.w.spi.MetamodelGraphWalker - Visiting attribute path : grade
2020-03-09 20:45:27.696 [main] DEBUG o.h.p.w.spi.MetamodelGraphWalker - Visiting attribute path : mt
2020-03-09 20:45:27.696 [main] DEBUG o.h.p.w.spi.MetamodelGraphWalker - Visiting attribute path : name
2020-03-09 20:45:27.696 [main] DEBUG o.h.p.w.spi.MetamodelGraphWalker - Visiting attribute path : pic
2020-03-09 20:45:27.696 [main] DEBUG o.h.p.w.spi.MetamodelGraphWalker - Visiting attribute path : price
2020-03-09 20:45:27.696 [main] DEBUG o.h.p.w.spi.MetamodelGraphWalker - Visiting attribute path : price_old
2020-03-09 20:45:27.696 [main] DEBUG o.h.p.w.spi.MetamodelGraphWalker - Visiting attribute path : pubTime
2020-03-09 20:45:27.696 [main] DEBUG o.h.p.w.spi.MetamodelGraphWalker - Visiting attribute path : qq
2020-03-09 20:45:27.696 [main] DEBUG o.h.p.w.spi.MetamodelGraphWalker - Visiting attribute path : st
2020-03-09 20:45:27.696 [main] DEBUG o.h.p.w.spi.MetamodelGraphWalker - Visiting attribute path : studymodel
2020-03-09 20:45:27.696 [main] DEBUG o.h.p.w.spi.MetamodelGraphWalker - Visiting attribute path : teachmode
2020-03-09 20:45:27.696 [main] DEBUG o.h.p.w.spi.MetamodelGraphWalker - Visiting attribute path : teachplan
2020-03-09 20:45:27.696 [main] DEBUG o.h.p.w.spi.MetamodelGraphWalker - Visiting attribute path : timestamp
2020-03-09 20:45:27.696 [main] DEBUG o.h.p.w.spi.MetamodelGraphWalker - Visiting attribute path : users
2020-03-09 20:45:27.696 [main] DEBUG o.h.p.w.spi.MetamodelGraphWalker - Visiting attribute path : valid
2020-03-09 20:45:27.696 [main] DEBUG o.h.l.p.b.i.FetchStyleLoadPlanBuildingAssociationVisitationStrategy - Building LoadPlan...
2020-03-09 20:45:27.696 [main] DEBUG o.h.l.p.e.i.LoadQueryJoinAndFetchProcessor - processing queryspace <gen:0>
2020-03-09 20:45:27.697 [main] DEBUG o.h.l.p.b.spi.LoadPlanTreePrinter - LoadPlan(entity=com.ningmeng.framework.domain.course.CoursePub)
    - Returns
       - EntityReturnImpl(entity=com.ningmeng.framework.domain.course.CoursePub, querySpaceUid=<gen:0>, path=com.ningmeng.framework.domain.course.CoursePub)
    - QuerySpaces
       - EntityQuerySpaceImpl(uid=<gen:0>, entity=com.ningmeng.framework.domain.course.CoursePub)
          - SQL table alias mapping - coursepub0_
          - alias suffix - 0_
          - suffixed key columns - {id1_7_0_}

2020-03-09 20:45:27.697 [main] DEBUG o.h.loader.entity.plan.EntityLoader - Static select for entity com.ningmeng.framework.domain.course.CoursePub [UPGRADE]: select coursepub0_.id as id1_7_0_, coursepub0_.charge as charge2_7_0_, coursepub0_.description as descript3_7_0_, coursepub0_.expires as expires4_7_0_, coursepub0_.grade as grade5_7_0_, coursepub0_.mt as mt6_7_0_, coursepub0_.name as name7_7_0_, coursepub0_.pic as pic8_7_0_, coursepub0_.price as price9_7_0_, coursepub0_.price_old as price_o10_7_0_, coursepub0_.pub_time as pub_tim11_7_0_, coursepub0_.qq as qq12_7_0_, coursepub0_.st as st13_7_0_, coursepub0_.studymodel as studymo14_7_0_, coursepub0_.teachmode as teachmo15_7_0_, coursepub0_.teachplan as teachpl16_7_0_, coursepub0_.timestamp as timesta17_7_0_, coursepub0_.users as users18_7_0_, coursepub0_.valid as valid19_7_0_ from course_pub coursepub0_ where coursepub0_.id=? for update
2020-03-09 20:45:27.697 [main] DEBUG o.h.l.p.b.i.spaces.QuerySpacesImpl - Adding QuerySpace : uid = <gen:0> -> org.hibernate.loader.plan.build.internal.spaces.EntityQuerySpaceImpl@30af23fd]
2020-03-09 20:45:27.697 [main] DEBUG o.h.p.w.spi.MetamodelGraphWalker - Visiting attribute path : charge
2020-03-09 20:45:27.697 [main] DEBUG o.h.p.w.spi.MetamodelGraphWalker - Visiting attribute path : description
2020-03-09 20:45:27.697 [main] DEBUG o.h.p.w.spi.MetamodelGraphWalker - Visiting attribute path : expires
2020-03-09 20:45:27.697 [main] DEBUG o.h.p.w.spi.MetamodelGraphWalker - Visiting attribute path : grade
2020-03-09 20:45:27.697 [main] DEBUG o.h.p.w.spi.MetamodelGraphWalker - Visiting attribute path : mt
2020-03-09 20:45:27.697 [main] DEBUG o.h.p.w.spi.MetamodelGraphWalker - Visiting attribute path : name
2020-03-09 20:45:27.697 [main] DEBUG o.h.p.w.spi.MetamodelGraphWalker - Visiting attribute path : pic
2020-03-09 20:45:27.697 [main] DEBUG o.h.p.w.spi.MetamodelGraphWalker - Visiting attribute path : price
2020-03-09 20:45:27.697 [main] DEBUG o.h.p.w.spi.MetamodelGraphWalker - Visiting attribute path : price_old
2020-03-09 20:45:27.697 [main] DEBUG o.h.p.w.spi.MetamodelGraphWalker - Visiting attribute path : pubTime
2020-03-09 20:45:27.697 [main] DEBUG o.h.p.w.spi.MetamodelGraphWalker - Visiting attribute path : qq
2020-03-09 20:45:27.720 [main] DEBUG o.h.p.w.spi.MetamodelGraphWalker - Visiting attribute path : st
2020-03-09 20:45:27.720 [main] DEBUG o.h.p.w.spi.MetamodelGraphWalker - Visiting attribute path : studymodel
2020-03-09 20:45:27.720 [main] DEBUG o.h.p.w.spi.MetamodelGraphWalker - Visiting attribute path : teachmode
2020-03-09 20:45:27.720 [main] DEBUG o.h.p.w.spi.MetamodelGraphWalker - Visiting attribute path : teachplan
2020-03-09 20:45:27.720 [main] DEBUG o.h.p.w.spi.MetamodelGraphWalker - Visiting attribute path : timestamp
2020-03-09 20:45:27.721 [main] DEBUG o.h.p.w.spi.MetamodelGraphWalker - Visiting attribute path : users
2020-03-09 20:45:27.721 [main] DEBUG o.h.p.w.spi.MetamodelGraphWalker - Visiting attribute path : valid
2020-03-09 20:45:27.721 [main] DEBUG o.h.l.p.b.i.FetchStyleLoadPlanBuildingAssociationVisitationStrategy - Building LoadPlan...
2020-03-09 20:45:27.721 [main] DEBUG o.h.l.p.e.i.LoadQueryJoinAndFetchProcessor - processing queryspace <gen:0>
2020-03-09 20:45:27.721 [main] DEBUG o.h.l.p.b.spi.LoadPlanTreePrinter - LoadPlan(entity=com.ningmeng.framework.domain.course.CoursePub)
    - Returns
       - EntityReturnImpl(entity=com.ningmeng.framework.domain.course.CoursePub, querySpaceUid=<gen:0>, path=com.ningmeng.framework.domain.course.CoursePub)
    - QuerySpaces
       - EntityQuerySpaceImpl(uid=<gen:0>, entity=com.ningmeng.framework.domain.course.CoursePub)
          - SQL table alias mapping - coursepub0_
          - alias suffix - 0_
          - suffixed key columns - {id1_7_0_}

2020-03-09 20:45:27.721 [main] DEBUG o.h.loader.entity.plan.EntityLoader - Static select for entity com.ningmeng.framework.domain.course.CoursePub [UPGRADE_NOWAIT]: select coursepub0_.id as id1_7_0_, coursepub0_.charge as charge2_7_0_, coursepub0_.description as descript3_7_0_, coursepub0_.expires as expires4_7_0_, coursepub0_.grade as grade5_7_0_, coursepub0_.mt as mt6_7_0_, coursepub0_.name as name7_7_0_, coursepub0_.pic as pic8_7_0_, coursepub0_.price as price9_7_0_, coursepub0_.price_old as price_o10_7_0_, coursepub0_.pub_time as pub_tim11_7_0_, coursepub0_.qq as qq12_7_0_, coursepub0_.st as st13_7_0_, coursepub0_.studymodel as studymo14_7_0_, coursepub0_.teachmode as teachmo15_7_0_, coursepub0_.teachplan as teachpl16_7_0_, coursepub0_.timestamp as timesta17_7_0_, coursepub0_.users as users18_7_0_, coursepub0_.valid as valid19_7_0_ from course_pub coursepub0_ where coursepub0_.id=? for update
2020-03-09 20:45:27.721 [main] DEBUG o.h.l.p.b.i.spaces.QuerySpacesImpl - Adding QuerySpace : uid = <gen:0> -> org.hibernate.loader.plan.build.internal.spaces.EntityQuerySpaceImpl@a357c3e]
2020-03-09 20:45:27.721 [main] DEBUG o.h.p.w.spi.MetamodelGraphWalker - Visiting attribute path : charge
2020-03-09 20:45:27.721 [main] DEBUG o.h.p.w.spi.MetamodelGraphWalker - Visiting attribute path : description
2020-03-09 20:45:27.721 [main] DEBUG o.h.p.w.spi.MetamodelGraphWalker - Visiting attribute path : expires
2020-03-09 20:45:27.722 [main] DEBUG o.h.p.w.spi.MetamodelGraphWalker - Visiting attribute path : grade
2020-03-09 20:45:27.722 [main] DEBUG o.h.p.w.spi.MetamodelGraphWalker - Visiting attribute path : mt
2020-03-09 20:45:27.722 [main] DEBUG o.h.p.w.spi.MetamodelGraphWalker - Visiting attribute path : name
2020-03-09 20:45:27.722 [main] DEBUG o.h.p.w.spi.MetamodelGraphWalker - Visiting attribute path : pic
2020-03-09 20:45:27.722 [main] DEBUG o.h.p.w.spi.MetamodelGraphWalker - Visiting attribute path : price
2020-03-09 20:45:27.722 [main] DEBUG o.h.p.w.spi.MetamodelGraphWalker - Visiting attribute path : price_old
2020-03-09 20:45:27.722 [main] DEBUG o.h.p.w.spi.MetamodelGraphWalker - Visiting attribute path : pubTime
2020-03-09 20:45:27.722 [main] DEBUG o.h.p.w.spi.MetamodelGraphWalker - Visiting attribute path : qq
2020-03-09 20:45:27.722 [main] DEBUG o.h.p.w.spi.MetamodelGraphWalker - Visiting attribute path : st
2020-03-09 20:45:27.722 [main] DEBUG o.h.p.w.spi.MetamodelGraphWalker - Visiting attribute path : studymodel
2020-03-09 20:45:27.722 [main] DEBUG o.h.p.w.spi.MetamodelGraphWalker - Visiting attribute path : teachmode
2020-03-09 20:45:27.722 [main] DEBUG o.h.p.w.spi.MetamodelGraphWalker - Visiting attribute path : teachplan
2020-03-09 20:45:27.722 [main] DEBUG o.h.p.w.spi.MetamodelGraphWalker - Visiting attribute path : timestamp
2020-03-09 20:45:27.722 [main] DEBUG o.h.p.w.spi.MetamodelGraphWalker - Visiting attribute path : users
2020-03-09 20:45:27.722 [main] DEBUG o.h.p.w.spi.MetamodelGraphWalker - Visiting attribute path : valid
2020-03-09 20:45:27.722 [main] DEBUG o.h.l.p.b.i.FetchStyleLoadPlanBuildingAssociationVisitationStrategy - Building LoadPlan...
2020-03-09 20:45:27.722 [main] DEBUG o.h.l.p.e.i.LoadQueryJoinAndFetchProcessor - processing queryspace <gen:0>
2020-03-09 20:45:27.722 [main] DEBUG o.h.l.p.b.spi.LoadPlanTreePrinter - LoadPlan(entity=com.ningmeng.framework.domain.course.CoursePub)
    - Returns
       - EntityReturnImpl(entity=com.ningmeng.framework.domain.course.CoursePub, querySpaceUid=<gen:0>, path=com.ningmeng.framework.domain.course.CoursePub)
    - QuerySpaces
       - EntityQuerySpaceImpl(uid=<gen:0>, entity=com.ningmeng.framework.domain.course.CoursePub)
          - SQL table alias mapping - coursepub0_
          - alias suffix - 0_
          - suffixed key columns - {id1_7_0_}

2020-03-09 20:45:27.722 [main] DEBUG o.h.loader.entity.plan.EntityLoader - Static select for entity com.ningmeng.framework.domain.course.CoursePub [UPGRADE_SKIPLOCKED]: select coursepub0_.id as id1_7_0_, coursepub0_.charge as charge2_7_0_, coursepub0_.description as descript3_7_0_, coursepub0_.expires as expires4_7_0_, coursepub0_.grade as grade5_7_0_, coursepub0_.mt as mt6_7_0_, coursepub0_.name as name7_7_0_, coursepub0_.pic as pic8_7_0_, coursepub0_.price as price9_7_0_, coursepub0_.price_old as price_o10_7_0_, coursepub0_.pub_time as pub_tim11_7_0_, coursepub0_.qq as qq12_7_0_, coursepub0_.st as st13_7_0_, coursepub0_.studymodel as studymo14_7_0_, coursepub0_.teachmode as teachmo15_7_0_, coursepub0_.teachplan as teachpl16_7_0_, coursepub0_.timestamp as timesta17_7_0_, coursepub0_.users as users18_7_0_, coursepub0_.valid as valid19_7_0_ from course_pub coursepub0_ where coursepub0_.id=? for update
2020-03-09 20:45:27.723 [main] DEBUG o.h.l.p.b.i.spaces.QuerySpacesImpl - Adding QuerySpace : uid = <gen:0> -> org.hibernate.loader.plan.build.internal.spaces.EntityQuerySpaceImpl@3eb9c575]
2020-03-09 20:45:27.723 [main] DEBUG o.h.p.w.spi.MetamodelGraphWalker - Visiting attribute path : charge
2020-03-09 20:45:27.723 [main] DEBUG o.h.p.w.spi.MetamodelGraphWalker - Visiting attribute path : description
2020-03-09 20:45:27.723 [main] DEBUG o.h.p.w.spi.MetamodelGraphWalker - Visiting attribute path : expires
2020-03-09 20:45:27.723 [main] DEBUG o.h.p.w.spi.MetamodelGraphWalker - Visiting attribute path : grade
2020-03-09 20:45:27.723 [main] DEBUG o.h.p.w.spi.MetamodelGraphWalker - Visiting attribute path : mt
2020-03-09 20:45:27.723 [main] DEBUG o.h.p.w.spi.MetamodelGraphWalker - Visiting attribute path : name
2020-03-09 20:45:27.723 [main] DEBUG o.h.p.w.spi.MetamodelGraphWalker - Visiting attribute path : pic
2020-03-09 20:45:27.723 [main] DEBUG o.h.p.w.spi.MetamodelGraphWalker - Visiting attribute path : price
2020-03-09 20:45:27.723 [main] DEBUG o.h.p.w.spi.MetamodelGraphWalker - Visiting attribute path : price_old
2020-03-09 20:45:27.723 [main] DEBUG o.h.p.w.spi.MetamodelGraphWalker - Visiting attribute path : pubTime
2020-03-09 20:45:27.723 [main] DEBUG o.h.p.w.spi.MetamodelGraphWalker - Visiting attribute path : qq
2020-03-09 20:45:27.723 [main] DEBUG o.h.p.w.spi.MetamodelGraphWalker - Visiting attribute path : st
2020-03-09 20:45:27.723 [main] DEBUG o.h.p.w.spi.MetamodelGraphWalker - Visiting attribute path : studymodel
2020-03-09 20:45:27.723 [main] DEBUG o.h.p.w.spi.MetamodelGraphWalker - Visiting attribute path : teachmode
2020-03-09 20:45:27.723 [main] DEBUG o.h.p.w.spi.MetamodelGraphWalker - Visiting attribute path : teachplan
2020-03-09 20:45:27.723 [main] DEBUG o.h.p.w.spi.MetamodelGraphWalker - Visiting attribute path : timestamp
2020-03-09 20:45:27.723 [main] DEBUG o.h.p.w.spi.MetamodelGraphWalker - Visiting attribute path : users
2020-03-09 20:45:27.723 [main] DEBUG o.h.p.w.spi.MetamodelGraphWalker - Visiting attribute path : valid
2020-03-09 20:45:27.723 [main] DEBUG o.h.l.p.b.i.FetchStyleLoadPlanBuildingAssociationVisitationStrategy - Building LoadPlan...
2020-03-09 20:45:27.723 [main] DEBUG o.h.l.p.e.i.LoadQueryJoinAndFetchProcessor - processing queryspace <gen:0>
2020-03-09 20:45:27.723 [main] DEBUG o.h.l.p.b.spi.LoadPlanTreePrinter - LoadPlan(entity=com.ningmeng.framework.domain.course.CoursePub)
    - Returns
       - EntityReturnImpl(entity=com.ningmeng.framework.domain.course.CoursePub, querySpaceUid=<gen:0>, path=com.ningmeng.framework.domain.course.CoursePub)
    - QuerySpaces
       - EntityQuerySpaceImpl(uid=<gen:0>, entity=com.ningmeng.framework.domain.course.CoursePub)
          - SQL table alias mapping - coursepub0_
          - alias suffix - 0_
          - suffixed key columns - {id1_7_0_}

2020-03-09 20:45:27.723 [main] DEBUG o.h.loader.entity.plan.EntityLoader - Static select for entity com.ningmeng.framework.domain.course.CoursePub [FORCE]: select coursepub0_.id as id1_7_0_, coursepub0_.charge as charge2_7_0_, coursepub0_.description as descript3_7_0_, coursepub0_.expires as expires4_7_0_, coursepub0_.grade as grade5_7_0_, coursepub0_.mt as mt6_7_0_, coursepub0_.name as name7_7_0_, coursepub0_.pic as pic8_7_0_, coursepub0_.price as price9_7_0_, coursepub0_.price_old as price_o10_7_0_, coursepub0_.pub_time as pub_tim11_7_0_, coursepub0_.qq as qq12_7_0_, coursepub0_.st as st13_7_0_, coursepub0_.studymodel as studymo14_7_0_, coursepub0_.teachmode as teachmo15_7_0_, coursepub0_.teachplan as teachpl16_7_0_, coursepub0_.timestamp as timesta17_7_0_, coursepub0_.users as users18_7_0_, coursepub0_.valid as valid19_7_0_ from course_pub coursepub0_ where coursepub0_.id=? for update
2020-03-09 20:45:27.723 [main] DEBUG o.h.l.p.b.i.spaces.QuerySpacesImpl - Adding QuerySpace : uid = <gen:0> -> org.hibernate.loader.plan.build.internal.spaces.EntityQuerySpaceImpl@1e477944]
2020-03-09 20:45:27.724 [main] DEBUG o.h.p.w.spi.MetamodelGraphWalker - Visiting attribute path : charge
2020-03-09 20:45:27.724 [main] DEBUG o.h.p.w.spi.MetamodelGraphWalker - Visiting attribute path : description
2020-03-09 20:45:27.724 [main] DEBUG o.h.p.w.spi.MetamodelGraphWalker - Visiting attribute path : expires
2020-03-09 20:45:27.724 [main] DEBUG o.h.p.w.spi.MetamodelGraphWalker - Visiting attribute path : grade
2020-03-09 20:45:27.724 [main] DEBUG o.h.p.w.spi.MetamodelGraphWalker - Visiting attribute path : mt
2020-03-09 20:45:27.724 [main] DEBUG o.h.p.w.spi.MetamodelGraphWalker - Visiting attribute path : name
2020-03-09 20:45:27.724 [main] DEBUG o.h.p.w.spi.MetamodelGraphWalker - Visiting attribute path : pic
2020-03-09 20:45:27.724 [main] DEBUG o.h.p.w.spi.MetamodelGraphWalker - Visiting attribute path : price
2020-03-09 20:45:27.724 [main] DEBUG o.h.p.w.spi.MetamodelGraphWalker - Visiting attribute path : price_old
2020-03-09 20:45:27.724 [main] DEBUG o.h.p.w.spi.MetamodelGraphWalker - Visiting attribute path : pubTime
2020-03-09 20:45:27.724 [main] DEBUG o.h.p.w.spi.MetamodelGraphWalker - Visiting attribute path : qq
2020-03-09 20:45:27.724 [main] DEBUG o.h.p.w.spi.MetamodelGraphWalker - Visiting attribute path : st
2020-03-09 20:45:27.724 [main] DEBUG o.h.p.w.spi.MetamodelGraphWalker - Visiting attribute path : studymodel
2020-03-09 20:45:27.724 [main] DEBUG o.h.p.w.spi.MetamodelGraphWalker - Visiting attribute path : teachmode
2020-03-09 20:45:27.724 [main] DEBUG o.h.p.w.spi.MetamodelGraphWalker - Visiting attribute path : teachplan
2020-03-09 20:45:27.724 [main] DEBUG o.h.p.w.spi.MetamodelGraphWalker - Visiting attribute path : timestamp
2020-03-09 20:45:27.724 [main] DEBUG o.h.p.w.spi.MetamodelGraphWalker - Visiting attribute path : users
2020-03-09 20:45:27.724 [main] DEBUG o.h.p.w.spi.MetamodelGraphWalker - Visiting attribute path : valid
2020-03-09 20:45:27.724 [main] DEBUG o.h.l.p.b.i.FetchStyleLoadPlanBuildingAssociationVisitationStrategy - Building LoadPlan...
2020-03-09 20:45:27.724 [main] DEBUG o.h.l.p.e.i.LoadQueryJoinAndFetchProcessor - processing queryspace <gen:0>
2020-03-09 20:45:27.724 [main] DEBUG o.h.l.p.b.spi.LoadPlanTreePrinter - LoadPlan(entity=com.ningmeng.framework.domain.course.CoursePub)
    - Returns
       - EntityReturnImpl(entity=com.ningmeng.framework.domain.course.CoursePub, querySpaceUid=<gen:0>, path=com.ningmeng.framework.domain.course.CoursePub)
    - QuerySpaces
       - EntityQuerySpaceImpl(uid=<gen:0>, entity=com.ningmeng.framework.domain.course.CoursePub)
          - SQL table alias mapping - coursepub0_
          - alias suffix - 0_
          - suffixed key columns - {id1_7_0_}

2020-03-09 20:45:27.725 [main] DEBUG o.h.loader.entity.plan.EntityLoader - Static select for entity com.ningmeng.framework.domain.course.CoursePub [PESSIMISTIC_READ]: select coursepub0_.id as id1_7_0_, coursepub0_.charge as charge2_7_0_, coursepub0_.description as descript3_7_0_, coursepub0_.expires as expires4_7_0_, coursepub0_.grade as grade5_7_0_, coursepub0_.mt as mt6_7_0_, coursepub0_.name as name7_7_0_, coursepub0_.pic as pic8_7_0_, coursepub0_.price as price9_7_0_, coursepub0_.price_old as price_o10_7_0_, coursepub0_.pub_time as pub_tim11_7_0_, coursepub0_.qq as qq12_7_0_, coursepub0_.st as st13_7_0_, coursepub0_.studymodel as studymo14_7_0_, coursepub0_.teachmode as teachmo15_7_0_, coursepub0_.teachplan as teachpl16_7_0_, coursepub0_.timestamp as timesta17_7_0_, coursepub0_.users as users18_7_0_, coursepub0_.valid as valid19_7_0_ from course_pub coursepub0_ where coursepub0_.id=? lock in share mode
2020-03-09 20:45:27.725 [main] DEBUG o.h.l.p.b.i.spaces.QuerySpacesImpl - Adding QuerySpace : uid = <gen:0> -> org.hibernate.loader.plan.build.internal.spaces.EntityQuerySpaceImpl@1c92a549]
2020-03-09 20:45:27.725 [main] DEBUG o.h.p.w.spi.MetamodelGraphWalker - Visiting attribute path : charge
2020-03-09 20:45:27.725 [main] DEBUG o.h.p.w.spi.MetamodelGraphWalker - Visiting attribute path : description
2020-03-09 20:45:27.725 [main] DEBUG o.h.p.w.spi.MetamodelGraphWalker - Visiting attribute path : expires
2020-03-09 20:45:27.725 [main] DEBUG o.h.p.w.spi.MetamodelGraphWalker - Visiting attribute path : grade
2020-03-09 20:45:27.725 [main] DEBUG o.h.p.w.spi.MetamodelGraphWalker - Visiting attribute path : mt
2020-03-09 20:45:27.725 [main] DEBUG o.h.p.w.spi.MetamodelGraphWalker - Visiting attribute path : name
2020-03-09 20:45:27.725 [main] DEBUG o.h.p.w.spi.MetamodelGraphWalker - Visiting attribute path : pic
2020-03-09 20:45:27.725 [main] DEBUG o.h.p.w.spi.MetamodelGraphWalker - Visiting attribute path : price
2020-03-09 20:45:27.725 [main] DEBUG o.h.p.w.spi.MetamodelGraphWalker - Visiting attribute path : price_old
2020-03-09 20:45:27.725 [main] DEBUG o.h.p.w.spi.MetamodelGraphWalker - Visiting attribute path : pubTime
2020-03-09 20:45:27.725 [main] DEBUG o.h.p.w.spi.MetamodelGraphWalker - Visiting attribute path : qq
2020-03-09 20:45:27.725 [main] DEBUG o.h.p.w.spi.MetamodelGraphWalker - Visiting attribute path : st
2020-03-09 20:45:27.725 [main] DEBUG o.h.p.w.spi.MetamodelGraphWalker - Visiting attribute path : studymodel
2020-03-09 20:45:27.725 [main] DEBUG o.h.p.w.spi.MetamodelGraphWalker - Visiting attribute path : teachmode
2020-03-09 20:45:27.725 [main] DEBUG o.h.p.w.spi.MetamodelGraphWalker - Visiting attribute path : teachplan
2020-03-09 20:45:27.725 [main] DEBUG o.h.p.w.spi.MetamodelGraphWalker - Visiting attribute path : timestamp
2020-03-09 20:45:27.725 [main] DEBUG o.h.p.w.spi.MetamodelGraphWalker - Visiting attribute path : users
2020-03-09 20:45:27.725 [main] DEBUG o.h.p.w.spi.MetamodelGraphWalker - Visiting attribute path : valid
2020-03-09 20:45:27.725 [main] DEBUG o.h.l.p.b.i.FetchStyleLoadPlanBuildingAssociationVisitationStrategy - Building LoadPlan...
2020-03-09 20:45:27.726 [main] DEBUG o.h.l.p.e.i.LoadQueryJoinAndFetchProcessor - processing queryspace <gen:0>
2020-03-09 20:45:27.726 [main] DEBUG o.h.l.p.b.spi.LoadPlanTreePrinter - LoadPlan(entity=com.ningmeng.framework.domain.course.CoursePub)
    - Returns
       - EntityReturnImpl(entity=com.ningmeng.framework.domain.course.CoursePub, querySpaceUid=<gen:0>, path=com.ningmeng.framework.domain.course.CoursePub)
    - QuerySpaces
       - EntityQuerySpaceImpl(uid=<gen:0>, entity=com.ningmeng.framework.domain.course.CoursePub)
          - SQL table alias mapping - coursepub0_
          - alias suffix - 0_
          - suffixed key columns - {id1_7_0_}

2020-03-09 20:45:27.726 [main] DEBUG o.h.loader.entity.plan.EntityLoader - Static select for entity com.ningmeng.framework.domain.course.CoursePub [PESSIMISTIC_WRITE]: select coursepub0_.id as id1_7_0_, coursepub0_.charge as charge2_7_0_, coursepub0_.description as descript3_7_0_, coursepub0_.expires as expires4_7_0_, coursepub0_.grade as grade5_7_0_, coursepub0_.mt as mt6_7_0_, coursepub0_.name as name7_7_0_, coursepub0_.pic as pic8_7_0_, coursepub0_.price as price9_7_0_, coursepub0_.price_old as price_o10_7_0_, coursepub0_.pub_time as pub_tim11_7_0_, coursepub0_.qq as qq12_7_0_, coursepub0_.st as st13_7_0_, coursepub0_.studymodel as studymo14_7_0_, coursepub0_.teachmode as teachmo15_7_0_, coursepub0_.teachplan as teachpl16_7_0_, coursepub0_.timestamp as timesta17_7_0_, coursepub0_.users as users18_7_0_, coursepub0_.valid as valid19_7_0_ from course_pub coursepub0_ where coursepub0_.id=? for update
2020-03-09 20:45:27.727 [main] DEBUG o.h.l.p.b.i.spaces.QuerySpacesImpl - Adding QuerySpace : uid = <gen:0> -> org.hibernate.loader.plan.build.internal.spaces.EntityQuerySpaceImpl@1716c037]
2020-03-09 20:45:27.727 [main] DEBUG o.h.p.w.spi.MetamodelGraphWalker - Visiting attribute path : charge
2020-03-09 20:45:27.727 [main] DEBUG o.h.p.w.spi.MetamodelGraphWalker - Visiting attribute path : description
2020-03-09 20:45:27.727 [main] DEBUG o.h.p.w.spi.MetamodelGraphWalker - Visiting attribute path : expires
2020-03-09 20:45:27.727 [main] DEBUG o.h.p.w.spi.MetamodelGraphWalker - Visiting attribute path : grade
2020-03-09 20:45:27.727 [main] DEBUG o.h.p.w.spi.MetamodelGraphWalker - Visiting attribute path : mt
2020-03-09 20:45:27.727 [main] DEBUG o.h.p.w.spi.MetamodelGraphWalker - Visiting attribute path : name
2020-03-09 20:45:27.727 [main] DEBUG o.h.p.w.spi.MetamodelGraphWalker - Visiting attribute path : pic
2020-03-09 20:45:27.727 [main] DEBUG o.h.p.w.spi.MetamodelGraphWalker - Visiting attribute path : price
2020-03-09 20:45:27.727 [main] DEBUG o.h.p.w.spi.MetamodelGraphWalker - Visiting attribute path : price_old
2020-03-09 20:45:27.727 [main] DEBUG o.h.p.w.spi.MetamodelGraphWalker - Visiting attribute path : pubTime
2020-03-09 20:45:27.727 [main] DEBUG o.h.p.w.spi.MetamodelGraphWalker - Visiting attribute path : qq
2020-03-09 20:45:27.727 [main] DEBUG o.h.p.w.spi.MetamodelGraphWalker - Visiting attribute path : st
2020-03-09 20:45:27.727 [main] DEBUG o.h.p.w.spi.MetamodelGraphWalker - Visiting attribute path : studymodel
2020-03-09 20:45:27.727 [main] DEBUG o.h.p.w.spi.MetamodelGraphWalker - Visiting attribute path : teachmode
2020-03-09 20:45:27.727 [main] DEBUG o.h.p.w.spi.MetamodelGraphWalker - Visiting attribute path : teachplan
2020-03-09 20:45:27.727 [main] DEBUG o.h.p.w.spi.MetamodelGraphWalker - Visiting attribute path : timestamp
2020-03-09 20:45:27.727 [main] DEBUG o.h.p.w.spi.MetamodelGraphWalker - Visiting attribute path : users
2020-03-09 20:45:27.727 [main] DEBUG o.h.p.w.spi.MetamodelGraphWalker - Visiting attribute path : valid
2020-03-09 20:45:27.727 [main] DEBUG o.h.l.p.b.i.FetchStyleLoadPlanBuildingAssociationVisitationStrategy - Building LoadPlan...
2020-03-09 20:45:27.728 [main] DEBUG o.h.l.p.e.i.LoadQueryJoinAndFetchProcessor - processing queryspace <gen:0>
2020-03-09 20:45:27.728 [main] DEBUG o.h.l.p.b.spi.LoadPlanTreePrinter - LoadPlan(entity=com.ningmeng.framework.domain.course.CoursePub)
    - Returns
       - EntityReturnImpl(entity=com.ningmeng.framework.domain.course.CoursePub, querySpaceUid=<gen:0>, path=com.ningmeng.framework.domain.course.CoursePub)
    - QuerySpaces
       - EntityQuerySpaceImpl(uid=<gen:0>, entity=com.ningmeng.framework.domain.course.CoursePub)
          - SQL table alias mapping - coursepub0_
          - alias suffix - 0_
          - suffixed key columns - {id1_7_0_}

2020-03-09 20:45:27.728 [main] DEBUG o.h.loader.entity.plan.EntityLoader - Static select for entity com.ningmeng.framework.domain.course.CoursePub [PESSIMISTIC_FORCE_INCREMENT]: select coursepub0_.id as id1_7_0_, coursepub0_.charge as charge2_7_0_, coursepub0_.description as descript3_7_0_, coursepub0_.expires as expires4_7_0_, coursepub0_.grade as grade5_7_0_, coursepub0_.mt as mt6_7_0_, coursepub0_.name as name7_7_0_, coursepub0_.pic as pic8_7_0_, coursepub0_.price as price9_7_0_, coursepub0_.price_old as price_o10_7_0_, coursepub0_.pub_time as pub_tim11_7_0_, coursepub0_.qq as qq12_7_0_, coursepub0_.st as st13_7_0_, coursepub0_.studymodel as studymo14_7_0_, coursepub0_.teachmode as teachmo15_7_0_, coursepub0_.teachplan as teachpl16_7_0_, coursepub0_.timestamp as timesta17_7_0_, coursepub0_.users as users18_7_0_, coursepub0_.valid as valid19_7_0_ from course_pub coursepub0_ where coursepub0_.id=? for update
2020-03-09 20:45:27.728 [main] DEBUG o.h.l.p.b.i.spaces.QuerySpacesImpl - Adding QuerySpace : uid = <gen:0> -> org.hibernate.loader.plan.build.internal.spaces.EntityQuerySpaceImpl@708769b7]
2020-03-09 20:45:27.728 [main] DEBUG o.h.p.w.spi.MetamodelGraphWalker - Visiting attribute path : charge
2020-03-09 20:45:27.728 [main] DEBUG o.h.p.w.spi.MetamodelGraphWalker - Visiting attribute path : description
2020-03-09 20:45:27.728 [main] DEBUG o.h.p.w.spi.MetamodelGraphWalker - Visiting attribute path : expires
2020-03-09 20:45:27.728 [main] DEBUG o.h.p.w.spi.MetamodelGraphWalker - Visiting attribute path : grade
2020-03-09 20:45:27.728 [main] DEBUG o.h.p.w.spi.MetamodelGraphWalker - Visiting attribute path : mt
2020-03-09 20:45:27.728 [main] DEBUG o.h.p.w.spi.MetamodelGraphWalker - Visiting attribute path : name
2020-03-09 20:45:27.728 [main] DEBUG o.h.p.w.spi.MetamodelGraphWalker - Visiting attribute path : pic
2020-03-09 20:45:27.728 [main] DEBUG o.h.p.w.spi.MetamodelGraphWalker - Visiting attribute path : price
2020-03-09 20:45:27.728 [main] DEBUG o.h.p.w.spi.MetamodelGraphWalker - Visiting attribute path : price_old
2020-03-09 20:45:27.728 [main] DEBUG o.h.p.w.spi.MetamodelGraphWalker - Visiting attribute path : pubTime
2020-03-09 20:45:27.729 [main] DEBUG o.h.p.w.spi.MetamodelGraphWalker - Visiting attribute path : qq
2020-03-09 20:45:27.729 [main] DEBUG o.h.p.w.spi.MetamodelGraphWalker - Visiting attribute path : st
2020-03-09 20:45:27.729 [main] DEBUG o.h.p.w.spi.MetamodelGraphWalker - Visiting attribute path : studymodel
2020-03-09 20:45:27.729 [main] DEBUG o.h.p.w.spi.MetamodelGraphWalker - Visiting attribute path : teachmode
2020-03-09 20:45:27.729 [main] DEBUG o.h.p.w.spi.MetamodelGraphWalker - Visiting attribute path : teachplan
2020-03-09 20:45:27.729 [main] DEBUG o.h.p.w.spi.MetamodelGraphWalker - Visiting attribute path : timestamp
2020-03-09 20:45:27.729 [main] DEBUG o.h.p.w.spi.MetamodelGraphWalker - Visiting attribute path : users
2020-03-09 20:45:27.729 [main] DEBUG o.h.p.w.spi.MetamodelGraphWalker - Visiting attribute path : valid
2020-03-09 20:45:27.729 [main] DEBUG o.h.l.p.b.i.FetchStyleLoadPlanBuildingAssociationVisitationStrategy - Building LoadPlan...
2020-03-09 20:45:27.729 [main] DEBUG o.h.l.p.e.i.LoadQueryJoinAndFetchProcessor - processing queryspace <gen:0>
2020-03-09 20:45:27.729 [main] DEBUG o.h.l.p.b.spi.LoadPlanTreePrinter - LoadPlan(entity=com.ningmeng.framework.domain.course.CoursePub)
    - Returns
       - EntityReturnImpl(entity=com.ningmeng.framework.domain.course.CoursePub, querySpaceUid=<gen:0>, path=com.ningmeng.framework.domain.course.CoursePub)
    - QuerySpaces
       - EntityQuerySpaceImpl(uid=<gen:0>, entity=com.ningmeng.framework.domain.course.CoursePub)
          - SQL table alias mapping - coursepub0_
          - alias suffix - 0_
          - suffixed key columns - {id1_7_0_}

2020-03-09 20:45:27.729 [main] DEBUG o.h.loader.entity.plan.EntityLoader - Static select for entity com.ningmeng.framework.domain.course.CoursePub [OPTIMISTIC]: select coursepub0_.id as id1_7_0_, coursepub0_.charge as charge2_7_0_, coursepub0_.description as descript3_7_0_, coursepub0_.expires as expires4_7_0_, coursepub0_.grade as grade5_7_0_, coursepub0_.mt as mt6_7_0_, coursepub0_.name as name7_7_0_, coursepub0_.pic as pic8_7_0_, coursepub0_.price as price9_7_0_, coursepub0_.price_old as price_o10_7_0_, coursepub0_.pub_time as pub_tim11_7_0_, coursepub0_.qq as qq12_7_0_, coursepub0_.st as st13_7_0_, coursepub0_.studymodel as studymo14_7_0_, coursepub0_.teachmode as teachmo15_7_0_, coursepub0_.teachplan as teachpl16_7_0_, coursepub0_.timestamp as timesta17_7_0_, coursepub0_.users as users18_7_0_, coursepub0_.valid as valid19_7_0_ from course_pub coursepub0_ where coursepub0_.id=?
2020-03-09 20:45:27.730 [main] DEBUG o.h.l.p.b.i.spaces.QuerySpacesImpl - Adding QuerySpace : uid = <gen:0> -> org.hibernate.loader.plan.build.internal.spaces.EntityQuerySpaceImpl@135e49b2]
2020-03-09 20:45:27.730 [main] DEBUG o.h.p.w.spi.MetamodelGraphWalker - Visiting attribute path : charge
2020-03-09 20:45:27.730 [main] DEBUG o.h.p.w.spi.MetamodelGraphWalker - Visiting attribute path : description
2020-03-09 20:45:27.730 [main] DEBUG o.h.p.w.spi.MetamodelGraphWalker - Visiting attribute path : expires
2020-03-09 20:45:27.730 [main] DEBUG o.h.p.w.spi.MetamodelGraphWalker - Visiting attribute path : grade
2020-03-09 20:45:27.731 [main] DEBUG o.h.p.w.spi.MetamodelGraphWalker - Visiting attribute path : mt
2020-03-09 20:45:27.731 [main] DEBUG o.h.p.w.spi.MetamodelGraphWalker - Visiting attribute path : name
2020-03-09 20:45:27.731 [main] DEBUG o.h.p.w.spi.MetamodelGraphWalker - Visiting attribute path : pic
2020-03-09 20:45:27.731 [main] DEBUG o.h.p.w.spi.MetamodelGraphWalker - Visiting attribute path : price
2020-03-09 20:45:27.731 [main] DEBUG o.h.p.w.spi.MetamodelGraphWalker - Visiting attribute path : price_old
2020-03-09 20:45:27.731 [main] DEBUG o.h.p.w.spi.MetamodelGraphWalker - Visiting attribute path : pubTime
2020-03-09 20:45:27.731 [main] DEBUG o.h.p.w.spi.MetamodelGraphWalker - Visiting attribute path : qq
2020-03-09 20:45:27.731 [main] DEBUG o.h.p.w.spi.MetamodelGraphWalker - Visiting attribute path : st
2020-03-09 20:45:27.731 [main] DEBUG o.h.p.w.spi.MetamodelGraphWalker - Visiting attribute path : studymodel
2020-03-09 20:45:27.731 [main] DEBUG o.h.p.w.spi.MetamodelGraphWalker - Visiting attribute path : teachmode
2020-03-09 20:45:27.731 [main] DEBUG o.h.p.w.spi.MetamodelGraphWalker - Visiting attribute path : teachplan
2020-03-09 20:45:27.731 [main] DEBUG o.h.p.w.spi.MetamodelGraphWalker - Visiting attribute path : timestamp
2020-03-09 20:45:27.731 [main] DEBUG o.h.p.w.spi.MetamodelGraphWalker - Visiting attribute path : users
2020-03-09 20:45:27.731 [main] DEBUG o.h.p.w.spi.MetamodelGraphWalker - Visiting attribute path : valid
2020-03-09 20:45:27.731 [main] DEBUG o.h.l.p.b.i.FetchStyleLoadPlanBuildingAssociationVisitationStrategy - Building LoadPlan...
2020-03-09 20:45:27.731 [main] DEBUG o.h.l.p.e.i.LoadQueryJoinAndFetchProcessor - processing queryspace <gen:0>
2020-03-09 20:45:27.733 [main] DEBUG o.h.l.p.b.spi.LoadPlanTreePrinter - LoadPlan(entity=com.ningmeng.framework.domain.course.CoursePub)
    - Returns
       - EntityReturnImpl(entity=com.ningmeng.framework.domain.course.CoursePub, querySpaceUid=<gen:0>, path=com.ningmeng.framework.domain.course.CoursePub)
    - QuerySpaces
       - EntityQuerySpaceImpl(uid=<gen:0>, entity=com.ningmeng.framework.domain.course.CoursePub)
          - SQL table alias mapping - coursepub0_
          - alias suffix - 0_
          - suffixed key columns - {id1_7_0_}

2020-03-09 20:45:27.733 [main] DEBUG o.h.loader.entity.plan.EntityLoader - Static select for entity com.ningmeng.framework.domain.course.CoursePub [OPTIMISTIC_FORCE_INCREMENT]: select coursepub0_.id as id1_7_0_, coursepub0_.charge as charge2_7_0_, coursepub0_.description as descript3_7_0_, coursepub0_.expires as expires4_7_0_, coursepub0_.grade as grade5_7_0_, coursepub0_.mt as mt6_7_0_, coursepub0_.name as name7_7_0_, coursepub0_.pic as pic8_7_0_, coursepub0_.price as price9_7_0_, coursepub0_.price_old as price_o10_7_0_, coursepub0_.pub_time as pub_tim11_7_0_, coursepub0_.qq as qq12_7_0_, coursepub0_.st as st13_7_0_, coursepub0_.studymodel as studymo14_7_0_, coursepub0_.teachmode as teachmo15_7_0_, coursepub0_.teachplan as teachpl16_7_0_, coursepub0_.timestamp as timesta17_7_0_, coursepub0_.users as users18_7_0_, coursepub0_.valid as valid19_7_0_ from course_pub coursepub0_ where coursepub0_.id=?
2020-03-09 20:45:27.733 [main] DEBUG org.hibernate.loader.Loader - Static select for action ACTION_MERGE on entity com.ningmeng.framework.domain.course.CoursePub: select coursepub0_.id as id1_7_0_, coursepub0_.charge as charge2_7_0_, coursepub0_.description as descript3_7_0_, coursepub0_.expires as expires4_7_0_, coursepub0_.grade as grade5_7_0_, coursepub0_.mt as mt6_7_0_, coursepub0_.name as name7_7_0_, coursepub0_.pic as pic8_7_0_, coursepub0_.price as price9_7_0_, coursepub0_.price_old as price_o10_7_0_, coursepub0_.pub_time as pub_tim11_7_0_, coursepub0_.qq as qq12_7_0_, coursepub0_.st as st13_7_0_, coursepub0_.studymodel as studymo14_7_0_, coursepub0_.teachmode as teachmo15_7_0_, coursepub0_.teachplan as teachpl16_7_0_, coursepub0_.timestamp as timesta17_7_0_, coursepub0_.users as users18_7_0_, coursepub0_.valid as valid19_7_0_ from course_pub coursepub0_ where coursepub0_.id=?
2020-03-09 20:45:27.733 [main] DEBUG org.hibernate.loader.Loader - Static select for action ACTION_REFRESH on entity com.ningmeng.framework.domain.course.CoursePub: select coursepub0_.id as id1_7_0_, coursepub0_.charge as charge2_7_0_, coursepub0_.description as descript3_7_0_, coursepub0_.expires as expires4_7_0_, coursepub0_.grade as grade5_7_0_, coursepub0_.mt as mt6_7_0_, coursepub0_.name as name7_7_0_, coursepub0_.pic as pic8_7_0_, coursepub0_.price as price9_7_0_, coursepub0_.price_old as price_o10_7_0_, coursepub0_.pub_time as pub_tim11_7_0_, coursepub0_.qq as qq12_7_0_, coursepub0_.st as st13_7_0_, coursepub0_.studymodel as studymo14_7_0_, coursepub0_.teachmode as teachmo15_7_0_, coursepub0_.teachplan as teachpl16_7_0_, coursepub0_.timestamp as timesta17_7_0_, coursepub0_.users as users18_7_0_, coursepub0_.valid as valid19_7_0_ from course_pub coursepub0_ where coursepub0_.id=?
2020-03-09 20:45:27.758 [main] DEBUG o.h.t.s.s.SchemaManagementToolCoordinator - No actions specified; doing nothing
2020-03-09 20:45:27.758 [main] DEBUG o.h.query.spi.NamedQueryRepository - Checking 0 named HQL queries
2020-03-09 20:45:27.758 [main] DEBUG o.h.query.spi.NamedQueryRepository - Checking 0 named SQL queries
2020-03-09 20:45:27.759 [main] DEBUG o.h.internal.SessionFactoryRegistry - Initializing SessionFactoryRegistry : org.hibernate.internal.SessionFactoryRegistry@4a833595
2020-03-09 20:45:27.760 [main] DEBUG o.h.internal.SessionFactoryRegistry - Registering SessionFactory: 15e37c40-6c57-4d00-81bb-5374e50255da (<unnamed>)
2020-03-09 20:45:27.760 [main] DEBUG o.h.internal.SessionFactoryRegistry - Not binding SessionFactory to JNDI, no JNDI name configured
2020-03-09 20:45:27.760 [main] INFO  o.s.o.j.LocalContainerEntityManagerFactoryBean - Initialized JPA EntityManagerFactory for persistence unit 'default'
2020-03-09 20:45:27.762 [main] DEBUG o.s.b.f.s.DefaultListableBeanFactory - Returning cached instance of singleton bean 'org.springframework.transaction.config.internalTransactionAdvisor'
2020-03-09 20:45:27.762 [main] DEBUG o.s.b.f.s.DefaultListableBeanFactory - Returning cached instance of singleton bean 'org.springframework.transaction.config.internalTransactionAdvisor'
2020-03-09 20:45:27.768 [main] DEBUG o.s.b.f.s.DefaultListableBeanFactory - Finished creating instance of bean 'entityManagerFactory'
2020-03-09 20:45:27.769 [main] DEBUG o.s.b.f.s.DefaultListableBeanFactory - Pre-instantiating singletons in org.springframework.beans.factory.support.DefaultListableBeanFactory@4eeea57d: defining beans [org.springframework.boot.test.mock.mockito.MockitoPostProcessor$SpyPostProcessor,org.springframework.boot.test.mock.mockito.MockitoPostProcessor,org.springframework.context.annotation.internalConfigurationAnnotationProcessor,org.springframework.context.annotation.internalAutowiredAnnotationProcessor,org.springframework.context.annotation.internalRequiredAnnotationProcessor,org.springframework.context.annotation.internalCommonAnnotationProcessor,org.springframework.context.annotation.internalPersistenceAnnotationProcessor,org.springframework.context.event.internalEventListenerProcessor,org.springframework.context.event.internalEventListenerFactory,manageCourseApplication,org.springframework.boot.autoconfigure.internalCachingMetadataReaderFactory,courseController,sysDicthinaryController,courseService,sysDicthinaryService,swagger2Configuration,licenseMapperImpl,modelMapperImpl,parameterMapperImpl,securityMapperImpl,serviceModelToSwagger2MapperImpl,vendorExtensionsMapperImpl,apiDescriptionLookup,apiDescriptionReader,apiDocumentationScanner,apiListingReader,apiListingReferenceScanner,apiListingScanner,apiModelReader,cachingOperationReader,mediaTypeReader,apiOperationReader,cachingOperationNameGenerator,defaultOperationReader,defaultTagsProvider,operationDeprecatedReader,operationModelsProvider,operationParameterHeadersConditionReader,operationParameterReader,operationParameterRequestConditionReader,operationResponseClassReader,operationTagsReader,responseMessagesReader,expandedParameterBuilder,modelAttributeParameterExpander,parameterDataTypeReader,parameterDefaultReader,parameterMultiplesReader,parameterNameReader,parameterRequiredReader,parameterTypeReader,documentationPluginsBootstrapper,documentationPluginsManager,webMvcRequestHandlerProvider,operationPathDecorator,pathMappingDecorator,pathSanitizer,queryStringUriTemplateDecorator,cachingModelDependencyProvider,cachingModelProvider,defaultModelDependencyProvider,defaultModelProvider,schemaPluginsManager,accessorsProvider,cachingModelPropertiesProvider,factoryMethodProvider,fieldProvider,objectMapperBeanPropertyNamingStrategy,optimized,typeNameExtractor,apiModelBuilder,apiModelPropertyPropertyBuilder,apiModelTypeNameProvider,operationAuthReader,operationHiddenReader,operationHttpMethodReader,operationImplicitParameterReader,operationImplicitParametersReader,operationNicknameIntoUniqueIdReader,operationNotesReader,operationPositionReader,operationSummaryReader,swaggerMediaTypeReader,swaggerOperationModelsProvider,swaggerOperationResponseClassReader,swaggerOperationTagsReader,swaggerResponseMessageReader,vendorExtensionsReader,swaggerParameterDescriptionReader,swaggerExpandedParameterBuilder,apiResourceController,classOrApiAnnotationResourceGrouping,inMemorySwaggerResourcesProvider,swaggerApiListingReader,exceptionCatch,springfox.documentation.schema.configuration.ModelsConfiguration,typeResolver,modelBuilderPluginRegistry,modelPropertyBuilderPluginRegistry,typeNameProviderPluginRegistry,springfox.documentation.spring.web.SpringfoxWebMvcConfiguration,defaults,resourceGroupCache,objectMapperConfigurer,jsonSerializer,descriptionResolver,documentationPluginRegistry,apiListingBuilderPluginRegistry,operationBuilderPluginRegistry,parameterBuilderPluginRegistry,expandedParameterBuilderPluginRegistry,resourceGroupingStrategyRegistry,operationModelsProviderPluginRegistry,defaultsProviderPluginRegistry,pathDecoratorRegistry,apiListingScannerPluginRegistry,springfox.documentation.swagger.configuration.SwaggerCommonConfiguration,springfox.documentation.swagger2.configuration.Swagger2DocumentationConfiguration,swagger2Module,swagger2ControllerMapping,createRestApi,restTemplate,org.springframework.boot.autoconfigure.AutoConfigurationPackages,default.com.ningmeng.manage_course.ManageCourseApplication.FeignClientSpecification,nm-service-manage-cms.FeignClientSpecification,com.ningmeng.manage_course.client.CmsPageClient,org.springframework.boot.autoconfigure.domain.EntityScanPackages,org.springframework.boot.autoconfigure.context.PropertyPlaceholderAutoConfiguration,org.springframework.boot.autoconfigure.condition.BeanTypeRegistry,propertySourcesPlaceholderConfigurer,org.springframework.boot.autoconfigure.websocket.servlet.WebSocketServletAutoConfiguration$TomcatWebSocketConfiguration,websocketContainerCustomizer,org.springframework.boot.autoconfigure.websocket.servlet.WebSocketServletAutoConfiguration,org.springframework.boot.autoconfigure.web.servlet.ServletWebServerFactoryConfiguration$EmbeddedTomcat,tomcatServletWebServerFactory,org.springframework.boot.autoconfigure.web.servlet.ServletWebServerFactoryAutoConfiguration,servletWebServerFactoryCustomizer,tomcatServletWebServerFactoryCustomizer,server-org.springframework.boot.autoconfigure.web.ServerProperties,org.springframework.boot.context.properties.ConfigurationPropertiesBindingPostProcessor,org.springframework.boot.context.properties.ConfigurationBeanFactoryMetadata,webServerFactoryCustomizerBeanPostProcessor,errorPageRegistrarBeanPostProcessor,org.springframework.boot.autoconfigure.web.servlet.DispatcherServletAutoConfiguration$DispatcherServletConfiguration,dispatcherServlet,spring.mvc-org.springframework.boot.autoconfigure.web.servlet.WebMvcProperties,org.springframework.boot.autoconfigure.web.servlet.DispatcherServletAutoConfiguration$DispatcherServletRegistrationConfiguration,dispatcherServletRegistration,org.springframework.boot.autoconfigure.web.servlet.DispatcherServletAutoConfiguration,org.springframework.cloud.netflix.archaius.ArchaiusAutoConfiguration$PropagateEventsConfiguration,org.springframework.cloud.netflix.archaius.ArchaiusAutoConfiguration,configurableEnvironmentConfiguration,org.springframework.boot.autoconfigure.validation.ValidationAutoConfiguration,defaultValidator,methodValidationPostProcessor,org.springframework.boot.autoconfigure.web.servlet.error.ErrorMvcAutoConfiguration$WhitelabelErrorViewConfiguration,error,beanNameViewResolver,org.springframework.boot.autoconfigure.web.servlet.error.ErrorMvcAutoConfiguration$DefaultErrorViewResolverConfiguration,conventionErrorViewResolver,org.springframework.boot.autoconfigure.web.servlet.error.ErrorMvcAutoConfiguration,errorAttributes,basicErrorController,errorPageCustomizer,preserveErrorControllerTargetClassPostProcessor,spring.resources-org.springframework.boot.autoconfigure.web.ResourceProperties,org.springframework.boot.autoconfigure.web.servlet.WebMvcAutoConfiguration$WebMvcAutoConfigurationAdapter$FaviconConfiguration,faviconHandlerMapping,faviconRequestHandler,org.springframework.boot.autoconfigure.web.servlet.WebMvcAutoConfiguration$EnableWebMvcConfiguration,requestMappingHandlerAdapter,requestMappingHandlerMapping,mvcConversionService,mvcValidator,mvcContentNegotiationManager,mvcPathMatcher,mvcUrlPathHelper,viewControllerHandlerMapping,beanNameHandlerMapping,resourceHandlerMapping,mvcResourceUrlProvider,defaultServletHandlerMapping,mvcUriComponentsContributor,httpRequestHandlerAdapter,simpleControllerHandlerAdapter,handlerExceptionResolver,mvcViewResolver,mvcHandlerMappingIntrospector,org.springframework.boot.autoconfigure.web.servlet.WebMvcAutoConfiguration$WebMvcAutoConfigurationAdapter,defaultViewResolver,viewResolver,welcomePageHandlerMapping,requestContextFilter,org.springframework.boot.autoconfigure.web.servlet.WebMvcAutoConfiguration,hiddenHttpMethodFilter,httpPutFormContentFilter,com.alibaba.druid.spring.boot.autoconfigure.stat.DruidStatViewServletConfiguration,statViewServletRegistrationBean,com.alibaba.druid.spring.boot.autoconfigure.stat.DruidWebStatFilterConfiguration,webStatFilterRegistrationBean,com.alibaba.druid.spring.boot.autoconfigure.stat.DruidFilterConfiguration,statFilter,com.alibaba.druid.spring.boot.autoconfigure.DruidDataSourceAutoConfigure,dataSource,spring.datasource.druid-com.alibaba.druid.spring.boot.autoconfigure.properties.DruidStatProperties,spring.datasource-org.springframework.boot.autoconfigure.jdbc.DataSourceProperties,org.springframework.boot.autoconfigure.transaction.jta.JtaAutoConfiguration,spring.jta-org.springframework.boot.autoconfigure.transaction.jta.JtaProperties,org.springframework.boot.autoconfigure.jdbc.metadata.DataSourcePoolMetadataProvidersConfiguration$HikariPoolDataSourceMetadataProviderConfiguration,hikariPoolDataSourceMetadataProvider,org.springframework.boot.autoconfigure.jdbc.metadata.DataSourcePoolMetadataProvidersConfiguration,org.springframework.boot.autoconfigure.jdbc.DataSourceInitializerInvoker,org.springframework.boot.autoconfigure.jdbc.DataSourceInitializationConfiguration,dataSourceInitializerPostProcessor,org.springframework.boot.autoconfigure.jdbc.DataSourceAutoConfiguration,org.mybatis.spring.boot.autoconfigure.MybatisAutoConfiguration$MapperScannerRegistrarNotFoundConfiguration,categoryMapper,courseMapper,courseMarketMapper,teachplanMapper,org.mybatis.spring.boot.autoconfigure.MybatisAutoConfiguration,sqlSessionFactory,sqlSessionTemplate,mybatis-org.mybatis.spring.boot.autoconfigure.MybatisProperties,com.github.pagehelper.autoconfigure.PageHelperAutoConfiguration,pageHelperProperties,pagehelper-com.github.pagehelper.autoconfigure.PageHelperProperties,org.springframework.boot.autoconfigure.aop.AopAutoConfiguration$CglibAutoProxyConfiguration,org.springframework.aop.config.internalAutoProxyCreator,org.springframework.boot.autoconfigure.aop.AopAutoConfiguration,org.springframework.boot.autoconfigure.context.ConfigurationPropertiesAutoConfiguration,org.springframework.boot.autoconfigure.dao.PersistenceExceptionTranslationAutoConfiguration,persistenceExceptionTranslationPostProcessor,org.springframework.cloud.autoconfigure.RefreshAutoConfiguration$RefreshScopeBeanDefinitionEnhancer,org.springframework.cloud.autoconfigure.RefreshAutoConfiguration$JpaInvokerConfiguration,org.springframework.cloud.autoconfigure.RefreshAutoConfiguration,refreshScope,loggingRebinder,contextRefresher,refreshEventListener,org.springframework.boot.autoconfigure.orm.jpa.JpaBaseConfiguration$JpaWebConfiguration$JpaWebMvcConfiguration,openEntityManagerInViewInterceptor,org.springframework.boot.autoconfigure.orm.jpa.JpaBaseConfiguration$JpaWebConfiguration,org.springframework.boot.autoconfigure.orm.jpa.HibernateJpaConfiguration,transactionManager,jpaVendorAdapter,entityManagerFactoryBuilder,entityManagerFactory,spring.jpa-org.springframework.boot.autoconfigure.orm.jpa.JpaProperties,dataSourceInitializedPublisher,org.springframework.boot.autoconfigure.orm.jpa.HibernateJpaAutoConfiguration,org.springframework.boot.autoconfigure.data.jpa.JpaRepositoriesAutoConfiguration,emBeanDefinitionRegistrarPostProcessor,jpaMappingContext,jpaContext,teachplanMediaRepository,teachplanMediaPubRepository,courseBaseRepository,courseMarketRepository,teachplanRepository,coursePubRepository,coursePicRepository,org.springframework.boot.autoconfigure.mongo.MongoAutoConfiguration,mongo,spring.data.mongodb-org.springframework.boot.autoconfigure.mongo.MongoProperties,org.springframework.boot.autoconfigure.data.mongo.MongoDataAutoConfiguration,mongoDbFactory,mongoTemplate,mappingMongoConverter,mongoMappingContext,gridFsTemplate,mongoCustomConversions,org.springframework.boot.autoconfigure.data.mongo.MongoRepositoriesAutoConfiguration,sysDictionaryRepository,org.springframework.boot.autoconfigure.gson.GsonAutoConfiguration,gsonBuilder,gson,standardGsonBuilderCustomizer,spring.gson-org.springframework.boot.autoconfigure.gson.GsonProperties,org.springframework.boot.autoconfigure.jackson.JacksonAutoConfiguration$Jackson2ObjectMapperBuilderCustomizerConfiguration,standardJacksonObjectMapperBuilderCustomizer,spring.jackson-org.springframework.boot.autoconfigure.jackson.JacksonProperties,org.springframework.boot.autoconfigure.jackson.JacksonAutoConfiguration$JacksonObjectMapperBuilderConfiguration,jacksonObjectMapperBuilder,org.springframework.boot.autoconfigure.jackson.JacksonAutoConfiguration$ParameterNamesModuleConfiguration,parameterNamesModule,org.springframework.boot.autoconfigure.jackson.JacksonAutoConfiguration$JacksonObjectMapperConfiguration,jacksonObjectMapper,org.springframework.boot.autoconfigure.jackson.JacksonAutoConfiguration,jsonComponentModule,org.springframework.boot.autoconfigure.http.HttpMessageConvertersAutoConfiguration$StringHttpMessageConverterConfiguration,stringHttpMessageConverter,spring.http.encoding-org.springframework.boot.autoconfigure.http.HttpEncodingProperties,org.springframework.boot.autoconfigure.http.JacksonHttpMessageConvertersConfiguration$MappingJackson2HttpMessageConverterConfiguration,mappingJackson2HttpMessageConverter,org.springframework.boot.autoconfigure.http.JacksonHttpMessageConvertersConfiguration,org.springframework.boot.autoconfigure.http.GsonHttpMessageConvertersConfiguration,org.springframework.boot.autoconfigure.http.HttpMessageConvertersAutoConfiguration,messageConverters,org.springframework.data.web.config.ProjectingArgumentResolverRegistrar,projectingArgumentResolverBeanPostProcessor,org.springframework.data.web.config.SpringDataWebConfiguration,pageableResolver,sortResolver,org.springframework.data.web.config.SpringDataJacksonConfiguration,jacksonGeoModule,org.springframework.data.mongodb.config.GeoJsonConfiguration,geoJsonModule,org.springframework.boot.autoconfigure.data.web.SpringDataWebAutoConfiguration,pageableCustomizer,sortCustomizer,spring.data.web-org.springframework.boot.autoconfigure.data.web.SpringDataWebProperties,org.springframework.boot.autoconfigure.http.codec.CodecsAutoConfiguration$JacksonCodecConfiguration,jacksonCodecCustomizer,org.springframework.boot.autoconfigure.http.codec.CodecsAutoConfiguration,org.springframework.boot.autoconfigure.info.ProjectInfoAutoConfiguration,spring.info-org.springframework.boot.autoconfigure.info.ProjectInfoProperties,org.springframework.boot.autoconfigure.jdbc.JdbcTemplateAutoConfiguration$JdbcTemplateConfiguration,jdbcTemplate,org.springframework.boot.autoconfigure.jdbc.JdbcTemplateAutoConfiguration$NamedParameterJdbcTemplateConfiguration,namedParameterJdbcTemplate,org.springframework.boot.autoconfigure.jdbc.JdbcTemplateAutoConfiguration,spring.jdbc-org.springframework.boot.autoconfigure.jdbc.JdbcProperties,org.springframework.boot.autoconfigure.security.reactive.ReactiveSecurityAutoConfiguration,spring.security-org.springframework.boot.autoconfigure.security.SecurityProperties,org.springframework.boot.autoconfigure.jdbc.DataSourceTransactionManagerAutoConfiguration$DataSourceTransactionManagerConfiguration,org.springframework.boot.autoconfigure.jdbc.DataSourceTransactionManagerAutoConfiguration,org.springframework.transaction.annotation.ProxyTransactionManagementConfiguration,org.springframework.transaction.config.internalTransactionAdvisor,transactionAttributeSource,transactionInterceptor,org.springframework.transaction.config.internalTransactionalEventListenerFactory,org.springframework.boot.autoconfigure.transaction.TransactionAutoConfiguration$EnableTransactionManagementConfiguration$CglibAutoProxyConfiguration,org.springframework.boot.autoconfigure.transaction.TransactionAutoConfiguration$EnableTransactionManagementConfiguration,org.springframework.boot.autoconfigure.transaction.TransactionAutoConfiguration$TransactionTemplateConfiguration,transactionTemplate,org.springframework.boot.autoconfigure.transaction.TransactionAutoConfiguration,platformTransactionManagerCustomizers,spring.transaction-org.springframework.boot.autoconfigure.transaction.TransactionProperties,org.springframework.boot.autoconfigure.web.client.RestTemplateAutoConfiguration,restTemplateBuilder,org.springframework.boot.autoconfigure.web.embedded.EmbeddedWebServerFactoryCustomizerAutoConfiguration$TomcatWebServerFactoryCustomizerConfiguration,tomcatWebServerFactoryCustomizer,org.springframework.boot.autoconfigure.web.embedded.EmbeddedWebServerFactoryCustomizerAutoConfiguration,org.springframework.boot.autoconfigure.web.servlet.HttpEncodingAutoConfiguration,characterEncodingFilter,localeCharsetMappingsCustomizer,org.springframework.boot.autoconfigure.web.servlet.MultipartAutoConfiguration,multipartConfigElement,multipartResolver,spring.servlet.multipart-org.springframework.boot.autoconfigure.web.servlet.MultipartProperties,org.springframework.cloud.autoconfigure.ConfigurationPropertiesRebinderAutoConfiguration,configurationPropertiesBeans,configurationPropertiesRebinder,org.springframework.cloud.autoconfigure.LifecycleMvcEndpointAutoConfiguration,environmentManager,org.springframework.cloud.netflix.eureka.EurekaDiscoveryClientConfiguration$EurekaClientConfigurationRefresher,org.springframework.cloud.netflix.eureka.EurekaDiscoveryClientConfiguration,eurekaDiscoverClientMarker,org.springframework.cloud.client.serviceregistry.AutoServiceRegistrationConfiguration,spring.cloud.service-registry.auto-registration-org.springframework.cloud.client.serviceregistry.AutoServiceRegistrationProperties,org.springframework.cloud.client.serviceregistry.AutoServiceRegistrationAutoConfiguration,org.springframework.cloud.netflix.eureka.EurekaClientAutoConfiguration$RefreshableEurekaClientConfiguration,scopedTarget.eurekaClient,eurekaClient,scopedTarget.eurekaApplicationInfoManager,eurekaApplicationInfoManager,scopedTarget.eurekaRegistration,eurekaRegistration,org.springframework.cloud.netflix.eureka.config.DiscoveryClientOptionalArgsConfiguration,discoveryClientOptionalArgs,org.springframework.cloud.netflix.eureka.EurekaClientAutoConfiguration,eurekaFeature,eurekaClientConfigBean,serviceManagementMetadataProvider,eurekaInstanceConfigBean,discoveryClient,eurekaServiceRegistry,eurekaAutoServiceRegistration,org.springframework.cloud.client.CommonsClientAutoConfiguration,org.springframework.cloud.client.discovery.composite.CompositeDiscoveryClientAutoConfiguration,compositeDiscoveryClient,org.springframework.cloud.client.discovery.simple.SimpleDiscoveryClientAutoConfiguration,simpleDiscoveryProperties,simpleDiscoveryClient,org.springframework.cloud.netflix.ribbon.RibbonAutoConfiguration,ribbonFeature,springClientFactory,loadBalancerClient,propertiesFactory,default.org.springframework.cloud.netflix.ribbon.RibbonAutoConfiguration.RibbonClientSpecification,ribbon.eager-load-org.springframework.cloud.netflix.ribbon.RibbonEagerLoadProperties,ribbon-org.springframework.cloud.netflix.ribbon.ServerIntrospectorProperties,org.springframework.cloud.client.loadbalancer.AsyncLoadBalancerAutoConfiguration$LoadBalancerInterceptorConfig,asyncLoadBalancerInterceptor,asyncRestTemplateCustomizer,org.springframework.cloud.client.loadbalancer.AsyncLoadBalancerAutoConfiguration$AsyncRestTemplateCustomizerConfig,loadBalancedAsyncRestTemplateInitializer,org.springframework.cloud.client.loadbalancer.AsyncLoadBalancerAutoConfiguration,org.springframework.cloud.client.loadbalancer.LoadBalancerAutoConfiguration$LoadBalancerInterceptorConfig,ribbonInterceptor,restTemplateCustomizer,org.springframework.cloud.client.loadbalancer.LoadBalancerAutoConfiguration,loadBalancedRestTemplateInitializerDeprecated,loadBalancerRequestFactory,spring.cloud.loadbalancer.retry-org.springframework.cloud.client.loadbalancer.LoadBalancerRetryProperties,org.springframework.cloud.client.serviceregistry.ServiceRegistryAutoConfiguration,org.springframework.cloud.commons.httpclient.HttpClientConfiguration$OkHttpClientConfiguration,connPoolFactory,okHttpClientBuilder,okHttpClientFactory,org.springframework.cloud.commons.httpclient.HttpClientConfiguration$ApacheHttpClientConfiguration,connManFactory,apacheHttpClientBuilder,apacheHttpClientFactory,org.springframework.cloud.commons.httpclient.HttpClientConfiguration,org.springframework.cloud.commons.util.UtilAutoConfiguration,inetUtilsProperties,inetUtils,org.springframework.cloud.netflix.ribbon.eureka.RibbonEurekaAutoConfiguration,default.org.springframework.cloud.netflix.ribbon.eureka.RibbonEurekaAutoConfiguration.RibbonClientSpecification,org.springframework.cloud.openfeign.ribbon.DefaultFeignLoadBalancedConfiguration,feignClient,org.springframework.cloud.openfeign.ribbon.FeignRibbonClientAutoConfiguration,cachingLBClientFactory,feignRequestOptions,feign.httpclient-org.springframework.cloud.openfeign.support.FeignHttpClientProperties,org.springframework.cloud.openfeign.FeignAutoConfiguration$HystrixFeignTargeterConfiguration,feignTargeter,org.springframework.cloud.openfeign.FeignAutoConfiguration,feignFeature,feignContext,feign.client-org.springframework.cloud.openfeign.FeignClientProperties,org.springframework.orm.jpa.SharedEntityManagerCreator#0]; parent: org.springframework.beans.factory.support.DefaultListableBeanFactory@495b0487
2020-03-09 20:45:27.769 [main] DEBUG o.s.b.f.s.DefaultListableBeanFactory - Returning cached instance of singleton bean 'org.springframework.boot.test.mock.mockito.MockitoPostProcessor$SpyPostProcessor'
2020-03-09 20:45:27.769 [main] DEBUG o.s.b.f.s.DefaultListableBeanFactory - Returning cached instance of singleton bean 'org.springframework.boot.test.mock.mockito.MockitoPostProcessor'
2020-03-09 20:45:27.769 [main] DEBUG o.s.b.f.s.DefaultListableBeanFactory - Returning cached instance of singleton bean 'org.springframework.context.annotation.internalConfigurationAnnotationProcessor'
2020-03-09 20:45:27.769 [main] DEBUG o.s.b.f.s.DefaultListableBeanFactory - Returning cached instance of singleton bean 'org.springframework.context.annotation.internalAutowiredAnnotationProcessor'
2020-03-09 20:45:27.769 [main] DEBUG o.s.b.f.s.DefaultListableBeanFactory - Returning cached instance of singleton bean 'org.springframework.context.annotation.internalRequiredAnnotationProcessor'
2020-03-09 20:45:27.770 [main] DEBUG o.s.b.f.s.DefaultListableBeanFactory - Returning cached instance of singleton bean 'org.springframework.context.annotation.internalCommonAnnotationProcessor'
2020-03-09 20:45:27.770 [main] DEBUG o.s.b.f.s.DefaultListableBeanFactory - Returning cached instance of singleton bean 'org.springframework.context.annotation.internalPersistenceAnnotationProcessor'
2020-03-09 20:45:27.770 [main] DEBUG o.s.b.f.s.DefaultListableBeanFactory - Creating shared instance of singleton bean 'org.springframework.context.event.internalEventListenerProcessor'
2020-03-09 20:45:27.770 [main] DEBUG o.s.b.f.s.DefaultListableBeanFactory - Creating instance of bean 'org.springframework.context.event.internalEventListenerProcessor'
2020-03-09 20:45:27.770 [main] DEBUG o.s.b.f.s.DefaultListableBeanFactory - Returning cached instance of singleton bean 'org.springframework.transaction.config.internalTransactionAdvisor'
2020-03-09 20:45:27.770 [main] DEBUG o.s.b.f.s.DefaultListableBeanFactory - Eagerly caching bean 'org.springframework.context.event.internalEventListenerProcessor' to allow for resolving potential circular references
2020-03-09 20:45:27.776 [main] DEBUG o.s.b.f.s.DefaultListableBeanFactory - Returning cached instance of singleton bean 'org.springframework.transaction.config.internalTransactionAdvisor'
2020-03-09 20:45:27.776 [main] DEBUG o.s.b.f.s.DefaultListableBeanFactory - Returning cached instance of singleton bean 'org.springframework.transaction.config.internalTransactionAdvisor'
2020-03-09 20:45:27.777 [main] DEBUG o.s.b.f.s.DefaultListableBeanFactory - Finished creating instance of bean 'org.springframework.context.event.internalEventListenerProcessor'
2020-03-09 20:45:27.777 [main] DEBUG o.s.b.f.s.DefaultListableBeanFactory - Creating shared instance of singleton bean 'org.springframework.context.event.internalEventListenerFactory'
2020-03-09 20:45:27.777 [main] DEBUG o.s.b.f.s.DefaultListableBeanFactory - Creating instance of bean 'org.springframework.context.event.internalEventListenerFactory'
2020-03-09 20:45:27.777 [main] DEBUG o.s.b.f.s.DefaultListableBeanFactory - Returning cached instance of singleton bean 'org.springframework.transaction.config.internalTransactionAdvisor'
2020-03-09 20:45:27.777 [main] DEBUG o.s.b.f.s.DefaultListableBeanFactory - Eagerly caching bean 'org.springframework.context.event.internalEventListenerFactory' to allow for resolving potential circular references
2020-03-09 20:45:27.783 [main] DEBUG o.s.b.f.s.DefaultListableBeanFactory - Returning cached instance of singleton bean 'org.springframework.transaction.config.internalTransactionAdvisor'
2020-03-09 20:45:27.784 [main] DEBUG o.s.b.f.s.DefaultListableBeanFactory - Returning cached instance of singleton bean 'org.springframework.transaction.config.internalTransactionAdvisor'
2020-03-09 20:45:27.784 [main] DEBUG o.s.b.f.s.DefaultListableBeanFactory - Finished creating instance of bean 'org.springframework.context.event.internalEventListenerFactory'
2020-03-09 20:45:27.784 [main] DEBUG o.s.b.f.s.DefaultListableBeanFactory - Creating shared instance of singleton bean 'manageCourseApplication'
2020-03-09 20:45:27.784 [main] DEBUG o.s.b.f.s.DefaultListableBeanFactory - Creating instance of bean 'manageCourseApplication'
2020-03-09 20:45:27.785 [main] DEBUG o.s.b.f.s.DefaultListableBeanFactory - Returning cached instance of singleton bean 'org.springframework.transaction.config.internalTransactionAdvisor'
2020-03-09 20:45:27.785 [main] DEBUG o.s.b.f.s.DefaultListableBeanFactory - Eagerly caching bean 'manageCourseApplication' to allow for resolving potential circular references
2020-03-09 20:45:27.792 [main] DEBUG o.s.b.f.s.DefaultListableBeanFactory - Returning cached instance of singleton bean 'org.springframework.transaction.config.internalTransactionAdvisor'
2020-03-09 20:45:27.793 [main] DEBUG o.s.b.f.s.DefaultListableBeanFactory - Returning cached instance of singleton bean 'org.springframework.transaction.config.internalTransactionAdvisor'
2020-03-09 20:45:27.795 [main] DEBUG o.s.b.f.s.DefaultListableBeanFactory - Finished creating instance of bean 'manageCourseApplication'
2020-03-09 20:45:27.795 [main] DEBUG o.s.b.f.s.DefaultListableBeanFactory - Returning cached instance of singleton bean 'org.springframework.boot.autoconfigure.internalCachingMetadataReaderFactory'
2020-03-09 20:45:27.795 [main] DEBUG o.s.b.f.s.DefaultListableBeanFactory - Creating shared instance of singleton bean 'courseController'
2020-03-09 20:45:27.795 [main] DEBUG o.s.b.f.s.DefaultListableBeanFactory - Creating instance of bean 'courseController'
2020-03-09 20:45:27.796 [main] DEBUG o.s.b.f.s.DefaultListableBeanFactory - Returning cached instance of singleton bean 'org.springframework.transaction.config.internalTransactionAdvisor'
2020-03-09 20:45:27.810 [main] DEBUG o.s.b.f.annotation.InjectionMetadata - Registered injected element on class [com.ningmeng.manage_course.controller.CourseController]: AutowiredFieldElement for com.ningmeng.manage_course.service.CourseService com.ningmeng.manage_course.controller.CourseController.courseService
2020-03-09 20:45:27.811 [main] DEBUG o.s.b.f.s.DefaultListableBeanFactory - Eagerly caching bean 'courseController' to allow for resolving potential circular references
2020-03-09 20:45:27.819 [main] DEBUG o.s.b.f.annotation.InjectionMetadata - Processing injected element of bean 'courseController': AutowiredFieldElement for com.ningmeng.manage_course.service.CourseService com.ningmeng.manage_course.controller.CourseController.courseService
2020-03-09 20:45:27.820 [main] DEBUG o.s.core.annotation.AnnotationUtils - Failed to meta-introspect annotation interface org.springframework.beans.factory.annotation.Autowired: java.lang.NullPointerException
2020-03-09 20:45:27.823 [main] DEBUG o.s.b.f.s.DefaultListableBeanFactory - Creating shared instance of singleton bean 'courseService'
2020-03-09 20:45:27.824 [main] DEBUG o.s.b.f.s.DefaultListableBeanFactory - Creating instance of bean 'courseService'
2020-03-09 20:45:27.824 [main] DEBUG o.s.b.f.s.DefaultListableBeanFactory - Returning cached instance of singleton bean 'org.springframework.transaction.config.internalTransactionAdvisor'
2020-03-09 20:45:27.830 [main] DEBUG o.s.b.f.annotation.InjectionMetadata - Registered injected element on class [com.ningmeng.manage_course.service.CourseService]: AutowiredFieldElement for com.ningmeng.manage_course.dao.TeachplanMapper com.ningmeng.manage_course.service.CourseService.teachplanMapper
2020-03-09 20:45:27.830 [main] DEBUG o.s.b.f.annotation.InjectionMetadata - Registered injected element on class [com.ningmeng.manage_course.service.CourseService]: AutowiredFieldElement for com.ningmeng.manage_course.dao.TeachplanRepository com.ningmeng.manage_course.service.CourseService.teachplanRepository
2020-03-09 20:45:27.830 [main] DEBUG o.s.b.f.annotation.InjectionMetadata - Registered injected element on class [com.ningmeng.manage_course.service.CourseService]: AutowiredFieldElement for com.ningmeng.manage_course.dao.CourseBaseRepository com.ningmeng.manage_course.service.CourseService.courseBaseRepository
2020-03-09 20:45:27.830 [main] DEBUG o.s.b.f.annotation.InjectionMetadata - Registered injected element on class [com.ningmeng.manage_course.service.CourseService]: AutowiredFieldElement for com.ningmeng.manage_course.dao.CourseMapper com.ningmeng.manage_course.service.CourseService.courseMapper
2020-03-09 20:45:27.830 [main] DEBUG o.s.b.f.annotation.InjectionMetadata - Registered injected element on class [com.ningmeng.manage_course.service.CourseService]: AutowiredFieldElement for com.ningmeng.manage_course.dao.CoursePubRepository com.ningmeng.manage_course.service.CourseService.coursePubRepository
2020-03-09 20:45:27.830 [main] DEBUG o.s.b.f.annotation.InjectionMetadata - Registered injected element on class [com.ningmeng.manage_course.service.CourseService]: AutowiredFieldElement for com.ningmeng.manage_course.dao.CourseMarketRepository com.ningmeng.manage_course.service.CourseService.courseMarketRepository
2020-03-09 20:45:27.830 [main] DEBUG o.s.b.f.annotation.InjectionMetadata - Registered injected element on class [com.ningmeng.manage_course.service.CourseService]: AutowiredFieldElement for com.ningmeng.manage_course.dao.CourseMarketMapper com.ningmeng.manage_course.service.CourseService.courseMarketMapper
2020-03-09 20:45:27.830 [main] DEBUG o.s.b.f.annotation.InjectionMetadata - Registered injected element on class [com.ningmeng.manage_course.service.CourseService]: AutowiredFieldElement for com.ningmeng.manage_course.dao.CategoryMapper com.ningmeng.manage_course.service.CourseService.categoryMapper
2020-03-09 20:45:27.830 [main] DEBUG o.s.b.f.annotation.InjectionMetadata - Registered injected element on class [com.ningmeng.manage_course.service.CourseService]: AutowiredFieldElement for com.ningmeng.manage_course.dao.CoursePicRepository com.ningmeng.manage_course.service.CourseService.coursePicRepository
2020-03-09 20:45:27.830 [main] DEBUG o.s.b.f.annotation.InjectionMetadata - Registered injected element on class [com.ningmeng.manage_course.service.CourseService]: AutowiredFieldElement for com.ningmeng.manage_course.client.CmsPageClient com.ningmeng.manage_course.service.CourseService.cmsPageClient
2020-03-09 20:45:27.835 [main] DEBUG o.s.b.f.annotation.InjectionMetadata - Registered injected element on class [com.ningmeng.manage_course.service.CourseService]: AutowiredFieldElement for com.ningmeng.manage_course.dao.TeachplanMediaRepository com.ningmeng.manage_course.service.CourseService.teachplanMediaRepository
2020-03-09 20:45:27.836 [main] DEBUG o.s.b.f.annotation.InjectionMetadata - Registered injected element on class [com.ningmeng.manage_course.service.CourseService]: AutowiredFieldElement for com.ningmeng.manage_course.dao.TeachplanMediaPubRepository com.ningmeng.manage_course.service.CourseService.teachplanMediaPubRepository
2020-03-09 20:45:27.836 [main] DEBUG o.s.b.f.annotation.InjectionMetadata - Registered injected element on class [com.ningmeng.manage_course.service.CourseService]: AutowiredFieldElement for private java.lang.String com.ningmeng.manage_course.service.CourseService.publish_dataUrlPre
2020-03-09 20:45:27.836 [main] DEBUG o.s.b.f.annotation.InjectionMetadata - Registered injected element on class [com.ningmeng.manage_course.service.CourseService]: AutowiredFieldElement for private java.lang.String com.ningmeng.manage_course.service.CourseService.publish_page_physicalpath
2020-03-09 20:45:27.836 [main] DEBUG o.s.b.f.annotation.InjectionMetadata - Registered injected element on class [com.ningmeng.manage_course.service.CourseService]: AutowiredFieldElement for private java.lang.String com.ningmeng.manage_course.service.CourseService.publish_page_webpath
2020-03-09 20:45:27.836 [main] DEBUG o.s.b.f.annotation.InjectionMetadata - Registered injected element on class [com.ningmeng.manage_course.service.CourseService]: AutowiredFieldElement for private java.lang.String com.ningmeng.manage_course.service.CourseService.publish_siteId
2020-03-09 20:45:27.837 [main] DEBUG o.s.b.f.annotation.InjectionMetadata - Registered injected element on class [com.ningmeng.manage_course.service.CourseService]: AutowiredFieldElement for private java.lang.String com.ningmeng.manage_course.service.CourseService.publish_templateId
2020-03-09 20:45:27.837 [main] DEBUG o.s.b.f.annotation.InjectionMetadata - Registered injected element on class [com.ningmeng.manage_course.service.CourseService]: AutowiredFieldElement for private java.lang.String com.ningmeng.manage_course.service.CourseService.previewUrl
2020-03-09 20:45:27.837 [main] DEBUG o.s.b.f.s.DefaultListableBeanFactory - Eagerly caching bean 'courseService' to allow for resolving potential circular references
2020-03-09 20:45:27.840 [main] DEBUG o.s.b.f.annotation.InjectionMetadata - Processing injected element of bean 'courseService': AutowiredFieldElement for com.ningmeng.manage_course.dao.TeachplanMapper com.ningmeng.manage_course.service.CourseService.teachplanMapper
2020-03-09 20:45:27.841 [main] DEBUG o.s.core.annotation.AnnotationUtils - Failed to meta-introspect annotation interface org.springframework.beans.factory.annotation.Autowired: java.lang.NullPointerException
2020-03-09 20:45:27.843 [main] DEBUG o.s.b.f.s.DefaultListableBeanFactory - Creating shared instance of singleton bean 'teachplanMapper'
2020-03-09 20:45:27.843 [main] DEBUG o.s.b.f.s.DefaultListableBeanFactory - Creating instance of bean 'teachplanMapper'
2020-03-09 20:45:27.843 [main] DEBUG o.s.b.f.s.DefaultListableBeanFactory - Returning cached instance of singleton bean 'org.springframework.transaction.config.internalTransactionAdvisor'
2020-03-09 20:45:27.843 [main] DEBUG o.s.b.f.s.DefaultListableBeanFactory - Eagerly caching bean 'teachplanMapper' to allow for resolving potential circular references
2020-03-09 20:45:27.854 [main] DEBUG o.s.b.f.s.DefaultListableBeanFactory - Creating shared instance of singleton bean 'sqlSessionFactory'
2020-03-09 20:45:27.854 [main] DEBUG o.s.b.f.s.DefaultListableBeanFactory - Creating instance of bean 'sqlSessionFactory'
2020-03-09 20:45:27.854 [main] DEBUG o.s.b.f.s.DefaultListableBeanFactory - Returning cached instance of singleton bean 'org.springframework.transaction.config.internalTransactionAdvisor'
2020-03-09 20:45:27.854 [main] DEBUG o.s.b.f.s.DefaultListableBeanFactory - Creating shared instance of singleton bean 'org.mybatis.spring.boot.autoconfigure.MybatisAutoConfiguration'
2020-03-09 20:45:27.854 [main] DEBUG o.s.b.f.s.DefaultListableBeanFactory - Creating instance of bean 'org.mybatis.spring.boot.autoconfigure.MybatisAutoConfiguration'
2020-03-09 20:45:27.854 [main] DEBUG o.s.b.f.s.DefaultListableBeanFactory - Returning cached instance of singleton bean 'org.springframework.transaction.config.internalTransactionAdvisor'
2020-03-09 20:45:27.855 [main] DEBUG o.s.c.LocalVariableTableParameterNameDiscoverer - Cannot find '.class' file for class [class org.mybatis.spring.boot.autoconfigure.MybatisAutoConfiguration$$EnhancerBySpringCGLIB$$de28c2cb] - unable to determine constructor/method parameter names
2020-03-09 20:45:27.859 [main] DEBUG o.s.b.f.s.DefaultListableBeanFactory - Creating shared instance of singleton bean 'mybatis-org.mybatis.spring.boot.autoconfigure.MybatisProperties'
2020-03-09 20:45:27.859 [main] DEBUG o.s.b.f.s.DefaultListableBeanFactory - Creating instance of bean 'mybatis-org.mybatis.spring.boot.autoconfigure.MybatisProperties'
2020-03-09 20:45:27.859 [main] DEBUG o.s.b.f.s.DefaultListableBeanFactory - Returning cached instance of singleton bean 'org.springframework.transaction.config.internalTransactionAdvisor'
2020-03-09 20:45:27.861 [main] DEBUG o.s.b.f.s.DefaultListableBeanFactory - Eagerly caching bean 'mybatis-org.mybatis.spring.boot.autoconfigure.MybatisProperties' to allow for resolving potential circular references
2020-03-09 20:45:27.864 [main] DEBUG o.s.b.f.s.DefaultListableBeanFactory - Returning cached instance of singleton bean 'org.springframework.transaction.config.internalTransactionAdvisor'
2020-03-09 20:45:27.864 [main] DEBUG o.s.b.f.s.DefaultListableBeanFactory - Returning cached instance of singleton bean 'org.springframework.transaction.config.internalTransactionAdvisor'
2020-03-09 20:45:27.865 [main] DEBUG o.s.b.f.s.DefaultListableBeanFactory - Finished creating instance of bean 'mybatis-org.mybatis.spring.boot.autoconfigure.MybatisProperties'
2020-03-09 20:45:27.868 [main] DEBUG o.s.b.f.s.DefaultListableBeanFactory - Autowiring by type from bean name 'org.mybatis.spring.boot.autoconfigure.MybatisAutoConfiguration' via constructor to bean named 'mybatis-org.mybatis.spring.boot.autoconfigure.MybatisProperties'
2020-03-09 20:45:27.868 [main] DEBUG o.s.b.f.s.DefaultListableBeanFactory - Autowiring by type from bean name 'org.mybatis.spring.boot.autoconfigure.MybatisAutoConfiguration' via constructor to bean named 'org.springframework.web.context.support.GenericWebApplicationContext@21d5c1a0'
2020-03-09 20:45:27.878 [main] DEBUG o.s.c.a.CommonAnnotationBeanPostProcessor - Found init method on class [org.mybatis.spring.boot.autoconfigure.MybatisAutoConfiguration$$EnhancerBySpringCGLIB$$de28c2cb]: public void org.mybatis.spring.boot.autoconfigure.MybatisAutoConfiguration.checkConfigFileExists()
2020-03-09 20:45:27.878 [main] DEBUG o.s.c.a.CommonAnnotationBeanPostProcessor - Registered init method on class [org.mybatis.spring.boot.autoconfigure.MybatisAutoConfiguration$$EnhancerBySpringCGLIB$$de28c2cb]: org.springframework.beans.factory.annotation.InitDestroyAnnotationBeanPostProcessor$LifecycleElement@c7c09702
2020-03-09 20:45:27.878 [main] DEBUG o.s.b.f.s.DefaultListableBeanFactory - Eagerly caching bean 'org.mybatis.spring.boot.autoconfigure.MybatisAutoConfiguration' to allow for resolving potential circular references
2020-03-09 20:45:27.882 [main] DEBUG o.s.c.a.CommonAnnotationBeanPostProcessor - Invoking init method on bean 'org.mybatis.spring.boot.autoconfigure.MybatisAutoConfiguration': public void org.mybatis.spring.boot.autoconfigure.MybatisAutoConfiguration.checkConfigFileExists()
2020-03-09 20:45:27.882 [main] DEBUG o.s.b.f.s.DefaultListableBeanFactory - Returning cached instance of singleton bean 'org.springframework.transaction.config.internalTransactionAdvisor'
2020-03-09 20:45:27.882 [main] DEBUG o.s.b.f.s.DefaultListableBeanFactory - Returning cached instance of singleton bean 'org.springframework.transaction.config.internalTransactionAdvisor'
2020-03-09 20:45:27.883 [main] DEBUG o.s.b.f.s.DefaultListableBeanFactory - Finished creating instance of bean 'org.mybatis.spring.boot.autoconfigure.MybatisAutoConfiguration'
2020-03-09 20:45:27.887 [main] DEBUG o.s.b.f.s.DefaultListableBeanFactory - Returning cached instance of singleton bean 'dataSource'
2020-03-09 20:45:27.888 [main] DEBUG o.s.b.f.s.DefaultListableBeanFactory - Autowiring by type from bean name 'sqlSessionFactory' via factory method to bean named 'dataSource'
2020-03-09 20:45:27.924 [main] DEBUG org.apache.ibatis.logging.LogFactory - Logging initialized using 'class org.apache.ibatis.logging.slf4j.Slf4jImpl' adapter.
2020-03-09 20:45:28.061 [main] DEBUG o.m.spring.SqlSessionFactoryBean - Property 'mapperLocations' was not specified or no matching resources found
2020-03-09 20:45:28.062 [main] DEBUG o.s.b.f.s.DefaultListableBeanFactory - Eagerly caching bean 'sqlSessionFactory' to allow for resolving potential circular references
2020-03-09 20:45:28.064 [main] DEBUG o.s.b.f.s.DefaultListableBeanFactory - Returning cached instance of singleton bean 'org.springframework.transaction.config.internalTransactionAdvisor'
2020-03-09 20:45:28.064 [main] DEBUG o.s.b.f.s.DefaultListableBeanFactory - Returning cached instance of singleton bean 'org.springframework.transaction.config.internalTransactionAdvisor'
2020-03-09 20:45:28.065 [main] DEBUG o.s.b.f.s.DefaultListableBeanFactory - Finished creating instance of bean 'sqlSessionFactory'
2020-03-09 20:45:28.065 [main] DEBUG o.s.b.f.s.DefaultListableBeanFactory - Autowiring by type from bean name 'teachplanMapper' via property 'sqlSessionFactory' to bean named 'sqlSessionFactory'
2020-03-09 20:45:28.066 [main] DEBUG o.s.b.f.s.DefaultListableBeanFactory - Creating shared instance of singleton bean 'sqlSessionTemplate'
2020-03-09 20:45:28.066 [main] DEBUG o.s.b.f.s.DefaultListableBeanFactory - Creating instance of bean 'sqlSessionTemplate'
2020-03-09 20:45:28.067 [main] DEBUG o.s.b.f.s.DefaultListableBeanFactory - Returning cached instance of singleton bean 'org.springframework.transaction.config.internalTransactionAdvisor'
2020-03-09 20:45:28.067 [main] DEBUG o.s.b.f.s.DefaultListableBeanFactory - Returning cached instance of singleton bean 'org.mybatis.spring.boot.autoconfigure.MybatisAutoConfiguration'
2020-03-09 20:45:28.067 [main] DEBUG o.s.b.f.s.DefaultListableBeanFactory - Returning cached instance of singleton bean 'sqlSessionFactory'
2020-03-09 20:45:28.067 [main] DEBUG o.s.b.f.s.DefaultListableBeanFactory - Autowiring by type from bean name 'sqlSessionTemplate' via factory method to bean named 'sqlSessionFactory'
2020-03-09 20:45:28.076 [main] DEBUG o.s.b.f.s.DefaultListableBeanFactory - Eagerly caching bean 'sqlSessionTemplate' to allow for resolving potential circular references
2020-03-09 20:45:28.084 [main] DEBUG o.s.b.f.s.DefaultListableBeanFactory - Returning cached instance of singleton bean 'org.springframework.transaction.config.internalTransactionAdvisor'
2020-03-09 20:45:28.085 [main] DEBUG o.s.b.f.s.DefaultListableBeanFactory - Returning cached instance of singleton bean 'org.springframework.transaction.config.internalTransactionAdvisor'
2020-03-09 20:45:28.086 [main] DEBUG o.s.b.f.s.DefaultListableBeanFactory - Finished creating instance of bean 'sqlSessionTemplate'
2020-03-09 20:45:28.086 [main] DEBUG o.s.b.f.s.DefaultListableBeanFactory - Autowiring by type from bean name 'teachplanMapper' via property 'sqlSessionTemplate' to bean named 'sqlSessionTemplate'
2020-03-09 20:45:28.087 [main] DEBUG o.s.b.f.s.DefaultListableBeanFactory - Invoking afterPropertiesSet() on bean with name 'teachplanMapper'
2020-03-09 20:45:28.241 [main] DEBUG o.s.b.f.s.DefaultListableBeanFactory - Returning cached instance of singleton bean 'org.springframework.transaction.config.internalTransactionAdvisor'
2020-03-09 20:45:28.241 [main] DEBUG o.s.b.f.s.DefaultListableBeanFactory - Returning cached instance of singleton bean 'org.springframework.transaction.config.internalTransactionAdvisor'
2020-03-09 20:45:28.242 [main] DEBUG o.s.b.f.s.DefaultListableBeanFactory - Finished creating instance of bean 'teachplanMapper'
2020-03-09 20:45:28.243 [main] DEBUG o.s.b.f.s.DefaultListableBeanFactory - Returning cached instance of singleton bean 'org.springframework.transaction.config.internalTransactionAdvisor'
2020-03-09 20:45:28.243 [main] DEBUG o.s.b.f.s.DefaultListableBeanFactory - Returning cached instance of singleton bean 'org.springframework.transaction.config.internalTransactionAdvisor'
2020-03-09 20:45:28.243 [main] DEBUG o.s.b.f.a.AutowiredAnnotationBeanPostProcessor - Autowiring by type from bean name 'courseService' to bean named 'teachplanMapper'
2020-03-09 20:45:28.243 [main] DEBUG o.s.b.f.annotation.InjectionMetadata - Processing injected element of bean 'courseService': AutowiredFieldElement for com.ningmeng.manage_course.dao.TeachplanRepository com.ningmeng.manage_course.service.CourseService.teachplanRepository
2020-03-09 20:45:28.244 [main] DEBUG o.s.core.annotation.AnnotationUtils - Failed to meta-introspect annotation interface org.springframework.beans.factory.annotation.Autowired: java.lang.NullPointerException
2020-03-09 20:45:28.245 [main] DEBUG o.s.b.f.s.DefaultListableBeanFactory - Creating shared instance of singleton bean 'teachplanRepository'
2020-03-09 20:45:28.245 [main] DEBUG o.s.b.f.s.DefaultListableBeanFactory - Creating instance of bean 'teachplanRepository'
2020-03-09 20:45:28.245 [main] DEBUG o.s.b.f.s.DefaultListableBeanFactory - Returning cached instance of singleton bean 'org.springframework.transaction.config.internalTransactionAdvisor'
2020-03-09 20:45:28.256 [main] DEBUG o.s.b.f.annotation.InjectionMetadata - Registered injected element on class [org.springframework.data.jpa.repository.support.JpaRepositoryFactoryBean]: PersistenceElement for public void org.springframework.data.jpa.repository.support.JpaRepositoryFactoryBean.setEntityManager(javax.persistence.EntityManager)
2020-03-09 20:45:28.256 [main] DEBUG o.s.b.f.s.DefaultListableBeanFactory - Eagerly caching bean 'teachplanRepository' to allow for resolving potential circular references
2020-03-09 20:45:28.257 [main] DEBUG o.s.b.f.annotation.InjectionMetadata - Processing injected element of bean 'teachplanRepository': PersistenceElement for public void org.springframework.data.jpa.repository.support.JpaRepositoryFactoryBean.setEntityManager(javax.persistence.EntityManager)
2020-03-09 20:45:28.257 [main] DEBUG o.s.b.f.s.DefaultListableBeanFactory - Creating instance of bean '(inner bean)#32ba5c65'
2020-03-09 20:45:28.258 [main] DEBUG o.s.b.f.s.DefaultListableBeanFactory - Returning cached instance of singleton bean 'org.springframework.transaction.config.internalTransactionAdvisor'
2020-03-09 20:45:28.258 [main] DEBUG o.s.b.f.s.DefaultListableBeanFactory - Creating instance of bean '(inner bean)#702f4124'
2020-03-09 20:45:28.258 [main] DEBUG o.s.b.f.s.DefaultListableBeanFactory - Returning cached instance of singleton bean 'org.springframework.transaction.config.internalTransactionAdvisor'
2020-03-09 20:45:28.266 [main] DEBUG o.s.c.i.s.PathMatchingResourcePatternResolver - Resolved classpath location [META-INF/jpa-named-queries.properties] to resources []
2020-03-09 20:45:28.267 [main] DEBUG o.s.b.f.s.DefaultListableBeanFactory - Invoking afterPropertiesSet() on bean with name '(inner bean)#702f4124'
2020-03-09 20:45:28.267 [main] DEBUG o.s.b.f.s.DefaultListableBeanFactory - Returning cached instance of singleton bean 'org.springframework.transaction.config.internalTransactionAdvisor'
2020-03-09 20:45:28.267 [main] DEBUG o.s.b.f.s.DefaultListableBeanFactory - Returning cached instance of singleton bean 'org.springframework.transaction.config.internalTransactionAdvisor'
2020-03-09 20:45:28.267 [main] DEBUG o.s.b.f.s.DefaultListableBeanFactory - Finished creating instance of bean '(inner bean)#702f4124'
2020-03-09 20:45:28.268 [main] DEBUG o.s.b.f.s.DefaultListableBeanFactory - Returning cached instance of singleton bean 'org.springframework.transaction.config.internalTransactionAdvisor'
2020-03-09 20:45:28.268 [main] DEBUG o.s.b.f.s.DefaultListableBeanFactory - Returning cached instance of singleton bean 'org.springframework.transaction.config.internalTransactionAdvisor'
2020-03-09 20:45:28.275 [main] DEBUG o.s.b.f.s.DefaultListableBeanFactory - Returning cached instance of singleton bean 'org.springframework.transaction.config.internalTransactionAdvisor'
2020-03-09 20:45:28.275 [main] DEBUG o.s.b.f.s.DefaultListableBeanFactory - Returning cached instance of singleton bean 'org.springframework.transaction.config.internalTransactionAdvisor'
2020-03-09 20:45:28.275 [main] DEBUG o.s.b.f.s.DefaultListableBeanFactory - Finished creating instance of bean '(inner bean)#32ba5c65'
2020-03-09 20:45:28.276 [main] DEBUG o.s.b.f.s.DefaultListableBeanFactory - Creating instance of bean '(inner bean)#3a70575'
2020-03-09 20:45:28.276 [main] DEBUG o.s.b.f.s.DefaultListableBeanFactory - Returning cached instance of singleton bean 'org.springframework.transaction.config.internalTransactionAdvisor'
2020-03-09 20:45:28.287 [main] DEBUG o.s.b.f.s.DefaultListableBeanFactory - Invoking afterPropertiesSet() on bean with name '(inner bean)#3a70575'
2020-03-09 20:45:28.289 [main] DEBUG o.s.b.f.s.DefaultListableBeanFactory - Returning cached instance of singleton bean 'org.springframework.transaction.config.internalTransactionAdvisor'
2020-03-09 20:45:28.289 [main] DEBUG o.s.b.f.s.DefaultListableBeanFactory - Returning cached instance of singleton bean 'org.springframework.transaction.config.internalTransactionAdvisor'
2020-03-09 20:45:28.290 [main] DEBUG o.s.b.f.s.DefaultListableBeanFactory - Finished creating instance of bean '(inner bean)#3a70575'
2020-03-09 20:45:28.290 [main] DEBUG o.s.b.f.s.DefaultListableBeanFactory - Returning cached instance of singleton bean 'org.springframework.transaction.config.internalTransactionAdvisor'
2020-03-09 20:45:28.290 [main] DEBUG o.s.b.f.s.DefaultListableBeanFactory - Returning cached instance of singleton bean 'org.springframework.transaction.config.internalTransactionAdvisor'
2020-03-09 20:45:28.295 [main] DEBUG o.s.b.f.s.DefaultListableBeanFactory - Creating instance of bean '(inner bean)#58636b50'
2020-03-09 20:45:28.295 [main] DEBUG o.s.b.f.s.DefaultListableBeanFactory - Returning cached instance of singleton bean 'org.springframework.transaction.config.internalTransactionAdvisor'
2020-03-09 20:45:28.312 [main] DEBUG o.s.b.f.s.DefaultListableBeanFactory - Returning cached instance of singleton bean 'org.springframework.transaction.config.internalTransactionAdvisor'
2020-03-09 20:45:28.312 [main] DEBUG o.s.b.f.s.DefaultListableBeanFactory - Returning cached instance of singleton bean 'org.springframework.transaction.config.internalTransactionAdvisor'
2020-03-09 20:45:28.313 [main] DEBUG o.s.b.f.s.DefaultListableBeanFactory - Finished creating instance of bean '(inner bean)#58636b50'
2020-03-09 20:45:28.313 [main] DEBUG o.s.b.f.s.DefaultListableBeanFactory - Creating instance of bean '(inner bean)#6b2e9db2'
2020-03-09 20:45:28.313 [main] DEBUG o.s.b.f.s.DefaultListableBeanFactory - Returning cached instance of singleton bean 'org.springframework.transaction.config.internalTransactionAdvisor'
2020-03-09 20:45:28.314 [main] DEBUG o.s.b.f.s.DefaultListableBeanFactory - Returning cached instance of singleton bean 'entityManagerFactory'
2020-03-09 20:45:28.314 [main] DEBUG o.s.b.f.s.DefaultListableBeanFactory - Returning cached instance of singleton bean 'org.springframework.transaction.config.internalTransactionAdvisor'
2020-03-09 20:45:28.314 [main] DEBUG o.s.b.f.s.DefaultListableBeanFactory - Returning cached instance of singleton bean 'org.springframework.transaction.config.internalTransactionAdvisor'
2020-03-09 20:45:28.317 [main] DEBUG o.s.jdbc.datasource.DataSourceUtils - Fetching JDBC Connection from DataSource
2020-03-09 20:45:28.319 [main] DEBUG o.s.jdbc.datasource.DataSourceUtils - Returning JDBC Connection to DataSource
2020-03-09 20:45:28.355 [main] DEBUG o.s.b.f.s.DefaultListableBeanFactory - Returning cached instance of singleton bean 'org.springframework.transaction.config.internalTransactionAdvisor'
2020-03-09 20:45:28.356 [main] DEBUG o.s.b.f.s.DefaultListableBeanFactory - Returning cached instance of singleton bean 'org.springframework.transaction.config.internalTransactionAdvisor'
2020-03-09 20:45:28.357 [main] DEBUG o.s.b.f.s.DefaultListableBeanFactory - Finished creating instance of bean '(inner bean)#6b2e9db2'
2020-03-09 20:45:28.357 [main] DEBUG o.s.b.f.s.DefaultListableBeanFactory - Creating shared instance of singleton bean 'jpaMappingContext'
2020-03-09 20:45:28.357 [main] DEBUG o.s.b.f.s.DefaultListableBeanFactory - Creating instance of bean 'jpaMappingContext'
2020-03-09 20:45:28.357 [main] DEBUG o.s.b.f.s.DefaultListableBeanFactory - Returning cached instance of singleton bean 'org.springframework.transaction.config.internalTransactionAdvisor'
2020-03-09 20:45:28.358 [main] DEBUG o.s.b.f.s.DefaultListableBeanFactory - Eagerly caching bean 'jpaMappingContext' to allow for resolving potential circular references
2020-03-09 20:45:28.375 [main] DEBUG o.s.b.f.s.DefaultListableBeanFactory - Invoking afterPropertiesSet() on bean with name 'jpaMappingContext'
2020-03-09 20:45:28.377 [main] DEBUG o.s.b.f.s.DefaultListableBeanFactory - Returning cached instance of singleton bean 'entityManagerFactory'
2020-03-09 20:45:28.613 [main] DEBUG o.s.b.f.s.DefaultListableBeanFactory - Returning cached instance of singleton bean 'org.springframework.transaction.config.internalTransactionAdvisor'
2020-03-09 20:45:28.614 [main] DEBUG o.s.b.f.s.DefaultListableBeanFactory - Returning cached instance of singleton bean 'org.springframework.transaction.config.internalTransactionAdvisor'
2020-03-09 20:45:28.615 [main] DEBUG o.s.b.f.s.DefaultListableBeanFactory - Finished creating instance of bean 'jpaMappingContext'
2020-03-09 20:45:28.615 [main] DEBUG o.s.b.f.s.DefaultListableBeanFactory - Returning cached instance of singleton bean 'org.springframework.transaction.config.internalTransactionAdvisor'
2020-03-09 20:45:28.615 [main] DEBUG o.s.b.f.s.DefaultListableBeanFactory - Returning cached instance of singleton bean 'org.springframework.transaction.config.internalTransactionAdvisor'
2020-03-09 20:45:28.622 [main] DEBUG o.s.b.f.s.DefaultListableBeanFactory - Invoking afterPropertiesSet() on bean with name 'teachplanRepository'
2020-03-09 20:45:28.627 [main] DEBUG o.s.o.j.SharedEntityManagerCreator$SharedEntityManagerInvocationHandler - Creating new EntityManager for shared EntityManager invocation
2020-03-09 20:45:28.724 [main] DEBUG o.h.s.internal.StatisticsInitiator - Statistics initialized [enabled=false]
2020-03-09 20:45:28.732 [main] DEBUG o.s.o.jpa.EntityManagerFactoryUtils - Closing JPA EntityManager
2020-03-09 20:45:28.735 [main] DEBUG o.s.o.j.SharedEntityManagerCreator$SharedEntityManagerInvocationHandler - Creating new EntityManager for shared EntityManager invocation
2020-03-09 20:45:28.735 [main] DEBUG o.s.o.jpa.EntityManagerFactoryUtils - Closing JPA EntityManager
2020-03-09 20:45:28.758 [main] DEBUG o.s.o.j.SharedEntityManagerCreator$SharedEntityManagerInvocationHandler - Creating new EntityManager for shared EntityManager invocation
2020-03-09 20:45:28.759 [main] DEBUG o.s.o.jpa.EntityManagerFactoryUtils - Closing JPA EntityManager
2020-03-09 20:45:28.760 [main] DEBUG o.s.aop.framework.JdkDynamicAopProxy - Creating JDK dynamic proxy: target source is org.springframework.data.jpa.repository.support.CrudMethodMetadataPostProcessor$ThreadBoundTargetSource@713e7d9a
2020-03-09 20:45:28.832 [main] DEBUG o.s.o.j.SharedEntityManagerCreator$SharedEntityManagerInvocationHandler - Creating new EntityManager for shared EntityManager invocation
2020-03-09 20:45:28.833 [main] DEBUG o.s.o.jpa.EntityManagerFactoryUtils - Closing JPA EntityManager
2020-03-09 20:45:28.863 [main] DEBUG o.s.d.j.r.query.JpaQueryFactory - Looking up query for method findByCourseidAndParentid
2020-03-09 20:45:28.873 [main] DEBUG o.s.d.j.repository.query.NamedQuery - Looking up named query Teachplan.findByCourseidAndParentid
2020-03-09 20:45:28.876 [main] DEBUG o.s.d.j.repository.query.NamedQuery - Did not find named query Teachplan.findByCourseidAndParentid
2020-03-09 20:45:28.882 [main] DEBUG o.s.o.j.SharedEntityManagerCreator$SharedEntityManagerInvocationHandler - Creating new EntityManager for shared EntityManager invocation
2020-03-09 20:45:28.883 [main] DEBUG o.s.o.jpa.EntityManagerFactoryUtils - Closing JPA EntityManager
2020-03-09 20:45:28.987 [main] DEBUG o.s.aop.framework.JdkDynamicAopProxy - Creating JDK dynamic proxy: target source is SingletonTargetSource for target object [org.springframework.data.jpa.repository.support.SimpleJpaRepository@773f3360]
2020-03-09 20:45:28.990 [main] DEBUG o.s.b.f.s.DefaultListableBeanFactory - Returning cached instance of singleton bean 'org.springframework.transaction.config.internalTransactionAdvisor'
2020-03-09 20:45:28.990 [main] DEBUG o.s.b.f.s.DefaultListableBeanFactory - Returning cached instance of singleton bean 'org.springframework.transaction.config.internalTransactionAdvisor'
2020-03-09 20:45:28.991 [main] DEBUG o.s.b.f.s.DefaultListableBeanFactory - Finished creating instance of bean 'teachplanRepository'
2020-03-09 20:45:28.992 [main] DEBUG o.s.b.f.s.DefaultListableBeanFactory - Returning cached instance of singleton bean 'org.springframework.transaction.config.internalTransactionAdvisor'
2020-03-09 20:45:28.992 [main] DEBUG o.s.b.f.s.DefaultListableBeanFactory - Returning cached instance of singleton bean 'org.springframework.transaction.config.internalTransactionAdvisor'
2020-03-09 20:45:28.993 [main] DEBUG o.s.b.f.a.AutowiredAnnotationBeanPostProcessor - Autowiring by type from bean name 'courseService' to bean named 'teachplanRepository'
2020-03-09 20:45:28.993 [main] DEBUG o.s.b.f.annotation.InjectionMetadata - Processing injected element of bean 'courseService': AutowiredFieldElement for com.ningmeng.manage_course.dao.CourseBaseRepository com.ningmeng.manage_course.service.CourseService.courseBaseRepository
2020-03-09 20:45:28.993 [main] DEBUG o.s.core.annotation.AnnotationUtils - Failed to meta-introspect annotation interface org.springframework.beans.factory.annotation.Autowired: java.lang.NullPointerException
2020-03-09 20:45:28.995 [main] DEBUG o.s.b.f.s.DefaultListableBeanFactory - Creating shared instance of singleton bean 'courseBaseRepository'
2020-03-09 20:45:28.995 [main] DEBUG o.s.b.f.s.DefaultListableBeanFactory - Creating instance of bean 'courseBaseRepository'
2020-03-09 20:45:28.995 [main] DEBUG o.s.b.f.s.DefaultListableBeanFactory - Returning cached instance of singleton bean 'org.springframework.transaction.config.internalTransactionAdvisor'
2020-03-09 20:45:28.996 [main] DEBUG o.s.b.f.annotation.InjectionMetadata - Registered injected element on class [org.springframework.data.jpa.repository.support.JpaRepositoryFactoryBean]: PersistenceElement for public void org.springframework.data.jpa.repository.support.JpaRepositoryFactoryBean.setEntityManager(javax.persistence.EntityManager)
2020-03-09 20:45:28.996 [main] DEBUG o.s.b.f.s.DefaultListableBeanFactory - Eagerly caching bean 'courseBaseRepository' to allow for resolving potential circular references
2020-03-09 20:45:28.996 [main] DEBUG o.s.b.f.annotation.InjectionMetadata - Processing injected element of bean 'courseBaseRepository': PersistenceElement for public void org.springframework.data.jpa.repository.support.JpaRepositoryFactoryBean.setEntityManager(javax.persistence.EntityManager)
2020-03-09 20:45:28.996 [main] DEBUG o.s.b.f.s.DefaultListableBeanFactory - Creating instance of bean '(inner bean)#4c6fc3e7'
2020-03-09 20:45:28.996 [main] DEBUG o.s.b.f.s.DefaultListableBeanFactory - Returning cached instance of singleton bean 'org.springframework.transaction.config.internalTransactionAdvisor'
2020-03-09 20:45:28.996 [main] DEBUG o.s.b.f.s.DefaultListableBeanFactory - Creating instance of bean '(inner bean)#aa8dce8'
2020-03-09 20:45:28.997 [main] DEBUG o.s.b.f.s.DefaultListableBeanFactory - Returning cached instance of singleton bean 'org.springframework.transaction.config.internalTransactionAdvisor'
2020-03-09 20:45:28.998 [main] DEBUG o.s.c.i.s.PathMatchingResourcePatternResolver - Resolved classpath location [META-INF/jpa-named-queries.properties] to resources []
2020-03-09 20:45:28.998 [main] DEBUG o.s.b.f.s.DefaultListableBeanFactory - Invoking afterPropertiesSet() on bean with name '(inner bean)#aa8dce8'
2020-03-09 20:45:28.998 [main] DEBUG o.s.b.f.s.DefaultListableBeanFactory - Returning cached instance of singleton bean 'org.springframework.transaction.config.internalTransactionAdvisor'
2020-03-09 20:45:28.998 [main] DEBUG o.s.b.f.s.DefaultListableBeanFactory - Returning cached instance of singleton bean 'org.springframework.transaction.config.internalTransactionAdvisor'
2020-03-09 20:45:28.998 [main] DEBUG o.s.b.f.s.DefaultListableBeanFactory - Finished creating instance of bean '(inner bean)#aa8dce8'
2020-03-09 20:45:28.998 [main] DEBUG o.s.b.f.s.DefaultListableBeanFactory - Returning cached instance of singleton bean 'org.springframework.transaction.config.internalTransactionAdvisor'
2020-03-09 20:45:28.998 [main] DEBUG o.s.b.f.s.DefaultListableBeanFactory - Returning cached instance of singleton bean 'org.springframework.transaction.config.internalTransactionAdvisor'
2020-03-09 20:45:28.999 [main] DEBUG o.s.b.f.s.DefaultListableBeanFactory - Returning cached instance of singleton bean 'org.springframework.transaction.config.internalTransactionAdvisor'
2020-03-09 20:45:28.999 [main] DEBUG o.s.b.f.s.DefaultListableBeanFactory - Returning cached instance of singleton bean 'org.springframework.transaction.config.internalTransactionAdvisor'
2020-03-09 20:45:28.999 [main] DEBUG o.s.b.f.s.DefaultListableBeanFactory - Finished creating instance of bean '(inner bean)#4c6fc3e7'
2020-03-09 20:45:28.999 [main] DEBUG o.s.b.f.s.DefaultListableBeanFactory - Creating instance of bean '(inner bean)#66e12c3b'
2020-03-09 20:45:29.000 [main] DEBUG o.s.b.f.s.DefaultListableBeanFactory - Returning cached instance of singleton bean 'org.springframework.transaction.config.internalTransactionAdvisor'
2020-03-09 20:45:29.000 [main] DEBUG o.s.b.f.s.DefaultListableBeanFactory - Invoking afterPropertiesSet() on bean with name '(inner bean)#66e12c3b'
2020-03-09 20:45:29.000 [main] DEBUG o.s.b.f.s.DefaultListableBeanFactory - Returning cached instance of singleton bean 'org.springframework.transaction.config.internalTransactionAdvisor'
2020-03-09 20:45:29.000 [main] DEBUG o.s.b.f.s.DefaultListableBeanFactory - Returning cached instance of singleton bean 'org.springframework.transaction.config.internalTransactionAdvisor'
2020-03-09 20:45:29.001 [main] DEBUG o.s.b.f.s.DefaultListableBeanFactory - Finished creating instance of bean '(inner bean)#66e12c3b'
2020-03-09 20:45:29.001 [main] DEBUG o.s.b.f.s.DefaultListableBeanFactory - Returning cached instance of singleton bean 'org.springframework.transaction.config.internalTransactionAdvisor'
2020-03-09 20:45:29.001 [main] DEBUG o.s.b.f.s.DefaultListableBeanFactory - Returning cached instance of singleton bean 'org.springframework.transaction.config.internalTransactionAdvisor'
2020-03-09 20:45:29.001 [main] DEBUG o.s.b.f.s.DefaultListableBeanFactory - Creating instance of bean '(inner bean)#22604c7e'
2020-03-09 20:45:29.001 [main] DEBUG o.s.b.f.s.DefaultListableBeanFactory - Returning cached instance of singleton bean 'org.springframework.transaction.config.internalTransactionAdvisor'
2020-03-09 20:45:29.001 [main] DEBUG o.s.b.f.s.DefaultListableBeanFactory - Returning cached instance of singleton bean 'org.springframework.transaction.config.internalTransactionAdvisor'
2020-03-09 20:45:29.001 [main] DEBUG o.s.b.f.s.DefaultListableBeanFactory - Returning cached instance of singleton bean 'org.springframework.transaction.config.internalTransactionAdvisor'
2020-03-09 20:45:29.002 [main] DEBUG o.s.b.f.s.DefaultListableBeanFactory - Finished creating instance of bean '(inner bean)#22604c7e'
2020-03-09 20:45:29.002 [main] DEBUG o.s.b.f.s.DefaultListableBeanFactory - Creating instance of bean '(inner bean)#6d4502ca'
2020-03-09 20:45:29.002 [main] DEBUG o.s.b.f.s.DefaultListableBeanFactory - Returning cached instance of singleton bean 'org.springframework.transaction.config.internalTransactionAdvisor'
2020-03-09 20:45:29.002 [main] DEBUG o.s.b.f.s.DefaultListableBeanFactory - Returning cached instance of singleton bean 'entityManagerFactory'
2020-03-09 20:45:29.003 [main] DEBUG o.s.b.f.s.DefaultListableBeanFactory - Returning cached instance of singleton bean 'org.springframework.transaction.config.internalTransactionAdvisor'
2020-03-09 20:45:29.004 [main] DEBUG o.s.b.f.s.DefaultListableBeanFactory - Returning cached instance of singleton bean 'org.springframework.transaction.config.internalTransactionAdvisor'
2020-03-09 20:45:29.004 [main] DEBUG o.s.b.f.s.DefaultListableBeanFactory - Finished creating instance of bean '(inner bean)#6d4502ca'
2020-03-09 20:45:29.004 [main] DEBUG o.s.b.f.s.DefaultListableBeanFactory - Returning cached instance of singleton bean 'jpaMappingContext'
2020-03-09 20:45:29.004 [main] DEBUG o.s.b.f.s.DefaultListableBeanFactory - Invoking afterPropertiesSet() on bean with name 'courseBaseRepository'
2020-03-09 20:45:29.005 [main] DEBUG o.s.o.j.SharedEntityManagerCreator$SharedEntityManagerInvocationHandler - Creating new EntityManager for shared EntityManager invocation
2020-03-09 20:45:29.006 [main] DEBUG o.s.o.jpa.EntityManagerFactoryUtils - Closing JPA EntityManager
2020-03-09 20:45:29.009 [main] DEBUG o.s.o.j.SharedEntityManagerCreator$SharedEntityManagerInvocationHandler - Creating new EntityManager for shared EntityManager invocation
2020-03-09 20:45:29.010 [main] DEBUG o.s.o.jpa.EntityManagerFactoryUtils - Closing JPA EntityManager
2020-03-09 20:45:29.011 [main] DEBUG o.s.aop.framework.JdkDynamicAopProxy - Creating JDK dynamic proxy: target source is org.springframework.data.jpa.repository.support.CrudMethodMetadataPostProcessor$ThreadBoundTargetSource@1e4d8770
2020-03-09 20:45:29.012 [main] DEBUG o.s.o.j.SharedEntityManagerCreator$SharedEntityManagerInvocationHandler - Creating new EntityManager for shared EntityManager invocation
2020-03-09 20:45:29.012 [main] DEBUG o.s.o.jpa.EntityManagerFactoryUtils - Closing JPA EntityManager
2020-03-09 20:45:29.014 [main] DEBUG o.s.aop.framework.JdkDynamicAopProxy - Creating JDK dynamic proxy: target source is SingletonTargetSource for target object [org.springframework.data.jpa.repository.support.SimpleJpaRepository@41f7c02d]
2020-03-09 20:45:29.018 [main] DEBUG o.s.b.f.s.DefaultListableBeanFactory - Returning cached instance of singleton bean 'org.springframework.transaction.config.internalTransactionAdvisor'
2020-03-09 20:45:29.018 [main] DEBUG o.s.b.f.s.DefaultListableBeanFactory - Returning cached instance of singleton bean 'org.springframework.transaction.config.internalTransactionAdvisor'
2020-03-09 20:45:29.018 [main] DEBUG o.s.b.f.s.DefaultListableBeanFactory - Finished creating instance of bean 'courseBaseRepository'
2020-03-09 20:45:29.018 [main] DEBUG o.s.b.f.s.DefaultListableBeanFactory - Returning cached instance of singleton bean 'org.springframework.transaction.config.internalTransactionAdvisor'
2020-03-09 20:45:29.018 [main] DEBUG o.s.b.f.s.DefaultListableBeanFactory - Returning cached instance of singleton bean 'org.springframework.transaction.config.internalTransactionAdvisor'
2020-03-09 20:45:29.019 [main] DEBUG o.s.b.f.a.AutowiredAnnotationBeanPostProcessor - Autowiring by type from bean name 'courseService' to bean named 'courseBaseRepository'
2020-03-09 20:45:29.019 [main] DEBUG o.s.b.f.annotation.InjectionMetadata - Processing injected element of bean 'courseService': AutowiredFieldElement for com.ningmeng.manage_course.dao.CourseMapper com.ningmeng.manage_course.service.CourseService.courseMapper
2020-03-09 20:45:29.019 [main] DEBUG o.s.core.annotation.AnnotationUtils - Failed to meta-introspect annotation interface org.springframework.beans.factory.annotation.Autowired: java.lang.NullPointerException
2020-03-09 20:45:29.020 [main] DEBUG o.s.b.f.s.DefaultListableBeanFactory - Creating shared instance of singleton bean 'courseMapper'
2020-03-09 20:45:29.020 [main] DEBUG o.s.b.f.s.DefaultListableBeanFactory - Creating instance of bean 'courseMapper'
2020-03-09 20:45:29.020 [main] DEBUG o.s.b.f.s.DefaultListableBeanFactory - Returning cached instance of singleton bean 'org.springframework.transaction.config.internalTransactionAdvisor'
2020-03-09 20:45:29.021 [main] DEBUG o.s.b.f.s.DefaultListableBeanFactory - Eagerly caching bean 'courseMapper' to allow for resolving potential circular references
2020-03-09 20:45:29.021 [main] DEBUG o.s.b.f.s.DefaultListableBeanFactory - Returning cached instance of singleton bean 'sqlSessionFactory'
2020-03-09 20:45:29.021 [main] DEBUG o.s.b.f.s.DefaultListableBeanFactory - Autowiring by type from bean name 'courseMapper' via property 'sqlSessionFactory' to bean named 'sqlSessionFactory'
2020-03-09 20:45:29.022 [main] DEBUG o.s.b.f.s.DefaultListableBeanFactory - Returning cached instance of singleton bean 'sqlSessionTemplate'
2020-03-09 20:45:29.022 [main] DEBUG o.s.b.f.s.DefaultListableBeanFactory - Autowiring by type from bean name 'courseMapper' via property 'sqlSessionTemplate' to bean named 'sqlSessionTemplate'
2020-03-09 20:45:29.022 [main] DEBUG o.s.b.f.s.DefaultListableBeanFactory - Invoking afterPropertiesSet() on bean with name 'courseMapper'
2020-03-09 20:45:29.441 [main] DEBUG o.s.b.f.s.DefaultListableBeanFactory - Returning cached instance of singleton bean 'org.springframework.transaction.config.internalTransactionAdvisor'
2020-03-09 20:45:29.441 [main] DEBUG o.s.b.f.s.DefaultListableBeanFactory - Returning cached instance of singleton bean 'org.springframework.transaction.config.internalTransactionAdvisor'
2020-03-09 20:45:29.441 [main] DEBUG o.s.b.f.s.DefaultListableBeanFactory - Finished creating instance of bean 'courseMapper'
2020-03-09 20:45:29.442 [main] DEBUG o.s.b.f.s.DefaultListableBeanFactory - Returning cached instance of singleton bean 'org.springframework.transaction.config.internalTransactionAdvisor'
2020-03-09 20:45:29.442 [main] DEBUG o.s.b.f.s.DefaultListableBeanFactory - Returning cached instance of singleton bean 'org.springframework.transaction.config.internalTransactionAdvisor'
2020-03-09 20:45:29.442 [main] DEBUG o.s.b.f.a.AutowiredAnnotationBeanPostProcessor - Autowiring by type from bean name 'courseService' to bean named 'courseMapper'
2020-03-09 20:45:29.442 [main] DEBUG o.s.b.f.annotation.InjectionMetadata - Processing injected element of bean 'courseService': AutowiredFieldElement for com.ningmeng.manage_course.dao.CoursePubRepository com.ningmeng.manage_course.service.CourseService.coursePubRepository
2020-03-09 20:45:29.442 [main] DEBUG o.s.core.annotation.AnnotationUtils - Failed to meta-introspect annotation interface org.springframework.beans.factory.annotation.Autowired: java.lang.NullPointerException
2020-03-09 20:45:29.444 [main] DEBUG o.s.b.f.s.DefaultListableBeanFactory - Creating shared instance of singleton bean 'coursePubRepository'
2020-03-09 20:45:29.444 [main] DEBUG o.s.b.f.s.DefaultListableBeanFactory - Creating instance of bean 'coursePubRepository'
2020-03-09 20:45:29.444 [main] DEBUG o.s.b.f.s.DefaultListableBeanFactory - Returning cached instance of singleton bean 'org.springframework.transaction.config.internalTransactionAdvisor'
2020-03-09 20:45:29.444 [main] DEBUG o.s.b.f.annotation.InjectionMetadata - Registered injected element on class [org.springframework.data.jpa.repository.support.JpaRepositoryFactoryBean]: PersistenceElement for public void org.springframework.data.jpa.repository.support.JpaRepositoryFactoryBean.setEntityManager(javax.persistence.EntityManager)
2020-03-09 20:45:29.444 [main] DEBUG o.s.b.f.s.DefaultListableBeanFactory - Eagerly caching bean 'coursePubRepository' to allow for resolving potential circular references
2020-03-09 20:45:29.444 [main] DEBUG o.s.b.f.annotation.InjectionMetadata - Processing injected element of bean 'coursePubRepository': PersistenceElement for public void org.springframework.data.jpa.repository.support.JpaRepositoryFactoryBean.setEntityManager(javax.persistence.EntityManager)
2020-03-09 20:45:29.444 [main] DEBUG o.s.b.f.s.DefaultListableBeanFactory - Creating instance of bean '(inner bean)#616f81b5'
2020-03-09 20:45:29.444 [main] DEBUG o.s.b.f.s.DefaultListableBeanFactory - Returning cached instance of singleton bean 'org.springframework.transaction.config.internalTransactionAdvisor'
2020-03-09 20:45:29.444 [main] DEBUG o.s.b.f.s.DefaultListableBeanFactory - Creating instance of bean '(inner bean)#4f552aa2'
2020-03-09 20:45:29.444 [main] DEBUG o.s.b.f.s.DefaultListableBeanFactory - Returning cached instance of singleton bean 'org.springframework.transaction.config.internalTransactionAdvisor'
2020-03-09 20:45:29.445 [main] DEBUG o.s.c.i.s.PathMatchingResourcePatternResolver - Resolved classpath location [META-INF/jpa-named-queries.properties] to resources []
2020-03-09 20:45:29.445 [main] DEBUG o.s.b.f.s.DefaultListableBeanFactory - Invoking afterPropertiesSet() on bean with name '(inner bean)#4f552aa2'
2020-03-09 20:45:29.445 [main] DEBUG o.s.b.f.s.DefaultListableBeanFactory - Returning cached instance of singleton bean 'org.springframework.transaction.config.internalTransactionAdvisor'
2020-03-09 20:45:29.445 [main] DEBUG o.s.b.f.s.DefaultListableBeanFactory - Returning cached instance of singleton bean 'org.springframework.transaction.config.internalTransactionAdvisor'
2020-03-09 20:45:29.445 [main] DEBUG o.s.b.f.s.DefaultListableBeanFactory - Finished creating instance of bean '(inner bean)#4f552aa2'
2020-03-09 20:45:29.445 [main] DEBUG o.s.b.f.s.DefaultListableBeanFactory - Returning cached instance of singleton bean 'org.springframework.transaction.config.internalTransactionAdvisor'
2020-03-09 20:45:29.445 [main] DEBUG o.s.b.f.s.DefaultListableBeanFactory - Returning cached instance of singleton bean 'org.springframework.transaction.config.internalTransactionAdvisor'
2020-03-09 20:45:29.445 [main] DEBUG o.s.b.f.s.DefaultListableBeanFactory - Returning cached instance of singleton bean 'org.springframework.transaction.config.internalTransactionAdvisor'
2020-03-09 20:45:29.446 [main] DEBUG o.s.b.f.s.DefaultListableBeanFactory - Returning cached instance of singleton bean 'org.springframework.transaction.config.internalTransactionAdvisor'
2020-03-09 20:45:29.446 [main] DEBUG o.s.b.f.s.DefaultListableBeanFactory - Finished creating instance of bean '(inner bean)#616f81b5'
2020-03-09 20:45:29.446 [main] DEBUG o.s.b.f.s.DefaultListableBeanFactory - Creating instance of bean '(inner bean)#38cf4497'
2020-03-09 20:45:29.446 [main] DEBUG o.s.b.f.s.DefaultListableBeanFactory - Returning cached instance of singleton bean 'org.springframework.transaction.config.internalTransactionAdvisor'
2020-03-09 20:45:29.446 [main] DEBUG o.s.b.f.s.DefaultListableBeanFactory - Invoking afterPropertiesSet() on bean with name '(inner bean)#38cf4497'
2020-03-09 20:45:29.446 [main] DEBUG o.s.b.f.s.DefaultListableBeanFactory - Returning cached instance of singleton bean 'org.springframework.transaction.config.internalTransactionAdvisor'
2020-03-09 20:45:29.446 [main] DEBUG o.s.b.f.s.DefaultListableBeanFactory - Returning cached instance of singleton bean 'org.springframework.transaction.config.internalTransactionAdvisor'
2020-03-09 20:45:29.446 [main] DEBUG o.s.b.f.s.DefaultListableBeanFactory - Finished creating instance of bean '(inner bean)#38cf4497'
2020-03-09 20:45:29.446 [main] DEBUG o.s.b.f.s.DefaultListableBeanFactory - Returning cached instance of singleton bean 'org.springframework.transaction.config.internalTransactionAdvisor'
2020-03-09 20:45:29.446 [main] DEBUG o.s.b.f.s.DefaultListableBeanFactory - Returning cached instance of singleton bean 'org.springframework.transaction.config.internalTransactionAdvisor'
2020-03-09 20:45:29.446 [main] DEBUG o.s.b.f.s.DefaultListableBeanFactory - Creating instance of bean '(inner bean)#1c411474'
2020-03-09 20:45:29.446 [main] DEBUG o.s.b.f.s.DefaultListableBeanFactory - Returning cached instance of singleton bean 'org.springframework.transaction.config.internalTransactionAdvisor'
2020-03-09 20:45:29.446 [main] DEBUG o.s.b.f.s.DefaultListableBeanFactory - Returning cached instance of singleton bean 'org.springframework.transaction.config.internalTransactionAdvisor'
2020-03-09 20:45:29.446 [main] DEBUG o.s.b.f.s.DefaultListableBeanFactory - Returning cached instance of singleton bean 'org.springframework.transaction.config.internalTransactionAdvisor'
2020-03-09 20:45:29.447 [main] DEBUG o.s.b.f.s.DefaultListableBeanFactory - Finished creating instance of bean '(inner bean)#1c411474'
2020-03-09 20:45:29.447 [main] DEBUG o.s.b.f.s.DefaultListableBeanFactory - Creating instance of bean '(inner bean)#152891f8'
2020-03-09 20:45:29.447 [main] DEBUG o.s.b.f.s.DefaultListableBeanFactory - Returning cached instance of singleton bean 'org.springframework.transaction.config.internalTransactionAdvisor'
2020-03-09 20:45:29.447 [main] DEBUG o.s.b.f.s.DefaultListableBeanFactory - Returning cached instance of singleton bean 'entityManagerFactory'
2020-03-09 20:45:29.447 [main] DEBUG o.s.b.f.s.DefaultListableBeanFactory - Returning cached instance of singleton bean 'org.springframework.transaction.config.internalTransactionAdvisor'
2020-03-09 20:45:29.447 [main] DEBUG o.s.b.f.s.DefaultListableBeanFactory - Returning cached instance of singleton bean 'org.springframework.transaction.config.internalTransactionAdvisor'
2020-03-09 20:45:29.447 [main] DEBUG o.s.b.f.s.DefaultListableBeanFactory - Finished creating instance of bean '(inner bean)#152891f8'
2020-03-09 20:45:29.447 [main] DEBUG o.s.b.f.s.DefaultListableBeanFactory - Returning cached instance of singleton bean 'jpaMappingContext'
2020-03-09 20:45:29.448 [main] DEBUG o.s.b.f.s.DefaultListableBeanFactory - Invoking afterPropertiesSet() on bean with name 'coursePubRepository'
2020-03-09 20:45:29.448 [main] DEBUG o.s.o.j.SharedEntityManagerCreator$SharedEntityManagerInvocationHandler - Creating new EntityManager for shared EntityManager invocation
2020-03-09 20:45:29.448 [main] DEBUG o.s.o.jpa.EntityManagerFactoryUtils - Closing JPA EntityManager
2020-03-09 20:45:29.449 [main] DEBUG o.s.o.j.SharedEntityManagerCreator$SharedEntityManagerInvocationHandler - Creating new EntityManager for shared EntityManager invocation
2020-03-09 20:45:29.449 [main] DEBUG o.s.o.jpa.EntityManagerFactoryUtils - Closing JPA EntityManager
2020-03-09 20:45:29.449 [main] DEBUG o.s.aop.framework.JdkDynamicAopProxy - Creating JDK dynamic proxy: target source is org.springframework.data.jpa.repository.support.CrudMethodMetadataPostProcessor$ThreadBoundTargetSource@b56c222
2020-03-09 20:45:29.450 [main] DEBUG o.s.o.j.SharedEntityManagerCreator$SharedEntityManagerInvocationHandler - Creating new EntityManager for shared EntityManager invocation
2020-03-09 20:45:29.450 [main] DEBUG o.s.o.jpa.EntityManagerFactoryUtils - Closing JPA EntityManager
2020-03-09 20:45:29.452 [main] DEBUG o.s.aop.framework.JdkDynamicAopProxy - Creating JDK dynamic proxy: target source is SingletonTargetSource for target object [org.springframework.data.jpa.repository.support.SimpleJpaRepository@5a2035e1]
2020-03-09 20:45:29.457 [main] DEBUG o.s.b.f.s.DefaultListableBeanFactory - Returning cached instance of singleton bean 'org.springframework.transaction.config.internalTransactionAdvisor'
2020-03-09 20:45:29.457 [main] DEBUG o.s.b.f.s.DefaultListableBeanFactory - Returning cached instance of singleton bean 'org.springframework.transaction.config.internalTransactionAdvisor'
2020-03-09 20:45:29.458 [main] DEBUG o.s.b.f.s.DefaultListableBeanFactory - Finished creating instance of bean 'coursePubRepository'
2020-03-09 20:45:29.458 [main] DEBUG o.s.b.f.s.DefaultListableBeanFactory - Returning cached instance of singleton bean 'org.springframework.transaction.config.internalTransactionAdvisor'
2020-03-09 20:45:29.458 [main] DEBUG o.s.b.f.s.DefaultListableBeanFactory - Returning cached instance of singleton bean 'org.springframework.transaction.config.internalTransactionAdvisor'
2020-03-09 20:45:29.458 [main] DEBUG o.s.b.f.a.AutowiredAnnotationBeanPostProcessor - Autowiring by type from bean name 'courseService' to bean named 'coursePubRepository'
2020-03-09 20:45:29.459 [main] DEBUG o.s.b.f.annotation.InjectionMetadata - Processing injected element of bean 'courseService': AutowiredFieldElement for com.ningmeng.manage_course.dao.CourseMarketRepository com.ningmeng.manage_course.service.CourseService.courseMarketRepository
2020-03-09 20:45:29.460 [main] DEBUG o.s.core.annotation.AnnotationUtils - Failed to meta-introspect annotation interface org.springframework.beans.factory.annotation.Autowired: java.lang.NullPointerException
2020-03-09 20:45:29.462 [main] DEBUG o.s.b.f.s.DefaultListableBeanFactory - Creating shared instance of singleton bean 'courseMarketRepository'
2020-03-09 20:45:29.462 [main] DEBUG o.s.b.f.s.DefaultListableBeanFactory - Creating instance of bean 'courseMarketRepository'
2020-03-09 20:45:29.462 [main] DEBUG o.s.b.f.s.DefaultListableBeanFactory - Returning cached instance of singleton bean 'org.springframework.transaction.config.internalTransactionAdvisor'
2020-03-09 20:45:29.462 [main] DEBUG o.s.b.f.annotation.InjectionMetadata - Registered injected element on class [org.springframework.data.jpa.repository.support.JpaRepositoryFactoryBean]: PersistenceElement for public void org.springframework.data.jpa.repository.support.JpaRepositoryFactoryBean.setEntityManager(javax.persistence.EntityManager)
2020-03-09 20:45:29.462 [main] DEBUG o.s.b.f.s.DefaultListableBeanFactory - Eagerly caching bean 'courseMarketRepository' to allow for resolving potential circular references
2020-03-09 20:45:29.462 [main] DEBUG o.s.b.f.annotation.InjectionMetadata - Processing injected element of bean 'courseMarketRepository': PersistenceElement for public void org.springframework.data.jpa.repository.support.JpaRepositoryFactoryBean.setEntityManager(javax.persistence.EntityManager)
2020-03-09 20:45:29.463 [main] DEBUG o.s.b.f.s.DefaultListableBeanFactory - Creating instance of bean '(inner bean)#1ae9d0e4'
2020-03-09 20:45:29.463 [main] DEBUG o.s.b.f.s.DefaultListableBeanFactory - Returning cached instance of singleton bean 'org.springframework.transaction.config.internalTransactionAdvisor'
2020-03-09 20:45:29.463 [main] DEBUG o.s.b.f.s.DefaultListableBeanFactory - Creating instance of bean '(inner bean)#6acb45c1'
2020-03-09 20:45:29.463 [main] DEBUG o.s.b.f.s.DefaultListableBeanFactory - Returning cached instance of singleton bean 'org.springframework.transaction.config.internalTransactionAdvisor'
2020-03-09 20:45:29.463 [main] DEBUG o.s.c.i.s.PathMatchingResourcePatternResolver - Resolved classpath location [META-INF/jpa-named-queries.properties] to resources []
2020-03-09 20:45:29.464 [main] DEBUG o.s.b.f.s.DefaultListableBeanFactory - Invoking afterPropertiesSet() on bean with name '(inner bean)#6acb45c1'
2020-03-09 20:45:29.464 [main] DEBUG o.s.b.f.s.DefaultListableBeanFactory - Returning cached instance of singleton bean 'org.springframework.transaction.config.internalTransactionAdvisor'
2020-03-09 20:45:29.464 [main] DEBUG o.s.b.f.s.DefaultListableBeanFactory - Returning cached instance of singleton bean 'org.springframework.transaction.config.internalTransactionAdvisor'
2020-03-09 20:45:29.464 [main] DEBUG o.s.b.f.s.DefaultListableBeanFactory - Finished creating instance of bean '(inner bean)#6acb45c1'
2020-03-09 20:45:29.464 [main] DEBUG o.s.b.f.s.DefaultListableBeanFactory - Returning cached instance of singleton bean 'org.springframework.transaction.config.internalTransactionAdvisor'
2020-03-09 20:45:29.464 [main] DEBUG o.s.b.f.s.DefaultListableBeanFactory - Returning cached instance of singleton bean 'org.springframework.transaction.config.internalTransactionAdvisor'
2020-03-09 20:45:29.465 [main] DEBUG o.s.b.f.s.DefaultListableBeanFactory - Returning cached instance of singleton bean 'org.springframework.transaction.config.internalTransactionAdvisor'
2020-03-09 20:45:29.465 [main] DEBUG o.s.b.f.s.DefaultListableBeanFactory - Returning cached instance of singleton bean 'org.springframework.transaction.config.internalTransactionAdvisor'
2020-03-09 20:45:29.465 [main] DEBUG o.s.b.f.s.DefaultListableBeanFactory - Finished creating instance of bean '(inner bean)#1ae9d0e4'
2020-03-09 20:45:29.465 [main] DEBUG o.s.b.f.s.DefaultListableBeanFactory - Creating instance of bean '(inner bean)#67e4928c'
2020-03-09 20:45:29.465 [main] DEBUG o.s.b.f.s.DefaultListableBeanFactory - Returning cached instance of singleton bean 'org.springframework.transaction.config.internalTransactionAdvisor'
2020-03-09 20:45:29.466 [main] DEBUG o.s.b.f.s.DefaultListableBeanFactory - Invoking afterPropertiesSet() on bean with name '(inner bean)#67e4928c'
2020-03-09 20:45:29.466 [main] DEBUG o.s.b.f.s.DefaultListableBeanFactory - Returning cached instance of singleton bean 'org.springframework.transaction.config.internalTransactionAdvisor'
2020-03-09 20:45:29.466 [main] DEBUG o.s.b.f.s.DefaultListableBeanFactory - Returning cached instance of singleton bean 'org.springframework.transaction.config.internalTransactionAdvisor'
2020-03-09 20:45:29.466 [main] DEBUG o.s.b.f.s.DefaultListableBeanFactory - Finished creating instance of bean '(inner bean)#67e4928c'
2020-03-09 20:45:29.466 [main] DEBUG o.s.b.f.s.DefaultListableBeanFactory - Returning cached instance of singleton bean 'org.springframework.transaction.config.internalTransactionAdvisor'
2020-03-09 20:45:29.466 [main] DEBUG o.s.b.f.s.DefaultListableBeanFactory - Returning cached instance of singleton bean 'org.springframework.transaction.config.internalTransactionAdvisor'
2020-03-09 20:45:29.466 [main] DEBUG o.s.b.f.s.DefaultListableBeanFactory - Creating instance of bean '(inner bean)#2c0fefac'
2020-03-09 20:45:29.466 [main] DEBUG o.s.b.f.s.DefaultListableBeanFactory - Returning cached instance of singleton bean 'org.springframework.transaction.config.internalTransactionAdvisor'
2020-03-09 20:45:29.466 [main] DEBUG o.s.b.f.s.DefaultListableBeanFactory - Returning cached instance of singleton bean 'org.springframework.transaction.config.internalTransactionAdvisor'
2020-03-09 20:45:29.467 [main] DEBUG o.s.b.f.s.DefaultListableBeanFactory - Returning cached instance of singleton bean 'org.springframework.transaction.config.internalTransactionAdvisor'
2020-03-09 20:45:29.467 [main] DEBUG o.s.b.f.s.DefaultListableBeanFactory - Finished creating instance of bean '(inner bean)#2c0fefac'
2020-03-09 20:45:29.467 [main] DEBUG o.s.b.f.s.DefaultListableBeanFactory - Creating instance of bean '(inner bean)#733fa95c'
2020-03-09 20:45:29.467 [main] DEBUG o.s.b.f.s.DefaultListableBeanFactory - Returning cached instance of singleton bean 'org.springframework.transaction.config.internalTransactionAdvisor'
2020-03-09 20:45:29.467 [main] DEBUG o.s.b.f.s.DefaultListableBeanFactory - Returning cached instance of singleton bean 'entityManagerFactory'
2020-03-09 20:45:29.468 [main] DEBUG o.s.b.f.s.DefaultListableBeanFactory - Returning cached instance of singleton bean 'org.springframework.transaction.config.internalTransactionAdvisor'
2020-03-09 20:45:29.468 [main] DEBUG o.s.b.f.s.DefaultListableBeanFactory - Returning cached instance of singleton bean 'org.springframework.transaction.config.internalTransactionAdvisor'
2020-03-09 20:45:29.469 [main] DEBUG o.s.b.f.s.DefaultListableBeanFactory - Finished creating instance of bean '(inner bean)#733fa95c'
2020-03-09 20:45:29.469 [main] DEBUG o.s.b.f.s.DefaultListableBeanFactory - Returning cached instance of singleton bean 'jpaMappingContext'
2020-03-09 20:45:29.469 [main] DEBUG o.s.b.f.s.DefaultListableBeanFactory - Invoking afterPropertiesSet() on bean with name 'courseMarketRepository'
2020-03-09 20:45:29.469 [main] DEBUG o.s.o.j.SharedEntityManagerCreator$SharedEntityManagerInvocationHandler - Creating new EntityManager for shared EntityManager invocation
2020-03-09 20:45:29.469 [main] DEBUG o.s.o.jpa.EntityManagerFactoryUtils - Closing JPA EntityManager
2020-03-09 20:45:29.470 [main] DEBUG o.s.o.j.SharedEntityManagerCreator$SharedEntityManagerInvocationHandler - Creating new EntityManager for shared EntityManager invocation
2020-03-09 20:45:29.471 [main] DEBUG o.s.o.jpa.EntityManagerFactoryUtils - Closing JPA EntityManager
2020-03-09 20:45:29.471 [main] DEBUG o.s.aop.framework.JdkDynamicAopProxy - Creating JDK dynamic proxy: target source is org.springframework.data.jpa.repository.support.CrudMethodMetadataPostProcessor$ThreadBoundTargetSource@6a04d2a4
2020-03-09 20:45:29.472 [main] DEBUG o.s.o.j.SharedEntityManagerCreator$SharedEntityManagerInvocationHandler - Creating new EntityManager for shared EntityManager invocation
2020-03-09 20:45:29.472 [main] DEBUG o.s.o.jpa.EntityManagerFactoryUtils - Closing JPA EntityManager
2020-03-09 20:45:29.473 [main] DEBUG o.s.aop.framework.JdkDynamicAopProxy - Creating JDK dynamic proxy: target source is SingletonTargetSource for target object [org.springframework.data.jpa.repository.support.SimpleJpaRepository@35a9e665]
2020-03-09 20:45:29.476 [main] DEBUG o.s.b.f.s.DefaultListableBeanFactory - Returning cached instance of singleton bean 'org.springframework.transaction.config.internalTransactionAdvisor'
2020-03-09 20:45:29.476 [main] DEBUG o.s.b.f.s.DefaultListableBeanFactory - Returning cached instance of singleton bean 'org.springframework.transaction.config.internalTransactionAdvisor'
2020-03-09 20:45:29.476 [main] DEBUG o.s.b.f.s.DefaultListableBeanFactory - Finished creating instance of bean 'courseMarketRepository'
2020-03-09 20:45:29.476 [main] DEBUG o.s.b.f.s.DefaultListableBeanFactory - Returning cached instance of singleton bean 'org.springframework.transaction.config.internalTransactionAdvisor'
2020-03-09 20:45:29.476 [main] DEBUG o.s.b.f.s.DefaultListableBeanFactory - Returning cached instance of singleton bean 'org.springframework.transaction.config.internalTransactionAdvisor'
2020-03-09 20:45:29.477 [main] DEBUG o.s.b.f.a.AutowiredAnnotationBeanPostProcessor - Autowiring by type from bean name 'courseService' to bean named 'courseMarketRepository'
2020-03-09 20:45:29.477 [main] DEBUG o.s.b.f.annotation.InjectionMetadata - Processing injected element of bean 'courseService': AutowiredFieldElement for com.ningmeng.manage_course.dao.CourseMarketMapper com.ningmeng.manage_course.service.CourseService.courseMarketMapper
2020-03-09 20:45:29.477 [main] DEBUG o.s.core.annotation.AnnotationUtils - Failed to meta-introspect annotation interface org.springframework.beans.factory.annotation.Autowired: java.lang.NullPointerException
2020-03-09 20:45:29.478 [main] DEBUG o.s.b.f.s.DefaultListableBeanFactory - Creating shared instance of singleton bean 'courseMarketMapper'
2020-03-09 20:45:29.479 [main] DEBUG o.s.b.f.s.DefaultListableBeanFactory - Creating instance of bean 'courseMarketMapper'
2020-03-09 20:45:29.479 [main] DEBUG o.s.b.f.s.DefaultListableBeanFactory - Returning cached instance of singleton bean 'org.springframework.transaction.config.internalTransactionAdvisor'
2020-03-09 20:45:29.479 [main] DEBUG o.s.b.f.s.DefaultListableBeanFactory - Eagerly caching bean 'courseMarketMapper' to allow for resolving potential circular references
2020-03-09 20:45:29.479 [main] DEBUG o.s.b.f.s.DefaultListableBeanFactory - Returning cached instance of singleton bean 'sqlSessionFactory'
2020-03-09 20:45:29.479 [main] DEBUG o.s.b.f.s.DefaultListableBeanFactory - Autowiring by type from bean name 'courseMarketMapper' via property 'sqlSessionFactory' to bean named 'sqlSessionFactory'
2020-03-09 20:45:29.479 [main] DEBUG o.s.b.f.s.DefaultListableBeanFactory - Returning cached instance of singleton bean 'sqlSessionTemplate'
2020-03-09 20:45:29.479 [main] DEBUG o.s.b.f.s.DefaultListableBeanFactory - Autowiring by type from bean name 'courseMarketMapper' via property 'sqlSessionTemplate' to bean named 'sqlSessionTemplate'
2020-03-09 20:45:29.479 [main] DEBUG o.s.b.f.s.DefaultListableBeanFactory - Invoking afterPropertiesSet() on bean with name 'courseMarketMapper'
2020-03-09 20:45:29.486 [main] DEBUG o.s.b.f.s.DefaultListableBeanFactory - Returning cached instance of singleton bean 'org.springframework.transaction.config.internalTransactionAdvisor'
2020-03-09 20:45:29.486 [main] DEBUG o.s.b.f.s.DefaultListableBeanFactory - Returning cached instance of singleton bean 'org.springframework.transaction.config.internalTransactionAdvisor'
2020-03-09 20:45:29.486 [main] DEBUG o.s.b.f.s.DefaultListableBeanFactory - Finished creating instance of bean 'courseMarketMapper'
2020-03-09 20:45:29.487 [main] DEBUG o.s.b.f.s.DefaultListableBeanFactory - Returning cached instance of singleton bean 'org.springframework.transaction.config.internalTransactionAdvisor'
2020-03-09 20:45:29.487 [main] DEBUG o.s.b.f.s.DefaultListableBeanFactory - Returning cached instance of singleton bean 'org.springframework.transaction.config.internalTransactionAdvisor'
2020-03-09 20:45:29.488 [main] DEBUG o.s.b.f.a.AutowiredAnnotationBeanPostProcessor - Autowiring by type from bean name 'courseService' to bean named 'courseMarketMapper'
2020-03-09 20:45:29.488 [main] DEBUG o.s.b.f.annotation.InjectionMetadata - Processing injected element of bean 'courseService': AutowiredFieldElement for com.ningmeng.manage_course.dao.CategoryMapper com.ningmeng.manage_course.service.CourseService.categoryMapper
2020-03-09 20:45:29.488 [main] DEBUG o.s.core.annotation.AnnotationUtils - Failed to meta-introspect annotation interface org.springframework.beans.factory.annotation.Autowired: java.lang.NullPointerException
2020-03-09 20:45:29.489 [main] DEBUG o.s.b.f.s.DefaultListableBeanFactory - Creating shared instance of singleton bean 'categoryMapper'
2020-03-09 20:45:29.490 [main] DEBUG o.s.b.f.s.DefaultListableBeanFactory - Creating instance of bean 'categoryMapper'
2020-03-09 20:45:29.490 [main] DEBUG o.s.b.f.s.DefaultListableBeanFactory - Returning cached instance of singleton bean 'org.springframework.transaction.config.internalTransactionAdvisor'
2020-03-09 20:45:29.490 [main] DEBUG o.s.b.f.s.DefaultListableBeanFactory - Eagerly caching bean 'categoryMapper' to allow for resolving potential circular references
2020-03-09 20:45:29.490 [main] DEBUG o.s.b.f.s.DefaultListableBeanFactory - Returning cached instance of singleton bean 'sqlSessionFactory'
2020-03-09 20:45:29.490 [main] DEBUG o.s.b.f.s.DefaultListableBeanFactory - Autowiring by type from bean name 'categoryMapper' via property 'sqlSessionFactory' to bean named 'sqlSessionFactory'
2020-03-09 20:45:29.490 [main] DEBUG o.s.b.f.s.DefaultListableBeanFactory - Returning cached instance of singleton bean 'sqlSessionTemplate'
2020-03-09 20:45:29.490 [main] DEBUG o.s.b.f.s.DefaultListableBeanFactory - Autowiring by type from bean name 'categoryMapper' via property 'sqlSessionTemplate' to bean named 'sqlSessionTemplate'
2020-03-09 20:45:29.491 [main] DEBUG o.s.b.f.s.DefaultListableBeanFactory - Invoking afterPropertiesSet() on bean with name 'categoryMapper'
2020-03-09 20:45:29.512 [main] DEBUG o.s.b.f.s.DefaultListableBeanFactory - Returning cached instance of singleton bean 'org.springframework.transaction.config.internalTransactionAdvisor'
2020-03-09 20:45:29.512 [main] DEBUG o.s.b.f.s.DefaultListableBeanFactory - Returning cached instance of singleton bean 'org.springframework.transaction.config.internalTransactionAdvisor'
2020-03-09 20:45:29.512 [main] DEBUG o.s.b.f.s.DefaultListableBeanFactory - Finished creating instance of bean 'categoryMapper'
2020-03-09 20:45:29.513 [main] DEBUG o.s.b.f.s.DefaultListableBeanFactory - Returning cached instance of singleton bean 'org.springframework.transaction.config.internalTransactionAdvisor'
2020-03-09 20:45:29.513 [main] DEBUG o.s.b.f.s.DefaultListableBeanFactory - Returning cached instance of singleton bean 'org.springframework.transaction.config.internalTransactionAdvisor'
2020-03-09 20:45:29.513 [main] DEBUG o.s.b.f.a.AutowiredAnnotationBeanPostProcessor - Autowiring by type from bean name 'courseService' to bean named 'categoryMapper'
2020-03-09 20:45:29.513 [main] DEBUG o.s.b.f.annotation.InjectionMetadata - Processing injected element of bean 'courseService': AutowiredFieldElement for com.ningmeng.manage_course.dao.CoursePicRepository com.ningmeng.manage_course.service.CourseService.coursePicRepository
2020-03-09 20:45:29.513 [main] DEBUG o.s.core.annotation.AnnotationUtils - Failed to meta-introspect annotation interface org.springframework.beans.factory.annotation.Autowired: java.lang.NullPointerException
2020-03-09 20:45:29.515 [main] DEBUG o.s.b.f.s.DefaultListableBeanFactory - Creating shared instance of singleton bean 'coursePicRepository'
2020-03-09 20:45:29.515 [main] DEBUG o.s.b.f.s.DefaultListableBeanFactory - Creating instance of bean 'coursePicRepository'
2020-03-09 20:45:29.515 [main] DEBUG o.s.b.f.s.DefaultListableBeanFactory - Returning cached instance of singleton bean 'org.springframework.transaction.config.internalTransactionAdvisor'
2020-03-09 20:45:29.515 [main] DEBUG o.s.b.f.annotation.InjectionMetadata - Registered injected element on class [org.springframework.data.jpa.repository.support.JpaRepositoryFactoryBean]: PersistenceElement for public void org.springframework.data.jpa.repository.support.JpaRepositoryFactoryBean.setEntityManager(javax.persistence.EntityManager)
2020-03-09 20:45:29.515 [main] DEBUG o.s.b.f.s.DefaultListableBeanFactory - Eagerly caching bean 'coursePicRepository' to allow for resolving potential circular references
2020-03-09 20:45:29.515 [main] DEBUG o.s.b.f.annotation.InjectionMetadata - Processing injected element of bean 'coursePicRepository': PersistenceElement for public void org.springframework.data.jpa.repository.support.JpaRepositoryFactoryBean.setEntityManager(javax.persistence.EntityManager)
2020-03-09 20:45:29.515 [main] DEBUG o.s.b.f.s.DefaultListableBeanFactory - Creating instance of bean '(inner bean)#707f4647'
2020-03-09 20:45:29.516 [main] DEBUG o.s.b.f.s.DefaultListableBeanFactory - Returning cached instance of singleton bean 'org.springframework.transaction.config.internalTransactionAdvisor'
2020-03-09 20:45:29.516 [main] DEBUG o.s.b.f.s.DefaultListableBeanFactory - Creating instance of bean '(inner bean)#4b8a0d03'
2020-03-09 20:45:29.516 [main] DEBUG o.s.b.f.s.DefaultListableBeanFactory - Returning cached instance of singleton bean 'org.springframework.transaction.config.internalTransactionAdvisor'
2020-03-09 20:45:29.517 [main] DEBUG o.s.c.i.s.PathMatchingResourcePatternResolver - Resolved classpath location [META-INF/jpa-named-queries.properties] to resources []
2020-03-09 20:45:29.517 [main] DEBUG o.s.b.f.s.DefaultListableBeanFactory - Invoking afterPropertiesSet() on bean with name '(inner bean)#4b8a0d03'
2020-03-09 20:45:29.517 [main] DEBUG o.s.b.f.s.DefaultListableBeanFactory - Returning cached instance of singleton bean 'org.springframework.transaction.config.internalTransactionAdvisor'
2020-03-09 20:45:29.517 [main] DEBUG o.s.b.f.s.DefaultListableBeanFactory - Returning cached instance of singleton bean 'org.springframework.transaction.config.internalTransactionAdvisor'
2020-03-09 20:45:29.517 [main] DEBUG o.s.b.f.s.DefaultListableBeanFactory - Finished creating instance of bean '(inner bean)#4b8a0d03'
2020-03-09 20:45:29.517 [main] DEBUG o.s.b.f.s.DefaultListableBeanFactory - Returning cached instance of singleton bean 'org.springframework.transaction.config.internalTransactionAdvisor'
2020-03-09 20:45:29.517 [main] DEBUG o.s.b.f.s.DefaultListableBeanFactory - Returning cached instance of singleton bean 'org.springframework.transaction.config.internalTransactionAdvisor'
2020-03-09 20:45:29.518 [main] DEBUG o.s.b.f.s.DefaultListableBeanFactory - Returning cached instance of singleton bean 'org.springframework.transaction.config.internalTransactionAdvisor'
2020-03-09 20:45:29.518 [main] DEBUG o.s.b.f.s.DefaultListableBeanFactory - Returning cached instance of singleton bean 'org.springframework.transaction.config.internalTransactionAdvisor'
2020-03-09 20:45:29.518 [main] DEBUG o.s.b.f.s.DefaultListableBeanFactory - Finished creating instance of bean '(inner bean)#707f4647'
2020-03-09 20:45:29.518 [main] DEBUG o.s.b.f.s.DefaultListableBeanFactory - Creating instance of bean '(inner bean)#d6d683e'
2020-03-09 20:45:29.518 [main] DEBUG o.s.b.f.s.DefaultListableBeanFactory - Returning cached instance of singleton bean 'org.springframework.transaction.config.internalTransactionAdvisor'
2020-03-09 20:45:29.518 [main] DEBUG o.s.b.f.s.DefaultListableBeanFactory - Invoking afterPropertiesSet() on bean with name '(inner bean)#d6d683e'
2020-03-09 20:45:29.518 [main] DEBUG o.s.b.f.s.DefaultListableBeanFactory - Returning cached instance of singleton bean 'org.springframework.transaction.config.internalTransactionAdvisor'
2020-03-09 20:45:29.518 [main] DEBUG o.s.b.f.s.DefaultListableBeanFactory - Returning cached instance of singleton bean 'org.springframework.transaction.config.internalTransactionAdvisor'
2020-03-09 20:45:29.518 [main] DEBUG o.s.b.f.s.DefaultListableBeanFactory - Finished creating instance of bean '(inner bean)#d6d683e'
2020-03-09 20:45:29.518 [main] DEBUG o.s.b.f.s.DefaultListableBeanFactory - Returning cached instance of singleton bean 'org.springframework.transaction.config.internalTransactionAdvisor'
2020-03-09 20:45:29.519 [main] DEBUG o.s.b.f.s.DefaultListableBeanFactory - Returning cached instance of singleton bean 'org.springframework.transaction.config.internalTransactionAdvisor'
2020-03-09 20:45:29.519 [main] DEBUG o.s.b.f.s.DefaultListableBeanFactory - Creating instance of bean '(inner bean)#71beada8'
2020-03-09 20:45:29.519 [main] DEBUG o.s.b.f.s.DefaultListableBeanFactory - Returning cached instance of singleton bean 'org.springframework.transaction.config.internalTransactionAdvisor'
2020-03-09 20:45:29.519 [main] DEBUG o.s.b.f.s.DefaultListableBeanFactory - Returning cached instance of singleton bean 'org.springframework.transaction.config.internalTransactionAdvisor'
2020-03-09 20:45:29.519 [main] DEBUG o.s.b.f.s.DefaultListableBeanFactory - Returning cached instance of singleton bean 'org.springframework.transaction.config.internalTransactionAdvisor'
2020-03-09 20:45:29.519 [main] DEBUG o.s.b.f.s.DefaultListableBeanFactory - Finished creating instance of bean '(inner bean)#71beada8'
2020-03-09 20:45:29.519 [main] DEBUG o.s.b.f.s.DefaultListableBeanFactory - Creating instance of bean '(inner bean)#2b3b1124'
2020-03-09 20:45:29.519 [main] DEBUG o.s.b.f.s.DefaultListableBeanFactory - Returning cached instance of singleton bean 'org.springframework.transaction.config.internalTransactionAdvisor'
2020-03-09 20:45:29.519 [main] DEBUG o.s.b.f.s.DefaultListableBeanFactory - Returning cached instance of singleton bean 'entityManagerFactory'
2020-03-09 20:45:29.520 [main] DEBUG o.s.b.f.s.DefaultListableBeanFactory - Returning cached instance of singleton bean 'org.springframework.transaction.config.internalTransactionAdvisor'
2020-03-09 20:45:29.520 [main] DEBUG o.s.b.f.s.DefaultListableBeanFactory - Returning cached instance of singleton bean 'org.springframework.transaction.config.internalTransactionAdvisor'
2020-03-09 20:45:29.520 [main] DEBUG o.s.b.f.s.DefaultListableBeanFactory - Finished creating instance of bean '(inner bean)#2b3b1124'
2020-03-09 20:45:29.520 [main] DEBUG o.s.b.f.s.DefaultListableBeanFactory - Returning cached instance of singleton bean 'jpaMappingContext'
2020-03-09 20:45:29.520 [main] DEBUG o.s.b.f.s.DefaultListableBeanFactory - Invoking afterPropertiesSet() on bean with name 'coursePicRepository'
2020-03-09 20:45:29.520 [main] DEBUG o.s.o.j.SharedEntityManagerCreator$SharedEntityManagerInvocationHandler - Creating new EntityManager for shared EntityManager invocation
2020-03-09 20:45:29.521 [main] DEBUG o.s.o.jpa.EntityManagerFactoryUtils - Closing JPA EntityManager
2020-03-09 20:45:29.523 [main] DEBUG o.s.o.j.SharedEntityManagerCreator$SharedEntityManagerInvocationHandler - Creating new EntityManager for shared EntityManager invocation
2020-03-09 20:45:29.523 [main] DEBUG o.s.o.jpa.EntityManagerFactoryUtils - Closing JPA EntityManager
2020-03-09 20:45:29.523 [main] DEBUG o.s.aop.framework.JdkDynamicAopProxy - Creating JDK dynamic proxy: target source is org.springframework.data.jpa.repository.support.CrudMethodMetadataPostProcessor$ThreadBoundTargetSource@290807e5
2020-03-09 20:45:29.524 [main] DEBUG o.s.o.j.SharedEntityManagerCreator$SharedEntityManagerInvocationHandler - Creating new EntityManager for shared EntityManager invocation
2020-03-09 20:45:29.524 [main] DEBUG o.s.o.jpa.EntityManagerFactoryUtils - Closing JPA EntityManager
2020-03-09 20:45:29.526 [main] DEBUG o.s.d.j.r.query.JpaQueryFactory - Looking up query for method deleteByCourseid
2020-03-09 20:45:29.526 [main] DEBUG o.s.d.j.repository.query.NamedQuery - Looking up named query CoursePic.deleteByCourseid
2020-03-09 20:45:29.526 [main] DEBUG o.s.d.j.repository.query.NamedQuery - Did not find named query CoursePic.deleteByCourseid
2020-03-09 20:45:29.526 [main] DEBUG o.s.o.j.SharedEntityManagerCreator$SharedEntityManagerInvocationHandler - Creating new EntityManager for shared EntityManager invocation
2020-03-09 20:45:29.526 [main] DEBUG o.s.o.jpa.EntityManagerFactoryUtils - Closing JPA EntityManager
2020-03-09 20:45:29.527 [main] DEBUG o.s.aop.framework.JdkDynamicAopProxy - Creating JDK dynamic proxy: target source is SingletonTargetSource for target object [org.springframework.data.jpa.repository.support.SimpleJpaRepository@2a2798a2]
2020-03-09 20:45:29.531 [main] DEBUG o.s.b.f.s.DefaultListableBeanFactory - Returning cached instance of singleton bean 'org.springframework.transaction.config.internalTransactionAdvisor'
2020-03-09 20:45:29.531 [main] DEBUG o.s.b.f.s.DefaultListableBeanFactory - Returning cached instance of singleton bean 'org.springframework.transaction.config.internalTransactionAdvisor'
2020-03-09 20:45:29.531 [main] DEBUG o.s.b.f.s.DefaultListableBeanFactory - Finished creating instance of bean 'coursePicRepository'
2020-03-09 20:45:29.531 [main] DEBUG o.s.b.f.s.DefaultListableBeanFactory - Returning cached instance of singleton bean 'org.springframework.transaction.config.internalTransactionAdvisor'
2020-03-09 20:45:29.532 [main] DEBUG o.s.b.f.s.DefaultListableBeanFactory - Returning cached instance of singleton bean 'org.springframework.transaction.config.internalTransactionAdvisor'
2020-03-09 20:45:29.532 [main] DEBUG o.s.b.f.a.AutowiredAnnotationBeanPostProcessor - Autowiring by type from bean name 'courseService' to bean named 'coursePicRepository'
2020-03-09 20:45:29.532 [main] DEBUG o.s.b.f.annotation.InjectionMetadata - Processing injected element of bean 'courseService': AutowiredFieldElement for com.ningmeng.manage_course.client.CmsPageClient com.ningmeng.manage_course.service.CourseService.cmsPageClient
2020-03-09 20:45:29.532 [main] DEBUG o.s.core.annotation.AnnotationUtils - Failed to meta-introspect annotation interface org.springframework.beans.factory.annotation.Autowired: java.lang.NullPointerException
2020-03-09 20:45:29.534 [main] DEBUG o.s.b.f.s.DefaultListableBeanFactory - Returning cached instance of singleton bean 'com.ningmeng.manage_course.client.CmsPageClient'
2020-03-09 20:45:29.535 [main] DEBUG o.s.b.f.s.DefaultListableBeanFactory - Creating shared instance of singleton bean 'feignContext'
2020-03-09 20:45:29.535 [main] DEBUG o.s.b.f.s.DefaultListableBeanFactory - Creating instance of bean 'feignContext'
2020-03-09 20:45:29.536 [main] DEBUG o.s.b.f.s.DefaultListableBeanFactory - Returning cached instance of singleton bean 'org.springframework.transaction.config.internalTransactionAdvisor'
2020-03-09 20:45:29.536 [main] DEBUG o.s.b.f.s.DefaultListableBeanFactory - Creating shared instance of singleton bean 'org.springframework.cloud.openfeign.FeignAutoConfiguration'
2020-03-09 20:45:29.536 [main] DEBUG o.s.b.f.s.DefaultListableBeanFactory - Creating instance of bean 'org.springframework.cloud.openfeign.FeignAutoConfiguration'
2020-03-09 20:45:29.536 [main] DEBUG o.s.b.f.s.DefaultListableBeanFactory - Returning cached instance of singleton bean 'org.springframework.transaction.config.internalTransactionAdvisor'
2020-03-09 20:45:29.536 [main] DEBUG o.s.b.f.annotation.InjectionMetadata - Registered injected element on class [org.springframework.cloud.openfeign.FeignAutoConfiguration$$EnhancerBySpringCGLIB$$b398161d]: AutowiredFieldElement for private java.util.List org.springframework.cloud.openfeign.FeignAutoConfiguration.configurations
2020-03-09 20:45:29.536 [main] DEBUG o.s.b.f.s.DefaultListableBeanFactory - Eagerly caching bean 'org.springframework.cloud.openfeign.FeignAutoConfiguration' to allow for resolving potential circular references
2020-03-09 20:45:29.539 [main] DEBUG o.s.b.f.annotation.InjectionMetadata - Processing injected element of bean 'org.springframework.cloud.openfeign.FeignAutoConfiguration': AutowiredFieldElement for private java.util.List org.springframework.cloud.openfeign.FeignAutoConfiguration.configurations
2020-03-09 20:45:29.539 [main] DEBUG o.s.core.annotation.AnnotationUtils - Failed to meta-introspect annotation interface org.springframework.beans.factory.annotation.Autowired: java.lang.NullPointerException
2020-03-09 20:45:29.540 [main] DEBUG o.s.b.f.s.DefaultListableBeanFactory - Creating shared instance of singleton bean 'default.com.ningmeng.manage_course.ManageCourseApplication.FeignClientSpecification'
2020-03-09 20:45:29.541 [main] DEBUG o.s.b.f.s.DefaultListableBeanFactory - Creating instance of bean 'default.com.ningmeng.manage_course.ManageCourseApplication.FeignClientSpecification'
2020-03-09 20:45:29.541 [main] DEBUG o.s.b.f.s.DefaultListableBeanFactory - Returning cached instance of singleton bean 'org.springframework.transaction.config.internalTransactionAdvisor'
2020-03-09 20:45:29.542 [main] DEBUG o.s.b.f.s.DefaultListableBeanFactory - Eagerly caching bean 'default.com.ningmeng.manage_course.ManageCourseApplication.FeignClientSpecification' to allow for resolving potential circular references
2020-03-09 20:45:29.544 [main] DEBUG o.s.b.f.s.DefaultListableBeanFactory - Returning cached instance of singleton bean 'org.springframework.transaction.config.internalTransactionAdvisor'
2020-03-09 20:45:29.544 [main] DEBUG o.s.b.f.s.DefaultListableBeanFactory - Returning cached instance of singleton bean 'org.springframework.transaction.config.internalTransactionAdvisor'
2020-03-09 20:45:29.545 [main] DEBUG o.s.b.f.s.DefaultListableBeanFactory - Finished creating instance of bean 'default.com.ningmeng.manage_course.ManageCourseApplication.FeignClientSpecification'
2020-03-09 20:45:29.545 [main] DEBUG o.s.b.f.s.DefaultListableBeanFactory - Creating shared instance of singleton bean 'nm-service-manage-cms.FeignClientSpecification'
2020-03-09 20:45:29.545 [main] DEBUG o.s.b.f.s.DefaultListableBeanFactory - Creating instance of bean 'nm-service-manage-cms.FeignClientSpecification'
2020-03-09 20:45:29.545 [main] DEBUG o.s.b.f.s.DefaultListableBeanFactory - Returning cached instance of singleton bean 'org.springframework.transaction.config.internalTransactionAdvisor'
2020-03-09 20:45:29.545 [main] DEBUG o.s.b.f.s.DefaultListableBeanFactory - Eagerly caching bean 'nm-service-manage-cms.FeignClientSpecification' to allow for resolving potential circular references
2020-03-09 20:45:29.545 [main] DEBUG o.s.b.f.s.DefaultListableBeanFactory - Returning cached instance of singleton bean 'org.springframework.transaction.config.internalTransactionAdvisor'
2020-03-09 20:45:29.545 [main] DEBUG o.s.b.f.s.DefaultListableBeanFactory - Returning cached instance of singleton bean 'org.springframework.transaction.config.internalTransactionAdvisor'
2020-03-09 20:45:29.545 [main] DEBUG o.s.b.f.s.DefaultListableBeanFactory - Finished creating instance of bean 'nm-service-manage-cms.FeignClientSpecification'
2020-03-09 20:45:29.546 [main] DEBUG o.s.b.f.a.AutowiredAnnotationBeanPostProcessor - Autowiring by type from bean name 'org.springframework.cloud.openfeign.FeignAutoConfiguration' to bean named 'default.com.ningmeng.manage_course.ManageCourseApplication.FeignClientSpecification'
2020-03-09 20:45:29.546 [main] DEBUG o.s.b.f.a.AutowiredAnnotationBeanPostProcessor - Autowiring by type from bean name 'org.springframework.cloud.openfeign.FeignAutoConfiguration' to bean named 'nm-service-manage-cms.FeignClientSpecification'
2020-03-09 20:45:29.546 [main] DEBUG o.s.b.f.s.DefaultListableBeanFactory - Returning cached instance of singleton bean 'org.springframework.transaction.config.internalTransactionAdvisor'
2020-03-09 20:45:29.546 [main] DEBUG o.s.b.f.s.DefaultListableBeanFactory - Returning cached instance of singleton bean 'org.springframework.transaction.config.internalTransactionAdvisor'
2020-03-09 20:45:29.547 [main] DEBUG o.s.b.f.s.DefaultListableBeanFactory - Finished creating instance of bean 'org.springframework.cloud.openfeign.FeignAutoConfiguration'
2020-03-09 20:45:29.550 [main] DEBUG o.s.b.f.s.DefaultListableBeanFactory - Eagerly caching bean 'feignContext' to allow for resolving potential circular references
2020-03-09 20:45:29.554 [main] DEBUG o.s.b.f.s.DefaultListableBeanFactory - Returning cached instance of singleton bean 'org.springframework.transaction.config.internalTransactionAdvisor'
2020-03-09 20:45:29.554 [main] DEBUG o.s.b.f.s.DefaultListableBeanFactory - Returning cached instance of singleton bean 'org.springframework.transaction.config.internalTransactionAdvisor'
2020-03-09 20:45:29.554 [main] DEBUG o.s.b.f.s.DefaultListableBeanFactory - Finished creating instance of bean 'feignContext'
2020-03-09 20:45:29.555 [main] DEBUG o.s.core.env.StandardEnvironment - Adding PropertySource 'systemProperties' with lowest search precedence
2020-03-09 20:45:29.555 [main] DEBUG o.s.core.env.StandardEnvironment - Adding PropertySource 'systemEnvironment' with lowest search precedence
2020-03-09 20:45:29.555 [main] DEBUG o.s.core.env.StandardEnvironment - Initialized StandardEnvironment with PropertySources [MapPropertySource@842988286 {name='systemProperties', properties={idea.version=2017.1.2, java.runtime.name=Java(TM) SE Runtime Environment, sun.boot.library.path=C:\Program Files\Java\jdk1.8.0_91\jre\bin, java.vm.version=25.91-b14, java.vm.vendor=Oracle Corporation, java.vendor.url=http://java.oracle.com/, path.separator=;, java.vm.name=Java HotSpot(TM) 64-Bit Server VM, file.encoding.pkg=sun.io, user.country=CN, user.script=, sun.java.launcher=SUN_STANDARD, sun.os.patch.level=, PID=27140, java.vm.specification.name=Java Virtual Machine Specification, user.dir=E:\1704A\hdServiceCode\nm-service-manage-course, java.runtime.version=1.8.0_91-b14, basedir=E:\1704A\hdServiceCode\nm-service-manage-course, java.awt.graphicsenv=sun.awt.Win32GraphicsEnvironment, java.endorsed.dirs=C:\Program Files\Java\jdk1.8.0_91\jre\lib\endorsed, os.arch=amd64, surefire.real.class.path=C:\Users\wangb\AppData\Local\Temp\surefire8359040626052298865\surefirebooter7147715406186341325.jar, java.io.tmpdir=C:\Users\wangb\AppData\Local\Temp\, line.separator=
, java.vm.specification.vendor=Oracle Corporation, user.variant=, os.name=Windows 10, sun.jnu.encoding=GBK, spring.beaninfo.ignore=true, java.library.path=C:\Program Files\Java\jdk1.8.0_91\jre\bin;C:\WINDOWS\Sun\Java\bin;C:\WINDOWS\system32;C:\WINDOWS;E:\app\wangb\product\11.2.0\dbhome_1\bin;E:\maven\apache-maven-3.6.1\bin;C:\Program Files\Java\jdk1.8.0_91\bin;C:\Program Files (x86)\Intel\iCLS Client\;C:\Program Files\Intel\iCLS Client\;C:\Windows\system32;C:\Windows;C:\Windows\System32\Wbem;C:\Windows\System32\WindowsPowerShell\v1.0\;C:\Program Files (x86)\NVIDIA Corporation\PhysX\Common;C:\Program Files (x86)\Intel\Intel(R) Management Engine Components\DAL;C:\Program Files\Intel\Intel(R) Management Engine Components\DAL;C:\Program Files (x86)\Intel\Intel(R) Management Engine Components\IPT;C:\Program Files\Intel\Intel(R) Management Engine Components\IPT;C:\WINDOWS\system32;C:\WINDOWS;C:\WINDOWS\System32\Wbem;C:\WINDOWS\System32\WindowsPowerShell\v1.0\;C:\WINDOWS\System32\OpenSSH\;C:\Program Files\MySQL\MySQL Server 5.5\bin;E:\nodejs\;E:\Git\cmd;E:\Mp4\ffmpeg-20180227-fa0c9d6-win64-static\bin;C:\Users\wangb\AppData\Local\Microsoft\WindowsApps;C:\Users\wangb\AppData\Roaming\npm;E:\Microsoft VS Code\bin;., surefire.test.class.path=E:\1704A\hdServiceCode\nm-service-manage-course\target\test-classes;E:\1704A\hdServiceCode\nm-service-manage-course\target\classes;E:\1704A\repository\com\github\pagehelper\pagehelper-spring-boot-starter\1.2.4\pagehelper-spring-boot-starter-1.2.4.jar;E:\1704A\repository\org\springframework\boot\spring-boot-starter\2.0.1.RELEASE\spring-boot-starter-2.0.1.RELEASE.jar;E:\1704A\repository\org\springframework\boot\spring-boot\2.0.1.RELEASE\spring-boot-2.0.1.RELEASE.jar;E:\1704A\repository\javax\annotation\javax.annotation-api\1.3.2\javax.annotation-api-1.3.2.jar;E:\1704A\repository\org\yaml\snakeyaml\1.19\snakeyaml-1.19.jar;E:\1704A\repository\com\github\pagehelper\pagehelper-spring-boot-autoconfigure\1.2.4\pagehelper-spring-boot-autoconfigure-1.2.4.jar;E:\1704A\repository\com\github\pagehelper\pagehelper\5.1.3\pagehelper-5.1.3.jar;E:\1704A\repository\com\github\jsqlparser\jsqlparser\1.0\jsqlparser-1.0.jar;E:\1704A\hdServiceCode\nm-service-api\target\nm-service-api.jar;E:\1704A\repository\commons-fileupload\commons-fileupload\1.3.3\commons-fileupload-1.3.3.jar;E:\1704A\repository\io\springfox\springfox-swagger2\2.7.0\springfox-swagger2-2.7.0.jar;E:\1704A\repository\io\swagger\swagger-annotations\1.5.13\swagger-annotations-1.5.13.jar;E:\1704A\repository\io\swagger\swagger-models\1.5.13\swagger-models-1.5.13.jar;E:\1704A\repository\io\springfox\springfox-spi\2.7.0\springfox-spi-2.7.0.jar;E:\1704A\repository\io\springfox\springfox-core\2.7.0\springfox-core-2.7.0.jar;E:\1704A\repository\io\springfox\springfox-schema\2.7.0\springfox-schema-2.7.0.jar;E:\1704A\repository\io\springfox\springfox-swagger-common\2.7.0\springfox-swagger-common-2.7.0.jar;E:\1704A\repository\io\springfox\springfox-spring-web\2.7.0\springfox-spring-web-2.7.0.jar;E:\1704A\repository\org\reflections\reflections\0.9.11\reflections-0.9.11.jar;E:\1704A\repository\com\fasterxml\classmate\1.3.4\classmate-1.3.4.jar;E:\1704A\repository\org\springframework\plugin\spring-plugin-core\1.2.0.RELEASE\spring-plugin-core-1.2.0.RELEASE.jar;E:\1704A\repository\org\springframework\plugin\spring-plugin-metadata\1.2.0.RELEASE\spring-plugin-metadata-1.2.0.RELEASE.jar;E:\1704A\repository\org\mapstruct\mapstruct\1.1.0.Final\mapstruct-1.1.0.Final.jar;E:\1704A\repository\io\springfox\springfox-swagger-ui\2.7.0\springfox-swagger-ui-2.7.0.jar;E:\1704A\hdServiceCode\nm-framework-model\target\nm-framework-model.jar;E:\1704A\repository\org\projectlombok\lombok\1.16.16\lombok-1.16.16.jar;E:\1704A\repository\org\springframework\data\spring-data-commons\2.0.6.RELEASE\spring-data-commons-2.0.6.RELEASE.jar;E:\1704A\repository\org\springframework\data\spring-data-mongodb\2.0.6.RELEASE\spring-data-mongodb-2.0.6.RELEASE.jar;E:\1704A\repository\org\springframework\spring-context\5.0.5.RELEASE\spring-context-5.0.5.RELEASE.jar;E:\1704A\repository\org\springframework\spring-expression\5.0.5.RELEASE\spring-expression-5.0.5.RELEASE.jar;E:\1704A\repository\org\mongodb\mongo-java-driver\3.6.3\mongo-java-driver-3.6.3.jar;E:\1704A\repository\org\hibernate\hibernate-core\5.2.16.Final\hibernate-core-5.2.16.Final.jar;E:\1704A\repository\org\jboss\logging\jboss-logging\3.3.2.Final\jboss-logging-3.3.2.Final.jar;E:\1704A\repository\org\hibernate\javax\persistence\hibernate-jpa-2.1-api\1.0.0.Final\hibernate-jpa-2.1-api-1.0.0.Final.jar;E:\1704A\repository\org\javassist\javassist\3.22.0-GA\javassist-3.22.0-GA.jar;E:\1704A\repository\antlr\antlr\2.7.7\antlr-2.7.7.jar;E:\1704A\repository\org\jboss\spec\javax\transaction\jboss-transaction-api_1.2_spec\1.0.1.Final\jboss-transaction-api_1.2_spec-1.0.1.Final.jar;E:\1704A\repository\org\jboss\jandex\2.0.3.Final\jandex-2.0.3.Final.jar;E:\1704A\repository\dom4j\dom4j\1.6.1\dom4j-1.6.1.jar;E:\1704A\repository\org\hibernate\common\hibernate-commons-annotations\5.0.1.Final\hibernate-commons-annotations-5.0.1.Final.jar;E:\1704A\repository\com\google\guava\guava\24.0-jre\guava-24.0-jre.jar;E:\1704A\repository\com\google\code\findbugs\jsr305\1.3.9\jsr305-1.3.9.jar;E:\1704A\repository\org\checkerframework\checker-compat-qual\2.0.0\checker-compat-qual-2.0.0.jar;E:\1704A\repository\com\google\errorprone\error_prone_annotations\2.1.3\error_prone_annotations-2.1.3.jar;E:\1704A\repository\com\google\j2objc\j2objc-annotations\1.1\j2objc-annotations-1.1.jar;E:\1704A\repository\org\codehaus\mojo\animal-sniffer-annotations\1.14\animal-sniffer-annotations-1.14.jar;E:\1704A\hdServiceCode\nm-framework-utils\target\nm-framework-utils.jar;E:\1704A\repository\javax\servlet\javax.servlet-api\3.1.0\javax.servlet-api-3.1.0.jar;E:\1704A\repository\org\springframework\boot\spring-boot-starter-logging\2.0.1.RELEASE\spring-boot-starter-logging-2.0.1.RELEASE.jar;E:\1704A\repository\ch\qos\logback\logback-classic\1.2.3\logback-classic-1.2.3.jar;E:\1704A\repository\ch\qos\logback\logback-core\1.2.3\logback-core-1.2.3.jar;E:\1704A\repository\org\apache\logging\log4j\log4j-to-slf4j\2.10.0\log4j-to-slf4j-2.10.0.jar;E:\1704A\repository\org\apache\logging\log4j\log4j-api\2.10.0\log4j-api-2.10.0.jar;E:\1704A\repository\org\slf4j\jul-to-slf4j\1.7.25\jul-to-slf4j-1.7.25.jar;E:\1704A\repository\org\apache\httpcomponents\httpclient\4.5.5\httpclient-4.5.5.jar;E:\1704A\repository\org\apache\httpcomponents\httpcore\4.4.9\httpcore-4.4.9.jar;E:\1704A\repository\commons-codec\commons-codec\1.10\commons-codec-1.10.jar;E:\1704A\repository\net\lingala\zip4j\zip4j\1.3.1\zip4j-1.3.1.jar;E:\1704A\repository\org\springframework\security\spring-security-crypto\5.0.4.RELEASE\spring-security-crypto-5.0.4.RELEASE.jar;E:\1704A\repository\org\springframework\security\spring-security-jwt\1.0.8.RELEASE\spring-security-jwt-1.0.8.RELEASE.jar;E:\1704A\repository\org\bouncycastle\bcpkix-jdk15on\1.56\bcpkix-jdk15on-1.56.jar;E:\1704A\repository\org\bouncycastle\bcprov-jdk15on\1.56\bcprov-jdk15on-1.56.jar;E:\1704A\hdServiceCode\nm-framework-common\target\nm-framework-common.jar;E:\1704A\repository\org\springframework\spring-web\5.0.5.RELEASE\spring-web-5.0.5.RELEASE.jar;E:\1704A\repository\org\springframework\boot\spring-boot-starter-web\2.0.1.RELEASE\spring-boot-starter-web-2.0.1.RELEASE.jar;E:\1704A\repository\org\springframework\boot\spring-boot-starter-json\2.0.1.RELEASE\spring-boot-starter-json-2.0.1.RELEASE.jar;E:\1704A\repository\com\fasterxml\jackson\core\jackson-databind\2.9.5\jackson-databind-2.9.5.jar;E:\1704A\repository\com\fasterxml\jackson\datatype\jackson-datatype-jdk8\2.9.5\jackson-datatype-jdk8-2.9.5.jar;E:\1704A\repository\com\fasterxml\jackson\datatype\jackson-datatype-jsr310\2.9.5\jackson-datatype-jsr310-2.9.5.jar;E:\1704A\repository\com\fasterxml\jackson\module\jackson-module-parameter-names\2.9.5\jackson-module-parameter-names-2.9.5.jar;E:\1704A\repository\org\springframework\boot\spring-boot-starter-tomcat\2.0.1.RELEASE\spring-boot-starter-tomcat-2.0.1.RELEASE.jar;E:\1704A\repository\org\apache\tomcat\embed\tomcat-embed-core\8.5.28\tomcat-embed-core-8.5.28.jar;E:\1704A\repository\org\apache\tomcat\embed\tomcat-embed-el\8.5.28\tomcat-embed-el-8.5.28.jar;E:\1704A\repository\org\apache\tomcat\embed\tomcat-embed-websocket\8.5.28\tomcat-embed-websocket-8.5.28.jar;E:\1704A\repository\org\hibernate\validator\hibernate-validator\6.0.9.Final\hibernate-validator-6.0.9.Final.jar;E:\1704A\repository\javax\validation\validation-api\2.0.1.Final\validation-api-2.0.1.Final.jar;E:\1704A\repository\org\springframework\spring-webmvc\5.0.5.RELEASE\spring-webmvc-5.0.5.RELEASE.jar;E:\1704A\repository\org\springframework\spring-aop\5.0.5.RELEASE\spring-aop-5.0.5.RELEASE.jar;E:\1704A\repository\mysql\mysql-connector-java\5.1.40\mysql-connector-java-5.1.40.jar;E:\1704A\repository\com\alibaba\druid-spring-boot-starter\1.1.10\druid-spring-boot-starter-1.1.10.jar;E:\1704A\repository\com\alibaba\druid\1.1.6\druid-1.1.6.jar;E:\1704A\repository\org\slf4j\slf4j-api\1.7.25\slf4j-api-1.7.25.jar;E:\1704A\repository\org\springframework\boot\spring-boot-autoconfigure\2.0.1.RELEASE\spring-boot-autoconfigure-2.0.1.RELEASE.jar;E:\1704A\repository\org\mybatis\spring\boot\mybatis-spring-boot-starter\1.3.1\mybatis-spring-boot-starter-1.3.1.jar;E:\1704A\repository\org\springframework\boot\spring-boot-starter-jdbc\2.0.1.RELEASE\spring-boot-starter-jdbc-2.0.1.RELEASE.jar;E:\1704A\repository\com\zaxxer\HikariCP\2.7.8\HikariCP-2.7.8.jar;E:\1704A\repository\org\mybatis\spring\boot\mybatis-spring-boot-autoconfigure\1.3.1\mybatis-spring-boot-autoconfigure-1.3.1.jar;E:\1704A\repository\org\mybatis\mybatis\3.4.5\mybatis-3.4.5.jar;E:\1704A\repository\org\mybatis\mybatis-spring\1.3.1\mybatis-spring-1.3.1.jar;E:\1704A\repository\org\springframework\spring-orm\5.0.5.RELEASE\spring-orm-5.0.5.RELEASE.jar;E:\1704A\repository\org\springframework\spring-beans\5.0.5.RELEASE\spring-beans-5.0.5.RELEASE.jar;E:\1704A\repository\org\springframework\spring-core\5.0.5.RELEASE\spring-core-5.0.5.RELEASE.jar;E:\1704A\repository\org\springframework\spring-jcl\5.0.5.RELEASE\spring-jcl-5.0.5.RELEASE.jar;E:\1704A\repository\org\springframework\spring-jdbc\5.0.5.RELEASE\spring-jdbc-5.0.5.RELEASE.jar;E:\1704A\repository\org\springframework\spring-tx\5.0.5.RELEASE\spring-tx-5.0.5.RELEASE.jar;E:\1704A\repository\org\springframework\boot\spring-boot-starter-data-jpa\2.0.1.RELEASE\spring-boot-starter-data-jpa-2.0.1.RELEASE.jar;E:\1704A\repository\org\springframework\boot\spring-boot-starter-aop\2.0.1.RELEASE\spring-boot-starter-aop-2.0.1.RELEASE.jar;E:\1704A\repository\org\aspectj\aspectjweaver\1.8.13\aspectjweaver-1.8.13.jar;E:\1704A\repository\javax\transaction\javax.transaction-api\1.2\javax.transaction-api-1.2.jar;E:\1704A\repository\org\springframework\data\spring-data-jpa\2.0.6.RELEASE\spring-data-jpa-2.0.6.RELEASE.jar;E:\1704A\repository\org\springframework\spring-aspects\5.0.5.RELEASE\spring-aspects-5.0.5.RELEASE.jar;E:\1704A\repository\com\squareup\okhttp3\okhttp\3.9.1\okhttp-3.9.1.jar;E:\1704A\repository\com\squareup\okio\okio\1.13.0\okio-1.13.0.jar;E:\1704A\repository\com\alibaba\fastjson\1.2.30\fastjson-1.2.30.jar;E:\1704A\repository\commons-io\commons-io\2.6\commons-io-2.6.jar;E:\1704A\repository\org\apache\commons\commons-lang3\3.6\commons-lang3-3.6.jar;E:\1704A\repository\org\springframework\boot\spring-boot-starter-test\2.0.1.RELEASE\spring-boot-starter-test-2.0.1.RELEASE.jar;E:\1704A\repository\org\springframework\boot\spring-boot-test\2.0.1.RELEASE\spring-boot-test-2.0.1.RELEASE.jar;E:\1704A\repository\org\springframework\boot\spring-boot-test-autoconfigure\2.0.1.RELEASE\spring-boot-test-autoconfigure-2.0.1.RELEASE.jar;E:\1704A\repository\com\jayway\jsonpath\json-path\2.4.0\json-path-2.4.0.jar;E:\1704A\repository\net\minidev\json-smart\2.3\json-smart-2.3.jar;E:\1704A\repository\net\minidev\accessors-smart\1.2\accessors-smart-1.2.jar;E:\1704A\repository\org\ow2\asm\asm\5.0.4\asm-5.0.4.jar;E:\1704A\repository\junit\junit\4.12\junit-4.12.jar;E:\1704A\repository\org\assertj\assertj-core\3.9.1\assertj-core-3.9.1.jar;E:\1704A\repository\org\mockito\mockito-core\2.15.0\mockito-core-2.15.0.jar;E:\1704A\repository\net\bytebuddy\byte-buddy\1.7.11\byte-buddy-1.7.11.jar;E:\1704A\repository\net\bytebuddy\byte-buddy-agent\1.7.11\byte-buddy-agent-1.7.11.jar;E:\1704A\repository\org\objenesis\objenesis\2.6\objenesis-2.6.jar;E:\1704A\repository\org\hamcrest\hamcrest-core\1.3\hamcrest-core-1.3.jar;E:\1704A\repository\org\hamcrest\hamcrest-library\1.3\hamcrest-library-1.3.jar;E:\1704A\repository\org\skyscreamer\jsonassert\1.5.0\jsonassert-1.5.0.jar;E:\1704A\repository\com\vaadin\external\google\android-json\0.0.20131108.vaadin1\android-json-0.0.20131108.vaadin1.jar;E:\1704A\repository\org\springframework\spring-test\5.0.5.RELEASE\spring-test-5.0.5.RELEASE.jar;E:\1704A\repository\org\xmlunit\xmlunit-core\2.5.1\xmlunit-core-2.5.1.jar;E:\1704A\repository\org\springframework\cloud\spring-cloud-starter-netflix-eureka-client\2.0.1.RELEASE\spring-cloud-starter-netflix-eureka-client-2.0.1.RELEASE.jar;E:\1704A\repository\org\springframework\cloud\spring-cloud-starter\2.0.1.RELEASE\spring-cloud-starter-2.0.1.RELEASE.jar;E:\1704A\repository\org\springframework\cloud\spring-cloud-context\2.0.1.RELEASE\spring-cloud-context-2.0.1.RELEASE.jar;E:\1704A\repository\org\springframework\security\spring-security-rsa\1.0.5.RELEASE\spring-security-rsa-1.0.5.RELEASE.jar;E:\1704A\repository\org\springframework\cloud\spring-cloud-netflix-core\2.0.1.RELEASE\spring-cloud-netflix-core-2.0.1.RELEASE.jar;E:\1704A\repository\org\springframework\cloud\spring-cloud-netflix-eureka-client\2.0.1.RELEASE\spring-cloud-netflix-eureka-client-2.0.1.RELEASE.jar;E:\1704A\repository\com\netflix\eureka\eureka-client\1.9.3\eureka-client-1.9.3.jar;E:\1704A\repository\org\codehaus\jettison\jettison\1.3.7\jettison-1.3.7.jar;E:\1704A\repository\stax\stax-api\1.0.1\stax-api-1.0.1.jar;E:\1704A\repository\com\netflix\netflix-commons\netflix-eventbus\0.3.0\netflix-eventbus-0.3.0.jar;E:\1704A\repository\com\netflix\netflix-commons\netflix-infix\0.3.0\netflix-infix-0.3.0.jar;E:\1704A\repository\commons-jxpath\commons-jxpath\1.3\commons-jxpath-1.3.jar;E:\1704A\repository\joda-time\joda-time\2.9.9\joda-time-2.9.9.jar;E:\1704A\repository\org\antlr\antlr-runtime\3.4\antlr-runtime-3.4.jar;E:\1704A\repository\org\antlr\stringtemplate\3.2.1\stringtemplate-3.2.1.jar;E:\1704A\repository\com\google\code\gson\gson\2.8.2\gson-2.8.2.jar;E:\1704A\repository\org\apache\commons\commons-math\2.2\commons-math-2.2.jar;E:\1704A\repository\com\netflix\archaius\archaius-core\0.7.6\archaius-core-0.7.6.jar;E:\1704A\repository\javax\ws\rs\jsr311-api\1.1.1\jsr311-api-1.1.1.jar;E:\1704A\repository\com\netflix\servo\servo-core\0.12.21\servo-core-0.12.21.jar;E:\1704A\repository\com\sun\jersey\jersey-core\1.19.1\jersey-core-1.19.1.jar;E:\1704A\repository\com\sun\jersey\jersey-client\1.19.1\jersey-client-1.19.1.jar;E:\1704A\repository\com\sun\jersey\contribs\jersey-apache-client4\1.19.1\jersey-apache-client4-1.19.1.jar;E:\1704A\repository\com\google\inject\guice\4.1.0\guice-4.1.0.jar;E:\1704A\repository\javax\inject\javax.inject\1\javax.inject-1.jar;E:\1704A\repository\aopalliance\aopalliance\1.0\aopalliance-1.0.jar;E:\1704A\repository\com\github\vlsi\compactmap\compactmap\1.2.1\compactmap-1.2.1.jar;E:\1704A\repository\com\github\andrewoma\dexx\dexx-collections\0.2\dexx-collections-0.2.jar;E:\1704A\repository\com\fasterxml\jackson\core\jackson-annotations\2.9.0\jackson-annotations-2.9.0.jar;E:\1704A\repository\com\fasterxml\jackson\core\jackson-core\2.9.5\jackson-core-2.9.5.jar;E:\1704A\repository\com\netflix\eureka\eureka-core\1.9.3\eureka-core-1.9.3.jar;E:\1704A\repository\org\codehaus\woodstox\woodstox-core-asl\4.4.1\woodstox-core-asl-4.4.1.jar;E:\1704A\repository\javax\xml\stream\stax-api\1.0-2\stax-api-1.0-2.jar;E:\1704A\repository\org\codehaus\woodstox\stax2-api\3.1.4\stax2-api-3.1.4.jar;E:\1704A\repository\org\springframework\cloud\spring-cloud-starter-netflix-archaius\2.0.1.RELEASE\spring-cloud-starter-netflix-archaius-2.0.1.RELEASE.jar;E:\1704A\repository\org\springframework\cloud\spring-cloud-netflix-ribbon\2.0.1.RELEASE\spring-cloud-netflix-ribbon-2.0.1.RELEASE.jar;E:\1704A\repository\org\springframework\cloud\spring-cloud-netflix-archaius\2.0.1.RELEASE\spring-cloud-netflix-archaius-2.0.1.RELEASE.jar;E:\1704A\repository\commons-configuration\commons-configuration\1.8\commons-configuration-1.8.jar;E:\1704A\repository\commons-lang\commons-lang\2.6\commons-lang-2.6.jar;E:\1704A\repository\org\springframework\cloud\spring-cloud-starter-netflix-ribbon\2.0.1.RELEASE\spring-cloud-starter-netflix-ribbon-2.0.1.RELEASE.jar;E:\1704A\repository\com\netflix\ribbon\ribbon\2.2.5\ribbon-2.2.5.jar;E:\1704A\repository\com\netflix\ribbon\ribbon-transport\2.2.5\ribbon-transport-2.2.5.jar;E:\1704A\repository\io\reactivex\rxnetty-contexts\0.4.9\rxnetty-contexts-0.4.9.jar;E:\1704A\repository\io\reactivex\rxnetty-servo\0.4.9\rxnetty-servo-0.4.9.jar;E:\1704A\repository\io\reactivex\rxnetty\0.4.9\rxnetty-0.4.9.jar;E:\1704A\repository\io\netty\netty-codec-http\4.1.23.Final\netty-codec-http-4.1.23.Final.jar;E:\1704A\repository\io\netty\netty-codec\4.1.23.Final\netty-codec-4.1.23.Final.jar;E:\1704A\repository\io\netty\netty-transport-native-epoll\4.1.23.Final\netty-transport-native-epoll-4.1.23.Final.jar;E:\1704A\repository\io\netty\netty-common\4.1.23.Final\netty-common-4.1.23.Final.jar;E:\1704A\repository\io\netty\netty-buffer\4.1.23.Final\netty-buffer-4.1.23.Final.jar;E:\1704A\repository\io\netty\netty-transport-native-unix-common\4.1.23.Final\netty-transport-native-unix-common-4.1.23.Final.jar;E:\1704A\repository\io\netty\netty-transport\4.1.23.Final\netty-transport-4.1.23.Final.jar;E:\1704A\repository\io\netty\netty-resolver\4.1.23.Final\netty-resolver-4.1.23.Final.jar;E:\1704A\repository\com\netflix\ribbon\ribbon-core\2.2.5\ribbon-core-2.2.5.jar;E:\1704A\repository\com\netflix\ribbon\ribbon-httpclient\2.2.5\ribbon-httpclient-2.2.5.jar;E:\1704A\repository\commons-collections\commons-collections\3.2.2\commons-collections-3.2.2.jar;E:\1704A\repository\com\netflix\netflix-commons\netflix-commons-util\0.3.0\netflix-commons-util-0.3.0.jar;E:\1704A\repository\com\netflix\ribbon\ribbon-loadbalancer\2.2.5\ribbon-loadbalancer-2.2.5.jar;E:\1704A\repository\com\netflix\netflix-commons\netflix-statistics\0.1.1\netflix-statistics-0.1.1.jar;E:\1704A\repository\io\reactivex\rxjava\1.3.8\rxjava-1.3.8.jar;E:\1704A\repository\com\netflix\ribbon\ribbon-eureka\2.2.5\ribbon-eureka-2.2.5.jar;E:\1704A\repository\com\thoughtworks\xstream\xstream\1.4.10\xstream-1.4.10.jar;E:\1704A\repository\xmlpull\xmlpull\1.1.3.1\xmlpull-1.1.3.1.jar;E:\1704A\repository\xpp3\xpp3_min\1.1.4c\xpp3_min-1.1.4c.jar;E:\1704A\repository\org\springframework\cloud\spring-cloud-starter-openfeign\2.0.1.RELEASE\spring-cloud-starter-openfeign-2.0.1.RELEASE.jar;E:\1704A\repository\org\springframework\cloud\spring-cloud-openfeign-core\2.0.1.RELEASE\spring-cloud-openfeign-core-2.0.1.RELEASE.jar;E:\1704A\repository\org\springframework\cloud\spring-cloud-commons\2.0.1.RELEASE\spring-cloud-commons-2.0.1.RELEASE.jar;E:\1704A\repository\io\github\openfeign\feign-core\9.5.1\feign-core-9.5.1.jar;E:\1704A\repository\io\github\openfeign\feign-slf4j\9.5.1\feign-slf4j-9.5.1.jar;E:\1704A\repository\io\github\openfeign\feign-hystrix\9.5.1\feign-hystrix-9.5.1.jar;E:\1704A\repository\com\netflix\hystrix\hystrix-core\1.5.12\hystrix-core-1.5.12.jar;E:\1704A\repository\org\hdrhistogram\HdrHistogram\2.1.9\HdrHistogram-2.1.9.jar;E:\1704A\repository\io\github\openfeign\feign-java8\9.5.1\feign-java8-9.5.1.jar;E:\1704A\repository\com\netflix\feign\feign-okhttp\8.18.0\feign-okhttp-8.18.0.jar;E:\1704A\repository\com\netflix\feign\feign-core\8.18.0\feign-core-8.18.0.jar;E:\1704A\repository\org\jvnet\animal-sniffer-annotation\1.0\animal-sniffer-annotation-1.0.jar;, java.specification.name=Java Platform API Specification, java.class.version=52.0, sun.management.compiler=HotSpot 64-Bit Tiered Compilers, maven.repo.local=E:\1704A\repository, os.version=10.0, user.home=C:\Users\wangb, user.timezone=Asia/Shanghai, java.awt.printerjob=sun.awt.windows.WPrinterJob, file.encoding=GBK, java.specification.version=1.8, java.class.path=E:\1704A\hdServiceCode\nm-service-manage-course\target\test-classes;E:\1704A\hdServiceCode\nm-service-manage-course\target\classes;E:\1704A\repository\com\github\pagehelper\pagehelper-spring-boot-starter\1.2.4\pagehelper-spring-boot-starter-1.2.4.jar;E:\1704A\repository\org\springframework\boot\spring-boot-starter\2.0.1.RELEASE\spring-boot-starter-2.0.1.RELEASE.jar;E:\1704A\repository\org\springframework\boot\spring-boot\2.0.1.RELEASE\spring-boot-2.0.1.RELEASE.jar;E:\1704A\repository\javax\annotation\javax.annotation-api\1.3.2\javax.annotation-api-1.3.2.jar;E:\1704A\repository\org\yaml\snakeyaml\1.19\snakeyaml-1.19.jar;E:\1704A\repository\com\github\pagehelper\pagehelper-spring-boot-autoconfigure\1.2.4\pagehelper-spring-boot-autoconfigure-1.2.4.jar;E:\1704A\repository\com\github\pagehelper\pagehelper\5.1.3\pagehelper-5.1.3.jar;E:\1704A\repository\com\github\jsqlparser\jsqlparser\1.0\jsqlparser-1.0.jar;E:\1704A\hdServiceCode\nm-service-api\target\nm-service-api.jar;E:\1704A\repository\commons-fileupload\commons-fileupload\1.3.3\commons-fileupload-1.3.3.jar;E:\1704A\repository\io\springfox\springfox-swagger2\2.7.0\springfox-swagger2-2.7.0.jar;E:\1704A\repository\io\swagger\swagger-annotations\1.5.13\swagger-annotations-1.5.13.jar;E:\1704A\repository\io\swagger\swagger-models\1.5.13\swagger-models-1.5.13.jar;E:\1704A\repository\io\springfox\springfox-spi\2.7.0\springfox-spi-2.7.0.jar;E:\1704A\repository\io\springfox\springfox-core\2.7.0\springfox-core-2.7.0.jar;E:\1704A\repository\io\springfox\springfox-schema\2.7.0\springfox-schema-2.7.0.jar;E:\1704A\repository\io\springfox\springfox-swagger-common\2.7.0\springfox-swagger-common-2.7.0.jar;E:\1704A\repository\io\springfox\springfox-spring-web\2.7.0\springfox-spring-web-2.7.0.jar;E:\1704A\repository\org\reflections\reflections\0.9.11\reflections-0.9.11.jar;E:\1704A\repository\com\fasterxml\classmate\1.3.4\classmate-1.3.4.jar;E:\1704A\repository\org\springframework\plugin\spring-plugin-core\1.2.0.RELEASE\spring-plugin-core-1.2.0.RELEASE.jar;E:\1704A\repository\org\springframework\plugin\spring-plugin-metadata\1.2.0.RELEASE\spring-plugin-metadata-1.2.0.RELEASE.jar;E:\1704A\repository\org\mapstruct\mapstruct\1.1.0.Final\mapstruct-1.1.0.Final.jar;E:\1704A\repository\io\springfox\springfox-swagger-ui\2.7.0\springfox-swagger-ui-2.7.0.jar;E:\1704A\hdServiceCode\nm-framework-model\target\nm-framework-model.jar;E:\1704A\repository\org\projectlombok\lombok\1.16.16\lombok-1.16.16.jar;E:\1704A\repository\org\springframework\data\spring-data-commons\2.0.6.RELEASE\spring-data-commons-2.0.6.RELEASE.jar;E:\1704A\repository\org\springframework\data\spring-data-mongodb\2.0.6.RELEASE\spring-data-mongodb-2.0.6.RELEASE.jar;E:\1704A\repository\org\springframework\spring-context\5.0.5.RELEASE\spring-context-5.0.5.RELEASE.jar;E:\1704A\repository\org\springframework\spring-expression\5.0.5.RELEASE\spring-expression-5.0.5.RELEASE.jar;E:\1704A\repository\org\mongodb\mongo-java-driver\3.6.3\mongo-java-driver-3.6.3.jar;E:\1704A\repository\org\hibernate\hibernate-core\5.2.16.Final\hibernate-core-5.2.16.Final.jar;E:\1704A\repository\org\jboss\logging\jboss-logging\3.3.2.Final\jboss-logging-3.3.2.Final.jar;E:\1704A\repository\org\hibernate\javax\persistence\hibernate-jpa-2.1-api\1.0.0.Final\hibernate-jpa-2.1-api-1.0.0.Final.jar;E:\1704A\repository\org\javassist\javassist\3.22.0-GA\javassist-3.22.0-GA.jar;E:\1704A\repository\antlr\antlr\2.7.7\antlr-2.7.7.jar;E:\1704A\repository\org\jboss\spec\javax\transaction\jboss-transaction-api_1.2_spec\1.0.1.Final\jboss-transaction-api_1.2_spec-1.0.1.Final.jar;E:\1704A\repository\org\jboss\jandex\2.0.3.Final\jandex-2.0.3.Final.jar;E:\1704A\repository\dom4j\dom4j\1.6.1\dom4j-1.6.1.jar;E:\1704A\repository\org\hibernate\common\hibernate-commons-annotations\5.0.1.Final\hibernate-commons-annotations-5.0.1.Final.jar;E:\1704A\repository\com\google\guava\guava\24.0-jre\guava-24.0-jre.jar;E:\1704A\repository\com\google\code\findbugs\jsr305\1.3.9\jsr305-1.3.9.jar;E:\1704A\repository\org\checkerframework\checker-compat-qual\2.0.0\checker-compat-qual-2.0.0.jar;E:\1704A\repository\com\google\errorprone\error_prone_annotations\2.1.3\error_prone_annotations-2.1.3.jar;E:\1704A\repository\com\google\j2objc\j2objc-annotations\1.1\j2objc-annotations-1.1.jar;E:\1704A\repository\org\codehaus\mojo\animal-sniffer-annotations\1.14\animal-sniffer-annotations-1.14.jar;E:\1704A\hdServiceCode\nm-framework-utils\target\nm-framework-utils.jar;E:\1704A\repository\javax\servlet\javax.servlet-api\3.1.0\javax.servlet-api-3.1.0.jar;E:\1704A\repository\org\springframework\boot\spring-boot-starter-logging\2.0.1.RELEASE\spring-boot-starter-logging-2.0.1.RELEASE.jar;E:\1704A\repository\ch\qos\logback\logback-classic\1.2.3\logback-classic-1.2.3.jar;E:\1704A\repository\ch\qos\logback\logback-core\1.2.3\logback-core-1.2.3.jar;E:\1704A\repository\org\apache\logging\log4j\log4j-to-slf4j\2.10.0\log4j-to-slf4j-2.10.0.jar;E:\1704A\repository\org\apache\logging\log4j\log4j-api\2.10.0\log4j-api-2.10.0.jar;E:\1704A\repository\org\slf4j\jul-to-slf4j\1.7.25\jul-to-slf4j-1.7.25.jar;E:\1704A\repository\org\apache\httpcomponents\httpclient\4.5.5\httpclient-4.5.5.jar;E:\1704A\repository\org\apache\httpcomponents\httpcore\4.4.9\httpcore-4.4.9.jar;E:\1704A\repository\commons-codec\commons-codec\1.10\commons-codec-1.10.jar;E:\1704A\repository\net\lingala\zip4j\zip4j\1.3.1\zip4j-1.3.1.jar;E:\1704A\repository\org\springframework\security\spring-security-crypto\5.0.4.RELEASE\spring-security-crypto-5.0.4.RELEASE.jar;E:\1704A\repository\org\springframework\security\spring-security-jwt\1.0.8.RELEASE\spring-security-jwt-1.0.8.RELEASE.jar;E:\1704A\repository\org\bouncycastle\bcpkix-jdk15on\1.56\bcpkix-jdk15on-1.56.jar;E:\1704A\repository\org\bouncycastle\bcprov-jdk15on\1.56\bcprov-jdk15on-1.56.jar;E:\1704A\hdServiceCode\nm-framework-common\target\nm-framework-common.jar;E:\1704A\repository\org\springframework\spring-web\5.0.5.RELEASE\spring-web-5.0.5.RELEASE.jar;E:\1704A\repository\org\springframework\boot\spring-boot-starter-web\2.0.1.RELEASE\spring-boot-starter-web-2.0.1.RELEASE.jar;E:\1704A\repository\org\springframework\boot\spring-boot-starter-json\2.0.1.RELEASE\spring-boot-starter-json-2.0.1.RELEASE.jar;E:\1704A\repository\com\fasterxml\jackson\core\jackson-databind\2.9.5\jackson-databind-2.9.5.jar;E:\1704A\repository\com\fasterxml\jackson\datatype\jackson-datatype-jdk8\2.9.5\jackson-datatype-jdk8-2.9.5.jar;E:\1704A\repository\com\fasterxml\jackson\datatype\jackson-datatype-jsr310\2.9.5\jackson-datatype-jsr310-2.9.5.jar;E:\1704A\repository\com\fasterxml\jackson\module\jackson-module-parameter-names\2.9.5\jackson-module-parameter-names-2.9.5.jar;E:\1704A\repository\org\springframework\boot\spring-boot-starter-tomcat\2.0.1.RELEASE\spring-boot-starter-tomcat-2.0.1.RELEASE.jar;E:\1704A\repository\org\apache\tomcat\embed\tomcat-embed-core\8.5.28\tomcat-embed-core-8.5.28.jar;E:\1704A\repository\org\apache\tomcat\embed\tomcat-embed-el\8.5.28\tomcat-embed-el-8.5.28.jar;E:\1704A\repository\org\apache\tomcat\embed\tomcat-embed-websocket\8.5.28\tomcat-embed-websocket-8.5.28.jar;E:\1704A\repository\org\hibernate\validator\hibernate-validator\6.0.9.Final\hibernate-validator-6.0.9.Final.jar;E:\1704A\repository\javax\validation\validation-api\2.0.1.Final\validation-api-2.0.1.Final.jar;E:\1704A\repository\org\springframework\spring-webmvc\5.0.5.RELEASE\spring-webmvc-5.0.5.RELEASE.jar;E:\1704A\repository\org\springframework\spring-aop\5.0.5.RELEASE\spring-aop-5.0.5.RELEASE.jar;E:\1704A\repository\mysql\mysql-connector-java\5.1.40\mysql-connector-java-5.1.40.jar;E:\1704A\repository\com\alibaba\druid-spring-boot-starter\1.1.10\druid-spring-boot-starter-1.1.10.jar;E:\1704A\repository\com\alibaba\druid\1.1.6\druid-1.1.6.jar;E:\1704A\repository\org\slf4j\slf4j-api\1.7.25\slf4j-api-1.7.25.jar;E:\1704A\repository\org\springframework\boot\spring-boot-autoconfigure\2.0.1.RELEASE\spring-boot-autoconfigure-2.0.1.RELEASE.jar;E:\1704A\repository\org\mybatis\spring\boot\mybatis-spring-boot-starter\1.3.1\mybatis-spring-boot-starter-1.3.1.jar;E:\1704A\repository\org\springframework\boot\spring-boot-starter-jdbc\2.0.1.RELEASE\spring-boot-starter-jdbc-2.0.1.RELEASE.jar;E:\1704A\repository\com\zaxxer\HikariCP\2.7.8\HikariCP-2.7.8.jar;E:\1704A\repository\org\mybatis\spring\boot\mybatis-spring-boot-autoconfigure\1.3.1\mybatis-spring-boot-autoconfigure-1.3.1.jar;E:\1704A\repository\org\mybatis\mybatis\3.4.5\mybatis-3.4.5.jar;E:\1704A\repository\org\mybatis\mybatis-spring\1.3.1\mybatis-spring-1.3.1.jar;E:\1704A\repository\org\springframework\spring-orm\5.0.5.RELEASE\spring-orm-5.0.5.RELEASE.jar;E:\1704A\repository\org\springframework\spring-beans\5.0.5.RELEASE\spring-beans-5.0.5.RELEASE.jar;E:\1704A\repository\org\springframework\spring-core\5.0.5.RELEASE\spring-core-5.0.5.RELEASE.jar;E:\1704A\repository\org\springframework\spring-jcl\5.0.5.RELEASE\spring-jcl-5.0.5.RELEASE.jar;E:\1704A\repository\org\springframework\spring-jdbc\5.0.5.RELEASE\spring-jdbc-5.0.5.RELEASE.jar;E:\1704A\repository\org\springframework\spring-tx\5.0.5.RELEASE\spring-tx-5.0.5.RELEASE.jar;E:\1704A\repository\org\springframework\boot\spring-boot-starter-data-jpa\2.0.1.RELEASE\spring-boot-starter-data-jpa-2.0.1.RELEASE.jar;E:\1704A\repository\org\springframework\boot\spring-boot-starter-aop\2.0.1.RELEASE\spring-boot-starter-aop-2.0.1.RELEASE.jar;E:\1704A\repository\org\aspectj\aspectjweaver\1.8.13\aspectjweaver-1.8.13.jar;E:\1704A\repository\javax\transaction\javax.transaction-api\1.2\javax.transaction-api-1.2.jar;E:\1704A\repository\org\springframework\data\spring-data-jpa\2.0.6.RELEASE\spring-data-jpa-2.0.6.RELEASE.jar;E:\1704A\repository\org\springframework\spring-aspects\5.0.5.RELEASE\spring-aspects-5.0.5.RELEASE.jar;E:\1704A\repository\com\squareup\okhttp3\okhttp\3.9.1\okhttp-3.9.1.jar;E:\1704A\repository\com\squareup\okio\okio\1.13.0\okio-1.13.0.jar;E:\1704A\repository\com\alibaba\fastjson\1.2.30\fastjson-1.2.30.jar;E:\1704A\repository\commons-io\commons-io\2.6\commons-io-2.6.jar;E:\1704A\repository\org\apache\commons\commons-lang3\3.6\commons-lang3-3.6.jar;E:\1704A\repository\org\springframework\boot\spring-boot-starter-test\2.0.1.RELEASE\spring-boot-starter-test-2.0.1.RELEASE.jar;E:\1704A\repository\org\springframework\boot\spring-boot-test\2.0.1.RELEASE\spring-boot-test-2.0.1.RELEASE.jar;E:\1704A\repository\org\springframework\boot\spring-boot-test-autoconfigure\2.0.1.RELEASE\spring-boot-test-autoconfigure-2.0.1.RELEASE.jar;E:\1704A\repository\com\jayway\jsonpath\json-path\2.4.0\json-path-2.4.0.jar;E:\1704A\repository\net\minidev\json-smart\2.3\json-smart-2.3.jar;E:\1704A\repository\net\minidev\accessors-smart\1.2\accessors-smart-1.2.jar;E:\1704A\repository\org\ow2\asm\asm\5.0.4\asm-5.0.4.jar;E:\1704A\repository\junit\junit\4.12\junit-4.12.jar;E:\1704A\repository\org\assertj\assertj-core\3.9.1\assertj-core-3.9.1.jar;E:\1704A\repository\org\mockito\mockito-core\2.15.0\mockito-core-2.15.0.jar;E:\1704A\repository\net\bytebuddy\byte-buddy\1.7.11\byte-buddy-1.7.11.jar;E:\1704A\repository\net\bytebuddy\byte-buddy-agent\1.7.11\byte-buddy-agent-1.7.11.jar;E:\1704A\repository\org\objenesis\objenesis\2.6\objenesis-2.6.jar;E:\1704A\repository\org\hamcrest\hamcrest-core\1.3\hamcrest-core-1.3.jar;E:\1704A\repository\org\hamcrest\hamcrest-library\1.3\hamcrest-library-1.3.jar;E:\1704A\repository\org\skyscreamer\jsonassert\1.5.0\jsonassert-1.5.0.jar;E:\1704A\repository\com\vaadin\external\google\android-json\0.0.20131108.vaadin1\android-json-0.0.20131108.vaadin1.jar;E:\1704A\repository\org\springframework\spring-test\5.0.5.RELEASE\spring-test-5.0.5.RELEASE.jar;E:\1704A\repository\org\xmlunit\xmlunit-core\2.5.1\xmlunit-core-2.5.1.jar;E:\1704A\repository\org\springframework\cloud\spring-cloud-starter-netflix-eureka-client\2.0.1.RELEASE\spring-cloud-starter-netflix-eureka-client-2.0.1.RELEASE.jar;E:\1704A\repository\org\springframework\cloud\spring-cloud-starter\2.0.1.RELEASE\spring-cloud-starter-2.0.1.RELEASE.jar;E:\1704A\repository\org\springframework\cloud\spring-cloud-context\2.0.1.RELEASE\spring-cloud-context-2.0.1.RELEASE.jar;E:\1704A\repository\org\springframework\security\spring-security-rsa\1.0.5.RELEASE\spring-security-rsa-1.0.5.RELEASE.jar;E:\1704A\repository\org\springframework\cloud\spring-cloud-netflix-core\2.0.1.RELEASE\spring-cloud-netflix-core-2.0.1.RELEASE.jar;E:\1704A\repository\org\springframework\cloud\spring-cloud-netflix-eureka-client\2.0.1.RELEASE\spring-cloud-netflix-eureka-client-2.0.1.RELEASE.jar;E:\1704A\repository\com\netflix\eureka\eureka-client\1.9.3\eureka-client-1.9.3.jar;E:\1704A\repository\org\codehaus\jettison\jettison\1.3.7\jettison-1.3.7.jar;E:\1704A\repository\stax\stax-api\1.0.1\stax-api-1.0.1.jar;E:\1704A\repository\com\netflix\netflix-commons\netflix-eventbus\0.3.0\netflix-eventbus-0.3.0.jar;E:\1704A\repository\com\netflix\netflix-commons\netflix-infix\0.3.0\netflix-infix-0.3.0.jar;E:\1704A\repository\commons-jxpath\commons-jxpath\1.3\commons-jxpath-1.3.jar;E:\1704A\repository\joda-time\joda-time\2.9.9\joda-time-2.9.9.jar;E:\1704A\repository\org\antlr\antlr-runtime\3.4\antlr-runtime-3.4.jar;E:\1704A\repository\org\antlr\stringtemplate\3.2.1\stringtemplate-3.2.1.jar;E:\1704A\repository\com\google\code\gson\gson\2.8.2\gson-2.8.2.jar;E:\1704A\repository\org\apache\commons\commons-math\2.2\commons-math-2.2.jar;E:\1704A\repository\com\netflix\archaius\archaius-core\0.7.6\archaius-core-0.7.6.jar;E:\1704A\repository\javax\ws\rs\jsr311-api\1.1.1\jsr311-api-1.1.1.jar;E:\1704A\repository\com\netflix\servo\servo-core\0.12.21\servo-core-0.12.21.jar;E:\1704A\repository\com\sun\jersey\jersey-core\1.19.1\jersey-core-1.19.1.jar;E:\1704A\repository\com\sun\jersey\jersey-client\1.19.1\jersey-client-1.19.1.jar;E:\1704A\repository\com\sun\jersey\contribs\jersey-apache-client4\1.19.1\jersey-apache-client4-1.19.1.jar;E:\1704A\repository\com\google\inject\guice\4.1.0\guice-4.1.0.jar;E:\1704A\repository\javax\inject\javax.inject\1\javax.inject-1.jar;E:\1704A\repository\aopalliance\aopalliance\1.0\aopalliance-1.0.jar;E:\1704A\repository\com\github\vlsi\compactmap\compactmap\1.2.1\compactmap-1.2.1.jar;E:\1704A\repository\com\github\andrewoma\dexx\dexx-collections\0.2\dexx-collections-0.2.jar;E:\1704A\repository\com\fasterxml\jackson\core\jackson-annotations\2.9.0\jackson-annotations-2.9.0.jar;E:\1704A\repository\com\fasterxml\jackson\core\jackson-core\2.9.5\jackson-core-2.9.5.jar;E:\1704A\repository\com\netflix\eureka\eureka-core\1.9.3\eureka-core-1.9.3.jar;E:\1704A\repository\org\codehaus\woodstox\woodstox-core-asl\4.4.1\woodstox-core-asl-4.4.1.jar;E:\1704A\repository\javax\xml\stream\stax-api\1.0-2\stax-api-1.0-2.jar;E:\1704A\repository\org\codehaus\woodstox\stax2-api\3.1.4\stax2-api-3.1.4.jar;E:\1704A\repository\org\springframework\cloud\spring-cloud-starter-netflix-archaius\2.0.1.RELEASE\spring-cloud-starter-netflix-archaius-2.0.1.RELEASE.jar;E:\1704A\repository\org\springframework\cloud\spring-cloud-netflix-ribbon\2.0.1.RELEASE\spring-cloud-netflix-ribbon-2.0.1.RELEASE.jar;E:\1704A\repository\org\springframework\cloud\spring-cloud-netflix-archaius\2.0.1.RELEASE\spring-cloud-netflix-archaius-2.0.1.RELEASE.jar;E:\1704A\repository\commons-configuration\commons-configuration\1.8\commons-configuration-1.8.jar;E:\1704A\repository\commons-lang\commons-lang\2.6\commons-lang-2.6.jar;E:\1704A\repository\org\springframework\cloud\spring-cloud-starter-netflix-ribbon\2.0.1.RELEASE\spring-cloud-starter-netflix-ribbon-2.0.1.RELEASE.jar;E:\1704A\repository\com\netflix\ribbon\ribbon\2.2.5\ribbon-2.2.5.jar;E:\1704A\repository\com\netflix\ribbon\ribbon-transport\2.2.5\ribbon-transport-2.2.5.jar;E:\1704A\repository\io\reactivex\rxnetty-contexts\0.4.9\rxnetty-contexts-0.4.9.jar;E:\1704A\repository\io\reactivex\rxnetty-servo\0.4.9\rxnetty-servo-0.4.9.jar;E:\1704A\repository\io\reactivex\rxnetty\0.4.9\rxnetty-0.4.9.jar;E:\1704A\repository\io\netty\netty-codec-http\4.1.23.Final\netty-codec-http-4.1.23.Final.jar;E:\1704A\repository\io\netty\netty-codec\4.1.23.Final\netty-codec-4.1.23.Final.jar;E:\1704A\repository\io\netty\netty-transport-native-epoll\4.1.23.Final\netty-transport-native-epoll-4.1.23.Final.jar;E:\1704A\repository\io\netty\netty-common\4.1.23.Final\netty-common-4.1.23.Final.jar;E:\1704A\repository\io\netty\netty-buffer\4.1.23.Final\netty-buffer-4.1.23.Final.jar;E:\1704A\repository\io\netty\netty-transport-native-unix-common\4.1.23.Final\netty-transport-native-unix-common-4.1.23.Final.jar;E:\1704A\repository\io\netty\netty-transport\4.1.23.Final\netty-transport-4.1.23.Final.jar;E:\1704A\repository\io\netty\netty-resolver\4.1.23.Final\netty-resolver-4.1.23.Final.jar;E:\1704A\repository\com\netflix\ribbon\ribbon-core\2.2.5\ribbon-core-2.2.5.jar;E:\1704A\repository\com\netflix\ribbon\ribbon-httpclient\2.2.5\ribbon-httpclient-2.2.5.jar;E:\1704A\repository\commons-collections\commons-collections\3.2.2\commons-collections-3.2.2.jar;E:\1704A\repository\com\netflix\netflix-commons\netflix-commons-util\0.3.0\netflix-commons-util-0.3.0.jar;E:\1704A\repository\com\netflix\ribbon\ribbon-loadbalancer\2.2.5\ribbon-loadbalancer-2.2.5.jar;E:\1704A\repository\com\netflix\netflix-commons\netflix-statistics\0.1.1\netflix-statistics-0.1.1.jar;E:\1704A\repository\io\reactivex\rxjava\1.3.8\rxjava-1.3.8.jar;E:\1704A\repository\com\netflix\ribbon\ribbon-eureka\2.2.5\ribbon-eureka-2.2.5.jar;E:\1704A\repository\com\thoughtworks\xstream\xstream\1.4.10\xstream-1.4.10.jar;E:\1704A\repository\xmlpull\xmlpull\1.1.3.1\xmlpull-1.1.3.1.jar;E:\1704A\repository\xpp3\xpp3_min\1.1.4c\xpp3_min-1.1.4c.jar;E:\1704A\repository\org\springframework\cloud\spring-cloud-starter-openfeign\2.0.1.RELEASE\spring-cloud-starter-openfeign-2.0.1.RELEASE.jar;E:\1704A\repository\org\springframework\cloud\spring-cloud-openfeign-core\2.0.1.RELEASE\spring-cloud-openfeign-core-2.0.1.RELEASE.jar;E:\1704A\repository\org\springframework\cloud\spring-cloud-commons\2.0.1.RELEASE\spring-cloud-commons-2.0.1.RELEASE.jar;E:\1704A\repository\io\github\openfeign\feign-core\9.5.1\feign-core-9.5.1.jar;E:\1704A\repository\io\github\openfeign\feign-slf4j\9.5.1\feign-slf4j-9.5.1.jar;E:\1704A\repository\io\github\openfeign\feign-hystrix\9.5.1\feign-hystrix-9.5.1.jar;E:\1704A\repository\com\netflix\hystrix\hystrix-core\1.5.12\hystrix-core-1.5.12.jar;E:\1704A\repository\org\hdrhistogram\HdrHistogram\2.1.9\HdrHistogram-2.1.9.jar;E:\1704A\repository\io\github\openfeign\feign-java8\9.5.1\feign-java8-9.5.1.jar;E:\1704A\repository\com\netflix\feign\feign-okhttp\8.18.0\feign-okhttp-8.18.0.jar;E:\1704A\repository\com\netflix\feign\feign-core\8.18.0\feign-core-8.18.0.jar;E:\1704A\repository\org\jvnet\animal-sniffer-annotation\1.0\animal-sniffer-annotation-1.0.jar;, user.name=wangb, java.vm.specification.version=1.8, sun.java.command=C:\Users\wangb\AppData\Local\Temp\surefire8359040626052298865\surefirebooter7147715406186341325.jar C:\Users\wangb\AppData\Local\Temp\surefire8359040626052298865 2020-03-09T20-44-46_260-jvmRun1 surefire1835119734498572997tmp surefire_16448304995619269847tmp, java.home=C:\Program Files\Java\jdk1.8.0_91\jre, sun.arch.data.model=64, user.language=zh, java.specification.vendor=Oracle Corporation, awt.toolkit=sun.awt.windows.WToolkit, java.vm.info=mixed mode, java.version=1.8.0_91, java.ext.dirs=C:\Program Files\Java\jdk1.8.0_91\jre\lib\ext;C:\WINDOWS\Sun\Java\lib\ext, sun.boot.class.path=C:\Program Files\Java\jdk1.8.0_91\jre\lib\resources.jar;C:\Program Files\Java\jdk1.8.0_91\jre\lib\rt.jar;C:\Program Files\Java\jdk1.8.0_91\jre\lib\sunrsasign.jar;C:\Program Files\Java\jdk1.8.0_91\jre\lib\jsse.jar;C:\Program Files\Java\jdk1.8.0_91\jre\lib\jce.jar;C:\Program Files\Java\jdk1.8.0_91\jre\lib\charsets.jar;C:\Program Files\Java\jdk1.8.0_91\jre\lib\jfr.jar;C:\Program Files\Java\jdk1.8.0_91\jre\classes, java.awt.headless=true, java.vendor=Oracle Corporation, localRepository=E:\1704A\repository, file.separator=\, java.vendor.url.bug=http://bugreport.sun.com/bugreport/, sun.io.unicode.encoding=UnicodeLittle, sun.cpu.endian=little, sun.desktop=windows, sun.cpu.isalist=amd64}}, SystemEnvironmentPropertySource@853264965 {name='systemEnvironment', properties={PATH=E:\app\wangb\product\11.2.0\dbhome_1\bin;E:\maven\apache-maven-3.6.1\bin;C:\Program Files\Java\jdk1.8.0_91\bin;C:\Program Files (x86)\Intel\iCLS Client\;C:\Program Files\Intel\iCLS Client\;C:\Windows\system32;C:\Windows;C:\Windows\System32\Wbem;C:\Windows\System32\WindowsPowerShell\v1.0\;C:\Program Files (x86)\NVIDIA Corporation\PhysX\Common;C:\Program Files (x86)\Intel\Intel(R) Management Engine Components\DAL;C:\Program Files\Intel\Intel(R) Management Engine Components\DAL;C:\Program Files (x86)\Intel\Intel(R) Management Engine Components\IPT;C:\Program Files\Intel\Intel(R) Management Engine Components\IPT;C:\WINDOWS\system32;C:\WINDOWS;C:\WINDOWS\System32\Wbem;C:\WINDOWS\System32\WindowsPowerShell\v1.0\;C:\WINDOWS\System32\OpenSSH\;C:\Program Files\MySQL\MySQL Server 5.5\bin;E:\nodejs\;E:\Git\cmd;E:\Mp4\ffmpeg-20180227-fa0c9d6-win64-static\bin;C:\Users\wangb\AppData\Local\Microsoft\WindowsApps;C:\Users\wangb\AppData\Roaming\npm;E:\Microsoft VS Code\bin, USERDOMAIN_ROAMINGPROFILE=LAPTOP-8K1AKH0O, LOCALAPPDATA=C:\Users\wangb\AppData\Local, PROCESSOR_LEVEL=6, SYSTEMDRIVE=C:, COMMONPROGRAMFILES(X86)=C:\Program Files (x86)\Common Files, USERDOMAIN=LAPTOP-8K1AKH0O, FPS_BROWSER_APP_PROFILE_STRING=Internet Explorer, LOGONSERVER=\\LAPTOP-8K1AKH0O, JAVA_HOME=C:\Program Files\Java\jdk1.8.0_91, PROMPT=$P$G, SESSIONNAME=Console, ALLUSERSPROFILE=C:\ProgramData, PROGRAMFILES(X86)=C:\Program Files (x86), PROCESSOR_ARCHITECTURE=AMD64, DRIVERDATA=C:\Windows\System32\Drivers\DriverData, ERLANG_HOME=E:\erl9.2, =E:=E:\1704A\hdServiceCode\nm-service-manage-course, PROGRAMFILES=C:\Program Files, APPDATA=C:\Users\wangb\AppData\Roaming, MOZ_PLUGIN_PATH=E:\1704A\FoxitPhantomPDFBusiness\plugins\, PSMODULEPATH=C:\Program Files\WindowsPowerShell\Modules;C:\WINDOWS\system32\WindowsPowerShell\v1.0\Modules, PROGRAMW6432=C:\Program Files, PROGRAMDATA=C:\ProgramData, SYSTEMROOT=C:\WINDOWS, USERNAME=wangb, FPS_BROWSER_USER_PROFILE_STRING=Default, ONEDRIVE=C:\Users\wangb\OneDrive, CONFIGSETROOT=C:\WINDOWS\ConfigSetRoot, PATHEXT=.COM;.EXE;.BAT;.CMD;.VBS;.VBE;.JS;.JSE;.WSF;.WSH;.MSC, OS=Windows_NT, COMMONPROGRAMW6432=C:\Program Files\Common Files, COMPUTERNAME=LAPTOP-8K1AKH0O, COMMONPROGRAMFILES=C:\Program Files\Common Files, COMSPEC=C:\WINDOWS\system32\cmd.exe, PROCESSOR_REVISION=9e09, WINDIR=C:\WINDOWS, RABBITMQ_SERVER=E:\rabibitmq\rabbitmq_server-3.7.4, HOMEPATH=\Users\wangb, TEMP=C:\Users\wangb\AppData\Local\Temp, HOMEDRIVE=C:, PROCESSOR_IDENTIFIER=Intel64 Family 6 Model 158 Stepping 9, GenuineIntel, USERPROFILE=C:\Users\wangb, TMP=C:\Users\wangb\AppData\Local\Temp, PUBLIC=C:\Users\Public, NUMBER_OF_PROCESSORS=8, =::=::\}}]
2020-03-09 20:45:29.556 [main] DEBUG o.s.c.a.ClassPathBeanDefinitionScanner - JSR-250 'javax.annotation.ManagedBean' found and supported for component scanning
2020-03-09 20:45:29.556 [main] DEBUG o.s.c.a.ClassPathBeanDefinitionScanner - JSR-330 'javax.inject.Named' annotation found and supported for component scanning
2020-03-09 20:45:29.557 [main] DEBUG o.s.core.env.StandardEnvironment - Adding PropertySource 'feign' with highest search precedence
2020-03-09 20:45:29.557 [main] DEBUG o.s.core.env.StandardEnvironment - Adding PropertySource 'configurationProperties' with lowest search precedence
2020-03-09 20:45:29.557 [main] DEBUG o.s.core.env.StandardEnvironment - Adding PropertySource 'Inlined Test Properties' with lowest search precedence
2020-03-09 20:45:29.557 [main] DEBUG o.s.core.env.StandardEnvironment - Adding PropertySource 'random' with lowest search precedence
2020-03-09 20:45:29.557 [main] DEBUG o.s.core.env.StandardEnvironment - Adding PropertySource 'applicationConfig: [classpath:/application.yml]' with lowest search precedence
2020-03-09 20:45:29.557 [main] DEBUG o.s.core.env.StandardEnvironment - Adding PropertySource 'springCloudClientHostInfo' with lowest search precedence
2020-03-09 20:45:29.557 [main] DEBUG o.s.core.env.StandardEnvironment - Adding PropertySource 'defaultProperties' with lowest search precedence
2020-03-09 20:45:29.558 [main] DEBUG o.s.c.e.PropertySourcesPropertyResolver - Could not find key 'spring.profiles.active' in any property source
2020-03-09 20:45:29.558 [main] DEBUG o.s.c.e.PropertySourcesPropertyResolver - Could not find key 'spring.profiles.default' in any property source
2020-03-09 20:45:29.558 [main] INFO  o.s.c.a.AnnotationConfigApplicationContext - Refreshing FeignContext-nm-service-manage-cms: startup date [Mon Mar 09 20:45:29 CST 2020]; parent: org.springframework.web.context.support.GenericWebApplicationContext@21d5c1a0
2020-03-09 20:45:29.558 [main] DEBUG o.s.c.a.AnnotationConfigApplicationContext - Bean factory for FeignContext-nm-service-manage-cms: org.springframework.beans.factory.support.DefaultListableBeanFactory@684b26b7: defining beans [org.springframework.context.annotation.internalConfigurationAnnotationProcessor,org.springframework.context.annotation.internalAutowiredAnnotationProcessor,org.springframework.context.annotation.internalRequiredAnnotationProcessor,org.springframework.context.annotation.internalCommonAnnotationProcessor,org.springframework.context.annotation.internalPersistenceAnnotationProcessor,org.springframework.context.event.internalEventListenerProcessor,org.springframework.context.event.internalEventListenerFactory,propertyPlaceholderAutoConfiguration,feignClientsConfiguration]; parent: org.springframework.beans.factory.support.DefaultListableBeanFactory@4eeea57d
2020-03-09 20:45:29.558 [main] DEBUG o.s.b.f.s.DefaultListableBeanFactory - Creating shared instance of singleton bean 'org.springframework.context.annotation.internalConfigurationAnnotationProcessor'
2020-03-09 20:45:29.558 [main] DEBUG o.s.b.f.s.DefaultListableBeanFactory - Creating instance of bean 'org.springframework.context.annotation.internalConfigurationAnnotationProcessor'
2020-03-09 20:45:29.558 [main] DEBUG o.s.b.f.s.DefaultListableBeanFactory - Eagerly caching bean 'org.springframework.context.annotation.internalConfigurationAnnotationProcessor' to allow for resolving potential circular references
2020-03-09 20:45:29.558 [main] DEBUG o.s.b.f.s.DefaultListableBeanFactory - Finished creating instance of bean 'org.springframework.context.annotation.internalConfigurationAnnotationProcessor'
2020-03-09 20:45:29.591 [main] DEBUG o.s.b.f.s.DefaultListableBeanFactory - Returning cached instance of singleton bean 'autoConfigurationReport'
2020-03-09 20:45:29.610 [main] DEBUG o.s.b.f.s.DefaultListableBeanFactory - Creating shared instance of singleton bean 'org.springframework.boot.autoconfigure.condition.BeanTypeRegistry'
2020-03-09 20:45:29.610 [main] DEBUG o.s.b.f.s.DefaultListableBeanFactory - Creating instance of bean 'org.springframework.boot.autoconfigure.condition.BeanTypeRegistry'
2020-03-09 20:45:29.610 [main] DEBUG o.s.b.f.s.DefaultListableBeanFactory - Eagerly caching bean 'org.springframework.boot.autoconfigure.condition.BeanTypeRegistry' to allow for resolving potential circular references
2020-03-09 20:45:29.610 [main] DEBUG o.s.b.f.s.DefaultListableBeanFactory - Finished creating instance of bean 'org.springframework.boot.autoconfigure.condition.BeanTypeRegistry'
2020-03-09 20:45:29.610 [main] DEBUG o.s.b.f.s.DefaultListableBeanFactory - Returning cached instance of singleton bean 'autoConfigurationReport'
2020-03-09 20:45:29.611 [main] DEBUG o.s.c.a.ConfigurationClassBeanDefinitionReader - Registering bean definition for @Bean method org.springframework.boot.autoconfigure.context.PropertyPlaceholderAutoConfiguration.propertySourcesPlaceholderConfigurer()
2020-03-09 20:45:29.611 [main] DEBUG o.s.b.f.s.DefaultListableBeanFactory - Returning cached instance of singleton bean 'autoConfigurationReport'
2020-03-09 20:45:29.611 [main] DEBUG o.s.c.a.ConfigurationClassBeanDefinitionReader - Registered bean definition for imported class 'org.springframework.cloud.openfeign.FeignClientsConfiguration$HystrixFeignConfiguration'
2020-03-09 20:45:29.612 [main] DEBUG o.s.b.f.s.DefaultListableBeanFactory - Returning cached instance of singleton bean 'autoConfigurationReport'
2020-03-09 20:45:29.612 [main] DEBUG o.s.b.f.s.DefaultListableBeanFactory - Returning cached instance of singleton bean 'org.springframework.boot.autoconfigure.condition.BeanTypeRegistry'
2020-03-09 20:45:29.612 [main] DEBUG o.s.b.f.s.DefaultListableBeanFactory - Returning cached instance of singleton bean 'org.springframework.boot.autoconfigure.condition.BeanTypeRegistry'
2020-03-09 20:45:29.612 [main] DEBUG o.s.b.f.s.DefaultListableBeanFactory - Returning cached instance of singleton bean 'org.springframework.boot.autoconfigure.condition.BeanTypeRegistry'
2020-03-09 20:45:29.613 [main] DEBUG o.s.b.f.s.DefaultListableBeanFactory - Returning cached instance of singleton bean 'autoConfigurationReport'
2020-03-09 20:45:29.613 [main] DEBUG o.s.c.a.ConfigurationClassBeanDefinitionReader - Registering bean definition for @Bean method org.springframework.cloud.openfeign.FeignClientsConfiguration.feignDecoder()
2020-03-09 20:45:29.613 [main] DEBUG o.s.b.f.s.DefaultListableBeanFactory - Returning cached instance of singleton bean 'org.springframework.boot.autoconfigure.condition.BeanTypeRegistry'
2020-03-09 20:45:29.613 [main] DEBUG o.s.b.f.s.DefaultListableBeanFactory - Returning cached instance of singleton bean 'org.springframework.boot.autoconfigure.condition.BeanTypeRegistry'
2020-03-09 20:45:29.613 [main] DEBUG o.s.b.f.s.DefaultListableBeanFactory - Returning cached instance of singleton bean 'org.springframework.boot.autoconfigure.condition.BeanTypeRegistry'
2020-03-09 20:45:29.613 [main] DEBUG o.s.b.f.s.DefaultListableBeanFactory - Returning cached instance of singleton bean 'autoConfigurationReport'
2020-03-09 20:45:29.614 [main] DEBUG o.s.c.a.ConfigurationClassBeanDefinitionReader - Registering bean definition for @Bean method org.springframework.cloud.openfeign.FeignClientsConfiguration.feignEncoder()
2020-03-09 20:45:29.614 [main] DEBUG o.s.b.f.s.DefaultListableBeanFactory - Returning cached instance of singleton bean 'org.springframework.boot.autoconfigure.condition.BeanTypeRegistry'
2020-03-09 20:45:29.614 [main] DEBUG o.s.b.f.s.DefaultListableBeanFactory - Returning cached instance of singleton bean 'org.springframework.boot.autoconfigure.condition.BeanTypeRegistry'
2020-03-09 20:45:29.614 [main] DEBUG o.s.b.f.s.DefaultListableBeanFactory - Returning cached instance of singleton bean 'org.springframework.boot.autoconfigure.condition.BeanTypeRegistry'
2020-03-09 20:45:29.614 [main] DEBUG o.s.b.f.s.DefaultListableBeanFactory - Returning cached instance of singleton bean 'autoConfigurationReport'
2020-03-09 20:45:29.614 [main] DEBUG o.s.c.a.ConfigurationClassBeanDefinitionReader - Registering bean definition for @Bean method org.springframework.cloud.openfeign.FeignClientsConfiguration.feignContract()
2020-03-09 20:45:29.614 [main] DEBUG o.s.c.a.ConfigurationClassBeanDefinitionReader - Registering bean definition for @Bean method org.springframework.cloud.openfeign.FeignClientsConfiguration.feignConversionService()
2020-03-09 20:45:29.616 [main] DEBUG o.s.b.f.s.DefaultListableBeanFactory - Returning cached instance of singleton bean 'org.springframework.boot.autoconfigure.condition.BeanTypeRegistry'
2020-03-09 20:45:29.616 [main] DEBUG o.s.b.f.s.DefaultListableBeanFactory - Returning cached instance of singleton bean 'org.springframework.boot.autoconfigure.condition.BeanTypeRegistry'
2020-03-09 20:45:29.616 [main] DEBUG o.s.b.f.s.DefaultListableBeanFactory - Returning cached instance of singleton bean 'org.springframework.boot.autoconfigure.condition.BeanTypeRegistry'
2020-03-09 20:45:29.616 [main] DEBUG o.s.b.f.s.DefaultListableBeanFactory - Returning cached instance of singleton bean 'autoConfigurationReport'
2020-03-09 20:45:29.616 [main] DEBUG o.s.c.a.ConfigurationClassBeanDefinitionReader - Registering bean definition for @Bean method org.springframework.cloud.openfeign.FeignClientsConfiguration.feignRetryer()
2020-03-09 20:45:29.617 [main] DEBUG o.s.b.f.s.DefaultListableBeanFactory - Returning cached instance of singleton bean 'org.springframework.boot.autoconfigure.condition.BeanTypeRegistry'
2020-03-09 20:45:29.617 [main] DEBUG o.s.b.f.s.DefaultListableBeanFactory - Returning cached instance of singleton bean 'org.springframework.boot.autoconfigure.condition.BeanTypeRegistry'
2020-03-09 20:45:29.617 [main] DEBUG o.s.b.f.s.DefaultListableBeanFactory - Returning cached instance of singleton bean 'org.springframework.boot.autoconfigure.condition.BeanTypeRegistry'
2020-03-09 20:45:29.617 [main] DEBUG o.s.b.f.s.DefaultListableBeanFactory - Returning cached instance of singleton bean 'autoConfigurationReport'
2020-03-09 20:45:29.617 [main] DEBUG o.s.c.a.ConfigurationClassBeanDefinitionReader - Registering bean definition for @Bean method org.springframework.cloud.openfeign.FeignClientsConfiguration.feignBuilder()
2020-03-09 20:45:29.617 [main] DEBUG o.s.b.f.s.DefaultListableBeanFactory - Returning cached instance of singleton bean 'org.springframework.boot.autoconfigure.condition.BeanTypeRegistry'
2020-03-09 20:45:29.618 [main] DEBUG o.s.b.f.s.DefaultListableBeanFactory - Returning cached instance of singleton bean 'org.springframework.boot.autoconfigure.condition.BeanTypeRegistry'
2020-03-09 20:45:29.618 [main] DEBUG o.s.b.f.s.DefaultListableBeanFactory - Returning cached instance of singleton bean 'org.springframework.boot.autoconfigure.condition.BeanTypeRegistry'
2020-03-09 20:45:29.618 [main] DEBUG o.s.b.f.s.DefaultListableBeanFactory - Returning cached instance of singleton bean 'autoConfigurationReport'
2020-03-09 20:45:29.618 [main] DEBUG o.s.c.a.ConfigurationClassBeanDefinitionReader - Registering bean definition for @Bean method org.springframework.cloud.openfeign.FeignClientsConfiguration.feignLoggerFactory()
2020-03-09 20:45:29.618 [main] DEBUG o.s.c.a.ConfigurationClassEnhancer - Successfully enhanced org.springframework.boot.autoconfigure.context.PropertyPlaceholderAutoConfiguration; enhanced class name is: org.springframework.boot.autoconfigure.context.PropertyPlaceholderAutoConfiguration$$EnhancerBySpringCGLIB$$ac0ae3d4
2020-03-09 20:45:29.618 [main] DEBUG o.s.c.a.ConfigurationClassPostProcessor - Replacing bean definition 'propertyPlaceholderAutoConfiguration' existing class 'org.springframework.boot.autoconfigure.context.PropertyPlaceholderAutoConfiguration' with enhanced class 'org.springframework.boot.autoconfigure.context.PropertyPlaceholderAutoConfiguration$$EnhancerBySpringCGLIB$$ac0ae3d4'
2020-03-09 20:45:29.621 [main] DEBUG o.s.c.a.ConfigurationClassEnhancer - Successfully enhanced org.springframework.cloud.openfeign.FeignClientsConfiguration; enhanced class name is: org.springframework.cloud.openfeign.FeignClientsConfiguration$$EnhancerBySpringCGLIB$$8ed8b918
2020-03-09 20:45:29.621 [main] DEBUG o.s.c.a.ConfigurationClassPostProcessor - Replacing bean definition 'feignClientsConfiguration' existing class 'org.springframework.cloud.openfeign.FeignClientsConfiguration' with enhanced class 'org.springframework.cloud.openfeign.FeignClientsConfiguration$$EnhancerBySpringCGLIB$$8ed8b918'
2020-03-09 20:45:29.623 [main] DEBUG o.s.c.a.ConfigurationClassEnhancer - Successfully enhanced org.springframework.cloud.openfeign.FeignClientsConfiguration$HystrixFeignConfiguration; enhanced class name is: org.springframework.cloud.openfeign.FeignClientsConfiguration$HystrixFeignConfiguration$$EnhancerBySpringCGLIB$$ac342e8
2020-03-09 20:45:29.623 [main] DEBUG o.s.c.a.ConfigurationClassPostProcessor - Replacing bean definition 'org.springframework.cloud.openfeign.FeignClientsConfiguration$HystrixFeignConfiguration' existing class 'org.springframework.cloud.openfeign.FeignClientsConfiguration$HystrixFeignConfiguration' with enhanced class 'org.springframework.cloud.openfeign.FeignClientsConfiguration$HystrixFeignConfiguration$$EnhancerBySpringCGLIB$$ac342e8'
2020-03-09 20:45:29.623 [main] DEBUG o.s.b.f.s.DefaultListableBeanFactory - Creating shared instance of singleton bean 'propertySourcesPlaceholderConfigurer'
2020-03-09 20:45:29.623 [main] DEBUG o.s.b.f.s.DefaultListableBeanFactory - Creating instance of bean 'propertySourcesPlaceholderConfigurer'
2020-03-09 20:45:29.623 [main] DEBUG o.s.b.f.s.DefaultListableBeanFactory - Eagerly caching bean 'propertySourcesPlaceholderConfigurer' to allow for resolving potential circular references
2020-03-09 20:45:29.624 [main] DEBUG o.s.b.f.s.DefaultListableBeanFactory - Finished creating instance of bean 'propertySourcesPlaceholderConfigurer'
2020-03-09 20:45:29.624 [main] DEBUG o.s.core.env.MutablePropertySources - Adding PropertySource 'environmentProperties' with lowest search precedence
2020-03-09 20:45:29.624 [main] DEBUG o.s.core.env.MutablePropertySources - Adding PropertySource 'localProperties' with lowest search precedence
2020-03-09 20:45:29.624 [main] DEBUG o.s.b.f.s.DefaultListableBeanFactory - Creating shared instance of singleton bean 'org.springframework.context.annotation.internalAutowiredAnnotationProcessor'
2020-03-09 20:45:29.624 [main] DEBUG o.s.b.f.s.DefaultListableBeanFactory - Creating instance of bean 'org.springframework.context.annotation.internalAutowiredAnnotationProcessor'
2020-03-09 20:45:29.624 [main] INFO  o.s.b.f.a.AutowiredAnnotationBeanPostProcessor - JSR-330 'javax.inject.Inject' annotation found and supported for autowiring
2020-03-09 20:45:29.624 [main] DEBUG o.s.b.f.s.DefaultListableBeanFactory - Eagerly caching bean 'org.springframework.context.annotation.internalAutowiredAnnotationProcessor' to allow for resolving potential circular references
2020-03-09 20:45:29.625 [main] DEBUG o.s.b.f.s.DefaultListableBeanFactory - Finished creating instance of bean 'org.springframework.context.annotation.internalAutowiredAnnotationProcessor'
2020-03-09 20:45:29.625 [main] DEBUG o.s.b.f.s.DefaultListableBeanFactory - Creating shared instance of singleton bean 'org.springframework.context.annotation.internalRequiredAnnotationProcessor'
2020-03-09 20:45:29.625 [main] DEBUG o.s.b.f.s.DefaultListableBeanFactory - Creating instance of bean 'org.springframework.context.annotation.internalRequiredAnnotationProcessor'
2020-03-09 20:45:29.625 [main] DEBUG o.s.b.f.s.DefaultListableBeanFactory - Eagerly caching bean 'org.springframework.context.annotation.internalRequiredAnnotationProcessor' to allow for resolving potential circular references
2020-03-09 20:45:29.625 [main] DEBUG o.s.b.f.s.DefaultListableBeanFactory - Finished creating instance of bean 'org.springframework.context.annotation.internalRequiredAnnotationProcessor'
2020-03-09 20:45:29.625 [main] DEBUG o.s.b.f.s.DefaultListableBeanFactory - Creating shared instance of singleton bean 'org.springframework.context.annotation.internalCommonAnnotationProcessor'
2020-03-09 20:45:29.625 [main] DEBUG o.s.b.f.s.DefaultListableBeanFactory - Creating instance of bean 'org.springframework.context.annotation.internalCommonAnnotationProcessor'
2020-03-09 20:45:29.625 [main] DEBUG o.s.b.f.s.DefaultListableBeanFactory - Eagerly caching bean 'org.springframework.context.annotation.internalCommonAnnotationProcessor' to allow for resolving potential circular references
2020-03-09 20:45:29.625 [main] DEBUG o.s.b.f.s.DefaultListableBeanFactory - Finished creating instance of bean 'org.springframework.context.annotation.internalCommonAnnotationProcessor'
2020-03-09 20:45:29.625 [main] DEBUG o.s.b.f.s.DefaultListableBeanFactory - Creating shared instance of singleton bean 'org.springframework.context.annotation.internalPersistenceAnnotationProcessor'
2020-03-09 20:45:29.625 [main] DEBUG o.s.b.f.s.DefaultListableBeanFactory - Creating instance of bean 'org.springframework.context.annotation.internalPersistenceAnnotationProcessor'
2020-03-09 20:45:29.625 [main] DEBUG o.s.b.f.s.DefaultListableBeanFactory - Eagerly caching bean 'org.springframework.context.annotation.internalPersistenceAnnotationProcessor' to allow for resolving potential circular references
2020-03-09 20:45:29.626 [main] DEBUG o.s.b.f.s.DefaultListableBeanFactory - Finished creating instance of bean 'org.springframework.context.annotation.internalPersistenceAnnotationProcessor'
2020-03-09 20:45:29.626 [main] DEBUG o.s.c.a.AnnotationConfigApplicationContext - Unable to locate MessageSource with name 'messageSource': using default [org.springframework.context.support.DelegatingMessageSource@3e2772a9]
2020-03-09 20:45:29.626 [main] DEBUG o.s.c.a.AnnotationConfigApplicationContext - Unable to locate ApplicationEventMulticaster with name 'applicationEventMulticaster': using default [org.springframework.context.event.SimpleApplicationEventMulticaster@4449b273]
2020-03-09 20:45:29.626 [main] DEBUG o.s.b.f.s.DefaultListableBeanFactory - Pre-instantiating singletons in org.springframework.beans.factory.support.DefaultListableBeanFactory@684b26b7: defining beans [org.springframework.context.annotation.internalConfigurationAnnotationProcessor,org.springframework.context.annotation.internalAutowiredAnnotationProcessor,org.springframework.context.annotation.internalRequiredAnnotationProcessor,org.springframework.context.annotation.internalCommonAnnotationProcessor,org.springframework.context.annotation.internalPersistenceAnnotationProcessor,org.springframework.context.event.internalEventListenerProcessor,org.springframework.context.event.internalEventListenerFactory,propertyPlaceholderAutoConfiguration,feignClientsConfiguration,org.springframework.boot.autoconfigure.condition.BeanTypeRegistry,propertySourcesPlaceholderConfigurer,org.springframework.cloud.openfeign.FeignClientsConfiguration$HystrixFeignConfiguration,feignDecoder,feignEncoder,feignContract,feignConversionService,feignRetryer,feignBuilder,feignLoggerFactory]; parent: org.springframework.beans.factory.support.DefaultListableBeanFactory@4eeea57d
2020-03-09 20:45:29.626 [main] DEBUG o.s.b.f.s.DefaultListableBeanFactory - Returning cached instance of singleton bean 'org.springframework.context.annotation.internalConfigurationAnnotationProcessor'
2020-03-09 20:45:29.626 [main] DEBUG o.s.b.f.s.DefaultListableBeanFactory - Returning cached instance of singleton bean 'org.springframework.context.annotation.internalAutowiredAnnotationProcessor'
2020-03-09 20:45:29.626 [main] DEBUG o.s.b.f.s.DefaultListableBeanFactory - Returning cached instance of singleton bean 'org.springframework.context.annotation.internalRequiredAnnotationProcessor'
2020-03-09 20:45:29.626 [main] DEBUG o.s.b.f.s.DefaultListableBeanFactory - Returning cached instance of singleton bean 'org.springframework.context.annotation.internalCommonAnnotationProcessor'
2020-03-09 20:45:29.626 [main] DEBUG o.s.b.f.s.DefaultListableBeanFactory - Returning cached instance of singleton bean 'org.springframework.context.annotation.internalPersistenceAnnotationProcessor'
2020-03-09 20:45:29.626 [main] DEBUG o.s.b.f.s.DefaultListableBeanFactory - Creating shared instance of singleton bean 'org.springframework.context.event.internalEventListenerProcessor'
2020-03-09 20:45:29.626 [main] DEBUG o.s.b.f.s.DefaultListableBeanFactory - Creating instance of bean 'org.springframework.context.event.internalEventListenerProcessor'
2020-03-09 20:45:29.627 [main] DEBUG o.s.b.f.s.DefaultListableBeanFactory - Eagerly caching bean 'org.springframework.context.event.internalEventListenerProcessor' to allow for resolving potential circular references
2020-03-09 20:45:29.627 [main] DEBUG o.s.b.f.s.DefaultListableBeanFactory - Finished creating instance of bean 'org.springframework.context.event.internalEventListenerProcessor'
2020-03-09 20:45:29.627 [main] DEBUG o.s.b.f.s.DefaultListableBeanFactory - Creating shared instance of singleton bean 'org.springframework.context.event.internalEventListenerFactory'
2020-03-09 20:45:29.627 [main] DEBUG o.s.b.f.s.DefaultListableBeanFactory - Creating instance of bean 'org.springframework.context.event.internalEventListenerFactory'
2020-03-09 20:45:29.627 [main] DEBUG o.s.b.f.s.DefaultListableBeanFactory - Eagerly caching bean 'org.springframework.context.event.internalEventListenerFactory' to allow for resolving potential circular references
2020-03-09 20:45:29.627 [main] DEBUG o.s.b.f.s.DefaultListableBeanFactory - Finished creating instance of bean 'org.springframework.context.event.internalEventListenerFactory'
2020-03-09 20:45:29.627 [main] DEBUG o.s.b.f.s.DefaultListableBeanFactory - Creating shared instance of singleton bean 'propertyPlaceholderAutoConfiguration'
2020-03-09 20:45:29.627 [main] DEBUG o.s.b.f.s.DefaultListableBeanFactory - Creating instance of bean 'propertyPlaceholderAutoConfiguration'
2020-03-09 20:45:29.627 [main] DEBUG o.s.b.f.s.DefaultListableBeanFactory - Eagerly caching bean 'propertyPlaceholderAutoConfiguration' to allow for resolving potential circular references
2020-03-09 20:45:29.630 [main] DEBUG o.s.b.f.s.DefaultListableBeanFactory - Finished creating instance of bean 'propertyPlaceholderAutoConfiguration'
2020-03-09 20:45:29.630 [main] DEBUG o.s.b.f.s.DefaultListableBeanFactory - Creating shared instance of singleton bean 'feignClientsConfiguration'
2020-03-09 20:45:29.630 [main] DEBUG o.s.b.f.s.DefaultListableBeanFactory - Creating instance of bean 'feignClientsConfiguration'
2020-03-09 20:45:29.632 [main] DEBUG o.s.b.f.annotation.InjectionMetadata - Registered injected element on class [org.springframework.cloud.openfeign.FeignClientsConfiguration$$EnhancerBySpringCGLIB$$8ed8b918]: AutowiredFieldElement for private org.springframework.beans.factory.ObjectFactory org.springframework.cloud.openfeign.FeignClientsConfiguration.messageConverters
2020-03-09 20:45:29.632 [main] DEBUG o.s.b.f.annotation.InjectionMetadata - Registered injected element on class [org.springframework.cloud.openfeign.FeignClientsConfiguration$$EnhancerBySpringCGLIB$$8ed8b918]: AutowiredFieldElement for private java.util.List org.springframework.cloud.openfeign.FeignClientsConfiguration.parameterProcessors
2020-03-09 20:45:29.632 [main] DEBUG o.s.b.f.annotation.InjectionMetadata - Registered injected element on class [org.springframework.cloud.openfeign.FeignClientsConfiguration$$EnhancerBySpringCGLIB$$8ed8b918]: AutowiredFieldElement for private java.util.List org.springframework.cloud.openfeign.FeignClientsConfiguration.feignFormatterRegistrars
2020-03-09 20:45:29.632 [main] DEBUG o.s.b.f.annotation.InjectionMetadata - Registered injected element on class [org.springframework.cloud.openfeign.FeignClientsConfiguration$$EnhancerBySpringCGLIB$$8ed8b918]: AutowiredFieldElement for private feign.Logger org.springframework.cloud.openfeign.FeignClientsConfiguration.logger
2020-03-09 20:45:29.632 [main] DEBUG o.s.b.f.s.DefaultListableBeanFactory - Eagerly caching bean 'feignClientsConfiguration' to allow for resolving potential circular references
2020-03-09 20:45:29.635 [main] DEBUG o.s.b.f.annotation.InjectionMetadata - Processing injected element of bean 'feignClientsConfiguration': AutowiredFieldElement for private org.springframework.beans.factory.ObjectFactory org.springframework.cloud.openfeign.FeignClientsConfiguration.messageConverters
2020-03-09 20:45:29.635 [main] DEBUG o.s.b.f.annotation.InjectionMetadata - Processing injected element of bean 'feignClientsConfiguration': AutowiredFieldElement for private java.util.List org.springframework.cloud.openfeign.FeignClientsConfiguration.parameterProcessors
2020-03-09 20:45:29.635 [main] DEBUG o.s.core.annotation.AnnotationUtils - Failed to meta-introspect annotation interface org.springframework.beans.factory.annotation.Autowired: java.lang.NullPointerException
2020-03-09 20:45:29.638 [main] DEBUG o.s.b.f.annotation.InjectionMetadata - Processing injected element of bean 'feignClientsConfiguration': AutowiredFieldElement for private java.util.List org.springframework.cloud.openfeign.FeignClientsConfiguration.feignFormatterRegistrars
2020-03-09 20:45:29.638 [main] DEBUG o.s.core.annotation.AnnotationUtils - Failed to meta-introspect annotation interface org.springframework.beans.factory.annotation.Autowired: java.lang.NullPointerException
2020-03-09 20:45:29.641 [main] DEBUG o.s.b.f.annotation.InjectionMetadata - Processing injected element of bean 'feignClientsConfiguration': AutowiredFieldElement for private feign.Logger org.springframework.cloud.openfeign.FeignClientsConfiguration.logger
2020-03-09 20:45:29.641 [main] DEBUG o.s.core.annotation.AnnotationUtils - Failed to meta-introspect annotation interface org.springframework.beans.factory.annotation.Autowired: java.lang.NullPointerException
2020-03-09 20:45:29.643 [main] DEBUG o.s.b.f.s.DefaultListableBeanFactory - Finished creating instance of bean 'feignClientsConfiguration'
2020-03-09 20:45:29.643 [main] DEBUG o.s.b.f.s.DefaultListableBeanFactory - Returning cached instance of singleton bean 'org.springframework.boot.autoconfigure.condition.BeanTypeRegistry'
2020-03-09 20:45:29.643 [main] DEBUG o.s.b.f.s.DefaultListableBeanFactory - Returning cached instance of singleton bean 'propertySourcesPlaceholderConfigurer'
2020-03-09 20:45:29.643 [main] DEBUG o.s.b.f.s.DefaultListableBeanFactory - Creating shared instance of singleton bean 'org.springframework.cloud.openfeign.FeignClientsConfiguration$HystrixFeignConfiguration'
2020-03-09 20:45:29.643 [main] DEBUG o.s.b.f.s.DefaultListableBeanFactory - Creating instance of bean 'org.springframework.cloud.openfeign.FeignClientsConfiguration$HystrixFeignConfiguration'
2020-03-09 20:45:29.644 [main] DEBUG o.s.b.f.s.DefaultListableBeanFactory - Eagerly caching bean 'org.springframework.cloud.openfeign.FeignClientsConfiguration$HystrixFeignConfiguration' to allow for resolving potential circular references
2020-03-09 20:45:29.649 [main] DEBUG o.s.b.f.s.DefaultListableBeanFactory - Finished creating instance of bean 'org.springframework.cloud.openfeign.FeignClientsConfiguration$HystrixFeignConfiguration'
2020-03-09 20:45:29.649 [main] DEBUG o.s.b.f.s.DefaultListableBeanFactory - Creating shared instance of singleton bean 'feignDecoder'
2020-03-09 20:45:29.649 [main] DEBUG o.s.b.f.s.DefaultListableBeanFactory - Creating instance of bean 'feignDecoder'
2020-03-09 20:45:29.649 [main] DEBUG o.s.b.f.s.DefaultListableBeanFactory - Returning cached instance of singleton bean 'feignClientsConfiguration'
2020-03-09 20:45:29.705 [main] DEBUG o.s.b.f.s.DefaultListableBeanFactory - Eagerly caching bean 'feignDecoder' to allow for resolving potential circular references
2020-03-09 20:45:29.710 [main] DEBUG o.s.b.f.s.DefaultListableBeanFactory - Finished creating instance of bean 'feignDecoder'
2020-03-09 20:45:29.711 [main] DEBUG o.s.b.f.s.DefaultListableBeanFactory - Creating shared instance of singleton bean 'feignEncoder'
2020-03-09 20:45:29.711 [main] DEBUG o.s.b.f.s.DefaultListableBeanFactory - Creating instance of bean 'feignEncoder'
2020-03-09 20:45:29.711 [main] DEBUG o.s.b.f.s.DefaultListableBeanFactory - Returning cached instance of singleton bean 'feignClientsConfiguration'
2020-03-09 20:45:29.720 [main] DEBUG o.s.b.f.s.DefaultListableBeanFactory - Eagerly caching bean 'feignEncoder' to allow for resolving potential circular references
2020-03-09 20:45:29.723 [main] DEBUG o.s.b.f.s.DefaultListableBeanFactory - Finished creating instance of bean 'feignEncoder'
2020-03-09 20:45:29.723 [main] DEBUG o.s.b.f.s.DefaultListableBeanFactory - Creating shared instance of singleton bean 'feignContract'
2020-03-09 20:45:29.723 [main] DEBUG o.s.b.f.s.DefaultListableBeanFactory - Creating instance of bean 'feignContract'
2020-03-09 20:45:29.724 [main] DEBUG o.s.b.f.s.DefaultListableBeanFactory - Returning cached instance of singleton bean 'feignClientsConfiguration'
2020-03-09 20:45:29.726 [main] DEBUG o.s.b.f.s.DefaultListableBeanFactory - Creating shared instance of singleton bean 'feignConversionService'
2020-03-09 20:45:29.726 [main] DEBUG o.s.b.f.s.DefaultListableBeanFactory - Creating instance of bean 'feignConversionService'
2020-03-09 20:45:29.726 [main] DEBUG o.s.b.f.s.DefaultListableBeanFactory - Returning cached instance of singleton bean 'feignClientsConfiguration'
2020-03-09 20:45:29.732 [main] DEBUG o.s.b.f.s.DefaultListableBeanFactory - Eagerly caching bean 'feignConversionService' to allow for resolving potential circular references
2020-03-09 20:45:29.739 [main] DEBUG o.s.b.f.s.DefaultListableBeanFactory - Finished creating instance of bean 'feignConversionService'
2020-03-09 20:45:29.740 [main] DEBUG o.s.b.f.s.DefaultListableBeanFactory - Autowiring by type from bean name 'feignContract' via factory method to bean named 'feignConversionService'
2020-03-09 20:45:29.756 [main] DEBUG o.s.b.f.s.DefaultListableBeanFactory - Eagerly caching bean 'feignContract' to allow for resolving potential circular references
2020-03-09 20:45:29.761 [main] DEBUG o.s.b.f.s.DefaultListableBeanFactory - Finished creating instance of bean 'feignContract'
2020-03-09 20:45:29.761 [main] DEBUG o.s.b.f.s.DefaultListableBeanFactory - Returning cached instance of singleton bean 'feignConversionService'
2020-03-09 20:45:29.761 [main] DEBUG o.s.b.f.s.DefaultListableBeanFactory - Creating shared instance of singleton bean 'feignRetryer'
2020-03-09 20:45:29.761 [main] DEBUG o.s.b.f.s.DefaultListableBeanFactory - Creating instance of bean 'feignRetryer'
2020-03-09 20:45:29.762 [main] DEBUG o.s.b.f.s.DefaultListableBeanFactory - Returning cached instance of singleton bean 'feignClientsConfiguration'
2020-03-09 20:45:29.764 [main] DEBUG o.s.b.f.s.DefaultListableBeanFactory - Eagerly caching bean 'feignRetryer' to allow for resolving potential circular references
2020-03-09 20:45:29.769 [main] DEBUG o.s.b.f.s.DefaultListableBeanFactory - Finished creating instance of bean 'feignRetryer'
2020-03-09 20:45:29.770 [main] DEBUG o.s.b.f.s.DefaultListableBeanFactory - Creating shared instance of singleton bean 'feignLoggerFactory'
2020-03-09 20:45:29.770 [main] DEBUG o.s.b.f.s.DefaultListableBeanFactory - Creating instance of bean 'feignLoggerFactory'
2020-03-09 20:45:29.770 [main] DEBUG o.s.b.f.s.DefaultListableBeanFactory - Returning cached instance of singleton bean 'feignClientsConfiguration'
2020-03-09 20:45:29.775 [main] DEBUG o.s.b.f.s.DefaultListableBeanFactory - Eagerly caching bean 'feignLoggerFactory' to allow for resolving potential circular references
2020-03-09 20:45:29.779 [main] DEBUG o.s.b.f.s.DefaultListableBeanFactory - Finished creating instance of bean 'feignLoggerFactory'
2020-03-09 20:45:29.780 [main] DEBUG o.s.b.f.s.DefaultListableBeanFactory - Returning cached instance of singleton bean 'org.springframework.context.event.internalEventListenerFactory'
2020-03-09 20:45:29.790 [main] DEBUG o.s.c.a.AnnotationConfigApplicationContext - Unable to locate LifecycleProcessor with name 'lifecycleProcessor': using default [org.springframework.context.support.DefaultLifecycleProcessor@6b64429e]
2020-03-09 20:45:29.790 [main] DEBUG o.s.b.f.s.DefaultListableBeanFactory - Returning cached instance of singleton bean 'lifecycleProcessor'
2020-03-09 20:45:29.791 [main] DEBUG o.s.b.f.s.DefaultListableBeanFactory - Returning cached instance of singleton bean 'org.springframework.boot.autoconfigure.internalCachingMetadataReaderFactory'
2020-03-09 20:45:29.792 [main] DEBUG o.s.b.f.s.DefaultListableBeanFactory - Creating shared instance of singleton bean 'modelBuilderPluginRegistry'
2020-03-09 20:45:29.792 [main] DEBUG o.s.b.f.s.DefaultListableBeanFactory - Creating instance of bean 'modelBuilderPluginRegistry'
2020-03-09 20:45:29.792 [main] DEBUG o.s.b.f.s.DefaultListableBeanFactory - Returning cached instance of singleton bean 'org.springframework.transaction.config.internalTransactionAdvisor'
2020-03-09 20:45:29.793 [main] DEBUG o.s.b.f.s.DefaultListableBeanFactory - Eagerly caching bean 'modelBuilderPluginRegistry' to allow for resolving potential circular references
2020-03-09 20:45:29.802 [main] DEBUG o.s.b.f.s.DefaultListableBeanFactory - Invoking afterPropertiesSet() on bean with name 'modelBuilderPluginRegistry'
2020-03-09 20:45:29.802 [main] DEBUG o.s.b.f.s.DefaultListableBeanFactory - Returning cached instance of singleton bean 'org.springframework.transaction.config.internalTransactionAdvisor'
2020-03-09 20:45:29.802 [main] DEBUG o.s.b.f.s.DefaultListableBeanFactory - Returning cached instance of singleton bean 'org.springframework.transaction.config.internalTransactionAdvisor'
2020-03-09 20:45:29.803 [main] DEBUG o.s.b.f.s.DefaultListableBeanFactory - Finished creating instance of bean 'modelBuilderPluginRegistry'
2020-03-09 20:45:29.803 [main] DEBUG o.s.b.f.s.DefaultListableBeanFactory - Creating shared instance of singleton bean 'modelPropertyBuilderPluginRegistry'
2020-03-09 20:45:29.803 [main] DEBUG o.s.b.f.s.DefaultListableBeanFactory - Creating instance of bean 'modelPropertyBuilderPluginRegistry'
2020-03-09 20:45:29.804 [main] DEBUG o.s.b.f.s.DefaultListableBeanFactory - Returning cached instance of singleton bean 'org.springframework.transaction.config.internalTransactionAdvisor'
2020-03-09 20:45:29.804 [main] DEBUG o.s.b.f.s.DefaultListableBeanFactory - Eagerly caching bean 'modelPropertyBuilderPluginRegistry' to allow for resolving potential circular references
2020-03-09 20:45:29.804 [main] DEBUG o.s.b.f.s.DefaultListableBeanFactory - Invoking afterPropertiesSet() on bean with name 'modelPropertyBuilderPluginRegistry'
2020-03-09 20:45:29.804 [main] DEBUG o.s.b.f.s.DefaultListableBeanFactory - Returning cached instance of singleton bean 'org.springframework.transaction.config.internalTransactionAdvisor'
2020-03-09 20:45:29.804 [main] DEBUG o.s.b.f.s.DefaultListableBeanFactory - Returning cached instance of singleton bean 'org.springframework.transaction.config.internalTransactionAdvisor'
2020-03-09 20:45:29.804 [main] DEBUG o.s.b.f.s.DefaultListableBeanFactory - Finished creating instance of bean 'modelPropertyBuilderPluginRegistry'
2020-03-09 20:45:29.804 [main] DEBUG o.s.b.f.s.DefaultListableBeanFactory - Creating shared instance of singleton bean 'typeNameProviderPluginRegistry'
2020-03-09 20:45:29.804 [main] DEBUG o.s.b.f.s.DefaultListableBeanFactory - Creating instance of bean 'typeNameProviderPluginRegistry'
2020-03-09 20:45:29.804 [main] DEBUG o.s.b.f.s.DefaultListableBeanFactory - Returning cached instance of singleton bean 'org.springframework.transaction.config.internalTransactionAdvisor'
2020-03-09 20:45:29.805 [main] DEBUG o.s.b.f.s.DefaultListableBeanFactory - Eagerly caching bean 'typeNameProviderPluginRegistry' to allow for resolving potential circular references
2020-03-09 20:45:29.805 [main] DEBUG o.s.b.f.s.DefaultListableBeanFactory - Invoking afterPropertiesSet() on bean with name 'typeNameProviderPluginRegistry'
2020-03-09 20:45:29.805 [main] DEBUG o.s.b.f.s.DefaultListableBeanFactory - Returning cached instance of singleton bean 'org.springframework.transaction.config.internalTransactionAdvisor'
2020-03-09 20:45:29.805 [main] DEBUG o.s.b.f.s.DefaultListableBeanFactory - Returning cached instance of singleton bean 'org.springframework.transaction.config.internalTransactionAdvisor'
2020-03-09 20:45:29.805 [main] DEBUG o.s.b.f.s.DefaultListableBeanFactory - Finished creating instance of bean 'typeNameProviderPluginRegistry'
2020-03-09 20:45:29.805 [main] DEBUG o.s.b.f.s.DefaultListableBeanFactory - Creating shared instance of singleton bean 'documentationPluginRegistry'
2020-03-09 20:45:29.805 [main] DEBUG o.s.b.f.s.DefaultListableBeanFactory - Creating instance of bean 'documentationPluginRegistry'
2020-03-09 20:45:29.805 [main] DEBUG o.s.b.f.s.DefaultListableBeanFactory - Returning cached instance of singleton bean 'org.springframework.transaction.config.internalTransactionAdvisor'
2020-03-09 20:45:29.805 [main] DEBUG o.s.b.f.s.DefaultListableBeanFactory - Eagerly caching bean 'documentationPluginRegistry' to allow for resolving potential circular references
2020-03-09 20:45:29.805 [main] DEBUG o.s.b.f.s.DefaultListableBeanFactory - Invoking afterPropertiesSet() on bean with name 'documentationPluginRegistry'
2020-03-09 20:45:29.805 [main] DEBUG o.s.b.f.s.DefaultListableBeanFactory - Returning cached instance of singleton bean 'org.springframework.transaction.config.internalTransactionAdvisor'
2020-03-09 20:45:29.805 [main] DEBUG o.s.b.f.s.DefaultListableBeanFactory - Returning cached instance of singleton bean 'org.springframework.transaction.config.internalTransactionAdvisor'
2020-03-09 20:45:29.806 [main] DEBUG o.s.b.f.s.DefaultListableBeanFactory - Finished creating instance of bean 'documentationPluginRegistry'
2020-03-09 20:45:29.806 [main] DEBUG o.s.b.f.s.DefaultListableBeanFactory - Creating shared instance of singleton bean 'apiListingBuilderPluginRegistry'
2020-03-09 20:45:29.806 [main] DEBUG o.s.b.f.s.DefaultListableBeanFactory - Creating instance of bean 'apiListingBuilderPluginRegistry'
2020-03-09 20:45:29.806 [main] DEBUG o.s.b.f.s.DefaultListableBeanFactory - Returning cached instance of singleton bean 'org.springframework.transaction.config.internalTransactionAdvisor'
2020-03-09 20:45:29.806 [main] DEBUG o.s.b.f.s.DefaultListableBeanFactory - Eagerly caching bean 'apiListingBuilderPluginRegistry' to allow for resolving potential circular references
2020-03-09 20:45:29.806 [main] DEBUG o.s.b.f.s.DefaultListableBeanFactory - Invoking afterPropertiesSet() on bean with name 'apiListingBuilderPluginRegistry'
2020-03-09 20:45:29.806 [main] DEBUG o.s.b.f.s.DefaultListableBeanFactory - Returning cached instance of singleton bean 'org.springframework.transaction.config.internalTransactionAdvisor'
2020-03-09 20:45:29.806 [main] DEBUG o.s.b.f.s.DefaultListableBeanFactory - Returning cached instance of singleton bean 'org.springframework.transaction.config.internalTransactionAdvisor'
2020-03-09 20:45:29.806 [main] DEBUG o.s.b.f.s.DefaultListableBeanFactory - Finished creating instance of bean 'apiListingBuilderPluginRegistry'
2020-03-09 20:45:29.806 [main] DEBUG o.s.b.f.s.DefaultListableBeanFactory - Creating shared instance of singleton bean 'operationBuilderPluginRegistry'
2020-03-09 20:45:29.806 [main] DEBUG o.s.b.f.s.DefaultListableBeanFactory - Creating instance of bean 'operationBuilderPluginRegistry'
2020-03-09 20:45:29.806 [main] DEBUG o.s.b.f.s.DefaultListableBeanFactory - Returning cached instance of singleton bean 'org.springframework.transaction.config.internalTransactionAdvisor'
2020-03-09 20:45:29.807 [main] DEBUG o.s.b.f.s.DefaultListableBeanFactory - Eagerly caching bean 'operationBuilderPluginRegistry' to allow for resolving potential circular references
2020-03-09 20:45:29.807 [main] DEBUG o.s.b.f.s.DefaultListableBeanFactory - Invoking afterPropertiesSet() on bean with name 'operationBuilderPluginRegistry'
2020-03-09 20:45:29.807 [main] DEBUG o.s.b.f.s.DefaultListableBeanFactory - Returning cached instance of singleton bean 'org.springframework.transaction.config.internalTransactionAdvisor'
2020-03-09 20:45:29.807 [main] DEBUG o.s.b.f.s.DefaultListableBeanFactory - Returning cached instance of singleton bean 'org.springframework.transaction.config.internalTransactionAdvisor'
2020-03-09 20:45:29.807 [main] DEBUG o.s.b.f.s.DefaultListableBeanFactory - Finished creating instance of bean 'operationBuilderPluginRegistry'
2020-03-09 20:45:29.807 [main] DEBUG o.s.b.f.s.DefaultListableBeanFactory - Creating shared instance of singleton bean 'parameterBuilderPluginRegistry'
2020-03-09 20:45:29.807 [main] DEBUG o.s.b.f.s.DefaultListableBeanFactory - Creating instance of bean 'parameterBuilderPluginRegistry'
2020-03-09 20:45:29.807 [main] DEBUG o.s.b.f.s.DefaultListableBeanFactory - Returning cached instance of singleton bean 'org.springframework.transaction.config.internalTransactionAdvisor'
2020-03-09 20:45:29.807 [main] DEBUG o.s.b.f.s.DefaultListableBeanFactory - Eagerly caching bean 'parameterBuilderPluginRegistry' to allow for resolving potential circular references
2020-03-09 20:45:29.808 [main] DEBUG o.s.b.f.s.DefaultListableBeanFactory - Invoking afterPropertiesSet() on bean with name 'parameterBuilderPluginRegistry'
2020-03-09 20:45:29.808 [main] DEBUG o.s.b.f.s.DefaultListableBeanFactory - Returning cached instance of singleton bean 'org.springframework.transaction.config.internalTransactionAdvisor'
2020-03-09 20:45:29.808 [main] DEBUG o.s.b.f.s.DefaultListableBeanFactory - Returning cached instance of singleton bean 'org.springframework.transaction.config.internalTransactionAdvisor'
2020-03-09 20:45:29.808 [main] DEBUG o.s.b.f.s.DefaultListableBeanFactory - Finished creating instance of bean 'parameterBuilderPluginRegistry'
2020-03-09 20:45:29.808 [main] DEBUG o.s.b.f.s.DefaultListableBeanFactory - Creating shared instance of singleton bean 'expandedParameterBuilderPluginRegistry'
2020-03-09 20:45:29.808 [main] DEBUG o.s.b.f.s.DefaultListableBeanFactory - Creating instance of bean 'expandedParameterBuilderPluginRegistry'
2020-03-09 20:45:29.808 [main] DEBUG o.s.b.f.s.DefaultListableBeanFactory - Returning cached instance of singleton bean 'org.springframework.transaction.config.internalTransactionAdvisor'
2020-03-09 20:45:29.808 [main] DEBUG o.s.b.f.s.DefaultListableBeanFactory - Eagerly caching bean 'expandedParameterBuilderPluginRegistry' to allow for resolving potential circular references
2020-03-09 20:45:29.808 [main] DEBUG o.s.b.f.s.DefaultListableBeanFactory - Invoking afterPropertiesSet() on bean with name 'expandedParameterBuilderPluginRegistry'
2020-03-09 20:45:29.808 [main] DEBUG o.s.b.f.s.DefaultListableBeanFactory - Returning cached instance of singleton bean 'org.springframework.transaction.config.internalTransactionAdvisor'
2020-03-09 20:45:29.808 [main] DEBUG o.s.b.f.s.DefaultListableBeanFactory - Returning cached instance of singleton bean 'org.springframework.transaction.config.internalTransactionAdvisor'
2020-03-09 20:45:29.808 [main] DEBUG o.s.b.f.s.DefaultListableBeanFactory - Finished creating instance of bean 'expandedParameterBuilderPluginRegistry'
2020-03-09 20:45:29.809 [main] DEBUG o.s.b.f.s.DefaultListableBeanFactory - Creating shared instance of singleton bean 'resourceGroupingStrategyRegistry'
2020-03-09 20:45:29.809 [main] DEBUG o.s.b.f.s.DefaultListableBeanFactory - Creating instance of bean 'resourceGroupingStrategyRegistry'
2020-03-09 20:45:29.809 [main] DEBUG o.s.b.f.s.DefaultListableBeanFactory - Returning cached instance of singleton bean 'org.springframework.transaction.config.internalTransactionAdvisor'
2020-03-09 20:45:29.809 [main] DEBUG o.s.b.f.s.DefaultListableBeanFactory - Eagerly caching bean 'resourceGroupingStrategyRegistry' to allow for resolving potential circular references
2020-03-09 20:45:29.809 [main] DEBUG o.s.b.f.s.DefaultListableBeanFactory - Invoking afterPropertiesSet() on bean with name 'resourceGroupingStrategyRegistry'
2020-03-09 20:45:29.809 [main] DEBUG o.s.b.f.s.DefaultListableBeanFactory - Returning cached instance of singleton bean 'org.springframework.transaction.config.internalTransactionAdvisor'
2020-03-09 20:45:29.809 [main] DEBUG o.s.b.f.s.DefaultListableBeanFactory - Returning cached instance of singleton bean 'org.springframework.transaction.config.internalTransactionAdvisor'
2020-03-09 20:45:29.810 [main] DEBUG o.s.b.f.s.DefaultListableBeanFactory - Finished creating instance of bean 'resourceGroupingStrategyRegistry'
2020-03-09 20:45:29.810 [main] DEBUG o.s.b.f.s.DefaultListableBeanFactory - Creating shared instance of singleton bean 'operationModelsProviderPluginRegistry'
2020-03-09 20:45:29.810 [main] DEBUG o.s.b.f.s.DefaultListableBeanFactory - Creating instance of bean 'operationModelsProviderPluginRegistry'
2020-03-09 20:45:29.810 [main] DEBUG o.s.b.f.s.DefaultListableBeanFactory - Returning cached instance of singleton bean 'org.springframework.transaction.config.internalTransactionAdvisor'
2020-03-09 20:45:29.810 [main] DEBUG o.s.b.f.s.DefaultListableBeanFactory - Eagerly caching bean 'operationModelsProviderPluginRegistry' to allow for resolving potential circular references
2020-03-09 20:45:29.811 [main] DEBUG o.s.b.f.s.DefaultListableBeanFactory - Invoking afterPropertiesSet() on bean with name 'operationModelsProviderPluginRegistry'
2020-03-09 20:45:29.811 [main] DEBUG o.s.b.f.s.DefaultListableBeanFactory - Returning cached instance of singleton bean 'org.springframework.transaction.config.internalTransactionAdvisor'
2020-03-09 20:45:29.811 [main] DEBUG o.s.b.f.s.DefaultListableBeanFactory - Returning cached instance of singleton bean 'org.springframework.transaction.config.internalTransactionAdvisor'
2020-03-09 20:45:29.811 [main] DEBUG o.s.b.f.s.DefaultListableBeanFactory - Finished creating instance of bean 'operationModelsProviderPluginRegistry'
2020-03-09 20:45:29.811 [main] DEBUG o.s.b.f.s.DefaultListableBeanFactory - Creating shared instance of singleton bean 'defaultsProviderPluginRegistry'
2020-03-09 20:45:29.811 [main] DEBUG o.s.b.f.s.DefaultListableBeanFactory - Creating instance of bean 'defaultsProviderPluginRegistry'
2020-03-09 20:45:29.811 [main] DEBUG o.s.b.f.s.DefaultListableBeanFactory - Returning cached instance of singleton bean 'org.springframework.transaction.config.internalTransactionAdvisor'
2020-03-09 20:45:29.811 [main] DEBUG o.s.b.f.s.DefaultListableBeanFactory - Eagerly caching bean 'defaultsProviderPluginRegistry' to allow for resolving potential circular references
2020-03-09 20:45:29.811 [main] DEBUG o.s.b.f.s.DefaultListableBeanFactory - Invoking afterPropertiesSet() on bean with name 'defaultsProviderPluginRegistry'
2020-03-09 20:45:29.812 [main] DEBUG o.s.b.f.s.DefaultListableBeanFactory - Returning cached instance of singleton bean 'org.springframework.transaction.config.internalTransactionAdvisor'
2020-03-09 20:45:29.812 [main] DEBUG o.s.b.f.s.DefaultListableBeanFactory - Returning cached instance of singleton bean 'org.springframework.transaction.config.internalTransactionAdvisor'
2020-03-09 20:45:29.812 [main] DEBUG o.s.b.f.s.DefaultListableBeanFactory - Finished creating instance of bean 'defaultsProviderPluginRegistry'
2020-03-09 20:45:29.812 [main] DEBUG o.s.b.f.s.DefaultListableBeanFactory - Creating shared instance of singleton bean 'pathDecoratorRegistry'
2020-03-09 20:45:29.812 [main] DEBUG o.s.b.f.s.DefaultListableBeanFactory - Creating instance of bean 'pathDecoratorRegistry'
2020-03-09 20:45:29.812 [main] DEBUG o.s.b.f.s.DefaultListableBeanFactory - Returning cached instance of singleton bean 'org.springframework.transaction.config.internalTransactionAdvisor'
2020-03-09 20:45:29.812 [main] DEBUG o.s.b.f.s.DefaultListableBeanFactory - Eagerly caching bean 'pathDecoratorRegistry' to allow for resolving potential circular references
2020-03-09 20:45:29.813 [main] DEBUG o.s.b.f.s.DefaultListableBeanFactory - Invoking afterPropertiesSet() on bean with name 'pathDecoratorRegistry'
2020-03-09 20:45:29.814 [main] DEBUG o.s.b.f.s.DefaultListableBeanFactory - Returning cached instance of singleton bean 'org.springframework.transaction.config.internalTransactionAdvisor'
2020-03-09 20:45:29.814 [main] DEBUG o.s.b.f.s.DefaultListableBeanFactory - Returning cached instance of singleton bean 'org.springframework.transaction.config.internalTransactionAdvisor'
2020-03-09 20:45:29.814 [main] DEBUG o.s.b.f.s.DefaultListableBeanFactory - Finished creating instance of bean 'pathDecoratorRegistry'
2020-03-09 20:45:29.814 [main] DEBUG o.s.b.f.s.DefaultListableBeanFactory - Creating shared instance of singleton bean 'apiListingScannerPluginRegistry'
2020-03-09 20:45:29.814 [main] DEBUG o.s.b.f.s.DefaultListableBeanFactory - Creating instance of bean 'apiListingScannerPluginRegistry'
2020-03-09 20:45:29.815 [main] DEBUG o.s.b.f.s.DefaultListableBeanFactory - Returning cached instance of singleton bean 'org.springframework.transaction.config.internalTransactionAdvisor'
2020-03-09 20:45:29.816 [main] DEBUG o.s.b.f.s.DefaultListableBeanFactory - Eagerly caching bean 'apiListingScannerPluginRegistry' to allow for resolving potential circular references
2020-03-09 20:45:29.816 [main] DEBUG o.s.b.f.s.DefaultListableBeanFactory - Invoking afterPropertiesSet() on bean with name 'apiListingScannerPluginRegistry'
2020-03-09 20:45:29.819 [main] DEBUG o.s.b.f.s.DefaultListableBeanFactory - Returning cached instance of singleton bean 'org.springframework.transaction.config.internalTransactionAdvisor'
2020-03-09 20:45:29.819 [main] DEBUG o.s.b.f.s.DefaultListableBeanFactory - Returning cached instance of singleton bean 'org.springframework.transaction.config.internalTransactionAdvisor'
2020-03-09 20:45:29.820 [main] DEBUG o.s.b.f.s.DefaultListableBeanFactory - Finished creating instance of bean 'apiListingScannerPluginRegistry'
2020-03-09 20:45:29.820 [main] DEBUG o.s.b.f.s.DefaultListableBeanFactory - Creating shared instance of singleton bean 'mvcResourceUrlProvider'
2020-03-09 20:45:29.820 [main] DEBUG o.s.b.f.s.DefaultListableBeanFactory - Creating instance of bean 'mvcResourceUrlProvider'
2020-03-09 20:45:29.820 [main] DEBUG o.s.b.f.s.DefaultListableBeanFactory - Returning cached instance of singleton bean 'org.springframework.transaction.config.internalTransactionAdvisor'
2020-03-09 20:45:29.820 [main] DEBUG o.s.b.f.s.DefaultListableBeanFactory - Creating shared instance of singleton bean 'org.springframework.boot.autoconfigure.web.servlet.WebMvcAutoConfiguration$EnableWebMvcConfiguration'
2020-03-09 20:45:29.820 [main] DEBUG o.s.b.f.s.DefaultListableBeanFactory - Creating instance of bean 'org.springframework.boot.autoconfigure.web.servlet.WebMvcAutoConfiguration$EnableWebMvcConfiguration'
2020-03-09 20:45:29.820 [main] DEBUG o.s.b.f.s.DefaultListableBeanFactory - Returning cached instance of singleton bean 'org.springframework.transaction.config.internalTransactionAdvisor'
2020-03-09 20:45:29.821 [main] DEBUG o.s.c.LocalVariableTableParameterNameDiscoverer - Cannot find '.class' file for class [class org.springframework.boot.autoconfigure.web.servlet.WebMvcAutoConfiguration$EnableWebMvcConfiguration$$EnhancerBySpringCGLIB$$1641c21b] - unable to determine constructor/method parameter names
2020-03-09 20:45:29.827 [main] DEBUG o.s.b.f.s.DefaultListableBeanFactory - Autowiring by type from bean name 'org.springframework.boot.autoconfigure.web.servlet.WebMvcAutoConfiguration$EnableWebMvcConfiguration' via constructor to bean named 'org.springframework.beans.factory.support.DefaultListableBeanFactory@4eeea57d'
2020-03-09 20:45:29.829 [main] DEBUG o.s.b.f.s.DefaultListableBeanFactory - Creating shared instance of singleton bean 'spring.mvc-org.springframework.boot.autoconfigure.web.servlet.WebMvcProperties'
2020-03-09 20:45:29.830 [main] DEBUG o.s.b.f.s.DefaultListableBeanFactory - Creating instance of bean 'spring.mvc-org.springframework.boot.autoconfigure.web.servlet.WebMvcProperties'
2020-03-09 20:45:29.830 [main] DEBUG o.s.b.f.s.DefaultListableBeanFactory - Returning cached instance of singleton bean 'org.springframework.transaction.config.internalTransactionAdvisor'
2020-03-09 20:45:29.830 [main] DEBUG o.s.b.f.s.DefaultListableBeanFactory - Eagerly caching bean 'spring.mvc-org.springframework.boot.autoconfigure.web.servlet.WebMvcProperties' to allow for resolving potential circular references
2020-03-09 20:45:29.834 [main] DEBUG o.s.b.f.s.DefaultListableBeanFactory - Returning cached instance of singleton bean 'org.springframework.transaction.config.internalTransactionAdvisor'
2020-03-09 20:45:29.834 [main] DEBUG o.s.b.f.s.DefaultListableBeanFactory - Returning cached instance of singleton bean 'org.springframework.transaction.config.internalTransactionAdvisor'
2020-03-09 20:45:29.835 [main] DEBUG o.s.b.f.s.DefaultListableBeanFactory - Finished creating instance of bean 'spring.mvc-org.springframework.boot.autoconfigure.web.servlet.WebMvcProperties'
2020-03-09 20:45:29.850 [main] DEBUG o.s.b.f.annotation.InjectionMetadata - Registered injected element on class [org.springframework.boot.autoconfigure.web.servlet.WebMvcAutoConfiguration$EnableWebMvcConfiguration$$EnhancerBySpringCGLIB$$1641c21b]: AutowiredMethodElement for public void org.springframework.web.servlet.config.annotation.DelegatingWebMvcConfiguration.setConfigurers(java.util.List)
2020-03-09 20:45:29.850 [main] DEBUG o.s.b.f.s.DefaultListableBeanFactory - Eagerly caching bean 'org.springframework.boot.autoconfigure.web.servlet.WebMvcAutoConfiguration$EnableWebMvcConfiguration' to allow for resolving potential circular references
2020-03-09 20:45:29.850 [main] DEBUG o.s.b.f.annotation.InjectionMetadata - Processing injected element of bean 'org.springframework.boot.autoconfigure.web.servlet.WebMvcAutoConfiguration$EnableWebMvcConfiguration': AutowiredMethodElement for public void org.springframework.web.servlet.config.annotation.DelegatingWebMvcConfiguration.setConfigurers(java.util.List)
2020-03-09 20:45:29.853 [main] DEBUG o.s.b.f.s.DefaultListableBeanFactory - Creating shared instance of singleton bean 'org.springframework.boot.autoconfigure.web.servlet.WebMvcAutoConfiguration$WebMvcAutoConfigurationAdapter'
2020-03-09 20:45:29.853 [main] DEBUG o.s.b.f.s.DefaultListableBeanFactory - Creating instance of bean 'org.springframework.boot.autoconfigure.web.servlet.WebMvcAutoConfiguration$WebMvcAutoConfigurationAdapter'
2020-03-09 20:45:29.853 [main] DEBUG o.s.b.f.s.DefaultListableBeanFactory - Returning cached instance of singleton bean 'org.springframework.transaction.config.internalTransactionAdvisor'
2020-03-09 20:45:29.854 [main] DEBUG o.s.c.LocalVariableTableParameterNameDiscoverer - Cannot find '.class' file for class [class org.springframework.boot.autoconfigure.web.servlet.WebMvcAutoConfiguration$WebMvcAutoConfigurationAdapter$$EnhancerBySpringCGLIB$$b8458d00] - unable to determine constructor/method parameter names
2020-03-09 20:45:29.857 [main] DEBUG o.s.b.f.s.DefaultListableBeanFactory - Creating shared instance of singleton bean 'spring.resources-org.springframework.boot.autoconfigure.web.ResourceProperties'
2020-03-09 20:45:29.857 [main] DEBUG o.s.b.f.s.DefaultListableBeanFactory - Creating instance of bean 'spring.resources-org.springframework.boot.autoconfigure.web.ResourceProperties'
2020-03-09 20:45:29.857 [main] DEBUG o.s.b.f.s.DefaultListableBeanFactory - Returning cached instance of singleton bean 'org.springframework.transaction.config.internalTransactionAdvisor'
2020-03-09 20:45:29.861 [main] DEBUG o.s.b.f.s.DefaultListableBeanFactory - Eagerly caching bean 'spring.resources-org.springframework.boot.autoconfigure.web.ResourceProperties' to allow for resolving potential circular references
2020-03-09 20:45:29.871 [main] DEBUG o.s.b.f.s.DefaultListableBeanFactory - Returning cached instance of singleton bean 'org.springframework.transaction.config.internalTransactionAdvisor'
2020-03-09 20:45:29.871 [main] DEBUG o.s.b.f.s.DefaultListableBeanFactory - Returning cached instance of singleton bean 'org.springframework.transaction.config.internalTransactionAdvisor'
2020-03-09 20:45:29.871 [main] DEBUG o.s.b.f.s.DefaultListableBeanFactory - Finished creating instance of bean 'spring.resources-org.springframework.boot.autoconfigure.web.ResourceProperties'
2020-03-09 20:45:29.871 [main] DEBUG o.s.b.f.s.DefaultListableBeanFactory - Returning cached instance of singleton bean 'spring.mvc-org.springframework.boot.autoconfigure.web.servlet.WebMvcProperties'
2020-03-09 20:45:29.875 [main] DEBUG o.s.aop.framework.CglibAopProxy - Creating CGLIB proxy: target source is org.springframework.context.annotation.ContextAnnotationAutowireCandidateResolver$1@63c4d16
2020-03-09 20:45:29.892 [main] DEBUG o.s.aop.framework.CglibAopProxy - Unable to apply any optimizations to advised method: public java.util.Iterator org.springframework.boot.autoconfigure.http.HttpMessageConverters.iterator()
2020-03-09 20:45:29.892 [main] DEBUG o.s.aop.framework.CglibAopProxy - Unable to apply any optimizations to advised method: protected java.util.List org.springframework.boot.autoconfigure.http.HttpMessageConverters.postProcessConverters(java.util.List)
2020-03-09 20:45:29.892 [main] DEBUG o.s.aop.framework.CglibAopProxy - Unable to apply any optimizations to advised method: protected java.util.List org.springframework.boot.autoconfigure.http.HttpMessageConverters.postProcessPartConverters(java.util.List)
2020-03-09 20:45:29.892 [main] DEBUG o.s.aop.framework.CglibAopProxy - Unable to apply any optimizations to advised method: public java.util.List org.springframework.boot.autoconfigure.http.HttpMessageConverters.getConverters()
2020-03-09 20:45:29.892 [main] DEBUG o.s.aop.framework.CglibAopProxy - Found 'equals' method: public boolean java.lang.Object.equals(java.lang.Object)
2020-03-09 20:45:29.892 [main] DEBUG o.s.aop.framework.CglibAopProxy - Unable to apply any optimizations to advised method: public java.lang.String java.lang.Object.toString()
2020-03-09 20:45:29.892 [main] DEBUG o.s.aop.framework.CglibAopProxy - Found 'hashCode' method: public native int java.lang.Object.hashCode()
2020-03-09 20:45:29.892 [main] DEBUG o.s.aop.framework.CglibAopProxy - Unable to apply any optimizations to advised method: protected native java.lang.Object java.lang.Object.clone() throws java.lang.CloneNotSupportedException
2020-03-09 20:45:29.892 [main] DEBUG o.s.aop.framework.CglibAopProxy - Unable to apply any optimizations to advised method: public default java.util.Spliterator java.lang.Iterable.spliterator()
2020-03-09 20:45:29.892 [main] DEBUG o.s.aop.framework.CglibAopProxy - Unable to apply any optimizations to advised method: public default void java.lang.Iterable.forEach(java.util.function.Consumer)
2020-03-09 20:45:29.892 [main] DEBUG o.s.aop.framework.CglibAopProxy - Method is declared on Advised interface: public abstract int org.springframework.aop.framework.Advised.indexOf(org.aopalliance.aop.Advice)
2020-03-09 20:45:29.892 [main] DEBUG o.s.aop.framework.CglibAopProxy - Method is declared on Advised interface: public abstract int org.springframework.aop.framework.Advised.indexOf(org.springframework.aop.Advisor)
2020-03-09 20:45:29.892 [main] DEBUG o.s.aop.framework.CglibAopProxy - Method is declared on Advised interface: public abstract boolean org.springframework.aop.framework.Advised.isFrozen()
2020-03-09 20:45:29.892 [main] DEBUG o.s.aop.framework.CglibAopProxy - Method is declared on Advised interface: public abstract boolean org.springframework.aop.framework.Advised.isInterfaceProxied(java.lang.Class)
2020-03-09 20:45:29.893 [main] DEBUG o.s.aop.framework.CglibAopProxy - Method is declared on Advised interface: public abstract boolean org.springframework.aop.framework.Advised.isProxyTargetClass()
2020-03-09 20:45:29.893 [main] DEBUG o.s.aop.framework.CglibAopProxy - Method is declared on Advised interface: public abstract java.lang.String org.springframework.aop.framework.Advised.toProxyConfigString()
2020-03-09 20:45:29.893 [main] DEBUG o.s.aop.framework.CglibAopProxy - Method is declared on Advised interface: public abstract java.lang.Class[] org.springframework.aop.framework.Advised.getProxiedInterfaces()
2020-03-09 20:45:29.893 [main] DEBUG o.s.aop.framework.CglibAopProxy - Method is declared on Advised interface: public abstract void org.springframework.aop.framework.Advised.addAdvisor(int,org.springframework.aop.Advisor) throws org.springframework.aop.framework.AopConfigException
2020-03-09 20:45:29.893 [main] DEBUG o.s.aop.framework.CglibAopProxy - Method is declared on Advised interface: public abstract void org.springframework.aop.framework.Advised.addAdvisor(org.springframework.aop.Advisor) throws org.springframework.aop.framework.AopConfigException
2020-03-09 20:45:29.893 [main] DEBUG o.s.aop.framework.CglibAopProxy - Method is declared on Advised interface: public abstract boolean org.springframework.aop.framework.Advised.removeAdvisor(org.springframework.aop.Advisor)
2020-03-09 20:45:29.893 [main] DEBUG o.s.aop.framework.CglibAopProxy - Method is declared on Advised interface: public abstract void org.springframework.aop.framework.Advised.removeAdvisor(int) throws org.springframework.aop.framework.AopConfigException
2020-03-09 20:45:29.893 [main] DEBUG o.s.aop.framework.CglibAopProxy - Method is declared on Advised interface: public abstract boolean org.springframework.aop.framework.Advised.isExposeProxy()
2020-03-09 20:45:29.893 [main] DEBUG o.s.aop.framework.CglibAopProxy - Method is declared on Advised interface: public abstract org.springframework.aop.TargetSource org.springframework.aop.framework.Advised.getTargetSource()
2020-03-09 20:45:29.893 [main] DEBUG o.s.aop.framework.CglibAopProxy - Method is declared on Advised interface: public abstract org.springframework.aop.Advisor[] org.springframework.aop.framework.Advised.getAdvisors()
2020-03-09 20:45:29.893 [main] DEBUG o.s.aop.framework.CglibAopProxy - Method is declared on Advised interface: public abstract void org.springframework.aop.framework.Advised.setPreFiltered(boolean)
2020-03-09 20:45:29.893 [main] DEBUG o.s.aop.framework.CglibAopProxy - Method is declared on Advised interface: public abstract boolean org.springframework.aop.framework.Advised.isPreFiltered()
2020-03-09 20:45:29.893 [main] DEBUG o.s.aop.framework.CglibAopProxy - Method is declared on Advised interface: public abstract boolean org.springframework.aop.framework.Advised.replaceAdvisor(org.springframework.aop.Advisor,org.springframework.aop.Advisor) throws org.springframework.aop.framework.AopConfigException
2020-03-09 20:45:29.893 [main] DEBUG o.s.aop.framework.CglibAopProxy - Method is declared on Advised interface: public abstract void org.springframework.aop.framework.Advised.setExposeProxy(boolean)
2020-03-09 20:45:29.893 [main] DEBUG o.s.aop.framework.CglibAopProxy - Method is declared on Advised interface: public abstract void org.springframework.aop.framework.Advised.addAdvice(org.aopalliance.aop.Advice) throws org.springframework.aop.framework.AopConfigException
2020-03-09 20:45:29.893 [main] DEBUG o.s.aop.framework.CglibAopProxy - Method is declared on Advised interface: public abstract void org.springframework.aop.framework.Advised.addAdvice(int,org.aopalliance.aop.Advice) throws org.springframework.aop.framework.AopConfigException
2020-03-09 20:45:29.893 [main] DEBUG o.s.aop.framework.CglibAopProxy - Method is declared on Advised interface: public abstract boolean org.springframework.aop.framework.Advised.removeAdvice(org.aopalliance.aop.Advice)
2020-03-09 20:45:29.893 [main] DEBUG o.s.aop.framework.CglibAopProxy - Method is declared on Advised interface: public abstract void org.springframework.aop.framework.Advised.setTargetSource(org.springframework.aop.TargetSource)
2020-03-09 20:45:29.893 [main] DEBUG o.s.aop.framework.CglibAopProxy - Method is declared on Advised interface: public abstract java.lang.Class org.springframework.aop.TargetClassAware.getTargetClass()
2020-03-09 20:45:29.923 [main] DEBUG o.s.b.f.s.DefaultListableBeanFactory - Autowiring by type from bean name 'org.springframework.boot.autoconfigure.web.servlet.WebMvcAutoConfiguration$WebMvcAutoConfigurationAdapter' via constructor to bean named 'spring.resources-org.springframework.boot.autoconfigure.web.ResourceProperties'
2020-03-09 20:45:29.923 [main] DEBUG o.s.b.f.s.DefaultListableBeanFactory - Autowiring by type from bean name 'org.springframework.boot.autoconfigure.web.servlet.WebMvcAutoConfiguration$WebMvcAutoConfigurationAdapter' via constructor to bean named 'spring.mvc-org.springframework.boot.autoconfigure.web.servlet.WebMvcProperties'
2020-03-09 20:45:29.923 [main] DEBUG o.s.b.f.s.DefaultListableBeanFactory - Autowiring by type from bean name 'org.springframework.boot.autoconfigure.web.servlet.WebMvcAutoConfiguration$WebMvcAutoConfigurationAdapter' via constructor to bean named 'org.springframework.beans.factory.support.DefaultListableBeanFactory@4eeea57d'
2020-03-09 20:45:29.927 [main] DEBUG o.s.b.f.s.DefaultListableBeanFactory - Eagerly caching bean 'org.springframework.boot.autoconfigure.web.servlet.WebMvcAutoConfiguration$WebMvcAutoConfigurationAdapter' to allow for resolving potential circular references
2020-03-09 20:45:29.938 [main] DEBUG o.s.b.f.s.DefaultListableBeanFactory - Returning cached instance of singleton bean 'org.springframework.transaction.config.internalTransactionAdvisor'
2020-03-09 20:45:29.938 [main] DEBUG o.s.b.f.s.DefaultListableBeanFactory - Returning cached instance of singleton bean 'org.springframework.transaction.config.internalTransactionAdvisor'
2020-03-09 20:45:29.940 [main] DEBUG o.s.b.f.s.DefaultListableBeanFactory - Finished creating instance of bean 'org.springframework.boot.autoconfigure.web.servlet.WebMvcAutoConfiguration$WebMvcAutoConfigurationAdapter'
2020-03-09 20:45:29.940 [main] DEBUG o.s.b.f.s.DefaultListableBeanFactory - Creating shared instance of singleton bean 'org.springframework.boot.autoconfigure.orm.jpa.JpaBaseConfiguration$JpaWebConfiguration$JpaWebMvcConfiguration'
2020-03-09 20:45:29.940 [main] DEBUG o.s.b.f.s.DefaultListableBeanFactory - Creating instance of bean 'org.springframework.boot.autoconfigure.orm.jpa.JpaBaseConfiguration$JpaWebConfiguration$JpaWebMvcConfiguration'
2020-03-09 20:45:29.940 [main] DEBUG o.s.b.f.s.DefaultListableBeanFactory - Returning cached instance of singleton bean 'org.springframework.transaction.config.internalTransactionAdvisor'
2020-03-09 20:45:29.941 [main] DEBUG o.s.c.LocalVariableTableParameterNameDiscoverer - Cannot find '.class' file for class [class org.springframework.boot.autoconfigure.orm.jpa.JpaBaseConfiguration$JpaWebConfiguration$JpaWebMvcConfiguration$$EnhancerBySpringCGLIB$$f48f7e93] - unable to determine constructor/method parameter names
2020-03-09 20:45:29.945 [main] DEBUG o.s.b.f.s.DefaultListableBeanFactory - Returning cached instance of singleton bean 'spring.jpa-org.springframework.boot.autoconfigure.orm.jpa.JpaProperties'
2020-03-09 20:45:29.946 [main] DEBUG o.s.b.f.s.DefaultListableBeanFactory - Autowiring by type from bean name 'org.springframework.boot.autoconfigure.orm.jpa.JpaBaseConfiguration$JpaWebConfiguration$JpaWebMvcConfiguration' via constructor to bean named 'spring.jpa-org.springframework.boot.autoconfigure.orm.jpa.JpaProperties'
2020-03-09 20:45:29.946 [main] DEBUG o.s.b.f.s.DefaultListableBeanFactory - Eagerly caching bean 'org.springframework.boot.autoconfigure.orm.jpa.JpaBaseConfiguration$JpaWebConfiguration$JpaWebMvcConfiguration' to allow for resolving potential circular references
2020-03-09 20:45:29.957 [main] DEBUG o.s.b.f.s.DefaultListableBeanFactory - Returning cached instance of singleton bean 'org.springframework.transaction.config.internalTransactionAdvisor'
2020-03-09 20:45:29.957 [main] DEBUG o.s.b.f.s.DefaultListableBeanFactory - Returning cached instance of singleton bean 'org.springframework.transaction.config.internalTransactionAdvisor'
2020-03-09 20:45:29.957 [main] DEBUG o.s.b.f.s.DefaultListableBeanFactory - Finished creating instance of bean 'org.springframework.boot.autoconfigure.orm.jpa.JpaBaseConfiguration$JpaWebConfiguration$JpaWebMvcConfiguration'
2020-03-09 20:45:29.957 [main] DEBUG o.s.b.f.s.DefaultListableBeanFactory - Creating shared instance of singleton bean 'org.springframework.data.web.config.SpringDataWebConfiguration'
2020-03-09 20:45:29.958 [main] DEBUG o.s.b.f.s.DefaultListableBeanFactory - Creating instance of bean 'org.springframework.data.web.config.SpringDataWebConfiguration'
2020-03-09 20:45:29.958 [main] DEBUG o.s.b.f.s.DefaultListableBeanFactory - Returning cached instance of singleton bean 'org.springframework.transaction.config.internalTransactionAdvisor'
2020-03-09 20:45:29.958 [main] DEBUG o.s.c.LocalVariableTableParameterNameDiscoverer - Cannot find '.class' file for class [class org.springframework.data.web.config.SpringDataWebConfiguration$$EnhancerBySpringCGLIB$$cb89fee] - unable to determine constructor/method parameter names
2020-03-09 20:45:29.962 [main] DEBUG o.s.b.f.s.DefaultListableBeanFactory - Autowiring by type from bean name 'org.springframework.data.web.config.SpringDataWebConfiguration' via constructor to bean named 'org.springframework.web.context.support.GenericWebApplicationContext@21d5c1a0'
2020-03-09 20:45:29.963 [main] DEBUG o.s.b.f.annotation.InjectionMetadata - Registered injected element on class [org.springframework.data.web.config.SpringDataWebConfiguration$$EnhancerBySpringCGLIB$$cb89fee]: AutowiredFieldElement for private java.util.Optional org.springframework.data.web.config.SpringDataWebConfiguration.pageableResolverCustomizer
2020-03-09 20:45:29.963 [main] DEBUG o.s.b.f.annotation.InjectionMetadata - Registered injected element on class [org.springframework.data.web.config.SpringDataWebConfiguration$$EnhancerBySpringCGLIB$$cb89fee]: AutowiredFieldElement for private java.util.Optional org.springframework.data.web.config.SpringDataWebConfiguration.sortResolverCustomizer
2020-03-09 20:45:29.963 [main] DEBUG o.s.b.f.s.DefaultListableBeanFactory - Eagerly caching bean 'org.springframework.data.web.config.SpringDataWebConfiguration' to allow for resolving potential circular references
2020-03-09 20:45:29.973 [main] DEBUG o.s.b.f.annotation.InjectionMetadata - Processing injected element of bean 'org.springframework.data.web.config.SpringDataWebConfiguration': AutowiredFieldElement for private java.util.Optional org.springframework.data.web.config.SpringDataWebConfiguration.pageableResolverCustomizer
2020-03-09 20:45:29.975 [main] DEBUG o.s.b.f.s.DefaultListableBeanFactory - Creating shared instance of singleton bean 'pageableCustomizer'
2020-03-09 20:45:29.975 [main] DEBUG o.s.b.f.s.DefaultListableBeanFactory - Creating instance of bean 'pageableCustomizer'
2020-03-09 20:45:29.976 [main] DEBUG o.s.b.f.s.DefaultListableBeanFactory - Returning cached instance of singleton bean 'org.springframework.transaction.config.internalTransactionAdvisor'
2020-03-09 20:45:29.976 [main] DEBUG o.s.b.f.s.DefaultListableBeanFactory - Creating shared instance of singleton bean 'org.springframework.boot.autoconfigure.data.web.SpringDataWebAutoConfiguration'
2020-03-09 20:45:29.976 [main] DEBUG o.s.b.f.s.DefaultListableBeanFactory - Creating instance of bean 'org.springframework.boot.autoconfigure.data.web.SpringDataWebAutoConfiguration'
2020-03-09 20:45:29.976 [main] DEBUG o.s.b.f.s.DefaultListableBeanFactory - Returning cached instance of singleton bean 'org.springframework.transaction.config.internalTransactionAdvisor'
2020-03-09 20:45:29.976 [main] DEBUG o.s.c.LocalVariableTableParameterNameDiscoverer - Cannot find '.class' file for class [class org.springframework.boot.autoconfigure.data.web.SpringDataWebAutoConfiguration$$EnhancerBySpringCGLIB$$96eb27bc] - unable to determine constructor/method parameter names
2020-03-09 20:45:29.978 [main] DEBUG o.s.b.f.s.DefaultListableBeanFactory - Creating shared instance of singleton bean 'spring.data.web-org.springframework.boot.autoconfigure.data.web.SpringDataWebProperties'
2020-03-09 20:45:29.978 [main] DEBUG o.s.b.f.s.DefaultListableBeanFactory - Creating instance of bean 'spring.data.web-org.springframework.boot.autoconfigure.data.web.SpringDataWebProperties'
2020-03-09 20:45:29.978 [main] DEBUG o.s.b.f.s.DefaultListableBeanFactory - Returning cached instance of singleton bean 'org.springframework.transaction.config.internalTransactionAdvisor'
2020-03-09 20:45:29.979 [main] DEBUG o.s.b.f.s.DefaultListableBeanFactory - Eagerly caching bean 'spring.data.web-org.springframework.boot.autoconfigure.data.web.SpringDataWebProperties' to allow for resolving potential circular references
2020-03-09 20:45:29.982 [main] DEBUG o.s.b.f.s.DefaultListableBeanFactory - Returning cached instance of singleton bean 'org.springframework.transaction.config.internalTransactionAdvisor'
2020-03-09 20:45:29.983 [main] DEBUG o.s.b.f.s.DefaultListableBeanFactory - Returning cached instance of singleton bean 'org.springframework.transaction.config.internalTransactionAdvisor'
2020-03-09 20:45:29.983 [main] DEBUG o.s.b.f.s.DefaultListableBeanFactory - Finished creating instance of bean 'spring.data.web-org.springframework.boot.autoconfigure.data.web.SpringDataWebProperties'
2020-03-09 20:45:29.983 [main] DEBUG o.s.b.f.s.DefaultListableBeanFactory - Autowiring by type from bean name 'org.springframework.boot.autoconfigure.data.web.SpringDataWebAutoConfiguration' via constructor to bean named 'spring.data.web-org.springframework.boot.autoconfigure.data.web.SpringDataWebProperties'
2020-03-09 20:45:29.983 [main] DEBUG o.s.b.f.s.DefaultListableBeanFactory - Eagerly caching bean 'org.springframework.boot.autoconfigure.data.web.SpringDataWebAutoConfiguration' to allow for resolving potential circular references
2020-03-09 20:45:29.986 [main] DEBUG o.s.b.f.s.DefaultListableBeanFactory - Returning cached instance of singleton bean 'org.springframework.transaction.config.internalTransactionAdvisor'
2020-03-09 20:45:29.986 [main] DEBUG o.s.b.f.s.DefaultListableBeanFactory - Returning cached instance of singleton bean 'org.springframework.transaction.config.internalTransactionAdvisor'
2020-03-09 20:45:29.987 [main] DEBUG o.s.b.f.s.DefaultListableBeanFactory - Finished creating instance of bean 'org.springframework.boot.autoconfigure.data.web.SpringDataWebAutoConfiguration'
2020-03-09 20:45:29.991 [main] DEBUG o.s.b.f.s.DefaultListableBeanFactory - Eagerly caching bean 'pageableCustomizer' to allow for resolving potential circular references
2020-03-09 20:45:29.993 [main] DEBUG o.s.b.f.s.DefaultListableBeanFactory - Returning cached instance of singleton bean 'org.springframework.transaction.config.internalTransactionAdvisor'
2020-03-09 20:45:29.993 [main] DEBUG o.s.b.f.s.DefaultListableBeanFactory - Returning cached instance of singleton bean 'org.springframework.transaction.config.internalTransactionAdvisor'
2020-03-09 20:45:29.993 [main] DEBUG o.s.b.f.s.DefaultListableBeanFactory - Finished creating instance of bean 'pageableCustomizer'
2020-03-09 20:45:29.993 [main] DEBUG o.s.b.f.annotation.InjectionMetadata - Processing injected element of bean 'org.springframework.data.web.config.SpringDataWebConfiguration': AutowiredFieldElement for private java.util.Optional org.springframework.data.web.config.SpringDataWebConfiguration.sortResolverCustomizer
2020-03-09 20:45:29.995 [main] DEBUG o.s.b.f.s.DefaultListableBeanFactory - Creating shared instance of singleton bean 'sortCustomizer'
2020-03-09 20:45:29.995 [main] DEBUG o.s.b.f.s.DefaultListableBeanFactory - Creating instance of bean 'sortCustomizer'
2020-03-09 20:45:29.995 [main] DEBUG o.s.b.f.s.DefaultListableBeanFactory - Returning cached instance of singleton bean 'org.springframework.transaction.config.internalTransactionAdvisor'
2020-03-09 20:45:29.995 [main] DEBUG o.s.b.f.s.DefaultListableBeanFactory - Returning cached instance of singleton bean 'org.springframework.boot.autoconfigure.data.web.SpringDataWebAutoConfiguration'
2020-03-09 20:45:29.996 [main] DEBUG o.s.b.f.s.DefaultListableBeanFactory - Eagerly caching bean 'sortCustomizer' to allow for resolving potential circular references
2020-03-09 20:45:29.999 [main] DEBUG o.s.b.f.s.DefaultListableBeanFactory - Returning cached instance of singleton bean 'org.springframework.transaction.config.internalTransactionAdvisor'
2020-03-09 20:45:29.999 [main] DEBUG o.s.b.f.s.DefaultListableBeanFactory - Returning cached instance of singleton bean 'org.springframework.transaction.config.internalTransactionAdvisor'
2020-03-09 20:45:30.000 [main] DEBUG o.s.b.f.s.DefaultListableBeanFactory - Finished creating instance of bean 'sortCustomizer'
2020-03-09 20:45:30.000 [main] DEBUG o.s.b.f.s.DefaultListableBeanFactory - Returning cached instance of singleton bean 'org.springframework.transaction.config.internalTransactionAdvisor'
2020-03-09 20:45:30.000 [main] DEBUG o.s.b.f.s.DefaultListableBeanFactory - Returning cached instance of singleton bean 'org.springframework.transaction.config.internalTransactionAdvisor'
2020-03-09 20:45:30.000 [main] DEBUG o.s.b.f.s.DefaultListableBeanFactory - Finished creating instance of bean 'org.springframework.data.web.config.SpringDataWebConfiguration'
2020-03-09 20:45:30.001 [main] DEBUG o.s.b.f.a.AutowiredAnnotationBeanPostProcessor - Autowiring by type from bean name 'org.springframework.boot.autoconfigure.web.servlet.WebMvcAutoConfiguration$EnableWebMvcConfiguration' to bean named 'org.springframework.boot.autoconfigure.web.servlet.WebMvcAutoConfiguration$WebMvcAutoConfigurationAdapter'
2020-03-09 20:45:30.001 [main] DEBUG o.s.b.f.a.AutowiredAnnotationBeanPostProcessor - Autowiring by type from bean name 'org.springframework.boot.autoconfigure.web.servlet.WebMvcAutoConfiguration$EnableWebMvcConfiguration' to bean named 'org.springframework.boot.autoconfigure.orm.jpa.JpaBaseConfiguration$JpaWebConfiguration$JpaWebMvcConfiguration'
2020-03-09 20:45:30.001 [main] DEBUG o.s.b.f.a.AutowiredAnnotationBeanPostProcessor - Autowiring by type from bean name 'org.springframework.boot.autoconfigure.web.servlet.WebMvcAutoConfiguration$EnableWebMvcConfiguration' to bean named 'org.springframework.data.web.config.SpringDataWebConfiguration'
2020-03-09 20:45:30.001 [main] DEBUG o.s.b.f.s.DefaultListableBeanFactory - Returning cached instance of singleton bean 'org.springframework.transaction.config.internalTransactionAdvisor'
2020-03-09 20:45:30.001 [main] DEBUG o.s.b.f.s.DefaultListableBeanFactory - Returning cached instance of singleton bean 'org.springframework.transaction.config.internalTransactionAdvisor'
2020-03-09 20:45:30.003 [main] DEBUG o.s.b.f.s.DefaultListableBeanFactory - Finished creating instance of bean 'org.springframework.boot.autoconfigure.web.servlet.WebMvcAutoConfiguration$EnableWebMvcConfiguration'
2020-03-09 20:45:30.011 [main] DEBUG o.s.b.f.s.DefaultListableBeanFactory - Eagerly caching bean 'mvcResourceUrlProvider' to allow for resolving potential circular references
2020-03-09 20:45:30.014 [main] DEBUG o.s.b.f.s.DefaultListableBeanFactory - Returning cached instance of singleton bean 'org.springframework.transaction.config.internalTransactionAdvisor'
2020-03-09 20:45:30.015 [main] DEBUG o.s.b.f.s.DefaultListableBeanFactory - Returning cached instance of singleton bean 'org.springframework.transaction.config.internalTransactionAdvisor'
2020-03-09 20:45:30.015 [main] DEBUG o.s.b.f.s.DefaultListableBeanFactory - Finished creating instance of bean 'mvcResourceUrlProvider'
2020-03-09 20:45:30.016 [main] DEBUG o.s.w.s.resource.ResourceUrlProvider - Looking for resource handler mappings
2020-03-09 20:45:30.016 [main] DEBUG o.s.w.s.resource.ResourceUrlProvider - No resource handling mappings found
2020-03-09 20:45:30.016 [main] DEBUG o.s.c.e.PropertySourcesPropertyResolver - Could not find key 'spring.liveBeansView.mbeanDomain' in any property source
2020-03-09 20:45:30.018 [main] DEBUG o.s.b.f.s.DefaultListableBeanFactory - Returning cached instance of singleton bean 'feignLoggerFactory'
2020-03-09 20:45:30.019 [main] DEBUG o.s.b.f.s.DefaultListableBeanFactory - Creating instance of bean 'feignBuilder'
2020-03-09 20:45:30.019 [main] DEBUG o.s.b.f.s.DefaultListableBeanFactory - Returning cached instance of singleton bean 'feignClientsConfiguration'
2020-03-09 20:45:30.021 [main] DEBUG o.s.b.f.s.DefaultListableBeanFactory - Returning cached instance of singleton bean 'feignRetryer'
2020-03-09 20:45:30.021 [main] DEBUG o.s.b.f.s.DefaultListableBeanFactory - Autowiring by type from bean name 'feignBuilder' via factory method to bean named 'feignRetryer'
2020-03-09 20:45:30.032 [main] DEBUG o.s.b.f.s.DefaultListableBeanFactory - Finished creating instance of bean 'feignBuilder'
2020-03-09 20:45:30.033 [main] DEBUG o.s.b.f.s.DefaultListableBeanFactory - Returning cached instance of singleton bean 'feignEncoder'
2020-03-09 20:45:30.034 [main] DEBUG o.s.b.f.s.DefaultListableBeanFactory - Returning cached instance of singleton bean 'feignDecoder'
2020-03-09 20:45:30.036 [main] DEBUG o.s.b.f.s.DefaultListableBeanFactory - Returning cached instance of singleton bean 'feignContract'
2020-03-09 20:45:30.037 [main] DEBUG o.s.b.f.s.DefaultListableBeanFactory - Creating shared instance of singleton bean 'feign.client-org.springframework.cloud.openfeign.FeignClientProperties'
2020-03-09 20:45:30.037 [main] DEBUG o.s.b.f.s.DefaultListableBeanFactory - Creating instance of bean 'feign.client-org.springframework.cloud.openfeign.FeignClientProperties'
2020-03-09 20:45:30.037 [main] DEBUG o.s.b.f.s.DefaultListableBeanFactory - Returning cached instance of singleton bean 'org.springframework.transaction.config.internalTransactionAdvisor'
2020-03-09 20:45:30.037 [main] DEBUG o.s.b.f.s.DefaultListableBeanFactory - Eagerly caching bean 'feign.client-org.springframework.cloud.openfeign.FeignClientProperties' to allow for resolving potential circular references
2020-03-09 20:45:30.039 [main] DEBUG o.s.b.f.s.DefaultListableBeanFactory - Returning cached instance of singleton bean 'org.springframework.transaction.config.internalTransactionAdvisor'
2020-03-09 20:45:30.039 [main] DEBUG o.s.b.f.s.DefaultListableBeanFactory - Returning cached instance of singleton bean 'org.springframework.transaction.config.internalTransactionAdvisor'
2020-03-09 20:45:30.039 [main] DEBUG o.s.b.f.s.DefaultListableBeanFactory - Finished creating instance of bean 'feign.client-org.springframework.cloud.openfeign.FeignClientProperties'
2020-03-09 20:45:30.041 [main] DEBUG o.s.b.f.s.DefaultListableBeanFactory - Returning cached instance of singleton bean 'feignRetryer'
2020-03-09 20:45:30.043 [main] DEBUG o.s.b.f.s.DefaultListableBeanFactory - Creating shared instance of singleton bean 'feignRequestOptions'
2020-03-09 20:45:30.043 [main] DEBUG o.s.b.f.s.DefaultListableBeanFactory - Creating instance of bean 'feignRequestOptions'
2020-03-09 20:45:30.043 [main] DEBUG o.s.b.f.s.DefaultListableBeanFactory - Returning cached instance of singleton bean 'org.springframework.transaction.config.internalTransactionAdvisor'
2020-03-09 20:45:30.043 [main] DEBUG o.s.b.f.s.DefaultListableBeanFactory - Creating shared instance of singleton bean 'org.springframework.cloud.openfeign.ribbon.FeignRibbonClientAutoConfiguration'
2020-03-09 20:45:30.043 [main] DEBUG o.s.b.f.s.DefaultListableBeanFactory - Creating instance of bean 'org.springframework.cloud.openfeign.ribbon.FeignRibbonClientAutoConfiguration'
2020-03-09 20:45:30.043 [main] DEBUG o.s.b.f.s.DefaultListableBeanFactory - Returning cached instance of singleton bean 'org.springframework.transaction.config.internalTransactionAdvisor'
2020-03-09 20:45:30.044 [main] DEBUG o.s.b.f.s.DefaultListableBeanFactory - Eagerly caching bean 'org.springframework.cloud.openfeign.ribbon.FeignRibbonClientAutoConfiguration' to allow for resolving potential circular references
2020-03-09 20:45:30.047 [main] DEBUG o.s.b.f.s.DefaultListableBeanFactory - Returning cached instance of singleton bean 'org.springframework.transaction.config.internalTransactionAdvisor'
2020-03-09 20:45:30.047 [main] DEBUG o.s.b.f.s.DefaultListableBeanFactory - Returning cached instance of singleton bean 'org.springframework.transaction.config.internalTransactionAdvisor'
2020-03-09 20:45:30.048 [main] DEBUG o.s.b.f.s.DefaultListableBeanFactory - Finished creating instance of bean 'org.springframework.cloud.openfeign.ribbon.FeignRibbonClientAutoConfiguration'
2020-03-09 20:45:30.054 [main] DEBUG o.s.b.f.s.DefaultListableBeanFactory - Eagerly caching bean 'feignRequestOptions' to allow for resolving potential circular references
2020-03-09 20:45:30.055 [main] DEBUG o.s.b.f.s.DefaultListableBeanFactory - Returning cached instance of singleton bean 'org.springframework.transaction.config.internalTransactionAdvisor'
2020-03-09 20:45:30.055 [main] DEBUG o.s.b.f.s.DefaultListableBeanFactory - Returning cached instance of singleton bean 'org.springframework.transaction.config.internalTransactionAdvisor'
2020-03-09 20:45:30.055 [main] DEBUG o.s.b.f.s.DefaultListableBeanFactory - Finished creating instance of bean 'feignRequestOptions'
2020-03-09 20:45:30.059 [main] DEBUG o.s.b.f.s.DefaultListableBeanFactory - Creating shared instance of singleton bean 'feignClient'
2020-03-09 20:45:30.059 [main] DEBUG o.s.b.f.s.DefaultListableBeanFactory - Creating instance of bean 'feignClient'
2020-03-09 20:45:30.059 [main] DEBUG o.s.b.f.s.DefaultListableBeanFactory - Returning cached instance of singleton bean 'org.springframework.transaction.config.internalTransactionAdvisor'
2020-03-09 20:45:30.060 [main] DEBUG o.s.b.f.s.DefaultListableBeanFactory - Creating shared instance of singleton bean 'org.springframework.cloud.openfeign.ribbon.DefaultFeignLoadBalancedConfiguration'
2020-03-09 20:45:30.060 [main] DEBUG o.s.b.f.s.DefaultListableBeanFactory - Creating instance of bean 'org.springframework.cloud.openfeign.ribbon.DefaultFeignLoadBalancedConfiguration'
2020-03-09 20:45:30.060 [main] DEBUG o.s.b.f.s.DefaultListableBeanFactory - Returning cached instance of singleton bean 'org.springframework.transaction.config.internalTransactionAdvisor'
2020-03-09 20:45:30.060 [main] DEBUG o.s.b.f.s.DefaultListableBeanFactory - Eagerly caching bean 'org.springframework.cloud.openfeign.ribbon.DefaultFeignLoadBalancedConfiguration' to allow for resolving potential circular references
2020-03-09 20:45:30.064 [main] DEBUG o.s.b.f.s.DefaultListableBeanFactory - Returning cached instance of singleton bean 'org.springframework.transaction.config.internalTransactionAdvisor'
2020-03-09 20:45:30.064 [main] DEBUG o.s.b.f.s.DefaultListableBeanFactory - Returning cached instance of singleton bean 'org.springframework.transaction.config.internalTransactionAdvisor'
2020-03-09 20:45:30.064 [main] DEBUG o.s.b.f.s.DefaultListableBeanFactory - Finished creating instance of bean 'org.springframework.cloud.openfeign.ribbon.DefaultFeignLoadBalancedConfiguration'
2020-03-09 20:45:30.066 [main] DEBUG o.s.b.f.s.DefaultListableBeanFactory - Creating shared instance of singleton bean 'cachingLBClientFactory'
2020-03-09 20:45:30.066 [main] DEBUG o.s.b.f.s.DefaultListableBeanFactory - Creating instance of bean 'cachingLBClientFactory'
2020-03-09 20:45:30.066 [main] DEBUG o.s.b.f.s.DefaultListableBeanFactory - Returning cached instance of singleton bean 'org.springframework.transaction.config.internalTransactionAdvisor'
2020-03-09 20:45:30.066 [main] DEBUG o.s.b.f.s.DefaultListableBeanFactory - Returning cached instance of singleton bean 'org.springframework.cloud.openfeign.ribbon.FeignRibbonClientAutoConfiguration'
2020-03-09 20:45:30.068 [main] DEBUG o.s.b.f.s.DefaultListableBeanFactory - Creating shared instance of singleton bean 'springClientFactory'
2020-03-09 20:45:30.068 [main] DEBUG o.s.b.f.s.DefaultListableBeanFactory - Creating instance of bean 'springClientFactory'
2020-03-09 20:45:30.068 [main] DEBUG o.s.b.f.s.DefaultListableBeanFactory - Returning cached instance of singleton bean 'org.springframework.transaction.config.internalTransactionAdvisor'
2020-03-09 20:45:30.068 [main] DEBUG o.s.b.f.s.DefaultListableBeanFactory - Creating shared instance of singleton bean 'org.springframework.cloud.netflix.ribbon.RibbonAutoConfiguration'
2020-03-09 20:45:30.068 [main] DEBUG o.s.b.f.s.DefaultListableBeanFactory - Creating instance of bean 'org.springframework.cloud.netflix.ribbon.RibbonAutoConfiguration'
2020-03-09 20:45:30.069 [main] DEBUG o.s.b.f.s.DefaultListableBeanFactory - Returning cached instance of singleton bean 'org.springframework.transaction.config.internalTransactionAdvisor'
2020-03-09 20:45:30.070 [main] DEBUG o.s.b.f.annotation.InjectionMetadata - Registered injected element on class [org.springframework.cloud.netflix.ribbon.RibbonAutoConfiguration$$EnhancerBySpringCGLIB$$a8a0d175]: AutowiredFieldElement for private java.util.List org.springframework.cloud.netflix.ribbon.RibbonAutoConfiguration.configurations
2020-03-09 20:45:30.070 [main] DEBUG o.s.b.f.annotation.InjectionMetadata - Registered injected element on class [org.springframework.cloud.netflix.ribbon.RibbonAutoConfiguration$$EnhancerBySpringCGLIB$$a8a0d175]: AutowiredFieldElement for private org.springframework.cloud.netflix.ribbon.RibbonEagerLoadProperties org.springframework.cloud.netflix.ribbon.RibbonAutoConfiguration.ribbonEagerLoadProperties
2020-03-09 20:45:30.070 [main] DEBUG o.s.b.f.s.DefaultListableBeanFactory - Eagerly caching bean 'org.springframework.cloud.netflix.ribbon.RibbonAutoConfiguration' to allow for resolving potential circular references
2020-03-09 20:45:30.075 [main] DEBUG o.s.b.f.annotation.InjectionMetadata - Processing injected element of bean 'org.springframework.cloud.netflix.ribbon.RibbonAutoConfiguration': AutowiredFieldElement for private java.util.List org.springframework.cloud.netflix.ribbon.RibbonAutoConfiguration.configurations
2020-03-09 20:45:30.075 [main] DEBUG o.s.core.annotation.AnnotationUtils - Failed to meta-introspect annotation interface org.springframework.beans.factory.annotation.Autowired: java.lang.NullPointerException
2020-03-09 20:45:30.077 [main] DEBUG o.s.b.f.s.DefaultListableBeanFactory - Creating shared instance of singleton bean 'default.org.springframework.cloud.netflix.ribbon.RibbonAutoConfiguration.RibbonClientSpecification'
2020-03-09 20:45:30.077 [main] DEBUG o.s.b.f.s.DefaultListableBeanFactory - Creating instance of bean 'default.org.springframework.cloud.netflix.ribbon.RibbonAutoConfiguration.RibbonClientSpecification'
2020-03-09 20:45:30.077 [main] DEBUG o.s.b.f.s.DefaultListableBeanFactory - Returning cached instance of singleton bean 'org.springframework.transaction.config.internalTransactionAdvisor'
2020-03-09 20:45:30.077 [main] DEBUG o.s.b.f.s.DefaultListableBeanFactory - Eagerly caching bean 'default.org.springframework.cloud.netflix.ribbon.RibbonAutoConfiguration.RibbonClientSpecification' to allow for resolving potential circular references
2020-03-09 20:45:30.081 [main] DEBUG o.s.b.f.s.DefaultListableBeanFactory - Returning cached instance of singleton bean 'org.springframework.transaction.config.internalTransactionAdvisor'
2020-03-09 20:45:30.081 [main] DEBUG o.s.b.f.s.DefaultListableBeanFactory - Returning cached instance of singleton bean 'org.springframework.transaction.config.internalTransactionAdvisor'
2020-03-09 20:45:30.082 [main] DEBUG o.s.b.f.s.DefaultListableBeanFactory - Finished creating instance of bean 'default.org.springframework.cloud.netflix.ribbon.RibbonAutoConfiguration.RibbonClientSpecification'
2020-03-09 20:45:30.082 [main] DEBUG o.s.b.f.s.DefaultListableBeanFactory - Creating shared instance of singleton bean 'default.org.springframework.cloud.netflix.ribbon.eureka.RibbonEurekaAutoConfiguration.RibbonClientSpecification'
2020-03-09 20:45:30.082 [main] DEBUG o.s.b.f.s.DefaultListableBeanFactory - Creating instance of bean 'default.org.springframework.cloud.netflix.ribbon.eureka.RibbonEurekaAutoConfiguration.RibbonClientSpecification'
2020-03-09 20:45:30.082 [main] DEBUG o.s.b.f.s.DefaultListableBeanFactory - Returning cached instance of singleton bean 'org.springframework.transaction.config.internalTransactionAdvisor'
2020-03-09 20:45:30.083 [main] DEBUG o.s.b.f.s.DefaultListableBeanFactory - Eagerly caching bean 'default.org.springframework.cloud.netflix.ribbon.eureka.RibbonEurekaAutoConfiguration.RibbonClientSpecification' to allow for resolving potential circular references
2020-03-09 20:45:30.083 [main] DEBUG o.s.b.f.s.DefaultListableBeanFactory - Returning cached instance of singleton bean 'org.springframework.transaction.config.internalTransactionAdvisor'
2020-03-09 20:45:30.083 [main] DEBUG o.s.b.f.s.DefaultListableBeanFactory - Returning cached instance of singleton bean 'org.springframework.transaction.config.internalTransactionAdvisor'
2020-03-09 20:45:30.083 [main] DEBUG o.s.b.f.s.DefaultListableBeanFactory - Finished creating instance of bean 'default.org.springframework.cloud.netflix.ribbon.eureka.RibbonEurekaAutoConfiguration.RibbonClientSpecification'
2020-03-09 20:45:30.084 [main] DEBUG o.s.b.f.a.AutowiredAnnotationBeanPostProcessor - Autowiring by type from bean name 'org.springframework.cloud.netflix.ribbon.RibbonAutoConfiguration' to bean named 'default.org.springframework.cloud.netflix.ribbon.RibbonAutoConfiguration.RibbonClientSpecification'
2020-03-09 20:45:30.084 [main] DEBUG o.s.b.f.a.AutowiredAnnotationBeanPostProcessor - Autowiring by type from bean name 'org.springframework.cloud.netflix.ribbon.RibbonAutoConfiguration' to bean named 'default.org.springframework.cloud.netflix.ribbon.eureka.RibbonEurekaAutoConfiguration.RibbonClientSpecification'
2020-03-09 20:45:30.084 [main] DEBUG o.s.b.f.annotation.InjectionMetadata - Processing injected element of bean 'org.springframework.cloud.netflix.ribbon.RibbonAutoConfiguration': AutowiredFieldElement for private org.springframework.cloud.netflix.ribbon.RibbonEagerLoadProperties org.springframework.cloud.netflix.ribbon.RibbonAutoConfiguration.ribbonEagerLoadProperties
2020-03-09 20:45:30.084 [main] DEBUG o.s.core.annotation.AnnotationUtils - Failed to meta-introspect annotation interface org.springframework.beans.factory.annotation.Autowired: java.lang.NullPointerException
2020-03-09 20:45:30.086 [main] DEBUG o.s.b.f.s.DefaultListableBeanFactory - Creating shared instance of singleton bean 'ribbon.eager-load-org.springframework.cloud.netflix.ribbon.RibbonEagerLoadProperties'
2020-03-09 20:45:30.086 [main] DEBUG o.s.b.f.s.DefaultListableBeanFactory - Creating instance of bean 'ribbon.eager-load-org.springframework.cloud.netflix.ribbon.RibbonEagerLoadProperties'
2020-03-09 20:45:30.086 [main] DEBUG o.s.b.f.s.DefaultListableBeanFactory - Returning cached instance of singleton bean 'org.springframework.transaction.config.internalTransactionAdvisor'
2020-03-09 20:45:30.086 [main] DEBUG o.s.b.f.s.DefaultListableBeanFactory - Eagerly caching bean 'ribbon.eager-load-org.springframework.cloud.netflix.ribbon.RibbonEagerLoadProperties' to allow for resolving potential circular references
2020-03-09 20:45:30.088 [main] DEBUG o.s.b.f.s.DefaultListableBeanFactory - Returning cached instance of singleton bean 'org.springframework.transaction.config.internalTransactionAdvisor'
2020-03-09 20:45:30.089 [main] DEBUG o.s.b.f.s.DefaultListableBeanFactory - Returning cached instance of singleton bean 'org.springframework.transaction.config.internalTransactionAdvisor'
2020-03-09 20:45:30.089 [main] DEBUG o.s.b.f.s.DefaultListableBeanFactory - Finished creating instance of bean 'ribbon.eager-load-org.springframework.cloud.netflix.ribbon.RibbonEagerLoadProperties'
2020-03-09 20:45:30.089 [main] DEBUG o.s.b.f.a.AutowiredAnnotationBeanPostProcessor - Autowiring by type from bean name 'org.springframework.cloud.netflix.ribbon.RibbonAutoConfiguration' to bean named 'ribbon.eager-load-org.springframework.cloud.netflix.ribbon.RibbonEagerLoadProperties'
2020-03-09 20:45:30.089 [main] DEBUG o.s.b.f.s.DefaultListableBeanFactory - Returning cached instance of singleton bean 'org.springframework.transaction.config.internalTransactionAdvisor'
2020-03-09 20:45:30.089 [main] DEBUG o.s.b.f.s.DefaultListableBeanFactory - Returning cached instance of singleton bean 'org.springframework.transaction.config.internalTransactionAdvisor'
2020-03-09 20:45:30.090 [main] DEBUG o.s.b.f.s.DefaultListableBeanFactory - Finished creating instance of bean 'org.springframework.cloud.netflix.ribbon.RibbonAutoConfiguration'
2020-03-09 20:45:30.100 [main] DEBUG o.s.b.f.s.DefaultListableBeanFactory - Eagerly caching bean 'springClientFactory' to allow for resolving potential circular references
2020-03-09 20:45:30.104 [main] DEBUG o.s.b.f.s.DefaultListableBeanFactory - Returning cached instance of singleton bean 'org.springframework.transaction.config.internalTransactionAdvisor'
2020-03-09 20:45:30.105 [main] DEBUG o.s.b.f.s.DefaultListableBeanFactory - Returning cached instance of singleton bean 'org.springframework.transaction.config.internalTransactionAdvisor'
2020-03-09 20:45:30.105 [main] DEBUG o.s.b.f.s.DefaultListableBeanFactory - Finished creating instance of bean 'springClientFactory'
2020-03-09 20:45:30.105 [main] DEBUG o.s.b.f.s.DefaultListableBeanFactory - Autowiring by type from bean name 'cachingLBClientFactory' via factory method to bean named 'springClientFactory'
2020-03-09 20:45:30.108 [main] DEBUG o.s.b.f.s.DefaultListableBeanFactory - Eagerly caching bean 'cachingLBClientFactory' to allow for resolving potential circular references
2020-03-09 20:45:30.110 [main] DEBUG o.s.b.f.s.DefaultListableBeanFactory - Returning cached instance of singleton bean 'org.springframework.transaction.config.internalTransactionAdvisor'
2020-03-09 20:45:30.110 [main] DEBUG o.s.b.f.s.DefaultListableBeanFactory - Returning cached instance of singleton bean 'org.springframework.transaction.config.internalTransactionAdvisor'
2020-03-09 20:45:30.111 [main] DEBUG o.s.b.f.s.DefaultListableBeanFactory - Finished creating instance of bean 'cachingLBClientFactory'
2020-03-09 20:45:30.111 [main] DEBUG o.s.b.f.s.DefaultListableBeanFactory - Returning cached instance of singleton bean 'springClientFactory'
2020-03-09 20:45:30.111 [main] DEBUG o.s.b.f.s.DefaultListableBeanFactory - Autowiring by type from bean name 'feignClient' via factory method to bean named 'cachingLBClientFactory'
2020-03-09 20:45:30.111 [main] DEBUG o.s.b.f.s.DefaultListableBeanFactory - Autowiring by type from bean name 'feignClient' via factory method to bean named 'springClientFactory'
2020-03-09 20:45:30.118 [main] DEBUG o.s.b.f.s.DefaultListableBeanFactory - Eagerly caching bean 'feignClient' to allow for resolving potential circular references
2020-03-09 20:45:30.121 [main] DEBUG o.s.b.f.s.DefaultListableBeanFactory - Returning cached instance of singleton bean 'org.springframework.transaction.config.internalTransactionAdvisor'
2020-03-09 20:45:30.121 [main] DEBUG o.s.b.f.s.DefaultListableBeanFactory - Returning cached instance of singleton bean 'org.springframework.transaction.config.internalTransactionAdvisor'
2020-03-09 20:45:30.121 [main] DEBUG o.s.b.f.s.DefaultListableBeanFactory - Finished creating instance of bean 'feignClient'
2020-03-09 20:45:30.123 [main] DEBUG o.s.b.f.s.DefaultListableBeanFactory - Creating shared instance of singleton bean 'feignTargeter'
2020-03-09 20:45:30.123 [main] DEBUG o.s.b.f.s.DefaultListableBeanFactory - Creating instance of bean 'feignTargeter'
2020-03-09 20:45:30.123 [main] DEBUG o.s.b.f.s.DefaultListableBeanFactory - Returning cached instance of singleton bean 'org.springframework.transaction.config.internalTransactionAdvisor'
2020-03-09 20:45:30.123 [main] DEBUG o.s.b.f.s.DefaultListableBeanFactory - Creating shared instance of singleton bean 'org.springframework.cloud.openfeign.FeignAutoConfiguration$HystrixFeignTargeterConfiguration'
2020-03-09 20:45:30.123 [main] DEBUG o.s.b.f.s.DefaultListableBeanFactory - Creating instance of bean 'org.springframework.cloud.openfeign.FeignAutoConfiguration$HystrixFeignTargeterConfiguration'
2020-03-09 20:45:30.123 [main] DEBUG o.s.b.f.s.DefaultListableBeanFactory - Returning cached instance of singleton bean 'org.springframework.transaction.config.internalTransactionAdvisor'
2020-03-09 20:45:30.124 [main] DEBUG o.s.b.f.s.DefaultListableBeanFactory - Eagerly caching bean 'org.springframework.cloud.openfeign.FeignAutoConfiguration$HystrixFeignTargeterConfiguration' to allow for resolving potential circular references
2020-03-09 20:45:30.127 [main] DEBUG o.s.b.f.s.DefaultListableBeanFactory - Returning cached instance of singleton bean 'org.springframework.transaction.config.internalTransactionAdvisor'
2020-03-09 20:45:30.128 [main] DEBUG o.s.b.f.s.DefaultListableBeanFactory - Returning cached instance of singleton bean 'org.springframework.transaction.config.internalTransactionAdvisor'
2020-03-09 20:45:30.128 [main] DEBUG o.s.b.f.s.DefaultListableBeanFactory - Finished creating instance of bean 'org.springframework.cloud.openfeign.FeignAutoConfiguration$HystrixFeignTargeterConfiguration'
2020-03-09 20:45:30.130 [main] DEBUG o.s.b.f.s.DefaultListableBeanFactory - Eagerly caching bean 'feignTargeter' to allow for resolving potential circular references
2020-03-09 20:45:30.134 [main] DEBUG o.s.b.f.s.DefaultListableBeanFactory - Returning cached instance of singleton bean 'org.springframework.transaction.config.internalTransactionAdvisor'
2020-03-09 20:45:30.134 [main] DEBUG o.s.b.f.s.DefaultListableBeanFactory - Returning cached instance of singleton bean 'org.springframework.transaction.config.internalTransactionAdvisor'
2020-03-09 20:45:30.135 [main] DEBUG o.s.b.f.s.DefaultListableBeanFactory - Finished creating instance of bean 'feignTargeter'
2020-03-09 20:45:30.158 [main] DEBUG o.s.b.f.s.DefaultListableBeanFactory - Returning cached instance of singleton bean 'org.springframework.transaction.config.internalTransactionAdvisor'
2020-03-09 20:45:30.159 [main] DEBUG o.s.b.f.s.DefaultListableBeanFactory - Returning cached instance of singleton bean 'org.springframework.transaction.config.internalTransactionAdvisor'
2020-03-09 20:45:30.160 [main] DEBUG o.s.b.f.a.AutowiredAnnotationBeanPostProcessor - Autowiring by type from bean name 'courseService' to bean named 'com.ningmeng.manage_course.client.CmsPageClient'
2020-03-09 20:45:30.160 [main] DEBUG o.s.b.f.annotation.InjectionMetadata - Processing injected element of bean 'courseService': AutowiredFieldElement for com.ningmeng.manage_course.dao.TeachplanMediaRepository com.ningmeng.manage_course.service.CourseService.teachplanMediaRepository
2020-03-09 20:45:30.160 [main] DEBUG o.s.core.annotation.AnnotationUtils - Failed to meta-introspect annotation interface org.springframework.beans.factory.annotation.Autowired: java.lang.NullPointerException
2020-03-09 20:45:30.162 [main] DEBUG o.s.b.f.s.DefaultListableBeanFactory - Creating shared instance of singleton bean 'teachplanMediaRepository'
2020-03-09 20:45:30.163 [main] DEBUG o.s.b.f.s.DefaultListableBeanFactory - Creating instance of bean 'teachplanMediaRepository'
2020-03-09 20:45:30.163 [main] DEBUG o.s.b.f.s.DefaultListableBeanFactory - Returning cached instance of singleton bean 'org.springframework.transaction.config.internalTransactionAdvisor'
2020-03-09 20:45:30.175 [main] DEBUG o.s.b.f.annotation.InjectionMetadata - Registered injected element on class [org.springframework.data.jpa.repository.support.JpaRepositoryFactoryBean]: PersistenceElement for public void org.springframework.data.jpa.repository.support.JpaRepositoryFactoryBean.setEntityManager(javax.persistence.EntityManager)
2020-03-09 20:45:30.176 [main] DEBUG o.s.b.f.s.DefaultListableBeanFactory - Eagerly caching bean 'teachplanMediaRepository' to allow for resolving potential circular references
2020-03-09 20:45:30.176 [main] DEBUG o.s.b.f.annotation.InjectionMetadata - Processing injected element of bean 'teachplanMediaRepository': PersistenceElement for public void org.springframework.data.jpa.repository.support.JpaRepositoryFactoryBean.setEntityManager(javax.persistence.EntityManager)
2020-03-09 20:45:30.176 [main] DEBUG o.s.b.f.s.DefaultListableBeanFactory - Creating instance of bean '(inner bean)#93fb44'
2020-03-09 20:45:30.177 [main] DEBUG o.s.b.f.s.DefaultListableBeanFactory - Returning cached instance of singleton bean 'org.springframework.transaction.config.internalTransactionAdvisor'
2020-03-09 20:45:30.177 [main] DEBUG o.s.b.f.s.DefaultListableBeanFactory - Creating instance of bean '(inner bean)#321c2a7'
2020-03-09 20:45:30.177 [main] DEBUG o.s.b.f.s.DefaultListableBeanFactory - Returning cached instance of singleton bean 'org.springframework.transaction.config.internalTransactionAdvisor'
2020-03-09 20:45:30.184 [main] DEBUG o.s.c.i.s.PathMatchingResourcePatternResolver - Resolved classpath location [META-INF/jpa-named-queries.properties] to resources []
2020-03-09 20:45:30.185 [main] DEBUG o.s.b.f.s.DefaultListableBeanFactory - Invoking afterPropertiesSet() on bean with name '(inner bean)#321c2a7'
2020-03-09 20:45:30.185 [main] DEBUG o.s.b.f.s.DefaultListableBeanFactory - Returning cached instance of singleton bean 'org.springframework.transaction.config.internalTransactionAdvisor'
2020-03-09 20:45:30.185 [main] DEBUG o.s.b.f.s.DefaultListableBeanFactory - Returning cached instance of singleton bean 'org.springframework.transaction.config.internalTransactionAdvisor'
2020-03-09 20:45:30.185 [main] DEBUG o.s.b.f.s.DefaultListableBeanFactory - Finished creating instance of bean '(inner bean)#321c2a7'
2020-03-09 20:45:30.185 [main] DEBUG o.s.b.f.s.DefaultListableBeanFactory - Returning cached instance of singleton bean 'org.springframework.transaction.config.internalTransactionAdvisor'
2020-03-09 20:45:30.185 [main] DEBUG o.s.b.f.s.DefaultListableBeanFactory - Returning cached instance of singleton bean 'org.springframework.transaction.config.internalTransactionAdvisor'
2020-03-09 20:45:30.185 [main] DEBUG o.s.b.f.s.DefaultListableBeanFactory - Returning cached instance of singleton bean 'org.springframework.transaction.config.internalTransactionAdvisor'
2020-03-09 20:45:30.186 [main] DEBUG o.s.b.f.s.DefaultListableBeanFactory - Returning cached instance of singleton bean 'org.springframework.transaction.config.internalTransactionAdvisor'
2020-03-09 20:45:30.186 [main] DEBUG o.s.b.f.s.DefaultListableBeanFactory - Finished creating instance of bean '(inner bean)#93fb44'
2020-03-09 20:45:30.186 [main] DEBUG o.s.b.f.s.DefaultListableBeanFactory - Creating instance of bean '(inner bean)#1bea7b0'
2020-03-09 20:45:30.186 [main] DEBUG o.s.b.f.s.DefaultListableBeanFactory - Returning cached instance of singleton bean 'org.springframework.transaction.config.internalTransactionAdvisor'
2020-03-09 20:45:30.186 [main] DEBUG o.s.b.f.s.DefaultListableBeanFactory - Invoking afterPropertiesSet() on bean with name '(inner bean)#1bea7b0'
2020-03-09 20:45:30.186 [main] DEBUG o.s.b.f.s.DefaultListableBeanFactory - Returning cached instance of singleton bean 'org.springframework.transaction.config.internalTransactionAdvisor'
2020-03-09 20:45:30.186 [main] DEBUG o.s.b.f.s.DefaultListableBeanFactory - Returning cached instance of singleton bean 'org.springframework.transaction.config.internalTransactionAdvisor'
2020-03-09 20:45:30.186 [main] DEBUG o.s.b.f.s.DefaultListableBeanFactory - Finished creating instance of bean '(inner bean)#1bea7b0'
2020-03-09 20:45:30.187 [main] DEBUG o.s.b.f.s.DefaultListableBeanFactory - Returning cached instance of singleton bean 'org.springframework.transaction.config.internalTransactionAdvisor'
2020-03-09 20:45:30.187 [main] DEBUG o.s.b.f.s.DefaultListableBeanFactory - Returning cached instance of singleton bean 'org.springframework.transaction.config.internalTransactionAdvisor'
2020-03-09 20:45:30.187 [main] DEBUG o.s.b.f.s.DefaultListableBeanFactory - Creating instance of bean '(inner bean)#1ab9c735'
2020-03-09 20:45:30.187 [main] DEBUG o.s.b.f.s.DefaultListableBeanFactory - Returning cached instance of singleton bean 'org.springframework.transaction.config.internalTransactionAdvisor'
2020-03-09 20:45:30.187 [main] DEBUG o.s.b.f.s.DefaultListableBeanFactory - Returning cached instance of singleton bean 'org.springframework.transaction.config.internalTransactionAdvisor'
2020-03-09 20:45:30.187 [main] DEBUG o.s.b.f.s.DefaultListableBeanFactory - Returning cached instance of singleton bean 'org.springframework.transaction.config.internalTransactionAdvisor'
2020-03-09 20:45:30.187 [main] DEBUG o.s.b.f.s.DefaultListableBeanFactory - Finished creating instance of bean '(inner bean)#1ab9c735'
2020-03-09 20:45:30.187 [main] DEBUG o.s.b.f.s.DefaultListableBeanFactory - Creating instance of bean '(inner bean)#464a3430'
2020-03-09 20:45:30.188 [main] DEBUG o.s.b.f.s.DefaultListableBeanFactory - Returning cached instance of singleton bean 'org.springframework.transaction.config.internalTransactionAdvisor'
2020-03-09 20:45:30.188 [main] DEBUG o.s.b.f.s.DefaultListableBeanFactory - Returning cached instance of singleton bean 'entityManagerFactory'
2020-03-09 20:45:30.189 [main] DEBUG o.s.b.f.s.DefaultListableBeanFactory - Returning cached instance of singleton bean 'org.springframework.transaction.config.internalTransactionAdvisor'
2020-03-09 20:45:30.189 [main] DEBUG o.s.b.f.s.DefaultListableBeanFactory - Returning cached instance of singleton bean 'org.springframework.transaction.config.internalTransactionAdvisor'
2020-03-09 20:45:30.189 [main] DEBUG o.s.b.f.s.DefaultListableBeanFactory - Finished creating instance of bean '(inner bean)#464a3430'
2020-03-09 20:45:30.189 [main] DEBUG o.s.b.f.s.DefaultListableBeanFactory - Returning cached instance of singleton bean 'jpaMappingContext'
2020-03-09 20:45:30.189 [main] DEBUG o.s.b.f.s.DefaultListableBeanFactory - Invoking afterPropertiesSet() on bean with name 'teachplanMediaRepository'
2020-03-09 20:45:30.189 [main] DEBUG o.s.o.j.SharedEntityManagerCreator$SharedEntityManagerInvocationHandler - Creating new EntityManager for shared EntityManager invocation
2020-03-09 20:45:30.189 [main] DEBUG o.s.o.jpa.EntityManagerFactoryUtils - Closing JPA EntityManager
2020-03-09 20:45:30.190 [main] DEBUG o.s.o.j.SharedEntityManagerCreator$SharedEntityManagerInvocationHandler - Creating new EntityManager for shared EntityManager invocation
2020-03-09 20:45:30.191 [main] DEBUG o.s.o.jpa.EntityManagerFactoryUtils - Closing JPA EntityManager
2020-03-09 20:45:30.191 [main] DEBUG o.s.aop.framework.JdkDynamicAopProxy - Creating JDK dynamic proxy: target source is org.springframework.data.jpa.repository.support.CrudMethodMetadataPostProcessor$ThreadBoundTargetSource@72ceafeb
2020-03-09 20:45:30.191 [main] DEBUG o.s.o.j.SharedEntityManagerCreator$SharedEntityManagerInvocationHandler - Creating new EntityManager for shared EntityManager invocation
2020-03-09 20:45:30.191 [main] DEBUG o.s.o.jpa.EntityManagerFactoryUtils - Closing JPA EntityManager
2020-03-09 20:45:30.192 [main] DEBUG o.s.d.j.r.query.JpaQueryFactory - Looking up query for method findByCourseId
2020-03-09 20:45:30.193 [main] DEBUG o.s.d.j.repository.query.NamedQuery - Looking up named query TeachplanMedia.findByCourseId
2020-03-09 20:45:30.193 [main] DEBUG o.s.d.j.repository.query.NamedQuery - Did not find named query TeachplanMedia.findByCourseId
2020-03-09 20:45:30.193 [main] DEBUG o.s.o.j.SharedEntityManagerCreator$SharedEntityManagerInvocationHandler - Creating new EntityManager for shared EntityManager invocation
2020-03-09 20:45:30.193 [main] DEBUG o.s.o.jpa.EntityManagerFactoryUtils - Closing JPA EntityManager
2020-03-09 20:45:30.194 [main] DEBUG o.s.aop.framework.JdkDynamicAopProxy - Creating JDK dynamic proxy: target source is SingletonTargetSource for target object [org.springframework.data.jpa.repository.support.SimpleJpaRepository@11e24688]
2020-03-09 20:45:30.197 [main] DEBUG o.s.b.f.s.DefaultListableBeanFactory - Returning cached instance of singleton bean 'org.springframework.transaction.config.internalTransactionAdvisor'
2020-03-09 20:45:30.197 [main] DEBUG o.s.b.f.s.DefaultListableBeanFactory - Returning cached instance of singleton bean 'org.springframework.transaction.config.internalTransactionAdvisor'
2020-03-09 20:45:30.198 [main] DEBUG o.s.b.f.s.DefaultListableBeanFactory - Finished creating instance of bean 'teachplanMediaRepository'
2020-03-09 20:45:30.199 [main] DEBUG o.s.b.f.s.DefaultListableBeanFactory - Returning cached instance of singleton bean 'org.springframework.transaction.config.internalTransactionAdvisor'
2020-03-09 20:45:30.199 [main] DEBUG o.s.b.f.s.DefaultListableBeanFactory - Returning cached instance of singleton bean 'org.springframework.transaction.config.internalTransactionAdvisor'
2020-03-09 20:45:30.199 [main] DEBUG o.s.b.f.a.AutowiredAnnotationBeanPostProcessor - Autowiring by type from bean name 'courseService' to bean named 'teachplanMediaRepository'
2020-03-09 20:45:30.200 [main] DEBUG o.s.b.f.annotation.InjectionMetadata - Processing injected element of bean 'courseService': AutowiredFieldElement for com.ningmeng.manage_course.dao.TeachplanMediaPubRepository com.ningmeng.manage_course.service.CourseService.teachplanMediaPubRepository
2020-03-09 20:45:30.200 [main] DEBUG o.s.core.annotation.AnnotationUtils - Failed to meta-introspect annotation interface org.springframework.beans.factory.annotation.Autowired: java.lang.NullPointerException
2020-03-09 20:45:30.201 [main] DEBUG o.s.b.f.s.DefaultListableBeanFactory - Creating shared instance of singleton bean 'teachplanMediaPubRepository'
2020-03-09 20:45:30.201 [main] DEBUG o.s.b.f.s.DefaultListableBeanFactory - Creating instance of bean 'teachplanMediaPubRepository'
2020-03-09 20:45:30.201 [main] DEBUG o.s.b.f.s.DefaultListableBeanFactory - Returning cached instance of singleton bean 'org.springframework.transaction.config.internalTransactionAdvisor'
2020-03-09 20:45:30.202 [main] DEBUG o.s.b.f.annotation.InjectionMetadata - Registered injected element on class [org.springframework.data.jpa.repository.support.JpaRepositoryFactoryBean]: PersistenceElement for public void org.springframework.data.jpa.repository.support.JpaRepositoryFactoryBean.setEntityManager(javax.persistence.EntityManager)
2020-03-09 20:45:30.202 [main] DEBUG o.s.b.f.s.DefaultListableBeanFactory - Eagerly caching bean 'teachplanMediaPubRepository' to allow for resolving potential circular references
2020-03-09 20:45:30.202 [main] DEBUG o.s.b.f.annotation.InjectionMetadata - Processing injected element of bean 'teachplanMediaPubRepository': PersistenceElement for public void org.springframework.data.jpa.repository.support.JpaRepositoryFactoryBean.setEntityManager(javax.persistence.EntityManager)
2020-03-09 20:45:30.202 [main] DEBUG o.s.b.f.s.DefaultListableBeanFactory - Creating instance of bean '(inner bean)#3684d2c0'
2020-03-09 20:45:30.202 [main] DEBUG o.s.b.f.s.DefaultListableBeanFactory - Returning cached instance of singleton bean 'org.springframework.transaction.config.internalTransactionAdvisor'
2020-03-09 20:45:30.202 [main] DEBUG o.s.b.f.s.DefaultListableBeanFactory - Creating instance of bean '(inner bean)#4be460e5'
2020-03-09 20:45:30.203 [main] DEBUG o.s.b.f.s.DefaultListableBeanFactory - Returning cached instance of singleton bean 'org.springframework.transaction.config.internalTransactionAdvisor'
2020-03-09 20:45:30.203 [main] DEBUG o.s.c.i.s.PathMatchingResourcePatternResolver - Resolved classpath location [META-INF/jpa-named-queries.properties] to resources []
2020-03-09 20:45:30.203 [main] DEBUG o.s.b.f.s.DefaultListableBeanFactory - Invoking afterPropertiesSet() on bean with name '(inner bean)#4be460e5'
2020-03-09 20:45:30.204 [main] DEBUG o.s.b.f.s.DefaultListableBeanFactory - Returning cached instance of singleton bean 'org.springframework.transaction.config.internalTransactionAdvisor'
2020-03-09 20:45:30.204 [main] DEBUG o.s.b.f.s.DefaultListableBeanFactory - Returning cached instance of singleton bean 'org.springframework.transaction.config.internalTransactionAdvisor'
2020-03-09 20:45:30.204 [main] DEBUG o.s.b.f.s.DefaultListableBeanFactory - Finished creating instance of bean '(inner bean)#4be460e5'
2020-03-09 20:45:30.204 [main] DEBUG o.s.b.f.s.DefaultListableBeanFactory - Returning cached instance of singleton bean 'org.springframework.transaction.config.internalTransactionAdvisor'
2020-03-09 20:45:30.204 [main] DEBUG o.s.b.f.s.DefaultListableBeanFactory - Returning cached instance of singleton bean 'org.springframework.transaction.config.internalTransactionAdvisor'
2020-03-09 20:45:30.204 [main] DEBUG o.s.b.f.s.DefaultListableBeanFactory - Returning cached instance of singleton bean 'org.springframework.transaction.config.internalTransactionAdvisor'
2020-03-09 20:45:30.204 [main] DEBUG o.s.b.f.s.DefaultListableBeanFactory - Returning cached instance of singleton bean 'org.springframework.transaction.config.internalTransactionAdvisor'
2020-03-09 20:45:30.204 [main] DEBUG o.s.b.f.s.DefaultListableBeanFactory - Finished creating instance of bean '(inner bean)#3684d2c0'
2020-03-09 20:45:30.204 [main] DEBUG o.s.b.f.s.DefaultListableBeanFactory - Creating instance of bean '(inner bean)#c2e33'
2020-03-09 20:45:30.204 [main] DEBUG o.s.b.f.s.DefaultListableBeanFactory - Returning cached instance of singleton bean 'org.springframework.transaction.config.internalTransactionAdvisor'
2020-03-09 20:45:30.205 [main] DEBUG o.s.b.f.s.DefaultListableBeanFactory - Invoking afterPropertiesSet() on bean with name '(inner bean)#c2e33'
2020-03-09 20:45:30.205 [main] DEBUG o.s.b.f.s.DefaultListableBeanFactory - Returning cached instance of singleton bean 'org.springframework.transaction.config.internalTransactionAdvisor'
2020-03-09 20:45:30.205 [main] DEBUG o.s.b.f.s.DefaultListableBeanFactory - Returning cached instance of singleton bean 'org.springframework.transaction.config.internalTransactionAdvisor'
2020-03-09 20:45:30.205 [main] DEBUG o.s.b.f.s.DefaultListableBeanFactory - Finished creating instance of bean '(inner bean)#c2e33'
2020-03-09 20:45:30.205 [main] DEBUG o.s.b.f.s.DefaultListableBeanFactory - Returning cached instance of singleton bean 'org.springframework.transaction.config.internalTransactionAdvisor'
2020-03-09 20:45:30.205 [main] DEBUG o.s.b.f.s.DefaultListableBeanFactory - Returning cached instance of singleton bean 'org.springframework.transaction.config.internalTransactionAdvisor'
2020-03-09 20:45:30.205 [main] DEBUG o.s.b.f.s.DefaultListableBeanFactory - Creating instance of bean '(inner bean)#37e491e2'
2020-03-09 20:45:30.205 [main] DEBUG o.s.b.f.s.DefaultListableBeanFactory - Returning cached instance of singleton bean 'org.springframework.transaction.config.internalTransactionAdvisor'
2020-03-09 20:45:30.205 [main] DEBUG o.s.b.f.s.DefaultListableBeanFactory - Returning cached instance of singleton bean 'org.springframework.transaction.config.internalTransactionAdvisor'
2020-03-09 20:45:30.205 [main] DEBUG o.s.b.f.s.DefaultListableBeanFactory - Returning cached instance of singleton bean 'org.springframework.transaction.config.internalTransactionAdvisor'
2020-03-09 20:45:30.206 [main] DEBUG o.s.b.f.s.DefaultListableBeanFactory - Finished creating instance of bean '(inner bean)#37e491e2'
2020-03-09 20:45:30.206 [main] DEBUG o.s.b.f.s.DefaultListableBeanFactory - Creating instance of bean '(inner bean)#26679788'
2020-03-09 20:45:30.206 [main] DEBUG o.s.b.f.s.DefaultListableBeanFactory - Returning cached instance of singleton bean 'org.springframework.transaction.config.internalTransactionAdvisor'
2020-03-09 20:45:30.206 [main] DEBUG o.s.b.f.s.DefaultListableBeanFactory - Returning cached instance of singleton bean 'entityManagerFactory'
2020-03-09 20:45:30.207 [main] DEBUG o.s.b.f.s.DefaultListableBeanFactory - Returning cached instance of singleton bean 'org.springframework.transaction.config.internalTransactionAdvisor'
2020-03-09 20:45:30.207 [main] DEBUG o.s.b.f.s.DefaultListableBeanFactory - Returning cached instance of singleton bean 'org.springframework.transaction.config.internalTransactionAdvisor'
2020-03-09 20:45:30.207 [main] DEBUG o.s.b.f.s.DefaultListableBeanFactory - Finished creating instance of bean '(inner bean)#26679788'
2020-03-09 20:45:30.207 [main] DEBUG o.s.b.f.s.DefaultListableBeanFactory - Returning cached instance of singleton bean 'jpaMappingContext'
2020-03-09 20:45:30.207 [main] DEBUG o.s.b.f.s.DefaultListableBeanFactory - Invoking afterPropertiesSet() on bean with name 'teachplanMediaPubRepository'
2020-03-09 20:45:30.207 [main] DEBUG o.s.o.j.SharedEntityManagerCreator$SharedEntityManagerInvocationHandler - Creating new EntityManager for shared EntityManager invocation
2020-03-09 20:45:30.207 [main] DEBUG o.s.o.jpa.EntityManagerFactoryUtils - Closing JPA EntityManager
2020-03-09 20:45:30.209 [main] DEBUG o.s.o.j.SharedEntityManagerCreator$SharedEntityManagerInvocationHandler - Creating new EntityManager for shared EntityManager invocation
2020-03-09 20:45:30.209 [main] DEBUG o.s.o.jpa.EntityManagerFactoryUtils - Closing JPA EntityManager
2020-03-09 20:45:30.209 [main] DEBUG o.s.aop.framework.JdkDynamicAopProxy - Creating JDK dynamic proxy: target source is org.springframework.data.jpa.repository.support.CrudMethodMetadataPostProcessor$ThreadBoundTargetSource@5bad555b
2020-03-09 20:45:30.210 [main] DEBUG o.s.o.j.SharedEntityManagerCreator$SharedEntityManagerInvocationHandler - Creating new EntityManager for shared EntityManager invocation
2020-03-09 20:45:30.210 [main] DEBUG o.s.o.jpa.EntityManagerFactoryUtils - Closing JPA EntityManager
2020-03-09 20:45:30.212 [main] DEBUG o.s.d.j.r.query.JpaQueryFactory - Looking up query for method deleteByCourseId
2020-03-09 20:45:30.212 [main] DEBUG o.s.d.j.repository.query.NamedQuery - Looking up named query TeachplanMediaPub.deleteByCourseId
2020-03-09 20:45:30.213 [main] DEBUG o.s.d.j.repository.query.NamedQuery - Did not find named query TeachplanMediaPub.deleteByCourseId
2020-03-09 20:45:30.213 [main] DEBUG o.s.o.j.SharedEntityManagerCreator$SharedEntityManagerInvocationHandler - Creating new EntityManager for shared EntityManager invocation
2020-03-09 20:45:30.214 [main] DEBUG o.s.o.jpa.EntityManagerFactoryUtils - Closing JPA EntityManager
2020-03-09 20:45:30.216 [main] DEBUG o.s.aop.framework.JdkDynamicAopProxy - Creating JDK dynamic proxy: target source is SingletonTargetSource for target object [org.springframework.data.jpa.repository.support.SimpleJpaRepository@7252bdb]
2020-03-09 20:45:30.220 [main] DEBUG o.s.b.f.s.DefaultListableBeanFactory - Returning cached instance of singleton bean 'org.springframework.transaction.config.internalTransactionAdvisor'
2020-03-09 20:45:30.220 [main] DEBUG o.s.b.f.s.DefaultListableBeanFactory - Returning cached instance of singleton bean 'org.springframework.transaction.config.internalTransactionAdvisor'
2020-03-09 20:45:30.221 [main] DEBUG o.s.b.f.s.DefaultListableBeanFactory - Finished creating instance of bean 'teachplanMediaPubRepository'
2020-03-09 20:45:30.221 [main] DEBUG o.s.b.f.s.DefaultListableBeanFactory - Returning cached instance of singleton bean 'org.springframework.transaction.config.internalTransactionAdvisor'
2020-03-09 20:45:30.221 [main] DEBUG o.s.b.f.s.DefaultListableBeanFactory - Returning cached instance of singleton bean 'org.springframework.transaction.config.internalTransactionAdvisor'
2020-03-09 20:45:30.221 [main] DEBUG o.s.b.f.a.AutowiredAnnotationBeanPostProcessor - Autowiring by type from bean name 'courseService' to bean named 'teachplanMediaPubRepository'
2020-03-09 20:45:30.221 [main] DEBUG o.s.b.f.annotation.InjectionMetadata - Processing injected element of bean 'courseService': AutowiredFieldElement for private java.lang.String com.ningmeng.manage_course.service.CourseService.publish_dataUrlPre
2020-03-09 20:45:30.222 [main] DEBUG o.s.core.annotation.AnnotationUtils - Failed to meta-introspect annotation interface org.springframework.beans.factory.annotation.Value: java.lang.NullPointerException
2020-03-09 20:45:30.222 [main] DEBUG o.s.c.e.PropertySourcesPropertyResolver - Found key 'course-publish.dataUrlPre' in PropertySource 'applicationConfig: [classpath:/application.yml]' with value of type String
2020-03-09 20:45:30.222 [main] DEBUG o.s.c.e.PropertySourcesPropertyResolver - Found key 'course-publish.dataUrlPre' in PropertySource 'environmentProperties' with value of type String
2020-03-09 20:45:30.222 [main] DEBUG o.s.b.f.annotation.InjectionMetadata - Processing injected element of bean 'courseService': AutowiredFieldElement for private java.lang.String com.ningmeng.manage_course.service.CourseService.publish_page_physicalpath
2020-03-09 20:45:30.222 [main] DEBUG o.s.core.annotation.AnnotationUtils - Failed to meta-introspect annotation interface org.springframework.beans.factory.annotation.Value: java.lang.NullPointerException
2020-03-09 20:45:30.222 [main] DEBUG o.s.c.e.PropertySourcesPropertyResolver - Found key 'course-publish.pagePhysicalPath' in PropertySource 'applicationConfig: [classpath:/application.yml]' with value of type String
2020-03-09 20:45:30.222 [main] DEBUG o.s.c.e.PropertySourcesPropertyResolver - Found key 'course-publish.pagePhysicalPath' in PropertySource 'environmentProperties' with value of type String
2020-03-09 20:45:30.223 [main] DEBUG o.s.b.f.annotation.InjectionMetadata - Processing injected element of bean 'courseService': AutowiredFieldElement for private java.lang.String com.ningmeng.manage_course.service.CourseService.publish_page_webpath
2020-03-09 20:45:30.223 [main] DEBUG o.s.core.annotation.AnnotationUtils - Failed to meta-introspect annotation interface org.springframework.beans.factory.annotation.Value: java.lang.NullPointerException
2020-03-09 20:45:30.223 [main] DEBUG o.s.c.e.PropertySourcesPropertyResolver - Found key 'course-publish.pageWebPath' in PropertySource 'applicationConfig: [classpath:/application.yml]' with value of type String
2020-03-09 20:45:30.223 [main] DEBUG o.s.c.e.PropertySourcesPropertyResolver - Found key 'course-publish.pageWebPath' in PropertySource 'environmentProperties' with value of type String
2020-03-09 20:45:30.223 [main] DEBUG o.s.b.f.annotation.InjectionMetadata - Processing injected element of bean 'courseService': AutowiredFieldElement for private java.lang.String com.ningmeng.manage_course.service.CourseService.publish_siteId
2020-03-09 20:45:30.223 [main] DEBUG o.s.core.annotation.AnnotationUtils - Failed to meta-introspect annotation interface org.springframework.beans.factory.annotation.Value: java.lang.NullPointerException
2020-03-09 20:45:30.223 [main] DEBUG o.s.c.e.PropertySourcesPropertyResolver - Found key 'course-publish.siteId' in PropertySource 'applicationConfig: [classpath:/application.yml]' with value of type String
2020-03-09 20:45:30.223 [main] DEBUG o.s.c.e.PropertySourcesPropertyResolver - Found key 'course-publish.siteId' in PropertySource 'environmentProperties' with value of type String
2020-03-09 20:45:30.223 [main] DEBUG o.s.b.f.annotation.InjectionMetadata - Processing injected element of bean 'courseService': AutowiredFieldElement for private java.lang.String com.ningmeng.manage_course.service.CourseService.publish_templateId
2020-03-09 20:45:30.223 [main] DEBUG o.s.core.annotation.AnnotationUtils - Failed to meta-introspect annotation interface org.springframework.beans.factory.annotation.Value: java.lang.NullPointerException
2020-03-09 20:45:30.224 [main] DEBUG o.s.c.e.PropertySourcesPropertyResolver - Found key 'course-publish.templateId' in PropertySource 'applicationConfig: [classpath:/application.yml]' with value of type String
2020-03-09 20:45:30.224 [main] DEBUG o.s.c.e.PropertySourcesPropertyResolver - Found key 'course-publish.templateId' in PropertySource 'environmentProperties' with value of type String
2020-03-09 20:45:30.224 [main] DEBUG o.s.b.f.annotation.InjectionMetadata - Processing injected element of bean 'courseService': AutowiredFieldElement for private java.lang.String com.ningmeng.manage_course.service.CourseService.previewUrl
2020-03-09 20:45:30.224 [main] DEBUG o.s.core.annotation.AnnotationUtils - Failed to meta-introspect annotation interface org.springframework.beans.factory.annotation.Value: java.lang.NullPointerException
2020-03-09 20:45:30.224 [main] DEBUG o.s.c.e.PropertySourcesPropertyResolver - Found key 'course-publish.previewUrl' in PropertySource 'applicationConfig: [classpath:/application.yml]' with value of type String
2020-03-09 20:45:30.224 [main] DEBUG o.s.c.e.PropertySourcesPropertyResolver - Found key 'course-publish.previewUrl' in PropertySource 'environmentProperties' with value of type String
2020-03-09 20:45:30.224 [main] DEBUG o.s.b.f.s.DefaultListableBeanFactory - Returning cached instance of singleton bean 'org.springframework.transaction.config.internalTransactionAdvisor'
2020-03-09 20:45:30.224 [main] DEBUG o.s.b.f.s.DefaultListableBeanFactory - Returning cached instance of singleton bean 'org.springframework.transaction.config.internalTransactionAdvisor'
2020-03-09 20:45:30.227 [main] DEBUG o.s.t.a.AnnotationTransactionAttributeSource - Adding transactional method 'com.ningmeng.manage_course.service.CourseService.publish' with attribute: PROPAGATION_REQUIRED,ISOLATION_DEFAULT; ''
2020-03-09 20:45:30.271 [main] DEBUG o.s.a.a.a.AnnotationAwareAspectJAutoProxyCreator - Creating implicit proxy for bean 'courseService' with 0 common interceptors and 1 specific interceptors
2020-03-09 20:45:30.272 [main] DEBUG o.s.aop.framework.CglibAopProxy - Creating CGLIB proxy: target source is SingletonTargetSource for target object [com.ningmeng.manage_course.service.CourseService@1d5048d1]
2020-03-09 20:45:30.276 [main] DEBUG o.s.aop.framework.CglibAopProxy - Unable to apply any optimizations to advised method: public com.ningmeng.framework.domain.course.CourseBase com.ningmeng.manage_course.service.CourseService.findCourseBaseById(java.lang.String)
2020-03-09 20:45:30.276 [main] DEBUG o.s.aop.framework.CglibAopProxy - Unable to apply any optimizations to advised method: public com.ningmeng.framework.domain.course.response.CoursePublishResult com.ningmeng.manage_course.service.CourseService.publish(java.lang.String)
2020-03-09 20:45:30.276 [main] DEBUG o.s.aop.framework.CglibAopProxy - Unable to apply any optimizations to advised method: public com.ningmeng.framework.domain.course.ext.TeachplanNode com.ningmeng.manage_course.service.CourseService.findTeachplanList(java.lang.String)
2020-03-09 20:45:30.276 [main] DEBUG o.s.aop.framework.CglibAopProxy - Unable to apply any optimizations to advised method: public com.ningmeng.framework.model.response.ResponseResult com.ningmeng.manage_course.service.CourseService.updateCourseMarket(java.lang.String,com.ningmeng.framework.domain.course.CourseMarket)
2020-03-09 20:45:30.276 [main] DEBUG o.s.aop.framework.CglibAopProxy - Unable to apply any optimizations to advised method: public com.ningmeng.framework.domain.course.CourseBase com.ningmeng.manage_course.service.CourseService.getCourseBaseById(java.lang.String)
2020-03-09 20:45:30.276 [main] DEBUG o.s.aop.framework.CglibAopProxy - Unable to apply any optimizations to advised method: public com.ningmeng.framework.domain.course.CourseMarket com.ningmeng.manage_course.service.CourseService.getCourseMarketById(java.lang.String)
2020-03-09 20:45:30.276 [main] DEBUG o.s.aop.framework.CglibAopProxy - Unable to apply any optimizations to advised method: public com.ningmeng.framework.domain.course.ext.CategoryNode com.ningmeng.manage_course.service.CourseService.findList()
2020-03-09 20:45:30.276 [main] DEBUG o.s.t.a.AnnotationTransactionAttributeSource - Adding transactional method 'com.ningmeng.manage_course.service.CourseService.addTeachplan' with attribute: PROPAGATION_REQUIRED,ISOLATION_DEFAULT; ''
2020-03-09 20:45:30.277 [main] DEBUG o.s.aop.framework.CglibAopProxy - Unable to apply any optimizations to advised method: public com.ningmeng.framework.model.response.ResponseResult com.ningmeng.manage_course.service.CourseService.addTeachplan(com.ningmeng.framework.domain.course.Teachplan)
2020-03-09 20:45:30.277 [main] DEBUG o.s.aop.framework.CglibAopProxy - Unable to apply any optimizations to advised method: public com.ningmeng.framework.domain.course.response.CoursePublishResult com.ningmeng.manage_course.service.CourseService.preview(java.lang.String)
2020-03-09 20:45:30.277 [main] DEBUG o.s.t.a.AnnotationTransactionAttributeSource - Adding transactional method 'com.ningmeng.manage_course.service.CourseService.addCourseBase' with attribute: PROPAGATION_REQUIRED,ISOLATION_DEFAULT; ''
2020-03-09 20:45:30.277 [main] DEBUG o.s.aop.framework.CglibAopProxy - Unable to apply any optimizations to advised method: public com.ningmeng.framework.domain.course.response.AddCourseResult com.ningmeng.manage_course.service.CourseService.addCourseBase(com.ningmeng.framework.domain.course.CourseBase)
2020-03-09 20:45:30.277 [main] DEBUG o.s.t.a.AnnotationTransactionAttributeSource - Adding transactional method 'com.ningmeng.manage_course.service.CourseService.updateCourseBase' with attribute: PROPAGATION_REQUIRED,ISOLATION_DEFAULT; ''
2020-03-09 20:45:30.277 [main] DEBUG o.s.aop.framework.CglibAopProxy - Unable to apply any optimizations to advised method: public com.ningmeng.framework.model.response.ResponseResult com.ningmeng.manage_course.service.CourseService.updateCourseBase(java.lang.String,com.ningmeng.framework.domain.course.CourseBase)
2020-03-09 20:45:30.277 [main] DEBUG o.s.t.a.AnnotationTransactionAttributeSource - Adding transactional method 'com.ningmeng.manage_course.service.CourseService.findCourseList' with attribute: PROPAGATION_REQUIRED,ISOLATION_DEFAULT; ''
2020-03-09 20:45:30.277 [main] DEBUG o.s.aop.framework.CglibAopProxy - Unable to apply any optimizations to advised method: public com.ningmeng.framework.model.response.QueryResponseResult com.ningmeng.manage_course.service.CourseService.findCourseList(int,int,java.lang.String)
2020-03-09 20:45:30.277 [main] DEBUG o.s.t.a.AnnotationTransactionAttributeSource - Adding transactional method 'com.ningmeng.manage_course.service.CourseService.deleteCoursePic' with attribute: PROPAGATION_REQUIRED,ISOLATION_DEFAULT; ''
2020-03-09 20:45:30.277 [main] DEBUG o.s.aop.framework.CglibAopProxy - Unable to apply any optimizations to advised method: public com.ningmeng.framework.model.response.ResponseResult com.ningmeng.manage_course.service.CourseService.deleteCoursePic(java.lang.String)
2020-03-09 20:45:30.278 [main] DEBUG o.s.aop.framework.CglibAopProxy - Unable to apply any optimizations to advised method: public com.ningmeng.framework.model.response.ResponseResult com.ningmeng.manage_course.service.CourseService.savemedia(com.ningmeng.framework.domain.course.TeachplanMedia)
2020-03-09 20:45:30.278 [main] DEBUG o.s.t.a.AnnotationTransactionAttributeSource - Adding transactional method 'com.ningmeng.manage_course.service.CourseService.saveCoursePic' with attribute: PROPAGATION_REQUIRED,ISOLATION_DEFAULT; ''
2020-03-09 20:45:30.278 [main] DEBUG o.s.aop.framework.CglibAopProxy - Unable to apply any optimizations to advised method: public com.ningmeng.framework.model.response.ResponseResult com.ningmeng.manage_course.service.CourseService.saveCoursePic(java.lang.String,java.lang.String)
2020-03-09 20:45:30.278 [main] DEBUG o.s.aop.framework.CglibAopProxy - Unable to apply any optimizations to advised method: public com.ningmeng.framework.domain.course.response.CourseView com.ningmeng.manage_course.service.CourseService.getCoruseView(java.lang.String)
2020-03-09 20:45:30.278 [main] DEBUG o.s.aop.framework.CglibAopProxy - Unable to apply any optimizations to advised method: public com.ningmeng.framework.domain.course.CoursePic com.ningmeng.manage_course.service.CourseService.findCoursepic(java.lang.String)
2020-03-09 20:45:30.278 [main] DEBUG o.s.aop.framework.CglibAopProxy - Unable to apply any optimizations to advised method: public java.lang.String com.ningmeng.manage_course.service.CourseService.getTeachplanRoot(java.lang.String)
2020-03-09 20:45:30.278 [main] DEBUG o.s.aop.framework.CglibAopProxy - Unable to apply any optimizations to advised method: public com.ningmeng.framework.domain.course.CoursePub com.ningmeng.manage_course.service.CourseService.saveCoursePub(java.lang.String,com.ningmeng.framework.domain.course.CoursePub)
2020-03-09 20:45:30.279 [main] DEBUG o.s.aop.framework.CglibAopProxy - Unable to apply any optimizations to advised method: public com.ningmeng.framework.domain.cms.response.CmsPostPageResult com.ningmeng.manage_course.service.CourseService.publish_page(java.lang.String)
2020-03-09 20:45:30.279 [main] DEBUG o.s.aop.framework.CglibAopProxy - Found 'equals' method: public boolean java.lang.Object.equals(java.lang.Object)
2020-03-09 20:45:30.279 [main] DEBUG o.s.aop.framework.CglibAopProxy - Unable to apply any optimizations to advised method: public java.lang.String java.lang.Object.toString()
2020-03-09 20:45:30.279 [main] DEBUG o.s.aop.framework.CglibAopProxy - Found 'hashCode' method: public native int java.lang.Object.hashCode()
2020-03-09 20:45:30.279 [main] DEBUG o.s.aop.framework.CglibAopProxy - Unable to apply any optimizations to advised method: protected native java.lang.Object java.lang.Object.clone() throws java.lang.CloneNotSupportedException
2020-03-09 20:45:30.279 [main] DEBUG o.s.aop.framework.CglibAopProxy - Method is declared on Advised interface: public abstract int org.springframework.aop.framework.Advised.indexOf(org.aopalliance.aop.Advice)
2020-03-09 20:45:30.279 [main] DEBUG o.s.aop.framework.CglibAopProxy - Method is declared on Advised interface: public abstract int org.springframework.aop.framework.Advised.indexOf(org.springframework.aop.Advisor)
2020-03-09 20:45:30.279 [main] DEBUG o.s.aop.framework.CglibAopProxy - Method is declared on Advised interface: public abstract boolean org.springframework.aop.framework.Advised.isFrozen()
2020-03-09 20:45:30.279 [main] DEBUG o.s.aop.framework.CglibAopProxy - Method is declared on Advised interface: public abstract boolean org.springframework.aop.framework.Advised.isInterfaceProxied(java.lang.Class)
2020-03-09 20:45:30.279 [main] DEBUG o.s.aop.framework.CglibAopProxy - Method is declared on Advised interface: public abstract boolean org.springframework.aop.framework.Advised.isProxyTargetClass()
2020-03-09 20:45:30.279 [main] DEBUG o.s.aop.framework.CglibAopProxy - Method is declared on Advised interface: public abstract java.lang.String org.springframework.aop.framework.Advised.toProxyConfigString()
2020-03-09 20:45:30.279 [main] DEBUG o.s.aop.framework.CglibAopProxy - Method is declared on Advised interface: public abstract java.lang.Class[] org.springframework.aop.framework.Advised.getProxiedInterfaces()
2020-03-09 20:45:30.279 [main] DEBUG o.s.aop.framework.CglibAopProxy - Method is declared on Advised interface: public abstract void org.springframework.aop.framework.Advised.addAdvisor(int,org.springframework.aop.Advisor) throws org.springframework.aop.framework.AopConfigException
2020-03-09 20:45:30.279 [main] DEBUG o.s.aop.framework.CglibAopProxy - Method is declared on Advised interface: public abstract void org.springframework.aop.framework.Advised.addAdvisor(org.springframework.aop.Advisor) throws org.springframework.aop.framework.AopConfigException
2020-03-09 20:45:30.279 [main] DEBUG o.s.aop.framework.CglibAopProxy - Method is declared on Advised interface: public abstract boolean org.springframework.aop.framework.Advised.removeAdvisor(org.springframework.aop.Advisor)
2020-03-09 20:45:30.279 [main] DEBUG o.s.aop.framework.CglibAopProxy - Method is declared on Advised interface: public abstract void org.springframework.aop.framework.Advised.removeAdvisor(int) throws org.springframework.aop.framework.AopConfigException
2020-03-09 20:45:30.279 [main] DEBUG o.s.aop.framework.CglibAopProxy - Method is declared on Advised interface: public abstract boolean org.springframework.aop.framework.Advised.isExposeProxy()
2020-03-09 20:45:30.279 [main] DEBUG o.s.aop.framework.CglibAopProxy - Method is declared on Advised interface: public abstract org.springframework.aop.TargetSource org.springframework.aop.framework.Advised.getTargetSource()
2020-03-09 20:45:30.279 [main] DEBUG o.s.aop.framework.CglibAopProxy - Method is declared on Advised interface: public abstract org.springframework.aop.Advisor[] org.springframework.aop.framework.Advised.getAdvisors()
2020-03-09 20:45:30.279 [main] DEBUG o.s.aop.framework.CglibAopProxy - Method is declared on Advised interface: public abstract void org.springframework.aop.framework.Advised.setPreFiltered(boolean)
2020-03-09 20:45:30.279 [main] DEBUG o.s.aop.framework.CglibAopProxy - Method is declared on Advised interface: public abstract boolean org.springframework.aop.framework.Advised.isPreFiltered()
2020-03-09 20:45:30.280 [main] DEBUG o.s.aop.framework.CglibAopProxy - Method is declared on Advised interface: public abstract boolean org.springframework.aop.framework.Advised.replaceAdvisor(org.springframework.aop.Advisor,org.springframework.aop.Advisor) throws org.springframework.aop.framework.AopConfigException
2020-03-09 20:45:30.280 [main] DEBUG o.s.aop.framework.CglibAopProxy - Method is declared on Advised interface: public abstract void org.springframework.aop.framework.Advised.setExposeProxy(boolean)
2020-03-09 20:45:30.280 [main] DEBUG o.s.aop.framework.CglibAopProxy - Method is declared on Advised interface: public abstract void org.springframework.aop.framework.Advised.addAdvice(org.aopalliance.aop.Advice) throws org.springframework.aop.framework.AopConfigException
2020-03-09 20:45:30.280 [main] DEBUG o.s.aop.framework.CglibAopProxy - Method is declared on Advised interface: public abstract void org.springframework.aop.framework.Advised.addAdvice(int,org.aopalliance.aop.Advice) throws org.springframework.aop.framework.AopConfigException
2020-03-09 20:45:30.280 [main] DEBUG o.s.aop.framework.CglibAopProxy - Method is declared on Advised interface: public abstract boolean org.springframework.aop.framework.Advised.removeAdvice(org.aopalliance.aop.Advice)
2020-03-09 20:45:30.280 [main] DEBUG o.s.aop.framework.CglibAopProxy - Method is declared on Advised interface: public abstract void org.springframework.aop.framework.Advised.setTargetSource(org.springframework.aop.TargetSource)
2020-03-09 20:45:30.280 [main] DEBUG o.s.aop.framework.CglibAopProxy - Method is declared on Advised interface: public abstract java.lang.Class org.springframework.aop.TargetClassAware.getTargetClass()
2020-03-09 20:45:30.290 [main] DEBUG o.s.b.f.s.DefaultListableBeanFactory - Finished creating instance of bean 'courseService'
2020-03-09 20:45:30.290 [main] DEBUG o.s.b.f.a.AutowiredAnnotationBeanPostProcessor - Autowiring by type from bean name 'courseController' to bean named 'courseService'
2020-03-09 20:45:30.290 [main] DEBUG o.s.b.f.s.DefaultListableBeanFactory - Returning cached instance of singleton bean 'org.springframework.transaction.config.internalTransactionAdvisor'
2020-03-09 20:45:30.290 [main] DEBUG o.s.b.f.s.DefaultListableBeanFactory - Returning cached instance of singleton bean 'org.springframework.transaction.config.internalTransactionAdvisor'
2020-03-09 20:45:30.296 [main] DEBUG o.s.b.f.s.DefaultListableBeanFactory - Finished creating instance of bean 'courseController'
2020-03-09 20:45:30.296 [main] DEBUG o.s.b.f.s.DefaultListableBeanFactory - Creating shared instance of singleton bean 'sysDicthinaryController'
2020-03-09 20:45:30.296 [main] DEBUG o.s.b.f.s.DefaultListableBeanFactory - Creating instance of bean 'sysDicthinaryController'
2020-03-09 20:45:30.297 [main] DEBUG o.s.b.f.s.DefaultListableBeanFactory - Returning cached instance of singleton bean 'org.springframework.transaction.config.internalTransactionAdvisor'
2020-03-09 20:45:30.297 [main] DEBUG o.s.b.f.annotation.InjectionMetadata - Registered injected element on class [com.ningmeng.manage_course.controller.SysDicthinaryController]: AutowiredFieldElement for com.ningmeng.manage_course.service.SysDicthinaryService com.ningmeng.manage_course.controller.SysDicthinaryController.sysDicthinaryService
2020-03-09 20:45:30.297 [main] DEBUG o.s.b.f.s.DefaultListableBeanFactory - Eagerly caching bean 'sysDicthinaryController' to allow for resolving potential circular references
2020-03-09 20:45:30.301 [main] DEBUG o.s.b.f.annotation.InjectionMetadata - Processing injected element of bean 'sysDicthinaryController': AutowiredFieldElement for com.ningmeng.manage_course.service.SysDicthinaryService com.ningmeng.manage_course.controller.SysDicthinaryController.sysDicthinaryService
2020-03-09 20:45:30.301 [main] DEBUG o.s.core.annotation.AnnotationUtils - Failed to meta-introspect annotation interface org.springframework.beans.factory.annotation.Autowired: java.lang.NullPointerException
2020-03-09 20:45:30.304 [main] DEBUG o.s.b.f.s.DefaultListableBeanFactory - Creating shared instance of singleton bean 'sysDicthinaryService'
2020-03-09 20:45:30.304 [main] DEBUG o.s.b.f.s.DefaultListableBeanFactory - Creating instance of bean 'sysDicthinaryService'
2020-03-09 20:45:30.304 [main] DEBUG o.s.b.f.s.DefaultListableBeanFactory - Returning cached instance of singleton bean 'org.springframework.transaction.config.internalTransactionAdvisor'
2020-03-09 20:45:30.305 [main] DEBUG o.s.b.f.annotation.InjectionMetadata - Registered injected element on class [com.ningmeng.manage_course.service.SysDicthinaryService]: AutowiredFieldElement for com.ningmeng.manage_course.dao.SysDictionaryRepository com.ningmeng.manage_course.service.SysDicthinaryService.sysDictionaryRepository
2020-03-09 20:45:30.305 [main] DEBUG o.s.b.f.s.DefaultListableBeanFactory - Eagerly caching bean 'sysDicthinaryService' to allow for resolving potential circular references
2020-03-09 20:45:30.307 [main] DEBUG o.s.b.f.annotation.InjectionMetadata - Processing injected element of bean 'sysDicthinaryService': AutowiredFieldElement for com.ningmeng.manage_course.dao.SysDictionaryRepository com.ningmeng.manage_course.service.SysDicthinaryService.sysDictionaryRepository
2020-03-09 20:45:30.307 [main] DEBUG o.s.core.annotation.AnnotationUtils - Failed to meta-introspect annotation interface org.springframework.beans.factory.annotation.Autowired: java.lang.NullPointerException
2020-03-09 20:45:30.308 [main] DEBUG o.s.b.f.s.DefaultListableBeanFactory - Creating shared instance of singleton bean 'sysDictionaryRepository'
2020-03-09 20:45:30.308 [main] DEBUG o.s.b.f.s.DefaultListableBeanFactory - Creating instance of bean 'sysDictionaryRepository'
2020-03-09 20:45:30.308 [main] DEBUG o.s.b.f.s.DefaultListableBeanFactory - Returning cached instance of singleton bean 'org.springframework.transaction.config.internalTransactionAdvisor'
2020-03-09 20:45:30.308 [main] DEBUG o.s.b.f.s.DefaultListableBeanFactory - Eagerly caching bean 'sysDictionaryRepository' to allow for resolving potential circular references
2020-03-09 20:45:30.321 [main] DEBUG o.s.b.f.s.DefaultListableBeanFactory - Creating instance of bean '(inner bean)#5e8bd498'
2020-03-09 20:45:30.321 [main] DEBUG o.s.b.f.s.DefaultListableBeanFactory - Returning cached instance of singleton bean 'org.springframework.transaction.config.internalTransactionAdvisor'
2020-03-09 20:45:30.321 [main] DEBUG o.s.b.f.s.DefaultListableBeanFactory - Creating instance of bean '(inner bean)#335972a5'
2020-03-09 20:45:30.321 [main] DEBUG o.s.b.f.s.DefaultListableBeanFactory - Returning cached instance of singleton bean 'org.springframework.transaction.config.internalTransactionAdvisor'
2020-03-09 20:45:30.322 [main] DEBUG o.s.c.i.s.PathMatchingResourcePatternResolver - Resolved classpath location [META-INF/mongo-named-queries.properties] to resources []
2020-03-09 20:45:30.322 [main] DEBUG o.s.b.f.s.DefaultListableBeanFactory - Invoking afterPropertiesSet() on bean with name '(inner bean)#335972a5'
2020-03-09 20:45:30.322 [main] DEBUG o.s.b.f.s.DefaultListableBeanFactory - Returning cached instance of singleton bean 'org.springframework.transaction.config.internalTransactionAdvisor'
2020-03-09 20:45:30.322 [main] DEBUG o.s.b.f.s.DefaultListableBeanFactory - Returning cached instance of singleton bean 'org.springframework.transaction.config.internalTransactionAdvisor'
2020-03-09 20:45:30.322 [main] DEBUG o.s.b.f.s.DefaultListableBeanFactory - Finished creating instance of bean '(inner bean)#335972a5'
2020-03-09 20:45:30.322 [main] DEBUG o.s.b.f.s.DefaultListableBeanFactory - Returning cached instance of singleton bean 'org.springframework.transaction.config.internalTransactionAdvisor'
2020-03-09 20:45:30.322 [main] DEBUG o.s.b.f.s.DefaultListableBeanFactory - Returning cached instance of singleton bean 'org.springframework.transaction.config.internalTransactionAdvisor'
2020-03-09 20:45:30.322 [main] DEBUG o.s.b.f.s.DefaultListableBeanFactory - Returning cached instance of singleton bean 'org.springframework.transaction.config.internalTransactionAdvisor'
2020-03-09 20:45:30.323 [main] DEBUG o.s.b.f.s.DefaultListableBeanFactory - Returning cached instance of singleton bean 'org.springframework.transaction.config.internalTransactionAdvisor'
2020-03-09 20:45:30.323 [main] DEBUG o.s.b.f.s.DefaultListableBeanFactory - Finished creating instance of bean '(inner bean)#5e8bd498'
2020-03-09 20:45:30.323 [main] DEBUG o.s.b.f.s.DefaultListableBeanFactory - Creating instance of bean '(inner bean)#7c048b30'
2020-03-09 20:45:30.323 [main] DEBUG o.s.b.f.s.DefaultListableBeanFactory - Returning cached instance of singleton bean 'org.springframework.transaction.config.internalTransactionAdvisor'
2020-03-09 20:45:30.323 [main] DEBUG o.s.b.f.s.DefaultListableBeanFactory - Invoking afterPropertiesSet() on bean with name '(inner bean)#7c048b30'
2020-03-09 20:45:30.324 [main] DEBUG o.s.b.f.s.DefaultListableBeanFactory - Returning cached instance of singleton bean 'org.springframework.transaction.config.internalTransactionAdvisor'
2020-03-09 20:45:30.324 [main] DEBUG o.s.b.f.s.DefaultListableBeanFactory - Returning cached instance of singleton bean 'org.springframework.transaction.config.internalTransactionAdvisor'
2020-03-09 20:45:30.324 [main] DEBUG o.s.b.f.s.DefaultListableBeanFactory - Finished creating instance of bean '(inner bean)#7c048b30'
2020-03-09 20:45:30.324 [main] DEBUG o.s.b.f.s.DefaultListableBeanFactory - Returning cached instance of singleton bean 'org.springframework.transaction.config.internalTransactionAdvisor'
2020-03-09 20:45:30.324 [main] DEBUG o.s.b.f.s.DefaultListableBeanFactory - Returning cached instance of singleton bean 'org.springframework.transaction.config.internalTransactionAdvisor'
2020-03-09 20:45:30.324 [main] DEBUG o.s.b.f.s.DefaultListableBeanFactory - Creating instance of bean '(inner bean)#49925d21'
2020-03-09 20:45:30.324 [main] DEBUG o.s.b.f.s.DefaultListableBeanFactory - Returning cached instance of singleton bean 'org.springframework.transaction.config.internalTransactionAdvisor'
2020-03-09 20:45:30.325 [main] DEBUG o.s.b.f.s.DefaultListableBeanFactory - Returning cached instance of singleton bean 'org.springframework.transaction.config.internalTransactionAdvisor'
2020-03-09 20:45:30.325 [main] DEBUG o.s.b.f.s.DefaultListableBeanFactory - Returning cached instance of singleton bean 'org.springframework.transaction.config.internalTransactionAdvisor'
2020-03-09 20:45:30.326 [main] DEBUG o.s.b.f.s.DefaultListableBeanFactory - Finished creating instance of bean '(inner bean)#49925d21'
2020-03-09 20:45:30.326 [main] DEBUG o.s.b.f.s.DefaultListableBeanFactory - Creating shared instance of singleton bean 'mongoTemplate'
2020-03-09 20:45:30.326 [main] DEBUG o.s.b.f.s.DefaultListableBeanFactory - Creating instance of bean 'mongoTemplate'
2020-03-09 20:45:30.326 [main] DEBUG o.s.b.f.s.DefaultListableBeanFactory - Returning cached instance of singleton bean 'org.springframework.transaction.config.internalTransactionAdvisor'
2020-03-09 20:45:30.326 [main] DEBUG o.s.b.f.s.DefaultListableBeanFactory - Creating shared instance of singleton bean 'org.springframework.boot.autoconfigure.data.mongo.MongoDataAutoConfiguration'
2020-03-09 20:45:30.326 [main] DEBUG o.s.b.f.s.DefaultListableBeanFactory - Creating instance of bean 'org.springframework.boot.autoconfigure.data.mongo.MongoDataAutoConfiguration'
2020-03-09 20:45:30.326 [main] DEBUG o.s.b.f.s.DefaultListableBeanFactory - Returning cached instance of singleton bean 'org.springframework.transaction.config.internalTransactionAdvisor'
2020-03-09 20:45:30.327 [main] DEBUG o.s.c.LocalVariableTableParameterNameDiscoverer - Cannot find '.class' file for class [class org.springframework.boot.autoconfigure.data.mongo.MongoDataAutoConfiguration$$EnhancerBySpringCGLIB$$31c015db] - unable to determine constructor/method parameter names
2020-03-09 20:45:30.329 [main] DEBUG o.s.b.f.s.DefaultListableBeanFactory - Creating shared instance of singleton bean 'spring.data.mongodb-org.springframework.boot.autoconfigure.mongo.MongoProperties'
2020-03-09 20:45:30.329 [main] DEBUG o.s.b.f.s.DefaultListableBeanFactory - Creating instance of bean 'spring.data.mongodb-org.springframework.boot.autoconfigure.mongo.MongoProperties'
2020-03-09 20:45:30.329 [main] DEBUG o.s.b.f.s.DefaultListableBeanFactory - Returning cached instance of singleton bean 'org.springframework.transaction.config.internalTransactionAdvisor'
2020-03-09 20:45:30.330 [main] DEBUG o.s.b.f.s.DefaultListableBeanFactory - Eagerly caching bean 'spring.data.mongodb-org.springframework.boot.autoconfigure.mongo.MongoProperties' to allow for resolving potential circular references
2020-03-09 20:45:30.336 [main] DEBUG o.s.b.f.s.DefaultListableBeanFactory - Returning cached instance of singleton bean 'org.springframework.transaction.config.internalTransactionAdvisor'
2020-03-09 20:45:30.336 [main] DEBUG o.s.b.f.s.DefaultListableBeanFactory - Returning cached instance of singleton bean 'org.springframework.transaction.config.internalTransactionAdvisor'
2020-03-09 20:45:30.337 [main] DEBUG o.s.b.f.s.DefaultListableBeanFactory - Finished creating instance of bean 'spring.data.mongodb-org.springframework.boot.autoconfigure.mongo.MongoProperties'
2020-03-09 20:45:30.337 [main] DEBUG o.s.b.f.s.DefaultListableBeanFactory - Autowiring by type from bean name 'org.springframework.boot.autoconfigure.data.mongo.MongoDataAutoConfiguration' via constructor to bean named 'org.springframework.web.context.support.GenericWebApplicationContext@21d5c1a0'
2020-03-09 20:45:30.337 [main] DEBUG o.s.b.f.s.DefaultListableBeanFactory - Autowiring by type from bean name 'org.springframework.boot.autoconfigure.data.mongo.MongoDataAutoConfiguration' via constructor to bean named 'spring.data.mongodb-org.springframework.boot.autoconfigure.mongo.MongoProperties'
2020-03-09 20:45:30.338 [main] DEBUG o.s.b.f.s.DefaultListableBeanFactory - Eagerly caching bean 'org.springframework.boot.autoconfigure.data.mongo.MongoDataAutoConfiguration' to allow for resolving potential circular references
2020-03-09 20:45:30.341 [main] DEBUG o.s.b.f.s.DefaultListableBeanFactory - Returning cached instance of singleton bean 'org.springframework.transaction.config.internalTransactionAdvisor'
2020-03-09 20:45:30.341 [main] DEBUG o.s.b.f.s.DefaultListableBeanFactory - Returning cached instance of singleton bean 'org.springframework.transaction.config.internalTransactionAdvisor'
2020-03-09 20:45:30.342 [main] DEBUG o.s.b.f.s.DefaultListableBeanFactory - Finished creating instance of bean 'org.springframework.boot.autoconfigure.data.mongo.MongoDataAutoConfiguration'
2020-03-09 20:45:30.344 [main] DEBUG o.s.b.f.s.DefaultListableBeanFactory - Creating shared instance of singleton bean 'mongoDbFactory'
2020-03-09 20:45:30.344 [main] DEBUG o.s.b.f.s.DefaultListableBeanFactory - Creating instance of bean 'mongoDbFactory'
2020-03-09 20:45:30.344 [main] DEBUG o.s.b.f.s.DefaultListableBeanFactory - Returning cached instance of singleton bean 'org.springframework.transaction.config.internalTransactionAdvisor'
2020-03-09 20:45:30.344 [main] DEBUG o.s.b.f.s.DefaultListableBeanFactory - Returning cached instance of singleton bean 'org.springframework.boot.autoconfigure.data.mongo.MongoDataAutoConfiguration'
2020-03-09 20:45:30.346 [main] DEBUG o.s.b.f.s.DefaultListableBeanFactory - Creating shared instance of singleton bean 'mongo'
2020-03-09 20:45:30.346 [main] DEBUG o.s.b.f.s.DefaultListableBeanFactory - Creating instance of bean 'mongo'
2020-03-09 20:45:30.346 [main] DEBUG o.s.b.f.s.DefaultListableBeanFactory - Returning cached instance of singleton bean 'org.springframework.transaction.config.internalTransactionAdvisor'
2020-03-09 20:45:30.346 [main] DEBUG o.s.b.f.s.DefaultListableBeanFactory - Creating shared instance of singleton bean 'org.springframework.boot.autoconfigure.mongo.MongoAutoConfiguration'
2020-03-09 20:45:30.346 [main] DEBUG o.s.b.f.s.DefaultListableBeanFactory - Creating instance of bean 'org.springframework.boot.autoconfigure.mongo.MongoAutoConfiguration'
2020-03-09 20:45:30.346 [main] DEBUG o.s.b.f.s.DefaultListableBeanFactory - Returning cached instance of singleton bean 'org.springframework.transaction.config.internalTransactionAdvisor'
2020-03-09 20:45:30.348 [main] DEBUG o.s.c.LocalVariableTableParameterNameDiscoverer - Cannot find '.class' file for class [class org.springframework.boot.autoconfigure.mongo.MongoAutoConfiguration$$EnhancerBySpringCGLIB$$30192f9] - unable to determine constructor/method parameter names
2020-03-09 20:45:30.349 [main] DEBUG o.s.b.f.s.DefaultListableBeanFactory - Returning cached instance of singleton bean 'spring.data.mongodb-org.springframework.boot.autoconfigure.mongo.MongoProperties'
2020-03-09 20:45:30.351 [main] DEBUG o.s.b.f.s.DefaultListableBeanFactory - Returning cached instance of singleton bean 'environment'
2020-03-09 20:45:30.352 [main] DEBUG o.s.b.f.s.DefaultListableBeanFactory - Autowiring by type from bean name 'org.springframework.boot.autoconfigure.mongo.MongoAutoConfiguration' via constructor to bean named 'spring.data.mongodb-org.springframework.boot.autoconfigure.mongo.MongoProperties'
2020-03-09 20:45:30.352 [main] DEBUG o.s.b.f.s.DefaultListableBeanFactory - Autowiring by type from bean name 'org.springframework.boot.autoconfigure.mongo.MongoAutoConfiguration' via constructor to bean named 'environment'
2020-03-09 20:45:30.354 [main] DEBUG o.s.c.a.CommonAnnotationBeanPostProcessor - Found destroy method on class [org.springframework.boot.autoconfigure.mongo.MongoAutoConfiguration$$EnhancerBySpringCGLIB$$30192f9]: public void org.springframework.boot.autoconfigure.mongo.MongoAutoConfiguration.close()
2020-03-09 20:45:30.354 [main] DEBUG o.s.c.a.CommonAnnotationBeanPostProcessor - Registered destroy method on class [org.springframework.boot.autoconfigure.mongo.MongoAutoConfiguration$$EnhancerBySpringCGLIB$$30192f9]: org.springframework.beans.factory.annotation.InitDestroyAnnotationBeanPostProcessor$LifecycleElement@5a5ddf8
2020-03-09 20:45:30.355 [main] DEBUG o.s.b.f.s.DefaultListableBeanFactory - Eagerly caching bean 'org.springframework.boot.autoconfigure.mongo.MongoAutoConfiguration' to allow for resolving potential circular references
2020-03-09 20:45:30.359 [main] DEBUG o.s.b.f.s.DefaultListableBeanFactory - Returning cached instance of singleton bean 'org.springframework.transaction.config.internalTransactionAdvisor'
2020-03-09 20:45:30.359 [main] DEBUG o.s.b.f.s.DefaultListableBeanFactory - Returning cached instance of singleton bean 'org.springframework.transaction.config.internalTransactionAdvisor'
2020-03-09 20:45:30.359 [main] DEBUG o.s.b.f.s.DefaultListableBeanFactory - Finished creating instance of bean 'org.springframework.boot.autoconfigure.mongo.MongoAutoConfiguration'
2020-03-09 20:45:30.362 [main] DEBUG o.s.c.e.PropertySourcesPropertyResolver - Could not find key 'local.mongo.port' in any property source
2020-03-09 20:45:31.549 [main] INFO  org.mongodb.driver.cluster - Cluster created with settings {hosts=[localhost:27017], mode=SINGLE, requiredClusterType=UNKNOWN, serverSelectionTimeout='30000 ms', maxWaitQueueSize=500}
2020-03-09 20:45:31.581 [main] DEBUG org.mongodb.driver.cluster - Updating cluster description to  {type=UNKNOWN, servers=[{address=localhost:27017, type=UNKNOWN, state=CONNECTING}]
2020-03-09 20:45:31.590 [main] DEBUG o.s.b.f.s.DefaultListableBeanFactory - Eagerly caching bean 'mongo' to allow for resolving potential circular references
2020-03-09 20:45:31.593 [main] DEBUG o.s.b.f.s.DefaultListableBeanFactory - Returning cached instance of singleton bean 'org.springframework.transaction.config.internalTransactionAdvisor'
2020-03-09 20:45:31.594 [main] DEBUG o.s.b.f.s.DefaultListableBeanFactory - Returning cached instance of singleton bean 'org.springframework.transaction.config.internalTransactionAdvisor'
2020-03-09 20:45:31.595 [main] DEBUG o.s.b.f.s.DefaultListableBeanFactory - Finished creating instance of bean 'mongo'
2020-03-09 20:45:31.595 [main] DEBUG o.s.b.f.s.DefaultListableBeanFactory - Autowiring by type from bean name 'mongoDbFactory' via factory method to bean named 'mongo'
2020-03-09 20:45:31.601 [main] DEBUG o.s.b.f.s.DefaultListableBeanFactory - Eagerly caching bean 'mongoDbFactory' to allow for resolving potential circular references
2020-03-09 20:45:31.604 [main] DEBUG o.s.b.f.s.DefaultListableBeanFactory - Returning cached instance of singleton bean 'org.springframework.transaction.config.internalTransactionAdvisor'
2020-03-09 20:45:31.604 [main] DEBUG o.s.b.f.s.DefaultListableBeanFactory - Returning cached instance of singleton bean 'org.springframework.transaction.config.internalTransactionAdvisor'
2020-03-09 20:45:31.605 [main] DEBUG o.s.b.f.s.DefaultListableBeanFactory - Finished creating instance of bean 'mongoDbFactory'
2020-03-09 20:45:31.608 [main] DEBUG o.s.b.f.s.DefaultListableBeanFactory - Creating shared instance of singleton bean 'mappingMongoConverter'
2020-03-09 20:45:31.608 [main] DEBUG o.s.b.f.s.DefaultListableBeanFactory - Creating instance of bean 'mappingMongoConverter'
2020-03-09 20:45:31.608 [main] DEBUG o.s.b.f.s.DefaultListableBeanFactory - Returning cached instance of singleton bean 'org.springframework.transaction.config.internalTransactionAdvisor'
2020-03-09 20:45:31.608 [main] DEBUG o.s.b.f.s.DefaultListableBeanFactory - Returning cached instance of singleton bean 'org.springframework.boot.autoconfigure.data.mongo.MongoDataAutoConfiguration'
2020-03-09 20:45:31.608 [main] DEBUG o.s.b.f.s.DefaultListableBeanFactory - Returning cached instance of singleton bean 'mongoDbFactory'
2020-03-09 20:45:31.611 [main] DEBUG o.s.b.f.s.DefaultListableBeanFactory - Creating shared instance of singleton bean 'mongoMappingContext'
2020-03-09 20:45:31.612 [main] DEBUG o.s.b.f.s.DefaultListableBeanFactory - Creating instance of bean 'mongoMappingContext'
2020-03-09 20:45:31.612 [main] DEBUG o.s.b.f.s.DefaultListableBeanFactory - Returning cached instance of singleton bean 'org.springframework.transaction.config.internalTransactionAdvisor'
2020-03-09 20:45:31.612 [main] DEBUG o.s.b.f.s.DefaultListableBeanFactory - Returning cached instance of singleton bean 'org.springframework.boot.autoconfigure.data.mongo.MongoDataAutoConfiguration'
2020-03-09 20:45:31.615 [main] DEBUG o.s.b.f.s.DefaultListableBeanFactory - Creating shared instance of singleton bean 'mongoCustomConversions'
2020-03-09 20:45:31.615 [main] DEBUG o.s.b.f.s.DefaultListableBeanFactory - Creating instance of bean 'mongoCustomConversions'
2020-03-09 20:45:31.615 [main] DEBUG o.s.b.f.s.DefaultListableBeanFactory - Returning cached instance of singleton bean 'org.springframework.transaction.config.internalTransactionAdvisor'
2020-03-09 20:45:31.615 [main] DEBUG o.s.b.f.s.DefaultListableBeanFactory - Returning cached instance of singleton bean 'org.springframework.boot.autoconfigure.data.mongo.MongoDataAutoConfiguration'
2020-03-09 20:45:31.623 [cluster-ClusterId{value='5e663a6bb76de46a04e9dbe0', description='null'}-localhost:27017] INFO  org.mongodb.driver.connection - Opened connection [connectionId{localValue:1, serverValue:72}] to localhost:27017
2020-03-09 20:45:31.625 [cluster-ClusterId{value='5e663a6bb76de46a04e9dbe0', description='null'}-localhost:27017] DEBUG org.mongodb.driver.cluster - Checking status of localhost:27017
2020-03-09 20:45:31.628 [cluster-ClusterId{value='5e663a6bb76de46a04e9dbe0', description='null'}-localhost:27017] INFO  org.mongodb.driver.cluster - Monitor thread successfully connected to server with description ServerDescription{address=localhost:27017, type=STANDALONE, state=CONNECTED, ok=true, version=ServerVersion{versionList=[3, 4, 4]}, minWireVersion=0, maxWireVersion=5, maxDocumentSize=16777216, logicalSessionTimeoutMinutes=null, roundTripTimeNanos=1823600}
2020-03-09 20:45:31.629 [cluster-ClusterId{value='5e663a6bb76de46a04e9dbe0', description='null'}-localhost:27017] DEBUG org.mongodb.driver.cluster - Updating cluster description to  {type=STANDALONE, servers=[{address=localhost:27017, type=STANDALONE, roundTripTime=1.8 ms, state=CONNECTED}]
2020-03-09 20:45:31.671 [main] DEBUG o.s.b.f.s.DefaultListableBeanFactory - Eagerly caching bean 'mongoCustomConversions' to allow for resolving potential circular references
2020-03-09 20:45:31.673 [main] DEBUG o.s.b.f.s.DefaultListableBeanFactory - Returning cached instance of singleton bean 'org.springframework.transaction.config.internalTransactionAdvisor'
2020-03-09 20:45:31.673 [main] DEBUG o.s.b.f.s.DefaultListableBeanFactory - Returning cached instance of singleton bean 'org.springframework.transaction.config.internalTransactionAdvisor'
2020-03-09 20:45:31.673 [main] DEBUG o.s.b.f.s.DefaultListableBeanFactory - Finished creating instance of bean 'mongoCustomConversions'
2020-03-09 20:45:31.673 [main] DEBUG o.s.b.f.s.DefaultListableBeanFactory - Autowiring by type from bean name 'mongoMappingContext' via factory method to bean named 'mongoCustomConversions'
2020-03-09 20:45:31.676 [main] DEBUG o.s.b.f.s.DefaultListableBeanFactory - Returning cached instance of singleton bean 'org.springframework.boot.autoconfigure.domain.EntityScanPackages'
2020-03-09 20:45:31.676 [main] DEBUG o.s.core.env.StandardEnvironment - Adding PropertySource 'systemProperties' with lowest search precedence
2020-03-09 20:45:31.676 [main] DEBUG o.s.core.env.StandardEnvironment - Adding PropertySource 'systemEnvironment' with lowest search precedence
2020-03-09 20:45:31.676 [main] DEBUG o.s.core.env.StandardEnvironment - Initialized StandardEnvironment with PropertySources [MapPropertySource@1952249684 {name='systemProperties', properties={idea.version=2017.1.2, java.runtime.name=Java(TM) SE Runtime Environment, sun.boot.library.path=C:\Program Files\Java\jdk1.8.0_91\jre\bin, java.vm.version=25.91-b14, java.vm.vendor=Oracle Corporation, java.vendor.url=http://java.oracle.com/, path.separator=;, java.vm.name=Java HotSpot(TM) 64-Bit Server VM, file.encoding.pkg=sun.io, user.country=CN, user.script=, sun.java.launcher=SUN_STANDARD, sun.os.patch.level=, PID=27140, java.vm.specification.name=Java Virtual Machine Specification, user.dir=E:\1704A\hdServiceCode\nm-service-manage-course, java.runtime.version=1.8.0_91-b14, basedir=E:\1704A\hdServiceCode\nm-service-manage-course, java.awt.graphicsenv=sun.awt.Win32GraphicsEnvironment, java.endorsed.dirs=C:\Program Files\Java\jdk1.8.0_91\jre\lib\endorsed, os.arch=amd64, surefire.real.class.path=C:\Users\wangb\AppData\Local\Temp\surefire8359040626052298865\surefirebooter7147715406186341325.jar, java.io.tmpdir=C:\Users\wangb\AppData\Local\Temp\, line.separator=
, java.vm.specification.vendor=Oracle Corporation, user.variant=, os.name=Windows 10, sun.jnu.encoding=GBK, spring.beaninfo.ignore=true, java.library.path=C:\Program Files\Java\jdk1.8.0_91\jre\bin;C:\WINDOWS\Sun\Java\bin;C:\WINDOWS\system32;C:\WINDOWS;E:\app\wangb\product\11.2.0\dbhome_1\bin;E:\maven\apache-maven-3.6.1\bin;C:\Program Files\Java\jdk1.8.0_91\bin;C:\Program Files (x86)\Intel\iCLS Client\;C:\Program Files\Intel\iCLS Client\;C:\Windows\system32;C:\Windows;C:\Windows\System32\Wbem;C:\Windows\System32\WindowsPowerShell\v1.0\;C:\Program Files (x86)\NVIDIA Corporation\PhysX\Common;C:\Program Files (x86)\Intel\Intel(R) Management Engine Components\DAL;C:\Program Files\Intel\Intel(R) Management Engine Components\DAL;C:\Program Files (x86)\Intel\Intel(R) Management Engine Components\IPT;C:\Program Files\Intel\Intel(R) Management Engine Components\IPT;C:\WINDOWS\system32;C:\WINDOWS;C:\WINDOWS\System32\Wbem;C:\WINDOWS\System32\WindowsPowerShell\v1.0\;C:\WINDOWS\System32\OpenSSH\;C:\Program Files\MySQL\MySQL Server 5.5\bin;E:\nodejs\;E:\Git\cmd;E:\Mp4\ffmpeg-20180227-fa0c9d6-win64-static\bin;C:\Users\wangb\AppData\Local\Microsoft\WindowsApps;C:\Users\wangb\AppData\Roaming\npm;E:\Microsoft VS Code\bin;., surefire.test.class.path=E:\1704A\hdServiceCode\nm-service-manage-course\target\test-classes;E:\1704A\hdServiceCode\nm-service-manage-course\target\classes;E:\1704A\repository\com\github\pagehelper\pagehelper-spring-boot-starter\1.2.4\pagehelper-spring-boot-starter-1.2.4.jar;E:\1704A\repository\org\springframework\boot\spring-boot-starter\2.0.1.RELEASE\spring-boot-starter-2.0.1.RELEASE.jar;E:\1704A\repository\org\springframework\boot\spring-boot\2.0.1.RELEASE\spring-boot-2.0.1.RELEASE.jar;E:\1704A\repository\javax\annotation\javax.annotation-api\1.3.2\javax.annotation-api-1.3.2.jar;E:\1704A\repository\org\yaml\snakeyaml\1.19\snakeyaml-1.19.jar;E:\1704A\repository\com\github\pagehelper\pagehelper-spring-boot-autoconfigure\1.2.4\pagehelper-spring-boot-autoconfigure-1.2.4.jar;E:\1704A\repository\com\github\pagehelper\pagehelper\5.1.3\pagehelper-5.1.3.jar;E:\1704A\repository\com\github\jsqlparser\jsqlparser\1.0\jsqlparser-1.0.jar;E:\1704A\hdServiceCode\nm-service-api\target\nm-service-api.jar;E:\1704A\repository\commons-fileupload\commons-fileupload\1.3.3\commons-fileupload-1.3.3.jar;E:\1704A\repository\io\springfox\springfox-swagger2\2.7.0\springfox-swagger2-2.7.0.jar;E:\1704A\repository\io\swagger\swagger-annotations\1.5.13\swagger-annotations-1.5.13.jar;E:\1704A\repository\io\swagger\swagger-models\1.5.13\swagger-models-1.5.13.jar;E:\1704A\repository\io\springfox\springfox-spi\2.7.0\springfox-spi-2.7.0.jar;E:\1704A\repository\io\springfox\springfox-core\2.7.0\springfox-core-2.7.0.jar;E:\1704A\repository\io\springfox\springfox-schema\2.7.0\springfox-schema-2.7.0.jar;E:\1704A\repository\io\springfox\springfox-swagger-common\2.7.0\springfox-swagger-common-2.7.0.jar;E:\1704A\repository\io\springfox\springfox-spring-web\2.7.0\springfox-spring-web-2.7.0.jar;E:\1704A\repository\org\reflections\reflections\0.9.11\reflections-0.9.11.jar;E:\1704A\repository\com\fasterxml\classmate\1.3.4\classmate-1.3.4.jar;E:\1704A\repository\org\springframework\plugin\spring-plugin-core\1.2.0.RELEASE\spring-plugin-core-1.2.0.RELEASE.jar;E:\1704A\repository\org\springframework\plugin\spring-plugin-metadata\1.2.0.RELEASE\spring-plugin-metadata-1.2.0.RELEASE.jar;E:\1704A\repository\org\mapstruct\mapstruct\1.1.0.Final\mapstruct-1.1.0.Final.jar;E:\1704A\repository\io\springfox\springfox-swagger-ui\2.7.0\springfox-swagger-ui-2.7.0.jar;E:\1704A\hdServiceCode\nm-framework-model\target\nm-framework-model.jar;E:\1704A\repository\org\projectlombok\lombok\1.16.16\lombok-1.16.16.jar;E:\1704A\repository\org\springframework\data\spring-data-commons\2.0.6.RELEASE\spring-data-commons-2.0.6.RELEASE.jar;E:\1704A\repository\org\springframework\data\spring-data-mongodb\2.0.6.RELEASE\spring-data-mongodb-2.0.6.RELEASE.jar;E:\1704A\repository\org\springframework\spring-context\5.0.5.RELEASE\spring-context-5.0.5.RELEASE.jar;E:\1704A\repository\org\springframework\spring-expression\5.0.5.RELEASE\spring-expression-5.0.5.RELEASE.jar;E:\1704A\repository\org\mongodb\mongo-java-driver\3.6.3\mongo-java-driver-3.6.3.jar;E:\1704A\repository\org\hibernate\hibernate-core\5.2.16.Final\hibernate-core-5.2.16.Final.jar;E:\1704A\repository\org\jboss\logging\jboss-logging\3.3.2.Final\jboss-logging-3.3.2.Final.jar;E:\1704A\repository\org\hibernate\javax\persistence\hibernate-jpa-2.1-api\1.0.0.Final\hibernate-jpa-2.1-api-1.0.0.Final.jar;E:\1704A\repository\org\javassist\javassist\3.22.0-GA\javassist-3.22.0-GA.jar;E:\1704A\repository\antlr\antlr\2.7.7\antlr-2.7.7.jar;E:\1704A\repository\org\jboss\spec\javax\transaction\jboss-transaction-api_1.2_spec\1.0.1.Final\jboss-transaction-api_1.2_spec-1.0.1.Final.jar;E:\1704A\repository\org\jboss\jandex\2.0.3.Final\jandex-2.0.3.Final.jar;E:\1704A\repository\dom4j\dom4j\1.6.1\dom4j-1.6.1.jar;E:\1704A\repository\org\hibernate\common\hibernate-commons-annotations\5.0.1.Final\hibernate-commons-annotations-5.0.1.Final.jar;E:\1704A\repository\com\google\guava\guava\24.0-jre\guava-24.0-jre.jar;E:\1704A\repository\com\google\code\findbugs\jsr305\1.3.9\jsr305-1.3.9.jar;E:\1704A\repository\org\checkerframework\checker-compat-qual\2.0.0\checker-compat-qual-2.0.0.jar;E:\1704A\repository\com\google\errorprone\error_prone_annotations\2.1.3\error_prone_annotations-2.1.3.jar;E:\1704A\repository\com\google\j2objc\j2objc-annotations\1.1\j2objc-annotations-1.1.jar;E:\1704A\repository\org\codehaus\mojo\animal-sniffer-annotations\1.14\animal-sniffer-annotations-1.14.jar;E:\1704A\hdServiceCode\nm-framework-utils\target\nm-framework-utils.jar;E:\1704A\repository\javax\servlet\javax.servlet-api\3.1.0\javax.servlet-api-3.1.0.jar;E:\1704A\repository\org\springframework\boot\spring-boot-starter-logging\2.0.1.RELEASE\spring-boot-starter-logging-2.0.1.RELEASE.jar;E:\1704A\repository\ch\qos\logback\logback-classic\1.2.3\logback-classic-1.2.3.jar;E:\1704A\repository\ch\qos\logback\logback-core\1.2.3\logback-core-1.2.3.jar;E:\1704A\repository\org\apache\logging\log4j\log4j-to-slf4j\2.10.0\log4j-to-slf4j-2.10.0.jar;E:\1704A\repository\org\apache\logging\log4j\log4j-api\2.10.0\log4j-api-2.10.0.jar;E:\1704A\repository\org\slf4j\jul-to-slf4j\1.7.25\jul-to-slf4j-1.7.25.jar;E:\1704A\repository\org\apache\httpcomponents\httpclient\4.5.5\httpclient-4.5.5.jar;E:\1704A\repository\org\apache\httpcomponents\httpcore\4.4.9\httpcore-4.4.9.jar;E:\1704A\repository\commons-codec\commons-codec\1.10\commons-codec-1.10.jar;E:\1704A\repository\net\lingala\zip4j\zip4j\1.3.1\zip4j-1.3.1.jar;E:\1704A\repository\org\springframework\security\spring-security-crypto\5.0.4.RELEASE\spring-security-crypto-5.0.4.RELEASE.jar;E:\1704A\repository\org\springframework\security\spring-security-jwt\1.0.8.RELEASE\spring-security-jwt-1.0.8.RELEASE.jar;E:\1704A\repository\org\bouncycastle\bcpkix-jdk15on\1.56\bcpkix-jdk15on-1.56.jar;E:\1704A\repository\org\bouncycastle\bcprov-jdk15on\1.56\bcprov-jdk15on-1.56.jar;E:\1704A\hdServiceCode\nm-framework-common\target\nm-framework-common.jar;E:\1704A\repository\org\springframework\spring-web\5.0.5.RELEASE\spring-web-5.0.5.RELEASE.jar;E:\1704A\repository\org\springframework\boot\spring-boot-starter-web\2.0.1.RELEASE\spring-boot-starter-web-2.0.1.RELEASE.jar;E:\1704A\repository\org\springframework\boot\spring-boot-starter-json\2.0.1.RELEASE\spring-boot-starter-json-2.0.1.RELEASE.jar;E:\1704A\repository\com\fasterxml\jackson\core\jackson-databind\2.9.5\jackson-databind-2.9.5.jar;E:\1704A\repository\com\fasterxml\jackson\datatype\jackson-datatype-jdk8\2.9.5\jackson-datatype-jdk8-2.9.5.jar;E:\1704A\repository\com\fasterxml\jackson\datatype\jackson-datatype-jsr310\2.9.5\jackson-datatype-jsr310-2.9.5.jar;E:\1704A\repository\com\fasterxml\jackson\module\jackson-module-parameter-names\2.9.5\jackson-module-parameter-names-2.9.5.jar;E:\1704A\repository\org\springframework\boot\spring-boot-starter-tomcat\2.0.1.RELEASE\spring-boot-starter-tomcat-2.0.1.RELEASE.jar;E:\1704A\repository\org\apache\tomcat\embed\tomcat-embed-core\8.5.28\tomcat-embed-core-8.5.28.jar;E:\1704A\repository\org\apache\tomcat\embed\tomcat-embed-el\8.5.28\tomcat-embed-el-8.5.28.jar;E:\1704A\repository\org\apache\tomcat\embed\tomcat-embed-websocket\8.5.28\tomcat-embed-websocket-8.5.28.jar;E:\1704A\repository\org\hibernate\validator\hibernate-validator\6.0.9.Final\hibernate-validator-6.0.9.Final.jar;E:\1704A\repository\javax\validation\validation-api\2.0.1.Final\validation-api-2.0.1.Final.jar;E:\1704A\repository\org\springframework\spring-webmvc\5.0.5.RELEASE\spring-webmvc-5.0.5.RELEASE.jar;E:\1704A\repository\org\springframework\spring-aop\5.0.5.RELEASE\spring-aop-5.0.5.RELEASE.jar;E:\1704A\repository\mysql\mysql-connector-java\5.1.40\mysql-connector-java-5.1.40.jar;E:\1704A\repository\com\alibaba\druid-spring-boot-starter\1.1.10\druid-spring-boot-starter-1.1.10.jar;E:\1704A\repository\com\alibaba\druid\1.1.6\druid-1.1.6.jar;E:\1704A\repository\org\slf4j\slf4j-api\1.7.25\slf4j-api-1.7.25.jar;E:\1704A\repository\org\springframework\boot\spring-boot-autoconfigure\2.0.1.RELEASE\spring-boot-autoconfigure-2.0.1.RELEASE.jar;E:\1704A\repository\org\mybatis\spring\boot\mybatis-spring-boot-starter\1.3.1\mybatis-spring-boot-starter-1.3.1.jar;E:\1704A\repository\org\springframework\boot\spring-boot-starter-jdbc\2.0.1.RELEASE\spring-boot-starter-jdbc-2.0.1.RELEASE.jar;E:\1704A\repository\com\zaxxer\HikariCP\2.7.8\HikariCP-2.7.8.jar;E:\1704A\repository\org\mybatis\spring\boot\mybatis-spring-boot-autoconfigure\1.3.1\mybatis-spring-boot-autoconfigure-1.3.1.jar;E:\1704A\repository\org\mybatis\mybatis\3.4.5\mybatis-3.4.5.jar;E:\1704A\repository\org\mybatis\mybatis-spring\1.3.1\mybatis-spring-1.3.1.jar;E:\1704A\repository\org\springframework\spring-orm\5.0.5.RELEASE\spring-orm-5.0.5.RELEASE.jar;E:\1704A\repository\org\springframework\spring-beans\5.0.5.RELEASE\spring-beans-5.0.5.RELEASE.jar;E:\1704A\repository\org\springframework\spring-core\5.0.5.RELEASE\spring-core-5.0.5.RELEASE.jar;E:\1704A\repository\org\springframework\spring-jcl\5.0.5.RELEASE\spring-jcl-5.0.5.RELEASE.jar;E:\1704A\repository\org\springframework\spring-jdbc\5.0.5.RELEASE\spring-jdbc-5.0.5.RELEASE.jar;E:\1704A\repository\org\springframework\spring-tx\5.0.5.RELEASE\spring-tx-5.0.5.RELEASE.jar;E:\1704A\repository\org\springframework\boot\spring-boot-starter-data-jpa\2.0.1.RELEASE\spring-boot-starter-data-jpa-2.0.1.RELEASE.jar;E:\1704A\repository\org\springframework\boot\spring-boot-starter-aop\2.0.1.RELEASE\spring-boot-starter-aop-2.0.1.RELEASE.jar;E:\1704A\repository\org\aspectj\aspectjweaver\1.8.13\aspectjweaver-1.8.13.jar;E:\1704A\repository\javax\transaction\javax.transaction-api\1.2\javax.transaction-api-1.2.jar;E:\1704A\repository\org\springframework\data\spring-data-jpa\2.0.6.RELEASE\spring-data-jpa-2.0.6.RELEASE.jar;E:\1704A\repository\org\springframework\spring-aspects\5.0.5.RELEASE\spring-aspects-5.0.5.RELEASE.jar;E:\1704A\repository\com\squareup\okhttp3\okhttp\3.9.1\okhttp-3.9.1.jar;E:\1704A\repository\com\squareup\okio\okio\1.13.0\okio-1.13.0.jar;E:\1704A\repository\com\alibaba\fastjson\1.2.30\fastjson-1.2.30.jar;E:\1704A\repository\commons-io\commons-io\2.6\commons-io-2.6.jar;E:\1704A\repository\org\apache\commons\commons-lang3\3.6\commons-lang3-3.6.jar;E:\1704A\repository\org\springframework\boot\spring-boot-starter-test\2.0.1.RELEASE\spring-boot-starter-test-2.0.1.RELEASE.jar;E:\1704A\repository\org\springframework\boot\spring-boot-test\2.0.1.RELEASE\spring-boot-test-2.0.1.RELEASE.jar;E:\1704A\repository\org\springframework\boot\spring-boot-test-autoconfigure\2.0.1.RELEASE\spring-boot-test-autoconfigure-2.0.1.RELEASE.jar;E:\1704A\repository\com\jayway\jsonpath\json-path\2.4.0\json-path-2.4.0.jar;E:\1704A\repository\net\minidev\json-smart\2.3\json-smart-2.3.jar;E:\1704A\repository\net\minidev\accessors-smart\1.2\accessors-smart-1.2.jar;E:\1704A\repository\org\ow2\asm\asm\5.0.4\asm-5.0.4.jar;E:\1704A\repository\junit\junit\4.12\junit-4.12.jar;E:\1704A\repository\org\assertj\assertj-core\3.9.1\assertj-core-3.9.1.jar;E:\1704A\repository\org\mockito\mockito-core\2.15.0\mockito-core-2.15.0.jar;E:\1704A\repository\net\bytebuddy\byte-buddy\1.7.11\byte-buddy-1.7.11.jar;E:\1704A\repository\net\bytebuddy\byte-buddy-agent\1.7.11\byte-buddy-agent-1.7.11.jar;E:\1704A\repository\org\objenesis\objenesis\2.6\objenesis-2.6.jar;E:\1704A\repository\org\hamcrest\hamcrest-core\1.3\hamcrest-core-1.3.jar;E:\1704A\repository\org\hamcrest\hamcrest-library\1.3\hamcrest-library-1.3.jar;E:\1704A\repository\org\skyscreamer\jsonassert\1.5.0\jsonassert-1.5.0.jar;E:\1704A\repository\com\vaadin\external\google\android-json\0.0.20131108.vaadin1\android-json-0.0.20131108.vaadin1.jar;E:\1704A\repository\org\springframework\spring-test\5.0.5.RELEASE\spring-test-5.0.5.RELEASE.jar;E:\1704A\repository\org\xmlunit\xmlunit-core\2.5.1\xmlunit-core-2.5.1.jar;E:\1704A\repository\org\springframework\cloud\spring-cloud-starter-netflix-eureka-client\2.0.1.RELEASE\spring-cloud-starter-netflix-eureka-client-2.0.1.RELEASE.jar;E:\1704A\repository\org\springframework\cloud\spring-cloud-starter\2.0.1.RELEASE\spring-cloud-starter-2.0.1.RELEASE.jar;E:\1704A\repository\org\springframework\cloud\spring-cloud-context\2.0.1.RELEASE\spring-cloud-context-2.0.1.RELEASE.jar;E:\1704A\repository\org\springframework\security\spring-security-rsa\1.0.5.RELEASE\spring-security-rsa-1.0.5.RELEASE.jar;E:\1704A\repository\org\springframework\cloud\spring-cloud-netflix-core\2.0.1.RELEASE\spring-cloud-netflix-core-2.0.1.RELEASE.jar;E:\1704A\repository\org\springframework\cloud\spring-cloud-netflix-eureka-client\2.0.1.RELEASE\spring-cloud-netflix-eureka-client-2.0.1.RELEASE.jar;E:\1704A\repository\com\netflix\eureka\eureka-client\1.9.3\eureka-client-1.9.3.jar;E:\1704A\repository\org\codehaus\jettison\jettison\1.3.7\jettison-1.3.7.jar;E:\1704A\repository\stax\stax-api\1.0.1\stax-api-1.0.1.jar;E:\1704A\repository\com\netflix\netflix-commons\netflix-eventbus\0.3.0\netflix-eventbus-0.3.0.jar;E:\1704A\repository\com\netflix\netflix-commons\netflix-infix\0.3.0\netflix-infix-0.3.0.jar;E:\1704A\repository\commons-jxpath\commons-jxpath\1.3\commons-jxpath-1.3.jar;E:\1704A\repository\joda-time\joda-time\2.9.9\joda-time-2.9.9.jar;E:\1704A\repository\org\antlr\antlr-runtime\3.4\antlr-runtime-3.4.jar;E:\1704A\repository\org\antlr\stringtemplate\3.2.1\stringtemplate-3.2.1.jar;E:\1704A\repository\com\google\code\gson\gson\2.8.2\gson-2.8.2.jar;E:\1704A\repository\org\apache\commons\commons-math\2.2\commons-math-2.2.jar;E:\1704A\repository\com\netflix\archaius\archaius-core\0.7.6\archaius-core-0.7.6.jar;E:\1704A\repository\javax\ws\rs\jsr311-api\1.1.1\jsr311-api-1.1.1.jar;E:\1704A\repository\com\netflix\servo\servo-core\0.12.21\servo-core-0.12.21.jar;E:\1704A\repository\com\sun\jersey\jersey-core\1.19.1\jersey-core-1.19.1.jar;E:\1704A\repository\com\sun\jersey\jersey-client\1.19.1\jersey-client-1.19.1.jar;E:\1704A\repository\com\sun\jersey\contribs\jersey-apache-client4\1.19.1\jersey-apache-client4-1.19.1.jar;E:\1704A\repository\com\google\inject\guice\4.1.0\guice-4.1.0.jar;E:\1704A\repository\javax\inject\javax.inject\1\javax.inject-1.jar;E:\1704A\repository\aopalliance\aopalliance\1.0\aopalliance-1.0.jar;E:\1704A\repository\com\github\vlsi\compactmap\compactmap\1.2.1\compactmap-1.2.1.jar;E:\1704A\repository\com\github\andrewoma\dexx\dexx-collections\0.2\dexx-collections-0.2.jar;E:\1704A\repository\com\fasterxml\jackson\core\jackson-annotations\2.9.0\jackson-annotations-2.9.0.jar;E:\1704A\repository\com\fasterxml\jackson\core\jackson-core\2.9.5\jackson-core-2.9.5.jar;E:\1704A\repository\com\netflix\eureka\eureka-core\1.9.3\eureka-core-1.9.3.jar;E:\1704A\repository\org\codehaus\woodstox\woodstox-core-asl\4.4.1\woodstox-core-asl-4.4.1.jar;E:\1704A\repository\javax\xml\stream\stax-api\1.0-2\stax-api-1.0-2.jar;E:\1704A\repository\org\codehaus\woodstox\stax2-api\3.1.4\stax2-api-3.1.4.jar;E:\1704A\repository\org\springframework\cloud\spring-cloud-starter-netflix-archaius\2.0.1.RELEASE\spring-cloud-starter-netflix-archaius-2.0.1.RELEASE.jar;E:\1704A\repository\org\springframework\cloud\spring-cloud-netflix-ribbon\2.0.1.RELEASE\spring-cloud-netflix-ribbon-2.0.1.RELEASE.jar;E:\1704A\repository\org\springframework\cloud\spring-cloud-netflix-archaius\2.0.1.RELEASE\spring-cloud-netflix-archaius-2.0.1.RELEASE.jar;E:\1704A\repository\commons-configuration\commons-configuration\1.8\commons-configuration-1.8.jar;E:\1704A\repository\commons-lang\commons-lang\2.6\commons-lang-2.6.jar;E:\1704A\repository\org\springframework\cloud\spring-cloud-starter-netflix-ribbon\2.0.1.RELEASE\spring-cloud-starter-netflix-ribbon-2.0.1.RELEASE.jar;E:\1704A\repository\com\netflix\ribbon\ribbon\2.2.5\ribbon-2.2.5.jar;E:\1704A\repository\com\netflix\ribbon\ribbon-transport\2.2.5\ribbon-transport-2.2.5.jar;E:\1704A\repository\io\reactivex\rxnetty-contexts\0.4.9\rxnetty-contexts-0.4.9.jar;E:\1704A\repository\io\reactivex\rxnetty-servo\0.4.9\rxnetty-servo-0.4.9.jar;E:\1704A\repository\io\reactivex\rxnetty\0.4.9\rxnetty-0.4.9.jar;E:\1704A\repository\io\netty\netty-codec-http\4.1.23.Final\netty-codec-http-4.1.23.Final.jar;E:\1704A\repository\io\netty\netty-codec\4.1.23.Final\netty-codec-4.1.23.Final.jar;E:\1704A\repository\io\netty\netty-transport-native-epoll\4.1.23.Final\netty-transport-native-epoll-4.1.23.Final.jar;E:\1704A\repository\io\netty\netty-common\4.1.23.Final\netty-common-4.1.23.Final.jar;E:\1704A\repository\io\netty\netty-buffer\4.1.23.Final\netty-buffer-4.1.23.Final.jar;E:\1704A\repository\io\netty\netty-transport-native-unix-common\4.1.23.Final\netty-transport-native-unix-common-4.1.23.Final.jar;E:\1704A\repository\io\netty\netty-transport\4.1.23.Final\netty-transport-4.1.23.Final.jar;E:\1704A\repository\io\netty\netty-resolver\4.1.23.Final\netty-resolver-4.1.23.Final.jar;E:\1704A\repository\com\netflix\ribbon\ribbon-core\2.2.5\ribbon-core-2.2.5.jar;E:\1704A\repository\com\netflix\ribbon\ribbon-httpclient\2.2.5\ribbon-httpclient-2.2.5.jar;E:\1704A\repository\commons-collections\commons-collections\3.2.2\commons-collections-3.2.2.jar;E:\1704A\repository\com\netflix\netflix-commons\netflix-commons-util\0.3.0\netflix-commons-util-0.3.0.jar;E:\1704A\repository\com\netflix\ribbon\ribbon-loadbalancer\2.2.5\ribbon-loadbalancer-2.2.5.jar;E:\1704A\repository\com\netflix\netflix-commons\netflix-statistics\0.1.1\netflix-statistics-0.1.1.jar;E:\1704A\repository\io\reactivex\rxjava\1.3.8\rxjava-1.3.8.jar;E:\1704A\repository\com\netflix\ribbon\ribbon-eureka\2.2.5\ribbon-eureka-2.2.5.jar;E:\1704A\repository\com\thoughtworks\xstream\xstream\1.4.10\xstream-1.4.10.jar;E:\1704A\repository\xmlpull\xmlpull\1.1.3.1\xmlpull-1.1.3.1.jar;E:\1704A\repository\xpp3\xpp3_min\1.1.4c\xpp3_min-1.1.4c.jar;E:\1704A\repository\org\springframework\cloud\spring-cloud-starter-openfeign\2.0.1.RELEASE\spring-cloud-starter-openfeign-2.0.1.RELEASE.jar;E:\1704A\repository\org\springframework\cloud\spring-cloud-openfeign-core\2.0.1.RELEASE\spring-cloud-openfeign-core-2.0.1.RELEASE.jar;E:\1704A\repository\org\springframework\cloud\spring-cloud-commons\2.0.1.RELEASE\spring-cloud-commons-2.0.1.RELEASE.jar;E:\1704A\repository\io\github\openfeign\feign-core\9.5.1\feign-core-9.5.1.jar;E:\1704A\repository\io\github\openfeign\feign-slf4j\9.5.1\feign-slf4j-9.5.1.jar;E:\1704A\repository\io\github\openfeign\feign-hystrix\9.5.1\feign-hystrix-9.5.1.jar;E:\1704A\repository\com\netflix\hystrix\hystrix-core\1.5.12\hystrix-core-1.5.12.jar;E:\1704A\repository\org\hdrhistogram\HdrHistogram\2.1.9\HdrHistogram-2.1.9.jar;E:\1704A\repository\io\github\openfeign\feign-java8\9.5.1\feign-java8-9.5.1.jar;E:\1704A\repository\com\netflix\feign\feign-okhttp\8.18.0\feign-okhttp-8.18.0.jar;E:\1704A\repository\com\netflix\feign\feign-core\8.18.0\feign-core-8.18.0.jar;E:\1704A\repository\org\jvnet\animal-sniffer-annotation\1.0\animal-sniffer-annotation-1.0.jar;, java.specification.name=Java Platform API Specification, java.class.version=52.0, sun.management.compiler=HotSpot 64-Bit Tiered Compilers, maven.repo.local=E:\1704A\repository, os.version=10.0, user.home=C:\Users\wangb, user.timezone=Asia/Shanghai, java.awt.printerjob=sun.awt.windows.WPrinterJob, file.encoding=GBK, java.specification.version=1.8, java.class.path=E:\1704A\hdServiceCode\nm-service-manage-course\target\test-classes;E:\1704A\hdServiceCode\nm-service-manage-course\target\classes;E:\1704A\repository\com\github\pagehelper\pagehelper-spring-boot-starter\1.2.4\pagehelper-spring-boot-starter-1.2.4.jar;E:\1704A\repository\org\springframework\boot\spring-boot-starter\2.0.1.RELEASE\spring-boot-starter-2.0.1.RELEASE.jar;E:\1704A\repository\org\springframework\boot\spring-boot\2.0.1.RELEASE\spring-boot-2.0.1.RELEASE.jar;E:\1704A\repository\javax\annotation\javax.annotation-api\1.3.2\javax.annotation-api-1.3.2.jar;E:\1704A\repository\org\yaml\snakeyaml\1.19\snakeyaml-1.19.jar;E:\1704A\repository\com\github\pagehelper\pagehelper-spring-boot-autoconfigure\1.2.4\pagehelper-spring-boot-autoconfigure-1.2.4.jar;E:\1704A\repository\com\github\pagehelper\pagehelper\5.1.3\pagehelper-5.1.3.jar;E:\1704A\repository\com\github\jsqlparser\jsqlparser\1.0\jsqlparser-1.0.jar;E:\1704A\hdServiceCode\nm-service-api\target\nm-service-api.jar;E:\1704A\repository\commons-fileupload\commons-fileupload\1.3.3\commons-fileupload-1.3.3.jar;E:\1704A\repository\io\springfox\springfox-swagger2\2.7.0\springfox-swagger2-2.7.0.jar;E:\1704A\repository\io\swagger\swagger-annotations\1.5.13\swagger-annotations-1.5.13.jar;E:\1704A\repository\io\swagger\swagger-models\1.5.13\swagger-models-1.5.13.jar;E:\1704A\repository\io\springfox\springfox-spi\2.7.0\springfox-spi-2.7.0.jar;E:\1704A\repository\io\springfox\springfox-core\2.7.0\springfox-core-2.7.0.jar;E:\1704A\repository\io\springfox\springfox-schema\2.7.0\springfox-schema-2.7.0.jar;E:\1704A\repository\io\springfox\springfox-swagger-common\2.7.0\springfox-swagger-common-2.7.0.jar;E:\1704A\repository\io\springfox\springfox-spring-web\2.7.0\springfox-spring-web-2.7.0.jar;E:\1704A\repository\org\reflections\reflections\0.9.11\reflections-0.9.11.jar;E:\1704A\repository\com\fasterxml\classmate\1.3.4\classmate-1.3.4.jar;E:\1704A\repository\org\springframework\plugin\spring-plugin-core\1.2.0.RELEASE\spring-plugin-core-1.2.0.RELEASE.jar;E:\1704A\repository\org\springframework\plugin\spring-plugin-metadata\1.2.0.RELEASE\spring-plugin-metadata-1.2.0.RELEASE.jar;E:\1704A\repository\org\mapstruct\mapstruct\1.1.0.Final\mapstruct-1.1.0.Final.jar;E:\1704A\repository\io\springfox\springfox-swagger-ui\2.7.0\springfox-swagger-ui-2.7.0.jar;E:\1704A\hdServiceCode\nm-framework-model\target\nm-framework-model.jar;E:\1704A\repository\org\projectlombok\lombok\1.16.16\lombok-1.16.16.jar;E:\1704A\repository\org\springframework\data\spring-data-commons\2.0.6.RELEASE\spring-data-commons-2.0.6.RELEASE.jar;E:\1704A\repository\org\springframework\data\spring-data-mongodb\2.0.6.RELEASE\spring-data-mongodb-2.0.6.RELEASE.jar;E:\1704A\repository\org\springframework\spring-context\5.0.5.RELEASE\spring-context-5.0.5.RELEASE.jar;E:\1704A\repository\org\springframework\spring-expression\5.0.5.RELEASE\spring-expression-5.0.5.RELEASE.jar;E:\1704A\repository\org\mongodb\mongo-java-driver\3.6.3\mongo-java-driver-3.6.3.jar;E:\1704A\repository\org\hibernate\hibernate-core\5.2.16.Final\hibernate-core-5.2.16.Final.jar;E:\1704A\repository\org\jboss\logging\jboss-logging\3.3.2.Final\jboss-logging-3.3.2.Final.jar;E:\1704A\repository\org\hibernate\javax\persistence\hibernate-jpa-2.1-api\1.0.0.Final\hibernate-jpa-2.1-api-1.0.0.Final.jar;E:\1704A\repository\org\javassist\javassist\3.22.0-GA\javassist-3.22.0-GA.jar;E:\1704A\repository\antlr\antlr\2.7.7\antlr-2.7.7.jar;E:\1704A\repository\org\jboss\spec\javax\transaction\jboss-transaction-api_1.2_spec\1.0.1.Final\jboss-transaction-api_1.2_spec-1.0.1.Final.jar;E:\1704A\repository\org\jboss\jandex\2.0.3.Final\jandex-2.0.3.Final.jar;E:\1704A\repository\dom4j\dom4j\1.6.1\dom4j-1.6.1.jar;E:\1704A\repository\org\hibernate\common\hibernate-commons-annotations\5.0.1.Final\hibernate-commons-annotations-5.0.1.Final.jar;E:\1704A\repository\com\google\guava\guava\24.0-jre\guava-24.0-jre.jar;E:\1704A\repository\com\google\code\findbugs\jsr305\1.3.9\jsr305-1.3.9.jar;E:\1704A\repository\org\checkerframework\checker-compat-qual\2.0.0\checker-compat-qual-2.0.0.jar;E:\1704A\repository\com\google\errorprone\error_prone_annotations\2.1.3\error_prone_annotations-2.1.3.jar;E:\1704A\repository\com\google\j2objc\j2objc-annotations\1.1\j2objc-annotations-1.1.jar;E:\1704A\repository\org\codehaus\mojo\animal-sniffer-annotations\1.14\animal-sniffer-annotations-1.14.jar;E:\1704A\hdServiceCode\nm-framework-utils\target\nm-framework-utils.jar;E:\1704A\repository\javax\servlet\javax.servlet-api\3.1.0\javax.servlet-api-3.1.0.jar;E:\1704A\repository\org\springframework\boot\spring-boot-starter-logging\2.0.1.RELEASE\spring-boot-starter-logging-2.0.1.RELEASE.jar;E:\1704A\repository\ch\qos\logback\logback-classic\1.2.3\logback-classic-1.2.3.jar;E:\1704A\repository\ch\qos\logback\logback-core\1.2.3\logback-core-1.2.3.jar;E:\1704A\repository\org\apache\logging\log4j\log4j-to-slf4j\2.10.0\log4j-to-slf4j-2.10.0.jar;E:\1704A\repository\org\apache\logging\log4j\log4j-api\2.10.0\log4j-api-2.10.0.jar;E:\1704A\repository\org\slf4j\jul-to-slf4j\1.7.25\jul-to-slf4j-1.7.25.jar;E:\1704A\repository\org\apache\httpcomponents\httpclient\4.5.5\httpclient-4.5.5.jar;E:\1704A\repository\org\apache\httpcomponents\httpcore\4.4.9\httpcore-4.4.9.jar;E:\1704A\repository\commons-codec\commons-codec\1.10\commons-codec-1.10.jar;E:\1704A\repository\net\lingala\zip4j\zip4j\1.3.1\zip4j-1.3.1.jar;E:\1704A\repository\org\springframework\security\spring-security-crypto\5.0.4.RELEASE\spring-security-crypto-5.0.4.RELEASE.jar;E:\1704A\repository\org\springframework\security\spring-security-jwt\1.0.8.RELEASE\spring-security-jwt-1.0.8.RELEASE.jar;E:\1704A\repository\org\bouncycastle\bcpkix-jdk15on\1.56\bcpkix-jdk15on-1.56.jar;E:\1704A\repository\org\bouncycastle\bcprov-jdk15on\1.56\bcprov-jdk15on-1.56.jar;E:\1704A\hdServiceCode\nm-framework-common\target\nm-framework-common.jar;E:\1704A\repository\org\springframework\spring-web\5.0.5.RELEASE\spring-web-5.0.5.RELEASE.jar;E:\1704A\repository\org\springframework\boot\spring-boot-starter-web\2.0.1.RELEASE\spring-boot-starter-web-2.0.1.RELEASE.jar;E:\1704A\repository\org\springframework\boot\spring-boot-starter-json\2.0.1.RELEASE\spring-boot-starter-json-2.0.1.RELEASE.jar;E:\1704A\repository\com\fasterxml\jackson\core\jackson-databind\2.9.5\jackson-databind-2.9.5.jar;E:\1704A\repository\com\fasterxml\jackson\datatype\jackson-datatype-jdk8\2.9.5\jackson-datatype-jdk8-2.9.5.jar;E:\1704A\repository\com\fasterxml\jackson\datatype\jackson-datatype-jsr310\2.9.5\jackson-datatype-jsr310-2.9.5.jar;E:\1704A\repository\com\fasterxml\jackson\module\jackson-module-parameter-names\2.9.5\jackson-module-parameter-names-2.9.5.jar;E:\1704A\repository\org\springframework\boot\spring-boot-starter-tomcat\2.0.1.RELEASE\spring-boot-starter-tomcat-2.0.1.RELEASE.jar;E:\1704A\repository\org\apache\tomcat\embed\tomcat-embed-core\8.5.28\tomcat-embed-core-8.5.28.jar;E:\1704A\repository\org\apache\tomcat\embed\tomcat-embed-el\8.5.28\tomcat-embed-el-8.5.28.jar;E:\1704A\repository\org\apache\tomcat\embed\tomcat-embed-websocket\8.5.28\tomcat-embed-websocket-8.5.28.jar;E:\1704A\repository\org\hibernate\validator\hibernate-validator\6.0.9.Final\hibernate-validator-6.0.9.Final.jar;E:\1704A\repository\javax\validation\validation-api\2.0.1.Final\validation-api-2.0.1.Final.jar;E:\1704A\repository\org\springframework\spring-webmvc\5.0.5.RELEASE\spring-webmvc-5.0.5.RELEASE.jar;E:\1704A\repository\org\springframework\spring-aop\5.0.5.RELEASE\spring-aop-5.0.5.RELEASE.jar;E:\1704A\repository\mysql\mysql-connector-java\5.1.40\mysql-connector-java-5.1.40.jar;E:\1704A\repository\com\alibaba\druid-spring-boot-starter\1.1.10\druid-spring-boot-starter-1.1.10.jar;E:\1704A\repository\com\alibaba\druid\1.1.6\druid-1.1.6.jar;E:\1704A\repository\org\slf4j\slf4j-api\1.7.25\slf4j-api-1.7.25.jar;E:\1704A\repository\org\springframework\boot\spring-boot-autoconfigure\2.0.1.RELEASE\spring-boot-autoconfigure-2.0.1.RELEASE.jar;E:\1704A\repository\org\mybatis\spring\boot\mybatis-spring-boot-starter\1.3.1\mybatis-spring-boot-starter-1.3.1.jar;E:\1704A\repository\org\springframework\boot\spring-boot-starter-jdbc\2.0.1.RELEASE\spring-boot-starter-jdbc-2.0.1.RELEASE.jar;E:\1704A\repository\com\zaxxer\HikariCP\2.7.8\HikariCP-2.7.8.jar;E:\1704A\repository\org\mybatis\spring\boot\mybatis-spring-boot-autoconfigure\1.3.1\mybatis-spring-boot-autoconfigure-1.3.1.jar;E:\1704A\repository\org\mybatis\mybatis\3.4.5\mybatis-3.4.5.jar;E:\1704A\repository\org\mybatis\mybatis-spring\1.3.1\mybatis-spring-1.3.1.jar;E:\1704A\repository\org\springframework\spring-orm\5.0.5.RELEASE\spring-orm-5.0.5.RELEASE.jar;E:\1704A\repository\org\springframework\spring-beans\5.0.5.RELEASE\spring-beans-5.0.5.RELEASE.jar;E:\1704A\repository\org\springframework\spring-core\5.0.5.RELEASE\spring-core-5.0.5.RELEASE.jar;E:\1704A\repository\org\springframework\spring-jcl\5.0.5.RELEASE\spring-jcl-5.0.5.RELEASE.jar;E:\1704A\repository\org\springframework\spring-jdbc\5.0.5.RELEASE\spring-jdbc-5.0.5.RELEASE.jar;E:\1704A\repository\org\springframework\spring-tx\5.0.5.RELEASE\spring-tx-5.0.5.RELEASE.jar;E:\1704A\repository\org\springframework\boot\spring-boot-starter-data-jpa\2.0.1.RELEASE\spring-boot-starter-data-jpa-2.0.1.RELEASE.jar;E:\1704A\repository\org\springframework\boot\spring-boot-starter-aop\2.0.1.RELEASE\spring-boot-starter-aop-2.0.1.RELEASE.jar;E:\1704A\repository\org\aspectj\aspectjweaver\1.8.13\aspectjweaver-1.8.13.jar;E:\1704A\repository\javax\transaction\javax.transaction-api\1.2\javax.transaction-api-1.2.jar;E:\1704A\repository\org\springframework\data\spring-data-jpa\2.0.6.RELEASE\spring-data-jpa-2.0.6.RELEASE.jar;E:\1704A\repository\org\springframework\spring-aspects\5.0.5.RELEASE\spring-aspects-5.0.5.RELEASE.jar;E:\1704A\repository\com\squareup\okhttp3\okhttp\3.9.1\okhttp-3.9.1.jar;E:\1704A\repository\com\squareup\okio\okio\1.13.0\okio-1.13.0.jar;E:\1704A\repository\com\alibaba\fastjson\1.2.30\fastjson-1.2.30.jar;E:\1704A\repository\commons-io\commons-io\2.6\commons-io-2.6.jar;E:\1704A\repository\org\apache\commons\commons-lang3\3.6\commons-lang3-3.6.jar;E:\1704A\repository\org\springframework\boot\spring-boot-starter-test\2.0.1.RELEASE\spring-boot-starter-test-2.0.1.RELEASE.jar;E:\1704A\repository\org\springframework\boot\spring-boot-test\2.0.1.RELEASE\spring-boot-test-2.0.1.RELEASE.jar;E:\1704A\repository\org\springframework\boot\spring-boot-test-autoconfigure\2.0.1.RELEASE\spring-boot-test-autoconfigure-2.0.1.RELEASE.jar;E:\1704A\repository\com\jayway\jsonpath\json-path\2.4.0\json-path-2.4.0.jar;E:\1704A\repository\net\minidev\json-smart\2.3\json-smart-2.3.jar;E:\1704A\repository\net\minidev\accessors-smart\1.2\accessors-smart-1.2.jar;E:\1704A\repository\org\ow2\asm\asm\5.0.4\asm-5.0.4.jar;E:\1704A\repository\junit\junit\4.12\junit-4.12.jar;E:\1704A\repository\org\assertj\assertj-core\3.9.1\assertj-core-3.9.1.jar;E:\1704A\repository\org\mockito\mockito-core\2.15.0\mockito-core-2.15.0.jar;E:\1704A\repository\net\bytebuddy\byte-buddy\1.7.11\byte-buddy-1.7.11.jar;E:\1704A\repository\net\bytebuddy\byte-buddy-agent\1.7.11\byte-buddy-agent-1.7.11.jar;E:\1704A\repository\org\objenesis\objenesis\2.6\objenesis-2.6.jar;E:\1704A\repository\org\hamcrest\hamcrest-core\1.3\hamcrest-core-1.3.jar;E:\1704A\repository\org\hamcrest\hamcrest-library\1.3\hamcrest-library-1.3.jar;E:\1704A\repository\org\skyscreamer\jsonassert\1.5.0\jsonassert-1.5.0.jar;E:\1704A\repository\com\vaadin\external\google\android-json\0.0.20131108.vaadin1\android-json-0.0.20131108.vaadin1.jar;E:\1704A\repository\org\springframework\spring-test\5.0.5.RELEASE\spring-test-5.0.5.RELEASE.jar;E:\1704A\repository\org\xmlunit\xmlunit-core\2.5.1\xmlunit-core-2.5.1.jar;E:\1704A\repository\org\springframework\cloud\spring-cloud-starter-netflix-eureka-client\2.0.1.RELEASE\spring-cloud-starter-netflix-eureka-client-2.0.1.RELEASE.jar;E:\1704A\repository\org\springframework\cloud\spring-cloud-starter\2.0.1.RELEASE\spring-cloud-starter-2.0.1.RELEASE.jar;E:\1704A\repository\org\springframework\cloud\spring-cloud-context\2.0.1.RELEASE\spring-cloud-context-2.0.1.RELEASE.jar;E:\1704A\repository\org\springframework\security\spring-security-rsa\1.0.5.RELEASE\spring-security-rsa-1.0.5.RELEASE.jar;E:\1704A\repository\org\springframework\cloud\spring-cloud-netflix-core\2.0.1.RELEASE\spring-cloud-netflix-core-2.0.1.RELEASE.jar;E:\1704A\repository\org\springframework\cloud\spring-cloud-netflix-eureka-client\2.0.1.RELEASE\spring-cloud-netflix-eureka-client-2.0.1.RELEASE.jar;E:\1704A\repository\com\netflix\eureka\eureka-client\1.9.3\eureka-client-1.9.3.jar;E:\1704A\repository\org\codehaus\jettison\jettison\1.3.7\jettison-1.3.7.jar;E:\1704A\repository\stax\stax-api\1.0.1\stax-api-1.0.1.jar;E:\1704A\repository\com\netflix\netflix-commons\netflix-eventbus\0.3.0\netflix-eventbus-0.3.0.jar;E:\1704A\repository\com\netflix\netflix-commons\netflix-infix\0.3.0\netflix-infix-0.3.0.jar;E:\1704A\repository\commons-jxpath\commons-jxpath\1.3\commons-jxpath-1.3.jar;E:\1704A\repository\joda-time\joda-time\2.9.9\joda-time-2.9.9.jar;E:\1704A\repository\org\antlr\antlr-runtime\3.4\antlr-runtime-3.4.jar;E:\1704A\repository\org\antlr\stringtemplate\3.2.1\stringtemplate-3.2.1.jar;E:\1704A\repository\com\google\code\gson\gson\2.8.2\gson-2.8.2.jar;E:\1704A\repository\org\apache\commons\commons-math\2.2\commons-math-2.2.jar;E:\1704A\repository\com\netflix\archaius\archaius-core\0.7.6\archaius-core-0.7.6.jar;E:\1704A\repository\javax\ws\rs\jsr311-api\1.1.1\jsr311-api-1.1.1.jar;E:\1704A\repository\com\netflix\servo\servo-core\0.12.21\servo-core-0.12.21.jar;E:\1704A\repository\com\sun\jersey\jersey-core\1.19.1\jersey-core-1.19.1.jar;E:\1704A\repository\com\sun\jersey\jersey-client\1.19.1\jersey-client-1.19.1.jar;E:\1704A\repository\com\sun\jersey\contribs\jersey-apache-client4\1.19.1\jersey-apache-client4-1.19.1.jar;E:\1704A\repository\com\google\inject\guice\4.1.0\guice-4.1.0.jar;E:\1704A\repository\javax\inject\javax.inject\1\javax.inject-1.jar;E:\1704A\repository\aopalliance\aopalliance\1.0\aopalliance-1.0.jar;E:\1704A\repository\com\github\vlsi\compactmap\compactmap\1.2.1\compactmap-1.2.1.jar;E:\1704A\repository\com\github\andrewoma\dexx\dexx-collections\0.2\dexx-collections-0.2.jar;E:\1704A\repository\com\fasterxml\jackson\core\jackson-annotations\2.9.0\jackson-annotations-2.9.0.jar;E:\1704A\repository\com\fasterxml\jackson\core\jackson-core\2.9.5\jackson-core-2.9.5.jar;E:\1704A\repository\com\netflix\eureka\eureka-core\1.9.3\eureka-core-1.9.3.jar;E:\1704A\repository\org\codehaus\woodstox\woodstox-core-asl\4.4.1\woodstox-core-asl-4.4.1.jar;E:\1704A\repository\javax\xml\stream\stax-api\1.0-2\stax-api-1.0-2.jar;E:\1704A\repository\org\codehaus\woodstox\stax2-api\3.1.4\stax2-api-3.1.4.jar;E:\1704A\repository\org\springframework\cloud\spring-cloud-starter-netflix-archaius\2.0.1.RELEASE\spring-cloud-starter-netflix-archaius-2.0.1.RELEASE.jar;E:\1704A\repository\org\springframework\cloud\spring-cloud-netflix-ribbon\2.0.1.RELEASE\spring-cloud-netflix-ribbon-2.0.1.RELEASE.jar;E:\1704A\repository\org\springframework\cloud\spring-cloud-netflix-archaius\2.0.1.RELEASE\spring-cloud-netflix-archaius-2.0.1.RELEASE.jar;E:\1704A\repository\commons-configuration\commons-configuration\1.8\commons-configuration-1.8.jar;E:\1704A\repository\commons-lang\commons-lang\2.6\commons-lang-2.6.jar;E:\1704A\repository\org\springframework\cloud\spring-cloud-starter-netflix-ribbon\2.0.1.RELEASE\spring-cloud-starter-netflix-ribbon-2.0.1.RELEASE.jar;E:\1704A\repository\com\netflix\ribbon\ribbon\2.2.5\ribbon-2.2.5.jar;E:\1704A\repository\com\netflix\ribbon\ribbon-transport\2.2.5\ribbon-transport-2.2.5.jar;E:\1704A\repository\io\reactivex\rxnetty-contexts\0.4.9\rxnetty-contexts-0.4.9.jar;E:\1704A\repository\io\reactivex\rxnetty-servo\0.4.9\rxnetty-servo-0.4.9.jar;E:\1704A\repository\io\reactivex\rxnetty\0.4.9\rxnetty-0.4.9.jar;E:\1704A\repository\io\netty\netty-codec-http\4.1.23.Final\netty-codec-http-4.1.23.Final.jar;E:\1704A\repository\io\netty\netty-codec\4.1.23.Final\netty-codec-4.1.23.Final.jar;E:\1704A\repository\io\netty\netty-transport-native-epoll\4.1.23.Final\netty-transport-native-epoll-4.1.23.Final.jar;E:\1704A\repository\io\netty\netty-common\4.1.23.Final\netty-common-4.1.23.Final.jar;E:\1704A\repository\io\netty\netty-buffer\4.1.23.Final\netty-buffer-4.1.23.Final.jar;E:\1704A\repository\io\netty\netty-transport-native-unix-common\4.1.23.Final\netty-transport-native-unix-common-4.1.23.Final.jar;E:\1704A\repository\io\netty\netty-transport\4.1.23.Final\netty-transport-4.1.23.Final.jar;E:\1704A\repository\io\netty\netty-resolver\4.1.23.Final\netty-resolver-4.1.23.Final.jar;E:\1704A\repository\com\netflix\ribbon\ribbon-core\2.2.5\ribbon-core-2.2.5.jar;E:\1704A\repository\com\netflix\ribbon\ribbon-httpclient\2.2.5\ribbon-httpclient-2.2.5.jar;E:\1704A\repository\commons-collections\commons-collections\3.2.2\commons-collections-3.2.2.jar;E:\1704A\repository\com\netflix\netflix-commons\netflix-commons-util\0.3.0\netflix-commons-util-0.3.0.jar;E:\1704A\repository\com\netflix\ribbon\ribbon-loadbalancer\2.2.5\ribbon-loadbalancer-2.2.5.jar;E:\1704A\repository\com\netflix\netflix-commons\netflix-statistics\0.1.1\netflix-statistics-0.1.1.jar;E:\1704A\repository\io\reactivex\rxjava\1.3.8\rxjava-1.3.8.jar;E:\1704A\repository\com\netflix\ribbon\ribbon-eureka\2.2.5\ribbon-eureka-2.2.5.jar;E:\1704A\repository\com\thoughtworks\xstream\xstream\1.4.10\xstream-1.4.10.jar;E:\1704A\repository\xmlpull\xmlpull\1.1.3.1\xmlpull-1.1.3.1.jar;E:\1704A\repository\xpp3\xpp3_min\1.1.4c\xpp3_min-1.1.4c.jar;E:\1704A\repository\org\springframework\cloud\spring-cloud-starter-openfeign\2.0.1.RELEASE\spring-cloud-starter-openfeign-2.0.1.RELEASE.jar;E:\1704A\repository\org\springframework\cloud\spring-cloud-openfeign-core\2.0.1.RELEASE\spring-cloud-openfeign-core-2.0.1.RELEASE.jar;E:\1704A\repository\org\springframework\cloud\spring-cloud-commons\2.0.1.RELEASE\spring-cloud-commons-2.0.1.RELEASE.jar;E:\1704A\repository\io\github\openfeign\feign-core\9.5.1\feign-core-9.5.1.jar;E:\1704A\repository\io\github\openfeign\feign-slf4j\9.5.1\feign-slf4j-9.5.1.jar;E:\1704A\repository\io\github\openfeign\feign-hystrix\9.5.1\feign-hystrix-9.5.1.jar;E:\1704A\repository\com\netflix\hystrix\hystrix-core\1.5.12\hystrix-core-1.5.12.jar;E:\1704A\repository\org\hdrhistogram\HdrHistogram\2.1.9\HdrHistogram-2.1.9.jar;E:\1704A\repository\io\github\openfeign\feign-java8\9.5.1\feign-java8-9.5.1.jar;E:\1704A\repository\com\netflix\feign\feign-okhttp\8.18.0\feign-okhttp-8.18.0.jar;E:\1704A\repository\com\netflix\feign\feign-core\8.18.0\feign-core-8.18.0.jar;E:\1704A\repository\org\jvnet\animal-sniffer-annotation\1.0\animal-sniffer-annotation-1.0.jar;, user.name=wangb, java.vm.specification.version=1.8, sun.java.command=C:\Users\wangb\AppData\Local\Temp\surefire8359040626052298865\surefirebooter7147715406186341325.jar C:\Users\wangb\AppData\Local\Temp\surefire8359040626052298865 2020-03-09T20-44-46_260-jvmRun1 surefire1835119734498572997tmp surefire_16448304995619269847tmp, java.home=C:\Program Files\Java\jdk1.8.0_91\jre, sun.arch.data.model=64, user.language=zh, java.specification.vendor=Oracle Corporation, awt.toolkit=sun.awt.windows.WToolkit, java.vm.info=mixed mode, java.version=1.8.0_91, java.ext.dirs=C:\Program Files\Java\jdk1.8.0_91\jre\lib\ext;C:\WINDOWS\Sun\Java\lib\ext, sun.boot.class.path=C:\Program Files\Java\jdk1.8.0_91\jre\lib\resources.jar;C:\Program Files\Java\jdk1.8.0_91\jre\lib\rt.jar;C:\Program Files\Java\jdk1.8.0_91\jre\lib\sunrsasign.jar;C:\Program Files\Java\jdk1.8.0_91\jre\lib\jsse.jar;C:\Program Files\Java\jdk1.8.0_91\jre\lib\jce.jar;C:\Program Files\Java\jdk1.8.0_91\jre\lib\charsets.jar;C:\Program Files\Java\jdk1.8.0_91\jre\lib\jfr.jar;C:\Program Files\Java\jdk1.8.0_91\jre\classes, java.awt.headless=true, java.vendor=Oracle Corporation, localRepository=E:\1704A\repository, file.separator=\, java.vendor.url.bug=http://bugreport.sun.com/bugreport/, sun.io.unicode.encoding=UnicodeLittle, sun.cpu.endian=little, sun.desktop=windows, sun.cpu.isalist=amd64}}, SystemEnvironmentPropertySource@633103787 {name='systemEnvironment', properties={PATH=E:\app\wangb\product\11.2.0\dbhome_1\bin;E:\maven\apache-maven-3.6.1\bin;C:\Program Files\Java\jdk1.8.0_91\bin;C:\Program Files (x86)\Intel\iCLS Client\;C:\Program Files\Intel\iCLS Client\;C:\Windows\system32;C:\Windows;C:\Windows\System32\Wbem;C:\Windows\System32\WindowsPowerShell\v1.0\;C:\Program Files (x86)\NVIDIA Corporation\PhysX\Common;C:\Program Files (x86)\Intel\Intel(R) Management Engine Components\DAL;C:\Program Files\Intel\Intel(R) Management Engine Components\DAL;C:\Program Files (x86)\Intel\Intel(R) Management Engine Components\IPT;C:\Program Files\Intel\Intel(R) Management Engine Components\IPT;C:\WINDOWS\system32;C:\WINDOWS;C:\WINDOWS\System32\Wbem;C:\WINDOWS\System32\WindowsPowerShell\v1.0\;C:\WINDOWS\System32\OpenSSH\;C:\Program Files\MySQL\MySQL Server 5.5\bin;E:\nodejs\;E:\Git\cmd;E:\Mp4\ffmpeg-20180227-fa0c9d6-win64-static\bin;C:\Users\wangb\AppData\Local\Microsoft\WindowsApps;C:\Users\wangb\AppData\Roaming\npm;E:\Microsoft VS Code\bin, USERDOMAIN_ROAMINGPROFILE=LAPTOP-8K1AKH0O, LOCALAPPDATA=C:\Users\wangb\AppData\Local, PROCESSOR_LEVEL=6, SYSTEMDRIVE=C:, COMMONPROGRAMFILES(X86)=C:\Program Files (x86)\Common Files, USERDOMAIN=LAPTOP-8K1AKH0O, FPS_BROWSER_APP_PROFILE_STRING=Internet Explorer, LOGONSERVER=\\LAPTOP-8K1AKH0O, JAVA_HOME=C:\Program Files\Java\jdk1.8.0_91, PROMPT=$P$G, SESSIONNAME=Console, ALLUSERSPROFILE=C:\ProgramData, PROGRAMFILES(X86)=C:\Program Files (x86), PROCESSOR_ARCHITECTURE=AMD64, DRIVERDATA=C:\Windows\System32\Drivers\DriverData, ERLANG_HOME=E:\erl9.2, =E:=E:\1704A\hdServiceCode\nm-service-manage-course, PROGRAMFILES=C:\Program Files, APPDATA=C:\Users\wangb\AppData\Roaming, MOZ_PLUGIN_PATH=E:\1704A\FoxitPhantomPDFBusiness\plugins\, PSMODULEPATH=C:\Program Files\WindowsPowerShell\Modules;C:\WINDOWS\system32\WindowsPowerShell\v1.0\Modules, PROGRAMW6432=C:\Program Files, PROGRAMDATA=C:\ProgramData, SYSTEMROOT=C:\WINDOWS, USERNAME=wangb, FPS_BROWSER_USER_PROFILE_STRING=Default, ONEDRIVE=C:\Users\wangb\OneDrive, CONFIGSETROOT=C:\WINDOWS\ConfigSetRoot, PATHEXT=.COM;.EXE;.BAT;.CMD;.VBS;.VBE;.JS;.JSE;.WSF;.WSH;.MSC, OS=Windows_NT, COMMONPROGRAMW6432=C:\Program Files\Common Files, COMPUTERNAME=LAPTOP-8K1AKH0O, COMMONPROGRAMFILES=C:\Program Files\Common Files, COMSPEC=C:\WINDOWS\system32\cmd.exe, PROCESSOR_REVISION=9e09, WINDIR=C:\WINDOWS, RABBITMQ_SERVER=E:\rabibitmq\rabbitmq_server-3.7.4, HOMEPATH=\Users\wangb, TEMP=C:\Users\wangb\AppData\Local\Temp, HOMEDRIVE=C:, PROCESSOR_IDENTIFIER=Intel64 Family 6 Model 158 Stepping 9, GenuineIntel, USERPROFILE=C:\Users\wangb, TMP=C:\Users\wangb\AppData\Local\Temp, PUBLIC=C:\Users\Public, NUMBER_OF_PROCESSORS=8, =::=::\}}]
2020-03-09 20:45:31.678 [main] DEBUG o.s.c.i.s.PathMatchingResourcePatternResolver - Resolved classpath location [com/ningmeng/framework/domain/course/] to resources [URL [jar:file:/E:/1704A/hdServiceCode/nm-framework-model/target/nm-framework-model.jar!/com/ningmeng/framework/domain/course/]]
2020-03-09 20:45:31.679 [main] DEBUG o.s.c.i.s.PathMatchingResourcePatternResolver - Looking for matching resources in jar file [file:/E:/1704A/hdServiceCode/nm-framework-model/target/nm-framework-model.jar]
2020-03-09 20:45:31.679 [main] DEBUG o.s.c.i.s.PathMatchingResourcePatternResolver - Resolved location pattern [classpath*:com/ningmeng/framework/domain/course/**/*.class] to resources [URL [jar:file:/E:/1704A/hdServiceCode/nm-framework-model/target/nm-framework-model.jar!/com/ningmeng/framework/domain/course/CourseOff.class], URL [jar:file:/E:/1704A/hdServiceCode/nm-framework-model/target/nm-framework-model.jar!/com/ningmeng/framework/domain/course/request/CourseListRequest.class], URL [jar:file:/E:/1704A/hdServiceCode/nm-framework-model/target/nm-framework-model.jar!/com/ningmeng/framework/domain/course/TeachplanMedia.class], URL [jar:file:/E:/1704A/hdServiceCode/nm-framework-model/target/nm-framework-model.jar!/com/ningmeng/framework/domain/course/CoursePre.class], URL [jar:file:/E:/1704A/hdServiceCode/nm-framework-model/target/nm-framework-model.jar!/com/ningmeng/framework/domain/course/response/CourseView.class], URL [jar:file:/E:/1704A/hdServiceCode/nm-framework-model/target/nm-framework-model.jar!/com/ningmeng/framework/domain/course/CoursePic.class], URL [jar:file:/E:/1704A/hdServiceCode/nm-framework-model/target/nm-framework-model.jar!/com/ningmeng/framework/domain/course/ext/TeachplanNode.class], URL [jar:file:/E:/1704A/hdServiceCode/nm-framework-model/target/nm-framework-model.jar!/com/ningmeng/framework/domain/course/Teachplan.class], URL [jar:file:/E:/1704A/hdServiceCode/nm-framework-model/target/nm-framework-model.jar!/com/ningmeng/framework/domain/course/CourseMarket.class], URL [jar:file:/E:/1704A/hdServiceCode/nm-framework-model/target/nm-framework-model.jar!/com/ningmeng/framework/domain/course/ext/CourseInfo.class], URL [jar:file:/E:/1704A/hdServiceCode/nm-framework-model/target/nm-framework-model.jar!/com/ningmeng/framework/domain/course/response/CourseCode.class], URL [jar:file:/E:/1704A/hdServiceCode/nm-framework-model/target/nm-framework-model.jar!/com/ningmeng/framework/domain/course/CoursePub.class], URL [jar:file:/E:/1704A/hdServiceCode/nm-framework-model/target/nm-framework-model.jar!/com/ningmeng/framework/domain/course/response/CoursePublishResult.class], URL [jar:file:/E:/1704A/hdServiceCode/nm-framework-model/target/nm-framework-model.jar!/com/ningmeng/framework/domain/course/CourseBase.class], URL [jar:file:/E:/1704A/hdServiceCode/nm-framework-model/target/nm-framework-model.jar!/com/ningmeng/framework/domain/course/ext/CategoryParameter.class], URL [jar:file:/E:/1704A/hdServiceCode/nm-framework-model/target/nm-framework-model.jar!/com/ningmeng/framework/domain/course/response/AddCourseResult.class], URL [jar:file:/E:/1704A/hdServiceCode/nm-framework-model/target/nm-framework-model.jar!/com/ningmeng/framework/domain/course/CourseIndex.class], URL [jar:file:/E:/1704A/hdServiceCode/nm-framework-model/target/nm-framework-model.jar!/com/ningmeng/framework/domain/course/ext/TeachplanExt.class], URL [jar:file:/E:/1704A/hdServiceCode/nm-framework-model/target/nm-framework-model.jar!/com/ningmeng/framework/domain/course/response/DeleteCourseResult.class], URL [jar:file:/E:/1704A/hdServiceCode/nm-framework-model/target/nm-framework-model.jar!/com/ningmeng/framework/domain/course/Category.class], URL [jar:file:/E:/1704A/hdServiceCode/nm-framework-model/target/nm-framework-model.jar!/com/ningmeng/framework/domain/course/ext/CategoryNode.class], URL [jar:file:/E:/1704A/hdServiceCode/nm-framework-model/target/nm-framework-model.jar!/com/ningmeng/framework/domain/course/ext/TeachplanParameter.class], URL [jar:file:/E:/1704A/hdServiceCode/nm-framework-model/target/nm-framework-model.jar!/com/ningmeng/framework/domain/course/TeachplanMediaPub.class]]
2020-03-09 20:45:31.684 [main] DEBUG o.s.b.f.s.DefaultListableBeanFactory - Eagerly caching bean 'mongoMappingContext' to allow for resolving potential circular references
2020-03-09 20:45:31.691 [main] DEBUG o.s.b.f.s.DefaultListableBeanFactory - Invoking afterPropertiesSet() on bean with name 'mongoMappingContext'
2020-03-09 20:45:31.691 [main] DEBUG o.s.b.f.s.DefaultListableBeanFactory - Returning cached instance of singleton bean 'org.springframework.transaction.config.internalTransactionAdvisor'
2020-03-09 20:45:31.691 [main] DEBUG o.s.b.f.s.DefaultListableBeanFactory - Returning cached instance of singleton bean 'org.springframework.transaction.config.internalTransactionAdvisor'
2020-03-09 20:45:31.693 [main] DEBUG o.s.b.f.s.DefaultListableBeanFactory - Finished creating instance of bean 'mongoMappingContext'
2020-03-09 20:45:31.694 [main] DEBUG o.s.b.f.s.DefaultListableBeanFactory - Returning cached instance of singleton bean 'mongoCustomConversions'
2020-03-09 20:45:31.694 [main] DEBUG o.s.b.f.s.DefaultListableBeanFactory - Autowiring by type from bean name 'mappingMongoConverter' via factory method to bean named 'mongoDbFactory'
2020-03-09 20:45:31.694 [main] DEBUG o.s.b.f.s.DefaultListableBeanFactory - Autowiring by type from bean name 'mappingMongoConverter' via factory method to bean named 'mongoMappingContext'
2020-03-09 20:45:31.694 [main] DEBUG o.s.b.f.s.DefaultListableBeanFactory - Autowiring by type from bean name 'mappingMongoConverter' via factory method to bean named 'mongoCustomConversions'
2020-03-09 20:45:31.722 [main] DEBUG o.s.b.f.s.DefaultListableBeanFactory - Eagerly caching bean 'mappingMongoConverter' to allow for resolving potential circular references
2020-03-09 20:45:31.728 [main] DEBUG o.s.b.f.s.DefaultListableBeanFactory - Invoking afterPropertiesSet() on bean with name 'mappingMongoConverter'
2020-03-09 20:45:31.731 [main] DEBUG o.s.b.f.s.DefaultListableBeanFactory - Returning cached instance of singleton bean 'org.springframework.transaction.config.internalTransactionAdvisor'
2020-03-09 20:45:31.731 [main] DEBUG o.s.b.f.s.DefaultListableBeanFactory - Returning cached instance of singleton bean 'org.springframework.transaction.config.internalTransactionAdvisor'
2020-03-09 20:45:31.733 [main] DEBUG o.s.b.f.s.DefaultListableBeanFactory - Finished creating instance of bean 'mappingMongoConverter'
2020-03-09 20:45:31.733 [main] DEBUG o.s.b.f.s.DefaultListableBeanFactory - Autowiring by type from bean name 'mongoTemplate' via factory method to bean named 'mongoDbFactory'
2020-03-09 20:45:31.733 [main] DEBUG o.s.b.f.s.DefaultListableBeanFactory - Autowiring by type from bean name 'mongoTemplate' via factory method to bean named 'mappingMongoConverter'
2020-03-09 20:45:31.760 [main] DEBUG o.s.b.f.s.DefaultListableBeanFactory - Eagerly caching bean 'mongoTemplate' to allow for resolving potential circular references
2020-03-09 20:45:31.773 [main] DEBUG o.s.b.f.s.DefaultListableBeanFactory - Returning cached instance of singleton bean 'org.springframework.transaction.config.internalTransactionAdvisor'
2020-03-09 20:45:31.773 [main] DEBUG o.s.b.f.s.DefaultListableBeanFactory - Returning cached instance of singleton bean 'org.springframework.transaction.config.internalTransactionAdvisor'
2020-03-09 20:45:31.776 [main] DEBUG o.s.b.f.s.DefaultListableBeanFactory - Finished creating instance of bean 'mongoTemplate'
2020-03-09 20:45:31.777 [main] DEBUG o.s.b.f.s.DefaultListableBeanFactory - Invoking afterPropertiesSet() on bean with name 'sysDictionaryRepository'
2020-03-09 20:45:31.806 [main] DEBUG o.s.d.m.c.i.MongoPersistentEntityIndexCreator - Analyzing class class com.ningmeng.framework.domain.system.SysDictionaryValue for index information.
2020-03-09 20:45:31.808 [main] DEBUG o.s.d.m.c.i.MongoPersistentEntityIndexCreator - Analyzing class class com.ningmeng.framework.domain.system.SysDictionary for index information.
2020-03-09 20:45:31.877 [main] DEBUG o.s.aop.framework.JdkDynamicAopProxy - Creating JDK dynamic proxy: target source is SingletonTargetSource for target object [org.springframework.data.mongodb.repository.support.SimpleMongoRepository@3abadb65]
2020-03-09 20:45:31.881 [main] DEBUG o.s.b.f.s.DefaultListableBeanFactory - Returning cached instance of singleton bean 'org.springframework.transaction.config.internalTransactionAdvisor'
2020-03-09 20:45:31.882 [main] DEBUG o.s.b.f.s.DefaultListableBeanFactory - Returning cached instance of singleton bean 'org.springframework.transaction.config.internalTransactionAdvisor'
2020-03-09 20:45:31.882 [main] DEBUG o.s.b.f.s.DefaultListableBeanFactory - Finished creating instance of bean 'sysDictionaryRepository'
2020-03-09 20:45:31.882 [main] DEBUG o.s.b.f.s.DefaultListableBeanFactory - Returning cached instance of singleton bean 'org.springframework.transaction.config.internalTransactionAdvisor'
2020-03-09 20:45:31.882 [main] DEBUG o.s.b.f.s.DefaultListableBeanFactory - Returning cached instance of singleton bean 'org.springframework.transaction.config.internalTransactionAdvisor'
2020-03-09 20:45:31.883 [main] DEBUG o.s.b.f.a.AutowiredAnnotationBeanPostProcessor - Autowiring by type from bean name 'sysDicthinaryService' to bean named 'sysDictionaryRepository'
2020-03-09 20:45:31.883 [main] DEBUG o.s.b.f.s.DefaultListableBeanFactory - Returning cached instance of singleton bean 'org.springframework.transaction.config.internalTransactionAdvisor'
2020-03-09 20:45:31.883 [main] DEBUG o.s.b.f.s.DefaultListableBeanFactory - Returning cached instance of singleton bean 'org.springframework.transaction.config.internalTransactionAdvisor'
2020-03-09 20:45:31.883 [main] DEBUG o.s.b.f.s.DefaultListableBeanFactory - Finished creating instance of bean 'sysDicthinaryService'
2020-03-09 20:45:31.883 [main] DEBUG o.s.b.f.a.AutowiredAnnotationBeanPostProcessor - Autowiring by type from bean name 'sysDicthinaryController' to bean named 'sysDicthinaryService'
2020-03-09 20:45:31.884 [main] DEBUG o.s.b.f.s.DefaultListableBeanFactory - Returning cached instance of singleton bean 'org.springframework.transaction.config.internalTransactionAdvisor'
2020-03-09 20:45:31.884 [main] DEBUG o.s.b.f.s.DefaultListableBeanFactory - Returning cached instance of singleton bean 'org.springframework.transaction.config.internalTransactionAdvisor'
2020-03-09 20:45:31.884 [main] DEBUG o.s.b.f.s.DefaultListableBeanFactory - Finished creating instance of bean 'sysDicthinaryController'
2020-03-09 20:45:31.884 [main] DEBUG o.s.b.f.s.DefaultListableBeanFactory - Returning cached instance of singleton bean 'courseService'
2020-03-09 20:45:31.885 [main] DEBUG o.s.b.f.s.DefaultListableBeanFactory - Returning cached instance of singleton bean 'sysDicthinaryService'
2020-03-09 20:45:31.885 [main] DEBUG o.s.b.f.s.DefaultListableBeanFactory - Creating shared instance of singleton bean 'swagger2Configuration'
2020-03-09 20:45:31.885 [main] DEBUG o.s.b.f.s.DefaultListableBeanFactory - Creating instance of bean 'swagger2Configuration'
2020-03-09 20:45:31.885 [main] DEBUG o.s.b.f.s.DefaultListableBeanFactory - Returning cached instance of singleton bean 'org.springframework.transaction.config.internalTransactionAdvisor'
2020-03-09 20:45:31.885 [main] DEBUG o.s.b.f.s.DefaultListableBeanFactory - Eagerly caching bean 'swagger2Configuration' to allow for resolving potential circular references
2020-03-09 20:45:31.888 [main] DEBUG o.s.b.f.s.DefaultListableBeanFactory - Returning cached instance of singleton bean 'org.springframework.transaction.config.internalTransactionAdvisor'
2020-03-09 20:45:31.888 [main] DEBUG o.s.b.f.s.DefaultListableBeanFactory - Returning cached instance of singleton bean 'org.springframework.transaction.config.internalTransactionAdvisor'
2020-03-09 20:45:31.889 [main] DEBUG o.s.b.f.s.DefaultListableBeanFactory - Finished creating instance of bean 'swagger2Configuration'
2020-03-09 20:45:31.889 [main] DEBUG o.s.b.f.s.DefaultListableBeanFactory - Creating shared instance of singleton bean 'licenseMapperImpl'
2020-03-09 20:45:31.889 [main] DEBUG o.s.b.f.s.DefaultListableBeanFactory - Creating instance of bean 'licenseMapperImpl'
2020-03-09 20:45:31.890 [main] DEBUG o.s.b.f.s.DefaultListableBeanFactory - Returning cached instance of singleton bean 'org.springframework.transaction.config.internalTransactionAdvisor'
2020-03-09 20:45:31.891 [main] DEBUG o.s.b.f.s.DefaultListableBeanFactory - Eagerly caching bean 'licenseMapperImpl' to allow for resolving potential circular references
2020-03-09 20:45:31.894 [main] DEBUG o.s.b.f.s.DefaultListableBeanFactory - Returning cached instance of singleton bean 'org.springframework.transaction.config.internalTransactionAdvisor'
2020-03-09 20:45:31.894 [main] DEBUG o.s.b.f.s.DefaultListableBeanFactory - Returning cached instance of singleton bean 'org.springframework.transaction.config.internalTransactionAdvisor'
2020-03-09 20:45:31.894 [main] DEBUG o.s.b.f.s.DefaultListableBeanFactory - Finished creating instance of bean 'licenseMapperImpl'
2020-03-09 20:45:31.894 [main] DEBUG o.s.b.f.s.DefaultListableBeanFactory - Creating shared instance of singleton bean 'modelMapperImpl'
2020-03-09 20:45:31.894 [main] DEBUG o.s.b.f.s.DefaultListableBeanFactory - Creating instance of bean 'modelMapperImpl'
2020-03-09 20:45:31.894 [main] DEBUG o.s.b.f.s.DefaultListableBeanFactory - Returning cached instance of singleton bean 'org.springframework.transaction.config.internalTransactionAdvisor'
2020-03-09 20:45:31.896 [main] DEBUG o.s.b.f.s.DefaultListableBeanFactory - Eagerly caching bean 'modelMapperImpl' to allow for resolving potential circular references
2020-03-09 20:45:31.899 [main] DEBUG o.s.b.f.s.DefaultListableBeanFactory - Returning cached instance of singleton bean 'org.springframework.transaction.config.internalTransactionAdvisor'
2020-03-09 20:45:31.900 [main] DEBUG o.s.b.f.s.DefaultListableBeanFactory - Returning cached instance of singleton bean 'org.springframework.transaction.config.internalTransactionAdvisor'
2020-03-09 20:45:31.900 [main] DEBUG o.s.b.f.s.DefaultListableBeanFactory - Finished creating instance of bean 'modelMapperImpl'
2020-03-09 20:45:31.900 [main] DEBUG o.s.b.f.s.DefaultListableBeanFactory - Creating shared instance of singleton bean 'parameterMapperImpl'
2020-03-09 20:45:31.900 [main] DEBUG o.s.b.f.s.DefaultListableBeanFactory - Creating instance of bean 'parameterMapperImpl'
2020-03-09 20:45:31.900 [main] DEBUG o.s.b.f.s.DefaultListableBeanFactory - Returning cached instance of singleton bean 'org.springframework.transaction.config.internalTransactionAdvisor'
2020-03-09 20:45:31.901 [main] DEBUG o.s.b.f.s.DefaultListableBeanFactory - Eagerly caching bean 'parameterMapperImpl' to allow for resolving potential circular references
2020-03-09 20:45:31.903 [main] DEBUG o.s.b.f.s.DefaultListableBeanFactory - Returning cached instance of singleton bean 'org.springframework.transaction.config.internalTransactionAdvisor'
2020-03-09 20:45:31.903 [main] DEBUG o.s.b.f.s.DefaultListableBeanFactory - Returning cached instance of singleton bean 'org.springframework.transaction.config.internalTransactionAdvisor'
2020-03-09 20:45:31.903 [main] DEBUG o.s.b.f.s.DefaultListableBeanFactory - Finished creating instance of bean 'parameterMapperImpl'
2020-03-09 20:45:31.903 [main] DEBUG o.s.b.f.s.DefaultListableBeanFactory - Creating shared instance of singleton bean 'securityMapperImpl'
2020-03-09 20:45:31.904 [main] DEBUG o.s.b.f.s.DefaultListableBeanFactory - Creating instance of bean 'securityMapperImpl'
2020-03-09 20:45:31.904 [main] DEBUG o.s.b.f.s.DefaultListableBeanFactory - Returning cached instance of singleton bean 'org.springframework.transaction.config.internalTransactionAdvisor'
2020-03-09 20:45:31.921 [main] DEBUG o.s.b.f.s.DefaultListableBeanFactory - Eagerly caching bean 'securityMapperImpl' to allow for resolving potential circular references
2020-03-09 20:45:31.923 [main] DEBUG o.s.b.f.s.DefaultListableBeanFactory - Returning cached instance of singleton bean 'org.springframework.transaction.config.internalTransactionAdvisor'
2020-03-09 20:45:31.923 [main] DEBUG o.s.b.f.s.DefaultListableBeanFactory - Returning cached instance of singleton bean 'org.springframework.transaction.config.internalTransactionAdvisor'
2020-03-09 20:45:31.924 [main] DEBUG o.s.b.f.s.DefaultListableBeanFactory - Finished creating instance of bean 'securityMapperImpl'
2020-03-09 20:45:31.924 [main] DEBUG o.s.b.f.s.DefaultListableBeanFactory - Creating shared instance of singleton bean 'serviceModelToSwagger2MapperImpl'
2020-03-09 20:45:31.924 [main] DEBUG o.s.b.f.s.DefaultListableBeanFactory - Creating instance of bean 'serviceModelToSwagger2MapperImpl'
2020-03-09 20:45:31.924 [main] DEBUG o.s.b.f.s.DefaultListableBeanFactory - Returning cached instance of singleton bean 'org.springframework.transaction.config.internalTransactionAdvisor'
2020-03-09 20:45:31.929 [main] DEBUG o.s.b.f.annotation.InjectionMetadata - Registered injected element on class [springfox.documentation.swagger2.mappers.ServiceModelToSwagger2MapperImpl]: AutowiredFieldElement for private springfox.documentation.swagger2.mappers.ModelMapper springfox.documentation.swagger2.mappers.ServiceModelToSwagger2MapperImpl.modelMapper
2020-03-09 20:45:31.929 [main] DEBUG o.s.b.f.annotation.InjectionMetadata - Registered injected element on class [springfox.documentation.swagger2.mappers.ServiceModelToSwagger2MapperImpl]: AutowiredFieldElement for private springfox.documentation.swagger2.mappers.ParameterMapper springfox.documentation.swagger2.mappers.ServiceModelToSwagger2MapperImpl.parameterMapper
2020-03-09 20:45:31.929 [main] DEBUG o.s.b.f.annotation.InjectionMetadata - Registered injected element on class [springfox.documentation.swagger2.mappers.ServiceModelToSwagger2MapperImpl]: AutowiredFieldElement for private springfox.documentation.swagger2.mappers.SecurityMapper springfox.documentation.swagger2.mappers.ServiceModelToSwagger2MapperImpl.securityMapper
2020-03-09 20:45:31.929 [main] DEBUG o.s.b.f.annotation.InjectionMetadata - Registered injected element on class [springfox.documentation.swagger2.mappers.ServiceModelToSwagger2MapperImpl]: AutowiredFieldElement for private springfox.documentation.swagger2.mappers.LicenseMapper springfox.documentation.swagger2.mappers.ServiceModelToSwagger2MapperImpl.licenseMapper
2020-03-09 20:45:31.929 [main] DEBUG o.s.b.f.annotation.InjectionMetadata - Registered injected element on class [springfox.documentation.swagger2.mappers.ServiceModelToSwagger2MapperImpl]: AutowiredFieldElement for private springfox.documentation.swagger2.mappers.VendorExtensionsMapper springfox.documentation.swagger2.mappers.ServiceModelToSwagger2MapperImpl.vendorExtensionsMapper
2020-03-09 20:45:31.929 [main] DEBUG o.s.b.f.s.DefaultListableBeanFactory - Eagerly caching bean 'serviceModelToSwagger2MapperImpl' to allow for resolving potential circular references
2020-03-09 20:45:31.931 [main] DEBUG o.s.b.f.annotation.InjectionMetadata - Processing injected element of bean 'serviceModelToSwagger2MapperImpl': AutowiredFieldElement for private springfox.documentation.swagger2.mappers.ModelMapper springfox.documentation.swagger2.mappers.ServiceModelToSwagger2MapperImpl.modelMapper
2020-03-09 20:45:31.931 [main] DEBUG o.s.core.annotation.AnnotationUtils - Failed to meta-introspect annotation interface org.springframework.beans.factory.annotation.Autowired: java.lang.NullPointerException
2020-03-09 20:45:31.933 [main] DEBUG o.s.b.f.s.DefaultListableBeanFactory - Returning cached instance of singleton bean 'modelMapperImpl'
2020-03-09 20:45:31.933 [main] DEBUG o.s.b.f.a.AutowiredAnnotationBeanPostProcessor - Autowiring by type from bean name 'serviceModelToSwagger2MapperImpl' to bean named 'modelMapperImpl'
2020-03-09 20:45:31.933 [main] DEBUG o.s.b.f.annotation.InjectionMetadata - Processing injected element of bean 'serviceModelToSwagger2MapperImpl': AutowiredFieldElement for private springfox.documentation.swagger2.mappers.ParameterMapper springfox.documentation.swagger2.mappers.ServiceModelToSwagger2MapperImpl.parameterMapper
2020-03-09 20:45:31.933 [main] DEBUG o.s.core.annotation.AnnotationUtils - Failed to meta-introspect annotation interface org.springframework.beans.factory.annotation.Autowired: java.lang.NullPointerException
2020-03-09 20:45:31.935 [main] DEBUG o.s.b.f.s.DefaultListableBeanFactory - Returning cached instance of singleton bean 'parameterMapperImpl'
2020-03-09 20:45:31.935 [main] DEBUG o.s.b.f.a.AutowiredAnnotationBeanPostProcessor - Autowiring by type from bean name 'serviceModelToSwagger2MapperImpl' to bean named 'parameterMapperImpl'
2020-03-09 20:45:31.935 [main] DEBUG o.s.b.f.annotation.InjectionMetadata - Processing injected element of bean 'serviceModelToSwagger2MapperImpl': AutowiredFieldElement for private springfox.documentation.swagger2.mappers.SecurityMapper springfox.documentation.swagger2.mappers.ServiceModelToSwagger2MapperImpl.securityMapper
2020-03-09 20:45:31.935 [main] DEBUG o.s.core.annotation.AnnotationUtils - Failed to meta-introspect annotation interface org.springframework.beans.factory.annotation.Autowired: java.lang.NullPointerException
2020-03-09 20:45:31.937 [main] DEBUG o.s.b.f.s.DefaultListableBeanFactory - Returning cached instance of singleton bean 'securityMapperImpl'
2020-03-09 20:45:31.937 [main] DEBUG o.s.b.f.a.AutowiredAnnotationBeanPostProcessor - Autowiring by type from bean name 'serviceModelToSwagger2MapperImpl' to bean named 'securityMapperImpl'
2020-03-09 20:45:31.937 [main] DEBUG o.s.b.f.annotation.InjectionMetadata - Processing injected element of bean 'serviceModelToSwagger2MapperImpl': AutowiredFieldElement for private springfox.documentation.swagger2.mappers.LicenseMapper springfox.documentation.swagger2.mappers.ServiceModelToSwagger2MapperImpl.licenseMapper
2020-03-09 20:45:31.937 [main] DEBUG o.s.core.annotation.AnnotationUtils - Failed to meta-introspect annotation interface org.springframework.beans.factory.annotation.Autowired: java.lang.NullPointerException
2020-03-09 20:45:31.939 [main] DEBUG o.s.b.f.s.DefaultListableBeanFactory - Returning cached instance of singleton bean 'licenseMapperImpl'
2020-03-09 20:45:31.939 [main] DEBUG o.s.b.f.a.AutowiredAnnotationBeanPostProcessor - Autowiring by type from bean name 'serviceModelToSwagger2MapperImpl' to bean named 'licenseMapperImpl'
2020-03-09 20:45:31.939 [main] DEBUG o.s.b.f.annotation.InjectionMetadata - Processing injected element of bean 'serviceModelToSwagger2MapperImpl': AutowiredFieldElement for private springfox.documentation.swagger2.mappers.VendorExtensionsMapper springfox.documentation.swagger2.mappers.ServiceModelToSwagger2MapperImpl.vendorExtensionsMapper
2020-03-09 20:45:31.939 [main] DEBUG o.s.core.annotation.AnnotationUtils - Failed to meta-introspect annotation interface org.springframework.beans.factory.annotation.Autowired: java.lang.NullPointerException
2020-03-09 20:45:31.941 [main] DEBUG o.s.b.f.s.DefaultListableBeanFactory - Creating shared instance of singleton bean 'vendorExtensionsMapperImpl'
2020-03-09 20:45:31.941 [main] DEBUG o.s.b.f.s.DefaultListableBeanFactory - Creating instance of bean 'vendorExtensionsMapperImpl'
2020-03-09 20:45:31.941 [main] DEBUG o.s.b.f.s.DefaultListableBeanFactory - Returning cached instance of singleton bean 'org.springframework.transaction.config.internalTransactionAdvisor'
2020-03-09 20:45:31.943 [main] DEBUG o.s.b.f.s.DefaultListableBeanFactory - Eagerly caching bean 'vendorExtensionsMapperImpl' to allow for resolving potential circular references
2020-03-09 20:45:31.947 [main] DEBUG o.s.b.f.s.DefaultListableBeanFactory - Returning cached instance of singleton bean 'org.springframework.transaction.config.internalTransactionAdvisor'
2020-03-09 20:45:31.947 [main] DEBUG o.s.b.f.s.DefaultListableBeanFactory - Returning cached instance of singleton bean 'org.springframework.transaction.config.internalTransactionAdvisor'
2020-03-09 20:45:31.948 [main] DEBUG o.s.b.f.s.DefaultListableBeanFactory - Finished creating instance of bean 'vendorExtensionsMapperImpl'
2020-03-09 20:45:31.948 [main] DEBUG o.s.b.f.a.AutowiredAnnotationBeanPostProcessor - Autowiring by type from bean name 'serviceModelToSwagger2MapperImpl' to bean named 'vendorExtensionsMapperImpl'
2020-03-09 20:45:31.948 [main] DEBUG o.s.b.f.s.DefaultListableBeanFactory - Returning cached instance of singleton bean 'org.springframework.transaction.config.internalTransactionAdvisor'
2020-03-09 20:45:31.948 [main] DEBUG o.s.b.f.s.DefaultListableBeanFactory - Returning cached instance of singleton bean 'org.springframework.transaction.config.internalTransactionAdvisor'
2020-03-09 20:45:31.948 [main] DEBUG o.s.b.f.s.DefaultListableBeanFactory - Finished creating instance of bean 'serviceModelToSwagger2MapperImpl'
2020-03-09 20:45:31.948 [main] DEBUG o.s.b.f.s.DefaultListableBeanFactory - Returning cached instance of singleton bean 'vendorExtensionsMapperImpl'
2020-03-09 20:45:31.948 [main] DEBUG o.s.b.f.s.DefaultListableBeanFactory - Creating shared instance of singleton bean 'apiDescriptionLookup'
2020-03-09 20:45:31.948 [main] DEBUG o.s.b.f.s.DefaultListableBeanFactory - Creating instance of bean 'apiDescriptionLookup'
2020-03-09 20:45:31.948 [main] DEBUG o.s.b.f.s.DefaultListableBeanFactory - Returning cached instance of singleton bean 'org.springframework.transaction.config.internalTransactionAdvisor'
2020-03-09 20:45:31.955 [main] DEBUG o.s.b.f.s.DefaultListableBeanFactory - Eagerly caching bean 'apiDescriptionLookup' to allow for resolving potential circular references
2020-03-09 20:45:31.956 [main] DEBUG o.s.b.f.s.DefaultListableBeanFactory - Returning cached instance of singleton bean 'org.springframework.transaction.config.internalTransactionAdvisor'
2020-03-09 20:45:31.956 [main] DEBUG o.s.b.f.s.DefaultListableBeanFactory - Returning cached instance of singleton bean 'org.springframework.transaction.config.internalTransactionAdvisor'
2020-03-09 20:45:31.956 [main] DEBUG o.s.b.f.s.DefaultListableBeanFactory - Finished creating instance of bean 'apiDescriptionLookup'
2020-03-09 20:45:31.957 [main] DEBUG o.s.b.f.s.DefaultListableBeanFactory - Creating shared instance of singleton bean 'apiDescriptionReader'
2020-03-09 20:45:31.957 [main] DEBUG o.s.b.f.s.DefaultListableBeanFactory - Creating instance of bean 'apiDescriptionReader'
2020-03-09 20:45:31.957 [main] DEBUG o.s.b.f.s.DefaultListableBeanFactory - Returning cached instance of singleton bean 'org.springframework.transaction.config.internalTransactionAdvisor'
2020-03-09 20:45:31.961 [main] DEBUG o.s.core.annotation.AnnotationUtils - Failed to meta-introspect annotation interface org.springframework.beans.factory.annotation.Qualifier: java.lang.NullPointerException
2020-03-09 20:45:31.963 [main] DEBUG o.s.b.f.s.DefaultListableBeanFactory - Creating shared instance of singleton bean 'cachingOperationReader'
2020-03-09 20:45:31.963 [main] DEBUG o.s.b.f.s.DefaultListableBeanFactory - Creating instance of bean 'cachingOperationReader'
2020-03-09 20:45:31.963 [main] DEBUG o.s.b.f.s.DefaultListableBeanFactory - Returning cached instance of singleton bean 'org.springframework.transaction.config.internalTransactionAdvisor'
2020-03-09 20:45:31.965 [main] DEBUG o.s.core.annotation.AnnotationUtils - Failed to meta-introspect annotation interface org.springframework.beans.factory.annotation.Qualifier: java.lang.NullPointerException
2020-03-09 20:45:31.965 [main] DEBUG o.s.b.f.s.DefaultListableBeanFactory - Creating shared instance of singleton bean 'apiOperationReader'
2020-03-09 20:45:31.965 [main] DEBUG o.s.b.f.s.DefaultListableBeanFactory - Creating instance of bean 'apiOperationReader'
2020-03-09 20:45:31.965 [main] DEBUG o.s.b.f.s.DefaultListableBeanFactory - Returning cached instance of singleton bean 'org.springframework.transaction.config.internalTransactionAdvisor'
2020-03-09 20:45:31.969 [main] DEBUG o.s.b.f.s.DefaultListableBeanFactory - Creating shared instance of singleton bean 'documentationPluginsManager'
2020-03-09 20:45:31.969 [main] DEBUG o.s.b.f.s.DefaultListableBeanFactory - Creating instance of bean 'documentationPluginsManager'
2020-03-09 20:45:31.969 [main] DEBUG o.s.b.f.s.DefaultListableBeanFactory - Returning cached instance of singleton bean 'org.springframework.transaction.config.internalTransactionAdvisor'
2020-03-09 20:45:31.976 [main] DEBUG o.s.b.f.annotation.InjectionMetadata - Registered injected element on class [springfox.documentation.spring.web.plugins.DocumentationPluginsManager]: AutowiredFieldElement for private org.springframework.plugin.core.PluginRegistry springfox.documentation.spring.web.plugins.DocumentationPluginsManager.documentationPlugins
2020-03-09 20:45:31.976 [main] DEBUG o.s.b.f.annotation.InjectionMetadata - Registered injected element on class [springfox.documentation.spring.web.plugins.DocumentationPluginsManager]: AutowiredFieldElement for private org.springframework.plugin.core.PluginRegistry springfox.documentation.spring.web.plugins.DocumentationPluginsManager.apiListingPlugins
2020-03-09 20:45:31.977 [main] DEBUG o.s.b.f.annotation.InjectionMetadata - Registered injected element on class [springfox.documentation.spring.web.plugins.DocumentationPluginsManager]: AutowiredFieldElement for private org.springframework.plugin.core.PluginRegistry springfox.documentation.spring.web.plugins.DocumentationPluginsManager.parameterPlugins
2020-03-09 20:45:31.977 [main] DEBUG o.s.b.f.annotation.InjectionMetadata - Registered injected element on class [springfox.documentation.spring.web.plugins.DocumentationPluginsManager]: AutowiredFieldElement for private org.springframework.plugin.core.PluginRegistry springfox.documentation.spring.web.plugins.DocumentationPluginsManager.parameterExpanderPlugins
2020-03-09 20:45:31.977 [main] DEBUG o.s.b.f.annotation.InjectionMetadata - Registered injected element on class [springfox.documentation.spring.web.plugins.DocumentationPluginsManager]: AutowiredFieldElement for private org.springframework.plugin.core.PluginRegistry springfox.documentation.spring.web.plugins.DocumentationPluginsManager.operationBuilderPlugins
2020-03-09 20:45:31.977 [main] DEBUG o.s.b.f.annotation.InjectionMetadata - Registered injected element on class [springfox.documentation.spring.web.plugins.DocumentationPluginsManager]: AutowiredFieldElement for private org.springframework.plugin.core.PluginRegistry springfox.documentation.spring.web.plugins.DocumentationPluginsManager.resourceGroupingStrategies
2020-03-09 20:45:31.977 [main] DEBUG o.s.b.f.annotation.InjectionMetadata - Registered injected element on class [springfox.documentation.spring.web.plugins.DocumentationPluginsManager]: AutowiredFieldElement for private org.springframework.plugin.core.PluginRegistry springfox.documentation.spring.web.plugins.DocumentationPluginsManager.operationModelsProviders
2020-03-09 20:45:31.977 [main] DEBUG o.s.b.f.annotation.InjectionMetadata - Registered injected element on class [springfox.documentation.spring.web.plugins.DocumentationPluginsManager]: AutowiredFieldElement for private org.springframework.plugin.core.PluginRegistry springfox.documentation.spring.web.plugins.DocumentationPluginsManager.defaultsProviders
2020-03-09 20:45:31.977 [main] DEBUG o.s.b.f.annotation.InjectionMetadata - Registered injected element on class [springfox.documentation.spring.web.plugins.DocumentationPluginsManager]: AutowiredFieldElement for private org.springframework.plugin.core.PluginRegistry springfox.documentation.spring.web.plugins.DocumentationPluginsManager.pathDecorators
2020-03-09 20:45:31.977 [main] DEBUG o.s.b.f.annotation.InjectionMetadata - Registered injected element on class [springfox.documentation.spring.web.plugins.DocumentationPluginsManager]: AutowiredFieldElement for private org.springframework.plugin.core.PluginRegistry springfox.documentation.spring.web.plugins.DocumentationPluginsManager.apiListingScanners
2020-03-09 20:45:31.977 [main] DEBUG o.s.b.f.s.DefaultListableBeanFactory - Eagerly caching bean 'documentationPluginsManager' to allow for resolving potential circular references
2020-03-09 20:45:31.980 [main] DEBUG o.s.b.f.annotation.InjectionMetadata - Processing injected element of bean 'documentationPluginsManager': AutowiredFieldElement for private org.springframework.plugin.core.PluginRegistry springfox.documentation.spring.web.plugins.DocumentationPluginsManager.documentationPlugins
2020-03-09 20:45:31.981 [main] DEBUG o.s.core.annotation.AnnotationUtils - Failed to meta-introspect annotation interface org.springframework.beans.factory.annotation.Autowired: java.lang.NullPointerException
2020-03-09 20:45:31.981 [main] DEBUG o.s.core.annotation.AnnotationUtils - Failed to meta-introspect annotation interface org.springframework.beans.factory.annotation.Qualifier: java.lang.NullPointerException
2020-03-09 20:45:31.984 [main] DEBUG o.s.b.f.s.DefaultListableBeanFactory - Returning cached instance of singleton bean 'documentationPluginRegistry'
2020-03-09 20:45:31.984 [main] DEBUG o.s.aop.framework.JdkDynamicAopProxy - Creating JDK dynamic proxy: target source is org.springframework.plugin.core.support.AbstractTypeAwareSupport$BeansOfTypeTargetSource@6b278b17
2020-03-09 20:45:31.989 [main] DEBUG o.s.b.f.s.DefaultListableBeanFactory - Returning cached instance of singleton bean 'org.springframework.transaction.config.internalTransactionAdvisor'
2020-03-09 20:45:31.989 [main] DEBUG o.s.b.f.s.DefaultListableBeanFactory - Returning cached instance of singleton bean 'org.springframework.transaction.config.internalTransactionAdvisor'
2020-03-09 20:45:31.992 [main] DEBUG o.s.b.f.a.AutowiredAnnotationBeanPostProcessor - Autowiring by type from bean name 'documentationPluginsManager' to bean named 'documentationPluginRegistry'
2020-03-09 20:45:31.993 [main] DEBUG o.s.b.f.annotation.InjectionMetadata - Processing injected element of bean 'documentationPluginsManager': AutowiredFieldElement for private org.springframework.plugin.core.PluginRegistry springfox.documentation.spring.web.plugins.DocumentationPluginsManager.apiListingPlugins
2020-03-09 20:45:31.993 [main] DEBUG o.s.core.annotation.AnnotationUtils - Failed to meta-introspect annotation interface org.springframework.beans.factory.annotation.Autowired: java.lang.NullPointerException
2020-03-09 20:45:31.993 [main] DEBUG o.s.core.annotation.AnnotationUtils - Failed to meta-introspect annotation interface org.springframework.beans.factory.annotation.Qualifier: java.lang.NullPointerException
2020-03-09 20:45:31.994 [main] DEBUG o.s.b.f.s.DefaultListableBeanFactory - Returning cached instance of singleton bean 'apiListingBuilderPluginRegistry'
2020-03-09 20:45:31.994 [main] DEBUG o.s.aop.framework.JdkDynamicAopProxy - Creating JDK dynamic proxy: target source is org.springframework.plugin.core.support.AbstractTypeAwareSupport$BeansOfTypeTargetSource@69ac5752
2020-03-09 20:45:31.994 [main] DEBUG o.s.b.f.s.DefaultListableBeanFactory - Returning cached instance of singleton bean 'org.springframework.transaction.config.internalTransactionAdvisor'
2020-03-09 20:45:31.994 [main] DEBUG o.s.b.f.s.DefaultListableBeanFactory - Returning cached instance of singleton bean 'org.springframework.transaction.config.internalTransactionAdvisor'
2020-03-09 20:45:31.995 [main] DEBUG o.s.b.f.a.AutowiredAnnotationBeanPostProcessor - Autowiring by type from bean name 'documentationPluginsManager' to bean named 'apiListingBuilderPluginRegistry'
2020-03-09 20:45:31.995 [main] DEBUG o.s.b.f.annotation.InjectionMetadata - Processing injected element of bean 'documentationPluginsManager': AutowiredFieldElement for private org.springframework.plugin.core.PluginRegistry springfox.documentation.spring.web.plugins.DocumentationPluginsManager.parameterPlugins
2020-03-09 20:45:31.995 [main] DEBUG o.s.core.annotation.AnnotationUtils - Failed to meta-introspect annotation interface org.springframework.beans.factory.annotation.Autowired: java.lang.NullPointerException
2020-03-09 20:45:31.995 [main] DEBUG o.s.core.annotation.AnnotationUtils - Failed to meta-introspect annotation interface org.springframework.beans.factory.annotation.Qualifier: java.lang.NullPointerException
2020-03-09 20:45:31.996 [main] DEBUG o.s.b.f.s.DefaultListableBeanFactory - Returning cached instance of singleton bean 'parameterBuilderPluginRegistry'
2020-03-09 20:45:31.996 [main] DEBUG o.s.aop.framework.JdkDynamicAopProxy - Creating JDK dynamic proxy: target source is org.springframework.plugin.core.support.AbstractTypeAwareSupport$BeansOfTypeTargetSource@36eb8e07
2020-03-09 20:45:31.997 [main] DEBUG o.s.b.f.s.DefaultListableBeanFactory - Returning cached instance of singleton bean 'org.springframework.transaction.config.internalTransactionAdvisor'
2020-03-09 20:45:31.997 [main] DEBUG o.s.b.f.s.DefaultListableBeanFactory - Returning cached instance of singleton bean 'org.springframework.transaction.config.internalTransactionAdvisor'
2020-03-09 20:45:31.998 [main] DEBUG o.s.b.f.a.AutowiredAnnotationBeanPostProcessor - Autowiring by type from bean name 'documentationPluginsManager' to bean named 'parameterBuilderPluginRegistry'
2020-03-09 20:45:31.999 [main] DEBUG o.s.b.f.annotation.InjectionMetadata - Processing injected element of bean 'documentationPluginsManager': AutowiredFieldElement for private org.springframework.plugin.core.PluginRegistry springfox.documentation.spring.web.plugins.DocumentationPluginsManager.parameterExpanderPlugins
2020-03-09 20:45:31.999 [main] DEBUG o.s.core.annotation.AnnotationUtils - Failed to meta-introspect annotation interface org.springframework.beans.factory.annotation.Autowired: java.lang.NullPointerException
2020-03-09 20:45:31.999 [main] DEBUG o.s.core.annotation.AnnotationUtils - Failed to meta-introspect annotation interface org.springframework.beans.factory.annotation.Qualifier: java.lang.NullPointerException
2020-03-09 20:45:32.000 [main] DEBUG o.s.b.f.s.DefaultListableBeanFactory - Returning cached instance of singleton bean 'expandedParameterBuilderPluginRegistry'
2020-03-09 20:45:32.001 [main] DEBUG o.s.aop.framework.JdkDynamicAopProxy - Creating JDK dynamic proxy: target source is org.springframework.plugin.core.support.AbstractTypeAwareSupport$BeansOfTypeTargetSource@53ddabc6
2020-03-09 20:45:32.001 [main] DEBUG o.s.b.f.s.DefaultListableBeanFactory - Returning cached instance of singleton bean 'org.springframework.transaction.config.internalTransactionAdvisor'
2020-03-09 20:45:32.001 [main] DEBUG o.s.b.f.s.DefaultListableBeanFactory - Returning cached instance of singleton bean 'org.springframework.transaction.config.internalTransactionAdvisor'
2020-03-09 20:45:32.001 [main] DEBUG o.s.b.f.a.AutowiredAnnotationBeanPostProcessor - Autowiring by type from bean name 'documentationPluginsManager' to bean named 'expandedParameterBuilderPluginRegistry'
2020-03-09 20:45:32.001 [main] DEBUG o.s.b.f.annotation.InjectionMetadata - Processing injected element of bean 'documentationPluginsManager': AutowiredFieldElement for private org.springframework.plugin.core.PluginRegistry springfox.documentation.spring.web.plugins.DocumentationPluginsManager.operationBuilderPlugins
2020-03-09 20:45:32.002 [main] DEBUG o.s.core.annotation.AnnotationUtils - Failed to meta-introspect annotation interface org.springframework.beans.factory.annotation.Autowired: java.lang.NullPointerException
2020-03-09 20:45:32.002 [main] DEBUG o.s.core.annotation.AnnotationUtils - Failed to meta-introspect annotation interface org.springframework.beans.factory.annotation.Qualifier: java.lang.NullPointerException
2020-03-09 20:45:32.002 [main] DEBUG o.s.b.f.s.DefaultListableBeanFactory - Returning cached instance of singleton bean 'operationBuilderPluginRegistry'
2020-03-09 20:45:32.003 [main] DEBUG o.s.aop.framework.JdkDynamicAopProxy - Creating JDK dynamic proxy: target source is org.springframework.plugin.core.support.AbstractTypeAwareSupport$BeansOfTypeTargetSource@51172948
2020-03-09 20:45:32.003 [main] DEBUG o.s.b.f.s.DefaultListableBeanFactory - Returning cached instance of singleton bean 'org.springframework.transaction.config.internalTransactionAdvisor'
2020-03-09 20:45:32.003 [main] DEBUG o.s.b.f.s.DefaultListableBeanFactory - Returning cached instance of singleton bean 'org.springframework.transaction.config.internalTransactionAdvisor'
2020-03-09 20:45:32.003 [main] DEBUG o.s.b.f.a.AutowiredAnnotationBeanPostProcessor - Autowiring by type from bean name 'documentationPluginsManager' to bean named 'operationBuilderPluginRegistry'
2020-03-09 20:45:32.003 [main] DEBUG o.s.b.f.annotation.InjectionMetadata - Processing injected element of bean 'documentationPluginsManager': AutowiredFieldElement for private org.springframework.plugin.core.PluginRegistry springfox.documentation.spring.web.plugins.DocumentationPluginsManager.resourceGroupingStrategies
2020-03-09 20:45:32.003 [main] DEBUG o.s.core.annotation.AnnotationUtils - Failed to meta-introspect annotation interface org.springframework.beans.factory.annotation.Autowired: java.lang.NullPointerException
2020-03-09 20:45:32.003 [main] DEBUG o.s.core.annotation.AnnotationUtils - Failed to meta-introspect annotation interface org.springframework.beans.factory.annotation.Qualifier: java.lang.NullPointerException
2020-03-09 20:45:32.004 [main] DEBUG o.s.b.f.s.DefaultListableBeanFactory - Returning cached instance of singleton bean 'resourceGroupingStrategyRegistry'
2020-03-09 20:45:32.004 [main] DEBUG o.s.aop.framework.JdkDynamicAopProxy - Creating JDK dynamic proxy: target source is org.springframework.plugin.core.support.AbstractTypeAwareSupport$BeansOfTypeTargetSource@7cd8831c
2020-03-09 20:45:32.004 [main] DEBUG o.s.b.f.s.DefaultListableBeanFactory - Returning cached instance of singleton bean 'org.springframework.transaction.config.internalTransactionAdvisor'
2020-03-09 20:45:32.005 [main] DEBUG o.s.b.f.s.DefaultListableBeanFactory - Returning cached instance of singleton bean 'org.springframework.transaction.config.internalTransactionAdvisor'
2020-03-09 20:45:32.005 [main] DEBUG o.s.b.f.a.AutowiredAnnotationBeanPostProcessor - Autowiring by type from bean name 'documentationPluginsManager' to bean named 'resourceGroupingStrategyRegistry'
2020-03-09 20:45:32.005 [main] DEBUG o.s.b.f.annotation.InjectionMetadata - Processing injected element of bean 'documentationPluginsManager': AutowiredFieldElement for private org.springframework.plugin.core.PluginRegistry springfox.documentation.spring.web.plugins.DocumentationPluginsManager.operationModelsProviders
2020-03-09 20:45:32.005 [main] DEBUG o.s.core.annotation.AnnotationUtils - Failed to meta-introspect annotation interface org.springframework.beans.factory.annotation.Autowired: java.lang.NullPointerException
2020-03-09 20:45:32.005 [main] DEBUG o.s.core.annotation.AnnotationUtils - Failed to meta-introspect annotation interface org.springframework.beans.factory.annotation.Qualifier: java.lang.NullPointerException
2020-03-09 20:45:32.007 [main] DEBUG o.s.b.f.s.DefaultListableBeanFactory - Returning cached instance of singleton bean 'operationModelsProviderPluginRegistry'
2020-03-09 20:45:32.007 [main] DEBUG o.s.aop.framework.JdkDynamicAopProxy - Creating JDK dynamic proxy: target source is org.springframework.plugin.core.support.AbstractTypeAwareSupport$BeansOfTypeTargetSource@40c0437f
2020-03-09 20:45:32.007 [main] DEBUG o.s.b.f.s.DefaultListableBeanFactory - Returning cached instance of singleton bean 'org.springframework.transaction.config.internalTransactionAdvisor'
2020-03-09 20:45:32.007 [main] DEBUG o.s.b.f.s.DefaultListableBeanFactory - Returning cached instance of singleton bean 'org.springframework.transaction.config.internalTransactionAdvisor'
2020-03-09 20:45:32.007 [main] DEBUG o.s.b.f.a.AutowiredAnnotationBeanPostProcessor - Autowiring by type from bean name 'documentationPluginsManager' to bean named 'operationModelsProviderPluginRegistry'
2020-03-09 20:45:32.007 [main] DEBUG o.s.b.f.annotation.InjectionMetadata - Processing injected element of bean 'documentationPluginsManager': AutowiredFieldElement for private org.springframework.plugin.core.PluginRegistry springfox.documentation.spring.web.plugins.DocumentationPluginsManager.defaultsProviders
2020-03-09 20:45:32.007 [main] DEBUG o.s.core.annotation.AnnotationUtils - Failed to meta-introspect annotation interface org.springframework.beans.factory.annotation.Autowired: java.lang.NullPointerException
2020-03-09 20:45:32.007 [main] DEBUG o.s.core.annotation.AnnotationUtils - Failed to meta-introspect annotation interface org.springframework.beans.factory.annotation.Qualifier: java.lang.NullPointerException
2020-03-09 20:45:32.008 [main] DEBUG o.s.b.f.s.DefaultListableBeanFactory - Returning cached instance of singleton bean 'defaultsProviderPluginRegistry'
2020-03-09 20:45:32.008 [main] DEBUG o.s.aop.framework.JdkDynamicAopProxy - Creating JDK dynamic proxy: target source is org.springframework.plugin.core.support.AbstractTypeAwareSupport$BeansOfTypeTargetSource@2d3111a1
2020-03-09 20:45:32.009 [main] DEBUG o.s.b.f.s.DefaultListableBeanFactory - Returning cached instance of singleton bean 'org.springframework.transaction.config.internalTransactionAdvisor'
2020-03-09 20:45:32.009 [main] DEBUG o.s.b.f.s.DefaultListableBeanFactory - Returning cached instance of singleton bean 'org.springframework.transaction.config.internalTransactionAdvisor'
2020-03-09 20:45:32.009 [main] DEBUG o.s.b.f.a.AutowiredAnnotationBeanPostProcessor - Autowiring by type from bean name 'documentationPluginsManager' to bean named 'defaultsProviderPluginRegistry'
2020-03-09 20:45:32.009 [main] DEBUG o.s.b.f.annotation.InjectionMetadata - Processing injected element of bean 'documentationPluginsManager': AutowiredFieldElement for private org.springframework.plugin.core.PluginRegistry springfox.documentation.spring.web.plugins.DocumentationPluginsManager.pathDecorators
2020-03-09 20:45:32.009 [main] DEBUG o.s.core.annotation.AnnotationUtils - Failed to meta-introspect annotation interface org.springframework.beans.factory.annotation.Autowired: java.lang.NullPointerException
2020-03-09 20:45:32.009 [main] DEBUG o.s.core.annotation.AnnotationUtils - Failed to meta-introspect annotation interface org.springframework.beans.factory.annotation.Qualifier: java.lang.NullPointerException
2020-03-09 20:45:32.011 [main] DEBUG o.s.b.f.s.DefaultListableBeanFactory - Returning cached instance of singleton bean 'pathDecoratorRegistry'
2020-03-09 20:45:32.011 [main] DEBUG o.s.aop.framework.JdkDynamicAopProxy - Creating JDK dynamic proxy: target source is org.springframework.plugin.core.support.AbstractTypeAwareSupport$BeansOfTypeTargetSource@3fc5d397
2020-03-09 20:45:32.012 [main] DEBUG o.s.b.f.s.DefaultListableBeanFactory - Returning cached instance of singleton bean 'org.springframework.transaction.config.internalTransactionAdvisor'
2020-03-09 20:45:32.012 [main] DEBUG o.s.b.f.s.DefaultListableBeanFactory - Returning cached instance of singleton bean 'org.springframework.transaction.config.internalTransactionAdvisor'
2020-03-09 20:45:32.012 [main] DEBUG o.s.b.f.a.AutowiredAnnotationBeanPostProcessor - Autowiring by type from bean name 'documentationPluginsManager' to bean named 'pathDecoratorRegistry'
2020-03-09 20:45:32.012 [main] DEBUG o.s.b.f.annotation.InjectionMetadata - Processing injected element of bean 'documentationPluginsManager': AutowiredFieldElement for private org.springframework.plugin.core.PluginRegistry springfox.documentation.spring.web.plugins.DocumentationPluginsManager.apiListingScanners
2020-03-09 20:45:32.013 [main] DEBUG o.s.core.annotation.AnnotationUtils - Failed to meta-introspect annotation interface org.springframework.beans.factory.annotation.Autowired: java.lang.NullPointerException
2020-03-09 20:45:32.013 [main] DEBUG o.s.core.annotation.AnnotationUtils - Failed to meta-introspect annotation interface org.springframework.beans.factory.annotation.Qualifier: java.lang.NullPointerException
2020-03-09 20:45:32.016 [main] DEBUG o.s.b.f.s.DefaultListableBeanFactory - Returning cached instance of singleton bean 'apiListingScannerPluginRegistry'
2020-03-09 20:45:32.016 [main] DEBUG o.s.aop.framework.JdkDynamicAopProxy - Creating JDK dynamic proxy: target source is org.springframework.plugin.core.support.AbstractTypeAwareSupport$BeansOfTypeTargetSource@1a7a21d0
2020-03-09 20:45:32.016 [main] DEBUG o.s.b.f.s.DefaultListableBeanFactory - Returning cached instance of singleton bean 'org.springframework.transaction.config.internalTransactionAdvisor'
2020-03-09 20:45:32.017 [main] DEBUG o.s.b.f.s.DefaultListableBeanFactory - Returning cached instance of singleton bean 'org.springframework.transaction.config.internalTransactionAdvisor'
2020-03-09 20:45:32.017 [main] DEBUG o.s.b.f.a.AutowiredAnnotationBeanPostProcessor - Autowiring by type from bean name 'documentationPluginsManager' to bean named 'apiListingScannerPluginRegistry'
2020-03-09 20:45:32.017 [main] DEBUG o.s.b.f.s.DefaultListableBeanFactory - Returning cached instance of singleton bean 'org.springframework.transaction.config.internalTransactionAdvisor'
2020-03-09 20:45:32.017 [main] DEBUG o.s.b.f.s.DefaultListableBeanFactory - Returning cached instance of singleton bean 'org.springframework.transaction.config.internalTransactionAdvisor'
2020-03-09 20:45:32.018 [main] DEBUG o.s.b.f.s.DefaultListableBeanFactory - Finished creating instance of bean 'documentationPluginsManager'
2020-03-09 20:45:32.020 [main] DEBUG o.s.b.f.s.DefaultListableBeanFactory - Creating shared instance of singleton bean 'cachingOperationNameGenerator'
2020-03-09 20:45:32.021 [main] DEBUG o.s.b.f.s.DefaultListableBeanFactory - Creating instance of bean 'cachingOperationNameGenerator'
2020-03-09 20:45:32.021 [main] DEBUG o.s.b.f.s.DefaultListableBeanFactory - Returning cached instance of singleton bean 'org.springframework.transaction.config.internalTransactionAdvisor'
2020-03-09 20:45:32.021 [main] DEBUG o.s.b.f.s.DefaultListableBeanFactory - Eagerly caching bean 'cachingOperationNameGenerator' to allow for resolving potential circular references
2020-03-09 20:45:32.025 [main] DEBUG o.s.b.f.s.DefaultListableBeanFactory - Returning cached instance of singleton bean 'org.springframework.transaction.config.internalTransactionAdvisor'
2020-03-09 20:45:32.025 [main] DEBUG o.s.b.f.s.DefaultListableBeanFactory - Returning cached instance of singleton bean 'org.springframework.transaction.config.internalTransactionAdvisor'
2020-03-09 20:45:32.026 [main] DEBUG o.s.b.f.s.DefaultListableBeanFactory - Finished creating instance of bean 'cachingOperationNameGenerator'
2020-03-09 20:45:32.026 [main] DEBUG o.s.b.f.s.DefaultListableBeanFactory - Autowiring by type from bean name 'apiOperationReader' via constructor to bean named 'documentationPluginsManager'
2020-03-09 20:45:32.026 [main] DEBUG o.s.b.f.s.DefaultListableBeanFactory - Autowiring by type from bean name 'apiOperationReader' via constructor to bean named 'cachingOperationNameGenerator'
2020-03-09 20:45:32.026 [main] DEBUG o.s.b.f.s.DefaultListableBeanFactory - Eagerly caching bean 'apiOperationReader' to allow for resolving potential circular references
2020-03-09 20:45:32.030 [main] DEBUG o.s.b.f.s.DefaultListableBeanFactory - Returning cached instance of singleton bean 'org.springframework.transaction.config.internalTransactionAdvisor'
2020-03-09 20:45:32.030 [main] DEBUG o.s.b.f.s.DefaultListableBeanFactory - Returning cached instance of singleton bean 'org.springframework.transaction.config.internalTransactionAdvisor'
2020-03-09 20:45:32.032 [main] DEBUG o.s.b.f.s.DefaultListableBeanFactory - Finished creating instance of bean 'apiOperationReader'
2020-03-09 20:45:32.032 [main] DEBUG o.s.b.f.s.DefaultListableBeanFactory - Autowiring by type from bean name 'cachingOperationReader' via constructor to bean named 'apiOperationReader'
2020-03-09 20:45:32.062 [main] DEBUG o.s.b.f.s.DefaultListableBeanFactory - Eagerly caching bean 'cachingOperationReader' to allow for resolving potential circular references
2020-03-09 20:45:32.067 [main] DEBUG o.s.b.f.s.DefaultListableBeanFactory - Returning cached instance of singleton bean 'org.springframework.transaction.config.internalTransactionAdvisor'
2020-03-09 20:45:32.067 [main] DEBUG o.s.b.f.s.DefaultListableBeanFactory - Returning cached instance of singleton bean 'org.springframework.transaction.config.internalTransactionAdvisor'
2020-03-09 20:45:32.067 [main] DEBUG o.s.b.f.s.DefaultListableBeanFactory - Finished creating instance of bean 'cachingOperationReader'
2020-03-09 20:45:32.068 [main] DEBUG o.s.b.f.s.DefaultListableBeanFactory - Returning cached instance of singleton bean 'documentationPluginsManager'
2020-03-09 20:45:32.070 [main] DEBUG o.s.b.f.s.DefaultListableBeanFactory - Returning cached instance of singleton bean 'apiDescriptionLookup'
2020-03-09 20:45:32.070 [main] DEBUG o.s.b.f.s.DefaultListableBeanFactory - Autowiring by type from bean name 'apiDescriptionReader' via constructor to bean named 'cachingOperationReader'
2020-03-09 20:45:32.070 [main] DEBUG o.s.b.f.s.DefaultListableBeanFactory - Autowiring by type from bean name 'apiDescriptionReader' via constructor to bean named 'documentationPluginsManager'
2020-03-09 20:45:32.070 [main] DEBUG o.s.b.f.s.DefaultListableBeanFactory - Autowiring by type from bean name 'apiDescriptionReader' via constructor to bean named 'apiDescriptionLookup'
2020-03-09 20:45:32.071 [main] DEBUG o.s.b.f.s.DefaultListableBeanFactory - Eagerly caching bean 'apiDescriptionReader' to allow for resolving potential circular references
2020-03-09 20:45:32.073 [main] DEBUG o.s.b.f.s.DefaultListableBeanFactory - Returning cached instance of singleton bean 'org.springframework.transaction.config.internalTransactionAdvisor'
2020-03-09 20:45:32.073 [main] DEBUG o.s.b.f.s.DefaultListableBeanFactory - Returning cached instance of singleton bean 'org.springframework.transaction.config.internalTransactionAdvisor'
2020-03-09 20:45:32.073 [main] DEBUG o.s.b.f.s.DefaultListableBeanFactory - Finished creating instance of bean 'apiDescriptionReader'
2020-03-09 20:45:32.073 [main] DEBUG o.s.b.f.s.DefaultListableBeanFactory - Creating shared instance of singleton bean 'apiDocumentationScanner'
2020-03-09 20:45:32.073 [main] DEBUG o.s.b.f.s.DefaultListableBeanFactory - Creating instance of bean 'apiDocumentationScanner'
2020-03-09 20:45:32.073 [main] DEBUG o.s.b.f.s.DefaultListableBeanFactory - Returning cached instance of singleton bean 'org.springframework.transaction.config.internalTransactionAdvisor'
2020-03-09 20:45:32.076 [main] DEBUG o.s.b.f.s.DefaultListableBeanFactory - Creating shared instance of singleton bean 'apiListingReferenceScanner'
2020-03-09 20:45:32.076 [main] DEBUG o.s.b.f.s.DefaultListableBeanFactory - Creating instance of bean 'apiListingReferenceScanner'
2020-03-09 20:45:32.076 [main] DEBUG o.s.b.f.s.DefaultListableBeanFactory - Returning cached instance of singleton bean 'org.springframework.transaction.config.internalTransactionAdvisor'
2020-03-09 20:45:32.077 [main] DEBUG o.s.b.f.s.DefaultListableBeanFactory - Eagerly caching bean 'apiListingReferenceScanner' to allow for resolving potential circular references
2020-03-09 20:45:32.079 [main] DEBUG o.s.b.f.s.DefaultListableBeanFactory - Returning cached instance of singleton bean 'org.springframework.transaction.config.internalTransactionAdvisor'
2020-03-09 20:45:32.079 [main] DEBUG o.s.b.f.s.DefaultListableBeanFactory - Returning cached instance of singleton bean 'org.springframework.transaction.config.internalTransactionAdvisor'
2020-03-09 20:45:32.079 [main] DEBUG o.s.b.f.s.DefaultListableBeanFactory - Finished creating instance of bean 'apiListingReferenceScanner'
2020-03-09 20:45:32.082 [main] DEBUG o.s.b.f.s.DefaultListableBeanFactory - Creating shared instance of singleton bean 'apiListingScanner'
2020-03-09 20:45:32.083 [main] DEBUG o.s.b.f.s.DefaultListableBeanFactory - Creating instance of bean 'apiListingScanner'
2020-03-09 20:45:32.083 [main] DEBUG o.s.b.f.s.DefaultListableBeanFactory - Returning cached instance of singleton bean 'org.springframework.transaction.config.internalTransactionAdvisor'
2020-03-09 20:45:32.086 [main] DEBUG o.s.b.f.s.DefaultListableBeanFactory - Returning cached instance of singleton bean 'apiDescriptionReader'
2020-03-09 20:45:32.088 [main] DEBUG o.s.b.f.s.DefaultListableBeanFactory - Creating shared instance of singleton bean 'apiModelReader'
2020-03-09 20:45:32.089 [main] DEBUG o.s.b.f.s.DefaultListableBeanFactory - Creating instance of bean 'apiModelReader'
2020-03-09 20:45:32.089 [main] DEBUG o.s.b.f.s.DefaultListableBeanFactory - Returning cached instance of singleton bean 'org.springframework.transaction.config.internalTransactionAdvisor'
2020-03-09 20:45:32.089 [main] DEBUG o.s.core.annotation.AnnotationUtils - Failed to meta-introspect annotation interface org.springframework.beans.factory.annotation.Qualifier: java.lang.NullPointerException
2020-03-09 20:45:32.091 [main] DEBUG o.s.b.f.s.DefaultListableBeanFactory - Creating shared instance of singleton bean 'cachingModelProvider'
2020-03-09 20:45:32.091 [main] DEBUG o.s.b.f.s.DefaultListableBeanFactory - Creating instance of bean 'cachingModelProvider'
2020-03-09 20:45:32.091 [main] DEBUG o.s.b.f.s.DefaultListableBeanFactory - Returning cached instance of singleton bean 'org.springframework.transaction.config.internalTransactionAdvisor'
2020-03-09 20:45:32.092 [main] DEBUG o.s.core.annotation.AnnotationUtils - Failed to meta-introspect annotation interface org.springframework.beans.factory.annotation.Qualifier: java.lang.NullPointerException
2020-03-09 20:45:32.092 [main] DEBUG o.s.b.f.s.DefaultListableBeanFactory - Creating shared instance of singleton bean 'defaultModelProvider'
2020-03-09 20:45:32.092 [main] DEBUG o.s.b.f.s.DefaultListableBeanFactory - Creating instance of bean 'defaultModelProvider'
2020-03-09 20:45:32.092 [main] DEBUG o.s.b.f.s.DefaultListableBeanFactory - Returning cached instance of singleton bean 'org.springframework.transaction.config.internalTransactionAdvisor'
2020-03-09 20:45:32.095 [main] DEBUG o.s.b.f.s.DefaultListableBeanFactory - Creating shared instance of singleton bean 'typeResolver'
2020-03-09 20:45:32.095 [main] DEBUG o.s.b.f.s.DefaultListableBeanFactory - Creating instance of bean 'typeResolver'
2020-03-09 20:45:32.095 [main] DEBUG o.s.b.f.s.DefaultListableBeanFactory - Returning cached instance of singleton bean 'org.springframework.transaction.config.internalTransactionAdvisor'
2020-03-09 20:45:32.095 [main] DEBUG o.s.b.f.s.DefaultListableBeanFactory - Creating shared instance of singleton bean 'springfox.documentation.schema.configuration.ModelsConfiguration'
2020-03-09 20:45:32.095 [main] DEBUG o.s.b.f.s.DefaultListableBeanFactory - Creating instance of bean 'springfox.documentation.schema.configuration.ModelsConfiguration'
2020-03-09 20:45:32.095 [main] DEBUG o.s.b.f.s.DefaultListableBeanFactory - Returning cached instance of singleton bean 'org.springframework.transaction.config.internalTransactionAdvisor'
2020-03-09 20:45:32.095 [main] DEBUG o.s.b.f.s.DefaultListableBeanFactory - Eagerly caching bean 'springfox.documentation.schema.configuration.ModelsConfiguration' to allow for resolving potential circular references
2020-03-09 20:45:32.101 [main] DEBUG o.s.b.f.s.DefaultListableBeanFactory - Returning cached instance of singleton bean 'org.springframework.transaction.config.internalTransactionAdvisor'
2020-03-09 20:45:32.101 [main] DEBUG o.s.b.f.s.DefaultListableBeanFactory - Returning cached instance of singleton bean 'org.springframework.transaction.config.internalTransactionAdvisor'
2020-03-09 20:45:32.101 [main] DEBUG o.s.b.f.s.DefaultListableBeanFactory - Finished creating instance of bean 'springfox.documentation.schema.configuration.ModelsConfiguration'
2020-03-09 20:45:32.104 [main] DEBUG o.s.b.f.s.DefaultListableBeanFactory - Eagerly caching bean 'typeResolver' to allow for resolving potential circular references
2020-03-09 20:45:32.106 [main] DEBUG o.s.b.f.s.DefaultListableBeanFactory - Returning cached instance of singleton bean 'org.springframework.transaction.config.internalTransactionAdvisor'
2020-03-09 20:45:32.106 [main] DEBUG o.s.b.f.s.DefaultListableBeanFactory - Returning cached instance of singleton bean 'org.springframework.transaction.config.internalTransactionAdvisor'
2020-03-09 20:45:32.107 [main] DEBUG o.s.b.f.s.DefaultListableBeanFactory - Finished creating instance of bean 'typeResolver'
2020-03-09 20:45:32.107 [main] DEBUG o.s.core.annotation.AnnotationUtils - Failed to meta-introspect annotation interface org.springframework.beans.factory.annotation.Qualifier: java.lang.NullPointerException
2020-03-09 20:45:32.109 [main] DEBUG o.s.b.f.s.DefaultListableBeanFactory - Creating shared instance of singleton bean 'cachingModelPropertiesProvider'
2020-03-09 20:45:32.109 [main] DEBUG o.s.b.f.s.DefaultListableBeanFactory - Creating instance of bean 'cachingModelPropertiesProvider'
2020-03-09 20:45:32.109 [main] DEBUG o.s.b.f.s.DefaultListableBeanFactory - Returning cached instance of singleton bean 'org.springframework.transaction.config.internalTransactionAdvisor'
2020-03-09 20:45:32.110 [main] DEBUG o.s.b.f.s.DefaultListableBeanFactory - Returning cached instance of singleton bean 'typeResolver'
2020-03-09 20:45:32.110 [main] DEBUG o.s.core.annotation.AnnotationUtils - Failed to meta-introspect annotation interface org.springframework.beans.factory.annotation.Qualifier: java.lang.NullPointerException
2020-03-09 20:45:32.110 [main] DEBUG o.s.b.f.s.DefaultListableBeanFactory - Creating shared instance of singleton bean 'optimized'
2020-03-09 20:45:32.110 [main] DEBUG o.s.b.f.s.DefaultListableBeanFactory - Creating instance of bean 'optimized'
2020-03-09 20:45:32.111 [main] DEBUG o.s.b.f.s.DefaultListableBeanFactory - Returning cached instance of singleton bean 'org.springframework.transaction.config.internalTransactionAdvisor'
2020-03-09 20:45:32.113 [main] DEBUG o.s.b.f.s.DefaultListableBeanFactory - Creating shared instance of singleton bean 'accessorsProvider'
2020-03-09 20:45:32.113 [main] DEBUG o.s.b.f.s.DefaultListableBeanFactory - Creating instance of bean 'accessorsProvider'
2020-03-09 20:45:32.114 [main] DEBUG o.s.b.f.s.DefaultListableBeanFactory - Returning cached instance of singleton bean 'org.springframework.transaction.config.internalTransactionAdvisor'
2020-03-09 20:45:32.115 [main] DEBUG o.s.b.f.s.DefaultListableBeanFactory - Returning cached instance of singleton bean 'typeResolver'
2020-03-09 20:45:32.115 [main] DEBUG o.s.b.f.s.DefaultListableBeanFactory - Autowiring by type from bean name 'accessorsProvider' via constructor to bean named 'typeResolver'
2020-03-09 20:45:32.115 [main] DEBUG o.s.b.f.s.DefaultListableBeanFactory - Eagerly caching bean 'accessorsProvider' to allow for resolving potential circular references
2020-03-09 20:45:32.117 [main] DEBUG o.s.b.f.s.DefaultListableBeanFactory - Returning cached instance of singleton bean 'org.springframework.transaction.config.internalTransactionAdvisor'
2020-03-09 20:45:32.117 [main] DEBUG o.s.b.f.s.DefaultListableBeanFactory - Returning cached instance of singleton bean 'org.springframework.transaction.config.internalTransactionAdvisor'
2020-03-09 20:45:32.117 [main] DEBUG o.s.b.f.s.DefaultListableBeanFactory - Finished creating instance of bean 'accessorsProvider'
2020-03-09 20:45:32.120 [main] DEBUG o.s.b.f.s.DefaultListableBeanFactory - Creating shared instance of singleton bean 'fieldProvider'
2020-03-09 20:45:32.120 [main] DEBUG o.s.b.f.s.DefaultListableBeanFactory - Creating instance of bean 'fieldProvider'
2020-03-09 20:45:32.120 [main] DEBUG o.s.b.f.s.DefaultListableBeanFactory - Returning cached instance of singleton bean 'org.springframework.transaction.config.internalTransactionAdvisor'
2020-03-09 20:45:32.121 [main] DEBUG o.s.b.f.s.DefaultListableBeanFactory - Returning cached instance of singleton bean 'typeResolver'
2020-03-09 20:45:32.121 [main] DEBUG o.s.b.f.s.DefaultListableBeanFactory - Autowiring by type from bean name 'fieldProvider' via constructor to bean named 'typeResolver'
2020-03-09 20:45:32.121 [main] DEBUG o.s.b.f.s.DefaultListableBeanFactory - Eagerly caching bean 'fieldProvider' to allow for resolving potential circular references
2020-03-09 20:45:32.123 [main] DEBUG o.s.b.f.s.DefaultListableBeanFactory - Returning cached instance of singleton bean 'org.springframework.transaction.config.internalTransactionAdvisor'
2020-03-09 20:45:32.123 [main] DEBUG o.s.b.f.s.DefaultListableBeanFactory - Returning cached instance of singleton bean 'org.springframework.transaction.config.internalTransactionAdvisor'
2020-03-09 20:45:32.123 [main] DEBUG o.s.b.f.s.DefaultListableBeanFactory - Finished creating instance of bean 'fieldProvider'
2020-03-09 20:45:32.125 [main] DEBUG o.s.b.f.s.DefaultListableBeanFactory - Creating shared instance of singleton bean 'factoryMethodProvider'
2020-03-09 20:45:32.125 [main] DEBUG o.s.b.f.s.DefaultListableBeanFactory - Creating instance of bean 'factoryMethodProvider'
2020-03-09 20:45:32.125 [main] DEBUG o.s.b.f.s.DefaultListableBeanFactory - Returning cached instance of singleton bean 'org.springframework.transaction.config.internalTransactionAdvisor'
2020-03-09 20:45:32.126 [main] DEBUG o.s.b.f.s.DefaultListableBeanFactory - Returning cached instance of singleton bean 'typeResolver'
2020-03-09 20:45:32.126 [main] DEBUG o.s.b.f.s.DefaultListableBeanFactory - Autowiring by type from bean name 'factoryMethodProvider' via constructor to bean named 'typeResolver'
2020-03-09 20:45:32.126 [main] DEBUG o.s.b.f.s.DefaultListableBeanFactory - Eagerly caching bean 'factoryMethodProvider' to allow for resolving potential circular references
2020-03-09 20:45:32.128 [main] DEBUG o.s.b.f.s.DefaultListableBeanFactory - Returning cached instance of singleton bean 'org.springframework.transaction.config.internalTransactionAdvisor'
2020-03-09 20:45:32.128 [main] DEBUG o.s.b.f.s.DefaultListableBeanFactory - Returning cached instance of singleton bean 'org.springframework.transaction.config.internalTransactionAdvisor'
2020-03-09 20:45:32.128 [main] DEBUG o.s.b.f.s.DefaultListableBeanFactory - Finished creating instance of bean 'factoryMethodProvider'
2020-03-09 20:45:32.129 [main] DEBUG o.s.b.f.s.DefaultListableBeanFactory - Returning cached instance of singleton bean 'typeResolver'
2020-03-09 20:45:32.130 [main] DEBUG o.s.b.f.s.DefaultListableBeanFactory - Creating shared instance of singleton bean 'objectMapperBeanPropertyNamingStrategy'
2020-03-09 20:45:32.131 [main] DEBUG o.s.b.f.s.DefaultListableBeanFactory - Creating instance of bean 'objectMapperBeanPropertyNamingStrategy'
2020-03-09 20:45:32.131 [main] DEBUG o.s.b.f.s.DefaultListableBeanFactory - Returning cached instance of singleton bean 'org.springframework.transaction.config.internalTransactionAdvisor'
2020-03-09 20:45:32.131 [main] DEBUG o.s.b.f.s.DefaultListableBeanFactory - Eagerly caching bean 'objectMapperBeanPropertyNamingStrategy' to allow for resolving potential circular references
2020-03-09 20:45:32.134 [main] DEBUG o.s.b.f.s.DefaultListableBeanFactory - Returning cached instance of singleton bean 'org.springframework.transaction.config.internalTransactionAdvisor'
2020-03-09 20:45:32.134 [main] DEBUG o.s.b.f.s.DefaultListableBeanFactory - Returning cached instance of singleton bean 'org.springframework.transaction.config.internalTransactionAdvisor'
2020-03-09 20:45:32.135 [main] DEBUG o.s.b.f.s.DefaultListableBeanFactory - Finished creating instance of bean 'objectMapperBeanPropertyNamingStrategy'
2020-03-09 20:45:32.137 [main] DEBUG o.s.b.f.s.DefaultListableBeanFactory - Creating shared instance of singleton bean 'schemaPluginsManager'
2020-03-09 20:45:32.137 [main] DEBUG o.s.b.f.s.DefaultListableBeanFactory - Creating instance of bean 'schemaPluginsManager'
2020-03-09 20:45:32.137 [main] DEBUG o.s.b.f.s.DefaultListableBeanFactory - Returning cached instance of singleton bean 'org.springframework.transaction.config.internalTransactionAdvisor'
2020-03-09 20:45:32.138 [main] DEBUG o.s.core.annotation.AnnotationUtils - Failed to meta-introspect annotation interface org.springframework.beans.factory.annotation.Qualifier: java.lang.NullPointerException
2020-03-09 20:45:32.139 [main] DEBUG o.s.b.f.s.DefaultListableBeanFactory - Returning cached instance of singleton bean 'modelPropertyBuilderPluginRegistry'
2020-03-09 20:45:32.139 [main] DEBUG o.s.aop.framework.JdkDynamicAopProxy - Creating JDK dynamic proxy: target source is org.springframework.plugin.core.support.AbstractTypeAwareSupport$BeansOfTypeTargetSource@54d2f5d3
2020-03-09 20:45:32.139 [main] DEBUG o.s.b.f.s.DefaultListableBeanFactory - Returning cached instance of singleton bean 'org.springframework.transaction.config.internalTransactionAdvisor'
2020-03-09 20:45:32.139 [main] DEBUG o.s.b.f.s.DefaultListableBeanFactory - Returning cached instance of singleton bean 'org.springframework.transaction.config.internalTransactionAdvisor'
2020-03-09 20:45:32.139 [main] DEBUG o.s.core.annotation.AnnotationUtils - Failed to meta-introspect annotation interface org.springframework.beans.factory.annotation.Qualifier: java.lang.NullPointerException
2020-03-09 20:45:32.140 [main] DEBUG o.s.b.f.s.DefaultListableBeanFactory - Returning cached instance of singleton bean 'modelBuilderPluginRegistry'
2020-03-09 20:45:32.140 [main] DEBUG o.s.aop.framework.JdkDynamicAopProxy - Creating JDK dynamic proxy: target source is org.springframework.plugin.core.support.AbstractTypeAwareSupport$BeansOfTypeTargetSource@44f23927
2020-03-09 20:45:32.140 [main] DEBUG o.s.b.f.s.DefaultListableBeanFactory - Returning cached instance of singleton bean 'org.springframework.transaction.config.internalTransactionAdvisor'
2020-03-09 20:45:32.140 [main] DEBUG o.s.b.f.s.DefaultListableBeanFactory - Returning cached instance of singleton bean 'org.springframework.transaction.config.internalTransactionAdvisor'
2020-03-09 20:45:32.140 [main] DEBUG o.s.b.f.s.DefaultListableBeanFactory - Autowiring by type from bean name 'schemaPluginsManager' via constructor to bean named 'modelPropertyBuilderPluginRegistry'
2020-03-09 20:45:32.140 [main] DEBUG o.s.b.f.s.DefaultListableBeanFactory - Autowiring by type from bean name 'schemaPluginsManager' via constructor to bean named 'modelBuilderPluginRegistry'
2020-03-09 20:45:32.141 [main] DEBUG o.s.b.f.s.DefaultListableBeanFactory - Eagerly caching bean 'schemaPluginsManager' to allow for resolving potential circular references
2020-03-09 20:45:32.142 [main] DEBUG o.s.b.f.s.DefaultListableBeanFactory - Returning cached instance of singleton bean 'org.springframework.transaction.config.internalTransactionAdvisor'
2020-03-09 20:45:32.143 [main] DEBUG o.s.b.f.s.DefaultListableBeanFactory - Returning cached instance of singleton bean 'org.springframework.transaction.config.internalTransactionAdvisor'
2020-03-09 20:45:32.143 [main] DEBUG o.s.b.f.s.DefaultListableBeanFactory - Finished creating instance of bean 'schemaPluginsManager'
2020-03-09 20:45:32.145 [main] DEBUG o.s.b.f.s.DefaultListableBeanFactory - Creating shared instance of singleton bean 'typeNameExtractor'
2020-03-09 20:45:32.145 [main] DEBUG o.s.b.f.s.DefaultListableBeanFactory - Creating instance of bean 'typeNameExtractor'
2020-03-09 20:45:32.145 [main] DEBUG o.s.b.f.s.DefaultListableBeanFactory - Returning cached instance of singleton bean 'org.springframework.transaction.config.internalTransactionAdvisor'
2020-03-09 20:45:32.146 [main] DEBUG o.s.b.f.s.DefaultListableBeanFactory - Returning cached instance of singleton bean 'typeResolver'
2020-03-09 20:45:32.146 [main] DEBUG o.s.core.annotation.AnnotationUtils - Failed to meta-introspect annotation interface org.springframework.beans.factory.annotation.Qualifier: java.lang.NullPointerException
2020-03-09 20:45:32.147 [main] DEBUG o.s.b.f.s.DefaultListableBeanFactory - Returning cached instance of singleton bean 'typeNameProviderPluginRegistry'
2020-03-09 20:45:32.147 [main] DEBUG o.s.aop.framework.JdkDynamicAopProxy - Creating JDK dynamic proxy: target source is org.springframework.plugin.core.support.AbstractTypeAwareSupport$BeansOfTypeTargetSource@1e66bf2d
2020-03-09 20:45:32.147 [main] DEBUG o.s.b.f.s.DefaultListableBeanFactory - Returning cached instance of singleton bean 'org.springframework.transaction.config.internalTransactionAdvisor'
2020-03-09 20:45:32.147 [main] DEBUG o.s.b.f.s.DefaultListableBeanFactory - Returning cached instance of singleton bean 'org.springframework.transaction.config.internalTransactionAdvisor'
2020-03-09 20:45:32.148 [main] DEBUG o.s.b.f.s.DefaultListableBeanFactory - Autowiring by type from bean name 'typeNameExtractor' via constructor to bean named 'typeResolver'
2020-03-09 20:45:32.148 [main] DEBUG o.s.b.f.s.DefaultListableBeanFactory - Autowiring by type from bean name 'typeNameExtractor' via constructor to bean named 'typeNameProviderPluginRegistry'
2020-03-09 20:45:32.148 [main] DEBUG o.s.b.f.s.DefaultListableBeanFactory - Eagerly caching bean 'typeNameExtractor' to allow for resolving potential circular references
2020-03-09 20:45:32.149 [main] DEBUG o.s.b.f.s.DefaultListableBeanFactory - Returning cached instance of singleton bean 'org.springframework.transaction.config.internalTransactionAdvisor'
2020-03-09 20:45:32.149 [main] DEBUG o.s.b.f.s.DefaultListableBeanFactory - Returning cached instance of singleton bean 'org.springframework.transaction.config.internalTransactionAdvisor'
2020-03-09 20:45:32.149 [main] DEBUG o.s.b.f.s.DefaultListableBeanFactory - Finished creating instance of bean 'typeNameExtractor'
2020-03-09 20:45:32.149 [main] DEBUG o.s.b.f.s.DefaultListableBeanFactory - Autowiring by type from bean name 'optimized' via constructor to bean named 'accessorsProvider'
2020-03-09 20:45:32.149 [main] DEBUG o.s.b.f.s.DefaultListableBeanFactory - Autowiring by type from bean name 'optimized' via constructor to bean named 'fieldProvider'
2020-03-09 20:45:32.150 [main] DEBUG o.s.b.f.s.DefaultListableBeanFactory - Autowiring by type from bean name 'optimized' via constructor to bean named 'factoryMethodProvider'
2020-03-09 20:45:32.150 [main] DEBUG o.s.b.f.s.DefaultListableBeanFactory - Autowiring by type from bean name 'optimized' via constructor to bean named 'typeResolver'
2020-03-09 20:45:32.150 [main] DEBUG o.s.b.f.s.DefaultListableBeanFactory - Autowiring by type from bean name 'optimized' via constructor to bean named 'objectMapperBeanPropertyNamingStrategy'
2020-03-09 20:45:32.150 [main] DEBUG o.s.b.f.s.DefaultListableBeanFactory - Autowiring by type from bean name 'optimized' via constructor to bean named 'schemaPluginsManager'
2020-03-09 20:45:32.150 [main] DEBUG o.s.b.f.s.DefaultListableBeanFactory - Autowiring by type from bean name 'optimized' via constructor to bean named 'typeNameExtractor'
2020-03-09 20:45:32.150 [main] DEBUG o.s.b.f.s.DefaultListableBeanFactory - Eagerly caching bean 'optimized' to allow for resolving potential circular references
2020-03-09 20:45:32.152 [main] DEBUG o.s.b.f.s.DefaultListableBeanFactory - Returning cached instance of singleton bean 'org.springframework.transaction.config.internalTransactionAdvisor'
2020-03-09 20:45:32.152 [main] DEBUG o.s.b.f.s.DefaultListableBeanFactory - Returning cached instance of singleton bean 'org.springframework.transaction.config.internalTransactionAdvisor'
2020-03-09 20:45:32.153 [main] DEBUG o.s.b.f.s.DefaultListableBeanFactory - Finished creating instance of bean 'optimized'
2020-03-09 20:45:32.153 [main] DEBUG o.s.b.f.s.DefaultListableBeanFactory - Autowiring by type from bean name 'cachingModelPropertiesProvider' via constructor to bean named 'typeResolver'
2020-03-09 20:45:32.153 [main] DEBUG o.s.b.f.s.DefaultListableBeanFactory - Autowiring by type from bean name 'cachingModelPropertiesProvider' via constructor to bean named 'optimized'
2020-03-09 20:45:32.153 [main] DEBUG o.s.b.f.s.DefaultListableBeanFactory - Eagerly caching bean 'cachingModelPropertiesProvider' to allow for resolving potential circular references
2020-03-09 20:45:32.155 [main] DEBUG o.s.b.f.s.DefaultListableBeanFactory - Returning cached instance of singleton bean 'org.springframework.transaction.config.internalTransactionAdvisor'
2020-03-09 20:45:32.155 [main] DEBUG o.s.b.f.s.DefaultListableBeanFactory - Returning cached instance of singleton bean 'org.springframework.transaction.config.internalTransactionAdvisor'
2020-03-09 20:45:32.155 [main] DEBUG o.s.b.f.s.DefaultListableBeanFactory - Finished creating instance of bean 'cachingModelPropertiesProvider'
2020-03-09 20:45:32.156 [main] DEBUG o.s.core.annotation.AnnotationUtils - Failed to meta-introspect annotation interface org.springframework.beans.factory.annotation.Qualifier: java.lang.NullPointerException
2020-03-09 20:45:32.157 [main] DEBUG o.s.b.f.s.DefaultListableBeanFactory - Creating shared instance of singleton bean 'cachingModelDependencyProvider'
2020-03-09 20:45:32.157 [main] DEBUG o.s.b.f.s.DefaultListableBeanFactory - Creating instance of bean 'cachingModelDependencyProvider'
2020-03-09 20:45:32.157 [main] DEBUG o.s.b.f.s.DefaultListableBeanFactory - Returning cached instance of singleton bean 'org.springframework.transaction.config.internalTransactionAdvisor'
2020-03-09 20:45:32.158 [main] DEBUG o.s.core.annotation.AnnotationUtils - Failed to meta-introspect annotation interface org.springframework.beans.factory.annotation.Qualifier: java.lang.NullPointerException
2020-03-09 20:45:32.158 [main] DEBUG o.s.b.f.s.DefaultListableBeanFactory - Creating shared instance of singleton bean 'defaultModelDependencyProvider'
2020-03-09 20:45:32.158 [main] DEBUG o.s.b.f.s.DefaultListableBeanFactory - Creating instance of bean 'defaultModelDependencyProvider'
2020-03-09 20:45:32.158 [main] DEBUG o.s.b.f.s.DefaultListableBeanFactory - Returning cached instance of singleton bean 'org.springframework.transaction.config.internalTransactionAdvisor'
2020-03-09 20:45:32.160 [main] DEBUG o.s.b.f.s.DefaultListableBeanFactory - Returning cached instance of singleton bean 'typeResolver'
2020-03-09 20:45:32.161 [main] DEBUG o.s.core.annotation.AnnotationUtils - Failed to meta-introspect annotation interface org.springframework.beans.factory.annotation.Qualifier: java.lang.NullPointerException
2020-03-09 20:45:32.161 [main] DEBUG o.s.b.f.s.DefaultListableBeanFactory - Returning cached instance of singleton bean 'cachingModelPropertiesProvider'
2020-03-09 20:45:32.161 [main] DEBUG o.s.b.f.s.DefaultListableBeanFactory - Returning cached instance of singleton bean 'typeNameExtractor'
2020-03-09 20:45:32.161 [main] DEBUG o.s.b.f.s.DefaultListableBeanFactory - Autowiring by type from bean name 'defaultModelDependencyProvider' via constructor to bean named 'typeResolver'
2020-03-09 20:45:32.161 [main] DEBUG o.s.b.f.s.DefaultListableBeanFactory - Autowiring by type from bean name 'defaultModelDependencyProvider' via constructor to bean named 'cachingModelPropertiesProvider'
2020-03-09 20:45:32.161 [main] DEBUG o.s.b.f.s.DefaultListableBeanFactory - Autowiring by type from bean name 'defaultModelDependencyProvider' via constructor to bean named 'typeNameExtractor'
2020-03-09 20:45:32.161 [main] DEBUG o.s.b.f.s.DefaultListableBeanFactory - Eagerly caching bean 'defaultModelDependencyProvider' to allow for resolving potential circular references
2020-03-09 20:45:32.164 [main] DEBUG o.s.b.f.s.DefaultListableBeanFactory - Returning cached instance of singleton bean 'org.springframework.transaction.config.internalTransactionAdvisor'
2020-03-09 20:45:32.164 [main] DEBUG o.s.b.f.s.DefaultListableBeanFactory - Returning cached instance of singleton bean 'org.springframework.transaction.config.internalTransactionAdvisor'
2020-03-09 20:45:32.165 [main] DEBUG o.s.b.f.s.DefaultListableBeanFactory - Finished creating instance of bean 'defaultModelDependencyProvider'
2020-03-09 20:45:32.165 [main] DEBUG o.s.b.f.s.DefaultListableBeanFactory - Autowiring by type from bean name 'cachingModelDependencyProvider' via constructor to bean named 'defaultModelDependencyProvider'
2020-03-09 20:45:32.165 [main] DEBUG o.s.b.f.s.DefaultListableBeanFactory - Eagerly caching bean 'cachingModelDependencyProvider' to allow for resolving potential circular references
2020-03-09 20:45:32.167 [main] DEBUG o.s.b.f.s.DefaultListableBeanFactory - Returning cached instance of singleton bean 'org.springframework.transaction.config.internalTransactionAdvisor'
2020-03-09 20:45:32.167 [main] DEBUG o.s.b.f.s.DefaultListableBeanFactory - Returning cached instance of singleton bean 'org.springframework.transaction.config.internalTransactionAdvisor'
2020-03-09 20:45:32.167 [main] DEBUG o.s.b.f.s.DefaultListableBeanFactory - Finished creating instance of bean 'cachingModelDependencyProvider'
2020-03-09 20:45:32.168 [main] DEBUG o.s.b.f.s.DefaultListableBeanFactory - Returning cached instance of singleton bean 'schemaPluginsManager'
2020-03-09 20:45:32.168 [main] DEBUG o.s.b.f.s.DefaultListableBeanFactory - Returning cached instance of singleton bean 'typeNameExtractor'
2020-03-09 20:45:32.168 [main] DEBUG o.s.b.f.s.DefaultListableBeanFactory - Autowiring by type from bean name 'defaultModelProvider' via constructor to bean named 'typeResolver'
2020-03-09 20:45:32.168 [main] DEBUG o.s.b.f.s.DefaultListableBeanFactory - Autowiring by type from bean name 'defaultModelProvider' via constructor to bean named 'cachingModelPropertiesProvider'
2020-03-09 20:45:32.168 [main] DEBUG o.s.b.f.s.DefaultListableBeanFactory - Autowiring by type from bean name 'defaultModelProvider' via constructor to bean named 'cachingModelDependencyProvider'
2020-03-09 20:45:32.168 [main] DEBUG o.s.b.f.s.DefaultListableBeanFactory - Autowiring by type from bean name 'defaultModelProvider' via constructor to bean named 'schemaPluginsManager'
2020-03-09 20:45:32.168 [main] DEBUG o.s.b.f.s.DefaultListableBeanFactory - Autowiring by type from bean name 'defaultModelProvider' via constructor to bean named 'typeNameExtractor'
2020-03-09 20:45:32.169 [main] DEBUG o.s.b.f.s.DefaultListableBeanFactory - Eagerly caching bean 'defaultModelProvider' to allow for resolving potential circular references
2020-03-09 20:45:32.171 [main] DEBUG o.s.b.f.s.DefaultListableBeanFactory - Returning cached instance of singleton bean 'org.springframework.transaction.config.internalTransactionAdvisor'
2020-03-09 20:45:32.171 [main] DEBUG o.s.b.f.s.DefaultListableBeanFactory - Returning cached instance of singleton bean 'org.springframework.transaction.config.internalTransactionAdvisor'
2020-03-09 20:45:32.172 [main] DEBUG o.s.b.f.s.DefaultListableBeanFactory - Finished creating instance of bean 'defaultModelProvider'
2020-03-09 20:45:32.172 [main] DEBUG o.s.b.f.s.DefaultListableBeanFactory - Autowiring by type from bean name 'cachingModelProvider' via constructor to bean named 'defaultModelProvider'
2020-03-09 20:45:32.172 [main] DEBUG o.s.b.f.s.DefaultListableBeanFactory - Eagerly caching bean 'cachingModelProvider' to allow for resolving potential circular references
2020-03-09 20:45:32.175 [main] DEBUG o.s.b.f.s.DefaultListableBeanFactory - Returning cached instance of singleton bean 'org.springframework.transaction.config.internalTransactionAdvisor'
2020-03-09 20:45:32.175 [main] DEBUG o.s.b.f.s.DefaultListableBeanFactory - Returning cached instance of singleton bean 'org.springframework.transaction.config.internalTransactionAdvisor'
2020-03-09 20:45:32.175 [main] DEBUG o.s.b.f.s.DefaultListableBeanFactory - Finished creating instance of bean 'cachingModelProvider'
2020-03-09 20:45:32.176 [main] DEBUG o.s.b.f.s.DefaultListableBeanFactory - Returning cached instance of singleton bean 'typeResolver'
2020-03-09 20:45:32.176 [main] DEBUG o.s.b.f.s.DefaultListableBeanFactory - Returning cached instance of singleton bean 'documentationPluginsManager'
2020-03-09 20:45:32.176 [main] DEBUG o.s.b.f.s.DefaultListableBeanFactory - Autowiring by type from bean name 'apiModelReader' via constructor to bean named 'cachingModelProvider'
2020-03-09 20:45:32.176 [main] DEBUG o.s.b.f.s.DefaultListableBeanFactory - Autowiring by type from bean name 'apiModelReader' via constructor to bean named 'typeResolver'
2020-03-09 20:45:32.176 [main] DEBUG o.s.b.f.s.DefaultListableBeanFactory - Autowiring by type from bean name 'apiModelReader' via constructor to bean named 'documentationPluginsManager'
2020-03-09 20:45:32.176 [main] DEBUG o.s.b.f.s.DefaultListableBeanFactory - Eagerly caching bean 'apiModelReader' to allow for resolving potential circular references
2020-03-09 20:45:32.178 [main] DEBUG o.s.b.f.s.DefaultListableBeanFactory - Returning cached instance of singleton bean 'org.springframework.transaction.config.internalTransactionAdvisor'
2020-03-09 20:45:32.178 [main] DEBUG o.s.b.f.s.DefaultListableBeanFactory - Returning cached instance of singleton bean 'org.springframework.transaction.config.internalTransactionAdvisor'
2020-03-09 20:45:32.178 [main] DEBUG o.s.b.f.s.DefaultListableBeanFactory - Finished creating instance of bean 'apiModelReader'
2020-03-09 20:45:32.178 [main] DEBUG o.s.b.f.s.DefaultListableBeanFactory - Returning cached instance of singleton bean 'documentationPluginsManager'
2020-03-09 20:45:32.178 [main] DEBUG o.s.b.f.s.DefaultListableBeanFactory - Autowiring by type from bean name 'apiListingScanner' via constructor to bean named 'apiDescriptionReader'
2020-03-09 20:45:32.178 [main] DEBUG o.s.b.f.s.DefaultListableBeanFactory - Autowiring by type from bean name 'apiListingScanner' via constructor to bean named 'apiModelReader'
2020-03-09 20:45:32.178 [main] DEBUG o.s.b.f.s.DefaultListableBeanFactory - Autowiring by type from bean name 'apiListingScanner' via constructor to bean named 'documentationPluginsManager'
2020-03-09 20:45:32.178 [main] DEBUG o.s.b.f.s.DefaultListableBeanFactory - Eagerly caching bean 'apiListingScanner' to allow for resolving potential circular references
2020-03-09 20:45:32.180 [main] DEBUG o.s.b.f.s.DefaultListableBeanFactory - Returning cached instance of singleton bean 'org.springframework.transaction.config.internalTransactionAdvisor'
2020-03-09 20:45:32.180 [main] DEBUG o.s.b.f.s.DefaultListableBeanFactory - Returning cached instance of singleton bean 'org.springframework.transaction.config.internalTransactionAdvisor'
2020-03-09 20:45:32.181 [main] DEBUG o.s.b.f.s.DefaultListableBeanFactory - Finished creating instance of bean 'apiListingScanner'
2020-03-09 20:45:32.181 [main] DEBUG o.s.b.f.s.DefaultListableBeanFactory - Autowiring by type from bean name 'apiDocumentationScanner' via constructor to bean named 'apiListingReferenceScanner'
2020-03-09 20:45:32.181 [main] DEBUG o.s.b.f.s.DefaultListableBeanFactory - Autowiring by type from bean name 'apiDocumentationScanner' via constructor to bean named 'apiListingScanner'
2020-03-09 20:45:32.181 [main] DEBUG o.s.b.f.s.DefaultListableBeanFactory - Eagerly caching bean 'apiDocumentationScanner' to allow for resolving potential circular references
2020-03-09 20:45:32.184 [main] DEBUG o.s.b.f.s.DefaultListableBeanFactory - Returning cached instance of singleton bean 'org.springframework.transaction.config.internalTransactionAdvisor'
2020-03-09 20:45:32.185 [main] DEBUG o.s.b.f.s.DefaultListableBeanFactory - Returning cached instance of singleton bean 'org.springframework.transaction.config.internalTransactionAdvisor'
2020-03-09 20:45:32.185 [main] DEBUG o.s.b.f.s.DefaultListableBeanFactory - Finished creating instance of bean 'apiDocumentationScanner'
2020-03-09 20:45:32.185 [main] DEBUG o.s.b.f.s.DefaultListableBeanFactory - Creating shared instance of singleton bean 'apiListingReader'
2020-03-09 20:45:32.185 [main] DEBUG o.s.b.f.s.DefaultListableBeanFactory - Creating instance of bean 'apiListingReader'
2020-03-09 20:45:32.185 [main] DEBUG o.s.b.f.s.DefaultListableBeanFactory - Returning cached instance of singleton bean 'org.springframework.transaction.config.internalTransactionAdvisor'
2020-03-09 20:45:32.185 [main] DEBUG o.s.b.f.s.DefaultListableBeanFactory - Eagerly caching bean 'apiListingReader' to allow for resolving potential circular references
2020-03-09 20:45:32.192 [main] DEBUG o.s.b.f.s.DefaultListableBeanFactory - Returning cached instance of singleton bean 'org.springframework.transaction.config.internalTransactionAdvisor'
2020-03-09 20:45:32.192 [main] DEBUG o.s.b.f.s.DefaultListableBeanFactory - Returning cached instance of singleton bean 'org.springframework.transaction.config.internalTransactionAdvisor'
2020-03-09 20:45:32.194 [main] DEBUG o.s.b.f.s.DefaultListableBeanFactory - Finished creating instance of bean 'apiListingReader'
2020-03-09 20:45:32.194 [main] DEBUG o.s.b.f.s.DefaultListableBeanFactory - Returning cached instance of singleton bean 'apiListingReferenceScanner'
2020-03-09 20:45:32.194 [main] DEBUG o.s.b.f.s.DefaultListableBeanFactory - Returning cached instance of singleton bean 'apiListingScanner'
2020-03-09 20:45:32.194 [main] DEBUG o.s.b.f.s.DefaultListableBeanFactory - Returning cached instance of singleton bean 'apiModelReader'
2020-03-09 20:45:32.194 [main] DEBUG o.s.b.f.s.DefaultListableBeanFactory - Returning cached instance of singleton bean 'cachingOperationReader'
2020-03-09 20:45:32.195 [main] DEBUG o.s.b.f.s.DefaultListableBeanFactory - Creating shared instance of singleton bean 'mediaTypeReader'
2020-03-09 20:45:32.195 [main] DEBUG o.s.b.f.s.DefaultListableBeanFactory - Creating instance of bean 'mediaTypeReader'
2020-03-09 20:45:32.195 [main] DEBUG o.s.b.f.s.DefaultListableBeanFactory - Returning cached instance of singleton bean 'org.springframework.transaction.config.internalTransactionAdvisor'
2020-03-09 20:45:32.196 [main] DEBUG o.s.b.f.s.DefaultListableBeanFactory - Eagerly caching bean 'mediaTypeReader' to allow for resolving potential circular references
2020-03-09 20:45:32.202 [main] DEBUG o.s.b.f.s.DefaultListableBeanFactory - Returning cached instance of singleton bean 'org.springframework.transaction.config.internalTransactionAdvisor'
2020-03-09 20:45:32.202 [main] DEBUG o.s.b.f.s.DefaultListableBeanFactory - Returning cached instance of singleton bean 'org.springframework.transaction.config.internalTransactionAdvisor'
2020-03-09 20:45:32.203 [main] DEBUG o.s.b.f.s.DefaultListableBeanFactory - Finished creating instance of bean 'mediaTypeReader'
2020-03-09 20:45:32.203 [main] DEBUG o.s.b.f.s.DefaultListableBeanFactory - Returning cached instance of singleton bean 'apiOperationReader'
2020-03-09 20:45:32.203 [main] DEBUG o.s.b.f.s.DefaultListableBeanFactory - Returning cached instance of singleton bean 'cachingOperationNameGenerator'
2020-03-09 20:45:32.203 [main] DEBUG o.s.b.f.s.DefaultListableBeanFactory - Creating shared instance of singleton bean 'defaultOperationReader'
2020-03-09 20:45:32.203 [main] DEBUG o.s.b.f.s.DefaultListableBeanFactory - Creating instance of bean 'defaultOperationReader'
2020-03-09 20:45:32.203 [main] DEBUG o.s.b.f.s.DefaultListableBeanFactory - Returning cached instance of singleton bean 'org.springframework.transaction.config.internalTransactionAdvisor'
2020-03-09 20:45:32.204 [main] DEBUG o.s.b.f.s.DefaultListableBeanFactory - Eagerly caching bean 'defaultOperationReader' to allow for resolving potential circular references
2020-03-09 20:45:32.210 [main] DEBUG o.s.b.f.s.DefaultListableBeanFactory - Returning cached instance of singleton bean 'org.springframework.transaction.config.internalTransactionAdvisor'
2020-03-09 20:45:32.210 [main] DEBUG o.s.b.f.s.DefaultListableBeanFactory - Returning cached instance of singleton bean 'org.springframework.transaction.config.internalTransactionAdvisor'
2020-03-09 20:45:32.212 [main] DEBUG o.s.b.f.s.DefaultListableBeanFactory - Finished creating instance of bean 'defaultOperationReader'
2020-03-09 20:45:32.212 [main] DEBUG o.s.b.f.s.DefaultListableBeanFactory - Creating shared instance of singleton bean 'defaultTagsProvider'
2020-03-09 20:45:32.212 [main] DEBUG o.s.b.f.s.DefaultListableBeanFactory - Creating instance of bean 'defaultTagsProvider'
2020-03-09 20:45:32.213 [main] DEBUG o.s.b.f.s.DefaultListableBeanFactory - Returning cached instance of singleton bean 'org.springframework.transaction.config.internalTransactionAdvisor'
2020-03-09 20:45:32.214 [main] DEBUG o.s.b.f.s.DefaultListableBeanFactory - Eagerly caching bean 'defaultTagsProvider' to allow for resolving potential circular references
2020-03-09 20:45:32.218 [main] DEBUG o.s.b.f.s.DefaultListableBeanFactory - Returning cached instance of singleton bean 'org.springframework.transaction.config.internalTransactionAdvisor'
2020-03-09 20:45:32.218 [main] DEBUG o.s.b.f.s.DefaultListableBeanFactory - Returning cached instance of singleton bean 'org.springframework.transaction.config.internalTransactionAdvisor'
2020-03-09 20:45:32.218 [main] DEBUG o.s.b.f.s.DefaultListableBeanFactory - Finished creating instance of bean 'defaultTagsProvider'
2020-03-09 20:45:32.218 [main] DEBUG o.s.b.f.s.DefaultListableBeanFactory - Creating shared instance of singleton bean 'operationDeprecatedReader'
2020-03-09 20:45:32.219 [main] DEBUG o.s.b.f.s.DefaultListableBeanFactory - Creating instance of bean 'operationDeprecatedReader'
2020-03-09 20:45:32.219 [main] DEBUG o.s.b.f.s.DefaultListableBeanFactory - Returning cached instance of singleton bean 'org.springframework.transaction.config.internalTransactionAdvisor'
2020-03-09 20:45:32.219 [main] DEBUG o.s.b.f.s.DefaultListableBeanFactory - Eagerly caching bean 'operationDeprecatedReader' to allow for resolving potential circular references
2020-03-09 20:45:32.226 [main] DEBUG o.s.b.f.s.DefaultListableBeanFactory - Returning cached instance of singleton bean 'org.springframework.transaction.config.internalTransactionAdvisor'
2020-03-09 20:45:32.226 [main] DEBUG o.s.b.f.s.DefaultListableBeanFactory - Returning cached instance of singleton bean 'org.springframework.transaction.config.internalTransactionAdvisor'
2020-03-09 20:45:32.227 [main] DEBUG o.s.b.f.s.DefaultListableBeanFactory - Finished creating instance of bean 'operationDeprecatedReader'
2020-03-09 20:45:32.227 [main] DEBUG o.s.b.f.s.DefaultListableBeanFactory - Creating shared instance of singleton bean 'operationModelsProvider'
2020-03-09 20:45:32.227 [main] DEBUG o.s.b.f.s.DefaultListableBeanFactory - Creating instance of bean 'operationModelsProvider'
2020-03-09 20:45:32.227 [main] DEBUG o.s.b.f.s.DefaultListableBeanFactory - Returning cached instance of singleton bean 'org.springframework.transaction.config.internalTransactionAdvisor'
2020-03-09 20:45:32.231 [main] DEBUG o.s.b.f.s.DefaultListableBeanFactory - Returning cached instance of singleton bean 'typeResolver'
2020-03-09 20:45:32.232 [main] DEBUG o.s.b.f.s.DefaultListableBeanFactory - Autowiring by type from bean name 'operationModelsProvider' via constructor to bean named 'typeResolver'
2020-03-09 20:45:32.232 [main] DEBUG o.s.b.f.s.DefaultListableBeanFactory - Eagerly caching bean 'operationModelsProvider' to allow for resolving potential circular references
2020-03-09 20:45:32.238 [main] DEBUG o.s.b.f.s.DefaultListableBeanFactory - Returning cached instance of singleton bean 'org.springframework.transaction.config.internalTransactionAdvisor'
2020-03-09 20:45:32.238 [main] DEBUG o.s.b.f.s.DefaultListableBeanFactory - Returning cached instance of singleton bean 'org.springframework.transaction.config.internalTransactionAdvisor'
2020-03-09 20:45:32.239 [main] DEBUG o.s.b.f.s.DefaultListableBeanFactory - Finished creating instance of bean 'operationModelsProvider'
2020-03-09 20:45:32.239 [main] DEBUG o.s.b.f.s.DefaultListableBeanFactory - Creating shared instance of singleton bean 'operationParameterHeadersConditionReader'
2020-03-09 20:45:32.240 [main] DEBUG o.s.b.f.s.DefaultListableBeanFactory - Creating instance of bean 'operationParameterHeadersConditionReader'
2020-03-09 20:45:32.240 [main] DEBUG o.s.b.f.s.DefaultListableBeanFactory - Returning cached instance of singleton bean 'org.springframework.transaction.config.internalTransactionAdvisor'
2020-03-09 20:45:32.242 [main] DEBUG o.s.b.f.s.DefaultListableBeanFactory - Returning cached instance of singleton bean 'typeResolver'
2020-03-09 20:45:32.243 [main] DEBUG o.s.b.f.s.DefaultListableBeanFactory - Autowiring by type from bean name 'operationParameterHeadersConditionReader' via constructor to bean named 'typeResolver'
2020-03-09 20:45:32.244 [main] DEBUG o.s.b.f.s.DefaultListableBeanFactory - Eagerly caching bean 'operationParameterHeadersConditionReader' to allow for resolving potential circular references
2020-03-09 20:45:32.254 [main] DEBUG o.s.b.f.s.DefaultListableBeanFactory - Returning cached instance of singleton bean 'org.springframework.transaction.config.internalTransactionAdvisor'
2020-03-09 20:45:32.254 [main] DEBUG o.s.b.f.s.DefaultListableBeanFactory - Returning cached instance of singleton bean 'org.springframework.transaction.config.internalTransactionAdvisor'
2020-03-09 20:45:32.254 [main] DEBUG o.s.b.f.s.DefaultListableBeanFactory - Finished creating instance of bean 'operationParameterHeadersConditionReader'
2020-03-09 20:45:32.255 [main] DEBUG o.s.b.f.s.DefaultListableBeanFactory - Creating shared instance of singleton bean 'operationParameterReader'
2020-03-09 20:45:32.255 [main] DEBUG o.s.b.f.s.DefaultListableBeanFactory - Creating instance of bean 'operationParameterReader'
2020-03-09 20:45:32.255 [main] DEBUG o.s.b.f.s.DefaultListableBeanFactory - Returning cached instance of singleton bean 'org.springframework.transaction.config.internalTransactionAdvisor'
2020-03-09 20:45:32.261 [main] DEBUG o.s.b.f.s.DefaultListableBeanFactory - Creating shared instance of singleton bean 'modelAttributeParameterExpander'
2020-03-09 20:45:32.261 [main] DEBUG o.s.b.f.s.DefaultListableBeanFactory - Creating instance of bean 'modelAttributeParameterExpander'
2020-03-09 20:45:32.262 [main] DEBUG o.s.b.f.s.DefaultListableBeanFactory - Returning cached instance of singleton bean 'org.springframework.transaction.config.internalTransactionAdvisor'
2020-03-09 20:45:32.268 [main] DEBUG o.s.b.f.s.DefaultListableBeanFactory - Returning cached instance of singleton bean 'fieldProvider'
2020-03-09 20:45:32.268 [main] DEBUG o.s.b.f.s.DefaultListableBeanFactory - Autowiring by type from bean name 'modelAttributeParameterExpander' via constructor to bean named 'fieldProvider'
2020-03-09 20:45:32.269 [main] DEBUG o.s.b.f.annotation.InjectionMetadata - Registered injected element on class [springfox.documentation.spring.web.readers.parameter.ModelAttributeParameterExpander]: AutowiredFieldElement for protected springfox.documentation.spring.web.plugins.DocumentationPluginsManager springfox.documentation.spring.web.readers.parameter.ModelAttributeParameterExpander.pluginsManager
2020-03-09 20:45:32.269 [main] DEBUG o.s.b.f.s.DefaultListableBeanFactory - Eagerly caching bean 'modelAttributeParameterExpander' to allow for resolving potential circular references
2020-03-09 20:45:32.272 [main] DEBUG o.s.b.f.annotation.InjectionMetadata - Processing injected element of bean 'modelAttributeParameterExpander': AutowiredFieldElement for protected springfox.documentation.spring.web.plugins.DocumentationPluginsManager springfox.documentation.spring.web.readers.parameter.ModelAttributeParameterExpander.pluginsManager
2020-03-09 20:45:32.272 [main] DEBUG o.s.core.annotation.AnnotationUtils - Failed to meta-introspect annotation interface org.springframework.beans.factory.annotation.Autowired: java.lang.NullPointerException
2020-03-09 20:45:32.272 [main] DEBUG o.s.b.f.s.DefaultListableBeanFactory - Returning cached instance of singleton bean 'documentationPluginsManager'
2020-03-09 20:45:32.272 [main] DEBUG o.s.b.f.a.AutowiredAnnotationBeanPostProcessor - Autowiring by type from bean name 'modelAttributeParameterExpander' to bean named 'documentationPluginsManager'
2020-03-09 20:45:32.272 [main] DEBUG o.s.b.f.s.DefaultListableBeanFactory - Returning cached instance of singleton bean 'org.springframework.transaction.config.internalTransactionAdvisor'
2020-03-09 20:45:32.272 [main] DEBUG o.s.b.f.s.DefaultListableBeanFactory - Returning cached instance of singleton bean 'org.springframework.transaction.config.internalTransactionAdvisor'
2020-03-09 20:45:32.273 [main] DEBUG o.s.b.f.s.DefaultListableBeanFactory - Finished creating instance of bean 'modelAttributeParameterExpander'
2020-03-09 20:45:32.273 [main] DEBUG o.s.b.f.s.DefaultListableBeanFactory - Autowiring by type from bean name 'operationParameterReader' via constructor to bean named 'modelAttributeParameterExpander'
2020-03-09 20:45:32.275 [main] DEBUG o.s.b.f.annotation.InjectionMetadata - Registered injected element on class [springfox.documentation.spring.web.readers.operation.OperationParameterReader]: AutowiredFieldElement for private springfox.documentation.spring.web.plugins.DocumentationPluginsManager springfox.documentation.spring.web.readers.operation.OperationParameterReader.pluginsManager
2020-03-09 20:45:32.276 [main] DEBUG o.s.b.f.s.DefaultListableBeanFactory - Eagerly caching bean 'operationParameterReader' to allow for resolving potential circular references
2020-03-09 20:45:32.282 [main] DEBUG o.s.b.f.annotation.InjectionMetadata - Processing injected element of bean 'operationParameterReader': AutowiredFieldElement for private springfox.documentation.spring.web.plugins.DocumentationPluginsManager springfox.documentation.spring.web.readers.operation.OperationParameterReader.pluginsManager
2020-03-09 20:45:32.283 [main] DEBUG o.s.core.annotation.AnnotationUtils - Failed to meta-introspect annotation interface org.springframework.beans.factory.annotation.Autowired: java.lang.NullPointerException
2020-03-09 20:45:32.283 [main] DEBUG o.s.b.f.s.DefaultListableBeanFactory - Returning cached instance of singleton bean 'documentationPluginsManager'
2020-03-09 20:45:32.283 [main] DEBUG o.s.b.f.a.AutowiredAnnotationBeanPostProcessor - Autowiring by type from bean name 'operationParameterReader' to bean named 'documentationPluginsManager'
2020-03-09 20:45:32.284 [main] DEBUG o.s.b.f.s.DefaultListableBeanFactory - Returning cached instance of singleton bean 'org.springframework.transaction.config.internalTransactionAdvisor'
2020-03-09 20:45:32.284 [main] DEBUG o.s.b.f.s.DefaultListableBeanFactory - Returning cached instance of singleton bean 'org.springframework.transaction.config.internalTransactionAdvisor'
2020-03-09 20:45:32.284 [main] DEBUG o.s.b.f.s.DefaultListableBeanFactory - Finished creating instance of bean 'operationParameterReader'
2020-03-09 20:45:32.285 [main] DEBUG o.s.b.f.s.DefaultListableBeanFactory - Creating shared instance of singleton bean 'operationParameterRequestConditionReader'
2020-03-09 20:45:32.285 [main] DEBUG o.s.b.f.s.DefaultListableBeanFactory - Creating instance of bean 'operationParameterRequestConditionReader'
2020-03-09 20:45:32.285 [main] DEBUG o.s.b.f.s.DefaultListableBeanFactory - Returning cached instance of singleton bean 'org.springframework.transaction.config.internalTransactionAdvisor'
2020-03-09 20:45:32.287 [main] DEBUG o.s.b.f.s.DefaultListableBeanFactory - Returning cached instance of singleton bean 'typeResolver'
2020-03-09 20:45:32.288 [main] DEBUG o.s.b.f.s.DefaultListableBeanFactory - Autowiring by type from bean name 'operationParameterRequestConditionReader' via constructor to bean named 'typeResolver'
2020-03-09 20:45:32.288 [main] DEBUG o.s.b.f.s.DefaultListableBeanFactory - Eagerly caching bean 'operationParameterRequestConditionReader' to allow for resolving potential circular references
2020-03-09 20:45:32.294 [main] DEBUG o.s.b.f.s.DefaultListableBeanFactory - Returning cached instance of singleton bean 'org.springframework.transaction.config.internalTransactionAdvisor'
2020-03-09 20:45:32.294 [main] DEBUG o.s.b.f.s.DefaultListableBeanFactory - Returning cached instance of singleton bean 'org.springframework.transaction.config.internalTransactionAdvisor'
2020-03-09 20:45:32.296 [main] DEBUG o.s.b.f.s.DefaultListableBeanFactory - Finished creating instance of bean 'operationParameterRequestConditionReader'
2020-03-09 20:45:32.296 [main] DEBUG o.s.b.f.s.DefaultListableBeanFactory - Creating shared instance of singleton bean 'operationResponseClassReader'
2020-03-09 20:45:32.296 [main] DEBUG o.s.b.f.s.DefaultListableBeanFactory - Creating instance of bean 'operationResponseClassReader'
2020-03-09 20:45:32.297 [main] DEBUG o.s.b.f.s.DefaultListableBeanFactory - Returning cached instance of singleton bean 'org.springframework.transaction.config.internalTransactionAdvisor'
2020-03-09 20:45:32.299 [main] DEBUG o.s.b.f.s.DefaultListableBeanFactory - Returning cached instance of singleton bean 'typeNameExtractor'
2020-03-09 20:45:32.299 [main] DEBUG o.s.b.f.s.DefaultListableBeanFactory - Autowiring by type from bean name 'operationResponseClassReader' via constructor to bean named 'typeNameExtractor'
2020-03-09 20:45:32.299 [main] DEBUG o.s.b.f.s.DefaultListableBeanFactory - Eagerly caching bean 'operationResponseClassReader' to allow for resolving potential circular references
2020-03-09 20:45:32.302 [main] DEBUG o.s.b.f.s.DefaultListableBeanFactory - Returning cached instance of singleton bean 'org.springframework.transaction.config.internalTransactionAdvisor'
2020-03-09 20:45:32.302 [main] DEBUG o.s.b.f.s.DefaultListableBeanFactory - Returning cached instance of singleton bean 'org.springframework.transaction.config.internalTransactionAdvisor'
2020-03-09 20:45:32.303 [main] DEBUG o.s.b.f.s.DefaultListableBeanFactory - Finished creating instance of bean 'operationResponseClassReader'
2020-03-09 20:45:32.303 [main] DEBUG o.s.b.f.s.DefaultListableBeanFactory - Creating shared instance of singleton bean 'operationTagsReader'
2020-03-09 20:45:32.304 [main] DEBUG o.s.b.f.s.DefaultListableBeanFactory - Creating instance of bean 'operationTagsReader'
2020-03-09 20:45:32.304 [main] DEBUG o.s.b.f.s.DefaultListableBeanFactory - Returning cached instance of singleton bean 'org.springframework.transaction.config.internalTransactionAdvisor'
2020-03-09 20:45:32.308 [main] DEBUG o.s.b.f.s.DefaultListableBeanFactory - Returning cached instance of singleton bean 'defaultTagsProvider'
2020-03-09 20:45:32.308 [main] DEBUG o.s.b.f.s.DefaultListableBeanFactory - Autowiring by type from bean name 'operationTagsReader' via constructor to bean named 'defaultTagsProvider'
2020-03-09 20:45:32.308 [main] DEBUG o.s.b.f.s.DefaultListableBeanFactory - Eagerly caching bean 'operationTagsReader' to allow for resolving potential circular references
2020-03-09 20:45:32.312 [main] DEBUG o.s.b.f.s.DefaultListableBeanFactory - Returning cached instance of singleton bean 'org.springframework.transaction.config.internalTransactionAdvisor'
2020-03-09 20:45:32.312 [main] DEBUG o.s.b.f.s.DefaultListableBeanFactory - Returning cached instance of singleton bean 'org.springframework.transaction.config.internalTransactionAdvisor'
2020-03-09 20:45:32.312 [main] DEBUG o.s.b.f.s.DefaultListableBeanFactory - Finished creating instance of bean 'operationTagsReader'
2020-03-09 20:45:32.312 [main] DEBUG o.s.b.f.s.DefaultListableBeanFactory - Creating shared instance of singleton bean 'responseMessagesReader'
2020-03-09 20:45:32.312 [main] DEBUG o.s.b.f.s.DefaultListableBeanFactory - Creating instance of bean 'responseMessagesReader'
2020-03-09 20:45:32.313 [main] DEBUG o.s.b.f.s.DefaultListableBeanFactory - Returning cached instance of singleton bean 'org.springframework.transaction.config.internalTransactionAdvisor'
2020-03-09 20:45:32.314 [main] DEBUG o.s.b.f.s.DefaultListableBeanFactory - Returning cached instance of singleton bean 'typeNameExtractor'
2020-03-09 20:45:32.314 [main] DEBUG o.s.b.f.s.DefaultListableBeanFactory - Autowiring by type from bean name 'responseMessagesReader' via constructor to bean named 'typeNameExtractor'
2020-03-09 20:45:32.315 [main] DEBUG o.s.b.f.s.DefaultListableBeanFactory - Eagerly caching bean 'responseMessagesReader' to allow for resolving potential circular references
2020-03-09 20:45:32.316 [main] DEBUG o.s.b.f.s.DefaultListableBeanFactory - Returning cached instance of singleton bean 'org.springframework.transaction.config.internalTransactionAdvisor'
2020-03-09 20:45:32.317 [main] DEBUG o.s.b.f.s.DefaultListableBeanFactory - Returning cached instance of singleton bean 'org.springframework.transaction.config.internalTransactionAdvisor'
2020-03-09 20:45:32.317 [main] DEBUG o.s.b.f.s.DefaultListableBeanFactory - Finished creating instance of bean 'responseMessagesReader'
2020-03-09 20:45:32.317 [main] DEBUG o.s.b.f.s.DefaultListableBeanFactory - Creating shared instance of singleton bean 'expandedParameterBuilder'
2020-03-09 20:45:32.317 [main] DEBUG o.s.b.f.s.DefaultListableBeanFactory - Creating instance of bean 'expandedParameterBuilder'
2020-03-09 20:45:32.317 [main] DEBUG o.s.b.f.s.DefaultListableBeanFactory - Returning cached instance of singleton bean 'org.springframework.transaction.config.internalTransactionAdvisor'
2020-03-09 20:45:32.318 [main] DEBUG o.s.b.f.s.DefaultListableBeanFactory - Returning cached instance of singleton bean 'typeResolver'
2020-03-09 20:45:32.318 [main] DEBUG o.s.b.f.s.DefaultListableBeanFactory - Autowiring by type from bean name 'expandedParameterBuilder' via constructor to bean named 'typeResolver'
2020-03-09 20:45:32.319 [main] DEBUG o.s.b.f.s.DefaultListableBeanFactory - Eagerly caching bean 'expandedParameterBuilder' to allow for resolving potential circular references
2020-03-09 20:45:32.322 [main] DEBUG o.s.b.f.s.DefaultListableBeanFactory - Returning cached instance of singleton bean 'org.springframework.transaction.config.internalTransactionAdvisor'
2020-03-09 20:45:32.322 [main] DEBUG o.s.b.f.s.DefaultListableBeanFactory - Returning cached instance of singleton bean 'org.springframework.transaction.config.internalTransactionAdvisor'
2020-03-09 20:45:32.322 [main] DEBUG o.s.b.f.s.DefaultListableBeanFactory - Finished creating instance of bean 'expandedParameterBuilder'
2020-03-09 20:45:32.322 [main] DEBUG o.s.b.f.s.DefaultListableBeanFactory - Returning cached instance of singleton bean 'modelAttributeParameterExpander'
2020-03-09 20:45:32.322 [main] DEBUG o.s.b.f.s.DefaultListableBeanFactory - Creating shared instance of singleton bean 'parameterDataTypeReader'
2020-03-09 20:45:32.322 [main] DEBUG o.s.b.f.s.DefaultListableBeanFactory - Creating instance of bean 'parameterDataTypeReader'
2020-03-09 20:45:32.322 [main] DEBUG o.s.b.f.s.DefaultListableBeanFactory - Returning cached instance of singleton bean 'org.springframework.transaction.config.internalTransactionAdvisor'
2020-03-09 20:45:32.323 [main] DEBUG o.s.b.f.s.DefaultListableBeanFactory - Returning cached instance of singleton bean 'typeNameExtractor'
2020-03-09 20:45:32.324 [main] DEBUG o.s.b.f.s.DefaultListableBeanFactory - Returning cached instance of singleton bean 'typeResolver'
2020-03-09 20:45:32.324 [main] DEBUG o.s.b.f.s.DefaultListableBeanFactory - Autowiring by type from bean name 'parameterDataTypeReader' via constructor to bean named 'typeNameExtractor'
2020-03-09 20:45:32.324 [main] DEBUG o.s.b.f.s.DefaultListableBeanFactory - Autowiring by type from bean name 'parameterDataTypeReader' via constructor to bean named 'typeResolver'
2020-03-09 20:45:32.324 [main] DEBUG o.s.b.f.s.DefaultListableBeanFactory - Eagerly caching bean 'parameterDataTypeReader' to allow for resolving potential circular references
2020-03-09 20:45:32.330 [main] DEBUG o.s.b.f.s.DefaultListableBeanFactory - Returning cached instance of singleton bean 'org.springframework.transaction.config.internalTransactionAdvisor'
2020-03-09 20:45:32.331 [main] DEBUG o.s.b.f.s.DefaultListableBeanFactory - Returning cached instance of singleton bean 'org.springframework.transaction.config.internalTransactionAdvisor'
2020-03-09 20:45:32.332 [main] DEBUG o.s.b.f.s.DefaultListableBeanFactory - Finished creating instance of bean 'parameterDataTypeReader'
2020-03-09 20:45:32.332 [main] DEBUG o.s.b.f.s.DefaultListableBeanFactory - Creating shared instance of singleton bean 'parameterDefaultReader'
2020-03-09 20:45:32.332 [main] DEBUG o.s.b.f.s.DefaultListableBeanFactory - Creating instance of bean 'parameterDefaultReader'
2020-03-09 20:45:32.332 [main] DEBUG o.s.b.f.s.DefaultListableBeanFactory - Returning cached instance of singleton bean 'org.springframework.transaction.config.internalTransactionAdvisor'
2020-03-09 20:45:32.335 [main] DEBUG o.s.b.f.s.DefaultListableBeanFactory - Creating shared instance of singleton bean 'descriptionResolver'
2020-03-09 20:45:32.335 [main] DEBUG o.s.b.f.s.DefaultListableBeanFactory - Creating instance of bean 'descriptionResolver'
2020-03-09 20:45:32.335 [main] DEBUG o.s.b.f.s.DefaultListableBeanFactory - Returning cached instance of singleton bean 'org.springframework.transaction.config.internalTransactionAdvisor'
2020-03-09 20:45:32.335 [main] DEBUG o.s.b.f.s.DefaultListableBeanFactory - Creating shared instance of singleton bean 'springfox.documentation.spring.web.SpringfoxWebMvcConfiguration'
2020-03-09 20:45:32.336 [main] DEBUG o.s.b.f.s.DefaultListableBeanFactory - Creating instance of bean 'springfox.documentation.spring.web.SpringfoxWebMvcConfiguration'
2020-03-09 20:45:32.336 [main] DEBUG o.s.b.f.s.DefaultListableBeanFactory - Returning cached instance of singleton bean 'org.springframework.transaction.config.internalTransactionAdvisor'
2020-03-09 20:45:32.336 [main] DEBUG o.s.b.f.s.DefaultListableBeanFactory - Eagerly caching bean 'springfox.documentation.spring.web.SpringfoxWebMvcConfiguration' to allow for resolving potential circular references
2020-03-09 20:45:32.341 [main] DEBUG o.s.b.f.s.DefaultListableBeanFactory - Returning cached instance of singleton bean 'org.springframework.transaction.config.internalTransactionAdvisor'
2020-03-09 20:45:32.341 [main] DEBUG o.s.b.f.s.DefaultListableBeanFactory - Returning cached instance of singleton bean 'org.springframework.transaction.config.internalTransactionAdvisor'
2020-03-09 20:45:32.342 [main] DEBUG o.s.b.f.s.DefaultListableBeanFactory - Finished creating instance of bean 'springfox.documentation.spring.web.SpringfoxWebMvcConfiguration'
2020-03-09 20:45:32.343 [main] DEBUG o.s.b.f.s.DefaultListableBeanFactory - Returning cached instance of singleton bean 'environment'
2020-03-09 20:45:32.343 [main] DEBUG o.s.b.f.s.DefaultListableBeanFactory - Autowiring by type from bean name 'descriptionResolver' via factory method to bean named 'environment'
2020-03-09 20:45:32.347 [main] DEBUG o.s.b.f.s.DefaultListableBeanFactory - Eagerly caching bean 'descriptionResolver' to allow for resolving potential circular references
2020-03-09 20:45:32.350 [main] DEBUG o.s.b.f.s.DefaultListableBeanFactory - Returning cached instance of singleton bean 'org.springframework.transaction.config.internalTransactionAdvisor'
2020-03-09 20:45:32.350 [main] DEBUG o.s.b.f.s.DefaultListableBeanFactory - Returning cached instance of singleton bean 'org.springframework.transaction.config.internalTransactionAdvisor'
2020-03-09 20:45:32.350 [main] DEBUG o.s.b.f.s.DefaultListableBeanFactory - Finished creating instance of bean 'descriptionResolver'
2020-03-09 20:45:32.350 [main] DEBUG o.s.b.f.s.DefaultListableBeanFactory - Autowiring by type from bean name 'parameterDefaultReader' via constructor to bean named 'descriptionResolver'
2020-03-09 20:45:32.350 [main] DEBUG o.s.b.f.s.DefaultListableBeanFactory - Eagerly caching bean 'parameterDefaultReader' to allow for resolving potential circular references
2020-03-09 20:45:32.353 [main] DEBUG o.s.b.f.s.DefaultListableBeanFactory - Returning cached instance of singleton bean 'org.springframework.transaction.config.internalTransactionAdvisor'
2020-03-09 20:45:32.353 [main] DEBUG o.s.b.f.s.DefaultListableBeanFactory - Returning cached instance of singleton bean 'org.springframework.transaction.config.internalTransactionAdvisor'
2020-03-09 20:45:32.355 [main] DEBUG o.s.b.f.s.DefaultListableBeanFactory - Finished creating instance of bean 'parameterDefaultReader'
2020-03-09 20:45:32.355 [main] DEBUG o.s.b.f.s.DefaultListableBeanFactory - Creating shared instance of singleton bean 'parameterMultiplesReader'
2020-03-09 20:45:32.355 [main] DEBUG o.s.b.f.s.DefaultListableBeanFactory - Creating instance of bean 'parameterMultiplesReader'
2020-03-09 20:45:32.355 [main] DEBUG o.s.b.f.s.DefaultListableBeanFactory - Returning cached instance of singleton bean 'org.springframework.transaction.config.internalTransactionAdvisor'
2020-03-09 20:45:32.355 [main] DEBUG o.s.b.f.s.DefaultListableBeanFactory - Eagerly caching bean 'parameterMultiplesReader' to allow for resolving potential circular references
2020-03-09 20:45:32.359 [main] DEBUG o.s.b.f.s.DefaultListableBeanFactory - Returning cached instance of singleton bean 'org.springframework.transaction.config.internalTransactionAdvisor'
2020-03-09 20:45:32.359 [main] DEBUG o.s.b.f.s.DefaultListableBeanFactory - Returning cached instance of singleton bean 'org.springframework.transaction.config.internalTransactionAdvisor'
2020-03-09 20:45:32.360 [main] DEBUG o.s.b.f.s.DefaultListableBeanFactory - Finished creating instance of bean 'parameterMultiplesReader'
2020-03-09 20:45:32.360 [main] DEBUG o.s.b.f.s.DefaultListableBeanFactory - Creating shared instance of singleton bean 'parameterNameReader'
2020-03-09 20:45:32.360 [main] DEBUG o.s.b.f.s.DefaultListableBeanFactory - Creating instance of bean 'parameterNameReader'
2020-03-09 20:45:32.360 [main] DEBUG o.s.b.f.s.DefaultListableBeanFactory - Returning cached instance of singleton bean 'org.springframework.transaction.config.internalTransactionAdvisor'
2020-03-09 20:45:32.360 [main] DEBUG o.s.b.f.s.DefaultListableBeanFactory - Eagerly caching bean 'parameterNameReader' to allow for resolving potential circular references
2020-03-09 20:45:32.364 [main] DEBUG o.s.b.f.s.DefaultListableBeanFactory - Returning cached instance of singleton bean 'org.springframework.transaction.config.internalTransactionAdvisor'
2020-03-09 20:45:32.364 [main] DEBUG o.s.b.f.s.DefaultListableBeanFactory - Returning cached instance of singleton bean 'org.springframework.transaction.config.internalTransactionAdvisor'
2020-03-09 20:45:32.365 [main] DEBUG o.s.b.f.s.DefaultListableBeanFactory - Finished creating instance of bean 'parameterNameReader'
2020-03-09 20:45:32.365 [main] DEBUG o.s.b.f.s.DefaultListableBeanFactory - Creating shared instance of singleton bean 'parameterRequiredReader'
2020-03-09 20:45:32.365 [main] DEBUG o.s.b.f.s.DefaultListableBeanFactory - Creating instance of bean 'parameterRequiredReader'
2020-03-09 20:45:32.365 [main] DEBUG o.s.b.f.s.DefaultListableBeanFactory - Returning cached instance of singleton bean 'org.springframework.transaction.config.internalTransactionAdvisor'
2020-03-09 20:45:32.366 [main] DEBUG o.s.b.f.s.DefaultListableBeanFactory - Returning cached instance of singleton bean 'descriptionResolver'
2020-03-09 20:45:32.367 [main] DEBUG o.s.b.f.s.DefaultListableBeanFactory - Autowiring by type from bean name 'parameterRequiredReader' via constructor to bean named 'descriptionResolver'
2020-03-09 20:45:32.367 [main] DEBUG o.s.b.f.s.DefaultListableBeanFactory - Eagerly caching bean 'parameterRequiredReader' to allow for resolving potential circular references
2020-03-09 20:45:32.369 [main] DEBUG o.s.b.f.s.DefaultListableBeanFactory - Returning cached instance of singleton bean 'org.springframework.transaction.config.internalTransactionAdvisor'
2020-03-09 20:45:32.369 [main] DEBUG o.s.b.f.s.DefaultListableBeanFactory - Returning cached instance of singleton bean 'org.springframework.transaction.config.internalTransactionAdvisor'
2020-03-09 20:45:32.370 [main] DEBUG o.s.b.f.s.DefaultListableBeanFactory - Finished creating instance of bean 'parameterRequiredReader'
2020-03-09 20:45:32.370 [main] DEBUG o.s.b.f.s.DefaultListableBeanFactory - Creating shared instance of singleton bean 'parameterTypeReader'
2020-03-09 20:45:32.370 [main] DEBUG o.s.b.f.s.DefaultListableBeanFactory - Creating instance of bean 'parameterTypeReader'
2020-03-09 20:45:32.370 [main] DEBUG o.s.b.f.s.DefaultListableBeanFactory - Returning cached instance of singleton bean 'org.springframework.transaction.config.internalTransactionAdvisor'
2020-03-09 20:45:32.371 [main] DEBUG o.s.b.f.s.DefaultListableBeanFactory - Eagerly caching bean 'parameterTypeReader' to allow for resolving potential circular references
2020-03-09 20:45:32.377 [main] DEBUG o.s.b.f.s.DefaultListableBeanFactory - Returning cached instance of singleton bean 'org.springframework.transaction.config.internalTransactionAdvisor'
2020-03-09 20:45:32.377 [main] DEBUG o.s.b.f.s.DefaultListableBeanFactory - Returning cached instance of singleton bean 'org.springframework.transaction.config.internalTransactionAdvisor'
2020-03-09 20:45:32.378 [main] DEBUG o.s.b.f.s.DefaultListableBeanFactory - Finished creating instance of bean 'parameterTypeReader'
2020-03-09 20:45:32.378 [main] DEBUG o.s.b.f.s.DefaultListableBeanFactory - Creating shared instance of singleton bean 'documentationPluginsBootstrapper'
2020-03-09 20:45:32.378 [main] DEBUG o.s.b.f.s.DefaultListableBeanFactory - Creating instance of bean 'documentationPluginsBootstrapper'
2020-03-09 20:45:32.378 [main] DEBUG o.s.b.f.s.DefaultListableBeanFactory - Returning cached instance of singleton bean 'org.springframework.transaction.config.internalTransactionAdvisor'
2020-03-09 20:45:32.380 [main] DEBUG o.s.b.f.s.DefaultListableBeanFactory - Returning cached instance of singleton bean 'documentationPluginsManager'
2020-03-09 20:45:32.382 [main] DEBUG o.s.b.f.s.DefaultListableBeanFactory - Creating shared instance of singleton bean 'webMvcRequestHandlerProvider'
2020-03-09 20:45:32.382 [main] DEBUG o.s.b.f.s.DefaultListableBeanFactory - Creating instance of bean 'webMvcRequestHandlerProvider'
2020-03-09 20:45:32.383 [main] DEBUG o.s.b.f.s.DefaultListableBeanFactory - Returning cached instance of singleton bean 'org.springframework.transaction.config.internalTransactionAdvisor'
2020-03-09 20:45:32.386 [main] DEBUG o.s.b.f.s.DefaultListableBeanFactory - Creating shared instance of singleton bean 'requestMappingHandlerMapping'
2020-03-09 20:45:32.386 [main] DEBUG o.s.b.f.s.DefaultListableBeanFactory - Creating instance of bean 'requestMappingHandlerMapping'
2020-03-09 20:45:32.386 [main] DEBUG o.s.b.f.s.DefaultListableBeanFactory - Returning cached instance of singleton bean 'org.springframework.transaction.config.internalTransactionAdvisor'
2020-03-09 20:45:32.386 [main] DEBUG o.s.b.f.s.DefaultListableBeanFactory - Returning cached instance of singleton bean 'org.springframework.boot.autoconfigure.web.servlet.WebMvcAutoConfiguration$EnableWebMvcConfiguration'
2020-03-09 20:45:32.434 [main] DEBUG o.s.b.f.s.DefaultListableBeanFactory - Creating shared instance of singleton bean 'openEntityManagerInViewInterceptor'
2020-03-09 20:45:32.434 [main] DEBUG o.s.b.f.s.DefaultListableBeanFactory - Creating instance of bean 'openEntityManagerInViewInterceptor'
2020-03-09 20:45:32.434 [main] DEBUG o.s.b.f.s.DefaultListableBeanFactory - Returning cached instance of singleton bean 'org.springframework.transaction.config.internalTransactionAdvisor'
2020-03-09 20:45:32.434 [main] DEBUG o.s.b.f.s.DefaultListableBeanFactory - Returning cached instance of singleton bean 'org.springframework.boot.autoconfigure.orm.jpa.JpaBaseConfiguration$JpaWebConfiguration$JpaWebMvcConfiguration'
2020-03-09 20:45:32.440 [main] WARN  o.s.b.a.o.j.JpaBaseConfiguration$JpaWebConfiguration$JpaWebMvcConfiguration - spring.jpa.open-in-view is enabled by default. Therefore, database queries may be performed during view rendering. Explicitly configure spring.jpa.open-in-view to disable this warning
2020-03-09 20:45:32.453 [main] DEBUG o.s.b.f.s.DefaultListableBeanFactory - Eagerly caching bean 'openEntityManagerInViewInterceptor' to allow for resolving potential circular references
2020-03-09 20:45:32.465 [main] DEBUG o.s.b.f.s.DefaultListableBeanFactory - Returning cached instance of singleton bean 'entityManagerFactory'
2020-03-09 20:45:32.466 [main] DEBUG o.s.b.f.s.DefaultListableBeanFactory - Returning cached instance of singleton bean 'org.springframework.transaction.config.internalTransactionAdvisor'
2020-03-09 20:45:32.466 [main] DEBUG o.s.b.f.s.DefaultListableBeanFactory - Returning cached instance of singleton bean 'org.springframework.transaction.config.internalTransactionAdvisor'
2020-03-09 20:45:32.467 [main] DEBUG o.s.b.f.s.DefaultListableBeanFactory - Finished creating instance of bean 'openEntityManagerInViewInterceptor'
2020-03-09 20:45:32.473 [main] DEBUG o.s.b.f.s.DefaultListableBeanFactory - Creating shared instance of singleton bean 'mvcConversionService'
2020-03-09 20:45:32.474 [main] DEBUG o.s.b.f.s.DefaultListableBeanFactory - Creating instance of bean 'mvcConversionService'
2020-03-09 20:45:32.474 [main] DEBUG o.s.b.f.s.DefaultListableBeanFactory - Returning cached instance of singleton bean 'org.springframework.transaction.config.internalTransactionAdvisor'
2020-03-09 20:45:32.474 [main] DEBUG o.s.b.f.s.DefaultListableBeanFactory - Returning cached instance of singleton bean 'org.springframework.boot.autoconfigure.web.servlet.WebMvcAutoConfiguration$EnableWebMvcConfiguration'
2020-03-09 20:45:32.497 [main] DEBUG o.s.b.f.s.DefaultListableBeanFactory - Returning cached instance of singleton bean 'teachplanMediaRepository'
2020-03-09 20:45:32.500 [main] DEBUG o.s.b.f.s.DefaultListableBeanFactory - Returning cached instance of singleton bean 'teachplanMediaPubRepository'
2020-03-09 20:45:32.500 [main] DEBUG o.s.b.f.s.DefaultListableBeanFactory - Returning cached instance of singleton bean 'courseBaseRepository'
2020-03-09 20:45:32.501 [main] DEBUG o.s.b.f.s.DefaultListableBeanFactory - Returning cached instance of singleton bean 'courseMarketRepository'
2020-03-09 20:45:32.502 [main] DEBUG o.s.b.f.s.DefaultListableBeanFactory - Returning cached instance of singleton bean 'teachplanRepository'
2020-03-09 20:45:32.502 [main] DEBUG o.s.b.f.s.DefaultListableBeanFactory - Returning cached instance of singleton bean 'coursePubRepository'
2020-03-09 20:45:32.503 [main] DEBUG o.s.b.f.s.DefaultListableBeanFactory - Returning cached instance of singleton bean 'coursePicRepository'
2020-03-09 20:45:32.503 [main] DEBUG o.s.b.f.s.DefaultListableBeanFactory - Returning cached instance of singleton bean 'sysDictionaryRepository'
2020-03-09 20:45:32.511 [main] DEBUG o.s.b.f.s.DefaultListableBeanFactory - Eagerly caching bean 'mvcConversionService' to allow for resolving potential circular references
2020-03-09 20:45:32.520 [main] DEBUG o.s.b.f.s.DefaultListableBeanFactory - Returning cached instance of singleton bean 'org.springframework.transaction.config.internalTransactionAdvisor'
2020-03-09 20:45:32.520 [main] DEBUG o.s.b.f.s.DefaultListableBeanFactory - Returning cached instance of singleton bean 'org.springframework.transaction.config.internalTransactionAdvisor'
2020-03-09 20:45:32.521 [main] DEBUG o.s.b.f.s.DefaultListableBeanFactory - Finished creating instance of bean 'mvcConversionService'
2020-03-09 20:45:32.523 [main] DEBUG o.s.b.f.s.DefaultListableBeanFactory - Returning cached instance of singleton bean 'mvcResourceUrlProvider'
2020-03-09 20:45:32.525 [main] DEBUG o.s.b.f.s.DefaultListableBeanFactory - Creating shared instance of singleton bean 'mvcContentNegotiationManager'
2020-03-09 20:45:32.525 [main] DEBUG o.s.b.f.s.DefaultListableBeanFactory - Creating instance of bean 'mvcContentNegotiationManager'
2020-03-09 20:45:32.526 [main] DEBUG o.s.b.f.s.DefaultListableBeanFactory - Returning cached instance of singleton bean 'org.springframework.transaction.config.internalTransactionAdvisor'
2020-03-09 20:45:32.526 [main] DEBUG o.s.b.f.s.DefaultListableBeanFactory - Returning cached instance of singleton bean 'org.springframework.boot.autoconfigure.web.servlet.WebMvcAutoConfiguration$EnableWebMvcConfiguration'
2020-03-09 20:45:32.534 [main] DEBUG o.s.b.f.s.DefaultListableBeanFactory - Eagerly caching bean 'mvcContentNegotiationManager' to allow for resolving potential circular references
2020-03-09 20:45:32.537 [main] DEBUG o.s.b.f.s.DefaultListableBeanFactory - Returning cached instance of singleton bean 'org.springframework.transaction.config.internalTransactionAdvisor'
2020-03-09 20:45:32.537 [main] DEBUG o.s.b.f.s.DefaultListableBeanFactory - Returning cached instance of singleton bean 'org.springframework.transaction.config.internalTransactionAdvisor'
2020-03-09 20:45:32.538 [main] DEBUG o.s.b.f.s.DefaultListableBeanFactory - Finished creating instance of bean 'mvcContentNegotiationManager'
2020-03-09 20:45:32.544 [main] DEBUG o.s.b.f.s.DefaultListableBeanFactory - Eagerly caching bean 'requestMappingHandlerMapping' to allow for resolving potential circular references
2020-03-09 20:45:32.557 [main] DEBUG o.s.b.f.s.DefaultListableBeanFactory - Invoking afterPropertiesSet() on bean with name 'requestMappingHandlerMapping'
2020-03-09 20:45:32.557 [main] DEBUG o.s.w.s.m.m.a.RequestMappingHandlerMapping - Looking for request mappings in application context: org.springframework.web.context.support.GenericWebApplicationContext@21d5c1a0: startup date [Mon Mar 09 20:45:20 CST 2020]; parent: org.springframework.context.annotation.AnnotationConfigApplicationContext@c9d0d6
2020-03-09 20:45:32.580 [main] DEBUG o.s.w.s.m.m.a.RequestMappingHandlerMapping - 16 request handler methods found on class com.ningmeng.manage_course.controller.CourseController: {public com.ningmeng.framework.domain.course.response.CoursePublishResult com.ningmeng.manage_course.controller.CourseController.publish(java.lang.String)={[/course/publish/{id}],methods=[POST]}, public com.ningmeng.framework.domain.course.ext.TeachplanNode com.ningmeng.manage_course.controller.CourseController.findTeachplanList(java.lang.String)={[/course/teachplan/list/{courseId}],methods=[GET]}, public com.ningmeng.framework.model.response.ResponseResult com.ningmeng.manage_course.controller.CourseController.updateCourseMarket(java.lang.String,com.ningmeng.framework.domain.course.CourseMarket)={[/course/xy/updateCourseMarket/{id}/{courseMarket}],methods=[POST]}, public com.ningmeng.framework.domain.course.CourseBase com.ningmeng.manage_course.controller.CourseController.getCourseBaseById(java.lang.String) throws java.lang.RuntimeException={[/course/xy/getCourseBaseById/{id}],methods=[GET]}, public com.ningmeng.framework.domain.course.CourseMarket com.ningmeng.manage_course.controller.CourseController.getCourseMarketById(java.lang.String)={[/course/xy/getCourseMarketById/{id}],methods=[GET]}, public com.ningmeng.framework.domain.course.ext.CategoryNode com.ningmeng.manage_course.controller.CourseController.findList()={[/course/xy/findList],methods=[GET]}, public com.ningmeng.framework.model.response.ResponseResult com.ningmeng.manage_course.controller.CourseController.addCoursePic(java.lang.String,java.lang.String)={[/course/coursepic/add],methods=[POST]}, public com.ningmeng.framework.model.response.ResponseResult com.ningmeng.manage_course.controller.CourseController.addTeachplan(com.ningmeng.framework.domain.course.Teachplan)={[/course/teachplan/add],methods=[POST]}, public com.ningmeng.framework.domain.course.CoursePic com.ningmeng.manage_course.controller.CourseController.findCoursePic(java.lang.String)={[/course/coursepic/list/{courseId}],methods=[GET]}, public com.ningmeng.framework.domain.course.response.CourseView com.ningmeng.manage_course.controller.CourseController.courseview(java.lang.String)={[/course/courseview/{id}],methods=[GET]}, public com.ningmeng.framework.domain.course.response.CoursePublishResult com.ningmeng.manage_course.controller.CourseController.preview(java.lang.String)={[/course/preview/{id}],methods=[POST]}, public com.ningmeng.framework.domain.course.response.AddCourseResult com.ningmeng.manage_course.controller.CourseController.addCourseBase(com.ningmeng.framework.domain.course.CourseBase)={[/course/xy/add/{courseBase}],methods=[POST]}, public com.ningmeng.framework.model.response.ResponseResult com.ningmeng.manage_course.controller.CourseController.updateCourseBase(java.lang.String,com.ningmeng.framework.domain.course.CourseBase)={[/course/xy/updateCourseBase/{id}/{courseBase}],methods=[POST]}, public com.ningmeng.framework.model.response.QueryResponseResult com.ningmeng.manage_course.controller.CourseController.findCourseList(int,int,java.lang.String)={[/course/teachplan/findCourseList],methods=[POST]}, public com.ningmeng.framework.model.response.ResponseResult com.ningmeng.manage_course.controller.CourseController.deleteCoursePic(java.lang.String)={[/course/coursepic/delete],methods=[DELETE]}, public com.ningmeng.framework.model.response.ResponseResult com.ningmeng.manage_course.controller.CourseController.savemedia(com.ningmeng.framework.domain.course.TeachplanMedia)={[/course/savemedia],methods=[POST]}}
2020-03-09 20:45:32.581 [main] INFO  o.s.w.s.m.m.a.RequestMappingHandlerMapping - Mapped "{[/course/publish/{id}],methods=[POST]}" onto public com.ningmeng.framework.domain.course.response.CoursePublishResult com.ningmeng.manage_course.controller.CourseController.publish(java.lang.String)
2020-03-09 20:45:32.583 [main] INFO  o.s.w.s.m.m.a.RequestMappingHandlerMapping - Mapped "{[/course/teachplan/list/{courseId}],methods=[GET]}" onto public com.ningmeng.framework.domain.course.ext.TeachplanNode com.ningmeng.manage_course.controller.CourseController.findTeachplanList(java.lang.String)
2020-03-09 20:45:32.583 [main] INFO  o.s.w.s.m.m.a.RequestMappingHandlerMapping - Mapped "{[/course/xy/updateCourseMarket/{id}/{courseMarket}],methods=[POST]}" onto public com.ningmeng.framework.model.response.ResponseResult com.ningmeng.manage_course.controller.CourseController.updateCourseMarket(java.lang.String,com.ningmeng.framework.domain.course.CourseMarket)
2020-03-09 20:45:32.583 [main] INFO  o.s.w.s.m.m.a.RequestMappingHandlerMapping - Mapped "{[/course/xy/getCourseBaseById/{id}],methods=[GET]}" onto public com.ningmeng.framework.domain.course.CourseBase com.ningmeng.manage_course.controller.CourseController.getCourseBaseById(java.lang.String) throws java.lang.RuntimeException
2020-03-09 20:45:32.583 [main] INFO  o.s.w.s.m.m.a.RequestMappingHandlerMapping - Mapped "{[/course/xy/getCourseMarketById/{id}],methods=[GET]}" onto public com.ningmeng.framework.domain.course.CourseMarket com.ningmeng.manage_course.controller.CourseController.getCourseMarketById(java.lang.String)
2020-03-09 20:45:32.584 [main] INFO  o.s.w.s.m.m.a.RequestMappingHandlerMapping - Mapped "{[/course/xy/findList],methods=[GET]}" onto public com.ningmeng.framework.domain.course.ext.CategoryNode com.ningmeng.manage_course.controller.CourseController.findList()
2020-03-09 20:45:32.584 [main] INFO  o.s.w.s.m.m.a.RequestMappingHandlerMapping - Mapped "{[/course/coursepic/add],methods=[POST]}" onto public com.ningmeng.framework.model.response.ResponseResult com.ningmeng.manage_course.controller.CourseController.addCoursePic(java.lang.String,java.lang.String)
2020-03-09 20:45:32.585 [main] INFO  o.s.w.s.m.m.a.RequestMappingHandlerMapping - Mapped "{[/course/teachplan/add],methods=[POST]}" onto public com.ningmeng.framework.model.response.ResponseResult com.ningmeng.manage_course.controller.CourseController.addTeachplan(com.ningmeng.framework.domain.course.Teachplan)
2020-03-09 20:45:32.585 [main] INFO  o.s.w.s.m.m.a.RequestMappingHandlerMapping - Mapped "{[/course/coursepic/list/{courseId}],methods=[GET]}" onto public com.ningmeng.framework.domain.course.CoursePic com.ningmeng.manage_course.controller.CourseController.findCoursePic(java.lang.String)
2020-03-09 20:45:32.585 [main] INFO  o.s.w.s.m.m.a.RequestMappingHandlerMapping - Mapped "{[/course/courseview/{id}],methods=[GET]}" onto public com.ningmeng.framework.domain.course.response.CourseView com.ningmeng.manage_course.controller.CourseController.courseview(java.lang.String)
2020-03-09 20:45:32.586 [main] INFO  o.s.w.s.m.m.a.RequestMappingHandlerMapping - Mapped "{[/course/preview/{id}],methods=[POST]}" onto public com.ningmeng.framework.domain.course.response.CoursePublishResult com.ningmeng.manage_course.controller.CourseController.preview(java.lang.String)
2020-03-09 20:45:32.586 [main] INFO  o.s.w.s.m.m.a.RequestMappingHandlerMapping - Mapped "{[/course/xy/add/{courseBase}],methods=[POST]}" onto public com.ningmeng.framework.domain.course.response.AddCourseResult com.ningmeng.manage_course.controller.CourseController.addCourseBase(com.ningmeng.framework.domain.course.CourseBase)
2020-03-09 20:45:32.586 [main] INFO  o.s.w.s.m.m.a.RequestMappingHandlerMapping - Mapped "{[/course/xy/updateCourseBase/{id}/{courseBase}],methods=[POST]}" onto public com.ningmeng.framework.model.response.ResponseResult com.ningmeng.manage_course.controller.CourseController.updateCourseBase(java.lang.String,com.ningmeng.framework.domain.course.CourseBase)
2020-03-09 20:45:32.587 [main] INFO  o.s.w.s.m.m.a.RequestMappingHandlerMapping - Mapped "{[/course/teachplan/findCourseList],methods=[POST]}" onto public com.ningmeng.framework.model.response.QueryResponseResult com.ningmeng.manage_course.controller.CourseController.findCourseList(int,int,java.lang.String)
2020-03-09 20:45:32.587 [main] INFO  o.s.w.s.m.m.a.RequestMappingHandlerMapping - Mapped "{[/course/coursepic/delete],methods=[DELETE]}" onto public com.ningmeng.framework.model.response.ResponseResult com.ningmeng.manage_course.controller.CourseController.deleteCoursePic(java.lang.String)
2020-03-09 20:45:32.587 [main] INFO  o.s.w.s.m.m.a.RequestMappingHandlerMapping - Mapped "{[/course/savemedia],methods=[POST]}" onto public com.ningmeng.framework.model.response.ResponseResult com.ningmeng.manage_course.controller.CourseController.savemedia(com.ningmeng.framework.domain.course.TeachplanMedia)
2020-03-09 20:45:32.588 [main] DEBUG o.s.w.s.m.m.a.RequestMappingHandlerMapping - 1 request handler methods found on class com.ningmeng.manage_course.controller.SysDicthinaryController: {public com.ningmeng.framework.domain.system.SysDictionary com.ningmeng.manage_course.controller.SysDicthinaryController.getByType(java.lang.String)={[/sys/sysDicthinary/getByType/{type}],methods=[GET]}}
2020-03-09 20:45:32.588 [main] INFO  o.s.w.s.m.m.a.RequestMappingHandlerMapping - Mapped "{[/sys/sysDicthinary/getByType/{type}],methods=[GET]}" onto public com.ningmeng.framework.domain.system.SysDictionary com.ningmeng.manage_course.controller.SysDicthinaryController.getByType(java.lang.String)
2020-03-09 20:45:32.593 [main] DEBUG o.s.w.s.m.m.a.RequestMappingHandlerMapping - 3 request handler methods found on class springfox.documentation.swagger.web.ApiResourceController: {public org.springframework.http.ResponseEntity springfox.documentation.swagger.web.ApiResourceController.securityConfiguration()={[/swagger-resources/configuration/security]}, public org.springframework.http.ResponseEntity springfox.documentation.swagger.web.ApiResourceController.uiConfiguration()={[/swagger-resources/configuration/ui]}, public org.springframework.http.ResponseEntity springfox.documentation.swagger.web.ApiResourceController.swaggerResources()={[/swagger-resources]}}
2020-03-09 20:45:32.593 [main] INFO  o.s.w.s.m.m.a.RequestMappingHandlerMapping - Mapped "{[/swagger-resources/configuration/security]}" onto public org.springframework.http.ResponseEntity<springfox.documentation.swagger.web.SecurityConfiguration> springfox.documentation.swagger.web.ApiResourceController.securityConfiguration()
2020-03-09 20:45:32.593 [main] INFO  o.s.w.s.m.m.a.RequestMappingHandlerMapping - Mapped "{[/swagger-resources/configuration/ui]}" onto public org.springframework.http.ResponseEntity<springfox.documentation.swagger.web.UiConfiguration> springfox.documentation.swagger.web.ApiResourceController.uiConfiguration()
2020-03-09 20:45:32.595 [main] INFO  o.s.w.s.m.m.a.RequestMappingHandlerMapping - Mapped "{[/swagger-resources]}" onto public org.springframework.http.ResponseEntity<java.util.List<springfox.documentation.swagger.web.SwaggerResource>> springfox.documentation.swagger.web.ApiResourceController.swaggerResources()
2020-03-09 20:45:32.599 [main] DEBUG o.s.c.e.PropertySourcesPropertyResolver - Could not find key 'error.path:/error' in any property source
2020-03-09 20:45:32.600 [main] DEBUG o.s.c.e.PropertySourcesPropertyResolver - Could not find key 'error.path:/error' in any property source
2020-03-09 20:45:32.600 [main] DEBUG o.s.c.e.PropertySourcesPropertyResolver - Could not find key 'error.path' in any property source
2020-03-09 20:45:32.600 [main] DEBUG o.s.c.e.PropertySourcesPropertyResolver - Could not find key 'error.path' in any property source
2020-03-09 20:45:32.600 [main] DEBUG o.s.c.e.PropertySourcesPropertyResolver - Could not find key 'server.error.path:/error' in any property source
2020-03-09 20:45:32.600 [main] DEBUG o.s.c.e.PropertySourcesPropertyResolver - Could not find key 'server.error.path:/error' in any property source
2020-03-09 20:45:32.600 [main] DEBUG o.s.c.e.PropertySourcesPropertyResolver - Could not find key 'server.error.path' in any property source
2020-03-09 20:45:32.600 [main] DEBUG o.s.c.e.PropertySourcesPropertyResolver - Could not find key 'server.error.path' in any property source
2020-03-09 20:45:32.603 [main] DEBUG o.s.c.e.PropertySourcesPropertyResolver - Could not find key 'error.path:/error' in any property source
2020-03-09 20:45:32.603 [main] DEBUG o.s.c.e.PropertySourcesPropertyResolver - Could not find key 'error.path:/error' in any property source
2020-03-09 20:45:32.603 [main] DEBUG o.s.c.e.PropertySourcesPropertyResolver - Could not find key 'error.path' in any property source
2020-03-09 20:45:32.603 [main] DEBUG o.s.c.e.PropertySourcesPropertyResolver - Could not find key 'error.path' in any property source
2020-03-09 20:45:32.603 [main] DEBUG o.s.c.e.PropertySourcesPropertyResolver - Could not find key 'server.error.path:/error' in any property source
2020-03-09 20:45:32.603 [main] DEBUG o.s.c.e.PropertySourcesPropertyResolver - Could not find key 'server.error.path:/error' in any property source
2020-03-09 20:45:32.603 [main] DEBUG o.s.c.e.PropertySourcesPropertyResolver - Could not find key 'server.error.path' in any property source
2020-03-09 20:45:32.603 [main] DEBUG o.s.c.e.PropertySourcesPropertyResolver - Could not find key 'server.error.path' in any property source
2020-03-09 20:45:32.604 [main] DEBUG o.s.w.s.m.m.a.RequestMappingHandlerMapping - 2 request handler methods found on class org.springframework.boot.autoconfigure.web.servlet.error.BasicErrorController: {public org.springframework.http.ResponseEntity org.springframework.boot.autoconfigure.web.servlet.error.BasicErrorController.error(javax.servlet.http.HttpServletRequest)={[/error]}, public org.springframework.web.servlet.ModelAndView org.springframework.boot.autoconfigure.web.servlet.error.BasicErrorController.errorHtml(javax.servlet.http.HttpServletRequest,javax.servlet.http.HttpServletResponse)={[/error],produces=[text/html]}}
2020-03-09 20:45:32.604 [main] INFO  o.s.w.s.m.m.a.RequestMappingHandlerMapping - Mapped "{[/error]}" onto public org.springframework.http.ResponseEntity<java.util.Map<java.lang.String, java.lang.Object>> org.springframework.boot.autoconfigure.web.servlet.error.BasicErrorController.error(javax.servlet.http.HttpServletRequest)
2020-03-09 20:45:32.604 [main] INFO  o.s.w.s.m.m.a.RequestMappingHandlerMapping - Mapped "{[/error],produces=[text/html]}" onto public org.springframework.web.servlet.ModelAndView org.springframework.boot.autoconfigure.web.servlet.error.BasicErrorController.errorHtml(javax.servlet.http.HttpServletRequest,javax.servlet.http.HttpServletResponse)
2020-03-09 20:45:32.611 [main] DEBUG o.s.b.f.s.DefaultListableBeanFactory - Returning cached instance of singleton bean 'org.springframework.transaction.config.internalTransactionAdvisor'
2020-03-09 20:45:32.611 [main] DEBUG o.s.b.f.s.DefaultListableBeanFactory - Returning cached instance of singleton bean 'org.springframework.transaction.config.internalTransactionAdvisor'
2020-03-09 20:45:32.613 [main] DEBUG o.s.b.f.s.DefaultListableBeanFactory - Finished creating instance of bean 'requestMappingHandlerMapping'
2020-03-09 20:45:32.615 [main] DEBUG o.s.b.f.s.DefaultListableBeanFactory - Autowiring by type from bean name 'webMvcRequestHandlerProvider' via constructor to bean named 'requestMappingHandlerMapping'
2020-03-09 20:45:32.616 [main] DEBUG o.s.b.f.s.DefaultListableBeanFactory - Eagerly caching bean 'webMvcRequestHandlerProvider' to allow for resolving potential circular references
2020-03-09 20:45:32.619 [main] DEBUG o.s.b.f.s.DefaultListableBeanFactory - Returning cached instance of singleton bean 'org.springframework.transaction.config.internalTransactionAdvisor'
2020-03-09 20:45:32.619 [main] DEBUG o.s.b.f.s.DefaultListableBeanFactory - Returning cached instance of singleton bean 'org.springframework.transaction.config.internalTransactionAdvisor'
2020-03-09 20:45:32.620 [main] DEBUG o.s.b.f.s.DefaultListableBeanFactory - Finished creating instance of bean 'webMvcRequestHandlerProvider'
2020-03-09 20:45:32.622 [main] DEBUG o.s.b.f.s.DefaultListableBeanFactory - Creating shared instance of singleton bean 'resourceGroupCache'
2020-03-09 20:45:32.622 [main] DEBUG o.s.b.f.s.DefaultListableBeanFactory - Creating instance of bean 'resourceGroupCache'
2020-03-09 20:45:32.622 [main] DEBUG o.s.b.f.s.DefaultListableBeanFactory - Returning cached instance of singleton bean 'org.springframework.transaction.config.internalTransactionAdvisor'
2020-03-09 20:45:32.622 [main] DEBUG o.s.b.f.s.DefaultListableBeanFactory - Returning cached instance of singleton bean 'springfox.documentation.spring.web.SpringfoxWebMvcConfiguration'
2020-03-09 20:45:32.622 [main] DEBUG o.s.b.f.s.DefaultListableBeanFactory - Eagerly caching bean 'resourceGroupCache' to allow for resolving potential circular references
2020-03-09 20:45:32.624 [main] DEBUG o.s.b.f.s.DefaultListableBeanFactory - Returning cached instance of singleton bean 'org.springframework.transaction.config.internalTransactionAdvisor'
2020-03-09 20:45:32.624 [main] DEBUG o.s.b.f.s.DefaultListableBeanFactory - Returning cached instance of singleton bean 'org.springframework.transaction.config.internalTransactionAdvisor'
2020-03-09 20:45:32.625 [main] DEBUG o.s.b.f.s.DefaultListableBeanFactory - Finished creating instance of bean 'resourceGroupCache'
2020-03-09 20:45:32.628 [main] DEBUG o.s.b.f.s.DefaultListableBeanFactory - Returning cached instance of singleton bean 'apiDocumentationScanner'
2020-03-09 20:45:32.628 [main] DEBUG o.s.b.f.s.DefaultListableBeanFactory - Returning cached instance of singleton bean 'typeResolver'
2020-03-09 20:45:32.631 [main] DEBUG o.s.b.f.s.DefaultListableBeanFactory - Creating shared instance of singleton bean 'defaults'
2020-03-09 20:45:32.631 [main] DEBUG o.s.b.f.s.DefaultListableBeanFactory - Creating instance of bean 'defaults'
2020-03-09 20:45:32.631 [main] DEBUG o.s.b.f.s.DefaultListableBeanFactory - Returning cached instance of singleton bean 'org.springframework.transaction.config.internalTransactionAdvisor'
2020-03-09 20:45:32.631 [main] DEBUG o.s.b.f.s.DefaultListableBeanFactory - Returning cached instance of singleton bean 'springfox.documentation.spring.web.SpringfoxWebMvcConfiguration'
2020-03-09 20:45:32.652 [main] DEBUG o.s.b.f.s.DefaultListableBeanFactory - Eagerly caching bean 'defaults' to allow for resolving potential circular references
2020-03-09 20:45:32.654 [main] DEBUG o.s.b.f.s.DefaultListableBeanFactory - Returning cached instance of singleton bean 'org.springframework.transaction.config.internalTransactionAdvisor'
2020-03-09 20:45:32.654 [main] DEBUG o.s.b.f.s.DefaultListableBeanFactory - Returning cached instance of singleton bean 'org.springframework.transaction.config.internalTransactionAdvisor'
2020-03-09 20:45:32.654 [main] DEBUG o.s.b.f.s.DefaultListableBeanFactory - Finished creating instance of bean 'defaults'
2020-03-09 20:45:32.656 [main] DEBUG o.s.b.f.s.DefaultListableBeanFactory - Returning cached instance of singleton bean 'servletContext'
2020-03-09 20:45:32.656 [main] DEBUG o.s.b.f.s.DefaultListableBeanFactory - Autowiring by type from bean name 'documentationPluginsBootstrapper' via constructor to bean named 'documentationPluginsManager'
2020-03-09 20:45:32.656 [main] DEBUG o.s.b.f.s.DefaultListableBeanFactory - Autowiring by type from bean name 'documentationPluginsBootstrapper' via constructor to bean named 'webMvcRequestHandlerProvider'
2020-03-09 20:45:32.656 [main] DEBUG o.s.b.f.s.DefaultListableBeanFactory - Autowiring by type from bean name 'documentationPluginsBootstrapper' via constructor to bean named 'resourceGroupCache'
2020-03-09 20:45:32.656 [main] DEBUG o.s.b.f.s.DefaultListableBeanFactory - Autowiring by type from bean name 'documentationPluginsBootstrapper' via constructor to bean named 'apiDocumentationScanner'
2020-03-09 20:45:32.656 [main] DEBUG o.s.b.f.s.DefaultListableBeanFactory - Autowiring by type from bean name 'documentationPluginsBootstrapper' via constructor to bean named 'typeResolver'
2020-03-09 20:45:32.656 [main] DEBUG o.s.b.f.s.DefaultListableBeanFactory - Autowiring by type from bean name 'documentationPluginsBootstrapper' via constructor to bean named 'defaults'
2020-03-09 20:45:32.656 [main] DEBUG o.s.b.f.s.DefaultListableBeanFactory - Autowiring by type from bean name 'documentationPluginsBootstrapper' via constructor to bean named 'servletContext'
2020-03-09 20:45:32.656 [main] DEBUG o.s.b.f.annotation.InjectionMetadata - Registered injected element on class [springfox.documentation.spring.web.plugins.DocumentationPluginsBootstrapper]: AutowiredFieldElement for private springfox.documentation.spi.service.RequestHandlerCombiner springfox.documentation.spring.web.plugins.DocumentationPluginsBootstrapper.combiner
2020-03-09 20:45:32.656 [main] DEBUG o.s.b.f.annotation.InjectionMetadata - Registered injected element on class [springfox.documentation.spring.web.plugins.DocumentationPluginsBootstrapper]: AutowiredFieldElement for private java.util.List springfox.documentation.spring.web.plugins.DocumentationPluginsBootstrapper.typeConventions
2020-03-09 20:45:32.657 [main] DEBUG o.s.b.f.s.DefaultListableBeanFactory - Eagerly caching bean 'documentationPluginsBootstrapper' to allow for resolving potential circular references
2020-03-09 20:45:32.658 [main] DEBUG o.s.b.f.annotation.InjectionMetadata - Processing injected element of bean 'documentationPluginsBootstrapper': AutowiredFieldElement for private springfox.documentation.spi.service.RequestHandlerCombiner springfox.documentation.spring.web.plugins.DocumentationPluginsBootstrapper.combiner
2020-03-09 20:45:32.658 [main] DEBUG o.s.core.annotation.AnnotationUtils - Failed to meta-introspect annotation interface org.springframework.beans.factory.annotation.Autowired: java.lang.NullPointerException
2020-03-09 20:45:32.660 [main] DEBUG o.s.b.f.annotation.InjectionMetadata - Processing injected element of bean 'documentationPluginsBootstrapper': AutowiredFieldElement for private java.util.List springfox.documentation.spring.web.plugins.DocumentationPluginsBootstrapper.typeConventions
2020-03-09 20:45:32.660 [main] DEBUG o.s.core.annotation.AnnotationUtils - Failed to meta-introspect annotation interface org.springframework.beans.factory.annotation.Autowired: java.lang.NullPointerException
2020-03-09 20:45:32.662 [main] DEBUG o.s.b.f.s.DefaultListableBeanFactory - Returning cached instance of singleton bean 'org.springframework.transaction.config.internalTransactionAdvisor'
2020-03-09 20:45:32.663 [main] DEBUG o.s.b.f.s.DefaultListableBeanFactory - Returning cached instance of singleton bean 'org.springframework.transaction.config.internalTransactionAdvisor'
2020-03-09 20:45:32.664 [main] DEBUG o.s.b.f.s.DefaultListableBeanFactory - Finished creating instance of bean 'documentationPluginsBootstrapper'
2020-03-09 20:45:32.665 [main] DEBUG o.s.b.f.s.DefaultListableBeanFactory - Returning cached instance of singleton bean 'documentationPluginsManager'
2020-03-09 20:45:32.665 [main] DEBUG o.s.b.f.s.DefaultListableBeanFactory - Returning cached instance of singleton bean 'webMvcRequestHandlerProvider'
2020-03-09 20:45:32.665 [main] DEBUG o.s.b.f.s.DefaultListableBeanFactory - Creating shared instance of singleton bean 'operationPathDecorator'
2020-03-09 20:45:32.665 [main] DEBUG o.s.b.f.s.DefaultListableBeanFactory - Creating instance of bean 'operationPathDecorator'
2020-03-09 20:45:32.665 [main] DEBUG o.s.b.f.s.DefaultListableBeanFactory - Returning cached instance of singleton bean 'org.springframework.transaction.config.internalTransactionAdvisor'
2020-03-09 20:45:32.665 [main] DEBUG o.s.b.f.s.DefaultListableBeanFactory - Eagerly caching bean 'operationPathDecorator' to allow for resolving potential circular references
2020-03-09 20:45:32.669 [main] DEBUG o.s.b.f.s.DefaultListableBeanFactory - Returning cached instance of singleton bean 'org.springframework.transaction.config.internalTransactionAdvisor'
2020-03-09 20:45:32.669 [main] DEBUG o.s.b.f.s.DefaultListableBeanFactory - Returning cached instance of singleton bean 'org.springframework.transaction.config.internalTransactionAdvisor'
2020-03-09 20:45:32.669 [main] DEBUG o.s.b.f.s.DefaultListableBeanFactory - Finished creating instance of bean 'operationPathDecorator'
2020-03-09 20:45:32.670 [main] DEBUG o.s.b.f.s.DefaultListableBeanFactory - Creating shared instance of singleton bean 'pathMappingDecorator'
2020-03-09 20:45:32.670 [main] DEBUG o.s.b.f.s.DefaultListableBeanFactory - Creating instance of bean 'pathMappingDecorator'
2020-03-09 20:45:32.670 [main] DEBUG o.s.b.f.s.DefaultListableBeanFactory - Returning cached instance of singleton bean 'org.springframework.transaction.config.internalTransactionAdvisor'
2020-03-09 20:45:32.670 [main] DEBUG o.s.b.f.s.DefaultListableBeanFactory - Eagerly caching bean 'pathMappingDecorator' to allow for resolving potential circular references
2020-03-09 20:45:32.674 [main] DEBUG o.s.b.f.s.DefaultListableBeanFactory - Returning cached instance of singleton bean 'org.springframework.transaction.config.internalTransactionAdvisor'
2020-03-09 20:45:32.674 [main] DEBUG o.s.b.f.s.DefaultListableBeanFactory - Returning cached instance of singleton bean 'org.springframework.transaction.config.internalTransactionAdvisor'
2020-03-09 20:45:32.675 [main] DEBUG o.s.b.f.s.DefaultListableBeanFactory - Finished creating instance of bean 'pathMappingDecorator'
2020-03-09 20:45:32.675 [main] DEBUG o.s.b.f.s.DefaultListableBeanFactory - Creating shared instance of singleton bean 'pathSanitizer'
2020-03-09 20:45:32.675 [main] DEBUG o.s.b.f.s.DefaultListableBeanFactory - Creating instance of bean 'pathSanitizer'
2020-03-09 20:45:32.675 [main] DEBUG o.s.b.f.s.DefaultListableBeanFactory - Returning cached instance of singleton bean 'org.springframework.transaction.config.internalTransactionAdvisor'
2020-03-09 20:45:32.675 [main] DEBUG o.s.b.f.s.DefaultListableBeanFactory - Eagerly caching bean 'pathSanitizer' to allow for resolving potential circular references
2020-03-09 20:45:32.681 [main] DEBUG o.s.b.f.s.DefaultListableBeanFactory - Returning cached instance of singleton bean 'org.springframework.transaction.config.internalTransactionAdvisor'
2020-03-09 20:45:32.681 [main] DEBUG o.s.b.f.s.DefaultListableBeanFactory - Returning cached instance of singleton bean 'org.springframework.transaction.config.internalTransactionAdvisor'
2020-03-09 20:45:32.682 [main] DEBUG o.s.b.f.s.DefaultListableBeanFactory - Finished creating instance of bean 'pathSanitizer'
2020-03-09 20:45:32.683 [main] DEBUG o.s.b.f.s.DefaultListableBeanFactory - Creating shared instance of singleton bean 'queryStringUriTemplateDecorator'
2020-03-09 20:45:32.683 [main] DEBUG o.s.b.f.s.DefaultListableBeanFactory - Creating instance of bean 'queryStringUriTemplateDecorator'
2020-03-09 20:45:32.683 [main] DEBUG o.s.b.f.s.DefaultListableBeanFactory - Returning cached instance of singleton bean 'org.springframework.transaction.config.internalTransactionAdvisor'
2020-03-09 20:45:32.683 [main] DEBUG o.s.b.f.s.DefaultListableBeanFactory - Eagerly caching bean 'queryStringUriTemplateDecorator' to allow for resolving potential circular references
2020-03-09 20:45:32.688 [main] DEBUG o.s.b.f.s.DefaultListableBeanFactory - Returning cached instance of singleton bean 'org.springframework.transaction.config.internalTransactionAdvisor'
2020-03-09 20:45:32.689 [main] DEBUG o.s.b.f.s.DefaultListableBeanFactory - Returning cached instance of singleton bean 'org.springframework.transaction.config.internalTransactionAdvisor'
2020-03-09 20:45:32.689 [main] DEBUG o.s.b.f.s.DefaultListableBeanFactory - Finished creating instance of bean 'queryStringUriTemplateDecorator'
2020-03-09 20:45:32.689 [main] DEBUG o.s.b.f.s.DefaultListableBeanFactory - Returning cached instance of singleton bean 'cachingModelDependencyProvider'
2020-03-09 20:45:32.689 [main] DEBUG o.s.b.f.s.DefaultListableBeanFactory - Returning cached instance of singleton bean 'cachingModelProvider'
2020-03-09 20:45:32.689 [main] DEBUG o.s.b.f.s.DefaultListableBeanFactory - Returning cached instance of singleton bean 'defaultModelDependencyProvider'
2020-03-09 20:45:32.689 [main] DEBUG o.s.b.f.s.DefaultListableBeanFactory - Returning cached instance of singleton bean 'defaultModelProvider'
2020-03-09 20:45:32.690 [main] DEBUG o.s.b.f.s.DefaultListableBeanFactory - Returning cached instance of singleton bean 'schemaPluginsManager'
2020-03-09 20:45:32.690 [main] DEBUG o.s.b.f.s.DefaultListableBeanFactory - Returning cached instance of singleton bean 'accessorsProvider'
2020-03-09 20:45:32.690 [main] DEBUG o.s.b.f.s.DefaultListableBeanFactory - Returning cached instance of singleton bean 'cachingModelPropertiesProvider'
2020-03-09 20:45:32.690 [main] DEBUG o.s.b.f.s.DefaultListableBeanFactory - Returning cached instance of singleton bean 'factoryMethodProvider'
2020-03-09 20:45:32.690 [main] DEBUG o.s.b.f.s.DefaultListableBeanFactory - Returning cached instance of singleton bean 'fieldProvider'
2020-03-09 20:45:32.690 [main] DEBUG o.s.b.f.s.DefaultListableBeanFactory - Returning cached instance of singleton bean 'objectMapperBeanPropertyNamingStrategy'
2020-03-09 20:45:32.690 [main] DEBUG o.s.b.f.s.DefaultListableBeanFactory - Returning cached instance of singleton bean 'optimized'
2020-03-09 20:45:32.690 [main] DEBUG o.s.b.f.s.DefaultListableBeanFactory - Returning cached instance of singleton bean 'typeNameExtractor'
2020-03-09 20:45:32.690 [main] DEBUG o.s.b.f.s.DefaultListableBeanFactory - Creating shared instance of singleton bean 'apiModelBuilder'
2020-03-09 20:45:32.690 [main] DEBUG o.s.b.f.s.DefaultListableBeanFactory - Creating instance of bean 'apiModelBuilder'
2020-03-09 20:45:32.690 [main] DEBUG o.s.b.f.s.DefaultListableBeanFactory - Returning cached instance of singleton bean 'org.springframework.transaction.config.internalTransactionAdvisor'
2020-03-09 20:45:32.692 [main] DEBUG o.s.b.f.s.DefaultListableBeanFactory - Returning cached instance of singleton bean 'typeResolver'
2020-03-09 20:45:32.693 [main] DEBUG o.s.b.f.s.DefaultListableBeanFactory - Autowiring by type from bean name 'apiModelBuilder' via constructor to bean named 'typeResolver'
2020-03-09 20:45:32.693 [main] DEBUG o.s.b.f.s.DefaultListableBeanFactory - Eagerly caching bean 'apiModelBuilder' to allow for resolving potential circular references
2020-03-09 20:45:32.699 [main] DEBUG o.s.b.f.s.DefaultListableBeanFactory - Returning cached instance of singleton bean 'org.springframework.transaction.config.internalTransactionAdvisor'
2020-03-09 20:45:32.700 [main] DEBUG o.s.b.f.s.DefaultListableBeanFactory - Returning cached instance of singleton bean 'org.springframework.transaction.config.internalTransactionAdvisor'
2020-03-09 20:45:32.700 [main] DEBUG o.s.b.f.s.DefaultListableBeanFactory - Finished creating instance of bean 'apiModelBuilder'
2020-03-09 20:45:32.700 [main] DEBUG o.s.b.f.s.DefaultListableBeanFactory - Creating shared instance of singleton bean 'apiModelPropertyPropertyBuilder'
2020-03-09 20:45:32.700 [main] DEBUG o.s.b.f.s.DefaultListableBeanFactory - Creating instance of bean 'apiModelPropertyPropertyBuilder'
2020-03-09 20:45:32.700 [main] DEBUG o.s.b.f.s.DefaultListableBeanFactory - Returning cached instance of singleton bean 'org.springframework.transaction.config.internalTransactionAdvisor'
2020-03-09 20:45:32.701 [main] DEBUG o.s.b.f.s.DefaultListableBeanFactory - Returning cached instance of singleton bean 'descriptionResolver'
2020-03-09 20:45:32.701 [main] DEBUG o.s.b.f.s.DefaultListableBeanFactory - Autowiring by type from bean name 'apiModelPropertyPropertyBuilder' via constructor to bean named 'descriptionResolver'
2020-03-09 20:45:32.701 [main] DEBUG o.s.b.f.s.DefaultListableBeanFactory - Eagerly caching bean 'apiModelPropertyPropertyBuilder' to allow for resolving potential circular references
2020-03-09 20:45:32.703 [main] DEBUG o.s.b.f.s.DefaultListableBeanFactory - Returning cached instance of singleton bean 'org.springframework.transaction.config.internalTransactionAdvisor'
2020-03-09 20:45:32.703 [main] DEBUG o.s.b.f.s.DefaultListableBeanFactory - Returning cached instance of singleton bean 'org.springframework.transaction.config.internalTransactionAdvisor'
2020-03-09 20:45:32.704 [main] DEBUG o.s.b.f.s.DefaultListableBeanFactory - Finished creating instance of bean 'apiModelPropertyPropertyBuilder'
2020-03-09 20:45:32.704 [main] DEBUG o.s.b.f.s.DefaultListableBeanFactory - Creating shared instance of singleton bean 'apiModelTypeNameProvider'
2020-03-09 20:45:32.704 [main] DEBUG o.s.b.f.s.DefaultListableBeanFactory - Creating instance of bean 'apiModelTypeNameProvider'
2020-03-09 20:45:32.704 [main] DEBUG o.s.b.f.s.DefaultListableBeanFactory - Returning cached instance of singleton bean 'org.springframework.transaction.config.internalTransactionAdvisor'
2020-03-09 20:45:32.705 [main] DEBUG o.s.b.f.s.DefaultListableBeanFactory - Eagerly caching bean 'apiModelTypeNameProvider' to allow for resolving potential circular references
2020-03-09 20:45:32.707 [main] DEBUG o.s.b.f.s.DefaultListableBeanFactory - Returning cached instance of singleton bean 'org.springframework.transaction.config.internalTransactionAdvisor'
2020-03-09 20:45:32.707 [main] DEBUG o.s.b.f.s.DefaultListableBeanFactory - Returning cached instance of singleton bean 'org.springframework.transaction.config.internalTransactionAdvisor'
2020-03-09 20:45:32.708 [main] DEBUG o.s.b.f.s.DefaultListableBeanFactory - Finished creating instance of bean 'apiModelTypeNameProvider'
2020-03-09 20:45:32.708 [main] DEBUG o.s.b.f.s.DefaultListableBeanFactory - Creating shared instance of singleton bean 'operationAuthReader'
2020-03-09 20:45:32.708 [main] DEBUG o.s.b.f.s.DefaultListableBeanFactory - Creating instance of bean 'operationAuthReader'
2020-03-09 20:45:32.708 [main] DEBUG o.s.b.f.s.DefaultListableBeanFactory - Returning cached instance of singleton bean 'org.springframework.transaction.config.internalTransactionAdvisor'
2020-03-09 20:45:32.709 [main] DEBUG o.s.b.f.s.DefaultListableBeanFactory - Eagerly caching bean 'operationAuthReader' to allow for resolving potential circular references
2020-03-09 20:45:32.711 [main] DEBUG o.s.b.f.s.DefaultListableBeanFactory - Returning cached instance of singleton bean 'org.springframework.transaction.config.internalTransactionAdvisor'
2020-03-09 20:45:32.711 [main] DEBUG o.s.b.f.s.DefaultListableBeanFactory - Returning cached instance of singleton bean 'org.springframework.transaction.config.internalTransactionAdvisor'
2020-03-09 20:45:32.711 [main] DEBUG o.s.b.f.s.DefaultListableBeanFactory - Finished creating instance of bean 'operationAuthReader'
2020-03-09 20:45:32.712 [main] DEBUG o.s.b.f.s.DefaultListableBeanFactory - Creating shared instance of singleton bean 'operationHiddenReader'
2020-03-09 20:45:32.712 [main] DEBUG o.s.b.f.s.DefaultListableBeanFactory - Creating instance of bean 'operationHiddenReader'
2020-03-09 20:45:32.712 [main] DEBUG o.s.b.f.s.DefaultListableBeanFactory - Returning cached instance of singleton bean 'org.springframework.transaction.config.internalTransactionAdvisor'
2020-03-09 20:45:32.712 [main] DEBUG o.s.b.f.s.DefaultListableBeanFactory - Eagerly caching bean 'operationHiddenReader' to allow for resolving potential circular references
2020-03-09 20:45:32.715 [main] DEBUG o.s.b.f.s.DefaultListableBeanFactory - Returning cached instance of singleton bean 'org.springframework.transaction.config.internalTransactionAdvisor'
2020-03-09 20:45:32.716 [main] DEBUG o.s.b.f.s.DefaultListableBeanFactory - Returning cached instance of singleton bean 'org.springframework.transaction.config.internalTransactionAdvisor'
2020-03-09 20:45:32.716 [main] DEBUG o.s.b.f.s.DefaultListableBeanFactory - Finished creating instance of bean 'operationHiddenReader'
2020-03-09 20:45:32.716 [main] DEBUG o.s.b.f.s.DefaultListableBeanFactory - Creating shared instance of singleton bean 'operationHttpMethodReader'
2020-03-09 20:45:32.716 [main] DEBUG o.s.b.f.s.DefaultListableBeanFactory - Creating instance of bean 'operationHttpMethodReader'
2020-03-09 20:45:32.716 [main] DEBUG o.s.b.f.s.DefaultListableBeanFactory - Returning cached instance of singleton bean 'org.springframework.transaction.config.internalTransactionAdvisor'
2020-03-09 20:45:32.717 [main] DEBUG o.s.b.f.s.DefaultListableBeanFactory - Eagerly caching bean 'operationHttpMethodReader' to allow for resolving potential circular references
2020-03-09 20:45:32.719 [main] DEBUG o.s.b.f.s.DefaultListableBeanFactory - Returning cached instance of singleton bean 'org.springframework.transaction.config.internalTransactionAdvisor'
2020-03-09 20:45:32.719 [main] DEBUG o.s.b.f.s.DefaultListableBeanFactory - Returning cached instance of singleton bean 'org.springframework.transaction.config.internalTransactionAdvisor'
2020-03-09 20:45:32.719 [main] DEBUG o.s.b.f.s.DefaultListableBeanFactory - Finished creating instance of bean 'operationHttpMethodReader'
2020-03-09 20:45:32.719 [main] DEBUG o.s.b.f.s.DefaultListableBeanFactory - Creating shared instance of singleton bean 'operationImplicitParameterReader'
2020-03-09 20:45:32.719 [main] DEBUG o.s.b.f.s.DefaultListableBeanFactory - Creating instance of bean 'operationImplicitParameterReader'
2020-03-09 20:45:32.719 [main] DEBUG o.s.b.f.s.DefaultListableBeanFactory - Returning cached instance of singleton bean 'org.springframework.transaction.config.internalTransactionAdvisor'
2020-03-09 20:45:32.720 [main] DEBUG o.s.b.f.s.DefaultListableBeanFactory - Returning cached instance of singleton bean 'descriptionResolver'
2020-03-09 20:45:32.721 [main] DEBUG o.s.b.f.s.DefaultListableBeanFactory - Autowiring by type from bean name 'operationImplicitParameterReader' via constructor to bean named 'descriptionResolver'
2020-03-09 20:45:32.721 [main] DEBUG o.s.b.f.s.DefaultListableBeanFactory - Eagerly caching bean 'operationImplicitParameterReader' to allow for resolving potential circular references
2020-03-09 20:45:32.723 [main] DEBUG o.s.b.f.s.DefaultListableBeanFactory - Returning cached instance of singleton bean 'org.springframework.transaction.config.internalTransactionAdvisor'
2020-03-09 20:45:32.723 [main] DEBUG o.s.b.f.s.DefaultListableBeanFactory - Returning cached instance of singleton bean 'org.springframework.transaction.config.internalTransactionAdvisor'
2020-03-09 20:45:32.724 [main] DEBUG o.s.b.f.s.DefaultListableBeanFactory - Finished creating instance of bean 'operationImplicitParameterReader'
2020-03-09 20:45:32.724 [main] DEBUG o.s.b.f.s.DefaultListableBeanFactory - Creating shared instance of singleton bean 'operationImplicitParametersReader'
2020-03-09 20:45:32.724 [main] DEBUG o.s.b.f.s.DefaultListableBeanFactory - Creating instance of bean 'operationImplicitParametersReader'
2020-03-09 20:45:32.724 [main] DEBUG o.s.b.f.s.DefaultListableBeanFactory - Returning cached instance of singleton bean 'org.springframework.transaction.config.internalTransactionAdvisor'
2020-03-09 20:45:32.726 [main] DEBUG o.s.b.f.s.DefaultListableBeanFactory - Returning cached instance of singleton bean 'descriptionResolver'
2020-03-09 20:45:32.726 [main] DEBUG o.s.b.f.s.DefaultListableBeanFactory - Autowiring by type from bean name 'operationImplicitParametersReader' via constructor to bean named 'descriptionResolver'
2020-03-09 20:45:32.726 [main] DEBUG o.s.b.f.s.DefaultListableBeanFactory - Eagerly caching bean 'operationImplicitParametersReader' to allow for resolving potential circular references
2020-03-09 20:45:32.730 [main] DEBUG o.s.b.f.s.DefaultListableBeanFactory - Returning cached instance of singleton bean 'org.springframework.transaction.config.internalTransactionAdvisor'
2020-03-09 20:45:32.730 [main] DEBUG o.s.b.f.s.DefaultListableBeanFactory - Returning cached instance of singleton bean 'org.springframework.transaction.config.internalTransactionAdvisor'
2020-03-09 20:45:32.731 [main] DEBUG o.s.b.f.s.DefaultListableBeanFactory - Finished creating instance of bean 'operationImplicitParametersReader'
2020-03-09 20:45:32.731 [main] DEBUG o.s.b.f.s.DefaultListableBeanFactory - Creating shared instance of singleton bean 'operationNicknameIntoUniqueIdReader'
2020-03-09 20:45:32.731 [main] DEBUG o.s.b.f.s.DefaultListableBeanFactory - Creating instance of bean 'operationNicknameIntoUniqueIdReader'
2020-03-09 20:45:32.731 [main] DEBUG o.s.b.f.s.DefaultListableBeanFactory - Returning cached instance of singleton bean 'org.springframework.transaction.config.internalTransactionAdvisor'
2020-03-09 20:45:32.731 [main] DEBUG o.s.b.f.s.DefaultListableBeanFactory - Eagerly caching bean 'operationNicknameIntoUniqueIdReader' to allow for resolving potential circular references
2020-03-09 20:45:32.734 [main] DEBUG o.s.b.f.s.DefaultListableBeanFactory - Returning cached instance of singleton bean 'org.springframework.transaction.config.internalTransactionAdvisor'
2020-03-09 20:45:32.734 [main] DEBUG o.s.b.f.s.DefaultListableBeanFactory - Returning cached instance of singleton bean 'org.springframework.transaction.config.internalTransactionAdvisor'
2020-03-09 20:45:32.734 [main] DEBUG o.s.b.f.s.DefaultListableBeanFactory - Finished creating instance of bean 'operationNicknameIntoUniqueIdReader'
2020-03-09 20:45:32.734 [main] DEBUG o.s.b.f.s.DefaultListableBeanFactory - Creating shared instance of singleton bean 'operationNotesReader'
2020-03-09 20:45:32.735 [main] DEBUG o.s.b.f.s.DefaultListableBeanFactory - Creating instance of bean 'operationNotesReader'
2020-03-09 20:45:32.735 [main] DEBUG o.s.b.f.s.DefaultListableBeanFactory - Returning cached instance of singleton bean 'org.springframework.transaction.config.internalTransactionAdvisor'
2020-03-09 20:45:32.735 [main] DEBUG o.s.b.f.s.DefaultListableBeanFactory - Returning cached instance of singleton bean 'descriptionResolver'
2020-03-09 20:45:32.736 [main] DEBUG o.s.b.f.s.DefaultListableBeanFactory - Autowiring by type from bean name 'operationNotesReader' via constructor to bean named 'descriptionResolver'
2020-03-09 20:45:32.736 [main] DEBUG o.s.b.f.s.DefaultListableBeanFactory - Eagerly caching bean 'operationNotesReader' to allow for resolving potential circular references
2020-03-09 20:45:32.738 [main] DEBUG o.s.b.f.s.DefaultListableBeanFactory - Returning cached instance of singleton bean 'org.springframework.transaction.config.internalTransactionAdvisor'
2020-03-09 20:45:32.738 [main] DEBUG o.s.b.f.s.DefaultListableBeanFactory - Returning cached instance of singleton bean 'org.springframework.transaction.config.internalTransactionAdvisor'
2020-03-09 20:45:32.738 [main] DEBUG o.s.b.f.s.DefaultListableBeanFactory - Finished creating instance of bean 'operationNotesReader'
2020-03-09 20:45:32.739 [main] DEBUG o.s.b.f.s.DefaultListableBeanFactory - Creating shared instance of singleton bean 'operationPositionReader'
2020-03-09 20:45:32.739 [main] DEBUG o.s.b.f.s.DefaultListableBeanFactory - Creating instance of bean 'operationPositionReader'
2020-03-09 20:45:32.739 [main] DEBUG o.s.b.f.s.DefaultListableBeanFactory - Returning cached instance of singleton bean 'org.springframework.transaction.config.internalTransactionAdvisor'
2020-03-09 20:45:32.739 [main] DEBUG o.s.b.f.s.DefaultListableBeanFactory - Eagerly caching bean 'operationPositionReader' to allow for resolving potential circular references
2020-03-09 20:45:32.742 [main] DEBUG o.s.b.f.s.DefaultListableBeanFactory - Returning cached instance of singleton bean 'org.springframework.transaction.config.internalTransactionAdvisor'
2020-03-09 20:45:32.742 [main] DEBUG o.s.b.f.s.DefaultListableBeanFactory - Returning cached instance of singleton bean 'org.springframework.transaction.config.internalTransactionAdvisor'
2020-03-09 20:45:32.742 [main] DEBUG o.s.b.f.s.DefaultListableBeanFactory - Finished creating instance of bean 'operationPositionReader'
2020-03-09 20:45:32.742 [main] DEBUG o.s.b.f.s.DefaultListableBeanFactory - Creating shared instance of singleton bean 'operationSummaryReader'
2020-03-09 20:45:32.742 [main] DEBUG o.s.b.f.s.DefaultListableBeanFactory - Creating instance of bean 'operationSummaryReader'
2020-03-09 20:45:32.742 [main] DEBUG o.s.b.f.s.DefaultListableBeanFactory - Returning cached instance of singleton bean 'org.springframework.transaction.config.internalTransactionAdvisor'
2020-03-09 20:45:32.743 [main] DEBUG o.s.b.f.s.DefaultListableBeanFactory - Returning cached instance of singleton bean 'descriptionResolver'
2020-03-09 20:45:32.743 [main] DEBUG o.s.b.f.s.DefaultListableBeanFactory - Autowiring by type from bean name 'operationSummaryReader' via constructor to bean named 'descriptionResolver'
2020-03-09 20:45:32.743 [main] DEBUG o.s.b.f.s.DefaultListableBeanFactory - Eagerly caching bean 'operationSummaryReader' to allow for resolving potential circular references
2020-03-09 20:45:32.745 [main] DEBUG o.s.b.f.s.DefaultListableBeanFactory - Returning cached instance of singleton bean 'org.springframework.transaction.config.internalTransactionAdvisor'
2020-03-09 20:45:32.745 [main] DEBUG o.s.b.f.s.DefaultListableBeanFactory - Returning cached instance of singleton bean 'org.springframework.transaction.config.internalTransactionAdvisor'
2020-03-09 20:45:32.746 [main] DEBUG o.s.b.f.s.DefaultListableBeanFactory - Finished creating instance of bean 'operationSummaryReader'
2020-03-09 20:45:32.746 [main] DEBUG o.s.b.f.s.DefaultListableBeanFactory - Creating shared instance of singleton bean 'swaggerMediaTypeReader'
2020-03-09 20:45:32.746 [main] DEBUG o.s.b.f.s.DefaultListableBeanFactory - Creating instance of bean 'swaggerMediaTypeReader'
2020-03-09 20:45:32.746 [main] DEBUG o.s.b.f.s.DefaultListableBeanFactory - Returning cached instance of singleton bean 'org.springframework.transaction.config.internalTransactionAdvisor'
2020-03-09 20:45:32.746 [main] DEBUG o.s.b.f.s.DefaultListableBeanFactory - Eagerly caching bean 'swaggerMediaTypeReader' to allow for resolving potential circular references
2020-03-09 20:45:32.748 [main] DEBUG o.s.b.f.s.DefaultListableBeanFactory - Returning cached instance of singleton bean 'org.springframework.transaction.config.internalTransactionAdvisor'
2020-03-09 20:45:32.749 [main] DEBUG o.s.b.f.s.DefaultListableBeanFactory - Returning cached instance of singleton bean 'org.springframework.transaction.config.internalTransactionAdvisor'
2020-03-09 20:45:32.749 [main] DEBUG o.s.b.f.s.DefaultListableBeanFactory - Finished creating instance of bean 'swaggerMediaTypeReader'
2020-03-09 20:45:32.749 [main] DEBUG o.s.b.f.s.DefaultListableBeanFactory - Creating shared instance of singleton bean 'swaggerOperationModelsProvider'
2020-03-09 20:45:32.749 [main] DEBUG o.s.b.f.s.DefaultListableBeanFactory - Creating instance of bean 'swaggerOperationModelsProvider'
2020-03-09 20:45:32.749 [main] DEBUG o.s.b.f.s.DefaultListableBeanFactory - Returning cached instance of singleton bean 'org.springframework.transaction.config.internalTransactionAdvisor'
2020-03-09 20:45:32.750 [main] DEBUG o.s.b.f.s.DefaultListableBeanFactory - Returning cached instance of singleton bean 'typeResolver'
2020-03-09 20:45:32.750 [main] DEBUG o.s.b.f.s.DefaultListableBeanFactory - Autowiring by type from bean name 'swaggerOperationModelsProvider' via constructor to bean named 'typeResolver'
2020-03-09 20:45:32.750 [main] DEBUG o.s.b.f.s.DefaultListableBeanFactory - Eagerly caching bean 'swaggerOperationModelsProvider' to allow for resolving potential circular references
2020-03-09 20:45:32.752 [main] DEBUG o.s.b.f.s.DefaultListableBeanFactory - Returning cached instance of singleton bean 'org.springframework.transaction.config.internalTransactionAdvisor'
2020-03-09 20:45:32.752 [main] DEBUG o.s.b.f.s.DefaultListableBeanFactory - Returning cached instance of singleton bean 'org.springframework.transaction.config.internalTransactionAdvisor'
2020-03-09 20:45:32.753 [main] DEBUG o.s.b.f.s.DefaultListableBeanFactory - Finished creating instance of bean 'swaggerOperationModelsProvider'
2020-03-09 20:45:32.753 [main] DEBUG o.s.b.f.s.DefaultListableBeanFactory - Creating shared instance of singleton bean 'swaggerOperationResponseClassReader'
2020-03-09 20:45:32.753 [main] DEBUG o.s.b.f.s.DefaultListableBeanFactory - Creating instance of bean 'swaggerOperationResponseClassReader'
2020-03-09 20:45:32.753 [main] DEBUG o.s.b.f.s.DefaultListableBeanFactory - Returning cached instance of singleton bean 'org.springframework.transaction.config.internalTransactionAdvisor'
2020-03-09 20:45:32.754 [main] DEBUG o.s.b.f.s.DefaultListableBeanFactory - Returning cached instance of singleton bean 'typeResolver'
2020-03-09 20:45:32.754 [main] DEBUG o.s.b.f.s.DefaultListableBeanFactory - Returning cached instance of singleton bean 'typeNameExtractor'
2020-03-09 20:45:32.754 [main] DEBUG o.s.b.f.s.DefaultListableBeanFactory - Autowiring by type from bean name 'swaggerOperationResponseClassReader' via constructor to bean named 'typeResolver'
2020-03-09 20:45:32.754 [main] DEBUG o.s.b.f.s.DefaultListableBeanFactory - Autowiring by type from bean name 'swaggerOperationResponseClassReader' via constructor to bean named 'typeNameExtractor'
2020-03-09 20:45:32.754 [main] DEBUG o.s.b.f.s.DefaultListableBeanFactory - Eagerly caching bean 'swaggerOperationResponseClassReader' to allow for resolving potential circular references
2020-03-09 20:45:32.757 [main] DEBUG o.s.b.f.s.DefaultListableBeanFactory - Returning cached instance of singleton bean 'org.springframework.transaction.config.internalTransactionAdvisor'
2020-03-09 20:45:32.757 [main] DEBUG o.s.b.f.s.DefaultListableBeanFactory - Returning cached instance of singleton bean 'org.springframework.transaction.config.internalTransactionAdvisor'
2020-03-09 20:45:32.757 [main] DEBUG o.s.b.f.s.DefaultListableBeanFactory - Finished creating instance of bean 'swaggerOperationResponseClassReader'
2020-03-09 20:45:32.757 [main] DEBUG o.s.b.f.s.DefaultListableBeanFactory - Creating shared instance of singleton bean 'swaggerOperationTagsReader'
2020-03-09 20:45:32.757 [main] DEBUG o.s.b.f.s.DefaultListableBeanFactory - Creating instance of bean 'swaggerOperationTagsReader'
2020-03-09 20:45:32.757 [main] DEBUG o.s.b.f.s.DefaultListableBeanFactory - Returning cached instance of singleton bean 'org.springframework.transaction.config.internalTransactionAdvisor'
2020-03-09 20:45:32.758 [main] DEBUG o.s.b.f.s.DefaultListableBeanFactory - Returning cached instance of singleton bean 'defaultTagsProvider'
2020-03-09 20:45:32.758 [main] DEBUG o.s.b.f.s.DefaultListableBeanFactory - Autowiring by type from bean name 'swaggerOperationTagsReader' via constructor to bean named 'defaultTagsProvider'
2020-03-09 20:45:32.758 [main] DEBUG o.s.b.f.s.DefaultListableBeanFactory - Eagerly caching bean 'swaggerOperationTagsReader' to allow for resolving potential circular references
2020-03-09 20:45:32.761 [main] DEBUG o.s.b.f.s.DefaultListableBeanFactory - Returning cached instance of singleton bean 'org.springframework.transaction.config.internalTransactionAdvisor'
2020-03-09 20:45:32.761 [main] DEBUG o.s.b.f.s.DefaultListableBeanFactory - Returning cached instance of singleton bean 'org.springframework.transaction.config.internalTransactionAdvisor'
2020-03-09 20:45:32.761 [main] DEBUG o.s.b.f.s.DefaultListableBeanFactory - Finished creating instance of bean 'swaggerOperationTagsReader'
2020-03-09 20:45:32.761 [main] DEBUG o.s.b.f.s.DefaultListableBeanFactory - Creating shared instance of singleton bean 'swaggerResponseMessageReader'
2020-03-09 20:45:32.761 [main] DEBUG o.s.b.f.s.DefaultListableBeanFactory - Creating instance of bean 'swaggerResponseMessageReader'
2020-03-09 20:45:32.762 [main] DEBUG o.s.b.f.s.DefaultListableBeanFactory - Returning cached instance of singleton bean 'org.springframework.transaction.config.internalTransactionAdvisor'
2020-03-09 20:45:32.763 [main] DEBUG o.s.b.f.s.DefaultListableBeanFactory - Returning cached instance of singleton bean 'typeNameExtractor'
2020-03-09 20:45:32.763 [main] DEBUG o.s.b.f.s.DefaultListableBeanFactory - Returning cached instance of singleton bean 'typeResolver'
2020-03-09 20:45:32.764 [main] DEBUG o.s.b.f.s.DefaultListableBeanFactory - Autowiring by type from bean name 'swaggerResponseMessageReader' via constructor to bean named 'typeNameExtractor'
2020-03-09 20:45:32.764 [main] DEBUG o.s.b.f.s.DefaultListableBeanFactory - Autowiring by type from bean name 'swaggerResponseMessageReader' via constructor to bean named 'typeResolver'
2020-03-09 20:45:32.764 [main] DEBUG o.s.b.f.s.DefaultListableBeanFactory - Eagerly caching bean 'swaggerResponseMessageReader' to allow for resolving potential circular references
2020-03-09 20:45:32.768 [main] DEBUG o.s.b.f.s.DefaultListableBeanFactory - Returning cached instance of singleton bean 'org.springframework.transaction.config.internalTransactionAdvisor'
2020-03-09 20:45:32.768 [main] DEBUG o.s.b.f.s.DefaultListableBeanFactory - Returning cached instance of singleton bean 'org.springframework.transaction.config.internalTransactionAdvisor'
2020-03-09 20:45:32.768 [main] DEBUG o.s.b.f.s.DefaultListableBeanFactory - Finished creating instance of bean 'swaggerResponseMessageReader'
2020-03-09 20:45:32.769 [main] DEBUG o.s.b.f.s.DefaultListableBeanFactory - Creating shared instance of singleton bean 'vendorExtensionsReader'
2020-03-09 20:45:32.769 [main] DEBUG o.s.b.f.s.DefaultListableBeanFactory - Creating instance of bean 'vendorExtensionsReader'
2020-03-09 20:45:32.769 [main] DEBUG o.s.b.f.s.DefaultListableBeanFactory - Returning cached instance of singleton bean 'org.springframework.transaction.config.internalTransactionAdvisor'
2020-03-09 20:45:32.769 [main] DEBUG o.s.b.f.s.DefaultListableBeanFactory - Eagerly caching bean 'vendorExtensionsReader' to allow for resolving potential circular references
2020-03-09 20:45:32.773 [main] DEBUG o.s.b.f.s.DefaultListableBeanFactory - Returning cached instance of singleton bean 'org.springframework.transaction.config.internalTransactionAdvisor'
2020-03-09 20:45:32.774 [main] DEBUG o.s.b.f.s.DefaultListableBeanFactory - Returning cached instance of singleton bean 'org.springframework.transaction.config.internalTransactionAdvisor'
2020-03-09 20:45:32.774 [main] DEBUG o.s.b.f.s.DefaultListableBeanFactory - Finished creating instance of bean 'vendorExtensionsReader'
2020-03-09 20:45:32.774 [main] DEBUG o.s.b.f.s.DefaultListableBeanFactory - Creating shared instance of singleton bean 'swaggerParameterDescriptionReader'
2020-03-09 20:45:32.774 [main] DEBUG o.s.b.f.s.DefaultListableBeanFactory - Creating instance of bean 'swaggerParameterDescriptionReader'
2020-03-09 20:45:32.774 [main] DEBUG o.s.b.f.s.DefaultListableBeanFactory - Returning cached instance of singleton bean 'org.springframework.transaction.config.internalTransactionAdvisor'
2020-03-09 20:45:32.775 [main] DEBUG o.s.b.f.s.DefaultListableBeanFactory - Returning cached instance of singleton bean 'descriptionResolver'
2020-03-09 20:45:32.775 [main] DEBUG o.s.b.f.s.DefaultListableBeanFactory - Autowiring by type from bean name 'swaggerParameterDescriptionReader' via constructor to bean named 'descriptionResolver'
2020-03-09 20:45:32.776 [main] DEBUG o.s.b.f.s.DefaultListableBeanFactory - Eagerly caching bean 'swaggerParameterDescriptionReader' to allow for resolving potential circular references
2020-03-09 20:45:32.778 [main] DEBUG o.s.b.f.s.DefaultListableBeanFactory - Returning cached instance of singleton bean 'org.springframework.transaction.config.internalTransactionAdvisor'
2020-03-09 20:45:32.779 [main] DEBUG o.s.b.f.s.DefaultListableBeanFactory - Returning cached instance of singleton bean 'org.springframework.transaction.config.internalTransactionAdvisor'
2020-03-09 20:45:32.779 [main] DEBUG o.s.b.f.s.DefaultListableBeanFactory - Finished creating instance of bean 'swaggerParameterDescriptionReader'
2020-03-09 20:45:32.780 [main] DEBUG o.s.b.f.s.DefaultListableBeanFactory - Creating shared instance of singleton bean 'swaggerExpandedParameterBuilder'
2020-03-09 20:45:32.780 [main] DEBUG o.s.b.f.s.DefaultListableBeanFactory - Creating instance of bean 'swaggerExpandedParameterBuilder'
2020-03-09 20:45:32.780 [main] DEBUG o.s.b.f.s.DefaultListableBeanFactory - Returning cached instance of singleton bean 'org.springframework.transaction.config.internalTransactionAdvisor'
2020-03-09 20:45:32.782 [main] DEBUG o.s.b.f.s.DefaultListableBeanFactory - Returning cached instance of singleton bean 'descriptionResolver'
2020-03-09 20:45:32.782 [main] DEBUG o.s.b.f.s.DefaultListableBeanFactory - Autowiring by type from bean name 'swaggerExpandedParameterBuilder' via constructor to bean named 'descriptionResolver'
2020-03-09 20:45:32.782 [main] DEBUG o.s.b.f.s.DefaultListableBeanFactory - Eagerly caching bean 'swaggerExpandedParameterBuilder' to allow for resolving potential circular references
2020-03-09 20:45:32.786 [main] DEBUG o.s.b.f.s.DefaultListableBeanFactory - Returning cached instance of singleton bean 'org.springframework.transaction.config.internalTransactionAdvisor'
2020-03-09 20:45:32.786 [main] DEBUG o.s.b.f.s.DefaultListableBeanFactory - Returning cached instance of singleton bean 'org.springframework.transaction.config.internalTransactionAdvisor'
2020-03-09 20:45:32.786 [main] DEBUG o.s.b.f.s.DefaultListableBeanFactory - Finished creating instance of bean 'swaggerExpandedParameterBuilder'
2020-03-09 20:45:32.787 [main] DEBUG o.s.b.f.s.DefaultListableBeanFactory - Creating shared instance of singleton bean 'apiResourceController'
2020-03-09 20:45:32.787 [main] DEBUG o.s.b.f.s.DefaultListableBeanFactory - Creating instance of bean 'apiResourceController'
2020-03-09 20:45:32.787 [main] DEBUG o.s.b.f.s.DefaultListableBeanFactory - Returning cached instance of singleton bean 'org.springframework.transaction.config.internalTransactionAdvisor'
2020-03-09 20:45:32.790 [main] DEBUG o.s.b.f.s.DefaultListableBeanFactory - Creating shared instance of singleton bean 'inMemorySwaggerResourcesProvider'
2020-03-09 20:45:32.790 [main] DEBUG o.s.b.f.s.DefaultListableBeanFactory - Creating instance of bean 'inMemorySwaggerResourcesProvider'
2020-03-09 20:45:32.790 [main] DEBUG o.s.b.f.s.DefaultListableBeanFactory - Returning cached instance of singleton bean 'org.springframework.transaction.config.internalTransactionAdvisor'
2020-03-09 20:45:32.791 [main] DEBUG o.s.b.f.s.DefaultListableBeanFactory - Returning cached instance of singleton bean 'environment'
2020-03-09 20:45:32.791 [main] DEBUG o.s.b.f.s.DefaultListableBeanFactory - Returning cached instance of singleton bean 'resourceGroupCache'
2020-03-09 20:45:32.791 [main] DEBUG o.s.b.f.s.DefaultListableBeanFactory - Autowiring by type from bean name 'inMemorySwaggerResourcesProvider' via constructor to bean named 'environment'
2020-03-09 20:45:32.792 [main] DEBUG o.s.b.f.s.DefaultListableBeanFactory - Autowiring by type from bean name 'inMemorySwaggerResourcesProvider' via constructor to bean named 'resourceGroupCache'
2020-03-09 20:45:32.792 [main] DEBUG o.s.c.e.PropertySourcesPropertyResolver - Could not find key 'springfox.documentation.swagger.v1.path' in any property source
2020-03-09 20:45:32.792 [main] DEBUG o.s.c.e.PropertySourcesPropertyResolver - Could not find key 'springfox.documentation.swagger.v2.path' in any property source
2020-03-09 20:45:32.795 [main] DEBUG o.s.b.f.s.DefaultListableBeanFactory - Eagerly caching bean 'inMemorySwaggerResourcesProvider' to allow for resolving potential circular references
2020-03-09 20:45:32.799 [main] DEBUG o.s.b.f.s.DefaultListableBeanFactory - Returning cached instance of singleton bean 'org.springframework.transaction.config.internalTransactionAdvisor'
2020-03-09 20:45:32.799 [main] DEBUG o.s.b.f.s.DefaultListableBeanFactory - Returning cached instance of singleton bean 'org.springframework.transaction.config.internalTransactionAdvisor'
2020-03-09 20:45:32.800 [main] DEBUG o.s.b.f.s.DefaultListableBeanFactory - Finished creating instance of bean 'inMemorySwaggerResourcesProvider'
2020-03-09 20:45:32.800 [main] DEBUG o.s.b.f.s.DefaultListableBeanFactory - Autowiring by type from bean name 'apiResourceController' via constructor to bean named 'inMemorySwaggerResourcesProvider'
2020-03-09 20:45:32.800 [main] DEBUG o.s.b.f.annotation.InjectionMetadata - Registered injected element on class [springfox.documentation.swagger.web.ApiResourceController]: AutowiredFieldElement for private springfox.documentation.swagger.web.SecurityConfiguration springfox.documentation.swagger.web.ApiResourceController.securityConfiguration
2020-03-09 20:45:32.801 [main] DEBUG o.s.b.f.annotation.InjectionMetadata - Registered injected element on class [springfox.documentation.swagger.web.ApiResourceController]: AutowiredFieldElement for private springfox.documentation.swagger.web.UiConfiguration springfox.documentation.swagger.web.ApiResourceController.uiConfiguration
2020-03-09 20:45:32.801 [main] DEBUG o.s.b.f.s.DefaultListableBeanFactory - Eagerly caching bean 'apiResourceController' to allow for resolving potential circular references
2020-03-09 20:45:32.803 [main] DEBUG o.s.b.f.annotation.InjectionMetadata - Processing injected element of bean 'apiResourceController': AutowiredFieldElement for private springfox.documentation.swagger.web.SecurityConfiguration springfox.documentation.swagger.web.ApiResourceController.securityConfiguration
2020-03-09 20:45:32.803 [main] DEBUG o.s.core.annotation.AnnotationUtils - Failed to meta-introspect annotation interface org.springframework.beans.factory.annotation.Autowired: java.lang.NullPointerException
2020-03-09 20:45:32.805 [main] DEBUG o.s.b.f.annotation.InjectionMetadata - Processing injected element of bean 'apiResourceController': AutowiredFieldElement for private springfox.documentation.swagger.web.UiConfiguration springfox.documentation.swagger.web.ApiResourceController.uiConfiguration
2020-03-09 20:45:32.805 [main] DEBUG o.s.core.annotation.AnnotationUtils - Failed to meta-introspect annotation interface org.springframework.beans.factory.annotation.Autowired: java.lang.NullPointerException
2020-03-09 20:45:32.810 [main] DEBUG o.s.b.f.s.DefaultListableBeanFactory - Returning cached instance of singleton bean 'org.springframework.transaction.config.internalTransactionAdvisor'
2020-03-09 20:45:32.811 [main] DEBUG o.s.b.f.s.DefaultListableBeanFactory - Returning cached instance of singleton bean 'org.springframework.transaction.config.internalTransactionAdvisor'
2020-03-09 20:45:32.811 [main] DEBUG o.s.b.f.s.DefaultListableBeanFactory - Finished creating instance of bean 'apiResourceController'
2020-03-09 20:45:32.812 [main] DEBUG o.s.b.f.s.DefaultListableBeanFactory - Creating shared instance of singleton bean 'classOrApiAnnotationResourceGrouping'
2020-03-09 20:45:32.812 [main] DEBUG o.s.b.f.s.DefaultListableBeanFactory - Creating instance of bean 'classOrApiAnnotationResourceGrouping'
2020-03-09 20:45:32.812 [main] DEBUG o.s.b.f.s.DefaultListableBeanFactory - Returning cached instance of singleton bean 'org.springframework.transaction.config.internalTransactionAdvisor'
2020-03-09 20:45:32.814 [main] DEBUG o.s.b.f.s.DefaultListableBeanFactory - Eagerly caching bean 'classOrApiAnnotationResourceGrouping' to allow for resolving potential circular references
2020-03-09 20:45:32.851 [main] DEBUG o.s.b.f.s.DefaultListableBeanFactory - Returning cached instance of singleton bean 'org.springframework.transaction.config.internalTransactionAdvisor'
2020-03-09 20:45:32.851 [main] DEBUG o.s.b.f.s.DefaultListableBeanFactory - Returning cached instance of singleton bean 'org.springframework.transaction.config.internalTransactionAdvisor'
2020-03-09 20:45:32.852 [main] DEBUG o.s.b.f.s.DefaultListableBeanFactory - Finished creating instance of bean 'classOrApiAnnotationResourceGrouping'
2020-03-09 20:45:32.852 [main] DEBUG o.s.b.f.s.DefaultListableBeanFactory - Returning cached instance of singleton bean 'inMemorySwaggerResourcesProvider'
2020-03-09 20:45:32.853 [main] DEBUG o.s.b.f.s.DefaultListableBeanFactory - Creating shared instance of singleton bean 'swaggerApiListingReader'
2020-03-09 20:45:32.853 [main] DEBUG o.s.b.f.s.DefaultListableBeanFactory - Creating instance of bean 'swaggerApiListingReader'
2020-03-09 20:45:32.853 [main] DEBUG o.s.b.f.s.DefaultListableBeanFactory - Returning cached instance of singleton bean 'org.springframework.transaction.config.internalTransactionAdvisor'
2020-03-09 20:45:32.853 [main] DEBUG o.s.b.f.s.DefaultListableBeanFactory - Eagerly caching bean 'swaggerApiListingReader' to allow for resolving potential circular references
2020-03-09 20:45:32.857 [main] DEBUG o.s.b.f.s.DefaultListableBeanFactory - Returning cached instance of singleton bean 'org.springframework.transaction.config.internalTransactionAdvisor'
2020-03-09 20:45:32.858 [main] DEBUG o.s.b.f.s.DefaultListableBeanFactory - Returning cached instance of singleton bean 'org.springframework.transaction.config.internalTransactionAdvisor'
2020-03-09 20:45:32.858 [main] DEBUG o.s.b.f.s.DefaultListableBeanFactory - Finished creating instance of bean 'swaggerApiListingReader'
2020-03-09 20:45:32.858 [main] DEBUG o.s.b.f.s.DefaultListableBeanFactory - Creating shared instance of singleton bean 'exceptionCatch'
2020-03-09 20:45:32.858 [main] DEBUG o.s.b.f.s.DefaultListableBeanFactory - Creating instance of bean 'exceptionCatch'
2020-03-09 20:45:32.858 [main] DEBUG o.s.b.f.s.DefaultListableBeanFactory - Returning cached instance of singleton bean 'org.springframework.transaction.config.internalTransactionAdvisor'
2020-03-09 20:45:32.863 [main] DEBUG o.s.b.f.s.DefaultListableBeanFactory - Eagerly caching bean 'exceptionCatch' to allow for resolving potential circular references
2020-03-09 20:45:32.868 [main] DEBUG o.s.b.f.s.DefaultListableBeanFactory - Returning cached instance of singleton bean 'org.springframework.transaction.config.internalTransactionAdvisor'
2020-03-09 20:45:32.868 [main] DEBUG o.s.b.f.s.DefaultListableBeanFactory - Returning cached instance of singleton bean 'org.springframework.transaction.config.internalTransactionAdvisor'
2020-03-09 20:45:32.869 [main] DEBUG o.s.b.f.s.DefaultListableBeanFactory - Finished creating instance of bean 'exceptionCatch'
2020-03-09 20:45:32.869 [main] DEBUG o.s.b.f.s.DefaultListableBeanFactory - Returning cached instance of singleton bean 'springfox.documentation.schema.configuration.ModelsConfiguration'
2020-03-09 20:45:32.869 [main] DEBUG o.s.b.f.s.DefaultListableBeanFactory - Returning cached instance of singleton bean 'typeResolver'
2020-03-09 20:45:32.869 [main] DEBUG o.s.b.f.s.DefaultListableBeanFactory - Returning cached instance of singleton bean 'modelBuilderPluginRegistry'
2020-03-09 20:45:32.869 [main] DEBUG o.s.b.f.s.DefaultListableBeanFactory - Returning cached instance of singleton bean 'modelPropertyBuilderPluginRegistry'
2020-03-09 20:45:32.869 [main] DEBUG o.s.b.f.s.DefaultListableBeanFactory - Returning cached instance of singleton bean 'typeNameProviderPluginRegistry'
2020-03-09 20:45:32.869 [main] DEBUG o.s.b.f.s.DefaultListableBeanFactory - Returning cached instance of singleton bean 'springfox.documentation.spring.web.SpringfoxWebMvcConfiguration'
2020-03-09 20:45:32.869 [main] DEBUG o.s.b.f.s.DefaultListableBeanFactory - Returning cached instance of singleton bean 'defaults'
2020-03-09 20:45:32.869 [main] DEBUG o.s.b.f.s.DefaultListableBeanFactory - Returning cached instance of singleton bean 'resourceGroupCache'
2020-03-09 20:45:32.869 [main] DEBUG o.s.b.f.s.DefaultListableBeanFactory - Returning cached instance of singleton bean 'objectMapperConfigurer'
2020-03-09 20:45:32.869 [main] DEBUG o.s.b.f.s.DefaultListableBeanFactory - Creating shared instance of singleton bean 'jsonSerializer'
2020-03-09 20:45:32.869 [main] DEBUG o.s.b.f.s.DefaultListableBeanFactory - Creating instance of bean 'jsonSerializer'
2020-03-09 20:45:32.869 [main] DEBUG o.s.b.f.s.DefaultListableBeanFactory - Returning cached instance of singleton bean 'org.springframework.transaction.config.internalTransactionAdvisor'
2020-03-09 20:45:32.870 [main] DEBUG o.s.b.f.s.DefaultListableBeanFactory - Returning cached instance of singleton bean 'springfox.documentation.spring.web.SpringfoxWebMvcConfiguration'
2020-03-09 20:45:32.872 [main] DEBUG o.s.b.f.s.DefaultListableBeanFactory - Creating shared instance of singleton bean 'swagger2Module'
2020-03-09 20:45:32.872 [main] DEBUG o.s.b.f.s.DefaultListableBeanFactory - Creating instance of bean 'swagger2Module'
2020-03-09 20:45:32.872 [main] DEBUG o.s.b.f.s.DefaultListableBeanFactory - Returning cached instance of singleton bean 'org.springframework.transaction.config.internalTransactionAdvisor'
2020-03-09 20:45:32.873 [main] DEBUG o.s.b.f.s.DefaultListableBeanFactory - Creating shared instance of singleton bean 'springfox.documentation.swagger2.configuration.Swagger2DocumentationConfiguration'
2020-03-09 20:45:32.873 [main] DEBUG o.s.b.f.s.DefaultListableBeanFactory - Creating instance of bean 'springfox.documentation.swagger2.configuration.Swagger2DocumentationConfiguration'
2020-03-09 20:45:32.873 [main] DEBUG o.s.b.f.s.DefaultListableBeanFactory - Returning cached instance of singleton bean 'org.springframework.transaction.config.internalTransactionAdvisor'
2020-03-09 20:45:32.873 [main] DEBUG o.s.b.f.s.DefaultListableBeanFactory - Eagerly caching bean 'springfox.documentation.swagger2.configuration.Swagger2DocumentationConfiguration' to allow for resolving potential circular references
2020-03-09 20:45:32.880 [main] DEBUG o.s.b.f.s.DefaultListableBeanFactory - Returning cached instance of singleton bean 'org.springframework.transaction.config.internalTransactionAdvisor'
2020-03-09 20:45:32.880 [main] DEBUG o.s.b.f.s.DefaultListableBeanFactory - Returning cached instance of singleton bean 'org.springframework.transaction.config.internalTransactionAdvisor'
2020-03-09 20:45:32.882 [main] DEBUG o.s.b.f.s.DefaultListableBeanFactory - Finished creating instance of bean 'springfox.documentation.swagger2.configuration.Swagger2DocumentationConfiguration'
2020-03-09 20:45:32.890 [main] DEBUG o.s.b.f.s.DefaultListableBeanFactory - Eagerly caching bean 'swagger2Module' to allow for resolving potential circular references
2020-03-09 20:45:32.909 [main] DEBUG o.s.b.f.s.DefaultListableBeanFactory - Returning cached instance of singleton bean 'org.springframework.transaction.config.internalTransactionAdvisor'
2020-03-09 20:45:32.909 [main] DEBUG o.s.b.f.s.DefaultListableBeanFactory - Returning cached instance of singleton bean 'org.springframework.transaction.config.internalTransactionAdvisor'
2020-03-09 20:45:32.910 [main] DEBUG o.s.b.f.s.DefaultListableBeanFactory - Finished creating instance of bean 'swagger2Module'
2020-03-09 20:45:32.910 [main] DEBUG o.s.b.f.s.DefaultListableBeanFactory - Autowiring by type from bean name 'jsonSerializer' via factory method to bean named 'swagger2Module'
2020-03-09 20:45:32.916 [main] DEBUG o.s.b.f.s.DefaultListableBeanFactory - Eagerly caching bean 'jsonSerializer' to allow for resolving potential circular references
2020-03-09 20:45:32.918 [main] DEBUG o.s.b.f.s.DefaultListableBeanFactory - Returning cached instance of singleton bean 'org.springframework.transaction.config.internalTransactionAdvisor'
2020-03-09 20:45:32.918 [main] DEBUG o.s.b.f.s.DefaultListableBeanFactory - Returning cached instance of singleton bean 'org.springframework.transaction.config.internalTransactionAdvisor'
2020-03-09 20:45:32.918 [main] DEBUG o.s.b.f.s.DefaultListableBeanFactory - Finished creating instance of bean 'jsonSerializer'
2020-03-09 20:45:32.918 [main] DEBUG o.s.b.f.s.DefaultListableBeanFactory - Returning cached instance of singleton bean 'descriptionResolver'
2020-03-09 20:45:32.918 [main] DEBUG o.s.b.f.s.DefaultListableBeanFactory - Returning cached instance of singleton bean 'documentationPluginRegistry'
2020-03-09 20:45:32.918 [main] DEBUG o.s.b.f.s.DefaultListableBeanFactory - Returning cached instance of singleton bean 'apiListingBuilderPluginRegistry'
2020-03-09 20:45:32.918 [main] DEBUG o.s.b.f.s.DefaultListableBeanFactory - Returning cached instance of singleton bean 'operationBuilderPluginRegistry'
2020-03-09 20:45:32.919 [main] DEBUG o.s.b.f.s.DefaultListableBeanFactory - Returning cached instance of singleton bean 'parameterBuilderPluginRegistry'
2020-03-09 20:45:32.919 [main] DEBUG o.s.b.f.s.DefaultListableBeanFactory - Returning cached instance of singleton bean 'expandedParameterBuilderPluginRegistry'
2020-03-09 20:45:32.919 [main] DEBUG o.s.b.f.s.DefaultListableBeanFactory - Returning cached instance of singleton bean 'resourceGroupingStrategyRegistry'
2020-03-09 20:45:32.919 [main] DEBUG o.s.b.f.s.DefaultListableBeanFactory - Returning cached instance of singleton bean 'operationModelsProviderPluginRegistry'
2020-03-09 20:45:32.919 [main] DEBUG o.s.b.f.s.DefaultListableBeanFactory - Returning cached instance of singleton bean 'defaultsProviderPluginRegistry'
2020-03-09 20:45:32.919 [main] DEBUG o.s.b.f.s.DefaultListableBeanFactory - Returning cached instance of singleton bean 'pathDecoratorRegistry'
2020-03-09 20:45:32.919 [main] DEBUG o.s.b.f.s.DefaultListableBeanFactory - Returning cached instance of singleton bean 'apiListingScannerPluginRegistry'
2020-03-09 20:45:32.919 [main] DEBUG o.s.b.f.s.DefaultListableBeanFactory - Creating shared instance of singleton bean 'springfox.documentation.swagger.configuration.SwaggerCommonConfiguration'
2020-03-09 20:45:32.919 [main] DEBUG o.s.b.f.s.DefaultListableBeanFactory - Creating instance of bean 'springfox.documentation.swagger.configuration.SwaggerCommonConfiguration'
2020-03-09 20:45:32.919 [main] DEBUG o.s.b.f.s.DefaultListableBeanFactory - Returning cached instance of singleton bean 'org.springframework.transaction.config.internalTransactionAdvisor'
2020-03-09 20:45:32.919 [main] DEBUG o.s.b.f.s.DefaultListableBeanFactory - Eagerly caching bean 'springfox.documentation.swagger.configuration.SwaggerCommonConfiguration' to allow for resolving potential circular references
2020-03-09 20:45:32.923 [main] DEBUG o.s.b.f.s.DefaultListableBeanFactory - Returning cached instance of singleton bean 'org.springframework.transaction.config.internalTransactionAdvisor'
2020-03-09 20:45:32.923 [main] DEBUG o.s.b.f.s.DefaultListableBeanFactory - Returning cached instance of singleton bean 'org.springframework.transaction.config.internalTransactionAdvisor'
2020-03-09 20:45:32.923 [main] DEBUG o.s.b.f.s.DefaultListableBeanFactory - Finished creating instance of bean 'springfox.documentation.swagger.configuration.SwaggerCommonConfiguration'
2020-03-09 20:45:32.923 [main] DEBUG o.s.b.f.s.DefaultListableBeanFactory - Returning cached instance of singleton bean 'springfox.documentation.swagger2.configuration.Swagger2DocumentationConfiguration'
2020-03-09 20:45:32.923 [main] DEBUG o.s.b.f.s.DefaultListableBeanFactory - Returning cached instance of singleton bean 'swagger2Module'
2020-03-09 20:45:32.923 [main] DEBUG o.s.b.f.s.DefaultListableBeanFactory - Creating shared instance of singleton bean 'swagger2ControllerMapping'
2020-03-09 20:45:32.923 [main] DEBUG o.s.b.f.s.DefaultListableBeanFactory - Creating instance of bean 'swagger2ControllerMapping'
2020-03-09 20:45:32.923 [main] DEBUG o.s.b.f.s.DefaultListableBeanFactory - Returning cached instance of singleton bean 'org.springframework.transaction.config.internalTransactionAdvisor'
2020-03-09 20:45:32.923 [main] DEBUG o.s.b.f.s.DefaultListableBeanFactory - Returning cached instance of singleton bean 'springfox.documentation.swagger2.configuration.Swagger2DocumentationConfiguration'
2020-03-09 20:45:32.923 [main] DEBUG o.s.b.f.s.DefaultListableBeanFactory - Returning cached instance of singleton bean 'environment'
2020-03-09 20:45:32.923 [main] DEBUG o.s.b.f.s.DefaultListableBeanFactory - Returning cached instance of singleton bean 'resourceGroupCache'
2020-03-09 20:45:32.925 [main] DEBUG o.s.b.f.s.DefaultListableBeanFactory - Returning cached instance of singleton bean 'serviceModelToSwagger2MapperImpl'
2020-03-09 20:45:32.930 [main] DEBUG o.s.b.f.s.DefaultListableBeanFactory - Returning cached instance of singleton bean 'jsonSerializer'
2020-03-09 20:45:32.930 [main] DEBUG o.s.b.f.s.DefaultListableBeanFactory - Autowiring by type from bean name 'swagger2ControllerMapping' via factory method to bean named 'environment'
2020-03-09 20:45:32.930 [main] DEBUG o.s.b.f.s.DefaultListableBeanFactory - Autowiring by type from bean name 'swagger2ControllerMapping' via factory method to bean named 'resourceGroupCache'
2020-03-09 20:45:32.930 [main] DEBUG o.s.b.f.s.DefaultListableBeanFactory - Autowiring by type from bean name 'swagger2ControllerMapping' via factory method to bean named 'serviceModelToSwagger2MapperImpl'
2020-03-09 20:45:32.930 [main] DEBUG o.s.b.f.s.DefaultListableBeanFactory - Autowiring by type from bean name 'swagger2ControllerMapping' via factory method to bean named 'jsonSerializer'
2020-03-09 20:45:32.933 [main] DEBUG o.s.c.e.PropertySourcesPropertyResolver - Could not find key 'springfox.documentation.swagger.v2.host' in any property source
2020-03-09 20:45:32.935 [main] DEBUG o.s.b.f.s.DefaultListableBeanFactory - Eagerly caching bean 'swagger2ControllerMapping' to allow for resolving potential circular references
2020-03-09 20:45:32.950 [main] DEBUG o.s.b.f.s.DefaultListableBeanFactory - Invoking afterPropertiesSet() on bean with name 'swagger2ControllerMapping'
2020-03-09 20:45:32.950 [main] DEBUG s.d.s.w.PropertySourcedRequestMappingHandlerMapping - initialising the handler methods
2020-03-09 20:45:32.953 [main] DEBUG o.s.c.e.PropertySourcesPropertyResolver - Could not find key 'springfox.documentation.swagger.v2.path' in any property source
2020-03-09 20:45:32.955 [main] INFO  s.d.s.w.PropertySourcedRequestMappingHandlerMapping - Mapped URL path [/v2/api-docs] onto method [public org.springframework.http.ResponseEntity<springfox.documentation.spring.web.json.Json> springfox.documentation.swagger2.web.Swagger2Controller.getDocumentation(java.lang.String,javax.servlet.http.HttpServletRequest)]
2020-03-09 20:45:32.955 [main] DEBUG o.s.b.f.s.DefaultListableBeanFactory - Returning cached instance of singleton bean 'org.springframework.transaction.config.internalTransactionAdvisor'
2020-03-09 20:45:32.955 [main] DEBUG o.s.b.f.s.DefaultListableBeanFactory - Returning cached instance of singleton bean 'org.springframework.transaction.config.internalTransactionAdvisor'
2020-03-09 20:45:32.958 [main] DEBUG o.s.b.f.s.DefaultListableBeanFactory - Finished creating instance of bean 'swagger2ControllerMapping'
2020-03-09 20:45:32.958 [main] DEBUG o.s.b.f.s.DefaultListableBeanFactory - Creating shared instance of singleton bean 'createRestApi'
2020-03-09 20:45:32.958 [main] DEBUG o.s.b.f.s.DefaultListableBeanFactory - Creating instance of bean 'createRestApi'
2020-03-09 20:45:32.958 [main] DEBUG o.s.b.f.s.DefaultListableBeanFactory - Returning cached instance of singleton bean 'org.springframework.transaction.config.internalTransactionAdvisor'
2020-03-09 20:45:32.958 [main] DEBUG o.s.b.f.s.DefaultListableBeanFactory - Returning cached instance of singleton bean 'swagger2Configuration'
2020-03-09 20:45:32.971 [main] DEBUG o.s.b.f.s.DefaultListableBeanFactory - Eagerly caching bean 'createRestApi' to allow for resolving potential circular references
2020-03-09 20:45:32.975 [main] DEBUG o.s.b.f.s.DefaultListableBeanFactory - Returning cached instance of singleton bean 'org.springframework.transaction.config.internalTransactionAdvisor'
2020-03-09 20:45:32.975 [main] DEBUG o.s.b.f.s.DefaultListableBeanFactory - Returning cached instance of singleton bean 'org.springframework.transaction.config.internalTransactionAdvisor'
2020-03-09 20:45:32.975 [main] DEBUG o.s.b.f.s.DefaultListableBeanFactory - Finished creating instance of bean 'createRestApi'
2020-03-09 20:45:32.975 [main] DEBUG o.s.b.f.s.DefaultListableBeanFactory - Creating shared instance of singleton bean 'restTemplate'
2020-03-09 20:45:32.975 [main] DEBUG o.s.b.f.s.DefaultListableBeanFactory - Creating instance of bean 'restTemplate'
2020-03-09 20:45:32.975 [main] DEBUG o.s.b.f.s.DefaultListableBeanFactory - Returning cached instance of singleton bean 'org.springframework.transaction.config.internalTransactionAdvisor'
2020-03-09 20:45:32.975 [main] DEBUG o.s.b.f.s.DefaultListableBeanFactory - Returning cached instance of singleton bean 'manageCourseApplication'
2020-03-09 20:45:33.095 [main] DEBUG o.s.b.f.s.DefaultListableBeanFactory - Eagerly caching bean 'restTemplate' to allow for resolving potential circular references
2020-03-09 20:45:33.103 [main] DEBUG o.s.b.f.s.DefaultListableBeanFactory - Returning cached instance of singleton bean 'org.springframework.transaction.config.internalTransactionAdvisor'
2020-03-09 20:45:33.103 [main] DEBUG o.s.b.f.s.DefaultListableBeanFactory - Returning cached instance of singleton bean 'org.springframework.transaction.config.internalTransactionAdvisor'
2020-03-09 20:45:33.106 [main] DEBUG o.s.b.f.s.DefaultListableBeanFactory - Finished creating instance of bean 'restTemplate'
2020-03-09 20:45:33.107 [main] DEBUG o.s.b.f.s.DefaultListableBeanFactory - Returning cached instance of singleton bean 'org.springframework.boot.autoconfigure.AutoConfigurationPackages'
2020-03-09 20:45:33.107 [main] DEBUG o.s.b.f.s.DefaultListableBeanFactory - Returning cached instance of singleton bean 'default.com.ningmeng.manage_course.ManageCourseApplication.FeignClientSpecification'
2020-03-09 20:45:33.107 [main] DEBUG o.s.b.f.s.DefaultListableBeanFactory - Returning cached instance of singleton bean 'nm-service-manage-cms.FeignClientSpecification'
2020-03-09 20:45:33.107 [main] DEBUG o.s.b.f.s.DefaultListableBeanFactory - Returning cached instance of singleton bean 'com.ningmeng.manage_course.client.CmsPageClient'
2020-03-09 20:45:33.107 [main] DEBUG o.s.b.f.s.DefaultListableBeanFactory - Returning cached instance of singleton bean 'org.springframework.boot.autoconfigure.domain.EntityScanPackages'
2020-03-09 20:45:33.107 [main] DEBUG o.s.b.f.s.DefaultListableBeanFactory - Creating shared instance of singleton bean 'org.springframework.boot.autoconfigure.context.PropertyPlaceholderAutoConfiguration'
2020-03-09 20:45:33.107 [main] DEBUG o.s.b.f.s.DefaultListableBeanFactory - Creating instance of bean 'org.springframework.boot.autoconfigure.context.PropertyPlaceholderAutoConfiguration'
2020-03-09 20:45:33.107 [main] DEBUG o.s.b.f.s.DefaultListableBeanFactory - Returning cached instance of singleton bean 'org.springframework.transaction.config.internalTransactionAdvisor'
2020-03-09 20:45:33.107 [main] DEBUG o.s.b.f.s.DefaultListableBeanFactory - Eagerly caching bean 'org.springframework.boot.autoconfigure.context.PropertyPlaceholderAutoConfiguration' to allow for resolving potential circular references
2020-03-09 20:45:33.113 [main] DEBUG o.s.b.f.s.DefaultListableBeanFactory - Returning cached instance of singleton bean 'org.springframework.transaction.config.internalTransactionAdvisor'
2020-03-09 20:45:33.113 [main] DEBUG o.s.b.f.s.DefaultListableBeanFactory - Returning cached instance of singleton bean 'org.springframework.transaction.config.internalTransactionAdvisor'
2020-03-09 20:45:33.114 [main] DEBUG o.s.b.f.s.DefaultListableBeanFactory - Finished creating instance of bean 'org.springframework.boot.autoconfigure.context.PropertyPlaceholderAutoConfiguration'
2020-03-09 20:45:33.114 [main] DEBUG o.s.b.f.s.DefaultListableBeanFactory - Returning cached instance of singleton bean 'org.springframework.boot.autoconfigure.condition.BeanTypeRegistry'
2020-03-09 20:45:33.114 [main] DEBUG o.s.b.f.s.DefaultListableBeanFactory - Returning cached instance of singleton bean 'propertySourcesPlaceholderConfigurer'
2020-03-09 20:45:33.115 [main] DEBUG o.s.b.f.s.DefaultListableBeanFactory - Creating shared instance of singleton bean 'org.springframework.boot.autoconfigure.websocket.servlet.WebSocketServletAutoConfiguration$TomcatWebSocketConfiguration'
2020-03-09 20:45:33.115 [main] DEBUG o.s.b.f.s.DefaultListableBeanFactory - Creating instance of bean 'org.springframework.boot.autoconfigure.websocket.servlet.WebSocketServletAutoConfiguration$TomcatWebSocketConfiguration'
2020-03-09 20:45:33.115 [main] DEBUG o.s.b.f.s.DefaultListableBeanFactory - Returning cached instance of singleton bean 'org.springframework.transaction.config.internalTransactionAdvisor'
2020-03-09 20:45:33.115 [main] DEBUG o.s.b.f.s.DefaultListableBeanFactory - Eagerly caching bean 'org.springframework.boot.autoconfigure.websocket.servlet.WebSocketServletAutoConfiguration$TomcatWebSocketConfiguration' to allow for resolving potential circular references
2020-03-09 20:45:33.118 [main] DEBUG o.s.b.f.s.DefaultListableBeanFactory - Returning cached instance of singleton bean 'org.springframework.transaction.config.internalTransactionAdvisor'
2020-03-09 20:45:33.119 [main] DEBUG o.s.b.f.s.DefaultListableBeanFactory - Returning cached instance of singleton bean 'org.springframework.transaction.config.internalTransactionAdvisor'
2020-03-09 20:45:33.119 [main] DEBUG o.s.b.f.s.DefaultListableBeanFactory - Finished creating instance of bean 'org.springframework.boot.autoconfigure.websocket.servlet.WebSocketServletAutoConfiguration$TomcatWebSocketConfiguration'
2020-03-09 20:45:33.119 [main] DEBUG o.s.b.f.s.DefaultListableBeanFactory - Creating shared instance of singleton bean 'websocketContainerCustomizer'
2020-03-09 20:45:33.119 [main] DEBUG o.s.b.f.s.DefaultListableBeanFactory - Creating instance of bean 'websocketContainerCustomizer'
2020-03-09 20:45:33.119 [main] DEBUG o.s.b.f.s.DefaultListableBeanFactory - Returning cached instance of singleton bean 'org.springframework.transaction.config.internalTransactionAdvisor'
2020-03-09 20:45:33.119 [main] DEBUG o.s.b.f.s.DefaultListableBeanFactory - Returning cached instance of singleton bean 'org.springframework.boot.autoconfigure.websocket.servlet.WebSocketServletAutoConfiguration$TomcatWebSocketConfiguration'
2020-03-09 20:45:33.122 [main] DEBUG o.s.b.f.s.DefaultListableBeanFactory - Eagerly caching bean 'websocketContainerCustomizer' to allow for resolving potential circular references
2020-03-09 20:45:33.125 [main] DEBUG o.s.b.f.s.DefaultListableBeanFactory - Returning cached instance of singleton bean 'org.springframework.transaction.config.internalTransactionAdvisor'
2020-03-09 20:45:33.125 [main] DEBUG o.s.b.f.s.DefaultListableBeanFactory - Returning cached instance of singleton bean 'org.springframework.transaction.config.internalTransactionAdvisor'
2020-03-09 20:45:33.126 [main] DEBUG o.s.b.f.s.DefaultListableBeanFactory - Finished creating instance of bean 'websocketContainerCustomizer'
2020-03-09 20:45:33.126 [main] DEBUG o.s.b.f.s.DefaultListableBeanFactory - Creating shared instance of singleton bean 'org.springframework.boot.autoconfigure.websocket.servlet.WebSocketServletAutoConfiguration'
2020-03-09 20:45:33.126 [main] DEBUG o.s.b.f.s.DefaultListableBeanFactory - Creating instance of bean 'org.springframework.boot.autoconfigure.websocket.servlet.WebSocketServletAutoConfiguration'
2020-03-09 20:45:33.126 [main] DEBUG o.s.b.f.s.DefaultListableBeanFactory - Returning cached instance of singleton bean 'org.springframework.transaction.config.internalTransactionAdvisor'
2020-03-09 20:45:33.126 [main] DEBUG o.s.b.f.s.DefaultListableBeanFactory - Eagerly caching bean 'org.springframework.boot.autoconfigure.websocket.servlet.WebSocketServletAutoConfiguration' to allow for resolving potential circular references
2020-03-09 20:45:33.150 [main] DEBUG o.s.b.f.s.DefaultListableBeanFactory - Returning cached instance of singleton bean 'org.springframework.transaction.config.internalTransactionAdvisor'
2020-03-09 20:45:33.151 [main] DEBUG o.s.b.f.s.DefaultListableBeanFactory - Returning cached instance of singleton bean 'org.springframework.transaction.config.internalTransactionAdvisor'
2020-03-09 20:45:33.151 [main] DEBUG o.s.b.f.s.DefaultListableBeanFactory - Finished creating instance of bean 'org.springframework.boot.autoconfigure.websocket.servlet.WebSocketServletAutoConfiguration'
2020-03-09 20:45:33.151 [main] DEBUG o.s.b.f.s.DefaultListableBeanFactory - Creating shared instance of singleton bean 'org.springframework.boot.autoconfigure.web.servlet.ServletWebServerFactoryConfiguration$EmbeddedTomcat'
2020-03-09 20:45:33.151 [main] DEBUG o.s.b.f.s.DefaultListableBeanFactory - Creating instance of bean 'org.springframework.boot.autoconfigure.web.servlet.ServletWebServerFactoryConfiguration$EmbeddedTomcat'
2020-03-09 20:45:33.151 [main] DEBUG o.s.b.f.s.DefaultListableBeanFactory - Returning cached instance of singleton bean 'org.springframework.transaction.config.internalTransactionAdvisor'
2020-03-09 20:45:33.151 [main] DEBUG o.s.b.f.s.DefaultListableBeanFactory - Eagerly caching bean 'org.springframework.boot.autoconfigure.web.servlet.ServletWebServerFactoryConfiguration$EmbeddedTomcat' to allow for resolving potential circular references
2020-03-09 20:45:33.153 [main] DEBUG o.s.b.f.s.DefaultListableBeanFactory - Returning cached instance of singleton bean 'org.springframework.transaction.config.internalTransactionAdvisor'
2020-03-09 20:45:33.154 [main] DEBUG o.s.b.f.s.DefaultListableBeanFactory - Returning cached instance of singleton bean 'org.springframework.transaction.config.internalTransactionAdvisor'
2020-03-09 20:45:33.154 [main] DEBUG o.s.b.f.s.DefaultListableBeanFactory - Finished creating instance of bean 'org.springframework.boot.autoconfigure.web.servlet.ServletWebServerFactoryConfiguration$EmbeddedTomcat'
2020-03-09 20:45:33.154 [main] DEBUG o.s.b.f.s.DefaultListableBeanFactory - Creating shared instance of singleton bean 'tomcatServletWebServerFactory'
2020-03-09 20:45:33.154 [main] DEBUG o.s.b.f.s.DefaultListableBeanFactory - Creating instance of bean 'tomcatServletWebServerFactory'
2020-03-09 20:45:33.154 [main] DEBUG o.s.b.f.s.DefaultListableBeanFactory - Returning cached instance of singleton bean 'org.springframework.transaction.config.internalTransactionAdvisor'
2020-03-09 20:45:33.154 [main] DEBUG o.s.b.f.s.DefaultListableBeanFactory - Returning cached instance of singleton bean 'org.springframework.boot.autoconfigure.web.servlet.ServletWebServerFactoryConfiguration$EmbeddedTomcat'
2020-03-09 20:45:33.181 [main] DEBUG o.s.b.f.s.DefaultListableBeanFactory - Eagerly caching bean 'tomcatServletWebServerFactory' to allow for resolving potential circular references
2020-03-09 20:45:33.189 [main] DEBUG o.s.b.f.s.DefaultListableBeanFactory - Returning cached instance of singleton bean 'websocketContainerCustomizer'
2020-03-09 20:45:33.189 [main] DEBUG o.s.b.f.s.DefaultListableBeanFactory - Creating shared instance of singleton bean 'servletWebServerFactoryCustomizer'
2020-03-09 20:45:33.189 [main] DEBUG o.s.b.f.s.DefaultListableBeanFactory - Creating instance of bean 'servletWebServerFactoryCustomizer'
2020-03-09 20:45:33.189 [main] DEBUG o.s.b.f.s.DefaultListableBeanFactory - Returning cached instance of singleton bean 'org.springframework.transaction.config.internalTransactionAdvisor'
2020-03-09 20:45:33.189 [main] DEBUG o.s.b.f.s.DefaultListableBeanFactory - Creating shared instance of singleton bean 'org.springframework.boot.autoconfigure.web.servlet.ServletWebServerFactoryAutoConfiguration'
2020-03-09 20:45:33.189 [main] DEBUG o.s.b.f.s.DefaultListableBeanFactory - Creating instance of bean 'org.springframework.boot.autoconfigure.web.servlet.ServletWebServerFactoryAutoConfiguration'
2020-03-09 20:45:33.189 [main] DEBUG o.s.b.f.s.DefaultListableBeanFactory - Returning cached instance of singleton bean 'org.springframework.transaction.config.internalTransactionAdvisor'
2020-03-09 20:45:33.190 [main] DEBUG o.s.b.f.s.DefaultListableBeanFactory - Eagerly caching bean 'org.springframework.boot.autoconfigure.web.servlet.ServletWebServerFactoryAutoConfiguration' to allow for resolving potential circular references
2020-03-09 20:45:33.192 [main] DEBUG o.s.b.f.s.DefaultListableBeanFactory - Returning cached instance of singleton bean 'org.springframework.transaction.config.internalTransactionAdvisor'
2020-03-09 20:45:33.192 [main] DEBUG o.s.b.f.s.DefaultListableBeanFactory - Returning cached instance of singleton bean 'org.springframework.transaction.config.internalTransactionAdvisor'
2020-03-09 20:45:33.193 [main] DEBUG o.s.b.f.s.DefaultListableBeanFactory - Finished creating instance of bean 'org.springframework.boot.autoconfigure.web.servlet.ServletWebServerFactoryAutoConfiguration'
2020-03-09 20:45:33.194 [main] DEBUG o.s.b.f.s.DefaultListableBeanFactory - Creating shared instance of singleton bean 'server-org.springframework.boot.autoconfigure.web.ServerProperties'
2020-03-09 20:45:33.194 [main] DEBUG o.s.b.f.s.DefaultListableBeanFactory - Creating instance of bean 'server-org.springframework.boot.autoconfigure.web.ServerProperties'
2020-03-09 20:45:33.194 [main] DEBUG o.s.b.f.s.DefaultListableBeanFactory - Returning cached instance of singleton bean 'org.springframework.transaction.config.internalTransactionAdvisor'
2020-03-09 20:45:33.198 [main] DEBUG o.s.b.f.s.DefaultListableBeanFactory - Eagerly caching bean 'server-org.springframework.boot.autoconfigure.web.ServerProperties' to allow for resolving potential circular references
2020-03-09 20:45:33.201 [main] DEBUG o.s.b.f.s.DefaultListableBeanFactory - Returning cached instance of singleton bean 'org.springframework.transaction.config.internalTransactionAdvisor'
2020-03-09 20:45:33.201 [main] DEBUG o.s.b.f.s.DefaultListableBeanFactory - Returning cached instance of singleton bean 'org.springframework.transaction.config.internalTransactionAdvisor'
2020-03-09 20:45:33.201 [main] DEBUG o.s.b.f.s.DefaultListableBeanFactory - Finished creating instance of bean 'server-org.springframework.boot.autoconfigure.web.ServerProperties'
2020-03-09 20:45:33.201 [main] DEBUG o.s.b.f.s.DefaultListableBeanFactory - Autowiring by type from bean name 'servletWebServerFactoryCustomizer' via factory method to bean named 'server-org.springframework.boot.autoconfigure.web.ServerProperties'
2020-03-09 20:45:33.204 [main] DEBUG o.s.b.f.s.DefaultListableBeanFactory - Eagerly caching bean 'servletWebServerFactoryCustomizer' to allow for resolving potential circular references
2020-03-09 20:45:33.208 [main] DEBUG o.s.b.f.s.DefaultListableBeanFactory - Returning cached instance of singleton bean 'org.springframework.transaction.config.internalTransactionAdvisor'
2020-03-09 20:45:33.208 [main] DEBUG o.s.b.f.s.DefaultListableBeanFactory - Returning cached instance of singleton bean 'org.springframework.transaction.config.internalTransactionAdvisor'
2020-03-09 20:45:33.208 [main] DEBUG o.s.b.f.s.DefaultListableBeanFactory - Finished creating instance of bean 'servletWebServerFactoryCustomizer'
2020-03-09 20:45:33.208 [main] DEBUG o.s.b.f.s.DefaultListableBeanFactory - Creating shared instance of singleton bean 'tomcatServletWebServerFactoryCustomizer'
2020-03-09 20:45:33.208 [main] DEBUG o.s.b.f.s.DefaultListableBeanFactory - Creating instance of bean 'tomcatServletWebServerFactoryCustomizer'
2020-03-09 20:45:33.208 [main] DEBUG o.s.b.f.s.DefaultListableBeanFactory - Returning cached instance of singleton bean 'org.springframework.transaction.config.internalTransactionAdvisor'
2020-03-09 20:45:33.208 [main] DEBUG o.s.b.f.s.DefaultListableBeanFactory - Returning cached instance of singleton bean 'org.springframework.boot.autoconfigure.web.servlet.ServletWebServerFactoryAutoConfiguration'
2020-03-09 20:45:33.209 [main] DEBUG o.s.b.f.s.DefaultListableBeanFactory - Returning cached instance of singleton bean 'server-org.springframework.boot.autoconfigure.web.ServerProperties'
2020-03-09 20:45:33.209 [main] DEBUG o.s.b.f.s.DefaultListableBeanFactory - Autowiring by type from bean name 'tomcatServletWebServerFactoryCustomizer' via factory method to bean named 'server-org.springframework.boot.autoconfigure.web.ServerProperties'
2020-03-09 20:45:33.209 [main] DEBUG o.s.b.f.s.DefaultListableBeanFactory - Eagerly caching bean 'tomcatServletWebServerFactoryCustomizer' to allow for resolving potential circular references
2020-03-09 20:45:33.212 [main] DEBUG o.s.b.f.s.DefaultListableBeanFactory - Returning cached instance of singleton bean 'org.springframework.transaction.config.internalTransactionAdvisor'
2020-03-09 20:45:33.212 [main] DEBUG o.s.b.f.s.DefaultListableBeanFactory - Returning cached instance of singleton bean 'org.springframework.transaction.config.internalTransactionAdvisor'
2020-03-09 20:45:33.213 [main] DEBUG o.s.b.f.s.DefaultListableBeanFactory - Finished creating instance of bean 'tomcatServletWebServerFactoryCustomizer'
2020-03-09 20:45:33.213 [main] DEBUG o.s.b.f.s.DefaultListableBeanFactory - Creating shared instance of singleton bean 'tomcatWebServerFactoryCustomizer'
2020-03-09 20:45:33.213 [main] DEBUG o.s.b.f.s.DefaultListableBeanFactory - Creating instance of bean 'tomcatWebServerFactoryCustomizer'
2020-03-09 20:45:33.213 [main] DEBUG o.s.b.f.s.DefaultListableBeanFactory - Returning cached instance of singleton bean 'org.springframework.transaction.config.internalTransactionAdvisor'
2020-03-09 20:45:33.213 [main] DEBUG o.s.b.f.s.DefaultListableBeanFactory - Creating shared instance of singleton bean 'org.springframework.boot.autoconfigure.web.embedded.EmbeddedWebServerFactoryCustomizerAutoConfiguration$TomcatWebServerFactoryCustomizerConfiguration'
2020-03-09 20:45:33.213 [main] DEBUG o.s.b.f.s.DefaultListableBeanFactory - Creating instance of bean 'org.springframework.boot.autoconfigure.web.embedded.EmbeddedWebServerFactoryCustomizerAutoConfiguration$TomcatWebServerFactoryCustomizerConfiguration'
2020-03-09 20:45:33.213 [main] DEBUG o.s.b.f.s.DefaultListableBeanFactory - Returning cached instance of singleton bean 'org.springframework.transaction.config.internalTransactionAdvisor'
2020-03-09 20:45:33.213 [main] DEBUG o.s.b.f.s.DefaultListableBeanFactory - Eagerly caching bean 'org.springframework.boot.autoconfigure.web.embedded.EmbeddedWebServerFactoryCustomizerAutoConfiguration$TomcatWebServerFactoryCustomizerConfiguration' to allow for resolving potential circular references
2020-03-09 20:45:33.215 [main] DEBUG o.s.b.f.s.DefaultListableBeanFactory - Returning cached instance of singleton bean 'org.springframework.transaction.config.internalTransactionAdvisor'
2020-03-09 20:45:33.215 [main] DEBUG o.s.b.f.s.DefaultListableBeanFactory - Returning cached instance of singleton bean 'org.springframework.transaction.config.internalTransactionAdvisor'
2020-03-09 20:45:33.215 [main] DEBUG o.s.b.f.s.DefaultListableBeanFactory - Finished creating instance of bean 'org.springframework.boot.autoconfigure.web.embedded.EmbeddedWebServerFactoryCustomizerAutoConfiguration$TomcatWebServerFactoryCustomizerConfiguration'
2020-03-09 20:45:33.215 [main] DEBUG o.s.b.f.s.DefaultListableBeanFactory - Returning cached instance of singleton bean 'environment'
2020-03-09 20:45:33.215 [main] DEBUG o.s.b.f.s.DefaultListableBeanFactory - Returning cached instance of singleton bean 'server-org.springframework.boot.autoconfigure.web.ServerProperties'
2020-03-09 20:45:33.215 [main] DEBUG o.s.b.f.s.DefaultListableBeanFactory - Autowiring by type from bean name 'tomcatWebServerFactoryCustomizer' via factory method to bean named 'environment'
2020-03-09 20:45:33.216 [main] DEBUG o.s.b.f.s.DefaultListableBeanFactory - Autowiring by type from bean name 'tomcatWebServerFactoryCustomizer' via factory method to bean named 'server-org.springframework.boot.autoconfigure.web.ServerProperties'
2020-03-09 20:45:33.217 [main] DEBUG o.s.b.f.s.DefaultListableBeanFactory - Eagerly caching bean 'tomcatWebServerFactoryCustomizer' to allow for resolving potential circular references
2020-03-09 20:45:33.220 [main] DEBUG o.s.b.f.s.DefaultListableBeanFactory - Returning cached instance of singleton bean 'org.springframework.transaction.config.internalTransactionAdvisor'
2020-03-09 20:45:33.220 [main] DEBUG o.s.b.f.s.DefaultListableBeanFactory - Returning cached instance of singleton bean 'org.springframework.transaction.config.internalTransactionAdvisor'
2020-03-09 20:45:33.220 [main] DEBUG o.s.b.f.s.DefaultListableBeanFactory - Finished creating instance of bean 'tomcatWebServerFactoryCustomizer'
2020-03-09 20:45:33.220 [main] DEBUG o.s.b.f.s.DefaultListableBeanFactory - Creating shared instance of singleton bean 'localeCharsetMappingsCustomizer'
2020-03-09 20:45:33.221 [main] DEBUG o.s.b.f.s.DefaultListableBeanFactory - Creating instance of bean 'localeCharsetMappingsCustomizer'
2020-03-09 20:45:33.221 [main] DEBUG o.s.b.f.s.DefaultListableBeanFactory - Returning cached instance of singleton bean 'org.springframework.transaction.config.internalTransactionAdvisor'
2020-03-09 20:45:33.221 [main] DEBUG o.s.b.f.s.DefaultListableBeanFactory - Creating shared instance of singleton bean 'org.springframework.boot.autoconfigure.web.servlet.HttpEncodingAutoConfiguration'
2020-03-09 20:45:33.221 [main] DEBUG o.s.b.f.s.DefaultListableBeanFactory - Creating instance of bean 'org.springframework.boot.autoconfigure.web.servlet.HttpEncodingAutoConfiguration'
2020-03-09 20:45:33.221 [main] DEBUG o.s.b.f.s.DefaultListableBeanFactory - Returning cached instance of singleton bean 'org.springframework.transaction.config.internalTransactionAdvisor'
2020-03-09 20:45:33.221 [main] DEBUG o.s.c.LocalVariableTableParameterNameDiscoverer - Cannot find '.class' file for class [class org.springframework.boot.autoconfigure.web.servlet.HttpEncodingAutoConfiguration$$EnhancerBySpringCGLIB$$7ea9283d] - unable to determine constructor/method parameter names
2020-03-09 20:45:33.223 [main] DEBUG o.s.b.f.s.DefaultListableBeanFactory - Creating shared instance of singleton bean 'spring.http.encoding-org.springframework.boot.autoconfigure.http.HttpEncodingProperties'
2020-03-09 20:45:33.223 [main] DEBUG o.s.b.f.s.DefaultListableBeanFactory - Creating instance of bean 'spring.http.encoding-org.springframework.boot.autoconfigure.http.HttpEncodingProperties'
2020-03-09 20:45:33.223 [main] DEBUG o.s.b.f.s.DefaultListableBeanFactory - Returning cached instance of singleton bean 'org.springframework.transaction.config.internalTransactionAdvisor'
2020-03-09 20:45:33.223 [main] DEBUG o.s.b.f.s.DefaultListableBeanFactory - Eagerly caching bean 'spring.http.encoding-org.springframework.boot.autoconfigure.http.HttpEncodingProperties' to allow for resolving potential circular references
2020-03-09 20:45:33.227 [main] DEBUG o.s.b.f.s.DefaultListableBeanFactory - Returning cached instance of singleton bean 'org.springframework.transaction.config.internalTransactionAdvisor'
2020-03-09 20:45:33.227 [main] DEBUG o.s.b.f.s.DefaultListableBeanFactory - Returning cached instance of singleton bean 'org.springframework.transaction.config.internalTransactionAdvisor'
2020-03-09 20:45:33.228 [main] DEBUG o.s.b.f.s.DefaultListableBeanFactory - Finished creating instance of bean 'spring.http.encoding-org.springframework.boot.autoconfigure.http.HttpEncodingProperties'
2020-03-09 20:45:33.228 [main] DEBUG o.s.b.f.s.DefaultListableBeanFactory - Autowiring by type from bean name 'org.springframework.boot.autoconfigure.web.servlet.HttpEncodingAutoConfiguration' via constructor to bean named 'spring.http.encoding-org.springframework.boot.autoconfigure.http.HttpEncodingProperties'
2020-03-09 20:45:33.228 [main] DEBUG o.s.b.f.s.DefaultListableBeanFactory - Eagerly caching bean 'org.springframework.boot.autoconfigure.web.servlet.HttpEncodingAutoConfiguration' to allow for resolving potential circular references
2020-03-09 20:45:33.232 [main] DEBUG o.s.b.f.s.DefaultListableBeanFactory - Returning cached instance of singleton bean 'org.springframework.transaction.config.internalTransactionAdvisor'
2020-03-09 20:45:33.232 [main] DEBUG o.s.b.f.s.DefaultListableBeanFactory - Returning cached instance of singleton bean 'org.springframework.transaction.config.internalTransactionAdvisor'
2020-03-09 20:45:33.233 [main] DEBUG o.s.b.f.s.DefaultListableBeanFactory - Finished creating instance of bean 'org.springframework.boot.autoconfigure.web.servlet.HttpEncodingAutoConfiguration'
2020-03-09 20:45:33.235 [main] DEBUG o.s.b.f.s.DefaultListableBeanFactory - Eagerly caching bean 'localeCharsetMappingsCustomizer' to allow for resolving potential circular references
2020-03-09 20:45:33.238 [main] DEBUG o.s.b.f.s.DefaultListableBeanFactory - Returning cached instance of singleton bean 'org.springframework.transaction.config.internalTransactionAdvisor'
2020-03-09 20:45:33.238 [main] DEBUG o.s.b.f.s.DefaultListableBeanFactory - Returning cached instance of singleton bean 'org.springframework.transaction.config.internalTransactionAdvisor'
2020-03-09 20:45:33.238 [main] DEBUG o.s.b.f.s.DefaultListableBeanFactory - Finished creating instance of bean 'localeCharsetMappingsCustomizer'
2020-03-09 20:45:33.264 [main] DEBUG o.s.b.f.s.DefaultListableBeanFactory - Creating shared instance of singleton bean 'errorPageCustomizer'
2020-03-09 20:45:33.264 [main] DEBUG o.s.b.f.s.DefaultListableBeanFactory - Creating instance of bean 'errorPageCustomizer'
2020-03-09 20:45:33.264 [main] DEBUG o.s.b.f.s.DefaultListableBeanFactory - Returning cached instance of singleton bean 'org.springframework.transaction.config.internalTransactionAdvisor'
2020-03-09 20:45:33.264 [main] DEBUG o.s.b.f.s.DefaultListableBeanFactory - Creating shared instance of singleton bean 'org.springframework.boot.autoconfigure.web.servlet.error.ErrorMvcAutoConfiguration'
2020-03-09 20:45:33.264 [main] DEBUG o.s.b.f.s.DefaultListableBeanFactory - Creating instance of bean 'org.springframework.boot.autoconfigure.web.servlet.error.ErrorMvcAutoConfiguration'
2020-03-09 20:45:33.264 [main] DEBUG o.s.b.f.s.DefaultListableBeanFactory - Returning cached instance of singleton bean 'org.springframework.transaction.config.internalTransactionAdvisor'
2020-03-09 20:45:33.265 [main] DEBUG o.s.c.LocalVariableTableParameterNameDiscoverer - Cannot find '.class' file for class [class org.springframework.boot.autoconfigure.web.servlet.error.ErrorMvcAutoConfiguration$$EnhancerBySpringCGLIB$$d7007720] - unable to determine constructor/method parameter names
2020-03-09 20:45:33.265 [main] DEBUG o.s.b.f.s.DefaultListableBeanFactory - Returning cached instance of singleton bean 'server-org.springframework.boot.autoconfigure.web.ServerProperties'
2020-03-09 20:45:33.265 [main] DEBUG o.s.b.f.s.DefaultListableBeanFactory - Autowiring by type from bean name 'org.springframework.boot.autoconfigure.web.servlet.error.ErrorMvcAutoConfiguration' via constructor to bean named 'server-org.springframework.boot.autoconfigure.web.ServerProperties'
2020-03-09 20:45:33.267 [main] DEBUG o.s.b.f.s.DefaultListableBeanFactory - Creating shared instance of singleton bean 'conventionErrorViewResolver'
2020-03-09 20:45:33.267 [main] DEBUG o.s.b.f.s.DefaultListableBeanFactory - Creating instance of bean 'conventionErrorViewResolver'
2020-03-09 20:45:33.267 [main] DEBUG o.s.b.f.s.DefaultListableBeanFactory - Returning cached instance of singleton bean 'org.springframework.transaction.config.internalTransactionAdvisor'
2020-03-09 20:45:33.267 [main] DEBUG o.s.b.f.s.DefaultListableBeanFactory - Creating shared instance of singleton bean 'org.springframework.boot.autoconfigure.web.servlet.error.ErrorMvcAutoConfiguration$DefaultErrorViewResolverConfiguration'
2020-03-09 20:45:33.267 [main] DEBUG o.s.b.f.s.DefaultListableBeanFactory - Creating instance of bean 'org.springframework.boot.autoconfigure.web.servlet.error.ErrorMvcAutoConfiguration$DefaultErrorViewResolverConfiguration'
2020-03-09 20:45:33.267 [main] DEBUG o.s.b.f.s.DefaultListableBeanFactory - Returning cached instance of singleton bean 'org.springframework.transaction.config.internalTransactionAdvisor'
2020-03-09 20:45:33.268 [main] DEBUG o.s.c.LocalVariableTableParameterNameDiscoverer - Cannot find '.class' file for class [class org.springframework.boot.autoconfigure.web.servlet.error.ErrorMvcAutoConfiguration$DefaultErrorViewResolverConfiguration$$EnhancerBySpringCGLIB$$eb954bc0] - unable to determine constructor/method parameter names
2020-03-09 20:45:33.269 [main] DEBUG o.s.b.f.s.DefaultListableBeanFactory - Returning cached instance of singleton bean 'spring.resources-org.springframework.boot.autoconfigure.web.ResourceProperties'
2020-03-09 20:45:33.269 [main] DEBUG o.s.b.f.s.DefaultListableBeanFactory - Autowiring by type from bean name 'org.springframework.boot.autoconfigure.web.servlet.error.ErrorMvcAutoConfiguration$DefaultErrorViewResolverConfiguration' via constructor to bean named 'org.springframework.web.context.support.GenericWebApplicationContext@21d5c1a0'
2020-03-09 20:45:33.270 [main] DEBUG o.s.b.f.s.DefaultListableBeanFactory - Autowiring by type from bean name 'org.springframework.boot.autoconfigure.web.servlet.error.ErrorMvcAutoConfiguration$DefaultErrorViewResolverConfiguration' via constructor to bean named 'spring.resources-org.springframework.boot.autoconfigure.web.ResourceProperties'
2020-03-09 20:45:33.270 [main] DEBUG o.s.b.f.s.DefaultListableBeanFactory - Eagerly caching bean 'org.springframework.boot.autoconfigure.web.servlet.error.ErrorMvcAutoConfiguration$DefaultErrorViewResolverConfiguration' to allow for resolving potential circular references
2020-03-09 20:45:33.274 [main] DEBUG o.s.b.f.s.DefaultListableBeanFactory - Returning cached instance of singleton bean 'org.springframework.transaction.config.internalTransactionAdvisor'
2020-03-09 20:45:33.274 [main] DEBUG o.s.b.f.s.DefaultListableBeanFactory - Returning cached instance of singleton bean 'org.springframework.transaction.config.internalTransactionAdvisor'
2020-03-09 20:45:33.275 [main] DEBUG o.s.b.f.s.DefaultListableBeanFactory - Finished creating instance of bean 'org.springframework.boot.autoconfigure.web.servlet.error.ErrorMvcAutoConfiguration$DefaultErrorViewResolverConfiguration'
2020-03-09 20:45:33.278 [main] DEBUG o.s.b.f.s.DefaultListableBeanFactory - Eagerly caching bean 'conventionErrorViewResolver' to allow for resolving potential circular references
2020-03-09 20:45:33.281 [main] DEBUG o.s.b.f.s.DefaultListableBeanFactory - Returning cached instance of singleton bean 'org.springframework.transaction.config.internalTransactionAdvisor'
2020-03-09 20:45:33.281 [main] DEBUG o.s.b.f.s.DefaultListableBeanFactory - Returning cached instance of singleton bean 'org.springframework.transaction.config.internalTransactionAdvisor'
2020-03-09 20:45:33.281 [main] DEBUG o.s.b.f.s.DefaultListableBeanFactory - Finished creating instance of bean 'conventionErrorViewResolver'
2020-03-09 20:45:33.282 [main] DEBUG o.s.b.f.s.DefaultListableBeanFactory - Eagerly caching bean 'org.springframework.boot.autoconfigure.web.servlet.error.ErrorMvcAutoConfiguration' to allow for resolving potential circular references
2020-03-09 20:45:33.285 [main] DEBUG o.s.b.f.s.DefaultListableBeanFactory - Returning cached instance of singleton bean 'org.springframework.transaction.config.internalTransactionAdvisor'
2020-03-09 20:45:33.285 [main] DEBUG o.s.b.f.s.DefaultListableBeanFactory - Returning cached instance of singleton bean 'org.springframework.transaction.config.internalTransactionAdvisor'
2020-03-09 20:45:33.286 [main] DEBUG o.s.b.f.s.DefaultListableBeanFactory - Finished creating instance of bean 'org.springframework.boot.autoconfigure.web.servlet.error.ErrorMvcAutoConfiguration'
2020-03-09 20:45:33.288 [main] DEBUG o.s.b.f.s.DefaultListableBeanFactory - Eagerly caching bean 'errorPageCustomizer' to allow for resolving potential circular references
2020-03-09 20:45:33.291 [main] DEBUG o.s.b.f.s.DefaultListableBeanFactory - Returning cached instance of singleton bean 'org.springframework.transaction.config.internalTransactionAdvisor'
2020-03-09 20:45:33.291 [main] DEBUG o.s.b.f.s.DefaultListableBeanFactory - Returning cached instance of singleton bean 'org.springframework.transaction.config.internalTransactionAdvisor'
2020-03-09 20:45:33.291 [main] DEBUG o.s.b.f.s.DefaultListableBeanFactory - Finished creating instance of bean 'errorPageCustomizer'
2020-03-09 20:45:33.292 [main] DEBUG o.s.b.f.s.DefaultListableBeanFactory - Returning cached instance of singleton bean 'org.springframework.transaction.config.internalTransactionAdvisor'
2020-03-09 20:45:33.292 [main] DEBUG o.s.b.f.s.DefaultListableBeanFactory - Returning cached instance of singleton bean 'org.springframework.transaction.config.internalTransactionAdvisor'
2020-03-09 20:45:33.293 [main] DEBUG o.s.b.f.s.DefaultListableBeanFactory - Finished creating instance of bean 'tomcatServletWebServerFactory'
2020-03-09 20:45:33.293 [main] DEBUG o.s.b.f.s.DefaultListableBeanFactory - Returning cached instance of singleton bean 'org.springframework.boot.autoconfigure.web.servlet.ServletWebServerFactoryAutoConfiguration'
2020-03-09 20:45:33.293 [main] DEBUG o.s.b.f.s.DefaultListableBeanFactory - Returning cached instance of singleton bean 'servletWebServerFactoryCustomizer'
2020-03-09 20:45:33.293 [main] DEBUG o.s.b.f.s.DefaultListableBeanFactory - Returning cached instance of singleton bean 'tomcatServletWebServerFactoryCustomizer'
2020-03-09 20:45:33.293 [main] DEBUG o.s.b.f.s.DefaultListableBeanFactory - Returning cached instance of singleton bean 'server-org.springframework.boot.autoconfigure.web.ServerProperties'
2020-03-09 20:45:33.293 [main] DEBUG o.s.b.f.s.DefaultListableBeanFactory - Returning cached instance of singleton bean 'org.springframework.boot.context.properties.ConfigurationPropertiesBindingPostProcessor'
2020-03-09 20:45:33.293 [main] DEBUG o.s.b.f.s.DefaultListableBeanFactory - Returning cached instance of singleton bean 'org.springframework.boot.context.properties.ConfigurationBeanFactoryMetadata'
2020-03-09 20:45:33.293 [main] DEBUG o.s.b.f.s.DefaultListableBeanFactory - Returning cached instance of singleton bean 'webServerFactoryCustomizerBeanPostProcessor'
2020-03-09 20:45:33.293 [main] DEBUG o.s.b.f.s.DefaultListableBeanFactory - Returning cached instance of singleton bean 'errorPageRegistrarBeanPostProcessor'
2020-03-09 20:45:33.293 [main] DEBUG o.s.b.f.s.DefaultListableBeanFactory - Creating shared instance of singleton bean 'org.springframework.boot.autoconfigure.web.servlet.DispatcherServletAutoConfiguration$DispatcherServletConfiguration'
2020-03-09 20:45:33.294 [main] DEBUG o.s.b.f.s.DefaultListableBeanFactory - Creating instance of bean 'org.springframework.boot.autoconfigure.web.servlet.DispatcherServletAutoConfiguration$DispatcherServletConfiguration'
2020-03-09 20:45:33.294 [main] DEBUG o.s.b.f.s.DefaultListableBeanFactory - Returning cached instance of singleton bean 'org.springframework.transaction.config.internalTransactionAdvisor'
2020-03-09 20:45:33.294 [main] DEBUG o.s.c.LocalVariableTableParameterNameDiscoverer - Cannot find '.class' file for class [class org.springframework.boot.autoconfigure.web.servlet.DispatcherServletAutoConfiguration$DispatcherServletConfiguration$$EnhancerBySpringCGLIB$$fb540164] - unable to determine constructor/method parameter names
2020-03-09 20:45:33.294 [main] DEBUG o.s.b.f.s.DefaultListableBeanFactory - Returning cached instance of singleton bean 'spring.mvc-org.springframework.boot.autoconfigure.web.servlet.WebMvcProperties'
2020-03-09 20:45:33.295 [main] DEBUG o.s.b.f.s.DefaultListableBeanFactory - Autowiring by type from bean name 'org.springframework.boot.autoconfigure.web.servlet.DispatcherServletAutoConfiguration$DispatcherServletConfiguration' via constructor to bean named 'spring.mvc-org.springframework.boot.autoconfigure.web.servlet.WebMvcProperties'
2020-03-09 20:45:33.295 [main] DEBUG o.s.b.f.s.DefaultListableBeanFactory - Eagerly caching bean 'org.springframework.boot.autoconfigure.web.servlet.DispatcherServletAutoConfiguration$DispatcherServletConfiguration' to allow for resolving potential circular references
2020-03-09 20:45:33.297 [main] DEBUG o.s.b.f.s.DefaultListableBeanFactory - Returning cached instance of singleton bean 'org.springframework.transaction.config.internalTransactionAdvisor'
2020-03-09 20:45:33.297 [main] DEBUG o.s.b.f.s.DefaultListableBeanFactory - Returning cached instance of singleton bean 'org.springframework.transaction.config.internalTransactionAdvisor'
2020-03-09 20:45:33.298 [main] DEBUG o.s.b.f.s.DefaultListableBeanFactory - Finished creating instance of bean 'org.springframework.boot.autoconfigure.web.servlet.DispatcherServletAutoConfiguration$DispatcherServletConfiguration'
2020-03-09 20:45:33.298 [main] DEBUG o.s.b.f.s.DefaultListableBeanFactory - Creating shared instance of singleton bean 'dispatcherServlet'
2020-03-09 20:45:33.298 [main] DEBUG o.s.b.f.s.DefaultListableBeanFactory - Creating instance of bean 'dispatcherServlet'
2020-03-09 20:45:33.298 [main] DEBUG o.s.b.f.s.DefaultListableBeanFactory - Returning cached instance of singleton bean 'org.springframework.transaction.config.internalTransactionAdvisor'
2020-03-09 20:45:33.298 [main] DEBUG o.s.b.f.s.DefaultListableBeanFactory - Returning cached instance of singleton bean 'org.springframework.boot.autoconfigure.web.servlet.DispatcherServletAutoConfiguration$DispatcherServletConfiguration'
2020-03-09 20:45:33.319 [main] DEBUG o.s.b.f.s.DefaultListableBeanFactory - Eagerly caching bean 'dispatcherServlet' to allow for resolving potential circular references
2020-03-09 20:45:33.336 [main] DEBUG o.s.b.f.s.DefaultListableBeanFactory - Returning cached instance of singleton bean 'org.springframework.transaction.config.internalTransactionAdvisor'
2020-03-09 20:45:33.336 [main] DEBUG o.s.b.f.s.DefaultListableBeanFactory - Returning cached instance of singleton bean 'org.springframework.transaction.config.internalTransactionAdvisor'
2020-03-09 20:45:33.337 [main] DEBUG o.s.b.f.s.DefaultListableBeanFactory - Finished creating instance of bean 'dispatcherServlet'
2020-03-09 20:45:33.338 [main] DEBUG o.s.b.f.s.DefaultListableBeanFactory - Returning cached instance of singleton bean 'spring.mvc-org.springframework.boot.autoconfigure.web.servlet.WebMvcProperties'
2020-03-09 20:45:33.338 [main] DEBUG o.s.b.f.s.DefaultListableBeanFactory - Creating shared instance of singleton bean 'org.springframework.boot.autoconfigure.web.servlet.DispatcherServletAutoConfiguration$DispatcherServletRegistrationConfiguration'
2020-03-09 20:45:33.338 [main] DEBUG o.s.b.f.s.DefaultListableBeanFactory - Creating instance of bean 'org.springframework.boot.autoconfigure.web.servlet.DispatcherServletAutoConfiguration$DispatcherServletRegistrationConfiguration'
2020-03-09 20:45:33.338 [main] DEBUG o.s.b.f.s.DefaultListableBeanFactory - Returning cached instance of singleton bean 'org.springframework.transaction.config.internalTransactionAdvisor'
2020-03-09 20:45:33.339 [main] DEBUG o.s.c.LocalVariableTableParameterNameDiscoverer - Cannot find '.class' file for class [class org.springframework.boot.autoconfigure.web.servlet.DispatcherServletAutoConfiguration$DispatcherServletRegistrationConfiguration$$EnhancerBySpringCGLIB$$5d5b960b] - unable to determine constructor/method parameter names
2020-03-09 20:45:33.339 [main] DEBUG o.s.b.f.s.DefaultListableBeanFactory - Returning cached instance of singleton bean 'server-org.springframework.boot.autoconfigure.web.ServerProperties'
2020-03-09 20:45:33.339 [main] DEBUG o.s.b.f.s.DefaultListableBeanFactory - Returning cached instance of singleton bean 'spring.mvc-org.springframework.boot.autoconfigure.web.servlet.WebMvcProperties'
2020-03-09 20:45:33.339 [main] DEBUG o.s.b.f.s.DefaultListableBeanFactory - Autowiring by type from bean name 'org.springframework.boot.autoconfigure.web.servlet.DispatcherServletAutoConfiguration$DispatcherServletRegistrationConfiguration' via constructor to bean named 'server-org.springframework.boot.autoconfigure.web.ServerProperties'
2020-03-09 20:45:33.339 [main] DEBUG o.s.b.f.s.DefaultListableBeanFactory - Autowiring by type from bean name 'org.springframework.boot.autoconfigure.web.servlet.DispatcherServletAutoConfiguration$DispatcherServletRegistrationConfiguration' via constructor to bean named 'spring.mvc-org.springframework.boot.autoconfigure.web.servlet.WebMvcProperties'
2020-03-09 20:45:33.342 [main] DEBUG o.s.b.f.s.DefaultListableBeanFactory - Creating shared instance of singleton bean 'multipartConfigElement'
2020-03-09 20:45:33.342 [main] DEBUG o.s.b.f.s.DefaultListableBeanFactory - Creating instance of bean 'multipartConfigElement'
2020-03-09 20:45:33.342 [main] DEBUG o.s.b.f.s.DefaultListableBeanFactory - Returning cached instance of singleton bean 'org.springframework.transaction.config.internalTransactionAdvisor'
2020-03-09 20:45:33.342 [main] DEBUG o.s.b.f.s.DefaultListableBeanFactory - Creating shared instance of singleton bean 'org.springframework.boot.autoconfigure.web.servlet.MultipartAutoConfiguration'
2020-03-09 20:45:33.343 [main] DEBUG o.s.b.f.s.DefaultListableBeanFactory - Creating instance of bean 'org.springframework.boot.autoconfigure.web.servlet.MultipartAutoConfiguration'
2020-03-09 20:45:33.343 [main] DEBUG o.s.b.f.s.DefaultListableBeanFactory - Returning cached instance of singleton bean 'org.springframework.transaction.config.internalTransactionAdvisor'
2020-03-09 20:45:33.344 [main] DEBUG o.s.c.LocalVariableTableParameterNameDiscoverer - Cannot find '.class' file for class [class org.springframework.boot.autoconfigure.web.servlet.MultipartAutoConfiguration$$EnhancerBySpringCGLIB$$ed99b04a] - unable to determine constructor/method parameter names
2020-03-09 20:45:33.346 [main] DEBUG o.s.b.f.s.DefaultListableBeanFactory - Creating shared instance of singleton bean 'spring.servlet.multipart-org.springframework.boot.autoconfigure.web.servlet.MultipartProperties'
2020-03-09 20:45:33.346 [main] DEBUG o.s.b.f.s.DefaultListableBeanFactory - Creating instance of bean 'spring.servlet.multipart-org.springframework.boot.autoconfigure.web.servlet.MultipartProperties'
2020-03-09 20:45:33.347 [main] DEBUG o.s.b.f.s.DefaultListableBeanFactory - Returning cached instance of singleton bean 'org.springframework.transaction.config.internalTransactionAdvisor'
2020-03-09 20:45:33.348 [main] DEBUG o.s.b.f.s.DefaultListableBeanFactory - Eagerly caching bean 'spring.servlet.multipart-org.springframework.boot.autoconfigure.web.servlet.MultipartProperties' to allow for resolving potential circular references
2020-03-09 20:45:33.351 [main] DEBUG o.s.b.f.s.DefaultListableBeanFactory - Returning cached instance of singleton bean 'org.springframework.transaction.config.internalTransactionAdvisor'
2020-03-09 20:45:33.351 [main] DEBUG o.s.b.f.s.DefaultListableBeanFactory - Returning cached instance of singleton bean 'org.springframework.transaction.config.internalTransactionAdvisor'
2020-03-09 20:45:33.352 [main] DEBUG o.s.b.f.s.DefaultListableBeanFactory - Finished creating instance of bean 'spring.servlet.multipart-org.springframework.boot.autoconfigure.web.servlet.MultipartProperties'
2020-03-09 20:45:33.352 [main] DEBUG o.s.b.f.s.DefaultListableBeanFactory - Autowiring by type from bean name 'org.springframework.boot.autoconfigure.web.servlet.MultipartAutoConfiguration' via constructor to bean named 'spring.servlet.multipart-org.springframework.boot.autoconfigure.web.servlet.MultipartProperties'
2020-03-09 20:45:33.352 [main] DEBUG o.s.b.f.s.DefaultListableBeanFactory - Eagerly caching bean 'org.springframework.boot.autoconfigure.web.servlet.MultipartAutoConfiguration' to allow for resolving potential circular references
2020-03-09 20:45:33.358 [main] DEBUG o.s.b.f.s.DefaultListableBeanFactory - Returning cached instance of singleton bean 'org.springframework.transaction.config.internalTransactionAdvisor'
2020-03-09 20:45:33.358 [main] DEBUG o.s.b.f.s.DefaultListableBeanFactory - Returning cached instance of singleton bean 'org.springframework.transaction.config.internalTransactionAdvisor'
2020-03-09 20:45:33.359 [main] DEBUG o.s.b.f.s.DefaultListableBeanFactory - Finished creating instance of bean 'org.springframework.boot.autoconfigure.web.servlet.MultipartAutoConfiguration'
2020-03-09 20:45:33.364 [main] DEBUG o.s.b.f.s.DefaultListableBeanFactory - Eagerly caching bean 'multipartConfigElement' to allow for resolving potential circular references
2020-03-09 20:45:33.368 [main] DEBUG o.s.b.f.s.DefaultListableBeanFactory - Returning cached instance of singleton bean 'org.springframework.transaction.config.internalTransactionAdvisor'
2020-03-09 20:45:33.368 [main] DEBUG o.s.b.f.s.DefaultListableBeanFactory - Returning cached instance of singleton bean 'org.springframework.transaction.config.internalTransactionAdvisor'
2020-03-09 20:45:33.368 [main] DEBUG o.s.b.f.s.DefaultListableBeanFactory - Finished creating instance of bean 'multipartConfigElement'
2020-03-09 20:45:33.368 [main] DEBUG o.s.b.f.s.DefaultListableBeanFactory - Eagerly caching bean 'org.springframework.boot.autoconfigure.web.servlet.DispatcherServletAutoConfiguration$DispatcherServletRegistrationConfiguration' to allow for resolving potential circular references
2020-03-09 20:45:33.373 [main] DEBUG o.s.b.f.s.DefaultListableBeanFactory - Returning cached instance of singleton bean 'org.springframework.transaction.config.internalTransactionAdvisor'
2020-03-09 20:45:33.373 [main] DEBUG o.s.b.f.s.DefaultListableBeanFactory - Returning cached instance of singleton bean 'org.springframework.transaction.config.internalTransactionAdvisor'
2020-03-09 20:45:33.374 [main] DEBUG o.s.b.f.s.DefaultListableBeanFactory - Finished creating instance of bean 'org.springframework.boot.autoconfigure.web.servlet.DispatcherServletAutoConfiguration$DispatcherServletRegistrationConfiguration'
2020-03-09 20:45:33.374 [main] DEBUG o.s.b.f.s.DefaultListableBeanFactory - Creating shared instance of singleton bean 'dispatcherServletRegistration'
2020-03-09 20:45:33.374 [main] DEBUG o.s.b.f.s.DefaultListableBeanFactory - Creating instance of bean 'dispatcherServletRegistration'
2020-03-09 20:45:33.374 [main] DEBUG o.s.b.f.s.DefaultListableBeanFactory - Returning cached instance of singleton bean 'org.springframework.transaction.config.internalTransactionAdvisor'
2020-03-09 20:45:33.374 [main] DEBUG o.s.b.f.s.DefaultListableBeanFactory - Returning cached instance of singleton bean 'org.springframework.boot.autoconfigure.web.servlet.DispatcherServletAutoConfiguration$DispatcherServletRegistrationConfiguration'
2020-03-09 20:45:33.376 [main] DEBUG o.s.b.f.s.DefaultListableBeanFactory - Returning cached instance of singleton bean 'dispatcherServlet'
2020-03-09 20:45:33.376 [main] DEBUG o.s.b.f.s.DefaultListableBeanFactory - Autowiring by type from bean name 'dispatcherServletRegistration' via factory method to bean named 'dispatcherServlet'
2020-03-09 20:45:33.386 [main] DEBUG o.s.b.f.s.DefaultListableBeanFactory - Eagerly caching bean 'dispatcherServletRegistration' to allow for resolving potential circular references
2020-03-09 20:45:33.393 [main] DEBUG o.s.b.f.s.DefaultListableBeanFactory - Returning cached instance of singleton bean 'org.springframework.transaction.config.internalTransactionAdvisor'
2020-03-09 20:45:33.394 [main] DEBUG o.s.b.f.s.DefaultListableBeanFactory - Returning cached instance of singleton bean 'org.springframework.transaction.config.internalTransactionAdvisor'
2020-03-09 20:45:33.394 [main] DEBUG o.s.b.f.s.DefaultListableBeanFactory - Finished creating instance of bean 'dispatcherServletRegistration'
2020-03-09 20:45:33.394 [main] DEBUG o.s.b.f.s.DefaultListableBeanFactory - Creating shared instance of singleton bean 'org.springframework.boot.autoconfigure.web.servlet.DispatcherServletAutoConfiguration'
2020-03-09 20:45:33.394 [main] DEBUG o.s.b.f.s.DefaultListableBeanFactory - Creating instance of bean 'org.springframework.boot.autoconfigure.web.servlet.DispatcherServletAutoConfiguration'
2020-03-09 20:45:33.394 [main] DEBUG o.s.b.f.s.DefaultListableBeanFactory - Returning cached instance of singleton bean 'org.springframework.transaction.config.internalTransactionAdvisor'
2020-03-09 20:45:33.395 [main] DEBUG o.s.b.f.s.DefaultListableBeanFactory - Eagerly caching bean 'org.springframework.boot.autoconfigure.web.servlet.DispatcherServletAutoConfiguration' to allow for resolving potential circular references
2020-03-09 20:45:33.401 [main] DEBUG o.s.b.f.s.DefaultListableBeanFactory - Returning cached instance of singleton bean 'org.springframework.transaction.config.internalTransactionAdvisor'
2020-03-09 20:45:33.401 [main] DEBUG o.s.b.f.s.DefaultListableBeanFactory - Returning cached instance of singleton bean 'org.springframework.transaction.config.internalTransactionAdvisor'
2020-03-09 20:45:33.401 [main] DEBUG o.s.b.f.s.DefaultListableBeanFactory - Finished creating instance of bean 'org.springframework.boot.autoconfigure.web.servlet.DispatcherServletAutoConfiguration'
2020-03-09 20:45:33.401 [main] DEBUG o.s.b.f.s.DefaultListableBeanFactory - Creating shared instance of singleton bean 'org.springframework.cloud.netflix.archaius.ArchaiusAutoConfiguration$PropagateEventsConfiguration'
2020-03-09 20:45:33.401 [main] DEBUG o.s.b.f.s.DefaultListableBeanFactory - Creating instance of bean 'org.springframework.cloud.netflix.archaius.ArchaiusAutoConfiguration$PropagateEventsConfiguration'
2020-03-09 20:45:33.401 [main] DEBUG o.s.b.f.s.DefaultListableBeanFactory - Returning cached instance of singleton bean 'org.springframework.transaction.config.internalTransactionAdvisor'
2020-03-09 20:45:33.402 [main] DEBUG o.s.b.f.annotation.InjectionMetadata - Registered injected element on class [org.springframework.cloud.netflix.archaius.ArchaiusAutoConfiguration$PropagateEventsConfiguration$$EnhancerBySpringCGLIB$$ade5723]: AutowiredFieldElement for private org.springframework.core.env.Environment org.springframework.cloud.netflix.archaius.ArchaiusAutoConfiguration$PropagateEventsConfiguration.env
2020-03-09 20:45:33.402 [main] DEBUG o.s.b.f.s.DefaultListableBeanFactory - Eagerly caching bean 'org.springframework.cloud.netflix.archaius.ArchaiusAutoConfiguration$PropagateEventsConfiguration' to allow for resolving potential circular references
2020-03-09 20:45:33.407 [main] DEBUG o.s.b.f.annotation.InjectionMetadata - Processing injected element of bean 'org.springframework.cloud.netflix.archaius.ArchaiusAutoConfiguration$PropagateEventsConfiguration': AutowiredFieldElement for private org.springframework.core.env.Environment org.springframework.cloud.netflix.archaius.ArchaiusAutoConfiguration$PropagateEventsConfiguration.env
2020-03-09 20:45:33.407 [main] DEBUG o.s.core.annotation.AnnotationUtils - Failed to meta-introspect annotation interface org.springframework.beans.factory.annotation.Autowired: java.lang.NullPointerException
2020-03-09 20:45:33.407 [main] DEBUG o.s.b.f.s.DefaultListableBeanFactory - Returning cached instance of singleton bean 'environment'
2020-03-09 20:45:33.407 [main] DEBUG o.s.b.f.a.AutowiredAnnotationBeanPostProcessor - Autowiring by type from bean name 'org.springframework.cloud.netflix.archaius.ArchaiusAutoConfiguration$PropagateEventsConfiguration' to bean named 'environment'
2020-03-09 20:45:33.408 [main] DEBUG o.s.b.f.s.DefaultListableBeanFactory - Returning cached instance of singleton bean 'org.springframework.transaction.config.internalTransactionAdvisor'
2020-03-09 20:45:33.408 [main] DEBUG o.s.b.f.s.DefaultListableBeanFactory - Returning cached instance of singleton bean 'org.springframework.transaction.config.internalTransactionAdvisor'
2020-03-09 20:45:33.409 [main] DEBUG o.s.b.f.s.DefaultListableBeanFactory - Finished creating instance of bean 'org.springframework.cloud.netflix.archaius.ArchaiusAutoConfiguration$PropagateEventsConfiguration'
2020-03-09 20:45:33.409 [main] DEBUG o.s.b.f.s.DefaultListableBeanFactory - Creating shared instance of singleton bean 'org.springframework.cloud.netflix.archaius.ArchaiusAutoConfiguration'
2020-03-09 20:45:33.409 [main] DEBUG o.s.b.f.s.DefaultListableBeanFactory - Creating instance of bean 'org.springframework.cloud.netflix.archaius.ArchaiusAutoConfiguration'
2020-03-09 20:45:33.409 [main] DEBUG o.s.b.f.s.DefaultListableBeanFactory - Returning cached instance of singleton bean 'org.springframework.transaction.config.internalTransactionAdvisor'
2020-03-09 20:45:33.410 [main] DEBUG o.s.c.a.CommonAnnotationBeanPostProcessor - Found destroy method on class [org.springframework.cloud.netflix.archaius.ArchaiusAutoConfiguration$$EnhancerBySpringCGLIB$$a6f6b2b5]: public void org.springframework.cloud.netflix.archaius.ArchaiusAutoConfiguration.close()
2020-03-09 20:45:33.410 [main] DEBUG o.s.c.a.CommonAnnotationBeanPostProcessor - Registered destroy method on class [org.springframework.cloud.netflix.archaius.ArchaiusAutoConfiguration$$EnhancerBySpringCGLIB$$a6f6b2b5]: org.springframework.beans.factory.annotation.InitDestroyAnnotationBeanPostProcessor$LifecycleElement@5a5ddf8
2020-03-09 20:45:33.410 [main] DEBUG o.s.b.f.annotation.InjectionMetadata - Registered injected element on class [org.springframework.cloud.netflix.archaius.ArchaiusAutoConfiguration$$EnhancerBySpringCGLIB$$a6f6b2b5]: AutowiredFieldElement for private org.springframework.core.env.ConfigurableEnvironment org.springframework.cloud.netflix.archaius.ArchaiusAutoConfiguration.env
2020-03-09 20:45:33.410 [main] DEBUG o.s.b.f.annotation.InjectionMetadata - Registered injected element on class [org.springframework.cloud.netflix.archaius.ArchaiusAutoConfiguration$$EnhancerBySpringCGLIB$$a6f6b2b5]: AutowiredFieldElement for private java.util.List org.springframework.cloud.netflix.archaius.ArchaiusAutoConfiguration.externalConfigurations
2020-03-09 20:45:33.410 [main] DEBUG o.s.b.f.s.DefaultListableBeanFactory - Eagerly caching bean 'org.springframework.cloud.netflix.archaius.ArchaiusAutoConfiguration' to allow for resolving potential circular references
2020-03-09 20:45:33.413 [main] DEBUG o.s.b.f.annotation.InjectionMetadata - Processing injected element of bean 'org.springframework.cloud.netflix.archaius.ArchaiusAutoConfiguration': AutowiredFieldElement for private org.springframework.core.env.ConfigurableEnvironment org.springframework.cloud.netflix.archaius.ArchaiusAutoConfiguration.env
2020-03-09 20:45:33.413 [main] DEBUG o.s.core.annotation.AnnotationUtils - Failed to meta-introspect annotation interface org.springframework.beans.factory.annotation.Autowired: java.lang.NullPointerException
2020-03-09 20:45:33.415 [main] DEBUG o.s.b.f.s.DefaultListableBeanFactory - Returning cached instance of singleton bean 'environment'
2020-03-09 20:45:33.416 [main] DEBUG o.s.b.f.a.AutowiredAnnotationBeanPostProcessor - Autowiring by type from bean name 'org.springframework.cloud.netflix.archaius.ArchaiusAutoConfiguration' to bean named 'environment'
2020-03-09 20:45:33.416 [main] DEBUG o.s.b.f.annotation.InjectionMetadata - Processing injected element of bean 'org.springframework.cloud.netflix.archaius.ArchaiusAutoConfiguration': AutowiredFieldElement for private java.util.List org.springframework.cloud.netflix.archaius.ArchaiusAutoConfiguration.externalConfigurations
2020-03-09 20:45:33.416 [main] DEBUG o.s.core.annotation.AnnotationUtils - Failed to meta-introspect annotation interface org.springframework.beans.factory.annotation.Autowired: java.lang.NullPointerException
2020-03-09 20:45:33.418 [main] DEBUG o.s.b.f.s.DefaultListableBeanFactory - Creating shared instance of singleton bean 'configurableEnvironmentConfiguration'
2020-03-09 20:45:33.418 [main] DEBUG o.s.b.f.s.DefaultListableBeanFactory - Creating instance of bean 'configurableEnvironmentConfiguration'
2020-03-09 20:45:33.419 [main] DEBUG o.s.b.f.s.DefaultListableBeanFactory - Returning cached instance of singleton bean 'org.springframework.transaction.config.internalTransactionAdvisor'
2020-03-09 20:45:33.419 [main] DEBUG o.s.b.f.s.DefaultListableBeanFactory - Returning cached instance of singleton bean 'environment'
2020-03-09 20:45:33.419 [main] DEBUG o.s.b.f.s.DefaultListableBeanFactory - Autowiring by type from bean name 'configurableEnvironmentConfiguration' via factory method to bean named 'environment'
2020-03-09 20:45:33.419 [main] DEBUG o.s.b.f.s.DefaultListableBeanFactory - Autowiring by type from bean name 'configurableEnvironmentConfiguration' via factory method to bean named 'org.springframework.web.context.support.GenericWebApplicationContext@21d5c1a0'
2020-03-09 20:45:33.419 [main] DEBUG o.s.b.f.s.DefaultListableBeanFactory - Creating shared instance of singleton bean 'configurableEnvironmentConfiguration'
2020-03-09 20:45:33.420 [main] DEBUG o.s.b.f.s.DefaultListableBeanFactory - Ignoring match to currently created bean 'configurableEnvironmentConfiguration': Error creating bean with name 'configurableEnvironmentConfiguration': Requested bean is currently in creation: Is there an unresolvable circular reference?
2020-03-09 20:45:33.427 [main] DEBUG o.s.c.e.PropertySourcesPropertyResolver - Found key 'spring.application.name' in PropertySource 'configurationProperties' with value of type String
2020-03-09 20:45:33.436 [main] WARN  c.n.c.sources.URLConfigurationSource - No URLs will be polled as dynamic configuration sources.
2020-03-09 20:45:33.436 [main] INFO  c.n.c.sources.URLConfigurationSource - To enable URLs as dynamic configuration sources, define System property archaius.configurationSource.additionalUrls or make config.properties available on classpath.
2020-03-09 20:45:33.451 [main] WARN  c.n.c.sources.URLConfigurationSource - No URLs will be polled as dynamic configuration sources.
2020-03-09 20:45:33.451 [main] INFO  c.n.c.sources.URLConfigurationSource - To enable URLs as dynamic configuration sources, define System property archaius.configurationSource.additionalUrls or make config.properties available on classpath.
2020-03-09 20:45:33.474 [main] DEBUG o.s.b.f.s.DefaultListableBeanFactory - Eagerly caching bean 'configurableEnvironmentConfiguration' to allow for resolving potential circular references
2020-03-09 20:45:33.478 [main] DEBUG o.s.b.f.s.DefaultListableBeanFactory - Returning cached instance of singleton bean 'org.springframework.transaction.config.internalTransactionAdvisor'
2020-03-09 20:45:33.478 [main] DEBUG o.s.b.f.s.DefaultListableBeanFactory - Returning cached instance of singleton bean 'org.springframework.transaction.config.internalTransactionAdvisor'
2020-03-09 20:45:33.479 [main] DEBUG o.s.b.f.s.DefaultListableBeanFactory - Finished creating instance of bean 'configurableEnvironmentConfiguration'
2020-03-09 20:45:33.480 [main] DEBUG o.s.b.f.a.AutowiredAnnotationBeanPostProcessor - Autowiring by type from bean name 'org.springframework.cloud.netflix.archaius.ArchaiusAutoConfiguration' to bean named 'configurableEnvironmentConfiguration'
2020-03-09 20:45:33.480 [main] DEBUG o.s.b.f.s.DefaultListableBeanFactory - Returning cached instance of singleton bean 'org.springframework.transaction.config.internalTransactionAdvisor'
2020-03-09 20:45:33.480 [main] DEBUG o.s.b.f.s.DefaultListableBeanFactory - Returning cached instance of singleton bean 'org.springframework.transaction.config.internalTransactionAdvisor'
2020-03-09 20:45:33.480 [main] DEBUG o.s.b.f.s.DefaultListableBeanFactory - Finished creating instance of bean 'org.springframework.cloud.netflix.archaius.ArchaiusAutoConfiguration'
2020-03-09 20:45:33.481 [main] DEBUG o.s.b.f.s.DefaultListableBeanFactory - Returning cached instance of singleton bean 'configurableEnvironmentConfiguration'
2020-03-09 20:45:33.481 [main] DEBUG o.s.b.f.s.DefaultListableBeanFactory - Creating shared instance of singleton bean 'org.springframework.boot.autoconfigure.validation.ValidationAutoConfiguration'
2020-03-09 20:45:33.481 [main] DEBUG o.s.b.f.s.DefaultListableBeanFactory - Creating instance of bean 'org.springframework.boot.autoconfigure.validation.ValidationAutoConfiguration'
2020-03-09 20:45:33.481 [main] DEBUG o.s.b.f.s.DefaultListableBeanFactory - Returning cached instance of singleton bean 'org.springframework.transaction.config.internalTransactionAdvisor'
2020-03-09 20:45:33.481 [main] DEBUG o.s.b.f.s.DefaultListableBeanFactory - Eagerly caching bean 'org.springframework.boot.autoconfigure.validation.ValidationAutoConfiguration' to allow for resolving potential circular references
2020-03-09 20:45:33.484 [main] DEBUG o.s.b.f.s.DefaultListableBeanFactory - Returning cached instance of singleton bean 'org.springframework.transaction.config.internalTransactionAdvisor'
2020-03-09 20:45:33.484 [main] DEBUG o.s.b.f.s.DefaultListableBeanFactory - Returning cached instance of singleton bean 'org.springframework.transaction.config.internalTransactionAdvisor'
2020-03-09 20:45:33.485 [main] DEBUG o.s.b.f.s.DefaultListableBeanFactory - Finished creating instance of bean 'org.springframework.boot.autoconfigure.validation.ValidationAutoConfiguration'
2020-03-09 20:45:33.485 [main] DEBUG o.s.b.f.s.DefaultListableBeanFactory - Creating shared instance of singleton bean 'defaultValidator'
2020-03-09 20:45:33.485 [main] DEBUG o.s.b.f.s.DefaultListableBeanFactory - Creating instance of bean 'defaultValidator'
2020-03-09 20:45:33.485 [main] DEBUG o.s.b.f.s.DefaultListableBeanFactory - Returning cached instance of singleton bean 'org.springframework.transaction.config.internalTransactionAdvisor'
2020-03-09 20:45:33.488 [main] DEBUG o.h.v.i.e.r.TraversableResolvers - Found javax.persistence.Persistence on classpath containing 'getPersistenceUtil'. Assuming JPA 2 environment. Trying to instantiate JPA aware TraversableResolver
2020-03-09 20:45:33.488 [main] DEBUG o.h.v.i.e.r.TraversableResolvers - Instantiated JPA aware TraversableResolver of type org.hibernate.validator.internal.engine.resolver.JPATraversableResolver.
2020-03-09 20:45:33.488 [main] DEBUG o.h.v.i.e.r.TraversableResolvers - Unable to load or instantiate JPA aware resolver org.hibernate.validator.internal.engine.resolver.JPATraversableResolver. All properties will per default be traversable.
2020-03-09 20:45:33.488 [main] DEBUG o.h.v.m.ResourceBundleMessageInterpolator - Loaded expression factory via original TCCL
2020-03-09 20:45:33.489 [main] DEBUG o.s.b.f.s.DefaultListableBeanFactory - Eagerly caching bean 'defaultValidator' to allow for resolving potential circular references
2020-03-09 20:45:33.497 [main] DEBUG o.s.b.f.s.DefaultListableBeanFactory - Invoking afterPropertiesSet() on bean with name 'defaultValidator'
2020-03-09 20:45:33.497 [main] DEBUG o.h.v.i.e.r.TraversableResolvers - Found javax.persistence.Persistence on classpath containing 'getPersistenceUtil'. Assuming JPA 2 environment. Trying to instantiate JPA aware TraversableResolver
2020-03-09 20:45:33.497 [main] DEBUG o.h.v.i.e.r.TraversableResolvers - Instantiated JPA aware TraversableResolver of type org.hibernate.validator.internal.engine.resolver.JPATraversableResolver.
2020-03-09 20:45:33.497 [main] DEBUG o.h.v.i.e.r.TraversableResolvers - Unable to load or instantiate JPA aware resolver org.hibernate.validator.internal.engine.resolver.JPATraversableResolver. All properties will per default be traversable.
2020-03-09 20:45:33.498 [main] DEBUG o.h.v.i.engine.ConfigurationImpl - Setting custom MessageInterpolator of type org.springframework.validation.beanvalidation.LocaleContextMessageInterpolator
2020-03-09 20:45:33.499 [main] DEBUG o.h.v.i.engine.ConfigurationImpl - Setting custom ConstraintValidatorFactory of type org.springframework.validation.beanvalidation.SpringConstraintValidatorFactory
2020-03-09 20:45:33.499 [main] DEBUG o.h.v.i.engine.ConfigurationImpl - Setting custom ParameterNameProvider of type org.springframework.validation.beanvalidation.LocalValidatorFactoryBean$1
2020-03-09 20:45:33.500 [main] DEBUG o.h.v.i.xml.ValidationXmlParser - Trying to load META-INF/validation.xml for XML based Validator configuration.
2020-03-09 20:45:33.501 [main] DEBUG o.h.v.i.xml.ResourceLoaderHelper - Trying to load META-INF/validation.xml via user class loader
2020-03-09 20:45:33.501 [main] DEBUG o.h.v.i.xml.ResourceLoaderHelper - Trying to load META-INF/validation.xml via TCCL
2020-03-09 20:45:33.501 [main] DEBUG o.h.v.i.xml.ResourceLoaderHelper - Trying to load META-INF/validation.xml via Hibernate Validator's class loader
2020-03-09 20:45:33.501 [main] DEBUG o.h.v.i.xml.ValidationXmlParser - No META-INF/validation.xml found. Using annotation based configuration only.
2020-03-09 20:45:33.506 [main] DEBUG o.h.v.i.engine.ValidatorFactoryImpl - HV000234: Using org.springframework.validation.beanvalidation.LocaleContextMessageInterpolator as ValidatorFactory-scoped message interpolator.
2020-03-09 20:45:33.506 [main] DEBUG o.h.v.i.engine.ValidatorFactoryImpl - HV000234: Using org.hibernate.validator.internal.engine.resolver.TraverseAllTraversableResolver as ValidatorFactory-scoped traversable resolver.
2020-03-09 20:45:33.506 [main] DEBUG o.h.v.i.engine.ValidatorFactoryImpl - HV000234: Using org.hibernate.validator.internal.util.ExecutableParameterNameProvider as ValidatorFactory-scoped parameter name provider.
2020-03-09 20:45:33.506 [main] DEBUG o.h.v.i.engine.ValidatorFactoryImpl - HV000234: Using org.hibernate.validator.internal.engine.DefaultClockProvider as ValidatorFactory-scoped clock provider.
2020-03-09 20:45:33.506 [main] DEBUG o.h.v.i.engine.ValidatorFactoryImpl - HV000234: Using org.hibernate.validator.internal.engine.scripting.DefaultScriptEvaluatorFactory as ValidatorFactory-scoped script evaluator factory.
2020-03-09 20:45:33.506 [main] DEBUG o.s.b.f.s.DefaultListableBeanFactory - Returning cached instance of singleton bean 'org.springframework.transaction.config.internalTransactionAdvisor'
2020-03-09 20:45:33.507 [main] DEBUG o.s.b.f.s.DefaultListableBeanFactory - Returning cached instance of singleton bean 'org.springframework.transaction.config.internalTransactionAdvisor'
2020-03-09 20:45:33.507 [main] DEBUG o.s.b.f.s.DefaultListableBeanFactory - Finished creating instance of bean 'defaultValidator'
2020-03-09 20:45:33.507 [main] DEBUG o.s.b.f.s.DefaultListableBeanFactory - Returning cached instance of singleton bean 'methodValidationPostProcessor'
2020-03-09 20:45:33.507 [main] DEBUG o.s.b.f.s.DefaultListableBeanFactory - Creating shared instance of singleton bean 'org.springframework.boot.autoconfigure.web.servlet.error.ErrorMvcAutoConfiguration$WhitelabelErrorViewConfiguration'
2020-03-09 20:45:33.507 [main] DEBUG o.s.b.f.s.DefaultListableBeanFactory - Creating instance of bean 'org.springframework.boot.autoconfigure.web.servlet.error.ErrorMvcAutoConfiguration$WhitelabelErrorViewConfiguration'
2020-03-09 20:45:33.507 [main] DEBUG o.s.b.f.s.DefaultListableBeanFactory - Returning cached instance of singleton bean 'org.springframework.transaction.config.internalTransactionAdvisor'
2020-03-09 20:45:33.509 [main] DEBUG o.s.b.f.s.DefaultListableBeanFactory - Eagerly caching bean 'org.springframework.boot.autoconfigure.web.servlet.error.ErrorMvcAutoConfiguration$WhitelabelErrorViewConfiguration' to allow for resolving potential circular references
2020-03-09 20:45:33.515 [main] DEBUG o.s.b.f.s.DefaultListableBeanFactory - Returning cached instance of singleton bean 'org.springframework.transaction.config.internalTransactionAdvisor'
2020-03-09 20:45:33.515 [main] DEBUG o.s.b.f.s.DefaultListableBeanFactory - Returning cached instance of singleton bean 'org.springframework.transaction.config.internalTransactionAdvisor'
2020-03-09 20:45:33.515 [main] DEBUG o.s.b.f.s.DefaultListableBeanFactory - Finished creating instance of bean 'org.springframework.boot.autoconfigure.web.servlet.error.ErrorMvcAutoConfiguration$WhitelabelErrorViewConfiguration'
2020-03-09 20:45:33.516 [main] DEBUG o.s.b.f.s.DefaultListableBeanFactory - Creating shared instance of singleton bean 'error'
2020-03-09 20:45:33.516 [main] DEBUG o.s.b.f.s.DefaultListableBeanFactory - Creating instance of bean 'error'
2020-03-09 20:45:33.516 [main] DEBUG o.s.b.f.s.DefaultListableBeanFactory - Returning cached instance of singleton bean 'org.springframework.transaction.config.internalTransactionAdvisor'
2020-03-09 20:45:33.516 [main] DEBUG o.s.b.f.s.DefaultListableBeanFactory - Returning cached instance of singleton bean 'org.springframework.boot.autoconfigure.web.servlet.error.ErrorMvcAutoConfiguration$WhitelabelErrorViewConfiguration'
2020-03-09 20:45:33.519 [main] DEBUG o.s.b.f.s.DefaultListableBeanFactory - Eagerly caching bean 'error' to allow for resolving potential circular references
2020-03-09 20:45:33.522 [main] DEBUG o.s.b.f.s.DefaultListableBeanFactory - Returning cached instance of singleton bean 'org.springframework.transaction.config.internalTransactionAdvisor'
2020-03-09 20:45:33.522 [main] DEBUG o.s.b.f.s.DefaultListableBeanFactory - Returning cached instance of singleton bean 'org.springframework.transaction.config.internalTransactionAdvisor'
2020-03-09 20:45:33.523 [main] DEBUG o.s.b.f.s.DefaultListableBeanFactory - Finished creating instance of bean 'error'
2020-03-09 20:45:33.523 [main] DEBUG o.s.b.f.s.DefaultListableBeanFactory - Creating shared instance of singleton bean 'beanNameViewResolver'
2020-03-09 20:45:33.523 [main] DEBUG o.s.b.f.s.DefaultListableBeanFactory - Creating instance of bean 'beanNameViewResolver'
2020-03-09 20:45:33.523 [main] DEBUG o.s.b.f.s.DefaultListableBeanFactory - Returning cached instance of singleton bean 'org.springframework.transaction.config.internalTransactionAdvisor'
2020-03-09 20:45:33.523 [main] DEBUG o.s.b.f.s.DefaultListableBeanFactory - Returning cached instance of singleton bean 'org.springframework.boot.autoconfigure.web.servlet.error.ErrorMvcAutoConfiguration$WhitelabelErrorViewConfiguration'
2020-03-09 20:45:33.524 [main] DEBUG o.s.b.f.s.DefaultListableBeanFactory - Eagerly caching bean 'beanNameViewResolver' to allow for resolving potential circular references
2020-03-09 20:45:33.536 [main] DEBUG o.s.b.f.s.DefaultListableBeanFactory - Returning cached instance of singleton bean 'org.springframework.transaction.config.internalTransactionAdvisor'
2020-03-09 20:45:33.536 [main] DEBUG o.s.b.f.s.DefaultListableBeanFactory - Returning cached instance of singleton bean 'org.springframework.transaction.config.internalTransactionAdvisor'
2020-03-09 20:45:33.536 [main] DEBUG o.s.b.f.s.DefaultListableBeanFactory - Finished creating instance of bean 'beanNameViewResolver'
2020-03-09 20:45:33.536 [main] DEBUG o.s.b.f.s.DefaultListableBeanFactory - Returning cached instance of singleton bean 'org.springframework.boot.autoconfigure.web.servlet.error.ErrorMvcAutoConfiguration$DefaultErrorViewResolverConfiguration'
2020-03-09 20:45:33.537 [main] DEBUG o.s.b.f.s.DefaultListableBeanFactory - Returning cached instance of singleton bean 'conventionErrorViewResolver'
2020-03-09 20:45:33.537 [main] DEBUG o.s.b.f.s.DefaultListableBeanFactory - Returning cached instance of singleton bean 'org.springframework.boot.autoconfigure.web.servlet.error.ErrorMvcAutoConfiguration'
2020-03-09 20:45:33.537 [main] DEBUG o.s.b.f.s.DefaultListableBeanFactory - Creating shared instance of singleton bean 'errorAttributes'
2020-03-09 20:45:33.537 [main] DEBUG o.s.b.f.s.DefaultListableBeanFactory - Creating instance of bean 'errorAttributes'
2020-03-09 20:45:33.537 [main] DEBUG o.s.b.f.s.DefaultListableBeanFactory - Returning cached instance of singleton bean 'org.springframework.transaction.config.internalTransactionAdvisor'
2020-03-09 20:45:33.537 [main] DEBUG o.s.b.f.s.DefaultListableBeanFactory - Returning cached instance of singleton bean 'org.springframework.boot.autoconfigure.web.servlet.error.ErrorMvcAutoConfiguration'
2020-03-09 20:45:33.538 [main] DEBUG o.s.b.f.s.DefaultListableBeanFactory - Eagerly caching bean 'errorAttributes' to allow for resolving potential circular references
2020-03-09 20:45:33.546 [main] DEBUG o.s.b.f.s.DefaultListableBeanFactory - Returning cached instance of singleton bean 'org.springframework.transaction.config.internalTransactionAdvisor'
2020-03-09 20:45:33.546 [main] DEBUG o.s.b.f.s.DefaultListableBeanFactory - Returning cached instance of singleton bean 'org.springframework.transaction.config.internalTransactionAdvisor'
2020-03-09 20:45:33.548 [main] DEBUG o.s.b.f.s.DefaultListableBeanFactory - Finished creating instance of bean 'errorAttributes'
2020-03-09 20:45:33.549 [main] DEBUG o.s.b.f.s.DefaultListableBeanFactory - Creating shared instance of singleton bean 'basicErrorController'
2020-03-09 20:45:33.550 [main] DEBUG o.s.b.f.s.DefaultListableBeanFactory - Creating instance of bean 'basicErrorController'
2020-03-09 20:45:33.550 [main] DEBUG o.s.b.f.s.DefaultListableBeanFactory - Returning cached instance of singleton bean 'org.springframework.transaction.config.internalTransactionAdvisor'
2020-03-09 20:45:33.550 [main] DEBUG o.s.b.f.s.DefaultListableBeanFactory - Returning cached instance of singleton bean 'org.springframework.boot.autoconfigure.web.servlet.error.ErrorMvcAutoConfiguration'
2020-03-09 20:45:33.553 [main] DEBUG o.s.b.f.s.DefaultListableBeanFactory - Returning cached instance of singleton bean 'errorAttributes'
2020-03-09 20:45:33.553 [main] DEBUG o.s.b.f.s.DefaultListableBeanFactory - Autowiring by type from bean name 'basicErrorController' via factory method to bean named 'errorAttributes'
2020-03-09 20:45:33.554 [main] DEBUG o.s.b.f.s.DefaultListableBeanFactory - Eagerly caching bean 'basicErrorController' to allow for resolving potential circular references
2020-03-09 20:45:33.566 [main] DEBUG o.s.b.f.s.DefaultListableBeanFactory - Returning cached instance of singleton bean 'org.springframework.transaction.config.internalTransactionAdvisor'
2020-03-09 20:45:33.566 [main] DEBUG o.s.b.f.s.DefaultListableBeanFactory - Returning cached instance of singleton bean 'org.springframework.transaction.config.internalTransactionAdvisor'
2020-03-09 20:45:33.567 [main] DEBUG o.s.b.f.s.DefaultListableBeanFactory - Finished creating instance of bean 'basicErrorController'
2020-03-09 20:45:33.567 [main] DEBUG o.s.b.f.s.DefaultListableBeanFactory - Returning cached instance of singleton bean 'errorPageCustomizer'
2020-03-09 20:45:33.567 [main] DEBUG o.s.b.f.s.DefaultListableBeanFactory - Returning cached instance of singleton bean 'preserveErrorControllerTargetClassPostProcessor'
2020-03-09 20:45:33.567 [main] DEBUG o.s.b.f.s.DefaultListableBeanFactory - Returning cached instance of singleton bean 'spring.resources-org.springframework.boot.autoconfigure.web.ResourceProperties'
2020-03-09 20:45:33.567 [main] DEBUG o.s.b.f.s.DefaultListableBeanFactory - Creating shared instance of singleton bean 'org.springframework.boot.autoconfigure.web.servlet.WebMvcAutoConfiguration$WebMvcAutoConfigurationAdapter$FaviconConfiguration'
2020-03-09 20:45:33.568 [main] DEBUG o.s.b.f.s.DefaultListableBeanFactory - Creating instance of bean 'org.springframework.boot.autoconfigure.web.servlet.WebMvcAutoConfiguration$WebMvcAutoConfigurationAdapter$FaviconConfiguration'
2020-03-09 20:45:33.568 [main] DEBUG o.s.b.f.s.DefaultListableBeanFactory - Returning cached instance of singleton bean 'org.springframework.transaction.config.internalTransactionAdvisor'
2020-03-09 20:45:33.569 [main] DEBUG o.s.c.LocalVariableTableParameterNameDiscoverer - Cannot find '.class' file for class [class org.springframework.boot.autoconfigure.web.servlet.WebMvcAutoConfiguration$WebMvcAutoConfigurationAdapter$FaviconConfiguration$$EnhancerBySpringCGLIB$$74829546] - unable to determine constructor/method parameter names
2020-03-09 20:45:33.569 [main] DEBUG o.s.b.f.s.DefaultListableBeanFactory - Returning cached instance of singleton bean 'spring.resources-org.springframework.boot.autoconfigure.web.ResourceProperties'
2020-03-09 20:45:33.570 [main] DEBUG o.s.b.f.s.DefaultListableBeanFactory - Autowiring by type from bean name 'org.springframework.boot.autoconfigure.web.servlet.WebMvcAutoConfiguration$WebMvcAutoConfigurationAdapter$FaviconConfiguration' via constructor to bean named 'spring.resources-org.springframework.boot.autoconfigure.web.ResourceProperties'
2020-03-09 20:45:33.570 [main] DEBUG o.s.b.f.s.DefaultListableBeanFactory - Eagerly caching bean 'org.springframework.boot.autoconfigure.web.servlet.WebMvcAutoConfiguration$WebMvcAutoConfigurationAdapter$FaviconConfiguration' to allow for resolving potential circular references
2020-03-09 20:45:33.578 [main] DEBUG o.s.b.f.s.DefaultListableBeanFactory - Returning cached instance of singleton bean 'org.springframework.transaction.config.internalTransactionAdvisor'
2020-03-09 20:45:33.578 [main] DEBUG o.s.b.f.s.DefaultListableBeanFactory - Returning cached instance of singleton bean 'org.springframework.transaction.config.internalTransactionAdvisor'
2020-03-09 20:45:33.580 [main] DEBUG o.s.b.f.s.DefaultListableBeanFactory - Finished creating instance of bean 'org.springframework.boot.autoconfigure.web.servlet.WebMvcAutoConfiguration$WebMvcAutoConfigurationAdapter$FaviconConfiguration'
2020-03-09 20:45:33.580 [main] DEBUG o.s.b.f.s.DefaultListableBeanFactory - Creating shared instance of singleton bean 'faviconHandlerMapping'
2020-03-09 20:45:33.580 [main] DEBUG o.s.b.f.s.DefaultListableBeanFactory - Creating instance of bean 'faviconHandlerMapping'
2020-03-09 20:45:33.580 [main] DEBUG o.s.b.f.s.DefaultListableBeanFactory - Returning cached instance of singleton bean 'org.springframework.transaction.config.internalTransactionAdvisor'
2020-03-09 20:45:33.581 [main] DEBUG o.s.b.f.s.DefaultListableBeanFactory - Returning cached instance of singleton bean 'org.springframework.boot.autoconfigure.web.servlet.WebMvcAutoConfiguration$WebMvcAutoConfigurationAdapter$FaviconConfiguration'
2020-03-09 20:45:33.587 [main] DEBUG o.s.b.f.s.DefaultListableBeanFactory - Creating shared instance of singleton bean 'faviconRequestHandler'
2020-03-09 20:45:33.587 [main] DEBUG o.s.b.f.s.DefaultListableBeanFactory - Creating instance of bean 'faviconRequestHandler'
2020-03-09 20:45:33.587 [main] DEBUG o.s.b.f.s.DefaultListableBeanFactory - Returning cached instance of singleton bean 'org.springframework.transaction.config.internalTransactionAdvisor'
2020-03-09 20:45:33.587 [main] DEBUG o.s.b.f.s.DefaultListableBeanFactory - Returning cached instance of singleton bean 'org.springframework.boot.autoconfigure.web.servlet.WebMvcAutoConfiguration$WebMvcAutoConfigurationAdapter$FaviconConfiguration'
2020-03-09 20:45:33.597 [main] DEBUG o.s.b.f.s.DefaultListableBeanFactory - Eagerly caching bean 'faviconRequestHandler' to allow for resolving potential circular references
2020-03-09 20:45:33.619 [main] DEBUG o.s.b.f.s.DefaultListableBeanFactory - Invoking afterPropertiesSet() on bean with name 'faviconRequestHandler'
2020-03-09 20:45:33.624 [main] DEBUG o.s.b.f.s.DefaultListableBeanFactory - Returning cached instance of singleton bean 'org.springframework.transaction.config.internalTransactionAdvisor'
2020-03-09 20:45:33.624 [main] DEBUG o.s.b.f.s.DefaultListableBeanFactory - Returning cached instance of singleton bean 'org.springframework.transaction.config.internalTransactionAdvisor'
2020-03-09 20:45:33.627 [main] DEBUG o.s.b.f.s.DefaultListableBeanFactory - Finished creating instance of bean 'faviconRequestHandler'
2020-03-09 20:45:33.629 [main] DEBUG o.s.b.f.s.DefaultListableBeanFactory - Eagerly caching bean 'faviconHandlerMapping' to allow for resolving potential circular references
2020-03-09 20:45:33.651 [main] INFO  o.s.w.s.h.SimpleUrlHandlerMapping - Mapped URL path [/**/favicon.ico] onto handler of type [class org.springframework.web.servlet.resource.ResourceHttpRequestHandler]
2020-03-09 20:45:33.652 [main] DEBUG o.s.b.f.s.DefaultListableBeanFactory - Returning cached instance of singleton bean 'org.springframework.transaction.config.internalTransactionAdvisor'
2020-03-09 20:45:33.652 [main] DEBUG o.s.b.f.s.DefaultListableBeanFactory - Returning cached instance of singleton bean 'org.springframework.transaction.config.internalTransactionAdvisor'
2020-03-09 20:45:33.652 [main] DEBUG o.s.b.f.s.DefaultListableBeanFactory - Finished creating instance of bean 'faviconHandlerMapping'
2020-03-09 20:45:33.653 [main] DEBUG o.s.b.f.s.DefaultListableBeanFactory - Returning cached instance of singleton bean 'faviconRequestHandler'
2020-03-09 20:45:33.653 [main] DEBUG o.s.b.f.s.DefaultListableBeanFactory - Returning cached instance of singleton bean 'org.springframework.boot.autoconfigure.web.servlet.WebMvcAutoConfiguration$EnableWebMvcConfiguration'
2020-03-09 20:45:33.653 [main] DEBUG o.s.b.f.s.DefaultListableBeanFactory - Creating shared instance of singleton bean 'requestMappingHandlerAdapter'
2020-03-09 20:45:33.653 [main] DEBUG o.s.b.f.s.DefaultListableBeanFactory - Creating instance of bean 'requestMappingHandlerAdapter'
2020-03-09 20:45:33.653 [main] DEBUG o.s.b.f.s.DefaultListableBeanFactory - Returning cached instance of singleton bean 'org.springframework.transaction.config.internalTransactionAdvisor'
2020-03-09 20:45:33.653 [main] DEBUG o.s.b.f.s.DefaultListableBeanFactory - Returning cached instance of singleton bean 'org.springframework.boot.autoconfigure.web.servlet.WebMvcAutoConfiguration$EnableWebMvcConfiguration'
2020-03-09 20:45:33.669 [main] DEBUG o.s.b.f.s.DefaultListableBeanFactory - Returning cached instance of singleton bean 'mvcContentNegotiationManager'
2020-03-09 20:45:33.671 [main] DEBUG o.s.b.f.s.DefaultListableBeanFactory - Creating shared instance of singleton bean 'messageConverters'
2020-03-09 20:45:33.671 [main] DEBUG o.s.b.f.s.DefaultListableBeanFactory - Creating instance of bean 'messageConverters'
2020-03-09 20:45:33.671 [main] DEBUG o.s.b.f.s.DefaultListableBeanFactory - Returning cached instance of singleton bean 'org.springframework.transaction.config.internalTransactionAdvisor'
2020-03-09 20:45:33.671 [main] DEBUG o.s.b.f.s.DefaultListableBeanFactory - Creating shared instance of singleton bean 'org.springframework.boot.autoconfigure.http.HttpMessageConvertersAutoConfiguration'
2020-03-09 20:45:33.671 [main] DEBUG o.s.b.f.s.DefaultListableBeanFactory - Creating instance of bean 'org.springframework.boot.autoconfigure.http.HttpMessageConvertersAutoConfiguration'
2020-03-09 20:45:33.671 [main] DEBUG o.s.b.f.s.DefaultListableBeanFactory - Returning cached instance of singleton bean 'org.springframework.transaction.config.internalTransactionAdvisor'
2020-03-09 20:45:33.672 [main] DEBUG o.s.c.LocalVariableTableParameterNameDiscoverer - Cannot find '.class' file for class [class org.springframework.boot.autoconfigure.http.HttpMessageConvertersAutoConfiguration$$EnhancerBySpringCGLIB$$c5883d2f] - unable to determine constructor/method parameter names
2020-03-09 20:45:33.673 [main] DEBUG o.s.b.f.s.DefaultListableBeanFactory - Creating shared instance of singleton bean 'stringHttpMessageConverter'
2020-03-09 20:45:33.673 [main] DEBUG o.s.b.f.s.DefaultListableBeanFactory - Creating instance of bean 'stringHttpMessageConverter'
2020-03-09 20:45:33.673 [main] DEBUG o.s.b.f.s.DefaultListableBeanFactory - Returning cached instance of singleton bean 'org.springframework.transaction.config.internalTransactionAdvisor'
2020-03-09 20:45:33.673 [main] DEBUG o.s.b.f.s.DefaultListableBeanFactory - Creating shared instance of singleton bean 'org.springframework.boot.autoconfigure.http.HttpMessageConvertersAutoConfiguration$StringHttpMessageConverterConfiguration'
2020-03-09 20:45:33.674 [main] DEBUG o.s.b.f.s.DefaultListableBeanFactory - Creating instance of bean 'org.springframework.boot.autoconfigure.http.HttpMessageConvertersAutoConfiguration$StringHttpMessageConverterConfiguration'
2020-03-09 20:45:33.674 [main] DEBUG o.s.b.f.s.DefaultListableBeanFactory - Returning cached instance of singleton bean 'org.springframework.transaction.config.internalTransactionAdvisor'
2020-03-09 20:45:33.674 [main] DEBUG o.s.c.LocalVariableTableParameterNameDiscoverer - Cannot find '.class' file for class [class org.springframework.boot.autoconfigure.http.HttpMessageConvertersAutoConfiguration$StringHttpMessageConverterConfiguration$$EnhancerBySpringCGLIB$$f89603cf] - unable to determine constructor/method parameter names
2020-03-09 20:45:33.674 [main] DEBUG o.s.b.f.s.DefaultListableBeanFactory - Returning cached instance of singleton bean 'spring.http.encoding-org.springframework.boot.autoconfigure.http.HttpEncodingProperties'
2020-03-09 20:45:33.675 [main] DEBUG o.s.b.f.s.DefaultListableBeanFactory - Autowiring by type from bean name 'org.springframework.boot.autoconfigure.http.HttpMessageConvertersAutoConfiguration$StringHttpMessageConverterConfiguration' via constructor to bean named 'spring.http.encoding-org.springframework.boot.autoconfigure.http.HttpEncodingProperties'
2020-03-09 20:45:33.675 [main] DEBUG o.s.b.f.s.DefaultListableBeanFactory - Eagerly caching bean 'org.springframework.boot.autoconfigure.http.HttpMessageConvertersAutoConfiguration$StringHttpMessageConverterConfiguration' to allow for resolving potential circular references
2020-03-09 20:45:33.682 [main] DEBUG o.s.b.f.s.DefaultListableBeanFactory - Returning cached instance of singleton bean 'org.springframework.transaction.config.internalTransactionAdvisor'
2020-03-09 20:45:33.682 [main] DEBUG o.s.b.f.s.DefaultListableBeanFactory - Returning cached instance of singleton bean 'org.springframework.transaction.config.internalTransactionAdvisor'
2020-03-09 20:45:33.683 [main] DEBUG o.s.b.f.s.DefaultListableBeanFactory - Finished creating instance of bean 'org.springframework.boot.autoconfigure.http.HttpMessageConvertersAutoConfiguration$StringHttpMessageConverterConfiguration'
2020-03-09 20:45:33.686 [main] DEBUG o.s.b.f.s.DefaultListableBeanFactory - Eagerly caching bean 'stringHttpMessageConverter' to allow for resolving potential circular references
2020-03-09 20:45:33.691 [main] DEBUG o.s.b.f.s.DefaultListableBeanFactory - Returning cached instance of singleton bean 'org.springframework.transaction.config.internalTransactionAdvisor'
2020-03-09 20:45:33.691 [main] DEBUG o.s.b.f.s.DefaultListableBeanFactory - Returning cached instance of singleton bean 'org.springframework.transaction.config.internalTransactionAdvisor'
2020-03-09 20:45:33.691 [main] DEBUG o.s.b.f.s.DefaultListableBeanFactory - Finished creating instance of bean 'stringHttpMessageConverter'
2020-03-09 20:45:33.692 [main] DEBUG o.s.b.f.s.DefaultListableBeanFactory - Creating shared instance of singleton bean 'mappingJackson2HttpMessageConverter'
2020-03-09 20:45:33.692 [main] DEBUG o.s.b.f.s.DefaultListableBeanFactory - Creating instance of bean 'mappingJackson2HttpMessageConverter'
2020-03-09 20:45:33.692 [main] DEBUG o.s.b.f.s.DefaultListableBeanFactory - Returning cached instance of singleton bean 'org.springframework.transaction.config.internalTransactionAdvisor'
2020-03-09 20:45:33.692 [main] DEBUG o.s.b.f.s.DefaultListableBeanFactory - Creating shared instance of singleton bean 'org.springframework.boot.autoconfigure.http.JacksonHttpMessageConvertersConfiguration$MappingJackson2HttpMessageConverterConfiguration'
2020-03-09 20:45:33.692 [main] DEBUG o.s.b.f.s.DefaultListableBeanFactory - Creating instance of bean 'org.springframework.boot.autoconfigure.http.JacksonHttpMessageConvertersConfiguration$MappingJackson2HttpMessageConverterConfiguration'
2020-03-09 20:45:33.692 [main] DEBUG o.s.b.f.s.DefaultListableBeanFactory - Returning cached instance of singleton bean 'org.springframework.transaction.config.internalTransactionAdvisor'
2020-03-09 20:45:33.692 [main] DEBUG o.s.b.f.s.DefaultListableBeanFactory - Eagerly caching bean 'org.springframework.boot.autoconfigure.http.JacksonHttpMessageConvertersConfiguration$MappingJackson2HttpMessageConverterConfiguration' to allow for resolving potential circular references
2020-03-09 20:45:33.697 [main] DEBUG o.s.b.f.s.DefaultListableBeanFactory - Returning cached instance of singleton bean 'org.springframework.transaction.config.internalTransactionAdvisor'
2020-03-09 20:45:33.697 [main] DEBUG o.s.b.f.s.DefaultListableBeanFactory - Returning cached instance of singleton bean 'org.springframework.transaction.config.internalTransactionAdvisor'
2020-03-09 20:45:33.697 [main] DEBUG o.s.b.f.s.DefaultListableBeanFactory - Finished creating instance of bean 'org.springframework.boot.autoconfigure.http.JacksonHttpMessageConvertersConfiguration$MappingJackson2HttpMessageConverterConfiguration'
2020-03-09 20:45:33.699 [main] DEBUG o.s.b.f.s.DefaultListableBeanFactory - Creating shared instance of singleton bean 'jacksonObjectMapper'
2020-03-09 20:45:33.700 [main] DEBUG o.s.b.f.s.DefaultListableBeanFactory - Creating instance of bean 'jacksonObjectMapper'
2020-03-09 20:45:33.700 [main] DEBUG o.s.b.f.s.DefaultListableBeanFactory - Returning cached instance of singleton bean 'org.springframework.transaction.config.internalTransactionAdvisor'
2020-03-09 20:45:33.702 [main] DEBUG o.s.b.f.s.DefaultListableBeanFactory - Creating shared instance of singleton bean 'org.springframework.boot.autoconfigure.jackson.JacksonAutoConfiguration$JacksonObjectMapperConfiguration'
2020-03-09 20:45:33.702 [main] DEBUG o.s.b.f.s.DefaultListableBeanFactory - Creating instance of bean 'org.springframework.boot.autoconfigure.jackson.JacksonAutoConfiguration$JacksonObjectMapperConfiguration'
2020-03-09 20:45:33.702 [main] DEBUG o.s.b.f.s.DefaultListableBeanFactory - Returning cached instance of singleton bean 'org.springframework.transaction.config.internalTransactionAdvisor'
2020-03-09 20:45:33.703 [main] DEBUG o.s.b.f.s.DefaultListableBeanFactory - Eagerly caching bean 'org.springframework.boot.autoconfigure.jackson.JacksonAutoConfiguration$JacksonObjectMapperConfiguration' to allow for resolving potential circular references
2020-03-09 20:45:33.709 [main] DEBUG o.s.b.f.s.DefaultListableBeanFactory - Returning cached instance of singleton bean 'org.springframework.transaction.config.internalTransactionAdvisor'
2020-03-09 20:45:33.709 [main] DEBUG o.s.b.f.s.DefaultListableBeanFactory - Returning cached instance of singleton bean 'org.springframework.transaction.config.internalTransactionAdvisor'
2020-03-09 20:45:33.709 [main] DEBUG o.s.b.f.s.DefaultListableBeanFactory - Finished creating instance of bean 'org.springframework.boot.autoconfigure.jackson.JacksonAutoConfiguration$JacksonObjectMapperConfiguration'
2020-03-09 20:45:33.711 [main] DEBUG o.s.b.f.s.DefaultListableBeanFactory - Creating shared instance of singleton bean 'jacksonObjectMapperBuilder'
2020-03-09 20:45:33.711 [main] DEBUG o.s.b.f.s.DefaultListableBeanFactory - Creating instance of bean 'jacksonObjectMapperBuilder'
2020-03-09 20:45:33.712 [main] DEBUG o.s.b.f.s.DefaultListableBeanFactory - Returning cached instance of singleton bean 'org.springframework.transaction.config.internalTransactionAdvisor'
2020-03-09 20:45:33.712 [main] DEBUG o.s.b.f.s.DefaultListableBeanFactory - Creating shared instance of singleton bean 'org.springframework.boot.autoconfigure.jackson.JacksonAutoConfiguration$JacksonObjectMapperBuilderConfiguration'
2020-03-09 20:45:33.712 [main] DEBUG o.s.b.f.s.DefaultListableBeanFactory - Creating instance of bean 'org.springframework.boot.autoconfigure.jackson.JacksonAutoConfiguration$JacksonObjectMapperBuilderConfiguration'
2020-03-09 20:45:33.712 [main] DEBUG o.s.b.f.s.DefaultListableBeanFactory - Returning cached instance of singleton bean 'org.springframework.transaction.config.internalTransactionAdvisor'
2020-03-09 20:45:33.712 [main] DEBUG o.s.c.LocalVariableTableParameterNameDiscoverer - Cannot find '.class' file for class [class org.springframework.boot.autoconfigure.jackson.JacksonAutoConfiguration$JacksonObjectMapperBuilderConfiguration$$EnhancerBySpringCGLIB$$b934b345] - unable to determine constructor/method parameter names
2020-03-09 20:45:33.712 [main] DEBUG o.s.b.f.s.DefaultListableBeanFactory - Autowiring by type from bean name 'org.springframework.boot.autoconfigure.jackson.JacksonAutoConfiguration$JacksonObjectMapperBuilderConfiguration' via constructor to bean named 'org.springframework.web.context.support.GenericWebApplicationContext@21d5c1a0'
2020-03-09 20:45:33.713 [main] DEBUG o.s.b.f.s.DefaultListableBeanFactory - Eagerly caching bean 'org.springframework.boot.autoconfigure.jackson.JacksonAutoConfiguration$JacksonObjectMapperBuilderConfiguration' to allow for resolving potential circular references
2020-03-09 20:45:33.718 [main] DEBUG o.s.b.f.s.DefaultListableBeanFactory - Returning cached instance of singleton bean 'org.springframework.transaction.config.internalTransactionAdvisor'
2020-03-09 20:45:33.718 [main] DEBUG o.s.b.f.s.DefaultListableBeanFactory - Returning cached instance of singleton bean 'org.springframework.transaction.config.internalTransactionAdvisor'
2020-03-09 20:45:33.718 [main] DEBUG o.s.b.f.s.DefaultListableBeanFactory - Finished creating instance of bean 'org.springframework.boot.autoconfigure.jackson.JacksonAutoConfiguration$JacksonObjectMapperBuilderConfiguration'
2020-03-09 20:45:33.722 [main] DEBUG o.s.b.f.s.DefaultListableBeanFactory - Creating shared instance of singleton bean 'standardJacksonObjectMapperBuilderCustomizer'
2020-03-09 20:45:33.722 [main] DEBUG o.s.b.f.s.DefaultListableBeanFactory - Creating instance of bean 'standardJacksonObjectMapperBuilderCustomizer'
2020-03-09 20:45:33.722 [main] DEBUG o.s.b.f.s.DefaultListableBeanFactory - Returning cached instance of singleton bean 'org.springframework.transaction.config.internalTransactionAdvisor'
2020-03-09 20:45:33.722 [main] DEBUG o.s.b.f.s.DefaultListableBeanFactory - Creating shared instance of singleton bean 'org.springframework.boot.autoconfigure.jackson.JacksonAutoConfiguration$Jackson2ObjectMapperBuilderCustomizerConfiguration'
2020-03-09 20:45:33.722 [main] DEBUG o.s.b.f.s.DefaultListableBeanFactory - Creating instance of bean 'org.springframework.boot.autoconfigure.jackson.JacksonAutoConfiguration$Jackson2ObjectMapperBuilderCustomizerConfiguration'
2020-03-09 20:45:33.722 [main] DEBUG o.s.b.f.s.DefaultListableBeanFactory - Returning cached instance of singleton bean 'org.springframework.transaction.config.internalTransactionAdvisor'
2020-03-09 20:45:33.723 [main] DEBUG o.s.b.f.s.DefaultListableBeanFactory - Eagerly caching bean 'org.springframework.boot.autoconfigure.jackson.JacksonAutoConfiguration$Jackson2ObjectMapperBuilderCustomizerConfiguration' to allow for resolving potential circular references
2020-03-09 20:45:33.733 [main] DEBUG o.s.b.f.s.DefaultListableBeanFactory - Returning cached instance of singleton bean 'org.springframework.transaction.config.internalTransactionAdvisor'
2020-03-09 20:45:33.733 [main] DEBUG o.s.b.f.s.DefaultListableBeanFactory - Returning cached instance of singleton bean 'org.springframework.transaction.config.internalTransactionAdvisor'
2020-03-09 20:45:33.734 [main] DEBUG o.s.b.f.s.DefaultListableBeanFactory - Finished creating instance of bean 'org.springframework.boot.autoconfigure.jackson.JacksonAutoConfiguration$Jackson2ObjectMapperBuilderCustomizerConfiguration'
2020-03-09 20:45:33.737 [main] DEBUG o.s.b.f.s.DefaultListableBeanFactory - Creating shared instance of singleton bean 'spring.jackson-org.springframework.boot.autoconfigure.jackson.JacksonProperties'
2020-03-09 20:45:33.737 [main] DEBUG o.s.b.f.s.DefaultListableBeanFactory - Creating instance of bean 'spring.jackson-org.springframework.boot.autoconfigure.jackson.JacksonProperties'
2020-03-09 20:45:33.737 [main] DEBUG o.s.b.f.s.DefaultListableBeanFactory - Returning cached instance of singleton bean 'org.springframework.transaction.config.internalTransactionAdvisor'
2020-03-09 20:45:33.738 [main] DEBUG o.s.b.f.s.DefaultListableBeanFactory - Eagerly caching bean 'spring.jackson-org.springframework.boot.autoconfigure.jackson.JacksonProperties' to allow for resolving potential circular references
2020-03-09 20:45:33.744 [main] DEBUG o.s.b.f.s.DefaultListableBeanFactory - Returning cached instance of singleton bean 'org.springframework.transaction.config.internalTransactionAdvisor'
2020-03-09 20:45:33.744 [main] DEBUG o.s.b.f.s.DefaultListableBeanFactory - Returning cached instance of singleton bean 'org.springframework.transaction.config.internalTransactionAdvisor'
2020-03-09 20:45:33.744 [main] DEBUG o.s.b.f.s.DefaultListableBeanFactory - Finished creating instance of bean 'spring.jackson-org.springframework.boot.autoconfigure.jackson.JacksonProperties'
2020-03-09 20:45:33.745 [main] DEBUG o.s.b.f.s.DefaultListableBeanFactory - Autowiring by type from bean name 'standardJacksonObjectMapperBuilderCustomizer' via factory method to bean named 'org.springframework.web.context.support.GenericWebApplicationContext@21d5c1a0'
2020-03-09 20:45:33.745 [main] DEBUG o.s.b.f.s.DefaultListableBeanFactory - Autowiring by type from bean name 'standardJacksonObjectMapperBuilderCustomizer' via factory method to bean named 'spring.jackson-org.springframework.boot.autoconfigure.jackson.JacksonProperties'
2020-03-09 20:45:33.751 [main] DEBUG o.s.b.f.s.DefaultListableBeanFactory - Eagerly caching bean 'standardJacksonObjectMapperBuilderCustomizer' to allow for resolving potential circular references
2020-03-09 20:45:33.757 [main] DEBUG o.s.b.f.s.DefaultListableBeanFactory - Returning cached instance of singleton bean 'org.springframework.transaction.config.internalTransactionAdvisor'
2020-03-09 20:45:33.757 [main] DEBUG o.s.b.f.s.DefaultListableBeanFactory - Returning cached instance of singleton bean 'org.springframework.transaction.config.internalTransactionAdvisor'
2020-03-09 20:45:33.758 [main] DEBUG o.s.b.f.s.DefaultListableBeanFactory - Finished creating instance of bean 'standardJacksonObjectMapperBuilderCustomizer'
2020-03-09 20:45:33.758 [main] DEBUG o.s.b.f.s.DefaultListableBeanFactory - Autowiring by type from bean name 'jacksonObjectMapperBuilder' via factory method to bean named 'standardJacksonObjectMapperBuilderCustomizer'
2020-03-09 20:45:33.766 [main] DEBUG o.s.b.f.s.DefaultListableBeanFactory - Returning cached instance of singleton bean 'swagger2Module'
2020-03-09 20:45:33.767 [main] DEBUG o.s.b.f.s.DefaultListableBeanFactory - Creating shared instance of singleton bean 'parameterNamesModule'
2020-03-09 20:45:33.767 [main] DEBUG o.s.b.f.s.DefaultListableBeanFactory - Creating instance of bean 'parameterNamesModule'
2020-03-09 20:45:33.767 [main] DEBUG o.s.b.f.s.DefaultListableBeanFactory - Returning cached instance of singleton bean 'org.springframework.transaction.config.internalTransactionAdvisor'
2020-03-09 20:45:33.767 [main] DEBUG o.s.b.f.s.DefaultListableBeanFactory - Creating shared instance of singleton bean 'org.springframework.boot.autoconfigure.jackson.JacksonAutoConfiguration$ParameterNamesModuleConfiguration'
2020-03-09 20:45:33.767 [main] DEBUG o.s.b.f.s.DefaultListableBeanFactory - Creating instance of bean 'org.springframework.boot.autoconfigure.jackson.JacksonAutoConfiguration$ParameterNamesModuleConfiguration'
2020-03-09 20:45:33.767 [main] DEBUG o.s.b.f.s.DefaultListableBeanFactory - Returning cached instance of singleton bean 'org.springframework.transaction.config.internalTransactionAdvisor'
2020-03-09 20:45:33.768 [main] DEBUG o.s.b.f.s.DefaultListableBeanFactory - Eagerly caching bean 'org.springframework.boot.autoconfigure.jackson.JacksonAutoConfiguration$ParameterNamesModuleConfiguration' to allow for resolving potential circular references
2020-03-09 20:45:33.772 [main] DEBUG o.s.b.f.s.DefaultListableBeanFactory - Returning cached instance of singleton bean 'org.springframework.transaction.config.internalTransactionAdvisor'
2020-03-09 20:45:33.773 [main] DEBUG o.s.b.f.s.DefaultListableBeanFactory - Returning cached instance of singleton bean 'org.springframework.transaction.config.internalTransactionAdvisor'
2020-03-09 20:45:33.773 [main] DEBUG o.s.b.f.s.DefaultListableBeanFactory - Finished creating instance of bean 'org.springframework.boot.autoconfigure.jackson.JacksonAutoConfiguration$ParameterNamesModuleConfiguration'
2020-03-09 20:45:33.781 [main] DEBUG o.s.b.f.s.DefaultListableBeanFactory - Eagerly caching bean 'parameterNamesModule' to allow for resolving potential circular references
2020-03-09 20:45:33.787 [main] DEBUG o.s.b.f.s.DefaultListableBeanFactory - Returning cached instance of singleton bean 'org.springframework.transaction.config.internalTransactionAdvisor'
2020-03-09 20:45:33.787 [main] DEBUG o.s.b.f.s.DefaultListableBeanFactory - Returning cached instance of singleton bean 'org.springframework.transaction.config.internalTransactionAdvisor'
2020-03-09 20:45:33.788 [main] DEBUG o.s.b.f.s.DefaultListableBeanFactory - Finished creating instance of bean 'parameterNamesModule'
2020-03-09 20:45:33.788 [main] DEBUG o.s.b.f.s.DefaultListableBeanFactory - Creating shared instance of singleton bean 'jsonComponentModule'
2020-03-09 20:45:33.788 [main] DEBUG o.s.b.f.s.DefaultListableBeanFactory - Creating instance of bean 'jsonComponentModule'
2020-03-09 20:45:33.788 [main] DEBUG o.s.b.f.s.DefaultListableBeanFactory - Returning cached instance of singleton bean 'org.springframework.transaction.config.internalTransactionAdvisor'
2020-03-09 20:45:33.788 [main] DEBUG o.s.b.f.s.DefaultListableBeanFactory - Creating shared instance of singleton bean 'org.springframework.boot.autoconfigure.jackson.JacksonAutoConfiguration'
2020-03-09 20:45:33.788 [main] DEBUG o.s.b.f.s.DefaultListableBeanFactory - Creating instance of bean 'org.springframework.boot.autoconfigure.jackson.JacksonAutoConfiguration'
2020-03-09 20:45:33.788 [main] DEBUG o.s.b.f.s.DefaultListableBeanFactory - Returning cached instance of singleton bean 'org.springframework.transaction.config.internalTransactionAdvisor'
2020-03-09 20:45:33.788 [main] DEBUG o.s.b.f.s.DefaultListableBeanFactory - Eagerly caching bean 'org.springframework.boot.autoconfigure.jackson.JacksonAutoConfiguration' to allow for resolving potential circular references
2020-03-09 20:45:33.795 [main] DEBUG o.s.b.f.s.DefaultListableBeanFactory - Returning cached instance of singleton bean 'org.springframework.transaction.config.internalTransactionAdvisor'
2020-03-09 20:45:33.795 [main] DEBUG o.s.b.f.s.DefaultListableBeanFactory - Returning cached instance of singleton bean 'org.springframework.transaction.config.internalTransactionAdvisor'
2020-03-09 20:45:33.796 [main] DEBUG o.s.b.f.s.DefaultListableBeanFactory - Finished creating instance of bean 'org.springframework.boot.autoconfigure.jackson.JacksonAutoConfiguration'
2020-03-09 20:45:33.800 [main] DEBUG o.s.c.a.CommonAnnotationBeanPostProcessor - Found init method on class [org.springframework.boot.jackson.JsonComponentModule]: public void org.springframework.boot.jackson.JsonComponentModule.registerJsonComponents()
2020-03-09 20:45:33.800 [main] DEBUG o.s.c.a.CommonAnnotationBeanPostProcessor - Registered init method on class [org.springframework.boot.jackson.JsonComponentModule]: org.springframework.beans.factory.annotation.InitDestroyAnnotationBeanPostProcessor$LifecycleElement@65126ba1
2020-03-09 20:45:33.801 [main] DEBUG o.s.b.f.s.DefaultListableBeanFactory - Eagerly caching bean 'jsonComponentModule' to allow for resolving potential circular references
2020-03-09 20:45:33.806 [main] DEBUG o.s.c.a.CommonAnnotationBeanPostProcessor - Invoking init method on bean 'jsonComponentModule': public void org.springframework.boot.jackson.JsonComponentModule.registerJsonComponents()
2020-03-09 20:45:33.817 [main] DEBUG o.s.b.f.s.DefaultListableBeanFactory - Returning cached instance of singleton bean 'org.springframework.transaction.config.internalTransactionAdvisor'
2020-03-09 20:45:33.817 [main] DEBUG o.s.b.f.s.DefaultListableBeanFactory - Returning cached instance of singleton bean 'org.springframework.transaction.config.internalTransactionAdvisor'
2020-03-09 20:45:33.818 [main] DEBUG o.s.b.f.s.DefaultListableBeanFactory - Finished creating instance of bean 'jsonComponentModule'
2020-03-09 20:45:33.818 [main] DEBUG o.s.b.f.s.DefaultListableBeanFactory - Creating shared instance of singleton bean 'jacksonGeoModule'
2020-03-09 20:45:33.818 [main] DEBUG o.s.b.f.s.DefaultListableBeanFactory - Creating instance of bean 'jacksonGeoModule'
2020-03-09 20:45:33.819 [main] DEBUG o.s.b.f.s.DefaultListableBeanFactory - Returning cached instance of singleton bean 'org.springframework.transaction.config.internalTransactionAdvisor'
2020-03-09 20:45:33.819 [main] DEBUG o.s.b.f.s.DefaultListableBeanFactory - Creating shared instance of singleton bean 'org.springframework.data.web.config.SpringDataJacksonConfiguration'
2020-03-09 20:45:33.820 [main] DEBUG o.s.b.f.s.DefaultListableBeanFactory - Creating instance of bean 'org.springframework.data.web.config.SpringDataJacksonConfiguration'
2020-03-09 20:45:33.820 [main] DEBUG o.s.b.f.s.DefaultListableBeanFactory - Returning cached instance of singleton bean 'org.springframework.transaction.config.internalTransactionAdvisor'
2020-03-09 20:45:33.821 [main] DEBUG o.s.b.f.s.DefaultListableBeanFactory - Eagerly caching bean 'org.springframework.data.web.config.SpringDataJacksonConfiguration' to allow for resolving potential circular references
2020-03-09 20:45:33.827 [main] DEBUG o.s.b.f.s.DefaultListableBeanFactory - Returning cached instance of singleton bean 'org.springframework.transaction.config.internalTransactionAdvisor'
2020-03-09 20:45:33.828 [main] DEBUG o.s.b.f.s.DefaultListableBeanFactory - Returning cached instance of singleton bean 'org.springframework.transaction.config.internalTransactionAdvisor'
2020-03-09 20:45:33.829 [main] DEBUG o.s.b.f.s.DefaultListableBeanFactory - Finished creating instance of bean 'org.springframework.data.web.config.SpringDataJacksonConfiguration'
2020-03-09 20:45:33.836 [main] DEBUG o.s.b.f.s.DefaultListableBeanFactory - Eagerly caching bean 'jacksonGeoModule' to allow for resolving potential circular references
2020-03-09 20:45:33.839 [main] DEBUG o.s.b.f.s.DefaultListableBeanFactory - Returning cached instance of singleton bean 'org.springframework.transaction.config.internalTransactionAdvisor'
2020-03-09 20:45:33.840 [main] DEBUG o.s.b.f.s.DefaultListableBeanFactory - Returning cached instance of singleton bean 'org.springframework.transaction.config.internalTransactionAdvisor'
2020-03-09 20:45:33.840 [main] DEBUG o.s.b.f.s.DefaultListableBeanFactory - Finished creating instance of bean 'jacksonGeoModule'
2020-03-09 20:45:33.840 [main] DEBUG o.s.b.f.s.DefaultListableBeanFactory - Creating shared instance of singleton bean 'geoJsonModule'
2020-03-09 20:45:33.840 [main] DEBUG o.s.b.f.s.DefaultListableBeanFactory - Creating instance of bean 'geoJsonModule'
2020-03-09 20:45:33.840 [main] DEBUG o.s.b.f.s.DefaultListableBeanFactory - Returning cached instance of singleton bean 'org.springframework.transaction.config.internalTransactionAdvisor'
2020-03-09 20:45:33.840 [main] DEBUG o.s.b.f.s.DefaultListableBeanFactory - Creating shared instance of singleton bean 'org.springframework.data.mongodb.config.GeoJsonConfiguration'
2020-03-09 20:45:33.840 [main] DEBUG o.s.b.f.s.DefaultListableBeanFactory - Creating instance of bean 'org.springframework.data.mongodb.config.GeoJsonConfiguration'
2020-03-09 20:45:33.840 [main] DEBUG o.s.b.f.s.DefaultListableBeanFactory - Returning cached instance of singleton bean 'org.springframework.transaction.config.internalTransactionAdvisor'
2020-03-09 20:45:33.840 [main] DEBUG o.s.b.f.s.DefaultListableBeanFactory - Eagerly caching bean 'org.springframework.data.mongodb.config.GeoJsonConfiguration' to allow for resolving potential circular references
2020-03-09 20:45:33.843 [main] DEBUG o.s.b.f.s.DefaultListableBeanFactory - Returning cached instance of singleton bean 'org.springframework.transaction.config.internalTransactionAdvisor'
2020-03-09 20:45:33.843 [main] DEBUG o.s.b.f.s.DefaultListableBeanFactory - Returning cached instance of singleton bean 'org.springframework.transaction.config.internalTransactionAdvisor'
2020-03-09 20:45:33.843 [main] DEBUG o.s.b.f.s.DefaultListableBeanFactory - Finished creating instance of bean 'org.springframework.data.mongodb.config.GeoJsonConfiguration'
2020-03-09 20:45:33.851 [main] DEBUG o.s.b.f.s.DefaultListableBeanFactory - Eagerly caching bean 'geoJsonModule' to allow for resolving potential circular references
2020-03-09 20:45:33.857 [main] DEBUG o.s.b.f.s.DefaultListableBeanFactory - Returning cached instance of singleton bean 'org.springframework.transaction.config.internalTransactionAdvisor'
2020-03-09 20:45:33.858 [main] DEBUG o.s.b.f.s.DefaultListableBeanFactory - Returning cached instance of singleton bean 'org.springframework.transaction.config.internalTransactionAdvisor'
2020-03-09 20:45:33.858 [main] DEBUG o.s.b.f.s.DefaultListableBeanFactory - Finished creating instance of bean 'geoJsonModule'
2020-03-09 20:45:33.861 [main] DEBUG o.s.b.f.s.DefaultListableBeanFactory - Eagerly caching bean 'jacksonObjectMapperBuilder' to allow for resolving potential circular references
2020-03-09 20:45:33.864 [main] DEBUG o.s.b.f.s.DefaultListableBeanFactory - Returning cached instance of singleton bean 'org.springframework.transaction.config.internalTransactionAdvisor'
2020-03-09 20:45:33.865 [main] DEBUG o.s.b.f.s.DefaultListableBeanFactory - Returning cached instance of singleton bean 'org.springframework.transaction.config.internalTransactionAdvisor'
2020-03-09 20:45:33.865 [main] DEBUG o.s.b.f.s.DefaultListableBeanFactory - Finished creating instance of bean 'jacksonObjectMapperBuilder'
2020-03-09 20:45:33.865 [main] DEBUG o.s.b.f.s.DefaultListableBeanFactory - Autowiring by type from bean name 'jacksonObjectMapper' via factory method to bean named 'jacksonObjectMapperBuilder'
2020-03-09 20:45:33.888 [main] DEBUG o.s.b.f.s.DefaultListableBeanFactory - Eagerly caching bean 'jacksonObjectMapper' to allow for resolving potential circular references
2020-03-09 20:45:33.897 [main] DEBUG o.s.b.f.s.DefaultListableBeanFactory - Returning cached instance of singleton bean 'org.springframework.transaction.config.internalTransactionAdvisor'
2020-03-09 20:45:33.897 [main] DEBUG o.s.b.f.s.DefaultListableBeanFactory - Returning cached instance of singleton bean 'org.springframework.transaction.config.internalTransactionAdvisor'
2020-03-09 20:45:33.900 [main] DEBUG o.s.b.f.s.DefaultListableBeanFactory - Finished creating instance of bean 'jacksonObjectMapper'
2020-03-09 20:45:33.900 [main] DEBUG o.s.b.f.s.DefaultListableBeanFactory - Autowiring by type from bean name 'mappingJackson2HttpMessageConverter' via factory method to bean named 'jacksonObjectMapper'
2020-03-09 20:45:33.904 [main] DEBUG o.s.b.f.s.DefaultListableBeanFactory - Eagerly caching bean 'mappingJackson2HttpMessageConverter' to allow for resolving potential circular references
2020-03-09 20:45:33.911 [main] DEBUG o.s.b.f.s.DefaultListableBeanFactory - Returning cached instance of singleton bean 'org.springframework.transaction.config.internalTransactionAdvisor'
2020-03-09 20:45:33.911 [main] DEBUG o.s.b.f.s.DefaultListableBeanFactory - Returning cached instance of singleton bean 'org.springframework.transaction.config.internalTransactionAdvisor'
2020-03-09 20:45:33.912 [main] DEBUG o.s.b.f.s.DefaultListableBeanFactory - Finished creating instance of bean 'mappingJackson2HttpMessageConverter'
2020-03-09 20:45:33.912 [main] DEBUG o.s.b.f.s.DefaultListableBeanFactory - Eagerly caching bean 'org.springframework.boot.autoconfigure.http.HttpMessageConvertersAutoConfiguration' to allow for resolving potential circular references
2020-03-09 20:45:33.916 [main] DEBUG o.s.b.f.s.DefaultListableBeanFactory - Returning cached instance of singleton bean 'org.springframework.transaction.config.internalTransactionAdvisor'
2020-03-09 20:45:33.916 [main] DEBUG o.s.b.f.s.DefaultListableBeanFactory - Returning cached instance of singleton bean 'org.springframework.transaction.config.internalTransactionAdvisor'
2020-03-09 20:45:33.917 [main] DEBUG o.s.b.f.s.DefaultListableBeanFactory - Finished creating instance of bean 'org.springframework.boot.autoconfigure.http.HttpMessageConvertersAutoConfiguration'
2020-03-09 20:45:33.927 [main] DEBUG o.s.b.f.s.DefaultListableBeanFactory - Eagerly caching bean 'messageConverters' to allow for resolving potential circular references
2020-03-09 20:45:33.929 [main] DEBUG o.s.b.f.s.DefaultListableBeanFactory - Returning cached instance of singleton bean 'org.springframework.transaction.config.internalTransactionAdvisor'
2020-03-09 20:45:33.929 [main] DEBUG o.s.b.f.s.DefaultListableBeanFactory - Returning cached instance of singleton bean 'org.springframework.transaction.config.internalTransactionAdvisor'
2020-03-09 20:45:33.929 [main] DEBUG o.s.b.f.s.DefaultListableBeanFactory - Finished creating instance of bean 'messageConverters'
2020-03-09 20:45:33.944 [main] DEBUG o.s.b.f.s.DefaultListableBeanFactory - Returning cached instance of singleton bean 'jacksonObjectMapper'
2020-03-09 20:45:34.032 [main] DEBUG o.s.b.f.s.DefaultListableBeanFactory - Returning cached instance of singleton bean 'mvcConversionService'
2020-03-09 20:45:34.033 [main] DEBUG o.s.b.f.s.DefaultListableBeanFactory - Creating shared instance of singleton bean 'mvcValidator'
2020-03-09 20:45:34.033 [main] DEBUG o.s.b.f.s.DefaultListableBeanFactory - Creating instance of bean 'mvcValidator'
2020-03-09 20:45:34.033 [main] DEBUG o.s.b.f.s.DefaultListableBeanFactory - Returning cached instance of singleton bean 'org.springframework.transaction.config.internalTransactionAdvisor'
2020-03-09 20:45:34.033 [main] DEBUG o.s.b.f.s.DefaultListableBeanFactory - Returning cached instance of singleton bean 'org.springframework.boot.autoconfigure.web.servlet.WebMvcAutoConfiguration$EnableWebMvcConfiguration'
2020-03-09 20:45:34.036 [main] DEBUG o.s.b.f.s.DefaultListableBeanFactory - Returning cached instance of singleton bean 'defaultValidator'
2020-03-09 20:45:34.037 [main] DEBUG o.s.b.f.s.DefaultListableBeanFactory - Eagerly caching bean 'mvcValidator' to allow for resolving potential circular references
2020-03-09 20:45:34.040 [main] DEBUG o.s.b.f.s.DefaultListableBeanFactory - Invoking afterPropertiesSet() on bean with name 'mvcValidator'
2020-03-09 20:45:34.040 [main] DEBUG o.s.b.f.s.DefaultListableBeanFactory - Returning cached instance of singleton bean 'org.springframework.transaction.config.internalTransactionAdvisor'
2020-03-09 20:45:34.040 [main] DEBUG o.s.b.f.s.DefaultListableBeanFactory - Returning cached instance of singleton bean 'org.springframework.transaction.config.internalTransactionAdvisor'
2020-03-09 20:45:34.041 [main] DEBUG o.s.b.f.s.DefaultListableBeanFactory - Finished creating instance of bean 'mvcValidator'
2020-03-09 20:45:34.041 [main] DEBUG o.s.b.f.s.DefaultListableBeanFactory - Creating shared instance of singleton bean 'sortResolver'
2020-03-09 20:45:34.041 [main] DEBUG o.s.b.f.s.DefaultListableBeanFactory - Creating instance of bean 'sortResolver'
2020-03-09 20:45:34.041 [main] DEBUG o.s.b.f.s.DefaultListableBeanFactory - Returning cached instance of singleton bean 'org.springframework.transaction.config.internalTransactionAdvisor'
2020-03-09 20:45:34.041 [main] DEBUG o.s.b.f.s.DefaultListableBeanFactory - Returning cached instance of singleton bean 'org.springframework.data.web.config.SpringDataWebConfiguration'
2020-03-09 20:45:34.047 [main] DEBUG o.s.b.f.s.DefaultListableBeanFactory - Eagerly caching bean 'sortResolver' to allow for resolving potential circular references
2020-03-09 20:45:34.049 [main] DEBUG o.s.b.f.s.DefaultListableBeanFactory - Returning cached instance of singleton bean 'org.springframework.transaction.config.internalTransactionAdvisor'
2020-03-09 20:45:34.049 [main] DEBUG o.s.b.f.s.DefaultListableBeanFactory - Returning cached instance of singleton bean 'org.springframework.transaction.config.internalTransactionAdvisor'
2020-03-09 20:45:34.050 [main] DEBUG o.s.b.f.s.DefaultListableBeanFactory - Finished creating instance of bean 'sortResolver'
2020-03-09 20:45:34.050 [main] DEBUG o.s.b.f.s.DefaultListableBeanFactory - Creating shared instance of singleton bean 'pageableResolver'
2020-03-09 20:45:34.050 [main] DEBUG o.s.b.f.s.DefaultListableBeanFactory - Creating instance of bean 'pageableResolver'
2020-03-09 20:45:34.050 [main] DEBUG o.s.b.f.s.DefaultListableBeanFactory - Returning cached instance of singleton bean 'org.springframework.transaction.config.internalTransactionAdvisor'
2020-03-09 20:45:34.050 [main] DEBUG o.s.b.f.s.DefaultListableBeanFactory - Returning cached instance of singleton bean 'org.springframework.data.web.config.SpringDataWebConfiguration'
2020-03-09 20:45:34.051 [main] DEBUG o.s.b.f.s.DefaultListableBeanFactory - Returning cached instance of singleton bean 'sortResolver'
2020-03-09 20:45:34.052 [main] DEBUG o.s.b.f.s.DefaultListableBeanFactory - Eagerly caching bean 'pageableResolver' to allow for resolving potential circular references
2020-03-09 20:45:34.054 [main] DEBUG o.s.b.f.s.DefaultListableBeanFactory - Returning cached instance of singleton bean 'org.springframework.transaction.config.internalTransactionAdvisor'
2020-03-09 20:45:34.054 [main] DEBUG o.s.b.f.s.DefaultListableBeanFactory - Returning cached instance of singleton bean 'org.springframework.transaction.config.internalTransactionAdvisor'
2020-03-09 20:45:34.055 [main] DEBUG o.s.b.f.s.DefaultListableBeanFactory - Finished creating instance of bean 'pageableResolver'
2020-03-09 20:45:34.062 [main] DEBUG o.s.b.f.s.DefaultListableBeanFactory - Eagerly caching bean 'requestMappingHandlerAdapter' to allow for resolving potential circular references
2020-03-09 20:45:34.082 [main] DEBUG o.s.b.f.s.DefaultListableBeanFactory - Returning cached instance of singleton bean 'cachingModelPropertiesProvider'
2020-03-09 20:45:34.082 [main] DEBUG o.s.b.f.s.DefaultListableBeanFactory - Returning cached instance of singleton bean 'objectMapperBeanPropertyNamingStrategy'
2020-03-09 20:45:34.082 [main] DEBUG o.s.b.f.s.DefaultListableBeanFactory - Returning cached instance of singleton bean 'optimized'
2020-03-09 20:45:34.083 [main] DEBUG o.s.b.f.s.DefaultListableBeanFactory - Invoking afterPropertiesSet() on bean with name 'requestMappingHandlerAdapter'
2020-03-09 20:45:34.084 [main] INFO  o.s.w.s.m.m.a.RequestMappingHandlerAdapter - Looking for @ControllerAdvice: org.springframework.web.context.support.GenericWebApplicationContext@21d5c1a0: startup date [Mon Mar 09 20:45:20 CST 2020]; parent: org.springframework.context.annotation.AnnotationConfigApplicationContext@c9d0d6
2020-03-09 20:45:34.125 [main] DEBUG o.s.b.f.s.DefaultListableBeanFactory - Returning cached instance of singleton bean 'org.springframework.transaction.config.internalTransactionAdvisor'
2020-03-09 20:45:34.125 [main] DEBUG o.s.b.f.s.DefaultListableBeanFactory - Returning cached instance of singleton bean 'org.springframework.transaction.config.internalTransactionAdvisor'
2020-03-09 20:45:34.126 [main] DEBUG o.s.b.f.s.DefaultListableBeanFactory - Finished creating instance of bean 'requestMappingHandlerAdapter'
2020-03-09 20:45:34.127 [main] DEBUG o.s.b.f.s.DefaultListableBeanFactory - Returning cached instance of singleton bean 'requestMappingHandlerMapping'
2020-03-09 20:45:34.127 [main] DEBUG o.s.b.f.s.DefaultListableBeanFactory - Returning cached instance of singleton bean 'mvcConversionService'
2020-03-09 20:45:34.127 [main] DEBUG o.s.b.f.s.DefaultListableBeanFactory - Returning cached instance of singleton bean 'mvcValidator'
2020-03-09 20:45:34.127 [main] DEBUG o.s.b.f.s.DefaultListableBeanFactory - Returning cached instance of singleton bean 'mvcContentNegotiationManager'
2020-03-09 20:45:34.127 [main] DEBUG o.s.b.f.s.DefaultListableBeanFactory - Creating shared instance of singleton bean 'mvcPathMatcher'
2020-03-09 20:45:34.127 [main] DEBUG o.s.b.f.s.DefaultListableBeanFactory - Creating instance of bean 'mvcPathMatcher'
2020-03-09 20:45:34.127 [main] DEBUG o.s.b.f.s.DefaultListableBeanFactory - Returning cached instance of singleton bean 'org.springframework.transaction.config.internalTransactionAdvisor'
2020-03-09 20:45:34.127 [main] DEBUG o.s.b.f.s.DefaultListableBeanFactory - Returning cached instance of singleton bean 'org.springframework.boot.autoconfigure.web.servlet.WebMvcAutoConfiguration$EnableWebMvcConfiguration'
2020-03-09 20:45:34.128 [main] DEBUG o.s.b.f.s.DefaultListableBeanFactory - Eagerly caching bean 'mvcPathMatcher' to allow for resolving potential circular references
2020-03-09 20:45:34.134 [main] DEBUG o.s.b.f.s.DefaultListableBeanFactory - Returning cached instance of singleton bean 'org.springframework.transaction.config.internalTransactionAdvisor'
2020-03-09 20:45:34.134 [main] DEBUG o.s.b.f.s.DefaultListableBeanFactory - Returning cached instance of singleton bean 'org.springframework.transaction.config.internalTransactionAdvisor'
2020-03-09 20:45:34.136 [main] DEBUG o.s.b.f.s.DefaultListableBeanFactory - Finished creating instance of bean 'mvcPathMatcher'
2020-03-09 20:45:34.136 [main] DEBUG o.s.b.f.s.DefaultListableBeanFactory - Creating shared instance of singleton bean 'mvcUrlPathHelper'
2020-03-09 20:45:34.136 [main] DEBUG o.s.b.f.s.DefaultListableBeanFactory - Creating instance of bean 'mvcUrlPathHelper'
2020-03-09 20:45:34.136 [main] DEBUG o.s.b.f.s.DefaultListableBeanFactory - Returning cached instance of singleton bean 'org.springframework.transaction.config.internalTransactionAdvisor'
2020-03-09 20:45:34.137 [main] DEBUG o.s.b.f.s.DefaultListableBeanFactory - Returning cached instance of singleton bean 'org.springframework.boot.autoconfigure.web.servlet.WebMvcAutoConfiguration$EnableWebMvcConfiguration'
2020-03-09 20:45:34.139 [main] DEBUG o.s.b.f.s.DefaultListableBeanFactory - Eagerly caching bean 'mvcUrlPathHelper' to allow for resolving potential circular references
2020-03-09 20:45:34.142 [main] DEBUG o.s.b.f.s.DefaultListableBeanFactory - Returning cached instance of singleton bean 'org.springframework.transaction.config.internalTransactionAdvisor'
2020-03-09 20:45:34.142 [main] DEBUG o.s.b.f.s.DefaultListableBeanFactory - Returning cached instance of singleton bean 'org.springframework.transaction.config.internalTransactionAdvisor'
2020-03-09 20:45:34.142 [main] DEBUG o.s.b.f.s.DefaultListableBeanFactory - Finished creating instance of bean 'mvcUrlPathHelper'
2020-03-09 20:45:34.142 [main] DEBUG o.s.b.f.s.DefaultListableBeanFactory - Creating shared instance of singleton bean 'viewControllerHandlerMapping'
2020-03-09 20:45:34.142 [main] DEBUG o.s.b.f.s.DefaultListableBeanFactory - Creating instance of bean 'viewControllerHandlerMapping'
2020-03-09 20:45:34.142 [main] DEBUG o.s.b.f.s.DefaultListableBeanFactory - Returning cached instance of singleton bean 'org.springframework.transaction.config.internalTransactionAdvisor'
2020-03-09 20:45:34.142 [main] DEBUG o.s.b.f.s.DefaultListableBeanFactory - Returning cached instance of singleton bean 'org.springframework.boot.autoconfigure.web.servlet.WebMvcAutoConfiguration$EnableWebMvcConfiguration'
2020-03-09 20:45:34.148 [main] DEBUG o.s.b.f.s.DefaultListableBeanFactory - Returning cached instance of singleton bean 'mvcPathMatcher'
2020-03-09 20:45:34.148 [main] DEBUG o.s.b.f.s.DefaultListableBeanFactory - Returning cached instance of singleton bean 'mvcUrlPathHelper'
2020-03-09 20:45:34.149 [main] DEBUG o.s.b.f.s.DefaultListableBeanFactory - Eagerly caching bean 'viewControllerHandlerMapping' to allow for resolving potential circular references
2020-03-09 20:45:34.160 [main] DEBUG o.s.b.f.s.DefaultListableBeanFactory - Returning cached instance of singleton bean 'org.springframework.transaction.config.internalTransactionAdvisor'
2020-03-09 20:45:34.160 [main] DEBUG o.s.b.f.s.DefaultListableBeanFactory - Returning cached instance of singleton bean 'org.springframework.transaction.config.internalTransactionAdvisor'
2020-03-09 20:45:34.161 [main] DEBUG o.s.b.f.s.DefaultListableBeanFactory - Finished creating instance of bean 'viewControllerHandlerMapping'
2020-03-09 20:45:34.163 [main] DEBUG o.s.b.f.s.DefaultListableBeanFactory - Creating shared instance of singleton bean 'beanNameHandlerMapping'
2020-03-09 20:45:34.163 [main] DEBUG o.s.b.f.s.DefaultListableBeanFactory - Creating instance of bean 'beanNameHandlerMapping'
2020-03-09 20:45:34.164 [main] DEBUG o.s.b.f.s.DefaultListableBeanFactory - Returning cached instance of singleton bean 'org.springframework.transaction.config.internalTransactionAdvisor'
2020-03-09 20:45:34.164 [main] DEBUG o.s.b.f.s.DefaultListableBeanFactory - Returning cached instance of singleton bean 'org.springframework.boot.autoconfigure.web.servlet.WebMvcAutoConfiguration$EnableWebMvcConfiguration'
2020-03-09 20:45:34.166 [main] DEBUG o.s.b.f.s.DefaultListableBeanFactory - Eagerly caching bean 'beanNameHandlerMapping' to allow for resolving potential circular references
2020-03-09 20:45:34.183 [main] DEBUG o.s.w.s.h.BeanNameUrlHandlerMapping - Looking for URL mappings in application context: org.springframework.web.context.support.GenericWebApplicationContext@21d5c1a0: startup date [Mon Mar 09 20:45:20 CST 2020]; parent: org.springframework.context.annotation.AnnotationConfigApplicationContext@c9d0d6
2020-03-09 20:45:34.183 [main] DEBUG o.s.w.s.h.BeanNameUrlHandlerMapping - Rejected bean name 'org.springframework.boot.test.mock.mockito.MockitoPostProcessor$SpyPostProcessor': no URL paths identified
2020-03-09 20:45:34.183 [main] DEBUG o.s.w.s.h.BeanNameUrlHandlerMapping - Rejected bean name 'org.springframework.boot.test.mock.mockito.MockitoPostProcessor': no URL paths identified
2020-03-09 20:45:34.183 [main] DEBUG o.s.w.s.h.BeanNameUrlHandlerMapping - Rejected bean name 'org.springframework.context.annotation.internalConfigurationAnnotationProcessor': no URL paths identified
2020-03-09 20:45:34.183 [main] DEBUG o.s.w.s.h.BeanNameUrlHandlerMapping - Rejected bean name 'org.springframework.context.annotation.internalAutowiredAnnotationProcessor': no URL paths identified
2020-03-09 20:45:34.183 [main] DEBUG o.s.w.s.h.BeanNameUrlHandlerMapping - Rejected bean name 'org.springframework.context.annotation.internalRequiredAnnotationProcessor': no URL paths identified
2020-03-09 20:45:34.183 [main] DEBUG o.s.w.s.h.BeanNameUrlHandlerMapping - Rejected bean name 'org.springframework.context.annotation.internalCommonAnnotationProcessor': no URL paths identified
2020-03-09 20:45:34.183 [main] DEBUG o.s.w.s.h.BeanNameUrlHandlerMapping - Rejected bean name 'org.springframework.context.annotation.internalPersistenceAnnotationProcessor': no URL paths identified
2020-03-09 20:45:34.183 [main] DEBUG o.s.w.s.h.BeanNameUrlHandlerMapping - Rejected bean name 'org.springframework.context.event.internalEventListenerProcessor': no URL paths identified
2020-03-09 20:45:34.183 [main] DEBUG o.s.w.s.h.BeanNameUrlHandlerMapping - Rejected bean name 'org.springframework.context.event.internalEventListenerFactory': no URL paths identified
2020-03-09 20:45:34.183 [main] DEBUG o.s.w.s.h.BeanNameUrlHandlerMapping - Rejected bean name 'manageCourseApplication': no URL paths identified
2020-03-09 20:45:34.183 [main] DEBUG o.s.w.s.h.BeanNameUrlHandlerMapping - Rejected bean name 'org.springframework.boot.autoconfigure.internalCachingMetadataReaderFactory': no URL paths identified
2020-03-09 20:45:34.183 [main] DEBUG o.s.w.s.h.BeanNameUrlHandlerMapping - Rejected bean name 'courseController': no URL paths identified
2020-03-09 20:45:34.183 [main] DEBUG o.s.w.s.h.BeanNameUrlHandlerMapping - Rejected bean name 'sysDicthinaryController': no URL paths identified
2020-03-09 20:45:34.183 [main] DEBUG o.s.w.s.h.BeanNameUrlHandlerMapping - Rejected bean name 'courseService': no URL paths identified
2020-03-09 20:45:34.183 [main] DEBUG o.s.w.s.h.BeanNameUrlHandlerMapping - Rejected bean name 'sysDicthinaryService': no URL paths identified
2020-03-09 20:45:34.183 [main] DEBUG o.s.w.s.h.BeanNameUrlHandlerMapping - Rejected bean name 'swagger2Configuration': no URL paths identified
2020-03-09 20:45:34.183 [main] DEBUG o.s.w.s.h.BeanNameUrlHandlerMapping - Rejected bean name 'licenseMapperImpl': no URL paths identified
2020-03-09 20:45:34.183 [main] DEBUG o.s.w.s.h.BeanNameUrlHandlerMapping - Rejected bean name 'modelMapperImpl': no URL paths identified
2020-03-09 20:45:34.183 [main] DEBUG o.s.w.s.h.BeanNameUrlHandlerMapping - Rejected bean name 'parameterMapperImpl': no URL paths identified
2020-03-09 20:45:34.184 [main] DEBUG o.s.w.s.h.BeanNameUrlHandlerMapping - Rejected bean name 'securityMapperImpl': no URL paths identified
2020-03-09 20:45:34.184 [main] DEBUG o.s.w.s.h.BeanNameUrlHandlerMapping - Rejected bean name 'serviceModelToSwagger2MapperImpl': no URL paths identified
2020-03-09 20:45:34.184 [main] DEBUG o.s.w.s.h.BeanNameUrlHandlerMapping - Rejected bean name 'vendorExtensionsMapperImpl': no URL paths identified
2020-03-09 20:45:34.184 [main] DEBUG o.s.w.s.h.BeanNameUrlHandlerMapping - Rejected bean name 'apiDescriptionLookup': no URL paths identified
2020-03-09 20:45:34.184 [main] DEBUG o.s.w.s.h.BeanNameUrlHandlerMapping - Rejected bean name 'apiDescriptionReader': no URL paths identified
2020-03-09 20:45:34.184 [main] DEBUG o.s.w.s.h.BeanNameUrlHandlerMapping - Rejected bean name 'apiDocumentationScanner': no URL paths identified
2020-03-09 20:45:34.184 [main] DEBUG o.s.w.s.h.BeanNameUrlHandlerMapping - Rejected bean name 'apiListingReader': no URL paths identified
2020-03-09 20:45:34.184 [main] DEBUG o.s.w.s.h.BeanNameUrlHandlerMapping - Rejected bean name 'apiListingReferenceScanner': no URL paths identified
2020-03-09 20:45:34.184 [main] DEBUG o.s.w.s.h.BeanNameUrlHandlerMapping - Rejected bean name 'apiListingScanner': no URL paths identified
2020-03-09 20:45:34.184 [main] DEBUG o.s.w.s.h.BeanNameUrlHandlerMapping - Rejected bean name 'apiModelReader': no URL paths identified
2020-03-09 20:45:34.184 [main] DEBUG o.s.w.s.h.BeanNameUrlHandlerMapping - Rejected bean name 'cachingOperationReader': no URL paths identified
2020-03-09 20:45:34.184 [main] DEBUG o.s.w.s.h.BeanNameUrlHandlerMapping - Rejected bean name 'mediaTypeReader': no URL paths identified
2020-03-09 20:45:34.184 [main] DEBUG o.s.w.s.h.BeanNameUrlHandlerMapping - Rejected bean name 'apiOperationReader': no URL paths identified
2020-03-09 20:45:34.184 [main] DEBUG o.s.w.s.h.BeanNameUrlHandlerMapping - Rejected bean name 'cachingOperationNameGenerator': no URL paths identified
2020-03-09 20:45:34.184 [main] DEBUG o.s.w.s.h.BeanNameUrlHandlerMapping - Rejected bean name 'defaultOperationReader': no URL paths identified
2020-03-09 20:45:34.184 [main] DEBUG o.s.w.s.h.BeanNameUrlHandlerMapping - Rejected bean name 'defaultTagsProvider': no URL paths identified
2020-03-09 20:45:34.184 [main] DEBUG o.s.w.s.h.BeanNameUrlHandlerMapping - Rejected bean name 'operationDeprecatedReader': no URL paths identified
2020-03-09 20:45:34.184 [main] DEBUG o.s.w.s.h.BeanNameUrlHandlerMapping - Rejected bean name 'operationModelsProvider': no URL paths identified
2020-03-09 20:45:34.184 [main] DEBUG o.s.w.s.h.BeanNameUrlHandlerMapping - Rejected bean name 'operationParameterHeadersConditionReader': no URL paths identified
2020-03-09 20:45:34.184 [main] DEBUG o.s.w.s.h.BeanNameUrlHandlerMapping - Rejected bean name 'operationParameterReader': no URL paths identified
2020-03-09 20:45:34.184 [main] DEBUG o.s.w.s.h.BeanNameUrlHandlerMapping - Rejected bean name 'operationParameterRequestConditionReader': no URL paths identified
2020-03-09 20:45:34.184 [main] DEBUG o.s.w.s.h.BeanNameUrlHandlerMapping - Rejected bean name 'operationResponseClassReader': no URL paths identified
2020-03-09 20:45:34.184 [main] DEBUG o.s.w.s.h.BeanNameUrlHandlerMapping - Rejected bean name 'operationTagsReader': no URL paths identified
2020-03-09 20:45:34.184 [main] DEBUG o.s.w.s.h.BeanNameUrlHandlerMapping - Rejected bean name 'responseMessagesReader': no URL paths identified
2020-03-09 20:45:34.184 [main] DEBUG o.s.w.s.h.BeanNameUrlHandlerMapping - Rejected bean name 'expandedParameterBuilder': no URL paths identified
2020-03-09 20:45:34.184 [main] DEBUG o.s.w.s.h.BeanNameUrlHandlerMapping - Rejected bean name 'modelAttributeParameterExpander': no URL paths identified
2020-03-09 20:45:34.184 [main] DEBUG o.s.w.s.h.BeanNameUrlHandlerMapping - Rejected bean name 'parameterDataTypeReader': no URL paths identified
2020-03-09 20:45:34.184 [main] DEBUG o.s.w.s.h.BeanNameUrlHandlerMapping - Rejected bean name 'parameterDefaultReader': no URL paths identified
2020-03-09 20:45:34.184 [main] DEBUG o.s.w.s.h.BeanNameUrlHandlerMapping - Rejected bean name 'parameterMultiplesReader': no URL paths identified
2020-03-09 20:45:34.184 [main] DEBUG o.s.w.s.h.BeanNameUrlHandlerMapping - Rejected bean name 'parameterNameReader': no URL paths identified
2020-03-09 20:45:34.184 [main] DEBUG o.s.w.s.h.BeanNameUrlHandlerMapping - Rejected bean name 'parameterRequiredReader': no URL paths identified
2020-03-09 20:45:34.184 [main] DEBUG o.s.w.s.h.BeanNameUrlHandlerMapping - Rejected bean name 'parameterTypeReader': no URL paths identified
2020-03-09 20:45:34.184 [main] DEBUG o.s.w.s.h.BeanNameUrlHandlerMapping - Rejected bean name 'documentationPluginsBootstrapper': no URL paths identified
2020-03-09 20:45:34.184 [main] DEBUG o.s.w.s.h.BeanNameUrlHandlerMapping - Rejected bean name 'documentationPluginsManager': no URL paths identified
2020-03-09 20:45:34.184 [main] DEBUG o.s.w.s.h.BeanNameUrlHandlerMapping - Rejected bean name 'webMvcRequestHandlerProvider': no URL paths identified
2020-03-09 20:45:34.185 [main] DEBUG o.s.w.s.h.BeanNameUrlHandlerMapping - Rejected bean name 'operationPathDecorator': no URL paths identified
2020-03-09 20:45:34.185 [main] DEBUG o.s.w.s.h.BeanNameUrlHandlerMapping - Rejected bean name 'pathMappingDecorator': no URL paths identified
2020-03-09 20:45:34.185 [main] DEBUG o.s.w.s.h.BeanNameUrlHandlerMapping - Rejected bean name 'pathSanitizer': no URL paths identified
2020-03-09 20:45:34.185 [main] DEBUG o.s.w.s.h.BeanNameUrlHandlerMapping - Rejected bean name 'queryStringUriTemplateDecorator': no URL paths identified
2020-03-09 20:45:34.185 [main] DEBUG o.s.w.s.h.BeanNameUrlHandlerMapping - Rejected bean name 'cachingModelDependencyProvider': no URL paths identified
2020-03-09 20:45:34.185 [main] DEBUG o.s.w.s.h.BeanNameUrlHandlerMapping - Rejected bean name 'cachingModelProvider': no URL paths identified
2020-03-09 20:45:34.185 [main] DEBUG o.s.w.s.h.BeanNameUrlHandlerMapping - Rejected bean name 'defaultModelDependencyProvider': no URL paths identified
2020-03-09 20:45:34.185 [main] DEBUG o.s.w.s.h.BeanNameUrlHandlerMapping - Rejected bean name 'defaultModelProvider': no URL paths identified
2020-03-09 20:45:34.185 [main] DEBUG o.s.w.s.h.BeanNameUrlHandlerMapping - Rejected bean name 'schemaPluginsManager': no URL paths identified
2020-03-09 20:45:34.185 [main] DEBUG o.s.w.s.h.BeanNameUrlHandlerMapping - Rejected bean name 'accessorsProvider': no URL paths identified
2020-03-09 20:45:34.185 [main] DEBUG o.s.w.s.h.BeanNameUrlHandlerMapping - Rejected bean name 'cachingModelPropertiesProvider': no URL paths identified
2020-03-09 20:45:34.185 [main] DEBUG o.s.w.s.h.BeanNameUrlHandlerMapping - Rejected bean name 'factoryMethodProvider': no URL paths identified
2020-03-09 20:45:34.185 [main] DEBUG o.s.w.s.h.BeanNameUrlHandlerMapping - Rejected bean name 'fieldProvider': no URL paths identified
2020-03-09 20:45:34.185 [main] DEBUG o.s.w.s.h.BeanNameUrlHandlerMapping - Rejected bean name 'objectMapperBeanPropertyNamingStrategy': no URL paths identified
2020-03-09 20:45:34.185 [main] DEBUG o.s.w.s.h.BeanNameUrlHandlerMapping - Rejected bean name 'optimized': no URL paths identified
2020-03-09 20:45:34.185 [main] DEBUG o.s.w.s.h.BeanNameUrlHandlerMapping - Rejected bean name 'typeNameExtractor': no URL paths identified
2020-03-09 20:45:34.185 [main] DEBUG o.s.w.s.h.BeanNameUrlHandlerMapping - Rejected bean name 'apiModelBuilder': no URL paths identified
2020-03-09 20:45:34.185 [main] DEBUG o.s.w.s.h.BeanNameUrlHandlerMapping - Rejected bean name 'apiModelPropertyPropertyBuilder': no URL paths identified
2020-03-09 20:45:34.185 [main] DEBUG o.s.w.s.h.BeanNameUrlHandlerMapping - Rejected bean name 'apiModelTypeNameProvider': no URL paths identified
2020-03-09 20:45:34.185 [main] DEBUG o.s.w.s.h.BeanNameUrlHandlerMapping - Rejected bean name 'operationAuthReader': no URL paths identified
2020-03-09 20:45:34.185 [main] DEBUG o.s.w.s.h.BeanNameUrlHandlerMapping - Rejected bean name 'operationHiddenReader': no URL paths identified
2020-03-09 20:45:34.185 [main] DEBUG o.s.w.s.h.BeanNameUrlHandlerMapping - Rejected bean name 'operationHttpMethodReader': no URL paths identified
2020-03-09 20:45:34.185 [main] DEBUG o.s.w.s.h.BeanNameUrlHandlerMapping - Rejected bean name 'operationImplicitParameterReader': no URL paths identified
2020-03-09 20:45:34.185 [main] DEBUG o.s.w.s.h.BeanNameUrlHandlerMapping - Rejected bean name 'operationImplicitParametersReader': no URL paths identified
2020-03-09 20:45:34.185 [main] DEBUG o.s.w.s.h.BeanNameUrlHandlerMapping - Rejected bean name 'operationNicknameIntoUniqueIdReader': no URL paths identified
2020-03-09 20:45:34.185 [main] DEBUG o.s.w.s.h.BeanNameUrlHandlerMapping - Rejected bean name 'operationNotesReader': no URL paths identified
2020-03-09 20:45:34.185 [main] DEBUG o.s.w.s.h.BeanNameUrlHandlerMapping - Rejected bean name 'operationPositionReader': no URL paths identified
2020-03-09 20:45:34.185 [main] DEBUG o.s.w.s.h.BeanNameUrlHandlerMapping - Rejected bean name 'operationSummaryReader': no URL paths identified
2020-03-09 20:45:34.186 [main] DEBUG o.s.w.s.h.BeanNameUrlHandlerMapping - Rejected bean name 'swaggerMediaTypeReader': no URL paths identified
2020-03-09 20:45:34.186 [main] DEBUG o.s.w.s.h.BeanNameUrlHandlerMapping - Rejected bean name 'swaggerOperationModelsProvider': no URL paths identified
2020-03-09 20:45:34.186 [main] DEBUG o.s.w.s.h.BeanNameUrlHandlerMapping - Rejected bean name 'swaggerOperationResponseClassReader': no URL paths identified
2020-03-09 20:45:34.186 [main] DEBUG o.s.w.s.h.BeanNameUrlHandlerMapping - Rejected bean name 'swaggerOperationTagsReader': no URL paths identified
2020-03-09 20:45:34.186 [main] DEBUG o.s.w.s.h.BeanNameUrlHandlerMapping - Rejected bean name 'swaggerResponseMessageReader': no URL paths identified
2020-03-09 20:45:34.186 [main] DEBUG o.s.w.s.h.BeanNameUrlHandlerMapping - Rejected bean name 'vendorExtensionsReader': no URL paths identified
2020-03-09 20:45:34.186 [main] DEBUG o.s.w.s.h.BeanNameUrlHandlerMapping - Rejected bean name 'swaggerParameterDescriptionReader': no URL paths identified
2020-03-09 20:45:34.186 [main] DEBUG o.s.w.s.h.BeanNameUrlHandlerMapping - Rejected bean name 'swaggerExpandedParameterBuilder': no URL paths identified
2020-03-09 20:45:34.186 [main] DEBUG o.s.w.s.h.BeanNameUrlHandlerMapping - Rejected bean name 'apiResourceController': no URL paths identified
2020-03-09 20:45:34.186 [main] DEBUG o.s.w.s.h.BeanNameUrlHandlerMapping - Rejected bean name 'classOrApiAnnotationResourceGrouping': no URL paths identified
2020-03-09 20:45:34.186 [main] DEBUG o.s.w.s.h.BeanNameUrlHandlerMapping - Rejected bean name 'inMemorySwaggerResourcesProvider': no URL paths identified
2020-03-09 20:45:34.186 [main] DEBUG o.s.w.s.h.BeanNameUrlHandlerMapping - Rejected bean name 'swaggerApiListingReader': no URL paths identified
2020-03-09 20:45:34.186 [main] DEBUG o.s.w.s.h.BeanNameUrlHandlerMapping - Rejected bean name 'exceptionCatch': no URL paths identified
2020-03-09 20:45:34.186 [main] DEBUG o.s.w.s.h.BeanNameUrlHandlerMapping - Rejected bean name 'springfox.documentation.schema.configuration.ModelsConfiguration': no URL paths identified
2020-03-09 20:45:34.186 [main] DEBUG o.s.w.s.h.BeanNameUrlHandlerMapping - Rejected bean name 'typeResolver': no URL paths identified
2020-03-09 20:45:34.186 [main] DEBUG o.s.w.s.h.BeanNameUrlHandlerMapping - Rejected bean name 'modelBuilderPluginRegistry': no URL paths identified
2020-03-09 20:45:34.186 [main] DEBUG o.s.w.s.h.BeanNameUrlHandlerMapping - Rejected bean name 'modelPropertyBuilderPluginRegistry': no URL paths identified
2020-03-09 20:45:34.186 [main] DEBUG o.s.w.s.h.BeanNameUrlHandlerMapping - Rejected bean name 'typeNameProviderPluginRegistry': no URL paths identified
2020-03-09 20:45:34.186 [main] DEBUG o.s.w.s.h.BeanNameUrlHandlerMapping - Rejected bean name 'springfox.documentation.spring.web.SpringfoxWebMvcConfiguration': no URL paths identified
2020-03-09 20:45:34.186 [main] DEBUG o.s.w.s.h.BeanNameUrlHandlerMapping - Rejected bean name 'defaults': no URL paths identified
2020-03-09 20:45:34.186 [main] DEBUG o.s.w.s.h.BeanNameUrlHandlerMapping - Rejected bean name 'resourceGroupCache': no URL paths identified
2020-03-09 20:45:34.186 [main] DEBUG o.s.w.s.h.BeanNameUrlHandlerMapping - Rejected bean name 'objectMapperConfigurer': no URL paths identified
2020-03-09 20:45:34.186 [main] DEBUG o.s.w.s.h.BeanNameUrlHandlerMapping - Rejected bean name 'jsonSerializer': no URL paths identified
2020-03-09 20:45:34.186 [main] DEBUG o.s.w.s.h.BeanNameUrlHandlerMapping - Rejected bean name 'descriptionResolver': no URL paths identified
2020-03-09 20:45:34.186 [main] DEBUG o.s.w.s.h.BeanNameUrlHandlerMapping - Rejected bean name 'documentationPluginRegistry': no URL paths identified
2020-03-09 20:45:34.186 [main] DEBUG o.s.w.s.h.BeanNameUrlHandlerMapping - Rejected bean name 'apiListingBuilderPluginRegistry': no URL paths identified
2020-03-09 20:45:34.186 [main] DEBUG o.s.w.s.h.BeanNameUrlHandlerMapping - Rejected bean name 'operationBuilderPluginRegistry': no URL paths identified
2020-03-09 20:45:34.186 [main] DEBUG o.s.w.s.h.BeanNameUrlHandlerMapping - Rejected bean name 'parameterBuilderPluginRegistry': no URL paths identified
2020-03-09 20:45:34.186 [main] DEBUG o.s.w.s.h.BeanNameUrlHandlerMapping - Rejected bean name 'expandedParameterBuilderPluginRegistry': no URL paths identified
2020-03-09 20:45:34.186 [main] DEBUG o.s.w.s.h.BeanNameUrlHandlerMapping - Rejected bean name 'resourceGroupingStrategyRegistry': no URL paths identified
2020-03-09 20:45:34.186 [main] DEBUG o.s.w.s.h.BeanNameUrlHandlerMapping - Rejected bean name 'operationModelsProviderPluginRegistry': no URL paths identified
2020-03-09 20:45:34.186 [main] DEBUG o.s.w.s.h.BeanNameUrlHandlerMapping - Rejected bean name 'defaultsProviderPluginRegistry': no URL paths identified
2020-03-09 20:45:34.186 [main] DEBUG o.s.w.s.h.BeanNameUrlHandlerMapping - Rejected bean name 'pathDecoratorRegistry': no URL paths identified
2020-03-09 20:45:34.186 [main] DEBUG o.s.w.s.h.BeanNameUrlHandlerMapping - Rejected bean name 'apiListingScannerPluginRegistry': no URL paths identified
2020-03-09 20:45:34.186 [main] DEBUG o.s.w.s.h.BeanNameUrlHandlerMapping - Rejected bean name 'springfox.documentation.swagger.configuration.SwaggerCommonConfiguration': no URL paths identified
2020-03-09 20:45:34.186 [main] DEBUG o.s.w.s.h.BeanNameUrlHandlerMapping - Rejected bean name 'springfox.documentation.swagger2.configuration.Swagger2DocumentationConfiguration': no URL paths identified
2020-03-09 20:45:34.186 [main] DEBUG o.s.w.s.h.BeanNameUrlHandlerMapping - Rejected bean name 'swagger2Module': no URL paths identified
2020-03-09 20:45:34.186 [main] DEBUG o.s.w.s.h.BeanNameUrlHandlerMapping - Rejected bean name 'swagger2ControllerMapping': no URL paths identified
2020-03-09 20:45:34.186 [main] DEBUG o.s.w.s.h.BeanNameUrlHandlerMapping - Rejected bean name 'createRestApi': no URL paths identified
2020-03-09 20:45:34.186 [main] DEBUG o.s.w.s.h.BeanNameUrlHandlerMapping - Rejected bean name 'restTemplate': no URL paths identified
2020-03-09 20:45:34.186 [main] DEBUG o.s.w.s.h.BeanNameUrlHandlerMapping - Rejected bean name 'org.springframework.boot.autoconfigure.AutoConfigurationPackages': no URL paths identified
2020-03-09 20:45:34.186 [main] DEBUG o.s.w.s.h.BeanNameUrlHandlerMapping - Rejected bean name 'default.com.ningmeng.manage_course.ManageCourseApplication.FeignClientSpecification': no URL paths identified
2020-03-09 20:45:34.186 [main] DEBUG o.s.w.s.h.BeanNameUrlHandlerMapping - Rejected bean name 'nm-service-manage-cms.FeignClientSpecification': no URL paths identified
2020-03-09 20:45:34.186 [main] DEBUG o.s.w.s.h.BeanNameUrlHandlerMapping - Rejected bean name 'com.ningmeng.manage_course.client.CmsPageClient': no URL paths identified
2020-03-09 20:45:34.187 [main] DEBUG o.s.w.s.h.BeanNameUrlHandlerMapping - Rejected bean name 'org.springframework.boot.autoconfigure.domain.EntityScanPackages': no URL paths identified
2020-03-09 20:45:34.187 [main] DEBUG o.s.w.s.h.BeanNameUrlHandlerMapping - Rejected bean name 'org.springframework.boot.autoconfigure.context.PropertyPlaceholderAutoConfiguration': no URL paths identified
2020-03-09 20:45:34.187 [main] DEBUG o.s.w.s.h.BeanNameUrlHandlerMapping - Rejected bean name 'org.springframework.boot.autoconfigure.condition.BeanTypeRegistry': no URL paths identified
2020-03-09 20:45:34.187 [main] DEBUG o.s.w.s.h.BeanNameUrlHandlerMapping - Rejected bean name 'propertySourcesPlaceholderConfigurer': no URL paths identified
2020-03-09 20:45:34.187 [main] DEBUG o.s.w.s.h.BeanNameUrlHandlerMapping - Rejected bean name 'org.springframework.boot.autoconfigure.websocket.servlet.WebSocketServletAutoConfiguration$TomcatWebSocketConfiguration': no URL paths identified
2020-03-09 20:45:34.187 [main] DEBUG o.s.w.s.h.BeanNameUrlHandlerMapping - Rejected bean name 'websocketContainerCustomizer': no URL paths identified
2020-03-09 20:45:34.187 [main] DEBUG o.s.w.s.h.BeanNameUrlHandlerMapping - Rejected bean name 'org.springframework.boot.autoconfigure.websocket.servlet.WebSocketServletAutoConfiguration': no URL paths identified
2020-03-09 20:45:34.187 [main] DEBUG o.s.w.s.h.BeanNameUrlHandlerMapping - Rejected bean name 'org.springframework.boot.autoconfigure.web.servlet.ServletWebServerFactoryConfiguration$EmbeddedTomcat': no URL paths identified
2020-03-09 20:45:34.187 [main] DEBUG o.s.w.s.h.BeanNameUrlHandlerMapping - Rejected bean name 'tomcatServletWebServerFactory': no URL paths identified
2020-03-09 20:45:34.187 [main] DEBUG o.s.w.s.h.BeanNameUrlHandlerMapping - Rejected bean name 'org.springframework.boot.autoconfigure.web.servlet.ServletWebServerFactoryAutoConfiguration': no URL paths identified
2020-03-09 20:45:34.187 [main] DEBUG o.s.w.s.h.BeanNameUrlHandlerMapping - Rejected bean name 'servletWebServerFactoryCustomizer': no URL paths identified
2020-03-09 20:45:34.187 [main] DEBUG o.s.w.s.h.BeanNameUrlHandlerMapping - Rejected bean name 'tomcatServletWebServerFactoryCustomizer': no URL paths identified
2020-03-09 20:45:34.187 [main] DEBUG o.s.w.s.h.BeanNameUrlHandlerMapping - Rejected bean name 'server-org.springframework.boot.autoconfigure.web.ServerProperties': no URL paths identified
2020-03-09 20:45:34.187 [main] DEBUG o.s.w.s.h.BeanNameUrlHandlerMapping - Rejected bean name 'org.springframework.boot.context.properties.ConfigurationPropertiesBindingPostProcessor': no URL paths identified
2020-03-09 20:45:34.187 [main] DEBUG o.s.w.s.h.BeanNameUrlHandlerMapping - Rejected bean name 'org.springframework.boot.context.properties.ConfigurationBeanFactoryMetadata': no URL paths identified
2020-03-09 20:45:34.187 [main] DEBUG o.s.w.s.h.BeanNameUrlHandlerMapping - Rejected bean name 'webServerFactoryCustomizerBeanPostProcessor': no URL paths identified
2020-03-09 20:45:34.187 [main] DEBUG o.s.w.s.h.BeanNameUrlHandlerMapping - Rejected bean name 'errorPageRegistrarBeanPostProcessor': no URL paths identified
2020-03-09 20:45:34.187 [main] DEBUG o.s.w.s.h.BeanNameUrlHandlerMapping - Rejected bean name 'org.springframework.boot.autoconfigure.web.servlet.DispatcherServletAutoConfiguration$DispatcherServletConfiguration': no URL paths identified
2020-03-09 20:45:34.187 [main] DEBUG o.s.w.s.h.BeanNameUrlHandlerMapping - Rejected bean name 'dispatcherServlet': no URL paths identified
2020-03-09 20:45:34.187 [main] DEBUG o.s.w.s.h.BeanNameUrlHandlerMapping - Rejected bean name 'spring.mvc-org.springframework.boot.autoconfigure.web.servlet.WebMvcProperties': no URL paths identified
2020-03-09 20:45:34.187 [main] DEBUG o.s.w.s.h.BeanNameUrlHandlerMapping - Rejected bean name 'org.springframework.boot.autoconfigure.web.servlet.DispatcherServletAutoConfiguration$DispatcherServletRegistrationConfiguration': no URL paths identified
2020-03-09 20:45:34.187 [main] DEBUG o.s.w.s.h.BeanNameUrlHandlerMapping - Rejected bean name 'dispatcherServletRegistration': no URL paths identified
2020-03-09 20:45:34.187 [main] DEBUG o.s.w.s.h.BeanNameUrlHandlerMapping - Rejected bean name 'org.springframework.boot.autoconfigure.web.servlet.DispatcherServletAutoConfiguration': no URL paths identified
2020-03-09 20:45:34.187 [main] DEBUG o.s.w.s.h.BeanNameUrlHandlerMapping - Rejected bean name 'org.springframework.cloud.netflix.archaius.ArchaiusAutoConfiguration$PropagateEventsConfiguration': no URL paths identified
2020-03-09 20:45:34.187 [main] DEBUG o.s.w.s.h.BeanNameUrlHandlerMapping - Rejected bean name 'org.springframework.cloud.netflix.archaius.ArchaiusAutoConfiguration': no URL paths identified
2020-03-09 20:45:34.187 [main] DEBUG o.s.w.s.h.BeanNameUrlHandlerMapping - Rejected bean name 'configurableEnvironmentConfiguration': no URL paths identified
2020-03-09 20:45:34.187 [main] DEBUG o.s.w.s.h.BeanNameUrlHandlerMapping - Rejected bean name 'org.springframework.boot.autoconfigure.validation.ValidationAutoConfiguration': no URL paths identified
2020-03-09 20:45:34.187 [main] DEBUG o.s.w.s.h.BeanNameUrlHandlerMapping - Rejected bean name 'defaultValidator': no URL paths identified
2020-03-09 20:45:34.187 [main] DEBUG o.s.w.s.h.BeanNameUrlHandlerMapping - Rejected bean name 'methodValidationPostProcessor': no URL paths identified
2020-03-09 20:45:34.187 [main] DEBUG o.s.w.s.h.BeanNameUrlHandlerMapping - Rejected bean name 'org.springframework.boot.autoconfigure.web.servlet.error.ErrorMvcAutoConfiguration$WhitelabelErrorViewConfiguration': no URL paths identified
2020-03-09 20:45:34.187 [main] DEBUG o.s.w.s.h.BeanNameUrlHandlerMapping - Rejected bean name 'error': no URL paths identified
2020-03-09 20:45:34.187 [main] DEBUG o.s.w.s.h.BeanNameUrlHandlerMapping - Rejected bean name 'beanNameViewResolver': no URL paths identified
2020-03-09 20:45:34.187 [main] DEBUG o.s.w.s.h.BeanNameUrlHandlerMapping - Rejected bean name 'org.springframework.boot.autoconfigure.web.servlet.error.ErrorMvcAutoConfiguration$DefaultErrorViewResolverConfiguration': no URL paths identified
2020-03-09 20:45:34.187 [main] DEBUG o.s.w.s.h.BeanNameUrlHandlerMapping - Rejected bean name 'conventionErrorViewResolver': no URL paths identified
2020-03-09 20:45:34.187 [main] DEBUG o.s.w.s.h.BeanNameUrlHandlerMapping - Rejected bean name 'org.springframework.boot.autoconfigure.web.servlet.error.ErrorMvcAutoConfiguration': no URL paths identified
2020-03-09 20:45:34.187 [main] DEBUG o.s.w.s.h.BeanNameUrlHandlerMapping - Rejected bean name 'errorAttributes': no URL paths identified
2020-03-09 20:45:34.187 [main] DEBUG o.s.w.s.h.BeanNameUrlHandlerMapping - Rejected bean name 'basicErrorController': no URL paths identified
2020-03-09 20:45:34.187 [main] DEBUG o.s.w.s.h.BeanNameUrlHandlerMapping - Rejected bean name 'errorPageCustomizer': no URL paths identified
2020-03-09 20:45:34.187 [main] DEBUG o.s.w.s.h.BeanNameUrlHandlerMapping - Rejected bean name 'preserveErrorControllerTargetClassPostProcessor': no URL paths identified
2020-03-09 20:45:34.187 [main] DEBUG o.s.w.s.h.BeanNameUrlHandlerMapping - Rejected bean name 'spring.resources-org.springframework.boot.autoconfigure.web.ResourceProperties': no URL paths identified
2020-03-09 20:45:34.187 [main] DEBUG o.s.w.s.h.BeanNameUrlHandlerMapping - Rejected bean name 'org.springframework.boot.autoconfigure.web.servlet.WebMvcAutoConfiguration$WebMvcAutoConfigurationAdapter$FaviconConfiguration': no URL paths identified
2020-03-09 20:45:34.187 [main] DEBUG o.s.w.s.h.BeanNameUrlHandlerMapping - Rejected bean name 'faviconHandlerMapping': no URL paths identified
2020-03-09 20:45:34.187 [main] DEBUG o.s.w.s.h.BeanNameUrlHandlerMapping - Rejected bean name 'faviconRequestHandler': no URL paths identified
2020-03-09 20:45:34.187 [main] DEBUG o.s.w.s.h.BeanNameUrlHandlerMapping - Rejected bean name 'org.springframework.boot.autoconfigure.web.servlet.WebMvcAutoConfiguration$EnableWebMvcConfiguration': no URL paths identified
2020-03-09 20:45:34.187 [main] DEBUG o.s.w.s.h.BeanNameUrlHandlerMapping - Rejected bean name 'requestMappingHandlerAdapter': no URL paths identified
2020-03-09 20:45:34.187 [main] DEBUG o.s.w.s.h.BeanNameUrlHandlerMapping - Rejected bean name 'requestMappingHandlerMapping': no URL paths identified
2020-03-09 20:45:34.187 [main] DEBUG o.s.w.s.h.BeanNameUrlHandlerMapping - Rejected bean name 'mvcConversionService': no URL paths identified
2020-03-09 20:45:34.188 [main] DEBUG o.s.w.s.h.BeanNameUrlHandlerMapping - Rejected bean name 'mvcValidator': no URL paths identified
2020-03-09 20:45:34.188 [main] DEBUG o.s.w.s.h.BeanNameUrlHandlerMapping - Rejected bean name 'mvcContentNegotiationManager': no URL paths identified
2020-03-09 20:45:34.188 [main] DEBUG o.s.w.s.h.BeanNameUrlHandlerMapping - Rejected bean name 'mvcPathMatcher': no URL paths identified
2020-03-09 20:45:34.188 [main] DEBUG o.s.w.s.h.BeanNameUrlHandlerMapping - Rejected bean name 'mvcUrlPathHelper': no URL paths identified
2020-03-09 20:45:34.188 [main] DEBUG o.s.w.s.h.BeanNameUrlHandlerMapping - Rejected bean name 'viewControllerHandlerMapping': no URL paths identified
2020-03-09 20:45:34.188 [main] DEBUG o.s.w.s.h.BeanNameUrlHandlerMapping - Rejected bean name 'beanNameHandlerMapping': no URL paths identified
2020-03-09 20:45:34.188 [main] DEBUG o.s.w.s.h.BeanNameUrlHandlerMapping - Rejected bean name 'resourceHandlerMapping': no URL paths identified
2020-03-09 20:45:34.188 [main] DEBUG o.s.w.s.h.BeanNameUrlHandlerMapping - Rejected bean name 'mvcResourceUrlProvider': no URL paths identified
2020-03-09 20:45:34.188 [main] DEBUG o.s.w.s.h.BeanNameUrlHandlerMapping - Rejected bean name 'defaultServletHandlerMapping': no URL paths identified
2020-03-09 20:45:34.188 [main] DEBUG o.s.w.s.h.BeanNameUrlHandlerMapping - Rejected bean name 'mvcUriComponentsContributor': no URL paths identified
2020-03-09 20:45:34.188 [main] DEBUG o.s.w.s.h.BeanNameUrlHandlerMapping - Rejected bean name 'httpRequestHandlerAdapter': no URL paths identified
2020-03-09 20:45:34.188 [main] DEBUG o.s.w.s.h.BeanNameUrlHandlerMapping - Rejected bean name 'simpleControllerHandlerAdapter': no URL paths identified
2020-03-09 20:45:34.188 [main] DEBUG o.s.w.s.h.BeanNameUrlHandlerMapping - Rejected bean name 'handlerExceptionResolver': no URL paths identified
2020-03-09 20:45:34.188 [main] DEBUG o.s.w.s.h.BeanNameUrlHandlerMapping - Rejected bean name 'mvcViewResolver': no URL paths identified
2020-03-09 20:45:34.188 [main] DEBUG o.s.w.s.h.BeanNameUrlHandlerMapping - Rejected bean name 'mvcHandlerMappingIntrospector': no URL paths identified
2020-03-09 20:45:34.188 [main] DEBUG o.s.w.s.h.BeanNameUrlHandlerMapping - Rejected bean name 'org.springframework.boot.autoconfigure.web.servlet.WebMvcAutoConfiguration$WebMvcAutoConfigurationAdapter': no URL paths identified
2020-03-09 20:45:34.188 [main] DEBUG o.s.w.s.h.BeanNameUrlHandlerMapping - Rejected bean name 'defaultViewResolver': no URL paths identified
2020-03-09 20:45:34.188 [main] DEBUG o.s.w.s.h.BeanNameUrlHandlerMapping - Rejected bean name 'viewResolver': no URL paths identified
2020-03-09 20:45:34.188 [main] DEBUG o.s.w.s.h.BeanNameUrlHandlerMapping - Rejected bean name 'welcomePageHandlerMapping': no URL paths identified
2020-03-09 20:45:34.188 [main] DEBUG o.s.w.s.h.BeanNameUrlHandlerMapping - Rejected bean name 'requestContextFilter': no URL paths identified
2020-03-09 20:45:34.188 [main] DEBUG o.s.w.s.h.BeanNameUrlHandlerMapping - Rejected bean name 'org.springframework.boot.autoconfigure.web.servlet.WebMvcAutoConfiguration': no URL paths identified
2020-03-09 20:45:34.188 [main] DEBUG o.s.w.s.h.BeanNameUrlHandlerMapping - Rejected bean name 'hiddenHttpMethodFilter': no URL paths identified
2020-03-09 20:45:34.188 [main] DEBUG o.s.w.s.h.BeanNameUrlHandlerMapping - Rejected bean name 'httpPutFormContentFilter': no URL paths identified
2020-03-09 20:45:34.188 [main] DEBUG o.s.w.s.h.BeanNameUrlHandlerMapping - Rejected bean name 'com.alibaba.druid.spring.boot.autoconfigure.stat.DruidStatViewServletConfiguration': no URL paths identified
2020-03-09 20:45:34.188 [main] DEBUG o.s.w.s.h.BeanNameUrlHandlerMapping - Rejected bean name 'statViewServletRegistrationBean': no URL paths identified
2020-03-09 20:45:34.188 [main] DEBUG o.s.w.s.h.BeanNameUrlHandlerMapping - Rejected bean name 'com.alibaba.druid.spring.boot.autoconfigure.stat.DruidWebStatFilterConfiguration': no URL paths identified
2020-03-09 20:45:34.188 [main] DEBUG o.s.w.s.h.BeanNameUrlHandlerMapping - Rejected bean name 'webStatFilterRegistrationBean': no URL paths identified
2020-03-09 20:45:34.188 [main] DEBUG o.s.w.s.h.BeanNameUrlHandlerMapping - Rejected bean name 'com.alibaba.druid.spring.boot.autoconfigure.stat.DruidFilterConfiguration': no URL paths identified
2020-03-09 20:45:34.188 [main] DEBUG o.s.w.s.h.BeanNameUrlHandlerMapping - Rejected bean name 'statFilter': no URL paths identified
2020-03-09 20:45:34.188 [main] DEBUG o.s.w.s.h.BeanNameUrlHandlerMapping - Rejected bean name 'com.alibaba.druid.spring.boot.autoconfigure.DruidDataSourceAutoConfigure': no URL paths identified
2020-03-09 20:45:34.188 [main] DEBUG o.s.w.s.h.BeanNameUrlHandlerMapping - Rejected bean name 'dataSource': no URL paths identified
2020-03-09 20:45:34.188 [main] DEBUG o.s.w.s.h.BeanNameUrlHandlerMapping - Rejected bean name 'spring.datasource.druid-com.alibaba.druid.spring.boot.autoconfigure.properties.DruidStatProperties': no URL paths identified
2020-03-09 20:45:34.188 [main] DEBUG o.s.w.s.h.BeanNameUrlHandlerMapping - Rejected bean name 'spring.datasource-org.springframework.boot.autoconfigure.jdbc.DataSourceProperties': no URL paths identified
2020-03-09 20:45:34.188 [main] DEBUG o.s.w.s.h.BeanNameUrlHandlerMapping - Rejected bean name 'org.springframework.boot.autoconfigure.transaction.jta.JtaAutoConfiguration': no URL paths identified
2020-03-09 20:45:34.188 [main] DEBUG o.s.w.s.h.BeanNameUrlHandlerMapping - Rejected bean name 'spring.jta-org.springframework.boot.autoconfigure.transaction.jta.JtaProperties': no URL paths identified
2020-03-09 20:45:34.188 [main] DEBUG o.s.w.s.h.BeanNameUrlHandlerMapping - Rejected bean name 'org.springframework.boot.autoconfigure.jdbc.metadata.DataSourcePoolMetadataProvidersConfiguration$HikariPoolDataSourceMetadataProviderConfiguration': no URL paths identified
2020-03-09 20:45:34.188 [main] DEBUG o.s.w.s.h.BeanNameUrlHandlerMapping - Rejected bean name 'hikariPoolDataSourceMetadataProvider': no URL paths identified
2020-03-09 20:45:34.188 [main] DEBUG o.s.w.s.h.BeanNameUrlHandlerMapping - Rejected bean name 'org.springframework.boot.autoconfigure.jdbc.metadata.DataSourcePoolMetadataProvidersConfiguration': no URL paths identified
2020-03-09 20:45:34.188 [main] DEBUG o.s.w.s.h.BeanNameUrlHandlerMapping - Rejected bean name 'org.springframework.boot.autoconfigure.jdbc.DataSourceInitializerInvoker': no URL paths identified
2020-03-09 20:45:34.188 [main] DEBUG o.s.w.s.h.BeanNameUrlHandlerMapping - Rejected bean name 'org.springframework.boot.autoconfigure.jdbc.DataSourceInitializationConfiguration': no URL paths identified
2020-03-09 20:45:34.188 [main] DEBUG o.s.w.s.h.BeanNameUrlHandlerMapping - Rejected bean name 'dataSourceInitializerPostProcessor': no URL paths identified
2020-03-09 20:45:34.188 [main] DEBUG o.s.w.s.h.BeanNameUrlHandlerMapping - Rejected bean name 'org.springframework.boot.autoconfigure.jdbc.DataSourceAutoConfiguration': no URL paths identified
2020-03-09 20:45:34.188 [main] DEBUG o.s.w.s.h.BeanNameUrlHandlerMapping - Rejected bean name 'org.mybatis.spring.boot.autoconfigure.MybatisAutoConfiguration$MapperScannerRegistrarNotFoundConfiguration': no URL paths identified
2020-03-09 20:45:34.188 [main] DEBUG o.s.w.s.h.BeanNameUrlHandlerMapping - Rejected bean name 'categoryMapper': no URL paths identified
2020-03-09 20:45:34.188 [main] DEBUG o.s.w.s.h.BeanNameUrlHandlerMapping - Rejected bean name 'courseMapper': no URL paths identified
2020-03-09 20:45:34.188 [main] DEBUG o.s.w.s.h.BeanNameUrlHandlerMapping - Rejected bean name 'courseMarketMapper': no URL paths identified
2020-03-09 20:45:34.188 [main] DEBUG o.s.w.s.h.BeanNameUrlHandlerMapping - Rejected bean name 'teachplanMapper': no URL paths identified
2020-03-09 20:45:34.189 [main] DEBUG o.s.w.s.h.BeanNameUrlHandlerMapping - Rejected bean name 'org.mybatis.spring.boot.autoconfigure.MybatisAutoConfiguration': no URL paths identified
2020-03-09 20:45:34.189 [main] DEBUG o.s.w.s.h.BeanNameUrlHandlerMapping - Rejected bean name 'sqlSessionFactory': no URL paths identified
2020-03-09 20:45:34.189 [main] DEBUG o.s.w.s.h.BeanNameUrlHandlerMapping - Rejected bean name 'sqlSessionTemplate': no URL paths identified
2020-03-09 20:45:34.189 [main] DEBUG o.s.w.s.h.BeanNameUrlHandlerMapping - Rejected bean name 'mybatis-org.mybatis.spring.boot.autoconfigure.MybatisProperties': no URL paths identified
2020-03-09 20:45:34.189 [main] DEBUG o.s.w.s.h.BeanNameUrlHandlerMapping - Rejected bean name 'com.github.pagehelper.autoconfigure.PageHelperAutoConfiguration': no URL paths identified
2020-03-09 20:45:34.189 [main] DEBUG o.s.w.s.h.BeanNameUrlHandlerMapping - Rejected bean name 'pageHelperProperties': no URL paths identified
2020-03-09 20:45:34.189 [main] DEBUG o.s.w.s.h.BeanNameUrlHandlerMapping - Rejected bean name 'pagehelper-com.github.pagehelper.autoconfigure.PageHelperProperties': no URL paths identified
2020-03-09 20:45:34.189 [main] DEBUG o.s.w.s.h.BeanNameUrlHandlerMapping - Rejected bean name 'org.springframework.boot.autoconfigure.aop.AopAutoConfiguration$CglibAutoProxyConfiguration': no URL paths identified
2020-03-09 20:45:34.189 [main] DEBUG o.s.w.s.h.BeanNameUrlHandlerMapping - Rejected bean name 'org.springframework.aop.config.internalAutoProxyCreator': no URL paths identified
2020-03-09 20:45:34.189 [main] DEBUG o.s.w.s.h.BeanNameUrlHandlerMapping - Rejected bean name 'org.springframework.boot.autoconfigure.aop.AopAutoConfiguration': no URL paths identified
2020-03-09 20:45:34.189 [main] DEBUG o.s.w.s.h.BeanNameUrlHandlerMapping - Rejected bean name 'org.springframework.boot.autoconfigure.context.ConfigurationPropertiesAutoConfiguration': no URL paths identified
2020-03-09 20:45:34.189 [main] DEBUG o.s.w.s.h.BeanNameUrlHandlerMapping - Rejected bean name 'org.springframework.boot.autoconfigure.dao.PersistenceExceptionTranslationAutoConfiguration': no URL paths identified
2020-03-09 20:45:34.189 [main] DEBUG o.s.w.s.h.BeanNameUrlHandlerMapping - Rejected bean name 'persistenceExceptionTranslationPostProcessor': no URL paths identified
2020-03-09 20:45:34.189 [main] DEBUG o.s.w.s.h.BeanNameUrlHandlerMapping - Rejected bean name 'org.springframework.cloud.autoconfigure.RefreshAutoConfiguration$RefreshScopeBeanDefinitionEnhancer': no URL paths identified
2020-03-09 20:45:34.189 [main] DEBUG o.s.w.s.h.BeanNameUrlHandlerMapping - Rejected bean name 'org.springframework.cloud.autoconfigure.RefreshAutoConfiguration$JpaInvokerConfiguration': no URL paths identified
2020-03-09 20:45:34.189 [main] DEBUG o.s.w.s.h.BeanNameUrlHandlerMapping - Rejected bean name 'org.springframework.cloud.autoconfigure.RefreshAutoConfiguration': no URL paths identified
2020-03-09 20:45:34.189 [main] DEBUG o.s.w.s.h.BeanNameUrlHandlerMapping - Rejected bean name 'refreshScope': no URL paths identified
2020-03-09 20:45:34.189 [main] DEBUG o.s.w.s.h.BeanNameUrlHandlerMapping - Rejected bean name 'loggingRebinder': no URL paths identified
2020-03-09 20:45:34.189 [main] DEBUG o.s.w.s.h.BeanNameUrlHandlerMapping - Rejected bean name 'contextRefresher': no URL paths identified
2020-03-09 20:45:34.189 [main] DEBUG o.s.w.s.h.BeanNameUrlHandlerMapping - Rejected bean name 'refreshEventListener': no URL paths identified
2020-03-09 20:45:34.189 [main] DEBUG o.s.w.s.h.BeanNameUrlHandlerMapping - Rejected bean name 'org.springframework.boot.autoconfigure.orm.jpa.JpaBaseConfiguration$JpaWebConfiguration$JpaWebMvcConfiguration': no URL paths identified
2020-03-09 20:45:34.189 [main] DEBUG o.s.w.s.h.BeanNameUrlHandlerMapping - Rejected bean name 'openEntityManagerInViewInterceptor': no URL paths identified
2020-03-09 20:45:34.189 [main] DEBUG o.s.w.s.h.BeanNameUrlHandlerMapping - Rejected bean name 'org.springframework.boot.autoconfigure.orm.jpa.JpaBaseConfiguration$JpaWebConfiguration': no URL paths identified
2020-03-09 20:45:34.189 [main] DEBUG o.s.w.s.h.BeanNameUrlHandlerMapping - Rejected bean name 'org.springframework.boot.autoconfigure.orm.jpa.HibernateJpaConfiguration': no URL paths identified
2020-03-09 20:45:34.189 [main] DEBUG o.s.w.s.h.BeanNameUrlHandlerMapping - Rejected bean name 'transactionManager': no URL paths identified
2020-03-09 20:45:34.189 [main] DEBUG o.s.w.s.h.BeanNameUrlHandlerMapping - Rejected bean name 'jpaVendorAdapter': no URL paths identified
2020-03-09 20:45:34.189 [main] DEBUG o.s.w.s.h.BeanNameUrlHandlerMapping - Rejected bean name 'entityManagerFactoryBuilder': no URL paths identified
2020-03-09 20:45:34.189 [main] DEBUG o.s.w.s.h.BeanNameUrlHandlerMapping - Rejected bean name 'entityManagerFactory': no URL paths identified
2020-03-09 20:45:34.189 [main] DEBUG o.s.w.s.h.BeanNameUrlHandlerMapping - Rejected bean name 'spring.jpa-org.springframework.boot.autoconfigure.orm.jpa.JpaProperties': no URL paths identified
2020-03-09 20:45:34.189 [main] DEBUG o.s.w.s.h.BeanNameUrlHandlerMapping - Rejected bean name 'dataSourceInitializedPublisher': no URL paths identified
2020-03-09 20:45:34.189 [main] DEBUG o.s.w.s.h.BeanNameUrlHandlerMapping - Rejected bean name 'org.springframework.boot.autoconfigure.orm.jpa.HibernateJpaAutoConfiguration': no URL paths identified
2020-03-09 20:45:34.189 [main] DEBUG o.s.w.s.h.BeanNameUrlHandlerMapping - Rejected bean name 'org.springframework.boot.autoconfigure.data.jpa.JpaRepositoriesAutoConfiguration': no URL paths identified
2020-03-09 20:45:34.189 [main] DEBUG o.s.w.s.h.BeanNameUrlHandlerMapping - Rejected bean name 'emBeanDefinitionRegistrarPostProcessor': no URL paths identified
2020-03-09 20:45:34.189 [main] DEBUG o.s.w.s.h.BeanNameUrlHandlerMapping - Rejected bean name 'jpaMappingContext': no URL paths identified
2020-03-09 20:45:34.189 [main] DEBUG o.s.w.s.h.BeanNameUrlHandlerMapping - Rejected bean name 'jpaContext': no URL paths identified
2020-03-09 20:45:34.189 [main] DEBUG o.s.w.s.h.BeanNameUrlHandlerMapping - Rejected bean name 'teachplanMediaRepository': no URL paths identified
2020-03-09 20:45:34.189 [main] DEBUG o.s.w.s.h.BeanNameUrlHandlerMapping - Rejected bean name 'teachplanMediaPubRepository': no URL paths identified
2020-03-09 20:45:34.189 [main] DEBUG o.s.w.s.h.BeanNameUrlHandlerMapping - Rejected bean name 'courseBaseRepository': no URL paths identified
2020-03-09 20:45:34.189 [main] DEBUG o.s.w.s.h.BeanNameUrlHandlerMapping - Rejected bean name 'courseMarketRepository': no URL paths identified
2020-03-09 20:45:34.189 [main] DEBUG o.s.w.s.h.BeanNameUrlHandlerMapping - Rejected bean name 'teachplanRepository': no URL paths identified
2020-03-09 20:45:34.189 [main] DEBUG o.s.w.s.h.BeanNameUrlHandlerMapping - Rejected bean name 'coursePubRepository': no URL paths identified
2020-03-09 20:45:34.189 [main] DEBUG o.s.w.s.h.BeanNameUrlHandlerMapping - Rejected bean name 'coursePicRepository': no URL paths identified
2020-03-09 20:45:34.189 [main] DEBUG o.s.w.s.h.BeanNameUrlHandlerMapping - Rejected bean name 'org.springframework.boot.autoconfigure.mongo.MongoAutoConfiguration': no URL paths identified
2020-03-09 20:45:34.189 [main] DEBUG o.s.w.s.h.BeanNameUrlHandlerMapping - Rejected bean name 'mongo': no URL paths identified
2020-03-09 20:45:34.189 [main] DEBUG o.s.w.s.h.BeanNameUrlHandlerMapping - Rejected bean name 'spring.data.mongodb-org.springframework.boot.autoconfigure.mongo.MongoProperties': no URL paths identified
2020-03-09 20:45:34.189 [main] DEBUG o.s.w.s.h.BeanNameUrlHandlerMapping - Rejected bean name 'org.springframework.boot.autoconfigure.data.mongo.MongoDataAutoConfiguration': no URL paths identified
2020-03-09 20:45:34.189 [main] DEBUG o.s.w.s.h.BeanNameUrlHandlerMapping - Rejected bean name 'mongoDbFactory': no URL paths identified
2020-03-09 20:45:34.189 [main] DEBUG o.s.w.s.h.BeanNameUrlHandlerMapping - Rejected bean name 'mongoTemplate': no URL paths identified
2020-03-09 20:45:34.189 [main] DEBUG o.s.w.s.h.BeanNameUrlHandlerMapping - Rejected bean name 'mappingMongoConverter': no URL paths identified
2020-03-09 20:45:34.189 [main] DEBUG o.s.w.s.h.BeanNameUrlHandlerMapping - Rejected bean name 'mongoMappingContext': no URL paths identified
2020-03-09 20:45:34.189 [main] DEBUG o.s.w.s.h.BeanNameUrlHandlerMapping - Rejected bean name 'gridFsTemplate': no URL paths identified
2020-03-09 20:45:34.190 [main] DEBUG o.s.w.s.h.BeanNameUrlHandlerMapping - Rejected bean name 'mongoCustomConversions': no URL paths identified
2020-03-09 20:45:34.190 [main] DEBUG o.s.w.s.h.BeanNameUrlHandlerMapping - Rejected bean name 'org.springframework.boot.autoconfigure.data.mongo.MongoRepositoriesAutoConfiguration': no URL paths identified
2020-03-09 20:45:34.190 [main] DEBUG o.s.w.s.h.BeanNameUrlHandlerMapping - Rejected bean name 'sysDictionaryRepository': no URL paths identified
2020-03-09 20:45:34.190 [main] DEBUG o.s.w.s.h.BeanNameUrlHandlerMapping - Rejected bean name 'org.springframework.boot.autoconfigure.gson.GsonAutoConfiguration': no URL paths identified
2020-03-09 20:45:34.190 [main] DEBUG o.s.w.s.h.BeanNameUrlHandlerMapping - Rejected bean name 'gsonBuilder': no URL paths identified
2020-03-09 20:45:34.190 [main] DEBUG o.s.w.s.h.BeanNameUrlHandlerMapping - Rejected bean name 'gson': no URL paths identified
2020-03-09 20:45:34.190 [main] DEBUG o.s.w.s.h.BeanNameUrlHandlerMapping - Rejected bean name 'standardGsonBuilderCustomizer': no URL paths identified
2020-03-09 20:45:34.190 [main] DEBUG o.s.w.s.h.BeanNameUrlHandlerMapping - Rejected bean name 'spring.gson-org.springframework.boot.autoconfigure.gson.GsonProperties': no URL paths identified
2020-03-09 20:45:34.190 [main] DEBUG o.s.w.s.h.BeanNameUrlHandlerMapping - Rejected bean name 'org.springframework.boot.autoconfigure.jackson.JacksonAutoConfiguration$Jackson2ObjectMapperBuilderCustomizerConfiguration': no URL paths identified
2020-03-09 20:45:34.190 [main] DEBUG o.s.w.s.h.BeanNameUrlHandlerMapping - Rejected bean name 'standardJacksonObjectMapperBuilderCustomizer': no URL paths identified
2020-03-09 20:45:34.190 [main] DEBUG o.s.w.s.h.BeanNameUrlHandlerMapping - Rejected bean name 'spring.jackson-org.springframework.boot.autoconfigure.jackson.JacksonProperties': no URL paths identified
2020-03-09 20:45:34.191 [main] DEBUG o.s.w.s.h.BeanNameUrlHandlerMapping - Rejected bean name 'org.springframework.boot.autoconfigure.jackson.JacksonAutoConfiguration$JacksonObjectMapperBuilderConfiguration': no URL paths identified
2020-03-09 20:45:34.191 [main] DEBUG o.s.w.s.h.BeanNameUrlHandlerMapping - Rejected bean name 'jacksonObjectMapperBuilder': no URL paths identified
2020-03-09 20:45:34.191 [main] DEBUG o.s.w.s.h.BeanNameUrlHandlerMapping - Rejected bean name 'org.springframework.boot.autoconfigure.jackson.JacksonAutoConfiguration$ParameterNamesModuleConfiguration': no URL paths identified
2020-03-09 20:45:34.191 [main] DEBUG o.s.w.s.h.BeanNameUrlHandlerMapping - Rejected bean name 'parameterNamesModule': no URL paths identified
2020-03-09 20:45:34.191 [main] DEBUG o.s.w.s.h.BeanNameUrlHandlerMapping - Rejected bean name 'org.springframework.boot.autoconfigure.jackson.JacksonAutoConfiguration$JacksonObjectMapperConfiguration': no URL paths identified
2020-03-09 20:45:34.191 [main] DEBUG o.s.w.s.h.BeanNameUrlHandlerMapping - Rejected bean name 'jacksonObjectMapper': no URL paths identified
2020-03-09 20:45:34.191 [main] DEBUG o.s.w.s.h.BeanNameUrlHandlerMapping - Rejected bean name 'org.springframework.boot.autoconfigure.jackson.JacksonAutoConfiguration': no URL paths identified
2020-03-09 20:45:34.191 [main] DEBUG o.s.w.s.h.BeanNameUrlHandlerMapping - Rejected bean name 'jsonComponentModule': no URL paths identified
2020-03-09 20:45:34.191 [main] DEBUG o.s.w.s.h.BeanNameUrlHandlerMapping - Rejected bean name 'org.springframework.boot.autoconfigure.http.HttpMessageConvertersAutoConfiguration$StringHttpMessageConverterConfiguration': no URL paths identified
2020-03-09 20:45:34.191 [main] DEBUG o.s.w.s.h.BeanNameUrlHandlerMapping - Rejected bean name 'stringHttpMessageConverter': no URL paths identified
2020-03-09 20:45:34.191 [main] DEBUG o.s.w.s.h.BeanNameUrlHandlerMapping - Rejected bean name 'spring.http.encoding-org.springframework.boot.autoconfigure.http.HttpEncodingProperties': no URL paths identified
2020-03-09 20:45:34.191 [main] DEBUG o.s.w.s.h.BeanNameUrlHandlerMapping - Rejected bean name 'org.springframework.boot.autoconfigure.http.JacksonHttpMessageConvertersConfiguration$MappingJackson2HttpMessageConverterConfiguration': no URL paths identified
2020-03-09 20:45:34.191 [main] DEBUG o.s.w.s.h.BeanNameUrlHandlerMapping - Rejected bean name 'mappingJackson2HttpMessageConverter': no URL paths identified
2020-03-09 20:45:34.191 [main] DEBUG o.s.w.s.h.BeanNameUrlHandlerMapping - Rejected bean name 'org.springframework.boot.autoconfigure.http.JacksonHttpMessageConvertersConfiguration': no URL paths identified
2020-03-09 20:45:34.191 [main] DEBUG o.s.w.s.h.BeanNameUrlHandlerMapping - Rejected bean name 'org.springframework.boot.autoconfigure.http.GsonHttpMessageConvertersConfiguration': no URL paths identified
2020-03-09 20:45:34.191 [main] DEBUG o.s.w.s.h.BeanNameUrlHandlerMapping - Rejected bean name 'org.springframework.boot.autoconfigure.http.HttpMessageConvertersAutoConfiguration': no URL paths identified
2020-03-09 20:45:34.191 [main] DEBUG o.s.w.s.h.BeanNameUrlHandlerMapping - Rejected bean name 'messageConverters': no URL paths identified
2020-03-09 20:45:34.191 [main] DEBUG o.s.w.s.h.BeanNameUrlHandlerMapping - Rejected bean name 'org.springframework.data.web.config.ProjectingArgumentResolverRegistrar': no URL paths identified
2020-03-09 20:45:34.191 [main] DEBUG o.s.w.s.h.BeanNameUrlHandlerMapping - Rejected bean name 'projectingArgumentResolverBeanPostProcessor': no URL paths identified
2020-03-09 20:45:34.191 [main] DEBUG o.s.w.s.h.BeanNameUrlHandlerMapping - Rejected bean name 'org.springframework.data.web.config.SpringDataWebConfiguration': no URL paths identified
2020-03-09 20:45:34.191 [main] DEBUG o.s.w.s.h.BeanNameUrlHandlerMapping - Rejected bean name 'pageableResolver': no URL paths identified
2020-03-09 20:45:34.191 [main] DEBUG o.s.w.s.h.BeanNameUrlHandlerMapping - Rejected bean name 'sortResolver': no URL paths identified
2020-03-09 20:45:34.191 [main] DEBUG o.s.w.s.h.BeanNameUrlHandlerMapping - Rejected bean name 'org.springframework.data.web.config.SpringDataJacksonConfiguration': no URL paths identified
2020-03-09 20:45:34.191 [main] DEBUG o.s.w.s.h.BeanNameUrlHandlerMapping - Rejected bean name 'jacksonGeoModule': no URL paths identified
2020-03-09 20:45:34.192 [main] DEBUG o.s.w.s.h.BeanNameUrlHandlerMapping - Rejected bean name 'org.springframework.data.mongodb.config.GeoJsonConfiguration': no URL paths identified
2020-03-09 20:45:34.192 [main] DEBUG o.s.w.s.h.BeanNameUrlHandlerMapping - Rejected bean name 'geoJsonModule': no URL paths identified
2020-03-09 20:45:34.192 [main] DEBUG o.s.w.s.h.BeanNameUrlHandlerMapping - Rejected bean name 'org.springframework.boot.autoconfigure.data.web.SpringDataWebAutoConfiguration': no URL paths identified
2020-03-09 20:45:34.192 [main] DEBUG o.s.w.s.h.BeanNameUrlHandlerMapping - Rejected bean name 'pageableCustomizer': no URL paths identified
2020-03-09 20:45:34.192 [main] DEBUG o.s.w.s.h.BeanNameUrlHandlerMapping - Rejected bean name 'sortCustomizer': no URL paths identified
2020-03-09 20:45:34.192 [main] DEBUG o.s.w.s.h.BeanNameUrlHandlerMapping - Rejected bean name 'spring.data.web-org.springframework.boot.autoconfigure.data.web.SpringDataWebProperties': no URL paths identified
2020-03-09 20:45:34.192 [main] DEBUG o.s.w.s.h.BeanNameUrlHandlerMapping - Rejected bean name 'org.springframework.boot.autoconfigure.http.codec.CodecsAutoConfiguration$JacksonCodecConfiguration': no URL paths identified
2020-03-09 20:45:34.192 [main] DEBUG o.s.w.s.h.BeanNameUrlHandlerMapping - Rejected bean name 'jacksonCodecCustomizer': no URL paths identified
2020-03-09 20:45:34.193 [main] DEBUG o.s.w.s.h.BeanNameUrlHandlerMapping - Rejected bean name 'org.springframework.boot.autoconfigure.http.codec.CodecsAutoConfiguration': no URL paths identified
2020-03-09 20:45:34.193 [main] DEBUG o.s.w.s.h.BeanNameUrlHandlerMapping - Rejected bean name 'org.springframework.boot.autoconfigure.info.ProjectInfoAutoConfiguration': no URL paths identified
2020-03-09 20:45:34.193 [main] DEBUG o.s.w.s.h.BeanNameUrlHandlerMapping - Rejected bean name 'spring.info-org.springframework.boot.autoconfigure.info.ProjectInfoProperties': no URL paths identified
2020-03-09 20:45:34.193 [main] DEBUG o.s.w.s.h.BeanNameUrlHandlerMapping - Rejected bean name 'org.springframework.boot.autoconfigure.jdbc.JdbcTemplateAutoConfiguration$JdbcTemplateConfiguration': no URL paths identified
2020-03-09 20:45:34.193 [main] DEBUG o.s.w.s.h.BeanNameUrlHandlerMapping - Rejected bean name 'jdbcTemplate': no URL paths identified
2020-03-09 20:45:34.193 [main] DEBUG o.s.w.s.h.BeanNameUrlHandlerMapping - Rejected bean name 'org.springframework.boot.autoconfigure.jdbc.JdbcTemplateAutoConfiguration$NamedParameterJdbcTemplateConfiguration': no URL paths identified
2020-03-09 20:45:34.193 [main] DEBUG o.s.w.s.h.BeanNameUrlHandlerMapping - Rejected bean name 'namedParameterJdbcTemplate': no URL paths identified
2020-03-09 20:45:34.193 [main] DEBUG o.s.w.s.h.BeanNameUrlHandlerMapping - Rejected bean name 'org.springframework.boot.autoconfigure.jdbc.JdbcTemplateAutoConfiguration': no URL paths identified
2020-03-09 20:45:34.193 [main] DEBUG o.s.w.s.h.BeanNameUrlHandlerMapping - Rejected bean name 'spring.jdbc-org.springframework.boot.autoconfigure.jdbc.JdbcProperties': no URL paths identified
2020-03-09 20:45:34.193 [main] DEBUG o.s.w.s.h.BeanNameUrlHandlerMapping - Rejected bean name 'org.springframework.boot.autoconfigure.security.reactive.ReactiveSecurityAutoConfiguration': no URL paths identified
2020-03-09 20:45:34.193 [main] DEBUG o.s.w.s.h.BeanNameUrlHandlerMapping - Rejected bean name 'spring.security-org.springframework.boot.autoconfigure.security.SecurityProperties': no URL paths identified
2020-03-09 20:45:34.193 [main] DEBUG o.s.w.s.h.BeanNameUrlHandlerMapping - Rejected bean name 'org.springframework.boot.autoconfigure.jdbc.DataSourceTransactionManagerAutoConfiguration$DataSourceTransactionManagerConfiguration': no URL paths identified
2020-03-09 20:45:34.193 [main] DEBUG o.s.w.s.h.BeanNameUrlHandlerMapping - Rejected bean name 'org.springframework.boot.autoconfigure.jdbc.DataSourceTransactionManagerAutoConfiguration': no URL paths identified
2020-03-09 20:45:34.193 [main] DEBUG o.s.w.s.h.BeanNameUrlHandlerMapping - Rejected bean name 'org.springframework.transaction.annotation.ProxyTransactionManagementConfiguration': no URL paths identified
2020-03-09 20:45:34.193 [main] DEBUG o.s.w.s.h.BeanNameUrlHandlerMapping - Rejected bean name 'org.springframework.transaction.config.internalTransactionAdvisor': no URL paths identified
2020-03-09 20:45:34.193 [main] DEBUG o.s.w.s.h.BeanNameUrlHandlerMapping - Rejected bean name 'transactionAttributeSource': no URL paths identified
2020-03-09 20:45:34.193 [main] DEBUG o.s.w.s.h.BeanNameUrlHandlerMapping - Rejected bean name 'transactionInterceptor': no URL paths identified
2020-03-09 20:45:34.193 [main] DEBUG o.s.w.s.h.BeanNameUrlHandlerMapping - Rejected bean name 'org.springframework.transaction.config.internalTransactionalEventListenerFactory': no URL paths identified
2020-03-09 20:45:34.193 [main] DEBUG o.s.w.s.h.BeanNameUrlHandlerMapping - Rejected bean name 'org.springframework.boot.autoconfigure.transaction.TransactionAutoConfiguration$EnableTransactionManagementConfiguration$CglibAutoProxyConfiguration': no URL paths identified
2020-03-09 20:45:34.193 [main] DEBUG o.s.w.s.h.BeanNameUrlHandlerMapping - Rejected bean name 'org.springframework.boot.autoconfigure.transaction.TransactionAutoConfiguration$EnableTransactionManagementConfiguration': no URL paths identified
2020-03-09 20:45:34.193 [main] DEBUG o.s.w.s.h.BeanNameUrlHandlerMapping - Rejected bean name 'org.springframework.boot.autoconfigure.transaction.TransactionAutoConfiguration$TransactionTemplateConfiguration': no URL paths identified
2020-03-09 20:45:34.193 [main] DEBUG o.s.w.s.h.BeanNameUrlHandlerMapping - Rejected bean name 'transactionTemplate': no URL paths identified
2020-03-09 20:45:34.193 [main] DEBUG o.s.w.s.h.BeanNameUrlHandlerMapping - Rejected bean name 'org.springframework.boot.autoconfigure.transaction.TransactionAutoConfiguration': no URL paths identified
2020-03-09 20:45:34.193 [main] DEBUG o.s.w.s.h.BeanNameUrlHandlerMapping - Rejected bean name 'platformTransactionManagerCustomizers': no URL paths identified
2020-03-09 20:45:34.193 [main] DEBUG o.s.w.s.h.BeanNameUrlHandlerMapping - Rejected bean name 'spring.transaction-org.springframework.boot.autoconfigure.transaction.TransactionProperties': no URL paths identified
2020-03-09 20:45:34.193 [main] DEBUG o.s.w.s.h.BeanNameUrlHandlerMapping - Rejected bean name 'org.springframework.boot.autoconfigure.web.client.RestTemplateAutoConfiguration': no URL paths identified
2020-03-09 20:45:34.193 [main] DEBUG o.s.w.s.h.BeanNameUrlHandlerMapping - Rejected bean name 'restTemplateBuilder': no URL paths identified
2020-03-09 20:45:34.193 [main] DEBUG o.s.w.s.h.BeanNameUrlHandlerMapping - Rejected bean name 'org.springframework.boot.autoconfigure.web.embedded.EmbeddedWebServerFactoryCustomizerAutoConfiguration$TomcatWebServerFactoryCustomizerConfiguration': no URL paths identified
2020-03-09 20:45:34.194 [main] DEBUG o.s.w.s.h.BeanNameUrlHandlerMapping - Rejected bean name 'tomcatWebServerFactoryCustomizer': no URL paths identified
2020-03-09 20:45:34.194 [main] DEBUG o.s.w.s.h.BeanNameUrlHandlerMapping - Rejected bean name 'org.springframework.boot.autoconfigure.web.embedded.EmbeddedWebServerFactoryCustomizerAutoConfiguration': no URL paths identified
2020-03-09 20:45:34.194 [main] DEBUG o.s.w.s.h.BeanNameUrlHandlerMapping - Rejected bean name 'org.springframework.boot.autoconfigure.web.servlet.HttpEncodingAutoConfiguration': no URL paths identified
2020-03-09 20:45:34.194 [main] DEBUG o.s.w.s.h.BeanNameUrlHandlerMapping - Rejected bean name 'characterEncodingFilter': no URL paths identified
2020-03-09 20:45:34.194 [main] DEBUG o.s.w.s.h.BeanNameUrlHandlerMapping - Rejected bean name 'localeCharsetMappingsCustomizer': no URL paths identified
2020-03-09 20:45:34.194 [main] DEBUG o.s.w.s.h.BeanNameUrlHandlerMapping - Rejected bean name 'org.springframework.boot.autoconfigure.web.servlet.MultipartAutoConfiguration': no URL paths identified
2020-03-09 20:45:34.194 [main] DEBUG o.s.w.s.h.BeanNameUrlHandlerMapping - Rejected bean name 'multipartConfigElement': no URL paths identified
2020-03-09 20:45:34.194 [main] DEBUG o.s.w.s.h.BeanNameUrlHandlerMapping - Rejected bean name 'multipartResolver': no URL paths identified
2020-03-09 20:45:34.194 [main] DEBUG o.s.w.s.h.BeanNameUrlHandlerMapping - Rejected bean name 'spring.servlet.multipart-org.springframework.boot.autoconfigure.web.servlet.MultipartProperties': no URL paths identified
2020-03-09 20:45:34.194 [main] DEBUG o.s.w.s.h.BeanNameUrlHandlerMapping - Rejected bean name 'org.springframework.cloud.autoconfigure.ConfigurationPropertiesRebinderAutoConfiguration': no URL paths identified
2020-03-09 20:45:34.194 [main] DEBUG o.s.w.s.h.BeanNameUrlHandlerMapping - Rejected bean name 'configurationPropertiesBeans': no URL paths identified
2020-03-09 20:45:34.194 [main] DEBUG o.s.w.s.h.BeanNameUrlHandlerMapping - Rejected bean name 'configurationPropertiesRebinder': no URL paths identified
2020-03-09 20:45:34.194 [main] DEBUG o.s.w.s.h.BeanNameUrlHandlerMapping - Rejected bean name 'org.springframework.cloud.autoconfigure.LifecycleMvcEndpointAutoConfiguration': no URL paths identified
2020-03-09 20:45:34.194 [main] DEBUG o.s.w.s.h.BeanNameUrlHandlerMapping - Rejected bean name 'environmentManager': no URL paths identified
2020-03-09 20:45:34.194 [main] DEBUG o.s.w.s.h.BeanNameUrlHandlerMapping - Rejected bean name 'org.springframework.cloud.netflix.eureka.EurekaDiscoveryClientConfiguration$EurekaClientConfigurationRefresher': no URL paths identified
2020-03-09 20:45:34.194 [main] DEBUG o.s.w.s.h.BeanNameUrlHandlerMapping - Rejected bean name 'org.springframework.cloud.netflix.eureka.EurekaDiscoveryClientConfiguration': no URL paths identified
2020-03-09 20:45:34.194 [main] DEBUG o.s.w.s.h.BeanNameUrlHandlerMapping - Rejected bean name 'eurekaDiscoverClientMarker': no URL paths identified
2020-03-09 20:45:34.194 [main] DEBUG o.s.w.s.h.BeanNameUrlHandlerMapping - Rejected bean name 'org.springframework.cloud.client.serviceregistry.AutoServiceRegistrationConfiguration': no URL paths identified
2020-03-09 20:45:34.194 [main] DEBUG o.s.w.s.h.BeanNameUrlHandlerMapping - Rejected bean name 'spring.cloud.service-registry.auto-registration-org.springframework.cloud.client.serviceregistry.AutoServiceRegistrationProperties': no URL paths identified
2020-03-09 20:45:34.194 [main] DEBUG o.s.w.s.h.BeanNameUrlHandlerMapping - Rejected bean name 'org.springframework.cloud.client.serviceregistry.AutoServiceRegistrationAutoConfiguration': no URL paths identified
2020-03-09 20:45:34.194 [main] DEBUG o.s.w.s.h.BeanNameUrlHandlerMapping - Rejected bean name 'org.springframework.cloud.netflix.eureka.EurekaClientAutoConfiguration$RefreshableEurekaClientConfiguration': no URL paths identified
2020-03-09 20:45:34.194 [main] DEBUG o.s.w.s.h.BeanNameUrlHandlerMapping - Rejected bean name 'scopedTarget.eurekaClient': no URL paths identified
2020-03-09 20:45:34.194 [main] DEBUG o.s.w.s.h.BeanNameUrlHandlerMapping - Rejected bean name 'eurekaClient': no URL paths identified
2020-03-09 20:45:34.194 [main] DEBUG o.s.w.s.h.BeanNameUrlHandlerMapping - Rejected bean name 'scopedTarget.eurekaApplicationInfoManager': no URL paths identified
2020-03-09 20:45:34.194 [main] DEBUG o.s.w.s.h.BeanNameUrlHandlerMapping - Rejected bean name 'eurekaApplicationInfoManager': no URL paths identified
2020-03-09 20:45:34.194 [main] DEBUG o.s.w.s.h.BeanNameUrlHandlerMapping - Rejected bean name 'scopedTarget.eurekaRegistration': no URL paths identified
2020-03-09 20:45:34.194 [main] DEBUG o.s.w.s.h.BeanNameUrlHandlerMapping - Rejected bean name 'eurekaRegistration': no URL paths identified
2020-03-09 20:45:34.194 [main] DEBUG o.s.w.s.h.BeanNameUrlHandlerMapping - Rejected bean name 'org.springframework.cloud.netflix.eureka.config.DiscoveryClientOptionalArgsConfiguration': no URL paths identified
2020-03-09 20:45:34.194 [main] DEBUG o.s.w.s.h.BeanNameUrlHandlerMapping - Rejected bean name 'discoveryClientOptionalArgs': no URL paths identified
2020-03-09 20:45:34.194 [main] DEBUG o.s.w.s.h.BeanNameUrlHandlerMapping - Rejected bean name 'org.springframework.cloud.netflix.eureka.EurekaClientAutoConfiguration': no URL paths identified
2020-03-09 20:45:34.194 [main] DEBUG o.s.w.s.h.BeanNameUrlHandlerMapping - Rejected bean name 'eurekaFeature': no URL paths identified
2020-03-09 20:45:34.194 [main] DEBUG o.s.w.s.h.BeanNameUrlHandlerMapping - Rejected bean name 'eurekaClientConfigBean': no URL paths identified
2020-03-09 20:45:34.194 [main] DEBUG o.s.w.s.h.BeanNameUrlHandlerMapping - Rejected bean name 'serviceManagementMetadataProvider': no URL paths identified
2020-03-09 20:45:34.194 [main] DEBUG o.s.w.s.h.BeanNameUrlHandlerMapping - Rejected bean name 'eurekaInstanceConfigBean': no URL paths identified
2020-03-09 20:45:34.194 [main] DEBUG o.s.w.s.h.BeanNameUrlHandlerMapping - Rejected bean name 'discoveryClient': no URL paths identified
2020-03-09 20:45:34.194 [main] DEBUG o.s.w.s.h.BeanNameUrlHandlerMapping - Rejected bean name 'eurekaServiceRegistry': no URL paths identified
2020-03-09 20:45:34.194 [main] DEBUG o.s.w.s.h.BeanNameUrlHandlerMapping - Rejected bean name 'eurekaAutoServiceRegistration': no URL paths identified
2020-03-09 20:45:34.194 [main] DEBUG o.s.w.s.h.BeanNameUrlHandlerMapping - Rejected bean name 'org.springframework.cloud.client.CommonsClientAutoConfiguration': no URL paths identified
2020-03-09 20:45:34.194 [main] DEBUG o.s.w.s.h.BeanNameUrlHandlerMapping - Rejected bean name 'org.springframework.cloud.client.discovery.composite.CompositeDiscoveryClientAutoConfiguration': no URL paths identified
2020-03-09 20:45:34.194 [main] DEBUG o.s.w.s.h.BeanNameUrlHandlerMapping - Rejected bean name 'compositeDiscoveryClient': no URL paths identified
2020-03-09 20:45:34.194 [main] DEBUG o.s.w.s.h.BeanNameUrlHandlerMapping - Rejected bean name 'org.springframework.cloud.client.discovery.simple.SimpleDiscoveryClientAutoConfiguration': no URL paths identified
2020-03-09 20:45:34.194 [main] DEBUG o.s.w.s.h.BeanNameUrlHandlerMapping - Rejected bean name 'simpleDiscoveryProperties': no URL paths identified
2020-03-09 20:45:34.194 [main] DEBUG o.s.w.s.h.BeanNameUrlHandlerMapping - Rejected bean name 'simpleDiscoveryClient': no URL paths identified
2020-03-09 20:45:34.194 [main] DEBUG o.s.w.s.h.BeanNameUrlHandlerMapping - Rejected bean name 'org.springframework.cloud.netflix.ribbon.RibbonAutoConfiguration': no URL paths identified
2020-03-09 20:45:34.194 [main] DEBUG o.s.w.s.h.BeanNameUrlHandlerMapping - Rejected bean name 'ribbonFeature': no URL paths identified
2020-03-09 20:45:34.194 [main] DEBUG o.s.w.s.h.BeanNameUrlHandlerMapping - Rejected bean name 'springClientFactory': no URL paths identified
2020-03-09 20:45:34.194 [main] DEBUG o.s.w.s.h.BeanNameUrlHandlerMapping - Rejected bean name 'loadBalancerClient': no URL paths identified
2020-03-09 20:45:34.194 [main] DEBUG o.s.w.s.h.BeanNameUrlHandlerMapping - Rejected bean name 'propertiesFactory': no URL paths identified
2020-03-09 20:45:34.194 [main] DEBUG o.s.w.s.h.BeanNameUrlHandlerMapping - Rejected bean name 'default.org.springframework.cloud.netflix.ribbon.RibbonAutoConfiguration.RibbonClientSpecification': no URL paths identified
2020-03-09 20:45:34.195 [main] DEBUG o.s.w.s.h.BeanNameUrlHandlerMapping - Rejected bean name 'ribbon.eager-load-org.springframework.cloud.netflix.ribbon.RibbonEagerLoadProperties': no URL paths identified
2020-03-09 20:45:34.195 [main] DEBUG o.s.w.s.h.BeanNameUrlHandlerMapping - Rejected bean name 'ribbon-org.springframework.cloud.netflix.ribbon.ServerIntrospectorProperties': no URL paths identified
2020-03-09 20:45:34.195 [main] DEBUG o.s.w.s.h.BeanNameUrlHandlerMapping - Rejected bean name 'org.springframework.cloud.client.loadbalancer.AsyncLoadBalancerAutoConfiguration$LoadBalancerInterceptorConfig': no URL paths identified
2020-03-09 20:45:34.195 [main] DEBUG o.s.w.s.h.BeanNameUrlHandlerMapping - Rejected bean name 'asyncLoadBalancerInterceptor': no URL paths identified
2020-03-09 20:45:34.195 [main] DEBUG o.s.w.s.h.BeanNameUrlHandlerMapping - Rejected bean name 'asyncRestTemplateCustomizer': no URL paths identified
2020-03-09 20:45:34.195 [main] DEBUG o.s.w.s.h.BeanNameUrlHandlerMapping - Rejected bean name 'org.springframework.cloud.client.loadbalancer.AsyncLoadBalancerAutoConfiguration$AsyncRestTemplateCustomizerConfig': no URL paths identified
2020-03-09 20:45:34.195 [main] DEBUG o.s.w.s.h.BeanNameUrlHandlerMapping - Rejected bean name 'loadBalancedAsyncRestTemplateInitializer': no URL paths identified
2020-03-09 20:45:34.195 [main] DEBUG o.s.w.s.h.BeanNameUrlHandlerMapping - Rejected bean name 'org.springframework.cloud.client.loadbalancer.AsyncLoadBalancerAutoConfiguration': no URL paths identified
2020-03-09 20:45:34.195 [main] DEBUG o.s.w.s.h.BeanNameUrlHandlerMapping - Rejected bean name 'org.springframework.cloud.client.loadbalancer.LoadBalancerAutoConfiguration$LoadBalancerInterceptorConfig': no URL paths identified
2020-03-09 20:45:34.195 [main] DEBUG o.s.w.s.h.BeanNameUrlHandlerMapping - Rejected bean name 'ribbonInterceptor': no URL paths identified
2020-03-09 20:45:34.195 [main] DEBUG o.s.w.s.h.BeanNameUrlHandlerMapping - Rejected bean name 'restTemplateCustomizer': no URL paths identified
2020-03-09 20:45:34.195 [main] DEBUG o.s.w.s.h.BeanNameUrlHandlerMapping - Rejected bean name 'org.springframework.cloud.client.loadbalancer.LoadBalancerAutoConfiguration': no URL paths identified
2020-03-09 20:45:34.195 [main] DEBUG o.s.w.s.h.BeanNameUrlHandlerMapping - Rejected bean name 'loadBalancedRestTemplateInitializerDeprecated': no URL paths identified
2020-03-09 20:45:34.195 [main] DEBUG o.s.w.s.h.BeanNameUrlHandlerMapping - Rejected bean name 'loadBalancerRequestFactory': no URL paths identified
2020-03-09 20:45:34.195 [main] DEBUG o.s.w.s.h.BeanNameUrlHandlerMapping - Rejected bean name 'spring.cloud.loadbalancer.retry-org.springframework.cloud.client.loadbalancer.LoadBalancerRetryProperties': no URL paths identified
2020-03-09 20:45:34.195 [main] DEBUG o.s.w.s.h.BeanNameUrlHandlerMapping - Rejected bean name 'org.springframework.cloud.client.serviceregistry.ServiceRegistryAutoConfiguration': no URL paths identified
2020-03-09 20:45:34.195 [main] DEBUG o.s.w.s.h.BeanNameUrlHandlerMapping - Rejected bean name 'org.springframework.cloud.commons.httpclient.HttpClientConfiguration$OkHttpClientConfiguration': no URL paths identified
2020-03-09 20:45:34.195 [main] DEBUG o.s.w.s.h.BeanNameUrlHandlerMapping - Rejected bean name 'connPoolFactory': no URL paths identified
2020-03-09 20:45:34.195 [main] DEBUG o.s.w.s.h.BeanNameUrlHandlerMapping - Rejected bean name 'okHttpClientBuilder': no URL paths identified
2020-03-09 20:45:34.195 [main] DEBUG o.s.w.s.h.BeanNameUrlHandlerMapping - Rejected bean name 'okHttpClientFactory': no URL paths identified
2020-03-09 20:45:34.195 [main] DEBUG o.s.w.s.h.BeanNameUrlHandlerMapping - Rejected bean name 'org.springframework.cloud.commons.httpclient.HttpClientConfiguration$ApacheHttpClientConfiguration': no URL paths identified
2020-03-09 20:45:34.195 [main] DEBUG o.s.w.s.h.BeanNameUrlHandlerMapping - Rejected bean name 'connManFactory': no URL paths identified
2020-03-09 20:45:34.195 [main] DEBUG o.s.w.s.h.BeanNameUrlHandlerMapping - Rejected bean name 'apacheHttpClientBuilder': no URL paths identified
2020-03-09 20:45:34.195 [main] DEBUG o.s.w.s.h.BeanNameUrlHandlerMapping - Rejected bean name 'apacheHttpClientFactory': no URL paths identified
2020-03-09 20:45:34.195 [main] DEBUG o.s.w.s.h.BeanNameUrlHandlerMapping - Rejected bean name 'org.springframework.cloud.commons.httpclient.HttpClientConfiguration': no URL paths identified
2020-03-09 20:45:34.195 [main] DEBUG o.s.w.s.h.BeanNameUrlHandlerMapping - Rejected bean name 'org.springframework.cloud.commons.util.UtilAutoConfiguration': no URL paths identified
2020-03-09 20:45:34.195 [main] DEBUG o.s.w.s.h.BeanNameUrlHandlerMapping - Rejected bean name 'inetUtilsProperties': no URL paths identified
2020-03-09 20:45:34.196 [main] DEBUG o.s.w.s.h.BeanNameUrlHandlerMapping - Rejected bean name 'inetUtils': no URL paths identified
2020-03-09 20:45:34.196 [main] DEBUG o.s.w.s.h.BeanNameUrlHandlerMapping - Rejected bean name 'org.springframework.cloud.netflix.ribbon.eureka.RibbonEurekaAutoConfiguration': no URL paths identified
2020-03-09 20:45:34.196 [main] DEBUG o.s.w.s.h.BeanNameUrlHandlerMapping - Rejected bean name 'default.org.springframework.cloud.netflix.ribbon.eureka.RibbonEurekaAutoConfiguration.RibbonClientSpecification': no URL paths identified
2020-03-09 20:45:34.196 [main] DEBUG o.s.w.s.h.BeanNameUrlHandlerMapping - Rejected bean name 'org.springframework.cloud.openfeign.ribbon.DefaultFeignLoadBalancedConfiguration': no URL paths identified
2020-03-09 20:45:34.196 [main] DEBUG o.s.w.s.h.BeanNameUrlHandlerMapping - Rejected bean name 'feignClient': no URL paths identified
2020-03-09 20:45:34.196 [main] DEBUG o.s.w.s.h.BeanNameUrlHandlerMapping - Rejected bean name 'org.springframework.cloud.openfeign.ribbon.FeignRibbonClientAutoConfiguration': no URL paths identified
2020-03-09 20:45:34.196 [main] DEBUG o.s.w.s.h.BeanNameUrlHandlerMapping - Rejected bean name 'cachingLBClientFactory': no URL paths identified
2020-03-09 20:45:34.196 [main] DEBUG o.s.w.s.h.BeanNameUrlHandlerMapping - Rejected bean name 'feignRequestOptions': no URL paths identified
2020-03-09 20:45:34.196 [main] DEBUG o.s.w.s.h.BeanNameUrlHandlerMapping - Rejected bean name 'feign.httpclient-org.springframework.cloud.openfeign.support.FeignHttpClientProperties': no URL paths identified
2020-03-09 20:45:34.196 [main] DEBUG o.s.w.s.h.BeanNameUrlHandlerMapping - Rejected bean name 'org.springframework.cloud.openfeign.FeignAutoConfiguration$HystrixFeignTargeterConfiguration': no URL paths identified
2020-03-09 20:45:34.196 [main] DEBUG o.s.w.s.h.BeanNameUrlHandlerMapping - Rejected bean name 'feignTargeter': no URL paths identified
2020-03-09 20:45:34.196 [main] DEBUG o.s.w.s.h.BeanNameUrlHandlerMapping - Rejected bean name 'org.springframework.cloud.openfeign.FeignAutoConfiguration': no URL paths identified
2020-03-09 20:45:34.197 [main] DEBUG o.s.w.s.h.BeanNameUrlHandlerMapping - Rejected bean name 'feignFeature': no URL paths identified
2020-03-09 20:45:34.197 [main] DEBUG o.s.w.s.h.BeanNameUrlHandlerMapping - Rejected bean name 'feignContext': no URL paths identified
2020-03-09 20:45:34.197 [main] DEBUG o.s.w.s.h.BeanNameUrlHandlerMapping - Rejected bean name 'feign.client-org.springframework.cloud.openfeign.FeignClientProperties': no URL paths identified
2020-03-09 20:45:34.197 [main] DEBUG o.s.w.s.h.BeanNameUrlHandlerMapping - Rejected bean name 'org.springframework.orm.jpa.SharedEntityManagerCreator#0': no URL paths identified
2020-03-09 20:45:34.197 [main] DEBUG o.s.w.s.h.BeanNameUrlHandlerMapping - Rejected bean name 'autoConfigurationReport': no URL paths identified
2020-03-09 20:45:34.197 [main] DEBUG o.s.w.s.h.BeanNameUrlHandlerMapping - Rejected bean name 'org.springframework.boot.context.ContextIdApplicationContextInitializer$ContextId': no URL paths identified
2020-03-09 20:45:34.197 [main] DEBUG o.s.w.s.h.BeanNameUrlHandlerMapping - Rejected bean name 'org.springframework.boot.test.context.filter.TestTypeExcludeFilter': no URL paths identified
2020-03-09 20:45:34.197 [main] DEBUG o.s.w.s.h.BeanNameUrlHandlerMapping - Rejected bean name 'org.springframework.boot.test.autoconfigure.properties.PropertyMappingContextCustomizer$PropertyMappingCheckBeanPostProcessor': no URL paths identified
2020-03-09 20:45:34.197 [main] DEBUG o.s.w.s.h.BeanNameUrlHandlerMapping - Rejected bean name 'springApplicationArguments': no URL paths identified
2020-03-09 20:45:34.197 [main] DEBUG o.s.w.s.h.BeanNameUrlHandlerMapping - Rejected bean name 'springBootBanner': no URL paths identified
2020-03-09 20:45:34.197 [main] DEBUG o.s.w.s.h.BeanNameUrlHandlerMapping - Rejected bean name 'environment': no URL paths identified
2020-03-09 20:45:34.197 [main] DEBUG o.s.w.s.h.BeanNameUrlHandlerMapping - Rejected bean name 'systemProperties': no URL paths identified
2020-03-09 20:45:34.197 [main] DEBUG o.s.w.s.h.BeanNameUrlHandlerMapping - Rejected bean name 'systemEnvironment': no URL paths identified
2020-03-09 20:45:34.197 [main] DEBUG o.s.w.s.h.BeanNameUrlHandlerMapping - Rejected bean name 'servletContext': no URL paths identified
2020-03-09 20:45:34.197 [main] DEBUG o.s.w.s.h.BeanNameUrlHandlerMapping - Rejected bean name 'contextParameters': no URL paths identified
2020-03-09 20:45:34.197 [main] DEBUG o.s.w.s.h.BeanNameUrlHandlerMapping - Rejected bean name 'contextAttributes': no URL paths identified
2020-03-09 20:45:34.197 [main] DEBUG o.s.w.s.h.BeanNameUrlHandlerMapping - Rejected bean name 'org.springframework.context.annotation.ConfigurationClassPostProcessor.importRegistry': no URL paths identified
2020-03-09 20:45:34.197 [main] DEBUG o.s.w.s.h.BeanNameUrlHandlerMapping - Rejected bean name 'org.springframework.boot.test.mock.mockito.MockitoBeans': no URL paths identified
2020-03-09 20:45:34.198 [main] DEBUG o.s.w.s.h.BeanNameUrlHandlerMapping - Rejected bean name 'messageSource': no URL paths identified
2020-03-09 20:45:34.198 [main] DEBUG o.s.w.s.h.BeanNameUrlHandlerMapping - Rejected bean name 'applicationEventMulticaster': no URL paths identified
2020-03-09 20:45:34.198 [main] DEBUG o.s.b.f.s.DefaultListableBeanFactory - Returning cached instance of singleton bean 'org.springframework.transaction.config.internalTransactionAdvisor'
2020-03-09 20:45:34.198 [main] DEBUG o.s.b.f.s.DefaultListableBeanFactory - Returning cached instance of singleton bean 'org.springframework.transaction.config.internalTransactionAdvisor'
2020-03-09 20:45:34.199 [main] DEBUG o.s.b.f.s.DefaultListableBeanFactory - Finished creating instance of bean 'beanNameHandlerMapping'
2020-03-09 20:45:34.199 [main] DEBUG o.s.b.f.s.DefaultListableBeanFactory - Creating shared instance of singleton bean 'resourceHandlerMapping'
2020-03-09 20:45:34.199 [main] DEBUG o.s.b.f.s.DefaultListableBeanFactory - Creating instance of bean 'resourceHandlerMapping'
2020-03-09 20:45:34.200 [main] DEBUG o.s.b.f.s.DefaultListableBeanFactory - Returning cached instance of singleton bean 'org.springframework.transaction.config.internalTransactionAdvisor'
2020-03-09 20:45:34.200 [main] DEBUG o.s.b.f.s.DefaultListableBeanFactory - Returning cached instance of singleton bean 'org.springframework.boot.autoconfigure.web.servlet.WebMvcAutoConfiguration$EnableWebMvcConfiguration'
2020-03-09 20:45:34.200 [main] DEBUG o.s.b.f.s.DefaultListableBeanFactory - Returning cached instance of singleton bean 'mvcContentNegotiationManager'
2020-03-09 20:45:34.200 [main] DEBUG o.s.b.f.s.DefaultListableBeanFactory - Returning cached instance of singleton bean 'mvcUrlPathHelper'
2020-03-09 20:45:34.207 [main] DEBUG o.s.b.f.s.DefaultListableBeanFactory - Returning cached instance of singleton bean 'mvcPathMatcher'
2020-03-09 20:45:34.207 [main] DEBUG o.s.b.f.s.DefaultListableBeanFactory - Returning cached instance of singleton bean 'mvcUrlPathHelper'
2020-03-09 20:45:34.207 [main] DEBUG o.s.b.f.s.DefaultListableBeanFactory - Eagerly caching bean 'resourceHandlerMapping' to allow for resolving potential circular references
2020-03-09 20:45:34.209 [main] INFO  o.s.w.s.h.SimpleUrlHandlerMapping - Mapped URL path [/webjars/**] onto handler of type [class org.springframework.web.servlet.resource.ResourceHttpRequestHandler]
2020-03-09 20:45:34.209 [main] INFO  o.s.w.s.h.SimpleUrlHandlerMapping - Mapped URL path [/**] onto handler of type [class org.springframework.web.servlet.resource.ResourceHttpRequestHandler]
2020-03-09 20:45:34.210 [main] DEBUG o.s.b.f.s.DefaultListableBeanFactory - Returning cached instance of singleton bean 'org.springframework.transaction.config.internalTransactionAdvisor'
2020-03-09 20:45:34.210 [main] DEBUG o.s.b.f.s.DefaultListableBeanFactory - Returning cached instance of singleton bean 'org.springframework.transaction.config.internalTransactionAdvisor'
2020-03-09 20:45:34.210 [main] DEBUG o.s.b.f.s.DefaultListableBeanFactory - Finished creating instance of bean 'resourceHandlerMapping'
2020-03-09 20:45:34.210 [main] DEBUG o.s.b.f.s.DefaultListableBeanFactory - Returning cached instance of singleton bean 'mvcResourceUrlProvider'
2020-03-09 20:45:34.210 [main] DEBUG o.s.b.f.s.DefaultListableBeanFactory - Creating shared instance of singleton bean 'defaultServletHandlerMapping'
2020-03-09 20:45:34.210 [main] DEBUG o.s.b.f.s.DefaultListableBeanFactory - Creating instance of bean 'defaultServletHandlerMapping'
2020-03-09 20:45:34.210 [main] DEBUG o.s.b.f.s.DefaultListableBeanFactory - Returning cached instance of singleton bean 'org.springframework.transaction.config.internalTransactionAdvisor'
2020-03-09 20:45:34.210 [main] DEBUG o.s.b.f.s.DefaultListableBeanFactory - Returning cached instance of singleton bean 'org.springframework.boot.autoconfigure.web.servlet.WebMvcAutoConfiguration$EnableWebMvcConfiguration'
2020-03-09 20:45:34.211 [main] DEBUG o.s.b.f.s.DefaultListableBeanFactory - Eagerly caching bean 'defaultServletHandlerMapping' to allow for resolving potential circular references
2020-03-09 20:45:34.215 [main] DEBUG o.s.b.f.s.DefaultListableBeanFactory - Returning cached instance of singleton bean 'org.springframework.transaction.config.internalTransactionAdvisor'
2020-03-09 20:45:34.215 [main] DEBUG o.s.b.f.s.DefaultListableBeanFactory - Returning cached instance of singleton bean 'org.springframework.transaction.config.internalTransactionAdvisor'
2020-03-09 20:45:34.216 [main] DEBUG o.s.b.f.s.DefaultListableBeanFactory - Finished creating instance of bean 'defaultServletHandlerMapping'
2020-03-09 20:45:34.216 [main] DEBUG o.s.b.f.s.DefaultListableBeanFactory - Creating shared instance of singleton bean 'mvcUriComponentsContributor'
2020-03-09 20:45:34.216 [main] DEBUG o.s.b.f.s.DefaultListableBeanFactory - Creating instance of bean 'mvcUriComponentsContributor'
2020-03-09 20:45:34.216 [main] DEBUG o.s.b.f.s.DefaultListableBeanFactory - Returning cached instance of singleton bean 'org.springframework.transaction.config.internalTransactionAdvisor'
2020-03-09 20:45:34.216 [main] DEBUG o.s.b.f.s.DefaultListableBeanFactory - Returning cached instance of singleton bean 'org.springframework.boot.autoconfigure.web.servlet.WebMvcAutoConfiguration$EnableWebMvcConfiguration'
2020-03-09 20:45:34.217 [main] DEBUG o.s.b.f.s.DefaultListableBeanFactory - Returning cached instance of singleton bean 'requestMappingHandlerAdapter'
2020-03-09 20:45:34.217 [main] DEBUG o.s.b.f.s.DefaultListableBeanFactory - Returning cached instance of singleton bean 'mvcConversionService'
2020-03-09 20:45:34.217 [main] DEBUG o.s.b.f.s.DefaultListableBeanFactory - Eagerly caching bean 'mvcUriComponentsContributor' to allow for resolving potential circular references
2020-03-09 20:45:34.221 [main] DEBUG o.s.b.f.s.DefaultListableBeanFactory - Returning cached instance of singleton bean 'org.springframework.transaction.config.internalTransactionAdvisor'
2020-03-09 20:45:34.221 [main] DEBUG o.s.b.f.s.DefaultListableBeanFactory - Returning cached instance of singleton bean 'org.springframework.transaction.config.internalTransactionAdvisor'
2020-03-09 20:45:34.221 [main] DEBUG o.s.b.f.s.DefaultListableBeanFactory - Finished creating instance of bean 'mvcUriComponentsContributor'
2020-03-09 20:45:34.221 [main] DEBUG o.s.b.f.s.DefaultListableBeanFactory - Creating shared instance of singleton bean 'httpRequestHandlerAdapter'
2020-03-09 20:45:34.221 [main] DEBUG o.s.b.f.s.DefaultListableBeanFactory - Creating instance of bean 'httpRequestHandlerAdapter'
2020-03-09 20:45:34.221 [main] DEBUG o.s.b.f.s.DefaultListableBeanFactory - Returning cached instance of singleton bean 'org.springframework.transaction.config.internalTransactionAdvisor'
2020-03-09 20:45:34.221 [main] DEBUG o.s.b.f.s.DefaultListableBeanFactory - Returning cached instance of singleton bean 'org.springframework.boot.autoconfigure.web.servlet.WebMvcAutoConfiguration$EnableWebMvcConfiguration'
2020-03-09 20:45:34.222 [main] DEBUG o.s.b.f.s.DefaultListableBeanFactory - Eagerly caching bean 'httpRequestHandlerAdapter' to allow for resolving potential circular references
2020-03-09 20:45:34.223 [main] DEBUG o.s.b.f.s.DefaultListableBeanFactory - Returning cached instance of singleton bean 'org.springframework.transaction.config.internalTransactionAdvisor'
2020-03-09 20:45:34.223 [main] DEBUG o.s.b.f.s.DefaultListableBeanFactory - Returning cached instance of singleton bean 'org.springframework.transaction.config.internalTransactionAdvisor'
2020-03-09 20:45:34.224 [main] DEBUG o.s.b.f.s.DefaultListableBeanFactory - Finished creating instance of bean 'httpRequestHandlerAdapter'
2020-03-09 20:45:34.224 [main] DEBUG o.s.b.f.s.DefaultListableBeanFactory - Creating shared instance of singleton bean 'simpleControllerHandlerAdapter'
2020-03-09 20:45:34.224 [main] DEBUG o.s.b.f.s.DefaultListableBeanFactory - Creating instance of bean 'simpleControllerHandlerAdapter'
2020-03-09 20:45:34.224 [main] DEBUG o.s.b.f.s.DefaultListableBeanFactory - Returning cached instance of singleton bean 'org.springframework.transaction.config.internalTransactionAdvisor'
2020-03-09 20:45:34.224 [main] DEBUG o.s.b.f.s.DefaultListableBeanFactory - Returning cached instance of singleton bean 'org.springframework.boot.autoconfigure.web.servlet.WebMvcAutoConfiguration$EnableWebMvcConfiguration'
2020-03-09 20:45:34.224 [main] DEBUG o.s.b.f.s.DefaultListableBeanFactory - Eagerly caching bean 'simpleControllerHandlerAdapter' to allow for resolving potential circular references
2020-03-09 20:45:34.226 [main] DEBUG o.s.b.f.s.DefaultListableBeanFactory - Returning cached instance of singleton bean 'org.springframework.transaction.config.internalTransactionAdvisor'
2020-03-09 20:45:34.226 [main] DEBUG o.s.b.f.s.DefaultListableBeanFactory - Returning cached instance of singleton bean 'org.springframework.transaction.config.internalTransactionAdvisor'
2020-03-09 20:45:34.226 [main] DEBUG o.s.b.f.s.DefaultListableBeanFactory - Finished creating instance of bean 'simpleControllerHandlerAdapter'
2020-03-09 20:45:34.226 [main] DEBUG o.s.b.f.s.DefaultListableBeanFactory - Creating shared instance of singleton bean 'handlerExceptionResolver'
2020-03-09 20:45:34.226 [main] DEBUG o.s.b.f.s.DefaultListableBeanFactory - Creating instance of bean 'handlerExceptionResolver'
2020-03-09 20:45:34.227 [main] DEBUG o.s.b.f.s.DefaultListableBeanFactory - Returning cached instance of singleton bean 'org.springframework.transaction.config.internalTransactionAdvisor'
2020-03-09 20:45:34.227 [main] DEBUG o.s.b.f.s.DefaultListableBeanFactory - Returning cached instance of singleton bean 'org.springframework.boot.autoconfigure.web.servlet.WebMvcAutoConfiguration$EnableWebMvcConfiguration'
2020-03-09 20:45:34.233 [main] DEBUG o.s.b.f.s.DefaultListableBeanFactory - Returning cached instance of singleton bean 'mvcContentNegotiationManager'
2020-03-09 20:45:34.234 [main] DEBUG o.s.w.s.m.m.a.ExceptionHandlerExceptionResolver - Looking for exception mappings: org.springframework.web.context.support.GenericWebApplicationContext@21d5c1a0: startup date [Mon Mar 09 20:45:20 CST 2020]; parent: org.springframework.context.annotation.AnnotationConfigApplicationContext@c9d0d6
2020-03-09 20:45:34.248 [main] INFO  o.s.w.s.m.m.a.ExceptionHandlerExceptionResolver - Detected @ExceptionHandler methods in exceptionCatch
2020-03-09 20:45:34.252 [main] DEBUG o.s.b.f.s.DefaultListableBeanFactory - Eagerly caching bean 'handlerExceptionResolver' to allow for resolving potential circular references
2020-03-09 20:45:34.254 [main] DEBUG o.s.b.f.s.DefaultListableBeanFactory - Returning cached instance of singleton bean 'org.springframework.transaction.config.internalTransactionAdvisor'
2020-03-09 20:45:34.254 [main] DEBUG o.s.b.f.s.DefaultListableBeanFactory - Returning cached instance of singleton bean 'org.springframework.transaction.config.internalTransactionAdvisor'
2020-03-09 20:45:34.255 [main] DEBUG o.s.b.f.s.DefaultListableBeanFactory - Finished creating instance of bean 'handlerExceptionResolver'
2020-03-09 20:45:34.255 [main] DEBUG o.s.b.f.s.DefaultListableBeanFactory - Creating shared instance of singleton bean 'mvcViewResolver'
2020-03-09 20:45:34.255 [main] DEBUG o.s.b.f.s.DefaultListableBeanFactory - Creating instance of bean 'mvcViewResolver'
2020-03-09 20:45:34.255 [main] DEBUG o.s.b.f.s.DefaultListableBeanFactory - Returning cached instance of singleton bean 'org.springframework.transaction.config.internalTransactionAdvisor'
2020-03-09 20:45:34.255 [main] DEBUG o.s.b.f.s.DefaultListableBeanFactory - Returning cached instance of singleton bean 'org.springframework.boot.autoconfigure.web.servlet.WebMvcAutoConfiguration$EnableWebMvcConfiguration'
2020-03-09 20:45:34.257 [main] DEBUG o.s.b.f.s.DefaultListableBeanFactory - Returning cached instance of singleton bean 'mvcContentNegotiationManager'
2020-03-09 20:45:34.260 [main] DEBUG o.s.b.f.s.DefaultListableBeanFactory - Eagerly caching bean 'mvcViewResolver' to allow for resolving potential circular references
2020-03-09 20:45:34.264 [main] DEBUG o.s.b.f.s.DefaultListableBeanFactory - Invoking afterPropertiesSet() on bean with name 'mvcViewResolver'
2020-03-09 20:45:34.265 [main] DEBUG o.s.b.f.s.DefaultListableBeanFactory - Returning cached instance of singleton bean 'org.springframework.transaction.config.internalTransactionAdvisor'
2020-03-09 20:45:34.265 [main] DEBUG o.s.b.f.s.DefaultListableBeanFactory - Returning cached instance of singleton bean 'org.springframework.transaction.config.internalTransactionAdvisor'
2020-03-09 20:45:34.265 [main] DEBUG o.s.b.f.s.DefaultListableBeanFactory - Finished creating instance of bean 'mvcViewResolver'
2020-03-09 20:45:34.265 [main] DEBUG o.s.b.f.s.DefaultListableBeanFactory - Returning cached instance of singleton bean 'org.springframework.boot.autoconfigure.web.servlet.WebMvcAutoConfiguration$WebMvcAutoConfigurationAdapter'
2020-03-09 20:45:34.265 [main] DEBUG o.s.b.f.s.DefaultListableBeanFactory - Creating shared instance of singleton bean 'defaultViewResolver'
2020-03-09 20:45:34.265 [main] DEBUG o.s.b.f.s.DefaultListableBeanFactory - Creating instance of bean 'defaultViewResolver'
2020-03-09 20:45:34.265 [main] DEBUG o.s.b.f.s.DefaultListableBeanFactory - Returning cached instance of singleton bean 'org.springframework.transaction.config.internalTransactionAdvisor'
2020-03-09 20:45:34.266 [main] DEBUG o.s.b.f.s.DefaultListableBeanFactory - Returning cached instance of singleton bean 'org.springframework.boot.autoconfigure.web.servlet.WebMvcAutoConfiguration$WebMvcAutoConfigurationAdapter'
2020-03-09 20:45:34.278 [main] DEBUG o.s.b.f.s.DefaultListableBeanFactory - Eagerly caching bean 'defaultViewResolver' to allow for resolving potential circular references
2020-03-09 20:45:34.285 [main] DEBUG o.s.b.f.s.DefaultListableBeanFactory - Returning cached instance of singleton bean 'org.springframework.transaction.config.internalTransactionAdvisor'
2020-03-09 20:45:34.285 [main] DEBUG o.s.b.f.s.DefaultListableBeanFactory - Returning cached instance of singleton bean 'org.springframework.transaction.config.internalTransactionAdvisor'
2020-03-09 20:45:34.285 [main] DEBUG o.s.b.f.s.DefaultListableBeanFactory - Finished creating instance of bean 'defaultViewResolver'
2020-03-09 20:45:34.286 [main] DEBUG o.s.b.f.s.DefaultListableBeanFactory - Creating shared instance of singleton bean 'viewResolver'
2020-03-09 20:45:34.286 [main] DEBUG o.s.b.f.s.DefaultListableBeanFactory - Creating instance of bean 'viewResolver'
2020-03-09 20:45:34.286 [main] DEBUG o.s.b.f.s.DefaultListableBeanFactory - Returning cached instance of singleton bean 'org.springframework.transaction.config.internalTransactionAdvisor'
2020-03-09 20:45:34.286 [main] DEBUG o.s.b.f.s.DefaultListableBeanFactory - Returning cached instance of singleton bean 'org.springframework.boot.autoconfigure.web.servlet.WebMvcAutoConfiguration$WebMvcAutoConfigurationAdapter'
2020-03-09 20:45:34.287 [main] DEBUG o.s.b.f.s.DefaultListableBeanFactory - Autowiring by type from bean name 'viewResolver' via factory method to bean named 'org.springframework.beans.factory.support.DefaultListableBeanFactory@4eeea57d'
2020-03-09 20:45:34.289 [main] DEBUG o.s.b.f.s.DefaultListableBeanFactory - Returning cached instance of singleton bean 'mvcContentNegotiationManager'
2020-03-09 20:45:34.290 [main] DEBUG o.s.b.f.s.DefaultListableBeanFactory - Eagerly caching bean 'viewResolver' to allow for resolving potential circular references
2020-03-09 20:45:34.298 [main] DEBUG o.s.b.f.s.DefaultListableBeanFactory - Returning cached instance of singleton bean 'beanNameViewResolver'
2020-03-09 20:45:34.299 [main] DEBUG o.s.b.f.s.DefaultListableBeanFactory - Returning cached instance of singleton bean 'mvcViewResolver'
2020-03-09 20:45:34.299 [main] DEBUG o.s.b.f.s.DefaultListableBeanFactory - Returning cached instance of singleton bean 'defaultViewResolver'
2020-03-09 20:45:34.299 [main] DEBUG o.s.b.f.s.DefaultListableBeanFactory - Returning cached instance of singleton bean 'org.springframework.transaction.config.internalTransactionAdvisor'
2020-03-09 20:45:34.299 [main] DEBUG o.s.b.f.s.DefaultListableBeanFactory - Returning cached instance of singleton bean 'org.springframework.transaction.config.internalTransactionAdvisor'
2020-03-09 20:45:34.299 [main] DEBUG o.s.b.f.s.DefaultListableBeanFactory - Returning eagerly cached instance of singleton bean 'viewResolver' that is not fully initialized yet - a consequence of a circular reference
2020-03-09 20:45:34.300 [main] DEBUG o.s.b.f.s.DefaultListableBeanFactory - Invoking afterPropertiesSet() on bean with name 'viewResolver'
2020-03-09 20:45:34.300 [main] DEBUG o.s.b.f.s.DefaultListableBeanFactory - Finished creating instance of bean 'viewResolver'
2020-03-09 20:45:34.300 [main] DEBUG o.s.b.f.s.DefaultListableBeanFactory - Creating shared instance of singleton bean 'welcomePageHandlerMapping'
2020-03-09 20:45:34.300 [main] DEBUG o.s.b.f.s.DefaultListableBeanFactory - Creating instance of bean 'welcomePageHandlerMapping'
2020-03-09 20:45:34.300 [main] DEBUG o.s.b.f.s.DefaultListableBeanFactory - Returning cached instance of singleton bean 'org.springframework.transaction.config.internalTransactionAdvisor'
2020-03-09 20:45:34.300 [main] DEBUG o.s.b.f.s.DefaultListableBeanFactory - Returning cached instance of singleton bean 'org.springframework.boot.autoconfigure.web.servlet.WebMvcAutoConfiguration$WebMvcAutoConfigurationAdapter'
2020-03-09 20:45:34.300 [main] DEBUG o.s.b.f.s.DefaultListableBeanFactory - Autowiring by type from bean name 'welcomePageHandlerMapping' via factory method to bean named 'org.springframework.web.context.support.GenericWebApplicationContext@21d5c1a0'
2020-03-09 20:45:34.304 [main] DEBUG o.s.c.e.PropertySourcesPropertyResolver - Could not find key 'spring.template.provider.cache' in any property source
2020-03-09 20:45:34.308 [main] DEBUG o.s.b.f.s.DefaultListableBeanFactory - Eagerly caching bean 'welcomePageHandlerMapping' to allow for resolving potential circular references
2020-03-09 20:45:34.316 [main] DEBUG o.s.b.f.s.DefaultListableBeanFactory - Returning cached instance of singleton bean 'org.springframework.transaction.config.internalTransactionAdvisor'
2020-03-09 20:45:34.316 [main] DEBUG o.s.b.f.s.DefaultListableBeanFactory - Returning cached instance of singleton bean 'org.springframework.transaction.config.internalTransactionAdvisor'
2020-03-09 20:45:34.316 [main] DEBUG o.s.b.f.s.DefaultListableBeanFactory - Finished creating instance of bean 'welcomePageHandlerMapping'
2020-03-09 20:45:34.316 [main] DEBUG o.s.b.f.s.DefaultListableBeanFactory - Creating shared instance of singleton bean 'requestContextFilter'
2020-03-09 20:45:34.317 [main] DEBUG o.s.b.f.s.DefaultListableBeanFactory - Creating instance of bean 'requestContextFilter'
2020-03-09 20:45:34.317 [main] DEBUG o.s.b.f.s.DefaultListableBeanFactory - Returning cached instance of singleton bean 'org.springframework.transaction.config.internalTransactionAdvisor'
2020-03-09 20:45:34.319 [main] DEBUG o.s.b.f.s.DefaultListableBeanFactory - Eagerly caching bean 'requestContextFilter' to allow for resolving potential circular references
2020-03-09 20:45:34.325 [main] DEBUG o.s.b.f.s.DefaultListableBeanFactory - Invoking afterPropertiesSet() on bean with name 'requestContextFilter'
2020-03-09 20:45:34.325 [main] DEBUG o.s.b.f.s.DefaultListableBeanFactory - Returning cached instance of singleton bean 'org.springframework.transaction.config.internalTransactionAdvisor'
2020-03-09 20:45:34.325 [main] DEBUG o.s.b.f.s.DefaultListableBeanFactory - Returning cached instance of singleton bean 'org.springframework.transaction.config.internalTransactionAdvisor'
2020-03-09 20:45:34.326 [main] DEBUG o.s.b.f.s.DefaultListableBeanFactory - Finished creating instance of bean 'requestContextFilter'
2020-03-09 20:45:34.326 [main] DEBUG o.s.b.f.s.DefaultListableBeanFactory - Creating shared instance of singleton bean 'org.springframework.boot.autoconfigure.web.servlet.WebMvcAutoConfiguration'
2020-03-09 20:45:34.326 [main] DEBUG o.s.b.f.s.DefaultListableBeanFactory - Creating instance of bean 'org.springframework.boot.autoconfigure.web.servlet.WebMvcAutoConfiguration'
2020-03-09 20:45:34.326 [main] DEBUG o.s.b.f.s.DefaultListableBeanFactory - Returning cached instance of singleton bean 'org.springframework.transaction.config.internalTransactionAdvisor'
2020-03-09 20:45:34.326 [main] DEBUG o.s.b.f.s.DefaultListableBeanFactory - Eagerly caching bean 'org.springframework.boot.autoconfigure.web.servlet.WebMvcAutoConfiguration' to allow for resolving potential circular references
2020-03-09 20:45:34.330 [main] DEBUG o.s.b.f.s.DefaultListableBeanFactory - Returning cached instance of singleton bean 'org.springframework.transaction.config.internalTransactionAdvisor'
2020-03-09 20:45:34.330 [main] DEBUG o.s.b.f.s.DefaultListableBeanFactory - Returning cached instance of singleton bean 'org.springframework.transaction.config.internalTransactionAdvisor'
2020-03-09 20:45:34.330 [main] DEBUG o.s.b.f.s.DefaultListableBeanFactory - Finished creating instance of bean 'org.springframework.boot.autoconfigure.web.servlet.WebMvcAutoConfiguration'
2020-03-09 20:45:34.330 [main] DEBUG o.s.b.f.s.DefaultListableBeanFactory - Creating shared instance of singleton bean 'hiddenHttpMethodFilter'
2020-03-09 20:45:34.331 [main] DEBUG o.s.b.f.s.DefaultListableBeanFactory - Creating instance of bean 'hiddenHttpMethodFilter'
2020-03-09 20:45:34.331 [main] DEBUG o.s.b.f.s.DefaultListableBeanFactory - Returning cached instance of singleton bean 'org.springframework.transaction.config.internalTransactionAdvisor'
2020-03-09 20:45:34.331 [main] DEBUG o.s.b.f.s.DefaultListableBeanFactory - Returning cached instance of singleton bean 'org.springframework.boot.autoconfigure.web.servlet.WebMvcAutoConfiguration'
2020-03-09 20:45:34.336 [main] DEBUG o.s.b.f.s.DefaultListableBeanFactory - Eagerly caching bean 'hiddenHttpMethodFilter' to allow for resolving potential circular references
2020-03-09 20:45:34.344 [main] DEBUG o.s.b.f.s.DefaultListableBeanFactory - Invoking afterPropertiesSet() on bean with name 'hiddenHttpMethodFilter'
2020-03-09 20:45:34.345 [main] DEBUG o.s.b.f.s.DefaultListableBeanFactory - Returning cached instance of singleton bean 'org.springframework.transaction.config.internalTransactionAdvisor'
2020-03-09 20:45:34.345 [main] DEBUG o.s.b.f.s.DefaultListableBeanFactory - Returning cached instance of singleton bean 'org.springframework.transaction.config.internalTransactionAdvisor'
2020-03-09 20:45:34.345 [main] DEBUG o.s.b.f.s.DefaultListableBeanFactory - Finished creating instance of bean 'hiddenHttpMethodFilter'
2020-03-09 20:45:34.345 [main] DEBUG o.s.b.f.s.DefaultListableBeanFactory - Creating shared instance of singleton bean 'httpPutFormContentFilter'
2020-03-09 20:45:34.345 [main] DEBUG o.s.b.f.s.DefaultListableBeanFactory - Creating instance of bean 'httpPutFormContentFilter'
2020-03-09 20:45:34.345 [main] DEBUG o.s.b.f.s.DefaultListableBeanFactory - Returning cached instance of singleton bean 'org.springframework.transaction.config.internalTransactionAdvisor'
2020-03-09 20:45:34.345 [main] DEBUG o.s.b.f.s.DefaultListableBeanFactory - Returning cached instance of singleton bean 'org.springframework.boot.autoconfigure.web.servlet.WebMvcAutoConfiguration'
2020-03-09 20:45:34.348 [main] DEBUG o.s.b.f.s.DefaultListableBeanFactory - Eagerly caching bean 'httpPutFormContentFilter' to allow for resolving potential circular references
2020-03-09 20:45:34.354 [main] DEBUG o.s.b.f.s.DefaultListableBeanFactory - Invoking afterPropertiesSet() on bean with name 'httpPutFormContentFilter'
2020-03-09 20:45:34.354 [main] DEBUG o.s.b.f.s.DefaultListableBeanFactory - Returning cached instance of singleton bean 'org.springframework.transaction.config.internalTransactionAdvisor'
2020-03-09 20:45:34.354 [main] DEBUG o.s.b.f.s.DefaultListableBeanFactory - Returning cached instance of singleton bean 'org.springframework.transaction.config.internalTransactionAdvisor'
2020-03-09 20:45:34.354 [main] DEBUG o.s.b.f.s.DefaultListableBeanFactory - Finished creating instance of bean 'httpPutFormContentFilter'
2020-03-09 20:45:34.354 [main] DEBUG o.s.b.f.s.DefaultListableBeanFactory - Creating shared instance of singleton bean 'com.alibaba.druid.spring.boot.autoconfigure.stat.DruidStatViewServletConfiguration'
2020-03-09 20:45:34.354 [main] DEBUG o.s.b.f.s.DefaultListableBeanFactory - Creating instance of bean 'com.alibaba.druid.spring.boot.autoconfigure.stat.DruidStatViewServletConfiguration'
2020-03-09 20:45:34.355 [main] DEBUG o.s.b.f.s.DefaultListableBeanFactory - Returning cached instance of singleton bean 'org.springframework.transaction.config.internalTransactionAdvisor'
2020-03-09 20:45:34.355 [main] DEBUG o.s.b.f.s.DefaultListableBeanFactory - Eagerly caching bean 'com.alibaba.druid.spring.boot.autoconfigure.stat.DruidStatViewServletConfiguration' to allow for resolving potential circular references
2020-03-09 20:45:34.358 [main] DEBUG o.s.b.f.s.DefaultListableBeanFactory - Returning cached instance of singleton bean 'org.springframework.transaction.config.internalTransactionAdvisor'
2020-03-09 20:45:34.358 [main] DEBUG o.s.b.f.s.DefaultListableBeanFactory - Returning cached instance of singleton bean 'org.springframework.transaction.config.internalTransactionAdvisor'
2020-03-09 20:45:34.358 [main] DEBUG o.s.b.f.s.DefaultListableBeanFactory - Finished creating instance of bean 'com.alibaba.druid.spring.boot.autoconfigure.stat.DruidStatViewServletConfiguration'
2020-03-09 20:45:34.358 [main] DEBUG o.s.b.f.s.DefaultListableBeanFactory - Creating shared instance of singleton bean 'statViewServletRegistrationBean'
2020-03-09 20:45:34.358 [main] DEBUG o.s.b.f.s.DefaultListableBeanFactory - Creating instance of bean 'statViewServletRegistrationBean'
2020-03-09 20:45:34.358 [main] DEBUG o.s.b.f.s.DefaultListableBeanFactory - Returning cached instance of singleton bean 'org.springframework.transaction.config.internalTransactionAdvisor'
2020-03-09 20:45:34.358 [main] DEBUG o.s.b.f.s.DefaultListableBeanFactory - Returning cached instance of singleton bean 'com.alibaba.druid.spring.boot.autoconfigure.stat.DruidStatViewServletConfiguration'
2020-03-09 20:45:34.360 [main] DEBUG o.s.b.f.s.DefaultListableBeanFactory - Creating shared instance of singleton bean 'spring.datasource.druid-com.alibaba.druid.spring.boot.autoconfigure.properties.DruidStatProperties'
2020-03-09 20:45:34.360 [main] DEBUG o.s.b.f.s.DefaultListableBeanFactory - Creating instance of bean 'spring.datasource.druid-com.alibaba.druid.spring.boot.autoconfigure.properties.DruidStatProperties'
2020-03-09 20:45:34.360 [main] DEBUG o.s.b.f.s.DefaultListableBeanFactory - Returning cached instance of singleton bean 'org.springframework.transaction.config.internalTransactionAdvisor'
2020-03-09 20:45:34.360 [main] DEBUG o.s.b.f.s.DefaultListableBeanFactory - Eagerly caching bean 'spring.datasource.druid-com.alibaba.druid.spring.boot.autoconfigure.properties.DruidStatProperties' to allow for resolving potential circular references
2020-03-09 20:45:34.364 [main] DEBUG o.s.b.f.s.DefaultListableBeanFactory - Returning cached instance of singleton bean 'org.springframework.transaction.config.internalTransactionAdvisor'
2020-03-09 20:45:34.364 [main] DEBUG o.s.b.f.s.DefaultListableBeanFactory - Returning cached instance of singleton bean 'org.springframework.transaction.config.internalTransactionAdvisor'
2020-03-09 20:45:34.364 [main] DEBUG o.s.b.f.s.DefaultListableBeanFactory - Finished creating instance of bean 'spring.datasource.druid-com.alibaba.druid.spring.boot.autoconfigure.properties.DruidStatProperties'
2020-03-09 20:45:34.364 [main] DEBUG o.s.b.f.s.DefaultListableBeanFactory - Autowiring by type from bean name 'statViewServletRegistrationBean' via factory method to bean named 'spring.datasource.druid-com.alibaba.druid.spring.boot.autoconfigure.properties.DruidStatProperties'
2020-03-09 20:45:34.367 [main] DEBUG o.s.b.f.s.DefaultListableBeanFactory - Eagerly caching bean 'statViewServletRegistrationBean' to allow for resolving potential circular references
2020-03-09 20:45:34.367 [main] DEBUG o.s.b.f.s.DefaultListableBeanFactory - Returning cached instance of singleton bean 'org.springframework.transaction.config.internalTransactionAdvisor'
2020-03-09 20:45:34.367 [main] DEBUG o.s.b.f.s.DefaultListableBeanFactory - Returning cached instance of singleton bean 'org.springframework.transaction.config.internalTransactionAdvisor'
2020-03-09 20:45:34.368 [main] DEBUG o.s.b.f.s.DefaultListableBeanFactory - Finished creating instance of bean 'statViewServletRegistrationBean'
2020-03-09 20:45:34.368 [main] DEBUG o.s.b.f.s.DefaultListableBeanFactory - Creating shared instance of singleton bean 'com.alibaba.druid.spring.boot.autoconfigure.stat.DruidWebStatFilterConfiguration'
2020-03-09 20:45:34.368 [main] DEBUG o.s.b.f.s.DefaultListableBeanFactory - Creating instance of bean 'com.alibaba.druid.spring.boot.autoconfigure.stat.DruidWebStatFilterConfiguration'
2020-03-09 20:45:34.368 [main] DEBUG o.s.b.f.s.DefaultListableBeanFactory - Returning cached instance of singleton bean 'org.springframework.transaction.config.internalTransactionAdvisor'
2020-03-09 20:45:34.368 [main] DEBUG o.s.b.f.s.DefaultListableBeanFactory - Eagerly caching bean 'com.alibaba.druid.spring.boot.autoconfigure.stat.DruidWebStatFilterConfiguration' to allow for resolving potential circular references
2020-03-09 20:45:34.370 [main] DEBUG o.s.b.f.s.DefaultListableBeanFactory - Returning cached instance of singleton bean 'org.springframework.transaction.config.internalTransactionAdvisor'
2020-03-09 20:45:34.371 [main] DEBUG o.s.b.f.s.DefaultListableBeanFactory - Returning cached instance of singleton bean 'org.springframework.transaction.config.internalTransactionAdvisor'
2020-03-09 20:45:34.371 [main] DEBUG o.s.b.f.s.DefaultListableBeanFactory - Finished creating instance of bean 'com.alibaba.druid.spring.boot.autoconfigure.stat.DruidWebStatFilterConfiguration'
2020-03-09 20:45:34.371 [main] DEBUG o.s.b.f.s.DefaultListableBeanFactory - Creating shared instance of singleton bean 'webStatFilterRegistrationBean'
2020-03-09 20:45:34.371 [main] DEBUG o.s.b.f.s.DefaultListableBeanFactory - Creating instance of bean 'webStatFilterRegistrationBean'
2020-03-09 20:45:34.371 [main] DEBUG o.s.b.f.s.DefaultListableBeanFactory - Returning cached instance of singleton bean 'org.springframework.transaction.config.internalTransactionAdvisor'
2020-03-09 20:45:34.371 [main] DEBUG o.s.b.f.s.DefaultListableBeanFactory - Returning cached instance of singleton bean 'com.alibaba.druid.spring.boot.autoconfigure.stat.DruidWebStatFilterConfiguration'
2020-03-09 20:45:34.372 [main] DEBUG o.s.b.f.s.DefaultListableBeanFactory - Returning cached instance of singleton bean 'spring.datasource.druid-com.alibaba.druid.spring.boot.autoconfigure.properties.DruidStatProperties'
2020-03-09 20:45:34.372 [main] DEBUG o.s.b.f.s.DefaultListableBeanFactory - Autowiring by type from bean name 'webStatFilterRegistrationBean' via factory method to bean named 'spring.datasource.druid-com.alibaba.druid.spring.boot.autoconfigure.properties.DruidStatProperties'
2020-03-09 20:45:34.379 [main] DEBUG o.s.b.f.s.DefaultListableBeanFactory - Eagerly caching bean 'webStatFilterRegistrationBean' to allow for resolving potential circular references
2020-03-09 20:45:34.386 [main] DEBUG o.s.b.f.s.DefaultListableBeanFactory - Returning cached instance of singleton bean 'org.springframework.transaction.config.internalTransactionAdvisor'
2020-03-09 20:45:34.386 [main] DEBUG o.s.b.f.s.DefaultListableBeanFactory - Returning cached instance of singleton bean 'org.springframework.transaction.config.internalTransactionAdvisor'
2020-03-09 20:45:34.387 [main] DEBUG o.s.b.f.s.DefaultListableBeanFactory - Finished creating instance of bean 'webStatFilterRegistrationBean'
2020-03-09 20:45:34.387 [main] DEBUG o.s.b.f.s.DefaultListableBeanFactory - Returning cached instance of singleton bean 'com.alibaba.druid.spring.boot.autoconfigure.stat.DruidFilterConfiguration'
2020-03-09 20:45:34.387 [main] DEBUG o.s.b.f.s.DefaultListableBeanFactory - Returning cached instance of singleton bean 'statFilter'
2020-03-09 20:45:34.387 [main] DEBUG o.s.b.f.s.DefaultListableBeanFactory - Returning cached instance of singleton bean 'com.alibaba.druid.spring.boot.autoconfigure.DruidDataSourceAutoConfigure'
2020-03-09 20:45:34.387 [main] DEBUG o.s.b.f.s.DefaultListableBeanFactory - Returning cached instance of singleton bean 'dataSource'
2020-03-09 20:45:34.387 [main] DEBUG o.s.b.f.s.DefaultListableBeanFactory - Returning cached instance of singleton bean 'spring.datasource.druid-com.alibaba.druid.spring.boot.autoconfigure.properties.DruidStatProperties'
2020-03-09 20:45:34.387 [main] DEBUG o.s.b.f.s.DefaultListableBeanFactory - Returning cached instance of singleton bean 'spring.datasource-org.springframework.boot.autoconfigure.jdbc.DataSourceProperties'
2020-03-09 20:45:34.387 [main] DEBUG o.s.b.f.s.DefaultListableBeanFactory - Creating shared instance of singleton bean 'org.springframework.boot.autoconfigure.transaction.jta.JtaAutoConfiguration'
2020-03-09 20:45:34.387 [main] DEBUG o.s.b.f.s.DefaultListableBeanFactory - Creating instance of bean 'org.springframework.boot.autoconfigure.transaction.jta.JtaAutoConfiguration'
2020-03-09 20:45:34.387 [main] DEBUG o.s.b.f.s.DefaultListableBeanFactory - Returning cached instance of singleton bean 'org.springframework.transaction.config.internalTransactionAdvisor'
2020-03-09 20:45:34.388 [main] DEBUG o.s.b.f.s.DefaultListableBeanFactory - Eagerly caching bean 'org.springframework.boot.autoconfigure.transaction.jta.JtaAutoConfiguration' to allow for resolving potential circular references
2020-03-09 20:45:34.390 [main] DEBUG o.s.b.f.s.DefaultListableBeanFactory - Returning cached instance of singleton bean 'org.springframework.transaction.config.internalTransactionAdvisor'
2020-03-09 20:45:34.390 [main] DEBUG o.s.b.f.s.DefaultListableBeanFactory - Returning cached instance of singleton bean 'org.springframework.transaction.config.internalTransactionAdvisor'
2020-03-09 20:45:34.390 [main] DEBUG o.s.b.f.s.DefaultListableBeanFactory - Finished creating instance of bean 'org.springframework.boot.autoconfigure.transaction.jta.JtaAutoConfiguration'
2020-03-09 20:45:34.390 [main] DEBUG o.s.b.f.s.DefaultListableBeanFactory - Creating shared instance of singleton bean 'spring.jta-org.springframework.boot.autoconfigure.transaction.jta.JtaProperties'
2020-03-09 20:45:34.390 [main] DEBUG o.s.b.f.s.DefaultListableBeanFactory - Creating instance of bean 'spring.jta-org.springframework.boot.autoconfigure.transaction.jta.JtaProperties'
2020-03-09 20:45:34.390 [main] DEBUG o.s.b.f.s.DefaultListableBeanFactory - Returning cached instance of singleton bean 'org.springframework.transaction.config.internalTransactionAdvisor'
2020-03-09 20:45:34.391 [main] DEBUG o.s.b.f.s.DefaultListableBeanFactory - Eagerly caching bean 'spring.jta-org.springframework.boot.autoconfigure.transaction.jta.JtaProperties' to allow for resolving potential circular references
2020-03-09 20:45:34.395 [main] DEBUG o.s.b.f.s.DefaultListableBeanFactory - Returning cached instance of singleton bean 'org.springframework.transaction.config.internalTransactionAdvisor'
2020-03-09 20:45:34.395 [main] DEBUG o.s.b.f.s.DefaultListableBeanFactory - Returning cached instance of singleton bean 'org.springframework.transaction.config.internalTransactionAdvisor'
2020-03-09 20:45:34.395 [main] DEBUG o.s.b.f.s.DefaultListableBeanFactory - Finished creating instance of bean 'spring.jta-org.springframework.boot.autoconfigure.transaction.jta.JtaProperties'
2020-03-09 20:45:34.395 [main] DEBUG o.s.b.f.s.DefaultListableBeanFactory - Returning cached instance of singleton bean 'org.springframework.boot.autoconfigure.jdbc.metadata.DataSourcePoolMetadataProvidersConfiguration$HikariPoolDataSourceMetadataProviderConfiguration'
2020-03-09 20:45:34.395 [main] DEBUG o.s.b.f.s.DefaultListableBeanFactory - Returning cached instance of singleton bean 'hikariPoolDataSourceMetadataProvider'
2020-03-09 20:45:34.395 [main] DEBUG o.s.b.f.s.DefaultListableBeanFactory - Creating shared instance of singleton bean 'org.springframework.boot.autoconfigure.jdbc.metadata.DataSourcePoolMetadataProvidersConfiguration'
2020-03-09 20:45:34.395 [main] DEBUG o.s.b.f.s.DefaultListableBeanFactory - Creating instance of bean 'org.springframework.boot.autoconfigure.jdbc.metadata.DataSourcePoolMetadataProvidersConfiguration'
2020-03-09 20:45:34.395 [main] DEBUG o.s.b.f.s.DefaultListableBeanFactory - Returning cached instance of singleton bean 'org.springframework.transaction.config.internalTransactionAdvisor'
2020-03-09 20:45:34.396 [main] DEBUG o.s.b.f.s.DefaultListableBeanFactory - Eagerly caching bean 'org.springframework.boot.autoconfigure.jdbc.metadata.DataSourcePoolMetadataProvidersConfiguration' to allow for resolving potential circular references
2020-03-09 20:45:34.401 [main] DEBUG o.s.b.f.s.DefaultListableBeanFactory - Returning cached instance of singleton bean 'org.springframework.transaction.config.internalTransactionAdvisor'
2020-03-09 20:45:34.401 [main] DEBUG o.s.b.f.s.DefaultListableBeanFactory - Returning cached instance of singleton bean 'org.springframework.transaction.config.internalTransactionAdvisor'
2020-03-09 20:45:34.402 [main] DEBUG o.s.b.f.s.DefaultListableBeanFactory - Finished creating instance of bean 'org.springframework.boot.autoconfigure.jdbc.metadata.DataSourcePoolMetadataProvidersConfiguration'
2020-03-09 20:45:34.402 [main] DEBUG o.s.b.f.s.DefaultListableBeanFactory - Returning cached instance of singleton bean 'org.springframework.boot.autoconfigure.jdbc.DataSourceInitializerInvoker'
2020-03-09 20:45:34.402 [main] DEBUG o.s.b.f.s.DefaultListableBeanFactory - Creating shared instance of singleton bean 'org.springframework.boot.autoconfigure.jdbc.DataSourceInitializationConfiguration'
2020-03-09 20:45:34.402 [main] DEBUG o.s.b.f.s.DefaultListableBeanFactory - Creating instance of bean 'org.springframework.boot.autoconfigure.jdbc.DataSourceInitializationConfiguration'
2020-03-09 20:45:34.402 [main] DEBUG o.s.b.f.s.DefaultListableBeanFactory - Returning cached instance of singleton bean 'org.springframework.transaction.config.internalTransactionAdvisor'
2020-03-09 20:45:34.402 [main] DEBUG o.s.b.f.s.DefaultListableBeanFactory - Eagerly caching bean 'org.springframework.boot.autoconfigure.jdbc.DataSourceInitializationConfiguration' to allow for resolving potential circular references
2020-03-09 20:45:34.405 [main] DEBUG o.s.b.f.s.DefaultListableBeanFactory - Returning cached instance of singleton bean 'org.springframework.transaction.config.internalTransactionAdvisor'
2020-03-09 20:45:34.406 [main] DEBUG o.s.b.f.s.DefaultListableBeanFactory - Returning cached instance of singleton bean 'org.springframework.transaction.config.internalTransactionAdvisor'
2020-03-09 20:45:34.406 [main] DEBUG o.s.b.f.s.DefaultListableBeanFactory - Finished creating instance of bean 'org.springframework.boot.autoconfigure.jdbc.DataSourceInitializationConfiguration'
2020-03-09 20:45:34.406 [main] DEBUG o.s.b.f.s.DefaultListableBeanFactory - Returning cached instance of singleton bean 'dataSourceInitializerPostProcessor'
2020-03-09 20:45:34.406 [main] DEBUG o.s.b.f.s.DefaultListableBeanFactory - Creating shared instance of singleton bean 'org.springframework.boot.autoconfigure.jdbc.DataSourceAutoConfiguration'
2020-03-09 20:45:34.406 [main] DEBUG o.s.b.f.s.DefaultListableBeanFactory - Creating instance of bean 'org.springframework.boot.autoconfigure.jdbc.DataSourceAutoConfiguration'
2020-03-09 20:45:34.406 [main] DEBUG o.s.b.f.s.DefaultListableBeanFactory - Returning cached instance of singleton bean 'org.springframework.transaction.config.internalTransactionAdvisor'
2020-03-09 20:45:34.406 [main] DEBUG o.s.b.f.s.DefaultListableBeanFactory - Eagerly caching bean 'org.springframework.boot.autoconfigure.jdbc.DataSourceAutoConfiguration' to allow for resolving potential circular references
2020-03-09 20:45:34.409 [main] DEBUG o.s.b.f.s.DefaultListableBeanFactory - Returning cached instance of singleton bean 'org.springframework.transaction.config.internalTransactionAdvisor'
2020-03-09 20:45:34.409 [main] DEBUG o.s.b.f.s.DefaultListableBeanFactory - Returning cached instance of singleton bean 'org.springframework.transaction.config.internalTransactionAdvisor'
2020-03-09 20:45:34.410 [main] DEBUG o.s.b.f.s.DefaultListableBeanFactory - Finished creating instance of bean 'org.springframework.boot.autoconfigure.jdbc.DataSourceAutoConfiguration'
2020-03-09 20:45:34.410 [main] DEBUG o.s.b.f.s.DefaultListableBeanFactory - Creating shared instance of singleton bean 'org.mybatis.spring.boot.autoconfigure.MybatisAutoConfiguration$MapperScannerRegistrarNotFoundConfiguration'
2020-03-09 20:45:34.410 [main] DEBUG o.s.b.f.s.DefaultListableBeanFactory - Creating instance of bean 'org.mybatis.spring.boot.autoconfigure.MybatisAutoConfiguration$MapperScannerRegistrarNotFoundConfiguration'
2020-03-09 20:45:34.410 [main] DEBUG o.s.b.f.s.DefaultListableBeanFactory - Returning cached instance of singleton bean 'org.springframework.transaction.config.internalTransactionAdvisor'
2020-03-09 20:45:34.410 [main] DEBUG o.s.c.a.CommonAnnotationBeanPostProcessor - Found init method on class [org.mybatis.spring.boot.autoconfigure.MybatisAutoConfiguration$MapperScannerRegistrarNotFoundConfiguration$$EnhancerBySpringCGLIB$$c16c609e]: public void org.mybatis.spring.boot.autoconfigure.MybatisAutoConfiguration$MapperScannerRegistrarNotFoundConfiguration.afterPropertiesSet()
2020-03-09 20:45:34.410 [main] DEBUG o.s.c.a.CommonAnnotationBeanPostProcessor - Registered init method on class [org.mybatis.spring.boot.autoconfigure.MybatisAutoConfiguration$MapperScannerRegistrarNotFoundConfiguration$$EnhancerBySpringCGLIB$$c16c609e]: org.springframework.beans.factory.annotation.InitDestroyAnnotationBeanPostProcessor$LifecycleElement@b54555b3
2020-03-09 20:45:34.410 [main] DEBUG o.s.b.f.s.DefaultListableBeanFactory - Eagerly caching bean 'org.mybatis.spring.boot.autoconfigure.MybatisAutoConfiguration$MapperScannerRegistrarNotFoundConfiguration' to allow for resolving potential circular references
2020-03-09 20:45:34.416 [main] DEBUG o.s.c.a.CommonAnnotationBeanPostProcessor - Invoking init method on bean 'org.mybatis.spring.boot.autoconfigure.MybatisAutoConfiguration$MapperScannerRegistrarNotFoundConfiguration': public void org.mybatis.spring.boot.autoconfigure.MybatisAutoConfiguration$MapperScannerRegistrarNotFoundConfiguration.afterPropertiesSet()
2020-03-09 20:45:34.416 [main] DEBUG o.m.s.b.a.MybatisAutoConfiguration - No org.mybatis.spring.mapper.MapperFactoryBean found.
2020-03-09 20:45:34.416 [main] DEBUG o.s.b.f.s.DefaultListableBeanFactory - Returning cached instance of singleton bean 'org.springframework.transaction.config.internalTransactionAdvisor'
2020-03-09 20:45:34.416 [main] DEBUG o.s.b.f.s.DefaultListableBeanFactory - Returning cached instance of singleton bean 'org.springframework.transaction.config.internalTransactionAdvisor'
2020-03-09 20:45:34.417 [main] DEBUG o.s.b.f.s.DefaultListableBeanFactory - Finished creating instance of bean 'org.mybatis.spring.boot.autoconfigure.MybatisAutoConfiguration$MapperScannerRegistrarNotFoundConfiguration'
2020-03-09 20:45:34.417 [main] DEBUG o.s.b.f.s.DefaultListableBeanFactory - Returning cached instance of singleton bean 'categoryMapper'
2020-03-09 20:45:34.417 [main] DEBUG o.s.b.f.s.DefaultListableBeanFactory - Returning cached instance of singleton bean 'courseMapper'
2020-03-09 20:45:34.417 [main] DEBUG o.s.b.f.s.DefaultListableBeanFactory - Returning cached instance of singleton bean 'courseMarketMapper'
2020-03-09 20:45:34.417 [main] DEBUG o.s.b.f.s.DefaultListableBeanFactory - Returning cached instance of singleton bean 'teachplanMapper'
2020-03-09 20:45:34.417 [main] DEBUG o.s.b.f.s.DefaultListableBeanFactory - Returning cached instance of singleton bean 'org.mybatis.spring.boot.autoconfigure.MybatisAutoConfiguration'
2020-03-09 20:45:34.417 [main] DEBUG o.s.b.f.s.DefaultListableBeanFactory - Returning cached instance of singleton bean 'sqlSessionFactory'
2020-03-09 20:45:34.417 [main] DEBUG o.s.b.f.s.DefaultListableBeanFactory - Returning cached instance of singleton bean 'sqlSessionTemplate'
2020-03-09 20:45:34.418 [main] DEBUG o.s.b.f.s.DefaultListableBeanFactory - Returning cached instance of singleton bean 'mybatis-org.mybatis.spring.boot.autoconfigure.MybatisProperties'
2020-03-09 20:45:34.418 [main] DEBUG o.s.b.f.s.DefaultListableBeanFactory - Creating shared instance of singleton bean 'com.github.pagehelper.autoconfigure.PageHelperAutoConfiguration'
2020-03-09 20:45:34.418 [main] DEBUG o.s.b.f.s.DefaultListableBeanFactory - Creating instance of bean 'com.github.pagehelper.autoconfigure.PageHelperAutoConfiguration'
2020-03-09 20:45:34.418 [main] DEBUG o.s.b.f.s.DefaultListableBeanFactory - Returning cached instance of singleton bean 'org.springframework.transaction.config.internalTransactionAdvisor'
2020-03-09 20:45:34.418 [main] DEBUG o.s.c.a.CommonAnnotationBeanPostProcessor - Found init method on class [com.github.pagehelper.autoconfigure.PageHelperAutoConfiguration$$EnhancerBySpringCGLIB$$be0f0800]: public void com.github.pagehelper.autoconfigure.PageHelperAutoConfiguration.addPageInterceptor()
2020-03-09 20:45:34.418 [main] DEBUG o.s.c.a.CommonAnnotationBeanPostProcessor - Registered init method on class [com.github.pagehelper.autoconfigure.PageHelperAutoConfiguration$$EnhancerBySpringCGLIB$$be0f0800]: org.springframework.beans.factory.annotation.InitDestroyAnnotationBeanPostProcessor$LifecycleElement@98dd3535
2020-03-09 20:45:34.418 [main] DEBUG o.s.b.f.annotation.InjectionMetadata - Registered injected element on class [com.github.pagehelper.autoconfigure.PageHelperAutoConfiguration$$EnhancerBySpringCGLIB$$be0f0800]: AutowiredFieldElement for private java.util.List com.github.pagehelper.autoconfigure.PageHelperAutoConfiguration.sqlSessionFactoryList
2020-03-09 20:45:34.418 [main] DEBUG o.s.b.f.annotation.InjectionMetadata - Registered injected element on class [com.github.pagehelper.autoconfigure.PageHelperAutoConfiguration$$EnhancerBySpringCGLIB$$be0f0800]: AutowiredFieldElement for private com.github.pagehelper.autoconfigure.PageHelperProperties com.github.pagehelper.autoconfigure.PageHelperAutoConfiguration.properties
2020-03-09 20:45:34.418 [main] DEBUG o.s.b.f.s.DefaultListableBeanFactory - Eagerly caching bean 'com.github.pagehelper.autoconfigure.PageHelperAutoConfiguration' to allow for resolving potential circular references
2020-03-09 20:45:34.420 [main] DEBUG o.s.b.f.annotation.InjectionMetadata - Processing injected element of bean 'com.github.pagehelper.autoconfigure.PageHelperAutoConfiguration': AutowiredFieldElement for private java.util.List com.github.pagehelper.autoconfigure.PageHelperAutoConfiguration.sqlSessionFactoryList
2020-03-09 20:45:34.420 [main] DEBUG o.s.core.annotation.AnnotationUtils - Failed to meta-introspect annotation interface org.springframework.beans.factory.annotation.Autowired: java.lang.NullPointerException
2020-03-09 20:45:34.420 [main] DEBUG o.s.b.f.s.DefaultListableBeanFactory - Returning cached instance of singleton bean 'sqlSessionFactory'
2020-03-09 20:45:34.421 [main] DEBUG o.s.b.f.a.AutowiredAnnotationBeanPostProcessor - Autowiring by type from bean name 'com.github.pagehelper.autoconfigure.PageHelperAutoConfiguration' to bean named 'sqlSessionFactory'
2020-03-09 20:45:34.421 [main] DEBUG o.s.b.f.annotation.InjectionMetadata - Processing injected element of bean 'com.github.pagehelper.autoconfigure.PageHelperAutoConfiguration': AutowiredFieldElement for private com.github.pagehelper.autoconfigure.PageHelperProperties com.github.pagehelper.autoconfigure.PageHelperAutoConfiguration.properties
2020-03-09 20:45:34.421 [main] DEBUG o.s.core.annotation.AnnotationUtils - Failed to meta-introspect annotation interface org.springframework.beans.factory.annotation.Autowired: java.lang.NullPointerException
2020-03-09 20:45:34.423 [main] DEBUG o.s.b.f.s.DefaultListableBeanFactory - Creating shared instance of singleton bean 'pagehelper-com.github.pagehelper.autoconfigure.PageHelperProperties'
2020-03-09 20:45:34.423 [main] DEBUG o.s.b.f.s.DefaultListableBeanFactory - Creating instance of bean 'pagehelper-com.github.pagehelper.autoconfigure.PageHelperProperties'
2020-03-09 20:45:34.423 [main] DEBUG o.s.b.f.s.DefaultListableBeanFactory - Returning cached instance of singleton bean 'org.springframework.transaction.config.internalTransactionAdvisor'
2020-03-09 20:45:34.424 [main] DEBUG o.s.b.f.s.DefaultListableBeanFactory - Eagerly caching bean 'pagehelper-com.github.pagehelper.autoconfigure.PageHelperProperties' to allow for resolving potential circular references
2020-03-09 20:45:34.429 [main] DEBUG o.s.b.f.s.DefaultListableBeanFactory - Returning cached instance of singleton bean 'org.springframework.transaction.config.internalTransactionAdvisor'
2020-03-09 20:45:34.430 [main] DEBUG o.s.b.f.s.DefaultListableBeanFactory - Returning cached instance of singleton bean 'org.springframework.transaction.config.internalTransactionAdvisor'
2020-03-09 20:45:34.430 [main] DEBUG o.s.b.f.s.DefaultListableBeanFactory - Finished creating instance of bean 'pagehelper-com.github.pagehelper.autoconfigure.PageHelperProperties'
2020-03-09 20:45:34.431 [main] DEBUG o.s.b.f.a.AutowiredAnnotationBeanPostProcessor - Autowiring by type from bean name 'com.github.pagehelper.autoconfigure.PageHelperAutoConfiguration' to bean named 'pagehelper-com.github.pagehelper.autoconfigure.PageHelperProperties'
2020-03-09 20:45:34.431 [main] DEBUG o.s.c.a.CommonAnnotationBeanPostProcessor - Invoking init method on bean 'com.github.pagehelper.autoconfigure.PageHelperAutoConfiguration': public void com.github.pagehelper.autoconfigure.PageHelperAutoConfiguration.addPageInterceptor()
2020-03-09 20:45:34.436 [main] DEBUG o.s.b.f.s.DefaultListableBeanFactory - Creating shared instance of singleton bean 'pageHelperProperties'
2020-03-09 20:45:34.436 [main] DEBUG o.s.b.f.s.DefaultListableBeanFactory - Creating instance of bean 'pageHelperProperties'
2020-03-09 20:45:34.436 [main] DEBUG o.s.b.f.s.DefaultListableBeanFactory - Returning cached instance of singleton bean 'org.springframework.transaction.config.internalTransactionAdvisor'
2020-03-09 20:45:34.437 [main] DEBUG o.s.b.f.s.DefaultListableBeanFactory - Returning cached instance of singleton bean 'org.springframework.transaction.config.internalTransactionAdvisor'
2020-03-09 20:45:34.437 [main] DEBUG o.s.b.f.s.DefaultListableBeanFactory - Returning cached instance of singleton bean 'org.springframework.transaction.config.internalTransactionAdvisor'
2020-03-09 20:45:34.438 [main] DEBUG o.s.b.f.s.DefaultListableBeanFactory - Returning eagerly cached instance of singleton bean 'com.github.pagehelper.autoconfigure.PageHelperAutoConfiguration' that is not fully initialized yet - a consequence of a circular reference
2020-03-09 20:45:34.441 [main] DEBUG o.s.b.f.s.DefaultListableBeanFactory - Eagerly caching bean 'pageHelperProperties' to allow for resolving potential circular references
2020-03-09 20:45:34.460 [main] DEBUG o.s.b.f.s.DefaultListableBeanFactory - Returning cached instance of singleton bean 'org.springframework.transaction.config.internalTransactionAdvisor'
2020-03-09 20:45:34.460 [main] DEBUG o.s.b.f.s.DefaultListableBeanFactory - Returning cached instance of singleton bean 'org.springframework.transaction.config.internalTransactionAdvisor'
2020-03-09 20:45:34.460 [main] DEBUG o.s.b.f.s.DefaultListableBeanFactory - Finished creating instance of bean 'pageHelperProperties'
2020-03-09 20:45:34.528 [main] DEBUG o.s.b.f.s.DefaultListableBeanFactory - Finished creating instance of bean 'com.github.pagehelper.autoconfigure.PageHelperAutoConfiguration'
2020-03-09 20:45:34.528 [main] DEBUG o.s.b.f.s.DefaultListableBeanFactory - Returning cached instance of singleton bean 'pageHelperProperties'
2020-03-09 20:45:34.528 [main] DEBUG o.s.b.f.s.DefaultListableBeanFactory - Returning cached instance of singleton bean 'pagehelper-com.github.pagehelper.autoconfigure.PageHelperProperties'
2020-03-09 20:45:34.528 [main] DEBUG o.s.b.f.s.DefaultListableBeanFactory - Creating shared instance of singleton bean 'org.springframework.boot.autoconfigure.aop.AopAutoConfiguration$CglibAutoProxyConfiguration'
2020-03-09 20:45:34.528 [main] DEBUG o.s.b.f.s.DefaultListableBeanFactory - Creating instance of bean 'org.springframework.boot.autoconfigure.aop.AopAutoConfiguration$CglibAutoProxyConfiguration'
2020-03-09 20:45:34.529 [main] DEBUG o.s.b.f.s.DefaultListableBeanFactory - Returning cached instance of singleton bean 'org.springframework.transaction.config.internalTransactionAdvisor'
2020-03-09 20:45:34.529 [main] DEBUG o.s.b.f.s.DefaultListableBeanFactory - Eagerly caching bean 'org.springframework.boot.autoconfigure.aop.AopAutoConfiguration$CglibAutoProxyConfiguration' to allow for resolving potential circular references
2020-03-09 20:45:34.532 [main] DEBUG o.s.b.f.s.DefaultListableBeanFactory - Returning cached instance of singleton bean 'org.springframework.transaction.config.internalTransactionAdvisor'
2020-03-09 20:45:34.532 [main] DEBUG o.s.b.f.s.DefaultListableBeanFactory - Returning cached instance of singleton bean 'org.springframework.transaction.config.internalTransactionAdvisor'
2020-03-09 20:45:34.532 [main] DEBUG o.s.b.f.s.DefaultListableBeanFactory - Finished creating instance of bean 'org.springframework.boot.autoconfigure.aop.AopAutoConfiguration$CglibAutoProxyConfiguration'
2020-03-09 20:45:34.532 [main] DEBUG o.s.b.f.s.DefaultListableBeanFactory - Returning cached instance of singleton bean 'org.springframework.aop.config.internalAutoProxyCreator'
2020-03-09 20:45:34.532 [main] DEBUG o.s.b.f.s.DefaultListableBeanFactory - Creating shared instance of singleton bean 'org.springframework.boot.autoconfigure.aop.AopAutoConfiguration'
2020-03-09 20:45:34.532 [main] DEBUG o.s.b.f.s.DefaultListableBeanFactory - Creating instance of bean 'org.springframework.boot.autoconfigure.aop.AopAutoConfiguration'
2020-03-09 20:45:34.532 [main] DEBUG o.s.b.f.s.DefaultListableBeanFactory - Returning cached instance of singleton bean 'org.springframework.transaction.config.internalTransactionAdvisor'
2020-03-09 20:45:34.532 [main] DEBUG o.s.b.f.s.DefaultListableBeanFactory - Eagerly caching bean 'org.springframework.boot.autoconfigure.aop.AopAutoConfiguration' to allow for resolving potential circular references
2020-03-09 20:45:34.537 [main] DEBUG o.s.b.f.s.DefaultListableBeanFactory - Returning cached instance of singleton bean 'org.springframework.transaction.config.internalTransactionAdvisor'
2020-03-09 20:45:34.537 [main] DEBUG o.s.b.f.s.DefaultListableBeanFactory - Returning cached instance of singleton bean 'org.springframework.transaction.config.internalTransactionAdvisor'
2020-03-09 20:45:34.537 [main] DEBUG o.s.b.f.s.DefaultListableBeanFactory - Finished creating instance of bean 'org.springframework.boot.autoconfigure.aop.AopAutoConfiguration'
2020-03-09 20:45:34.537 [main] DEBUG o.s.b.f.s.DefaultListableBeanFactory - Creating shared instance of singleton bean 'org.springframework.boot.autoconfigure.context.ConfigurationPropertiesAutoConfiguration'
2020-03-09 20:45:34.537 [main] DEBUG o.s.b.f.s.DefaultListableBeanFactory - Creating instance of bean 'org.springframework.boot.autoconfigure.context.ConfigurationPropertiesAutoConfiguration'
2020-03-09 20:45:34.537 [main] DEBUG o.s.b.f.s.DefaultListableBeanFactory - Returning cached instance of singleton bean 'org.springframework.transaction.config.internalTransactionAdvisor'
2020-03-09 20:45:34.538 [main] DEBUG o.s.b.f.s.DefaultListableBeanFactory - Eagerly caching bean 'org.springframework.boot.autoconfigure.context.ConfigurationPropertiesAutoConfiguration' to allow for resolving potential circular references
2020-03-09 20:45:34.541 [main] DEBUG o.s.b.f.s.DefaultListableBeanFactory - Returning cached instance of singleton bean 'org.springframework.transaction.config.internalTransactionAdvisor'
2020-03-09 20:45:34.541 [main] DEBUG o.s.b.f.s.DefaultListableBeanFactory - Returning cached instance of singleton bean 'org.springframework.transaction.config.internalTransactionAdvisor'
2020-03-09 20:45:34.541 [main] DEBUG o.s.b.f.s.DefaultListableBeanFactory - Finished creating instance of bean 'org.springframework.boot.autoconfigure.context.ConfigurationPropertiesAutoConfiguration'
2020-03-09 20:45:34.541 [main] DEBUG o.s.b.f.s.DefaultListableBeanFactory - Creating shared instance of singleton bean 'org.springframework.boot.autoconfigure.dao.PersistenceExceptionTranslationAutoConfiguration'
2020-03-09 20:45:34.541 [main] DEBUG o.s.b.f.s.DefaultListableBeanFactory - Creating instance of bean 'org.springframework.boot.autoconfigure.dao.PersistenceExceptionTranslationAutoConfiguration'
2020-03-09 20:45:34.542 [main] DEBUG o.s.b.f.s.DefaultListableBeanFactory - Returning cached instance of singleton bean 'org.springframework.transaction.config.internalTransactionAdvisor'
2020-03-09 20:45:34.542 [main] DEBUG o.s.b.f.s.DefaultListableBeanFactory - Eagerly caching bean 'org.springframework.boot.autoconfigure.dao.PersistenceExceptionTranslationAutoConfiguration' to allow for resolving potential circular references
2020-03-09 20:45:34.544 [main] DEBUG o.s.b.f.s.DefaultListableBeanFactory - Returning cached instance of singleton bean 'org.springframework.transaction.config.internalTransactionAdvisor'
2020-03-09 20:45:34.544 [main] DEBUG o.s.b.f.s.DefaultListableBeanFactory - Returning cached instance of singleton bean 'org.springframework.transaction.config.internalTransactionAdvisor'
2020-03-09 20:45:34.544 [main] DEBUG o.s.b.f.s.DefaultListableBeanFactory - Finished creating instance of bean 'org.springframework.boot.autoconfigure.dao.PersistenceExceptionTranslationAutoConfiguration'
2020-03-09 20:45:34.544 [main] DEBUG o.s.b.f.s.DefaultListableBeanFactory - Returning cached instance of singleton bean 'persistenceExceptionTranslationPostProcessor'
2020-03-09 20:45:34.544 [main] DEBUG o.s.b.f.s.DefaultListableBeanFactory - Returning cached instance of singleton bean 'org.springframework.cloud.autoconfigure.RefreshAutoConfiguration$RefreshScopeBeanDefinitionEnhancer'
2020-03-09 20:45:34.544 [main] DEBUG o.s.b.f.s.DefaultListableBeanFactory - Returning cached instance of singleton bean 'org.springframework.cloud.autoconfigure.RefreshAutoConfiguration$JpaInvokerConfiguration'
2020-03-09 20:45:34.544 [main] DEBUG o.s.b.f.s.DefaultListableBeanFactory - Creating shared instance of singleton bean 'org.springframework.cloud.autoconfigure.RefreshAutoConfiguration'
2020-03-09 20:45:34.544 [main] DEBUG o.s.b.f.s.DefaultListableBeanFactory - Creating instance of bean 'org.springframework.cloud.autoconfigure.RefreshAutoConfiguration'
2020-03-09 20:45:34.544 [main] DEBUG o.s.b.f.s.DefaultListableBeanFactory - Returning cached instance of singleton bean 'org.springframework.transaction.config.internalTransactionAdvisor'
2020-03-09 20:45:34.545 [main] DEBUG o.s.b.f.s.DefaultListableBeanFactory - Eagerly caching bean 'org.springframework.cloud.autoconfigure.RefreshAutoConfiguration' to allow for resolving potential circular references
2020-03-09 20:45:34.549 [main] DEBUG o.s.b.f.s.DefaultListableBeanFactory - Returning cached instance of singleton bean 'org.springframework.transaction.config.internalTransactionAdvisor'
2020-03-09 20:45:34.549 [main] DEBUG o.s.b.f.s.DefaultListableBeanFactory - Returning cached instance of singleton bean 'org.springframework.transaction.config.internalTransactionAdvisor'
2020-03-09 20:45:34.550 [main] DEBUG o.s.b.f.s.DefaultListableBeanFactory - Finished creating instance of bean 'org.springframework.cloud.autoconfigure.RefreshAutoConfiguration'
2020-03-09 20:45:34.550 [main] DEBUG o.s.b.f.s.DefaultListableBeanFactory - Returning cached instance of singleton bean 'refreshScope'
2020-03-09 20:45:34.550 [main] DEBUG o.s.b.f.s.DefaultListableBeanFactory - Creating shared instance of singleton bean 'loggingRebinder'
2020-03-09 20:45:34.550 [main] DEBUG o.s.b.f.s.DefaultListableBeanFactory - Creating instance of bean 'loggingRebinder'
2020-03-09 20:45:34.550 [main] DEBUG o.s.b.f.s.DefaultListableBeanFactory - Returning cached instance of singleton bean 'org.springframework.transaction.config.internalTransactionAdvisor'
2020-03-09 20:45:34.551 [main] DEBUG o.s.b.f.s.DefaultListableBeanFactory - Eagerly caching bean 'loggingRebinder' to allow for resolving potential circular references
2020-03-09 20:45:34.555 [main] DEBUG o.s.b.f.s.DefaultListableBeanFactory - Returning cached instance of singleton bean 'org.springframework.transaction.config.internalTransactionAdvisor'
2020-03-09 20:45:34.555 [main] DEBUG o.s.b.f.s.DefaultListableBeanFactory - Returning cached instance of singleton bean 'org.springframework.transaction.config.internalTransactionAdvisor'
2020-03-09 20:45:34.556 [main] DEBUG o.s.b.f.s.DefaultListableBeanFactory - Finished creating instance of bean 'loggingRebinder'
2020-03-09 20:45:34.556 [main] DEBUG o.s.b.f.s.DefaultListableBeanFactory - Creating shared instance of singleton bean 'contextRefresher'
2020-03-09 20:45:34.556 [main] DEBUG o.s.b.f.s.DefaultListableBeanFactory - Creating instance of bean 'contextRefresher'
2020-03-09 20:45:34.556 [main] DEBUG o.s.b.f.s.DefaultListableBeanFactory - Returning cached instance of singleton bean 'org.springframework.transaction.config.internalTransactionAdvisor'
2020-03-09 20:45:34.556 [main] DEBUG o.s.b.f.s.DefaultListableBeanFactory - Returning cached instance of singleton bean 'org.springframework.cloud.autoconfigure.RefreshAutoConfiguration'
2020-03-09 20:45:34.561 [main] DEBUG o.s.b.f.s.DefaultListableBeanFactory - Returning cached instance of singleton bean 'refreshScope'
2020-03-09 20:45:34.561 [main] DEBUG o.s.b.f.s.DefaultListableBeanFactory - Autowiring by type from bean name 'contextRefresher' via factory method to bean named 'org.springframework.web.context.support.GenericWebApplicationContext@21d5c1a0'
2020-03-09 20:45:34.561 [main] DEBUG o.s.b.f.s.DefaultListableBeanFactory - Autowiring by type from bean name 'contextRefresher' via factory method to bean named 'refreshScope'
2020-03-09 20:45:34.566 [main] DEBUG o.s.b.f.s.DefaultListableBeanFactory - Eagerly caching bean 'contextRefresher' to allow for resolving potential circular references
2020-03-09 20:45:34.567 [main] DEBUG o.s.b.f.s.DefaultListableBeanFactory - Returning cached instance of singleton bean 'org.springframework.transaction.config.internalTransactionAdvisor'
2020-03-09 20:45:34.568 [main] DEBUG o.s.b.f.s.DefaultListableBeanFactory - Returning cached instance of singleton bean 'org.springframework.transaction.config.internalTransactionAdvisor'
2020-03-09 20:45:34.568 [main] DEBUG o.s.b.f.s.DefaultListableBeanFactory - Finished creating instance of bean 'contextRefresher'
2020-03-09 20:45:34.568 [main] DEBUG o.s.b.f.s.DefaultListableBeanFactory - Creating shared instance of singleton bean 'refreshEventListener'
2020-03-09 20:45:34.568 [main] DEBUG o.s.b.f.s.DefaultListableBeanFactory - Creating instance of bean 'refreshEventListener'
2020-03-09 20:45:34.568 [main] DEBUG o.s.b.f.s.DefaultListableBeanFactory - Returning cached instance of singleton bean 'org.springframework.transaction.config.internalTransactionAdvisor'
2020-03-09 20:45:34.568 [main] DEBUG o.s.b.f.s.DefaultListableBeanFactory - Returning cached instance of singleton bean 'org.springframework.cloud.autoconfigure.RefreshAutoConfiguration'
2020-03-09 20:45:34.571 [main] DEBUG o.s.b.f.s.DefaultListableBeanFactory - Returning cached instance of singleton bean 'contextRefresher'
2020-03-09 20:45:34.572 [main] DEBUG o.s.b.f.s.DefaultListableBeanFactory - Autowiring by type from bean name 'refreshEventListener' via factory method to bean named 'contextRefresher'
2020-03-09 20:45:34.573 [main] DEBUG o.s.b.f.s.DefaultListableBeanFactory - Eagerly caching bean 'refreshEventListener' to allow for resolving potential circular references
2020-03-09 20:45:34.575 [main] DEBUG o.s.b.f.s.DefaultListableBeanFactory - Returning cached instance of singleton bean 'org.springframework.transaction.config.internalTransactionAdvisor'
2020-03-09 20:45:34.575 [main] DEBUG o.s.b.f.s.DefaultListableBeanFactory - Returning cached instance of singleton bean 'org.springframework.transaction.config.internalTransactionAdvisor'
2020-03-09 20:45:34.576 [main] DEBUG o.s.b.f.s.DefaultListableBeanFactory - Finished creating instance of bean 'refreshEventListener'
2020-03-09 20:45:34.576 [main] DEBUG o.s.b.f.s.DefaultListableBeanFactory - Returning cached instance of singleton bean 'org.springframework.boot.autoconfigure.orm.jpa.JpaBaseConfiguration$JpaWebConfiguration$JpaWebMvcConfiguration'
2020-03-09 20:45:34.576 [main] DEBUG o.s.b.f.s.DefaultListableBeanFactory - Returning cached instance of singleton bean 'openEntityManagerInViewInterceptor'
2020-03-09 20:45:34.576 [main] DEBUG o.s.b.f.s.DefaultListableBeanFactory - Creating shared instance of singleton bean 'org.springframework.boot.autoconfigure.orm.jpa.JpaBaseConfiguration$JpaWebConfiguration'
2020-03-09 20:45:34.576 [main] DEBUG o.s.b.f.s.DefaultListableBeanFactory - Creating instance of bean 'org.springframework.boot.autoconfigure.orm.jpa.JpaBaseConfiguration$JpaWebConfiguration'
2020-03-09 20:45:34.576 [main] DEBUG o.s.b.f.s.DefaultListableBeanFactory - Returning cached instance of singleton bean 'org.springframework.transaction.config.internalTransactionAdvisor'
2020-03-09 20:45:34.577 [main] DEBUG o.s.b.f.s.DefaultListableBeanFactory - Eagerly caching bean 'org.springframework.boot.autoconfigure.orm.jpa.JpaBaseConfiguration$JpaWebConfiguration' to allow for resolving potential circular references
2020-03-09 20:45:34.583 [main] DEBUG o.s.b.f.s.DefaultListableBeanFactory - Returning cached instance of singleton bean 'org.springframework.transaction.config.internalTransactionAdvisor'
2020-03-09 20:45:34.583 [main] DEBUG o.s.b.f.s.DefaultListableBeanFactory - Returning cached instance of singleton bean 'org.springframework.transaction.config.internalTransactionAdvisor'
2020-03-09 20:45:34.583 [main] DEBUG o.s.b.f.s.DefaultListableBeanFactory - Finished creating instance of bean 'org.springframework.boot.autoconfigure.orm.jpa.JpaBaseConfiguration$JpaWebConfiguration'
2020-03-09 20:45:34.583 [main] DEBUG o.s.b.f.s.DefaultListableBeanFactory - Returning cached instance of singleton bean 'org.springframework.boot.autoconfigure.orm.jpa.HibernateJpaConfiguration'
2020-03-09 20:45:34.583 [main] DEBUG o.s.b.f.s.DefaultListableBeanFactory - Creating shared instance of singleton bean 'transactionManager'
2020-03-09 20:45:34.583 [main] DEBUG o.s.b.f.s.DefaultListableBeanFactory - Creating instance of bean 'transactionManager'
2020-03-09 20:45:34.583 [main] DEBUG o.s.b.f.s.DefaultListableBeanFactory - Returning cached instance of singleton bean 'org.springframework.transaction.config.internalTransactionAdvisor'
2020-03-09 20:45:34.583 [main] DEBUG o.s.b.f.s.DefaultListableBeanFactory - Returning cached instance of singleton bean 'org.springframework.boot.autoconfigure.orm.jpa.HibernateJpaConfiguration'
2020-03-09 20:45:34.598 [main] DEBUG o.s.b.f.s.DefaultListableBeanFactory - Eagerly caching bean 'transactionManager' to allow for resolving potential circular references
2020-03-09 20:45:34.604 [main] DEBUG o.s.b.f.s.DefaultListableBeanFactory - Returning cached instance of singleton bean 'entityManagerFactory'
2020-03-09 20:45:34.604 [main] DEBUG o.s.b.f.s.DefaultListableBeanFactory - Invoking afterPropertiesSet() on bean with name 'transactionManager'
2020-03-09 20:45:34.604 [main] DEBUG o.s.b.f.s.DefaultListableBeanFactory - Returning cached instance of singleton bean 'org.springframework.transaction.config.internalTransactionAdvisor'
2020-03-09 20:45:34.604 [main] DEBUG o.s.b.f.s.DefaultListableBeanFactory - Returning cached instance of singleton bean 'org.springframework.transaction.config.internalTransactionAdvisor'
2020-03-09 20:45:34.605 [main] DEBUG o.s.b.f.s.DefaultListableBeanFactory - Finished creating instance of bean 'transactionManager'
2020-03-09 20:45:34.605 [main] DEBUG o.s.b.f.s.DefaultListableBeanFactory - Returning cached instance of singleton bean 'jpaVendorAdapter'
2020-03-09 20:45:34.605 [main] DEBUG o.s.b.f.s.DefaultListableBeanFactory - Returning cached instance of singleton bean 'entityManagerFactoryBuilder'
2020-03-09 20:45:34.606 [main] DEBUG o.s.b.f.s.DefaultListableBeanFactory - Returning cached instance of singleton bean 'entityManagerFactory'
2020-03-09 20:45:34.606 [main] DEBUG o.s.b.f.s.DefaultListableBeanFactory - Returning cached instance of singleton bean 'spring.jpa-org.springframework.boot.autoconfigure.orm.jpa.JpaProperties'
2020-03-09 20:45:34.606 [main] DEBUG o.s.b.f.s.DefaultListableBeanFactory - Returning cached instance of singleton bean 'dataSourceInitializedPublisher'
2020-03-09 20:45:34.606 [main] DEBUG o.s.b.f.s.DefaultListableBeanFactory - Creating shared instance of singleton bean 'org.springframework.boot.autoconfigure.orm.jpa.HibernateJpaAutoConfiguration'
2020-03-09 20:45:34.606 [main] DEBUG o.s.b.f.s.DefaultListableBeanFactory - Creating instance of bean 'org.springframework.boot.autoconfigure.orm.jpa.HibernateJpaAutoConfiguration'
2020-03-09 20:45:34.606 [main] DEBUG o.s.b.f.s.DefaultListableBeanFactory - Returning cached instance of singleton bean 'org.springframework.transaction.config.internalTransactionAdvisor'
2020-03-09 20:45:34.607 [main] DEBUG o.s.b.f.s.DefaultListableBeanFactory - Eagerly caching bean 'org.springframework.boot.autoconfigure.orm.jpa.HibernateJpaAutoConfiguration' to allow for resolving potential circular references
2020-03-09 20:45:34.610 [main] DEBUG o.s.b.f.s.DefaultListableBeanFactory - Returning cached instance of singleton bean 'org.springframework.transaction.config.internalTransactionAdvisor'
2020-03-09 20:45:34.610 [main] DEBUG o.s.b.f.s.DefaultListableBeanFactory - Returning cached instance of singleton bean 'org.springframework.transaction.config.internalTransactionAdvisor'
2020-03-09 20:45:34.610 [main] DEBUG o.s.b.f.s.DefaultListableBeanFactory - Finished creating instance of bean 'org.springframework.boot.autoconfigure.orm.jpa.HibernateJpaAutoConfiguration'
2020-03-09 20:45:34.610 [main] DEBUG o.s.b.f.s.DefaultListableBeanFactory - Creating shared instance of singleton bean 'org.springframework.boot.autoconfigure.data.jpa.JpaRepositoriesAutoConfiguration'
2020-03-09 20:45:34.610 [main] DEBUG o.s.b.f.s.DefaultListableBeanFactory - Creating instance of bean 'org.springframework.boot.autoconfigure.data.jpa.JpaRepositoriesAutoConfiguration'
2020-03-09 20:45:34.610 [main] DEBUG o.s.b.f.s.DefaultListableBeanFactory - Returning cached instance of singleton bean 'org.springframework.transaction.config.internalTransactionAdvisor'
2020-03-09 20:45:34.610 [main] DEBUG o.s.b.f.s.DefaultListableBeanFactory - Eagerly caching bean 'org.springframework.boot.autoconfigure.data.jpa.JpaRepositoriesAutoConfiguration' to allow for resolving potential circular references
2020-03-09 20:45:34.616 [main] DEBUG o.s.b.f.s.DefaultListableBeanFactory - Returning cached instance of singleton bean 'org.springframework.transaction.config.internalTransactionAdvisor'
2020-03-09 20:45:34.616 [main] DEBUG o.s.b.f.s.DefaultListableBeanFactory - Returning cached instance of singleton bean 'org.springframework.transaction.config.internalTransactionAdvisor'
2020-03-09 20:45:34.616 [main] DEBUG o.s.b.f.s.DefaultListableBeanFactory - Finished creating instance of bean 'org.springframework.boot.autoconfigure.data.jpa.JpaRepositoriesAutoConfiguration'
2020-03-09 20:45:34.616 [main] DEBUG o.s.b.f.s.DefaultListableBeanFactory - Returning cached instance of singleton bean 'emBeanDefinitionRegistrarPostProcessor'
2020-03-09 20:45:34.617 [main] DEBUG o.s.b.f.s.DefaultListableBeanFactory - Returning cached instance of singleton bean 'jpaMappingContext'
2020-03-09 20:45:34.617 [main] DEBUG o.s.b.f.s.DefaultListableBeanFactory - Creating shared instance of singleton bean 'jpaContext'
2020-03-09 20:45:34.617 [main] DEBUG o.s.b.f.s.DefaultListableBeanFactory - Creating instance of bean 'jpaContext'
2020-03-09 20:45:34.617 [main] DEBUG o.s.b.f.s.DefaultListableBeanFactory - Returning cached instance of singleton bean 'org.springframework.transaction.config.internalTransactionAdvisor'
2020-03-09 20:45:34.620 [main] DEBUG o.s.b.f.s.DefaultListableBeanFactory - Creating shared instance of singleton bean 'org.springframework.orm.jpa.SharedEntityManagerCreator#0'
2020-03-09 20:45:34.620 [main] DEBUG o.s.b.f.s.DefaultListableBeanFactory - Creating instance of bean 'org.springframework.orm.jpa.SharedEntityManagerCreator#0'
2020-03-09 20:45:34.620 [main] DEBUG o.s.b.f.s.DefaultListableBeanFactory - Returning cached instance of singleton bean 'org.springframework.transaction.config.internalTransactionAdvisor'
2020-03-09 20:45:34.621 [main] DEBUG o.s.b.f.s.DefaultListableBeanFactory - Returning cached instance of singleton bean 'entityManagerFactory'
2020-03-09 20:45:34.621 [main] DEBUG o.s.b.f.s.DefaultListableBeanFactory - Eagerly caching bean 'org.springframework.orm.jpa.SharedEntityManagerCreator#0' to allow for resolving potential circular references
2020-03-09 20:45:34.622 [main] DEBUG o.s.b.f.s.DefaultListableBeanFactory - Returning cached instance of singleton bean 'org.springframework.transaction.config.internalTransactionAdvisor'
2020-03-09 20:45:34.622 [main] DEBUG o.s.b.f.s.DefaultListableBeanFactory - Returning cached instance of singleton bean 'org.springframework.transaction.config.internalTransactionAdvisor'
2020-03-09 20:45:34.622 [main] DEBUG o.s.b.f.s.DefaultListableBeanFactory - Finished creating instance of bean 'org.springframework.orm.jpa.SharedEntityManagerCreator#0'
2020-03-09 20:45:34.622 [main] DEBUG o.s.b.f.s.DefaultListableBeanFactory - Autowiring by type from bean name 'jpaContext' via constructor to bean named 'org.springframework.orm.jpa.SharedEntityManagerCreator#0'
2020-03-09 20:45:34.622 [main] DEBUG o.s.b.f.s.DefaultListableBeanFactory - Eagerly caching bean 'jpaContext' to allow for resolving potential circular references
2020-03-09 20:45:34.624 [main] DEBUG o.s.b.f.s.DefaultListableBeanFactory - Returning cached instance of singleton bean 'org.springframework.transaction.config.internalTransactionAdvisor'
2020-03-09 20:45:34.624 [main] DEBUG o.s.b.f.s.DefaultListableBeanFactory - Returning cached instance of singleton bean 'org.springframework.transaction.config.internalTransactionAdvisor'
2020-03-09 20:45:34.624 [main] DEBUG o.s.b.f.s.DefaultListableBeanFactory - Finished creating instance of bean 'jpaContext'
2020-03-09 20:45:34.624 [main] DEBUG o.s.b.f.s.DefaultListableBeanFactory - Returning cached instance of singleton bean 'teachplanMediaRepository'
2020-03-09 20:45:34.624 [main] DEBUG o.s.b.f.s.DefaultListableBeanFactory - Returning cached instance of singleton bean 'teachplanMediaPubRepository'
2020-03-09 20:45:34.624 [main] DEBUG o.s.b.f.s.DefaultListableBeanFactory - Returning cached instance of singleton bean 'courseBaseRepository'
2020-03-09 20:45:34.624 [main] DEBUG o.s.b.f.s.DefaultListableBeanFactory - Returning cached instance of singleton bean 'courseMarketRepository'
2020-03-09 20:45:34.624 [main] DEBUG o.s.b.f.s.DefaultListableBeanFactory - Returning cached instance of singleton bean 'teachplanRepository'
2020-03-09 20:45:34.624 [main] DEBUG o.s.b.f.s.DefaultListableBeanFactory - Returning cached instance of singleton bean 'coursePubRepository'
2020-03-09 20:45:34.624 [main] DEBUG o.s.b.f.s.DefaultListableBeanFactory - Returning cached instance of singleton bean 'coursePicRepository'
2020-03-09 20:45:34.624 [main] DEBUG o.s.b.f.s.DefaultListableBeanFactory - Returning cached instance of singleton bean 'org.springframework.boot.autoconfigure.mongo.MongoAutoConfiguration'
2020-03-09 20:45:34.624 [main] DEBUG o.s.b.f.s.DefaultListableBeanFactory - Returning cached instance of singleton bean 'mongo'
2020-03-09 20:45:34.624 [main] DEBUG o.s.b.f.s.DefaultListableBeanFactory - Returning cached instance of singleton bean 'spring.data.mongodb-org.springframework.boot.autoconfigure.mongo.MongoProperties'
2020-03-09 20:45:34.624 [main] DEBUG o.s.b.f.s.DefaultListableBeanFactory - Returning cached instance of singleton bean 'org.springframework.boot.autoconfigure.data.mongo.MongoDataAutoConfiguration'
2020-03-09 20:45:34.624 [main] DEBUG o.s.b.f.s.DefaultListableBeanFactory - Returning cached instance of singleton bean 'mongoDbFactory'
2020-03-09 20:45:34.624 [main] DEBUG o.s.b.f.s.DefaultListableBeanFactory - Returning cached instance of singleton bean 'mongoTemplate'
2020-03-09 20:45:34.625 [main] DEBUG o.s.b.f.s.DefaultListableBeanFactory - Returning cached instance of singleton bean 'mappingMongoConverter'
2020-03-09 20:45:34.625 [main] DEBUG o.s.b.f.s.DefaultListableBeanFactory - Returning cached instance of singleton bean 'mongoMappingContext'
2020-03-09 20:45:34.625 [main] DEBUG o.s.b.f.s.DefaultListableBeanFactory - Creating shared instance of singleton bean 'gridFsTemplate'
2020-03-09 20:45:34.625 [main] DEBUG o.s.b.f.s.DefaultListableBeanFactory - Creating instance of bean 'gridFsTemplate'
2020-03-09 20:45:34.625 [main] DEBUG o.s.b.f.s.DefaultListableBeanFactory - Returning cached instance of singleton bean 'org.springframework.transaction.config.internalTransactionAdvisor'
2020-03-09 20:45:34.625 [main] DEBUG o.s.b.f.s.DefaultListableBeanFactory - Returning cached instance of singleton bean 'org.springframework.boot.autoconfigure.data.mongo.MongoDataAutoConfiguration'
2020-03-09 20:45:34.625 [main] DEBUG o.s.b.f.s.DefaultListableBeanFactory - Returning cached instance of singleton bean 'mongoDbFactory'
2020-03-09 20:45:34.627 [main] DEBUG o.s.b.f.s.DefaultListableBeanFactory - Returning cached instance of singleton bean 'mongoTemplate'
2020-03-09 20:45:34.627 [main] DEBUG o.s.b.f.s.DefaultListableBeanFactory - Autowiring by type from bean name 'gridFsTemplate' via factory method to bean named 'mongoDbFactory'
2020-03-09 20:45:34.627 [main] DEBUG o.s.b.f.s.DefaultListableBeanFactory - Autowiring by type from bean name 'gridFsTemplate' via factory method to bean named 'mongoTemplate'
2020-03-09 20:45:34.635 [main] DEBUG o.s.b.f.s.DefaultListableBeanFactory - Eagerly caching bean 'gridFsTemplate' to allow for resolving potential circular references
2020-03-09 20:45:34.641 [main] DEBUG o.s.b.f.s.DefaultListableBeanFactory - Returning cached instance of singleton bean 'org.springframework.transaction.config.internalTransactionAdvisor'
2020-03-09 20:45:34.641 [main] DEBUG o.s.b.f.s.DefaultListableBeanFactory - Returning cached instance of singleton bean 'org.springframework.transaction.config.internalTransactionAdvisor'
2020-03-09 20:45:34.641 [main] DEBUG o.s.b.f.s.DefaultListableBeanFactory - Finished creating instance of bean 'gridFsTemplate'
2020-03-09 20:45:34.641 [main] DEBUG o.s.b.f.s.DefaultListableBeanFactory - Returning cached instance of singleton bean 'mongoCustomConversions'
2020-03-09 20:45:34.641 [main] DEBUG o.s.b.f.s.DefaultListableBeanFactory - Creating shared instance of singleton bean 'org.springframework.boot.autoconfigure.data.mongo.MongoRepositoriesAutoConfiguration'
2020-03-09 20:45:34.641 [main] DEBUG o.s.b.f.s.DefaultListableBeanFactory - Creating instance of bean 'org.springframework.boot.autoconfigure.data.mongo.MongoRepositoriesAutoConfiguration'
2020-03-09 20:45:34.642 [main] DEBUG o.s.b.f.s.DefaultListableBeanFactory - Returning cached instance of singleton bean 'org.springframework.transaction.config.internalTransactionAdvisor'
2020-03-09 20:45:34.642 [main] DEBUG o.s.b.f.s.DefaultListableBeanFactory - Eagerly caching bean 'org.springframework.boot.autoconfigure.data.mongo.MongoRepositoriesAutoConfiguration' to allow for resolving potential circular references
2020-03-09 20:45:34.648 [main] DEBUG o.s.b.f.s.DefaultListableBeanFactory - Returning cached instance of singleton bean 'org.springframework.transaction.config.internalTransactionAdvisor'
2020-03-09 20:45:34.648 [main] DEBUG o.s.b.f.s.DefaultListableBeanFactory - Returning cached instance of singleton bean 'org.springframework.transaction.config.internalTransactionAdvisor'
2020-03-09 20:45:34.649 [main] DEBUG o.s.b.f.s.DefaultListableBeanFactory - Finished creating instance of bean 'org.springframework.boot.autoconfigure.data.mongo.MongoRepositoriesAutoConfiguration'
2020-03-09 20:45:34.649 [main] DEBUG o.s.b.f.s.DefaultListableBeanFactory - Returning cached instance of singleton bean 'sysDictionaryRepository'
2020-03-09 20:45:34.649 [main] DEBUG o.s.b.f.s.DefaultListableBeanFactory - Creating shared instance of singleton bean 'org.springframework.boot.autoconfigure.gson.GsonAutoConfiguration'
2020-03-09 20:45:34.649 [main] DEBUG o.s.b.f.s.DefaultListableBeanFactory - Creating instance of bean 'org.springframework.boot.autoconfigure.gson.GsonAutoConfiguration'
2020-03-09 20:45:34.649 [main] DEBUG o.s.b.f.s.DefaultListableBeanFactory - Returning cached instance of singleton bean 'org.springframework.transaction.config.internalTransactionAdvisor'
2020-03-09 20:45:34.650 [main] DEBUG o.s.b.f.s.DefaultListableBeanFactory - Eagerly caching bean 'org.springframework.boot.autoconfigure.gson.GsonAutoConfiguration' to allow for resolving potential circular references
2020-03-09 20:45:34.654 [main] DEBUG o.s.b.f.s.DefaultListableBeanFactory - Returning cached instance of singleton bean 'org.springframework.transaction.config.internalTransactionAdvisor'
2020-03-09 20:45:34.654 [main] DEBUG o.s.b.f.s.DefaultListableBeanFactory - Returning cached instance of singleton bean 'org.springframework.transaction.config.internalTransactionAdvisor'
2020-03-09 20:45:34.655 [main] DEBUG o.s.b.f.s.DefaultListableBeanFactory - Finished creating instance of bean 'org.springframework.boot.autoconfigure.gson.GsonAutoConfiguration'
2020-03-09 20:45:34.655 [main] DEBUG o.s.b.f.s.DefaultListableBeanFactory - Creating shared instance of singleton bean 'gsonBuilder'
2020-03-09 20:45:34.655 [main] DEBUG o.s.b.f.s.DefaultListableBeanFactory - Creating instance of bean 'gsonBuilder'
2020-03-09 20:45:34.655 [main] DEBUG o.s.b.f.s.DefaultListableBeanFactory - Returning cached instance of singleton bean 'org.springframework.transaction.config.internalTransactionAdvisor'
2020-03-09 20:45:34.655 [main] DEBUG o.s.b.f.s.DefaultListableBeanFactory - Returning cached instance of singleton bean 'org.springframework.boot.autoconfigure.gson.GsonAutoConfiguration'
2020-03-09 20:45:34.658 [main] DEBUG o.s.b.f.s.DefaultListableBeanFactory - Creating shared instance of singleton bean 'standardGsonBuilderCustomizer'
2020-03-09 20:45:34.658 [main] DEBUG o.s.b.f.s.DefaultListableBeanFactory - Creating instance of bean 'standardGsonBuilderCustomizer'
2020-03-09 20:45:34.658 [main] DEBUG o.s.b.f.s.DefaultListableBeanFactory - Returning cached instance of singleton bean 'org.springframework.transaction.config.internalTransactionAdvisor'
2020-03-09 20:45:34.658 [main] DEBUG o.s.b.f.s.DefaultListableBeanFactory - Returning cached instance of singleton bean 'org.springframework.boot.autoconfigure.gson.GsonAutoConfiguration'
2020-03-09 20:45:34.659 [main] DEBUG o.s.b.f.s.DefaultListableBeanFactory - Creating shared instance of singleton bean 'spring.gson-org.springframework.boot.autoconfigure.gson.GsonProperties'
2020-03-09 20:45:34.660 [main] DEBUG o.s.b.f.s.DefaultListableBeanFactory - Creating instance of bean 'spring.gson-org.springframework.boot.autoconfigure.gson.GsonProperties'
2020-03-09 20:45:34.660 [main] DEBUG o.s.b.f.s.DefaultListableBeanFactory - Returning cached instance of singleton bean 'org.springframework.transaction.config.internalTransactionAdvisor'
2020-03-09 20:45:34.660 [main] DEBUG o.s.b.f.s.DefaultListableBeanFactory - Eagerly caching bean 'spring.gson-org.springframework.boot.autoconfigure.gson.GsonProperties' to allow for resolving potential circular references
2020-03-09 20:45:34.664 [main] DEBUG o.s.b.f.s.DefaultListableBeanFactory - Returning cached instance of singleton bean 'org.springframework.transaction.config.internalTransactionAdvisor'
2020-03-09 20:45:34.664 [main] DEBUG o.s.b.f.s.DefaultListableBeanFactory - Returning cached instance of singleton bean 'org.springframework.transaction.config.internalTransactionAdvisor'
2020-03-09 20:45:34.665 [main] DEBUG o.s.b.f.s.DefaultListableBeanFactory - Finished creating instance of bean 'spring.gson-org.springframework.boot.autoconfigure.gson.GsonProperties'
2020-03-09 20:45:34.665 [main] DEBUG o.s.b.f.s.DefaultListableBeanFactory - Autowiring by type from bean name 'standardGsonBuilderCustomizer' via factory method to bean named 'spring.gson-org.springframework.boot.autoconfigure.gson.GsonProperties'
2020-03-09 20:45:34.668 [main] DEBUG o.s.b.f.s.DefaultListableBeanFactory - Eagerly caching bean 'standardGsonBuilderCustomizer' to allow for resolving potential circular references
2020-03-09 20:45:34.673 [main] DEBUG o.s.b.f.s.DefaultListableBeanFactory - Returning cached instance of singleton bean 'org.springframework.transaction.config.internalTransactionAdvisor'
2020-03-09 20:45:34.673 [main] DEBUG o.s.b.f.s.DefaultListableBeanFactory - Returning cached instance of singleton bean 'org.springframework.transaction.config.internalTransactionAdvisor'
2020-03-09 20:45:34.673 [main] DEBUG o.s.b.f.s.DefaultListableBeanFactory - Finished creating instance of bean 'standardGsonBuilderCustomizer'
2020-03-09 20:45:34.673 [main] DEBUG o.s.b.f.s.DefaultListableBeanFactory - Autowiring by type from bean name 'gsonBuilder' via factory method to bean named 'standardGsonBuilderCustomizer'
2020-03-09 20:45:34.686 [main] DEBUG o.s.b.f.s.DefaultListableBeanFactory - Eagerly caching bean 'gsonBuilder' to allow for resolving potential circular references
2020-03-09 20:45:34.688 [main] DEBUG o.s.b.f.s.DefaultListableBeanFactory - Returning cached instance of singleton bean 'org.springframework.transaction.config.internalTransactionAdvisor'
2020-03-09 20:45:34.689 [main] DEBUG o.s.b.f.s.DefaultListableBeanFactory - Returning cached instance of singleton bean 'org.springframework.transaction.config.internalTransactionAdvisor'
2020-03-09 20:45:34.689 [main] DEBUG o.s.b.f.s.DefaultListableBeanFactory - Finished creating instance of bean 'gsonBuilder'
2020-03-09 20:45:34.689 [main] DEBUG o.s.b.f.s.DefaultListableBeanFactory - Creating shared instance of singleton bean 'gson'
2020-03-09 20:45:34.689 [main] DEBUG o.s.b.f.s.DefaultListableBeanFactory - Creating instance of bean 'gson'
2020-03-09 20:45:34.689 [main] DEBUG o.s.b.f.s.DefaultListableBeanFactory - Returning cached instance of singleton bean 'org.springframework.transaction.config.internalTransactionAdvisor'
2020-03-09 20:45:34.689 [main] DEBUG o.s.b.f.s.DefaultListableBeanFactory - Returning cached instance of singleton bean 'org.springframework.boot.autoconfigure.gson.GsonAutoConfiguration'
2020-03-09 20:45:34.690 [main] DEBUG o.s.b.f.s.DefaultListableBeanFactory - Returning cached instance of singleton bean 'gsonBuilder'
2020-03-09 20:45:34.691 [main] DEBUG o.s.b.f.s.DefaultListableBeanFactory - Autowiring by type from bean name 'gson' via factory method to bean named 'gsonBuilder'
2020-03-09 20:45:34.741 [main] DEBUG o.s.b.f.s.DefaultListableBeanFactory - Eagerly caching bean 'gson' to allow for resolving potential circular references
2020-03-09 20:45:34.745 [main] DEBUG o.s.b.f.s.DefaultListableBeanFactory - Returning cached instance of singleton bean 'org.springframework.transaction.config.internalTransactionAdvisor'
2020-03-09 20:45:34.745 [main] DEBUG o.s.b.f.s.DefaultListableBeanFactory - Returning cached instance of singleton bean 'org.springframework.transaction.config.internalTransactionAdvisor'
2020-03-09 20:45:34.746 [main] DEBUG o.s.b.f.s.DefaultListableBeanFactory - Finished creating instance of bean 'gson'
2020-03-09 20:45:34.746 [main] DEBUG o.s.b.f.s.DefaultListableBeanFactory - Returning cached instance of singleton bean 'standardGsonBuilderCustomizer'
2020-03-09 20:45:34.746 [main] DEBUG o.s.b.f.s.DefaultListableBeanFactory - Returning cached instance of singleton bean 'spring.gson-org.springframework.boot.autoconfigure.gson.GsonProperties'
2020-03-09 20:45:34.746 [main] DEBUG o.s.b.f.s.DefaultListableBeanFactory - Returning cached instance of singleton bean 'org.springframework.boot.autoconfigure.jackson.JacksonAutoConfiguration$Jackson2ObjectMapperBuilderCustomizerConfiguration'
2020-03-09 20:45:34.746 [main] DEBUG o.s.b.f.s.DefaultListableBeanFactory - Returning cached instance of singleton bean 'standardJacksonObjectMapperBuilderCustomizer'
2020-03-09 20:45:34.746 [main] DEBUG o.s.b.f.s.DefaultListableBeanFactory - Returning cached instance of singleton bean 'spring.jackson-org.springframework.boot.autoconfigure.jackson.JacksonProperties'
2020-03-09 20:45:34.746 [main] DEBUG o.s.b.f.s.DefaultListableBeanFactory - Returning cached instance of singleton bean 'org.springframework.boot.autoconfigure.jackson.JacksonAutoConfiguration$JacksonObjectMapperBuilderConfiguration'
2020-03-09 20:45:34.746 [main] DEBUG o.s.b.f.s.DefaultListableBeanFactory - Returning cached instance of singleton bean 'jacksonObjectMapperBuilder'
2020-03-09 20:45:34.746 [main] DEBUG o.s.b.f.s.DefaultListableBeanFactory - Returning cached instance of singleton bean 'org.springframework.boot.autoconfigure.jackson.JacksonAutoConfiguration$ParameterNamesModuleConfiguration'
2020-03-09 20:45:34.747 [main] DEBUG o.s.b.f.s.DefaultListableBeanFactory - Returning cached instance of singleton bean 'parameterNamesModule'
2020-03-09 20:45:34.747 [main] DEBUG o.s.b.f.s.DefaultListableBeanFactory - Returning cached instance of singleton bean 'org.springframework.boot.autoconfigure.jackson.JacksonAutoConfiguration$JacksonObjectMapperConfiguration'
2020-03-09 20:45:34.747 [main] DEBUG o.s.b.f.s.DefaultListableBeanFactory - Returning cached instance of singleton bean 'jacksonObjectMapper'
2020-03-09 20:45:34.747 [main] DEBUG o.s.b.f.s.DefaultListableBeanFactory - Returning cached instance of singleton bean 'org.springframework.boot.autoconfigure.jackson.JacksonAutoConfiguration'
2020-03-09 20:45:34.747 [main] DEBUG o.s.b.f.s.DefaultListableBeanFactory - Returning cached instance of singleton bean 'jsonComponentModule'
2020-03-09 20:45:34.747 [main] DEBUG o.s.b.f.s.DefaultListableBeanFactory - Returning cached instance of singleton bean 'org.springframework.boot.autoconfigure.http.HttpMessageConvertersAutoConfiguration$StringHttpMessageConverterConfiguration'
2020-03-09 20:45:34.747 [main] DEBUG o.s.b.f.s.DefaultListableBeanFactory - Returning cached instance of singleton bean 'stringHttpMessageConverter'
2020-03-09 20:45:34.747 [main] DEBUG o.s.b.f.s.DefaultListableBeanFactory - Returning cached instance of singleton bean 'spring.http.encoding-org.springframework.boot.autoconfigure.http.HttpEncodingProperties'
2020-03-09 20:45:34.747 [main] DEBUG o.s.b.f.s.DefaultListableBeanFactory - Returning cached instance of singleton bean 'org.springframework.boot.autoconfigure.http.JacksonHttpMessageConvertersConfiguration$MappingJackson2HttpMessageConverterConfiguration'
2020-03-09 20:45:34.747 [main] DEBUG o.s.b.f.s.DefaultListableBeanFactory - Returning cached instance of singleton bean 'mappingJackson2HttpMessageConverter'
2020-03-09 20:45:34.748 [main] DEBUG o.s.b.f.s.DefaultListableBeanFactory - Creating shared instance of singleton bean 'org.springframework.boot.autoconfigure.http.JacksonHttpMessageConvertersConfiguration'
2020-03-09 20:45:34.748 [main] DEBUG o.s.b.f.s.DefaultListableBeanFactory - Creating instance of bean 'org.springframework.boot.autoconfigure.http.JacksonHttpMessageConvertersConfiguration'
2020-03-09 20:45:34.748 [main] DEBUG o.s.b.f.s.DefaultListableBeanFactory - Returning cached instance of singleton bean 'org.springframework.transaction.config.internalTransactionAdvisor'
2020-03-09 20:45:34.748 [main] DEBUG o.s.b.f.s.DefaultListableBeanFactory - Eagerly caching bean 'org.springframework.boot.autoconfigure.http.JacksonHttpMessageConvertersConfiguration' to allow for resolving potential circular references
2020-03-09 20:45:34.753 [main] DEBUG o.s.b.f.s.DefaultListableBeanFactory - Returning cached instance of singleton bean 'org.springframework.transaction.config.internalTransactionAdvisor'
2020-03-09 20:45:34.753 [main] DEBUG o.s.b.f.s.DefaultListableBeanFactory - Returning cached instance of singleton bean 'org.springframework.transaction.config.internalTransactionAdvisor'
2020-03-09 20:45:34.753 [main] DEBUG o.s.b.f.s.DefaultListableBeanFactory - Finished creating instance of bean 'org.springframework.boot.autoconfigure.http.JacksonHttpMessageConvertersConfiguration'
2020-03-09 20:45:34.753 [main] DEBUG o.s.b.f.s.DefaultListableBeanFactory - Creating shared instance of singleton bean 'org.springframework.boot.autoconfigure.http.GsonHttpMessageConvertersConfiguration'
2020-03-09 20:45:34.753 [main] DEBUG o.s.b.f.s.DefaultListableBeanFactory - Creating instance of bean 'org.springframework.boot.autoconfigure.http.GsonHttpMessageConvertersConfiguration'
2020-03-09 20:45:34.753 [main] DEBUG o.s.b.f.s.DefaultListableBeanFactory - Returning cached instance of singleton bean 'org.springframework.transaction.config.internalTransactionAdvisor'
2020-03-09 20:45:34.754 [main] DEBUG o.s.b.f.s.DefaultListableBeanFactory - Eagerly caching bean 'org.springframework.boot.autoconfigure.http.GsonHttpMessageConvertersConfiguration' to allow for resolving potential circular references
2020-03-09 20:45:34.762 [main] DEBUG o.s.b.f.s.DefaultListableBeanFactory - Returning cached instance of singleton bean 'org.springframework.transaction.config.internalTransactionAdvisor'
2020-03-09 20:45:34.762 [main] DEBUG o.s.b.f.s.DefaultListableBeanFactory - Returning cached instance of singleton bean 'org.springframework.transaction.config.internalTransactionAdvisor'
2020-03-09 20:45:34.763 [main] DEBUG o.s.b.f.s.DefaultListableBeanFactory - Finished creating instance of bean 'org.springframework.boot.autoconfigure.http.GsonHttpMessageConvertersConfiguration'
2020-03-09 20:45:34.763 [main] DEBUG o.s.b.f.s.DefaultListableBeanFactory - Returning cached instance of singleton bean 'org.springframework.boot.autoconfigure.http.HttpMessageConvertersAutoConfiguration'
2020-03-09 20:45:34.763 [main] DEBUG o.s.b.f.s.DefaultListableBeanFactory - Returning cached instance of singleton bean 'messageConverters'
2020-03-09 20:45:34.763 [main] DEBUG o.s.b.f.s.DefaultListableBeanFactory - Creating shared instance of singleton bean 'org.springframework.data.web.config.ProjectingArgumentResolverRegistrar'
2020-03-09 20:45:34.763 [main] DEBUG o.s.b.f.s.DefaultListableBeanFactory - Creating instance of bean 'org.springframework.data.web.config.ProjectingArgumentResolverRegistrar'
2020-03-09 20:45:34.763 [main] DEBUG o.s.b.f.s.DefaultListableBeanFactory - Returning cached instance of singleton bean 'org.springframework.transaction.config.internalTransactionAdvisor'
2020-03-09 20:45:34.764 [main] DEBUG o.s.b.f.s.DefaultListableBeanFactory - Eagerly caching bean 'org.springframework.data.web.config.ProjectingArgumentResolverRegistrar' to allow for resolving potential circular references
2020-03-09 20:45:34.770 [main] DEBUG o.s.b.f.s.DefaultListableBeanFactory - Returning cached instance of singleton bean 'org.springframework.transaction.config.internalTransactionAdvisor'
2020-03-09 20:45:34.770 [main] DEBUG o.s.b.f.s.DefaultListableBeanFactory - Returning cached instance of singleton bean 'org.springframework.transaction.config.internalTransactionAdvisor'
2020-03-09 20:45:34.770 [main] DEBUG o.s.b.f.s.DefaultListableBeanFactory - Finished creating instance of bean 'org.springframework.data.web.config.ProjectingArgumentResolverRegistrar'
2020-03-09 20:45:34.770 [main] DEBUG o.s.b.f.s.DefaultListableBeanFactory - Returning cached instance of singleton bean 'projectingArgumentResolverBeanPostProcessor'
2020-03-09 20:45:34.770 [main] DEBUG o.s.b.f.s.DefaultListableBeanFactory - Returning cached instance of singleton bean 'org.springframework.data.web.config.SpringDataWebConfiguration'
2020-03-09 20:45:34.770 [main] DEBUG o.s.b.f.s.DefaultListableBeanFactory - Returning cached instance of singleton bean 'pageableResolver'
2020-03-09 20:45:34.770 [main] DEBUG o.s.b.f.s.DefaultListableBeanFactory - Returning cached instance of singleton bean 'sortResolver'
2020-03-09 20:45:34.770 [main] DEBUG o.s.b.f.s.DefaultListableBeanFactory - Returning cached instance of singleton bean 'org.springframework.data.web.config.SpringDataJacksonConfiguration'
2020-03-09 20:45:34.770 [main] DEBUG o.s.b.f.s.DefaultListableBeanFactory - Returning cached instance of singleton bean 'jacksonGeoModule'
2020-03-09 20:45:34.770 [main] DEBUG o.s.b.f.s.DefaultListableBeanFactory - Returning cached instance of singleton bean 'org.springframework.data.mongodb.config.GeoJsonConfiguration'
2020-03-09 20:45:34.771 [main] DEBUG o.s.b.f.s.DefaultListableBeanFactory - Returning cached instance of singleton bean 'geoJsonModule'
2020-03-09 20:45:34.771 [main] DEBUG o.s.b.f.s.DefaultListableBeanFactory - Returning cached instance of singleton bean 'org.springframework.boot.autoconfigure.data.web.SpringDataWebAutoConfiguration'
2020-03-09 20:45:34.771 [main] DEBUG o.s.b.f.s.DefaultListableBeanFactory - Returning cached instance of singleton bean 'pageableCustomizer'
2020-03-09 20:45:34.771 [main] DEBUG o.s.b.f.s.DefaultListableBeanFactory - Returning cached instance of singleton bean 'sortCustomizer'
2020-03-09 20:45:34.771 [main] DEBUG o.s.b.f.s.DefaultListableBeanFactory - Returning cached instance of singleton bean 'spring.data.web-org.springframework.boot.autoconfigure.data.web.SpringDataWebProperties'
2020-03-09 20:45:34.771 [main] DEBUG o.s.b.f.s.DefaultListableBeanFactory - Creating shared instance of singleton bean 'org.springframework.boot.autoconfigure.http.codec.CodecsAutoConfiguration$JacksonCodecConfiguration'
2020-03-09 20:45:34.771 [main] DEBUG o.s.b.f.s.DefaultListableBeanFactory - Creating instance of bean 'org.springframework.boot.autoconfigure.http.codec.CodecsAutoConfiguration$JacksonCodecConfiguration'
2020-03-09 20:45:34.771 [main] DEBUG o.s.b.f.s.DefaultListableBeanFactory - Returning cached instance of singleton bean 'org.springframework.transaction.config.internalTransactionAdvisor'
2020-03-09 20:45:34.772 [main] DEBUG o.s.b.f.s.DefaultListableBeanFactory - Eagerly caching bean 'org.springframework.boot.autoconfigure.http.codec.CodecsAutoConfiguration$JacksonCodecConfiguration' to allow for resolving potential circular references
2020-03-09 20:45:34.781 [main] DEBUG o.s.b.f.s.DefaultListableBeanFactory - Returning cached instance of singleton bean 'org.springframework.transaction.config.internalTransactionAdvisor'
2020-03-09 20:45:34.782 [main] DEBUG o.s.b.f.s.DefaultListableBeanFactory - Returning cached instance of singleton bean 'org.springframework.transaction.config.internalTransactionAdvisor'
2020-03-09 20:45:34.782 [main] DEBUG o.s.b.f.s.DefaultListableBeanFactory - Finished creating instance of bean 'org.springframework.boot.autoconfigure.http.codec.CodecsAutoConfiguration$JacksonCodecConfiguration'
2020-03-09 20:45:34.782 [main] DEBUG o.s.b.f.s.DefaultListableBeanFactory - Creating shared instance of singleton bean 'jacksonCodecCustomizer'
2020-03-09 20:45:34.782 [main] DEBUG o.s.b.f.s.DefaultListableBeanFactory - Creating instance of bean 'jacksonCodecCustomizer'
2020-03-09 20:45:34.782 [main] DEBUG o.s.b.f.s.DefaultListableBeanFactory - Returning cached instance of singleton bean 'org.springframework.transaction.config.internalTransactionAdvisor'
2020-03-09 20:45:34.782 [main] DEBUG o.s.b.f.s.DefaultListableBeanFactory - Returning cached instance of singleton bean 'org.springframework.boot.autoconfigure.http.codec.CodecsAutoConfiguration$JacksonCodecConfiguration'
2020-03-09 20:45:34.783 [main] DEBUG o.s.b.f.s.DefaultListableBeanFactory - Returning cached instance of singleton bean 'jacksonObjectMapper'
2020-03-09 20:45:34.783 [main] DEBUG o.s.b.f.s.DefaultListableBeanFactory - Autowiring by type from bean name 'jacksonCodecCustomizer' via factory method to bean named 'jacksonObjectMapper'
2020-03-09 20:45:34.787 [main] DEBUG o.s.b.f.s.DefaultListableBeanFactory - Eagerly caching bean 'jacksonCodecCustomizer' to allow for resolving potential circular references
2020-03-09 20:45:34.790 [main] DEBUG o.s.b.f.s.DefaultListableBeanFactory - Returning cached instance of singleton bean 'org.springframework.transaction.config.internalTransactionAdvisor'
2020-03-09 20:45:34.790 [main] DEBUG o.s.b.f.s.DefaultListableBeanFactory - Returning cached instance of singleton bean 'org.springframework.transaction.config.internalTransactionAdvisor'
2020-03-09 20:45:34.791 [main] DEBUG o.s.b.f.s.DefaultListableBeanFactory - Finished creating instance of bean 'jacksonCodecCustomizer'
2020-03-09 20:45:34.791 [main] DEBUG o.s.b.f.s.DefaultListableBeanFactory - Creating shared instance of singleton bean 'org.springframework.boot.autoconfigure.http.codec.CodecsAutoConfiguration'
2020-03-09 20:45:34.791 [main] DEBUG o.s.b.f.s.DefaultListableBeanFactory - Creating instance of bean 'org.springframework.boot.autoconfigure.http.codec.CodecsAutoConfiguration'
2020-03-09 20:45:34.791 [main] DEBUG o.s.b.f.s.DefaultListableBeanFactory - Returning cached instance of singleton bean 'org.springframework.transaction.config.internalTransactionAdvisor'
2020-03-09 20:45:34.792 [main] DEBUG o.s.b.f.s.DefaultListableBeanFactory - Eagerly caching bean 'org.springframework.boot.autoconfigure.http.codec.CodecsAutoConfiguration' to allow for resolving potential circular references
2020-03-09 20:45:34.800 [main] DEBUG o.s.b.f.s.DefaultListableBeanFactory - Returning cached instance of singleton bean 'org.springframework.transaction.config.internalTransactionAdvisor'
2020-03-09 20:45:34.800 [main] DEBUG o.s.b.f.s.DefaultListableBeanFactory - Returning cached instance of singleton bean 'org.springframework.transaction.config.internalTransactionAdvisor'
2020-03-09 20:45:34.800 [main] DEBUG o.s.b.f.s.DefaultListableBeanFactory - Finished creating instance of bean 'org.springframework.boot.autoconfigure.http.codec.CodecsAutoConfiguration'
2020-03-09 20:45:34.800 [main] DEBUG o.s.b.f.s.DefaultListableBeanFactory - Creating shared instance of singleton bean 'org.springframework.boot.autoconfigure.info.ProjectInfoAutoConfiguration'
2020-03-09 20:45:34.801 [main] DEBUG o.s.b.f.s.DefaultListableBeanFactory - Creating instance of bean 'org.springframework.boot.autoconfigure.info.ProjectInfoAutoConfiguration'
2020-03-09 20:45:34.801 [main] DEBUG o.s.b.f.s.DefaultListableBeanFactory - Returning cached instance of singleton bean 'org.springframework.transaction.config.internalTransactionAdvisor'
2020-03-09 20:45:34.802 [main] DEBUG o.s.c.LocalVariableTableParameterNameDiscoverer - Cannot find '.class' file for class [class org.springframework.boot.autoconfigure.info.ProjectInfoAutoConfiguration$$EnhancerBySpringCGLIB$$e74e7eb4] - unable to determine constructor/method parameter names
2020-03-09 20:45:34.805 [main] DEBUG o.s.b.f.s.DefaultListableBeanFactory - Creating shared instance of singleton bean 'spring.info-org.springframework.boot.autoconfigure.info.ProjectInfoProperties'
2020-03-09 20:45:34.805 [main] DEBUG o.s.b.f.s.DefaultListableBeanFactory - Creating instance of bean 'spring.info-org.springframework.boot.autoconfigure.info.ProjectInfoProperties'
2020-03-09 20:45:34.805 [main] DEBUG o.s.b.f.s.DefaultListableBeanFactory - Returning cached instance of singleton bean 'org.springframework.transaction.config.internalTransactionAdvisor'
2020-03-09 20:45:34.806 [main] DEBUG o.s.b.f.s.DefaultListableBeanFactory - Eagerly caching bean 'spring.info-org.springframework.boot.autoconfigure.info.ProjectInfoProperties' to allow for resolving potential circular references
2020-03-09 20:45:34.809 [main] DEBUG o.s.b.f.s.DefaultListableBeanFactory - Returning cached instance of singleton bean 'org.springframework.transaction.config.internalTransactionAdvisor'
2020-03-09 20:45:34.809 [main] DEBUG o.s.b.f.s.DefaultListableBeanFactory - Returning cached instance of singleton bean 'org.springframework.transaction.config.internalTransactionAdvisor'
2020-03-09 20:45:34.810 [main] DEBUG o.s.b.f.s.DefaultListableBeanFactory - Finished creating instance of bean 'spring.info-org.springframework.boot.autoconfigure.info.ProjectInfoProperties'
2020-03-09 20:45:34.810 [main] DEBUG o.s.b.f.s.DefaultListableBeanFactory - Autowiring by type from bean name 'org.springframework.boot.autoconfigure.info.ProjectInfoAutoConfiguration' via constructor to bean named 'spring.info-org.springframework.boot.autoconfigure.info.ProjectInfoProperties'
2020-03-09 20:45:34.811 [main] DEBUG o.s.b.f.s.DefaultListableBeanFactory - Eagerly caching bean 'org.springframework.boot.autoconfigure.info.ProjectInfoAutoConfiguration' to allow for resolving potential circular references
2020-03-09 20:45:34.821 [main] DEBUG o.s.b.f.s.DefaultListableBeanFactory - Returning cached instance of singleton bean 'org.springframework.transaction.config.internalTransactionAdvisor'
2020-03-09 20:45:34.822 [main] DEBUG o.s.b.f.s.DefaultListableBeanFactory - Returning cached instance of singleton bean 'org.springframework.transaction.config.internalTransactionAdvisor'
2020-03-09 20:45:34.823 [main] DEBUG o.s.b.f.s.DefaultListableBeanFactory - Finished creating instance of bean 'org.springframework.boot.autoconfigure.info.ProjectInfoAutoConfiguration'
2020-03-09 20:45:34.823 [main] DEBUG o.s.b.f.s.DefaultListableBeanFactory - Returning cached instance of singleton bean 'spring.info-org.springframework.boot.autoconfigure.info.ProjectInfoProperties'
2020-03-09 20:45:34.823 [main] DEBUG o.s.b.f.s.DefaultListableBeanFactory - Creating shared instance of singleton bean 'org.springframework.boot.autoconfigure.jdbc.JdbcTemplateAutoConfiguration$JdbcTemplateConfiguration'
2020-03-09 20:45:34.823 [main] DEBUG o.s.b.f.s.DefaultListableBeanFactory - Creating instance of bean 'org.springframework.boot.autoconfigure.jdbc.JdbcTemplateAutoConfiguration$JdbcTemplateConfiguration'
2020-03-09 20:45:34.823 [main] DEBUG o.s.b.f.s.DefaultListableBeanFactory - Returning cached instance of singleton bean 'org.springframework.transaction.config.internalTransactionAdvisor'
2020-03-09 20:45:34.825 [main] DEBUG o.s.c.LocalVariableTableParameterNameDiscoverer - Cannot find '.class' file for class [class org.springframework.boot.autoconfigure.jdbc.JdbcTemplateAutoConfiguration$JdbcTemplateConfiguration$$EnhancerBySpringCGLIB$$c3dfa008] - unable to determine constructor/method parameter names
2020-03-09 20:45:34.825 [main] DEBUG o.s.b.f.s.DefaultListableBeanFactory - Returning cached instance of singleton bean 'dataSource'
2020-03-09 20:45:34.829 [main] DEBUG o.s.b.f.s.DefaultListableBeanFactory - Creating shared instance of singleton bean 'spring.jdbc-org.springframework.boot.autoconfigure.jdbc.JdbcProperties'
2020-03-09 20:45:34.829 [main] DEBUG o.s.b.f.s.DefaultListableBeanFactory - Creating instance of bean 'spring.jdbc-org.springframework.boot.autoconfigure.jdbc.JdbcProperties'
2020-03-09 20:45:34.830 [main] DEBUG o.s.b.f.s.DefaultListableBeanFactory - Returning cached instance of singleton bean 'org.springframework.transaction.config.internalTransactionAdvisor'
2020-03-09 20:45:34.831 [main] DEBUG o.s.b.f.s.DefaultListableBeanFactory - Eagerly caching bean 'spring.jdbc-org.springframework.boot.autoconfigure.jdbc.JdbcProperties' to allow for resolving potential circular references
2020-03-09 20:45:34.835 [main] DEBUG o.s.b.f.s.DefaultListableBeanFactory - Returning cached instance of singleton bean 'org.springframework.transaction.config.internalTransactionAdvisor'
2020-03-09 20:45:34.836 [main] DEBUG o.s.b.f.s.DefaultListableBeanFactory - Returning cached instance of singleton bean 'org.springframework.transaction.config.internalTransactionAdvisor'
2020-03-09 20:45:34.838 [main] DEBUG o.s.b.f.s.DefaultListableBeanFactory - Finished creating instance of bean 'spring.jdbc-org.springframework.boot.autoconfigure.jdbc.JdbcProperties'
2020-03-09 20:45:34.838 [main] DEBUG o.s.b.f.s.DefaultListableBeanFactory - Autowiring by type from bean name 'org.springframework.boot.autoconfigure.jdbc.JdbcTemplateAutoConfiguration$JdbcTemplateConfiguration' via constructor to bean named 'dataSource'
2020-03-09 20:45:34.838 [main] DEBUG o.s.b.f.s.DefaultListableBeanFactory - Autowiring by type from bean name 'org.springframework.boot.autoconfigure.jdbc.JdbcTemplateAutoConfiguration$JdbcTemplateConfiguration' via constructor to bean named 'spring.jdbc-org.springframework.boot.autoconfigure.jdbc.JdbcProperties'
2020-03-09 20:45:34.839 [main] DEBUG o.s.b.f.s.DefaultListableBeanFactory - Eagerly caching bean 'org.springframework.boot.autoconfigure.jdbc.JdbcTemplateAutoConfiguration$JdbcTemplateConfiguration' to allow for resolving potential circular references
2020-03-09 20:45:34.843 [main] DEBUG o.s.b.f.s.DefaultListableBeanFactory - Returning cached instance of singleton bean 'org.springframework.transaction.config.internalTransactionAdvisor'
2020-03-09 20:45:34.843 [main] DEBUG o.s.b.f.s.DefaultListableBeanFactory - Returning cached instance of singleton bean 'org.springframework.transaction.config.internalTransactionAdvisor'
2020-03-09 20:45:34.844 [main] DEBUG o.s.b.f.s.DefaultListableBeanFactory - Finished creating instance of bean 'org.springframework.boot.autoconfigure.jdbc.JdbcTemplateAutoConfiguration$JdbcTemplateConfiguration'
2020-03-09 20:45:34.844 [main] DEBUG o.s.b.f.s.DefaultListableBeanFactory - Creating shared instance of singleton bean 'jdbcTemplate'
2020-03-09 20:45:34.844 [main] DEBUG o.s.b.f.s.DefaultListableBeanFactory - Creating instance of bean 'jdbcTemplate'
2020-03-09 20:45:34.844 [main] DEBUG o.s.b.f.s.DefaultListableBeanFactory - Returning cached instance of singleton bean 'org.springframework.transaction.config.internalTransactionAdvisor'
2020-03-09 20:45:34.844 [main] DEBUG o.s.b.f.s.DefaultListableBeanFactory - Returning cached instance of singleton bean 'org.springframework.boot.autoconfigure.jdbc.JdbcTemplateAutoConfiguration$JdbcTemplateConfiguration'
2020-03-09 20:45:34.852 [main] DEBUG o.s.b.f.s.DefaultListableBeanFactory - Eagerly caching bean 'jdbcTemplate' to allow for resolving potential circular references
2020-03-09 20:45:34.858 [main] DEBUG o.s.b.f.s.DefaultListableBeanFactory - Invoking afterPropertiesSet() on bean with name 'jdbcTemplate'
2020-03-09 20:45:34.858 [main] DEBUG o.s.b.f.s.DefaultListableBeanFactory - Returning cached instance of singleton bean 'org.springframework.transaction.config.internalTransactionAdvisor'
2020-03-09 20:45:34.859 [main] DEBUG o.s.b.f.s.DefaultListableBeanFactory - Returning cached instance of singleton bean 'org.springframework.transaction.config.internalTransactionAdvisor'
2020-03-09 20:45:34.862 [main] DEBUG o.s.b.f.s.DefaultListableBeanFactory - Finished creating instance of bean 'jdbcTemplate'
2020-03-09 20:45:34.863 [main] DEBUG o.s.b.f.s.DefaultListableBeanFactory - Creating shared instance of singleton bean 'org.springframework.boot.autoconfigure.jdbc.JdbcTemplateAutoConfiguration$NamedParameterJdbcTemplateConfiguration'
2020-03-09 20:45:34.863 [main] DEBUG o.s.b.f.s.DefaultListableBeanFactory - Creating instance of bean 'org.springframework.boot.autoconfigure.jdbc.JdbcTemplateAutoConfiguration$NamedParameterJdbcTemplateConfiguration'
2020-03-09 20:45:34.863 [main] DEBUG o.s.b.f.s.DefaultListableBeanFactory - Returning cached instance of singleton bean 'org.springframework.transaction.config.internalTransactionAdvisor'
2020-03-09 20:45:34.864 [main] DEBUG o.s.b.f.s.DefaultListableBeanFactory - Eagerly caching bean 'org.springframework.boot.autoconfigure.jdbc.JdbcTemplateAutoConfiguration$NamedParameterJdbcTemplateConfiguration' to allow for resolving potential circular references
2020-03-09 20:45:34.869 [main] DEBUG o.s.b.f.s.DefaultListableBeanFactory - Returning cached instance of singleton bean 'org.springframework.transaction.config.internalTransactionAdvisor'
2020-03-09 20:45:34.869 [main] DEBUG o.s.b.f.s.DefaultListableBeanFactory - Returning cached instance of singleton bean 'org.springframework.transaction.config.internalTransactionAdvisor'
2020-03-09 20:45:34.869 [main] DEBUG o.s.b.f.s.DefaultListableBeanFactory - Finished creating instance of bean 'org.springframework.boot.autoconfigure.jdbc.JdbcTemplateAutoConfiguration$NamedParameterJdbcTemplateConfiguration'
2020-03-09 20:45:34.869 [main] DEBUG o.s.b.f.s.DefaultListableBeanFactory - Creating shared instance of singleton bean 'namedParameterJdbcTemplate'
2020-03-09 20:45:34.869 [main] DEBUG o.s.b.f.s.DefaultListableBeanFactory - Creating instance of bean 'namedParameterJdbcTemplate'
2020-03-09 20:45:34.870 [main] DEBUG o.s.b.f.s.DefaultListableBeanFactory - Returning cached instance of singleton bean 'org.springframework.transaction.config.internalTransactionAdvisor'
2020-03-09 20:45:34.870 [main] DEBUG o.s.b.f.s.DefaultListableBeanFactory - Returning cached instance of singleton bean 'org.springframework.boot.autoconfigure.jdbc.JdbcTemplateAutoConfiguration$NamedParameterJdbcTemplateConfiguration'
2020-03-09 20:45:34.871 [main] DEBUG o.s.b.f.s.DefaultListableBeanFactory - Returning cached instance of singleton bean 'jdbcTemplate'
2020-03-09 20:45:34.871 [main] DEBUG o.s.b.f.s.DefaultListableBeanFactory - Autowiring by type from bean name 'namedParameterJdbcTemplate' via factory method to bean named 'jdbcTemplate'
2020-03-09 20:45:34.876 [main] DEBUG o.s.b.f.s.DefaultListableBeanFactory - Eagerly caching bean 'namedParameterJdbcTemplate' to allow for resolving potential circular references
2020-03-09 20:45:34.883 [main] DEBUG o.s.b.f.s.DefaultListableBeanFactory - Returning cached instance of singleton bean 'org.springframework.transaction.config.internalTransactionAdvisor'
2020-03-09 20:45:34.884 [main] DEBUG o.s.b.f.s.DefaultListableBeanFactory - Returning cached instance of singleton bean 'org.springframework.transaction.config.internalTransactionAdvisor'
2020-03-09 20:45:34.885 [main] DEBUG o.s.b.f.s.DefaultListableBeanFactory - Finished creating instance of bean 'namedParameterJdbcTemplate'
2020-03-09 20:45:34.886 [main] DEBUG o.s.b.f.s.DefaultListableBeanFactory - Creating shared instance of singleton bean 'org.springframework.boot.autoconfigure.jdbc.JdbcTemplateAutoConfiguration'
2020-03-09 20:45:34.886 [main] DEBUG o.s.b.f.s.DefaultListableBeanFactory - Creating instance of bean 'org.springframework.boot.autoconfigure.jdbc.JdbcTemplateAutoConfiguration'
2020-03-09 20:45:34.886 [main] DEBUG o.s.b.f.s.DefaultListableBeanFactory - Returning cached instance of singleton bean 'org.springframework.transaction.config.internalTransactionAdvisor'
2020-03-09 20:45:34.887 [main] DEBUG o.s.b.f.s.DefaultListableBeanFactory - Eagerly caching bean 'org.springframework.boot.autoconfigure.jdbc.JdbcTemplateAutoConfiguration' to allow for resolving potential circular references
2020-03-09 20:45:34.892 [main] DEBUG o.s.b.f.s.DefaultListableBeanFactory - Returning cached instance of singleton bean 'org.springframework.transaction.config.internalTransactionAdvisor'
2020-03-09 20:45:34.892 [main] DEBUG o.s.b.f.s.DefaultListableBeanFactory - Returning cached instance of singleton bean 'org.springframework.transaction.config.internalTransactionAdvisor'
2020-03-09 20:45:34.893 [main] DEBUG o.s.b.f.s.DefaultListableBeanFactory - Finished creating instance of bean 'org.springframework.boot.autoconfigure.jdbc.JdbcTemplateAutoConfiguration'
2020-03-09 20:45:34.893 [main] DEBUG o.s.b.f.s.DefaultListableBeanFactory - Returning cached instance of singleton bean 'spring.jdbc-org.springframework.boot.autoconfigure.jdbc.JdbcProperties'
2020-03-09 20:45:34.893 [main] DEBUG o.s.b.f.s.DefaultListableBeanFactory - Creating shared instance of singleton bean 'org.springframework.boot.autoconfigure.security.reactive.ReactiveSecurityAutoConfiguration'
2020-03-09 20:45:34.893 [main] DEBUG o.s.b.f.s.DefaultListableBeanFactory - Creating instance of bean 'org.springframework.boot.autoconfigure.security.reactive.ReactiveSecurityAutoConfiguration'
2020-03-09 20:45:34.893 [main] DEBUG o.s.b.f.s.DefaultListableBeanFactory - Returning cached instance of singleton bean 'org.springframework.transaction.config.internalTransactionAdvisor'
2020-03-09 20:45:34.893 [main] DEBUG o.s.b.f.s.DefaultListableBeanFactory - Eagerly caching bean 'org.springframework.boot.autoconfigure.security.reactive.ReactiveSecurityAutoConfiguration' to allow for resolving potential circular references
2020-03-09 20:45:34.901 [main] DEBUG o.s.b.f.s.DefaultListableBeanFactory - Returning cached instance of singleton bean 'org.springframework.transaction.config.internalTransactionAdvisor'
2020-03-09 20:45:34.901 [main] DEBUG o.s.b.f.s.DefaultListableBeanFactory - Returning cached instance of singleton bean 'org.springframework.transaction.config.internalTransactionAdvisor'
2020-03-09 20:45:34.902 [main] DEBUG o.s.b.f.s.DefaultListableBeanFactory - Finished creating instance of bean 'org.springframework.boot.autoconfigure.security.reactive.ReactiveSecurityAutoConfiguration'
2020-03-09 20:45:34.902 [main] DEBUG o.s.b.f.s.DefaultListableBeanFactory - Creating shared instance of singleton bean 'spring.security-org.springframework.boot.autoconfigure.security.SecurityProperties'
2020-03-09 20:45:34.902 [main] DEBUG o.s.b.f.s.DefaultListableBeanFactory - Creating instance of bean 'spring.security-org.springframework.boot.autoconfigure.security.SecurityProperties'
2020-03-09 20:45:34.902 [main] DEBUG o.s.b.f.s.DefaultListableBeanFactory - Returning cached instance of singleton bean 'org.springframework.transaction.config.internalTransactionAdvisor'
2020-03-09 20:45:34.903 [main] DEBUG o.s.b.f.s.DefaultListableBeanFactory - Eagerly caching bean 'spring.security-org.springframework.boot.autoconfigure.security.SecurityProperties' to allow for resolving potential circular references
2020-03-09 20:45:34.906 [main] DEBUG o.s.b.f.s.DefaultListableBeanFactory - Returning cached instance of singleton bean 'org.springframework.transaction.config.internalTransactionAdvisor'
2020-03-09 20:45:34.906 [main] DEBUG o.s.b.f.s.DefaultListableBeanFactory - Returning cached instance of singleton bean 'org.springframework.transaction.config.internalTransactionAdvisor'
2020-03-09 20:45:34.907 [main] DEBUG o.s.b.f.s.DefaultListableBeanFactory - Finished creating instance of bean 'spring.security-org.springframework.boot.autoconfigure.security.SecurityProperties'
2020-03-09 20:45:34.907 [main] DEBUG o.s.b.f.s.DefaultListableBeanFactory - Creating shared instance of singleton bean 'org.springframework.boot.autoconfigure.jdbc.DataSourceTransactionManagerAutoConfiguration$DataSourceTransactionManagerConfiguration'
2020-03-09 20:45:34.907 [main] DEBUG o.s.b.f.s.DefaultListableBeanFactory - Creating instance of bean 'org.springframework.boot.autoconfigure.jdbc.DataSourceTransactionManagerAutoConfiguration$DataSourceTransactionManagerConfiguration'
2020-03-09 20:45:34.907 [main] DEBUG o.s.b.f.s.DefaultListableBeanFactory - Returning cached instance of singleton bean 'org.springframework.transaction.config.internalTransactionAdvisor'
2020-03-09 20:45:34.908 [main] DEBUG o.s.c.LocalVariableTableParameterNameDiscoverer - Cannot find '.class' file for class [class org.springframework.boot.autoconfigure.jdbc.DataSourceTransactionManagerAutoConfiguration$DataSourceTransactionManagerConfiguration$$EnhancerBySpringCGLIB$$58550a0a] - unable to determine constructor/method parameter names
2020-03-09 20:45:34.908 [main] DEBUG o.s.b.f.s.DefaultListableBeanFactory - Returning cached instance of singleton bean 'dataSource'
2020-03-09 20:45:34.908 [main] DEBUG o.s.b.f.s.DefaultListableBeanFactory - Autowiring by type from bean name 'org.springframework.boot.autoconfigure.jdbc.DataSourceTransactionManagerAutoConfiguration$DataSourceTransactionManagerConfiguration' via constructor to bean named 'dataSource'
2020-03-09 20:45:34.911 [main] DEBUG o.s.b.f.s.DefaultListableBeanFactory - Returning cached instance of singleton bean 'platformTransactionManagerCustomizers'
2020-03-09 20:45:34.912 [main] DEBUG o.s.b.f.s.DefaultListableBeanFactory - Eagerly caching bean 'org.springframework.boot.autoconfigure.jdbc.DataSourceTransactionManagerAutoConfiguration$DataSourceTransactionManagerConfiguration' to allow for resolving potential circular references
2020-03-09 20:45:34.917 [main] DEBUG o.s.b.f.s.DefaultListableBeanFactory - Returning cached instance of singleton bean 'org.springframework.transaction.config.internalTransactionAdvisor'
2020-03-09 20:45:34.917 [main] DEBUG o.s.b.f.s.DefaultListableBeanFactory - Returning cached instance of singleton bean 'org.springframework.transaction.config.internalTransactionAdvisor'
2020-03-09 20:45:34.917 [main] DEBUG o.s.b.f.s.DefaultListableBeanFactory - Finished creating instance of bean 'org.springframework.boot.autoconfigure.jdbc.DataSourceTransactionManagerAutoConfiguration$DataSourceTransactionManagerConfiguration'
2020-03-09 20:45:34.918 [main] DEBUG o.s.b.f.s.DefaultListableBeanFactory - Creating shared instance of singleton bean 'org.springframework.boot.autoconfigure.jdbc.DataSourceTransactionManagerAutoConfiguration'
2020-03-09 20:45:34.918 [main] DEBUG o.s.b.f.s.DefaultListableBeanFactory - Creating instance of bean 'org.springframework.boot.autoconfigure.jdbc.DataSourceTransactionManagerAutoConfiguration'
2020-03-09 20:45:34.918 [main] DEBUG o.s.b.f.s.DefaultListableBeanFactory - Returning cached instance of singleton bean 'org.springframework.transaction.config.internalTransactionAdvisor'
2020-03-09 20:45:34.919 [main] DEBUG o.s.b.f.s.DefaultListableBeanFactory - Eagerly caching bean 'org.springframework.boot.autoconfigure.jdbc.DataSourceTransactionManagerAutoConfiguration' to allow for resolving potential circular references
2020-03-09 20:45:34.923 [main] DEBUG o.s.b.f.s.DefaultListableBeanFactory - Returning cached instance of singleton bean 'org.springframework.transaction.config.internalTransactionAdvisor'
2020-03-09 20:45:34.923 [main] DEBUG o.s.b.f.s.DefaultListableBeanFactory - Returning cached instance of singleton bean 'org.springframework.transaction.config.internalTransactionAdvisor'
2020-03-09 20:45:34.923 [main] DEBUG o.s.b.f.s.DefaultListableBeanFactory - Finished creating instance of bean 'org.springframework.boot.autoconfigure.jdbc.DataSourceTransactionManagerAutoConfiguration'
2020-03-09 20:45:34.923 [main] DEBUG o.s.b.f.s.DefaultListableBeanFactory - Returning cached instance of singleton bean 'org.springframework.transaction.annotation.ProxyTransactionManagementConfiguration'
2020-03-09 20:45:34.923 [main] DEBUG o.s.b.f.s.DefaultListableBeanFactory - Returning cached instance of singleton bean 'org.springframework.transaction.config.internalTransactionAdvisor'
2020-03-09 20:45:34.923 [main] DEBUG o.s.b.f.s.DefaultListableBeanFactory - Returning cached instance of singleton bean 'transactionAttributeSource'
2020-03-09 20:45:34.924 [main] DEBUG o.s.b.f.s.DefaultListableBeanFactory - Returning cached instance of singleton bean 'transactionInterceptor'
2020-03-09 20:45:34.924 [main] DEBUG o.s.b.f.s.DefaultListableBeanFactory - Creating shared instance of singleton bean 'org.springframework.transaction.config.internalTransactionalEventListenerFactory'
2020-03-09 20:45:34.924 [main] DEBUG o.s.b.f.s.DefaultListableBeanFactory - Creating instance of bean 'org.springframework.transaction.config.internalTransactionalEventListenerFactory'
2020-03-09 20:45:34.924 [main] DEBUG o.s.b.f.s.DefaultListableBeanFactory - Returning cached instance of singleton bean 'org.springframework.transaction.config.internalTransactionAdvisor'
2020-03-09 20:45:34.924 [main] DEBUG o.s.b.f.s.DefaultListableBeanFactory - Returning cached instance of singleton bean 'org.springframework.transaction.annotation.ProxyTransactionManagementConfiguration'
2020-03-09 20:45:34.925 [main] DEBUG o.s.b.f.s.DefaultListableBeanFactory - Eagerly caching bean 'org.springframework.transaction.config.internalTransactionalEventListenerFactory' to allow for resolving potential circular references
2020-03-09 20:45:34.928 [main] DEBUG o.s.b.f.s.DefaultListableBeanFactory - Returning cached instance of singleton bean 'org.springframework.transaction.config.internalTransactionAdvisor'
2020-03-09 20:45:34.928 [main] DEBUG o.s.b.f.s.DefaultListableBeanFactory - Returning cached instance of singleton bean 'org.springframework.transaction.config.internalTransactionAdvisor'
2020-03-09 20:45:34.928 [main] DEBUG o.s.b.f.s.DefaultListableBeanFactory - Finished creating instance of bean 'org.springframework.transaction.config.internalTransactionalEventListenerFactory'
2020-03-09 20:45:34.928 [main] DEBUG o.s.b.f.s.DefaultListableBeanFactory - Creating shared instance of singleton bean 'org.springframework.boot.autoconfigure.transaction.TransactionAutoConfiguration$EnableTransactionManagementConfiguration$CglibAutoProxyConfiguration'
2020-03-09 20:45:34.928 [main] DEBUG o.s.b.f.s.DefaultListableBeanFactory - Creating instance of bean 'org.springframework.boot.autoconfigure.transaction.TransactionAutoConfiguration$EnableTransactionManagementConfiguration$CglibAutoProxyConfiguration'
2020-03-09 20:45:34.928 [main] DEBUG o.s.b.f.s.DefaultListableBeanFactory - Returning cached instance of singleton bean 'org.springframework.transaction.config.internalTransactionAdvisor'
2020-03-09 20:45:34.929 [main] DEBUG o.s.b.f.s.DefaultListableBeanFactory - Eagerly caching bean 'org.springframework.boot.autoconfigure.transaction.TransactionAutoConfiguration$EnableTransactionManagementConfiguration$CglibAutoProxyConfiguration' to allow for resolving potential circular references
2020-03-09 20:45:34.935 [main] DEBUG o.s.b.f.s.DefaultListableBeanFactory - Returning cached instance of singleton bean 'org.springframework.transaction.config.internalTransactionAdvisor'
2020-03-09 20:45:34.935 [main] DEBUG o.s.b.f.s.DefaultListableBeanFactory - Returning cached instance of singleton bean 'org.springframework.transaction.config.internalTransactionAdvisor'
2020-03-09 20:45:34.935 [main] DEBUG o.s.b.f.s.DefaultListableBeanFactory - Finished creating instance of bean 'org.springframework.boot.autoconfigure.transaction.TransactionAutoConfiguration$EnableTransactionManagementConfiguration$CglibAutoProxyConfiguration'
2020-03-09 20:45:34.935 [main] DEBUG o.s.b.f.s.DefaultListableBeanFactory - Creating shared instance of singleton bean 'org.springframework.boot.autoconfigure.transaction.TransactionAutoConfiguration$EnableTransactionManagementConfiguration'
2020-03-09 20:45:34.935 [main] DEBUG o.s.b.f.s.DefaultListableBeanFactory - Creating instance of bean 'org.springframework.boot.autoconfigure.transaction.TransactionAutoConfiguration$EnableTransactionManagementConfiguration'
2020-03-09 20:45:34.935 [main] DEBUG o.s.b.f.s.DefaultListableBeanFactory - Returning cached instance of singleton bean 'org.springframework.transaction.config.internalTransactionAdvisor'
2020-03-09 20:45:34.936 [main] DEBUG o.s.b.f.s.DefaultListableBeanFactory - Eagerly caching bean 'org.springframework.boot.autoconfigure.transaction.TransactionAutoConfiguration$EnableTransactionManagementConfiguration' to allow for resolving potential circular references
2020-03-09 20:45:34.942 [main] DEBUG o.s.b.f.s.DefaultListableBeanFactory - Returning cached instance of singleton bean 'org.springframework.transaction.config.internalTransactionAdvisor'
2020-03-09 20:45:34.943 [main] DEBUG o.s.b.f.s.DefaultListableBeanFactory - Returning cached instance of singleton bean 'org.springframework.transaction.config.internalTransactionAdvisor'
2020-03-09 20:45:34.944 [main] DEBUG o.s.b.f.s.DefaultListableBeanFactory - Finished creating instance of bean 'org.springframework.boot.autoconfigure.transaction.TransactionAutoConfiguration$EnableTransactionManagementConfiguration'
2020-03-09 20:45:34.944 [main] DEBUG o.s.b.f.s.DefaultListableBeanFactory - Creating shared instance of singleton bean 'org.springframework.boot.autoconfigure.transaction.TransactionAutoConfiguration$TransactionTemplateConfiguration'
2020-03-09 20:45:34.944 [main] DEBUG o.s.b.f.s.DefaultListableBeanFactory - Creating instance of bean 'org.springframework.boot.autoconfigure.transaction.TransactionAutoConfiguration$TransactionTemplateConfiguration'
2020-03-09 20:45:34.944 [main] DEBUG o.s.b.f.s.DefaultListableBeanFactory - Returning cached instance of singleton bean 'org.springframework.transaction.config.internalTransactionAdvisor'
2020-03-09 20:45:34.945 [main] DEBUG o.s.c.LocalVariableTableParameterNameDiscoverer - Cannot find '.class' file for class [class org.springframework.boot.autoconfigure.transaction.TransactionAutoConfiguration$TransactionTemplateConfiguration$$EnhancerBySpringCGLIB$$a9decedd] - unable to determine constructor/method parameter names
2020-03-09 20:45:34.948 [main] DEBUG o.s.b.f.s.DefaultListableBeanFactory - Returning cached instance of singleton bean 'transactionManager'
2020-03-09 20:45:34.949 [main] DEBUG o.s.b.f.s.DefaultListableBeanFactory - Autowiring by type from bean name 'org.springframework.boot.autoconfigure.transaction.TransactionAutoConfiguration$TransactionTemplateConfiguration' via constructor to bean named 'transactionManager'
2020-03-09 20:45:34.949 [main] DEBUG o.s.b.f.s.DefaultListableBeanFactory - Eagerly caching bean 'org.springframework.boot.autoconfigure.transaction.TransactionAutoConfiguration$TransactionTemplateConfiguration' to allow for resolving potential circular references
2020-03-09 20:45:34.957 [main] DEBUG o.s.b.f.s.DefaultListableBeanFactory - Returning cached instance of singleton bean 'org.springframework.transaction.config.internalTransactionAdvisor'
2020-03-09 20:45:34.957 [main] DEBUG o.s.b.f.s.DefaultListableBeanFactory - Returning cached instance of singleton bean 'org.springframework.transaction.config.internalTransactionAdvisor'
2020-03-09 20:45:34.957 [main] DEBUG o.s.b.f.s.DefaultListableBeanFactory - Finished creating instance of bean 'org.springframework.boot.autoconfigure.transaction.TransactionAutoConfiguration$TransactionTemplateConfiguration'
2020-03-09 20:45:34.957 [main] DEBUG o.s.b.f.s.DefaultListableBeanFactory - Creating shared instance of singleton bean 'transactionTemplate'
2020-03-09 20:45:34.957 [main] DEBUG o.s.b.f.s.DefaultListableBeanFactory - Creating instance of bean 'transactionTemplate'
2020-03-09 20:45:34.958 [main] DEBUG o.s.b.f.s.DefaultListableBeanFactory - Returning cached instance of singleton bean 'org.springframework.transaction.config.internalTransactionAdvisor'
2020-03-09 20:45:34.958 [main] DEBUG o.s.b.f.s.DefaultListableBeanFactory - Returning cached instance of singleton bean 'org.springframework.boot.autoconfigure.transaction.TransactionAutoConfiguration$TransactionTemplateConfiguration'
2020-03-09 20:45:34.964 [main] DEBUG o.s.b.f.s.DefaultListableBeanFactory - Eagerly caching bean 'transactionTemplate' to allow for resolving potential circular references
2020-03-09 20:45:34.973 [main] DEBUG o.s.b.f.s.DefaultListableBeanFactory - Invoking afterPropertiesSet() on bean with name 'transactionTemplate'
2020-03-09 20:45:34.974 [main] DEBUG o.s.b.f.s.DefaultListableBeanFactory - Returning cached instance of singleton bean 'org.springframework.transaction.config.internalTransactionAdvisor'
2020-03-09 20:45:34.974 [main] DEBUG o.s.b.f.s.DefaultListableBeanFactory - Returning cached instance of singleton bean 'org.springframework.transaction.config.internalTransactionAdvisor'
2020-03-09 20:45:34.975 [main] DEBUG o.s.b.f.s.DefaultListableBeanFactory - Finished creating instance of bean 'transactionTemplate'
2020-03-09 20:45:34.976 [main] DEBUG o.s.b.f.s.DefaultListableBeanFactory - Returning cached instance of singleton bean 'org.springframework.boot.autoconfigure.transaction.TransactionAutoConfiguration'
2020-03-09 20:45:34.976 [main] DEBUG o.s.b.f.s.DefaultListableBeanFactory - Returning cached instance of singleton bean 'platformTransactionManagerCustomizers'
2020-03-09 20:45:34.976 [main] DEBUG o.s.b.f.s.DefaultListableBeanFactory - Returning cached instance of singleton bean 'spring.transaction-org.springframework.boot.autoconfigure.transaction.TransactionProperties'
2020-03-09 20:45:34.976 [main] DEBUG o.s.b.f.s.DefaultListableBeanFactory - Creating shared instance of singleton bean 'org.springframework.boot.autoconfigure.web.client.RestTemplateAutoConfiguration'
2020-03-09 20:45:34.976 [main] DEBUG o.s.b.f.s.DefaultListableBeanFactory - Creating instance of bean 'org.springframework.boot.autoconfigure.web.client.RestTemplateAutoConfiguration'
2020-03-09 20:45:34.976 [main] DEBUG o.s.b.f.s.DefaultListableBeanFactory - Returning cached instance of singleton bean 'org.springframework.transaction.config.internalTransactionAdvisor'
2020-03-09 20:45:34.977 [main] DEBUG o.s.c.LocalVariableTableParameterNameDiscoverer - Cannot find '.class' file for class [class org.springframework.boot.autoconfigure.web.client.RestTemplateAutoConfiguration$$EnhancerBySpringCGLIB$$466a6b1c] - unable to determine constructor/method parameter names
2020-03-09 20:45:34.978 [main] DEBUG o.s.b.f.s.DefaultListableBeanFactory - Eagerly caching bean 'org.springframework.boot.autoconfigure.web.client.RestTemplateAutoConfiguration' to allow for resolving potential circular references
2020-03-09 20:45:34.984 [main] DEBUG o.s.b.f.s.DefaultListableBeanFactory - Returning cached instance of singleton bean 'org.springframework.transaction.config.internalTransactionAdvisor'
2020-03-09 20:45:34.984 [main] DEBUG o.s.b.f.s.DefaultListableBeanFactory - Returning cached instance of singleton bean 'org.springframework.transaction.config.internalTransactionAdvisor'
2020-03-09 20:45:34.985 [main] DEBUG o.s.b.f.s.DefaultListableBeanFactory - Finished creating instance of bean 'org.springframework.boot.autoconfigure.web.client.RestTemplateAutoConfiguration'
2020-03-09 20:45:34.985 [main] DEBUG o.s.b.f.s.DefaultListableBeanFactory - Creating shared instance of singleton bean 'restTemplateBuilder'
2020-03-09 20:45:34.985 [main] DEBUG o.s.b.f.s.DefaultListableBeanFactory - Creating instance of bean 'restTemplateBuilder'
2020-03-09 20:45:34.985 [main] DEBUG o.s.b.f.s.DefaultListableBeanFactory - Returning cached instance of singleton bean 'org.springframework.transaction.config.internalTransactionAdvisor'
2020-03-09 20:45:34.985 [main] DEBUG o.s.b.f.s.DefaultListableBeanFactory - Returning cached instance of singleton bean 'org.springframework.boot.autoconfigure.web.client.RestTemplateAutoConfiguration'
2020-03-09 20:45:34.989 [main] DEBUG o.s.b.f.s.DefaultListableBeanFactory - Returning cached instance of singleton bean 'messageConverters'
2020-03-09 20:45:34.995 [main] DEBUG o.s.b.f.s.DefaultListableBeanFactory - Eagerly caching bean 'restTemplateBuilder' to allow for resolving potential circular references
2020-03-09 20:45:35.000 [main] DEBUG o.s.b.f.s.DefaultListableBeanFactory - Returning cached instance of singleton bean 'org.springframework.transaction.config.internalTransactionAdvisor'
2020-03-09 20:45:35.001 [main] DEBUG o.s.b.f.s.DefaultListableBeanFactory - Returning cached instance of singleton bean 'org.springframework.transaction.config.internalTransactionAdvisor'
2020-03-09 20:45:35.001 [main] DEBUG o.s.b.f.s.DefaultListableBeanFactory - Finished creating instance of bean 'restTemplateBuilder'
2020-03-09 20:45:35.001 [main] DEBUG o.s.b.f.s.DefaultListableBeanFactory - Returning cached instance of singleton bean 'org.springframework.boot.autoconfigure.web.embedded.EmbeddedWebServerFactoryCustomizerAutoConfiguration$TomcatWebServerFactoryCustomizerConfiguration'
2020-03-09 20:45:35.001 [main] DEBUG o.s.b.f.s.DefaultListableBeanFactory - Returning cached instance of singleton bean 'tomcatWebServerFactoryCustomizer'
2020-03-09 20:45:35.001 [main] DEBUG o.s.b.f.s.DefaultListableBeanFactory - Creating shared instance of singleton bean 'org.springframework.boot.autoconfigure.web.embedded.EmbeddedWebServerFactoryCustomizerAutoConfiguration'
2020-03-09 20:45:35.001 [main] DEBUG o.s.b.f.s.DefaultListableBeanFactory - Creating instance of bean 'org.springframework.boot.autoconfigure.web.embedded.EmbeddedWebServerFactoryCustomizerAutoConfiguration'
2020-03-09 20:45:35.001 [main] DEBUG o.s.b.f.s.DefaultListableBeanFactory - Returning cached instance of singleton bean 'org.springframework.transaction.config.internalTransactionAdvisor'
2020-03-09 20:45:35.001 [main] DEBUG o.s.b.f.s.DefaultListableBeanFactory - Eagerly caching bean 'org.springframework.boot.autoconfigure.web.embedded.EmbeddedWebServerFactoryCustomizerAutoConfiguration' to allow for resolving potential circular references
2020-03-09 20:45:35.007 [main] DEBUG o.s.b.f.s.DefaultListableBeanFactory - Returning cached instance of singleton bean 'org.springframework.transaction.config.internalTransactionAdvisor'
2020-03-09 20:45:35.007 [main] DEBUG o.s.b.f.s.DefaultListableBeanFactory - Returning cached instance of singleton bean 'org.springframework.transaction.config.internalTransactionAdvisor'
2020-03-09 20:45:35.008 [main] DEBUG o.s.b.f.s.DefaultListableBeanFactory - Finished creating instance of bean 'org.springframework.boot.autoconfigure.web.embedded.EmbeddedWebServerFactoryCustomizerAutoConfiguration'
2020-03-09 20:45:35.008 [main] DEBUG o.s.b.f.s.DefaultListableBeanFactory - Returning cached instance of singleton bean 'org.springframework.boot.autoconfigure.web.servlet.HttpEncodingAutoConfiguration'
2020-03-09 20:45:35.008 [main] DEBUG o.s.b.f.s.DefaultListableBeanFactory - Creating shared instance of singleton bean 'characterEncodingFilter'
2020-03-09 20:45:35.008 [main] DEBUG o.s.b.f.s.DefaultListableBeanFactory - Creating instance of bean 'characterEncodingFilter'
2020-03-09 20:45:35.008 [main] DEBUG o.s.b.f.s.DefaultListableBeanFactory - Returning cached instance of singleton bean 'org.springframework.transaction.config.internalTransactionAdvisor'
2020-03-09 20:45:35.008 [main] DEBUG o.s.b.f.s.DefaultListableBeanFactory - Returning cached instance of singleton bean 'org.springframework.boot.autoconfigure.web.servlet.HttpEncodingAutoConfiguration'
2020-03-09 20:45:35.010 [main] DEBUG o.s.b.f.s.DefaultListableBeanFactory - Eagerly caching bean 'characterEncodingFilter' to allow for resolving potential circular references
2020-03-09 20:45:35.026 [main] DEBUG o.s.b.f.s.DefaultListableBeanFactory - Invoking afterPropertiesSet() on bean with name 'characterEncodingFilter'
2020-03-09 20:45:35.026 [main] DEBUG o.s.b.f.s.DefaultListableBeanFactory - Returning cached instance of singleton bean 'org.springframework.transaction.config.internalTransactionAdvisor'
2020-03-09 20:45:35.027 [main] DEBUG o.s.b.f.s.DefaultListableBeanFactory - Returning cached instance of singleton bean 'org.springframework.transaction.config.internalTransactionAdvisor'
2020-03-09 20:45:35.027 [main] DEBUG o.s.b.f.s.DefaultListableBeanFactory - Finished creating instance of bean 'characterEncodingFilter'
2020-03-09 20:45:35.027 [main] DEBUG o.s.b.f.s.DefaultListableBeanFactory - Returning cached instance of singleton bean 'localeCharsetMappingsCustomizer'
2020-03-09 20:45:35.027 [main] DEBUG o.s.b.f.s.DefaultListableBeanFactory - Returning cached instance of singleton bean 'org.springframework.boot.autoconfigure.web.servlet.MultipartAutoConfiguration'
2020-03-09 20:45:35.027 [main] DEBUG o.s.b.f.s.DefaultListableBeanFactory - Returning cached instance of singleton bean 'multipartConfigElement'
2020-03-09 20:45:35.027 [main] DEBUG o.s.b.f.s.DefaultListableBeanFactory - Creating shared instance of singleton bean 'multipartResolver'
2020-03-09 20:45:35.027 [main] DEBUG o.s.b.f.s.DefaultListableBeanFactory - Creating instance of bean 'multipartResolver'
2020-03-09 20:45:35.028 [main] DEBUG o.s.b.f.s.DefaultListableBeanFactory - Returning cached instance of singleton bean 'org.springframework.transaction.config.internalTransactionAdvisor'
2020-03-09 20:45:35.028 [main] DEBUG o.s.b.f.s.DefaultListableBeanFactory - Returning cached instance of singleton bean 'org.springframework.boot.autoconfigure.web.servlet.MultipartAutoConfiguration'
2020-03-09 20:45:35.032 [main] DEBUG o.s.b.f.s.DefaultListableBeanFactory - Eagerly caching bean 'multipartResolver' to allow for resolving potential circular references
2020-03-09 20:45:35.036 [main] DEBUG o.s.b.f.s.DefaultListableBeanFactory - Returning cached instance of singleton bean 'org.springframework.transaction.config.internalTransactionAdvisor'
2020-03-09 20:45:35.037 [main] DEBUG o.s.b.f.s.DefaultListableBeanFactory - Returning cached instance of singleton bean 'org.springframework.transaction.config.internalTransactionAdvisor'
2020-03-09 20:45:35.037 [main] DEBUG o.s.b.f.s.DefaultListableBeanFactory - Finished creating instance of bean 'multipartResolver'
2020-03-09 20:45:35.038 [main] DEBUG o.s.b.f.s.DefaultListableBeanFactory - Returning cached instance of singleton bean 'spring.servlet.multipart-org.springframework.boot.autoconfigure.web.servlet.MultipartProperties'
2020-03-09 20:45:35.038 [main] DEBUG o.s.b.f.s.DefaultListableBeanFactory - Returning cached instance of singleton bean 'org.springframework.cloud.autoconfigure.ConfigurationPropertiesRebinderAutoConfiguration'
2020-03-09 20:45:35.038 [main] DEBUG o.s.b.f.s.DefaultListableBeanFactory - Returning cached instance of singleton bean 'configurationPropertiesBeans'
2020-03-09 20:45:35.038 [main] DEBUG o.s.b.f.s.DefaultListableBeanFactory - Creating shared instance of singleton bean 'configurationPropertiesRebinder'
2020-03-09 20:45:35.038 [main] DEBUG o.s.b.f.s.DefaultListableBeanFactory - Creating instance of bean 'configurationPropertiesRebinder'
2020-03-09 20:45:35.038 [main] DEBUG o.s.b.f.s.DefaultListableBeanFactory - Returning cached instance of singleton bean 'org.springframework.transaction.config.internalTransactionAdvisor'
2020-03-09 20:45:35.038 [main] DEBUG o.s.b.f.s.DefaultListableBeanFactory - Returning cached instance of singleton bean 'org.springframework.cloud.autoconfigure.ConfigurationPropertiesRebinderAutoConfiguration'
2020-03-09 20:45:35.041 [main] DEBUG o.s.b.f.s.DefaultListableBeanFactory - Returning cached instance of singleton bean 'configurationPropertiesBeans'
2020-03-09 20:45:35.041 [main] DEBUG o.s.b.f.s.DefaultListableBeanFactory - Autowiring by type from bean name 'configurationPropertiesRebinder' via factory method to bean named 'configurationPropertiesBeans'
2020-03-09 20:45:35.042 [main] DEBUG o.s.b.f.s.DefaultListableBeanFactory - Eagerly caching bean 'configurationPropertiesRebinder' to allow for resolving potential circular references
2020-03-09 20:45:35.050 [main] DEBUG o.s.b.f.s.DefaultListableBeanFactory - Returning cached instance of singleton bean 'org.springframework.transaction.config.internalTransactionAdvisor'
2020-03-09 20:45:35.051 [main] DEBUG o.s.b.f.s.DefaultListableBeanFactory - Returning cached instance of singleton bean 'org.springframework.transaction.config.internalTransactionAdvisor'
2020-03-09 20:45:35.051 [main] DEBUG o.s.b.f.s.DefaultListableBeanFactory - Finished creating instance of bean 'configurationPropertiesRebinder'
2020-03-09 20:45:35.052 [main] DEBUG o.s.b.f.s.DefaultListableBeanFactory - Creating shared instance of singleton bean 'org.springframework.cloud.autoconfigure.LifecycleMvcEndpointAutoConfiguration'
2020-03-09 20:45:35.052 [main] DEBUG o.s.b.f.s.DefaultListableBeanFactory - Creating instance of bean 'org.springframework.cloud.autoconfigure.LifecycleMvcEndpointAutoConfiguration'
2020-03-09 20:45:35.052 [main] DEBUG o.s.b.f.s.DefaultListableBeanFactory - Returning cached instance of singleton bean 'org.springframework.transaction.config.internalTransactionAdvisor'
2020-03-09 20:45:35.053 [main] DEBUG o.s.b.f.s.DefaultListableBeanFactory - Eagerly caching bean 'org.springframework.cloud.autoconfigure.LifecycleMvcEndpointAutoConfiguration' to allow for resolving potential circular references
2020-03-09 20:45:35.059 [main] DEBUG o.s.b.f.s.DefaultListableBeanFactory - Returning cached instance of singleton bean 'org.springframework.transaction.config.internalTransactionAdvisor'
2020-03-09 20:45:35.059 [main] DEBUG o.s.b.f.s.DefaultListableBeanFactory - Returning cached instance of singleton bean 'org.springframework.transaction.config.internalTransactionAdvisor'
2020-03-09 20:45:35.059 [main] DEBUG o.s.b.f.s.DefaultListableBeanFactory - Finished creating instance of bean 'org.springframework.cloud.autoconfigure.LifecycleMvcEndpointAutoConfiguration'
2020-03-09 20:45:35.059 [main] DEBUG o.s.b.f.s.DefaultListableBeanFactory - Creating shared instance of singleton bean 'environmentManager'
2020-03-09 20:45:35.059 [main] DEBUG o.s.b.f.s.DefaultListableBeanFactory - Creating instance of bean 'environmentManager'
2020-03-09 20:45:35.059 [main] DEBUG o.s.b.f.s.DefaultListableBeanFactory - Returning cached instance of singleton bean 'org.springframework.transaction.config.internalTransactionAdvisor'
2020-03-09 20:45:35.060 [main] DEBUG o.s.b.f.s.DefaultListableBeanFactory - Returning cached instance of singleton bean 'org.springframework.cloud.autoconfigure.LifecycleMvcEndpointAutoConfiguration'
2020-03-09 20:45:35.060 [main] DEBUG o.s.b.f.s.DefaultListableBeanFactory - Returning cached instance of singleton bean 'environment'
2020-03-09 20:45:35.060 [main] DEBUG o.s.b.f.s.DefaultListableBeanFactory - Autowiring by type from bean name 'environmentManager' via factory method to bean named 'environment'
2020-03-09 20:45:35.066 [main] DEBUG o.s.b.f.s.DefaultListableBeanFactory - Eagerly caching bean 'environmentManager' to allow for resolving potential circular references
2020-03-09 20:45:35.071 [main] DEBUG o.s.b.f.s.DefaultListableBeanFactory - Returning cached instance of singleton bean 'org.springframework.transaction.config.internalTransactionAdvisor'
2020-03-09 20:45:35.071 [main] DEBUG o.s.b.f.s.DefaultListableBeanFactory - Returning cached instance of singleton bean 'org.springframework.transaction.config.internalTransactionAdvisor'
2020-03-09 20:45:35.072 [main] DEBUG o.s.b.f.s.DefaultListableBeanFactory - Finished creating instance of bean 'environmentManager'
2020-03-09 20:45:35.072 [main] DEBUG o.s.b.f.s.DefaultListableBeanFactory - Creating shared instance of singleton bean 'org.springframework.cloud.netflix.eureka.EurekaDiscoveryClientConfiguration$EurekaClientConfigurationRefresher'
2020-03-09 20:45:35.072 [main] DEBUG o.s.b.f.s.DefaultListableBeanFactory - Creating instance of bean 'org.springframework.cloud.netflix.eureka.EurekaDiscoveryClientConfiguration$EurekaClientConfigurationRefresher'
2020-03-09 20:45:35.072 [main] DEBUG o.s.b.f.s.DefaultListableBeanFactory - Returning cached instance of singleton bean 'org.springframework.transaction.config.internalTransactionAdvisor'
2020-03-09 20:45:35.073 [main] DEBUG o.s.b.f.annotation.InjectionMetadata - Registered injected element on class [org.springframework.cloud.netflix.eureka.EurekaDiscoveryClientConfiguration$EurekaClientConfigurationRefresher$$EnhancerBySpringCGLIB$$70dd664d]: AutowiredFieldElement for private com.netflix.discovery.EurekaClient org.springframework.cloud.netflix.eureka.EurekaDiscoveryClientConfiguration$EurekaClientConfigurationRefresher.eurekaClient
2020-03-09 20:45:35.073 [main] DEBUG o.s.b.f.annotation.InjectionMetadata - Registered injected element on class [org.springframework.cloud.netflix.eureka.EurekaDiscoveryClientConfiguration$EurekaClientConfigurationRefresher$$EnhancerBySpringCGLIB$$70dd664d]: AutowiredFieldElement for private org.springframework.cloud.netflix.eureka.serviceregistry.EurekaAutoServiceRegistration org.springframework.cloud.netflix.eureka.EurekaDiscoveryClientConfiguration$EurekaClientConfigurationRefresher.autoRegistration
2020-03-09 20:45:35.073 [main] DEBUG o.s.b.f.s.DefaultListableBeanFactory - Eagerly caching bean 'org.springframework.cloud.netflix.eureka.EurekaDiscoveryClientConfiguration$EurekaClientConfigurationRefresher' to allow for resolving potential circular references
2020-03-09 20:45:35.078 [main] DEBUG o.s.b.f.annotation.InjectionMetadata - Processing injected element of bean 'org.springframework.cloud.netflix.eureka.EurekaDiscoveryClientConfiguration$EurekaClientConfigurationRefresher': AutowiredFieldElement for private com.netflix.discovery.EurekaClient org.springframework.cloud.netflix.eureka.EurekaDiscoveryClientConfiguration$EurekaClientConfigurationRefresher.eurekaClient
2020-03-09 20:45:35.078 [main] DEBUG o.s.core.annotation.AnnotationUtils - Failed to meta-introspect annotation interface org.springframework.beans.factory.annotation.Autowired: java.lang.NullPointerException
2020-03-09 20:45:35.082 [main] DEBUG o.s.b.f.s.DefaultListableBeanFactory - Creating shared instance of singleton bean 'eurekaClient'
2020-03-09 20:45:35.082 [main] DEBUG o.s.b.f.s.DefaultListableBeanFactory - Creating instance of bean 'eurekaClient'
2020-03-09 20:45:35.085 [main] DEBUG o.s.b.f.s.DefaultListableBeanFactory - Eagerly caching bean 'eurekaClient' to allow for resolving potential circular references
2020-03-09 20:45:35.098 [main] DEBUG o.s.aop.framework.JdkDynamicAopProxy - Creating JDK dynamic proxy: target source is SimpleBeanTargetSource for target bean 'scopedTarget.eurekaClient' of type [com.netflix.discovery.EurekaClient]
2020-03-09 20:45:35.110 [main] DEBUG o.s.b.f.s.DefaultListableBeanFactory - Finished creating instance of bean 'eurekaClient'
2020-03-09 20:45:35.110 [main] DEBUG o.s.b.f.a.AutowiredAnnotationBeanPostProcessor - Autowiring by type from bean name 'org.springframework.cloud.netflix.eureka.EurekaDiscoveryClientConfiguration$EurekaClientConfigurationRefresher' to bean named 'eurekaClient'
2020-03-09 20:45:35.110 [main] DEBUG o.s.b.f.annotation.InjectionMetadata - Processing injected element of bean 'org.springframework.cloud.netflix.eureka.EurekaDiscoveryClientConfiguration$EurekaClientConfigurationRefresher': AutowiredFieldElement for private org.springframework.cloud.netflix.eureka.serviceregistry.EurekaAutoServiceRegistration org.springframework.cloud.netflix.eureka.EurekaDiscoveryClientConfiguration$EurekaClientConfigurationRefresher.autoRegistration
2020-03-09 20:45:35.110 [main] DEBUG o.s.core.annotation.AnnotationUtils - Failed to meta-introspect annotation interface org.springframework.beans.factory.annotation.Autowired: java.lang.NullPointerException
2020-03-09 20:45:35.112 [main] DEBUG o.s.b.f.s.DefaultListableBeanFactory - Creating shared instance of singleton bean 'eurekaAutoServiceRegistration'
2020-03-09 20:45:35.112 [main] DEBUG o.s.b.f.s.DefaultListableBeanFactory - Creating instance of bean 'eurekaAutoServiceRegistration'
2020-03-09 20:45:35.112 [main] DEBUG o.s.b.f.s.DefaultListableBeanFactory - Returning cached instance of singleton bean 'org.springframework.transaction.config.internalTransactionAdvisor'
2020-03-09 20:45:35.112 [main] DEBUG o.s.b.f.s.DefaultListableBeanFactory - Creating shared instance of singleton bean 'org.springframework.cloud.netflix.eureka.EurekaClientAutoConfiguration'
2020-03-09 20:45:35.112 [main] DEBUG o.s.b.f.s.DefaultListableBeanFactory - Creating instance of bean 'org.springframework.cloud.netflix.eureka.EurekaClientAutoConfiguration'
2020-03-09 20:45:35.112 [main] DEBUG o.s.b.f.s.DefaultListableBeanFactory - Returning cached instance of singleton bean 'org.springframework.transaction.config.internalTransactionAdvisor'
2020-03-09 20:45:35.114 [main] DEBUG o.s.c.LocalVariableTableParameterNameDiscoverer - Cannot find '.class' file for class [class org.springframework.cloud.netflix.eureka.EurekaClientAutoConfiguration$$EnhancerBySpringCGLIB$$5d49bd6a] - unable to determine constructor/method parameter names
2020-03-09 20:45:35.114 [main] DEBUG o.s.b.f.s.DefaultListableBeanFactory - Returning cached instance of singleton bean 'environment'
2020-03-09 20:45:35.114 [main] DEBUG o.s.b.f.s.DefaultListableBeanFactory - Autowiring by type from bean name 'org.springframework.cloud.netflix.eureka.EurekaClientAutoConfiguration' via constructor to bean named 'environment'
2020-03-09 20:45:35.114 [main] DEBUG o.s.b.f.s.DefaultListableBeanFactory - Eagerly caching bean 'org.springframework.cloud.netflix.eureka.EurekaClientAutoConfiguration' to allow for resolving potential circular references
2020-03-09 20:45:35.118 [main] DEBUG o.s.b.f.s.DefaultListableBeanFactory - Returning cached instance of singleton bean 'org.springframework.transaction.config.internalTransactionAdvisor'
2020-03-09 20:45:35.118 [main] DEBUG o.s.b.f.s.DefaultListableBeanFactory - Returning cached instance of singleton bean 'org.springframework.transaction.config.internalTransactionAdvisor'
2020-03-09 20:45:35.119 [main] DEBUG o.s.b.f.s.DefaultListableBeanFactory - Finished creating instance of bean 'org.springframework.cloud.netflix.eureka.EurekaClientAutoConfiguration'
2020-03-09 20:45:35.121 [main] DEBUG o.s.b.f.s.DefaultListableBeanFactory - Creating shared instance of singleton bean 'eurekaServiceRegistry'
2020-03-09 20:45:35.121 [main] DEBUG o.s.b.f.s.DefaultListableBeanFactory - Creating instance of bean 'eurekaServiceRegistry'
2020-03-09 20:45:35.121 [main] DEBUG o.s.b.f.s.DefaultListableBeanFactory - Returning cached instance of singleton bean 'org.springframework.transaction.config.internalTransactionAdvisor'
2020-03-09 20:45:35.121 [main] DEBUG o.s.b.f.s.DefaultListableBeanFactory - Returning cached instance of singleton bean 'org.springframework.cloud.netflix.eureka.EurekaClientAutoConfiguration'
2020-03-09 20:45:35.125 [main] DEBUG o.s.b.f.s.DefaultListableBeanFactory - Eagerly caching bean 'eurekaServiceRegistry' to allow for resolving potential circular references
2020-03-09 20:45:35.128 [main] DEBUG o.s.b.f.s.DefaultListableBeanFactory - Returning cached instance of singleton bean 'org.springframework.transaction.config.internalTransactionAdvisor'
2020-03-09 20:45:35.128 [main] DEBUG o.s.b.f.s.DefaultListableBeanFactory - Returning cached instance of singleton bean 'org.springframework.transaction.config.internalTransactionAdvisor'
2020-03-09 20:45:35.129 [main] DEBUG o.s.b.f.s.DefaultListableBeanFactory - Finished creating instance of bean 'eurekaServiceRegistry'
2020-03-09 20:45:35.130 [main] DEBUG o.s.b.f.s.DefaultListableBeanFactory - Creating shared instance of singleton bean 'eurekaRegistration'
2020-03-09 20:45:35.131 [main] DEBUG o.s.b.f.s.DefaultListableBeanFactory - Creating instance of bean 'eurekaRegistration'
2020-03-09 20:45:35.131 [main] DEBUG o.s.b.f.s.DefaultListableBeanFactory - Eagerly caching bean 'eurekaRegistration' to allow for resolving potential circular references
2020-03-09 20:45:35.131 [main] DEBUG o.s.aop.framework.CglibAopProxy - Creating CGLIB proxy: target source is SimpleBeanTargetSource for target bean 'scopedTarget.eurekaRegistration' of type [org.springframework.cloud.netflix.eureka.serviceregistry.EurekaRegistration]
2020-03-09 20:45:35.134 [main] DEBUG o.s.aop.framework.CglibAopProxy - Unable to apply any optimizations to advised method: public java.lang.String org.springframework.cloud.netflix.eureka.serviceregistry.EurekaRegistration.getHost()
2020-03-09 20:45:35.134 [main] DEBUG o.s.aop.framework.CglibAopProxy - Unable to apply any optimizations to advised method: public int org.springframework.cloud.netflix.eureka.serviceregistry.EurekaRegistration.getPort()
2020-03-09 20:45:35.134 [main] DEBUG o.s.aop.framework.CglibAopProxy - Unable to apply any optimizations to advised method: public java.util.Map org.springframework.cloud.netflix.eureka.serviceregistry.EurekaRegistration.getMetadata()
2020-03-09 20:45:35.134 [main] DEBUG o.s.aop.framework.CglibAopProxy - Unable to apply any optimizations to advised method: public boolean org.springframework.cloud.netflix.eureka.serviceregistry.EurekaRegistration.isSecure()
2020-03-09 20:45:35.134 [main] DEBUG o.s.aop.framework.CglibAopProxy - Unable to apply any optimizations to advised method: public org.springframework.beans.factory.ObjectProvider org.springframework.cloud.netflix.eureka.serviceregistry.EurekaRegistration.getHealthCheckHandler()
2020-03-09 20:45:35.134 [main] DEBUG o.s.aop.framework.CglibAopProxy - Unable to apply any optimizations to advised method: public com.netflix.appinfo.ApplicationInfoManager org.springframework.cloud.netflix.eureka.serviceregistry.EurekaRegistration.getApplicationInfoManager()
2020-03-09 20:45:35.134 [main] DEBUG o.s.aop.framework.CglibAopProxy - Unable to apply any optimizations to advised method: protected java.lang.Object org.springframework.cloud.netflix.eureka.serviceregistry.EurekaRegistration.getTargetObject(java.lang.Object,java.lang.Class) throws java.lang.Exception
2020-03-09 20:45:35.134 [main] DEBUG o.s.aop.framework.CglibAopProxy - Unable to apply any optimizations to advised method: public int org.springframework.cloud.netflix.eureka.serviceregistry.EurekaRegistration.getNonSecurePort()
2020-03-09 20:45:35.135 [main] DEBUG o.s.aop.framework.CglibAopProxy - Unable to apply any optimizations to advised method: public void org.springframework.cloud.netflix.eureka.serviceregistry.EurekaRegistration.setSecurePort(int)
2020-03-09 20:45:35.135 [main] DEBUG o.s.aop.framework.CglibAopProxy - Unable to apply any optimizations to advised method: public void org.springframework.cloud.netflix.eureka.serviceregistry.EurekaRegistration.setNonSecurePort(int)
2020-03-09 20:45:35.135 [main] DEBUG o.s.aop.framework.CglibAopProxy - Unable to apply any optimizations to advised method: public int org.springframework.cloud.netflix.eureka.serviceregistry.EurekaRegistration.getSecurePort()
2020-03-09 20:45:35.135 [main] DEBUG o.s.aop.framework.CglibAopProxy - Unable to apply any optimizations to advised method: public java.lang.String org.springframework.cloud.netflix.eureka.serviceregistry.EurekaRegistration.getServiceId()
2020-03-09 20:45:35.135 [main] DEBUG o.s.aop.framework.CglibAopProxy - Unable to apply any optimizations to advised method: public org.springframework.cloud.netflix.eureka.CloudEurekaClient org.springframework.cloud.netflix.eureka.serviceregistry.EurekaRegistration.getEurekaClient()
2020-03-09 20:45:35.135 [main] DEBUG o.s.aop.framework.CglibAopProxy - Unable to apply any optimizations to advised method: public void org.springframework.cloud.netflix.eureka.serviceregistry.EurekaRegistration.setHealthCheckHandler(org.springframework.beans.factory.ObjectProvider)
2020-03-09 20:45:35.135 [main] DEBUG o.s.aop.framework.CglibAopProxy - Unable to apply any optimizations to advised method: public org.springframework.cloud.netflix.eureka.CloudEurekaInstanceConfig org.springframework.cloud.netflix.eureka.serviceregistry.EurekaRegistration.getInstanceConfig()
2020-03-09 20:45:35.135 [main] DEBUG o.s.aop.framework.CglibAopProxy - Unable to apply any optimizations to advised method: public java.net.URI org.springframework.cloud.netflix.eureka.serviceregistry.EurekaRegistration.getUri()
2020-03-09 20:45:35.135 [main] DEBUG o.s.aop.framework.CglibAopProxy - Found 'equals' method: public boolean java.lang.Object.equals(java.lang.Object)
2020-03-09 20:45:35.135 [main] DEBUG o.s.aop.framework.CglibAopProxy - Unable to apply any optimizations to advised method: public java.lang.String java.lang.Object.toString()
2020-03-09 20:45:35.135 [main] DEBUG o.s.aop.framework.CglibAopProxy - Found 'hashCode' method: public native int java.lang.Object.hashCode()
2020-03-09 20:45:35.135 [main] DEBUG o.s.aop.framework.CglibAopProxy - Unable to apply any optimizations to advised method: protected native java.lang.Object java.lang.Object.clone() throws java.lang.CloneNotSupportedException
2020-03-09 20:45:35.135 [main] DEBUG o.s.aop.framework.CglibAopProxy - Unable to apply any optimizations to advised method: public default java.lang.String org.springframework.cloud.client.ServiceInstance.getScheme()
2020-03-09 20:45:35.135 [main] DEBUG o.s.aop.framework.CglibAopProxy - Unable to apply any optimizations to advised method: public abstract void org.springframework.aop.scope.ScopedObject.removeFromScope()
2020-03-09 20:45:35.135 [main] DEBUG o.s.aop.framework.CglibAopProxy - Unable to apply any optimizations to advised method: public abstract java.lang.Object org.springframework.aop.scope.ScopedObject.getTargetObject()
2020-03-09 20:45:35.135 [main] DEBUG o.s.aop.framework.CglibAopProxy - Method is declared on Advised interface: public abstract int org.springframework.aop.framework.Advised.indexOf(org.aopalliance.aop.Advice)
2020-03-09 20:45:35.135 [main] DEBUG o.s.aop.framework.CglibAopProxy - Method is declared on Advised interface: public abstract int org.springframework.aop.framework.Advised.indexOf(org.springframework.aop.Advisor)
2020-03-09 20:45:35.135 [main] DEBUG o.s.aop.framework.CglibAopProxy - Method is declared on Advised interface: public abstract boolean org.springframework.aop.framework.Advised.isFrozen()
2020-03-09 20:45:35.135 [main] DEBUG o.s.aop.framework.CglibAopProxy - Method is declared on Advised interface: public abstract boolean org.springframework.aop.framework.Advised.isInterfaceProxied(java.lang.Class)
2020-03-09 20:45:35.135 [main] DEBUG o.s.aop.framework.CglibAopProxy - Method is declared on Advised interface: public abstract boolean org.springframework.aop.framework.Advised.isProxyTargetClass()
2020-03-09 20:45:35.136 [main] DEBUG o.s.aop.framework.CglibAopProxy - Method is declared on Advised interface: public abstract java.lang.String org.springframework.aop.framework.Advised.toProxyConfigString()
2020-03-09 20:45:35.136 [main] DEBUG o.s.aop.framework.CglibAopProxy - Method is declared on Advised interface: public abstract java.lang.Class[] org.springframework.aop.framework.Advised.getProxiedInterfaces()
2020-03-09 20:45:35.136 [main] DEBUG o.s.aop.framework.CglibAopProxy - Method is declared on Advised interface: public abstract void org.springframework.aop.framework.Advised.addAdvisor(int,org.springframework.aop.Advisor) throws org.springframework.aop.framework.AopConfigException
2020-03-09 20:45:35.136 [main] DEBUG o.s.aop.framework.CglibAopProxy - Method is declared on Advised interface: public abstract void org.springframework.aop.framework.Advised.addAdvisor(org.springframework.aop.Advisor) throws org.springframework.aop.framework.AopConfigException
2020-03-09 20:45:35.136 [main] DEBUG o.s.aop.framework.CglibAopProxy - Method is declared on Advised interface: public abstract boolean org.springframework.aop.framework.Advised.removeAdvisor(org.springframework.aop.Advisor)
2020-03-09 20:45:35.136 [main] DEBUG o.s.aop.framework.CglibAopProxy - Method is declared on Advised interface: public abstract void org.springframework.aop.framework.Advised.removeAdvisor(int) throws org.springframework.aop.framework.AopConfigException
2020-03-09 20:45:35.136 [main] DEBUG o.s.aop.framework.CglibAopProxy - Method is declared on Advised interface: public abstract boolean org.springframework.aop.framework.Advised.isExposeProxy()
2020-03-09 20:45:35.136 [main] DEBUG o.s.aop.framework.CglibAopProxy - Method is declared on Advised interface: public abstract org.springframework.aop.TargetSource org.springframework.aop.framework.Advised.getTargetSource()
2020-03-09 20:45:35.136 [main] DEBUG o.s.aop.framework.CglibAopProxy - Method is declared on Advised interface: public abstract org.springframework.aop.Advisor[] org.springframework.aop.framework.Advised.getAdvisors()
2020-03-09 20:45:35.136 [main] DEBUG o.s.aop.framework.CglibAopProxy - Method is declared on Advised interface: public abstract void org.springframework.aop.framework.Advised.setPreFiltered(boolean)
2020-03-09 20:45:35.136 [main] DEBUG o.s.aop.framework.CglibAopProxy - Method is declared on Advised interface: public abstract boolean org.springframework.aop.framework.Advised.isPreFiltered()
2020-03-09 20:45:35.136 [main] DEBUG o.s.aop.framework.CglibAopProxy - Method is declared on Advised interface: public abstract boolean org.springframework.aop.framework.Advised.replaceAdvisor(org.springframework.aop.Advisor,org.springframework.aop.Advisor) throws org.springframework.aop.framework.AopConfigException
2020-03-09 20:45:35.136 [main] DEBUG o.s.aop.framework.CglibAopProxy - Method is declared on Advised interface: public abstract void org.springframework.aop.framework.Advised.setExposeProxy(boolean)
2020-03-09 20:45:35.136 [main] DEBUG o.s.aop.framework.CglibAopProxy - Method is declared on Advised interface: public abstract void org.springframework.aop.framework.Advised.addAdvice(org.aopalliance.aop.Advice) throws org.springframework.aop.framework.AopConfigException
2020-03-09 20:45:35.136 [main] DEBUG o.s.aop.framework.CglibAopProxy - Method is declared on Advised interface: public abstract void org.springframework.aop.framework.Advised.addAdvice(int,org.aopalliance.aop.Advice) throws org.springframework.aop.framework.AopConfigException
2020-03-09 20:45:35.136 [main] DEBUG o.s.aop.framework.CglibAopProxy - Method is declared on Advised interface: public abstract boolean org.springframework.aop.framework.Advised.removeAdvice(org.aopalliance.aop.Advice)
2020-03-09 20:45:35.136 [main] DEBUG o.s.aop.framework.CglibAopProxy - Method is declared on Advised interface: public abstract void org.springframework.aop.framework.Advised.setTargetSource(org.springframework.aop.TargetSource)
2020-03-09 20:45:35.136 [main] DEBUG o.s.aop.framework.CglibAopProxy - Method is declared on Advised interface: public abstract java.lang.Class org.springframework.aop.TargetClassAware.getTargetClass()
2020-03-09 20:45:35.147 [main] DEBUG o.s.b.f.s.DefaultListableBeanFactory - Finished creating instance of bean 'eurekaRegistration'
2020-03-09 20:45:35.148 [main] DEBUG o.s.b.f.s.DefaultListableBeanFactory - Autowiring by type from bean name 'eurekaAutoServiceRegistration' via factory method to bean named 'org.springframework.web.context.support.GenericWebApplicationContext@21d5c1a0'
2020-03-09 20:45:35.148 [main] DEBUG o.s.b.f.s.DefaultListableBeanFactory - Autowiring by type from bean name 'eurekaAutoServiceRegistration' via factory method to bean named 'eurekaServiceRegistry'
2020-03-09 20:45:35.148 [main] DEBUG o.s.b.f.s.DefaultListableBeanFactory - Autowiring by type from bean name 'eurekaAutoServiceRegistration' via factory method to bean named 'eurekaRegistration'
2020-03-09 20:45:35.150 [main] DEBUG o.s.b.f.s.DefaultListableBeanFactory - Eagerly caching bean 'eurekaAutoServiceRegistration' to allow for resolving potential circular references
2020-03-09 20:45:35.175 [main] DEBUG o.s.b.f.s.DefaultListableBeanFactory - Returning cached instance of singleton bean 'org.springframework.transaction.config.internalTransactionAdvisor'
2020-03-09 20:45:35.175 [main] DEBUG o.s.b.f.s.DefaultListableBeanFactory - Returning cached instance of singleton bean 'org.springframework.transaction.config.internalTransactionAdvisor'
2020-03-09 20:45:35.176 [main] DEBUG o.s.b.f.s.DefaultListableBeanFactory - Finished creating instance of bean 'eurekaAutoServiceRegistration'
2020-03-09 20:45:35.176 [main] DEBUG o.s.b.f.a.AutowiredAnnotationBeanPostProcessor - Autowiring by type from bean name 'org.springframework.cloud.netflix.eureka.EurekaDiscoveryClientConfiguration$EurekaClientConfigurationRefresher' to bean named 'eurekaAutoServiceRegistration'
2020-03-09 20:45:35.176 [main] DEBUG o.s.b.f.s.DefaultListableBeanFactory - Returning cached instance of singleton bean 'org.springframework.transaction.config.internalTransactionAdvisor'
2020-03-09 20:45:35.176 [main] DEBUG o.s.b.f.s.DefaultListableBeanFactory - Returning cached instance of singleton bean 'org.springframework.transaction.config.internalTransactionAdvisor'
2020-03-09 20:45:35.177 [main] DEBUG o.s.b.f.s.DefaultListableBeanFactory - Finished creating instance of bean 'org.springframework.cloud.netflix.eureka.EurekaDiscoveryClientConfiguration$EurekaClientConfigurationRefresher'
2020-03-09 20:45:35.177 [main] DEBUG o.s.b.f.s.DefaultListableBeanFactory - Creating shared instance of singleton bean 'org.springframework.cloud.netflix.eureka.EurekaDiscoveryClientConfiguration'
2020-03-09 20:45:35.177 [main] DEBUG o.s.b.f.s.DefaultListableBeanFactory - Creating instance of bean 'org.springframework.cloud.netflix.eureka.EurekaDiscoveryClientConfiguration'
2020-03-09 20:45:35.177 [main] DEBUG o.s.b.f.s.DefaultListableBeanFactory - Returning cached instance of singleton bean 'org.springframework.transaction.config.internalTransactionAdvisor'
2020-03-09 20:45:35.178 [main] DEBUG o.s.b.f.s.DefaultListableBeanFactory - Eagerly caching bean 'org.springframework.cloud.netflix.eureka.EurekaDiscoveryClientConfiguration' to allow for resolving potential circular references
2020-03-09 20:45:35.184 [main] DEBUG o.s.b.f.s.DefaultListableBeanFactory - Returning cached instance of singleton bean 'org.springframework.transaction.config.internalTransactionAdvisor'
2020-03-09 20:45:35.185 [main] DEBUG o.s.b.f.s.DefaultListableBeanFactory - Returning cached instance of singleton bean 'org.springframework.transaction.config.internalTransactionAdvisor'
2020-03-09 20:45:35.185 [main] DEBUG o.s.b.f.s.DefaultListableBeanFactory - Finished creating instance of bean 'org.springframework.cloud.netflix.eureka.EurekaDiscoveryClientConfiguration'
2020-03-09 20:45:35.185 [main] DEBUG o.s.b.f.s.DefaultListableBeanFactory - Creating shared instance of singleton bean 'eurekaDiscoverClientMarker'
2020-03-09 20:45:35.185 [main] DEBUG o.s.b.f.s.DefaultListableBeanFactory - Creating instance of bean 'eurekaDiscoverClientMarker'
2020-03-09 20:45:35.185 [main] DEBUG o.s.b.f.s.DefaultListableBeanFactory - Returning cached instance of singleton bean 'org.springframework.transaction.config.internalTransactionAdvisor'
2020-03-09 20:45:35.185 [main] DEBUG o.s.b.f.s.DefaultListableBeanFactory - Returning cached instance of singleton bean 'org.springframework.cloud.netflix.eureka.EurekaDiscoveryClientConfiguration'
2020-03-09 20:45:35.189 [main] DEBUG o.s.b.f.s.DefaultListableBeanFactory - Eagerly caching bean 'eurekaDiscoverClientMarker' to allow for resolving potential circular references
2020-03-09 20:45:35.191 [main] DEBUG o.s.b.f.s.DefaultListableBeanFactory - Returning cached instance of singleton bean 'org.springframework.transaction.config.internalTransactionAdvisor'
2020-03-09 20:45:35.191 [main] DEBUG o.s.b.f.s.DefaultListableBeanFactory - Returning cached instance of singleton bean 'org.springframework.transaction.config.internalTransactionAdvisor'
2020-03-09 20:45:35.191 [main] DEBUG o.s.b.f.s.DefaultListableBeanFactory - Finished creating instance of bean 'eurekaDiscoverClientMarker'
2020-03-09 20:45:35.192 [main] DEBUG o.s.b.f.s.DefaultListableBeanFactory - Creating shared instance of singleton bean 'org.springframework.cloud.client.serviceregistry.AutoServiceRegistrationConfiguration'
2020-03-09 20:45:35.192 [main] DEBUG o.s.b.f.s.DefaultListableBeanFactory - Creating instance of bean 'org.springframework.cloud.client.serviceregistry.AutoServiceRegistrationConfiguration'
2020-03-09 20:45:35.192 [main] DEBUG o.s.b.f.s.DefaultListableBeanFactory - Returning cached instance of singleton bean 'org.springframework.transaction.config.internalTransactionAdvisor'
2020-03-09 20:45:35.193 [main] DEBUG o.s.b.f.s.DefaultListableBeanFactory - Eagerly caching bean 'org.springframework.cloud.client.serviceregistry.AutoServiceRegistrationConfiguration' to allow for resolving potential circular references
2020-03-09 20:45:35.203 [main] DEBUG o.s.b.f.s.DefaultListableBeanFactory - Returning cached instance of singleton bean 'org.springframework.transaction.config.internalTransactionAdvisor'
2020-03-09 20:45:35.203 [main] DEBUG o.s.b.f.s.DefaultListableBeanFactory - Returning cached instance of singleton bean 'org.springframework.transaction.config.internalTransactionAdvisor'
2020-03-09 20:45:35.203 [main] DEBUG o.s.b.f.s.DefaultListableBeanFactory - Finished creating instance of bean 'org.springframework.cloud.client.serviceregistry.AutoServiceRegistrationConfiguration'
2020-03-09 20:45:35.203 [main] DEBUG o.s.b.f.s.DefaultListableBeanFactory - Creating shared instance of singleton bean 'spring.cloud.service-registry.auto-registration-org.springframework.cloud.client.serviceregistry.AutoServiceRegistrationProperties'
2020-03-09 20:45:35.203 [main] DEBUG o.s.b.f.s.DefaultListableBeanFactory - Creating instance of bean 'spring.cloud.service-registry.auto-registration-org.springframework.cloud.client.serviceregistry.AutoServiceRegistrationProperties'
2020-03-09 20:45:35.203 [main] DEBUG o.s.b.f.s.DefaultListableBeanFactory - Returning cached instance of singleton bean 'org.springframework.transaction.config.internalTransactionAdvisor'
2020-03-09 20:45:35.204 [main] DEBUG o.s.b.f.s.DefaultListableBeanFactory - Eagerly caching bean 'spring.cloud.service-registry.auto-registration-org.springframework.cloud.client.serviceregistry.AutoServiceRegistrationProperties' to allow for resolving potential circular references
2020-03-09 20:45:35.207 [main] DEBUG o.s.b.f.s.DefaultListableBeanFactory - Returning cached instance of singleton bean 'org.springframework.transaction.config.internalTransactionAdvisor'
2020-03-09 20:45:35.207 [main] DEBUG o.s.b.f.s.DefaultListableBeanFactory - Returning cached instance of singleton bean 'org.springframework.transaction.config.internalTransactionAdvisor'
2020-03-09 20:45:35.207 [main] DEBUG o.s.b.f.s.DefaultListableBeanFactory - Finished creating instance of bean 'spring.cloud.service-registry.auto-registration-org.springframework.cloud.client.serviceregistry.AutoServiceRegistrationProperties'
2020-03-09 20:45:35.207 [main] DEBUG o.s.b.f.s.DefaultListableBeanFactory - Creating shared instance of singleton bean 'org.springframework.cloud.client.serviceregistry.AutoServiceRegistrationAutoConfiguration'
2020-03-09 20:45:35.207 [main] DEBUG o.s.b.f.s.DefaultListableBeanFactory - Creating instance of bean 'org.springframework.cloud.client.serviceregistry.AutoServiceRegistrationAutoConfiguration'
2020-03-09 20:45:35.207 [main] DEBUG o.s.b.f.s.DefaultListableBeanFactory - Returning cached instance of singleton bean 'org.springframework.transaction.config.internalTransactionAdvisor'
2020-03-09 20:45:35.208 [main] DEBUG o.s.c.a.CommonAnnotationBeanPostProcessor - Found init method on class [org.springframework.cloud.client.serviceregistry.AutoServiceRegistrationAutoConfiguration$$EnhancerBySpringCGLIB$$b62dac7]: protected void org.springframework.cloud.client.serviceregistry.AutoServiceRegistrationAutoConfiguration.init()
2020-03-09 20:45:35.208 [main] DEBUG o.s.c.a.CommonAnnotationBeanPostProcessor - Registered init method on class [org.springframework.cloud.client.serviceregistry.AutoServiceRegistrationAutoConfiguration$$EnhancerBySpringCGLIB$$b62dac7]: org.springframework.beans.factory.annotation.InitDestroyAnnotationBeanPostProcessor$LifecycleElement@316510
2020-03-09 20:45:35.208 [main] DEBUG o.s.b.f.annotation.InjectionMetadata - Registered injected element on class [org.springframework.cloud.client.serviceregistry.AutoServiceRegistrationAutoConfiguration$$EnhancerBySpringCGLIB$$b62dac7]: AutowiredFieldElement for private org.springframework.cloud.client.serviceregistry.AutoServiceRegistration org.springframework.cloud.client.serviceregistry.AutoServiceRegistrationAutoConfiguration.autoServiceRegistration
2020-03-09 20:45:35.208 [main] DEBUG o.s.b.f.annotation.InjectionMetadata - Registered injected element on class [org.springframework.cloud.client.serviceregistry.AutoServiceRegistrationAutoConfiguration$$EnhancerBySpringCGLIB$$b62dac7]: AutowiredFieldElement for private org.springframework.cloud.client.serviceregistry.AutoServiceRegistrationProperties org.springframework.cloud.client.serviceregistry.AutoServiceRegistrationAutoConfiguration.properties
2020-03-09 20:45:35.208 [main] DEBUG o.s.b.f.s.DefaultListableBeanFactory - Eagerly caching bean 'org.springframework.cloud.client.serviceregistry.AutoServiceRegistrationAutoConfiguration' to allow for resolving potential circular references
2020-03-09 20:45:35.216 [main] DEBUG o.s.b.f.annotation.InjectionMetadata - Processing injected element of bean 'org.springframework.cloud.client.serviceregistry.AutoServiceRegistrationAutoConfiguration': AutowiredFieldElement for private org.springframework.cloud.client.serviceregistry.AutoServiceRegistration org.springframework.cloud.client.serviceregistry.AutoServiceRegistrationAutoConfiguration.autoServiceRegistration
2020-03-09 20:45:35.216 [main] DEBUG o.s.core.annotation.AnnotationUtils - Failed to meta-introspect annotation interface org.springframework.beans.factory.annotation.Autowired: java.lang.NullPointerException
2020-03-09 20:45:35.218 [main] DEBUG o.s.b.f.s.DefaultListableBeanFactory - Returning cached instance of singleton bean 'eurekaAutoServiceRegistration'
2020-03-09 20:45:35.218 [main] DEBUG o.s.b.f.a.AutowiredAnnotationBeanPostProcessor - Autowiring by type from bean name 'org.springframework.cloud.client.serviceregistry.AutoServiceRegistrationAutoConfiguration' to bean named 'eurekaAutoServiceRegistration'
2020-03-09 20:45:35.218 [main] DEBUG o.s.b.f.annotation.InjectionMetadata - Processing injected element of bean 'org.springframework.cloud.client.serviceregistry.AutoServiceRegistrationAutoConfiguration': AutowiredFieldElement for private org.springframework.cloud.client.serviceregistry.AutoServiceRegistrationProperties org.springframework.cloud.client.serviceregistry.AutoServiceRegistrationAutoConfiguration.properties
2020-03-09 20:45:35.218 [main] DEBUG o.s.core.annotation.AnnotationUtils - Failed to meta-introspect annotation interface org.springframework.beans.factory.annotation.Autowired: java.lang.NullPointerException
2020-03-09 20:45:35.220 [main] DEBUG o.s.b.f.s.DefaultListableBeanFactory - Returning cached instance of singleton bean 'spring.cloud.service-registry.auto-registration-org.springframework.cloud.client.serviceregistry.AutoServiceRegistrationProperties'
2020-03-09 20:45:35.220 [main] DEBUG o.s.b.f.a.AutowiredAnnotationBeanPostProcessor - Autowiring by type from bean name 'org.springframework.cloud.client.serviceregistry.AutoServiceRegistrationAutoConfiguration' to bean named 'spring.cloud.service-registry.auto-registration-org.springframework.cloud.client.serviceregistry.AutoServiceRegistrationProperties'
2020-03-09 20:45:35.220 [main] DEBUG o.s.c.a.CommonAnnotationBeanPostProcessor - Invoking init method on bean 'org.springframework.cloud.client.serviceregistry.AutoServiceRegistrationAutoConfiguration': protected void org.springframework.cloud.client.serviceregistry.AutoServiceRegistrationAutoConfiguration.init()
2020-03-09 20:45:35.221 [main] DEBUG o.s.b.f.s.DefaultListableBeanFactory - Returning cached instance of singleton bean 'org.springframework.transaction.config.internalTransactionAdvisor'
2020-03-09 20:45:35.221 [main] DEBUG o.s.b.f.s.DefaultListableBeanFactory - Returning cached instance of singleton bean 'org.springframework.transaction.config.internalTransactionAdvisor'
2020-03-09 20:45:35.221 [main] DEBUG o.s.b.f.s.DefaultListableBeanFactory - Finished creating instance of bean 'org.springframework.cloud.client.serviceregistry.AutoServiceRegistrationAutoConfiguration'
2020-03-09 20:45:35.221 [main] DEBUG o.s.b.f.s.DefaultListableBeanFactory - Creating shared instance of singleton bean 'org.springframework.cloud.netflix.eureka.EurekaClientAutoConfiguration$RefreshableEurekaClientConfiguration'
2020-03-09 20:45:35.221 [main] DEBUG o.s.b.f.s.DefaultListableBeanFactory - Creating instance of bean 'org.springframework.cloud.netflix.eureka.EurekaClientAutoConfiguration$RefreshableEurekaClientConfiguration'
2020-03-09 20:45:35.221 [main] DEBUG o.s.b.f.s.DefaultListableBeanFactory - Returning cached instance of singleton bean 'org.springframework.transaction.config.internalTransactionAdvisor'
2020-03-09 20:45:35.222 [main] DEBUG o.s.b.f.annotation.InjectionMetadata - Registered injected element on class [org.springframework.cloud.netflix.eureka.EurekaClientAutoConfiguration$RefreshableEurekaClientConfiguration$$EnhancerBySpringCGLIB$$ced76db7]: AutowiredFieldElement for private org.springframework.context.ApplicationContext org.springframework.cloud.netflix.eureka.EurekaClientAutoConfiguration$RefreshableEurekaClientConfiguration.context
2020-03-09 20:45:35.222 [main] DEBUG o.s.b.f.annotation.InjectionMetadata - Registered injected element on class [org.springframework.cloud.netflix.eureka.EurekaClientAutoConfiguration$RefreshableEurekaClientConfiguration$$EnhancerBySpringCGLIB$$ced76db7]: AutowiredFieldElement for private com.netflix.discovery.AbstractDiscoveryClientOptionalArgs org.springframework.cloud.netflix.eureka.EurekaClientAutoConfiguration$RefreshableEurekaClientConfiguration.optionalArgs
2020-03-09 20:45:35.222 [main] DEBUG o.s.b.f.s.DefaultListableBeanFactory - Eagerly caching bean 'org.springframework.cloud.netflix.eureka.EurekaClientAutoConfiguration$RefreshableEurekaClientConfiguration' to allow for resolving potential circular references
2020-03-09 20:45:35.226 [main] DEBUG o.s.b.f.annotation.InjectionMetadata - Processing injected element of bean 'org.springframework.cloud.netflix.eureka.EurekaClientAutoConfiguration$RefreshableEurekaClientConfiguration': AutowiredFieldElement for private org.springframework.context.ApplicationContext org.springframework.cloud.netflix.eureka.EurekaClientAutoConfiguration$RefreshableEurekaClientConfiguration.context
2020-03-09 20:45:35.227 [main] DEBUG o.s.core.annotation.AnnotationUtils - Failed to meta-introspect annotation interface org.springframework.beans.factory.annotation.Autowired: java.lang.NullPointerException
2020-03-09 20:45:35.227 [main] DEBUG o.s.b.f.a.AutowiredAnnotationBeanPostProcessor - Autowiring by type from bean name 'org.springframework.cloud.netflix.eureka.EurekaClientAutoConfiguration$RefreshableEurekaClientConfiguration' to bean named 'org.springframework.web.context.support.GenericWebApplicationContext@21d5c1a0'
2020-03-09 20:45:35.227 [main] DEBUG o.s.b.f.annotation.InjectionMetadata - Processing injected element of bean 'org.springframework.cloud.netflix.eureka.EurekaClientAutoConfiguration$RefreshableEurekaClientConfiguration': AutowiredFieldElement for private com.netflix.discovery.AbstractDiscoveryClientOptionalArgs org.springframework.cloud.netflix.eureka.EurekaClientAutoConfiguration$RefreshableEurekaClientConfiguration.optionalArgs
2020-03-09 20:45:35.227 [main] DEBUG o.s.core.annotation.AnnotationUtils - Failed to meta-introspect annotation interface org.springframework.beans.factory.annotation.Autowired: java.lang.NullPointerException
2020-03-09 20:45:35.231 [main] DEBUG o.s.b.f.s.DefaultListableBeanFactory - Creating shared instance of singleton bean 'discoveryClientOptionalArgs'
2020-03-09 20:45:35.231 [main] DEBUG o.s.b.f.s.DefaultListableBeanFactory - Creating instance of bean 'discoveryClientOptionalArgs'
2020-03-09 20:45:35.232 [main] DEBUG o.s.b.f.s.DefaultListableBeanFactory - Returning cached instance of singleton bean 'org.springframework.transaction.config.internalTransactionAdvisor'
2020-03-09 20:45:35.232 [main] DEBUG o.s.b.f.s.DefaultListableBeanFactory - Creating shared instance of singleton bean 'org.springframework.cloud.netflix.eureka.config.DiscoveryClientOptionalArgsConfiguration'
2020-03-09 20:45:35.232 [main] DEBUG o.s.b.f.s.DefaultListableBeanFactory - Creating instance of bean 'org.springframework.cloud.netflix.eureka.config.DiscoveryClientOptionalArgsConfiguration'
2020-03-09 20:45:35.232 [main] DEBUG o.s.b.f.s.DefaultListableBeanFactory - Returning cached instance of singleton bean 'org.springframework.transaction.config.internalTransactionAdvisor'
2020-03-09 20:45:35.232 [main] DEBUG o.s.b.f.s.DefaultListableBeanFactory - Eagerly caching bean 'org.springframework.cloud.netflix.eureka.config.DiscoveryClientOptionalArgsConfiguration' to allow for resolving potential circular references
2020-03-09 20:45:35.235 [main] DEBUG o.s.b.f.s.DefaultListableBeanFactory - Returning cached instance of singleton bean 'org.springframework.transaction.config.internalTransactionAdvisor'
2020-03-09 20:45:35.235 [main] DEBUG o.s.b.f.s.DefaultListableBeanFactory - Returning cached instance of singleton bean 'org.springframework.transaction.config.internalTransactionAdvisor'
2020-03-09 20:45:35.236 [main] DEBUG o.s.b.f.s.DefaultListableBeanFactory - Finished creating instance of bean 'org.springframework.cloud.netflix.eureka.config.DiscoveryClientOptionalArgsConfiguration'
2020-03-09 20:45:35.249 [main] DEBUG o.s.b.f.s.DefaultListableBeanFactory - Eagerly caching bean 'discoveryClientOptionalArgs' to allow for resolving potential circular references
2020-03-09 20:45:35.256 [main] DEBUG o.s.b.f.s.DefaultListableBeanFactory - Returning cached instance of singleton bean 'org.springframework.transaction.config.internalTransactionAdvisor'
2020-03-09 20:45:35.256 [main] DEBUG o.s.b.f.s.DefaultListableBeanFactory - Returning cached instance of singleton bean 'org.springframework.transaction.config.internalTransactionAdvisor'
2020-03-09 20:45:35.256 [main] DEBUG o.s.b.f.s.DefaultListableBeanFactory - Finished creating instance of bean 'discoveryClientOptionalArgs'
2020-03-09 20:45:35.257 [main] DEBUG o.s.b.f.a.AutowiredAnnotationBeanPostProcessor - Autowiring by type from bean name 'org.springframework.cloud.netflix.eureka.EurekaClientAutoConfiguration$RefreshableEurekaClientConfiguration' to bean named 'discoveryClientOptionalArgs'
2020-03-09 20:45:35.257 [main] DEBUG o.s.b.f.s.DefaultListableBeanFactory - Returning cached instance of singleton bean 'org.springframework.transaction.config.internalTransactionAdvisor'
2020-03-09 20:45:35.257 [main] DEBUG o.s.b.f.s.DefaultListableBeanFactory - Returning cached instance of singleton bean 'org.springframework.transaction.config.internalTransactionAdvisor'
2020-03-09 20:45:35.258 [main] DEBUG o.s.b.f.s.DefaultListableBeanFactory - Finished creating instance of bean 'org.springframework.cloud.netflix.eureka.EurekaClientAutoConfiguration$RefreshableEurekaClientConfiguration'
2020-03-09 20:45:35.258 [main] DEBUG o.s.b.f.s.DefaultListableBeanFactory - Returning cached instance of singleton bean 'eurekaClient'
2020-03-09 20:45:35.258 [main] DEBUG o.s.b.f.s.DefaultListableBeanFactory - Creating shared instance of singleton bean 'eurekaApplicationInfoManager'
2020-03-09 20:45:35.258 [main] DEBUG o.s.b.f.s.DefaultListableBeanFactory - Creating instance of bean 'eurekaApplicationInfoManager'
2020-03-09 20:45:35.258 [main] DEBUG o.s.b.f.s.DefaultListableBeanFactory - Eagerly caching bean 'eurekaApplicationInfoManager' to allow for resolving potential circular references
2020-03-09 20:45:35.258 [main] DEBUG o.s.aop.framework.CglibAopProxy - Creating CGLIB proxy: target source is SimpleBeanTargetSource for target bean 'scopedTarget.eurekaApplicationInfoManager' of type [com.netflix.appinfo.ApplicationInfoManager]
2020-03-09 20:45:35.261 [main] DEBUG o.s.aop.framework.CglibAopProxy - Unable to apply any optimizations to advised method: public com.netflix.appinfo.InstanceInfo com.netflix.appinfo.ApplicationInfoManager.getInfo()
2020-03-09 20:45:35.261 [main] DEBUG o.s.aop.framework.CglibAopProxy - Unable to apply any optimizations to advised method: public void com.netflix.appinfo.ApplicationInfoManager.initComponent(com.netflix.appinfo.EurekaInstanceConfig)
2020-03-09 20:45:35.261 [main] DEBUG o.s.aop.framework.CglibAopProxy - Unable to apply any optimizations to advised method: public void com.netflix.appinfo.ApplicationInfoManager.refreshDataCenterInfoIfRequired()
2020-03-09 20:45:35.261 [main] DEBUG o.s.aop.framework.CglibAopProxy - Unable to apply any optimizations to advised method: public void com.netflix.appinfo.ApplicationInfoManager.registerAppMetadata(java.util.Map)
2020-03-09 20:45:35.261 [main] DEBUG o.s.aop.framework.CglibAopProxy - Unable to apply any optimizations to advised method: public synchronized void com.netflix.appinfo.ApplicationInfoManager.setInstanceStatus(com.netflix.appinfo.InstanceInfo$InstanceStatus)
2020-03-09 20:45:35.261 [main] DEBUG o.s.aop.framework.CglibAopProxy - Unable to apply any optimizations to advised method: public void com.netflix.appinfo.ApplicationInfoManager.refreshLeaseInfoIfRequired()
2020-03-09 20:45:35.261 [main] DEBUG o.s.aop.framework.CglibAopProxy - Unable to apply any optimizations to advised method: public void com.netflix.appinfo.ApplicationInfoManager.unregisterStatusChangeListener(java.lang.String)
2020-03-09 20:45:35.261 [main] DEBUG o.s.aop.framework.CglibAopProxy - Unable to apply any optimizations to advised method: public com.netflix.appinfo.EurekaInstanceConfig com.netflix.appinfo.ApplicationInfoManager.getEurekaInstanceConfig()
2020-03-09 20:45:35.261 [main] DEBUG o.s.aop.framework.CglibAopProxy - Unable to apply any optimizations to advised method: public void com.netflix.appinfo.ApplicationInfoManager.registerStatusChangeListener(com.netflix.appinfo.ApplicationInfoManager$StatusChangeListener)
2020-03-09 20:45:35.261 [main] DEBUG o.s.aop.framework.CglibAopProxy - Found 'equals' method: public boolean java.lang.Object.equals(java.lang.Object)
2020-03-09 20:45:35.261 [main] DEBUG o.s.aop.framework.CglibAopProxy - Unable to apply any optimizations to advised method: public java.lang.String java.lang.Object.toString()
2020-03-09 20:45:35.261 [main] DEBUG o.s.aop.framework.CglibAopProxy - Found 'hashCode' method: public native int java.lang.Object.hashCode()
2020-03-09 20:45:35.261 [main] DEBUG o.s.aop.framework.CglibAopProxy - Unable to apply any optimizations to advised method: protected native java.lang.Object java.lang.Object.clone() throws java.lang.CloneNotSupportedException
2020-03-09 20:45:35.262 [main] DEBUG o.s.aop.framework.CglibAopProxy - Unable to apply any optimizations to advised method: public abstract void org.springframework.aop.scope.ScopedObject.removeFromScope()
2020-03-09 20:45:35.263 [main] DEBUG o.s.aop.framework.CglibAopProxy - Unable to apply any optimizations to advised method: public abstract java.lang.Object org.springframework.aop.scope.ScopedObject.getTargetObject()
2020-03-09 20:45:35.263 [main] DEBUG o.s.aop.framework.CglibAopProxy - Method is declared on Advised interface: public abstract int org.springframework.aop.framework.Advised.indexOf(org.aopalliance.aop.Advice)
2020-03-09 20:45:35.263 [main] DEBUG o.s.aop.framework.CglibAopProxy - Method is declared on Advised interface: public abstract int org.springframework.aop.framework.Advised.indexOf(org.springframework.aop.Advisor)
2020-03-09 20:45:35.263 [main] DEBUG o.s.aop.framework.CglibAopProxy - Method is declared on Advised interface: public abstract boolean org.springframework.aop.framework.Advised.isFrozen()
2020-03-09 20:45:35.263 [main] DEBUG o.s.aop.framework.CglibAopProxy - Method is declared on Advised interface: public abstract boolean org.springframework.aop.framework.Advised.isInterfaceProxied(java.lang.Class)
2020-03-09 20:45:35.263 [main] DEBUG o.s.aop.framework.CglibAopProxy - Method is declared on Advised interface: public abstract boolean org.springframework.aop.framework.Advised.isProxyTargetClass()
2020-03-09 20:45:35.263 [main] DEBUG o.s.aop.framework.CglibAopProxy - Method is declared on Advised interface: public abstract java.lang.String org.springframework.aop.framework.Advised.toProxyConfigString()
2020-03-09 20:45:35.263 [main] DEBUG o.s.aop.framework.CglibAopProxy - Method is declared on Advised interface: public abstract java.lang.Class[] org.springframework.aop.framework.Advised.getProxiedInterfaces()
2020-03-09 20:45:35.263 [main] DEBUG o.s.aop.framework.CglibAopProxy - Method is declared on Advised interface: public abstract void org.springframework.aop.framework.Advised.addAdvisor(int,org.springframework.aop.Advisor) throws org.springframework.aop.framework.AopConfigException
2020-03-09 20:45:35.263 [main] DEBUG o.s.aop.framework.CglibAopProxy - Method is declared on Advised interface: public abstract void org.springframework.aop.framework.Advised.addAdvisor(org.springframework.aop.Advisor) throws org.springframework.aop.framework.AopConfigException
2020-03-09 20:45:35.263 [main] DEBUG o.s.aop.framework.CglibAopProxy - Method is declared on Advised interface: public abstract boolean org.springframework.aop.framework.Advised.removeAdvisor(org.springframework.aop.Advisor)
2020-03-09 20:45:35.264 [main] DEBUG o.s.aop.framework.CglibAopProxy - Method is declared on Advised interface: public abstract void org.springframework.aop.framework.Advised.removeAdvisor(int) throws org.springframework.aop.framework.AopConfigException
2020-03-09 20:45:35.264 [main] DEBUG o.s.aop.framework.CglibAopProxy - Method is declared on Advised interface: public abstract boolean org.springframework.aop.framework.Advised.isExposeProxy()
2020-03-09 20:45:35.264 [main] DEBUG o.s.aop.framework.CglibAopProxy - Method is declared on Advised interface: public abstract org.springframework.aop.TargetSource org.springframework.aop.framework.Advised.getTargetSource()
2020-03-09 20:45:35.264 [main] DEBUG o.s.aop.framework.CglibAopProxy - Method is declared on Advised interface: public abstract org.springframework.aop.Advisor[] org.springframework.aop.framework.Advised.getAdvisors()
2020-03-09 20:45:35.264 [main] DEBUG o.s.aop.framework.CglibAopProxy - Method is declared on Advised interface: public abstract void org.springframework.aop.framework.Advised.setPreFiltered(boolean)
2020-03-09 20:45:35.264 [main] DEBUG o.s.aop.framework.CglibAopProxy - Method is declared on Advised interface: public abstract boolean org.springframework.aop.framework.Advised.isPreFiltered()
2020-03-09 20:45:35.264 [main] DEBUG o.s.aop.framework.CglibAopProxy - Method is declared on Advised interface: public abstract boolean org.springframework.aop.framework.Advised.replaceAdvisor(org.springframework.aop.Advisor,org.springframework.aop.Advisor) throws org.springframework.aop.framework.AopConfigException
2020-03-09 20:45:35.264 [main] DEBUG o.s.aop.framework.CglibAopProxy - Method is declared on Advised interface: public abstract void org.springframework.aop.framework.Advised.setExposeProxy(boolean)
2020-03-09 20:45:35.264 [main] DEBUG o.s.aop.framework.CglibAopProxy - Method is declared on Advised interface: public abstract void org.springframework.aop.framework.Advised.addAdvice(org.aopalliance.aop.Advice) throws org.springframework.aop.framework.AopConfigException
2020-03-09 20:45:35.264 [main] DEBUG o.s.aop.framework.CglibAopProxy - Method is declared on Advised interface: public abstract void org.springframework.aop.framework.Advised.addAdvice(int,org.aopalliance.aop.Advice) throws org.springframework.aop.framework.AopConfigException
2020-03-09 20:45:35.264 [main] DEBUG o.s.aop.framework.CglibAopProxy - Method is declared on Advised interface: public abstract boolean org.springframework.aop.framework.Advised.removeAdvice(org.aopalliance.aop.Advice)
2020-03-09 20:45:35.264 [main] DEBUG o.s.aop.framework.CglibAopProxy - Method is declared on Advised interface: public abstract void org.springframework.aop.framework.Advised.setTargetSource(org.springframework.aop.TargetSource)
2020-03-09 20:45:35.264 [main] DEBUG o.s.aop.framework.CglibAopProxy - Method is declared on Advised interface: public abstract java.lang.Class org.springframework.aop.TargetClassAware.getTargetClass()
2020-03-09 20:45:35.271 [main] DEBUG o.s.b.f.s.DefaultListableBeanFactory - Finished creating instance of bean 'eurekaApplicationInfoManager'
2020-03-09 20:45:35.271 [main] DEBUG o.s.b.f.s.DefaultListableBeanFactory - Returning cached instance of singleton bean 'eurekaRegistration'
2020-03-09 20:45:35.271 [main] DEBUG o.s.b.f.s.DefaultListableBeanFactory - Returning cached instance of singleton bean 'org.springframework.cloud.netflix.eureka.config.DiscoveryClientOptionalArgsConfiguration'
2020-03-09 20:45:35.271 [main] DEBUG o.s.b.f.s.DefaultListableBeanFactory - Returning cached instance of singleton bean 'discoveryClientOptionalArgs'
2020-03-09 20:45:35.271 [main] DEBUG o.s.b.f.s.DefaultListableBeanFactory - Returning cached instance of singleton bean 'org.springframework.cloud.netflix.eureka.EurekaClientAutoConfiguration'
2020-03-09 20:45:35.271 [main] DEBUG o.s.b.f.s.DefaultListableBeanFactory - Creating shared instance of singleton bean 'eurekaFeature'
2020-03-09 20:45:35.271 [main] DEBUG o.s.b.f.s.DefaultListableBeanFactory - Creating instance of bean 'eurekaFeature'
2020-03-09 20:45:35.271 [main] DEBUG o.s.b.f.s.DefaultListableBeanFactory - Returning cached instance of singleton bean 'org.springframework.transaction.config.internalTransactionAdvisor'
2020-03-09 20:45:35.271 [main] DEBUG o.s.b.f.s.DefaultListableBeanFactory - Returning cached instance of singleton bean 'org.springframework.cloud.netflix.eureka.EurekaClientAutoConfiguration'
2020-03-09 20:45:35.273 [main] DEBUG o.s.b.f.s.DefaultListableBeanFactory - Eagerly caching bean 'eurekaFeature' to allow for resolving potential circular references
2020-03-09 20:45:35.276 [main] DEBUG o.s.b.f.s.DefaultListableBeanFactory - Returning cached instance of singleton bean 'org.springframework.transaction.config.internalTransactionAdvisor'
2020-03-09 20:45:35.276 [main] DEBUG o.s.b.f.s.DefaultListableBeanFactory - Returning cached instance of singleton bean 'org.springframework.transaction.config.internalTransactionAdvisor'
2020-03-09 20:45:35.276 [main] DEBUG o.s.b.f.s.DefaultListableBeanFactory - Finished creating instance of bean 'eurekaFeature'
2020-03-09 20:45:35.276 [main] DEBUG o.s.b.f.s.DefaultListableBeanFactory - Creating shared instance of singleton bean 'eurekaClientConfigBean'
2020-03-09 20:45:35.276 [main] DEBUG o.s.b.f.s.DefaultListableBeanFactory - Creating instance of bean 'eurekaClientConfigBean'
2020-03-09 20:45:35.277 [main] DEBUG o.s.b.f.s.DefaultListableBeanFactory - Returning cached instance of singleton bean 'org.springframework.transaction.config.internalTransactionAdvisor'
2020-03-09 20:45:35.277 [main] DEBUG o.s.b.f.s.DefaultListableBeanFactory - Returning cached instance of singleton bean 'org.springframework.cloud.netflix.eureka.EurekaClientAutoConfiguration'
2020-03-09 20:45:35.277 [main] DEBUG o.s.b.f.s.DefaultListableBeanFactory - Returning cached instance of singleton bean 'environment'
2020-03-09 20:45:35.277 [main] DEBUG o.s.b.f.s.DefaultListableBeanFactory - Autowiring by type from bean name 'eurekaClientConfigBean' via factory method to bean named 'environment'
2020-03-09 20:45:35.286 [main] DEBUG o.s.c.e.PropertySourcesPropertyResolver - Could not find key 'spring.config.name' in any property source
2020-03-09 20:45:35.287 [main] DEBUG o.s.b.f.annotation.InjectionMetadata - Registered injected element on class [org.springframework.cloud.netflix.eureka.EurekaClientConfigBean]: AutowiredFieldElement for org.springframework.core.env.PropertyResolver org.springframework.cloud.netflix.eureka.EurekaClientConfigBean.propertyResolver
2020-03-09 20:45:35.287 [main] DEBUG o.s.b.f.s.DefaultListableBeanFactory - Eagerly caching bean 'eurekaClientConfigBean' to allow for resolving potential circular references
2020-03-09 20:45:35.290 [main] DEBUG o.s.b.f.annotation.InjectionMetadata - Processing injected element of bean 'eurekaClientConfigBean': AutowiredFieldElement for org.springframework.core.env.PropertyResolver org.springframework.cloud.netflix.eureka.EurekaClientConfigBean.propertyResolver
2020-03-09 20:45:35.291 [main] DEBUG o.s.core.annotation.AnnotationUtils - Failed to meta-introspect annotation interface org.springframework.beans.factory.annotation.Autowired: java.lang.NullPointerException
2020-03-09 20:45:35.292 [main] DEBUG o.s.b.f.s.DefaultListableBeanFactory - Returning cached instance of singleton bean 'environment'
2020-03-09 20:45:35.292 [main] DEBUG o.s.b.f.a.AutowiredAnnotationBeanPostProcessor - Autowiring by type from bean name 'eurekaClientConfigBean' to bean named 'environment'
2020-03-09 20:45:35.299 [main] DEBUG o.s.b.f.s.DefaultListableBeanFactory - Returning cached instance of singleton bean 'org.springframework.transaction.config.internalTransactionAdvisor'
2020-03-09 20:45:35.299 [main] DEBUG o.s.b.f.s.DefaultListableBeanFactory - Returning cached instance of singleton bean 'org.springframework.transaction.config.internalTransactionAdvisor'
2020-03-09 20:45:35.303 [main] DEBUG o.s.b.f.s.DefaultListableBeanFactory - Finished creating instance of bean 'eurekaClientConfigBean'
2020-03-09 20:45:35.303 [main] DEBUG o.s.b.f.s.DefaultListableBeanFactory - Creating shared instance of singleton bean 'serviceManagementMetadataProvider'
2020-03-09 20:45:35.303 [main] DEBUG o.s.b.f.s.DefaultListableBeanFactory - Creating instance of bean 'serviceManagementMetadataProvider'
2020-03-09 20:45:35.303 [main] DEBUG o.s.b.f.s.DefaultListableBeanFactory - Returning cached instance of singleton bean 'org.springframework.transaction.config.internalTransactionAdvisor'
2020-03-09 20:45:35.303 [main] DEBUG o.s.b.f.s.DefaultListableBeanFactory - Returning cached instance of singleton bean 'org.springframework.cloud.netflix.eureka.EurekaClientAutoConfiguration'
2020-03-09 20:45:35.306 [main] DEBUG o.s.b.f.s.DefaultListableBeanFactory - Eagerly caching bean 'serviceManagementMetadataProvider' to allow for resolving potential circular references
2020-03-09 20:45:35.308 [main] DEBUG o.s.b.f.s.DefaultListableBeanFactory - Returning cached instance of singleton bean 'org.springframework.transaction.config.internalTransactionAdvisor'
2020-03-09 20:45:35.308 [main] DEBUG o.s.b.f.s.DefaultListableBeanFactory - Returning cached instance of singleton bean 'org.springframework.transaction.config.internalTransactionAdvisor'
2020-03-09 20:45:35.308 [main] DEBUG o.s.b.f.s.DefaultListableBeanFactory - Finished creating instance of bean 'serviceManagementMetadataProvider'
2020-03-09 20:45:35.308 [main] DEBUG o.s.b.f.s.DefaultListableBeanFactory - Creating shared instance of singleton bean 'eurekaInstanceConfigBean'
2020-03-09 20:45:35.308 [main] DEBUG o.s.b.f.s.DefaultListableBeanFactory - Creating instance of bean 'eurekaInstanceConfigBean'
2020-03-09 20:45:35.308 [main] DEBUG o.s.b.f.s.DefaultListableBeanFactory - Returning cached instance of singleton bean 'org.springframework.transaction.config.internalTransactionAdvisor'
2020-03-09 20:45:35.308 [main] DEBUG o.s.b.f.s.DefaultListableBeanFactory - Returning cached instance of singleton bean 'org.springframework.cloud.netflix.eureka.EurekaClientAutoConfiguration'
2020-03-09 20:45:35.310 [main] DEBUG o.s.b.f.s.DefaultListableBeanFactory - Creating shared instance of singleton bean 'inetUtils'
2020-03-09 20:45:35.310 [main] DEBUG o.s.b.f.s.DefaultListableBeanFactory - Creating instance of bean 'inetUtils'
2020-03-09 20:45:35.310 [main] DEBUG o.s.b.f.s.DefaultListableBeanFactory - Returning cached instance of singleton bean 'org.springframework.transaction.config.internalTransactionAdvisor'
2020-03-09 20:45:35.310 [main] DEBUG o.s.b.f.s.DefaultListableBeanFactory - Creating shared instance of singleton bean 'org.springframework.cloud.commons.util.UtilAutoConfiguration'
2020-03-09 20:45:35.310 [main] DEBUG o.s.b.f.s.DefaultListableBeanFactory - Creating instance of bean 'org.springframework.cloud.commons.util.UtilAutoConfiguration'
2020-03-09 20:45:35.310 [main] DEBUG o.s.b.f.s.DefaultListableBeanFactory - Returning cached instance of singleton bean 'org.springframework.transaction.config.internalTransactionAdvisor'
2020-03-09 20:45:35.311 [main] DEBUG o.s.b.f.s.DefaultListableBeanFactory - Eagerly caching bean 'org.springframework.cloud.commons.util.UtilAutoConfiguration' to allow for resolving potential circular references
2020-03-09 20:45:35.316 [main] DEBUG o.s.b.f.s.DefaultListableBeanFactory - Returning cached instance of singleton bean 'org.springframework.transaction.config.internalTransactionAdvisor'
2020-03-09 20:45:35.316 [main] DEBUG o.s.b.f.s.DefaultListableBeanFactory - Returning cached instance of singleton bean 'org.springframework.transaction.config.internalTransactionAdvisor'
2020-03-09 20:45:35.316 [main] DEBUG o.s.b.f.s.DefaultListableBeanFactory - Finished creating instance of bean 'org.springframework.cloud.commons.util.UtilAutoConfiguration'
2020-03-09 20:45:35.317 [main] DEBUG o.s.b.f.s.DefaultListableBeanFactory - Creating shared instance of singleton bean 'inetUtilsProperties'
2020-03-09 20:45:35.317 [main] DEBUG o.s.b.f.s.DefaultListableBeanFactory - Creating instance of bean 'inetUtilsProperties'
2020-03-09 20:45:35.318 [main] DEBUG o.s.b.f.s.DefaultListableBeanFactory - Returning cached instance of singleton bean 'org.springframework.transaction.config.internalTransactionAdvisor'
2020-03-09 20:45:35.318 [main] DEBUG o.s.b.f.s.DefaultListableBeanFactory - Returning cached instance of singleton bean 'org.springframework.cloud.commons.util.UtilAutoConfiguration'
2020-03-09 20:45:35.320 [main] DEBUG o.s.b.f.annotation.InjectionMetadata - Registered injected element on class [org.springframework.cloud.commons.util.InetUtilsProperties]: AutowiredFieldElement for private int org.springframework.cloud.commons.util.InetUtilsProperties.timeoutSeconds
2020-03-09 20:45:35.320 [main] DEBUG o.s.b.f.s.DefaultListableBeanFactory - Eagerly caching bean 'inetUtilsProperties' to allow for resolving potential circular references
2020-03-09 20:45:35.323 [main] DEBUG o.s.b.f.annotation.InjectionMetadata - Processing injected element of bean 'inetUtilsProperties': AutowiredFieldElement for private int org.springframework.cloud.commons.util.InetUtilsProperties.timeoutSeconds
2020-03-09 20:45:35.323 [main] DEBUG o.s.core.annotation.AnnotationUtils - Failed to meta-introspect annotation interface org.springframework.beans.factory.annotation.Value: java.lang.NullPointerException
2020-03-09 20:45:35.323 [main] DEBUG o.s.c.e.PropertySourcesPropertyResolver - Could not find key 'SPRING_UTIL_TIMEOUT_SEC:1' in any property source
2020-03-09 20:45:35.323 [main] DEBUG o.s.c.e.PropertySourcesPropertyResolver - Could not find key 'SPRING_UTIL_TIMEOUT_SEC:1' in any property source
2020-03-09 20:45:35.323 [main] DEBUG o.s.c.e.PropertySourcesPropertyResolver - Could not find key 'SPRING_UTIL_TIMEOUT_SEC' in any property source
2020-03-09 20:45:35.323 [main] DEBUG o.s.c.e.PropertySourcesPropertyResolver - Could not find key 'SPRING_UTIL_TIMEOUT_SEC' in any property source
2020-03-09 20:45:35.323 [main] DEBUG o.s.c.e.PropertySourcesPropertyResolver - Could not find key 'spring.util.timeout.sec:1' in any property source
2020-03-09 20:45:35.323 [main] DEBUG o.s.c.e.PropertySourcesPropertyResolver - Could not find key 'spring.util.timeout.sec:1' in any property source
2020-03-09 20:45:35.323 [main] DEBUG o.s.c.e.PropertySourcesPropertyResolver - Could not find key 'spring.util.timeout.sec' in any property source
2020-03-09 20:45:35.323 [main] DEBUG o.s.c.e.PropertySourcesPropertyResolver - Could not find key 'spring.util.timeout.sec' in any property source
2020-03-09 20:45:35.324 [main] DEBUG o.s.b.f.s.DefaultListableBeanFactory - Returning cached instance of singleton bean 'org.springframework.transaction.config.internalTransactionAdvisor'
2020-03-09 20:45:35.325 [main] DEBUG o.s.b.f.s.DefaultListableBeanFactory - Returning cached instance of singleton bean 'org.springframework.transaction.config.internalTransactionAdvisor'
2020-03-09 20:45:35.325 [main] DEBUG o.s.b.f.s.DefaultListableBeanFactory - Finished creating instance of bean 'inetUtilsProperties'
2020-03-09 20:45:35.325 [main] DEBUG o.s.b.f.s.DefaultListableBeanFactory - Autowiring by type from bean name 'inetUtils' via factory method to bean named 'inetUtilsProperties'
2020-03-09 20:45:35.325 [main] DEBUG o.s.b.f.s.DefaultListableBeanFactory - Eagerly caching bean 'inetUtils' to allow for resolving potential circular references
2020-03-09 20:45:35.327 [main] DEBUG o.s.b.f.s.DefaultListableBeanFactory - Returning cached instance of singleton bean 'org.springframework.transaction.config.internalTransactionAdvisor'
2020-03-09 20:45:35.327 [main] DEBUG o.s.b.f.s.DefaultListableBeanFactory - Returning cached instance of singleton bean 'org.springframework.transaction.config.internalTransactionAdvisor'
2020-03-09 20:45:35.327 [main] DEBUG o.s.b.f.s.DefaultListableBeanFactory - Finished creating instance of bean 'inetUtils'
2020-03-09 20:45:35.328 [main] DEBUG o.s.b.f.s.DefaultListableBeanFactory - Returning cached instance of singleton bean 'serviceManagementMetadataProvider'
2020-03-09 20:45:35.329 [main] DEBUG o.s.b.f.s.DefaultListableBeanFactory - Autowiring by type from bean name 'eurekaInstanceConfigBean' via factory method to bean named 'inetUtils'
2020-03-09 20:45:35.329 [main] DEBUG o.s.b.f.s.DefaultListableBeanFactory - Autowiring by type from bean name 'eurekaInstanceConfigBean' via factory method to bean named 'serviceManagementMetadataProvider'
2020-03-09 20:45:35.329 [main] DEBUG o.s.c.e.PropertySourcesPropertyResolver - Found key 'eureka.instance.prefer-ip-address' in PropertySource 'configurationProperties' with value of type Boolean
2020-03-09 20:45:35.330 [main] DEBUG o.s.c.e.PropertySourcesPropertyResolver - Could not find key 'IP_ADDRESS:127.0.0.1' in any property source
2020-03-09 20:45:35.330 [main] DEBUG o.s.c.e.PropertySourcesPropertyResolver - Could not find key 'IP_ADDRESS' in any property source
2020-03-09 20:45:35.330 [main] DEBUG o.s.c.e.PropertySourcesPropertyResolver - Found key 'eureka.instance.ip-address' in PropertySource 'configurationProperties' with value of type String
2020-03-09 20:45:35.330 [main] DEBUG o.s.c.e.PropertySourcesPropertyResolver - Could not find key 'server.context-path' in any property source
2020-03-09 20:45:35.330 [main] DEBUG o.s.c.e.PropertySourcesPropertyResolver - Could not find key 'port' in any property source
2020-03-09 20:45:35.330 [main] DEBUG o.s.c.e.PropertySourcesPropertyResolver - Found key 'server.port' in PropertySource 'configurationProperties' with value of type String
2020-03-09 20:45:35.330 [main] DEBUG o.s.c.e.PropertySourcesPropertyResolver - Could not find key 'management.server.port' in any property source
2020-03-09 20:45:35.330 [main] DEBUG o.s.c.e.PropertySourcesPropertyResolver - Could not find key 'management.server.servlet.context-path' in any property source
2020-03-09 20:45:35.331 [main] DEBUG o.s.c.e.PropertySourcesPropertyResolver - Could not find key 'com.sun.management.jmxremote.port' in any property source
2020-03-09 20:45:36.442 [main] DEBUG o.s.c.e.PropertySourcesPropertyResolver - Could not find key 'vcap.application.instance_id' in any property source
2020-03-09 20:45:36.443 [main] DEBUG o.s.c.e.PropertySourcesPropertyResolver - Found key 'spring.cloud.client.hostname' in PropertySource 'configurationProperties' with value of type String
2020-03-09 20:45:36.443 [main] DEBUG o.s.c.e.PropertySourcesPropertyResolver - Found key 'spring.application.name' in PropertySource 'configurationProperties' with value of type String
2020-03-09 20:45:36.443 [main] DEBUG o.s.c.e.PropertySourcesPropertyResolver - Found key 'server.port' in PropertySource 'configurationProperties' with value of type String
2020-03-09 20:45:36.443 [main] DEBUG o.s.c.e.PropertySourcesPropertyResolver - Could not find key 'spring.application.instance_id' in any property source
2020-03-09 20:45:36.445 [main] DEBUG o.s.c.n.e.m.DefaultManagementMetadataProvider - Constructed eureka meta-data healthcheckUrl: http://127.0.0.1/actuator/health
2020-03-09 20:45:36.445 [main] DEBUG o.s.c.n.e.m.DefaultManagementMetadataProvider - Constructed eureka meta-data statusPageUrl: http://127.0.0.1/actuator/info
2020-03-09 20:45:36.446 [main] DEBUG o.s.b.f.s.DefaultListableBeanFactory - Eagerly caching bean 'eurekaInstanceConfigBean' to allow for resolving potential circular references
2020-03-09 20:45:36.449 [main] DEBUG o.s.c.e.PropertySourcesPropertyResolver - Found key 'spring.application.name' in PropertySource 'configurationProperties' with value of type String
2020-03-09 20:45:36.452 [main] DEBUG o.s.b.f.s.DefaultListableBeanFactory - Returning cached instance of singleton bean 'org.springframework.transaction.config.internalTransactionAdvisor'
2020-03-09 20:45:36.452 [main] DEBUG o.s.b.f.s.DefaultListableBeanFactory - Returning cached instance of singleton bean 'org.springframework.transaction.config.internalTransactionAdvisor'
2020-03-09 20:45:36.453 [main] DEBUG o.s.b.f.s.DefaultListableBeanFactory - Finished creating instance of bean 'eurekaInstanceConfigBean'
2020-03-09 20:45:36.453 [main] DEBUG o.s.b.f.s.DefaultListableBeanFactory - Creating shared instance of singleton bean 'discoveryClient'
2020-03-09 20:45:36.453 [main] DEBUG o.s.b.f.s.DefaultListableBeanFactory - Creating instance of bean 'discoveryClient'
2020-03-09 20:45:36.453 [main] DEBUG o.s.b.f.s.DefaultListableBeanFactory - Returning cached instance of singleton bean 'org.springframework.transaction.config.internalTransactionAdvisor'
2020-03-09 20:45:36.453 [main] DEBUG o.s.b.f.s.DefaultListableBeanFactory - Returning cached instance of singleton bean 'org.springframework.cloud.netflix.eureka.EurekaClientAutoConfiguration'
2020-03-09 20:45:36.455 [main] DEBUG o.s.b.f.s.DefaultListableBeanFactory - Returning cached instance of singleton bean 'eurekaInstanceConfigBean'
2020-03-09 20:45:36.455 [main] DEBUG o.s.b.f.s.DefaultListableBeanFactory - Returning cached instance of singleton bean 'eurekaClient'
2020-03-09 20:45:36.455 [main] DEBUG o.s.b.f.s.DefaultListableBeanFactory - Autowiring by type from bean name 'discoveryClient' via factory method to bean named 'eurekaInstanceConfigBean'
2020-03-09 20:45:36.455 [main] DEBUG o.s.b.f.s.DefaultListableBeanFactory - Autowiring by type from bean name 'discoveryClient' via factory method to bean named 'eurekaClient'
2020-03-09 20:45:36.456 [main] DEBUG o.s.b.f.s.DefaultListableBeanFactory - Eagerly caching bean 'discoveryClient' to allow for resolving potential circular references
2020-03-09 20:45:36.458 [main] DEBUG o.s.b.f.s.DefaultListableBeanFactory - Returning cached instance of singleton bean 'org.springframework.transaction.config.internalTransactionAdvisor'
2020-03-09 20:45:36.458 [main] DEBUG o.s.b.f.s.DefaultListableBeanFactory - Returning cached instance of singleton bean 'org.springframework.transaction.config.internalTransactionAdvisor'
2020-03-09 20:45:36.459 [main] DEBUG o.s.b.f.s.DefaultListableBeanFactory - Finished creating instance of bean 'discoveryClient'
2020-03-09 20:45:36.459 [main] DEBUG o.s.b.f.s.DefaultListableBeanFactory - Returning cached instance of singleton bean 'eurekaServiceRegistry'
2020-03-09 20:45:36.459 [main] DEBUG o.s.b.f.s.DefaultListableBeanFactory - Returning cached instance of singleton bean 'eurekaAutoServiceRegistration'
2020-03-09 20:45:36.459 [main] DEBUG o.s.b.f.s.DefaultListableBeanFactory - Creating shared instance of singleton bean 'org.springframework.cloud.client.CommonsClientAutoConfiguration'
2020-03-09 20:45:36.459 [main] DEBUG o.s.b.f.s.DefaultListableBeanFactory - Creating instance of bean 'org.springframework.cloud.client.CommonsClientAutoConfiguration'
2020-03-09 20:45:36.459 [main] DEBUG o.s.b.f.s.DefaultListableBeanFactory - Returning cached instance of singleton bean 'org.springframework.transaction.config.internalTransactionAdvisor'
2020-03-09 20:45:36.459 [main] DEBUG o.s.b.f.s.DefaultListableBeanFactory - Eagerly caching bean 'org.springframework.cloud.client.CommonsClientAutoConfiguration' to allow for resolving potential circular references
2020-03-09 20:45:36.462 [main] DEBUG o.s.b.f.s.DefaultListableBeanFactory - Returning cached instance of singleton bean 'org.springframework.transaction.config.internalTransactionAdvisor'
2020-03-09 20:45:36.463 [main] DEBUG o.s.b.f.s.DefaultListableBeanFactory - Returning cached instance of singleton bean 'org.springframework.transaction.config.internalTransactionAdvisor'
2020-03-09 20:45:36.463 [main] DEBUG o.s.b.f.s.DefaultListableBeanFactory - Finished creating instance of bean 'org.springframework.cloud.client.CommonsClientAutoConfiguration'
2020-03-09 20:45:36.463 [main] DEBUG o.s.b.f.s.DefaultListableBeanFactory - Creating shared instance of singleton bean 'org.springframework.cloud.client.discovery.composite.CompositeDiscoveryClientAutoConfiguration'
2020-03-09 20:45:36.463 [main] DEBUG o.s.b.f.s.DefaultListableBeanFactory - Creating instance of bean 'org.springframework.cloud.client.discovery.composite.CompositeDiscoveryClientAutoConfiguration'
2020-03-09 20:45:36.463 [main] DEBUG o.s.b.f.s.DefaultListableBeanFactory - Returning cached instance of singleton bean 'org.springframework.transaction.config.internalTransactionAdvisor'
2020-03-09 20:45:36.463 [main] DEBUG o.s.b.f.s.DefaultListableBeanFactory - Eagerly caching bean 'org.springframework.cloud.client.discovery.composite.CompositeDiscoveryClientAutoConfiguration' to allow for resolving potential circular references
2020-03-09 20:45:36.466 [main] DEBUG o.s.b.f.s.DefaultListableBeanFactory - Returning cached instance of singleton bean 'org.springframework.transaction.config.internalTransactionAdvisor'
2020-03-09 20:45:36.467 [main] DEBUG o.s.b.f.s.DefaultListableBeanFactory - Returning cached instance of singleton bean 'org.springframework.transaction.config.internalTransactionAdvisor'
2020-03-09 20:45:36.467 [main] DEBUG o.s.b.f.s.DefaultListableBeanFactory - Finished creating instance of bean 'org.springframework.cloud.client.discovery.composite.CompositeDiscoveryClientAutoConfiguration'
2020-03-09 20:45:36.467 [main] DEBUG o.s.b.f.s.DefaultListableBeanFactory - Creating shared instance of singleton bean 'compositeDiscoveryClient'
2020-03-09 20:45:36.467 [main] DEBUG o.s.b.f.s.DefaultListableBeanFactory - Creating instance of bean 'compositeDiscoveryClient'
2020-03-09 20:45:36.467 [main] DEBUG o.s.b.f.s.DefaultListableBeanFactory - Returning cached instance of singleton bean 'org.springframework.transaction.config.internalTransactionAdvisor'
2020-03-09 20:45:36.467 [main] DEBUG o.s.b.f.s.DefaultListableBeanFactory - Returning cached instance of singleton bean 'org.springframework.cloud.client.discovery.composite.CompositeDiscoveryClientAutoConfiguration'
2020-03-09 20:45:36.469 [main] DEBUG o.s.b.f.s.DefaultListableBeanFactory - Returning cached instance of singleton bean 'discoveryClient'
2020-03-09 20:45:36.469 [main] DEBUG o.s.b.f.s.DefaultListableBeanFactory - Creating shared instance of singleton bean 'simpleDiscoveryClient'
2020-03-09 20:45:36.469 [main] DEBUG o.s.b.f.s.DefaultListableBeanFactory - Creating instance of bean 'simpleDiscoveryClient'
2020-03-09 20:45:36.469 [main] DEBUG o.s.b.f.s.DefaultListableBeanFactory - Returning cached instance of singleton bean 'org.springframework.transaction.config.internalTransactionAdvisor'
2020-03-09 20:45:36.469 [main] DEBUG o.s.b.f.s.DefaultListableBeanFactory - Creating shared instance of singleton bean 'org.springframework.cloud.client.discovery.simple.SimpleDiscoveryClientAutoConfiguration'
2020-03-09 20:45:36.469 [main] DEBUG o.s.b.f.s.DefaultListableBeanFactory - Creating instance of bean 'org.springframework.cloud.client.discovery.simple.SimpleDiscoveryClientAutoConfiguration'
2020-03-09 20:45:36.469 [main] DEBUG o.s.b.f.s.DefaultListableBeanFactory - Returning cached instance of singleton bean 'org.springframework.transaction.config.internalTransactionAdvisor'
2020-03-09 20:45:36.470 [main] DEBUG o.s.b.f.annotation.InjectionMetadata - Registered injected element on class [org.springframework.cloud.client.discovery.simple.SimpleDiscoveryClientAutoConfiguration$$EnhancerBySpringCGLIB$$c07337f9]: AutowiredFieldElement for private org.springframework.boot.autoconfigure.web.ServerProperties org.springframework.cloud.client.discovery.simple.SimpleDiscoveryClientAutoConfiguration.server
2020-03-09 20:45:36.470 [main] DEBUG o.s.b.f.annotation.InjectionMetadata - Registered injected element on class [org.springframework.cloud.client.discovery.simple.SimpleDiscoveryClientAutoConfiguration$$EnhancerBySpringCGLIB$$c07337f9]: AutowiredFieldElement for private org.springframework.context.ApplicationContext org.springframework.cloud.client.discovery.simple.SimpleDiscoveryClientAutoConfiguration.context
2020-03-09 20:45:36.470 [main] DEBUG o.s.b.f.annotation.InjectionMetadata - Registered injected element on class [org.springframework.cloud.client.discovery.simple.SimpleDiscoveryClientAutoConfiguration$$EnhancerBySpringCGLIB$$c07337f9]: AutowiredFieldElement for private java.lang.String org.springframework.cloud.client.discovery.simple.SimpleDiscoveryClientAutoConfiguration.serviceId
2020-03-09 20:45:36.470 [main] DEBUG o.s.b.f.annotation.InjectionMetadata - Registered injected element on class [org.springframework.cloud.client.discovery.simple.SimpleDiscoveryClientAutoConfiguration$$EnhancerBySpringCGLIB$$c07337f9]: AutowiredFieldElement for private org.springframework.cloud.commons.util.InetUtils org.springframework.cloud.client.discovery.simple.SimpleDiscoveryClientAutoConfiguration.inet
2020-03-09 20:45:36.470 [main] DEBUG o.s.b.f.s.DefaultListableBeanFactory - Eagerly caching bean 'org.springframework.cloud.client.discovery.simple.SimpleDiscoveryClientAutoConfiguration' to allow for resolving potential circular references
2020-03-09 20:45:36.472 [main] DEBUG o.s.b.f.annotation.InjectionMetadata - Processing injected element of bean 'org.springframework.cloud.client.discovery.simple.SimpleDiscoveryClientAutoConfiguration': AutowiredFieldElement for private org.springframework.boot.autoconfigure.web.ServerProperties org.springframework.cloud.client.discovery.simple.SimpleDiscoveryClientAutoConfiguration.server
2020-03-09 20:45:36.473 [main] DEBUG o.s.core.annotation.AnnotationUtils - Failed to meta-introspect annotation interface org.springframework.beans.factory.annotation.Autowired: java.lang.NullPointerException
2020-03-09 20:45:36.473 [main] DEBUG o.s.b.f.s.DefaultListableBeanFactory - Returning cached instance of singleton bean 'server-org.springframework.boot.autoconfigure.web.ServerProperties'
2020-03-09 20:45:36.473 [main] DEBUG o.s.b.f.a.AutowiredAnnotationBeanPostProcessor - Autowiring by type from bean name 'org.springframework.cloud.client.discovery.simple.SimpleDiscoveryClientAutoConfiguration' to bean named 'server-org.springframework.boot.autoconfigure.web.ServerProperties'
2020-03-09 20:45:36.473 [main] DEBUG o.s.b.f.annotation.InjectionMetadata - Processing injected element of bean 'org.springframework.cloud.client.discovery.simple.SimpleDiscoveryClientAutoConfiguration': AutowiredFieldElement for private org.springframework.context.ApplicationContext org.springframework.cloud.client.discovery.simple.SimpleDiscoveryClientAutoConfiguration.context
2020-03-09 20:45:36.473 [main] DEBUG o.s.core.annotation.AnnotationUtils - Failed to meta-introspect annotation interface org.springframework.beans.factory.annotation.Autowired: java.lang.NullPointerException
2020-03-09 20:45:36.473 [main] DEBUG o.s.b.f.a.AutowiredAnnotationBeanPostProcessor - Autowiring by type from bean name 'org.springframework.cloud.client.discovery.simple.SimpleDiscoveryClientAutoConfiguration' to bean named 'org.springframework.web.context.support.GenericWebApplicationContext@21d5c1a0'
2020-03-09 20:45:36.473 [main] DEBUG o.s.b.f.annotation.InjectionMetadata - Processing injected element of bean 'org.springframework.cloud.client.discovery.simple.SimpleDiscoveryClientAutoConfiguration': AutowiredFieldElement for private java.lang.String org.springframework.cloud.client.discovery.simple.SimpleDiscoveryClientAutoConfiguration.serviceId
2020-03-09 20:45:36.473 [main] DEBUG o.s.core.annotation.AnnotationUtils - Failed to meta-introspect annotation interface org.springframework.beans.factory.annotation.Value: java.lang.NullPointerException
2020-03-09 20:45:36.474 [main] DEBUG o.s.c.e.PropertySourcesPropertyResolver - Could not find key 'spring.application.name:application' in any property source
2020-03-09 20:45:36.474 [main] DEBUG o.s.c.e.PropertySourcesPropertyResolver - Could not find key 'spring.application.name:application' in any property source
2020-03-09 20:45:36.474 [main] DEBUG o.s.c.e.PropertySourcesPropertyResolver - Found key 'spring.application.name' in PropertySource 'configurationProperties' with value of type String
2020-03-09 20:45:36.474 [main] DEBUG o.s.c.e.PropertySourcesPropertyResolver - Found key 'spring.application.name' in PropertySource 'environmentProperties' with value of type String
2020-03-09 20:45:36.474 [main] DEBUG o.s.b.f.annotation.InjectionMetadata - Processing injected element of bean 'org.springframework.cloud.client.discovery.simple.SimpleDiscoveryClientAutoConfiguration': AutowiredFieldElement for private org.springframework.cloud.commons.util.InetUtils org.springframework.cloud.client.discovery.simple.SimpleDiscoveryClientAutoConfiguration.inet
2020-03-09 20:45:36.474 [main] DEBUG o.s.core.annotation.AnnotationUtils - Failed to meta-introspect annotation interface org.springframework.beans.factory.annotation.Autowired: java.lang.NullPointerException
2020-03-09 20:45:36.475 [main] DEBUG o.s.b.f.s.DefaultListableBeanFactory - Returning cached instance of singleton bean 'inetUtils'
2020-03-09 20:45:36.475 [main] DEBUG o.s.b.f.a.AutowiredAnnotationBeanPostProcessor - Autowiring by type from bean name 'org.springframework.cloud.client.discovery.simple.SimpleDiscoveryClientAutoConfiguration' to bean named 'inetUtils'
2020-03-09 20:45:36.475 [main] DEBUG o.s.b.f.s.DefaultListableBeanFactory - Returning cached instance of singleton bean 'org.springframework.transaction.config.internalTransactionAdvisor'
2020-03-09 20:45:36.475 [main] DEBUG o.s.b.f.s.DefaultListableBeanFactory - Returning cached instance of singleton bean 'org.springframework.transaction.config.internalTransactionAdvisor'
2020-03-09 20:45:36.475 [main] DEBUG o.s.b.f.s.DefaultListableBeanFactory - Finished creating instance of bean 'org.springframework.cloud.client.discovery.simple.SimpleDiscoveryClientAutoConfiguration'
2020-03-09 20:45:36.479 [main] DEBUG o.s.b.f.s.DefaultListableBeanFactory - Creating shared instance of singleton bean 'simpleDiscoveryProperties'
2020-03-09 20:45:36.479 [main] DEBUG o.s.b.f.s.DefaultListableBeanFactory - Creating instance of bean 'simpleDiscoveryProperties'
2020-03-09 20:45:36.479 [main] DEBUG o.s.b.f.s.DefaultListableBeanFactory - Returning cached instance of singleton bean 'org.springframework.transaction.config.internalTransactionAdvisor'
2020-03-09 20:45:36.479 [main] DEBUG o.s.b.f.s.DefaultListableBeanFactory - Returning cached instance of singleton bean 'org.springframework.cloud.client.discovery.simple.SimpleDiscoveryClientAutoConfiguration'
2020-03-09 20:45:37.499 [main] DEBUG o.s.c.a.CommonAnnotationBeanPostProcessor - Found init method on class [org.springframework.cloud.client.discovery.simple.SimpleDiscoveryProperties]: public void org.springframework.cloud.client.discovery.simple.SimpleDiscoveryProperties.init()
2020-03-09 20:45:37.499 [main] DEBUG o.s.c.a.CommonAnnotationBeanPostProcessor - Registered init method on class [org.springframework.cloud.client.discovery.simple.SimpleDiscoveryProperties]: org.springframework.beans.factory.annotation.InitDestroyAnnotationBeanPostProcessor$LifecycleElement@316510
2020-03-09 20:45:37.499 [main] DEBUG o.s.b.f.s.DefaultListableBeanFactory - Eagerly caching bean 'simpleDiscoveryProperties' to allow for resolving potential circular references
2020-03-09 20:45:37.501 [main] DEBUG o.s.c.a.CommonAnnotationBeanPostProcessor - Invoking init method on bean 'simpleDiscoveryProperties': public void org.springframework.cloud.client.discovery.simple.SimpleDiscoveryProperties.init()
2020-03-09 20:45:37.501 [main] DEBUG o.s.b.f.s.DefaultListableBeanFactory - Returning cached instance of singleton bean 'org.springframework.transaction.config.internalTransactionAdvisor'
2020-03-09 20:45:37.501 [main] DEBUG o.s.b.f.s.DefaultListableBeanFactory - Returning cached instance of singleton bean 'org.springframework.transaction.config.internalTransactionAdvisor'
2020-03-09 20:45:37.502 [main] DEBUG o.s.b.f.s.DefaultListableBeanFactory - Finished creating instance of bean 'simpleDiscoveryProperties'
2020-03-09 20:45:37.502 [main] DEBUG o.s.b.f.s.DefaultListableBeanFactory - Eagerly caching bean 'simpleDiscoveryClient' to allow for resolving potential circular references
2020-03-09 20:45:37.504 [main] DEBUG o.s.b.f.s.DefaultListableBeanFactory - Returning cached instance of singleton bean 'org.springframework.transaction.config.internalTransactionAdvisor'
2020-03-09 20:45:37.504 [main] DEBUG o.s.b.f.s.DefaultListableBeanFactory - Returning cached instance of singleton bean 'org.springframework.transaction.config.internalTransactionAdvisor'
2020-03-09 20:45:37.504 [main] DEBUG o.s.b.f.s.DefaultListableBeanFactory - Finished creating instance of bean 'simpleDiscoveryClient'
2020-03-09 20:45:37.504 [main] DEBUG o.s.b.f.s.DefaultListableBeanFactory - Autowiring by type from bean name 'compositeDiscoveryClient' via factory method to bean named 'discoveryClient'
2020-03-09 20:45:37.504 [main] DEBUG o.s.b.f.s.DefaultListableBeanFactory - Autowiring by type from bean name 'compositeDiscoveryClient' via factory method to bean named 'simpleDiscoveryClient'
2020-03-09 20:45:37.507 [main] DEBUG o.s.b.f.s.DefaultListableBeanFactory - Eagerly caching bean 'compositeDiscoveryClient' to allow for resolving potential circular references
2020-03-09 20:45:37.510 [main] DEBUG o.s.b.f.s.DefaultListableBeanFactory - Returning cached instance of singleton bean 'org.springframework.transaction.config.internalTransactionAdvisor'
2020-03-09 20:45:37.510 [main] DEBUG o.s.b.f.s.DefaultListableBeanFactory - Returning cached instance of singleton bean 'org.springframework.transaction.config.internalTransactionAdvisor'
2020-03-09 20:45:37.510 [main] DEBUG o.s.b.f.s.DefaultListableBeanFactory - Finished creating instance of bean 'compositeDiscoveryClient'
2020-03-09 20:45:37.510 [main] DEBUG o.s.b.f.s.DefaultListableBeanFactory - Returning cached instance of singleton bean 'org.springframework.cloud.client.discovery.simple.SimpleDiscoveryClientAutoConfiguration'
2020-03-09 20:45:37.510 [main] DEBUG o.s.b.f.s.DefaultListableBeanFactory - Returning cached instance of singleton bean 'simpleDiscoveryProperties'
2020-03-09 20:45:37.510 [main] DEBUG o.s.b.f.s.DefaultListableBeanFactory - Returning cached instance of singleton bean 'simpleDiscoveryClient'
2020-03-09 20:45:37.510 [main] DEBUG o.s.b.f.s.DefaultListableBeanFactory - Returning cached instance of singleton bean 'org.springframework.cloud.netflix.ribbon.RibbonAutoConfiguration'
2020-03-09 20:45:37.510 [main] DEBUG o.s.b.f.s.DefaultListableBeanFactory - Creating shared instance of singleton bean 'ribbonFeature'
2020-03-09 20:45:37.511 [main] DEBUG o.s.b.f.s.DefaultListableBeanFactory - Creating instance of bean 'ribbonFeature'
2020-03-09 20:45:37.511 [main] DEBUG o.s.b.f.s.DefaultListableBeanFactory - Returning cached instance of singleton bean 'org.springframework.transaction.config.internalTransactionAdvisor'
2020-03-09 20:45:37.511 [main] DEBUG o.s.b.f.s.DefaultListableBeanFactory - Returning cached instance of singleton bean 'org.springframework.cloud.netflix.ribbon.RibbonAutoConfiguration'
2020-03-09 20:45:37.511 [main] DEBUG o.s.b.f.s.DefaultListableBeanFactory - Eagerly caching bean 'ribbonFeature' to allow for resolving potential circular references
2020-03-09 20:45:37.511 [main] DEBUG o.s.b.f.s.DefaultListableBeanFactory - Returning cached instance of singleton bean 'org.springframework.transaction.config.internalTransactionAdvisor'
2020-03-09 20:45:37.511 [main] DEBUG o.s.b.f.s.DefaultListableBeanFactory - Returning cached instance of singleton bean 'org.springframework.transaction.config.internalTransactionAdvisor'
2020-03-09 20:45:37.511 [main] DEBUG o.s.b.f.s.DefaultListableBeanFactory - Finished creating instance of bean 'ribbonFeature'
2020-03-09 20:45:37.511 [main] DEBUG o.s.b.f.s.DefaultListableBeanFactory - Returning cached instance of singleton bean 'springClientFactory'
2020-03-09 20:45:37.512 [main] DEBUG o.s.b.f.s.DefaultListableBeanFactory - Creating shared instance of singleton bean 'loadBalancerClient'
2020-03-09 20:45:37.512 [main] DEBUG o.s.b.f.s.DefaultListableBeanFactory - Creating instance of bean 'loadBalancerClient'
2020-03-09 20:45:37.512 [main] DEBUG o.s.b.f.s.DefaultListableBeanFactory - Returning cached instance of singleton bean 'org.springframework.transaction.config.internalTransactionAdvisor'
2020-03-09 20:45:37.512 [main] DEBUG o.s.b.f.s.DefaultListableBeanFactory - Returning cached instance of singleton bean 'org.springframework.cloud.netflix.ribbon.RibbonAutoConfiguration'
2020-03-09 20:45:37.514 [main] DEBUG o.s.b.f.s.DefaultListableBeanFactory - Returning cached instance of singleton bean 'springClientFactory'
2020-03-09 20:45:37.515 [main] DEBUG o.s.b.f.s.DefaultListableBeanFactory - Eagerly caching bean 'loadBalancerClient' to allow for resolving potential circular references
2020-03-09 20:45:37.518 [main] DEBUG o.s.b.f.s.DefaultListableBeanFactory - Returning cached instance of singleton bean 'org.springframework.transaction.config.internalTransactionAdvisor'
2020-03-09 20:45:37.518 [main] DEBUG o.s.b.f.s.DefaultListableBeanFactory - Returning cached instance of singleton bean 'org.springframework.transaction.config.internalTransactionAdvisor'
2020-03-09 20:45:37.518 [main] DEBUG o.s.b.f.s.DefaultListableBeanFactory - Finished creating instance of bean 'loadBalancerClient'
2020-03-09 20:45:37.518 [main] DEBUG o.s.b.f.s.DefaultListableBeanFactory - Creating shared instance of singleton bean 'propertiesFactory'
2020-03-09 20:45:37.518 [main] DEBUG o.s.b.f.s.DefaultListableBeanFactory - Creating instance of bean 'propertiesFactory'
2020-03-09 20:45:37.518 [main] DEBUG o.s.b.f.s.DefaultListableBeanFactory - Returning cached instance of singleton bean 'org.springframework.transaction.config.internalTransactionAdvisor'
2020-03-09 20:45:37.518 [main] DEBUG o.s.b.f.s.DefaultListableBeanFactory - Returning cached instance of singleton bean 'org.springframework.cloud.netflix.ribbon.RibbonAutoConfiguration'
2020-03-09 20:45:37.520 [main] DEBUG o.s.b.f.annotation.InjectionMetadata - Registered injected element on class [org.springframework.cloud.netflix.ribbon.PropertiesFactory]: AutowiredFieldElement for private org.springframework.core.env.Environment org.springframework.cloud.netflix.ribbon.PropertiesFactory.environment
2020-03-09 20:45:37.520 [main] DEBUG o.s.b.f.s.DefaultListableBeanFactory - Eagerly caching bean 'propertiesFactory' to allow for resolving potential circular references
2020-03-09 20:45:37.521 [main] DEBUG o.s.b.f.annotation.InjectionMetadata - Processing injected element of bean 'propertiesFactory': AutowiredFieldElement for private org.springframework.core.env.Environment org.springframework.cloud.netflix.ribbon.PropertiesFactory.environment
2020-03-09 20:45:37.521 [main] DEBUG o.s.core.annotation.AnnotationUtils - Failed to meta-introspect annotation interface org.springframework.beans.factory.annotation.Autowired: java.lang.NullPointerException
2020-03-09 20:45:37.521 [main] DEBUG o.s.b.f.s.DefaultListableBeanFactory - Returning cached instance of singleton bean 'environment'
2020-03-09 20:45:37.521 [main] DEBUG o.s.b.f.a.AutowiredAnnotationBeanPostProcessor - Autowiring by type from bean name 'propertiesFactory' to bean named 'environment'
2020-03-09 20:45:37.521 [main] DEBUG o.s.b.f.s.DefaultListableBeanFactory - Returning cached instance of singleton bean 'org.springframework.transaction.config.internalTransactionAdvisor'
2020-03-09 20:45:37.521 [main] DEBUG o.s.b.f.s.DefaultListableBeanFactory - Returning cached instance of singleton bean 'org.springframework.transaction.config.internalTransactionAdvisor'
2020-03-09 20:45:37.522 [main] DEBUG o.s.b.f.s.DefaultListableBeanFactory - Finished creating instance of bean 'propertiesFactory'
2020-03-09 20:45:37.522 [main] DEBUG o.s.b.f.s.DefaultListableBeanFactory - Returning cached instance of singleton bean 'default.org.springframework.cloud.netflix.ribbon.RibbonAutoConfiguration.RibbonClientSpecification'
2020-03-09 20:45:37.522 [main] DEBUG o.s.b.f.s.DefaultListableBeanFactory - Returning cached instance of singleton bean 'ribbon.eager-load-org.springframework.cloud.netflix.ribbon.RibbonEagerLoadProperties'
2020-03-09 20:45:37.522 [main] DEBUG o.s.b.f.s.DefaultListableBeanFactory - Creating shared instance of singleton bean 'ribbon-org.springframework.cloud.netflix.ribbon.ServerIntrospectorProperties'
2020-03-09 20:45:37.522 [main] DEBUG o.s.b.f.s.DefaultListableBeanFactory - Creating instance of bean 'ribbon-org.springframework.cloud.netflix.ribbon.ServerIntrospectorProperties'
2020-03-09 20:45:37.522 [main] DEBUG o.s.b.f.s.DefaultListableBeanFactory - Returning cached instance of singleton bean 'org.springframework.transaction.config.internalTransactionAdvisor'
2020-03-09 20:45:37.522 [main] DEBUG o.s.b.f.s.DefaultListableBeanFactory - Eagerly caching bean 'ribbon-org.springframework.cloud.netflix.ribbon.ServerIntrospectorProperties' to allow for resolving potential circular references
2020-03-09 20:45:37.526 [main] DEBUG o.s.b.f.s.DefaultListableBeanFactory - Returning cached instance of singleton bean 'org.springframework.transaction.config.internalTransactionAdvisor'
2020-03-09 20:45:37.526 [main] DEBUG o.s.b.f.s.DefaultListableBeanFactory - Returning cached instance of singleton bean 'org.springframework.transaction.config.internalTransactionAdvisor'
2020-03-09 20:45:37.526 [main] DEBUG o.s.b.f.s.DefaultListableBeanFactory - Finished creating instance of bean 'ribbon-org.springframework.cloud.netflix.ribbon.ServerIntrospectorProperties'
2020-03-09 20:45:37.526 [main] DEBUG o.s.b.f.s.DefaultListableBeanFactory - Creating shared instance of singleton bean 'org.springframework.cloud.client.loadbalancer.AsyncLoadBalancerAutoConfiguration$LoadBalancerInterceptorConfig'
2020-03-09 20:45:37.526 [main] DEBUG o.s.b.f.s.DefaultListableBeanFactory - Creating instance of bean 'org.springframework.cloud.client.loadbalancer.AsyncLoadBalancerAutoConfiguration$LoadBalancerInterceptorConfig'
2020-03-09 20:45:37.526 [main] DEBUG o.s.b.f.s.DefaultListableBeanFactory - Returning cached instance of singleton bean 'org.springframework.transaction.config.internalTransactionAdvisor'
2020-03-09 20:45:37.527 [main] DEBUG o.s.b.f.s.DefaultListableBeanFactory - Eagerly caching bean 'org.springframework.cloud.client.loadbalancer.AsyncLoadBalancerAutoConfiguration$LoadBalancerInterceptorConfig' to allow for resolving potential circular references
2020-03-09 20:45:37.531 [main] DEBUG o.s.b.f.s.DefaultListableBeanFactory - Returning cached instance of singleton bean 'org.springframework.transaction.config.internalTransactionAdvisor'
2020-03-09 20:45:37.531 [main] DEBUG o.s.b.f.s.DefaultListableBeanFactory - Returning cached instance of singleton bean 'org.springframework.transaction.config.internalTransactionAdvisor'
2020-03-09 20:45:37.531 [main] DEBUG o.s.b.f.s.DefaultListableBeanFactory - Finished creating instance of bean 'org.springframework.cloud.client.loadbalancer.AsyncLoadBalancerAutoConfiguration$LoadBalancerInterceptorConfig'
2020-03-09 20:45:37.532 [main] DEBUG o.s.b.f.s.DefaultListableBeanFactory - Creating shared instance of singleton bean 'asyncLoadBalancerInterceptor'
2020-03-09 20:45:37.532 [main] DEBUG o.s.b.f.s.DefaultListableBeanFactory - Creating instance of bean 'asyncLoadBalancerInterceptor'
2020-03-09 20:45:37.532 [main] DEBUG o.s.b.f.s.DefaultListableBeanFactory - Returning cached instance of singleton bean 'org.springframework.transaction.config.internalTransactionAdvisor'
2020-03-09 20:45:37.532 [main] DEBUG o.s.b.f.s.DefaultListableBeanFactory - Returning cached instance of singleton bean 'org.springframework.cloud.client.loadbalancer.AsyncLoadBalancerAutoConfiguration$LoadBalancerInterceptorConfig'
2020-03-09 20:45:37.533 [main] DEBUG o.s.b.f.s.DefaultListableBeanFactory - Returning cached instance of singleton bean 'loadBalancerClient'
2020-03-09 20:45:37.533 [main] DEBUG o.s.b.f.s.DefaultListableBeanFactory - Autowiring by type from bean name 'asyncLoadBalancerInterceptor' via factory method to bean named 'loadBalancerClient'
2020-03-09 20:45:37.536 [main] DEBUG o.s.b.f.s.DefaultListableBeanFactory - Eagerly caching bean 'asyncLoadBalancerInterceptor' to allow for resolving potential circular references
2020-03-09 20:45:37.539 [main] DEBUG o.s.b.f.s.DefaultListableBeanFactory - Returning cached instance of singleton bean 'org.springframework.transaction.config.internalTransactionAdvisor'
2020-03-09 20:45:37.539 [main] DEBUG o.s.b.f.s.DefaultListableBeanFactory - Returning cached instance of singleton bean 'org.springframework.transaction.config.internalTransactionAdvisor'
2020-03-09 20:45:37.539 [main] DEBUG o.s.b.f.s.DefaultListableBeanFactory - Finished creating instance of bean 'asyncLoadBalancerInterceptor'
2020-03-09 20:45:37.539 [main] DEBUG o.s.b.f.s.DefaultListableBeanFactory - Creating shared instance of singleton bean 'asyncRestTemplateCustomizer'
2020-03-09 20:45:37.539 [main] DEBUG o.s.b.f.s.DefaultListableBeanFactory - Creating instance of bean 'asyncRestTemplateCustomizer'
2020-03-09 20:45:37.540 [main] DEBUG o.s.b.f.s.DefaultListableBeanFactory - Returning cached instance of singleton bean 'org.springframework.transaction.config.internalTransactionAdvisor'
2020-03-09 20:45:37.540 [main] DEBUG o.s.b.f.s.DefaultListableBeanFactory - Returning cached instance of singleton bean 'org.springframework.cloud.client.loadbalancer.AsyncLoadBalancerAutoConfiguration$LoadBalancerInterceptorConfig'
2020-03-09 20:45:37.541 [main] DEBUG o.s.b.f.s.DefaultListableBeanFactory - Returning cached instance of singleton bean 'asyncLoadBalancerInterceptor'
2020-03-09 20:45:37.541 [main] DEBUG o.s.b.f.s.DefaultListableBeanFactory - Autowiring by type from bean name 'asyncRestTemplateCustomizer' via factory method to bean named 'asyncLoadBalancerInterceptor'
2020-03-09 20:45:37.542 [main] DEBUG o.s.b.f.s.DefaultListableBeanFactory - Eagerly caching bean 'asyncRestTemplateCustomizer' to allow for resolving potential circular references
2020-03-09 20:45:37.544 [main] DEBUG o.s.b.f.s.DefaultListableBeanFactory - Returning cached instance of singleton bean 'org.springframework.transaction.config.internalTransactionAdvisor'
2020-03-09 20:45:37.544 [main] DEBUG o.s.b.f.s.DefaultListableBeanFactory - Returning cached instance of singleton bean 'org.springframework.transaction.config.internalTransactionAdvisor'
2020-03-09 20:45:37.544 [main] DEBUG o.s.b.f.s.DefaultListableBeanFactory - Finished creating instance of bean 'asyncRestTemplateCustomizer'
2020-03-09 20:45:37.544 [main] DEBUG o.s.b.f.s.DefaultListableBeanFactory - Creating shared instance of singleton bean 'org.springframework.cloud.client.loadbalancer.AsyncLoadBalancerAutoConfiguration$AsyncRestTemplateCustomizerConfig'
2020-03-09 20:45:37.544 [main] DEBUG o.s.b.f.s.DefaultListableBeanFactory - Creating instance of bean 'org.springframework.cloud.client.loadbalancer.AsyncLoadBalancerAutoConfiguration$AsyncRestTemplateCustomizerConfig'
2020-03-09 20:45:37.544 [main] DEBUG o.s.b.f.s.DefaultListableBeanFactory - Returning cached instance of singleton bean 'org.springframework.transaction.config.internalTransactionAdvisor'
2020-03-09 20:45:37.545 [main] DEBUG o.s.b.f.annotation.InjectionMetadata - Registered injected element on class [org.springframework.cloud.client.loadbalancer.AsyncLoadBalancerAutoConfiguration$AsyncRestTemplateCustomizerConfig$$EnhancerBySpringCGLIB$$cc40f6f5]: AutowiredFieldElement for private java.util.List org.springframework.cloud.client.loadbalancer.AsyncLoadBalancerAutoConfiguration$AsyncRestTemplateCustomizerConfig.restTemplates
2020-03-09 20:45:37.545 [main] DEBUG o.s.b.f.s.DefaultListableBeanFactory - Eagerly caching bean 'org.springframework.cloud.client.loadbalancer.AsyncLoadBalancerAutoConfiguration$AsyncRestTemplateCustomizerConfig' to allow for resolving potential circular references
2020-03-09 20:45:37.551 [main] DEBUG o.s.b.f.annotation.InjectionMetadata - Processing injected element of bean 'org.springframework.cloud.client.loadbalancer.AsyncLoadBalancerAutoConfiguration$AsyncRestTemplateCustomizerConfig': AutowiredFieldElement for private java.util.List org.springframework.cloud.client.loadbalancer.AsyncLoadBalancerAutoConfiguration$AsyncRestTemplateCustomizerConfig.restTemplates
2020-03-09 20:45:37.551 [main] DEBUG o.s.core.annotation.AnnotationUtils - Failed to meta-introspect annotation interface org.springframework.cloud.client.loadbalancer.LoadBalanced: java.lang.NullPointerException
2020-03-09 20:45:37.551 [main] DEBUG o.s.core.annotation.AnnotationUtils - Failed to meta-introspect annotation interface org.springframework.beans.factory.annotation.Autowired: java.lang.NullPointerException
2020-03-09 20:45:37.553 [main] DEBUG o.s.b.f.s.DefaultListableBeanFactory - Returning cached instance of singleton bean 'org.springframework.transaction.config.internalTransactionAdvisor'
2020-03-09 20:45:37.553 [main] DEBUG o.s.b.f.s.DefaultListableBeanFactory - Returning cached instance of singleton bean 'org.springframework.transaction.config.internalTransactionAdvisor'
2020-03-09 20:45:37.554 [main] DEBUG o.s.b.f.s.DefaultListableBeanFactory - Finished creating instance of bean 'org.springframework.cloud.client.loadbalancer.AsyncLoadBalancerAutoConfiguration$AsyncRestTemplateCustomizerConfig'
2020-03-09 20:45:37.554 [main] DEBUG o.s.b.f.s.DefaultListableBeanFactory - Creating shared instance of singleton bean 'loadBalancedAsyncRestTemplateInitializer'
2020-03-09 20:45:37.554 [main] DEBUG o.s.b.f.s.DefaultListableBeanFactory - Creating instance of bean 'loadBalancedAsyncRestTemplateInitializer'
2020-03-09 20:45:37.554 [main] DEBUG o.s.b.f.s.DefaultListableBeanFactory - Returning cached instance of singleton bean 'org.springframework.transaction.config.internalTransactionAdvisor'
2020-03-09 20:45:37.554 [main] DEBUG o.s.b.f.s.DefaultListableBeanFactory - Returning cached instance of singleton bean 'org.springframework.cloud.client.loadbalancer.AsyncLoadBalancerAutoConfiguration$AsyncRestTemplateCustomizerConfig'
2020-03-09 20:45:37.556 [main] DEBUG o.s.b.f.s.DefaultListableBeanFactory - Returning cached instance of singleton bean 'asyncRestTemplateCustomizer'
2020-03-09 20:45:37.556 [main] DEBUG o.s.b.f.s.DefaultListableBeanFactory - Autowiring by type from bean name 'loadBalancedAsyncRestTemplateInitializer' via factory method to bean named 'asyncRestTemplateCustomizer'
2020-03-09 20:45:37.560 [main] DEBUG o.s.b.f.s.DefaultListableBeanFactory - Eagerly caching bean 'loadBalancedAsyncRestTemplateInitializer' to allow for resolving potential circular references
2020-03-09 20:45:37.565 [main] DEBUG o.s.b.f.s.DefaultListableBeanFactory - Returning cached instance of singleton bean 'org.springframework.transaction.config.internalTransactionAdvisor'
2020-03-09 20:45:37.565 [main] DEBUG o.s.b.f.s.DefaultListableBeanFactory - Returning cached instance of singleton bean 'org.springframework.transaction.config.internalTransactionAdvisor'
2020-03-09 20:45:37.565 [main] DEBUG o.s.b.f.s.DefaultListableBeanFactory - Finished creating instance of bean 'loadBalancedAsyncRestTemplateInitializer'
2020-03-09 20:45:37.565 [main] DEBUG o.s.b.f.s.DefaultListableBeanFactory - Creating shared instance of singleton bean 'org.springframework.cloud.client.loadbalancer.AsyncLoadBalancerAutoConfiguration'
2020-03-09 20:45:37.565 [main] DEBUG o.s.b.f.s.DefaultListableBeanFactory - Creating instance of bean 'org.springframework.cloud.client.loadbalancer.AsyncLoadBalancerAutoConfiguration'
2020-03-09 20:45:37.565 [main] DEBUG o.s.b.f.s.DefaultListableBeanFactory - Returning cached instance of singleton bean 'org.springframework.transaction.config.internalTransactionAdvisor'
2020-03-09 20:45:37.566 [main] DEBUG o.s.b.f.s.DefaultListableBeanFactory - Eagerly caching bean 'org.springframework.cloud.client.loadbalancer.AsyncLoadBalancerAutoConfiguration' to allow for resolving potential circular references
2020-03-09 20:45:37.570 [main] DEBUG o.s.b.f.s.DefaultListableBeanFactory - Returning cached instance of singleton bean 'org.springframework.transaction.config.internalTransactionAdvisor'
2020-03-09 20:45:37.570 [main] DEBUG o.s.b.f.s.DefaultListableBeanFactory - Returning cached instance of singleton bean 'org.springframework.transaction.config.internalTransactionAdvisor'
2020-03-09 20:45:37.571 [main] DEBUG o.s.b.f.s.DefaultListableBeanFactory - Finished creating instance of bean 'org.springframework.cloud.client.loadbalancer.AsyncLoadBalancerAutoConfiguration'
2020-03-09 20:45:37.571 [main] DEBUG o.s.b.f.s.DefaultListableBeanFactory - Creating shared instance of singleton bean 'org.springframework.cloud.client.loadbalancer.LoadBalancerAutoConfiguration$LoadBalancerInterceptorConfig'
2020-03-09 20:45:37.571 [main] DEBUG o.s.b.f.s.DefaultListableBeanFactory - Creating instance of bean 'org.springframework.cloud.client.loadbalancer.LoadBalancerAutoConfiguration$LoadBalancerInterceptorConfig'
2020-03-09 20:45:37.571 [main] DEBUG o.s.b.f.s.DefaultListableBeanFactory - Returning cached instance of singleton bean 'org.springframework.transaction.config.internalTransactionAdvisor'
2020-03-09 20:45:37.571 [main] DEBUG o.s.b.f.s.DefaultListableBeanFactory - Eagerly caching bean 'org.springframework.cloud.client.loadbalancer.LoadBalancerAutoConfiguration$LoadBalancerInterceptorConfig' to allow for resolving potential circular references
2020-03-09 20:45:37.574 [main] DEBUG o.s.b.f.s.DefaultListableBeanFactory - Returning cached instance of singleton bean 'org.springframework.transaction.config.internalTransactionAdvisor'
2020-03-09 20:45:37.574 [main] DEBUG o.s.b.f.s.DefaultListableBeanFactory - Returning cached instance of singleton bean 'org.springframework.transaction.config.internalTransactionAdvisor'
2020-03-09 20:45:37.574 [main] DEBUG o.s.b.f.s.DefaultListableBeanFactory - Finished creating instance of bean 'org.springframework.cloud.client.loadbalancer.LoadBalancerAutoConfiguration$LoadBalancerInterceptorConfig'
2020-03-09 20:45:37.574 [main] DEBUG o.s.b.f.s.DefaultListableBeanFactory - Creating shared instance of singleton bean 'ribbonInterceptor'
2020-03-09 20:45:37.574 [main] DEBUG o.s.b.f.s.DefaultListableBeanFactory - Creating instance of bean 'ribbonInterceptor'
2020-03-09 20:45:37.574 [main] DEBUG o.s.b.f.s.DefaultListableBeanFactory - Returning cached instance of singleton bean 'org.springframework.transaction.config.internalTransactionAdvisor'
2020-03-09 20:45:37.575 [main] DEBUG o.s.b.f.s.DefaultListableBeanFactory - Returning cached instance of singleton bean 'org.springframework.cloud.client.loadbalancer.LoadBalancerAutoConfiguration$LoadBalancerInterceptorConfig'
2020-03-09 20:45:37.575 [main] DEBUG o.s.b.f.s.DefaultListableBeanFactory - Returning cached instance of singleton bean 'loadBalancerClient'
2020-03-09 20:45:37.576 [main] DEBUG o.s.b.f.s.DefaultListableBeanFactory - Creating shared instance of singleton bean 'loadBalancerRequestFactory'
2020-03-09 20:45:37.576 [main] DEBUG o.s.b.f.s.DefaultListableBeanFactory - Creating instance of bean 'loadBalancerRequestFactory'
2020-03-09 20:45:37.576 [main] DEBUG o.s.b.f.s.DefaultListableBeanFactory - Returning cached instance of singleton bean 'org.springframework.transaction.config.internalTransactionAdvisor'
2020-03-09 20:45:37.576 [main] DEBUG o.s.b.f.s.DefaultListableBeanFactory - Creating shared instance of singleton bean 'org.springframework.cloud.client.loadbalancer.LoadBalancerAutoConfiguration'
2020-03-09 20:45:37.576 [main] DEBUG o.s.b.f.s.DefaultListableBeanFactory - Creating instance of bean 'org.springframework.cloud.client.loadbalancer.LoadBalancerAutoConfiguration'
2020-03-09 20:45:37.576 [main] DEBUG o.s.b.f.s.DefaultListableBeanFactory - Returning cached instance of singleton bean 'org.springframework.transaction.config.internalTransactionAdvisor'
2020-03-09 20:45:37.577 [main] DEBUG o.s.b.f.annotation.InjectionMetadata - Registered injected element on class [org.springframework.cloud.client.loadbalancer.LoadBalancerAutoConfiguration$$EnhancerBySpringCGLIB$$891f91dc]: AutowiredFieldElement for private java.util.List org.springframework.cloud.client.loadbalancer.LoadBalancerAutoConfiguration.restTemplates
2020-03-09 20:45:37.577 [main] DEBUG o.s.b.f.annotation.InjectionMetadata - Registered injected element on class [org.springframework.cloud.client.loadbalancer.LoadBalancerAutoConfiguration$$EnhancerBySpringCGLIB$$891f91dc]: AutowiredFieldElement for private java.util.List org.springframework.cloud.client.loadbalancer.LoadBalancerAutoConfiguration.transformers
2020-03-09 20:45:37.577 [main] DEBUG o.s.b.f.s.DefaultListableBeanFactory - Eagerly caching bean 'org.springframework.cloud.client.loadbalancer.LoadBalancerAutoConfiguration' to allow for resolving potential circular references
2020-03-09 20:45:37.580 [main] DEBUG o.s.b.f.annotation.InjectionMetadata - Processing injected element of bean 'org.springframework.cloud.client.loadbalancer.LoadBalancerAutoConfiguration': AutowiredFieldElement for private java.util.List org.springframework.cloud.client.loadbalancer.LoadBalancerAutoConfiguration.restTemplates
2020-03-09 20:45:37.581 [main] DEBUG o.s.core.annotation.AnnotationUtils - Failed to meta-introspect annotation interface org.springframework.cloud.client.loadbalancer.LoadBalanced: java.lang.NullPointerException
2020-03-09 20:45:37.581 [main] DEBUG o.s.core.annotation.AnnotationUtils - Failed to meta-introspect annotation interface org.springframework.beans.factory.annotation.Autowired: java.lang.NullPointerException
2020-03-09 20:45:37.582 [main] DEBUG o.s.b.f.s.DefaultListableBeanFactory - Returning cached instance of singleton bean 'restTemplate'
2020-03-09 20:45:37.582 [main] DEBUG o.s.b.f.a.AutowiredAnnotationBeanPostProcessor - Autowiring by type from bean name 'org.springframework.cloud.client.loadbalancer.LoadBalancerAutoConfiguration' to bean named 'restTemplate'
2020-03-09 20:45:37.582 [main] DEBUG o.s.b.f.annotation.InjectionMetadata - Processing injected element of bean 'org.springframework.cloud.client.loadbalancer.LoadBalancerAutoConfiguration': AutowiredFieldElement for private java.util.List org.springframework.cloud.client.loadbalancer.LoadBalancerAutoConfiguration.transformers
2020-03-09 20:45:37.583 [main] DEBUG o.s.core.annotation.AnnotationUtils - Failed to meta-introspect annotation interface org.springframework.beans.factory.annotation.Autowired: java.lang.NullPointerException
2020-03-09 20:45:37.585 [main] DEBUG o.s.b.f.s.DefaultListableBeanFactory - Returning cached instance of singleton bean 'org.springframework.transaction.config.internalTransactionAdvisor'
2020-03-09 20:45:37.585 [main] DEBUG o.s.b.f.s.DefaultListableBeanFactory - Returning cached instance of singleton bean 'org.springframework.transaction.config.internalTransactionAdvisor'
2020-03-09 20:45:37.586 [main] DEBUG o.s.b.f.s.DefaultListableBeanFactory - Finished creating instance of bean 'org.springframework.cloud.client.loadbalancer.LoadBalancerAutoConfiguration'
2020-03-09 20:45:37.586 [main] DEBUG o.s.b.f.s.DefaultListableBeanFactory - Returning cached instance of singleton bean 'loadBalancerClient'
2020-03-09 20:45:37.587 [main] DEBUG o.s.b.f.s.DefaultListableBeanFactory - Autowiring by type from bean name 'loadBalancerRequestFactory' via factory method to bean named 'loadBalancerClient'
2020-03-09 20:45:37.590 [main] DEBUG o.s.b.f.s.DefaultListableBeanFactory - Eagerly caching bean 'loadBalancerRequestFactory' to allow for resolving potential circular references
2020-03-09 20:45:37.592 [main] DEBUG o.s.b.f.s.DefaultListableBeanFactory - Returning cached instance of singleton bean 'org.springframework.transaction.config.internalTransactionAdvisor'
2020-03-09 20:45:37.592 [main] DEBUG o.s.b.f.s.DefaultListableBeanFactory - Returning cached instance of singleton bean 'org.springframework.transaction.config.internalTransactionAdvisor'
2020-03-09 20:45:37.592 [main] DEBUG o.s.b.f.s.DefaultListableBeanFactory - Finished creating instance of bean 'loadBalancerRequestFactory'
2020-03-09 20:45:37.592 [main] DEBUG o.s.b.f.s.DefaultListableBeanFactory - Autowiring by type from bean name 'ribbonInterceptor' via factory method to bean named 'loadBalancerClient'
2020-03-09 20:45:37.592 [main] DEBUG o.s.b.f.s.DefaultListableBeanFactory - Autowiring by type from bean name 'ribbonInterceptor' via factory method to bean named 'loadBalancerRequestFactory'
2020-03-09 20:45:37.594 [main] DEBUG o.s.b.f.s.DefaultListableBeanFactory - Eagerly caching bean 'ribbonInterceptor' to allow for resolving potential circular references
2020-03-09 20:45:37.596 [main] DEBUG o.s.b.f.s.DefaultListableBeanFactory - Returning cached instance of singleton bean 'org.springframework.transaction.config.internalTransactionAdvisor'
2020-03-09 20:45:37.596 [main] DEBUG o.s.b.f.s.DefaultListableBeanFactory - Returning cached instance of singleton bean 'org.springframework.transaction.config.internalTransactionAdvisor'
2020-03-09 20:45:37.597 [main] DEBUG o.s.b.f.s.DefaultListableBeanFactory - Finished creating instance of bean 'ribbonInterceptor'
2020-03-09 20:45:37.597 [main] DEBUG o.s.b.f.s.DefaultListableBeanFactory - Creating shared instance of singleton bean 'restTemplateCustomizer'
2020-03-09 20:45:37.597 [main] DEBUG o.s.b.f.s.DefaultListableBeanFactory - Creating instance of bean 'restTemplateCustomizer'
2020-03-09 20:45:37.597 [main] DEBUG o.s.b.f.s.DefaultListableBeanFactory - Returning cached instance of singleton bean 'org.springframework.transaction.config.internalTransactionAdvisor'
2020-03-09 20:45:37.597 [main] DEBUG o.s.b.f.s.DefaultListableBeanFactory - Returning cached instance of singleton bean 'org.springframework.cloud.client.loadbalancer.LoadBalancerAutoConfiguration$LoadBalancerInterceptorConfig'
2020-03-09 20:45:37.598 [main] DEBUG o.s.b.f.s.DefaultListableBeanFactory - Returning cached instance of singleton bean 'ribbonInterceptor'
2020-03-09 20:45:37.598 [main] DEBUG o.s.b.f.s.DefaultListableBeanFactory - Autowiring by type from bean name 'restTemplateCustomizer' via factory method to bean named 'ribbonInterceptor'
2020-03-09 20:45:37.599 [main] DEBUG o.s.b.f.s.DefaultListableBeanFactory - Eagerly caching bean 'restTemplateCustomizer' to allow for resolving potential circular references
2020-03-09 20:45:37.601 [main] DEBUG o.s.b.f.s.DefaultListableBeanFactory - Returning cached instance of singleton bean 'org.springframework.transaction.config.internalTransactionAdvisor'
2020-03-09 20:45:37.601 [main] DEBUG o.s.b.f.s.DefaultListableBeanFactory - Returning cached instance of singleton bean 'org.springframework.transaction.config.internalTransactionAdvisor'
2020-03-09 20:45:37.602 [main] DEBUG o.s.b.f.s.DefaultListableBeanFactory - Finished creating instance of bean 'restTemplateCustomizer'
2020-03-09 20:45:37.602 [main] DEBUG o.s.b.f.s.DefaultListableBeanFactory - Returning cached instance of singleton bean 'org.springframework.cloud.client.loadbalancer.LoadBalancerAutoConfiguration'
2020-03-09 20:45:37.602 [main] DEBUG o.s.b.f.s.DefaultListableBeanFactory - Creating shared instance of singleton bean 'loadBalancedRestTemplateInitializerDeprecated'
2020-03-09 20:45:37.602 [main] DEBUG o.s.b.f.s.DefaultListableBeanFactory - Creating instance of bean 'loadBalancedRestTemplateInitializerDeprecated'
2020-03-09 20:45:37.602 [main] DEBUG o.s.b.f.s.DefaultListableBeanFactory - Returning cached instance of singleton bean 'org.springframework.transaction.config.internalTransactionAdvisor'
2020-03-09 20:45:37.602 [main] DEBUG o.s.b.f.s.DefaultListableBeanFactory - Returning cached instance of singleton bean 'org.springframework.cloud.client.loadbalancer.LoadBalancerAutoConfiguration'
2020-03-09 20:45:37.603 [main] DEBUG o.s.b.f.s.DefaultListableBeanFactory - Eagerly caching bean 'loadBalancedRestTemplateInitializerDeprecated' to allow for resolving potential circular references
2020-03-09 20:45:37.605 [main] DEBUG o.s.b.f.s.DefaultListableBeanFactory - Returning cached instance of singleton bean 'org.springframework.transaction.config.internalTransactionAdvisor'
2020-03-09 20:45:37.605 [main] DEBUG o.s.b.f.s.DefaultListableBeanFactory - Returning cached instance of singleton bean 'org.springframework.transaction.config.internalTransactionAdvisor'
2020-03-09 20:45:37.605 [main] DEBUG o.s.b.f.s.DefaultListableBeanFactory - Finished creating instance of bean 'loadBalancedRestTemplateInitializerDeprecated'
2020-03-09 20:45:37.605 [main] DEBUG o.s.b.f.s.DefaultListableBeanFactory - Returning cached instance of singleton bean 'loadBalancerRequestFactory'
2020-03-09 20:45:37.605 [main] DEBUG o.s.b.f.s.DefaultListableBeanFactory - Creating shared instance of singleton bean 'spring.cloud.loadbalancer.retry-org.springframework.cloud.client.loadbalancer.LoadBalancerRetryProperties'
2020-03-09 20:45:37.605 [main] DEBUG o.s.b.f.s.DefaultListableBeanFactory - Creating instance of bean 'spring.cloud.loadbalancer.retry-org.springframework.cloud.client.loadbalancer.LoadBalancerRetryProperties'
2020-03-09 20:45:37.605 [main] DEBUG o.s.b.f.s.DefaultListableBeanFactory - Returning cached instance of singleton bean 'org.springframework.transaction.config.internalTransactionAdvisor'
2020-03-09 20:45:37.605 [main] DEBUG o.s.b.f.s.DefaultListableBeanFactory - Eagerly caching bean 'spring.cloud.loadbalancer.retry-org.springframework.cloud.client.loadbalancer.LoadBalancerRetryProperties' to allow for resolving potential circular references
2020-03-09 20:45:37.607 [main] DEBUG o.s.b.f.s.DefaultListableBeanFactory - Returning cached instance of singleton bean 'org.springframework.transaction.config.internalTransactionAdvisor'
2020-03-09 20:45:37.608 [main] DEBUG o.s.b.f.s.DefaultListableBeanFactory - Returning cached instance of singleton bean 'org.springframework.transaction.config.internalTransactionAdvisor'
2020-03-09 20:45:37.608 [main] DEBUG o.s.b.f.s.DefaultListableBeanFactory - Finished creating instance of bean 'spring.cloud.loadbalancer.retry-org.springframework.cloud.client.loadbalancer.LoadBalancerRetryProperties'
2020-03-09 20:45:37.608 [main] DEBUG o.s.b.f.s.DefaultListableBeanFactory - Creating shared instance of singleton bean 'org.springframework.cloud.client.serviceregistry.ServiceRegistryAutoConfiguration'
2020-03-09 20:45:37.608 [main] DEBUG o.s.b.f.s.DefaultListableBeanFactory - Creating instance of bean 'org.springframework.cloud.client.serviceregistry.ServiceRegistryAutoConfiguration'
2020-03-09 20:45:37.608 [main] DEBUG o.s.b.f.s.DefaultListableBeanFactory - Returning cached instance of singleton bean 'org.springframework.transaction.config.internalTransactionAdvisor'
2020-03-09 20:45:37.608 [main] DEBUG o.s.b.f.s.DefaultListableBeanFactory - Eagerly caching bean 'org.springframework.cloud.client.serviceregistry.ServiceRegistryAutoConfiguration' to allow for resolving potential circular references
2020-03-09 20:45:37.611 [main] DEBUG o.s.b.f.s.DefaultListableBeanFactory - Returning cached instance of singleton bean 'org.springframework.transaction.config.internalTransactionAdvisor'
2020-03-09 20:45:37.611 [main] DEBUG o.s.b.f.s.DefaultListableBeanFactory - Returning cached instance of singleton bean 'org.springframework.transaction.config.internalTransactionAdvisor'
2020-03-09 20:45:37.612 [main] DEBUG o.s.b.f.s.DefaultListableBeanFactory - Finished creating instance of bean 'org.springframework.cloud.client.serviceregistry.ServiceRegistryAutoConfiguration'
2020-03-09 20:45:37.612 [main] DEBUG o.s.b.f.s.DefaultListableBeanFactory - Creating shared instance of singleton bean 'org.springframework.cloud.commons.httpclient.HttpClientConfiguration$OkHttpClientConfiguration'
2020-03-09 20:45:37.612 [main] DEBUG o.s.b.f.s.DefaultListableBeanFactory - Creating instance of bean 'org.springframework.cloud.commons.httpclient.HttpClientConfiguration$OkHttpClientConfiguration'
2020-03-09 20:45:37.612 [main] DEBUG o.s.b.f.s.DefaultListableBeanFactory - Returning cached instance of singleton bean 'org.springframework.transaction.config.internalTransactionAdvisor'
2020-03-09 20:45:37.612 [main] DEBUG o.s.b.f.s.DefaultListableBeanFactory - Eagerly caching bean 'org.springframework.cloud.commons.httpclient.HttpClientConfiguration$OkHttpClientConfiguration' to allow for resolving potential circular references
2020-03-09 20:45:37.617 [main] DEBUG o.s.b.f.s.DefaultListableBeanFactory - Returning cached instance of singleton bean 'org.springframework.transaction.config.internalTransactionAdvisor'
2020-03-09 20:45:37.617 [main] DEBUG o.s.b.f.s.DefaultListableBeanFactory - Returning cached instance of singleton bean 'org.springframework.transaction.config.internalTransactionAdvisor'
2020-03-09 20:45:37.617 [main] DEBUG o.s.b.f.s.DefaultListableBeanFactory - Finished creating instance of bean 'org.springframework.cloud.commons.httpclient.HttpClientConfiguration$OkHttpClientConfiguration'
2020-03-09 20:45:37.617 [main] DEBUG o.s.b.f.s.DefaultListableBeanFactory - Creating shared instance of singleton bean 'connPoolFactory'
2020-03-09 20:45:37.617 [main] DEBUG o.s.b.f.s.DefaultListableBeanFactory - Creating instance of bean 'connPoolFactory'
2020-03-09 20:45:37.618 [main] DEBUG o.s.b.f.s.DefaultListableBeanFactory - Returning cached instance of singleton bean 'org.springframework.transaction.config.internalTransactionAdvisor'
2020-03-09 20:45:37.618 [main] DEBUG o.s.b.f.s.DefaultListableBeanFactory - Returning cached instance of singleton bean 'org.springframework.cloud.commons.httpclient.HttpClientConfiguration$OkHttpClientConfiguration'
2020-03-09 20:45:37.621 [main] DEBUG o.s.b.f.s.DefaultListableBeanFactory - Eagerly caching bean 'connPoolFactory' to allow for resolving potential circular references
2020-03-09 20:45:37.623 [main] DEBUG o.s.b.f.s.DefaultListableBeanFactory - Returning cached instance of singleton bean 'org.springframework.transaction.config.internalTransactionAdvisor'
2020-03-09 20:45:37.624 [main] DEBUG o.s.b.f.s.DefaultListableBeanFactory - Returning cached instance of singleton bean 'org.springframework.transaction.config.internalTransactionAdvisor'
2020-03-09 20:45:37.624 [main] DEBUG o.s.b.f.s.DefaultListableBeanFactory - Finished creating instance of bean 'connPoolFactory'
2020-03-09 20:45:37.624 [main] DEBUG o.s.b.f.s.DefaultListableBeanFactory - Creating shared instance of singleton bean 'okHttpClientBuilder'
2020-03-09 20:45:37.624 [main] DEBUG o.s.b.f.s.DefaultListableBeanFactory - Creating instance of bean 'okHttpClientBuilder'
2020-03-09 20:45:37.624 [main] DEBUG o.s.b.f.s.DefaultListableBeanFactory - Returning cached instance of singleton bean 'org.springframework.transaction.config.internalTransactionAdvisor'
2020-03-09 20:45:37.624 [main] DEBUG o.s.b.f.s.DefaultListableBeanFactory - Returning cached instance of singleton bean 'org.springframework.cloud.commons.httpclient.HttpClientConfiguration$OkHttpClientConfiguration'
2020-03-09 20:45:37.627 [main] DEBUG o.s.b.f.s.DefaultListableBeanFactory - Eagerly caching bean 'okHttpClientBuilder' to allow for resolving potential circular references
2020-03-09 20:45:37.630 [main] DEBUG o.s.b.f.s.DefaultListableBeanFactory - Returning cached instance of singleton bean 'org.springframework.transaction.config.internalTransactionAdvisor'
2020-03-09 20:45:37.630 [main] DEBUG o.s.b.f.s.DefaultListableBeanFactory - Returning cached instance of singleton bean 'org.springframework.transaction.config.internalTransactionAdvisor'
2020-03-09 20:45:37.630 [main] DEBUG o.s.b.f.s.DefaultListableBeanFactory - Finished creating instance of bean 'okHttpClientBuilder'
2020-03-09 20:45:37.630 [main] DEBUG o.s.b.f.s.DefaultListableBeanFactory - Creating shared instance of singleton bean 'okHttpClientFactory'
2020-03-09 20:45:37.630 [main] DEBUG o.s.b.f.s.DefaultListableBeanFactory - Creating instance of bean 'okHttpClientFactory'
2020-03-09 20:45:37.630 [main] DEBUG o.s.b.f.s.DefaultListableBeanFactory - Returning cached instance of singleton bean 'org.springframework.transaction.config.internalTransactionAdvisor'
2020-03-09 20:45:37.630 [main] DEBUG o.s.b.f.s.DefaultListableBeanFactory - Returning cached instance of singleton bean 'org.springframework.cloud.commons.httpclient.HttpClientConfiguration$OkHttpClientConfiguration'
2020-03-09 20:45:37.632 [main] DEBUG o.s.b.f.s.DefaultListableBeanFactory - Returning cached instance of singleton bean 'okHttpClientBuilder'
2020-03-09 20:45:37.632 [main] DEBUG o.s.b.f.s.DefaultListableBeanFactory - Autowiring by type from bean name 'okHttpClientFactory' via factory method to bean named 'okHttpClientBuilder'
2020-03-09 20:45:37.634 [main] DEBUG o.s.b.f.s.DefaultListableBeanFactory - Eagerly caching bean 'okHttpClientFactory' to allow for resolving potential circular references
2020-03-09 20:45:37.637 [main] DEBUG o.s.b.f.s.DefaultListableBeanFactory - Returning cached instance of singleton bean 'org.springframework.transaction.config.internalTransactionAdvisor'
2020-03-09 20:45:37.637 [main] DEBUG o.s.b.f.s.DefaultListableBeanFactory - Returning cached instance of singleton bean 'org.springframework.transaction.config.internalTransactionAdvisor'
2020-03-09 20:45:37.638 [main] DEBUG o.s.b.f.s.DefaultListableBeanFactory - Finished creating instance of bean 'okHttpClientFactory'
2020-03-09 20:45:37.638 [main] DEBUG o.s.b.f.s.DefaultListableBeanFactory - Creating shared instance of singleton bean 'org.springframework.cloud.commons.httpclient.HttpClientConfiguration$ApacheHttpClientConfiguration'
2020-03-09 20:45:37.638 [main] DEBUG o.s.b.f.s.DefaultListableBeanFactory - Creating instance of bean 'org.springframework.cloud.commons.httpclient.HttpClientConfiguration$ApacheHttpClientConfiguration'
2020-03-09 20:45:37.638 [main] DEBUG o.s.b.f.s.DefaultListableBeanFactory - Returning cached instance of singleton bean 'org.springframework.transaction.config.internalTransactionAdvisor'
2020-03-09 20:45:37.639 [main] DEBUG o.s.b.f.s.DefaultListableBeanFactory - Eagerly caching bean 'org.springframework.cloud.commons.httpclient.HttpClientConfiguration$ApacheHttpClientConfiguration' to allow for resolving potential circular references
2020-03-09 20:45:37.642 [main] DEBUG o.s.b.f.s.DefaultListableBeanFactory - Returning cached instance of singleton bean 'org.springframework.transaction.config.internalTransactionAdvisor'
2020-03-09 20:45:37.642 [main] DEBUG o.s.b.f.s.DefaultListableBeanFactory - Returning cached instance of singleton bean 'org.springframework.transaction.config.internalTransactionAdvisor'
2020-03-09 20:45:37.643 [main] DEBUG o.s.b.f.s.DefaultListableBeanFactory - Finished creating instance of bean 'org.springframework.cloud.commons.httpclient.HttpClientConfiguration$ApacheHttpClientConfiguration'
2020-03-09 20:45:37.643 [main] DEBUG o.s.b.f.s.DefaultListableBeanFactory - Creating shared instance of singleton bean 'connManFactory'
2020-03-09 20:45:37.643 [main] DEBUG o.s.b.f.s.DefaultListableBeanFactory - Creating instance of bean 'connManFactory'
2020-03-09 20:45:37.643 [main] DEBUG o.s.b.f.s.DefaultListableBeanFactory - Returning cached instance of singleton bean 'org.springframework.transaction.config.internalTransactionAdvisor'
2020-03-09 20:45:37.643 [main] DEBUG o.s.b.f.s.DefaultListableBeanFactory - Returning cached instance of singleton bean 'org.springframework.cloud.commons.httpclient.HttpClientConfiguration$ApacheHttpClientConfiguration'
2020-03-09 20:45:37.652 [main] DEBUG o.s.b.f.s.DefaultListableBeanFactory - Eagerly caching bean 'connManFactory' to allow for resolving potential circular references
2020-03-09 20:45:37.654 [main] DEBUG o.s.b.f.s.DefaultListableBeanFactory - Returning cached instance of singleton bean 'org.springframework.transaction.config.internalTransactionAdvisor'
2020-03-09 20:45:37.654 [main] DEBUG o.s.b.f.s.DefaultListableBeanFactory - Returning cached instance of singleton bean 'org.springframework.transaction.config.internalTransactionAdvisor'
2020-03-09 20:45:37.654 [main] DEBUG o.s.b.f.s.DefaultListableBeanFactory - Finished creating instance of bean 'connManFactory'
2020-03-09 20:45:37.654 [main] DEBUG o.s.b.f.s.DefaultListableBeanFactory - Creating shared instance of singleton bean 'apacheHttpClientBuilder'
2020-03-09 20:45:37.654 [main] DEBUG o.s.b.f.s.DefaultListableBeanFactory - Creating instance of bean 'apacheHttpClientBuilder'
2020-03-09 20:45:37.654 [main] DEBUG o.s.b.f.s.DefaultListableBeanFactory - Returning cached instance of singleton bean 'org.springframework.transaction.config.internalTransactionAdvisor'
2020-03-09 20:45:37.655 [main] DEBUG o.s.b.f.s.DefaultListableBeanFactory - Returning cached instance of singleton bean 'org.springframework.cloud.commons.httpclient.HttpClientConfiguration$ApacheHttpClientConfiguration'
2020-03-09 20:45:37.665 [main] DEBUG o.s.b.f.s.DefaultListableBeanFactory - Eagerly caching bean 'apacheHttpClientBuilder' to allow for resolving potential circular references
2020-03-09 20:45:37.668 [main] DEBUG o.s.b.f.s.DefaultListableBeanFactory - Returning cached instance of singleton bean 'org.springframework.transaction.config.internalTransactionAdvisor'
2020-03-09 20:45:37.668 [main] DEBUG o.s.b.f.s.DefaultListableBeanFactory - Returning cached instance of singleton bean 'org.springframework.transaction.config.internalTransactionAdvisor'
2020-03-09 20:45:37.669 [main] DEBUG o.s.b.f.s.DefaultListableBeanFactory - Finished creating instance of bean 'apacheHttpClientBuilder'
2020-03-09 20:45:37.669 [main] DEBUG o.s.b.f.s.DefaultListableBeanFactory - Creating shared instance of singleton bean 'apacheHttpClientFactory'
2020-03-09 20:45:37.669 [main] DEBUG o.s.b.f.s.DefaultListableBeanFactory - Creating instance of bean 'apacheHttpClientFactory'
2020-03-09 20:45:37.669 [main] DEBUG o.s.b.f.s.DefaultListableBeanFactory - Returning cached instance of singleton bean 'org.springframework.transaction.config.internalTransactionAdvisor'
2020-03-09 20:45:37.669 [main] DEBUG o.s.b.f.s.DefaultListableBeanFactory - Returning cached instance of singleton bean 'org.springframework.cloud.commons.httpclient.HttpClientConfiguration$ApacheHttpClientConfiguration'
2020-03-09 20:45:37.670 [main] DEBUG o.s.b.f.s.DefaultListableBeanFactory - Returning cached instance of singleton bean 'apacheHttpClientBuilder'
2020-03-09 20:45:37.670 [main] DEBUG o.s.b.f.s.DefaultListableBeanFactory - Autowiring by type from bean name 'apacheHttpClientFactory' via factory method to bean named 'apacheHttpClientBuilder'
2020-03-09 20:45:37.671 [main] DEBUG o.s.b.f.s.DefaultListableBeanFactory - Eagerly caching bean 'apacheHttpClientFactory' to allow for resolving potential circular references
2020-03-09 20:45:37.673 [main] DEBUG o.s.b.f.s.DefaultListableBeanFactory - Returning cached instance of singleton bean 'org.springframework.transaction.config.internalTransactionAdvisor'
2020-03-09 20:45:37.673 [main] DEBUG o.s.b.f.s.DefaultListableBeanFactory - Returning cached instance of singleton bean 'org.springframework.transaction.config.internalTransactionAdvisor'
2020-03-09 20:45:37.673 [main] DEBUG o.s.b.f.s.DefaultListableBeanFactory - Finished creating instance of bean 'apacheHttpClientFactory'
2020-03-09 20:45:37.673 [main] DEBUG o.s.b.f.s.DefaultListableBeanFactory - Creating shared instance of singleton bean 'org.springframework.cloud.commons.httpclient.HttpClientConfiguration'
2020-03-09 20:45:37.673 [main] DEBUG o.s.b.f.s.DefaultListableBeanFactory - Creating instance of bean 'org.springframework.cloud.commons.httpclient.HttpClientConfiguration'
2020-03-09 20:45:37.673 [main] DEBUG o.s.b.f.s.DefaultListableBeanFactory - Returning cached instance of singleton bean 'org.springframework.transaction.config.internalTransactionAdvisor'
2020-03-09 20:45:37.674 [main] DEBUG o.s.b.f.s.DefaultListableBeanFactory - Eagerly caching bean 'org.springframework.cloud.commons.httpclient.HttpClientConfiguration' to allow for resolving potential circular references
2020-03-09 20:45:37.676 [main] DEBUG o.s.b.f.s.DefaultListableBeanFactory - Returning cached instance of singleton bean 'org.springframework.transaction.config.internalTransactionAdvisor'
2020-03-09 20:45:37.676 [main] DEBUG o.s.b.f.s.DefaultListableBeanFactory - Returning cached instance of singleton bean 'org.springframework.transaction.config.internalTransactionAdvisor'
2020-03-09 20:45:37.676 [main] DEBUG o.s.b.f.s.DefaultListableBeanFactory - Finished creating instance of bean 'org.springframework.cloud.commons.httpclient.HttpClientConfiguration'
2020-03-09 20:45:37.676 [main] DEBUG o.s.b.f.s.DefaultListableBeanFactory - Returning cached instance of singleton bean 'org.springframework.cloud.commons.util.UtilAutoConfiguration'
2020-03-09 20:45:37.676 [main] DEBUG o.s.b.f.s.DefaultListableBeanFactory - Returning cached instance of singleton bean 'inetUtilsProperties'
2020-03-09 20:45:37.676 [main] DEBUG o.s.b.f.s.DefaultListableBeanFactory - Returning cached instance of singleton bean 'inetUtils'
2020-03-09 20:45:37.676 [main] DEBUG o.s.b.f.s.DefaultListableBeanFactory - Creating shared instance of singleton bean 'org.springframework.cloud.netflix.ribbon.eureka.RibbonEurekaAutoConfiguration'
2020-03-09 20:45:37.676 [main] DEBUG o.s.b.f.s.DefaultListableBeanFactory - Creating instance of bean 'org.springframework.cloud.netflix.ribbon.eureka.RibbonEurekaAutoConfiguration'
2020-03-09 20:45:37.676 [main] DEBUG o.s.b.f.s.DefaultListableBeanFactory - Returning cached instance of singleton bean 'org.springframework.transaction.config.internalTransactionAdvisor'
2020-03-09 20:45:37.676 [main] DEBUG o.s.b.f.s.DefaultListableBeanFactory - Eagerly caching bean 'org.springframework.cloud.netflix.ribbon.eureka.RibbonEurekaAutoConfiguration' to allow for resolving potential circular references
2020-03-09 20:45:37.678 [main] DEBUG o.s.b.f.s.DefaultListableBeanFactory - Returning cached instance of singleton bean 'org.springframework.transaction.config.internalTransactionAdvisor'
2020-03-09 20:45:37.678 [main] DEBUG o.s.b.f.s.DefaultListableBeanFactory - Returning cached instance of singleton bean 'org.springframework.transaction.config.internalTransactionAdvisor'
2020-03-09 20:45:37.679 [main] DEBUG o.s.b.f.s.DefaultListableBeanFactory - Finished creating instance of bean 'org.springframework.cloud.netflix.ribbon.eureka.RibbonEurekaAutoConfiguration'
2020-03-09 20:45:37.679 [main] DEBUG o.s.b.f.s.DefaultListableBeanFactory - Returning cached instance of singleton bean 'default.org.springframework.cloud.netflix.ribbon.eureka.RibbonEurekaAutoConfiguration.RibbonClientSpecification'
2020-03-09 20:45:37.679 [main] DEBUG o.s.b.f.s.DefaultListableBeanFactory - Returning cached instance of singleton bean 'org.springframework.cloud.openfeign.ribbon.DefaultFeignLoadBalancedConfiguration'
2020-03-09 20:45:37.679 [main] DEBUG o.s.b.f.s.DefaultListableBeanFactory - Returning cached instance of singleton bean 'feignClient'
2020-03-09 20:45:37.679 [main] DEBUG o.s.b.f.s.DefaultListableBeanFactory - Returning cached instance of singleton bean 'org.springframework.cloud.openfeign.ribbon.FeignRibbonClientAutoConfiguration'
2020-03-09 20:45:37.679 [main] DEBUG o.s.b.f.s.DefaultListableBeanFactory - Returning cached instance of singleton bean 'cachingLBClientFactory'
2020-03-09 20:45:37.679 [main] DEBUG o.s.b.f.s.DefaultListableBeanFactory - Returning cached instance of singleton bean 'feignRequestOptions'
2020-03-09 20:45:37.679 [main] DEBUG o.s.b.f.s.DefaultListableBeanFactory - Creating shared instance of singleton bean 'feign.httpclient-org.springframework.cloud.openfeign.support.FeignHttpClientProperties'
2020-03-09 20:45:37.679 [main] DEBUG o.s.b.f.s.DefaultListableBeanFactory - Creating instance of bean 'feign.httpclient-org.springframework.cloud.openfeign.support.FeignHttpClientProperties'
2020-03-09 20:45:37.679 [main] DEBUG o.s.b.f.s.DefaultListableBeanFactory - Returning cached instance of singleton bean 'org.springframework.transaction.config.internalTransactionAdvisor'
2020-03-09 20:45:37.679 [main] DEBUG o.s.b.f.s.DefaultListableBeanFactory - Eagerly caching bean 'feign.httpclient-org.springframework.cloud.openfeign.support.FeignHttpClientProperties' to allow for resolving potential circular references
2020-03-09 20:45:37.680 [main] DEBUG o.s.b.f.s.DefaultListableBeanFactory - Returning cached instance of singleton bean 'org.springframework.transaction.config.internalTransactionAdvisor'
2020-03-09 20:45:37.680 [main] DEBUG o.s.b.f.s.DefaultListableBeanFactory - Returning cached instance of singleton bean 'org.springframework.transaction.config.internalTransactionAdvisor'
2020-03-09 20:45:37.681 [main] DEBUG o.s.b.f.s.DefaultListableBeanFactory - Finished creating instance of bean 'feign.httpclient-org.springframework.cloud.openfeign.support.FeignHttpClientProperties'
2020-03-09 20:45:37.681 [main] DEBUG o.s.b.f.s.DefaultListableBeanFactory - Returning cached instance of singleton bean 'org.springframework.cloud.openfeign.FeignAutoConfiguration$HystrixFeignTargeterConfiguration'
2020-03-09 20:45:37.681 [main] DEBUG o.s.b.f.s.DefaultListableBeanFactory - Returning cached instance of singleton bean 'feignTargeter'
2020-03-09 20:45:37.681 [main] DEBUG o.s.b.f.s.DefaultListableBeanFactory - Returning cached instance of singleton bean 'org.springframework.cloud.openfeign.FeignAutoConfiguration'
2020-03-09 20:45:37.681 [main] DEBUG o.s.b.f.s.DefaultListableBeanFactory - Creating shared instance of singleton bean 'feignFeature'
2020-03-09 20:45:37.681 [main] DEBUG o.s.b.f.s.DefaultListableBeanFactory - Creating instance of bean 'feignFeature'
2020-03-09 20:45:37.681 [main] DEBUG o.s.b.f.s.DefaultListableBeanFactory - Returning cached instance of singleton bean 'org.springframework.transaction.config.internalTransactionAdvisor'
2020-03-09 20:45:37.681 [main] DEBUG o.s.b.f.s.DefaultListableBeanFactory - Returning cached instance of singleton bean 'org.springframework.cloud.openfeign.FeignAutoConfiguration'
2020-03-09 20:45:37.681 [main] DEBUG o.s.b.f.s.DefaultListableBeanFactory - Eagerly caching bean 'feignFeature' to allow for resolving potential circular references
2020-03-09 20:45:37.681 [main] DEBUG o.s.b.f.s.DefaultListableBeanFactory - Returning cached instance of singleton bean 'org.springframework.transaction.config.internalTransactionAdvisor'
2020-03-09 20:45:37.681 [main] DEBUG o.s.b.f.s.DefaultListableBeanFactory - Returning cached instance of singleton bean 'org.springframework.transaction.config.internalTransactionAdvisor'
2020-03-09 20:45:37.681 [main] DEBUG o.s.b.f.s.DefaultListableBeanFactory - Finished creating instance of bean 'feignFeature'
2020-03-09 20:45:37.681 [main] DEBUG o.s.b.f.s.DefaultListableBeanFactory - Returning cached instance of singleton bean 'feignContext'
2020-03-09 20:45:37.681 [main] DEBUG o.s.b.f.s.DefaultListableBeanFactory - Returning cached instance of singleton bean 'feign.client-org.springframework.cloud.openfeign.FeignClientProperties'
2020-03-09 20:45:37.681 [main] DEBUG o.s.b.f.s.DefaultListableBeanFactory - Returning cached instance of singleton bean 'org.springframework.orm.jpa.SharedEntityManagerCreator#0'
2020-03-09 20:45:37.683 [main] DEBUG o.s.b.f.s.DefaultListableBeanFactory - Returning cached instance of singleton bean 'org.springframework.context.event.internalEventListenerFactory'
2020-03-09 20:45:37.683 [main] DEBUG o.s.b.f.s.DefaultListableBeanFactory - Returning cached instance of singleton bean 'org.springframework.transaction.config.internalTransactionalEventListenerFactory'
2020-03-09 20:45:37.701 [main] DEBUG o.s.c.e.EventListenerMethodProcessor - 1 @EventListener methods processed on bean 'refreshScope': {public void org.springframework.cloud.context.scope.refresh.RefreshScope.start(org.springframework.context.event.ContextRefreshedEvent)=@org.springframework.context.event.EventListener(value=[], classes=[], condition=)}
2020-03-09 20:45:37.701 [main] DEBUG o.s.c.e.EventListenerMethodProcessor - 2 @EventListener methods processed on bean 'refreshEventListener': {public void org.springframework.cloud.endpoint.event.RefreshEventListener.handle(org.springframework.boot.context.event.ApplicationReadyEvent)=@org.springframework.context.event.EventListener(value=[], classes=[], condition=), public void org.springframework.cloud.endpoint.event.RefreshEventListener.handle(org.springframework.cloud.endpoint.event.RefreshEvent)=@org.springframework.context.event.EventListener(value=[], classes=[], condition=)}
2020-03-09 20:45:37.709 [main] DEBUG o.s.c.e.EventListenerMethodProcessor - 1 @EventListener methods processed on bean 'org.springframework.cloud.netflix.eureka.EurekaDiscoveryClientConfiguration$EurekaClientConfigurationRefresher': {public void org.springframework.cloud.netflix.eureka.EurekaDiscoveryClientConfiguration$EurekaClientConfigurationRefresher.onApplicationEvent(org.springframework.cloud.context.scope.refresh.RefreshScopeRefreshedEvent)=@org.springframework.context.event.EventListener(value=[class org.springframework.cloud.context.scope.refresh.RefreshScopeRefreshedEvent], classes=[class org.springframework.cloud.context.scope.refresh.RefreshScopeRefreshedEvent], condition=)}
2020-03-09 20:45:37.711 [main] DEBUG o.s.c.e.EventListenerMethodProcessor - 2 @EventListener methods processed on bean 'eurekaAutoServiceRegistration': {public void org.springframework.cloud.netflix.eureka.serviceregistry.EurekaAutoServiceRegistration.onApplicationEvent(org.springframework.context.event.ContextClosedEvent)=@org.springframework.context.event.EventListener(value=[class org.springframework.context.event.ContextClosedEvent], classes=[class org.springframework.context.event.ContextClosedEvent], condition=), public void org.springframework.cloud.netflix.eureka.serviceregistry.EurekaAutoServiceRegistration.onApplicationEvent(org.springframework.boot.web.context.WebServerInitializedEvent)=@org.springframework.context.event.EventListener(value=[class org.springframework.boot.web.context.WebServerInitializedEvent], classes=[class org.springframework.boot.web.context.WebServerInitializedEvent], condition=)}
2020-03-09 20:45:37.718 [main] DEBUG o.s.b.f.s.DefaultListableBeanFactory - Returning cached instance of singleton bean 'configurationPropertiesRebinder'
2020-03-09 20:45:37.718 [main] DEBUG o.s.b.f.s.DefaultListableBeanFactory - Returning cached instance of singleton bean 'spring.cloud.config-org.springframework.cloud.bootstrap.config.PropertySourceBootstrapProperties'
2020-03-09 20:45:37.719 [main] DEBUG o.s.b.f.s.DefaultListableBeanFactory - Returning cached instance of singleton bean 'org.springframework.transaction.config.internalTransactionAdvisor'
2020-03-09 20:45:37.719 [main] DEBUG o.s.b.f.s.DefaultListableBeanFactory - Returning cached instance of singleton bean 'org.springframework.transaction.config.internalTransactionAdvisor'
2020-03-09 20:45:37.719 [main] DEBUG o.s.b.f.s.DefaultListableBeanFactory - Returning cached instance of singleton bean 'encrypt-org.springframework.cloud.bootstrap.encrypt.KeyProperties'
2020-03-09 20:45:37.719 [main] DEBUG o.s.b.f.s.DefaultListableBeanFactory - Returning cached instance of singleton bean 'org.springframework.transaction.config.internalTransactionAdvisor'
2020-03-09 20:45:37.719 [main] DEBUG o.s.b.f.s.DefaultListableBeanFactory - Returning cached instance of singleton bean 'org.springframework.transaction.config.internalTransactionAdvisor'
2020-03-09 20:45:37.721 [main] DEBUG o.s.b.f.s.DefaultListableBeanFactory - Returning cached instance of singleton bean 'restTemplateCustomizer'
2020-03-09 20:45:37.722 [main] DEBUG o.s.w.c.s.GenericWebApplicationContext - Unable to locate LifecycleProcessor with name 'lifecycleProcessor': using default [org.springframework.context.support.DefaultLifecycleProcessor@69fe8c75]
2020-03-09 20:45:37.723 [main] DEBUG o.s.b.f.s.DefaultListableBeanFactory - Returning cached instance of singleton bean 'documentationPluginsBootstrapper'
2020-03-09 20:45:37.723 [main] DEBUG o.s.b.f.s.DefaultListableBeanFactory - Returning cached instance of singleton bean 'eurekaAutoServiceRegistration'
2020-03-09 20:45:37.723 [main] DEBUG o.s.b.f.s.DefaultListableBeanFactory - Returning cached instance of singleton bean 'lifecycleProcessor'
2020-03-09 20:45:37.725 [main] INFO  o.s.c.s.DefaultLifecycleProcessor - Starting beans in phase 0
2020-03-09 20:45:37.725 [main] DEBUG o.s.c.s.DefaultLifecycleProcessor - Starting bean 'eurekaAutoServiceRegistration' of type [class org.springframework.cloud.netflix.eureka.serviceregistry.EurekaAutoServiceRegistration]
2020-03-09 20:45:37.727 [main] DEBUG o.s.b.f.s.DefaultListableBeanFactory - Creating instance of bean 'scopedTarget.eurekaRegistration'
2020-03-09 20:45:37.727 [main] DEBUG o.s.b.f.s.DefaultListableBeanFactory - Returning cached instance of singleton bean 'org.springframework.transaction.config.internalTransactionAdvisor'
2020-03-09 20:45:37.727 [main] DEBUG o.s.b.f.s.DefaultListableBeanFactory - Returning cached instance of singleton bean 'org.springframework.cloud.netflix.eureka.EurekaClientAutoConfiguration$RefreshableEurekaClientConfiguration'
2020-03-09 20:45:37.728 [main] DEBUG o.s.b.f.s.DefaultListableBeanFactory - Returning cached instance of singleton bean 'eurekaClient'
2020-03-09 20:45:37.730 [main] DEBUG o.s.b.f.s.DefaultListableBeanFactory - Returning cached instance of singleton bean 'eurekaInstanceConfigBean'
2020-03-09 20:45:37.732 [main] DEBUG o.s.b.f.s.DefaultListableBeanFactory - Returning cached instance of singleton bean 'eurekaApplicationInfoManager'
2020-03-09 20:45:37.732 [main] DEBUG o.s.b.f.s.DefaultListableBeanFactory - Autowiring by type from bean name 'scopedTarget.eurekaRegistration' via factory method to bean named 'eurekaClient'
2020-03-09 20:45:37.732 [main] DEBUG o.s.b.f.s.DefaultListableBeanFactory - Autowiring by type from bean name 'scopedTarget.eurekaRegistration' via factory method to bean named 'eurekaInstanceConfigBean'
2020-03-09 20:45:37.732 [main] DEBUG o.s.b.f.s.DefaultListableBeanFactory - Autowiring by type from bean name 'scopedTarget.eurekaRegistration' via factory method to bean named 'eurekaApplicationInfoManager'
2020-03-09 20:45:37.740 [main] DEBUG o.s.b.f.s.DefaultListableBeanFactory - Returning cached instance of singleton bean 'org.springframework.transaction.config.internalTransactionAdvisor'
2020-03-09 20:45:37.740 [main] DEBUG o.s.b.f.s.DefaultListableBeanFactory - Returning cached instance of singleton bean 'org.springframework.transaction.config.internalTransactionAdvisor'
2020-03-09 20:45:37.740 [main] DEBUG o.s.b.f.s.DefaultListableBeanFactory - Finished creating instance of bean 'scopedTarget.eurekaRegistration'
2020-03-09 20:45:37.742 [main] DEBUG o.s.c.s.DefaultLifecycleProcessor - Successfully started bean 'eurekaAutoServiceRegistration'
2020-03-09 20:45:37.742 [main] INFO  o.s.c.s.DefaultLifecycleProcessor - Starting beans in phase 2147483647
2020-03-09 20:45:37.742 [main] DEBUG o.s.c.s.DefaultLifecycleProcessor - Starting bean 'documentationPluginsBootstrapper' of type [class springfox.documentation.spring.web.plugins.DocumentationPluginsBootstrapper]
2020-03-09 20:45:37.742 [main] INFO  s.d.s.w.p.DocumentationPluginsBootstrapper - Context refreshed
2020-03-09 20:45:37.745 [main] DEBUG o.s.b.f.s.DefaultListableBeanFactory - Returning cached instance of singleton bean 'createRestApi'
2020-03-09 20:45:37.771 [main] INFO  s.d.s.w.p.DocumentationPluginsBootstrapper - Found 1 custom documentation plugin(s)
2020-03-09 20:45:37.805 [main] DEBUG o.s.b.f.s.DefaultListableBeanFactory - Returning cached instance of singleton bean 'classOrApiAnnotationResourceGrouping'
2020-03-09 20:45:37.841 [main] INFO  s.d.s.w.s.ApiListingReferenceScanner - Scanning for api listing references
2020-03-09 20:45:37.865 [main] DEBUG o.s.b.f.s.DefaultListableBeanFactory - Returning cached instance of singleton bean 'operationModelsProvider'
2020-03-09 20:45:37.865 [main] DEBUG o.s.b.f.s.DefaultListableBeanFactory - Returning cached instance of singleton bean 'swaggerOperationModelsProvider'
2020-03-09 20:45:37.870 [main] DEBUG s.d.s.w.r.o.OperationModelsProvider - Adding return parameter of type Lcom/ningmeng/framework/domain/course/response/AddCourseResult;
2020-03-09 20:45:37.871 [main] DEBUG s.d.s.w.r.o.OperationModelsProvider - Reading parameters models for handlerMethod |addCourseBase|
2020-03-09 20:45:37.872 [main] DEBUG s.d.s.w.r.o.OperationModelsProvider - Adding input parameter of type Lcom/ningmeng/framework/domain/course/CourseBase;
2020-03-09 20:45:37.872 [main] DEBUG s.d.s.w.r.o.OperationModelsProvider - Finished reading parameters models for handlerMethod |addCourseBase|
2020-03-09 20:45:37.875 [main] DEBUG s.d.s.r.o.SwaggerOperationModelsProvider - Reading parameters models for handlerMethod |addCourseBase|
2020-03-09 20:45:37.915 [main] DEBUG s.d.s.p.OptimizedModelPropertiesProvider - Reading property id
2020-03-09 20:45:37.920 [main] DEBUG s.d.s.p.bean.BeanModelProperty - Evaluating unwrapped setter for member setId
2020-03-09 20:45:37.922 [main] DEBUG s.d.s.p.ObjectMapperBeanPropertyNamingStrategy - Name 'id' renamed to 'id'
2020-03-09 20:45:37.922 [main] DEBUG s.d.s.p.OptimizedModelPropertiesProvider - Adding property id to model
2020-03-09 20:45:37.923 [main] DEBUG s.d.s.p.bean.BeanModelProperty - Evaluating unwrapped setter for member setId
2020-03-09 20:45:37.923 [main] DEBUG s.d.s.p.bean.BeanModelProperty - Evaluating unwrapped setter for member setId
2020-03-09 20:45:37.923 [main] DEBUG s.d.s.p.bean.BeanModelProperty - Evaluating unwrapped setter for member setId
2020-03-09 20:45:37.930 [main] DEBUG s.d.s.p.bean.BeanModelProperty - Evaluating unwrapped setter for member setId
2020-03-09 20:45:37.933 [main] DEBUG o.s.b.f.s.DefaultListableBeanFactory - Returning cached instance of singleton bean 'apiModelPropertyPropertyBuilder'
2020-03-09 20:45:37.935 [main] DEBUG s.d.s.p.OptimizedModelPropertiesProvider - Reading property name
2020-03-09 20:45:37.936 [main] DEBUG s.d.s.p.bean.BeanModelProperty - Evaluating unwrapped setter for member setName
2020-03-09 20:45:37.936 [main] DEBUG s.d.s.p.ObjectMapperBeanPropertyNamingStrategy - Name 'name' renamed to 'name'
2020-03-09 20:45:37.936 [main] DEBUG s.d.s.p.OptimizedModelPropertiesProvider - Adding property name to model
2020-03-09 20:45:37.936 [main] DEBUG s.d.s.p.bean.BeanModelProperty - Evaluating unwrapped setter for member setName
2020-03-09 20:45:37.936 [main] DEBUG s.d.s.p.bean.BeanModelProperty - Evaluating unwrapped setter for member setName
2020-03-09 20:45:37.936 [main] DEBUG s.d.s.p.bean.BeanModelProperty - Evaluating unwrapped setter for member setName
2020-03-09 20:45:37.937 [main] DEBUG s.d.s.p.bean.BeanModelProperty - Evaluating unwrapped setter for member setName
2020-03-09 20:45:37.937 [main] DEBUG s.d.s.p.OptimizedModelPropertiesProvider - Reading property users
2020-03-09 20:45:37.937 [main] DEBUG s.d.s.p.bean.BeanModelProperty - Evaluating unwrapped setter for member setUsers
2020-03-09 20:45:37.937 [main] DEBUG s.d.s.p.ObjectMapperBeanPropertyNamingStrategy - Name 'users' renamed to 'users'
2020-03-09 20:45:37.937 [main] DEBUG s.d.s.p.OptimizedModelPropertiesProvider - Adding property users to model
2020-03-09 20:45:37.937 [main] DEBUG s.d.s.p.bean.BeanModelProperty - Evaluating unwrapped setter for member setUsers
2020-03-09 20:45:37.937 [main] DEBUG s.d.s.p.bean.BeanModelProperty - Evaluating unwrapped setter for member setUsers
2020-03-09 20:45:37.937 [main] DEBUG s.d.s.p.bean.BeanModelProperty - Evaluating unwrapped setter for member setUsers
2020-03-09 20:45:37.938 [main] DEBUG s.d.s.p.bean.BeanModelProperty - Evaluating unwrapped setter for member setUsers
2020-03-09 20:45:37.938 [main] DEBUG s.d.s.p.OptimizedModelPropertiesProvider - Reading property mt
2020-03-09 20:45:37.938 [main] DEBUG s.d.s.p.bean.BeanModelProperty - Evaluating unwrapped setter for member setMt
2020-03-09 20:45:37.938 [main] DEBUG s.d.s.p.ObjectMapperBeanPropertyNamingStrategy - Name 'mt' renamed to 'mt'
2020-03-09 20:45:37.938 [main] DEBUG s.d.s.p.OptimizedModelPropertiesProvider - Adding property mt to model
2020-03-09 20:45:37.938 [main] DEBUG s.d.s.p.bean.BeanModelProperty - Evaluating unwrapped setter for member setMt
2020-03-09 20:45:37.938 [main] DEBUG s.d.s.p.bean.BeanModelProperty - Evaluating unwrapped setter for member setMt
2020-03-09 20:45:37.938 [main] DEBUG s.d.s.p.bean.BeanModelProperty - Evaluating unwrapped setter for member setMt
2020-03-09 20:45:37.939 [main] DEBUG s.d.s.p.bean.BeanModelProperty - Evaluating unwrapped setter for member setMt
2020-03-09 20:45:37.939 [main] DEBUG s.d.s.p.OptimizedModelPropertiesProvider - Reading property st
2020-03-09 20:45:37.939 [main] DEBUG s.d.s.p.bean.BeanModelProperty - Evaluating unwrapped setter for member setSt
2020-03-09 20:45:37.939 [main] DEBUG s.d.s.p.ObjectMapperBeanPropertyNamingStrategy - Name 'st' renamed to 'st'
2020-03-09 20:45:37.939 [main] DEBUG s.d.s.p.OptimizedModelPropertiesProvider - Adding property st to model
2020-03-09 20:45:37.939 [main] DEBUG s.d.s.p.bean.BeanModelProperty - Evaluating unwrapped setter for member setSt
2020-03-09 20:45:37.939 [main] DEBUG s.d.s.p.bean.BeanModelProperty - Evaluating unwrapped setter for member setSt
2020-03-09 20:45:37.939 [main] DEBUG s.d.s.p.bean.BeanModelProperty - Evaluating unwrapped setter for member setSt
2020-03-09 20:45:37.939 [main] DEBUG s.d.s.p.bean.BeanModelProperty - Evaluating unwrapped setter for member setSt
2020-03-09 20:45:37.940 [main] DEBUG s.d.s.p.OptimizedModelPropertiesProvider - Reading property grade
2020-03-09 20:45:37.940 [main] DEBUG s.d.s.p.bean.BeanModelProperty - Evaluating unwrapped setter for member setGrade
2020-03-09 20:45:37.940 [main] DEBUG s.d.s.p.ObjectMapperBeanPropertyNamingStrategy - Name 'grade' renamed to 'grade'
2020-03-09 20:45:37.940 [main] DEBUG s.d.s.p.OptimizedModelPropertiesProvider - Adding property grade to model
2020-03-09 20:45:37.940 [main] DEBUG s.d.s.p.bean.BeanModelProperty - Evaluating unwrapped setter for member setGrade
2020-03-09 20:45:37.940 [main] DEBUG s.d.s.p.bean.BeanModelProperty - Evaluating unwrapped setter for member setGrade
2020-03-09 20:45:37.940 [main] DEBUG s.d.s.p.bean.BeanModelProperty - Evaluating unwrapped setter for member setGrade
2020-03-09 20:45:37.940 [main] DEBUG s.d.s.p.bean.BeanModelProperty - Evaluating unwrapped setter for member setGrade
2020-03-09 20:45:37.940 [main] DEBUG s.d.s.p.OptimizedModelPropertiesProvider - Reading property studymodel
2020-03-09 20:45:37.940 [main] DEBUG s.d.s.p.bean.BeanModelProperty - Evaluating unwrapped setter for member setStudymodel
2020-03-09 20:45:37.940 [main] DEBUG s.d.s.p.ObjectMapperBeanPropertyNamingStrategy - Name 'studymodel' renamed to 'studymodel'
2020-03-09 20:45:37.941 [main] DEBUG s.d.s.p.OptimizedModelPropertiesProvider - Adding property studymodel to model
2020-03-09 20:45:37.941 [main] DEBUG s.d.s.p.bean.BeanModelProperty - Evaluating unwrapped setter for member setStudymodel
2020-03-09 20:45:37.941 [main] DEBUG s.d.s.p.bean.BeanModelProperty - Evaluating unwrapped setter for member setStudymodel
2020-03-09 20:45:37.941 [main] DEBUG s.d.s.p.bean.BeanModelProperty - Evaluating unwrapped setter for member setStudymodel
2020-03-09 20:45:37.941 [main] DEBUG s.d.s.p.bean.BeanModelProperty - Evaluating unwrapped setter for member setStudymodel
2020-03-09 20:45:37.941 [main] DEBUG s.d.s.p.OptimizedModelPropertiesProvider - Reading property teachmode
2020-03-09 20:45:37.941 [main] DEBUG s.d.s.p.bean.BeanModelProperty - Evaluating unwrapped setter for member setTeachmode
2020-03-09 20:45:37.941 [main] DEBUG s.d.s.p.ObjectMapperBeanPropertyNamingStrategy - Name 'teachmode' renamed to 'teachmode'
2020-03-09 20:45:37.941 [main] DEBUG s.d.s.p.OptimizedModelPropertiesProvider - Adding property teachmode to model
2020-03-09 20:45:37.941 [main] DEBUG s.d.s.p.bean.BeanModelProperty - Evaluating unwrapped setter for member setTeachmode
2020-03-09 20:45:37.941 [main] DEBUG s.d.s.p.bean.BeanModelProperty - Evaluating unwrapped setter for member setTeachmode
2020-03-09 20:45:37.941 [main] DEBUG s.d.s.p.bean.BeanModelProperty - Evaluating unwrapped setter for member setTeachmode
2020-03-09 20:45:37.941 [main] DEBUG s.d.s.p.bean.BeanModelProperty - Evaluating unwrapped setter for member setTeachmode
2020-03-09 20:45:37.941 [main] DEBUG s.d.s.p.OptimizedModelPropertiesProvider - Reading property description
2020-03-09 20:45:37.942 [main] DEBUG s.d.s.p.bean.BeanModelProperty - Evaluating unwrapped setter for member setDescription
2020-03-09 20:45:37.942 [main] DEBUG s.d.s.p.ObjectMapperBeanPropertyNamingStrategy - Name 'description' renamed to 'description'
2020-03-09 20:45:37.942 [main] DEBUG s.d.s.p.OptimizedModelPropertiesProvider - Adding property description to model
2020-03-09 20:45:37.942 [main] DEBUG s.d.s.p.bean.BeanModelProperty - Evaluating unwrapped setter for member setDescription
2020-03-09 20:45:37.942 [main] DEBUG s.d.s.p.bean.BeanModelProperty - Evaluating unwrapped setter for member setDescription
2020-03-09 20:45:37.942 [main] DEBUG s.d.s.p.bean.BeanModelProperty - Evaluating unwrapped setter for member setDescription
2020-03-09 20:45:37.942 [main] DEBUG s.d.s.p.bean.BeanModelProperty - Evaluating unwrapped setter for member setDescription
2020-03-09 20:45:37.942 [main] DEBUG s.d.s.p.OptimizedModelPropertiesProvider - Reading property status
2020-03-09 20:45:37.942 [main] DEBUG s.d.s.p.bean.BeanModelProperty - Evaluating unwrapped setter for member setStatus
2020-03-09 20:45:37.943 [main] DEBUG s.d.s.p.ObjectMapperBeanPropertyNamingStrategy - Name 'status' renamed to 'status'
2020-03-09 20:45:37.943 [main] DEBUG s.d.s.p.OptimizedModelPropertiesProvider - Adding property status to model
2020-03-09 20:45:37.943 [main] DEBUG s.d.s.p.bean.BeanModelProperty - Evaluating unwrapped setter for member setStatus
2020-03-09 20:45:37.943 [main] DEBUG s.d.s.p.bean.BeanModelProperty - Evaluating unwrapped setter for member setStatus
2020-03-09 20:45:37.943 [main] DEBUG s.d.s.p.bean.BeanModelProperty - Evaluating unwrapped setter for member setStatus
2020-03-09 20:45:37.943 [main] DEBUG s.d.s.p.bean.BeanModelProperty - Evaluating unwrapped setter for member setStatus
2020-03-09 20:45:37.943 [main] DEBUG s.d.s.p.OptimizedModelPropertiesProvider - Reading property companyId
2020-03-09 20:45:37.943 [main] DEBUG s.d.s.p.bean.BeanModelProperty - Evaluating unwrapped setter for member setCompanyId
2020-03-09 20:45:37.944 [main] DEBUG s.d.s.p.ObjectMapperBeanPropertyNamingStrategy - Name 'companyId' renamed to 'companyId'
2020-03-09 20:45:37.944 [main] DEBUG s.d.s.p.OptimizedModelPropertiesProvider - Adding property companyId to model
2020-03-09 20:45:37.944 [main] DEBUG s.d.s.p.bean.BeanModelProperty - Evaluating unwrapped setter for member setCompanyId
2020-03-09 20:45:37.944 [main] DEBUG s.d.s.p.bean.BeanModelProperty - Evaluating unwrapped setter for member setCompanyId
2020-03-09 20:45:37.944 [main] DEBUG s.d.s.p.bean.BeanModelProperty - Evaluating unwrapped setter for member setCompanyId
2020-03-09 20:45:37.945 [main] DEBUG s.d.s.p.bean.BeanModelProperty - Evaluating unwrapped setter for member setCompanyId
2020-03-09 20:45:37.945 [main] DEBUG s.d.s.p.OptimizedModelPropertiesProvider - Reading property userId
2020-03-09 20:45:37.946 [main] DEBUG s.d.s.p.bean.BeanModelProperty - Evaluating unwrapped setter for member setUserId
2020-03-09 20:45:37.946 [main] DEBUG s.d.s.p.ObjectMapperBeanPropertyNamingStrategy - Name 'userId' renamed to 'userId'
2020-03-09 20:45:37.946 [main] DEBUG s.d.s.p.OptimizedModelPropertiesProvider - Adding property userId to model
2020-03-09 20:45:37.946 [main] DEBUG s.d.s.p.bean.BeanModelProperty - Evaluating unwrapped setter for member setUserId
2020-03-09 20:45:37.946 [main] DEBUG s.d.s.p.bean.BeanModelProperty - Evaluating unwrapped setter for member setUserId
2020-03-09 20:45:37.947 [main] DEBUG s.d.s.p.bean.BeanModelProperty - Evaluating unwrapped setter for member setUserId
2020-03-09 20:45:37.947 [main] DEBUG s.d.s.p.bean.BeanModelProperty - Evaluating unwrapped setter for member setUserId
2020-03-09 20:45:37.968 [main] DEBUG s.d.schema.DefaultModelProvider - Inferred 12 properties. Properties found companyId, description, grade, id, mt, name, st, status, studymodel, teachmode, userId, users
2020-03-09 20:45:37.969 [main] DEBUG o.s.b.f.s.DefaultListableBeanFactory - Returning cached instance of singleton bean 'apiModelTypeNameProvider'
2020-03-09 20:45:37.972 [main] DEBUG o.s.b.f.s.DefaultListableBeanFactory - Returning cached instance of singleton bean 'apiModelBuilder'
2020-03-09 20:45:37.973 [main] DEBUG s.d.s.web.scanners.ApiModelReader - Generated parameter model id: CourseBase, name: CourseBase, schema: {} models
2020-03-09 20:45:37.973 [main] DEBUG s.d.s.web.scanners.ApiModelReader - Adding a new model with key CourseBase
2020-03-09 20:45:37.979 [main] DEBUG s.d.s.p.OptimizedModelPropertiesProvider - Reading property success
2020-03-09 20:45:37.980 [main] DEBUG s.d.s.p.bean.BeanModelProperty - Evaluating unwrapped getter for member isSuccess
2020-03-09 20:45:37.980 [main] DEBUG s.d.s.p.ObjectMapperBeanPropertyNamingStrategy - Name 'success' renamed to 'success'
2020-03-09 20:45:37.980 [main] DEBUG s.d.s.p.OptimizedModelPropertiesProvider - Adding property success to model
2020-03-09 20:45:37.980 [main] DEBUG s.d.s.p.bean.BeanModelProperty - Evaluating unwrapped getter for member isSuccess
2020-03-09 20:45:37.980 [main] DEBUG s.d.s.p.bean.BeanModelProperty - Evaluating unwrapped getter for member isSuccess
2020-03-09 20:45:37.980 [main] DEBUG s.d.s.p.bean.BeanModelProperty - Evaluating unwrapped getter for member isSuccess
2020-03-09 20:45:37.980 [main] DEBUG s.d.s.p.bean.BeanModelProperty - Evaluating unwrapped getter for member isSuccess
2020-03-09 20:45:37.981 [main] DEBUG s.d.s.p.OptimizedModelPropertiesProvider - Reading property code
2020-03-09 20:45:37.981 [main] DEBUG s.d.s.p.bean.BeanModelProperty - Evaluating unwrapped getter for member getCode
2020-03-09 20:45:37.981 [main] DEBUG s.d.s.p.ObjectMapperBeanPropertyNamingStrategy - Name 'code' renamed to 'code'
2020-03-09 20:45:37.981 [main] DEBUG s.d.s.p.OptimizedModelPropertiesProvider - Adding property code to model
2020-03-09 20:45:37.981 [main] DEBUG s.d.s.p.bean.BeanModelProperty - Evaluating unwrapped getter for member getCode
2020-03-09 20:45:37.981 [main] DEBUG s.d.s.p.bean.BeanModelProperty - Evaluating unwrapped getter for member getCode
2020-03-09 20:45:37.981 [main] DEBUG s.d.s.p.bean.BeanModelProperty - Evaluating unwrapped getter for member getCode
2020-03-09 20:45:37.981 [main] DEBUG s.d.s.p.bean.BeanModelProperty - Evaluating unwrapped getter for member getCode
2020-03-09 20:45:37.981 [main] DEBUG s.d.s.p.OptimizedModelPropertiesProvider - Reading property message
2020-03-09 20:45:37.981 [main] DEBUG s.d.s.p.bean.BeanModelProperty - Evaluating unwrapped getter for member getMessage
2020-03-09 20:45:37.981 [main] DEBUG s.d.s.p.ObjectMapperBeanPropertyNamingStrategy - Name 'message' renamed to 'message'
2020-03-09 20:45:37.982 [main] DEBUG s.d.s.p.OptimizedModelPropertiesProvider - Adding property message to model
2020-03-09 20:45:37.982 [main] DEBUG s.d.s.p.bean.BeanModelProperty - Evaluating unwrapped getter for member getMessage
2020-03-09 20:45:37.982 [main] DEBUG s.d.s.p.bean.BeanModelProperty - Evaluating unwrapped getter for member getMessage
2020-03-09 20:45:37.982 [main] DEBUG s.d.s.p.bean.BeanModelProperty - Evaluating unwrapped getter for member getMessage
2020-03-09 20:45:37.982 [main] DEBUG s.d.s.p.bean.BeanModelProperty - Evaluating unwrapped getter for member getMessage
2020-03-09 20:45:37.982 [main] DEBUG s.d.s.p.OptimizedModelPropertiesProvider - Reading property courseid
2020-03-09 20:45:37.982 [main] DEBUG s.d.s.p.bean.BeanModelProperty - Evaluating unwrapped getter for member getCourseid
2020-03-09 20:45:37.982 [main] DEBUG s.d.s.p.ObjectMapperBeanPropertyNamingStrategy - Name 'courseid' renamed to 'courseid'
2020-03-09 20:45:37.982 [main] DEBUG s.d.s.p.OptimizedModelPropertiesProvider - Adding property courseid to model
2020-03-09 20:45:37.982 [main] DEBUG s.d.s.p.bean.BeanModelProperty - Evaluating unwrapped getter for member getCourseid
2020-03-09 20:45:37.982 [main] DEBUG s.d.s.p.bean.BeanModelProperty - Evaluating unwrapped getter for member getCourseid
2020-03-09 20:45:37.983 [main] DEBUG s.d.s.p.bean.BeanModelProperty - Evaluating unwrapped getter for member getCourseid
2020-03-09 20:45:37.983 [main] DEBUG s.d.s.p.bean.BeanModelProperty - Evaluating unwrapped getter for member getCourseid
2020-03-09 20:45:37.983 [main] DEBUG s.d.schema.DefaultModelProvider - Inferred 4 properties. Properties found code, courseid, message, success
2020-03-09 20:45:37.983 [main] DEBUG s.d.s.web.scanners.ApiModelReader - Generated parameter model id: AddCourseResult, name: AddCourseResult, schema: {} models
2020-03-09 20:45:37.983 [main] DEBUG s.d.s.web.scanners.ApiModelReader - Adding a new model with key AddCourseResult
2020-03-09 20:45:37.986 [main] DEBUG o.s.b.f.s.DefaultListableBeanFactory - Returning cached instance of singleton bean 'mediaTypeReader'
2020-03-09 20:45:37.986 [main] DEBUG o.s.b.f.s.DefaultListableBeanFactory - Returning cached instance of singleton bean 'defaultOperationReader'
2020-03-09 20:45:37.986 [main] DEBUG o.s.b.f.s.DefaultListableBeanFactory - Returning cached instance of singleton bean 'operationDeprecatedReader'
2020-03-09 20:45:37.986 [main] DEBUG o.s.b.f.s.DefaultListableBeanFactory - Returning cached instance of singleton bean 'operationParameterHeadersConditionReader'
2020-03-09 20:45:37.987 [main] DEBUG o.s.b.f.s.DefaultListableBeanFactory - Returning cached instance of singleton bean 'operationParameterReader'
2020-03-09 20:45:37.987 [main] DEBUG o.s.b.f.s.DefaultListableBeanFactory - Returning cached instance of singleton bean 'operationParameterRequestConditionReader'
2020-03-09 20:45:37.987 [main] DEBUG o.s.b.f.s.DefaultListableBeanFactory - Returning cached instance of singleton bean 'operationResponseClassReader'
2020-03-09 20:45:37.987 [main] DEBUG o.s.b.f.s.DefaultListableBeanFactory - Returning cached instance of singleton bean 'operationTagsReader'
2020-03-09 20:45:37.987 [main] DEBUG o.s.b.f.s.DefaultListableBeanFactory - Returning cached instance of singleton bean 'responseMessagesReader'
2020-03-09 20:45:37.987 [main] DEBUG o.s.b.f.s.DefaultListableBeanFactory - Returning cached instance of singleton bean 'operationAuthReader'
2020-03-09 20:45:37.987 [main] DEBUG o.s.b.f.s.DefaultListableBeanFactory - Returning cached instance of singleton bean 'operationHiddenReader'
2020-03-09 20:45:37.987 [main] DEBUG o.s.b.f.s.DefaultListableBeanFactory - Returning cached instance of singleton bean 'operationHttpMethodReader'
2020-03-09 20:45:37.987 [main] DEBUG o.s.b.f.s.DefaultListableBeanFactory - Returning cached instance of singleton bean 'operationImplicitParameterReader'
2020-03-09 20:45:37.987 [main] DEBUG o.s.b.f.s.DefaultListableBeanFactory - Returning cached instance of singleton bean 'operationImplicitParametersReader'
2020-03-09 20:45:37.987 [main] DEBUG o.s.b.f.s.DefaultListableBeanFactory - Returning cached instance of singleton bean 'operationNicknameIntoUniqueIdReader'
2020-03-09 20:45:37.987 [main] DEBUG o.s.b.f.s.DefaultListableBeanFactory - Returning cached instance of singleton bean 'operationNotesReader'
2020-03-09 20:45:37.987 [main] DEBUG o.s.b.f.s.DefaultListableBeanFactory - Returning cached instance of singleton bean 'operationPositionReader'
2020-03-09 20:45:37.987 [main] DEBUG o.s.b.f.s.DefaultListableBeanFactory - Returning cached instance of singleton bean 'operationSummaryReader'
2020-03-09 20:45:37.987 [main] DEBUG o.s.b.f.s.DefaultListableBeanFactory - Returning cached instance of singleton bean 'swaggerMediaTypeReader'
2020-03-09 20:45:37.987 [main] DEBUG o.s.b.f.s.DefaultListableBeanFactory - Returning cached instance of singleton bean 'swaggerOperationResponseClassReader'
2020-03-09 20:45:37.987 [main] DEBUG o.s.b.f.s.DefaultListableBeanFactory - Returning cached instance of singleton bean 'swaggerOperationTagsReader'
2020-03-09 20:45:37.987 [main] DEBUG o.s.b.f.s.DefaultListableBeanFactory - Returning cached instance of singleton bean 'swaggerResponseMessageReader'
2020-03-09 20:45:37.987 [main] DEBUG o.s.b.f.s.DefaultListableBeanFactory - Returning cached instance of singleton bean 'vendorExtensionsReader'
2020-03-09 20:45:37.999 [main] DEBUG o.s.b.f.s.DefaultListableBeanFactory - Returning cached instance of singleton bean 'parameterDataTypeReader'
2020-03-09 20:45:37.999 [main] DEBUG o.s.b.f.s.DefaultListableBeanFactory - Returning cached instance of singleton bean 'parameterDefaultReader'
2020-03-09 20:45:37.999 [main] DEBUG o.s.b.f.s.DefaultListableBeanFactory - Returning cached instance of singleton bean 'parameterMultiplesReader'
2020-03-09 20:45:37.999 [main] DEBUG o.s.b.f.s.DefaultListableBeanFactory - Returning cached instance of singleton bean 'parameterNameReader'
2020-03-09 20:45:37.999 [main] DEBUG o.s.b.f.s.DefaultListableBeanFactory - Returning cached instance of singleton bean 'parameterRequiredReader'
2020-03-09 20:45:37.999 [main] DEBUG o.s.b.f.s.DefaultListableBeanFactory - Returning cached instance of singleton bean 'parameterTypeReader'
2020-03-09 20:45:37.999 [main] DEBUG o.s.b.f.s.DefaultListableBeanFactory - Returning cached instance of singleton bean 'swaggerParameterDescriptionReader'
2020-03-09 20:45:38.006 [main] DEBUG s.d.s.w.r.o.OperationResponseClassReader - Setting spring response class to: AddCourseResult
2020-03-09 20:45:38.010 [main] DEBUG s.d.s.r.o.OperationAuthReader - Authorization count 0 for method addCourseBase
2020-03-09 20:45:38.035 [main] DEBUG s.d.s.r.o.SwaggerOperationResponseClassReader - Setting response class to:AddCourseResult
2020-03-09 20:45:38.043 [main] DEBUG s.d.s.r.o.VendorExtensionsReader - Extension count 1 for method addCourseBase
2020-03-09 20:45:38.048 [main] DEBUG o.s.b.f.s.DefaultListableBeanFactory - Returning cached instance of singleton bean 'operationPathDecorator'
2020-03-09 20:45:38.048 [main] DEBUG o.s.b.f.s.DefaultListableBeanFactory - Returning cached instance of singleton bean 'pathMappingDecorator'
2020-03-09 20:45:38.048 [main] DEBUG o.s.b.f.s.DefaultListableBeanFactory - Returning cached instance of singleton bean 'pathSanitizer'
2020-03-09 20:45:38.048 [main] DEBUG o.s.b.f.s.DefaultListableBeanFactory - Returning cached instance of singleton bean 'queryStringUriTemplateDecorator'
2020-03-09 20:45:38.057 [main] DEBUG s.d.s.w.r.o.OperationModelsProvider - Adding return parameter of type Lcom/ningmeng/framework/model/response/ResponseResult;
2020-03-09 20:45:38.057 [main] DEBUG s.d.s.w.r.o.OperationModelsProvider - Reading parameters models for handlerMethod |addCoursePic|
2020-03-09 20:45:38.058 [main] DEBUG s.d.s.w.r.o.OperationModelsProvider - Finished reading parameters models for handlerMethod |addCoursePic|
2020-03-09 20:45:38.059 [main] DEBUG s.d.s.r.o.SwaggerOperationModelsProvider - Reading parameters models for handlerMethod |addCoursePic|
2020-03-09 20:45:38.061 [main] DEBUG s.d.s.p.OptimizedModelPropertiesProvider - Reading property success
2020-03-09 20:45:38.061 [main] DEBUG s.d.s.p.bean.BeanModelProperty - Evaluating unwrapped getter for member isSuccess
2020-03-09 20:45:38.061 [main] DEBUG s.d.s.p.ObjectMapperBeanPropertyNamingStrategy - Name 'success' renamed to 'success'
2020-03-09 20:45:38.062 [main] DEBUG s.d.s.p.OptimizedModelPropertiesProvider - Adding property success to model
2020-03-09 20:45:38.062 [main] DEBUG s.d.s.p.bean.BeanModelProperty - Evaluating unwrapped getter for member isSuccess
2020-03-09 20:45:38.062 [main] DEBUG s.d.s.p.bean.BeanModelProperty - Evaluating unwrapped getter for member isSuccess
2020-03-09 20:45:38.062 [main] DEBUG s.d.s.p.bean.BeanModelProperty - Evaluating unwrapped getter for member isSuccess
2020-03-09 20:45:38.062 [main] DEBUG s.d.s.p.bean.BeanModelProperty - Evaluating unwrapped getter for member isSuccess
2020-03-09 20:45:38.062 [main] DEBUG s.d.s.p.OptimizedModelPropertiesProvider - Reading property code
2020-03-09 20:45:38.062 [main] DEBUG s.d.s.p.bean.BeanModelProperty - Evaluating unwrapped getter for member getCode
2020-03-09 20:45:38.063 [main] DEBUG s.d.s.p.ObjectMapperBeanPropertyNamingStrategy - Name 'code' renamed to 'code'
2020-03-09 20:45:38.063 [main] DEBUG s.d.s.p.OptimizedModelPropertiesProvider - Adding property code to model
2020-03-09 20:45:38.063 [main] DEBUG s.d.s.p.bean.BeanModelProperty - Evaluating unwrapped getter for member getCode
2020-03-09 20:45:38.063 [main] DEBUG s.d.s.p.bean.BeanModelProperty - Evaluating unwrapped getter for member getCode
2020-03-09 20:45:38.063 [main] DEBUG s.d.s.p.bean.BeanModelProperty - Evaluating unwrapped getter for member getCode
2020-03-09 20:45:38.063 [main] DEBUG s.d.s.p.bean.BeanModelProperty - Evaluating unwrapped getter for member getCode
2020-03-09 20:45:38.063 [main] DEBUG s.d.s.p.OptimizedModelPropertiesProvider - Reading property message
2020-03-09 20:45:38.063 [main] DEBUG s.d.s.p.bean.BeanModelProperty - Evaluating unwrapped getter for member getMessage
2020-03-09 20:45:38.063 [main] DEBUG s.d.s.p.ObjectMapperBeanPropertyNamingStrategy - Name 'message' renamed to 'message'
2020-03-09 20:45:38.063 [main] DEBUG s.d.s.p.OptimizedModelPropertiesProvider - Adding property message to model
2020-03-09 20:45:38.063 [main] DEBUG s.d.s.p.bean.BeanModelProperty - Evaluating unwrapped getter for member getMessage
2020-03-09 20:45:38.063 [main] DEBUG s.d.s.p.bean.BeanModelProperty - Evaluating unwrapped getter for member getMessage
2020-03-09 20:45:38.063 [main] DEBUG s.d.s.p.bean.BeanModelProperty - Evaluating unwrapped getter for member getMessage
2020-03-09 20:45:38.063 [main] DEBUG s.d.s.p.bean.BeanModelProperty - Evaluating unwrapped getter for member getMessage
2020-03-09 20:45:38.063 [main] DEBUG s.d.schema.DefaultModelProvider - Inferred 3 properties. Properties found code, message, success
2020-03-09 20:45:38.064 [main] DEBUG s.d.s.web.scanners.ApiModelReader - Generated parameter model id: ResponseResult, name: ResponseResult, schema: {} models
2020-03-09 20:45:38.064 [main] DEBUG s.d.s.web.scanners.ApiModelReader - Adding a new model with key ResponseResult
2020-03-09 20:45:38.066 [main] DEBUG s.d.s.w.r.o.OperationResponseClassReader - Setting spring response class to: ResponseResult
2020-03-09 20:45:38.067 [main] DEBUG s.d.s.r.o.OperationAuthReader - Authorization count 0 for method addCoursePic
2020-03-09 20:45:38.068 [main] DEBUG s.d.s.r.o.SwaggerOperationResponseClassReader - Setting response class to:ResponseResult
2020-03-09 20:45:38.069 [main] DEBUG s.d.s.r.o.VendorExtensionsReader - Extension count 1 for method addCoursePic
2020-03-09 20:45:38.070 [main] DEBUG s.d.s.w.r.o.OperationModelsProvider - Adding return parameter of type Lcom/ningmeng/framework/model/response/ResponseResult;
2020-03-09 20:45:38.070 [main] DEBUG s.d.s.w.r.o.OperationModelsProvider - Reading parameters models for handlerMethod |addTeachplan|
2020-03-09 20:45:38.071 [main] DEBUG s.d.s.w.r.o.OperationModelsProvider - Adding input parameter of type Lcom/ningmeng/framework/domain/course/Teachplan;
2020-03-09 20:45:38.071 [main] DEBUG s.d.s.w.r.o.OperationModelsProvider - Finished reading parameters models for handlerMethod |addTeachplan|
2020-03-09 20:45:38.072 [main] DEBUG s.d.s.r.o.SwaggerOperationModelsProvider - Reading parameters models for handlerMethod |addTeachplan|
2020-03-09 20:45:38.072 [main] DEBUG s.d.s.web.scanners.ApiModelReader - Generated parameter model id: ResponseResult, name: ResponseResult, schema: {} models
2020-03-09 20:45:38.073 [main] DEBUG s.d.s.p.OptimizedModelPropertiesProvider - Reading property id
2020-03-09 20:45:38.074 [main] DEBUG s.d.s.p.bean.BeanModelProperty - Evaluating unwrapped setter for member setId
2020-03-09 20:45:38.074 [main] DEBUG s.d.s.p.ObjectMapperBeanPropertyNamingStrategy - Name 'id' renamed to 'id'
2020-03-09 20:45:38.074 [main] DEBUG s.d.s.p.OptimizedModelPropertiesProvider - Adding property id to model
2020-03-09 20:45:38.074 [main] DEBUG s.d.s.p.bean.BeanModelProperty - Evaluating unwrapped setter for member setId
2020-03-09 20:45:38.074 [main] DEBUG s.d.s.p.bean.BeanModelProperty - Evaluating unwrapped setter for member setId
2020-03-09 20:45:38.074 [main] DEBUG s.d.s.p.bean.BeanModelProperty - Evaluating unwrapped setter for member setId
2020-03-09 20:45:38.074 [main] DEBUG s.d.s.p.bean.BeanModelProperty - Evaluating unwrapped setter for member setId
2020-03-09 20:45:38.074 [main] DEBUG s.d.s.p.OptimizedModelPropertiesProvider - Reading property pname
2020-03-09 20:45:38.074 [main] DEBUG s.d.s.p.bean.BeanModelProperty - Evaluating unwrapped setter for member setPname
2020-03-09 20:45:38.074 [main] DEBUG s.d.s.p.ObjectMapperBeanPropertyNamingStrategy - Name 'pname' renamed to 'pname'
2020-03-09 20:45:38.074 [main] DEBUG s.d.s.p.OptimizedModelPropertiesProvider - Adding property pname to model
2020-03-09 20:45:38.075 [main] DEBUG s.d.s.p.bean.BeanModelProperty - Evaluating unwrapped setter for member setPname
2020-03-09 20:45:38.075 [main] DEBUG s.d.s.p.bean.BeanModelProperty - Evaluating unwrapped setter for member setPname
2020-03-09 20:45:38.075 [main] DEBUG s.d.s.p.bean.BeanModelProperty - Evaluating unwrapped setter for member setPname
2020-03-09 20:45:38.075 [main] DEBUG s.d.s.p.bean.BeanModelProperty - Evaluating unwrapped setter for member setPname
2020-03-09 20:45:38.075 [main] DEBUG s.d.s.p.OptimizedModelPropertiesProvider - Reading property parentid
2020-03-09 20:45:38.075 [main] DEBUG s.d.s.p.bean.BeanModelProperty - Evaluating unwrapped setter for member setParentid
2020-03-09 20:45:38.075 [main] DEBUG s.d.s.p.ObjectMapperBeanPropertyNamingStrategy - Name 'parentid' renamed to 'parentid'
2020-03-09 20:45:38.075 [main] DEBUG s.d.s.p.OptimizedModelPropertiesProvider - Adding property parentid to model
2020-03-09 20:45:38.075 [main] DEBUG s.d.s.p.bean.BeanModelProperty - Evaluating unwrapped setter for member setParentid
2020-03-09 20:45:38.075 [main] DEBUG s.d.s.p.bean.BeanModelProperty - Evaluating unwrapped setter for member setParentid
2020-03-09 20:45:38.075 [main] DEBUG s.d.s.p.bean.BeanModelProperty - Evaluating unwrapped setter for member setParentid
2020-03-09 20:45:38.075 [main] DEBUG s.d.s.p.bean.BeanModelProperty - Evaluating unwrapped setter for member setParentid
2020-03-09 20:45:38.075 [main] DEBUG s.d.s.p.OptimizedModelPropertiesProvider - Reading property grade
2020-03-09 20:45:38.076 [main] DEBUG s.d.s.p.bean.BeanModelProperty - Evaluating unwrapped setter for member setGrade
2020-03-09 20:45:38.076 [main] DEBUG s.d.s.p.ObjectMapperBeanPropertyNamingStrategy - Name 'grade' renamed to 'grade'
2020-03-09 20:45:38.076 [main] DEBUG s.d.s.p.OptimizedModelPropertiesProvider - Adding property grade to model
2020-03-09 20:45:38.076 [main] DEBUG s.d.s.p.bean.BeanModelProperty - Evaluating unwrapped setter for member setGrade
2020-03-09 20:45:38.076 [main] DEBUG s.d.s.p.bean.BeanModelProperty - Evaluating unwrapped setter for member setGrade
2020-03-09 20:45:38.076 [main] DEBUG s.d.s.p.bean.BeanModelProperty - Evaluating unwrapped setter for member setGrade
2020-03-09 20:45:38.076 [main] DEBUG s.d.s.p.bean.BeanModelProperty - Evaluating unwrapped setter for member setGrade
2020-03-09 20:45:38.076 [main] DEBUG s.d.s.p.OptimizedModelPropertiesProvider - Reading property ptype
2020-03-09 20:45:38.076 [main] DEBUG s.d.s.p.bean.BeanModelProperty - Evaluating unwrapped setter for member setPtype
2020-03-09 20:45:38.076 [main] DEBUG s.d.s.p.ObjectMapperBeanPropertyNamingStrategy - Name 'ptype' renamed to 'ptype'
2020-03-09 20:45:38.076 [main] DEBUG s.d.s.p.OptimizedModelPropertiesProvider - Adding property ptype to model
2020-03-09 20:45:38.076 [main] DEBUG s.d.s.p.bean.BeanModelProperty - Evaluating unwrapped setter for member setPtype
2020-03-09 20:45:38.076 [main] DEBUG s.d.s.p.bean.BeanModelProperty - Evaluating unwrapped setter for member setPtype
2020-03-09 20:45:38.076 [main] DEBUG s.d.s.p.bean.BeanModelProperty - Evaluating unwrapped setter for member setPtype
2020-03-09 20:45:38.077 [main] DEBUG s.d.s.p.bean.BeanModelProperty - Evaluating unwrapped setter for member setPtype
2020-03-09 20:45:38.077 [main] DEBUG s.d.s.p.OptimizedModelPropertiesProvider - Reading property description
2020-03-09 20:45:38.077 [main] DEBUG s.d.s.p.bean.BeanModelProperty - Evaluating unwrapped setter for member setDescription
2020-03-09 20:45:38.077 [main] DEBUG s.d.s.p.ObjectMapperBeanPropertyNamingStrategy - Name 'description' renamed to 'description'
2020-03-09 20:45:38.077 [main] DEBUG s.d.s.p.OptimizedModelPropertiesProvider - Adding property description to model
2020-03-09 20:45:38.077 [main] DEBUG s.d.s.p.bean.BeanModelProperty - Evaluating unwrapped setter for member setDescription
2020-03-09 20:45:38.077 [main] DEBUG s.d.s.p.bean.BeanModelProperty - Evaluating unwrapped setter for member setDescription
2020-03-09 20:45:38.077 [main] DEBUG s.d.s.p.bean.BeanModelProperty - Evaluating unwrapped setter for member setDescription
2020-03-09 20:45:38.077 [main] DEBUG s.d.s.p.bean.BeanModelProperty - Evaluating unwrapped setter for member setDescription
2020-03-09 20:45:38.077 [main] DEBUG s.d.s.p.OptimizedModelPropertiesProvider - Reading property courseid
2020-03-09 20:45:38.078 [main] DEBUG s.d.s.p.bean.BeanModelProperty - Evaluating unwrapped setter for member setCourseid
2020-03-09 20:45:38.078 [main] DEBUG s.d.s.p.ObjectMapperBeanPropertyNamingStrategy - Name 'courseid' renamed to 'courseid'
2020-03-09 20:45:38.078 [main] DEBUG s.d.s.p.OptimizedModelPropertiesProvider - Adding property courseid to model
2020-03-09 20:45:38.078 [main] DEBUG s.d.s.p.bean.BeanModelProperty - Evaluating unwrapped setter for member setCourseid
2020-03-09 20:45:38.078 [main] DEBUG s.d.s.p.bean.BeanModelProperty - Evaluating unwrapped setter for member setCourseid
2020-03-09 20:45:38.078 [main] DEBUG s.d.s.p.bean.BeanModelProperty - Evaluating unwrapped setter for member setCourseid
2020-03-09 20:45:38.078 [main] DEBUG s.d.s.p.bean.BeanModelProperty - Evaluating unwrapped setter for member setCourseid
2020-03-09 20:45:38.078 [main] DEBUG s.d.s.p.OptimizedModelPropertiesProvider - Reading property status
2020-03-09 20:45:38.078 [main] DEBUG s.d.s.p.bean.BeanModelProperty - Evaluating unwrapped setter for member setStatus
2020-03-09 20:45:38.078 [main] DEBUG s.d.s.p.ObjectMapperBeanPropertyNamingStrategy - Name 'status' renamed to 'status'
2020-03-09 20:45:38.078 [main] DEBUG s.d.s.p.OptimizedModelPropertiesProvider - Adding property status to model
2020-03-09 20:45:38.078 [main] DEBUG s.d.s.p.bean.BeanModelProperty - Evaluating unwrapped setter for member setStatus
2020-03-09 20:45:38.078 [main] DEBUG s.d.s.p.bean.BeanModelProperty - Evaluating unwrapped setter for member setStatus
2020-03-09 20:45:38.078 [main] DEBUG s.d.s.p.bean.BeanModelProperty - Evaluating unwrapped setter for member setStatus
2020-03-09 20:45:38.078 [main] DEBUG s.d.s.p.bean.BeanModelProperty - Evaluating unwrapped setter for member setStatus
2020-03-09 20:45:38.078 [main] DEBUG s.d.s.p.OptimizedModelPropertiesProvider - Reading property orderby
2020-03-09 20:45:38.078 [main] DEBUG s.d.s.p.bean.BeanModelProperty - Evaluating unwrapped setter for member setOrderby
2020-03-09 20:45:38.078 [main] DEBUG s.d.s.p.ObjectMapperBeanPropertyNamingStrategy - Name 'orderby' renamed to 'orderby'
2020-03-09 20:45:38.079 [main] DEBUG s.d.s.p.OptimizedModelPropertiesProvider - Adding property orderby to model
2020-03-09 20:45:38.079 [main] DEBUG s.d.s.p.bean.BeanModelProperty - Evaluating unwrapped setter for member setOrderby
2020-03-09 20:45:38.079 [main] DEBUG s.d.s.p.bean.BeanModelProperty - Evaluating unwrapped setter for member setOrderby
2020-03-09 20:45:38.079 [main] DEBUG s.d.s.p.bean.BeanModelProperty - Evaluating unwrapped setter for member setOrderby
2020-03-09 20:45:38.079 [main] DEBUG s.d.s.p.bean.BeanModelProperty - Evaluating unwrapped setter for member setOrderby
2020-03-09 20:45:38.079 [main] DEBUG s.d.s.p.OptimizedModelPropertiesProvider - Reading property timelength
2020-03-09 20:45:38.079 [main] DEBUG s.d.s.p.bean.BeanModelProperty - Evaluating unwrapped setter for member setTimelength
2020-03-09 20:45:38.079 [main] DEBUG s.d.s.p.ObjectMapperBeanPropertyNamingStrategy - Name 'timelength' renamed to 'timelength'
2020-03-09 20:45:38.079 [main] DEBUG s.d.s.p.OptimizedModelPropertiesProvider - Adding property timelength to model
2020-03-09 20:45:38.079 [main] DEBUG s.d.s.p.bean.BeanModelProperty - Evaluating unwrapped setter for member setTimelength
2020-03-09 20:45:38.079 [main] DEBUG s.d.s.p.bean.BeanModelProperty - Evaluating unwrapped setter for member setTimelength
2020-03-09 20:45:38.079 [main] DEBUG s.d.s.p.bean.BeanModelProperty - Evaluating unwrapped setter for member setTimelength
2020-03-09 20:45:38.079 [main] DEBUG s.d.s.p.bean.BeanModelProperty - Evaluating unwrapped setter for member setTimelength
2020-03-09 20:45:38.079 [main] DEBUG s.d.s.p.OptimizedModelPropertiesProvider - Reading property trylearn
2020-03-09 20:45:38.079 [main] DEBUG s.d.s.p.bean.BeanModelProperty - Evaluating unwrapped setter for member setTrylearn
2020-03-09 20:45:38.079 [main] DEBUG s.d.s.p.ObjectMapperBeanPropertyNamingStrategy - Name 'trylearn' renamed to 'trylearn'
2020-03-09 20:45:38.080 [main] DEBUG s.d.s.p.OptimizedModelPropertiesProvider - Adding property trylearn to model
2020-03-09 20:45:38.080 [main] DEBUG s.d.s.p.bean.BeanModelProperty - Evaluating unwrapped setter for member setTrylearn
2020-03-09 20:45:38.080 [main] DEBUG s.d.s.p.bean.BeanModelProperty - Evaluating unwrapped setter for member setTrylearn
2020-03-09 20:45:38.080 [main] DEBUG s.d.s.p.bean.BeanModelProperty - Evaluating unwrapped setter for member setTrylearn
2020-03-09 20:45:38.080 [main] DEBUG s.d.s.p.bean.BeanModelProperty - Evaluating unwrapped setter for member setTrylearn
2020-03-09 20:45:38.080 [main] DEBUG s.d.schema.DefaultModelProvider - Inferred 11 properties. Properties found courseid, description, grade, id, orderby, parentid, pname, ptype, status, timelength, trylearn
2020-03-09 20:45:38.080 [main] DEBUG s.d.s.web.scanners.ApiModelReader - Generated parameter model id: Teachplan, name: Teachplan, schema: {} models
2020-03-09 20:45:38.080 [main] DEBUG s.d.s.web.scanners.ApiModelReader - Adding a new model with key Teachplan
2020-03-09 20:45:38.082 [main] DEBUG s.d.s.w.r.o.OperationResponseClassReader - Setting spring response class to: ResponseResult
2020-03-09 20:45:38.083 [main] DEBUG s.d.s.r.o.OperationAuthReader - Authorization count 0 for method addTeachplan
2020-03-09 20:45:38.084 [main] DEBUG s.d.s.r.o.SwaggerOperationResponseClassReader - Setting response class to:ResponseResult
2020-03-09 20:45:38.085 [main] DEBUG s.d.s.r.o.VendorExtensionsReader - Extension count 1 for method addTeachplan
2020-03-09 20:45:38.086 [main] DEBUG s.d.s.w.r.o.OperationModelsProvider - Adding return parameter of type Lcom/ningmeng/framework/domain/course/response/CourseView;
2020-03-09 20:45:38.086 [main] DEBUG s.d.s.w.r.o.OperationModelsProvider - Reading parameters models for handlerMethod |courseview|
2020-03-09 20:45:38.087 [main] DEBUG s.d.s.w.r.o.OperationModelsProvider - Finished reading parameters models for handlerMethod |courseview|
2020-03-09 20:45:38.087 [main] DEBUG s.d.s.r.o.SwaggerOperationModelsProvider - Reading parameters models for handlerMethod |courseview|
2020-03-09 20:45:38.088 [main] DEBUG s.d.s.p.OptimizedModelPropertiesProvider - Reading property courseBase
2020-03-09 20:45:38.088 [main] DEBUG s.d.s.p.bean.BeanModelProperty - Evaluating unwrapped getter for member getCourseBase
2020-03-09 20:45:38.088 [main] DEBUG s.d.s.p.ObjectMapperBeanPropertyNamingStrategy - Name 'courseBase' renamed to 'courseBase'
2020-03-09 20:45:38.088 [main] DEBUG s.d.s.p.OptimizedModelPropertiesProvider - Adding property courseBase to model
2020-03-09 20:45:38.088 [main] DEBUG s.d.s.p.bean.BeanModelProperty - Evaluating unwrapped getter for member getCourseBase
2020-03-09 20:45:38.088 [main] DEBUG s.d.s.p.bean.BeanModelProperty - Evaluating unwrapped getter for member getCourseBase
2020-03-09 20:45:38.088 [main] DEBUG s.d.s.p.bean.BeanModelProperty - Evaluating unwrapped getter for member getCourseBase
2020-03-09 20:45:38.088 [main] DEBUG s.d.s.p.bean.BeanModelProperty - Evaluating unwrapped getter for member getCourseBase
2020-03-09 20:45:38.088 [main] DEBUG s.d.s.p.OptimizedModelPropertiesProvider - Reading property courseMarket
2020-03-09 20:45:38.089 [main] DEBUG s.d.s.p.bean.BeanModelProperty - Evaluating unwrapped getter for member getCourseMarket
2020-03-09 20:45:38.089 [main] DEBUG s.d.s.p.ObjectMapperBeanPropertyNamingStrategy - Name 'courseMarket' renamed to 'courseMarket'
2020-03-09 20:45:38.089 [main] DEBUG s.d.s.p.OptimizedModelPropertiesProvider - Adding property courseMarket to model
2020-03-09 20:45:38.089 [main] DEBUG s.d.s.p.bean.BeanModelProperty - Evaluating unwrapped getter for member getCourseMarket
2020-03-09 20:45:38.089 [main] DEBUG s.d.s.p.bean.BeanModelProperty - Evaluating unwrapped getter for member getCourseMarket
2020-03-09 20:45:38.089 [main] DEBUG s.d.s.p.bean.BeanModelProperty - Evaluating unwrapped getter for member getCourseMarket
2020-03-09 20:45:38.089 [main] DEBUG s.d.s.p.bean.BeanModelProperty - Evaluating unwrapped getter for member getCourseMarket
2020-03-09 20:45:38.089 [main] DEBUG s.d.s.p.OptimizedModelPropertiesProvider - Reading property coursePic
2020-03-09 20:45:38.089 [main] DEBUG s.d.s.p.bean.BeanModelProperty - Evaluating unwrapped getter for member getCoursePic
2020-03-09 20:45:38.089 [main] DEBUG s.d.s.p.ObjectMapperBeanPropertyNamingStrategy - Name 'coursePic' renamed to 'coursePic'
2020-03-09 20:45:38.089 [main] DEBUG s.d.s.p.OptimizedModelPropertiesProvider - Adding property coursePic to model
2020-03-09 20:45:38.089 [main] DEBUG s.d.s.p.bean.BeanModelProperty - Evaluating unwrapped getter for member getCoursePic
2020-03-09 20:45:38.089 [main] DEBUG s.d.s.p.bean.BeanModelProperty - Evaluating unwrapped getter for member getCoursePic
2020-03-09 20:45:38.089 [main] DEBUG s.d.s.p.bean.BeanModelProperty - Evaluating unwrapped getter for member getCoursePic
2020-03-09 20:45:38.089 [main] DEBUG s.d.s.p.bean.BeanModelProperty - Evaluating unwrapped getter for member getCoursePic
2020-03-09 20:45:38.090 [main] DEBUG s.d.s.p.OptimizedModelPropertiesProvider - Reading property teachplanNode
2020-03-09 20:45:38.090 [main] DEBUG s.d.s.p.bean.BeanModelProperty - Evaluating unwrapped getter for member getTeachplanNode
2020-03-09 20:45:38.090 [main] DEBUG s.d.s.p.ObjectMapperBeanPropertyNamingStrategy - Name 'teachplanNode' renamed to 'teachplanNode'
2020-03-09 20:45:38.090 [main] DEBUG s.d.s.p.OptimizedModelPropertiesProvider - Adding property teachplanNode to model
2020-03-09 20:45:38.090 [main] DEBUG s.d.s.p.bean.BeanModelProperty - Evaluating unwrapped getter for member getTeachplanNode
2020-03-09 20:45:38.090 [main] DEBUG s.d.s.p.bean.BeanModelProperty - Evaluating unwrapped getter for member getTeachplanNode
2020-03-09 20:45:38.090 [main] DEBUG s.d.s.p.bean.BeanModelProperty - Evaluating unwrapped getter for member getTeachplanNode
2020-03-09 20:45:38.090 [main] DEBUG s.d.s.p.bean.BeanModelProperty - Evaluating unwrapped getter for member getTeachplanNode
2020-03-09 20:45:38.090 [main] DEBUG s.d.schema.DefaultModelProvider - Inferred 4 properties. Properties found courseBase, courseMarket, coursePic, teachplanNode
2020-03-09 20:45:38.090 [main] DEBUG s.d.s.web.scanners.ApiModelReader - Generated parameter model id: CourseView, name: CourseView, schema: {} models
2020-03-09 20:45:38.090 [main] DEBUG s.d.s.web.scanners.ApiModelReader - Adding a new model with key CourseView
2020-03-09 20:45:38.091 [main] DEBUG s.d.s.DefaultModelDependencyProvider - Adding type Lcom/ningmeng/framework/domain/course/CourseBase; for parameter courseBase
2020-03-09 20:45:38.091 [main] DEBUG s.d.s.DefaultModelDependencyProvider - Recursively resolving dependencies for type Lcom/ningmeng/framework/domain/course/CourseBase;
2020-03-09 20:45:38.091 [main] DEBUG s.d.s.p.OptimizedModelPropertiesProvider - Reading property id
2020-03-09 20:45:38.092 [main] DEBUG s.d.s.p.bean.BeanModelProperty - Evaluating unwrapped getter for member getId
2020-03-09 20:45:38.092 [main] DEBUG s.d.s.p.ObjectMapperBeanPropertyNamingStrategy - Name 'id' renamed to 'id'
2020-03-09 20:45:38.092 [main] DEBUG s.d.s.p.OptimizedModelPropertiesProvider - Adding property id to model
2020-03-09 20:45:38.092 [main] DEBUG s.d.s.p.bean.BeanModelProperty - Evaluating unwrapped getter for member getId
2020-03-09 20:45:38.092 [main] DEBUG s.d.s.p.bean.BeanModelProperty - Evaluating unwrapped getter for member getId
2020-03-09 20:45:38.092 [main] DEBUG s.d.s.p.bean.BeanModelProperty - Evaluating unwrapped getter for member getId
2020-03-09 20:45:38.092 [main] DEBUG s.d.s.p.bean.BeanModelProperty - Evaluating unwrapped getter for member getId
2020-03-09 20:45:38.092 [main] DEBUG s.d.s.p.OptimizedModelPropertiesProvider - Reading property name
2020-03-09 20:45:38.092 [main] DEBUG s.d.s.p.bean.BeanModelProperty - Evaluating unwrapped getter for member getName
2020-03-09 20:45:38.092 [main] DEBUG s.d.s.p.ObjectMapperBeanPropertyNamingStrategy - Name 'name' renamed to 'name'
2020-03-09 20:45:38.092 [main] DEBUG s.d.s.p.OptimizedModelPropertiesProvider - Adding property name to model
2020-03-09 20:45:38.092 [main] DEBUG s.d.s.p.bean.BeanModelProperty - Evaluating unwrapped getter for member getName
2020-03-09 20:45:38.092 [main] DEBUG s.d.s.p.bean.BeanModelProperty - Evaluating unwrapped getter for member getName
2020-03-09 20:45:38.092 [main] DEBUG s.d.s.p.bean.BeanModelProperty - Evaluating unwrapped getter for member getName
2020-03-09 20:45:38.092 [main] DEBUG s.d.s.p.bean.BeanModelProperty - Evaluating unwrapped getter for member getName
2020-03-09 20:45:38.092 [main] DEBUG s.d.s.p.OptimizedModelPropertiesProvider - Reading property users
2020-03-09 20:45:38.092 [main] DEBUG s.d.s.p.bean.BeanModelProperty - Evaluating unwrapped getter for member getUsers
2020-03-09 20:45:38.093 [main] DEBUG s.d.s.p.ObjectMapperBeanPropertyNamingStrategy - Name 'users' renamed to 'users'
2020-03-09 20:45:38.093 [main] DEBUG s.d.s.p.OptimizedModelPropertiesProvider - Adding property users to model
2020-03-09 20:45:38.093 [main] DEBUG s.d.s.p.bean.BeanModelProperty - Evaluating unwrapped getter for member getUsers
2020-03-09 20:45:38.093 [main] DEBUG s.d.s.p.bean.BeanModelProperty - Evaluating unwrapped getter for member getUsers
2020-03-09 20:45:38.093 [main] DEBUG s.d.s.p.bean.BeanModelProperty - Evaluating unwrapped getter for member getUsers
2020-03-09 20:45:38.093 [main] DEBUG s.d.s.p.bean.BeanModelProperty - Evaluating unwrapped getter for member getUsers
2020-03-09 20:45:38.093 [main] DEBUG s.d.s.p.OptimizedModelPropertiesProvider - Reading property mt
2020-03-09 20:45:38.093 [main] DEBUG s.d.s.p.bean.BeanModelProperty - Evaluating unwrapped getter for member getMt
2020-03-09 20:45:38.093 [main] DEBUG s.d.s.p.ObjectMapperBeanPropertyNamingStrategy - Name 'mt' renamed to 'mt'
2020-03-09 20:45:38.093 [main] DEBUG s.d.s.p.OptimizedModelPropertiesProvider - Adding property mt to model
2020-03-09 20:45:38.093 [main] DEBUG s.d.s.p.bean.BeanModelProperty - Evaluating unwrapped getter for member getMt
2020-03-09 20:45:38.093 [main] DEBUG s.d.s.p.bean.BeanModelProperty - Evaluating unwrapped getter for member getMt
2020-03-09 20:45:38.093 [main] DEBUG s.d.s.p.bean.BeanModelProperty - Evaluating unwrapped getter for member getMt
2020-03-09 20:45:38.093 [main] DEBUG s.d.s.p.bean.BeanModelProperty - Evaluating unwrapped getter for member getMt
2020-03-09 20:45:38.093 [main] DEBUG s.d.s.p.OptimizedModelPropertiesProvider - Reading property st
2020-03-09 20:45:38.094 [main] DEBUG s.d.s.p.bean.BeanModelProperty - Evaluating unwrapped getter for member getSt
2020-03-09 20:45:38.094 [main] DEBUG s.d.s.p.ObjectMapperBeanPropertyNamingStrategy - Name 'st' renamed to 'st'
2020-03-09 20:45:38.094 [main] DEBUG s.d.s.p.OptimizedModelPropertiesProvider - Adding property st to model
2020-03-09 20:45:38.094 [main] DEBUG s.d.s.p.bean.BeanModelProperty - Evaluating unwrapped getter for member getSt
2020-03-09 20:45:38.094 [main] DEBUG s.d.s.p.bean.BeanModelProperty - Evaluating unwrapped getter for member getSt
2020-03-09 20:45:38.094 [main] DEBUG s.d.s.p.bean.BeanModelProperty - Evaluating unwrapped getter for member getSt
2020-03-09 20:45:38.094 [main] DEBUG s.d.s.p.bean.BeanModelProperty - Evaluating unwrapped getter for member getSt
2020-03-09 20:45:38.094 [main] DEBUG s.d.s.p.OptimizedModelPropertiesProvider - Reading property grade
2020-03-09 20:45:38.094 [main] DEBUG s.d.s.p.bean.BeanModelProperty - Evaluating unwrapped getter for member getGrade
2020-03-09 20:45:38.094 [main] DEBUG s.d.s.p.ObjectMapperBeanPropertyNamingStrategy - Name 'grade' renamed to 'grade'
2020-03-09 20:45:38.094 [main] DEBUG s.d.s.p.OptimizedModelPropertiesProvider - Adding property grade to model
2020-03-09 20:45:38.094 [main] DEBUG s.d.s.p.bean.BeanModelProperty - Evaluating unwrapped getter for member getGrade
2020-03-09 20:45:38.094 [main] DEBUG s.d.s.p.bean.BeanModelProperty - Evaluating unwrapped getter for member getGrade
2020-03-09 20:45:38.094 [main] DEBUG s.d.s.p.bean.BeanModelProperty - Evaluating unwrapped getter for member getGrade
2020-03-09 20:45:38.094 [main] DEBUG s.d.s.p.bean.BeanModelProperty - Evaluating unwrapped getter for member getGrade
2020-03-09 20:45:38.094 [main] DEBUG s.d.s.p.OptimizedModelPropertiesProvider - Reading property studymodel
2020-03-09 20:45:38.094 [main] DEBUG s.d.s.p.bean.BeanModelProperty - Evaluating unwrapped getter for member getStudymodel
2020-03-09 20:45:38.094 [main] DEBUG s.d.s.p.ObjectMapperBeanPropertyNamingStrategy - Name 'studymodel' renamed to 'studymodel'
2020-03-09 20:45:38.095 [main] DEBUG s.d.s.p.OptimizedModelPropertiesProvider - Adding property studymodel to model
2020-03-09 20:45:38.095 [main] DEBUG s.d.s.p.bean.BeanModelProperty - Evaluating unwrapped getter for member getStudymodel
2020-03-09 20:45:38.095 [main] DEBUG s.d.s.p.bean.BeanModelProperty - Evaluating unwrapped getter for member getStudymodel
2020-03-09 20:45:38.095 [main] DEBUG s.d.s.p.bean.BeanModelProperty - Evaluating unwrapped getter for member getStudymodel
2020-03-09 20:45:38.095 [main] DEBUG s.d.s.p.bean.BeanModelProperty - Evaluating unwrapped getter for member getStudymodel
2020-03-09 20:45:38.095 [main] DEBUG s.d.s.p.OptimizedModelPropertiesProvider - Reading property teachmode
2020-03-09 20:45:38.095 [main] DEBUG s.d.s.p.bean.BeanModelProperty - Evaluating unwrapped getter for member getTeachmode
2020-03-09 20:45:38.095 [main] DEBUG s.d.s.p.ObjectMapperBeanPropertyNamingStrategy - Name 'teachmode' renamed to 'teachmode'
2020-03-09 20:45:38.095 [main] DEBUG s.d.s.p.OptimizedModelPropertiesProvider - Adding property teachmode to model
2020-03-09 20:45:38.095 [main] DEBUG s.d.s.p.bean.BeanModelProperty - Evaluating unwrapped getter for member getTeachmode
2020-03-09 20:45:38.095 [main] DEBUG s.d.s.p.bean.BeanModelProperty - Evaluating unwrapped getter for member getTeachmode
2020-03-09 20:45:38.095 [main] DEBUG s.d.s.p.bean.BeanModelProperty - Evaluating unwrapped getter for member getTeachmode
2020-03-09 20:45:38.095 [main] DEBUG s.d.s.p.bean.BeanModelProperty - Evaluating unwrapped getter for member getTeachmode
2020-03-09 20:45:38.095 [main] DEBUG s.d.s.p.OptimizedModelPropertiesProvider - Reading property description
2020-03-09 20:45:38.095 [main] DEBUG s.d.s.p.bean.BeanModelProperty - Evaluating unwrapped getter for member getDescription
2020-03-09 20:45:38.095 [main] DEBUG s.d.s.p.ObjectMapperBeanPropertyNamingStrategy - Name 'description' renamed to 'description'
2020-03-09 20:45:38.095 [main] DEBUG s.d.s.p.OptimizedModelPropertiesProvider - Adding property description to model
2020-03-09 20:45:38.095 [main] DEBUG s.d.s.p.bean.BeanModelProperty - Evaluating unwrapped getter for member getDescription
2020-03-09 20:45:38.095 [main] DEBUG s.d.s.p.bean.BeanModelProperty - Evaluating unwrapped getter for member getDescription
2020-03-09 20:45:38.095 [main] DEBUG s.d.s.p.bean.BeanModelProperty - Evaluating unwrapped getter for member getDescription
2020-03-09 20:45:38.096 [main] DEBUG s.d.s.p.bean.BeanModelProperty - Evaluating unwrapped getter for member getDescription
2020-03-09 20:45:38.096 [main] DEBUG s.d.s.p.OptimizedModelPropertiesProvider - Reading property status
2020-03-09 20:45:38.096 [main] DEBUG s.d.s.p.bean.BeanModelProperty - Evaluating unwrapped getter for member getStatus
2020-03-09 20:45:38.096 [main] DEBUG s.d.s.p.ObjectMapperBeanPropertyNamingStrategy - Name 'status' renamed to 'status'
2020-03-09 20:45:38.096 [main] DEBUG s.d.s.p.OptimizedModelPropertiesProvider - Adding property status to model
2020-03-09 20:45:38.096 [main] DEBUG s.d.s.p.bean.BeanModelProperty - Evaluating unwrapped getter for member getStatus
2020-03-09 20:45:38.096 [main] DEBUG s.d.s.p.bean.BeanModelProperty - Evaluating unwrapped getter for member getStatus
2020-03-09 20:45:38.096 [main] DEBUG s.d.s.p.bean.BeanModelProperty - Evaluating unwrapped getter for member getStatus
2020-03-09 20:45:38.096 [main] DEBUG s.d.s.p.bean.BeanModelProperty - Evaluating unwrapped getter for member getStatus
2020-03-09 20:45:38.096 [main] DEBUG s.d.s.p.OptimizedModelPropertiesProvider - Reading property companyId
2020-03-09 20:45:38.096 [main] DEBUG s.d.s.p.bean.BeanModelProperty - Evaluating unwrapped getter for member getCompanyId
2020-03-09 20:45:38.096 [main] DEBUG s.d.s.p.ObjectMapperBeanPropertyNamingStrategy - Name 'companyId' renamed to 'companyId'
2020-03-09 20:45:38.096 [main] DEBUG s.d.s.p.OptimizedModelPropertiesProvider - Adding property companyId to model
2020-03-09 20:45:38.096 [main] DEBUG s.d.s.p.bean.BeanModelProperty - Evaluating unwrapped getter for member getCompanyId
2020-03-09 20:45:38.096 [main] DEBUG s.d.s.p.bean.BeanModelProperty - Evaluating unwrapped getter for member getCompanyId
2020-03-09 20:45:38.096 [main] DEBUG s.d.s.p.bean.BeanModelProperty - Evaluating unwrapped getter for member getCompanyId
2020-03-09 20:45:38.096 [main] DEBUG s.d.s.p.bean.BeanModelProperty - Evaluating unwrapped getter for member getCompanyId
2020-03-09 20:45:38.096 [main] DEBUG s.d.s.p.OptimizedModelPropertiesProvider - Reading property userId
2020-03-09 20:45:38.096 [main] DEBUG s.d.s.p.bean.BeanModelProperty - Evaluating unwrapped getter for member getUserId
2020-03-09 20:45:38.096 [main] DEBUG s.d.s.p.ObjectMapperBeanPropertyNamingStrategy - Name 'userId' renamed to 'userId'
2020-03-09 20:45:38.097 [main] DEBUG s.d.s.p.OptimizedModelPropertiesProvider - Adding property userId to model
2020-03-09 20:45:38.097 [main] DEBUG s.d.s.p.bean.BeanModelProperty - Evaluating unwrapped getter for member getUserId
2020-03-09 20:45:38.097 [main] DEBUG s.d.s.p.bean.BeanModelProperty - Evaluating unwrapped getter for member getUserId
2020-03-09 20:45:38.097 [main] DEBUG s.d.s.p.bean.BeanModelProperty - Evaluating unwrapped getter for member getUserId
2020-03-09 20:45:38.097 [main] DEBUG s.d.s.p.bean.BeanModelProperty - Evaluating unwrapped getter for member getUserId
2020-03-09 20:45:38.097 [main] DEBUG s.d.s.DefaultModelDependencyProvider - Adding type Lcom/ningmeng/framework/domain/course/CourseMarket; for parameter courseMarket
2020-03-09 20:45:38.097 [main] DEBUG s.d.s.DefaultModelDependencyProvider - Recursively resolving dependencies for type Lcom/ningmeng/framework/domain/course/CourseMarket;
2020-03-09 20:45:38.098 [main] DEBUG s.d.s.p.OptimizedModelPropertiesProvider - Reading property id
2020-03-09 20:45:38.098 [main] DEBUG s.d.s.p.bean.BeanModelProperty - Evaluating unwrapped getter for member getId
2020-03-09 20:45:38.098 [main] DEBUG s.d.s.p.ObjectMapperBeanPropertyNamingStrategy - Name 'id' renamed to 'id'
2020-03-09 20:45:38.098 [main] DEBUG s.d.s.p.OptimizedModelPropertiesProvider - Adding property id to model
2020-03-09 20:45:38.098 [main] DEBUG s.d.s.p.bean.BeanModelProperty - Evaluating unwrapped getter for member getId
2020-03-09 20:45:38.098 [main] DEBUG s.d.s.p.bean.BeanModelProperty - Evaluating unwrapped getter for member getId
2020-03-09 20:45:38.098 [main] DEBUG s.d.s.p.bean.BeanModelProperty - Evaluating unwrapped getter for member getId
2020-03-09 20:45:38.098 [main] DEBUG s.d.s.p.bean.BeanModelProperty - Evaluating unwrapped getter for member getId
2020-03-09 20:45:38.098 [main] DEBUG s.d.s.p.OptimizedModelPropertiesProvider - Reading property charge
2020-03-09 20:45:38.098 [main] DEBUG s.d.s.p.bean.BeanModelProperty - Evaluating unwrapped getter for member getCharge
2020-03-09 20:45:38.098 [main] DEBUG s.d.s.p.ObjectMapperBeanPropertyNamingStrategy - Name 'charge' renamed to 'charge'
2020-03-09 20:45:38.098 [main] DEBUG s.d.s.p.OptimizedModelPropertiesProvider - Adding property charge to model
2020-03-09 20:45:38.098 [main] DEBUG s.d.s.p.bean.BeanModelProperty - Evaluating unwrapped getter for member getCharge
2020-03-09 20:45:38.098 [main] DEBUG s.d.s.p.bean.BeanModelProperty - Evaluating unwrapped getter for member getCharge
2020-03-09 20:45:38.098 [main] DEBUG s.d.s.p.bean.BeanModelProperty - Evaluating unwrapped getter for member getCharge
2020-03-09 20:45:38.099 [main] DEBUG s.d.s.p.bean.BeanModelProperty - Evaluating unwrapped getter for member getCharge
2020-03-09 20:45:38.099 [main] DEBUG s.d.s.p.OptimizedModelPropertiesProvider - Reading property valid
2020-03-09 20:45:38.099 [main] DEBUG s.d.s.p.bean.BeanModelProperty - Evaluating unwrapped getter for member getValid
2020-03-09 20:45:38.099 [main] DEBUG s.d.s.p.ObjectMapperBeanPropertyNamingStrategy - Name 'valid' renamed to 'valid'
2020-03-09 20:45:38.099 [main] DEBUG s.d.s.p.OptimizedModelPropertiesProvider - Adding property valid to model
2020-03-09 20:45:38.099 [main] DEBUG s.d.s.p.bean.BeanModelProperty - Evaluating unwrapped getter for member getValid
2020-03-09 20:45:38.099 [main] DEBUG s.d.s.p.bean.BeanModelProperty - Evaluating unwrapped getter for member getValid
2020-03-09 20:45:38.099 [main] DEBUG s.d.s.p.bean.BeanModelProperty - Evaluating unwrapped getter for member getValid
2020-03-09 20:45:38.099 [main] DEBUG s.d.s.p.bean.BeanModelProperty - Evaluating unwrapped getter for member getValid
2020-03-09 20:45:38.099 [main] DEBUG s.d.s.p.OptimizedModelPropertiesProvider - Reading property qq
2020-03-09 20:45:38.099 [main] DEBUG s.d.s.p.bean.BeanModelProperty - Evaluating unwrapped getter for member getQq
2020-03-09 20:45:38.099 [main] DEBUG s.d.s.p.ObjectMapperBeanPropertyNamingStrategy - Name 'qq' renamed to 'qq'
2020-03-09 20:45:38.099 [main] DEBUG s.d.s.p.OptimizedModelPropertiesProvider - Adding property qq to model
2020-03-09 20:45:38.099 [main] DEBUG s.d.s.p.bean.BeanModelProperty - Evaluating unwrapped getter for member getQq
2020-03-09 20:45:38.099 [main] DEBUG s.d.s.p.bean.BeanModelProperty - Evaluating unwrapped getter for member getQq
2020-03-09 20:45:38.099 [main] DEBUG s.d.s.p.bean.BeanModelProperty - Evaluating unwrapped getter for member getQq
2020-03-09 20:45:38.099 [main] DEBUG s.d.s.p.bean.BeanModelProperty - Evaluating unwrapped getter for member getQq
2020-03-09 20:45:38.099 [main] DEBUG s.d.s.p.OptimizedModelPropertiesProvider - Reading property price
2020-03-09 20:45:38.099 [main] DEBUG s.d.s.p.bean.BeanModelProperty - Evaluating unwrapped getter for member getPrice
2020-03-09 20:45:38.099 [main] DEBUG s.d.s.p.ObjectMapperBeanPropertyNamingStrategy - Name 'price' renamed to 'price'
2020-03-09 20:45:38.099 [main] DEBUG s.d.s.p.OptimizedModelPropertiesProvider - Adding property price to model
2020-03-09 20:45:38.099 [main] DEBUG s.d.s.p.bean.BeanModelProperty - Evaluating unwrapped getter for member getPrice
2020-03-09 20:45:38.100 [main] DEBUG s.d.s.p.bean.BeanModelProperty - Evaluating unwrapped getter for member getPrice
2020-03-09 20:45:38.100 [main] DEBUG s.d.s.p.bean.BeanModelProperty - Evaluating unwrapped getter for member getPrice
2020-03-09 20:45:38.100 [main] DEBUG s.d.s.p.bean.BeanModelProperty - Evaluating unwrapped getter for member getPrice
2020-03-09 20:45:38.100 [main] DEBUG s.d.s.p.OptimizedModelPropertiesProvider - Reading property price_old
2020-03-09 20:45:38.100 [main] DEBUG s.d.s.p.bean.BeanModelProperty - Evaluating unwrapped getter for member getPrice_old
2020-03-09 20:45:38.100 [main] DEBUG s.d.s.p.ObjectMapperBeanPropertyNamingStrategy - Name 'price_old' renamed to 'price_old'
2020-03-09 20:45:38.100 [main] DEBUG s.d.s.p.OptimizedModelPropertiesProvider - Adding property price_old to model
2020-03-09 20:45:38.100 [main] DEBUG s.d.s.p.bean.BeanModelProperty - Evaluating unwrapped getter for member getPrice_old
2020-03-09 20:45:38.100 [main] DEBUG s.d.s.p.bean.BeanModelProperty - Evaluating unwrapped getter for member getPrice_old
2020-03-09 20:45:38.100 [main] DEBUG s.d.s.p.bean.BeanModelProperty - Evaluating unwrapped getter for member getPrice_old
2020-03-09 20:45:38.100 [main] DEBUG s.d.s.p.bean.BeanModelProperty - Evaluating unwrapped getter for member getPrice_old
2020-03-09 20:45:38.100 [main] DEBUG s.d.s.p.OptimizedModelPropertiesProvider - Reading property startTime
2020-03-09 20:45:38.100 [main] DEBUG s.d.s.p.bean.BeanModelProperty - Evaluating unwrapped getter for member getStartTime
2020-03-09 20:45:38.100 [main] DEBUG s.d.s.p.ObjectMapperBeanPropertyNamingStrategy - Name 'startTime' renamed to 'startTime'
2020-03-09 20:45:38.100 [main] DEBUG s.d.s.p.OptimizedModelPropertiesProvider - Adding property startTime to model
2020-03-09 20:45:38.100 [main] DEBUG s.d.s.p.bean.BeanModelProperty - Evaluating unwrapped getter for member getStartTime
2020-03-09 20:45:38.100 [main] DEBUG s.d.s.p.bean.BeanModelProperty - Evaluating unwrapped getter for member getStartTime
2020-03-09 20:45:38.100 [main] DEBUG s.d.s.p.bean.BeanModelProperty - Evaluating unwrapped getter for member getStartTime
2020-03-09 20:45:38.100 [main] DEBUG s.d.s.p.bean.BeanModelProperty - Evaluating unwrapped getter for member getStartTime
2020-03-09 20:45:38.101 [main] DEBUG s.d.s.p.OptimizedModelPropertiesProvider - Reading property endTime
2020-03-09 20:45:38.101 [main] DEBUG s.d.s.p.bean.BeanModelProperty - Evaluating unwrapped getter for member getEndTime
2020-03-09 20:45:38.101 [main] DEBUG s.d.s.p.ObjectMapperBeanPropertyNamingStrategy - Name 'endTime' renamed to 'endTime'
2020-03-09 20:45:38.101 [main] DEBUG s.d.s.p.OptimizedModelPropertiesProvider - Adding property endTime to model
2020-03-09 20:45:38.101 [main] DEBUG s.d.s.p.bean.BeanModelProperty - Evaluating unwrapped getter for member getEndTime
2020-03-09 20:45:38.101 [main] DEBUG s.d.s.p.bean.BeanModelProperty - Evaluating unwrapped getter for member getEndTime
2020-03-09 20:45:38.101 [main] DEBUG s.d.s.p.bean.BeanModelProperty - Evaluating unwrapped getter for member getEndTime
2020-03-09 20:45:38.101 [main] DEBUG s.d.s.p.bean.BeanModelProperty - Evaluating unwrapped getter for member getEndTime
2020-03-09 20:45:38.101 [main] DEBUG s.d.s.DefaultModelDependencyProvider - Adding type Lcom/ningmeng/framework/domain/course/CoursePic; for parameter coursePic
2020-03-09 20:45:38.101 [main] DEBUG s.d.s.DefaultModelDependencyProvider - Recursively resolving dependencies for type Lcom/ningmeng/framework/domain/course/CoursePic;
2020-03-09 20:45:38.102 [main] DEBUG s.d.s.p.OptimizedModelPropertiesProvider - Reading property courseid
2020-03-09 20:45:38.102 [main] DEBUG s.d.s.p.bean.BeanModelProperty - Evaluating unwrapped getter for member getCourseid
2020-03-09 20:45:38.102 [main] DEBUG s.d.s.p.ObjectMapperBeanPropertyNamingStrategy - Name 'courseid' renamed to 'courseid'
2020-03-09 20:45:38.102 [main] DEBUG s.d.s.p.OptimizedModelPropertiesProvider - Adding property courseid to model
2020-03-09 20:45:38.102 [main] DEBUG s.d.s.p.bean.BeanModelProperty - Evaluating unwrapped getter for member getCourseid
2020-03-09 20:45:38.102 [main] DEBUG s.d.s.p.bean.BeanModelProperty - Evaluating unwrapped getter for member getCourseid
2020-03-09 20:45:38.102 [main] DEBUG s.d.s.p.bean.BeanModelProperty - Evaluating unwrapped getter for member getCourseid
2020-03-09 20:45:38.102 [main] DEBUG s.d.s.p.bean.BeanModelProperty - Evaluating unwrapped getter for member getCourseid
2020-03-09 20:45:38.102 [main] DEBUG s.d.s.p.OptimizedModelPropertiesProvider - Reading property pic
2020-03-09 20:45:38.102 [main] DEBUG s.d.s.p.bean.BeanModelProperty - Evaluating unwrapped getter for member getPic
2020-03-09 20:45:38.102 [main] DEBUG s.d.s.p.ObjectMapperBeanPropertyNamingStrategy - Name 'pic' renamed to 'pic'
2020-03-09 20:45:38.102 [main] DEBUG s.d.s.p.OptimizedModelPropertiesProvider - Adding property pic to model
2020-03-09 20:45:38.102 [main] DEBUG s.d.s.p.bean.BeanModelProperty - Evaluating unwrapped getter for member getPic
2020-03-09 20:45:38.102 [main] DEBUG s.d.s.p.bean.BeanModelProperty - Evaluating unwrapped getter for member getPic
2020-03-09 20:45:38.103 [main] DEBUG s.d.s.p.bean.BeanModelProperty - Evaluating unwrapped getter for member getPic
2020-03-09 20:45:38.103 [main] DEBUG s.d.s.p.bean.BeanModelProperty - Evaluating unwrapped getter for member getPic
2020-03-09 20:45:38.103 [main] DEBUG s.d.s.DefaultModelDependencyProvider - Adding type Lcom/ningmeng/framework/domain/course/ext/TeachplanNode; for parameter teachplanNode
2020-03-09 20:45:38.103 [main] DEBUG s.d.s.DefaultModelDependencyProvider - Recursively resolving dependencies for type Lcom/ningmeng/framework/domain/course/ext/TeachplanNode;
2020-03-09 20:45:38.103 [main] DEBUG s.d.s.p.OptimizedModelPropertiesProvider - Reading property id
2020-03-09 20:45:38.104 [main] DEBUG s.d.s.p.bean.BeanModelProperty - Evaluating unwrapped getter for member getId
2020-03-09 20:45:38.104 [main] DEBUG s.d.s.p.ObjectMapperBeanPropertyNamingStrategy - Name 'id' renamed to 'id'
2020-03-09 20:45:38.104 [main] DEBUG s.d.s.p.OptimizedModelPropertiesProvider - Adding property id to model
2020-03-09 20:45:38.104 [main] DEBUG s.d.s.p.bean.BeanModelProperty - Evaluating unwrapped getter for member getId
2020-03-09 20:45:38.104 [main] DEBUG s.d.s.p.bean.BeanModelProperty - Evaluating unwrapped getter for member getId
2020-03-09 20:45:38.104 [main] DEBUG s.d.s.p.bean.BeanModelProperty - Evaluating unwrapped getter for member getId
2020-03-09 20:45:38.104 [main] DEBUG s.d.s.p.bean.BeanModelProperty - Evaluating unwrapped getter for member getId
2020-03-09 20:45:38.104 [main] DEBUG s.d.s.p.OptimizedModelPropertiesProvider - Reading property pname
2020-03-09 20:45:38.104 [main] DEBUG s.d.s.p.bean.BeanModelProperty - Evaluating unwrapped getter for member getPname
2020-03-09 20:45:38.104 [main] DEBUG s.d.s.p.ObjectMapperBeanPropertyNamingStrategy - Name 'pname' renamed to 'pname'
2020-03-09 20:45:38.104 [main] DEBUG s.d.s.p.OptimizedModelPropertiesProvider - Adding property pname to model
2020-03-09 20:45:38.104 [main] DEBUG s.d.s.p.bean.BeanModelProperty - Evaluating unwrapped getter for member getPname
2020-03-09 20:45:38.104 [main] DEBUG s.d.s.p.bean.BeanModelProperty - Evaluating unwrapped getter for member getPname
2020-03-09 20:45:38.104 [main] DEBUG s.d.s.p.bean.BeanModelProperty - Evaluating unwrapped getter for member getPname
2020-03-09 20:45:38.104 [main] DEBUG s.d.s.p.bean.BeanModelProperty - Evaluating unwrapped getter for member getPname
2020-03-09 20:45:38.104 [main] DEBUG s.d.s.p.OptimizedModelPropertiesProvider - Reading property parentid
2020-03-09 20:45:38.105 [main] DEBUG s.d.s.p.bean.BeanModelProperty - Evaluating unwrapped getter for member getParentid
2020-03-09 20:45:38.105 [main] DEBUG s.d.s.p.ObjectMapperBeanPropertyNamingStrategy - Name 'parentid' renamed to 'parentid'
2020-03-09 20:45:38.105 [main] DEBUG s.d.s.p.OptimizedModelPropertiesProvider - Adding property parentid to model
2020-03-09 20:45:38.105 [main] DEBUG s.d.s.p.bean.BeanModelProperty - Evaluating unwrapped getter for member getParentid
2020-03-09 20:45:38.105 [main] DEBUG s.d.s.p.bean.BeanModelProperty - Evaluating unwrapped getter for member getParentid
2020-03-09 20:45:38.105 [main] DEBUG s.d.s.p.bean.BeanModelProperty - Evaluating unwrapped getter for member getParentid
2020-03-09 20:45:38.105 [main] DEBUG s.d.s.p.bean.BeanModelProperty - Evaluating unwrapped getter for member getParentid
2020-03-09 20:45:38.105 [main] DEBUG s.d.s.p.OptimizedModelPropertiesProvider - Reading property grade
2020-03-09 20:45:38.105 [main] DEBUG s.d.s.p.bean.BeanModelProperty - Evaluating unwrapped getter for member getGrade
2020-03-09 20:45:38.105 [main] DEBUG s.d.s.p.ObjectMapperBeanPropertyNamingStrategy - Name 'grade' renamed to 'grade'
2020-03-09 20:45:38.105 [main] DEBUG s.d.s.p.OptimizedModelPropertiesProvider - Adding property grade to model
2020-03-09 20:45:38.105 [main] DEBUG s.d.s.p.bean.BeanModelProperty - Evaluating unwrapped getter for member getGrade
2020-03-09 20:45:38.105 [main] DEBUG s.d.s.p.bean.BeanModelProperty - Evaluating unwrapped getter for member getGrade
2020-03-09 20:45:38.105 [main] DEBUG s.d.s.p.bean.BeanModelProperty - Evaluating unwrapped getter for member getGrade
2020-03-09 20:45:38.105 [main] DEBUG s.d.s.p.bean.BeanModelProperty - Evaluating unwrapped getter for member getGrade
2020-03-09 20:45:38.105 [main] DEBUG s.d.s.p.OptimizedModelPropertiesProvider - Reading property ptype
2020-03-09 20:45:38.105 [main] DEBUG s.d.s.p.bean.BeanModelProperty - Evaluating unwrapped getter for member getPtype
2020-03-09 20:45:38.105 [main] DEBUG s.d.s.p.ObjectMapperBeanPropertyNamingStrategy - Name 'ptype' renamed to 'ptype'
2020-03-09 20:45:38.105 [main] DEBUG s.d.s.p.OptimizedModelPropertiesProvider - Adding property ptype to model
2020-03-09 20:45:38.106 [main] DEBUG s.d.s.p.bean.BeanModelProperty - Evaluating unwrapped getter for member getPtype
2020-03-09 20:45:38.106 [main] DEBUG s.d.s.p.bean.BeanModelProperty - Evaluating unwrapped getter for member getPtype
2020-03-09 20:45:38.106 [main] DEBUG s.d.s.p.bean.BeanModelProperty - Evaluating unwrapped getter for member getPtype
2020-03-09 20:45:38.106 [main] DEBUG s.d.s.p.bean.BeanModelProperty - Evaluating unwrapped getter for member getPtype
2020-03-09 20:45:38.106 [main] DEBUG s.d.s.p.OptimizedModelPropertiesProvider - Reading property description
2020-03-09 20:45:38.106 [main] DEBUG s.d.s.p.bean.BeanModelProperty - Evaluating unwrapped getter for member getDescription
2020-03-09 20:45:38.106 [main] DEBUG s.d.s.p.ObjectMapperBeanPropertyNamingStrategy - Name 'description' renamed to 'description'
2020-03-09 20:45:38.106 [main] DEBUG s.d.s.p.OptimizedModelPropertiesProvider - Adding property description to model
2020-03-09 20:45:38.106 [main] DEBUG s.d.s.p.bean.BeanModelProperty - Evaluating unwrapped getter for member getDescription
2020-03-09 20:45:38.106 [main] DEBUG s.d.s.p.bean.BeanModelProperty - Evaluating unwrapped getter for member getDescription
2020-03-09 20:45:38.106 [main] DEBUG s.d.s.p.bean.BeanModelProperty - Evaluating unwrapped getter for member getDescription
2020-03-09 20:45:38.106 [main] DEBUG s.d.s.p.bean.BeanModelProperty - Evaluating unwrapped getter for member getDescription
2020-03-09 20:45:38.106 [main] DEBUG s.d.s.p.OptimizedModelPropertiesProvider - Reading property courseid
2020-03-09 20:45:38.107 [main] DEBUG s.d.s.p.bean.BeanModelProperty - Evaluating unwrapped getter for member getCourseid
2020-03-09 20:45:38.107 [main] DEBUG s.d.s.p.ObjectMapperBeanPropertyNamingStrategy - Name 'courseid' renamed to 'courseid'
2020-03-09 20:45:38.107 [main] DEBUG s.d.s.p.OptimizedModelPropertiesProvider - Adding property courseid to model
2020-03-09 20:45:38.107 [main] DEBUG s.d.s.p.bean.BeanModelProperty - Evaluating unwrapped getter for member getCourseid
2020-03-09 20:45:38.107 [main] DEBUG s.d.s.p.bean.BeanModelProperty - Evaluating unwrapped getter for member getCourseid
2020-03-09 20:45:38.107 [main] DEBUG s.d.s.p.bean.BeanModelProperty - Evaluating unwrapped getter for member getCourseid
2020-03-09 20:45:38.107 [main] DEBUG s.d.s.p.bean.BeanModelProperty - Evaluating unwrapped getter for member getCourseid
2020-03-09 20:45:38.107 [main] DEBUG s.d.s.p.OptimizedModelPropertiesProvider - Reading property status
2020-03-09 20:45:38.107 [main] DEBUG s.d.s.p.bean.BeanModelProperty - Evaluating unwrapped getter for member getStatus
2020-03-09 20:45:38.107 [main] DEBUG s.d.s.p.ObjectMapperBeanPropertyNamingStrategy - Name 'status' renamed to 'status'
2020-03-09 20:45:38.107 [main] DEBUG s.d.s.p.OptimizedModelPropertiesProvider - Adding property status to model
2020-03-09 20:45:38.107 [main] DEBUG s.d.s.p.bean.BeanModelProperty - Evaluating unwrapped getter for member getStatus
2020-03-09 20:45:38.107 [main] DEBUG s.d.s.p.bean.BeanModelProperty - Evaluating unwrapped getter for member getStatus
2020-03-09 20:45:38.107 [main] DEBUG s.d.s.p.bean.BeanModelProperty - Evaluating unwrapped getter for member getStatus
2020-03-09 20:45:38.107 [main] DEBUG s.d.s.p.bean.BeanModelProperty - Evaluating unwrapped getter for member getStatus
2020-03-09 20:45:38.107 [main] DEBUG s.d.s.p.OptimizedModelPropertiesProvider - Reading property orderby
2020-03-09 20:45:38.108 [main] DEBUG s.d.s.p.bean.BeanModelProperty - Evaluating unwrapped getter for member getOrderby
2020-03-09 20:45:38.108 [main] DEBUG s.d.s.p.ObjectMapperBeanPropertyNamingStrategy - Name 'orderby' renamed to 'orderby'
2020-03-09 20:45:38.108 [main] DEBUG s.d.s.p.OptimizedModelPropertiesProvider - Adding property orderby to model
2020-03-09 20:45:38.108 [main] DEBUG s.d.s.p.bean.BeanModelProperty - Evaluating unwrapped getter for member getOrderby
2020-03-09 20:45:38.108 [main] DEBUG s.d.s.p.bean.BeanModelProperty - Evaluating unwrapped getter for member getOrderby
2020-03-09 20:45:38.108 [main] DEBUG s.d.s.p.bean.BeanModelProperty - Evaluating unwrapped getter for member getOrderby
2020-03-09 20:45:38.108 [main] DEBUG s.d.s.p.bean.BeanModelProperty - Evaluating unwrapped getter for member getOrderby
2020-03-09 20:45:38.108 [main] DEBUG s.d.s.p.OptimizedModelPropertiesProvider - Reading property timelength
2020-03-09 20:45:38.109 [main] DEBUG s.d.s.p.bean.BeanModelProperty - Evaluating unwrapped getter for member getTimelength
2020-03-09 20:45:38.109 [main] DEBUG s.d.s.p.ObjectMapperBeanPropertyNamingStrategy - Name 'timelength' renamed to 'timelength'
2020-03-09 20:45:38.109 [main] DEBUG s.d.s.p.OptimizedModelPropertiesProvider - Adding property timelength to model
2020-03-09 20:45:38.109 [main] DEBUG s.d.s.p.bean.BeanModelProperty - Evaluating unwrapped getter for member getTimelength
2020-03-09 20:45:38.109 [main] DEBUG s.d.s.p.bean.BeanModelProperty - Evaluating unwrapped getter for member getTimelength
2020-03-09 20:45:38.109 [main] DEBUG s.d.s.p.bean.BeanModelProperty - Evaluating unwrapped getter for member getTimelength
2020-03-09 20:45:38.109 [main] DEBUG s.d.s.p.bean.BeanModelProperty - Evaluating unwrapped getter for member getTimelength
2020-03-09 20:45:38.109 [main] DEBUG s.d.s.p.OptimizedModelPropertiesProvider - Reading property trylearn
2020-03-09 20:45:38.109 [main] DEBUG s.d.s.p.bean.BeanModelProperty - Evaluating unwrapped getter for member getTrylearn
2020-03-09 20:45:38.109 [main] DEBUG s.d.s.p.ObjectMapperBeanPropertyNamingStrategy - Name 'trylearn' renamed to 'trylearn'
2020-03-09 20:45:38.109 [main] DEBUG s.d.s.p.OptimizedModelPropertiesProvider - Adding property trylearn to model
2020-03-09 20:45:38.109 [main] DEBUG s.d.s.p.bean.BeanModelProperty - Evaluating unwrapped getter for member getTrylearn
2020-03-09 20:45:38.109 [main] DEBUG s.d.s.p.bean.BeanModelProperty - Evaluating unwrapped getter for member getTrylearn
2020-03-09 20:45:38.109 [main] DEBUG s.d.s.p.bean.BeanModelProperty - Evaluating unwrapped getter for member getTrylearn
2020-03-09 20:45:38.109 [main] DEBUG s.d.s.p.bean.BeanModelProperty - Evaluating unwrapped getter for member getTrylearn
2020-03-09 20:45:38.109 [main] DEBUG s.d.s.p.OptimizedModelPropertiesProvider - Reading property children
2020-03-09 20:45:38.109 [main] DEBUG s.d.s.p.bean.BeanModelProperty - Evaluating unwrapped getter for member getChildren
2020-03-09 20:45:38.110 [main] DEBUG s.d.s.p.ObjectMapperBeanPropertyNamingStrategy - Name 'children' renamed to 'children'
2020-03-09 20:45:38.110 [main] DEBUG s.d.s.p.OptimizedModelPropertiesProvider - Adding property children to model
2020-03-09 20:45:38.110 [main] DEBUG s.d.s.p.bean.BeanModelProperty - Evaluating unwrapped getter for member getChildren
2020-03-09 20:45:38.110 [main] DEBUG s.d.s.p.bean.BeanModelProperty - Evaluating unwrapped getter for member getChildren
2020-03-09 20:45:38.110 [main] DEBUG s.d.s.p.bean.BeanModelProperty - Evaluating unwrapped getter for member getChildren
2020-03-09 20:45:38.110 [main] DEBUG s.d.s.p.bean.BeanModelProperty - Evaluating unwrapped getter for member getChildren
2020-03-09 20:45:38.110 [main] DEBUG s.d.s.p.OptimizedModelPropertiesProvider - Reading property mediaId
2020-03-09 20:45:38.110 [main] DEBUG s.d.s.p.bean.BeanModelProperty - Evaluating unwrapped getter for member getMediaId
2020-03-09 20:45:38.110 [main] DEBUG s.d.s.p.ObjectMapperBeanPropertyNamingStrategy - Name 'mediaId' renamed to 'mediaId'
2020-03-09 20:45:38.111 [main] DEBUG s.d.s.p.OptimizedModelPropertiesProvider - Adding property mediaId to model
2020-03-09 20:45:38.111 [main] DEBUG s.d.s.p.bean.BeanModelProperty - Evaluating unwrapped getter for member getMediaId
2020-03-09 20:45:38.111 [main] DEBUG s.d.s.p.bean.BeanModelProperty - Evaluating unwrapped getter for member getMediaId
2020-03-09 20:45:38.111 [main] DEBUG s.d.s.p.bean.BeanModelProperty - Evaluating unwrapped getter for member getMediaId
2020-03-09 20:45:38.111 [main] DEBUG s.d.s.p.bean.BeanModelProperty - Evaluating unwrapped getter for member getMediaId
2020-03-09 20:45:38.111 [main] DEBUG s.d.s.p.OptimizedModelPropertiesProvider - Reading property mediaFileOriginalName
2020-03-09 20:45:38.111 [main] DEBUG s.d.s.p.bean.BeanModelProperty - Evaluating unwrapped getter for member getMediaFileOriginalName
2020-03-09 20:45:38.111 [main] DEBUG s.d.s.p.ObjectMapperBeanPropertyNamingStrategy - Name 'mediaFileOriginalName' renamed to 'mediaFileOriginalName'
2020-03-09 20:45:38.111 [main] DEBUG s.d.s.p.OptimizedModelPropertiesProvider - Adding property mediaFileOriginalName to model
2020-03-09 20:45:38.111 [main] DEBUG s.d.s.p.bean.BeanModelProperty - Evaluating unwrapped getter for member getMediaFileOriginalName
2020-03-09 20:45:38.111 [main] DEBUG s.d.s.p.bean.BeanModelProperty - Evaluating unwrapped getter for member getMediaFileOriginalName
2020-03-09 20:45:38.111 [main] DEBUG s.d.s.p.bean.BeanModelProperty - Evaluating unwrapped getter for member getMediaFileOriginalName
2020-03-09 20:45:38.111 [main] DEBUG s.d.s.p.bean.BeanModelProperty - Evaluating unwrapped getter for member getMediaFileOriginalName
2020-03-09 20:45:38.112 [main] DEBUG s.d.s.DefaultModelDependencyProvider - Adding type Ljava/util/List<Lcom/ningmeng/framework/domain/course/ext/TeachplanNode;>; for parameter children
2020-03-09 20:45:38.112 [main] DEBUG s.d.s.DefaultModelDependencyProvider - Adding collectionElement type Lcom/ningmeng/framework/domain/course/ext/TeachplanNode;
2020-03-09 20:45:38.112 [main] DEBUG s.d.s.DefaultModelDependencyProvider - Recursively resolving dependencies for collectionElement type Lcom/ningmeng/framework/domain/course/ext/TeachplanNode;
2020-03-09 20:45:38.113 [main] DEBUG s.d.schema.DefaultModelProvider - Inferred 12 properties. Properties found companyId, description, grade, id, mt, name, st, status, studymodel, teachmode, userId, users
2020-03-09 20:45:38.113 [main] DEBUG s.d.schema.DefaultModelProvider - Inferred 8 properties. Properties found charge, endTime, id, price, price_old, qq, startTime, valid
2020-03-09 20:45:38.113 [main] DEBUG s.d.schema.DefaultModelProvider - Inferred 2 properties. Properties found courseid, pic
2020-03-09 20:45:38.113 [main] DEBUG s.d.schema.DefaultModelProvider - Inferred 14 properties. Properties found children, courseid, description, grade, id, mediaFileOriginalName, mediaId, orderby, parentid, pname, ptype, status, timelength, trylearn
2020-03-09 20:45:38.113 [main] DEBUG s.d.schema.DefaultModelProvider - Skipping model of type Ljava/util/List<Lcom/ningmeng/framework/domain/course/ext/TeachplanNode;>; as its either a container type, map, enum or base type, or its already been handled
2020-03-09 20:45:38.113 [main] DEBUG s.d.s.web.scanners.ApiModelReader - Adding a new model with key CourseMarket
2020-03-09 20:45:38.113 [main] DEBUG s.d.s.web.scanners.ApiModelReader - Adding a new model with key TeachplanNode
2020-03-09 20:45:38.113 [main] DEBUG s.d.s.web.scanners.ApiModelReader - Adding a new model with key CoursePic
2020-03-09 20:45:38.115 [main] DEBUG s.d.s.w.r.o.OperationResponseClassReader - Setting spring response class to: CourseView
2020-03-09 20:45:38.116 [main] DEBUG s.d.s.r.o.OperationAuthReader - Authorization count 0 for method courseview
2020-03-09 20:45:38.116 [main] DEBUG s.d.s.r.o.SwaggerOperationResponseClassReader - Setting response class to:CourseView
2020-03-09 20:45:38.117 [main] DEBUG s.d.s.r.o.VendorExtensionsReader - Extension count 1 for method courseview
2020-03-09 20:45:38.118 [main] DEBUG s.d.s.w.r.o.OperationModelsProvider - Adding return parameter of type Lcom/ningmeng/framework/model/response/ResponseResult;
2020-03-09 20:45:38.118 [main] DEBUG s.d.s.w.r.o.OperationModelsProvider - Reading parameters models for handlerMethod |deleteCoursePic|
2020-03-09 20:45:38.118 [main] DEBUG s.d.s.w.r.o.OperationModelsProvider - Finished reading parameters models for handlerMethod |deleteCoursePic|
2020-03-09 20:45:38.120 [main] DEBUG s.d.s.r.o.SwaggerOperationModelsProvider - Reading parameters models for handlerMethod |deleteCoursePic|
2020-03-09 20:45:38.120 [main] DEBUG s.d.s.web.scanners.ApiModelReader - Generated parameter model id: ResponseResult, name: ResponseResult, schema: {} models
2020-03-09 20:45:38.122 [main] DEBUG s.d.s.w.r.o.OperationResponseClassReader - Setting spring response class to: ResponseResult
2020-03-09 20:45:38.123 [main] DEBUG s.d.s.r.o.OperationAuthReader - Authorization count 0 for method deleteCoursePic
2020-03-09 20:45:38.123 [main] DEBUG s.d.s.r.o.SwaggerOperationResponseClassReader - Setting response class to:ResponseResult
2020-03-09 20:45:38.124 [main] DEBUG s.d.s.r.o.VendorExtensionsReader - Extension count 1 for method deleteCoursePic
2020-03-09 20:45:38.124 [main] DEBUG s.d.s.w.r.o.OperationModelsProvider - Adding return parameter of type Lcom/ningmeng/framework/model/response/QueryResponseResult;
2020-03-09 20:45:38.124 [main] DEBUG s.d.s.w.r.o.OperationModelsProvider - Reading parameters models for handlerMethod |findCourseList|
2020-03-09 20:45:38.125 [main] DEBUG s.d.s.w.r.o.OperationModelsProvider - Finished reading parameters models for handlerMethod |findCourseList|
2020-03-09 20:45:38.125 [main] DEBUG s.d.s.r.o.SwaggerOperationModelsProvider - Reading parameters models for handlerMethod |findCourseList|
2020-03-09 20:45:38.127 [main] DEBUG s.d.s.p.OptimizedModelPropertiesProvider - Reading property success
2020-03-09 20:45:38.127 [main] DEBUG s.d.s.p.bean.BeanModelProperty - Evaluating unwrapped getter for member isSuccess
2020-03-09 20:45:38.127 [main] DEBUG s.d.s.p.ObjectMapperBeanPropertyNamingStrategy - Name 'success' renamed to 'success'
2020-03-09 20:45:38.127 [main] DEBUG s.d.s.p.OptimizedModelPropertiesProvider - Adding property success to model
2020-03-09 20:45:38.127 [main] DEBUG s.d.s.p.bean.BeanModelProperty - Evaluating unwrapped getter for member isSuccess
2020-03-09 20:45:38.127 [main] DEBUG s.d.s.p.bean.BeanModelProperty - Evaluating unwrapped getter for member isSuccess
2020-03-09 20:45:38.127 [main] DEBUG s.d.s.p.bean.BeanModelProperty - Evaluating unwrapped getter for member isSuccess
2020-03-09 20:45:38.128 [main] DEBUG s.d.s.p.bean.BeanModelProperty - Evaluating unwrapped getter for member isSuccess
2020-03-09 20:45:38.128 [main] DEBUG s.d.s.p.OptimizedModelPropertiesProvider - Reading property code
2020-03-09 20:45:38.128 [main] DEBUG s.d.s.p.bean.BeanModelProperty - Evaluating unwrapped getter for member getCode
2020-03-09 20:45:38.128 [main] DEBUG s.d.s.p.ObjectMapperBeanPropertyNamingStrategy - Name 'code' renamed to 'code'
2020-03-09 20:45:38.128 [main] DEBUG s.d.s.p.OptimizedModelPropertiesProvider - Adding property code to model
2020-03-09 20:45:38.128 [main] DEBUG s.d.s.p.bean.BeanModelProperty - Evaluating unwrapped getter for member getCode
2020-03-09 20:45:38.128 [main] DEBUG s.d.s.p.bean.BeanModelProperty - Evaluating unwrapped getter for member getCode
2020-03-09 20:45:38.128 [main] DEBUG s.d.s.p.bean.BeanModelProperty - Evaluating unwrapped getter for member getCode
2020-03-09 20:45:38.128 [main] DEBUG s.d.s.p.bean.BeanModelProperty - Evaluating unwrapped getter for member getCode
2020-03-09 20:45:38.128 [main] DEBUG s.d.s.p.OptimizedModelPropertiesProvider - Reading property message
2020-03-09 20:45:38.128 [main] DEBUG s.d.s.p.bean.BeanModelProperty - Evaluating unwrapped getter for member getMessage
2020-03-09 20:45:38.128 [main] DEBUG s.d.s.p.ObjectMapperBeanPropertyNamingStrategy - Name 'message' renamed to 'message'
2020-03-09 20:45:38.128 [main] DEBUG s.d.s.p.OptimizedModelPropertiesProvider - Adding property message to model
2020-03-09 20:45:38.128 [main] DEBUG s.d.s.p.bean.BeanModelProperty - Evaluating unwrapped getter for member getMessage
2020-03-09 20:45:38.128 [main] DEBUG s.d.s.p.bean.BeanModelProperty - Evaluating unwrapped getter for member getMessage
2020-03-09 20:45:38.128 [main] DEBUG s.d.s.p.bean.BeanModelProperty - Evaluating unwrapped getter for member getMessage
2020-03-09 20:45:38.128 [main] DEBUG s.d.s.p.bean.BeanModelProperty - Evaluating unwrapped getter for member getMessage
2020-03-09 20:45:38.128 [main] DEBUG s.d.s.p.OptimizedModelPropertiesProvider - Reading property queryResult
2020-03-09 20:45:38.129 [main] DEBUG s.d.s.p.bean.BeanModelProperty - Evaluating unwrapped getter for member getQueryResult
2020-03-09 20:45:38.129 [main] DEBUG s.d.s.p.ObjectMapperBeanPropertyNamingStrategy - Name 'queryResult' renamed to 'queryResult'
2020-03-09 20:45:38.129 [main] DEBUG s.d.s.p.OptimizedModelPropertiesProvider - Adding property queryResult to model
2020-03-09 20:45:38.129 [main] DEBUG s.d.s.p.bean.BeanModelProperty - Evaluating unwrapped getter for member getQueryResult
2020-03-09 20:45:38.129 [main] DEBUG s.d.s.p.bean.BeanModelProperty - Evaluating unwrapped getter for member getQueryResult
2020-03-09 20:45:38.129 [main] DEBUG s.d.s.p.bean.BeanModelProperty - Evaluating unwrapped getter for member getQueryResult
2020-03-09 20:45:38.129 [main] DEBUG s.d.s.p.bean.BeanModelProperty - Evaluating unwrapped getter for member getQueryResult
2020-03-09 20:45:38.129 [main] DEBUG s.d.schema.DefaultModelProvider - Inferred 4 properties. Properties found code, message, queryResult, success
2020-03-09 20:45:38.129 [main] DEBUG s.d.s.web.scanners.ApiModelReader - Generated parameter model id: QueryResponseResult, name: QueryResponseResult, schema: {} models
2020-03-09 20:45:38.129 [main] DEBUG s.d.s.web.scanners.ApiModelReader - Adding a new model with key QueryResponseResult
2020-03-09 20:45:38.129 [main] DEBUG s.d.s.DefaultModelDependencyProvider - Adding type Lcom/ningmeng/framework/model/response/QueryResult; for parameter queryResult
2020-03-09 20:45:38.129 [main] DEBUG s.d.s.DefaultModelDependencyProvider - Recursively resolving dependencies for type Lcom/ningmeng/framework/model/response/QueryResult;
2020-03-09 20:45:38.130 [main] DEBUG s.d.s.p.OptimizedModelPropertiesProvider - Reading property list
2020-03-09 20:45:38.131 [main] DEBUG s.d.s.p.bean.BeanModelProperty - Evaluating unwrapped getter for member getList
2020-03-09 20:45:38.131 [main] DEBUG s.d.s.p.ObjectMapperBeanPropertyNamingStrategy - Name 'list' renamed to 'list'
2020-03-09 20:45:38.131 [main] DEBUG s.d.s.p.OptimizedModelPropertiesProvider - Adding property list to model
2020-03-09 20:45:38.131 [main] DEBUG s.d.s.p.bean.BeanModelProperty - Evaluating unwrapped getter for member getList
2020-03-09 20:45:38.131 [main] DEBUG s.d.s.p.bean.BeanModelProperty - Evaluating unwrapped getter for member getList
2020-03-09 20:45:38.131 [main] DEBUG s.d.s.p.bean.BeanModelProperty - Evaluating unwrapped getter for member getList
2020-03-09 20:45:38.131 [main] DEBUG s.d.s.p.bean.BeanModelProperty - Evaluating unwrapped getter for member getList
2020-03-09 20:45:38.131 [main] DEBUG s.d.s.p.OptimizedModelPropertiesProvider - Reading property total
2020-03-09 20:45:38.131 [main] DEBUG s.d.s.p.bean.BeanModelProperty - Evaluating unwrapped getter for member getTotal
2020-03-09 20:45:38.131 [main] DEBUG s.d.s.p.ObjectMapperBeanPropertyNamingStrategy - Name 'total' renamed to 'total'
2020-03-09 20:45:38.131 [main] DEBUG s.d.s.p.OptimizedModelPropertiesProvider - Adding property total to model
2020-03-09 20:45:38.131 [main] DEBUG s.d.s.p.bean.BeanModelProperty - Evaluating unwrapped getter for member getTotal
2020-03-09 20:45:38.131 [main] DEBUG s.d.s.p.bean.BeanModelProperty - Evaluating unwrapped getter for member getTotal
2020-03-09 20:45:38.131 [main] DEBUG s.d.s.p.bean.BeanModelProperty - Evaluating unwrapped getter for member getTotal
2020-03-09 20:45:38.131 [main] DEBUG s.d.s.p.bean.BeanModelProperty - Evaluating unwrapped getter for member getTotal
2020-03-09 20:45:38.132 [main] DEBUG s.d.s.DefaultModelDependencyProvider - Adding type Ljava/util/List<Ljava/lang/Object;>; for parameter list
2020-03-09 20:45:38.132 [main] DEBUG s.d.s.DefaultModelDependencyProvider - Recursively resolving dependencies for collectionElement type Ljava/lang/Object;
2020-03-09 20:45:38.132 [main] DEBUG s.d.s.DefaultModelDependencyProvider - Marking base type Ljava/lang/Object; as seen
2020-03-09 20:45:38.132 [main] DEBUG s.d.schema.DefaultModelProvider - Inferred 2 properties. Properties found list, total
2020-03-09 20:45:38.132 [main] DEBUG s.d.schema.DefaultModelProvider - Skipping model of type Ljava/util/List<Ljava/lang/Object;>; as its either a container type, map, enum or base type, or its already been handled
2020-03-09 20:45:38.132 [main] DEBUG s.d.s.web.scanners.ApiModelReader - Adding a new model with key QueryResult
2020-03-09 20:45:38.134 [main] DEBUG s.d.s.w.r.o.OperationResponseClassReader - Setting spring response class to: QueryResponseResult
2020-03-09 20:45:38.135 [main] DEBUG s.d.s.r.o.OperationAuthReader - Authorization count 0 for method findCourseList
2020-03-09 20:45:38.136 [main] DEBUG s.d.s.r.o.SwaggerOperationResponseClassReader - Setting response class to:QueryResponseResult
2020-03-09 20:45:38.136 [main] DEBUG s.d.s.r.o.VendorExtensionsReader - Extension count 1 for method findCourseList
2020-03-09 20:45:38.137 [main] DEBUG s.d.s.w.r.o.OperationModelsProvider - Adding return parameter of type Lcom/ningmeng/framework/domain/course/CoursePic;
2020-03-09 20:45:38.137 [main] DEBUG s.d.s.w.r.o.OperationModelsProvider - Reading parameters models for handlerMethod |findCoursePic|
2020-03-09 20:45:38.137 [main] DEBUG s.d.s.w.r.o.OperationModelsProvider - Finished reading parameters models for handlerMethod |findCoursePic|
2020-03-09 20:45:38.138 [main] DEBUG s.d.s.r.o.SwaggerOperationModelsProvider - Reading parameters models for handlerMethod |findCoursePic|
2020-03-09 20:45:38.138 [main] DEBUG s.d.schema.DefaultModelProvider - Inferred 2 properties. Properties found courseid, pic
2020-03-09 20:45:38.138 [main] DEBUG s.d.s.web.scanners.ApiModelReader - Generated parameter model id: CoursePic, name: CoursePic, schema: {} models
2020-03-09 20:45:38.139 [main] DEBUG s.d.s.w.r.o.OperationResponseClassReader - Setting spring response class to: CoursePic
2020-03-09 20:45:38.140 [main] DEBUG s.d.s.r.o.OperationAuthReader - Authorization count 0 for method findCoursePic
2020-03-09 20:45:38.140 [main] DEBUG s.d.s.r.o.SwaggerOperationResponseClassReader - Setting response class to:CoursePic
2020-03-09 20:45:38.141 [main] DEBUG s.d.s.r.o.VendorExtensionsReader - Extension count 1 for method findCoursePic
2020-03-09 20:45:38.141 [main] DEBUG s.d.s.w.r.o.OperationModelsProvider - Adding return parameter of type Lcom/ningmeng/framework/domain/course/ext/CategoryNode;
2020-03-09 20:45:38.142 [main] DEBUG s.d.s.w.r.o.OperationModelsProvider - Reading parameters models for handlerMethod |findList|
2020-03-09 20:45:38.142 [main] DEBUG s.d.s.w.r.o.OperationModelsProvider - Finished reading parameters models for handlerMethod |findList|
2020-03-09 20:45:38.142 [main] DEBUG s.d.s.r.o.SwaggerOperationModelsProvider - Reading parameters models for handlerMethod |findList|
2020-03-09 20:45:38.143 [main] DEBUG s.d.s.p.OptimizedModelPropertiesProvider - Reading property id
2020-03-09 20:45:38.144 [main] DEBUG s.d.s.p.bean.BeanModelProperty - Evaluating unwrapped getter for member getId
2020-03-09 20:45:38.144 [main] DEBUG s.d.s.p.ObjectMapperBeanPropertyNamingStrategy - Name 'id' renamed to 'id'
2020-03-09 20:45:38.144 [main] DEBUG s.d.s.p.OptimizedModelPropertiesProvider - Adding property id to model
2020-03-09 20:45:38.144 [main] DEBUG s.d.s.p.bean.BeanModelProperty - Evaluating unwrapped getter for member getId
2020-03-09 20:45:38.144 [main] DEBUG s.d.s.p.bean.BeanModelProperty - Evaluating unwrapped getter for member getId
2020-03-09 20:45:38.144 [main] DEBUG s.d.s.p.bean.BeanModelProperty - Evaluating unwrapped getter for member getId
2020-03-09 20:45:38.144 [main] DEBUG s.d.s.p.bean.BeanModelProperty - Evaluating unwrapped getter for member getId
2020-03-09 20:45:38.144 [main] DEBUG s.d.s.p.OptimizedModelPropertiesProvider - Reading property name
2020-03-09 20:45:38.144 [main] DEBUG s.d.s.p.bean.BeanModelProperty - Evaluating unwrapped getter for member getName
2020-03-09 20:45:38.145 [main] DEBUG s.d.s.p.ObjectMapperBeanPropertyNamingStrategy - Name 'name' renamed to 'name'
2020-03-09 20:45:38.145 [main] DEBUG s.d.s.p.OptimizedModelPropertiesProvider - Adding property name to model
2020-03-09 20:45:38.145 [main] DEBUG s.d.s.p.bean.BeanModelProperty - Evaluating unwrapped getter for member getName
2020-03-09 20:45:38.145 [main] DEBUG s.d.s.p.bean.BeanModelProperty - Evaluating unwrapped getter for member getName
2020-03-09 20:45:38.145 [main] DEBUG s.d.s.p.bean.BeanModelProperty - Evaluating unwrapped getter for member getName
2020-03-09 20:45:38.145 [main] DEBUG s.d.s.p.bean.BeanModelProperty - Evaluating unwrapped getter for member getName
2020-03-09 20:45:38.145 [main] DEBUG s.d.s.p.OptimizedModelPropertiesProvider - Reading property label
2020-03-09 20:45:38.145 [main] DEBUG s.d.s.p.bean.BeanModelProperty - Evaluating unwrapped getter for member getLabel
2020-03-09 20:45:38.145 [main] DEBUG s.d.s.p.ObjectMapperBeanPropertyNamingStrategy - Name 'label' renamed to 'label'
2020-03-09 20:45:38.145 [main] DEBUG s.d.s.p.OptimizedModelPropertiesProvider - Adding property label to model
2020-03-09 20:45:38.145 [main] DEBUG s.d.s.p.bean.BeanModelProperty - Evaluating unwrapped getter for member getLabel
2020-03-09 20:45:38.145 [main] DEBUG s.d.s.p.bean.BeanModelProperty - Evaluating unwrapped getter for member getLabel
2020-03-09 20:45:38.145 [main] DEBUG s.d.s.p.bean.BeanModelProperty - Evaluating unwrapped getter for member getLabel
2020-03-09 20:45:38.145 [main] DEBUG s.d.s.p.bean.BeanModelProperty - Evaluating unwrapped getter for member getLabel
2020-03-09 20:45:38.146 [main] DEBUG s.d.s.p.OptimizedModelPropertiesProvider - Reading property parentid
2020-03-09 20:45:38.146 [main] DEBUG s.d.s.p.bean.BeanModelProperty - Evaluating unwrapped getter for member getParentid
2020-03-09 20:45:38.146 [main] DEBUG s.d.s.p.ObjectMapperBeanPropertyNamingStrategy - Name 'parentid' renamed to 'parentid'
2020-03-09 20:45:38.146 [main] DEBUG s.d.s.p.OptimizedModelPropertiesProvider - Adding property parentid to model
2020-03-09 20:45:38.146 [main] DEBUG s.d.s.p.bean.BeanModelProperty - Evaluating unwrapped getter for member getParentid
2020-03-09 20:45:38.146 [main] DEBUG s.d.s.p.bean.BeanModelProperty - Evaluating unwrapped getter for member getParentid
2020-03-09 20:45:38.146 [main] DEBUG s.d.s.p.bean.BeanModelProperty - Evaluating unwrapped getter for member getParentid
2020-03-09 20:45:38.146 [main] DEBUG s.d.s.p.bean.BeanModelProperty - Evaluating unwrapped getter for member getParentid
2020-03-09 20:45:38.146 [main] DEBUG s.d.s.p.OptimizedModelPropertiesProvider - Reading property isshow
2020-03-09 20:45:38.146 [main] DEBUG s.d.s.p.bean.BeanModelProperty - Evaluating unwrapped getter for member getIsshow
2020-03-09 20:45:38.146 [main] DEBUG s.d.s.p.ObjectMapperBeanPropertyNamingStrategy - Name 'isshow' renamed to 'isshow'
2020-03-09 20:45:38.146 [main] DEBUG s.d.s.p.OptimizedModelPropertiesProvider - Adding property isshow to model
2020-03-09 20:45:38.146 [main] DEBUG s.d.s.p.bean.BeanModelProperty - Evaluating unwrapped getter for member getIsshow
2020-03-09 20:45:38.146 [main] DEBUG s.d.s.p.bean.BeanModelProperty - Evaluating unwrapped getter for member getIsshow
2020-03-09 20:45:38.146 [main] DEBUG s.d.s.p.bean.BeanModelProperty - Evaluating unwrapped getter for member getIsshow
2020-03-09 20:45:38.146 [main] DEBUG s.d.s.p.bean.BeanModelProperty - Evaluating unwrapped getter for member getIsshow
2020-03-09 20:45:38.147 [main] DEBUG s.d.s.p.OptimizedModelPropertiesProvider - Reading property orderby
2020-03-09 20:45:38.147 [main] DEBUG s.d.s.p.bean.BeanModelProperty - Evaluating unwrapped getter for member getOrderby
2020-03-09 20:45:38.147 [main] DEBUG s.d.s.p.ObjectMapperBeanPropertyNamingStrategy - Name 'orderby' renamed to 'orderby'
2020-03-09 20:45:38.147 [main] DEBUG s.d.s.p.OptimizedModelPropertiesProvider - Adding property orderby to model
2020-03-09 20:45:38.147 [main] DEBUG s.d.s.p.bean.BeanModelProperty - Evaluating unwrapped getter for member getOrderby
2020-03-09 20:45:38.147 [main] DEBUG s.d.s.p.bean.BeanModelProperty - Evaluating unwrapped getter for member getOrderby
2020-03-09 20:45:38.147 [main] DEBUG s.d.s.p.bean.BeanModelProperty - Evaluating unwrapped getter for member getOrderby
2020-03-09 20:45:38.147 [main] DEBUG s.d.s.p.bean.BeanModelProperty - Evaluating unwrapped getter for member getOrderby
2020-03-09 20:45:38.147 [main] DEBUG s.d.s.p.OptimizedModelPropertiesProvider - Reading property isleaf
2020-03-09 20:45:38.147 [main] DEBUG s.d.s.p.bean.BeanModelProperty - Evaluating unwrapped getter for member getIsleaf
2020-03-09 20:45:38.147 [main] DEBUG s.d.s.p.ObjectMapperBeanPropertyNamingStrategy - Name 'isleaf' renamed to 'isleaf'
2020-03-09 20:45:38.147 [main] DEBUG s.d.s.p.OptimizedModelPropertiesProvider - Adding property isleaf to model
2020-03-09 20:45:38.147 [main] DEBUG s.d.s.p.bean.BeanModelProperty - Evaluating unwrapped getter for member getIsleaf
2020-03-09 20:45:38.147 [main] DEBUG s.d.s.p.bean.BeanModelProperty - Evaluating unwrapped getter for member getIsleaf
2020-03-09 20:45:38.147 [main] DEBUG s.d.s.p.bean.BeanModelProperty - Evaluating unwrapped getter for member getIsleaf
2020-03-09 20:45:38.147 [main] DEBUG s.d.s.p.bean.BeanModelProperty - Evaluating unwrapped getter for member getIsleaf
2020-03-09 20:45:38.148 [main] DEBUG s.d.s.p.OptimizedModelPropertiesProvider - Reading property children
2020-03-09 20:45:38.148 [main] DEBUG s.d.s.p.bean.BeanModelProperty - Evaluating unwrapped getter for member getChildren
2020-03-09 20:45:38.148 [main] DEBUG s.d.s.p.ObjectMapperBeanPropertyNamingStrategy - Name 'children' renamed to 'children'
2020-03-09 20:45:38.148 [main] DEBUG s.d.s.p.OptimizedModelPropertiesProvider - Adding property children to model
2020-03-09 20:45:38.148 [main] DEBUG s.d.s.p.bean.BeanModelProperty - Evaluating unwrapped getter for member getChildren
2020-03-09 20:45:38.148 [main] DEBUG s.d.s.p.bean.BeanModelProperty - Evaluating unwrapped getter for member getChildren
2020-03-09 20:45:38.148 [main] DEBUG s.d.s.p.bean.BeanModelProperty - Evaluating unwrapped getter for member getChildren
2020-03-09 20:45:38.148 [main] DEBUG s.d.s.p.bean.BeanModelProperty - Evaluating unwrapped getter for member getChildren
2020-03-09 20:45:38.148 [main] DEBUG s.d.schema.DefaultModelProvider - Inferred 8 properties. Properties found children, id, isleaf, isshow, label, name, orderby, parentid
2020-03-09 20:45:38.148 [main] DEBUG s.d.s.web.scanners.ApiModelReader - Generated parameter model id: CategoryNode, name: CategoryNode, schema: {} models
2020-03-09 20:45:38.148 [main] DEBUG s.d.s.web.scanners.ApiModelReader - Adding a new model with key CategoryNode
2020-03-09 20:45:38.150 [main] DEBUG s.d.s.DefaultModelDependencyProvider - Adding type Ljava/util/List<Lcom/ningmeng/framework/domain/course/ext/CategoryNode;>; for parameter children
2020-03-09 20:45:38.151 [main] DEBUG s.d.s.DefaultModelDependencyProvider - Adding collectionElement type Lcom/ningmeng/framework/domain/course/ext/CategoryNode;
2020-03-09 20:45:38.151 [main] DEBUG s.d.s.DefaultModelDependencyProvider - Recursively resolving dependencies for collectionElement type Lcom/ningmeng/framework/domain/course/ext/CategoryNode;
2020-03-09 20:45:38.151 [main] DEBUG s.d.schema.DefaultModelProvider - Skipping model of type Ljava/util/List<Lcom/ningmeng/framework/domain/course/ext/CategoryNode;>; as its either a container type, map, enum or base type, or its already been handled
2020-03-09 20:45:38.154 [main] DEBUG s.d.s.w.r.o.OperationResponseClassReader - Setting spring response class to: CategoryNode
2020-03-09 20:45:38.157 [main] DEBUG s.d.s.r.o.OperationAuthReader - Authorization count 0 for method findList
2020-03-09 20:45:38.157 [main] DEBUG s.d.s.r.o.SwaggerOperationResponseClassReader - Setting response class to:CategoryNode
2020-03-09 20:45:38.158 [main] DEBUG s.d.s.r.o.VendorExtensionsReader - Extension count 1 for method findList
2020-03-09 20:45:38.158 [main] DEBUG s.d.s.w.r.o.OperationModelsProvider - Adding return parameter of type Lcom/ningmeng/framework/domain/course/ext/TeachplanNode;
2020-03-09 20:45:38.158 [main] DEBUG s.d.s.w.r.o.OperationModelsProvider - Reading parameters models for handlerMethod |findTeachplanList|
2020-03-09 20:45:38.159 [main] DEBUG s.d.s.w.r.o.OperationModelsProvider - Finished reading parameters models for handlerMethod |findTeachplanList|
2020-03-09 20:45:38.159 [main] DEBUG s.d.s.r.o.SwaggerOperationModelsProvider - Reading parameters models for handlerMethod |findTeachplanList|
2020-03-09 20:45:38.160 [main] DEBUG s.d.schema.DefaultModelProvider - Inferred 14 properties. Properties found children, courseid, description, grade, id, mediaFileOriginalName, mediaId, orderby, parentid, pname, ptype, status, timelength, trylearn
2020-03-09 20:45:38.162 [main] DEBUG s.d.s.web.scanners.ApiModelReader - Generated parameter model id: TeachplanNode, name: TeachplanNode, schema: {} models
2020-03-09 20:45:38.162 [main] DEBUG s.d.s.DefaultModelDependencyProvider - Adding type Ljava/util/List<Lcom/ningmeng/framework/domain/course/ext/TeachplanNode;>; for parameter children
2020-03-09 20:45:38.162 [main] DEBUG s.d.s.DefaultModelDependencyProvider - Adding collectionElement type Lcom/ningmeng/framework/domain/course/ext/TeachplanNode;
2020-03-09 20:45:38.162 [main] DEBUG s.d.s.DefaultModelDependencyProvider - Recursively resolving dependencies for collectionElement type Lcom/ningmeng/framework/domain/course/ext/TeachplanNode;
2020-03-09 20:45:38.163 [main] DEBUG s.d.schema.DefaultModelProvider - Skipping model of type Ljava/util/List<Lcom/ningmeng/framework/domain/course/ext/TeachplanNode;>; as its either a container type, map, enum or base type, or its already been handled
2020-03-09 20:45:38.164 [main] DEBUG s.d.s.w.r.o.OperationResponseClassReader - Setting spring response class to: TeachplanNode
2020-03-09 20:45:38.165 [main] DEBUG s.d.s.r.o.OperationAuthReader - Authorization count 0 for method findTeachplanList
2020-03-09 20:45:38.166 [main] DEBUG s.d.s.r.o.SwaggerOperationResponseClassReader - Setting response class to:TeachplanNode
2020-03-09 20:45:38.167 [main] DEBUG s.d.s.r.o.VendorExtensionsReader - Extension count 1 for method findTeachplanList
2020-03-09 20:45:38.168 [main] DEBUG s.d.s.w.r.o.OperationModelsProvider - Adding return parameter of type Lcom/ningmeng/framework/domain/course/CourseBase;
2020-03-09 20:45:38.168 [main] DEBUG s.d.s.w.r.o.OperationModelsProvider - Reading parameters models for handlerMethod |getCourseBaseById|
2020-03-09 20:45:38.169 [main] DEBUG s.d.s.w.r.o.OperationModelsProvider - Finished reading parameters models for handlerMethod |getCourseBaseById|
2020-03-09 20:45:38.169 [main] DEBUG s.d.s.r.o.SwaggerOperationModelsProvider - Reading parameters models for handlerMethod |getCourseBaseById|
2020-03-09 20:45:38.170 [main] DEBUG s.d.schema.DefaultModelProvider - Inferred 12 properties. Properties found companyId, description, grade, id, mt, name, st, status, studymodel, teachmode, userId, users
2020-03-09 20:45:38.170 [main] DEBUG s.d.s.web.scanners.ApiModelReader - Generated parameter model id: CourseBase, name: CourseBase, schema: {} models
2020-03-09 20:45:38.174 [main] DEBUG s.d.s.w.r.o.OperationResponseClassReader - Setting spring response class to: CourseBase
2020-03-09 20:45:38.175 [main] DEBUG s.d.s.r.o.OperationAuthReader - Authorization count 0 for method getCourseBaseById
2020-03-09 20:45:38.176 [main] DEBUG s.d.s.r.o.SwaggerOperationResponseClassReader - Setting response class to:CourseBase
2020-03-09 20:45:38.179 [main] DEBUG s.d.s.r.o.VendorExtensionsReader - Extension count 1 for method getCourseBaseById
2020-03-09 20:45:38.181 [main] DEBUG s.d.s.w.r.o.OperationModelsProvider - Adding return parameter of type Lcom/ningmeng/framework/domain/course/CourseMarket;
2020-03-09 20:45:38.181 [main] DEBUG s.d.s.w.r.o.OperationModelsProvider - Reading parameters models for handlerMethod |getCourseMarketById|
2020-03-09 20:45:38.182 [main] DEBUG s.d.s.w.r.o.OperationModelsProvider - Finished reading parameters models for handlerMethod |getCourseMarketById|
2020-03-09 20:45:38.183 [main] DEBUG s.d.s.r.o.SwaggerOperationModelsProvider - Reading parameters models for handlerMethod |getCourseMarketById|
2020-03-09 20:45:38.183 [main] DEBUG s.d.schema.DefaultModelProvider - Inferred 8 properties. Properties found charge, endTime, id, price, price_old, qq, startTime, valid
2020-03-09 20:45:38.184 [main] DEBUG s.d.s.web.scanners.ApiModelReader - Generated parameter model id: CourseMarket, name: CourseMarket, schema: {} models
2020-03-09 20:45:38.187 [main] DEBUG s.d.s.w.r.o.OperationResponseClassReader - Setting spring response class to: CourseMarket
2020-03-09 20:45:38.188 [main] DEBUG s.d.s.r.o.OperationAuthReader - Authorization count 0 for method getCourseMarketById
2020-03-09 20:45:38.189 [main] DEBUG s.d.s.r.o.SwaggerOperationResponseClassReader - Setting response class to:CourseMarket
2020-03-09 20:45:38.193 [main] DEBUG s.d.s.r.o.VendorExtensionsReader - Extension count 1 for method getCourseMarketById
2020-03-09 20:45:38.200 [main] DEBUG s.d.s.w.r.o.OperationModelsProvider - Adding return parameter of type Lcom/ningmeng/framework/domain/course/response/CoursePublishResult;
2020-03-09 20:45:38.200 [main] DEBUG s.d.s.w.r.o.OperationModelsProvider - Reading parameters models for handlerMethod |preview|
2020-03-09 20:45:38.204 [main] DEBUG s.d.s.w.r.o.OperationModelsProvider - Finished reading parameters models for handlerMethod |preview|
2020-03-09 20:45:38.205 [main] DEBUG s.d.s.r.o.SwaggerOperationModelsProvider - Reading parameters models for handlerMethod |preview|
2020-03-09 20:45:38.206 [main] DEBUG s.d.s.p.OptimizedModelPropertiesProvider - Reading property success
2020-03-09 20:45:38.207 [main] DEBUG s.d.s.p.bean.BeanModelProperty - Evaluating unwrapped getter for member isSuccess
2020-03-09 20:45:38.207 [main] DEBUG s.d.s.p.ObjectMapperBeanPropertyNamingStrategy - Name 'success' renamed to 'success'
2020-03-09 20:45:38.207 [main] DEBUG s.d.s.p.OptimizedModelPropertiesProvider - Adding property success to model
2020-03-09 20:45:38.207 [main] DEBUG s.d.s.p.bean.BeanModelProperty - Evaluating unwrapped getter for member isSuccess
2020-03-09 20:45:38.207 [main] DEBUG s.d.s.p.bean.BeanModelProperty - Evaluating unwrapped getter for member isSuccess
2020-03-09 20:45:38.207 [main] DEBUG s.d.s.p.bean.BeanModelProperty - Evaluating unwrapped getter for member isSuccess
2020-03-09 20:45:38.207 [main] DEBUG s.d.s.p.bean.BeanModelProperty - Evaluating unwrapped getter for member isSuccess
2020-03-09 20:45:38.207 [main] DEBUG s.d.s.p.OptimizedModelPropertiesProvider - Reading property code
2020-03-09 20:45:38.208 [main] DEBUG s.d.s.p.bean.BeanModelProperty - Evaluating unwrapped getter for member getCode
2020-03-09 20:45:38.208 [main] DEBUG s.d.s.p.ObjectMapperBeanPropertyNamingStrategy - Name 'code' renamed to 'code'
2020-03-09 20:45:38.208 [main] DEBUG s.d.s.p.OptimizedModelPropertiesProvider - Adding property code to model
2020-03-09 20:45:38.208 [main] DEBUG s.d.s.p.bean.BeanModelProperty - Evaluating unwrapped getter for member getCode
2020-03-09 20:45:38.208 [main] DEBUG s.d.s.p.bean.BeanModelProperty - Evaluating unwrapped getter for member getCode
2020-03-09 20:45:38.208 [main] DEBUG s.d.s.p.bean.BeanModelProperty - Evaluating unwrapped getter for member getCode
2020-03-09 20:45:38.208 [main] DEBUG s.d.s.p.bean.BeanModelProperty - Evaluating unwrapped getter for member getCode
2020-03-09 20:45:38.208 [main] DEBUG s.d.s.p.OptimizedModelPropertiesProvider - Reading property message
2020-03-09 20:45:38.208 [main] DEBUG s.d.s.p.bean.BeanModelProperty - Evaluating unwrapped getter for member getMessage
2020-03-09 20:45:38.208 [main] DEBUG s.d.s.p.ObjectMapperBeanPropertyNamingStrategy - Name 'message' renamed to 'message'
2020-03-09 20:45:38.208 [main] DEBUG s.d.s.p.OptimizedModelPropertiesProvider - Adding property message to model
2020-03-09 20:45:38.208 [main] DEBUG s.d.s.p.bean.BeanModelProperty - Evaluating unwrapped getter for member getMessage
2020-03-09 20:45:38.208 [main] DEBUG s.d.s.p.bean.BeanModelProperty - Evaluating unwrapped getter for member getMessage
2020-03-09 20:45:38.208 [main] DEBUG s.d.s.p.bean.BeanModelProperty - Evaluating unwrapped getter for member getMessage
2020-03-09 20:45:38.208 [main] DEBUG s.d.s.p.bean.BeanModelProperty - Evaluating unwrapped getter for member getMessage
2020-03-09 20:45:38.208 [main] DEBUG s.d.s.p.OptimizedModelPropertiesProvider - Reading property previewUrl
2020-03-09 20:45:38.208 [main] DEBUG s.d.s.p.bean.BeanModelProperty - Evaluating unwrapped getter for member getPreviewUrl
2020-03-09 20:45:38.208 [main] DEBUG s.d.s.p.ObjectMapperBeanPropertyNamingStrategy - Name 'previewUrl' renamed to 'previewUrl'
2020-03-09 20:45:38.208 [main] DEBUG s.d.s.p.OptimizedModelPropertiesProvider - Adding property previewUrl to model
2020-03-09 20:45:38.208 [main] DEBUG s.d.s.p.bean.BeanModelProperty - Evaluating unwrapped getter for member getPreviewUrl
2020-03-09 20:45:38.209 [main] DEBUG s.d.s.p.bean.BeanModelProperty - Evaluating unwrapped getter for member getPreviewUrl
2020-03-09 20:45:38.209 [main] DEBUG s.d.s.p.bean.BeanModelProperty - Evaluating unwrapped getter for member getPreviewUrl
2020-03-09 20:45:38.209 [main] DEBUG s.d.s.p.bean.BeanModelProperty - Evaluating unwrapped getter for member getPreviewUrl
2020-03-09 20:45:38.209 [main] DEBUG s.d.schema.DefaultModelProvider - Inferred 4 properties. Properties found code, message, previewUrl, success
2020-03-09 20:45:38.210 [main] DEBUG s.d.s.web.scanners.ApiModelReader - Generated parameter model id: CoursePublishResult, name: CoursePublishResult, schema: {} models
2020-03-09 20:45:38.210 [main] DEBUG s.d.s.web.scanners.ApiModelReader - Adding a new model with key CoursePublishResult
2020-03-09 20:45:38.215 [main] DEBUG s.d.s.w.r.o.OperationResponseClassReader - Setting spring response class to: CoursePublishResult
2020-03-09 20:45:38.216 [main] DEBUG s.d.s.r.o.OperationAuthReader - Authorization count 0 for method preview
2020-03-09 20:45:38.221 [main] DEBUG s.d.s.r.o.SwaggerOperationResponseClassReader - Setting response class to:CoursePublishResult
2020-03-09 20:45:38.223 [main] DEBUG s.d.s.r.o.VendorExtensionsReader - Extension count 1 for method preview
2020-03-09 20:45:38.225 [main] DEBUG s.d.s.w.r.o.OperationModelsProvider - Adding return parameter of type Lcom/ningmeng/framework/domain/course/response/CoursePublishResult;
2020-03-09 20:45:38.225 [main] DEBUG s.d.s.w.r.o.OperationModelsProvider - Reading parameters models for handlerMethod |publish|
2020-03-09 20:45:38.226 [main] DEBUG s.d.s.w.r.o.OperationModelsProvider - Finished reading parameters models for handlerMethod |publish|
2020-03-09 20:45:38.226 [main] DEBUG s.d.s.r.o.SwaggerOperationModelsProvider - Reading parameters models for handlerMethod |publish|
2020-03-09 20:45:38.226 [main] DEBUG s.d.s.web.scanners.ApiModelReader - Generated parameter model id: CoursePublishResult, name: CoursePublishResult, schema: {} models
2020-03-09 20:45:38.231 [main] DEBUG s.d.s.w.r.o.OperationResponseClassReader - Setting spring response class to: CoursePublishResult
2020-03-09 20:45:38.232 [main] DEBUG s.d.s.r.o.OperationAuthReader - Authorization count 0 for method publish
2020-03-09 20:45:38.232 [main] DEBUG s.d.s.r.o.SwaggerOperationResponseClassReader - Setting response class to:CoursePublishResult
2020-03-09 20:45:38.234 [main] DEBUG s.d.s.r.o.VendorExtensionsReader - Extension count 1 for method publish
2020-03-09 20:45:38.235 [main] DEBUG s.d.s.w.r.o.OperationModelsProvider - Adding return parameter of type Lcom/ningmeng/framework/model/response/ResponseResult;
2020-03-09 20:45:38.235 [main] DEBUG s.d.s.w.r.o.OperationModelsProvider - Reading parameters models for handlerMethod |savemedia|
2020-03-09 20:45:38.236 [main] DEBUG s.d.s.w.r.o.OperationModelsProvider - Adding input parameter of type Lcom/ningmeng/framework/domain/course/TeachplanMedia;
2020-03-09 20:45:38.236 [main] DEBUG s.d.s.w.r.o.OperationModelsProvider - Finished reading parameters models for handlerMethod |savemedia|
2020-03-09 20:45:38.237 [main] DEBUG s.d.s.r.o.SwaggerOperationModelsProvider - Reading parameters models for handlerMethod |savemedia|
2020-03-09 20:45:38.237 [main] DEBUG s.d.s.web.scanners.ApiModelReader - Generated parameter model id: ResponseResult, name: ResponseResult, schema: {} models
2020-03-09 20:45:38.238 [main] DEBUG s.d.s.p.OptimizedModelPropertiesProvider - Reading property teachplanId
2020-03-09 20:45:38.238 [main] DEBUG s.d.s.p.bean.BeanModelProperty - Evaluating unwrapped setter for member setTeachplanId
2020-03-09 20:45:38.238 [main] DEBUG s.d.s.p.ObjectMapperBeanPropertyNamingStrategy - Name 'teachplanId' renamed to 'teachplanId'
2020-03-09 20:45:38.238 [main] DEBUG s.d.s.p.OptimizedModelPropertiesProvider - Adding property teachplanId to model
2020-03-09 20:45:38.238 [main] DEBUG s.d.s.p.bean.BeanModelProperty - Evaluating unwrapped setter for member setTeachplanId
2020-03-09 20:45:38.239 [main] DEBUG s.d.s.p.bean.BeanModelProperty - Evaluating unwrapped setter for member setTeachplanId
2020-03-09 20:45:38.239 [main] DEBUG s.d.s.p.bean.BeanModelProperty - Evaluating unwrapped setter for member setTeachplanId
2020-03-09 20:45:38.239 [main] DEBUG s.d.s.p.bean.BeanModelProperty - Evaluating unwrapped setter for member setTeachplanId
2020-03-09 20:45:38.239 [main] DEBUG s.d.s.p.OptimizedModelPropertiesProvider - Reading property mediaId
2020-03-09 20:45:38.239 [main] DEBUG s.d.s.p.bean.BeanModelProperty - Evaluating unwrapped setter for member setMediaId
2020-03-09 20:45:38.239 [main] DEBUG s.d.s.p.ObjectMapperBeanPropertyNamingStrategy - Name 'mediaId' renamed to 'mediaId'
2020-03-09 20:45:38.239 [main] DEBUG s.d.s.p.OptimizedModelPropertiesProvider - Adding property mediaId to model
2020-03-09 20:45:38.239 [main] DEBUG s.d.s.p.bean.BeanModelProperty - Evaluating unwrapped setter for member setMediaId
2020-03-09 20:45:38.239 [main] DEBUG s.d.s.p.bean.BeanModelProperty - Evaluating unwrapped setter for member setMediaId
2020-03-09 20:45:38.239 [main] DEBUG s.d.s.p.bean.BeanModelProperty - Evaluating unwrapped setter for member setMediaId
2020-03-09 20:45:38.239 [main] DEBUG s.d.s.p.bean.BeanModelProperty - Evaluating unwrapped setter for member setMediaId
2020-03-09 20:45:38.239 [main] DEBUG s.d.s.p.OptimizedModelPropertiesProvider - Reading property mediaFileOriginalName
2020-03-09 20:45:38.239 [main] DEBUG s.d.s.p.bean.BeanModelProperty - Evaluating unwrapped setter for member setMediaFileOriginalName
2020-03-09 20:45:38.239 [main] DEBUG s.d.s.p.ObjectMapperBeanPropertyNamingStrategy - Name 'mediaFileOriginalName' renamed to 'mediaFileOriginalName'
2020-03-09 20:45:38.239 [main] DEBUG s.d.s.p.OptimizedModelPropertiesProvider - Adding property mediaFileOriginalName to model
2020-03-09 20:45:38.239 [main] DEBUG s.d.s.p.bean.BeanModelProperty - Evaluating unwrapped setter for member setMediaFileOriginalName
2020-03-09 20:45:38.240 [main] DEBUG s.d.s.p.bean.BeanModelProperty - Evaluating unwrapped setter for member setMediaFileOriginalName
2020-03-09 20:45:38.240 [main] DEBUG s.d.s.p.bean.BeanModelProperty - Evaluating unwrapped setter for member setMediaFileOriginalName
2020-03-09 20:45:38.240 [main] DEBUG s.d.s.p.bean.BeanModelProperty - Evaluating unwrapped setter for member setMediaFileOriginalName
2020-03-09 20:45:38.240 [main] DEBUG s.d.s.p.OptimizedModelPropertiesProvider - Reading property mediaUrl
2020-03-09 20:45:38.240 [main] DEBUG s.d.s.p.bean.BeanModelProperty - Evaluating unwrapped setter for member setMediaUrl
2020-03-09 20:45:38.240 [main] DEBUG s.d.s.p.ObjectMapperBeanPropertyNamingStrategy - Name 'mediaUrl' renamed to 'mediaUrl'
2020-03-09 20:45:38.240 [main] DEBUG s.d.s.p.OptimizedModelPropertiesProvider - Adding property mediaUrl to model
2020-03-09 20:45:38.240 [main] DEBUG s.d.s.p.bean.BeanModelProperty - Evaluating unwrapped setter for member setMediaUrl
2020-03-09 20:45:38.240 [main] DEBUG s.d.s.p.bean.BeanModelProperty - Evaluating unwrapped setter for member setMediaUrl
2020-03-09 20:45:38.240 [main] DEBUG s.d.s.p.bean.BeanModelProperty - Evaluating unwrapped setter for member setMediaUrl
2020-03-09 20:45:38.241 [main] DEBUG s.d.s.p.bean.BeanModelProperty - Evaluating unwrapped setter for member setMediaUrl
2020-03-09 20:45:38.241 [main] DEBUG s.d.s.p.OptimizedModelPropertiesProvider - Reading property courseId
2020-03-09 20:45:38.242 [main] DEBUG s.d.s.p.bean.BeanModelProperty - Evaluating unwrapped setter for member setCourseId
2020-03-09 20:45:38.242 [main] DEBUG s.d.s.p.ObjectMapperBeanPropertyNamingStrategy - Name 'courseId' renamed to 'courseId'
2020-03-09 20:45:38.242 [main] DEBUG s.d.s.p.OptimizedModelPropertiesProvider - Adding property courseId to model
2020-03-09 20:45:38.242 [main] DEBUG s.d.s.p.bean.BeanModelProperty - Evaluating unwrapped setter for member setCourseId
2020-03-09 20:45:38.242 [main] DEBUG s.d.s.p.bean.BeanModelProperty - Evaluating unwrapped setter for member setCourseId
2020-03-09 20:45:38.242 [main] DEBUG s.d.s.p.bean.BeanModelProperty - Evaluating unwrapped setter for member setCourseId
2020-03-09 20:45:38.242 [main] DEBUG s.d.s.p.bean.BeanModelProperty - Evaluating unwrapped setter for member setCourseId
2020-03-09 20:45:38.242 [main] DEBUG s.d.schema.DefaultModelProvider - Inferred 5 properties. Properties found courseId, mediaFileOriginalName, mediaId, mediaUrl, teachplanId
2020-03-09 20:45:38.245 [main] DEBUG s.d.s.web.scanners.ApiModelReader - Generated parameter model id: TeachplanMedia, name: TeachplanMedia, schema: {} models
2020-03-09 20:45:38.245 [main] DEBUG s.d.s.web.scanners.ApiModelReader - Adding a new model with key TeachplanMedia
2020-03-09 20:45:38.249 [main] DEBUG s.d.s.w.r.o.OperationResponseClassReader - Setting spring response class to: ResponseResult
2020-03-09 20:45:38.250 [main] DEBUG s.d.s.r.o.OperationAuthReader - Authorization count 0 for method savemedia
2020-03-09 20:45:38.251 [main] DEBUG s.d.s.r.o.SwaggerOperationResponseClassReader - Setting response class to:ResponseResult
2020-03-09 20:45:38.253 [main] DEBUG s.d.s.r.o.VendorExtensionsReader - Extension count 1 for method savemedia
2020-03-09 20:45:38.255 [main] DEBUG s.d.s.w.r.o.OperationModelsProvider - Adding return parameter of type Lcom/ningmeng/framework/model/response/ResponseResult;
2020-03-09 20:45:38.255 [main] DEBUG s.d.s.w.r.o.OperationModelsProvider - Reading parameters models for handlerMethod |updateCourseBase|
2020-03-09 20:45:38.256 [main] DEBUG s.d.s.w.r.o.OperationModelsProvider - Adding input parameter of type Lcom/ningmeng/framework/domain/course/CourseBase;
2020-03-09 20:45:38.256 [main] DEBUG s.d.s.w.r.o.OperationModelsProvider - Finished reading parameters models for handlerMethod |updateCourseBase|
2020-03-09 20:45:38.256 [main] DEBUG s.d.s.r.o.SwaggerOperationModelsProvider - Reading parameters models for handlerMethod |updateCourseBase|
2020-03-09 20:45:38.256 [main] DEBUG s.d.s.web.scanners.ApiModelReader - Generated parameter model id: CourseBase, name: CourseBase, schema: {} models
2020-03-09 20:45:38.257 [main] DEBUG s.d.s.web.scanners.ApiModelReader - Generated parameter model id: ResponseResult, name: ResponseResult, schema: {} models
2020-03-09 20:45:38.260 [main] DEBUG s.d.s.w.r.o.OperationResponseClassReader - Setting spring response class to: ResponseResult
2020-03-09 20:45:38.262 [main] DEBUG s.d.s.r.o.OperationAuthReader - Authorization count 0 for method updateCourseBase
2020-03-09 20:45:38.263 [main] DEBUG s.d.s.r.o.SwaggerOperationResponseClassReader - Setting response class to:ResponseResult
2020-03-09 20:45:38.264 [main] DEBUG s.d.s.r.o.VendorExtensionsReader - Extension count 1 for method updateCourseBase
2020-03-09 20:45:38.265 [main] DEBUG s.d.s.w.r.o.OperationModelsProvider - Adding return parameter of type Lcom/ningmeng/framework/model/response/ResponseResult;
2020-03-09 20:45:38.265 [main] DEBUG s.d.s.w.r.o.OperationModelsProvider - Reading parameters models for handlerMethod |updateCourseMarket|
2020-03-09 20:45:38.265 [main] DEBUG s.d.s.w.r.o.OperationModelsProvider - Finished reading parameters models for handlerMethod |updateCourseMarket|
2020-03-09 20:45:38.265 [main] DEBUG s.d.s.r.o.SwaggerOperationModelsProvider - Reading parameters models for handlerMethod |updateCourseMarket|
2020-03-09 20:45:38.266 [main] DEBUG s.d.s.web.scanners.ApiModelReader - Generated parameter model id: ResponseResult, name: ResponseResult, schema: {} models
2020-03-09 20:45:38.270 [main] DEBUG s.d.s.w.r.p.ModelAttributeParameterExpander - Expanding parameter type: com.ningmeng.framework.domain.course.CourseMarket
2020-03-09 20:45:38.276 [main] DEBUG s.d.s.w.r.p.ModelAttributeParameterExpander - Attempting to expand field: springfox.documentation.spring.web.readers.parameter.ModelAttributeField@69988d42
2020-03-09 20:45:38.276 [main] DEBUG s.d.s.w.r.p.ModelAttributeParameterExpander - Building parameter for field: springfox.documentation.spring.web.readers.parameter.ModelAttributeField@69988d42, with type: 
2020-03-09 20:45:38.278 [main] DEBUG o.s.b.f.s.DefaultListableBeanFactory - Returning cached instance of singleton bean 'expandedParameterBuilder'
2020-03-09 20:45:38.278 [main] DEBUG o.s.b.f.s.DefaultListableBeanFactory - Returning cached instance of singleton bean 'swaggerExpandedParameterBuilder'
2020-03-09 20:45:38.279 [main] DEBUG s.d.s.w.r.p.ModelAttributeParameterExpander - Attempting to expand field: springfox.documentation.spring.web.readers.parameter.ModelAttributeField@48a61e38
2020-03-09 20:45:38.280 [main] DEBUG s.d.s.w.r.p.ModelAttributeParameterExpander - Building parameter for field: springfox.documentation.spring.web.readers.parameter.ModelAttributeField@48a61e38, with type: 
2020-03-09 20:45:38.280 [main] DEBUG s.d.s.w.r.p.ModelAttributeParameterExpander - Attempting to expand field: springfox.documentation.spring.web.readers.parameter.ModelAttributeField@52a3eef8
2020-03-09 20:45:38.280 [main] DEBUG s.d.s.w.r.p.ModelAttributeParameterExpander - Building parameter for field: springfox.documentation.spring.web.readers.parameter.ModelAttributeField@52a3eef8, with type: 
2020-03-09 20:45:38.280 [main] DEBUG s.d.s.w.r.p.ModelAttributeParameterExpander - Attempting to expand field: springfox.documentation.spring.web.readers.parameter.ModelAttributeField@37d8562f
2020-03-09 20:45:38.280 [main] DEBUG s.d.s.w.r.p.ModelAttributeParameterExpander - Building parameter for field: springfox.documentation.spring.web.readers.parameter.ModelAttributeField@37d8562f, with type: 
2020-03-09 20:45:38.280 [main] DEBUG s.d.s.w.r.p.ModelAttributeParameterExpander - Attempting to expand field: springfox.documentation.spring.web.readers.parameter.ModelAttributeField@19656e21
2020-03-09 20:45:38.280 [main] DEBUG s.d.s.w.r.p.ModelAttributeParameterExpander - Building parameter for field: springfox.documentation.spring.web.readers.parameter.ModelAttributeField@19656e21, with type: 
2020-03-09 20:45:38.280 [main] DEBUG s.d.s.w.r.p.ModelAttributeParameterExpander - Attempting to expand field: springfox.documentation.spring.web.readers.parameter.ModelAttributeField@614ae4eb
2020-03-09 20:45:38.280 [main] DEBUG s.d.s.w.r.p.ModelAttributeParameterExpander - Building parameter for field: springfox.documentation.spring.web.readers.parameter.ModelAttributeField@614ae4eb, with type: 
2020-03-09 20:45:38.280 [main] DEBUG s.d.s.w.r.p.ModelAttributeParameterExpander - Attempting to expand field: springfox.documentation.spring.web.readers.parameter.ModelAttributeField@2cd31214
2020-03-09 20:45:38.280 [main] DEBUG s.d.s.w.r.p.ModelAttributeParameterExpander - Building parameter for field: springfox.documentation.spring.web.readers.parameter.ModelAttributeField@2cd31214, with type: 
2020-03-09 20:45:38.280 [main] DEBUG s.d.s.w.r.p.ModelAttributeParameterExpander - Attempting to expand field: springfox.documentation.spring.web.readers.parameter.ModelAttributeField@594f508f
2020-03-09 20:45:38.280 [main] DEBUG s.d.s.w.r.p.ModelAttributeParameterExpander - Building parameter for field: springfox.documentation.spring.web.readers.parameter.ModelAttributeField@594f508f, with type: 
2020-03-09 20:45:38.282 [main] DEBUG s.d.s.w.r.o.OperationResponseClassReader - Setting spring response class to: ResponseResult
2020-03-09 20:45:38.283 [main] DEBUG s.d.s.r.o.OperationAuthReader - Authorization count 0 for method updateCourseMarket
2020-03-09 20:45:38.283 [main] DEBUG s.d.s.r.o.SwaggerOperationResponseClassReader - Setting response class to:ResponseResult
2020-03-09 20:45:38.284 [main] DEBUG s.d.s.r.o.VendorExtensionsReader - Extension count 1 for method updateCourseMarket
2020-03-09 20:45:38.290 [main] DEBUG o.s.b.f.s.DefaultListableBeanFactory - Returning cached instance of singleton bean 'apiListingReader'
2020-03-09 20:45:38.290 [main] DEBUG o.s.b.f.s.DefaultListableBeanFactory - Returning cached instance of singleton bean 'mediaTypeReader'
2020-03-09 20:45:38.290 [main] DEBUG o.s.b.f.s.DefaultListableBeanFactory - Returning cached instance of singleton bean 'swaggerApiListingReader'
2020-03-09 20:45:38.293 [main] DEBUG s.d.s.w.r.o.OperationModelsProvider - Adding return parameter of type Lcom/ningmeng/framework/domain/system/SysDictionary;
2020-03-09 20:45:38.293 [main] DEBUG s.d.s.w.r.o.OperationModelsProvider - Reading parameters models for handlerMethod |getByType|
2020-03-09 20:45:38.293 [main] DEBUG s.d.s.w.r.o.OperationModelsProvider - Finished reading parameters models for handlerMethod |getByType|
2020-03-09 20:45:38.293 [main] DEBUG s.d.s.r.o.SwaggerOperationModelsProvider - Reading parameters models for handlerMethod |getByType|
2020-03-09 20:45:38.295 [main] DEBUG s.d.s.p.OptimizedModelPropertiesProvider - Reading property id
2020-03-09 20:45:38.295 [main] DEBUG s.d.s.p.bean.BeanModelProperty - Evaluating unwrapped getter for member getId
2020-03-09 20:45:38.295 [main] DEBUG s.d.s.p.ObjectMapperBeanPropertyNamingStrategy - Name 'id' renamed to 'id'
2020-03-09 20:45:38.295 [main] DEBUG s.d.s.p.OptimizedModelPropertiesProvider - Adding property id to model
2020-03-09 20:45:38.295 [main] DEBUG s.d.s.p.bean.BeanModelProperty - Evaluating unwrapped getter for member getId
2020-03-09 20:45:38.295 [main] DEBUG s.d.s.p.bean.BeanModelProperty - Evaluating unwrapped getter for member getId
2020-03-09 20:45:38.295 [main] DEBUG s.d.s.p.bean.BeanModelProperty - Evaluating unwrapped getter for member getId
2020-03-09 20:45:38.295 [main] DEBUG s.d.s.p.bean.BeanModelProperty - Evaluating unwrapped getter for member getId
2020-03-09 20:45:38.296 [main] DEBUG s.d.s.p.OptimizedModelPropertiesProvider - Reading property dname
2020-03-09 20:45:38.296 [main] DEBUG s.d.s.p.bean.BeanModelProperty - Evaluating unwrapped getter for member getDName
2020-03-09 20:45:38.296 [main] DEBUG s.d.s.p.ObjectMapperBeanPropertyNamingStrategy - Name 'dname' renamed to 'dname'
2020-03-09 20:45:38.296 [main] DEBUG s.d.s.p.OptimizedModelPropertiesProvider - Adding property dname to model
2020-03-09 20:45:38.296 [main] DEBUG s.d.s.p.bean.BeanModelProperty - Evaluating unwrapped getter for member getDName
2020-03-09 20:45:38.296 [main] DEBUG s.d.s.p.bean.BeanModelProperty - Evaluating unwrapped getter for member getDName
2020-03-09 20:45:38.296 [main] DEBUG s.d.s.p.bean.BeanModelProperty - Evaluating unwrapped getter for member getDName
2020-03-09 20:45:38.296 [main] DEBUG s.d.s.p.bean.BeanModelProperty - Evaluating unwrapped getter for member getDName
2020-03-09 20:45:38.296 [main] DEBUG s.d.s.p.OptimizedModelPropertiesProvider - Reading property dtype
2020-03-09 20:45:38.296 [main] DEBUG s.d.s.p.bean.BeanModelProperty - Evaluating unwrapped getter for member getDType
2020-03-09 20:45:38.296 [main] DEBUG s.d.s.p.ObjectMapperBeanPropertyNamingStrategy - Name 'dtype' renamed to 'dtype'
2020-03-09 20:45:38.296 [main] DEBUG s.d.s.p.OptimizedModelPropertiesProvider - Adding property dtype to model
2020-03-09 20:45:38.296 [main] DEBUG s.d.s.p.bean.BeanModelProperty - Evaluating unwrapped getter for member getDType
2020-03-09 20:45:38.296 [main] DEBUG s.d.s.p.bean.BeanModelProperty - Evaluating unwrapped getter for member getDType
2020-03-09 20:45:38.296 [main] DEBUG s.d.s.p.bean.BeanModelProperty - Evaluating unwrapped getter for member getDType
2020-03-09 20:45:38.296 [main] DEBUG s.d.s.p.bean.BeanModelProperty - Evaluating unwrapped getter for member getDType
2020-03-09 20:45:38.296 [main] DEBUG s.d.s.p.OptimizedModelPropertiesProvider - Reading property dvalue
2020-03-09 20:45:38.296 [main] DEBUG s.d.s.p.bean.BeanModelProperty - Evaluating unwrapped getter for member getDValue
2020-03-09 20:45:38.296 [main] DEBUG s.d.s.p.ObjectMapperBeanPropertyNamingStrategy - Name 'dvalue' renamed to 'dvalue'
2020-03-09 20:45:38.296 [main] DEBUG s.d.s.p.OptimizedModelPropertiesProvider - Adding property dvalue to model
2020-03-09 20:45:38.296 [main] DEBUG s.d.s.p.bean.BeanModelProperty - Evaluating unwrapped getter for member getDValue
2020-03-09 20:45:38.297 [main] DEBUG s.d.s.p.bean.BeanModelProperty - Evaluating unwrapped getter for member getDValue
2020-03-09 20:45:38.297 [main] DEBUG s.d.s.p.bean.BeanModelProperty - Evaluating unwrapped getter for member getDValue
2020-03-09 20:45:38.297 [main] DEBUG s.d.s.p.bean.BeanModelProperty - Evaluating unwrapped getter for member getDValue
2020-03-09 20:45:38.297 [main] DEBUG s.d.schema.DefaultModelProvider - Inferred 4 properties. Properties found dname, dtype, dvalue, id
2020-03-09 20:45:38.297 [main] DEBUG s.d.s.web.scanners.ApiModelReader - Generated parameter model id: SysDictionary, name: SysDictionary, schema: {} models
2020-03-09 20:45:38.297 [main] DEBUG s.d.s.web.scanners.ApiModelReader - Adding a new model with key SysDictionary
2020-03-09 20:45:38.297 [main] DEBUG s.d.s.DefaultModelDependencyProvider - Adding type Ljava/util/List<Lcom/ningmeng/framework/domain/system/SysDictionaryValue;>; for parameter dvalue
2020-03-09 20:45:38.297 [main] DEBUG s.d.s.DefaultModelDependencyProvider - Adding collectionElement type Lcom/ningmeng/framework/domain/system/SysDictionaryValue;
2020-03-09 20:45:38.297 [main] DEBUG s.d.s.DefaultModelDependencyProvider - Recursively resolving dependencies for collectionElement type Lcom/ningmeng/framework/domain/system/SysDictionaryValue;
2020-03-09 20:45:38.298 [main] DEBUG s.d.s.p.OptimizedModelPropertiesProvider - Reading property sdId
2020-03-09 20:45:38.298 [main] DEBUG s.d.s.p.bean.BeanModelProperty - Evaluating unwrapped getter for member getSdId
2020-03-09 20:45:38.298 [main] DEBUG s.d.s.p.ObjectMapperBeanPropertyNamingStrategy - Name 'sdId' renamed to 'sdId'
2020-03-09 20:45:38.298 [main] DEBUG s.d.s.p.OptimizedModelPropertiesProvider - Adding property sdId to model
2020-03-09 20:45:38.298 [main] DEBUG s.d.s.p.bean.BeanModelProperty - Evaluating unwrapped getter for member getSdId
2020-03-09 20:45:38.299 [main] DEBUG s.d.s.p.bean.BeanModelProperty - Evaluating unwrapped getter for member getSdId
2020-03-09 20:45:38.299 [main] DEBUG s.d.s.p.bean.BeanModelProperty - Evaluating unwrapped getter for member getSdId
2020-03-09 20:45:38.299 [main] DEBUG s.d.s.p.bean.BeanModelProperty - Evaluating unwrapped getter for member getSdId
2020-03-09 20:45:38.299 [main] DEBUG s.d.s.p.OptimizedModelPropertiesProvider - Reading property sdName
2020-03-09 20:45:38.299 [main] DEBUG s.d.s.p.bean.BeanModelProperty - Evaluating unwrapped getter for member getSdName
2020-03-09 20:45:38.299 [main] DEBUG s.d.s.p.ObjectMapperBeanPropertyNamingStrategy - Name 'sdName' renamed to 'sdName'
2020-03-09 20:45:38.299 [main] DEBUG s.d.s.p.OptimizedModelPropertiesProvider - Adding property sdName to model
2020-03-09 20:45:38.299 [main] DEBUG s.d.s.p.bean.BeanModelProperty - Evaluating unwrapped getter for member getSdName
2020-03-09 20:45:38.299 [main] DEBUG s.d.s.p.bean.BeanModelProperty - Evaluating unwrapped getter for member getSdName
2020-03-09 20:45:38.299 [main] DEBUG s.d.s.p.bean.BeanModelProperty - Evaluating unwrapped getter for member getSdName
2020-03-09 20:45:38.299 [main] DEBUG s.d.s.p.bean.BeanModelProperty - Evaluating unwrapped getter for member getSdName
2020-03-09 20:45:38.299 [main] DEBUG s.d.s.p.OptimizedModelPropertiesProvider - Reading property sdStatus
2020-03-09 20:45:38.299 [main] DEBUG s.d.s.p.bean.BeanModelProperty - Evaluating unwrapped getter for member getSdStatus
2020-03-09 20:45:38.299 [main] DEBUG s.d.s.p.ObjectMapperBeanPropertyNamingStrategy - Name 'sdStatus' renamed to 'sdStatus'
2020-03-09 20:45:38.299 [main] DEBUG s.d.s.p.OptimizedModelPropertiesProvider - Adding property sdStatus to model
2020-03-09 20:45:38.299 [main] DEBUG s.d.s.p.bean.BeanModelProperty - Evaluating unwrapped getter for member getSdStatus
2020-03-09 20:45:38.299 [main] DEBUG s.d.s.p.bean.BeanModelProperty - Evaluating unwrapped getter for member getSdStatus
2020-03-09 20:45:38.299 [main] DEBUG s.d.s.p.bean.BeanModelProperty - Evaluating unwrapped getter for member getSdStatus
2020-03-09 20:45:38.300 [main] DEBUG s.d.s.p.bean.BeanModelProperty - Evaluating unwrapped getter for member getSdStatus
2020-03-09 20:45:38.300 [main] DEBUG s.d.schema.DefaultModelProvider - Skipping model of type Ljava/util/List<Lcom/ningmeng/framework/domain/system/SysDictionaryValue;>; as its either a container type, map, enum or base type, or its already been handled
2020-03-09 20:45:38.300 [main] DEBUG s.d.schema.DefaultModelProvider - Inferred 3 properties. Properties found sdId, sdName, sdStatus
2020-03-09 20:45:38.300 [main] DEBUG s.d.s.web.scanners.ApiModelReader - Adding a new model with key SysDictionaryValue
2020-03-09 20:45:38.301 [main] DEBUG s.d.s.w.r.o.OperationResponseClassReader - Setting spring response class to: SysDictionary
2020-03-09 20:45:38.301 [main] DEBUG s.d.s.r.o.OperationAuthReader - Authorization count 0 for method getByType
2020-03-09 20:45:38.302 [main] DEBUG s.d.s.r.o.SwaggerOperationResponseClassReader - Setting response class to:SysDictionary
2020-03-09 20:45:38.302 [main] DEBUG s.d.s.r.o.VendorExtensionsReader - Extension count 1 for method getByType
2020-03-09 20:45:38.314 [main] DEBUG o.s.c.s.DefaultLifecycleProcessor - Successfully started bean 'documentationPluginsBootstrapper'
2020-03-09 20:45:38.314 [main] DEBUG o.s.b.f.s.DefaultListableBeanFactory - Returning cached instance of singleton bean 'org.springframework.boot.autoconfigure.internalCachingMetadataReaderFactory'
2020-03-09 20:45:38.314 [main] DEBUG o.s.b.f.s.DefaultListableBeanFactory - Returning cached instance of singleton bean 'modelBuilderPluginRegistry'
2020-03-09 20:45:38.314 [main] DEBUG o.s.b.f.s.DefaultListableBeanFactory - Returning cached instance of singleton bean 'modelPropertyBuilderPluginRegistry'
2020-03-09 20:45:38.315 [main] DEBUG o.s.b.f.s.DefaultListableBeanFactory - Returning cached instance of singleton bean 'typeNameProviderPluginRegistry'
2020-03-09 20:45:38.315 [main] DEBUG o.s.b.f.s.DefaultListableBeanFactory - Returning cached instance of singleton bean 'documentationPluginRegistry'
2020-03-09 20:45:38.315 [main] DEBUG o.s.b.f.s.DefaultListableBeanFactory - Returning cached instance of singleton bean 'apiListingBuilderPluginRegistry'
2020-03-09 20:45:38.315 [main] DEBUG o.s.b.f.s.DefaultListableBeanFactory - Returning cached instance of singleton bean 'operationBuilderPluginRegistry'
2020-03-09 20:45:38.315 [main] DEBUG o.s.b.f.s.DefaultListableBeanFactory - Returning cached instance of singleton bean 'parameterBuilderPluginRegistry'
2020-03-09 20:45:38.315 [main] DEBUG o.s.b.f.s.DefaultListableBeanFactory - Returning cached instance of singleton bean 'expandedParameterBuilderPluginRegistry'
2020-03-09 20:45:38.315 [main] DEBUG o.s.b.f.s.DefaultListableBeanFactory - Returning cached instance of singleton bean 'resourceGroupingStrategyRegistry'
2020-03-09 20:45:38.315 [main] DEBUG o.s.b.f.s.DefaultListableBeanFactory - Returning cached instance of singleton bean 'operationModelsProviderPluginRegistry'
2020-03-09 20:45:38.315 [main] DEBUG o.s.b.f.s.DefaultListableBeanFactory - Returning cached instance of singleton bean 'defaultsProviderPluginRegistry'
2020-03-09 20:45:38.315 [main] DEBUG o.s.b.f.s.DefaultListableBeanFactory - Returning cached instance of singleton bean 'pathDecoratorRegistry'
2020-03-09 20:45:38.315 [main] DEBUG o.s.b.f.s.DefaultListableBeanFactory - Returning cached instance of singleton bean 'apiListingScannerPluginRegistry'
2020-03-09 20:45:38.315 [main] DEBUG o.s.b.f.s.DefaultListableBeanFactory - Returning cached instance of singleton bean 'mvcResourceUrlProvider'
2020-03-09 20:45:38.318 [main] DEBUG o.s.b.f.s.DefaultListableBeanFactory - Returning cached instance of singleton bean 'refreshScope'
2020-03-09 20:45:38.332 [main] DEBUG o.s.b.a.l.ConditionEvaluationReportLoggingListener - 


============================
CONDITIONS EVALUATION REPORT
============================


Positive matches:
-----------------

   AopAutoConfiguration matched:
      - @ConditionalOnClass found required classes 'org.springframework.context.annotation.EnableAspectJAutoProxy', 'org.aspectj.lang.annotation.Aspect', 'org.aspectj.lang.reflect.Advice', 'org.aspectj.weaver.AnnotatedElement'; @ConditionalOnMissingClass did not find unwanted class (OnClassCondition)
      - @ConditionalOnProperty (spring.aop.auto=true) matched (OnPropertyCondition)

   AopAutoConfiguration.CglibAutoProxyConfiguration matched:
      - @ConditionalOnProperty (spring.aop.proxy-target-class=true) matched (OnPropertyCondition)

   ArchaiusAutoConfiguration matched:
      - @ConditionalOnClass found required classes 'com.netflix.config.ConcurrentCompositeConfiguration', 'org.apache.commons.configuration.ConfigurationBuilder'; @ConditionalOnMissingClass did not find unwanted class (OnClassCondition)

   ArchaiusAutoConfiguration.PropagateEventsConfiguration matched:
      - @ConditionalOnClass found required class 'org.springframework.cloud.context.environment.EnvironmentChangeEvent'; @ConditionalOnMissingClass did not find unwanted class (OnClassCondition)
      - @ConditionalOnProperty (archaius.propagate.environmentChangedEvent) matched (OnPropertyCondition)

   AsyncLoadBalancerAutoConfiguration matched:
      - @ConditionalOnClass found required class 'org.springframework.web.client.AsyncRestTemplate'; @ConditionalOnMissingClass did not find unwanted class (OnClassCondition)
      - @ConditionalOnBean (types: org.springframework.cloud.client.loadbalancer.LoadBalancerClient; SearchStrategy: all) found bean 'loadBalancerClient' (OnBeanCondition)

   AutoServiceRegistrationAutoConfiguration matched:
      - @ConditionalOnProperty (spring.cloud.service-registry.auto-registration.enabled) matched (OnPropertyCondition)

   AutoServiceRegistrationConfiguration matched:
      - @ConditionalOnProperty (spring.cloud.service-registry.auto-registration.enabled) matched (OnPropertyCondition)

   CodecsAutoConfiguration matched:
      - @ConditionalOnClass found required class 'org.springframework.http.codec.CodecConfigurer'; @ConditionalOnMissingClass did not find unwanted class (OnClassCondition)

   CodecsAutoConfiguration.JacksonCodecConfiguration matched:
      - @ConditionalOnClass found required class 'com.fasterxml.jackson.databind.ObjectMapper'; @ConditionalOnMissingClass did not find unwanted class (OnClassCondition)

   CodecsAutoConfiguration.JacksonCodecConfiguration#jacksonCodecCustomizer matched:
      - @ConditionalOnBean (types: com.fasterxml.jackson.databind.ObjectMapper; SearchStrategy: all) found bean 'jacksonObjectMapper' (OnBeanCondition)

   ConfigurationPropertiesRebinderAutoConfiguration matched:
      - @ConditionalOnBean (types: org.springframework.boot.context.properties.ConfigurationPropertiesBindingPostProcessor; SearchStrategy: all) found bean 'org.springframework.boot.context.properties.ConfigurationPropertiesBindingPostProcessor' (OnBeanCondition)

   ConfigurationPropertiesRebinderAutoConfiguration#configurationPropertiesBeans matched:
      - @ConditionalOnMissingBean (types: org.springframework.cloud.context.properties.ConfigurationPropertiesBeans; SearchStrategy: current) did not find any beans (OnBeanCondition)

   ConfigurationPropertiesRebinderAutoConfiguration#configurationPropertiesRebinder matched:
      - @ConditionalOnMissingBean (types: org.springframework.cloud.context.properties.ConfigurationPropertiesRebinder; SearchStrategy: current) did not find any beans (OnBeanCondition)

   DataSourceAutoConfiguration matched:
      - @ConditionalOnClass found required classes 'javax.sql.DataSource', 'org.springframework.jdbc.datasource.embedded.EmbeddedDatabaseType'; @ConditionalOnMissingClass did not find unwanted class (OnClassCondition)

   DataSourceConfiguration.Hikari matched:
      - @ConditionalOnClass found required class 'com.zaxxer.hikari.HikariDataSource'; @ConditionalOnMissingClass did not find unwanted class (OnClassCondition)
      - @ConditionalOnProperty (spring.datasource.type=com.zaxxer.hikari.HikariDataSource) matched (OnPropertyCondition)

   DataSourcePoolMetadataProvidersConfiguration.HikariPoolDataSourceMetadataProviderConfiguration matched:
      - @ConditionalOnClass found required class 'com.zaxxer.hikari.HikariDataSource'; @ConditionalOnMissingClass did not find unwanted class (OnClassCondition)

   DataSourceTransactionManagerAutoConfiguration matched:
      - @ConditionalOnClass found required classes 'org.springframework.jdbc.core.JdbcTemplate', 'org.springframework.transaction.PlatformTransactionManager'; @ConditionalOnMissingClass did not find unwanted class (OnClassCondition)

   DataSourceTransactionManagerAutoConfiguration.DataSourceTransactionManagerConfiguration matched:
      - @ConditionalOnSingleCandidate (types: javax.sql.DataSource; SearchStrategy: all) found a primary bean from beans 'dataSource' (OnBeanCondition)

   DefaultFeignLoadBalancedConfiguration#feignClient matched:
      - @ConditionalOnMissingBean (types: feign.Client; SearchStrategy: all) did not find any beans (OnBeanCondition)

   DiscoveryClientOptionalArgsConfiguration#discoveryClientOptionalArgs matched:
      - @ConditionalOnClass found required class 'com.sun.jersey.api.client.filter.ClientFilter'; @ConditionalOnMissingClass did not find unwanted class (OnClassCondition)
      - @ConditionalOnMissingBean (types: com.netflix.discovery.AbstractDiscoveryClientOptionalArgs; SearchStrategy: current) did not find any beans (OnBeanCondition)

   DispatcherServletAutoConfiguration matched:
      - @ConditionalOnClass found required class 'org.springframework.web.servlet.DispatcherServlet'; @ConditionalOnMissingClass did not find unwanted class (OnClassCondition)
      - found 'session' scope (OnWebApplicationCondition)

   DispatcherServletAutoConfiguration.DispatcherServletConfiguration matched:
      - @ConditionalOnClass found required class 'javax.servlet.ServletRegistration'; @ConditionalOnMissingClass did not find unwanted class (OnClassCondition)
      - Default DispatcherServlet did not find dispatcher servlet beans (DispatcherServletAutoConfiguration.DefaultDispatcherServletCondition)

   DispatcherServletAutoConfiguration.DispatcherServletRegistrationConfiguration matched:
      - @ConditionalOnClass found required class 'javax.servlet.ServletRegistration'; @ConditionalOnMissingClass did not find unwanted class (OnClassCondition)
      - DispatcherServlet Registration did not find servlet registration bean (DispatcherServletAutoConfiguration.DispatcherServletRegistrationCondition)

   DispatcherServletAutoConfiguration.DispatcherServletRegistrationConfiguration#dispatcherServletRegistration matched:
      - @ConditionalOnBean (names: dispatcherServlet; types: org.springframework.web.servlet.DispatcherServlet; SearchStrategy: all) found bean 'dispatcherServlet' (OnBeanCondition)

   DruidDataSourceAutoConfigure matched:
      - @ConditionalOnClass found required class 'com.alibaba.druid.pool.DruidDataSource'; @ConditionalOnMissingClass did not find unwanted class (OnClassCondition)

   DruidDataSourceAutoConfigure#dataSource matched:
      - @ConditionalOnMissingBean (types: javax.sql.DataSource; SearchStrategy: all) did not find any beans (OnBeanCondition)

   DruidFilterConfiguration#statFilter matched:
      - @ConditionalOnProperty (spring.datasource.druid.filter.stat.enabled) matched (OnPropertyCondition)
      - @ConditionalOnMissingBean (types: com.alibaba.druid.filter.stat.StatFilter; SearchStrategy: all) did not find any beans (OnBeanCondition)

   DruidStatViewServletConfiguration matched:
      - @ConditionalOnWebApplication (required) found 'session' scope (OnWebApplicationCondition)
      - @ConditionalOnProperty (spring.datasource.druid.stat-view-servlet.enabled=true) matched (OnPropertyCondition)

   DruidWebStatFilterConfiguration matched:
      - @ConditionalOnWebApplication (required) found 'session' scope (OnWebApplicationCondition)
      - @ConditionalOnProperty (spring.datasource.druid.web-stat-filter.enabled=true) matched (OnPropertyCondition)

   EmbeddedWebServerFactoryCustomizerAutoConfiguration.TomcatWebServerFactoryCustomizerConfiguration matched:
      - @ConditionalOnClass found required classes 'org.apache.catalina.startup.Tomcat', 'org.apache.coyote.UpgradeProtocol'; @ConditionalOnMissingClass did not find unwanted class (OnClassCondition)

   ErrorMvcAutoConfiguration matched:
      - @ConditionalOnClass found required classes 'javax.servlet.Servlet', 'org.springframework.web.servlet.DispatcherServlet'; @ConditionalOnMissingClass did not find unwanted class (OnClassCondition)
      - found 'session' scope (OnWebApplicationCondition)

   ErrorMvcAutoConfiguration#basicErrorController matched:
      - @ConditionalOnMissingBean (types: org.springframework.boot.web.servlet.error.ErrorController; SearchStrategy: current) did not find any beans (OnBeanCondition)

   ErrorMvcAutoConfiguration#errorAttributes matched:
      - @ConditionalOnMissingBean (types: org.springframework.boot.web.servlet.error.ErrorAttributes; SearchStrategy: current) did not find any beans (OnBeanCondition)

   ErrorMvcAutoConfiguration.DefaultErrorViewResolverConfiguration#conventionErrorViewResolver matched:
      - @ConditionalOnBean (types: org.springframework.web.servlet.DispatcherServlet; SearchStrategy: all) found bean 'dispatcherServlet'; @ConditionalOnMissingBean (types: org.springframework.boot.autoconfigure.web.servlet.error.DefaultErrorViewResolver; SearchStrategy: all) did not find any beans (OnBeanCondition)

   ErrorMvcAutoConfiguration.WhitelabelErrorViewConfiguration matched:
      - @ConditionalOnProperty (server.error.whitelabel.enabled) matched (OnPropertyCondition)
      - ErrorTemplate Missing did not find error template view (ErrorMvcAutoConfiguration.ErrorTemplateMissingCondition)

   ErrorMvcAutoConfiguration.WhitelabelErrorViewConfiguration#beanNameViewResolver matched:
      - @ConditionalOnMissingBean (types: org.springframework.web.servlet.view.BeanNameViewResolver; SearchStrategy: all) did not find any beans (OnBeanCondition)

   ErrorMvcAutoConfiguration.WhitelabelErrorViewConfiguration#defaultErrorView matched:
      - @ConditionalOnMissingBean (names: error; SearchStrategy: all) did not find any beans (OnBeanCondition)

   EurekaClientAutoConfiguration matched:
      - @ConditionalOnClass found required class 'com.netflix.discovery.EurekaClientConfig'; @ConditionalOnMissingClass did not find unwanted class (OnClassCondition)
      - @ConditionalOnProperty (eureka.client.enabled) matched (OnPropertyCondition)
      - @ConditionalOnBean (types: org.springframework.cloud.netflix.eureka.EurekaDiscoveryClientConfiguration$Marker; SearchStrategy: all) found bean 'eurekaDiscoverClientMarker' (OnBeanCondition)

   EurekaClientAutoConfiguration#eurekaAutoServiceRegistration matched:
      - @ConditionalOnProperty (spring.cloud.service-registry.auto-registration.enabled) matched (OnPropertyCondition)
      - @ConditionalOnBean (types: org.springframework.cloud.client.serviceregistry.AutoServiceRegistrationProperties; SearchStrategy: all) found bean 'spring.cloud.service-registry.auto-registration-org.springframework.cloud.client.serviceregistry.AutoServiceRegistrationProperties' (OnBeanCondition)

   EurekaClientAutoConfiguration#eurekaClientConfigBean matched:
      - @ConditionalOnMissingBean (types: com.netflix.discovery.EurekaClientConfig; SearchStrategy: current) did not find any beans (OnBeanCondition)

   EurekaClientAutoConfiguration#eurekaInstanceConfigBean matched:
      - @ConditionalOnMissingBean (types: com.netflix.appinfo.EurekaInstanceConfig; SearchStrategy: current) did not find any beans (OnBeanCondition)

   EurekaClientAutoConfiguration#serviceManagementMetadataProvider matched:
      - @ConditionalOnMissingBean (types: org.springframework.cloud.netflix.eureka.metadata.ManagementMetadataProvider; SearchStrategy: all) did not find any beans (OnBeanCondition)

   EurekaClientAutoConfiguration.RefreshableEurekaClientConfiguration matched:
      - @ConditionalOnClass found required class 'org.springframework.cloud.context.scope.refresh.RefreshScope'; @ConditionalOnMissingClass did not find unwanted class (OnClassCondition)
      - @ConditionalOnBean (types: org.springframework.cloud.autoconfigure.RefreshAutoConfiguration; SearchStrategy: all) found bean 'org.springframework.cloud.autoconfigure.RefreshAutoConfiguration' (OnBeanCondition)

   EurekaClientAutoConfiguration.RefreshableEurekaClientConfiguration#eurekaApplicationInfoManager matched:
      - @ConditionalOnMissingBean (types: com.netflix.appinfo.ApplicationInfoManager; SearchStrategy: current) did not find any beans (OnBeanCondition)

   EurekaClientAutoConfiguration.RefreshableEurekaClientConfiguration#eurekaClient matched:
      - @ConditionalOnMissingBean (types: com.netflix.discovery.EurekaClient; SearchStrategy: current) did not find any beans (OnBeanCondition)

   EurekaClientAutoConfiguration.RefreshableEurekaClientConfiguration#eurekaRegistration matched:
      - @ConditionalOnProperty (spring.cloud.service-registry.auto-registration.enabled) matched (OnPropertyCondition)
      - @ConditionalOnBean (types: org.springframework.cloud.client.serviceregistry.AutoServiceRegistrationProperties; SearchStrategy: all) found bean 'spring.cloud.service-registry.auto-registration-org.springframework.cloud.client.serviceregistry.AutoServiceRegistrationProperties' (OnBeanCondition)

   EurekaDiscoveryClientConfiguration matched:
      - @ConditionalOnClass found required class 'com.netflix.discovery.EurekaClientConfig'; @ConditionalOnMissingClass did not find unwanted class (OnClassCondition)
      - @ConditionalOnProperty (eureka.client.enabled) matched (OnPropertyCondition)

   EurekaDiscoveryClientConfiguration.EurekaClientConfigurationRefresher matched:
      - @ConditionalOnClass found required class 'org.springframework.cloud.context.scope.refresh.RefreshScopeRefreshedEvent'; @ConditionalOnMissingClass did not find unwanted class (OnClassCondition)

   FeignAutoConfiguration matched:
      - @ConditionalOnClass found required class 'feign.Feign'; @ConditionalOnMissingClass did not find unwanted class (OnClassCondition)

   FeignAutoConfiguration.HystrixFeignTargeterConfiguration matched:
      - @ConditionalOnClass found required class 'feign.hystrix.HystrixFeign'; @ConditionalOnMissingClass did not find unwanted class (OnClassCondition)

   FeignAutoConfiguration.HystrixFeignTargeterConfiguration#feignTargeter matched:
      - @ConditionalOnMissingBean (types: org.springframework.cloud.openfeign.Targeter; SearchStrategy: all) did not find any beans (OnBeanCondition)

   FeignRibbonClientAutoConfiguration matched:
      - @ConditionalOnClass found required classes 'com.netflix.loadbalancer.ILoadBalancer', 'feign.Feign'; @ConditionalOnMissingClass did not find unwanted class (OnClassCondition)

   FeignRibbonClientAutoConfiguration#cachingLBClientFactory matched:
      - @ConditionalOnClass found required class; @ConditionalOnMissingClass did not find unwanted class 'org.springframework.retry.support.RetryTemplate' (OnClassCondition)

   FeignRibbonClientAutoConfiguration#feignRequestOptions matched:
      - @ConditionalOnMissingBean (types: feign.Request$Options; SearchStrategy: all) did not find any beans (OnBeanCondition)

   GenericCacheConfiguration matched:
      - Cache org.springframework.boot.autoconfigure.cache.GenericCacheConfiguration automatic cache type (CacheCondition)

   GsonAutoConfiguration matched:
      - @ConditionalOnClass found required class 'com.google.gson.Gson'; @ConditionalOnMissingClass did not find unwanted class (OnClassCondition)

   GsonAutoConfiguration#gson matched:
      - @ConditionalOnMissingBean (types: com.google.gson.Gson; SearchStrategy: all) did not find any beans (OnBeanCondition)

   GsonAutoConfiguration#gsonBuilder matched:
      - @ConditionalOnMissingBean (types: com.google.gson.GsonBuilder; SearchStrategy: all) did not find any beans (OnBeanCondition)

   GsonHttpMessageConvertersConfiguration matched:
      - @ConditionalOnClass found required class 'com.google.gson.Gson'; @ConditionalOnMissingClass did not find unwanted class (OnClassCondition)

   HibernateJpaAutoConfiguration matched:
      - @ConditionalOnClass found required classes 'org.springframework.orm.jpa.LocalContainerEntityManagerFactoryBean', 'javax.persistence.EntityManager'; @ConditionalOnMissingClass did not find unwanted class (OnClassCondition)
      - HibernateEntityManager found class 'org.hibernate.ejb.HibernateEntityManager' (HibernateJpaAutoConfiguration.HibernateEntityManagerCondition)

   HibernateJpaConfiguration matched:
      - @ConditionalOnSingleCandidate (types: javax.sql.DataSource; SearchStrategy: all) found a primary bean from beans 'dataSource' (OnBeanCondition)

   HttpClientConfiguration.ApacheHttpClientConfiguration matched:
      - @ConditionalOnClass found required class 'org.apache.http.client.HttpClient'; @ConditionalOnMissingClass did not find unwanted class (OnClassCondition)
      - @ConditionalOnProperty (spring.cloud.httpclientfactories.apache.enabled) matched (OnPropertyCondition)

   HttpClientConfiguration.ApacheHttpClientConfiguration#apacheHttpClientBuilder matched:
      - @ConditionalOnMissingBean (types: org.apache.http.impl.client.HttpClientBuilder; SearchStrategy: all) did not find any beans (OnBeanCondition)

   HttpClientConfiguration.ApacheHttpClientConfiguration#apacheHttpClientFactory matched:
      - @ConditionalOnMissingBean (types: org.springframework.cloud.commons.httpclient.ApacheHttpClientFactory; SearchStrategy: all) did not find any beans (OnBeanCondition)

   HttpClientConfiguration.ApacheHttpClientConfiguration#connManFactory matched:
      - @ConditionalOnMissingBean (types: org.springframework.cloud.commons.httpclient.ApacheHttpClientConnectionManagerFactory; SearchStrategy: all) did not find any beans (OnBeanCondition)

   HttpClientConfiguration.OkHttpClientConfiguration matched:
      - @ConditionalOnClass found required class 'okhttp3.OkHttpClient'; @ConditionalOnMissingClass did not find unwanted class (OnClassCondition)
      - @ConditionalOnProperty (spring.cloud.httpclientfactories.ok.enabled) matched (OnPropertyCondition)

   HttpClientConfiguration.OkHttpClientConfiguration#connPoolFactory matched:
      - @ConditionalOnMissingBean (types: org.springframework.cloud.commons.httpclient.OkHttpClientConnectionPoolFactory; SearchStrategy: all) did not find any beans (OnBeanCondition)

   HttpClientConfiguration.OkHttpClientConfiguration#okHttpClientBuilder matched:
      - @ConditionalOnMissingBean (types: okhttp3.OkHttpClient$Builder; SearchStrategy: all) did not find any beans (OnBeanCondition)

   HttpClientConfiguration.OkHttpClientConfiguration#okHttpClientFactory matched:
      - @ConditionalOnMissingBean (types: org.springframework.cloud.commons.httpclient.OkHttpClientFactory; SearchStrategy: all) did not find any beans (OnBeanCondition)

   HttpEncodingAutoConfiguration matched:
      - @ConditionalOnClass found required class 'org.springframework.web.filter.CharacterEncodingFilter'; @ConditionalOnMissingClass did not find unwanted class (OnClassCondition)
      - found 'session' scope (OnWebApplicationCondition)
      - @ConditionalOnProperty (spring.http.encoding.enabled) matched (OnPropertyCondition)

   HttpEncodingAutoConfiguration#characterEncodingFilter matched:
      - @ConditionalOnMissingBean (types: org.springframework.web.filter.CharacterEncodingFilter; SearchStrategy: all) did not find any beans (OnBeanCondition)

   HttpMessageConvertersAutoConfiguration matched:
      - @ConditionalOnClass found required class 'org.springframework.http.converter.HttpMessageConverter'; @ConditionalOnMissingClass did not find unwanted class (OnClassCondition)

   HttpMessageConvertersAutoConfiguration#messageConverters matched:
      - @ConditionalOnMissingBean (types: org.springframework.boot.autoconfigure.http.HttpMessageConverters; SearchStrategy: all) did not find any beans (OnBeanCondition)

   HttpMessageConvertersAutoConfiguration.StringHttpMessageConverterConfiguration matched:
      - @ConditionalOnClass found required class 'org.springframework.http.converter.StringHttpMessageConverter'; @ConditionalOnMissingClass did not find unwanted class (OnClassCondition)

   HttpMessageConvertersAutoConfiguration.StringHttpMessageConverterConfiguration#stringHttpMessageConverter matched:
      - @ConditionalOnMissingBean (types: org.springframework.http.converter.StringHttpMessageConverter; SearchStrategy: all) did not find any beans (OnBeanCondition)

   JacksonAutoConfiguration matched:
      - @ConditionalOnClass found required class 'com.fasterxml.jackson.databind.ObjectMapper'; @ConditionalOnMissingClass did not find unwanted class (OnClassCondition)

   JacksonAutoConfiguration.Jackson2ObjectMapperBuilderCustomizerConfiguration matched:
      - @ConditionalOnClass found required class 'org.springframework.http.converter.json.Jackson2ObjectMapperBuilder'; @ConditionalOnMissingClass did not find unwanted class (OnClassCondition)

   JacksonAutoConfiguration.JacksonObjectMapperBuilderConfiguration matched:
      - @ConditionalOnClass found required class 'org.springframework.http.converter.json.Jackson2ObjectMapperBuilder'; @ConditionalOnMissingClass did not find unwanted class (OnClassCondition)

   JacksonAutoConfiguration.JacksonObjectMapperBuilderConfiguration#jacksonObjectMapperBuilder matched:
      - @ConditionalOnMissingBean (types: org.springframework.http.converter.json.Jackson2ObjectMapperBuilder; SearchStrategy: all) did not find any beans (OnBeanCondition)

   JacksonAutoConfiguration.JacksonObjectMapperConfiguration matched:
      - @ConditionalOnClass found required class 'org.springframework.http.converter.json.Jackson2ObjectMapperBuilder'; @ConditionalOnMissingClass did not find unwanted class (OnClassCondition)

   JacksonAutoConfiguration.JacksonObjectMapperConfiguration#jacksonObjectMapper matched:
      - @ConditionalOnMissingBean (types: com.fasterxml.jackson.databind.ObjectMapper; SearchStrategy: all) did not find any beans (OnBeanCondition)

   JacksonAutoConfiguration.ParameterNamesModuleConfiguration matched:
      - @ConditionalOnClass found required class 'com.fasterxml.jackson.module.paramnames.ParameterNamesModule'; @ConditionalOnMissingClass did not find unwanted class (OnClassCondition)

   JacksonAutoConfiguration.ParameterNamesModuleConfiguration#parameterNamesModule matched:
      - @ConditionalOnMissingBean (types: com.fasterxml.jackson.module.paramnames.ParameterNamesModule; SearchStrategy: all) did not find any beans (OnBeanCondition)

   JacksonHttpMessageConvertersConfiguration.MappingJackson2HttpMessageConverterConfiguration matched:
      - @ConditionalOnClass found required class 'com.fasterxml.jackson.databind.ObjectMapper'; @ConditionalOnMissingClass did not find unwanted class (OnClassCondition)
      - @ConditionalOnProperty (spring.http.converters.preferred-json-mapper=jackson) matched (OnPropertyCondition)
      - @ConditionalOnBean (types: com.fasterxml.jackson.databind.ObjectMapper; SearchStrategy: all) found bean 'jacksonObjectMapper' (OnBeanCondition)

   JacksonHttpMessageConvertersConfiguration.MappingJackson2HttpMessageConverterConfiguration#mappingJackson2HttpMessageConverter matched:
      - @ConditionalOnMissingBean (types: org.springframework.http.converter.json.MappingJackson2HttpMessageConverter; SearchStrategy: all) did not find any beans (OnBeanCondition)

   JdbcTemplateAutoConfiguration matched:
      - @ConditionalOnClass found required classes 'javax.sql.DataSource', 'org.springframework.jdbc.core.JdbcTemplate'; @ConditionalOnMissingClass did not find unwanted class (OnClassCondition)
      - @ConditionalOnSingleCandidate (types: javax.sql.DataSource; SearchStrategy: all) found a primary bean from beans 'dataSource' (OnBeanCondition)

   JdbcTemplateAutoConfiguration.JdbcTemplateConfiguration#jdbcTemplate matched:
      - @ConditionalOnMissingBean (types: org.springframework.jdbc.core.JdbcOperations; SearchStrategy: all) did not find any beans (OnBeanCondition)

   JdbcTemplateAutoConfiguration.NamedParameterJdbcTemplateConfiguration#namedParameterJdbcTemplate matched:
      - @ConditionalOnSingleCandidate (types: org.springframework.jdbc.core.JdbcTemplate; SearchStrategy: all) found a primary bean from beans 'jdbcTemplate'; @ConditionalOnMissingBean (types: org.springframework.jdbc.core.namedparam.NamedParameterJdbcOperations; SearchStrategy: all) did not find any beans (OnBeanCondition)

   JpaBaseConfiguration#entityManagerFactory matched:
      - @ConditionalOnMissingBean (types: org.springframework.orm.jpa.LocalContainerEntityManagerFactoryBean,javax.persistence.EntityManagerFactory; SearchStrategy: all) did not find any beans (OnBeanCondition)

   JpaBaseConfiguration#entityManagerFactoryBuilder matched:
      - @ConditionalOnMissingBean (types: org.springframework.boot.orm.jpa.EntityManagerFactoryBuilder; SearchStrategy: all) did not find any beans (OnBeanCondition)

   JpaBaseConfiguration#jpaVendorAdapter matched:
      - @ConditionalOnMissingBean (types: org.springframework.orm.jpa.JpaVendorAdapter; SearchStrategy: all) did not find any beans (OnBeanCondition)

   JpaBaseConfiguration#transactionManager matched:
      - @ConditionalOnMissingBean (types: org.springframework.transaction.PlatformTransactionManager; SearchStrategy: all) did not find any beans (OnBeanCondition)

   JpaBaseConfiguration.JpaWebConfiguration matched:
      - @ConditionalOnClass found required class 'org.springframework.web.servlet.config.annotation.WebMvcConfigurer'; @ConditionalOnMissingClass did not find unwanted class (OnClassCondition)
      - found 'session' scope (OnWebApplicationCondition)
      - @ConditionalOnProperty (spring.jpa.open-in-view=true) matched (OnPropertyCondition)
      - @ConditionalOnMissingBean (types: org.springframework.orm.jpa.support.OpenEntityManagerInViewInterceptor,org.springframework.orm.jpa.support.OpenEntityManagerInViewFilter; SearchStrategy: all) did not find any beans (OnBeanCondition)

   JpaRepositoriesAutoConfiguration matched:
      - @ConditionalOnClass found required class 'org.springframework.data.jpa.repository.JpaRepository'; @ConditionalOnMissingClass did not find unwanted class (OnClassCondition)
      - @ConditionalOnProperty (spring.data.jpa.repositories.enabled=true) matched (OnPropertyCondition)
      - @ConditionalOnBean (types: javax.sql.DataSource; SearchStrategy: all) found bean 'dataSource'; @ConditionalOnMissingBean (types: org.springframework.data.jpa.repository.support.JpaRepositoryFactoryBean,org.springframework.data.jpa.repository.config.JpaRepositoryConfigExtension; SearchStrategy: all) did not find any beans (OnBeanCondition)

   JtaAutoConfiguration matched:
      - @ConditionalOnClass found required class 'javax.transaction.Transaction'; @ConditionalOnMissingClass did not find unwanted class (OnClassCondition)
      - @ConditionalOnProperty (spring.jta.enabled) matched (OnPropertyCondition)

   LifecycleMvcEndpointAutoConfiguration#environmentManager matched:
      - @ConditionalOnMissingBean (types: org.springframework.cloud.context.environment.EnvironmentManager; SearchStrategy: all) did not find any beans (OnBeanCondition)

   LoadBalancerAutoConfiguration matched:
      - @ConditionalOnClass found required class 'org.springframework.web.client.RestTemplate'; @ConditionalOnMissingClass did not find unwanted class (OnClassCondition)
      - @ConditionalOnBean (types: org.springframework.cloud.client.loadbalancer.LoadBalancerClient; SearchStrategy: all) found bean 'loadBalancerClient' (OnBeanCondition)

   LoadBalancerAutoConfiguration#loadBalancerRequestFactory matched:
      - @ConditionalOnMissingBean (types: org.springframework.cloud.client.loadbalancer.LoadBalancerRequestFactory; SearchStrategy: all) did not find any beans (OnBeanCondition)

   LoadBalancerAutoConfiguration.LoadBalancerInterceptorConfig matched:
      - @ConditionalOnClass found required class; @ConditionalOnMissingClass did not find unwanted class 'org.springframework.retry.support.RetryTemplate' (OnClassCondition)

   LoadBalancerAutoConfiguration.LoadBalancerInterceptorConfig#restTemplateCustomizer matched:
      - @ConditionalOnMissingBean (types: org.springframework.cloud.client.loadbalancer.RestTemplateCustomizer; SearchStrategy: all) did not find any beans (OnBeanCondition)

   MongoAutoConfiguration matched:
      - @ConditionalOnClass found required class 'com.mongodb.MongoClient'; @ConditionalOnMissingClass did not find unwanted class (OnClassCondition)
      - @ConditionalOnMissingBean (types: org.springframework.data.mongodb.MongoDbFactory; SearchStrategy: all) did not find any beans (OnBeanCondition)

   MongoAutoConfiguration#mongo matched:
      - @ConditionalOnMissingBean (types: com.mongodb.MongoClient; SearchStrategy: all) did not find any beans (OnBeanCondition)

   MongoDataAutoConfiguration matched:
      - @ConditionalOnClass found required classes 'com.mongodb.MongoClient', 'org.springframework.data.mongodb.core.MongoTemplate'; @ConditionalOnMissingClass did not find unwanted class (OnClassCondition)

   MongoDataAutoConfiguration#gridFsTemplate matched:
      - @ConditionalOnMissingBean (types: org.springframework.data.mongodb.gridfs.GridFsTemplate; SearchStrategy: all) did not find any beans (OnBeanCondition)

   MongoDataAutoConfiguration#mappingMongoConverter matched:
      - @ConditionalOnMissingBean (types: org.springframework.data.mongodb.core.convert.MongoConverter; SearchStrategy: all) did not find any beans (OnBeanCondition)

   MongoDataAutoConfiguration#mongoCustomConversions matched:
      - @ConditionalOnMissingBean (types: org.springframework.data.mongodb.core.convert.MongoCustomConversions; SearchStrategy: all) did not find any beans (OnBeanCondition)

   MongoDataAutoConfiguration#mongoDbFactory matched:
      - @ConditionalOnMissingBean (types: org.springframework.data.mongodb.MongoDbFactory; SearchStrategy: all) did not find any beans (OnBeanCondition)

   MongoDataAutoConfiguration#mongoMappingContext matched:
      - @ConditionalOnMissingBean (types: org.springframework.data.mongodb.core.mapping.MongoMappingContext; SearchStrategy: all) did not find any beans (OnBeanCondition)

   MongoDataAutoConfiguration#mongoTemplate matched:
      - @ConditionalOnMissingBean (types: org.springframework.data.mongodb.core.MongoTemplate; SearchStrategy: all) did not find any beans (OnBeanCondition)

   MongoRepositoriesAutoConfiguration matched:
      - @ConditionalOnClass found required classes 'com.mongodb.MongoClient', 'org.springframework.data.mongodb.repository.MongoRepository'; @ConditionalOnMissingClass did not find unwanted class (OnClassCondition)
      - @ConditionalOnRepositoryType configured type of 'AUTO' matched required type (OnRepositoryTypeCondition)
      - @ConditionalOnMissingBean (types: org.springframework.data.mongodb.repository.support.MongoRepositoryFactoryBean,org.springframework.data.mongodb.repository.config.MongoRepositoryConfigurationExtension; SearchStrategy: all) did not find any beans (OnBeanCondition)

   MultipartAutoConfiguration matched:
      - @ConditionalOnClass found required classes 'javax.servlet.Servlet', 'org.springframework.web.multipart.support.StandardServletMultipartResolver', 'javax.servlet.MultipartConfigElement'; @ConditionalOnMissingClass did not find unwanted class (OnClassCondition)
      - found 'session' scope (OnWebApplicationCondition)
      - @ConditionalOnProperty (spring.servlet.multipart.enabled) matched (OnPropertyCondition)

   MultipartAutoConfiguration#multipartConfigElement matched:
      - @ConditionalOnMissingBean (types: javax.servlet.MultipartConfigElement; SearchStrategy: all) did not find any beans (OnBeanCondition)

   MultipartAutoConfiguration#multipartResolver matched:
      - @ConditionalOnMissingBean (types: org.springframework.web.multipart.MultipartResolver; SearchStrategy: all) did not find any beans (OnBeanCondition)

   MybatisAutoConfiguration matched:
      - @ConditionalOnClass found required classes 'org.apache.ibatis.session.SqlSessionFactory', 'org.mybatis.spring.SqlSessionFactoryBean'; @ConditionalOnMissingClass did not find unwanted class (OnClassCondition)
      - @ConditionalOnBean (types: javax.sql.DataSource; SearchStrategy: all) found bean 'dataSource' (OnBeanCondition)

   MybatisAutoConfiguration#sqlSessionFactory matched:
      - @ConditionalOnMissingBean (types: org.apache.ibatis.session.SqlSessionFactory; SearchStrategy: all) did not find any beans (OnBeanCondition)

   MybatisAutoConfiguration#sqlSessionTemplate matched:
      - @ConditionalOnMissingBean (types: org.mybatis.spring.SqlSessionTemplate; SearchStrategy: all) did not find any beans (OnBeanCondition)

   MybatisAutoConfiguration.MapperScannerRegistrarNotFoundConfiguration matched:
      - @ConditionalOnMissingBean (types: org.mybatis.spring.mapper.MapperFactoryBean; SearchStrategy: all) did not find any beans (OnBeanCondition)

   NoOpCacheConfiguration matched:
      - Cache org.springframework.boot.autoconfigure.cache.NoOpCacheConfiguration automatic cache type (CacheCondition)

   PageHelperAutoConfiguration matched:
      - @ConditionalOnBean (types: org.apache.ibatis.session.SqlSessionFactory; SearchStrategy: all) found bean 'sqlSessionFactory' (OnBeanCondition)

   PersistenceExceptionTranslationAutoConfiguration matched:
      - @ConditionalOnClass found required class 'org.springframework.dao.annotation.PersistenceExceptionTranslationPostProcessor'; @ConditionalOnMissingClass did not find unwanted class (OnClassCondition)

   PersistenceExceptionTranslationAutoConfiguration#persistenceExceptionTranslationPostProcessor matched:
      - @ConditionalOnProperty (spring.dao.exceptiontranslation.enabled) matched (OnPropertyCondition)
      - @ConditionalOnMissingBean (types: org.springframework.dao.annotation.PersistenceExceptionTranslationPostProcessor; SearchStrategy: all) did not find any beans (OnBeanCondition)

   PropertyPlaceholderAutoConfiguration#propertySourcesPlaceholderConfigurer matched:
      - @ConditionalOnMissingBean (types: org.springframework.context.support.PropertySourcesPlaceholderConfigurer; SearchStrategy: current) did not find any beans (OnBeanCondition)

   RedisCacheConfiguration matched:
      - Cache org.springframework.boot.autoconfigure.cache.RedisCacheConfiguration automatic cache type (CacheCondition)

   RefreshAutoConfiguration matched:
      - @ConditionalOnClass found required class 'org.springframework.cloud.context.scope.refresh.RefreshScope'; @ConditionalOnMissingClass did not find unwanted class (OnClassCondition)
      - @ConditionalOnProperty (spring.cloud.refresh.enabled) matched (OnPropertyCondition)

   RefreshAutoConfiguration#contextRefresher matched:
      - @ConditionalOnMissingBean (types: org.springframework.cloud.context.refresh.ContextRefresher; SearchStrategy: all) did not find any beans (OnBeanCondition)

   RefreshAutoConfiguration#loggingRebinder matched:
      - @ConditionalOnMissingBean (types: org.springframework.cloud.logging.LoggingRebinder; SearchStrategy: all) did not find any beans (OnBeanCondition)

   RefreshAutoConfiguration#refreshScope matched:
      - @ConditionalOnMissingBean (types: org.springframework.cloud.context.scope.refresh.RefreshScope; SearchStrategy: all) did not find any beans (OnBeanCondition)

   RefreshAutoConfiguration.JpaInvokerConfiguration matched:
      - @ConditionalOnClass found required class 'javax.persistence.EntityManagerFactory'; @ConditionalOnMissingClass did not find unwanted class (OnClassCondition)

   RestTemplateAutoConfiguration matched:
      - @ConditionalOnClass found required class 'org.springframework.web.client.RestTemplate'; @ConditionalOnMissingClass did not find unwanted class (OnClassCondition)

   RestTemplateAutoConfiguration#restTemplateBuilder matched:
      - @ConditionalOnMissingBean (types: org.springframework.boot.web.client.RestTemplateBuilder; SearchStrategy: all) did not find any beans (OnBeanCondition)

   RibbonAutoConfiguration matched:
      - @ConditionalOnClass found required classes 'com.netflix.client.IClient', 'org.springframework.web.client.RestTemplate', 'org.springframework.web.client.AsyncRestTemplate', 'com.netflix.ribbon.Ribbon'; @ConditionalOnMissingClass did not find unwanted class (OnClassCondition)

   RibbonAutoConfiguration#loadBalancerClient matched:
      - @ConditionalOnMissingBean (types: org.springframework.cloud.client.loadbalancer.LoadBalancerClient; SearchStrategy: all) did not find any beans (OnBeanCondition)

   RibbonAutoConfiguration#propertiesFactory matched:
      - @ConditionalOnMissingBean (types: org.springframework.cloud.netflix.ribbon.PropertiesFactory; SearchStrategy: all) did not find any beans (OnBeanCondition)

   RibbonEurekaAutoConfiguration matched:
      - AllNestedConditions 3 matched 0 did not; NestedCondition on ConditionalOnRibbonAndEurekaEnabled.OnRibbonAndEurekaEnabledCondition.OnEurekaClientEnabled @ConditionalOnProperty (eureka.client.enabled) matched; NestedCondition on ConditionalOnRibbonAndEurekaEnabled.OnRibbonAndEurekaEnabledCondition.EurekaBeans @ConditionalOnBean (types: com.netflix.discovery.EurekaClient; SearchStrategy: all) found bean 'scopedTarget.eurekaClient'; NestedCondition on ConditionalOnRibbonAndEurekaEnabled.OnRibbonAndEurekaEnabledCondition.Defaults found matching nested conditions @ConditionalOnClass found required class 'com.netflix.niws.loadbalancer.DiscoveryEnabledNIWSServerList'; @ConditionalOnMissingClass did not find unwanted class, @ConditionalOnBean (types: org.springframework.cloud.netflix.ribbon.SpringClientFactory; SearchStrategy: all) found bean 'springClientFactory', @ConditionalOnProperty (ribbon.eureka.enabled) matched (ConditionalOnRibbonAndEurekaEnabled.OnRibbonAndEurekaEnabledCondition)

   ServletWebServerFactoryAutoConfiguration matched:
      - @ConditionalOnClass found required class 'javax.servlet.ServletRequest'; @ConditionalOnMissingClass did not find unwanted class (OnClassCondition)
      - found 'session' scope (OnWebApplicationCondition)

   ServletWebServerFactoryAutoConfiguration#tomcatServletWebServerFactoryCustomizer matched:
      - @ConditionalOnClass found required class 'org.apache.catalina.startup.Tomcat'; @ConditionalOnMissingClass did not find unwanted class (OnClassCondition)

   ServletWebServerFactoryConfiguration.EmbeddedTomcat matched:
      - @ConditionalOnClass found required classes 'javax.servlet.Servlet', 'org.apache.catalina.startup.Tomcat', 'org.apache.coyote.UpgradeProtocol'; @ConditionalOnMissingClass did not find unwanted class (OnClassCondition)
      - @ConditionalOnMissingBean (types: org.springframework.boot.web.servlet.server.ServletWebServerFactory; SearchStrategy: current) did not find any beans (OnBeanCondition)

   SimpleCacheConfiguration matched:
      - Cache org.springframework.boot.autoconfigure.cache.SimpleCacheConfiguration automatic cache type (CacheCondition)

   SpringDataWebAutoConfiguration matched:
      - @ConditionalOnClass found required classes 'org.springframework.data.web.PageableHandlerMethodArgumentResolver', 'org.springframework.web.servlet.config.annotation.WebMvcConfigurer'; @ConditionalOnMissingClass did not find unwanted class (OnClassCondition)
      - found 'session' scope (OnWebApplicationCondition)
      - @ConditionalOnMissingBean (types: org.springframework.data.web.PageableHandlerMethodArgumentResolver; SearchStrategy: all) did not find any beans (OnBeanCondition)

   SpringDataWebAutoConfiguration#pageableCustomizer matched:
      - @ConditionalOnMissingBean (types: org.springframework.data.web.config.PageableHandlerMethodArgumentResolverCustomizer; SearchStrategy: all) did not find any beans (OnBeanCondition)

   SpringDataWebAutoConfiguration#sortCustomizer matched:
      - @ConditionalOnMissingBean (types: org.springframework.data.web.config.SortHandlerMethodArgumentResolverCustomizer; SearchStrategy: all) did not find any beans (OnBeanCondition)

   TransactionAutoConfiguration matched:
      - @ConditionalOnClass found required class 'org.springframework.transaction.PlatformTransactionManager'; @ConditionalOnMissingClass did not find unwanted class (OnClassCondition)

   TransactionAutoConfiguration#platformTransactionManagerCustomizers matched:
      - @ConditionalOnMissingBean (types: org.springframework.boot.autoconfigure.transaction.TransactionManagerCustomizers; SearchStrategy: all) did not find any beans (OnBeanCondition)

   TransactionAutoConfiguration.EnableTransactionManagementConfiguration matched:
      - @ConditionalOnBean (types: org.springframework.transaction.PlatformTransactionManager; SearchStrategy: all) found bean 'transactionManager'; @ConditionalOnMissingBean (types: org.springframework.transaction.annotation.AbstractTransactionManagementConfiguration; SearchStrategy: all) did not find any beans (OnBeanCondition)

   TransactionAutoConfiguration.EnableTransactionManagementConfiguration.CglibAutoProxyConfiguration matched:
      - @ConditionalOnProperty (spring.aop.proxy-target-class=true) matched (OnPropertyCondition)

   TransactionAutoConfiguration.TransactionTemplateConfiguration matched:
      - @ConditionalOnSingleCandidate (types: org.springframework.transaction.PlatformTransactionManager; SearchStrategy: all) found a primary bean from beans 'transactionManager' (OnBeanCondition)

   TransactionAutoConfiguration.TransactionTemplateConfiguration#transactionTemplate matched:
      - @ConditionalOnMissingBean (types: org.springframework.transaction.support.TransactionTemplate; SearchStrategy: all) did not find any beans (OnBeanCondition)

   UtilAutoConfiguration matched:
      - @ConditionalOnProperty (spring.cloud.util.enabled) matched (OnPropertyCondition)

   UtilAutoConfiguration#inetUtils matched:
      - @ConditionalOnMissingBean (types: org.springframework.cloud.commons.util.InetUtils; SearchStrategy: all) did not find any beans (OnBeanCondition)

   ValidationAutoConfiguration matched:
      - @ConditionalOnClass found required class 'javax.validation.executable.ExecutableValidator'; @ConditionalOnMissingClass did not find unwanted class (OnClassCondition)
      - @ConditionalOnResource found location classpath:META-INF/services/javax.validation.spi.ValidationProvider (OnResourceCondition)

   ValidationAutoConfiguration#defaultValidator matched:
      - @ConditionalOnMissingBean (types: javax.validation.Validator; SearchStrategy: all) did not find any beans (OnBeanCondition)

   ValidationAutoConfiguration#methodValidationPostProcessor matched:
      - @ConditionalOnMissingBean (types: org.springframework.validation.beanvalidation.MethodValidationPostProcessor; SearchStrategy: all) did not find any beans (OnBeanCondition)

   WebMvcAutoConfiguration matched:
      - @ConditionalOnClass found required classes 'javax.servlet.Servlet', 'org.springframework.web.servlet.DispatcherServlet', 'org.springframework.web.servlet.config.annotation.WebMvcConfigurer'; @ConditionalOnMissingClass did not find unwanted class (OnClassCondition)
      - found 'session' scope (OnWebApplicationCondition)
      - @ConditionalOnMissingBean (types: org.springframework.web.servlet.config.annotation.WebMvcConfigurationSupport; SearchStrategy: all) did not find any beans (OnBeanCondition)

   WebMvcAutoConfiguration#hiddenHttpMethodFilter matched:
      - @ConditionalOnMissingBean (types: org.springframework.web.filter.HiddenHttpMethodFilter; SearchStrategy: all) did not find any beans (OnBeanCondition)

   WebMvcAutoConfiguration#httpPutFormContentFilter matched:
      - @ConditionalOnProperty (spring.mvc.formcontent.putfilter.enabled) matched (OnPropertyCondition)
      - @ConditionalOnMissingBean (types: org.springframework.web.filter.HttpPutFormContentFilter; SearchStrategy: all) did not find any beans (OnBeanCondition)

   WebMvcAutoConfiguration.WebMvcAutoConfigurationAdapter#defaultViewResolver matched:
      - @ConditionalOnMissingBean (types: org.springframework.web.servlet.view.InternalResourceViewResolver; SearchStrategy: all) did not find any beans (OnBeanCondition)

   WebMvcAutoConfiguration.WebMvcAutoConfigurationAdapter#requestContextFilter matched:
      - @ConditionalOnMissingBean (types: org.springframework.web.context.request.RequestContextListener,org.springframework.web.filter.RequestContextFilter; SearchStrategy: all) did not find any beans (OnBeanCondition)

   WebMvcAutoConfiguration.WebMvcAutoConfigurationAdapter#viewResolver matched:
      - @ConditionalOnBean (types: org.springframework.web.servlet.ViewResolver; SearchStrategy: all) found beans 'defaultViewResolver', 'beanNameViewResolver', 'mvcViewResolver'; @ConditionalOnMissingBean (names: viewResolver; types: org.springframework.web.servlet.view.ContentNegotiatingViewResolver; SearchStrategy: all) did not find any beans (OnBeanCondition)

   WebMvcAutoConfiguration.WebMvcAutoConfigurationAdapter.FaviconConfiguration matched:
      - @ConditionalOnProperty (spring.mvc.favicon.enabled) matched (OnPropertyCondition)

   WebSocketServletAutoConfiguration matched:
      - @ConditionalOnClass found required classes 'javax.servlet.Servlet', 'javax.websocket.server.ServerContainer'; @ConditionalOnMissingClass did not find unwanted class (OnClassCondition)
      - found 'session' scope (OnWebApplicationCondition)

   WebSocketServletAutoConfiguration.TomcatWebSocketConfiguration matched:
      - @ConditionalOnClass found required classes 'org.apache.catalina.startup.Tomcat', 'org.apache.tomcat.websocket.server.WsSci'; @ConditionalOnMissingClass did not find unwanted class (OnClassCondition)

   WebSocketServletAutoConfiguration.TomcatWebSocketConfiguration#websocketContainerCustomizer matched:
      - @ConditionalOnMissingBean (names: websocketServletWebServerCustomizer; SearchStrategy: all) did not find any beans (OnBeanCondition)


Negative matches:
-----------------

   ActiveMQAutoConfiguration:
      Did not match:
         - @ConditionalOnClass did not find required classes 'javax.jms.ConnectionFactory', 'org.apache.activemq.ActiveMQConnectionFactory' (OnClassCondition)

   AopAutoConfiguration.JdkDynamicAutoProxyConfiguration:
      Did not match:
         - @ConditionalOnProperty (spring.aop.proxy-target-class=false) did not find property 'proxy-target-class' (OnPropertyCondition)

   ArchaiusAutoConfiguration.ArchaiusEndpointConfiguration:
      Did not match:
         - @ConditionalOnClass did not find required class 'org.springframework.boot.actuate.health.Health' (OnClassCondition)

   ArtemisAutoConfiguration:
      Did not match:
         - @ConditionalOnClass did not find required classes 'javax.jms.ConnectionFactory', 'org.apache.activemq.artemis.jms.client.ActiveMQConnectionFactory' (OnClassCondition)

   AtomikosJtaConfiguration:
      Did not match:
         - @ConditionalOnClass did not find required class 'com.atomikos.icatch.jta.UserTransactionManager' (OnClassCondition)

   BatchAutoConfiguration:
      Did not match:
         - @ConditionalOnClass did not find required class 'org.springframework.batch.core.launch.JobLauncher' (OnClassCondition)

   BitronixJtaConfiguration:
      Did not match:
         - @ConditionalOnClass did not find required class 'bitronix.tm.jndi.BitronixContext' (OnClassCondition)

   CacheAutoConfiguration:
      Did not match:
         - @ConditionalOnBean (types: org.springframework.cache.interceptor.CacheAspectSupport; SearchStrategy: all) did not find any beans of type org.springframework.cache.interceptor.CacheAspectSupport (OnBeanCondition)
      Matched:
         - @ConditionalOnClass found required class 'org.springframework.cache.CacheManager'; @ConditionalOnMissingClass did not find unwanted class (OnClassCondition)

   CacheAutoConfiguration.CacheManagerJpaDependencyConfiguration:
      Did not match:
         - Ancestor org.springframework.boot.autoconfigure.cache.CacheAutoConfiguration did not match (ConditionEvaluationReport.AncestorsMatchedCondition)
      Matched:
         - @ConditionalOnClass found required class 'org.springframework.orm.jpa.LocalContainerEntityManagerFactoryBean'; @ConditionalOnMissingClass did not find unwanted class (OnClassCondition)

   CaffeineCacheConfiguration:
      Did not match:
         - @ConditionalOnClass did not find required classes 'com.github.benmanes.caffeine.cache.Caffeine', 'org.springframework.cache.caffeine.CaffeineCacheManager' (OnClassCondition)

   CassandraAutoConfiguration:
      Did not match:
         - @ConditionalOnClass did not find required class 'com.datastax.driver.core.Cluster' (OnClassCondition)

   CassandraDataAutoConfiguration:
      Did not match:
         - @ConditionalOnClass did not find required classes 'com.datastax.driver.core.Cluster', 'org.springframework.data.cassandra.core.CassandraAdminOperations' (OnClassCondition)

   CassandraReactiveDataAutoConfiguration:
      Did not match:
         - @ConditionalOnClass did not find required classes 'com.datastax.driver.core.Cluster', 'org.springframework.data.cassandra.core.ReactiveCassandraTemplate', 'reactor.core.publisher.Flux' (OnClassCondition)

   CassandraReactiveRepositoriesAutoConfiguration:
      Did not match:
         - @ConditionalOnClass did not find required classes 'org.springframework.data.cassandra.ReactiveSession', 'org.springframework.data.cassandra.repository.ReactiveCassandraRepository' (OnClassCondition)

   CassandraRepositoriesAutoConfiguration:
      Did not match:
         - @ConditionalOnClass did not find required classes 'com.datastax.driver.core.Session', 'org.springframework.data.cassandra.repository.CassandraRepository' (OnClassCondition)

   CloudAutoConfiguration:
      Did not match:
         - @ConditionalOnClass did not find required class 'org.springframework.cloud.config.java.CloudScanConfiguration' (OnClassCondition)

   CloudHypermediaAutoConfiguration:
      Did not match:
         - @ConditionalOnBean (types: org.springframework.cloud.client.hypermedia.RemoteResource; SearchStrategy: all) did not find any beans of type org.springframework.cloud.client.hypermedia.RemoteResource (OnBeanCondition)

   CommonsClientAutoConfiguration.ActuatorConfiguration:
      Did not match:
         - @ConditionalOnClass did not find required class 'org.springframework.boot.actuate.endpoint.annotation.Endpoint' (OnClassCondition)

   CommonsClientAutoConfiguration.DiscoveryLoadBalancerConfiguration:
      Did not match:
         - @ConditionalOnClass did not find required class 'org.springframework.boot.actuate.health.HealthIndicator' (OnClassCondition)

   CouchbaseAutoConfiguration:
      Did not match:
         - @ConditionalOnClass did not find required classes 'com.couchbase.client.java.CouchbaseBucket', 'com.couchbase.client.java.Cluster' (OnClassCondition)

   CouchbaseCacheConfiguration:
      Did not match:
         - @ConditionalOnClass did not find required classes 'com.couchbase.client.java.Bucket', 'com.couchbase.client.spring.cache.CouchbaseCacheManager' (OnClassCondition)

   CouchbaseDataAutoConfiguration:
      Did not match:
         - @ConditionalOnClass did not find required classes 'com.couchbase.client.java.Bucket', 'org.springframework.data.couchbase.repository.CouchbaseRepository' (OnClassCondition)

   CouchbaseReactiveDataAutoConfiguration:
      Did not match:
         - @ConditionalOnClass did not find required classes 'com.couchbase.client.java.Bucket', 'org.springframework.data.couchbase.repository.ReactiveCouchbaseRepository', 'reactor.core.publisher.Flux' (OnClassCondition)

   CouchbaseReactiveRepositoriesAutoConfiguration:
      Did not match:
         - @ConditionalOnClass did not find required classes 'com.couchbase.client.java.Bucket', 'org.springframework.data.couchbase.repository.ReactiveCouchbaseRepository', 'reactor.core.publisher.Flux' (OnClassCondition)

   CouchbaseRepositoriesAutoConfiguration:
      Did not match:
         - @ConditionalOnClass did not find required classes 'com.couchbase.client.java.Bucket', 'org.springframework.data.couchbase.repository.CouchbaseRepository' (OnClassCondition)

   DataSourceAutoConfiguration.EmbeddedDatabaseConfiguration:
      Did not match:
         - EmbeddedDataSource found supported pooled data source (DataSourceAutoConfiguration.EmbeddedDatabaseCondition)

   DataSourceAutoConfiguration.PooledDataSourceConfiguration:
      Did not match:
         - @ConditionalOnMissingBean (types: javax.sql.DataSource,javax.sql.XADataSource; SearchStrategy: all) found beans of type 'javax.sql.DataSource' dataSource (OnBeanCondition)
      Matched:
         - AnyNestedCondition 1 matched 1 did not; NestedCondition on DataSourceAutoConfiguration.PooledDataSourceCondition.PooledDataSourceAvailable PooledDataSource found supported DataSource; NestedCondition on DataSourceAutoConfiguration.PooledDataSourceCondition.ExplicitType @ConditionalOnProperty (spring.datasource.type) did not find property 'type' (DataSourceAutoConfiguration.PooledDataSourceCondition)

   DataSourceConfiguration.Dbcp2:
      Did not match:
         - @ConditionalOnClass did not find required class 'org.apache.commons.dbcp2.BasicDataSource' (OnClassCondition)

   DataSourceConfiguration.Generic:
      Did not match:
         - @ConditionalOnProperty (spring.datasource.type) did not find property 'spring.datasource.type' (OnPropertyCondition)

   DataSourceConfiguration.Tomcat:
      Did not match:
         - @ConditionalOnClass did not find required class 'org.apache.tomcat.jdbc.pool.DataSource' (OnClassCondition)

   DataSourceJmxConfiguration:
      Did not match:
         - @ConditionalOnProperty (spring.jmx.enabled=true) found different value in property 'enabled' (OnPropertyCondition)

   DataSourcePoolMetadataProvidersConfiguration.CommonsDbcp2PoolDataSourceMetadataProviderConfiguration:
      Did not match:
         - @ConditionalOnClass did not find required class 'org.apache.commons.dbcp2.BasicDataSource' (OnClassCondition)

   DataSourcePoolMetadataProvidersConfiguration.TomcatDataSourcePoolMetadataProviderConfiguration:
      Did not match:
         - @ConditionalOnClass did not find required class 'org.apache.tomcat.jdbc.pool.DataSource' (OnClassCondition)

   DataSourceTransactionManagerAutoConfiguration.DataSourceTransactionManagerConfiguration#transactionManager:
      Did not match:
         - @ConditionalOnMissingBean (types: org.springframework.transaction.PlatformTransactionManager; SearchStrategy: all) found beans of type 'org.springframework.transaction.PlatformTransactionManager' transactionManager (OnBeanCondition)

   DiscoveryClientOptionalArgsConfiguration#restTemplateDiscoveryClientOptionalArgs:
      Did not match:
         - @ConditionalOnMissingClass found unwanted class 'com.sun.jersey.api.client.filter.ClientFilter' (OnClassCondition)

   DispatcherServletAutoConfiguration.DispatcherServletConfiguration#multipartResolver:
      Did not match:
         - @ConditionalOnBean (types: org.springframework.web.multipart.MultipartResolver; SearchStrategy: all) did not find any beans of type org.springframework.web.multipart.MultipartResolver (OnBeanCondition)

   DruidFilterConfiguration#commonsLogFilter:
      Did not match:
         - @ConditionalOnProperty (spring.datasource.druid.filter.commons-log.enabled) did not find property 'enabled' (OnPropertyCondition)

   DruidFilterConfiguration#configFilter:
      Did not match:
         - @ConditionalOnProperty (spring.datasource.druid.filter.config.enabled) did not find property 'enabled' (OnPropertyCondition)

   DruidFilterConfiguration#encodingConvertFilter:
      Did not match:
         - @ConditionalOnProperty (spring.datasource.druid.filter.encoding.enabled) did not find property 'enabled' (OnPropertyCondition)

   DruidFilterConfiguration#log4j2Filter:
      Did not match:
         - @ConditionalOnProperty (spring.datasource.druid.filter.log4j2.enabled) did not find property 'enabled' (OnPropertyCondition)

   DruidFilterConfiguration#log4jFilter:
      Did not match:
         - @ConditionalOnProperty (spring.datasource.druid.filter.log4j.enabled) did not find property 'enabled' (OnPropertyCondition)

   DruidFilterConfiguration#slf4jLogFilter:
      Did not match:
         - @ConditionalOnProperty (spring.datasource.druid.filter.slf4j.enabled) did not find property 'enabled' (OnPropertyCondition)

   DruidFilterConfiguration#wallConfig:
      Did not match:
         - @ConditionalOnProperty (spring.datasource.druid.filter.wall.enabled) did not find property 'enabled' (OnPropertyCondition)

   DruidFilterConfiguration#wallFilter:
      Did not match:
         - @ConditionalOnProperty (spring.datasource.druid.filter.wall.enabled) did not find property 'enabled' (OnPropertyCondition)

   DruidSpringAopConfiguration:
      Did not match:
         - @ConditionalOnProperty (spring.datasource.druid.aop-patterns) did not find property 'spring.datasource.druid.aop-patterns' (OnPropertyCondition)

   EhCacheCacheConfiguration:
      Did not match:
         - @ConditionalOnClass did not find required classes 'net.sf.ehcache.Cache', 'org.springframework.cache.ehcache.EhCacheCacheManager' (OnClassCondition)

   ElasticsearchAutoConfiguration:
      Did not match:
         - @ConditionalOnClass did not find required classes 'org.elasticsearch.client.Client', 'org.springframework.data.elasticsearch.client.TransportClientFactoryBean' (OnClassCondition)

   ElasticsearchDataAutoConfiguration:
      Did not match:
         - @ConditionalOnClass did not find required classes 'org.elasticsearch.client.Client', 'org.springframework.data.elasticsearch.core.ElasticsearchTemplate' (OnClassCondition)

   ElasticsearchRepositoriesAutoConfiguration:
      Did not match:
         - @ConditionalOnClass did not find required classes 'org.elasticsearch.client.Client', 'org.springframework.data.elasticsearch.repository.ElasticsearchRepository' (OnClassCondition)

   EmbeddedLdapAutoConfiguration:
      Did not match:
         - @ConditionalOnClass did not find required class 'com.unboundid.ldap.listener.InMemoryDirectoryServer' (OnClassCondition)

   EmbeddedMongoAutoConfiguration:
      Did not match:
         - @ConditionalOnClass did not find required class 'de.flapdoodle.embed.mongo.MongodStarter' (OnClassCondition)

   EmbeddedWebServerFactoryCustomizerAutoConfiguration.JettyWebServerFactoryCustomizerConfiguration:
      Did not match:
         - @ConditionalOnClass did not find required classes 'org.eclipse.jetty.server.Server', 'org.eclipse.jetty.util.Loader', 'org.eclipse.jetty.webapp.WebAppContext' (OnClassCondition)

   EmbeddedWebServerFactoryCustomizerAutoConfiguration.UndertowWebServerFactoryCustomizerConfiguration:
      Did not match:
         - @ConditionalOnClass did not find required classes 'io.undertow.Undertow', 'org.xnio.SslClientAuthMode' (OnClassCondition)

   ErrorWebFluxAutoConfiguration:
      Did not match:
         - @ConditionalOnClass did not find required class 'org.springframework.web.reactive.config.WebFluxConfigurer' (OnClassCondition)

   EurekaClientAutoConfiguration.EurekaClientConfiguration:
      Did not match:
         - AnyNestedCondition 0 matched 2 did not; NestedCondition on EurekaClientAutoConfiguration.OnMissingRefreshScopeCondition.MissingScope @ConditionalOnMissingBean (types: org.springframework.cloud.autoconfigure.RefreshAutoConfiguration; SearchStrategy: all) found beans of type 'org.springframework.cloud.autoconfigure.RefreshAutoConfiguration' org.springframework.cloud.autoconfigure.RefreshAutoConfiguration; NestedCondition on EurekaClientAutoConfiguration.OnMissingRefreshScopeCondition.MissingClass @ConditionalOnMissingClass found unwanted class 'org.springframework.cloud.context.scope.refresh.RefreshScope' (EurekaClientAutoConfiguration.OnMissingRefreshScopeCondition)

   EurekaClientAutoConfiguration.EurekaHealthIndicatorConfiguration:
      Did not match:
         - @ConditionalOnClass did not find required class 'org.springframework.boot.actuate.health.Health' (OnClassCondition)

   EurekaClientConfigServerAutoConfiguration:
      Did not match:
         - @ConditionalOnClass did not find required class 'org.springframework.cloud.config.server.config.ConfigServerProperties' (OnClassCondition)

   EurekaDiscoveryClientConfigServiceAutoConfiguration:
      Did not match:
         - @ConditionalOnProperty (spring.cloud.config.discovery.enabled) did not find property 'spring.cloud.config.discovery.enabled' (OnPropertyCondition)

   EurekaDiscoveryClientConfiguration.EurekaHealthCheckHandlerConfiguration:
      Did not match:
         - @ConditionalOnProperty (eureka.client.healthcheck.enabled) did not find property 'eureka.client.healthcheck.enabled' (OnPropertyCondition)

   FeignAcceptGzipEncodingAutoConfiguration:
      Did not match:
         - @ConditionalOnProperty (feign.compression.response.enabled) did not find property 'feign.compression.response.enabled' (OnPropertyCondition)
      Matched:
         - @ConditionalOnClass found required class 'feign.Feign'; @ConditionalOnMissingClass did not find unwanted class (OnClassCondition)

   FeignAutoConfiguration.DefaultFeignTargeterConfiguration:
      Did not match:
         - @ConditionalOnMissingClass found unwanted class 'feign.hystrix.HystrixFeign' (OnClassCondition)

   FeignAutoConfiguration.HttpClientFeignConfiguration:
      Did not match:
         - @ConditionalOnClass did not find required class 'feign.httpclient.ApacheHttpClient' (OnClassCondition)

   FeignAutoConfiguration.OkHttpFeignConfiguration:
      Did not match:
         - @ConditionalOnMissingClass found unwanted class 'com.netflix.loadbalancer.ILoadBalancer' (OnClassCondition)

   FeignContentGzipEncodingAutoConfiguration:
      Did not match:
         - @ConditionalOnProperty (feign.compression.request.enabled) did not find property 'feign.compression.request.enabled' (OnPropertyCondition)
      Matched:
         - @ConditionalOnClass found required class 'feign.Feign'; @ConditionalOnMissingClass did not find unwanted class (OnClassCondition)

   FeignRibbonClientAutoConfiguration#retryabeCachingLBClientFactory:
      Did not match:
         - @ConditionalOnClass did not find required class 'org.springframework.retry.support.RetryTemplate' (OnClassCondition)

   FlywayAutoConfiguration:
      Did not match:
         - @ConditionalOnClass did not find required class 'org.flywaydb.core.Flyway' (OnClassCondition)

   FreeMarkerAutoConfiguration:
      Did not match:
         - @ConditionalOnClass did not find required classes 'freemarker.template.Configuration', 'org.springframework.ui.freemarker.FreeMarkerConfigurationFactory' (OnClassCondition)

   GroovyTemplateAutoConfiguration:
      Did not match:
         - @ConditionalOnClass did not find required class 'groovy.text.markup.MarkupTemplateEngine' (OnClassCondition)

   GsonHttpMessageConvertersConfiguration.GsonHttpMessageConverterConfiguration:
      Did not match:
         - AnyNestedCondition 0 matched 2 did not; NestedCondition on GsonHttpMessageConvertersConfiguration.PreferGsonOrJacksonAndJsonbUnavailableCondition.JacksonJsonbUnavailable NoneNestedConditions 1 matched 1 did not; NestedCondition on GsonHttpMessageConvertersConfiguration.JacksonAndJsonbUnavailableCondition.JsonbPreferred @ConditionalOnProperty (spring.http.converters.preferred-json-mapper=jsonb) did not find property 'spring.http.converters.preferred-json-mapper'; NestedCondition on GsonHttpMessageConvertersConfiguration.JacksonAndJsonbUnavailableCondition.JacksonAvailable @ConditionalOnBean (types: org.springframework.http.converter.json.MappingJackson2HttpMessageConverter; SearchStrategy: all) found bean 'mappingJackson2HttpMessageConverter'; NestedCondition on GsonHttpMessageConvertersConfiguration.PreferGsonOrJacksonAndJsonbUnavailableCondition.GsonPreferred @ConditionalOnProperty (spring.http.converters.preferred-json-mapper=gson) did not find property 'spring.http.converters.preferred-json-mapper' (GsonHttpMessageConvertersConfiguration.PreferGsonOrJacksonAndJsonbUnavailableCondition)

   H2ConsoleAutoConfiguration:
      Did not match:
         - @ConditionalOnClass did not find required class 'org.h2.server.web.WebServlet' (OnClassCondition)

   HazelcastAutoConfiguration:
      Did not match:
         - @ConditionalOnClass did not find required class 'com.hazelcast.core.HazelcastInstance' (OnClassCondition)

   HazelcastCacheConfiguration:
      Did not match:
         - @ConditionalOnClass did not find required classes 'com.hazelcast.core.HazelcastInstance', 'com.hazelcast.spring.cache.HazelcastCacheManager' (OnClassCondition)

   HazelcastJpaDependencyAutoConfiguration:
      Did not match:
         - @ConditionalOnClass did not find required class 'com.hazelcast.core.HazelcastInstance' (OnClassCondition)

   HttpClientFeignLoadBalancedConfiguration:
      Did not match:
         - @ConditionalOnClass did not find required class 'feign.httpclient.ApacheHttpClient' (OnClassCondition)

   HttpHandlerAutoConfiguration:
      Did not match:
         - @ConditionalOnClass did not find required class 'org.springframework.web.reactive.DispatcherHandler' (OnClassCondition)

   HypermediaAutoConfiguration:
      Did not match:
         - @ConditionalOnClass did not find required class 'org.springframework.hateoas.Resource' (OnClassCondition)

   HystrixAutoConfiguration:
      Did not match:
         - @ConditionalOnClass did not find required class 'org.springframework.boot.actuate.health.HealthIndicator' (OnClassCondition)

   HystrixSecurityAutoConfiguration:
      Did not match:
         - @ConditionalOnClass did not find required class 'org.springframework.security.core.context.SecurityContext' (OnClassCondition)

   InfinispanCacheConfiguration:
      Did not match:
         - @ConditionalOnClass did not find required class 'org.infinispan.spring.provider.SpringEmbeddedCacheManager' (OnClassCondition)

   InfluxDbAutoConfiguration:
      Did not match:
         - @ConditionalOnClass did not find required class 'org.influxdb.InfluxDB' (OnClassCondition)

   IntegrationAutoConfiguration:
      Did not match:
         - @ConditionalOnClass did not find required class 'org.springframework.integration.config.EnableIntegration' (OnClassCondition)

   JCacheCacheConfiguration:
      Did not match:
         - @ConditionalOnClass did not find required classes 'javax.cache.Caching', 'org.springframework.cache.jcache.JCacheCacheManager' (OnClassCondition)

   JacksonAutoConfiguration.JodaDateTimeJacksonConfiguration:
      Did not match:
         - @ConditionalOnClass did not find required classes 'com.fasterxml.jackson.datatype.joda.ser.DateTimeSerializer', 'com.fasterxml.jackson.datatype.joda.cfg.JacksonJodaDateFormat' (OnClassCondition)

   JacksonHttpMessageConvertersConfiguration.MappingJackson2XmlHttpMessageConverterConfiguration:
      Did not match:
         - @ConditionalOnClass did not find required class 'com.fasterxml.jackson.dataformat.xml.XmlMapper' (OnClassCondition)

   JerseyAutoConfiguration:
      Did not match:
         - @ConditionalOnClass did not find required class 'org.glassfish.jersey.server.spring.SpringComponentProvider' (OnClassCondition)

   JestAutoConfiguration:
      Did not match:
         - @ConditionalOnClass did not find required class 'io.searchbox.client.JestClient' (OnClassCondition)

   JmsAutoConfiguration:
      Did not match:
         - @ConditionalOnClass did not find required classes 'javax.jms.Message', 'org.springframework.jms.core.JmsTemplate' (OnClassCondition)

   JmxAutoConfiguration:
      Did not match:
         - @ConditionalOnProperty (spring.jmx.enabled=true) found different value in property 'enabled' (OnPropertyCondition)
      Matched:
         - @ConditionalOnClass found required class 'org.springframework.jmx.export.MBeanExporter'; @ConditionalOnMissingClass did not find unwanted class (OnClassCondition)

   JndiConnectionFactoryAutoConfiguration:
      Did not match:
         - @ConditionalOnClass did not find required class 'org.springframework.jms.core.JmsTemplate' (OnClassCondition)

   JndiDataSourceAutoConfiguration:
      Did not match:
         - @ConditionalOnProperty (spring.datasource.jndi-name) did not find property 'jndi-name' (OnPropertyCondition)
      Matched:
         - @ConditionalOnClass found required classes 'javax.sql.DataSource', 'org.springframework.jdbc.datasource.embedded.EmbeddedDatabaseType'; @ConditionalOnMissingClass did not find unwanted class (OnClassCondition)

   JndiJtaConfiguration:
      Did not match:
         - @ConditionalOnJndi JNDI environment is not available (OnJndiCondition)
      Matched:
         - @ConditionalOnClass found required class 'org.springframework.transaction.jta.JtaTransactionManager'; @ConditionalOnMissingClass did not find unwanted class (OnClassCondition)

   JooqAutoConfiguration:
      Did not match:
         - @ConditionalOnClass did not find required class 'org.jooq.DSLContext' (OnClassCondition)

   JsonbAutoConfiguration:
      Did not match:
         - @ConditionalOnClass did not find required class 'javax.json.bind.Jsonb' (OnClassCondition)

   JsonbHttpMessageConvertersConfiguration:
      Did not match:
         - @ConditionalOnClass did not find required class 'javax.json.bind.Jsonb' (OnClassCondition)

   KafkaAutoConfiguration:
      Did not match:
         - @ConditionalOnClass did not find required class 'org.springframework.kafka.core.KafkaTemplate' (OnClassCondition)

   LdapAutoConfiguration:
      Did not match:
         - @ConditionalOnClass did not find required class 'org.springframework.ldap.core.ContextSource' (OnClassCondition)

   LdapDataAutoConfiguration:
      Did not match:
         - @ConditionalOnClass did not find required class 'org.springframework.data.ldap.repository.LdapRepository' (OnClassCondition)

   LdapRepositoriesAutoConfiguration:
      Did not match:
         - @ConditionalOnClass did not find required class 'org.springframework.data.ldap.repository.LdapRepository' (OnClassCondition)

   LiquibaseAutoConfiguration:
      Did not match:
         - @ConditionalOnClass did not find required classes 'liquibase.integration.spring.SpringLiquibase', 'liquibase.change.DatabaseChange' (OnClassCondition)

   LoadBalancerAutoConfiguration.RetryAutoConfiguration:
      Did not match:
         - @ConditionalOnClass did not find required class 'org.springframework.retry.support.RetryTemplate' (OnClassCondition)

   LoadBalancerAutoConfiguration.RetryInterceptorAutoConfiguration:
      Did not match:
         - @ConditionalOnClass did not find required class 'org.springframework.retry.support.RetryTemplate' (OnClassCondition)

   MailSenderAutoConfiguration:
      Did not match:
         - @ConditionalOnClass did not find required class 'javax.mail.internet.MimeMessage' (OnClassCondition)

   MailSenderValidatorAutoConfiguration:
      Did not match:
         - @ConditionalOnProperty (spring.mail.test-connection) did not find property 'test-connection' (OnPropertyCondition)

   MessageSourceAutoConfiguration:
      Did not match:
         - ResourceBundle did not find bundle with basename messages (MessageSourceAutoConfiguration.ResourceBundleCondition)

   MongoReactiveAutoConfiguration:
      Did not match:
         - @ConditionalOnClass did not find required class 'com.mongodb.reactivestreams.client.MongoClient' (OnClassCondition)

   MongoReactiveDataAutoConfiguration:
      Did not match:
         - @ConditionalOnClass did not find required class 'com.mongodb.reactivestreams.client.MongoClient' (OnClassCondition)

   MongoReactiveRepositoriesAutoConfiguration:
      Did not match:
         - @ConditionalOnClass did not find required class 'com.mongodb.reactivestreams.client.MongoClient' (OnClassCondition)

   MustacheAutoConfiguration:
      Did not match:
         - @ConditionalOnClass did not find required class 'com.samskivert.mustache.Mustache' (OnClassCondition)

   NarayanaJtaConfiguration:
      Did not match:
         - @ConditionalOnClass did not find required classes 'com.arjuna.ats.jta.UserTransaction', 'org.jboss.tm.XAResourceRecoveryRegistry' (OnClassCondition)

   Neo4jDataAutoConfiguration:
      Did not match:
         - @ConditionalOnClass did not find required classes 'org.neo4j.ogm.session.SessionFactory', 'org.springframework.data.neo4j.transaction.Neo4jTransactionManager' (OnClassCondition)

   Neo4jRepositoriesAutoConfiguration:
      Did not match:
         - @ConditionalOnClass did not find required classes 'org.neo4j.ogm.session.Neo4jSession', 'org.springframework.data.neo4j.repository.Neo4jRepository' (OnClassCondition)

   NoopDiscoveryClientAutoConfiguration:
      Did not match:
         - @ConditionalOnMissingBean (types: org.springframework.cloud.client.discovery.DiscoveryClient; SearchStrategy: all) found beans of type 'org.springframework.cloud.client.discovery.DiscoveryClient' compositeDiscoveryClient, discoveryClient, simpleDiscoveryClient (OnBeanCondition)

   NoopDiscoveryClientAutoConfiguration.Boot15PortFinderConfiguration:
      Did not match:
         - @ConditionalOnClass did not find required class 'org.springframework.boot.context.embedded.EmbeddedWebApplicationContext' (OnClassCondition)
         - Ancestor org.springframework.cloud.client.discovery.noop.NoopDiscoveryClientAutoConfiguration did not match (ConditionEvaluationReport.AncestorsMatchedCondition)

   OAuth2ClientAutoConfiguration:
      Did not match:
         - @ConditionalOnClass did not find required classes 'org.springframework.security.config.annotation.web.configuration.EnableWebSecurity', 'org.springframework.security.oauth2.client.registration.ClientRegistration' (OnClassCondition)

   OkHttpFeignLoadBalancedConfiguration:
      Did not match:
         - @ConditionalOnProperty (feign.okhttp.enabled) did not find property 'feign.okhttp.enabled' (OnPropertyCondition)
      Matched:
         - @ConditionalOnClass found required class 'feign.okhttp.OkHttpClient'; @ConditionalOnMissingClass did not find unwanted class (OnClassCondition)

   ProjectInfoAutoConfiguration#buildProperties:
      Did not match:
         - @ConditionalOnResource did not find resource '${spring.info.build.location:classpath:META-INF/build-info.properties}' (OnResourceCondition)

   ProjectInfoAutoConfiguration#gitProperties:
      Did not match:
         - GitResource did not find git info at classpath:git.properties (ProjectInfoAutoConfiguration.GitResourceAvailableCondition)

   QuartzAutoConfiguration:
      Did not match:
         - @ConditionalOnClass did not find required classes 'org.quartz.Scheduler', 'org.springframework.scheduling.quartz.SchedulerFactoryBean' (OnClassCondition)

   RabbitAutoConfiguration:
      Did not match:
         - @ConditionalOnClass did not find required classes 'org.springframework.amqp.rabbit.core.RabbitTemplate', 'com.rabbitmq.client.Channel' (OnClassCondition)

   ReactiveLoadBalancerAutoConfiguration:
      Did not match:
         - @ConditionalOnClass did not find required class 'org.springframework.web.reactive.function.client.WebClient' (OnClassCondition)

   ReactiveUserDetailsServiceAutoConfiguration:
      Did not match:
         - @ConditionalOnClass did not find required class 'org.springframework.security.authentication.ReactiveAuthenticationManager' (OnClassCondition)

   ReactiveWebServerFactoryAutoConfiguration:
      Did not match:
         - not a reactive web application (OnWebApplicationCondition)
      Matched:
         - @ConditionalOnClass found required class 'org.springframework.http.ReactiveHttpInputMessage'; @ConditionalOnMissingClass did not find unwanted class (OnClassCondition)

   ReactorCoreAutoConfiguration:
      Did not match:
         - @ConditionalOnClass did not find required classes 'reactor.core.publisher.Mono', 'reactor.core.publisher.Flux' (OnClassCondition)

   RedisAutoConfiguration:
      Did not match:
         - @ConditionalOnClass did not find required class 'org.springframework.data.redis.core.RedisOperations' (OnClassCondition)

   RedisReactiveAutoConfiguration:
      Did not match:
         - @ConditionalOnClass did not find required classes 'org.springframework.data.redis.connection.ReactiveRedisConnectionFactory', 'org.springframework.data.redis.core.ReactiveRedisTemplate', 'reactor.core.publisher.Flux' (OnClassCondition)

   RedisRepositoriesAutoConfiguration:
      Did not match:
         - @ConditionalOnClass did not find required class 'org.springframework.data.redis.repository.configuration.EnableRedisRepositories' (OnClassCondition)

   RefreshEndpointAutoConfiguration:
      Did not match:
         - @ConditionalOnClass did not find required classes 'org.springframework.boot.actuate.autoconfigure.endpoint.EndpointAutoConfiguration', 'org.springframework.boot.actuate.health.Health' (OnClassCondition)

   RepositoryRestMvcAutoConfiguration:
      Did not match:
         - @ConditionalOnClass did not find required class 'org.springframework.data.rest.webmvc.config.RepositoryRestMvcConfiguration' (OnClassCondition)

   RibbonAutoConfiguration#loadBalancedRetryPolicyFactory:
      Did not match:
         - @ConditionalOnClass did not find required class 'org.springframework.retry.support.RetryTemplate' (OnClassCondition)

   RibbonAutoConfiguration#ribbonApplicationContextInitializer:
      Did not match:
         - @ConditionalOnProperty (ribbon.eager-load.enabled) did not find property 'ribbon.eager-load.enabled' (OnPropertyCondition)

   RibbonAutoConfiguration.RibbonClientHttpRequestFactoryConfiguration:
      Did not match:
         - AnyNestedCondition 0 matched 2 did not; NestedCondition on RibbonAutoConfiguration.OnRibbonRestClientCondition.RibbonProperty @ConditionalOnProperty (ribbon.restclient.enabled) did not find property 'ribbon.restclient.enabled'; NestedCondition on RibbonAutoConfiguration.OnRibbonRestClientCondition.ZuulProperty @ConditionalOnProperty (ribbon.http.client.enabled) did not find property 'ribbon.http.client.enabled' (RibbonAutoConfiguration.OnRibbonRestClientCondition)
      Matched:
         - @ConditionalOnClass found required class 'com.netflix.client.http.HttpRequest'; @ConditionalOnMissingClass did not find unwanted class (OnClassCondition)

   SecurityAutoConfiguration:
      Did not match:
         - @ConditionalOnClass did not find required class 'org.springframework.security.authentication.DefaultAuthenticationEventPublisher' (OnClassCondition)

   SecurityFilterAutoConfiguration:
      Did not match:
         - @ConditionalOnClass did not find required classes 'org.springframework.security.web.context.AbstractSecurityWebApplicationInitializer', 'org.springframework.security.config.http.SessionCreationPolicy' (OnClassCondition)

   SendGridAutoConfiguration:
      Did not match:
         - @ConditionalOnClass did not find required class 'com.sendgrid.SendGrid' (OnClassCondition)

   ServiceRegistryAutoConfiguration.ServiceRegistryEndpointConfiguration:
      Did not match:
         - @ConditionalOnClass did not find required class 'org.springframework.boot.actuate.endpoint.annotation.Endpoint' (OnClassCondition)

   ServletWebServerFactoryConfiguration.EmbeddedJetty:
      Did not match:
         - @ConditionalOnClass did not find required classes 'org.eclipse.jetty.server.Server', 'org.eclipse.jetty.util.Loader', 'org.eclipse.jetty.webapp.WebAppContext' (OnClassCondition)

   ServletWebServerFactoryConfiguration.EmbeddedUndertow:
      Did not match:
         - @ConditionalOnClass did not find required classes 'io.undertow.Undertow', 'org.xnio.SslClientAuthMode' (OnClassCondition)

   SessionAutoConfiguration:
      Did not match:
         - @ConditionalOnClass did not find required class 'org.springframework.session.Session' (OnClassCondition)

   SolrAutoConfiguration:
      Did not match:
         - @ConditionalOnClass did not find required classes 'org.apache.solr.client.solrj.impl.HttpSolrClient', 'org.apache.solr.client.solrj.impl.CloudSolrClient' (OnClassCondition)

   SolrRepositoriesAutoConfiguration:
      Did not match:
         - @ConditionalOnClass did not find required classes 'org.apache.solr.client.solrj.SolrClient', 'org.springframework.data.solr.repository.SolrRepository' (OnClassCondition)

   SpringApplicationAdminJmxAutoConfiguration:
      Did not match:
         - @ConditionalOnProperty (spring.application.admin.enabled=true) did not find property 'enabled' (OnPropertyCondition)

   ThymeleafAutoConfiguration:
      Did not match:
         - @ConditionalOnClass did not find required class 'org.thymeleaf.templatemode.TemplateMode' (OnClassCondition)

   TransactionAutoConfiguration.EnableTransactionManagementConfiguration.JdkDynamicAutoProxyConfiguration:
      Did not match:
         - @ConditionalOnProperty (spring.aop.proxy-target-class=false) did not find property 'proxy-target-class' (OnPropertyCondition)

   UserDetailsServiceAutoConfiguration:
      Did not match:
         - @ConditionalOnClass did not find required class 'org.springframework.security.authentication.AuthenticationManager' (OnClassCondition)

   WebClientAutoConfiguration:
      Did not match:
         - @ConditionalOnClass did not find required class 'org.springframework.web.reactive.function.client.WebClient' (OnClassCondition)

   WebFluxAutoConfiguration:
      Did not match:
         - @ConditionalOnClass did not find required class 'org.springframework.web.reactive.config.WebFluxConfigurer' (OnClassCondition)

   WebFluxSecurityConfiguration:
      Did not match:
         - @ConditionalOnClass did not find required classes 'org.springframework.security.config.annotation.web.reactive.EnableWebFluxSecurity', 'org.springframework.security.web.server.WebFilterChainProxy' (OnClassCondition)

   WebMvcAutoConfiguration.ResourceChainCustomizerConfiguration:
      Did not match:
         - @ConditionalOnEnabledResourceChain did not find class org.webjars.WebJarAssetLocator (OnEnabledResourceChainCondition)

   WebMvcAutoConfiguration.WebMvcAutoConfigurationAdapter#beanNameViewResolver:
      Did not match:
         - @ConditionalOnMissingBean (types: org.springframework.web.servlet.view.BeanNameViewResolver; SearchStrategy: all) found beans of type 'org.springframework.web.servlet.view.BeanNameViewResolver' beanNameViewResolver (OnBeanCondition)

   WebMvcAutoConfiguration.WebMvcAutoConfigurationAdapter#localeResolver:
      Did not match:
         - @ConditionalOnProperty (spring.mvc.locale) did not find property 'locale' (OnPropertyCondition)

   WebServicesAutoConfiguration:
      Did not match:
         - @ConditionalOnClass did not find required class 'org.springframework.ws.transport.http.MessageDispatcherServlet' (OnClassCondition)

   WebSocketMessagingAutoConfiguration:
      Did not match:
         - @ConditionalOnClass did not find required class 'org.springframework.web.socket.config.annotation.WebSocketMessageBrokerConfigurer' (OnClassCondition)

   WebSocketReactiveAutoConfiguration:
      Did not match:
         - not a reactive web application (OnWebApplicationCondition)
      Matched:
         - @ConditionalOnClass found required classes 'javax.servlet.Servlet', 'javax.websocket.server.ServerContainer'; @ConditionalOnMissingClass did not find unwanted class (OnClassCondition)

   WebSocketServletAutoConfiguration.JettyWebSocketConfiguration:
      Did not match:
         - @ConditionalOnClass did not find required class 'org.eclipse.jetty.websocket.jsr356.server.deploy.WebSocketServerContainerInitializer' (OnClassCondition)

   WebSocketServletAutoConfiguration.UndertowWebSocketConfiguration:
      Did not match:
         - @ConditionalOnClass did not find required class 'io.undertow.websockets.jsr.Bootstrap' (OnClassCondition)

   WritableEnvironmentEndpointAutoConfiguration:
      Did not match:
         - @ConditionalOnClass did not find required classes 'org.springframework.boot.actuate.env.EnvironmentEndpoint', 'org.springframework.boot.actuate.autoconfigure.env.EnvironmentEndpointProperties' (OnClassCondition)

   XADataSourceAutoConfiguration:
      Did not match:
         - @ConditionalOnBean (types: org.springframework.boot.jdbc.XADataSourceWrapper; SearchStrategy: all) did not find any beans of type org.springframework.boot.jdbc.XADataSourceWrapper (OnBeanCondition)
      Matched:
         - @ConditionalOnClass found required classes 'javax.sql.DataSource', 'javax.transaction.TransactionManager', 'org.springframework.jdbc.datasource.embedded.EmbeddedDatabaseType'; @ConditionalOnMissingClass did not find unwanted class (OnClassCondition)


Exclusions:
-----------

    None


Unconditional classes:
----------------------

    org.springframework.boot.autoconfigure.context.PropertyPlaceholderAutoConfiguration

    org.springframework.cloud.client.discovery.simple.SimpleDiscoveryClientAutoConfiguration

    org.springframework.cloud.commons.httpclient.HttpClientConfiguration

    org.springframework.cloud.client.serviceregistry.ServiceRegistryAutoConfiguration

    org.springframework.cloud.autoconfigure.LifecycleMvcEndpointAutoConfiguration

    org.springframework.cloud.client.discovery.composite.CompositeDiscoveryClientAutoConfiguration

    org.springframework.boot.autoconfigure.web.embedded.EmbeddedWebServerFactoryCustomizerAutoConfiguration

    org.springframework.boot.autoconfigure.security.reactive.ReactiveSecurityAutoConfiguration

    org.springframework.boot.autoconfigure.context.ConfigurationPropertiesAutoConfiguration

    org.springframework.cloud.client.CommonsClientAutoConfiguration

    org.springframework.boot.autoconfigure.info.ProjectInfoAutoConfiguration



2020-03-09 20:45:38.334 [main] DEBUG o.s.w.s.resource.ResourceUrlProvider - Looking for resource handler mappings
2020-03-09 20:45:38.336 [main] DEBUG o.s.b.f.s.DefaultListableBeanFactory - Returning cached instance of singleton bean 'faviconHandlerMapping'
2020-03-09 20:45:38.336 [main] DEBUG o.s.b.f.s.DefaultListableBeanFactory - Returning cached instance of singleton bean 'resourceHandlerMapping'
2020-03-09 20:45:38.336 [main] DEBUG o.s.w.s.resource.ResourceUrlProvider - Found resource handler mapping: URL pattern="/**/favicon.ico", locations=[class path resource [META-INF/resources/], class path resource [resources/], class path resource [static/], class path resource [public/], ServletContext resource [/], class path resource []], resolvers=[org.springframework.web.servlet.resource.PathResourceResolver@23909b3]
2020-03-09 20:45:38.336 [main] DEBUG o.s.w.s.resource.ResourceUrlProvider - Found resource handler mapping: URL pattern="/webjars/**", locations=[class path resource [META-INF/resources/webjars/]], resolvers=[org.springframework.web.servlet.resource.PathResourceResolver@1977b0df]
2020-03-09 20:45:38.336 [main] DEBUG o.s.w.s.resource.ResourceUrlProvider - Found resource handler mapping: URL pattern="/**", locations=[class path resource [META-INF/resources/], class path resource [resources/], class path resource [static/], class path resource [public/], ServletContext resource [/]], resolvers=[org.springframework.web.servlet.resource.PathResourceResolver@4a490518]
2020-03-09 20:45:38.336 [main] DEBUG o.s.b.f.s.DefaultListableBeanFactory - Returning cached instance of singleton bean 'org.springframework.boot.autoconfigure.internalCachingMetadataReaderFactory'
2020-03-09 20:45:38.337 [main] DEBUG o.s.c.e.PropertySourcesPropertyResolver - Could not find key 'spring.liveBeansView.mbeanDomain' in any property source
2020-03-09 20:45:38.339 [main] INFO  c.n.manage_course.dao.FeignTest - Started FeignTest in 20.676 seconds (JVM running for 21.826)
2020-03-09 20:45:38.345 [main] DEBUG o.s.b.f.s.DefaultListableBeanFactory - Returning cached instance of singleton bean 'refreshEventListener'
2020-03-09 20:45:38.346 [main] DEBUG o.s.t.c.c.DefaultCacheAwareContextLoaderDelegate - Storing ApplicationContext in cache under key [[WebMergedContextConfiguration@576d5deb testClass = FeignTest, locations = '{}', classes = '{class com.ningmeng.manage_course.ManageCourseApplication}', contextInitializerClasses = '[]', activeProfiles = '{}', propertySourceLocations = '{}', propertySourceProperties = '{org.springframework.boot.test.context.SpringBootTestContextBootstrapper=true}', contextCustomizers = set[org.springframework.boot.test.context.filter.ExcludeFilterContextCustomizer@2145433b, org.springframework.boot.test.json.DuplicateJsonObjectContextCustomizerFactory$DuplicateJsonObjectContextCustomizer@1b083826, org.springframework.boot.test.mock.mockito.MockitoContextCustomizer@0, org.springframework.boot.test.web.client.TestRestTemplateContextCustomizer@161b062a, org.springframework.boot.test.autoconfigure.properties.PropertyMappingContextCustomizer@0, org.springframework.boot.test.autoconfigure.web.servlet.WebDriverContextCustomizerFactory$Customizer@657c8ad9], resourceBasePath = 'src/main/webapp', contextLoader = 'org.springframework.boot.test.context.SpringBootContextLoader', parent = [null]]]
2020-03-09 20:45:38.347 [main] DEBUG o.springframework.test.context.cache - Spring test ApplicationContext cache statistics: [DefaultContextCache@14980819 size = 1, maxSize = 32, parentContextCount = 0, hitCount = 0, missCount = 1]
2020-03-09 20:45:38.348 [main] DEBUG o.s.t.c.w.ServletTestExecutionListener - Setting up MockHttpServletRequest, MockHttpServletResponse, ServletWebRequest, and RequestContextHolder for test context [DefaultTestContext@5e600dd5 testClass = FeignTest, testInstance = com.ningmeng.manage_course.dao.FeignTest@1e34840f, testMethod = [null], testException = [null], mergedContextConfiguration = [WebMergedContextConfiguration@576d5deb testClass = FeignTest, locations = '{}', classes = '{class com.ningmeng.manage_course.ManageCourseApplication}', contextInitializerClasses = '[]', activeProfiles = '{}', propertySourceLocations = '{}', propertySourceProperties = '{org.springframework.boot.test.context.SpringBootTestContextBootstrapper=true}', contextCustomizers = set[org.springframework.boot.test.context.filter.ExcludeFilterContextCustomizer@2145433b, org.springframework.boot.test.json.DuplicateJsonObjectContextCustomizerFactory$DuplicateJsonObjectContextCustomizer@1b083826, org.springframework.boot.test.mock.mockito.MockitoContextCustomizer@0, org.springframework.boot.test.web.client.TestRestTemplateContextCustomizer@161b062a, org.springframework.boot.test.autoconfigure.properties.PropertyMappingContextCustomizer@0, org.springframework.boot.test.autoconfigure.web.servlet.WebDriverContextCustomizerFactory$Customizer@657c8ad9], resourceBasePath = 'src/main/webapp', contextLoader = 'org.springframework.boot.test.context.SpringBootContextLoader', parent = [null]], attributes = map['org.springframework.test.context.web.ServletTestExecutionListener.activateListener' -> true]].
2020-03-09 20:45:38.374 [main] DEBUG o.s.t.c.s.DependencyInjectionTestExecutionListener - Performing dependency injection for test context [[DefaultTestContext@5e600dd5 testClass = FeignTest, testInstance = com.ningmeng.manage_course.dao.FeignTest@1e34840f, testMethod = [null], testException = [null], mergedContextConfiguration = [WebMergedContextConfiguration@576d5deb testClass = FeignTest, locations = '{}', classes = '{class com.ningmeng.manage_course.ManageCourseApplication}', contextInitializerClasses = '[]', activeProfiles = '{}', propertySourceLocations = '{}', propertySourceProperties = '{org.springframework.boot.test.context.SpringBootTestContextBootstrapper=true}', contextCustomizers = set[org.springframework.boot.test.context.filter.ExcludeFilterContextCustomizer@2145433b, org.springframework.boot.test.json.DuplicateJsonObjectContextCustomizerFactory$DuplicateJsonObjectContextCustomizer@1b083826, org.springframework.boot.test.mock.mockito.MockitoContextCustomizer@0, org.springframework.boot.test.web.client.TestRestTemplateContextCustomizer@161b062a, org.springframework.boot.test.autoconfigure.properties.PropertyMappingContextCustomizer@0, org.springframework.boot.test.autoconfigure.web.servlet.WebDriverContextCustomizerFactory$Customizer@657c8ad9], resourceBasePath = 'src/main/webapp', contextLoader = 'org.springframework.boot.test.context.SpringBootContextLoader', parent = [null]], attributes = map['org.springframework.test.context.web.ServletTestExecutionListener.activateListener' -> true, 'org.springframework.test.context.web.ServletTestExecutionListener.populatedRequestContextHolder' -> true, 'org.springframework.test.context.web.ServletTestExecutionListener.resetRequestContextHolder' -> true]]].
2020-03-09 20:45:38.375 [main] DEBUG o.s.t.c.c.DefaultCacheAwareContextLoaderDelegate - Retrieved ApplicationContext from cache with key [[WebMergedContextConfiguration@576d5deb testClass = FeignTest, locations = '{}', classes = '{class com.ningmeng.manage_course.ManageCourseApplication}', contextInitializerClasses = '[]', activeProfiles = '{}', propertySourceLocations = '{}', propertySourceProperties = '{org.springframework.boot.test.context.SpringBootTestContextBootstrapper=true}', contextCustomizers = set[org.springframework.boot.test.context.filter.ExcludeFilterContextCustomizer@2145433b, org.springframework.boot.test.json.DuplicateJsonObjectContextCustomizerFactory$DuplicateJsonObjectContextCustomizer@1b083826, org.springframework.boot.test.mock.mockito.MockitoContextCustomizer@0, org.springframework.boot.test.web.client.TestRestTemplateContextCustomizer@161b062a, org.springframework.boot.test.autoconfigure.properties.PropertyMappingContextCustomizer@0, org.springframework.boot.test.autoconfigure.web.servlet.WebDriverContextCustomizerFactory$Customizer@657c8ad9], resourceBasePath = 'src/main/webapp', contextLoader = 'org.springframework.boot.test.context.SpringBootContextLoader', parent = [null]]]
2020-03-09 20:45:38.375 [main] DEBUG o.springframework.test.context.cache - Spring test ApplicationContext cache statistics: [DefaultContextCache@14980819 size = 1, maxSize = 32, parentContextCount = 0, hitCount = 1, missCount = 1]
2020-03-09 20:45:38.378 [main] DEBUG o.s.b.f.annotation.InjectionMetadata - Processing injected element of bean 'com.ningmeng.manage_course.dao.FeignTest': AutowiredFieldElement for com.ningmeng.manage_course.client.CmsPageClient com.ningmeng.manage_course.dao.FeignTest.cmsPageClient
2020-03-09 20:45:38.378 [main] DEBUG o.s.core.annotation.AnnotationUtils - Failed to meta-introspect annotation interface org.springframework.beans.factory.annotation.Autowired: java.lang.NullPointerException
2020-03-09 20:45:38.381 [main] DEBUG o.s.b.f.s.DefaultListableBeanFactory - Returning cached instance of singleton bean 'com.ningmeng.manage_course.client.CmsPageClient'
2020-03-09 20:45:38.381 [main] DEBUG o.s.b.f.a.AutowiredAnnotationBeanPostProcessor - Autowiring by type from bean name 'com.ningmeng.manage_course.dao.FeignTest' to bean named 'com.ningmeng.manage_course.client.CmsPageClient'
2020-03-09 20:45:38.382 [main] DEBUG o.s.b.f.s.DefaultListableBeanFactory - Returning cached instance of singleton bean 'org.springframework.transaction.config.internalTransactionAdvisor'
2020-03-09 20:45:38.383 [main] DEBUG o.s.b.f.s.DefaultListableBeanFactory - Returning cached instance of singleton bean 'org.springframework.transaction.config.internalTransactionAdvisor'
2020-03-09 20:45:38.389 [main] DEBUG o.s.t.c.s.AbstractDirtiesContextTestExecutionListener - Before test method: context [DefaultTestContext@5e600dd5 testClass = FeignTest, testInstance = com.ningmeng.manage_course.dao.FeignTest@1e34840f, testMethod = testFeign@FeignTest, testException = [null], mergedContextConfiguration = [WebMergedContextConfiguration@576d5deb testClass = FeignTest, locations = '{}', classes = '{class com.ningmeng.manage_course.ManageCourseApplication}', contextInitializerClasses = '[]', activeProfiles = '{}', propertySourceLocations = '{}', propertySourceProperties = '{org.springframework.boot.test.context.SpringBootTestContextBootstrapper=true}', contextCustomizers = set[org.springframework.boot.test.context.filter.ExcludeFilterContextCustomizer@2145433b, org.springframework.boot.test.json.DuplicateJsonObjectContextCustomizerFactory$DuplicateJsonObjectContextCustomizer@1b083826, org.springframework.boot.test.mock.mockito.MockitoContextCustomizer@0, org.springframework.boot.test.web.client.TestRestTemplateContextCustomizer@161b062a, org.springframework.boot.test.autoconfigure.properties.PropertyMappingContextCustomizer@0, org.springframework.boot.test.autoconfigure.web.servlet.WebDriverContextCustomizerFactory$Customizer@657c8ad9], resourceBasePath = 'src/main/webapp', contextLoader = 'org.springframework.boot.test.context.SpringBootContextLoader', parent = [null]], attributes = map['org.springframework.test.context.web.ServletTestExecutionListener.activateListener' -> true, 'org.springframework.test.context.web.ServletTestExecutionListener.populatedRequestContextHolder' -> true, 'org.springframework.test.context.web.ServletTestExecutionListener.resetRequestContextHolder' -> true]], class annotated with @DirtiesContext [false] with mode [null], method annotated with @DirtiesContext [false] with mode [null].
2020-03-09 20:45:38.398 [main] DEBUG o.s.t.c.c.DefaultCacheAwareContextLoaderDelegate - Retrieved ApplicationContext from cache with key [[WebMergedContextConfiguration@576d5deb testClass = FeignTest, locations = '{}', classes = '{class com.ningmeng.manage_course.ManageCourseApplication}', contextInitializerClasses = '[]', activeProfiles = '{}', propertySourceLocations = '{}', propertySourceProperties = '{org.springframework.boot.test.context.SpringBootTestContextBootstrapper=true}', contextCustomizers = set[org.springframework.boot.test.context.filter.ExcludeFilterContextCustomizer@2145433b, org.springframework.boot.test.json.DuplicateJsonObjectContextCustomizerFactory$DuplicateJsonObjectContextCustomizer@1b083826, org.springframework.boot.test.mock.mockito.MockitoContextCustomizer@0, org.springframework.boot.test.web.client.TestRestTemplateContextCustomizer@161b062a, org.springframework.boot.test.autoconfigure.properties.PropertyMappingContextCustomizer@0, org.springframework.boot.test.autoconfigure.web.servlet.WebDriverContextCustomizerFactory$Customizer@657c8ad9], resourceBasePath = 'src/main/webapp', contextLoader = 'org.springframework.boot.test.context.SpringBootContextLoader', parent = [null]]]
2020-03-09 20:45:38.398 [main] DEBUG o.springframework.test.context.cache - Spring test ApplicationContext cache statistics: [DefaultContextCache@14980819 size = 1, maxSize = 32, parentContextCount = 0, hitCount = 2, missCount = 1]
2020-03-09 20:45:38.536 [main] DEBUG o.s.b.f.s.DefaultListableBeanFactory - Returning cached instance of singleton bean 'org.springframework.boot.test.mock.mockito.MockitoBeans'
2020-03-09 20:45:38.538 [main] DEBUG o.s.core.env.StandardEnvironment - Adding PropertySource 'systemProperties' with lowest search precedence
2020-03-09 20:45:38.539 [main] DEBUG o.s.core.env.StandardEnvironment - Adding PropertySource 'systemEnvironment' with lowest search precedence
2020-03-09 20:45:38.539 [main] DEBUG o.s.core.env.StandardEnvironment - Initialized StandardEnvironment with PropertySources [MapPropertySource@1519757998 {name='systemProperties', properties={idea.version=2017.1.2, java.runtime.name=Java(TM) SE Runtime Environment, sun.boot.library.path=C:\Program Files\Java\jdk1.8.0_91\jre\bin, java.vm.version=25.91-b14, java.vm.vendor=Oracle Corporation, java.vendor.url=http://java.oracle.com/, path.separator=;, java.vm.name=Java HotSpot(TM) 64-Bit Server VM, file.encoding.pkg=sun.io, user.country=CN, user.script=, sun.java.launcher=SUN_STANDARD, sun.os.patch.level=, PID=27140, java.vm.specification.name=Java Virtual Machine Specification, user.dir=E:\1704A\hdServiceCode\nm-service-manage-course, java.runtime.version=1.8.0_91-b14, basedir=E:\1704A\hdServiceCode\nm-service-manage-course, java.awt.graphicsenv=sun.awt.Win32GraphicsEnvironment, java.endorsed.dirs=C:\Program Files\Java\jdk1.8.0_91\jre\lib\endorsed, os.arch=amd64, surefire.real.class.path=C:\Users\wangb\AppData\Local\Temp\surefire8359040626052298865\surefirebooter7147715406186341325.jar, java.io.tmpdir=C:\Users\wangb\AppData\Local\Temp\, line.separator=
, java.vm.specification.vendor=Oracle Corporation, user.variant=, os.name=Windows 10, sun.jnu.encoding=GBK, spring.beaninfo.ignore=true, java.library.path=C:\Program Files\Java\jdk1.8.0_91\jre\bin;C:\WINDOWS\Sun\Java\bin;C:\WINDOWS\system32;C:\WINDOWS;E:\app\wangb\product\11.2.0\dbhome_1\bin;E:\maven\apache-maven-3.6.1\bin;C:\Program Files\Java\jdk1.8.0_91\bin;C:\Program Files (x86)\Intel\iCLS Client\;C:\Program Files\Intel\iCLS Client\;C:\Windows\system32;C:\Windows;C:\Windows\System32\Wbem;C:\Windows\System32\WindowsPowerShell\v1.0\;C:\Program Files (x86)\NVIDIA Corporation\PhysX\Common;C:\Program Files (x86)\Intel\Intel(R) Management Engine Components\DAL;C:\Program Files\Intel\Intel(R) Management Engine Components\DAL;C:\Program Files (x86)\Intel\Intel(R) Management Engine Components\IPT;C:\Program Files\Intel\Intel(R) Management Engine Components\IPT;C:\WINDOWS\system32;C:\WINDOWS;C:\WINDOWS\System32\Wbem;C:\WINDOWS\System32\WindowsPowerShell\v1.0\;C:\WINDOWS\System32\OpenSSH\;C:\Program Files\MySQL\MySQL Server 5.5\bin;E:\nodejs\;E:\Git\cmd;E:\Mp4\ffmpeg-20180227-fa0c9d6-win64-static\bin;C:\Users\wangb\AppData\Local\Microsoft\WindowsApps;C:\Users\wangb\AppData\Roaming\npm;E:\Microsoft VS Code\bin;., surefire.test.class.path=E:\1704A\hdServiceCode\nm-service-manage-course\target\test-classes;E:\1704A\hdServiceCode\nm-service-manage-course\target\classes;E:\1704A\repository\com\github\pagehelper\pagehelper-spring-boot-starter\1.2.4\pagehelper-spring-boot-starter-1.2.4.jar;E:\1704A\repository\org\springframework\boot\spring-boot-starter\2.0.1.RELEASE\spring-boot-starter-2.0.1.RELEASE.jar;E:\1704A\repository\org\springframework\boot\spring-boot\2.0.1.RELEASE\spring-boot-2.0.1.RELEASE.jar;E:\1704A\repository\javax\annotation\javax.annotation-api\1.3.2\javax.annotation-api-1.3.2.jar;E:\1704A\repository\org\yaml\snakeyaml\1.19\snakeyaml-1.19.jar;E:\1704A\repository\com\github\pagehelper\pagehelper-spring-boot-autoconfigure\1.2.4\pagehelper-spring-boot-autoconfigure-1.2.4.jar;E:\1704A\repository\com\github\pagehelper\pagehelper\5.1.3\pagehelper-5.1.3.jar;E:\1704A\repository\com\github\jsqlparser\jsqlparser\1.0\jsqlparser-1.0.jar;E:\1704A\hdServiceCode\nm-service-api\target\nm-service-api.jar;E:\1704A\repository\commons-fileupload\commons-fileupload\1.3.3\commons-fileupload-1.3.3.jar;E:\1704A\repository\io\springfox\springfox-swagger2\2.7.0\springfox-swagger2-2.7.0.jar;E:\1704A\repository\io\swagger\swagger-annotations\1.5.13\swagger-annotations-1.5.13.jar;E:\1704A\repository\io\swagger\swagger-models\1.5.13\swagger-models-1.5.13.jar;E:\1704A\repository\io\springfox\springfox-spi\2.7.0\springfox-spi-2.7.0.jar;E:\1704A\repository\io\springfox\springfox-core\2.7.0\springfox-core-2.7.0.jar;E:\1704A\repository\io\springfox\springfox-schema\2.7.0\springfox-schema-2.7.0.jar;E:\1704A\repository\io\springfox\springfox-swagger-common\2.7.0\springfox-swagger-common-2.7.0.jar;E:\1704A\repository\io\springfox\springfox-spring-web\2.7.0\springfox-spring-web-2.7.0.jar;E:\1704A\repository\org\reflections\reflections\0.9.11\reflections-0.9.11.jar;E:\1704A\repository\com\fasterxml\classmate\1.3.4\classmate-1.3.4.jar;E:\1704A\repository\org\springframework\plugin\spring-plugin-core\1.2.0.RELEASE\spring-plugin-core-1.2.0.RELEASE.jar;E:\1704A\repository\org\springframework\plugin\spring-plugin-metadata\1.2.0.RELEASE\spring-plugin-metadata-1.2.0.RELEASE.jar;E:\1704A\repository\org\mapstruct\mapstruct\1.1.0.Final\mapstruct-1.1.0.Final.jar;E:\1704A\repository\io\springfox\springfox-swagger-ui\2.7.0\springfox-swagger-ui-2.7.0.jar;E:\1704A\hdServiceCode\nm-framework-model\target\nm-framework-model.jar;E:\1704A\repository\org\projectlombok\lombok\1.16.16\lombok-1.16.16.jar;E:\1704A\repository\org\springframework\data\spring-data-commons\2.0.6.RELEASE\spring-data-commons-2.0.6.RELEASE.jar;E:\1704A\repository\org\springframework\data\spring-data-mongodb\2.0.6.RELEASE\spring-data-mongodb-2.0.6.RELEASE.jar;E:\1704A\repository\org\springframework\spring-context\5.0.5.RELEASE\spring-context-5.0.5.RELEASE.jar;E:\1704A\repository\org\springframework\spring-expression\5.0.5.RELEASE\spring-expression-5.0.5.RELEASE.jar;E:\1704A\repository\org\mongodb\mongo-java-driver\3.6.3\mongo-java-driver-3.6.3.jar;E:\1704A\repository\org\hibernate\hibernate-core\5.2.16.Final\hibernate-core-5.2.16.Final.jar;E:\1704A\repository\org\jboss\logging\jboss-logging\3.3.2.Final\jboss-logging-3.3.2.Final.jar;E:\1704A\repository\org\hibernate\javax\persistence\hibernate-jpa-2.1-api\1.0.0.Final\hibernate-jpa-2.1-api-1.0.0.Final.jar;E:\1704A\repository\org\javassist\javassist\3.22.0-GA\javassist-3.22.0-GA.jar;E:\1704A\repository\antlr\antlr\2.7.7\antlr-2.7.7.jar;E:\1704A\repository\org\jboss\spec\javax\transaction\jboss-transaction-api_1.2_spec\1.0.1.Final\jboss-transaction-api_1.2_spec-1.0.1.Final.jar;E:\1704A\repository\org\jboss\jandex\2.0.3.Final\jandex-2.0.3.Final.jar;E:\1704A\repository\dom4j\dom4j\1.6.1\dom4j-1.6.1.jar;E:\1704A\repository\org\hibernate\common\hibernate-commons-annotations\5.0.1.Final\hibernate-commons-annotations-5.0.1.Final.jar;E:\1704A\repository\com\google\guava\guava\24.0-jre\guava-24.0-jre.jar;E:\1704A\repository\com\google\code\findbugs\jsr305\1.3.9\jsr305-1.3.9.jar;E:\1704A\repository\org\checkerframework\checker-compat-qual\2.0.0\checker-compat-qual-2.0.0.jar;E:\1704A\repository\com\google\errorprone\error_prone_annotations\2.1.3\error_prone_annotations-2.1.3.jar;E:\1704A\repository\com\google\j2objc\j2objc-annotations\1.1\j2objc-annotations-1.1.jar;E:\1704A\repository\org\codehaus\mojo\animal-sniffer-annotations\1.14\animal-sniffer-annotations-1.14.jar;E:\1704A\hdServiceCode\nm-framework-utils\target\nm-framework-utils.jar;E:\1704A\repository\javax\servlet\javax.servlet-api\3.1.0\javax.servlet-api-3.1.0.jar;E:\1704A\repository\org\springframework\boot\spring-boot-starter-logging\2.0.1.RELEASE\spring-boot-starter-logging-2.0.1.RELEASE.jar;E:\1704A\repository\ch\qos\logback\logback-classic\1.2.3\logback-classic-1.2.3.jar;E:\1704A\repository\ch\qos\logback\logback-core\1.2.3\logback-core-1.2.3.jar;E:\1704A\repository\org\apache\logging\log4j\log4j-to-slf4j\2.10.0\log4j-to-slf4j-2.10.0.jar;E:\1704A\repository\org\apache\logging\log4j\log4j-api\2.10.0\log4j-api-2.10.0.jar;E:\1704A\repository\org\slf4j\jul-to-slf4j\1.7.25\jul-to-slf4j-1.7.25.jar;E:\1704A\repository\org\apache\httpcomponents\httpclient\4.5.5\httpclient-4.5.5.jar;E:\1704A\repository\org\apache\httpcomponents\httpcore\4.4.9\httpcore-4.4.9.jar;E:\1704A\repository\commons-codec\commons-codec\1.10\commons-codec-1.10.jar;E:\1704A\repository\net\lingala\zip4j\zip4j\1.3.1\zip4j-1.3.1.jar;E:\1704A\repository\org\springframework\security\spring-security-crypto\5.0.4.RELEASE\spring-security-crypto-5.0.4.RELEASE.jar;E:\1704A\repository\org\springframework\security\spring-security-jwt\1.0.8.RELEASE\spring-security-jwt-1.0.8.RELEASE.jar;E:\1704A\repository\org\bouncycastle\bcpkix-jdk15on\1.56\bcpkix-jdk15on-1.56.jar;E:\1704A\repository\org\bouncycastle\bcprov-jdk15on\1.56\bcprov-jdk15on-1.56.jar;E:\1704A\hdServiceCode\nm-framework-common\target\nm-framework-common.jar;E:\1704A\repository\org\springframework\spring-web\5.0.5.RELEASE\spring-web-5.0.5.RELEASE.jar;E:\1704A\repository\org\springframework\boot\spring-boot-starter-web\2.0.1.RELEASE\spring-boot-starter-web-2.0.1.RELEASE.jar;E:\1704A\repository\org\springframework\boot\spring-boot-starter-json\2.0.1.RELEASE\spring-boot-starter-json-2.0.1.RELEASE.jar;E:\1704A\repository\com\fasterxml\jackson\core\jackson-databind\2.9.5\jackson-databind-2.9.5.jar;E:\1704A\repository\com\fasterxml\jackson\datatype\jackson-datatype-jdk8\2.9.5\jackson-datatype-jdk8-2.9.5.jar;E:\1704A\repository\com\fasterxml\jackson\datatype\jackson-datatype-jsr310\2.9.5\jackson-datatype-jsr310-2.9.5.jar;E:\1704A\repository\com\fasterxml\jackson\module\jackson-module-parameter-names\2.9.5\jackson-module-parameter-names-2.9.5.jar;E:\1704A\repository\org\springframework\boot\spring-boot-starter-tomcat\2.0.1.RELEASE\spring-boot-starter-tomcat-2.0.1.RELEASE.jar;E:\1704A\repository\org\apache\tomcat\embed\tomcat-embed-core\8.5.28\tomcat-embed-core-8.5.28.jar;E:\1704A\repository\org\apache\tomcat\embed\tomcat-embed-el\8.5.28\tomcat-embed-el-8.5.28.jar;E:\1704A\repository\org\apache\tomcat\embed\tomcat-embed-websocket\8.5.28\tomcat-embed-websocket-8.5.28.jar;E:\1704A\repository\org\hibernate\validator\hibernate-validator\6.0.9.Final\hibernate-validator-6.0.9.Final.jar;E:\1704A\repository\javax\validation\validation-api\2.0.1.Final\validation-api-2.0.1.Final.jar;E:\1704A\repository\org\springframework\spring-webmvc\5.0.5.RELEASE\spring-webmvc-5.0.5.RELEASE.jar;E:\1704A\repository\org\springframework\spring-aop\5.0.5.RELEASE\spring-aop-5.0.5.RELEASE.jar;E:\1704A\repository\mysql\mysql-connector-java\5.1.40\mysql-connector-java-5.1.40.jar;E:\1704A\repository\com\alibaba\druid-spring-boot-starter\1.1.10\druid-spring-boot-starter-1.1.10.jar;E:\1704A\repository\com\alibaba\druid\1.1.6\druid-1.1.6.jar;E:\1704A\repository\org\slf4j\slf4j-api\1.7.25\slf4j-api-1.7.25.jar;E:\1704A\repository\org\springframework\boot\spring-boot-autoconfigure\2.0.1.RELEASE\spring-boot-autoconfigure-2.0.1.RELEASE.jar;E:\1704A\repository\org\mybatis\spring\boot\mybatis-spring-boot-starter\1.3.1\mybatis-spring-boot-starter-1.3.1.jar;E:\1704A\repository\org\springframework\boot\spring-boot-starter-jdbc\2.0.1.RELEASE\spring-boot-starter-jdbc-2.0.1.RELEASE.jar;E:\1704A\repository\com\zaxxer\HikariCP\2.7.8\HikariCP-2.7.8.jar;E:\1704A\repository\org\mybatis\spring\boot\mybatis-spring-boot-autoconfigure\1.3.1\mybatis-spring-boot-autoconfigure-1.3.1.jar;E:\1704A\repository\org\mybatis\mybatis\3.4.5\mybatis-3.4.5.jar;E:\1704A\repository\org\mybatis\mybatis-spring\1.3.1\mybatis-spring-1.3.1.jar;E:\1704A\repository\org\springframework\spring-orm\5.0.5.RELEASE\spring-orm-5.0.5.RELEASE.jar;E:\1704A\repository\org\springframework\spring-beans\5.0.5.RELEASE\spring-beans-5.0.5.RELEASE.jar;E:\1704A\repository\org\springframework\spring-core\5.0.5.RELEASE\spring-core-5.0.5.RELEASE.jar;E:\1704A\repository\org\springframework\spring-jcl\5.0.5.RELEASE\spring-jcl-5.0.5.RELEASE.jar;E:\1704A\repository\org\springframework\spring-jdbc\5.0.5.RELEASE\spring-jdbc-5.0.5.RELEASE.jar;E:\1704A\repository\org\springframework\spring-tx\5.0.5.RELEASE\spring-tx-5.0.5.RELEASE.jar;E:\1704A\repository\org\springframework\boot\spring-boot-starter-data-jpa\2.0.1.RELEASE\spring-boot-starter-data-jpa-2.0.1.RELEASE.jar;E:\1704A\repository\org\springframework\boot\spring-boot-starter-aop\2.0.1.RELEASE\spring-boot-starter-aop-2.0.1.RELEASE.jar;E:\1704A\repository\org\aspectj\aspectjweaver\1.8.13\aspectjweaver-1.8.13.jar;E:\1704A\repository\javax\transaction\javax.transaction-api\1.2\javax.transaction-api-1.2.jar;E:\1704A\repository\org\springframework\data\spring-data-jpa\2.0.6.RELEASE\spring-data-jpa-2.0.6.RELEASE.jar;E:\1704A\repository\org\springframework\spring-aspects\5.0.5.RELEASE\spring-aspects-5.0.5.RELEASE.jar;E:\1704A\repository\com\squareup\okhttp3\okhttp\3.9.1\okhttp-3.9.1.jar;E:\1704A\repository\com\squareup\okio\okio\1.13.0\okio-1.13.0.jar;E:\1704A\repository\com\alibaba\fastjson\1.2.30\fastjson-1.2.30.jar;E:\1704A\repository\commons-io\commons-io\2.6\commons-io-2.6.jar;E:\1704A\repository\org\apache\commons\commons-lang3\3.6\commons-lang3-3.6.jar;E:\1704A\repository\org\springframework\boot\spring-boot-starter-test\2.0.1.RELEASE\spring-boot-starter-test-2.0.1.RELEASE.jar;E:\1704A\repository\org\springframework\boot\spring-boot-test\2.0.1.RELEASE\spring-boot-test-2.0.1.RELEASE.jar;E:\1704A\repository\org\springframework\boot\spring-boot-test-autoconfigure\2.0.1.RELEASE\spring-boot-test-autoconfigure-2.0.1.RELEASE.jar;E:\1704A\repository\com\jayway\jsonpath\json-path\2.4.0\json-path-2.4.0.jar;E:\1704A\repository\net\minidev\json-smart\2.3\json-smart-2.3.jar;E:\1704A\repository\net\minidev\accessors-smart\1.2\accessors-smart-1.2.jar;E:\1704A\repository\org\ow2\asm\asm\5.0.4\asm-5.0.4.jar;E:\1704A\repository\junit\junit\4.12\junit-4.12.jar;E:\1704A\repository\org\assertj\assertj-core\3.9.1\assertj-core-3.9.1.jar;E:\1704A\repository\org\mockito\mockito-core\2.15.0\mockito-core-2.15.0.jar;E:\1704A\repository\net\bytebuddy\byte-buddy\1.7.11\byte-buddy-1.7.11.jar;E:\1704A\repository\net\bytebuddy\byte-buddy-agent\1.7.11\byte-buddy-agent-1.7.11.jar;E:\1704A\repository\org\objenesis\objenesis\2.6\objenesis-2.6.jar;E:\1704A\repository\org\hamcrest\hamcrest-core\1.3\hamcrest-core-1.3.jar;E:\1704A\repository\org\hamcrest\hamcrest-library\1.3\hamcrest-library-1.3.jar;E:\1704A\repository\org\skyscreamer\jsonassert\1.5.0\jsonassert-1.5.0.jar;E:\1704A\repository\com\vaadin\external\google\android-json\0.0.20131108.vaadin1\android-json-0.0.20131108.vaadin1.jar;E:\1704A\repository\org\springframework\spring-test\5.0.5.RELEASE\spring-test-5.0.5.RELEASE.jar;E:\1704A\repository\org\xmlunit\xmlunit-core\2.5.1\xmlunit-core-2.5.1.jar;E:\1704A\repository\org\springframework\cloud\spring-cloud-starter-netflix-eureka-client\2.0.1.RELEASE\spring-cloud-starter-netflix-eureka-client-2.0.1.RELEASE.jar;E:\1704A\repository\org\springframework\cloud\spring-cloud-starter\2.0.1.RELEASE\spring-cloud-starter-2.0.1.RELEASE.jar;E:\1704A\repository\org\springframework\cloud\spring-cloud-context\2.0.1.RELEASE\spring-cloud-context-2.0.1.RELEASE.jar;E:\1704A\repository\org\springframework\security\spring-security-rsa\1.0.5.RELEASE\spring-security-rsa-1.0.5.RELEASE.jar;E:\1704A\repository\org\springframework\cloud\spring-cloud-netflix-core\2.0.1.RELEASE\spring-cloud-netflix-core-2.0.1.RELEASE.jar;E:\1704A\repository\org\springframework\cloud\spring-cloud-netflix-eureka-client\2.0.1.RELEASE\spring-cloud-netflix-eureka-client-2.0.1.RELEASE.jar;E:\1704A\repository\com\netflix\eureka\eureka-client\1.9.3\eureka-client-1.9.3.jar;E:\1704A\repository\org\codehaus\jettison\jettison\1.3.7\jettison-1.3.7.jar;E:\1704A\repository\stax\stax-api\1.0.1\stax-api-1.0.1.jar;E:\1704A\repository\com\netflix\netflix-commons\netflix-eventbus\0.3.0\netflix-eventbus-0.3.0.jar;E:\1704A\repository\com\netflix\netflix-commons\netflix-infix\0.3.0\netflix-infix-0.3.0.jar;E:\1704A\repository\commons-jxpath\commons-jxpath\1.3\commons-jxpath-1.3.jar;E:\1704A\repository\joda-time\joda-time\2.9.9\joda-time-2.9.9.jar;E:\1704A\repository\org\antlr\antlr-runtime\3.4\antlr-runtime-3.4.jar;E:\1704A\repository\org\antlr\stringtemplate\3.2.1\stringtemplate-3.2.1.jar;E:\1704A\repository\com\google\code\gson\gson\2.8.2\gson-2.8.2.jar;E:\1704A\repository\org\apache\commons\commons-math\2.2\commons-math-2.2.jar;E:\1704A\repository\com\netflix\archaius\archaius-core\0.7.6\archaius-core-0.7.6.jar;E:\1704A\repository\javax\ws\rs\jsr311-api\1.1.1\jsr311-api-1.1.1.jar;E:\1704A\repository\com\netflix\servo\servo-core\0.12.21\servo-core-0.12.21.jar;E:\1704A\repository\com\sun\jersey\jersey-core\1.19.1\jersey-core-1.19.1.jar;E:\1704A\repository\com\sun\jersey\jersey-client\1.19.1\jersey-client-1.19.1.jar;E:\1704A\repository\com\sun\jersey\contribs\jersey-apache-client4\1.19.1\jersey-apache-client4-1.19.1.jar;E:\1704A\repository\com\google\inject\guice\4.1.0\guice-4.1.0.jar;E:\1704A\repository\javax\inject\javax.inject\1\javax.inject-1.jar;E:\1704A\repository\aopalliance\aopalliance\1.0\aopalliance-1.0.jar;E:\1704A\repository\com\github\vlsi\compactmap\compactmap\1.2.1\compactmap-1.2.1.jar;E:\1704A\repository\com\github\andrewoma\dexx\dexx-collections\0.2\dexx-collections-0.2.jar;E:\1704A\repository\com\fasterxml\jackson\core\jackson-annotations\2.9.0\jackson-annotations-2.9.0.jar;E:\1704A\repository\com\fasterxml\jackson\core\jackson-core\2.9.5\jackson-core-2.9.5.jar;E:\1704A\repository\com\netflix\eureka\eureka-core\1.9.3\eureka-core-1.9.3.jar;E:\1704A\repository\org\codehaus\woodstox\woodstox-core-asl\4.4.1\woodstox-core-asl-4.4.1.jar;E:\1704A\repository\javax\xml\stream\stax-api\1.0-2\stax-api-1.0-2.jar;E:\1704A\repository\org\codehaus\woodstox\stax2-api\3.1.4\stax2-api-3.1.4.jar;E:\1704A\repository\org\springframework\cloud\spring-cloud-starter-netflix-archaius\2.0.1.RELEASE\spring-cloud-starter-netflix-archaius-2.0.1.RELEASE.jar;E:\1704A\repository\org\springframework\cloud\spring-cloud-netflix-ribbon\2.0.1.RELEASE\spring-cloud-netflix-ribbon-2.0.1.RELEASE.jar;E:\1704A\repository\org\springframework\cloud\spring-cloud-netflix-archaius\2.0.1.RELEASE\spring-cloud-netflix-archaius-2.0.1.RELEASE.jar;E:\1704A\repository\commons-configuration\commons-configuration\1.8\commons-configuration-1.8.jar;E:\1704A\repository\commons-lang\commons-lang\2.6\commons-lang-2.6.jar;E:\1704A\repository\org\springframework\cloud\spring-cloud-starter-netflix-ribbon\2.0.1.RELEASE\spring-cloud-starter-netflix-ribbon-2.0.1.RELEASE.jar;E:\1704A\repository\com\netflix\ribbon\ribbon\2.2.5\ribbon-2.2.5.jar;E:\1704A\repository\com\netflix\ribbon\ribbon-transport\2.2.5\ribbon-transport-2.2.5.jar;E:\1704A\repository\io\reactivex\rxnetty-contexts\0.4.9\rxnetty-contexts-0.4.9.jar;E:\1704A\repository\io\reactivex\rxnetty-servo\0.4.9\rxnetty-servo-0.4.9.jar;E:\1704A\repository\io\reactivex\rxnetty\0.4.9\rxnetty-0.4.9.jar;E:\1704A\repository\io\netty\netty-codec-http\4.1.23.Final\netty-codec-http-4.1.23.Final.jar;E:\1704A\repository\io\netty\netty-codec\4.1.23.Final\netty-codec-4.1.23.Final.jar;E:\1704A\repository\io\netty\netty-transport-native-epoll\4.1.23.Final\netty-transport-native-epoll-4.1.23.Final.jar;E:\1704A\repository\io\netty\netty-common\4.1.23.Final\netty-common-4.1.23.Final.jar;E:\1704A\repository\io\netty\netty-buffer\4.1.23.Final\netty-buffer-4.1.23.Final.jar;E:\1704A\repository\io\netty\netty-transport-native-unix-common\4.1.23.Final\netty-transport-native-unix-common-4.1.23.Final.jar;E:\1704A\repository\io\netty\netty-transport\4.1.23.Final\netty-transport-4.1.23.Final.jar;E:\1704A\repository\io\netty\netty-resolver\4.1.23.Final\netty-resolver-4.1.23.Final.jar;E:\1704A\repository\com\netflix\ribbon\ribbon-core\2.2.5\ribbon-core-2.2.5.jar;E:\1704A\repository\com\netflix\ribbon\ribbon-httpclient\2.2.5\ribbon-httpclient-2.2.5.jar;E:\1704A\repository\commons-collections\commons-collections\3.2.2\commons-collections-3.2.2.jar;E:\1704A\repository\com\netflix\netflix-commons\netflix-commons-util\0.3.0\netflix-commons-util-0.3.0.jar;E:\1704A\repository\com\netflix\ribbon\ribbon-loadbalancer\2.2.5\ribbon-loadbalancer-2.2.5.jar;E:\1704A\repository\com\netflix\netflix-commons\netflix-statistics\0.1.1\netflix-statistics-0.1.1.jar;E:\1704A\repository\io\reactivex\rxjava\1.3.8\rxjava-1.3.8.jar;E:\1704A\repository\com\netflix\ribbon\ribbon-eureka\2.2.5\ribbon-eureka-2.2.5.jar;E:\1704A\repository\com\thoughtworks\xstream\xstream\1.4.10\xstream-1.4.10.jar;E:\1704A\repository\xmlpull\xmlpull\1.1.3.1\xmlpull-1.1.3.1.jar;E:\1704A\repository\xpp3\xpp3_min\1.1.4c\xpp3_min-1.1.4c.jar;E:\1704A\repository\org\springframework\cloud\spring-cloud-starter-openfeign\2.0.1.RELEASE\spring-cloud-starter-openfeign-2.0.1.RELEASE.jar;E:\1704A\repository\org\springframework\cloud\spring-cloud-openfeign-core\2.0.1.RELEASE\spring-cloud-openfeign-core-2.0.1.RELEASE.jar;E:\1704A\repository\org\springframework\cloud\spring-cloud-commons\2.0.1.RELEASE\spring-cloud-commons-2.0.1.RELEASE.jar;E:\1704A\repository\io\github\openfeign\feign-core\9.5.1\feign-core-9.5.1.jar;E:\1704A\repository\io\github\openfeign\feign-slf4j\9.5.1\feign-slf4j-9.5.1.jar;E:\1704A\repository\io\github\openfeign\feign-hystrix\9.5.1\feign-hystrix-9.5.1.jar;E:\1704A\repository\com\netflix\hystrix\hystrix-core\1.5.12\hystrix-core-1.5.12.jar;E:\1704A\repository\org\hdrhistogram\HdrHistogram\2.1.9\HdrHistogram-2.1.9.jar;E:\1704A\repository\io\github\openfeign\feign-java8\9.5.1\feign-java8-9.5.1.jar;E:\1704A\repository\com\netflix\feign\feign-okhttp\8.18.0\feign-okhttp-8.18.0.jar;E:\1704A\repository\com\netflix\feign\feign-core\8.18.0\feign-core-8.18.0.jar;E:\1704A\repository\org\jvnet\animal-sniffer-annotation\1.0\animal-sniffer-annotation-1.0.jar;, java.specification.name=Java Platform API Specification, java.class.version=52.0, sun.management.compiler=HotSpot 64-Bit Tiered Compilers, maven.repo.local=E:\1704A\repository, os.version=10.0, user.home=C:\Users\wangb, user.timezone=Asia/Shanghai, java.awt.printerjob=sun.awt.windows.WPrinterJob, @appId=nm-service-manage-course, file.encoding=GBK, java.specification.version=1.8, java.class.path=E:\1704A\hdServiceCode\nm-service-manage-course\target\test-classes;E:\1704A\hdServiceCode\nm-service-manage-course\target\classes;E:\1704A\repository\com\github\pagehelper\pagehelper-spring-boot-starter\1.2.4\pagehelper-spring-boot-starter-1.2.4.jar;E:\1704A\repository\org\springframework\boot\spring-boot-starter\2.0.1.RELEASE\spring-boot-starter-2.0.1.RELEASE.jar;E:\1704A\repository\org\springframework\boot\spring-boot\2.0.1.RELEASE\spring-boot-2.0.1.RELEASE.jar;E:\1704A\repository\javax\annotation\javax.annotation-api\1.3.2\javax.annotation-api-1.3.2.jar;E:\1704A\repository\org\yaml\snakeyaml\1.19\snakeyaml-1.19.jar;E:\1704A\repository\com\github\pagehelper\pagehelper-spring-boot-autoconfigure\1.2.4\pagehelper-spring-boot-autoconfigure-1.2.4.jar;E:\1704A\repository\com\github\pagehelper\pagehelper\5.1.3\pagehelper-5.1.3.jar;E:\1704A\repository\com\github\jsqlparser\jsqlparser\1.0\jsqlparser-1.0.jar;E:\1704A\hdServiceCode\nm-service-api\target\nm-service-api.jar;E:\1704A\repository\commons-fileupload\commons-fileupload\1.3.3\commons-fileupload-1.3.3.jar;E:\1704A\repository\io\springfox\springfox-swagger2\2.7.0\springfox-swagger2-2.7.0.jar;E:\1704A\repository\io\swagger\swagger-annotations\1.5.13\swagger-annotations-1.5.13.jar;E:\1704A\repository\io\swagger\swagger-models\1.5.13\swagger-models-1.5.13.jar;E:\1704A\repository\io\springfox\springfox-spi\2.7.0\springfox-spi-2.7.0.jar;E:\1704A\repository\io\springfox\springfox-core\2.7.0\springfox-core-2.7.0.jar;E:\1704A\repository\io\springfox\springfox-schema\2.7.0\springfox-schema-2.7.0.jar;E:\1704A\repository\io\springfox\springfox-swagger-common\2.7.0\springfox-swagger-common-2.7.0.jar;E:\1704A\repository\io\springfox\springfox-spring-web\2.7.0\springfox-spring-web-2.7.0.jar;E:\1704A\repository\org\reflections\reflections\0.9.11\reflections-0.9.11.jar;E:\1704A\repository\com\fasterxml\classmate\1.3.4\classmate-1.3.4.jar;E:\1704A\repository\org\springframework\plugin\spring-plugin-core\1.2.0.RELEASE\spring-plugin-core-1.2.0.RELEASE.jar;E:\1704A\repository\org\springframework\plugin\spring-plugin-metadata\1.2.0.RELEASE\spring-plugin-metadata-1.2.0.RELEASE.jar;E:\1704A\repository\org\mapstruct\mapstruct\1.1.0.Final\mapstruct-1.1.0.Final.jar;E:\1704A\repository\io\springfox\springfox-swagger-ui\2.7.0\springfox-swagger-ui-2.7.0.jar;E:\1704A\hdServiceCode\nm-framework-model\target\nm-framework-model.jar;E:\1704A\repository\org\projectlombok\lombok\1.16.16\lombok-1.16.16.jar;E:\1704A\repository\org\springframework\data\spring-data-commons\2.0.6.RELEASE\spring-data-commons-2.0.6.RELEASE.jar;E:\1704A\repository\org\springframework\data\spring-data-mongodb\2.0.6.RELEASE\spring-data-mongodb-2.0.6.RELEASE.jar;E:\1704A\repository\org\springframework\spring-context\5.0.5.RELEASE\spring-context-5.0.5.RELEASE.jar;E:\1704A\repository\org\springframework\spring-expression\5.0.5.RELEASE\spring-expression-5.0.5.RELEASE.jar;E:\1704A\repository\org\mongodb\mongo-java-driver\3.6.3\mongo-java-driver-3.6.3.jar;E:\1704A\repository\org\hibernate\hibernate-core\5.2.16.Final\hibernate-core-5.2.16.Final.jar;E:\1704A\repository\org\jboss\logging\jboss-logging\3.3.2.Final\jboss-logging-3.3.2.Final.jar;E:\1704A\repository\org\hibernate\javax\persistence\hibernate-jpa-2.1-api\1.0.0.Final\hibernate-jpa-2.1-api-1.0.0.Final.jar;E:\1704A\repository\org\javassist\javassist\3.22.0-GA\javassist-3.22.0-GA.jar;E:\1704A\repository\antlr\antlr\2.7.7\antlr-2.7.7.jar;E:\1704A\repository\org\jboss\spec\javax\transaction\jboss-transaction-api_1.2_spec\1.0.1.Final\jboss-transaction-api_1.2_spec-1.0.1.Final.jar;E:\1704A\repository\org\jboss\jandex\2.0.3.Final\jandex-2.0.3.Final.jar;E:\1704A\repository\dom4j\dom4j\1.6.1\dom4j-1.6.1.jar;E:\1704A\repository\org\hibernate\common\hibernate-commons-annotations\5.0.1.Final\hibernate-commons-annotations-5.0.1.Final.jar;E:\1704A\repository\com\google\guava\guava\24.0-jre\guava-24.0-jre.jar;E:\1704A\repository\com\google\code\findbugs\jsr305\1.3.9\jsr305-1.3.9.jar;E:\1704A\repository\org\checkerframework\checker-compat-qual\2.0.0\checker-compat-qual-2.0.0.jar;E:\1704A\repository\com\google\errorprone\error_prone_annotations\2.1.3\error_prone_annotations-2.1.3.jar;E:\1704A\repository\com\google\j2objc\j2objc-annotations\1.1\j2objc-annotations-1.1.jar;E:\1704A\repository\org\codehaus\mojo\animal-sniffer-annotations\1.14\animal-sniffer-annotations-1.14.jar;E:\1704A\hdServiceCode\nm-framework-utils\target\nm-framework-utils.jar;E:\1704A\repository\javax\servlet\javax.servlet-api\3.1.0\javax.servlet-api-3.1.0.jar;E:\1704A\repository\org\springframework\boot\spring-boot-starter-logging\2.0.1.RELEASE\spring-boot-starter-logging-2.0.1.RELEASE.jar;E:\1704A\repository\ch\qos\logback\logback-classic\1.2.3\logback-classic-1.2.3.jar;E:\1704A\repository\ch\qos\logback\logback-core\1.2.3\logback-core-1.2.3.jar;E:\1704A\repository\org\apache\logging\log4j\log4j-to-slf4j\2.10.0\log4j-to-slf4j-2.10.0.jar;E:\1704A\repository\org\apache\logging\log4j\log4j-api\2.10.0\log4j-api-2.10.0.jar;E:\1704A\repository\org\slf4j\jul-to-slf4j\1.7.25\jul-to-slf4j-1.7.25.jar;E:\1704A\repository\org\apache\httpcomponents\httpclient\4.5.5\httpclient-4.5.5.jar;E:\1704A\repository\org\apache\httpcomponents\httpcore\4.4.9\httpcore-4.4.9.jar;E:\1704A\repository\commons-codec\commons-codec\1.10\commons-codec-1.10.jar;E:\1704A\repository\net\lingala\zip4j\zip4j\1.3.1\zip4j-1.3.1.jar;E:\1704A\repository\org\springframework\security\spring-security-crypto\5.0.4.RELEASE\spring-security-crypto-5.0.4.RELEASE.jar;E:\1704A\repository\org\springframework\security\spring-security-jwt\1.0.8.RELEASE\spring-security-jwt-1.0.8.RELEASE.jar;E:\1704A\repository\org\bouncycastle\bcpkix-jdk15on\1.56\bcpkix-jdk15on-1.56.jar;E:\1704A\repository\org\bouncycastle\bcprov-jdk15on\1.56\bcprov-jdk15on-1.56.jar;E:\1704A\hdServiceCode\nm-framework-common\target\nm-framework-common.jar;E:\1704A\repository\org\springframework\spring-web\5.0.5.RELEASE\spring-web-5.0.5.RELEASE.jar;E:\1704A\repository\org\springframework\boot\spring-boot-starter-web\2.0.1.RELEASE\spring-boot-starter-web-2.0.1.RELEASE.jar;E:\1704A\repository\org\springframework\boot\spring-boot-starter-json\2.0.1.RELEASE\spring-boot-starter-json-2.0.1.RELEASE.jar;E:\1704A\repository\com\fasterxml\jackson\core\jackson-databind\2.9.5\jackson-databind-2.9.5.jar;E:\1704A\repository\com\fasterxml\jackson\datatype\jackson-datatype-jdk8\2.9.5\jackson-datatype-jdk8-2.9.5.jar;E:\1704A\repository\com\fasterxml\jackson\datatype\jackson-datatype-jsr310\2.9.5\jackson-datatype-jsr310-2.9.5.jar;E:\1704A\repository\com\fasterxml\jackson\module\jackson-module-parameter-names\2.9.5\jackson-module-parameter-names-2.9.5.jar;E:\1704A\repository\org\springframework\boot\spring-boot-starter-tomcat\2.0.1.RELEASE\spring-boot-starter-tomcat-2.0.1.RELEASE.jar;E:\1704A\repository\org\apache\tomcat\embed\tomcat-embed-core\8.5.28\tomcat-embed-core-8.5.28.jar;E:\1704A\repository\org\apache\tomcat\embed\tomcat-embed-el\8.5.28\tomcat-embed-el-8.5.28.jar;E:\1704A\repository\org\apache\tomcat\embed\tomcat-embed-websocket\8.5.28\tomcat-embed-websocket-8.5.28.jar;E:\1704A\repository\org\hibernate\validator\hibernate-validator\6.0.9.Final\hibernate-validator-6.0.9.Final.jar;E:\1704A\repository\javax\validation\validation-api\2.0.1.Final\validation-api-2.0.1.Final.jar;E:\1704A\repository\org\springframework\spring-webmvc\5.0.5.RELEASE\spring-webmvc-5.0.5.RELEASE.jar;E:\1704A\repository\org\springframework\spring-aop\5.0.5.RELEASE\spring-aop-5.0.5.RELEASE.jar;E:\1704A\repository\mysql\mysql-connector-java\5.1.40\mysql-connector-java-5.1.40.jar;E:\1704A\repository\com\alibaba\druid-spring-boot-starter\1.1.10\druid-spring-boot-starter-1.1.10.jar;E:\1704A\repository\com\alibaba\druid\1.1.6\druid-1.1.6.jar;E:\1704A\repository\org\slf4j\slf4j-api\1.7.25\slf4j-api-1.7.25.jar;E:\1704A\repository\org\springframework\boot\spring-boot-autoconfigure\2.0.1.RELEASE\spring-boot-autoconfigure-2.0.1.RELEASE.jar;E:\1704A\repository\org\mybatis\spring\boot\mybatis-spring-boot-starter\1.3.1\mybatis-spring-boot-starter-1.3.1.jar;E:\1704A\repository\org\springframework\boot\spring-boot-starter-jdbc\2.0.1.RELEASE\spring-boot-starter-jdbc-2.0.1.RELEASE.jar;E:\1704A\repository\com\zaxxer\HikariCP\2.7.8\HikariCP-2.7.8.jar;E:\1704A\repository\org\mybatis\spring\boot\mybatis-spring-boot-autoconfigure\1.3.1\mybatis-spring-boot-autoconfigure-1.3.1.jar;E:\1704A\repository\org\mybatis\mybatis\3.4.5\mybatis-3.4.5.jar;E:\1704A\repository\org\mybatis\mybatis-spring\1.3.1\mybatis-spring-1.3.1.jar;E:\1704A\repository\org\springframework\spring-orm\5.0.5.RELEASE\spring-orm-5.0.5.RELEASE.jar;E:\1704A\repository\org\springframework\spring-beans\5.0.5.RELEASE\spring-beans-5.0.5.RELEASE.jar;E:\1704A\repository\org\springframework\spring-core\5.0.5.RELEASE\spring-core-5.0.5.RELEASE.jar;E:\1704A\repository\org\springframework\spring-jcl\5.0.5.RELEASE\spring-jcl-5.0.5.RELEASE.jar;E:\1704A\repository\org\springframework\spring-jdbc\5.0.5.RELEASE\spring-jdbc-5.0.5.RELEASE.jar;E:\1704A\repository\org\springframework\spring-tx\5.0.5.RELEASE\spring-tx-5.0.5.RELEASE.jar;E:\1704A\repository\org\springframework\boot\spring-boot-starter-data-jpa\2.0.1.RELEASE\spring-boot-starter-data-jpa-2.0.1.RELEASE.jar;E:\1704A\repository\org\springframework\boot\spring-boot-starter-aop\2.0.1.RELEASE\spring-boot-starter-aop-2.0.1.RELEASE.jar;E:\1704A\repository\org\aspectj\aspectjweaver\1.8.13\aspectjweaver-1.8.13.jar;E:\1704A\repository\javax\transaction\javax.transaction-api\1.2\javax.transaction-api-1.2.jar;E:\1704A\repository\org\springframework\data\spring-data-jpa\2.0.6.RELEASE\spring-data-jpa-2.0.6.RELEASE.jar;E:\1704A\repository\org\springframework\spring-aspects\5.0.5.RELEASE\spring-aspects-5.0.5.RELEASE.jar;E:\1704A\repository\com\squareup\okhttp3\okhttp\3.9.1\okhttp-3.9.1.jar;E:\1704A\repository\com\squareup\okio\okio\1.13.0\okio-1.13.0.jar;E:\1704A\repository\com\alibaba\fastjson\1.2.30\fastjson-1.2.30.jar;E:\1704A\repository\commons-io\commons-io\2.6\commons-io-2.6.jar;E:\1704A\repository\org\apache\commons\commons-lang3\3.6\commons-lang3-3.6.jar;E:\1704A\repository\org\springframework\boot\spring-boot-starter-test\2.0.1.RELEASE\spring-boot-starter-test-2.0.1.RELEASE.jar;E:\1704A\repository\org\springframework\boot\spring-boot-test\2.0.1.RELEASE\spring-boot-test-2.0.1.RELEASE.jar;E:\1704A\repository\org\springframework\boot\spring-boot-test-autoconfigure\2.0.1.RELEASE\spring-boot-test-autoconfigure-2.0.1.RELEASE.jar;E:\1704A\repository\com\jayway\jsonpath\json-path\2.4.0\json-path-2.4.0.jar;E:\1704A\repository\net\minidev\json-smart\2.3\json-smart-2.3.jar;E:\1704A\repository\net\minidev\accessors-smart\1.2\accessors-smart-1.2.jar;E:\1704A\repository\org\ow2\asm\asm\5.0.4\asm-5.0.4.jar;E:\1704A\repository\junit\junit\4.12\junit-4.12.jar;E:\1704A\repository\org\assertj\assertj-core\3.9.1\assertj-core-3.9.1.jar;E:\1704A\repository\org\mockito\mockito-core\2.15.0\mockito-core-2.15.0.jar;E:\1704A\repository\net\bytebuddy\byte-buddy\1.7.11\byte-buddy-1.7.11.jar;E:\1704A\repository\net\bytebuddy\byte-buddy-agent\1.7.11\byte-buddy-agent-1.7.11.jar;E:\1704A\repository\org\objenesis\objenesis\2.6\objenesis-2.6.jar;E:\1704A\repository\org\hamcrest\hamcrest-core\1.3\hamcrest-core-1.3.jar;E:\1704A\repository\org\hamcrest\hamcrest-library\1.3\hamcrest-library-1.3.jar;E:\1704A\repository\org\skyscreamer\jsonassert\1.5.0\jsonassert-1.5.0.jar;E:\1704A\repository\com\vaadin\external\google\android-json\0.0.20131108.vaadin1\android-json-0.0.20131108.vaadin1.jar;E:\1704A\repository\org\springframework\spring-test\5.0.5.RELEASE\spring-test-5.0.5.RELEASE.jar;E:\1704A\repository\org\xmlunit\xmlunit-core\2.5.1\xmlunit-core-2.5.1.jar;E:\1704A\repository\org\springframework\cloud\spring-cloud-starter-netflix-eureka-client\2.0.1.RELEASE\spring-cloud-starter-netflix-eureka-client-2.0.1.RELEASE.jar;E:\1704A\repository\org\springframework\cloud\spring-cloud-starter\2.0.1.RELEASE\spring-cloud-starter-2.0.1.RELEASE.jar;E:\1704A\repository\org\springframework\cloud\spring-cloud-context\2.0.1.RELEASE\spring-cloud-context-2.0.1.RELEASE.jar;E:\1704A\repository\org\springframework\security\spring-security-rsa\1.0.5.RELEASE\spring-security-rsa-1.0.5.RELEASE.jar;E:\1704A\repository\org\springframework\cloud\spring-cloud-netflix-core\2.0.1.RELEASE\spring-cloud-netflix-core-2.0.1.RELEASE.jar;E:\1704A\repository\org\springframework\cloud\spring-cloud-netflix-eureka-client\2.0.1.RELEASE\spring-cloud-netflix-eureka-client-2.0.1.RELEASE.jar;E:\1704A\repository\com\netflix\eureka\eureka-client\1.9.3\eureka-client-1.9.3.jar;E:\1704A\repository\org\codehaus\jettison\jettison\1.3.7\jettison-1.3.7.jar;E:\1704A\repository\stax\stax-api\1.0.1\stax-api-1.0.1.jar;E:\1704A\repository\com\netflix\netflix-commons\netflix-eventbus\0.3.0\netflix-eventbus-0.3.0.jar;E:\1704A\repository\com\netflix\netflix-commons\netflix-infix\0.3.0\netflix-infix-0.3.0.jar;E:\1704A\repository\commons-jxpath\commons-jxpath\1.3\commons-jxpath-1.3.jar;E:\1704A\repository\joda-time\joda-time\2.9.9\joda-time-2.9.9.jar;E:\1704A\repository\org\antlr\antlr-runtime\3.4\antlr-runtime-3.4.jar;E:\1704A\repository\org\antlr\stringtemplate\3.2.1\stringtemplate-3.2.1.jar;E:\1704A\repository\com\google\code\gson\gson\2.8.2\gson-2.8.2.jar;E:\1704A\repository\org\apache\commons\commons-math\2.2\commons-math-2.2.jar;E:\1704A\repository\com\netflix\archaius\archaius-core\0.7.6\archaius-core-0.7.6.jar;E:\1704A\repository\javax\ws\rs\jsr311-api\1.1.1\jsr311-api-1.1.1.jar;E:\1704A\repository\com\netflix\servo\servo-core\0.12.21\servo-core-0.12.21.jar;E:\1704A\repository\com\sun\jersey\jersey-core\1.19.1\jersey-core-1.19.1.jar;E:\1704A\repository\com\sun\jersey\jersey-client\1.19.1\jersey-client-1.19.1.jar;E:\1704A\repository\com\sun\jersey\contribs\jersey-apache-client4\1.19.1\jersey-apache-client4-1.19.1.jar;E:\1704A\repository\com\google\inject\guice\4.1.0\guice-4.1.0.jar;E:\1704A\repository\javax\inject\javax.inject\1\javax.inject-1.jar;E:\1704A\repository\aopalliance\aopalliance\1.0\aopalliance-1.0.jar;E:\1704A\repository\com\github\vlsi\compactmap\compactmap\1.2.1\compactmap-1.2.1.jar;E:\1704A\repository\com\github\andrewoma\dexx\dexx-collections\0.2\dexx-collections-0.2.jar;E:\1704A\repository\com\fasterxml\jackson\core\jackson-annotations\2.9.0\jackson-annotations-2.9.0.jar;E:\1704A\repository\com\fasterxml\jackson\core\jackson-core\2.9.5\jackson-core-2.9.5.jar;E:\1704A\repository\com\netflix\eureka\eureka-core\1.9.3\eureka-core-1.9.3.jar;E:\1704A\repository\org\codehaus\woodstox\woodstox-core-asl\4.4.1\woodstox-core-asl-4.4.1.jar;E:\1704A\repository\javax\xml\stream\stax-api\1.0-2\stax-api-1.0-2.jar;E:\1704A\repository\org\codehaus\woodstox\stax2-api\3.1.4\stax2-api-3.1.4.jar;E:\1704A\repository\org\springframework\cloud\spring-cloud-starter-netflix-archaius\2.0.1.RELEASE\spring-cloud-starter-netflix-archaius-2.0.1.RELEASE.jar;E:\1704A\repository\org\springframework\cloud\spring-cloud-netflix-ribbon\2.0.1.RELEASE\spring-cloud-netflix-ribbon-2.0.1.RELEASE.jar;E:\1704A\repository\org\springframework\cloud\spring-cloud-netflix-archaius\2.0.1.RELEASE\spring-cloud-netflix-archaius-2.0.1.RELEASE.jar;E:\1704A\repository\commons-configuration\commons-configuration\1.8\commons-configuration-1.8.jar;E:\1704A\repository\commons-lang\commons-lang\2.6\commons-lang-2.6.jar;E:\1704A\repository\org\springframework\cloud\spring-cloud-starter-netflix-ribbon\2.0.1.RELEASE\spring-cloud-starter-netflix-ribbon-2.0.1.RELEASE.jar;E:\1704A\repository\com\netflix\ribbon\ribbon\2.2.5\ribbon-2.2.5.jar;E:\1704A\repository\com\netflix\ribbon\ribbon-transport\2.2.5\ribbon-transport-2.2.5.jar;E:\1704A\repository\io\reactivex\rxnetty-contexts\0.4.9\rxnetty-contexts-0.4.9.jar;E:\1704A\repository\io\reactivex\rxnetty-servo\0.4.9\rxnetty-servo-0.4.9.jar;E:\1704A\repository\io\reactivex\rxnetty\0.4.9\rxnetty-0.4.9.jar;E:\1704A\repository\io\netty\netty-codec-http\4.1.23.Final\netty-codec-http-4.1.23.Final.jar;E:\1704A\repository\io\netty\netty-codec\4.1.23.Final\netty-codec-4.1.23.Final.jar;E:\1704A\repository\io\netty\netty-transport-native-epoll\4.1.23.Final\netty-transport-native-epoll-4.1.23.Final.jar;E:\1704A\repository\io\netty\netty-common\4.1.23.Final\netty-common-4.1.23.Final.jar;E:\1704A\repository\io\netty\netty-buffer\4.1.23.Final\netty-buffer-4.1.23.Final.jar;E:\1704A\repository\io\netty\netty-transport-native-unix-common\4.1.23.Final\netty-transport-native-unix-common-4.1.23.Final.jar;E:\1704A\repository\io\netty\netty-transport\4.1.23.Final\netty-transport-4.1.23.Final.jar;E:\1704A\repository\io\netty\netty-resolver\4.1.23.Final\netty-resolver-4.1.23.Final.jar;E:\1704A\repository\com\netflix\ribbon\ribbon-core\2.2.5\ribbon-core-2.2.5.jar;E:\1704A\repository\com\netflix\ribbon\ribbon-httpclient\2.2.5\ribbon-httpclient-2.2.5.jar;E:\1704A\repository\commons-collections\commons-collections\3.2.2\commons-collections-3.2.2.jar;E:\1704A\repository\com\netflix\netflix-commons\netflix-commons-util\0.3.0\netflix-commons-util-0.3.0.jar;E:\1704A\repository\com\netflix\ribbon\ribbon-loadbalancer\2.2.5\ribbon-loadbalancer-2.2.5.jar;E:\1704A\repository\com\netflix\netflix-commons\netflix-statistics\0.1.1\netflix-statistics-0.1.1.jar;E:\1704A\repository\io\reactivex\rxjava\1.3.8\rxjava-1.3.8.jar;E:\1704A\repository\com\netflix\ribbon\ribbon-eureka\2.2.5\ribbon-eureka-2.2.5.jar;E:\1704A\repository\com\thoughtworks\xstream\xstream\1.4.10\xstream-1.4.10.jar;E:\1704A\repository\xmlpull\xmlpull\1.1.3.1\xmlpull-1.1.3.1.jar;E:\1704A\repository\xpp3\xpp3_min\1.1.4c\xpp3_min-1.1.4c.jar;E:\1704A\repository\org\springframework\cloud\spring-cloud-starter-openfeign\2.0.1.RELEASE\spring-cloud-starter-openfeign-2.0.1.RELEASE.jar;E:\1704A\repository\org\springframework\cloud\spring-cloud-openfeign-core\2.0.1.RELEASE\spring-cloud-openfeign-core-2.0.1.RELEASE.jar;E:\1704A\repository\org\springframework\cloud\spring-cloud-commons\2.0.1.RELEASE\spring-cloud-commons-2.0.1.RELEASE.jar;E:\1704A\repository\io\github\openfeign\feign-core\9.5.1\feign-core-9.5.1.jar;E:\1704A\repository\io\github\openfeign\feign-slf4j\9.5.1\feign-slf4j-9.5.1.jar;E:\1704A\repository\io\github\openfeign\feign-hystrix\9.5.1\feign-hystrix-9.5.1.jar;E:\1704A\repository\com\netflix\hystrix\hystrix-core\1.5.12\hystrix-core-1.5.12.jar;E:\1704A\repository\org\hdrhistogram\HdrHistogram\2.1.9\HdrHistogram-2.1.9.jar;E:\1704A\repository\io\github\openfeign\feign-java8\9.5.1\feign-java8-9.5.1.jar;E:\1704A\repository\com\netflix\feign\feign-okhttp\8.18.0\feign-okhttp-8.18.0.jar;E:\1704A\repository\com\netflix\feign\feign-core\8.18.0\feign-core-8.18.0.jar;E:\1704A\repository\org\jvnet\animal-sniffer-annotation\1.0\animal-sniffer-annotation-1.0.jar;, user.name=wangb, java.vm.specification.version=1.8, sun.java.command=C:\Users\wangb\AppData\Local\Temp\surefire8359040626052298865\surefirebooter7147715406186341325.jar C:\Users\wangb\AppData\Local\Temp\surefire8359040626052298865 2020-03-09T20-44-46_260-jvmRun1 surefire1835119734498572997tmp surefire_16448304995619269847tmp, java.home=C:\Program Files\Java\jdk1.8.0_91\jre, sun.arch.data.model=64, user.language=zh, java.specification.vendor=Oracle Corporation, awt.toolkit=sun.awt.windows.WToolkit, java.vm.info=mixed mode, java.version=1.8.0_91, java.ext.dirs=C:\Program Files\Java\jdk1.8.0_91\jre\lib\ext;C:\WINDOWS\Sun\Java\lib\ext, sun.boot.class.path=C:\Program Files\Java\jdk1.8.0_91\jre\lib\resources.jar;C:\Program Files\Java\jdk1.8.0_91\jre\lib\rt.jar;C:\Program Files\Java\jdk1.8.0_91\jre\lib\sunrsasign.jar;C:\Program Files\Java\jdk1.8.0_91\jre\lib\jsse.jar;C:\Program Files\Java\jdk1.8.0_91\jre\lib\jce.jar;C:\Program Files\Java\jdk1.8.0_91\jre\lib\charsets.jar;C:\Program Files\Java\jdk1.8.0_91\jre\lib\jfr.jar;C:\Program Files\Java\jdk1.8.0_91\jre\classes, java.awt.headless=true, java.vendor=Oracle Corporation, localRepository=E:\1704A\repository, file.separator=\, java.vendor.url.bug=http://bugreport.sun.com/bugreport/, sun.io.unicode.encoding=UnicodeLittle, sun.cpu.endian=little, sun.desktop=windows, sun.cpu.isalist=amd64}}, SystemEnvironmentPropertySource@85583486 {name='systemEnvironment', properties={PATH=E:\app\wangb\product\11.2.0\dbhome_1\bin;E:\maven\apache-maven-3.6.1\bin;C:\Program Files\Java\jdk1.8.0_91\bin;C:\Program Files (x86)\Intel\iCLS Client\;C:\Program Files\Intel\iCLS Client\;C:\Windows\system32;C:\Windows;C:\Windows\System32\Wbem;C:\Windows\System32\WindowsPowerShell\v1.0\;C:\Program Files (x86)\NVIDIA Corporation\PhysX\Common;C:\Program Files (x86)\Intel\Intel(R) Management Engine Components\DAL;C:\Program Files\Intel\Intel(R) Management Engine Components\DAL;C:\Program Files (x86)\Intel\Intel(R) Management Engine Components\IPT;C:\Program Files\Intel\Intel(R) Management Engine Components\IPT;C:\WINDOWS\system32;C:\WINDOWS;C:\WINDOWS\System32\Wbem;C:\WINDOWS\System32\WindowsPowerShell\v1.0\;C:\WINDOWS\System32\OpenSSH\;C:\Program Files\MySQL\MySQL Server 5.5\bin;E:\nodejs\;E:\Git\cmd;E:\Mp4\ffmpeg-20180227-fa0c9d6-win64-static\bin;C:\Users\wangb\AppData\Local\Microsoft\WindowsApps;C:\Users\wangb\AppData\Roaming\npm;E:\Microsoft VS Code\bin, USERDOMAIN_ROAMINGPROFILE=LAPTOP-8K1AKH0O, LOCALAPPDATA=C:\Users\wangb\AppData\Local, PROCESSOR_LEVEL=6, SYSTEMDRIVE=C:, COMMONPROGRAMFILES(X86)=C:\Program Files (x86)\Common Files, USERDOMAIN=LAPTOP-8K1AKH0O, FPS_BROWSER_APP_PROFILE_STRING=Internet Explorer, LOGONSERVER=\\LAPTOP-8K1AKH0O, JAVA_HOME=C:\Program Files\Java\jdk1.8.0_91, PROMPT=$P$G, SESSIONNAME=Console, ALLUSERSPROFILE=C:\ProgramData, PROGRAMFILES(X86)=C:\Program Files (x86), PROCESSOR_ARCHITECTURE=AMD64, DRIVERDATA=C:\Windows\System32\Drivers\DriverData, ERLANG_HOME=E:\erl9.2, =E:=E:\1704A\hdServiceCode\nm-service-manage-course, PROGRAMFILES=C:\Program Files, APPDATA=C:\Users\wangb\AppData\Roaming, MOZ_PLUGIN_PATH=E:\1704A\FoxitPhantomPDFBusiness\plugins\, PSMODULEPATH=C:\Program Files\WindowsPowerShell\Modules;C:\WINDOWS\system32\WindowsPowerShell\v1.0\Modules, PROGRAMW6432=C:\Program Files, PROGRAMDATA=C:\ProgramData, SYSTEMROOT=C:\WINDOWS, USERNAME=wangb, FPS_BROWSER_USER_PROFILE_STRING=Default, ONEDRIVE=C:\Users\wangb\OneDrive, CONFIGSETROOT=C:\WINDOWS\ConfigSetRoot, PATHEXT=.COM;.EXE;.BAT;.CMD;.VBS;.VBE;.JS;.JSE;.WSF;.WSH;.MSC, OS=Windows_NT, COMMONPROGRAMW6432=C:\Program Files\Common Files, COMPUTERNAME=LAPTOP-8K1AKH0O, COMMONPROGRAMFILES=C:\Program Files\Common Files, COMSPEC=C:\WINDOWS\system32\cmd.exe, PROCESSOR_REVISION=9e09, WINDIR=C:\WINDOWS, RABBITMQ_SERVER=E:\rabibitmq\rabbitmq_server-3.7.4, HOMEPATH=\Users\wangb, TEMP=C:\Users\wangb\AppData\Local\Temp, HOMEDRIVE=C:, PROCESSOR_IDENTIFIER=Intel64 Family 6 Model 158 Stepping 9, GenuineIntel, USERPROFILE=C:\Users\wangb, TMP=C:\Users\wangb\AppData\Local\Temp, PUBLIC=C:\Users\Public, NUMBER_OF_PROCESSORS=8, =::=::\}}]
2020-03-09 20:45:38.540 [main] DEBUG o.s.c.a.ClassPathBeanDefinitionScanner - JSR-250 'javax.annotation.ManagedBean' found and supported for component scanning
2020-03-09 20:45:38.540 [main] DEBUG o.s.c.a.ClassPathBeanDefinitionScanner - JSR-330 'javax.inject.Named' annotation found and supported for component scanning
2020-03-09 20:45:38.571 [main] DEBUG o.s.core.env.StandardEnvironment - Adding PropertySource 'ribbon' with highest search precedence
2020-03-09 20:45:38.572 [main] DEBUG o.s.core.env.StandardEnvironment - Adding PropertySource 'configurationProperties' with lowest search precedence
2020-03-09 20:45:38.572 [main] DEBUG o.s.core.env.StandardEnvironment - Adding PropertySource 'Inlined Test Properties' with lowest search precedence
2020-03-09 20:45:38.572 [main] DEBUG o.s.core.env.StandardEnvironment - Adding PropertySource 'random' with lowest search precedence
2020-03-09 20:45:38.572 [main] DEBUG o.s.core.env.StandardEnvironment - Adding PropertySource 'applicationConfig: [classpath:/application.yml]' with lowest search precedence
2020-03-09 20:45:38.572 [main] DEBUG o.s.core.env.StandardEnvironment - Adding PropertySource 'springCloudClientHostInfo' with lowest search precedence
2020-03-09 20:45:38.572 [main] DEBUG o.s.core.env.StandardEnvironment - Adding PropertySource 'defaultProperties' with lowest search precedence
2020-03-09 20:45:38.572 [main] DEBUG o.s.c.e.PropertySourcesPropertyResolver - Could not find key 'spring.profiles.active' in any property source
2020-03-09 20:45:38.573 [main] DEBUG o.s.c.e.PropertySourcesPropertyResolver - Could not find key 'spring.profiles.default' in any property source
2020-03-09 20:45:38.573 [main] INFO  o.s.c.a.AnnotationConfigApplicationContext - Refreshing SpringClientFactory-nm-service-manage-cms: startup date [Mon Mar 09 20:45:38 CST 2020]; parent: org.springframework.web.context.support.GenericWebApplicationContext@21d5c1a0
2020-03-09 20:45:38.573 [main] DEBUG o.s.c.a.AnnotationConfigApplicationContext - Bean factory for SpringClientFactory-nm-service-manage-cms: org.springframework.beans.factory.support.DefaultListableBeanFactory@5d782a4a: defining beans [org.springframework.context.annotation.internalConfigurationAnnotationProcessor,org.springframework.context.annotation.internalAutowiredAnnotationProcessor,org.springframework.context.annotation.internalRequiredAnnotationProcessor,org.springframework.context.annotation.internalCommonAnnotationProcessor,org.springframework.context.annotation.internalPersistenceAnnotationProcessor,org.springframework.context.event.internalEventListenerProcessor,org.springframework.context.event.internalEventListenerFactory,eurekaRibbonClientConfiguration,propertyPlaceholderAutoConfiguration,ribbonClientConfiguration]; parent: org.springframework.beans.factory.support.DefaultListableBeanFactory@4eeea57d
2020-03-09 20:45:38.573 [main] DEBUG o.s.b.f.s.DefaultListableBeanFactory - Creating shared instance of singleton bean 'org.springframework.context.annotation.internalConfigurationAnnotationProcessor'
2020-03-09 20:45:38.573 [main] DEBUG o.s.b.f.s.DefaultListableBeanFactory - Creating instance of bean 'org.springframework.context.annotation.internalConfigurationAnnotationProcessor'
2020-03-09 20:45:38.574 [main] DEBUG o.s.b.f.s.DefaultListableBeanFactory - Eagerly caching bean 'org.springframework.context.annotation.internalConfigurationAnnotationProcessor' to allow for resolving potential circular references
2020-03-09 20:45:38.574 [main] DEBUG o.s.b.f.s.DefaultListableBeanFactory - Finished creating instance of bean 'org.springframework.context.annotation.internalConfigurationAnnotationProcessor'
2020-03-09 20:45:38.630 [main] DEBUG o.s.b.f.s.DefaultListableBeanFactory - Returning cached instance of singleton bean 'autoConfigurationReport'
2020-03-09 20:45:38.631 [main] DEBUG o.s.b.f.s.DefaultListableBeanFactory - Returning cached instance of singleton bean 'autoConfigurationReport'
2020-03-09 20:45:38.632 [main] DEBUG o.s.b.f.s.DefaultListableBeanFactory - Returning cached instance of singleton bean 'autoConfigurationReport'
2020-03-09 20:45:38.633 [main] DEBUG o.s.b.f.s.DefaultListableBeanFactory - Returning cached instance of singleton bean 'autoConfigurationReport'
2020-03-09 20:45:38.634 [main] DEBUG o.s.b.f.s.DefaultListableBeanFactory - Returning cached instance of singleton bean 'autoConfigurationReport'
2020-03-09 20:45:38.635 [main] DEBUG o.s.b.f.s.DefaultListableBeanFactory - Returning cached instance of singleton bean 'autoConfigurationReport'
2020-03-09 20:45:38.637 [main] DEBUG o.s.b.f.s.DefaultListableBeanFactory - Returning cached instance of singleton bean 'autoConfigurationReport'
2020-03-09 20:45:38.637 [main] DEBUG o.s.b.f.s.DefaultListableBeanFactory - Returning cached instance of singleton bean 'autoConfigurationReport'
2020-03-09 20:45:38.664 [main] DEBUG o.s.b.f.s.DefaultListableBeanFactory - Creating shared instance of singleton bean 'org.springframework.boot.autoconfigure.condition.BeanTypeRegistry'
2020-03-09 20:45:38.664 [main] DEBUG o.s.b.f.s.DefaultListableBeanFactory - Creating instance of bean 'org.springframework.boot.autoconfigure.condition.BeanTypeRegistry'
2020-03-09 20:45:38.664 [main] DEBUG o.s.b.f.s.DefaultListableBeanFactory - Eagerly caching bean 'org.springframework.boot.autoconfigure.condition.BeanTypeRegistry' to allow for resolving potential circular references
2020-03-09 20:45:38.664 [main] DEBUG o.s.b.f.s.DefaultListableBeanFactory - Finished creating instance of bean 'org.springframework.boot.autoconfigure.condition.BeanTypeRegistry'
2020-03-09 20:45:38.665 [main] DEBUG o.s.b.f.s.DefaultListableBeanFactory - Returning cached instance of singleton bean 'org.springframework.boot.autoconfigure.condition.BeanTypeRegistry'
2020-03-09 20:45:38.666 [main] DEBUG o.s.b.f.s.DefaultListableBeanFactory - Returning cached instance of singleton bean 'org.springframework.boot.autoconfigure.condition.BeanTypeRegistry'
2020-03-09 20:45:38.667 [main] DEBUG o.s.b.f.s.DefaultListableBeanFactory - Returning cached instance of singleton bean 'autoConfigurationReport'
2020-03-09 20:45:38.667 [main] DEBUG o.s.c.a.ConfigurationClassBeanDefinitionReader - Registering bean definition for @Bean method org.springframework.cloud.netflix.ribbon.eureka.EurekaRibbonClientConfiguration.ribbonPing()
2020-03-09 20:45:38.668 [main] DEBUG o.s.b.f.s.DefaultListableBeanFactory - Returning cached instance of singleton bean 'org.springframework.boot.autoconfigure.condition.BeanTypeRegistry'
2020-03-09 20:45:38.668 [main] DEBUG o.s.b.f.s.DefaultListableBeanFactory - Returning cached instance of singleton bean 'org.springframework.boot.autoconfigure.condition.BeanTypeRegistry'
2020-03-09 20:45:38.668 [main] DEBUG o.s.b.f.s.DefaultListableBeanFactory - Returning cached instance of singleton bean 'org.springframework.boot.autoconfigure.condition.BeanTypeRegistry'
2020-03-09 20:45:38.668 [main] DEBUG o.s.b.f.s.DefaultListableBeanFactory - Returning cached instance of singleton bean 'autoConfigurationReport'
2020-03-09 20:45:38.668 [main] DEBUG o.s.c.a.ConfigurationClassBeanDefinitionReader - Registering bean definition for @Bean method org.springframework.cloud.netflix.ribbon.eureka.EurekaRibbonClientConfiguration.ribbonServerList()
2020-03-09 20:45:38.670 [main] DEBUG o.s.c.a.ConfigurationClassBeanDefinitionReader - Registering bean definition for @Bean method org.springframework.cloud.netflix.ribbon.eureka.EurekaRibbonClientConfiguration.serverIntrospector()
2020-03-09 20:45:38.671 [main] DEBUG o.s.b.f.s.DefaultListableBeanFactory - Returning cached instance of singleton bean 'org.springframework.boot.autoconfigure.condition.BeanTypeRegistry'
2020-03-09 20:45:38.671 [main] DEBUG o.s.b.f.s.DefaultListableBeanFactory - Returning cached instance of singleton bean 'autoConfigurationReport'
2020-03-09 20:45:38.672 [main] DEBUG o.s.c.a.ConfigurationClassBeanDefinitionReader - Registering bean definition for @Bean method org.springframework.boot.autoconfigure.context.PropertyPlaceholderAutoConfiguration.propertySourcesPlaceholderConfigurer()
2020-03-09 20:45:38.672 [main] DEBUG o.s.b.f.s.DefaultListableBeanFactory - Returning cached instance of singleton bean 'autoConfigurationReport'
2020-03-09 20:45:38.673 [main] DEBUG o.s.b.f.s.DefaultListableBeanFactory - Returning cached instance of singleton bean 'autoConfigurationReport'
2020-03-09 20:45:38.674 [main] DEBUG o.s.c.a.ConfigurationClassBeanDefinitionReader - Registered bean definition for imported class 'org.springframework.cloud.commons.httpclient.HttpClientConfiguration$OkHttpClientConfiguration'
2020-03-09 20:45:38.675 [main] DEBUG o.s.b.f.s.DefaultListableBeanFactory - Returning cached instance of singleton bean 'org.springframework.boot.autoconfigure.condition.BeanTypeRegistry'
2020-03-09 20:45:38.676 [main] DEBUG o.s.b.f.s.DefaultListableBeanFactory - Returning cached instance of singleton bean 'org.springframework.boot.autoconfigure.condition.BeanTypeRegistry'
2020-03-09 20:45:38.676 [main] DEBUG o.s.b.f.s.DefaultListableBeanFactory - Returning cached instance of singleton bean 'org.springframework.boot.autoconfigure.condition.BeanTypeRegistry'
2020-03-09 20:45:38.676 [main] DEBUG o.s.b.f.s.DefaultListableBeanFactory - Returning cached instance of singleton bean 'autoConfigurationReport'
2020-03-09 20:45:38.677 [main] DEBUG o.s.b.f.s.DefaultListableBeanFactory - Returning cached instance of singleton bean 'org.springframework.boot.autoconfigure.condition.BeanTypeRegistry'
2020-03-09 20:45:38.678 [main] DEBUG o.s.b.f.s.DefaultListableBeanFactory - Returning cached instance of singleton bean 'org.springframework.boot.autoconfigure.condition.BeanTypeRegistry'
2020-03-09 20:45:38.678 [main] DEBUG o.s.b.f.s.DefaultListableBeanFactory - Returning cached instance of singleton bean 'org.springframework.boot.autoconfigure.condition.BeanTypeRegistry'
2020-03-09 20:45:38.679 [main] DEBUG o.s.b.f.s.DefaultListableBeanFactory - Returning cached instance of singleton bean 'autoConfigurationReport'
2020-03-09 20:45:38.679 [main] DEBUG o.s.b.f.s.DefaultListableBeanFactory - Returning cached instance of singleton bean 'org.springframework.boot.autoconfigure.condition.BeanTypeRegistry'
2020-03-09 20:45:38.679 [main] DEBUG o.s.b.f.s.DefaultListableBeanFactory - Returning cached instance of singleton bean 'org.springframework.boot.autoconfigure.condition.BeanTypeRegistry'
2020-03-09 20:45:38.680 [main] DEBUG o.s.b.f.s.DefaultListableBeanFactory - Returning cached instance of singleton bean 'org.springframework.boot.autoconfigure.condition.BeanTypeRegistry'
2020-03-09 20:45:38.681 [main] DEBUG o.s.b.f.s.DefaultListableBeanFactory - Returning cached instance of singleton bean 'autoConfigurationReport'
2020-03-09 20:45:38.681 [main] DEBUG o.s.b.f.s.DefaultListableBeanFactory - Returning cached instance of singleton bean 'autoConfigurationReport'
2020-03-09 20:45:38.682 [main] DEBUG o.s.b.f.s.DefaultListableBeanFactory - Returning cached instance of singleton bean 'autoConfigurationReport'
2020-03-09 20:45:38.683 [main] DEBUG o.s.c.a.ConfigurationClassBeanDefinitionReader - Registered bean definition for imported class 'org.springframework.cloud.commons.httpclient.HttpClientConfiguration$ApacheHttpClientConfiguration'
2020-03-09 20:45:38.683 [main] DEBUG o.s.b.f.s.DefaultListableBeanFactory - Returning cached instance of singleton bean 'org.springframework.boot.autoconfigure.condition.BeanTypeRegistry'
2020-03-09 20:45:38.683 [main] DEBUG o.s.b.f.s.DefaultListableBeanFactory - Returning cached instance of singleton bean 'org.springframework.boot.autoconfigure.condition.BeanTypeRegistry'
2020-03-09 20:45:38.683 [main] DEBUG o.s.b.f.s.DefaultListableBeanFactory - Returning cached instance of singleton bean 'org.springframework.boot.autoconfigure.condition.BeanTypeRegistry'
2020-03-09 20:45:38.684 [main] DEBUG o.s.b.f.s.DefaultListableBeanFactory - Returning cached instance of singleton bean 'autoConfigurationReport'
2020-03-09 20:45:38.684 [main] DEBUG o.s.b.f.s.DefaultListableBeanFactory - Returning cached instance of singleton bean 'org.springframework.boot.autoconfigure.condition.BeanTypeRegistry'
2020-03-09 20:45:38.684 [main] DEBUG o.s.b.f.s.DefaultListableBeanFactory - Returning cached instance of singleton bean 'org.springframework.boot.autoconfigure.condition.BeanTypeRegistry'
2020-03-09 20:45:38.685 [main] DEBUG o.s.b.f.s.DefaultListableBeanFactory - Returning cached instance of singleton bean 'org.springframework.boot.autoconfigure.condition.BeanTypeRegistry'
2020-03-09 20:45:38.685 [main] DEBUG o.s.b.f.s.DefaultListableBeanFactory - Returning cached instance of singleton bean 'autoConfigurationReport'
2020-03-09 20:45:38.685 [main] DEBUG o.s.b.f.s.DefaultListableBeanFactory - Returning cached instance of singleton bean 'org.springframework.boot.autoconfigure.condition.BeanTypeRegistry'
2020-03-09 20:45:38.685 [main] DEBUG o.s.b.f.s.DefaultListableBeanFactory - Returning cached instance of singleton bean 'org.springframework.boot.autoconfigure.condition.BeanTypeRegistry'
2020-03-09 20:45:38.685 [main] DEBUG o.s.b.f.s.DefaultListableBeanFactory - Returning cached instance of singleton bean 'org.springframework.boot.autoconfigure.condition.BeanTypeRegistry'
2020-03-09 20:45:38.685 [main] DEBUG o.s.b.f.s.DefaultListableBeanFactory - Returning cached instance of singleton bean 'autoConfigurationReport'
2020-03-09 20:45:38.686 [main] DEBUG o.s.c.a.ConfigurationClassBeanDefinitionReader - Registered bean definition for imported class 'org.springframework.cloud.commons.httpclient.HttpClientConfiguration'
2020-03-09 20:45:38.688 [main] DEBUG o.s.b.f.s.DefaultListableBeanFactory - Returning cached instance of singleton bean 'autoConfigurationReport'
2020-03-09 20:45:38.689 [main] DEBUG o.s.b.f.s.DefaultListableBeanFactory - Returning cached instance of singleton bean 'autoConfigurationReport'
2020-03-09 20:45:38.689 [main] DEBUG o.s.b.f.s.DefaultListableBeanFactory - Returning cached instance of singleton bean 'autoConfigurationReport'
2020-03-09 20:45:38.689 [main] DEBUG o.s.c.a.ConfigurationClassBeanDefinitionReader - Registered bean definition for imported class 'org.springframework.cloud.netflix.ribbon.apache.HttpClientRibbonConfiguration$ApacheHttpClientConfiguration'
2020-03-09 20:45:38.689 [main] DEBUG o.s.b.f.s.DefaultListableBeanFactory - Returning cached instance of singleton bean 'org.springframework.boot.autoconfigure.condition.BeanTypeRegistry'
2020-03-09 20:45:38.689 [main] DEBUG o.s.b.f.s.DefaultListableBeanFactory - Returning cached instance of singleton bean 'org.springframework.boot.autoconfigure.condition.BeanTypeRegistry'
2020-03-09 20:45:38.690 [main] DEBUG o.s.b.f.s.DefaultListableBeanFactory - Returning cached instance of singleton bean 'org.springframework.boot.autoconfigure.condition.BeanTypeRegistry'
2020-03-09 20:45:38.690 [main] DEBUG o.s.b.f.s.DefaultListableBeanFactory - Returning cached instance of singleton bean 'autoConfigurationReport'
2020-03-09 20:45:38.690 [main] DEBUG o.s.c.a.ConfigurationClassBeanDefinitionReader - Registering bean definition for @Bean method org.springframework.cloud.netflix.ribbon.apache.HttpClientRibbonConfiguration$ApacheHttpClientConfiguration.httpClientConnectionManager()
2020-03-09 20:45:38.690 [main] DEBUG o.s.b.f.s.DefaultListableBeanFactory - Returning cached instance of singleton bean 'org.springframework.boot.autoconfigure.condition.BeanTypeRegistry'
2020-03-09 20:45:38.691 [main] DEBUG o.s.b.f.s.DefaultListableBeanFactory - Returning cached instance of singleton bean 'org.springframework.boot.autoconfigure.condition.BeanTypeRegistry'
2020-03-09 20:45:38.691 [main] DEBUG o.s.b.f.s.DefaultListableBeanFactory - Returning cached instance of singleton bean 'org.springframework.boot.autoconfigure.condition.BeanTypeRegistry'
2020-03-09 20:45:38.691 [main] DEBUG o.s.b.f.s.DefaultListableBeanFactory - Returning cached instance of singleton bean 'autoConfigurationReport'
2020-03-09 20:45:38.691 [main] DEBUG o.s.c.a.ConfigurationClassBeanDefinitionReader - Registering bean definition for @Bean method org.springframework.cloud.netflix.ribbon.apache.HttpClientRibbonConfiguration$ApacheHttpClientConfiguration.httpClient()
2020-03-09 20:45:38.691 [main] DEBUG o.s.c.a.ConfigurationClassBeanDefinitionReader - Registered bean definition for imported class 'org.springframework.cloud.netflix.ribbon.apache.HttpClientRibbonConfiguration'
2020-03-09 20:45:38.692 [main] DEBUG o.s.b.f.s.DefaultListableBeanFactory - Returning cached instance of singleton bean 'autoConfigurationReport'
2020-03-09 20:45:38.693 [main] DEBUG o.s.b.f.s.DefaultListableBeanFactory - Returning cached instance of singleton bean 'org.springframework.boot.autoconfigure.condition.BeanTypeRegistry'
2020-03-09 20:45:38.693 [main] DEBUG o.s.b.f.s.DefaultListableBeanFactory - Returning cached instance of singleton bean 'org.springframework.boot.autoconfigure.condition.BeanTypeRegistry'
2020-03-09 20:45:38.693 [main] DEBUG o.s.b.f.s.DefaultListableBeanFactory - Returning cached instance of singleton bean 'org.springframework.boot.autoconfigure.condition.BeanTypeRegistry'
2020-03-09 20:45:38.693 [main] DEBUG o.s.b.f.s.DefaultListableBeanFactory - Returning cached instance of singleton bean 'autoConfigurationReport'
2020-03-09 20:45:38.694 [main] DEBUG o.s.c.a.ConfigurationClassBeanDefinitionReader - Registering bean definition for @Bean method org.springframework.cloud.netflix.ribbon.apache.HttpClientRibbonConfiguration.ribbonLoadBalancingHttpClient()
2020-03-09 20:45:38.696 [main] DEBUG o.s.b.f.s.DefaultListableBeanFactory - Returning cached instance of singleton bean 'autoConfigurationReport'
2020-03-09 20:45:38.697 [main] DEBUG o.s.b.f.s.DefaultListableBeanFactory - Returning cached instance of singleton bean 'org.springframework.boot.autoconfigure.condition.BeanTypeRegistry'
2020-03-09 20:45:38.697 [main] DEBUG o.s.b.f.s.DefaultListableBeanFactory - Returning cached instance of singleton bean 'org.springframework.boot.autoconfigure.condition.BeanTypeRegistry'
2020-03-09 20:45:38.697 [main] DEBUG o.s.b.f.s.DefaultListableBeanFactory - Returning cached instance of singleton bean 'org.springframework.boot.autoconfigure.condition.BeanTypeRegistry'
2020-03-09 20:45:38.697 [main] DEBUG o.s.b.f.s.DefaultListableBeanFactory - Returning cached instance of singleton bean 'autoConfigurationReport'
2020-03-09 20:45:38.698 [main] DEBUG o.s.c.a.ConfigurationClassBeanDefinitionReader - Registering bean definition for @Bean method org.springframework.cloud.netflix.ribbon.RibbonClientConfiguration.ribbonClientConfig()
2020-03-09 20:45:38.698 [main] DEBUG o.s.b.f.s.DefaultListableBeanFactory - Returning cached instance of singleton bean 'org.springframework.boot.autoconfigure.condition.BeanTypeRegistry'
2020-03-09 20:45:38.698 [main] DEBUG o.s.b.f.s.DefaultListableBeanFactory - Returning cached instance of singleton bean 'org.springframework.boot.autoconfigure.condition.BeanTypeRegistry'
2020-03-09 20:45:38.698 [main] DEBUG o.s.b.f.s.DefaultListableBeanFactory - Returning cached instance of singleton bean 'org.springframework.boot.autoconfigure.condition.BeanTypeRegistry'
2020-03-09 20:45:38.698 [main] DEBUG o.s.b.f.s.DefaultListableBeanFactory - Returning cached instance of singleton bean 'autoConfigurationReport'
2020-03-09 20:45:38.699 [main] DEBUG o.s.c.a.ConfigurationClassBeanDefinitionReader - Registering bean definition for @Bean method org.springframework.cloud.netflix.ribbon.RibbonClientConfiguration.ribbonRule()
2020-03-09 20:45:38.699 [main] DEBUG o.s.b.f.s.DefaultListableBeanFactory - Returning cached instance of singleton bean 'org.springframework.boot.autoconfigure.condition.BeanTypeRegistry'
2020-03-09 20:45:38.699 [main] DEBUG o.s.b.f.s.DefaultListableBeanFactory - Returning cached instance of singleton bean 'org.springframework.boot.autoconfigure.condition.BeanTypeRegistry'
2020-03-09 20:45:38.699 [main] DEBUG o.s.b.f.s.DefaultListableBeanFactory - Returning cached instance of singleton bean 'org.springframework.boot.autoconfigure.condition.BeanTypeRegistry'
2020-03-09 20:45:38.699 [main] DEBUG o.s.b.f.s.DefaultListableBeanFactory - Returning cached instance of singleton bean 'autoConfigurationReport'
2020-03-09 20:45:38.700 [main] DEBUG o.s.b.f.s.DefaultListableBeanFactory - Returning cached instance of singleton bean 'org.springframework.boot.autoconfigure.condition.BeanTypeRegistry'
2020-03-09 20:45:38.700 [main] DEBUG o.s.b.f.s.DefaultListableBeanFactory - Returning cached instance of singleton bean 'org.springframework.boot.autoconfigure.condition.BeanTypeRegistry'
2020-03-09 20:45:38.700 [main] DEBUG o.s.b.f.s.DefaultListableBeanFactory - Returning cached instance of singleton bean 'org.springframework.boot.autoconfigure.condition.BeanTypeRegistry'
2020-03-09 20:45:38.700 [main] DEBUG o.s.b.f.s.DefaultListableBeanFactory - Returning cached instance of singleton bean 'autoConfigurationReport'
2020-03-09 20:45:38.700 [main] DEBUG o.s.b.f.s.DefaultListableBeanFactory - Returning cached instance of singleton bean 'org.springframework.boot.autoconfigure.condition.BeanTypeRegistry'
2020-03-09 20:45:38.700 [main] DEBUG o.s.b.f.s.DefaultListableBeanFactory - Returning cached instance of singleton bean 'org.springframework.boot.autoconfigure.condition.BeanTypeRegistry'
2020-03-09 20:45:38.700 [main] DEBUG o.s.b.f.s.DefaultListableBeanFactory - Returning cached instance of singleton bean 'org.springframework.boot.autoconfigure.condition.BeanTypeRegistry'
2020-03-09 20:45:38.701 [main] DEBUG o.s.b.f.s.DefaultListableBeanFactory - Returning cached instance of singleton bean 'autoConfigurationReport'
2020-03-09 20:45:38.701 [main] DEBUG o.s.c.a.ConfigurationClassBeanDefinitionReader - Registering bean definition for @Bean method org.springframework.cloud.netflix.ribbon.RibbonClientConfiguration.ribbonServerListUpdater()
2020-03-09 20:45:38.701 [main] DEBUG o.s.b.f.s.DefaultListableBeanFactory - Returning cached instance of singleton bean 'org.springframework.boot.autoconfigure.condition.BeanTypeRegistry'
2020-03-09 20:45:38.701 [main] DEBUG o.s.b.f.s.DefaultListableBeanFactory - Returning cached instance of singleton bean 'org.springframework.boot.autoconfigure.condition.BeanTypeRegistry'
2020-03-09 20:45:38.701 [main] DEBUG o.s.b.f.s.DefaultListableBeanFactory - Returning cached instance of singleton bean 'org.springframework.boot.autoconfigure.condition.BeanTypeRegistry'
2020-03-09 20:45:38.701 [main] DEBUG o.s.b.f.s.DefaultListableBeanFactory - Returning cached instance of singleton bean 'autoConfigurationReport'
2020-03-09 20:45:38.702 [main] DEBUG o.s.c.a.ConfigurationClassBeanDefinitionReader - Registering bean definition for @Bean method org.springframework.cloud.netflix.ribbon.RibbonClientConfiguration.ribbonLoadBalancer()
2020-03-09 20:45:38.702 [main] DEBUG o.s.b.f.s.DefaultListableBeanFactory - Returning cached instance of singleton bean 'org.springframework.boot.autoconfigure.condition.BeanTypeRegistry'
2020-03-09 20:45:38.702 [main] DEBUG o.s.b.f.s.DefaultListableBeanFactory - Returning cached instance of singleton bean 'org.springframework.boot.autoconfigure.condition.BeanTypeRegistry'
2020-03-09 20:45:38.702 [main] DEBUG o.s.b.f.s.DefaultListableBeanFactory - Returning cached instance of singleton bean 'org.springframework.boot.autoconfigure.condition.BeanTypeRegistry'
2020-03-09 20:45:38.702 [main] DEBUG o.s.b.f.s.DefaultListableBeanFactory - Returning cached instance of singleton bean 'autoConfigurationReport'
2020-03-09 20:45:38.702 [main] DEBUG o.s.c.a.ConfigurationClassBeanDefinitionReader - Registering bean definition for @Bean method org.springframework.cloud.netflix.ribbon.RibbonClientConfiguration.ribbonServerListFilter()
2020-03-09 20:45:38.703 [main] DEBUG o.s.b.f.s.DefaultListableBeanFactory - Returning cached instance of singleton bean 'org.springframework.boot.autoconfigure.condition.BeanTypeRegistry'
2020-03-09 20:45:38.703 [main] DEBUG o.s.b.f.s.DefaultListableBeanFactory - Returning cached instance of singleton bean 'org.springframework.boot.autoconfigure.condition.BeanTypeRegistry'
2020-03-09 20:45:38.703 [main] DEBUG o.s.b.f.s.DefaultListableBeanFactory - Returning cached instance of singleton bean 'org.springframework.boot.autoconfigure.condition.BeanTypeRegistry'
2020-03-09 20:45:38.703 [main] DEBUG o.s.b.f.s.DefaultListableBeanFactory - Returning cached instance of singleton bean 'autoConfigurationReport'
2020-03-09 20:45:38.703 [main] DEBUG o.s.c.a.ConfigurationClassBeanDefinitionReader - Registering bean definition for @Bean method org.springframework.cloud.netflix.ribbon.RibbonClientConfiguration.ribbonLoadBalancerContext()
2020-03-09 20:45:38.703 [main] DEBUG o.s.b.f.s.DefaultListableBeanFactory - Returning cached instance of singleton bean 'org.springframework.boot.autoconfigure.condition.BeanTypeRegistry'
2020-03-09 20:45:38.703 [main] DEBUG o.s.b.f.s.DefaultListableBeanFactory - Returning cached instance of singleton bean 'org.springframework.boot.autoconfigure.condition.BeanTypeRegistry'
2020-03-09 20:45:38.704 [main] DEBUG o.s.b.f.s.DefaultListableBeanFactory - Returning cached instance of singleton bean 'org.springframework.boot.autoconfigure.condition.BeanTypeRegistry'
2020-03-09 20:45:38.704 [main] DEBUG o.s.b.f.s.DefaultListableBeanFactory - Returning cached instance of singleton bean 'autoConfigurationReport'
2020-03-09 20:45:38.704 [main] DEBUG o.s.c.a.ConfigurationClassBeanDefinitionReader - Registering bean definition for @Bean method org.springframework.cloud.netflix.ribbon.RibbonClientConfiguration.retryHandler()
2020-03-09 20:45:38.704 [main] DEBUG o.s.b.f.s.DefaultListableBeanFactory - Returning cached instance of singleton bean 'org.springframework.boot.autoconfigure.condition.BeanTypeRegistry'
2020-03-09 20:45:38.705 [main] DEBUG o.s.b.f.s.DefaultListableBeanFactory - Returning cached instance of singleton bean 'org.springframework.boot.autoconfigure.condition.BeanTypeRegistry'
2020-03-09 20:45:38.705 [main] DEBUG o.s.b.f.s.DefaultListableBeanFactory - Returning cached instance of singleton bean 'org.springframework.boot.autoconfigure.condition.BeanTypeRegistry'
2020-03-09 20:45:38.705 [main] DEBUG o.s.b.f.s.DefaultListableBeanFactory - Returning cached instance of singleton bean 'autoConfigurationReport'
2020-03-09 20:45:38.708 [main] DEBUG o.s.c.a.ConfigurationClassEnhancer - Successfully enhanced org.springframework.cloud.netflix.ribbon.eureka.EurekaRibbonClientConfiguration; enhanced class name is: org.springframework.cloud.netflix.ribbon.eureka.EurekaRibbonClientConfiguration$$EnhancerBySpringCGLIB$$c167ee63
2020-03-09 20:45:38.708 [main] DEBUG o.s.c.a.ConfigurationClassPostProcessor - Replacing bean definition 'eurekaRibbonClientConfiguration' existing class 'org.springframework.cloud.netflix.ribbon.eureka.EurekaRibbonClientConfiguration' with enhanced class 'org.springframework.cloud.netflix.ribbon.eureka.EurekaRibbonClientConfiguration$$EnhancerBySpringCGLIB$$c167ee63'
2020-03-09 20:45:38.708 [main] DEBUG o.s.c.a.ConfigurationClassEnhancer - Successfully enhanced org.springframework.boot.autoconfigure.context.PropertyPlaceholderAutoConfiguration; enhanced class name is: org.springframework.boot.autoconfigure.context.PropertyPlaceholderAutoConfiguration$$EnhancerBySpringCGLIB$$ac0ae3d4
2020-03-09 20:45:38.708 [main] DEBUG o.s.c.a.ConfigurationClassPostProcessor - Replacing bean definition 'propertyPlaceholderAutoConfiguration' existing class 'org.springframework.boot.autoconfigure.context.PropertyPlaceholderAutoConfiguration' with enhanced class 'org.springframework.boot.autoconfigure.context.PropertyPlaceholderAutoConfiguration$$EnhancerBySpringCGLIB$$ac0ae3d4'
2020-03-09 20:45:38.712 [main] DEBUG o.s.c.a.ConfigurationClassEnhancer - Successfully enhanced org.springframework.cloud.netflix.ribbon.RibbonClientConfiguration; enhanced class name is: org.springframework.cloud.netflix.ribbon.RibbonClientConfiguration$$EnhancerBySpringCGLIB$$870595d9
2020-03-09 20:45:38.712 [main] DEBUG o.s.c.a.ConfigurationClassPostProcessor - Replacing bean definition 'ribbonClientConfiguration' existing class 'org.springframework.cloud.netflix.ribbon.RibbonClientConfiguration' with enhanced class 'org.springframework.cloud.netflix.ribbon.RibbonClientConfiguration$$EnhancerBySpringCGLIB$$870595d9'
2020-03-09 20:45:38.712 [main] DEBUG o.s.c.a.ConfigurationClassEnhancer - Successfully enhanced org.springframework.cloud.commons.httpclient.HttpClientConfiguration$OkHttpClientConfiguration; enhanced class name is: org.springframework.cloud.commons.httpclient.HttpClientConfiguration$OkHttpClientConfiguration$$EnhancerBySpringCGLIB$$c80f6fd1
2020-03-09 20:45:38.712 [main] DEBUG o.s.c.a.ConfigurationClassPostProcessor - Replacing bean definition 'org.springframework.cloud.commons.httpclient.HttpClientConfiguration$OkHttpClientConfiguration' existing class 'org.springframework.cloud.commons.httpclient.HttpClientConfiguration$OkHttpClientConfiguration' with enhanced class 'org.springframework.cloud.commons.httpclient.HttpClientConfiguration$OkHttpClientConfiguration$$EnhancerBySpringCGLIB$$c80f6fd1'
2020-03-09 20:45:38.712 [main] DEBUG o.s.c.a.ConfigurationClassEnhancer - Successfully enhanced org.springframework.cloud.commons.httpclient.HttpClientConfiguration$ApacheHttpClientConfiguration; enhanced class name is: org.springframework.cloud.commons.httpclient.HttpClientConfiguration$ApacheHttpClientConfiguration$$EnhancerBySpringCGLIB$$944b56df
2020-03-09 20:45:38.712 [main] DEBUG o.s.c.a.ConfigurationClassPostProcessor - Replacing bean definition 'org.springframework.cloud.commons.httpclient.HttpClientConfiguration$ApacheHttpClientConfiguration' existing class 'org.springframework.cloud.commons.httpclient.HttpClientConfiguration$ApacheHttpClientConfiguration' with enhanced class 'org.springframework.cloud.commons.httpclient.HttpClientConfiguration$ApacheHttpClientConfiguration$$EnhancerBySpringCGLIB$$944b56df'
2020-03-09 20:45:38.712 [main] DEBUG o.s.c.a.ConfigurationClassEnhancer - Successfully enhanced org.springframework.cloud.commons.httpclient.HttpClientConfiguration; enhanced class name is: org.springframework.cloud.commons.httpclient.HttpClientConfiguration$$EnhancerBySpringCGLIB$$c9bf5bee
2020-03-09 20:45:38.712 [main] DEBUG o.s.c.a.ConfigurationClassPostProcessor - Replacing bean definition 'org.springframework.cloud.commons.httpclient.HttpClientConfiguration' existing class 'org.springframework.cloud.commons.httpclient.HttpClientConfiguration' with enhanced class 'org.springframework.cloud.commons.httpclient.HttpClientConfiguration$$EnhancerBySpringCGLIB$$c9bf5bee'
2020-03-09 20:45:38.714 [main] DEBUG o.s.c.a.ConfigurationClassEnhancer - Successfully enhanced org.springframework.cloud.netflix.ribbon.apache.HttpClientRibbonConfiguration$ApacheHttpClientConfiguration; enhanced class name is: org.springframework.cloud.netflix.ribbon.apache.HttpClientRibbonConfiguration$ApacheHttpClientConfiguration$$EnhancerBySpringCGLIB$$1b0bc93a
2020-03-09 20:45:38.715 [main] DEBUG o.s.c.a.ConfigurationClassPostProcessor - Replacing bean definition 'org.springframework.cloud.netflix.ribbon.apache.HttpClientRibbonConfiguration$ApacheHttpClientConfiguration' existing class 'org.springframework.cloud.netflix.ribbon.apache.HttpClientRibbonConfiguration$ApacheHttpClientConfiguration' with enhanced class 'org.springframework.cloud.netflix.ribbon.apache.HttpClientRibbonConfiguration$ApacheHttpClientConfiguration$$EnhancerBySpringCGLIB$$1b0bc93a'
2020-03-09 20:45:38.717 [main] DEBUG o.s.c.a.ConfigurationClassEnhancer - Successfully enhanced org.springframework.cloud.netflix.ribbon.apache.HttpClientRibbonConfiguration; enhanced class name is: org.springframework.cloud.netflix.ribbon.apache.HttpClientRibbonConfiguration$$EnhancerBySpringCGLIB$$6f19cf89
2020-03-09 20:45:38.717 [main] DEBUG o.s.c.a.ConfigurationClassPostProcessor - Replacing bean definition 'org.springframework.cloud.netflix.ribbon.apache.HttpClientRibbonConfiguration' existing class 'org.springframework.cloud.netflix.ribbon.apache.HttpClientRibbonConfiguration' with enhanced class 'org.springframework.cloud.netflix.ribbon.apache.HttpClientRibbonConfiguration$$EnhancerBySpringCGLIB$$6f19cf89'
2020-03-09 20:45:38.717 [main] DEBUG o.s.b.f.s.DefaultListableBeanFactory - Creating shared instance of singleton bean 'propertySourcesPlaceholderConfigurer'
2020-03-09 20:45:38.717 [main] DEBUG o.s.b.f.s.DefaultListableBeanFactory - Creating instance of bean 'propertySourcesPlaceholderConfigurer'
2020-03-09 20:45:38.717 [main] DEBUG o.s.b.f.s.DefaultListableBeanFactory - Eagerly caching bean 'propertySourcesPlaceholderConfigurer' to allow for resolving potential circular references
2020-03-09 20:45:38.725 [main] DEBUG o.s.b.f.s.DefaultListableBeanFactory - Finished creating instance of bean 'propertySourcesPlaceholderConfigurer'
2020-03-09 20:45:38.725 [main] DEBUG o.s.core.env.MutablePropertySources - Adding PropertySource 'environmentProperties' with lowest search precedence
2020-03-09 20:45:38.725 [main] DEBUG o.s.core.env.MutablePropertySources - Adding PropertySource 'localProperties' with lowest search precedence
2020-03-09 20:45:38.725 [main] DEBUG o.s.b.f.s.DefaultListableBeanFactory - Creating shared instance of singleton bean 'org.springframework.boot.context.properties.ConfigurationBeanFactoryMetadata'
2020-03-09 20:45:38.725 [main] DEBUG o.s.b.f.s.DefaultListableBeanFactory - Creating instance of bean 'org.springframework.boot.context.properties.ConfigurationBeanFactoryMetadata'
2020-03-09 20:45:38.725 [main] DEBUG o.s.b.f.s.DefaultListableBeanFactory - Eagerly caching bean 'org.springframework.boot.context.properties.ConfigurationBeanFactoryMetadata' to allow for resolving potential circular references
2020-03-09 20:45:38.730 [main] DEBUG o.s.b.f.s.DefaultListableBeanFactory - Finished creating instance of bean 'org.springframework.boot.context.properties.ConfigurationBeanFactoryMetadata'
2020-03-09 20:45:38.730 [main] DEBUG o.s.b.f.s.DefaultListableBeanFactory - Creating shared instance of singleton bean 'org.springframework.context.annotation.internalAutowiredAnnotationProcessor'
2020-03-09 20:45:38.730 [main] DEBUG o.s.b.f.s.DefaultListableBeanFactory - Creating instance of bean 'org.springframework.context.annotation.internalAutowiredAnnotationProcessor'
2020-03-09 20:45:38.730 [main] INFO  o.s.b.f.a.AutowiredAnnotationBeanPostProcessor - JSR-330 'javax.inject.Inject' annotation found and supported for autowiring
2020-03-09 20:45:38.731 [main] DEBUG o.s.b.f.s.DefaultListableBeanFactory - Eagerly caching bean 'org.springframework.context.annotation.internalAutowiredAnnotationProcessor' to allow for resolving potential circular references
2020-03-09 20:45:38.738 [main] DEBUG o.s.b.f.s.DefaultListableBeanFactory - Finished creating instance of bean 'org.springframework.context.annotation.internalAutowiredAnnotationProcessor'
2020-03-09 20:45:38.739 [main] DEBUG o.s.b.f.s.DefaultListableBeanFactory - Creating shared instance of singleton bean 'org.springframework.context.annotation.internalRequiredAnnotationProcessor'
2020-03-09 20:45:38.739 [main] DEBUG o.s.b.f.s.DefaultListableBeanFactory - Creating instance of bean 'org.springframework.context.annotation.internalRequiredAnnotationProcessor'
2020-03-09 20:45:38.739 [main] DEBUG o.s.b.f.s.DefaultListableBeanFactory - Eagerly caching bean 'org.springframework.context.annotation.internalRequiredAnnotationProcessor' to allow for resolving potential circular references
2020-03-09 20:45:38.745 [main] DEBUG o.s.b.f.s.DefaultListableBeanFactory - Finished creating instance of bean 'org.springframework.context.annotation.internalRequiredAnnotationProcessor'
2020-03-09 20:45:38.745 [main] DEBUG o.s.b.f.s.DefaultListableBeanFactory - Creating shared instance of singleton bean 'org.springframework.context.annotation.internalCommonAnnotationProcessor'
2020-03-09 20:45:38.745 [main] DEBUG o.s.b.f.s.DefaultListableBeanFactory - Creating instance of bean 'org.springframework.context.annotation.internalCommonAnnotationProcessor'
2020-03-09 20:45:38.745 [main] DEBUG o.s.b.f.s.DefaultListableBeanFactory - Eagerly caching bean 'org.springframework.context.annotation.internalCommonAnnotationProcessor' to allow for resolving potential circular references
2020-03-09 20:45:38.758 [main] DEBUG o.s.b.f.s.DefaultListableBeanFactory - Finished creating instance of bean 'org.springframework.context.annotation.internalCommonAnnotationProcessor'
2020-03-09 20:45:38.758 [main] DEBUG o.s.b.f.s.DefaultListableBeanFactory - Creating shared instance of singleton bean 'org.springframework.context.annotation.internalPersistenceAnnotationProcessor'
2020-03-09 20:45:38.759 [main] DEBUG o.s.b.f.s.DefaultListableBeanFactory - Creating instance of bean 'org.springframework.context.annotation.internalPersistenceAnnotationProcessor'
2020-03-09 20:45:38.759 [main] DEBUG o.s.b.f.s.DefaultListableBeanFactory - Eagerly caching bean 'org.springframework.context.annotation.internalPersistenceAnnotationProcessor' to allow for resolving potential circular references
2020-03-09 20:45:38.767 [main] DEBUG o.s.b.f.s.DefaultListableBeanFactory - Finished creating instance of bean 'org.springframework.context.annotation.internalPersistenceAnnotationProcessor'
2020-03-09 20:45:38.767 [main] DEBUG o.s.b.f.s.DefaultListableBeanFactory - Creating shared instance of singleton bean 'org.springframework.boot.context.properties.ConfigurationPropertiesBindingPostProcessor'
2020-03-09 20:45:38.767 [main] DEBUG o.s.b.f.s.DefaultListableBeanFactory - Creating instance of bean 'org.springframework.boot.context.properties.ConfigurationPropertiesBindingPostProcessor'
2020-03-09 20:45:38.768 [main] DEBUG o.s.b.f.s.DefaultListableBeanFactory - Eagerly caching bean 'org.springframework.boot.context.properties.ConfigurationPropertiesBindingPostProcessor' to allow for resolving potential circular references
2020-03-09 20:45:38.773 [main] DEBUG o.s.b.f.s.DefaultListableBeanFactory - Invoking afterPropertiesSet() on bean with name 'org.springframework.boot.context.properties.ConfigurationPropertiesBindingPostProcessor'
2020-03-09 20:45:38.774 [main] DEBUG o.s.b.f.s.DefaultListableBeanFactory - Returning cached instance of singleton bean 'org.springframework.boot.context.properties.ConfigurationBeanFactoryMetadata'
2020-03-09 20:45:38.774 [main] DEBUG o.s.b.f.s.DefaultListableBeanFactory - Returning cached instance of singleton bean 'propertySourcesPlaceholderConfigurer'
2020-03-09 20:45:38.774 [main] DEBUG o.s.b.f.s.DefaultListableBeanFactory - Finished creating instance of bean 'org.springframework.boot.context.properties.ConfigurationPropertiesBindingPostProcessor'
2020-03-09 20:45:38.774 [main] DEBUG o.s.c.a.AnnotationConfigApplicationContext - Unable to locate MessageSource with name 'messageSource': using default [org.springframework.context.support.DelegatingMessageSource@734a2c17]
2020-03-09 20:45:38.774 [main] DEBUG o.s.c.a.AnnotationConfigApplicationContext - Unable to locate ApplicationEventMulticaster with name 'applicationEventMulticaster': using default [org.springframework.context.event.SimpleApplicationEventMulticaster@2d1f9ec3]
2020-03-09 20:45:38.775 [main] DEBUG o.s.b.f.s.DefaultListableBeanFactory - Pre-instantiating singletons in org.springframework.beans.factory.support.DefaultListableBeanFactory@5d782a4a: defining beans [org.springframework.context.annotation.internalConfigurationAnnotationProcessor,org.springframework.context.annotation.internalAutowiredAnnotationProcessor,org.springframework.context.annotation.internalRequiredAnnotationProcessor,org.springframework.context.annotation.internalCommonAnnotationProcessor,org.springframework.context.annotation.internalPersistenceAnnotationProcessor,org.springframework.context.event.internalEventListenerProcessor,org.springframework.context.event.internalEventListenerFactory,eurekaRibbonClientConfiguration,propertyPlaceholderAutoConfiguration,ribbonClientConfiguration,org.springframework.boot.autoconfigure.condition.BeanTypeRegistry,ribbonPing,ribbonServerList,serverIntrospector,propertySourcesPlaceholderConfigurer,org.springframework.cloud.commons.httpclient.HttpClientConfiguration$OkHttpClientConfiguration,org.springframework.cloud.commons.httpclient.HttpClientConfiguration$ApacheHttpClientConfiguration,org.springframework.cloud.commons.httpclient.HttpClientConfiguration,org.springframework.cloud.netflix.ribbon.apache.HttpClientRibbonConfiguration$ApacheHttpClientConfiguration,httpClientConnectionManager,httpClient,org.springframework.cloud.netflix.ribbon.apache.HttpClientRibbonConfiguration,ribbonLoadBalancingHttpClient,ribbonClientConfig,ribbonRule,ribbonServerListUpdater,ribbonLoadBalancer,ribbonServerListFilter,ribbonLoadBalancerContext,retryHandler,org.springframework.boot.context.properties.ConfigurationPropertiesBindingPostProcessor,org.springframework.boot.context.properties.ConfigurationBeanFactoryMetadata]; parent: org.springframework.beans.factory.support.DefaultListableBeanFactory@4eeea57d
2020-03-09 20:45:38.775 [main] DEBUG o.s.b.f.s.DefaultListableBeanFactory - Returning cached instance of singleton bean 'org.springframework.context.annotation.internalConfigurationAnnotationProcessor'
2020-03-09 20:45:38.775 [main] DEBUG o.s.b.f.s.DefaultListableBeanFactory - Returning cached instance of singleton bean 'org.springframework.context.annotation.internalAutowiredAnnotationProcessor'
2020-03-09 20:45:38.776 [main] DEBUG o.s.b.f.s.DefaultListableBeanFactory - Returning cached instance of singleton bean 'org.springframework.context.annotation.internalRequiredAnnotationProcessor'
2020-03-09 20:45:38.776 [main] DEBUG o.s.b.f.s.DefaultListableBeanFactory - Returning cached instance of singleton bean 'org.springframework.context.annotation.internalCommonAnnotationProcessor'
2020-03-09 20:45:38.776 [main] DEBUG o.s.b.f.s.DefaultListableBeanFactory - Returning cached instance of singleton bean 'org.springframework.context.annotation.internalPersistenceAnnotationProcessor'
2020-03-09 20:45:38.776 [main] DEBUG o.s.b.f.s.DefaultListableBeanFactory - Creating shared instance of singleton bean 'org.springframework.context.event.internalEventListenerProcessor'
2020-03-09 20:45:38.776 [main] DEBUG o.s.b.f.s.DefaultListableBeanFactory - Creating instance of bean 'org.springframework.context.event.internalEventListenerProcessor'
2020-03-09 20:45:38.777 [main] DEBUG o.s.b.f.s.DefaultListableBeanFactory - Eagerly caching bean 'org.springframework.context.event.internalEventListenerProcessor' to allow for resolving potential circular references
2020-03-09 20:45:38.782 [main] DEBUG o.s.b.f.s.DefaultListableBeanFactory - Finished creating instance of bean 'org.springframework.context.event.internalEventListenerProcessor'
2020-03-09 20:45:38.782 [main] DEBUG o.s.b.f.s.DefaultListableBeanFactory - Creating shared instance of singleton bean 'org.springframework.context.event.internalEventListenerFactory'
2020-03-09 20:45:38.782 [main] DEBUG o.s.b.f.s.DefaultListableBeanFactory - Creating instance of bean 'org.springframework.context.event.internalEventListenerFactory'
2020-03-09 20:45:38.782 [main] DEBUG o.s.b.f.s.DefaultListableBeanFactory - Eagerly caching bean 'org.springframework.context.event.internalEventListenerFactory' to allow for resolving potential circular references
2020-03-09 20:45:38.787 [main] DEBUG o.s.b.f.s.DefaultListableBeanFactory - Finished creating instance of bean 'org.springframework.context.event.internalEventListenerFactory'
2020-03-09 20:45:38.787 [main] DEBUG o.s.b.f.s.DefaultListableBeanFactory - Creating shared instance of singleton bean 'eurekaRibbonClientConfiguration'
2020-03-09 20:45:38.787 [main] DEBUG o.s.b.f.s.DefaultListableBeanFactory - Creating instance of bean 'eurekaRibbonClientConfiguration'
2020-03-09 20:45:38.790 [main] DEBUG o.s.c.a.CommonAnnotationBeanPostProcessor - Found init method on class [org.springframework.cloud.netflix.ribbon.eureka.EurekaRibbonClientConfiguration$$EnhancerBySpringCGLIB$$c167ee63]: public void org.springframework.cloud.netflix.ribbon.eureka.EurekaRibbonClientConfiguration.preprocess()
2020-03-09 20:45:38.790 [main] DEBUG o.s.c.a.CommonAnnotationBeanPostProcessor - Registered init method on class [org.springframework.cloud.netflix.ribbon.eureka.EurekaRibbonClientConfiguration$$EnhancerBySpringCGLIB$$c167ee63]: org.springframework.beans.factory.annotation.InitDestroyAnnotationBeanPostProcessor$LifecycleElement@cffebe6c
2020-03-09 20:45:38.792 [main] DEBUG o.s.b.f.annotation.InjectionMetadata - Registered injected element on class [org.springframework.cloud.netflix.ribbon.eureka.EurekaRibbonClientConfiguration$$EnhancerBySpringCGLIB$$c167ee63]: AutowiredFieldElement for private boolean org.springframework.cloud.netflix.ribbon.eureka.EurekaRibbonClientConfiguration.approximateZoneFromHostname
2020-03-09 20:45:38.792 [main] DEBUG o.s.b.f.annotation.InjectionMetadata - Registered injected element on class [org.springframework.cloud.netflix.ribbon.eureka.EurekaRibbonClientConfiguration$$EnhancerBySpringCGLIB$$c167ee63]: AutowiredFieldElement for private java.lang.String org.springframework.cloud.netflix.ribbon.eureka.EurekaRibbonClientConfiguration.serviceId
2020-03-09 20:45:38.792 [main] DEBUG o.s.b.f.annotation.InjectionMetadata - Registered injected element on class [org.springframework.cloud.netflix.ribbon.eureka.EurekaRibbonClientConfiguration$$EnhancerBySpringCGLIB$$c167ee63]: AutowiredFieldElement for private com.netflix.discovery.EurekaClientConfig org.springframework.cloud.netflix.ribbon.eureka.EurekaRibbonClientConfiguration.clientConfig
2020-03-09 20:45:38.792 [main] DEBUG o.s.b.f.annotation.InjectionMetadata - Registered injected element on class [org.springframework.cloud.netflix.ribbon.eureka.EurekaRibbonClientConfiguration$$EnhancerBySpringCGLIB$$c167ee63]: AutowiredFieldElement for private com.netflix.appinfo.EurekaInstanceConfig org.springframework.cloud.netflix.ribbon.eureka.EurekaRibbonClientConfiguration.eurekaConfig
2020-03-09 20:45:38.792 [main] DEBUG o.s.b.f.annotation.InjectionMetadata - Registered injected element on class [org.springframework.cloud.netflix.ribbon.eureka.EurekaRibbonClientConfiguration$$EnhancerBySpringCGLIB$$c167ee63]: AutowiredFieldElement for private org.springframework.cloud.netflix.ribbon.PropertiesFactory org.springframework.cloud.netflix.ribbon.eureka.EurekaRibbonClientConfiguration.propertiesFactory
2020-03-09 20:45:38.792 [main] DEBUG o.s.b.f.s.DefaultListableBeanFactory - Eagerly caching bean 'eurekaRibbonClientConfiguration' to allow for resolving potential circular references
2020-03-09 20:45:38.799 [main] DEBUG o.s.b.f.annotation.InjectionMetadata - Processing injected element of bean 'eurekaRibbonClientConfiguration': AutowiredFieldElement for private boolean org.springframework.cloud.netflix.ribbon.eureka.EurekaRibbonClientConfiguration.approximateZoneFromHostname
2020-03-09 20:45:38.799 [main] DEBUG o.s.core.annotation.AnnotationUtils - Failed to meta-introspect annotation interface org.springframework.beans.factory.annotation.Value: java.lang.NullPointerException
2020-03-09 20:45:38.800 [main] DEBUG o.s.c.e.PropertySourcesPropertyResolver - Could not find key 'ribbon.eureka.approximateZoneFromHostname:false' in any property source
2020-03-09 20:45:38.800 [main] DEBUG o.s.c.e.PropertySourcesPropertyResolver - Could not find key 'ribbon.eureka.approximateZoneFromHostname:false' in any property source
2020-03-09 20:45:38.800 [main] DEBUG o.s.c.e.PropertySourcesPropertyResolver - Could not find key 'ribbon.eureka.approximateZoneFromHostname' in any property source
2020-03-09 20:45:38.800 [main] DEBUG o.s.c.e.PropertySourcesPropertyResolver - Could not find key 'ribbon.eureka.approximateZoneFromHostname' in any property source
2020-03-09 20:45:38.800 [main] DEBUG o.s.b.f.annotation.InjectionMetadata - Processing injected element of bean 'eurekaRibbonClientConfiguration': AutowiredFieldElement for private java.lang.String org.springframework.cloud.netflix.ribbon.eureka.EurekaRibbonClientConfiguration.serviceId
2020-03-09 20:45:38.801 [main] DEBUG o.s.core.annotation.AnnotationUtils - Failed to meta-introspect annotation interface org.springframework.cloud.netflix.ribbon.RibbonClientName: java.lang.NullPointerException
2020-03-09 20:45:38.801 [main] DEBUG o.s.c.e.PropertySourcesPropertyResolver - Found key 'ribbon.client.name' in PropertySource 'ribbon' with value of type String
2020-03-09 20:45:38.801 [main] DEBUG o.s.c.e.PropertySourcesPropertyResolver - Found key 'ribbon.client.name' in PropertySource 'environmentProperties' with value of type String
2020-03-09 20:45:38.801 [main] DEBUG o.s.b.f.annotation.InjectionMetadata - Processing injected element of bean 'eurekaRibbonClientConfiguration': AutowiredFieldElement for private com.netflix.discovery.EurekaClientConfig org.springframework.cloud.netflix.ribbon.eureka.EurekaRibbonClientConfiguration.clientConfig
2020-03-09 20:45:38.801 [main] DEBUG o.s.core.annotation.AnnotationUtils - Failed to meta-introspect annotation interface org.springframework.beans.factory.annotation.Autowired: java.lang.NullPointerException
2020-03-09 20:45:38.803 [main] DEBUG o.s.b.f.s.DefaultListableBeanFactory - Returning cached instance of singleton bean 'eurekaClientConfigBean'
2020-03-09 20:45:38.803 [main] DEBUG o.s.b.f.a.AutowiredAnnotationBeanPostProcessor - Autowiring by type from bean name 'eurekaRibbonClientConfiguration' to bean named 'eurekaClientConfigBean'
2020-03-09 20:45:38.803 [main] DEBUG o.s.b.f.annotation.InjectionMetadata - Processing injected element of bean 'eurekaRibbonClientConfiguration': AutowiredFieldElement for private com.netflix.appinfo.EurekaInstanceConfig org.springframework.cloud.netflix.ribbon.eureka.EurekaRibbonClientConfiguration.eurekaConfig
2020-03-09 20:45:38.804 [main] DEBUG o.s.core.annotation.AnnotationUtils - Failed to meta-introspect annotation interface org.springframework.beans.factory.annotation.Autowired: java.lang.NullPointerException
2020-03-09 20:45:38.806 [main] DEBUG o.s.b.f.s.DefaultListableBeanFactory - Returning cached instance of singleton bean 'eurekaInstanceConfigBean'
2020-03-09 20:45:38.807 [main] DEBUG o.s.b.f.a.AutowiredAnnotationBeanPostProcessor - Autowiring by type from bean name 'eurekaRibbonClientConfiguration' to bean named 'eurekaInstanceConfigBean'
2020-03-09 20:45:38.807 [main] DEBUG o.s.b.f.annotation.InjectionMetadata - Processing injected element of bean 'eurekaRibbonClientConfiguration': AutowiredFieldElement for private org.springframework.cloud.netflix.ribbon.PropertiesFactory org.springframework.cloud.netflix.ribbon.eureka.EurekaRibbonClientConfiguration.propertiesFactory
2020-03-09 20:45:38.807 [main] DEBUG o.s.core.annotation.AnnotationUtils - Failed to meta-introspect annotation interface org.springframework.beans.factory.annotation.Autowired: java.lang.NullPointerException
2020-03-09 20:45:38.814 [main] DEBUG o.s.b.f.s.DefaultListableBeanFactory - Returning cached instance of singleton bean 'propertiesFactory'
2020-03-09 20:45:38.814 [main] DEBUG o.s.b.f.a.AutowiredAnnotationBeanPostProcessor - Autowiring by type from bean name 'eurekaRibbonClientConfiguration' to bean named 'propertiesFactory'
2020-03-09 20:45:38.814 [main] DEBUG o.s.c.a.CommonAnnotationBeanPostProcessor - Invoking init method on bean 'eurekaRibbonClientConfiguration': public void org.springframework.cloud.netflix.ribbon.eureka.EurekaRibbonClientConfiguration.preprocess()
2020-03-09 20:45:38.939 [main] DEBUG o.s.b.f.s.DefaultListableBeanFactory - Finished creating instance of bean 'eurekaRibbonClientConfiguration'
2020-03-09 20:45:38.939 [main] DEBUG o.s.b.f.s.DefaultListableBeanFactory - Creating shared instance of singleton bean 'propertyPlaceholderAutoConfiguration'
2020-03-09 20:45:38.939 [main] DEBUG o.s.b.f.s.DefaultListableBeanFactory - Creating instance of bean 'propertyPlaceholderAutoConfiguration'
2020-03-09 20:45:38.939 [main] DEBUG o.s.b.f.s.DefaultListableBeanFactory - Eagerly caching bean 'propertyPlaceholderAutoConfiguration' to allow for resolving potential circular references
2020-03-09 20:45:38.944 [main] DEBUG o.s.b.f.s.DefaultListableBeanFactory - Finished creating instance of bean 'propertyPlaceholderAutoConfiguration'
2020-03-09 20:45:38.944 [main] DEBUG o.s.b.f.s.DefaultListableBeanFactory - Creating shared instance of singleton bean 'ribbonClientConfiguration'
2020-03-09 20:45:38.945 [main] DEBUG o.s.b.f.s.DefaultListableBeanFactory - Creating instance of bean 'ribbonClientConfiguration'
2020-03-09 20:45:38.945 [main] DEBUG o.s.c.a.CommonAnnotationBeanPostProcessor - Found init method on class [org.springframework.cloud.netflix.ribbon.RibbonClientConfiguration$$EnhancerBySpringCGLIB$$870595d9]: public void org.springframework.cloud.netflix.ribbon.RibbonClientConfiguration.preprocess()
2020-03-09 20:45:38.945 [main] DEBUG o.s.c.a.CommonAnnotationBeanPostProcessor - Registered init method on class [org.springframework.cloud.netflix.ribbon.RibbonClientConfiguration$$EnhancerBySpringCGLIB$$870595d9]: org.springframework.beans.factory.annotation.InitDestroyAnnotationBeanPostProcessor$LifecycleElement@cffebe6c
2020-03-09 20:45:38.946 [main] DEBUG o.s.b.f.annotation.InjectionMetadata - Registered injected element on class [org.springframework.cloud.netflix.ribbon.RibbonClientConfiguration$$EnhancerBySpringCGLIB$$870595d9]: AutowiredFieldElement for private java.lang.String org.springframework.cloud.netflix.ribbon.RibbonClientConfiguration.name
2020-03-09 20:45:38.946 [main] DEBUG o.s.b.f.annotation.InjectionMetadata - Registered injected element on class [org.springframework.cloud.netflix.ribbon.RibbonClientConfiguration$$EnhancerBySpringCGLIB$$870595d9]: AutowiredFieldElement for private org.springframework.cloud.netflix.ribbon.PropertiesFactory org.springframework.cloud.netflix.ribbon.RibbonClientConfiguration.propertiesFactory
2020-03-09 20:45:38.946 [main] DEBUG o.s.b.f.s.DefaultListableBeanFactory - Eagerly caching bean 'ribbonClientConfiguration' to allow for resolving potential circular references
2020-03-09 20:45:38.951 [main] DEBUG o.s.b.f.annotation.InjectionMetadata - Processing injected element of bean 'ribbonClientConfiguration': AutowiredFieldElement for private java.lang.String org.springframework.cloud.netflix.ribbon.RibbonClientConfiguration.name
2020-03-09 20:45:38.952 [main] DEBUG o.s.core.annotation.AnnotationUtils - Failed to meta-introspect annotation interface org.springframework.cloud.netflix.ribbon.RibbonClientName: java.lang.NullPointerException
2020-03-09 20:45:38.952 [main] DEBUG o.s.c.e.PropertySourcesPropertyResolver - Found key 'ribbon.client.name' in PropertySource 'ribbon' with value of type String
2020-03-09 20:45:38.952 [main] DEBUG o.s.c.e.PropertySourcesPropertyResolver - Found key 'ribbon.client.name' in PropertySource 'environmentProperties' with value of type String
2020-03-09 20:45:38.952 [main] DEBUG o.s.b.f.annotation.InjectionMetadata - Processing injected element of bean 'ribbonClientConfiguration': AutowiredFieldElement for private org.springframework.cloud.netflix.ribbon.PropertiesFactory org.springframework.cloud.netflix.ribbon.RibbonClientConfiguration.propertiesFactory
2020-03-09 20:45:38.952 [main] DEBUG o.s.core.annotation.AnnotationUtils - Failed to meta-introspect annotation interface org.springframework.beans.factory.annotation.Autowired: java.lang.NullPointerException
2020-03-09 20:45:38.952 [main] DEBUG o.s.b.f.s.DefaultListableBeanFactory - Returning cached instance of singleton bean 'propertiesFactory'
2020-03-09 20:45:38.952 [main] DEBUG o.s.b.f.a.AutowiredAnnotationBeanPostProcessor - Autowiring by type from bean name 'ribbonClientConfiguration' to bean named 'propertiesFactory'
2020-03-09 20:45:38.953 [main] DEBUG o.s.c.a.CommonAnnotationBeanPostProcessor - Invoking init method on bean 'ribbonClientConfiguration': public void org.springframework.cloud.netflix.ribbon.RibbonClientConfiguration.preprocess()
2020-03-09 20:45:38.953 [main] DEBUG o.s.b.f.s.DefaultListableBeanFactory - Finished creating instance of bean 'ribbonClientConfiguration'
2020-03-09 20:45:38.953 [main] DEBUG o.s.b.f.s.DefaultListableBeanFactory - Returning cached instance of singleton bean 'org.springframework.boot.autoconfigure.condition.BeanTypeRegistry'
2020-03-09 20:45:38.953 [main] DEBUG o.s.b.f.s.DefaultListableBeanFactory - Creating shared instance of singleton bean 'ribbonPing'
2020-03-09 20:45:38.953 [main] DEBUG o.s.b.f.s.DefaultListableBeanFactory - Creating instance of bean 'ribbonPing'
2020-03-09 20:45:38.953 [main] DEBUG o.s.b.f.s.DefaultListableBeanFactory - Returning cached instance of singleton bean 'eurekaRibbonClientConfiguration'
2020-03-09 20:45:38.955 [main] DEBUG o.s.b.f.s.DefaultListableBeanFactory - Creating shared instance of singleton bean 'ribbonClientConfig'
2020-03-09 20:45:38.955 [main] DEBUG o.s.b.f.s.DefaultListableBeanFactory - Creating instance of bean 'ribbonClientConfig'
2020-03-09 20:45:38.955 [main] DEBUG o.s.b.f.s.DefaultListableBeanFactory - Returning cached instance of singleton bean 'ribbonClientConfiguration'
2020-03-09 20:45:38.969 [main] DEBUG o.s.c.e.PropertySourcesPropertyResolver - Found key 'ribbon.ConnectTimeout' in PropertySource 'applicationConfig: [classpath:/application.yml]' with value of type Integer
2020-03-09 20:45:39.018 [main] DEBUG o.s.c.e.PropertySourcesPropertyResolver - Found key 'ribbon.ReadTimeout' in PropertySource 'applicationConfig: [classpath:/application.yml]' with value of type Integer
2020-03-09 20:45:39.018 [main] DEBUG o.s.c.e.PropertySourcesPropertyResolver - Found key 'ribbon.MaxAutoRetries' in PropertySource 'applicationConfig: [classpath:/application.yml]' with value of type Integer
2020-03-09 20:45:39.018 [main] DEBUG o.s.c.e.PropertySourcesPropertyResolver - Found key 'ribbon.MaxAutoRetriesNextServer' in PropertySource 'applicationConfig: [classpath:/application.yml]' with value of type Integer
2020-03-09 20:45:39.018 [main] DEBUG o.s.c.e.PropertySourcesPropertyResolver - Found key 'ribbon.OkToRetryOnAllOperations' in PropertySource 'applicationConfig: [classpath:/application.yml]' with value of type Boolean
2020-03-09 20:45:39.034 [main] DEBUG o.s.b.f.s.DefaultListableBeanFactory - Eagerly caching bean 'ribbonClientConfig' to allow for resolving potential circular references
2020-03-09 20:45:39.039 [main] DEBUG o.s.b.f.s.DefaultListableBeanFactory - Finished creating instance of bean 'ribbonClientConfig'
2020-03-09 20:45:39.039 [main] DEBUG o.s.b.f.s.DefaultListableBeanFactory - Autowiring by type from bean name 'ribbonPing' via factory method to bean named 'ribbonClientConfig'
2020-03-09 20:45:39.043 [main] DEBUG o.s.c.e.PropertySourcesPropertyResolver - Could not find key 'nm-service-manage-cms.ribbon.NFLoadBalancerPingClassName' in any property source
2020-03-09 20:45:39.051 [main] DEBUG o.s.b.f.s.DefaultListableBeanFactory - Eagerly caching bean 'ribbonPing' to allow for resolving potential circular references
2020-03-09 20:45:39.055 [main] DEBUG o.s.b.f.s.DefaultListableBeanFactory - Finished creating instance of bean 'ribbonPing'
2020-03-09 20:45:39.055 [main] DEBUG o.s.b.f.s.DefaultListableBeanFactory - Creating shared instance of singleton bean 'ribbonServerList'
2020-03-09 20:45:39.055 [main] DEBUG o.s.b.f.s.DefaultListableBeanFactory - Creating instance of bean 'ribbonServerList'
2020-03-09 20:45:39.055 [main] DEBUG o.s.b.f.s.DefaultListableBeanFactory - Returning cached instance of singleton bean 'eurekaRibbonClientConfiguration'
2020-03-09 20:45:39.055 [main] DEBUG o.s.b.f.s.DefaultListableBeanFactory - Returning cached instance of singleton bean 'ribbonClientConfig'
2020-03-09 20:45:39.057 [main] DEBUG o.s.b.f.s.DefaultListableBeanFactory - Autowiring by type from bean name 'ribbonServerList' via factory method to bean named 'ribbonClientConfig'
2020-03-09 20:45:39.057 [main] DEBUG o.s.c.e.PropertySourcesPropertyResolver - Could not find key 'nm-service-manage-cms.ribbon.NIWSServerListClassName' in any property source
2020-03-09 20:45:39.065 [main] DEBUG o.s.b.f.s.DefaultListableBeanFactory - Eagerly caching bean 'ribbonServerList' to allow for resolving potential circular references
2020-03-09 20:45:39.071 [main] DEBUG o.s.b.f.s.DefaultListableBeanFactory - Finished creating instance of bean 'ribbonServerList'
2020-03-09 20:45:39.072 [main] DEBUG o.s.b.f.s.DefaultListableBeanFactory - Creating shared instance of singleton bean 'serverIntrospector'
2020-03-09 20:45:39.072 [main] DEBUG o.s.b.f.s.DefaultListableBeanFactory - Creating instance of bean 'serverIntrospector'
2020-03-09 20:45:39.072 [main] DEBUG o.s.b.f.s.DefaultListableBeanFactory - Returning cached instance of singleton bean 'eurekaRibbonClientConfiguration'
2020-03-09 20:45:39.078 [main] DEBUG o.s.b.f.annotation.InjectionMetadata - Registered injected element on class [org.springframework.cloud.netflix.ribbon.eureka.EurekaServerIntrospector]: AutowiredMethodElement for public void org.springframework.cloud.netflix.ribbon.DefaultServerIntrospector.setServerIntrospectorProperties(org.springframework.cloud.netflix.ribbon.ServerIntrospectorProperties)
2020-03-09 20:45:39.079 [main] DEBUG o.s.b.f.s.DefaultListableBeanFactory - Eagerly caching bean 'serverIntrospector' to allow for resolving potential circular references
2020-03-09 20:45:39.079 [main] DEBUG o.s.b.f.annotation.InjectionMetadata - Processing injected element of bean 'serverIntrospector': AutowiredMethodElement for public void org.springframework.cloud.netflix.ribbon.DefaultServerIntrospector.setServerIntrospectorProperties(org.springframework.cloud.netflix.ribbon.ServerIntrospectorProperties)
2020-03-09 20:45:39.080 [main] DEBUG o.s.b.f.s.DefaultListableBeanFactory - Returning cached instance of singleton bean 'ribbon-org.springframework.cloud.netflix.ribbon.ServerIntrospectorProperties'
2020-03-09 20:45:39.080 [main] DEBUG o.s.b.f.a.AutowiredAnnotationBeanPostProcessor - Autowiring by type from bean name 'serverIntrospector' to bean named 'ribbon-org.springframework.cloud.netflix.ribbon.ServerIntrospectorProperties'
2020-03-09 20:45:39.080 [main] DEBUG o.s.b.f.s.DefaultListableBeanFactory - Finished creating instance of bean 'serverIntrospector'
2020-03-09 20:45:39.080 [main] DEBUG o.s.b.f.s.DefaultListableBeanFactory - Returning cached instance of singleton bean 'propertySourcesPlaceholderConfigurer'
2020-03-09 20:45:39.080 [main] DEBUG o.s.b.f.s.DefaultListableBeanFactory - Creating shared instance of singleton bean 'org.springframework.cloud.commons.httpclient.HttpClientConfiguration$OkHttpClientConfiguration'
2020-03-09 20:45:39.080 [main] DEBUG o.s.b.f.s.DefaultListableBeanFactory - Creating instance of bean 'org.springframework.cloud.commons.httpclient.HttpClientConfiguration$OkHttpClientConfiguration'
2020-03-09 20:45:39.080 [main] DEBUG o.s.b.f.s.DefaultListableBeanFactory - Eagerly caching bean 'org.springframework.cloud.commons.httpclient.HttpClientConfiguration$OkHttpClientConfiguration' to allow for resolving potential circular references
2020-03-09 20:45:39.083 [main] DEBUG o.s.b.f.s.DefaultListableBeanFactory - Finished creating instance of bean 'org.springframework.cloud.commons.httpclient.HttpClientConfiguration$OkHttpClientConfiguration'
2020-03-09 20:45:39.083 [main] DEBUG o.s.b.f.s.DefaultListableBeanFactory - Creating shared instance of singleton bean 'org.springframework.cloud.commons.httpclient.HttpClientConfiguration$ApacheHttpClientConfiguration'
2020-03-09 20:45:39.083 [main] DEBUG o.s.b.f.s.DefaultListableBeanFactory - Creating instance of bean 'org.springframework.cloud.commons.httpclient.HttpClientConfiguration$ApacheHttpClientConfiguration'
2020-03-09 20:45:39.083 [main] DEBUG o.s.b.f.s.DefaultListableBeanFactory - Eagerly caching bean 'org.springframework.cloud.commons.httpclient.HttpClientConfiguration$ApacheHttpClientConfiguration' to allow for resolving potential circular references
2020-03-09 20:45:39.087 [main] DEBUG o.s.b.f.s.DefaultListableBeanFactory - Finished creating instance of bean 'org.springframework.cloud.commons.httpclient.HttpClientConfiguration$ApacheHttpClientConfiguration'
2020-03-09 20:45:39.087 [main] DEBUG o.s.b.f.s.DefaultListableBeanFactory - Creating shared instance of singleton bean 'org.springframework.cloud.commons.httpclient.HttpClientConfiguration'
2020-03-09 20:45:39.087 [main] DEBUG o.s.b.f.s.DefaultListableBeanFactory - Creating instance of bean 'org.springframework.cloud.commons.httpclient.HttpClientConfiguration'
2020-03-09 20:45:39.087 [main] DEBUG o.s.b.f.s.DefaultListableBeanFactory - Eagerly caching bean 'org.springframework.cloud.commons.httpclient.HttpClientConfiguration' to allow for resolving potential circular references
2020-03-09 20:45:39.090 [main] DEBUG o.s.b.f.s.DefaultListableBeanFactory - Finished creating instance of bean 'org.springframework.cloud.commons.httpclient.HttpClientConfiguration'
2020-03-09 20:45:39.090 [main] DEBUG o.s.b.f.s.DefaultListableBeanFactory - Creating shared instance of singleton bean 'org.springframework.cloud.netflix.ribbon.apache.HttpClientRibbonConfiguration$ApacheHttpClientConfiguration'
2020-03-09 20:45:39.090 [main] DEBUG o.s.b.f.s.DefaultListableBeanFactory - Creating instance of bean 'org.springframework.cloud.netflix.ribbon.apache.HttpClientRibbonConfiguration$ApacheHttpClientConfiguration'
2020-03-09 20:45:39.091 [main] DEBUG o.s.c.a.CommonAnnotationBeanPostProcessor - Found destroy method on class [org.springframework.cloud.netflix.ribbon.apache.HttpClientRibbonConfiguration$ApacheHttpClientConfiguration$$EnhancerBySpringCGLIB$$1b0bc93a]: public void org.springframework.cloud.netflix.ribbon.apache.HttpClientRibbonConfiguration$ApacheHttpClientConfiguration.destroy() throws java.lang.Exception
2020-03-09 20:45:39.091 [main] DEBUG o.s.c.a.CommonAnnotationBeanPostProcessor - Registered destroy method on class [org.springframework.cloud.netflix.ribbon.apache.HttpClientRibbonConfiguration$ApacheHttpClientConfiguration$$EnhancerBySpringCGLIB$$1b0bc93a]: org.springframework.beans.factory.annotation.InitDestroyAnnotationBeanPostProcessor$LifecycleElement@5cd39ffa
2020-03-09 20:45:39.091 [main] DEBUG o.s.b.f.annotation.InjectionMetadata - Registered injected element on class [org.springframework.cloud.netflix.ribbon.apache.HttpClientRibbonConfiguration$ApacheHttpClientConfiguration$$EnhancerBySpringCGLIB$$1b0bc93a]: AutowiredFieldElement for private org.apache.http.config.RegistryBuilder org.springframework.cloud.netflix.ribbon.apache.HttpClientRibbonConfiguration$ApacheHttpClientConfiguration.registryBuilder
2020-03-09 20:45:39.091 [main] DEBUG o.s.b.f.s.DefaultListableBeanFactory - Eagerly caching bean 'org.springframework.cloud.netflix.ribbon.apache.HttpClientRibbonConfiguration$ApacheHttpClientConfiguration' to allow for resolving potential circular references
2020-03-09 20:45:39.096 [main] DEBUG o.s.b.f.annotation.InjectionMetadata - Processing injected element of bean 'org.springframework.cloud.netflix.ribbon.apache.HttpClientRibbonConfiguration$ApacheHttpClientConfiguration': AutowiredFieldElement for private org.apache.http.config.RegistryBuilder org.springframework.cloud.netflix.ribbon.apache.HttpClientRibbonConfiguration$ApacheHttpClientConfiguration.registryBuilder
2020-03-09 20:45:39.096 [main] DEBUG o.s.core.annotation.AnnotationUtils - Failed to meta-introspect annotation interface org.springframework.beans.factory.annotation.Autowired: java.lang.NullPointerException
2020-03-09 20:45:39.098 [main] DEBUG o.s.b.f.s.DefaultListableBeanFactory - Finished creating instance of bean 'org.springframework.cloud.netflix.ribbon.apache.HttpClientRibbonConfiguration$ApacheHttpClientConfiguration'
2020-03-09 20:45:39.098 [main] DEBUG o.s.b.f.s.DefaultListableBeanFactory - Creating shared instance of singleton bean 'httpClientConnectionManager'
2020-03-09 20:45:39.098 [main] DEBUG o.s.b.f.s.DefaultListableBeanFactory - Creating instance of bean 'httpClientConnectionManager'
2020-03-09 20:45:39.098 [main] DEBUG o.s.b.f.s.DefaultListableBeanFactory - Returning cached instance of singleton bean 'org.springframework.cloud.netflix.ribbon.apache.HttpClientRibbonConfiguration$ApacheHttpClientConfiguration'
2020-03-09 20:45:39.098 [main] DEBUG o.s.b.f.s.DefaultListableBeanFactory - Returning cached instance of singleton bean 'ribbonClientConfig'
2020-03-09 20:45:39.100 [main] DEBUG o.s.b.f.s.DefaultListableBeanFactory - Returning cached instance of singleton bean 'connManFactory'
2020-03-09 20:45:39.100 [main] DEBUG o.s.b.f.s.DefaultListableBeanFactory - Autowiring by type from bean name 'httpClientConnectionManager' via factory method to bean named 'ribbonClientConfig'
2020-03-09 20:45:39.100 [main] DEBUG o.s.b.f.s.DefaultListableBeanFactory - Autowiring by type from bean name 'httpClientConnectionManager' via factory method to bean named 'connManFactory'
2020-03-09 20:45:39.288 [main] DEBUG o.s.b.f.s.DefaultListableBeanFactory - Eagerly caching bean 'httpClientConnectionManager' to allow for resolving potential circular references
2020-03-09 20:45:39.291 [main] DEBUG o.s.b.f.s.DefaultListableBeanFactory - Finished creating instance of bean 'httpClientConnectionManager'
2020-03-09 20:45:39.291 [main] DEBUG o.s.b.f.s.DefaultListableBeanFactory - Creating shared instance of singleton bean 'httpClient'
2020-03-09 20:45:39.291 [main] DEBUG o.s.b.f.s.DefaultListableBeanFactory - Creating instance of bean 'httpClient'
2020-03-09 20:45:39.291 [main] DEBUG o.s.b.f.s.DefaultListableBeanFactory - Returning cached instance of singleton bean 'org.springframework.cloud.netflix.ribbon.apache.HttpClientRibbonConfiguration$ApacheHttpClientConfiguration'
2020-03-09 20:45:39.293 [main] DEBUG o.s.b.f.s.DefaultListableBeanFactory - Returning cached instance of singleton bean 'apacheHttpClientFactory'
2020-03-09 20:45:39.296 [main] DEBUG o.s.b.f.s.DefaultListableBeanFactory - Returning cached instance of singleton bean 'httpClientConnectionManager'
2020-03-09 20:45:39.296 [main] DEBUG o.s.b.f.s.DefaultListableBeanFactory - Returning cached instance of singleton bean 'ribbonClientConfig'
2020-03-09 20:45:39.296 [main] DEBUG o.s.b.f.s.DefaultListableBeanFactory - Autowiring by type from bean name 'httpClient' via factory method to bean named 'apacheHttpClientFactory'
2020-03-09 20:45:39.296 [main] DEBUG o.s.b.f.s.DefaultListableBeanFactory - Autowiring by type from bean name 'httpClient' via factory method to bean named 'httpClientConnectionManager'
2020-03-09 20:45:39.296 [main] DEBUG o.s.b.f.s.DefaultListableBeanFactory - Autowiring by type from bean name 'httpClient' via factory method to bean named 'ribbonClientConfig'
2020-03-09 20:45:39.296 [main] DEBUG o.s.c.e.PropertySourcesPropertyResolver - Found key 'ribbon.ConnectTimeout' in PropertySource 'applicationConfig: [classpath:/application.yml]' with value of type Integer
2020-03-09 20:45:39.441 [main] DEBUG o.s.b.f.s.DefaultListableBeanFactory - Eagerly caching bean 'httpClient' to allow for resolving potential circular references
2020-03-09 20:45:39.444 [main] DEBUG o.s.b.f.s.DefaultListableBeanFactory - Finished creating instance of bean 'httpClient'
2020-03-09 20:45:39.444 [main] DEBUG o.s.b.f.s.DefaultListableBeanFactory - Creating shared instance of singleton bean 'org.springframework.cloud.netflix.ribbon.apache.HttpClientRibbonConfiguration'
2020-03-09 20:45:39.444 [main] DEBUG o.s.b.f.s.DefaultListableBeanFactory - Creating instance of bean 'org.springframework.cloud.netflix.ribbon.apache.HttpClientRibbonConfiguration'
2020-03-09 20:45:39.445 [main] DEBUG o.s.b.f.annotation.InjectionMetadata - Registered injected element on class [org.springframework.cloud.netflix.ribbon.apache.HttpClientRibbonConfiguration$$EnhancerBySpringCGLIB$$6f19cf89]: AutowiredFieldElement for private java.lang.String org.springframework.cloud.netflix.ribbon.apache.HttpClientRibbonConfiguration.name
2020-03-09 20:45:39.445 [main] DEBUG o.s.b.f.s.DefaultListableBeanFactory - Eagerly caching bean 'org.springframework.cloud.netflix.ribbon.apache.HttpClientRibbonConfiguration' to allow for resolving potential circular references
2020-03-09 20:45:39.447 [main] DEBUG o.s.b.f.annotation.InjectionMetadata - Processing injected element of bean 'org.springframework.cloud.netflix.ribbon.apache.HttpClientRibbonConfiguration': AutowiredFieldElement for private java.lang.String org.springframework.cloud.netflix.ribbon.apache.HttpClientRibbonConfiguration.name
2020-03-09 20:45:39.447 [main] DEBUG o.s.core.annotation.AnnotationUtils - Failed to meta-introspect annotation interface org.springframework.cloud.netflix.ribbon.RibbonClientName: java.lang.NullPointerException
2020-03-09 20:45:39.447 [main] DEBUG o.s.c.e.PropertySourcesPropertyResolver - Found key 'ribbon.client.name' in PropertySource 'ribbon' with value of type String
2020-03-09 20:45:39.447 [main] DEBUG o.s.c.e.PropertySourcesPropertyResolver - Found key 'ribbon.client.name' in PropertySource 'environmentProperties' with value of type String
2020-03-09 20:45:39.448 [main] DEBUG o.s.b.f.s.DefaultListableBeanFactory - Finished creating instance of bean 'org.springframework.cloud.netflix.ribbon.apache.HttpClientRibbonConfiguration'
2020-03-09 20:45:39.448 [main] DEBUG o.s.b.f.s.DefaultListableBeanFactory - Creating shared instance of singleton bean 'ribbonLoadBalancingHttpClient'
2020-03-09 20:45:39.448 [main] DEBUG o.s.b.f.s.DefaultListableBeanFactory - Creating instance of bean 'ribbonLoadBalancingHttpClient'
2020-03-09 20:45:39.448 [main] DEBUG o.s.b.f.s.DefaultListableBeanFactory - Returning cached instance of singleton bean 'org.springframework.cloud.netflix.ribbon.apache.HttpClientRibbonConfiguration'
2020-03-09 20:45:39.448 [main] DEBUG o.s.b.f.s.DefaultListableBeanFactory - Returning cached instance of singleton bean 'ribbonClientConfig'
2020-03-09 20:45:39.449 [main] DEBUG o.s.b.f.s.DefaultListableBeanFactory - Returning cached instance of singleton bean 'serverIntrospector'
2020-03-09 20:45:39.451 [main] DEBUG o.s.b.f.s.DefaultListableBeanFactory - Creating shared instance of singleton bean 'ribbonLoadBalancer'
2020-03-09 20:45:39.452 [main] DEBUG o.s.b.f.s.DefaultListableBeanFactory - Creating instance of bean 'ribbonLoadBalancer'
2020-03-09 20:45:39.452 [main] DEBUG o.s.b.f.s.DefaultListableBeanFactory - Returning cached instance of singleton bean 'ribbonClientConfiguration'
2020-03-09 20:45:39.452 [main] DEBUG o.s.b.f.s.DefaultListableBeanFactory - Returning cached instance of singleton bean 'ribbonClientConfig'
2020-03-09 20:45:39.454 [main] DEBUG o.s.b.f.s.DefaultListableBeanFactory - Returning cached instance of singleton bean 'ribbonServerList'
2020-03-09 20:45:39.457 [main] DEBUG o.s.b.f.s.DefaultListableBeanFactory - Creating shared instance of singleton bean 'ribbonServerListFilter'
2020-03-09 20:45:39.457 [main] DEBUG o.s.b.f.s.DefaultListableBeanFactory - Creating instance of bean 'ribbonServerListFilter'
2020-03-09 20:45:39.457 [main] DEBUG o.s.b.f.s.DefaultListableBeanFactory - Returning cached instance of singleton bean 'ribbonClientConfiguration'
2020-03-09 20:45:39.457 [main] DEBUG o.s.b.f.s.DefaultListableBeanFactory - Returning cached instance of singleton bean 'ribbonClientConfig'
2020-03-09 20:45:39.458 [main] DEBUG o.s.b.f.s.DefaultListableBeanFactory - Autowiring by type from bean name 'ribbonServerListFilter' via factory method to bean named 'ribbonClientConfig'
2020-03-09 20:45:39.458 [main] DEBUG o.s.c.e.PropertySourcesPropertyResolver - Could not find key 'nm-service-manage-cms.ribbon.NIWSServerListFilterClassName' in any property source
2020-03-09 20:45:39.469 [main] DEBUG c.n.l.ZoneAffinityServerListFilter - ZoneAffinity is set to true
2020-03-09 20:45:39.469 [main] DEBUG c.n.l.ZoneAffinityServerListFilter - activeReqeustsPerServerThreshold: 0.6
2020-03-09 20:45:39.469 [main] DEBUG c.n.l.ZoneAffinityServerListFilter - blackOutServerPercentageThreshold: 0.8
2020-03-09 20:45:39.470 [main] DEBUG c.n.l.ZoneAffinityServerListFilter - availableServersThreshold: 2
2020-03-09 20:45:39.521 [main] DEBUG o.s.b.f.s.DefaultListableBeanFactory - Eagerly caching bean 'ribbonServerListFilter' to allow for resolving potential circular references
2020-03-09 20:45:39.531 [main] DEBUG o.s.b.f.s.DefaultListableBeanFactory - Finished creating instance of bean 'ribbonServerListFilter'
2020-03-09 20:45:39.533 [main] DEBUG o.s.b.f.s.DefaultListableBeanFactory - Creating shared instance of singleton bean 'ribbonRule'
2020-03-09 20:45:39.533 [main] DEBUG o.s.b.f.s.DefaultListableBeanFactory - Creating instance of bean 'ribbonRule'
2020-03-09 20:45:39.533 [main] DEBUG o.s.b.f.s.DefaultListableBeanFactory - Returning cached instance of singleton bean 'ribbonClientConfiguration'
2020-03-09 20:45:39.533 [main] DEBUG o.s.b.f.s.DefaultListableBeanFactory - Returning cached instance of singleton bean 'ribbonClientConfig'
2020-03-09 20:45:39.533 [main] DEBUG o.s.b.f.s.DefaultListableBeanFactory - Autowiring by type from bean name 'ribbonRule' via factory method to bean named 'ribbonClientConfig'
2020-03-09 20:45:39.533 [main] DEBUG o.s.c.e.PropertySourcesPropertyResolver - Could not find key 'nm-service-manage-cms.ribbon.NFLoadBalancerRuleClassName' in any property source
2020-03-09 20:45:39.561 [main] INFO  c.n.config.ChainedDynamicProperty - Flipping property: nm-service-manage-cms.ribbon.ActiveConnectionsLimit to use NEXT property: niws.loadbalancer.availabilityFilteringRule.activeConnectionsLimit = 2147483647
2020-03-09 20:45:39.562 [main] DEBUG o.s.b.f.s.DefaultListableBeanFactory - Eagerly caching bean 'ribbonRule' to allow for resolving potential circular references
2020-03-09 20:45:39.576 [main] DEBUG o.s.b.f.s.DefaultListableBeanFactory - Finished creating instance of bean 'ribbonRule'
2020-03-09 20:45:39.579 [main] DEBUG o.s.b.f.s.DefaultListableBeanFactory - Returning cached instance of singleton bean 'ribbonPing'
2020-03-09 20:45:39.581 [main] DEBUG o.s.b.f.s.DefaultListableBeanFactory - Creating shared instance of singleton bean 'ribbonServerListUpdater'
2020-03-09 20:45:39.581 [main] DEBUG o.s.b.f.s.DefaultListableBeanFactory - Creating instance of bean 'ribbonServerListUpdater'
2020-03-09 20:45:39.581 [main] DEBUG o.s.b.f.s.DefaultListableBeanFactory - Returning cached instance of singleton bean 'ribbonClientConfiguration'
2020-03-09 20:45:39.582 [main] DEBUG o.s.b.f.s.DefaultListableBeanFactory - Returning cached instance of singleton bean 'ribbonClientConfig'
2020-03-09 20:45:39.582 [main] DEBUG o.s.b.f.s.DefaultListableBeanFactory - Autowiring by type from bean name 'ribbonServerListUpdater' via factory method to bean named 'ribbonClientConfig'
2020-03-09 20:45:39.585 [main] DEBUG o.s.b.f.s.DefaultListableBeanFactory - Eagerly caching bean 'ribbonServerListUpdater' to allow for resolving potential circular references
2020-03-09 20:45:39.589 [main] DEBUG o.s.b.f.s.DefaultListableBeanFactory - Finished creating instance of bean 'ribbonServerListUpdater'
2020-03-09 20:45:39.589 [main] DEBUG o.s.b.f.s.DefaultListableBeanFactory - Autowiring by type from bean name 'ribbonLoadBalancer' via factory method to bean named 'ribbonClientConfig'
2020-03-09 20:45:39.589 [main] DEBUG o.s.b.f.s.DefaultListableBeanFactory - Autowiring by type from bean name 'ribbonLoadBalancer' via factory method to bean named 'ribbonServerList'
2020-03-09 20:45:39.589 [main] DEBUG o.s.b.f.s.DefaultListableBeanFactory - Autowiring by type from bean name 'ribbonLoadBalancer' via factory method to bean named 'ribbonServerListFilter'
2020-03-09 20:45:39.589 [main] DEBUG o.s.b.f.s.DefaultListableBeanFactory - Autowiring by type from bean name 'ribbonLoadBalancer' via factory method to bean named 'ribbonRule'
2020-03-09 20:45:39.589 [main] DEBUG o.s.b.f.s.DefaultListableBeanFactory - Autowiring by type from bean name 'ribbonLoadBalancer' via factory method to bean named 'ribbonPing'
2020-03-09 20:45:39.589 [main] DEBUG o.s.b.f.s.DefaultListableBeanFactory - Autowiring by type from bean name 'ribbonLoadBalancer' via factory method to bean named 'ribbonServerListUpdater'
2020-03-09 20:45:39.590 [main] DEBUG o.s.c.e.PropertySourcesPropertyResolver - Could not find key 'nm-service-manage-cms.ribbon.NFLoadBalancerClassName' in any property source
2020-03-09 20:45:39.603 [main] DEBUG c.n.loadbalancer.BaseLoadBalancer - LoadBalancer [nm-service-manage-cms]:  pingIntervalSeconds set to 30
2020-03-09 20:45:39.603 [main] DEBUG c.n.loadbalancer.BaseLoadBalancer - LoadBalancer [nm-service-manage-cms]: maxTotalPingTime set to 2
2020-03-09 20:45:39.606 [main] INFO  c.n.u.c.ShutdownEnabledTimer - Shutdown hook installed for: NFLoadBalancer-PingTimer-nm-service-manage-cms
2020-03-09 20:45:39.607 [NFLoadBalancer-PingTimer-nm-service-manage-cms] DEBUG c.n.loadbalancer.BaseLoadBalancer - LoadBalancer:  PingTask executing [0] servers configured
2020-03-09 20:45:39.621 [main] INFO  c.n.loadbalancer.BaseLoadBalancer - Client: nm-service-manage-cms instantiated a LoadBalancer: DynamicServerListLoadBalancer:{NFLoadBalancer:name=nm-service-manage-cms,current list of Servers=[],Load balancer stats=Zone stats: {},Server stats: []}ServerList:null
2020-03-09 20:45:39.637 [main] INFO  c.n.l.DynamicServerListLoadBalancer - Using serverListUpdater PollingServerListUpdater
2020-03-09 20:45:39.642 [main] DEBUG o.s.b.f.s.DefaultListableBeanFactory - Returning cached instance of singleton bean 'eurekaClient'
2020-03-09 20:45:39.642 [main] DEBUG o.s.b.f.s.DefaultListableBeanFactory - Returning cached instance of singleton bean 'eurekaClient'
2020-03-09 20:45:39.643 [main] DEBUG o.s.b.f.s.DefaultListableBeanFactory - Creating instance of bean 'scopedTarget.eurekaClient'
2020-03-09 20:45:39.643 [main] DEBUG o.s.b.f.s.DefaultListableBeanFactory - Returning cached instance of singleton bean 'org.springframework.transaction.config.internalTransactionAdvisor'
2020-03-09 20:45:39.643 [main] DEBUG o.s.b.f.s.DefaultListableBeanFactory - Returning cached instance of singleton bean 'org.springframework.cloud.netflix.eureka.EurekaClientAutoConfiguration$RefreshableEurekaClientConfiguration'
2020-03-09 20:45:39.643 [main] DEBUG o.s.b.f.s.DefaultListableBeanFactory - Returning cached instance of singleton bean 'eurekaApplicationInfoManager'
2020-03-09 20:45:39.643 [main] DEBUG o.s.b.f.s.DefaultListableBeanFactory - Returning cached instance of singleton bean 'eurekaClientConfigBean'
2020-03-09 20:45:39.643 [main] DEBUG o.s.b.f.s.DefaultListableBeanFactory - Returning cached instance of singleton bean 'eurekaInstanceConfigBean'
2020-03-09 20:45:39.643 [main] DEBUG o.s.b.f.s.DefaultListableBeanFactory - Autowiring by type from bean name 'scopedTarget.eurekaClient' via factory method to bean named 'eurekaApplicationInfoManager'
2020-03-09 20:45:39.643 [main] DEBUG o.s.b.f.s.DefaultListableBeanFactory - Autowiring by type from bean name 'scopedTarget.eurekaClient' via factory method to bean named 'eurekaClientConfigBean'
2020-03-09 20:45:39.643 [main] DEBUG o.s.b.f.s.DefaultListableBeanFactory - Autowiring by type from bean name 'scopedTarget.eurekaClient' via factory method to bean named 'eurekaInstanceConfigBean'
2020-03-09 20:45:39.644 [main] DEBUG o.s.b.f.s.DefaultListableBeanFactory - Creating instance of bean 'scopedTarget.eurekaApplicationInfoManager'
2020-03-09 20:45:39.645 [main] DEBUG o.s.b.f.s.DefaultListableBeanFactory - Returning cached instance of singleton bean 'org.springframework.transaction.config.internalTransactionAdvisor'
2020-03-09 20:45:39.645 [main] DEBUG o.s.b.f.s.DefaultListableBeanFactory - Returning cached instance of singleton bean 'org.springframework.cloud.netflix.eureka.EurekaClientAutoConfiguration$RefreshableEurekaClientConfiguration'
2020-03-09 20:45:39.645 [main] DEBUG o.s.b.f.s.DefaultListableBeanFactory - Returning cached instance of singleton bean 'eurekaInstanceConfigBean'
2020-03-09 20:45:39.645 [main] DEBUG o.s.b.f.s.DefaultListableBeanFactory - Autowiring by type from bean name 'scopedTarget.eurekaApplicationInfoManager' via factory method to bean named 'eurekaInstanceConfigBean'
2020-03-09 20:45:39.652 [main] INFO  o.s.c.n.eureka.InstanceInfoFactory - Setting initial instance status as: STARTING
2020-03-09 20:45:39.655 [main] DEBUG o.s.b.f.s.DefaultListableBeanFactory - Returning cached instance of singleton bean 'org.springframework.transaction.config.internalTransactionAdvisor'
2020-03-09 20:45:39.655 [main] DEBUG o.s.b.f.s.DefaultListableBeanFactory - Returning cached instance of singleton bean 'org.springframework.transaction.config.internalTransactionAdvisor'
2020-03-09 20:45:39.655 [main] DEBUG o.s.b.f.s.DefaultListableBeanFactory - Finished creating instance of bean 'scopedTarget.eurekaApplicationInfoManager'
2020-03-09 20:45:39.683 [main] INFO  c.netflix.discovery.DiscoveryClient - Initializing Eureka in region us-east-1
2020-03-09 20:45:39.688 [main] DEBUG o.s.c.e.PropertySourcesPropertyResolver - Could not find key 'eureka.client.experimental.JerseyEurekaHttpClientFactory.useNewBuilder' in any property source
2020-03-09 20:45:39.767 [main] INFO  c.n.d.p.DiscoveryJerseyProvider - Using JSON encoding codec LegacyJacksonJson
2020-03-09 20:45:39.767 [main] INFO  c.n.d.p.DiscoveryJerseyProvider - Using JSON decoding codec LegacyJacksonJson
2020-03-09 20:45:40.064 [main] INFO  c.n.d.p.DiscoveryJerseyProvider - Using XML encoding codec XStreamXml
2020-03-09 20:45:40.064 [main] INFO  c.n.d.p.DiscoveryJerseyProvider - Using XML decoding codec XStreamXml
2020-03-09 20:45:40.498 [main] INFO  c.n.d.s.r.aws.ConfigClusterResolver - Resolving eureka endpoints via configuration
2020-03-09 20:45:40.500 [main] DEBUG c.n.discovery.endpoint.EndpointUtils - The availability zone for the given region us-east-1 are [defaultZone]
2020-03-09 20:45:40.503 [main] WARN  c.n.d.s.r.aws.ConfigClusterResolver - Invalid eureka server URI: EUREKA_SERVER:http://localhost:50102/eureka/; removing from the server pool
2020-03-09 20:45:40.503 [main] DEBUG c.n.d.s.r.aws.ConfigClusterResolver - Config resolved to [AwsEndpoint{ serviceUrl='http://localhost:50101/eureka/', region='us-east-1', zone='defaultZone'}]
2020-03-09 20:45:40.644 [PollingServerListUpdater-0] DEBUG o.s.b.f.s.DefaultListableBeanFactory - Returning cached instance of singleton bean 'eurekaClient'
2020-03-09 20:45:40.644 [PollingServerListUpdater-0] DEBUG o.s.b.f.s.DefaultListableBeanFactory - Returning cached instance of singleton bean 'eurekaClient'
2020-03-09 20:45:41.228 [main] DEBUG c.n.d.s.r.a.ZoneAffinityClusterResolver - Local zone=defaultZone; resolved to: [AwsEndpoint{ serviceUrl='http://localhost:50101/eureka/', region='us-east-1', zone='defaultZone'}]
2020-03-09 20:45:41.249 [main] INFO  c.netflix.discovery.DiscoveryClient - Disable delta property : false
2020-03-09 20:45:41.249 [main] INFO  c.netflix.discovery.DiscoveryClient - Single vip registry refresh property : null
2020-03-09 20:45:41.249 [main] INFO  c.netflix.discovery.DiscoveryClient - Force full registry fetch : false
2020-03-09 20:45:41.249 [main] INFO  c.netflix.discovery.DiscoveryClient - Application is null : false
2020-03-09 20:45:41.249 [main] INFO  c.netflix.discovery.DiscoveryClient - Registered Applications size is zero : true
2020-03-09 20:45:41.249 [main] INFO  c.netflix.discovery.DiscoveryClient - Application version is -1: true
2020-03-09 20:45:41.249 [main] INFO  c.netflix.discovery.DiscoveryClient - Getting all instance registry info from the eureka server
2020-03-09 20:45:41.250 [main] DEBUG c.n.d.s.t.d.SessionedEurekaHttpClient - Ending a session and starting anew
2020-03-09 20:45:41.256 [main] DEBUG c.n.d.s.t.j.AbstractJerseyEurekaHttpClient - Created client for url: http://localhost:50101/eureka/
2020-03-09 20:45:41.322 [main] DEBUG c.n.d.s.MonitoredConnectionManager - Get connection: {}->http://localhost:50101, timeout = 5000
2020-03-09 20:45:41.324 [main] DEBUG c.n.d.shared.NamedConnectionPool - [{}->http://localhost:50101] total kept alive: 0, total issued: 0, total allocated: 0 out of 200
2020-03-09 20:45:41.324 [main] DEBUG c.n.d.shared.NamedConnectionPool - No free connections [{}->http://localhost:50101][null]
2020-03-09 20:45:41.324 [main] DEBUG c.n.d.shared.NamedConnectionPool - Available capacity: 50 out of 50 [{}->http://localhost:50101][null]
2020-03-09 20:45:41.324 [main] DEBUG c.n.d.shared.NamedConnectionPool - Creating new connection [{}->http://localhost:50101]
2020-03-09 20:45:41.367 [main] DEBUG o.a.h.i.c.DefaultClientConnectionOperator - Connecting to localhost:50101
2020-03-09 20:45:41.631 [cluster-ClusterId{value='5e663a6bb76de46a04e9dbe0', description='null'}-localhost:27017] DEBUG org.mongodb.driver.cluster - Checking status of localhost:27017
2020-03-09 20:45:41.633 [cluster-ClusterId{value='5e663a6bb76de46a04e9dbe0', description='null'}-localhost:27017] DEBUG org.mongodb.driver.cluster - Updating cluster description to  {type=STANDALONE, servers=[{address=localhost:27017, type=STANDALONE, roundTripTime=1.8 ms, state=CONNECTED}]
2020-03-09 20:45:42.383 [main] DEBUG o.a.h.i.c.DefaultClientConnectionOperator - Connect to localhost:50101 timed out. Connection will be retried using another IP address
2020-03-09 20:45:42.383 [main] DEBUG o.a.h.i.c.DefaultClientConnectionOperator - Connecting to localhost:50101
2020-03-09 20:45:43.398 [main] DEBUG o.a.h.i.conn.DefaultClientConnection - Connection org.apache.http.impl.conn.DefaultClientConnection@73543048 closed
2020-03-09 20:45:43.398 [main] DEBUG o.a.h.i.conn.DefaultClientConnection - Connection org.apache.http.impl.conn.DefaultClientConnection@73543048 shut down
2020-03-09 20:45:43.398 [main] DEBUG c.n.d.s.MonitoredConnectionManager - Released connection is not reusable.
2020-03-09 20:45:43.398 [main] DEBUG c.n.d.shared.NamedConnectionPool - Releasing connection [{}->http://localhost:50101][null]
2020-03-09 20:45:43.398 [main] DEBUG o.a.h.i.conn.DefaultClientConnection - Connection org.apache.http.impl.conn.DefaultClientConnection@73543048 closed
2020-03-09 20:45:43.398 [main] DEBUG c.n.d.shared.NamedConnectionPool - Notifying no-one, there are no waiting threads
2020-03-09 20:45:43.398 [main] DEBUG c.n.d.s.t.j.AbstractJerseyEurekaHttpClient - Jersey HTTP GET http://localhost:50101/eureka//apps/?; statusCode=N/A
2020-03-09 20:45:43.401 [main] ERROR c.n.d.s.t.d.RedirectingEurekaHttpClient - Request execution error
com.sun.jersey.api.client.ClientHandlerException: java.net.ConnectException: Connection refused: connect
	at com.sun.jersey.client.apache4.ApacheHttpClient4Handler.handle(ApacheHttpClient4Handler.java:187)
	at com.sun.jersey.api.client.filter.GZIPContentEncodingFilter.handle(GZIPContentEncodingFilter.java:123)
	at com.netflix.discovery.EurekaIdentityHeaderFilter.handle(EurekaIdentityHeaderFilter.java:27)
	at com.sun.jersey.api.client.Client.handle(Client.java:652)
	at com.sun.jersey.api.client.WebResource.handle(WebResource.java:682)
	at com.sun.jersey.api.client.WebResource.access$200(WebResource.java:74)
	at com.sun.jersey.api.client.WebResource$Builder.get(WebResource.java:509)
	at com.netflix.discovery.shared.transport.jersey.AbstractJerseyEurekaHttpClient.getApplicationsInternal(AbstractJerseyEurekaHttpClient.java:194)
	at com.netflix.discovery.shared.transport.jersey.AbstractJerseyEurekaHttpClient.getApplications(AbstractJerseyEurekaHttpClient.java:165)
	at com.netflix.discovery.shared.transport.decorator.EurekaHttpClientDecorator$6.execute(EurekaHttpClientDecorator.java:137)
	at com.netflix.discovery.shared.transport.decorator.MetricsCollectingEurekaHttpClient.execute(MetricsCollectingEurekaHttpClient.java:73)
	at com.netflix.discovery.shared.transport.decorator.EurekaHttpClientDecorator.getApplications(EurekaHttpClientDecorator.java:134)
	at com.netflix.discovery.shared.transport.decorator.EurekaHttpClientDecorator$6.execute(EurekaHttpClientDecorator.java:137)
	at com.netflix.discovery.shared.transport.decorator.RedirectingEurekaHttpClient.executeOnNewServer(RedirectingEurekaHttpClient.java:118)
	at com.netflix.discovery.shared.transport.decorator.RedirectingEurekaHttpClient.execute(RedirectingEurekaHttpClient.java:79)
	at com.netflix.discovery.shared.transport.decorator.EurekaHttpClientDecorator.getApplications(EurekaHttpClientDecorator.java:134)
	at com.netflix.discovery.shared.transport.decorator.EurekaHttpClientDecorator$6.execute(EurekaHttpClientDecorator.java:137)
	at com.netflix.discovery.shared.transport.decorator.RetryableEurekaHttpClient.execute(RetryableEurekaHttpClient.java:120)
	at com.netflix.discovery.shared.transport.decorator.EurekaHttpClientDecorator.getApplications(EurekaHttpClientDecorator.java:134)
	at com.netflix.discovery.shared.transport.decorator.EurekaHttpClientDecorator$6.execute(EurekaHttpClientDecorator.java:137)
	at com.netflix.discovery.shared.transport.decorator.SessionedEurekaHttpClient.execute(SessionedEurekaHttpClient.java:77)
	at com.netflix.discovery.shared.transport.decorator.EurekaHttpClientDecorator.getApplications(EurekaHttpClientDecorator.java:134)
	at com.netflix.discovery.DiscoveryClient.getAndStoreFullRegistry(DiscoveryClient.java:1051)
	at com.netflix.discovery.DiscoveryClient.fetchRegistry(DiscoveryClient.java:965)
	at com.netflix.discovery.DiscoveryClient.<init>(DiscoveryClient.java:414)
	at com.netflix.discovery.DiscoveryClient.<init>(DiscoveryClient.java:269)
	at org.springframework.cloud.netflix.eureka.CloudEurekaClient.<init>(CloudEurekaClient.java:63)
	at org.springframework.cloud.netflix.eureka.EurekaClientAutoConfiguration$RefreshableEurekaClientConfiguration.eurekaClient(EurekaClientAutoConfiguration.java:290)
	at org.springframework.cloud.netflix.eureka.EurekaClientAutoConfiguration$RefreshableEurekaClientConfiguration$$EnhancerBySpringCGLIB$$ced76db7.CGLIB$eurekaClient$0(<generated>)
	at org.springframework.cloud.netflix.eureka.EurekaClientAutoConfiguration$RefreshableEurekaClientConfiguration$$EnhancerBySpringCGLIB$$ced76db7$$FastClassBySpringCGLIB$$434ccf7a.invoke(<generated>)
	at org.springframework.cglib.proxy.MethodProxy.invokeSuper(MethodProxy.java:228)
	at org.springframework.context.annotation.ConfigurationClassEnhancer$BeanMethodInterceptor.intercept(ConfigurationClassEnhancer.java:361)
	at org.springframework.cloud.netflix.eureka.EurekaClientAutoConfiguration$RefreshableEurekaClientConfiguration$$EnhancerBySpringCGLIB$$ced76db7.eurekaClient(<generated>)
	at sun.reflect.NativeMethodAccessorImpl.invoke0(Native Method)
	at sun.reflect.NativeMethodAccessorImpl.invoke(NativeMethodAccessorImpl.java:62)
	at sun.reflect.DelegatingMethodAccessorImpl.invoke(DelegatingMethodAccessorImpl.java:43)
	at java.lang.reflect.Method.invoke(Method.java:498)
	at org.springframework.beans.factory.support.SimpleInstantiationStrategy.instantiate(SimpleInstantiationStrategy.java:154)
	at org.springframework.beans.factory.support.ConstructorResolver.instantiateUsingFactoryMethod(ConstructorResolver.java:579)
	at org.springframework.beans.factory.support.AbstractAutowireCapableBeanFactory.instantiateUsingFactoryMethod(AbstractAutowireCapableBeanFactory.java:1250)
	at org.springframework.beans.factory.support.AbstractAutowireCapableBeanFactory.createBeanInstance(AbstractAutowireCapableBeanFactory.java:1099)
	at org.springframework.beans.factory.support.AbstractAutowireCapableBeanFactory.doCreateBean(AbstractAutowireCapableBeanFactory.java:541)
	at org.springframework.beans.factory.support.AbstractAutowireCapableBeanFactory.createBean(AbstractAutowireCapableBeanFactory.java:501)
	at org.springframework.beans.factory.support.AbstractBeanFactory.lambda$doGetBean$1(AbstractBeanFactory.java:353)
	at org.springframework.cloud.context.scope.GenericScope$BeanLifecycleWrapper.getBean(GenericScope.java:390)
	at org.springframework.cloud.context.scope.GenericScope.get(GenericScope.java:184)
	at org.springframework.beans.factory.support.AbstractBeanFactory.doGetBean(AbstractBeanFactory.java:350)
	at org.springframework.beans.factory.support.AbstractBeanFactory.getBean(AbstractBeanFactory.java:199)
	at org.springframework.aop.target.SimpleBeanTargetSource.getTarget(SimpleBeanTargetSource.java:35)
	at org.springframework.aop.framework.JdkDynamicAopProxy.invoke(JdkDynamicAopProxy.java:193)
	at com.sun.proxy.$Proxy178.getInstancesByVipAddress(Unknown Source)
	at com.netflix.niws.loadbalancer.DiscoveryEnabledNIWSServerList.obtainServersViaDiscovery(DiscoveryEnabledNIWSServerList.java:167)
	at com.netflix.niws.loadbalancer.DiscoveryEnabledNIWSServerList.getUpdatedListOfServers(DiscoveryEnabledNIWSServerList.java:152)
	at org.springframework.cloud.netflix.ribbon.eureka.DomainExtractingServerList.getUpdatedListOfServers(DomainExtractingServerList.java:57)
	at com.netflix.loadbalancer.DynamicServerListLoadBalancer.updateListOfServers(DynamicServerListLoadBalancer.java:240)
	at com.netflix.loadbalancer.DynamicServerListLoadBalancer.restOfInit(DynamicServerListLoadBalancer.java:144)
	at com.netflix.loadbalancer.DynamicServerListLoadBalancer.<init>(DynamicServerListLoadBalancer.java:95)
	at com.netflix.loadbalancer.ZoneAwareLoadBalancer.<init>(ZoneAwareLoadBalancer.java:82)
	at org.springframework.cloud.netflix.ribbon.RibbonClientConfiguration.ribbonLoadBalancer(RibbonClientConfiguration.java:137)
	at org.springframework.cloud.netflix.ribbon.RibbonClientConfiguration$$EnhancerBySpringCGLIB$$870595d9.CGLIB$ribbonLoadBalancer$7(<generated>)
	at org.springframework.cloud.netflix.ribbon.RibbonClientConfiguration$$EnhancerBySpringCGLIB$$870595d9$$FastClassBySpringCGLIB$$77595c55.invoke(<generated>)
	at org.springframework.cglib.proxy.MethodProxy.invokeSuper(MethodProxy.java:228)
	at org.springframework.context.annotation.ConfigurationClassEnhancer$BeanMethodInterceptor.intercept(ConfigurationClassEnhancer.java:361)
	at org.springframework.cloud.netflix.ribbon.RibbonClientConfiguration$$EnhancerBySpringCGLIB$$870595d9.ribbonLoadBalancer(<generated>)
	at sun.reflect.NativeMethodAccessorImpl.invoke0(Native Method)
	at sun.reflect.NativeMethodAccessorImpl.invoke(NativeMethodAccessorImpl.java:62)
	at sun.reflect.DelegatingMethodAccessorImpl.invoke(DelegatingMethodAccessorImpl.java:43)
	at java.lang.reflect.Method.invoke(Method.java:498)
	at org.springframework.beans.factory.support.SimpleInstantiationStrategy.instantiate(SimpleInstantiationStrategy.java:154)
	at org.springframework.beans.factory.support.ConstructorResolver.instantiateUsingFactoryMethod(ConstructorResolver.java:579)
	at org.springframework.beans.factory.support.AbstractAutowireCapableBeanFactory.instantiateUsingFactoryMethod(AbstractAutowireCapableBeanFactory.java:1250)
	at org.springframework.beans.factory.support.AbstractAutowireCapableBeanFactory.createBeanInstance(AbstractAutowireCapableBeanFactory.java:1099)
	at org.springframework.beans.factory.support.AbstractAutowireCapableBeanFactory.doCreateBean(AbstractAutowireCapableBeanFactory.java:541)
	at org.springframework.beans.factory.support.AbstractAutowireCapableBeanFactory.createBean(AbstractAutowireCapableBeanFactory.java:501)
	at org.springframework.beans.factory.support.AbstractBeanFactory.lambda$doGetBean$0(AbstractBeanFactory.java:317)
	at org.springframework.beans.factory.support.DefaultSingletonBeanRegistry.getSingleton(DefaultSingletonBeanRegistry.java:228)
	at org.springframework.beans.factory.support.AbstractBeanFactory.doGetBean(AbstractBeanFactory.java:315)
	at org.springframework.beans.factory.support.AbstractBeanFactory.getBean(AbstractBeanFactory.java:199)
	at org.springframework.beans.factory.config.DependencyDescriptor.resolveCandidate(DependencyDescriptor.java:251)
	at org.springframework.beans.factory.support.DefaultListableBeanFactory.doResolveDependency(DefaultListableBeanFactory.java:1138)
	at org.springframework.beans.factory.support.DefaultListableBeanFactory.resolveDependency(DefaultListableBeanFactory.java:1065)
	at org.springframework.beans.factory.support.ConstructorResolver.resolveAutowiredArgument(ConstructorResolver.java:815)
	at org.springframework.beans.factory.support.ConstructorResolver.createArgumentArray(ConstructorResolver.java:721)
	at org.springframework.beans.factory.support.ConstructorResolver.instantiateUsingFactoryMethod(ConstructorResolver.java:470)
	at org.springframework.beans.factory.support.AbstractAutowireCapableBeanFactory.instantiateUsingFactoryMethod(AbstractAutowireCapableBeanFactory.java:1250)
	at org.springframework.beans.factory.support.AbstractAutowireCapableBeanFactory.createBeanInstance(AbstractAutowireCapableBeanFactory.java:1099)
	at org.springframework.beans.factory.support.AbstractAutowireCapableBeanFactory.doCreateBean(AbstractAutowireCapableBeanFactory.java:541)
	at org.springframework.beans.factory.support.AbstractAutowireCapableBeanFactory.createBean(AbstractAutowireCapableBeanFactory.java:501)
	at org.springframework.beans.factory.support.AbstractBeanFactory.lambda$doGetBean$0(AbstractBeanFactory.java:317)
	at org.springframework.beans.factory.support.DefaultSingletonBeanRegistry.getSingleton(DefaultSingletonBeanRegistry.java:228)
	at org.springframework.beans.factory.support.AbstractBeanFactory.doGetBean(AbstractBeanFactory.java:315)
	at org.springframework.beans.factory.support.AbstractBeanFactory.getBean(AbstractBeanFactory.java:199)
	at org.springframework.beans.factory.support.DefaultListableBeanFactory.preInstantiateSingletons(DefaultListableBeanFactory.java:760)
	at org.springframework.context.support.AbstractApplicationContext.finishBeanFactoryInitialization(AbstractApplicationContext.java:869)
	at org.springframework.context.support.AbstractApplicationContext.refresh(AbstractApplicationContext.java:550)
	at org.springframework.cloud.context.named.NamedContextFactory.createContext(NamedContextFactory.java:117)
	at org.springframework.cloud.context.named.NamedContextFactory.getContext(NamedContextFactory.java:85)
	at org.springframework.cloud.netflix.ribbon.SpringClientFactory.getContext(SpringClientFactory.java:118)
	at org.springframework.cloud.context.named.NamedContextFactory.getInstance(NamedContextFactory.java:126)
	at org.springframework.cloud.netflix.ribbon.SpringClientFactory.getInstance(SpringClientFactory.java:108)
	at org.springframework.cloud.netflix.ribbon.SpringClientFactory.getClientConfig(SpringClientFactory.java:65)
	at org.springframework.cloud.openfeign.ribbon.LoadBalancerFeignClient.getClientConfig(LoadBalancerFeignClient.java:78)
	at org.springframework.cloud.openfeign.ribbon.LoadBalancerFeignClient.execute(LoadBalancerFeignClient.java:62)
	at feign.SynchronousMethodHandler.executeAndDecode(SynchronousMethodHandler.java:97)
	at feign.SynchronousMethodHandler.invoke(SynchronousMethodHandler.java:76)
	at feign.ReflectiveFeign$FeignInvocationHandler.invoke(ReflectiveFeign.java:103)
	at com.sun.proxy.$Proxy162.findById(Unknown Source)
	at com.ningmeng.manage_course.dao.FeignTest.testFeign(FeignTest.java:22)
	at sun.reflect.NativeMethodAccessorImpl.invoke0(Native Method)
	at sun.reflect.NativeMethodAccessorImpl.invoke(NativeMethodAccessorImpl.java:62)
	at sun.reflect.DelegatingMethodAccessorImpl.invoke(DelegatingMethodAccessorImpl.java:43)
	at java.lang.reflect.Method.invoke(Method.java:498)
	at org.junit.runners.model.FrameworkMethod$1.runReflectiveCall(FrameworkMethod.java:50)
	at org.junit.internal.runners.model.ReflectiveCallable.run(ReflectiveCallable.java:12)
	at org.junit.runners.model.FrameworkMethod.invokeExplosively(FrameworkMethod.java:47)
	at org.junit.internal.runners.statements.InvokeMethod.evaluate(InvokeMethod.java:17)
	at org.springframework.test.context.junit4.statements.RunBeforeTestExecutionCallbacks.evaluate(RunBeforeTestExecutionCallbacks.java:73)
	at org.springframework.test.context.junit4.statements.RunAfterTestExecutionCallbacks.evaluate(RunAfterTestExecutionCallbacks.java:83)
	at org.springframework.test.context.junit4.statements.RunBeforeTestMethodCallbacks.evaluate(RunBeforeTestMethodCallbacks.java:75)
	at org.springframework.test.context.junit4.statements.RunAfterTestMethodCallbacks.evaluate(RunAfterTestMethodCallbacks.java:86)
	at org.springframework.test.context.junit4.statements.SpringRepeat.evaluate(SpringRepeat.java:84)
	at org.junit.runners.ParentRunner.runLeaf(ParentRunner.java:325)
	at org.springframework.test.context.junit4.SpringJUnit4ClassRunner.runChild(SpringJUnit4ClassRunner.java:251)
	at org.springframework.test.context.junit4.SpringJUnit4ClassRunner.runChild(SpringJUnit4ClassRunner.java:97)
	at org.junit.runners.ParentRunner$3.run(ParentRunner.java:290)
	at org.junit.runners.ParentRunner$1.schedule(ParentRunner.java:71)
	at org.junit.runners.ParentRunner.runChildren(ParentRunner.java:288)
	at org.junit.runners.ParentRunner.access$000(ParentRunner.java:58)
	at org.junit.runners.ParentRunner$2.evaluate(ParentRunner.java:268)
	at org.springframework.test.context.junit4.statements.RunBeforeTestClassCallbacks.evaluate(RunBeforeTestClassCallbacks.java:61)
	at org.springframework.test.context.junit4.statements.RunAfterTestClassCallbacks.evaluate(RunAfterTestClassCallbacks.java:70)
	at org.junit.runners.ParentRunner.run(ParentRunner.java:363)
	at org.springframework.test.context.junit4.SpringJUnit4ClassRunner.run(SpringJUnit4ClassRunner.java:190)
	at org.apache.maven.surefire.junit4.JUnit4Provider.execute(JUnit4Provider.java:365)
	at org.apache.maven.surefire.junit4.JUnit4Provider.executeWithRerun(JUnit4Provider.java:273)
	at org.apache.maven.surefire.junit4.JUnit4Provider.executeTestSet(JUnit4Provider.java:238)
	at org.apache.maven.surefire.junit4.JUnit4Provider.invoke(JUnit4Provider.java:159)
	at org.apache.maven.surefire.booter.ForkedBooter.invokeProviderInSameClassLoader(ForkedBooter.java:379)
	at org.apache.maven.surefire.booter.ForkedBooter.runSuitesInProcess(ForkedBooter.java:340)
	at org.apache.maven.surefire.booter.ForkedBooter.execute(ForkedBooter.java:125)
	at org.apache.maven.surefire.booter.ForkedBooter.main(ForkedBooter.java:413)
Caused by: java.net.ConnectException: Connection refused: connect
	at java.net.DualStackPlainSocketImpl.waitForConnect(Native Method)
	at java.net.DualStackPlainSocketImpl.socketConnect(DualStackPlainSocketImpl.java:85)
	at java.net.AbstractPlainSocketImpl.doConnect(AbstractPlainSocketImpl.java:350)
	at java.net.AbstractPlainSocketImpl.connectToAddress(AbstractPlainSocketImpl.java:206)
	at java.net.AbstractPlainSocketImpl.connect(AbstractPlainSocketImpl.java:188)
	at java.net.PlainSocketImpl.connect(PlainSocketImpl.java:172)
	at java.net.SocksSocketImpl.connect(SocksSocketImpl.java:392)
	at java.net.Socket.connect(Socket.java:589)
	at org.apache.http.conn.scheme.PlainSocketFactory.connectSocket(PlainSocketFactory.java:121)
	at org.apache.http.impl.conn.DefaultClientConnectionOperator.openConnection(DefaultClientConnectionOperator.java:180)
	at org.apache.http.impl.conn.AbstractPoolEntry.open(AbstractPoolEntry.java:144)
	at org.apache.http.impl.conn.AbstractPooledConnAdapter.open(AbstractPooledConnAdapter.java:134)
	at org.apache.http.impl.client.DefaultRequestDirector.tryConnect(DefaultRequestDirector.java:610)
	at org.apache.http.impl.client.DefaultRequestDirector.execute(DefaultRequestDirector.java:445)
	at org.apache.http.impl.client.AbstractHttpClient.doExecute(AbstractHttpClient.java:835)
	at org.apache.http.impl.client.CloseableHttpClient.execute(CloseableHttpClient.java:118)
	at org.apache.http.impl.client.CloseableHttpClient.execute(CloseableHttpClient.java:56)
	at com.sun.jersey.client.apache4.ApacheHttpClient4Handler.handle(ApacheHttpClient4Handler.java:173)
	... 140 common frames omitted
2020-03-09 20:45:43.403 [main] WARN  c.n.d.s.t.d.RetryableEurekaHttpClient - Request execution failed with message: java.net.ConnectException: Connection refused: connect
2020-03-09 20:45:43.404 [main] ERROR c.netflix.discovery.DiscoveryClient - DiscoveryClient_NM-SERVICE-MANAGE-COURSE/nm-service-manage-course:-1 - was unable to refresh its cache! status = Cannot execute request on any known server
com.netflix.discovery.shared.transport.TransportException: Cannot execute request on any known server
	at com.netflix.discovery.shared.transport.decorator.RetryableEurekaHttpClient.execute(RetryableEurekaHttpClient.java:112)
	at com.netflix.discovery.shared.transport.decorator.EurekaHttpClientDecorator.getApplications(EurekaHttpClientDecorator.java:134)
	at com.netflix.discovery.shared.transport.decorator.EurekaHttpClientDecorator$6.execute(EurekaHttpClientDecorator.java:137)
	at com.netflix.discovery.shared.transport.decorator.SessionedEurekaHttpClient.execute(SessionedEurekaHttpClient.java:77)
	at com.netflix.discovery.shared.transport.decorator.EurekaHttpClientDecorator.getApplications(EurekaHttpClientDecorator.java:134)
	at com.netflix.discovery.DiscoveryClient.getAndStoreFullRegistry(DiscoveryClient.java:1051)
	at com.netflix.discovery.DiscoveryClient.fetchRegistry(DiscoveryClient.java:965)
	at com.netflix.discovery.DiscoveryClient.<init>(DiscoveryClient.java:414)
	at com.netflix.discovery.DiscoveryClient.<init>(DiscoveryClient.java:269)
	at org.springframework.cloud.netflix.eureka.CloudEurekaClient.<init>(CloudEurekaClient.java:63)
	at org.springframework.cloud.netflix.eureka.EurekaClientAutoConfiguration$RefreshableEurekaClientConfiguration.eurekaClient(EurekaClientAutoConfiguration.java:290)
	at org.springframework.cloud.netflix.eureka.EurekaClientAutoConfiguration$RefreshableEurekaClientConfiguration$$EnhancerBySpringCGLIB$$ced76db7.CGLIB$eurekaClient$0(<generated>)
	at org.springframework.cloud.netflix.eureka.EurekaClientAutoConfiguration$RefreshableEurekaClientConfiguration$$EnhancerBySpringCGLIB$$ced76db7$$FastClassBySpringCGLIB$$434ccf7a.invoke(<generated>)
	at org.springframework.cglib.proxy.MethodProxy.invokeSuper(MethodProxy.java:228)
	at org.springframework.context.annotation.ConfigurationClassEnhancer$BeanMethodInterceptor.intercept(ConfigurationClassEnhancer.java:361)
	at org.springframework.cloud.netflix.eureka.EurekaClientAutoConfiguration$RefreshableEurekaClientConfiguration$$EnhancerBySpringCGLIB$$ced76db7.eurekaClient(<generated>)
	at sun.reflect.NativeMethodAccessorImpl.invoke0(Native Method)
	at sun.reflect.NativeMethodAccessorImpl.invoke(NativeMethodAccessorImpl.java:62)
	at sun.reflect.DelegatingMethodAccessorImpl.invoke(DelegatingMethodAccessorImpl.java:43)
	at java.lang.reflect.Method.invoke(Method.java:498)
	at org.springframework.beans.factory.support.SimpleInstantiationStrategy.instantiate(SimpleInstantiationStrategy.java:154)
	at org.springframework.beans.factory.support.ConstructorResolver.instantiateUsingFactoryMethod(ConstructorResolver.java:579)
	at org.springframework.beans.factory.support.AbstractAutowireCapableBeanFactory.instantiateUsingFactoryMethod(AbstractAutowireCapableBeanFactory.java:1250)
	at org.springframework.beans.factory.support.AbstractAutowireCapableBeanFactory.createBeanInstance(AbstractAutowireCapableBeanFactory.java:1099)
	at org.springframework.beans.factory.support.AbstractAutowireCapableBeanFactory.doCreateBean(AbstractAutowireCapableBeanFactory.java:541)
	at org.springframework.beans.factory.support.AbstractAutowireCapableBeanFactory.createBean(AbstractAutowireCapableBeanFactory.java:501)
	at org.springframework.beans.factory.support.AbstractBeanFactory.lambda$doGetBean$1(AbstractBeanFactory.java:353)
	at org.springframework.cloud.context.scope.GenericScope$BeanLifecycleWrapper.getBean(GenericScope.java:390)
	at org.springframework.cloud.context.scope.GenericScope.get(GenericScope.java:184)
	at org.springframework.beans.factory.support.AbstractBeanFactory.doGetBean(AbstractBeanFactory.java:350)
	at org.springframework.beans.factory.support.AbstractBeanFactory.getBean(AbstractBeanFactory.java:199)
	at org.springframework.aop.target.SimpleBeanTargetSource.getTarget(SimpleBeanTargetSource.java:35)
	at org.springframework.aop.framework.JdkDynamicAopProxy.invoke(JdkDynamicAopProxy.java:193)
	at com.sun.proxy.$Proxy178.getInstancesByVipAddress(Unknown Source)
	at com.netflix.niws.loadbalancer.DiscoveryEnabledNIWSServerList.obtainServersViaDiscovery(DiscoveryEnabledNIWSServerList.java:167)
	at com.netflix.niws.loadbalancer.DiscoveryEnabledNIWSServerList.getUpdatedListOfServers(DiscoveryEnabledNIWSServerList.java:152)
	at org.springframework.cloud.netflix.ribbon.eureka.DomainExtractingServerList.getUpdatedListOfServers(DomainExtractingServerList.java:57)
	at com.netflix.loadbalancer.DynamicServerListLoadBalancer.updateListOfServers(DynamicServerListLoadBalancer.java:240)
	at com.netflix.loadbalancer.DynamicServerListLoadBalancer.restOfInit(DynamicServerListLoadBalancer.java:144)
	at com.netflix.loadbalancer.DynamicServerListLoadBalancer.<init>(DynamicServerListLoadBalancer.java:95)
	at com.netflix.loadbalancer.ZoneAwareLoadBalancer.<init>(ZoneAwareLoadBalancer.java:82)
	at org.springframework.cloud.netflix.ribbon.RibbonClientConfiguration.ribbonLoadBalancer(RibbonClientConfiguration.java:137)
	at org.springframework.cloud.netflix.ribbon.RibbonClientConfiguration$$EnhancerBySpringCGLIB$$870595d9.CGLIB$ribbonLoadBalancer$7(<generated>)
	at org.springframework.cloud.netflix.ribbon.RibbonClientConfiguration$$EnhancerBySpringCGLIB$$870595d9$$FastClassBySpringCGLIB$$77595c55.invoke(<generated>)
	at org.springframework.cglib.proxy.MethodProxy.invokeSuper(MethodProxy.java:228)
	at org.springframework.context.annotation.ConfigurationClassEnhancer$BeanMethodInterceptor.intercept(ConfigurationClassEnhancer.java:361)
	at org.springframework.cloud.netflix.ribbon.RibbonClientConfiguration$$EnhancerBySpringCGLIB$$870595d9.ribbonLoadBalancer(<generated>)
	at sun.reflect.NativeMethodAccessorImpl.invoke0(Native Method)
	at sun.reflect.NativeMethodAccessorImpl.invoke(NativeMethodAccessorImpl.java:62)
	at sun.reflect.DelegatingMethodAccessorImpl.invoke(DelegatingMethodAccessorImpl.java:43)
	at java.lang.reflect.Method.invoke(Method.java:498)
	at org.springframework.beans.factory.support.SimpleInstantiationStrategy.instantiate(SimpleInstantiationStrategy.java:154)
	at org.springframework.beans.factory.support.ConstructorResolver.instantiateUsingFactoryMethod(ConstructorResolver.java:579)
	at org.springframework.beans.factory.support.AbstractAutowireCapableBeanFactory.instantiateUsingFactoryMethod(AbstractAutowireCapableBeanFactory.java:1250)
	at org.springframework.beans.factory.support.AbstractAutowireCapableBeanFactory.createBeanInstance(AbstractAutowireCapableBeanFactory.java:1099)
	at org.springframework.beans.factory.support.AbstractAutowireCapableBeanFactory.doCreateBean(AbstractAutowireCapableBeanFactory.java:541)
	at org.springframework.beans.factory.support.AbstractAutowireCapableBeanFactory.createBean(AbstractAutowireCapableBeanFactory.java:501)
	at org.springframework.beans.factory.support.AbstractBeanFactory.lambda$doGetBean$0(AbstractBeanFactory.java:317)
	at org.springframework.beans.factory.support.DefaultSingletonBeanRegistry.getSingleton(DefaultSingletonBeanRegistry.java:228)
	at org.springframework.beans.factory.support.AbstractBeanFactory.doGetBean(AbstractBeanFactory.java:315)
	at org.springframework.beans.factory.support.AbstractBeanFactory.getBean(AbstractBeanFactory.java:199)
	at org.springframework.beans.factory.config.DependencyDescriptor.resolveCandidate(DependencyDescriptor.java:251)
	at org.springframework.beans.factory.support.DefaultListableBeanFactory.doResolveDependency(DefaultListableBeanFactory.java:1138)
	at org.springframework.beans.factory.support.DefaultListableBeanFactory.resolveDependency(DefaultListableBeanFactory.java:1065)
	at org.springframework.beans.factory.support.ConstructorResolver.resolveAutowiredArgument(ConstructorResolver.java:815)
	at org.springframework.beans.factory.support.ConstructorResolver.createArgumentArray(ConstructorResolver.java:721)
	at org.springframework.beans.factory.support.ConstructorResolver.instantiateUsingFactoryMethod(ConstructorResolver.java:470)
	at org.springframework.beans.factory.support.AbstractAutowireCapableBeanFactory.instantiateUsingFactoryMethod(AbstractAutowireCapableBeanFactory.java:1250)
	at org.springframework.beans.factory.support.AbstractAutowireCapableBeanFactory.createBeanInstance(AbstractAutowireCapableBeanFactory.java:1099)
	at org.springframework.beans.factory.support.AbstractAutowireCapableBeanFactory.doCreateBean(AbstractAutowireCapableBeanFactory.java:541)
	at org.springframework.beans.factory.support.AbstractAutowireCapableBeanFactory.createBean(AbstractAutowireCapableBeanFactory.java:501)
	at org.springframework.beans.factory.support.AbstractBeanFactory.lambda$doGetBean$0(AbstractBeanFactory.java:317)
	at org.springframework.beans.factory.support.DefaultSingletonBeanRegistry.getSingleton(DefaultSingletonBeanRegistry.java:228)
	at org.springframework.beans.factory.support.AbstractBeanFactory.doGetBean(AbstractBeanFactory.java:315)
	at org.springframework.beans.factory.support.AbstractBeanFactory.getBean(AbstractBeanFactory.java:199)
	at org.springframework.beans.factory.support.DefaultListableBeanFactory.preInstantiateSingletons(DefaultListableBeanFactory.java:760)
	at org.springframework.context.support.AbstractApplicationContext.finishBeanFactoryInitialization(AbstractApplicationContext.java:869)
	at org.springframework.context.support.AbstractApplicationContext.refresh(AbstractApplicationContext.java:550)
	at org.springframework.cloud.context.named.NamedContextFactory.createContext(NamedContextFactory.java:117)
	at org.springframework.cloud.context.named.NamedContextFactory.getContext(NamedContextFactory.java:85)
	at org.springframework.cloud.netflix.ribbon.SpringClientFactory.getContext(SpringClientFactory.java:118)
	at org.springframework.cloud.context.named.NamedContextFactory.getInstance(NamedContextFactory.java:126)
	at org.springframework.cloud.netflix.ribbon.SpringClientFactory.getInstance(SpringClientFactory.java:108)
	at org.springframework.cloud.netflix.ribbon.SpringClientFactory.getClientConfig(SpringClientFactory.java:65)
	at org.springframework.cloud.openfeign.ribbon.LoadBalancerFeignClient.getClientConfig(LoadBalancerFeignClient.java:78)
	at org.springframework.cloud.openfeign.ribbon.LoadBalancerFeignClient.execute(LoadBalancerFeignClient.java:62)
	at feign.SynchronousMethodHandler.executeAndDecode(SynchronousMethodHandler.java:97)
	at feign.SynchronousMethodHandler.invoke(SynchronousMethodHandler.java:76)
	at feign.ReflectiveFeign$FeignInvocationHandler.invoke(ReflectiveFeign.java:103)
	at com.sun.proxy.$Proxy162.findById(Unknown Source)
	at com.ningmeng.manage_course.dao.FeignTest.testFeign(FeignTest.java:22)
	at sun.reflect.NativeMethodAccessorImpl.invoke0(Native Method)
	at sun.reflect.NativeMethodAccessorImpl.invoke(NativeMethodAccessorImpl.java:62)
	at sun.reflect.DelegatingMethodAccessorImpl.invoke(DelegatingMethodAccessorImpl.java:43)
	at java.lang.reflect.Method.invoke(Method.java:498)
	at org.junit.runners.model.FrameworkMethod$1.runReflectiveCall(FrameworkMethod.java:50)
	at org.junit.internal.runners.model.ReflectiveCallable.run(ReflectiveCallable.java:12)
	at org.junit.runners.model.FrameworkMethod.invokeExplosively(FrameworkMethod.java:47)
	at org.junit.internal.runners.statements.InvokeMethod.evaluate(InvokeMethod.java:17)
	at org.springframework.test.context.junit4.statements.RunBeforeTestExecutionCallbacks.evaluate(RunBeforeTestExecutionCallbacks.java:73)
	at org.springframework.test.context.junit4.statements.RunAfterTestExecutionCallbacks.evaluate(RunAfterTestExecutionCallbacks.java:83)
	at org.springframework.test.context.junit4.statements.RunBeforeTestMethodCallbacks.evaluate(RunBeforeTestMethodCallbacks.java:75)
	at org.springframework.test.context.junit4.statements.RunAfterTestMethodCallbacks.evaluate(RunAfterTestMethodCallbacks.java:86)
	at org.springframework.test.context.junit4.statements.SpringRepeat.evaluate(SpringRepeat.java:84)
	at org.junit.runners.ParentRunner.runLeaf(ParentRunner.java:325)
	at org.springframework.test.context.junit4.SpringJUnit4ClassRunner.runChild(SpringJUnit4ClassRunner.java:251)
	at org.springframework.test.context.junit4.SpringJUnit4ClassRunner.runChild(SpringJUnit4ClassRunner.java:97)
	at org.junit.runners.ParentRunner$3.run(ParentRunner.java:290)
	at org.junit.runners.ParentRunner$1.schedule(ParentRunner.java:71)
	at org.junit.runners.ParentRunner.runChildren(ParentRunner.java:288)
	at org.junit.runners.ParentRunner.access$000(ParentRunner.java:58)
	at org.junit.runners.ParentRunner$2.evaluate(ParentRunner.java:268)
	at org.springframework.test.context.junit4.statements.RunBeforeTestClassCallbacks.evaluate(RunBeforeTestClassCallbacks.java:61)
	at org.springframework.test.context.junit4.statements.RunAfterTestClassCallbacks.evaluate(RunAfterTestClassCallbacks.java:70)
	at org.junit.runners.ParentRunner.run(ParentRunner.java:363)
	at org.springframework.test.context.junit4.SpringJUnit4ClassRunner.run(SpringJUnit4ClassRunner.java:190)
	at org.apache.maven.surefire.junit4.JUnit4Provider.execute(JUnit4Provider.java:365)
	at org.apache.maven.surefire.junit4.JUnit4Provider.executeWithRerun(JUnit4Provider.java:273)
	at org.apache.maven.surefire.junit4.JUnit4Provider.executeTestSet(JUnit4Provider.java:238)
	at org.apache.maven.surefire.junit4.JUnit4Provider.invoke(JUnit4Provider.java:159)
	at org.apache.maven.surefire.booter.ForkedBooter.invokeProviderInSameClassLoader(ForkedBooter.java:379)
	at org.apache.maven.surefire.booter.ForkedBooter.runSuitesInProcess(ForkedBooter.java:340)
	at org.apache.maven.surefire.booter.ForkedBooter.execute(ForkedBooter.java:125)
	at org.apache.maven.surefire.booter.ForkedBooter.main(ForkedBooter.java:413)
2020-03-09 20:45:43.404 [main] WARN  c.netflix.discovery.DiscoveryClient - Using default backup registry implementation which does not do anything.
2020-03-09 20:45:43.406 [main] INFO  c.netflix.discovery.DiscoveryClient - Starting heartbeat executor: renew interval is: 30
2020-03-09 20:45:43.408 [main] INFO  c.n.discovery.InstanceInfoReplicator - InstanceInfoReplicator onDemand update allowed rate per min is 4
2020-03-09 20:45:43.412 [main] INFO  c.netflix.discovery.DiscoveryClient - Discovery Client initialized at timestamp 1583757943411 with initial instances count: 0
2020-03-09 20:45:43.413 [main] DEBUG o.s.c.a.CommonAnnotationBeanPostProcessor - Found destroy method on class [org.springframework.cloud.netflix.eureka.CloudEurekaClient]: public synchronized void com.netflix.discovery.DiscoveryClient.shutdown()
2020-03-09 20:45:43.413 [main] DEBUG o.s.c.a.CommonAnnotationBeanPostProcessor - Registered destroy method on class [org.springframework.cloud.netflix.eureka.CloudEurekaClient]: org.springframework.beans.factory.annotation.InitDestroyAnnotationBeanPostProcessor$LifecycleElement@f5e80656
2020-03-09 20:45:43.416 [main] DEBUG o.s.b.f.s.DefaultListableBeanFactory - Returning cached instance of singleton bean 'org.springframework.transaction.config.internalTransactionAdvisor'
2020-03-09 20:45:43.416 [main] DEBUG o.s.b.f.s.DefaultListableBeanFactory - Returning cached instance of singleton bean 'org.springframework.transaction.config.internalTransactionAdvisor'
2020-03-09 20:45:43.419 [main] DEBUG o.s.b.f.s.DefaultListableBeanFactory - Finished creating instance of bean 'scopedTarget.eurekaClient'
2020-03-09 20:45:43.420 [main] DEBUG c.n.l.DynamicServerListLoadBalancer - List of Servers for nm-service-manage-cms obtained from Discovery client: []
2020-03-09 20:45:43.420 [main] DEBUG c.n.l.DynamicServerListLoadBalancer - Filtered List of Servers for nm-service-manage-cms obtained from Discovery client: []
2020-03-09 20:45:43.420 [main] DEBUG c.n.loadbalancer.BaseLoadBalancer - LoadBalancer [nm-service-manage-cms]: clearing server list (SET op)
2020-03-09 20:45:43.420 [main] DEBUG c.n.l.DynamicServerListLoadBalancer - Setting server list for zones: {}
2020-03-09 20:45:43.420 [main] DEBUG c.n.loadbalancer.BaseLoadBalancer - LoadBalancer [nm-service-manage-cms]:  forceQuickPing invoking
2020-03-09 20:45:43.420 [main] DEBUG c.n.loadbalancer.BaseLoadBalancer - LoadBalancer:  PingTask executing [0] servers configured
2020-03-09 20:45:43.421 [main] INFO  c.n.l.DynamicServerListLoadBalancer - DynamicServerListLoadBalancer for client nm-service-manage-cms initialized: DynamicServerListLoadBalancer:{NFLoadBalancer:name=nm-service-manage-cms,current list of Servers=[],Load balancer stats=Zone stats: {},Server stats: []}ServerList:org.springframework.cloud.netflix.ribbon.eureka.DomainExtractingServerList@3cf7433e
2020-03-09 20:45:43.421 [main] DEBUG o.s.b.f.s.DefaultListableBeanFactory - Eagerly caching bean 'ribbonLoadBalancer' to allow for resolving potential circular references
2020-03-09 20:45:43.421 [PollingServerListUpdater-0] DEBUG c.n.l.DynamicServerListLoadBalancer - List of Servers for nm-service-manage-cms obtained from Discovery client: []
2020-03-09 20:45:43.421 [PollingServerListUpdater-0] DEBUG c.n.l.DynamicServerListLoadBalancer - Filtered List of Servers for nm-service-manage-cms obtained from Discovery client: []
2020-03-09 20:45:43.421 [PollingServerListUpdater-0] DEBUG c.n.loadbalancer.BaseLoadBalancer - LoadBalancer [nm-service-manage-cms]: clearing server list (SET op)
2020-03-09 20:45:43.421 [PollingServerListUpdater-0] DEBUG c.n.l.DynamicServerListLoadBalancer - Setting server list for zones: {}
2020-03-09 20:45:43.421 [PollingServerListUpdater-0] DEBUG c.n.loadbalancer.BaseLoadBalancer - LoadBalancer [nm-service-manage-cms]:  forceQuickPing invoking
2020-03-09 20:45:43.422 [PollingServerListUpdater-0] DEBUG c.n.loadbalancer.BaseLoadBalancer - LoadBalancer:  PingTask executing [0] servers configured
2020-03-09 20:45:43.428 [main] DEBUG o.s.b.f.s.DefaultListableBeanFactory - Finished creating instance of bean 'ribbonLoadBalancer'
2020-03-09 20:45:43.429 [main] DEBUG o.s.b.f.s.DefaultListableBeanFactory - Creating shared instance of singleton bean 'retryHandler'
2020-03-09 20:45:43.430 [main] DEBUG o.s.b.f.s.DefaultListableBeanFactory - Creating instance of bean 'retryHandler'
2020-03-09 20:45:43.430 [main] DEBUG o.s.b.f.s.DefaultListableBeanFactory - Returning cached instance of singleton bean 'ribbonClientConfiguration'
2020-03-09 20:45:43.430 [main] DEBUG o.s.b.f.s.DefaultListableBeanFactory - Returning cached instance of singleton bean 'ribbonClientConfig'
2020-03-09 20:45:43.430 [main] DEBUG o.s.b.f.s.DefaultListableBeanFactory - Autowiring by type from bean name 'retryHandler' via factory method to bean named 'ribbonClientConfig'
2020-03-09 20:45:43.431 [main] DEBUG o.s.c.e.PropertySourcesPropertyResolver - Found key 'ribbon.MaxAutoRetries' in PropertySource 'applicationConfig: [classpath:/application.yml]' with value of type Integer
2020-03-09 20:45:43.432 [main] DEBUG o.s.c.e.PropertySourcesPropertyResolver - Found key 'ribbon.MaxAutoRetriesNextServer' in PropertySource 'applicationConfig: [classpath:/application.yml]' with value of type Integer
2020-03-09 20:45:43.432 [main] DEBUG o.s.c.e.PropertySourcesPropertyResolver - Found key 'ribbon.OkToRetryOnAllOperations' in PropertySource 'applicationConfig: [classpath:/application.yml]' with value of type Boolean
2020-03-09 20:45:43.432 [main] DEBUG o.s.b.f.s.DefaultListableBeanFactory - Eagerly caching bean 'retryHandler' to allow for resolving potential circular references
2020-03-09 20:45:43.435 [main] DEBUG o.s.b.f.s.DefaultListableBeanFactory - Finished creating instance of bean 'retryHandler'
2020-03-09 20:45:43.436 [main] DEBUG o.s.b.f.s.DefaultListableBeanFactory - Returning cached instance of singleton bean 'httpClient'
2020-03-09 20:45:43.436 [main] DEBUG o.s.b.f.s.DefaultListableBeanFactory - Autowiring by type from bean name 'ribbonLoadBalancingHttpClient' via factory method to bean named 'ribbonClientConfig'
2020-03-09 20:45:43.436 [main] DEBUG o.s.b.f.s.DefaultListableBeanFactory - Autowiring by type from bean name 'ribbonLoadBalancingHttpClient' via factory method to bean named 'serverIntrospector'
2020-03-09 20:45:43.436 [main] DEBUG o.s.b.f.s.DefaultListableBeanFactory - Autowiring by type from bean name 'ribbonLoadBalancingHttpClient' via factory method to bean named 'ribbonLoadBalancer'
2020-03-09 20:45:43.436 [main] DEBUG o.s.b.f.s.DefaultListableBeanFactory - Autowiring by type from bean name 'ribbonLoadBalancingHttpClient' via factory method to bean named 'retryHandler'
2020-03-09 20:45:43.436 [main] DEBUG o.s.b.f.s.DefaultListableBeanFactory - Autowiring by type from bean name 'ribbonLoadBalancingHttpClient' via factory method to bean named 'httpClient'
2020-03-09 20:45:43.471 [main] DEBUG o.s.c.e.PropertySourcesPropertyResolver - Found key 'ribbon.ReadTimeout' in PropertySource 'applicationConfig: [classpath:/application.yml]' with value of type Integer
2020-03-09 20:45:43.474 [main] DEBUG o.s.b.f.s.DefaultListableBeanFactory - Eagerly caching bean 'ribbonLoadBalancingHttpClient' to allow for resolving potential circular references
2020-03-09 20:45:43.479 [main] DEBUG o.s.b.f.s.DefaultListableBeanFactory - Finished creating instance of bean 'ribbonLoadBalancingHttpClient'
2020-03-09 20:45:43.479 [main] DEBUG o.s.b.f.s.DefaultListableBeanFactory - Returning cached instance of singleton bean 'ribbonClientConfig'
2020-03-09 20:45:43.479 [main] DEBUG o.s.b.f.s.DefaultListableBeanFactory - Returning cached instance of singleton bean 'ribbonRule'
2020-03-09 20:45:43.479 [main] DEBUG o.s.b.f.s.DefaultListableBeanFactory - Returning cached instance of singleton bean 'ribbonServerListUpdater'
2020-03-09 20:45:43.480 [main] DEBUG o.s.b.f.s.DefaultListableBeanFactory - Returning cached instance of singleton bean 'ribbonLoadBalancer'
2020-03-09 20:45:43.480 [main] DEBUG o.s.b.f.s.DefaultListableBeanFactory - Returning cached instance of singleton bean 'ribbonServerListFilter'
2020-03-09 20:45:43.480 [main] DEBUG o.s.b.f.s.DefaultListableBeanFactory - Creating shared instance of singleton bean 'ribbonLoadBalancerContext'
2020-03-09 20:45:43.480 [main] DEBUG o.s.b.f.s.DefaultListableBeanFactory - Creating instance of bean 'ribbonLoadBalancerContext'
2020-03-09 20:45:43.480 [main] DEBUG o.s.b.f.s.DefaultListableBeanFactory - Returning cached instance of singleton bean 'ribbonClientConfiguration'
2020-03-09 20:45:43.480 [main] DEBUG o.s.b.f.s.DefaultListableBeanFactory - Returning cached instance of singleton bean 'ribbonLoadBalancer'
2020-03-09 20:45:43.480 [main] DEBUG o.s.b.f.s.DefaultListableBeanFactory - Returning cached instance of singleton bean 'ribbonClientConfig'
2020-03-09 20:45:43.480 [main] DEBUG o.s.b.f.s.DefaultListableBeanFactory - Returning cached instance of singleton bean 'retryHandler'
2020-03-09 20:45:43.480 [main] DEBUG o.s.b.f.s.DefaultListableBeanFactory - Autowiring by type from bean name 'ribbonLoadBalancerContext' via factory method to bean named 'ribbonLoadBalancer'
2020-03-09 20:45:43.480 [main] DEBUG o.s.b.f.s.DefaultListableBeanFactory - Autowiring by type from bean name 'ribbonLoadBalancerContext' via factory method to bean named 'ribbonClientConfig'
2020-03-09 20:45:43.480 [main] DEBUG o.s.b.f.s.DefaultListableBeanFactory - Autowiring by type from bean name 'ribbonLoadBalancerContext' via factory method to bean named 'retryHandler'
2020-03-09 20:45:43.482 [main] DEBUG o.s.b.f.s.DefaultListableBeanFactory - Eagerly caching bean 'ribbonLoadBalancerContext' to allow for resolving potential circular references
2020-03-09 20:45:43.485 [main] DEBUG o.s.b.f.s.DefaultListableBeanFactory - Finished creating instance of bean 'ribbonLoadBalancerContext'
2020-03-09 20:45:43.485 [main] DEBUG o.s.b.f.s.DefaultListableBeanFactory - Returning cached instance of singleton bean 'retryHandler'
2020-03-09 20:45:43.485 [main] DEBUG o.s.b.f.s.DefaultListableBeanFactory - Returning cached instance of singleton bean 'org.springframework.boot.context.properties.ConfigurationPropertiesBindingPostProcessor'
2020-03-09 20:45:43.486 [main] DEBUG o.s.b.f.s.DefaultListableBeanFactory - Returning cached instance of singleton bean 'org.springframework.boot.context.properties.ConfigurationBeanFactoryMetadata'
2020-03-09 20:45:43.486 [main] DEBUG o.s.b.f.s.DefaultListableBeanFactory - Returning cached instance of singleton bean 'org.springframework.context.event.internalEventListenerFactory'
2020-03-09 20:45:43.490 [main] DEBUG o.s.c.a.AnnotationConfigApplicationContext - Unable to locate LifecycleProcessor with name 'lifecycleProcessor': using default [org.springframework.context.support.DefaultLifecycleProcessor@462deb2b]
2020-03-09 20:45:43.490 [main] DEBUG o.s.b.f.s.DefaultListableBeanFactory - Returning cached instance of singleton bean 'lifecycleProcessor'
2020-03-09 20:45:43.491 [main] DEBUG o.s.b.f.s.DefaultListableBeanFactory - Returning cached instance of singleton bean 'org.springframework.boot.autoconfigure.internalCachingMetadataReaderFactory'
2020-03-09 20:45:43.491 [main] DEBUG o.s.b.f.s.DefaultListableBeanFactory - Returning cached instance of singleton bean 'modelBuilderPluginRegistry'
2020-03-09 20:45:43.492 [main] DEBUG o.s.b.f.s.DefaultListableBeanFactory - Returning cached instance of singleton bean 'modelPropertyBuilderPluginRegistry'
2020-03-09 20:45:43.492 [main] DEBUG o.s.b.f.s.DefaultListableBeanFactory - Returning cached instance of singleton bean 'typeNameProviderPluginRegistry'
2020-03-09 20:45:43.492 [main] DEBUG o.s.b.f.s.DefaultListableBeanFactory - Returning cached instance of singleton bean 'documentationPluginRegistry'
2020-03-09 20:45:43.492 [main] DEBUG o.s.b.f.s.DefaultListableBeanFactory - Returning cached instance of singleton bean 'apiListingBuilderPluginRegistry'
2020-03-09 20:45:43.492 [main] DEBUG o.s.b.f.s.DefaultListableBeanFactory - Returning cached instance of singleton bean 'operationBuilderPluginRegistry'
2020-03-09 20:45:43.492 [main] DEBUG o.s.b.f.s.DefaultListableBeanFactory - Returning cached instance of singleton bean 'parameterBuilderPluginRegistry'
2020-03-09 20:45:43.492 [main] DEBUG o.s.b.f.s.DefaultListableBeanFactory - Returning cached instance of singleton bean 'expandedParameterBuilderPluginRegistry'
2020-03-09 20:45:43.492 [main] DEBUG o.s.b.f.s.DefaultListableBeanFactory - Returning cached instance of singleton bean 'resourceGroupingStrategyRegistry'
2020-03-09 20:45:43.492 [main] DEBUG o.s.b.f.s.DefaultListableBeanFactory - Returning cached instance of singleton bean 'operationModelsProviderPluginRegistry'
2020-03-09 20:45:43.493 [main] DEBUG o.s.b.f.s.DefaultListableBeanFactory - Returning cached instance of singleton bean 'defaultsProviderPluginRegistry'
2020-03-09 20:45:43.493 [main] DEBUG o.s.b.f.s.DefaultListableBeanFactory - Returning cached instance of singleton bean 'pathDecoratorRegistry'
2020-03-09 20:45:43.493 [main] DEBUG o.s.b.f.s.DefaultListableBeanFactory - Returning cached instance of singleton bean 'apiListingScannerPluginRegistry'
2020-03-09 20:45:43.493 [main] DEBUG o.s.b.f.s.DefaultListableBeanFactory - Returning cached instance of singleton bean 'mvcResourceUrlProvider'
2020-03-09 20:45:43.496 [main] DEBUG o.s.b.f.s.DefaultListableBeanFactory - Returning cached instance of singleton bean 'refreshScope'
2020-03-09 20:45:43.496 [main] DEBUG o.s.b.f.s.DefaultListableBeanFactory - Returning cached instance of singleton bean 'org.springframework.boot.autoconfigure.internalCachingMetadataReaderFactory'
2020-03-09 20:45:43.497 [main] DEBUG o.s.c.e.PropertySourcesPropertyResolver - Could not find key 'spring.liveBeansView.mbeanDomain' in any property source
2020-03-09 20:45:43.497 [main] DEBUG o.s.b.f.s.DefaultListableBeanFactory - Returning cached instance of singleton bean 'ribbonClientConfig'
2020-03-09 20:45:43.497 [main] DEBUG o.s.b.f.s.DefaultListableBeanFactory - Returning cached instance of singleton bean 'ribbonClientConfig'
2020-03-09 20:45:43.497 [main] DEBUG o.s.b.f.s.DefaultListableBeanFactory - Returning cached instance of singleton bean 'ribbonLoadBalancer'
2020-03-09 20:45:43.497 [main] DEBUG o.s.b.f.s.DefaultListableBeanFactory - Returning cached instance of singleton bean 'serverIntrospector'
2020-03-09 20:45:43.606 [main] DEBUG c.n.l.ZoneAwareLoadBalancer - Zone aware logic disabled or there is only one zone
2020-03-09 20:45:43.612 [main] DEBUG c.n.l.ZoneAwareLoadBalancer - Zone aware logic disabled or there is only one zone
2020-03-09 20:45:43.613 [main] DEBUG c.n.l.ZoneAwareLoadBalancer - Zone aware logic disabled or there is only one zone
2020-03-09 20:45:43.613 [main] DEBUG c.n.l.ZoneAwareLoadBalancer - Zone aware logic disabled or there is only one zone
2020-03-09 20:45:43.618 [main] DEBUG o.s.t.c.c.DefaultCacheAwareContextLoaderDelegate - Retrieved ApplicationContext from cache with key [[WebMergedContextConfiguration@576d5deb testClass = FeignTest, locations = '{}', classes = '{class com.ningmeng.manage_course.ManageCourseApplication}', contextInitializerClasses = '[]', activeProfiles = '{}', propertySourceLocations = '{}', propertySourceProperties = '{org.springframework.boot.test.context.SpringBootTestContextBootstrapper=true}', contextCustomizers = set[org.springframework.boot.test.context.filter.ExcludeFilterContextCustomizer@2145433b, org.springframework.boot.test.json.DuplicateJsonObjectContextCustomizerFactory$DuplicateJsonObjectContextCustomizer@1b083826, org.springframework.boot.test.mock.mockito.MockitoContextCustomizer@0, org.springframework.boot.test.web.client.TestRestTemplateContextCustomizer@161b062a, org.springframework.boot.test.autoconfigure.properties.PropertyMappingContextCustomizer@0, org.springframework.boot.test.autoconfigure.web.servlet.WebDriverContextCustomizerFactory$Customizer@657c8ad9], resourceBasePath = 'src/main/webapp', contextLoader = 'org.springframework.boot.test.context.SpringBootContextLoader', parent = [null]]]
2020-03-09 20:45:43.619 [main] DEBUG o.springframework.test.context.cache - Spring test ApplicationContext cache statistics: [DefaultContextCache@14980819 size = 1, maxSize = 32, parentContextCount = 0, hitCount = 3, missCount = 1]
2020-03-09 20:45:43.619 [main] DEBUG o.s.t.c.c.DefaultCacheAwareContextLoaderDelegate - Retrieved ApplicationContext from cache with key [[WebMergedContextConfiguration@576d5deb testClass = FeignTest, locations = '{}', classes = '{class com.ningmeng.manage_course.ManageCourseApplication}', contextInitializerClasses = '[]', activeProfiles = '{}', propertySourceLocations = '{}', propertySourceProperties = '{org.springframework.boot.test.context.SpringBootTestContextBootstrapper=true}', contextCustomizers = set[org.springframework.boot.test.context.filter.ExcludeFilterContextCustomizer@2145433b, org.springframework.boot.test.json.DuplicateJsonObjectContextCustomizerFactory$DuplicateJsonObjectContextCustomizer@1b083826, org.springframework.boot.test.mock.mockito.MockitoContextCustomizer@0, org.springframework.boot.test.web.client.TestRestTemplateContextCustomizer@161b062a, org.springframework.boot.test.autoconfigure.properties.PropertyMappingContextCustomizer@0, org.springframework.boot.test.autoconfigure.web.servlet.WebDriverContextCustomizerFactory$Customizer@657c8ad9], resourceBasePath = 'src/main/webapp', contextLoader = 'org.springframework.boot.test.context.SpringBootContextLoader', parent = [null]]]
2020-03-09 20:45:43.619 [main] DEBUG o.springframework.test.context.cache - Spring test ApplicationContext cache statistics: [DefaultContextCache@14980819 size = 1, maxSize = 32, parentContextCount = 0, hitCount = 4, missCount = 1]
2020-03-09 20:45:43.668 [main] DEBUG o.s.t.c.c.DefaultCacheAwareContextLoaderDelegate - Retrieved ApplicationContext from cache with key [[WebMergedContextConfiguration@576d5deb testClass = FeignTest, locations = '{}', classes = '{class com.ningmeng.manage_course.ManageCourseApplication}', contextInitializerClasses = '[]', activeProfiles = '{}', propertySourceLocations = '{}', propertySourceProperties = '{org.springframework.boot.test.context.SpringBootTestContextBootstrapper=true}', contextCustomizers = set[org.springframework.boot.test.context.filter.ExcludeFilterContextCustomizer@2145433b, org.springframework.boot.test.json.DuplicateJsonObjectContextCustomizerFactory$DuplicateJsonObjectContextCustomizer@1b083826, org.springframework.boot.test.mock.mockito.MockitoContextCustomizer@0, org.springframework.boot.test.web.client.TestRestTemplateContextCustomizer@161b062a, org.springframework.boot.test.autoconfigure.properties.PropertyMappingContextCustomizer@0, org.springframework.boot.test.autoconfigure.web.servlet.WebDriverContextCustomizerFactory$Customizer@657c8ad9], resourceBasePath = 'src/main/webapp', contextLoader = 'org.springframework.boot.test.context.SpringBootContextLoader', parent = [null]]]
2020-03-09 20:45:43.668 [main] DEBUG o.springframework.test.context.cache - Spring test ApplicationContext cache statistics: [DefaultContextCache@14980819 size = 1, maxSize = 32, parentContextCount = 0, hitCount = 5, missCount = 1]
2020-03-09 20:45:43.674 [main] DEBUG o.s.t.c.c.DefaultCacheAwareContextLoaderDelegate - Retrieved ApplicationContext from cache with key [[WebMergedContextConfiguration@576d5deb testClass = FeignTest, locations = '{}', classes = '{class com.ningmeng.manage_course.ManageCourseApplication}', contextInitializerClasses = '[]', activeProfiles = '{}', propertySourceLocations = '{}', propertySourceProperties = '{org.springframework.boot.test.context.SpringBootTestContextBootstrapper=true}', contextCustomizers = set[org.springframework.boot.test.context.filter.ExcludeFilterContextCustomizer@2145433b, org.springframework.boot.test.json.DuplicateJsonObjectContextCustomizerFactory$DuplicateJsonObjectContextCustomizer@1b083826, org.springframework.boot.test.mock.mockito.MockitoContextCustomizer@0, org.springframework.boot.test.web.client.TestRestTemplateContextCustomizer@161b062a, org.springframework.boot.test.autoconfigure.properties.PropertyMappingContextCustomizer@0, org.springframework.boot.test.autoconfigure.web.servlet.WebDriverContextCustomizerFactory$Customizer@657c8ad9], resourceBasePath = 'src/main/webapp', contextLoader = 'org.springframework.boot.test.context.SpringBootContextLoader', parent = [null]]]
2020-03-09 20:45:43.674 [main] DEBUG o.springframework.test.context.cache - Spring test ApplicationContext cache statistics: [DefaultContextCache@14980819 size = 1, maxSize = 32, parentContextCount = 0, hitCount = 6, missCount = 1]
2020-03-09 20:45:43.677 [main] DEBUG o.s.b.f.s.DefaultListableBeanFactory - Returning cached instance of singleton bean 'org.springframework.boot.test.mock.mockito.MockitoBeans'
2020-03-09 20:45:43.678 [main] DEBUG o.s.t.c.s.AbstractDirtiesContextTestExecutionListener - After test method: context [DefaultTestContext@5e600dd5 testClass = FeignTest, testInstance = com.ningmeng.manage_course.dao.FeignTest@1e34840f, testMethod = testFeign@FeignTest, testException = java.lang.RuntimeException: com.netflix.client.ClientException: Load balancer does not have available server for client: nm-service-manage-cms, mergedContextConfiguration = [WebMergedContextConfiguration@576d5deb testClass = FeignTest, locations = '{}', classes = '{class com.ningmeng.manage_course.ManageCourseApplication}', contextInitializerClasses = '[]', activeProfiles = '{}', propertySourceLocations = '{}', propertySourceProperties = '{org.springframework.boot.test.context.SpringBootTestContextBootstrapper=true}', contextCustomizers = set[org.springframework.boot.test.context.filter.ExcludeFilterContextCustomizer@2145433b, org.springframework.boot.test.json.DuplicateJsonObjectContextCustomizerFactory$DuplicateJsonObjectContextCustomizer@1b083826, org.springframework.boot.test.mock.mockito.MockitoContextCustomizer@0, org.springframework.boot.test.web.client.TestRestTemplateContextCustomizer@161b062a, org.springframework.boot.test.autoconfigure.properties.PropertyMappingContextCustomizer@0, org.springframework.boot.test.autoconfigure.web.servlet.WebDriverContextCustomizerFactory$Customizer@657c8ad9], resourceBasePath = 'src/main/webapp', contextLoader = 'org.springframework.boot.test.context.SpringBootContextLoader', parent = [null]], attributes = map['org.springframework.test.context.web.ServletTestExecutionListener.activateListener' -> true, 'org.springframework.test.context.web.ServletTestExecutionListener.populatedRequestContextHolder' -> true, 'org.springframework.test.context.web.ServletTestExecutionListener.resetRequestContextHolder' -> true]], class annotated with @DirtiesContext [false] with mode [null], method annotated with @DirtiesContext [false] with mode [null].
2020-03-09 20:45:43.679 [main] DEBUG o.s.t.c.w.ServletTestExecutionListener - Resetting RequestContextHolder for test context [DefaultTestContext@5e600dd5 testClass = FeignTest, testInstance = com.ningmeng.manage_course.dao.FeignTest@1e34840f, testMethod = testFeign@FeignTest, testException = java.lang.RuntimeException: com.netflix.client.ClientException: Load balancer does not have available server for client: nm-service-manage-cms, mergedContextConfiguration = [WebMergedContextConfiguration@576d5deb testClass = FeignTest, locations = '{}', classes = '{class com.ningmeng.manage_course.ManageCourseApplication}', contextInitializerClasses = '[]', activeProfiles = '{}', propertySourceLocations = '{}', propertySourceProperties = '{org.springframework.boot.test.context.SpringBootTestContextBootstrapper=true}', contextCustomizers = set[org.springframework.boot.test.context.filter.ExcludeFilterContextCustomizer@2145433b, org.springframework.boot.test.json.DuplicateJsonObjectContextCustomizerFactory$DuplicateJsonObjectContextCustomizer@1b083826, org.springframework.boot.test.mock.mockito.MockitoContextCustomizer@0, org.springframework.boot.test.web.client.TestRestTemplateContextCustomizer@161b062a, org.springframework.boot.test.autoconfigure.properties.PropertyMappingContextCustomizer@0, org.springframework.boot.test.autoconfigure.web.servlet.WebDriverContextCustomizerFactory$Customizer@657c8ad9], resourceBasePath = 'src/main/webapp', contextLoader = 'org.springframework.boot.test.context.SpringBootContextLoader', parent = [null]], attributes = map['org.springframework.test.context.web.ServletTestExecutionListener.activateListener' -> true, 'org.springframework.test.context.web.ServletTestExecutionListener.populatedRequestContextHolder' -> true, 'org.springframework.test.context.web.ServletTestExecutionListener.resetRequestContextHolder' -> true]].
]]></system-out>
  </testcase>
  <testcase name="update" classname="com.ningmeng.manage_course.dao.FeignTest" time="0.228">
    <error message="com.netflix.client.ClientException: Load balancer does not have available server for client: nm-service-manage-cms" type="java.lang.RuntimeException">java.lang.RuntimeException: com.netflix.client.ClientException: Load balancer does not have available server for client: nm-service-manage-cms
	at com.ningmeng.manage_course.dao.FeignTest.update(FeignTest.java:41)
Caused by: com.netflix.client.ClientException: Load balancer does not have available server for client: nm-service-manage-cms
	at com.ningmeng.manage_course.dao.FeignTest.update(FeignTest.java:41)
</error>
    <system-out><![CDATA[2020-03-09 20:45:43.695 [main] DEBUG o.s.t.annotation.ProfileValueUtils - Retrieved @ProfileValueSourceConfiguration [null] for test class [com.ningmeng.manage_course.dao.FeignTest]
2020-03-09 20:45:43.695 [main] DEBUG o.s.t.annotation.ProfileValueUtils - Retrieved ProfileValueSource type [class org.springframework.test.annotation.SystemProfileValueSource] for class [com.ningmeng.manage_course.dao.FeignTest]
2020-03-09 20:45:43.696 [main] DEBUG o.s.t.c.c.DefaultCacheAwareContextLoaderDelegate - Retrieved ApplicationContext from cache with key [[WebMergedContextConfiguration@576d5deb testClass = FeignTest, locations = '{}', classes = '{class com.ningmeng.manage_course.ManageCourseApplication}', contextInitializerClasses = '[]', activeProfiles = '{}', propertySourceLocations = '{}', propertySourceProperties = '{org.springframework.boot.test.context.SpringBootTestContextBootstrapper=true}', contextCustomizers = set[org.springframework.boot.test.context.filter.ExcludeFilterContextCustomizer@2145433b, org.springframework.boot.test.json.DuplicateJsonObjectContextCustomizerFactory$DuplicateJsonObjectContextCustomizer@1b083826, org.springframework.boot.test.mock.mockito.MockitoContextCustomizer@0, org.springframework.boot.test.web.client.TestRestTemplateContextCustomizer@161b062a, org.springframework.boot.test.autoconfigure.properties.PropertyMappingContextCustomizer@0, org.springframework.boot.test.autoconfigure.web.servlet.WebDriverContextCustomizerFactory$Customizer@657c8ad9], resourceBasePath = 'src/main/webapp', contextLoader = 'org.springframework.boot.test.context.SpringBootContextLoader', parent = [null]]]
2020-03-09 20:45:43.696 [main] DEBUG o.springframework.test.context.cache - Spring test ApplicationContext cache statistics: [DefaultContextCache@14980819 size = 1, maxSize = 32, parentContextCount = 0, hitCount = 7, missCount = 1]
2020-03-09 20:45:43.696 [main] DEBUG o.s.t.c.w.ServletTestExecutionListener - Setting up MockHttpServletRequest, MockHttpServletResponse, ServletWebRequest, and RequestContextHolder for test context [DefaultTestContext@5e600dd5 testClass = FeignTest, testInstance = com.ningmeng.manage_course.dao.FeignTest@1aa64998, testMethod = [null], testException = [null], mergedContextConfiguration = [WebMergedContextConfiguration@576d5deb testClass = FeignTest, locations = '{}', classes = '{class com.ningmeng.manage_course.ManageCourseApplication}', contextInitializerClasses = '[]', activeProfiles = '{}', propertySourceLocations = '{}', propertySourceProperties = '{org.springframework.boot.test.context.SpringBootTestContextBootstrapper=true}', contextCustomizers = set[org.springframework.boot.test.context.filter.ExcludeFilterContextCustomizer@2145433b, org.springframework.boot.test.json.DuplicateJsonObjectContextCustomizerFactory$DuplicateJsonObjectContextCustomizer@1b083826, org.springframework.boot.test.mock.mockito.MockitoContextCustomizer@0, org.springframework.boot.test.web.client.TestRestTemplateContextCustomizer@161b062a, org.springframework.boot.test.autoconfigure.properties.PropertyMappingContextCustomizer@0, org.springframework.boot.test.autoconfigure.web.servlet.WebDriverContextCustomizerFactory$Customizer@657c8ad9], resourceBasePath = 'src/main/webapp', contextLoader = 'org.springframework.boot.test.context.SpringBootContextLoader', parent = [null]], attributes = map['org.springframework.test.context.web.ServletTestExecutionListener.activateListener' -> true, 'org.springframework.test.context.support.DependencyInjectionTestExecutionListener.reinjectDependencies' -> true]].
2020-03-09 20:45:43.697 [main] DEBUG o.s.t.c.s.DependencyInjectionTestExecutionListener - Performing dependency injection for test context [[DefaultTestContext@5e600dd5 testClass = FeignTest, testInstance = com.ningmeng.manage_course.dao.FeignTest@1aa64998, testMethod = [null], testException = [null], mergedContextConfiguration = [WebMergedContextConfiguration@576d5deb testClass = FeignTest, locations = '{}', classes = '{class com.ningmeng.manage_course.ManageCourseApplication}', contextInitializerClasses = '[]', activeProfiles = '{}', propertySourceLocations = '{}', propertySourceProperties = '{org.springframework.boot.test.context.SpringBootTestContextBootstrapper=true}', contextCustomizers = set[org.springframework.boot.test.context.filter.ExcludeFilterContextCustomizer@2145433b, org.springframework.boot.test.json.DuplicateJsonObjectContextCustomizerFactory$DuplicateJsonObjectContextCustomizer@1b083826, org.springframework.boot.test.mock.mockito.MockitoContextCustomizer@0, org.springframework.boot.test.web.client.TestRestTemplateContextCustomizer@161b062a, org.springframework.boot.test.autoconfigure.properties.PropertyMappingContextCustomizer@0, org.springframework.boot.test.autoconfigure.web.servlet.WebDriverContextCustomizerFactory$Customizer@657c8ad9], resourceBasePath = 'src/main/webapp', contextLoader = 'org.springframework.boot.test.context.SpringBootContextLoader', parent = [null]], attributes = map['org.springframework.test.context.web.ServletTestExecutionListener.activateListener' -> true, 'org.springframework.test.context.web.ServletTestExecutionListener.populatedRequestContextHolder' -> true, 'org.springframework.test.context.web.ServletTestExecutionListener.resetRequestContextHolder' -> true, 'org.springframework.test.context.support.DependencyInjectionTestExecutionListener.reinjectDependencies' -> true]]].
2020-03-09 20:45:43.697 [main] DEBUG o.s.t.c.c.DefaultCacheAwareContextLoaderDelegate - Retrieved ApplicationContext from cache with key [[WebMergedContextConfiguration@576d5deb testClass = FeignTest, locations = '{}', classes = '{class com.ningmeng.manage_course.ManageCourseApplication}', contextInitializerClasses = '[]', activeProfiles = '{}', propertySourceLocations = '{}', propertySourceProperties = '{org.springframework.boot.test.context.SpringBootTestContextBootstrapper=true}', contextCustomizers = set[org.springframework.boot.test.context.filter.ExcludeFilterContextCustomizer@2145433b, org.springframework.boot.test.json.DuplicateJsonObjectContextCustomizerFactory$DuplicateJsonObjectContextCustomizer@1b083826, org.springframework.boot.test.mock.mockito.MockitoContextCustomizer@0, org.springframework.boot.test.web.client.TestRestTemplateContextCustomizer@161b062a, org.springframework.boot.test.autoconfigure.properties.PropertyMappingContextCustomizer@0, org.springframework.boot.test.autoconfigure.web.servlet.WebDriverContextCustomizerFactory$Customizer@657c8ad9], resourceBasePath = 'src/main/webapp', contextLoader = 'org.springframework.boot.test.context.SpringBootContextLoader', parent = [null]]]
2020-03-09 20:45:43.697 [main] DEBUG o.springframework.test.context.cache - Spring test ApplicationContext cache statistics: [DefaultContextCache@14980819 size = 1, maxSize = 32, parentContextCount = 0, hitCount = 8, missCount = 1]
2020-03-09 20:45:43.697 [main] DEBUG o.s.b.f.annotation.InjectionMetadata - Processing injected element of bean 'com.ningmeng.manage_course.dao.FeignTest': AutowiredFieldElement for com.ningmeng.manage_course.client.CmsPageClient com.ningmeng.manage_course.dao.FeignTest.cmsPageClient
2020-03-09 20:45:43.697 [main] DEBUG o.s.core.annotation.AnnotationUtils - Failed to meta-introspect annotation interface org.springframework.beans.factory.annotation.Autowired: java.lang.NullPointerException
2020-03-09 20:45:43.697 [main] DEBUG o.s.b.f.s.DefaultListableBeanFactory - Returning cached instance of singleton bean 'com.ningmeng.manage_course.client.CmsPageClient'
2020-03-09 20:45:43.698 [main] DEBUG o.s.t.c.s.AbstractDirtiesContextTestExecutionListener - Before test method: context [DefaultTestContext@5e600dd5 testClass = FeignTest, testInstance = com.ningmeng.manage_course.dao.FeignTest@1aa64998, testMethod = update@FeignTest, testException = [null], mergedContextConfiguration = [WebMergedContextConfiguration@576d5deb testClass = FeignTest, locations = '{}', classes = '{class com.ningmeng.manage_course.ManageCourseApplication}', contextInitializerClasses = '[]', activeProfiles = '{}', propertySourceLocations = '{}', propertySourceProperties = '{org.springframework.boot.test.context.SpringBootTestContextBootstrapper=true}', contextCustomizers = set[org.springframework.boot.test.context.filter.ExcludeFilterContextCustomizer@2145433b, org.springframework.boot.test.json.DuplicateJsonObjectContextCustomizerFactory$DuplicateJsonObjectContextCustomizer@1b083826, org.springframework.boot.test.mock.mockito.MockitoContextCustomizer@0, org.springframework.boot.test.web.client.TestRestTemplateContextCustomizer@161b062a, org.springframework.boot.test.autoconfigure.properties.PropertyMappingContextCustomizer@0, org.springframework.boot.test.autoconfigure.web.servlet.WebDriverContextCustomizerFactory$Customizer@657c8ad9], resourceBasePath = 'src/main/webapp', contextLoader = 'org.springframework.boot.test.context.SpringBootContextLoader', parent = [null]], attributes = map['org.springframework.test.context.web.ServletTestExecutionListener.activateListener' -> true, 'org.springframework.test.context.web.ServletTestExecutionListener.populatedRequestContextHolder' -> true, 'org.springframework.test.context.web.ServletTestExecutionListener.resetRequestContextHolder' -> true]], class annotated with @DirtiesContext [false] with mode [null], method annotated with @DirtiesContext [false] with mode [null].
2020-03-09 20:45:43.698 [main] DEBUG o.s.t.c.c.DefaultCacheAwareContextLoaderDelegate - Retrieved ApplicationContext from cache with key [[WebMergedContextConfiguration@576d5deb testClass = FeignTest, locations = '{}', classes = '{class com.ningmeng.manage_course.ManageCourseApplication}', contextInitializerClasses = '[]', activeProfiles = '{}', propertySourceLocations = '{}', propertySourceProperties = '{org.springframework.boot.test.context.SpringBootTestContextBootstrapper=true}', contextCustomizers = set[org.springframework.boot.test.context.filter.ExcludeFilterContextCustomizer@2145433b, org.springframework.boot.test.json.DuplicateJsonObjectContextCustomizerFactory$DuplicateJsonObjectContextCustomizer@1b083826, org.springframework.boot.test.mock.mockito.MockitoContextCustomizer@0, org.springframework.boot.test.web.client.TestRestTemplateContextCustomizer@161b062a, org.springframework.boot.test.autoconfigure.properties.PropertyMappingContextCustomizer@0, org.springframework.boot.test.autoconfigure.web.servlet.WebDriverContextCustomizerFactory$Customizer@657c8ad9], resourceBasePath = 'src/main/webapp', contextLoader = 'org.springframework.boot.test.context.SpringBootContextLoader', parent = [null]]]
2020-03-09 20:45:43.699 [main] DEBUG o.springframework.test.context.cache - Spring test ApplicationContext cache statistics: [DefaultContextCache@14980819 size = 1, maxSize = 32, parentContextCount = 0, hitCount = 9, missCount = 1]
2020-03-09 20:45:43.700 [main] DEBUG o.s.b.f.s.DefaultListableBeanFactory - Returning cached instance of singleton bean 'org.springframework.boot.test.mock.mockito.MockitoBeans'
2020-03-09 20:45:43.705 [main] DEBUG o.s.b.f.s.DefaultListableBeanFactory - Returning cached instance of singleton bean 'messageConverters'
2020-03-09 20:45:43.814 [main] DEBUG o.s.c.o.support.SpringEncoder - Writing [CmsPage(siteId=1, pageId=5e45399e59989e3fa00c629e, pageName=1, pageAliase=1, pageWebPath=1, pageParameter=1, pagePhysicalPath=1, pageType=1, pageTemplate=1, pageHtml=1, pageStatus=1, pageCreateTime=null, templateId=1, pageParams=null, htmlFileId=null, dataUrl=null)] using [org.springframework.http.converter.json.MappingJackson2HttpMessageConverter@2634d000]
2020-03-09 20:45:43.919 [main] DEBUG o.s.b.f.s.DefaultListableBeanFactory - Returning cached instance of singleton bean 'ribbonClientConfig'
2020-03-09 20:45:43.919 [main] DEBUG c.n.l.ZoneAwareLoadBalancer - Zone aware logic disabled or there is only one zone
2020-03-09 20:45:43.920 [main] DEBUG o.s.t.c.c.DefaultCacheAwareContextLoaderDelegate - Retrieved ApplicationContext from cache with key [[WebMergedContextConfiguration@576d5deb testClass = FeignTest, locations = '{}', classes = '{class com.ningmeng.manage_course.ManageCourseApplication}', contextInitializerClasses = '[]', activeProfiles = '{}', propertySourceLocations = '{}', propertySourceProperties = '{org.springframework.boot.test.context.SpringBootTestContextBootstrapper=true}', contextCustomizers = set[org.springframework.boot.test.context.filter.ExcludeFilterContextCustomizer@2145433b, org.springframework.boot.test.json.DuplicateJsonObjectContextCustomizerFactory$DuplicateJsonObjectContextCustomizer@1b083826, org.springframework.boot.test.mock.mockito.MockitoContextCustomizer@0, org.springframework.boot.test.web.client.TestRestTemplateContextCustomizer@161b062a, org.springframework.boot.test.autoconfigure.properties.PropertyMappingContextCustomizer@0, org.springframework.boot.test.autoconfigure.web.servlet.WebDriverContextCustomizerFactory$Customizer@657c8ad9], resourceBasePath = 'src/main/webapp', contextLoader = 'org.springframework.boot.test.context.SpringBootContextLoader', parent = [null]]]
2020-03-09 20:45:43.920 [main] DEBUG o.springframework.test.context.cache - Spring test ApplicationContext cache statistics: [DefaultContextCache@14980819 size = 1, maxSize = 32, parentContextCount = 0, hitCount = 10, missCount = 1]
2020-03-09 20:45:43.920 [main] DEBUG o.s.t.c.c.DefaultCacheAwareContextLoaderDelegate - Retrieved ApplicationContext from cache with key [[WebMergedContextConfiguration@576d5deb testClass = FeignTest, locations = '{}', classes = '{class com.ningmeng.manage_course.ManageCourseApplication}', contextInitializerClasses = '[]', activeProfiles = '{}', propertySourceLocations = '{}', propertySourceProperties = '{org.springframework.boot.test.context.SpringBootTestContextBootstrapper=true}', contextCustomizers = set[org.springframework.boot.test.context.filter.ExcludeFilterContextCustomizer@2145433b, org.springframework.boot.test.json.DuplicateJsonObjectContextCustomizerFactory$DuplicateJsonObjectContextCustomizer@1b083826, org.springframework.boot.test.mock.mockito.MockitoContextCustomizer@0, org.springframework.boot.test.web.client.TestRestTemplateContextCustomizer@161b062a, org.springframework.boot.test.autoconfigure.properties.PropertyMappingContextCustomizer@0, org.springframework.boot.test.autoconfigure.web.servlet.WebDriverContextCustomizerFactory$Customizer@657c8ad9], resourceBasePath = 'src/main/webapp', contextLoader = 'org.springframework.boot.test.context.SpringBootContextLoader', parent = [null]]]
2020-03-09 20:45:43.920 [main] DEBUG o.springframework.test.context.cache - Spring test ApplicationContext cache statistics: [DefaultContextCache@14980819 size = 1, maxSize = 32, parentContextCount = 0, hitCount = 11, missCount = 1]
2020-03-09 20:45:43.920 [main] DEBUG o.s.t.c.c.DefaultCacheAwareContextLoaderDelegate - Retrieved ApplicationContext from cache with key [[WebMergedContextConfiguration@576d5deb testClass = FeignTest, locations = '{}', classes = '{class com.ningmeng.manage_course.ManageCourseApplication}', contextInitializerClasses = '[]', activeProfiles = '{}', propertySourceLocations = '{}', propertySourceProperties = '{org.springframework.boot.test.context.SpringBootTestContextBootstrapper=true}', contextCustomizers = set[org.springframework.boot.test.context.filter.ExcludeFilterContextCustomizer@2145433b, org.springframework.boot.test.json.DuplicateJsonObjectContextCustomizerFactory$DuplicateJsonObjectContextCustomizer@1b083826, org.springframework.boot.test.mock.mockito.MockitoContextCustomizer@0, org.springframework.boot.test.web.client.TestRestTemplateContextCustomizer@161b062a, org.springframework.boot.test.autoconfigure.properties.PropertyMappingContextCustomizer@0, org.springframework.boot.test.autoconfigure.web.servlet.WebDriverContextCustomizerFactory$Customizer@657c8ad9], resourceBasePath = 'src/main/webapp', contextLoader = 'org.springframework.boot.test.context.SpringBootContextLoader', parent = [null]]]
2020-03-09 20:45:43.920 [main] DEBUG o.springframework.test.context.cache - Spring test ApplicationContext cache statistics: [DefaultContextCache@14980819 size = 1, maxSize = 32, parentContextCount = 0, hitCount = 12, missCount = 1]
2020-03-09 20:45:43.923 [main] DEBUG o.s.t.c.c.DefaultCacheAwareContextLoaderDelegate - Retrieved ApplicationContext from cache with key [[WebMergedContextConfiguration@576d5deb testClass = FeignTest, locations = '{}', classes = '{class com.ningmeng.manage_course.ManageCourseApplication}', contextInitializerClasses = '[]', activeProfiles = '{}', propertySourceLocations = '{}', propertySourceProperties = '{org.springframework.boot.test.context.SpringBootTestContextBootstrapper=true}', contextCustomizers = set[org.springframework.boot.test.context.filter.ExcludeFilterContextCustomizer@2145433b, org.springframework.boot.test.json.DuplicateJsonObjectContextCustomizerFactory$DuplicateJsonObjectContextCustomizer@1b083826, org.springframework.boot.test.mock.mockito.MockitoContextCustomizer@0, org.springframework.boot.test.web.client.TestRestTemplateContextCustomizer@161b062a, org.springframework.boot.test.autoconfigure.properties.PropertyMappingContextCustomizer@0, org.springframework.boot.test.autoconfigure.web.servlet.WebDriverContextCustomizerFactory$Customizer@657c8ad9], resourceBasePath = 'src/main/webapp', contextLoader = 'org.springframework.boot.test.context.SpringBootContextLoader', parent = [null]]]
2020-03-09 20:45:43.924 [main] DEBUG o.springframework.test.context.cache - Spring test ApplicationContext cache statistics: [DefaultContextCache@14980819 size = 1, maxSize = 32, parentContextCount = 0, hitCount = 13, missCount = 1]
2020-03-09 20:45:43.926 [main] DEBUG o.s.b.f.s.DefaultListableBeanFactory - Returning cached instance of singleton bean 'org.springframework.boot.test.mock.mockito.MockitoBeans'
2020-03-09 20:45:43.927 [main] DEBUG o.s.t.c.s.AbstractDirtiesContextTestExecutionListener - After test method: context [DefaultTestContext@5e600dd5 testClass = FeignTest, testInstance = com.ningmeng.manage_course.dao.FeignTest@1aa64998, testMethod = update@FeignTest, testException = java.lang.RuntimeException: com.netflix.client.ClientException: Load balancer does not have available server for client: nm-service-manage-cms, mergedContextConfiguration = [WebMergedContextConfiguration@576d5deb testClass = FeignTest, locations = '{}', classes = '{class com.ningmeng.manage_course.ManageCourseApplication}', contextInitializerClasses = '[]', activeProfiles = '{}', propertySourceLocations = '{}', propertySourceProperties = '{org.springframework.boot.test.context.SpringBootTestContextBootstrapper=true}', contextCustomizers = set[org.springframework.boot.test.context.filter.ExcludeFilterContextCustomizer@2145433b, org.springframework.boot.test.json.DuplicateJsonObjectContextCustomizerFactory$DuplicateJsonObjectContextCustomizer@1b083826, org.springframework.boot.test.mock.mockito.MockitoContextCustomizer@0, org.springframework.boot.test.web.client.TestRestTemplateContextCustomizer@161b062a, org.springframework.boot.test.autoconfigure.properties.PropertyMappingContextCustomizer@0, org.springframework.boot.test.autoconfigure.web.servlet.WebDriverContextCustomizerFactory$Customizer@657c8ad9], resourceBasePath = 'src/main/webapp', contextLoader = 'org.springframework.boot.test.context.SpringBootContextLoader', parent = [null]], attributes = map['org.springframework.test.context.web.ServletTestExecutionListener.activateListener' -> true, 'org.springframework.test.context.web.ServletTestExecutionListener.populatedRequestContextHolder' -> true, 'org.springframework.test.context.web.ServletTestExecutionListener.resetRequestContextHolder' -> true]], class annotated with @DirtiesContext [false] with mode [null], method annotated with @DirtiesContext [false] with mode [null].
2020-03-09 20:45:43.927 [main] DEBUG o.s.t.c.w.ServletTestExecutionListener - Resetting RequestContextHolder for test context [DefaultTestContext@5e600dd5 testClass = FeignTest, testInstance = com.ningmeng.manage_course.dao.FeignTest@1aa64998, testMethod = update@FeignTest, testException = java.lang.RuntimeException: com.netflix.client.ClientException: Load balancer does not have available server for client: nm-service-manage-cms, mergedContextConfiguration = [WebMergedContextConfiguration@576d5deb testClass = FeignTest, locations = '{}', classes = '{class com.ningmeng.manage_course.ManageCourseApplication}', contextInitializerClasses = '[]', activeProfiles = '{}', propertySourceLocations = '{}', propertySourceProperties = '{org.springframework.boot.test.context.SpringBootTestContextBootstrapper=true}', contextCustomizers = set[org.springframework.boot.test.context.filter.ExcludeFilterContextCustomizer@2145433b, org.springframework.boot.test.json.DuplicateJsonObjectContextCustomizerFactory$DuplicateJsonObjectContextCustomizer@1b083826, org.springframework.boot.test.mock.mockito.MockitoContextCustomizer@0, org.springframework.boot.test.web.client.TestRestTemplateContextCustomizer@161b062a, org.springframework.boot.test.autoconfigure.properties.PropertyMappingContextCustomizer@0, org.springframework.boot.test.autoconfigure.web.servlet.WebDriverContextCustomizerFactory$Customizer@657c8ad9], resourceBasePath = 'src/main/webapp', contextLoader = 'org.springframework.boot.test.context.SpringBootContextLoader', parent = [null]], attributes = map['org.springframework.test.context.web.ServletTestExecutionListener.activateListener' -> true, 'org.springframework.test.context.web.ServletTestExecutionListener.populatedRequestContextHolder' -> true, 'org.springframework.test.context.web.ServletTestExecutionListener.resetRequestContextHolder' -> true]].
]]></system-out>
  </testcase>
  <testcase name="del" classname="com.ningmeng.manage_course.dao.FeignTest" time="0.014">
    <error message="com.netflix.client.ClientException: Load balancer does not have available server for client: nm-service-manage-cms" type="java.lang.RuntimeException">java.lang.RuntimeException: com.netflix.client.ClientException: Load balancer does not have available server for client: nm-service-manage-cms
	at com.ningmeng.manage_course.dao.FeignTest.del(FeignTest.java:47)
Caused by: com.netflix.client.ClientException: Load balancer does not have available server for client: nm-service-manage-cms
	at com.ningmeng.manage_course.dao.FeignTest.del(FeignTest.java:47)
</error>
    <system-out><![CDATA[2020-03-09 20:45:43.928 [main] DEBUG o.s.t.annotation.ProfileValueUtils - Retrieved @ProfileValueSourceConfiguration [null] for test class [com.ningmeng.manage_course.dao.FeignTest]
2020-03-09 20:45:43.928 [main] DEBUG o.s.t.annotation.ProfileValueUtils - Retrieved ProfileValueSource type [class org.springframework.test.annotation.SystemProfileValueSource] for class [com.ningmeng.manage_course.dao.FeignTest]
2020-03-09 20:45:43.928 [main] DEBUG o.s.t.c.c.DefaultCacheAwareContextLoaderDelegate - Retrieved ApplicationContext from cache with key [[WebMergedContextConfiguration@576d5deb testClass = FeignTest, locations = '{}', classes = '{class com.ningmeng.manage_course.ManageCourseApplication}', contextInitializerClasses = '[]', activeProfiles = '{}', propertySourceLocations = '{}', propertySourceProperties = '{org.springframework.boot.test.context.SpringBootTestContextBootstrapper=true}', contextCustomizers = set[org.springframework.boot.test.context.filter.ExcludeFilterContextCustomizer@2145433b, org.springframework.boot.test.json.DuplicateJsonObjectContextCustomizerFactory$DuplicateJsonObjectContextCustomizer@1b083826, org.springframework.boot.test.mock.mockito.MockitoContextCustomizer@0, org.springframework.boot.test.web.client.TestRestTemplateContextCustomizer@161b062a, org.springframework.boot.test.autoconfigure.properties.PropertyMappingContextCustomizer@0, org.springframework.boot.test.autoconfigure.web.servlet.WebDriverContextCustomizerFactory$Customizer@657c8ad9], resourceBasePath = 'src/main/webapp', contextLoader = 'org.springframework.boot.test.context.SpringBootContextLoader', parent = [null]]]
2020-03-09 20:45:43.928 [main] DEBUG o.springframework.test.context.cache - Spring test ApplicationContext cache statistics: [DefaultContextCache@14980819 size = 1, maxSize = 32, parentContextCount = 0, hitCount = 14, missCount = 1]
2020-03-09 20:45:43.928 [main] DEBUG o.s.t.c.w.ServletTestExecutionListener - Setting up MockHttpServletRequest, MockHttpServletResponse, ServletWebRequest, and RequestContextHolder for test context [DefaultTestContext@5e600dd5 testClass = FeignTest, testInstance = com.ningmeng.manage_course.dao.FeignTest@5b395ee, testMethod = [null], testException = [null], mergedContextConfiguration = [WebMergedContextConfiguration@576d5deb testClass = FeignTest, locations = '{}', classes = '{class com.ningmeng.manage_course.ManageCourseApplication}', contextInitializerClasses = '[]', activeProfiles = '{}', propertySourceLocations = '{}', propertySourceProperties = '{org.springframework.boot.test.context.SpringBootTestContextBootstrapper=true}', contextCustomizers = set[org.springframework.boot.test.context.filter.ExcludeFilterContextCustomizer@2145433b, org.springframework.boot.test.json.DuplicateJsonObjectContextCustomizerFactory$DuplicateJsonObjectContextCustomizer@1b083826, org.springframework.boot.test.mock.mockito.MockitoContextCustomizer@0, org.springframework.boot.test.web.client.TestRestTemplateContextCustomizer@161b062a, org.springframework.boot.test.autoconfigure.properties.PropertyMappingContextCustomizer@0, org.springframework.boot.test.autoconfigure.web.servlet.WebDriverContextCustomizerFactory$Customizer@657c8ad9], resourceBasePath = 'src/main/webapp', contextLoader = 'org.springframework.boot.test.context.SpringBootContextLoader', parent = [null]], attributes = map['org.springframework.test.context.web.ServletTestExecutionListener.activateListener' -> true, 'org.springframework.test.context.support.DependencyInjectionTestExecutionListener.reinjectDependencies' -> true]].
2020-03-09 20:45:43.929 [main] DEBUG o.s.t.c.s.DependencyInjectionTestExecutionListener - Performing dependency injection for test context [[DefaultTestContext@5e600dd5 testClass = FeignTest, testInstance = com.ningmeng.manage_course.dao.FeignTest@5b395ee, testMethod = [null], testException = [null], mergedContextConfiguration = [WebMergedContextConfiguration@576d5deb testClass = FeignTest, locations = '{}', classes = '{class com.ningmeng.manage_course.ManageCourseApplication}', contextInitializerClasses = '[]', activeProfiles = '{}', propertySourceLocations = '{}', propertySourceProperties = '{org.springframework.boot.test.context.SpringBootTestContextBootstrapper=true}', contextCustomizers = set[org.springframework.boot.test.context.filter.ExcludeFilterContextCustomizer@2145433b, org.springframework.boot.test.json.DuplicateJsonObjectContextCustomizerFactory$DuplicateJsonObjectContextCustomizer@1b083826, org.springframework.boot.test.mock.mockito.MockitoContextCustomizer@0, org.springframework.boot.test.web.client.TestRestTemplateContextCustomizer@161b062a, org.springframework.boot.test.autoconfigure.properties.PropertyMappingContextCustomizer@0, org.springframework.boot.test.autoconfigure.web.servlet.WebDriverContextCustomizerFactory$Customizer@657c8ad9], resourceBasePath = 'src/main/webapp', contextLoader = 'org.springframework.boot.test.context.SpringBootContextLoader', parent = [null]], attributes = map['org.springframework.test.context.web.ServletTestExecutionListener.activateListener' -> true, 'org.springframework.test.context.web.ServletTestExecutionListener.populatedRequestContextHolder' -> true, 'org.springframework.test.context.web.ServletTestExecutionListener.resetRequestContextHolder' -> true, 'org.springframework.test.context.support.DependencyInjectionTestExecutionListener.reinjectDependencies' -> true]]].
2020-03-09 20:45:43.929 [main] DEBUG o.s.t.c.c.DefaultCacheAwareContextLoaderDelegate - Retrieved ApplicationContext from cache with key [[WebMergedContextConfiguration@576d5deb testClass = FeignTest, locations = '{}', classes = '{class com.ningmeng.manage_course.ManageCourseApplication}', contextInitializerClasses = '[]', activeProfiles = '{}', propertySourceLocations = '{}', propertySourceProperties = '{org.springframework.boot.test.context.SpringBootTestContextBootstrapper=true}', contextCustomizers = set[org.springframework.boot.test.context.filter.ExcludeFilterContextCustomizer@2145433b, org.springframework.boot.test.json.DuplicateJsonObjectContextCustomizerFactory$DuplicateJsonObjectContextCustomizer@1b083826, org.springframework.boot.test.mock.mockito.MockitoContextCustomizer@0, org.springframework.boot.test.web.client.TestRestTemplateContextCustomizer@161b062a, org.springframework.boot.test.autoconfigure.properties.PropertyMappingContextCustomizer@0, org.springframework.boot.test.autoconfigure.web.servlet.WebDriverContextCustomizerFactory$Customizer@657c8ad9], resourceBasePath = 'src/main/webapp', contextLoader = 'org.springframework.boot.test.context.SpringBootContextLoader', parent = [null]]]
2020-03-09 20:45:43.929 [main] DEBUG o.springframework.test.context.cache - Spring test ApplicationContext cache statistics: [DefaultContextCache@14980819 size = 1, maxSize = 32, parentContextCount = 0, hitCount = 15, missCount = 1]
2020-03-09 20:45:43.929 [main] DEBUG o.s.b.f.annotation.InjectionMetadata - Processing injected element of bean 'com.ningmeng.manage_course.dao.FeignTest': AutowiredFieldElement for com.ningmeng.manage_course.client.CmsPageClient com.ningmeng.manage_course.dao.FeignTest.cmsPageClient
2020-03-09 20:45:43.930 [main] DEBUG o.s.core.annotation.AnnotationUtils - Failed to meta-introspect annotation interface org.springframework.beans.factory.annotation.Autowired: java.lang.NullPointerException
2020-03-09 20:45:43.930 [main] DEBUG o.s.b.f.s.DefaultListableBeanFactory - Returning cached instance of singleton bean 'com.ningmeng.manage_course.client.CmsPageClient'
2020-03-09 20:45:43.931 [main] DEBUG o.s.t.c.s.AbstractDirtiesContextTestExecutionListener - Before test method: context [DefaultTestContext@5e600dd5 testClass = FeignTest, testInstance = com.ningmeng.manage_course.dao.FeignTest@5b395ee, testMethod = del@FeignTest, testException = [null], mergedContextConfiguration = [WebMergedContextConfiguration@576d5deb testClass = FeignTest, locations = '{}', classes = '{class com.ningmeng.manage_course.ManageCourseApplication}', contextInitializerClasses = '[]', activeProfiles = '{}', propertySourceLocations = '{}', propertySourceProperties = '{org.springframework.boot.test.context.SpringBootTestContextBootstrapper=true}', contextCustomizers = set[org.springframework.boot.test.context.filter.ExcludeFilterContextCustomizer@2145433b, org.springframework.boot.test.json.DuplicateJsonObjectContextCustomizerFactory$DuplicateJsonObjectContextCustomizer@1b083826, org.springframework.boot.test.mock.mockito.MockitoContextCustomizer@0, org.springframework.boot.test.web.client.TestRestTemplateContextCustomizer@161b062a, org.springframework.boot.test.autoconfigure.properties.PropertyMappingContextCustomizer@0, org.springframework.boot.test.autoconfigure.web.servlet.WebDriverContextCustomizerFactory$Customizer@657c8ad9], resourceBasePath = 'src/main/webapp', contextLoader = 'org.springframework.boot.test.context.SpringBootContextLoader', parent = [null]], attributes = map['org.springframework.test.context.web.ServletTestExecutionListener.activateListener' -> true, 'org.springframework.test.context.web.ServletTestExecutionListener.populatedRequestContextHolder' -> true, 'org.springframework.test.context.web.ServletTestExecutionListener.resetRequestContextHolder' -> true]], class annotated with @DirtiesContext [false] with mode [null], method annotated with @DirtiesContext [false] with mode [null].
2020-03-09 20:45:43.932 [main] DEBUG o.s.t.c.c.DefaultCacheAwareContextLoaderDelegate - Retrieved ApplicationContext from cache with key [[WebMergedContextConfiguration@576d5deb testClass = FeignTest, locations = '{}', classes = '{class com.ningmeng.manage_course.ManageCourseApplication}', contextInitializerClasses = '[]', activeProfiles = '{}', propertySourceLocations = '{}', propertySourceProperties = '{org.springframework.boot.test.context.SpringBootTestContextBootstrapper=true}', contextCustomizers = set[org.springframework.boot.test.context.filter.ExcludeFilterContextCustomizer@2145433b, org.springframework.boot.test.json.DuplicateJsonObjectContextCustomizerFactory$DuplicateJsonObjectContextCustomizer@1b083826, org.springframework.boot.test.mock.mockito.MockitoContextCustomizer@0, org.springframework.boot.test.web.client.TestRestTemplateContextCustomizer@161b062a, org.springframework.boot.test.autoconfigure.properties.PropertyMappingContextCustomizer@0, org.springframework.boot.test.autoconfigure.web.servlet.WebDriverContextCustomizerFactory$Customizer@657c8ad9], resourceBasePath = 'src/main/webapp', contextLoader = 'org.springframework.boot.test.context.SpringBootContextLoader', parent = [null]]]
2020-03-09 20:45:43.932 [main] DEBUG o.springframework.test.context.cache - Spring test ApplicationContext cache statistics: [DefaultContextCache@14980819 size = 1, maxSize = 32, parentContextCount = 0, hitCount = 16, missCount = 1]
2020-03-09 20:45:43.933 [main] DEBUG o.s.b.f.s.DefaultListableBeanFactory - Returning cached instance of singleton bean 'org.springframework.boot.test.mock.mockito.MockitoBeans'
2020-03-09 20:45:43.934 [main] DEBUG o.s.b.f.s.DefaultListableBeanFactory - Returning cached instance of singleton bean 'ribbonClientConfig'
2020-03-09 20:45:43.935 [main] DEBUG c.n.l.ZoneAwareLoadBalancer - Zone aware logic disabled or there is only one zone
2020-03-09 20:45:43.936 [main] DEBUG o.s.t.c.c.DefaultCacheAwareContextLoaderDelegate - Retrieved ApplicationContext from cache with key [[WebMergedContextConfiguration@576d5deb testClass = FeignTest, locations = '{}', classes = '{class com.ningmeng.manage_course.ManageCourseApplication}', contextInitializerClasses = '[]', activeProfiles = '{}', propertySourceLocations = '{}', propertySourceProperties = '{org.springframework.boot.test.context.SpringBootTestContextBootstrapper=true}', contextCustomizers = set[org.springframework.boot.test.context.filter.ExcludeFilterContextCustomizer@2145433b, org.springframework.boot.test.json.DuplicateJsonObjectContextCustomizerFactory$DuplicateJsonObjectContextCustomizer@1b083826, org.springframework.boot.test.mock.mockito.MockitoContextCustomizer@0, org.springframework.boot.test.web.client.TestRestTemplateContextCustomizer@161b062a, org.springframework.boot.test.autoconfigure.properties.PropertyMappingContextCustomizer@0, org.springframework.boot.test.autoconfigure.web.servlet.WebDriverContextCustomizerFactory$Customizer@657c8ad9], resourceBasePath = 'src/main/webapp', contextLoader = 'org.springframework.boot.test.context.SpringBootContextLoader', parent = [null]]]
2020-03-09 20:45:43.936 [main] DEBUG o.springframework.test.context.cache - Spring test ApplicationContext cache statistics: [DefaultContextCache@14980819 size = 1, maxSize = 32, parentContextCount = 0, hitCount = 17, missCount = 1]
2020-03-09 20:45:43.936 [main] DEBUG o.s.t.c.c.DefaultCacheAwareContextLoaderDelegate - Retrieved ApplicationContext from cache with key [[WebMergedContextConfiguration@576d5deb testClass = FeignTest, locations = '{}', classes = '{class com.ningmeng.manage_course.ManageCourseApplication}', contextInitializerClasses = '[]', activeProfiles = '{}', propertySourceLocations = '{}', propertySourceProperties = '{org.springframework.boot.test.context.SpringBootTestContextBootstrapper=true}', contextCustomizers = set[org.springframework.boot.test.context.filter.ExcludeFilterContextCustomizer@2145433b, org.springframework.boot.test.json.DuplicateJsonObjectContextCustomizerFactory$DuplicateJsonObjectContextCustomizer@1b083826, org.springframework.boot.test.mock.mockito.MockitoContextCustomizer@0, org.springframework.boot.test.web.client.TestRestTemplateContextCustomizer@161b062a, org.springframework.boot.test.autoconfigure.properties.PropertyMappingContextCustomizer@0, org.springframework.boot.test.autoconfigure.web.servlet.WebDriverContextCustomizerFactory$Customizer@657c8ad9], resourceBasePath = 'src/main/webapp', contextLoader = 'org.springframework.boot.test.context.SpringBootContextLoader', parent = [null]]]
2020-03-09 20:45:43.936 [main] DEBUG o.springframework.test.context.cache - Spring test ApplicationContext cache statistics: [DefaultContextCache@14980819 size = 1, maxSize = 32, parentContextCount = 0, hitCount = 18, missCount = 1]
2020-03-09 20:45:43.936 [main] DEBUG o.s.t.c.c.DefaultCacheAwareContextLoaderDelegate - Retrieved ApplicationContext from cache with key [[WebMergedContextConfiguration@576d5deb testClass = FeignTest, locations = '{}', classes = '{class com.ningmeng.manage_course.ManageCourseApplication}', contextInitializerClasses = '[]', activeProfiles = '{}', propertySourceLocations = '{}', propertySourceProperties = '{org.springframework.boot.test.context.SpringBootTestContextBootstrapper=true}', contextCustomizers = set[org.springframework.boot.test.context.filter.ExcludeFilterContextCustomizer@2145433b, org.springframework.boot.test.json.DuplicateJsonObjectContextCustomizerFactory$DuplicateJsonObjectContextCustomizer@1b083826, org.springframework.boot.test.mock.mockito.MockitoContextCustomizer@0, org.springframework.boot.test.web.client.TestRestTemplateContextCustomizer@161b062a, org.springframework.boot.test.autoconfigure.properties.PropertyMappingContextCustomizer@0, org.springframework.boot.test.autoconfigure.web.servlet.WebDriverContextCustomizerFactory$Customizer@657c8ad9], resourceBasePath = 'src/main/webapp', contextLoader = 'org.springframework.boot.test.context.SpringBootContextLoader', parent = [null]]]
2020-03-09 20:45:43.936 [main] DEBUG o.springframework.test.context.cache - Spring test ApplicationContext cache statistics: [DefaultContextCache@14980819 size = 1, maxSize = 32, parentContextCount = 0, hitCount = 19, missCount = 1]
2020-03-09 20:45:43.939 [main] DEBUG o.s.t.c.c.DefaultCacheAwareContextLoaderDelegate - Retrieved ApplicationContext from cache with key [[WebMergedContextConfiguration@576d5deb testClass = FeignTest, locations = '{}', classes = '{class com.ningmeng.manage_course.ManageCourseApplication}', contextInitializerClasses = '[]', activeProfiles = '{}', propertySourceLocations = '{}', propertySourceProperties = '{org.springframework.boot.test.context.SpringBootTestContextBootstrapper=true}', contextCustomizers = set[org.springframework.boot.test.context.filter.ExcludeFilterContextCustomizer@2145433b, org.springframework.boot.test.json.DuplicateJsonObjectContextCustomizerFactory$DuplicateJsonObjectContextCustomizer@1b083826, org.springframework.boot.test.mock.mockito.MockitoContextCustomizer@0, org.springframework.boot.test.web.client.TestRestTemplateContextCustomizer@161b062a, org.springframework.boot.test.autoconfigure.properties.PropertyMappingContextCustomizer@0, org.springframework.boot.test.autoconfigure.web.servlet.WebDriverContextCustomizerFactory$Customizer@657c8ad9], resourceBasePath = 'src/main/webapp', contextLoader = 'org.springframework.boot.test.context.SpringBootContextLoader', parent = [null]]]
2020-03-09 20:45:43.939 [main] DEBUG o.springframework.test.context.cache - Spring test ApplicationContext cache statistics: [DefaultContextCache@14980819 size = 1, maxSize = 32, parentContextCount = 0, hitCount = 20, missCount = 1]
2020-03-09 20:45:43.940 [main] DEBUG o.s.b.f.s.DefaultListableBeanFactory - Returning cached instance of singleton bean 'org.springframework.boot.test.mock.mockito.MockitoBeans'
2020-03-09 20:45:43.940 [main] DEBUG o.s.t.c.s.AbstractDirtiesContextTestExecutionListener - After test method: context [DefaultTestContext@5e600dd5 testClass = FeignTest, testInstance = com.ningmeng.manage_course.dao.FeignTest@5b395ee, testMethod = del@FeignTest, testException = java.lang.RuntimeException: com.netflix.client.ClientException: Load balancer does not have available server for client: nm-service-manage-cms, mergedContextConfiguration = [WebMergedContextConfiguration@576d5deb testClass = FeignTest, locations = '{}', classes = '{class com.ningmeng.manage_course.ManageCourseApplication}', contextInitializerClasses = '[]', activeProfiles = '{}', propertySourceLocations = '{}', propertySourceProperties = '{org.springframework.boot.test.context.SpringBootTestContextBootstrapper=true}', contextCustomizers = set[org.springframework.boot.test.context.filter.ExcludeFilterContextCustomizer@2145433b, org.springframework.boot.test.json.DuplicateJsonObjectContextCustomizerFactory$DuplicateJsonObjectContextCustomizer@1b083826, org.springframework.boot.test.mock.mockito.MockitoContextCustomizer@0, org.springframework.boot.test.web.client.TestRestTemplateContextCustomizer@161b062a, org.springframework.boot.test.autoconfigure.properties.PropertyMappingContextCustomizer@0, org.springframework.boot.test.autoconfigure.web.servlet.WebDriverContextCustomizerFactory$Customizer@657c8ad9], resourceBasePath = 'src/main/webapp', contextLoader = 'org.springframework.boot.test.context.SpringBootContextLoader', parent = [null]], attributes = map['org.springframework.test.context.web.ServletTestExecutionListener.activateListener' -> true, 'org.springframework.test.context.web.ServletTestExecutionListener.populatedRequestContextHolder' -> true, 'org.springframework.test.context.web.ServletTestExecutionListener.resetRequestContextHolder' -> true]], class annotated with @DirtiesContext [false] with mode [null], method annotated with @DirtiesContext [false] with mode [null].
2020-03-09 20:45:43.940 [main] DEBUG o.s.t.c.w.ServletTestExecutionListener - Resetting RequestContextHolder for test context [DefaultTestContext@5e600dd5 testClass = FeignTest, testInstance = com.ningmeng.manage_course.dao.FeignTest@5b395ee, testMethod = del@FeignTest, testException = java.lang.RuntimeException: com.netflix.client.ClientException: Load balancer does not have available server for client: nm-service-manage-cms, mergedContextConfiguration = [WebMergedContextConfiguration@576d5deb testClass = FeignTest, locations = '{}', classes = '{class com.ningmeng.manage_course.ManageCourseApplication}', contextInitializerClasses = '[]', activeProfiles = '{}', propertySourceLocations = '{}', propertySourceProperties = '{org.springframework.boot.test.context.SpringBootTestContextBootstrapper=true}', contextCustomizers = set[org.springframework.boot.test.context.filter.ExcludeFilterContextCustomizer@2145433b, org.springframework.boot.test.json.DuplicateJsonObjectContextCustomizerFactory$DuplicateJsonObjectContextCustomizer@1b083826, org.springframework.boot.test.mock.mockito.MockitoContextCustomizer@0, org.springframework.boot.test.web.client.TestRestTemplateContextCustomizer@161b062a, org.springframework.boot.test.autoconfigure.properties.PropertyMappingContextCustomizer@0, org.springframework.boot.test.autoconfigure.web.servlet.WebDriverContextCustomizerFactory$Customizer@657c8ad9], resourceBasePath = 'src/main/webapp', contextLoader = 'org.springframework.boot.test.context.SpringBootContextLoader', parent = [null]], attributes = map['org.springframework.test.context.web.ServletTestExecutionListener.activateListener' -> true, 'org.springframework.test.context.web.ServletTestExecutionListener.populatedRequestContextHolder' -> true, 'org.springframework.test.context.web.ServletTestExecutionListener.resetRequestContextHolder' -> true]].
]]></system-out>
  </testcase>
</testsuite>