<?xml version="1.0" encoding="UTF-8"?>
<testsuite xmlns:xsi="http://www.w3.org/2001/XMLSchema-instance" xsi:noNamespaceSchemaLocation="https://maven.apache.org/surefire/maven-surefire-plugin/xsd/surefire-test-report.xsd" name="com.ningmeng.manage_course.dao.FeignTest" time="58.78" tests="3" errors="3" skipped="0" failures="0">
  <properties>
    <property name="sun.desktop" value="windows"/>
    <property name="awt.toolkit" value="sun.awt.windows.WToolkit"/>
    <property name="file.encoding.pkg" value="sun.io"/>
    <property name="java.specification.version" value="1.8"/>
    <property name="sun.cpu.isalist" value="amd64"/>
    <property name="sun.jnu.encoding" value="GBK"/>
    <property name="java.class.path" value="E:\1704A\hdServiceCode\nm-service-manage-course\target\test-classes;E:\1704A\hdServiceCode\nm-service-manage-course\target\classes;E:\1704A\repository\org\springframework\cloud\spring-cloud-starter-oauth2\2.0.0.RELEASE\spring-cloud-starter-oauth2-2.0.0.RELEASE.jar;E:\1704A\repository\org\springframework\cloud\spring-cloud-starter-security\2.0.0.RELEASE\spring-cloud-starter-security-2.0.0.RELEASE.jar;E:\1704A\repository\org\springframework\boot\spring-boot-starter-actuator\2.0.1.RELEASE\spring-boot-starter-actuator-2.0.1.RELEASE.jar;E:\1704A\repository\org\springframework\boot\spring-boot-actuator-autoconfigure\2.0.1.RELEASE\spring-boot-actuator-autoconfigure-2.0.1.RELEASE.jar;E:\1704A\repository\org\springframework\boot\spring-boot-actuator\2.0.1.RELEASE\spring-boot-actuator-2.0.1.RELEASE.jar;E:\1704A\repository\io\micrometer\micrometer-core\1.0.3\micrometer-core-1.0.3.jar;E:\1704A\repository\org\latencyutils\LatencyUtils\2.0.3\LatencyUtils-2.0.3.jar;E:\1704A\repository\org\springframework\cloud\spring-cloud-security\2.0.0.RELEASE\spring-cloud-security-2.0.0.RELEASE.jar;E:\1704A\repository\org\springframework\boot\spring-boot-starter-security\2.0.1.RELEASE\spring-boot-starter-security-2.0.1.RELEASE.jar;E:\1704A\repository\org\springframework\security\oauth\boot\spring-security-oauth2-autoconfigure\2.0.0.RELEASE\spring-security-oauth2-autoconfigure-2.0.0.RELEASE.jar;E:\1704A\repository\com\fasterxml\jackson\core\jackson-annotations\2.9.0\jackson-annotations-2.9.0.jar;E:\1704A\repository\com\fasterxml\jackson\core\jackson-databind\2.9.5\jackson-databind-2.9.5.jar;E:\1704A\repository\org\springframework\boot\spring-boot\2.0.1.RELEASE\spring-boot-2.0.1.RELEASE.jar;E:\1704A\repository\org\springframework\security\oauth\spring-security-oauth2\2.2.1.RELEASE\spring-security-oauth2-2.2.1.RELEASE.jar;E:\1704A\repository\org\springframework\security\spring-security-core\5.0.4.RELEASE\spring-security-core-5.0.4.RELEASE.jar;E:\1704A\repository\org\springframework\security\spring-security-config\5.0.4.RELEASE\spring-security-config-5.0.4.RELEASE.jar;E:\1704A\repository\org\springframework\security\spring-security-web\5.0.4.RELEASE\spring-security-web-5.0.4.RELEASE.jar;E:\1704A\repository\org\codehaus\jackson\jackson-mapper-asl\1.9.13\jackson-mapper-asl-1.9.13.jar;E:\1704A\repository\org\codehaus\jackson\jackson-core-asl\1.9.13\jackson-core-asl-1.9.13.jar;E:\1704A\repository\com\github\pagehelper\pagehelper-spring-boot-starter\1.2.4\pagehelper-spring-boot-starter-1.2.4.jar;E:\1704A\repository\org\springframework\boot\spring-boot-starter\2.0.1.RELEASE\spring-boot-starter-2.0.1.RELEASE.jar;E:\1704A\repository\javax\annotation\javax.annotation-api\1.3.2\javax.annotation-api-1.3.2.jar;E:\1704A\repository\org\yaml\snakeyaml\1.19\snakeyaml-1.19.jar;E:\1704A\repository\com\github\pagehelper\pagehelper-spring-boot-autoconfigure\1.2.4\pagehelper-spring-boot-autoconfigure-1.2.4.jar;E:\1704A\repository\com\github\pagehelper\pagehelper\5.1.3\pagehelper-5.1.3.jar;E:\1704A\repository\com\github\jsqlparser\jsqlparser\1.0\jsqlparser-1.0.jar;E:\1704A\hdServiceCode\nm-service-api\target\nm-service-api.jar;E:\1704A\repository\commons-fileupload\commons-fileupload\1.3.3\commons-fileupload-1.3.3.jar;E:\1704A\repository\io\springfox\springfox-swagger2\2.7.0\springfox-swagger2-2.7.0.jar;E:\1704A\repository\io\swagger\swagger-annotations\1.5.13\swagger-annotations-1.5.13.jar;E:\1704A\repository\io\swagger\swagger-models\1.5.13\swagger-models-1.5.13.jar;E:\1704A\repository\io\springfox\springfox-spi\2.7.0\springfox-spi-2.7.0.jar;E:\1704A\repository\io\springfox\springfox-core\2.7.0\springfox-core-2.7.0.jar;E:\1704A\repository\io\springfox\springfox-schema\2.7.0\springfox-schema-2.7.0.jar;E:\1704A\repository\io\springfox\springfox-swagger-common\2.7.0\springfox-swagger-common-2.7.0.jar;E:\1704A\repository\io\springfox\springfox-spring-web\2.7.0\springfox-spring-web-2.7.0.jar;E:\1704A\repository\org\reflections\reflections\0.9.11\reflections-0.9.11.jar;E:\1704A\repository\com\fasterxml\classmate\1.3.4\classmate-1.3.4.jar;E:\1704A\repository\org\springframework\plugin\spring-plugin-core\1.2.0.RELEASE\spring-plugin-core-1.2.0.RELEASE.jar;E:\1704A\repository\org\springframework\plugin\spring-plugin-metadata\1.2.0.RELEASE\spring-plugin-metadata-1.2.0.RELEASE.jar;E:\1704A\repository\org\mapstruct\mapstruct\1.1.0.Final\mapstruct-1.1.0.Final.jar;E:\1704A\repository\io\springfox\springfox-swagger-ui\2.7.0\springfox-swagger-ui-2.7.0.jar;E:\1704A\hdServiceCode\nm-framework-model\target\nm-framework-model.jar;E:\1704A\repository\org\projectlombok\lombok\1.16.16\lombok-1.16.16.jar;E:\1704A\repository\org\springframework\data\spring-data-commons\2.0.6.RELEASE\spring-data-commons-2.0.6.RELEASE.jar;E:\1704A\repository\org\springframework\data\spring-data-mongodb\2.0.6.RELEASE\spring-data-mongodb-2.0.6.RELEASE.jar;E:\1704A\repository\org\springframework\spring-context\5.0.5.RELEASE\spring-context-5.0.5.RELEASE.jar;E:\1704A\repository\org\springframework\spring-expression\5.0.5.RELEASE\spring-expression-5.0.5.RELEASE.jar;E:\1704A\repository\org\mongodb\mongo-java-driver\3.6.3\mongo-java-driver-3.6.3.jar;E:\1704A\repository\org\hibernate\hibernate-core\5.2.16.Final\hibernate-core-5.2.16.Final.jar;E:\1704A\repository\org\jboss\logging\jboss-logging\3.3.2.Final\jboss-logging-3.3.2.Final.jar;E:\1704A\repository\org\hibernate\javax\persistence\hibernate-jpa-2.1-api\1.0.0.Final\hibernate-jpa-2.1-api-1.0.0.Final.jar;E:\1704A\repository\org\javassist\javassist\3.22.0-GA\javassist-3.22.0-GA.jar;E:\1704A\repository\antlr\antlr\2.7.7\antlr-2.7.7.jar;E:\1704A\repository\org\jboss\spec\javax\transaction\jboss-transaction-api_1.2_spec\1.0.1.Final\jboss-transaction-api_1.2_spec-1.0.1.Final.jar;E:\1704A\repository\org\jboss\jandex\2.0.3.Final\jandex-2.0.3.Final.jar;E:\1704A\repository\dom4j\dom4j\1.6.1\dom4j-1.6.1.jar;E:\1704A\repository\org\hibernate\common\hibernate-commons-annotations\5.0.1.Final\hibernate-commons-annotations-5.0.1.Final.jar;E:\1704A\repository\com\google\guava\guava\24.0-jre\guava-24.0-jre.jar;E:\1704A\repository\com\google\code\findbugs\jsr305\1.3.9\jsr305-1.3.9.jar;E:\1704A\repository\org\checkerframework\checker-compat-qual\2.0.0\checker-compat-qual-2.0.0.jar;E:\1704A\repository\com\google\errorprone\error_prone_annotations\2.1.3\error_prone_annotations-2.1.3.jar;E:\1704A\repository\com\google\j2objc\j2objc-annotations\1.1\j2objc-annotations-1.1.jar;E:\1704A\repository\org\codehaus\mojo\animal-sniffer-annotations\1.14\animal-sniffer-annotations-1.14.jar;E:\1704A\hdServiceCode\nm-framework-utils\target\nm-framework-utils.jar;E:\1704A\repository\javax\servlet\javax.servlet-api\3.1.0\javax.servlet-api-3.1.0.jar;E:\1704A\repository\org\springframework\boot\spring-boot-starter-logging\2.0.1.RELEASE\spring-boot-starter-logging-2.0.1.RELEASE.jar;E:\1704A\repository\ch\qos\logback\logback-classic\1.2.3\logback-classic-1.2.3.jar;E:\1704A\repository\ch\qos\logback\logback-core\1.2.3\logback-core-1.2.3.jar;E:\1704A\repository\org\apache\logging\log4j\log4j-to-slf4j\2.10.0\log4j-to-slf4j-2.10.0.jar;E:\1704A\repository\org\apache\logging\log4j\log4j-api\2.10.0\log4j-api-2.10.0.jar;E:\1704A\repository\org\slf4j\jul-to-slf4j\1.7.25\jul-to-slf4j-1.7.25.jar;E:\1704A\repository\org\apache\httpcomponents\httpclient\4.5.5\httpclient-4.5.5.jar;E:\1704A\repository\org\apache\httpcomponents\httpcore\4.4.9\httpcore-4.4.9.jar;E:\1704A\repository\commons-codec\commons-codec\1.10\commons-codec-1.10.jar;E:\1704A\repository\net\lingala\zip4j\zip4j\1.3.1\zip4j-1.3.1.jar;E:\1704A\repository\org\springframework\security\spring-security-crypto\5.0.4.RELEASE\spring-security-crypto-5.0.4.RELEASE.jar;E:\1704A\repository\org\springframework\security\spring-security-jwt\1.0.8.RELEASE\spring-security-jwt-1.0.8.RELEASE.jar;E:\1704A\repository\org\bouncycastle\bcpkix-jdk15on\1.56\bcpkix-jdk15on-1.56.jar;E:\1704A\repository\org\bouncycastle\bcprov-jdk15on\1.56\bcprov-jdk15on-1.56.jar;E:\1704A\hdServiceCode\nm-framework-common\target\nm-framework-common.jar;E:\1704A\repository\org\springframework\spring-web\5.0.5.RELEASE\spring-web-5.0.5.RELEASE.jar;E:\1704A\repository\org\springframework\boot\spring-boot-starter-web\2.0.1.RELEASE\spring-boot-starter-web-2.0.1.RELEASE.jar;E:\1704A\repository\org\springframework\boot\spring-boot-starter-json\2.0.1.RELEASE\spring-boot-starter-json-2.0.1.RELEASE.jar;E:\1704A\repository\com\fasterxml\jackson\datatype\jackson-datatype-jdk8\2.9.5\jackson-datatype-jdk8-2.9.5.jar;E:\1704A\repository\com\fasterxml\jackson\datatype\jackson-datatype-jsr310\2.9.5\jackson-datatype-jsr310-2.9.5.jar;E:\1704A\repository\com\fasterxml\jackson\module\jackson-module-parameter-names\2.9.5\jackson-module-parameter-names-2.9.5.jar;E:\1704A\repository\org\springframework\boot\spring-boot-starter-tomcat\2.0.1.RELEASE\spring-boot-starter-tomcat-2.0.1.RELEASE.jar;E:\1704A\repository\org\apache\tomcat\embed\tomcat-embed-core\8.5.28\tomcat-embed-core-8.5.28.jar;E:\1704A\repository\org\apache\tomcat\embed\tomcat-embed-el\8.5.28\tomcat-embed-el-8.5.28.jar;E:\1704A\repository\org\apache\tomcat\embed\tomcat-embed-websocket\8.5.28\tomcat-embed-websocket-8.5.28.jar;E:\1704A\repository\org\hibernate\validator\hibernate-validator\6.0.9.Final\hibernate-validator-6.0.9.Final.jar;E:\1704A\repository\javax\validation\validation-api\2.0.1.Final\validation-api-2.0.1.Final.jar;E:\1704A\repository\org\springframework\spring-webmvc\5.0.5.RELEASE\spring-webmvc-5.0.5.RELEASE.jar;E:\1704A\repository\org\springframework\spring-aop\5.0.5.RELEASE\spring-aop-5.0.5.RELEASE.jar;E:\1704A\repository\mysql\mysql-connector-java\5.1.40\mysql-connector-java-5.1.40.jar;E:\1704A\repository\com\alibaba\druid-spring-boot-starter\1.1.10\druid-spring-boot-starter-1.1.10.jar;E:\1704A\repository\com\alibaba\druid\1.1.6\druid-1.1.6.jar;E:\1704A\repository\org\slf4j\slf4j-api\1.7.25\slf4j-api-1.7.25.jar;E:\1704A\repository\org\springframework\boot\spring-boot-autoconfigure\2.0.1.RELEASE\spring-boot-autoconfigure-2.0.1.RELEASE.jar;E:\1704A\repository\org\mybatis\spring\boot\mybatis-spring-boot-starter\1.3.1\mybatis-spring-boot-starter-1.3.1.jar;E:\1704A\repository\org\springframework\boot\spring-boot-starter-jdbc\2.0.1.RELEASE\spring-boot-starter-jdbc-2.0.1.RELEASE.jar;E:\1704A\repository\com\zaxxer\HikariCP\2.7.8\HikariCP-2.7.8.jar;E:\1704A\repository\org\mybatis\spring\boot\mybatis-spring-boot-autoconfigure\1.3.1\mybatis-spring-boot-autoconfigure-1.3.1.jar;E:\1704A\repository\org\mybatis\mybatis\3.4.5\mybatis-3.4.5.jar;E:\1704A\repository\org\mybatis\mybatis-spring\1.3.1\mybatis-spring-1.3.1.jar;E:\1704A\repository\org\springframework\spring-orm\5.0.5.RELEASE\spring-orm-5.0.5.RELEASE.jar;E:\1704A\repository\org\springframework\spring-beans\5.0.5.RELEASE\spring-beans-5.0.5.RELEASE.jar;E:\1704A\repository\org\springframework\spring-core\5.0.5.RELEASE\spring-core-5.0.5.RELEASE.jar;E:\1704A\repository\org\springframework\spring-jcl\5.0.5.RELEASE\spring-jcl-5.0.5.RELEASE.jar;E:\1704A\repository\org\springframework\spring-jdbc\5.0.5.RELEASE\spring-jdbc-5.0.5.RELEASE.jar;E:\1704A\repository\org\springframework\spring-tx\5.0.5.RELEASE\spring-tx-5.0.5.RELEASE.jar;E:\1704A\repository\org\springframework\boot\spring-boot-starter-data-jpa\2.0.1.RELEASE\spring-boot-starter-data-jpa-2.0.1.RELEASE.jar;E:\1704A\repository\org\springframework\boot\spring-boot-starter-aop\2.0.1.RELEASE\spring-boot-starter-aop-2.0.1.RELEASE.jar;E:\1704A\repository\org\aspectj\aspectjweaver\1.8.13\aspectjweaver-1.8.13.jar;E:\1704A\repository\javax\transaction\javax.transaction-api\1.2\javax.transaction-api-1.2.jar;E:\1704A\repository\org\springframework\data\spring-data-jpa\2.0.6.RELEASE\spring-data-jpa-2.0.6.RELEASE.jar;E:\1704A\repository\org\springframework\spring-aspects\5.0.5.RELEASE\spring-aspects-5.0.5.RELEASE.jar;E:\1704A\repository\com\squareup\okhttp3\okhttp\3.9.1\okhttp-3.9.1.jar;E:\1704A\repository\com\squareup\okio\okio\1.13.0\okio-1.13.0.jar;E:\1704A\repository\com\alibaba\fastjson\1.2.30\fastjson-1.2.30.jar;E:\1704A\repository\commons-io\commons-io\2.6\commons-io-2.6.jar;E:\1704A\repository\org\apache\commons\commons-lang3\3.6\commons-lang3-3.6.jar;E:\1704A\repository\org\springframework\boot\spring-boot-starter-test\2.0.1.RELEASE\spring-boot-starter-test-2.0.1.RELEASE.jar;E:\1704A\repository\org\springframework\boot\spring-boot-test\2.0.1.RELEASE\spring-boot-test-2.0.1.RELEASE.jar;E:\1704A\repository\org\springframework\boot\spring-boot-test-autoconfigure\2.0.1.RELEASE\spring-boot-test-autoconfigure-2.0.1.RELEASE.jar;E:\1704A\repository\com\jayway\jsonpath\json-path\2.4.0\json-path-2.4.0.jar;E:\1704A\repository\net\minidev\json-smart\2.3\json-smart-2.3.jar;E:\1704A\repository\net\minidev\accessors-smart\1.2\accessors-smart-1.2.jar;E:\1704A\repository\org\ow2\asm\asm\5.0.4\asm-5.0.4.jar;E:\1704A\repository\junit\junit\4.12\junit-4.12.jar;E:\1704A\repository\org\assertj\assertj-core\3.9.1\assertj-core-3.9.1.jar;E:\1704A\repository\org\mockito\mockito-core\2.15.0\mockito-core-2.15.0.jar;E:\1704A\repository\net\bytebuddy\byte-buddy\1.7.11\byte-buddy-1.7.11.jar;E:\1704A\repository\net\bytebuddy\byte-buddy-agent\1.7.11\byte-buddy-agent-1.7.11.jar;E:\1704A\repository\org\objenesis\objenesis\2.6\objenesis-2.6.jar;E:\1704A\repository\org\hamcrest\hamcrest-core\1.3\hamcrest-core-1.3.jar;E:\1704A\repository\org\hamcrest\hamcrest-library\1.3\hamcrest-library-1.3.jar;E:\1704A\repository\org\skyscreamer\jsonassert\1.5.0\jsonassert-1.5.0.jar;E:\1704A\repository\com\vaadin\external\google\android-json\0.0.20131108.vaadin1\android-json-0.0.20131108.vaadin1.jar;E:\1704A\repository\org\springframework\spring-test\5.0.5.RELEASE\spring-test-5.0.5.RELEASE.jar;E:\1704A\repository\org\xmlunit\xmlunit-core\2.5.1\xmlunit-core-2.5.1.jar;E:\1704A\repository\org\springframework\cloud\spring-cloud-starter-netflix-eureka-client\2.0.1.RELEASE\spring-cloud-starter-netflix-eureka-client-2.0.1.RELEASE.jar;E:\1704A\repository\org\springframework\cloud\spring-cloud-starter\2.0.1.RELEASE\spring-cloud-starter-2.0.1.RELEASE.jar;E:\1704A\repository\org\springframework\cloud\spring-cloud-context\2.0.1.RELEASE\spring-cloud-context-2.0.1.RELEASE.jar;E:\1704A\repository\org\springframework\security\spring-security-rsa\1.0.5.RELEASE\spring-security-rsa-1.0.5.RELEASE.jar;E:\1704A\repository\org\springframework\cloud\spring-cloud-netflix-core\2.0.1.RELEASE\spring-cloud-netflix-core-2.0.1.RELEASE.jar;E:\1704A\repository\org\springframework\cloud\spring-cloud-netflix-eureka-client\2.0.1.RELEASE\spring-cloud-netflix-eureka-client-2.0.1.RELEASE.jar;E:\1704A\repository\com\netflix\eureka\eureka-client\1.9.3\eureka-client-1.9.3.jar;E:\1704A\repository\org\codehaus\jettison\jettison\1.3.7\jettison-1.3.7.jar;E:\1704A\repository\stax\stax-api\1.0.1\stax-api-1.0.1.jar;E:\1704A\repository\com\netflix\netflix-commons\netflix-eventbus\0.3.0\netflix-eventbus-0.3.0.jar;E:\1704A\repository\com\netflix\netflix-commons\netflix-infix\0.3.0\netflix-infix-0.3.0.jar;E:\1704A\repository\commons-jxpath\commons-jxpath\1.3\commons-jxpath-1.3.jar;E:\1704A\repository\joda-time\joda-time\2.9.9\joda-time-2.9.9.jar;E:\1704A\repository\org\antlr\antlr-runtime\3.4\antlr-runtime-3.4.jar;E:\1704A\repository\org\antlr\stringtemplate\3.2.1\stringtemplate-3.2.1.jar;E:\1704A\repository\com\google\code\gson\gson\2.8.2\gson-2.8.2.jar;E:\1704A\repository\org\apache\commons\commons-math\2.2\commons-math-2.2.jar;E:\1704A\repository\com\netflix\archaius\archaius-core\0.7.6\archaius-core-0.7.6.jar;E:\1704A\repository\javax\ws\rs\jsr311-api\1.1.1\jsr311-api-1.1.1.jar;E:\1704A\repository\com\netflix\servo\servo-core\0.12.21\servo-core-0.12.21.jar;E:\1704A\repository\com\sun\jersey\jersey-core\1.19.1\jersey-core-1.19.1.jar;E:\1704A\repository\com\sun\jersey\jersey-client\1.19.1\jersey-client-1.19.1.jar;E:\1704A\repository\com\sun\jersey\contribs\jersey-apache-client4\1.19.1\jersey-apache-client4-1.19.1.jar;E:\1704A\repository\com\google\inject\guice\4.1.0\guice-4.1.0.jar;E:\1704A\repository\javax\inject\javax.inject\1\javax.inject-1.jar;E:\1704A\repository\aopalliance\aopalliance\1.0\aopalliance-1.0.jar;E:\1704A\repository\com\github\vlsi\compactmap\compactmap\1.2.1\compactmap-1.2.1.jar;E:\1704A\repository\com\github\andrewoma\dexx\dexx-collections\0.2\dexx-collections-0.2.jar;E:\1704A\repository\com\fasterxml\jackson\core\jackson-core\2.9.5\jackson-core-2.9.5.jar;E:\1704A\repository\com\netflix\eureka\eureka-core\1.9.3\eureka-core-1.9.3.jar;E:\1704A\repository\org\codehaus\woodstox\woodstox-core-asl\4.4.1\woodstox-core-asl-4.4.1.jar;E:\1704A\repository\javax\xml\stream\stax-api\1.0-2\stax-api-1.0-2.jar;E:\1704A\repository\org\codehaus\woodstox\stax2-api\3.1.4\stax2-api-3.1.4.jar;E:\1704A\repository\org\springframework\cloud\spring-cloud-starter-netflix-archaius\2.0.1.RELEASE\spring-cloud-starter-netflix-archaius-2.0.1.RELEASE.jar;E:\1704A\repository\org\springframework\cloud\spring-cloud-netflix-ribbon\2.0.1.RELEASE\spring-cloud-netflix-ribbon-2.0.1.RELEASE.jar;E:\1704A\repository\org\springframework\cloud\spring-cloud-netflix-archaius\2.0.1.RELEASE\spring-cloud-netflix-archaius-2.0.1.RELEASE.jar;E:\1704A\repository\commons-configuration\commons-configuration\1.8\commons-configuration-1.8.jar;E:\1704A\repository\commons-lang\commons-lang\2.6\commons-lang-2.6.jar;E:\1704A\repository\org\springframework\cloud\spring-cloud-starter-netflix-ribbon\2.0.1.RELEASE\spring-cloud-starter-netflix-ribbon-2.0.1.RELEASE.jar;E:\1704A\repository\com\netflix\ribbon\ribbon\2.2.5\ribbon-2.2.5.jar;E:\1704A\repository\com\netflix\ribbon\ribbon-transport\2.2.5\ribbon-transport-2.2.5.jar;E:\1704A\repository\io\reactivex\rxnetty-contexts\0.4.9\rxnetty-contexts-0.4.9.jar;E:\1704A\repository\io\reactivex\rxnetty-servo\0.4.9\rxnetty-servo-0.4.9.jar;E:\1704A\repository\io\reactivex\rxnetty\0.4.9\rxnetty-0.4.9.jar;E:\1704A\repository\io\netty\netty-codec-http\4.1.23.Final\netty-codec-http-4.1.23.Final.jar;E:\1704A\repository\io\netty\netty-codec\4.1.23.Final\netty-codec-4.1.23.Final.jar;E:\1704A\repository\io\netty\netty-transport-native-epoll\4.1.23.Final\netty-transport-native-epoll-4.1.23.Final.jar;E:\1704A\repository\io\netty\netty-common\4.1.23.Final\netty-common-4.1.23.Final.jar;E:\1704A\repository\io\netty\netty-buffer\4.1.23.Final\netty-buffer-4.1.23.Final.jar;E:\1704A\repository\io\netty\netty-transport-native-unix-common\4.1.23.Final\netty-transport-native-unix-common-4.1.23.Final.jar;E:\1704A\repository\io\netty\netty-transport\4.1.23.Final\netty-transport-4.1.23.Final.jar;E:\1704A\repository\io\netty\netty-resolver\4.1.23.Final\netty-resolver-4.1.23.Final.jar;E:\1704A\repository\com\netflix\ribbon\ribbon-core\2.2.5\ribbon-core-2.2.5.jar;E:\1704A\repository\com\netflix\ribbon\ribbon-httpclient\2.2.5\ribbon-httpclient-2.2.5.jar;E:\1704A\repository\commons-collections\commons-collections\3.2.2\commons-collections-3.2.2.jar;E:\1704A\repository\com\netflix\netflix-commons\netflix-commons-util\0.3.0\netflix-commons-util-0.3.0.jar;E:\1704A\repository\com\netflix\ribbon\ribbon-loadbalancer\2.2.5\ribbon-loadbalancer-2.2.5.jar;E:\1704A\repository\com\netflix\netflix-commons\netflix-statistics\0.1.1\netflix-statistics-0.1.1.jar;E:\1704A\repository\io\reactivex\rxjava\1.3.8\rxjava-1.3.8.jar;E:\1704A\repository\com\netflix\ribbon\ribbon-eureka\2.2.5\ribbon-eureka-2.2.5.jar;E:\1704A\repository\com\thoughtworks\xstream\xstream\1.4.10\xstream-1.4.10.jar;E:\1704A\repository\xmlpull\xmlpull\1.1.3.1\xmlpull-1.1.3.1.jar;E:\1704A\repository\xpp3\xpp3_min\1.1.4c\xpp3_min-1.1.4c.jar;E:\1704A\repository\org\springframework\cloud\spring-cloud-starter-openfeign\2.0.1.RELEASE\spring-cloud-starter-openfeign-2.0.1.RELEASE.jar;E:\1704A\repository\org\springframework\cloud\spring-cloud-openfeign-core\2.0.1.RELEASE\spring-cloud-openfeign-core-2.0.1.RELEASE.jar;E:\1704A\repository\org\springframework\cloud\spring-cloud-commons\2.0.1.RELEASE\spring-cloud-commons-2.0.1.RELEASE.jar;E:\1704A\repository\io\github\openfeign\feign-core\9.5.1\feign-core-9.5.1.jar;E:\1704A\repository\io\github\openfeign\feign-slf4j\9.5.1\feign-slf4j-9.5.1.jar;E:\1704A\repository\io\github\openfeign\feign-hystrix\9.5.1\feign-hystrix-9.5.1.jar;E:\1704A\repository\com\netflix\hystrix\hystrix-core\1.5.12\hystrix-core-1.5.12.jar;E:\1704A\repository\org\hdrhistogram\HdrHistogram\2.1.9\HdrHistogram-2.1.9.jar;E:\1704A\repository\io\github\openfeign\feign-java8\9.5.1\feign-java8-9.5.1.jar;E:\1704A\repository\com\netflix\feign\feign-okhttp\8.18.0\feign-okhttp-8.18.0.jar;E:\1704A\repository\com\netflix\feign\feign-core\8.18.0\feign-core-8.18.0.jar;E:\1704A\repository\org\jvnet\animal-sniffer-annotation\1.0\animal-sniffer-annotation-1.0.jar;"/>
    <property name="java.vm.vendor" value="Oracle Corporation"/>
    <property name="sun.arch.data.model" value="64"/>
    <property name="user.variant" value=""/>
    <property name="java.vendor.url" value="http://java.oracle.com/"/>
    <property name="user.timezone" value=""/>
    <property name="java.vm.specification.version" value="1.8"/>
    <property name="os.name" value="Windows 10"/>
    <property name="user.country" value="CN"/>
    <property name="sun.java.launcher" value="SUN_STANDARD"/>
    <property name="sun.boot.library.path" value="C:\Program Files\Java\jdk1.8.0_91\jre\bin"/>
    <property name="sun.java.command" value="C:\Users\wangb\AppData\Local\Temp\surefire5324342515423551962\surefirebooter5243460830507094447.jar C:\Users\wangb\AppData\Local\Temp\surefire5324342515423551962 2020-03-14T21-55-45_030-jvmRun1 surefire1707916640353451280tmp surefire_17945900769613902388tmp"/>
    <property name="surefire.test.class.path" value="E:\1704A\hdServiceCode\nm-service-manage-course\target\test-classes;E:\1704A\hdServiceCode\nm-service-manage-course\target\classes;E:\1704A\repository\org\springframework\cloud\spring-cloud-starter-oauth2\2.0.0.RELEASE\spring-cloud-starter-oauth2-2.0.0.RELEASE.jar;E:\1704A\repository\org\springframework\cloud\spring-cloud-starter-security\2.0.0.RELEASE\spring-cloud-starter-security-2.0.0.RELEASE.jar;E:\1704A\repository\org\springframework\boot\spring-boot-starter-actuator\2.0.1.RELEASE\spring-boot-starter-actuator-2.0.1.RELEASE.jar;E:\1704A\repository\org\springframework\boot\spring-boot-actuator-autoconfigure\2.0.1.RELEASE\spring-boot-actuator-autoconfigure-2.0.1.RELEASE.jar;E:\1704A\repository\org\springframework\boot\spring-boot-actuator\2.0.1.RELEASE\spring-boot-actuator-2.0.1.RELEASE.jar;E:\1704A\repository\io\micrometer\micrometer-core\1.0.3\micrometer-core-1.0.3.jar;E:\1704A\repository\org\latencyutils\LatencyUtils\2.0.3\LatencyUtils-2.0.3.jar;E:\1704A\repository\org\springframework\cloud\spring-cloud-security\2.0.0.RELEASE\spring-cloud-security-2.0.0.RELEASE.jar;E:\1704A\repository\org\springframework\boot\spring-boot-starter-security\2.0.1.RELEASE\spring-boot-starter-security-2.0.1.RELEASE.jar;E:\1704A\repository\org\springframework\security\oauth\boot\spring-security-oauth2-autoconfigure\2.0.0.RELEASE\spring-security-oauth2-autoconfigure-2.0.0.RELEASE.jar;E:\1704A\repository\com\fasterxml\jackson\core\jackson-annotations\2.9.0\jackson-annotations-2.9.0.jar;E:\1704A\repository\com\fasterxml\jackson\core\jackson-databind\2.9.5\jackson-databind-2.9.5.jar;E:\1704A\repository\org\springframework\boot\spring-boot\2.0.1.RELEASE\spring-boot-2.0.1.RELEASE.jar;E:\1704A\repository\org\springframework\security\oauth\spring-security-oauth2\2.2.1.RELEASE\spring-security-oauth2-2.2.1.RELEASE.jar;E:\1704A\repository\org\springframework\security\spring-security-core\5.0.4.RELEASE\spring-security-core-5.0.4.RELEASE.jar;E:\1704A\repository\org\springframework\security\spring-security-config\5.0.4.RELEASE\spring-security-config-5.0.4.RELEASE.jar;E:\1704A\repository\org\springframework\security\spring-security-web\5.0.4.RELEASE\spring-security-web-5.0.4.RELEASE.jar;E:\1704A\repository\org\codehaus\jackson\jackson-mapper-asl\1.9.13\jackson-mapper-asl-1.9.13.jar;E:\1704A\repository\org\codehaus\jackson\jackson-core-asl\1.9.13\jackson-core-asl-1.9.13.jar;E:\1704A\repository\com\github\pagehelper\pagehelper-spring-boot-starter\1.2.4\pagehelper-spring-boot-starter-1.2.4.jar;E:\1704A\repository\org\springframework\boot\spring-boot-starter\2.0.1.RELEASE\spring-boot-starter-2.0.1.RELEASE.jar;E:\1704A\repository\javax\annotation\javax.annotation-api\1.3.2\javax.annotation-api-1.3.2.jar;E:\1704A\repository\org\yaml\snakeyaml\1.19\snakeyaml-1.19.jar;E:\1704A\repository\com\github\pagehelper\pagehelper-spring-boot-autoconfigure\1.2.4\pagehelper-spring-boot-autoconfigure-1.2.4.jar;E:\1704A\repository\com\github\pagehelper\pagehelper\5.1.3\pagehelper-5.1.3.jar;E:\1704A\repository\com\github\jsqlparser\jsqlparser\1.0\jsqlparser-1.0.jar;E:\1704A\hdServiceCode\nm-service-api\target\nm-service-api.jar;E:\1704A\repository\commons-fileupload\commons-fileupload\1.3.3\commons-fileupload-1.3.3.jar;E:\1704A\repository\io\springfox\springfox-swagger2\2.7.0\springfox-swagger2-2.7.0.jar;E:\1704A\repository\io\swagger\swagger-annotations\1.5.13\swagger-annotations-1.5.13.jar;E:\1704A\repository\io\swagger\swagger-models\1.5.13\swagger-models-1.5.13.jar;E:\1704A\repository\io\springfox\springfox-spi\2.7.0\springfox-spi-2.7.0.jar;E:\1704A\repository\io\springfox\springfox-core\2.7.0\springfox-core-2.7.0.jar;E:\1704A\repository\io\springfox\springfox-schema\2.7.0\springfox-schema-2.7.0.jar;E:\1704A\repository\io\springfox\springfox-swagger-common\2.7.0\springfox-swagger-common-2.7.0.jar;E:\1704A\repository\io\springfox\springfox-spring-web\2.7.0\springfox-spring-web-2.7.0.jar;E:\1704A\repository\org\reflections\reflections\0.9.11\reflections-0.9.11.jar;E:\1704A\repository\com\fasterxml\classmate\1.3.4\classmate-1.3.4.jar;E:\1704A\repository\org\springframework\plugin\spring-plugin-core\1.2.0.RELEASE\spring-plugin-core-1.2.0.RELEASE.jar;E:\1704A\repository\org\springframework\plugin\spring-plugin-metadata\1.2.0.RELEASE\spring-plugin-metadata-1.2.0.RELEASE.jar;E:\1704A\repository\org\mapstruct\mapstruct\1.1.0.Final\mapstruct-1.1.0.Final.jar;E:\1704A\repository\io\springfox\springfox-swagger-ui\2.7.0\springfox-swagger-ui-2.7.0.jar;E:\1704A\hdServiceCode\nm-framework-model\target\nm-framework-model.jar;E:\1704A\repository\org\projectlombok\lombok\1.16.16\lombok-1.16.16.jar;E:\1704A\repository\org\springframework\data\spring-data-commons\2.0.6.RELEASE\spring-data-commons-2.0.6.RELEASE.jar;E:\1704A\repository\org\springframework\data\spring-data-mongodb\2.0.6.RELEASE\spring-data-mongodb-2.0.6.RELEASE.jar;E:\1704A\repository\org\springframework\spring-context\5.0.5.RELEASE\spring-context-5.0.5.RELEASE.jar;E:\1704A\repository\org\springframework\spring-expression\5.0.5.RELEASE\spring-expression-5.0.5.RELEASE.jar;E:\1704A\repository\org\mongodb\mongo-java-driver\3.6.3\mongo-java-driver-3.6.3.jar;E:\1704A\repository\org\hibernate\hibernate-core\5.2.16.Final\hibernate-core-5.2.16.Final.jar;E:\1704A\repository\org\jboss\logging\jboss-logging\3.3.2.Final\jboss-logging-3.3.2.Final.jar;E:\1704A\repository\org\hibernate\javax\persistence\hibernate-jpa-2.1-api\1.0.0.Final\hibernate-jpa-2.1-api-1.0.0.Final.jar;E:\1704A\repository\org\javassist\javassist\3.22.0-GA\javassist-3.22.0-GA.jar;E:\1704A\repository\antlr\antlr\2.7.7\antlr-2.7.7.jar;E:\1704A\repository\org\jboss\spec\javax\transaction\jboss-transaction-api_1.2_spec\1.0.1.Final\jboss-transaction-api_1.2_spec-1.0.1.Final.jar;E:\1704A\repository\org\jboss\jandex\2.0.3.Final\jandex-2.0.3.Final.jar;E:\1704A\repository\dom4j\dom4j\1.6.1\dom4j-1.6.1.jar;E:\1704A\repository\org\hibernate\common\hibernate-commons-annotations\5.0.1.Final\hibernate-commons-annotations-5.0.1.Final.jar;E:\1704A\repository\com\google\guava\guava\24.0-jre\guava-24.0-jre.jar;E:\1704A\repository\com\google\code\findbugs\jsr305\1.3.9\jsr305-1.3.9.jar;E:\1704A\repository\org\checkerframework\checker-compat-qual\2.0.0\checker-compat-qual-2.0.0.jar;E:\1704A\repository\com\google\errorprone\error_prone_annotations\2.1.3\error_prone_annotations-2.1.3.jar;E:\1704A\repository\com\google\j2objc\j2objc-annotations\1.1\j2objc-annotations-1.1.jar;E:\1704A\repository\org\codehaus\mojo\animal-sniffer-annotations\1.14\animal-sniffer-annotations-1.14.jar;E:\1704A\hdServiceCode\nm-framework-utils\target\nm-framework-utils.jar;E:\1704A\repository\javax\servlet\javax.servlet-api\3.1.0\javax.servlet-api-3.1.0.jar;E:\1704A\repository\org\springframework\boot\spring-boot-starter-logging\2.0.1.RELEASE\spring-boot-starter-logging-2.0.1.RELEASE.jar;E:\1704A\repository\ch\qos\logback\logback-classic\1.2.3\logback-classic-1.2.3.jar;E:\1704A\repository\ch\qos\logback\logback-core\1.2.3\logback-core-1.2.3.jar;E:\1704A\repository\org\apache\logging\log4j\log4j-to-slf4j\2.10.0\log4j-to-slf4j-2.10.0.jar;E:\1704A\repository\org\apache\logging\log4j\log4j-api\2.10.0\log4j-api-2.10.0.jar;E:\1704A\repository\org\slf4j\jul-to-slf4j\1.7.25\jul-to-slf4j-1.7.25.jar;E:\1704A\repository\org\apache\httpcomponents\httpclient\4.5.5\httpclient-4.5.5.jar;E:\1704A\repository\org\apache\httpcomponents\httpcore\4.4.9\httpcore-4.4.9.jar;E:\1704A\repository\commons-codec\commons-codec\1.10\commons-codec-1.10.jar;E:\1704A\repository\net\lingala\zip4j\zip4j\1.3.1\zip4j-1.3.1.jar;E:\1704A\repository\org\springframework\security\spring-security-crypto\5.0.4.RELEASE\spring-security-crypto-5.0.4.RELEASE.jar;E:\1704A\repository\org\springframework\security\spring-security-jwt\1.0.8.RELEASE\spring-security-jwt-1.0.8.RELEASE.jar;E:\1704A\repository\org\bouncycastle\bcpkix-jdk15on\1.56\bcpkix-jdk15on-1.56.jar;E:\1704A\repository\org\bouncycastle\bcprov-jdk15on\1.56\bcprov-jdk15on-1.56.jar;E:\1704A\hdServiceCode\nm-framework-common\target\nm-framework-common.jar;E:\1704A\repository\org\springframework\spring-web\5.0.5.RELEASE\spring-web-5.0.5.RELEASE.jar;E:\1704A\repository\org\springframework\boot\spring-boot-starter-web\2.0.1.RELEASE\spring-boot-starter-web-2.0.1.RELEASE.jar;E:\1704A\repository\org\springframework\boot\spring-boot-starter-json\2.0.1.RELEASE\spring-boot-starter-json-2.0.1.RELEASE.jar;E:\1704A\repository\com\fasterxml\jackson\datatype\jackson-datatype-jdk8\2.9.5\jackson-datatype-jdk8-2.9.5.jar;E:\1704A\repository\com\fasterxml\jackson\datatype\jackson-datatype-jsr310\2.9.5\jackson-datatype-jsr310-2.9.5.jar;E:\1704A\repository\com\fasterxml\jackson\module\jackson-module-parameter-names\2.9.5\jackson-module-parameter-names-2.9.5.jar;E:\1704A\repository\org\springframework\boot\spring-boot-starter-tomcat\2.0.1.RELEASE\spring-boot-starter-tomcat-2.0.1.RELEASE.jar;E:\1704A\repository\org\apache\tomcat\embed\tomcat-embed-core\8.5.28\tomcat-embed-core-8.5.28.jar;E:\1704A\repository\org\apache\tomcat\embed\tomcat-embed-el\8.5.28\tomcat-embed-el-8.5.28.jar;E:\1704A\repository\org\apache\tomcat\embed\tomcat-embed-websocket\8.5.28\tomcat-embed-websocket-8.5.28.jar;E:\1704A\repository\org\hibernate\validator\hibernate-validator\6.0.9.Final\hibernate-validator-6.0.9.Final.jar;E:\1704A\repository\javax\validation\validation-api\2.0.1.Final\validation-api-2.0.1.Final.jar;E:\1704A\repository\org\springframework\spring-webmvc\5.0.5.RELEASE\spring-webmvc-5.0.5.RELEASE.jar;E:\1704A\repository\org\springframework\spring-aop\5.0.5.RELEASE\spring-aop-5.0.5.RELEASE.jar;E:\1704A\repository\mysql\mysql-connector-java\5.1.40\mysql-connector-java-5.1.40.jar;E:\1704A\repository\com\alibaba\druid-spring-boot-starter\1.1.10\druid-spring-boot-starter-1.1.10.jar;E:\1704A\repository\com\alibaba\druid\1.1.6\druid-1.1.6.jar;E:\1704A\repository\org\slf4j\slf4j-api\1.7.25\slf4j-api-1.7.25.jar;E:\1704A\repository\org\springframework\boot\spring-boot-autoconfigure\2.0.1.RELEASE\spring-boot-autoconfigure-2.0.1.RELEASE.jar;E:\1704A\repository\org\mybatis\spring\boot\mybatis-spring-boot-starter\1.3.1\mybatis-spring-boot-starter-1.3.1.jar;E:\1704A\repository\org\springframework\boot\spring-boot-starter-jdbc\2.0.1.RELEASE\spring-boot-starter-jdbc-2.0.1.RELEASE.jar;E:\1704A\repository\com\zaxxer\HikariCP\2.7.8\HikariCP-2.7.8.jar;E:\1704A\repository\org\mybatis\spring\boot\mybatis-spring-boot-autoconfigure\1.3.1\mybatis-spring-boot-autoconfigure-1.3.1.jar;E:\1704A\repository\org\mybatis\mybatis\3.4.5\mybatis-3.4.5.jar;E:\1704A\repository\org\mybatis\mybatis-spring\1.3.1\mybatis-spring-1.3.1.jar;E:\1704A\repository\org\springframework\spring-orm\5.0.5.RELEASE\spring-orm-5.0.5.RELEASE.jar;E:\1704A\repository\org\springframework\spring-beans\5.0.5.RELEASE\spring-beans-5.0.5.RELEASE.jar;E:\1704A\repository\org\springframework\spring-core\5.0.5.RELEASE\spring-core-5.0.5.RELEASE.jar;E:\1704A\repository\org\springframework\spring-jcl\5.0.5.RELEASE\spring-jcl-5.0.5.RELEASE.jar;E:\1704A\repository\org\springframework\spring-jdbc\5.0.5.RELEASE\spring-jdbc-5.0.5.RELEASE.jar;E:\1704A\repository\org\springframework\spring-tx\5.0.5.RELEASE\spring-tx-5.0.5.RELEASE.jar;E:\1704A\repository\org\springframework\boot\spring-boot-starter-data-jpa\2.0.1.RELEASE\spring-boot-starter-data-jpa-2.0.1.RELEASE.jar;E:\1704A\repository\org\springframework\boot\spring-boot-starter-aop\2.0.1.RELEASE\spring-boot-starter-aop-2.0.1.RELEASE.jar;E:\1704A\repository\org\aspectj\aspectjweaver\1.8.13\aspectjweaver-1.8.13.jar;E:\1704A\repository\javax\transaction\javax.transaction-api\1.2\javax.transaction-api-1.2.jar;E:\1704A\repository\org\springframework\data\spring-data-jpa\2.0.6.RELEASE\spring-data-jpa-2.0.6.RELEASE.jar;E:\1704A\repository\org\springframework\spring-aspects\5.0.5.RELEASE\spring-aspects-5.0.5.RELEASE.jar;E:\1704A\repository\com\squareup\okhttp3\okhttp\3.9.1\okhttp-3.9.1.jar;E:\1704A\repository\com\squareup\okio\okio\1.13.0\okio-1.13.0.jar;E:\1704A\repository\com\alibaba\fastjson\1.2.30\fastjson-1.2.30.jar;E:\1704A\repository\commons-io\commons-io\2.6\commons-io-2.6.jar;E:\1704A\repository\org\apache\commons\commons-lang3\3.6\commons-lang3-3.6.jar;E:\1704A\repository\org\springframework\boot\spring-boot-starter-test\2.0.1.RELEASE\spring-boot-starter-test-2.0.1.RELEASE.jar;E:\1704A\repository\org\springframework\boot\spring-boot-test\2.0.1.RELEASE\spring-boot-test-2.0.1.RELEASE.jar;E:\1704A\repository\org\springframework\boot\spring-boot-test-autoconfigure\2.0.1.RELEASE\spring-boot-test-autoconfigure-2.0.1.RELEASE.jar;E:\1704A\repository\com\jayway\jsonpath\json-path\2.4.0\json-path-2.4.0.jar;E:\1704A\repository\net\minidev\json-smart\2.3\json-smart-2.3.jar;E:\1704A\repository\net\minidev\accessors-smart\1.2\accessors-smart-1.2.jar;E:\1704A\repository\org\ow2\asm\asm\5.0.4\asm-5.0.4.jar;E:\1704A\repository\junit\junit\4.12\junit-4.12.jar;E:\1704A\repository\org\assertj\assertj-core\3.9.1\assertj-core-3.9.1.jar;E:\1704A\repository\org\mockito\mockito-core\2.15.0\mockito-core-2.15.0.jar;E:\1704A\repository\net\bytebuddy\byte-buddy\1.7.11\byte-buddy-1.7.11.jar;E:\1704A\repository\net\bytebuddy\byte-buddy-agent\1.7.11\byte-buddy-agent-1.7.11.jar;E:\1704A\repository\org\objenesis\objenesis\2.6\objenesis-2.6.jar;E:\1704A\repository\org\hamcrest\hamcrest-core\1.3\hamcrest-core-1.3.jar;E:\1704A\repository\org\hamcrest\hamcrest-library\1.3\hamcrest-library-1.3.jar;E:\1704A\repository\org\skyscreamer\jsonassert\1.5.0\jsonassert-1.5.0.jar;E:\1704A\repository\com\vaadin\external\google\android-json\0.0.20131108.vaadin1\android-json-0.0.20131108.vaadin1.jar;E:\1704A\repository\org\springframework\spring-test\5.0.5.RELEASE\spring-test-5.0.5.RELEASE.jar;E:\1704A\repository\org\xmlunit\xmlunit-core\2.5.1\xmlunit-core-2.5.1.jar;E:\1704A\repository\org\springframework\cloud\spring-cloud-starter-netflix-eureka-client\2.0.1.RELEASE\spring-cloud-starter-netflix-eureka-client-2.0.1.RELEASE.jar;E:\1704A\repository\org\springframework\cloud\spring-cloud-starter\2.0.1.RELEASE\spring-cloud-starter-2.0.1.RELEASE.jar;E:\1704A\repository\org\springframework\cloud\spring-cloud-context\2.0.1.RELEASE\spring-cloud-context-2.0.1.RELEASE.jar;E:\1704A\repository\org\springframework\security\spring-security-rsa\1.0.5.RELEASE\spring-security-rsa-1.0.5.RELEASE.jar;E:\1704A\repository\org\springframework\cloud\spring-cloud-netflix-core\2.0.1.RELEASE\spring-cloud-netflix-core-2.0.1.RELEASE.jar;E:\1704A\repository\org\springframework\cloud\spring-cloud-netflix-eureka-client\2.0.1.RELEASE\spring-cloud-netflix-eureka-client-2.0.1.RELEASE.jar;E:\1704A\repository\com\netflix\eureka\eureka-client\1.9.3\eureka-client-1.9.3.jar;E:\1704A\repository\org\codehaus\jettison\jettison\1.3.7\jettison-1.3.7.jar;E:\1704A\repository\stax\stax-api\1.0.1\stax-api-1.0.1.jar;E:\1704A\repository\com\netflix\netflix-commons\netflix-eventbus\0.3.0\netflix-eventbus-0.3.0.jar;E:\1704A\repository\com\netflix\netflix-commons\netflix-infix\0.3.0\netflix-infix-0.3.0.jar;E:\1704A\repository\commons-jxpath\commons-jxpath\1.3\commons-jxpath-1.3.jar;E:\1704A\repository\joda-time\joda-time\2.9.9\joda-time-2.9.9.jar;E:\1704A\repository\org\antlr\antlr-runtime\3.4\antlr-runtime-3.4.jar;E:\1704A\repository\org\antlr\stringtemplate\3.2.1\stringtemplate-3.2.1.jar;E:\1704A\repository\com\google\code\gson\gson\2.8.2\gson-2.8.2.jar;E:\1704A\repository\org\apache\commons\commons-math\2.2\commons-math-2.2.jar;E:\1704A\repository\com\netflix\archaius\archaius-core\0.7.6\archaius-core-0.7.6.jar;E:\1704A\repository\javax\ws\rs\jsr311-api\1.1.1\jsr311-api-1.1.1.jar;E:\1704A\repository\com\netflix\servo\servo-core\0.12.21\servo-core-0.12.21.jar;E:\1704A\repository\com\sun\jersey\jersey-core\1.19.1\jersey-core-1.19.1.jar;E:\1704A\repository\com\sun\jersey\jersey-client\1.19.1\jersey-client-1.19.1.jar;E:\1704A\repository\com\sun\jersey\contribs\jersey-apache-client4\1.19.1\jersey-apache-client4-1.19.1.jar;E:\1704A\repository\com\google\inject\guice\4.1.0\guice-4.1.0.jar;E:\1704A\repository\javax\inject\javax.inject\1\javax.inject-1.jar;E:\1704A\repository\aopalliance\aopalliance\1.0\aopalliance-1.0.jar;E:\1704A\repository\com\github\vlsi\compactmap\compactmap\1.2.1\compactmap-1.2.1.jar;E:\1704A\repository\com\github\andrewoma\dexx\dexx-collections\0.2\dexx-collections-0.2.jar;E:\1704A\repository\com\fasterxml\jackson\core\jackson-core\2.9.5\jackson-core-2.9.5.jar;E:\1704A\repository\com\netflix\eureka\eureka-core\1.9.3\eureka-core-1.9.3.jar;E:\1704A\repository\org\codehaus\woodstox\woodstox-core-asl\4.4.1\woodstox-core-asl-4.4.1.jar;E:\1704A\repository\javax\xml\stream\stax-api\1.0-2\stax-api-1.0-2.jar;E:\1704A\repository\org\codehaus\woodstox\stax2-api\3.1.4\stax2-api-3.1.4.jar;E:\1704A\repository\org\springframework\cloud\spring-cloud-starter-netflix-archaius\2.0.1.RELEASE\spring-cloud-starter-netflix-archaius-2.0.1.RELEASE.jar;E:\1704A\repository\org\springframework\cloud\spring-cloud-netflix-ribbon\2.0.1.RELEASE\spring-cloud-netflix-ribbon-2.0.1.RELEASE.jar;E:\1704A\repository\org\springframework\cloud\spring-cloud-netflix-archaius\2.0.1.RELEASE\spring-cloud-netflix-archaius-2.0.1.RELEASE.jar;E:\1704A\repository\commons-configuration\commons-configuration\1.8\commons-configuration-1.8.jar;E:\1704A\repository\commons-lang\commons-lang\2.6\commons-lang-2.6.jar;E:\1704A\repository\org\springframework\cloud\spring-cloud-starter-netflix-ribbon\2.0.1.RELEASE\spring-cloud-starter-netflix-ribbon-2.0.1.RELEASE.jar;E:\1704A\repository\com\netflix\ribbon\ribbon\2.2.5\ribbon-2.2.5.jar;E:\1704A\repository\com\netflix\ribbon\ribbon-transport\2.2.5\ribbon-transport-2.2.5.jar;E:\1704A\repository\io\reactivex\rxnetty-contexts\0.4.9\rxnetty-contexts-0.4.9.jar;E:\1704A\repository\io\reactivex\rxnetty-servo\0.4.9\rxnetty-servo-0.4.9.jar;E:\1704A\repository\io\reactivex\rxnetty\0.4.9\rxnetty-0.4.9.jar;E:\1704A\repository\io\netty\netty-codec-http\4.1.23.Final\netty-codec-http-4.1.23.Final.jar;E:\1704A\repository\io\netty\netty-codec\4.1.23.Final\netty-codec-4.1.23.Final.jar;E:\1704A\repository\io\netty\netty-transport-native-epoll\4.1.23.Final\netty-transport-native-epoll-4.1.23.Final.jar;E:\1704A\repository\io\netty\netty-common\4.1.23.Final\netty-common-4.1.23.Final.jar;E:\1704A\repository\io\netty\netty-buffer\4.1.23.Final\netty-buffer-4.1.23.Final.jar;E:\1704A\repository\io\netty\netty-transport-native-unix-common\4.1.23.Final\netty-transport-native-unix-common-4.1.23.Final.jar;E:\1704A\repository\io\netty\netty-transport\4.1.23.Final\netty-transport-4.1.23.Final.jar;E:\1704A\repository\io\netty\netty-resolver\4.1.23.Final\netty-resolver-4.1.23.Final.jar;E:\1704A\repository\com\netflix\ribbon\ribbon-core\2.2.5\ribbon-core-2.2.5.jar;E:\1704A\repository\com\netflix\ribbon\ribbon-httpclient\2.2.5\ribbon-httpclient-2.2.5.jar;E:\1704A\repository\commons-collections\commons-collections\3.2.2\commons-collections-3.2.2.jar;E:\1704A\repository\com\netflix\netflix-commons\netflix-commons-util\0.3.0\netflix-commons-util-0.3.0.jar;E:\1704A\repository\com\netflix\ribbon\ribbon-loadbalancer\2.2.5\ribbon-loadbalancer-2.2.5.jar;E:\1704A\repository\com\netflix\netflix-commons\netflix-statistics\0.1.1\netflix-statistics-0.1.1.jar;E:\1704A\repository\io\reactivex\rxjava\1.3.8\rxjava-1.3.8.jar;E:\1704A\repository\com\netflix\ribbon\ribbon-eureka\2.2.5\ribbon-eureka-2.2.5.jar;E:\1704A\repository\com\thoughtworks\xstream\xstream\1.4.10\xstream-1.4.10.jar;E:\1704A\repository\xmlpull\xmlpull\1.1.3.1\xmlpull-1.1.3.1.jar;E:\1704A\repository\xpp3\xpp3_min\1.1.4c\xpp3_min-1.1.4c.jar;E:\1704A\repository\org\springframework\cloud\spring-cloud-starter-openfeign\2.0.1.RELEASE\spring-cloud-starter-openfeign-2.0.1.RELEASE.jar;E:\1704A\repository\org\springframework\cloud\spring-cloud-openfeign-core\2.0.1.RELEASE\spring-cloud-openfeign-core-2.0.1.RELEASE.jar;E:\1704A\repository\org\springframework\cloud\spring-cloud-commons\2.0.1.RELEASE\spring-cloud-commons-2.0.1.RELEASE.jar;E:\1704A\repository\io\github\openfeign\feign-core\9.5.1\feign-core-9.5.1.jar;E:\1704A\repository\io\github\openfeign\feign-slf4j\9.5.1\feign-slf4j-9.5.1.jar;E:\1704A\repository\io\github\openfeign\feign-hystrix\9.5.1\feign-hystrix-9.5.1.jar;E:\1704A\repository\com\netflix\hystrix\hystrix-core\1.5.12\hystrix-core-1.5.12.jar;E:\1704A\repository\org\hdrhistogram\HdrHistogram\2.1.9\HdrHistogram-2.1.9.jar;E:\1704A\repository\io\github\openfeign\feign-java8\9.5.1\feign-java8-9.5.1.jar;E:\1704A\repository\com\netflix\feign\feign-okhttp\8.18.0\feign-okhttp-8.18.0.jar;E:\1704A\repository\com\netflix\feign\feign-core\8.18.0\feign-core-8.18.0.jar;E:\1704A\repository\org\jvnet\animal-sniffer-annotation\1.0\animal-sniffer-annotation-1.0.jar;"/>
    <property name="sun.cpu.endian" value="little"/>
    <property name="user.home" value="C:\Users\wangb"/>
    <property name="user.language" value="zh"/>
    <property name="java.specification.vendor" value="Oracle Corporation"/>
    <property name="java.home" value="C:\Program Files\Java\jdk1.8.0_91\jre"/>
    <property name="basedir" value="E:\1704A\hdServiceCode\nm-service-manage-course"/>
    <property name="file.separator" value="\"/>
    <property name="line.separator" value="&#10;"/>
    <property name="java.vm.specification.vendor" value="Oracle Corporation"/>
    <property name="java.specification.name" value="Java Platform API Specification"/>
    <property name="java.awt.graphicsenv" value="sun.awt.Win32GraphicsEnvironment"/>
    <property name="surefire.real.class.path" value="C:\Users\wangb\AppData\Local\Temp\surefire5324342515423551962\surefirebooter5243460830507094447.jar"/>
    <property name="sun.boot.class.path" value="C:\Program Files\Java\jdk1.8.0_91\jre\lib\resources.jar;C:\Program Files\Java\jdk1.8.0_91\jre\lib\rt.jar;C:\Program Files\Java\jdk1.8.0_91\jre\lib\sunrsasign.jar;C:\Program Files\Java\jdk1.8.0_91\jre\lib\jsse.jar;C:\Program Files\Java\jdk1.8.0_91\jre\lib\jce.jar;C:\Program Files\Java\jdk1.8.0_91\jre\lib\charsets.jar;C:\Program Files\Java\jdk1.8.0_91\jre\lib\jfr.jar;C:\Program Files\Java\jdk1.8.0_91\jre\classes"/>
    <property name="user.script" value=""/>
    <property name="sun.management.compiler" value="HotSpot 64-Bit Tiered Compilers"/>
    <property name="java.runtime.version" value="1.8.0_91-b14"/>
    <property name="user.name" value="wangb"/>
    <property name="path.separator" value=";"/>
    <property name="os.version" value="10.0"/>
    <property name="java.endorsed.dirs" value="C:\Program Files\Java\jdk1.8.0_91\jre\lib\endorsed"/>
    <property name="java.runtime.name" value="Java(TM) SE Runtime Environment"/>
    <property name="file.encoding" value="GBK"/>
    <property name="java.vm.name" value="Java HotSpot(TM) 64-Bit Server VM"/>
    <property name="localRepository" value="E:\1704A\repository"/>
    <property name="java.vendor.url.bug" value="http://bugreport.sun.com/bugreport/"/>
    <property name="java.io.tmpdir" value="C:\Users\wangb\AppData\Local\Temp\"/>
    <property name="idea.version" value="2017.1.2"/>
    <property name="java.version" value="1.8.0_91"/>
    <property name="user.dir" value="E:\1704A\hdServiceCode\nm-service-manage-course"/>
    <property name="os.arch" value="amd64"/>
    <property name="java.vm.specification.name" value="Java Virtual Machine Specification"/>
    <property name="java.awt.printerjob" value="sun.awt.windows.WPrinterJob"/>
    <property name="sun.os.patch.level" value=""/>
    <property name="java.library.path" value="C:\Program Files\Java\jdk1.8.0_91\jre\bin;C:\WINDOWS\Sun\Java\bin;C:\WINDOWS\system32;C:\WINDOWS;E:\app\wangb\product\11.2.0\dbhome_1\bin;E:\maven\apache-maven-3.6.1\bin;C:\Program Files\Java\jdk1.8.0_91\bin;C:\Program Files (x86)\Intel\iCLS Client\;C:\Program Files\Intel\iCLS Client\;C:\Windows\system32;C:\Windows;C:\Windows\System32\Wbem;C:\Windows\System32\WindowsPowerShell\v1.0\;C:\Program Files (x86)\NVIDIA Corporation\PhysX\Common;C:\Program Files (x86)\Intel\Intel(R) Management Engine Components\DAL;C:\Program Files\Intel\Intel(R) Management Engine Components\DAL;C:\Program Files (x86)\Intel\Intel(R) Management Engine Components\IPT;C:\Program Files\Intel\Intel(R) Management Engine Components\IPT;C:\WINDOWS\system32;C:\WINDOWS;C:\WINDOWS\System32\Wbem;C:\WINDOWS\System32\WindowsPowerShell\v1.0\;C:\WINDOWS\System32\OpenSSH\;C:\Program Files\MySQL\MySQL Server 5.5\bin;E:\nodejs\;E:\Git\cmd;E:\Mp4\ffmpeg-20180227-fa0c9d6-win64-static\bin;C:\Users\wangb\AppData\Local\Microsoft\WindowsApps;C:\Users\wangb\AppData\Roaming\npm;E:\Microsoft VS Code\bin;."/>
    <property name="java.vm.info" value="mixed mode"/>
    <property name="java.vendor" value="Oracle Corporation"/>
    <property name="java.vm.version" value="25.91-b14"/>
    <property name="java.ext.dirs" value="C:\Program Files\Java\jdk1.8.0_91\jre\lib\ext;C:\WINDOWS\Sun\Java\lib\ext"/>
    <property name="sun.io.unicode.encoding" value="UnicodeLittle"/>
    <property name="maven.repo.local" value="E:\1704A\repository"/>
    <property name="java.class.version" value="52.0"/>
  </properties>
  <testcase name="testFeign" classname="com.ningmeng.manage_course.dao.FeignTest" time="7.68">
    <error message="com.netflix.client.ClientException: Load balancer does not have available server for client: nm-service-manage-cms" type="java.lang.RuntimeException">java.lang.RuntimeException: com.netflix.client.ClientException: Load balancer does not have available server for client: nm-service-manage-cms
	at com.ningmeng.manage_course.dao.FeignTest.testFeign(FeignTest.java:22)
Caused by: com.netflix.client.ClientException: Load balancer does not have available server for client: nm-service-manage-cms
	at com.ningmeng.manage_course.dao.FeignTest.testFeign(FeignTest.java:22)
</error>
    <system-out><![CDATA[21:56:38.599 [main] DEBUG org.springframework.test.context.junit4.SpringJUnit4ClassRunner - SpringJUnit4ClassRunner constructor called with [class com.ningmeng.manage_course.dao.FeignTest]
21:56:38.605 [main] DEBUG org.springframework.test.context.BootstrapUtils - Instantiating CacheAwareContextLoaderDelegate from class [org.springframework.test.context.cache.DefaultCacheAwareContextLoaderDelegate]
21:56:38.613 [main] DEBUG org.springframework.test.context.BootstrapUtils - Instantiating BootstrapContext using constructor [public org.springframework.test.context.support.DefaultBootstrapContext(java.lang.Class,org.springframework.test.context.CacheAwareContextLoaderDelegate)]
21:56:38.643 [main] DEBUG org.springframework.test.context.BootstrapUtils - Instantiating TestContextBootstrapper for test class [com.ningmeng.manage_course.dao.FeignTest] from class [org.springframework.boot.test.context.SpringBootTestContextBootstrapper]
21:56:38.665 [main] INFO org.springframework.boot.test.context.SpringBootTestContextBootstrapper - Neither @ContextConfiguration nor @ContextHierarchy found for test class [com.ningmeng.manage_course.dao.FeignTest], using SpringBootContextLoader
21:56:38.668 [main] DEBUG org.springframework.test.context.support.AbstractContextLoader - Did not detect default resource location for test class [com.ningmeng.manage_course.dao.FeignTest]: class path resource [com/ningmeng/manage_course/dao/FeignTest-context.xml] does not exist
21:56:38.669 [main] DEBUG org.springframework.test.context.support.AbstractContextLoader - Did not detect default resource location for test class [com.ningmeng.manage_course.dao.FeignTest]: class path resource [com/ningmeng/manage_course/dao/FeignTestContext.groovy] does not exist
21:56:38.669 [main] INFO org.springframework.test.context.support.AbstractContextLoader - Could not detect default resource locations for test class [com.ningmeng.manage_course.dao.FeignTest]: no resource found for suffixes {-context.xml, Context.groovy}.
21:56:38.669 [main] INFO org.springframework.test.context.support.AnnotationConfigContextLoaderUtils - Could not detect default configuration classes for test class [com.ningmeng.manage_course.dao.FeignTest]: FeignTest does not declare any static, non-private, non-final, nested classes annotated with @Configuration.
21:56:38.750 [main] DEBUG org.springframework.test.context.support.ActiveProfilesUtils - Could not find an 'annotation declaring class' for annotation type [org.springframework.test.context.ActiveProfiles] and class [com.ningmeng.manage_course.dao.FeignTest]
21:56:38.767 [main] DEBUG org.springframework.core.env.StandardEnvironment - Adding PropertySource 'systemProperties' with lowest search precedence
21:56:38.767 [main] DEBUG org.springframework.core.env.StandardEnvironment - Adding PropertySource 'systemEnvironment' with lowest search precedence
21:56:38.767 [main] DEBUG org.springframework.core.env.StandardEnvironment - Initialized StandardEnvironment with PropertySources [MapPropertySource@349420578 {name='systemProperties', properties={idea.version=2017.1.2, java.runtime.name=Java(TM) SE Runtime Environment, sun.boot.library.path=C:\Program Files\Java\jdk1.8.0_91\jre\bin, java.vm.version=25.91-b14, java.vm.vendor=Oracle Corporation, java.vendor.url=http://java.oracle.com/, path.separator=;, java.vm.name=Java HotSpot(TM) 64-Bit Server VM, file.encoding.pkg=sun.io, user.country=CN, user.script=, sun.java.launcher=SUN_STANDARD, sun.os.patch.level=, java.vm.specification.name=Java Virtual Machine Specification, user.dir=E:\1704A\hdServiceCode\nm-service-manage-course, java.runtime.version=1.8.0_91-b14, basedir=E:\1704A\hdServiceCode\nm-service-manage-course, java.awt.graphicsenv=sun.awt.Win32GraphicsEnvironment, java.endorsed.dirs=C:\Program Files\Java\jdk1.8.0_91\jre\lib\endorsed, os.arch=amd64, surefire.real.class.path=C:\Users\wangb\AppData\Local\Temp\surefire5324342515423551962\surefirebooter5243460830507094447.jar, java.io.tmpdir=C:\Users\wangb\AppData\Local\Temp\, line.separator=
, java.vm.specification.vendor=Oracle Corporation, user.variant=, os.name=Windows 10, sun.jnu.encoding=GBK, java.library.path=C:\Program Files\Java\jdk1.8.0_91\jre\bin;C:\WINDOWS\Sun\Java\bin;C:\WINDOWS\system32;C:\WINDOWS;E:\app\wangb\product\11.2.0\dbhome_1\bin;E:\maven\apache-maven-3.6.1\bin;C:\Program Files\Java\jdk1.8.0_91\bin;C:\Program Files (x86)\Intel\iCLS Client\;C:\Program Files\Intel\iCLS Client\;C:\Windows\system32;C:\Windows;C:\Windows\System32\Wbem;C:\Windows\System32\WindowsPowerShell\v1.0\;C:\Program Files (x86)\NVIDIA Corporation\PhysX\Common;C:\Program Files (x86)\Intel\Intel(R) Management Engine Components\DAL;C:\Program Files\Intel\Intel(R) Management Engine Components\DAL;C:\Program Files (x86)\Intel\Intel(R) Management Engine Components\IPT;C:\Program Files\Intel\Intel(R) Management Engine Components\IPT;C:\WINDOWS\system32;C:\WINDOWS;C:\WINDOWS\System32\Wbem;C:\WINDOWS\System32\WindowsPowerShell\v1.0\;C:\WINDOWS\System32\OpenSSH\;C:\Program Files\MySQL\MySQL Server 5.5\bin;E:\nodejs\;E:\Git\cmd;E:\Mp4\ffmpeg-20180227-fa0c9d6-win64-static\bin;C:\Users\wangb\AppData\Local\Microsoft\WindowsApps;C:\Users\wangb\AppData\Roaming\npm;E:\Microsoft VS Code\bin;., surefire.test.class.path=E:\1704A\hdServiceCode\nm-service-manage-course\target\test-classes;E:\1704A\hdServiceCode\nm-service-manage-course\target\classes;E:\1704A\repository\org\springframework\cloud\spring-cloud-starter-oauth2\2.0.0.RELEASE\spring-cloud-starter-oauth2-2.0.0.RELEASE.jar;E:\1704A\repository\org\springframework\cloud\spring-cloud-starter-security\2.0.0.RELEASE\spring-cloud-starter-security-2.0.0.RELEASE.jar;E:\1704A\repository\org\springframework\boot\spring-boot-starter-actuator\2.0.1.RELEASE\spring-boot-starter-actuator-2.0.1.RELEASE.jar;E:\1704A\repository\org\springframework\boot\spring-boot-actuator-autoconfigure\2.0.1.RELEASE\spring-boot-actuator-autoconfigure-2.0.1.RELEASE.jar;E:\1704A\repository\org\springframework\boot\spring-boot-actuator\2.0.1.RELEASE\spring-boot-actuator-2.0.1.RELEASE.jar;E:\1704A\repository\io\micrometer\micrometer-core\1.0.3\micrometer-core-1.0.3.jar;E:\1704A\repository\org\latencyutils\LatencyUtils\2.0.3\LatencyUtils-2.0.3.jar;E:\1704A\repository\org\springframework\cloud\spring-cloud-security\2.0.0.RELEASE\spring-cloud-security-2.0.0.RELEASE.jar;E:\1704A\repository\org\springframework\boot\spring-boot-starter-security\2.0.1.RELEASE\spring-boot-starter-security-2.0.1.RELEASE.jar;E:\1704A\repository\org\springframework\security\oauth\boot\spring-security-oauth2-autoconfigure\2.0.0.RELEASE\spring-security-oauth2-autoconfigure-2.0.0.RELEASE.jar;E:\1704A\repository\com\fasterxml\jackson\core\jackson-annotations\2.9.0\jackson-annotations-2.9.0.jar;E:\1704A\repository\com\fasterxml\jackson\core\jackson-databind\2.9.5\jackson-databind-2.9.5.jar;E:\1704A\repository\org\springframework\boot\spring-boot\2.0.1.RELEASE\spring-boot-2.0.1.RELEASE.jar;E:\1704A\repository\org\springframework\security\oauth\spring-security-oauth2\2.2.1.RELEASE\spring-security-oauth2-2.2.1.RELEASE.jar;E:\1704A\repository\org\springframework\security\spring-security-core\5.0.4.RELEASE\spring-security-core-5.0.4.RELEASE.jar;E:\1704A\repository\org\springframework\security\spring-security-config\5.0.4.RELEASE\spring-security-config-5.0.4.RELEASE.jar;E:\1704A\repository\org\springframework\security\spring-security-web\5.0.4.RELEASE\spring-security-web-5.0.4.RELEASE.jar;E:\1704A\repository\org\codehaus\jackson\jackson-mapper-asl\1.9.13\jackson-mapper-asl-1.9.13.jar;E:\1704A\repository\org\codehaus\jackson\jackson-core-asl\1.9.13\jackson-core-asl-1.9.13.jar;E:\1704A\repository\com\github\pagehelper\pagehelper-spring-boot-starter\1.2.4\pagehelper-spring-boot-starter-1.2.4.jar;E:\1704A\repository\org\springframework\boot\spring-boot-starter\2.0.1.RELEASE\spring-boot-starter-2.0.1.RELEASE.jar;E:\1704A\repository\javax\annotation\javax.annotation-api\1.3.2\javax.annotation-api-1.3.2.jar;E:\1704A\repository\org\yaml\snakeyaml\1.19\snakeyaml-1.19.jar;E:\1704A\repository\com\github\pagehelper\pagehelper-spring-boot-autoconfigure\1.2.4\pagehelper-spring-boot-autoconfigure-1.2.4.jar;E:\1704A\repository\com\github\pagehelper\pagehelper\5.1.3\pagehelper-5.1.3.jar;E:\1704A\repository\com\github\jsqlparser\jsqlparser\1.0\jsqlparser-1.0.jar;E:\1704A\hdServiceCode\nm-service-api\target\nm-service-api.jar;E:\1704A\repository\commons-fileupload\commons-fileupload\1.3.3\commons-fileupload-1.3.3.jar;E:\1704A\repository\io\springfox\springfox-swagger2\2.7.0\springfox-swagger2-2.7.0.jar;E:\1704A\repository\io\swagger\swagger-annotations\1.5.13\swagger-annotations-1.5.13.jar;E:\1704A\repository\io\swagger\swagger-models\1.5.13\swagger-models-1.5.13.jar;E:\1704A\repository\io\springfox\springfox-spi\2.7.0\springfox-spi-2.7.0.jar;E:\1704A\repository\io\springfox\springfox-core\2.7.0\springfox-core-2.7.0.jar;E:\1704A\repository\io\springfox\springfox-schema\2.7.0\springfox-schema-2.7.0.jar;E:\1704A\repository\io\springfox\springfox-swagger-common\2.7.0\springfox-swagger-common-2.7.0.jar;E:\1704A\repository\io\springfox\springfox-spring-web\2.7.0\springfox-spring-web-2.7.0.jar;E:\1704A\repository\org\reflections\reflections\0.9.11\reflections-0.9.11.jar;E:\1704A\repository\com\fasterxml\classmate\1.3.4\classmate-1.3.4.jar;E:\1704A\repository\org\springframework\plugin\spring-plugin-core\1.2.0.RELEASE\spring-plugin-core-1.2.0.RELEASE.jar;E:\1704A\repository\org\springframework\plugin\spring-plugin-metadata\1.2.0.RELEASE\spring-plugin-metadata-1.2.0.RELEASE.jar;E:\1704A\repository\org\mapstruct\mapstruct\1.1.0.Final\mapstruct-1.1.0.Final.jar;E:\1704A\repository\io\springfox\springfox-swagger-ui\2.7.0\springfox-swagger-ui-2.7.0.jar;E:\1704A\hdServiceCode\nm-framework-model\target\nm-framework-model.jar;E:\1704A\repository\org\projectlombok\lombok\1.16.16\lombok-1.16.16.jar;E:\1704A\repository\org\springframework\data\spring-data-commons\2.0.6.RELEASE\spring-data-commons-2.0.6.RELEASE.jar;E:\1704A\repository\org\springframework\data\spring-data-mongodb\2.0.6.RELEASE\spring-data-mongodb-2.0.6.RELEASE.jar;E:\1704A\repository\org\springframework\spring-context\5.0.5.RELEASE\spring-context-5.0.5.RELEASE.jar;E:\1704A\repository\org\springframework\spring-expression\5.0.5.RELEASE\spring-expression-5.0.5.RELEASE.jar;E:\1704A\repository\org\mongodb\mongo-java-driver\3.6.3\mongo-java-driver-3.6.3.jar;E:\1704A\repository\org\hibernate\hibernate-core\5.2.16.Final\hibernate-core-5.2.16.Final.jar;E:\1704A\repository\org\jboss\logging\jboss-logging\3.3.2.Final\jboss-logging-3.3.2.Final.jar;E:\1704A\repository\org\hibernate\javax\persistence\hibernate-jpa-2.1-api\1.0.0.Final\hibernate-jpa-2.1-api-1.0.0.Final.jar;E:\1704A\repository\org\javassist\javassist\3.22.0-GA\javassist-3.22.0-GA.jar;E:\1704A\repository\antlr\antlr\2.7.7\antlr-2.7.7.jar;E:\1704A\repository\org\jboss\spec\javax\transaction\jboss-transaction-api_1.2_spec\1.0.1.Final\jboss-transaction-api_1.2_spec-1.0.1.Final.jar;E:\1704A\repository\org\jboss\jandex\2.0.3.Final\jandex-2.0.3.Final.jar;E:\1704A\repository\dom4j\dom4j\1.6.1\dom4j-1.6.1.jar;E:\1704A\repository\org\hibernate\common\hibernate-commons-annotations\5.0.1.Final\hibernate-commons-annotations-5.0.1.Final.jar;E:\1704A\repository\com\google\guava\guava\24.0-jre\guava-24.0-jre.jar;E:\1704A\repository\com\google\code\findbugs\jsr305\1.3.9\jsr305-1.3.9.jar;E:\1704A\repository\org\checkerframework\checker-compat-qual\2.0.0\checker-compat-qual-2.0.0.jar;E:\1704A\repository\com\google\errorprone\error_prone_annotations\2.1.3\error_prone_annotations-2.1.3.jar;E:\1704A\repository\com\google\j2objc\j2objc-annotations\1.1\j2objc-annotations-1.1.jar;E:\1704A\repository\org\codehaus\mojo\animal-sniffer-annotations\1.14\animal-sniffer-annotations-1.14.jar;E:\1704A\hdServiceCode\nm-framework-utils\target\nm-framework-utils.jar;E:\1704A\repository\javax\servlet\javax.servlet-api\3.1.0\javax.servlet-api-3.1.0.jar;E:\1704A\repository\org\springframework\boot\spring-boot-starter-logging\2.0.1.RELEASE\spring-boot-starter-logging-2.0.1.RELEASE.jar;E:\1704A\repository\ch\qos\logback\logback-classic\1.2.3\logback-classic-1.2.3.jar;E:\1704A\repository\ch\qos\logback\logback-core\1.2.3\logback-core-1.2.3.jar;E:\1704A\repository\org\apache\logging\log4j\log4j-to-slf4j\2.10.0\log4j-to-slf4j-2.10.0.jar;E:\1704A\repository\org\apache\logging\log4j\log4j-api\2.10.0\log4j-api-2.10.0.jar;E:\1704A\repository\org\slf4j\jul-to-slf4j\1.7.25\jul-to-slf4j-1.7.25.jar;E:\1704A\repository\org\apache\httpcomponents\httpclient\4.5.5\httpclient-4.5.5.jar;E:\1704A\repository\org\apache\httpcomponents\httpcore\4.4.9\httpcore-4.4.9.jar;E:\1704A\repository\commons-codec\commons-codec\1.10\commons-codec-1.10.jar;E:\1704A\repository\net\lingala\zip4j\zip4j\1.3.1\zip4j-1.3.1.jar;E:\1704A\repository\org\springframework\security\spring-security-crypto\5.0.4.RELEASE\spring-security-crypto-5.0.4.RELEASE.jar;E:\1704A\repository\org\springframework\security\spring-security-jwt\1.0.8.RELEASE\spring-security-jwt-1.0.8.RELEASE.jar;E:\1704A\repository\org\bouncycastle\bcpkix-jdk15on\1.56\bcpkix-jdk15on-1.56.jar;E:\1704A\repository\org\bouncycastle\bcprov-jdk15on\1.56\bcprov-jdk15on-1.56.jar;E:\1704A\hdServiceCode\nm-framework-common\target\nm-framework-common.jar;E:\1704A\repository\org\springframework\spring-web\5.0.5.RELEASE\spring-web-5.0.5.RELEASE.jar;E:\1704A\repository\org\springframework\boot\spring-boot-starter-web\2.0.1.RELEASE\spring-boot-starter-web-2.0.1.RELEASE.jar;E:\1704A\repository\org\springframework\boot\spring-boot-starter-json\2.0.1.RELEASE\spring-boot-starter-json-2.0.1.RELEASE.jar;E:\1704A\repository\com\fasterxml\jackson\datatype\jackson-datatype-jdk8\2.9.5\jackson-datatype-jdk8-2.9.5.jar;E:\1704A\repository\com\fasterxml\jackson\datatype\jackson-datatype-jsr310\2.9.5\jackson-datatype-jsr310-2.9.5.jar;E:\1704A\repository\com\fasterxml\jackson\module\jackson-module-parameter-names\2.9.5\jackson-module-parameter-names-2.9.5.jar;E:\1704A\repository\org\springframework\boot\spring-boot-starter-tomcat\2.0.1.RELEASE\spring-boot-starter-tomcat-2.0.1.RELEASE.jar;E:\1704A\repository\org\apache\tomcat\embed\tomcat-embed-core\8.5.28\tomcat-embed-core-8.5.28.jar;E:\1704A\repository\org\apache\tomcat\embed\tomcat-embed-el\8.5.28\tomcat-embed-el-8.5.28.jar;E:\1704A\repository\org\apache\tomcat\embed\tomcat-embed-websocket\8.5.28\tomcat-embed-websocket-8.5.28.jar;E:\1704A\repository\org\hibernate\validator\hibernate-validator\6.0.9.Final\hibernate-validator-6.0.9.Final.jar;E:\1704A\repository\javax\validation\validation-api\2.0.1.Final\validation-api-2.0.1.Final.jar;E:\1704A\repository\org\springframework\spring-webmvc\5.0.5.RELEASE\spring-webmvc-5.0.5.RELEASE.jar;E:\1704A\repository\org\springframework\spring-aop\5.0.5.RELEASE\spring-aop-5.0.5.RELEASE.jar;E:\1704A\repository\mysql\mysql-connector-java\5.1.40\mysql-connector-java-5.1.40.jar;E:\1704A\repository\com\alibaba\druid-spring-boot-starter\1.1.10\druid-spring-boot-starter-1.1.10.jar;E:\1704A\repository\com\alibaba\druid\1.1.6\druid-1.1.6.jar;E:\1704A\repository\org\slf4j\slf4j-api\1.7.25\slf4j-api-1.7.25.jar;E:\1704A\repository\org\springframework\boot\spring-boot-autoconfigure\2.0.1.RELEASE\spring-boot-autoconfigure-2.0.1.RELEASE.jar;E:\1704A\repository\org\mybatis\spring\boot\mybatis-spring-boot-starter\1.3.1\mybatis-spring-boot-starter-1.3.1.jar;E:\1704A\repository\org\springframework\boot\spring-boot-starter-jdbc\2.0.1.RELEASE\spring-boot-starter-jdbc-2.0.1.RELEASE.jar;E:\1704A\repository\com\zaxxer\HikariCP\2.7.8\HikariCP-2.7.8.jar;E:\1704A\repository\org\mybatis\spring\boot\mybatis-spring-boot-autoconfigure\1.3.1\mybatis-spring-boot-autoconfigure-1.3.1.jar;E:\1704A\repository\org\mybatis\mybatis\3.4.5\mybatis-3.4.5.jar;E:\1704A\repository\org\mybatis\mybatis-spring\1.3.1\mybatis-spring-1.3.1.jar;E:\1704A\repository\org\springframework\spring-orm\5.0.5.RELEASE\spring-orm-5.0.5.RELEASE.jar;E:\1704A\repository\org\springframework\spring-beans\5.0.5.RELEASE\spring-beans-5.0.5.RELEASE.jar;E:\1704A\repository\org\springframework\spring-core\5.0.5.RELEASE\spring-core-5.0.5.RELEASE.jar;E:\1704A\repository\org\springframework\spring-jcl\5.0.5.RELEASE\spring-jcl-5.0.5.RELEASE.jar;E:\1704A\repository\org\springframework\spring-jdbc\5.0.5.RELEASE\spring-jdbc-5.0.5.RELEASE.jar;E:\1704A\repository\org\springframework\spring-tx\5.0.5.RELEASE\spring-tx-5.0.5.RELEASE.jar;E:\1704A\repository\org\springframework\boot\spring-boot-starter-data-jpa\2.0.1.RELEASE\spring-boot-starter-data-jpa-2.0.1.RELEASE.jar;E:\1704A\repository\org\springframework\boot\spring-boot-starter-aop\2.0.1.RELEASE\spring-boot-starter-aop-2.0.1.RELEASE.jar;E:\1704A\repository\org\aspectj\aspectjweaver\1.8.13\aspectjweaver-1.8.13.jar;E:\1704A\repository\javax\transaction\javax.transaction-api\1.2\javax.transaction-api-1.2.jar;E:\1704A\repository\org\springframework\data\spring-data-jpa\2.0.6.RELEASE\spring-data-jpa-2.0.6.RELEASE.jar;E:\1704A\repository\org\springframework\spring-aspects\5.0.5.RELEASE\spring-aspects-5.0.5.RELEASE.jar;E:\1704A\repository\com\squareup\okhttp3\okhttp\3.9.1\okhttp-3.9.1.jar;E:\1704A\repository\com\squareup\okio\okio\1.13.0\okio-1.13.0.jar;E:\1704A\repository\com\alibaba\fastjson\1.2.30\fastjson-1.2.30.jar;E:\1704A\repository\commons-io\commons-io\2.6\commons-io-2.6.jar;E:\1704A\repository\org\apache\commons\commons-lang3\3.6\commons-lang3-3.6.jar;E:\1704A\repository\org\springframework\boot\spring-boot-starter-test\2.0.1.RELEASE\spring-boot-starter-test-2.0.1.RELEASE.jar;E:\1704A\repository\org\springframework\boot\spring-boot-test\2.0.1.RELEASE\spring-boot-test-2.0.1.RELEASE.jar;E:\1704A\repository\org\springframework\boot\spring-boot-test-autoconfigure\2.0.1.RELEASE\spring-boot-test-autoconfigure-2.0.1.RELEASE.jar;E:\1704A\repository\com\jayway\jsonpath\json-path\2.4.0\json-path-2.4.0.jar;E:\1704A\repository\net\minidev\json-smart\2.3\json-smart-2.3.jar;E:\1704A\repository\net\minidev\accessors-smart\1.2\accessors-smart-1.2.jar;E:\1704A\repository\org\ow2\asm\asm\5.0.4\asm-5.0.4.jar;E:\1704A\repository\junit\junit\4.12\junit-4.12.jar;E:\1704A\repository\org\assertj\assertj-core\3.9.1\assertj-core-3.9.1.jar;E:\1704A\repository\org\mockito\mockito-core\2.15.0\mockito-core-2.15.0.jar;E:\1704A\repository\net\bytebuddy\byte-buddy\1.7.11\byte-buddy-1.7.11.jar;E:\1704A\repository\net\bytebuddy\byte-buddy-agent\1.7.11\byte-buddy-agent-1.7.11.jar;E:\1704A\repository\org\objenesis\objenesis\2.6\objenesis-2.6.jar;E:\1704A\repository\org\hamcrest\hamcrest-core\1.3\hamcrest-core-1.3.jar;E:\1704A\repository\org\hamcrest\hamcrest-library\1.3\hamcrest-library-1.3.jar;E:\1704A\repository\org\skyscreamer\jsonassert\1.5.0\jsonassert-1.5.0.jar;E:\1704A\repository\com\vaadin\external\google\android-json\0.0.20131108.vaadin1\android-json-0.0.20131108.vaadin1.jar;E:\1704A\repository\org\springframework\spring-test\5.0.5.RELEASE\spring-test-5.0.5.RELEASE.jar;E:\1704A\repository\org\xmlunit\xmlunit-core\2.5.1\xmlunit-core-2.5.1.jar;E:\1704A\repository\org\springframework\cloud\spring-cloud-starter-netflix-eureka-client\2.0.1.RELEASE\spring-cloud-starter-netflix-eureka-client-2.0.1.RELEASE.jar;E:\1704A\repository\org\springframework\cloud\spring-cloud-starter\2.0.1.RELEASE\spring-cloud-starter-2.0.1.RELEASE.jar;E:\1704A\repository\org\springframework\cloud\spring-cloud-context\2.0.1.RELEASE\spring-cloud-context-2.0.1.RELEASE.jar;E:\1704A\repository\org\springframework\security\spring-security-rsa\1.0.5.RELEASE\spring-security-rsa-1.0.5.RELEASE.jar;E:\1704A\repository\org\springframework\cloud\spring-cloud-netflix-core\2.0.1.RELEASE\spring-cloud-netflix-core-2.0.1.RELEASE.jar;E:\1704A\repository\org\springframework\cloud\spring-cloud-netflix-eureka-client\2.0.1.RELEASE\spring-cloud-netflix-eureka-client-2.0.1.RELEASE.jar;E:\1704A\repository\com\netflix\eureka\eureka-client\1.9.3\eureka-client-1.9.3.jar;E:\1704A\repository\org\codehaus\jettison\jettison\1.3.7\jettison-1.3.7.jar;E:\1704A\repository\stax\stax-api\1.0.1\stax-api-1.0.1.jar;E:\1704A\repository\com\netflix\netflix-commons\netflix-eventbus\0.3.0\netflix-eventbus-0.3.0.jar;E:\1704A\repository\com\netflix\netflix-commons\netflix-infix\0.3.0\netflix-infix-0.3.0.jar;E:\1704A\repository\commons-jxpath\commons-jxpath\1.3\commons-jxpath-1.3.jar;E:\1704A\repository\joda-time\joda-time\2.9.9\joda-time-2.9.9.jar;E:\1704A\repository\org\antlr\antlr-runtime\3.4\antlr-runtime-3.4.jar;E:\1704A\repository\org\antlr\stringtemplate\3.2.1\stringtemplate-3.2.1.jar;E:\1704A\repository\com\google\code\gson\gson\2.8.2\gson-2.8.2.jar;E:\1704A\repository\org\apache\commons\commons-math\2.2\commons-math-2.2.jar;E:\1704A\repository\com\netflix\archaius\archaius-core\0.7.6\archaius-core-0.7.6.jar;E:\1704A\repository\javax\ws\rs\jsr311-api\1.1.1\jsr311-api-1.1.1.jar;E:\1704A\repository\com\netflix\servo\servo-core\0.12.21\servo-core-0.12.21.jar;E:\1704A\repository\com\sun\jersey\jersey-core\1.19.1\jersey-core-1.19.1.jar;E:\1704A\repository\com\sun\jersey\jersey-client\1.19.1\jersey-client-1.19.1.jar;E:\1704A\repository\com\sun\jersey\contribs\jersey-apache-client4\1.19.1\jersey-apache-client4-1.19.1.jar;E:\1704A\repository\com\google\inject\guice\4.1.0\guice-4.1.0.jar;E:\1704A\repository\javax\inject\javax.inject\1\javax.inject-1.jar;E:\1704A\repository\aopalliance\aopalliance\1.0\aopalliance-1.0.jar;E:\1704A\repository\com\github\vlsi\compactmap\compactmap\1.2.1\compactmap-1.2.1.jar;E:\1704A\repository\com\github\andrewoma\dexx\dexx-collections\0.2\dexx-collections-0.2.jar;E:\1704A\repository\com\fasterxml\jackson\core\jackson-core\2.9.5\jackson-core-2.9.5.jar;E:\1704A\repository\com\netflix\eureka\eureka-core\1.9.3\eureka-core-1.9.3.jar;E:\1704A\repository\org\codehaus\woodstox\woodstox-core-asl\4.4.1\woodstox-core-asl-4.4.1.jar;E:\1704A\repository\javax\xml\stream\stax-api\1.0-2\stax-api-1.0-2.jar;E:\1704A\repository\org\codehaus\woodstox\stax2-api\3.1.4\stax2-api-3.1.4.jar;E:\1704A\repository\org\springframework\cloud\spring-cloud-starter-netflix-archaius\2.0.1.RELEASE\spring-cloud-starter-netflix-archaius-2.0.1.RELEASE.jar;E:\1704A\repository\org\springframework\cloud\spring-cloud-netflix-ribbon\2.0.1.RELEASE\spring-cloud-netflix-ribbon-2.0.1.RELEASE.jar;E:\1704A\repository\org\springframework\cloud\spring-cloud-netflix-archaius\2.0.1.RELEASE\spring-cloud-netflix-archaius-2.0.1.RELEASE.jar;E:\1704A\repository\commons-configuration\commons-configuration\1.8\commons-configuration-1.8.jar;E:\1704A\repository\commons-lang\commons-lang\2.6\commons-lang-2.6.jar;E:\1704A\repository\org\springframework\cloud\spring-cloud-starter-netflix-ribbon\2.0.1.RELEASE\spring-cloud-starter-netflix-ribbon-2.0.1.RELEASE.jar;E:\1704A\repository\com\netflix\ribbon\ribbon\2.2.5\ribbon-2.2.5.jar;E:\1704A\repository\com\netflix\ribbon\ribbon-transport\2.2.5\ribbon-transport-2.2.5.jar;E:\1704A\repository\io\reactivex\rxnetty-contexts\0.4.9\rxnetty-contexts-0.4.9.jar;E:\1704A\repository\io\reactivex\rxnetty-servo\0.4.9\rxnetty-servo-0.4.9.jar;E:\1704A\repository\io\reactivex\rxnetty\0.4.9\rxnetty-0.4.9.jar;E:\1704A\repository\io\netty\netty-codec-http\4.1.23.Final\netty-codec-http-4.1.23.Final.jar;E:\1704A\repository\io\netty\netty-codec\4.1.23.Final\netty-codec-4.1.23.Final.jar;E:\1704A\repository\io\netty\netty-transport-native-epoll\4.1.23.Final\netty-transport-native-epoll-4.1.23.Final.jar;E:\1704A\repository\io\netty\netty-common\4.1.23.Final\netty-common-4.1.23.Final.jar;E:\1704A\repository\io\netty\netty-buffer\4.1.23.Final\netty-buffer-4.1.23.Final.jar;E:\1704A\repository\io\netty\netty-transport-native-unix-common\4.1.23.Final\netty-transport-native-unix-common-4.1.23.Final.jar;E:\1704A\repository\io\netty\netty-transport\4.1.23.Final\netty-transport-4.1.23.Final.jar;E:\1704A\repository\io\netty\netty-resolver\4.1.23.Final\netty-resolver-4.1.23.Final.jar;E:\1704A\repository\com\netflix\ribbon\ribbon-core\2.2.5\ribbon-core-2.2.5.jar;E:\1704A\repository\com\netflix\ribbon\ribbon-httpclient\2.2.5\ribbon-httpclient-2.2.5.jar;E:\1704A\repository\commons-collections\commons-collections\3.2.2\commons-collections-3.2.2.jar;E:\1704A\repository\com\netflix\netflix-commons\netflix-commons-util\0.3.0\netflix-commons-util-0.3.0.jar;E:\1704A\repository\com\netflix\ribbon\ribbon-loadbalancer\2.2.5\ribbon-loadbalancer-2.2.5.jar;E:\1704A\repository\com\netflix\netflix-commons\netflix-statistics\0.1.1\netflix-statistics-0.1.1.jar;E:\1704A\repository\io\reactivex\rxjava\1.3.8\rxjava-1.3.8.jar;E:\1704A\repository\com\netflix\ribbon\ribbon-eureka\2.2.5\ribbon-eureka-2.2.5.jar;E:\1704A\repository\com\thoughtworks\xstream\xstream\1.4.10\xstream-1.4.10.jar;E:\1704A\repository\xmlpull\xmlpull\1.1.3.1\xmlpull-1.1.3.1.jar;E:\1704A\repository\xpp3\xpp3_min\1.1.4c\xpp3_min-1.1.4c.jar;E:\1704A\repository\org\springframework\cloud\spring-cloud-starter-openfeign\2.0.1.RELEASE\spring-cloud-starter-openfeign-2.0.1.RELEASE.jar;E:\1704A\repository\org\springframework\cloud\spring-cloud-openfeign-core\2.0.1.RELEASE\spring-cloud-openfeign-core-2.0.1.RELEASE.jar;E:\1704A\repository\org\springframework\cloud\spring-cloud-commons\2.0.1.RELEASE\spring-cloud-commons-2.0.1.RELEASE.jar;E:\1704A\repository\io\github\openfeign\feign-core\9.5.1\feign-core-9.5.1.jar;E:\1704A\repository\io\github\openfeign\feign-slf4j\9.5.1\feign-slf4j-9.5.1.jar;E:\1704A\repository\io\github\openfeign\feign-hystrix\9.5.1\feign-hystrix-9.5.1.jar;E:\1704A\repository\com\netflix\hystrix\hystrix-core\1.5.12\hystrix-core-1.5.12.jar;E:\1704A\repository\org\hdrhistogram\HdrHistogram\2.1.9\HdrHistogram-2.1.9.jar;E:\1704A\repository\io\github\openfeign\feign-java8\9.5.1\feign-java8-9.5.1.jar;E:\1704A\repository\com\netflix\feign\feign-okhttp\8.18.0\feign-okhttp-8.18.0.jar;E:\1704A\repository\com\netflix\feign\feign-core\8.18.0\feign-core-8.18.0.jar;E:\1704A\repository\org\jvnet\animal-sniffer-annotation\1.0\animal-sniffer-annotation-1.0.jar;, java.specification.name=Java Platform API Specification, java.class.version=52.0, sun.management.compiler=HotSpot 64-Bit Tiered Compilers, maven.repo.local=E:\1704A\repository, os.version=10.0, user.home=C:\Users\wangb, user.timezone=Asia/Shanghai, java.awt.printerjob=sun.awt.windows.WPrinterJob, file.encoding=GBK, java.specification.version=1.8, java.class.path=E:\1704A\hdServiceCode\nm-service-manage-course\target\test-classes;E:\1704A\hdServiceCode\nm-service-manage-course\target\classes;E:\1704A\repository\org\springframework\cloud\spring-cloud-starter-oauth2\2.0.0.RELEASE\spring-cloud-starter-oauth2-2.0.0.RELEASE.jar;E:\1704A\repository\org\springframework\cloud\spring-cloud-starter-security\2.0.0.RELEASE\spring-cloud-starter-security-2.0.0.RELEASE.jar;E:\1704A\repository\org\springframework\boot\spring-boot-starter-actuator\2.0.1.RELEASE\spring-boot-starter-actuator-2.0.1.RELEASE.jar;E:\1704A\repository\org\springframework\boot\spring-boot-actuator-autoconfigure\2.0.1.RELEASE\spring-boot-actuator-autoconfigure-2.0.1.RELEASE.jar;E:\1704A\repository\org\springframework\boot\spring-boot-actuator\2.0.1.RELEASE\spring-boot-actuator-2.0.1.RELEASE.jar;E:\1704A\repository\io\micrometer\micrometer-core\1.0.3\micrometer-core-1.0.3.jar;E:\1704A\repository\org\latencyutils\LatencyUtils\2.0.3\LatencyUtils-2.0.3.jar;E:\1704A\repository\org\springframework\cloud\spring-cloud-security\2.0.0.RELEASE\spring-cloud-security-2.0.0.RELEASE.jar;E:\1704A\repository\org\springframework\boot\spring-boot-starter-security\2.0.1.RELEASE\spring-boot-starter-security-2.0.1.RELEASE.jar;E:\1704A\repository\org\springframework\security\oauth\boot\spring-security-oauth2-autoconfigure\2.0.0.RELEASE\spring-security-oauth2-autoconfigure-2.0.0.RELEASE.jar;E:\1704A\repository\com\fasterxml\jackson\core\jackson-annotations\2.9.0\jackson-annotations-2.9.0.jar;E:\1704A\repository\com\fasterxml\jackson\core\jackson-databind\2.9.5\jackson-databind-2.9.5.jar;E:\1704A\repository\org\springframework\boot\spring-boot\2.0.1.RELEASE\spring-boot-2.0.1.RELEASE.jar;E:\1704A\repository\org\springframework\security\oauth\spring-security-oauth2\2.2.1.RELEASE\spring-security-oauth2-2.2.1.RELEASE.jar;E:\1704A\repository\org\springframework\security\spring-security-core\5.0.4.RELEASE\spring-security-core-5.0.4.RELEASE.jar;E:\1704A\repository\org\springframework\security\spring-security-config\5.0.4.RELEASE\spring-security-config-5.0.4.RELEASE.jar;E:\1704A\repository\org\springframework\security\spring-security-web\5.0.4.RELEASE\spring-security-web-5.0.4.RELEASE.jar;E:\1704A\repository\org\codehaus\jackson\jackson-mapper-asl\1.9.13\jackson-mapper-asl-1.9.13.jar;E:\1704A\repository\org\codehaus\jackson\jackson-core-asl\1.9.13\jackson-core-asl-1.9.13.jar;E:\1704A\repository\com\github\pagehelper\pagehelper-spring-boot-starter\1.2.4\pagehelper-spring-boot-starter-1.2.4.jar;E:\1704A\repository\org\springframework\boot\spring-boot-starter\2.0.1.RELEASE\spring-boot-starter-2.0.1.RELEASE.jar;E:\1704A\repository\javax\annotation\javax.annotation-api\1.3.2\javax.annotation-api-1.3.2.jar;E:\1704A\repository\org\yaml\snakeyaml\1.19\snakeyaml-1.19.jar;E:\1704A\repository\com\github\pagehelper\pagehelper-spring-boot-autoconfigure\1.2.4\pagehelper-spring-boot-autoconfigure-1.2.4.jar;E:\1704A\repository\com\github\pagehelper\pagehelper\5.1.3\pagehelper-5.1.3.jar;E:\1704A\repository\com\github\jsqlparser\jsqlparser\1.0\jsqlparser-1.0.jar;E:\1704A\hdServiceCode\nm-service-api\target\nm-service-api.jar;E:\1704A\repository\commons-fileupload\commons-fileupload\1.3.3\commons-fileupload-1.3.3.jar;E:\1704A\repository\io\springfox\springfox-swagger2\2.7.0\springfox-swagger2-2.7.0.jar;E:\1704A\repository\io\swagger\swagger-annotations\1.5.13\swagger-annotations-1.5.13.jar;E:\1704A\repository\io\swagger\swagger-models\1.5.13\swagger-models-1.5.13.jar;E:\1704A\repository\io\springfox\springfox-spi\2.7.0\springfox-spi-2.7.0.jar;E:\1704A\repository\io\springfox\springfox-core\2.7.0\springfox-core-2.7.0.jar;E:\1704A\repository\io\springfox\springfox-schema\2.7.0\springfox-schema-2.7.0.jar;E:\1704A\repository\io\springfox\springfox-swagger-common\2.7.0\springfox-swagger-common-2.7.0.jar;E:\1704A\repository\io\springfox\springfox-spring-web\2.7.0\springfox-spring-web-2.7.0.jar;E:\1704A\repository\org\reflections\reflections\0.9.11\reflections-0.9.11.jar;E:\1704A\repository\com\fasterxml\classmate\1.3.4\classmate-1.3.4.jar;E:\1704A\repository\org\springframework\plugin\spring-plugin-core\1.2.0.RELEASE\spring-plugin-core-1.2.0.RELEASE.jar;E:\1704A\repository\org\springframework\plugin\spring-plugin-metadata\1.2.0.RELEASE\spring-plugin-metadata-1.2.0.RELEASE.jar;E:\1704A\repository\org\mapstruct\mapstruct\1.1.0.Final\mapstruct-1.1.0.Final.jar;E:\1704A\repository\io\springfox\springfox-swagger-ui\2.7.0\springfox-swagger-ui-2.7.0.jar;E:\1704A\hdServiceCode\nm-framework-model\target\nm-framework-model.jar;E:\1704A\repository\org\projectlombok\lombok\1.16.16\lombok-1.16.16.jar;E:\1704A\repository\org\springframework\data\spring-data-commons\2.0.6.RELEASE\spring-data-commons-2.0.6.RELEASE.jar;E:\1704A\repository\org\springframework\data\spring-data-mongodb\2.0.6.RELEASE\spring-data-mongodb-2.0.6.RELEASE.jar;E:\1704A\repository\org\springframework\spring-context\5.0.5.RELEASE\spring-context-5.0.5.RELEASE.jar;E:\1704A\repository\org\springframework\spring-expression\5.0.5.RELEASE\spring-expression-5.0.5.RELEASE.jar;E:\1704A\repository\org\mongodb\mongo-java-driver\3.6.3\mongo-java-driver-3.6.3.jar;E:\1704A\repository\org\hibernate\hibernate-core\5.2.16.Final\hibernate-core-5.2.16.Final.jar;E:\1704A\repository\org\jboss\logging\jboss-logging\3.3.2.Final\jboss-logging-3.3.2.Final.jar;E:\1704A\repository\org\hibernate\javax\persistence\hibernate-jpa-2.1-api\1.0.0.Final\hibernate-jpa-2.1-api-1.0.0.Final.jar;E:\1704A\repository\org\javassist\javassist\3.22.0-GA\javassist-3.22.0-GA.jar;E:\1704A\repository\antlr\antlr\2.7.7\antlr-2.7.7.jar;E:\1704A\repository\org\jboss\spec\javax\transaction\jboss-transaction-api_1.2_spec\1.0.1.Final\jboss-transaction-api_1.2_spec-1.0.1.Final.jar;E:\1704A\repository\org\jboss\jandex\2.0.3.Final\jandex-2.0.3.Final.jar;E:\1704A\repository\dom4j\dom4j\1.6.1\dom4j-1.6.1.jar;E:\1704A\repository\org\hibernate\common\hibernate-commons-annotations\5.0.1.Final\hibernate-commons-annotations-5.0.1.Final.jar;E:\1704A\repository\com\google\guava\guava\24.0-jre\guava-24.0-jre.jar;E:\1704A\repository\com\google\code\findbugs\jsr305\1.3.9\jsr305-1.3.9.jar;E:\1704A\repository\org\checkerframework\checker-compat-qual\2.0.0\checker-compat-qual-2.0.0.jar;E:\1704A\repository\com\google\errorprone\error_prone_annotations\2.1.3\error_prone_annotations-2.1.3.jar;E:\1704A\repository\com\google\j2objc\j2objc-annotations\1.1\j2objc-annotations-1.1.jar;E:\1704A\repository\org\codehaus\mojo\animal-sniffer-annotations\1.14\animal-sniffer-annotations-1.14.jar;E:\1704A\hdServiceCode\nm-framework-utils\target\nm-framework-utils.jar;E:\1704A\repository\javax\servlet\javax.servlet-api\3.1.0\javax.servlet-api-3.1.0.jar;E:\1704A\repository\org\springframework\boot\spring-boot-starter-logging\2.0.1.RELEASE\spring-boot-starter-logging-2.0.1.RELEASE.jar;E:\1704A\repository\ch\qos\logback\logback-classic\1.2.3\logback-classic-1.2.3.jar;E:\1704A\repository\ch\qos\logback\logback-core\1.2.3\logback-core-1.2.3.jar;E:\1704A\repository\org\apache\logging\log4j\log4j-to-slf4j\2.10.0\log4j-to-slf4j-2.10.0.jar;E:\1704A\repository\org\apache\logging\log4j\log4j-api\2.10.0\log4j-api-2.10.0.jar;E:\1704A\repository\org\slf4j\jul-to-slf4j\1.7.25\jul-to-slf4j-1.7.25.jar;E:\1704A\repository\org\apache\httpcomponents\httpclient\4.5.5\httpclient-4.5.5.jar;E:\1704A\repository\org\apache\httpcomponents\httpcore\4.4.9\httpcore-4.4.9.jar;E:\1704A\repository\commons-codec\commons-codec\1.10\commons-codec-1.10.jar;E:\1704A\repository\net\lingala\zip4j\zip4j\1.3.1\zip4j-1.3.1.jar;E:\1704A\repository\org\springframework\security\spring-security-crypto\5.0.4.RELEASE\spring-security-crypto-5.0.4.RELEASE.jar;E:\1704A\repository\org\springframework\security\spring-security-jwt\1.0.8.RELEASE\spring-security-jwt-1.0.8.RELEASE.jar;E:\1704A\repository\org\bouncycastle\bcpkix-jdk15on\1.56\bcpkix-jdk15on-1.56.jar;E:\1704A\repository\org\bouncycastle\bcprov-jdk15on\1.56\bcprov-jdk15on-1.56.jar;E:\1704A\hdServiceCode\nm-framework-common\target\nm-framework-common.jar;E:\1704A\repository\org\springframework\spring-web\5.0.5.RELEASE\spring-web-5.0.5.RELEASE.jar;E:\1704A\repository\org\springframework\boot\spring-boot-starter-web\2.0.1.RELEASE\spring-boot-starter-web-2.0.1.RELEASE.jar;E:\1704A\repository\org\springframework\boot\spring-boot-starter-json\2.0.1.RELEASE\spring-boot-starter-json-2.0.1.RELEASE.jar;E:\1704A\repository\com\fasterxml\jackson\datatype\jackson-datatype-jdk8\2.9.5\jackson-datatype-jdk8-2.9.5.jar;E:\1704A\repository\com\fasterxml\jackson\datatype\jackson-datatype-jsr310\2.9.5\jackson-datatype-jsr310-2.9.5.jar;E:\1704A\repository\com\fasterxml\jackson\module\jackson-module-parameter-names\2.9.5\jackson-module-parameter-names-2.9.5.jar;E:\1704A\repository\org\springframework\boot\spring-boot-starter-tomcat\2.0.1.RELEASE\spring-boot-starter-tomcat-2.0.1.RELEASE.jar;E:\1704A\repository\org\apache\tomcat\embed\tomcat-embed-core\8.5.28\tomcat-embed-core-8.5.28.jar;E:\1704A\repository\org\apache\tomcat\embed\tomcat-embed-el\8.5.28\tomcat-embed-el-8.5.28.jar;E:\1704A\repository\org\apache\tomcat\embed\tomcat-embed-websocket\8.5.28\tomcat-embed-websocket-8.5.28.jar;E:\1704A\repository\org\hibernate\validator\hibernate-validator\6.0.9.Final\hibernate-validator-6.0.9.Final.jar;E:\1704A\repository\javax\validation\validation-api\2.0.1.Final\validation-api-2.0.1.Final.jar;E:\1704A\repository\org\springframework\spring-webmvc\5.0.5.RELEASE\spring-webmvc-5.0.5.RELEASE.jar;E:\1704A\repository\org\springframework\spring-aop\5.0.5.RELEASE\spring-aop-5.0.5.RELEASE.jar;E:\1704A\repository\mysql\mysql-connector-java\5.1.40\mysql-connector-java-5.1.40.jar;E:\1704A\repository\com\alibaba\druid-spring-boot-starter\1.1.10\druid-spring-boot-starter-1.1.10.jar;E:\1704A\repository\com\alibaba\druid\1.1.6\druid-1.1.6.jar;E:\1704A\repository\org\slf4j\slf4j-api\1.7.25\slf4j-api-1.7.25.jar;E:\1704A\repository\org\springframework\boot\spring-boot-autoconfigure\2.0.1.RELEASE\spring-boot-autoconfigure-2.0.1.RELEASE.jar;E:\1704A\repository\org\mybatis\spring\boot\mybatis-spring-boot-starter\1.3.1\mybatis-spring-boot-starter-1.3.1.jar;E:\1704A\repository\org\springframework\boot\spring-boot-starter-jdbc\2.0.1.RELEASE\spring-boot-starter-jdbc-2.0.1.RELEASE.jar;E:\1704A\repository\com\zaxxer\HikariCP\2.7.8\HikariCP-2.7.8.jar;E:\1704A\repository\org\mybatis\spring\boot\mybatis-spring-boot-autoconfigure\1.3.1\mybatis-spring-boot-autoconfigure-1.3.1.jar;E:\1704A\repository\org\mybatis\mybatis\3.4.5\mybatis-3.4.5.jar;E:\1704A\repository\org\mybatis\mybatis-spring\1.3.1\mybatis-spring-1.3.1.jar;E:\1704A\repository\org\springframework\spring-orm\5.0.5.RELEASE\spring-orm-5.0.5.RELEASE.jar;E:\1704A\repository\org\springframework\spring-beans\5.0.5.RELEASE\spring-beans-5.0.5.RELEASE.jar;E:\1704A\repository\org\springframework\spring-core\5.0.5.RELEASE\spring-core-5.0.5.RELEASE.jar;E:\1704A\repository\org\springframework\spring-jcl\5.0.5.RELEASE\spring-jcl-5.0.5.RELEASE.jar;E:\1704A\repository\org\springframework\spring-jdbc\5.0.5.RELEASE\spring-jdbc-5.0.5.RELEASE.jar;E:\1704A\repository\org\springframework\spring-tx\5.0.5.RELEASE\spring-tx-5.0.5.RELEASE.jar;E:\1704A\repository\org\springframework\boot\spring-boot-starter-data-jpa\2.0.1.RELEASE\spring-boot-starter-data-jpa-2.0.1.RELEASE.jar;E:\1704A\repository\org\springframework\boot\spring-boot-starter-aop\2.0.1.RELEASE\spring-boot-starter-aop-2.0.1.RELEASE.jar;E:\1704A\repository\org\aspectj\aspectjweaver\1.8.13\aspectjweaver-1.8.13.jar;E:\1704A\repository\javax\transaction\javax.transaction-api\1.2\javax.transaction-api-1.2.jar;E:\1704A\repository\org\springframework\data\spring-data-jpa\2.0.6.RELEASE\spring-data-jpa-2.0.6.RELEASE.jar;E:\1704A\repository\org\springframework\spring-aspects\5.0.5.RELEASE\spring-aspects-5.0.5.RELEASE.jar;E:\1704A\repository\com\squareup\okhttp3\okhttp\3.9.1\okhttp-3.9.1.jar;E:\1704A\repository\com\squareup\okio\okio\1.13.0\okio-1.13.0.jar;E:\1704A\repository\com\alibaba\fastjson\1.2.30\fastjson-1.2.30.jar;E:\1704A\repository\commons-io\commons-io\2.6\commons-io-2.6.jar;E:\1704A\repository\org\apache\commons\commons-lang3\3.6\commons-lang3-3.6.jar;E:\1704A\repository\org\springframework\boot\spring-boot-starter-test\2.0.1.RELEASE\spring-boot-starter-test-2.0.1.RELEASE.jar;E:\1704A\repository\org\springframework\boot\spring-boot-test\2.0.1.RELEASE\spring-boot-test-2.0.1.RELEASE.jar;E:\1704A\repository\org\springframework\boot\spring-boot-test-autoconfigure\2.0.1.RELEASE\spring-boot-test-autoconfigure-2.0.1.RELEASE.jar;E:\1704A\repository\com\jayway\jsonpath\json-path\2.4.0\json-path-2.4.0.jar;E:\1704A\repository\net\minidev\json-smart\2.3\json-smart-2.3.jar;E:\1704A\repository\net\minidev\accessors-smart\1.2\accessors-smart-1.2.jar;E:\1704A\repository\org\ow2\asm\asm\5.0.4\asm-5.0.4.jar;E:\1704A\repository\junit\junit\4.12\junit-4.12.jar;E:\1704A\repository\org\assertj\assertj-core\3.9.1\assertj-core-3.9.1.jar;E:\1704A\repository\org\mockito\mockito-core\2.15.0\mockito-core-2.15.0.jar;E:\1704A\repository\net\bytebuddy\byte-buddy\1.7.11\byte-buddy-1.7.11.jar;E:\1704A\repository\net\bytebuddy\byte-buddy-agent\1.7.11\byte-buddy-agent-1.7.11.jar;E:\1704A\repository\org\objenesis\objenesis\2.6\objenesis-2.6.jar;E:\1704A\repository\org\hamcrest\hamcrest-core\1.3\hamcrest-core-1.3.jar;E:\1704A\repository\org\hamcrest\hamcrest-library\1.3\hamcrest-library-1.3.jar;E:\1704A\repository\org\skyscreamer\jsonassert\1.5.0\jsonassert-1.5.0.jar;E:\1704A\repository\com\vaadin\external\google\android-json\0.0.20131108.vaadin1\android-json-0.0.20131108.vaadin1.jar;E:\1704A\repository\org\springframework\spring-test\5.0.5.RELEASE\spring-test-5.0.5.RELEASE.jar;E:\1704A\repository\org\xmlunit\xmlunit-core\2.5.1\xmlunit-core-2.5.1.jar;E:\1704A\repository\org\springframework\cloud\spring-cloud-starter-netflix-eureka-client\2.0.1.RELEASE\spring-cloud-starter-netflix-eureka-client-2.0.1.RELEASE.jar;E:\1704A\repository\org\springframework\cloud\spring-cloud-starter\2.0.1.RELEASE\spring-cloud-starter-2.0.1.RELEASE.jar;E:\1704A\repository\org\springframework\cloud\spring-cloud-context\2.0.1.RELEASE\spring-cloud-context-2.0.1.RELEASE.jar;E:\1704A\repository\org\springframework\security\spring-security-rsa\1.0.5.RELEASE\spring-security-rsa-1.0.5.RELEASE.jar;E:\1704A\repository\org\springframework\cloud\spring-cloud-netflix-core\2.0.1.RELEASE\spring-cloud-netflix-core-2.0.1.RELEASE.jar;E:\1704A\repository\org\springframework\cloud\spring-cloud-netflix-eureka-client\2.0.1.RELEASE\spring-cloud-netflix-eureka-client-2.0.1.RELEASE.jar;E:\1704A\repository\com\netflix\eureka\eureka-client\1.9.3\eureka-client-1.9.3.jar;E:\1704A\repository\org\codehaus\jettison\jettison\1.3.7\jettison-1.3.7.jar;E:\1704A\repository\stax\stax-api\1.0.1\stax-api-1.0.1.jar;E:\1704A\repository\com\netflix\netflix-commons\netflix-eventbus\0.3.0\netflix-eventbus-0.3.0.jar;E:\1704A\repository\com\netflix\netflix-commons\netflix-infix\0.3.0\netflix-infix-0.3.0.jar;E:\1704A\repository\commons-jxpath\commons-jxpath\1.3\commons-jxpath-1.3.jar;E:\1704A\repository\joda-time\joda-time\2.9.9\joda-time-2.9.9.jar;E:\1704A\repository\org\antlr\antlr-runtime\3.4\antlr-runtime-3.4.jar;E:\1704A\repository\org\antlr\stringtemplate\3.2.1\stringtemplate-3.2.1.jar;E:\1704A\repository\com\google\code\gson\gson\2.8.2\gson-2.8.2.jar;E:\1704A\repository\org\apache\commons\commons-math\2.2\commons-math-2.2.jar;E:\1704A\repository\com\netflix\archaius\archaius-core\0.7.6\archaius-core-0.7.6.jar;E:\1704A\repository\javax\ws\rs\jsr311-api\1.1.1\jsr311-api-1.1.1.jar;E:\1704A\repository\com\netflix\servo\servo-core\0.12.21\servo-core-0.12.21.jar;E:\1704A\repository\com\sun\jersey\jersey-core\1.19.1\jersey-core-1.19.1.jar;E:\1704A\repository\com\sun\jersey\jersey-client\1.19.1\jersey-client-1.19.1.jar;E:\1704A\repository\com\sun\jersey\contribs\jersey-apache-client4\1.19.1\jersey-apache-client4-1.19.1.jar;E:\1704A\repository\com\google\inject\guice\4.1.0\guice-4.1.0.jar;E:\1704A\repository\javax\inject\javax.inject\1\javax.inject-1.jar;E:\1704A\repository\aopalliance\aopalliance\1.0\aopalliance-1.0.jar;E:\1704A\repository\com\github\vlsi\compactmap\compactmap\1.2.1\compactmap-1.2.1.jar;E:\1704A\repository\com\github\andrewoma\dexx\dexx-collections\0.2\dexx-collections-0.2.jar;E:\1704A\repository\com\fasterxml\jackson\core\jackson-core\2.9.5\jackson-core-2.9.5.jar;E:\1704A\repository\com\netflix\eureka\eureka-core\1.9.3\eureka-core-1.9.3.jar;E:\1704A\repository\org\codehaus\woodstox\woodstox-core-asl\4.4.1\woodstox-core-asl-4.4.1.jar;E:\1704A\repository\javax\xml\stream\stax-api\1.0-2\stax-api-1.0-2.jar;E:\1704A\repository\org\codehaus\woodstox\stax2-api\3.1.4\stax2-api-3.1.4.jar;E:\1704A\repository\org\springframework\cloud\spring-cloud-starter-netflix-archaius\2.0.1.RELEASE\spring-cloud-starter-netflix-archaius-2.0.1.RELEASE.jar;E:\1704A\repository\org\springframework\cloud\spring-cloud-netflix-ribbon\2.0.1.RELEASE\spring-cloud-netflix-ribbon-2.0.1.RELEASE.jar;E:\1704A\repository\org\springframework\cloud\spring-cloud-netflix-archaius\2.0.1.RELEASE\spring-cloud-netflix-archaius-2.0.1.RELEASE.jar;E:\1704A\repository\commons-configuration\commons-configuration\1.8\commons-configuration-1.8.jar;E:\1704A\repository\commons-lang\commons-lang\2.6\commons-lang-2.6.jar;E:\1704A\repository\org\springframework\cloud\spring-cloud-starter-netflix-ribbon\2.0.1.RELEASE\spring-cloud-starter-netflix-ribbon-2.0.1.RELEASE.jar;E:\1704A\repository\com\netflix\ribbon\ribbon\2.2.5\ribbon-2.2.5.jar;E:\1704A\repository\com\netflix\ribbon\ribbon-transport\2.2.5\ribbon-transport-2.2.5.jar;E:\1704A\repository\io\reactivex\rxnetty-contexts\0.4.9\rxnetty-contexts-0.4.9.jar;E:\1704A\repository\io\reactivex\rxnetty-servo\0.4.9\rxnetty-servo-0.4.9.jar;E:\1704A\repository\io\reactivex\rxnetty\0.4.9\rxnetty-0.4.9.jar;E:\1704A\repository\io\netty\netty-codec-http\4.1.23.Final\netty-codec-http-4.1.23.Final.jar;E:\1704A\repository\io\netty\netty-codec\4.1.23.Final\netty-codec-4.1.23.Final.jar;E:\1704A\repository\io\netty\netty-transport-native-epoll\4.1.23.Final\netty-transport-native-epoll-4.1.23.Final.jar;E:\1704A\repository\io\netty\netty-common\4.1.23.Final\netty-common-4.1.23.Final.jar;E:\1704A\repository\io\netty\netty-buffer\4.1.23.Final\netty-buffer-4.1.23.Final.jar;E:\1704A\repository\io\netty\netty-transport-native-unix-common\4.1.23.Final\netty-transport-native-unix-common-4.1.23.Final.jar;E:\1704A\repository\io\netty\netty-transport\4.1.23.Final\netty-transport-4.1.23.Final.jar;E:\1704A\repository\io\netty\netty-resolver\4.1.23.Final\netty-resolver-4.1.23.Final.jar;E:\1704A\repository\com\netflix\ribbon\ribbon-core\2.2.5\ribbon-core-2.2.5.jar;E:\1704A\repository\com\netflix\ribbon\ribbon-httpclient\2.2.5\ribbon-httpclient-2.2.5.jar;E:\1704A\repository\commons-collections\commons-collections\3.2.2\commons-collections-3.2.2.jar;E:\1704A\repository\com\netflix\netflix-commons\netflix-commons-util\0.3.0\netflix-commons-util-0.3.0.jar;E:\1704A\repository\com\netflix\ribbon\ribbon-loadbalancer\2.2.5\ribbon-loadbalancer-2.2.5.jar;E:\1704A\repository\com\netflix\netflix-commons\netflix-statistics\0.1.1\netflix-statistics-0.1.1.jar;E:\1704A\repository\io\reactivex\rxjava\1.3.8\rxjava-1.3.8.jar;E:\1704A\repository\com\netflix\ribbon\ribbon-eureka\2.2.5\ribbon-eureka-2.2.5.jar;E:\1704A\repository\com\thoughtworks\xstream\xstream\1.4.10\xstream-1.4.10.jar;E:\1704A\repository\xmlpull\xmlpull\1.1.3.1\xmlpull-1.1.3.1.jar;E:\1704A\repository\xpp3\xpp3_min\1.1.4c\xpp3_min-1.1.4c.jar;E:\1704A\repository\org\springframework\cloud\spring-cloud-starter-openfeign\2.0.1.RELEASE\spring-cloud-starter-openfeign-2.0.1.RELEASE.jar;E:\1704A\repository\org\springframework\cloud\spring-cloud-openfeign-core\2.0.1.RELEASE\spring-cloud-openfeign-core-2.0.1.RELEASE.jar;E:\1704A\repository\org\springframework\cloud\spring-cloud-commons\2.0.1.RELEASE\spring-cloud-commons-2.0.1.RELEASE.jar;E:\1704A\repository\io\github\openfeign\feign-core\9.5.1\feign-core-9.5.1.jar;E:\1704A\repository\io\github\openfeign\feign-slf4j\9.5.1\feign-slf4j-9.5.1.jar;E:\1704A\repository\io\github\openfeign\feign-hystrix\9.5.1\feign-hystrix-9.5.1.jar;E:\1704A\repository\com\netflix\hystrix\hystrix-core\1.5.12\hystrix-core-1.5.12.jar;E:\1704A\repository\org\hdrhistogram\HdrHistogram\2.1.9\HdrHistogram-2.1.9.jar;E:\1704A\repository\io\github\openfeign\feign-java8\9.5.1\feign-java8-9.5.1.jar;E:\1704A\repository\com\netflix\feign\feign-okhttp\8.18.0\feign-okhttp-8.18.0.jar;E:\1704A\repository\com\netflix\feign\feign-core\8.18.0\feign-core-8.18.0.jar;E:\1704A\repository\org\jvnet\animal-sniffer-annotation\1.0\animal-sniffer-annotation-1.0.jar;, user.name=wangb, java.vm.specification.version=1.8, sun.java.command=C:\Users\wangb\AppData\Local\Temp\surefire5324342515423551962\surefirebooter5243460830507094447.jar C:\Users\wangb\AppData\Local\Temp\surefire5324342515423551962 2020-03-14T21-55-45_030-jvmRun1 surefire1707916640353451280tmp surefire_17945900769613902388tmp, java.home=C:\Program Files\Java\jdk1.8.0_91\jre, sun.arch.data.model=64, user.language=zh, java.specification.vendor=Oracle Corporation, awt.toolkit=sun.awt.windows.WToolkit, java.vm.info=mixed mode, java.version=1.8.0_91, java.ext.dirs=C:\Program Files\Java\jdk1.8.0_91\jre\lib\ext;C:\WINDOWS\Sun\Java\lib\ext, sun.boot.class.path=C:\Program Files\Java\jdk1.8.0_91\jre\lib\resources.jar;C:\Program Files\Java\jdk1.8.0_91\jre\lib\rt.jar;C:\Program Files\Java\jdk1.8.0_91\jre\lib\sunrsasign.jar;C:\Program Files\Java\jdk1.8.0_91\jre\lib\jsse.jar;C:\Program Files\Java\jdk1.8.0_91\jre\lib\jce.jar;C:\Program Files\Java\jdk1.8.0_91\jre\lib\charsets.jar;C:\Program Files\Java\jdk1.8.0_91\jre\lib\jfr.jar;C:\Program Files\Java\jdk1.8.0_91\jre\classes, java.vendor=Oracle Corporation, localRepository=E:\1704A\repository, file.separator=\, java.vendor.url.bug=http://bugreport.sun.com/bugreport/, sun.io.unicode.encoding=UnicodeLittle, sun.cpu.endian=little, sun.desktop=windows, sun.cpu.isalist=amd64}}, SystemEnvironmentPropertySource@315932542 {name='systemEnvironment', properties={PATH=E:\app\wangb\product\11.2.0\dbhome_1\bin;E:\maven\apache-maven-3.6.1\bin;C:\Program Files\Java\jdk1.8.0_91\bin;C:\Program Files (x86)\Intel\iCLS Client\;C:\Program Files\Intel\iCLS Client\;C:\Windows\system32;C:\Windows;C:\Windows\System32\Wbem;C:\Windows\System32\WindowsPowerShell\v1.0\;C:\Program Files (x86)\NVIDIA Corporation\PhysX\Common;C:\Program Files (x86)\Intel\Intel(R) Management Engine Components\DAL;C:\Program Files\Intel\Intel(R) Management Engine Components\DAL;C:\Program Files (x86)\Intel\Intel(R) Management Engine Components\IPT;C:\Program Files\Intel\Intel(R) Management Engine Components\IPT;C:\WINDOWS\system32;C:\WINDOWS;C:\WINDOWS\System32\Wbem;C:\WINDOWS\System32\WindowsPowerShell\v1.0\;C:\WINDOWS\System32\OpenSSH\;C:\Program Files\MySQL\MySQL Server 5.5\bin;E:\nodejs\;E:\Git\cmd;E:\Mp4\ffmpeg-20180227-fa0c9d6-win64-static\bin;C:\Users\wangb\AppData\Local\Microsoft\WindowsApps;C:\Users\wangb\AppData\Roaming\npm;E:\Microsoft VS Code\bin, USERDOMAIN_ROAMINGPROFILE=LAPTOP-8K1AKH0O, LOCALAPPDATA=C:\Users\wangb\AppData\Local, PROCESSOR_LEVEL=6, SYSTEMDRIVE=C:, COMMONPROGRAMFILES(X86)=C:\Program Files (x86)\Common Files, USERDOMAIN=LAPTOP-8K1AKH0O, FPS_BROWSER_APP_PROFILE_STRING=Internet Explorer, LOGONSERVER=\\LAPTOP-8K1AKH0O, JAVA_HOME=C:\Program Files\Java\jdk1.8.0_91, PROMPT=$P$G, SESSIONNAME=Console, ALLUSERSPROFILE=C:\ProgramData, PROGRAMFILES(X86)=C:\Program Files (x86), PROCESSOR_ARCHITECTURE=AMD64, DRIVERDATA=C:\Windows\System32\Drivers\DriverData, ERLANG_HOME=E:\erl9.2, =E:=E:\1704A\hdServiceCode\nm-service-manage-course, PROGRAMFILES=C:\Program Files, APPDATA=C:\Users\wangb\AppData\Roaming, MOZ_PLUGIN_PATH=E:\1704A\FoxitPhantomPDFBusiness\plugins\, PSMODULEPATH=C:\Program Files\WindowsPowerShell\Modules;C:\WINDOWS\system32\WindowsPowerShell\v1.0\Modules, PROGRAMW6432=C:\Program Files, PROGRAMDATA=C:\ProgramData, SYSTEMROOT=C:\WINDOWS, USERNAME=wangb, FPS_BROWSER_USER_PROFILE_STRING=Default, ONEDRIVE=C:\Users\wangb\OneDrive, CONFIGSETROOT=C:\WINDOWS\ConfigSetRoot, PATHEXT=.COM;.EXE;.BAT;.CMD;.VBS;.VBE;.JS;.JSE;.WSF;.WSH;.MSC, OS=Windows_NT, COMMONPROGRAMW6432=C:\Program Files\Common Files, COMPUTERNAME=LAPTOP-8K1AKH0O, COMMONPROGRAMFILES=C:\Program Files\Common Files, COMSPEC=C:\WINDOWS\system32\cmd.exe, PROCESSOR_REVISION=9e09, WINDIR=C:\WINDOWS, RABBITMQ_SERVER=E:\rabibitmq\rabbitmq_server-3.7.4, HOMEPATH=\Users\wangb, TEMP=C:\Users\wangb\AppData\Local\Temp, HOMEDRIVE=C:, PROCESSOR_IDENTIFIER=Intel64 Family 6 Model 158 Stepping 9, GenuineIntel, USERPROFILE=C:\Users\wangb, TMP=C:\Users\wangb\AppData\Local\Temp, PUBLIC=C:\Users\Public, NUMBER_OF_PROCESSORS=8, =::=::\}}]
21:56:38.791 [main] DEBUG org.springframework.core.io.support.PathMatchingResourcePatternResolver - Resolved classpath location [com/ningmeng/manage_course/dao/] to resources [URL [file:/E:/1704A/hdServiceCode/nm-service-manage-course/target/test-classes/com/ningmeng/manage_course/dao/], URL [file:/E:/1704A/hdServiceCode/nm-service-manage-course/target/classes/com/ningmeng/manage_course/dao/]]
21:56:38.793 [main] DEBUG org.springframework.core.io.support.PathMatchingResourcePatternResolver - Looking for matching resources in directory tree [E:\1704A\hdServiceCode\nm-service-manage-course\target\test-classes\com\ningmeng\manage_course\dao]
21:56:38.794 [main] DEBUG org.springframework.core.io.support.PathMatchingResourcePatternResolver - Searching directory [E:\1704A\hdServiceCode\nm-service-manage-course\target\test-classes\com\ningmeng\manage_course\dao] for files matching pattern [E:/1704A/hdServiceCode/nm-service-manage-course/target/test-classes/com/ningmeng/manage_course/dao/*.class]
21:56:38.800 [main] DEBUG org.springframework.core.io.support.PathMatchingResourcePatternResolver - Looking for matching resources in directory tree [E:\1704A\hdServiceCode\nm-service-manage-course\target\classes\com\ningmeng\manage_course\dao]
21:56:38.800 [main] DEBUG org.springframework.core.io.support.PathMatchingResourcePatternResolver - Searching directory [E:\1704A\hdServiceCode\nm-service-manage-course\target\classes\com\ningmeng\manage_course\dao] for files matching pattern [E:/1704A/hdServiceCode/nm-service-manage-course/target/classes/com/ningmeng/manage_course/dao/*.class]
21:56:38.803 [main] DEBUG org.springframework.core.io.support.PathMatchingResourcePatternResolver - Resolved location pattern [classpath*:com/ningmeng/manage_course/dao/*.class] to resources [file [E:\1704A\hdServiceCode\nm-service-manage-course\target\test-classes\com\ningmeng\manage_course\dao\FeignTest.class], file [E:\1704A\hdServiceCode\nm-service-manage-course\target\test-classes\com\ningmeng\manage_course\dao\TestDao.class], file [E:\1704A\hdServiceCode\nm-service-manage-course\target\test-classes\com\ningmeng\manage_course\dao\Tests.class], file [E:\1704A\hdServiceCode\nm-service-manage-course\target\classes\com\ningmeng\manage_course\dao\CategoryMapper.class], file [E:\1704A\hdServiceCode\nm-service-manage-course\target\classes\com\ningmeng\manage_course\dao\CourseBaseRepository.class], file [E:\1704A\hdServiceCode\nm-service-manage-course\target\classes\com\ningmeng\manage_course\dao\CourseMapper.class], file [E:\1704A\hdServiceCode\nm-service-manage-course\target\classes\com\ningmeng\manage_course\dao\CourseMarketMapper.class], file [E:\1704A\hdServiceCode\nm-service-manage-course\target\classes\com\ningmeng\manage_course\dao\CourseMarketRepository.class], file [E:\1704A\hdServiceCode\nm-service-manage-course\target\classes\com\ningmeng\manage_course\dao\CoursePicRepository.class], file [E:\1704A\hdServiceCode\nm-service-manage-course\target\classes\com\ningmeng\manage_course\dao\CoursePubRepository.class], file [E:\1704A\hdServiceCode\nm-service-manage-course\target\classes\com\ningmeng\manage_course\dao\SysDictionaryRepository.class], file [E:\1704A\hdServiceCode\nm-service-manage-course\target\classes\com\ningmeng\manage_course\dao\TeachplanMapper.class], file [E:\1704A\hdServiceCode\nm-service-manage-course\target\classes\com\ningmeng\manage_course\dao\TeachplanMediaPubRepository.class], file [E:\1704A\hdServiceCode\nm-service-manage-course\target\classes\com\ningmeng\manage_course\dao\TeachplanMediaRepository.class], file [E:\1704A\hdServiceCode\nm-service-manage-course\target\classes\com\ningmeng\manage_course\dao\TeachplanRepository.class]]
21:56:38.911 [main] DEBUG org.springframework.core.io.support.PathMatchingResourcePatternResolver - Resolved classpath location [com/ningmeng/manage_course/] to resources [URL [file:/E:/1704A/hdServiceCode/nm-service-manage-course/target/test-classes/com/ningmeng/manage_course/], URL [file:/E:/1704A/hdServiceCode/nm-service-manage-course/target/classes/com/ningmeng/manage_course/]]
21:56:38.912 [main] DEBUG org.springframework.core.io.support.PathMatchingResourcePatternResolver - Looking for matching resources in directory tree [E:\1704A\hdServiceCode\nm-service-manage-course\target\test-classes\com\ningmeng\manage_course]
21:56:38.913 [main] DEBUG org.springframework.core.io.support.PathMatchingResourcePatternResolver - Searching directory [E:\1704A\hdServiceCode\nm-service-manage-course\target\test-classes\com\ningmeng\manage_course] for files matching pattern [E:/1704A/hdServiceCode/nm-service-manage-course/target/test-classes/com/ningmeng/manage_course/*.class]
21:56:38.916 [main] DEBUG org.springframework.core.io.support.PathMatchingResourcePatternResolver - Looking for matching resources in directory tree [E:\1704A\hdServiceCode\nm-service-manage-course\target\classes\com\ningmeng\manage_course]
21:56:38.918 [main] DEBUG org.springframework.core.io.support.PathMatchingResourcePatternResolver - Searching directory [E:\1704A\hdServiceCode\nm-service-manage-course\target\classes\com\ningmeng\manage_course] for files matching pattern [E:/1704A/hdServiceCode/nm-service-manage-course/target/classes/com/ningmeng/manage_course/*.class]
21:56:38.921 [main] DEBUG org.springframework.core.io.support.PathMatchingResourcePatternResolver - Resolved location pattern [classpath*:com/ningmeng/manage_course/*.class] to resources [file [E:\1704A\hdServiceCode\nm-service-manage-course\target\classes\com\ningmeng\manage_course\ManageCourseApplication.class]]
21:56:39.020 [main] DEBUG org.springframework.context.annotation.ClassPathScanningCandidateComponentProvider - Identified candidate component class: file [E:\1704A\hdServiceCode\nm-service-manage-course\target\classes\com\ningmeng\manage_course\ManageCourseApplication.class]
21:56:39.023 [main] INFO org.springframework.boot.test.context.SpringBootTestContextBootstrapper - Found @SpringBootConfiguration com.ningmeng.manage_course.ManageCourseApplication for test class com.ningmeng.manage_course.dao.FeignTest
21:56:39.396 [main] DEBUG org.springframework.boot.test.context.SpringBootTestContextBootstrapper - @TestExecutionListeners is not present for class [com.ningmeng.manage_course.dao.FeignTest]: using defaults.
21:56:39.397 [main] INFO org.springframework.boot.test.context.SpringBootTestContextBootstrapper - Loaded default TestExecutionListener class names from location [META-INF/spring.factories]: [org.springframework.boot.test.mock.mockito.MockitoTestExecutionListener, org.springframework.boot.test.mock.mockito.ResetMocksTestExecutionListener, org.springframework.boot.test.autoconfigure.restdocs.RestDocsTestExecutionListener, org.springframework.boot.test.autoconfigure.web.client.MockRestServiceServerResetTestExecutionListener, org.springframework.boot.test.autoconfigure.web.servlet.MockMvcPrintOnlyOnFailureTestExecutionListener, org.springframework.boot.test.autoconfigure.web.servlet.WebDriverTestExecutionListener, org.springframework.test.context.web.ServletTestExecutionListener, org.springframework.test.context.support.DirtiesContextBeforeModesTestExecutionListener, org.springframework.test.context.support.DependencyInjectionTestExecutionListener, org.springframework.test.context.support.DirtiesContextTestExecutionListener, org.springframework.test.context.transaction.TransactionalTestExecutionListener, org.springframework.test.context.jdbc.SqlScriptsTestExecutionListener]
21:56:39.479 [main] INFO org.springframework.boot.test.context.SpringBootTestContextBootstrapper - Using TestExecutionListeners: [org.springframework.test.context.web.ServletTestExecutionListener@5a45133e, org.springframework.test.context.support.DirtiesContextBeforeModesTestExecutionListener@534a5a98, org.springframework.boot.test.mock.mockito.MockitoTestExecutionListener@4f80542f, org.springframework.boot.test.autoconfigure.SpringBootDependencyInjectionTestExecutionListener@60bd273d, org.springframework.test.context.support.DirtiesContextTestExecutionListener@121314f7, org.springframework.test.context.transaction.TransactionalTestExecutionListener@130c12b7, org.springframework.test.context.jdbc.SqlScriptsTestExecutionListener@5e600dd5, org.springframework.boot.test.mock.mockito.ResetMocksTestExecutionListener@576d5deb, org.springframework.boot.test.autoconfigure.restdocs.RestDocsTestExecutionListener@5d534f5d, org.springframework.boot.test.autoconfigure.web.client.MockRestServiceServerResetTestExecutionListener@2e3967ea, org.springframework.boot.test.autoconfigure.web.servlet.MockMvcPrintOnlyOnFailureTestExecutionListener@70e9c95d, org.springframework.boot.test.autoconfigure.web.servlet.WebDriverTestExecutionListener@4d5650ae]
21:56:39.483 [main] DEBUG org.springframework.test.annotation.ProfileValueUtils - Retrieved @ProfileValueSourceConfiguration [null] for test class [com.ningmeng.manage_course.dao.FeignTest]
21:56:39.484 [main] DEBUG org.springframework.test.annotation.ProfileValueUtils - Retrieved ProfileValueSource type [class org.springframework.test.annotation.SystemProfileValueSource] for class [com.ningmeng.manage_course.dao.FeignTest]
21:56:39.487 [main] DEBUG org.springframework.test.annotation.ProfileValueUtils - Retrieved @ProfileValueSourceConfiguration [null] for test class [com.ningmeng.manage_course.dao.FeignTest]
21:56:39.487 [main] DEBUG org.springframework.test.annotation.ProfileValueUtils - Retrieved ProfileValueSource type [class org.springframework.test.annotation.SystemProfileValueSource] for class [com.ningmeng.manage_course.dao.FeignTest]
21:56:39.487 [main] DEBUG org.springframework.test.annotation.ProfileValueUtils - Retrieved @ProfileValueSourceConfiguration [null] for test class [com.ningmeng.manage_course.dao.FeignTest]
21:56:39.487 [main] DEBUG org.springframework.test.annotation.ProfileValueUtils - Retrieved ProfileValueSource type [class org.springframework.test.annotation.SystemProfileValueSource] for class [com.ningmeng.manage_course.dao.FeignTest]
21:56:39.494 [main] DEBUG org.springframework.test.context.support.AbstractDirtiesContextTestExecutionListener - Before test class: context [DefaultTestContext@1e6a3214 testClass = FeignTest, testInstance = [null], testMethod = [null], testException = [null], mergedContextConfiguration = [WebMergedContextConfiguration@368247b9 testClass = FeignTest, locations = '{}', classes = '{class com.ningmeng.manage_course.ManageCourseApplication}', contextInitializerClasses = '[]', activeProfiles = '{}', propertySourceLocations = '{}', propertySourceProperties = '{org.springframework.boot.test.context.SpringBootTestContextBootstrapper=true}', contextCustomizers = set[org.springframework.boot.test.context.filter.ExcludeFilterContextCustomizer@4034c28c, org.springframework.boot.test.json.DuplicateJsonObjectContextCustomizerFactory$DuplicateJsonObjectContextCustomizer@53ca01a2, org.springframework.boot.test.mock.mockito.MockitoContextCustomizer@0, org.springframework.boot.test.web.client.TestRestTemplateContextCustomizer@37e547da, org.springframework.boot.test.autoconfigure.properties.PropertyMappingContextCustomizer@0, org.springframework.boot.test.autoconfigure.web.servlet.WebDriverContextCustomizerFactory$Customizer@6e75aa0d], resourceBasePath = 'src/main/webapp', contextLoader = 'org.springframework.boot.test.context.SpringBootContextLoader', parent = [null]], attributes = map['org.springframework.test.context.web.ServletTestExecutionListener.activateListener' -> true]], class annotated with @DirtiesContext [false] with mode [null].
21:56:39.497 [main] DEBUG org.springframework.test.annotation.ProfileValueUtils - Retrieved @ProfileValueSourceConfiguration [null] for test class [com.ningmeng.manage_course.dao.FeignTest]
21:56:39.498 [main] DEBUG org.springframework.test.annotation.ProfileValueUtils - Retrieved ProfileValueSource type [class org.springframework.test.annotation.SystemProfileValueSource] for class [com.ningmeng.manage_course.dao.FeignTest]
21:56:39.542 [main] DEBUG org.springframework.core.env.StandardEnvironment - Adding PropertySource 'systemProperties' with lowest search precedence
21:56:39.543 [main] DEBUG org.springframework.core.env.StandardEnvironment - Adding PropertySource 'systemEnvironment' with lowest search precedence
21:56:39.543 [main] DEBUG org.springframework.core.env.StandardEnvironment - Initialized StandardEnvironment with PropertySources [MapPropertySource@405215542 {name='systemProperties', properties={idea.version=2017.1.2, java.runtime.name=Java(TM) SE Runtime Environment, sun.boot.library.path=C:\Program Files\Java\jdk1.8.0_91\jre\bin, java.vm.version=25.91-b14, java.vm.vendor=Oracle Corporation, java.vendor.url=http://java.oracle.com/, path.separator=;, java.vm.name=Java HotSpot(TM) 64-Bit Server VM, file.encoding.pkg=sun.io, user.country=CN, user.script=, sun.java.launcher=SUN_STANDARD, sun.os.patch.level=, java.vm.specification.name=Java Virtual Machine Specification, user.dir=E:\1704A\hdServiceCode\nm-service-manage-course, java.runtime.version=1.8.0_91-b14, basedir=E:\1704A\hdServiceCode\nm-service-manage-course, java.awt.graphicsenv=sun.awt.Win32GraphicsEnvironment, java.endorsed.dirs=C:\Program Files\Java\jdk1.8.0_91\jre\lib\endorsed, os.arch=amd64, surefire.real.class.path=C:\Users\wangb\AppData\Local\Temp\surefire5324342515423551962\surefirebooter5243460830507094447.jar, java.io.tmpdir=C:\Users\wangb\AppData\Local\Temp\, line.separator=
, java.vm.specification.vendor=Oracle Corporation, user.variant=, os.name=Windows 10, sun.jnu.encoding=GBK, java.library.path=C:\Program Files\Java\jdk1.8.0_91\jre\bin;C:\WINDOWS\Sun\Java\bin;C:\WINDOWS\system32;C:\WINDOWS;E:\app\wangb\product\11.2.0\dbhome_1\bin;E:\maven\apache-maven-3.6.1\bin;C:\Program Files\Java\jdk1.8.0_91\bin;C:\Program Files (x86)\Intel\iCLS Client\;C:\Program Files\Intel\iCLS Client\;C:\Windows\system32;C:\Windows;C:\Windows\System32\Wbem;C:\Windows\System32\WindowsPowerShell\v1.0\;C:\Program Files (x86)\NVIDIA Corporation\PhysX\Common;C:\Program Files (x86)\Intel\Intel(R) Management Engine Components\DAL;C:\Program Files\Intel\Intel(R) Management Engine Components\DAL;C:\Program Files (x86)\Intel\Intel(R) Management Engine Components\IPT;C:\Program Files\Intel\Intel(R) Management Engine Components\IPT;C:\WINDOWS\system32;C:\WINDOWS;C:\WINDOWS\System32\Wbem;C:\WINDOWS\System32\WindowsPowerShell\v1.0\;C:\WINDOWS\System32\OpenSSH\;C:\Program Files\MySQL\MySQL Server 5.5\bin;E:\nodejs\;E:\Git\cmd;E:\Mp4\ffmpeg-20180227-fa0c9d6-win64-static\bin;C:\Users\wangb\AppData\Local\Microsoft\WindowsApps;C:\Users\wangb\AppData\Roaming\npm;E:\Microsoft VS Code\bin;., surefire.test.class.path=E:\1704A\hdServiceCode\nm-service-manage-course\target\test-classes;E:\1704A\hdServiceCode\nm-service-manage-course\target\classes;E:\1704A\repository\org\springframework\cloud\spring-cloud-starter-oauth2\2.0.0.RELEASE\spring-cloud-starter-oauth2-2.0.0.RELEASE.jar;E:\1704A\repository\org\springframework\cloud\spring-cloud-starter-security\2.0.0.RELEASE\spring-cloud-starter-security-2.0.0.RELEASE.jar;E:\1704A\repository\org\springframework\boot\spring-boot-starter-actuator\2.0.1.RELEASE\spring-boot-starter-actuator-2.0.1.RELEASE.jar;E:\1704A\repository\org\springframework\boot\spring-boot-actuator-autoconfigure\2.0.1.RELEASE\spring-boot-actuator-autoconfigure-2.0.1.RELEASE.jar;E:\1704A\repository\org\springframework\boot\spring-boot-actuator\2.0.1.RELEASE\spring-boot-actuator-2.0.1.RELEASE.jar;E:\1704A\repository\io\micrometer\micrometer-core\1.0.3\micrometer-core-1.0.3.jar;E:\1704A\repository\org\latencyutils\LatencyUtils\2.0.3\LatencyUtils-2.0.3.jar;E:\1704A\repository\org\springframework\cloud\spring-cloud-security\2.0.0.RELEASE\spring-cloud-security-2.0.0.RELEASE.jar;E:\1704A\repository\org\springframework\boot\spring-boot-starter-security\2.0.1.RELEASE\spring-boot-starter-security-2.0.1.RELEASE.jar;E:\1704A\repository\org\springframework\security\oauth\boot\spring-security-oauth2-autoconfigure\2.0.0.RELEASE\spring-security-oauth2-autoconfigure-2.0.0.RELEASE.jar;E:\1704A\repository\com\fasterxml\jackson\core\jackson-annotations\2.9.0\jackson-annotations-2.9.0.jar;E:\1704A\repository\com\fasterxml\jackson\core\jackson-databind\2.9.5\jackson-databind-2.9.5.jar;E:\1704A\repository\org\springframework\boot\spring-boot\2.0.1.RELEASE\spring-boot-2.0.1.RELEASE.jar;E:\1704A\repository\org\springframework\security\oauth\spring-security-oauth2\2.2.1.RELEASE\spring-security-oauth2-2.2.1.RELEASE.jar;E:\1704A\repository\org\springframework\security\spring-security-core\5.0.4.RELEASE\spring-security-core-5.0.4.RELEASE.jar;E:\1704A\repository\org\springframework\security\spring-security-config\5.0.4.RELEASE\spring-security-config-5.0.4.RELEASE.jar;E:\1704A\repository\org\springframework\security\spring-security-web\5.0.4.RELEASE\spring-security-web-5.0.4.RELEASE.jar;E:\1704A\repository\org\codehaus\jackson\jackson-mapper-asl\1.9.13\jackson-mapper-asl-1.9.13.jar;E:\1704A\repository\org\codehaus\jackson\jackson-core-asl\1.9.13\jackson-core-asl-1.9.13.jar;E:\1704A\repository\com\github\pagehelper\pagehelper-spring-boot-starter\1.2.4\pagehelper-spring-boot-starter-1.2.4.jar;E:\1704A\repository\org\springframework\boot\spring-boot-starter\2.0.1.RELEASE\spring-boot-starter-2.0.1.RELEASE.jar;E:\1704A\repository\javax\annotation\javax.annotation-api\1.3.2\javax.annotation-api-1.3.2.jar;E:\1704A\repository\org\yaml\snakeyaml\1.19\snakeyaml-1.19.jar;E:\1704A\repository\com\github\pagehelper\pagehelper-spring-boot-autoconfigure\1.2.4\pagehelper-spring-boot-autoconfigure-1.2.4.jar;E:\1704A\repository\com\github\pagehelper\pagehelper\5.1.3\pagehelper-5.1.3.jar;E:\1704A\repository\com\github\jsqlparser\jsqlparser\1.0\jsqlparser-1.0.jar;E:\1704A\hdServiceCode\nm-service-api\target\nm-service-api.jar;E:\1704A\repository\commons-fileupload\commons-fileupload\1.3.3\commons-fileupload-1.3.3.jar;E:\1704A\repository\io\springfox\springfox-swagger2\2.7.0\springfox-swagger2-2.7.0.jar;E:\1704A\repository\io\swagger\swagger-annotations\1.5.13\swagger-annotations-1.5.13.jar;E:\1704A\repository\io\swagger\swagger-models\1.5.13\swagger-models-1.5.13.jar;E:\1704A\repository\io\springfox\springfox-spi\2.7.0\springfox-spi-2.7.0.jar;E:\1704A\repository\io\springfox\springfox-core\2.7.0\springfox-core-2.7.0.jar;E:\1704A\repository\io\springfox\springfox-schema\2.7.0\springfox-schema-2.7.0.jar;E:\1704A\repository\io\springfox\springfox-swagger-common\2.7.0\springfox-swagger-common-2.7.0.jar;E:\1704A\repository\io\springfox\springfox-spring-web\2.7.0\springfox-spring-web-2.7.0.jar;E:\1704A\repository\org\reflections\reflections\0.9.11\reflections-0.9.11.jar;E:\1704A\repository\com\fasterxml\classmate\1.3.4\classmate-1.3.4.jar;E:\1704A\repository\org\springframework\plugin\spring-plugin-core\1.2.0.RELEASE\spring-plugin-core-1.2.0.RELEASE.jar;E:\1704A\repository\org\springframework\plugin\spring-plugin-metadata\1.2.0.RELEASE\spring-plugin-metadata-1.2.0.RELEASE.jar;E:\1704A\repository\org\mapstruct\mapstruct\1.1.0.Final\mapstruct-1.1.0.Final.jar;E:\1704A\repository\io\springfox\springfox-swagger-ui\2.7.0\springfox-swagger-ui-2.7.0.jar;E:\1704A\hdServiceCode\nm-framework-model\target\nm-framework-model.jar;E:\1704A\repository\org\projectlombok\lombok\1.16.16\lombok-1.16.16.jar;E:\1704A\repository\org\springframework\data\spring-data-commons\2.0.6.RELEASE\spring-data-commons-2.0.6.RELEASE.jar;E:\1704A\repository\org\springframework\data\spring-data-mongodb\2.0.6.RELEASE\spring-data-mongodb-2.0.6.RELEASE.jar;E:\1704A\repository\org\springframework\spring-context\5.0.5.RELEASE\spring-context-5.0.5.RELEASE.jar;E:\1704A\repository\org\springframework\spring-expression\5.0.5.RELEASE\spring-expression-5.0.5.RELEASE.jar;E:\1704A\repository\org\mongodb\mongo-java-driver\3.6.3\mongo-java-driver-3.6.3.jar;E:\1704A\repository\org\hibernate\hibernate-core\5.2.16.Final\hibernate-core-5.2.16.Final.jar;E:\1704A\repository\org\jboss\logging\jboss-logging\3.3.2.Final\jboss-logging-3.3.2.Final.jar;E:\1704A\repository\org\hibernate\javax\persistence\hibernate-jpa-2.1-api\1.0.0.Final\hibernate-jpa-2.1-api-1.0.0.Final.jar;E:\1704A\repository\org\javassist\javassist\3.22.0-GA\javassist-3.22.0-GA.jar;E:\1704A\repository\antlr\antlr\2.7.7\antlr-2.7.7.jar;E:\1704A\repository\org\jboss\spec\javax\transaction\jboss-transaction-api_1.2_spec\1.0.1.Final\jboss-transaction-api_1.2_spec-1.0.1.Final.jar;E:\1704A\repository\org\jboss\jandex\2.0.3.Final\jandex-2.0.3.Final.jar;E:\1704A\repository\dom4j\dom4j\1.6.1\dom4j-1.6.1.jar;E:\1704A\repository\org\hibernate\common\hibernate-commons-annotations\5.0.1.Final\hibernate-commons-annotations-5.0.1.Final.jar;E:\1704A\repository\com\google\guava\guava\24.0-jre\guava-24.0-jre.jar;E:\1704A\repository\com\google\code\findbugs\jsr305\1.3.9\jsr305-1.3.9.jar;E:\1704A\repository\org\checkerframework\checker-compat-qual\2.0.0\checker-compat-qual-2.0.0.jar;E:\1704A\repository\com\google\errorprone\error_prone_annotations\2.1.3\error_prone_annotations-2.1.3.jar;E:\1704A\repository\com\google\j2objc\j2objc-annotations\1.1\j2objc-annotations-1.1.jar;E:\1704A\repository\org\codehaus\mojo\animal-sniffer-annotations\1.14\animal-sniffer-annotations-1.14.jar;E:\1704A\hdServiceCode\nm-framework-utils\target\nm-framework-utils.jar;E:\1704A\repository\javax\servlet\javax.servlet-api\3.1.0\javax.servlet-api-3.1.0.jar;E:\1704A\repository\org\springframework\boot\spring-boot-starter-logging\2.0.1.RELEASE\spring-boot-starter-logging-2.0.1.RELEASE.jar;E:\1704A\repository\ch\qos\logback\logback-classic\1.2.3\logback-classic-1.2.3.jar;E:\1704A\repository\ch\qos\logback\logback-core\1.2.3\logback-core-1.2.3.jar;E:\1704A\repository\org\apache\logging\log4j\log4j-to-slf4j\2.10.0\log4j-to-slf4j-2.10.0.jar;E:\1704A\repository\org\apache\logging\log4j\log4j-api\2.10.0\log4j-api-2.10.0.jar;E:\1704A\repository\org\slf4j\jul-to-slf4j\1.7.25\jul-to-slf4j-1.7.25.jar;E:\1704A\repository\org\apache\httpcomponents\httpclient\4.5.5\httpclient-4.5.5.jar;E:\1704A\repository\org\apache\httpcomponents\httpcore\4.4.9\httpcore-4.4.9.jar;E:\1704A\repository\commons-codec\commons-codec\1.10\commons-codec-1.10.jar;E:\1704A\repository\net\lingala\zip4j\zip4j\1.3.1\zip4j-1.3.1.jar;E:\1704A\repository\org\springframework\security\spring-security-crypto\5.0.4.RELEASE\spring-security-crypto-5.0.4.RELEASE.jar;E:\1704A\repository\org\springframework\security\spring-security-jwt\1.0.8.RELEASE\spring-security-jwt-1.0.8.RELEASE.jar;E:\1704A\repository\org\bouncycastle\bcpkix-jdk15on\1.56\bcpkix-jdk15on-1.56.jar;E:\1704A\repository\org\bouncycastle\bcprov-jdk15on\1.56\bcprov-jdk15on-1.56.jar;E:\1704A\hdServiceCode\nm-framework-common\target\nm-framework-common.jar;E:\1704A\repository\org\springframework\spring-web\5.0.5.RELEASE\spring-web-5.0.5.RELEASE.jar;E:\1704A\repository\org\springframework\boot\spring-boot-starter-web\2.0.1.RELEASE\spring-boot-starter-web-2.0.1.RELEASE.jar;E:\1704A\repository\org\springframework\boot\spring-boot-starter-json\2.0.1.RELEASE\spring-boot-starter-json-2.0.1.RELEASE.jar;E:\1704A\repository\com\fasterxml\jackson\datatype\jackson-datatype-jdk8\2.9.5\jackson-datatype-jdk8-2.9.5.jar;E:\1704A\repository\com\fasterxml\jackson\datatype\jackson-datatype-jsr310\2.9.5\jackson-datatype-jsr310-2.9.5.jar;E:\1704A\repository\com\fasterxml\jackson\module\jackson-module-parameter-names\2.9.5\jackson-module-parameter-names-2.9.5.jar;E:\1704A\repository\org\springframework\boot\spring-boot-starter-tomcat\2.0.1.RELEASE\spring-boot-starter-tomcat-2.0.1.RELEASE.jar;E:\1704A\repository\org\apache\tomcat\embed\tomcat-embed-core\8.5.28\tomcat-embed-core-8.5.28.jar;E:\1704A\repository\org\apache\tomcat\embed\tomcat-embed-el\8.5.28\tomcat-embed-el-8.5.28.jar;E:\1704A\repository\org\apache\tomcat\embed\tomcat-embed-websocket\8.5.28\tomcat-embed-websocket-8.5.28.jar;E:\1704A\repository\org\hibernate\validator\hibernate-validator\6.0.9.Final\hibernate-validator-6.0.9.Final.jar;E:\1704A\repository\javax\validation\validation-api\2.0.1.Final\validation-api-2.0.1.Final.jar;E:\1704A\repository\org\springframework\spring-webmvc\5.0.5.RELEASE\spring-webmvc-5.0.5.RELEASE.jar;E:\1704A\repository\org\springframework\spring-aop\5.0.5.RELEASE\spring-aop-5.0.5.RELEASE.jar;E:\1704A\repository\mysql\mysql-connector-java\5.1.40\mysql-connector-java-5.1.40.jar;E:\1704A\repository\com\alibaba\druid-spring-boot-starter\1.1.10\druid-spring-boot-starter-1.1.10.jar;E:\1704A\repository\com\alibaba\druid\1.1.6\druid-1.1.6.jar;E:\1704A\repository\org\slf4j\slf4j-api\1.7.25\slf4j-api-1.7.25.jar;E:\1704A\repository\org\springframework\boot\spring-boot-autoconfigure\2.0.1.RELEASE\spring-boot-autoconfigure-2.0.1.RELEASE.jar;E:\1704A\repository\org\mybatis\spring\boot\mybatis-spring-boot-starter\1.3.1\mybatis-spring-boot-starter-1.3.1.jar;E:\1704A\repository\org\springframework\boot\spring-boot-starter-jdbc\2.0.1.RELEASE\spring-boot-starter-jdbc-2.0.1.RELEASE.jar;E:\1704A\repository\com\zaxxer\HikariCP\2.7.8\HikariCP-2.7.8.jar;E:\1704A\repository\org\mybatis\spring\boot\mybatis-spring-boot-autoconfigure\1.3.1\mybatis-spring-boot-autoconfigure-1.3.1.jar;E:\1704A\repository\org\mybatis\mybatis\3.4.5\mybatis-3.4.5.jar;E:\1704A\repository\org\mybatis\mybatis-spring\1.3.1\mybatis-spring-1.3.1.jar;E:\1704A\repository\org\springframework\spring-orm\5.0.5.RELEASE\spring-orm-5.0.5.RELEASE.jar;E:\1704A\repository\org\springframework\spring-beans\5.0.5.RELEASE\spring-beans-5.0.5.RELEASE.jar;E:\1704A\repository\org\springframework\spring-core\5.0.5.RELEASE\spring-core-5.0.5.RELEASE.jar;E:\1704A\repository\org\springframework\spring-jcl\5.0.5.RELEASE\spring-jcl-5.0.5.RELEASE.jar;E:\1704A\repository\org\springframework\spring-jdbc\5.0.5.RELEASE\spring-jdbc-5.0.5.RELEASE.jar;E:\1704A\repository\org\springframework\spring-tx\5.0.5.RELEASE\spring-tx-5.0.5.RELEASE.jar;E:\1704A\repository\org\springframework\boot\spring-boot-starter-data-jpa\2.0.1.RELEASE\spring-boot-starter-data-jpa-2.0.1.RELEASE.jar;E:\1704A\repository\org\springframework\boot\spring-boot-starter-aop\2.0.1.RELEASE\spring-boot-starter-aop-2.0.1.RELEASE.jar;E:\1704A\repository\org\aspectj\aspectjweaver\1.8.13\aspectjweaver-1.8.13.jar;E:\1704A\repository\javax\transaction\javax.transaction-api\1.2\javax.transaction-api-1.2.jar;E:\1704A\repository\org\springframework\data\spring-data-jpa\2.0.6.RELEASE\spring-data-jpa-2.0.6.RELEASE.jar;E:\1704A\repository\org\springframework\spring-aspects\5.0.5.RELEASE\spring-aspects-5.0.5.RELEASE.jar;E:\1704A\repository\com\squareup\okhttp3\okhttp\3.9.1\okhttp-3.9.1.jar;E:\1704A\repository\com\squareup\okio\okio\1.13.0\okio-1.13.0.jar;E:\1704A\repository\com\alibaba\fastjson\1.2.30\fastjson-1.2.30.jar;E:\1704A\repository\commons-io\commons-io\2.6\commons-io-2.6.jar;E:\1704A\repository\org\apache\commons\commons-lang3\3.6\commons-lang3-3.6.jar;E:\1704A\repository\org\springframework\boot\spring-boot-starter-test\2.0.1.RELEASE\spring-boot-starter-test-2.0.1.RELEASE.jar;E:\1704A\repository\org\springframework\boot\spring-boot-test\2.0.1.RELEASE\spring-boot-test-2.0.1.RELEASE.jar;E:\1704A\repository\org\springframework\boot\spring-boot-test-autoconfigure\2.0.1.RELEASE\spring-boot-test-autoconfigure-2.0.1.RELEASE.jar;E:\1704A\repository\com\jayway\jsonpath\json-path\2.4.0\json-path-2.4.0.jar;E:\1704A\repository\net\minidev\json-smart\2.3\json-smart-2.3.jar;E:\1704A\repository\net\minidev\accessors-smart\1.2\accessors-smart-1.2.jar;E:\1704A\repository\org\ow2\asm\asm\5.0.4\asm-5.0.4.jar;E:\1704A\repository\junit\junit\4.12\junit-4.12.jar;E:\1704A\repository\org\assertj\assertj-core\3.9.1\assertj-core-3.9.1.jar;E:\1704A\repository\org\mockito\mockito-core\2.15.0\mockito-core-2.15.0.jar;E:\1704A\repository\net\bytebuddy\byte-buddy\1.7.11\byte-buddy-1.7.11.jar;E:\1704A\repository\net\bytebuddy\byte-buddy-agent\1.7.11\byte-buddy-agent-1.7.11.jar;E:\1704A\repository\org\objenesis\objenesis\2.6\objenesis-2.6.jar;E:\1704A\repository\org\hamcrest\hamcrest-core\1.3\hamcrest-core-1.3.jar;E:\1704A\repository\org\hamcrest\hamcrest-library\1.3\hamcrest-library-1.3.jar;E:\1704A\repository\org\skyscreamer\jsonassert\1.5.0\jsonassert-1.5.0.jar;E:\1704A\repository\com\vaadin\external\google\android-json\0.0.20131108.vaadin1\android-json-0.0.20131108.vaadin1.jar;E:\1704A\repository\org\springframework\spring-test\5.0.5.RELEASE\spring-test-5.0.5.RELEASE.jar;E:\1704A\repository\org\xmlunit\xmlunit-core\2.5.1\xmlunit-core-2.5.1.jar;E:\1704A\repository\org\springframework\cloud\spring-cloud-starter-netflix-eureka-client\2.0.1.RELEASE\spring-cloud-starter-netflix-eureka-client-2.0.1.RELEASE.jar;E:\1704A\repository\org\springframework\cloud\spring-cloud-starter\2.0.1.RELEASE\spring-cloud-starter-2.0.1.RELEASE.jar;E:\1704A\repository\org\springframework\cloud\spring-cloud-context\2.0.1.RELEASE\spring-cloud-context-2.0.1.RELEASE.jar;E:\1704A\repository\org\springframework\security\spring-security-rsa\1.0.5.RELEASE\spring-security-rsa-1.0.5.RELEASE.jar;E:\1704A\repository\org\springframework\cloud\spring-cloud-netflix-core\2.0.1.RELEASE\spring-cloud-netflix-core-2.0.1.RELEASE.jar;E:\1704A\repository\org\springframework\cloud\spring-cloud-netflix-eureka-client\2.0.1.RELEASE\spring-cloud-netflix-eureka-client-2.0.1.RELEASE.jar;E:\1704A\repository\com\netflix\eureka\eureka-client\1.9.3\eureka-client-1.9.3.jar;E:\1704A\repository\org\codehaus\jettison\jettison\1.3.7\jettison-1.3.7.jar;E:\1704A\repository\stax\stax-api\1.0.1\stax-api-1.0.1.jar;E:\1704A\repository\com\netflix\netflix-commons\netflix-eventbus\0.3.0\netflix-eventbus-0.3.0.jar;E:\1704A\repository\com\netflix\netflix-commons\netflix-infix\0.3.0\netflix-infix-0.3.0.jar;E:\1704A\repository\commons-jxpath\commons-jxpath\1.3\commons-jxpath-1.3.jar;E:\1704A\repository\joda-time\joda-time\2.9.9\joda-time-2.9.9.jar;E:\1704A\repository\org\antlr\antlr-runtime\3.4\antlr-runtime-3.4.jar;E:\1704A\repository\org\antlr\stringtemplate\3.2.1\stringtemplate-3.2.1.jar;E:\1704A\repository\com\google\code\gson\gson\2.8.2\gson-2.8.2.jar;E:\1704A\repository\org\apache\commons\commons-math\2.2\commons-math-2.2.jar;E:\1704A\repository\com\netflix\archaius\archaius-core\0.7.6\archaius-core-0.7.6.jar;E:\1704A\repository\javax\ws\rs\jsr311-api\1.1.1\jsr311-api-1.1.1.jar;E:\1704A\repository\com\netflix\servo\servo-core\0.12.21\servo-core-0.12.21.jar;E:\1704A\repository\com\sun\jersey\jersey-core\1.19.1\jersey-core-1.19.1.jar;E:\1704A\repository\com\sun\jersey\jersey-client\1.19.1\jersey-client-1.19.1.jar;E:\1704A\repository\com\sun\jersey\contribs\jersey-apache-client4\1.19.1\jersey-apache-client4-1.19.1.jar;E:\1704A\repository\com\google\inject\guice\4.1.0\guice-4.1.0.jar;E:\1704A\repository\javax\inject\javax.inject\1\javax.inject-1.jar;E:\1704A\repository\aopalliance\aopalliance\1.0\aopalliance-1.0.jar;E:\1704A\repository\com\github\vlsi\compactmap\compactmap\1.2.1\compactmap-1.2.1.jar;E:\1704A\repository\com\github\andrewoma\dexx\dexx-collections\0.2\dexx-collections-0.2.jar;E:\1704A\repository\com\fasterxml\jackson\core\jackson-core\2.9.5\jackson-core-2.9.5.jar;E:\1704A\repository\com\netflix\eureka\eureka-core\1.9.3\eureka-core-1.9.3.jar;E:\1704A\repository\org\codehaus\woodstox\woodstox-core-asl\4.4.1\woodstox-core-asl-4.4.1.jar;E:\1704A\repository\javax\xml\stream\stax-api\1.0-2\stax-api-1.0-2.jar;E:\1704A\repository\org\codehaus\woodstox\stax2-api\3.1.4\stax2-api-3.1.4.jar;E:\1704A\repository\org\springframework\cloud\spring-cloud-starter-netflix-archaius\2.0.1.RELEASE\spring-cloud-starter-netflix-archaius-2.0.1.RELEASE.jar;E:\1704A\repository\org\springframework\cloud\spring-cloud-netflix-ribbon\2.0.1.RELEASE\spring-cloud-netflix-ribbon-2.0.1.RELEASE.jar;E:\1704A\repository\org\springframework\cloud\spring-cloud-netflix-archaius\2.0.1.RELEASE\spring-cloud-netflix-archaius-2.0.1.RELEASE.jar;E:\1704A\repository\commons-configuration\commons-configuration\1.8\commons-configuration-1.8.jar;E:\1704A\repository\commons-lang\commons-lang\2.6\commons-lang-2.6.jar;E:\1704A\repository\org\springframework\cloud\spring-cloud-starter-netflix-ribbon\2.0.1.RELEASE\spring-cloud-starter-netflix-ribbon-2.0.1.RELEASE.jar;E:\1704A\repository\com\netflix\ribbon\ribbon\2.2.5\ribbon-2.2.5.jar;E:\1704A\repository\com\netflix\ribbon\ribbon-transport\2.2.5\ribbon-transport-2.2.5.jar;E:\1704A\repository\io\reactivex\rxnetty-contexts\0.4.9\rxnetty-contexts-0.4.9.jar;E:\1704A\repository\io\reactivex\rxnetty-servo\0.4.9\rxnetty-servo-0.4.9.jar;E:\1704A\repository\io\reactivex\rxnetty\0.4.9\rxnetty-0.4.9.jar;E:\1704A\repository\io\netty\netty-codec-http\4.1.23.Final\netty-codec-http-4.1.23.Final.jar;E:\1704A\repository\io\netty\netty-codec\4.1.23.Final\netty-codec-4.1.23.Final.jar;E:\1704A\repository\io\netty\netty-transport-native-epoll\4.1.23.Final\netty-transport-native-epoll-4.1.23.Final.jar;E:\1704A\repository\io\netty\netty-common\4.1.23.Final\netty-common-4.1.23.Final.jar;E:\1704A\repository\io\netty\netty-buffer\4.1.23.Final\netty-buffer-4.1.23.Final.jar;E:\1704A\repository\io\netty\netty-transport-native-unix-common\4.1.23.Final\netty-transport-native-unix-common-4.1.23.Final.jar;E:\1704A\repository\io\netty\netty-transport\4.1.23.Final\netty-transport-4.1.23.Final.jar;E:\1704A\repository\io\netty\netty-resolver\4.1.23.Final\netty-resolver-4.1.23.Final.jar;E:\1704A\repository\com\netflix\ribbon\ribbon-core\2.2.5\ribbon-core-2.2.5.jar;E:\1704A\repository\com\netflix\ribbon\ribbon-httpclient\2.2.5\ribbon-httpclient-2.2.5.jar;E:\1704A\repository\commons-collections\commons-collections\3.2.2\commons-collections-3.2.2.jar;E:\1704A\repository\com\netflix\netflix-commons\netflix-commons-util\0.3.0\netflix-commons-util-0.3.0.jar;E:\1704A\repository\com\netflix\ribbon\ribbon-loadbalancer\2.2.5\ribbon-loadbalancer-2.2.5.jar;E:\1704A\repository\com\netflix\netflix-commons\netflix-statistics\0.1.1\netflix-statistics-0.1.1.jar;E:\1704A\repository\io\reactivex\rxjava\1.3.8\rxjava-1.3.8.jar;E:\1704A\repository\com\netflix\ribbon\ribbon-eureka\2.2.5\ribbon-eureka-2.2.5.jar;E:\1704A\repository\com\thoughtworks\xstream\xstream\1.4.10\xstream-1.4.10.jar;E:\1704A\repository\xmlpull\xmlpull\1.1.3.1\xmlpull-1.1.3.1.jar;E:\1704A\repository\xpp3\xpp3_min\1.1.4c\xpp3_min-1.1.4c.jar;E:\1704A\repository\org\springframework\cloud\spring-cloud-starter-openfeign\2.0.1.RELEASE\spring-cloud-starter-openfeign-2.0.1.RELEASE.jar;E:\1704A\repository\org\springframework\cloud\spring-cloud-openfeign-core\2.0.1.RELEASE\spring-cloud-openfeign-core-2.0.1.RELEASE.jar;E:\1704A\repository\org\springframework\cloud\spring-cloud-commons\2.0.1.RELEASE\spring-cloud-commons-2.0.1.RELEASE.jar;E:\1704A\repository\io\github\openfeign\feign-core\9.5.1\feign-core-9.5.1.jar;E:\1704A\repository\io\github\openfeign\feign-slf4j\9.5.1\feign-slf4j-9.5.1.jar;E:\1704A\repository\io\github\openfeign\feign-hystrix\9.5.1\feign-hystrix-9.5.1.jar;E:\1704A\repository\com\netflix\hystrix\hystrix-core\1.5.12\hystrix-core-1.5.12.jar;E:\1704A\repository\org\hdrhistogram\HdrHistogram\2.1.9\HdrHistogram-2.1.9.jar;E:\1704A\repository\io\github\openfeign\feign-java8\9.5.1\feign-java8-9.5.1.jar;E:\1704A\repository\com\netflix\feign\feign-okhttp\8.18.0\feign-okhttp-8.18.0.jar;E:\1704A\repository\com\netflix\feign\feign-core\8.18.0\feign-core-8.18.0.jar;E:\1704A\repository\org\jvnet\animal-sniffer-annotation\1.0\animal-sniffer-annotation-1.0.jar;, java.specification.name=Java Platform API Specification, java.class.version=52.0, sun.management.compiler=HotSpot 64-Bit Tiered Compilers, maven.repo.local=E:\1704A\repository, os.version=10.0, user.home=C:\Users\wangb, user.timezone=Asia/Shanghai, java.awt.printerjob=sun.awt.windows.WPrinterJob, file.encoding=GBK, java.specification.version=1.8, java.class.path=E:\1704A\hdServiceCode\nm-service-manage-course\target\test-classes;E:\1704A\hdServiceCode\nm-service-manage-course\target\classes;E:\1704A\repository\org\springframework\cloud\spring-cloud-starter-oauth2\2.0.0.RELEASE\spring-cloud-starter-oauth2-2.0.0.RELEASE.jar;E:\1704A\repository\org\springframework\cloud\spring-cloud-starter-security\2.0.0.RELEASE\spring-cloud-starter-security-2.0.0.RELEASE.jar;E:\1704A\repository\org\springframework\boot\spring-boot-starter-actuator\2.0.1.RELEASE\spring-boot-starter-actuator-2.0.1.RELEASE.jar;E:\1704A\repository\org\springframework\boot\spring-boot-actuator-autoconfigure\2.0.1.RELEASE\spring-boot-actuator-autoconfigure-2.0.1.RELEASE.jar;E:\1704A\repository\org\springframework\boot\spring-boot-actuator\2.0.1.RELEASE\spring-boot-actuator-2.0.1.RELEASE.jar;E:\1704A\repository\io\micrometer\micrometer-core\1.0.3\micrometer-core-1.0.3.jar;E:\1704A\repository\org\latencyutils\LatencyUtils\2.0.3\LatencyUtils-2.0.3.jar;E:\1704A\repository\org\springframework\cloud\spring-cloud-security\2.0.0.RELEASE\spring-cloud-security-2.0.0.RELEASE.jar;E:\1704A\repository\org\springframework\boot\spring-boot-starter-security\2.0.1.RELEASE\spring-boot-starter-security-2.0.1.RELEASE.jar;E:\1704A\repository\org\springframework\security\oauth\boot\spring-security-oauth2-autoconfigure\2.0.0.RELEASE\spring-security-oauth2-autoconfigure-2.0.0.RELEASE.jar;E:\1704A\repository\com\fasterxml\jackson\core\jackson-annotations\2.9.0\jackson-annotations-2.9.0.jar;E:\1704A\repository\com\fasterxml\jackson\core\jackson-databind\2.9.5\jackson-databind-2.9.5.jar;E:\1704A\repository\org\springframework\boot\spring-boot\2.0.1.RELEASE\spring-boot-2.0.1.RELEASE.jar;E:\1704A\repository\org\springframework\security\oauth\spring-security-oauth2\2.2.1.RELEASE\spring-security-oauth2-2.2.1.RELEASE.jar;E:\1704A\repository\org\springframework\security\spring-security-core\5.0.4.RELEASE\spring-security-core-5.0.4.RELEASE.jar;E:\1704A\repository\org\springframework\security\spring-security-config\5.0.4.RELEASE\spring-security-config-5.0.4.RELEASE.jar;E:\1704A\repository\org\springframework\security\spring-security-web\5.0.4.RELEASE\spring-security-web-5.0.4.RELEASE.jar;E:\1704A\repository\org\codehaus\jackson\jackson-mapper-asl\1.9.13\jackson-mapper-asl-1.9.13.jar;E:\1704A\repository\org\codehaus\jackson\jackson-core-asl\1.9.13\jackson-core-asl-1.9.13.jar;E:\1704A\repository\com\github\pagehelper\pagehelper-spring-boot-starter\1.2.4\pagehelper-spring-boot-starter-1.2.4.jar;E:\1704A\repository\org\springframework\boot\spring-boot-starter\2.0.1.RELEASE\spring-boot-starter-2.0.1.RELEASE.jar;E:\1704A\repository\javax\annotation\javax.annotation-api\1.3.2\javax.annotation-api-1.3.2.jar;E:\1704A\repository\org\yaml\snakeyaml\1.19\snakeyaml-1.19.jar;E:\1704A\repository\com\github\pagehelper\pagehelper-spring-boot-autoconfigure\1.2.4\pagehelper-spring-boot-autoconfigure-1.2.4.jar;E:\1704A\repository\com\github\pagehelper\pagehelper\5.1.3\pagehelper-5.1.3.jar;E:\1704A\repository\com\github\jsqlparser\jsqlparser\1.0\jsqlparser-1.0.jar;E:\1704A\hdServiceCode\nm-service-api\target\nm-service-api.jar;E:\1704A\repository\commons-fileupload\commons-fileupload\1.3.3\commons-fileupload-1.3.3.jar;E:\1704A\repository\io\springfox\springfox-swagger2\2.7.0\springfox-swagger2-2.7.0.jar;E:\1704A\repository\io\swagger\swagger-annotations\1.5.13\swagger-annotations-1.5.13.jar;E:\1704A\repository\io\swagger\swagger-models\1.5.13\swagger-models-1.5.13.jar;E:\1704A\repository\io\springfox\springfox-spi\2.7.0\springfox-spi-2.7.0.jar;E:\1704A\repository\io\springfox\springfox-core\2.7.0\springfox-core-2.7.0.jar;E:\1704A\repository\io\springfox\springfox-schema\2.7.0\springfox-schema-2.7.0.jar;E:\1704A\repository\io\springfox\springfox-swagger-common\2.7.0\springfox-swagger-common-2.7.0.jar;E:\1704A\repository\io\springfox\springfox-spring-web\2.7.0\springfox-spring-web-2.7.0.jar;E:\1704A\repository\org\reflections\reflections\0.9.11\reflections-0.9.11.jar;E:\1704A\repository\com\fasterxml\classmate\1.3.4\classmate-1.3.4.jar;E:\1704A\repository\org\springframework\plugin\spring-plugin-core\1.2.0.RELEASE\spring-plugin-core-1.2.0.RELEASE.jar;E:\1704A\repository\org\springframework\plugin\spring-plugin-metadata\1.2.0.RELEASE\spring-plugin-metadata-1.2.0.RELEASE.jar;E:\1704A\repository\org\mapstruct\mapstruct\1.1.0.Final\mapstruct-1.1.0.Final.jar;E:\1704A\repository\io\springfox\springfox-swagger-ui\2.7.0\springfox-swagger-ui-2.7.0.jar;E:\1704A\hdServiceCode\nm-framework-model\target\nm-framework-model.jar;E:\1704A\repository\org\projectlombok\lombok\1.16.16\lombok-1.16.16.jar;E:\1704A\repository\org\springframework\data\spring-data-commons\2.0.6.RELEASE\spring-data-commons-2.0.6.RELEASE.jar;E:\1704A\repository\org\springframework\data\spring-data-mongodb\2.0.6.RELEASE\spring-data-mongodb-2.0.6.RELEASE.jar;E:\1704A\repository\org\springframework\spring-context\5.0.5.RELEASE\spring-context-5.0.5.RELEASE.jar;E:\1704A\repository\org\springframework\spring-expression\5.0.5.RELEASE\spring-expression-5.0.5.RELEASE.jar;E:\1704A\repository\org\mongodb\mongo-java-driver\3.6.3\mongo-java-driver-3.6.3.jar;E:\1704A\repository\org\hibernate\hibernate-core\5.2.16.Final\hibernate-core-5.2.16.Final.jar;E:\1704A\repository\org\jboss\logging\jboss-logging\3.3.2.Final\jboss-logging-3.3.2.Final.jar;E:\1704A\repository\org\hibernate\javax\persistence\hibernate-jpa-2.1-api\1.0.0.Final\hibernate-jpa-2.1-api-1.0.0.Final.jar;E:\1704A\repository\org\javassist\javassist\3.22.0-GA\javassist-3.22.0-GA.jar;E:\1704A\repository\antlr\antlr\2.7.7\antlr-2.7.7.jar;E:\1704A\repository\org\jboss\spec\javax\transaction\jboss-transaction-api_1.2_spec\1.0.1.Final\jboss-transaction-api_1.2_spec-1.0.1.Final.jar;E:\1704A\repository\org\jboss\jandex\2.0.3.Final\jandex-2.0.3.Final.jar;E:\1704A\repository\dom4j\dom4j\1.6.1\dom4j-1.6.1.jar;E:\1704A\repository\org\hibernate\common\hibernate-commons-annotations\5.0.1.Final\hibernate-commons-annotations-5.0.1.Final.jar;E:\1704A\repository\com\google\guava\guava\24.0-jre\guava-24.0-jre.jar;E:\1704A\repository\com\google\code\findbugs\jsr305\1.3.9\jsr305-1.3.9.jar;E:\1704A\repository\org\checkerframework\checker-compat-qual\2.0.0\checker-compat-qual-2.0.0.jar;E:\1704A\repository\com\google\errorprone\error_prone_annotations\2.1.3\error_prone_annotations-2.1.3.jar;E:\1704A\repository\com\google\j2objc\j2objc-annotations\1.1\j2objc-annotations-1.1.jar;E:\1704A\repository\org\codehaus\mojo\animal-sniffer-annotations\1.14\animal-sniffer-annotations-1.14.jar;E:\1704A\hdServiceCode\nm-framework-utils\target\nm-framework-utils.jar;E:\1704A\repository\javax\servlet\javax.servlet-api\3.1.0\javax.servlet-api-3.1.0.jar;E:\1704A\repository\org\springframework\boot\spring-boot-starter-logging\2.0.1.RELEASE\spring-boot-starter-logging-2.0.1.RELEASE.jar;E:\1704A\repository\ch\qos\logback\logback-classic\1.2.3\logback-classic-1.2.3.jar;E:\1704A\repository\ch\qos\logback\logback-core\1.2.3\logback-core-1.2.3.jar;E:\1704A\repository\org\apache\logging\log4j\log4j-to-slf4j\2.10.0\log4j-to-slf4j-2.10.0.jar;E:\1704A\repository\org\apache\logging\log4j\log4j-api\2.10.0\log4j-api-2.10.0.jar;E:\1704A\repository\org\slf4j\jul-to-slf4j\1.7.25\jul-to-slf4j-1.7.25.jar;E:\1704A\repository\org\apache\httpcomponents\httpclient\4.5.5\httpclient-4.5.5.jar;E:\1704A\repository\org\apache\httpcomponents\httpcore\4.4.9\httpcore-4.4.9.jar;E:\1704A\repository\commons-codec\commons-codec\1.10\commons-codec-1.10.jar;E:\1704A\repository\net\lingala\zip4j\zip4j\1.3.1\zip4j-1.3.1.jar;E:\1704A\repository\org\springframework\security\spring-security-crypto\5.0.4.RELEASE\spring-security-crypto-5.0.4.RELEASE.jar;E:\1704A\repository\org\springframework\security\spring-security-jwt\1.0.8.RELEASE\spring-security-jwt-1.0.8.RELEASE.jar;E:\1704A\repository\org\bouncycastle\bcpkix-jdk15on\1.56\bcpkix-jdk15on-1.56.jar;E:\1704A\repository\org\bouncycastle\bcprov-jdk15on\1.56\bcprov-jdk15on-1.56.jar;E:\1704A\hdServiceCode\nm-framework-common\target\nm-framework-common.jar;E:\1704A\repository\org\springframework\spring-web\5.0.5.RELEASE\spring-web-5.0.5.RELEASE.jar;E:\1704A\repository\org\springframework\boot\spring-boot-starter-web\2.0.1.RELEASE\spring-boot-starter-web-2.0.1.RELEASE.jar;E:\1704A\repository\org\springframework\boot\spring-boot-starter-json\2.0.1.RELEASE\spring-boot-starter-json-2.0.1.RELEASE.jar;E:\1704A\repository\com\fasterxml\jackson\datatype\jackson-datatype-jdk8\2.9.5\jackson-datatype-jdk8-2.9.5.jar;E:\1704A\repository\com\fasterxml\jackson\datatype\jackson-datatype-jsr310\2.9.5\jackson-datatype-jsr310-2.9.5.jar;E:\1704A\repository\com\fasterxml\jackson\module\jackson-module-parameter-names\2.9.5\jackson-module-parameter-names-2.9.5.jar;E:\1704A\repository\org\springframework\boot\spring-boot-starter-tomcat\2.0.1.RELEASE\spring-boot-starter-tomcat-2.0.1.RELEASE.jar;E:\1704A\repository\org\apache\tomcat\embed\tomcat-embed-core\8.5.28\tomcat-embed-core-8.5.28.jar;E:\1704A\repository\org\apache\tomcat\embed\tomcat-embed-el\8.5.28\tomcat-embed-el-8.5.28.jar;E:\1704A\repository\org\apache\tomcat\embed\tomcat-embed-websocket\8.5.28\tomcat-embed-websocket-8.5.28.jar;E:\1704A\repository\org\hibernate\validator\hibernate-validator\6.0.9.Final\hibernate-validator-6.0.9.Final.jar;E:\1704A\repository\javax\validation\validation-api\2.0.1.Final\validation-api-2.0.1.Final.jar;E:\1704A\repository\org\springframework\spring-webmvc\5.0.5.RELEASE\spring-webmvc-5.0.5.RELEASE.jar;E:\1704A\repository\org\springframework\spring-aop\5.0.5.RELEASE\spring-aop-5.0.5.RELEASE.jar;E:\1704A\repository\mysql\mysql-connector-java\5.1.40\mysql-connector-java-5.1.40.jar;E:\1704A\repository\com\alibaba\druid-spring-boot-starter\1.1.10\druid-spring-boot-starter-1.1.10.jar;E:\1704A\repository\com\alibaba\druid\1.1.6\druid-1.1.6.jar;E:\1704A\repository\org\slf4j\slf4j-api\1.7.25\slf4j-api-1.7.25.jar;E:\1704A\repository\org\springframework\boot\spring-boot-autoconfigure\2.0.1.RELEASE\spring-boot-autoconfigure-2.0.1.RELEASE.jar;E:\1704A\repository\org\mybatis\spring\boot\mybatis-spring-boot-starter\1.3.1\mybatis-spring-boot-starter-1.3.1.jar;E:\1704A\repository\org\springframework\boot\spring-boot-starter-jdbc\2.0.1.RELEASE\spring-boot-starter-jdbc-2.0.1.RELEASE.jar;E:\1704A\repository\com\zaxxer\HikariCP\2.7.8\HikariCP-2.7.8.jar;E:\1704A\repository\org\mybatis\spring\boot\mybatis-spring-boot-autoconfigure\1.3.1\mybatis-spring-boot-autoconfigure-1.3.1.jar;E:\1704A\repository\org\mybatis\mybatis\3.4.5\mybatis-3.4.5.jar;E:\1704A\repository\org\mybatis\mybatis-spring\1.3.1\mybatis-spring-1.3.1.jar;E:\1704A\repository\org\springframework\spring-orm\5.0.5.RELEASE\spring-orm-5.0.5.RELEASE.jar;E:\1704A\repository\org\springframework\spring-beans\5.0.5.RELEASE\spring-beans-5.0.5.RELEASE.jar;E:\1704A\repository\org\springframework\spring-core\5.0.5.RELEASE\spring-core-5.0.5.RELEASE.jar;E:\1704A\repository\org\springframework\spring-jcl\5.0.5.RELEASE\spring-jcl-5.0.5.RELEASE.jar;E:\1704A\repository\org\springframework\spring-jdbc\5.0.5.RELEASE\spring-jdbc-5.0.5.RELEASE.jar;E:\1704A\repository\org\springframework\spring-tx\5.0.5.RELEASE\spring-tx-5.0.5.RELEASE.jar;E:\1704A\repository\org\springframework\boot\spring-boot-starter-data-jpa\2.0.1.RELEASE\spring-boot-starter-data-jpa-2.0.1.RELEASE.jar;E:\1704A\repository\org\springframework\boot\spring-boot-starter-aop\2.0.1.RELEASE\spring-boot-starter-aop-2.0.1.RELEASE.jar;E:\1704A\repository\org\aspectj\aspectjweaver\1.8.13\aspectjweaver-1.8.13.jar;E:\1704A\repository\javax\transaction\javax.transaction-api\1.2\javax.transaction-api-1.2.jar;E:\1704A\repository\org\springframework\data\spring-data-jpa\2.0.6.RELEASE\spring-data-jpa-2.0.6.RELEASE.jar;E:\1704A\repository\org\springframework\spring-aspects\5.0.5.RELEASE\spring-aspects-5.0.5.RELEASE.jar;E:\1704A\repository\com\squareup\okhttp3\okhttp\3.9.1\okhttp-3.9.1.jar;E:\1704A\repository\com\squareup\okio\okio\1.13.0\okio-1.13.0.jar;E:\1704A\repository\com\alibaba\fastjson\1.2.30\fastjson-1.2.30.jar;E:\1704A\repository\commons-io\commons-io\2.6\commons-io-2.6.jar;E:\1704A\repository\org\apache\commons\commons-lang3\3.6\commons-lang3-3.6.jar;E:\1704A\repository\org\springframework\boot\spring-boot-starter-test\2.0.1.RELEASE\spring-boot-starter-test-2.0.1.RELEASE.jar;E:\1704A\repository\org\springframework\boot\spring-boot-test\2.0.1.RELEASE\spring-boot-test-2.0.1.RELEASE.jar;E:\1704A\repository\org\springframework\boot\spring-boot-test-autoconfigure\2.0.1.RELEASE\spring-boot-test-autoconfigure-2.0.1.RELEASE.jar;E:\1704A\repository\com\jayway\jsonpath\json-path\2.4.0\json-path-2.4.0.jar;E:\1704A\repository\net\minidev\json-smart\2.3\json-smart-2.3.jar;E:\1704A\repository\net\minidev\accessors-smart\1.2\accessors-smart-1.2.jar;E:\1704A\repository\org\ow2\asm\asm\5.0.4\asm-5.0.4.jar;E:\1704A\repository\junit\junit\4.12\junit-4.12.jar;E:\1704A\repository\org\assertj\assertj-core\3.9.1\assertj-core-3.9.1.jar;E:\1704A\repository\org\mockito\mockito-core\2.15.0\mockito-core-2.15.0.jar;E:\1704A\repository\net\bytebuddy\byte-buddy\1.7.11\byte-buddy-1.7.11.jar;E:\1704A\repository\net\bytebuddy\byte-buddy-agent\1.7.11\byte-buddy-agent-1.7.11.jar;E:\1704A\repository\org\objenesis\objenesis\2.6\objenesis-2.6.jar;E:\1704A\repository\org\hamcrest\hamcrest-core\1.3\hamcrest-core-1.3.jar;E:\1704A\repository\org\hamcrest\hamcrest-library\1.3\hamcrest-library-1.3.jar;E:\1704A\repository\org\skyscreamer\jsonassert\1.5.0\jsonassert-1.5.0.jar;E:\1704A\repository\com\vaadin\external\google\android-json\0.0.20131108.vaadin1\android-json-0.0.20131108.vaadin1.jar;E:\1704A\repository\org\springframework\spring-test\5.0.5.RELEASE\spring-test-5.0.5.RELEASE.jar;E:\1704A\repository\org\xmlunit\xmlunit-core\2.5.1\xmlunit-core-2.5.1.jar;E:\1704A\repository\org\springframework\cloud\spring-cloud-starter-netflix-eureka-client\2.0.1.RELEASE\spring-cloud-starter-netflix-eureka-client-2.0.1.RELEASE.jar;E:\1704A\repository\org\springframework\cloud\spring-cloud-starter\2.0.1.RELEASE\spring-cloud-starter-2.0.1.RELEASE.jar;E:\1704A\repository\org\springframework\cloud\spring-cloud-context\2.0.1.RELEASE\spring-cloud-context-2.0.1.RELEASE.jar;E:\1704A\repository\org\springframework\security\spring-security-rsa\1.0.5.RELEASE\spring-security-rsa-1.0.5.RELEASE.jar;E:\1704A\repository\org\springframework\cloud\spring-cloud-netflix-core\2.0.1.RELEASE\spring-cloud-netflix-core-2.0.1.RELEASE.jar;E:\1704A\repository\org\springframework\cloud\spring-cloud-netflix-eureka-client\2.0.1.RELEASE\spring-cloud-netflix-eureka-client-2.0.1.RELEASE.jar;E:\1704A\repository\com\netflix\eureka\eureka-client\1.9.3\eureka-client-1.9.3.jar;E:\1704A\repository\org\codehaus\jettison\jettison\1.3.7\jettison-1.3.7.jar;E:\1704A\repository\stax\stax-api\1.0.1\stax-api-1.0.1.jar;E:\1704A\repository\com\netflix\netflix-commons\netflix-eventbus\0.3.0\netflix-eventbus-0.3.0.jar;E:\1704A\repository\com\netflix\netflix-commons\netflix-infix\0.3.0\netflix-infix-0.3.0.jar;E:\1704A\repository\commons-jxpath\commons-jxpath\1.3\commons-jxpath-1.3.jar;E:\1704A\repository\joda-time\joda-time\2.9.9\joda-time-2.9.9.jar;E:\1704A\repository\org\antlr\antlr-runtime\3.4\antlr-runtime-3.4.jar;E:\1704A\repository\org\antlr\stringtemplate\3.2.1\stringtemplate-3.2.1.jar;E:\1704A\repository\com\google\code\gson\gson\2.8.2\gson-2.8.2.jar;E:\1704A\repository\org\apache\commons\commons-math\2.2\commons-math-2.2.jar;E:\1704A\repository\com\netflix\archaius\archaius-core\0.7.6\archaius-core-0.7.6.jar;E:\1704A\repository\javax\ws\rs\jsr311-api\1.1.1\jsr311-api-1.1.1.jar;E:\1704A\repository\com\netflix\servo\servo-core\0.12.21\servo-core-0.12.21.jar;E:\1704A\repository\com\sun\jersey\jersey-core\1.19.1\jersey-core-1.19.1.jar;E:\1704A\repository\com\sun\jersey\jersey-client\1.19.1\jersey-client-1.19.1.jar;E:\1704A\repository\com\sun\jersey\contribs\jersey-apache-client4\1.19.1\jersey-apache-client4-1.19.1.jar;E:\1704A\repository\com\google\inject\guice\4.1.0\guice-4.1.0.jar;E:\1704A\repository\javax\inject\javax.inject\1\javax.inject-1.jar;E:\1704A\repository\aopalliance\aopalliance\1.0\aopalliance-1.0.jar;E:\1704A\repository\com\github\vlsi\compactmap\compactmap\1.2.1\compactmap-1.2.1.jar;E:\1704A\repository\com\github\andrewoma\dexx\dexx-collections\0.2\dexx-collections-0.2.jar;E:\1704A\repository\com\fasterxml\jackson\core\jackson-core\2.9.5\jackson-core-2.9.5.jar;E:\1704A\repository\com\netflix\eureka\eureka-core\1.9.3\eureka-core-1.9.3.jar;E:\1704A\repository\org\codehaus\woodstox\woodstox-core-asl\4.4.1\woodstox-core-asl-4.4.1.jar;E:\1704A\repository\javax\xml\stream\stax-api\1.0-2\stax-api-1.0-2.jar;E:\1704A\repository\org\codehaus\woodstox\stax2-api\3.1.4\stax2-api-3.1.4.jar;E:\1704A\repository\org\springframework\cloud\spring-cloud-starter-netflix-archaius\2.0.1.RELEASE\spring-cloud-starter-netflix-archaius-2.0.1.RELEASE.jar;E:\1704A\repository\org\springframework\cloud\spring-cloud-netflix-ribbon\2.0.1.RELEASE\spring-cloud-netflix-ribbon-2.0.1.RELEASE.jar;E:\1704A\repository\org\springframework\cloud\spring-cloud-netflix-archaius\2.0.1.RELEASE\spring-cloud-netflix-archaius-2.0.1.RELEASE.jar;E:\1704A\repository\commons-configuration\commons-configuration\1.8\commons-configuration-1.8.jar;E:\1704A\repository\commons-lang\commons-lang\2.6\commons-lang-2.6.jar;E:\1704A\repository\org\springframework\cloud\spring-cloud-starter-netflix-ribbon\2.0.1.RELEASE\spring-cloud-starter-netflix-ribbon-2.0.1.RELEASE.jar;E:\1704A\repository\com\netflix\ribbon\ribbon\2.2.5\ribbon-2.2.5.jar;E:\1704A\repository\com\netflix\ribbon\ribbon-transport\2.2.5\ribbon-transport-2.2.5.jar;E:\1704A\repository\io\reactivex\rxnetty-contexts\0.4.9\rxnetty-contexts-0.4.9.jar;E:\1704A\repository\io\reactivex\rxnetty-servo\0.4.9\rxnetty-servo-0.4.9.jar;E:\1704A\repository\io\reactivex\rxnetty\0.4.9\rxnetty-0.4.9.jar;E:\1704A\repository\io\netty\netty-codec-http\4.1.23.Final\netty-codec-http-4.1.23.Final.jar;E:\1704A\repository\io\netty\netty-codec\4.1.23.Final\netty-codec-4.1.23.Final.jar;E:\1704A\repository\io\netty\netty-transport-native-epoll\4.1.23.Final\netty-transport-native-epoll-4.1.23.Final.jar;E:\1704A\repository\io\netty\netty-common\4.1.23.Final\netty-common-4.1.23.Final.jar;E:\1704A\repository\io\netty\netty-buffer\4.1.23.Final\netty-buffer-4.1.23.Final.jar;E:\1704A\repository\io\netty\netty-transport-native-unix-common\4.1.23.Final\netty-transport-native-unix-common-4.1.23.Final.jar;E:\1704A\repository\io\netty\netty-transport\4.1.23.Final\netty-transport-4.1.23.Final.jar;E:\1704A\repository\io\netty\netty-resolver\4.1.23.Final\netty-resolver-4.1.23.Final.jar;E:\1704A\repository\com\netflix\ribbon\ribbon-core\2.2.5\ribbon-core-2.2.5.jar;E:\1704A\repository\com\netflix\ribbon\ribbon-httpclient\2.2.5\ribbon-httpclient-2.2.5.jar;E:\1704A\repository\commons-collections\commons-collections\3.2.2\commons-collections-3.2.2.jar;E:\1704A\repository\com\netflix\netflix-commons\netflix-commons-util\0.3.0\netflix-commons-util-0.3.0.jar;E:\1704A\repository\com\netflix\ribbon\ribbon-loadbalancer\2.2.5\ribbon-loadbalancer-2.2.5.jar;E:\1704A\repository\com\netflix\netflix-commons\netflix-statistics\0.1.1\netflix-statistics-0.1.1.jar;E:\1704A\repository\io\reactivex\rxjava\1.3.8\rxjava-1.3.8.jar;E:\1704A\repository\com\netflix\ribbon\ribbon-eureka\2.2.5\ribbon-eureka-2.2.5.jar;E:\1704A\repository\com\thoughtworks\xstream\xstream\1.4.10\xstream-1.4.10.jar;E:\1704A\repository\xmlpull\xmlpull\1.1.3.1\xmlpull-1.1.3.1.jar;E:\1704A\repository\xpp3\xpp3_min\1.1.4c\xpp3_min-1.1.4c.jar;E:\1704A\repository\org\springframework\cloud\spring-cloud-starter-openfeign\2.0.1.RELEASE\spring-cloud-starter-openfeign-2.0.1.RELEASE.jar;E:\1704A\repository\org\springframework\cloud\spring-cloud-openfeign-core\2.0.1.RELEASE\spring-cloud-openfeign-core-2.0.1.RELEASE.jar;E:\1704A\repository\org\springframework\cloud\spring-cloud-commons\2.0.1.RELEASE\spring-cloud-commons-2.0.1.RELEASE.jar;E:\1704A\repository\io\github\openfeign\feign-core\9.5.1\feign-core-9.5.1.jar;E:\1704A\repository\io\github\openfeign\feign-slf4j\9.5.1\feign-slf4j-9.5.1.jar;E:\1704A\repository\io\github\openfeign\feign-hystrix\9.5.1\feign-hystrix-9.5.1.jar;E:\1704A\repository\com\netflix\hystrix\hystrix-core\1.5.12\hystrix-core-1.5.12.jar;E:\1704A\repository\org\hdrhistogram\HdrHistogram\2.1.9\HdrHistogram-2.1.9.jar;E:\1704A\repository\io\github\openfeign\feign-java8\9.5.1\feign-java8-9.5.1.jar;E:\1704A\repository\com\netflix\feign\feign-okhttp\8.18.0\feign-okhttp-8.18.0.jar;E:\1704A\repository\com\netflix\feign\feign-core\8.18.0\feign-core-8.18.0.jar;E:\1704A\repository\org\jvnet\animal-sniffer-annotation\1.0\animal-sniffer-annotation-1.0.jar;, user.name=wangb, java.vm.specification.version=1.8, sun.java.command=C:\Users\wangb\AppData\Local\Temp\surefire5324342515423551962\surefirebooter5243460830507094447.jar C:\Users\wangb\AppData\Local\Temp\surefire5324342515423551962 2020-03-14T21-55-45_030-jvmRun1 surefire1707916640353451280tmp surefire_17945900769613902388tmp, java.home=C:\Program Files\Java\jdk1.8.0_91\jre, sun.arch.data.model=64, user.language=zh, java.specification.vendor=Oracle Corporation, awt.toolkit=sun.awt.windows.WToolkit, java.vm.info=mixed mode, java.version=1.8.0_91, java.ext.dirs=C:\Program Files\Java\jdk1.8.0_91\jre\lib\ext;C:\WINDOWS\Sun\Java\lib\ext, sun.boot.class.path=C:\Program Files\Java\jdk1.8.0_91\jre\lib\resources.jar;C:\Program Files\Java\jdk1.8.0_91\jre\lib\rt.jar;C:\Program Files\Java\jdk1.8.0_91\jre\lib\sunrsasign.jar;C:\Program Files\Java\jdk1.8.0_91\jre\lib\jsse.jar;C:\Program Files\Java\jdk1.8.0_91\jre\lib\jce.jar;C:\Program Files\Java\jdk1.8.0_91\jre\lib\charsets.jar;C:\Program Files\Java\jdk1.8.0_91\jre\lib\jfr.jar;C:\Program Files\Java\jdk1.8.0_91\jre\classes, java.vendor=Oracle Corporation, localRepository=E:\1704A\repository, file.separator=\, java.vendor.url.bug=http://bugreport.sun.com/bugreport/, sun.io.unicode.encoding=UnicodeLittle, sun.cpu.endian=little, sun.desktop=windows, sun.cpu.isalist=amd64}}, SystemEnvironmentPropertySource@1617838096 {name='systemEnvironment', properties={PATH=E:\app\wangb\product\11.2.0\dbhome_1\bin;E:\maven\apache-maven-3.6.1\bin;C:\Program Files\Java\jdk1.8.0_91\bin;C:\Program Files (x86)\Intel\iCLS Client\;C:\Program Files\Intel\iCLS Client\;C:\Windows\system32;C:\Windows;C:\Windows\System32\Wbem;C:\Windows\System32\WindowsPowerShell\v1.0\;C:\Program Files (x86)\NVIDIA Corporation\PhysX\Common;C:\Program Files (x86)\Intel\Intel(R) Management Engine Components\DAL;C:\Program Files\Intel\Intel(R) Management Engine Components\DAL;C:\Program Files (x86)\Intel\Intel(R) Management Engine Components\IPT;C:\Program Files\Intel\Intel(R) Management Engine Components\IPT;C:\WINDOWS\system32;C:\WINDOWS;C:\WINDOWS\System32\Wbem;C:\WINDOWS\System32\WindowsPowerShell\v1.0\;C:\WINDOWS\System32\OpenSSH\;C:\Program Files\MySQL\MySQL Server 5.5\bin;E:\nodejs\;E:\Git\cmd;E:\Mp4\ffmpeg-20180227-fa0c9d6-win64-static\bin;C:\Users\wangb\AppData\Local\Microsoft\WindowsApps;C:\Users\wangb\AppData\Roaming\npm;E:\Microsoft VS Code\bin, USERDOMAIN_ROAMINGPROFILE=LAPTOP-8K1AKH0O, LOCALAPPDATA=C:\Users\wangb\AppData\Local, PROCESSOR_LEVEL=6, SYSTEMDRIVE=C:, COMMONPROGRAMFILES(X86)=C:\Program Files (x86)\Common Files, USERDOMAIN=LAPTOP-8K1AKH0O, FPS_BROWSER_APP_PROFILE_STRING=Internet Explorer, LOGONSERVER=\\LAPTOP-8K1AKH0O, JAVA_HOME=C:\Program Files\Java\jdk1.8.0_91, PROMPT=$P$G, SESSIONNAME=Console, ALLUSERSPROFILE=C:\ProgramData, PROGRAMFILES(X86)=C:\Program Files (x86), PROCESSOR_ARCHITECTURE=AMD64, DRIVERDATA=C:\Windows\System32\Drivers\DriverData, ERLANG_HOME=E:\erl9.2, =E:=E:\1704A\hdServiceCode\nm-service-manage-course, PROGRAMFILES=C:\Program Files, APPDATA=C:\Users\wangb\AppData\Roaming, MOZ_PLUGIN_PATH=E:\1704A\FoxitPhantomPDFBusiness\plugins\, PSMODULEPATH=C:\Program Files\WindowsPowerShell\Modules;C:\WINDOWS\system32\WindowsPowerShell\v1.0\Modules, PROGRAMW6432=C:\Program Files, PROGRAMDATA=C:\ProgramData, SYSTEMROOT=C:\WINDOWS, USERNAME=wangb, FPS_BROWSER_USER_PROFILE_STRING=Default, ONEDRIVE=C:\Users\wangb\OneDrive, CONFIGSETROOT=C:\WINDOWS\ConfigSetRoot, PATHEXT=.COM;.EXE;.BAT;.CMD;.VBS;.VBE;.JS;.JSE;.WSF;.WSH;.MSC, OS=Windows_NT, COMMONPROGRAMW6432=C:\Program Files\Common Files, COMPUTERNAME=LAPTOP-8K1AKH0O, COMMONPROGRAMFILES=C:\Program Files\Common Files, COMSPEC=C:\WINDOWS\system32\cmd.exe, PROCESSOR_REVISION=9e09, WINDIR=C:\WINDOWS, RABBITMQ_SERVER=E:\rabibitmq\rabbitmq_server-3.7.4, HOMEPATH=\Users\wangb, TEMP=C:\Users\wangb\AppData\Local\Temp, HOMEDRIVE=C:, PROCESSOR_IDENTIFIER=Intel64 Family 6 Model 158 Stepping 9, GenuineIntel, USERPROFILE=C:\Users\wangb, TMP=C:\Users\wangb\AppData\Local\Temp, PUBLIC=C:\Users\Public, NUMBER_OF_PROCESSORS=8, =::=::\}}]
21:56:39.549 [main] DEBUG org.springframework.test.context.support.TestPropertySourceUtils - Adding inlined properties to environment: {spring.jmx.enabled=false, org.springframework.boot.test.context.SpringBootTestContextBootstrapper=true, server.port=-1}
21:56:39.549 [main] DEBUG org.springframework.core.env.StandardEnvironment - Adding PropertySource 'Inlined Test Properties' with highest search precedence
2020-03-14 21:56:41.674 [main] DEBUG o.s.c.e.PropertySourcesPropertyResolver - Could not find key 'logging.register-shutdown-hook' in any property source
2020-03-14 21:56:41.675 [main] DEBUG o.s.b.c.l.ClasspathLoggingApplicationListener - Application started with classpath: [file:/C:/Users/wangb/AppData/Local/Temp/surefire5324342515423551962/surefirebooter5243460830507094447.jar]
2020-03-14 21:56:41.676 [main] DEBUG o.s.c.e.PropertySourcesPropertyResolver - Could not find key 'context.listener.classes' in any property source
2020-03-14 21:56:41.709 [main] DEBUG org.springframework.beans.BeanUtils - No property editor [org.springframework.boot.WebApplicationTypeEditor] found for type org.springframework.boot.WebApplicationType according to 'Editor' suffix convention
2020-03-14 21:56:41.730 [main] DEBUG o.s.core.env.StandardEnvironment - Removing PropertySource 'configurationProperties'
2020-03-14 21:56:41.730 [main] DEBUG o.s.core.env.StandardEnvironment - Adding PropertySource 'configurationProperties' with highest search precedence
2020-03-14 21:56:41.733 [main] DEBUG o.s.c.e.PropertySourcesPropertyResolver - Could not find key 'spring.beaninfo.ignore' in any property source
2020-03-14 21:56:41.788 [main] DEBUG o.s.core.env.StandardEnvironment - Adding PropertySource 'systemProperties' with lowest search precedence
2020-03-14 21:56:41.789 [main] DEBUG o.s.core.env.StandardEnvironment - Adding PropertySource 'systemEnvironment' with lowest search precedence
2020-03-14 21:56:41.790 [main] DEBUG o.s.core.env.StandardEnvironment - Initialized StandardEnvironment with PropertySources [MapPropertySource@1839962989 {name='systemProperties', properties={idea.version=2017.1.2, java.runtime.name=Java(TM) SE Runtime Environment, sun.boot.library.path=C:\Program Files\Java\jdk1.8.0_91\jre\bin, java.vm.version=25.91-b14, java.vm.vendor=Oracle Corporation, java.vendor.url=http://java.oracle.com/, path.separator=;, java.vm.name=Java HotSpot(TM) 64-Bit Server VM, file.encoding.pkg=sun.io, user.country=CN, user.script=, sun.java.launcher=SUN_STANDARD, sun.os.patch.level=, PID=10228, java.vm.specification.name=Java Virtual Machine Specification, user.dir=E:\1704A\hdServiceCode\nm-service-manage-course, java.runtime.version=1.8.0_91-b14, basedir=E:\1704A\hdServiceCode\nm-service-manage-course, java.awt.graphicsenv=sun.awt.Win32GraphicsEnvironment, java.endorsed.dirs=C:\Program Files\Java\jdk1.8.0_91\jre\lib\endorsed, os.arch=amd64, surefire.real.class.path=C:\Users\wangb\AppData\Local\Temp\surefire5324342515423551962\surefirebooter5243460830507094447.jar, java.io.tmpdir=C:\Users\wangb\AppData\Local\Temp\, line.separator=
, java.vm.specification.vendor=Oracle Corporation, user.variant=, os.name=Windows 10, sun.jnu.encoding=GBK, spring.beaninfo.ignore=true, java.library.path=C:\Program Files\Java\jdk1.8.0_91\jre\bin;C:\WINDOWS\Sun\Java\bin;C:\WINDOWS\system32;C:\WINDOWS;E:\app\wangb\product\11.2.0\dbhome_1\bin;E:\maven\apache-maven-3.6.1\bin;C:\Program Files\Java\jdk1.8.0_91\bin;C:\Program Files (x86)\Intel\iCLS Client\;C:\Program Files\Intel\iCLS Client\;C:\Windows\system32;C:\Windows;C:\Windows\System32\Wbem;C:\Windows\System32\WindowsPowerShell\v1.0\;C:\Program Files (x86)\NVIDIA Corporation\PhysX\Common;C:\Program Files (x86)\Intel\Intel(R) Management Engine Components\DAL;C:\Program Files\Intel\Intel(R) Management Engine Components\DAL;C:\Program Files (x86)\Intel\Intel(R) Management Engine Components\IPT;C:\Program Files\Intel\Intel(R) Management Engine Components\IPT;C:\WINDOWS\system32;C:\WINDOWS;C:\WINDOWS\System32\Wbem;C:\WINDOWS\System32\WindowsPowerShell\v1.0\;C:\WINDOWS\System32\OpenSSH\;C:\Program Files\MySQL\MySQL Server 5.5\bin;E:\nodejs\;E:\Git\cmd;E:\Mp4\ffmpeg-20180227-fa0c9d6-win64-static\bin;C:\Users\wangb\AppData\Local\Microsoft\WindowsApps;C:\Users\wangb\AppData\Roaming\npm;E:\Microsoft VS Code\bin;., surefire.test.class.path=E:\1704A\hdServiceCode\nm-service-manage-course\target\test-classes;E:\1704A\hdServiceCode\nm-service-manage-course\target\classes;E:\1704A\repository\org\springframework\cloud\spring-cloud-starter-oauth2\2.0.0.RELEASE\spring-cloud-starter-oauth2-2.0.0.RELEASE.jar;E:\1704A\repository\org\springframework\cloud\spring-cloud-starter-security\2.0.0.RELEASE\spring-cloud-starter-security-2.0.0.RELEASE.jar;E:\1704A\repository\org\springframework\boot\spring-boot-starter-actuator\2.0.1.RELEASE\spring-boot-starter-actuator-2.0.1.RELEASE.jar;E:\1704A\repository\org\springframework\boot\spring-boot-actuator-autoconfigure\2.0.1.RELEASE\spring-boot-actuator-autoconfigure-2.0.1.RELEASE.jar;E:\1704A\repository\org\springframework\boot\spring-boot-actuator\2.0.1.RELEASE\spring-boot-actuator-2.0.1.RELEASE.jar;E:\1704A\repository\io\micrometer\micrometer-core\1.0.3\micrometer-core-1.0.3.jar;E:\1704A\repository\org\latencyutils\LatencyUtils\2.0.3\LatencyUtils-2.0.3.jar;E:\1704A\repository\org\springframework\cloud\spring-cloud-security\2.0.0.RELEASE\spring-cloud-security-2.0.0.RELEASE.jar;E:\1704A\repository\org\springframework\boot\spring-boot-starter-security\2.0.1.RELEASE\spring-boot-starter-security-2.0.1.RELEASE.jar;E:\1704A\repository\org\springframework\security\oauth\boot\spring-security-oauth2-autoconfigure\2.0.0.RELEASE\spring-security-oauth2-autoconfigure-2.0.0.RELEASE.jar;E:\1704A\repository\com\fasterxml\jackson\core\jackson-annotations\2.9.0\jackson-annotations-2.9.0.jar;E:\1704A\repository\com\fasterxml\jackson\core\jackson-databind\2.9.5\jackson-databind-2.9.5.jar;E:\1704A\repository\org\springframework\boot\spring-boot\2.0.1.RELEASE\spring-boot-2.0.1.RELEASE.jar;E:\1704A\repository\org\springframework\security\oauth\spring-security-oauth2\2.2.1.RELEASE\spring-security-oauth2-2.2.1.RELEASE.jar;E:\1704A\repository\org\springframework\security\spring-security-core\5.0.4.RELEASE\spring-security-core-5.0.4.RELEASE.jar;E:\1704A\repository\org\springframework\security\spring-security-config\5.0.4.RELEASE\spring-security-config-5.0.4.RELEASE.jar;E:\1704A\repository\org\springframework\security\spring-security-web\5.0.4.RELEASE\spring-security-web-5.0.4.RELEASE.jar;E:\1704A\repository\org\codehaus\jackson\jackson-mapper-asl\1.9.13\jackson-mapper-asl-1.9.13.jar;E:\1704A\repository\org\codehaus\jackson\jackson-core-asl\1.9.13\jackson-core-asl-1.9.13.jar;E:\1704A\repository\com\github\pagehelper\pagehelper-spring-boot-starter\1.2.4\pagehelper-spring-boot-starter-1.2.4.jar;E:\1704A\repository\org\springframework\boot\spring-boot-starter\2.0.1.RELEASE\spring-boot-starter-2.0.1.RELEASE.jar;E:\1704A\repository\javax\annotation\javax.annotation-api\1.3.2\javax.annotation-api-1.3.2.jar;E:\1704A\repository\org\yaml\snakeyaml\1.19\snakeyaml-1.19.jar;E:\1704A\repository\com\github\pagehelper\pagehelper-spring-boot-autoconfigure\1.2.4\pagehelper-spring-boot-autoconfigure-1.2.4.jar;E:\1704A\repository\com\github\pagehelper\pagehelper\5.1.3\pagehelper-5.1.3.jar;E:\1704A\repository\com\github\jsqlparser\jsqlparser\1.0\jsqlparser-1.0.jar;E:\1704A\hdServiceCode\nm-service-api\target\nm-service-api.jar;E:\1704A\repository\commons-fileupload\commons-fileupload\1.3.3\commons-fileupload-1.3.3.jar;E:\1704A\repository\io\springfox\springfox-swagger2\2.7.0\springfox-swagger2-2.7.0.jar;E:\1704A\repository\io\swagger\swagger-annotations\1.5.13\swagger-annotations-1.5.13.jar;E:\1704A\repository\io\swagger\swagger-models\1.5.13\swagger-models-1.5.13.jar;E:\1704A\repository\io\springfox\springfox-spi\2.7.0\springfox-spi-2.7.0.jar;E:\1704A\repository\io\springfox\springfox-core\2.7.0\springfox-core-2.7.0.jar;E:\1704A\repository\io\springfox\springfox-schema\2.7.0\springfox-schema-2.7.0.jar;E:\1704A\repository\io\springfox\springfox-swagger-common\2.7.0\springfox-swagger-common-2.7.0.jar;E:\1704A\repository\io\springfox\springfox-spring-web\2.7.0\springfox-spring-web-2.7.0.jar;E:\1704A\repository\org\reflections\reflections\0.9.11\reflections-0.9.11.jar;E:\1704A\repository\com\fasterxml\classmate\1.3.4\classmate-1.3.4.jar;E:\1704A\repository\org\springframework\plugin\spring-plugin-core\1.2.0.RELEASE\spring-plugin-core-1.2.0.RELEASE.jar;E:\1704A\repository\org\springframework\plugin\spring-plugin-metadata\1.2.0.RELEASE\spring-plugin-metadata-1.2.0.RELEASE.jar;E:\1704A\repository\org\mapstruct\mapstruct\1.1.0.Final\mapstruct-1.1.0.Final.jar;E:\1704A\repository\io\springfox\springfox-swagger-ui\2.7.0\springfox-swagger-ui-2.7.0.jar;E:\1704A\hdServiceCode\nm-framework-model\target\nm-framework-model.jar;E:\1704A\repository\org\projectlombok\lombok\1.16.16\lombok-1.16.16.jar;E:\1704A\repository\org\springframework\data\spring-data-commons\2.0.6.RELEASE\spring-data-commons-2.0.6.RELEASE.jar;E:\1704A\repository\org\springframework\data\spring-data-mongodb\2.0.6.RELEASE\spring-data-mongodb-2.0.6.RELEASE.jar;E:\1704A\repository\org\springframework\spring-context\5.0.5.RELEASE\spring-context-5.0.5.RELEASE.jar;E:\1704A\repository\org\springframework\spring-expression\5.0.5.RELEASE\spring-expression-5.0.5.RELEASE.jar;E:\1704A\repository\org\mongodb\mongo-java-driver\3.6.3\mongo-java-driver-3.6.3.jar;E:\1704A\repository\org\hibernate\hibernate-core\5.2.16.Final\hibernate-core-5.2.16.Final.jar;E:\1704A\repository\org\jboss\logging\jboss-logging\3.3.2.Final\jboss-logging-3.3.2.Final.jar;E:\1704A\repository\org\hibernate\javax\persistence\hibernate-jpa-2.1-api\1.0.0.Final\hibernate-jpa-2.1-api-1.0.0.Final.jar;E:\1704A\repository\org\javassist\javassist\3.22.0-GA\javassist-3.22.0-GA.jar;E:\1704A\repository\antlr\antlr\2.7.7\antlr-2.7.7.jar;E:\1704A\repository\org\jboss\spec\javax\transaction\jboss-transaction-api_1.2_spec\1.0.1.Final\jboss-transaction-api_1.2_spec-1.0.1.Final.jar;E:\1704A\repository\org\jboss\jandex\2.0.3.Final\jandex-2.0.3.Final.jar;E:\1704A\repository\dom4j\dom4j\1.6.1\dom4j-1.6.1.jar;E:\1704A\repository\org\hibernate\common\hibernate-commons-annotations\5.0.1.Final\hibernate-commons-annotations-5.0.1.Final.jar;E:\1704A\repository\com\google\guava\guava\24.0-jre\guava-24.0-jre.jar;E:\1704A\repository\com\google\code\findbugs\jsr305\1.3.9\jsr305-1.3.9.jar;E:\1704A\repository\org\checkerframework\checker-compat-qual\2.0.0\checker-compat-qual-2.0.0.jar;E:\1704A\repository\com\google\errorprone\error_prone_annotations\2.1.3\error_prone_annotations-2.1.3.jar;E:\1704A\repository\com\google\j2objc\j2objc-annotations\1.1\j2objc-annotations-1.1.jar;E:\1704A\repository\org\codehaus\mojo\animal-sniffer-annotations\1.14\animal-sniffer-annotations-1.14.jar;E:\1704A\hdServiceCode\nm-framework-utils\target\nm-framework-utils.jar;E:\1704A\repository\javax\servlet\javax.servlet-api\3.1.0\javax.servlet-api-3.1.0.jar;E:\1704A\repository\org\springframework\boot\spring-boot-starter-logging\2.0.1.RELEASE\spring-boot-starter-logging-2.0.1.RELEASE.jar;E:\1704A\repository\ch\qos\logback\logback-classic\1.2.3\logback-classic-1.2.3.jar;E:\1704A\repository\ch\qos\logback\logback-core\1.2.3\logback-core-1.2.3.jar;E:\1704A\repository\org\apache\logging\log4j\log4j-to-slf4j\2.10.0\log4j-to-slf4j-2.10.0.jar;E:\1704A\repository\org\apache\logging\log4j\log4j-api\2.10.0\log4j-api-2.10.0.jar;E:\1704A\repository\org\slf4j\jul-to-slf4j\1.7.25\jul-to-slf4j-1.7.25.jar;E:\1704A\repository\org\apache\httpcomponents\httpclient\4.5.5\httpclient-4.5.5.jar;E:\1704A\repository\org\apache\httpcomponents\httpcore\4.4.9\httpcore-4.4.9.jar;E:\1704A\repository\commons-codec\commons-codec\1.10\commons-codec-1.10.jar;E:\1704A\repository\net\lingala\zip4j\zip4j\1.3.1\zip4j-1.3.1.jar;E:\1704A\repository\org\springframework\security\spring-security-crypto\5.0.4.RELEASE\spring-security-crypto-5.0.4.RELEASE.jar;E:\1704A\repository\org\springframework\security\spring-security-jwt\1.0.8.RELEASE\spring-security-jwt-1.0.8.RELEASE.jar;E:\1704A\repository\org\bouncycastle\bcpkix-jdk15on\1.56\bcpkix-jdk15on-1.56.jar;E:\1704A\repository\org\bouncycastle\bcprov-jdk15on\1.56\bcprov-jdk15on-1.56.jar;E:\1704A\hdServiceCode\nm-framework-common\target\nm-framework-common.jar;E:\1704A\repository\org\springframework\spring-web\5.0.5.RELEASE\spring-web-5.0.5.RELEASE.jar;E:\1704A\repository\org\springframework\boot\spring-boot-starter-web\2.0.1.RELEASE\spring-boot-starter-web-2.0.1.RELEASE.jar;E:\1704A\repository\org\springframework\boot\spring-boot-starter-json\2.0.1.RELEASE\spring-boot-starter-json-2.0.1.RELEASE.jar;E:\1704A\repository\com\fasterxml\jackson\datatype\jackson-datatype-jdk8\2.9.5\jackson-datatype-jdk8-2.9.5.jar;E:\1704A\repository\com\fasterxml\jackson\datatype\jackson-datatype-jsr310\2.9.5\jackson-datatype-jsr310-2.9.5.jar;E:\1704A\repository\com\fasterxml\jackson\module\jackson-module-parameter-names\2.9.5\jackson-module-parameter-names-2.9.5.jar;E:\1704A\repository\org\springframework\boot\spring-boot-starter-tomcat\2.0.1.RELEASE\spring-boot-starter-tomcat-2.0.1.RELEASE.jar;E:\1704A\repository\org\apache\tomcat\embed\tomcat-embed-core\8.5.28\tomcat-embed-core-8.5.28.jar;E:\1704A\repository\org\apache\tomcat\embed\tomcat-embed-el\8.5.28\tomcat-embed-el-8.5.28.jar;E:\1704A\repository\org\apache\tomcat\embed\tomcat-embed-websocket\8.5.28\tomcat-embed-websocket-8.5.28.jar;E:\1704A\repository\org\hibernate\validator\hibernate-validator\6.0.9.Final\hibernate-validator-6.0.9.Final.jar;E:\1704A\repository\javax\validation\validation-api\2.0.1.Final\validation-api-2.0.1.Final.jar;E:\1704A\repository\org\springframework\spring-webmvc\5.0.5.RELEASE\spring-webmvc-5.0.5.RELEASE.jar;E:\1704A\repository\org\springframework\spring-aop\5.0.5.RELEASE\spring-aop-5.0.5.RELEASE.jar;E:\1704A\repository\mysql\mysql-connector-java\5.1.40\mysql-connector-java-5.1.40.jar;E:\1704A\repository\com\alibaba\druid-spring-boot-starter\1.1.10\druid-spring-boot-starter-1.1.10.jar;E:\1704A\repository\com\alibaba\druid\1.1.6\druid-1.1.6.jar;E:\1704A\repository\org\slf4j\slf4j-api\1.7.25\slf4j-api-1.7.25.jar;E:\1704A\repository\org\springframework\boot\spring-boot-autoconfigure\2.0.1.RELEASE\spring-boot-autoconfigure-2.0.1.RELEASE.jar;E:\1704A\repository\org\mybatis\spring\boot\mybatis-spring-boot-starter\1.3.1\mybatis-spring-boot-starter-1.3.1.jar;E:\1704A\repository\org\springframework\boot\spring-boot-starter-jdbc\2.0.1.RELEASE\spring-boot-starter-jdbc-2.0.1.RELEASE.jar;E:\1704A\repository\com\zaxxer\HikariCP\2.7.8\HikariCP-2.7.8.jar;E:\1704A\repository\org\mybatis\spring\boot\mybatis-spring-boot-autoconfigure\1.3.1\mybatis-spring-boot-autoconfigure-1.3.1.jar;E:\1704A\repository\org\mybatis\mybatis\3.4.5\mybatis-3.4.5.jar;E:\1704A\repository\org\mybatis\mybatis-spring\1.3.1\mybatis-spring-1.3.1.jar;E:\1704A\repository\org\springframework\spring-orm\5.0.5.RELEASE\spring-orm-5.0.5.RELEASE.jar;E:\1704A\repository\org\springframework\spring-beans\5.0.5.RELEASE\spring-beans-5.0.5.RELEASE.jar;E:\1704A\repository\org\springframework\spring-core\5.0.5.RELEASE\spring-core-5.0.5.RELEASE.jar;E:\1704A\repository\org\springframework\spring-jcl\5.0.5.RELEASE\spring-jcl-5.0.5.RELEASE.jar;E:\1704A\repository\org\springframework\spring-jdbc\5.0.5.RELEASE\spring-jdbc-5.0.5.RELEASE.jar;E:\1704A\repository\org\springframework\spring-tx\5.0.5.RELEASE\spring-tx-5.0.5.RELEASE.jar;E:\1704A\repository\org\springframework\boot\spring-boot-starter-data-jpa\2.0.1.RELEASE\spring-boot-starter-data-jpa-2.0.1.RELEASE.jar;E:\1704A\repository\org\springframework\boot\spring-boot-starter-aop\2.0.1.RELEASE\spring-boot-starter-aop-2.0.1.RELEASE.jar;E:\1704A\repository\org\aspectj\aspectjweaver\1.8.13\aspectjweaver-1.8.13.jar;E:\1704A\repository\javax\transaction\javax.transaction-api\1.2\javax.transaction-api-1.2.jar;E:\1704A\repository\org\springframework\data\spring-data-jpa\2.0.6.RELEASE\spring-data-jpa-2.0.6.RELEASE.jar;E:\1704A\repository\org\springframework\spring-aspects\5.0.5.RELEASE\spring-aspects-5.0.5.RELEASE.jar;E:\1704A\repository\com\squareup\okhttp3\okhttp\3.9.1\okhttp-3.9.1.jar;E:\1704A\repository\com\squareup\okio\okio\1.13.0\okio-1.13.0.jar;E:\1704A\repository\com\alibaba\fastjson\1.2.30\fastjson-1.2.30.jar;E:\1704A\repository\commons-io\commons-io\2.6\commons-io-2.6.jar;E:\1704A\repository\org\apache\commons\commons-lang3\3.6\commons-lang3-3.6.jar;E:\1704A\repository\org\springframework\boot\spring-boot-starter-test\2.0.1.RELEASE\spring-boot-starter-test-2.0.1.RELEASE.jar;E:\1704A\repository\org\springframework\boot\spring-boot-test\2.0.1.RELEASE\spring-boot-test-2.0.1.RELEASE.jar;E:\1704A\repository\org\springframework\boot\spring-boot-test-autoconfigure\2.0.1.RELEASE\spring-boot-test-autoconfigure-2.0.1.RELEASE.jar;E:\1704A\repository\com\jayway\jsonpath\json-path\2.4.0\json-path-2.4.0.jar;E:\1704A\repository\net\minidev\json-smart\2.3\json-smart-2.3.jar;E:\1704A\repository\net\minidev\accessors-smart\1.2\accessors-smart-1.2.jar;E:\1704A\repository\org\ow2\asm\asm\5.0.4\asm-5.0.4.jar;E:\1704A\repository\junit\junit\4.12\junit-4.12.jar;E:\1704A\repository\org\assertj\assertj-core\3.9.1\assertj-core-3.9.1.jar;E:\1704A\repository\org\mockito\mockito-core\2.15.0\mockito-core-2.15.0.jar;E:\1704A\repository\net\bytebuddy\byte-buddy\1.7.11\byte-buddy-1.7.11.jar;E:\1704A\repository\net\bytebuddy\byte-buddy-agent\1.7.11\byte-buddy-agent-1.7.11.jar;E:\1704A\repository\org\objenesis\objenesis\2.6\objenesis-2.6.jar;E:\1704A\repository\org\hamcrest\hamcrest-core\1.3\hamcrest-core-1.3.jar;E:\1704A\repository\org\hamcrest\hamcrest-library\1.3\hamcrest-library-1.3.jar;E:\1704A\repository\org\skyscreamer\jsonassert\1.5.0\jsonassert-1.5.0.jar;E:\1704A\repository\com\vaadin\external\google\android-json\0.0.20131108.vaadin1\android-json-0.0.20131108.vaadin1.jar;E:\1704A\repository\org\springframework\spring-test\5.0.5.RELEASE\spring-test-5.0.5.RELEASE.jar;E:\1704A\repository\org\xmlunit\xmlunit-core\2.5.1\xmlunit-core-2.5.1.jar;E:\1704A\repository\org\springframework\cloud\spring-cloud-starter-netflix-eureka-client\2.0.1.RELEASE\spring-cloud-starter-netflix-eureka-client-2.0.1.RELEASE.jar;E:\1704A\repository\org\springframework\cloud\spring-cloud-starter\2.0.1.RELEASE\spring-cloud-starter-2.0.1.RELEASE.jar;E:\1704A\repository\org\springframework\cloud\spring-cloud-context\2.0.1.RELEASE\spring-cloud-context-2.0.1.RELEASE.jar;E:\1704A\repository\org\springframework\security\spring-security-rsa\1.0.5.RELEASE\spring-security-rsa-1.0.5.RELEASE.jar;E:\1704A\repository\org\springframework\cloud\spring-cloud-netflix-core\2.0.1.RELEASE\spring-cloud-netflix-core-2.0.1.RELEASE.jar;E:\1704A\repository\org\springframework\cloud\spring-cloud-netflix-eureka-client\2.0.1.RELEASE\spring-cloud-netflix-eureka-client-2.0.1.RELEASE.jar;E:\1704A\repository\com\netflix\eureka\eureka-client\1.9.3\eureka-client-1.9.3.jar;E:\1704A\repository\org\codehaus\jettison\jettison\1.3.7\jettison-1.3.7.jar;E:\1704A\repository\stax\stax-api\1.0.1\stax-api-1.0.1.jar;E:\1704A\repository\com\netflix\netflix-commons\netflix-eventbus\0.3.0\netflix-eventbus-0.3.0.jar;E:\1704A\repository\com\netflix\netflix-commons\netflix-infix\0.3.0\netflix-infix-0.3.0.jar;E:\1704A\repository\commons-jxpath\commons-jxpath\1.3\commons-jxpath-1.3.jar;E:\1704A\repository\joda-time\joda-time\2.9.9\joda-time-2.9.9.jar;E:\1704A\repository\org\antlr\antlr-runtime\3.4\antlr-runtime-3.4.jar;E:\1704A\repository\org\antlr\stringtemplate\3.2.1\stringtemplate-3.2.1.jar;E:\1704A\repository\com\google\code\gson\gson\2.8.2\gson-2.8.2.jar;E:\1704A\repository\org\apache\commons\commons-math\2.2\commons-math-2.2.jar;E:\1704A\repository\com\netflix\archaius\archaius-core\0.7.6\archaius-core-0.7.6.jar;E:\1704A\repository\javax\ws\rs\jsr311-api\1.1.1\jsr311-api-1.1.1.jar;E:\1704A\repository\com\netflix\servo\servo-core\0.12.21\servo-core-0.12.21.jar;E:\1704A\repository\com\sun\jersey\jersey-core\1.19.1\jersey-core-1.19.1.jar;E:\1704A\repository\com\sun\jersey\jersey-client\1.19.1\jersey-client-1.19.1.jar;E:\1704A\repository\com\sun\jersey\contribs\jersey-apache-client4\1.19.1\jersey-apache-client4-1.19.1.jar;E:\1704A\repository\com\google\inject\guice\4.1.0\guice-4.1.0.jar;E:\1704A\repository\javax\inject\javax.inject\1\javax.inject-1.jar;E:\1704A\repository\aopalliance\aopalliance\1.0\aopalliance-1.0.jar;E:\1704A\repository\com\github\vlsi\compactmap\compactmap\1.2.1\compactmap-1.2.1.jar;E:\1704A\repository\com\github\andrewoma\dexx\dexx-collections\0.2\dexx-collections-0.2.jar;E:\1704A\repository\com\fasterxml\jackson\core\jackson-core\2.9.5\jackson-core-2.9.5.jar;E:\1704A\repository\com\netflix\eureka\eureka-core\1.9.3\eureka-core-1.9.3.jar;E:\1704A\repository\org\codehaus\woodstox\woodstox-core-asl\4.4.1\woodstox-core-asl-4.4.1.jar;E:\1704A\repository\javax\xml\stream\stax-api\1.0-2\stax-api-1.0-2.jar;E:\1704A\repository\org\codehaus\woodstox\stax2-api\3.1.4\stax2-api-3.1.4.jar;E:\1704A\repository\org\springframework\cloud\spring-cloud-starter-netflix-archaius\2.0.1.RELEASE\spring-cloud-starter-netflix-archaius-2.0.1.RELEASE.jar;E:\1704A\repository\org\springframework\cloud\spring-cloud-netflix-ribbon\2.0.1.RELEASE\spring-cloud-netflix-ribbon-2.0.1.RELEASE.jar;E:\1704A\repository\org\springframework\cloud\spring-cloud-netflix-archaius\2.0.1.RELEASE\spring-cloud-netflix-archaius-2.0.1.RELEASE.jar;E:\1704A\repository\commons-configuration\commons-configuration\1.8\commons-configuration-1.8.jar;E:\1704A\repository\commons-lang\commons-lang\2.6\commons-lang-2.6.jar;E:\1704A\repository\org\springframework\cloud\spring-cloud-starter-netflix-ribbon\2.0.1.RELEASE\spring-cloud-starter-netflix-ribbon-2.0.1.RELEASE.jar;E:\1704A\repository\com\netflix\ribbon\ribbon\2.2.5\ribbon-2.2.5.jar;E:\1704A\repository\com\netflix\ribbon\ribbon-transport\2.2.5\ribbon-transport-2.2.5.jar;E:\1704A\repository\io\reactivex\rxnetty-contexts\0.4.9\rxnetty-contexts-0.4.9.jar;E:\1704A\repository\io\reactivex\rxnetty-servo\0.4.9\rxnetty-servo-0.4.9.jar;E:\1704A\repository\io\reactivex\rxnetty\0.4.9\rxnetty-0.4.9.jar;E:\1704A\repository\io\netty\netty-codec-http\4.1.23.Final\netty-codec-http-4.1.23.Final.jar;E:\1704A\repository\io\netty\netty-codec\4.1.23.Final\netty-codec-4.1.23.Final.jar;E:\1704A\repository\io\netty\netty-transport-native-epoll\4.1.23.Final\netty-transport-native-epoll-4.1.23.Final.jar;E:\1704A\repository\io\netty\netty-common\4.1.23.Final\netty-common-4.1.23.Final.jar;E:\1704A\repository\io\netty\netty-buffer\4.1.23.Final\netty-buffer-4.1.23.Final.jar;E:\1704A\repository\io\netty\netty-transport-native-unix-common\4.1.23.Final\netty-transport-native-unix-common-4.1.23.Final.jar;E:\1704A\repository\io\netty\netty-transport\4.1.23.Final\netty-transport-4.1.23.Final.jar;E:\1704A\repository\io\netty\netty-resolver\4.1.23.Final\netty-resolver-4.1.23.Final.jar;E:\1704A\repository\com\netflix\ribbon\ribbon-core\2.2.5\ribbon-core-2.2.5.jar;E:\1704A\repository\com\netflix\ribbon\ribbon-httpclient\2.2.5\ribbon-httpclient-2.2.5.jar;E:\1704A\repository\commons-collections\commons-collections\3.2.2\commons-collections-3.2.2.jar;E:\1704A\repository\com\netflix\netflix-commons\netflix-commons-util\0.3.0\netflix-commons-util-0.3.0.jar;E:\1704A\repository\com\netflix\ribbon\ribbon-loadbalancer\2.2.5\ribbon-loadbalancer-2.2.5.jar;E:\1704A\repository\com\netflix\netflix-commons\netflix-statistics\0.1.1\netflix-statistics-0.1.1.jar;E:\1704A\repository\io\reactivex\rxjava\1.3.8\rxjava-1.3.8.jar;E:\1704A\repository\com\netflix\ribbon\ribbon-eureka\2.2.5\ribbon-eureka-2.2.5.jar;E:\1704A\repository\com\thoughtworks\xstream\xstream\1.4.10\xstream-1.4.10.jar;E:\1704A\repository\xmlpull\xmlpull\1.1.3.1\xmlpull-1.1.3.1.jar;E:\1704A\repository\xpp3\xpp3_min\1.1.4c\xpp3_min-1.1.4c.jar;E:\1704A\repository\org\springframework\cloud\spring-cloud-starter-openfeign\2.0.1.RELEASE\spring-cloud-starter-openfeign-2.0.1.RELEASE.jar;E:\1704A\repository\org\springframework\cloud\spring-cloud-openfeign-core\2.0.1.RELEASE\spring-cloud-openfeign-core-2.0.1.RELEASE.jar;E:\1704A\repository\org\springframework\cloud\spring-cloud-commons\2.0.1.RELEASE\spring-cloud-commons-2.0.1.RELEASE.jar;E:\1704A\repository\io\github\openfeign\feign-core\9.5.1\feign-core-9.5.1.jar;E:\1704A\repository\io\github\openfeign\feign-slf4j\9.5.1\feign-slf4j-9.5.1.jar;E:\1704A\repository\io\github\openfeign\feign-hystrix\9.5.1\feign-hystrix-9.5.1.jar;E:\1704A\repository\com\netflix\hystrix\hystrix-core\1.5.12\hystrix-core-1.5.12.jar;E:\1704A\repository\org\hdrhistogram\HdrHistogram\2.1.9\HdrHistogram-2.1.9.jar;E:\1704A\repository\io\github\openfeign\feign-java8\9.5.1\feign-java8-9.5.1.jar;E:\1704A\repository\com\netflix\feign\feign-okhttp\8.18.0\feign-okhttp-8.18.0.jar;E:\1704A\repository\com\netflix\feign\feign-core\8.18.0\feign-core-8.18.0.jar;E:\1704A\repository\org\jvnet\animal-sniffer-annotation\1.0\animal-sniffer-annotation-1.0.jar;, java.specification.name=Java Platform API Specification, java.class.version=52.0, sun.management.compiler=HotSpot 64-Bit Tiered Compilers, maven.repo.local=E:\1704A\repository, os.version=10.0, user.home=C:\Users\wangb, user.timezone=Asia/Shanghai, java.awt.printerjob=sun.awt.windows.WPrinterJob, file.encoding=GBK, java.specification.version=1.8, java.class.path=E:\1704A\hdServiceCode\nm-service-manage-course\target\test-classes;E:\1704A\hdServiceCode\nm-service-manage-course\target\classes;E:\1704A\repository\org\springframework\cloud\spring-cloud-starter-oauth2\2.0.0.RELEASE\spring-cloud-starter-oauth2-2.0.0.RELEASE.jar;E:\1704A\repository\org\springframework\cloud\spring-cloud-starter-security\2.0.0.RELEASE\spring-cloud-starter-security-2.0.0.RELEASE.jar;E:\1704A\repository\org\springframework\boot\spring-boot-starter-actuator\2.0.1.RELEASE\spring-boot-starter-actuator-2.0.1.RELEASE.jar;E:\1704A\repository\org\springframework\boot\spring-boot-actuator-autoconfigure\2.0.1.RELEASE\spring-boot-actuator-autoconfigure-2.0.1.RELEASE.jar;E:\1704A\repository\org\springframework\boot\spring-boot-actuator\2.0.1.RELEASE\spring-boot-actuator-2.0.1.RELEASE.jar;E:\1704A\repository\io\micrometer\micrometer-core\1.0.3\micrometer-core-1.0.3.jar;E:\1704A\repository\org\latencyutils\LatencyUtils\2.0.3\LatencyUtils-2.0.3.jar;E:\1704A\repository\org\springframework\cloud\spring-cloud-security\2.0.0.RELEASE\spring-cloud-security-2.0.0.RELEASE.jar;E:\1704A\repository\org\springframework\boot\spring-boot-starter-security\2.0.1.RELEASE\spring-boot-starter-security-2.0.1.RELEASE.jar;E:\1704A\repository\org\springframework\security\oauth\boot\spring-security-oauth2-autoconfigure\2.0.0.RELEASE\spring-security-oauth2-autoconfigure-2.0.0.RELEASE.jar;E:\1704A\repository\com\fasterxml\jackson\core\jackson-annotations\2.9.0\jackson-annotations-2.9.0.jar;E:\1704A\repository\com\fasterxml\jackson\core\jackson-databind\2.9.5\jackson-databind-2.9.5.jar;E:\1704A\repository\org\springframework\boot\spring-boot\2.0.1.RELEASE\spring-boot-2.0.1.RELEASE.jar;E:\1704A\repository\org\springframework\security\oauth\spring-security-oauth2\2.2.1.RELEASE\spring-security-oauth2-2.2.1.RELEASE.jar;E:\1704A\repository\org\springframework\security\spring-security-core\5.0.4.RELEASE\spring-security-core-5.0.4.RELEASE.jar;E:\1704A\repository\org\springframework\security\spring-security-config\5.0.4.RELEASE\spring-security-config-5.0.4.RELEASE.jar;E:\1704A\repository\org\springframework\security\spring-security-web\5.0.4.RELEASE\spring-security-web-5.0.4.RELEASE.jar;E:\1704A\repository\org\codehaus\jackson\jackson-mapper-asl\1.9.13\jackson-mapper-asl-1.9.13.jar;E:\1704A\repository\org\codehaus\jackson\jackson-core-asl\1.9.13\jackson-core-asl-1.9.13.jar;E:\1704A\repository\com\github\pagehelper\pagehelper-spring-boot-starter\1.2.4\pagehelper-spring-boot-starter-1.2.4.jar;E:\1704A\repository\org\springframework\boot\spring-boot-starter\2.0.1.RELEASE\spring-boot-starter-2.0.1.RELEASE.jar;E:\1704A\repository\javax\annotation\javax.annotation-api\1.3.2\javax.annotation-api-1.3.2.jar;E:\1704A\repository\org\yaml\snakeyaml\1.19\snakeyaml-1.19.jar;E:\1704A\repository\com\github\pagehelper\pagehelper-spring-boot-autoconfigure\1.2.4\pagehelper-spring-boot-autoconfigure-1.2.4.jar;E:\1704A\repository\com\github\pagehelper\pagehelper\5.1.3\pagehelper-5.1.3.jar;E:\1704A\repository\com\github\jsqlparser\jsqlparser\1.0\jsqlparser-1.0.jar;E:\1704A\hdServiceCode\nm-service-api\target\nm-service-api.jar;E:\1704A\repository\commons-fileupload\commons-fileupload\1.3.3\commons-fileupload-1.3.3.jar;E:\1704A\repository\io\springfox\springfox-swagger2\2.7.0\springfox-swagger2-2.7.0.jar;E:\1704A\repository\io\swagger\swagger-annotations\1.5.13\swagger-annotations-1.5.13.jar;E:\1704A\repository\io\swagger\swagger-models\1.5.13\swagger-models-1.5.13.jar;E:\1704A\repository\io\springfox\springfox-spi\2.7.0\springfox-spi-2.7.0.jar;E:\1704A\repository\io\springfox\springfox-core\2.7.0\springfox-core-2.7.0.jar;E:\1704A\repository\io\springfox\springfox-schema\2.7.0\springfox-schema-2.7.0.jar;E:\1704A\repository\io\springfox\springfox-swagger-common\2.7.0\springfox-swagger-common-2.7.0.jar;E:\1704A\repository\io\springfox\springfox-spring-web\2.7.0\springfox-spring-web-2.7.0.jar;E:\1704A\repository\org\reflections\reflections\0.9.11\reflections-0.9.11.jar;E:\1704A\repository\com\fasterxml\classmate\1.3.4\classmate-1.3.4.jar;E:\1704A\repository\org\springframework\plugin\spring-plugin-core\1.2.0.RELEASE\spring-plugin-core-1.2.0.RELEASE.jar;E:\1704A\repository\org\springframework\plugin\spring-plugin-metadata\1.2.0.RELEASE\spring-plugin-metadata-1.2.0.RELEASE.jar;E:\1704A\repository\org\mapstruct\mapstruct\1.1.0.Final\mapstruct-1.1.0.Final.jar;E:\1704A\repository\io\springfox\springfox-swagger-ui\2.7.0\springfox-swagger-ui-2.7.0.jar;E:\1704A\hdServiceCode\nm-framework-model\target\nm-framework-model.jar;E:\1704A\repository\org\projectlombok\lombok\1.16.16\lombok-1.16.16.jar;E:\1704A\repository\org\springframework\data\spring-data-commons\2.0.6.RELEASE\spring-data-commons-2.0.6.RELEASE.jar;E:\1704A\repository\org\springframework\data\spring-data-mongodb\2.0.6.RELEASE\spring-data-mongodb-2.0.6.RELEASE.jar;E:\1704A\repository\org\springframework\spring-context\5.0.5.RELEASE\spring-context-5.0.5.RELEASE.jar;E:\1704A\repository\org\springframework\spring-expression\5.0.5.RELEASE\spring-expression-5.0.5.RELEASE.jar;E:\1704A\repository\org\mongodb\mongo-java-driver\3.6.3\mongo-java-driver-3.6.3.jar;E:\1704A\repository\org\hibernate\hibernate-core\5.2.16.Final\hibernate-core-5.2.16.Final.jar;E:\1704A\repository\org\jboss\logging\jboss-logging\3.3.2.Final\jboss-logging-3.3.2.Final.jar;E:\1704A\repository\org\hibernate\javax\persistence\hibernate-jpa-2.1-api\1.0.0.Final\hibernate-jpa-2.1-api-1.0.0.Final.jar;E:\1704A\repository\org\javassist\javassist\3.22.0-GA\javassist-3.22.0-GA.jar;E:\1704A\repository\antlr\antlr\2.7.7\antlr-2.7.7.jar;E:\1704A\repository\org\jboss\spec\javax\transaction\jboss-transaction-api_1.2_spec\1.0.1.Final\jboss-transaction-api_1.2_spec-1.0.1.Final.jar;E:\1704A\repository\org\jboss\jandex\2.0.3.Final\jandex-2.0.3.Final.jar;E:\1704A\repository\dom4j\dom4j\1.6.1\dom4j-1.6.1.jar;E:\1704A\repository\org\hibernate\common\hibernate-commons-annotations\5.0.1.Final\hibernate-commons-annotations-5.0.1.Final.jar;E:\1704A\repository\com\google\guava\guava\24.0-jre\guava-24.0-jre.jar;E:\1704A\repository\com\google\code\findbugs\jsr305\1.3.9\jsr305-1.3.9.jar;E:\1704A\repository\org\checkerframework\checker-compat-qual\2.0.0\checker-compat-qual-2.0.0.jar;E:\1704A\repository\com\google\errorprone\error_prone_annotations\2.1.3\error_prone_annotations-2.1.3.jar;E:\1704A\repository\com\google\j2objc\j2objc-annotations\1.1\j2objc-annotations-1.1.jar;E:\1704A\repository\org\codehaus\mojo\animal-sniffer-annotations\1.14\animal-sniffer-annotations-1.14.jar;E:\1704A\hdServiceCode\nm-framework-utils\target\nm-framework-utils.jar;E:\1704A\repository\javax\servlet\javax.servlet-api\3.1.0\javax.servlet-api-3.1.0.jar;E:\1704A\repository\org\springframework\boot\spring-boot-starter-logging\2.0.1.RELEASE\spring-boot-starter-logging-2.0.1.RELEASE.jar;E:\1704A\repository\ch\qos\logback\logback-classic\1.2.3\logback-classic-1.2.3.jar;E:\1704A\repository\ch\qos\logback\logback-core\1.2.3\logback-core-1.2.3.jar;E:\1704A\repository\org\apache\logging\log4j\log4j-to-slf4j\2.10.0\log4j-to-slf4j-2.10.0.jar;E:\1704A\repository\org\apache\logging\log4j\log4j-api\2.10.0\log4j-api-2.10.0.jar;E:\1704A\repository\org\slf4j\jul-to-slf4j\1.7.25\jul-to-slf4j-1.7.25.jar;E:\1704A\repository\org\apache\httpcomponents\httpclient\4.5.5\httpclient-4.5.5.jar;E:\1704A\repository\org\apache\httpcomponents\httpcore\4.4.9\httpcore-4.4.9.jar;E:\1704A\repository\commons-codec\commons-codec\1.10\commons-codec-1.10.jar;E:\1704A\repository\net\lingala\zip4j\zip4j\1.3.1\zip4j-1.3.1.jar;E:\1704A\repository\org\springframework\security\spring-security-crypto\5.0.4.RELEASE\spring-security-crypto-5.0.4.RELEASE.jar;E:\1704A\repository\org\springframework\security\spring-security-jwt\1.0.8.RELEASE\spring-security-jwt-1.0.8.RELEASE.jar;E:\1704A\repository\org\bouncycastle\bcpkix-jdk15on\1.56\bcpkix-jdk15on-1.56.jar;E:\1704A\repository\org\bouncycastle\bcprov-jdk15on\1.56\bcprov-jdk15on-1.56.jar;E:\1704A\hdServiceCode\nm-framework-common\target\nm-framework-common.jar;E:\1704A\repository\org\springframework\spring-web\5.0.5.RELEASE\spring-web-5.0.5.RELEASE.jar;E:\1704A\repository\org\springframework\boot\spring-boot-starter-web\2.0.1.RELEASE\spring-boot-starter-web-2.0.1.RELEASE.jar;E:\1704A\repository\org\springframework\boot\spring-boot-starter-json\2.0.1.RELEASE\spring-boot-starter-json-2.0.1.RELEASE.jar;E:\1704A\repository\com\fasterxml\jackson\datatype\jackson-datatype-jdk8\2.9.5\jackson-datatype-jdk8-2.9.5.jar;E:\1704A\repository\com\fasterxml\jackson\datatype\jackson-datatype-jsr310\2.9.5\jackson-datatype-jsr310-2.9.5.jar;E:\1704A\repository\com\fasterxml\jackson\module\jackson-module-parameter-names\2.9.5\jackson-module-parameter-names-2.9.5.jar;E:\1704A\repository\org\springframework\boot\spring-boot-starter-tomcat\2.0.1.RELEASE\spring-boot-starter-tomcat-2.0.1.RELEASE.jar;E:\1704A\repository\org\apache\tomcat\embed\tomcat-embed-core\8.5.28\tomcat-embed-core-8.5.28.jar;E:\1704A\repository\org\apache\tomcat\embed\tomcat-embed-el\8.5.28\tomcat-embed-el-8.5.28.jar;E:\1704A\repository\org\apache\tomcat\embed\tomcat-embed-websocket\8.5.28\tomcat-embed-websocket-8.5.28.jar;E:\1704A\repository\org\hibernate\validator\hibernate-validator\6.0.9.Final\hibernate-validator-6.0.9.Final.jar;E:\1704A\repository\javax\validation\validation-api\2.0.1.Final\validation-api-2.0.1.Final.jar;E:\1704A\repository\org\springframework\spring-webmvc\5.0.5.RELEASE\spring-webmvc-5.0.5.RELEASE.jar;E:\1704A\repository\org\springframework\spring-aop\5.0.5.RELEASE\spring-aop-5.0.5.RELEASE.jar;E:\1704A\repository\mysql\mysql-connector-java\5.1.40\mysql-connector-java-5.1.40.jar;E:\1704A\repository\com\alibaba\druid-spring-boot-starter\1.1.10\druid-spring-boot-starter-1.1.10.jar;E:\1704A\repository\com\alibaba\druid\1.1.6\druid-1.1.6.jar;E:\1704A\repository\org\slf4j\slf4j-api\1.7.25\slf4j-api-1.7.25.jar;E:\1704A\repository\org\springframework\boot\spring-boot-autoconfigure\2.0.1.RELEASE\spring-boot-autoconfigure-2.0.1.RELEASE.jar;E:\1704A\repository\org\mybatis\spring\boot\mybatis-spring-boot-starter\1.3.1\mybatis-spring-boot-starter-1.3.1.jar;E:\1704A\repository\org\springframework\boot\spring-boot-starter-jdbc\2.0.1.RELEASE\spring-boot-starter-jdbc-2.0.1.RELEASE.jar;E:\1704A\repository\com\zaxxer\HikariCP\2.7.8\HikariCP-2.7.8.jar;E:\1704A\repository\org\mybatis\spring\boot\mybatis-spring-boot-autoconfigure\1.3.1\mybatis-spring-boot-autoconfigure-1.3.1.jar;E:\1704A\repository\org\mybatis\mybatis\3.4.5\mybatis-3.4.5.jar;E:\1704A\repository\org\mybatis\mybatis-spring\1.3.1\mybatis-spring-1.3.1.jar;E:\1704A\repository\org\springframework\spring-orm\5.0.5.RELEASE\spring-orm-5.0.5.RELEASE.jar;E:\1704A\repository\org\springframework\spring-beans\5.0.5.RELEASE\spring-beans-5.0.5.RELEASE.jar;E:\1704A\repository\org\springframework\spring-core\5.0.5.RELEASE\spring-core-5.0.5.RELEASE.jar;E:\1704A\repository\org\springframework\spring-jcl\5.0.5.RELEASE\spring-jcl-5.0.5.RELEASE.jar;E:\1704A\repository\org\springframework\spring-jdbc\5.0.5.RELEASE\spring-jdbc-5.0.5.RELEASE.jar;E:\1704A\repository\org\springframework\spring-tx\5.0.5.RELEASE\spring-tx-5.0.5.RELEASE.jar;E:\1704A\repository\org\springframework\boot\spring-boot-starter-data-jpa\2.0.1.RELEASE\spring-boot-starter-data-jpa-2.0.1.RELEASE.jar;E:\1704A\repository\org\springframework\boot\spring-boot-starter-aop\2.0.1.RELEASE\spring-boot-starter-aop-2.0.1.RELEASE.jar;E:\1704A\repository\org\aspectj\aspectjweaver\1.8.13\aspectjweaver-1.8.13.jar;E:\1704A\repository\javax\transaction\javax.transaction-api\1.2\javax.transaction-api-1.2.jar;E:\1704A\repository\org\springframework\data\spring-data-jpa\2.0.6.RELEASE\spring-data-jpa-2.0.6.RELEASE.jar;E:\1704A\repository\org\springframework\spring-aspects\5.0.5.RELEASE\spring-aspects-5.0.5.RELEASE.jar;E:\1704A\repository\com\squareup\okhttp3\okhttp\3.9.1\okhttp-3.9.1.jar;E:\1704A\repository\com\squareup\okio\okio\1.13.0\okio-1.13.0.jar;E:\1704A\repository\com\alibaba\fastjson\1.2.30\fastjson-1.2.30.jar;E:\1704A\repository\commons-io\commons-io\2.6\commons-io-2.6.jar;E:\1704A\repository\org\apache\commons\commons-lang3\3.6\commons-lang3-3.6.jar;E:\1704A\repository\org\springframework\boot\spring-boot-starter-test\2.0.1.RELEASE\spring-boot-starter-test-2.0.1.RELEASE.jar;E:\1704A\repository\org\springframework\boot\spring-boot-test\2.0.1.RELEASE\spring-boot-test-2.0.1.RELEASE.jar;E:\1704A\repository\org\springframework\boot\spring-boot-test-autoconfigure\2.0.1.RELEASE\spring-boot-test-autoconfigure-2.0.1.RELEASE.jar;E:\1704A\repository\com\jayway\jsonpath\json-path\2.4.0\json-path-2.4.0.jar;E:\1704A\repository\net\minidev\json-smart\2.3\json-smart-2.3.jar;E:\1704A\repository\net\minidev\accessors-smart\1.2\accessors-smart-1.2.jar;E:\1704A\repository\org\ow2\asm\asm\5.0.4\asm-5.0.4.jar;E:\1704A\repository\junit\junit\4.12\junit-4.12.jar;E:\1704A\repository\org\assertj\assertj-core\3.9.1\assertj-core-3.9.1.jar;E:\1704A\repository\org\mockito\mockito-core\2.15.0\mockito-core-2.15.0.jar;E:\1704A\repository\net\bytebuddy\byte-buddy\1.7.11\byte-buddy-1.7.11.jar;E:\1704A\repository\net\bytebuddy\byte-buddy-agent\1.7.11\byte-buddy-agent-1.7.11.jar;E:\1704A\repository\org\objenesis\objenesis\2.6\objenesis-2.6.jar;E:\1704A\repository\org\hamcrest\hamcrest-core\1.3\hamcrest-core-1.3.jar;E:\1704A\repository\org\hamcrest\hamcrest-library\1.3\hamcrest-library-1.3.jar;E:\1704A\repository\org\skyscreamer\jsonassert\1.5.0\jsonassert-1.5.0.jar;E:\1704A\repository\com\vaadin\external\google\android-json\0.0.20131108.vaadin1\android-json-0.0.20131108.vaadin1.jar;E:\1704A\repository\org\springframework\spring-test\5.0.5.RELEASE\spring-test-5.0.5.RELEASE.jar;E:\1704A\repository\org\xmlunit\xmlunit-core\2.5.1\xmlunit-core-2.5.1.jar;E:\1704A\repository\org\springframework\cloud\spring-cloud-starter-netflix-eureka-client\2.0.1.RELEASE\spring-cloud-starter-netflix-eureka-client-2.0.1.RELEASE.jar;E:\1704A\repository\org\springframework\cloud\spring-cloud-starter\2.0.1.RELEASE\spring-cloud-starter-2.0.1.RELEASE.jar;E:\1704A\repository\org\springframework\cloud\spring-cloud-context\2.0.1.RELEASE\spring-cloud-context-2.0.1.RELEASE.jar;E:\1704A\repository\org\springframework\security\spring-security-rsa\1.0.5.RELEASE\spring-security-rsa-1.0.5.RELEASE.jar;E:\1704A\repository\org\springframework\cloud\spring-cloud-netflix-core\2.0.1.RELEASE\spring-cloud-netflix-core-2.0.1.RELEASE.jar;E:\1704A\repository\org\springframework\cloud\spring-cloud-netflix-eureka-client\2.0.1.RELEASE\spring-cloud-netflix-eureka-client-2.0.1.RELEASE.jar;E:\1704A\repository\com\netflix\eureka\eureka-client\1.9.3\eureka-client-1.9.3.jar;E:\1704A\repository\org\codehaus\jettison\jettison\1.3.7\jettison-1.3.7.jar;E:\1704A\repository\stax\stax-api\1.0.1\stax-api-1.0.1.jar;E:\1704A\repository\com\netflix\netflix-commons\netflix-eventbus\0.3.0\netflix-eventbus-0.3.0.jar;E:\1704A\repository\com\netflix\netflix-commons\netflix-infix\0.3.0\netflix-infix-0.3.0.jar;E:\1704A\repository\commons-jxpath\commons-jxpath\1.3\commons-jxpath-1.3.jar;E:\1704A\repository\joda-time\joda-time\2.9.9\joda-time-2.9.9.jar;E:\1704A\repository\org\antlr\antlr-runtime\3.4\antlr-runtime-3.4.jar;E:\1704A\repository\org\antlr\stringtemplate\3.2.1\stringtemplate-3.2.1.jar;E:\1704A\repository\com\google\code\gson\gson\2.8.2\gson-2.8.2.jar;E:\1704A\repository\org\apache\commons\commons-math\2.2\commons-math-2.2.jar;E:\1704A\repository\com\netflix\archaius\archaius-core\0.7.6\archaius-core-0.7.6.jar;E:\1704A\repository\javax\ws\rs\jsr311-api\1.1.1\jsr311-api-1.1.1.jar;E:\1704A\repository\com\netflix\servo\servo-core\0.12.21\servo-core-0.12.21.jar;E:\1704A\repository\com\sun\jersey\jersey-core\1.19.1\jersey-core-1.19.1.jar;E:\1704A\repository\com\sun\jersey\jersey-client\1.19.1\jersey-client-1.19.1.jar;E:\1704A\repository\com\sun\jersey\contribs\jersey-apache-client4\1.19.1\jersey-apache-client4-1.19.1.jar;E:\1704A\repository\com\google\inject\guice\4.1.0\guice-4.1.0.jar;E:\1704A\repository\javax\inject\javax.inject\1\javax.inject-1.jar;E:\1704A\repository\aopalliance\aopalliance\1.0\aopalliance-1.0.jar;E:\1704A\repository\com\github\vlsi\compactmap\compactmap\1.2.1\compactmap-1.2.1.jar;E:\1704A\repository\com\github\andrewoma\dexx\dexx-collections\0.2\dexx-collections-0.2.jar;E:\1704A\repository\com\fasterxml\jackson\core\jackson-core\2.9.5\jackson-core-2.9.5.jar;E:\1704A\repository\com\netflix\eureka\eureka-core\1.9.3\eureka-core-1.9.3.jar;E:\1704A\repository\org\codehaus\woodstox\woodstox-core-asl\4.4.1\woodstox-core-asl-4.4.1.jar;E:\1704A\repository\javax\xml\stream\stax-api\1.0-2\stax-api-1.0-2.jar;E:\1704A\repository\org\codehaus\woodstox\stax2-api\3.1.4\stax2-api-3.1.4.jar;E:\1704A\repository\org\springframework\cloud\spring-cloud-starter-netflix-archaius\2.0.1.RELEASE\spring-cloud-starter-netflix-archaius-2.0.1.RELEASE.jar;E:\1704A\repository\org\springframework\cloud\spring-cloud-netflix-ribbon\2.0.1.RELEASE\spring-cloud-netflix-ribbon-2.0.1.RELEASE.jar;E:\1704A\repository\org\springframework\cloud\spring-cloud-netflix-archaius\2.0.1.RELEASE\spring-cloud-netflix-archaius-2.0.1.RELEASE.jar;E:\1704A\repository\commons-configuration\commons-configuration\1.8\commons-configuration-1.8.jar;E:\1704A\repository\commons-lang\commons-lang\2.6\commons-lang-2.6.jar;E:\1704A\repository\org\springframework\cloud\spring-cloud-starter-netflix-ribbon\2.0.1.RELEASE\spring-cloud-starter-netflix-ribbon-2.0.1.RELEASE.jar;E:\1704A\repository\com\netflix\ribbon\ribbon\2.2.5\ribbon-2.2.5.jar;E:\1704A\repository\com\netflix\ribbon\ribbon-transport\2.2.5\ribbon-transport-2.2.5.jar;E:\1704A\repository\io\reactivex\rxnetty-contexts\0.4.9\rxnetty-contexts-0.4.9.jar;E:\1704A\repository\io\reactivex\rxnetty-servo\0.4.9\rxnetty-servo-0.4.9.jar;E:\1704A\repository\io\reactivex\rxnetty\0.4.9\rxnetty-0.4.9.jar;E:\1704A\repository\io\netty\netty-codec-http\4.1.23.Final\netty-codec-http-4.1.23.Final.jar;E:\1704A\repository\io\netty\netty-codec\4.1.23.Final\netty-codec-4.1.23.Final.jar;E:\1704A\repository\io\netty\netty-transport-native-epoll\4.1.23.Final\netty-transport-native-epoll-4.1.23.Final.jar;E:\1704A\repository\io\netty\netty-common\4.1.23.Final\netty-common-4.1.23.Final.jar;E:\1704A\repository\io\netty\netty-buffer\4.1.23.Final\netty-buffer-4.1.23.Final.jar;E:\1704A\repository\io\netty\netty-transport-native-unix-common\4.1.23.Final\netty-transport-native-unix-common-4.1.23.Final.jar;E:\1704A\repository\io\netty\netty-transport\4.1.23.Final\netty-transport-4.1.23.Final.jar;E:\1704A\repository\io\netty\netty-resolver\4.1.23.Final\netty-resolver-4.1.23.Final.jar;E:\1704A\repository\com\netflix\ribbon\ribbon-core\2.2.5\ribbon-core-2.2.5.jar;E:\1704A\repository\com\netflix\ribbon\ribbon-httpclient\2.2.5\ribbon-httpclient-2.2.5.jar;E:\1704A\repository\commons-collections\commons-collections\3.2.2\commons-collections-3.2.2.jar;E:\1704A\repository\com\netflix\netflix-commons\netflix-commons-util\0.3.0\netflix-commons-util-0.3.0.jar;E:\1704A\repository\com\netflix\ribbon\ribbon-loadbalancer\2.2.5\ribbon-loadbalancer-2.2.5.jar;E:\1704A\repository\com\netflix\netflix-commons\netflix-statistics\0.1.1\netflix-statistics-0.1.1.jar;E:\1704A\repository\io\reactivex\rxjava\1.3.8\rxjava-1.3.8.jar;E:\1704A\repository\com\netflix\ribbon\ribbon-eureka\2.2.5\ribbon-eureka-2.2.5.jar;E:\1704A\repository\com\thoughtworks\xstream\xstream\1.4.10\xstream-1.4.10.jar;E:\1704A\repository\xmlpull\xmlpull\1.1.3.1\xmlpull-1.1.3.1.jar;E:\1704A\repository\xpp3\xpp3_min\1.1.4c\xpp3_min-1.1.4c.jar;E:\1704A\repository\org\springframework\cloud\spring-cloud-starter-openfeign\2.0.1.RELEASE\spring-cloud-starter-openfeign-2.0.1.RELEASE.jar;E:\1704A\repository\org\springframework\cloud\spring-cloud-openfeign-core\2.0.1.RELEASE\spring-cloud-openfeign-core-2.0.1.RELEASE.jar;E:\1704A\repository\org\springframework\cloud\spring-cloud-commons\2.0.1.RELEASE\spring-cloud-commons-2.0.1.RELEASE.jar;E:\1704A\repository\io\github\openfeign\feign-core\9.5.1\feign-core-9.5.1.jar;E:\1704A\repository\io\github\openfeign\feign-slf4j\9.5.1\feign-slf4j-9.5.1.jar;E:\1704A\repository\io\github\openfeign\feign-hystrix\9.5.1\feign-hystrix-9.5.1.jar;E:\1704A\repository\com\netflix\hystrix\hystrix-core\1.5.12\hystrix-core-1.5.12.jar;E:\1704A\repository\org\hdrhistogram\HdrHistogram\2.1.9\HdrHistogram-2.1.9.jar;E:\1704A\repository\io\github\openfeign\feign-java8\9.5.1\feign-java8-9.5.1.jar;E:\1704A\repository\com\netflix\feign\feign-okhttp\8.18.0\feign-okhttp-8.18.0.jar;E:\1704A\repository\com\netflix\feign\feign-core\8.18.0\feign-core-8.18.0.jar;E:\1704A\repository\org\jvnet\animal-sniffer-annotation\1.0\animal-sniffer-annotation-1.0.jar;, user.name=wangb, java.vm.specification.version=1.8, sun.java.command=C:\Users\wangb\AppData\Local\Temp\surefire5324342515423551962\surefirebooter5243460830507094447.jar C:\Users\wangb\AppData\Local\Temp\surefire5324342515423551962 2020-03-14T21-55-45_030-jvmRun1 surefire1707916640353451280tmp surefire_17945900769613902388tmp, java.home=C:\Program Files\Java\jdk1.8.0_91\jre, sun.arch.data.model=64, user.language=zh, java.specification.vendor=Oracle Corporation, awt.toolkit=sun.awt.windows.WToolkit, java.vm.info=mixed mode, java.version=1.8.0_91, java.ext.dirs=C:\Program Files\Java\jdk1.8.0_91\jre\lib\ext;C:\WINDOWS\Sun\Java\lib\ext, sun.boot.class.path=C:\Program Files\Java\jdk1.8.0_91\jre\lib\resources.jar;C:\Program Files\Java\jdk1.8.0_91\jre\lib\rt.jar;C:\Program Files\Java\jdk1.8.0_91\jre\lib\sunrsasign.jar;C:\Program Files\Java\jdk1.8.0_91\jre\lib\jsse.jar;C:\Program Files\Java\jdk1.8.0_91\jre\lib\jce.jar;C:\Program Files\Java\jdk1.8.0_91\jre\lib\charsets.jar;C:\Program Files\Java\jdk1.8.0_91\jre\lib\jfr.jar;C:\Program Files\Java\jdk1.8.0_91\jre\classes, java.awt.headless=true, java.vendor=Oracle Corporation, localRepository=E:\1704A\repository, file.separator=\, java.vendor.url.bug=http://bugreport.sun.com/bugreport/, sun.io.unicode.encoding=UnicodeLittle, sun.cpu.endian=little, sun.desktop=windows, sun.cpu.isalist=amd64}}, SystemEnvironmentPropertySource@570253226 {name='systemEnvironment', properties={PATH=E:\app\wangb\product\11.2.0\dbhome_1\bin;E:\maven\apache-maven-3.6.1\bin;C:\Program Files\Java\jdk1.8.0_91\bin;C:\Program Files (x86)\Intel\iCLS Client\;C:\Program Files\Intel\iCLS Client\;C:\Windows\system32;C:\Windows;C:\Windows\System32\Wbem;C:\Windows\System32\WindowsPowerShell\v1.0\;C:\Program Files (x86)\NVIDIA Corporation\PhysX\Common;C:\Program Files (x86)\Intel\Intel(R) Management Engine Components\DAL;C:\Program Files\Intel\Intel(R) Management Engine Components\DAL;C:\Program Files (x86)\Intel\Intel(R) Management Engine Components\IPT;C:\Program Files\Intel\Intel(R) Management Engine Components\IPT;C:\WINDOWS\system32;C:\WINDOWS;C:\WINDOWS\System32\Wbem;C:\WINDOWS\System32\WindowsPowerShell\v1.0\;C:\WINDOWS\System32\OpenSSH\;C:\Program Files\MySQL\MySQL Server 5.5\bin;E:\nodejs\;E:\Git\cmd;E:\Mp4\ffmpeg-20180227-fa0c9d6-win64-static\bin;C:\Users\wangb\AppData\Local\Microsoft\WindowsApps;C:\Users\wangb\AppData\Roaming\npm;E:\Microsoft VS Code\bin, USERDOMAIN_ROAMINGPROFILE=LAPTOP-8K1AKH0O, LOCALAPPDATA=C:\Users\wangb\AppData\Local, PROCESSOR_LEVEL=6, SYSTEMDRIVE=C:, COMMONPROGRAMFILES(X86)=C:\Program Files (x86)\Common Files, USERDOMAIN=LAPTOP-8K1AKH0O, FPS_BROWSER_APP_PROFILE_STRING=Internet Explorer, LOGONSERVER=\\LAPTOP-8K1AKH0O, JAVA_HOME=C:\Program Files\Java\jdk1.8.0_91, PROMPT=$P$G, SESSIONNAME=Console, ALLUSERSPROFILE=C:\ProgramData, PROGRAMFILES(X86)=C:\Program Files (x86), PROCESSOR_ARCHITECTURE=AMD64, DRIVERDATA=C:\Windows\System32\Drivers\DriverData, ERLANG_HOME=E:\erl9.2, =E:=E:\1704A\hdServiceCode\nm-service-manage-course, PROGRAMFILES=C:\Program Files, APPDATA=C:\Users\wangb\AppData\Roaming, MOZ_PLUGIN_PATH=E:\1704A\FoxitPhantomPDFBusiness\plugins\, PSMODULEPATH=C:\Program Files\WindowsPowerShell\Modules;C:\WINDOWS\system32\WindowsPowerShell\v1.0\Modules, PROGRAMW6432=C:\Program Files, PROGRAMDATA=C:\ProgramData, SYSTEMROOT=C:\WINDOWS, USERNAME=wangb, FPS_BROWSER_USER_PROFILE_STRING=Default, ONEDRIVE=C:\Users\wangb\OneDrive, CONFIGSETROOT=C:\WINDOWS\ConfigSetRoot, PATHEXT=.COM;.EXE;.BAT;.CMD;.VBS;.VBE;.JS;.JSE;.WSF;.WSH;.MSC, OS=Windows_NT, COMMONPROGRAMW6432=C:\Program Files\Common Files, COMPUTERNAME=LAPTOP-8K1AKH0O, COMMONPROGRAMFILES=C:\Program Files\Common Files, COMSPEC=C:\WINDOWS\system32\cmd.exe, PROCESSOR_REVISION=9e09, WINDIR=C:\WINDOWS, RABBITMQ_SERVER=E:\rabibitmq\rabbitmq_server-3.7.4, HOMEPATH=\Users\wangb, TEMP=C:\Users\wangb\AppData\Local\Temp, HOMEDRIVE=C:, PROCESSOR_IDENTIFIER=Intel64 Family 6 Model 158 Stepping 9, GenuineIntel, USERPROFILE=C:\Users\wangb, TMP=C:\Users\wangb\AppData\Local\Temp, PUBLIC=C:\Users\Public, NUMBER_OF_PROCESSORS=8, =::=::\}}]
2020-03-14 21:56:41.808 [main] DEBUG o.s.c.a.ClassPathBeanDefinitionScanner - JSR-250 'javax.annotation.ManagedBean' found and supported for component scanning
2020-03-14 21:56:41.809 [main] DEBUG o.s.c.a.ClassPathBeanDefinitionScanner - JSR-330 'javax.inject.Named' annotation found and supported for component scanning
2020-03-14 21:56:41.844 [main] DEBUG o.s.c.e.PropertySourcesPropertyResolver - Could not find key 'context.initializer.classes' in any property source
2020-03-14 21:56:41.847 [main] DEBUG o.s.c.e.PropertySourcesPropertyResolver - Could not find key 'spring.application.name' in any property source
2020-03-14 21:56:41.851 [main] DEBUG o.s.b.f.s.DefaultListableBeanFactory - Returning cached instance of singleton bean 'autoConfigurationReport'
2020-03-14 21:56:41.852 [main] DEBUG o.s.boot.SpringApplication - Loading source class org.springframework.cloud.bootstrap.config.PropertySourceBootstrapConfiguration,class org.springframework.cloud.bootstrap.encrypt.EncryptionBootstrapConfiguration,class org.springframework.cloud.autoconfigure.ConfigurationPropertiesRebinderAutoConfiguration,class org.springframework.boot.autoconfigure.context.PropertyPlaceholderAutoConfiguration
2020-03-14 21:56:41.864 [main] DEBUG o.s.c.a.ClassPathBeanDefinitionScanner - JSR-250 'javax.annotation.ManagedBean' found and supported for component scanning
2020-03-14 21:56:41.864 [main] DEBUG o.s.c.a.ClassPathBeanDefinitionScanner - JSR-330 'javax.inject.Named' annotation found and supported for component scanning
2020-03-14 21:56:41.911 [main] DEBUG o.s.b.f.s.DefaultListableBeanFactory - Returning cached instance of singleton bean 'autoConfigurationReport'
2020-03-14 21:56:41.938 [main] INFO  o.s.c.a.AnnotationConfigApplicationContext - Refreshing org.springframework.context.annotation.AnnotationConfigApplicationContext@598bd2ba: startup date [Sat Mar 14 21:56:41 CST 2020]; root of context hierarchy
2020-03-14 21:56:41.940 [main] DEBUG o.s.c.a.AnnotationConfigApplicationContext - Bean factory for org.springframework.context.annotation.AnnotationConfigApplicationContext@598bd2ba: org.springframework.beans.factory.support.DefaultListableBeanFactory@5fe1ce85: defining beans [org.springframework.context.annotation.internalConfigurationAnnotationProcessor,org.springframework.context.annotation.internalAutowiredAnnotationProcessor,org.springframework.context.annotation.internalRequiredAnnotationProcessor,org.springframework.context.annotation.internalCommonAnnotationProcessor,org.springframework.context.annotation.internalPersistenceAnnotationProcessor,org.springframework.context.event.internalEventListenerProcessor,org.springframework.context.event.internalEventListenerFactory,propertySourceBootstrapConfiguration,encryptionBootstrapConfiguration,configurationPropertiesRebinderAutoConfiguration,propertyPlaceholderAutoConfiguration]; root of factory hierarchy
2020-03-14 21:56:42.020 [main] DEBUG o.s.b.f.s.DefaultListableBeanFactory - Creating shared instance of singleton bean 'org.springframework.context.annotation.internalConfigurationAnnotationProcessor'
2020-03-14 21:56:42.020 [main] DEBUG o.s.b.f.s.DefaultListableBeanFactory - Creating instance of bean 'org.springframework.context.annotation.internalConfigurationAnnotationProcessor'
2020-03-14 21:56:42.046 [main] DEBUG o.s.b.f.s.DefaultListableBeanFactory - Eagerly caching bean 'org.springframework.context.annotation.internalConfigurationAnnotationProcessor' to allow for resolving potential circular references
2020-03-14 21:56:42.090 [main] DEBUG o.s.b.f.s.DefaultListableBeanFactory - Creating shared instance of singleton bean 'org.springframework.boot.autoconfigure.internalCachingMetadataReaderFactory'
2020-03-14 21:56:42.090 [main] DEBUG o.s.b.f.s.DefaultListableBeanFactory - Creating instance of bean 'org.springframework.boot.autoconfigure.internalCachingMetadataReaderFactory'
2020-03-14 21:56:42.093 [main] DEBUG o.s.b.f.s.DefaultListableBeanFactory - Eagerly caching bean 'org.springframework.boot.autoconfigure.internalCachingMetadataReaderFactory' to allow for resolving potential circular references
2020-03-14 21:56:42.099 [main] DEBUG o.s.b.f.s.DefaultListableBeanFactory - Finished creating instance of bean 'org.springframework.boot.autoconfigure.internalCachingMetadataReaderFactory'
2020-03-14 21:56:42.166 [main] DEBUG o.s.b.f.s.DefaultListableBeanFactory - Finished creating instance of bean 'org.springframework.context.annotation.internalConfigurationAnnotationProcessor'
2020-03-14 21:56:42.277 [main] DEBUG o.s.b.f.s.DefaultListableBeanFactory - Returning cached instance of singleton bean 'autoConfigurationReport'
2020-03-14 21:56:42.298 [main] DEBUG o.s.b.f.s.DefaultListableBeanFactory - Returning cached instance of singleton bean 'autoConfigurationReport'
2020-03-14 21:56:42.299 [main] DEBUG o.s.b.f.s.DefaultListableBeanFactory - Returning cached instance of singleton bean 'autoConfigurationReport'
2020-03-14 21:56:42.300 [main] DEBUG o.s.c.e.PropertySourcesPropertyResolver - Could not find key 'encrypt.key-store.location' in any property source
2020-03-14 21:56:42.300 [main] DEBUG o.s.c.e.PropertySourcesPropertyResolver - Could not find key 'encrypt.key' in any property source
2020-03-14 21:56:42.300 [main] DEBUG o.s.b.f.s.DefaultListableBeanFactory - Returning cached instance of singleton bean 'autoConfigurationReport'
2020-03-14 21:56:42.353 [main] DEBUG o.s.b.f.s.DefaultListableBeanFactory - Returning cached instance of singleton bean 'autoConfigurationReport'
2020-03-14 21:56:42.357 [main] DEBUG o.s.c.a.ConfigurationClassBeanDefinitionReader - Registering bean definition for @Bean method org.springframework.cloud.bootstrap.encrypt.EncryptionBootstrapConfiguration.environmentDecryptApplicationListener()
2020-03-14 21:56:42.368 [main] DEBUG o.s.b.f.s.DefaultListableBeanFactory - Creating shared instance of singleton bean 'org.springframework.boot.autoconfigure.condition.BeanTypeRegistry'
2020-03-14 21:56:42.368 [main] DEBUG o.s.b.f.s.DefaultListableBeanFactory - Creating instance of bean 'org.springframework.boot.autoconfigure.condition.BeanTypeRegistry'
2020-03-14 21:56:42.381 [main] DEBUG o.s.b.f.s.DefaultListableBeanFactory - Eagerly caching bean 'org.springframework.boot.autoconfigure.condition.BeanTypeRegistry' to allow for resolving potential circular references
2020-03-14 21:56:42.382 [main] DEBUG o.s.b.f.s.DefaultListableBeanFactory - Finished creating instance of bean 'org.springframework.boot.autoconfigure.condition.BeanTypeRegistry'
2020-03-14 21:56:42.393 [main] DEBUG o.s.b.f.s.DefaultListableBeanFactory - Returning cached instance of singleton bean 'autoConfigurationReport'
2020-03-14 21:56:42.395 [main] DEBUG o.s.b.f.s.DefaultListableBeanFactory - Returning cached instance of singleton bean 'org.springframework.boot.autoconfigure.condition.BeanTypeRegistry'
2020-03-14 21:56:42.396 [main] DEBUG o.s.b.f.s.DefaultListableBeanFactory - Returning cached instance of singleton bean 'autoConfigurationReport'
2020-03-14 21:56:42.398 [main] DEBUG o.s.c.a.ConfigurationClassBeanDefinitionReader - Registering bean definition for @Bean method org.springframework.cloud.autoconfigure.ConfigurationPropertiesRebinderAutoConfiguration.configurationPropertiesBeans()
2020-03-14 21:56:42.403 [main] DEBUG o.s.b.f.s.DefaultListableBeanFactory - Returning cached instance of singleton bean 'org.springframework.boot.autoconfigure.condition.BeanTypeRegistry'
2020-03-14 21:56:42.404 [main] DEBUG o.s.b.f.s.DefaultListableBeanFactory - Returning cached instance of singleton bean 'autoConfigurationReport'
2020-03-14 21:56:42.406 [main] DEBUG o.s.c.a.ConfigurationClassBeanDefinitionReader - Registering bean definition for @Bean method org.springframework.cloud.autoconfigure.ConfigurationPropertiesRebinderAutoConfiguration.configurationPropertiesRebinder()
2020-03-14 21:56:42.407 [main] DEBUG o.s.b.f.s.DefaultListableBeanFactory - Returning cached instance of singleton bean 'org.springframework.boot.autoconfigure.condition.BeanTypeRegistry'
2020-03-14 21:56:42.409 [main] DEBUG o.s.b.f.s.DefaultListableBeanFactory - Returning cached instance of singleton bean 'autoConfigurationReport'
2020-03-14 21:56:42.411 [main] DEBUG o.s.c.a.ConfigurationClassBeanDefinitionReader - Registering bean definition for @Bean method org.springframework.boot.autoconfigure.context.PropertyPlaceholderAutoConfiguration.propertySourcesPlaceholderConfigurer()
2020-03-14 21:56:42.572 [main] DEBUG o.s.c.a.ConfigurationClassEnhancer - Successfully enhanced org.springframework.cloud.bootstrap.config.PropertySourceBootstrapConfiguration; enhanced class name is: org.springframework.cloud.bootstrap.config.PropertySourceBootstrapConfiguration$$EnhancerBySpringCGLIB$$50f772a2
2020-03-14 21:56:42.572 [main] DEBUG o.s.c.a.ConfigurationClassPostProcessor - Replacing bean definition 'propertySourceBootstrapConfiguration' existing class 'org.springframework.cloud.bootstrap.config.PropertySourceBootstrapConfiguration' with enhanced class 'org.springframework.cloud.bootstrap.config.PropertySourceBootstrapConfiguration$$EnhancerBySpringCGLIB$$50f772a2'
2020-03-14 21:56:42.574 [main] DEBUG o.s.c.a.ConfigurationClassEnhancer - Successfully enhanced org.springframework.cloud.bootstrap.encrypt.EncryptionBootstrapConfiguration; enhanced class name is: org.springframework.cloud.bootstrap.encrypt.EncryptionBootstrapConfiguration$$EnhancerBySpringCGLIB$$adb3b592
2020-03-14 21:56:42.575 [main] DEBUG o.s.c.a.ConfigurationClassPostProcessor - Replacing bean definition 'encryptionBootstrapConfiguration' existing class 'org.springframework.cloud.bootstrap.encrypt.EncryptionBootstrapConfiguration' with enhanced class 'org.springframework.cloud.bootstrap.encrypt.EncryptionBootstrapConfiguration$$EnhancerBySpringCGLIB$$adb3b592'
2020-03-14 21:56:42.579 [main] DEBUG o.s.c.a.ConfigurationClassEnhancer - Successfully enhanced org.springframework.cloud.autoconfigure.ConfigurationPropertiesRebinderAutoConfiguration; enhanced class name is: org.springframework.cloud.autoconfigure.ConfigurationPropertiesRebinderAutoConfiguration$$EnhancerBySpringCGLIB$$bd645736
2020-03-14 21:56:42.580 [main] DEBUG o.s.c.a.ConfigurationClassPostProcessor - Replacing bean definition 'configurationPropertiesRebinderAutoConfiguration' existing class 'org.springframework.cloud.autoconfigure.ConfigurationPropertiesRebinderAutoConfiguration' with enhanced class 'org.springframework.cloud.autoconfigure.ConfigurationPropertiesRebinderAutoConfiguration$$EnhancerBySpringCGLIB$$bd645736'
2020-03-14 21:56:42.583 [main] DEBUG o.s.c.a.ConfigurationClassEnhancer - Successfully enhanced org.springframework.boot.autoconfigure.context.PropertyPlaceholderAutoConfiguration; enhanced class name is: org.springframework.boot.autoconfigure.context.PropertyPlaceholderAutoConfiguration$$EnhancerBySpringCGLIB$$a200c672
2020-03-14 21:56:42.583 [main] DEBUG o.s.c.a.ConfigurationClassPostProcessor - Replacing bean definition 'propertyPlaceholderAutoConfiguration' existing class 'org.springframework.boot.autoconfigure.context.PropertyPlaceholderAutoConfiguration' with enhanced class 'org.springframework.boot.autoconfigure.context.PropertyPlaceholderAutoConfiguration$$EnhancerBySpringCGLIB$$a200c672'
2020-03-14 21:56:42.586 [main] DEBUG o.s.core.env.StandardEnvironment - Removing PropertySource 'defaultProperties'
2020-03-14 21:56:42.588 [main] DEBUG o.s.b.f.s.DefaultListableBeanFactory - Creating shared instance of singleton bean 'propertySourcesPlaceholderConfigurer'
2020-03-14 21:56:42.589 [main] DEBUG o.s.b.f.s.DefaultListableBeanFactory - Creating instance of bean 'propertySourcesPlaceholderConfigurer'
2020-03-14 21:56:42.595 [main] DEBUG o.s.b.f.s.DefaultListableBeanFactory - Eagerly caching bean 'propertySourcesPlaceholderConfigurer' to allow for resolving potential circular references
2020-03-14 21:56:42.615 [main] DEBUG o.s.b.f.s.DefaultListableBeanFactory - Finished creating instance of bean 'propertySourcesPlaceholderConfigurer'
2020-03-14 21:56:42.616 [main] DEBUG o.s.core.env.MutablePropertySources - Adding PropertySource 'environmentProperties' with lowest search precedence
2020-03-14 21:56:42.617 [main] DEBUG o.s.core.env.MutablePropertySources - Adding PropertySource 'localProperties' with lowest search precedence
2020-03-14 21:56:42.619 [main] DEBUG o.s.b.f.s.DefaultListableBeanFactory - Creating shared instance of singleton bean 'org.springframework.boot.context.properties.ConfigurationBeanFactoryMetadata'
2020-03-14 21:56:42.619 [main] DEBUG o.s.b.f.s.DefaultListableBeanFactory - Creating instance of bean 'org.springframework.boot.context.properties.ConfigurationBeanFactoryMetadata'
2020-03-14 21:56:42.619 [main] DEBUG o.s.b.f.s.DefaultListableBeanFactory - Eagerly caching bean 'org.springframework.boot.context.properties.ConfigurationBeanFactoryMetadata' to allow for resolving potential circular references
2020-03-14 21:56:42.623 [main] DEBUG o.s.b.f.s.DefaultListableBeanFactory - Finished creating instance of bean 'org.springframework.boot.context.properties.ConfigurationBeanFactoryMetadata'
2020-03-14 21:56:42.629 [main] DEBUG o.s.b.f.s.DefaultListableBeanFactory - Creating shared instance of singleton bean 'org.springframework.context.annotation.internalAutowiredAnnotationProcessor'
2020-03-14 21:56:42.629 [main] DEBUG o.s.b.f.s.DefaultListableBeanFactory - Creating instance of bean 'org.springframework.context.annotation.internalAutowiredAnnotationProcessor'
2020-03-14 21:56:42.631 [main] INFO  o.s.b.f.a.AutowiredAnnotationBeanPostProcessor - JSR-330 'javax.inject.Inject' annotation found and supported for autowiring
2020-03-14 21:56:42.631 [main] DEBUG o.s.b.f.s.DefaultListableBeanFactory - Eagerly caching bean 'org.springframework.context.annotation.internalAutowiredAnnotationProcessor' to allow for resolving potential circular references
2020-03-14 21:56:42.656 [main] DEBUG o.s.b.f.s.DefaultListableBeanFactory - Finished creating instance of bean 'org.springframework.context.annotation.internalAutowiredAnnotationProcessor'
2020-03-14 21:56:42.657 [main] DEBUG o.s.b.f.s.DefaultListableBeanFactory - Creating shared instance of singleton bean 'org.springframework.context.annotation.internalRequiredAnnotationProcessor'
2020-03-14 21:56:42.657 [main] DEBUG o.s.b.f.s.DefaultListableBeanFactory - Creating instance of bean 'org.springframework.context.annotation.internalRequiredAnnotationProcessor'
2020-03-14 21:56:42.658 [main] DEBUG o.s.b.f.s.DefaultListableBeanFactory - Eagerly caching bean 'org.springframework.context.annotation.internalRequiredAnnotationProcessor' to allow for resolving potential circular references
2020-03-14 21:56:42.670 [main] DEBUG o.s.b.f.s.DefaultListableBeanFactory - Finished creating instance of bean 'org.springframework.context.annotation.internalRequiredAnnotationProcessor'
2020-03-14 21:56:42.670 [main] DEBUG o.s.b.f.s.DefaultListableBeanFactory - Creating shared instance of singleton bean 'org.springframework.context.annotation.internalCommonAnnotationProcessor'
2020-03-14 21:56:42.670 [main] DEBUG o.s.b.f.s.DefaultListableBeanFactory - Creating instance of bean 'org.springframework.context.annotation.internalCommonAnnotationProcessor'
2020-03-14 21:56:42.680 [main] DEBUG o.s.b.f.s.DefaultListableBeanFactory - Eagerly caching bean 'org.springframework.context.annotation.internalCommonAnnotationProcessor' to allow for resolving potential circular references
2020-03-14 21:56:42.693 [main] DEBUG o.s.b.f.s.DefaultListableBeanFactory - Finished creating instance of bean 'org.springframework.context.annotation.internalCommonAnnotationProcessor'
2020-03-14 21:56:42.693 [main] DEBUG o.s.b.f.s.DefaultListableBeanFactory - Creating shared instance of singleton bean 'org.springframework.context.annotation.internalPersistenceAnnotationProcessor'
2020-03-14 21:56:42.694 [main] DEBUG o.s.b.f.s.DefaultListableBeanFactory - Creating instance of bean 'org.springframework.context.annotation.internalPersistenceAnnotationProcessor'
2020-03-14 21:56:42.696 [main] DEBUG o.s.b.f.s.DefaultListableBeanFactory - Eagerly caching bean 'org.springframework.context.annotation.internalPersistenceAnnotationProcessor' to allow for resolving potential circular references
2020-03-14 21:56:42.716 [main] DEBUG o.s.b.f.s.DefaultListableBeanFactory - Finished creating instance of bean 'org.springframework.context.annotation.internalPersistenceAnnotationProcessor'
2020-03-14 21:56:42.716 [main] DEBUG o.s.b.f.s.DefaultListableBeanFactory - Creating shared instance of singleton bean 'org.springframework.boot.context.properties.ConfigurationPropertiesBindingPostProcessor'
2020-03-14 21:56:42.717 [main] DEBUG o.s.b.f.s.DefaultListableBeanFactory - Creating instance of bean 'org.springframework.boot.context.properties.ConfigurationPropertiesBindingPostProcessor'
2020-03-14 21:56:42.717 [main] DEBUG o.s.b.f.s.DefaultListableBeanFactory - Eagerly caching bean 'org.springframework.boot.context.properties.ConfigurationPropertiesBindingPostProcessor' to allow for resolving potential circular references
2020-03-14 21:56:42.725 [main] DEBUG o.s.b.f.s.DefaultListableBeanFactory - Invoking afterPropertiesSet() on bean with name 'org.springframework.boot.context.properties.ConfigurationPropertiesBindingPostProcessor'
2020-03-14 21:56:42.726 [main] DEBUG o.s.b.f.s.DefaultListableBeanFactory - Returning cached instance of singleton bean 'org.springframework.boot.context.properties.ConfigurationBeanFactoryMetadata'
2020-03-14 21:56:42.729 [main] DEBUG o.s.b.f.s.DefaultListableBeanFactory - Returning cached instance of singleton bean 'propertySourcesPlaceholderConfigurer'
2020-03-14 21:56:42.732 [main] DEBUG o.s.b.f.s.DefaultListableBeanFactory - Finished creating instance of bean 'org.springframework.boot.context.properties.ConfigurationPropertiesBindingPostProcessor'
2020-03-14 21:56:42.732 [main] DEBUG o.s.b.f.s.DefaultListableBeanFactory - Creating shared instance of singleton bean 'configurationPropertiesBeans'
2020-03-14 21:56:42.733 [main] DEBUG o.s.b.f.s.DefaultListableBeanFactory - Creating instance of bean 'configurationPropertiesBeans'
2020-03-14 21:56:42.734 [main] DEBUG o.s.b.f.s.DefaultListableBeanFactory - Creating shared instance of singleton bean 'configurationPropertiesRebinderAutoConfiguration'
2020-03-14 21:56:42.734 [main] DEBUG o.s.b.f.s.DefaultListableBeanFactory - Creating instance of bean 'configurationPropertiesRebinderAutoConfiguration'
2020-03-14 21:56:42.747 [main] DEBUG o.s.b.f.s.DefaultListableBeanFactory - Eagerly caching bean 'configurationPropertiesRebinderAutoConfiguration' to allow for resolving potential circular references
2020-03-14 21:56:42.752 [main] INFO  o.s.c.s.PostProcessorRegistrationDelegate$BeanPostProcessorChecker - Bean 'configurationPropertiesRebinderAutoConfiguration' of type [org.springframework.cloud.autoconfigure.ConfigurationPropertiesRebinderAutoConfiguration$$EnhancerBySpringCGLIB$$bd645736] is not eligible for getting processed by all BeanPostProcessors (for example: not eligible for auto-proxying)
2020-03-14 21:56:42.753 [main] DEBUG o.s.b.f.s.DefaultListableBeanFactory - Finished creating instance of bean 'configurationPropertiesRebinderAutoConfiguration'
2020-03-14 21:56:42.774 [main] DEBUG o.s.b.f.s.DefaultListableBeanFactory - Returning cached instance of singleton bean 'org.springframework.boot.context.properties.ConfigurationBeanFactoryMetadata'
2020-03-14 21:56:42.781 [main] DEBUG o.s.b.f.s.DefaultListableBeanFactory - Eagerly caching bean 'configurationPropertiesBeans' to allow for resolving potential circular references
2020-03-14 21:56:42.789 [main] DEBUG o.s.b.f.s.DefaultListableBeanFactory - Finished creating instance of bean 'configurationPropertiesBeans'
2020-03-14 21:56:42.792 [main] DEBUG o.s.c.a.AnnotationConfigApplicationContext - Unable to locate MessageSource with name 'messageSource': using default [org.springframework.context.support.DelegatingMessageSource@4f2613d1]
2020-03-14 21:56:42.792 [main] DEBUG o.s.c.a.AnnotationConfigApplicationContext - Unable to locate ApplicationEventMulticaster with name 'applicationEventMulticaster': using default [org.springframework.context.event.SimpleApplicationEventMulticaster@6d24ffa1]
2020-03-14 21:56:42.794 [main] DEBUG o.s.b.f.s.DefaultListableBeanFactory - Pre-instantiating singletons in org.springframework.beans.factory.support.DefaultListableBeanFactory@5fe1ce85: defining beans [org.springframework.context.annotation.internalConfigurationAnnotationProcessor,org.springframework.context.annotation.internalAutowiredAnnotationProcessor,org.springframework.context.annotation.internalRequiredAnnotationProcessor,org.springframework.context.annotation.internalCommonAnnotationProcessor,org.springframework.context.annotation.internalPersistenceAnnotationProcessor,org.springframework.context.event.internalEventListenerProcessor,org.springframework.context.event.internalEventListenerFactory,propertySourceBootstrapConfiguration,encryptionBootstrapConfiguration,configurationPropertiesRebinderAutoConfiguration,propertyPlaceholderAutoConfiguration,org.springframework.boot.autoconfigure.internalCachingMetadataReaderFactory,spring.cloud.config-org.springframework.cloud.bootstrap.config.PropertySourceBootstrapProperties,org.springframework.boot.context.properties.ConfigurationPropertiesBindingPostProcessor,org.springframework.boot.context.properties.ConfigurationBeanFactoryMetadata,environmentDecryptApplicationListener,encrypt-org.springframework.cloud.bootstrap.encrypt.KeyProperties,org.springframework.boot.autoconfigure.condition.BeanTypeRegistry,configurationPropertiesBeans,configurationPropertiesRebinder,propertySourcesPlaceholderConfigurer]; root of factory hierarchy
2020-03-14 21:56:42.794 [main] DEBUG o.s.b.f.s.DefaultListableBeanFactory - Returning cached instance of singleton bean 'org.springframework.context.annotation.internalConfigurationAnnotationProcessor'
2020-03-14 21:56:42.794 [main] DEBUG o.s.b.f.s.DefaultListableBeanFactory - Returning cached instance of singleton bean 'org.springframework.context.annotation.internalAutowiredAnnotationProcessor'
2020-03-14 21:56:42.794 [main] DEBUG o.s.b.f.s.DefaultListableBeanFactory - Returning cached instance of singleton bean 'org.springframework.context.annotation.internalRequiredAnnotationProcessor'
2020-03-14 21:56:42.794 [main] DEBUG o.s.b.f.s.DefaultListableBeanFactory - Returning cached instance of singleton bean 'org.springframework.context.annotation.internalCommonAnnotationProcessor'
2020-03-14 21:56:42.794 [main] DEBUG o.s.b.f.s.DefaultListableBeanFactory - Returning cached instance of singleton bean 'org.springframework.context.annotation.internalPersistenceAnnotationProcessor'
2020-03-14 21:56:42.795 [main] DEBUG o.s.b.f.s.DefaultListableBeanFactory - Creating shared instance of singleton bean 'org.springframework.context.event.internalEventListenerProcessor'
2020-03-14 21:56:42.795 [main] DEBUG o.s.b.f.s.DefaultListableBeanFactory - Creating instance of bean 'org.springframework.context.event.internalEventListenerProcessor'
2020-03-14 21:56:42.797 [main] DEBUG o.s.b.f.s.DefaultListableBeanFactory - Eagerly caching bean 'org.springframework.context.event.internalEventListenerProcessor' to allow for resolving potential circular references
2020-03-14 21:56:42.800 [main] DEBUG o.s.b.f.s.DefaultListableBeanFactory - Finished creating instance of bean 'org.springframework.context.event.internalEventListenerProcessor'
2020-03-14 21:56:42.801 [main] DEBUG o.s.b.f.s.DefaultListableBeanFactory - Creating shared instance of singleton bean 'org.springframework.context.event.internalEventListenerFactory'
2020-03-14 21:56:42.801 [main] DEBUG o.s.b.f.s.DefaultListableBeanFactory - Creating instance of bean 'org.springframework.context.event.internalEventListenerFactory'
2020-03-14 21:56:42.802 [main] DEBUG o.s.b.f.s.DefaultListableBeanFactory - Eagerly caching bean 'org.springframework.context.event.internalEventListenerFactory' to allow for resolving potential circular references
2020-03-14 21:56:42.807 [main] DEBUG o.s.b.f.s.DefaultListableBeanFactory - Finished creating instance of bean 'org.springframework.context.event.internalEventListenerFactory'
2020-03-14 21:56:42.807 [main] DEBUG o.s.b.f.s.DefaultListableBeanFactory - Creating shared instance of singleton bean 'propertySourceBootstrapConfiguration'
2020-03-14 21:56:42.807 [main] DEBUG o.s.b.f.s.DefaultListableBeanFactory - Creating instance of bean 'propertySourceBootstrapConfiguration'
2020-03-14 21:56:42.811 [main] DEBUG o.s.b.f.annotation.InjectionMetadata - Registered injected element on class [org.springframework.cloud.bootstrap.config.PropertySourceBootstrapConfiguration$$EnhancerBySpringCGLIB$$50f772a2]: AutowiredFieldElement for private java.util.List org.springframework.cloud.bootstrap.config.PropertySourceBootstrapConfiguration.propertySourceLocators
2020-03-14 21:56:42.811 [main] DEBUG o.s.b.f.s.DefaultListableBeanFactory - Eagerly caching bean 'propertySourceBootstrapConfiguration' to allow for resolving potential circular references
2020-03-14 21:56:42.827 [main] DEBUG o.s.b.f.annotation.InjectionMetadata - Processing injected element of bean 'propertySourceBootstrapConfiguration': AutowiredFieldElement for private java.util.List org.springframework.cloud.bootstrap.config.PropertySourceBootstrapConfiguration.propertySourceLocators
2020-03-14 21:56:42.829 [main] DEBUG o.s.core.annotation.AnnotationUtils - Failed to meta-introspect annotation interface org.springframework.beans.factory.annotation.Autowired: java.lang.NullPointerException
2020-03-14 21:56:42.836 [main] DEBUG o.s.b.f.s.DefaultListableBeanFactory - Finished creating instance of bean 'propertySourceBootstrapConfiguration'
2020-03-14 21:56:42.837 [main] DEBUG o.s.b.f.s.DefaultListableBeanFactory - Creating shared instance of singleton bean 'encryptionBootstrapConfiguration'
2020-03-14 21:56:42.837 [main] DEBUG o.s.b.f.s.DefaultListableBeanFactory - Creating instance of bean 'encryptionBootstrapConfiguration'
2020-03-14 21:56:42.838 [main] DEBUG o.s.b.f.annotation.InjectionMetadata - Registered injected element on class [org.springframework.cloud.bootstrap.encrypt.EncryptionBootstrapConfiguration$$EnhancerBySpringCGLIB$$adb3b592]: AutowiredFieldElement for private org.springframework.security.crypto.encrypt.TextEncryptor org.springframework.cloud.bootstrap.encrypt.EncryptionBootstrapConfiguration.encryptor
2020-03-14 21:56:42.839 [main] DEBUG o.s.b.f.annotation.InjectionMetadata - Registered injected element on class [org.springframework.cloud.bootstrap.encrypt.EncryptionBootstrapConfiguration$$EnhancerBySpringCGLIB$$adb3b592]: AutowiredFieldElement for private org.springframework.cloud.bootstrap.encrypt.KeyProperties org.springframework.cloud.bootstrap.encrypt.EncryptionBootstrapConfiguration.key
2020-03-14 21:56:42.839 [main] DEBUG o.s.b.f.s.DefaultListableBeanFactory - Eagerly caching bean 'encryptionBootstrapConfiguration' to allow for resolving potential circular references
2020-03-14 21:56:42.850 [main] DEBUG o.s.b.f.annotation.InjectionMetadata - Processing injected element of bean 'encryptionBootstrapConfiguration': AutowiredFieldElement for private org.springframework.security.crypto.encrypt.TextEncryptor org.springframework.cloud.bootstrap.encrypt.EncryptionBootstrapConfiguration.encryptor
2020-03-14 21:56:42.851 [main] DEBUG o.s.core.annotation.AnnotationUtils - Failed to meta-introspect annotation interface org.springframework.beans.factory.annotation.Autowired: java.lang.NullPointerException
2020-03-14 21:56:42.852 [main] DEBUG o.s.b.f.annotation.InjectionMetadata - Processing injected element of bean 'encryptionBootstrapConfiguration': AutowiredFieldElement for private org.springframework.cloud.bootstrap.encrypt.KeyProperties org.springframework.cloud.bootstrap.encrypt.EncryptionBootstrapConfiguration.key
2020-03-14 21:56:42.852 [main] DEBUG o.s.core.annotation.AnnotationUtils - Failed to meta-introspect annotation interface org.springframework.beans.factory.annotation.Autowired: java.lang.NullPointerException
2020-03-14 21:56:42.854 [main] DEBUG o.s.b.f.s.DefaultListableBeanFactory - Creating shared instance of singleton bean 'encrypt-org.springframework.cloud.bootstrap.encrypt.KeyProperties'
2020-03-14 21:56:42.854 [main] DEBUG o.s.b.f.s.DefaultListableBeanFactory - Creating instance of bean 'encrypt-org.springframework.cloud.bootstrap.encrypt.KeyProperties'
2020-03-14 21:56:42.855 [main] DEBUG o.s.b.f.s.DefaultListableBeanFactory - Eagerly caching bean 'encrypt-org.springframework.cloud.bootstrap.encrypt.KeyProperties' to allow for resolving potential circular references
2020-03-14 21:56:42.873 [main] DEBUG o.s.b.f.s.DefaultListableBeanFactory - Creating instance of bean 'org.springframework.boot.context.properties.ConversionServiceDeducer$Factory'
2020-03-14 21:56:42.887 [main] DEBUG o.s.b.f.annotation.InjectionMetadata - Registered injected element on class [org.springframework.boot.context.properties.ConversionServiceDeducer$Factory]: AutowiredMethodElement for public void org.springframework.boot.context.properties.ConversionServiceDeducer$Factory.setConverters(java.util.List)
2020-03-14 21:56:42.888 [main] DEBUG o.s.b.f.annotation.InjectionMetadata - Registered injected element on class [org.springframework.boot.context.properties.ConversionServiceDeducer$Factory]: AutowiredMethodElement for public void org.springframework.boot.context.properties.ConversionServiceDeducer$Factory.setGenericConverters(java.util.List)
2020-03-14 21:56:42.890 [main] DEBUG o.s.b.f.annotation.InjectionMetadata - Processing injected element of bean 'org.springframework.boot.context.properties.ConversionServiceDeducer$Factory': AutowiredMethodElement for public void org.springframework.boot.context.properties.ConversionServiceDeducer$Factory.setConverters(java.util.List)
2020-03-14 21:56:42.894 [main] DEBUG o.s.b.f.annotation.InjectionMetadata - Processing injected element of bean 'org.springframework.boot.context.properties.ConversionServiceDeducer$Factory': AutowiredMethodElement for public void org.springframework.boot.context.properties.ConversionServiceDeducer$Factory.setGenericConverters(java.util.List)
2020-03-14 21:56:42.898 [main] DEBUG o.s.b.f.s.DefaultListableBeanFactory - Finished creating instance of bean 'org.springframework.boot.context.properties.ConversionServiceDeducer$Factory'
2020-03-14 21:56:42.911 [main] DEBUG o.s.b.f.s.DefaultListableBeanFactory - Finished creating instance of bean 'encrypt-org.springframework.cloud.bootstrap.encrypt.KeyProperties'
2020-03-14 21:56:42.913 [main] DEBUG o.s.b.f.a.AutowiredAnnotationBeanPostProcessor - Autowiring by type from bean name 'encryptionBootstrapConfiguration' to bean named 'encrypt-org.springframework.cloud.bootstrap.encrypt.KeyProperties'
2020-03-14 21:56:42.915 [main] DEBUG o.s.b.f.s.DefaultListableBeanFactory - Finished creating instance of bean 'encryptionBootstrapConfiguration'
2020-03-14 21:56:42.915 [main] DEBUG o.s.b.f.s.DefaultListableBeanFactory - Returning cached instance of singleton bean 'configurationPropertiesRebinderAutoConfiguration'
2020-03-14 21:56:42.916 [main] DEBUG o.s.b.f.s.DefaultListableBeanFactory - Creating shared instance of singleton bean 'propertyPlaceholderAutoConfiguration'
2020-03-14 21:56:42.916 [main] DEBUG o.s.b.f.s.DefaultListableBeanFactory - Creating instance of bean 'propertyPlaceholderAutoConfiguration'
2020-03-14 21:56:42.917 [main] DEBUG o.s.b.f.s.DefaultListableBeanFactory - Eagerly caching bean 'propertyPlaceholderAutoConfiguration' to allow for resolving potential circular references
2020-03-14 21:56:42.923 [main] DEBUG o.s.b.f.s.DefaultListableBeanFactory - Finished creating instance of bean 'propertyPlaceholderAutoConfiguration'
2020-03-14 21:56:42.924 [main] DEBUG o.s.b.f.s.DefaultListableBeanFactory - Returning cached instance of singleton bean 'org.springframework.boot.autoconfigure.internalCachingMetadataReaderFactory'
2020-03-14 21:56:42.931 [main] DEBUG o.s.b.f.s.DefaultListableBeanFactory - Creating shared instance of singleton bean 'spring.cloud.config-org.springframework.cloud.bootstrap.config.PropertySourceBootstrapProperties'
2020-03-14 21:56:42.931 [main] DEBUG o.s.b.f.s.DefaultListableBeanFactory - Creating instance of bean 'spring.cloud.config-org.springframework.cloud.bootstrap.config.PropertySourceBootstrapProperties'
2020-03-14 21:56:42.932 [main] DEBUG o.s.b.f.s.DefaultListableBeanFactory - Eagerly caching bean 'spring.cloud.config-org.springframework.cloud.bootstrap.config.PropertySourceBootstrapProperties' to allow for resolving potential circular references
2020-03-14 21:56:42.945 [main] DEBUG o.s.b.f.s.DefaultListableBeanFactory - Finished creating instance of bean 'spring.cloud.config-org.springframework.cloud.bootstrap.config.PropertySourceBootstrapProperties'
2020-03-14 21:56:42.947 [main] DEBUG o.s.b.f.s.DefaultListableBeanFactory - Returning cached instance of singleton bean 'org.springframework.boot.context.properties.ConfigurationPropertiesBindingPostProcessor'
2020-03-14 21:56:42.948 [main] DEBUG o.s.b.f.s.DefaultListableBeanFactory - Returning cached instance of singleton bean 'org.springframework.boot.context.properties.ConfigurationBeanFactoryMetadata'
2020-03-14 21:56:42.948 [main] DEBUG o.s.b.f.s.DefaultListableBeanFactory - Creating shared instance of singleton bean 'environmentDecryptApplicationListener'
2020-03-14 21:56:42.948 [main] DEBUG o.s.b.f.s.DefaultListableBeanFactory - Creating instance of bean 'environmentDecryptApplicationListener'
2020-03-14 21:56:42.949 [main] DEBUG o.s.b.f.s.DefaultListableBeanFactory - Returning cached instance of singleton bean 'encryptionBootstrapConfiguration'
2020-03-14 21:56:42.965 [main] DEBUG o.s.b.f.s.DefaultListableBeanFactory - Eagerly caching bean 'environmentDecryptApplicationListener' to allow for resolving potential circular references
2020-03-14 21:56:42.972 [main] DEBUG o.s.b.f.s.DefaultListableBeanFactory - Finished creating instance of bean 'environmentDecryptApplicationListener'
2020-03-14 21:56:42.973 [main] DEBUG o.s.b.f.s.DefaultListableBeanFactory - Returning cached instance of singleton bean 'encrypt-org.springframework.cloud.bootstrap.encrypt.KeyProperties'
2020-03-14 21:56:42.973 [main] DEBUG o.s.b.f.s.DefaultListableBeanFactory - Returning cached instance of singleton bean 'org.springframework.boot.autoconfigure.condition.BeanTypeRegistry'
2020-03-14 21:56:42.973 [main] DEBUG o.s.b.f.s.DefaultListableBeanFactory - Returning cached instance of singleton bean 'configurationPropertiesBeans'
2020-03-14 21:56:42.973 [main] DEBUG o.s.b.f.s.DefaultListableBeanFactory - Creating shared instance of singleton bean 'configurationPropertiesRebinder'
2020-03-14 21:56:42.973 [main] DEBUG o.s.b.f.s.DefaultListableBeanFactory - Creating instance of bean 'configurationPropertiesRebinder'
2020-03-14 21:56:42.973 [main] DEBUG o.s.b.f.s.DefaultListableBeanFactory - Returning cached instance of singleton bean 'configurationPropertiesRebinderAutoConfiguration'
2020-03-14 21:56:42.974 [main] DEBUG o.s.b.f.s.DefaultListableBeanFactory - Returning cached instance of singleton bean 'configurationPropertiesBeans'
2020-03-14 21:56:42.978 [main] DEBUG o.s.b.f.s.DefaultListableBeanFactory - Autowiring by type from bean name 'configurationPropertiesRebinder' via factory method to bean named 'configurationPropertiesBeans'
2020-03-14 21:56:42.983 [main] DEBUG o.s.b.f.s.DefaultListableBeanFactory - Eagerly caching bean 'configurationPropertiesRebinder' to allow for resolving potential circular references
2020-03-14 21:56:42.994 [main] DEBUG o.s.b.f.s.DefaultListableBeanFactory - Finished creating instance of bean 'configurationPropertiesRebinder'
2020-03-14 21:56:42.995 [main] DEBUG o.s.b.f.s.DefaultListableBeanFactory - Returning cached instance of singleton bean 'propertySourcesPlaceholderConfigurer'
2020-03-14 21:56:42.996 [main] DEBUG o.s.b.f.s.DefaultListableBeanFactory - Returning cached instance of singleton bean 'org.springframework.context.event.internalEventListenerFactory'
2020-03-14 21:56:43.033 [main] DEBUG o.s.c.a.AnnotationConfigApplicationContext - Unable to locate LifecycleProcessor with name 'lifecycleProcessor': using default [org.springframework.context.support.DefaultLifecycleProcessor@6d366c9b]
2020-03-14 21:56:43.034 [main] DEBUG o.s.b.f.s.DefaultListableBeanFactory - Returning cached instance of singleton bean 'lifecycleProcessor'
2020-03-14 21:56:43.038 [main] DEBUG o.s.b.f.s.DefaultListableBeanFactory - Returning cached instance of singleton bean 'org.springframework.boot.autoconfigure.internalCachingMetadataReaderFactory'
2020-03-14 21:56:43.050 [main] DEBUG o.s.b.a.l.ConditionEvaluationReportLoggingListener - 


============================
CONDITIONS EVALUATION REPORT
============================


Positive matches:
-----------------

   ConfigurationPropertiesRebinderAutoConfiguration matched:
      - @ConditionalOnBean (types: org.springframework.boot.context.properties.ConfigurationPropertiesBindingPostProcessor; SearchStrategy: all) found bean 'org.springframework.boot.context.properties.ConfigurationPropertiesBindingPostProcessor' (OnBeanCondition)

   ConfigurationPropertiesRebinderAutoConfiguration#configurationPropertiesBeans matched:
      - @ConditionalOnMissingBean (types: org.springframework.cloud.context.properties.ConfigurationPropertiesBeans; SearchStrategy: current) did not find any beans (OnBeanCondition)

   ConfigurationPropertiesRebinderAutoConfiguration#configurationPropertiesRebinder matched:
      - @ConditionalOnMissingBean (types: org.springframework.cloud.context.properties.ConfigurationPropertiesRebinder; SearchStrategy: current) did not find any beans (OnBeanCondition)

   EncryptionBootstrapConfiguration matched:
      - @ConditionalOnClass found required class 'org.springframework.security.crypto.encrypt.TextEncryptor'; @ConditionalOnMissingClass did not find unwanted class (OnClassCondition)

   PropertyPlaceholderAutoConfiguration#propertySourcesPlaceholderConfigurer matched:
      - @ConditionalOnMissingBean (types: org.springframework.context.support.PropertySourcesPlaceholderConfigurer; SearchStrategy: current) did not find any beans (OnBeanCondition)


Negative matches:
-----------------

   EncryptionBootstrapConfiguration.RsaEncryptionConfiguration:
      Did not match:
         - Keystore nor key found in Environment (EncryptionBootstrapConfiguration.KeyCondition)
      Matched:
         - @ConditionalOnClass found required class 'org.springframework.security.rsa.crypto.RsaSecretEncryptor'; @ConditionalOnMissingClass did not find unwanted class (OnClassCondition)

   EncryptionBootstrapConfiguration.VanillaEncryptionConfiguration:
      Did not match:
         - @ConditionalOnMissingClass found unwanted class 'org.springframework.security.rsa.crypto.RsaSecretEncryptor' (OnClassCondition)


Exclusions:
-----------

    None


Unconditional classes:
----------------------

    None



2020-03-14 21:56:43.057 [main] DEBUG o.s.c.e.PropertySourcesPropertyResolver - Could not find key 'spring.liveBeansView.mbeanDomain' in any property source
2020-03-14 21:56:43.069 [main] DEBUG o.s.core.env.StandardEnvironment - Removing PropertySource 'bootstrap'
2020-03-14 21:56:43.070 [main] DEBUG o.s.core.env.StandardEnvironment - Removing PropertySource 'springCloudClientHostInfo'
2020-03-14 21:56:43.071 [main] DEBUG o.s.core.env.StandardEnvironment - Adding PropertySource 'defaultProperties' with lowest search precedence
2020-03-14 21:56:43.071 [main] DEBUG o.s.core.env.StandardEnvironment - Adding PropertySource 'defaultProperties' with lowest search precedence
2020-03-14 21:56:43.072 [main] DEBUG o.s.b.f.s.DefaultListableBeanFactory - Returning cached instance of singleton bean 'propertySourceBootstrapConfiguration'
2020-03-14 21:56:43.072 [main] DEBUG o.s.b.f.s.DefaultListableBeanFactory - Returning cached instance of singleton bean 'environmentDecryptApplicationListener'
2020-03-14 21:56:44.594 [main] DEBUG o.s.c.e.PropertySourcesPropertyResolver - Could not find key 'logging.register-shutdown-hook' in any property source
2020-03-14 21:56:44.595 [main] DEBUG o.s.b.c.l.ClasspathLoggingApplicationListener - Application started with classpath: [file:/C:/Users/wangb/AppData/Local/Temp/surefire5324342515423551962/surefirebooter5243460830507094447.jar]
2020-03-14 21:56:44.595 [main] DEBUG o.s.c.e.PropertySourcesPropertyResolver - Could not find key 'context.listener.classes' in any property source
2020-03-14 21:56:44.596 [main] DEBUG o.s.core.env.StandardEnvironment - Removing PropertySource 'configurationProperties'
2020-03-14 21:56:44.596 [main] DEBUG o.s.core.env.StandardEnvironment - Adding PropertySource 'configurationProperties' with highest search precedence
2020-03-14 21:56:44.599 [main] DEBUG o.s.c.e.PropertySourcesPropertyResolver - Could not find key 'spring.banner.image.location' in any property source
2020-03-14 21:56:44.601 [main] DEBUG o.s.c.e.PropertySourcesPropertyResolver - Could not find key 'spring.banner.location' in any property source

  .   ____          _            __ _ _
 /\\ / ___'_ __ _ _(_)_ __  __ _ \ \ \ \
( ( )\___ | '_ | '_| | '_ \/ _` | \ \ \ \
 \\/  ___)| |_)| | | | | || (_| |  ) ) ) )
  '  |____| .__|_| |_|_| |_\__, | / / / /
 =========|_|==============|___/=/_/_/_/
 :: Spring Boot ::        (v2.0.1.RELEASE)

2020-03-14 21:56:44.609 [main] DEBUG o.s.w.c.s.StandardServletEnvironment - Adding PropertySource 'servletConfigInitParams' with lowest search precedence
2020-03-14 21:56:44.609 [main] DEBUG o.s.w.c.s.StandardServletEnvironment - Adding PropertySource 'servletContextInitParams' with lowest search precedence
2020-03-14 21:56:44.614 [main] DEBUG o.s.w.c.s.StandardServletEnvironment - Adding PropertySource 'systemProperties' with lowest search precedence
2020-03-14 21:56:44.614 [main] DEBUG o.s.w.c.s.StandardServletEnvironment - Adding PropertySource 'systemEnvironment' with lowest search precedence
2020-03-14 21:56:44.616 [main] DEBUG o.s.w.c.s.StandardServletEnvironment - Initialized StandardServletEnvironment with PropertySources [StubPropertySource@156711739 {name='servletConfigInitParams', properties=java.lang.Object@67427b69}, StubPropertySource@2017860548 {name='servletContextInitParams', properties=java.lang.Object@544630b7}, MapPropertySource@1693997031 {name='systemProperties', properties={idea.version=2017.1.2, java.runtime.name=Java(TM) SE Runtime Environment, sun.boot.library.path=C:\Program Files\Java\jdk1.8.0_91\jre\bin, java.vm.version=25.91-b14, java.vm.vendor=Oracle Corporation, java.vendor.url=http://java.oracle.com/, path.separator=;, java.vm.name=Java HotSpot(TM) 64-Bit Server VM, file.encoding.pkg=sun.io, user.country=CN, user.script=, sun.java.launcher=SUN_STANDARD, sun.os.patch.level=, PID=10228, java.vm.specification.name=Java Virtual Machine Specification, user.dir=E:\1704A\hdServiceCode\nm-service-manage-course, java.runtime.version=1.8.0_91-b14, basedir=E:\1704A\hdServiceCode\nm-service-manage-course, java.awt.graphicsenv=sun.awt.Win32GraphicsEnvironment, java.endorsed.dirs=C:\Program Files\Java\jdk1.8.0_91\jre\lib\endorsed, os.arch=amd64, surefire.real.class.path=C:\Users\wangb\AppData\Local\Temp\surefire5324342515423551962\surefirebooter5243460830507094447.jar, java.io.tmpdir=C:\Users\wangb\AppData\Local\Temp\, line.separator=
, java.vm.specification.vendor=Oracle Corporation, user.variant=, os.name=Windows 10, sun.jnu.encoding=GBK, spring.beaninfo.ignore=true, java.library.path=C:\Program Files\Java\jdk1.8.0_91\jre\bin;C:\WINDOWS\Sun\Java\bin;C:\WINDOWS\system32;C:\WINDOWS;E:\app\wangb\product\11.2.0\dbhome_1\bin;E:\maven\apache-maven-3.6.1\bin;C:\Program Files\Java\jdk1.8.0_91\bin;C:\Program Files (x86)\Intel\iCLS Client\;C:\Program Files\Intel\iCLS Client\;C:\Windows\system32;C:\Windows;C:\Windows\System32\Wbem;C:\Windows\System32\WindowsPowerShell\v1.0\;C:\Program Files (x86)\NVIDIA Corporation\PhysX\Common;C:\Program Files (x86)\Intel\Intel(R) Management Engine Components\DAL;C:\Program Files\Intel\Intel(R) Management Engine Components\DAL;C:\Program Files (x86)\Intel\Intel(R) Management Engine Components\IPT;C:\Program Files\Intel\Intel(R) Management Engine Components\IPT;C:\WINDOWS\system32;C:\WINDOWS;C:\WINDOWS\System32\Wbem;C:\WINDOWS\System32\WindowsPowerShell\v1.0\;C:\WINDOWS\System32\OpenSSH\;C:\Program Files\MySQL\MySQL Server 5.5\bin;E:\nodejs\;E:\Git\cmd;E:\Mp4\ffmpeg-20180227-fa0c9d6-win64-static\bin;C:\Users\wangb\AppData\Local\Microsoft\WindowsApps;C:\Users\wangb\AppData\Roaming\npm;E:\Microsoft VS Code\bin;., surefire.test.class.path=E:\1704A\hdServiceCode\nm-service-manage-course\target\test-classes;E:\1704A\hdServiceCode\nm-service-manage-course\target\classes;E:\1704A\repository\org\springframework\cloud\spring-cloud-starter-oauth2\2.0.0.RELEASE\spring-cloud-starter-oauth2-2.0.0.RELEASE.jar;E:\1704A\repository\org\springframework\cloud\spring-cloud-starter-security\2.0.0.RELEASE\spring-cloud-starter-security-2.0.0.RELEASE.jar;E:\1704A\repository\org\springframework\boot\spring-boot-starter-actuator\2.0.1.RELEASE\spring-boot-starter-actuator-2.0.1.RELEASE.jar;E:\1704A\repository\org\springframework\boot\spring-boot-actuator-autoconfigure\2.0.1.RELEASE\spring-boot-actuator-autoconfigure-2.0.1.RELEASE.jar;E:\1704A\repository\org\springframework\boot\spring-boot-actuator\2.0.1.RELEASE\spring-boot-actuator-2.0.1.RELEASE.jar;E:\1704A\repository\io\micrometer\micrometer-core\1.0.3\micrometer-core-1.0.3.jar;E:\1704A\repository\org\latencyutils\LatencyUtils\2.0.3\LatencyUtils-2.0.3.jar;E:\1704A\repository\org\springframework\cloud\spring-cloud-security\2.0.0.RELEASE\spring-cloud-security-2.0.0.RELEASE.jar;E:\1704A\repository\org\springframework\boot\spring-boot-starter-security\2.0.1.RELEASE\spring-boot-starter-security-2.0.1.RELEASE.jar;E:\1704A\repository\org\springframework\security\oauth\boot\spring-security-oauth2-autoconfigure\2.0.0.RELEASE\spring-security-oauth2-autoconfigure-2.0.0.RELEASE.jar;E:\1704A\repository\com\fasterxml\jackson\core\jackson-annotations\2.9.0\jackson-annotations-2.9.0.jar;E:\1704A\repository\com\fasterxml\jackson\core\jackson-databind\2.9.5\jackson-databind-2.9.5.jar;E:\1704A\repository\org\springframework\boot\spring-boot\2.0.1.RELEASE\spring-boot-2.0.1.RELEASE.jar;E:\1704A\repository\org\springframework\security\oauth\spring-security-oauth2\2.2.1.RELEASE\spring-security-oauth2-2.2.1.RELEASE.jar;E:\1704A\repository\org\springframework\security\spring-security-core\5.0.4.RELEASE\spring-security-core-5.0.4.RELEASE.jar;E:\1704A\repository\org\springframework\security\spring-security-config\5.0.4.RELEASE\spring-security-config-5.0.4.RELEASE.jar;E:\1704A\repository\org\springframework\security\spring-security-web\5.0.4.RELEASE\spring-security-web-5.0.4.RELEASE.jar;E:\1704A\repository\org\codehaus\jackson\jackson-mapper-asl\1.9.13\jackson-mapper-asl-1.9.13.jar;E:\1704A\repository\org\codehaus\jackson\jackson-core-asl\1.9.13\jackson-core-asl-1.9.13.jar;E:\1704A\repository\com\github\pagehelper\pagehelper-spring-boot-starter\1.2.4\pagehelper-spring-boot-starter-1.2.4.jar;E:\1704A\repository\org\springframework\boot\spring-boot-starter\2.0.1.RELEASE\spring-boot-starter-2.0.1.RELEASE.jar;E:\1704A\repository\javax\annotation\javax.annotation-api\1.3.2\javax.annotation-api-1.3.2.jar;E:\1704A\repository\org\yaml\snakeyaml\1.19\snakeyaml-1.19.jar;E:\1704A\repository\com\github\pagehelper\pagehelper-spring-boot-autoconfigure\1.2.4\pagehelper-spring-boot-autoconfigure-1.2.4.jar;E:\1704A\repository\com\github\pagehelper\pagehelper\5.1.3\pagehelper-5.1.3.jar;E:\1704A\repository\com\github\jsqlparser\jsqlparser\1.0\jsqlparser-1.0.jar;E:\1704A\hdServiceCode\nm-service-api\target\nm-service-api.jar;E:\1704A\repository\commons-fileupload\commons-fileupload\1.3.3\commons-fileupload-1.3.3.jar;E:\1704A\repository\io\springfox\springfox-swagger2\2.7.0\springfox-swagger2-2.7.0.jar;E:\1704A\repository\io\swagger\swagger-annotations\1.5.13\swagger-annotations-1.5.13.jar;E:\1704A\repository\io\swagger\swagger-models\1.5.13\swagger-models-1.5.13.jar;E:\1704A\repository\io\springfox\springfox-spi\2.7.0\springfox-spi-2.7.0.jar;E:\1704A\repository\io\springfox\springfox-core\2.7.0\springfox-core-2.7.0.jar;E:\1704A\repository\io\springfox\springfox-schema\2.7.0\springfox-schema-2.7.0.jar;E:\1704A\repository\io\springfox\springfox-swagger-common\2.7.0\springfox-swagger-common-2.7.0.jar;E:\1704A\repository\io\springfox\springfox-spring-web\2.7.0\springfox-spring-web-2.7.0.jar;E:\1704A\repository\org\reflections\reflections\0.9.11\reflections-0.9.11.jar;E:\1704A\repository\com\fasterxml\classmate\1.3.4\classmate-1.3.4.jar;E:\1704A\repository\org\springframework\plugin\spring-plugin-core\1.2.0.RELEASE\spring-plugin-core-1.2.0.RELEASE.jar;E:\1704A\repository\org\springframework\plugin\spring-plugin-metadata\1.2.0.RELEASE\spring-plugin-metadata-1.2.0.RELEASE.jar;E:\1704A\repository\org\mapstruct\mapstruct\1.1.0.Final\mapstruct-1.1.0.Final.jar;E:\1704A\repository\io\springfox\springfox-swagger-ui\2.7.0\springfox-swagger-ui-2.7.0.jar;E:\1704A\hdServiceCode\nm-framework-model\target\nm-framework-model.jar;E:\1704A\repository\org\projectlombok\lombok\1.16.16\lombok-1.16.16.jar;E:\1704A\repository\org\springframework\data\spring-data-commons\2.0.6.RELEASE\spring-data-commons-2.0.6.RELEASE.jar;E:\1704A\repository\org\springframework\data\spring-data-mongodb\2.0.6.RELEASE\spring-data-mongodb-2.0.6.RELEASE.jar;E:\1704A\repository\org\springframework\spring-context\5.0.5.RELEASE\spring-context-5.0.5.RELEASE.jar;E:\1704A\repository\org\springframework\spring-expression\5.0.5.RELEASE\spring-expression-5.0.5.RELEASE.jar;E:\1704A\repository\org\mongodb\mongo-java-driver\3.6.3\mongo-java-driver-3.6.3.jar;E:\1704A\repository\org\hibernate\hibernate-core\5.2.16.Final\hibernate-core-5.2.16.Final.jar;E:\1704A\repository\org\jboss\logging\jboss-logging\3.3.2.Final\jboss-logging-3.3.2.Final.jar;E:\1704A\repository\org\hibernate\javax\persistence\hibernate-jpa-2.1-api\1.0.0.Final\hibernate-jpa-2.1-api-1.0.0.Final.jar;E:\1704A\repository\org\javassist\javassist\3.22.0-GA\javassist-3.22.0-GA.jar;E:\1704A\repository\antlr\antlr\2.7.7\antlr-2.7.7.jar;E:\1704A\repository\org\jboss\spec\javax\transaction\jboss-transaction-api_1.2_spec\1.0.1.Final\jboss-transaction-api_1.2_spec-1.0.1.Final.jar;E:\1704A\repository\org\jboss\jandex\2.0.3.Final\jandex-2.0.3.Final.jar;E:\1704A\repository\dom4j\dom4j\1.6.1\dom4j-1.6.1.jar;E:\1704A\repository\org\hibernate\common\hibernate-commons-annotations\5.0.1.Final\hibernate-commons-annotations-5.0.1.Final.jar;E:\1704A\repository\com\google\guava\guava\24.0-jre\guava-24.0-jre.jar;E:\1704A\repository\com\google\code\findbugs\jsr305\1.3.9\jsr305-1.3.9.jar;E:\1704A\repository\org\checkerframework\checker-compat-qual\2.0.0\checker-compat-qual-2.0.0.jar;E:\1704A\repository\com\google\errorprone\error_prone_annotations\2.1.3\error_prone_annotations-2.1.3.jar;E:\1704A\repository\com\google\j2objc\j2objc-annotations\1.1\j2objc-annotations-1.1.jar;E:\1704A\repository\org\codehaus\mojo\animal-sniffer-annotations\1.14\animal-sniffer-annotations-1.14.jar;E:\1704A\hdServiceCode\nm-framework-utils\target\nm-framework-utils.jar;E:\1704A\repository\javax\servlet\javax.servlet-api\3.1.0\javax.servlet-api-3.1.0.jar;E:\1704A\repository\org\springframework\boot\spring-boot-starter-logging\2.0.1.RELEASE\spring-boot-starter-logging-2.0.1.RELEASE.jar;E:\1704A\repository\ch\qos\logback\logback-classic\1.2.3\logback-classic-1.2.3.jar;E:\1704A\repository\ch\qos\logback\logback-core\1.2.3\logback-core-1.2.3.jar;E:\1704A\repository\org\apache\logging\log4j\log4j-to-slf4j\2.10.0\log4j-to-slf4j-2.10.0.jar;E:\1704A\repository\org\apache\logging\log4j\log4j-api\2.10.0\log4j-api-2.10.0.jar;E:\1704A\repository\org\slf4j\jul-to-slf4j\1.7.25\jul-to-slf4j-1.7.25.jar;E:\1704A\repository\org\apache\httpcomponents\httpclient\4.5.5\httpclient-4.5.5.jar;E:\1704A\repository\org\apache\httpcomponents\httpcore\4.4.9\httpcore-4.4.9.jar;E:\1704A\repository\commons-codec\commons-codec\1.10\commons-codec-1.10.jar;E:\1704A\repository\net\lingala\zip4j\zip4j\1.3.1\zip4j-1.3.1.jar;E:\1704A\repository\org\springframework\security\spring-security-crypto\5.0.4.RELEASE\spring-security-crypto-5.0.4.RELEASE.jar;E:\1704A\repository\org\springframework\security\spring-security-jwt\1.0.8.RELEASE\spring-security-jwt-1.0.8.RELEASE.jar;E:\1704A\repository\org\bouncycastle\bcpkix-jdk15on\1.56\bcpkix-jdk15on-1.56.jar;E:\1704A\repository\org\bouncycastle\bcprov-jdk15on\1.56\bcprov-jdk15on-1.56.jar;E:\1704A\hdServiceCode\nm-framework-common\target\nm-framework-common.jar;E:\1704A\repository\org\springframework\spring-web\5.0.5.RELEASE\spring-web-5.0.5.RELEASE.jar;E:\1704A\repository\org\springframework\boot\spring-boot-starter-web\2.0.1.RELEASE\spring-boot-starter-web-2.0.1.RELEASE.jar;E:\1704A\repository\org\springframework\boot\spring-boot-starter-json\2.0.1.RELEASE\spring-boot-starter-json-2.0.1.RELEASE.jar;E:\1704A\repository\com\fasterxml\jackson\datatype\jackson-datatype-jdk8\2.9.5\jackson-datatype-jdk8-2.9.5.jar;E:\1704A\repository\com\fasterxml\jackson\datatype\jackson-datatype-jsr310\2.9.5\jackson-datatype-jsr310-2.9.5.jar;E:\1704A\repository\com\fasterxml\jackson\module\jackson-module-parameter-names\2.9.5\jackson-module-parameter-names-2.9.5.jar;E:\1704A\repository\org\springframework\boot\spring-boot-starter-tomcat\2.0.1.RELEASE\spring-boot-starter-tomcat-2.0.1.RELEASE.jar;E:\1704A\repository\org\apache\tomcat\embed\tomcat-embed-core\8.5.28\tomcat-embed-core-8.5.28.jar;E:\1704A\repository\org\apache\tomcat\embed\tomcat-embed-el\8.5.28\tomcat-embed-el-8.5.28.jar;E:\1704A\repository\org\apache\tomcat\embed\tomcat-embed-websocket\8.5.28\tomcat-embed-websocket-8.5.28.jar;E:\1704A\repository\org\hibernate\validator\hibernate-validator\6.0.9.Final\hibernate-validator-6.0.9.Final.jar;E:\1704A\repository\javax\validation\validation-api\2.0.1.Final\validation-api-2.0.1.Final.jar;E:\1704A\repository\org\springframework\spring-webmvc\5.0.5.RELEASE\spring-webmvc-5.0.5.RELEASE.jar;E:\1704A\repository\org\springframework\spring-aop\5.0.5.RELEASE\spring-aop-5.0.5.RELEASE.jar;E:\1704A\repository\mysql\mysql-connector-java\5.1.40\mysql-connector-java-5.1.40.jar;E:\1704A\repository\com\alibaba\druid-spring-boot-starter\1.1.10\druid-spring-boot-starter-1.1.10.jar;E:\1704A\repository\com\alibaba\druid\1.1.6\druid-1.1.6.jar;E:\1704A\repository\org\slf4j\slf4j-api\1.7.25\slf4j-api-1.7.25.jar;E:\1704A\repository\org\springframework\boot\spring-boot-autoconfigure\2.0.1.RELEASE\spring-boot-autoconfigure-2.0.1.RELEASE.jar;E:\1704A\repository\org\mybatis\spring\boot\mybatis-spring-boot-starter\1.3.1\mybatis-spring-boot-starter-1.3.1.jar;E:\1704A\repository\org\springframework\boot\spring-boot-starter-jdbc\2.0.1.RELEASE\spring-boot-starter-jdbc-2.0.1.RELEASE.jar;E:\1704A\repository\com\zaxxer\HikariCP\2.7.8\HikariCP-2.7.8.jar;E:\1704A\repository\org\mybatis\spring\boot\mybatis-spring-boot-autoconfigure\1.3.1\mybatis-spring-boot-autoconfigure-1.3.1.jar;E:\1704A\repository\org\mybatis\mybatis\3.4.5\mybatis-3.4.5.jar;E:\1704A\repository\org\mybatis\mybatis-spring\1.3.1\mybatis-spring-1.3.1.jar;E:\1704A\repository\org\springframework\spring-orm\5.0.5.RELEASE\spring-orm-5.0.5.RELEASE.jar;E:\1704A\repository\org\springframework\spring-beans\5.0.5.RELEASE\spring-beans-5.0.5.RELEASE.jar;E:\1704A\repository\org\springframework\spring-core\5.0.5.RELEASE\spring-core-5.0.5.RELEASE.jar;E:\1704A\repository\org\springframework\spring-jcl\5.0.5.RELEASE\spring-jcl-5.0.5.RELEASE.jar;E:\1704A\repository\org\springframework\spring-jdbc\5.0.5.RELEASE\spring-jdbc-5.0.5.RELEASE.jar;E:\1704A\repository\org\springframework\spring-tx\5.0.5.RELEASE\spring-tx-5.0.5.RELEASE.jar;E:\1704A\repository\org\springframework\boot\spring-boot-starter-data-jpa\2.0.1.RELEASE\spring-boot-starter-data-jpa-2.0.1.RELEASE.jar;E:\1704A\repository\org\springframework\boot\spring-boot-starter-aop\2.0.1.RELEASE\spring-boot-starter-aop-2.0.1.RELEASE.jar;E:\1704A\repository\org\aspectj\aspectjweaver\1.8.13\aspectjweaver-1.8.13.jar;E:\1704A\repository\javax\transaction\javax.transaction-api\1.2\javax.transaction-api-1.2.jar;E:\1704A\repository\org\springframework\data\spring-data-jpa\2.0.6.RELEASE\spring-data-jpa-2.0.6.RELEASE.jar;E:\1704A\repository\org\springframework\spring-aspects\5.0.5.RELEASE\spring-aspects-5.0.5.RELEASE.jar;E:\1704A\repository\com\squareup\okhttp3\okhttp\3.9.1\okhttp-3.9.1.jar;E:\1704A\repository\com\squareup\okio\okio\1.13.0\okio-1.13.0.jar;E:\1704A\repository\com\alibaba\fastjson\1.2.30\fastjson-1.2.30.jar;E:\1704A\repository\commons-io\commons-io\2.6\commons-io-2.6.jar;E:\1704A\repository\org\apache\commons\commons-lang3\3.6\commons-lang3-3.6.jar;E:\1704A\repository\org\springframework\boot\spring-boot-starter-test\2.0.1.RELEASE\spring-boot-starter-test-2.0.1.RELEASE.jar;E:\1704A\repository\org\springframework\boot\spring-boot-test\2.0.1.RELEASE\spring-boot-test-2.0.1.RELEASE.jar;E:\1704A\repository\org\springframework\boot\spring-boot-test-autoconfigure\2.0.1.RELEASE\spring-boot-test-autoconfigure-2.0.1.RELEASE.jar;E:\1704A\repository\com\jayway\jsonpath\json-path\2.4.0\json-path-2.4.0.jar;E:\1704A\repository\net\minidev\json-smart\2.3\json-smart-2.3.jar;E:\1704A\repository\net\minidev\accessors-smart\1.2\accessors-smart-1.2.jar;E:\1704A\repository\org\ow2\asm\asm\5.0.4\asm-5.0.4.jar;E:\1704A\repository\junit\junit\4.12\junit-4.12.jar;E:\1704A\repository\org\assertj\assertj-core\3.9.1\assertj-core-3.9.1.jar;E:\1704A\repository\org\mockito\mockito-core\2.15.0\mockito-core-2.15.0.jar;E:\1704A\repository\net\bytebuddy\byte-buddy\1.7.11\byte-buddy-1.7.11.jar;E:\1704A\repository\net\bytebuddy\byte-buddy-agent\1.7.11\byte-buddy-agent-1.7.11.jar;E:\1704A\repository\org\objenesis\objenesis\2.6\objenesis-2.6.jar;E:\1704A\repository\org\hamcrest\hamcrest-core\1.3\hamcrest-core-1.3.jar;E:\1704A\repository\org\hamcrest\hamcrest-library\1.3\hamcrest-library-1.3.jar;E:\1704A\repository\org\skyscreamer\jsonassert\1.5.0\jsonassert-1.5.0.jar;E:\1704A\repository\com\vaadin\external\google\android-json\0.0.20131108.vaadin1\android-json-0.0.20131108.vaadin1.jar;E:\1704A\repository\org\springframework\spring-test\5.0.5.RELEASE\spring-test-5.0.5.RELEASE.jar;E:\1704A\repository\org\xmlunit\xmlunit-core\2.5.1\xmlunit-core-2.5.1.jar;E:\1704A\repository\org\springframework\cloud\spring-cloud-starter-netflix-eureka-client\2.0.1.RELEASE\spring-cloud-starter-netflix-eureka-client-2.0.1.RELEASE.jar;E:\1704A\repository\org\springframework\cloud\spring-cloud-starter\2.0.1.RELEASE\spring-cloud-starter-2.0.1.RELEASE.jar;E:\1704A\repository\org\springframework\cloud\spring-cloud-context\2.0.1.RELEASE\spring-cloud-context-2.0.1.RELEASE.jar;E:\1704A\repository\org\springframework\security\spring-security-rsa\1.0.5.RELEASE\spring-security-rsa-1.0.5.RELEASE.jar;E:\1704A\repository\org\springframework\cloud\spring-cloud-netflix-core\2.0.1.RELEASE\spring-cloud-netflix-core-2.0.1.RELEASE.jar;E:\1704A\repository\org\springframework\cloud\spring-cloud-netflix-eureka-client\2.0.1.RELEASE\spring-cloud-netflix-eureka-client-2.0.1.RELEASE.jar;E:\1704A\repository\com\netflix\eureka\eureka-client\1.9.3\eureka-client-1.9.3.jar;E:\1704A\repository\org\codehaus\jettison\jettison\1.3.7\jettison-1.3.7.jar;E:\1704A\repository\stax\stax-api\1.0.1\stax-api-1.0.1.jar;E:\1704A\repository\com\netflix\netflix-commons\netflix-eventbus\0.3.0\netflix-eventbus-0.3.0.jar;E:\1704A\repository\com\netflix\netflix-commons\netflix-infix\0.3.0\netflix-infix-0.3.0.jar;E:\1704A\repository\commons-jxpath\commons-jxpath\1.3\commons-jxpath-1.3.jar;E:\1704A\repository\joda-time\joda-time\2.9.9\joda-time-2.9.9.jar;E:\1704A\repository\org\antlr\antlr-runtime\3.4\antlr-runtime-3.4.jar;E:\1704A\repository\org\antlr\stringtemplate\3.2.1\stringtemplate-3.2.1.jar;E:\1704A\repository\com\google\code\gson\gson\2.8.2\gson-2.8.2.jar;E:\1704A\repository\org\apache\commons\commons-math\2.2\commons-math-2.2.jar;E:\1704A\repository\com\netflix\archaius\archaius-core\0.7.6\archaius-core-0.7.6.jar;E:\1704A\repository\javax\ws\rs\jsr311-api\1.1.1\jsr311-api-1.1.1.jar;E:\1704A\repository\com\netflix\servo\servo-core\0.12.21\servo-core-0.12.21.jar;E:\1704A\repository\com\sun\jersey\jersey-core\1.19.1\jersey-core-1.19.1.jar;E:\1704A\repository\com\sun\jersey\jersey-client\1.19.1\jersey-client-1.19.1.jar;E:\1704A\repository\com\sun\jersey\contribs\jersey-apache-client4\1.19.1\jersey-apache-client4-1.19.1.jar;E:\1704A\repository\com\google\inject\guice\4.1.0\guice-4.1.0.jar;E:\1704A\repository\javax\inject\javax.inject\1\javax.inject-1.jar;E:\1704A\repository\aopalliance\aopalliance\1.0\aopalliance-1.0.jar;E:\1704A\repository\com\github\vlsi\compactmap\compactmap\1.2.1\compactmap-1.2.1.jar;E:\1704A\repository\com\github\andrewoma\dexx\dexx-collections\0.2\dexx-collections-0.2.jar;E:\1704A\repository\com\fasterxml\jackson\core\jackson-core\2.9.5\jackson-core-2.9.5.jar;E:\1704A\repository\com\netflix\eureka\eureka-core\1.9.3\eureka-core-1.9.3.jar;E:\1704A\repository\org\codehaus\woodstox\woodstox-core-asl\4.4.1\woodstox-core-asl-4.4.1.jar;E:\1704A\repository\javax\xml\stream\stax-api\1.0-2\stax-api-1.0-2.jar;E:\1704A\repository\org\codehaus\woodstox\stax2-api\3.1.4\stax2-api-3.1.4.jar;E:\1704A\repository\org\springframework\cloud\spring-cloud-starter-netflix-archaius\2.0.1.RELEASE\spring-cloud-starter-netflix-archaius-2.0.1.RELEASE.jar;E:\1704A\repository\org\springframework\cloud\spring-cloud-netflix-ribbon\2.0.1.RELEASE\spring-cloud-netflix-ribbon-2.0.1.RELEASE.jar;E:\1704A\repository\org\springframework\cloud\spring-cloud-netflix-archaius\2.0.1.RELEASE\spring-cloud-netflix-archaius-2.0.1.RELEASE.jar;E:\1704A\repository\commons-configuration\commons-configuration\1.8\commons-configuration-1.8.jar;E:\1704A\repository\commons-lang\commons-lang\2.6\commons-lang-2.6.jar;E:\1704A\repository\org\springframework\cloud\spring-cloud-starter-netflix-ribbon\2.0.1.RELEASE\spring-cloud-starter-netflix-ribbon-2.0.1.RELEASE.jar;E:\1704A\repository\com\netflix\ribbon\ribbon\2.2.5\ribbon-2.2.5.jar;E:\1704A\repository\com\netflix\ribbon\ribbon-transport\2.2.5\ribbon-transport-2.2.5.jar;E:\1704A\repository\io\reactivex\rxnetty-contexts\0.4.9\rxnetty-contexts-0.4.9.jar;E:\1704A\repository\io\reactivex\rxnetty-servo\0.4.9\rxnetty-servo-0.4.9.jar;E:\1704A\repository\io\reactivex\rxnetty\0.4.9\rxnetty-0.4.9.jar;E:\1704A\repository\io\netty\netty-codec-http\4.1.23.Final\netty-codec-http-4.1.23.Final.jar;E:\1704A\repository\io\netty\netty-codec\4.1.23.Final\netty-codec-4.1.23.Final.jar;E:\1704A\repository\io\netty\netty-transport-native-epoll\4.1.23.Final\netty-transport-native-epoll-4.1.23.Final.jar;E:\1704A\repository\io\netty\netty-common\4.1.23.Final\netty-common-4.1.23.Final.jar;E:\1704A\repository\io\netty\netty-buffer\4.1.23.Final\netty-buffer-4.1.23.Final.jar;E:\1704A\repository\io\netty\netty-transport-native-unix-common\4.1.23.Final\netty-transport-native-unix-common-4.1.23.Final.jar;E:\1704A\repository\io\netty\netty-transport\4.1.23.Final\netty-transport-4.1.23.Final.jar;E:\1704A\repository\io\netty\netty-resolver\4.1.23.Final\netty-resolver-4.1.23.Final.jar;E:\1704A\repository\com\netflix\ribbon\ribbon-core\2.2.5\ribbon-core-2.2.5.jar;E:\1704A\repository\com\netflix\ribbon\ribbon-httpclient\2.2.5\ribbon-httpclient-2.2.5.jar;E:\1704A\repository\commons-collections\commons-collections\3.2.2\commons-collections-3.2.2.jar;E:\1704A\repository\com\netflix\netflix-commons\netflix-commons-util\0.3.0\netflix-commons-util-0.3.0.jar;E:\1704A\repository\com\netflix\ribbon\ribbon-loadbalancer\2.2.5\ribbon-loadbalancer-2.2.5.jar;E:\1704A\repository\com\netflix\netflix-commons\netflix-statistics\0.1.1\netflix-statistics-0.1.1.jar;E:\1704A\repository\io\reactivex\rxjava\1.3.8\rxjava-1.3.8.jar;E:\1704A\repository\com\netflix\ribbon\ribbon-eureka\2.2.5\ribbon-eureka-2.2.5.jar;E:\1704A\repository\com\thoughtworks\xstream\xstream\1.4.10\xstream-1.4.10.jar;E:\1704A\repository\xmlpull\xmlpull\1.1.3.1\xmlpull-1.1.3.1.jar;E:\1704A\repository\xpp3\xpp3_min\1.1.4c\xpp3_min-1.1.4c.jar;E:\1704A\repository\org\springframework\cloud\spring-cloud-starter-openfeign\2.0.1.RELEASE\spring-cloud-starter-openfeign-2.0.1.RELEASE.jar;E:\1704A\repository\org\springframework\cloud\spring-cloud-openfeign-core\2.0.1.RELEASE\spring-cloud-openfeign-core-2.0.1.RELEASE.jar;E:\1704A\repository\org\springframework\cloud\spring-cloud-commons\2.0.1.RELEASE\spring-cloud-commons-2.0.1.RELEASE.jar;E:\1704A\repository\io\github\openfeign\feign-core\9.5.1\feign-core-9.5.1.jar;E:\1704A\repository\io\github\openfeign\feign-slf4j\9.5.1\feign-slf4j-9.5.1.jar;E:\1704A\repository\io\github\openfeign\feign-hystrix\9.5.1\feign-hystrix-9.5.1.jar;E:\1704A\repository\com\netflix\hystrix\hystrix-core\1.5.12\hystrix-core-1.5.12.jar;E:\1704A\repository\org\hdrhistogram\HdrHistogram\2.1.9\HdrHistogram-2.1.9.jar;E:\1704A\repository\io\github\openfeign\feign-java8\9.5.1\feign-java8-9.5.1.jar;E:\1704A\repository\com\netflix\feign\feign-okhttp\8.18.0\feign-okhttp-8.18.0.jar;E:\1704A\repository\com\netflix\feign\feign-core\8.18.0\feign-core-8.18.0.jar;E:\1704A\repository\org\jvnet\animal-sniffer-annotation\1.0\animal-sniffer-annotation-1.0.jar;, java.specification.name=Java Platform API Specification, java.class.version=52.0, sun.management.compiler=HotSpot 64-Bit Tiered Compilers, maven.repo.local=E:\1704A\repository, os.version=10.0, user.home=C:\Users\wangb, user.timezone=Asia/Shanghai, java.awt.printerjob=sun.awt.windows.WPrinterJob, file.encoding=GBK, java.specification.version=1.8, java.class.path=E:\1704A\hdServiceCode\nm-service-manage-course\target\test-classes;E:\1704A\hdServiceCode\nm-service-manage-course\target\classes;E:\1704A\repository\org\springframework\cloud\spring-cloud-starter-oauth2\2.0.0.RELEASE\spring-cloud-starter-oauth2-2.0.0.RELEASE.jar;E:\1704A\repository\org\springframework\cloud\spring-cloud-starter-security\2.0.0.RELEASE\spring-cloud-starter-security-2.0.0.RELEASE.jar;E:\1704A\repository\org\springframework\boot\spring-boot-starter-actuator\2.0.1.RELEASE\spring-boot-starter-actuator-2.0.1.RELEASE.jar;E:\1704A\repository\org\springframework\boot\spring-boot-actuator-autoconfigure\2.0.1.RELEASE\spring-boot-actuator-autoconfigure-2.0.1.RELEASE.jar;E:\1704A\repository\org\springframework\boot\spring-boot-actuator\2.0.1.RELEASE\spring-boot-actuator-2.0.1.RELEASE.jar;E:\1704A\repository\io\micrometer\micrometer-core\1.0.3\micrometer-core-1.0.3.jar;E:\1704A\repository\org\latencyutils\LatencyUtils\2.0.3\LatencyUtils-2.0.3.jar;E:\1704A\repository\org\springframework\cloud\spring-cloud-security\2.0.0.RELEASE\spring-cloud-security-2.0.0.RELEASE.jar;E:\1704A\repository\org\springframework\boot\spring-boot-starter-security\2.0.1.RELEASE\spring-boot-starter-security-2.0.1.RELEASE.jar;E:\1704A\repository\org\springframework\security\oauth\boot\spring-security-oauth2-autoconfigure\2.0.0.RELEASE\spring-security-oauth2-autoconfigure-2.0.0.RELEASE.jar;E:\1704A\repository\com\fasterxml\jackson\core\jackson-annotations\2.9.0\jackson-annotations-2.9.0.jar;E:\1704A\repository\com\fasterxml\jackson\core\jackson-databind\2.9.5\jackson-databind-2.9.5.jar;E:\1704A\repository\org\springframework\boot\spring-boot\2.0.1.RELEASE\spring-boot-2.0.1.RELEASE.jar;E:\1704A\repository\org\springframework\security\oauth\spring-security-oauth2\2.2.1.RELEASE\spring-security-oauth2-2.2.1.RELEASE.jar;E:\1704A\repository\org\springframework\security\spring-security-core\5.0.4.RELEASE\spring-security-core-5.0.4.RELEASE.jar;E:\1704A\repository\org\springframework\security\spring-security-config\5.0.4.RELEASE\spring-security-config-5.0.4.RELEASE.jar;E:\1704A\repository\org\springframework\security\spring-security-web\5.0.4.RELEASE\spring-security-web-5.0.4.RELEASE.jar;E:\1704A\repository\org\codehaus\jackson\jackson-mapper-asl\1.9.13\jackson-mapper-asl-1.9.13.jar;E:\1704A\repository\org\codehaus\jackson\jackson-core-asl\1.9.13\jackson-core-asl-1.9.13.jar;E:\1704A\repository\com\github\pagehelper\pagehelper-spring-boot-starter\1.2.4\pagehelper-spring-boot-starter-1.2.4.jar;E:\1704A\repository\org\springframework\boot\spring-boot-starter\2.0.1.RELEASE\spring-boot-starter-2.0.1.RELEASE.jar;E:\1704A\repository\javax\annotation\javax.annotation-api\1.3.2\javax.annotation-api-1.3.2.jar;E:\1704A\repository\org\yaml\snakeyaml\1.19\snakeyaml-1.19.jar;E:\1704A\repository\com\github\pagehelper\pagehelper-spring-boot-autoconfigure\1.2.4\pagehelper-spring-boot-autoconfigure-1.2.4.jar;E:\1704A\repository\com\github\pagehelper\pagehelper\5.1.3\pagehelper-5.1.3.jar;E:\1704A\repository\com\github\jsqlparser\jsqlparser\1.0\jsqlparser-1.0.jar;E:\1704A\hdServiceCode\nm-service-api\target\nm-service-api.jar;E:\1704A\repository\commons-fileupload\commons-fileupload\1.3.3\commons-fileupload-1.3.3.jar;E:\1704A\repository\io\springfox\springfox-swagger2\2.7.0\springfox-swagger2-2.7.0.jar;E:\1704A\repository\io\swagger\swagger-annotations\1.5.13\swagger-annotations-1.5.13.jar;E:\1704A\repository\io\swagger\swagger-models\1.5.13\swagger-models-1.5.13.jar;E:\1704A\repository\io\springfox\springfox-spi\2.7.0\springfox-spi-2.7.0.jar;E:\1704A\repository\io\springfox\springfox-core\2.7.0\springfox-core-2.7.0.jar;E:\1704A\repository\io\springfox\springfox-schema\2.7.0\springfox-schema-2.7.0.jar;E:\1704A\repository\io\springfox\springfox-swagger-common\2.7.0\springfox-swagger-common-2.7.0.jar;E:\1704A\repository\io\springfox\springfox-spring-web\2.7.0\springfox-spring-web-2.7.0.jar;E:\1704A\repository\org\reflections\reflections\0.9.11\reflections-0.9.11.jar;E:\1704A\repository\com\fasterxml\classmate\1.3.4\classmate-1.3.4.jar;E:\1704A\repository\org\springframework\plugin\spring-plugin-core\1.2.0.RELEASE\spring-plugin-core-1.2.0.RELEASE.jar;E:\1704A\repository\org\springframework\plugin\spring-plugin-metadata\1.2.0.RELEASE\spring-plugin-metadata-1.2.0.RELEASE.jar;E:\1704A\repository\org\mapstruct\mapstruct\1.1.0.Final\mapstruct-1.1.0.Final.jar;E:\1704A\repository\io\springfox\springfox-swagger-ui\2.7.0\springfox-swagger-ui-2.7.0.jar;E:\1704A\hdServiceCode\nm-framework-model\target\nm-framework-model.jar;E:\1704A\repository\org\projectlombok\lombok\1.16.16\lombok-1.16.16.jar;E:\1704A\repository\org\springframework\data\spring-data-commons\2.0.6.RELEASE\spring-data-commons-2.0.6.RELEASE.jar;E:\1704A\repository\org\springframework\data\spring-data-mongodb\2.0.6.RELEASE\spring-data-mongodb-2.0.6.RELEASE.jar;E:\1704A\repository\org\springframework\spring-context\5.0.5.RELEASE\spring-context-5.0.5.RELEASE.jar;E:\1704A\repository\org\springframework\spring-expression\5.0.5.RELEASE\spring-expression-5.0.5.RELEASE.jar;E:\1704A\repository\org\mongodb\mongo-java-driver\3.6.3\mongo-java-driver-3.6.3.jar;E:\1704A\repository\org\hibernate\hibernate-core\5.2.16.Final\hibernate-core-5.2.16.Final.jar;E:\1704A\repository\org\jboss\logging\jboss-logging\3.3.2.Final\jboss-logging-3.3.2.Final.jar;E:\1704A\repository\org\hibernate\javax\persistence\hibernate-jpa-2.1-api\1.0.0.Final\hibernate-jpa-2.1-api-1.0.0.Final.jar;E:\1704A\repository\org\javassist\javassist\3.22.0-GA\javassist-3.22.0-GA.jar;E:\1704A\repository\antlr\antlr\2.7.7\antlr-2.7.7.jar;E:\1704A\repository\org\jboss\spec\javax\transaction\jboss-transaction-api_1.2_spec\1.0.1.Final\jboss-transaction-api_1.2_spec-1.0.1.Final.jar;E:\1704A\repository\org\jboss\jandex\2.0.3.Final\jandex-2.0.3.Final.jar;E:\1704A\repository\dom4j\dom4j\1.6.1\dom4j-1.6.1.jar;E:\1704A\repository\org\hibernate\common\hibernate-commons-annotations\5.0.1.Final\hibernate-commons-annotations-5.0.1.Final.jar;E:\1704A\repository\com\google\guava\guava\24.0-jre\guava-24.0-jre.jar;E:\1704A\repository\com\google\code\findbugs\jsr305\1.3.9\jsr305-1.3.9.jar;E:\1704A\repository\org\checkerframework\checker-compat-qual\2.0.0\checker-compat-qual-2.0.0.jar;E:\1704A\repository\com\google\errorprone\error_prone_annotations\2.1.3\error_prone_annotations-2.1.3.jar;E:\1704A\repository\com\google\j2objc\j2objc-annotations\1.1\j2objc-annotations-1.1.jar;E:\1704A\repository\org\codehaus\mojo\animal-sniffer-annotations\1.14\animal-sniffer-annotations-1.14.jar;E:\1704A\hdServiceCode\nm-framework-utils\target\nm-framework-utils.jar;E:\1704A\repository\javax\servlet\javax.servlet-api\3.1.0\javax.servlet-api-3.1.0.jar;E:\1704A\repository\org\springframework\boot\spring-boot-starter-logging\2.0.1.RELEASE\spring-boot-starter-logging-2.0.1.RELEASE.jar;E:\1704A\repository\ch\qos\logback\logback-classic\1.2.3\logback-classic-1.2.3.jar;E:\1704A\repository\ch\qos\logback\logback-core\1.2.3\logback-core-1.2.3.jar;E:\1704A\repository\org\apache\logging\log4j\log4j-to-slf4j\2.10.0\log4j-to-slf4j-2.10.0.jar;E:\1704A\repository\org\apache\logging\log4j\log4j-api\2.10.0\log4j-api-2.10.0.jar;E:\1704A\repository\org\slf4j\jul-to-slf4j\1.7.25\jul-to-slf4j-1.7.25.jar;E:\1704A\repository\org\apache\httpcomponents\httpclient\4.5.5\httpclient-4.5.5.jar;E:\1704A\repository\org\apache\httpcomponents\httpcore\4.4.9\httpcore-4.4.9.jar;E:\1704A\repository\commons-codec\commons-codec\1.10\commons-codec-1.10.jar;E:\1704A\repository\net\lingala\zip4j\zip4j\1.3.1\zip4j-1.3.1.jar;E:\1704A\repository\org\springframework\security\spring-security-crypto\5.0.4.RELEASE\spring-security-crypto-5.0.4.RELEASE.jar;E:\1704A\repository\org\springframework\security\spring-security-jwt\1.0.8.RELEASE\spring-security-jwt-1.0.8.RELEASE.jar;E:\1704A\repository\org\bouncycastle\bcpkix-jdk15on\1.56\bcpkix-jdk15on-1.56.jar;E:\1704A\repository\org\bouncycastle\bcprov-jdk15on\1.56\bcprov-jdk15on-1.56.jar;E:\1704A\hdServiceCode\nm-framework-common\target\nm-framework-common.jar;E:\1704A\repository\org\springframework\spring-web\5.0.5.RELEASE\spring-web-5.0.5.RELEASE.jar;E:\1704A\repository\org\springframework\boot\spring-boot-starter-web\2.0.1.RELEASE\spring-boot-starter-web-2.0.1.RELEASE.jar;E:\1704A\repository\org\springframework\boot\spring-boot-starter-json\2.0.1.RELEASE\spring-boot-starter-json-2.0.1.RELEASE.jar;E:\1704A\repository\com\fasterxml\jackson\datatype\jackson-datatype-jdk8\2.9.5\jackson-datatype-jdk8-2.9.5.jar;E:\1704A\repository\com\fasterxml\jackson\datatype\jackson-datatype-jsr310\2.9.5\jackson-datatype-jsr310-2.9.5.jar;E:\1704A\repository\com\fasterxml\jackson\module\jackson-module-parameter-names\2.9.5\jackson-module-parameter-names-2.9.5.jar;E:\1704A\repository\org\springframework\boot\spring-boot-starter-tomcat\2.0.1.RELEASE\spring-boot-starter-tomcat-2.0.1.RELEASE.jar;E:\1704A\repository\org\apache\tomcat\embed\tomcat-embed-core\8.5.28\tomcat-embed-core-8.5.28.jar;E:\1704A\repository\org\apache\tomcat\embed\tomcat-embed-el\8.5.28\tomcat-embed-el-8.5.28.jar;E:\1704A\repository\org\apache\tomcat\embed\tomcat-embed-websocket\8.5.28\tomcat-embed-websocket-8.5.28.jar;E:\1704A\repository\org\hibernate\validator\hibernate-validator\6.0.9.Final\hibernate-validator-6.0.9.Final.jar;E:\1704A\repository\javax\validation\validation-api\2.0.1.Final\validation-api-2.0.1.Final.jar;E:\1704A\repository\org\springframework\spring-webmvc\5.0.5.RELEASE\spring-webmvc-5.0.5.RELEASE.jar;E:\1704A\repository\org\springframework\spring-aop\5.0.5.RELEASE\spring-aop-5.0.5.RELEASE.jar;E:\1704A\repository\mysql\mysql-connector-java\5.1.40\mysql-connector-java-5.1.40.jar;E:\1704A\repository\com\alibaba\druid-spring-boot-starter\1.1.10\druid-spring-boot-starter-1.1.10.jar;E:\1704A\repository\com\alibaba\druid\1.1.6\druid-1.1.6.jar;E:\1704A\repository\org\slf4j\slf4j-api\1.7.25\slf4j-api-1.7.25.jar;E:\1704A\repository\org\springframework\boot\spring-boot-autoconfigure\2.0.1.RELEASE\spring-boot-autoconfigure-2.0.1.RELEASE.jar;E:\1704A\repository\org\mybatis\spring\boot\mybatis-spring-boot-starter\1.3.1\mybatis-spring-boot-starter-1.3.1.jar;E:\1704A\repository\org\springframework\boot\spring-boot-starter-jdbc\2.0.1.RELEASE\spring-boot-starter-jdbc-2.0.1.RELEASE.jar;E:\1704A\repository\com\zaxxer\HikariCP\2.7.8\HikariCP-2.7.8.jar;E:\1704A\repository\org\mybatis\spring\boot\mybatis-spring-boot-autoconfigure\1.3.1\mybatis-spring-boot-autoconfigure-1.3.1.jar;E:\1704A\repository\org\mybatis\mybatis\3.4.5\mybatis-3.4.5.jar;E:\1704A\repository\org\mybatis\mybatis-spring\1.3.1\mybatis-spring-1.3.1.jar;E:\1704A\repository\org\springframework\spring-orm\5.0.5.RELEASE\spring-orm-5.0.5.RELEASE.jar;E:\1704A\repository\org\springframework\spring-beans\5.0.5.RELEASE\spring-beans-5.0.5.RELEASE.jar;E:\1704A\repository\org\springframework\spring-core\5.0.5.RELEASE\spring-core-5.0.5.RELEASE.jar;E:\1704A\repository\org\springframework\spring-jcl\5.0.5.RELEASE\spring-jcl-5.0.5.RELEASE.jar;E:\1704A\repository\org\springframework\spring-jdbc\5.0.5.RELEASE\spring-jdbc-5.0.5.RELEASE.jar;E:\1704A\repository\org\springframework\spring-tx\5.0.5.RELEASE\spring-tx-5.0.5.RELEASE.jar;E:\1704A\repository\org\springframework\boot\spring-boot-starter-data-jpa\2.0.1.RELEASE\spring-boot-starter-data-jpa-2.0.1.RELEASE.jar;E:\1704A\repository\org\springframework\boot\spring-boot-starter-aop\2.0.1.RELEASE\spring-boot-starter-aop-2.0.1.RELEASE.jar;E:\1704A\repository\org\aspectj\aspectjweaver\1.8.13\aspectjweaver-1.8.13.jar;E:\1704A\repository\javax\transaction\javax.transaction-api\1.2\javax.transaction-api-1.2.jar;E:\1704A\repository\org\springframework\data\spring-data-jpa\2.0.6.RELEASE\spring-data-jpa-2.0.6.RELEASE.jar;E:\1704A\repository\org\springframework\spring-aspects\5.0.5.RELEASE\spring-aspects-5.0.5.RELEASE.jar;E:\1704A\repository\com\squareup\okhttp3\okhttp\3.9.1\okhttp-3.9.1.jar;E:\1704A\repository\com\squareup\okio\okio\1.13.0\okio-1.13.0.jar;E:\1704A\repository\com\alibaba\fastjson\1.2.30\fastjson-1.2.30.jar;E:\1704A\repository\commons-io\commons-io\2.6\commons-io-2.6.jar;E:\1704A\repository\org\apache\commons\commons-lang3\3.6\commons-lang3-3.6.jar;E:\1704A\repository\org\springframework\boot\spring-boot-starter-test\2.0.1.RELEASE\spring-boot-starter-test-2.0.1.RELEASE.jar;E:\1704A\repository\org\springframework\boot\spring-boot-test\2.0.1.RELEASE\spring-boot-test-2.0.1.RELEASE.jar;E:\1704A\repository\org\springframework\boot\spring-boot-test-autoconfigure\2.0.1.RELEASE\spring-boot-test-autoconfigure-2.0.1.RELEASE.jar;E:\1704A\repository\com\jayway\jsonpath\json-path\2.4.0\json-path-2.4.0.jar;E:\1704A\repository\net\minidev\json-smart\2.3\json-smart-2.3.jar;E:\1704A\repository\net\minidev\accessors-smart\1.2\accessors-smart-1.2.jar;E:\1704A\repository\org\ow2\asm\asm\5.0.4\asm-5.0.4.jar;E:\1704A\repository\junit\junit\4.12\junit-4.12.jar;E:\1704A\repository\org\assertj\assertj-core\3.9.1\assertj-core-3.9.1.jar;E:\1704A\repository\org\mockito\mockito-core\2.15.0\mockito-core-2.15.0.jar;E:\1704A\repository\net\bytebuddy\byte-buddy\1.7.11\byte-buddy-1.7.11.jar;E:\1704A\repository\net\bytebuddy\byte-buddy-agent\1.7.11\byte-buddy-agent-1.7.11.jar;E:\1704A\repository\org\objenesis\objenesis\2.6\objenesis-2.6.jar;E:\1704A\repository\org\hamcrest\hamcrest-core\1.3\hamcrest-core-1.3.jar;E:\1704A\repository\org\hamcrest\hamcrest-library\1.3\hamcrest-library-1.3.jar;E:\1704A\repository\org\skyscreamer\jsonassert\1.5.0\jsonassert-1.5.0.jar;E:\1704A\repository\com\vaadin\external\google\android-json\0.0.20131108.vaadin1\android-json-0.0.20131108.vaadin1.jar;E:\1704A\repository\org\springframework\spring-test\5.0.5.RELEASE\spring-test-5.0.5.RELEASE.jar;E:\1704A\repository\org\xmlunit\xmlunit-core\2.5.1\xmlunit-core-2.5.1.jar;E:\1704A\repository\org\springframework\cloud\spring-cloud-starter-netflix-eureka-client\2.0.1.RELEASE\spring-cloud-starter-netflix-eureka-client-2.0.1.RELEASE.jar;E:\1704A\repository\org\springframework\cloud\spring-cloud-starter\2.0.1.RELEASE\spring-cloud-starter-2.0.1.RELEASE.jar;E:\1704A\repository\org\springframework\cloud\spring-cloud-context\2.0.1.RELEASE\spring-cloud-context-2.0.1.RELEASE.jar;E:\1704A\repository\org\springframework\security\spring-security-rsa\1.0.5.RELEASE\spring-security-rsa-1.0.5.RELEASE.jar;E:\1704A\repository\org\springframework\cloud\spring-cloud-netflix-core\2.0.1.RELEASE\spring-cloud-netflix-core-2.0.1.RELEASE.jar;E:\1704A\repository\org\springframework\cloud\spring-cloud-netflix-eureka-client\2.0.1.RELEASE\spring-cloud-netflix-eureka-client-2.0.1.RELEASE.jar;E:\1704A\repository\com\netflix\eureka\eureka-client\1.9.3\eureka-client-1.9.3.jar;E:\1704A\repository\org\codehaus\jettison\jettison\1.3.7\jettison-1.3.7.jar;E:\1704A\repository\stax\stax-api\1.0.1\stax-api-1.0.1.jar;E:\1704A\repository\com\netflix\netflix-commons\netflix-eventbus\0.3.0\netflix-eventbus-0.3.0.jar;E:\1704A\repository\com\netflix\netflix-commons\netflix-infix\0.3.0\netflix-infix-0.3.0.jar;E:\1704A\repository\commons-jxpath\commons-jxpath\1.3\commons-jxpath-1.3.jar;E:\1704A\repository\joda-time\joda-time\2.9.9\joda-time-2.9.9.jar;E:\1704A\repository\org\antlr\antlr-runtime\3.4\antlr-runtime-3.4.jar;E:\1704A\repository\org\antlr\stringtemplate\3.2.1\stringtemplate-3.2.1.jar;E:\1704A\repository\com\google\code\gson\gson\2.8.2\gson-2.8.2.jar;E:\1704A\repository\org\apache\commons\commons-math\2.2\commons-math-2.2.jar;E:\1704A\repository\com\netflix\archaius\archaius-core\0.7.6\archaius-core-0.7.6.jar;E:\1704A\repository\javax\ws\rs\jsr311-api\1.1.1\jsr311-api-1.1.1.jar;E:\1704A\repository\com\netflix\servo\servo-core\0.12.21\servo-core-0.12.21.jar;E:\1704A\repository\com\sun\jersey\jersey-core\1.19.1\jersey-core-1.19.1.jar;E:\1704A\repository\com\sun\jersey\jersey-client\1.19.1\jersey-client-1.19.1.jar;E:\1704A\repository\com\sun\jersey\contribs\jersey-apache-client4\1.19.1\jersey-apache-client4-1.19.1.jar;E:\1704A\repository\com\google\inject\guice\4.1.0\guice-4.1.0.jar;E:\1704A\repository\javax\inject\javax.inject\1\javax.inject-1.jar;E:\1704A\repository\aopalliance\aopalliance\1.0\aopalliance-1.0.jar;E:\1704A\repository\com\github\vlsi\compactmap\compactmap\1.2.1\compactmap-1.2.1.jar;E:\1704A\repository\com\github\andrewoma\dexx\dexx-collections\0.2\dexx-collections-0.2.jar;E:\1704A\repository\com\fasterxml\jackson\core\jackson-core\2.9.5\jackson-core-2.9.5.jar;E:\1704A\repository\com\netflix\eureka\eureka-core\1.9.3\eureka-core-1.9.3.jar;E:\1704A\repository\org\codehaus\woodstox\woodstox-core-asl\4.4.1\woodstox-core-asl-4.4.1.jar;E:\1704A\repository\javax\xml\stream\stax-api\1.0-2\stax-api-1.0-2.jar;E:\1704A\repository\org\codehaus\woodstox\stax2-api\3.1.4\stax2-api-3.1.4.jar;E:\1704A\repository\org\springframework\cloud\spring-cloud-starter-netflix-archaius\2.0.1.RELEASE\spring-cloud-starter-netflix-archaius-2.0.1.RELEASE.jar;E:\1704A\repository\org\springframework\cloud\spring-cloud-netflix-ribbon\2.0.1.RELEASE\spring-cloud-netflix-ribbon-2.0.1.RELEASE.jar;E:\1704A\repository\org\springframework\cloud\spring-cloud-netflix-archaius\2.0.1.RELEASE\spring-cloud-netflix-archaius-2.0.1.RELEASE.jar;E:\1704A\repository\commons-configuration\commons-configuration\1.8\commons-configuration-1.8.jar;E:\1704A\repository\commons-lang\commons-lang\2.6\commons-lang-2.6.jar;E:\1704A\repository\org\springframework\cloud\spring-cloud-starter-netflix-ribbon\2.0.1.RELEASE\spring-cloud-starter-netflix-ribbon-2.0.1.RELEASE.jar;E:\1704A\repository\com\netflix\ribbon\ribbon\2.2.5\ribbon-2.2.5.jar;E:\1704A\repository\com\netflix\ribbon\ribbon-transport\2.2.5\ribbon-transport-2.2.5.jar;E:\1704A\repository\io\reactivex\rxnetty-contexts\0.4.9\rxnetty-contexts-0.4.9.jar;E:\1704A\repository\io\reactivex\rxnetty-servo\0.4.9\rxnetty-servo-0.4.9.jar;E:\1704A\repository\io\reactivex\rxnetty\0.4.9\rxnetty-0.4.9.jar;E:\1704A\repository\io\netty\netty-codec-http\4.1.23.Final\netty-codec-http-4.1.23.Final.jar;E:\1704A\repository\io\netty\netty-codec\4.1.23.Final\netty-codec-4.1.23.Final.jar;E:\1704A\repository\io\netty\netty-transport-native-epoll\4.1.23.Final\netty-transport-native-epoll-4.1.23.Final.jar;E:\1704A\repository\io\netty\netty-common\4.1.23.Final\netty-common-4.1.23.Final.jar;E:\1704A\repository\io\netty\netty-buffer\4.1.23.Final\netty-buffer-4.1.23.Final.jar;E:\1704A\repository\io\netty\netty-transport-native-unix-common\4.1.23.Final\netty-transport-native-unix-common-4.1.23.Final.jar;E:\1704A\repository\io\netty\netty-transport\4.1.23.Final\netty-transport-4.1.23.Final.jar;E:\1704A\repository\io\netty\netty-resolver\4.1.23.Final\netty-resolver-4.1.23.Final.jar;E:\1704A\repository\com\netflix\ribbon\ribbon-core\2.2.5\ribbon-core-2.2.5.jar;E:\1704A\repository\com\netflix\ribbon\ribbon-httpclient\2.2.5\ribbon-httpclient-2.2.5.jar;E:\1704A\repository\commons-collections\commons-collections\3.2.2\commons-collections-3.2.2.jar;E:\1704A\repository\com\netflix\netflix-commons\netflix-commons-util\0.3.0\netflix-commons-util-0.3.0.jar;E:\1704A\repository\com\netflix\ribbon\ribbon-loadbalancer\2.2.5\ribbon-loadbalancer-2.2.5.jar;E:\1704A\repository\com\netflix\netflix-commons\netflix-statistics\0.1.1\netflix-statistics-0.1.1.jar;E:\1704A\repository\io\reactivex\rxjava\1.3.8\rxjava-1.3.8.jar;E:\1704A\repository\com\netflix\ribbon\ribbon-eureka\2.2.5\ribbon-eureka-2.2.5.jar;E:\1704A\repository\com\thoughtworks\xstream\xstream\1.4.10\xstream-1.4.10.jar;E:\1704A\repository\xmlpull\xmlpull\1.1.3.1\xmlpull-1.1.3.1.jar;E:\1704A\repository\xpp3\xpp3_min\1.1.4c\xpp3_min-1.1.4c.jar;E:\1704A\repository\org\springframework\cloud\spring-cloud-starter-openfeign\2.0.1.RELEASE\spring-cloud-starter-openfeign-2.0.1.RELEASE.jar;E:\1704A\repository\org\springframework\cloud\spring-cloud-openfeign-core\2.0.1.RELEASE\spring-cloud-openfeign-core-2.0.1.RELEASE.jar;E:\1704A\repository\org\springframework\cloud\spring-cloud-commons\2.0.1.RELEASE\spring-cloud-commons-2.0.1.RELEASE.jar;E:\1704A\repository\io\github\openfeign\feign-core\9.5.1\feign-core-9.5.1.jar;E:\1704A\repository\io\github\openfeign\feign-slf4j\9.5.1\feign-slf4j-9.5.1.jar;E:\1704A\repository\io\github\openfeign\feign-hystrix\9.5.1\feign-hystrix-9.5.1.jar;E:\1704A\repository\com\netflix\hystrix\hystrix-core\1.5.12\hystrix-core-1.5.12.jar;E:\1704A\repository\org\hdrhistogram\HdrHistogram\2.1.9\HdrHistogram-2.1.9.jar;E:\1704A\repository\io\github\openfeign\feign-java8\9.5.1\feign-java8-9.5.1.jar;E:\1704A\repository\com\netflix\feign\feign-okhttp\8.18.0\feign-okhttp-8.18.0.jar;E:\1704A\repository\com\netflix\feign\feign-core\8.18.0\feign-core-8.18.0.jar;E:\1704A\repository\org\jvnet\animal-sniffer-annotation\1.0\animal-sniffer-annotation-1.0.jar;, user.name=wangb, java.vm.specification.version=1.8, sun.java.command=C:\Users\wangb\AppData\Local\Temp\surefire5324342515423551962\surefirebooter5243460830507094447.jar C:\Users\wangb\AppData\Local\Temp\surefire5324342515423551962 2020-03-14T21-55-45_030-jvmRun1 surefire1707916640353451280tmp surefire_17945900769613902388tmp, java.home=C:\Program Files\Java\jdk1.8.0_91\jre, sun.arch.data.model=64, user.language=zh, java.specification.vendor=Oracle Corporation, awt.toolkit=sun.awt.windows.WToolkit, java.vm.info=mixed mode, java.version=1.8.0_91, java.ext.dirs=C:\Program Files\Java\jdk1.8.0_91\jre\lib\ext;C:\WINDOWS\Sun\Java\lib\ext, sun.boot.class.path=C:\Program Files\Java\jdk1.8.0_91\jre\lib\resources.jar;C:\Program Files\Java\jdk1.8.0_91\jre\lib\rt.jar;C:\Program Files\Java\jdk1.8.0_91\jre\lib\sunrsasign.jar;C:\Program Files\Java\jdk1.8.0_91\jre\lib\jsse.jar;C:\Program Files\Java\jdk1.8.0_91\jre\lib\jce.jar;C:\Program Files\Java\jdk1.8.0_91\jre\lib\charsets.jar;C:\Program Files\Java\jdk1.8.0_91\jre\lib\jfr.jar;C:\Program Files\Java\jdk1.8.0_91\jre\classes, java.awt.headless=true, java.vendor=Oracle Corporation, localRepository=E:\1704A\repository, file.separator=\, java.vendor.url.bug=http://bugreport.sun.com/bugreport/, sun.io.unicode.encoding=UnicodeLittle, sun.cpu.endian=little, sun.desktop=windows, sun.cpu.isalist=amd64}}, SystemEnvironmentPropertySource@278262050 {name='systemEnvironment', properties={PATH=E:\app\wangb\product\11.2.0\dbhome_1\bin;E:\maven\apache-maven-3.6.1\bin;C:\Program Files\Java\jdk1.8.0_91\bin;C:\Program Files (x86)\Intel\iCLS Client\;C:\Program Files\Intel\iCLS Client\;C:\Windows\system32;C:\Windows;C:\Windows\System32\Wbem;C:\Windows\System32\WindowsPowerShell\v1.0\;C:\Program Files (x86)\NVIDIA Corporation\PhysX\Common;C:\Program Files (x86)\Intel\Intel(R) Management Engine Components\DAL;C:\Program Files\Intel\Intel(R) Management Engine Components\DAL;C:\Program Files (x86)\Intel\Intel(R) Management Engine Components\IPT;C:\Program Files\Intel\Intel(R) Management Engine Components\IPT;C:\WINDOWS\system32;C:\WINDOWS;C:\WINDOWS\System32\Wbem;C:\WINDOWS\System32\WindowsPowerShell\v1.0\;C:\WINDOWS\System32\OpenSSH\;C:\Program Files\MySQL\MySQL Server 5.5\bin;E:\nodejs\;E:\Git\cmd;E:\Mp4\ffmpeg-20180227-fa0c9d6-win64-static\bin;C:\Users\wangb\AppData\Local\Microsoft\WindowsApps;C:\Users\wangb\AppData\Roaming\npm;E:\Microsoft VS Code\bin, USERDOMAIN_ROAMINGPROFILE=LAPTOP-8K1AKH0O, LOCALAPPDATA=C:\Users\wangb\AppData\Local, PROCESSOR_LEVEL=6, SYSTEMDRIVE=C:, COMMONPROGRAMFILES(X86)=C:\Program Files (x86)\Common Files, USERDOMAIN=LAPTOP-8K1AKH0O, FPS_BROWSER_APP_PROFILE_STRING=Internet Explorer, LOGONSERVER=\\LAPTOP-8K1AKH0O, JAVA_HOME=C:\Program Files\Java\jdk1.8.0_91, PROMPT=$P$G, SESSIONNAME=Console, ALLUSERSPROFILE=C:\ProgramData, PROGRAMFILES(X86)=C:\Program Files (x86), PROCESSOR_ARCHITECTURE=AMD64, DRIVERDATA=C:\Windows\System32\Drivers\DriverData, ERLANG_HOME=E:\erl9.2, =E:=E:\1704A\hdServiceCode\nm-service-manage-course, PROGRAMFILES=C:\Program Files, APPDATA=C:\Users\wangb\AppData\Roaming, MOZ_PLUGIN_PATH=E:\1704A\FoxitPhantomPDFBusiness\plugins\, PSMODULEPATH=C:\Program Files\WindowsPowerShell\Modules;C:\WINDOWS\system32\WindowsPowerShell\v1.0\Modules, PROGRAMW6432=C:\Program Files, PROGRAMDATA=C:\ProgramData, SYSTEMROOT=C:\WINDOWS, USERNAME=wangb, FPS_BROWSER_USER_PROFILE_STRING=Default, ONEDRIVE=C:\Users\wangb\OneDrive, CONFIGSETROOT=C:\WINDOWS\ConfigSetRoot, PATHEXT=.COM;.EXE;.BAT;.CMD;.VBS;.VBE;.JS;.JSE;.WSF;.WSH;.MSC, OS=Windows_NT, COMMONPROGRAMW6432=C:\Program Files\Common Files, COMPUTERNAME=LAPTOP-8K1AKH0O, COMMONPROGRAMFILES=C:\Program Files\Common Files, COMSPEC=C:\WINDOWS\system32\cmd.exe, PROCESSOR_REVISION=9e09, WINDIR=C:\WINDOWS, RABBITMQ_SERVER=E:\rabibitmq\rabbitmq_server-3.7.4, HOMEPATH=\Users\wangb, TEMP=C:\Users\wangb\AppData\Local\Temp, HOMEDRIVE=C:, PROCESSOR_IDENTIFIER=Intel64 Family 6 Model 158 Stepping 9, GenuineIntel, USERPROFILE=C:\Users\wangb, TMP=C:\Users\wangb\AppData\Local\Temp, PUBLIC=C:\Users\Public, NUMBER_OF_PROCESSORS=8, =::=::\}}]
2020-03-14 21:56:44.721 [main] DEBUG o.s.core.env.StandardEnvironment - Removing PropertySource 'defaultProperties'
2020-03-14 21:56:44.721 [main] DEBUG o.s.core.env.StandardEnvironment - Adding PropertySource 'defaultProperties' with lowest search precedence
2020-03-14 21:56:44.722 [main] DEBUG o.s.c.e.PropertySourcesPropertyResolver - Could not find key 'spring.profiles.active' in any property source
2020-03-14 21:56:44.722 [main] DEBUG o.s.c.e.PropertySourcesPropertyResolver - Could not find key 'spring.profiles.default' in any property source
2020-03-14 21:56:44.724 [main] DEBUG o.s.c.e.PropertySourcesPropertyResolver - Could not find key 'context.initializer.classes' in any property source
2020-03-14 21:56:44.725 [main] DEBUG o.s.b.f.s.DefaultListableBeanFactory - Returning cached instance of singleton bean 'org.springframework.boot.context.ContextIdApplicationContextInitializer$ContextId'
2020-03-14 21:56:44.735 [main] DEBUG o.s.b.f.s.DefaultListableBeanFactory - Returning cached instance of singleton bean 'autoConfigurationReport'
2020-03-14 21:56:44.736 [main] DEBUG o.s.b.f.s.DefaultListableBeanFactory - Returning cached instance of singleton bean 'autoConfigurationReport'
2020-03-14 21:56:44.736 [main] DEBUG o.s.c.e.PropertySourcesPropertyResolver - Could not find key 'spring.profiles.active' in any property source
2020-03-14 21:56:44.736 [main] DEBUG o.s.c.e.PropertySourcesPropertyResolver - Could not find key 'spring.profiles.default' in any property source
2020-03-14 21:56:44.736 [main] INFO  c.n.manage_course.dao.FeignTest - No active profile set, falling back to default profiles: default
2020-03-14 21:56:44.736 [main] DEBUG o.s.boot.SpringApplication - Loading source class com.ningmeng.manage_course.ManageCourseApplication
2020-03-14 21:56:44.738 [main] DEBUG o.s.c.a.ClassPathBeanDefinitionScanner - JSR-250 'javax.annotation.ManagedBean' found and supported for component scanning
2020-03-14 21:56:44.739 [main] DEBUG o.s.c.a.ClassPathBeanDefinitionScanner - JSR-330 'javax.inject.Named' annotation found and supported for component scanning
2020-03-14 21:56:44.746 [main] DEBUG o.s.b.c.c.ConfigFileApplicationListener - Loaded config file 'file:/E:/1704A/hdServiceCode/nm-service-manage-course/target/classes/application.yml' (classpath:/application.yml)
2020-03-14 21:56:44.747 [main] INFO  o.s.w.c.s.GenericWebApplicationContext - Refreshing org.springframework.web.context.support.GenericWebApplicationContext@1ee4730: startup date [Sat Mar 14 21:56:44 CST 2020]; parent: org.springframework.context.annotation.AnnotationConfigApplicationContext@598bd2ba
2020-03-14 21:56:44.748 [main] DEBUG o.s.w.c.s.GenericWebApplicationContext - Bean factory for org.springframework.web.context.support.GenericWebApplicationContext@1ee4730: org.springframework.beans.factory.support.DefaultListableBeanFactory@10b892d5: defining beans [org.springframework.boot.test.mock.mockito.MockitoPostProcessor$SpyPostProcessor,org.springframework.boot.test.mock.mockito.MockitoPostProcessor,org.springframework.context.annotation.internalConfigurationAnnotationProcessor,org.springframework.context.annotation.internalAutowiredAnnotationProcessor,org.springframework.context.annotation.internalRequiredAnnotationProcessor,org.springframework.context.annotation.internalCommonAnnotationProcessor,org.springframework.context.annotation.internalPersistenceAnnotationProcessor,org.springframework.context.event.internalEventListenerProcessor,org.springframework.context.event.internalEventListenerFactory,manageCourseApplication]; parent: org.springframework.beans.factory.support.DefaultListableBeanFactory@5fe1ce85
2020-03-14 21:56:44.752 [main] DEBUG o.s.b.f.s.DefaultListableBeanFactory - Registering scope 'request' with implementation [org.springframework.web.context.request.RequestScope@5922ae77]
2020-03-14 21:56:44.755 [main] DEBUG o.s.b.f.s.DefaultListableBeanFactory - Registering scope 'session' with implementation [org.springframework.web.context.request.SessionScope@71f67a79]
2020-03-14 21:56:44.756 [main] DEBUG o.s.b.f.s.DefaultListableBeanFactory - Registering scope 'application' with implementation [org.springframework.web.context.support.ServletContextScope@7889a1ac]
2020-03-14 21:56:44.759 [main] DEBUG o.s.b.f.s.DefaultListableBeanFactory - Creating shared instance of singleton bean 'org.springframework.context.annotation.internalConfigurationAnnotationProcessor'
2020-03-14 21:56:44.760 [main] DEBUG o.s.b.f.s.DefaultListableBeanFactory - Creating instance of bean 'org.springframework.context.annotation.internalConfigurationAnnotationProcessor'
2020-03-14 21:56:44.760 [main] DEBUG o.s.b.f.s.DefaultListableBeanFactory - Eagerly caching bean 'org.springframework.context.annotation.internalConfigurationAnnotationProcessor' to allow for resolving potential circular references
2020-03-14 21:56:44.760 [main] DEBUG o.s.b.f.s.DefaultListableBeanFactory - Creating shared instance of singleton bean 'org.springframework.boot.autoconfigure.internalCachingMetadataReaderFactory'
2020-03-14 21:56:44.760 [main] DEBUG o.s.b.f.s.DefaultListableBeanFactory - Creating instance of bean 'org.springframework.boot.autoconfigure.internalCachingMetadataReaderFactory'
2020-03-14 21:56:44.760 [main] DEBUG o.s.b.f.s.DefaultListableBeanFactory - Eagerly caching bean 'org.springframework.boot.autoconfigure.internalCachingMetadataReaderFactory' to allow for resolving potential circular references
2020-03-14 21:56:44.760 [main] DEBUG o.s.b.f.s.DefaultListableBeanFactory - Finished creating instance of bean 'org.springframework.boot.autoconfigure.internalCachingMetadataReaderFactory'
2020-03-14 21:56:44.765 [main] DEBUG o.s.b.f.s.DefaultListableBeanFactory - Finished creating instance of bean 'org.springframework.context.annotation.internalConfigurationAnnotationProcessor'
2020-03-14 21:56:44.767 [main] DEBUG o.s.c.a.ClassPathBeanDefinitionScanner - JSR-250 'javax.annotation.ManagedBean' found and supported for component scanning
2020-03-14 21:56:44.767 [main] DEBUG o.s.c.a.ClassPathBeanDefinitionScanner - JSR-330 'javax.inject.Named' annotation found and supported for component scanning
2020-03-14 21:56:44.770 [main] DEBUG o.s.c.i.s.PathMatchingResourcePatternResolver - Resolved classpath location [com/ningmeng/manage_course/] to resources [URL [file:/E:/1704A/hdServiceCode/nm-service-manage-course/target/test-classes/com/ningmeng/manage_course/], URL [file:/E:/1704A/hdServiceCode/nm-service-manage-course/target/classes/com/ningmeng/manage_course/]]
2020-03-14 21:56:44.771 [main] DEBUG o.s.c.i.s.PathMatchingResourcePatternResolver - Looking for matching resources in directory tree [E:\1704A\hdServiceCode\nm-service-manage-course\target\test-classes\com\ningmeng\manage_course]
2020-03-14 21:56:44.771 [main] DEBUG o.s.c.i.s.PathMatchingResourcePatternResolver - Searching directory [E:\1704A\hdServiceCode\nm-service-manage-course\target\test-classes\com\ningmeng\manage_course] for files matching pattern [E:/1704A/hdServiceCode/nm-service-manage-course/target/test-classes/com/ningmeng/manage_course/**/*.class]
2020-03-14 21:56:44.772 [main] DEBUG o.s.c.i.s.PathMatchingResourcePatternResolver - Searching directory [E:\1704A\hdServiceCode\nm-service-manage-course\target\test-classes\com\ningmeng\manage_course\dao] for files matching pattern [E:/1704A/hdServiceCode/nm-service-manage-course/target/test-classes/com/ningmeng/manage_course/**/*.class]
2020-03-14 21:56:44.773 [main] DEBUG o.s.c.i.s.PathMatchingResourcePatternResolver - Looking for matching resources in directory tree [E:\1704A\hdServiceCode\nm-service-manage-course\target\classes\com\ningmeng\manage_course]
2020-03-14 21:56:44.773 [main] DEBUG o.s.c.i.s.PathMatchingResourcePatternResolver - Searching directory [E:\1704A\hdServiceCode\nm-service-manage-course\target\classes\com\ningmeng\manage_course] for files matching pattern [E:/1704A/hdServiceCode/nm-service-manage-course/target/classes/com/ningmeng/manage_course/**/*.class]
2020-03-14 21:56:44.774 [main] DEBUG o.s.c.i.s.PathMatchingResourcePatternResolver - Searching directory [E:\1704A\hdServiceCode\nm-service-manage-course\target\classes\com\ningmeng\manage_course\client] for files matching pattern [E:/1704A/hdServiceCode/nm-service-manage-course/target/classes/com/ningmeng/manage_course/**/*.class]
2020-03-14 21:56:44.774 [main] DEBUG o.s.c.i.s.PathMatchingResourcePatternResolver - Searching directory [E:\1704A\hdServiceCode\nm-service-manage-course\target\classes\com\ningmeng\manage_course\config] for files matching pattern [E:/1704A/hdServiceCode/nm-service-manage-course/target/classes/com/ningmeng/manage_course/**/*.class]
2020-03-14 21:56:44.775 [main] DEBUG o.s.c.i.s.PathMatchingResourcePatternResolver - Searching directory [E:\1704A\hdServiceCode\nm-service-manage-course\target\classes\com\ningmeng\manage_course\controller] for files matching pattern [E:/1704A/hdServiceCode/nm-service-manage-course/target/classes/com/ningmeng/manage_course/**/*.class]
2020-03-14 21:56:44.776 [main] DEBUG o.s.c.i.s.PathMatchingResourcePatternResolver - Searching directory [E:\1704A\hdServiceCode\nm-service-manage-course\target\classes\com\ningmeng\manage_course\dao] for files matching pattern [E:/1704A/hdServiceCode/nm-service-manage-course/target/classes/com/ningmeng/manage_course/**/*.class]
2020-03-14 21:56:44.777 [main] DEBUG o.s.c.i.s.PathMatchingResourcePatternResolver - Searching directory [E:\1704A\hdServiceCode\nm-service-manage-course\target\classes\com\ningmeng\manage_course\service] for files matching pattern [E:/1704A/hdServiceCode/nm-service-manage-course/target/classes/com/ningmeng/manage_course/**/*.class]
2020-03-14 21:56:44.778 [main] DEBUG o.s.c.i.s.PathMatchingResourcePatternResolver - Resolved location pattern [classpath*:com/ningmeng/manage_course/**/*.class] to resources [file [E:\1704A\hdServiceCode\nm-service-manage-course\target\test-classes\com\ningmeng\manage_course\dao\FeignTest.class], file [E:\1704A\hdServiceCode\nm-service-manage-course\target\test-classes\com\ningmeng\manage_course\dao\TestDao.class], file [E:\1704A\hdServiceCode\nm-service-manage-course\target\test-classes\com\ningmeng\manage_course\dao\Tests.class], file [E:\1704A\hdServiceCode\nm-service-manage-course\target\classes\com\ningmeng\manage_course\client\CmsPageClient.class], file [E:\1704A\hdServiceCode\nm-service-manage-course\target\classes\com\ningmeng\manage_course\config\ResourceServerConfig.class], file [E:\1704A\hdServiceCode\nm-service-manage-course\target\classes\com\ningmeng\manage_course\controller\CourseController.class], file [E:\1704A\hdServiceCode\nm-service-manage-course\target\classes\com\ningmeng\manage_course\controller\SysDicthinaryController.class], file [E:\1704A\hdServiceCode\nm-service-manage-course\target\classes\com\ningmeng\manage_course\dao\CategoryMapper.class], file [E:\1704A\hdServiceCode\nm-service-manage-course\target\classes\com\ningmeng\manage_course\dao\CourseBaseRepository.class], file [E:\1704A\hdServiceCode\nm-service-manage-course\target\classes\com\ningmeng\manage_course\dao\CourseMapper.class], file [E:\1704A\hdServiceCode\nm-service-manage-course\target\classes\com\ningmeng\manage_course\dao\CourseMarketMapper.class], file [E:\1704A\hdServiceCode\nm-service-manage-course\target\classes\com\ningmeng\manage_course\dao\CourseMarketRepository.class], file [E:\1704A\hdServiceCode\nm-service-manage-course\target\classes\com\ningmeng\manage_course\dao\CoursePicRepository.class], file [E:\1704A\hdServiceCode\nm-service-manage-course\target\classes\com\ningmeng\manage_course\dao\CoursePubRepository.class], file [E:\1704A\hdServiceCode\nm-service-manage-course\target\classes\com\ningmeng\manage_course\dao\SysDictionaryRepository.class], file [E:\1704A\hdServiceCode\nm-service-manage-course\target\classes\com\ningmeng\manage_course\dao\TeachplanMapper.class], file [E:\1704A\hdServiceCode\nm-service-manage-course\target\classes\com\ningmeng\manage_course\dao\TeachplanMediaPubRepository.class], file [E:\1704A\hdServiceCode\nm-service-manage-course\target\classes\com\ningmeng\manage_course\dao\TeachplanMediaRepository.class], file [E:\1704A\hdServiceCode\nm-service-manage-course\target\classes\com\ningmeng\manage_course\dao\TeachplanRepository.class], file [E:\1704A\hdServiceCode\nm-service-manage-course\target\classes\com\ningmeng\manage_course\ManageCourseApplication.class], file [E:\1704A\hdServiceCode\nm-service-manage-course\target\classes\com\ningmeng\manage_course\service\CourseService.class], file [E:\1704A\hdServiceCode\nm-service-manage-course\target\classes\com\ningmeng\manage_course\service\SysDicthinaryService.class]]
2020-03-14 21:56:44.780 [main] DEBUG o.s.b.f.s.DefaultListableBeanFactory - Returning cached instance of singleton bean 'org.springframework.boot.test.context.filter.TestTypeExcludeFilter'
2020-03-14 21:56:44.785 [main] DEBUG o.s.b.f.s.DefaultListableBeanFactory - Returning cached instance of singleton bean 'org.springframework.boot.test.context.filter.TestTypeExcludeFilter'
2020-03-14 21:56:44.788 [main] DEBUG o.s.b.f.s.DefaultListableBeanFactory - Returning cached instance of singleton bean 'org.springframework.boot.test.context.filter.TestTypeExcludeFilter'
2020-03-14 21:56:44.805 [main] DEBUG o.s.b.f.s.DefaultListableBeanFactory - Returning cached instance of singleton bean 'org.springframework.boot.test.context.filter.TestTypeExcludeFilter'
2020-03-14 21:56:44.848 [main] DEBUG o.s.b.f.s.DefaultListableBeanFactory - Returning cached instance of singleton bean 'org.springframework.boot.test.context.filter.TestTypeExcludeFilter'
2020-03-14 21:56:44.848 [main] DEBUG o.s.c.a.ClassPathBeanDefinitionScanner - Identified candidate component class: file [E:\1704A\hdServiceCode\nm-service-manage-course\target\classes\com\ningmeng\manage_course\config\ResourceServerConfig.class]
2020-03-14 21:56:44.887 [main] DEBUG o.s.b.f.s.DefaultListableBeanFactory - Returning cached instance of singleton bean 'org.springframework.boot.test.context.filter.TestTypeExcludeFilter'
2020-03-14 21:56:44.888 [main] DEBUG o.s.c.a.ClassPathBeanDefinitionScanner - Identified candidate component class: file [E:\1704A\hdServiceCode\nm-service-manage-course\target\classes\com\ningmeng\manage_course\controller\CourseController.class]
2020-03-14 21:56:44.889 [main] DEBUG o.s.b.f.s.DefaultListableBeanFactory - Returning cached instance of singleton bean 'org.springframework.boot.test.context.filter.TestTypeExcludeFilter'
2020-03-14 21:56:44.889 [main] DEBUG o.s.c.a.ClassPathBeanDefinitionScanner - Identified candidate component class: file [E:\1704A\hdServiceCode\nm-service-manage-course\target\classes\com\ningmeng\manage_course\controller\SysDicthinaryController.class]
2020-03-14 21:56:44.890 [main] DEBUG o.s.b.f.s.DefaultListableBeanFactory - Returning cached instance of singleton bean 'org.springframework.boot.test.context.filter.TestTypeExcludeFilter'
2020-03-14 21:56:44.892 [main] DEBUG o.s.b.f.s.DefaultListableBeanFactory - Returning cached instance of singleton bean 'org.springframework.boot.test.context.filter.TestTypeExcludeFilter'
2020-03-14 21:56:44.895 [main] DEBUG o.s.b.f.s.DefaultListableBeanFactory - Returning cached instance of singleton bean 'org.springframework.boot.test.context.filter.TestTypeExcludeFilter'
2020-03-14 21:56:44.897 [main] DEBUG o.s.b.f.s.DefaultListableBeanFactory - Returning cached instance of singleton bean 'org.springframework.boot.test.context.filter.TestTypeExcludeFilter'
2020-03-14 21:56:44.899 [main] DEBUG o.s.b.f.s.DefaultListableBeanFactory - Returning cached instance of singleton bean 'org.springframework.boot.test.context.filter.TestTypeExcludeFilter'
2020-03-14 21:56:44.901 [main] DEBUG o.s.b.f.s.DefaultListableBeanFactory - Returning cached instance of singleton bean 'org.springframework.boot.test.context.filter.TestTypeExcludeFilter'
2020-03-14 21:56:44.903 [main] DEBUG o.s.b.f.s.DefaultListableBeanFactory - Returning cached instance of singleton bean 'org.springframework.boot.test.context.filter.TestTypeExcludeFilter'
2020-03-14 21:56:44.906 [main] DEBUG o.s.b.f.s.DefaultListableBeanFactory - Returning cached instance of singleton bean 'org.springframework.boot.test.context.filter.TestTypeExcludeFilter'
2020-03-14 21:56:44.908 [main] DEBUG o.s.b.f.s.DefaultListableBeanFactory - Returning cached instance of singleton bean 'org.springframework.boot.test.context.filter.TestTypeExcludeFilter'
2020-03-14 21:56:44.909 [main] DEBUG o.s.b.f.s.DefaultListableBeanFactory - Returning cached instance of singleton bean 'org.springframework.boot.test.context.filter.TestTypeExcludeFilter'
2020-03-14 21:56:44.911 [main] DEBUG o.s.b.f.s.DefaultListableBeanFactory - Returning cached instance of singleton bean 'org.springframework.boot.test.context.filter.TestTypeExcludeFilter'
2020-03-14 21:56:44.912 [main] DEBUG o.s.b.f.s.DefaultListableBeanFactory - Returning cached instance of singleton bean 'org.springframework.boot.test.context.filter.TestTypeExcludeFilter'
2020-03-14 21:56:44.922 [main] DEBUG o.s.b.f.s.DefaultListableBeanFactory - Returning cached instance of singleton bean 'org.springframework.boot.test.context.filter.TestTypeExcludeFilter'
2020-03-14 21:56:44.922 [main] DEBUG o.s.c.a.ClassPathBeanDefinitionScanner - Identified candidate component class: file [E:\1704A\hdServiceCode\nm-service-manage-course\target\classes\com\ningmeng\manage_course\service\CourseService.class]
2020-03-14 21:56:44.924 [main] DEBUG o.s.b.f.s.DefaultListableBeanFactory - Returning cached instance of singleton bean 'org.springframework.boot.test.context.filter.TestTypeExcludeFilter'
2020-03-14 21:56:44.925 [main] DEBUG o.s.c.a.ClassPathBeanDefinitionScanner - Identified candidate component class: file [E:\1704A\hdServiceCode\nm-service-manage-course\target\classes\com\ningmeng\manage_course\service\SysDicthinaryService.class]
2020-03-14 21:56:45.006 [main] DEBUG o.s.c.a.ClassPathBeanDefinitionScanner - JSR-250 'javax.annotation.ManagedBean' found and supported for component scanning
2020-03-14 21:56:45.006 [main] DEBUG o.s.c.a.ClassPathBeanDefinitionScanner - JSR-330 'javax.inject.Named' annotation found and supported for component scanning
2020-03-14 21:56:45.007 [main] DEBUG o.s.c.i.s.PathMatchingResourcePatternResolver - Resolved classpath location [com/ningmeng/api/] to resources [URL [jar:file:/E:/1704A/hdServiceCode/nm-service-api/target/nm-service-api.jar!/com/ningmeng/api/]]
2020-03-14 21:56:45.010 [main] DEBUG o.s.c.i.s.PathMatchingResourcePatternResolver - Looking for matching resources in jar file [file:/E:/1704A/hdServiceCode/nm-service-api/target/nm-service-api.jar]
2020-03-14 21:56:45.012 [main] DEBUG o.s.c.i.s.PathMatchingResourcePatternResolver - Resolved location pattern [classpath*:com/ningmeng/api/**/*.class] to resources [URL [jar:file:/E:/1704A/hdServiceCode/nm-service-api/target/nm-service-api.jar!/com/ningmeng/api/auth/AuthControllerApi.class], URL [jar:file:/E:/1704A/hdServiceCode/nm-service-api/target/nm-service-api.jar!/com/ningmeng/api/mediaapi/MediaUploadControllerApi.class], URL [jar:file:/E:/1704A/hdServiceCode/nm-service-api/target/nm-service-api.jar!/com/ningmeng/api/cmsapi/CmsPageControllerApi.class], URL [jar:file:/E:/1704A/hdServiceCode/nm-service-api/target/nm-service-api.jar!/com/ningmeng/api/searchapi/EsCourseControllerApi.class], URL [jar:file:/E:/1704A/hdServiceCode/nm-service-api/target/nm-service-api.jar!/com/ningmeng/api/config/Swagger2Configuration.class], URL [jar:file:/E:/1704A/hdServiceCode/nm-service-api/target/nm-service-api.jar!/com/ningmeng/api/ucenterapi/UcenterControllerApi.class], URL [jar:file:/E:/1704A/hdServiceCode/nm-service-api/target/nm-service-api.jar!/com/ningmeng/api/courseapi/CourseControllerApi.class], URL [jar:file:/E:/1704A/hdServiceCode/nm-service-api/target/nm-service-api.jar!/com/ningmeng/api/courseapi/SysDicthinaryControllerApi.class], URL [jar:file:/E:/1704A/hdServiceCode/nm-service-api/target/nm-service-api.jar!/com/ningmeng/api/filesystemapi/FileSystemControllerApi.class], URL [jar:file:/E:/1704A/hdServiceCode/nm-service-api/target/nm-service-api.jar!/com/ningmeng/api/learningapi/CourseLearningControllerApi.class], URL [jar:file:/E:/1704A/hdServiceCode/nm-service-api/target/nm-service-api.jar!/com/ningmeng/api/mediaapi/MediaFileControllerApi.class]]
2020-03-14 21:56:45.045 [main] DEBUG o.s.c.a.ClassPathBeanDefinitionScanner - Identified candidate component class: URL [jar:file:/E:/1704A/hdServiceCode/nm-service-api/target/nm-service-api.jar!/com/ningmeng/api/config/Swagger2Configuration.class]
2020-03-14 21:56:45.057 [main] DEBUG o.s.c.a.ClassPathBeanDefinitionScanner - JSR-250 'javax.annotation.ManagedBean' found and supported for component scanning
2020-03-14 21:56:45.058 [main] DEBUG o.s.c.a.ClassPathBeanDefinitionScanner - JSR-330 'javax.inject.Named' annotation found and supported for component scanning
2020-03-14 21:56:45.062 [main] DEBUG o.s.c.i.s.PathMatchingResourcePatternResolver - Resolved classpath location [springfox/documentation/swagger2/readers/parameter/] to resources []
2020-03-14 21:56:45.062 [main] DEBUG o.s.c.i.s.PathMatchingResourcePatternResolver - Resolved location pattern [classpath*:springfox/documentation/swagger2/readers/parameter/**/*.class] to resources []
2020-03-14 21:56:45.063 [main] DEBUG o.s.c.i.s.PathMatchingResourcePatternResolver - Resolved classpath location [springfox/documentation/swagger2/mappers/] to resources [URL [jar:file:/E:/1704A/repository/io/springfox/springfox-swagger2/2.7.0/springfox-swagger2-2.7.0.jar!/springfox/documentation/swagger2/mappers/]]
2020-03-14 21:56:45.063 [main] DEBUG o.s.c.i.s.PathMatchingResourcePatternResolver - Looking for matching resources in jar file [file:/E:/1704A/repository/io/springfox/springfox-swagger2/2.7.0/springfox-swagger2-2.7.0.jar]
2020-03-14 21:56:45.065 [main] DEBUG o.s.c.i.s.PathMatchingResourcePatternResolver - Resolved location pattern [classpath*:springfox/documentation/swagger2/mappers/**/*.class] to resources [URL [jar:file:/E:/1704A/repository/io/springfox/springfox-swagger2/2.7.0/springfox-swagger2-2.7.0.jar!/springfox/documentation/swagger2/mappers/ApiKeyAuthFactory.class], URL [jar:file:/E:/1704A/repository/io/springfox/springfox-swagger2/2.7.0/springfox-swagger2-2.7.0.jar!/springfox/documentation/swagger2/mappers/BasicAuthFactory.class], URL [jar:file:/E:/1704A/repository/io/springfox/springfox-swagger2/2.7.0/springfox-swagger2-2.7.0.jar!/springfox/documentation/swagger2/mappers/EnumMapper$1.class], URL [jar:file:/E:/1704A/repository/io/springfox/springfox-swagger2/2.7.0/springfox-swagger2-2.7.0.jar!/springfox/documentation/swagger2/mappers/EnumMapper.class], URL [jar:file:/E:/1704A/repository/io/springfox/springfox-swagger2/2.7.0/springfox-swagger2-2.7.0.jar!/springfox/documentation/swagger2/mappers/LicenseMapper$License.class], URL [jar:file:/E:/1704A/repository/io/springfox/springfox-swagger2/2.7.0/springfox-swagger2-2.7.0.jar!/springfox/documentation/swagger2/mappers/LicenseMapper$LicenseTranslator.class], URL [jar:file:/E:/1704A/repository/io/springfox/springfox-swagger2/2.7.0/springfox-swagger2-2.7.0.jar!/springfox/documentation/swagger2/mappers/LicenseMapper.class], URL [jar:file:/E:/1704A/repository/io/springfox/springfox-swagger2/2.7.0/springfox-swagger2-2.7.0.jar!/springfox/documentation/swagger2/mappers/LicenseMapperImpl.class], URL [jar:file:/E:/1704A/repository/io/springfox/springfox-swagger2/2.7.0/springfox-swagger2-2.7.0.jar!/springfox/documentation/swagger2/mappers/ModelMapper$1.class], URL [jar:file:/E:/1704A/repository/io/springfox/springfox-swagger2/2.7.0/springfox-swagger2-2.7.0.jar!/springfox/documentation/swagger2/mappers/ModelMapper$2.class], URL [jar:file:/E:/1704A/repository/io/springfox/springfox-swagger2/2.7.0/springfox-swagger2-2.7.0.jar!/springfox/documentation/swagger2/mappers/ModelMapper.class], URL [jar:file:/E:/1704A/repository/io/springfox/springfox-swagger2/2.7.0/springfox-swagger2-2.7.0.jar!/springfox/documentation/swagger2/mappers/ModelMapperImpl.class], URL [jar:file:/E:/1704A/repository/io/springfox/springfox-swagger2/2.7.0/springfox-swagger2-2.7.0.jar!/springfox/documentation/swagger2/mappers/OAuth2AuthFactory.class], URL [jar:file:/E:/1704A/repository/io/springfox/springfox-swagger2/2.7.0/springfox-swagger2-2.7.0.jar!/springfox/documentation/swagger2/mappers/ParameterMapper.class], URL [jar:file:/E:/1704A/repository/io/springfox/springfox-swagger2/2.7.0/springfox-swagger2-2.7.0.jar!/springfox/documentation/swagger2/mappers/ParameterMapperImpl.class], URL [jar:file:/E:/1704A/repository/io/springfox/springfox-swagger2/2.7.0/springfox-swagger2-2.7.0.jar!/springfox/documentation/swagger2/mappers/Properties$1.class], URL [jar:file:/E:/1704A/repository/io/springfox/springfox-swagger2/2.7.0/springfox-swagger2-2.7.0.jar!/springfox/documentation/swagger2/mappers/Properties$2.class], URL [jar:file:/E:/1704A/repository/io/springfox/springfox-swagger2/2.7.0/springfox-swagger2-2.7.0.jar!/springfox/documentation/swagger2/mappers/Properties$3.class], URL [jar:file:/E:/1704A/repository/io/springfox/springfox-swagger2/2.7.0/springfox-swagger2-2.7.0.jar!/springfox/documentation/swagger2/mappers/Properties$4.class], URL [jar:file:/E:/1704A/repository/io/springfox/springfox-swagger2/2.7.0/springfox-swagger2-2.7.0.jar!/springfox/documentation/swagger2/mappers/Properties$5.class], URL [jar:file:/E:/1704A/repository/io/springfox/springfox-swagger2/2.7.0/springfox-swagger2-2.7.0.jar!/springfox/documentation/swagger2/mappers/Properties$6.class], URL [jar:file:/E:/1704A/repository/io/springfox/springfox-swagger2/2.7.0/springfox-swagger2-2.7.0.jar!/springfox/documentation/swagger2/mappers/Properties$7.class], URL [jar:file:/E:/1704A/repository/io/springfox/springfox-swagger2/2.7.0/springfox-swagger2-2.7.0.jar!/springfox/documentation/swagger2/mappers/Properties$8.class], URL [jar:file:/E:/1704A/repository/io/springfox/springfox-swagger2/2.7.0/springfox-swagger2-2.7.0.jar!/springfox/documentation/swagger2/mappers/Properties.class], URL [jar:file:/E:/1704A/repository/io/springfox/springfox-swagger2/2.7.0/springfox-swagger2-2.7.0.jar!/springfox/documentation/swagger2/mappers/SecurityMapper$1.class], URL [jar:file:/E:/1704A/repository/io/springfox/springfox-swagger2/2.7.0/springfox-swagger2-2.7.0.jar!/springfox/documentation/swagger2/mappers/SecurityMapper$2.class], URL [jar:file:/E:/1704A/repository/io/springfox/springfox-swagger2/2.7.0/springfox-swagger2-2.7.0.jar!/springfox/documentation/swagger2/mappers/SecurityMapper.class], URL [jar:file:/E:/1704A/repository/io/springfox/springfox-swagger2/2.7.0/springfox-swagger2-2.7.0.jar!/springfox/documentation/swagger2/mappers/SecurityMapperImpl.class], URL [jar:file:/E:/1704A/repository/io/springfox/springfox-swagger2/2.7.0/springfox-swagger2-2.7.0.jar!/springfox/documentation/swagger2/mappers/SecuritySchemeFactory.class], URL [jar:file:/E:/1704A/repository/io/springfox/springfox-swagger2/2.7.0/springfox-swagger2-2.7.0.jar!/springfox/documentation/swagger2/mappers/SerializableParameterFactories$CookieSerializableParameterFactory.class], URL [jar:file:/E:/1704A/repository/io/springfox/springfox-swagger2/2.7.0/springfox-swagger2-2.7.0.jar!/springfox/documentation/swagger2/mappers/SerializableParameterFactories$FormSerializableParameterFactory.class], URL [jar:file:/E:/1704A/repository/io/springfox/springfox-swagger2/2.7.0/springfox-swagger2-2.7.0.jar!/springfox/documentation/swagger2/mappers/SerializableParameterFactories$HeaderSerializableParameterFactory.class], URL [jar:file:/E:/1704A/repository/io/springfox/springfox-swagger2/2.7.0/springfox-swagger2-2.7.0.jar!/springfox/documentation/swagger2/mappers/SerializableParameterFactories$NullSerializableParameterFactory.class], URL [jar:file:/E:/1704A/repository/io/springfox/springfox-swagger2/2.7.0/springfox-swagger2-2.7.0.jar!/springfox/documentation/swagger2/mappers/SerializableParameterFactories$PathSerializableParameterFactory.class], URL [jar:file:/E:/1704A/repository/io/springfox/springfox-swagger2/2.7.0/springfox-swagger2-2.7.0.jar!/springfox/documentation/swagger2/mappers/SerializableParameterFactories$QuerySerializableParameterFactory.class], URL [jar:file:/E:/1704A/repository/io/springfox/springfox-swagger2/2.7.0/springfox-swagger2-2.7.0.jar!/springfox/documentation/swagger2/mappers/SerializableParameterFactories.class], URL [jar:file:/E:/1704A/repository/io/springfox/springfox-swagger2/2.7.0/springfox-swagger2-2.7.0.jar!/springfox/documentation/swagger2/mappers/SerializableParameterFactory.class], URL [jar:file:/E:/1704A/repository/io/springfox/springfox-swagger2/2.7.0/springfox-swagger2-2.7.0.jar!/springfox/documentation/swagger2/mappers/ServiceModelToSwagger2Mapper$1.class], URL [jar:file:/E:/1704A/repository/io/springfox/springfox-swagger2/2.7.0/springfox-swagger2-2.7.0.jar!/springfox/documentation/swagger2/mappers/ServiceModelToSwagger2Mapper$2.class], URL [jar:file:/E:/1704A/repository/io/springfox/springfox-swagger2/2.7.0/springfox-swagger2-2.7.0.jar!/springfox/documentation/swagger2/mappers/ServiceModelToSwagger2Mapper$3.class], URL [jar:file:/E:/1704A/repository/io/springfox/springfox-swagger2/2.7.0/springfox-swagger2-2.7.0.jar!/springfox/documentation/swagger2/mappers/ServiceModelToSwagger2Mapper.class], URL [jar:file:/E:/1704A/repository/io/springfox/springfox-swagger2/2.7.0/springfox-swagger2-2.7.0.jar!/springfox/documentation/swagger2/mappers/ServiceModelToSwagger2MapperImpl.class], URL [jar:file:/E:/1704A/repository/io/springfox/springfox-swagger2/2.7.0/springfox-swagger2-2.7.0.jar!/springfox/documentation/swagger2/mappers/VendorExtensionsMapper$1.class], URL [jar:file:/E:/1704A/repository/io/springfox/springfox-swagger2/2.7.0/springfox-swagger2-2.7.0.jar!/springfox/documentation/swagger2/mappers/VendorExtensionsMapper.class], URL [jar:file:/E:/1704A/repository/io/springfox/springfox-swagger2/2.7.0/springfox-swagger2-2.7.0.jar!/springfox/documentation/swagger2/mappers/VendorExtensionsMapperImpl.class]]
2020-03-14 21:56:45.079 [main] DEBUG o.s.c.a.ClassPathBeanDefinitionScanner - Identified candidate component class: URL [jar:file:/E:/1704A/repository/io/springfox/springfox-swagger2/2.7.0/springfox-swagger2-2.7.0.jar!/springfox/documentation/swagger2/mappers/LicenseMapperImpl.class]
2020-03-14 21:56:45.091 [main] DEBUG o.s.c.a.ClassPathBeanDefinitionScanner - Identified candidate component class: URL [jar:file:/E:/1704A/repository/io/springfox/springfox-swagger2/2.7.0/springfox-swagger2-2.7.0.jar!/springfox/documentation/swagger2/mappers/ModelMapperImpl.class]
2020-03-14 21:56:45.097 [main] DEBUG o.s.c.a.ClassPathBeanDefinitionScanner - Identified candidate component class: URL [jar:file:/E:/1704A/repository/io/springfox/springfox-swagger2/2.7.0/springfox-swagger2-2.7.0.jar!/springfox/documentation/swagger2/mappers/ParameterMapperImpl.class]
2020-03-14 21:56:45.112 [main] DEBUG o.s.c.a.ClassPathBeanDefinitionScanner - Identified candidate component class: URL [jar:file:/E:/1704A/repository/io/springfox/springfox-swagger2/2.7.0/springfox-swagger2-2.7.0.jar!/springfox/documentation/swagger2/mappers/SecurityMapperImpl.class]
2020-03-14 21:56:45.122 [main] DEBUG o.s.c.a.ClassPathBeanDefinitionScanner - Identified candidate component class: URL [jar:file:/E:/1704A/repository/io/springfox/springfox-swagger2/2.7.0/springfox-swagger2-2.7.0.jar!/springfox/documentation/swagger2/mappers/ServiceModelToSwagger2MapperImpl.class]
2020-03-14 21:56:45.126 [main] DEBUG o.s.c.a.ClassPathBeanDefinitionScanner - Identified candidate component class: URL [jar:file:/E:/1704A/repository/io/springfox/springfox-swagger2/2.7.0/springfox-swagger2-2.7.0.jar!/springfox/documentation/swagger2/mappers/VendorExtensionsMapperImpl.class]
2020-03-14 21:56:45.142 [main] DEBUG o.s.c.a.ClassPathBeanDefinitionScanner - JSR-250 'javax.annotation.ManagedBean' found and supported for component scanning
2020-03-14 21:56:45.142 [main] DEBUG o.s.c.a.ClassPathBeanDefinitionScanner - JSR-330 'javax.inject.Named' annotation found and supported for component scanning
2020-03-14 21:56:45.144 [main] DEBUG o.s.c.i.s.PathMatchingResourcePatternResolver - Resolved classpath location [springfox/documentation/spring/web/scanners/] to resources [URL [jar:file:/E:/1704A/repository/io/springfox/springfox-spring-web/2.7.0/springfox-spring-web-2.7.0.jar!/springfox/documentation/spring/web/scanners/]]
2020-03-14 21:56:45.144 [main] DEBUG o.s.c.i.s.PathMatchingResourcePatternResolver - Looking for matching resources in jar file [file:/E:/1704A/repository/io/springfox/springfox-spring-web/2.7.0/springfox-spring-web-2.7.0.jar]
2020-03-14 21:56:45.145 [main] DEBUG o.s.c.i.s.PathMatchingResourcePatternResolver - Resolved location pattern [classpath*:springfox/documentation/spring/web/scanners/**/*.class] to resources [URL [jar:file:/E:/1704A/repository/io/springfox/springfox-spring-web/2.7.0/springfox-spring-web-2.7.0.jar!/springfox/documentation/spring/web/scanners/ApiDescriptionLookup.class], URL [jar:file:/E:/1704A/repository/io/springfox/springfox-spring-web/2.7.0/springfox-spring-web-2.7.0.jar!/springfox/documentation/spring/web/scanners/ApiDescriptionReader.class], URL [jar:file:/E:/1704A/repository/io/springfox/springfox-spring-web/2.7.0/springfox-spring-web-2.7.0.jar!/springfox/documentation/spring/web/scanners/ApiDocumentationScanner$1.class], URL [jar:file:/E:/1704A/repository/io/springfox/springfox-spring-web/2.7.0/springfox-spring-web-2.7.0.jar!/springfox/documentation/spring/web/scanners/ApiDocumentationScanner$2.class], URL [jar:file:/E:/1704A/repository/io/springfox/springfox-spring-web/2.7.0/springfox-spring-web-2.7.0.jar!/springfox/documentation/spring/web/scanners/ApiDocumentationScanner.class], URL [jar:file:/E:/1704A/repository/io/springfox/springfox-spring-web/2.7.0/springfox-spring-web-2.7.0.jar!/springfox/documentation/spring/web/scanners/ApiListingReader$1.class], URL [jar:file:/E:/1704A/repository/io/springfox/springfox-spring-web/2.7.0/springfox-spring-web-2.7.0.jar!/springfox/documentation/spring/web/scanners/ApiListingReader.class], URL [jar:file:/E:/1704A/repository/io/springfox/springfox-spring-web/2.7.0/springfox-spring-web-2.7.0.jar!/springfox/documentation/spring/web/scanners/ApiListingReferenceScanner.class], URL [jar:file:/E:/1704A/repository/io/springfox/springfox-spring-web/2.7.0/springfox-spring-web-2.7.0.jar!/springfox/documentation/spring/web/scanners/ApiListingReferenceScanResult.class], URL [jar:file:/E:/1704A/repository/io/springfox/springfox-spring-web/2.7.0/springfox-spring-web-2.7.0.jar!/springfox/documentation/spring/web/scanners/ApiListingScanner$1.class], URL [jar:file:/E:/1704A/repository/io/springfox/springfox-spring-web/2.7.0/springfox-spring-web-2.7.0.jar!/springfox/documentation/spring/web/scanners/ApiListingScanner.class], URL [jar:file:/E:/1704A/repository/io/springfox/springfox-spring-web/2.7.0/springfox-spring-web-2.7.0.jar!/springfox/documentation/spring/web/scanners/ApiListingScanningContext.class], URL [jar:file:/E:/1704A/repository/io/springfox/springfox-spring-web/2.7.0/springfox-spring-web-2.7.0.jar!/springfox/documentation/spring/web/scanners/ApiModelReader.class], URL [jar:file:/E:/1704A/repository/io/springfox/springfox-spring-web/2.7.0/springfox-spring-web-2.7.0.jar!/springfox/documentation/spring/web/scanners/CachingOperationReader$1.class], URL [jar:file:/E:/1704A/repository/io/springfox/springfox-spring-web/2.7.0/springfox-spring-web-2.7.0.jar!/springfox/documentation/spring/web/scanners/CachingOperationReader.class], URL [jar:file:/E:/1704A/repository/io/springfox/springfox-spring-web/2.7.0/springfox-spring-web-2.7.0.jar!/springfox/documentation/spring/web/scanners/MediaTypeReader.class]]
2020-03-14 21:56:45.151 [main] DEBUG o.s.c.a.ClassPathBeanDefinitionScanner - Identified candidate component class: URL [jar:file:/E:/1704A/repository/io/springfox/springfox-spring-web/2.7.0/springfox-spring-web-2.7.0.jar!/springfox/documentation/spring/web/scanners/ApiDescriptionLookup.class]
2020-03-14 21:56:45.153 [main] DEBUG o.s.c.a.ClassPathBeanDefinitionScanner - Identified candidate component class: URL [jar:file:/E:/1704A/repository/io/springfox/springfox-spring-web/2.7.0/springfox-spring-web-2.7.0.jar!/springfox/documentation/spring/web/scanners/ApiDescriptionReader.class]
2020-03-14 21:56:45.157 [main] DEBUG o.s.c.a.ClassPathBeanDefinitionScanner - Identified candidate component class: URL [jar:file:/E:/1704A/repository/io/springfox/springfox-spring-web/2.7.0/springfox-spring-web-2.7.0.jar!/springfox/documentation/spring/web/scanners/ApiDocumentationScanner.class]
2020-03-14 21:56:45.159 [main] DEBUG o.s.c.a.ClassPathBeanDefinitionScanner - Identified candidate component class: URL [jar:file:/E:/1704A/repository/io/springfox/springfox-spring-web/2.7.0/springfox-spring-web-2.7.0.jar!/springfox/documentation/spring/web/scanners/ApiListingReader.class]
2020-03-14 21:56:45.160 [main] DEBUG o.s.c.a.ClassPathBeanDefinitionScanner - Identified candidate component class: URL [jar:file:/E:/1704A/repository/io/springfox/springfox-spring-web/2.7.0/springfox-spring-web-2.7.0.jar!/springfox/documentation/spring/web/scanners/ApiListingReferenceScanner.class]
2020-03-14 21:56:45.163 [main] DEBUG o.s.c.a.ClassPathBeanDefinitionScanner - Identified candidate component class: URL [jar:file:/E:/1704A/repository/io/springfox/springfox-spring-web/2.7.0/springfox-spring-web-2.7.0.jar!/springfox/documentation/spring/web/scanners/ApiListingScanner.class]
2020-03-14 21:56:45.164 [main] DEBUG o.s.c.a.ClassPathBeanDefinitionScanner - Identified candidate component class: URL [jar:file:/E:/1704A/repository/io/springfox/springfox-spring-web/2.7.0/springfox-spring-web-2.7.0.jar!/springfox/documentation/spring/web/scanners/ApiModelReader.class]
2020-03-14 21:56:45.165 [main] DEBUG o.s.c.a.ClassPathBeanDefinitionScanner - Identified candidate component class: URL [jar:file:/E:/1704A/repository/io/springfox/springfox-spring-web/2.7.0/springfox-spring-web-2.7.0.jar!/springfox/documentation/spring/web/scanners/CachingOperationReader.class]
2020-03-14 21:56:45.166 [main] DEBUG o.s.c.a.ClassPathBeanDefinitionScanner - Identified candidate component class: URL [jar:file:/E:/1704A/repository/io/springfox/springfox-spring-web/2.7.0/springfox-spring-web-2.7.0.jar!/springfox/documentation/spring/web/scanners/MediaTypeReader.class]
2020-03-14 21:56:45.168 [main] DEBUG o.s.c.i.s.PathMatchingResourcePatternResolver - Resolved classpath location [springfox/documentation/spring/web/readers/operation/] to resources [URL [jar:file:/E:/1704A/repository/io/springfox/springfox-spring-web/2.7.0/springfox-spring-web-2.7.0.jar!/springfox/documentation/spring/web/readers/operation/]]
2020-03-14 21:56:45.169 [main] DEBUG o.s.c.i.s.PathMatchingResourcePatternResolver - Looking for matching resources in jar file [file:/E:/1704A/repository/io/springfox/springfox-spring-web/2.7.0/springfox-spring-web-2.7.0.jar]
2020-03-14 21:56:45.174 [main] DEBUG o.s.c.i.s.PathMatchingResourcePatternResolver - Resolved location pattern [classpath*:springfox/documentation/spring/web/readers/operation/**/*.class] to resources [URL [jar:file:/E:/1704A/repository/io/springfox/springfox-spring-web/2.7.0/springfox-spring-web-2.7.0.jar!/springfox/documentation/spring/web/readers/operation/AbstractOperationParameterRequestConditionReader.class], URL [jar:file:/E:/1704A/repository/io/springfox/springfox-spring-web/2.7.0/springfox-spring-web-2.7.0.jar!/springfox/documentation/spring/web/readers/operation/ApiOperationReader.class], URL [jar:file:/E:/1704A/repository/io/springfox/springfox-spring-web/2.7.0/springfox-spring-web-2.7.0.jar!/springfox/documentation/spring/web/readers/operation/CachingOperationNameGenerator.class], URL [jar:file:/E:/1704A/repository/io/springfox/springfox-spring-web/2.7.0/springfox-spring-web-2.7.0.jar!/springfox/documentation/spring/web/readers/operation/DefaultOperationReader.class], URL [jar:file:/E:/1704A/repository/io/springfox/springfox-spring-web/2.7.0/springfox-spring-web-2.7.0.jar!/springfox/documentation/spring/web/readers/operation/DefaultTagsProvider.class], URL [jar:file:/E:/1704A/repository/io/springfox/springfox-spring-web/2.7.0/springfox-spring-web-2.7.0.jar!/springfox/documentation/spring/web/readers/operation/HandlerMethodResolver$1.class], URL [jar:file:/E:/1704A/repository/io/springfox/springfox-spring-web/2.7.0/springfox-spring-web-2.7.0.jar!/springfox/documentation/spring/web/readers/operation/HandlerMethodResolver$2.class], URL [jar:file:/E:/1704A/repository/io/springfox/springfox-spring-web/2.7.0/springfox-spring-web-2.7.0.jar!/springfox/documentation/spring/web/readers/operation/HandlerMethodResolver$3.class], URL [jar:file:/E:/1704A/repository/io/springfox/springfox-spring-web/2.7.0/springfox-spring-web-2.7.0.jar!/springfox/documentation/spring/web/readers/operation/HandlerMethodResolver$4.class], URL [jar:file:/E:/1704A/repository/io/springfox/springfox-spring-web/2.7.0/springfox-spring-web-2.7.0.jar!/springfox/documentation/spring/web/readers/operation/HandlerMethodResolver$5.class], URL [jar:file:/E:/1704A/repository/io/springfox/springfox-spring-web/2.7.0/springfox-spring-web-2.7.0.jar!/springfox/documentation/spring/web/readers/operation/HandlerMethodResolver$6.class], URL [jar:file:/E:/1704A/repository/io/springfox/springfox-spring-web/2.7.0/springfox-spring-web-2.7.0.jar!/springfox/documentation/spring/web/readers/operation/HandlerMethodResolver$7.class], URL [jar:file:/E:/1704A/repository/io/springfox/springfox-spring-web/2.7.0/springfox-spring-web-2.7.0.jar!/springfox/documentation/spring/web/readers/operation/HandlerMethodResolver.class], URL [jar:file:/E:/1704A/repository/io/springfox/springfox-spring-web/2.7.0/springfox-spring-web-2.7.0.jar!/springfox/documentation/spring/web/readers/operation/OperationDeprecatedReader.class], URL [jar:file:/E:/1704A/repository/io/springfox/springfox-spring-web/2.7.0/springfox-spring-web-2.7.0.jar!/springfox/documentation/spring/web/readers/operation/OperationModelsProvider.class], URL [jar:file:/E:/1704A/repository/io/springfox/springfox-spring-web/2.7.0/springfox-spring-web-2.7.0.jar!/springfox/documentation/spring/web/readers/operation/OperationParameterHeadersConditionReader.class], URL [jar:file:/E:/1704A/repository/io/springfox/springfox-spring-web/2.7.0/springfox-spring-web-2.7.0.jar!/springfox/documentation/spring/web/readers/operation/OperationParameterReader$1.class], URL [jar:file:/E:/1704A/repository/io/springfox/springfox-spring-web/2.7.0/springfox-spring-web-2.7.0.jar!/springfox/documentation/spring/web/readers/operation/OperationParameterReader$2.class], URL [jar:file:/E:/1704A/repository/io/springfox/springfox-spring-web/2.7.0/springfox-spring-web-2.7.0.jar!/springfox/documentation/spring/web/readers/operation/OperationParameterReader$3.class], URL [jar:file:/E:/1704A/repository/io/springfox/springfox-spring-web/2.7.0/springfox-spring-web-2.7.0.jar!/springfox/documentation/spring/web/readers/operation/OperationParameterReader.class], URL [jar:file:/E:/1704A/repository/io/springfox/springfox-spring-web/2.7.0/springfox-spring-web-2.7.0.jar!/springfox/documentation/spring/web/readers/operation/OperationParameterRequestConditionReader.class], URL [jar:file:/E:/1704A/repository/io/springfox/springfox-spring-web/2.7.0/springfox-spring-web-2.7.0.jar!/springfox/documentation/spring/web/readers/operation/OperationReader.class], URL [jar:file:/E:/1704A/repository/io/springfox/springfox-spring-web/2.7.0/springfox-spring-web-2.7.0.jar!/springfox/documentation/spring/web/readers/operation/OperationResponseClassReader.class], URL [jar:file:/E:/1704A/repository/io/springfox/springfox-spring-web/2.7.0/springfox-spring-web-2.7.0.jar!/springfox/documentation/spring/web/readers/operation/OperationTagsReader.class], URL [jar:file:/E:/1704A/repository/io/springfox/springfox-spring-web/2.7.0/springfox-spring-web-2.7.0.jar!/springfox/documentation/spring/web/readers/operation/ResponseMessagesReader.class]]
2020-03-14 21:56:45.176 [main] DEBUG o.s.c.a.ClassPathBeanDefinitionScanner - Identified candidate component class: URL [jar:file:/E:/1704A/repository/io/springfox/springfox-spring-web/2.7.0/springfox-spring-web-2.7.0.jar!/springfox/documentation/spring/web/readers/operation/ApiOperationReader.class]
2020-03-14 21:56:45.177 [main] DEBUG o.s.c.a.ClassPathBeanDefinitionScanner - Identified candidate component class: URL [jar:file:/E:/1704A/repository/io/springfox/springfox-spring-web/2.7.0/springfox-spring-web-2.7.0.jar!/springfox/documentation/spring/web/readers/operation/CachingOperationNameGenerator.class]
2020-03-14 21:56:45.177 [main] DEBUG o.s.c.a.ClassPathBeanDefinitionScanner - Identified candidate component class: URL [jar:file:/E:/1704A/repository/io/springfox/springfox-spring-web/2.7.0/springfox-spring-web-2.7.0.jar!/springfox/documentation/spring/web/readers/operation/DefaultOperationReader.class]
2020-03-14 21:56:45.177 [main] DEBUG o.s.c.a.ClassPathBeanDefinitionScanner - Identified candidate component class: URL [jar:file:/E:/1704A/repository/io/springfox/springfox-spring-web/2.7.0/springfox-spring-web-2.7.0.jar!/springfox/documentation/spring/web/readers/operation/DefaultTagsProvider.class]
2020-03-14 21:56:45.180 [main] DEBUG o.s.c.a.ClassPathBeanDefinitionScanner - Identified candidate component class: URL [jar:file:/E:/1704A/repository/io/springfox/springfox-spring-web/2.7.0/springfox-spring-web-2.7.0.jar!/springfox/documentation/spring/web/readers/operation/OperationDeprecatedReader.class]
2020-03-14 21:56:45.182 [main] DEBUG o.s.c.a.ClassPathBeanDefinitionScanner - Identified candidate component class: URL [jar:file:/E:/1704A/repository/io/springfox/springfox-spring-web/2.7.0/springfox-spring-web-2.7.0.jar!/springfox/documentation/spring/web/readers/operation/OperationModelsProvider.class]
2020-03-14 21:56:45.183 [main] DEBUG o.s.c.a.ClassPathBeanDefinitionScanner - Identified candidate component class: URL [jar:file:/E:/1704A/repository/io/springfox/springfox-spring-web/2.7.0/springfox-spring-web-2.7.0.jar!/springfox/documentation/spring/web/readers/operation/OperationParameterHeadersConditionReader.class]
2020-03-14 21:56:45.185 [main] DEBUG o.s.c.a.ClassPathBeanDefinitionScanner - Identified candidate component class: URL [jar:file:/E:/1704A/repository/io/springfox/springfox-spring-web/2.7.0/springfox-spring-web-2.7.0.jar!/springfox/documentation/spring/web/readers/operation/OperationParameterReader.class]
2020-03-14 21:56:45.185 [main] DEBUG o.s.c.a.ClassPathBeanDefinitionScanner - Identified candidate component class: URL [jar:file:/E:/1704A/repository/io/springfox/springfox-spring-web/2.7.0/springfox-spring-web-2.7.0.jar!/springfox/documentation/spring/web/readers/operation/OperationParameterRequestConditionReader.class]
2020-03-14 21:56:45.187 [main] DEBUG o.s.c.a.ClassPathBeanDefinitionScanner - Identified candidate component class: URL [jar:file:/E:/1704A/repository/io/springfox/springfox-spring-web/2.7.0/springfox-spring-web-2.7.0.jar!/springfox/documentation/spring/web/readers/operation/OperationResponseClassReader.class]
2020-03-14 21:56:45.188 [main] DEBUG o.s.c.a.ClassPathBeanDefinitionScanner - Identified candidate component class: URL [jar:file:/E:/1704A/repository/io/springfox/springfox-spring-web/2.7.0/springfox-spring-web-2.7.0.jar!/springfox/documentation/spring/web/readers/operation/OperationTagsReader.class]
2020-03-14 21:56:45.188 [main] DEBUG o.s.c.a.ClassPathBeanDefinitionScanner - Identified candidate component class: URL [jar:file:/E:/1704A/repository/io/springfox/springfox-spring-web/2.7.0/springfox-spring-web-2.7.0.jar!/springfox/documentation/spring/web/readers/operation/ResponseMessagesReader.class]
2020-03-14 21:56:45.189 [main] DEBUG o.s.c.i.s.PathMatchingResourcePatternResolver - Resolved classpath location [springfox/documentation/spring/web/readers/parameter/] to resources [URL [jar:file:/E:/1704A/repository/io/springfox/springfox-spring-web/2.7.0/springfox-spring-web-2.7.0.jar!/springfox/documentation/spring/web/readers/parameter/]]
2020-03-14 21:56:45.190 [main] DEBUG o.s.c.i.s.PathMatchingResourcePatternResolver - Looking for matching resources in jar file [file:/E:/1704A/repository/io/springfox/springfox-spring-web/2.7.0/springfox-spring-web-2.7.0.jar]
2020-03-14 21:56:45.196 [main] DEBUG o.s.c.i.s.PathMatchingResourcePatternResolver - Resolved location pattern [classpath*:springfox/documentation/spring/web/readers/parameter/**/*.class] to resources [URL [jar:file:/E:/1704A/repository/io/springfox/springfox-spring-web/2.7.0/springfox-spring-web-2.7.0.jar!/springfox/documentation/spring/web/readers/parameter/ExpandedParameterBuilder$1.class], URL [jar:file:/E:/1704A/repository/io/springfox/springfox-spring-web/2.7.0/springfox-spring-web-2.7.0.jar!/springfox/documentation/spring/web/readers/parameter/ExpandedParameterBuilder.class], URL [jar:file:/E:/1704A/repository/io/springfox/springfox-spring-web/2.7.0/springfox-spring-web-2.7.0.jar!/springfox/documentation/spring/web/readers/parameter/ExpansionContext.class], URL [jar:file:/E:/1704A/repository/io/springfox/springfox-spring-web/2.7.0/springfox-spring-web-2.7.0.jar!/springfox/documentation/spring/web/readers/parameter/ModelAttributeField.class], URL [jar:file:/E:/1704A/repository/io/springfox/springfox-spring-web/2.7.0/springfox-spring-web-2.7.0.jar!/springfox/documentation/spring/web/readers/parameter/ModelAttributeParameterExpander$1.class], URL [jar:file:/E:/1704A/repository/io/springfox/springfox-spring-web/2.7.0/springfox-spring-web-2.7.0.jar!/springfox/documentation/spring/web/readers/parameter/ModelAttributeParameterExpander$10.class], URL [jar:file:/E:/1704A/repository/io/springfox/springfox-spring-web/2.7.0/springfox-spring-web-2.7.0.jar!/springfox/documentation/spring/web/readers/parameter/ModelAttributeParameterExpander$11.class], URL [jar:file:/E:/1704A/repository/io/springfox/springfox-spring-web/2.7.0/springfox-spring-web-2.7.0.jar!/springfox/documentation/spring/web/readers/parameter/ModelAttributeParameterExpander$2.class], URL [jar:file:/E:/1704A/repository/io/springfox/springfox-spring-web/2.7.0/springfox-spring-web-2.7.0.jar!/springfox/documentation/spring/web/readers/parameter/ModelAttributeParameterExpander$3.class], URL [jar:file:/E:/1704A/repository/io/springfox/springfox-spring-web/2.7.0/springfox-spring-web-2.7.0.jar!/springfox/documentation/spring/web/readers/parameter/ModelAttributeParameterExpander$4.class], URL [jar:file:/E:/1704A/repository/io/springfox/springfox-spring-web/2.7.0/springfox-spring-web-2.7.0.jar!/springfox/documentation/spring/web/readers/parameter/ModelAttributeParameterExpander$5.class], URL [jar:file:/E:/1704A/repository/io/springfox/springfox-spring-web/2.7.0/springfox-spring-web-2.7.0.jar!/springfox/documentation/spring/web/readers/parameter/ModelAttributeParameterExpander$6.class], URL [jar:file:/E:/1704A/repository/io/springfox/springfox-spring-web/2.7.0/springfox-spring-web-2.7.0.jar!/springfox/documentation/spring/web/readers/parameter/ModelAttributeParameterExpander$7.class], URL [jar:file:/E:/1704A/repository/io/springfox/springfox-spring-web/2.7.0/springfox-spring-web-2.7.0.jar!/springfox/documentation/spring/web/readers/parameter/ModelAttributeParameterExpander$8.class], URL [jar:file:/E:/1704A/repository/io/springfox/springfox-spring-web/2.7.0/springfox-spring-web-2.7.0.jar!/springfox/documentation/spring/web/readers/parameter/ModelAttributeParameterExpander$9.class], URL [jar:file:/E:/1704A/repository/io/springfox/springfox-spring-web/2.7.0/springfox-spring-web-2.7.0.jar!/springfox/documentation/spring/web/readers/parameter/ModelAttributeParameterExpander.class], URL [jar:file:/E:/1704A/repository/io/springfox/springfox-spring-web/2.7.0/springfox-spring-web-2.7.0.jar!/springfox/documentation/spring/web/readers/parameter/ParameterDataTypeReader.class], URL [jar:file:/E:/1704A/repository/io/springfox/springfox-spring-web/2.7.0/springfox-spring-web-2.7.0.jar!/springfox/documentation/spring/web/readers/parameter/ParameterDefaultReader.class], URL [jar:file:/E:/1704A/repository/io/springfox/springfox-spring-web/2.7.0/springfox-spring-web-2.7.0.jar!/springfox/documentation/spring/web/readers/parameter/ParameterMultiplesReader.class], URL [jar:file:/E:/1704A/repository/io/springfox/springfox-spring-web/2.7.0/springfox-spring-web-2.7.0.jar!/springfox/documentation/spring/web/readers/parameter/ParameterNameReader$1.class], URL [jar:file:/E:/1704A/repository/io/springfox/springfox-spring-web/2.7.0/springfox-spring-web-2.7.0.jar!/springfox/documentation/spring/web/readers/parameter/ParameterNameReader$2.class], URL [jar:file:/E:/1704A/repository/io/springfox/springfox-spring-web/2.7.0/springfox-spring-web-2.7.0.jar!/springfox/documentation/spring/web/readers/parameter/ParameterNameReader$3.class], URL [jar:file:/E:/1704A/repository/io/springfox/springfox-spring-web/2.7.0/springfox-spring-web-2.7.0.jar!/springfox/documentation/spring/web/readers/parameter/ParameterNameReader$4.class], URL [jar:file:/E:/1704A/repository/io/springfox/springfox-spring-web/2.7.0/springfox-spring-web-2.7.0.jar!/springfox/documentation/spring/web/readers/parameter/ParameterNameReader.class], URL [jar:file:/E:/1704A/repository/io/springfox/springfox-spring-web/2.7.0/springfox-spring-web-2.7.0.jar!/springfox/documentation/spring/web/readers/parameter/ParameterRequiredReader.class], URL [jar:file:/E:/1704A/repository/io/springfox/springfox-spring-web/2.7.0/springfox-spring-web-2.7.0.jar!/springfox/documentation/spring/web/readers/parameter/ParameterTypeReader.class]]
2020-03-14 21:56:45.200 [main] DEBUG o.s.c.a.ClassPathBeanDefinitionScanner - Identified candidate component class: URL [jar:file:/E:/1704A/repository/io/springfox/springfox-spring-web/2.7.0/springfox-spring-web-2.7.0.jar!/springfox/documentation/spring/web/readers/parameter/ExpandedParameterBuilder.class]
2020-03-14 21:56:45.220 [main] DEBUG o.s.c.a.ClassPathBeanDefinitionScanner - Identified candidate component class: URL [jar:file:/E:/1704A/repository/io/springfox/springfox-spring-web/2.7.0/springfox-spring-web-2.7.0.jar!/springfox/documentation/spring/web/readers/parameter/ModelAttributeParameterExpander.class]
2020-03-14 21:56:45.221 [main] DEBUG o.s.c.a.ClassPathBeanDefinitionScanner - Identified candidate component class: URL [jar:file:/E:/1704A/repository/io/springfox/springfox-spring-web/2.7.0/springfox-spring-web-2.7.0.jar!/springfox/documentation/spring/web/readers/parameter/ParameterDataTypeReader.class]
2020-03-14 21:56:45.221 [main] DEBUG o.s.c.a.ClassPathBeanDefinitionScanner - Identified candidate component class: URL [jar:file:/E:/1704A/repository/io/springfox/springfox-spring-web/2.7.0/springfox-spring-web-2.7.0.jar!/springfox/documentation/spring/web/readers/parameter/ParameterDefaultReader.class]
2020-03-14 21:56:45.222 [main] DEBUG o.s.c.a.ClassPathBeanDefinitionScanner - Identified candidate component class: URL [jar:file:/E:/1704A/repository/io/springfox/springfox-spring-web/2.7.0/springfox-spring-web-2.7.0.jar!/springfox/documentation/spring/web/readers/parameter/ParameterMultiplesReader.class]
2020-03-14 21:56:45.227 [main] DEBUG o.s.c.a.ClassPathBeanDefinitionScanner - Identified candidate component class: URL [jar:file:/E:/1704A/repository/io/springfox/springfox-spring-web/2.7.0/springfox-spring-web-2.7.0.jar!/springfox/documentation/spring/web/readers/parameter/ParameterNameReader.class]
2020-03-14 21:56:45.229 [main] DEBUG o.s.c.a.ClassPathBeanDefinitionScanner - Identified candidate component class: URL [jar:file:/E:/1704A/repository/io/springfox/springfox-spring-web/2.7.0/springfox-spring-web-2.7.0.jar!/springfox/documentation/spring/web/readers/parameter/ParameterRequiredReader.class]
2020-03-14 21:56:45.230 [main] DEBUG o.s.c.a.ClassPathBeanDefinitionScanner - Identified candidate component class: URL [jar:file:/E:/1704A/repository/io/springfox/springfox-spring-web/2.7.0/springfox-spring-web-2.7.0.jar!/springfox/documentation/spring/web/readers/parameter/ParameterTypeReader.class]
2020-03-14 21:56:45.232 [main] DEBUG o.s.c.i.s.PathMatchingResourcePatternResolver - Resolved classpath location [springfox/documentation/spring/web/plugins/] to resources [URL [jar:file:/E:/1704A/repository/io/springfox/springfox-spring-web/2.7.0/springfox-spring-web-2.7.0.jar!/springfox/documentation/spring/web/plugins/]]
2020-03-14 21:56:45.232 [main] DEBUG o.s.c.i.s.PathMatchingResourcePatternResolver - Looking for matching resources in jar file [file:/E:/1704A/repository/io/springfox/springfox-spring-web/2.7.0/springfox-spring-web-2.7.0.jar]
2020-03-14 21:56:45.233 [main] DEBUG o.s.c.i.s.PathMatchingResourcePatternResolver - Resolved location pattern [classpath*:springfox/documentation/spring/web/plugins/**/*.class] to resources [URL [jar:file:/E:/1704A/repository/io/springfox/springfox-spring-web/2.7.0/springfox-spring-web-2.7.0.jar!/springfox/documentation/spring/web/plugins/ApiSelectorBuilder$1.class], URL [jar:file:/E:/1704A/repository/io/springfox/springfox-spring-web/2.7.0/springfox-spring-web-2.7.0.jar!/springfox/documentation/spring/web/plugins/ApiSelectorBuilder.class], URL [jar:file:/E:/1704A/repository/io/springfox/springfox-spring-web/2.7.0/springfox-spring-web-2.7.0.jar!/springfox/documentation/spring/web/plugins/CombinedRequestHandler.class], URL [jar:file:/E:/1704A/repository/io/springfox/springfox-spring-web/2.7.0/springfox-spring-web-2.7.0.jar!/springfox/documentation/spring/web/plugins/DefaultConfiguration.class], URL [jar:file:/E:/1704A/repository/io/springfox/springfox-spring-web/2.7.0/springfox-spring-web-2.7.0.jar!/springfox/documentation/spring/web/plugins/DefaultRequestHandlerCombiner$1.class], URL [jar:file:/E:/1704A/repository/io/springfox/springfox-spring-web/2.7.0/springfox-spring-web-2.7.0.jar!/springfox/documentation/spring/web/plugins/DefaultRequestHandlerCombiner.class], URL [jar:file:/E:/1704A/repository/io/springfox/springfox-spring-web/2.7.0/springfox-spring-web-2.7.0.jar!/springfox/documentation/spring/web/plugins/Docket$1.class], URL [jar:file:/E:/1704A/repository/io/springfox/springfox-spring-web/2.7.0/springfox-spring-web-2.7.0.jar!/springfox/documentation/spring/web/plugins/Docket$2.class], URL [jar:file:/E:/1704A/repository/io/springfox/springfox-spring-web/2.7.0/springfox-spring-web-2.7.0.jar!/springfox/documentation/spring/web/plugins/Docket$3.class], URL [jar:file:/E:/1704A/repository/io/springfox/springfox-spring-web/2.7.0/springfox-spring-web-2.7.0.jar!/springfox/documentation/spring/web/plugins/Docket$4.class], URL [jar:file:/E:/1704A/repository/io/springfox/springfox-spring-web/2.7.0/springfox-spring-web-2.7.0.jar!/springfox/documentation/spring/web/plugins/Docket.class], URL [jar:file:/E:/1704A/repository/io/springfox/springfox-spring-web/2.7.0/springfox-spring-web-2.7.0.jar!/springfox/documentation/spring/web/plugins/DocumentationPluginsBootstrapper$1.class], URL [jar:file:/E:/1704A/repository/io/springfox/springfox-spring-web/2.7.0/springfox-spring-web-2.7.0.jar!/springfox/documentation/spring/web/plugins/DocumentationPluginsBootstrapper$2.class], URL [jar:file:/E:/1704A/repository/io/springfox/springfox-spring-web/2.7.0/springfox-spring-web-2.7.0.jar!/springfox/documentation/spring/web/plugins/DocumentationPluginsBootstrapper.class], URL [jar:file:/E:/1704A/repository/io/springfox/springfox-spring-web/2.7.0/springfox-spring-web-2.7.0.jar!/springfox/documentation/spring/web/plugins/DocumentationPluginsManager$1.class], URL [jar:file:/E:/1704A/repository/io/springfox/springfox-spring-web/2.7.0/springfox-spring-web-2.7.0.jar!/springfox/documentation/spring/web/plugins/DocumentationPluginsManager$2.class], URL [jar:file:/E:/1704A/repository/io/springfox/springfox-spring-web/2.7.0/springfox-spring-web-2.7.0.jar!/springfox/documentation/spring/web/plugins/DocumentationPluginsManager.class], URL [jar:file:/E:/1704A/repository/io/springfox/springfox-spring-web/2.7.0/springfox-spring-web-2.7.0.jar!/springfox/documentation/spring/web/plugins/DuplicateGroupsDetector$1.class], URL [jar:file:/E:/1704A/repository/io/springfox/springfox-spring-web/2.7.0/springfox-spring-web-2.7.0.jar!/springfox/documentation/spring/web/plugins/DuplicateGroupsDetector$2.class], URL [jar:file:/E:/1704A/repository/io/springfox/springfox-spring-web/2.7.0/springfox-spring-web-2.7.0.jar!/springfox/documentation/spring/web/plugins/DuplicateGroupsDetector$3.class], URL [jar:file:/E:/1704A/repository/io/springfox/springfox-spring-web/2.7.0/springfox-spring-web-2.7.0.jar!/springfox/documentation/spring/web/plugins/DuplicateGroupsDetector.class], URL [jar:file:/E:/1704A/repository/io/springfox/springfox-spring-web/2.7.0/springfox-spring-web-2.7.0.jar!/springfox/documentation/spring/web/plugins/JacksonSerializerConvention$1.class], URL [jar:file:/E:/1704A/repository/io/springfox/springfox-spring-web/2.7.0/springfox-spring-web-2.7.0.jar!/springfox/documentation/spring/web/plugins/JacksonSerializerConvention$2.class], URL [jar:file:/E:/1704A/repository/io/springfox/springfox-spring-web/2.7.0/springfox-spring-web-2.7.0.jar!/springfox/documentation/spring/web/plugins/JacksonSerializerConvention.class], URL [jar:file:/E:/1704A/repository/io/springfox/springfox-spring-web/2.7.0/springfox-spring-web-2.7.0.jar!/springfox/documentation/spring/web/plugins/PathAndParametersEquivalence$1.class], URL [jar:file:/E:/1704A/repository/io/springfox/springfox-spring-web/2.7.0/springfox-spring-web-2.7.0.jar!/springfox/documentation/spring/web/plugins/PathAndParametersEquivalence.class], URL [jar:file:/E:/1704A/repository/io/springfox/springfox-spring-web/2.7.0/springfox-spring-web-2.7.0.jar!/springfox/documentation/spring/web/plugins/ResolvedMethodParameterEquivalence.class], URL [jar:file:/E:/1704A/repository/io/springfox/springfox-spring-web/2.7.0/springfox-spring-web-2.7.0.jar!/springfox/documentation/spring/web/plugins/WebMvcRequestHandlerProvider$1.class], URL [jar:file:/E:/1704A/repository/io/springfox/springfox-spring-web/2.7.0/springfox-spring-web-2.7.0.jar!/springfox/documentation/spring/web/plugins/WebMvcRequestHandlerProvider$2.class], URL [jar:file:/E:/1704A/repository/io/springfox/springfox-spring-web/2.7.0/springfox-spring-web-2.7.0.jar!/springfox/documentation/spring/web/plugins/WebMvcRequestHandlerProvider.class]]
2020-03-14 21:56:45.241 [main] DEBUG o.s.c.a.ClassPathBeanDefinitionScanner - Identified candidate component class: URL [jar:file:/E:/1704A/repository/io/springfox/springfox-spring-web/2.7.0/springfox-spring-web-2.7.0.jar!/springfox/documentation/spring/web/plugins/DocumentationPluginsBootstrapper.class]
2020-03-14 21:56:45.244 [main] DEBUG o.s.c.a.ClassPathBeanDefinitionScanner - Identified candidate component class: URL [jar:file:/E:/1704A/repository/io/springfox/springfox-spring-web/2.7.0/springfox-spring-web-2.7.0.jar!/springfox/documentation/spring/web/plugins/DocumentationPluginsManager.class]
2020-03-14 21:56:45.252 [main] DEBUG o.s.c.a.ClassPathBeanDefinitionScanner - Identified candidate component class: URL [jar:file:/E:/1704A/repository/io/springfox/springfox-spring-web/2.7.0/springfox-spring-web-2.7.0.jar!/springfox/documentation/spring/web/plugins/WebMvcRequestHandlerProvider.class]
2020-03-14 21:56:45.253 [main] DEBUG o.s.c.i.s.PathMatchingResourcePatternResolver - Resolved classpath location [springfox/documentation/spring/web/paths/] to resources [URL [jar:file:/E:/1704A/repository/io/springfox/springfox-spring-web/2.7.0/springfox-spring-web-2.7.0.jar!/springfox/documentation/spring/web/paths/]]
2020-03-14 21:56:45.253 [main] DEBUG o.s.c.i.s.PathMatchingResourcePatternResolver - Looking for matching resources in jar file [file:/E:/1704A/repository/io/springfox/springfox-spring-web/2.7.0/springfox-spring-web-2.7.0.jar]
2020-03-14 21:56:45.255 [main] DEBUG o.s.c.i.s.PathMatchingResourcePatternResolver - Resolved location pattern [classpath*:springfox/documentation/spring/web/paths/**/*.class] to resources [URL [jar:file:/E:/1704A/repository/io/springfox/springfox-spring-web/2.7.0/springfox-spring-web-2.7.0.jar!/springfox/documentation/spring/web/paths/AbstractPathProvider.class], URL [jar:file:/E:/1704A/repository/io/springfox/springfox-spring-web/2.7.0/springfox-spring-web-2.7.0.jar!/springfox/documentation/spring/web/paths/OperationPathDecorator$1.class], URL [jar:file:/E:/1704A/repository/io/springfox/springfox-spring-web/2.7.0/springfox-spring-web-2.7.0.jar!/springfox/documentation/spring/web/paths/OperationPathDecorator.class], URL [jar:file:/E:/1704A/repository/io/springfox/springfox-spring-web/2.7.0/springfox-spring-web-2.7.0.jar!/springfox/documentation/spring/web/paths/PathMappingAdjuster.class], URL [jar:file:/E:/1704A/repository/io/springfox/springfox-spring-web/2.7.0/springfox-spring-web-2.7.0.jar!/springfox/documentation/spring/web/paths/PathMappingDecorator$1.class], URL [jar:file:/E:/1704A/repository/io/springfox/springfox-spring-web/2.7.0/springfox-spring-web-2.7.0.jar!/springfox/documentation/spring/web/paths/PathMappingDecorator.class], URL [jar:file:/E:/1704A/repository/io/springfox/springfox-spring-web/2.7.0/springfox-spring-web-2.7.0.jar!/springfox/documentation/spring/web/paths/Paths.class], URL [jar:file:/E:/1704A/repository/io/springfox/springfox-spring-web/2.7.0/springfox-spring-web-2.7.0.jar!/springfox/documentation/spring/web/paths/PathSanitizer$1.class], URL [jar:file:/E:/1704A/repository/io/springfox/springfox-spring-web/2.7.0/springfox-spring-web-2.7.0.jar!/springfox/documentation/spring/web/paths/PathSanitizer.class], URL [jar:file:/E:/1704A/repository/io/springfox/springfox-spring-web/2.7.0/springfox-spring-web-2.7.0.jar!/springfox/documentation/spring/web/paths/QueryStringUriTemplateDecorator$1.class], URL [jar:file:/E:/1704A/repository/io/springfox/springfox-spring-web/2.7.0/springfox-spring-web-2.7.0.jar!/springfox/documentation/spring/web/paths/QueryStringUriTemplateDecorator$2.class], URL [jar:file:/E:/1704A/repository/io/springfox/springfox-spring-web/2.7.0/springfox-spring-web-2.7.0.jar!/springfox/documentation/spring/web/paths/QueryStringUriTemplateDecorator$3.class], URL [jar:file:/E:/1704A/repository/io/springfox/springfox-spring-web/2.7.0/springfox-spring-web-2.7.0.jar!/springfox/documentation/spring/web/paths/QueryStringUriTemplateDecorator$4.class], URL [jar:file:/E:/1704A/repository/io/springfox/springfox-spring-web/2.7.0/springfox-spring-web-2.7.0.jar!/springfox/documentation/spring/web/paths/QueryStringUriTemplateDecorator$5.class], URL [jar:file:/E:/1704A/repository/io/springfox/springfox-spring-web/2.7.0/springfox-spring-web-2.7.0.jar!/springfox/documentation/spring/web/paths/QueryStringUriTemplateDecorator.class], URL [jar:file:/E:/1704A/repository/io/springfox/springfox-spring-web/2.7.0/springfox-spring-web-2.7.0.jar!/springfox/documentation/spring/web/paths/RelativePathProvider.class]]
2020-03-14 21:56:45.257 [main] DEBUG o.s.c.a.ClassPathBeanDefinitionScanner - Identified candidate component class: URL [jar:file:/E:/1704A/repository/io/springfox/springfox-spring-web/2.7.0/springfox-spring-web-2.7.0.jar!/springfox/documentation/spring/web/paths/OperationPathDecorator.class]
2020-03-14 21:56:45.260 [main] DEBUG o.s.c.a.ClassPathBeanDefinitionScanner - Identified candidate component class: URL [jar:file:/E:/1704A/repository/io/springfox/springfox-spring-web/2.7.0/springfox-spring-web-2.7.0.jar!/springfox/documentation/spring/web/paths/PathMappingDecorator.class]
2020-03-14 21:56:45.261 [main] DEBUG o.s.c.a.ClassPathBeanDefinitionScanner - Identified candidate component class: URL [jar:file:/E:/1704A/repository/io/springfox/springfox-spring-web/2.7.0/springfox-spring-web-2.7.0.jar!/springfox/documentation/spring/web/paths/PathSanitizer.class]
2020-03-14 21:56:45.263 [main] DEBUG o.s.c.a.ClassPathBeanDefinitionScanner - Identified candidate component class: URL [jar:file:/E:/1704A/repository/io/springfox/springfox-spring-web/2.7.0/springfox-spring-web-2.7.0.jar!/springfox/documentation/spring/web/paths/QueryStringUriTemplateDecorator.class]
2020-03-14 21:56:45.317 [main] DEBUG o.s.c.a.ClassPathBeanDefinitionScanner - JSR-250 'javax.annotation.ManagedBean' found and supported for component scanning
2020-03-14 21:56:45.317 [main] DEBUG o.s.c.a.ClassPathBeanDefinitionScanner - JSR-330 'javax.inject.Named' annotation found and supported for component scanning
2020-03-14 21:56:45.319 [main] DEBUG o.s.c.i.s.PathMatchingResourcePatternResolver - Resolved classpath location [springfox/documentation/schema/] to resources [URL [jar:file:/E:/1704A/repository/io/springfox/springfox-core/2.7.0/springfox-core-2.7.0.jar!/springfox/documentation/schema/], URL [jar:file:/E:/1704A/repository/io/springfox/springfox-schema/2.7.0/springfox-schema-2.7.0.jar!/springfox/documentation/schema/]]
2020-03-14 21:56:45.323 [main] DEBUG o.s.c.i.s.PathMatchingResourcePatternResolver - Looking for matching resources in jar file [file:/E:/1704A/repository/io/springfox/springfox-core/2.7.0/springfox-core-2.7.0.jar]
2020-03-14 21:56:45.326 [main] DEBUG o.s.c.i.s.PathMatchingResourcePatternResolver - Looking for matching resources in jar file [file:/E:/1704A/repository/io/springfox/springfox-schema/2.7.0/springfox-schema-2.7.0.jar]
2020-03-14 21:56:45.330 [main] DEBUG o.s.c.i.s.PathMatchingResourcePatternResolver - Resolved location pattern [classpath*:springfox/documentation/schema/**/*.class] to resources [URL [jar:file:/E:/1704A/repository/io/springfox/springfox-core/2.7.0/springfox-core-2.7.0.jar!/springfox/documentation/schema/AlternateTypeRule.class], URL [jar:file:/E:/1704A/repository/io/springfox/springfox-core/2.7.0/springfox-core-2.7.0.jar!/springfox/documentation/schema/AlternateTypeRuleConvention.class], URL [jar:file:/E:/1704A/repository/io/springfox/springfox-core/2.7.0/springfox-core-2.7.0.jar!/springfox/documentation/schema/AlternateTypeRules.class], URL [jar:file:/E:/1704A/repository/io/springfox/springfox-core/2.7.0/springfox-core-2.7.0.jar!/springfox/documentation/schema/ClassSupport.class], URL [jar:file:/E:/1704A/repository/io/springfox/springfox-core/2.7.0/springfox-core-2.7.0.jar!/springfox/documentation/schema/Entry.class], URL [jar:file:/E:/1704A/repository/io/springfox/springfox-core/2.7.0/springfox-core-2.7.0.jar!/springfox/documentation/schema/Enums$1.class], URL [jar:file:/E:/1704A/repository/io/springfox/springfox-core/2.7.0/springfox-core-2.7.0.jar!/springfox/documentation/schema/Enums$2.class], URL [jar:file:/E:/1704A/repository/io/springfox/springfox-core/2.7.0/springfox-core-2.7.0.jar!/springfox/documentation/schema/Enums.class], URL [jar:file:/E:/1704A/repository/io/springfox/springfox-core/2.7.0/springfox-core-2.7.0.jar!/springfox/documentation/schema/Model.class], URL [jar:file:/E:/1704A/repository/io/springfox/springfox-core/2.7.0/springfox-core-2.7.0.jar!/springfox/documentation/schema/ModelProperty.class], URL [jar:file:/E:/1704A/repository/io/springfox/springfox-core/2.7.0/springfox-core-2.7.0.jar!/springfox/documentation/schema/ModelRef$1.class], URL [jar:file:/E:/1704A/repository/io/springfox/springfox-core/2.7.0/springfox-core-2.7.0.jar!/springfox/documentation/schema/ModelRef.class], URL [jar:file:/E:/1704A/repository/io/springfox/springfox-core/2.7.0/springfox-core-2.7.0.jar!/springfox/documentation/schema/ModelReference.class], URL [jar:file:/E:/1704A/repository/io/springfox/springfox-core/2.7.0/springfox-core-2.7.0.jar!/springfox/documentation/schema/WildcardType$1.class], URL [jar:file:/E:/1704A/repository/io/springfox/springfox-core/2.7.0/springfox-core-2.7.0.jar!/springfox/documentation/schema/WildcardType.class], URL [jar:file:/E:/1704A/repository/io/springfox/springfox-schema/2.7.0/springfox-schema-2.7.0.jar!/springfox/documentation/schema/Annotations.class], URL [jar:file:/E:/1704A/repository/io/springfox/springfox-schema/2.7.0/springfox-schema-2.7.0.jar!/springfox/documentation/schema/CachingModelDependencyProvider$1.class], URL [jar:file:/E:/1704A/repository/io/springfox/springfox-schema/2.7.0/springfox-schema-2.7.0.jar!/springfox/documentation/schema/CachingModelDependencyProvider.class], URL [jar:file:/E:/1704A/repository/io/springfox/springfox-schema/2.7.0/springfox-schema-2.7.0.jar!/springfox/documentation/schema/CachingModelProvider$1.class], URL [jar:file:/E:/1704A/repository/io/springfox/springfox-schema/2.7.0/springfox-schema-2.7.0.jar!/springfox/documentation/schema/CachingModelProvider.class], URL [jar:file:/E:/1704A/repository/io/springfox/springfox-schema/2.7.0/springfox-schema-2.7.0.jar!/springfox/documentation/schema/CodeGenGenericTypeNamingStrategy.class], URL [jar:file:/E:/1704A/repository/io/springfox/springfox-schema/2.7.0/springfox-schema-2.7.0.jar!/springfox/documentation/schema/Collections.class], URL [jar:file:/E:/1704A/repository/io/springfox/springfox-schema/2.7.0/springfox-schema-2.7.0.jar!/springfox/documentation/schema/configuration/ModelsConfiguration.class], URL [jar:file:/E:/1704A/repository/io/springfox/springfox-schema/2.7.0/springfox-schema-2.7.0.jar!/springfox/documentation/schema/configuration/ObjectMapperConfigured.class], URL [jar:file:/E:/1704A/repository/io/springfox/springfox-schema/2.7.0/springfox-schema-2.7.0.jar!/springfox/documentation/schema/DefaultGenericTypeNamingStrategy.class], URL [jar:file:/E:/1704A/repository/io/springfox/springfox-schema/2.7.0/springfox-schema-2.7.0.jar!/springfox/documentation/schema/DefaultModelDependencyProvider$1.class], URL [jar:file:/E:/1704A/repository/io/springfox/springfox-schema/2.7.0/springfox-schema-2.7.0.jar!/springfox/documentation/schema/DefaultModelDependencyProvider$2.class], URL [jar:file:/E:/1704A/repository/io/springfox/springfox-schema/2.7.0/springfox-schema-2.7.0.jar!/springfox/documentation/schema/DefaultModelDependencyProvider$3.class], URL [jar:file:/E:/1704A/repository/io/springfox/springfox-schema/2.7.0/springfox-schema-2.7.0.jar!/springfox/documentation/schema/DefaultModelDependencyProvider.class], URL [jar:file:/E:/1704A/repository/io/springfox/springfox-schema/2.7.0/springfox-schema-2.7.0.jar!/springfox/documentation/schema/DefaultModelProvider$1.class], URL [jar:file:/E:/1704A/repository/io/springfox/springfox-schema/2.7.0/springfox-schema-2.7.0.jar!/springfox/documentation/schema/DefaultModelProvider.class], URL [jar:file:/E:/1704A/repository/io/springfox/springfox-schema/2.7.0/springfox-schema-2.7.0.jar!/springfox/documentation/schema/DefaultTypeNameProvider.class], URL [jar:file:/E:/1704A/repository/io/springfox/springfox-schema/2.7.0/springfox-schema-2.7.0.jar!/springfox/documentation/schema/Maps.class], URL [jar:file:/E:/1704A/repository/io/springfox/springfox-schema/2.7.0/springfox-schema-2.7.0.jar!/springfox/documentation/schema/ModelDependencyProvider.class], URL [jar:file:/E:/1704A/repository/io/springfox/springfox-schema/2.7.0/springfox-schema-2.7.0.jar!/springfox/documentation/schema/ModelNameContext.class], URL [jar:file:/E:/1704A/repository/io/springfox/springfox-schema/2.7.0/springfox-schema-2.7.0.jar!/springfox/documentation/schema/ModelProvider.class], URL [jar:file:/E:/1704A/repository/io/springfox/springfox-schema/2.7.0/springfox-schema-2.7.0.jar!/springfox/documentation/schema/ModelReferenceProvider.class], URL [jar:file:/E:/1704A/repository/io/springfox/springfox-schema/2.7.0/springfox-schema-2.7.0.jar!/springfox/documentation/schema/plugins/SchemaPluginsManager.class], URL [jar:file:/E:/1704A/repository/io/springfox/springfox-schema/2.7.0/springfox-schema-2.7.0.jar!/springfox/documentation/schema/property/BaseModelProperty.class], URL [jar:file:/E:/1704A/repository/io/springfox/springfox-schema/2.7.0/springfox-schema-2.7.0.jar!/springfox/documentation/schema/property/bean/Accessors.class], URL [jar:file:/E:/1704A/repository/io/springfox/springfox-schema/2.7.0/springfox-schema-2.7.0.jar!/springfox/documentation/schema/property/bean/AccessorsProvider$1.class], URL [jar:file:/E:/1704A/repository/io/springfox/springfox-schema/2.7.0/springfox-schema-2.7.0.jar!/springfox/documentation/schema/property/bean/AccessorsProvider.class], URL [jar:file:/E:/1704A/repository/io/springfox/springfox-schema/2.7.0/springfox-schema-2.7.0.jar!/springfox/documentation/schema/property/bean/BeanModelProperty.class], URL [jar:file:/E:/1704A/repository/io/springfox/springfox-schema/2.7.0/springfox-schema-2.7.0.jar!/springfox/documentation/schema/property/bean/ParameterModelProperty.class], URL [jar:file:/E:/1704A/repository/io/springfox/springfox-schema/2.7.0/springfox-schema-2.7.0.jar!/springfox/documentation/schema/property/BeanPropertyDefinitions$1.class], URL [jar:file:/E:/1704A/repository/io/springfox/springfox-schema/2.7.0/springfox-schema-2.7.0.jar!/springfox/documentation/schema/property/BeanPropertyDefinitions$2.class], URL [jar:file:/E:/1704A/repository/io/springfox/springfox-schema/2.7.0/springfox-schema-2.7.0.jar!/springfox/documentation/schema/property/BeanPropertyDefinitions.class], URL [jar:file:/E:/1704A/repository/io/springfox/springfox-schema/2.7.0/springfox-schema-2.7.0.jar!/springfox/documentation/schema/property/BeanPropertyNamingStrategy.class], URL [jar:file:/E:/1704A/repository/io/springfox/springfox-schema/2.7.0/springfox-schema-2.7.0.jar!/springfox/documentation/schema/property/CachingModelPropertiesProvider$1.class], URL [jar:file:/E:/1704A/repository/io/springfox/springfox-schema/2.7.0/springfox-schema-2.7.0.jar!/springfox/documentation/schema/property/CachingModelPropertiesProvider.class], URL [jar:file:/E:/1704A/repository/io/springfox/springfox-schema/2.7.0/springfox-schema-2.7.0.jar!/springfox/documentation/schema/property/FactoryMethodProvider$1.class], URL [jar:file:/E:/1704A/repository/io/springfox/springfox-schema/2.7.0/springfox-schema-2.7.0.jar!/springfox/documentation/schema/property/FactoryMethodProvider.class], URL [jar:file:/E:/1704A/repository/io/springfox/springfox-schema/2.7.0/springfox-schema-2.7.0.jar!/springfox/documentation/schema/property/field/FieldModelProperty.class], URL [jar:file:/E:/1704A/repository/io/springfox/springfox-schema/2.7.0/springfox-schema-2.7.0.jar!/springfox/documentation/schema/property/field/FieldProvider.class], URL [jar:file:/E:/1704A/repository/io/springfox/springfox-schema/2.7.0/springfox-schema-2.7.0.jar!/springfox/documentation/schema/property/ModelPropertiesProvider.class], URL [jar:file:/E:/1704A/repository/io/springfox/springfox-schema/2.7.0/springfox-schema-2.7.0.jar!/springfox/documentation/schema/property/ModelProperty.class], URL [jar:file:/E:/1704A/repository/io/springfox/springfox-schema/2.7.0/springfox-schema-2.7.0.jar!/springfox/documentation/schema/property/ObjectMapperBeanPropertyNamingStrategy.class], URL [jar:file:/E:/1704A/repository/io/springfox/springfox-schema/2.7.0/springfox-schema-2.7.0.jar!/springfox/documentation/schema/property/OptimizedModelPropertiesProvider$1.class], URL [jar:file:/E:/1704A/repository/io/springfox/springfox-schema/2.7.0/springfox-schema-2.7.0.jar!/springfox/documentation/schema/property/OptimizedModelPropertiesProvider$2.class], URL [jar:file:/E:/1704A/repository/io/springfox/springfox-schema/2.7.0/springfox-schema-2.7.0.jar!/springfox/documentation/schema/property/OptimizedModelPropertiesProvider$3.class], URL [jar:file:/E:/1704A/repository/io/springfox/springfox-schema/2.7.0/springfox-schema-2.7.0.jar!/springfox/documentation/schema/property/OptimizedModelPropertiesProvider$4.class], URL [jar:file:/E:/1704A/repository/io/springfox/springfox-schema/2.7.0/springfox-schema-2.7.0.jar!/springfox/documentation/schema/property/OptimizedModelPropertiesProvider$5.class], URL [jar:file:/E:/1704A/repository/io/springfox/springfox-schema/2.7.0/springfox-schema-2.7.0.jar!/springfox/documentation/schema/property/OptimizedModelPropertiesProvider$6.class], URL [jar:file:/E:/1704A/repository/io/springfox/springfox-schema/2.7.0/springfox-schema-2.7.0.jar!/springfox/documentation/schema/property/OptimizedModelPropertiesProvider$7.class], URL [jar:file:/E:/1704A/repository/io/springfox/springfox-schema/2.7.0/springfox-schema-2.7.0.jar!/springfox/documentation/schema/property/OptimizedModelPropertiesProvider$8.class], URL [jar:file:/E:/1704A/repository/io/springfox/springfox-schema/2.7.0/springfox-schema-2.7.0.jar!/springfox/documentation/schema/property/OptimizedModelPropertiesProvider.class], URL [jar:file:/E:/1704A/repository/io/springfox/springfox-schema/2.7.0/springfox-schema-2.7.0.jar!/springfox/documentation/schema/property/PojoPropertyBuilderFactory.class], URL [jar:file:/E:/1704A/repository/io/springfox/springfox-schema/2.7.0/springfox-schema-2.7.0.jar!/springfox/documentation/schema/property/SimpleMethodSignatureEquality.class], URL [jar:file:/E:/1704A/repository/io/springfox/springfox-schema/2.7.0/springfox-schema-2.7.0.jar!/springfox/documentation/schema/ResolvedTypes$1.class], URL [jar:file:/E:/1704A/repository/io/springfox/springfox-schema/2.7.0/springfox-schema-2.7.0.jar!/springfox/documentation/schema/ResolvedTypes.class], URL [jar:file:/E:/1704A/repository/io/springfox/springfox-schema/2.7.0/springfox-schema-2.7.0.jar!/springfox/documentation/schema/TypeNameExtractor.class], URL [jar:file:/E:/1704A/repository/io/springfox/springfox-schema/2.7.0/springfox-schema-2.7.0.jar!/springfox/documentation/schema/Types.class]]
2020-03-14 21:56:45.344 [main] DEBUG o.s.c.a.ClassPathBeanDefinitionScanner - Identified candidate component class: URL [jar:file:/E:/1704A/repository/io/springfox/springfox-schema/2.7.0/springfox-schema-2.7.0.jar!/springfox/documentation/schema/CachingModelDependencyProvider.class]
2020-03-14 21:56:45.345 [main] DEBUG o.s.c.a.ClassPathBeanDefinitionScanner - Identified candidate component class: URL [jar:file:/E:/1704A/repository/io/springfox/springfox-schema/2.7.0/springfox-schema-2.7.0.jar!/springfox/documentation/schema/CachingModelProvider.class]
2020-03-14 21:56:45.348 [main] DEBUG o.s.c.a.ClassPathBeanDefinitionScanner - Identified candidate component class: URL [jar:file:/E:/1704A/repository/io/springfox/springfox-schema/2.7.0/springfox-schema-2.7.0.jar!/springfox/documentation/schema/DefaultModelDependencyProvider.class]
2020-03-14 21:56:45.349 [main] DEBUG o.s.c.a.ClassPathBeanDefinitionScanner - Identified candidate component class: URL [jar:file:/E:/1704A/repository/io/springfox/springfox-schema/2.7.0/springfox-schema-2.7.0.jar!/springfox/documentation/schema/DefaultModelProvider.class]
2020-03-14 21:56:45.353 [main] DEBUG o.s.c.a.ClassPathBeanDefinitionScanner - Identified candidate component class: URL [jar:file:/E:/1704A/repository/io/springfox/springfox-schema/2.7.0/springfox-schema-2.7.0.jar!/springfox/documentation/schema/plugins/SchemaPluginsManager.class]
2020-03-14 21:56:45.356 [main] DEBUG o.s.c.a.ClassPathBeanDefinitionScanner - Identified candidate component class: URL [jar:file:/E:/1704A/repository/io/springfox/springfox-schema/2.7.0/springfox-schema-2.7.0.jar!/springfox/documentation/schema/property/bean/AccessorsProvider.class]
2020-03-14 21:56:45.368 [main] DEBUG o.s.c.a.ClassPathBeanDefinitionScanner - Identified candidate component class: URL [jar:file:/E:/1704A/repository/io/springfox/springfox-schema/2.7.0/springfox-schema-2.7.0.jar!/springfox/documentation/schema/property/CachingModelPropertiesProvider.class]
2020-03-14 21:56:45.371 [main] DEBUG o.s.c.a.ClassPathBeanDefinitionScanner - Identified candidate component class: URL [jar:file:/E:/1704A/repository/io/springfox/springfox-schema/2.7.0/springfox-schema-2.7.0.jar!/springfox/documentation/schema/property/FactoryMethodProvider.class]
2020-03-14 21:56:45.376 [main] DEBUG o.s.c.a.ClassPathBeanDefinitionScanner - Identified candidate component class: URL [jar:file:/E:/1704A/repository/io/springfox/springfox-schema/2.7.0/springfox-schema-2.7.0.jar!/springfox/documentation/schema/property/field/FieldProvider.class]
2020-03-14 21:56:45.383 [main] DEBUG o.s.c.a.ClassPathBeanDefinitionScanner - Identified candidate component class: URL [jar:file:/E:/1704A/repository/io/springfox/springfox-schema/2.7.0/springfox-schema-2.7.0.jar!/springfox/documentation/schema/property/ObjectMapperBeanPropertyNamingStrategy.class]
2020-03-14 21:56:45.392 [main] DEBUG o.s.c.a.ClassPathBeanDefinitionScanner - Identified candidate component class: URL [jar:file:/E:/1704A/repository/io/springfox/springfox-schema/2.7.0/springfox-schema-2.7.0.jar!/springfox/documentation/schema/property/OptimizedModelPropertiesProvider.class]
2020-03-14 21:56:45.394 [main] DEBUG o.s.c.a.ClassPathBeanDefinitionScanner - Identified candidate component class: URL [jar:file:/E:/1704A/repository/io/springfox/springfox-schema/2.7.0/springfox-schema-2.7.0.jar!/springfox/documentation/schema/TypeNameExtractor.class]
2020-03-14 21:56:45.407 [main] DEBUG o.s.c.a.ClassPathBeanDefinitionScanner - JSR-250 'javax.annotation.ManagedBean' found and supported for component scanning
2020-03-14 21:56:45.407 [main] DEBUG o.s.c.a.ClassPathBeanDefinitionScanner - JSR-330 'javax.inject.Named' annotation found and supported for component scanning
2020-03-14 21:56:45.408 [main] DEBUG o.s.c.i.s.PathMatchingResourcePatternResolver - Resolved classpath location [springfox/documentation/swagger/schema/] to resources [URL [jar:file:/E:/1704A/repository/io/springfox/springfox-swagger-common/2.7.0/springfox-swagger-common-2.7.0.jar!/springfox/documentation/swagger/schema/]]
2020-03-14 21:56:45.409 [main] DEBUG o.s.c.i.s.PathMatchingResourcePatternResolver - Looking for matching resources in jar file [file:/E:/1704A/repository/io/springfox/springfox-swagger-common/2.7.0/springfox-swagger-common-2.7.0.jar]
2020-03-14 21:56:45.410 [main] DEBUG o.s.c.i.s.PathMatchingResourcePatternResolver - Resolved location pattern [classpath*:springfox/documentation/swagger/schema/**/*.class] to resources [URL [jar:file:/E:/1704A/repository/io/springfox/springfox-swagger-common/2.7.0/springfox-swagger-common-2.7.0.jar!/springfox/documentation/swagger/schema/ApiModelBuilder.class], URL [jar:file:/E:/1704A/repository/io/springfox/springfox-swagger-common/2.7.0/springfox-swagger-common-2.7.0.jar!/springfox/documentation/swagger/schema/ApiModelProperties$1.class], URL [jar:file:/E:/1704A/repository/io/springfox/springfox-swagger-common/2.7.0/springfox-swagger-common-2.7.0.jar!/springfox/documentation/swagger/schema/ApiModelProperties$2.class], URL [jar:file:/E:/1704A/repository/io/springfox/springfox-swagger-common/2.7.0/springfox-swagger-common-2.7.0.jar!/springfox/documentation/swagger/schema/ApiModelProperties$3.class], URL [jar:file:/E:/1704A/repository/io/springfox/springfox-swagger-common/2.7.0/springfox-swagger-common-2.7.0.jar!/springfox/documentation/swagger/schema/ApiModelProperties$4.class], URL [jar:file:/E:/1704A/repository/io/springfox/springfox-swagger-common/2.7.0/springfox-swagger-common-2.7.0.jar!/springfox/documentation/swagger/schema/ApiModelProperties$5.class], URL [jar:file:/E:/1704A/repository/io/springfox/springfox-swagger-common/2.7.0/springfox-swagger-common-2.7.0.jar!/springfox/documentation/swagger/schema/ApiModelProperties$6.class], URL [jar:file:/E:/1704A/repository/io/springfox/springfox-swagger-common/2.7.0/springfox-swagger-common-2.7.0.jar!/springfox/documentation/swagger/schema/ApiModelProperties$7.class], URL [jar:file:/E:/1704A/repository/io/springfox/springfox-swagger-common/2.7.0/springfox-swagger-common-2.7.0.jar!/springfox/documentation/swagger/schema/ApiModelProperties$8.class], URL [jar:file:/E:/1704A/repository/io/springfox/springfox-swagger-common/2.7.0/springfox-swagger-common-2.7.0.jar!/springfox/documentation/swagger/schema/ApiModelProperties.class], URL [jar:file:/E:/1704A/repository/io/springfox/springfox-swagger-common/2.7.0/springfox-swagger-common-2.7.0.jar!/springfox/documentation/swagger/schema/ApiModelPropertyPropertyBuilder.class], URL [jar:file:/E:/1704A/repository/io/springfox/springfox-swagger-common/2.7.0/springfox-swagger-common-2.7.0.jar!/springfox/documentation/swagger/schema/ApiModelTypeNameProvider.class]]
2020-03-14 21:56:45.411 [main] DEBUG o.s.c.a.ClassPathBeanDefinitionScanner - Identified candidate component class: URL [jar:file:/E:/1704A/repository/io/springfox/springfox-swagger-common/2.7.0/springfox-swagger-common-2.7.0.jar!/springfox/documentation/swagger/schema/ApiModelBuilder.class]
2020-03-14 21:56:45.418 [main] DEBUG o.s.c.a.ClassPathBeanDefinitionScanner - Identified candidate component class: URL [jar:file:/E:/1704A/repository/io/springfox/springfox-swagger-common/2.7.0/springfox-swagger-common-2.7.0.jar!/springfox/documentation/swagger/schema/ApiModelPropertyPropertyBuilder.class]
2020-03-14 21:56:45.420 [main] DEBUG o.s.c.a.ClassPathBeanDefinitionScanner - Identified candidate component class: URL [jar:file:/E:/1704A/repository/io/springfox/springfox-swagger-common/2.7.0/springfox-swagger-common-2.7.0.jar!/springfox/documentation/swagger/schema/ApiModelTypeNameProvider.class]
2020-03-14 21:56:45.421 [main] DEBUG o.s.c.i.s.PathMatchingResourcePatternResolver - Resolved classpath location [springfox/documentation/swagger/readers/] to resources [URL [jar:file:/E:/1704A/repository/io/springfox/springfox-swagger-common/2.7.0/springfox-swagger-common-2.7.0.jar!/springfox/documentation/swagger/readers/]]
2020-03-14 21:56:45.423 [main] DEBUG o.s.c.i.s.PathMatchingResourcePatternResolver - Looking for matching resources in jar file [file:/E:/1704A/repository/io/springfox/springfox-swagger-common/2.7.0/springfox-swagger-common-2.7.0.jar]
2020-03-14 21:56:45.424 [main] DEBUG o.s.c.i.s.PathMatchingResourcePatternResolver - Resolved location pattern [classpath*:springfox/documentation/swagger/readers/**/*.class] to resources [URL [jar:file:/E:/1704A/repository/io/springfox/springfox-swagger-common/2.7.0/springfox-swagger-common-2.7.0.jar!/springfox/documentation/swagger/readers/operation/OperationAuthReader.class], URL [jar:file:/E:/1704A/repository/io/springfox/springfox-swagger-common/2.7.0/springfox-swagger-common-2.7.0.jar!/springfox/documentation/swagger/readers/operation/OperationHiddenReader.class], URL [jar:file:/E:/1704A/repository/io/springfox/springfox-swagger-common/2.7.0/springfox-swagger-common-2.7.0.jar!/springfox/documentation/swagger/readers/operation/OperationHttpMethodReader.class], URL [jar:file:/E:/1704A/repository/io/springfox/springfox-swagger-common/2.7.0/springfox-swagger-common-2.7.0.jar!/springfox/documentation/swagger/readers/operation/OperationImplicitParameterReader.class], URL [jar:file:/E:/1704A/repository/io/springfox/springfox-swagger-common/2.7.0/springfox-swagger-common-2.7.0.jar!/springfox/documentation/swagger/readers/operation/OperationImplicitParametersReader.class], URL [jar:file:/E:/1704A/repository/io/springfox/springfox-swagger-common/2.7.0/springfox-swagger-common-2.7.0.jar!/springfox/documentation/swagger/readers/operation/OperationNicknameIntoUniqueIdReader.class], URL [jar:file:/E:/1704A/repository/io/springfox/springfox-swagger-common/2.7.0/springfox-swagger-common-2.7.0.jar!/springfox/documentation/swagger/readers/operation/OperationNotesReader.class], URL [jar:file:/E:/1704A/repository/io/springfox/springfox-swagger-common/2.7.0/springfox-swagger-common-2.7.0.jar!/springfox/documentation/swagger/readers/operation/OperationPositionReader.class], URL [jar:file:/E:/1704A/repository/io/springfox/springfox-swagger-common/2.7.0/springfox-swagger-common-2.7.0.jar!/springfox/documentation/swagger/readers/operation/OperationSummaryReader.class], URL [jar:file:/E:/1704A/repository/io/springfox/springfox-swagger-common/2.7.0/springfox-swagger-common-2.7.0.jar!/springfox/documentation/swagger/readers/operation/ResponseHeaders$1.class], URL [jar:file:/E:/1704A/repository/io/springfox/springfox-swagger-common/2.7.0/springfox-swagger-common-2.7.0.jar!/springfox/documentation/swagger/readers/operation/ResponseHeaders$2.class], URL [jar:file:/E:/1704A/repository/io/springfox/springfox-swagger-common/2.7.0/springfox-swagger-common-2.7.0.jar!/springfox/documentation/swagger/readers/operation/ResponseHeaders.class], URL [jar:file:/E:/1704A/repository/io/springfox/springfox-swagger-common/2.7.0/springfox-swagger-common-2.7.0.jar!/springfox/documentation/swagger/readers/operation/SwaggerMediaTypeReader.class], URL [jar:file:/E:/1704A/repository/io/springfox/springfox-swagger-common/2.7.0/springfox-swagger-common-2.7.0.jar!/springfox/documentation/swagger/readers/operation/SwaggerOperationModelsProvider$1.class], URL [jar:file:/E:/1704A/repository/io/springfox/springfox-swagger-common/2.7.0/springfox-swagger-common-2.7.0.jar!/springfox/documentation/swagger/readers/operation/SwaggerOperationModelsProvider.class], URL [jar:file:/E:/1704A/repository/io/springfox/springfox-swagger-common/2.7.0/springfox-swagger-common-2.7.0.jar!/springfox/documentation/swagger/readers/operation/SwaggerOperationResponseClassReader.class], URL [jar:file:/E:/1704A/repository/io/springfox/springfox-swagger-common/2.7.0/springfox-swagger-common-2.7.0.jar!/springfox/documentation/swagger/readers/operation/SwaggerOperationTagsReader$1.class], URL [jar:file:/E:/1704A/repository/io/springfox/springfox-swagger-common/2.7.0/springfox-swagger-common-2.7.0.jar!/springfox/documentation/swagger/readers/operation/SwaggerOperationTagsReader$2.class], URL [jar:file:/E:/1704A/repository/io/springfox/springfox-swagger-common/2.7.0/springfox-swagger-common-2.7.0.jar!/springfox/documentation/swagger/readers/operation/SwaggerOperationTagsReader.class], URL [jar:file:/E:/1704A/repository/io/springfox/springfox-swagger-common/2.7.0/springfox-swagger-common-2.7.0.jar!/springfox/documentation/swagger/readers/operation/SwaggerResponseMessageReader.class], URL [jar:file:/E:/1704A/repository/io/springfox/springfox-swagger-common/2.7.0/springfox-swagger-common-2.7.0.jar!/springfox/documentation/swagger/readers/operation/VendorExtensionsReader$1.class], URL [jar:file:/E:/1704A/repository/io/springfox/springfox-swagger-common/2.7.0/springfox-swagger-common-2.7.0.jar!/springfox/documentation/swagger/readers/operation/VendorExtensionsReader$2.class], URL [jar:file:/E:/1704A/repository/io/springfox/springfox-swagger-common/2.7.0/springfox-swagger-common-2.7.0.jar!/springfox/documentation/swagger/readers/operation/VendorExtensionsReader.class], URL [jar:file:/E:/1704A/repository/io/springfox/springfox-swagger-common/2.7.0/springfox-swagger-common-2.7.0.jar!/springfox/documentation/swagger/readers/parameter/ApiParamParameterBuilder$1.class], URL [jar:file:/E:/1704A/repository/io/springfox/springfox-swagger-common/2.7.0/springfox-swagger-common-2.7.0.jar!/springfox/documentation/swagger/readers/parameter/ApiParamParameterBuilder.class], URL [jar:file:/E:/1704A/repository/io/springfox/springfox-swagger-common/2.7.0/springfox-swagger-common-2.7.0.jar!/springfox/documentation/swagger/readers/parameter/ParameterAnnotationReader$1.class], URL [jar:file:/E:/1704A/repository/io/springfox/springfox-swagger-common/2.7.0/springfox-swagger-common-2.7.0.jar!/springfox/documentation/swagger/readers/parameter/ParameterAnnotationReader.class], URL [jar:file:/E:/1704A/repository/io/springfox/springfox-swagger-common/2.7.0/springfox-swagger-common-2.7.0.jar!/springfox/documentation/swagger/readers/parameter/SwaggerExpandedParameterBuilder$1.class], URL [jar:file:/E:/1704A/repository/io/springfox/springfox-swagger-common/2.7.0/springfox-swagger-common-2.7.0.jar!/springfox/documentation/swagger/readers/parameter/SwaggerExpandedParameterBuilder.class]]
2020-03-14 21:56:45.426 [main] DEBUG o.s.c.a.ClassPathBeanDefinitionScanner - Identified candidate component class: URL [jar:file:/E:/1704A/repository/io/springfox/springfox-swagger-common/2.7.0/springfox-swagger-common-2.7.0.jar!/springfox/documentation/swagger/readers/operation/OperationAuthReader.class]
2020-03-14 21:56:45.428 [main] DEBUG o.s.c.a.ClassPathBeanDefinitionScanner - Identified candidate component class: URL [jar:file:/E:/1704A/repository/io/springfox/springfox-swagger-common/2.7.0/springfox-swagger-common-2.7.0.jar!/springfox/documentation/swagger/readers/operation/OperationHiddenReader.class]
2020-03-14 21:56:45.430 [main] DEBUG o.s.c.a.ClassPathBeanDefinitionScanner - Identified candidate component class: URL [jar:file:/E:/1704A/repository/io/springfox/springfox-swagger-common/2.7.0/springfox-swagger-common-2.7.0.jar!/springfox/documentation/swagger/readers/operation/OperationHttpMethodReader.class]
2020-03-14 21:56:45.433 [main] DEBUG o.s.c.a.ClassPathBeanDefinitionScanner - Identified candidate component class: URL [jar:file:/E:/1704A/repository/io/springfox/springfox-swagger-common/2.7.0/springfox-swagger-common-2.7.0.jar!/springfox/documentation/swagger/readers/operation/OperationImplicitParameterReader.class]
2020-03-14 21:56:45.434 [main] DEBUG o.s.c.a.ClassPathBeanDefinitionScanner - Identified candidate component class: URL [jar:file:/E:/1704A/repository/io/springfox/springfox-swagger-common/2.7.0/springfox-swagger-common-2.7.0.jar!/springfox/documentation/swagger/readers/operation/OperationImplicitParametersReader.class]
2020-03-14 21:56:45.435 [main] DEBUG o.s.c.a.ClassPathBeanDefinitionScanner - Identified candidate component class: URL [jar:file:/E:/1704A/repository/io/springfox/springfox-swagger-common/2.7.0/springfox-swagger-common-2.7.0.jar!/springfox/documentation/swagger/readers/operation/OperationNicknameIntoUniqueIdReader.class]
2020-03-14 21:56:45.435 [main] DEBUG o.s.c.a.ClassPathBeanDefinitionScanner - Identified candidate component class: URL [jar:file:/E:/1704A/repository/io/springfox/springfox-swagger-common/2.7.0/springfox-swagger-common-2.7.0.jar!/springfox/documentation/swagger/readers/operation/OperationNotesReader.class]
2020-03-14 21:56:45.436 [main] DEBUG o.s.c.a.ClassPathBeanDefinitionScanner - Identified candidate component class: URL [jar:file:/E:/1704A/repository/io/springfox/springfox-swagger-common/2.7.0/springfox-swagger-common-2.7.0.jar!/springfox/documentation/swagger/readers/operation/OperationPositionReader.class]
2020-03-14 21:56:45.437 [main] DEBUG o.s.c.a.ClassPathBeanDefinitionScanner - Identified candidate component class: URL [jar:file:/E:/1704A/repository/io/springfox/springfox-swagger-common/2.7.0/springfox-swagger-common-2.7.0.jar!/springfox/documentation/swagger/readers/operation/OperationSummaryReader.class]
2020-03-14 21:56:45.441 [main] DEBUG o.s.c.a.ClassPathBeanDefinitionScanner - Identified candidate component class: URL [jar:file:/E:/1704A/repository/io/springfox/springfox-swagger-common/2.7.0/springfox-swagger-common-2.7.0.jar!/springfox/documentation/swagger/readers/operation/SwaggerMediaTypeReader.class]
2020-03-14 21:56:45.445 [main] DEBUG o.s.c.a.ClassPathBeanDefinitionScanner - Identified candidate component class: URL [jar:file:/E:/1704A/repository/io/springfox/springfox-swagger-common/2.7.0/springfox-swagger-common-2.7.0.jar!/springfox/documentation/swagger/readers/operation/SwaggerOperationModelsProvider.class]
2020-03-14 21:56:45.446 [main] DEBUG o.s.c.a.ClassPathBeanDefinitionScanner - Identified candidate component class: URL [jar:file:/E:/1704A/repository/io/springfox/springfox-swagger-common/2.7.0/springfox-swagger-common-2.7.0.jar!/springfox/documentation/swagger/readers/operation/SwaggerOperationResponseClassReader.class]
2020-03-14 21:56:45.448 [main] DEBUG o.s.c.a.ClassPathBeanDefinitionScanner - Identified candidate component class: URL [jar:file:/E:/1704A/repository/io/springfox/springfox-swagger-common/2.7.0/springfox-swagger-common-2.7.0.jar!/springfox/documentation/swagger/readers/operation/SwaggerOperationTagsReader.class]
2020-03-14 21:56:45.450 [main] DEBUG o.s.c.a.ClassPathBeanDefinitionScanner - Identified candidate component class: URL [jar:file:/E:/1704A/repository/io/springfox/springfox-swagger-common/2.7.0/springfox-swagger-common-2.7.0.jar!/springfox/documentation/swagger/readers/operation/SwaggerResponseMessageReader.class]
2020-03-14 21:56:45.453 [main] DEBUG o.s.c.a.ClassPathBeanDefinitionScanner - Identified candidate component class: URL [jar:file:/E:/1704A/repository/io/springfox/springfox-swagger-common/2.7.0/springfox-swagger-common-2.7.0.jar!/springfox/documentation/swagger/readers/operation/VendorExtensionsReader.class]
2020-03-14 21:56:45.455 [main] DEBUG o.s.c.a.ClassPathBeanDefinitionScanner - Identified candidate component class: URL [jar:file:/E:/1704A/repository/io/springfox/springfox-swagger-common/2.7.0/springfox-swagger-common-2.7.0.jar!/springfox/documentation/swagger/readers/parameter/ApiParamParameterBuilder.class]
2020-03-14 21:56:45.462 [main] DEBUG o.s.c.a.ClassPathBeanDefinitionScanner - Identified candidate component class: URL [jar:file:/E:/1704A/repository/io/springfox/springfox-swagger-common/2.7.0/springfox-swagger-common-2.7.0.jar!/springfox/documentation/swagger/readers/parameter/SwaggerExpandedParameterBuilder.class]
2020-03-14 21:56:45.463 [main] DEBUG o.s.c.i.s.PathMatchingResourcePatternResolver - Resolved classpath location [springfox/documentation/swagger/web/] to resources [URL [jar:file:/E:/1704A/repository/io/springfox/springfox-swagger-common/2.7.0/springfox-swagger-common-2.7.0.jar!/springfox/documentation/swagger/web/]]
2020-03-14 21:56:45.465 [main] DEBUG o.s.c.i.s.PathMatchingResourcePatternResolver - Looking for matching resources in jar file [file:/E:/1704A/repository/io/springfox/springfox-swagger-common/2.7.0/springfox-swagger-common-2.7.0.jar]
2020-03-14 21:56:45.466 [main] DEBUG o.s.c.i.s.PathMatchingResourcePatternResolver - Resolved location pattern [classpath*:springfox/documentation/swagger/web/**/*.class] to resources [URL [jar:file:/E:/1704A/repository/io/springfox/springfox-swagger-common/2.7.0/springfox-swagger-common-2.7.0.jar!/springfox/documentation/swagger/web/ApiKeyVehicle.class], URL [jar:file:/E:/1704A/repository/io/springfox/springfox-swagger-common/2.7.0/springfox-swagger-common-2.7.0.jar!/springfox/documentation/swagger/web/ApiResourceController.class], URL [jar:file:/E:/1704A/repository/io/springfox/springfox-swagger-common/2.7.0/springfox-swagger-common-2.7.0.jar!/springfox/documentation/swagger/web/ClassOrApiAnnotationResourceGrouping$1.class], URL [jar:file:/E:/1704A/repository/io/springfox/springfox-swagger-common/2.7.0/springfox-swagger-common-2.7.0.jar!/springfox/documentation/swagger/web/ClassOrApiAnnotationResourceGrouping$2.class], URL [jar:file:/E:/1704A/repository/io/springfox/springfox-swagger-common/2.7.0/springfox-swagger-common-2.7.0.jar!/springfox/documentation/swagger/web/ClassOrApiAnnotationResourceGrouping$3.class], URL [jar:file:/E:/1704A/repository/io/springfox/springfox-swagger-common/2.7.0/springfox-swagger-common-2.7.0.jar!/springfox/documentation/swagger/web/ClassOrApiAnnotationResourceGrouping$4.class], URL [jar:file:/E:/1704A/repository/io/springfox/springfox-swagger-common/2.7.0/springfox-swagger-common-2.7.0.jar!/springfox/documentation/swagger/web/ClassOrApiAnnotationResourceGrouping$5.class], URL [jar:file:/E:/1704A/repository/io/springfox/springfox-swagger-common/2.7.0/springfox-swagger-common-2.7.0.jar!/springfox/documentation/swagger/web/ClassOrApiAnnotationResourceGrouping.class], URL [jar:file:/E:/1704A/repository/io/springfox/springfox-swagger-common/2.7.0/springfox-swagger-common-2.7.0.jar!/springfox/documentation/swagger/web/InMemorySwaggerResourcesProvider.class], URL [jar:file:/E:/1704A/repository/io/springfox/springfox-swagger-common/2.7.0/springfox-swagger-common-2.7.0.jar!/springfox/documentation/swagger/web/SecurityConfiguration.class], URL [jar:file:/E:/1704A/repository/io/springfox/springfox-swagger-common/2.7.0/springfox-swagger-common-2.7.0.jar!/springfox/documentation/swagger/web/SwaggerApiListingReader$1.class], URL [jar:file:/E:/1704A/repository/io/springfox/springfox-swagger-common/2.7.0/springfox-swagger-common-2.7.0.jar!/springfox/documentation/swagger/web/SwaggerApiListingReader$2.class], URL [jar:file:/E:/1704A/repository/io/springfox/springfox-swagger-common/2.7.0/springfox-swagger-common-2.7.0.jar!/springfox/documentation/swagger/web/SwaggerApiListingReader.class], URL [jar:file:/E:/1704A/repository/io/springfox/springfox-swagger-common/2.7.0/springfox-swagger-common-2.7.0.jar!/springfox/documentation/swagger/web/SwaggerResource.class], URL [jar:file:/E:/1704A/repository/io/springfox/springfox-swagger-common/2.7.0/springfox-swagger-common-2.7.0.jar!/springfox/documentation/swagger/web/SwaggerResourcesProvider.class], URL [jar:file:/E:/1704A/repository/io/springfox/springfox-swagger-common/2.7.0/springfox-swagger-common-2.7.0.jar!/springfox/documentation/swagger/web/UiConfiguration$Constants.class], URL [jar:file:/E:/1704A/repository/io/springfox/springfox-swagger-common/2.7.0/springfox-swagger-common-2.7.0.jar!/springfox/documentation/swagger/web/UiConfiguration.class]]
2020-03-14 21:56:45.467 [main] DEBUG o.s.c.a.ClassPathBeanDefinitionScanner - Identified candidate component class: URL [jar:file:/E:/1704A/repository/io/springfox/springfox-swagger-common/2.7.0/springfox-swagger-common-2.7.0.jar!/springfox/documentation/swagger/web/ApiResourceController.class]
2020-03-14 21:56:45.470 [main] DEBUG o.s.c.a.ClassPathBeanDefinitionScanner - Identified candidate component class: URL [jar:file:/E:/1704A/repository/io/springfox/springfox-swagger-common/2.7.0/springfox-swagger-common-2.7.0.jar!/springfox/documentation/swagger/web/ClassOrApiAnnotationResourceGrouping.class]
2020-03-14 21:56:45.471 [main] DEBUG o.s.c.a.ClassPathBeanDefinitionScanner - Identified candidate component class: URL [jar:file:/E:/1704A/repository/io/springfox/springfox-swagger-common/2.7.0/springfox-swagger-common-2.7.0.jar!/springfox/documentation/swagger/web/InMemorySwaggerResourcesProvider.class]
2020-03-14 21:56:45.479 [main] DEBUG o.s.c.a.ClassPathBeanDefinitionScanner - Identified candidate component class: URL [jar:file:/E:/1704A/repository/io/springfox/springfox-swagger-common/2.7.0/springfox-swagger-common-2.7.0.jar!/springfox/documentation/swagger/web/SwaggerApiListingReader.class]
2020-03-14 21:56:45.527 [main] DEBUG o.s.c.a.ClassPathBeanDefinitionScanner - JSR-250 'javax.annotation.ManagedBean' found and supported for component scanning
2020-03-14 21:56:45.527 [main] DEBUG o.s.c.a.ClassPathBeanDefinitionScanner - JSR-330 'javax.inject.Named' annotation found and supported for component scanning
2020-03-14 21:56:45.529 [main] DEBUG o.s.c.i.s.PathMatchingResourcePatternResolver - Resolved classpath location [com/ningmeng/manage_course/] to resources [URL [file:/E:/1704A/hdServiceCode/nm-service-manage-course/target/test-classes/com/ningmeng/manage_course/], URL [file:/E:/1704A/hdServiceCode/nm-service-manage-course/target/classes/com/ningmeng/manage_course/]]
2020-03-14 21:56:45.529 [main] DEBUG o.s.c.i.s.PathMatchingResourcePatternResolver - Looking for matching resources in directory tree [E:\1704A\hdServiceCode\nm-service-manage-course\target\test-classes\com\ningmeng\manage_course]
2020-03-14 21:56:45.529 [main] DEBUG o.s.c.i.s.PathMatchingResourcePatternResolver - Searching directory [E:\1704A\hdServiceCode\nm-service-manage-course\target\test-classes\com\ningmeng\manage_course] for files matching pattern [E:/1704A/hdServiceCode/nm-service-manage-course/target/test-classes/com/ningmeng/manage_course/**/*.class]
2020-03-14 21:56:45.529 [main] DEBUG o.s.c.i.s.PathMatchingResourcePatternResolver - Searching directory [E:\1704A\hdServiceCode\nm-service-manage-course\target\test-classes\com\ningmeng\manage_course\dao] for files matching pattern [E:/1704A/hdServiceCode/nm-service-manage-course/target/test-classes/com/ningmeng/manage_course/**/*.class]
2020-03-14 21:56:45.530 [main] DEBUG o.s.c.i.s.PathMatchingResourcePatternResolver - Looking for matching resources in directory tree [E:\1704A\hdServiceCode\nm-service-manage-course\target\classes\com\ningmeng\manage_course]
2020-03-14 21:56:45.530 [main] DEBUG o.s.c.i.s.PathMatchingResourcePatternResolver - Searching directory [E:\1704A\hdServiceCode\nm-service-manage-course\target\classes\com\ningmeng\manage_course] for files matching pattern [E:/1704A/hdServiceCode/nm-service-manage-course/target/classes/com/ningmeng/manage_course/**/*.class]
2020-03-14 21:56:45.530 [main] DEBUG o.s.c.i.s.PathMatchingResourcePatternResolver - Searching directory [E:\1704A\hdServiceCode\nm-service-manage-course\target\classes\com\ningmeng\manage_course\client] for files matching pattern [E:/1704A/hdServiceCode/nm-service-manage-course/target/classes/com/ningmeng/manage_course/**/*.class]
2020-03-14 21:56:45.530 [main] DEBUG o.s.c.i.s.PathMatchingResourcePatternResolver - Searching directory [E:\1704A\hdServiceCode\nm-service-manage-course\target\classes\com\ningmeng\manage_course\config] for files matching pattern [E:/1704A/hdServiceCode/nm-service-manage-course/target/classes/com/ningmeng/manage_course/**/*.class]
2020-03-14 21:56:45.531 [main] DEBUG o.s.c.i.s.PathMatchingResourcePatternResolver - Searching directory [E:\1704A\hdServiceCode\nm-service-manage-course\target\classes\com\ningmeng\manage_course\controller] for files matching pattern [E:/1704A/hdServiceCode/nm-service-manage-course/target/classes/com/ningmeng/manage_course/**/*.class]
2020-03-14 21:56:45.531 [main] DEBUG o.s.c.i.s.PathMatchingResourcePatternResolver - Searching directory [E:\1704A\hdServiceCode\nm-service-manage-course\target\classes\com\ningmeng\manage_course\dao] for files matching pattern [E:/1704A/hdServiceCode/nm-service-manage-course/target/classes/com/ningmeng/manage_course/**/*.class]
2020-03-14 21:56:45.532 [main] DEBUG o.s.c.i.s.PathMatchingResourcePatternResolver - Searching directory [E:\1704A\hdServiceCode\nm-service-manage-course\target\classes\com\ningmeng\manage_course\service] for files matching pattern [E:/1704A/hdServiceCode/nm-service-manage-course/target/classes/com/ningmeng/manage_course/**/*.class]
2020-03-14 21:56:45.532 [main] DEBUG o.s.c.i.s.PathMatchingResourcePatternResolver - Resolved location pattern [classpath*:com/ningmeng/manage_course/**/*.class] to resources [file [E:\1704A\hdServiceCode\nm-service-manage-course\target\test-classes\com\ningmeng\manage_course\dao\FeignTest.class], file [E:\1704A\hdServiceCode\nm-service-manage-course\target\test-classes\com\ningmeng\manage_course\dao\TestDao.class], file [E:\1704A\hdServiceCode\nm-service-manage-course\target\test-classes\com\ningmeng\manage_course\dao\Tests.class], file [E:\1704A\hdServiceCode\nm-service-manage-course\target\classes\com\ningmeng\manage_course\client\CmsPageClient.class], file [E:\1704A\hdServiceCode\nm-service-manage-course\target\classes\com\ningmeng\manage_course\config\ResourceServerConfig.class], file [E:\1704A\hdServiceCode\nm-service-manage-course\target\classes\com\ningmeng\manage_course\controller\CourseController.class], file [E:\1704A\hdServiceCode\nm-service-manage-course\target\classes\com\ningmeng\manage_course\controller\SysDicthinaryController.class], file [E:\1704A\hdServiceCode\nm-service-manage-course\target\classes\com\ningmeng\manage_course\dao\CategoryMapper.class], file [E:\1704A\hdServiceCode\nm-service-manage-course\target\classes\com\ningmeng\manage_course\dao\CourseBaseRepository.class], file [E:\1704A\hdServiceCode\nm-service-manage-course\target\classes\com\ningmeng\manage_course\dao\CourseMapper.class], file [E:\1704A\hdServiceCode\nm-service-manage-course\target\classes\com\ningmeng\manage_course\dao\CourseMarketMapper.class], file [E:\1704A\hdServiceCode\nm-service-manage-course\target\classes\com\ningmeng\manage_course\dao\CourseMarketRepository.class], file [E:\1704A\hdServiceCode\nm-service-manage-course\target\classes\com\ningmeng\manage_course\dao\CoursePicRepository.class], file [E:\1704A\hdServiceCode\nm-service-manage-course\target\classes\com\ningmeng\manage_course\dao\CoursePubRepository.class], file [E:\1704A\hdServiceCode\nm-service-manage-course\target\classes\com\ningmeng\manage_course\dao\SysDictionaryRepository.class], file [E:\1704A\hdServiceCode\nm-service-manage-course\target\classes\com\ningmeng\manage_course\dao\TeachplanMapper.class], file [E:\1704A\hdServiceCode\nm-service-manage-course\target\classes\com\ningmeng\manage_course\dao\TeachplanMediaPubRepository.class], file [E:\1704A\hdServiceCode\nm-service-manage-course\target\classes\com\ningmeng\manage_course\dao\TeachplanMediaRepository.class], file [E:\1704A\hdServiceCode\nm-service-manage-course\target\classes\com\ningmeng\manage_course\dao\TeachplanRepository.class], file [E:\1704A\hdServiceCode\nm-service-manage-course\target\classes\com\ningmeng\manage_course\ManageCourseApplication.class], file [E:\1704A\hdServiceCode\nm-service-manage-course\target\classes\com\ningmeng\manage_course\service\CourseService.class], file [E:\1704A\hdServiceCode\nm-service-manage-course\target\classes\com\ningmeng\manage_course\service\SysDicthinaryService.class]]
2020-03-14 21:56:45.532 [main] DEBUG o.s.c.a.ClassPathBeanDefinitionScanner - Identified candidate component class: file [E:\1704A\hdServiceCode\nm-service-manage-course\target\classes\com\ningmeng\manage_course\config\ResourceServerConfig.class]
2020-03-14 21:56:45.533 [main] DEBUG o.s.c.a.ClassPathBeanDefinitionScanner - Identified candidate component class: file [E:\1704A\hdServiceCode\nm-service-manage-course\target\classes\com\ningmeng\manage_course\controller\CourseController.class]
2020-03-14 21:56:45.533 [main] DEBUG o.s.c.a.ClassPathBeanDefinitionScanner - Identified candidate component class: file [E:\1704A\hdServiceCode\nm-service-manage-course\target\classes\com\ningmeng\manage_course\controller\SysDicthinaryController.class]
2020-03-14 21:56:45.533 [main] DEBUG o.s.c.a.ClassPathBeanDefinitionScanner - Identified candidate component class: file [E:\1704A\hdServiceCode\nm-service-manage-course\target\classes\com\ningmeng\manage_course\service\CourseService.class]
2020-03-14 21:56:45.533 [main] DEBUG o.s.c.a.ClassPathBeanDefinitionScanner - Identified candidate component class: file [E:\1704A\hdServiceCode\nm-service-manage-course\target\classes\com\ningmeng\manage_course\service\SysDicthinaryService.class]
2020-03-14 21:56:45.534 [main] DEBUG o.s.c.a.ClassPathBeanDefinitionScanner - JSR-250 'javax.annotation.ManagedBean' found and supported for component scanning
2020-03-14 21:56:45.534 [main] DEBUG o.s.c.a.ClassPathBeanDefinitionScanner - JSR-330 'javax.inject.Named' annotation found and supported for component scanning
2020-03-14 21:56:45.536 [main] DEBUG o.s.c.i.s.PathMatchingResourcePatternResolver - Resolved classpath location [com/ningmeng/framework/] to resources [URL [jar:file:/E:/1704A/hdServiceCode/nm-framework-model/target/nm-framework-model.jar!/com/ningmeng/framework/], URL [jar:file:/E:/1704A/hdServiceCode/nm-framework-utils/target/nm-framework-utils.jar!/com/ningmeng/framework/], URL [jar:file:/E:/1704A/hdServiceCode/nm-framework-common/target/nm-framework-common.jar!/com/ningmeng/framework/]]
2020-03-14 21:56:45.536 [main] DEBUG o.s.c.i.s.PathMatchingResourcePatternResolver - Looking for matching resources in jar file [file:/E:/1704A/hdServiceCode/nm-framework-model/target/nm-framework-model.jar]
2020-03-14 21:56:45.538 [main] DEBUG o.s.c.i.s.PathMatchingResourcePatternResolver - Looking for matching resources in jar file [file:/E:/1704A/hdServiceCode/nm-framework-utils/target/nm-framework-utils.jar]
2020-03-14 21:56:45.539 [main] DEBUG o.s.c.i.s.PathMatchingResourcePatternResolver - Looking for matching resources in jar file [file:/E:/1704A/hdServiceCode/nm-framework-common/target/nm-framework-common.jar]
2020-03-14 21:56:45.540 [main] DEBUG o.s.c.i.s.PathMatchingResourcePatternResolver - Resolved location pattern [classpath*:com/ningmeng/framework/**/*.class] to resources [URL [jar:file:/E:/1704A/hdServiceCode/nm-framework-model/target/nm-framework-model.jar!/com/ningmeng/framework/domain/cms/CmsConfig.class], URL [jar:file:/E:/1704A/hdServiceCode/nm-framework-model/target/nm-framework-model.jar!/com/ningmeng/framework/domain/course/CourseMarket.class], URL [jar:file:/E:/1704A/hdServiceCode/nm-framework-model/target/nm-framework-model.jar!/com/ningmeng/framework/domain/course/ext/CategoryParameter.class], URL [jar:file:/E:/1704A/hdServiceCode/nm-framework-model/target/nm-framework-model.jar!/com/ningmeng/framework/domain/portalview/response/PortalViewCode.class], URL [jar:file:/E:/1704A/hdServiceCode/nm-framework-model/target/nm-framework-model.jar!/com/ningmeng/framework/domain/report/ReportCompany.class], URL [jar:file:/E:/1704A/hdServiceCode/nm-framework-model/target/nm-framework-model.jar!/com/ningmeng/framework/domain/ucenter/NmTeacher.class], URL [jar:file:/E:/1704A/hdServiceCode/nm-framework-model/target/nm-framework-model.jar!/com/ningmeng/framework/domain/ucenter/response/UcenterCode.class], URL [jar:file:/E:/1704A/hdServiceCode/nm-framework-model/target/nm-framework-model.jar!/com/ningmeng/framework/domain/cms/CmsConfigModel.class], URL [jar:file:/E:/1704A/hdServiceCode/nm-framework-model/target/nm-framework-model.jar!/com/ningmeng/framework/domain/cms/request/QueryPageRequest.class], URL [jar:file:/E:/1704A/hdServiceCode/nm-framework-model/target/nm-framework-model.jar!/com/ningmeng/framework/domain/course/CourseIndex.class], URL [jar:file:/E:/1704A/hdServiceCode/nm-framework-model/target/nm-framework-model.jar!/com/ningmeng/framework/domain/course/ext/TeachplanExt.class], URL [jar:file:/E:/1704A/hdServiceCode/nm-framework-model/target/nm-framework-model.jar!/com/ningmeng/framework/domain/course/request/CourseListRequest.class], URL [jar:file:/E:/1704A/hdServiceCode/nm-framework-model/target/nm-framework-model.jar!/com/ningmeng/framework/domain/course/response/CourseView.class], URL [jar:file:/E:/1704A/hdServiceCode/nm-framework-model/target/nm-framework-model.jar!/com/ningmeng/framework/domain/course/response/DeleteCourseResult.class], URL [jar:file:/E:/1704A/hdServiceCode/nm-framework-model/target/nm-framework-model.jar!/com/ningmeng/framework/domain/media/MediaFileProcess_m3u8.class], URL [jar:file:/E:/1704A/hdServiceCode/nm-framework-model/target/nm-framework-model.jar!/com/ningmeng/framework/domain/media/request/QueryMediaFileRequest.class], URL [jar:file:/E:/1704A/hdServiceCode/nm-framework-model/target/nm-framework-model.jar!/com/ningmeng/framework/domain/media/response/MediaCode.class], URL [jar:file:/E:/1704A/hdServiceCode/nm-framework-model/target/nm-framework-model.jar!/com/ningmeng/framework/domain/media/response/MediaCourseResult.class], URL [jar:file:/E:/1704A/hdServiceCode/nm-framework-model/target/nm-framework-model.jar!/com/ningmeng/framework/domain/order/response/OrderResult.class], URL [jar:file:/E:/1704A/hdServiceCode/nm-framework-model/target/nm-framework-model.jar!/com/ningmeng/framework/domain/search/CourseSearchParam.class], URL [jar:file:/E:/1704A/hdServiceCode/nm-framework-model/target/nm-framework-model.jar!/com/ningmeng/framework/domain/ucenter/ext/AuthToken.class], URL [jar:file:/E:/1704A/hdServiceCode/nm-framework-model/target/nm-framework-model.jar!/com/ningmeng/framework/domain/ucenter/ext/UserBasicInfo.class], URL [jar:file:/E:/1704A/hdServiceCode/nm-framework-model/target/nm-framework-model.jar!/com/ningmeng/framework/domain/ucenter/ext/UserTokenStore.class], URL [jar:file:/E:/1704A/hdServiceCode/nm-framework-model/target/nm-framework-model.jar!/com/ningmeng/framework/domain/ucenter/NmCompanyUser.class], URL [jar:file:/E:/1704A/hdServiceCode/nm-framework-model/target/nm-framework-model.jar!/com/ningmeng/framework/domain/ucenter/NmMenu.class], URL [jar:file:/E:/1704A/hdServiceCode/nm-framework-model/target/nm-framework-model.jar!/com/ningmeng/framework/domain/ucenter/response/JwtResult.class], URL [jar:file:/E:/1704A/hdServiceCode/nm-framework-model/target/nm-framework-model.jar!/com/ningmeng/framework/domain/cms/CmsPage.class], URL [jar:file:/E:/1704A/hdServiceCode/nm-framework-model/target/nm-framework-model.jar!/com/ningmeng/framework/domain/cms/response/CmsPostPageResult.class], URL [jar:file:/E:/1704A/hdServiceCode/nm-framework-model/target/nm-framework-model.jar!/com/ningmeng/framework/domain/cms/response/GenerateHtmlResult.class], URL [jar:file:/E:/1704A/hdServiceCode/nm-framework-model/target/nm-framework-model.jar!/com/ningmeng/framework/domain/course/ext/CourseInfo.class], URL [jar:file:/E:/1704A/hdServiceCode/nm-framework-model/target/nm-framework-model.jar!/com/ningmeng/framework/domain/course/ext/TeachplanParameter.class], URL [jar:file:/E:/1704A/hdServiceCode/nm-framework-model/target/nm-framework-model.jar!/com/ningmeng/framework/domain/learning/XcLearningList.class], URL [jar:file:/E:/1704A/hdServiceCode/nm-framework-model/target/nm-framework-model.jar!/com/ningmeng/framework/domain/order/response/OrderCode.class], URL [jar:file:/E:/1704A/hdServiceCode/nm-framework-model/target/nm-framework-model.jar!/com/ningmeng/framework/domain/portalview/PreViewCourseMedia.class], URL [jar:file:/E:/1704A/hdServiceCode/nm-framework-model/target/nm-framework-model.jar!/com/ningmeng/framework/domain/task/XcTaskHis.class], URL [jar:file:/E:/1704A/hdServiceCode/nm-framework-model/target/nm-framework-model.jar!/com/ningmeng/framework/domain/ucenter/NmPermission.class], URL [jar:file:/E:/1704A/hdServiceCode/nm-framework-model/target/nm-framework-model.jar!/com/ningmeng/framework/domain/cms/CmsSite.class], URL [jar:file:/E:/1704A/hdServiceCode/nm-framework-model/target/nm-framework-model.jar!/com/ningmeng/framework/domain/cms/response/CmsCode.class], URL [jar:file:/E:/1704A/hdServiceCode/nm-framework-model/target/nm-framework-model.jar!/com/ningmeng/framework/domain/course/CoursePre.class], URL [jar:file:/E:/1704A/hdServiceCode/nm-framework-model/target/nm-framework-model.jar!/com/ningmeng/framework/domain/course/ext/TeachplanNode.class], URL [jar:file:/E:/1704A/hdServiceCode/nm-framework-model/target/nm-framework-model.jar!/com/ningmeng/framework/domain/course/response/CourseCode.class], URL [jar:file:/E:/1704A/hdServiceCode/nm-framework-model/target/nm-framework-model.jar!/com/ningmeng/framework/domain/course/TeachplanMedia.class], URL [jar:file:/E:/1704A/hdServiceCode/nm-framework-model/target/nm-framework-model.jar!/com/ningmeng/framework/domain/filesystem/response/UploadFileResult.class], URL [jar:file:/E:/1704A/hdServiceCode/nm-framework-model/target/nm-framework-model.jar!/com/ningmeng/framework/domain/learning/XcLearningCourse.class], URL [jar:file:/E:/1704A/hdServiceCode/nm-framework-model/target/nm-framework-model.jar!/com/ningmeng/framework/domain/ucenter/ext/NmUserExt.class], URL [jar:file:/E:/1704A/hdServiceCode/nm-framework-model/target/nm-framework-model.jar!/com/ningmeng/framework/domain/cms/CmsPageParam.class], URL [jar:file:/E:/1704A/hdServiceCode/nm-framework-model/target/nm-framework-model.jar!/com/ningmeng/framework/domain/cms/ext/CmsTemplateExt.class], URL [jar:file:/E:/1704A/hdServiceCode/nm-framework-model/target/nm-framework-model.jar!/com/ningmeng/framework/domain/course/Category.class], URL [jar:file:/E:/1704A/hdServiceCode/nm-framework-model/target/nm-framework-model.jar!/com/ningmeng/framework/domain/course/ext/CategoryNode.class], URL [jar:file:/E:/1704A/hdServiceCode/nm-framework-model/target/nm-framework-model.jar!/com/ningmeng/framework/domain/course/response/AddCourseResult.class], URL [jar:file:/E:/1704A/hdServiceCode/nm-framework-model/target/nm-framework-model.jar!/com/ningmeng/framework/domain/media/MediaFile.class], URL [jar:file:/E:/1704A/hdServiceCode/nm-framework-model/target/nm-framework-model.jar!/com/ningmeng/framework/domain/media/MediaVideoCourse.class], URL [jar:file:/E:/1704A/hdServiceCode/nm-framework-model/target/nm-framework-model.jar!/com/ningmeng/framework/domain/order/request/CreateOrderRequest.class], URL [jar:file:/E:/1704A/hdServiceCode/nm-framework-model/target/nm-framework-model.jar!/com/ningmeng/framework/domain/report/ReportCourse.class], URL [jar:file:/E:/1704A/hdServiceCode/nm-framework-model/target/nm-framework-model.jar!/com/ningmeng/framework/domain/system/SysDictionary.class], URL [jar:file:/E:/1704A/hdServiceCode/nm-framework-model/target/nm-framework-model.jar!/com/ningmeng/framework/domain/ucenter/NmUser.class], URL [jar:file:/E:/1704A/hdServiceCode/nm-framework-model/target/nm-framework-model.jar!/com/ningmeng/framework/domain/cms/CmsSiteServer.class], URL [jar:file:/E:/1704A/hdServiceCode/nm-framework-model/target/nm-framework-model.jar!/com/ningmeng/framework/domain/course/CoursePic.class], URL [jar:file:/E:/1704A/hdServiceCode/nm-framework-model/target/nm-framework-model.jar!/com/ningmeng/framework/domain/course/CoursePub.class], URL [jar:file:/E:/1704A/hdServiceCode/nm-framework-model/target/nm-framework-model.jar!/com/ningmeng/framework/domain/course/Teachplan.class], URL [jar:file:/E:/1704A/hdServiceCode/nm-framework-model/target/nm-framework-model.jar!/com/ningmeng/framework/domain/learning/response/GetMediaResult.class], URL [jar:file:/E:/1704A/hdServiceCode/nm-framework-model/target/nm-framework-model.jar!/com/ningmeng/framework/domain/media/MediaVideoCourseSimple.class], URL [jar:file:/E:/1704A/hdServiceCode/nm-framework-model/target/nm-framework-model.jar!/com/ningmeng/framework/domain/media/response/MediaFileResult.class], URL [jar:file:/E:/1704A/hdServiceCode/nm-framework-model/target/nm-framework-model.jar!/com/ningmeng/framework/domain/order/response/CreateOrderResult.class], URL [jar:file:/E:/1704A/hdServiceCode/nm-framework-model/target/nm-framework-model.jar!/com/ningmeng/framework/domain/order/response/PayOrderResult.class], URL [jar:file:/E:/1704A/hdServiceCode/nm-framework-model/target/nm-framework-model.jar!/com/ningmeng/framework/domain/order/response/PayQrcodeResult.class], URL [jar:file:/E:/1704A/hdServiceCode/nm-framework-model/target/nm-framework-model.jar!/com/ningmeng/framework/domain/order/XcOrdersDetail.class], URL [jar:file:/E:/1704A/hdServiceCode/nm-framework-model/target/nm-framework-model.jar!/com/ningmeng/framework/domain/task/XcTask.class], URL [jar:file:/E:/1704A/hdServiceCode/nm-framework-model/target/nm-framework-model.jar!/com/ningmeng/framework/domain/ucenter/ext/UserToken.class], URL [jar:file:/E:/1704A/hdServiceCode/nm-framework-model/target/nm-framework-model.jar!/com/ningmeng/framework/domain/ucenter/NmCompany.class], URL [jar:file:/E:/1704A/hdServiceCode/nm-framework-model/target/nm-framework-model.jar!/com/ningmeng/framework/domain/ucenter/NmRole.class], URL [jar:file:/E:/1704A/hdServiceCode/nm-framework-model/target/nm-framework-model.jar!/com/ningmeng/framework/domain/ucenter/request/LoginRequest.class], URL [jar:file:/E:/1704A/hdServiceCode/nm-framework-model/target/nm-framework-model.jar!/com/ningmeng/framework/domain/ucenter/response/LoginResult.class], URL [jar:file:/E:/1704A/hdServiceCode/nm-framework-model/target/nm-framework-model.jar!/com/ningmeng/framework/domain/cms/CmsTemplate.class], URL [jar:file:/E:/1704A/hdServiceCode/nm-framework-model/target/nm-framework-model.jar!/com/ningmeng/framework/domain/course/CourseBase.class], URL [jar:file:/E:/1704A/hdServiceCode/nm-framework-model/target/nm-framework-model.jar!/com/ningmeng/framework/domain/course/CourseOff.class], URL [jar:file:/E:/1704A/hdServiceCode/nm-framework-model/target/nm-framework-model.jar!/com/ningmeng/framework/domain/course/TeachplanMediaPub.class], URL [jar:file:/E:/1704A/hdServiceCode/nm-framework-model/target/nm-framework-model.jar!/com/ningmeng/framework/domain/filesystem/response/FileSystemCode.class], URL [jar:file:/E:/1704A/hdServiceCode/nm-framework-model/target/nm-framework-model.jar!/com/ningmeng/framework/domain/media/MediaFileProcess.class], URL [jar:file:/E:/1704A/hdServiceCode/nm-framework-model/target/nm-framework-model.jar!/com/ningmeng/framework/domain/media/response/CheckChunkResult.class], URL [jar:file:/E:/1704A/hdServiceCode/nm-framework-model/target/nm-framework-model.jar!/com/ningmeng/framework/domain/order/XcOrders.class], URL [jar:file:/E:/1704A/hdServiceCode/nm-framework-model/target/nm-framework-model.jar!/com/ningmeng/framework/domain/portalview/PreViewCourse.class], URL [jar:file:/E:/1704A/hdServiceCode/nm-framework-model/target/nm-framework-model.jar!/com/ningmeng/framework/domain/portalview/ViewCourseMedia.class], URL [jar:file:/E:/1704A/hdServiceCode/nm-framework-model/target/nm-framework-model.jar!/com/ningmeng/framework/domain/system/SysDictionaryValue.class], URL [jar:file:/E:/1704A/hdServiceCode/nm-framework-model/target/nm-framework-model.jar!/com/ningmeng/framework/domain/ucenter/NmUserRole.class], URL [jar:file:/E:/1704A/hdServiceCode/nm-framework-model/target/nm-framework-model.jar!/com/ningmeng/framework/domain/cms/ext/CmsPageExt.class], URL [jar:file:/E:/1704A/hdServiceCode/nm-framework-model/target/nm-framework-model.jar!/com/ningmeng/framework/domain/cms/response/CmsPageResult.class], URL [jar:file:/E:/1704A/hdServiceCode/nm-framework-model/target/nm-framework-model.jar!/com/ningmeng/framework/domain/cms/response/CoursePreviewResult.class], URL [jar:file:/E:/1704A/hdServiceCode/nm-framework-model/target/nm-framework-model.jar!/com/ningmeng/framework/domain/course/response/CoursePublishResult.class], URL [jar:file:/E:/1704A/hdServiceCode/nm-framework-model/target/nm-framework-model.jar!/com/ningmeng/framework/domain/filesystem/FileSystem.class], URL [jar:file:/E:/1704A/hdServiceCode/nm-framework-model/target/nm-framework-model.jar!/com/ningmeng/framework/domain/order/request/weixinPayInformRequest.class], URL [jar:file:/E:/1704A/hdServiceCode/nm-framework-model/target/nm-framework-model.jar!/com/ningmeng/framework/domain/order/XcOrdersPay.class], URL [jar:file:/E:/1704A/hdServiceCode/nm-framework-model/target/nm-framework-model.jar!/com/ningmeng/framework/domain/portalview/ViewCourse.class], URL [jar:file:/E:/1704A/hdServiceCode/nm-framework-model/target/nm-framework-model.jar!/com/ningmeng/framework/domain/test/UserTest.class], URL [jar:file:/E:/1704A/hdServiceCode/nm-framework-model/target/nm-framework-model.jar!/com/ningmeng/framework/domain/ucenter/ext/NmMenuExt.class], URL [jar:file:/E:/1704A/hdServiceCode/nm-framework-model/target/nm-framework-model.jar!/com/ningmeng/framework/domain/ucenter/response/AuthCode.class], URL [jar:file:/E:/1704A/hdServiceCode/nm-framework-utils/target/nm-framework-utils.jar!/com/ningmeng/framework/utils/BCryptUtil.class], URL [jar:file:/E:/1704A/hdServiceCode/nm-framework-utils/target/nm-framework-utils.jar!/com/ningmeng/framework/utils/CookieUtil.class], URL [jar:file:/E:/1704A/hdServiceCode/nm-framework-utils/target/nm-framework-utils.jar!/com/ningmeng/framework/utils/Oauth2Util.class], URL [jar:file:/E:/1704A/hdServiceCode/nm-framework-utils/target/nm-framework-utils.jar!/com/ningmeng/framework/utils/SnowflakeIdWorker.class], URL [jar:file:/E:/1704A/hdServiceCode/nm-framework-utils/target/nm-framework-utils.jar!/com/ningmeng/framework/utils/GenerateOrderNum.class], URL [jar:file:/E:/1704A/hdServiceCode/nm-framework-utils/target/nm-framework-utils.jar!/com/ningmeng/framework/utils/XcOauth2Util$UserJwt.class], URL [jar:file:/E:/1704A/hdServiceCode/nm-framework-utils/target/nm-framework-utils.jar!/com/ningmeng/framework/utils/HlsVideoUtil.class], URL [jar:file:/E:/1704A/hdServiceCode/nm-framework-utils/target/nm-framework-utils.jar!/com/ningmeng/framework/utils/HttpClient$1.class], URL [jar:file:/E:/1704A/hdServiceCode/nm-framework-utils/target/nm-framework-utils.jar!/com/ningmeng/framework/utils/HttpClient.class], URL [jar:file:/E:/1704A/hdServiceCode/nm-framework-utils/target/nm-framework-utils.jar!/com/ningmeng/framework/utils/Snowflake.class], URL [jar:file:/E:/1704A/hdServiceCode/nm-framework-utils/target/nm-framework-utils.jar!/com/ningmeng/framework/utils/XcOauth2Util.class], URL [jar:file:/E:/1704A/hdServiceCode/nm-framework-utils/target/nm-framework-utils.jar!/com/ningmeng/framework/utils/MD5Util.class], URL [jar:file:/E:/1704A/hdServiceCode/nm-framework-utils/target/nm-framework-utils.jar!/com/ningmeng/framework/utils/VideoUtil.class], URL [jar:file:/E:/1704A/hdServiceCode/nm-framework-utils/target/nm-framework-utils.jar!/com/ningmeng/framework/utils/ZipUtil.class], URL [jar:file:/E:/1704A/hdServiceCode/nm-framework-utils/target/nm-framework-utils.jar!/com/ningmeng/framework/utils/Mp4VideoUtil.class], URL [jar:file:/E:/1704A/hdServiceCode/nm-framework-common/target/nm-framework-common.jar!/com/ningmeng/framework/client/NmServiceList.class], URL [jar:file:/E:/1704A/hdServiceCode/nm-framework-common/target/nm-framework-common.jar!/com/ningmeng/framework/exception/CustomException.class], URL [jar:file:/E:/1704A/hdServiceCode/nm-framework-common/target/nm-framework-common.jar!/com/ningmeng/framework/exception/CustomExceptionCast.class], URL [jar:file:/E:/1704A/hdServiceCode/nm-framework-common/target/nm-framework-common.jar!/com/ningmeng/framework/model/response/Response.class], URL [jar:file:/E:/1704A/hdServiceCode/nm-framework-common/target/nm-framework-common.jar!/com/ningmeng/framework/model/response/ResponseResult.class], URL [jar:file:/E:/1704A/hdServiceCode/nm-framework-common/target/nm-framework-common.jar!/com/ningmeng/framework/exception/ExceptionCatch.class], URL [jar:file:/E:/1704A/hdServiceCode/nm-framework-common/target/nm-framework-common.jar!/com/ningmeng/framework/model/request/RequestData.class], URL [jar:file:/E:/1704A/hdServiceCode/nm-framework-common/target/nm-framework-common.jar!/com/ningmeng/framework/model/response/CommonCode.class], URL [jar:file:/E:/1704A/hdServiceCode/nm-framework-common/target/nm-framework-common.jar!/com/ningmeng/framework/model/response/ResultCode.class], URL [jar:file:/E:/1704A/hdServiceCode/nm-framework-common/target/nm-framework-common.jar!/com/ningmeng/framework/web/BaseController.class], URL [jar:file:/E:/1704A/hdServiceCode/nm-framework-common/target/nm-framework-common.jar!/com/ningmeng/framework/model/response/QueryResponseResult.class], URL [jar:file:/E:/1704A/hdServiceCode/nm-framework-common/target/nm-framework-common.jar!/com/ningmeng/framework/model/response/QueryResult.class]]
2020-03-14 21:56:45.669 [main] DEBUG o.s.c.a.ClassPathBeanDefinitionScanner - Identified candidate component class: URL [jar:file:/E:/1704A/hdServiceCode/nm-framework-common/target/nm-framework-common.jar!/com/ningmeng/framework/exception/ExceptionCatch.class]
2020-03-14 21:56:45.711 [main] DEBUG o.s.c.e.PropertySourcesPropertyResolver - Could not find key 'spring.boot.enableautoconfiguration' in any property source
2020-03-14 21:56:45.734 [main] DEBUG o.s.b.f.s.DefaultListableBeanFactory - Returning cached instance of singleton bean 'autoConfigurationReport'
2020-03-14 21:56:45.916 [main] DEBUG o.s.b.f.s.DefaultListableBeanFactory - Returning cached instance of singleton bean 'autoConfigurationReport'
2020-03-14 21:56:45.935 [main] DEBUG o.s.b.f.s.DefaultListableBeanFactory - Returning cached instance of singleton bean 'org.springframework.boot.autoconfigure.internalCachingMetadataReaderFactory'
2020-03-14 21:56:46.025 [main] DEBUG o.s.c.e.PropertySourcesPropertyResolver - Could not find key 'spring.messages.basename' in any property source
2020-03-14 21:56:46.027 [main] DEBUG o.s.c.i.s.PathMatchingResourcePatternResolver - Resolved classpath location [messages.properties] to resources []
2020-03-14 21:56:46.027 [main] DEBUG o.s.b.f.s.DefaultListableBeanFactory - Returning cached instance of singleton bean 'autoConfigurationReport'
2020-03-14 21:56:46.035 [main] DEBUG o.s.b.f.s.DefaultListableBeanFactory - Returning cached instance of singleton bean 'autoConfigurationReport'
2020-03-14 21:56:46.037 [main] DEBUG o.s.b.f.s.DefaultListableBeanFactory - Returning cached instance of singleton bean 'autoConfigurationReport'
2020-03-14 21:56:46.038 [main] DEBUG o.s.b.f.s.DefaultListableBeanFactory - Returning cached instance of singleton bean 'autoConfigurationReport'
2020-03-14 21:56:46.039 [main] DEBUG o.s.b.f.s.DefaultListableBeanFactory - Returning cached instance of singleton bean 'autoConfigurationReport'
2020-03-14 21:56:46.041 [main] DEBUG o.s.b.f.s.DefaultListableBeanFactory - Returning cached instance of singleton bean 'autoConfigurationReport'
2020-03-14 21:56:46.041 [main] DEBUG o.s.b.f.s.DefaultListableBeanFactory - Returning cached instance of singleton bean 'autoConfigurationReport'
2020-03-14 21:56:46.045 [main] DEBUG o.s.b.f.s.DefaultListableBeanFactory - Returning cached instance of singleton bean 'autoConfigurationReport'
2020-03-14 21:56:46.046 [main] DEBUG o.s.b.f.s.DefaultListableBeanFactory - Returning cached instance of singleton bean 'autoConfigurationReport'
2020-03-14 21:56:46.048 [main] DEBUG o.s.b.f.s.DefaultListableBeanFactory - Returning cached instance of singleton bean 'autoConfigurationReport'
2020-03-14 21:56:46.053 [main] DEBUG o.s.b.f.s.DefaultListableBeanFactory - Returning cached instance of singleton bean 'autoConfigurationReport'
2020-03-14 21:56:46.054 [main] DEBUG o.s.b.f.s.DefaultListableBeanFactory - Returning cached instance of singleton bean 'autoConfigurationReport'
2020-03-14 21:56:46.062 [main] DEBUG o.s.b.f.s.DefaultListableBeanFactory - Returning cached instance of singleton bean 'autoConfigurationReport'
2020-03-14 21:56:46.064 [main] DEBUG o.s.b.f.s.DefaultListableBeanFactory - Returning cached instance of singleton bean 'autoConfigurationReport'
2020-03-14 21:56:46.067 [main] DEBUG o.s.b.f.s.DefaultListableBeanFactory - Returning cached instance of singleton bean 'autoConfigurationReport'
2020-03-14 21:56:46.070 [main] DEBUG o.s.b.f.s.DefaultListableBeanFactory - Returning cached instance of singleton bean 'autoConfigurationReport'
2020-03-14 21:56:46.071 [main] DEBUG o.s.b.f.s.DefaultListableBeanFactory - Returning cached instance of singleton bean 'autoConfigurationReport'
2020-03-14 21:56:46.077 [main] DEBUG o.s.b.f.s.DefaultListableBeanFactory - Returning cached instance of singleton bean 'autoConfigurationReport'
2020-03-14 21:56:46.245 [main] DEBUG o.s.b.f.s.DefaultListableBeanFactory - Returning cached instance of singleton bean 'autoConfigurationReport'
2020-03-14 21:56:46.247 [main] DEBUG o.s.b.f.s.DefaultListableBeanFactory - Returning cached instance of singleton bean 'autoConfigurationReport'
2020-03-14 21:56:46.250 [main] DEBUG o.s.b.f.s.DefaultListableBeanFactory - Returning cached instance of singleton bean 'autoConfigurationReport'
2020-03-14 21:56:46.252 [main] DEBUG o.s.b.f.s.DefaultListableBeanFactory - Returning cached instance of singleton bean 'autoConfigurationReport'
2020-03-14 21:56:46.258 [main] DEBUG o.s.b.f.s.DefaultListableBeanFactory - Returning cached instance of singleton bean 'autoConfigurationReport'
2020-03-14 21:56:46.293 [main] DEBUG o.s.b.f.s.DefaultListableBeanFactory - Returning cached instance of singleton bean 'autoConfigurationReport'
2020-03-14 21:56:46.302 [main] DEBUG o.s.b.f.s.DefaultListableBeanFactory - Returning cached instance of singleton bean 'autoConfigurationReport'
2020-03-14 21:56:46.305 [main] DEBUG o.s.b.f.s.DefaultListableBeanFactory - Returning cached instance of singleton bean 'autoConfigurationReport'
2020-03-14 21:56:46.306 [main] DEBUG o.s.b.f.s.DefaultListableBeanFactory - Returning cached instance of singleton bean 'autoConfigurationReport'
2020-03-14 21:56:46.310 [main] DEBUG o.s.b.f.s.DefaultListableBeanFactory - Returning cached instance of singleton bean 'autoConfigurationReport'
2020-03-14 21:56:46.311 [main] DEBUG o.s.b.f.s.DefaultListableBeanFactory - Returning cached instance of singleton bean 'autoConfigurationReport'
2020-03-14 21:56:46.317 [main] DEBUG o.s.b.f.s.DefaultListableBeanFactory - Returning cached instance of singleton bean 'autoConfigurationReport'
2020-03-14 21:56:46.318 [main] DEBUG o.s.b.f.s.DefaultListableBeanFactory - Returning cached instance of singleton bean 'autoConfigurationReport'
2020-03-14 21:56:46.327 [main] DEBUG o.s.b.f.s.DefaultListableBeanFactory - Returning cached instance of singleton bean 'autoConfigurationReport'
2020-03-14 21:56:46.357 [main] DEBUG o.s.c.e.PropertySourcesPropertyResolver - Could not find key 'spring.template.provider.cache' in any property source
2020-03-14 21:56:46.364 [main] DEBUG o.s.b.f.s.DefaultListableBeanFactory - Returning cached instance of singleton bean 'autoConfigurationReport'
2020-03-14 21:56:46.367 [main] DEBUG o.s.b.f.s.DefaultListableBeanFactory - Returning cached instance of singleton bean 'autoConfigurationReport'
2020-03-14 21:56:46.382 [main] DEBUG o.s.b.f.s.DefaultListableBeanFactory - Returning cached instance of singleton bean 'autoConfigurationReport'
2020-03-14 21:56:46.385 [main] DEBUG o.s.b.f.s.DefaultListableBeanFactory - Returning cached instance of singleton bean 'autoConfigurationReport'
2020-03-14 21:56:46.387 [main] DEBUG o.s.b.f.s.DefaultListableBeanFactory - Returning cached instance of singleton bean 'autoConfigurationReport'
2020-03-14 21:56:46.388 [main] DEBUG o.s.b.f.s.DefaultListableBeanFactory - Returning cached instance of singleton bean 'autoConfigurationReport'
2020-03-14 21:56:46.396 [main] DEBUG o.s.c.e.PropertySourcesPropertyResolver - Could not find key 'security.oauth2.resource.jwt.key-value' in any property source
2020-03-14 21:56:46.398 [main] DEBUG o.s.c.e.PropertySourcesPropertyResolver - Could not find key 'security.oauth2.resource.jwt.key-uri' in any property source
2020-03-14 21:56:46.399 [main] DEBUG o.s.b.f.s.DefaultListableBeanFactory - Returning cached instance of singleton bean 'autoConfigurationReport'
2020-03-14 21:56:46.402 [main] DEBUG o.s.c.e.PropertySourcesPropertyResolver - Could not find key 'security.oauth2.resource.jwk.key-set-uri' in any property source
2020-03-14 21:56:46.403 [main] DEBUG o.s.b.f.s.DefaultListableBeanFactory - Returning cached instance of singleton bean 'autoConfigurationReport'
2020-03-14 21:56:46.419 [main] DEBUG o.s.c.e.PropertySourcesPropertyResolver - Could not find key 'security.oauth2.resource.jwk.key-set-uri' in any property source
2020-03-14 21:56:46.420 [main] DEBUG o.s.c.e.PropertySourcesPropertyResolver - Could not find key 'security.oauth2.resource.jwt.key-value' in any property source
2020-03-14 21:56:46.420 [main] DEBUG o.s.c.e.PropertySourcesPropertyResolver - Could not find key 'security.oauth2.resource.jwt.key-uri' in any property source
2020-03-14 21:56:46.421 [main] DEBUG o.s.b.f.s.DefaultListableBeanFactory - Returning cached instance of singleton bean 'autoConfigurationReport'
2020-03-14 21:56:46.429 [main] DEBUG o.s.b.f.s.DefaultListableBeanFactory - Returning cached instance of singleton bean 'autoConfigurationReport'
2020-03-14 21:56:46.430 [main] DEBUG o.s.c.e.PropertySourcesPropertyResolver - Could not find key 'security.oauth2.resource.prefer-token-info' in any property source
2020-03-14 21:56:46.430 [main] DEBUG o.s.c.e.PropertySourcesPropertyResolver - Could not find key 'OAUTH2_RESOURCE_PREFERTOKENINFO:true' in any property source
2020-03-14 21:56:46.430 [main] DEBUG o.s.c.e.PropertySourcesPropertyResolver - Could not find key 'OAUTH2_RESOURCE_PREFERTOKENINFO' in any property source
2020-03-14 21:56:46.431 [main] DEBUG o.s.c.e.PropertySourcesPropertyResolver - Could not find key 'security.oauth2.resource.token-info-uri' in any property source
2020-03-14 21:56:46.431 [main] DEBUG o.s.c.e.PropertySourcesPropertyResolver - Could not find key 'security.oauth2.resource.user-info-uri' in any property source
2020-03-14 21:56:46.431 [main] DEBUG o.s.b.f.s.DefaultListableBeanFactory - Returning cached instance of singleton bean 'autoConfigurationReport'
2020-03-14 21:56:46.432 [main] DEBUG o.s.b.f.s.DefaultListableBeanFactory - Returning cached instance of singleton bean 'autoConfigurationReport'
2020-03-14 21:56:46.434 [main] DEBUG o.s.c.e.PropertySourcesPropertyResolver - Could not find key 'security.oauth2.resource.prefer-token-info' in any property source
2020-03-14 21:56:46.434 [main] DEBUG o.s.c.e.PropertySourcesPropertyResolver - Could not find key 'OAUTH2_RESOURCE_PREFERTOKENINFO:true' in any property source
2020-03-14 21:56:46.434 [main] DEBUG o.s.c.e.PropertySourcesPropertyResolver - Could not find key 'OAUTH2_RESOURCE_PREFERTOKENINFO' in any property source
2020-03-14 21:56:46.434 [main] DEBUG o.s.c.e.PropertySourcesPropertyResolver - Could not find key 'security.oauth2.resource.token-info-uri' in any property source
2020-03-14 21:56:46.434 [main] DEBUG o.s.c.e.PropertySourcesPropertyResolver - Could not find key 'security.oauth2.resource.user-info-uri' in any property source
2020-03-14 21:56:46.434 [main] DEBUG o.s.b.f.s.DefaultListableBeanFactory - Returning cached instance of singleton bean 'autoConfigurationReport'
2020-03-14 21:56:46.436 [main] DEBUG o.s.b.f.s.DefaultListableBeanFactory - Returning cached instance of singleton bean 'autoConfigurationReport'
2020-03-14 21:56:46.442 [main] DEBUG o.s.c.e.PropertySourcesPropertyResolver - Could not find key 'security.oauth2.client.client-id' in any property source
2020-03-14 21:56:46.442 [main] DEBUG o.s.b.f.s.DefaultListableBeanFactory - Returning cached instance of singleton bean 'autoConfigurationReport'
2020-03-14 21:56:46.443 [main] DEBUG o.s.c.e.PropertySourcesPropertyResolver - Could not find key 'security.oauth2.client.client-id' in any property source
2020-03-14 21:56:46.443 [main] DEBUG o.s.b.f.s.DefaultListableBeanFactory - Returning cached instance of singleton bean 'autoConfigurationReport'
2020-03-14 21:56:46.447 [main] DEBUG o.s.b.f.s.DefaultListableBeanFactory - Returning cached instance of singleton bean 'autoConfigurationReport'
2020-03-14 21:56:46.451 [main] DEBUG o.s.b.f.s.DefaultListableBeanFactory - Returning cached instance of singleton bean 'autoConfigurationReport'
2020-03-14 21:56:46.451 [main] DEBUG o.s.b.f.s.DefaultListableBeanFactory - Returning cached instance of singleton bean 'autoConfigurationReport'
2020-03-14 21:56:46.486 [main] DEBUG o.s.b.f.s.DefaultListableBeanFactory - Returning cached instance of singleton bean 'autoConfigurationReport'
2020-03-14 21:56:46.516 [main] DEBUG o.s.c.e.PropertySourcesPropertyResolver - Could not find key 'spring.resources.chain.strategy.fixed.enabled' in any property source
2020-03-14 21:56:46.516 [main] DEBUG o.s.c.e.PropertySourcesPropertyResolver - Could not find key 'spring.resources.chain.strategy.content.enabled' in any property source
2020-03-14 21:56:46.517 [main] DEBUG o.s.c.e.PropertySourcesPropertyResolver - Could not find key 'spring.resources.chain.enabled' in any property source
2020-03-14 21:56:46.529 [main] DEBUG o.s.b.f.s.DefaultListableBeanFactory - Returning cached instance of singleton bean 'autoConfigurationReport'
2020-03-14 21:56:46.656 [main] DEBUG o.s.b.f.s.DefaultListableBeanFactory - Returning cached instance of singleton bean 'autoConfigurationReport'
2020-03-14 21:56:46.666 [main] DEBUG o.s.b.f.s.DefaultListableBeanFactory - Returning cached instance of singleton bean 'autoConfigurationReport'
2020-03-14 21:56:46.669 [main] DEBUG o.s.b.f.s.DefaultListableBeanFactory - Returning cached instance of singleton bean 'autoConfigurationReport'
2020-03-14 21:56:46.670 [main] DEBUG o.s.b.f.s.DefaultListableBeanFactory - Returning cached instance of singleton bean 'autoConfigurationReport'
2020-03-14 21:56:46.671 [main] DEBUG o.s.b.f.s.DefaultListableBeanFactory - Returning cached instance of singleton bean 'autoConfigurationReport'
2020-03-14 21:56:46.673 [main] DEBUG o.s.b.f.s.DefaultListableBeanFactory - Returning cached instance of singleton bean 'autoConfigurationReport'
2020-03-14 21:56:46.678 [main] DEBUG o.s.b.f.s.DefaultListableBeanFactory - Returning cached instance of singleton bean 'autoConfigurationReport'
2020-03-14 21:56:46.678 [main] DEBUG o.s.b.f.s.DefaultListableBeanFactory - Returning cached instance of singleton bean 'autoConfigurationReport'
2020-03-14 21:56:46.681 [main] DEBUG o.s.b.f.s.DefaultListableBeanFactory - Returning cached instance of singleton bean 'autoConfigurationReport'
2020-03-14 21:56:46.682 [main] DEBUG o.s.b.f.s.DefaultListableBeanFactory - Returning cached instance of singleton bean 'autoConfigurationReport'
2020-03-14 21:56:46.699 [main] DEBUG o.s.b.f.s.DefaultListableBeanFactory - Returning cached instance of singleton bean 'autoConfigurationReport'
2020-03-14 21:56:46.700 [main] DEBUG o.s.b.f.s.DefaultListableBeanFactory - Returning cached instance of singleton bean 'autoConfigurationReport'
2020-03-14 21:56:46.701 [main] DEBUG o.s.b.f.s.DefaultListableBeanFactory - Returning cached instance of singleton bean 'autoConfigurationReport'
2020-03-14 21:56:46.703 [main] DEBUG o.s.b.f.s.DefaultListableBeanFactory - Returning cached instance of singleton bean 'autoConfigurationReport'
2020-03-14 21:56:46.704 [main] DEBUG o.s.b.f.s.DefaultListableBeanFactory - Returning cached instance of singleton bean 'autoConfigurationReport'
2020-03-14 21:56:46.712 [main] DEBUG o.s.b.f.s.DefaultListableBeanFactory - Returning cached instance of singleton bean 'autoConfigurationReport'
2020-03-14 21:56:46.715 [main] DEBUG o.s.b.f.s.DefaultListableBeanFactory - Returning cached instance of singleton bean 'autoConfigurationReport'
2020-03-14 21:56:46.733 [main] DEBUG o.s.b.f.s.DefaultListableBeanFactory - Returning cached instance of singleton bean 'autoConfigurationReport'
2020-03-14 21:56:46.748 [main] DEBUG o.s.b.f.s.DefaultListableBeanFactory - Returning cached instance of singleton bean 'autoConfigurationReport'
2020-03-14 21:56:46.754 [main] DEBUG o.s.b.f.s.DefaultListableBeanFactory - Returning cached instance of singleton bean 'autoConfigurationReport'
2020-03-14 21:56:46.755 [main] DEBUG o.s.b.f.s.DefaultListableBeanFactory - Returning cached instance of singleton bean 'autoConfigurationReport'
2020-03-14 21:56:46.768 [main] DEBUG o.s.b.f.s.DefaultListableBeanFactory - Returning cached instance of singleton bean 'autoConfigurationReport'
2020-03-14 21:56:46.769 [main] DEBUG o.s.b.f.s.DefaultListableBeanFactory - Returning cached instance of singleton bean 'autoConfigurationReport'
2020-03-14 21:56:46.772 [main] DEBUG o.s.b.f.s.DefaultListableBeanFactory - Returning cached instance of singleton bean 'autoConfigurationReport'
2020-03-14 21:56:46.778 [main] DEBUG o.s.b.f.s.DefaultListableBeanFactory - Returning cached instance of singleton bean 'autoConfigurationReport'
2020-03-14 21:56:46.779 [main] DEBUG o.s.b.f.s.DefaultListableBeanFactory - Returning cached instance of singleton bean 'autoConfigurationReport'
2020-03-14 21:56:46.779 [main] DEBUG o.s.c.e.PropertySourcesPropertyResolver - Found key 'spring.jmx.enabled' in PropertySource 'configurationProperties' with value of type String
2020-03-14 21:56:46.780 [main] DEBUG o.s.b.f.s.DefaultListableBeanFactory - Returning cached instance of singleton bean 'autoConfigurationReport'
2020-03-14 21:56:46.787 [main] DEBUG o.s.b.f.s.DefaultListableBeanFactory - Returning cached instance of singleton bean 'autoConfigurationReport'
2020-03-14 21:56:46.795 [main] DEBUG o.s.b.f.s.DefaultListableBeanFactory - Returning cached instance of singleton bean 'autoConfigurationReport'
2020-03-14 21:56:46.796 [main] DEBUG o.s.b.f.s.DefaultListableBeanFactory - Returning cached instance of singleton bean 'autoConfigurationReport'
2020-03-14 21:56:46.797 [main] DEBUG o.s.b.f.s.DefaultListableBeanFactory - Returning cached instance of singleton bean 'autoConfigurationReport'
2020-03-14 21:56:46.813 [main] DEBUG o.s.b.f.s.DefaultListableBeanFactory - Returning cached instance of singleton bean 'autoConfigurationReport'
2020-03-14 21:56:46.836 [main] DEBUG o.s.c.e.PropertySourcesPropertyResolver - Could not find key 'management.health.defaults.enabled' in any property source
2020-03-14 21:56:46.836 [main] DEBUG o.s.b.f.s.DefaultListableBeanFactory - Returning cached instance of singleton bean 'autoConfigurationReport'
2020-03-14 21:56:46.839 [main] DEBUG o.s.b.f.s.DefaultListableBeanFactory - Returning cached instance of singleton bean 'autoConfigurationReport'
2020-03-14 21:56:46.841 [main] DEBUG o.s.b.f.s.DefaultListableBeanFactory - Returning cached instance of singleton bean 'autoConfigurationReport'
2020-03-14 21:56:46.843 [main] DEBUG o.s.c.e.PropertySourcesPropertyResolver - Could not find key 'management.health.defaults.enabled' in any property source
2020-03-14 21:56:46.844 [main] DEBUG o.s.b.f.s.DefaultListableBeanFactory - Returning cached instance of singleton bean 'autoConfigurationReport'
2020-03-14 21:56:46.847 [main] DEBUG o.s.b.f.s.DefaultListableBeanFactory - Returning cached instance of singleton bean 'autoConfigurationReport'
2020-03-14 21:56:46.848 [main] DEBUG o.s.b.f.s.DefaultListableBeanFactory - Returning cached instance of singleton bean 'autoConfigurationReport'
2020-03-14 21:56:46.849 [main] DEBUG o.s.c.e.PropertySourcesPropertyResolver - Could not find key 'management.health.defaults.enabled' in any property source
2020-03-14 21:56:46.850 [main] DEBUG o.s.b.f.s.DefaultListableBeanFactory - Returning cached instance of singleton bean 'autoConfigurationReport'
2020-03-14 21:56:46.852 [main] DEBUG o.s.b.f.s.DefaultListableBeanFactory - Returning cached instance of singleton bean 'autoConfigurationReport'
2020-03-14 21:56:46.853 [main] DEBUG o.s.b.f.s.DefaultListableBeanFactory - Returning cached instance of singleton bean 'autoConfigurationReport'
2020-03-14 21:56:46.855 [main] DEBUG o.s.b.f.s.DefaultListableBeanFactory - Returning cached instance of singleton bean 'autoConfigurationReport'
2020-03-14 21:56:46.855 [main] DEBUG o.s.c.e.PropertySourcesPropertyResolver - Could not find key 'management.health.defaults.enabled' in any property source
2020-03-14 21:56:46.855 [main] DEBUG o.s.b.f.s.DefaultListableBeanFactory - Returning cached instance of singleton bean 'autoConfigurationReport'
2020-03-14 21:56:46.857 [main] DEBUG o.s.b.f.s.DefaultListableBeanFactory - Returning cached instance of singleton bean 'autoConfigurationReport'
2020-03-14 21:56:46.861 [main] DEBUG o.s.c.e.PropertySourcesPropertyResolver - Could not find key 'management.health.defaults.enabled' in any property source
2020-03-14 21:56:46.861 [main] DEBUG o.s.b.f.s.DefaultListableBeanFactory - Returning cached instance of singleton bean 'autoConfigurationReport'
2020-03-14 21:56:46.864 [main] DEBUG o.s.b.f.s.DefaultListableBeanFactory - Returning cached instance of singleton bean 'autoConfigurationReport'
2020-03-14 21:56:46.867 [main] DEBUG o.s.b.f.s.DefaultListableBeanFactory - Returning cached instance of singleton bean 'autoConfigurationReport'
2020-03-14 21:56:46.883 [main] DEBUG o.s.b.f.s.DefaultListableBeanFactory - Returning cached instance of singleton bean 'autoConfigurationReport'
2020-03-14 21:56:46.883 [main] DEBUG o.s.b.f.s.DefaultListableBeanFactory - Returning cached instance of singleton bean 'autoConfigurationReport'
2020-03-14 21:56:46.889 [main] DEBUG o.s.b.f.s.DefaultListableBeanFactory - Returning cached instance of singleton bean 'autoConfigurationReport'
2020-03-14 21:56:46.891 [main] DEBUG o.s.b.f.s.DefaultListableBeanFactory - Returning cached instance of singleton bean 'autoConfigurationReport'
2020-03-14 21:56:46.892 [main] DEBUG o.s.b.f.s.DefaultListableBeanFactory - Returning cached instance of singleton bean 'autoConfigurationReport'
2020-03-14 21:56:46.894 [main] DEBUG o.s.b.f.s.DefaultListableBeanFactory - Returning cached instance of singleton bean 'autoConfigurationReport'
2020-03-14 21:56:46.899 [main] DEBUG o.s.b.f.s.DefaultListableBeanFactory - Returning cached instance of singleton bean 'autoConfigurationReport'
2020-03-14 21:56:46.901 [main] DEBUG o.s.b.f.s.DefaultListableBeanFactory - Returning cached instance of singleton bean 'autoConfigurationReport'
2020-03-14 21:56:46.902 [main] DEBUG o.s.b.f.s.DefaultListableBeanFactory - Returning cached instance of singleton bean 'autoConfigurationReport'
2020-03-14 21:56:46.904 [main] DEBUG o.s.b.f.s.DefaultListableBeanFactory - Returning cached instance of singleton bean 'autoConfigurationReport'
2020-03-14 21:56:46.917 [main] DEBUG o.s.b.f.s.DefaultListableBeanFactory - Returning cached instance of singleton bean 'autoConfigurationReport'
2020-03-14 21:56:46.917 [main] DEBUG o.s.c.e.PropertySourcesPropertyResolver - Found key 'spring.jmx.enabled' in PropertySource 'configurationProperties' with value of type String
2020-03-14 21:56:46.918 [main] DEBUG o.s.b.f.s.DefaultListableBeanFactory - Returning cached instance of singleton bean 'autoConfigurationReport'
2020-03-14 21:56:46.921 [main] DEBUG o.s.b.f.s.DefaultListableBeanFactory - Returning cached instance of singleton bean 'autoConfigurationReport'
2020-03-14 21:56:46.923 [main] DEBUG o.s.b.f.s.DefaultListableBeanFactory - Returning cached instance of singleton bean 'autoConfigurationReport'
2020-03-14 21:56:46.930 [main] DEBUG o.s.b.f.s.DefaultListableBeanFactory - Returning cached instance of singleton bean 'autoConfigurationReport'
2020-03-14 21:56:47.005 [main] DEBUG o.s.b.f.s.DefaultListableBeanFactory - Returning cached instance of singleton bean 'autoConfigurationReport'
2020-03-14 21:56:47.018 [main] DEBUG o.s.b.f.s.DefaultListableBeanFactory - Returning cached instance of singleton bean 'autoConfigurationReport'
2020-03-14 21:56:47.023 [main] DEBUG o.s.b.f.s.DefaultListableBeanFactory - Returning cached instance of singleton bean 'autoConfigurationReport'
2020-03-14 21:56:47.031 [main] DEBUG o.s.b.f.s.DefaultListableBeanFactory - Returning cached instance of singleton bean 'autoConfigurationReport'
2020-03-14 21:56:47.038 [main] DEBUG o.s.b.f.s.DefaultListableBeanFactory - Returning cached instance of singleton bean 'autoConfigurationReport'
2020-03-14 21:56:47.043 [main] DEBUG o.s.b.f.s.DefaultListableBeanFactory - Returning cached instance of singleton bean 'autoConfigurationReport'
2020-03-14 21:56:47.048 [main] DEBUG o.s.b.f.s.DefaultListableBeanFactory - Returning cached instance of singleton bean 'autoConfigurationReport'
2020-03-14 21:56:47.085 [main] DEBUG o.s.b.f.s.DefaultListableBeanFactory - Returning cached instance of singleton bean 'autoConfigurationReport'
2020-03-14 21:56:47.089 [main] DEBUG o.s.b.f.s.DefaultListableBeanFactory - Returning cached instance of singleton bean 'autoConfigurationReport'
2020-03-14 21:56:47.101 [main] DEBUG o.s.b.f.s.DefaultListableBeanFactory - Returning cached instance of singleton bean 'autoConfigurationReport'
2020-03-14 21:56:47.108 [main] DEBUG o.s.b.f.s.DefaultListableBeanFactory - Returning cached instance of singleton bean 'autoConfigurationReport'
2020-03-14 21:56:47.109 [main] DEBUG o.s.b.f.s.DefaultListableBeanFactory - Returning cached instance of singleton bean 'autoConfigurationReport'
2020-03-14 21:56:47.111 [main] DEBUG o.s.b.f.s.DefaultListableBeanFactory - Returning cached instance of singleton bean 'autoConfigurationReport'
2020-03-14 21:56:47.112 [main] DEBUG o.s.b.f.s.DefaultListableBeanFactory - Returning cached instance of singleton bean 'autoConfigurationReport'
2020-03-14 21:56:47.115 [main] DEBUG o.s.b.f.s.DefaultListableBeanFactory - Returning cached instance of singleton bean 'autoConfigurationReport'
2020-03-14 21:56:47.115 [main] DEBUG o.s.b.f.s.DefaultListableBeanFactory - Returning cached instance of singleton bean 'autoConfigurationReport'
2020-03-14 21:56:47.116 [main] DEBUG o.s.b.f.s.DefaultListableBeanFactory - Returning cached instance of singleton bean 'autoConfigurationReport'
2020-03-14 21:56:47.119 [main] DEBUG o.s.b.f.s.DefaultListableBeanFactory - Returning cached instance of singleton bean 'autoConfigurationReport'
2020-03-14 21:56:47.123 [main] DEBUG o.s.b.f.s.DefaultListableBeanFactory - Returning cached instance of singleton bean 'autoConfigurationReport'
2020-03-14 21:56:47.127 [main] DEBUG o.s.b.f.s.DefaultListableBeanFactory - Returning cached instance of singleton bean 'autoConfigurationReport'
2020-03-14 21:56:47.129 [main] DEBUG o.s.b.f.s.DefaultListableBeanFactory - Returning cached instance of singleton bean 'autoConfigurationReport'
2020-03-14 21:56:47.130 [main] DEBUG o.s.b.f.s.DefaultListableBeanFactory - Returning cached instance of singleton bean 'autoConfigurationReport'
2020-03-14 21:56:47.134 [main] DEBUG o.s.b.f.s.DefaultListableBeanFactory - Returning cached instance of singleton bean 'autoConfigurationReport'
2020-03-14 21:56:47.147 [main] DEBUG o.s.b.f.s.DefaultListableBeanFactory - Returning cached instance of singleton bean 'autoConfigurationReport'
2020-03-14 21:56:47.160 [main] DEBUG o.s.b.f.s.DefaultListableBeanFactory - Returning cached instance of singleton bean 'autoConfigurationReport'
2020-03-14 21:56:47.162 [main] DEBUG o.s.b.f.s.DefaultListableBeanFactory - Returning cached instance of singleton bean 'autoConfigurationReport'
2020-03-14 21:56:47.168 [main] DEBUG o.s.b.f.s.DefaultListableBeanFactory - Returning cached instance of singleton bean 'autoConfigurationReport'
2020-03-14 21:56:47.170 [main] DEBUG o.s.b.f.s.DefaultListableBeanFactory - Returning cached instance of singleton bean 'autoConfigurationReport'
2020-03-14 21:56:47.170 [main] DEBUG o.s.b.f.s.DefaultListableBeanFactory - Returning cached instance of singleton bean 'autoConfigurationReport'
2020-03-14 21:56:47.172 [main] DEBUG o.s.b.f.s.DefaultListableBeanFactory - Returning cached instance of singleton bean 'autoConfigurationReport'
2020-03-14 21:56:47.177 [main] DEBUG o.s.b.f.s.DefaultListableBeanFactory - Returning cached instance of singleton bean 'autoConfigurationReport'
2020-03-14 21:56:47.183 [main] DEBUG o.s.b.f.s.DefaultListableBeanFactory - Returning cached instance of singleton bean 'autoConfigurationReport'
2020-03-14 21:56:47.183 [main] DEBUG o.s.b.f.s.DefaultListableBeanFactory - Returning cached instance of singleton bean 'autoConfigurationReport'
2020-03-14 21:56:47.184 [main] DEBUG o.s.b.f.s.DefaultListableBeanFactory - Returning cached instance of singleton bean 'autoConfigurationReport'
2020-03-14 21:56:47.185 [main] DEBUG o.s.b.f.s.DefaultListableBeanFactory - Returning cached instance of singleton bean 'autoConfigurationReport'
2020-03-14 21:56:47.194 [main] DEBUG o.s.b.f.s.DefaultListableBeanFactory - Returning cached instance of singleton bean 'autoConfigurationReport'
2020-03-14 21:56:47.204 [main] DEBUG o.s.b.f.s.DefaultListableBeanFactory - Returning cached instance of singleton bean 'autoConfigurationReport'
2020-03-14 21:56:47.212 [main] DEBUG o.s.b.f.s.DefaultListableBeanFactory - Returning cached instance of singleton bean 'autoConfigurationReport'
2020-03-14 21:56:47.218 [main] DEBUG o.s.b.f.s.DefaultListableBeanFactory - Returning cached instance of singleton bean 'autoConfigurationReport'
2020-03-14 21:56:47.220 [main] DEBUG o.s.b.f.s.DefaultListableBeanFactory - Returning cached instance of singleton bean 'autoConfigurationReport'
2020-03-14 21:56:47.220 [main] DEBUG o.s.b.f.s.DefaultListableBeanFactory - Returning cached instance of singleton bean 'autoConfigurationReport'
2020-03-14 21:56:47.222 [main] DEBUG o.s.b.f.s.DefaultListableBeanFactory - Returning cached instance of singleton bean 'autoConfigurationReport'
2020-03-14 21:56:47.223 [main] DEBUG o.s.b.f.s.DefaultListableBeanFactory - Returning cached instance of singleton bean 'autoConfigurationReport'
2020-03-14 21:56:47.227 [main] DEBUG o.s.b.f.s.DefaultListableBeanFactory - Returning cached instance of singleton bean 'autoConfigurationReport'
2020-03-14 21:56:47.228 [main] DEBUG o.s.b.f.s.DefaultListableBeanFactory - Returning cached instance of singleton bean 'autoConfigurationReport'
2020-03-14 21:56:47.230 [main] DEBUG o.s.b.f.s.DefaultListableBeanFactory - Returning cached instance of singleton bean 'autoConfigurationReport'
2020-03-14 21:56:47.231 [main] DEBUG o.s.b.f.s.DefaultListableBeanFactory - Returning cached instance of singleton bean 'autoConfigurationReport'
2020-03-14 21:56:47.234 [main] DEBUG o.s.b.f.s.DefaultListableBeanFactory - Returning cached instance of singleton bean 'autoConfigurationReport'
2020-03-14 21:56:47.234 [main] DEBUG o.s.b.f.s.DefaultListableBeanFactory - Returning cached instance of singleton bean 'autoConfigurationReport'
2020-03-14 21:56:47.236 [main] DEBUG o.s.b.f.s.DefaultListableBeanFactory - Returning cached instance of singleton bean 'autoConfigurationReport'
2020-03-14 21:56:47.237 [main] DEBUG o.s.b.f.s.DefaultListableBeanFactory - Returning cached instance of singleton bean 'autoConfigurationReport'
2020-03-14 21:56:47.239 [main] DEBUG o.s.b.f.s.DefaultListableBeanFactory - Returning cached instance of singleton bean 'autoConfigurationReport'
2020-03-14 21:56:47.240 [main] DEBUG o.s.b.f.s.DefaultListableBeanFactory - Returning cached instance of singleton bean 'autoConfigurationReport'
2020-03-14 21:56:47.245 [main] DEBUG o.s.b.f.s.DefaultListableBeanFactory - Returning cached instance of singleton bean 'autoConfigurationReport'
2020-03-14 21:56:47.247 [main] DEBUG o.s.b.f.s.DefaultListableBeanFactory - Returning cached instance of singleton bean 'autoConfigurationReport'
2020-03-14 21:56:47.249 [main] DEBUG o.s.b.f.s.DefaultListableBeanFactory - Returning cached instance of singleton bean 'autoConfigurationReport'
2020-03-14 21:56:47.250 [main] DEBUG o.s.b.f.s.DefaultListableBeanFactory - Returning cached instance of singleton bean 'autoConfigurationReport'
2020-03-14 21:56:47.250 [main] DEBUG o.s.b.f.s.DefaultListableBeanFactory - Returning cached instance of singleton bean 'autoConfigurationReport'
2020-03-14 21:56:47.252 [main] DEBUG o.s.b.f.s.DefaultListableBeanFactory - Returning cached instance of singleton bean 'autoConfigurationReport'
2020-03-14 21:56:47.254 [main] DEBUG o.s.b.f.s.DefaultListableBeanFactory - Returning cached instance of singleton bean 'autoConfigurationReport'
2020-03-14 21:56:47.271 [main] DEBUG o.s.b.f.s.DefaultListableBeanFactory - Returning cached instance of singleton bean 'autoConfigurationReport'
2020-03-14 21:56:47.280 [main] DEBUG o.s.b.f.s.DefaultListableBeanFactory - Returning cached instance of singleton bean 'autoConfigurationReport'
2020-03-14 21:56:47.281 [main] DEBUG o.s.b.f.s.DefaultListableBeanFactory - Returning cached instance of singleton bean 'autoConfigurationReport'
2020-03-14 21:56:47.282 [main] DEBUG o.s.b.f.s.DefaultListableBeanFactory - Returning cached instance of singleton bean 'autoConfigurationReport'
2020-03-14 21:56:47.286 [main] DEBUG o.s.b.f.s.DefaultListableBeanFactory - Returning cached instance of singleton bean 'autoConfigurationReport'
2020-03-14 21:56:47.287 [main] DEBUG o.s.b.f.s.DefaultListableBeanFactory - Returning cached instance of singleton bean 'autoConfigurationReport'
2020-03-14 21:56:47.295 [main] DEBUG o.s.b.f.s.DefaultListableBeanFactory - Returning cached instance of singleton bean 'autoConfigurationReport'
2020-03-14 21:56:47.295 [main] DEBUG o.s.c.e.PropertySourcesPropertyResolver - Could not find key 'spring.data.mongodb.repositories.type' in any property source
2020-03-14 21:56:47.295 [main] DEBUG o.s.b.f.s.DefaultListableBeanFactory - Returning cached instance of singleton bean 'autoConfigurationReport'
2020-03-14 21:56:47.302 [main] DEBUG o.s.b.f.s.DefaultListableBeanFactory - Returning cached instance of singleton bean 'autoConfigurationReport'
2020-03-14 21:56:47.302 [main] DEBUG o.s.b.f.s.DefaultListableBeanFactory - Returning cached instance of singleton bean 'autoConfigurationReport'
2020-03-14 21:56:47.344 [main] DEBUG o.s.b.f.s.DefaultListableBeanFactory - Returning cached instance of singleton bean 'autoConfigurationReport'
2020-03-14 21:56:47.346 [main] DEBUG o.s.b.f.s.DefaultListableBeanFactory - Returning cached instance of singleton bean 'autoConfigurationReport'
2020-03-14 21:56:47.348 [main] DEBUG o.s.b.f.s.DefaultListableBeanFactory - Returning cached instance of singleton bean 'autoConfigurationReport'
2020-03-14 21:56:47.357 [main] DEBUG o.s.b.f.s.DefaultListableBeanFactory - Returning cached instance of singleton bean 'autoConfigurationReport'
2020-03-14 21:56:47.369 [main] DEBUG o.s.b.f.s.DefaultListableBeanFactory - Returning cached instance of singleton bean 'autoConfigurationReport'
2020-03-14 21:56:47.370 [main] DEBUG o.s.b.f.s.DefaultListableBeanFactory - Returning cached instance of singleton bean 'autoConfigurationReport'
2020-03-14 21:56:47.373 [main] DEBUG o.s.b.f.s.DefaultListableBeanFactory - Returning cached instance of singleton bean 'autoConfigurationReport'
2020-03-14 21:56:47.374 [main] DEBUG o.s.b.f.s.DefaultListableBeanFactory - Returning cached instance of singleton bean 'autoConfigurationReport'
2020-03-14 21:56:47.376 [main] DEBUG o.s.b.f.s.DefaultListableBeanFactory - Returning cached instance of singleton bean 'autoConfigurationReport'
2020-03-14 21:56:47.381 [main] DEBUG o.s.b.f.s.DefaultListableBeanFactory - Returning cached instance of singleton bean 'autoConfigurationReport'
2020-03-14 21:56:47.381 [main] DEBUG o.s.b.f.s.DefaultListableBeanFactory - Returning cached instance of singleton bean 'autoConfigurationReport'
2020-03-14 21:56:47.382 [main] DEBUG o.s.b.f.s.DefaultListableBeanFactory - Returning cached instance of singleton bean 'autoConfigurationReport'
2020-03-14 21:56:47.391 [main] DEBUG o.s.b.f.s.DefaultListableBeanFactory - Returning cached instance of singleton bean 'autoConfigurationReport'
2020-03-14 21:56:47.393 [main] DEBUG o.s.b.f.s.DefaultListableBeanFactory - Returning cached instance of singleton bean 'autoConfigurationReport'
2020-03-14 21:56:47.394 [main] DEBUG o.s.b.f.s.DefaultListableBeanFactory - Returning cached instance of singleton bean 'autoConfigurationReport'
2020-03-14 21:56:47.397 [main] DEBUG o.s.b.f.s.DefaultListableBeanFactory - Returning cached instance of singleton bean 'autoConfigurationReport'
2020-03-14 21:56:47.399 [main] DEBUG o.s.b.f.s.DefaultListableBeanFactory - Returning cached instance of singleton bean 'autoConfigurationReport'
2020-03-14 21:56:47.411 [main] DEBUG o.s.b.f.s.DefaultListableBeanFactory - Returning cached instance of singleton bean 'autoConfigurationReport'
2020-03-14 21:56:47.423 [main] DEBUG o.s.b.f.s.DefaultListableBeanFactory - Returning cached instance of singleton bean 'autoConfigurationReport'
2020-03-14 21:56:47.436 [main] DEBUG o.s.b.f.s.DefaultListableBeanFactory - Returning cached instance of singleton bean 'autoConfigurationReport'
2020-03-14 21:56:47.445 [main] DEBUG o.s.b.f.s.DefaultListableBeanFactory - Returning cached instance of singleton bean 'autoConfigurationReport'
2020-03-14 21:56:47.447 [main] DEBUG o.s.b.f.s.DefaultListableBeanFactory - Returning cached instance of singleton bean 'autoConfigurationReport'
2020-03-14 21:56:47.447 [main] DEBUG o.s.b.f.s.DefaultListableBeanFactory - Returning cached instance of singleton bean 'autoConfigurationReport'
2020-03-14 21:56:47.449 [main] DEBUG o.s.b.f.s.DefaultListableBeanFactory - Returning cached instance of singleton bean 'autoConfigurationReport'
2020-03-14 21:56:47.450 [main] DEBUG o.s.b.f.s.DefaultListableBeanFactory - Returning cached instance of singleton bean 'autoConfigurationReport'
2020-03-14 21:56:47.451 [main] DEBUG o.s.b.f.s.DefaultListableBeanFactory - Returning cached instance of singleton bean 'autoConfigurationReport'
2020-03-14 21:56:47.454 [main] DEBUG o.s.b.f.s.DefaultListableBeanFactory - Returning cached instance of singleton bean 'autoConfigurationReport'
2020-03-14 21:56:47.454 [main] DEBUG o.s.b.f.s.DefaultListableBeanFactory - Returning cached instance of singleton bean 'autoConfigurationReport'
2020-03-14 21:56:47.455 [main] DEBUG o.s.b.f.s.DefaultListableBeanFactory - Returning cached instance of singleton bean 'autoConfigurationReport'
2020-03-14 21:56:47.467 [main] DEBUG o.s.b.f.s.DefaultListableBeanFactory - Returning cached instance of singleton bean 'autoConfigurationReport'
2020-03-14 21:56:47.479 [main] DEBUG o.s.b.f.s.DefaultListableBeanFactory - Returning cached instance of singleton bean 'autoConfigurationReport'
2020-03-14 21:56:47.481 [main] DEBUG o.s.b.f.s.DefaultListableBeanFactory - Returning cached instance of singleton bean 'autoConfigurationReport'
2020-03-14 21:56:47.484 [main] DEBUG o.s.b.f.s.DefaultListableBeanFactory - Returning cached instance of singleton bean 'autoConfigurationReport'
2020-03-14 21:56:47.484 [main] DEBUG o.s.b.f.s.DefaultListableBeanFactory - Returning cached instance of singleton bean 'autoConfigurationReport'
2020-03-14 21:56:47.488 [main] DEBUG o.s.b.f.s.DefaultListableBeanFactory - Returning cached instance of singleton bean 'autoConfigurationReport'
2020-03-14 21:56:47.490 [main] DEBUG o.s.b.f.s.DefaultListableBeanFactory - Returning cached instance of singleton bean 'autoConfigurationReport'
2020-03-14 21:56:47.492 [main] DEBUG o.s.b.f.s.DefaultListableBeanFactory - Returning cached instance of singleton bean 'autoConfigurationReport'
2020-03-14 21:56:47.494 [main] DEBUG o.s.b.f.s.DefaultListableBeanFactory - Returning cached instance of singleton bean 'autoConfigurationReport'
2020-03-14 21:56:47.496 [main] DEBUG o.s.b.f.s.DefaultListableBeanFactory - Returning cached instance of singleton bean 'autoConfigurationReport'
2020-03-14 21:56:47.496 [main] DEBUG o.s.b.f.s.DefaultListableBeanFactory - Returning cached instance of singleton bean 'autoConfigurationReport'
2020-03-14 21:56:47.503 [main] DEBUG o.s.b.f.s.DefaultListableBeanFactory - Returning cached instance of singleton bean 'autoConfigurationReport'
2020-03-14 21:56:47.504 [main] DEBUG o.s.b.f.s.DefaultListableBeanFactory - Returning cached instance of singleton bean 'autoConfigurationReport'
2020-03-14 21:56:47.509 [main] DEBUG o.s.b.f.s.DefaultListableBeanFactory - Returning cached instance of singleton bean 'autoConfigurationReport'
2020-03-14 21:56:47.509 [main] DEBUG o.s.b.f.s.DefaultListableBeanFactory - Returning cached instance of singleton bean 'autoConfigurationReport'
2020-03-14 21:56:47.510 [main] DEBUG o.s.b.f.s.DefaultListableBeanFactory - Returning cached instance of singleton bean 'autoConfigurationReport'
2020-03-14 21:56:47.510 [main] DEBUG o.s.b.f.s.DefaultListableBeanFactory - Returning cached instance of singleton bean 'autoConfigurationReport'
2020-03-14 21:56:47.526 [main] DEBUG o.s.b.f.s.DefaultListableBeanFactory - Returning cached instance of singleton bean 'autoConfigurationReport'
2020-03-14 21:56:47.542 [main] DEBUG o.s.b.f.s.DefaultListableBeanFactory - Returning cached instance of singleton bean 'autoConfigurationReport'
2020-03-14 21:56:47.555 [main] DEBUG o.s.b.f.s.DefaultListableBeanFactory - Returning cached instance of singleton bean 'autoConfigurationReport'
2020-03-14 21:56:47.561 [main] DEBUG o.s.b.f.s.DefaultListableBeanFactory - Returning cached instance of singleton bean 'autoConfigurationReport'
2020-03-14 21:56:47.564 [main] DEBUG o.s.b.f.s.DefaultListableBeanFactory - Returning cached instance of singleton bean 'autoConfigurationReport'
2020-03-14 21:56:47.569 [main] DEBUG o.s.b.f.s.DefaultListableBeanFactory - Returning cached instance of singleton bean 'autoConfigurationReport'
2020-03-14 21:56:47.570 [main] DEBUG o.s.b.f.s.DefaultListableBeanFactory - Returning cached instance of singleton bean 'autoConfigurationReport'
2020-03-14 21:56:47.572 [main] DEBUG o.s.b.f.s.DefaultListableBeanFactory - Returning cached instance of singleton bean 'autoConfigurationReport'
2020-03-14 21:56:47.576 [main] DEBUG o.s.b.f.s.DefaultListableBeanFactory - Returning cached instance of singleton bean 'autoConfigurationReport'
2020-03-14 21:56:47.579 [main] DEBUG o.s.b.f.s.DefaultListableBeanFactory - Returning cached instance of singleton bean 'autoConfigurationReport'
2020-03-14 21:56:47.597 [main] DEBUG o.s.b.f.s.DefaultListableBeanFactory - Returning cached instance of singleton bean 'autoConfigurationReport'
2020-03-14 21:56:47.597 [main] DEBUG o.s.b.f.s.DefaultListableBeanFactory - Returning cached instance of singleton bean 'autoConfigurationReport'
2020-03-14 21:56:47.603 [main] DEBUG o.s.b.f.s.DefaultListableBeanFactory - Returning cached instance of singleton bean 'autoConfigurationReport'
2020-03-14 21:56:47.604 [main] DEBUG o.s.b.f.s.DefaultListableBeanFactory - Returning cached instance of singleton bean 'autoConfigurationReport'
2020-03-14 21:56:47.605 [main] DEBUG o.s.b.f.s.DefaultListableBeanFactory - Returning cached instance of singleton bean 'autoConfigurationReport'
2020-03-14 21:56:47.606 [main] DEBUG o.s.b.f.s.DefaultListableBeanFactory - Returning cached instance of singleton bean 'autoConfigurationReport'
2020-03-14 21:56:47.608 [main] DEBUG o.s.b.f.s.DefaultListableBeanFactory - Returning cached instance of singleton bean 'autoConfigurationReport'
2020-03-14 21:56:47.616 [main] DEBUG o.s.b.f.s.DefaultListableBeanFactory - Returning cached instance of singleton bean 'autoConfigurationReport'
2020-03-14 21:56:47.617 [main] DEBUG o.s.b.f.s.DefaultListableBeanFactory - Returning cached instance of singleton bean 'autoConfigurationReport'
2020-03-14 21:56:47.618 [main] DEBUG o.s.b.f.s.DefaultListableBeanFactory - Returning cached instance of singleton bean 'autoConfigurationReport'
2020-03-14 21:56:47.618 [main] DEBUG o.s.b.f.s.DefaultListableBeanFactory - Returning cached instance of singleton bean 'autoConfigurationReport'
2020-03-14 21:56:47.620 [main] DEBUG o.s.b.f.s.DefaultListableBeanFactory - Returning cached instance of singleton bean 'autoConfigurationReport'
2020-03-14 21:56:47.628 [main] DEBUG o.s.b.f.s.DefaultListableBeanFactory - Returning cached instance of singleton bean 'autoConfigurationReport'
2020-03-14 21:56:47.667 [main] DEBUG o.s.b.f.s.DefaultListableBeanFactory - Returning cached instance of singleton bean 'autoConfigurationReport'
2020-03-14 21:56:47.673 [main] DEBUG o.s.b.f.s.DefaultListableBeanFactory - Returning cached instance of singleton bean 'autoConfigurationReport'
2020-03-14 21:56:47.674 [main] DEBUG o.s.b.f.s.DefaultListableBeanFactory - Returning cached instance of singleton bean 'autoConfigurationReport'
2020-03-14 21:56:47.678 [main] DEBUG o.s.b.f.s.DefaultListableBeanFactory - Returning cached instance of singleton bean 'autoConfigurationReport'
2020-03-14 21:56:47.683 [main] DEBUG o.s.b.f.s.DefaultListableBeanFactory - Returning cached instance of singleton bean 'autoConfigurationReport'
2020-03-14 21:56:47.686 [main] DEBUG o.s.b.f.s.DefaultListableBeanFactory - Returning cached instance of singleton bean 'autoConfigurationReport'
2020-03-14 21:56:47.689 [main] DEBUG o.s.b.f.s.DefaultListableBeanFactory - Returning cached instance of singleton bean 'autoConfigurationReport'
2020-03-14 21:56:47.689 [main] DEBUG o.s.b.f.s.DefaultListableBeanFactory - Returning cached instance of singleton bean 'autoConfigurationReport'
2020-03-14 21:56:47.696 [main] DEBUG o.s.b.f.s.DefaultListableBeanFactory - Returning cached instance of singleton bean 'autoConfigurationReport'
2020-03-14 21:56:47.697 [main] DEBUG o.s.b.f.s.DefaultListableBeanFactory - Returning cached instance of singleton bean 'autoConfigurationReport'
2020-03-14 21:56:47.698 [main] DEBUG o.s.b.f.s.DefaultListableBeanFactory - Returning cached instance of singleton bean 'autoConfigurationReport'
2020-03-14 21:56:47.699 [main] DEBUG o.s.b.f.s.DefaultListableBeanFactory - Returning cached instance of singleton bean 'autoConfigurationReport'
2020-03-14 21:56:47.701 [main] DEBUG o.s.b.f.s.DefaultListableBeanFactory - Returning cached instance of singleton bean 'autoConfigurationReport'
2020-03-14 21:56:47.701 [main] DEBUG o.s.b.f.s.DefaultListableBeanFactory - Returning cached instance of singleton bean 'autoConfigurationReport'
2020-03-14 21:56:47.710 [main] DEBUG o.s.b.f.s.DefaultListableBeanFactory - Returning cached instance of singleton bean 'autoConfigurationReport'
2020-03-14 21:56:47.711 [main] DEBUG o.s.b.f.s.DefaultListableBeanFactory - Returning cached instance of singleton bean 'autoConfigurationReport'
2020-03-14 21:56:47.728 [main] DEBUG o.s.c.e.PropertySourcesPropertyResolver - Found key 'server.port' in PropertySource 'configurationProperties' with value of type String
2020-03-14 21:56:47.732 [main] DEBUG o.s.c.e.PropertySourcesPropertyResolver - Could not find key 'management.server.port' in any property source
2020-03-14 21:56:47.732 [main] DEBUG o.s.b.f.s.DefaultListableBeanFactory - Returning cached instance of singleton bean 'autoConfigurationReport'
2020-03-14 21:56:47.732 [main] DEBUG o.s.c.e.PropertySourcesPropertyResolver - Found key 'server.port' in PropertySource 'configurationProperties' with value of type String
2020-03-14 21:56:47.733 [main] DEBUG o.s.c.e.PropertySourcesPropertyResolver - Could not find key 'management.server.port' in any property source
2020-03-14 21:56:47.733 [main] DEBUG o.s.b.f.s.DefaultListableBeanFactory - Returning cached instance of singleton bean 'autoConfigurationReport'
2020-03-14 21:56:47.753 [main] DEBUG o.s.b.f.s.DefaultListableBeanFactory - Returning cached instance of singleton bean 'autoConfigurationReport'
2020-03-14 21:56:47.754 [main] DEBUG o.s.b.f.s.DefaultListableBeanFactory - Returning cached instance of singleton bean 'autoConfigurationReport'
2020-03-14 21:56:47.755 [main] DEBUG o.s.b.f.s.DefaultListableBeanFactory - Returning cached instance of singleton bean 'autoConfigurationReport'
2020-03-14 21:56:47.755 [main] DEBUG o.s.b.f.s.DefaultListableBeanFactory - Returning cached instance of singleton bean 'autoConfigurationReport'
2020-03-14 21:56:47.756 [main] DEBUG o.s.b.f.s.DefaultListableBeanFactory - Returning cached instance of singleton bean 'autoConfigurationReport'
2020-03-14 21:56:47.766 [main] DEBUG o.s.c.a.ConfigurationClassBeanDefinitionReader - Registered bean definition for imported class 'org.springframework.security.oauth2.config.annotation.web.configuration.ResourceServerConfiguration'
2020-03-14 21:56:47.767 [main] DEBUG o.s.c.a.ConfigurationClassBeanDefinitionReader - Registered bean definition for imported class 'org.springframework.security.config.annotation.configuration.ObjectPostProcessorConfiguration'
2020-03-14 21:56:47.767 [main] DEBUG o.s.c.a.ConfigurationClassBeanDefinitionReader - Registering bean definition for @Bean method org.springframework.security.config.annotation.configuration.ObjectPostProcessorConfiguration.objectPostProcessor()
2020-03-14 21:56:47.768 [main] DEBUG o.s.c.a.ConfigurationClassBeanDefinitionReader - Registered bean definition for imported class 'org.springframework.security.config.annotation.authentication.configuration.AuthenticationConfiguration'
2020-03-14 21:56:47.769 [main] DEBUG o.s.c.a.ConfigurationClassBeanDefinitionReader - Registering bean definition for @Bean method org.springframework.security.config.annotation.authentication.configuration.AuthenticationConfiguration.authenticationManagerBuilder()
2020-03-14 21:56:47.769 [main] DEBUG o.s.c.a.ConfigurationClassBeanDefinitionReader - Registering bean definition for @Bean method org.springframework.security.config.annotation.authentication.configuration.AuthenticationConfiguration.enableGlobalAuthenticationAutowiredConfigurer()
2020-03-14 21:56:47.769 [main] DEBUG o.s.c.a.ConfigurationClassBeanDefinitionReader - Registering bean definition for @Bean method org.springframework.security.config.annotation.authentication.configuration.AuthenticationConfiguration.initializeUserDetailsBeanManagerConfigurer()
2020-03-14 21:56:47.769 [main] DEBUG o.s.c.a.ConfigurationClassBeanDefinitionReader - Registering bean definition for @Bean method org.springframework.security.config.annotation.authentication.configuration.AuthenticationConfiguration.initializeAuthenticationProviderBeanManagerConfigurer()
2020-03-14 21:56:47.769 [main] DEBUG o.s.c.a.ConfigurationClassBeanDefinitionReader - Registered bean definition for imported class 'org.springframework.security.config.annotation.method.configuration.GlobalMethodSecurityConfiguration'
2020-03-14 21:56:47.770 [main] DEBUG o.s.c.a.ConfigurationClassBeanDefinitionReader - Registering bean definition for @Bean method org.springframework.security.config.annotation.method.configuration.GlobalMethodSecurityConfiguration.methodSecurityInterceptor()
2020-03-14 21:56:47.770 [main] DEBUG o.s.c.a.ConfigurationClassBeanDefinitionReader - Registering bean definition for @Bean method org.springframework.security.config.annotation.method.configuration.GlobalMethodSecurityConfiguration.methodSecurityMetadataSource()
2020-03-14 21:56:47.770 [main] DEBUG o.s.c.a.ConfigurationClassBeanDefinitionReader - Registering bean definition for @Bean method org.springframework.security.config.annotation.method.configuration.GlobalMethodSecurityConfiguration.preInvocationAuthorizationAdvice()
2020-03-14 21:56:47.770 [main] DEBUG o.s.c.a.ConfigurationClassBeanDefinitionReader - Registering bean definition for @Bean method com.ningmeng.manage_course.config.ResourceServerConfig.tokenStore()
2020-03-14 21:56:47.779 [main] DEBUG o.s.c.a.ConfigurationClassBeanDefinitionReader - Registering bean definition for @Bean method com.ningmeng.manage_course.config.ResourceServerConfig.jwtAccessTokenConverter()
2020-03-14 21:56:47.832 [main] DEBUG o.s.c.a.ConfigurationClassBeanDefinitionReader - Registered bean definition for imported class 'springfox.documentation.schema.configuration.ModelsConfiguration'
2020-03-14 21:56:47.833 [main] DEBUG o.s.c.a.ConfigurationClassBeanDefinitionReader - Registering bean definition for @Bean method springfox.documentation.schema.configuration.ModelsConfiguration.typeResolver()
2020-03-14 21:56:47.836 [main] DEBUG o.s.c.a.ConfigurationClassBeanDefinitionReader - Registered bean definition for imported class 'springfox.documentation.spring.web.SpringfoxWebMvcConfiguration'
2020-03-14 21:56:47.837 [main] DEBUG o.s.c.a.ConfigurationClassBeanDefinitionReader - Registering bean definition for @Bean method springfox.documentation.spring.web.SpringfoxWebMvcConfiguration.defaults()
2020-03-14 21:56:47.837 [main] DEBUG o.s.c.a.ConfigurationClassBeanDefinitionReader - Registering bean definition for @Bean method springfox.documentation.spring.web.SpringfoxWebMvcConfiguration.resourceGroupCache()
2020-03-14 21:56:47.837 [main] DEBUG o.s.c.a.ConfigurationClassBeanDefinitionReader - Registering bean definition for @Bean method springfox.documentation.spring.web.SpringfoxWebMvcConfiguration.objectMapperConfigurer()
2020-03-14 21:56:47.837 [main] DEBUG o.s.c.a.ConfigurationClassBeanDefinitionReader - Registering bean definition for @Bean method springfox.documentation.spring.web.SpringfoxWebMvcConfiguration.jsonSerializer()
2020-03-14 21:56:47.837 [main] DEBUG o.s.c.a.ConfigurationClassBeanDefinitionReader - Registering bean definition for @Bean method springfox.documentation.spring.web.SpringfoxWebMvcConfiguration.descriptionResolver()
2020-03-14 21:56:47.843 [main] DEBUG o.s.c.a.ConfigurationClassBeanDefinitionReader - Registered bean definition for imported class 'springfox.documentation.swagger.configuration.SwaggerCommonConfiguration'
2020-03-14 21:56:47.844 [main] DEBUG o.s.c.a.ConfigurationClassBeanDefinitionReader - Registered bean definition for imported class 'springfox.documentation.swagger2.configuration.Swagger2DocumentationConfiguration'
2020-03-14 21:56:47.845 [main] DEBUG o.s.c.a.ConfigurationClassBeanDefinitionReader - Registering bean definition for @Bean method springfox.documentation.swagger2.configuration.Swagger2DocumentationConfiguration.swagger2Module()
2020-03-14 21:56:47.845 [main] DEBUG o.s.c.a.ConfigurationClassBeanDefinitionReader - Registering bean definition for @Bean method springfox.documentation.swagger2.configuration.Swagger2DocumentationConfiguration.swagger2ControllerMapping()
2020-03-14 21:56:47.846 [main] DEBUG o.s.c.a.ConfigurationClassBeanDefinitionReader - Registering bean definition for @Bean method com.ningmeng.api.config.Swagger2Configuration.createRestApi()
2020-03-14 21:56:47.847 [main] DEBUG o.s.c.a.ConfigurationClassBeanDefinitionReader - Registering bean definition for @Bean method com.ningmeng.manage_course.ManageCourseApplication.restTemplate()
2020-03-14 21:56:47.871 [main] DEBUG o.s.c.i.s.PathMatchingResourcePatternResolver - Resolved classpath location [com/ningmeng/manage_course/] to resources [URL [file:/E:/1704A/hdServiceCode/nm-service-manage-course/target/test-classes/com/ningmeng/manage_course/], URL [file:/E:/1704A/hdServiceCode/nm-service-manage-course/target/classes/com/ningmeng/manage_course/]]
2020-03-14 21:56:47.871 [main] DEBUG o.s.c.i.s.PathMatchingResourcePatternResolver - Looking for matching resources in directory tree [E:\1704A\hdServiceCode\nm-service-manage-course\target\test-classes\com\ningmeng\manage_course]
2020-03-14 21:56:47.873 [main] DEBUG o.s.c.i.s.PathMatchingResourcePatternResolver - Searching directory [E:\1704A\hdServiceCode\nm-service-manage-course\target\test-classes\com\ningmeng\manage_course] for files matching pattern [E:/1704A/hdServiceCode/nm-service-manage-course/target/test-classes/com/ningmeng/manage_course/**/*.class]
2020-03-14 21:56:47.874 [main] DEBUG o.s.c.i.s.PathMatchingResourcePatternResolver - Searching directory [E:\1704A\hdServiceCode\nm-service-manage-course\target\test-classes\com\ningmeng\manage_course\dao] for files matching pattern [E:/1704A/hdServiceCode/nm-service-manage-course/target/test-classes/com/ningmeng/manage_course/**/*.class]
2020-03-14 21:56:47.875 [main] DEBUG o.s.c.i.s.PathMatchingResourcePatternResolver - Looking for matching resources in directory tree [E:\1704A\hdServiceCode\nm-service-manage-course\target\classes\com\ningmeng\manage_course]
2020-03-14 21:56:47.875 [main] DEBUG o.s.c.i.s.PathMatchingResourcePatternResolver - Searching directory [E:\1704A\hdServiceCode\nm-service-manage-course\target\classes\com\ningmeng\manage_course] for files matching pattern [E:/1704A/hdServiceCode/nm-service-manage-course/target/classes/com/ningmeng/manage_course/**/*.class]
2020-03-14 21:56:47.876 [main] DEBUG o.s.c.i.s.PathMatchingResourcePatternResolver - Searching directory [E:\1704A\hdServiceCode\nm-service-manage-course\target\classes\com\ningmeng\manage_course\client] for files matching pattern [E:/1704A/hdServiceCode/nm-service-manage-course/target/classes/com/ningmeng/manage_course/**/*.class]
2020-03-14 21:56:47.876 [main] DEBUG o.s.c.i.s.PathMatchingResourcePatternResolver - Searching directory [E:\1704A\hdServiceCode\nm-service-manage-course\target\classes\com\ningmeng\manage_course\config] for files matching pattern [E:/1704A/hdServiceCode/nm-service-manage-course/target/classes/com/ningmeng/manage_course/**/*.class]
2020-03-14 21:56:47.877 [main] DEBUG o.s.c.i.s.PathMatchingResourcePatternResolver - Searching directory [E:\1704A\hdServiceCode\nm-service-manage-course\target\classes\com\ningmeng\manage_course\controller] for files matching pattern [E:/1704A/hdServiceCode/nm-service-manage-course/target/classes/com/ningmeng/manage_course/**/*.class]
2020-03-14 21:56:47.878 [main] DEBUG o.s.c.i.s.PathMatchingResourcePatternResolver - Searching directory [E:\1704A\hdServiceCode\nm-service-manage-course\target\classes\com\ningmeng\manage_course\dao] for files matching pattern [E:/1704A/hdServiceCode/nm-service-manage-course/target/classes/com/ningmeng/manage_course/**/*.class]
2020-03-14 21:56:47.879 [main] DEBUG o.s.c.i.s.PathMatchingResourcePatternResolver - Searching directory [E:\1704A\hdServiceCode\nm-service-manage-course\target\classes\com\ningmeng\manage_course\service] for files matching pattern [E:/1704A/hdServiceCode/nm-service-manage-course/target/classes/com/ningmeng/manage_course/**/*.class]
2020-03-14 21:56:47.880 [main] DEBUG o.s.c.i.s.PathMatchingResourcePatternResolver - Resolved location pattern [classpath*:com/ningmeng/manage_course/**/*.class] to resources [file [E:\1704A\hdServiceCode\nm-service-manage-course\target\test-classes\com\ningmeng\manage_course\dao\FeignTest.class], file [E:\1704A\hdServiceCode\nm-service-manage-course\target\test-classes\com\ningmeng\manage_course\dao\TestDao.class], file [E:\1704A\hdServiceCode\nm-service-manage-course\target\test-classes\com\ningmeng\manage_course\dao\Tests.class], file [E:\1704A\hdServiceCode\nm-service-manage-course\target\classes\com\ningmeng\manage_course\client\CmsPageClient.class], file [E:\1704A\hdServiceCode\nm-service-manage-course\target\classes\com\ningmeng\manage_course\config\ResourceServerConfig.class], file [E:\1704A\hdServiceCode\nm-service-manage-course\target\classes\com\ningmeng\manage_course\controller\CourseController.class], file [E:\1704A\hdServiceCode\nm-service-manage-course\target\classes\com\ningmeng\manage_course\controller\SysDicthinaryController.class], file [E:\1704A\hdServiceCode\nm-service-manage-course\target\classes\com\ningmeng\manage_course\dao\CategoryMapper.class], file [E:\1704A\hdServiceCode\nm-service-manage-course\target\classes\com\ningmeng\manage_course\dao\CourseBaseRepository.class], file [E:\1704A\hdServiceCode\nm-service-manage-course\target\classes\com\ningmeng\manage_course\dao\CourseMapper.class], file [E:\1704A\hdServiceCode\nm-service-manage-course\target\classes\com\ningmeng\manage_course\dao\CourseMarketMapper.class], file [E:\1704A\hdServiceCode\nm-service-manage-course\target\classes\com\ningmeng\manage_course\dao\CourseMarketRepository.class], file [E:\1704A\hdServiceCode\nm-service-manage-course\target\classes\com\ningmeng\manage_course\dao\CoursePicRepository.class], file [E:\1704A\hdServiceCode\nm-service-manage-course\target\classes\com\ningmeng\manage_course\dao\CoursePubRepository.class], file [E:\1704A\hdServiceCode\nm-service-manage-course\target\classes\com\ningmeng\manage_course\dao\SysDictionaryRepository.class], file [E:\1704A\hdServiceCode\nm-service-manage-course\target\classes\com\ningmeng\manage_course\dao\TeachplanMapper.class], file [E:\1704A\hdServiceCode\nm-service-manage-course\target\classes\com\ningmeng\manage_course\dao\TeachplanMediaPubRepository.class], file [E:\1704A\hdServiceCode\nm-service-manage-course\target\classes\com\ningmeng\manage_course\dao\TeachplanMediaRepository.class], file [E:\1704A\hdServiceCode\nm-service-manage-course\target\classes\com\ningmeng\manage_course\dao\TeachplanRepository.class], file [E:\1704A\hdServiceCode\nm-service-manage-course\target\classes\com\ningmeng\manage_course\ManageCourseApplication.class], file [E:\1704A\hdServiceCode\nm-service-manage-course\target\classes\com\ningmeng\manage_course\service\CourseService.class], file [E:\1704A\hdServiceCode\nm-service-manage-course\target\classes\com\ningmeng\manage_course\service\SysDicthinaryService.class]]
2020-03-14 21:56:47.880 [main] DEBUG o.s.c.o.FeignClientsRegistrar$2 - Identified candidate component class: file [E:\1704A\hdServiceCode\nm-service-manage-course\target\classes\com\ningmeng\manage_course\client\CmsPageClient.class]
2020-03-14 21:56:47.886 [main] DEBUG o.s.c.a.ConfigurationClassBeanDefinitionReader - Registered bean definition for imported class 'org.springframework.boot.autoconfigure.context.PropertyPlaceholderAutoConfiguration'
2020-03-14 21:56:47.889 [main] DEBUG o.s.b.f.s.DefaultListableBeanFactory - Creating shared instance of singleton bean 'org.springframework.boot.autoconfigure.condition.BeanTypeRegistry'
2020-03-14 21:56:47.889 [main] DEBUG o.s.b.f.s.DefaultListableBeanFactory - Creating instance of bean 'org.springframework.boot.autoconfigure.condition.BeanTypeRegistry'
2020-03-14 21:56:47.889 [main] DEBUG o.s.b.f.s.DefaultListableBeanFactory - Eagerly caching bean 'org.springframework.boot.autoconfigure.condition.BeanTypeRegistry' to allow for resolving potential circular references
2020-03-14 21:56:47.890 [main] DEBUG o.s.b.f.s.DefaultListableBeanFactory - Finished creating instance of bean 'org.springframework.boot.autoconfigure.condition.BeanTypeRegistry'
2020-03-14 21:56:47.961 [main] DEBUG o.s.b.f.s.DefaultListableBeanFactory - Returning cached instance of singleton bean 'autoConfigurationReport'
2020-03-14 21:56:47.962 [main] DEBUG o.s.c.a.ConfigurationClassBeanDefinitionReader - Registering bean definition for @Bean method org.springframework.boot.autoconfigure.context.PropertyPlaceholderAutoConfiguration.propertySourcesPlaceholderConfigurer()
2020-03-14 21:56:47.962 [main] DEBUG o.s.b.f.s.DefaultListableBeanFactory - Returning cached instance of singleton bean 'autoConfigurationReport'
2020-03-14 21:56:47.962 [main] DEBUG o.s.b.f.s.DefaultListableBeanFactory - Returning cached instance of singleton bean 'autoConfigurationReport'
2020-03-14 21:56:47.962 [main] DEBUG o.s.b.f.s.DefaultListableBeanFactory - Returning cached instance of singleton bean 'autoConfigurationReport'
2020-03-14 21:56:47.963 [main] DEBUG o.s.c.a.ConfigurationClassBeanDefinitionReader - Registered bean definition for imported class 'org.springframework.boot.autoconfigure.websocket.servlet.WebSocketServletAutoConfiguration$TomcatWebSocketConfiguration'
2020-03-14 21:56:47.963 [main] DEBUG o.s.b.f.s.DefaultListableBeanFactory - Returning cached instance of singleton bean 'autoConfigurationReport'
2020-03-14 21:56:47.963 [main] DEBUG o.s.c.a.ConfigurationClassBeanDefinitionReader - Registering bean definition for @Bean method org.springframework.boot.autoconfigure.websocket.servlet.WebSocketServletAutoConfiguration$TomcatWebSocketConfiguration.websocketContainerCustomizer()
2020-03-14 21:56:47.964 [main] DEBUG o.s.c.a.ConfigurationClassBeanDefinitionReader - Registered bean definition for imported class 'org.springframework.boot.autoconfigure.websocket.servlet.WebSocketServletAutoConfiguration'
2020-03-14 21:56:47.965 [main] DEBUG o.s.b.f.s.DefaultListableBeanFactory - Returning cached instance of singleton bean 'autoConfigurationReport'
2020-03-14 21:56:47.965 [main] DEBUG o.s.b.f.s.DefaultListableBeanFactory - Returning cached instance of singleton bean 'autoConfigurationReport'
2020-03-14 21:56:47.965 [main] DEBUG o.s.b.f.s.DefaultListableBeanFactory - Returning cached instance of singleton bean 'autoConfigurationReport'
2020-03-14 21:56:47.965 [main] DEBUG o.s.b.f.s.DefaultListableBeanFactory - Returning cached instance of singleton bean 'org.springframework.boot.autoconfigure.condition.BeanTypeRegistry'
2020-03-14 21:56:47.969 [main] DEBUG o.s.b.f.s.DefaultListableBeanFactory - Returning cached instance of singleton bean 'autoConfigurationReport'
2020-03-14 21:56:47.969 [main] DEBUG o.s.c.a.ConfigurationClassBeanDefinitionReader - Registered bean definition for imported class 'org.springframework.boot.autoconfigure.web.servlet.ServletWebServerFactoryConfiguration$EmbeddedTomcat'
2020-03-14 21:56:47.970 [main] DEBUG o.s.c.a.ConfigurationClassBeanDefinitionReader - Registering bean definition for @Bean method org.springframework.boot.autoconfigure.web.servlet.ServletWebServerFactoryConfiguration$EmbeddedTomcat.tomcatServletWebServerFactory()
2020-03-14 21:56:47.976 [main] DEBUG o.s.c.a.ConfigurationClassBeanDefinitionReader - Registered bean definition for imported class 'org.springframework.boot.autoconfigure.web.servlet.ServletWebServerFactoryAutoConfiguration'
2020-03-14 21:56:47.977 [main] DEBUG o.s.c.a.ConfigurationClassBeanDefinitionReader - Registering bean definition for @Bean method org.springframework.boot.autoconfigure.web.servlet.ServletWebServerFactoryAutoConfiguration.servletWebServerFactoryCustomizer()
2020-03-14 21:56:47.977 [main] DEBUG o.s.b.f.s.DefaultListableBeanFactory - Returning cached instance of singleton bean 'autoConfigurationReport'
2020-03-14 21:56:47.978 [main] DEBUG o.s.c.a.ConfigurationClassBeanDefinitionReader - Registering bean definition for @Bean method org.springframework.boot.autoconfigure.web.servlet.ServletWebServerFactoryAutoConfiguration.tomcatServletWebServerFactoryCustomizer()
2020-03-14 21:56:48.006 [main] DEBUG o.s.b.f.s.DefaultListableBeanFactory - Returning cached instance of singleton bean 'autoConfigurationReport'
2020-03-14 21:56:48.006 [main] DEBUG o.s.b.f.s.DefaultListableBeanFactory - Returning cached instance of singleton bean 'autoConfigurationReport'
2020-03-14 21:56:48.007 [main] DEBUG o.s.b.f.s.DefaultListableBeanFactory - Returning cached instance of singleton bean 'autoConfigurationReport'
2020-03-14 21:56:48.011 [main] DEBUG o.s.b.f.s.DefaultListableBeanFactory - Returning cached instance of singleton bean 'autoConfigurationReport'
2020-03-14 21:56:48.014 [main] DEBUG o.s.b.f.s.DefaultListableBeanFactory - Returning cached instance of singleton bean 'autoConfigurationReport'
2020-03-14 21:56:48.015 [main] DEBUG o.s.b.f.s.DefaultListableBeanFactory - Returning cached instance of singleton bean 'autoConfigurationReport'
2020-03-14 21:56:48.016 [main] DEBUG o.s.c.a.ConfigurationClassBeanDefinitionReader - Registered bean definition for imported class 'org.springframework.boot.autoconfigure.web.servlet.DispatcherServletAutoConfiguration$DispatcherServletConfiguration'
2020-03-14 21:56:48.016 [main] DEBUG o.s.c.a.ConfigurationClassBeanDefinitionReader - Registering bean definition for @Bean method org.springframework.boot.autoconfigure.web.servlet.DispatcherServletAutoConfiguration$DispatcherServletConfiguration.dispatcherServlet()
2020-03-14 21:56:48.017 [main] DEBUG o.s.b.f.s.DefaultListableBeanFactory - Returning cached instance of singleton bean 'org.springframework.boot.autoconfigure.condition.BeanTypeRegistry'
2020-03-14 21:56:48.023 [main] DEBUG o.s.b.f.s.DefaultListableBeanFactory - Returning cached instance of singleton bean 'org.springframework.boot.autoconfigure.condition.BeanTypeRegistry'
2020-03-14 21:56:48.025 [main] DEBUG o.s.b.f.s.DefaultListableBeanFactory - Returning cached instance of singleton bean 'autoConfigurationReport'
2020-03-14 21:56:48.027 [main] DEBUG o.s.c.a.ConfigurationClassBeanDefinitionReader - Registered bean definition for imported class 'org.springframework.boot.autoconfigure.web.servlet.DispatcherServletAutoConfiguration$DispatcherServletRegistrationConfiguration'
2020-03-14 21:56:48.028 [main] DEBUG o.s.b.f.s.DefaultListableBeanFactory - Returning cached instance of singleton bean 'org.springframework.boot.autoconfigure.condition.BeanTypeRegistry'
2020-03-14 21:56:48.029 [main] DEBUG o.s.b.f.s.DefaultListableBeanFactory - Returning cached instance of singleton bean 'org.springframework.boot.autoconfigure.condition.BeanTypeRegistry'
2020-03-14 21:56:48.030 [main] DEBUG o.s.b.f.s.DefaultListableBeanFactory - Returning cached instance of singleton bean 'autoConfigurationReport'
2020-03-14 21:56:48.030 [main] DEBUG o.s.c.a.ConfigurationClassBeanDefinitionReader - Registering bean definition for @Bean method org.springframework.boot.autoconfigure.web.servlet.DispatcherServletAutoConfiguration$DispatcherServletRegistrationConfiguration.dispatcherServletRegistration()
2020-03-14 21:56:48.030 [main] DEBUG o.s.c.a.ConfigurationClassBeanDefinitionReader - Registered bean definition for imported class 'org.springframework.boot.autoconfigure.web.servlet.DispatcherServletAutoConfiguration'
2020-03-14 21:56:48.031 [main] DEBUG o.s.b.f.s.DefaultListableBeanFactory - Returning cached instance of singleton bean 'autoConfigurationReport'
2020-03-14 21:56:48.031 [main] DEBUG o.s.b.f.s.DefaultListableBeanFactory - Returning cached instance of singleton bean 'autoConfigurationReport'
2020-03-14 21:56:48.031 [main] DEBUG o.s.b.f.s.DefaultListableBeanFactory - Returning cached instance of singleton bean 'autoConfigurationReport'
2020-03-14 21:56:48.031 [main] DEBUG o.s.c.a.ConfigurationClassBeanDefinitionReader - Registered bean definition for imported class 'org.springframework.cloud.netflix.archaius.ArchaiusAutoConfiguration$PropagateEventsConfiguration'
2020-03-14 21:56:48.031 [main] DEBUG o.s.b.f.s.DefaultListableBeanFactory - Returning cached instance of singleton bean 'autoConfigurationReport'
2020-03-14 21:56:48.032 [main] DEBUG o.s.c.a.ConfigurationClassBeanDefinitionReader - Registered bean definition for imported class 'org.springframework.cloud.netflix.archaius.ArchaiusAutoConfiguration$ArchaiusEndpointConfiguration'
2020-03-14 21:56:48.035 [main] DEBUG o.s.c.e.PropertySourcesPropertyResolver - Could not find key 'management.endpoint.archaius.enabled' in any property source
2020-03-14 21:56:48.035 [main] DEBUG o.s.c.e.PropertySourcesPropertyResolver - Could not find key 'management.endpoints.enabled-by-default' in any property source
2020-03-14 21:56:48.035 [main] DEBUG o.s.b.f.s.DefaultListableBeanFactory - Returning cached instance of singleton bean 'autoConfigurationReport'
2020-03-14 21:56:48.036 [main] DEBUG o.s.c.a.ConfigurationClassBeanDefinitionReader - Registering bean definition for @Bean method org.springframework.cloud.netflix.archaius.ArchaiusAutoConfiguration$ArchaiusEndpointConfiguration.archaiusEndpoint()
2020-03-14 21:56:48.036 [main] DEBUG o.s.c.a.ConfigurationClassBeanDefinitionReader - Registered bean definition for imported class 'org.springframework.cloud.netflix.archaius.ArchaiusAutoConfiguration'
2020-03-14 21:56:48.036 [main] DEBUG o.s.c.a.ConfigurationClassBeanDefinitionReader - Registering bean definition for @Bean method org.springframework.cloud.netflix.archaius.ArchaiusAutoConfiguration.configurableEnvironmentConfiguration()
2020-03-14 21:56:48.037 [main] DEBUG o.s.b.f.s.DefaultListableBeanFactory - Returning cached instance of singleton bean 'autoConfigurationReport'
2020-03-14 21:56:48.037 [main] DEBUG o.s.b.f.s.DefaultListableBeanFactory - Returning cached instance of singleton bean 'autoConfigurationReport'
2020-03-14 21:56:48.038 [main] DEBUG o.s.c.a.ConfigurationClassBeanDefinitionReader - Registered bean definition for imported class 'org.springframework.boot.autoconfigure.validation.ValidationAutoConfiguration'
2020-03-14 21:56:48.038 [main] DEBUG o.s.b.f.s.DefaultListableBeanFactory - Returning cached instance of singleton bean 'org.springframework.boot.autoconfigure.condition.BeanTypeRegistry'
2020-03-14 21:56:48.061 [main] DEBUG o.s.b.f.s.DefaultListableBeanFactory - Returning cached instance of singleton bean 'org.springframework.boot.autoconfigure.condition.BeanTypeRegistry'
2020-03-14 21:56:48.062 [main] DEBUG o.s.b.f.s.DefaultListableBeanFactory - Returning cached instance of singleton bean 'autoConfigurationReport'
2020-03-14 21:56:48.063 [main] DEBUG o.s.c.a.ConfigurationClassBeanDefinitionReader - Registering bean definition for @Bean method org.springframework.boot.autoconfigure.validation.ValidationAutoConfiguration.defaultValidator()
2020-03-14 21:56:48.066 [main] DEBUG o.s.b.f.s.DefaultListableBeanFactory - Returning cached instance of singleton bean 'org.springframework.boot.autoconfigure.condition.BeanTypeRegistry'
2020-03-14 21:56:48.077 [main] DEBUG o.s.b.f.s.DefaultListableBeanFactory - Returning cached instance of singleton bean 'org.springframework.boot.autoconfigure.condition.BeanTypeRegistry'
2020-03-14 21:56:48.078 [main] DEBUG o.s.b.f.s.DefaultListableBeanFactory - Returning cached instance of singleton bean 'autoConfigurationReport'
2020-03-14 21:56:48.078 [main] DEBUG o.s.c.a.ConfigurationClassBeanDefinitionReader - Registering bean definition for @Bean method org.springframework.boot.autoconfigure.validation.ValidationAutoConfiguration.methodValidationPostProcessor()
2020-03-14 21:56:48.080 [main] DEBUG o.s.b.f.s.DefaultListableBeanFactory - Returning cached instance of singleton bean 'autoConfigurationReport'
2020-03-14 21:56:48.081 [main] DEBUG o.s.b.f.s.DefaultListableBeanFactory - Returning cached instance of singleton bean 'autoConfigurationReport'
2020-03-14 21:56:48.082 [main] DEBUG o.s.b.f.s.DefaultListableBeanFactory - Returning cached instance of singleton bean 'autoConfigurationReport'
2020-03-14 21:56:48.082 [main] DEBUG o.s.c.e.PropertySourcesPropertyResolver - Could not find key 'spring.template.provider.cache' in any property source
2020-03-14 21:56:48.087 [main] DEBUG o.s.b.f.s.DefaultListableBeanFactory - Returning cached instance of singleton bean 'autoConfigurationReport'
2020-03-14 21:56:48.087 [main] DEBUG o.s.c.a.ConfigurationClassBeanDefinitionReader - Registered bean definition for imported class 'org.springframework.boot.autoconfigure.web.servlet.error.ErrorMvcAutoConfiguration$WhitelabelErrorViewConfiguration'
2020-03-14 21:56:48.088 [main] DEBUG o.s.b.f.s.DefaultListableBeanFactory - Returning cached instance of singleton bean 'autoConfigurationReport'
2020-03-14 21:56:48.088 [main] DEBUG o.s.c.a.ConfigurationClassBeanDefinitionReader - Registering bean definition for @Bean method org.springframework.boot.autoconfigure.web.servlet.error.ErrorMvcAutoConfiguration$WhitelabelErrorViewConfiguration.error()
2020-03-14 21:56:48.094 [main] DEBUG o.s.b.f.s.DefaultListableBeanFactory - Returning cached instance of singleton bean 'org.springframework.boot.autoconfigure.condition.BeanTypeRegistry'
2020-03-14 21:56:48.096 [main] DEBUG o.s.b.f.s.DefaultListableBeanFactory - Returning cached instance of singleton bean 'org.springframework.boot.autoconfigure.condition.BeanTypeRegistry'
2020-03-14 21:56:48.097 [main] DEBUG o.s.b.f.s.DefaultListableBeanFactory - Returning cached instance of singleton bean 'autoConfigurationReport'
2020-03-14 21:56:48.097 [main] DEBUG o.s.c.a.ConfigurationClassBeanDefinitionReader - Registering bean definition for @Bean method org.springframework.boot.autoconfigure.web.servlet.error.ErrorMvcAutoConfiguration$WhitelabelErrorViewConfiguration.beanNameViewResolver()
2020-03-14 21:56:48.097 [main] DEBUG o.s.c.a.ConfigurationClassBeanDefinitionReader - Registered bean definition for imported class 'org.springframework.boot.autoconfigure.web.servlet.error.ErrorMvcAutoConfiguration$DefaultErrorViewResolverConfiguration'
2020-03-14 21:56:48.097 [main] DEBUG o.s.b.f.s.DefaultListableBeanFactory - Returning cached instance of singleton bean 'org.springframework.boot.autoconfigure.condition.BeanTypeRegistry'
2020-03-14 21:56:48.098 [main] DEBUG o.s.b.f.s.DefaultListableBeanFactory - Returning cached instance of singleton bean 'org.springframework.boot.autoconfigure.condition.BeanTypeRegistry'
2020-03-14 21:56:48.100 [main] DEBUG o.s.b.f.s.DefaultListableBeanFactory - Returning cached instance of singleton bean 'org.springframework.boot.autoconfigure.condition.BeanTypeRegistry'
2020-03-14 21:56:48.101 [main] DEBUG o.s.b.f.s.DefaultListableBeanFactory - Returning cached instance of singleton bean 'org.springframework.boot.autoconfigure.condition.BeanTypeRegistry'
2020-03-14 21:56:48.101 [main] DEBUG o.s.b.f.s.DefaultListableBeanFactory - Returning cached instance of singleton bean 'autoConfigurationReport'
2020-03-14 21:56:48.102 [main] DEBUG o.s.b.f.s.DefaultListableBeanFactory - Returning cached instance of singleton bean 'org.springframework.boot.autoconfigure.condition.BeanTypeRegistry'
2020-03-14 21:56:48.102 [main] DEBUG o.s.b.f.s.DefaultListableBeanFactory - Returning cached instance of singleton bean 'org.springframework.boot.autoconfigure.condition.BeanTypeRegistry'
2020-03-14 21:56:48.102 [main] DEBUG o.s.b.f.s.DefaultListableBeanFactory - Returning cached instance of singleton bean 'org.springframework.boot.autoconfigure.condition.BeanTypeRegistry'
2020-03-14 21:56:48.102 [main] DEBUG o.s.b.f.s.DefaultListableBeanFactory - Returning cached instance of singleton bean 'org.springframework.boot.autoconfigure.condition.BeanTypeRegistry'
2020-03-14 21:56:48.102 [main] DEBUG o.s.b.f.s.DefaultListableBeanFactory - Returning cached instance of singleton bean 'autoConfigurationReport'
2020-03-14 21:56:48.103 [main] DEBUG o.s.c.a.ConfigurationClassBeanDefinitionReader - Registering bean definition for @Bean method org.springframework.boot.autoconfigure.web.servlet.error.ErrorMvcAutoConfiguration$DefaultErrorViewResolverConfiguration.conventionErrorViewResolver()
2020-03-14 21:56:48.104 [main] DEBUG o.s.c.a.ConfigurationClassBeanDefinitionReader - Registered bean definition for imported class 'org.springframework.boot.autoconfigure.web.servlet.error.ErrorMvcAutoConfiguration'
2020-03-14 21:56:48.106 [main] DEBUG o.s.b.f.s.DefaultListableBeanFactory - Returning cached instance of singleton bean 'org.springframework.boot.autoconfigure.condition.BeanTypeRegistry'
2020-03-14 21:56:48.110 [main] DEBUG o.s.b.f.s.DefaultListableBeanFactory - Returning cached instance of singleton bean 'autoConfigurationReport'
2020-03-14 21:56:48.110 [main] DEBUG o.s.c.a.ConfigurationClassBeanDefinitionReader - Registering bean definition for @Bean method org.springframework.boot.autoconfigure.web.servlet.error.ErrorMvcAutoConfiguration.errorAttributes()
2020-03-14 21:56:48.111 [main] DEBUG o.s.b.f.s.DefaultListableBeanFactory - Returning cached instance of singleton bean 'org.springframework.boot.autoconfigure.condition.BeanTypeRegistry'
2020-03-14 21:56:48.131 [main] DEBUG o.s.b.f.s.DefaultListableBeanFactory - Returning cached instance of singleton bean 'autoConfigurationReport'
2020-03-14 21:56:48.132 [main] DEBUG o.s.c.a.ConfigurationClassBeanDefinitionReader - Registering bean definition for @Bean method org.springframework.boot.autoconfigure.web.servlet.error.ErrorMvcAutoConfiguration.basicErrorController()
2020-03-14 21:56:48.132 [main] DEBUG o.s.c.a.ConfigurationClassBeanDefinitionReader - Registering bean definition for @Bean method org.springframework.boot.autoconfigure.web.servlet.error.ErrorMvcAutoConfiguration.errorPageCustomizer()
2020-03-14 21:56:48.133 [main] DEBUG o.s.c.a.ConfigurationClassBeanDefinitionReader - Registering bean definition for @Bean method org.springframework.boot.autoconfigure.web.servlet.error.ErrorMvcAutoConfiguration.preserveErrorControllerTargetClassPostProcessor()
2020-03-14 21:56:48.134 [main] DEBUG o.s.b.f.s.DefaultListableBeanFactory - Returning cached instance of singleton bean 'autoConfigurationReport'
2020-03-14 21:56:48.134 [main] DEBUG o.s.b.f.s.DefaultListableBeanFactory - Returning cached instance of singleton bean 'autoConfigurationReport'
2020-03-14 21:56:48.137 [main] DEBUG o.s.b.f.s.DefaultListableBeanFactory - Returning cached instance of singleton bean 'org.springframework.boot.autoconfigure.condition.BeanTypeRegistry'
2020-03-14 21:56:48.139 [main] DEBUG o.s.b.f.s.DefaultListableBeanFactory - Returning cached instance of singleton bean 'org.springframework.boot.autoconfigure.condition.BeanTypeRegistry'
2020-03-14 21:56:48.140 [main] DEBUG o.s.b.f.s.DefaultListableBeanFactory - Returning cached instance of singleton bean 'autoConfigurationReport'
2020-03-14 21:56:48.141 [main] DEBUG o.s.b.f.s.DefaultListableBeanFactory - Returning cached instance of singleton bean 'autoConfigurationReport'
2020-03-14 21:56:48.141 [main] DEBUG o.s.b.f.s.DefaultListableBeanFactory - Returning cached instance of singleton bean 'org.springframework.boot.autoconfigure.condition.BeanTypeRegistry'
2020-03-14 21:56:48.142 [main] DEBUG o.s.b.f.s.DefaultListableBeanFactory - Returning cached instance of singleton bean 'org.springframework.boot.autoconfigure.condition.BeanTypeRegistry'
2020-03-14 21:56:48.142 [main] DEBUG o.s.b.f.s.DefaultListableBeanFactory - Returning cached instance of singleton bean 'autoConfigurationReport'
2020-03-14 21:56:48.143 [main] DEBUG o.s.c.a.ConfigurationClassBeanDefinitionReader - Registered bean definition for imported class 'org.springframework.boot.autoconfigure.security.oauth2.method.OAuth2MethodSecurityConfiguration'
2020-03-14 21:56:48.146 [main] DEBUG o.s.b.f.s.DefaultListableBeanFactory - Returning cached instance of singleton bean 'autoConfigurationReport'
2020-03-14 21:56:48.146 [main] DEBUG o.s.b.f.s.DefaultListableBeanFactory - Returning cached instance of singleton bean 'autoConfigurationReport'
2020-03-14 21:56:48.147 [main] DEBUG o.s.c.e.PropertySourcesPropertyResolver - Could not find key 'security.oauth2.client.client-id' in any property source
2020-03-14 21:56:48.148 [main] DEBUG o.s.c.e.PropertySourcesPropertyResolver - Could not find key 'security.oauth2.resource.user-info-uri' in any property source
2020-03-14 21:56:48.148 [main] DEBUG o.s.c.e.PropertySourcesPropertyResolver - Could not find key 'security.oauth2.resource.token-info-uri' in any property source
2020-03-14 21:56:48.150 [main] DEBUG o.s.b.f.s.DefaultListableBeanFactory - Returning cached instance of singleton bean 'org.springframework.boot.autoconfigure.condition.BeanTypeRegistry'
2020-03-14 21:56:48.152 [main] DEBUG o.s.b.f.s.DefaultListableBeanFactory - Returning cached instance of singleton bean 'org.springframework.boot.autoconfigure.condition.BeanTypeRegistry'
2020-03-14 21:56:48.153 [main] DEBUG o.s.b.f.s.DefaultListableBeanFactory - Returning cached instance of singleton bean 'autoConfigurationReport'
2020-03-14 21:56:48.153 [main] DEBUG o.s.b.f.s.DefaultListableBeanFactory - Returning cached instance of singleton bean 'autoConfigurationReport'
2020-03-14 21:56:48.153 [main] DEBUG o.s.b.f.s.DefaultListableBeanFactory - Returning cached instance of singleton bean 'autoConfigurationReport'
2020-03-14 21:56:48.154 [main] DEBUG o.s.c.a.ConfigurationClassBeanDefinitionReader - Registered bean definition for imported class 'org.springframework.boot.autoconfigure.security.oauth2.client.OAuth2RestOperationsConfiguration'
2020-03-14 21:56:48.156 [main] DEBUG o.s.c.a.ConfigurationClassBeanDefinitionReader - Registered bean definition for imported class 'org.springframework.boot.autoconfigure.security.oauth2.OAuth2AutoConfiguration'
2020-03-14 21:56:48.157 [main] DEBUG o.s.c.a.ConfigurationClassBeanDefinitionReader - Registering bean definition for @Bean method org.springframework.boot.autoconfigure.security.oauth2.OAuth2AutoConfiguration.resourceServerProperties()
2020-03-14 21:56:48.158 [main] DEBUG o.s.b.f.s.DefaultListableBeanFactory - Returning cached instance of singleton bean 'autoConfigurationReport'
2020-03-14 21:56:48.159 [main] DEBUG o.s.b.f.s.DefaultListableBeanFactory - Returning cached instance of singleton bean 'autoConfigurationReport'
2020-03-14 21:56:48.159 [main] DEBUG o.s.b.f.s.DefaultListableBeanFactory - Returning cached instance of singleton bean 'org.springframework.boot.autoconfigure.condition.BeanTypeRegistry'
2020-03-14 21:56:48.160 [main] DEBUG o.s.b.f.s.DefaultListableBeanFactory - Returning cached instance of singleton bean 'org.springframework.boot.autoconfigure.condition.BeanTypeRegistry'
2020-03-14 21:56:48.161 [main] DEBUG o.s.b.f.s.DefaultListableBeanFactory - Returning cached instance of singleton bean 'autoConfigurationReport'
2020-03-14 21:56:48.161 [main] DEBUG o.s.b.f.s.DefaultListableBeanFactory - Returning cached instance of singleton bean 'autoConfigurationReport'
2020-03-14 21:56:48.161 [main] DEBUG o.s.c.a.ConfigurationClassBeanDefinitionReader - Registered bean definition for imported class 'org.springframework.boot.autoconfigure.web.servlet.WebMvcAutoConfiguration$WebMvcAutoConfigurationAdapter$FaviconConfiguration'
2020-03-14 21:56:48.161 [main] DEBUG o.s.c.a.ConfigurationClassBeanDefinitionReader - Registering bean definition for @Bean method org.springframework.boot.autoconfigure.web.servlet.WebMvcAutoConfiguration$WebMvcAutoConfigurationAdapter$FaviconConfiguration.faviconHandlerMapping()
2020-03-14 21:56:48.161 [main] DEBUG o.s.c.a.ConfigurationClassBeanDefinitionReader - Registering bean definition for @Bean method org.springframework.boot.autoconfigure.web.servlet.WebMvcAutoConfiguration$WebMvcAutoConfigurationAdapter$FaviconConfiguration.faviconRequestHandler()
2020-03-14 21:56:48.162 [main] DEBUG o.s.c.a.ConfigurationClassBeanDefinitionReader - Registered bean definition for imported class 'org.springframework.boot.autoconfigure.web.servlet.WebMvcAutoConfiguration$EnableWebMvcConfiguration'
2020-03-14 21:56:48.162 [main] DEBUG o.s.c.a.ConfigurationClassBeanDefinitionReader - Registering bean definition for @Bean method org.springframework.boot.autoconfigure.web.servlet.WebMvcAutoConfiguration$EnableWebMvcConfiguration.requestMappingHandlerAdapter()
2020-03-14 21:56:48.162 [main] DEBUG o.s.c.a.ConfigurationClassBeanDefinitionReader - Registering bean definition for @Bean method org.springframework.boot.autoconfigure.web.servlet.WebMvcAutoConfiguration$EnableWebMvcConfiguration.requestMappingHandlerMapping()
2020-03-14 21:56:48.162 [main] DEBUG o.s.c.a.ConfigurationClassBeanDefinitionReader - Registering bean definition for @Bean method org.springframework.boot.autoconfigure.web.servlet.WebMvcAutoConfiguration$EnableWebMvcConfiguration.mvcConversionService()
2020-03-14 21:56:48.162 [main] DEBUG o.s.c.a.ConfigurationClassBeanDefinitionReader - Registering bean definition for @Bean method org.springframework.boot.autoconfigure.web.servlet.WebMvcAutoConfiguration$EnableWebMvcConfiguration.mvcValidator()
2020-03-14 21:56:48.162 [main] DEBUG o.s.c.a.ConfigurationClassBeanDefinitionReader - Registering bean definition for @Bean method org.springframework.boot.autoconfigure.web.servlet.WebMvcAutoConfiguration$EnableWebMvcConfiguration.mvcContentNegotiationManager()
2020-03-14 21:56:48.162 [main] DEBUG o.s.c.a.ConfigurationClassBeanDefinitionReader - Registering bean definition for @Bean method org.springframework.boot.autoconfigure.web.servlet.WebMvcAutoConfiguration$EnableWebMvcConfiguration.mvcPathMatcher()
2020-03-14 21:56:48.162 [main] DEBUG o.s.c.a.ConfigurationClassBeanDefinitionReader - Registering bean definition for @Bean method org.springframework.boot.autoconfigure.web.servlet.WebMvcAutoConfiguration$EnableWebMvcConfiguration.mvcUrlPathHelper()
2020-03-14 21:56:48.162 [main] DEBUG o.s.c.a.ConfigurationClassBeanDefinitionReader - Registering bean definition for @Bean method org.springframework.boot.autoconfigure.web.servlet.WebMvcAutoConfiguration$EnableWebMvcConfiguration.viewControllerHandlerMapping()
2020-03-14 21:56:48.162 [main] DEBUG o.s.c.a.ConfigurationClassBeanDefinitionReader - Registering bean definition for @Bean method org.springframework.boot.autoconfigure.web.servlet.WebMvcAutoConfiguration$EnableWebMvcConfiguration.beanNameHandlerMapping()
2020-03-14 21:56:48.163 [main] DEBUG o.s.c.a.ConfigurationClassBeanDefinitionReader - Registering bean definition for @Bean method org.springframework.boot.autoconfigure.web.servlet.WebMvcAutoConfiguration$EnableWebMvcConfiguration.resourceHandlerMapping()
2020-03-14 21:56:48.163 [main] DEBUG o.s.c.a.ConfigurationClassBeanDefinitionReader - Registering bean definition for @Bean method org.springframework.boot.autoconfigure.web.servlet.WebMvcAutoConfiguration$EnableWebMvcConfiguration.mvcResourceUrlProvider()
2020-03-14 21:56:48.163 [main] DEBUG o.s.c.a.ConfigurationClassBeanDefinitionReader - Registering bean definition for @Bean method org.springframework.boot.autoconfigure.web.servlet.WebMvcAutoConfiguration$EnableWebMvcConfiguration.defaultServletHandlerMapping()
2020-03-14 21:56:48.163 [main] DEBUG o.s.c.a.ConfigurationClassBeanDefinitionReader - Registering bean definition for @Bean method org.springframework.boot.autoconfigure.web.servlet.WebMvcAutoConfiguration$EnableWebMvcConfiguration.mvcUriComponentsContributor()
2020-03-14 21:56:48.163 [main] DEBUG o.s.c.a.ConfigurationClassBeanDefinitionReader - Registering bean definition for @Bean method org.springframework.boot.autoconfigure.web.servlet.WebMvcAutoConfiguration$EnableWebMvcConfiguration.httpRequestHandlerAdapter()
2020-03-14 21:56:48.163 [main] DEBUG o.s.c.a.ConfigurationClassBeanDefinitionReader - Registering bean definition for @Bean method org.springframework.boot.autoconfigure.web.servlet.WebMvcAutoConfiguration$EnableWebMvcConfiguration.simpleControllerHandlerAdapter()
2020-03-14 21:56:48.164 [main] DEBUG o.s.c.a.ConfigurationClassBeanDefinitionReader - Registering bean definition for @Bean method org.springframework.boot.autoconfigure.web.servlet.WebMvcAutoConfiguration$EnableWebMvcConfiguration.handlerExceptionResolver()
2020-03-14 21:56:48.164 [main] DEBUG o.s.c.a.ConfigurationClassBeanDefinitionReader - Registering bean definition for @Bean method org.springframework.boot.autoconfigure.web.servlet.WebMvcAutoConfiguration$EnableWebMvcConfiguration.mvcViewResolver()
2020-03-14 21:56:48.164 [main] DEBUG o.s.c.a.ConfigurationClassBeanDefinitionReader - Registering bean definition for @Bean method org.springframework.boot.autoconfigure.web.servlet.WebMvcAutoConfiguration$EnableWebMvcConfiguration.mvcHandlerMappingIntrospector()
2020-03-14 21:56:48.165 [main] DEBUG o.s.c.a.ConfigurationClassBeanDefinitionReader - Registered bean definition for imported class 'org.springframework.boot.autoconfigure.web.servlet.WebMvcAutoConfiguration$WebMvcAutoConfigurationAdapter'
2020-03-14 21:56:48.168 [main] DEBUG o.s.b.f.s.DefaultListableBeanFactory - Returning cached instance of singleton bean 'org.springframework.boot.autoconfigure.condition.BeanTypeRegistry'
2020-03-14 21:56:48.237 [main] DEBUG o.s.b.f.s.DefaultListableBeanFactory - Returning cached instance of singleton bean 'org.springframework.boot.autoconfigure.condition.BeanTypeRegistry'
2020-03-14 21:56:48.238 [main] DEBUG o.s.b.f.s.DefaultListableBeanFactory - Returning cached instance of singleton bean 'autoConfigurationReport'
2020-03-14 21:56:48.238 [main] DEBUG o.s.c.a.ConfigurationClassBeanDefinitionReader - Registering bean definition for @Bean method org.springframework.boot.autoconfigure.web.servlet.WebMvcAutoConfiguration$WebMvcAutoConfigurationAdapter.defaultViewResolver()
2020-03-14 21:56:48.239 [main] DEBUG o.s.b.f.s.DefaultListableBeanFactory - Returning cached instance of singleton bean 'org.springframework.boot.autoconfigure.condition.BeanTypeRegistry'
2020-03-14 21:56:48.253 [main] DEBUG o.s.b.f.s.DefaultListableBeanFactory - Returning cached instance of singleton bean 'org.springframework.boot.autoconfigure.condition.BeanTypeRegistry'
2020-03-14 21:56:48.256 [main] DEBUG o.s.b.f.s.DefaultListableBeanFactory - Returning cached instance of singleton bean 'org.springframework.boot.autoconfigure.condition.BeanTypeRegistry'
2020-03-14 21:56:48.256 [main] DEBUG o.s.b.f.s.DefaultListableBeanFactory - Returning cached instance of singleton bean 'org.springframework.boot.autoconfigure.condition.BeanTypeRegistry'
2020-03-14 21:56:48.262 [main] DEBUG o.s.b.f.s.DefaultListableBeanFactory - Returning cached instance of singleton bean 'autoConfigurationReport'
2020-03-14 21:56:48.263 [main] DEBUG o.s.b.f.s.DefaultListableBeanFactory - Returning cached instance of singleton bean 'org.springframework.boot.autoconfigure.condition.BeanTypeRegistry'
2020-03-14 21:56:48.263 [main] DEBUG o.s.b.f.s.DefaultListableBeanFactory - Returning cached instance of singleton bean 'org.springframework.boot.autoconfigure.condition.BeanTypeRegistry'
2020-03-14 21:56:48.264 [main] DEBUG o.s.b.f.s.DefaultListableBeanFactory - Returning cached instance of singleton bean 'org.springframework.boot.autoconfigure.condition.BeanTypeRegistry'
2020-03-14 21:56:48.270 [main] DEBUG o.s.b.f.s.DefaultListableBeanFactory - Returning cached instance of singleton bean 'org.springframework.boot.autoconfigure.condition.BeanTypeRegistry'
2020-03-14 21:56:48.273 [main] DEBUG o.s.b.f.s.DefaultListableBeanFactory - Returning cached instance of singleton bean 'autoConfigurationReport'
2020-03-14 21:56:48.274 [main] DEBUG o.s.b.f.s.DefaultListableBeanFactory - Returning cached instance of singleton bean 'org.springframework.boot.autoconfigure.condition.BeanTypeRegistry'
2020-03-14 21:56:48.274 [main] DEBUG o.s.b.f.s.DefaultListableBeanFactory - Returning cached instance of singleton bean 'org.springframework.boot.autoconfigure.condition.BeanTypeRegistry'
2020-03-14 21:56:48.275 [main] DEBUG o.s.b.f.s.DefaultListableBeanFactory - Returning cached instance of singleton bean 'org.springframework.boot.autoconfigure.condition.BeanTypeRegistry'
2020-03-14 21:56:48.275 [main] DEBUG o.s.b.f.s.DefaultListableBeanFactory - Returning cached instance of singleton bean 'org.springframework.boot.autoconfigure.condition.BeanTypeRegistry'
2020-03-14 21:56:48.275 [main] DEBUG o.s.b.f.s.DefaultListableBeanFactory - Returning cached instance of singleton bean 'autoConfigurationReport'
2020-03-14 21:56:48.276 [main] DEBUG o.s.c.a.ConfigurationClassBeanDefinitionReader - Registering bean definition for @Bean method org.springframework.boot.autoconfigure.web.servlet.WebMvcAutoConfiguration$WebMvcAutoConfigurationAdapter.viewResolver()
2020-03-14 21:56:48.276 [main] DEBUG o.s.b.f.s.DefaultListableBeanFactory - Returning cached instance of singleton bean 'autoConfigurationReport'
2020-03-14 21:56:48.276 [main] DEBUG o.s.c.a.ConfigurationClassBeanDefinitionReader - Registering bean definition for @Bean method org.springframework.boot.autoconfigure.web.servlet.WebMvcAutoConfiguration$WebMvcAutoConfigurationAdapter.welcomePageHandlerMapping()
2020-03-14 21:56:48.279 [main] DEBUG o.s.b.f.s.DefaultListableBeanFactory - Returning cached instance of singleton bean 'org.springframework.boot.autoconfigure.condition.BeanTypeRegistry'
2020-03-14 21:56:48.280 [main] DEBUG o.s.b.f.s.DefaultListableBeanFactory - Returning cached instance of singleton bean 'org.springframework.boot.autoconfigure.condition.BeanTypeRegistry'
2020-03-14 21:56:48.280 [main] DEBUG o.s.b.f.s.DefaultListableBeanFactory - Returning cached instance of singleton bean 'org.springframework.boot.autoconfigure.condition.BeanTypeRegistry'
2020-03-14 21:56:48.281 [main] DEBUG o.s.b.f.s.DefaultListableBeanFactory - Returning cached instance of singleton bean 'org.springframework.boot.autoconfigure.condition.BeanTypeRegistry'
2020-03-14 21:56:48.281 [main] DEBUG o.s.b.f.s.DefaultListableBeanFactory - Returning cached instance of singleton bean 'autoConfigurationReport'
2020-03-14 21:56:48.281 [main] DEBUG o.s.c.a.ConfigurationClassBeanDefinitionReader - Registering bean definition for @Bean method org.springframework.boot.autoconfigure.web.servlet.WebMvcAutoConfiguration$WebMvcAutoConfigurationAdapter.requestContextFilter()
2020-03-14 21:56:48.282 [main] DEBUG o.s.c.a.ConfigurationClassBeanDefinitionReader - Registered bean definition for imported class 'org.springframework.boot.autoconfigure.web.servlet.WebMvcAutoConfiguration'
2020-03-14 21:56:48.283 [main] DEBUG o.s.b.f.s.DefaultListableBeanFactory - Returning cached instance of singleton bean 'org.springframework.boot.autoconfigure.condition.BeanTypeRegistry'
2020-03-14 21:56:48.285 [main] DEBUG o.s.b.f.s.DefaultListableBeanFactory - Returning cached instance of singleton bean 'org.springframework.boot.autoconfigure.condition.BeanTypeRegistry'
2020-03-14 21:56:48.285 [main] DEBUG o.s.b.f.s.DefaultListableBeanFactory - Returning cached instance of singleton bean 'autoConfigurationReport'
2020-03-14 21:56:48.285 [main] DEBUG o.s.c.a.ConfigurationClassBeanDefinitionReader - Registering bean definition for @Bean method org.springframework.boot.autoconfigure.web.servlet.WebMvcAutoConfiguration.hiddenHttpMethodFilter()
2020-03-14 21:56:48.286 [main] DEBUG o.s.b.f.s.DefaultListableBeanFactory - Returning cached instance of singleton bean 'autoConfigurationReport'
2020-03-14 21:56:48.287 [main] DEBUG o.s.b.f.s.DefaultListableBeanFactory - Returning cached instance of singleton bean 'org.springframework.boot.autoconfigure.condition.BeanTypeRegistry'
2020-03-14 21:56:48.294 [main] DEBUG o.s.b.f.s.DefaultListableBeanFactory - Returning cached instance of singleton bean 'org.springframework.boot.autoconfigure.condition.BeanTypeRegistry'
2020-03-14 21:56:48.294 [main] DEBUG o.s.b.f.s.DefaultListableBeanFactory - Returning cached instance of singleton bean 'autoConfigurationReport'
2020-03-14 21:56:48.294 [main] DEBUG o.s.c.a.ConfigurationClassBeanDefinitionReader - Registering bean definition for @Bean method org.springframework.boot.autoconfigure.web.servlet.WebMvcAutoConfiguration.httpPutFormContentFilter()
2020-03-14 21:56:48.295 [main] DEBUG o.s.b.f.s.DefaultListableBeanFactory - Returning cached instance of singleton bean 'autoConfigurationReport'
2020-03-14 21:56:48.295 [main] DEBUG o.s.b.f.s.DefaultListableBeanFactory - Returning cached instance of singleton bean 'autoConfigurationReport'
2020-03-14 21:56:48.295 [main] DEBUG o.s.b.f.s.DefaultListableBeanFactory - Returning cached instance of singleton bean 'autoConfigurationReport'
2020-03-14 21:56:48.296 [main] DEBUG o.s.c.a.ConfigurationClassBeanDefinitionReader - Registered bean definition for imported class 'com.alibaba.druid.spring.boot.autoconfigure.stat.DruidStatViewServletConfiguration'
2020-03-14 21:56:48.296 [main] DEBUG o.s.c.a.ConfigurationClassBeanDefinitionReader - Registering bean definition for @Bean method com.alibaba.druid.spring.boot.autoconfigure.stat.DruidStatViewServletConfiguration.statViewServletRegistrationBean()
2020-03-14 21:56:48.296 [main] DEBUG o.s.b.f.s.DefaultListableBeanFactory - Returning cached instance of singleton bean 'autoConfigurationReport'
2020-03-14 21:56:48.296 [main] DEBUG o.s.b.f.s.DefaultListableBeanFactory - Returning cached instance of singleton bean 'autoConfigurationReport'
2020-03-14 21:56:48.296 [main] DEBUG o.s.c.a.ConfigurationClassBeanDefinitionReader - Registered bean definition for imported class 'com.alibaba.druid.spring.boot.autoconfigure.stat.DruidWebStatFilterConfiguration'
2020-03-14 21:56:48.296 [main] DEBUG o.s.c.a.ConfigurationClassBeanDefinitionReader - Registering bean definition for @Bean method com.alibaba.druid.spring.boot.autoconfigure.stat.DruidWebStatFilterConfiguration.webStatFilterRegistrationBean()
2020-03-14 21:56:48.296 [main] DEBUG o.s.c.a.ConfigurationClassBeanDefinitionReader - Registered bean definition for imported class 'com.alibaba.druid.spring.boot.autoconfigure.stat.DruidFilterConfiguration'
2020-03-14 21:56:48.297 [main] DEBUG o.s.b.f.s.DefaultListableBeanFactory - Returning cached instance of singleton bean 'autoConfigurationReport'
2020-03-14 21:56:48.310 [main] DEBUG o.s.b.f.s.DefaultListableBeanFactory - Returning cached instance of singleton bean 'org.springframework.boot.autoconfigure.condition.BeanTypeRegistry'
2020-03-14 21:56:48.328 [main] DEBUG o.s.b.f.s.DefaultListableBeanFactory - Returning cached instance of singleton bean 'org.springframework.boot.autoconfigure.condition.BeanTypeRegistry'
2020-03-14 21:56:48.328 [main] DEBUG o.s.b.f.s.DefaultListableBeanFactory - Returning cached instance of singleton bean 'autoConfigurationReport'
2020-03-14 21:56:48.329 [main] DEBUG o.s.c.a.ConfigurationClassBeanDefinitionReader - Registering bean definition for @Bean method com.alibaba.druid.spring.boot.autoconfigure.stat.DruidFilterConfiguration.statFilter()
2020-03-14 21:56:48.330 [main] DEBUG o.s.b.f.s.DefaultListableBeanFactory - Returning cached instance of singleton bean 'autoConfigurationReport'
2020-03-14 21:56:48.330 [main] DEBUG o.s.b.f.s.DefaultListableBeanFactory - Returning cached instance of singleton bean 'autoConfigurationReport'
2020-03-14 21:56:48.331 [main] DEBUG o.s.b.f.s.DefaultListableBeanFactory - Returning cached instance of singleton bean 'autoConfigurationReport'
2020-03-14 21:56:48.334 [main] DEBUG o.s.b.f.s.DefaultListableBeanFactory - Returning cached instance of singleton bean 'autoConfigurationReport'
2020-03-14 21:56:48.335 [main] DEBUG o.s.b.f.s.DefaultListableBeanFactory - Returning cached instance of singleton bean 'autoConfigurationReport'
2020-03-14 21:56:48.336 [main] DEBUG o.s.b.f.s.DefaultListableBeanFactory - Returning cached instance of singleton bean 'autoConfigurationReport'
2020-03-14 21:56:48.337 [main] DEBUG o.s.b.f.s.DefaultListableBeanFactory - Returning cached instance of singleton bean 'autoConfigurationReport'
2020-03-14 21:56:48.337 [main] DEBUG o.s.b.f.s.DefaultListableBeanFactory - Returning cached instance of singleton bean 'autoConfigurationReport'
2020-03-14 21:56:48.358 [main] DEBUG o.s.c.a.ConfigurationClassBeanDefinitionReader - Registered bean definition for imported class 'com.alibaba.druid.spring.boot.autoconfigure.DruidDataSourceAutoConfigure'
2020-03-14 21:56:48.359 [main] DEBUG o.s.b.f.s.DefaultListableBeanFactory - Returning cached instance of singleton bean 'org.springframework.boot.autoconfigure.condition.BeanTypeRegistry'
2020-03-14 21:56:48.379 [main] DEBUG o.s.b.f.s.DefaultListableBeanFactory - Returning cached instance of singleton bean 'org.springframework.boot.autoconfigure.condition.BeanTypeRegistry'
2020-03-14 21:56:48.381 [main] DEBUG o.s.b.f.s.DefaultListableBeanFactory - Returning cached instance of singleton bean 'autoConfigurationReport'
2020-03-14 21:56:48.381 [main] DEBUG o.s.c.a.ConfigurationClassBeanDefinitionReader - Registering bean definition for @Bean method com.alibaba.druid.spring.boot.autoconfigure.DruidDataSourceAutoConfigure.dataSource()
2020-03-14 21:56:48.385 [main] DEBUG o.s.b.f.s.DefaultListableBeanFactory - Returning cached instance of singleton bean 'autoConfigurationReport'
2020-03-14 21:56:48.387 [main] DEBUG o.s.b.f.s.DefaultListableBeanFactory - Returning cached instance of singleton bean 'autoConfigurationReport'
2020-03-14 21:56:48.405 [main] DEBUG o.s.c.a.ConfigurationClassBeanDefinitionReader - Registered bean definition for imported class 'org.springframework.boot.autoconfigure.transaction.jta.JtaAutoConfiguration'
2020-03-14 21:56:48.407 [main] DEBUG o.s.b.f.s.DefaultListableBeanFactory - Returning cached instance of singleton bean 'autoConfigurationReport'
2020-03-14 21:56:48.408 [main] DEBUG o.s.b.f.s.DefaultListableBeanFactory - Returning cached instance of singleton bean 'org.springframework.boot.autoconfigure.condition.BeanTypeRegistry'
2020-03-14 21:56:48.411 [main] DEBUG o.s.b.f.s.DefaultListableBeanFactory - Returning cached instance of singleton bean 'org.springframework.boot.autoconfigure.condition.BeanTypeRegistry'
2020-03-14 21:56:48.411 [main] DEBUG o.s.b.f.s.DefaultListableBeanFactory - Returning cached instance of singleton bean 'autoConfigurationReport'
2020-03-14 21:56:48.411 [main] DEBUG o.s.b.f.s.DefaultListableBeanFactory - Returning cached instance of singleton bean 'autoConfigurationReport'
2020-03-14 21:56:48.415 [main] DEBUG o.s.b.f.s.DefaultListableBeanFactory - Returning cached instance of singleton bean 'org.springframework.boot.autoconfigure.condition.BeanTypeRegistry'
2020-03-14 21:56:48.415 [main] DEBUG o.s.b.f.s.DefaultListableBeanFactory - Returning cached instance of singleton bean 'org.springframework.boot.autoconfigure.condition.BeanTypeRegistry'
2020-03-14 21:56:48.415 [main] DEBUG o.s.b.f.s.DefaultListableBeanFactory - Returning cached instance of singleton bean 'org.springframework.boot.autoconfigure.condition.BeanTypeRegistry'
2020-03-14 21:56:48.416 [main] DEBUG o.s.b.f.s.DefaultListableBeanFactory - Returning cached instance of singleton bean 'org.springframework.boot.autoconfigure.condition.BeanTypeRegistry'
2020-03-14 21:56:48.417 [main] DEBUG o.s.b.f.s.DefaultListableBeanFactory - Returning cached instance of singleton bean 'autoConfigurationReport'
2020-03-14 21:56:48.418 [main] DEBUG o.s.b.f.s.DefaultListableBeanFactory - Returning cached instance of singleton bean 'autoConfigurationReport'
2020-03-14 21:56:48.418 [main] DEBUG o.s.c.a.ConfigurationClassBeanDefinitionReader - Registered bean definition for imported class 'org.springframework.boot.autoconfigure.jdbc.metadata.DataSourcePoolMetadataProvidersConfiguration$HikariPoolDataSourceMetadataProviderConfiguration'
2020-03-14 21:56:48.419 [main] DEBUG o.s.c.a.ConfigurationClassBeanDefinitionReader - Registering bean definition for @Bean method org.springframework.boot.autoconfigure.jdbc.metadata.DataSourcePoolMetadataProvidersConfiguration$HikariPoolDataSourceMetadataProviderConfiguration.hikariPoolDataSourceMetadataProvider()
2020-03-14 21:56:48.419 [main] DEBUG o.s.c.a.ConfigurationClassBeanDefinitionReader - Registered bean definition for imported class 'org.springframework.boot.autoconfigure.jdbc.metadata.DataSourcePoolMetadataProvidersConfiguration'
2020-03-14 21:56:48.419 [main] DEBUG o.s.c.a.ConfigurationClassBeanDefinitionReader - Registered bean definition for imported class 'org.springframework.boot.autoconfigure.jdbc.DataSourceInitializerInvoker'
2020-03-14 21:56:48.421 [main] DEBUG o.s.c.a.ConfigurationClassBeanDefinitionReader - Registered bean definition for imported class 'org.springframework.boot.autoconfigure.jdbc.DataSourceInitializationConfiguration'
2020-03-14 21:56:48.429 [main] DEBUG o.s.c.a.ConfigurationClassBeanDefinitionReader - Registered bean definition for imported class 'org.springframework.boot.autoconfigure.jdbc.DataSourceAutoConfiguration'
2020-03-14 21:56:48.430 [main] DEBUG o.s.b.f.s.DefaultListableBeanFactory - Returning cached instance of singleton bean 'autoConfigurationReport'
2020-03-14 21:56:48.430 [main] DEBUG o.s.b.f.s.DefaultListableBeanFactory - Returning cached instance of singleton bean 'org.springframework.boot.autoconfigure.condition.BeanTypeRegistry'
2020-03-14 21:56:48.436 [main] DEBUG o.s.b.f.s.DefaultListableBeanFactory - Returning cached instance of singleton bean 'org.springframework.boot.autoconfigure.condition.BeanTypeRegistry'
2020-03-14 21:56:48.436 [main] DEBUG o.s.b.f.s.DefaultListableBeanFactory - Returning cached instance of singleton bean 'autoConfigurationReport'
2020-03-14 21:56:48.450 [main] DEBUG o.s.b.f.s.DefaultListableBeanFactory - Returning cached instance of singleton bean 'org.springframework.boot.autoconfigure.condition.BeanTypeRegistry'
2020-03-14 21:56:48.450 [main] DEBUG o.s.b.f.s.DefaultListableBeanFactory - Returning cached instance of singleton bean 'org.springframework.boot.autoconfigure.condition.BeanTypeRegistry'
2020-03-14 21:56:48.451 [main] DEBUG o.s.b.f.s.DefaultListableBeanFactory - Returning cached instance of singleton bean 'autoConfigurationReport'
2020-03-14 21:56:48.453 [main] DEBUG o.s.c.a.ConfigurationClassBeanDefinitionReader - Registered bean definition for imported class 'org.mybatis.spring.boot.autoconfigure.MybatisAutoConfiguration$MapperScannerRegistrarNotFoundConfiguration'
2020-03-14 21:56:48.459 [main] DEBUG o.m.s.b.a.MybatisAutoConfiguration - Searching for mappers annotated with @Mapper
2020-03-14 21:56:48.469 [main] DEBUG o.s.core.env.StandardEnvironment - Adding PropertySource 'systemProperties' with lowest search precedence
2020-03-14 21:56:48.470 [main] DEBUG o.s.core.env.StandardEnvironment - Adding PropertySource 'systemEnvironment' with lowest search precedence
2020-03-14 21:56:48.474 [main] DEBUG o.s.core.env.StandardEnvironment - Initialized StandardEnvironment with PropertySources [MapPropertySource@742473724 {name='systemProperties', properties={idea.version=2017.1.2, java.runtime.name=Java(TM) SE Runtime Environment, sun.boot.library.path=C:\Program Files\Java\jdk1.8.0_91\jre\bin, java.vm.version=25.91-b14, java.vm.vendor=Oracle Corporation, java.vendor.url=http://java.oracle.com/, path.separator=;, java.vm.name=Java HotSpot(TM) 64-Bit Server VM, file.encoding.pkg=sun.io, user.country=CN, user.script=, sun.java.launcher=SUN_STANDARD, sun.os.patch.level=, PID=10228, java.vm.specification.name=Java Virtual Machine Specification, user.dir=E:\1704A\hdServiceCode\nm-service-manage-course, java.runtime.version=1.8.0_91-b14, basedir=E:\1704A\hdServiceCode\nm-service-manage-course, java.awt.graphicsenv=sun.awt.Win32GraphicsEnvironment, java.endorsed.dirs=C:\Program Files\Java\jdk1.8.0_91\jre\lib\endorsed, os.arch=amd64, surefire.real.class.path=C:\Users\wangb\AppData\Local\Temp\surefire5324342515423551962\surefirebooter5243460830507094447.jar, java.io.tmpdir=C:\Users\wangb\AppData\Local\Temp\, line.separator=
, java.vm.specification.vendor=Oracle Corporation, user.variant=, os.name=Windows 10, sun.jnu.encoding=GBK, spring.beaninfo.ignore=true, java.library.path=C:\Program Files\Java\jdk1.8.0_91\jre\bin;C:\WINDOWS\Sun\Java\bin;C:\WINDOWS\system32;C:\WINDOWS;E:\app\wangb\product\11.2.0\dbhome_1\bin;E:\maven\apache-maven-3.6.1\bin;C:\Program Files\Java\jdk1.8.0_91\bin;C:\Program Files (x86)\Intel\iCLS Client\;C:\Program Files\Intel\iCLS Client\;C:\Windows\system32;C:\Windows;C:\Windows\System32\Wbem;C:\Windows\System32\WindowsPowerShell\v1.0\;C:\Program Files (x86)\NVIDIA Corporation\PhysX\Common;C:\Program Files (x86)\Intel\Intel(R) Management Engine Components\DAL;C:\Program Files\Intel\Intel(R) Management Engine Components\DAL;C:\Program Files (x86)\Intel\Intel(R) Management Engine Components\IPT;C:\Program Files\Intel\Intel(R) Management Engine Components\IPT;C:\WINDOWS\system32;C:\WINDOWS;C:\WINDOWS\System32\Wbem;C:\WINDOWS\System32\WindowsPowerShell\v1.0\;C:\WINDOWS\System32\OpenSSH\;C:\Program Files\MySQL\MySQL Server 5.5\bin;E:\nodejs\;E:\Git\cmd;E:\Mp4\ffmpeg-20180227-fa0c9d6-win64-static\bin;C:\Users\wangb\AppData\Local\Microsoft\WindowsApps;C:\Users\wangb\AppData\Roaming\npm;E:\Microsoft VS Code\bin;., surefire.test.class.path=E:\1704A\hdServiceCode\nm-service-manage-course\target\test-classes;E:\1704A\hdServiceCode\nm-service-manage-course\target\classes;E:\1704A\repository\org\springframework\cloud\spring-cloud-starter-oauth2\2.0.0.RELEASE\spring-cloud-starter-oauth2-2.0.0.RELEASE.jar;E:\1704A\repository\org\springframework\cloud\spring-cloud-starter-security\2.0.0.RELEASE\spring-cloud-starter-security-2.0.0.RELEASE.jar;E:\1704A\repository\org\springframework\boot\spring-boot-starter-actuator\2.0.1.RELEASE\spring-boot-starter-actuator-2.0.1.RELEASE.jar;E:\1704A\repository\org\springframework\boot\spring-boot-actuator-autoconfigure\2.0.1.RELEASE\spring-boot-actuator-autoconfigure-2.0.1.RELEASE.jar;E:\1704A\repository\org\springframework\boot\spring-boot-actuator\2.0.1.RELEASE\spring-boot-actuator-2.0.1.RELEASE.jar;E:\1704A\repository\io\micrometer\micrometer-core\1.0.3\micrometer-core-1.0.3.jar;E:\1704A\repository\org\latencyutils\LatencyUtils\2.0.3\LatencyUtils-2.0.3.jar;E:\1704A\repository\org\springframework\cloud\spring-cloud-security\2.0.0.RELEASE\spring-cloud-security-2.0.0.RELEASE.jar;E:\1704A\repository\org\springframework\boot\spring-boot-starter-security\2.0.1.RELEASE\spring-boot-starter-security-2.0.1.RELEASE.jar;E:\1704A\repository\org\springframework\security\oauth\boot\spring-security-oauth2-autoconfigure\2.0.0.RELEASE\spring-security-oauth2-autoconfigure-2.0.0.RELEASE.jar;E:\1704A\repository\com\fasterxml\jackson\core\jackson-annotations\2.9.0\jackson-annotations-2.9.0.jar;E:\1704A\repository\com\fasterxml\jackson\core\jackson-databind\2.9.5\jackson-databind-2.9.5.jar;E:\1704A\repository\org\springframework\boot\spring-boot\2.0.1.RELEASE\spring-boot-2.0.1.RELEASE.jar;E:\1704A\repository\org\springframework\security\oauth\spring-security-oauth2\2.2.1.RELEASE\spring-security-oauth2-2.2.1.RELEASE.jar;E:\1704A\repository\org\springframework\security\spring-security-core\5.0.4.RELEASE\spring-security-core-5.0.4.RELEASE.jar;E:\1704A\repository\org\springframework\security\spring-security-config\5.0.4.RELEASE\spring-security-config-5.0.4.RELEASE.jar;E:\1704A\repository\org\springframework\security\spring-security-web\5.0.4.RELEASE\spring-security-web-5.0.4.RELEASE.jar;E:\1704A\repository\org\codehaus\jackson\jackson-mapper-asl\1.9.13\jackson-mapper-asl-1.9.13.jar;E:\1704A\repository\org\codehaus\jackson\jackson-core-asl\1.9.13\jackson-core-asl-1.9.13.jar;E:\1704A\repository\com\github\pagehelper\pagehelper-spring-boot-starter\1.2.4\pagehelper-spring-boot-starter-1.2.4.jar;E:\1704A\repository\org\springframework\boot\spring-boot-starter\2.0.1.RELEASE\spring-boot-starter-2.0.1.RELEASE.jar;E:\1704A\repository\javax\annotation\javax.annotation-api\1.3.2\javax.annotation-api-1.3.2.jar;E:\1704A\repository\org\yaml\snakeyaml\1.19\snakeyaml-1.19.jar;E:\1704A\repository\com\github\pagehelper\pagehelper-spring-boot-autoconfigure\1.2.4\pagehelper-spring-boot-autoconfigure-1.2.4.jar;E:\1704A\repository\com\github\pagehelper\pagehelper\5.1.3\pagehelper-5.1.3.jar;E:\1704A\repository\com\github\jsqlparser\jsqlparser\1.0\jsqlparser-1.0.jar;E:\1704A\hdServiceCode\nm-service-api\target\nm-service-api.jar;E:\1704A\repository\commons-fileupload\commons-fileupload\1.3.3\commons-fileupload-1.3.3.jar;E:\1704A\repository\io\springfox\springfox-swagger2\2.7.0\springfox-swagger2-2.7.0.jar;E:\1704A\repository\io\swagger\swagger-annotations\1.5.13\swagger-annotations-1.5.13.jar;E:\1704A\repository\io\swagger\swagger-models\1.5.13\swagger-models-1.5.13.jar;E:\1704A\repository\io\springfox\springfox-spi\2.7.0\springfox-spi-2.7.0.jar;E:\1704A\repository\io\springfox\springfox-core\2.7.0\springfox-core-2.7.0.jar;E:\1704A\repository\io\springfox\springfox-schema\2.7.0\springfox-schema-2.7.0.jar;E:\1704A\repository\io\springfox\springfox-swagger-common\2.7.0\springfox-swagger-common-2.7.0.jar;E:\1704A\repository\io\springfox\springfox-spring-web\2.7.0\springfox-spring-web-2.7.0.jar;E:\1704A\repository\org\reflections\reflections\0.9.11\reflections-0.9.11.jar;E:\1704A\repository\com\fasterxml\classmate\1.3.4\classmate-1.3.4.jar;E:\1704A\repository\org\springframework\plugin\spring-plugin-core\1.2.0.RELEASE\spring-plugin-core-1.2.0.RELEASE.jar;E:\1704A\repository\org\springframework\plugin\spring-plugin-metadata\1.2.0.RELEASE\spring-plugin-metadata-1.2.0.RELEASE.jar;E:\1704A\repository\org\mapstruct\mapstruct\1.1.0.Final\mapstruct-1.1.0.Final.jar;E:\1704A\repository\io\springfox\springfox-swagger-ui\2.7.0\springfox-swagger-ui-2.7.0.jar;E:\1704A\hdServiceCode\nm-framework-model\target\nm-framework-model.jar;E:\1704A\repository\org\projectlombok\lombok\1.16.16\lombok-1.16.16.jar;E:\1704A\repository\org\springframework\data\spring-data-commons\2.0.6.RELEASE\spring-data-commons-2.0.6.RELEASE.jar;E:\1704A\repository\org\springframework\data\spring-data-mongodb\2.0.6.RELEASE\spring-data-mongodb-2.0.6.RELEASE.jar;E:\1704A\repository\org\springframework\spring-context\5.0.5.RELEASE\spring-context-5.0.5.RELEASE.jar;E:\1704A\repository\org\springframework\spring-expression\5.0.5.RELEASE\spring-expression-5.0.5.RELEASE.jar;E:\1704A\repository\org\mongodb\mongo-java-driver\3.6.3\mongo-java-driver-3.6.3.jar;E:\1704A\repository\org\hibernate\hibernate-core\5.2.16.Final\hibernate-core-5.2.16.Final.jar;E:\1704A\repository\org\jboss\logging\jboss-logging\3.3.2.Final\jboss-logging-3.3.2.Final.jar;E:\1704A\repository\org\hibernate\javax\persistence\hibernate-jpa-2.1-api\1.0.0.Final\hibernate-jpa-2.1-api-1.0.0.Final.jar;E:\1704A\repository\org\javassist\javassist\3.22.0-GA\javassist-3.22.0-GA.jar;E:\1704A\repository\antlr\antlr\2.7.7\antlr-2.7.7.jar;E:\1704A\repository\org\jboss\spec\javax\transaction\jboss-transaction-api_1.2_spec\1.0.1.Final\jboss-transaction-api_1.2_spec-1.0.1.Final.jar;E:\1704A\repository\org\jboss\jandex\2.0.3.Final\jandex-2.0.3.Final.jar;E:\1704A\repository\dom4j\dom4j\1.6.1\dom4j-1.6.1.jar;E:\1704A\repository\org\hibernate\common\hibernate-commons-annotations\5.0.1.Final\hibernate-commons-annotations-5.0.1.Final.jar;E:\1704A\repository\com\google\guava\guava\24.0-jre\guava-24.0-jre.jar;E:\1704A\repository\com\google\code\findbugs\jsr305\1.3.9\jsr305-1.3.9.jar;E:\1704A\repository\org\checkerframework\checker-compat-qual\2.0.0\checker-compat-qual-2.0.0.jar;E:\1704A\repository\com\google\errorprone\error_prone_annotations\2.1.3\error_prone_annotations-2.1.3.jar;E:\1704A\repository\com\google\j2objc\j2objc-annotations\1.1\j2objc-annotations-1.1.jar;E:\1704A\repository\org\codehaus\mojo\animal-sniffer-annotations\1.14\animal-sniffer-annotations-1.14.jar;E:\1704A\hdServiceCode\nm-framework-utils\target\nm-framework-utils.jar;E:\1704A\repository\javax\servlet\javax.servlet-api\3.1.0\javax.servlet-api-3.1.0.jar;E:\1704A\repository\org\springframework\boot\spring-boot-starter-logging\2.0.1.RELEASE\spring-boot-starter-logging-2.0.1.RELEASE.jar;E:\1704A\repository\ch\qos\logback\logback-classic\1.2.3\logback-classic-1.2.3.jar;E:\1704A\repository\ch\qos\logback\logback-core\1.2.3\logback-core-1.2.3.jar;E:\1704A\repository\org\apache\logging\log4j\log4j-to-slf4j\2.10.0\log4j-to-slf4j-2.10.0.jar;E:\1704A\repository\org\apache\logging\log4j\log4j-api\2.10.0\log4j-api-2.10.0.jar;E:\1704A\repository\org\slf4j\jul-to-slf4j\1.7.25\jul-to-slf4j-1.7.25.jar;E:\1704A\repository\org\apache\httpcomponents\httpclient\4.5.5\httpclient-4.5.5.jar;E:\1704A\repository\org\apache\httpcomponents\httpcore\4.4.9\httpcore-4.4.9.jar;E:\1704A\repository\commons-codec\commons-codec\1.10\commons-codec-1.10.jar;E:\1704A\repository\net\lingala\zip4j\zip4j\1.3.1\zip4j-1.3.1.jar;E:\1704A\repository\org\springframework\security\spring-security-crypto\5.0.4.RELEASE\spring-security-crypto-5.0.4.RELEASE.jar;E:\1704A\repository\org\springframework\security\spring-security-jwt\1.0.8.RELEASE\spring-security-jwt-1.0.8.RELEASE.jar;E:\1704A\repository\org\bouncycastle\bcpkix-jdk15on\1.56\bcpkix-jdk15on-1.56.jar;E:\1704A\repository\org\bouncycastle\bcprov-jdk15on\1.56\bcprov-jdk15on-1.56.jar;E:\1704A\hdServiceCode\nm-framework-common\target\nm-framework-common.jar;E:\1704A\repository\org\springframework\spring-web\5.0.5.RELEASE\spring-web-5.0.5.RELEASE.jar;E:\1704A\repository\org\springframework\boot\spring-boot-starter-web\2.0.1.RELEASE\spring-boot-starter-web-2.0.1.RELEASE.jar;E:\1704A\repository\org\springframework\boot\spring-boot-starter-json\2.0.1.RELEASE\spring-boot-starter-json-2.0.1.RELEASE.jar;E:\1704A\repository\com\fasterxml\jackson\datatype\jackson-datatype-jdk8\2.9.5\jackson-datatype-jdk8-2.9.5.jar;E:\1704A\repository\com\fasterxml\jackson\datatype\jackson-datatype-jsr310\2.9.5\jackson-datatype-jsr310-2.9.5.jar;E:\1704A\repository\com\fasterxml\jackson\module\jackson-module-parameter-names\2.9.5\jackson-module-parameter-names-2.9.5.jar;E:\1704A\repository\org\springframework\boot\spring-boot-starter-tomcat\2.0.1.RELEASE\spring-boot-starter-tomcat-2.0.1.RELEASE.jar;E:\1704A\repository\org\apache\tomcat\embed\tomcat-embed-core\8.5.28\tomcat-embed-core-8.5.28.jar;E:\1704A\repository\org\apache\tomcat\embed\tomcat-embed-el\8.5.28\tomcat-embed-el-8.5.28.jar;E:\1704A\repository\org\apache\tomcat\embed\tomcat-embed-websocket\8.5.28\tomcat-embed-websocket-8.5.28.jar;E:\1704A\repository\org\hibernate\validator\hibernate-validator\6.0.9.Final\hibernate-validator-6.0.9.Final.jar;E:\1704A\repository\javax\validation\validation-api\2.0.1.Final\validation-api-2.0.1.Final.jar;E:\1704A\repository\org\springframework\spring-webmvc\5.0.5.RELEASE\spring-webmvc-5.0.5.RELEASE.jar;E:\1704A\repository\org\springframework\spring-aop\5.0.5.RELEASE\spring-aop-5.0.5.RELEASE.jar;E:\1704A\repository\mysql\mysql-connector-java\5.1.40\mysql-connector-java-5.1.40.jar;E:\1704A\repository\com\alibaba\druid-spring-boot-starter\1.1.10\druid-spring-boot-starter-1.1.10.jar;E:\1704A\repository\com\alibaba\druid\1.1.6\druid-1.1.6.jar;E:\1704A\repository\org\slf4j\slf4j-api\1.7.25\slf4j-api-1.7.25.jar;E:\1704A\repository\org\springframework\boot\spring-boot-autoconfigure\2.0.1.RELEASE\spring-boot-autoconfigure-2.0.1.RELEASE.jar;E:\1704A\repository\org\mybatis\spring\boot\mybatis-spring-boot-starter\1.3.1\mybatis-spring-boot-starter-1.3.1.jar;E:\1704A\repository\org\springframework\boot\spring-boot-starter-jdbc\2.0.1.RELEASE\spring-boot-starter-jdbc-2.0.1.RELEASE.jar;E:\1704A\repository\com\zaxxer\HikariCP\2.7.8\HikariCP-2.7.8.jar;E:\1704A\repository\org\mybatis\spring\boot\mybatis-spring-boot-autoconfigure\1.3.1\mybatis-spring-boot-autoconfigure-1.3.1.jar;E:\1704A\repository\org\mybatis\mybatis\3.4.5\mybatis-3.4.5.jar;E:\1704A\repository\org\mybatis\mybatis-spring\1.3.1\mybatis-spring-1.3.1.jar;E:\1704A\repository\org\springframework\spring-orm\5.0.5.RELEASE\spring-orm-5.0.5.RELEASE.jar;E:\1704A\repository\org\springframework\spring-beans\5.0.5.RELEASE\spring-beans-5.0.5.RELEASE.jar;E:\1704A\repository\org\springframework\spring-core\5.0.5.RELEASE\spring-core-5.0.5.RELEASE.jar;E:\1704A\repository\org\springframework\spring-jcl\5.0.5.RELEASE\spring-jcl-5.0.5.RELEASE.jar;E:\1704A\repository\org\springframework\spring-jdbc\5.0.5.RELEASE\spring-jdbc-5.0.5.RELEASE.jar;E:\1704A\repository\org\springframework\spring-tx\5.0.5.RELEASE\spring-tx-5.0.5.RELEASE.jar;E:\1704A\repository\org\springframework\boot\spring-boot-starter-data-jpa\2.0.1.RELEASE\spring-boot-starter-data-jpa-2.0.1.RELEASE.jar;E:\1704A\repository\org\springframework\boot\spring-boot-starter-aop\2.0.1.RELEASE\spring-boot-starter-aop-2.0.1.RELEASE.jar;E:\1704A\repository\org\aspectj\aspectjweaver\1.8.13\aspectjweaver-1.8.13.jar;E:\1704A\repository\javax\transaction\javax.transaction-api\1.2\javax.transaction-api-1.2.jar;E:\1704A\repository\org\springframework\data\spring-data-jpa\2.0.6.RELEASE\spring-data-jpa-2.0.6.RELEASE.jar;E:\1704A\repository\org\springframework\spring-aspects\5.0.5.RELEASE\spring-aspects-5.0.5.RELEASE.jar;E:\1704A\repository\com\squareup\okhttp3\okhttp\3.9.1\okhttp-3.9.1.jar;E:\1704A\repository\com\squareup\okio\okio\1.13.0\okio-1.13.0.jar;E:\1704A\repository\com\alibaba\fastjson\1.2.30\fastjson-1.2.30.jar;E:\1704A\repository\commons-io\commons-io\2.6\commons-io-2.6.jar;E:\1704A\repository\org\apache\commons\commons-lang3\3.6\commons-lang3-3.6.jar;E:\1704A\repository\org\springframework\boot\spring-boot-starter-test\2.0.1.RELEASE\spring-boot-starter-test-2.0.1.RELEASE.jar;E:\1704A\repository\org\springframework\boot\spring-boot-test\2.0.1.RELEASE\spring-boot-test-2.0.1.RELEASE.jar;E:\1704A\repository\org\springframework\boot\spring-boot-test-autoconfigure\2.0.1.RELEASE\spring-boot-test-autoconfigure-2.0.1.RELEASE.jar;E:\1704A\repository\com\jayway\jsonpath\json-path\2.4.0\json-path-2.4.0.jar;E:\1704A\repository\net\minidev\json-smart\2.3\json-smart-2.3.jar;E:\1704A\repository\net\minidev\accessors-smart\1.2\accessors-smart-1.2.jar;E:\1704A\repository\org\ow2\asm\asm\5.0.4\asm-5.0.4.jar;E:\1704A\repository\junit\junit\4.12\junit-4.12.jar;E:\1704A\repository\org\assertj\assertj-core\3.9.1\assertj-core-3.9.1.jar;E:\1704A\repository\org\mockito\mockito-core\2.15.0\mockito-core-2.15.0.jar;E:\1704A\repository\net\bytebuddy\byte-buddy\1.7.11\byte-buddy-1.7.11.jar;E:\1704A\repository\net\bytebuddy\byte-buddy-agent\1.7.11\byte-buddy-agent-1.7.11.jar;E:\1704A\repository\org\objenesis\objenesis\2.6\objenesis-2.6.jar;E:\1704A\repository\org\hamcrest\hamcrest-core\1.3\hamcrest-core-1.3.jar;E:\1704A\repository\org\hamcrest\hamcrest-library\1.3\hamcrest-library-1.3.jar;E:\1704A\repository\org\skyscreamer\jsonassert\1.5.0\jsonassert-1.5.0.jar;E:\1704A\repository\com\vaadin\external\google\android-json\0.0.20131108.vaadin1\android-json-0.0.20131108.vaadin1.jar;E:\1704A\repository\org\springframework\spring-test\5.0.5.RELEASE\spring-test-5.0.5.RELEASE.jar;E:\1704A\repository\org\xmlunit\xmlunit-core\2.5.1\xmlunit-core-2.5.1.jar;E:\1704A\repository\org\springframework\cloud\spring-cloud-starter-netflix-eureka-client\2.0.1.RELEASE\spring-cloud-starter-netflix-eureka-client-2.0.1.RELEASE.jar;E:\1704A\repository\org\springframework\cloud\spring-cloud-starter\2.0.1.RELEASE\spring-cloud-starter-2.0.1.RELEASE.jar;E:\1704A\repository\org\springframework\cloud\spring-cloud-context\2.0.1.RELEASE\spring-cloud-context-2.0.1.RELEASE.jar;E:\1704A\repository\org\springframework\security\spring-security-rsa\1.0.5.RELEASE\spring-security-rsa-1.0.5.RELEASE.jar;E:\1704A\repository\org\springframework\cloud\spring-cloud-netflix-core\2.0.1.RELEASE\spring-cloud-netflix-core-2.0.1.RELEASE.jar;E:\1704A\repository\org\springframework\cloud\spring-cloud-netflix-eureka-client\2.0.1.RELEASE\spring-cloud-netflix-eureka-client-2.0.1.RELEASE.jar;E:\1704A\repository\com\netflix\eureka\eureka-client\1.9.3\eureka-client-1.9.3.jar;E:\1704A\repository\org\codehaus\jettison\jettison\1.3.7\jettison-1.3.7.jar;E:\1704A\repository\stax\stax-api\1.0.1\stax-api-1.0.1.jar;E:\1704A\repository\com\netflix\netflix-commons\netflix-eventbus\0.3.0\netflix-eventbus-0.3.0.jar;E:\1704A\repository\com\netflix\netflix-commons\netflix-infix\0.3.0\netflix-infix-0.3.0.jar;E:\1704A\repository\commons-jxpath\commons-jxpath\1.3\commons-jxpath-1.3.jar;E:\1704A\repository\joda-time\joda-time\2.9.9\joda-time-2.9.9.jar;E:\1704A\repository\org\antlr\antlr-runtime\3.4\antlr-runtime-3.4.jar;E:\1704A\repository\org\antlr\stringtemplate\3.2.1\stringtemplate-3.2.1.jar;E:\1704A\repository\com\google\code\gson\gson\2.8.2\gson-2.8.2.jar;E:\1704A\repository\org\apache\commons\commons-math\2.2\commons-math-2.2.jar;E:\1704A\repository\com\netflix\archaius\archaius-core\0.7.6\archaius-core-0.7.6.jar;E:\1704A\repository\javax\ws\rs\jsr311-api\1.1.1\jsr311-api-1.1.1.jar;E:\1704A\repository\com\netflix\servo\servo-core\0.12.21\servo-core-0.12.21.jar;E:\1704A\repository\com\sun\jersey\jersey-core\1.19.1\jersey-core-1.19.1.jar;E:\1704A\repository\com\sun\jersey\jersey-client\1.19.1\jersey-client-1.19.1.jar;E:\1704A\repository\com\sun\jersey\contribs\jersey-apache-client4\1.19.1\jersey-apache-client4-1.19.1.jar;E:\1704A\repository\com\google\inject\guice\4.1.0\guice-4.1.0.jar;E:\1704A\repository\javax\inject\javax.inject\1\javax.inject-1.jar;E:\1704A\repository\aopalliance\aopalliance\1.0\aopalliance-1.0.jar;E:\1704A\repository\com\github\vlsi\compactmap\compactmap\1.2.1\compactmap-1.2.1.jar;E:\1704A\repository\com\github\andrewoma\dexx\dexx-collections\0.2\dexx-collections-0.2.jar;E:\1704A\repository\com\fasterxml\jackson\core\jackson-core\2.9.5\jackson-core-2.9.5.jar;E:\1704A\repository\com\netflix\eureka\eureka-core\1.9.3\eureka-core-1.9.3.jar;E:\1704A\repository\org\codehaus\woodstox\woodstox-core-asl\4.4.1\woodstox-core-asl-4.4.1.jar;E:\1704A\repository\javax\xml\stream\stax-api\1.0-2\stax-api-1.0-2.jar;E:\1704A\repository\org\codehaus\woodstox\stax2-api\3.1.4\stax2-api-3.1.4.jar;E:\1704A\repository\org\springframework\cloud\spring-cloud-starter-netflix-archaius\2.0.1.RELEASE\spring-cloud-starter-netflix-archaius-2.0.1.RELEASE.jar;E:\1704A\repository\org\springframework\cloud\spring-cloud-netflix-ribbon\2.0.1.RELEASE\spring-cloud-netflix-ribbon-2.0.1.RELEASE.jar;E:\1704A\repository\org\springframework\cloud\spring-cloud-netflix-archaius\2.0.1.RELEASE\spring-cloud-netflix-archaius-2.0.1.RELEASE.jar;E:\1704A\repository\commons-configuration\commons-configuration\1.8\commons-configuration-1.8.jar;E:\1704A\repository\commons-lang\commons-lang\2.6\commons-lang-2.6.jar;E:\1704A\repository\org\springframework\cloud\spring-cloud-starter-netflix-ribbon\2.0.1.RELEASE\spring-cloud-starter-netflix-ribbon-2.0.1.RELEASE.jar;E:\1704A\repository\com\netflix\ribbon\ribbon\2.2.5\ribbon-2.2.5.jar;E:\1704A\repository\com\netflix\ribbon\ribbon-transport\2.2.5\ribbon-transport-2.2.5.jar;E:\1704A\repository\io\reactivex\rxnetty-contexts\0.4.9\rxnetty-contexts-0.4.9.jar;E:\1704A\repository\io\reactivex\rxnetty-servo\0.4.9\rxnetty-servo-0.4.9.jar;E:\1704A\repository\io\reactivex\rxnetty\0.4.9\rxnetty-0.4.9.jar;E:\1704A\repository\io\netty\netty-codec-http\4.1.23.Final\netty-codec-http-4.1.23.Final.jar;E:\1704A\repository\io\netty\netty-codec\4.1.23.Final\netty-codec-4.1.23.Final.jar;E:\1704A\repository\io\netty\netty-transport-native-epoll\4.1.23.Final\netty-transport-native-epoll-4.1.23.Final.jar;E:\1704A\repository\io\netty\netty-common\4.1.23.Final\netty-common-4.1.23.Final.jar;E:\1704A\repository\io\netty\netty-buffer\4.1.23.Final\netty-buffer-4.1.23.Final.jar;E:\1704A\repository\io\netty\netty-transport-native-unix-common\4.1.23.Final\netty-transport-native-unix-common-4.1.23.Final.jar;E:\1704A\repository\io\netty\netty-transport\4.1.23.Final\netty-transport-4.1.23.Final.jar;E:\1704A\repository\io\netty\netty-resolver\4.1.23.Final\netty-resolver-4.1.23.Final.jar;E:\1704A\repository\com\netflix\ribbon\ribbon-core\2.2.5\ribbon-core-2.2.5.jar;E:\1704A\repository\com\netflix\ribbon\ribbon-httpclient\2.2.5\ribbon-httpclient-2.2.5.jar;E:\1704A\repository\commons-collections\commons-collections\3.2.2\commons-collections-3.2.2.jar;E:\1704A\repository\com\netflix\netflix-commons\netflix-commons-util\0.3.0\netflix-commons-util-0.3.0.jar;E:\1704A\repository\com\netflix\ribbon\ribbon-loadbalancer\2.2.5\ribbon-loadbalancer-2.2.5.jar;E:\1704A\repository\com\netflix\netflix-commons\netflix-statistics\0.1.1\netflix-statistics-0.1.1.jar;E:\1704A\repository\io\reactivex\rxjava\1.3.8\rxjava-1.3.8.jar;E:\1704A\repository\com\netflix\ribbon\ribbon-eureka\2.2.5\ribbon-eureka-2.2.5.jar;E:\1704A\repository\com\thoughtworks\xstream\xstream\1.4.10\xstream-1.4.10.jar;E:\1704A\repository\xmlpull\xmlpull\1.1.3.1\xmlpull-1.1.3.1.jar;E:\1704A\repository\xpp3\xpp3_min\1.1.4c\xpp3_min-1.1.4c.jar;E:\1704A\repository\org\springframework\cloud\spring-cloud-starter-openfeign\2.0.1.RELEASE\spring-cloud-starter-openfeign-2.0.1.RELEASE.jar;E:\1704A\repository\org\springframework\cloud\spring-cloud-openfeign-core\2.0.1.RELEASE\spring-cloud-openfeign-core-2.0.1.RELEASE.jar;E:\1704A\repository\org\springframework\cloud\spring-cloud-commons\2.0.1.RELEASE\spring-cloud-commons-2.0.1.RELEASE.jar;E:\1704A\repository\io\github\openfeign\feign-core\9.5.1\feign-core-9.5.1.jar;E:\1704A\repository\io\github\openfeign\feign-slf4j\9.5.1\feign-slf4j-9.5.1.jar;E:\1704A\repository\io\github\openfeign\feign-hystrix\9.5.1\feign-hystrix-9.5.1.jar;E:\1704A\repository\com\netflix\hystrix\hystrix-core\1.5.12\hystrix-core-1.5.12.jar;E:\1704A\repository\org\hdrhistogram\HdrHistogram\2.1.9\HdrHistogram-2.1.9.jar;E:\1704A\repository\io\github\openfeign\feign-java8\9.5.1\feign-java8-9.5.1.jar;E:\1704A\repository\com\netflix\feign\feign-okhttp\8.18.0\feign-okhttp-8.18.0.jar;E:\1704A\repository\com\netflix\feign\feign-core\8.18.0\feign-core-8.18.0.jar;E:\1704A\repository\org\jvnet\animal-sniffer-annotation\1.0\animal-sniffer-annotation-1.0.jar;, java.specification.name=Java Platform API Specification, java.class.version=52.0, sun.management.compiler=HotSpot 64-Bit Tiered Compilers, maven.repo.local=E:\1704A\repository, os.version=10.0, user.home=C:\Users\wangb, user.timezone=Asia/Shanghai, java.awt.printerjob=sun.awt.windows.WPrinterJob, file.encoding=GBK, java.specification.version=1.8, java.class.path=E:\1704A\hdServiceCode\nm-service-manage-course\target\test-classes;E:\1704A\hdServiceCode\nm-service-manage-course\target\classes;E:\1704A\repository\org\springframework\cloud\spring-cloud-starter-oauth2\2.0.0.RELEASE\spring-cloud-starter-oauth2-2.0.0.RELEASE.jar;E:\1704A\repository\org\springframework\cloud\spring-cloud-starter-security\2.0.0.RELEASE\spring-cloud-starter-security-2.0.0.RELEASE.jar;E:\1704A\repository\org\springframework\boot\spring-boot-starter-actuator\2.0.1.RELEASE\spring-boot-starter-actuator-2.0.1.RELEASE.jar;E:\1704A\repository\org\springframework\boot\spring-boot-actuator-autoconfigure\2.0.1.RELEASE\spring-boot-actuator-autoconfigure-2.0.1.RELEASE.jar;E:\1704A\repository\org\springframework\boot\spring-boot-actuator\2.0.1.RELEASE\spring-boot-actuator-2.0.1.RELEASE.jar;E:\1704A\repository\io\micrometer\micrometer-core\1.0.3\micrometer-core-1.0.3.jar;E:\1704A\repository\org\latencyutils\LatencyUtils\2.0.3\LatencyUtils-2.0.3.jar;E:\1704A\repository\org\springframework\cloud\spring-cloud-security\2.0.0.RELEASE\spring-cloud-security-2.0.0.RELEASE.jar;E:\1704A\repository\org\springframework\boot\spring-boot-starter-security\2.0.1.RELEASE\spring-boot-starter-security-2.0.1.RELEASE.jar;E:\1704A\repository\org\springframework\security\oauth\boot\spring-security-oauth2-autoconfigure\2.0.0.RELEASE\spring-security-oauth2-autoconfigure-2.0.0.RELEASE.jar;E:\1704A\repository\com\fasterxml\jackson\core\jackson-annotations\2.9.0\jackson-annotations-2.9.0.jar;E:\1704A\repository\com\fasterxml\jackson\core\jackson-databind\2.9.5\jackson-databind-2.9.5.jar;E:\1704A\repository\org\springframework\boot\spring-boot\2.0.1.RELEASE\spring-boot-2.0.1.RELEASE.jar;E:\1704A\repository\org\springframework\security\oauth\spring-security-oauth2\2.2.1.RELEASE\spring-security-oauth2-2.2.1.RELEASE.jar;E:\1704A\repository\org\springframework\security\spring-security-core\5.0.4.RELEASE\spring-security-core-5.0.4.RELEASE.jar;E:\1704A\repository\org\springframework\security\spring-security-config\5.0.4.RELEASE\spring-security-config-5.0.4.RELEASE.jar;E:\1704A\repository\org\springframework\security\spring-security-web\5.0.4.RELEASE\spring-security-web-5.0.4.RELEASE.jar;E:\1704A\repository\org\codehaus\jackson\jackson-mapper-asl\1.9.13\jackson-mapper-asl-1.9.13.jar;E:\1704A\repository\org\codehaus\jackson\jackson-core-asl\1.9.13\jackson-core-asl-1.9.13.jar;E:\1704A\repository\com\github\pagehelper\pagehelper-spring-boot-starter\1.2.4\pagehelper-spring-boot-starter-1.2.4.jar;E:\1704A\repository\org\springframework\boot\spring-boot-starter\2.0.1.RELEASE\spring-boot-starter-2.0.1.RELEASE.jar;E:\1704A\repository\javax\annotation\javax.annotation-api\1.3.2\javax.annotation-api-1.3.2.jar;E:\1704A\repository\org\yaml\snakeyaml\1.19\snakeyaml-1.19.jar;E:\1704A\repository\com\github\pagehelper\pagehelper-spring-boot-autoconfigure\1.2.4\pagehelper-spring-boot-autoconfigure-1.2.4.jar;E:\1704A\repository\com\github\pagehelper\pagehelper\5.1.3\pagehelper-5.1.3.jar;E:\1704A\repository\com\github\jsqlparser\jsqlparser\1.0\jsqlparser-1.0.jar;E:\1704A\hdServiceCode\nm-service-api\target\nm-service-api.jar;E:\1704A\repository\commons-fileupload\commons-fileupload\1.3.3\commons-fileupload-1.3.3.jar;E:\1704A\repository\io\springfox\springfox-swagger2\2.7.0\springfox-swagger2-2.7.0.jar;E:\1704A\repository\io\swagger\swagger-annotations\1.5.13\swagger-annotations-1.5.13.jar;E:\1704A\repository\io\swagger\swagger-models\1.5.13\swagger-models-1.5.13.jar;E:\1704A\repository\io\springfox\springfox-spi\2.7.0\springfox-spi-2.7.0.jar;E:\1704A\repository\io\springfox\springfox-core\2.7.0\springfox-core-2.7.0.jar;E:\1704A\repository\io\springfox\springfox-schema\2.7.0\springfox-schema-2.7.0.jar;E:\1704A\repository\io\springfox\springfox-swagger-common\2.7.0\springfox-swagger-common-2.7.0.jar;E:\1704A\repository\io\springfox\springfox-spring-web\2.7.0\springfox-spring-web-2.7.0.jar;E:\1704A\repository\org\reflections\reflections\0.9.11\reflections-0.9.11.jar;E:\1704A\repository\com\fasterxml\classmate\1.3.4\classmate-1.3.4.jar;E:\1704A\repository\org\springframework\plugin\spring-plugin-core\1.2.0.RELEASE\spring-plugin-core-1.2.0.RELEASE.jar;E:\1704A\repository\org\springframework\plugin\spring-plugin-metadata\1.2.0.RELEASE\spring-plugin-metadata-1.2.0.RELEASE.jar;E:\1704A\repository\org\mapstruct\mapstruct\1.1.0.Final\mapstruct-1.1.0.Final.jar;E:\1704A\repository\io\springfox\springfox-swagger-ui\2.7.0\springfox-swagger-ui-2.7.0.jar;E:\1704A\hdServiceCode\nm-framework-model\target\nm-framework-model.jar;E:\1704A\repository\org\projectlombok\lombok\1.16.16\lombok-1.16.16.jar;E:\1704A\repository\org\springframework\data\spring-data-commons\2.0.6.RELEASE\spring-data-commons-2.0.6.RELEASE.jar;E:\1704A\repository\org\springframework\data\spring-data-mongodb\2.0.6.RELEASE\spring-data-mongodb-2.0.6.RELEASE.jar;E:\1704A\repository\org\springframework\spring-context\5.0.5.RELEASE\spring-context-5.0.5.RELEASE.jar;E:\1704A\repository\org\springframework\spring-expression\5.0.5.RELEASE\spring-expression-5.0.5.RELEASE.jar;E:\1704A\repository\org\mongodb\mongo-java-driver\3.6.3\mongo-java-driver-3.6.3.jar;E:\1704A\repository\org\hibernate\hibernate-core\5.2.16.Final\hibernate-core-5.2.16.Final.jar;E:\1704A\repository\org\jboss\logging\jboss-logging\3.3.2.Final\jboss-logging-3.3.2.Final.jar;E:\1704A\repository\org\hibernate\javax\persistence\hibernate-jpa-2.1-api\1.0.0.Final\hibernate-jpa-2.1-api-1.0.0.Final.jar;E:\1704A\repository\org\javassist\javassist\3.22.0-GA\javassist-3.22.0-GA.jar;E:\1704A\repository\antlr\antlr\2.7.7\antlr-2.7.7.jar;E:\1704A\repository\org\jboss\spec\javax\transaction\jboss-transaction-api_1.2_spec\1.0.1.Final\jboss-transaction-api_1.2_spec-1.0.1.Final.jar;E:\1704A\repository\org\jboss\jandex\2.0.3.Final\jandex-2.0.3.Final.jar;E:\1704A\repository\dom4j\dom4j\1.6.1\dom4j-1.6.1.jar;E:\1704A\repository\org\hibernate\common\hibernate-commons-annotations\5.0.1.Final\hibernate-commons-annotations-5.0.1.Final.jar;E:\1704A\repository\com\google\guava\guava\24.0-jre\guava-24.0-jre.jar;E:\1704A\repository\com\google\code\findbugs\jsr305\1.3.9\jsr305-1.3.9.jar;E:\1704A\repository\org\checkerframework\checker-compat-qual\2.0.0\checker-compat-qual-2.0.0.jar;E:\1704A\repository\com\google\errorprone\error_prone_annotations\2.1.3\error_prone_annotations-2.1.3.jar;E:\1704A\repository\com\google\j2objc\j2objc-annotations\1.1\j2objc-annotations-1.1.jar;E:\1704A\repository\org\codehaus\mojo\animal-sniffer-annotations\1.14\animal-sniffer-annotations-1.14.jar;E:\1704A\hdServiceCode\nm-framework-utils\target\nm-framework-utils.jar;E:\1704A\repository\javax\servlet\javax.servlet-api\3.1.0\javax.servlet-api-3.1.0.jar;E:\1704A\repository\org\springframework\boot\spring-boot-starter-logging\2.0.1.RELEASE\spring-boot-starter-logging-2.0.1.RELEASE.jar;E:\1704A\repository\ch\qos\logback\logback-classic\1.2.3\logback-classic-1.2.3.jar;E:\1704A\repository\ch\qos\logback\logback-core\1.2.3\logback-core-1.2.3.jar;E:\1704A\repository\org\apache\logging\log4j\log4j-to-slf4j\2.10.0\log4j-to-slf4j-2.10.0.jar;E:\1704A\repository\org\apache\logging\log4j\log4j-api\2.10.0\log4j-api-2.10.0.jar;E:\1704A\repository\org\slf4j\jul-to-slf4j\1.7.25\jul-to-slf4j-1.7.25.jar;E:\1704A\repository\org\apache\httpcomponents\httpclient\4.5.5\httpclient-4.5.5.jar;E:\1704A\repository\org\apache\httpcomponents\httpcore\4.4.9\httpcore-4.4.9.jar;E:\1704A\repository\commons-codec\commons-codec\1.10\commons-codec-1.10.jar;E:\1704A\repository\net\lingala\zip4j\zip4j\1.3.1\zip4j-1.3.1.jar;E:\1704A\repository\org\springframework\security\spring-security-crypto\5.0.4.RELEASE\spring-security-crypto-5.0.4.RELEASE.jar;E:\1704A\repository\org\springframework\security\spring-security-jwt\1.0.8.RELEASE\spring-security-jwt-1.0.8.RELEASE.jar;E:\1704A\repository\org\bouncycastle\bcpkix-jdk15on\1.56\bcpkix-jdk15on-1.56.jar;E:\1704A\repository\org\bouncycastle\bcprov-jdk15on\1.56\bcprov-jdk15on-1.56.jar;E:\1704A\hdServiceCode\nm-framework-common\target\nm-framework-common.jar;E:\1704A\repository\org\springframework\spring-web\5.0.5.RELEASE\spring-web-5.0.5.RELEASE.jar;E:\1704A\repository\org\springframework\boot\spring-boot-starter-web\2.0.1.RELEASE\spring-boot-starter-web-2.0.1.RELEASE.jar;E:\1704A\repository\org\springframework\boot\spring-boot-starter-json\2.0.1.RELEASE\spring-boot-starter-json-2.0.1.RELEASE.jar;E:\1704A\repository\com\fasterxml\jackson\datatype\jackson-datatype-jdk8\2.9.5\jackson-datatype-jdk8-2.9.5.jar;E:\1704A\repository\com\fasterxml\jackson\datatype\jackson-datatype-jsr310\2.9.5\jackson-datatype-jsr310-2.9.5.jar;E:\1704A\repository\com\fasterxml\jackson\module\jackson-module-parameter-names\2.9.5\jackson-module-parameter-names-2.9.5.jar;E:\1704A\repository\org\springframework\boot\spring-boot-starter-tomcat\2.0.1.RELEASE\spring-boot-starter-tomcat-2.0.1.RELEASE.jar;E:\1704A\repository\org\apache\tomcat\embed\tomcat-embed-core\8.5.28\tomcat-embed-core-8.5.28.jar;E:\1704A\repository\org\apache\tomcat\embed\tomcat-embed-el\8.5.28\tomcat-embed-el-8.5.28.jar;E:\1704A\repository\org\apache\tomcat\embed\tomcat-embed-websocket\8.5.28\tomcat-embed-websocket-8.5.28.jar;E:\1704A\repository\org\hibernate\validator\hibernate-validator\6.0.9.Final\hibernate-validator-6.0.9.Final.jar;E:\1704A\repository\javax\validation\validation-api\2.0.1.Final\validation-api-2.0.1.Final.jar;E:\1704A\repository\org\springframework\spring-webmvc\5.0.5.RELEASE\spring-webmvc-5.0.5.RELEASE.jar;E:\1704A\repository\org\springframework\spring-aop\5.0.5.RELEASE\spring-aop-5.0.5.RELEASE.jar;E:\1704A\repository\mysql\mysql-connector-java\5.1.40\mysql-connector-java-5.1.40.jar;E:\1704A\repository\com\alibaba\druid-spring-boot-starter\1.1.10\druid-spring-boot-starter-1.1.10.jar;E:\1704A\repository\com\alibaba\druid\1.1.6\druid-1.1.6.jar;E:\1704A\repository\org\slf4j\slf4j-api\1.7.25\slf4j-api-1.7.25.jar;E:\1704A\repository\org\springframework\boot\spring-boot-autoconfigure\2.0.1.RELEASE\spring-boot-autoconfigure-2.0.1.RELEASE.jar;E:\1704A\repository\org\mybatis\spring\boot\mybatis-spring-boot-starter\1.3.1\mybatis-spring-boot-starter-1.3.1.jar;E:\1704A\repository\org\springframework\boot\spring-boot-starter-jdbc\2.0.1.RELEASE\spring-boot-starter-jdbc-2.0.1.RELEASE.jar;E:\1704A\repository\com\zaxxer\HikariCP\2.7.8\HikariCP-2.7.8.jar;E:\1704A\repository\org\mybatis\spring\boot\mybatis-spring-boot-autoconfigure\1.3.1\mybatis-spring-boot-autoconfigure-1.3.1.jar;E:\1704A\repository\org\mybatis\mybatis\3.4.5\mybatis-3.4.5.jar;E:\1704A\repository\org\mybatis\mybatis-spring\1.3.1\mybatis-spring-1.3.1.jar;E:\1704A\repository\org\springframework\spring-orm\5.0.5.RELEASE\spring-orm-5.0.5.RELEASE.jar;E:\1704A\repository\org\springframework\spring-beans\5.0.5.RELEASE\spring-beans-5.0.5.RELEASE.jar;E:\1704A\repository\org\springframework\spring-core\5.0.5.RELEASE\spring-core-5.0.5.RELEASE.jar;E:\1704A\repository\org\springframework\spring-jcl\5.0.5.RELEASE\spring-jcl-5.0.5.RELEASE.jar;E:\1704A\repository\org\springframework\spring-jdbc\5.0.5.RELEASE\spring-jdbc-5.0.5.RELEASE.jar;E:\1704A\repository\org\springframework\spring-tx\5.0.5.RELEASE\spring-tx-5.0.5.RELEASE.jar;E:\1704A\repository\org\springframework\boot\spring-boot-starter-data-jpa\2.0.1.RELEASE\spring-boot-starter-data-jpa-2.0.1.RELEASE.jar;E:\1704A\repository\org\springframework\boot\spring-boot-starter-aop\2.0.1.RELEASE\spring-boot-starter-aop-2.0.1.RELEASE.jar;E:\1704A\repository\org\aspectj\aspectjweaver\1.8.13\aspectjweaver-1.8.13.jar;E:\1704A\repository\javax\transaction\javax.transaction-api\1.2\javax.transaction-api-1.2.jar;E:\1704A\repository\org\springframework\data\spring-data-jpa\2.0.6.RELEASE\spring-data-jpa-2.0.6.RELEASE.jar;E:\1704A\repository\org\springframework\spring-aspects\5.0.5.RELEASE\spring-aspects-5.0.5.RELEASE.jar;E:\1704A\repository\com\squareup\okhttp3\okhttp\3.9.1\okhttp-3.9.1.jar;E:\1704A\repository\com\squareup\okio\okio\1.13.0\okio-1.13.0.jar;E:\1704A\repository\com\alibaba\fastjson\1.2.30\fastjson-1.2.30.jar;E:\1704A\repository\commons-io\commons-io\2.6\commons-io-2.6.jar;E:\1704A\repository\org\apache\commons\commons-lang3\3.6\commons-lang3-3.6.jar;E:\1704A\repository\org\springframework\boot\spring-boot-starter-test\2.0.1.RELEASE\spring-boot-starter-test-2.0.1.RELEASE.jar;E:\1704A\repository\org\springframework\boot\spring-boot-test\2.0.1.RELEASE\spring-boot-test-2.0.1.RELEASE.jar;E:\1704A\repository\org\springframework\boot\spring-boot-test-autoconfigure\2.0.1.RELEASE\spring-boot-test-autoconfigure-2.0.1.RELEASE.jar;E:\1704A\repository\com\jayway\jsonpath\json-path\2.4.0\json-path-2.4.0.jar;E:\1704A\repository\net\minidev\json-smart\2.3\json-smart-2.3.jar;E:\1704A\repository\net\minidev\accessors-smart\1.2\accessors-smart-1.2.jar;E:\1704A\repository\org\ow2\asm\asm\5.0.4\asm-5.0.4.jar;E:\1704A\repository\junit\junit\4.12\junit-4.12.jar;E:\1704A\repository\org\assertj\assertj-core\3.9.1\assertj-core-3.9.1.jar;E:\1704A\repository\org\mockito\mockito-core\2.15.0\mockito-core-2.15.0.jar;E:\1704A\repository\net\bytebuddy\byte-buddy\1.7.11\byte-buddy-1.7.11.jar;E:\1704A\repository\net\bytebuddy\byte-buddy-agent\1.7.11\byte-buddy-agent-1.7.11.jar;E:\1704A\repository\org\objenesis\objenesis\2.6\objenesis-2.6.jar;E:\1704A\repository\org\hamcrest\hamcrest-core\1.3\hamcrest-core-1.3.jar;E:\1704A\repository\org\hamcrest\hamcrest-library\1.3\hamcrest-library-1.3.jar;E:\1704A\repository\org\skyscreamer\jsonassert\1.5.0\jsonassert-1.5.0.jar;E:\1704A\repository\com\vaadin\external\google\android-json\0.0.20131108.vaadin1\android-json-0.0.20131108.vaadin1.jar;E:\1704A\repository\org\springframework\spring-test\5.0.5.RELEASE\spring-test-5.0.5.RELEASE.jar;E:\1704A\repository\org\xmlunit\xmlunit-core\2.5.1\xmlunit-core-2.5.1.jar;E:\1704A\repository\org\springframework\cloud\spring-cloud-starter-netflix-eureka-client\2.0.1.RELEASE\spring-cloud-starter-netflix-eureka-client-2.0.1.RELEASE.jar;E:\1704A\repository\org\springframework\cloud\spring-cloud-starter\2.0.1.RELEASE\spring-cloud-starter-2.0.1.RELEASE.jar;E:\1704A\repository\org\springframework\cloud\spring-cloud-context\2.0.1.RELEASE\spring-cloud-context-2.0.1.RELEASE.jar;E:\1704A\repository\org\springframework\security\spring-security-rsa\1.0.5.RELEASE\spring-security-rsa-1.0.5.RELEASE.jar;E:\1704A\repository\org\springframework\cloud\spring-cloud-netflix-core\2.0.1.RELEASE\spring-cloud-netflix-core-2.0.1.RELEASE.jar;E:\1704A\repository\org\springframework\cloud\spring-cloud-netflix-eureka-client\2.0.1.RELEASE\spring-cloud-netflix-eureka-client-2.0.1.RELEASE.jar;E:\1704A\repository\com\netflix\eureka\eureka-client\1.9.3\eureka-client-1.9.3.jar;E:\1704A\repository\org\codehaus\jettison\jettison\1.3.7\jettison-1.3.7.jar;E:\1704A\repository\stax\stax-api\1.0.1\stax-api-1.0.1.jar;E:\1704A\repository\com\netflix\netflix-commons\netflix-eventbus\0.3.0\netflix-eventbus-0.3.0.jar;E:\1704A\repository\com\netflix\netflix-commons\netflix-infix\0.3.0\netflix-infix-0.3.0.jar;E:\1704A\repository\commons-jxpath\commons-jxpath\1.3\commons-jxpath-1.3.jar;E:\1704A\repository\joda-time\joda-time\2.9.9\joda-time-2.9.9.jar;E:\1704A\repository\org\antlr\antlr-runtime\3.4\antlr-runtime-3.4.jar;E:\1704A\repository\org\antlr\stringtemplate\3.2.1\stringtemplate-3.2.1.jar;E:\1704A\repository\com\google\code\gson\gson\2.8.2\gson-2.8.2.jar;E:\1704A\repository\org\apache\commons\commons-math\2.2\commons-math-2.2.jar;E:\1704A\repository\com\netflix\archaius\archaius-core\0.7.6\archaius-core-0.7.6.jar;E:\1704A\repository\javax\ws\rs\jsr311-api\1.1.1\jsr311-api-1.1.1.jar;E:\1704A\repository\com\netflix\servo\servo-core\0.12.21\servo-core-0.12.21.jar;E:\1704A\repository\com\sun\jersey\jersey-core\1.19.1\jersey-core-1.19.1.jar;E:\1704A\repository\com\sun\jersey\jersey-client\1.19.1\jersey-client-1.19.1.jar;E:\1704A\repository\com\sun\jersey\contribs\jersey-apache-client4\1.19.1\jersey-apache-client4-1.19.1.jar;E:\1704A\repository\com\google\inject\guice\4.1.0\guice-4.1.0.jar;E:\1704A\repository\javax\inject\javax.inject\1\javax.inject-1.jar;E:\1704A\repository\aopalliance\aopalliance\1.0\aopalliance-1.0.jar;E:\1704A\repository\com\github\vlsi\compactmap\compactmap\1.2.1\compactmap-1.2.1.jar;E:\1704A\repository\com\github\andrewoma\dexx\dexx-collections\0.2\dexx-collections-0.2.jar;E:\1704A\repository\com\fasterxml\jackson\core\jackson-core\2.9.5\jackson-core-2.9.5.jar;E:\1704A\repository\com\netflix\eureka\eureka-core\1.9.3\eureka-core-1.9.3.jar;E:\1704A\repository\org\codehaus\woodstox\woodstox-core-asl\4.4.1\woodstox-core-asl-4.4.1.jar;E:\1704A\repository\javax\xml\stream\stax-api\1.0-2\stax-api-1.0-2.jar;E:\1704A\repository\org\codehaus\woodstox\stax2-api\3.1.4\stax2-api-3.1.4.jar;E:\1704A\repository\org\springframework\cloud\spring-cloud-starter-netflix-archaius\2.0.1.RELEASE\spring-cloud-starter-netflix-archaius-2.0.1.RELEASE.jar;E:\1704A\repository\org\springframework\cloud\spring-cloud-netflix-ribbon\2.0.1.RELEASE\spring-cloud-netflix-ribbon-2.0.1.RELEASE.jar;E:\1704A\repository\org\springframework\cloud\spring-cloud-netflix-archaius\2.0.1.RELEASE\spring-cloud-netflix-archaius-2.0.1.RELEASE.jar;E:\1704A\repository\commons-configuration\commons-configuration\1.8\commons-configuration-1.8.jar;E:\1704A\repository\commons-lang\commons-lang\2.6\commons-lang-2.6.jar;E:\1704A\repository\org\springframework\cloud\spring-cloud-starter-netflix-ribbon\2.0.1.RELEASE\spring-cloud-starter-netflix-ribbon-2.0.1.RELEASE.jar;E:\1704A\repository\com\netflix\ribbon\ribbon\2.2.5\ribbon-2.2.5.jar;E:\1704A\repository\com\netflix\ribbon\ribbon-transport\2.2.5\ribbon-transport-2.2.5.jar;E:\1704A\repository\io\reactivex\rxnetty-contexts\0.4.9\rxnetty-contexts-0.4.9.jar;E:\1704A\repository\io\reactivex\rxnetty-servo\0.4.9\rxnetty-servo-0.4.9.jar;E:\1704A\repository\io\reactivex\rxnetty\0.4.9\rxnetty-0.4.9.jar;E:\1704A\repository\io\netty\netty-codec-http\4.1.23.Final\netty-codec-http-4.1.23.Final.jar;E:\1704A\repository\io\netty\netty-codec\4.1.23.Final\netty-codec-4.1.23.Final.jar;E:\1704A\repository\io\netty\netty-transport-native-epoll\4.1.23.Final\netty-transport-native-epoll-4.1.23.Final.jar;E:\1704A\repository\io\netty\netty-common\4.1.23.Final\netty-common-4.1.23.Final.jar;E:\1704A\repository\io\netty\netty-buffer\4.1.23.Final\netty-buffer-4.1.23.Final.jar;E:\1704A\repository\io\netty\netty-transport-native-unix-common\4.1.23.Final\netty-transport-native-unix-common-4.1.23.Final.jar;E:\1704A\repository\io\netty\netty-transport\4.1.23.Final\netty-transport-4.1.23.Final.jar;E:\1704A\repository\io\netty\netty-resolver\4.1.23.Final\netty-resolver-4.1.23.Final.jar;E:\1704A\repository\com\netflix\ribbon\ribbon-core\2.2.5\ribbon-core-2.2.5.jar;E:\1704A\repository\com\netflix\ribbon\ribbon-httpclient\2.2.5\ribbon-httpclient-2.2.5.jar;E:\1704A\repository\commons-collections\commons-collections\3.2.2\commons-collections-3.2.2.jar;E:\1704A\repository\com\netflix\netflix-commons\netflix-commons-util\0.3.0\netflix-commons-util-0.3.0.jar;E:\1704A\repository\com\netflix\ribbon\ribbon-loadbalancer\2.2.5\ribbon-loadbalancer-2.2.5.jar;E:\1704A\repository\com\netflix\netflix-commons\netflix-statistics\0.1.1\netflix-statistics-0.1.1.jar;E:\1704A\repository\io\reactivex\rxjava\1.3.8\rxjava-1.3.8.jar;E:\1704A\repository\com\netflix\ribbon\ribbon-eureka\2.2.5\ribbon-eureka-2.2.5.jar;E:\1704A\repository\com\thoughtworks\xstream\xstream\1.4.10\xstream-1.4.10.jar;E:\1704A\repository\xmlpull\xmlpull\1.1.3.1\xmlpull-1.1.3.1.jar;E:\1704A\repository\xpp3\xpp3_min\1.1.4c\xpp3_min-1.1.4c.jar;E:\1704A\repository\org\springframework\cloud\spring-cloud-starter-openfeign\2.0.1.RELEASE\spring-cloud-starter-openfeign-2.0.1.RELEASE.jar;E:\1704A\repository\org\springframework\cloud\spring-cloud-openfeign-core\2.0.1.RELEASE\spring-cloud-openfeign-core-2.0.1.RELEASE.jar;E:\1704A\repository\org\springframework\cloud\spring-cloud-commons\2.0.1.RELEASE\spring-cloud-commons-2.0.1.RELEASE.jar;E:\1704A\repository\io\github\openfeign\feign-core\9.5.1\feign-core-9.5.1.jar;E:\1704A\repository\io\github\openfeign\feign-slf4j\9.5.1\feign-slf4j-9.5.1.jar;E:\1704A\repository\io\github\openfeign\feign-hystrix\9.5.1\feign-hystrix-9.5.1.jar;E:\1704A\repository\com\netflix\hystrix\hystrix-core\1.5.12\hystrix-core-1.5.12.jar;E:\1704A\repository\org\hdrhistogram\HdrHistogram\2.1.9\HdrHistogram-2.1.9.jar;E:\1704A\repository\io\github\openfeign\feign-java8\9.5.1\feign-java8-9.5.1.jar;E:\1704A\repository\com\netflix\feign\feign-okhttp\8.18.0\feign-okhttp-8.18.0.jar;E:\1704A\repository\com\netflix\feign\feign-core\8.18.0\feign-core-8.18.0.jar;E:\1704A\repository\org\jvnet\animal-sniffer-annotation\1.0\animal-sniffer-annotation-1.0.jar;, user.name=wangb, java.vm.specification.version=1.8, sun.java.command=C:\Users\wangb\AppData\Local\Temp\surefire5324342515423551962\surefirebooter5243460830507094447.jar C:\Users\wangb\AppData\Local\Temp\surefire5324342515423551962 2020-03-14T21-55-45_030-jvmRun1 surefire1707916640353451280tmp surefire_17945900769613902388tmp, java.home=C:\Program Files\Java\jdk1.8.0_91\jre, sun.arch.data.model=64, user.language=zh, java.specification.vendor=Oracle Corporation, awt.toolkit=sun.awt.windows.WToolkit, java.vm.info=mixed mode, java.version=1.8.0_91, java.ext.dirs=C:\Program Files\Java\jdk1.8.0_91\jre\lib\ext;C:\WINDOWS\Sun\Java\lib\ext, sun.boot.class.path=C:\Program Files\Java\jdk1.8.0_91\jre\lib\resources.jar;C:\Program Files\Java\jdk1.8.0_91\jre\lib\rt.jar;C:\Program Files\Java\jdk1.8.0_91\jre\lib\sunrsasign.jar;C:\Program Files\Java\jdk1.8.0_91\jre\lib\jsse.jar;C:\Program Files\Java\jdk1.8.0_91\jre\lib\jce.jar;C:\Program Files\Java\jdk1.8.0_91\jre\lib\charsets.jar;C:\Program Files\Java\jdk1.8.0_91\jre\lib\jfr.jar;C:\Program Files\Java\jdk1.8.0_91\jre\classes, java.awt.headless=true, java.vendor=Oracle Corporation, localRepository=E:\1704A\repository, file.separator=\, java.vendor.url.bug=http://bugreport.sun.com/bugreport/, sun.io.unicode.encoding=UnicodeLittle, sun.cpu.endian=little, sun.desktop=windows, sun.cpu.isalist=amd64}}, SystemEnvironmentPropertySource@2099348779 {name='systemEnvironment', properties={PATH=E:\app\wangb\product\11.2.0\dbhome_1\bin;E:\maven\apache-maven-3.6.1\bin;C:\Program Files\Java\jdk1.8.0_91\bin;C:\Program Files (x86)\Intel\iCLS Client\;C:\Program Files\Intel\iCLS Client\;C:\Windows\system32;C:\Windows;C:\Windows\System32\Wbem;C:\Windows\System32\WindowsPowerShell\v1.0\;C:\Program Files (x86)\NVIDIA Corporation\PhysX\Common;C:\Program Files (x86)\Intel\Intel(R) Management Engine Components\DAL;C:\Program Files\Intel\Intel(R) Management Engine Components\DAL;C:\Program Files (x86)\Intel\Intel(R) Management Engine Components\IPT;C:\Program Files\Intel\Intel(R) Management Engine Components\IPT;C:\WINDOWS\system32;C:\WINDOWS;C:\WINDOWS\System32\Wbem;C:\WINDOWS\System32\WindowsPowerShell\v1.0\;C:\WINDOWS\System32\OpenSSH\;C:\Program Files\MySQL\MySQL Server 5.5\bin;E:\nodejs\;E:\Git\cmd;E:\Mp4\ffmpeg-20180227-fa0c9d6-win64-static\bin;C:\Users\wangb\AppData\Local\Microsoft\WindowsApps;C:\Users\wangb\AppData\Roaming\npm;E:\Microsoft VS Code\bin, USERDOMAIN_ROAMINGPROFILE=LAPTOP-8K1AKH0O, LOCALAPPDATA=C:\Users\wangb\AppData\Local, PROCESSOR_LEVEL=6, SYSTEMDRIVE=C:, COMMONPROGRAMFILES(X86)=C:\Program Files (x86)\Common Files, USERDOMAIN=LAPTOP-8K1AKH0O, FPS_BROWSER_APP_PROFILE_STRING=Internet Explorer, LOGONSERVER=\\LAPTOP-8K1AKH0O, JAVA_HOME=C:\Program Files\Java\jdk1.8.0_91, PROMPT=$P$G, SESSIONNAME=Console, ALLUSERSPROFILE=C:\ProgramData, PROGRAMFILES(X86)=C:\Program Files (x86), PROCESSOR_ARCHITECTURE=AMD64, DRIVERDATA=C:\Windows\System32\Drivers\DriverData, ERLANG_HOME=E:\erl9.2, =E:=E:\1704A\hdServiceCode\nm-service-manage-course, PROGRAMFILES=C:\Program Files, APPDATA=C:\Users\wangb\AppData\Roaming, MOZ_PLUGIN_PATH=E:\1704A\FoxitPhantomPDFBusiness\plugins\, PSMODULEPATH=C:\Program Files\WindowsPowerShell\Modules;C:\WINDOWS\system32\WindowsPowerShell\v1.0\Modules, PROGRAMW6432=C:\Program Files, PROGRAMDATA=C:\ProgramData, SYSTEMROOT=C:\WINDOWS, USERNAME=wangb, FPS_BROWSER_USER_PROFILE_STRING=Default, ONEDRIVE=C:\Users\wangb\OneDrive, CONFIGSETROOT=C:\WINDOWS\ConfigSetRoot, PATHEXT=.COM;.EXE;.BAT;.CMD;.VBS;.VBE;.JS;.JSE;.WSF;.WSH;.MSC, OS=Windows_NT, COMMONPROGRAMW6432=C:\Program Files\Common Files, COMPUTERNAME=LAPTOP-8K1AKH0O, COMMONPROGRAMFILES=C:\Program Files\Common Files, COMSPEC=C:\WINDOWS\system32\cmd.exe, PROCESSOR_REVISION=9e09, WINDIR=C:\WINDOWS, RABBITMQ_SERVER=E:\rabibitmq\rabbitmq_server-3.7.4, HOMEPATH=\Users\wangb, TEMP=C:\Users\wangb\AppData\Local\Temp, HOMEDRIVE=C:, PROCESSOR_IDENTIFIER=Intel64 Family 6 Model 158 Stepping 9, GenuineIntel, USERPROFILE=C:\Users\wangb, TMP=C:\Users\wangb\AppData\Local\Temp, PUBLIC=C:\Users\Public, NUMBER_OF_PROCESSORS=8, =::=::\}}]
2020-03-14 21:56:48.479 [main] DEBUG o.s.b.f.s.DefaultListableBeanFactory - Creating shared instance of singleton bean 'org.springframework.boot.autoconfigure.AutoConfigurationPackages'
2020-03-14 21:56:48.479 [main] DEBUG o.s.b.f.s.DefaultListableBeanFactory - Creating instance of bean 'org.springframework.boot.autoconfigure.AutoConfigurationPackages'
2020-03-14 21:56:48.480 [main] DEBUG o.s.b.f.s.DefaultListableBeanFactory - Eagerly caching bean 'org.springframework.boot.autoconfigure.AutoConfigurationPackages' to allow for resolving potential circular references
2020-03-14 21:56:48.480 [main] DEBUG o.s.b.f.s.DefaultListableBeanFactory - Finished creating instance of bean 'org.springframework.boot.autoconfigure.AutoConfigurationPackages'
2020-03-14 21:56:48.480 [main] DEBUG o.s.b.a.AutoConfigurationPackages - @EnableAutoConfiguration was declared on a class in the package 'com.ningmeng.manage_course'. Automatic @Repository and @Entity scanning is enabled.
2020-03-14 21:56:48.480 [main] DEBUG o.m.s.b.a.MybatisAutoConfiguration - Using auto-configuration base package 'com.ningmeng.manage_course'
2020-03-14 21:56:48.482 [main] DEBUG o.s.c.i.s.PathMatchingResourcePatternResolver - Resolved classpath location [com/ningmeng/manage_course/] to resources [URL [file:/E:/1704A/hdServiceCode/nm-service-manage-course/target/test-classes/com/ningmeng/manage_course/], URL [file:/E:/1704A/hdServiceCode/nm-service-manage-course/target/classes/com/ningmeng/manage_course/]]
2020-03-14 21:56:48.483 [main] DEBUG o.s.c.i.s.PathMatchingResourcePatternResolver - Looking for matching resources in directory tree [E:\1704A\hdServiceCode\nm-service-manage-course\target\test-classes\com\ningmeng\manage_course]
2020-03-14 21:56:48.483 [main] DEBUG o.s.c.i.s.PathMatchingResourcePatternResolver - Searching directory [E:\1704A\hdServiceCode\nm-service-manage-course\target\test-classes\com\ningmeng\manage_course] for files matching pattern [E:/1704A/hdServiceCode/nm-service-manage-course/target/test-classes/com/ningmeng/manage_course/**/*.class]
2020-03-14 21:56:48.484 [main] DEBUG o.s.c.i.s.PathMatchingResourcePatternResolver - Searching directory [E:\1704A\hdServiceCode\nm-service-manage-course\target\test-classes\com\ningmeng\manage_course\dao] for files matching pattern [E:/1704A/hdServiceCode/nm-service-manage-course/target/test-classes/com/ningmeng/manage_course/**/*.class]
2020-03-14 21:56:48.485 [main] DEBUG o.s.c.i.s.PathMatchingResourcePatternResolver - Looking for matching resources in directory tree [E:\1704A\hdServiceCode\nm-service-manage-course\target\classes\com\ningmeng\manage_course]
2020-03-14 21:56:48.485 [main] DEBUG o.s.c.i.s.PathMatchingResourcePatternResolver - Searching directory [E:\1704A\hdServiceCode\nm-service-manage-course\target\classes\com\ningmeng\manage_course] for files matching pattern [E:/1704A/hdServiceCode/nm-service-manage-course/target/classes/com/ningmeng/manage_course/**/*.class]
2020-03-14 21:56:48.486 [main] DEBUG o.s.c.i.s.PathMatchingResourcePatternResolver - Searching directory [E:\1704A\hdServiceCode\nm-service-manage-course\target\classes\com\ningmeng\manage_course\client] for files matching pattern [E:/1704A/hdServiceCode/nm-service-manage-course/target/classes/com/ningmeng/manage_course/**/*.class]
2020-03-14 21:56:48.486 [main] DEBUG o.s.c.i.s.PathMatchingResourcePatternResolver - Searching directory [E:\1704A\hdServiceCode\nm-service-manage-course\target\classes\com\ningmeng\manage_course\config] for files matching pattern [E:/1704A/hdServiceCode/nm-service-manage-course/target/classes/com/ningmeng/manage_course/**/*.class]
2020-03-14 21:56:48.487 [main] DEBUG o.s.c.i.s.PathMatchingResourcePatternResolver - Searching directory [E:\1704A\hdServiceCode\nm-service-manage-course\target\classes\com\ningmeng\manage_course\controller] for files matching pattern [E:/1704A/hdServiceCode/nm-service-manage-course/target/classes/com/ningmeng/manage_course/**/*.class]
2020-03-14 21:56:48.487 [main] DEBUG o.s.c.i.s.PathMatchingResourcePatternResolver - Searching directory [E:\1704A\hdServiceCode\nm-service-manage-course\target\classes\com\ningmeng\manage_course\dao] for files matching pattern [E:/1704A/hdServiceCode/nm-service-manage-course/target/classes/com/ningmeng/manage_course/**/*.class]
2020-03-14 21:56:48.488 [main] DEBUG o.s.c.i.s.PathMatchingResourcePatternResolver - Searching directory [E:\1704A\hdServiceCode\nm-service-manage-course\target\classes\com\ningmeng\manage_course\service] for files matching pattern [E:/1704A/hdServiceCode/nm-service-manage-course/target/classes/com/ningmeng/manage_course/**/*.class]
2020-03-14 21:56:48.489 [main] DEBUG o.s.c.i.s.PathMatchingResourcePatternResolver - Resolved location pattern [classpath*:com/ningmeng/manage_course/**/*.class] to resources [file [E:\1704A\hdServiceCode\nm-service-manage-course\target\test-classes\com\ningmeng\manage_course\dao\FeignTest.class], file [E:\1704A\hdServiceCode\nm-service-manage-course\target\test-classes\com\ningmeng\manage_course\dao\TestDao.class], file [E:\1704A\hdServiceCode\nm-service-manage-course\target\test-classes\com\ningmeng\manage_course\dao\Tests.class], file [E:\1704A\hdServiceCode\nm-service-manage-course\target\classes\com\ningmeng\manage_course\client\CmsPageClient.class], file [E:\1704A\hdServiceCode\nm-service-manage-course\target\classes\com\ningmeng\manage_course\config\ResourceServerConfig.class], file [E:\1704A\hdServiceCode\nm-service-manage-course\target\classes\com\ningmeng\manage_course\controller\CourseController.class], file [E:\1704A\hdServiceCode\nm-service-manage-course\target\classes\com\ningmeng\manage_course\controller\SysDicthinaryController.class], file [E:\1704A\hdServiceCode\nm-service-manage-course\target\classes\com\ningmeng\manage_course\dao\CategoryMapper.class], file [E:\1704A\hdServiceCode\nm-service-manage-course\target\classes\com\ningmeng\manage_course\dao\CourseBaseRepository.class], file [E:\1704A\hdServiceCode\nm-service-manage-course\target\classes\com\ningmeng\manage_course\dao\CourseMapper.class], file [E:\1704A\hdServiceCode\nm-service-manage-course\target\classes\com\ningmeng\manage_course\dao\CourseMarketMapper.class], file [E:\1704A\hdServiceCode\nm-service-manage-course\target\classes\com\ningmeng\manage_course\dao\CourseMarketRepository.class], file [E:\1704A\hdServiceCode\nm-service-manage-course\target\classes\com\ningmeng\manage_course\dao\CoursePicRepository.class], file [E:\1704A\hdServiceCode\nm-service-manage-course\target\classes\com\ningmeng\manage_course\dao\CoursePubRepository.class], file [E:\1704A\hdServiceCode\nm-service-manage-course\target\classes\com\ningmeng\manage_course\dao\SysDictionaryRepository.class], file [E:\1704A\hdServiceCode\nm-service-manage-course\target\classes\com\ningmeng\manage_course\dao\TeachplanMapper.class], file [E:\1704A\hdServiceCode\nm-service-manage-course\target\classes\com\ningmeng\manage_course\dao\TeachplanMediaPubRepository.class], file [E:\1704A\hdServiceCode\nm-service-manage-course\target\classes\com\ningmeng\manage_course\dao\TeachplanMediaRepository.class], file [E:\1704A\hdServiceCode\nm-service-manage-course\target\classes\com\ningmeng\manage_course\dao\TeachplanRepository.class], file [E:\1704A\hdServiceCode\nm-service-manage-course\target\classes\com\ningmeng\manage_course\ManageCourseApplication.class], file [E:\1704A\hdServiceCode\nm-service-manage-course\target\classes\com\ningmeng\manage_course\service\CourseService.class], file [E:\1704A\hdServiceCode\nm-service-manage-course\target\classes\com\ningmeng\manage_course\service\SysDicthinaryService.class]]
2020-03-14 21:56:48.492 [main] DEBUG o.m.s.mapper.ClassPathMapperScanner - Identified candidate component class: file [E:\1704A\hdServiceCode\nm-service-manage-course\target\classes\com\ningmeng\manage_course\dao\CategoryMapper.class]
2020-03-14 21:56:48.492 [main] DEBUG o.m.s.mapper.ClassPathMapperScanner - Identified candidate component class: file [E:\1704A\hdServiceCode\nm-service-manage-course\target\classes\com\ningmeng\manage_course\dao\CourseMapper.class]
2020-03-14 21:56:48.493 [main] DEBUG o.m.s.mapper.ClassPathMapperScanner - Identified candidate component class: file [E:\1704A\hdServiceCode\nm-service-manage-course\target\classes\com\ningmeng\manage_course\dao\CourseMarketMapper.class]
2020-03-14 21:56:48.493 [main] DEBUG o.m.s.mapper.ClassPathMapperScanner - Identified candidate component class: file [E:\1704A\hdServiceCode\nm-service-manage-course\target\classes\com\ningmeng\manage_course\dao\TeachplanMapper.class]
2020-03-14 21:56:48.494 [main] DEBUG o.m.s.mapper.ClassPathMapperScanner - Creating MapperFactoryBean with name 'categoryMapper' and 'com.ningmeng.manage_course.dao.CategoryMapper' mapperInterface
2020-03-14 21:56:48.495 [main] DEBUG o.m.s.mapper.ClassPathMapperScanner - Enabling autowire by type for MapperFactoryBean with name 'categoryMapper'.
2020-03-14 21:56:48.495 [main] DEBUG o.m.s.mapper.ClassPathMapperScanner - Creating MapperFactoryBean with name 'courseMapper' and 'com.ningmeng.manage_course.dao.CourseMapper' mapperInterface
2020-03-14 21:56:48.495 [main] DEBUG o.m.s.mapper.ClassPathMapperScanner - Enabling autowire by type for MapperFactoryBean with name 'courseMapper'.
2020-03-14 21:56:48.495 [main] DEBUG o.m.s.mapper.ClassPathMapperScanner - Creating MapperFactoryBean with name 'courseMarketMapper' and 'com.ningmeng.manage_course.dao.CourseMarketMapper' mapperInterface
2020-03-14 21:56:48.495 [main] DEBUG o.m.s.mapper.ClassPathMapperScanner - Enabling autowire by type for MapperFactoryBean with name 'courseMarketMapper'.
2020-03-14 21:56:48.495 [main] DEBUG o.m.s.mapper.ClassPathMapperScanner - Creating MapperFactoryBean with name 'teachplanMapper' and 'com.ningmeng.manage_course.dao.TeachplanMapper' mapperInterface
2020-03-14 21:56:48.495 [main] DEBUG o.m.s.mapper.ClassPathMapperScanner - Enabling autowire by type for MapperFactoryBean with name 'teachplanMapper'.
2020-03-14 21:56:48.496 [main] DEBUG o.s.c.a.ConfigurationClassBeanDefinitionReader - Registered bean definition for imported class 'org.mybatis.spring.boot.autoconfigure.MybatisAutoConfiguration'
2020-03-14 21:56:48.497 [main] DEBUG o.s.b.f.s.DefaultListableBeanFactory - Returning cached instance of singleton bean 'org.springframework.boot.autoconfigure.condition.BeanTypeRegistry'
2020-03-14 21:56:48.498 [main] DEBUG o.s.b.f.s.DefaultListableBeanFactory - Returning cached instance of singleton bean 'org.springframework.boot.autoconfigure.condition.BeanTypeRegistry'
2020-03-14 21:56:48.499 [main] DEBUG o.s.b.f.s.DefaultListableBeanFactory - Returning cached instance of singleton bean 'autoConfigurationReport'
2020-03-14 21:56:48.499 [main] DEBUG o.s.c.a.ConfigurationClassBeanDefinitionReader - Registering bean definition for @Bean method org.mybatis.spring.boot.autoconfigure.MybatisAutoConfiguration.sqlSessionFactory()
2020-03-14 21:56:48.501 [main] DEBUG o.s.b.f.s.DefaultListableBeanFactory - Returning cached instance of singleton bean 'org.springframework.boot.autoconfigure.condition.BeanTypeRegistry'
2020-03-14 21:56:48.502 [main] DEBUG o.s.b.f.s.DefaultListableBeanFactory - Returning cached instance of singleton bean 'org.springframework.boot.autoconfigure.condition.BeanTypeRegistry'
2020-03-14 21:56:48.502 [main] DEBUG o.s.b.f.s.DefaultListableBeanFactory - Returning cached instance of singleton bean 'autoConfigurationReport'
2020-03-14 21:56:48.503 [main] DEBUG o.s.c.a.ConfigurationClassBeanDefinitionReader - Registering bean definition for @Bean method org.mybatis.spring.boot.autoconfigure.MybatisAutoConfiguration.sqlSessionTemplate()
2020-03-14 21:56:48.503 [main] DEBUG o.s.b.f.s.DefaultListableBeanFactory - Returning cached instance of singleton bean 'org.springframework.boot.autoconfigure.condition.BeanTypeRegistry'
2020-03-14 21:56:48.504 [main] DEBUG o.s.b.f.s.DefaultListableBeanFactory - Returning cached instance of singleton bean 'org.springframework.boot.autoconfigure.condition.BeanTypeRegistry'
2020-03-14 21:56:48.504 [main] DEBUG o.s.b.f.s.DefaultListableBeanFactory - Returning cached instance of singleton bean 'autoConfigurationReport'
2020-03-14 21:56:48.508 [main] DEBUG o.s.c.a.ConfigurationClassBeanDefinitionReader - Registered bean definition for imported class 'com.github.pagehelper.autoconfigure.PageHelperAutoConfiguration'
2020-03-14 21:56:48.509 [main] DEBUG o.s.c.a.ConfigurationClassBeanDefinitionReader - Registering bean definition for @Bean method com.github.pagehelper.autoconfigure.PageHelperAutoConfiguration.pageHelperProperties()
2020-03-14 21:56:48.511 [main] DEBUG o.s.b.f.s.DefaultListableBeanFactory - Returning cached instance of singleton bean 'org.springframework.boot.autoconfigure.condition.BeanTypeRegistry'
2020-03-14 21:56:48.519 [main] DEBUG o.s.b.f.s.DefaultListableBeanFactory - Returning cached instance of singleton bean 'org.springframework.boot.autoconfigure.condition.BeanTypeRegistry'
2020-03-14 21:56:48.521 [main] DEBUG o.s.b.f.s.DefaultListableBeanFactory - Returning cached instance of singleton bean 'autoConfigurationReport'
2020-03-14 21:56:48.521 [main] DEBUG o.s.c.a.ConfigurationClassBeanDefinitionReader - Registered bean definition for imported class 'org.springframework.boot.actuate.autoconfigure.audit.AuditAutoConfiguration$AuditEventRepositoryConfiguration'
2020-03-14 21:56:48.522 [main] DEBUG o.s.c.a.ConfigurationClassBeanDefinitionReader - Registering bean definition for @Bean method org.springframework.boot.actuate.autoconfigure.audit.AuditAutoConfiguration$AuditEventRepositoryConfiguration.auditEventRepository()
2020-03-14 21:56:48.523 [main] DEBUG o.s.c.a.ConfigurationClassBeanDefinitionReader - Registered bean definition for imported class 'org.springframework.boot.actuate.autoconfigure.audit.AuditAutoConfiguration'
2020-03-14 21:56:48.525 [main] DEBUG o.s.b.f.s.DefaultListableBeanFactory - Returning cached instance of singleton bean 'org.springframework.boot.autoconfigure.condition.BeanTypeRegistry'
2020-03-14 21:56:48.528 [main] DEBUG o.s.b.f.s.DefaultListableBeanFactory - Returning cached instance of singleton bean 'org.springframework.boot.autoconfigure.condition.BeanTypeRegistry'
2020-03-14 21:56:48.528 [main] DEBUG o.s.b.f.s.DefaultListableBeanFactory - Returning cached instance of singleton bean 'autoConfigurationReport'
2020-03-14 21:56:48.529 [main] DEBUG o.s.c.a.ConfigurationClassBeanDefinitionReader - Registering bean definition for @Bean method org.springframework.boot.actuate.autoconfigure.audit.AuditAutoConfiguration.auditListener()
2020-03-14 21:56:48.530 [main] DEBUG o.s.b.f.s.DefaultListableBeanFactory - Returning cached instance of singleton bean 'autoConfigurationReport'
2020-03-14 21:56:48.534 [main] DEBUG o.s.b.f.s.DefaultListableBeanFactory - Returning cached instance of singleton bean 'org.springframework.boot.autoconfigure.condition.BeanTypeRegistry'
2020-03-14 21:56:48.538 [main] DEBUG o.s.b.f.s.DefaultListableBeanFactory - Returning cached instance of singleton bean 'org.springframework.boot.autoconfigure.condition.BeanTypeRegistry'
2020-03-14 21:56:48.538 [main] DEBUG o.s.b.f.s.DefaultListableBeanFactory - Returning cached instance of singleton bean 'autoConfigurationReport'
2020-03-14 21:56:48.538 [main] DEBUG o.s.c.a.ConfigurationClassBeanDefinitionReader - Registering bean definition for @Bean method org.springframework.boot.actuate.autoconfigure.audit.AuditAutoConfiguration.authenticationAuditListener()
2020-03-14 21:56:48.539 [main] DEBUG o.s.b.f.s.DefaultListableBeanFactory - Returning cached instance of singleton bean 'autoConfigurationReport'
2020-03-14 21:56:48.540 [main] DEBUG o.s.b.f.s.DefaultListableBeanFactory - Returning cached instance of singleton bean 'org.springframework.boot.autoconfigure.condition.BeanTypeRegistry'
2020-03-14 21:56:48.541 [main] DEBUG o.s.b.f.s.DefaultListableBeanFactory - Returning cached instance of singleton bean 'org.springframework.boot.autoconfigure.condition.BeanTypeRegistry'
2020-03-14 21:56:48.541 [main] DEBUG o.s.b.f.s.DefaultListableBeanFactory - Returning cached instance of singleton bean 'autoConfigurationReport'
2020-03-14 21:56:48.541 [main] DEBUG o.s.c.a.ConfigurationClassBeanDefinitionReader - Registering bean definition for @Bean method org.springframework.boot.actuate.autoconfigure.audit.AuditAutoConfiguration.authorizationAuditListener()
2020-03-14 21:56:48.542 [main] DEBUG o.s.c.a.ConfigurationClassBeanDefinitionReader - Registered bean definition for imported class 'org.springframework.boot.actuate.autoconfigure.audit.AuditEventsEndpointAutoConfiguration'
2020-03-14 21:56:48.542 [main] DEBUG o.s.b.f.s.DefaultListableBeanFactory - Returning cached instance of singleton bean 'org.springframework.boot.autoconfigure.condition.BeanTypeRegistry'
2020-03-14 21:56:48.544 [main] DEBUG o.s.b.f.s.DefaultListableBeanFactory - Returning cached instance of singleton bean 'org.springframework.boot.autoconfigure.condition.BeanTypeRegistry'
2020-03-14 21:56:48.545 [main] DEBUG o.s.b.f.s.DefaultListableBeanFactory - Returning cached instance of singleton bean 'org.springframework.boot.autoconfigure.condition.BeanTypeRegistry'
2020-03-14 21:56:48.546 [main] DEBUG o.s.b.f.s.DefaultListableBeanFactory - Returning cached instance of singleton bean 'org.springframework.boot.autoconfigure.condition.BeanTypeRegistry'
2020-03-14 21:56:48.546 [main] DEBUG o.s.b.f.s.DefaultListableBeanFactory - Returning cached instance of singleton bean 'autoConfigurationReport'
2020-03-14 21:56:48.546 [main] DEBUG o.s.b.f.s.DefaultListableBeanFactory - Returning cached instance of singleton bean 'org.springframework.boot.autoconfigure.condition.BeanTypeRegistry'
2020-03-14 21:56:48.546 [main] DEBUG o.s.b.f.s.DefaultListableBeanFactory - Returning cached instance of singleton bean 'org.springframework.boot.autoconfigure.condition.BeanTypeRegistry'
2020-03-14 21:56:48.546 [main] DEBUG o.s.b.f.s.DefaultListableBeanFactory - Returning cached instance of singleton bean 'org.springframework.boot.autoconfigure.condition.BeanTypeRegistry'
2020-03-14 21:56:48.547 [main] DEBUG o.s.b.f.s.DefaultListableBeanFactory - Returning cached instance of singleton bean 'org.springframework.boot.autoconfigure.condition.BeanTypeRegistry'
2020-03-14 21:56:48.547 [main] DEBUG o.s.b.f.s.DefaultListableBeanFactory - Returning cached instance of singleton bean 'autoConfigurationReport'
2020-03-14 21:56:48.547 [main] DEBUG o.s.c.e.PropertySourcesPropertyResolver - Could not find key 'management.endpoint.auditevents.enabled' in any property source
2020-03-14 21:56:48.547 [main] DEBUG o.s.b.f.s.DefaultListableBeanFactory - Returning cached instance of singleton bean 'autoConfigurationReport'
2020-03-14 21:56:48.548 [main] DEBUG o.s.c.a.ConfigurationClassBeanDefinitionReader - Registering bean definition for @Bean method org.springframework.boot.actuate.autoconfigure.audit.AuditEventsEndpointAutoConfiguration.auditEventsEndpoint()
2020-03-14 21:56:48.548 [main] DEBUG o.s.c.a.ConfigurationClassBeanDefinitionReader - Registered bean definition for imported class 'org.springframework.boot.actuate.autoconfigure.beans.BeansEndpointAutoConfiguration'
2020-03-14 21:56:48.549 [main] DEBUG o.s.b.f.s.DefaultListableBeanFactory - Returning cached instance of singleton bean 'org.springframework.boot.autoconfigure.condition.BeanTypeRegistry'
2020-03-14 21:56:48.550 [main] DEBUG o.s.b.f.s.DefaultListableBeanFactory - Returning cached instance of singleton bean 'org.springframework.boot.autoconfigure.condition.BeanTypeRegistry'
2020-03-14 21:56:48.551 [main] DEBUG o.s.b.f.s.DefaultListableBeanFactory - Returning cached instance of singleton bean 'autoConfigurationReport'
2020-03-14 21:56:48.551 [main] DEBUG o.s.c.e.PropertySourcesPropertyResolver - Could not find key 'management.endpoint.beans.enabled' in any property source
2020-03-14 21:56:48.551 [main] DEBUG o.s.b.f.s.DefaultListableBeanFactory - Returning cached instance of singleton bean 'autoConfigurationReport'
2020-03-14 21:56:48.554 [main] DEBUG o.s.c.a.ConfigurationClassBeanDefinitionReader - Registering bean definition for @Bean method org.springframework.boot.actuate.autoconfigure.beans.BeansEndpointAutoConfiguration.beansEndpoint()
2020-03-14 21:56:48.555 [main] DEBUG o.s.c.e.PropertySourcesPropertyResolver - Could not find key 'management.health.defaults.enabled' in any property source
2020-03-14 21:56:48.556 [main] DEBUG o.s.b.f.s.DefaultListableBeanFactory - Returning cached instance of singleton bean 'autoConfigurationReport'
2020-03-14 21:56:48.557 [main] DEBUG o.s.c.a.ConfigurationClassBeanDefinitionReader - Registered bean definition for imported class 'org.springframework.boot.actuate.autoconfigure.system.DiskSpaceHealthIndicatorAutoConfiguration'
2020-03-14 21:56:48.557 [main] DEBUG o.s.b.f.s.DefaultListableBeanFactory - Returning cached instance of singleton bean 'autoConfigurationReport'
2020-03-14 21:56:48.558 [main] DEBUG o.s.c.a.ConfigurationClassBeanDefinitionReader - Registering bean definition for @Bean method org.springframework.boot.actuate.autoconfigure.system.DiskSpaceHealthIndicatorAutoConfiguration.diskSpaceHealthIndicator()
2020-03-14 21:56:48.558 [main] DEBUG o.s.c.a.ConfigurationClassBeanDefinitionReader - Registering bean definition for @Bean method org.springframework.boot.actuate.autoconfigure.system.DiskSpaceHealthIndicatorAutoConfiguration.diskSpaceHealthIndicatorProperties()
2020-03-14 21:56:48.558 [main] DEBUG o.s.b.f.s.DefaultListableBeanFactory - Returning cached instance of singleton bean 'autoConfigurationReport'
2020-03-14 21:56:48.559 [main] DEBUG o.s.b.f.s.DefaultListableBeanFactory - Returning cached instance of singleton bean 'org.springframework.boot.autoconfigure.condition.BeanTypeRegistry'
2020-03-14 21:56:48.562 [main] DEBUG o.s.b.f.s.DefaultListableBeanFactory - Returning cached instance of singleton bean 'org.springframework.boot.autoconfigure.condition.BeanTypeRegistry'
2020-03-14 21:56:48.562 [main] DEBUG o.s.b.f.s.DefaultListableBeanFactory - Returning cached instance of singleton bean 'autoConfigurationReport'
2020-03-14 21:56:48.564 [main] DEBUG o.s.c.a.ConfigurationClassBeanDefinitionReader - Registered bean definition for imported class 'org.springframework.boot.autoconfigure.mongo.MongoAutoConfiguration'
2020-03-14 21:56:48.565 [main] DEBUG o.s.b.f.s.DefaultListableBeanFactory - Returning cached instance of singleton bean 'org.springframework.boot.autoconfigure.condition.BeanTypeRegistry'
2020-03-14 21:56:48.567 [main] DEBUG o.s.b.f.s.DefaultListableBeanFactory - Returning cached instance of singleton bean 'org.springframework.boot.autoconfigure.condition.BeanTypeRegistry'
2020-03-14 21:56:48.567 [main] DEBUG o.s.b.f.s.DefaultListableBeanFactory - Returning cached instance of singleton bean 'autoConfigurationReport'
2020-03-14 21:56:48.568 [main] DEBUG o.s.c.a.ConfigurationClassBeanDefinitionReader - Registering bean definition for @Bean method org.springframework.boot.autoconfigure.mongo.MongoAutoConfiguration.mongo()
2020-03-14 21:56:48.568 [main] DEBUG o.s.b.f.s.DefaultListableBeanFactory - Returning cached instance of singleton bean 'autoConfigurationReport'
2020-03-14 21:56:48.568 [main] DEBUG o.s.c.a.ConfigurationClassBeanDefinitionReader - Registered bean definition for imported class 'org.springframework.boot.autoconfigure.data.mongo.MongoDataAutoConfiguration'
2020-03-14 21:56:48.569 [main] DEBUG o.s.b.f.s.DefaultListableBeanFactory - Returning cached instance of singleton bean 'org.springframework.boot.autoconfigure.condition.BeanTypeRegistry'
2020-03-14 21:56:48.570 [main] DEBUG o.s.b.f.s.DefaultListableBeanFactory - Returning cached instance of singleton bean 'org.springframework.boot.autoconfigure.condition.BeanTypeRegistry'
2020-03-14 21:56:48.573 [main] DEBUG o.s.b.f.s.DefaultListableBeanFactory - Returning cached instance of singleton bean 'autoConfigurationReport'
2020-03-14 21:56:48.576 [main] DEBUG o.s.c.a.ConfigurationClassBeanDefinitionReader - Registering bean definition for @Bean method org.springframework.boot.autoconfigure.data.mongo.MongoDataAutoConfiguration.mongoDbFactory()
2020-03-14 21:56:48.577 [main] DEBUG o.s.b.f.s.DefaultListableBeanFactory - Returning cached instance of singleton bean 'org.springframework.boot.autoconfigure.condition.BeanTypeRegistry'
2020-03-14 21:56:48.604 [main] DEBUG o.s.b.f.s.DefaultListableBeanFactory - Returning cached instance of singleton bean 'org.springframework.boot.autoconfigure.condition.BeanTypeRegistry'
2020-03-14 21:56:48.605 [main] DEBUG o.s.b.f.s.DefaultListableBeanFactory - Returning cached instance of singleton bean 'autoConfigurationReport'
2020-03-14 21:56:48.607 [main] DEBUG o.s.c.a.ConfigurationClassBeanDefinitionReader - Registering bean definition for @Bean method org.springframework.boot.autoconfigure.data.mongo.MongoDataAutoConfiguration.mongoTemplate()
2020-03-14 21:56:48.607 [main] DEBUG o.s.b.f.s.DefaultListableBeanFactory - Returning cached instance of singleton bean 'org.springframework.boot.autoconfigure.condition.BeanTypeRegistry'
2020-03-14 21:56:48.607 [main] DEBUG o.s.b.f.s.DefaultListableBeanFactory - Returning cached instance of singleton bean 'org.springframework.boot.autoconfigure.condition.BeanTypeRegistry'
2020-03-14 21:56:48.608 [main] DEBUG o.s.b.f.s.DefaultListableBeanFactory - Returning cached instance of singleton bean 'autoConfigurationReport'
2020-03-14 21:56:48.608 [main] DEBUG o.s.c.a.ConfigurationClassBeanDefinitionReader - Registering bean definition for @Bean method org.springframework.boot.autoconfigure.data.mongo.MongoDataAutoConfiguration.mappingMongoConverter()
2020-03-14 21:56:48.608 [main] DEBUG o.s.b.f.s.DefaultListableBeanFactory - Returning cached instance of singleton bean 'org.springframework.boot.autoconfigure.condition.BeanTypeRegistry'
2020-03-14 21:56:48.609 [main] DEBUG o.s.b.f.s.DefaultListableBeanFactory - Returning cached instance of singleton bean 'org.springframework.boot.autoconfigure.condition.BeanTypeRegistry'
2020-03-14 21:56:48.609 [main] DEBUG o.s.b.f.s.DefaultListableBeanFactory - Returning cached instance of singleton bean 'autoConfigurationReport'
2020-03-14 21:56:48.609 [main] DEBUG o.s.c.a.ConfigurationClassBeanDefinitionReader - Registering bean definition for @Bean method org.springframework.boot.autoconfigure.data.mongo.MongoDataAutoConfiguration.mongoMappingContext()
2020-03-14 21:56:48.610 [main] DEBUG o.s.b.f.s.DefaultListableBeanFactory - Returning cached instance of singleton bean 'org.springframework.boot.autoconfigure.condition.BeanTypeRegistry'
2020-03-14 21:56:48.610 [main] DEBUG o.s.b.f.s.DefaultListableBeanFactory - Returning cached instance of singleton bean 'org.springframework.boot.autoconfigure.condition.BeanTypeRegistry'
2020-03-14 21:56:48.610 [main] DEBUG o.s.b.f.s.DefaultListableBeanFactory - Returning cached instance of singleton bean 'autoConfigurationReport'
2020-03-14 21:56:48.610 [main] DEBUG o.s.c.a.ConfigurationClassBeanDefinitionReader - Registering bean definition for @Bean method org.springframework.boot.autoconfigure.data.mongo.MongoDataAutoConfiguration.gridFsTemplate()
2020-03-14 21:56:48.627 [main] DEBUG o.s.b.f.s.DefaultListableBeanFactory - Returning cached instance of singleton bean 'org.springframework.boot.autoconfigure.condition.BeanTypeRegistry'
2020-03-14 21:56:48.628 [main] DEBUG o.s.b.f.s.DefaultListableBeanFactory - Returning cached instance of singleton bean 'org.springframework.boot.autoconfigure.condition.BeanTypeRegistry'
2020-03-14 21:56:48.629 [main] DEBUG o.s.b.f.s.DefaultListableBeanFactory - Returning cached instance of singleton bean 'autoConfigurationReport'
2020-03-14 21:56:48.629 [main] DEBUG o.s.c.a.ConfigurationClassBeanDefinitionReader - Registering bean definition for @Bean method org.springframework.boot.autoconfigure.data.mongo.MongoDataAutoConfiguration.mongoCustomConversions()
2020-03-14 21:56:48.630 [main] DEBUG o.s.c.e.PropertySourcesPropertyResolver - Could not find key 'management.health.defaults.enabled' in any property source
2020-03-14 21:56:48.630 [main] DEBUG o.s.b.f.s.DefaultListableBeanFactory - Returning cached instance of singleton bean 'autoConfigurationReport'
2020-03-14 21:56:48.630 [main] DEBUG o.s.b.f.s.DefaultListableBeanFactory - Returning cached instance of singleton bean 'autoConfigurationReport'
2020-03-14 21:56:48.631 [main] DEBUG o.s.b.f.s.DefaultListableBeanFactory - Returning cached instance of singleton bean 'org.springframework.boot.autoconfigure.condition.BeanTypeRegistry'
2020-03-14 21:56:48.631 [main] DEBUG o.s.b.f.s.DefaultListableBeanFactory - Returning cached instance of singleton bean 'org.springframework.boot.autoconfigure.condition.BeanTypeRegistry'
2020-03-14 21:56:48.631 [main] DEBUG o.s.b.f.s.DefaultListableBeanFactory - Returning cached instance of singleton bean 'autoConfigurationReport'
2020-03-14 21:56:48.639 [main] DEBUG o.s.b.f.s.DefaultListableBeanFactory - Returning cached instance of singleton bean 'autoConfigurationReport'
2020-03-14 21:56:48.640 [main] DEBUG o.s.b.f.s.DefaultListableBeanFactory - Returning cached instance of singleton bean 'org.springframework.boot.autoconfigure.condition.BeanTypeRegistry'
2020-03-14 21:56:48.641 [main] DEBUG o.s.b.f.s.DefaultListableBeanFactory - Returning cached instance of singleton bean 'org.springframework.boot.autoconfigure.condition.BeanTypeRegistry'
2020-03-14 21:56:48.643 [main] DEBUG o.s.b.f.s.DefaultListableBeanFactory - Returning cached instance of singleton bean 'autoConfigurationReport'
2020-03-14 21:56:48.644 [main] DEBUG o.s.c.a.ConfigurationClassBeanDefinitionReader - Registered bean definition for imported class 'org.springframework.boot.actuate.autoconfigure.mongo.MongoHealthIndicatorConfiguration'
2020-03-14 21:56:48.647 [main] DEBUG o.s.b.f.s.DefaultListableBeanFactory - Returning cached instance of singleton bean 'autoConfigurationReport'
2020-03-14 21:56:48.648 [main] DEBUG o.s.c.a.ConfigurationClassBeanDefinitionReader - Registering bean definition for @Bean method org.springframework.boot.actuate.autoconfigure.mongo.MongoHealthIndicatorConfiguration.mongoHealthIndicator()
2020-03-14 21:56:48.657 [main] DEBUG o.s.c.a.ConfigurationClassBeanDefinitionReader - Registered bean definition for imported class 'org.springframework.boot.actuate.autoconfigure.mongo.MongoHealthIndicatorAutoConfiguration'
2020-03-14 21:56:48.662 [main] DEBUG o.s.c.e.PropertySourcesPropertyResolver - Could not find key 'management.health.defaults.enabled' in any property source
2020-03-14 21:56:48.662 [main] DEBUG o.s.b.f.s.DefaultListableBeanFactory - Returning cached instance of singleton bean 'autoConfigurationReport'
2020-03-14 21:56:48.666 [main] DEBUG o.s.c.a.ConfigurationClassBeanDefinitionReader - Registered bean definition for imported class 'org.springframework.boot.actuate.autoconfigure.redis.RedisHealthIndicatorAutoConfiguration'
2020-03-14 21:56:48.666 [main] DEBUG o.s.b.f.s.DefaultListableBeanFactory - Returning cached instance of singleton bean 'autoConfigurationReport'
2020-03-14 21:56:48.666 [main] DEBUG o.s.b.f.s.DefaultListableBeanFactory - Returning cached instance of singleton bean 'org.springframework.boot.autoconfigure.condition.BeanTypeRegistry'
2020-03-14 21:56:48.671 [main] DEBUG o.s.b.f.s.DefaultListableBeanFactory - Returning cached instance of singleton bean 'org.springframework.boot.autoconfigure.condition.BeanTypeRegistry'
2020-03-14 21:56:48.672 [main] DEBUG o.s.b.f.s.DefaultListableBeanFactory - Returning cached instance of singleton bean 'autoConfigurationReport'
2020-03-14 21:56:48.673 [main] DEBUG o.s.c.e.PropertySourcesPropertyResolver - Could not find key 'management.health.defaults.enabled' in any property source
2020-03-14 21:56:48.673 [main] DEBUG o.s.b.f.s.DefaultListableBeanFactory - Returning cached instance of singleton bean 'autoConfigurationReport'
2020-03-14 21:56:48.673 [main] DEBUG o.s.c.a.ConfigurationClassBeanDefinitionReader - Registered bean definition for imported class 'org.springframework.boot.actuate.autoconfigure.jdbc.DataSourceHealthIndicatorAutoConfiguration'
2020-03-14 21:56:48.674 [main] DEBUG o.s.b.f.s.DefaultListableBeanFactory - Returning cached instance of singleton bean 'autoConfigurationReport'
2020-03-14 21:56:48.674 [main] DEBUG o.s.c.a.ConfigurationClassBeanDefinitionReader - Registering bean definition for @Bean method org.springframework.boot.actuate.autoconfigure.jdbc.DataSourceHealthIndicatorAutoConfiguration.dbHealthIndicator()
2020-03-14 21:56:48.674 [main] DEBUG o.s.b.f.s.DefaultListableBeanFactory - Returning cached instance of singleton bean 'autoConfigurationReport'
2020-03-14 21:56:48.675 [main] DEBUG o.s.c.a.ConfigurationClassBeanDefinitionReader - Registered bean definition for imported class 'org.springframework.boot.autoconfigure.gson.GsonAutoConfiguration'
2020-03-14 21:56:48.677 [main] DEBUG o.s.b.f.s.DefaultListableBeanFactory - Returning cached instance of singleton bean 'org.springframework.boot.autoconfigure.condition.BeanTypeRegistry'
2020-03-14 21:56:48.681 [main] DEBUG o.s.b.f.s.DefaultListableBeanFactory - Returning cached instance of singleton bean 'org.springframework.boot.autoconfigure.condition.BeanTypeRegistry'
2020-03-14 21:56:48.682 [main] DEBUG o.s.b.f.s.DefaultListableBeanFactory - Returning cached instance of singleton bean 'autoConfigurationReport'
2020-03-14 21:56:48.682 [main] DEBUG o.s.c.a.ConfigurationClassBeanDefinitionReader - Registering bean definition for @Bean method org.springframework.boot.autoconfigure.gson.GsonAutoConfiguration.gsonBuilder()
2020-03-14 21:56:48.682 [main] DEBUG o.s.b.f.s.DefaultListableBeanFactory - Returning cached instance of singleton bean 'org.springframework.boot.autoconfigure.condition.BeanTypeRegistry'
2020-03-14 21:56:48.685 [main] DEBUG o.s.b.f.s.DefaultListableBeanFactory - Returning cached instance of singleton bean 'org.springframework.boot.autoconfigure.condition.BeanTypeRegistry'
2020-03-14 21:56:48.685 [main] DEBUG o.s.b.f.s.DefaultListableBeanFactory - Returning cached instance of singleton bean 'autoConfigurationReport'
2020-03-14 21:56:48.686 [main] DEBUG o.s.c.a.ConfigurationClassBeanDefinitionReader - Registering bean definition for @Bean method org.springframework.boot.autoconfigure.gson.GsonAutoConfiguration.gson()
2020-03-14 21:56:48.686 [main] DEBUG o.s.c.a.ConfigurationClassBeanDefinitionReader - Registering bean definition for @Bean method org.springframework.boot.autoconfigure.gson.GsonAutoConfiguration.standardGsonBuilderCustomizer()
2020-03-14 21:56:48.687 [main] DEBUG o.s.c.e.PropertySourcesPropertyResolver - Could not find key 'management.health.defaults.enabled' in any property source
2020-03-14 21:56:48.687 [main] DEBUG o.s.b.f.s.DefaultListableBeanFactory - Returning cached instance of singleton bean 'autoConfigurationReport'
2020-03-14 21:56:48.689 [main] DEBUG o.s.c.a.ConfigurationClassBeanDefinitionReader - Registered bean definition for imported class 'org.springframework.boot.actuate.autoconfigure.elasticsearch.ElasticsearchHealthIndicatorAutoConfiguration'
2020-03-14 21:56:48.692 [main] DEBUG o.s.c.a.ConfigurationClassBeanDefinitionReader - Registered bean definition for imported class 'org.springframework.boot.actuate.autoconfigure.health.HealthIndicatorAutoConfiguration'
2020-03-14 21:56:48.695 [main] DEBUG o.s.b.f.s.DefaultListableBeanFactory - Returning cached instance of singleton bean 'org.springframework.boot.autoconfigure.condition.BeanTypeRegistry'
2020-03-14 21:56:48.698 [main] DEBUG o.s.b.f.s.DefaultListableBeanFactory - Returning cached instance of singleton bean 'org.springframework.boot.autoconfigure.condition.BeanTypeRegistry'
2020-03-14 21:56:48.698 [main] DEBUG o.s.b.f.s.DefaultListableBeanFactory - Returning cached instance of singleton bean 'org.springframework.boot.autoconfigure.condition.BeanTypeRegistry'
2020-03-14 21:56:48.698 [main] DEBUG o.s.b.f.s.DefaultListableBeanFactory - Returning cached instance of singleton bean 'org.springframework.boot.autoconfigure.condition.BeanTypeRegistry'
2020-03-14 21:56:48.699 [main] DEBUG o.s.b.f.s.DefaultListableBeanFactory - Returning cached instance of singleton bean 'autoConfigurationReport'
2020-03-14 21:56:48.700 [main] DEBUG o.s.b.f.s.DefaultListableBeanFactory - Returning cached instance of singleton bean 'org.springframework.boot.autoconfigure.condition.BeanTypeRegistry'
2020-03-14 21:56:48.701 [main] DEBUG o.s.b.f.s.DefaultListableBeanFactory - Returning cached instance of singleton bean 'org.springframework.boot.autoconfigure.condition.BeanTypeRegistry'
2020-03-14 21:56:48.701 [main] DEBUG o.s.b.f.s.DefaultListableBeanFactory - Returning cached instance of singleton bean 'autoConfigurationReport'
2020-03-14 21:56:48.701 [main] DEBUG o.s.c.a.ConfigurationClassBeanDefinitionReader - Registering bean definition for @Bean method org.springframework.boot.actuate.autoconfigure.health.HealthIndicatorAutoConfiguration.healthAggregator()
2020-03-14 21:56:48.702 [main] DEBUG o.s.c.a.ConfigurationClassBeanDefinitionReader - Registered bean definition for imported class 'org.springframework.boot.actuate.autoconfigure.health.HealthEndpointConfiguration'
2020-03-14 21:56:48.704 [main] DEBUG o.s.b.f.s.DefaultListableBeanFactory - Returning cached instance of singleton bean 'org.springframework.boot.autoconfigure.condition.BeanTypeRegistry'
2020-03-14 21:56:48.709 [main] DEBUG o.s.b.f.s.DefaultListableBeanFactory - Returning cached instance of singleton bean 'org.springframework.boot.autoconfigure.condition.BeanTypeRegistry'
2020-03-14 21:56:48.709 [main] DEBUG o.s.b.f.s.DefaultListableBeanFactory - Returning cached instance of singleton bean 'autoConfigurationReport'
2020-03-14 21:56:48.710 [main] DEBUG o.s.c.e.PropertySourcesPropertyResolver - Could not find key 'management.endpoint.health.enabled' in any property source
2020-03-14 21:56:48.710 [main] DEBUG o.s.b.f.s.DefaultListableBeanFactory - Returning cached instance of singleton bean 'autoConfigurationReport'
2020-03-14 21:56:48.710 [main] DEBUG o.s.c.a.ConfigurationClassBeanDefinitionReader - Registering bean definition for @Bean method org.springframework.boot.actuate.autoconfigure.health.HealthEndpointConfiguration.healthEndpoint()
2020-03-14 21:56:48.711 [main] DEBUG o.s.b.f.s.DefaultListableBeanFactory - Returning cached instance of singleton bean 'autoConfigurationReport'
2020-03-14 21:56:48.711 [main] DEBUG o.s.c.a.ConfigurationClassBeanDefinitionReader - Registered bean definition for imported class 'org.springframework.boot.actuate.autoconfigure.health.HealthEndpointWebExtensionConfiguration$ServletWebHealthConfiguration'
2020-03-14 21:56:48.711 [main] DEBUG o.s.b.f.s.DefaultListableBeanFactory - Returning cached instance of singleton bean 'org.springframework.boot.autoconfigure.condition.BeanTypeRegistry'
2020-03-14 21:56:48.713 [main] DEBUG o.s.b.f.s.DefaultListableBeanFactory - Returning cached instance of singleton bean 'org.springframework.boot.autoconfigure.condition.BeanTypeRegistry'
2020-03-14 21:56:48.715 [main] DEBUG o.s.b.f.s.DefaultListableBeanFactory - Returning cached instance of singleton bean 'org.springframework.boot.autoconfigure.condition.BeanTypeRegistry'
2020-03-14 21:56:48.717 [main] DEBUG o.s.b.f.s.DefaultListableBeanFactory - Returning cached instance of singleton bean 'org.springframework.boot.autoconfigure.condition.BeanTypeRegistry'
2020-03-14 21:56:48.719 [main] DEBUG o.s.b.f.s.DefaultListableBeanFactory - Returning cached instance of singleton bean 'autoConfigurationReport'
2020-03-14 21:56:48.733 [main] DEBUG o.s.c.e.PropertySourcesPropertyResolver - Could not find key 'management.endpoint.health.enabled' in any property source
2020-03-14 21:56:48.734 [main] DEBUG o.s.b.f.s.DefaultListableBeanFactory - Returning cached instance of singleton bean 'autoConfigurationReport'
2020-03-14 21:56:48.735 [main] DEBUG o.s.b.f.s.DefaultListableBeanFactory - Returning cached instance of singleton bean 'org.springframework.boot.autoconfigure.condition.BeanTypeRegistry'
2020-03-14 21:56:48.735 [main] DEBUG o.s.b.f.s.DefaultListableBeanFactory - Returning cached instance of singleton bean 'org.springframework.boot.autoconfigure.condition.BeanTypeRegistry'
2020-03-14 21:56:48.735 [main] DEBUG o.s.b.f.s.DefaultListableBeanFactory - Returning cached instance of singleton bean 'org.springframework.boot.autoconfigure.condition.BeanTypeRegistry'
2020-03-14 21:56:48.736 [main] DEBUG o.s.b.f.s.DefaultListableBeanFactory - Returning cached instance of singleton bean 'org.springframework.boot.autoconfigure.condition.BeanTypeRegistry'
2020-03-14 21:56:48.736 [main] DEBUG o.s.b.f.s.DefaultListableBeanFactory - Returning cached instance of singleton bean 'autoConfigurationReport'
2020-03-14 21:56:48.737 [main] DEBUG o.s.c.a.ConfigurationClassBeanDefinitionReader - Registering bean definition for @Bean method org.springframework.boot.actuate.autoconfigure.health.HealthEndpointWebExtensionConfiguration$ServletWebHealthConfiguration.healthEndpointWebExtension()
2020-03-14 21:56:48.737 [main] DEBUG o.s.c.a.ConfigurationClassBeanDefinitionReader - Registered bean definition for imported class 'org.springframework.boot.actuate.autoconfigure.health.HealthEndpointWebExtensionConfiguration'
2020-03-14 21:56:48.738 [main] DEBUG o.s.b.f.s.DefaultListableBeanFactory - Returning cached instance of singleton bean 'org.springframework.boot.autoconfigure.condition.BeanTypeRegistry'
2020-03-14 21:56:48.742 [main] DEBUG o.s.b.f.s.DefaultListableBeanFactory - Returning cached instance of singleton bean 'org.springframework.boot.autoconfigure.condition.BeanTypeRegistry'
2020-03-14 21:56:48.742 [main] DEBUG o.s.b.f.s.DefaultListableBeanFactory - Returning cached instance of singleton bean 'autoConfigurationReport'
2020-03-14 21:56:48.743 [main] DEBUG o.s.c.a.ConfigurationClassBeanDefinitionReader - Registering bean definition for @Bean method org.springframework.boot.actuate.autoconfigure.health.HealthEndpointWebExtensionConfiguration.createHealthStatusHttpMapper()
2020-03-14 21:56:48.743 [main] DEBUG o.s.b.f.s.DefaultListableBeanFactory - Returning cached instance of singleton bean 'org.springframework.boot.autoconfigure.condition.BeanTypeRegistry'
2020-03-14 21:56:48.745 [main] DEBUG o.s.b.f.s.DefaultListableBeanFactory - Returning cached instance of singleton bean 'org.springframework.boot.autoconfigure.condition.BeanTypeRegistry'
2020-03-14 21:56:48.745 [main] DEBUG o.s.b.f.s.DefaultListableBeanFactory - Returning cached instance of singleton bean 'autoConfigurationReport'
2020-03-14 21:56:48.745 [main] DEBUG o.s.c.a.ConfigurationClassBeanDefinitionReader - Registering bean definition for @Bean method org.springframework.boot.actuate.autoconfigure.health.HealthEndpointWebExtensionConfiguration.healthWebEndpointResponseMapper()
2020-03-14 21:56:48.746 [main] DEBUG o.s.c.a.ConfigurationClassBeanDefinitionReader - Registered bean definition for imported class 'org.springframework.boot.actuate.autoconfigure.health.HealthEndpointAutoConfiguration'
2020-03-14 21:56:48.746 [main] DEBUG o.s.b.f.s.DefaultListableBeanFactory - Returning cached instance of singleton bean 'autoConfigurationReport'
2020-03-14 21:56:48.746 [main] DEBUG o.s.b.f.s.DefaultListableBeanFactory - Returning cached instance of singleton bean 'autoConfigurationReport'
2020-03-14 21:56:48.746 [main] DEBUG o.s.c.a.ConfigurationClassBeanDefinitionReader - Registered bean definition for imported class 'org.springframework.boot.actuate.autoconfigure.web.servlet.ServletManagementContextAutoConfiguration'
2020-03-14 21:56:48.746 [main] DEBUG o.s.c.a.ConfigurationClassBeanDefinitionReader - Registering bean definition for @Bean method org.springframework.boot.actuate.autoconfigure.web.servlet.ServletManagementContextAutoConfiguration.servletWebChildContextFactory()
2020-03-14 21:56:48.747 [main] DEBUG o.s.c.a.ConfigurationClassBeanDefinitionReader - Registering bean definition for @Bean method org.springframework.boot.actuate.autoconfigure.web.servlet.ServletManagementContextAutoConfiguration.managementServletContext()
2020-03-14 21:56:48.747 [main] DEBUG o.s.c.a.ConfigurationClassBeanDefinitionReader - Registered bean definition for imported class 'org.springframework.boot.actuate.autoconfigure.condition.ConditionsReportEndpointAutoConfiguration'
2020-03-14 21:56:48.747 [main] DEBUG o.s.b.f.s.DefaultListableBeanFactory - Returning cached instance of singleton bean 'org.springframework.boot.autoconfigure.condition.BeanTypeRegistry'
2020-03-14 21:56:48.886 [main] DEBUG o.s.b.f.s.DefaultListableBeanFactory - Returning cached instance of singleton bean 'autoConfigurationReport'
2020-03-14 21:56:48.886 [main] DEBUG o.s.c.e.PropertySourcesPropertyResolver - Could not find key 'management.endpoint.conditions.enabled' in any property source
2020-03-14 21:56:48.886 [main] DEBUG o.s.b.f.s.DefaultListableBeanFactory - Returning cached instance of singleton bean 'autoConfigurationReport'
2020-03-14 21:56:48.887 [main] DEBUG o.s.c.a.ConfigurationClassBeanDefinitionReader - Registering bean definition for @Bean method org.springframework.boot.actuate.autoconfigure.condition.ConditionsReportEndpointAutoConfiguration.conditionsReportEndpoint()
2020-03-14 21:56:48.887 [main] DEBUG o.s.c.a.ConfigurationClassBeanDefinitionReader - Registered bean definition for imported class 'org.springframework.boot.actuate.autoconfigure.context.ShutdownEndpointAutoConfiguration'
2020-03-14 21:56:48.887 [main] DEBUG o.s.b.f.s.DefaultListableBeanFactory - Returning cached instance of singleton bean 'org.springframework.boot.autoconfigure.condition.BeanTypeRegistry'
2020-03-14 21:56:48.889 [main] DEBUG o.s.b.f.s.DefaultListableBeanFactory - Returning cached instance of singleton bean 'org.springframework.boot.autoconfigure.condition.BeanTypeRegistry'
2020-03-14 21:56:48.889 [main] DEBUG o.s.b.f.s.DefaultListableBeanFactory - Returning cached instance of singleton bean 'autoConfigurationReport'
2020-03-14 21:56:48.889 [main] DEBUG o.s.c.e.PropertySourcesPropertyResolver - Could not find key 'management.endpoint.shutdown.enabled' in any property source
2020-03-14 21:56:48.890 [main] DEBUG o.s.b.f.s.DefaultListableBeanFactory - Returning cached instance of singleton bean 'autoConfigurationReport'
2020-03-14 21:56:48.891 [main] DEBUG o.s.c.a.ConfigurationClassBeanDefinitionReader - Registered bean definition for imported class 'org.springframework.boot.actuate.autoconfigure.context.properties.ConfigurationPropertiesReportEndpointAutoConfiguration'
2020-03-14 21:56:48.892 [main] DEBUG o.s.b.f.s.DefaultListableBeanFactory - Returning cached instance of singleton bean 'org.springframework.boot.autoconfigure.condition.BeanTypeRegistry'
2020-03-14 21:56:48.894 [main] DEBUG o.s.b.f.s.DefaultListableBeanFactory - Returning cached instance of singleton bean 'org.springframework.boot.autoconfigure.condition.BeanTypeRegistry'
2020-03-14 21:56:48.894 [main] DEBUG o.s.b.f.s.DefaultListableBeanFactory - Returning cached instance of singleton bean 'autoConfigurationReport'
2020-03-14 21:56:48.895 [main] DEBUG o.s.c.e.PropertySourcesPropertyResolver - Could not find key 'management.endpoint.configprops.enabled' in any property source
2020-03-14 21:56:48.895 [main] DEBUG o.s.b.f.s.DefaultListableBeanFactory - Returning cached instance of singleton bean 'autoConfigurationReport'
2020-03-14 21:56:48.896 [main] DEBUG o.s.c.a.ConfigurationClassBeanDefinitionReader - Registering bean definition for @Bean method org.springframework.boot.actuate.autoconfigure.context.properties.ConfigurationPropertiesReportEndpointAutoConfiguration.configurationPropertiesReportEndpoint()
2020-03-14 21:56:48.900 [main] DEBUG o.s.c.a.ConfigurationClassBeanDefinitionReader - Registered bean definition for imported class 'org.springframework.boot.actuate.autoconfigure.endpoint.EndpointAutoConfiguration'
2020-03-14 21:56:48.903 [main] DEBUG o.s.b.f.s.DefaultListableBeanFactory - Returning cached instance of singleton bean 'org.springframework.boot.autoconfigure.condition.BeanTypeRegistry'
2020-03-14 21:56:48.906 [main] DEBUG o.s.b.f.s.DefaultListableBeanFactory - Returning cached instance of singleton bean 'org.springframework.boot.autoconfigure.condition.BeanTypeRegistry'
2020-03-14 21:56:48.907 [main] DEBUG o.s.b.f.s.DefaultListableBeanFactory - Returning cached instance of singleton bean 'autoConfigurationReport'
2020-03-14 21:56:48.907 [main] DEBUG o.s.c.a.ConfigurationClassBeanDefinitionReader - Registering bean definition for @Bean method org.springframework.boot.actuate.autoconfigure.endpoint.EndpointAutoConfiguration.endpointOperationParameterMapper()
2020-03-14 21:56:48.910 [main] DEBUG o.s.b.f.s.DefaultListableBeanFactory - Returning cached instance of singleton bean 'org.springframework.boot.autoconfigure.condition.BeanTypeRegistry'
2020-03-14 21:56:48.911 [main] DEBUG o.s.b.f.s.DefaultListableBeanFactory - Returning cached instance of singleton bean 'org.springframework.boot.autoconfigure.condition.BeanTypeRegistry'
2020-03-14 21:56:48.912 [main] DEBUG o.s.b.f.s.DefaultListableBeanFactory - Returning cached instance of singleton bean 'autoConfigurationReport'
2020-03-14 21:56:48.912 [main] DEBUG o.s.c.a.ConfigurationClassBeanDefinitionReader - Registering bean definition for @Bean method org.springframework.boot.actuate.autoconfigure.endpoint.EndpointAutoConfiguration.endpointCachingOperationInvokerAdvisor()
2020-03-14 21:56:48.915 [main] DEBUG o.s.c.a.ConfigurationClassBeanDefinitionReader - Registered bean definition for imported class 'org.springframework.boot.actuate.autoconfigure.endpoint.jmx.JmxEndpointAutoConfiguration'
2020-03-14 21:56:48.917 [main] DEBUG o.s.b.f.s.DefaultListableBeanFactory - Returning cached instance of singleton bean 'org.springframework.boot.autoconfigure.condition.BeanTypeRegistry'
2020-03-14 21:56:48.918 [main] DEBUG o.s.b.f.s.DefaultListableBeanFactory - Returning cached instance of singleton bean 'org.springframework.boot.autoconfigure.condition.BeanTypeRegistry'
2020-03-14 21:56:48.918 [main] DEBUG o.s.b.f.s.DefaultListableBeanFactory - Returning cached instance of singleton bean 'autoConfigurationReport'
2020-03-14 21:56:48.918 [main] DEBUG o.s.c.a.ConfigurationClassBeanDefinitionReader - Registering bean definition for @Bean method org.springframework.boot.actuate.autoconfigure.endpoint.jmx.JmxEndpointAutoConfiguration.jmxAnnotationEndpointDiscoverer()
2020-03-14 21:56:48.919 [main] DEBUG o.s.b.f.s.DefaultListableBeanFactory - Returning cached instance of singleton bean 'org.springframework.boot.autoconfigure.condition.BeanTypeRegistry'
2020-03-14 21:56:48.928 [main] DEBUG o.s.b.f.s.DefaultListableBeanFactory - Returning cached instance of singleton bean 'org.springframework.boot.autoconfigure.condition.BeanTypeRegistry'
2020-03-14 21:56:48.928 [main] DEBUG o.s.b.f.s.DefaultListableBeanFactory - Returning cached instance of singleton bean 'autoConfigurationReport'
2020-03-14 21:56:48.928 [main] DEBUG o.s.c.a.ConfigurationClassBeanDefinitionReader - Registering bean definition for @Bean method org.springframework.boot.actuate.autoconfigure.endpoint.jmx.JmxEndpointAutoConfiguration.jmxIncludeExcludePropertyEndpointFilter()
2020-03-14 21:56:48.929 [main] DEBUG o.s.b.f.s.DefaultListableBeanFactory - Returning cached instance of singleton bean 'autoConfigurationReport'
2020-03-14 21:56:48.929 [main] DEBUG o.s.b.f.s.DefaultListableBeanFactory - Returning cached instance of singleton bean 'autoConfigurationReport'
2020-03-14 21:56:48.929 [main] DEBUG o.s.c.a.ConfigurationClassBeanDefinitionReader - Registered bean definition for imported class 'org.springframework.boot.actuate.autoconfigure.endpoint.web.WebEndpointAutoConfiguration$WebEndpointServletAutoConfiguration'
2020-03-14 21:56:48.929 [main] DEBUG o.s.b.f.s.DefaultListableBeanFactory - Returning cached instance of singleton bean 'org.springframework.boot.autoconfigure.condition.BeanTypeRegistry'
2020-03-14 21:56:48.931 [main] DEBUG o.s.b.f.s.DefaultListableBeanFactory - Returning cached instance of singleton bean 'org.springframework.boot.autoconfigure.condition.BeanTypeRegistry'
2020-03-14 21:56:48.931 [main] DEBUG o.s.b.f.s.DefaultListableBeanFactory - Returning cached instance of singleton bean 'autoConfigurationReport'
2020-03-14 21:56:48.931 [main] DEBUG o.s.c.a.ConfigurationClassBeanDefinitionReader - Registering bean definition for @Bean method org.springframework.boot.actuate.autoconfigure.endpoint.web.WebEndpointAutoConfiguration$WebEndpointServletAutoConfiguration.servletEndpointDiscoverer()
2020-03-14 21:56:48.931 [main] DEBUG o.s.c.a.ConfigurationClassBeanDefinitionReader - Registered bean definition for imported class 'org.springframework.boot.actuate.autoconfigure.endpoint.web.WebEndpointAutoConfiguration'
2020-03-14 21:56:48.932 [main] DEBUG o.s.b.f.s.DefaultListableBeanFactory - Returning cached instance of singleton bean 'org.springframework.boot.autoconfigure.condition.BeanTypeRegistry'
2020-03-14 21:56:48.935 [main] DEBUG o.s.b.f.s.DefaultListableBeanFactory - Returning cached instance of singleton bean 'org.springframework.boot.autoconfigure.condition.BeanTypeRegistry'
2020-03-14 21:56:48.935 [main] DEBUG o.s.b.f.s.DefaultListableBeanFactory - Returning cached instance of singleton bean 'autoConfigurationReport'
2020-03-14 21:56:48.935 [main] DEBUG o.s.c.a.ConfigurationClassBeanDefinitionReader - Registering bean definition for @Bean method org.springframework.boot.actuate.autoconfigure.endpoint.web.WebEndpointAutoConfiguration.webEndpointPathMapper()
2020-03-14 21:56:48.935 [main] DEBUG o.s.b.f.s.DefaultListableBeanFactory - Returning cached instance of singleton bean 'org.springframework.boot.autoconfigure.condition.BeanTypeRegistry'
2020-03-14 21:56:48.937 [main] DEBUG o.s.b.f.s.DefaultListableBeanFactory - Returning cached instance of singleton bean 'org.springframework.boot.autoconfigure.condition.BeanTypeRegistry'
2020-03-14 21:56:48.937 [main] DEBUG o.s.b.f.s.DefaultListableBeanFactory - Returning cached instance of singleton bean 'autoConfigurationReport'
2020-03-14 21:56:48.938 [main] DEBUG o.s.c.a.ConfigurationClassBeanDefinitionReader - Registering bean definition for @Bean method org.springframework.boot.actuate.autoconfigure.endpoint.web.WebEndpointAutoConfiguration.endpointMediaTypes()
2020-03-14 21:56:48.938 [main] DEBUG o.s.b.f.s.DefaultListableBeanFactory - Returning cached instance of singleton bean 'org.springframework.boot.autoconfigure.condition.BeanTypeRegistry'
2020-03-14 21:56:48.939 [main] DEBUG o.s.b.f.s.DefaultListableBeanFactory - Returning cached instance of singleton bean 'org.springframework.boot.autoconfigure.condition.BeanTypeRegistry'
2020-03-14 21:56:48.940 [main] DEBUG o.s.b.f.s.DefaultListableBeanFactory - Returning cached instance of singleton bean 'autoConfigurationReport'
2020-03-14 21:56:48.940 [main] DEBUG o.s.c.a.ConfigurationClassBeanDefinitionReader - Registering bean definition for @Bean method org.springframework.boot.actuate.autoconfigure.endpoint.web.WebEndpointAutoConfiguration.webEndpointDiscoverer()
2020-03-14 21:56:48.940 [main] DEBUG o.s.b.f.s.DefaultListableBeanFactory - Returning cached instance of singleton bean 'org.springframework.boot.autoconfigure.condition.BeanTypeRegistry'
2020-03-14 21:56:48.941 [main] DEBUG o.s.b.f.s.DefaultListableBeanFactory - Returning cached instance of singleton bean 'org.springframework.boot.autoconfigure.condition.BeanTypeRegistry'
2020-03-14 21:56:48.942 [main] DEBUG o.s.b.f.s.DefaultListableBeanFactory - Returning cached instance of singleton bean 'autoConfigurationReport'
2020-03-14 21:56:48.942 [main] DEBUG o.s.c.a.ConfigurationClassBeanDefinitionReader - Registering bean definition for @Bean method org.springframework.boot.actuate.autoconfigure.endpoint.web.WebEndpointAutoConfiguration.controllerEndpointDiscoverer()
2020-03-14 21:56:48.942 [main] DEBUG o.s.b.f.s.DefaultListableBeanFactory - Returning cached instance of singleton bean 'org.springframework.boot.autoconfigure.condition.BeanTypeRegistry'
2020-03-14 21:56:48.942 [main] DEBUG o.s.b.f.s.DefaultListableBeanFactory - Returning cached instance of singleton bean 'org.springframework.boot.autoconfigure.condition.BeanTypeRegistry'
2020-03-14 21:56:48.942 [main] DEBUG o.s.b.f.s.DefaultListableBeanFactory - Returning cached instance of singleton bean 'autoConfigurationReport'
2020-03-14 21:56:48.943 [main] DEBUG o.s.c.a.ConfigurationClassBeanDefinitionReader - Registering bean definition for @Bean method org.springframework.boot.actuate.autoconfigure.endpoint.web.WebEndpointAutoConfiguration.pathMappedEndpoints()
2020-03-14 21:56:48.943 [main] DEBUG o.s.c.a.ConfigurationClassBeanDefinitionReader - Registering bean definition for @Bean method org.springframework.boot.actuate.autoconfigure.endpoint.web.WebEndpointAutoConfiguration.webExposeExcludePropertyEndpointFilter()
2020-03-14 21:56:48.943 [main] DEBUG o.s.c.a.ConfigurationClassBeanDefinitionReader - Registering bean definition for @Bean method org.springframework.boot.actuate.autoconfigure.endpoint.web.WebEndpointAutoConfiguration.controllerExposeExcludePropertyEndpointFilter()
2020-03-14 21:56:48.943 [main] DEBUG o.s.c.a.ConfigurationClassBeanDefinitionReader - Registered bean definition for imported class 'org.springframework.cloud.autoconfigure.LifecycleMvcEndpointAutoConfiguration'
2020-03-14 21:56:48.944 [main] DEBUG o.s.b.f.s.DefaultListableBeanFactory - Returning cached instance of singleton bean 'org.springframework.boot.autoconfigure.condition.BeanTypeRegistry'
2020-03-14 21:56:48.947 [main] DEBUG o.s.b.f.s.DefaultListableBeanFactory - Returning cached instance of singleton bean 'org.springframework.boot.autoconfigure.condition.BeanTypeRegistry'
2020-03-14 21:56:48.947 [main] DEBUG o.s.b.f.s.DefaultListableBeanFactory - Returning cached instance of singleton bean 'autoConfigurationReport'
2020-03-14 21:56:48.948 [main] DEBUG o.s.c.a.ConfigurationClassBeanDefinitionReader - Registering bean definition for @Bean method org.springframework.cloud.autoconfigure.LifecycleMvcEndpointAutoConfiguration.environmentManager()
2020-03-14 21:56:48.948 [main] DEBUG o.s.b.f.s.DefaultListableBeanFactory - Returning cached instance of singleton bean 'autoConfigurationReport'
2020-03-14 21:56:48.948 [main] DEBUG o.s.b.f.s.DefaultListableBeanFactory - Returning cached instance of singleton bean 'org.springframework.boot.autoconfigure.condition.BeanTypeRegistry'
2020-03-14 21:56:48.948 [main] DEBUG o.s.b.f.s.DefaultListableBeanFactory - Returning cached instance of singleton bean 'org.springframework.boot.autoconfigure.condition.BeanTypeRegistry'
2020-03-14 21:56:48.948 [main] DEBUG o.s.b.f.s.DefaultListableBeanFactory - Returning cached instance of singleton bean 'autoConfigurationReport'
2020-03-14 21:56:48.949 [main] DEBUG o.s.c.a.ConfigurationClassBeanDefinitionReader - Registered bean definition for imported class 'org.springframework.cloud.autoconfigure.WritableEnvironmentEndpointAutoConfiguration'
2020-03-14 21:56:48.949 [main] DEBUG o.s.b.f.s.DefaultListableBeanFactory - Returning cached instance of singleton bean 'org.springframework.boot.autoconfigure.condition.BeanTypeRegistry'
2020-03-14 21:56:48.950 [main] DEBUG o.s.b.f.s.DefaultListableBeanFactory - Returning cached instance of singleton bean 'org.springframework.boot.autoconfigure.condition.BeanTypeRegistry'
2020-03-14 21:56:48.950 [main] DEBUG o.s.b.f.s.DefaultListableBeanFactory - Returning cached instance of singleton bean 'autoConfigurationReport'
2020-03-14 21:56:48.950 [main] DEBUG o.s.c.e.PropertySourcesPropertyResolver - Could not find key 'management.endpoint.env.enabled' in any property source
2020-03-14 21:56:48.950 [main] DEBUG o.s.b.f.s.DefaultListableBeanFactory - Returning cached instance of singleton bean 'autoConfigurationReport'
2020-03-14 21:56:48.951 [main] DEBUG o.s.c.a.ConfigurationClassBeanDefinitionReader - Registering bean definition for @Bean method org.springframework.cloud.autoconfigure.WritableEnvironmentEndpointAutoConfiguration.environmentEndpoint()
2020-03-14 21:56:48.952 [main] DEBUG o.s.c.e.PropertySourcesPropertyResolver - Could not find key 'management.endpoint.env.enabled' in any property source
2020-03-14 21:56:48.952 [main] DEBUG o.s.b.f.s.DefaultListableBeanFactory - Returning cached instance of singleton bean 'autoConfigurationReport'
2020-03-14 21:56:48.952 [main] DEBUG o.s.c.a.ConfigurationClassBeanDefinitionReader - Registering bean definition for @Bean method org.springframework.cloud.autoconfigure.WritableEnvironmentEndpointAutoConfiguration.environmentEndpointWebExtension()
2020-03-14 21:56:48.952 [main] DEBUG o.s.c.a.ConfigurationClassBeanDefinitionReader - Registered bean definition for imported class 'org.springframework.boot.actuate.autoconfigure.env.EnvironmentEndpointAutoConfiguration'
2020-03-14 21:56:48.953 [main] DEBUG o.s.b.f.s.DefaultListableBeanFactory - Returning cached instance of singleton bean 'org.springframework.boot.autoconfigure.condition.BeanTypeRegistry'
2020-03-14 21:56:48.953 [main] DEBUG o.s.b.f.s.DefaultListableBeanFactory - Returning cached instance of singleton bean 'org.springframework.boot.autoconfigure.condition.BeanTypeRegistry'
2020-03-14 21:56:48.953 [main] DEBUG o.s.b.f.s.DefaultListableBeanFactory - Returning cached instance of singleton bean 'autoConfigurationReport'
2020-03-14 21:56:48.953 [main] DEBUG o.s.b.f.s.DefaultListableBeanFactory - Returning cached instance of singleton bean 'org.springframework.boot.autoconfigure.condition.BeanTypeRegistry'
2020-03-14 21:56:48.953 [main] DEBUG o.s.b.f.s.DefaultListableBeanFactory - Returning cached instance of singleton bean 'org.springframework.boot.autoconfigure.condition.BeanTypeRegistry'
2020-03-14 21:56:48.954 [main] DEBUG o.s.b.f.s.DefaultListableBeanFactory - Returning cached instance of singleton bean 'org.springframework.boot.autoconfigure.condition.BeanTypeRegistry'
2020-03-14 21:56:48.954 [main] DEBUG o.s.b.f.s.DefaultListableBeanFactory - Returning cached instance of singleton bean 'org.springframework.boot.autoconfigure.condition.BeanTypeRegistry'
2020-03-14 21:56:48.954 [main] DEBUG o.s.b.f.s.DefaultListableBeanFactory - Returning cached instance of singleton bean 'autoConfigurationReport'
2020-03-14 21:56:48.954 [main] DEBUG o.s.c.a.ConfigurationClassBeanDefinitionReader - Registered bean definition for imported class 'org.springframework.boot.autoconfigure.info.ProjectInfoAutoConfiguration'
2020-03-14 21:56:48.956 [main] DEBUG o.s.c.e.PropertySourcesPropertyResolver - Could not find key 'spring.info.git.location' in any property source
2020-03-14 21:56:48.958 [main] DEBUG o.s.b.f.s.DefaultListableBeanFactory - Returning cached instance of singleton bean 'autoConfigurationReport'
2020-03-14 21:56:48.959 [main] DEBUG o.s.c.e.PropertySourcesPropertyResolver - Could not find key 'spring.info.build.location:classpath:META-INF/build-info.properties' in any property source
2020-03-14 21:56:48.959 [main] DEBUG o.s.c.e.PropertySourcesPropertyResolver - Could not find key 'spring.info.build.location' in any property source
2020-03-14 21:56:48.960 [main] DEBUG o.s.b.f.s.DefaultListableBeanFactory - Returning cached instance of singleton bean 'autoConfigurationReport'
2020-03-14 21:56:48.963 [main] DEBUG o.s.c.a.ConfigurationClassBeanDefinitionReader - Registered bean definition for imported class 'org.springframework.boot.actuate.autoconfigure.info.InfoContributorAutoConfiguration'
2020-03-14 21:56:48.963 [main] DEBUG o.s.c.e.PropertySourcesPropertyResolver - Could not find key 'management.info.defaults.enabled' in any property source
2020-03-14 21:56:48.965 [main] DEBUG o.s.b.f.s.DefaultListableBeanFactory - Returning cached instance of singleton bean 'autoConfigurationReport'
2020-03-14 21:56:48.965 [main] DEBUG o.s.c.a.ConfigurationClassBeanDefinitionReader - Registering bean definition for @Bean method org.springframework.boot.actuate.autoconfigure.info.InfoContributorAutoConfiguration.envInfoContributor()
2020-03-14 21:56:48.965 [main] DEBUG o.s.c.e.PropertySourcesPropertyResolver - Could not find key 'management.info.defaults.enabled' in any property source
2020-03-14 21:56:48.965 [main] DEBUG o.s.b.f.s.DefaultListableBeanFactory - Returning cached instance of singleton bean 'autoConfigurationReport'
2020-03-14 21:56:48.968 [main] DEBUG o.s.b.f.s.DefaultListableBeanFactory - Returning cached instance of singleton bean 'org.springframework.boot.autoconfigure.condition.BeanTypeRegistry'
2020-03-14 21:56:48.973 [main] DEBUG o.s.b.f.s.DefaultListableBeanFactory - Returning cached instance of singleton bean 'org.springframework.boot.autoconfigure.condition.BeanTypeRegistry'
2020-03-14 21:56:48.974 [main] DEBUG o.s.b.f.s.DefaultListableBeanFactory - Returning cached instance of singleton bean 'autoConfigurationReport'
2020-03-14 21:56:48.975 [main] DEBUG o.s.c.e.PropertySourcesPropertyResolver - Could not find key 'management.info.defaults.enabled' in any property source
2020-03-14 21:56:48.975 [main] DEBUG o.s.b.f.s.DefaultListableBeanFactory - Returning cached instance of singleton bean 'autoConfigurationReport'
2020-03-14 21:56:48.975 [main] DEBUG o.s.b.f.s.DefaultListableBeanFactory - Returning cached instance of singleton bean 'org.springframework.boot.autoconfigure.condition.BeanTypeRegistry'
2020-03-14 21:56:48.976 [main] DEBUG o.s.b.f.s.DefaultListableBeanFactory - Returning cached instance of singleton bean 'org.springframework.boot.autoconfigure.condition.BeanTypeRegistry'
2020-03-14 21:56:48.976 [main] DEBUG o.s.b.f.s.DefaultListableBeanFactory - Returning cached instance of singleton bean 'autoConfigurationReport'
2020-03-14 21:56:48.977 [main] DEBUG o.s.c.a.ConfigurationClassBeanDefinitionReader - Registered bean definition for imported class 'org.springframework.boot.actuate.autoconfigure.info.InfoEndpointAutoConfiguration'
2020-03-14 21:56:48.978 [main] DEBUG o.s.b.f.s.DefaultListableBeanFactory - Returning cached instance of singleton bean 'org.springframework.boot.autoconfigure.condition.BeanTypeRegistry'
2020-03-14 21:56:48.979 [main] DEBUG o.s.b.f.s.DefaultListableBeanFactory - Returning cached instance of singleton bean 'org.springframework.boot.autoconfigure.condition.BeanTypeRegistry'
2020-03-14 21:56:48.980 [main] DEBUG o.s.b.f.s.DefaultListableBeanFactory - Returning cached instance of singleton bean 'autoConfigurationReport'
2020-03-14 21:56:48.981 [main] DEBUG o.s.c.e.PropertySourcesPropertyResolver - Could not find key 'management.endpoint.info.enabled' in any property source
2020-03-14 21:56:48.981 [main] DEBUG o.s.b.f.s.DefaultListableBeanFactory - Returning cached instance of singleton bean 'autoConfigurationReport'
2020-03-14 21:56:48.981 [main] DEBUG o.s.c.a.ConfigurationClassBeanDefinitionReader - Registering bean definition for @Bean method org.springframework.boot.actuate.autoconfigure.info.InfoEndpointAutoConfiguration.infoEndpoint()
2020-03-14 21:56:48.982 [main] DEBUG o.s.c.a.ConfigurationClassBeanDefinitionReader - Registered bean definition for imported class 'org.springframework.boot.actuate.autoconfigure.logging.LogFileWebEndpointAutoConfiguration'
2020-03-14 21:56:48.983 [main] DEBUG o.s.c.e.PropertySourcesPropertyResolver - Could not find key 'logging.file:' in any property source
2020-03-14 21:56:48.983 [main] DEBUG o.s.c.e.PropertySourcesPropertyResolver - Could not find key 'logging.file' in any property source
2020-03-14 21:56:48.983 [main] DEBUG o.s.c.e.PropertySourcesPropertyResolver - Could not find key 'logging.path:' in any property source
2020-03-14 21:56:48.983 [main] DEBUG o.s.c.e.PropertySourcesPropertyResolver - Could not find key 'logging.path' in any property source
2020-03-14 21:56:48.983 [main] DEBUG o.s.c.e.PropertySourcesPropertyResolver - Could not find key 'management.endpoint.logfile.external-file' in any property source
2020-03-14 21:56:48.985 [main] DEBUG o.s.b.f.s.DefaultListableBeanFactory - Returning cached instance of singleton bean 'autoConfigurationReport'
2020-03-14 21:56:48.985 [main] DEBUG o.s.c.a.ConfigurationClassBeanDefinitionReader - Registered bean definition for imported class 'org.springframework.boot.actuate.autoconfigure.logging.LoggersEndpointAutoConfiguration'
2020-03-14 21:56:48.986 [main] DEBUG o.s.b.f.s.DefaultListableBeanFactory - Returning cached instance of singleton bean 'autoConfigurationReport'
2020-03-14 21:56:48.987 [main] DEBUG o.s.b.f.s.DefaultListableBeanFactory - Returning cached instance of singleton bean 'org.springframework.boot.autoconfigure.condition.BeanTypeRegistry'
2020-03-14 21:56:48.989 [main] DEBUG o.s.b.f.s.DefaultListableBeanFactory - Returning cached instance of singleton bean 'org.springframework.boot.autoconfigure.condition.BeanTypeRegistry'
2020-03-14 21:56:48.990 [main] DEBUG o.s.b.f.s.DefaultListableBeanFactory - Returning cached instance of singleton bean 'org.springframework.boot.autoconfigure.condition.BeanTypeRegistry'
2020-03-14 21:56:48.991 [main] DEBUG o.s.b.f.s.DefaultListableBeanFactory - Returning cached instance of singleton bean 'org.springframework.boot.autoconfigure.condition.BeanTypeRegistry'
2020-03-14 21:56:48.991 [main] DEBUG o.s.b.f.s.DefaultListableBeanFactory - Returning cached instance of singleton bean 'autoConfigurationReport'
2020-03-14 21:56:48.991 [main] DEBUG o.s.b.f.s.DefaultListableBeanFactory - Returning cached instance of singleton bean 'org.springframework.boot.autoconfigure.condition.BeanTypeRegistry'
2020-03-14 21:56:48.992 [main] DEBUG o.s.b.f.s.DefaultListableBeanFactory - Returning cached instance of singleton bean 'org.springframework.boot.autoconfigure.condition.BeanTypeRegistry'
2020-03-14 21:56:48.992 [main] DEBUG o.s.b.f.s.DefaultListableBeanFactory - Returning cached instance of singleton bean 'org.springframework.boot.autoconfigure.condition.BeanTypeRegistry'
2020-03-14 21:56:48.992 [main] DEBUG o.s.b.f.s.DefaultListableBeanFactory - Returning cached instance of singleton bean 'org.springframework.boot.autoconfigure.condition.BeanTypeRegistry'
2020-03-14 21:56:48.992 [main] DEBUG o.s.b.f.s.DefaultListableBeanFactory - Returning cached instance of singleton bean 'autoConfigurationReport'
2020-03-14 21:56:48.992 [main] DEBUG o.s.c.e.PropertySourcesPropertyResolver - Could not find key 'management.endpoint.loggers.enabled' in any property source
2020-03-14 21:56:48.992 [main] DEBUG o.s.b.f.s.DefaultListableBeanFactory - Returning cached instance of singleton bean 'autoConfigurationReport'
2020-03-14 21:56:48.993 [main] DEBUG o.s.c.a.ConfigurationClassBeanDefinitionReader - Registering bean definition for @Bean method org.springframework.boot.actuate.autoconfigure.logging.LoggersEndpointAutoConfiguration.loggersEndpoint()
2020-03-14 21:56:48.993 [main] DEBUG o.s.c.a.ConfigurationClassBeanDefinitionReader - Registered bean definition for imported class 'org.springframework.boot.actuate.autoconfigure.management.HeapDumpWebEndpointAutoConfiguration'
2020-03-14 21:56:48.994 [main] DEBUG o.s.b.f.s.DefaultListableBeanFactory - Returning cached instance of singleton bean 'org.springframework.boot.autoconfigure.condition.BeanTypeRegistry'
2020-03-14 21:56:48.995 [main] DEBUG o.s.b.f.s.DefaultListableBeanFactory - Returning cached instance of singleton bean 'org.springframework.boot.autoconfigure.condition.BeanTypeRegistry'
2020-03-14 21:56:48.995 [main] DEBUG o.s.b.f.s.DefaultListableBeanFactory - Returning cached instance of singleton bean 'autoConfigurationReport'
2020-03-14 21:56:49.106 [main] DEBUG o.s.c.e.PropertySourcesPropertyResolver - Could not find key 'management.endpoint.heapdump.enabled' in any property source
2020-03-14 21:56:49.106 [main] DEBUG o.s.b.f.s.DefaultListableBeanFactory - Returning cached instance of singleton bean 'autoConfigurationReport'
2020-03-14 21:56:49.107 [main] DEBUG o.s.c.a.ConfigurationClassBeanDefinitionReader - Registering bean definition for @Bean method org.springframework.boot.actuate.autoconfigure.management.HeapDumpWebEndpointAutoConfiguration.heapDumpWebEndpoint()
2020-03-14 21:56:49.107 [main] DEBUG o.s.c.a.ConfigurationClassBeanDefinitionReader - Registered bean definition for imported class 'org.springframework.boot.actuate.autoconfigure.management.ThreadDumpEndpointAutoConfiguration'
2020-03-14 21:56:49.108 [main] DEBUG o.s.b.f.s.DefaultListableBeanFactory - Returning cached instance of singleton bean 'org.springframework.boot.autoconfigure.condition.BeanTypeRegistry'
2020-03-14 21:56:49.109 [main] DEBUG o.s.b.f.s.DefaultListableBeanFactory - Returning cached instance of singleton bean 'org.springframework.boot.autoconfigure.condition.BeanTypeRegistry'
2020-03-14 21:56:49.109 [main] DEBUG o.s.b.f.s.DefaultListableBeanFactory - Returning cached instance of singleton bean 'autoConfigurationReport'
2020-03-14 21:56:49.110 [main] DEBUG o.s.c.e.PropertySourcesPropertyResolver - Could not find key 'management.endpoint.threaddump.enabled' in any property source
2020-03-14 21:56:49.110 [main] DEBUG o.s.b.f.s.DefaultListableBeanFactory - Returning cached instance of singleton bean 'autoConfigurationReport'
2020-03-14 21:56:49.110 [main] DEBUG o.s.c.a.ConfigurationClassBeanDefinitionReader - Registering bean definition for @Bean method org.springframework.boot.actuate.autoconfigure.management.ThreadDumpEndpointAutoConfiguration.dumpEndpoint()
2020-03-14 21:56:49.111 [main] DEBUG o.s.b.f.s.DefaultListableBeanFactory - Returning cached instance of singleton bean 'autoConfigurationReport'
2020-03-14 21:56:49.112 [main] DEBUG o.s.c.a.ConfigurationClassBeanDefinitionReader - Registered bean definition for imported class 'org.springframework.boot.actuate.autoconfigure.metrics.MetricsAutoConfiguration$MeterBindersConfiguration'
2020-03-14 21:56:49.113 [main] DEBUG o.s.b.f.s.DefaultListableBeanFactory - Returning cached instance of singleton bean 'autoConfigurationReport'
2020-03-14 21:56:49.113 [main] DEBUG o.s.b.f.s.DefaultListableBeanFactory - Returning cached instance of singleton bean 'autoConfigurationReport'
2020-03-14 21:56:49.114 [main] DEBUG o.s.b.f.s.DefaultListableBeanFactory - Returning cached instance of singleton bean 'autoConfigurationReport'
2020-03-14 21:56:49.114 [main] DEBUG o.s.b.f.s.DefaultListableBeanFactory - Returning cached instance of singleton bean 'org.springframework.boot.autoconfigure.condition.BeanTypeRegistry'
2020-03-14 21:56:49.116 [main] DEBUG o.s.b.f.s.DefaultListableBeanFactory - Returning cached instance of singleton bean 'org.springframework.boot.autoconfigure.condition.BeanTypeRegistry'
2020-03-14 21:56:49.116 [main] DEBUG o.s.b.f.s.DefaultListableBeanFactory - Returning cached instance of singleton bean 'autoConfigurationReport'
2020-03-14 21:56:49.116 [main] DEBUG o.s.c.a.ConfigurationClassBeanDefinitionReader - Registering bean definition for @Bean method org.springframework.boot.actuate.autoconfigure.metrics.MetricsAutoConfiguration$MeterBindersConfiguration.logbackMetrics()
2020-03-14 21:56:49.116 [main] DEBUG o.s.b.f.s.DefaultListableBeanFactory - Returning cached instance of singleton bean 'autoConfigurationReport'
2020-03-14 21:56:49.118 [main] DEBUG o.s.b.f.s.DefaultListableBeanFactory - Returning cached instance of singleton bean 'org.springframework.boot.autoconfigure.condition.BeanTypeRegistry'
2020-03-14 21:56:49.120 [main] DEBUG o.s.b.f.s.DefaultListableBeanFactory - Returning cached instance of singleton bean 'org.springframework.boot.autoconfigure.condition.BeanTypeRegistry'
2020-03-14 21:56:49.120 [main] DEBUG o.s.b.f.s.DefaultListableBeanFactory - Returning cached instance of singleton bean 'autoConfigurationReport'
2020-03-14 21:56:49.120 [main] DEBUG o.s.c.a.ConfigurationClassBeanDefinitionReader - Registering bean definition for @Bean method org.springframework.boot.actuate.autoconfigure.metrics.MetricsAutoConfiguration$MeterBindersConfiguration.uptimeMetrics()
2020-03-14 21:56:49.122 [main] DEBUG o.s.b.f.s.DefaultListableBeanFactory - Returning cached instance of singleton bean 'autoConfigurationReport'
2020-03-14 21:56:49.123 [main] DEBUG o.s.b.f.s.DefaultListableBeanFactory - Returning cached instance of singleton bean 'org.springframework.boot.autoconfigure.condition.BeanTypeRegistry'
2020-03-14 21:56:49.124 [main] DEBUG o.s.b.f.s.DefaultListableBeanFactory - Returning cached instance of singleton bean 'org.springframework.boot.autoconfigure.condition.BeanTypeRegistry'
2020-03-14 21:56:49.125 [main] DEBUG o.s.b.f.s.DefaultListableBeanFactory - Returning cached instance of singleton bean 'autoConfigurationReport'
2020-03-14 21:56:49.125 [main] DEBUG o.s.c.a.ConfigurationClassBeanDefinitionReader - Registering bean definition for @Bean method org.springframework.boot.actuate.autoconfigure.metrics.MetricsAutoConfiguration$MeterBindersConfiguration.processorMetrics()
2020-03-14 21:56:49.125 [main] DEBUG o.s.b.f.s.DefaultListableBeanFactory - Returning cached instance of singleton bean 'autoConfigurationReport'
2020-03-14 21:56:49.126 [main] DEBUG o.s.b.f.s.DefaultListableBeanFactory - Returning cached instance of singleton bean 'org.springframework.boot.autoconfigure.condition.BeanTypeRegistry'
2020-03-14 21:56:49.127 [main] DEBUG o.s.b.f.s.DefaultListableBeanFactory - Returning cached instance of singleton bean 'org.springframework.boot.autoconfigure.condition.BeanTypeRegistry'
2020-03-14 21:56:49.127 [main] DEBUG o.s.b.f.s.DefaultListableBeanFactory - Returning cached instance of singleton bean 'autoConfigurationReport'
2020-03-14 21:56:49.127 [main] DEBUG o.s.c.a.ConfigurationClassBeanDefinitionReader - Registering bean definition for @Bean method org.springframework.boot.actuate.autoconfigure.metrics.MetricsAutoConfiguration$MeterBindersConfiguration.fileDescriptorMetrics()
2020-03-14 21:56:49.128 [main] DEBUG o.s.b.f.s.DefaultListableBeanFactory - Returning cached instance of singleton bean 'autoConfigurationReport'
2020-03-14 21:56:49.129 [main] DEBUG o.s.c.a.ConfigurationClassBeanDefinitionReader - Registered bean definition for imported class 'org.springframework.boot.actuate.autoconfigure.metrics.MetricsAutoConfiguration$JvmMeterBindersConfiguration'
2020-03-14 21:56:49.133 [main] DEBUG o.s.b.f.s.DefaultListableBeanFactory - Returning cached instance of singleton bean 'org.springframework.boot.autoconfigure.condition.BeanTypeRegistry'
2020-03-14 21:56:49.138 [main] DEBUG o.s.b.f.s.DefaultListableBeanFactory - Returning cached instance of singleton bean 'org.springframework.boot.autoconfigure.condition.BeanTypeRegistry'
2020-03-14 21:56:49.140 [main] DEBUG o.s.b.f.s.DefaultListableBeanFactory - Returning cached instance of singleton bean 'autoConfigurationReport'
2020-03-14 21:56:49.140 [main] DEBUG o.s.c.a.ConfigurationClassBeanDefinitionReader - Registering bean definition for @Bean method org.springframework.boot.actuate.autoconfigure.metrics.MetricsAutoConfiguration$JvmMeterBindersConfiguration.jvmGcMetrics()
2020-03-14 21:56:49.164 [main] DEBUG o.s.b.f.s.DefaultListableBeanFactory - Returning cached instance of singleton bean 'org.springframework.boot.autoconfigure.condition.BeanTypeRegistry'
2020-03-14 21:56:49.181 [main] DEBUG o.s.b.f.s.DefaultListableBeanFactory - Returning cached instance of singleton bean 'org.springframework.boot.autoconfigure.condition.BeanTypeRegistry'
2020-03-14 21:56:49.182 [main] DEBUG o.s.b.f.s.DefaultListableBeanFactory - Returning cached instance of singleton bean 'autoConfigurationReport'
2020-03-14 21:56:49.183 [main] DEBUG o.s.c.a.ConfigurationClassBeanDefinitionReader - Registering bean definition for @Bean method org.springframework.boot.actuate.autoconfigure.metrics.MetricsAutoConfiguration$JvmMeterBindersConfiguration.jvmMemoryMetrics()
2020-03-14 21:56:49.183 [main] DEBUG o.s.b.f.s.DefaultListableBeanFactory - Returning cached instance of singleton bean 'org.springframework.boot.autoconfigure.condition.BeanTypeRegistry'
2020-03-14 21:56:49.184 [main] DEBUG o.s.b.f.s.DefaultListableBeanFactory - Returning cached instance of singleton bean 'org.springframework.boot.autoconfigure.condition.BeanTypeRegistry'
2020-03-14 21:56:49.184 [main] DEBUG o.s.b.f.s.DefaultListableBeanFactory - Returning cached instance of singleton bean 'autoConfigurationReport'
2020-03-14 21:56:49.184 [main] DEBUG o.s.c.a.ConfigurationClassBeanDefinitionReader - Registering bean definition for @Bean method org.springframework.boot.actuate.autoconfigure.metrics.MetricsAutoConfiguration$JvmMeterBindersConfiguration.jvmThreadMetrics()
2020-03-14 21:56:49.185 [main] DEBUG o.s.b.f.s.DefaultListableBeanFactory - Returning cached instance of singleton bean 'org.springframework.boot.autoconfigure.condition.BeanTypeRegistry'
2020-03-14 21:56:49.185 [main] DEBUG o.s.b.f.s.DefaultListableBeanFactory - Returning cached instance of singleton bean 'org.springframework.boot.autoconfigure.condition.BeanTypeRegistry'
2020-03-14 21:56:49.186 [main] DEBUG o.s.b.f.s.DefaultListableBeanFactory - Returning cached instance of singleton bean 'autoConfigurationReport'
2020-03-14 21:56:49.186 [main] DEBUG o.s.c.a.ConfigurationClassBeanDefinitionReader - Registering bean definition for @Bean method org.springframework.boot.actuate.autoconfigure.metrics.MetricsAutoConfiguration$JvmMeterBindersConfiguration.classLoaderMetrics()
2020-03-14 21:56:49.187 [main] DEBUG o.s.c.a.ConfigurationClassBeanDefinitionReader - Registered bean definition for imported class 'org.springframework.boot.actuate.autoconfigure.metrics.MetricsAutoConfiguration'
2020-03-14 21:56:49.195 [main] DEBUG o.s.b.f.s.DefaultListableBeanFactory - Returning cached instance of singleton bean 'org.springframework.boot.autoconfigure.condition.BeanTypeRegistry'
2020-03-14 21:56:49.197 [main] DEBUG o.s.b.f.s.DefaultListableBeanFactory - Returning cached instance of singleton bean 'org.springframework.boot.autoconfigure.condition.BeanTypeRegistry'
2020-03-14 21:56:49.198 [main] DEBUG o.s.b.f.s.DefaultListableBeanFactory - Returning cached instance of singleton bean 'autoConfigurationReport'
2020-03-14 21:56:49.198 [main] DEBUG o.s.c.a.ConfigurationClassBeanDefinitionReader - Registering bean definition for @Bean method org.springframework.boot.actuate.autoconfigure.metrics.MetricsAutoConfiguration.micrometerClock()
2020-03-14 21:56:49.210 [main] DEBUG o.s.c.a.ConfigurationClassBeanDefinitionReader - Registering bean definition for @Bean method org.springframework.boot.actuate.autoconfigure.metrics.MetricsAutoConfiguration.meterRegistryPostProcessor()
2020-03-14 21:56:49.210 [main] DEBUG o.s.c.a.ConfigurationClassBeanDefinitionReader - Registering bean definition for @Bean method org.springframework.boot.actuate.autoconfigure.metrics.MetricsAutoConfiguration.propertiesMeterFilter()
2020-03-14 21:56:49.221 [main] DEBUG o.s.b.f.s.DefaultListableBeanFactory - Returning cached instance of singleton bean 'autoConfigurationReport'
2020-03-14 21:56:49.226 [main] DEBUG o.s.b.f.s.DefaultListableBeanFactory - Returning cached instance of singleton bean 'org.springframework.boot.autoconfigure.condition.BeanTypeRegistry'
2020-03-14 21:56:49.231 [main] DEBUG o.s.b.f.s.DefaultListableBeanFactory - Returning cached instance of singleton bean 'org.springframework.boot.autoconfigure.condition.BeanTypeRegistry'
2020-03-14 21:56:49.233 [main] DEBUG o.s.b.f.s.DefaultListableBeanFactory - Returning cached instance of singleton bean 'org.springframework.boot.autoconfigure.condition.BeanTypeRegistry'
2020-03-14 21:56:49.233 [main] DEBUG o.s.b.f.s.DefaultListableBeanFactory - Returning cached instance of singleton bean 'org.springframework.boot.autoconfigure.condition.BeanTypeRegistry'
2020-03-14 21:56:49.233 [main] DEBUG o.s.b.f.s.DefaultListableBeanFactory - Returning cached instance of singleton bean 'autoConfigurationReport'
2020-03-14 21:56:49.234 [main] DEBUG o.s.b.f.s.DefaultListableBeanFactory - Returning cached instance of singleton bean 'org.springframework.boot.autoconfigure.condition.BeanTypeRegistry'
2020-03-14 21:56:49.234 [main] DEBUG o.s.b.f.s.DefaultListableBeanFactory - Returning cached instance of singleton bean 'org.springframework.boot.autoconfigure.condition.BeanTypeRegistry'
2020-03-14 21:56:49.235 [main] DEBUG o.s.b.f.s.DefaultListableBeanFactory - Returning cached instance of singleton bean 'org.springframework.boot.autoconfigure.condition.BeanTypeRegistry'
2020-03-14 21:56:49.235 [main] DEBUG o.s.b.f.s.DefaultListableBeanFactory - Returning cached instance of singleton bean 'org.springframework.boot.autoconfigure.condition.BeanTypeRegistry'
2020-03-14 21:56:49.235 [main] DEBUG o.s.b.f.s.DefaultListableBeanFactory - Returning cached instance of singleton bean 'autoConfigurationReport'
2020-03-14 21:56:49.236 [main] DEBUG o.s.c.a.ConfigurationClassBeanDefinitionReader - Registered bean definition for imported class 'org.springframework.boot.actuate.autoconfigure.metrics.export.simple.SimpleMetricsExportAutoConfiguration'
2020-03-14 21:56:49.237 [main] DEBUG o.s.c.a.ConfigurationClassBeanDefinitionReader - Registering bean definition for @Bean method org.springframework.boot.actuate.autoconfigure.metrics.export.simple.SimpleMetricsExportAutoConfiguration.simpleMeterRegistry()
2020-03-14 21:56:49.243 [main] DEBUG o.s.b.f.s.DefaultListableBeanFactory - Returning cached instance of singleton bean 'org.springframework.boot.autoconfigure.condition.BeanTypeRegistry'
2020-03-14 21:56:49.246 [main] DEBUG o.s.b.f.s.DefaultListableBeanFactory - Returning cached instance of singleton bean 'org.springframework.boot.autoconfigure.condition.BeanTypeRegistry'
2020-03-14 21:56:49.247 [main] DEBUG o.s.b.f.s.DefaultListableBeanFactory - Returning cached instance of singleton bean 'autoConfigurationReport'
2020-03-14 21:56:49.248 [main] DEBUG o.s.c.a.ConfigurationClassBeanDefinitionReader - Registering bean definition for @Bean method org.springframework.boot.actuate.autoconfigure.metrics.export.simple.SimpleMetricsExportAutoConfiguration.simpleConfig()
2020-03-14 21:56:49.249 [main] DEBUG o.s.b.f.s.DefaultListableBeanFactory - Returning cached instance of singleton bean 'autoConfigurationReport'
2020-03-14 21:56:49.250 [main] DEBUG o.s.b.f.s.DefaultListableBeanFactory - Returning cached instance of singleton bean 'org.springframework.boot.autoconfigure.condition.BeanTypeRegistry'
2020-03-14 21:56:49.251 [main] DEBUG o.s.b.f.s.DefaultListableBeanFactory - Returning cached instance of singleton bean 'org.springframework.boot.autoconfigure.condition.BeanTypeRegistry'
2020-03-14 21:56:49.252 [main] DEBUG o.s.b.f.s.DefaultListableBeanFactory - Returning cached instance of singleton bean 'org.springframework.boot.autoconfigure.condition.BeanTypeRegistry'
2020-03-14 21:56:49.253 [main] DEBUG o.s.b.f.s.DefaultListableBeanFactory - Returning cached instance of singleton bean 'org.springframework.boot.autoconfigure.condition.BeanTypeRegistry'
2020-03-14 21:56:49.254 [main] DEBUG o.s.b.f.s.DefaultListableBeanFactory - Returning cached instance of singleton bean 'autoConfigurationReport'
2020-03-14 21:56:49.258 [main] DEBUG o.s.b.f.s.DefaultListableBeanFactory - Returning cached instance of singleton bean 'org.springframework.boot.autoconfigure.condition.BeanTypeRegistry'
2020-03-14 21:56:49.258 [main] DEBUG o.s.b.f.s.DefaultListableBeanFactory - Returning cached instance of singleton bean 'org.springframework.boot.autoconfigure.condition.BeanTypeRegistry'
2020-03-14 21:56:49.259 [main] DEBUG o.s.b.f.s.DefaultListableBeanFactory - Returning cached instance of singleton bean 'org.springframework.boot.autoconfigure.condition.BeanTypeRegistry'
2020-03-14 21:56:49.260 [main] DEBUG o.s.b.f.s.DefaultListableBeanFactory - Returning cached instance of singleton bean 'org.springframework.boot.autoconfigure.condition.BeanTypeRegistry'
2020-03-14 21:56:49.260 [main] DEBUG o.s.b.f.s.DefaultListableBeanFactory - Returning cached instance of singleton bean 'autoConfigurationReport'
2020-03-14 21:56:49.283 [main] DEBUG o.s.c.a.ConfigurationClassBeanDefinitionReader - Registered bean definition for imported class 'org.springframework.boot.actuate.autoconfigure.metrics.CompositeMeterRegistryAutoConfiguration'
2020-03-14 21:56:49.284 [main] DEBUG o.s.b.f.s.DefaultListableBeanFactory - Returning cached instance of singleton bean 'autoConfigurationReport'
2020-03-14 21:56:49.285 [main] DEBUG o.s.c.a.ConfigurationClassBeanDefinitionReader - Registered bean definition for imported class 'org.springframework.boot.actuate.autoconfigure.metrics.MetricsEndpointAutoConfiguration'
2020-03-14 21:56:49.287 [main] DEBUG o.s.b.f.s.DefaultListableBeanFactory - Returning cached instance of singleton bean 'org.springframework.boot.autoconfigure.condition.BeanTypeRegistry'
2020-03-14 21:56:49.289 [main] DEBUG o.s.b.f.s.DefaultListableBeanFactory - Returning cached instance of singleton bean 'org.springframework.boot.autoconfigure.condition.BeanTypeRegistry'
2020-03-14 21:56:49.313 [main] DEBUG o.s.b.f.s.DefaultListableBeanFactory - Returning cached instance of singleton bean 'org.springframework.boot.autoconfigure.condition.BeanTypeRegistry'
2020-03-14 21:56:49.314 [main] DEBUG o.s.b.f.s.DefaultListableBeanFactory - Returning cached instance of singleton bean 'org.springframework.boot.autoconfigure.condition.BeanTypeRegistry'
2020-03-14 21:56:49.315 [main] DEBUG o.s.b.f.s.DefaultListableBeanFactory - Returning cached instance of singleton bean 'autoConfigurationReport'
2020-03-14 21:56:49.317 [main] DEBUG o.s.b.f.s.DefaultListableBeanFactory - Returning cached instance of singleton bean 'org.springframework.boot.autoconfigure.condition.BeanTypeRegistry'
2020-03-14 21:56:49.329 [main] DEBUG o.s.b.f.s.DefaultListableBeanFactory - Returning cached instance of singleton bean 'org.springframework.boot.autoconfigure.condition.BeanTypeRegistry'
2020-03-14 21:56:49.331 [main] DEBUG o.s.b.f.s.DefaultListableBeanFactory - Returning cached instance of singleton bean 'org.springframework.boot.autoconfigure.condition.BeanTypeRegistry'
2020-03-14 21:56:49.332 [main] DEBUG o.s.b.f.s.DefaultListableBeanFactory - Returning cached instance of singleton bean 'org.springframework.boot.autoconfigure.condition.BeanTypeRegistry'
2020-03-14 21:56:49.332 [main] DEBUG o.s.b.f.s.DefaultListableBeanFactory - Returning cached instance of singleton bean 'autoConfigurationReport'
2020-03-14 21:56:49.340 [main] DEBUG o.s.c.e.PropertySourcesPropertyResolver - Could not find key 'management.endpoint.metrics.enabled' in any property source
2020-03-14 21:56:49.342 [main] DEBUG o.s.b.f.s.DefaultListableBeanFactory - Returning cached instance of singleton bean 'autoConfigurationReport'
2020-03-14 21:56:49.343 [main] DEBUG o.s.c.a.ConfigurationClassBeanDefinitionReader - Registering bean definition for @Bean method org.springframework.boot.actuate.autoconfigure.metrics.MetricsEndpointAutoConfiguration.metricsEndpoint()
2020-03-14 21:56:49.344 [main] DEBUG o.s.b.f.s.DefaultListableBeanFactory - Returning cached instance of singleton bean 'autoConfigurationReport'
2020-03-14 21:56:49.351 [main] DEBUG o.s.b.f.s.DefaultListableBeanFactory - Returning cached instance of singleton bean 'org.springframework.boot.autoconfigure.condition.BeanTypeRegistry'
2020-03-14 21:56:49.352 [main] DEBUG o.s.b.f.s.DefaultListableBeanFactory - Returning cached instance of singleton bean 'org.springframework.boot.autoconfigure.condition.BeanTypeRegistry'
2020-03-14 21:56:49.353 [main] DEBUG o.s.b.f.s.DefaultListableBeanFactory - Returning cached instance of singleton bean 'autoConfigurationReport'
2020-03-14 21:56:49.355 [main] DEBUG o.s.b.f.s.DefaultListableBeanFactory - Returning cached instance of singleton bean 'org.springframework.boot.autoconfigure.condition.BeanTypeRegistry'
2020-03-14 21:56:49.358 [main] DEBUG o.s.b.f.s.DefaultListableBeanFactory - Returning cached instance of singleton bean 'org.springframework.boot.autoconfigure.condition.BeanTypeRegistry'
2020-03-14 21:56:49.358 [main] DEBUG o.s.b.f.s.DefaultListableBeanFactory - Returning cached instance of singleton bean 'autoConfigurationReport'
2020-03-14 21:56:49.360 [main] DEBUG o.s.b.f.s.DefaultListableBeanFactory - Returning cached instance of singleton bean 'org.springframework.boot.autoconfigure.condition.BeanTypeRegistry'
2020-03-14 21:56:49.361 [main] DEBUG o.s.b.f.s.DefaultListableBeanFactory - Returning cached instance of singleton bean 'org.springframework.boot.autoconfigure.condition.BeanTypeRegistry'
2020-03-14 21:56:49.362 [main] DEBUG o.s.b.f.s.DefaultListableBeanFactory - Returning cached instance of singleton bean 'org.springframework.boot.autoconfigure.condition.BeanTypeRegistry'
2020-03-14 21:56:49.363 [main] DEBUG o.s.b.f.s.DefaultListableBeanFactory - Returning cached instance of singleton bean 'org.springframework.boot.autoconfigure.condition.BeanTypeRegistry'
2020-03-14 21:56:49.363 [main] DEBUG o.s.b.f.s.DefaultListableBeanFactory - Returning cached instance of singleton bean 'org.springframework.boot.autoconfigure.condition.BeanTypeRegistry'
2020-03-14 21:56:49.364 [main] DEBUG o.s.b.f.s.DefaultListableBeanFactory - Returning cached instance of singleton bean 'org.springframework.boot.autoconfigure.condition.BeanTypeRegistry'
2020-03-14 21:56:49.364 [main] DEBUG o.s.b.f.s.DefaultListableBeanFactory - Returning cached instance of singleton bean 'autoConfigurationReport'
2020-03-14 21:56:49.365 [main] DEBUG o.s.b.f.s.DefaultListableBeanFactory - Returning cached instance of singleton bean 'autoConfigurationReport'
2020-03-14 21:56:49.366 [main] DEBUG o.s.c.a.ConfigurationClassBeanDefinitionReader - Registered bean definition for imported class 'org.springframework.boot.actuate.autoconfigure.metrics.jdbc.DataSourcePoolMetricsAutoConfiguration$HikariDataSourceMetricsConfiguration'
2020-03-14 21:56:49.368 [main] DEBUG o.s.c.a.ConfigurationClassBeanDefinitionReader - Registering bean definition for @Bean method org.springframework.boot.actuate.autoconfigure.metrics.jdbc.DataSourcePoolMetricsAutoConfiguration$HikariDataSourceMetricsConfiguration.hikariDataSourceMetricsPostProcessor()
2020-03-14 21:56:49.369 [main] DEBUG o.s.c.a.ConfigurationClassBeanDefinitionReader - Registered bean definition for imported class 'org.springframework.boot.actuate.autoconfigure.metrics.jdbc.DataSourcePoolMetricsAutoConfiguration'
2020-03-14 21:56:49.369 [main] DEBUG o.s.b.f.s.DefaultListableBeanFactory - Returning cached instance of singleton bean 'autoConfigurationReport'
2020-03-14 21:56:49.369 [main] DEBUG o.s.b.f.s.DefaultListableBeanFactory - Returning cached instance of singleton bean 'autoConfigurationReport'
2020-03-14 21:56:49.373 [main] DEBUG o.s.c.a.ConfigurationClassBeanDefinitionReader - Registered bean definition for imported class 'org.springframework.boot.autoconfigure.jackson.JacksonAutoConfiguration$Jackson2ObjectMapperBuilderCustomizerConfiguration'
2020-03-14 21:56:49.375 [main] DEBUG o.s.c.a.ConfigurationClassBeanDefinitionReader - Registering bean definition for @Bean method org.springframework.boot.autoconfigure.jackson.JacksonAutoConfiguration$Jackson2ObjectMapperBuilderCustomizerConfiguration.standardJacksonObjectMapperBuilderCustomizer()
2020-03-14 21:56:49.376 [main] DEBUG o.s.b.f.s.DefaultListableBeanFactory - Returning cached instance of singleton bean 'autoConfigurationReport'
2020-03-14 21:56:49.377 [main] DEBUG o.s.c.a.ConfigurationClassBeanDefinitionReader - Registered bean definition for imported class 'org.springframework.boot.autoconfigure.jackson.JacksonAutoConfiguration$JacksonObjectMapperBuilderConfiguration'
2020-03-14 21:56:49.377 [main] DEBUG o.s.b.f.s.DefaultListableBeanFactory - Returning cached instance of singleton bean 'org.springframework.boot.autoconfigure.condition.BeanTypeRegistry'
2020-03-14 21:56:49.385 [main] DEBUG o.s.b.f.s.DefaultListableBeanFactory - Returning cached instance of singleton bean 'org.springframework.boot.autoconfigure.condition.BeanTypeRegistry'
2020-03-14 21:56:49.385 [main] DEBUG o.s.b.f.s.DefaultListableBeanFactory - Returning cached instance of singleton bean 'autoConfigurationReport'
2020-03-14 21:56:49.386 [main] DEBUG o.s.c.a.ConfigurationClassBeanDefinitionReader - Registering bean definition for @Bean method org.springframework.boot.autoconfigure.jackson.JacksonAutoConfiguration$JacksonObjectMapperBuilderConfiguration.jacksonObjectMapperBuilder()
2020-03-14 21:56:49.387 [main] DEBUG o.s.b.f.s.DefaultListableBeanFactory - Returning cached instance of singleton bean 'autoConfigurationReport'
2020-03-14 21:56:49.388 [main] DEBUG o.s.c.a.ConfigurationClassBeanDefinitionReader - Registered bean definition for imported class 'org.springframework.boot.autoconfigure.jackson.JacksonAutoConfiguration$ParameterNamesModuleConfiguration'
2020-03-14 21:56:49.391 [main] DEBUG o.s.b.f.s.DefaultListableBeanFactory - Returning cached instance of singleton bean 'org.springframework.boot.autoconfigure.condition.BeanTypeRegistry'
2020-03-14 21:56:49.396 [main] DEBUG o.s.b.f.s.DefaultListableBeanFactory - Returning cached instance of singleton bean 'org.springframework.boot.autoconfigure.condition.BeanTypeRegistry'
2020-03-14 21:56:49.398 [main] DEBUG o.s.b.f.s.DefaultListableBeanFactory - Returning cached instance of singleton bean 'autoConfigurationReport'
2020-03-14 21:56:49.398 [main] DEBUG o.s.c.a.ConfigurationClassBeanDefinitionReader - Registering bean definition for @Bean method org.springframework.boot.autoconfigure.jackson.JacksonAutoConfiguration$ParameterNamesModuleConfiguration.parameterNamesModule()
2020-03-14 21:56:49.399 [main] DEBUG o.s.b.f.s.DefaultListableBeanFactory - Returning cached instance of singleton bean 'autoConfigurationReport'
2020-03-14 21:56:49.400 [main] DEBUG o.s.c.a.ConfigurationClassBeanDefinitionReader - Registered bean definition for imported class 'org.springframework.boot.autoconfigure.jackson.JacksonAutoConfiguration$JacksonObjectMapperConfiguration'
2020-03-14 21:56:49.405 [main] DEBUG o.s.b.f.s.DefaultListableBeanFactory - Returning cached instance of singleton bean 'org.springframework.boot.autoconfigure.condition.BeanTypeRegistry'
2020-03-14 21:56:49.419 [main] DEBUG o.s.b.f.s.DefaultListableBeanFactory - Returning cached instance of singleton bean 'org.springframework.boot.autoconfigure.condition.BeanTypeRegistry'
2020-03-14 21:56:49.419 [main] DEBUG o.s.b.f.s.DefaultListableBeanFactory - Returning cached instance of singleton bean 'autoConfigurationReport'
2020-03-14 21:56:49.420 [main] DEBUG o.s.c.a.ConfigurationClassBeanDefinitionReader - Registering bean definition for @Bean method org.springframework.boot.autoconfigure.jackson.JacksonAutoConfiguration$JacksonObjectMapperConfiguration.jacksonObjectMapper()
2020-03-14 21:56:49.420 [main] DEBUG o.s.c.a.ConfigurationClassBeanDefinitionReader - Registered bean definition for imported class 'org.springframework.boot.autoconfigure.jackson.JacksonAutoConfiguration'
2020-03-14 21:56:49.420 [main] DEBUG o.s.c.a.ConfigurationClassBeanDefinitionReader - Registering bean definition for @Bean method org.springframework.boot.autoconfigure.jackson.JacksonAutoConfiguration.jsonComponentModule()
2020-03-14 21:56:49.420 [main] DEBUG o.s.b.f.s.DefaultListableBeanFactory - Returning cached instance of singleton bean 'autoConfigurationReport'
2020-03-14 21:56:49.420 [main] DEBUG o.s.b.f.s.DefaultListableBeanFactory - Returning cached instance of singleton bean 'autoConfigurationReport'
2020-03-14 21:56:49.424 [main] DEBUG o.s.c.a.ConfigurationClassBeanDefinitionReader - Registered bean definition for imported class 'org.springframework.boot.autoconfigure.http.HttpMessageConvertersAutoConfiguration$StringHttpMessageConverterConfiguration'
2020-03-14 21:56:49.424 [main] DEBUG o.s.b.f.s.DefaultListableBeanFactory - Returning cached instance of singleton bean 'org.springframework.boot.autoconfigure.condition.BeanTypeRegistry'
2020-03-14 21:56:49.432 [main] DEBUG o.s.b.f.s.DefaultListableBeanFactory - Returning cached instance of singleton bean 'org.springframework.boot.autoconfigure.condition.BeanTypeRegistry'
2020-03-14 21:56:49.432 [main] DEBUG o.s.b.f.s.DefaultListableBeanFactory - Returning cached instance of singleton bean 'autoConfigurationReport'
2020-03-14 21:56:49.432 [main] DEBUG o.s.c.a.ConfigurationClassBeanDefinitionReader - Registering bean definition for @Bean method org.springframework.boot.autoconfigure.http.HttpMessageConvertersAutoConfiguration$StringHttpMessageConverterConfiguration.stringHttpMessageConverter()
2020-03-14 21:56:49.433 [main] DEBUG o.s.b.f.s.DefaultListableBeanFactory - Returning cached instance of singleton bean 'autoConfigurationReport'
2020-03-14 21:56:49.434 [main] DEBUG o.s.b.f.s.DefaultListableBeanFactory - Returning cached instance of singleton bean 'autoConfigurationReport'
2020-03-14 21:56:49.434 [main] DEBUG o.s.b.f.s.DefaultListableBeanFactory - Returning cached instance of singleton bean 'org.springframework.boot.autoconfigure.condition.BeanTypeRegistry'
2020-03-14 21:56:49.436 [main] DEBUG o.s.b.f.s.DefaultListableBeanFactory - Returning cached instance of singleton bean 'org.springframework.boot.autoconfigure.condition.BeanTypeRegistry'
2020-03-14 21:56:49.436 [main] DEBUG o.s.b.f.s.DefaultListableBeanFactory - Returning cached instance of singleton bean 'autoConfigurationReport'
2020-03-14 21:56:49.437 [main] DEBUG o.s.c.a.ConfigurationClassBeanDefinitionReader - Registered bean definition for imported class 'org.springframework.boot.autoconfigure.http.JacksonHttpMessageConvertersConfiguration$MappingJackson2HttpMessageConverterConfiguration'
2020-03-14 21:56:49.444 [main] DEBUG o.s.b.f.s.DefaultListableBeanFactory - Returning cached instance of singleton bean 'org.springframework.boot.autoconfigure.condition.BeanTypeRegistry'
2020-03-14 21:56:49.447 [main] DEBUG o.s.b.f.s.DefaultListableBeanFactory - Returning cached instance of singleton bean 'org.springframework.boot.autoconfigure.condition.BeanTypeRegistry'
2020-03-14 21:56:49.448 [main] DEBUG o.s.b.f.s.DefaultListableBeanFactory - Returning cached instance of singleton bean 'autoConfigurationReport'
2020-03-14 21:56:49.448 [main] DEBUG o.s.c.a.ConfigurationClassBeanDefinitionReader - Registering bean definition for @Bean method org.springframework.boot.autoconfigure.http.JacksonHttpMessageConvertersConfiguration$MappingJackson2HttpMessageConverterConfiguration.mappingJackson2HttpMessageConverter()
2020-03-14 21:56:49.448 [main] DEBUG o.s.c.a.ConfigurationClassBeanDefinitionReader - Registered bean definition for imported class 'org.springframework.boot.autoconfigure.http.JacksonHttpMessageConvertersConfiguration'
2020-03-14 21:56:49.449 [main] DEBUG o.s.b.f.s.DefaultListableBeanFactory - Returning cached instance of singleton bean 'autoConfigurationReport'
2020-03-14 21:56:49.458 [main] DEBUG o.s.b.f.s.DefaultListableBeanFactory - Returning cached instance of singleton bean 'org.springframework.boot.autoconfigure.condition.BeanTypeRegistry'
2020-03-14 21:56:49.465 [main] DEBUG o.s.b.f.s.DefaultListableBeanFactory - Returning cached instance of singleton bean 'org.springframework.boot.autoconfigure.condition.BeanTypeRegistry'
2020-03-14 21:56:49.467 [main] DEBUG o.s.b.f.s.DefaultListableBeanFactory - Returning cached instance of singleton bean 'autoConfigurationReport'
2020-03-14 21:56:49.469 [main] DEBUG o.s.c.a.ConfigurationClassBeanDefinitionReader - Registered bean definition for imported class 'org.springframework.boot.autoconfigure.http.GsonHttpMessageConvertersConfiguration'
2020-03-14 21:56:49.475 [main] DEBUG o.s.c.a.ConfigurationClassBeanDefinitionReader - Registered bean definition for imported class 'org.springframework.boot.autoconfigure.http.HttpMessageConvertersAutoConfiguration'
2020-03-14 21:56:49.477 [main] DEBUG o.s.b.f.s.DefaultListableBeanFactory - Returning cached instance of singleton bean 'org.springframework.boot.autoconfigure.condition.BeanTypeRegistry'
2020-03-14 21:56:49.479 [main] DEBUG o.s.b.f.s.DefaultListableBeanFactory - Returning cached instance of singleton bean 'org.springframework.boot.autoconfigure.condition.BeanTypeRegistry'
2020-03-14 21:56:49.480 [main] DEBUG o.s.b.f.s.DefaultListableBeanFactory - Returning cached instance of singleton bean 'autoConfigurationReport'
2020-03-14 21:56:49.480 [main] DEBUG o.s.c.a.ConfigurationClassBeanDefinitionReader - Registering bean definition for @Bean method org.springframework.boot.autoconfigure.http.HttpMessageConvertersAutoConfiguration.messageConverters()
2020-03-14 21:56:49.480 [main] DEBUG o.s.b.f.s.DefaultListableBeanFactory - Returning cached instance of singleton bean 'autoConfigurationReport'
2020-03-14 21:56:49.481 [main] DEBUG o.s.c.a.ConfigurationClassBeanDefinitionReader - Registered bean definition for imported class 'org.springframework.boot.autoconfigure.web.client.RestTemplateAutoConfiguration'
2020-03-14 21:56:49.483 [main] DEBUG o.s.b.f.s.DefaultListableBeanFactory - Returning cached instance of singleton bean 'org.springframework.boot.autoconfigure.condition.BeanTypeRegistry'
2020-03-14 21:56:49.485 [main] DEBUG o.s.b.f.s.DefaultListableBeanFactory - Returning cached instance of singleton bean 'org.springframework.boot.autoconfigure.condition.BeanTypeRegistry'
2020-03-14 21:56:49.485 [main] DEBUG o.s.b.f.s.DefaultListableBeanFactory - Returning cached instance of singleton bean 'autoConfigurationReport'
2020-03-14 21:56:49.486 [main] DEBUG o.s.c.a.ConfigurationClassBeanDefinitionReader - Registering bean definition for @Bean method org.springframework.boot.autoconfigure.web.client.RestTemplateAutoConfiguration.restTemplateBuilder()
2020-03-14 21:56:49.487 [main] DEBUG o.s.b.f.s.DefaultListableBeanFactory - Returning cached instance of singleton bean 'autoConfigurationReport'
2020-03-14 21:56:49.488 [main] DEBUG o.s.b.f.s.DefaultListableBeanFactory - Returning cached instance of singleton bean 'org.springframework.boot.autoconfigure.condition.BeanTypeRegistry'
2020-03-14 21:56:49.490 [main] DEBUG o.s.b.f.s.DefaultListableBeanFactory - Returning cached instance of singleton bean 'org.springframework.boot.autoconfigure.condition.BeanTypeRegistry'
2020-03-14 21:56:49.491 [main] DEBUG o.s.b.f.s.DefaultListableBeanFactory - Returning cached instance of singleton bean 'autoConfigurationReport'
2020-03-14 21:56:49.491 [main] DEBUG o.s.c.a.ConfigurationClassBeanDefinitionReader - Registered bean definition for imported class 'org.springframework.boot.actuate.autoconfigure.metrics.web.client.RestTemplateMetricsAutoConfiguration'
2020-03-14 21:56:49.495 [main] DEBUG o.s.b.f.s.DefaultListableBeanFactory - Returning cached instance of singleton bean 'org.springframework.boot.autoconfigure.condition.BeanTypeRegistry'
2020-03-14 21:56:49.500 [main] DEBUG o.s.b.f.s.DefaultListableBeanFactory - Returning cached instance of singleton bean 'org.springframework.boot.autoconfigure.condition.BeanTypeRegistry'
2020-03-14 21:56:49.500 [main] DEBUG o.s.b.f.s.DefaultListableBeanFactory - Returning cached instance of singleton bean 'autoConfigurationReport'
2020-03-14 21:56:49.501 [main] DEBUG o.s.c.a.ConfigurationClassBeanDefinitionReader - Registering bean definition for @Bean method org.springframework.boot.actuate.autoconfigure.metrics.web.client.RestTemplateMetricsAutoConfiguration.restTemplateTagConfigurer()
2020-03-14 21:56:49.501 [main] DEBUG o.s.c.a.ConfigurationClassBeanDefinitionReader - Registering bean definition for @Bean method org.springframework.boot.actuate.autoconfigure.metrics.web.client.RestTemplateMetricsAutoConfiguration.metricsRestTemplateCustomizer()
2020-03-14 21:56:49.501 [main] DEBUG o.s.c.a.ConfigurationClassBeanDefinitionReader - Registering bean definition for @Bean method org.springframework.boot.actuate.autoconfigure.metrics.web.client.RestTemplateMetricsAutoConfiguration.metricsWebClientUriTagFilter()
2020-03-14 21:56:49.502 [main] DEBUG o.s.b.f.s.DefaultListableBeanFactory - Returning cached instance of singleton bean 'autoConfigurationReport'
2020-03-14 21:56:49.502 [main] DEBUG o.s.b.f.s.DefaultListableBeanFactory - Returning cached instance of singleton bean 'autoConfigurationReport'
2020-03-14 21:56:49.502 [main] DEBUG o.s.b.f.s.DefaultListableBeanFactory - Returning cached instance of singleton bean 'org.springframework.boot.autoconfigure.condition.BeanTypeRegistry'
2020-03-14 21:56:49.506 [main] DEBUG o.s.b.f.s.DefaultListableBeanFactory - Returning cached instance of singleton bean 'org.springframework.boot.autoconfigure.condition.BeanTypeRegistry'
2020-03-14 21:56:49.506 [main] DEBUG o.s.b.f.s.DefaultListableBeanFactory - Returning cached instance of singleton bean 'autoConfigurationReport'
2020-03-14 21:56:49.507 [main] DEBUG o.s.c.a.ConfigurationClassBeanDefinitionReader - Registered bean definition for imported class 'org.springframework.boot.actuate.autoconfigure.metrics.web.servlet.WebMvcMetricsAutoConfiguration'
2020-03-14 21:56:49.508 [main] DEBUG o.s.b.f.s.DefaultListableBeanFactory - Returning cached instance of singleton bean 'org.springframework.boot.autoconfigure.condition.BeanTypeRegistry'
2020-03-14 21:56:49.509 [main] DEBUG o.s.b.f.s.DefaultListableBeanFactory - Returning cached instance of singleton bean 'org.springframework.boot.autoconfigure.condition.BeanTypeRegistry'
2020-03-14 21:56:49.509 [main] DEBUG o.s.b.f.s.DefaultListableBeanFactory - Returning cached instance of singleton bean 'autoConfigurationReport'
2020-03-14 21:56:49.510 [main] DEBUG o.s.c.a.ConfigurationClassBeanDefinitionReader - Registering bean definition for @Bean method org.springframework.boot.actuate.autoconfigure.metrics.web.servlet.WebMvcMetricsAutoConfiguration.webMvcTagsProvider()
2020-03-14 21:56:49.510 [main] DEBUG o.s.c.a.ConfigurationClassBeanDefinitionReader - Registering bean definition for @Bean method org.springframework.boot.actuate.autoconfigure.metrics.web.servlet.WebMvcMetricsAutoConfiguration.webMvcMetricsFilter()
2020-03-14 21:56:49.511 [main] DEBUG o.s.b.f.s.DefaultListableBeanFactory - Returning cached instance of singleton bean 'autoConfigurationReport'
2020-03-14 21:56:49.511 [main] DEBUG o.s.b.f.s.DefaultListableBeanFactory - Returning cached instance of singleton bean 'autoConfigurationReport'
2020-03-14 21:56:49.511 [main] DEBUG o.s.c.a.ConfigurationClassBeanDefinitionReader - Registered bean definition for imported class 'org.springframework.boot.actuate.autoconfigure.metrics.web.tomcat.TomcatMetricsAutoConfiguration'
2020-03-14 21:56:49.511 [main] DEBUG o.s.b.f.s.DefaultListableBeanFactory - Returning cached instance of singleton bean 'org.springframework.boot.autoconfigure.condition.BeanTypeRegistry'
2020-03-14 21:56:49.520 [main] DEBUG o.s.b.f.s.DefaultListableBeanFactory - Returning cached instance of singleton bean 'org.springframework.boot.autoconfigure.condition.BeanTypeRegistry'
2020-03-14 21:56:49.520 [main] DEBUG o.s.b.f.s.DefaultListableBeanFactory - Returning cached instance of singleton bean 'autoConfigurationReport'
2020-03-14 21:56:49.520 [main] DEBUG o.s.c.a.ConfigurationClassBeanDefinitionReader - Registering bean definition for @Bean method org.springframework.boot.actuate.autoconfigure.metrics.web.tomcat.TomcatMetricsAutoConfiguration.tomcatMetrics()
2020-03-14 21:56:49.521 [main] DEBUG o.s.b.f.s.DefaultListableBeanFactory - Returning cached instance of singleton bean 'autoConfigurationReport'
2020-03-14 21:56:49.521 [main] DEBUG o.s.c.a.ConfigurationClassBeanDefinitionReader - Registering bean definition for @Bean method org.springframework.boot.actuate.autoconfigure.metrics.web.tomcat.TomcatMetricsAutoConfiguration.contextCapturingServletTomcatCustomizer()
2020-03-14 21:56:49.521 [main] DEBUG o.s.b.f.s.DefaultListableBeanFactory - Returning cached instance of singleton bean 'autoConfigurationReport'
2020-03-14 21:56:49.521 [main] DEBUG o.s.c.a.ConfigurationClassBeanDefinitionReader - Registered bean definition for imported class 'org.springframework.boot.actuate.autoconfigure.scheduling.ScheduledTasksEndpointAutoConfiguration'
2020-03-14 21:56:49.526 [main] DEBUG o.s.b.f.s.DefaultListableBeanFactory - Returning cached instance of singleton bean 'org.springframework.boot.autoconfigure.condition.BeanTypeRegistry'
2020-03-14 21:56:49.547 [main] DEBUG o.s.b.f.s.DefaultListableBeanFactory - Returning cached instance of singleton bean 'org.springframework.boot.autoconfigure.condition.BeanTypeRegistry'
2020-03-14 21:56:49.547 [main] DEBUG o.s.b.f.s.DefaultListableBeanFactory - Returning cached instance of singleton bean 'autoConfigurationReport'
2020-03-14 21:56:49.548 [main] DEBUG o.s.c.e.PropertySourcesPropertyResolver - Could not find key 'management.endpoint.scheduledtasks.enabled' in any property source
2020-03-14 21:56:49.549 [main] DEBUG o.s.b.f.s.DefaultListableBeanFactory - Returning cached instance of singleton bean 'autoConfigurationReport'
2020-03-14 21:56:49.549 [main] DEBUG o.s.c.a.ConfigurationClassBeanDefinitionReader - Registering bean definition for @Bean method org.springframework.boot.actuate.autoconfigure.scheduling.ScheduledTasksEndpointAutoConfiguration.scheduledTasksEndpoint()
2020-03-14 21:56:49.549 [main] DEBUG o.s.b.f.s.DefaultListableBeanFactory - Returning cached instance of singleton bean 'autoConfigurationReport'
2020-03-14 21:56:49.549 [main] DEBUG o.s.b.f.s.DefaultListableBeanFactory - Returning cached instance of singleton bean 'autoConfigurationReport'
2020-03-14 21:56:49.549 [main] DEBUG o.s.b.f.s.DefaultListableBeanFactory - Returning cached instance of singleton bean 'autoConfigurationReport'
2020-03-14 21:56:49.550 [main] DEBUG o.s.c.a.ConfigurationClassBeanDefinitionReader - Registered bean definition for imported class 'org.springframework.boot.actuate.autoconfigure.trace.http.HttpTraceAutoConfiguration$ServletTraceFilterConfiguration'
2020-03-14 21:56:49.551 [main] DEBUG o.s.b.f.s.DefaultListableBeanFactory - Returning cached instance of singleton bean 'org.springframework.boot.autoconfigure.condition.BeanTypeRegistry'
2020-03-14 21:56:49.552 [main] DEBUG o.s.b.f.s.DefaultListableBeanFactory - Returning cached instance of singleton bean 'org.springframework.boot.autoconfigure.condition.BeanTypeRegistry'
2020-03-14 21:56:49.552 [main] DEBUG o.s.b.f.s.DefaultListableBeanFactory - Returning cached instance of singleton bean 'autoConfigurationReport'
2020-03-14 21:56:49.552 [main] DEBUG o.s.c.a.ConfigurationClassBeanDefinitionReader - Registering bean definition for @Bean method org.springframework.boot.actuate.autoconfigure.trace.http.HttpTraceAutoConfiguration$ServletTraceFilterConfiguration.httpTraceFilter()
2020-03-14 21:56:49.553 [main] DEBUG o.s.c.a.ConfigurationClassBeanDefinitionReader - Registered bean definition for imported class 'org.springframework.boot.actuate.autoconfigure.trace.http.HttpTraceAutoConfiguration'
2020-03-14 21:56:49.554 [main] DEBUG o.s.b.f.s.DefaultListableBeanFactory - Returning cached instance of singleton bean 'org.springframework.boot.autoconfigure.condition.BeanTypeRegistry'
2020-03-14 21:56:49.560 [main] DEBUG o.s.b.f.s.DefaultListableBeanFactory - Returning cached instance of singleton bean 'org.springframework.boot.autoconfigure.condition.BeanTypeRegistry'
2020-03-14 21:56:49.560 [main] DEBUG o.s.b.f.s.DefaultListableBeanFactory - Returning cached instance of singleton bean 'autoConfigurationReport'
2020-03-14 21:56:49.560 [main] DEBUG o.s.c.a.ConfigurationClassBeanDefinitionReader - Registering bean definition for @Bean method org.springframework.boot.actuate.autoconfigure.trace.http.HttpTraceAutoConfiguration.traceRepository()
2020-03-14 21:56:49.561 [main] DEBUG o.s.b.f.s.DefaultListableBeanFactory - Returning cached instance of singleton bean 'org.springframework.boot.autoconfigure.condition.BeanTypeRegistry'
2020-03-14 21:56:49.563 [main] DEBUG o.s.b.f.s.DefaultListableBeanFactory - Returning cached instance of singleton bean 'org.springframework.boot.autoconfigure.condition.BeanTypeRegistry'
2020-03-14 21:56:49.564 [main] DEBUG o.s.b.f.s.DefaultListableBeanFactory - Returning cached instance of singleton bean 'autoConfigurationReport'
2020-03-14 21:56:49.564 [main] DEBUG o.s.c.a.ConfigurationClassBeanDefinitionReader - Registering bean definition for @Bean method org.springframework.boot.actuate.autoconfigure.trace.http.HttpTraceAutoConfiguration.httpExchangeTracer()
2020-03-14 21:56:49.566 [main] DEBUG o.s.c.a.ConfigurationClassBeanDefinitionReader - Registered bean definition for imported class 'org.springframework.boot.actuate.autoconfigure.trace.http.HttpTraceEndpointAutoConfiguration'
2020-03-14 21:56:49.568 [main] DEBUG o.s.b.f.s.DefaultListableBeanFactory - Returning cached instance of singleton bean 'org.springframework.boot.autoconfigure.condition.BeanTypeRegistry'
2020-03-14 21:56:49.571 [main] DEBUG o.s.b.f.s.DefaultListableBeanFactory - Returning cached instance of singleton bean 'org.springframework.boot.autoconfigure.condition.BeanTypeRegistry'
2020-03-14 21:56:49.574 [main] DEBUG o.s.b.f.s.DefaultListableBeanFactory - Returning cached instance of singleton bean 'org.springframework.boot.autoconfigure.condition.BeanTypeRegistry'
2020-03-14 21:56:49.575 [main] DEBUG o.s.b.f.s.DefaultListableBeanFactory - Returning cached instance of singleton bean 'org.springframework.boot.autoconfigure.condition.BeanTypeRegistry'
2020-03-14 21:56:49.575 [main] DEBUG o.s.b.f.s.DefaultListableBeanFactory - Returning cached instance of singleton bean 'autoConfigurationReport'
2020-03-14 21:56:49.576 [main] DEBUG o.s.b.f.s.DefaultListableBeanFactory - Returning cached instance of singleton bean 'org.springframework.boot.autoconfigure.condition.BeanTypeRegistry'
2020-03-14 21:56:49.578 [main] DEBUG o.s.b.f.s.DefaultListableBeanFactory - Returning cached instance of singleton bean 'org.springframework.boot.autoconfigure.condition.BeanTypeRegistry'
2020-03-14 21:56:49.579 [main] DEBUG o.s.b.f.s.DefaultListableBeanFactory - Returning cached instance of singleton bean 'org.springframework.boot.autoconfigure.condition.BeanTypeRegistry'
2020-03-14 21:56:49.580 [main] DEBUG o.s.b.f.s.DefaultListableBeanFactory - Returning cached instance of singleton bean 'org.springframework.boot.autoconfigure.condition.BeanTypeRegistry'
2020-03-14 21:56:49.581 [main] DEBUG o.s.b.f.s.DefaultListableBeanFactory - Returning cached instance of singleton bean 'autoConfigurationReport'
2020-03-14 21:56:49.582 [main] DEBUG o.s.c.e.PropertySourcesPropertyResolver - Could not find key 'management.endpoint.httptrace.enabled' in any property source
2020-03-14 21:56:49.582 [main] DEBUG o.s.b.f.s.DefaultListableBeanFactory - Returning cached instance of singleton bean 'autoConfigurationReport'
2020-03-14 21:56:49.582 [main] DEBUG o.s.c.a.ConfigurationClassBeanDefinitionReader - Registering bean definition for @Bean method org.springframework.boot.actuate.autoconfigure.trace.http.HttpTraceEndpointAutoConfiguration.httpTraceEndpoint()
2020-03-14 21:56:49.582 [main] DEBUG o.s.b.f.s.DefaultListableBeanFactory - Returning cached instance of singleton bean 'autoConfigurationReport'
2020-03-14 21:56:49.583 [main] DEBUG o.s.b.f.s.DefaultListableBeanFactory - Returning cached instance of singleton bean 'autoConfigurationReport'
2020-03-14 21:56:49.583 [main] DEBUG o.s.b.f.s.DefaultListableBeanFactory - Returning cached instance of singleton bean 'org.springframework.boot.autoconfigure.condition.BeanTypeRegistry'
2020-03-14 21:56:49.583 [main] DEBUG o.s.b.f.s.DefaultListableBeanFactory - Returning cached instance of singleton bean 'org.springframework.boot.autoconfigure.condition.BeanTypeRegistry'
2020-03-14 21:56:49.585 [main] DEBUG o.s.b.f.s.DefaultListableBeanFactory - Returning cached instance of singleton bean 'autoConfigurationReport'
2020-03-14 21:56:49.585 [main] DEBUG o.s.c.a.ConfigurationClassBeanDefinitionReader - Registered bean definition for imported class 'org.springframework.boot.actuate.autoconfigure.web.mappings.MappingsEndpointAutoConfiguration$ServletWebConfiguration$SpringMvcConfiguration'
2020-03-14 21:56:49.585 [main] DEBUG o.s.c.a.ConfigurationClassBeanDefinitionReader - Registering bean definition for @Bean method org.springframework.boot.actuate.autoconfigure.web.mappings.MappingsEndpointAutoConfiguration$ServletWebConfiguration$SpringMvcConfiguration.dispatcherServletMappingDescriptionProvider()
2020-03-14 21:56:49.585 [main] DEBUG o.s.c.a.ConfigurationClassBeanDefinitionReader - Registered bean definition for imported class 'org.springframework.boot.actuate.autoconfigure.web.mappings.MappingsEndpointAutoConfiguration$ServletWebConfiguration'
2020-03-14 21:56:49.585 [main] DEBUG o.s.c.a.ConfigurationClassBeanDefinitionReader - Registering bean definition for @Bean method org.springframework.boot.actuate.autoconfigure.web.mappings.MappingsEndpointAutoConfiguration$ServletWebConfiguration.servletMappingDescriptionProvider()
2020-03-14 21:56:49.585 [main] DEBUG o.s.c.a.ConfigurationClassBeanDefinitionReader - Registering bean definition for @Bean method org.springframework.boot.actuate.autoconfigure.web.mappings.MappingsEndpointAutoConfiguration$ServletWebConfiguration.filterMappingDescriptionProvider()
2020-03-14 21:56:49.586 [main] DEBUG o.s.c.a.ConfigurationClassBeanDefinitionReader - Registered bean definition for imported class 'org.springframework.boot.actuate.autoconfigure.web.mappings.MappingsEndpointAutoConfiguration'
2020-03-14 21:56:49.588 [main] DEBUG o.s.c.e.PropertySourcesPropertyResolver - Could not find key 'management.endpoint.mappings.enabled' in any property source
2020-03-14 21:56:49.589 [main] DEBUG o.s.b.f.s.DefaultListableBeanFactory - Returning cached instance of singleton bean 'autoConfigurationReport'
2020-03-14 21:56:49.589 [main] DEBUG o.s.c.a.ConfigurationClassBeanDefinitionReader - Registering bean definition for @Bean method org.springframework.boot.actuate.autoconfigure.web.mappings.MappingsEndpointAutoConfiguration.mappingsEndpoint()
2020-03-14 21:56:49.590 [main] DEBUG o.s.b.f.s.DefaultListableBeanFactory - Returning cached instance of singleton bean 'autoConfigurationReport'
2020-03-14 21:56:49.590 [main] DEBUG o.s.b.f.s.DefaultListableBeanFactory - Returning cached instance of singleton bean 'autoConfigurationReport'
2020-03-14 21:56:49.591 [main] DEBUG o.s.b.f.s.DefaultListableBeanFactory - Returning cached instance of singleton bean 'autoConfigurationReport'
2020-03-14 21:56:49.591 [main] DEBUG o.s.c.a.ConfigurationClassBeanDefinitionReader - Registered bean definition for imported class 'org.springframework.boot.autoconfigure.aop.AopAutoConfiguration$CglibAutoProxyConfiguration'
2020-03-14 21:56:49.593 [main] DEBUG o.s.c.a.ConfigurationClassBeanDefinitionReader - Registered bean definition for imported class 'org.springframework.boot.autoconfigure.aop.AopAutoConfiguration'
2020-03-14 21:56:49.594 [main] DEBUG o.s.c.a.ConfigurationClassBeanDefinitionReader - Registered bean definition for imported class 'org.springframework.boot.autoconfigure.context.ConfigurationPropertiesAutoConfiguration'
2020-03-14 21:56:49.597 [main] DEBUG o.s.b.f.s.DefaultListableBeanFactory - Returning cached instance of singleton bean 'autoConfigurationReport'
2020-03-14 21:56:49.598 [main] DEBUG o.s.c.a.ConfigurationClassBeanDefinitionReader - Registered bean definition for imported class 'org.springframework.boot.autoconfigure.dao.PersistenceExceptionTranslationAutoConfiguration'
2020-03-14 21:56:49.599 [main] DEBUG o.s.b.f.s.DefaultListableBeanFactory - Returning cached instance of singleton bean 'autoConfigurationReport'
2020-03-14 21:56:49.600 [main] DEBUG o.s.b.f.s.DefaultListableBeanFactory - Returning cached instance of singleton bean 'org.springframework.boot.autoconfigure.condition.BeanTypeRegistry'
2020-03-14 21:56:49.653 [main] DEBUG o.s.b.f.s.DefaultListableBeanFactory - Returning cached instance of singleton bean 'org.springframework.boot.autoconfigure.condition.BeanTypeRegistry'
2020-03-14 21:56:49.654 [main] DEBUG o.s.b.f.s.DefaultListableBeanFactory - Returning cached instance of singleton bean 'autoConfigurationReport'
2020-03-14 21:56:49.655 [main] DEBUG o.s.c.a.ConfigurationClassBeanDefinitionReader - Registering bean definition for @Bean method org.springframework.boot.autoconfigure.dao.PersistenceExceptionTranslationAutoConfiguration.persistenceExceptionTranslationPostProcessor()
2020-03-14 21:56:49.655 [main] DEBUG o.s.b.f.s.DefaultListableBeanFactory - Returning cached instance of singleton bean 'autoConfigurationReport'
2020-03-14 21:56:49.659 [main] DEBUG o.s.b.f.s.DefaultListableBeanFactory - Returning cached instance of singleton bean 'autoConfigurationReport'
2020-03-14 21:56:49.660 [main] DEBUG o.s.c.a.ConfigurationClassBeanDefinitionReader - Registered bean definition for imported class 'org.springframework.cloud.autoconfigure.RefreshAutoConfiguration$RefreshScopeBeanDefinitionEnhancer'
2020-03-14 21:56:49.660 [main] DEBUG o.s.b.f.s.DefaultListableBeanFactory - Returning cached instance of singleton bean 'autoConfigurationReport'
2020-03-14 21:56:49.660 [main] DEBUG o.s.c.a.ConfigurationClassBeanDefinitionReader - Registered bean definition for imported class 'org.springframework.cloud.autoconfigure.RefreshAutoConfiguration$JpaInvokerConfiguration'
2020-03-14 21:56:49.661 [main] DEBUG o.s.c.a.ConfigurationClassBeanDefinitionReader - Registered bean definition for imported class 'org.springframework.cloud.autoconfigure.RefreshAutoConfiguration'
2020-03-14 21:56:49.664 [main] DEBUG o.s.b.f.s.DefaultListableBeanFactory - Returning cached instance of singleton bean 'org.springframework.boot.autoconfigure.condition.BeanTypeRegistry'
2020-03-14 21:56:49.672 [main] DEBUG o.s.b.f.s.DefaultListableBeanFactory - Returning cached instance of singleton bean 'org.springframework.boot.autoconfigure.condition.BeanTypeRegistry'
2020-03-14 21:56:49.673 [main] DEBUG o.s.b.f.s.DefaultListableBeanFactory - Returning cached instance of singleton bean 'autoConfigurationReport'
2020-03-14 21:56:49.674 [main] DEBUG o.s.c.a.ConfigurationClassBeanDefinitionReader - Registering bean definition for @Bean method org.springframework.cloud.autoconfigure.RefreshAutoConfiguration.refreshScope()
2020-03-14 21:56:49.681 [main] DEBUG o.s.b.f.s.DefaultListableBeanFactory - Returning cached instance of singleton bean 'org.springframework.boot.autoconfigure.condition.BeanTypeRegistry'
2020-03-14 21:56:49.687 [main] DEBUG o.s.b.f.s.DefaultListableBeanFactory - Returning cached instance of singleton bean 'org.springframework.boot.autoconfigure.condition.BeanTypeRegistry'
2020-03-14 21:56:49.687 [main] DEBUG o.s.b.f.s.DefaultListableBeanFactory - Returning cached instance of singleton bean 'autoConfigurationReport'
2020-03-14 21:56:49.689 [main] DEBUG o.s.c.a.ConfigurationClassBeanDefinitionReader - Registering bean definition for @Bean method org.springframework.cloud.autoconfigure.RefreshAutoConfiguration.loggingRebinder()
2020-03-14 21:56:49.690 [main] DEBUG o.s.b.f.s.DefaultListableBeanFactory - Returning cached instance of singleton bean 'org.springframework.boot.autoconfigure.condition.BeanTypeRegistry'
2020-03-14 21:56:49.691 [main] DEBUG o.s.b.f.s.DefaultListableBeanFactory - Returning cached instance of singleton bean 'org.springframework.boot.autoconfigure.condition.BeanTypeRegistry'
2020-03-14 21:56:49.692 [main] DEBUG o.s.b.f.s.DefaultListableBeanFactory - Returning cached instance of singleton bean 'autoConfigurationReport'
2020-03-14 21:56:49.692 [main] DEBUG o.s.c.a.ConfigurationClassBeanDefinitionReader - Registering bean definition for @Bean method org.springframework.cloud.autoconfigure.RefreshAutoConfiguration.contextRefresher()
2020-03-14 21:56:49.693 [main] DEBUG o.s.c.a.ConfigurationClassBeanDefinitionReader - Registering bean definition for @Bean method org.springframework.cloud.autoconfigure.RefreshAutoConfiguration.refreshEventListener()
2020-03-14 21:56:49.695 [main] DEBUG o.s.b.f.s.DefaultListableBeanFactory - Returning cached instance of singleton bean 'autoConfigurationReport'
2020-03-14 21:56:49.695 [main] DEBUG o.s.b.f.s.DefaultListableBeanFactory - Returning cached instance of singleton bean 'autoConfigurationReport'
2020-03-14 21:56:49.695 [main] DEBUG o.s.b.f.s.DefaultListableBeanFactory - Returning cached instance of singleton bean 'org.springframework.boot.autoconfigure.condition.BeanTypeRegistry'
2020-03-14 21:56:49.703 [main] DEBUG o.s.b.f.s.DefaultListableBeanFactory - Returning cached instance of singleton bean 'org.springframework.boot.autoconfigure.condition.BeanTypeRegistry'
2020-03-14 21:56:49.703 [main] DEBUG o.s.b.f.s.DefaultListableBeanFactory - Returning cached instance of singleton bean 'autoConfigurationReport'
2020-03-14 21:56:49.704 [main] DEBUG o.s.b.f.s.DefaultListableBeanFactory - Returning cached instance of singleton bean 'autoConfigurationReport'
2020-03-14 21:56:49.705 [main] DEBUG o.s.b.f.s.DefaultListableBeanFactory - Returning cached instance of singleton bean 'autoConfigurationReport'
2020-03-14 21:56:49.705 [main] DEBUG o.s.b.f.s.DefaultListableBeanFactory - Returning cached instance of singleton bean 'autoConfigurationReport'
2020-03-14 21:56:49.727 [main] DEBUG o.s.b.f.s.DefaultListableBeanFactory - Returning cached instance of singleton bean 'org.springframework.boot.autoconfigure.condition.BeanTypeRegistry'
2020-03-14 21:56:49.728 [main] DEBUG o.s.b.f.s.DefaultListableBeanFactory - Returning cached instance of singleton bean 'org.springframework.boot.autoconfigure.condition.BeanTypeRegistry'
2020-03-14 21:56:49.728 [main] DEBUG o.s.b.f.s.DefaultListableBeanFactory - Returning cached instance of singleton bean 'org.springframework.boot.autoconfigure.condition.BeanTypeRegistry'
2020-03-14 21:56:49.728 [main] DEBUG o.s.b.f.s.DefaultListableBeanFactory - Returning cached instance of singleton bean 'org.springframework.boot.autoconfigure.condition.BeanTypeRegistry'
2020-03-14 21:56:49.728 [main] DEBUG o.s.b.f.s.DefaultListableBeanFactory - Returning cached instance of singleton bean 'autoConfigurationReport'
2020-03-14 21:56:49.729 [main] DEBUG o.s.c.a.ConfigurationClassBeanDefinitionReader - Registered bean definition for imported class 'org.springframework.boot.autoconfigure.orm.jpa.JpaBaseConfiguration$JpaWebConfiguration$JpaWebMvcConfiguration'
2020-03-14 21:56:49.729 [main] DEBUG o.s.c.a.ConfigurationClassBeanDefinitionReader - Registering bean definition for @Bean method org.springframework.boot.autoconfigure.orm.jpa.JpaBaseConfiguration$JpaWebConfiguration$JpaWebMvcConfiguration.openEntityManagerInViewInterceptor()
2020-03-14 21:56:49.729 [main] DEBUG o.s.c.a.ConfigurationClassBeanDefinitionReader - Registered bean definition for imported class 'org.springframework.boot.autoconfigure.orm.jpa.JpaBaseConfiguration$JpaWebConfiguration'
2020-03-14 21:56:49.730 [main] DEBUG o.s.c.a.ConfigurationClassBeanDefinitionReader - Registered bean definition for imported class 'org.springframework.boot.autoconfigure.orm.jpa.HibernateJpaConfiguration'
2020-03-14 21:56:49.731 [main] DEBUG o.s.b.f.s.DefaultListableBeanFactory - Returning cached instance of singleton bean 'org.springframework.boot.autoconfigure.condition.BeanTypeRegistry'
2020-03-14 21:56:49.744 [main] DEBUG o.s.b.f.s.DefaultListableBeanFactory - Returning cached instance of singleton bean 'org.springframework.boot.autoconfigure.condition.BeanTypeRegistry'
2020-03-14 21:56:49.745 [main] DEBUG o.s.b.f.s.DefaultListableBeanFactory - Returning cached instance of singleton bean 'autoConfigurationReport'
2020-03-14 21:56:49.745 [main] DEBUG o.s.c.a.ConfigurationClassBeanDefinitionReader - Registering bean definition for @Bean method org.springframework.boot.autoconfigure.orm.jpa.HibernateJpaConfiguration.transactionManager()
2020-03-14 21:56:49.749 [main] DEBUG o.s.b.f.s.DefaultListableBeanFactory - Returning cached instance of singleton bean 'org.springframework.boot.autoconfigure.condition.BeanTypeRegistry'
2020-03-14 21:56:49.763 [main] DEBUG o.s.b.f.s.DefaultListableBeanFactory - Returning cached instance of singleton bean 'org.springframework.boot.autoconfigure.condition.BeanTypeRegistry'
2020-03-14 21:56:49.764 [main] DEBUG o.s.b.f.s.DefaultListableBeanFactory - Returning cached instance of singleton bean 'autoConfigurationReport'
2020-03-14 21:56:49.764 [main] DEBUG o.s.c.a.ConfigurationClassBeanDefinitionReader - Registering bean definition for @Bean method org.springframework.boot.autoconfigure.orm.jpa.HibernateJpaConfiguration.jpaVendorAdapter()
2020-03-14 21:56:49.765 [main] DEBUG o.s.b.f.s.DefaultListableBeanFactory - Returning cached instance of singleton bean 'org.springframework.boot.autoconfigure.condition.BeanTypeRegistry'
2020-03-14 21:56:49.765 [main] DEBUG o.s.b.f.s.DefaultListableBeanFactory - Returning cached instance of singleton bean 'org.springframework.boot.autoconfigure.condition.BeanTypeRegistry'
2020-03-14 21:56:49.765 [main] DEBUG o.s.b.f.s.DefaultListableBeanFactory - Returning cached instance of singleton bean 'autoConfigurationReport'
2020-03-14 21:56:49.766 [main] DEBUG o.s.c.a.ConfigurationClassBeanDefinitionReader - Registering bean definition for @Bean method org.springframework.boot.autoconfigure.orm.jpa.HibernateJpaConfiguration.entityManagerFactoryBuilder()
2020-03-14 21:56:49.766 [main] DEBUG o.s.b.f.s.DefaultListableBeanFactory - Returning cached instance of singleton bean 'org.springframework.boot.autoconfigure.condition.BeanTypeRegistry'
2020-03-14 21:56:49.767 [main] DEBUG o.s.b.f.s.DefaultListableBeanFactory - Returning cached instance of singleton bean 'org.springframework.boot.autoconfigure.condition.BeanTypeRegistry'
2020-03-14 21:56:49.767 [main] DEBUG o.s.b.f.s.DefaultListableBeanFactory - Returning cached instance of singleton bean 'org.springframework.boot.autoconfigure.condition.BeanTypeRegistry'
2020-03-14 21:56:49.768 [main] DEBUG o.s.b.f.s.DefaultListableBeanFactory - Returning cached instance of singleton bean 'org.springframework.boot.autoconfigure.condition.BeanTypeRegistry'
2020-03-14 21:56:49.768 [main] DEBUG o.s.b.f.s.DefaultListableBeanFactory - Returning cached instance of singleton bean 'autoConfigurationReport'
2020-03-14 21:56:49.769 [main] DEBUG o.s.c.a.ConfigurationClassBeanDefinitionReader - Registering bean definition for @Bean method org.springframework.boot.autoconfigure.orm.jpa.HibernateJpaConfiguration.entityManagerFactory()
2020-03-14 21:56:49.771 [main] DEBUG o.s.c.a.ConfigurationClassBeanDefinitionReader - Registered bean definition for imported class 'org.springframework.boot.autoconfigure.orm.jpa.HibernateJpaAutoConfiguration'
2020-03-14 21:56:49.774 [main] DEBUG o.s.b.f.s.DefaultListableBeanFactory - Returning cached instance of singleton bean 'autoConfigurationReport'
2020-03-14 21:56:49.775 [main] DEBUG o.s.b.f.s.DefaultListableBeanFactory - Returning cached instance of singleton bean 'autoConfigurationReport'
2020-03-14 21:56:49.775 [main] DEBUG o.s.b.f.s.DefaultListableBeanFactory - Returning cached instance of singleton bean 'org.springframework.boot.autoconfigure.condition.BeanTypeRegistry'
2020-03-14 21:56:49.777 [main] DEBUG o.s.b.f.s.DefaultListableBeanFactory - Returning cached instance of singleton bean 'org.springframework.boot.autoconfigure.condition.BeanTypeRegistry'
2020-03-14 21:56:49.785 [main] DEBUG o.s.b.f.s.DefaultListableBeanFactory - Returning cached instance of singleton bean 'org.springframework.boot.autoconfigure.condition.BeanTypeRegistry'
2020-03-14 21:56:49.786 [main] DEBUG o.s.b.f.s.DefaultListableBeanFactory - Returning cached instance of singleton bean 'org.springframework.boot.autoconfigure.condition.BeanTypeRegistry'
2020-03-14 21:56:49.786 [main] DEBUG o.s.b.f.s.DefaultListableBeanFactory - Returning cached instance of singleton bean 'org.springframework.boot.autoconfigure.condition.BeanTypeRegistry'
2020-03-14 21:56:49.786 [main] DEBUG o.s.b.f.s.DefaultListableBeanFactory - Returning cached instance of singleton bean 'org.springframework.boot.autoconfigure.condition.BeanTypeRegistry'
2020-03-14 21:56:49.786 [main] DEBUG o.s.b.f.s.DefaultListableBeanFactory - Returning cached instance of singleton bean 'autoConfigurationReport'
2020-03-14 21:56:49.786 [main] DEBUG o.s.b.f.s.DefaultListableBeanFactory - Returning cached instance of singleton bean 'org.springframework.boot.autoconfigure.condition.BeanTypeRegistry'
2020-03-14 21:56:49.786 [main] DEBUG o.s.b.f.s.DefaultListableBeanFactory - Returning cached instance of singleton bean 'org.springframework.boot.autoconfigure.condition.BeanTypeRegistry'
2020-03-14 21:56:49.787 [main] DEBUG o.s.b.f.s.DefaultListableBeanFactory - Returning cached instance of singleton bean 'org.springframework.boot.autoconfigure.condition.BeanTypeRegistry'
2020-03-14 21:56:49.788 [main] DEBUG o.s.b.f.s.DefaultListableBeanFactory - Returning cached instance of singleton bean 'org.springframework.boot.autoconfigure.condition.BeanTypeRegistry'
2020-03-14 21:56:49.788 [main] DEBUG o.s.b.f.s.DefaultListableBeanFactory - Returning cached instance of singleton bean 'org.springframework.boot.autoconfigure.condition.BeanTypeRegistry'
2020-03-14 21:56:49.788 [main] DEBUG o.s.b.f.s.DefaultListableBeanFactory - Returning cached instance of singleton bean 'org.springframework.boot.autoconfigure.condition.BeanTypeRegistry'
2020-03-14 21:56:49.788 [main] DEBUG o.s.b.f.s.DefaultListableBeanFactory - Returning cached instance of singleton bean 'autoConfigurationReport'
2020-03-14 21:56:49.789 [main] DEBUG o.s.c.a.ConfigurationClassBeanDefinitionReader - Registered bean definition for imported class 'org.springframework.boot.autoconfigure.data.jpa.JpaRepositoriesAutoConfiguration'
2020-03-14 21:56:49.836 [main] INFO  o.s.d.r.c.RepositoryConfigurationDelegate - Multiple Spring Data modules found, entering strict repository configuration mode!
2020-03-14 21:56:49.860 [main] DEBUG o.s.core.env.StandardEnvironment - Adding PropertySource 'systemProperties' with lowest search precedence
2020-03-14 21:56:49.860 [main] DEBUG o.s.core.env.StandardEnvironment - Adding PropertySource 'systemEnvironment' with lowest search precedence
2020-03-14 21:56:49.861 [main] DEBUG o.s.core.env.StandardEnvironment - Initialized StandardEnvironment with PropertySources [MapPropertySource@1758060579 {name='systemProperties', properties={idea.version=2017.1.2, java.runtime.name=Java(TM) SE Runtime Environment, sun.boot.library.path=C:\Program Files\Java\jdk1.8.0_91\jre\bin, java.vm.version=25.91-b14, java.vm.vendor=Oracle Corporation, java.vendor.url=http://java.oracle.com/, path.separator=;, java.vm.name=Java HotSpot(TM) 64-Bit Server VM, file.encoding.pkg=sun.io, user.country=CN, user.script=, sun.java.launcher=SUN_STANDARD, sun.os.patch.level=, PID=10228, java.vm.specification.name=Java Virtual Machine Specification, user.dir=E:\1704A\hdServiceCode\nm-service-manage-course, java.runtime.version=1.8.0_91-b14, basedir=E:\1704A\hdServiceCode\nm-service-manage-course, java.awt.graphicsenv=sun.awt.Win32GraphicsEnvironment, java.endorsed.dirs=C:\Program Files\Java\jdk1.8.0_91\jre\lib\endorsed, os.arch=amd64, surefire.real.class.path=C:\Users\wangb\AppData\Local\Temp\surefire5324342515423551962\surefirebooter5243460830507094447.jar, java.io.tmpdir=C:\Users\wangb\AppData\Local\Temp\, line.separator=
, java.vm.specification.vendor=Oracle Corporation, user.variant=, os.name=Windows 10, sun.jnu.encoding=GBK, spring.beaninfo.ignore=true, java.library.path=C:\Program Files\Java\jdk1.8.0_91\jre\bin;C:\WINDOWS\Sun\Java\bin;C:\WINDOWS\system32;C:\WINDOWS;E:\app\wangb\product\11.2.0\dbhome_1\bin;E:\maven\apache-maven-3.6.1\bin;C:\Program Files\Java\jdk1.8.0_91\bin;C:\Program Files (x86)\Intel\iCLS Client\;C:\Program Files\Intel\iCLS Client\;C:\Windows\system32;C:\Windows;C:\Windows\System32\Wbem;C:\Windows\System32\WindowsPowerShell\v1.0\;C:\Program Files (x86)\NVIDIA Corporation\PhysX\Common;C:\Program Files (x86)\Intel\Intel(R) Management Engine Components\DAL;C:\Program Files\Intel\Intel(R) Management Engine Components\DAL;C:\Program Files (x86)\Intel\Intel(R) Management Engine Components\IPT;C:\Program Files\Intel\Intel(R) Management Engine Components\IPT;C:\WINDOWS\system32;C:\WINDOWS;C:\WINDOWS\System32\Wbem;C:\WINDOWS\System32\WindowsPowerShell\v1.0\;C:\WINDOWS\System32\OpenSSH\;C:\Program Files\MySQL\MySQL Server 5.5\bin;E:\nodejs\;E:\Git\cmd;E:\Mp4\ffmpeg-20180227-fa0c9d6-win64-static\bin;C:\Users\wangb\AppData\Local\Microsoft\WindowsApps;C:\Users\wangb\AppData\Roaming\npm;E:\Microsoft VS Code\bin;., surefire.test.class.path=E:\1704A\hdServiceCode\nm-service-manage-course\target\test-classes;E:\1704A\hdServiceCode\nm-service-manage-course\target\classes;E:\1704A\repository\org\springframework\cloud\spring-cloud-starter-oauth2\2.0.0.RELEASE\spring-cloud-starter-oauth2-2.0.0.RELEASE.jar;E:\1704A\repository\org\springframework\cloud\spring-cloud-starter-security\2.0.0.RELEASE\spring-cloud-starter-security-2.0.0.RELEASE.jar;E:\1704A\repository\org\springframework\boot\spring-boot-starter-actuator\2.0.1.RELEASE\spring-boot-starter-actuator-2.0.1.RELEASE.jar;E:\1704A\repository\org\springframework\boot\spring-boot-actuator-autoconfigure\2.0.1.RELEASE\spring-boot-actuator-autoconfigure-2.0.1.RELEASE.jar;E:\1704A\repository\org\springframework\boot\spring-boot-actuator\2.0.1.RELEASE\spring-boot-actuator-2.0.1.RELEASE.jar;E:\1704A\repository\io\micrometer\micrometer-core\1.0.3\micrometer-core-1.0.3.jar;E:\1704A\repository\org\latencyutils\LatencyUtils\2.0.3\LatencyUtils-2.0.3.jar;E:\1704A\repository\org\springframework\cloud\spring-cloud-security\2.0.0.RELEASE\spring-cloud-security-2.0.0.RELEASE.jar;E:\1704A\repository\org\springframework\boot\spring-boot-starter-security\2.0.1.RELEASE\spring-boot-starter-security-2.0.1.RELEASE.jar;E:\1704A\repository\org\springframework\security\oauth\boot\spring-security-oauth2-autoconfigure\2.0.0.RELEASE\spring-security-oauth2-autoconfigure-2.0.0.RELEASE.jar;E:\1704A\repository\com\fasterxml\jackson\core\jackson-annotations\2.9.0\jackson-annotations-2.9.0.jar;E:\1704A\repository\com\fasterxml\jackson\core\jackson-databind\2.9.5\jackson-databind-2.9.5.jar;E:\1704A\repository\org\springframework\boot\spring-boot\2.0.1.RELEASE\spring-boot-2.0.1.RELEASE.jar;E:\1704A\repository\org\springframework\security\oauth\spring-security-oauth2\2.2.1.RELEASE\spring-security-oauth2-2.2.1.RELEASE.jar;E:\1704A\repository\org\springframework\security\spring-security-core\5.0.4.RELEASE\spring-security-core-5.0.4.RELEASE.jar;E:\1704A\repository\org\springframework\security\spring-security-config\5.0.4.RELEASE\spring-security-config-5.0.4.RELEASE.jar;E:\1704A\repository\org\springframework\security\spring-security-web\5.0.4.RELEASE\spring-security-web-5.0.4.RELEASE.jar;E:\1704A\repository\org\codehaus\jackson\jackson-mapper-asl\1.9.13\jackson-mapper-asl-1.9.13.jar;E:\1704A\repository\org\codehaus\jackson\jackson-core-asl\1.9.13\jackson-core-asl-1.9.13.jar;E:\1704A\repository\com\github\pagehelper\pagehelper-spring-boot-starter\1.2.4\pagehelper-spring-boot-starter-1.2.4.jar;E:\1704A\repository\org\springframework\boot\spring-boot-starter\2.0.1.RELEASE\spring-boot-starter-2.0.1.RELEASE.jar;E:\1704A\repository\javax\annotation\javax.annotation-api\1.3.2\javax.annotation-api-1.3.2.jar;E:\1704A\repository\org\yaml\snakeyaml\1.19\snakeyaml-1.19.jar;E:\1704A\repository\com\github\pagehelper\pagehelper-spring-boot-autoconfigure\1.2.4\pagehelper-spring-boot-autoconfigure-1.2.4.jar;E:\1704A\repository\com\github\pagehelper\pagehelper\5.1.3\pagehelper-5.1.3.jar;E:\1704A\repository\com\github\jsqlparser\jsqlparser\1.0\jsqlparser-1.0.jar;E:\1704A\hdServiceCode\nm-service-api\target\nm-service-api.jar;E:\1704A\repository\commons-fileupload\commons-fileupload\1.3.3\commons-fileupload-1.3.3.jar;E:\1704A\repository\io\springfox\springfox-swagger2\2.7.0\springfox-swagger2-2.7.0.jar;E:\1704A\repository\io\swagger\swagger-annotations\1.5.13\swagger-annotations-1.5.13.jar;E:\1704A\repository\io\swagger\swagger-models\1.5.13\swagger-models-1.5.13.jar;E:\1704A\repository\io\springfox\springfox-spi\2.7.0\springfox-spi-2.7.0.jar;E:\1704A\repository\io\springfox\springfox-core\2.7.0\springfox-core-2.7.0.jar;E:\1704A\repository\io\springfox\springfox-schema\2.7.0\springfox-schema-2.7.0.jar;E:\1704A\repository\io\springfox\springfox-swagger-common\2.7.0\springfox-swagger-common-2.7.0.jar;E:\1704A\repository\io\springfox\springfox-spring-web\2.7.0\springfox-spring-web-2.7.0.jar;E:\1704A\repository\org\reflections\reflections\0.9.11\reflections-0.9.11.jar;E:\1704A\repository\com\fasterxml\classmate\1.3.4\classmate-1.3.4.jar;E:\1704A\repository\org\springframework\plugin\spring-plugin-core\1.2.0.RELEASE\spring-plugin-core-1.2.0.RELEASE.jar;E:\1704A\repository\org\springframework\plugin\spring-plugin-metadata\1.2.0.RELEASE\spring-plugin-metadata-1.2.0.RELEASE.jar;E:\1704A\repository\org\mapstruct\mapstruct\1.1.0.Final\mapstruct-1.1.0.Final.jar;E:\1704A\repository\io\springfox\springfox-swagger-ui\2.7.0\springfox-swagger-ui-2.7.0.jar;E:\1704A\hdServiceCode\nm-framework-model\target\nm-framework-model.jar;E:\1704A\repository\org\projectlombok\lombok\1.16.16\lombok-1.16.16.jar;E:\1704A\repository\org\springframework\data\spring-data-commons\2.0.6.RELEASE\spring-data-commons-2.0.6.RELEASE.jar;E:\1704A\repository\org\springframework\data\spring-data-mongodb\2.0.6.RELEASE\spring-data-mongodb-2.0.6.RELEASE.jar;E:\1704A\repository\org\springframework\spring-context\5.0.5.RELEASE\spring-context-5.0.5.RELEASE.jar;E:\1704A\repository\org\springframework\spring-expression\5.0.5.RELEASE\spring-expression-5.0.5.RELEASE.jar;E:\1704A\repository\org\mongodb\mongo-java-driver\3.6.3\mongo-java-driver-3.6.3.jar;E:\1704A\repository\org\hibernate\hibernate-core\5.2.16.Final\hibernate-core-5.2.16.Final.jar;E:\1704A\repository\org\jboss\logging\jboss-logging\3.3.2.Final\jboss-logging-3.3.2.Final.jar;E:\1704A\repository\org\hibernate\javax\persistence\hibernate-jpa-2.1-api\1.0.0.Final\hibernate-jpa-2.1-api-1.0.0.Final.jar;E:\1704A\repository\org\javassist\javassist\3.22.0-GA\javassist-3.22.0-GA.jar;E:\1704A\repository\antlr\antlr\2.7.7\antlr-2.7.7.jar;E:\1704A\repository\org\jboss\spec\javax\transaction\jboss-transaction-api_1.2_spec\1.0.1.Final\jboss-transaction-api_1.2_spec-1.0.1.Final.jar;E:\1704A\repository\org\jboss\jandex\2.0.3.Final\jandex-2.0.3.Final.jar;E:\1704A\repository\dom4j\dom4j\1.6.1\dom4j-1.6.1.jar;E:\1704A\repository\org\hibernate\common\hibernate-commons-annotations\5.0.1.Final\hibernate-commons-annotations-5.0.1.Final.jar;E:\1704A\repository\com\google\guava\guava\24.0-jre\guava-24.0-jre.jar;E:\1704A\repository\com\google\code\findbugs\jsr305\1.3.9\jsr305-1.3.9.jar;E:\1704A\repository\org\checkerframework\checker-compat-qual\2.0.0\checker-compat-qual-2.0.0.jar;E:\1704A\repository\com\google\errorprone\error_prone_annotations\2.1.3\error_prone_annotations-2.1.3.jar;E:\1704A\repository\com\google\j2objc\j2objc-annotations\1.1\j2objc-annotations-1.1.jar;E:\1704A\repository\org\codehaus\mojo\animal-sniffer-annotations\1.14\animal-sniffer-annotations-1.14.jar;E:\1704A\hdServiceCode\nm-framework-utils\target\nm-framework-utils.jar;E:\1704A\repository\javax\servlet\javax.servlet-api\3.1.0\javax.servlet-api-3.1.0.jar;E:\1704A\repository\org\springframework\boot\spring-boot-starter-logging\2.0.1.RELEASE\spring-boot-starter-logging-2.0.1.RELEASE.jar;E:\1704A\repository\ch\qos\logback\logback-classic\1.2.3\logback-classic-1.2.3.jar;E:\1704A\repository\ch\qos\logback\logback-core\1.2.3\logback-core-1.2.3.jar;E:\1704A\repository\org\apache\logging\log4j\log4j-to-slf4j\2.10.0\log4j-to-slf4j-2.10.0.jar;E:\1704A\repository\org\apache\logging\log4j\log4j-api\2.10.0\log4j-api-2.10.0.jar;E:\1704A\repository\org\slf4j\jul-to-slf4j\1.7.25\jul-to-slf4j-1.7.25.jar;E:\1704A\repository\org\apache\httpcomponents\httpclient\4.5.5\httpclient-4.5.5.jar;E:\1704A\repository\org\apache\httpcomponents\httpcore\4.4.9\httpcore-4.4.9.jar;E:\1704A\repository\commons-codec\commons-codec\1.10\commons-codec-1.10.jar;E:\1704A\repository\net\lingala\zip4j\zip4j\1.3.1\zip4j-1.3.1.jar;E:\1704A\repository\org\springframework\security\spring-security-crypto\5.0.4.RELEASE\spring-security-crypto-5.0.4.RELEASE.jar;E:\1704A\repository\org\springframework\security\spring-security-jwt\1.0.8.RELEASE\spring-security-jwt-1.0.8.RELEASE.jar;E:\1704A\repository\org\bouncycastle\bcpkix-jdk15on\1.56\bcpkix-jdk15on-1.56.jar;E:\1704A\repository\org\bouncycastle\bcprov-jdk15on\1.56\bcprov-jdk15on-1.56.jar;E:\1704A\hdServiceCode\nm-framework-common\target\nm-framework-common.jar;E:\1704A\repository\org\springframework\spring-web\5.0.5.RELEASE\spring-web-5.0.5.RELEASE.jar;E:\1704A\repository\org\springframework\boot\spring-boot-starter-web\2.0.1.RELEASE\spring-boot-starter-web-2.0.1.RELEASE.jar;E:\1704A\repository\org\springframework\boot\spring-boot-starter-json\2.0.1.RELEASE\spring-boot-starter-json-2.0.1.RELEASE.jar;E:\1704A\repository\com\fasterxml\jackson\datatype\jackson-datatype-jdk8\2.9.5\jackson-datatype-jdk8-2.9.5.jar;E:\1704A\repository\com\fasterxml\jackson\datatype\jackson-datatype-jsr310\2.9.5\jackson-datatype-jsr310-2.9.5.jar;E:\1704A\repository\com\fasterxml\jackson\module\jackson-module-parameter-names\2.9.5\jackson-module-parameter-names-2.9.5.jar;E:\1704A\repository\org\springframework\boot\spring-boot-starter-tomcat\2.0.1.RELEASE\spring-boot-starter-tomcat-2.0.1.RELEASE.jar;E:\1704A\repository\org\apache\tomcat\embed\tomcat-embed-core\8.5.28\tomcat-embed-core-8.5.28.jar;E:\1704A\repository\org\apache\tomcat\embed\tomcat-embed-el\8.5.28\tomcat-embed-el-8.5.28.jar;E:\1704A\repository\org\apache\tomcat\embed\tomcat-embed-websocket\8.5.28\tomcat-embed-websocket-8.5.28.jar;E:\1704A\repository\org\hibernate\validator\hibernate-validator\6.0.9.Final\hibernate-validator-6.0.9.Final.jar;E:\1704A\repository\javax\validation\validation-api\2.0.1.Final\validation-api-2.0.1.Final.jar;E:\1704A\repository\org\springframework\spring-webmvc\5.0.5.RELEASE\spring-webmvc-5.0.5.RELEASE.jar;E:\1704A\repository\org\springframework\spring-aop\5.0.5.RELEASE\spring-aop-5.0.5.RELEASE.jar;E:\1704A\repository\mysql\mysql-connector-java\5.1.40\mysql-connector-java-5.1.40.jar;E:\1704A\repository\com\alibaba\druid-spring-boot-starter\1.1.10\druid-spring-boot-starter-1.1.10.jar;E:\1704A\repository\com\alibaba\druid\1.1.6\druid-1.1.6.jar;E:\1704A\repository\org\slf4j\slf4j-api\1.7.25\slf4j-api-1.7.25.jar;E:\1704A\repository\org\springframework\boot\spring-boot-autoconfigure\2.0.1.RELEASE\spring-boot-autoconfigure-2.0.1.RELEASE.jar;E:\1704A\repository\org\mybatis\spring\boot\mybatis-spring-boot-starter\1.3.1\mybatis-spring-boot-starter-1.3.1.jar;E:\1704A\repository\org\springframework\boot\spring-boot-starter-jdbc\2.0.1.RELEASE\spring-boot-starter-jdbc-2.0.1.RELEASE.jar;E:\1704A\repository\com\zaxxer\HikariCP\2.7.8\HikariCP-2.7.8.jar;E:\1704A\repository\org\mybatis\spring\boot\mybatis-spring-boot-autoconfigure\1.3.1\mybatis-spring-boot-autoconfigure-1.3.1.jar;E:\1704A\repository\org\mybatis\mybatis\3.4.5\mybatis-3.4.5.jar;E:\1704A\repository\org\mybatis\mybatis-spring\1.3.1\mybatis-spring-1.3.1.jar;E:\1704A\repository\org\springframework\spring-orm\5.0.5.RELEASE\spring-orm-5.0.5.RELEASE.jar;E:\1704A\repository\org\springframework\spring-beans\5.0.5.RELEASE\spring-beans-5.0.5.RELEASE.jar;E:\1704A\repository\org\springframework\spring-core\5.0.5.RELEASE\spring-core-5.0.5.RELEASE.jar;E:\1704A\repository\org\springframework\spring-jcl\5.0.5.RELEASE\spring-jcl-5.0.5.RELEASE.jar;E:\1704A\repository\org\springframework\spring-jdbc\5.0.5.RELEASE\spring-jdbc-5.0.5.RELEASE.jar;E:\1704A\repository\org\springframework\spring-tx\5.0.5.RELEASE\spring-tx-5.0.5.RELEASE.jar;E:\1704A\repository\org\springframework\boot\spring-boot-starter-data-jpa\2.0.1.RELEASE\spring-boot-starter-data-jpa-2.0.1.RELEASE.jar;E:\1704A\repository\org\springframework\boot\spring-boot-starter-aop\2.0.1.RELEASE\spring-boot-starter-aop-2.0.1.RELEASE.jar;E:\1704A\repository\org\aspectj\aspectjweaver\1.8.13\aspectjweaver-1.8.13.jar;E:\1704A\repository\javax\transaction\javax.transaction-api\1.2\javax.transaction-api-1.2.jar;E:\1704A\repository\org\springframework\data\spring-data-jpa\2.0.6.RELEASE\spring-data-jpa-2.0.6.RELEASE.jar;E:\1704A\repository\org\springframework\spring-aspects\5.0.5.RELEASE\spring-aspects-5.0.5.RELEASE.jar;E:\1704A\repository\com\squareup\okhttp3\okhttp\3.9.1\okhttp-3.9.1.jar;E:\1704A\repository\com\squareup\okio\okio\1.13.0\okio-1.13.0.jar;E:\1704A\repository\com\alibaba\fastjson\1.2.30\fastjson-1.2.30.jar;E:\1704A\repository\commons-io\commons-io\2.6\commons-io-2.6.jar;E:\1704A\repository\org\apache\commons\commons-lang3\3.6\commons-lang3-3.6.jar;E:\1704A\repository\org\springframework\boot\spring-boot-starter-test\2.0.1.RELEASE\spring-boot-starter-test-2.0.1.RELEASE.jar;E:\1704A\repository\org\springframework\boot\spring-boot-test\2.0.1.RELEASE\spring-boot-test-2.0.1.RELEASE.jar;E:\1704A\repository\org\springframework\boot\spring-boot-test-autoconfigure\2.0.1.RELEASE\spring-boot-test-autoconfigure-2.0.1.RELEASE.jar;E:\1704A\repository\com\jayway\jsonpath\json-path\2.4.0\json-path-2.4.0.jar;E:\1704A\repository\net\minidev\json-smart\2.3\json-smart-2.3.jar;E:\1704A\repository\net\minidev\accessors-smart\1.2\accessors-smart-1.2.jar;E:\1704A\repository\org\ow2\asm\asm\5.0.4\asm-5.0.4.jar;E:\1704A\repository\junit\junit\4.12\junit-4.12.jar;E:\1704A\repository\org\assertj\assertj-core\3.9.1\assertj-core-3.9.1.jar;E:\1704A\repository\org\mockito\mockito-core\2.15.0\mockito-core-2.15.0.jar;E:\1704A\repository\net\bytebuddy\byte-buddy\1.7.11\byte-buddy-1.7.11.jar;E:\1704A\repository\net\bytebuddy\byte-buddy-agent\1.7.11\byte-buddy-agent-1.7.11.jar;E:\1704A\repository\org\objenesis\objenesis\2.6\objenesis-2.6.jar;E:\1704A\repository\org\hamcrest\hamcrest-core\1.3\hamcrest-core-1.3.jar;E:\1704A\repository\org\hamcrest\hamcrest-library\1.3\hamcrest-library-1.3.jar;E:\1704A\repository\org\skyscreamer\jsonassert\1.5.0\jsonassert-1.5.0.jar;E:\1704A\repository\com\vaadin\external\google\android-json\0.0.20131108.vaadin1\android-json-0.0.20131108.vaadin1.jar;E:\1704A\repository\org\springframework\spring-test\5.0.5.RELEASE\spring-test-5.0.5.RELEASE.jar;E:\1704A\repository\org\xmlunit\xmlunit-core\2.5.1\xmlunit-core-2.5.1.jar;E:\1704A\repository\org\springframework\cloud\spring-cloud-starter-netflix-eureka-client\2.0.1.RELEASE\spring-cloud-starter-netflix-eureka-client-2.0.1.RELEASE.jar;E:\1704A\repository\org\springframework\cloud\spring-cloud-starter\2.0.1.RELEASE\spring-cloud-starter-2.0.1.RELEASE.jar;E:\1704A\repository\org\springframework\cloud\spring-cloud-context\2.0.1.RELEASE\spring-cloud-context-2.0.1.RELEASE.jar;E:\1704A\repository\org\springframework\security\spring-security-rsa\1.0.5.RELEASE\spring-security-rsa-1.0.5.RELEASE.jar;E:\1704A\repository\org\springframework\cloud\spring-cloud-netflix-core\2.0.1.RELEASE\spring-cloud-netflix-core-2.0.1.RELEASE.jar;E:\1704A\repository\org\springframework\cloud\spring-cloud-netflix-eureka-client\2.0.1.RELEASE\spring-cloud-netflix-eureka-client-2.0.1.RELEASE.jar;E:\1704A\repository\com\netflix\eureka\eureka-client\1.9.3\eureka-client-1.9.3.jar;E:\1704A\repository\org\codehaus\jettison\jettison\1.3.7\jettison-1.3.7.jar;E:\1704A\repository\stax\stax-api\1.0.1\stax-api-1.0.1.jar;E:\1704A\repository\com\netflix\netflix-commons\netflix-eventbus\0.3.0\netflix-eventbus-0.3.0.jar;E:\1704A\repository\com\netflix\netflix-commons\netflix-infix\0.3.0\netflix-infix-0.3.0.jar;E:\1704A\repository\commons-jxpath\commons-jxpath\1.3\commons-jxpath-1.3.jar;E:\1704A\repository\joda-time\joda-time\2.9.9\joda-time-2.9.9.jar;E:\1704A\repository\org\antlr\antlr-runtime\3.4\antlr-runtime-3.4.jar;E:\1704A\repository\org\antlr\stringtemplate\3.2.1\stringtemplate-3.2.1.jar;E:\1704A\repository\com\google\code\gson\gson\2.8.2\gson-2.8.2.jar;E:\1704A\repository\org\apache\commons\commons-math\2.2\commons-math-2.2.jar;E:\1704A\repository\com\netflix\archaius\archaius-core\0.7.6\archaius-core-0.7.6.jar;E:\1704A\repository\javax\ws\rs\jsr311-api\1.1.1\jsr311-api-1.1.1.jar;E:\1704A\repository\com\netflix\servo\servo-core\0.12.21\servo-core-0.12.21.jar;E:\1704A\repository\com\sun\jersey\jersey-core\1.19.1\jersey-core-1.19.1.jar;E:\1704A\repository\com\sun\jersey\jersey-client\1.19.1\jersey-client-1.19.1.jar;E:\1704A\repository\com\sun\jersey\contribs\jersey-apache-client4\1.19.1\jersey-apache-client4-1.19.1.jar;E:\1704A\repository\com\google\inject\guice\4.1.0\guice-4.1.0.jar;E:\1704A\repository\javax\inject\javax.inject\1\javax.inject-1.jar;E:\1704A\repository\aopalliance\aopalliance\1.0\aopalliance-1.0.jar;E:\1704A\repository\com\github\vlsi\compactmap\compactmap\1.2.1\compactmap-1.2.1.jar;E:\1704A\repository\com\github\andrewoma\dexx\dexx-collections\0.2\dexx-collections-0.2.jar;E:\1704A\repository\com\fasterxml\jackson\core\jackson-core\2.9.5\jackson-core-2.9.5.jar;E:\1704A\repository\com\netflix\eureka\eureka-core\1.9.3\eureka-core-1.9.3.jar;E:\1704A\repository\org\codehaus\woodstox\woodstox-core-asl\4.4.1\woodstox-core-asl-4.4.1.jar;E:\1704A\repository\javax\xml\stream\stax-api\1.0-2\stax-api-1.0-2.jar;E:\1704A\repository\org\codehaus\woodstox\stax2-api\3.1.4\stax2-api-3.1.4.jar;E:\1704A\repository\org\springframework\cloud\spring-cloud-starter-netflix-archaius\2.0.1.RELEASE\spring-cloud-starter-netflix-archaius-2.0.1.RELEASE.jar;E:\1704A\repository\org\springframework\cloud\spring-cloud-netflix-ribbon\2.0.1.RELEASE\spring-cloud-netflix-ribbon-2.0.1.RELEASE.jar;E:\1704A\repository\org\springframework\cloud\spring-cloud-netflix-archaius\2.0.1.RELEASE\spring-cloud-netflix-archaius-2.0.1.RELEASE.jar;E:\1704A\repository\commons-configuration\commons-configuration\1.8\commons-configuration-1.8.jar;E:\1704A\repository\commons-lang\commons-lang\2.6\commons-lang-2.6.jar;E:\1704A\repository\org\springframework\cloud\spring-cloud-starter-netflix-ribbon\2.0.1.RELEASE\spring-cloud-starter-netflix-ribbon-2.0.1.RELEASE.jar;E:\1704A\repository\com\netflix\ribbon\ribbon\2.2.5\ribbon-2.2.5.jar;E:\1704A\repository\com\netflix\ribbon\ribbon-transport\2.2.5\ribbon-transport-2.2.5.jar;E:\1704A\repository\io\reactivex\rxnetty-contexts\0.4.9\rxnetty-contexts-0.4.9.jar;E:\1704A\repository\io\reactivex\rxnetty-servo\0.4.9\rxnetty-servo-0.4.9.jar;E:\1704A\repository\io\reactivex\rxnetty\0.4.9\rxnetty-0.4.9.jar;E:\1704A\repository\io\netty\netty-codec-http\4.1.23.Final\netty-codec-http-4.1.23.Final.jar;E:\1704A\repository\io\netty\netty-codec\4.1.23.Final\netty-codec-4.1.23.Final.jar;E:\1704A\repository\io\netty\netty-transport-native-epoll\4.1.23.Final\netty-transport-native-epoll-4.1.23.Final.jar;E:\1704A\repository\io\netty\netty-common\4.1.23.Final\netty-common-4.1.23.Final.jar;E:\1704A\repository\io\netty\netty-buffer\4.1.23.Final\netty-buffer-4.1.23.Final.jar;E:\1704A\repository\io\netty\netty-transport-native-unix-common\4.1.23.Final\netty-transport-native-unix-common-4.1.23.Final.jar;E:\1704A\repository\io\netty\netty-transport\4.1.23.Final\netty-transport-4.1.23.Final.jar;E:\1704A\repository\io\netty\netty-resolver\4.1.23.Final\netty-resolver-4.1.23.Final.jar;E:\1704A\repository\com\netflix\ribbon\ribbon-core\2.2.5\ribbon-core-2.2.5.jar;E:\1704A\repository\com\netflix\ribbon\ribbon-httpclient\2.2.5\ribbon-httpclient-2.2.5.jar;E:\1704A\repository\commons-collections\commons-collections\3.2.2\commons-collections-3.2.2.jar;E:\1704A\repository\com\netflix\netflix-commons\netflix-commons-util\0.3.0\netflix-commons-util-0.3.0.jar;E:\1704A\repository\com\netflix\ribbon\ribbon-loadbalancer\2.2.5\ribbon-loadbalancer-2.2.5.jar;E:\1704A\repository\com\netflix\netflix-commons\netflix-statistics\0.1.1\netflix-statistics-0.1.1.jar;E:\1704A\repository\io\reactivex\rxjava\1.3.8\rxjava-1.3.8.jar;E:\1704A\repository\com\netflix\ribbon\ribbon-eureka\2.2.5\ribbon-eureka-2.2.5.jar;E:\1704A\repository\com\thoughtworks\xstream\xstream\1.4.10\xstream-1.4.10.jar;E:\1704A\repository\xmlpull\xmlpull\1.1.3.1\xmlpull-1.1.3.1.jar;E:\1704A\repository\xpp3\xpp3_min\1.1.4c\xpp3_min-1.1.4c.jar;E:\1704A\repository\org\springframework\cloud\spring-cloud-starter-openfeign\2.0.1.RELEASE\spring-cloud-starter-openfeign-2.0.1.RELEASE.jar;E:\1704A\repository\org\springframework\cloud\spring-cloud-openfeign-core\2.0.1.RELEASE\spring-cloud-openfeign-core-2.0.1.RELEASE.jar;E:\1704A\repository\org\springframework\cloud\spring-cloud-commons\2.0.1.RELEASE\spring-cloud-commons-2.0.1.RELEASE.jar;E:\1704A\repository\io\github\openfeign\feign-core\9.5.1\feign-core-9.5.1.jar;E:\1704A\repository\io\github\openfeign\feign-slf4j\9.5.1\feign-slf4j-9.5.1.jar;E:\1704A\repository\io\github\openfeign\feign-hystrix\9.5.1\feign-hystrix-9.5.1.jar;E:\1704A\repository\com\netflix\hystrix\hystrix-core\1.5.12\hystrix-core-1.5.12.jar;E:\1704A\repository\org\hdrhistogram\HdrHistogram\2.1.9\HdrHistogram-2.1.9.jar;E:\1704A\repository\io\github\openfeign\feign-java8\9.5.1\feign-java8-9.5.1.jar;E:\1704A\repository\com\netflix\feign\feign-okhttp\8.18.0\feign-okhttp-8.18.0.jar;E:\1704A\repository\com\netflix\feign\feign-core\8.18.0\feign-core-8.18.0.jar;E:\1704A\repository\org\jvnet\animal-sniffer-annotation\1.0\animal-sniffer-annotation-1.0.jar;, java.specification.name=Java Platform API Specification, java.class.version=52.0, sun.management.compiler=HotSpot 64-Bit Tiered Compilers, maven.repo.local=E:\1704A\repository, os.version=10.0, user.home=C:\Users\wangb, user.timezone=Asia/Shanghai, java.awt.printerjob=sun.awt.windows.WPrinterJob, file.encoding=GBK, java.specification.version=1.8, java.class.path=E:\1704A\hdServiceCode\nm-service-manage-course\target\test-classes;E:\1704A\hdServiceCode\nm-service-manage-course\target\classes;E:\1704A\repository\org\springframework\cloud\spring-cloud-starter-oauth2\2.0.0.RELEASE\spring-cloud-starter-oauth2-2.0.0.RELEASE.jar;E:\1704A\repository\org\springframework\cloud\spring-cloud-starter-security\2.0.0.RELEASE\spring-cloud-starter-security-2.0.0.RELEASE.jar;E:\1704A\repository\org\springframework\boot\spring-boot-starter-actuator\2.0.1.RELEASE\spring-boot-starter-actuator-2.0.1.RELEASE.jar;E:\1704A\repository\org\springframework\boot\spring-boot-actuator-autoconfigure\2.0.1.RELEASE\spring-boot-actuator-autoconfigure-2.0.1.RELEASE.jar;E:\1704A\repository\org\springframework\boot\spring-boot-actuator\2.0.1.RELEASE\spring-boot-actuator-2.0.1.RELEASE.jar;E:\1704A\repository\io\micrometer\micrometer-core\1.0.3\micrometer-core-1.0.3.jar;E:\1704A\repository\org\latencyutils\LatencyUtils\2.0.3\LatencyUtils-2.0.3.jar;E:\1704A\repository\org\springframework\cloud\spring-cloud-security\2.0.0.RELEASE\spring-cloud-security-2.0.0.RELEASE.jar;E:\1704A\repository\org\springframework\boot\spring-boot-starter-security\2.0.1.RELEASE\spring-boot-starter-security-2.0.1.RELEASE.jar;E:\1704A\repository\org\springframework\security\oauth\boot\spring-security-oauth2-autoconfigure\2.0.0.RELEASE\spring-security-oauth2-autoconfigure-2.0.0.RELEASE.jar;E:\1704A\repository\com\fasterxml\jackson\core\jackson-annotations\2.9.0\jackson-annotations-2.9.0.jar;E:\1704A\repository\com\fasterxml\jackson\core\jackson-databind\2.9.5\jackson-databind-2.9.5.jar;E:\1704A\repository\org\springframework\boot\spring-boot\2.0.1.RELEASE\spring-boot-2.0.1.RELEASE.jar;E:\1704A\repository\org\springframework\security\oauth\spring-security-oauth2\2.2.1.RELEASE\spring-security-oauth2-2.2.1.RELEASE.jar;E:\1704A\repository\org\springframework\security\spring-security-core\5.0.4.RELEASE\spring-security-core-5.0.4.RELEASE.jar;E:\1704A\repository\org\springframework\security\spring-security-config\5.0.4.RELEASE\spring-security-config-5.0.4.RELEASE.jar;E:\1704A\repository\org\springframework\security\spring-security-web\5.0.4.RELEASE\spring-security-web-5.0.4.RELEASE.jar;E:\1704A\repository\org\codehaus\jackson\jackson-mapper-asl\1.9.13\jackson-mapper-asl-1.9.13.jar;E:\1704A\repository\org\codehaus\jackson\jackson-core-asl\1.9.13\jackson-core-asl-1.9.13.jar;E:\1704A\repository\com\github\pagehelper\pagehelper-spring-boot-starter\1.2.4\pagehelper-spring-boot-starter-1.2.4.jar;E:\1704A\repository\org\springframework\boot\spring-boot-starter\2.0.1.RELEASE\spring-boot-starter-2.0.1.RELEASE.jar;E:\1704A\repository\javax\annotation\javax.annotation-api\1.3.2\javax.annotation-api-1.3.2.jar;E:\1704A\repository\org\yaml\snakeyaml\1.19\snakeyaml-1.19.jar;E:\1704A\repository\com\github\pagehelper\pagehelper-spring-boot-autoconfigure\1.2.4\pagehelper-spring-boot-autoconfigure-1.2.4.jar;E:\1704A\repository\com\github\pagehelper\pagehelper\5.1.3\pagehelper-5.1.3.jar;E:\1704A\repository\com\github\jsqlparser\jsqlparser\1.0\jsqlparser-1.0.jar;E:\1704A\hdServiceCode\nm-service-api\target\nm-service-api.jar;E:\1704A\repository\commons-fileupload\commons-fileupload\1.3.3\commons-fileupload-1.3.3.jar;E:\1704A\repository\io\springfox\springfox-swagger2\2.7.0\springfox-swagger2-2.7.0.jar;E:\1704A\repository\io\swagger\swagger-annotations\1.5.13\swagger-annotations-1.5.13.jar;E:\1704A\repository\io\swagger\swagger-models\1.5.13\swagger-models-1.5.13.jar;E:\1704A\repository\io\springfox\springfox-spi\2.7.0\springfox-spi-2.7.0.jar;E:\1704A\repository\io\springfox\springfox-core\2.7.0\springfox-core-2.7.0.jar;E:\1704A\repository\io\springfox\springfox-schema\2.7.0\springfox-schema-2.7.0.jar;E:\1704A\repository\io\springfox\springfox-swagger-common\2.7.0\springfox-swagger-common-2.7.0.jar;E:\1704A\repository\io\springfox\springfox-spring-web\2.7.0\springfox-spring-web-2.7.0.jar;E:\1704A\repository\org\reflections\reflections\0.9.11\reflections-0.9.11.jar;E:\1704A\repository\com\fasterxml\classmate\1.3.4\classmate-1.3.4.jar;E:\1704A\repository\org\springframework\plugin\spring-plugin-core\1.2.0.RELEASE\spring-plugin-core-1.2.0.RELEASE.jar;E:\1704A\repository\org\springframework\plugin\spring-plugin-metadata\1.2.0.RELEASE\spring-plugin-metadata-1.2.0.RELEASE.jar;E:\1704A\repository\org\mapstruct\mapstruct\1.1.0.Final\mapstruct-1.1.0.Final.jar;E:\1704A\repository\io\springfox\springfox-swagger-ui\2.7.0\springfox-swagger-ui-2.7.0.jar;E:\1704A\hdServiceCode\nm-framework-model\target\nm-framework-model.jar;E:\1704A\repository\org\projectlombok\lombok\1.16.16\lombok-1.16.16.jar;E:\1704A\repository\org\springframework\data\spring-data-commons\2.0.6.RELEASE\spring-data-commons-2.0.6.RELEASE.jar;E:\1704A\repository\org\springframework\data\spring-data-mongodb\2.0.6.RELEASE\spring-data-mongodb-2.0.6.RELEASE.jar;E:\1704A\repository\org\springframework\spring-context\5.0.5.RELEASE\spring-context-5.0.5.RELEASE.jar;E:\1704A\repository\org\springframework\spring-expression\5.0.5.RELEASE\spring-expression-5.0.5.RELEASE.jar;E:\1704A\repository\org\mongodb\mongo-java-driver\3.6.3\mongo-java-driver-3.6.3.jar;E:\1704A\repository\org\hibernate\hibernate-core\5.2.16.Final\hibernate-core-5.2.16.Final.jar;E:\1704A\repository\org\jboss\logging\jboss-logging\3.3.2.Final\jboss-logging-3.3.2.Final.jar;E:\1704A\repository\org\hibernate\javax\persistence\hibernate-jpa-2.1-api\1.0.0.Final\hibernate-jpa-2.1-api-1.0.0.Final.jar;E:\1704A\repository\org\javassist\javassist\3.22.0-GA\javassist-3.22.0-GA.jar;E:\1704A\repository\antlr\antlr\2.7.7\antlr-2.7.7.jar;E:\1704A\repository\org\jboss\spec\javax\transaction\jboss-transaction-api_1.2_spec\1.0.1.Final\jboss-transaction-api_1.2_spec-1.0.1.Final.jar;E:\1704A\repository\org\jboss\jandex\2.0.3.Final\jandex-2.0.3.Final.jar;E:\1704A\repository\dom4j\dom4j\1.6.1\dom4j-1.6.1.jar;E:\1704A\repository\org\hibernate\common\hibernate-commons-annotations\5.0.1.Final\hibernate-commons-annotations-5.0.1.Final.jar;E:\1704A\repository\com\google\guava\guava\24.0-jre\guava-24.0-jre.jar;E:\1704A\repository\com\google\code\findbugs\jsr305\1.3.9\jsr305-1.3.9.jar;E:\1704A\repository\org\checkerframework\checker-compat-qual\2.0.0\checker-compat-qual-2.0.0.jar;E:\1704A\repository\com\google\errorprone\error_prone_annotations\2.1.3\error_prone_annotations-2.1.3.jar;E:\1704A\repository\com\google\j2objc\j2objc-annotations\1.1\j2objc-annotations-1.1.jar;E:\1704A\repository\org\codehaus\mojo\animal-sniffer-annotations\1.14\animal-sniffer-annotations-1.14.jar;E:\1704A\hdServiceCode\nm-framework-utils\target\nm-framework-utils.jar;E:\1704A\repository\javax\servlet\javax.servlet-api\3.1.0\javax.servlet-api-3.1.0.jar;E:\1704A\repository\org\springframework\boot\spring-boot-starter-logging\2.0.1.RELEASE\spring-boot-starter-logging-2.0.1.RELEASE.jar;E:\1704A\repository\ch\qos\logback\logback-classic\1.2.3\logback-classic-1.2.3.jar;E:\1704A\repository\ch\qos\logback\logback-core\1.2.3\logback-core-1.2.3.jar;E:\1704A\repository\org\apache\logging\log4j\log4j-to-slf4j\2.10.0\log4j-to-slf4j-2.10.0.jar;E:\1704A\repository\org\apache\logging\log4j\log4j-api\2.10.0\log4j-api-2.10.0.jar;E:\1704A\repository\org\slf4j\jul-to-slf4j\1.7.25\jul-to-slf4j-1.7.25.jar;E:\1704A\repository\org\apache\httpcomponents\httpclient\4.5.5\httpclient-4.5.5.jar;E:\1704A\repository\org\apache\httpcomponents\httpcore\4.4.9\httpcore-4.4.9.jar;E:\1704A\repository\commons-codec\commons-codec\1.10\commons-codec-1.10.jar;E:\1704A\repository\net\lingala\zip4j\zip4j\1.3.1\zip4j-1.3.1.jar;E:\1704A\repository\org\springframework\security\spring-security-crypto\5.0.4.RELEASE\spring-security-crypto-5.0.4.RELEASE.jar;E:\1704A\repository\org\springframework\security\spring-security-jwt\1.0.8.RELEASE\spring-security-jwt-1.0.8.RELEASE.jar;E:\1704A\repository\org\bouncycastle\bcpkix-jdk15on\1.56\bcpkix-jdk15on-1.56.jar;E:\1704A\repository\org\bouncycastle\bcprov-jdk15on\1.56\bcprov-jdk15on-1.56.jar;E:\1704A\hdServiceCode\nm-framework-common\target\nm-framework-common.jar;E:\1704A\repository\org\springframework\spring-web\5.0.5.RELEASE\spring-web-5.0.5.RELEASE.jar;E:\1704A\repository\org\springframework\boot\spring-boot-starter-web\2.0.1.RELEASE\spring-boot-starter-web-2.0.1.RELEASE.jar;E:\1704A\repository\org\springframework\boot\spring-boot-starter-json\2.0.1.RELEASE\spring-boot-starter-json-2.0.1.RELEASE.jar;E:\1704A\repository\com\fasterxml\jackson\datatype\jackson-datatype-jdk8\2.9.5\jackson-datatype-jdk8-2.9.5.jar;E:\1704A\repository\com\fasterxml\jackson\datatype\jackson-datatype-jsr310\2.9.5\jackson-datatype-jsr310-2.9.5.jar;E:\1704A\repository\com\fasterxml\jackson\module\jackson-module-parameter-names\2.9.5\jackson-module-parameter-names-2.9.5.jar;E:\1704A\repository\org\springframework\boot\spring-boot-starter-tomcat\2.0.1.RELEASE\spring-boot-starter-tomcat-2.0.1.RELEASE.jar;E:\1704A\repository\org\apache\tomcat\embed\tomcat-embed-core\8.5.28\tomcat-embed-core-8.5.28.jar;E:\1704A\repository\org\apache\tomcat\embed\tomcat-embed-el\8.5.28\tomcat-embed-el-8.5.28.jar;E:\1704A\repository\org\apache\tomcat\embed\tomcat-embed-websocket\8.5.28\tomcat-embed-websocket-8.5.28.jar;E:\1704A\repository\org\hibernate\validator\hibernate-validator\6.0.9.Final\hibernate-validator-6.0.9.Final.jar;E:\1704A\repository\javax\validation\validation-api\2.0.1.Final\validation-api-2.0.1.Final.jar;E:\1704A\repository\org\springframework\spring-webmvc\5.0.5.RELEASE\spring-webmvc-5.0.5.RELEASE.jar;E:\1704A\repository\org\springframework\spring-aop\5.0.5.RELEASE\spring-aop-5.0.5.RELEASE.jar;E:\1704A\repository\mysql\mysql-connector-java\5.1.40\mysql-connector-java-5.1.40.jar;E:\1704A\repository\com\alibaba\druid-spring-boot-starter\1.1.10\druid-spring-boot-starter-1.1.10.jar;E:\1704A\repository\com\alibaba\druid\1.1.6\druid-1.1.6.jar;E:\1704A\repository\org\slf4j\slf4j-api\1.7.25\slf4j-api-1.7.25.jar;E:\1704A\repository\org\springframework\boot\spring-boot-autoconfigure\2.0.1.RELEASE\spring-boot-autoconfigure-2.0.1.RELEASE.jar;E:\1704A\repository\org\mybatis\spring\boot\mybatis-spring-boot-starter\1.3.1\mybatis-spring-boot-starter-1.3.1.jar;E:\1704A\repository\org\springframework\boot\spring-boot-starter-jdbc\2.0.1.RELEASE\spring-boot-starter-jdbc-2.0.1.RELEASE.jar;E:\1704A\repository\com\zaxxer\HikariCP\2.7.8\HikariCP-2.7.8.jar;E:\1704A\repository\org\mybatis\spring\boot\mybatis-spring-boot-autoconfigure\1.3.1\mybatis-spring-boot-autoconfigure-1.3.1.jar;E:\1704A\repository\org\mybatis\mybatis\3.4.5\mybatis-3.4.5.jar;E:\1704A\repository\org\mybatis\mybatis-spring\1.3.1\mybatis-spring-1.3.1.jar;E:\1704A\repository\org\springframework\spring-orm\5.0.5.RELEASE\spring-orm-5.0.5.RELEASE.jar;E:\1704A\repository\org\springframework\spring-beans\5.0.5.RELEASE\spring-beans-5.0.5.RELEASE.jar;E:\1704A\repository\org\springframework\spring-core\5.0.5.RELEASE\spring-core-5.0.5.RELEASE.jar;E:\1704A\repository\org\springframework\spring-jcl\5.0.5.RELEASE\spring-jcl-5.0.5.RELEASE.jar;E:\1704A\repository\org\springframework\spring-jdbc\5.0.5.RELEASE\spring-jdbc-5.0.5.RELEASE.jar;E:\1704A\repository\org\springframework\spring-tx\5.0.5.RELEASE\spring-tx-5.0.5.RELEASE.jar;E:\1704A\repository\org\springframework\boot\spring-boot-starter-data-jpa\2.0.1.RELEASE\spring-boot-starter-data-jpa-2.0.1.RELEASE.jar;E:\1704A\repository\org\springframework\boot\spring-boot-starter-aop\2.0.1.RELEASE\spring-boot-starter-aop-2.0.1.RELEASE.jar;E:\1704A\repository\org\aspectj\aspectjweaver\1.8.13\aspectjweaver-1.8.13.jar;E:\1704A\repository\javax\transaction\javax.transaction-api\1.2\javax.transaction-api-1.2.jar;E:\1704A\repository\org\springframework\data\spring-data-jpa\2.0.6.RELEASE\spring-data-jpa-2.0.6.RELEASE.jar;E:\1704A\repository\org\springframework\spring-aspects\5.0.5.RELEASE\spring-aspects-5.0.5.RELEASE.jar;E:\1704A\repository\com\squareup\okhttp3\okhttp\3.9.1\okhttp-3.9.1.jar;E:\1704A\repository\com\squareup\okio\okio\1.13.0\okio-1.13.0.jar;E:\1704A\repository\com\alibaba\fastjson\1.2.30\fastjson-1.2.30.jar;E:\1704A\repository\commons-io\commons-io\2.6\commons-io-2.6.jar;E:\1704A\repository\org\apache\commons\commons-lang3\3.6\commons-lang3-3.6.jar;E:\1704A\repository\org\springframework\boot\spring-boot-starter-test\2.0.1.RELEASE\spring-boot-starter-test-2.0.1.RELEASE.jar;E:\1704A\repository\org\springframework\boot\spring-boot-test\2.0.1.RELEASE\spring-boot-test-2.0.1.RELEASE.jar;E:\1704A\repository\org\springframework\boot\spring-boot-test-autoconfigure\2.0.1.RELEASE\spring-boot-test-autoconfigure-2.0.1.RELEASE.jar;E:\1704A\repository\com\jayway\jsonpath\json-path\2.4.0\json-path-2.4.0.jar;E:\1704A\repository\net\minidev\json-smart\2.3\json-smart-2.3.jar;E:\1704A\repository\net\minidev\accessors-smart\1.2\accessors-smart-1.2.jar;E:\1704A\repository\org\ow2\asm\asm\5.0.4\asm-5.0.4.jar;E:\1704A\repository\junit\junit\4.12\junit-4.12.jar;E:\1704A\repository\org\assertj\assertj-core\3.9.1\assertj-core-3.9.1.jar;E:\1704A\repository\org\mockito\mockito-core\2.15.0\mockito-core-2.15.0.jar;E:\1704A\repository\net\bytebuddy\byte-buddy\1.7.11\byte-buddy-1.7.11.jar;E:\1704A\repository\net\bytebuddy\byte-buddy-agent\1.7.11\byte-buddy-agent-1.7.11.jar;E:\1704A\repository\org\objenesis\objenesis\2.6\objenesis-2.6.jar;E:\1704A\repository\org\hamcrest\hamcrest-core\1.3\hamcrest-core-1.3.jar;E:\1704A\repository\org\hamcrest\hamcrest-library\1.3\hamcrest-library-1.3.jar;E:\1704A\repository\org\skyscreamer\jsonassert\1.5.0\jsonassert-1.5.0.jar;E:\1704A\repository\com\vaadin\external\google\android-json\0.0.20131108.vaadin1\android-json-0.0.20131108.vaadin1.jar;E:\1704A\repository\org\springframework\spring-test\5.0.5.RELEASE\spring-test-5.0.5.RELEASE.jar;E:\1704A\repository\org\xmlunit\xmlunit-core\2.5.1\xmlunit-core-2.5.1.jar;E:\1704A\repository\org\springframework\cloud\spring-cloud-starter-netflix-eureka-client\2.0.1.RELEASE\spring-cloud-starter-netflix-eureka-client-2.0.1.RELEASE.jar;E:\1704A\repository\org\springframework\cloud\spring-cloud-starter\2.0.1.RELEASE\spring-cloud-starter-2.0.1.RELEASE.jar;E:\1704A\repository\org\springframework\cloud\spring-cloud-context\2.0.1.RELEASE\spring-cloud-context-2.0.1.RELEASE.jar;E:\1704A\repository\org\springframework\security\spring-security-rsa\1.0.5.RELEASE\spring-security-rsa-1.0.5.RELEASE.jar;E:\1704A\repository\org\springframework\cloud\spring-cloud-netflix-core\2.0.1.RELEASE\spring-cloud-netflix-core-2.0.1.RELEASE.jar;E:\1704A\repository\org\springframework\cloud\spring-cloud-netflix-eureka-client\2.0.1.RELEASE\spring-cloud-netflix-eureka-client-2.0.1.RELEASE.jar;E:\1704A\repository\com\netflix\eureka\eureka-client\1.9.3\eureka-client-1.9.3.jar;E:\1704A\repository\org\codehaus\jettison\jettison\1.3.7\jettison-1.3.7.jar;E:\1704A\repository\stax\stax-api\1.0.1\stax-api-1.0.1.jar;E:\1704A\repository\com\netflix\netflix-commons\netflix-eventbus\0.3.0\netflix-eventbus-0.3.0.jar;E:\1704A\repository\com\netflix\netflix-commons\netflix-infix\0.3.0\netflix-infix-0.3.0.jar;E:\1704A\repository\commons-jxpath\commons-jxpath\1.3\commons-jxpath-1.3.jar;E:\1704A\repository\joda-time\joda-time\2.9.9\joda-time-2.9.9.jar;E:\1704A\repository\org\antlr\antlr-runtime\3.4\antlr-runtime-3.4.jar;E:\1704A\repository\org\antlr\stringtemplate\3.2.1\stringtemplate-3.2.1.jar;E:\1704A\repository\com\google\code\gson\gson\2.8.2\gson-2.8.2.jar;E:\1704A\repository\org\apache\commons\commons-math\2.2\commons-math-2.2.jar;E:\1704A\repository\com\netflix\archaius\archaius-core\0.7.6\archaius-core-0.7.6.jar;E:\1704A\repository\javax\ws\rs\jsr311-api\1.1.1\jsr311-api-1.1.1.jar;E:\1704A\repository\com\netflix\servo\servo-core\0.12.21\servo-core-0.12.21.jar;E:\1704A\repository\com\sun\jersey\jersey-core\1.19.1\jersey-core-1.19.1.jar;E:\1704A\repository\com\sun\jersey\jersey-client\1.19.1\jersey-client-1.19.1.jar;E:\1704A\repository\com\sun\jersey\contribs\jersey-apache-client4\1.19.1\jersey-apache-client4-1.19.1.jar;E:\1704A\repository\com\google\inject\guice\4.1.0\guice-4.1.0.jar;E:\1704A\repository\javax\inject\javax.inject\1\javax.inject-1.jar;E:\1704A\repository\aopalliance\aopalliance\1.0\aopalliance-1.0.jar;E:\1704A\repository\com\github\vlsi\compactmap\compactmap\1.2.1\compactmap-1.2.1.jar;E:\1704A\repository\com\github\andrewoma\dexx\dexx-collections\0.2\dexx-collections-0.2.jar;E:\1704A\repository\com\fasterxml\jackson\core\jackson-core\2.9.5\jackson-core-2.9.5.jar;E:\1704A\repository\com\netflix\eureka\eureka-core\1.9.3\eureka-core-1.9.3.jar;E:\1704A\repository\org\codehaus\woodstox\woodstox-core-asl\4.4.1\woodstox-core-asl-4.4.1.jar;E:\1704A\repository\javax\xml\stream\stax-api\1.0-2\stax-api-1.0-2.jar;E:\1704A\repository\org\codehaus\woodstox\stax2-api\3.1.4\stax2-api-3.1.4.jar;E:\1704A\repository\org\springframework\cloud\spring-cloud-starter-netflix-archaius\2.0.1.RELEASE\spring-cloud-starter-netflix-archaius-2.0.1.RELEASE.jar;E:\1704A\repository\org\springframework\cloud\spring-cloud-netflix-ribbon\2.0.1.RELEASE\spring-cloud-netflix-ribbon-2.0.1.RELEASE.jar;E:\1704A\repository\org\springframework\cloud\spring-cloud-netflix-archaius\2.0.1.RELEASE\spring-cloud-netflix-archaius-2.0.1.RELEASE.jar;E:\1704A\repository\commons-configuration\commons-configuration\1.8\commons-configuration-1.8.jar;E:\1704A\repository\commons-lang\commons-lang\2.6\commons-lang-2.6.jar;E:\1704A\repository\org\springframework\cloud\spring-cloud-starter-netflix-ribbon\2.0.1.RELEASE\spring-cloud-starter-netflix-ribbon-2.0.1.RELEASE.jar;E:\1704A\repository\com\netflix\ribbon\ribbon\2.2.5\ribbon-2.2.5.jar;E:\1704A\repository\com\netflix\ribbon\ribbon-transport\2.2.5\ribbon-transport-2.2.5.jar;E:\1704A\repository\io\reactivex\rxnetty-contexts\0.4.9\rxnetty-contexts-0.4.9.jar;E:\1704A\repository\io\reactivex\rxnetty-servo\0.4.9\rxnetty-servo-0.4.9.jar;E:\1704A\repository\io\reactivex\rxnetty\0.4.9\rxnetty-0.4.9.jar;E:\1704A\repository\io\netty\netty-codec-http\4.1.23.Final\netty-codec-http-4.1.23.Final.jar;E:\1704A\repository\io\netty\netty-codec\4.1.23.Final\netty-codec-4.1.23.Final.jar;E:\1704A\repository\io\netty\netty-transport-native-epoll\4.1.23.Final\netty-transport-native-epoll-4.1.23.Final.jar;E:\1704A\repository\io\netty\netty-common\4.1.23.Final\netty-common-4.1.23.Final.jar;E:\1704A\repository\io\netty\netty-buffer\4.1.23.Final\netty-buffer-4.1.23.Final.jar;E:\1704A\repository\io\netty\netty-transport-native-unix-common\4.1.23.Final\netty-transport-native-unix-common-4.1.23.Final.jar;E:\1704A\repository\io\netty\netty-transport\4.1.23.Final\netty-transport-4.1.23.Final.jar;E:\1704A\repository\io\netty\netty-resolver\4.1.23.Final\netty-resolver-4.1.23.Final.jar;E:\1704A\repository\com\netflix\ribbon\ribbon-core\2.2.5\ribbon-core-2.2.5.jar;E:\1704A\repository\com\netflix\ribbon\ribbon-httpclient\2.2.5\ribbon-httpclient-2.2.5.jar;E:\1704A\repository\commons-collections\commons-collections\3.2.2\commons-collections-3.2.2.jar;E:\1704A\repository\com\netflix\netflix-commons\netflix-commons-util\0.3.0\netflix-commons-util-0.3.0.jar;E:\1704A\repository\com\netflix\ribbon\ribbon-loadbalancer\2.2.5\ribbon-loadbalancer-2.2.5.jar;E:\1704A\repository\com\netflix\netflix-commons\netflix-statistics\0.1.1\netflix-statistics-0.1.1.jar;E:\1704A\repository\io\reactivex\rxjava\1.3.8\rxjava-1.3.8.jar;E:\1704A\repository\com\netflix\ribbon\ribbon-eureka\2.2.5\ribbon-eureka-2.2.5.jar;E:\1704A\repository\com\thoughtworks\xstream\xstream\1.4.10\xstream-1.4.10.jar;E:\1704A\repository\xmlpull\xmlpull\1.1.3.1\xmlpull-1.1.3.1.jar;E:\1704A\repository\xpp3\xpp3_min\1.1.4c\xpp3_min-1.1.4c.jar;E:\1704A\repository\org\springframework\cloud\spring-cloud-starter-openfeign\2.0.1.RELEASE\spring-cloud-starter-openfeign-2.0.1.RELEASE.jar;E:\1704A\repository\org\springframework\cloud\spring-cloud-openfeign-core\2.0.1.RELEASE\spring-cloud-openfeign-core-2.0.1.RELEASE.jar;E:\1704A\repository\org\springframework\cloud\spring-cloud-commons\2.0.1.RELEASE\spring-cloud-commons-2.0.1.RELEASE.jar;E:\1704A\repository\io\github\openfeign\feign-core\9.5.1\feign-core-9.5.1.jar;E:\1704A\repository\io\github\openfeign\feign-slf4j\9.5.1\feign-slf4j-9.5.1.jar;E:\1704A\repository\io\github\openfeign\feign-hystrix\9.5.1\feign-hystrix-9.5.1.jar;E:\1704A\repository\com\netflix\hystrix\hystrix-core\1.5.12\hystrix-core-1.5.12.jar;E:\1704A\repository\org\hdrhistogram\HdrHistogram\2.1.9\HdrHistogram-2.1.9.jar;E:\1704A\repository\io\github\openfeign\feign-java8\9.5.1\feign-java8-9.5.1.jar;E:\1704A\repository\com\netflix\feign\feign-okhttp\8.18.0\feign-okhttp-8.18.0.jar;E:\1704A\repository\com\netflix\feign\feign-core\8.18.0\feign-core-8.18.0.jar;E:\1704A\repository\org\jvnet\animal-sniffer-annotation\1.0\animal-sniffer-annotation-1.0.jar;, user.name=wangb, java.vm.specification.version=1.8, sun.java.command=C:\Users\wangb\AppData\Local\Temp\surefire5324342515423551962\surefirebooter5243460830507094447.jar C:\Users\wangb\AppData\Local\Temp\surefire5324342515423551962 2020-03-14T21-55-45_030-jvmRun1 surefire1707916640353451280tmp surefire_17945900769613902388tmp, java.home=C:\Program Files\Java\jdk1.8.0_91\jre, sun.arch.data.model=64, user.language=zh, java.specification.vendor=Oracle Corporation, awt.toolkit=sun.awt.windows.WToolkit, java.vm.info=mixed mode, java.version=1.8.0_91, java.ext.dirs=C:\Program Files\Java\jdk1.8.0_91\jre\lib\ext;C:\WINDOWS\Sun\Java\lib\ext, sun.boot.class.path=C:\Program Files\Java\jdk1.8.0_91\jre\lib\resources.jar;C:\Program Files\Java\jdk1.8.0_91\jre\lib\rt.jar;C:\Program Files\Java\jdk1.8.0_91\jre\lib\sunrsasign.jar;C:\Program Files\Java\jdk1.8.0_91\jre\lib\jsse.jar;C:\Program Files\Java\jdk1.8.0_91\jre\lib\jce.jar;C:\Program Files\Java\jdk1.8.0_91\jre\lib\charsets.jar;C:\Program Files\Java\jdk1.8.0_91\jre\lib\jfr.jar;C:\Program Files\Java\jdk1.8.0_91\jre\classes, java.awt.headless=true, java.vendor=Oracle Corporation, localRepository=E:\1704A\repository, file.separator=\, java.vendor.url.bug=http://bugreport.sun.com/bugreport/, sun.io.unicode.encoding=UnicodeLittle, sun.cpu.endian=little, sun.desktop=windows, sun.cpu.isalist=amd64}}, SystemEnvironmentPropertySource@23218037 {name='systemEnvironment', properties={PATH=E:\app\wangb\product\11.2.0\dbhome_1\bin;E:\maven\apache-maven-3.6.1\bin;C:\Program Files\Java\jdk1.8.0_91\bin;C:\Program Files (x86)\Intel\iCLS Client\;C:\Program Files\Intel\iCLS Client\;C:\Windows\system32;C:\Windows;C:\Windows\System32\Wbem;C:\Windows\System32\WindowsPowerShell\v1.0\;C:\Program Files (x86)\NVIDIA Corporation\PhysX\Common;C:\Program Files (x86)\Intel\Intel(R) Management Engine Components\DAL;C:\Program Files\Intel\Intel(R) Management Engine Components\DAL;C:\Program Files (x86)\Intel\Intel(R) Management Engine Components\IPT;C:\Program Files\Intel\Intel(R) Management Engine Components\IPT;C:\WINDOWS\system32;C:\WINDOWS;C:\WINDOWS\System32\Wbem;C:\WINDOWS\System32\WindowsPowerShell\v1.0\;C:\WINDOWS\System32\OpenSSH\;C:\Program Files\MySQL\MySQL Server 5.5\bin;E:\nodejs\;E:\Git\cmd;E:\Mp4\ffmpeg-20180227-fa0c9d6-win64-static\bin;C:\Users\wangb\AppData\Local\Microsoft\WindowsApps;C:\Users\wangb\AppData\Roaming\npm;E:\Microsoft VS Code\bin, USERDOMAIN_ROAMINGPROFILE=LAPTOP-8K1AKH0O, LOCALAPPDATA=C:\Users\wangb\AppData\Local, PROCESSOR_LEVEL=6, SYSTEMDRIVE=C:, COMMONPROGRAMFILES(X86)=C:\Program Files (x86)\Common Files, USERDOMAIN=LAPTOP-8K1AKH0O, FPS_BROWSER_APP_PROFILE_STRING=Internet Explorer, LOGONSERVER=\\LAPTOP-8K1AKH0O, JAVA_HOME=C:\Program Files\Java\jdk1.8.0_91, PROMPT=$P$G, SESSIONNAME=Console, ALLUSERSPROFILE=C:\ProgramData, PROGRAMFILES(X86)=C:\Program Files (x86), PROCESSOR_ARCHITECTURE=AMD64, DRIVERDATA=C:\Windows\System32\Drivers\DriverData, ERLANG_HOME=E:\erl9.2, =E:=E:\1704A\hdServiceCode\nm-service-manage-course, PROGRAMFILES=C:\Program Files, APPDATA=C:\Users\wangb\AppData\Roaming, MOZ_PLUGIN_PATH=E:\1704A\FoxitPhantomPDFBusiness\plugins\, PSMODULEPATH=C:\Program Files\WindowsPowerShell\Modules;C:\WINDOWS\system32\WindowsPowerShell\v1.0\Modules, PROGRAMW6432=C:\Program Files, PROGRAMDATA=C:\ProgramData, SYSTEMROOT=C:\WINDOWS, USERNAME=wangb, FPS_BROWSER_USER_PROFILE_STRING=Default, ONEDRIVE=C:\Users\wangb\OneDrive, CONFIGSETROOT=C:\WINDOWS\ConfigSetRoot, PATHEXT=.COM;.EXE;.BAT;.CMD;.VBS;.VBE;.JS;.JSE;.WSF;.WSH;.MSC, OS=Windows_NT, COMMONPROGRAMW6432=C:\Program Files\Common Files, COMPUTERNAME=LAPTOP-8K1AKH0O, COMMONPROGRAMFILES=C:\Program Files\Common Files, COMSPEC=C:\WINDOWS\system32\cmd.exe, PROCESSOR_REVISION=9e09, WINDIR=C:\WINDOWS, RABBITMQ_SERVER=E:\rabibitmq\rabbitmq_server-3.7.4, HOMEPATH=\Users\wangb, TEMP=C:\Users\wangb\AppData\Local\Temp, HOMEDRIVE=C:, PROCESSOR_IDENTIFIER=Intel64 Family 6 Model 158 Stepping 9, GenuineIntel, USERPROFILE=C:\Users\wangb, TMP=C:\Users\wangb\AppData\Local\Temp, PUBLIC=C:\Users\Public, NUMBER_OF_PROCESSORS=8, =::=::\}}]
2020-03-14 21:56:49.874 [main] DEBUG o.s.b.f.s.DefaultListableBeanFactory - Returning cached instance of singleton bean 'org.springframework.boot.autoconfigure.AutoConfigurationPackages'
2020-03-14 21:56:49.876 [main] DEBUG o.s.c.i.s.PathMatchingResourcePatternResolver - Resolved classpath location [com/ningmeng/manage_course/] to resources [URL [file:/E:/1704A/hdServiceCode/nm-service-manage-course/target/test-classes/com/ningmeng/manage_course/], URL [file:/E:/1704A/hdServiceCode/nm-service-manage-course/target/classes/com/ningmeng/manage_course/]]
2020-03-14 21:56:49.877 [main] DEBUG o.s.c.i.s.PathMatchingResourcePatternResolver - Looking for matching resources in directory tree [E:\1704A\hdServiceCode\nm-service-manage-course\target\test-classes\com\ningmeng\manage_course]
2020-03-14 21:56:49.877 [main] DEBUG o.s.c.i.s.PathMatchingResourcePatternResolver - Searching directory [E:\1704A\hdServiceCode\nm-service-manage-course\target\test-classes\com\ningmeng\manage_course] for files matching pattern [E:/1704A/hdServiceCode/nm-service-manage-course/target/test-classes/com/ningmeng/manage_course/**/*.class]
2020-03-14 21:56:49.877 [main] DEBUG o.s.c.i.s.PathMatchingResourcePatternResolver - Searching directory [E:\1704A\hdServiceCode\nm-service-manage-course\target\test-classes\com\ningmeng\manage_course\dao] for files matching pattern [E:/1704A/hdServiceCode/nm-service-manage-course/target/test-classes/com/ningmeng/manage_course/**/*.class]
2020-03-14 21:56:49.878 [main] DEBUG o.s.c.i.s.PathMatchingResourcePatternResolver - Looking for matching resources in directory tree [E:\1704A\hdServiceCode\nm-service-manage-course\target\classes\com\ningmeng\manage_course]
2020-03-14 21:56:49.878 [main] DEBUG o.s.c.i.s.PathMatchingResourcePatternResolver - Searching directory [E:\1704A\hdServiceCode\nm-service-manage-course\target\classes\com\ningmeng\manage_course] for files matching pattern [E:/1704A/hdServiceCode/nm-service-manage-course/target/classes/com/ningmeng/manage_course/**/*.class]
2020-03-14 21:56:49.879 [main] DEBUG o.s.c.i.s.PathMatchingResourcePatternResolver - Searching directory [E:\1704A\hdServiceCode\nm-service-manage-course\target\classes\com\ningmeng\manage_course\client] for files matching pattern [E:/1704A/hdServiceCode/nm-service-manage-course/target/classes/com/ningmeng/manage_course/**/*.class]
2020-03-14 21:56:49.880 [main] DEBUG o.s.c.i.s.PathMatchingResourcePatternResolver - Searching directory [E:\1704A\hdServiceCode\nm-service-manage-course\target\classes\com\ningmeng\manage_course\config] for files matching pattern [E:/1704A/hdServiceCode/nm-service-manage-course/target/classes/com/ningmeng/manage_course/**/*.class]
2020-03-14 21:56:49.881 [main] DEBUG o.s.c.i.s.PathMatchingResourcePatternResolver - Searching directory [E:\1704A\hdServiceCode\nm-service-manage-course\target\classes\com\ningmeng\manage_course\controller] for files matching pattern [E:/1704A/hdServiceCode/nm-service-manage-course/target/classes/com/ningmeng/manage_course/**/*.class]
2020-03-14 21:56:49.883 [main] DEBUG o.s.c.i.s.PathMatchingResourcePatternResolver - Searching directory [E:\1704A\hdServiceCode\nm-service-manage-course\target\classes\com\ningmeng\manage_course\dao] for files matching pattern [E:/1704A/hdServiceCode/nm-service-manage-course/target/classes/com/ningmeng/manage_course/**/*.class]
2020-03-14 21:56:49.886 [main] DEBUG o.s.c.i.s.PathMatchingResourcePatternResolver - Searching directory [E:\1704A\hdServiceCode\nm-service-manage-course\target\classes\com\ningmeng\manage_course\service] for files matching pattern [E:/1704A/hdServiceCode/nm-service-manage-course/target/classes/com/ningmeng/manage_course/**/*.class]
2020-03-14 21:56:49.887 [main] DEBUG o.s.c.i.s.PathMatchingResourcePatternResolver - Resolved location pattern [classpath*:com/ningmeng/manage_course/**/*.class] to resources [file [E:\1704A\hdServiceCode\nm-service-manage-course\target\test-classes\com\ningmeng\manage_course\dao\FeignTest.class], file [E:\1704A\hdServiceCode\nm-service-manage-course\target\test-classes\com\ningmeng\manage_course\dao\TestDao.class], file [E:\1704A\hdServiceCode\nm-service-manage-course\target\test-classes\com\ningmeng\manage_course\dao\Tests.class], file [E:\1704A\hdServiceCode\nm-service-manage-course\target\classes\com\ningmeng\manage_course\client\CmsPageClient.class], file [E:\1704A\hdServiceCode\nm-service-manage-course\target\classes\com\ningmeng\manage_course\config\ResourceServerConfig.class], file [E:\1704A\hdServiceCode\nm-service-manage-course\target\classes\com\ningmeng\manage_course\controller\CourseController.class], file [E:\1704A\hdServiceCode\nm-service-manage-course\target\classes\com\ningmeng\manage_course\controller\SysDicthinaryController.class], file [E:\1704A\hdServiceCode\nm-service-manage-course\target\classes\com\ningmeng\manage_course\dao\CategoryMapper.class], file [E:\1704A\hdServiceCode\nm-service-manage-course\target\classes\com\ningmeng\manage_course\dao\CourseBaseRepository.class], file [E:\1704A\hdServiceCode\nm-service-manage-course\target\classes\com\ningmeng\manage_course\dao\CourseMapper.class], file [E:\1704A\hdServiceCode\nm-service-manage-course\target\classes\com\ningmeng\manage_course\dao\CourseMarketMapper.class], file [E:\1704A\hdServiceCode\nm-service-manage-course\target\classes\com\ningmeng\manage_course\dao\CourseMarketRepository.class], file [E:\1704A\hdServiceCode\nm-service-manage-course\target\classes\com\ningmeng\manage_course\dao\CoursePicRepository.class], file [E:\1704A\hdServiceCode\nm-service-manage-course\target\classes\com\ningmeng\manage_course\dao\CoursePubRepository.class], file [E:\1704A\hdServiceCode\nm-service-manage-course\target\classes\com\ningmeng\manage_course\dao\SysDictionaryRepository.class], file [E:\1704A\hdServiceCode\nm-service-manage-course\target\classes\com\ningmeng\manage_course\dao\TeachplanMapper.class], file [E:\1704A\hdServiceCode\nm-service-manage-course\target\classes\com\ningmeng\manage_course\dao\TeachplanMediaPubRepository.class], file [E:\1704A\hdServiceCode\nm-service-manage-course\target\classes\com\ningmeng\manage_course\dao\TeachplanMediaRepository.class], file [E:\1704A\hdServiceCode\nm-service-manage-course\target\classes\com\ningmeng\manage_course\dao\TeachplanRepository.class], file [E:\1704A\hdServiceCode\nm-service-manage-course\target\classes\com\ningmeng\manage_course\ManageCourseApplication.class], file [E:\1704A\hdServiceCode\nm-service-manage-course\target\classes\com\ningmeng\manage_course\service\CourseService.class], file [E:\1704A\hdServiceCode\nm-service-manage-course\target\classes\com\ningmeng\manage_course\service\SysDicthinaryService.class]]
2020-03-14 21:56:49.908 [main] DEBUG o.s.d.r.c.RepositoryComponentProvider - Identified candidate component class: file [E:\1704A\hdServiceCode\nm-service-manage-course\target\classes\com\ningmeng\manage_course\dao\CourseBaseRepository.class]
2020-03-14 21:56:49.908 [main] DEBUG o.s.d.r.c.RepositoryComponentProvider - Identified candidate component class: file [E:\1704A\hdServiceCode\nm-service-manage-course\target\classes\com\ningmeng\manage_course\dao\CourseMarketRepository.class]
2020-03-14 21:56:49.908 [main] DEBUG o.s.d.r.c.RepositoryComponentProvider - Identified candidate component class: file [E:\1704A\hdServiceCode\nm-service-manage-course\target\classes\com\ningmeng\manage_course\dao\CoursePicRepository.class]
2020-03-14 21:56:49.908 [main] DEBUG o.s.d.r.c.RepositoryComponentProvider - Identified candidate component class: file [E:\1704A\hdServiceCode\nm-service-manage-course\target\classes\com\ningmeng\manage_course\dao\CoursePubRepository.class]
2020-03-14 21:56:49.909 [main] DEBUG o.s.d.r.c.RepositoryComponentProvider - Identified candidate component class: file [E:\1704A\hdServiceCode\nm-service-manage-course\target\classes\com\ningmeng\manage_course\dao\SysDictionaryRepository.class]
2020-03-14 21:56:49.909 [main] DEBUG o.s.d.r.c.RepositoryComponentProvider - Identified candidate component class: file [E:\1704A\hdServiceCode\nm-service-manage-course\target\classes\com\ningmeng\manage_course\dao\TeachplanMediaPubRepository.class]
2020-03-14 21:56:49.909 [main] DEBUG o.s.d.r.c.RepositoryComponentProvider - Identified candidate component class: file [E:\1704A\hdServiceCode\nm-service-manage-course\target\classes\com\ningmeng\manage_course\dao\TeachplanMediaRepository.class]
2020-03-14 21:56:49.910 [main] DEBUG o.s.d.r.c.RepositoryComponentProvider - Identified candidate component class: file [E:\1704A\hdServiceCode\nm-service-manage-course\target\classes\com\ningmeng\manage_course\dao\TeachplanRepository.class]
2020-03-14 21:56:50.015 [main] INFO  o.s.d.r.c.RepositoryConfigurationExtensionSupport - Spring Data JPA - Could not safely identify store assignment for repository candidate interface com.ningmeng.manage_course.dao.SysDictionaryRepository.
2020-03-14 21:56:50.080 [main] DEBUG o.s.c.i.s.PathMatchingResourcePatternResolver - Resolved classpath location [com/ningmeng/manage_course/dao/] to resources [URL [file:/E:/1704A/hdServiceCode/nm-service-manage-course/target/test-classes/com/ningmeng/manage_course/dao/], URL [file:/E:/1704A/hdServiceCode/nm-service-manage-course/target/classes/com/ningmeng/manage_course/dao/]]
2020-03-14 21:56:50.080 [main] DEBUG o.s.c.i.s.PathMatchingResourcePatternResolver - Looking for matching resources in directory tree [E:\1704A\hdServiceCode\nm-service-manage-course\target\test-classes\com\ningmeng\manage_course\dao]
2020-03-14 21:56:50.080 [main] DEBUG o.s.c.i.s.PathMatchingResourcePatternResolver - Searching directory [E:\1704A\hdServiceCode\nm-service-manage-course\target\test-classes\com\ningmeng\manage_course\dao] for files matching pattern [E:/1704A/hdServiceCode/nm-service-manage-course/target/test-classes/com/ningmeng/manage_course/dao/**/*TeachplanRepositoryImpl.class]
2020-03-14 21:56:50.083 [main] DEBUG o.s.c.i.s.PathMatchingResourcePatternResolver - Looking for matching resources in directory tree [E:\1704A\hdServiceCode\nm-service-manage-course\target\classes\com\ningmeng\manage_course\dao]
2020-03-14 21:56:50.083 [main] DEBUG o.s.c.i.s.PathMatchingResourcePatternResolver - Searching directory [E:\1704A\hdServiceCode\nm-service-manage-course\target\classes\com\ningmeng\manage_course\dao] for files matching pattern [E:/1704A/hdServiceCode/nm-service-manage-course/target/classes/com/ningmeng/manage_course/dao/**/*TeachplanRepositoryImpl.class]
2020-03-14 21:56:50.084 [main] DEBUG o.s.c.i.s.PathMatchingResourcePatternResolver - Resolved location pattern [classpath*:com/ningmeng/manage_course/dao/**/*TeachplanRepositoryImpl.class] to resources []
2020-03-14 21:56:50.120 [main] DEBUG o.s.d.r.c.RepositoryConfigurationDelegate - Spring Data JPA - Registering repository: teachplanRepository - Interface: com.ningmeng.manage_course.dao.TeachplanRepository - Factory: org.springframework.data.jpa.repository.support.JpaRepositoryFactoryBean
2020-03-14 21:56:50.141 [main] DEBUG o.s.c.i.s.PathMatchingResourcePatternResolver - Resolved classpath location [com/ningmeng/manage_course/dao/] to resources [URL [file:/E:/1704A/hdServiceCode/nm-service-manage-course/target/test-classes/com/ningmeng/manage_course/dao/], URL [file:/E:/1704A/hdServiceCode/nm-service-manage-course/target/classes/com/ningmeng/manage_course/dao/]]
2020-03-14 21:56:50.142 [main] DEBUG o.s.c.i.s.PathMatchingResourcePatternResolver - Looking for matching resources in directory tree [E:\1704A\hdServiceCode\nm-service-manage-course\target\test-classes\com\ningmeng\manage_course\dao]
2020-03-14 21:56:50.142 [main] DEBUG o.s.c.i.s.PathMatchingResourcePatternResolver - Searching directory [E:\1704A\hdServiceCode\nm-service-manage-course\target\test-classes\com\ningmeng\manage_course\dao] for files matching pattern [E:/1704A/hdServiceCode/nm-service-manage-course/target/test-classes/com/ningmeng/manage_course/dao/**/*TeachplanMediaRepositoryImpl.class]
2020-03-14 21:56:50.144 [main] DEBUG o.s.c.i.s.PathMatchingResourcePatternResolver - Looking for matching resources in directory tree [E:\1704A\hdServiceCode\nm-service-manage-course\target\classes\com\ningmeng\manage_course\dao]
2020-03-14 21:56:50.145 [main] DEBUG o.s.c.i.s.PathMatchingResourcePatternResolver - Searching directory [E:\1704A\hdServiceCode\nm-service-manage-course\target\classes\com\ningmeng\manage_course\dao] for files matching pattern [E:/1704A/hdServiceCode/nm-service-manage-course/target/classes/com/ningmeng/manage_course/dao/**/*TeachplanMediaRepositoryImpl.class]
2020-03-14 21:56:50.146 [main] DEBUG o.s.c.i.s.PathMatchingResourcePatternResolver - Resolved location pattern [classpath*:com/ningmeng/manage_course/dao/**/*TeachplanMediaRepositoryImpl.class] to resources []
2020-03-14 21:56:50.148 [main] DEBUG o.s.d.r.c.RepositoryConfigurationDelegate - Spring Data JPA - Registering repository: teachplanMediaRepository - Interface: com.ningmeng.manage_course.dao.TeachplanMediaRepository - Factory: org.springframework.data.jpa.repository.support.JpaRepositoryFactoryBean
2020-03-14 21:56:50.150 [main] DEBUG o.s.c.i.s.PathMatchingResourcePatternResolver - Resolved classpath location [com/ningmeng/manage_course/dao/] to resources [URL [file:/E:/1704A/hdServiceCode/nm-service-manage-course/target/test-classes/com/ningmeng/manage_course/dao/], URL [file:/E:/1704A/hdServiceCode/nm-service-manage-course/target/classes/com/ningmeng/manage_course/dao/]]
2020-03-14 21:56:50.151 [main] DEBUG o.s.c.i.s.PathMatchingResourcePatternResolver - Looking for matching resources in directory tree [E:\1704A\hdServiceCode\nm-service-manage-course\target\test-classes\com\ningmeng\manage_course\dao]
2020-03-14 21:56:50.151 [main] DEBUG o.s.c.i.s.PathMatchingResourcePatternResolver - Searching directory [E:\1704A\hdServiceCode\nm-service-manage-course\target\test-classes\com\ningmeng\manage_course\dao] for files matching pattern [E:/1704A/hdServiceCode/nm-service-manage-course/target/test-classes/com/ningmeng/manage_course/dao/**/*CoursePicRepositoryImpl.class]
2020-03-14 21:56:50.152 [main] DEBUG o.s.c.i.s.PathMatchingResourcePatternResolver - Looking for matching resources in directory tree [E:\1704A\hdServiceCode\nm-service-manage-course\target\classes\com\ningmeng\manage_course\dao]
2020-03-14 21:56:50.152 [main] DEBUG o.s.c.i.s.PathMatchingResourcePatternResolver - Searching directory [E:\1704A\hdServiceCode\nm-service-manage-course\target\classes\com\ningmeng\manage_course\dao] for files matching pattern [E:/1704A/hdServiceCode/nm-service-manage-course/target/classes/com/ningmeng/manage_course/dao/**/*CoursePicRepositoryImpl.class]
2020-03-14 21:56:50.154 [main] DEBUG o.s.c.i.s.PathMatchingResourcePatternResolver - Resolved location pattern [classpath*:com/ningmeng/manage_course/dao/**/*CoursePicRepositoryImpl.class] to resources []
2020-03-14 21:56:50.157 [main] DEBUG o.s.d.r.c.RepositoryConfigurationDelegate - Spring Data JPA - Registering repository: coursePicRepository - Interface: com.ningmeng.manage_course.dao.CoursePicRepository - Factory: org.springframework.data.jpa.repository.support.JpaRepositoryFactoryBean
2020-03-14 21:56:50.160 [main] DEBUG o.s.c.i.s.PathMatchingResourcePatternResolver - Resolved classpath location [com/ningmeng/manage_course/dao/] to resources [URL [file:/E:/1704A/hdServiceCode/nm-service-manage-course/target/test-classes/com/ningmeng/manage_course/dao/], URL [file:/E:/1704A/hdServiceCode/nm-service-manage-course/target/classes/com/ningmeng/manage_course/dao/]]
2020-03-14 21:56:50.160 [main] DEBUG o.s.c.i.s.PathMatchingResourcePatternResolver - Looking for matching resources in directory tree [E:\1704A\hdServiceCode\nm-service-manage-course\target\test-classes\com\ningmeng\manage_course\dao]
2020-03-14 21:56:50.160 [main] DEBUG o.s.c.i.s.PathMatchingResourcePatternResolver - Searching directory [E:\1704A\hdServiceCode\nm-service-manage-course\target\test-classes\com\ningmeng\manage_course\dao] for files matching pattern [E:/1704A/hdServiceCode/nm-service-manage-course/target/test-classes/com/ningmeng/manage_course/dao/**/*CoursePubRepositoryImpl.class]
2020-03-14 21:56:50.162 [main] DEBUG o.s.c.i.s.PathMatchingResourcePatternResolver - Looking for matching resources in directory tree [E:\1704A\hdServiceCode\nm-service-manage-course\target\classes\com\ningmeng\manage_course\dao]
2020-03-14 21:56:50.162 [main] DEBUG o.s.c.i.s.PathMatchingResourcePatternResolver - Searching directory [E:\1704A\hdServiceCode\nm-service-manage-course\target\classes\com\ningmeng\manage_course\dao] for files matching pattern [E:/1704A/hdServiceCode/nm-service-manage-course/target/classes/com/ningmeng/manage_course/dao/**/*CoursePubRepositoryImpl.class]
2020-03-14 21:56:50.165 [main] DEBUG o.s.c.i.s.PathMatchingResourcePatternResolver - Resolved location pattern [classpath*:com/ningmeng/manage_course/dao/**/*CoursePubRepositoryImpl.class] to resources []
2020-03-14 21:56:50.170 [main] DEBUG o.s.d.r.c.RepositoryConfigurationDelegate - Spring Data JPA - Registering repository: coursePubRepository - Interface: com.ningmeng.manage_course.dao.CoursePubRepository - Factory: org.springframework.data.jpa.repository.support.JpaRepositoryFactoryBean
2020-03-14 21:56:50.179 [main] DEBUG o.s.c.i.s.PathMatchingResourcePatternResolver - Resolved classpath location [com/ningmeng/manage_course/dao/] to resources [URL [file:/E:/1704A/hdServiceCode/nm-service-manage-course/target/test-classes/com/ningmeng/manage_course/dao/], URL [file:/E:/1704A/hdServiceCode/nm-service-manage-course/target/classes/com/ningmeng/manage_course/dao/]]
2020-03-14 21:56:50.180 [main] DEBUG o.s.c.i.s.PathMatchingResourcePatternResolver - Looking for matching resources in directory tree [E:\1704A\hdServiceCode\nm-service-manage-course\target\test-classes\com\ningmeng\manage_course\dao]
2020-03-14 21:56:50.186 [main] DEBUG o.s.c.i.s.PathMatchingResourcePatternResolver - Searching directory [E:\1704A\hdServiceCode\nm-service-manage-course\target\test-classes\com\ningmeng\manage_course\dao] for files matching pattern [E:/1704A/hdServiceCode/nm-service-manage-course/target/test-classes/com/ningmeng/manage_course/dao/**/*CourseMarketRepositoryImpl.class]
2020-03-14 21:56:50.189 [main] DEBUG o.s.c.i.s.PathMatchingResourcePatternResolver - Looking for matching resources in directory tree [E:\1704A\hdServiceCode\nm-service-manage-course\target\classes\com\ningmeng\manage_course\dao]
2020-03-14 21:56:50.189 [main] DEBUG o.s.c.i.s.PathMatchingResourcePatternResolver - Searching directory [E:\1704A\hdServiceCode\nm-service-manage-course\target\classes\com\ningmeng\manage_course\dao] for files matching pattern [E:/1704A/hdServiceCode/nm-service-manage-course/target/classes/com/ningmeng/manage_course/dao/**/*CourseMarketRepositoryImpl.class]
2020-03-14 21:56:50.190 [main] DEBUG o.s.c.i.s.PathMatchingResourcePatternResolver - Resolved location pattern [classpath*:com/ningmeng/manage_course/dao/**/*CourseMarketRepositoryImpl.class] to resources []
2020-03-14 21:56:50.195 [main] DEBUG o.s.d.r.c.RepositoryConfigurationDelegate - Spring Data JPA - Registering repository: courseMarketRepository - Interface: com.ningmeng.manage_course.dao.CourseMarketRepository - Factory: org.springframework.data.jpa.repository.support.JpaRepositoryFactoryBean
2020-03-14 21:56:50.197 [main] DEBUG o.s.c.i.s.PathMatchingResourcePatternResolver - Resolved classpath location [com/ningmeng/manage_course/dao/] to resources [URL [file:/E:/1704A/hdServiceCode/nm-service-manage-course/target/test-classes/com/ningmeng/manage_course/dao/], URL [file:/E:/1704A/hdServiceCode/nm-service-manage-course/target/classes/com/ningmeng/manage_course/dao/]]
2020-03-14 21:56:50.198 [main] DEBUG o.s.c.i.s.PathMatchingResourcePatternResolver - Looking for matching resources in directory tree [E:\1704A\hdServiceCode\nm-service-manage-course\target\test-classes\com\ningmeng\manage_course\dao]
2020-03-14 21:56:50.198 [main] DEBUG o.s.c.i.s.PathMatchingResourcePatternResolver - Searching directory [E:\1704A\hdServiceCode\nm-service-manage-course\target\test-classes\com\ningmeng\manage_course\dao] for files matching pattern [E:/1704A/hdServiceCode/nm-service-manage-course/target/test-classes/com/ningmeng/manage_course/dao/**/*TeachplanMediaPubRepositoryImpl.class]
2020-03-14 21:56:50.204 [main] DEBUG o.s.c.i.s.PathMatchingResourcePatternResolver - Looking for matching resources in directory tree [E:\1704A\hdServiceCode\nm-service-manage-course\target\classes\com\ningmeng\manage_course\dao]
2020-03-14 21:56:50.204 [main] DEBUG o.s.c.i.s.PathMatchingResourcePatternResolver - Searching directory [E:\1704A\hdServiceCode\nm-service-manage-course\target\classes\com\ningmeng\manage_course\dao] for files matching pattern [E:/1704A/hdServiceCode/nm-service-manage-course/target/classes/com/ningmeng/manage_course/dao/**/*TeachplanMediaPubRepositoryImpl.class]
2020-03-14 21:56:50.209 [main] DEBUG o.s.c.i.s.PathMatchingResourcePatternResolver - Resolved location pattern [classpath*:com/ningmeng/manage_course/dao/**/*TeachplanMediaPubRepositoryImpl.class] to resources []
2020-03-14 21:56:50.215 [main] DEBUG o.s.d.r.c.RepositoryConfigurationDelegate - Spring Data JPA - Registering repository: teachplanMediaPubRepository - Interface: com.ningmeng.manage_course.dao.TeachplanMediaPubRepository - Factory: org.springframework.data.jpa.repository.support.JpaRepositoryFactoryBean
2020-03-14 21:56:50.217 [main] DEBUG o.s.c.i.s.PathMatchingResourcePatternResolver - Resolved classpath location [com/ningmeng/manage_course/dao/] to resources [URL [file:/E:/1704A/hdServiceCode/nm-service-manage-course/target/test-classes/com/ningmeng/manage_course/dao/], URL [file:/E:/1704A/hdServiceCode/nm-service-manage-course/target/classes/com/ningmeng/manage_course/dao/]]
2020-03-14 21:56:50.217 [main] DEBUG o.s.c.i.s.PathMatchingResourcePatternResolver - Looking for matching resources in directory tree [E:\1704A\hdServiceCode\nm-service-manage-course\target\test-classes\com\ningmeng\manage_course\dao]
2020-03-14 21:56:50.217 [main] DEBUG o.s.c.i.s.PathMatchingResourcePatternResolver - Searching directory [E:\1704A\hdServiceCode\nm-service-manage-course\target\test-classes\com\ningmeng\manage_course\dao] for files matching pattern [E:/1704A/hdServiceCode/nm-service-manage-course/target/test-classes/com/ningmeng/manage_course/dao/**/*CourseBaseRepositoryImpl.class]
2020-03-14 21:56:50.218 [main] DEBUG o.s.c.i.s.PathMatchingResourcePatternResolver - Looking for matching resources in directory tree [E:\1704A\hdServiceCode\nm-service-manage-course\target\classes\com\ningmeng\manage_course\dao]
2020-03-14 21:56:50.218 [main] DEBUG o.s.c.i.s.PathMatchingResourcePatternResolver - Searching directory [E:\1704A\hdServiceCode\nm-service-manage-course\target\classes\com\ningmeng\manage_course\dao] for files matching pattern [E:/1704A/hdServiceCode/nm-service-manage-course/target/classes/com/ningmeng/manage_course/dao/**/*CourseBaseRepositoryImpl.class]
2020-03-14 21:56:50.219 [main] DEBUG o.s.c.i.s.PathMatchingResourcePatternResolver - Resolved location pattern [classpath*:com/ningmeng/manage_course/dao/**/*CourseBaseRepositoryImpl.class] to resources []
2020-03-14 21:56:50.221 [main] DEBUG o.s.d.r.c.RepositoryConfigurationDelegate - Spring Data JPA - Registering repository: courseBaseRepository - Interface: com.ningmeng.manage_course.dao.CourseBaseRepository - Factory: org.springframework.data.jpa.repository.support.JpaRepositoryFactoryBean
2020-03-14 21:56:50.222 [main] DEBUG o.s.b.f.s.DefaultListableBeanFactory - Returning cached instance of singleton bean 'autoConfigurationReport'
2020-03-14 21:56:50.226 [main] DEBUG o.s.b.f.s.DefaultListableBeanFactory - Returning cached instance of singleton bean 'org.springframework.boot.autoconfigure.condition.BeanTypeRegistry'
2020-03-14 21:56:50.236 [main] DEBUG o.s.b.f.s.DefaultListableBeanFactory - Returning cached instance of singleton bean 'org.springframework.boot.autoconfigure.condition.BeanTypeRegistry'
2020-03-14 21:56:50.239 [main] DEBUG o.s.b.f.s.DefaultListableBeanFactory - Returning cached instance of singleton bean 'org.springframework.boot.autoconfigure.condition.BeanTypeRegistry'
2020-03-14 21:56:50.240 [main] DEBUG o.s.b.f.s.DefaultListableBeanFactory - Returning cached instance of singleton bean 'org.springframework.boot.autoconfigure.condition.BeanTypeRegistry'
2020-03-14 21:56:50.240 [main] DEBUG o.s.b.f.s.DefaultListableBeanFactory - Returning cached instance of singleton bean 'autoConfigurationReport'
2020-03-14 21:56:50.241 [main] DEBUG o.s.c.e.PropertySourcesPropertyResolver - Could not find key 'spring.data.mongodb.repositories.type' in any property source
2020-03-14 21:56:50.245 [main] DEBUG o.s.b.f.s.DefaultListableBeanFactory - Returning cached instance of singleton bean 'autoConfigurationReport'
2020-03-14 21:56:50.246 [main] DEBUG o.s.c.a.ConfigurationClassBeanDefinitionReader - Registered bean definition for imported class 'org.springframework.boot.autoconfigure.data.mongo.MongoRepositoriesAutoConfiguration'
2020-03-14 21:56:50.255 [main] INFO  o.s.d.r.c.RepositoryConfigurationDelegate - Multiple Spring Data modules found, entering strict repository configuration mode!
2020-03-14 21:56:50.256 [main] DEBUG o.s.core.env.StandardEnvironment - Adding PropertySource 'systemProperties' with lowest search precedence
2020-03-14 21:56:50.256 [main] DEBUG o.s.core.env.StandardEnvironment - Adding PropertySource 'systemEnvironment' with lowest search precedence
2020-03-14 21:56:50.264 [main] DEBUG o.s.core.env.StandardEnvironment - Initialized StandardEnvironment with PropertySources [MapPropertySource@757819744 {name='systemProperties', properties={idea.version=2017.1.2, java.runtime.name=Java(TM) SE Runtime Environment, sun.boot.library.path=C:\Program Files\Java\jdk1.8.0_91\jre\bin, java.vm.version=25.91-b14, java.vm.vendor=Oracle Corporation, java.vendor.url=http://java.oracle.com/, path.separator=;, java.vm.name=Java HotSpot(TM) 64-Bit Server VM, file.encoding.pkg=sun.io, user.country=CN, user.script=, sun.java.launcher=SUN_STANDARD, sun.os.patch.level=, PID=10228, java.vm.specification.name=Java Virtual Machine Specification, user.dir=E:\1704A\hdServiceCode\nm-service-manage-course, java.runtime.version=1.8.0_91-b14, basedir=E:\1704A\hdServiceCode\nm-service-manage-course, java.awt.graphicsenv=sun.awt.Win32GraphicsEnvironment, java.endorsed.dirs=C:\Program Files\Java\jdk1.8.0_91\jre\lib\endorsed, os.arch=amd64, surefire.real.class.path=C:\Users\wangb\AppData\Local\Temp\surefire5324342515423551962\surefirebooter5243460830507094447.jar, java.io.tmpdir=C:\Users\wangb\AppData\Local\Temp\, line.separator=
, java.vm.specification.vendor=Oracle Corporation, user.variant=, os.name=Windows 10, sun.jnu.encoding=GBK, spring.beaninfo.ignore=true, java.library.path=C:\Program Files\Java\jdk1.8.0_91\jre\bin;C:\WINDOWS\Sun\Java\bin;C:\WINDOWS\system32;C:\WINDOWS;E:\app\wangb\product\11.2.0\dbhome_1\bin;E:\maven\apache-maven-3.6.1\bin;C:\Program Files\Java\jdk1.8.0_91\bin;C:\Program Files (x86)\Intel\iCLS Client\;C:\Program Files\Intel\iCLS Client\;C:\Windows\system32;C:\Windows;C:\Windows\System32\Wbem;C:\Windows\System32\WindowsPowerShell\v1.0\;C:\Program Files (x86)\NVIDIA Corporation\PhysX\Common;C:\Program Files (x86)\Intel\Intel(R) Management Engine Components\DAL;C:\Program Files\Intel\Intel(R) Management Engine Components\DAL;C:\Program Files (x86)\Intel\Intel(R) Management Engine Components\IPT;C:\Program Files\Intel\Intel(R) Management Engine Components\IPT;C:\WINDOWS\system32;C:\WINDOWS;C:\WINDOWS\System32\Wbem;C:\WINDOWS\System32\WindowsPowerShell\v1.0\;C:\WINDOWS\System32\OpenSSH\;C:\Program Files\MySQL\MySQL Server 5.5\bin;E:\nodejs\;E:\Git\cmd;E:\Mp4\ffmpeg-20180227-fa0c9d6-win64-static\bin;C:\Users\wangb\AppData\Local\Microsoft\WindowsApps;C:\Users\wangb\AppData\Roaming\npm;E:\Microsoft VS Code\bin;., surefire.test.class.path=E:\1704A\hdServiceCode\nm-service-manage-course\target\test-classes;E:\1704A\hdServiceCode\nm-service-manage-course\target\classes;E:\1704A\repository\org\springframework\cloud\spring-cloud-starter-oauth2\2.0.0.RELEASE\spring-cloud-starter-oauth2-2.0.0.RELEASE.jar;E:\1704A\repository\org\springframework\cloud\spring-cloud-starter-security\2.0.0.RELEASE\spring-cloud-starter-security-2.0.0.RELEASE.jar;E:\1704A\repository\org\springframework\boot\spring-boot-starter-actuator\2.0.1.RELEASE\spring-boot-starter-actuator-2.0.1.RELEASE.jar;E:\1704A\repository\org\springframework\boot\spring-boot-actuator-autoconfigure\2.0.1.RELEASE\spring-boot-actuator-autoconfigure-2.0.1.RELEASE.jar;E:\1704A\repository\org\springframework\boot\spring-boot-actuator\2.0.1.RELEASE\spring-boot-actuator-2.0.1.RELEASE.jar;E:\1704A\repository\io\micrometer\micrometer-core\1.0.3\micrometer-core-1.0.3.jar;E:\1704A\repository\org\latencyutils\LatencyUtils\2.0.3\LatencyUtils-2.0.3.jar;E:\1704A\repository\org\springframework\cloud\spring-cloud-security\2.0.0.RELEASE\spring-cloud-security-2.0.0.RELEASE.jar;E:\1704A\repository\org\springframework\boot\spring-boot-starter-security\2.0.1.RELEASE\spring-boot-starter-security-2.0.1.RELEASE.jar;E:\1704A\repository\org\springframework\security\oauth\boot\spring-security-oauth2-autoconfigure\2.0.0.RELEASE\spring-security-oauth2-autoconfigure-2.0.0.RELEASE.jar;E:\1704A\repository\com\fasterxml\jackson\core\jackson-annotations\2.9.0\jackson-annotations-2.9.0.jar;E:\1704A\repository\com\fasterxml\jackson\core\jackson-databind\2.9.5\jackson-databind-2.9.5.jar;E:\1704A\repository\org\springframework\boot\spring-boot\2.0.1.RELEASE\spring-boot-2.0.1.RELEASE.jar;E:\1704A\repository\org\springframework\security\oauth\spring-security-oauth2\2.2.1.RELEASE\spring-security-oauth2-2.2.1.RELEASE.jar;E:\1704A\repository\org\springframework\security\spring-security-core\5.0.4.RELEASE\spring-security-core-5.0.4.RELEASE.jar;E:\1704A\repository\org\springframework\security\spring-security-config\5.0.4.RELEASE\spring-security-config-5.0.4.RELEASE.jar;E:\1704A\repository\org\springframework\security\spring-security-web\5.0.4.RELEASE\spring-security-web-5.0.4.RELEASE.jar;E:\1704A\repository\org\codehaus\jackson\jackson-mapper-asl\1.9.13\jackson-mapper-asl-1.9.13.jar;E:\1704A\repository\org\codehaus\jackson\jackson-core-asl\1.9.13\jackson-core-asl-1.9.13.jar;E:\1704A\repository\com\github\pagehelper\pagehelper-spring-boot-starter\1.2.4\pagehelper-spring-boot-starter-1.2.4.jar;E:\1704A\repository\org\springframework\boot\spring-boot-starter\2.0.1.RELEASE\spring-boot-starter-2.0.1.RELEASE.jar;E:\1704A\repository\javax\annotation\javax.annotation-api\1.3.2\javax.annotation-api-1.3.2.jar;E:\1704A\repository\org\yaml\snakeyaml\1.19\snakeyaml-1.19.jar;E:\1704A\repository\com\github\pagehelper\pagehelper-spring-boot-autoconfigure\1.2.4\pagehelper-spring-boot-autoconfigure-1.2.4.jar;E:\1704A\repository\com\github\pagehelper\pagehelper\5.1.3\pagehelper-5.1.3.jar;E:\1704A\repository\com\github\jsqlparser\jsqlparser\1.0\jsqlparser-1.0.jar;E:\1704A\hdServiceCode\nm-service-api\target\nm-service-api.jar;E:\1704A\repository\commons-fileupload\commons-fileupload\1.3.3\commons-fileupload-1.3.3.jar;E:\1704A\repository\io\springfox\springfox-swagger2\2.7.0\springfox-swagger2-2.7.0.jar;E:\1704A\repository\io\swagger\swagger-annotations\1.5.13\swagger-annotations-1.5.13.jar;E:\1704A\repository\io\swagger\swagger-models\1.5.13\swagger-models-1.5.13.jar;E:\1704A\repository\io\springfox\springfox-spi\2.7.0\springfox-spi-2.7.0.jar;E:\1704A\repository\io\springfox\springfox-core\2.7.0\springfox-core-2.7.0.jar;E:\1704A\repository\io\springfox\springfox-schema\2.7.0\springfox-schema-2.7.0.jar;E:\1704A\repository\io\springfox\springfox-swagger-common\2.7.0\springfox-swagger-common-2.7.0.jar;E:\1704A\repository\io\springfox\springfox-spring-web\2.7.0\springfox-spring-web-2.7.0.jar;E:\1704A\repository\org\reflections\reflections\0.9.11\reflections-0.9.11.jar;E:\1704A\repository\com\fasterxml\classmate\1.3.4\classmate-1.3.4.jar;E:\1704A\repository\org\springframework\plugin\spring-plugin-core\1.2.0.RELEASE\spring-plugin-core-1.2.0.RELEASE.jar;E:\1704A\repository\org\springframework\plugin\spring-plugin-metadata\1.2.0.RELEASE\spring-plugin-metadata-1.2.0.RELEASE.jar;E:\1704A\repository\org\mapstruct\mapstruct\1.1.0.Final\mapstruct-1.1.0.Final.jar;E:\1704A\repository\io\springfox\springfox-swagger-ui\2.7.0\springfox-swagger-ui-2.7.0.jar;E:\1704A\hdServiceCode\nm-framework-model\target\nm-framework-model.jar;E:\1704A\repository\org\projectlombok\lombok\1.16.16\lombok-1.16.16.jar;E:\1704A\repository\org\springframework\data\spring-data-commons\2.0.6.RELEASE\spring-data-commons-2.0.6.RELEASE.jar;E:\1704A\repository\org\springframework\data\spring-data-mongodb\2.0.6.RELEASE\spring-data-mongodb-2.0.6.RELEASE.jar;E:\1704A\repository\org\springframework\spring-context\5.0.5.RELEASE\spring-context-5.0.5.RELEASE.jar;E:\1704A\repository\org\springframework\spring-expression\5.0.5.RELEASE\spring-expression-5.0.5.RELEASE.jar;E:\1704A\repository\org\mongodb\mongo-java-driver\3.6.3\mongo-java-driver-3.6.3.jar;E:\1704A\repository\org\hibernate\hibernate-core\5.2.16.Final\hibernate-core-5.2.16.Final.jar;E:\1704A\repository\org\jboss\logging\jboss-logging\3.3.2.Final\jboss-logging-3.3.2.Final.jar;E:\1704A\repository\org\hibernate\javax\persistence\hibernate-jpa-2.1-api\1.0.0.Final\hibernate-jpa-2.1-api-1.0.0.Final.jar;E:\1704A\repository\org\javassist\javassist\3.22.0-GA\javassist-3.22.0-GA.jar;E:\1704A\repository\antlr\antlr\2.7.7\antlr-2.7.7.jar;E:\1704A\repository\org\jboss\spec\javax\transaction\jboss-transaction-api_1.2_spec\1.0.1.Final\jboss-transaction-api_1.2_spec-1.0.1.Final.jar;E:\1704A\repository\org\jboss\jandex\2.0.3.Final\jandex-2.0.3.Final.jar;E:\1704A\repository\dom4j\dom4j\1.6.1\dom4j-1.6.1.jar;E:\1704A\repository\org\hibernate\common\hibernate-commons-annotations\5.0.1.Final\hibernate-commons-annotations-5.0.1.Final.jar;E:\1704A\repository\com\google\guava\guava\24.0-jre\guava-24.0-jre.jar;E:\1704A\repository\com\google\code\findbugs\jsr305\1.3.9\jsr305-1.3.9.jar;E:\1704A\repository\org\checkerframework\checker-compat-qual\2.0.0\checker-compat-qual-2.0.0.jar;E:\1704A\repository\com\google\errorprone\error_prone_annotations\2.1.3\error_prone_annotations-2.1.3.jar;E:\1704A\repository\com\google\j2objc\j2objc-annotations\1.1\j2objc-annotations-1.1.jar;E:\1704A\repository\org\codehaus\mojo\animal-sniffer-annotations\1.14\animal-sniffer-annotations-1.14.jar;E:\1704A\hdServiceCode\nm-framework-utils\target\nm-framework-utils.jar;E:\1704A\repository\javax\servlet\javax.servlet-api\3.1.0\javax.servlet-api-3.1.0.jar;E:\1704A\repository\org\springframework\boot\spring-boot-starter-logging\2.0.1.RELEASE\spring-boot-starter-logging-2.0.1.RELEASE.jar;E:\1704A\repository\ch\qos\logback\logback-classic\1.2.3\logback-classic-1.2.3.jar;E:\1704A\repository\ch\qos\logback\logback-core\1.2.3\logback-core-1.2.3.jar;E:\1704A\repository\org\apache\logging\log4j\log4j-to-slf4j\2.10.0\log4j-to-slf4j-2.10.0.jar;E:\1704A\repository\org\apache\logging\log4j\log4j-api\2.10.0\log4j-api-2.10.0.jar;E:\1704A\repository\org\slf4j\jul-to-slf4j\1.7.25\jul-to-slf4j-1.7.25.jar;E:\1704A\repository\org\apache\httpcomponents\httpclient\4.5.5\httpclient-4.5.5.jar;E:\1704A\repository\org\apache\httpcomponents\httpcore\4.4.9\httpcore-4.4.9.jar;E:\1704A\repository\commons-codec\commons-codec\1.10\commons-codec-1.10.jar;E:\1704A\repository\net\lingala\zip4j\zip4j\1.3.1\zip4j-1.3.1.jar;E:\1704A\repository\org\springframework\security\spring-security-crypto\5.0.4.RELEASE\spring-security-crypto-5.0.4.RELEASE.jar;E:\1704A\repository\org\springframework\security\spring-security-jwt\1.0.8.RELEASE\spring-security-jwt-1.0.8.RELEASE.jar;E:\1704A\repository\org\bouncycastle\bcpkix-jdk15on\1.56\bcpkix-jdk15on-1.56.jar;E:\1704A\repository\org\bouncycastle\bcprov-jdk15on\1.56\bcprov-jdk15on-1.56.jar;E:\1704A\hdServiceCode\nm-framework-common\target\nm-framework-common.jar;E:\1704A\repository\org\springframework\spring-web\5.0.5.RELEASE\spring-web-5.0.5.RELEASE.jar;E:\1704A\repository\org\springframework\boot\spring-boot-starter-web\2.0.1.RELEASE\spring-boot-starter-web-2.0.1.RELEASE.jar;E:\1704A\repository\org\springframework\boot\spring-boot-starter-json\2.0.1.RELEASE\spring-boot-starter-json-2.0.1.RELEASE.jar;E:\1704A\repository\com\fasterxml\jackson\datatype\jackson-datatype-jdk8\2.9.5\jackson-datatype-jdk8-2.9.5.jar;E:\1704A\repository\com\fasterxml\jackson\datatype\jackson-datatype-jsr310\2.9.5\jackson-datatype-jsr310-2.9.5.jar;E:\1704A\repository\com\fasterxml\jackson\module\jackson-module-parameter-names\2.9.5\jackson-module-parameter-names-2.9.5.jar;E:\1704A\repository\org\springframework\boot\spring-boot-starter-tomcat\2.0.1.RELEASE\spring-boot-starter-tomcat-2.0.1.RELEASE.jar;E:\1704A\repository\org\apache\tomcat\embed\tomcat-embed-core\8.5.28\tomcat-embed-core-8.5.28.jar;E:\1704A\repository\org\apache\tomcat\embed\tomcat-embed-el\8.5.28\tomcat-embed-el-8.5.28.jar;E:\1704A\repository\org\apache\tomcat\embed\tomcat-embed-websocket\8.5.28\tomcat-embed-websocket-8.5.28.jar;E:\1704A\repository\org\hibernate\validator\hibernate-validator\6.0.9.Final\hibernate-validator-6.0.9.Final.jar;E:\1704A\repository\javax\validation\validation-api\2.0.1.Final\validation-api-2.0.1.Final.jar;E:\1704A\repository\org\springframework\spring-webmvc\5.0.5.RELEASE\spring-webmvc-5.0.5.RELEASE.jar;E:\1704A\repository\org\springframework\spring-aop\5.0.5.RELEASE\spring-aop-5.0.5.RELEASE.jar;E:\1704A\repository\mysql\mysql-connector-java\5.1.40\mysql-connector-java-5.1.40.jar;E:\1704A\repository\com\alibaba\druid-spring-boot-starter\1.1.10\druid-spring-boot-starter-1.1.10.jar;E:\1704A\repository\com\alibaba\druid\1.1.6\druid-1.1.6.jar;E:\1704A\repository\org\slf4j\slf4j-api\1.7.25\slf4j-api-1.7.25.jar;E:\1704A\repository\org\springframework\boot\spring-boot-autoconfigure\2.0.1.RELEASE\spring-boot-autoconfigure-2.0.1.RELEASE.jar;E:\1704A\repository\org\mybatis\spring\boot\mybatis-spring-boot-starter\1.3.1\mybatis-spring-boot-starter-1.3.1.jar;E:\1704A\repository\org\springframework\boot\spring-boot-starter-jdbc\2.0.1.RELEASE\spring-boot-starter-jdbc-2.0.1.RELEASE.jar;E:\1704A\repository\com\zaxxer\HikariCP\2.7.8\HikariCP-2.7.8.jar;E:\1704A\repository\org\mybatis\spring\boot\mybatis-spring-boot-autoconfigure\1.3.1\mybatis-spring-boot-autoconfigure-1.3.1.jar;E:\1704A\repository\org\mybatis\mybatis\3.4.5\mybatis-3.4.5.jar;E:\1704A\repository\org\mybatis\mybatis-spring\1.3.1\mybatis-spring-1.3.1.jar;E:\1704A\repository\org\springframework\spring-orm\5.0.5.RELEASE\spring-orm-5.0.5.RELEASE.jar;E:\1704A\repository\org\springframework\spring-beans\5.0.5.RELEASE\spring-beans-5.0.5.RELEASE.jar;E:\1704A\repository\org\springframework\spring-core\5.0.5.RELEASE\spring-core-5.0.5.RELEASE.jar;E:\1704A\repository\org\springframework\spring-jcl\5.0.5.RELEASE\spring-jcl-5.0.5.RELEASE.jar;E:\1704A\repository\org\springframework\spring-jdbc\5.0.5.RELEASE\spring-jdbc-5.0.5.RELEASE.jar;E:\1704A\repository\org\springframework\spring-tx\5.0.5.RELEASE\spring-tx-5.0.5.RELEASE.jar;E:\1704A\repository\org\springframework\boot\spring-boot-starter-data-jpa\2.0.1.RELEASE\spring-boot-starter-data-jpa-2.0.1.RELEASE.jar;E:\1704A\repository\org\springframework\boot\spring-boot-starter-aop\2.0.1.RELEASE\spring-boot-starter-aop-2.0.1.RELEASE.jar;E:\1704A\repository\org\aspectj\aspectjweaver\1.8.13\aspectjweaver-1.8.13.jar;E:\1704A\repository\javax\transaction\javax.transaction-api\1.2\javax.transaction-api-1.2.jar;E:\1704A\repository\org\springframework\data\spring-data-jpa\2.0.6.RELEASE\spring-data-jpa-2.0.6.RELEASE.jar;E:\1704A\repository\org\springframework\spring-aspects\5.0.5.RELEASE\spring-aspects-5.0.5.RELEASE.jar;E:\1704A\repository\com\squareup\okhttp3\okhttp\3.9.1\okhttp-3.9.1.jar;E:\1704A\repository\com\squareup\okio\okio\1.13.0\okio-1.13.0.jar;E:\1704A\repository\com\alibaba\fastjson\1.2.30\fastjson-1.2.30.jar;E:\1704A\repository\commons-io\commons-io\2.6\commons-io-2.6.jar;E:\1704A\repository\org\apache\commons\commons-lang3\3.6\commons-lang3-3.6.jar;E:\1704A\repository\org\springframework\boot\spring-boot-starter-test\2.0.1.RELEASE\spring-boot-starter-test-2.0.1.RELEASE.jar;E:\1704A\repository\org\springframework\boot\spring-boot-test\2.0.1.RELEASE\spring-boot-test-2.0.1.RELEASE.jar;E:\1704A\repository\org\springframework\boot\spring-boot-test-autoconfigure\2.0.1.RELEASE\spring-boot-test-autoconfigure-2.0.1.RELEASE.jar;E:\1704A\repository\com\jayway\jsonpath\json-path\2.4.0\json-path-2.4.0.jar;E:\1704A\repository\net\minidev\json-smart\2.3\json-smart-2.3.jar;E:\1704A\repository\net\minidev\accessors-smart\1.2\accessors-smart-1.2.jar;E:\1704A\repository\org\ow2\asm\asm\5.0.4\asm-5.0.4.jar;E:\1704A\repository\junit\junit\4.12\junit-4.12.jar;E:\1704A\repository\org\assertj\assertj-core\3.9.1\assertj-core-3.9.1.jar;E:\1704A\repository\org\mockito\mockito-core\2.15.0\mockito-core-2.15.0.jar;E:\1704A\repository\net\bytebuddy\byte-buddy\1.7.11\byte-buddy-1.7.11.jar;E:\1704A\repository\net\bytebuddy\byte-buddy-agent\1.7.11\byte-buddy-agent-1.7.11.jar;E:\1704A\repository\org\objenesis\objenesis\2.6\objenesis-2.6.jar;E:\1704A\repository\org\hamcrest\hamcrest-core\1.3\hamcrest-core-1.3.jar;E:\1704A\repository\org\hamcrest\hamcrest-library\1.3\hamcrest-library-1.3.jar;E:\1704A\repository\org\skyscreamer\jsonassert\1.5.0\jsonassert-1.5.0.jar;E:\1704A\repository\com\vaadin\external\google\android-json\0.0.20131108.vaadin1\android-json-0.0.20131108.vaadin1.jar;E:\1704A\repository\org\springframework\spring-test\5.0.5.RELEASE\spring-test-5.0.5.RELEASE.jar;E:\1704A\repository\org\xmlunit\xmlunit-core\2.5.1\xmlunit-core-2.5.1.jar;E:\1704A\repository\org\springframework\cloud\spring-cloud-starter-netflix-eureka-client\2.0.1.RELEASE\spring-cloud-starter-netflix-eureka-client-2.0.1.RELEASE.jar;E:\1704A\repository\org\springframework\cloud\spring-cloud-starter\2.0.1.RELEASE\spring-cloud-starter-2.0.1.RELEASE.jar;E:\1704A\repository\org\springframework\cloud\spring-cloud-context\2.0.1.RELEASE\spring-cloud-context-2.0.1.RELEASE.jar;E:\1704A\repository\org\springframework\security\spring-security-rsa\1.0.5.RELEASE\spring-security-rsa-1.0.5.RELEASE.jar;E:\1704A\repository\org\springframework\cloud\spring-cloud-netflix-core\2.0.1.RELEASE\spring-cloud-netflix-core-2.0.1.RELEASE.jar;E:\1704A\repository\org\springframework\cloud\spring-cloud-netflix-eureka-client\2.0.1.RELEASE\spring-cloud-netflix-eureka-client-2.0.1.RELEASE.jar;E:\1704A\repository\com\netflix\eureka\eureka-client\1.9.3\eureka-client-1.9.3.jar;E:\1704A\repository\org\codehaus\jettison\jettison\1.3.7\jettison-1.3.7.jar;E:\1704A\repository\stax\stax-api\1.0.1\stax-api-1.0.1.jar;E:\1704A\repository\com\netflix\netflix-commons\netflix-eventbus\0.3.0\netflix-eventbus-0.3.0.jar;E:\1704A\repository\com\netflix\netflix-commons\netflix-infix\0.3.0\netflix-infix-0.3.0.jar;E:\1704A\repository\commons-jxpath\commons-jxpath\1.3\commons-jxpath-1.3.jar;E:\1704A\repository\joda-time\joda-time\2.9.9\joda-time-2.9.9.jar;E:\1704A\repository\org\antlr\antlr-runtime\3.4\antlr-runtime-3.4.jar;E:\1704A\repository\org\antlr\stringtemplate\3.2.1\stringtemplate-3.2.1.jar;E:\1704A\repository\com\google\code\gson\gson\2.8.2\gson-2.8.2.jar;E:\1704A\repository\org\apache\commons\commons-math\2.2\commons-math-2.2.jar;E:\1704A\repository\com\netflix\archaius\archaius-core\0.7.6\archaius-core-0.7.6.jar;E:\1704A\repository\javax\ws\rs\jsr311-api\1.1.1\jsr311-api-1.1.1.jar;E:\1704A\repository\com\netflix\servo\servo-core\0.12.21\servo-core-0.12.21.jar;E:\1704A\repository\com\sun\jersey\jersey-core\1.19.1\jersey-core-1.19.1.jar;E:\1704A\repository\com\sun\jersey\jersey-client\1.19.1\jersey-client-1.19.1.jar;E:\1704A\repository\com\sun\jersey\contribs\jersey-apache-client4\1.19.1\jersey-apache-client4-1.19.1.jar;E:\1704A\repository\com\google\inject\guice\4.1.0\guice-4.1.0.jar;E:\1704A\repository\javax\inject\javax.inject\1\javax.inject-1.jar;E:\1704A\repository\aopalliance\aopalliance\1.0\aopalliance-1.0.jar;E:\1704A\repository\com\github\vlsi\compactmap\compactmap\1.2.1\compactmap-1.2.1.jar;E:\1704A\repository\com\github\andrewoma\dexx\dexx-collections\0.2\dexx-collections-0.2.jar;E:\1704A\repository\com\fasterxml\jackson\core\jackson-core\2.9.5\jackson-core-2.9.5.jar;E:\1704A\repository\com\netflix\eureka\eureka-core\1.9.3\eureka-core-1.9.3.jar;E:\1704A\repository\org\codehaus\woodstox\woodstox-core-asl\4.4.1\woodstox-core-asl-4.4.1.jar;E:\1704A\repository\javax\xml\stream\stax-api\1.0-2\stax-api-1.0-2.jar;E:\1704A\repository\org\codehaus\woodstox\stax2-api\3.1.4\stax2-api-3.1.4.jar;E:\1704A\repository\org\springframework\cloud\spring-cloud-starter-netflix-archaius\2.0.1.RELEASE\spring-cloud-starter-netflix-archaius-2.0.1.RELEASE.jar;E:\1704A\repository\org\springframework\cloud\spring-cloud-netflix-ribbon\2.0.1.RELEASE\spring-cloud-netflix-ribbon-2.0.1.RELEASE.jar;E:\1704A\repository\org\springframework\cloud\spring-cloud-netflix-archaius\2.0.1.RELEASE\spring-cloud-netflix-archaius-2.0.1.RELEASE.jar;E:\1704A\repository\commons-configuration\commons-configuration\1.8\commons-configuration-1.8.jar;E:\1704A\repository\commons-lang\commons-lang\2.6\commons-lang-2.6.jar;E:\1704A\repository\org\springframework\cloud\spring-cloud-starter-netflix-ribbon\2.0.1.RELEASE\spring-cloud-starter-netflix-ribbon-2.0.1.RELEASE.jar;E:\1704A\repository\com\netflix\ribbon\ribbon\2.2.5\ribbon-2.2.5.jar;E:\1704A\repository\com\netflix\ribbon\ribbon-transport\2.2.5\ribbon-transport-2.2.5.jar;E:\1704A\repository\io\reactivex\rxnetty-contexts\0.4.9\rxnetty-contexts-0.4.9.jar;E:\1704A\repository\io\reactivex\rxnetty-servo\0.4.9\rxnetty-servo-0.4.9.jar;E:\1704A\repository\io\reactivex\rxnetty\0.4.9\rxnetty-0.4.9.jar;E:\1704A\repository\io\netty\netty-codec-http\4.1.23.Final\netty-codec-http-4.1.23.Final.jar;E:\1704A\repository\io\netty\netty-codec\4.1.23.Final\netty-codec-4.1.23.Final.jar;E:\1704A\repository\io\netty\netty-transport-native-epoll\4.1.23.Final\netty-transport-native-epoll-4.1.23.Final.jar;E:\1704A\repository\io\netty\netty-common\4.1.23.Final\netty-common-4.1.23.Final.jar;E:\1704A\repository\io\netty\netty-buffer\4.1.23.Final\netty-buffer-4.1.23.Final.jar;E:\1704A\repository\io\netty\netty-transport-native-unix-common\4.1.23.Final\netty-transport-native-unix-common-4.1.23.Final.jar;E:\1704A\repository\io\netty\netty-transport\4.1.23.Final\netty-transport-4.1.23.Final.jar;E:\1704A\repository\io\netty\netty-resolver\4.1.23.Final\netty-resolver-4.1.23.Final.jar;E:\1704A\repository\com\netflix\ribbon\ribbon-core\2.2.5\ribbon-core-2.2.5.jar;E:\1704A\repository\com\netflix\ribbon\ribbon-httpclient\2.2.5\ribbon-httpclient-2.2.5.jar;E:\1704A\repository\commons-collections\commons-collections\3.2.2\commons-collections-3.2.2.jar;E:\1704A\repository\com\netflix\netflix-commons\netflix-commons-util\0.3.0\netflix-commons-util-0.3.0.jar;E:\1704A\repository\com\netflix\ribbon\ribbon-loadbalancer\2.2.5\ribbon-loadbalancer-2.2.5.jar;E:\1704A\repository\com\netflix\netflix-commons\netflix-statistics\0.1.1\netflix-statistics-0.1.1.jar;E:\1704A\repository\io\reactivex\rxjava\1.3.8\rxjava-1.3.8.jar;E:\1704A\repository\com\netflix\ribbon\ribbon-eureka\2.2.5\ribbon-eureka-2.2.5.jar;E:\1704A\repository\com\thoughtworks\xstream\xstream\1.4.10\xstream-1.4.10.jar;E:\1704A\repository\xmlpull\xmlpull\1.1.3.1\xmlpull-1.1.3.1.jar;E:\1704A\repository\xpp3\xpp3_min\1.1.4c\xpp3_min-1.1.4c.jar;E:\1704A\repository\org\springframework\cloud\spring-cloud-starter-openfeign\2.0.1.RELEASE\spring-cloud-starter-openfeign-2.0.1.RELEASE.jar;E:\1704A\repository\org\springframework\cloud\spring-cloud-openfeign-core\2.0.1.RELEASE\spring-cloud-openfeign-core-2.0.1.RELEASE.jar;E:\1704A\repository\org\springframework\cloud\spring-cloud-commons\2.0.1.RELEASE\spring-cloud-commons-2.0.1.RELEASE.jar;E:\1704A\repository\io\github\openfeign\feign-core\9.5.1\feign-core-9.5.1.jar;E:\1704A\repository\io\github\openfeign\feign-slf4j\9.5.1\feign-slf4j-9.5.1.jar;E:\1704A\repository\io\github\openfeign\feign-hystrix\9.5.1\feign-hystrix-9.5.1.jar;E:\1704A\repository\com\netflix\hystrix\hystrix-core\1.5.12\hystrix-core-1.5.12.jar;E:\1704A\repository\org\hdrhistogram\HdrHistogram\2.1.9\HdrHistogram-2.1.9.jar;E:\1704A\repository\io\github\openfeign\feign-java8\9.5.1\feign-java8-9.5.1.jar;E:\1704A\repository\com\netflix\feign\feign-okhttp\8.18.0\feign-okhttp-8.18.0.jar;E:\1704A\repository\com\netflix\feign\feign-core\8.18.0\feign-core-8.18.0.jar;E:\1704A\repository\org\jvnet\animal-sniffer-annotation\1.0\animal-sniffer-annotation-1.0.jar;, java.specification.name=Java Platform API Specification, java.class.version=52.0, sun.management.compiler=HotSpot 64-Bit Tiered Compilers, maven.repo.local=E:\1704A\repository, os.version=10.0, user.home=C:\Users\wangb, user.timezone=Asia/Shanghai, java.awt.printerjob=sun.awt.windows.WPrinterJob, file.encoding=GBK, java.specification.version=1.8, java.class.path=E:\1704A\hdServiceCode\nm-service-manage-course\target\test-classes;E:\1704A\hdServiceCode\nm-service-manage-course\target\classes;E:\1704A\repository\org\springframework\cloud\spring-cloud-starter-oauth2\2.0.0.RELEASE\spring-cloud-starter-oauth2-2.0.0.RELEASE.jar;E:\1704A\repository\org\springframework\cloud\spring-cloud-starter-security\2.0.0.RELEASE\spring-cloud-starter-security-2.0.0.RELEASE.jar;E:\1704A\repository\org\springframework\boot\spring-boot-starter-actuator\2.0.1.RELEASE\spring-boot-starter-actuator-2.0.1.RELEASE.jar;E:\1704A\repository\org\springframework\boot\spring-boot-actuator-autoconfigure\2.0.1.RELEASE\spring-boot-actuator-autoconfigure-2.0.1.RELEASE.jar;E:\1704A\repository\org\springframework\boot\spring-boot-actuator\2.0.1.RELEASE\spring-boot-actuator-2.0.1.RELEASE.jar;E:\1704A\repository\io\micrometer\micrometer-core\1.0.3\micrometer-core-1.0.3.jar;E:\1704A\repository\org\latencyutils\LatencyUtils\2.0.3\LatencyUtils-2.0.3.jar;E:\1704A\repository\org\springframework\cloud\spring-cloud-security\2.0.0.RELEASE\spring-cloud-security-2.0.0.RELEASE.jar;E:\1704A\repository\org\springframework\boot\spring-boot-starter-security\2.0.1.RELEASE\spring-boot-starter-security-2.0.1.RELEASE.jar;E:\1704A\repository\org\springframework\security\oauth\boot\spring-security-oauth2-autoconfigure\2.0.0.RELEASE\spring-security-oauth2-autoconfigure-2.0.0.RELEASE.jar;E:\1704A\repository\com\fasterxml\jackson\core\jackson-annotations\2.9.0\jackson-annotations-2.9.0.jar;E:\1704A\repository\com\fasterxml\jackson\core\jackson-databind\2.9.5\jackson-databind-2.9.5.jar;E:\1704A\repository\org\springframework\boot\spring-boot\2.0.1.RELEASE\spring-boot-2.0.1.RELEASE.jar;E:\1704A\repository\org\springframework\security\oauth\spring-security-oauth2\2.2.1.RELEASE\spring-security-oauth2-2.2.1.RELEASE.jar;E:\1704A\repository\org\springframework\security\spring-security-core\5.0.4.RELEASE\spring-security-core-5.0.4.RELEASE.jar;E:\1704A\repository\org\springframework\security\spring-security-config\5.0.4.RELEASE\spring-security-config-5.0.4.RELEASE.jar;E:\1704A\repository\org\springframework\security\spring-security-web\5.0.4.RELEASE\spring-security-web-5.0.4.RELEASE.jar;E:\1704A\repository\org\codehaus\jackson\jackson-mapper-asl\1.9.13\jackson-mapper-asl-1.9.13.jar;E:\1704A\repository\org\codehaus\jackson\jackson-core-asl\1.9.13\jackson-core-asl-1.9.13.jar;E:\1704A\repository\com\github\pagehelper\pagehelper-spring-boot-starter\1.2.4\pagehelper-spring-boot-starter-1.2.4.jar;E:\1704A\repository\org\springframework\boot\spring-boot-starter\2.0.1.RELEASE\spring-boot-starter-2.0.1.RELEASE.jar;E:\1704A\repository\javax\annotation\javax.annotation-api\1.3.2\javax.annotation-api-1.3.2.jar;E:\1704A\repository\org\yaml\snakeyaml\1.19\snakeyaml-1.19.jar;E:\1704A\repository\com\github\pagehelper\pagehelper-spring-boot-autoconfigure\1.2.4\pagehelper-spring-boot-autoconfigure-1.2.4.jar;E:\1704A\repository\com\github\pagehelper\pagehelper\5.1.3\pagehelper-5.1.3.jar;E:\1704A\repository\com\github\jsqlparser\jsqlparser\1.0\jsqlparser-1.0.jar;E:\1704A\hdServiceCode\nm-service-api\target\nm-service-api.jar;E:\1704A\repository\commons-fileupload\commons-fileupload\1.3.3\commons-fileupload-1.3.3.jar;E:\1704A\repository\io\springfox\springfox-swagger2\2.7.0\springfox-swagger2-2.7.0.jar;E:\1704A\repository\io\swagger\swagger-annotations\1.5.13\swagger-annotations-1.5.13.jar;E:\1704A\repository\io\swagger\swagger-models\1.5.13\swagger-models-1.5.13.jar;E:\1704A\repository\io\springfox\springfox-spi\2.7.0\springfox-spi-2.7.0.jar;E:\1704A\repository\io\springfox\springfox-core\2.7.0\springfox-core-2.7.0.jar;E:\1704A\repository\io\springfox\springfox-schema\2.7.0\springfox-schema-2.7.0.jar;E:\1704A\repository\io\springfox\springfox-swagger-common\2.7.0\springfox-swagger-common-2.7.0.jar;E:\1704A\repository\io\springfox\springfox-spring-web\2.7.0\springfox-spring-web-2.7.0.jar;E:\1704A\repository\org\reflections\reflections\0.9.11\reflections-0.9.11.jar;E:\1704A\repository\com\fasterxml\classmate\1.3.4\classmate-1.3.4.jar;E:\1704A\repository\org\springframework\plugin\spring-plugin-core\1.2.0.RELEASE\spring-plugin-core-1.2.0.RELEASE.jar;E:\1704A\repository\org\springframework\plugin\spring-plugin-metadata\1.2.0.RELEASE\spring-plugin-metadata-1.2.0.RELEASE.jar;E:\1704A\repository\org\mapstruct\mapstruct\1.1.0.Final\mapstruct-1.1.0.Final.jar;E:\1704A\repository\io\springfox\springfox-swagger-ui\2.7.0\springfox-swagger-ui-2.7.0.jar;E:\1704A\hdServiceCode\nm-framework-model\target\nm-framework-model.jar;E:\1704A\repository\org\projectlombok\lombok\1.16.16\lombok-1.16.16.jar;E:\1704A\repository\org\springframework\data\spring-data-commons\2.0.6.RELEASE\spring-data-commons-2.0.6.RELEASE.jar;E:\1704A\repository\org\springframework\data\spring-data-mongodb\2.0.6.RELEASE\spring-data-mongodb-2.0.6.RELEASE.jar;E:\1704A\repository\org\springframework\spring-context\5.0.5.RELEASE\spring-context-5.0.5.RELEASE.jar;E:\1704A\repository\org\springframework\spring-expression\5.0.5.RELEASE\spring-expression-5.0.5.RELEASE.jar;E:\1704A\repository\org\mongodb\mongo-java-driver\3.6.3\mongo-java-driver-3.6.3.jar;E:\1704A\repository\org\hibernate\hibernate-core\5.2.16.Final\hibernate-core-5.2.16.Final.jar;E:\1704A\repository\org\jboss\logging\jboss-logging\3.3.2.Final\jboss-logging-3.3.2.Final.jar;E:\1704A\repository\org\hibernate\javax\persistence\hibernate-jpa-2.1-api\1.0.0.Final\hibernate-jpa-2.1-api-1.0.0.Final.jar;E:\1704A\repository\org\javassist\javassist\3.22.0-GA\javassist-3.22.0-GA.jar;E:\1704A\repository\antlr\antlr\2.7.7\antlr-2.7.7.jar;E:\1704A\repository\org\jboss\spec\javax\transaction\jboss-transaction-api_1.2_spec\1.0.1.Final\jboss-transaction-api_1.2_spec-1.0.1.Final.jar;E:\1704A\repository\org\jboss\jandex\2.0.3.Final\jandex-2.0.3.Final.jar;E:\1704A\repository\dom4j\dom4j\1.6.1\dom4j-1.6.1.jar;E:\1704A\repository\org\hibernate\common\hibernate-commons-annotations\5.0.1.Final\hibernate-commons-annotations-5.0.1.Final.jar;E:\1704A\repository\com\google\guava\guava\24.0-jre\guava-24.0-jre.jar;E:\1704A\repository\com\google\code\findbugs\jsr305\1.3.9\jsr305-1.3.9.jar;E:\1704A\repository\org\checkerframework\checker-compat-qual\2.0.0\checker-compat-qual-2.0.0.jar;E:\1704A\repository\com\google\errorprone\error_prone_annotations\2.1.3\error_prone_annotations-2.1.3.jar;E:\1704A\repository\com\google\j2objc\j2objc-annotations\1.1\j2objc-annotations-1.1.jar;E:\1704A\repository\org\codehaus\mojo\animal-sniffer-annotations\1.14\animal-sniffer-annotations-1.14.jar;E:\1704A\hdServiceCode\nm-framework-utils\target\nm-framework-utils.jar;E:\1704A\repository\javax\servlet\javax.servlet-api\3.1.0\javax.servlet-api-3.1.0.jar;E:\1704A\repository\org\springframework\boot\spring-boot-starter-logging\2.0.1.RELEASE\spring-boot-starter-logging-2.0.1.RELEASE.jar;E:\1704A\repository\ch\qos\logback\logback-classic\1.2.3\logback-classic-1.2.3.jar;E:\1704A\repository\ch\qos\logback\logback-core\1.2.3\logback-core-1.2.3.jar;E:\1704A\repository\org\apache\logging\log4j\log4j-to-slf4j\2.10.0\log4j-to-slf4j-2.10.0.jar;E:\1704A\repository\org\apache\logging\log4j\log4j-api\2.10.0\log4j-api-2.10.0.jar;E:\1704A\repository\org\slf4j\jul-to-slf4j\1.7.25\jul-to-slf4j-1.7.25.jar;E:\1704A\repository\org\apache\httpcomponents\httpclient\4.5.5\httpclient-4.5.5.jar;E:\1704A\repository\org\apache\httpcomponents\httpcore\4.4.9\httpcore-4.4.9.jar;E:\1704A\repository\commons-codec\commons-codec\1.10\commons-codec-1.10.jar;E:\1704A\repository\net\lingala\zip4j\zip4j\1.3.1\zip4j-1.3.1.jar;E:\1704A\repository\org\springframework\security\spring-security-crypto\5.0.4.RELEASE\spring-security-crypto-5.0.4.RELEASE.jar;E:\1704A\repository\org\springframework\security\spring-security-jwt\1.0.8.RELEASE\spring-security-jwt-1.0.8.RELEASE.jar;E:\1704A\repository\org\bouncycastle\bcpkix-jdk15on\1.56\bcpkix-jdk15on-1.56.jar;E:\1704A\repository\org\bouncycastle\bcprov-jdk15on\1.56\bcprov-jdk15on-1.56.jar;E:\1704A\hdServiceCode\nm-framework-common\target\nm-framework-common.jar;E:\1704A\repository\org\springframework\spring-web\5.0.5.RELEASE\spring-web-5.0.5.RELEASE.jar;E:\1704A\repository\org\springframework\boot\spring-boot-starter-web\2.0.1.RELEASE\spring-boot-starter-web-2.0.1.RELEASE.jar;E:\1704A\repository\org\springframework\boot\spring-boot-starter-json\2.0.1.RELEASE\spring-boot-starter-json-2.0.1.RELEASE.jar;E:\1704A\repository\com\fasterxml\jackson\datatype\jackson-datatype-jdk8\2.9.5\jackson-datatype-jdk8-2.9.5.jar;E:\1704A\repository\com\fasterxml\jackson\datatype\jackson-datatype-jsr310\2.9.5\jackson-datatype-jsr310-2.9.5.jar;E:\1704A\repository\com\fasterxml\jackson\module\jackson-module-parameter-names\2.9.5\jackson-module-parameter-names-2.9.5.jar;E:\1704A\repository\org\springframework\boot\spring-boot-starter-tomcat\2.0.1.RELEASE\spring-boot-starter-tomcat-2.0.1.RELEASE.jar;E:\1704A\repository\org\apache\tomcat\embed\tomcat-embed-core\8.5.28\tomcat-embed-core-8.5.28.jar;E:\1704A\repository\org\apache\tomcat\embed\tomcat-embed-el\8.5.28\tomcat-embed-el-8.5.28.jar;E:\1704A\repository\org\apache\tomcat\embed\tomcat-embed-websocket\8.5.28\tomcat-embed-websocket-8.5.28.jar;E:\1704A\repository\org\hibernate\validator\hibernate-validator\6.0.9.Final\hibernate-validator-6.0.9.Final.jar;E:\1704A\repository\javax\validation\validation-api\2.0.1.Final\validation-api-2.0.1.Final.jar;E:\1704A\repository\org\springframework\spring-webmvc\5.0.5.RELEASE\spring-webmvc-5.0.5.RELEASE.jar;E:\1704A\repository\org\springframework\spring-aop\5.0.5.RELEASE\spring-aop-5.0.5.RELEASE.jar;E:\1704A\repository\mysql\mysql-connector-java\5.1.40\mysql-connector-java-5.1.40.jar;E:\1704A\repository\com\alibaba\druid-spring-boot-starter\1.1.10\druid-spring-boot-starter-1.1.10.jar;E:\1704A\repository\com\alibaba\druid\1.1.6\druid-1.1.6.jar;E:\1704A\repository\org\slf4j\slf4j-api\1.7.25\slf4j-api-1.7.25.jar;E:\1704A\repository\org\springframework\boot\spring-boot-autoconfigure\2.0.1.RELEASE\spring-boot-autoconfigure-2.0.1.RELEASE.jar;E:\1704A\repository\org\mybatis\spring\boot\mybatis-spring-boot-starter\1.3.1\mybatis-spring-boot-starter-1.3.1.jar;E:\1704A\repository\org\springframework\boot\spring-boot-starter-jdbc\2.0.1.RELEASE\spring-boot-starter-jdbc-2.0.1.RELEASE.jar;E:\1704A\repository\com\zaxxer\HikariCP\2.7.8\HikariCP-2.7.8.jar;E:\1704A\repository\org\mybatis\spring\boot\mybatis-spring-boot-autoconfigure\1.3.1\mybatis-spring-boot-autoconfigure-1.3.1.jar;E:\1704A\repository\org\mybatis\mybatis\3.4.5\mybatis-3.4.5.jar;E:\1704A\repository\org\mybatis\mybatis-spring\1.3.1\mybatis-spring-1.3.1.jar;E:\1704A\repository\org\springframework\spring-orm\5.0.5.RELEASE\spring-orm-5.0.5.RELEASE.jar;E:\1704A\repository\org\springframework\spring-beans\5.0.5.RELEASE\spring-beans-5.0.5.RELEASE.jar;E:\1704A\repository\org\springframework\spring-core\5.0.5.RELEASE\spring-core-5.0.5.RELEASE.jar;E:\1704A\repository\org\springframework\spring-jcl\5.0.5.RELEASE\spring-jcl-5.0.5.RELEASE.jar;E:\1704A\repository\org\springframework\spring-jdbc\5.0.5.RELEASE\spring-jdbc-5.0.5.RELEASE.jar;E:\1704A\repository\org\springframework\spring-tx\5.0.5.RELEASE\spring-tx-5.0.5.RELEASE.jar;E:\1704A\repository\org\springframework\boot\spring-boot-starter-data-jpa\2.0.1.RELEASE\spring-boot-starter-data-jpa-2.0.1.RELEASE.jar;E:\1704A\repository\org\springframework\boot\spring-boot-starter-aop\2.0.1.RELEASE\spring-boot-starter-aop-2.0.1.RELEASE.jar;E:\1704A\repository\org\aspectj\aspectjweaver\1.8.13\aspectjweaver-1.8.13.jar;E:\1704A\repository\javax\transaction\javax.transaction-api\1.2\javax.transaction-api-1.2.jar;E:\1704A\repository\org\springframework\data\spring-data-jpa\2.0.6.RELEASE\spring-data-jpa-2.0.6.RELEASE.jar;E:\1704A\repository\org\springframework\spring-aspects\5.0.5.RELEASE\spring-aspects-5.0.5.RELEASE.jar;E:\1704A\repository\com\squareup\okhttp3\okhttp\3.9.1\okhttp-3.9.1.jar;E:\1704A\repository\com\squareup\okio\okio\1.13.0\okio-1.13.0.jar;E:\1704A\repository\com\alibaba\fastjson\1.2.30\fastjson-1.2.30.jar;E:\1704A\repository\commons-io\commons-io\2.6\commons-io-2.6.jar;E:\1704A\repository\org\apache\commons\commons-lang3\3.6\commons-lang3-3.6.jar;E:\1704A\repository\org\springframework\boot\spring-boot-starter-test\2.0.1.RELEASE\spring-boot-starter-test-2.0.1.RELEASE.jar;E:\1704A\repository\org\springframework\boot\spring-boot-test\2.0.1.RELEASE\spring-boot-test-2.0.1.RELEASE.jar;E:\1704A\repository\org\springframework\boot\spring-boot-test-autoconfigure\2.0.1.RELEASE\spring-boot-test-autoconfigure-2.0.1.RELEASE.jar;E:\1704A\repository\com\jayway\jsonpath\json-path\2.4.0\json-path-2.4.0.jar;E:\1704A\repository\net\minidev\json-smart\2.3\json-smart-2.3.jar;E:\1704A\repository\net\minidev\accessors-smart\1.2\accessors-smart-1.2.jar;E:\1704A\repository\org\ow2\asm\asm\5.0.4\asm-5.0.4.jar;E:\1704A\repository\junit\junit\4.12\junit-4.12.jar;E:\1704A\repository\org\assertj\assertj-core\3.9.1\assertj-core-3.9.1.jar;E:\1704A\repository\org\mockito\mockito-core\2.15.0\mockito-core-2.15.0.jar;E:\1704A\repository\net\bytebuddy\byte-buddy\1.7.11\byte-buddy-1.7.11.jar;E:\1704A\repository\net\bytebuddy\byte-buddy-agent\1.7.11\byte-buddy-agent-1.7.11.jar;E:\1704A\repository\org\objenesis\objenesis\2.6\objenesis-2.6.jar;E:\1704A\repository\org\hamcrest\hamcrest-core\1.3\hamcrest-core-1.3.jar;E:\1704A\repository\org\hamcrest\hamcrest-library\1.3\hamcrest-library-1.3.jar;E:\1704A\repository\org\skyscreamer\jsonassert\1.5.0\jsonassert-1.5.0.jar;E:\1704A\repository\com\vaadin\external\google\android-json\0.0.20131108.vaadin1\android-json-0.0.20131108.vaadin1.jar;E:\1704A\repository\org\springframework\spring-test\5.0.5.RELEASE\spring-test-5.0.5.RELEASE.jar;E:\1704A\repository\org\xmlunit\xmlunit-core\2.5.1\xmlunit-core-2.5.1.jar;E:\1704A\repository\org\springframework\cloud\spring-cloud-starter-netflix-eureka-client\2.0.1.RELEASE\spring-cloud-starter-netflix-eureka-client-2.0.1.RELEASE.jar;E:\1704A\repository\org\springframework\cloud\spring-cloud-starter\2.0.1.RELEASE\spring-cloud-starter-2.0.1.RELEASE.jar;E:\1704A\repository\org\springframework\cloud\spring-cloud-context\2.0.1.RELEASE\spring-cloud-context-2.0.1.RELEASE.jar;E:\1704A\repository\org\springframework\security\spring-security-rsa\1.0.5.RELEASE\spring-security-rsa-1.0.5.RELEASE.jar;E:\1704A\repository\org\springframework\cloud\spring-cloud-netflix-core\2.0.1.RELEASE\spring-cloud-netflix-core-2.0.1.RELEASE.jar;E:\1704A\repository\org\springframework\cloud\spring-cloud-netflix-eureka-client\2.0.1.RELEASE\spring-cloud-netflix-eureka-client-2.0.1.RELEASE.jar;E:\1704A\repository\com\netflix\eureka\eureka-client\1.9.3\eureka-client-1.9.3.jar;E:\1704A\repository\org\codehaus\jettison\jettison\1.3.7\jettison-1.3.7.jar;E:\1704A\repository\stax\stax-api\1.0.1\stax-api-1.0.1.jar;E:\1704A\repository\com\netflix\netflix-commons\netflix-eventbus\0.3.0\netflix-eventbus-0.3.0.jar;E:\1704A\repository\com\netflix\netflix-commons\netflix-infix\0.3.0\netflix-infix-0.3.0.jar;E:\1704A\repository\commons-jxpath\commons-jxpath\1.3\commons-jxpath-1.3.jar;E:\1704A\repository\joda-time\joda-time\2.9.9\joda-time-2.9.9.jar;E:\1704A\repository\org\antlr\antlr-runtime\3.4\antlr-runtime-3.4.jar;E:\1704A\repository\org\antlr\stringtemplate\3.2.1\stringtemplate-3.2.1.jar;E:\1704A\repository\com\google\code\gson\gson\2.8.2\gson-2.8.2.jar;E:\1704A\repository\org\apache\commons\commons-math\2.2\commons-math-2.2.jar;E:\1704A\repository\com\netflix\archaius\archaius-core\0.7.6\archaius-core-0.7.6.jar;E:\1704A\repository\javax\ws\rs\jsr311-api\1.1.1\jsr311-api-1.1.1.jar;E:\1704A\repository\com\netflix\servo\servo-core\0.12.21\servo-core-0.12.21.jar;E:\1704A\repository\com\sun\jersey\jersey-core\1.19.1\jersey-core-1.19.1.jar;E:\1704A\repository\com\sun\jersey\jersey-client\1.19.1\jersey-client-1.19.1.jar;E:\1704A\repository\com\sun\jersey\contribs\jersey-apache-client4\1.19.1\jersey-apache-client4-1.19.1.jar;E:\1704A\repository\com\google\inject\guice\4.1.0\guice-4.1.0.jar;E:\1704A\repository\javax\inject\javax.inject\1\javax.inject-1.jar;E:\1704A\repository\aopalliance\aopalliance\1.0\aopalliance-1.0.jar;E:\1704A\repository\com\github\vlsi\compactmap\compactmap\1.2.1\compactmap-1.2.1.jar;E:\1704A\repository\com\github\andrewoma\dexx\dexx-collections\0.2\dexx-collections-0.2.jar;E:\1704A\repository\com\fasterxml\jackson\core\jackson-core\2.9.5\jackson-core-2.9.5.jar;E:\1704A\repository\com\netflix\eureka\eureka-core\1.9.3\eureka-core-1.9.3.jar;E:\1704A\repository\org\codehaus\woodstox\woodstox-core-asl\4.4.1\woodstox-core-asl-4.4.1.jar;E:\1704A\repository\javax\xml\stream\stax-api\1.0-2\stax-api-1.0-2.jar;E:\1704A\repository\org\codehaus\woodstox\stax2-api\3.1.4\stax2-api-3.1.4.jar;E:\1704A\repository\org\springframework\cloud\spring-cloud-starter-netflix-archaius\2.0.1.RELEASE\spring-cloud-starter-netflix-archaius-2.0.1.RELEASE.jar;E:\1704A\repository\org\springframework\cloud\spring-cloud-netflix-ribbon\2.0.1.RELEASE\spring-cloud-netflix-ribbon-2.0.1.RELEASE.jar;E:\1704A\repository\org\springframework\cloud\spring-cloud-netflix-archaius\2.0.1.RELEASE\spring-cloud-netflix-archaius-2.0.1.RELEASE.jar;E:\1704A\repository\commons-configuration\commons-configuration\1.8\commons-configuration-1.8.jar;E:\1704A\repository\commons-lang\commons-lang\2.6\commons-lang-2.6.jar;E:\1704A\repository\org\springframework\cloud\spring-cloud-starter-netflix-ribbon\2.0.1.RELEASE\spring-cloud-starter-netflix-ribbon-2.0.1.RELEASE.jar;E:\1704A\repository\com\netflix\ribbon\ribbon\2.2.5\ribbon-2.2.5.jar;E:\1704A\repository\com\netflix\ribbon\ribbon-transport\2.2.5\ribbon-transport-2.2.5.jar;E:\1704A\repository\io\reactivex\rxnetty-contexts\0.4.9\rxnetty-contexts-0.4.9.jar;E:\1704A\repository\io\reactivex\rxnetty-servo\0.4.9\rxnetty-servo-0.4.9.jar;E:\1704A\repository\io\reactivex\rxnetty\0.4.9\rxnetty-0.4.9.jar;E:\1704A\repository\io\netty\netty-codec-http\4.1.23.Final\netty-codec-http-4.1.23.Final.jar;E:\1704A\repository\io\netty\netty-codec\4.1.23.Final\netty-codec-4.1.23.Final.jar;E:\1704A\repository\io\netty\netty-transport-native-epoll\4.1.23.Final\netty-transport-native-epoll-4.1.23.Final.jar;E:\1704A\repository\io\netty\netty-common\4.1.23.Final\netty-common-4.1.23.Final.jar;E:\1704A\repository\io\netty\netty-buffer\4.1.23.Final\netty-buffer-4.1.23.Final.jar;E:\1704A\repository\io\netty\netty-transport-native-unix-common\4.1.23.Final\netty-transport-native-unix-common-4.1.23.Final.jar;E:\1704A\repository\io\netty\netty-transport\4.1.23.Final\netty-transport-4.1.23.Final.jar;E:\1704A\repository\io\netty\netty-resolver\4.1.23.Final\netty-resolver-4.1.23.Final.jar;E:\1704A\repository\com\netflix\ribbon\ribbon-core\2.2.5\ribbon-core-2.2.5.jar;E:\1704A\repository\com\netflix\ribbon\ribbon-httpclient\2.2.5\ribbon-httpclient-2.2.5.jar;E:\1704A\repository\commons-collections\commons-collections\3.2.2\commons-collections-3.2.2.jar;E:\1704A\repository\com\netflix\netflix-commons\netflix-commons-util\0.3.0\netflix-commons-util-0.3.0.jar;E:\1704A\repository\com\netflix\ribbon\ribbon-loadbalancer\2.2.5\ribbon-loadbalancer-2.2.5.jar;E:\1704A\repository\com\netflix\netflix-commons\netflix-statistics\0.1.1\netflix-statistics-0.1.1.jar;E:\1704A\repository\io\reactivex\rxjava\1.3.8\rxjava-1.3.8.jar;E:\1704A\repository\com\netflix\ribbon\ribbon-eureka\2.2.5\ribbon-eureka-2.2.5.jar;E:\1704A\repository\com\thoughtworks\xstream\xstream\1.4.10\xstream-1.4.10.jar;E:\1704A\repository\xmlpull\xmlpull\1.1.3.1\xmlpull-1.1.3.1.jar;E:\1704A\repository\xpp3\xpp3_min\1.1.4c\xpp3_min-1.1.4c.jar;E:\1704A\repository\org\springframework\cloud\spring-cloud-starter-openfeign\2.0.1.RELEASE\spring-cloud-starter-openfeign-2.0.1.RELEASE.jar;E:\1704A\repository\org\springframework\cloud\spring-cloud-openfeign-core\2.0.1.RELEASE\spring-cloud-openfeign-core-2.0.1.RELEASE.jar;E:\1704A\repository\org\springframework\cloud\spring-cloud-commons\2.0.1.RELEASE\spring-cloud-commons-2.0.1.RELEASE.jar;E:\1704A\repository\io\github\openfeign\feign-core\9.5.1\feign-core-9.5.1.jar;E:\1704A\repository\io\github\openfeign\feign-slf4j\9.5.1\feign-slf4j-9.5.1.jar;E:\1704A\repository\io\github\openfeign\feign-hystrix\9.5.1\feign-hystrix-9.5.1.jar;E:\1704A\repository\com\netflix\hystrix\hystrix-core\1.5.12\hystrix-core-1.5.12.jar;E:\1704A\repository\org\hdrhistogram\HdrHistogram\2.1.9\HdrHistogram-2.1.9.jar;E:\1704A\repository\io\github\openfeign\feign-java8\9.5.1\feign-java8-9.5.1.jar;E:\1704A\repository\com\netflix\feign\feign-okhttp\8.18.0\feign-okhttp-8.18.0.jar;E:\1704A\repository\com\netflix\feign\feign-core\8.18.0\feign-core-8.18.0.jar;E:\1704A\repository\org\jvnet\animal-sniffer-annotation\1.0\animal-sniffer-annotation-1.0.jar;, user.name=wangb, java.vm.specification.version=1.8, sun.java.command=C:\Users\wangb\AppData\Local\Temp\surefire5324342515423551962\surefirebooter5243460830507094447.jar C:\Users\wangb\AppData\Local\Temp\surefire5324342515423551962 2020-03-14T21-55-45_030-jvmRun1 surefire1707916640353451280tmp surefire_17945900769613902388tmp, java.home=C:\Program Files\Java\jdk1.8.0_91\jre, sun.arch.data.model=64, user.language=zh, java.specification.vendor=Oracle Corporation, awt.toolkit=sun.awt.windows.WToolkit, java.vm.info=mixed mode, java.version=1.8.0_91, java.ext.dirs=C:\Program Files\Java\jdk1.8.0_91\jre\lib\ext;C:\WINDOWS\Sun\Java\lib\ext, sun.boot.class.path=C:\Program Files\Java\jdk1.8.0_91\jre\lib\resources.jar;C:\Program Files\Java\jdk1.8.0_91\jre\lib\rt.jar;C:\Program Files\Java\jdk1.8.0_91\jre\lib\sunrsasign.jar;C:\Program Files\Java\jdk1.8.0_91\jre\lib\jsse.jar;C:\Program Files\Java\jdk1.8.0_91\jre\lib\jce.jar;C:\Program Files\Java\jdk1.8.0_91\jre\lib\charsets.jar;C:\Program Files\Java\jdk1.8.0_91\jre\lib\jfr.jar;C:\Program Files\Java\jdk1.8.0_91\jre\classes, java.awt.headless=true, java.vendor=Oracle Corporation, localRepository=E:\1704A\repository, file.separator=\, java.vendor.url.bug=http://bugreport.sun.com/bugreport/, sun.io.unicode.encoding=UnicodeLittle, sun.cpu.endian=little, sun.desktop=windows, sun.cpu.isalist=amd64}}, SystemEnvironmentPropertySource@942217109 {name='systemEnvironment', properties={PATH=E:\app\wangb\product\11.2.0\dbhome_1\bin;E:\maven\apache-maven-3.6.1\bin;C:\Program Files\Java\jdk1.8.0_91\bin;C:\Program Files (x86)\Intel\iCLS Client\;C:\Program Files\Intel\iCLS Client\;C:\Windows\system32;C:\Windows;C:\Windows\System32\Wbem;C:\Windows\System32\WindowsPowerShell\v1.0\;C:\Program Files (x86)\NVIDIA Corporation\PhysX\Common;C:\Program Files (x86)\Intel\Intel(R) Management Engine Components\DAL;C:\Program Files\Intel\Intel(R) Management Engine Components\DAL;C:\Program Files (x86)\Intel\Intel(R) Management Engine Components\IPT;C:\Program Files\Intel\Intel(R) Management Engine Components\IPT;C:\WINDOWS\system32;C:\WINDOWS;C:\WINDOWS\System32\Wbem;C:\WINDOWS\System32\WindowsPowerShell\v1.0\;C:\WINDOWS\System32\OpenSSH\;C:\Program Files\MySQL\MySQL Server 5.5\bin;E:\nodejs\;E:\Git\cmd;E:\Mp4\ffmpeg-20180227-fa0c9d6-win64-static\bin;C:\Users\wangb\AppData\Local\Microsoft\WindowsApps;C:\Users\wangb\AppData\Roaming\npm;E:\Microsoft VS Code\bin, USERDOMAIN_ROAMINGPROFILE=LAPTOP-8K1AKH0O, LOCALAPPDATA=C:\Users\wangb\AppData\Local, PROCESSOR_LEVEL=6, SYSTEMDRIVE=C:, COMMONPROGRAMFILES(X86)=C:\Program Files (x86)\Common Files, USERDOMAIN=LAPTOP-8K1AKH0O, FPS_BROWSER_APP_PROFILE_STRING=Internet Explorer, LOGONSERVER=\\LAPTOP-8K1AKH0O, JAVA_HOME=C:\Program Files\Java\jdk1.8.0_91, PROMPT=$P$G, SESSIONNAME=Console, ALLUSERSPROFILE=C:\ProgramData, PROGRAMFILES(X86)=C:\Program Files (x86), PROCESSOR_ARCHITECTURE=AMD64, DRIVERDATA=C:\Windows\System32\Drivers\DriverData, ERLANG_HOME=E:\erl9.2, =E:=E:\1704A\hdServiceCode\nm-service-manage-course, PROGRAMFILES=C:\Program Files, APPDATA=C:\Users\wangb\AppData\Roaming, MOZ_PLUGIN_PATH=E:\1704A\FoxitPhantomPDFBusiness\plugins\, PSMODULEPATH=C:\Program Files\WindowsPowerShell\Modules;C:\WINDOWS\system32\WindowsPowerShell\v1.0\Modules, PROGRAMW6432=C:\Program Files, PROGRAMDATA=C:\ProgramData, SYSTEMROOT=C:\WINDOWS, USERNAME=wangb, FPS_BROWSER_USER_PROFILE_STRING=Default, ONEDRIVE=C:\Users\wangb\OneDrive, CONFIGSETROOT=C:\WINDOWS\ConfigSetRoot, PATHEXT=.COM;.EXE;.BAT;.CMD;.VBS;.VBE;.JS;.JSE;.WSF;.WSH;.MSC, OS=Windows_NT, COMMONPROGRAMW6432=C:\Program Files\Common Files, COMPUTERNAME=LAPTOP-8K1AKH0O, COMMONPROGRAMFILES=C:\Program Files\Common Files, COMSPEC=C:\WINDOWS\system32\cmd.exe, PROCESSOR_REVISION=9e09, WINDIR=C:\WINDOWS, RABBITMQ_SERVER=E:\rabibitmq\rabbitmq_server-3.7.4, HOMEPATH=\Users\wangb, TEMP=C:\Users\wangb\AppData\Local\Temp, HOMEDRIVE=C:, PROCESSOR_IDENTIFIER=Intel64 Family 6 Model 158 Stepping 9, GenuineIntel, USERPROFILE=C:\Users\wangb, TMP=C:\Users\wangb\AppData\Local\Temp, PUBLIC=C:\Users\Public, NUMBER_OF_PROCESSORS=8, =::=::\}}]
2020-03-14 21:56:50.267 [main] DEBUG o.s.b.f.s.DefaultListableBeanFactory - Returning cached instance of singleton bean 'org.springframework.boot.autoconfigure.AutoConfigurationPackages'
2020-03-14 21:56:50.268 [main] DEBUG o.s.c.i.s.PathMatchingResourcePatternResolver - Resolved classpath location [com/ningmeng/manage_course/] to resources [URL [file:/E:/1704A/hdServiceCode/nm-service-manage-course/target/test-classes/com/ningmeng/manage_course/], URL [file:/E:/1704A/hdServiceCode/nm-service-manage-course/target/classes/com/ningmeng/manage_course/]]
2020-03-14 21:56:50.268 [main] DEBUG o.s.c.i.s.PathMatchingResourcePatternResolver - Looking for matching resources in directory tree [E:\1704A\hdServiceCode\nm-service-manage-course\target\test-classes\com\ningmeng\manage_course]
2020-03-14 21:56:50.269 [main] DEBUG o.s.c.i.s.PathMatchingResourcePatternResolver - Searching directory [E:\1704A\hdServiceCode\nm-service-manage-course\target\test-classes\com\ningmeng\manage_course] for files matching pattern [E:/1704A/hdServiceCode/nm-service-manage-course/target/test-classes/com/ningmeng/manage_course/**/*.class]
2020-03-14 21:56:50.269 [main] DEBUG o.s.c.i.s.PathMatchingResourcePatternResolver - Searching directory [E:\1704A\hdServiceCode\nm-service-manage-course\target\test-classes\com\ningmeng\manage_course\dao] for files matching pattern [E:/1704A/hdServiceCode/nm-service-manage-course/target/test-classes/com/ningmeng/manage_course/**/*.class]
2020-03-14 21:56:50.270 [main] DEBUG o.s.c.i.s.PathMatchingResourcePatternResolver - Looking for matching resources in directory tree [E:\1704A\hdServiceCode\nm-service-manage-course\target\classes\com\ningmeng\manage_course]
2020-03-14 21:56:50.270 [main] DEBUG o.s.c.i.s.PathMatchingResourcePatternResolver - Searching directory [E:\1704A\hdServiceCode\nm-service-manage-course\target\classes\com\ningmeng\manage_course] for files matching pattern [E:/1704A/hdServiceCode/nm-service-manage-course/target/classes/com/ningmeng/manage_course/**/*.class]
2020-03-14 21:56:50.270 [main] DEBUG o.s.c.i.s.PathMatchingResourcePatternResolver - Searching directory [E:\1704A\hdServiceCode\nm-service-manage-course\target\classes\com\ningmeng\manage_course\client] for files matching pattern [E:/1704A/hdServiceCode/nm-service-manage-course/target/classes/com/ningmeng/manage_course/**/*.class]
2020-03-14 21:56:50.271 [main] DEBUG o.s.c.i.s.PathMatchingResourcePatternResolver - Searching directory [E:\1704A\hdServiceCode\nm-service-manage-course\target\classes\com\ningmeng\manage_course\config] for files matching pattern [E:/1704A/hdServiceCode/nm-service-manage-course/target/classes/com/ningmeng/manage_course/**/*.class]
2020-03-14 21:56:50.272 [main] DEBUG o.s.c.i.s.PathMatchingResourcePatternResolver - Searching directory [E:\1704A\hdServiceCode\nm-service-manage-course\target\classes\com\ningmeng\manage_course\controller] for files matching pattern [E:/1704A/hdServiceCode/nm-service-manage-course/target/classes/com/ningmeng/manage_course/**/*.class]
2020-03-14 21:56:50.272 [main] DEBUG o.s.c.i.s.PathMatchingResourcePatternResolver - Searching directory [E:\1704A\hdServiceCode\nm-service-manage-course\target\classes\com\ningmeng\manage_course\dao] for files matching pattern [E:/1704A/hdServiceCode/nm-service-manage-course/target/classes/com/ningmeng/manage_course/**/*.class]
2020-03-14 21:56:50.275 [main] DEBUG o.s.c.i.s.PathMatchingResourcePatternResolver - Searching directory [E:\1704A\hdServiceCode\nm-service-manage-course\target\classes\com\ningmeng\manage_course\service] for files matching pattern [E:/1704A/hdServiceCode/nm-service-manage-course/target/classes/com/ningmeng/manage_course/**/*.class]
2020-03-14 21:56:50.276 [main] DEBUG o.s.c.i.s.PathMatchingResourcePatternResolver - Resolved location pattern [classpath*:com/ningmeng/manage_course/**/*.class] to resources [file [E:\1704A\hdServiceCode\nm-service-manage-course\target\test-classes\com\ningmeng\manage_course\dao\FeignTest.class], file [E:\1704A\hdServiceCode\nm-service-manage-course\target\test-classes\com\ningmeng\manage_course\dao\TestDao.class], file [E:\1704A\hdServiceCode\nm-service-manage-course\target\test-classes\com\ningmeng\manage_course\dao\Tests.class], file [E:\1704A\hdServiceCode\nm-service-manage-course\target\classes\com\ningmeng\manage_course\client\CmsPageClient.class], file [E:\1704A\hdServiceCode\nm-service-manage-course\target\classes\com\ningmeng\manage_course\config\ResourceServerConfig.class], file [E:\1704A\hdServiceCode\nm-service-manage-course\target\classes\com\ningmeng\manage_course\controller\CourseController.class], file [E:\1704A\hdServiceCode\nm-service-manage-course\target\classes\com\ningmeng\manage_course\controller\SysDicthinaryController.class], file [E:\1704A\hdServiceCode\nm-service-manage-course\target\classes\com\ningmeng\manage_course\dao\CategoryMapper.class], file [E:\1704A\hdServiceCode\nm-service-manage-course\target\classes\com\ningmeng\manage_course\dao\CourseBaseRepository.class], file [E:\1704A\hdServiceCode\nm-service-manage-course\target\classes\com\ningmeng\manage_course\dao\CourseMapper.class], file [E:\1704A\hdServiceCode\nm-service-manage-course\target\classes\com\ningmeng\manage_course\dao\CourseMarketMapper.class], file [E:\1704A\hdServiceCode\nm-service-manage-course\target\classes\com\ningmeng\manage_course\dao\CourseMarketRepository.class], file [E:\1704A\hdServiceCode\nm-service-manage-course\target\classes\com\ningmeng\manage_course\dao\CoursePicRepository.class], file [E:\1704A\hdServiceCode\nm-service-manage-course\target\classes\com\ningmeng\manage_course\dao\CoursePubRepository.class], file [E:\1704A\hdServiceCode\nm-service-manage-course\target\classes\com\ningmeng\manage_course\dao\SysDictionaryRepository.class], file [E:\1704A\hdServiceCode\nm-service-manage-course\target\classes\com\ningmeng\manage_course\dao\TeachplanMapper.class], file [E:\1704A\hdServiceCode\nm-service-manage-course\target\classes\com\ningmeng\manage_course\dao\TeachplanMediaPubRepository.class], file [E:\1704A\hdServiceCode\nm-service-manage-course\target\classes\com\ningmeng\manage_course\dao\TeachplanMediaRepository.class], file [E:\1704A\hdServiceCode\nm-service-manage-course\target\classes\com\ningmeng\manage_course\dao\TeachplanRepository.class], file [E:\1704A\hdServiceCode\nm-service-manage-course\target\classes\com\ningmeng\manage_course\ManageCourseApplication.class], file [E:\1704A\hdServiceCode\nm-service-manage-course\target\classes\com\ningmeng\manage_course\service\CourseService.class], file [E:\1704A\hdServiceCode\nm-service-manage-course\target\classes\com\ningmeng\manage_course\service\SysDicthinaryService.class]]
2020-03-14 21:56:50.277 [main] DEBUG o.s.d.r.c.RepositoryComponentProvider - Identified candidate component class: file [E:\1704A\hdServiceCode\nm-service-manage-course\target\classes\com\ningmeng\manage_course\dao\CourseBaseRepository.class]
2020-03-14 21:56:50.277 [main] DEBUG o.s.d.r.c.RepositoryComponentProvider - Identified candidate component class: file [E:\1704A\hdServiceCode\nm-service-manage-course\target\classes\com\ningmeng\manage_course\dao\CourseMarketRepository.class]
2020-03-14 21:56:50.277 [main] DEBUG o.s.d.r.c.RepositoryComponentProvider - Identified candidate component class: file [E:\1704A\hdServiceCode\nm-service-manage-course\target\classes\com\ningmeng\manage_course\dao\CoursePicRepository.class]
2020-03-14 21:56:50.277 [main] DEBUG o.s.d.r.c.RepositoryComponentProvider - Identified candidate component class: file [E:\1704A\hdServiceCode\nm-service-manage-course\target\classes\com\ningmeng\manage_course\dao\CoursePubRepository.class]
2020-03-14 21:56:50.277 [main] DEBUG o.s.d.r.c.RepositoryComponentProvider - Identified candidate component class: file [E:\1704A\hdServiceCode\nm-service-manage-course\target\classes\com\ningmeng\manage_course\dao\SysDictionaryRepository.class]
2020-03-14 21:56:50.278 [main] DEBUG o.s.d.r.c.RepositoryComponentProvider - Identified candidate component class: file [E:\1704A\hdServiceCode\nm-service-manage-course\target\classes\com\ningmeng\manage_course\dao\TeachplanMediaPubRepository.class]
2020-03-14 21:56:50.278 [main] DEBUG o.s.d.r.c.RepositoryComponentProvider - Identified candidate component class: file [E:\1704A\hdServiceCode\nm-service-manage-course\target\classes\com\ningmeng\manage_course\dao\TeachplanMediaRepository.class]
2020-03-14 21:56:50.278 [main] DEBUG o.s.d.r.c.RepositoryComponentProvider - Identified candidate component class: file [E:\1704A\hdServiceCode\nm-service-manage-course\target\classes\com\ningmeng\manage_course\dao\TeachplanRepository.class]
2020-03-14 21:56:50.320 [main] INFO  o.s.d.r.c.RepositoryConfigurationExtensionSupport - Spring Data MongoDB - Could not safely identify store assignment for repository candidate interface com.ningmeng.manage_course.dao.CourseBaseRepository.
2020-03-14 21:56:50.322 [main] INFO  o.s.d.r.c.RepositoryConfigurationExtensionSupport - Spring Data MongoDB - Could not safely identify store assignment for repository candidate interface com.ningmeng.manage_course.dao.CourseMarketRepository.
2020-03-14 21:56:50.324 [main] INFO  o.s.d.r.c.RepositoryConfigurationExtensionSupport - Spring Data MongoDB - Could not safely identify store assignment for repository candidate interface com.ningmeng.manage_course.dao.CoursePicRepository.
2020-03-14 21:56:50.327 [main] INFO  o.s.d.r.c.RepositoryConfigurationExtensionSupport - Spring Data MongoDB - Could not safely identify store assignment for repository candidate interface com.ningmeng.manage_course.dao.CoursePubRepository.
2020-03-14 21:56:50.331 [main] INFO  o.s.d.r.c.RepositoryConfigurationExtensionSupport - Spring Data MongoDB - Could not safely identify store assignment for repository candidate interface com.ningmeng.manage_course.dao.TeachplanMediaPubRepository.
2020-03-14 21:56:50.333 [main] INFO  o.s.d.r.c.RepositoryConfigurationExtensionSupport - Spring Data MongoDB - Could not safely identify store assignment for repository candidate interface com.ningmeng.manage_course.dao.TeachplanMediaRepository.
2020-03-14 21:56:50.335 [main] INFO  o.s.d.r.c.RepositoryConfigurationExtensionSupport - Spring Data MongoDB - Could not safely identify store assignment for repository candidate interface com.ningmeng.manage_course.dao.TeachplanRepository.
2020-03-14 21:56:50.338 [main] DEBUG o.s.c.i.s.PathMatchingResourcePatternResolver - Resolved classpath location [com/ningmeng/manage_course/dao/] to resources [URL [file:/E:/1704A/hdServiceCode/nm-service-manage-course/target/test-classes/com/ningmeng/manage_course/dao/], URL [file:/E:/1704A/hdServiceCode/nm-service-manage-course/target/classes/com/ningmeng/manage_course/dao/]]
2020-03-14 21:56:50.338 [main] DEBUG o.s.c.i.s.PathMatchingResourcePatternResolver - Looking for matching resources in directory tree [E:\1704A\hdServiceCode\nm-service-manage-course\target\test-classes\com\ningmeng\manage_course\dao]
2020-03-14 21:56:50.339 [main] DEBUG o.s.c.i.s.PathMatchingResourcePatternResolver - Searching directory [E:\1704A\hdServiceCode\nm-service-manage-course\target\test-classes\com\ningmeng\manage_course\dao] for files matching pattern [E:/1704A/hdServiceCode/nm-service-manage-course/target/test-classes/com/ningmeng/manage_course/dao/**/*SysDictionaryRepositoryImpl.class]
2020-03-14 21:56:50.341 [main] DEBUG o.s.c.i.s.PathMatchingResourcePatternResolver - Looking for matching resources in directory tree [E:\1704A\hdServiceCode\nm-service-manage-course\target\classes\com\ningmeng\manage_course\dao]
2020-03-14 21:56:50.342 [main] DEBUG o.s.c.i.s.PathMatchingResourcePatternResolver - Searching directory [E:\1704A\hdServiceCode\nm-service-manage-course\target\classes\com\ningmeng\manage_course\dao] for files matching pattern [E:/1704A/hdServiceCode/nm-service-manage-course/target/classes/com/ningmeng/manage_course/dao/**/*SysDictionaryRepositoryImpl.class]
2020-03-14 21:56:50.343 [main] DEBUG o.s.c.i.s.PathMatchingResourcePatternResolver - Resolved location pattern [classpath*:com/ningmeng/manage_course/dao/**/*SysDictionaryRepositoryImpl.class] to resources []
2020-03-14 21:56:50.345 [main] DEBUG o.s.d.r.c.RepositoryConfigurationDelegate - Spring Data MongoDB - Registering repository: sysDictionaryRepository - Interface: com.ningmeng.manage_course.dao.SysDictionaryRepository - Factory: org.springframework.data.mongodb.repository.support.MongoRepositoryFactoryBean
2020-03-14 21:56:50.345 [main] DEBUG o.s.b.f.s.DefaultListableBeanFactory - Returning cached instance of singleton bean 'autoConfigurationReport'
2020-03-14 21:56:50.346 [main] DEBUG o.s.b.f.s.DefaultListableBeanFactory - Returning cached instance of singleton bean 'autoConfigurationReport'
2020-03-14 21:56:50.346 [main] DEBUG o.s.b.f.s.DefaultListableBeanFactory - Returning cached instance of singleton bean 'org.springframework.boot.autoconfigure.condition.BeanTypeRegistry'
2020-03-14 21:56:50.348 [main] DEBUG o.s.b.f.s.DefaultListableBeanFactory - Returning cached instance of singleton bean 'org.springframework.boot.autoconfigure.condition.BeanTypeRegistry'
2020-03-14 21:56:50.349 [main] DEBUG o.s.b.f.s.DefaultListableBeanFactory - Returning cached instance of singleton bean 'autoConfigurationReport'
2020-03-14 21:56:50.349 [main] DEBUG o.s.c.a.ConfigurationClassBeanDefinitionReader - Registered bean definition for imported class 'org.springframework.data.web.config.ProjectingArgumentResolverRegistrar'
2020-03-14 21:56:50.349 [main] DEBUG o.s.c.a.ConfigurationClassBeanDefinitionReader - Registering bean definition for @Bean method org.springframework.data.web.config.ProjectingArgumentResolverRegistrar.projectingArgumentResolverBeanPostProcessor()
2020-03-14 21:56:50.349 [main] DEBUG o.s.c.a.ConfigurationClassBeanDefinitionReader - Registered bean definition for imported class 'org.springframework.data.web.config.SpringDataWebConfiguration'
2020-03-14 21:56:50.349 [main] DEBUG o.s.c.a.ConfigurationClassBeanDefinitionReader - Registering bean definition for @Bean method org.springframework.data.web.config.SpringDataWebConfiguration.pageableResolver()
2020-03-14 21:56:50.349 [main] DEBUG o.s.c.a.ConfigurationClassBeanDefinitionReader - Registering bean definition for @Bean method org.springframework.data.web.config.SpringDataWebConfiguration.sortResolver()
2020-03-14 21:56:50.349 [main] DEBUG o.s.c.a.ConfigurationClassBeanDefinitionReader - Registered bean definition for imported class 'org.springframework.data.web.config.SpringDataJacksonConfiguration'
2020-03-14 21:56:50.350 [main] DEBUG o.s.c.a.ConfigurationClassBeanDefinitionReader - Registering bean definition for @Bean method org.springframework.data.web.config.SpringDataJacksonConfiguration.jacksonGeoModule()
2020-03-14 21:56:50.350 [main] DEBUG o.s.c.a.ConfigurationClassBeanDefinitionReader - Registered bean definition for imported class 'org.springframework.data.mongodb.config.GeoJsonConfiguration'
2020-03-14 21:56:50.350 [main] DEBUG o.s.c.a.ConfigurationClassBeanDefinitionReader - Registering bean definition for @Bean method org.springframework.data.mongodb.config.GeoJsonConfiguration.geoJsonModule()
2020-03-14 21:56:50.352 [main] DEBUG o.s.c.a.ConfigurationClassBeanDefinitionReader - Registered bean definition for imported class 'org.springframework.boot.autoconfigure.data.web.SpringDataWebAutoConfiguration'
2020-03-14 21:56:50.353 [main] DEBUG o.s.b.f.s.DefaultListableBeanFactory - Returning cached instance of singleton bean 'org.springframework.boot.autoconfigure.condition.BeanTypeRegistry'
2020-03-14 21:56:50.383 [main] DEBUG o.s.b.f.s.DefaultListableBeanFactory - Returning cached instance of singleton bean 'org.springframework.boot.autoconfigure.condition.BeanTypeRegistry'
2020-03-14 21:56:50.384 [main] DEBUG o.s.b.f.s.DefaultListableBeanFactory - Returning cached instance of singleton bean 'autoConfigurationReport'
2020-03-14 21:56:50.384 [main] DEBUG o.s.c.a.ConfigurationClassBeanDefinitionReader - Registering bean definition for @Bean method org.springframework.boot.autoconfigure.data.web.SpringDataWebAutoConfiguration.pageableCustomizer()
2020-03-14 21:56:50.384 [main] DEBUG o.s.b.f.s.DefaultListableBeanFactory - Returning cached instance of singleton bean 'org.springframework.boot.autoconfigure.condition.BeanTypeRegistry'
2020-03-14 21:56:50.385 [main] DEBUG o.s.b.f.s.DefaultListableBeanFactory - Returning cached instance of singleton bean 'org.springframework.boot.autoconfigure.condition.BeanTypeRegistry'
2020-03-14 21:56:50.385 [main] DEBUG o.s.b.f.s.DefaultListableBeanFactory - Returning cached instance of singleton bean 'autoConfigurationReport'
2020-03-14 21:56:50.386 [main] DEBUG o.s.c.a.ConfigurationClassBeanDefinitionReader - Registering bean definition for @Bean method org.springframework.boot.autoconfigure.data.web.SpringDataWebAutoConfiguration.sortCustomizer()
2020-03-14 21:56:50.386 [main] DEBUG o.s.b.f.s.DefaultListableBeanFactory - Returning cached instance of singleton bean 'autoConfigurationReport'
2020-03-14 21:56:50.387 [main] DEBUG o.s.b.f.s.DefaultListableBeanFactory - Returning cached instance of singleton bean 'autoConfigurationReport'
2020-03-14 21:56:50.387 [main] DEBUG o.s.c.a.ConfigurationClassBeanDefinitionReader - Registered bean definition for imported class 'org.springframework.boot.autoconfigure.http.codec.CodecsAutoConfiguration$JacksonCodecConfiguration'
2020-03-14 21:56:50.387 [main] DEBUG o.s.b.f.s.DefaultListableBeanFactory - Returning cached instance of singleton bean 'org.springframework.boot.autoconfigure.condition.BeanTypeRegistry'
2020-03-14 21:56:50.395 [main] DEBUG o.s.b.f.s.DefaultListableBeanFactory - Returning cached instance of singleton bean 'org.springframework.boot.autoconfigure.condition.BeanTypeRegistry'
2020-03-14 21:56:50.396 [main] DEBUG o.s.b.f.s.DefaultListableBeanFactory - Returning cached instance of singleton bean 'autoConfigurationReport'
2020-03-14 21:56:50.396 [main] DEBUG o.s.c.a.ConfigurationClassBeanDefinitionReader - Registering bean definition for @Bean method org.springframework.boot.autoconfigure.http.codec.CodecsAutoConfiguration$JacksonCodecConfiguration.jacksonCodecCustomizer()
2020-03-14 21:56:50.398 [main] DEBUG o.s.c.a.ConfigurationClassBeanDefinitionReader - Registered bean definition for imported class 'org.springframework.boot.autoconfigure.http.codec.CodecsAutoConfiguration'
2020-03-14 21:56:50.402 [main] DEBUG o.s.b.f.s.DefaultListableBeanFactory - Returning cached instance of singleton bean 'autoConfigurationReport'
2020-03-14 21:56:50.403 [main] DEBUG o.s.b.f.s.DefaultListableBeanFactory - Returning cached instance of singleton bean 'org.springframework.boot.autoconfigure.condition.BeanTypeRegistry'
2020-03-14 21:56:50.412 [main] DEBUG o.s.b.f.s.DefaultListableBeanFactory - Returning cached instance of singleton bean 'org.springframework.boot.autoconfigure.condition.BeanTypeRegistry'
2020-03-14 21:56:50.412 [main] DEBUG o.s.b.f.s.DefaultListableBeanFactory - Returning cached instance of singleton bean 'autoConfigurationReport'
2020-03-14 21:56:50.412 [main] DEBUG o.s.c.a.ConfigurationClassBeanDefinitionReader - Registered bean definition for imported class 'org.springframework.boot.autoconfigure.jdbc.JdbcTemplateAutoConfiguration$JdbcTemplateConfiguration'
2020-03-14 21:56:50.412 [main] DEBUG o.s.b.f.s.DefaultListableBeanFactory - Returning cached instance of singleton bean 'org.springframework.boot.autoconfigure.condition.BeanTypeRegistry'
2020-03-14 21:56:50.414 [main] DEBUG o.s.b.f.s.DefaultListableBeanFactory - Returning cached instance of singleton bean 'org.springframework.boot.autoconfigure.condition.BeanTypeRegistry'
2020-03-14 21:56:50.415 [main] DEBUG o.s.b.f.s.DefaultListableBeanFactory - Returning cached instance of singleton bean 'autoConfigurationReport'
2020-03-14 21:56:50.416 [main] DEBUG o.s.c.a.ConfigurationClassBeanDefinitionReader - Registering bean definition for @Bean method org.springframework.boot.autoconfigure.jdbc.JdbcTemplateAutoConfiguration$JdbcTemplateConfiguration.jdbcTemplate()
2020-03-14 21:56:50.416 [main] DEBUG o.s.c.a.ConfigurationClassBeanDefinitionReader - Registered bean definition for imported class 'org.springframework.boot.autoconfigure.jdbc.JdbcTemplateAutoConfiguration$NamedParameterJdbcTemplateConfiguration'
2020-03-14 21:56:50.417 [main] DEBUG o.s.b.f.s.DefaultListableBeanFactory - Returning cached instance of singleton bean 'org.springframework.boot.autoconfigure.condition.BeanTypeRegistry'
2020-03-14 21:56:50.419 [main] DEBUG o.s.b.f.s.DefaultListableBeanFactory - Returning cached instance of singleton bean 'org.springframework.boot.autoconfigure.condition.BeanTypeRegistry'
2020-03-14 21:56:50.421 [main] DEBUG o.s.b.f.s.DefaultListableBeanFactory - Returning cached instance of singleton bean 'org.springframework.boot.autoconfigure.condition.BeanTypeRegistry'
2020-03-14 21:56:50.422 [main] DEBUG o.s.b.f.s.DefaultListableBeanFactory - Returning cached instance of singleton bean 'org.springframework.boot.autoconfigure.condition.BeanTypeRegistry'
2020-03-14 21:56:50.422 [main] DEBUG o.s.b.f.s.DefaultListableBeanFactory - Returning cached instance of singleton bean 'autoConfigurationReport'
2020-03-14 21:56:50.424 [main] DEBUG o.s.b.f.s.DefaultListableBeanFactory - Returning cached instance of singleton bean 'org.springframework.boot.autoconfigure.condition.BeanTypeRegistry'
2020-03-14 21:56:50.425 [main] DEBUG o.s.b.f.s.DefaultListableBeanFactory - Returning cached instance of singleton bean 'org.springframework.boot.autoconfigure.condition.BeanTypeRegistry'
2020-03-14 21:56:50.425 [main] DEBUG o.s.b.f.s.DefaultListableBeanFactory - Returning cached instance of singleton bean 'org.springframework.boot.autoconfigure.condition.BeanTypeRegistry'
2020-03-14 21:56:50.425 [main] DEBUG o.s.b.f.s.DefaultListableBeanFactory - Returning cached instance of singleton bean 'org.springframework.boot.autoconfigure.condition.BeanTypeRegistry'
2020-03-14 21:56:50.425 [main] DEBUG o.s.b.f.s.DefaultListableBeanFactory - Returning cached instance of singleton bean 'autoConfigurationReport'
2020-03-14 21:56:50.426 [main] DEBUG o.s.c.a.ConfigurationClassBeanDefinitionReader - Registering bean definition for @Bean method org.springframework.boot.autoconfigure.jdbc.JdbcTemplateAutoConfiguration$NamedParameterJdbcTemplateConfiguration.namedParameterJdbcTemplate()
2020-03-14 21:56:50.427 [main] DEBUG o.s.c.a.ConfigurationClassBeanDefinitionReader - Registered bean definition for imported class 'org.springframework.boot.autoconfigure.jdbc.JdbcTemplateAutoConfiguration'
2020-03-14 21:56:50.430 [main] DEBUG o.s.c.a.ConfigurationClassBeanDefinitionReader - Registered bean definition for imported class 'org.springframework.boot.autoconfigure.security.reactive.ReactiveSecurityAutoConfiguration'
2020-03-14 21:56:50.432 [main] DEBUG o.s.b.f.s.DefaultListableBeanFactory - Returning cached instance of singleton bean 'autoConfigurationReport'
2020-03-14 21:56:50.433 [main] DEBUG o.s.b.f.s.DefaultListableBeanFactory - Returning cached instance of singleton bean 'autoConfigurationReport'
2020-03-14 21:56:50.433 [main] DEBUG o.s.b.f.s.DefaultListableBeanFactory - Returning cached instance of singleton bean 'autoConfigurationReport'
2020-03-14 21:56:50.434 [main] DEBUG o.s.b.f.s.DefaultListableBeanFactory - Returning cached instance of singleton bean 'org.springframework.boot.autoconfigure.condition.BeanTypeRegistry'
2020-03-14 21:56:50.446 [main] DEBUG o.s.b.f.s.DefaultListableBeanFactory - Returning cached instance of singleton bean 'org.springframework.boot.autoconfigure.condition.BeanTypeRegistry'
2020-03-14 21:56:50.446 [main] DEBUG o.s.b.f.s.DefaultListableBeanFactory - Returning cached instance of singleton bean 'autoConfigurationReport'
2020-03-14 21:56:50.447 [main] DEBUG o.s.b.f.s.DefaultListableBeanFactory - Returning cached instance of singleton bean 'autoConfigurationReport'
2020-03-14 21:56:50.447 [main] DEBUG o.s.b.f.s.DefaultListableBeanFactory - Returning cached instance of singleton bean 'org.springframework.boot.autoconfigure.condition.BeanTypeRegistry'
2020-03-14 21:56:50.448 [main] DEBUG o.s.b.f.s.DefaultListableBeanFactory - Returning cached instance of singleton bean 'org.springframework.boot.autoconfigure.condition.BeanTypeRegistry'
2020-03-14 21:56:50.448 [main] DEBUG o.s.b.f.s.DefaultListableBeanFactory - Returning cached instance of singleton bean 'autoConfigurationReport'
2020-03-14 21:56:50.448 [main] DEBUG o.s.b.f.s.DefaultListableBeanFactory - Returning cached instance of singleton bean 'org.springframework.boot.autoconfigure.condition.BeanTypeRegistry'
2020-03-14 21:56:50.448 [main] DEBUG o.s.b.f.s.DefaultListableBeanFactory - Returning cached instance of singleton bean 'org.springframework.boot.autoconfigure.condition.BeanTypeRegistry'
2020-03-14 21:56:50.449 [main] DEBUG o.s.b.f.s.DefaultListableBeanFactory - Returning cached instance of singleton bean 'autoConfigurationReport'
2020-03-14 21:56:50.449 [main] DEBUG o.s.c.a.ConfigurationClassBeanDefinitionReader - Registered bean definition for imported class 'org.springframework.security.config.annotation.web.configuration.WebSecurityConfiguration'
2020-03-14 21:56:50.457 [main] DEBUG o.s.c.a.ConfigurationClassBeanDefinitionReader - Registering bean definition for @Bean method org.springframework.security.config.annotation.web.configuration.WebSecurityConfiguration.delegatingApplicationListener()
2020-03-14 21:56:50.460 [main] DEBUG o.s.c.a.ConfigurationClassBeanDefinitionReader - Registering bean definition for @Bean method org.springframework.security.config.annotation.web.configuration.WebSecurityConfiguration.webSecurityExpressionHandler()
2020-03-14 21:56:50.460 [main] DEBUG o.s.c.a.ConfigurationClassBeanDefinitionReader - Registering bean definition for @Bean method org.springframework.security.config.annotation.web.configuration.WebSecurityConfiguration.springSecurityFilterChain()
2020-03-14 21:56:50.460 [main] DEBUG o.s.c.a.ConfigurationClassBeanDefinitionReader - Registering bean definition for @Bean method org.springframework.security.config.annotation.web.configuration.WebSecurityConfiguration.privilegeEvaluator()
2020-03-14 21:56:50.461 [main] DEBUG o.s.c.a.ConfigurationClassBeanDefinitionReader - Registering bean definition for @Bean method org.springframework.security.config.annotation.web.configuration.WebSecurityConfiguration.autowiredWebSecurityConfigurersIgnoreParents()
2020-03-14 21:56:50.462 [main] DEBUG o.s.c.a.ConfigurationClassBeanDefinitionReader - Registered bean definition for imported class 'org.springframework.security.config.annotation.web.configuration.WebMvcSecurityConfiguration'
2020-03-14 21:56:50.462 [main] DEBUG o.s.c.a.ConfigurationClassBeanDefinitionReader - Registering bean definition for @Bean method org.springframework.security.config.annotation.web.configuration.WebMvcSecurityConfiguration.requestDataValueProcessor()
2020-03-14 21:56:50.463 [main] DEBUG o.s.c.a.ConfigurationClassBeanDefinitionReader - Registered bean definition for imported class 'org.springframework.boot.autoconfigure.security.servlet.WebSecurityEnablerConfiguration'
2020-03-14 21:56:50.467 [main] DEBUG o.s.c.a.ConfigurationClassBeanDefinitionReader - Registered bean definition for imported class 'org.springframework.boot.autoconfigure.security.servlet.SecurityAutoConfiguration'
2020-03-14 21:56:50.468 [main] DEBUG o.s.b.f.s.DefaultListableBeanFactory - Returning cached instance of singleton bean 'org.springframework.boot.autoconfigure.condition.BeanTypeRegistry'
2020-03-14 21:56:50.479 [main] DEBUG o.s.b.f.s.DefaultListableBeanFactory - Returning cached instance of singleton bean 'org.springframework.boot.autoconfigure.condition.BeanTypeRegistry'
2020-03-14 21:56:50.479 [main] DEBUG o.s.b.f.s.DefaultListableBeanFactory - Returning cached instance of singleton bean 'autoConfigurationReport'
2020-03-14 21:56:50.480 [main] DEBUG o.s.c.a.ConfigurationClassBeanDefinitionReader - Registering bean definition for @Bean method org.springframework.boot.autoconfigure.security.servlet.SecurityAutoConfiguration.authenticationEventPublisher()
2020-03-14 21:56:50.480 [main] DEBUG o.s.b.f.s.DefaultListableBeanFactory - Returning cached instance of singleton bean 'autoConfigurationReport'
2020-03-14 21:56:50.480 [main] DEBUG o.s.b.f.s.DefaultListableBeanFactory - Returning cached instance of singleton bean 'autoConfigurationReport'
2020-03-14 21:56:50.480 [main] DEBUG o.s.c.a.ConfigurationClassBeanDefinitionReader - Registered bean definition for imported class 'org.springframework.boot.autoconfigure.security.servlet.SecurityFilterAutoConfiguration'
2020-03-14 21:56:50.480 [main] DEBUG o.s.b.f.s.DefaultListableBeanFactory - Returning cached instance of singleton bean 'autoConfigurationReport'
2020-03-14 21:56:50.480 [main] DEBUG o.s.c.a.ConfigurationClassBeanDefinitionReader - Registering bean definition for @Bean method org.springframework.boot.autoconfigure.security.servlet.SecurityFilterAutoConfiguration.securityFilterChainRegistration()
2020-03-14 21:56:50.481 [main] DEBUG o.s.b.f.s.DefaultListableBeanFactory - Returning cached instance of singleton bean 'autoConfigurationReport'
2020-03-14 21:56:50.481 [main] DEBUG o.s.b.f.s.DefaultListableBeanFactory - Returning cached instance of singleton bean 'org.springframework.boot.autoconfigure.condition.BeanTypeRegistry'
2020-03-14 21:56:50.484 [main] DEBUG o.s.b.f.s.DefaultListableBeanFactory - Returning cached instance of singleton bean 'org.springframework.boot.autoconfigure.condition.BeanTypeRegistry'
2020-03-14 21:56:50.485 [main] DEBUG o.s.b.f.s.DefaultListableBeanFactory - Returning cached instance of singleton bean 'org.springframework.boot.autoconfigure.condition.BeanTypeRegistry'
2020-03-14 21:56:50.485 [main] DEBUG o.s.b.f.s.DefaultListableBeanFactory - Returning cached instance of singleton bean 'org.springframework.boot.autoconfigure.condition.BeanTypeRegistry'
2020-03-14 21:56:50.485 [main] DEBUG o.s.b.f.s.DefaultListableBeanFactory - Returning cached instance of singleton bean 'org.springframework.boot.autoconfigure.condition.BeanTypeRegistry'
2020-03-14 21:56:50.486 [main] DEBUG o.s.b.f.s.DefaultListableBeanFactory - Returning cached instance of singleton bean 'org.springframework.boot.autoconfigure.condition.BeanTypeRegistry'
2020-03-14 21:56:50.486 [main] DEBUG o.s.b.f.s.DefaultListableBeanFactory - Returning cached instance of singleton bean 'org.springframework.boot.autoconfigure.condition.BeanTypeRegistry'
2020-03-14 21:56:50.486 [main] DEBUG o.s.b.f.s.DefaultListableBeanFactory - Returning cached instance of singleton bean 'org.springframework.boot.autoconfigure.condition.BeanTypeRegistry'
2020-03-14 21:56:50.486 [main] DEBUG o.s.b.f.s.DefaultListableBeanFactory - Returning cached instance of singleton bean 'autoConfigurationReport'
2020-03-14 21:56:50.486 [main] DEBUG o.s.b.f.s.DefaultListableBeanFactory - Returning cached instance of singleton bean 'org.springframework.boot.autoconfigure.condition.BeanTypeRegistry'
2020-03-14 21:56:50.486 [main] DEBUG o.s.b.f.s.DefaultListableBeanFactory - Returning cached instance of singleton bean 'org.springframework.boot.autoconfigure.condition.BeanTypeRegistry'
2020-03-14 21:56:50.486 [main] DEBUG o.s.b.f.s.DefaultListableBeanFactory - Returning cached instance of singleton bean 'org.springframework.boot.autoconfigure.condition.BeanTypeRegistry'
2020-03-14 21:56:50.486 [main] DEBUG o.s.b.f.s.DefaultListableBeanFactory - Returning cached instance of singleton bean 'org.springframework.boot.autoconfigure.condition.BeanTypeRegistry'
2020-03-14 21:56:50.486 [main] DEBUG o.s.b.f.s.DefaultListableBeanFactory - Returning cached instance of singleton bean 'org.springframework.boot.autoconfigure.condition.BeanTypeRegistry'
2020-03-14 21:56:50.486 [main] DEBUG o.s.b.f.s.DefaultListableBeanFactory - Returning cached instance of singleton bean 'org.springframework.boot.autoconfigure.condition.BeanTypeRegistry'
2020-03-14 21:56:50.486 [main] DEBUG o.s.b.f.s.DefaultListableBeanFactory - Returning cached instance of singleton bean 'org.springframework.boot.autoconfigure.condition.BeanTypeRegistry'
2020-03-14 21:56:50.486 [main] DEBUG o.s.b.f.s.DefaultListableBeanFactory - Returning cached instance of singleton bean 'org.springframework.boot.autoconfigure.condition.BeanTypeRegistry'
2020-03-14 21:56:50.487 [main] DEBUG o.s.b.f.s.DefaultListableBeanFactory - Returning cached instance of singleton bean 'autoConfigurationReport'
2020-03-14 21:56:50.487 [main] DEBUG o.s.c.a.ConfigurationClassBeanDefinitionReader - Registered bean definition for imported class 'org.springframework.boot.autoconfigure.security.servlet.UserDetailsServiceAutoConfiguration'
2020-03-14 21:56:50.490 [main] DEBUG o.s.b.f.s.DefaultListableBeanFactory - Returning cached instance of singleton bean 'autoConfigurationReport'
2020-03-14 21:56:50.490 [main] DEBUG o.s.c.a.ConfigurationClassBeanDefinitionReader - Registering bean definition for @Bean method org.springframework.boot.autoconfigure.security.servlet.UserDetailsServiceAutoConfiguration.inMemoryUserDetailsManager()
2020-03-14 21:56:50.490 [main] DEBUG o.s.b.f.s.DefaultListableBeanFactory - Returning cached instance of singleton bean 'autoConfigurationReport'
2020-03-14 21:56:50.491 [main] DEBUG o.s.b.f.s.DefaultListableBeanFactory - Returning cached instance of singleton bean 'org.springframework.boot.autoconfigure.condition.BeanTypeRegistry'
2020-03-14 21:56:50.495 [main] DEBUG o.s.b.f.s.DefaultListableBeanFactory - Returning cached instance of singleton bean 'org.springframework.boot.autoconfigure.condition.BeanTypeRegistry'
2020-03-14 21:56:50.496 [main] DEBUG o.s.b.f.s.DefaultListableBeanFactory - Returning cached instance of singleton bean 'autoConfigurationReport'
2020-03-14 21:56:50.496 [main] DEBUG o.s.c.a.ConfigurationClassBeanDefinitionReader - Registered bean definition for imported class 'org.springframework.boot.autoconfigure.jdbc.DataSourceTransactionManagerAutoConfiguration$DataSourceTransactionManagerConfiguration'
2020-03-14 21:56:50.496 [main] DEBUG o.s.b.f.s.DefaultListableBeanFactory - Returning cached instance of singleton bean 'org.springframework.boot.autoconfigure.condition.BeanTypeRegistry'
2020-03-14 21:56:50.499 [main] DEBUG o.s.b.f.s.DefaultListableBeanFactory - Returning cached instance of singleton bean 'org.springframework.boot.autoconfigure.condition.BeanTypeRegistry'
2020-03-14 21:56:50.500 [main] DEBUG o.s.b.f.s.DefaultListableBeanFactory - Returning cached instance of singleton bean 'autoConfigurationReport'
2020-03-14 21:56:50.501 [main] DEBUG o.s.c.a.ConfigurationClassBeanDefinitionReader - Registered bean definition for imported class 'org.springframework.boot.autoconfigure.jdbc.DataSourceTransactionManagerAutoConfiguration'
2020-03-14 21:56:50.502 [main] DEBUG o.s.b.f.s.DefaultListableBeanFactory - Returning cached instance of singleton bean 'autoConfigurationReport'
2020-03-14 21:56:50.502 [main] DEBUG o.s.b.f.s.DefaultListableBeanFactory - Returning cached instance of singleton bean 'org.springframework.boot.autoconfigure.condition.BeanTypeRegistry'
2020-03-14 21:56:50.505 [main] DEBUG o.s.b.f.s.DefaultListableBeanFactory - Returning cached instance of singleton bean 'org.springframework.boot.autoconfigure.condition.BeanTypeRegistry'
2020-03-14 21:56:50.506 [main] DEBUG o.s.b.f.s.DefaultListableBeanFactory - Returning cached instance of singleton bean 'org.springframework.boot.autoconfigure.condition.BeanTypeRegistry'
2020-03-14 21:56:50.506 [main] DEBUG o.s.b.f.s.DefaultListableBeanFactory - Returning cached instance of singleton bean 'org.springframework.boot.autoconfigure.condition.BeanTypeRegistry'
2020-03-14 21:56:50.507 [main] DEBUG o.s.b.f.s.DefaultListableBeanFactory - Returning cached instance of singleton bean 'autoConfigurationReport'
2020-03-14 21:56:50.507 [main] DEBUG o.s.b.f.s.DefaultListableBeanFactory - Returning cached instance of singleton bean 'org.springframework.boot.autoconfigure.condition.BeanTypeRegistry'
2020-03-14 21:56:50.507 [main] DEBUG o.s.b.f.s.DefaultListableBeanFactory - Returning cached instance of singleton bean 'org.springframework.boot.autoconfigure.condition.BeanTypeRegistry'
2020-03-14 21:56:50.508 [main] DEBUG o.s.b.f.s.DefaultListableBeanFactory - Returning cached instance of singleton bean 'org.springframework.boot.autoconfigure.condition.BeanTypeRegistry'
2020-03-14 21:56:50.508 [main] DEBUG o.s.b.f.s.DefaultListableBeanFactory - Returning cached instance of singleton bean 'org.springframework.boot.autoconfigure.condition.BeanTypeRegistry'
2020-03-14 21:56:50.508 [main] DEBUG o.s.b.f.s.DefaultListableBeanFactory - Returning cached instance of singleton bean 'autoConfigurationReport'
2020-03-14 21:56:50.508 [main] DEBUG o.s.b.f.s.DefaultListableBeanFactory - Returning cached instance of singleton bean 'autoConfigurationReport'
2020-03-14 21:56:50.509 [main] DEBUG o.s.c.a.ConfigurationClassBeanDefinitionReader - Registered bean definition for imported class 'org.springframework.transaction.annotation.ProxyTransactionManagementConfiguration'
2020-03-14 21:56:50.509 [main] DEBUG o.s.c.a.ConfigurationClassBeanDefinitionReader - Registering bean definition for @Bean method org.springframework.transaction.annotation.ProxyTransactionManagementConfiguration.org.springframework.transaction.config.internalTransactionAdvisor()
2020-03-14 21:56:50.509 [main] DEBUG o.s.c.a.ConfigurationClassBeanDefinitionReader - Registering bean definition for @Bean method org.springframework.transaction.annotation.ProxyTransactionManagementConfiguration.transactionAttributeSource()
2020-03-14 21:56:50.509 [main] DEBUG o.s.c.a.ConfigurationClassBeanDefinitionReader - Registering bean definition for @Bean method org.springframework.transaction.annotation.ProxyTransactionManagementConfiguration.transactionInterceptor()
2020-03-14 21:56:50.509 [main] DEBUG o.s.c.a.ConfigurationClassBeanDefinitionReader - Registering bean definition for @Bean method org.springframework.transaction.annotation.ProxyTransactionManagementConfiguration.org.springframework.transaction.config.internalTransactionalEventListenerFactory()
2020-03-14 21:56:50.510 [main] DEBUG o.s.c.a.ConfigurationClassBeanDefinitionReader - Registered bean definition for imported class 'org.springframework.boot.autoconfigure.transaction.TransactionAutoConfiguration$EnableTransactionManagementConfiguration$CglibAutoProxyConfiguration'
2020-03-14 21:56:50.511 [main] DEBUG o.s.c.a.ConfigurationClassBeanDefinitionReader - Registered bean definition for imported class 'org.springframework.boot.autoconfigure.transaction.TransactionAutoConfiguration$EnableTransactionManagementConfiguration'
2020-03-14 21:56:50.511 [main] DEBUG o.s.b.f.s.DefaultListableBeanFactory - Returning cached instance of singleton bean 'org.springframework.boot.autoconfigure.condition.BeanTypeRegistry'
2020-03-14 21:56:50.520 [main] DEBUG o.s.b.f.s.DefaultListableBeanFactory - Returning cached instance of singleton bean 'org.springframework.boot.autoconfigure.condition.BeanTypeRegistry'
2020-03-14 21:56:50.520 [main] DEBUG o.s.b.f.s.DefaultListableBeanFactory - Returning cached instance of singleton bean 'autoConfigurationReport'
2020-03-14 21:56:50.520 [main] DEBUG o.s.c.a.ConfigurationClassBeanDefinitionReader - Registered bean definition for imported class 'org.springframework.boot.autoconfigure.transaction.TransactionAutoConfiguration$TransactionTemplateConfiguration'
2020-03-14 21:56:50.523 [main] DEBUG o.s.b.f.s.DefaultListableBeanFactory - Returning cached instance of singleton bean 'org.springframework.boot.autoconfigure.condition.BeanTypeRegistry'
2020-03-14 21:56:50.524 [main] DEBUG o.s.b.f.s.DefaultListableBeanFactory - Returning cached instance of singleton bean 'org.springframework.boot.autoconfigure.condition.BeanTypeRegistry'
2020-03-14 21:56:50.524 [main] DEBUG o.s.b.f.s.DefaultListableBeanFactory - Returning cached instance of singleton bean 'autoConfigurationReport'
2020-03-14 21:56:50.524 [main] DEBUG o.s.c.a.ConfigurationClassBeanDefinitionReader - Registering bean definition for @Bean method org.springframework.boot.autoconfigure.transaction.TransactionAutoConfiguration$TransactionTemplateConfiguration.transactionTemplate()
2020-03-14 21:56:50.526 [main] DEBUG o.s.c.a.ConfigurationClassBeanDefinitionReader - Registered bean definition for imported class 'org.springframework.boot.autoconfigure.transaction.TransactionAutoConfiguration'
2020-03-14 21:56:50.527 [main] DEBUG o.s.b.f.s.DefaultListableBeanFactory - Returning cached instance of singleton bean 'org.springframework.boot.autoconfigure.condition.BeanTypeRegistry'
2020-03-14 21:56:50.529 [main] DEBUG o.s.b.f.s.DefaultListableBeanFactory - Returning cached instance of singleton bean 'org.springframework.boot.autoconfigure.condition.BeanTypeRegistry'
2020-03-14 21:56:50.529 [main] DEBUG o.s.b.f.s.DefaultListableBeanFactory - Returning cached instance of singleton bean 'autoConfigurationReport'
2020-03-14 21:56:50.529 [main] DEBUG o.s.c.a.ConfigurationClassBeanDefinitionReader - Registering bean definition for @Bean method org.springframework.boot.autoconfigure.transaction.TransactionAutoConfiguration.platformTransactionManagerCustomizers()
2020-03-14 21:56:50.530 [main] DEBUG o.s.b.f.s.DefaultListableBeanFactory - Returning cached instance of singleton bean 'autoConfigurationReport'
2020-03-14 21:56:50.530 [main] DEBUG o.s.c.a.ConfigurationClassBeanDefinitionReader - Registered bean definition for imported class 'org.springframework.boot.autoconfigure.web.embedded.EmbeddedWebServerFactoryCustomizerAutoConfiguration$TomcatWebServerFactoryCustomizerConfiguration'
2020-03-14 21:56:50.531 [main] DEBUG o.s.c.a.ConfigurationClassBeanDefinitionReader - Registering bean definition for @Bean method org.springframework.boot.autoconfigure.web.embedded.EmbeddedWebServerFactoryCustomizerAutoConfiguration$TomcatWebServerFactoryCustomizerConfiguration.tomcatWebServerFactoryCustomizer()
2020-03-14 21:56:50.531 [main] DEBUG o.s.c.a.ConfigurationClassBeanDefinitionReader - Registered bean definition for imported class 'org.springframework.boot.autoconfigure.web.embedded.EmbeddedWebServerFactoryCustomizerAutoConfiguration'
2020-03-14 21:56:50.531 [main] DEBUG o.s.b.f.s.DefaultListableBeanFactory - Returning cached instance of singleton bean 'autoConfigurationReport'
2020-03-14 21:56:50.531 [main] DEBUG o.s.b.f.s.DefaultListableBeanFactory - Returning cached instance of singleton bean 'autoConfigurationReport'
2020-03-14 21:56:50.531 [main] DEBUG o.s.b.f.s.DefaultListableBeanFactory - Returning cached instance of singleton bean 'autoConfigurationReport'
2020-03-14 21:56:50.531 [main] DEBUG o.s.c.a.ConfigurationClassBeanDefinitionReader - Registered bean definition for imported class 'org.springframework.boot.autoconfigure.web.servlet.HttpEncodingAutoConfiguration'
2020-03-14 21:56:50.531 [main] DEBUG o.s.b.f.s.DefaultListableBeanFactory - Returning cached instance of singleton bean 'org.springframework.boot.autoconfigure.condition.BeanTypeRegistry'
2020-03-14 21:56:50.535 [main] DEBUG o.s.b.f.s.DefaultListableBeanFactory - Returning cached instance of singleton bean 'org.springframework.boot.autoconfigure.condition.BeanTypeRegistry'
2020-03-14 21:56:50.535 [main] DEBUG o.s.b.f.s.DefaultListableBeanFactory - Returning cached instance of singleton bean 'autoConfigurationReport'
2020-03-14 21:56:50.536 [main] DEBUG o.s.c.a.ConfigurationClassBeanDefinitionReader - Registering bean definition for @Bean method org.springframework.boot.autoconfigure.web.servlet.HttpEncodingAutoConfiguration.characterEncodingFilter()
2020-03-14 21:56:50.536 [main] DEBUG o.s.c.a.ConfigurationClassBeanDefinitionReader - Registering bean definition for @Bean method org.springframework.boot.autoconfigure.web.servlet.HttpEncodingAutoConfiguration.localeCharsetMappingsCustomizer()
2020-03-14 21:56:50.537 [main] DEBUG o.s.b.f.s.DefaultListableBeanFactory - Returning cached instance of singleton bean 'autoConfigurationReport'
2020-03-14 21:56:50.537 [main] DEBUG o.s.b.f.s.DefaultListableBeanFactory - Returning cached instance of singleton bean 'autoConfigurationReport'
2020-03-14 21:56:50.537 [main] DEBUG o.s.b.f.s.DefaultListableBeanFactory - Returning cached instance of singleton bean 'autoConfigurationReport'
2020-03-14 21:56:50.538 [main] DEBUG o.s.c.a.ConfigurationClassBeanDefinitionReader - Registered bean definition for imported class 'org.springframework.boot.autoconfigure.web.servlet.MultipartAutoConfiguration'
2020-03-14 21:56:50.538 [main] DEBUG o.s.b.f.s.DefaultListableBeanFactory - Returning cached instance of singleton bean 'org.springframework.boot.autoconfigure.condition.BeanTypeRegistry'
2020-03-14 21:56:50.540 [main] DEBUG o.s.b.f.s.DefaultListableBeanFactory - Returning cached instance of singleton bean 'org.springframework.boot.autoconfigure.condition.BeanTypeRegistry'
2020-03-14 21:56:50.540 [main] DEBUG o.s.b.f.s.DefaultListableBeanFactory - Returning cached instance of singleton bean 'autoConfigurationReport'
2020-03-14 21:56:50.540 [main] DEBUG o.s.c.a.ConfigurationClassBeanDefinitionReader - Registering bean definition for @Bean method org.springframework.boot.autoconfigure.web.servlet.MultipartAutoConfiguration.multipartConfigElement()
2020-03-14 21:56:50.541 [main] DEBUG o.s.b.f.s.DefaultListableBeanFactory - Returning cached instance of singleton bean 'org.springframework.boot.autoconfigure.condition.BeanTypeRegistry'
2020-03-14 21:56:50.541 [main] DEBUG o.s.b.f.s.DefaultListableBeanFactory - Returning cached instance of singleton bean 'org.springframework.boot.autoconfigure.condition.BeanTypeRegistry'
2020-03-14 21:56:50.541 [main] DEBUG o.s.b.f.s.DefaultListableBeanFactory - Returning cached instance of singleton bean 'autoConfigurationReport'
2020-03-14 21:56:50.542 [main] DEBUG o.s.c.a.ConfigurationClassBeanDefinitionReader - Registering bean definition for @Bean method org.springframework.boot.autoconfigure.web.servlet.MultipartAutoConfiguration.multipartResolver()
2020-03-14 21:56:50.542 [main] DEBUG o.s.b.f.s.DefaultListableBeanFactory - Returning cached instance of singleton bean 'org.springframework.boot.autoconfigure.condition.BeanTypeRegistry'
2020-03-14 21:56:50.543 [main] DEBUG o.s.b.f.s.DefaultListableBeanFactory - Returning cached instance of singleton bean 'org.springframework.boot.autoconfigure.condition.BeanTypeRegistry'
2020-03-14 21:56:50.543 [main] DEBUG o.s.b.f.s.DefaultListableBeanFactory - Returning cached instance of singleton bean 'autoConfigurationReport'
2020-03-14 21:56:50.543 [main] DEBUG o.s.c.a.ConfigurationClassBeanDefinitionReader - Registered bean definition for imported class 'org.springframework.cloud.autoconfigure.ConfigurationPropertiesRebinderAutoConfiguration'
2020-03-14 21:56:50.543 [main] DEBUG o.s.b.f.s.DefaultListableBeanFactory - Returning cached instance of singleton bean 'org.springframework.boot.autoconfigure.condition.BeanTypeRegistry'
2020-03-14 21:56:50.543 [main] DEBUG o.s.b.f.s.DefaultListableBeanFactory - Returning cached instance of singleton bean 'autoConfigurationReport'
2020-03-14 21:56:50.545 [main] DEBUG o.s.c.a.ConfigurationClassBeanDefinitionReader - Registering bean definition for @Bean method org.springframework.cloud.autoconfigure.ConfigurationPropertiesRebinderAutoConfiguration.configurationPropertiesBeans()
2020-03-14 21:56:50.545 [main] DEBUG o.s.b.f.s.DefaultListableBeanFactory - Returning cached instance of singleton bean 'org.springframework.boot.autoconfigure.condition.BeanTypeRegistry'
2020-03-14 21:56:50.545 [main] DEBUG o.s.b.f.s.DefaultListableBeanFactory - Returning cached instance of singleton bean 'autoConfigurationReport'
2020-03-14 21:56:50.545 [main] DEBUG o.s.c.a.ConfigurationClassBeanDefinitionReader - Registering bean definition for @Bean method org.springframework.cloud.autoconfigure.ConfigurationPropertiesRebinderAutoConfiguration.configurationPropertiesRebinder()
2020-03-14 21:56:50.546 [main] DEBUG o.s.b.f.s.DefaultListableBeanFactory - Returning cached instance of singleton bean 'autoConfigurationReport'
2020-03-14 21:56:50.546 [main] DEBUG o.s.b.f.s.DefaultListableBeanFactory - Returning cached instance of singleton bean 'org.springframework.boot.autoconfigure.condition.BeanTypeRegistry'
2020-03-14 21:56:50.546 [main] DEBUG o.s.b.f.s.DefaultListableBeanFactory - Returning cached instance of singleton bean 'org.springframework.boot.autoconfigure.condition.BeanTypeRegistry'
2020-03-14 21:56:50.546 [main] DEBUG o.s.b.f.s.DefaultListableBeanFactory - Returning cached instance of singleton bean 'autoConfigurationReport'
2020-03-14 21:56:50.546 [main] DEBUG o.s.c.a.ConfigurationClassBeanDefinitionReader - Registered bean definition for imported class 'org.springframework.cloud.autoconfigure.RefreshEndpointAutoConfiguration$RefreshEndpointConfiguration'
2020-03-14 21:56:50.547 [main] DEBUG o.s.b.f.s.DefaultListableBeanFactory - Returning cached instance of singleton bean 'org.springframework.boot.autoconfigure.condition.BeanTypeRegistry'
2020-03-14 21:56:50.548 [main] DEBUG o.s.b.f.s.DefaultListableBeanFactory - Returning cached instance of singleton bean 'org.springframework.boot.autoconfigure.condition.BeanTypeRegistry'
2020-03-14 21:56:50.549 [main] DEBUG o.s.b.f.s.DefaultListableBeanFactory - Returning cached instance of singleton bean 'org.springframework.boot.autoconfigure.condition.BeanTypeRegistry'
2020-03-14 21:56:50.549 [main] DEBUG o.s.b.f.s.DefaultListableBeanFactory - Returning cached instance of singleton bean 'org.springframework.boot.autoconfigure.condition.BeanTypeRegistry'
2020-03-14 21:56:50.549 [main] DEBUG o.s.b.f.s.DefaultListableBeanFactory - Returning cached instance of singleton bean 'autoConfigurationReport'
2020-03-14 21:56:50.549 [main] DEBUG o.s.c.e.PropertySourcesPropertyResolver - Could not find key 'management.endpoint.refresh.enabled' in any property source
2020-03-14 21:56:50.549 [main] DEBUG o.s.b.f.s.DefaultListableBeanFactory - Returning cached instance of singleton bean 'autoConfigurationReport'
2020-03-14 21:56:50.550 [main] DEBUG o.s.b.f.s.DefaultListableBeanFactory - Returning cached instance of singleton bean 'org.springframework.boot.autoconfigure.condition.BeanTypeRegistry'
2020-03-14 21:56:50.550 [main] DEBUG o.s.b.f.s.DefaultListableBeanFactory - Returning cached instance of singleton bean 'org.springframework.boot.autoconfigure.condition.BeanTypeRegistry'
2020-03-14 21:56:50.550 [main] DEBUG o.s.b.f.s.DefaultListableBeanFactory - Returning cached instance of singleton bean 'org.springframework.boot.autoconfigure.condition.BeanTypeRegistry'
2020-03-14 21:56:50.550 [main] DEBUG o.s.b.f.s.DefaultListableBeanFactory - Returning cached instance of singleton bean 'org.springframework.boot.autoconfigure.condition.BeanTypeRegistry'
2020-03-14 21:56:50.550 [main] DEBUG o.s.b.f.s.DefaultListableBeanFactory - Returning cached instance of singleton bean 'autoConfigurationReport'
2020-03-14 21:56:50.551 [main] DEBUG o.s.c.a.ConfigurationClassBeanDefinitionReader - Registering bean definition for @Bean method org.springframework.cloud.autoconfigure.RefreshEndpointAutoConfiguration$RefreshEndpointConfiguration.refreshEndpoint()
2020-03-14 21:56:50.553 [main] DEBUG o.s.b.f.s.DefaultListableBeanFactory - Returning cached instance of singleton bean 'autoConfigurationReport'
2020-03-14 21:56:50.553 [main] DEBUG o.s.c.a.ConfigurationClassBeanDefinitionReader - Registered bean definition for imported class 'org.springframework.cloud.autoconfigure.RestartEndpointWithoutIntegrationConfiguration'
2020-03-14 21:56:50.555 [main] DEBUG o.s.c.e.PropertySourcesPropertyResolver - Could not find key 'management.endpoint.restart.enabled' in any property source
2020-03-14 21:56:50.556 [main] DEBUG o.s.b.f.s.DefaultListableBeanFactory - Returning cached instance of singleton bean 'autoConfigurationReport'
2020-03-14 21:56:50.556 [main] DEBUG o.s.c.a.ConfigurationClassBeanDefinitionReader - Registered bean definition for imported class 'org.springframework.cloud.autoconfigure.PauseResumeEndpointsConfiguration'
2020-03-14 21:56:50.557 [main] DEBUG o.s.b.f.s.DefaultListableBeanFactory - Returning cached instance of singleton bean 'org.springframework.boot.autoconfigure.condition.BeanTypeRegistry'
2020-03-14 21:56:50.561 [main] DEBUG o.s.b.f.s.DefaultListableBeanFactory - Returning cached instance of singleton bean 'org.springframework.boot.autoconfigure.condition.BeanTypeRegistry'
2020-03-14 21:56:50.561 [main] DEBUG o.s.b.f.s.DefaultListableBeanFactory - Returning cached instance of singleton bean 'autoConfigurationReport'
2020-03-14 21:56:50.562 [main] DEBUG o.s.b.f.s.DefaultListableBeanFactory - Returning cached instance of singleton bean 'org.springframework.boot.autoconfigure.condition.BeanTypeRegistry'
2020-03-14 21:56:50.562 [main] DEBUG o.s.b.f.s.DefaultListableBeanFactory - Returning cached instance of singleton bean 'org.springframework.boot.autoconfigure.condition.BeanTypeRegistry'
2020-03-14 21:56:50.562 [main] DEBUG o.s.b.f.s.DefaultListableBeanFactory - Returning cached instance of singleton bean 'autoConfigurationReport'
2020-03-14 21:56:50.564 [main] DEBUG o.s.c.a.ConfigurationClassBeanDefinitionReader - Registered bean definition for imported class 'org.springframework.cloud.autoconfigure.RefreshEndpointAutoConfiguration'
2020-03-14 21:56:50.570 [main] DEBUG o.s.b.f.s.DefaultListableBeanFactory - Returning cached instance of singleton bean 'org.springframework.boot.autoconfigure.condition.BeanTypeRegistry'
2020-03-14 21:56:50.575 [main] DEBUG o.s.b.f.s.DefaultListableBeanFactory - Returning cached instance of singleton bean 'org.springframework.boot.autoconfigure.condition.BeanTypeRegistry'
2020-03-14 21:56:50.576 [main] DEBUG o.s.b.f.s.DefaultListableBeanFactory - Returning cached instance of singleton bean 'autoConfigurationReport'
2020-03-14 21:56:50.579 [main] DEBUG o.s.c.e.PropertySourcesPropertyResolver - Could not find key 'management.health.defaults.enabled' in any property source
2020-03-14 21:56:50.579 [main] DEBUG o.s.b.f.s.DefaultListableBeanFactory - Returning cached instance of singleton bean 'autoConfigurationReport'
2020-03-14 21:56:50.580 [main] DEBUG o.s.c.a.ConfigurationClassBeanDefinitionReader - Registering bean definition for @Bean method org.springframework.cloud.autoconfigure.RefreshEndpointAutoConfiguration.refreshScopeHealthIndicator()
2020-03-14 21:56:50.580 [main] DEBUG o.s.b.f.s.DefaultListableBeanFactory - Returning cached instance of singleton bean 'autoConfigurationReport'
2020-03-14 21:56:50.584 [main] DEBUG o.s.b.f.s.DefaultListableBeanFactory - Returning cached instance of singleton bean 'autoConfigurationReport'
2020-03-14 21:56:50.585 [main] DEBUG o.s.b.f.s.DefaultListableBeanFactory - Returning cached instance of singleton bean 'autoConfigurationReport'
2020-03-14 21:56:50.586 [main] DEBUG o.s.c.a.ConfigurationClassBeanDefinitionReader - Registered bean definition for imported class 'org.springframework.cloud.netflix.eureka.EurekaDiscoveryClientConfiguration$EurekaClientConfigurationRefresher'
2020-03-14 21:56:50.587 [main] DEBUG o.s.c.a.ConfigurationClassBeanDefinitionReader - Registered bean definition for imported class 'org.springframework.cloud.netflix.eureka.EurekaDiscoveryClientConfiguration'
2020-03-14 21:56:50.587 [main] DEBUG o.s.c.a.ConfigurationClassBeanDefinitionReader - Registering bean definition for @Bean method org.springframework.cloud.netflix.eureka.EurekaDiscoveryClientConfiguration.eurekaDiscoverClientMarker()
2020-03-14 21:56:50.589 [main] DEBUG o.s.b.f.s.DefaultListableBeanFactory - Returning cached instance of singleton bean 'autoConfigurationReport'
2020-03-14 21:56:50.590 [main] DEBUG o.s.b.f.s.DefaultListableBeanFactory - Returning cached instance of singleton bean 'autoConfigurationReport'
2020-03-14 21:56:50.594 [main] DEBUG o.s.c.a.ConfigurationClassBeanDefinitionReader - Registered bean definition for imported class 'org.springframework.cloud.client.serviceregistry.AutoServiceRegistrationConfiguration'
2020-03-14 21:56:50.598 [main] DEBUG o.s.c.a.ConfigurationClassBeanDefinitionReader - Registered bean definition for imported class 'org.springframework.cloud.client.serviceregistry.AutoServiceRegistrationAutoConfiguration'
2020-03-14 21:56:50.599 [main] DEBUG o.s.b.f.s.DefaultListableBeanFactory - Returning cached instance of singleton bean 'autoConfigurationReport'
2020-03-14 21:56:50.600 [main] DEBUG o.s.b.f.s.DefaultListableBeanFactory - Returning cached instance of singleton bean 'autoConfigurationReport'
2020-03-14 21:56:50.608 [main] DEBUG o.s.b.f.s.DefaultListableBeanFactory - Returning cached instance of singleton bean 'org.springframework.boot.autoconfigure.condition.BeanTypeRegistry'
2020-03-14 21:56:50.615 [main] DEBUG o.s.b.f.s.DefaultListableBeanFactory - Returning cached instance of singleton bean 'org.springframework.boot.autoconfigure.condition.BeanTypeRegistry'
2020-03-14 21:56:50.616 [main] DEBUG o.s.b.f.s.DefaultListableBeanFactory - Returning cached instance of singleton bean 'autoConfigurationReport'
2020-03-14 21:56:50.617 [main] DEBUG o.s.b.f.s.DefaultListableBeanFactory - Returning cached instance of singleton bean 'autoConfigurationReport'
2020-03-14 21:56:50.618 [main] DEBUG o.s.c.a.ConfigurationClassBeanDefinitionReader - Registered bean definition for imported class 'org.springframework.cloud.netflix.eureka.EurekaClientAutoConfiguration$EurekaHealthIndicatorConfiguration'
2020-03-14 21:56:50.622 [main] DEBUG o.s.b.f.s.DefaultListableBeanFactory - Returning cached instance of singleton bean 'org.springframework.boot.autoconfigure.condition.BeanTypeRegistry'
2020-03-14 21:56:50.625 [main] DEBUG o.s.b.f.s.DefaultListableBeanFactory - Returning cached instance of singleton bean 'org.springframework.boot.autoconfigure.condition.BeanTypeRegistry'
2020-03-14 21:56:50.627 [main] DEBUG o.s.b.f.s.DefaultListableBeanFactory - Returning cached instance of singleton bean 'autoConfigurationReport'
2020-03-14 21:56:50.628 [main] DEBUG o.s.c.e.PropertySourcesPropertyResolver - Could not find key 'management.health.defaults.enabled' in any property source
2020-03-14 21:56:50.628 [main] DEBUG o.s.b.f.s.DefaultListableBeanFactory - Returning cached instance of singleton bean 'autoConfigurationReport'
2020-03-14 21:56:50.629 [main] DEBUG o.s.c.a.ConfigurationClassBeanDefinitionReader - Registering bean definition for @Bean method org.springframework.cloud.netflix.eureka.EurekaClientAutoConfiguration$EurekaHealthIndicatorConfiguration.eurekaHealthIndicator()
2020-03-14 21:56:50.633 [main] DEBUG o.s.b.f.s.DefaultListableBeanFactory - Returning cached instance of singleton bean 'autoConfigurationReport'
2020-03-14 21:56:50.634 [main] DEBUG o.s.b.f.s.DefaultListableBeanFactory - Returning cached instance of singleton bean 'org.springframework.boot.autoconfigure.condition.BeanTypeRegistry'
2020-03-14 21:56:50.644 [main] DEBUG o.s.b.f.s.DefaultListableBeanFactory - Returning cached instance of singleton bean 'org.springframework.boot.autoconfigure.condition.BeanTypeRegistry'
2020-03-14 21:56:50.648 [main] DEBUG o.s.b.f.s.DefaultListableBeanFactory - Returning cached instance of singleton bean 'autoConfigurationReport'
2020-03-14 21:56:50.649 [main] DEBUG o.s.c.a.ConfigurationClassBeanDefinitionReader - Registered bean definition for imported class 'org.springframework.cloud.netflix.eureka.EurekaClientAutoConfiguration$RefreshableEurekaClientConfiguration'
2020-03-14 21:56:50.649 [main] DEBUG o.s.b.f.s.DefaultListableBeanFactory - Returning cached instance of singleton bean 'org.springframework.boot.autoconfigure.condition.BeanTypeRegistry'
2020-03-14 21:56:50.657 [main] DEBUG o.s.b.f.s.DefaultListableBeanFactory - Returning cached instance of singleton bean 'autoConfigurationReport'
2020-03-14 21:56:50.662 [main] DEBUG o.s.c.a.ConfigurationClassBeanDefinitionReader - Registering bean definition for @Bean method org.springframework.cloud.netflix.eureka.EurekaClientAutoConfiguration$RefreshableEurekaClientConfiguration.eurekaClient()
2020-03-14 21:56:50.663 [main] DEBUG o.s.b.f.s.DefaultListableBeanFactory - Returning cached instance of singleton bean 'org.springframework.boot.autoconfigure.condition.BeanTypeRegistry'
2020-03-14 21:56:50.670 [main] DEBUG o.s.b.f.s.DefaultListableBeanFactory - Returning cached instance of singleton bean 'autoConfigurationReport'
2020-03-14 21:56:50.670 [main] DEBUG o.s.c.a.ConfigurationClassBeanDefinitionReader - Registering bean definition for @Bean method org.springframework.cloud.netflix.eureka.EurekaClientAutoConfiguration$RefreshableEurekaClientConfiguration.eurekaApplicationInfoManager()
2020-03-14 21:56:50.671 [main] DEBUG o.s.b.f.s.DefaultListableBeanFactory - Returning cached instance of singleton bean 'autoConfigurationReport'
2020-03-14 21:56:50.671 [main] DEBUG o.s.b.f.s.DefaultListableBeanFactory - Returning cached instance of singleton bean 'org.springframework.boot.autoconfigure.condition.BeanTypeRegistry'
2020-03-14 21:56:50.675 [main] DEBUG o.s.b.f.s.DefaultListableBeanFactory - Returning cached instance of singleton bean 'org.springframework.boot.autoconfigure.condition.BeanTypeRegistry'
2020-03-14 21:56:50.676 [main] DEBUG o.s.b.f.s.DefaultListableBeanFactory - Returning cached instance of singleton bean 'autoConfigurationReport'
2020-03-14 21:56:50.676 [main] DEBUG o.s.c.a.ConfigurationClassBeanDefinitionReader - Registering bean definition for @Bean method org.springframework.cloud.netflix.eureka.EurekaClientAutoConfiguration$RefreshableEurekaClientConfiguration.eurekaRegistration()
2020-03-14 21:56:50.679 [main] DEBUG o.s.b.f.s.DefaultListableBeanFactory - Returning cached instance of singleton bean 'org.springframework.boot.autoconfigure.condition.BeanTypeRegistry'
2020-03-14 21:56:50.681 [main] DEBUG o.s.b.f.s.DefaultListableBeanFactory - Returning cached instance of singleton bean 'org.springframework.boot.autoconfigure.condition.BeanTypeRegistry'
2020-03-14 21:56:50.681 [main] DEBUG o.s.b.f.s.DefaultListableBeanFactory - Returning cached instance of singleton bean 'autoConfigurationReport'
2020-03-14 21:56:50.682 [main] DEBUG o.s.c.a.ConfigurationClassBeanDefinitionReader - Registered bean definition for imported class 'org.springframework.cloud.netflix.eureka.config.DiscoveryClientOptionalArgsConfiguration'
2020-03-14 21:56:50.689 [main] DEBUG o.s.b.f.s.DefaultListableBeanFactory - Returning cached instance of singleton bean 'autoConfigurationReport'
2020-03-14 21:56:50.689 [main] DEBUG o.s.b.f.s.DefaultListableBeanFactory - Returning cached instance of singleton bean 'autoConfigurationReport'
2020-03-14 21:56:50.692 [main] DEBUG o.s.b.f.s.DefaultListableBeanFactory - Returning cached instance of singleton bean 'org.springframework.boot.autoconfigure.condition.BeanTypeRegistry'
2020-03-14 21:56:50.694 [main] DEBUG o.s.b.f.s.DefaultListableBeanFactory - Returning cached instance of singleton bean 'autoConfigurationReport'
2020-03-14 21:56:50.694 [main] DEBUG o.s.c.a.ConfigurationClassBeanDefinitionReader - Registering bean definition for @Bean method org.springframework.cloud.netflix.eureka.config.DiscoveryClientOptionalArgsConfiguration.discoveryClientOptionalArgs()
2020-03-14 21:56:50.701 [main] DEBUG o.s.c.a.ConfigurationClassBeanDefinitionReader - Registered bean definition for imported class 'org.springframework.cloud.netflix.eureka.EurekaClientAutoConfiguration'
2020-03-14 21:56:50.702 [main] DEBUG o.s.c.a.ConfigurationClassBeanDefinitionReader - Registering bean definition for @Bean method org.springframework.cloud.netflix.eureka.EurekaClientAutoConfiguration.eurekaFeature()
2020-03-14 21:56:50.702 [main] DEBUG o.s.b.f.s.DefaultListableBeanFactory - Returning cached instance of singleton bean 'org.springframework.boot.autoconfigure.condition.BeanTypeRegistry'
2020-03-14 21:56:50.721 [main] DEBUG o.s.b.f.s.DefaultListableBeanFactory - Returning cached instance of singleton bean 'autoConfigurationReport'
2020-03-14 21:56:50.721 [main] DEBUG o.s.c.a.ConfigurationClassBeanDefinitionReader - Registering bean definition for @Bean method org.springframework.cloud.netflix.eureka.EurekaClientAutoConfiguration.eurekaClientConfigBean()
2020-03-14 21:56:50.722 [main] DEBUG o.s.b.f.s.DefaultListableBeanFactory - Returning cached instance of singleton bean 'org.springframework.boot.autoconfigure.condition.BeanTypeRegistry'
2020-03-14 21:56:50.723 [main] DEBUG o.s.b.f.s.DefaultListableBeanFactory - Returning cached instance of singleton bean 'org.springframework.boot.autoconfigure.condition.BeanTypeRegistry'
2020-03-14 21:56:50.723 [main] DEBUG o.s.b.f.s.DefaultListableBeanFactory - Returning cached instance of singleton bean 'autoConfigurationReport'
2020-03-14 21:56:50.723 [main] DEBUG o.s.c.a.ConfigurationClassBeanDefinitionReader - Registering bean definition for @Bean method org.springframework.cloud.netflix.eureka.EurekaClientAutoConfiguration.serviceManagementMetadataProvider()
2020-03-14 21:56:50.724 [main] DEBUG o.s.b.f.s.DefaultListableBeanFactory - Returning cached instance of singleton bean 'org.springframework.boot.autoconfigure.condition.BeanTypeRegistry'
2020-03-14 21:56:50.725 [main] DEBUG o.s.b.f.s.DefaultListableBeanFactory - Returning cached instance of singleton bean 'autoConfigurationReport'
2020-03-14 21:56:50.725 [main] DEBUG o.s.c.a.ConfigurationClassBeanDefinitionReader - Registering bean definition for @Bean method org.springframework.cloud.netflix.eureka.EurekaClientAutoConfiguration.eurekaInstanceConfigBean()
2020-03-14 21:56:50.725 [main] DEBUG o.s.c.a.ConfigurationClassBeanDefinitionReader - Registering bean definition for @Bean method org.springframework.cloud.netflix.eureka.EurekaClientAutoConfiguration.discoveryClient()
2020-03-14 21:56:50.726 [main] DEBUG o.s.c.a.ConfigurationClassBeanDefinitionReader - Registering bean definition for @Bean method org.springframework.cloud.netflix.eureka.EurekaClientAutoConfiguration.eurekaServiceRegistry()
2020-03-14 21:56:50.727 [main] DEBUG o.s.b.f.s.DefaultListableBeanFactory - Returning cached instance of singleton bean 'autoConfigurationReport'
2020-03-14 21:56:50.727 [main] DEBUG o.s.b.f.s.DefaultListableBeanFactory - Returning cached instance of singleton bean 'org.springframework.boot.autoconfigure.condition.BeanTypeRegistry'
2020-03-14 21:56:50.728 [main] DEBUG o.s.b.f.s.DefaultListableBeanFactory - Returning cached instance of singleton bean 'org.springframework.boot.autoconfigure.condition.BeanTypeRegistry'
2020-03-14 21:56:50.729 [main] DEBUG o.s.b.f.s.DefaultListableBeanFactory - Returning cached instance of singleton bean 'autoConfigurationReport'
2020-03-14 21:56:50.729 [main] DEBUG o.s.c.a.ConfigurationClassBeanDefinitionReader - Registering bean definition for @Bean method org.springframework.cloud.netflix.eureka.EurekaClientAutoConfiguration.eurekaAutoServiceRegistration()
2020-03-14 21:56:50.729 [main] DEBUG o.s.b.f.s.DefaultListableBeanFactory - Returning cached instance of singleton bean 'autoConfigurationReport'
2020-03-14 21:56:50.730 [main] DEBUG o.s.b.f.s.DefaultListableBeanFactory - Returning cached instance of singleton bean 'autoConfigurationReport'
2020-03-14 21:56:50.731 [main] DEBUG o.s.c.a.ConfigurationClassBeanDefinitionReader - Registered bean definition for imported class 'org.springframework.cloud.client.CommonsClientAutoConfiguration$ActuatorConfiguration'
2020-03-14 21:56:50.732 [main] DEBUG o.s.c.e.PropertySourcesPropertyResolver - Could not find key 'management.endpoint.features.enabled' in any property source
2020-03-14 21:56:50.733 [main] DEBUG o.s.b.f.s.DefaultListableBeanFactory - Returning cached instance of singleton bean 'autoConfigurationReport'
2020-03-14 21:56:50.733 [main] DEBUG o.s.c.a.ConfigurationClassBeanDefinitionReader - Registering bean definition for @Bean method org.springframework.cloud.client.CommonsClientAutoConfiguration$ActuatorConfiguration.featuresEndpoint()
2020-03-14 21:56:50.733 [main] DEBUG o.s.b.f.s.DefaultListableBeanFactory - Returning cached instance of singleton bean 'autoConfigurationReport'
2020-03-14 21:56:50.733 [main] DEBUG o.s.b.f.s.DefaultListableBeanFactory - Returning cached instance of singleton bean 'autoConfigurationReport'
2020-03-14 21:56:50.733 [main] DEBUG o.s.b.f.s.DefaultListableBeanFactory - Returning cached instance of singleton bean 'org.springframework.boot.autoconfigure.condition.BeanTypeRegistry'
2020-03-14 21:56:50.736 [main] DEBUG o.s.b.f.s.DefaultListableBeanFactory - Returning cached instance of singleton bean 'org.springframework.boot.autoconfigure.condition.BeanTypeRegistry'
2020-03-14 21:56:50.736 [main] DEBUG o.s.b.f.s.DefaultListableBeanFactory - Returning cached instance of singleton bean 'autoConfigurationReport'
2020-03-14 21:56:50.738 [main] DEBUG o.s.c.a.ConfigurationClassBeanDefinitionReader - Registered bean definition for imported class 'org.springframework.cloud.client.CommonsClientAutoConfiguration$DiscoveryLoadBalancerConfiguration'
2020-03-14 21:56:50.739 [main] DEBUG o.s.b.f.s.DefaultListableBeanFactory - Returning cached instance of singleton bean 'autoConfigurationReport'
2020-03-14 21:56:50.739 [main] DEBUG o.s.c.a.ConfigurationClassBeanDefinitionReader - Registering bean definition for @Bean method org.springframework.cloud.client.CommonsClientAutoConfiguration$DiscoveryLoadBalancerConfiguration.discoveryClientHealthIndicator()
2020-03-14 21:56:50.741 [main] DEBUG o.s.b.f.s.DefaultListableBeanFactory - Returning cached instance of singleton bean 'autoConfigurationReport'
2020-03-14 21:56:50.742 [main] DEBUG o.s.b.f.s.DefaultListableBeanFactory - Returning cached instance of singleton bean 'org.springframework.boot.autoconfigure.condition.BeanTypeRegistry'
2020-03-14 21:56:50.746 [main] DEBUG o.s.b.f.s.DefaultListableBeanFactory - Returning cached instance of singleton bean 'org.springframework.boot.autoconfigure.condition.BeanTypeRegistry'
2020-03-14 21:56:50.746 [main] DEBUG o.s.b.f.s.DefaultListableBeanFactory - Returning cached instance of singleton bean 'autoConfigurationReport'
2020-03-14 21:56:50.747 [main] DEBUG o.s.c.a.ConfigurationClassBeanDefinitionReader - Registering bean definition for @Bean method org.springframework.cloud.client.CommonsClientAutoConfiguration$DiscoveryLoadBalancerConfiguration.discoveryCompositeHealthIndicator()
2020-03-14 21:56:50.747 [main] DEBUG o.s.c.a.ConfigurationClassBeanDefinitionReader - Registering bean definition for @Bean method org.springframework.cloud.client.CommonsClientAutoConfiguration$DiscoveryLoadBalancerConfiguration.commonsFeatures()
2020-03-14 21:56:50.748 [main] DEBUG o.s.c.a.ConfigurationClassBeanDefinitionReader - Registered bean definition for imported class 'org.springframework.cloud.client.CommonsClientAutoConfiguration'
2020-03-14 21:56:50.749 [main] DEBUG o.s.c.a.ConfigurationClassBeanDefinitionReader - Registered bean definition for imported class 'org.springframework.cloud.client.discovery.composite.CompositeDiscoveryClientAutoConfiguration'
2020-03-14 21:56:50.749 [main] DEBUG o.s.c.a.ConfigurationClassBeanDefinitionReader - Registering bean definition for @Bean method org.springframework.cloud.client.discovery.composite.CompositeDiscoveryClientAutoConfiguration.compositeDiscoveryClient()
2020-03-14 21:56:50.749 [main] DEBUG o.s.c.a.ConfigurationClassBeanDefinitionReader - Registered bean definition for imported class 'org.springframework.cloud.client.discovery.simple.SimpleDiscoveryClientAutoConfiguration'
2020-03-14 21:56:50.749 [main] DEBUG o.s.c.a.ConfigurationClassBeanDefinitionReader - Registering bean definition for @Bean method org.springframework.cloud.client.discovery.simple.SimpleDiscoveryClientAutoConfiguration.simpleDiscoveryProperties()
2020-03-14 21:56:50.749 [main] DEBUG o.s.c.a.ConfigurationClassBeanDefinitionReader - Registering bean definition for @Bean method org.springframework.cloud.client.discovery.simple.SimpleDiscoveryClientAutoConfiguration.simpleDiscoveryClient()
2020-03-14 21:56:50.750 [main] DEBUG o.s.b.f.s.DefaultListableBeanFactory - Returning cached instance of singleton bean 'org.springframework.boot.autoconfigure.condition.BeanTypeRegistry'
2020-03-14 21:56:50.754 [main] DEBUG o.s.b.f.s.DefaultListableBeanFactory - Returning cached instance of singleton bean 'org.springframework.boot.autoconfigure.condition.BeanTypeRegistry'
2020-03-14 21:56:50.755 [main] DEBUG o.s.b.f.s.DefaultListableBeanFactory - Returning cached instance of singleton bean 'autoConfigurationReport'
2020-03-14 21:56:50.756 [main] DEBUG o.s.b.f.s.DefaultListableBeanFactory - Returning cached instance of singleton bean 'org.springframework.boot.autoconfigure.condition.BeanTypeRegistry'
2020-03-14 21:56:50.757 [main] DEBUG o.s.b.f.s.DefaultListableBeanFactory - Returning cached instance of singleton bean 'org.springframework.boot.autoconfigure.condition.BeanTypeRegistry'
2020-03-14 21:56:50.758 [main] DEBUG o.s.b.f.s.DefaultListableBeanFactory - Returning cached instance of singleton bean 'autoConfigurationReport'
2020-03-14 21:56:50.758 [main] DEBUG o.s.b.f.s.DefaultListableBeanFactory - Returning cached instance of singleton bean 'autoConfigurationReport'
2020-03-14 21:56:50.759 [main] DEBUG o.s.b.f.s.DefaultListableBeanFactory - Returning cached instance of singleton bean 'autoConfigurationReport'
2020-03-14 21:56:50.764 [main] DEBUG o.s.b.f.s.DefaultListableBeanFactory - Returning cached instance of singleton bean 'autoConfigurationReport'
2020-03-14 21:56:50.769 [main] DEBUG o.s.c.a.ConfigurationClassBeanDefinitionReader - Registered bean definition for imported class 'org.springframework.cloud.netflix.ribbon.RibbonAutoConfiguration'
2020-03-14 21:56:50.770 [main] DEBUG o.s.c.a.ConfigurationClassBeanDefinitionReader - Registering bean definition for @Bean method org.springframework.cloud.netflix.ribbon.RibbonAutoConfiguration.ribbonFeature()
2020-03-14 21:56:50.770 [main] DEBUG o.s.c.a.ConfigurationClassBeanDefinitionReader - Registering bean definition for @Bean method org.springframework.cloud.netflix.ribbon.RibbonAutoConfiguration.springClientFactory()
2020-03-14 21:56:50.774 [main] DEBUG o.s.b.f.s.DefaultListableBeanFactory - Returning cached instance of singleton bean 'org.springframework.boot.autoconfigure.condition.BeanTypeRegistry'
2020-03-14 21:56:50.787 [main] DEBUG o.s.b.f.s.DefaultListableBeanFactory - Returning cached instance of singleton bean 'org.springframework.boot.autoconfigure.condition.BeanTypeRegistry'
2020-03-14 21:56:50.788 [main] DEBUG o.s.b.f.s.DefaultListableBeanFactory - Returning cached instance of singleton bean 'autoConfigurationReport'
2020-03-14 21:56:50.789 [main] DEBUG o.s.c.a.ConfigurationClassBeanDefinitionReader - Registering bean definition for @Bean method org.springframework.cloud.netflix.ribbon.RibbonAutoConfiguration.loadBalancerClient()
2020-03-14 21:56:50.791 [main] DEBUG o.s.b.f.s.DefaultListableBeanFactory - Returning cached instance of singleton bean 'autoConfigurationReport'
2020-03-14 21:56:50.793 [main] DEBUG o.s.b.f.s.DefaultListableBeanFactory - Returning cached instance of singleton bean 'org.springframework.boot.autoconfigure.condition.BeanTypeRegistry'
2020-03-14 21:56:50.795 [main] DEBUG o.s.b.f.s.DefaultListableBeanFactory - Returning cached instance of singleton bean 'org.springframework.boot.autoconfigure.condition.BeanTypeRegistry'
2020-03-14 21:56:50.795 [main] DEBUG o.s.b.f.s.DefaultListableBeanFactory - Returning cached instance of singleton bean 'autoConfigurationReport'
2020-03-14 21:56:50.795 [main] DEBUG o.s.c.a.ConfigurationClassBeanDefinitionReader - Registering bean definition for @Bean method org.springframework.cloud.netflix.ribbon.RibbonAutoConfiguration.propertiesFactory()
2020-03-14 21:56:50.795 [main] DEBUG o.s.b.f.s.DefaultListableBeanFactory - Returning cached instance of singleton bean 'autoConfigurationReport'
2020-03-14 21:56:50.800 [main] DEBUG o.s.b.f.s.DefaultListableBeanFactory - Returning cached instance of singleton bean 'autoConfigurationReport'
2020-03-14 21:56:50.800 [main] DEBUG o.s.b.f.s.DefaultListableBeanFactory - Returning cached instance of singleton bean 'org.springframework.boot.autoconfigure.condition.BeanTypeRegistry'
2020-03-14 21:56:50.802 [main] DEBUG o.s.b.f.s.DefaultListableBeanFactory - Returning cached instance of singleton bean 'org.springframework.boot.autoconfigure.condition.BeanTypeRegistry'
2020-03-14 21:56:50.802 [main] DEBUG o.s.b.f.s.DefaultListableBeanFactory - Returning cached instance of singleton bean 'autoConfigurationReport'
2020-03-14 21:56:50.802 [main] DEBUG o.s.c.a.ConfigurationClassBeanDefinitionReader - Registered bean definition for imported class 'org.springframework.cloud.client.loadbalancer.AsyncLoadBalancerAutoConfiguration$LoadBalancerInterceptorConfig'
2020-03-14 21:56:50.802 [main] DEBUG o.s.c.a.ConfigurationClassBeanDefinitionReader - Registering bean definition for @Bean method org.springframework.cloud.client.loadbalancer.AsyncLoadBalancerAutoConfiguration$LoadBalancerInterceptorConfig.asyncLoadBalancerInterceptor()
2020-03-14 21:56:50.803 [main] DEBUG o.s.c.a.ConfigurationClassBeanDefinitionReader - Registering bean definition for @Bean method org.springframework.cloud.client.loadbalancer.AsyncLoadBalancerAutoConfiguration$LoadBalancerInterceptorConfig.asyncRestTemplateCustomizer()
2020-03-14 21:56:50.803 [main] DEBUG o.s.c.a.ConfigurationClassBeanDefinitionReader - Registered bean definition for imported class 'org.springframework.cloud.client.loadbalancer.AsyncLoadBalancerAutoConfiguration$AsyncRestTemplateCustomizerConfig'
2020-03-14 21:56:50.803 [main] DEBUG o.s.c.a.ConfigurationClassBeanDefinitionReader - Registering bean definition for @Bean method org.springframework.cloud.client.loadbalancer.AsyncLoadBalancerAutoConfiguration$AsyncRestTemplateCustomizerConfig.loadBalancedAsyncRestTemplateInitializer()
2020-03-14 21:56:50.803 [main] DEBUG o.s.c.a.ConfigurationClassBeanDefinitionReader - Registered bean definition for imported class 'org.springframework.cloud.client.loadbalancer.AsyncLoadBalancerAutoConfiguration'
2020-03-14 21:56:50.803 [main] DEBUG o.s.b.f.s.DefaultListableBeanFactory - Returning cached instance of singleton bean 'autoConfigurationReport'
2020-03-14 21:56:50.803 [main] DEBUG o.s.b.f.s.DefaultListableBeanFactory - Returning cached instance of singleton bean 'org.springframework.boot.autoconfigure.condition.BeanTypeRegistry'
2020-03-14 21:56:50.818 [main] DEBUG o.s.b.f.s.DefaultListableBeanFactory - Returning cached instance of singleton bean 'org.springframework.boot.autoconfigure.condition.BeanTypeRegistry'
2020-03-14 21:56:50.819 [main] DEBUG o.s.b.f.s.DefaultListableBeanFactory - Returning cached instance of singleton bean 'autoConfigurationReport'
2020-03-14 21:56:50.825 [main] DEBUG o.s.b.f.s.DefaultListableBeanFactory - Returning cached instance of singleton bean 'autoConfigurationReport'
2020-03-14 21:56:50.826 [main] DEBUG o.s.c.a.ConfigurationClassBeanDefinitionReader - Registered bean definition for imported class 'org.springframework.cloud.client.loadbalancer.LoadBalancerAutoConfiguration$LoadBalancerInterceptorConfig'
2020-03-14 21:56:50.827 [main] DEBUG o.s.c.a.ConfigurationClassBeanDefinitionReader - Registering bean definition for @Bean method org.springframework.cloud.client.loadbalancer.LoadBalancerAutoConfiguration$LoadBalancerInterceptorConfig.ribbonInterceptor()
2020-03-14 21:56:50.828 [main] DEBUG o.s.b.f.s.DefaultListableBeanFactory - Returning cached instance of singleton bean 'org.springframework.boot.autoconfigure.condition.BeanTypeRegistry'
2020-03-14 21:56:50.833 [main] DEBUG o.s.b.f.s.DefaultListableBeanFactory - Returning cached instance of singleton bean 'org.springframework.boot.autoconfigure.condition.BeanTypeRegistry'
2020-03-14 21:56:50.833 [main] DEBUG o.s.b.f.s.DefaultListableBeanFactory - Returning cached instance of singleton bean 'autoConfigurationReport'
2020-03-14 21:56:50.834 [main] DEBUG o.s.c.a.ConfigurationClassBeanDefinitionReader - Registering bean definition for @Bean method org.springframework.cloud.client.loadbalancer.LoadBalancerAutoConfiguration$LoadBalancerInterceptorConfig.restTemplateCustomizer()
2020-03-14 21:56:50.835 [main] DEBUG o.s.c.a.ConfigurationClassBeanDefinitionReader - Registered bean definition for imported class 'org.springframework.cloud.client.loadbalancer.LoadBalancerAutoConfiguration'
2020-03-14 21:56:50.835 [main] DEBUG o.s.c.a.ConfigurationClassBeanDefinitionReader - Registering bean definition for @Bean method org.springframework.cloud.client.loadbalancer.LoadBalancerAutoConfiguration.loadBalancedRestTemplateInitializerDeprecated()
2020-03-14 21:56:50.835 [main] DEBUG o.s.b.f.s.DefaultListableBeanFactory - Returning cached instance of singleton bean 'org.springframework.boot.autoconfigure.condition.BeanTypeRegistry'
2020-03-14 21:56:50.836 [main] DEBUG o.s.b.f.s.DefaultListableBeanFactory - Returning cached instance of singleton bean 'org.springframework.boot.autoconfigure.condition.BeanTypeRegistry'
2020-03-14 21:56:50.837 [main] DEBUG o.s.b.f.s.DefaultListableBeanFactory - Returning cached instance of singleton bean 'autoConfigurationReport'
2020-03-14 21:56:50.838 [main] DEBUG o.s.c.a.ConfigurationClassBeanDefinitionReader - Registering bean definition for @Bean method org.springframework.cloud.client.loadbalancer.LoadBalancerAutoConfiguration.loadBalancerRequestFactory()
2020-03-14 21:56:50.838 [main] DEBUG o.s.b.f.s.DefaultListableBeanFactory - Returning cached instance of singleton bean 'autoConfigurationReport'
2020-03-14 21:56:50.839 [main] DEBUG o.s.b.f.s.DefaultListableBeanFactory - Returning cached instance of singleton bean 'org.springframework.boot.autoconfigure.condition.BeanTypeRegistry'
2020-03-14 21:56:50.841 [main] DEBUG o.s.b.f.s.DefaultListableBeanFactory - Returning cached instance of singleton bean 'org.springframework.boot.autoconfigure.condition.BeanTypeRegistry'
2020-03-14 21:56:50.841 [main] DEBUG o.s.b.f.s.DefaultListableBeanFactory - Returning cached instance of singleton bean 'autoConfigurationReport'
2020-03-14 21:56:50.842 [main] DEBUG o.s.c.a.ConfigurationClassBeanDefinitionReader - Registered bean definition for imported class 'org.springframework.cloud.client.serviceregistry.ServiceRegistryAutoConfiguration$ServiceRegistryEndpointConfiguration'
2020-03-14 21:56:50.844 [main] DEBUG o.s.c.e.PropertySourcesPropertyResolver - Could not find key 'management.endpoint.service-registry.enabled' in any property source
2020-03-14 21:56:50.844 [main] DEBUG o.s.b.f.s.DefaultListableBeanFactory - Returning cached instance of singleton bean 'autoConfigurationReport'
2020-03-14 21:56:50.845 [main] DEBUG o.s.c.a.ConfigurationClassBeanDefinitionReader - Registering bean definition for @Bean method org.springframework.cloud.client.serviceregistry.ServiceRegistryAutoConfiguration$ServiceRegistryEndpointConfiguration.serviceRegistryEndpoint()
2020-03-14 21:56:50.845 [main] DEBUG o.s.c.a.ConfigurationClassBeanDefinitionReader - Registered bean definition for imported class 'org.springframework.cloud.client.serviceregistry.ServiceRegistryAutoConfiguration'
2020-03-14 21:56:50.846 [main] DEBUG o.s.b.f.s.DefaultListableBeanFactory - Returning cached instance of singleton bean 'autoConfigurationReport'
2020-03-14 21:56:50.846 [main] DEBUG o.s.b.f.s.DefaultListableBeanFactory - Returning cached instance of singleton bean 'autoConfigurationReport'
2020-03-14 21:56:50.847 [main] DEBUG o.s.c.a.ConfigurationClassBeanDefinitionReader - Registered bean definition for imported class 'org.springframework.cloud.commons.httpclient.HttpClientConfiguration$OkHttpClientConfiguration'
2020-03-14 21:56:50.852 [main] DEBUG o.s.b.f.s.DefaultListableBeanFactory - Returning cached instance of singleton bean 'org.springframework.boot.autoconfigure.condition.BeanTypeRegistry'
2020-03-14 21:56:50.859 [main] DEBUG o.s.b.f.s.DefaultListableBeanFactory - Returning cached instance of singleton bean 'org.springframework.boot.autoconfigure.condition.BeanTypeRegistry'
2020-03-14 21:56:50.860 [main] DEBUG o.s.b.f.s.DefaultListableBeanFactory - Returning cached instance of singleton bean 'autoConfigurationReport'
2020-03-14 21:56:50.860 [main] DEBUG o.s.c.a.ConfigurationClassBeanDefinitionReader - Registering bean definition for @Bean method org.springframework.cloud.commons.httpclient.HttpClientConfiguration$OkHttpClientConfiguration.connPoolFactory()
2020-03-14 21:56:50.863 [main] DEBUG o.s.b.f.s.DefaultListableBeanFactory - Returning cached instance of singleton bean 'org.springframework.boot.autoconfigure.condition.BeanTypeRegistry'
2020-03-14 21:56:50.869 [main] DEBUG o.s.b.f.s.DefaultListableBeanFactory - Returning cached instance of singleton bean 'org.springframework.boot.autoconfigure.condition.BeanTypeRegistry'
2020-03-14 21:56:50.870 [main] DEBUG o.s.b.f.s.DefaultListableBeanFactory - Returning cached instance of singleton bean 'autoConfigurationReport'
2020-03-14 21:56:50.870 [main] DEBUG o.s.c.a.ConfigurationClassBeanDefinitionReader - Registering bean definition for @Bean method org.springframework.cloud.commons.httpclient.HttpClientConfiguration$OkHttpClientConfiguration.okHttpClientBuilder()
2020-03-14 21:56:50.871 [main] DEBUG o.s.b.f.s.DefaultListableBeanFactory - Returning cached instance of singleton bean 'org.springframework.boot.autoconfigure.condition.BeanTypeRegistry'
2020-03-14 21:56:50.873 [main] DEBUG o.s.b.f.s.DefaultListableBeanFactory - Returning cached instance of singleton bean 'org.springframework.boot.autoconfigure.condition.BeanTypeRegistry'
2020-03-14 21:56:50.873 [main] DEBUG o.s.b.f.s.DefaultListableBeanFactory - Returning cached instance of singleton bean 'autoConfigurationReport'
2020-03-14 21:56:50.874 [main] DEBUG o.s.c.a.ConfigurationClassBeanDefinitionReader - Registering bean definition for @Bean method org.springframework.cloud.commons.httpclient.HttpClientConfiguration$OkHttpClientConfiguration.okHttpClientFactory()
2020-03-14 21:56:50.875 [main] DEBUG o.s.b.f.s.DefaultListableBeanFactory - Returning cached instance of singleton bean 'autoConfigurationReport'
2020-03-14 21:56:50.875 [main] DEBUG o.s.b.f.s.DefaultListableBeanFactory - Returning cached instance of singleton bean 'autoConfigurationReport'
2020-03-14 21:56:50.875 [main] DEBUG o.s.c.a.ConfigurationClassBeanDefinitionReader - Registered bean definition for imported class 'org.springframework.cloud.commons.httpclient.HttpClientConfiguration$ApacheHttpClientConfiguration'
2020-03-14 21:56:50.877 [main] DEBUG o.s.b.f.s.DefaultListableBeanFactory - Returning cached instance of singleton bean 'org.springframework.boot.autoconfigure.condition.BeanTypeRegistry'
2020-03-14 21:56:50.886 [main] DEBUG o.s.b.f.s.DefaultListableBeanFactory - Returning cached instance of singleton bean 'org.springframework.boot.autoconfigure.condition.BeanTypeRegistry'
2020-03-14 21:56:50.886 [main] DEBUG o.s.b.f.s.DefaultListableBeanFactory - Returning cached instance of singleton bean 'autoConfigurationReport'
2020-03-14 21:56:50.887 [main] DEBUG o.s.c.a.ConfigurationClassBeanDefinitionReader - Registering bean definition for @Bean method org.springframework.cloud.commons.httpclient.HttpClientConfiguration$ApacheHttpClientConfiguration.connManFactory()
2020-03-14 21:56:50.892 [main] DEBUG o.s.b.f.s.DefaultListableBeanFactory - Returning cached instance of singleton bean 'org.springframework.boot.autoconfigure.condition.BeanTypeRegistry'
2020-03-14 21:56:50.894 [main] DEBUG o.s.b.f.s.DefaultListableBeanFactory - Returning cached instance of singleton bean 'org.springframework.boot.autoconfigure.condition.BeanTypeRegistry'
2020-03-14 21:56:50.895 [main] DEBUG o.s.b.f.s.DefaultListableBeanFactory - Returning cached instance of singleton bean 'autoConfigurationReport'
2020-03-14 21:56:50.895 [main] DEBUG o.s.c.a.ConfigurationClassBeanDefinitionReader - Registering bean definition for @Bean method org.springframework.cloud.commons.httpclient.HttpClientConfiguration$ApacheHttpClientConfiguration.apacheHttpClientBuilder()
2020-03-14 21:56:50.896 [main] DEBUG o.s.b.f.s.DefaultListableBeanFactory - Returning cached instance of singleton bean 'org.springframework.boot.autoconfigure.condition.BeanTypeRegistry'
2020-03-14 21:56:50.897 [main] DEBUG o.s.b.f.s.DefaultListableBeanFactory - Returning cached instance of singleton bean 'org.springframework.boot.autoconfigure.condition.BeanTypeRegistry'
2020-03-14 21:56:50.897 [main] DEBUG o.s.b.f.s.DefaultListableBeanFactory - Returning cached instance of singleton bean 'autoConfigurationReport'
2020-03-14 21:56:50.897 [main] DEBUG o.s.c.a.ConfigurationClassBeanDefinitionReader - Registering bean definition for @Bean method org.springframework.cloud.commons.httpclient.HttpClientConfiguration$ApacheHttpClientConfiguration.apacheHttpClientFactory()
2020-03-14 21:56:50.897 [main] DEBUG o.s.c.a.ConfigurationClassBeanDefinitionReader - Registered bean definition for imported class 'org.springframework.cloud.commons.httpclient.HttpClientConfiguration'
2020-03-14 21:56:50.898 [main] DEBUG o.s.b.f.s.DefaultListableBeanFactory - Returning cached instance of singleton bean 'autoConfigurationReport'
2020-03-14 21:56:50.898 [main] DEBUG o.s.c.a.ConfigurationClassBeanDefinitionReader - Registered bean definition for imported class 'org.springframework.cloud.commons.util.UtilAutoConfiguration'
2020-03-14 21:56:50.898 [main] DEBUG o.s.c.a.ConfigurationClassBeanDefinitionReader - Registering bean definition for @Bean method org.springframework.cloud.commons.util.UtilAutoConfiguration.inetUtilsProperties()
2020-03-14 21:56:50.899 [main] DEBUG o.s.b.f.s.DefaultListableBeanFactory - Returning cached instance of singleton bean 'org.springframework.boot.autoconfigure.condition.BeanTypeRegistry'
2020-03-14 21:56:50.902 [main] DEBUG o.s.b.f.s.DefaultListableBeanFactory - Returning cached instance of singleton bean 'org.springframework.boot.autoconfigure.condition.BeanTypeRegistry'
2020-03-14 21:56:50.904 [main] DEBUG o.s.b.f.s.DefaultListableBeanFactory - Returning cached instance of singleton bean 'autoConfigurationReport'
2020-03-14 21:56:50.906 [main] DEBUG o.s.c.a.ConfigurationClassBeanDefinitionReader - Registering bean definition for @Bean method org.springframework.cloud.commons.util.UtilAutoConfiguration.inetUtils()
2020-03-14 21:56:50.907 [main] DEBUG o.s.b.f.s.DefaultListableBeanFactory - Returning cached instance of singleton bean 'autoConfigurationReport'
2020-03-14 21:56:50.907 [main] DEBUG o.s.b.f.s.DefaultListableBeanFactory - Returning cached instance of singleton bean 'autoConfigurationReport'
2020-03-14 21:56:50.908 [main] DEBUG o.s.b.f.s.DefaultListableBeanFactory - Returning cached instance of singleton bean 'autoConfigurationReport'
2020-03-14 21:56:50.909 [main] DEBUG o.s.c.a.ConfigurationClassBeanDefinitionReader - Registered bean definition for imported class 'org.springframework.cloud.netflix.hystrix.HystrixAutoConfiguration$HystrixMetricsConfiguration'
2020-03-14 21:56:50.909 [main] DEBUG o.s.c.a.ConfigurationClassBeanDefinitionReader - Registering bean definition for @Bean method org.springframework.cloud.netflix.hystrix.HystrixAutoConfiguration$HystrixMetricsConfiguration.hystrixMetricsBinder()
2020-03-14 21:56:50.909 [main] DEBUG o.s.c.a.ConfigurationClassBeanDefinitionReader - Registered bean definition for imported class 'org.springframework.cloud.netflix.hystrix.HystrixAutoConfiguration'
2020-03-14 21:56:50.910 [main] DEBUG o.s.c.e.PropertySourcesPropertyResolver - Could not find key 'management.health.defaults.enabled' in any property source
2020-03-14 21:56:50.910 [main] DEBUG o.s.b.f.s.DefaultListableBeanFactory - Returning cached instance of singleton bean 'autoConfigurationReport'
2020-03-14 21:56:50.910 [main] DEBUG o.s.c.a.ConfigurationClassBeanDefinitionReader - Registering bean definition for @Bean method org.springframework.cloud.netflix.hystrix.HystrixAutoConfiguration.hystrixHealthIndicator()
2020-03-14 21:56:50.911 [main] DEBUG o.s.b.f.s.DefaultListableBeanFactory - Returning cached instance of singleton bean 'autoConfigurationReport'
2020-03-14 21:56:50.916 [main] DEBUG o.s.b.f.s.DefaultListableBeanFactory - Returning cached instance of singleton bean 'autoConfigurationReport'
2020-03-14 21:56:50.924 [main] DEBUG o.s.b.f.s.DefaultListableBeanFactory - Returning cached instance of singleton bean 'org.springframework.boot.autoconfigure.condition.BeanTypeRegistry'
2020-03-14 21:56:50.930 [main] DEBUG o.s.b.f.s.DefaultListableBeanFactory - Returning cached instance of singleton bean 'org.springframework.boot.autoconfigure.condition.BeanTypeRegistry'
2020-03-14 21:56:50.939 [main] DEBUG o.s.b.f.s.DefaultListableBeanFactory - Returning cached instance of singleton bean 'org.springframework.boot.autoconfigure.condition.BeanTypeRegistry'
2020-03-14 21:56:50.940 [main] DEBUG o.s.b.f.s.DefaultListableBeanFactory - Returning cached instance of singleton bean 'org.springframework.boot.autoconfigure.condition.BeanTypeRegistry'
2020-03-14 21:56:50.940 [main] DEBUG o.s.b.f.s.DefaultListableBeanFactory - Returning cached instance of singleton bean 'autoConfigurationReport'
2020-03-14 21:56:50.942 [main] DEBUG o.s.c.a.ConfigurationClassBeanDefinitionReader - Registered bean definition for imported class 'org.springframework.cloud.netflix.ribbon.eureka.RibbonEurekaAutoConfiguration'
2020-03-14 21:56:50.942 [main] DEBUG o.s.b.f.s.DefaultListableBeanFactory - Returning cached instance of singleton bean 'autoConfigurationReport'
2020-03-14 21:56:50.943 [main] DEBUG o.s.c.a.ConfigurationClassBeanDefinitionReader - Registered bean definition for imported class 'org.springframework.cloud.openfeign.ribbon.DefaultFeignLoadBalancedConfiguration'
2020-03-14 21:56:50.943 [main] DEBUG o.s.b.f.s.DefaultListableBeanFactory - Returning cached instance of singleton bean 'org.springframework.boot.autoconfigure.condition.BeanTypeRegistry'
2020-03-14 21:56:50.947 [main] DEBUG o.s.b.f.s.DefaultListableBeanFactory - Returning cached instance of singleton bean 'org.springframework.boot.autoconfigure.condition.BeanTypeRegistry'
2020-03-14 21:56:50.947 [main] DEBUG o.s.b.f.s.DefaultListableBeanFactory - Returning cached instance of singleton bean 'autoConfigurationReport'
2020-03-14 21:56:50.951 [main] DEBUG o.s.c.a.ConfigurationClassBeanDefinitionReader - Registering bean definition for @Bean method org.springframework.cloud.openfeign.ribbon.DefaultFeignLoadBalancedConfiguration.feignClient()
2020-03-14 21:56:50.960 [main] DEBUG o.s.c.a.ConfigurationClassBeanDefinitionReader - Registered bean definition for imported class 'org.springframework.cloud.openfeign.ribbon.FeignRibbonClientAutoConfiguration'
2020-03-14 21:56:50.962 [main] DEBUG o.s.b.f.s.DefaultListableBeanFactory - Returning cached instance of singleton bean 'autoConfigurationReport'
2020-03-14 21:56:50.962 [main] DEBUG o.s.c.a.ConfigurationClassBeanDefinitionReader - Registering bean definition for @Bean method org.springframework.cloud.openfeign.ribbon.FeignRibbonClientAutoConfiguration.cachingLBClientFactory()
2020-03-14 21:56:50.963 [main] DEBUG o.s.b.f.s.DefaultListableBeanFactory - Returning cached instance of singleton bean 'autoConfigurationReport'
2020-03-14 21:56:50.965 [main] DEBUG o.s.b.f.s.DefaultListableBeanFactory - Returning cached instance of singleton bean 'org.springframework.boot.autoconfigure.condition.BeanTypeRegistry'
2020-03-14 21:56:50.967 [main] DEBUG o.s.b.f.s.DefaultListableBeanFactory - Returning cached instance of singleton bean 'org.springframework.boot.autoconfigure.condition.BeanTypeRegistry'
2020-03-14 21:56:50.967 [main] DEBUG o.s.b.f.s.DefaultListableBeanFactory - Returning cached instance of singleton bean 'autoConfigurationReport'
2020-03-14 21:56:50.967 [main] DEBUG o.s.c.a.ConfigurationClassBeanDefinitionReader - Registering bean definition for @Bean method org.springframework.cloud.openfeign.ribbon.FeignRibbonClientAutoConfiguration.feignRequestOptions()
2020-03-14 21:56:50.968 [main] DEBUG o.s.b.f.s.DefaultListableBeanFactory - Returning cached instance of singleton bean 'autoConfigurationReport'
2020-03-14 21:56:50.968 [main] DEBUG o.s.b.f.s.DefaultListableBeanFactory - Returning cached instance of singleton bean 'autoConfigurationReport'
2020-03-14 21:56:50.968 [main] DEBUG o.s.c.a.ConfigurationClassBeanDefinitionReader - Registered bean definition for imported class 'org.springframework.cloud.openfeign.FeignAutoConfiguration$HystrixFeignTargeterConfiguration'
2020-03-14 21:56:50.970 [main] DEBUG o.s.b.f.s.DefaultListableBeanFactory - Returning cached instance of singleton bean 'org.springframework.boot.autoconfigure.condition.BeanTypeRegistry'
2020-03-14 21:56:50.975 [main] DEBUG o.s.b.f.s.DefaultListableBeanFactory - Returning cached instance of singleton bean 'org.springframework.boot.autoconfigure.condition.BeanTypeRegistry'
2020-03-14 21:56:50.975 [main] DEBUG o.s.b.f.s.DefaultListableBeanFactory - Returning cached instance of singleton bean 'autoConfigurationReport'
2020-03-14 21:56:50.975 [main] DEBUG o.s.c.a.ConfigurationClassBeanDefinitionReader - Registering bean definition for @Bean method org.springframework.cloud.openfeign.FeignAutoConfiguration$HystrixFeignTargeterConfiguration.feignTargeter()
2020-03-14 21:56:50.977 [main] DEBUG o.s.c.a.ConfigurationClassBeanDefinitionReader - Registered bean definition for imported class 'org.springframework.cloud.openfeign.FeignAutoConfiguration'
2020-03-14 21:56:50.977 [main] DEBUG o.s.c.a.ConfigurationClassBeanDefinitionReader - Registering bean definition for @Bean method org.springframework.cloud.openfeign.FeignAutoConfiguration.feignFeature()
2020-03-14 21:56:50.978 [main] DEBUG o.s.c.a.ConfigurationClassBeanDefinitionReader - Registering bean definition for @Bean method org.springframework.cloud.openfeign.FeignAutoConfiguration.feignContext()
2020-03-14 21:56:50.981 [main] DEBUG o.s.b.f.s.DefaultListableBeanFactory - Returning cached instance of singleton bean 'autoConfigurationReport'
2020-03-14 21:56:50.982 [main] DEBUG o.s.b.f.s.DefaultListableBeanFactory - Returning cached instance of singleton bean 'autoConfigurationReport'
2020-03-14 21:56:50.988 [main] DEBUG o.s.b.f.s.DefaultListableBeanFactory - Returning cached instance of singleton bean 'org.springframework.boot.autoconfigure.condition.BeanTypeRegistry'
2020-03-14 21:56:50.994 [main] DEBUG o.s.b.f.s.DefaultListableBeanFactory - Returning cached instance of singleton bean 'org.springframework.boot.autoconfigure.condition.BeanTypeRegistry'
2020-03-14 21:56:50.995 [main] DEBUG o.s.b.f.s.DefaultListableBeanFactory - Returning cached instance of singleton bean 'org.springframework.boot.autoconfigure.condition.BeanTypeRegistry'
2020-03-14 21:56:50.996 [main] DEBUG o.s.b.f.s.DefaultListableBeanFactory - Returning cached instance of singleton bean 'org.springframework.boot.autoconfigure.condition.BeanTypeRegistry'
2020-03-14 21:56:50.997 [main] DEBUG o.s.b.f.s.DefaultListableBeanFactory - Returning cached instance of singleton bean 'autoConfigurationReport'
2020-03-14 21:56:50.997 [main] DEBUG o.s.c.e.PropertySourcesPropertyResolver - Found key 'server.port' in PropertySource 'configurationProperties' with value of type String
2020-03-14 21:56:50.998 [main] DEBUG o.s.c.e.PropertySourcesPropertyResolver - Could not find key 'management.server.port' in any property source
2020-03-14 21:56:50.998 [main] DEBUG o.s.b.f.s.DefaultListableBeanFactory - Returning cached instance of singleton bean 'autoConfigurationReport'
2020-03-14 21:56:50.998 [main] DEBUG o.s.b.f.s.DefaultListableBeanFactory - Returning cached instance of singleton bean 'autoConfigurationReport'
2020-03-14 21:56:50.998 [main] DEBUG o.s.c.a.ConfigurationClassBeanDefinitionReader - Registered bean definition for imported class 'org.springframework.boot.actuate.autoconfigure.endpoint.web.ServletEndpointManagementContextConfiguration'
2020-03-14 21:56:50.999 [main] DEBUG o.s.c.a.ConfigurationClassBeanDefinitionReader - Registering bean definition for @Bean method org.springframework.boot.actuate.autoconfigure.endpoint.web.ServletEndpointManagementContextConfiguration.servletEndpointRegistrar()
2020-03-14 21:56:50.999 [main] DEBUG o.s.c.a.ConfigurationClassBeanDefinitionReader - Registering bean definition for @Bean method org.springframework.boot.actuate.autoconfigure.endpoint.web.ServletEndpointManagementContextConfiguration.servletExposeExcludePropertyEndpointFilter()
2020-03-14 21:56:50.999 [main] DEBUG o.s.b.f.s.DefaultListableBeanFactory - Returning cached instance of singleton bean 'autoConfigurationReport'
2020-03-14 21:56:50.999 [main] DEBUG o.s.b.f.s.DefaultListableBeanFactory - Returning cached instance of singleton bean 'autoConfigurationReport'
2020-03-14 21:56:50.999 [main] DEBUG o.s.b.f.s.DefaultListableBeanFactory - Returning cached instance of singleton bean 'org.springframework.boot.autoconfigure.condition.BeanTypeRegistry'
2020-03-14 21:56:51.006 [main] DEBUG o.s.b.f.s.DefaultListableBeanFactory - Returning cached instance of singleton bean 'org.springframework.boot.autoconfigure.condition.BeanTypeRegistry'
2020-03-14 21:56:51.007 [main] DEBUG o.s.b.f.s.DefaultListableBeanFactory - Returning cached instance of singleton bean 'org.springframework.boot.autoconfigure.condition.BeanTypeRegistry'
2020-03-14 21:56:51.019 [main] DEBUG o.s.b.f.s.DefaultListableBeanFactory - Returning cached instance of singleton bean 'org.springframework.boot.autoconfigure.condition.BeanTypeRegistry'
2020-03-14 21:56:51.022 [main] DEBUG o.s.b.f.s.DefaultListableBeanFactory - Returning cached instance of singleton bean 'autoConfigurationReport'
2020-03-14 21:56:51.026 [main] DEBUG o.s.c.a.ConfigurationClassBeanDefinitionReader - Registered bean definition for imported class 'org.springframework.boot.actuate.autoconfigure.endpoint.web.servlet.WebMvcEndpointManagementContextConfiguration'
2020-03-14 21:56:51.029 [main] DEBUG o.s.b.f.s.DefaultListableBeanFactory - Returning cached instance of singleton bean 'org.springframework.boot.autoconfigure.condition.BeanTypeRegistry'
2020-03-14 21:56:51.031 [main] DEBUG o.s.b.f.s.DefaultListableBeanFactory - Returning cached instance of singleton bean 'org.springframework.boot.autoconfigure.condition.BeanTypeRegistry'
2020-03-14 21:56:51.031 [main] DEBUG o.s.b.f.s.DefaultListableBeanFactory - Returning cached instance of singleton bean 'autoConfigurationReport'
2020-03-14 21:56:51.031 [main] DEBUG o.s.c.a.ConfigurationClassBeanDefinitionReader - Registering bean definition for @Bean method org.springframework.boot.actuate.autoconfigure.endpoint.web.servlet.WebMvcEndpointManagementContextConfiguration.webEndpointServletHandlerMapping()
2020-03-14 21:56:51.032 [main] DEBUG o.s.b.f.s.DefaultListableBeanFactory - Returning cached instance of singleton bean 'org.springframework.boot.autoconfigure.condition.BeanTypeRegistry'
2020-03-14 21:56:51.034 [main] DEBUG o.s.b.f.s.DefaultListableBeanFactory - Returning cached instance of singleton bean 'org.springframework.boot.autoconfigure.condition.BeanTypeRegistry'
2020-03-14 21:56:51.034 [main] DEBUG o.s.b.f.s.DefaultListableBeanFactory - Returning cached instance of singleton bean 'autoConfigurationReport'
2020-03-14 21:56:51.035 [main] DEBUG o.s.c.a.ConfigurationClassBeanDefinitionReader - Registering bean definition for @Bean method org.springframework.boot.actuate.autoconfigure.endpoint.web.servlet.WebMvcEndpointManagementContextConfiguration.controllerEndpointHandlerMapping()
2020-03-14 21:56:51.035 [main] DEBUG o.s.c.a.ConfigurationClassBeanDefinitionReader - Registered bean definition for imported class 'org.springframework.boot.actuate.autoconfigure.web.server.ManagementContextAutoConfiguration$SameManagementContextConfiguration$EnableSameManagementContextConfiguration'
2020-03-14 21:56:51.035 [main] DEBUG o.s.c.a.ConfigurationClassBeanDefinitionReader - Registered bean definition for imported class 'org.springframework.boot.actuate.autoconfigure.web.server.ManagementContextAutoConfiguration$SameManagementContextConfiguration'
2020-03-14 21:56:51.036 [main] DEBUG o.s.c.a.ConfigurationClassBeanDefinitionReader - Registered bean definition for imported class 'org.springframework.boot.actuate.autoconfigure.web.server.ManagementContextAutoConfiguration'
2020-03-14 21:56:51.149 [main] DEBUG o.s.b.f.s.DefaultListableBeanFactory - Creating shared instance of singleton bean 'refreshScope'
2020-03-14 21:56:51.149 [main] DEBUG o.s.b.f.s.DefaultListableBeanFactory - Creating instance of bean 'refreshScope'
2020-03-14 21:56:51.153 [main] DEBUG o.s.b.f.s.DefaultListableBeanFactory - Eagerly caching bean 'refreshScope' to allow for resolving potential circular references
2020-03-14 21:56:51.154 [main] DEBUG o.s.b.f.s.DefaultListableBeanFactory - Finished creating instance of bean 'refreshScope'
2020-03-14 21:56:51.159 [main] DEBUG o.s.b.f.s.DefaultListableBeanFactory - Creating shared instance of singleton bean 'org.springframework.cloud.autoconfigure.RefreshAutoConfiguration$RefreshScopeBeanDefinitionEnhancer'
2020-03-14 21:56:51.159 [main] DEBUG o.s.b.f.s.DefaultListableBeanFactory - Creating instance of bean 'org.springframework.cloud.autoconfigure.RefreshAutoConfiguration$RefreshScopeBeanDefinitionEnhancer'
2020-03-14 21:56:51.159 [main] DEBUG o.s.b.f.s.DefaultListableBeanFactory - Eagerly caching bean 'org.springframework.cloud.autoconfigure.RefreshAutoConfiguration$RefreshScopeBeanDefinitionEnhancer' to allow for resolving potential circular references
2020-03-14 21:56:51.159 [main] DEBUG o.s.b.f.s.DefaultListableBeanFactory - Finished creating instance of bean 'org.springframework.cloud.autoconfigure.RefreshAutoConfiguration$RefreshScopeBeanDefinitionEnhancer'
2020-03-14 21:56:51.161 [main] DEBUG o.s.b.f.s.DefaultListableBeanFactory - Creating shared instance of singleton bean 'com.ningmeng.manage_course.client.CmsPageClient'
2020-03-14 21:56:51.162 [main] DEBUG o.s.b.f.s.DefaultListableBeanFactory - Creating instance of bean 'com.ningmeng.manage_course.client.CmsPageClient'
2020-03-14 21:56:51.162 [main] DEBUG o.s.b.f.s.DefaultListableBeanFactory - Eagerly caching bean 'com.ningmeng.manage_course.client.CmsPageClient' to allow for resolving potential circular references
2020-03-14 21:56:51.177 [main] DEBUG o.s.b.f.s.DefaultListableBeanFactory - Invoking afterPropertiesSet() on bean with name 'com.ningmeng.manage_course.client.CmsPageClient'
2020-03-14 21:56:51.177 [main] DEBUG o.s.b.f.s.DefaultListableBeanFactory - Finished creating instance of bean 'com.ningmeng.manage_course.client.CmsPageClient'
2020-03-14 21:56:51.221 [main] DEBUG o.s.b.f.s.DefaultListableBeanFactory - Returning cached instance of singleton bean 'environment'
2020-03-14 21:56:51.360 [main] DEBUG o.s.c.a.ConfigurationClassEnhancer - Successfully enhanced com.ningmeng.manage_course.ManageCourseApplication; enhanced class name is: com.ningmeng.manage_course.ManageCourseApplication$$EnhancerBySpringCGLIB$$108c7d59
2020-03-14 21:56:51.360 [main] DEBUG o.s.c.a.ConfigurationClassPostProcessor - Replacing bean definition 'manageCourseApplication' existing class 'com.ningmeng.manage_course.ManageCourseApplication' with enhanced class 'com.ningmeng.manage_course.ManageCourseApplication$$EnhancerBySpringCGLIB$$108c7d59'
2020-03-14 21:56:51.364 [main] DEBUG o.s.c.a.ConfigurationClassEnhancer - Successfully enhanced com.ningmeng.manage_course.config.ResourceServerConfig; enhanced class name is: com.ningmeng.manage_course.config.ResourceServerConfig$$EnhancerBySpringCGLIB$$82983268
2020-03-14 21:56:51.364 [main] DEBUG o.s.c.a.ConfigurationClassPostProcessor - Replacing bean definition 'resourceServerConfig' existing class 'com.ningmeng.manage_course.config.ResourceServerConfig' with enhanced class 'com.ningmeng.manage_course.config.ResourceServerConfig$$EnhancerBySpringCGLIB$$82983268'
2020-03-14 21:56:51.367 [main] DEBUG o.s.c.a.ConfigurationClassEnhancer - Successfully enhanced com.ningmeng.api.config.Swagger2Configuration; enhanced class name is: com.ningmeng.api.config.Swagger2Configuration$$EnhancerBySpringCGLIB$$e7fee7f0
2020-03-14 21:56:51.367 [main] DEBUG o.s.c.a.ConfigurationClassPostProcessor - Replacing bean definition 'swagger2Configuration' existing class 'com.ningmeng.api.config.Swagger2Configuration' with enhanced class 'com.ningmeng.api.config.Swagger2Configuration$$EnhancerBySpringCGLIB$$e7fee7f0'
2020-03-14 21:56:51.382 [main] DEBUG o.s.c.a.ConfigurationClassEnhancer - Successfully enhanced org.springframework.security.oauth2.config.annotation.web.configuration.ResourceServerConfiguration; enhanced class name is: org.springframework.security.oauth2.config.annotation.web.configuration.ResourceServerConfiguration$$EnhancerBySpringCGLIB$$4dc3ffb2
2020-03-14 21:56:51.383 [main] DEBUG o.s.c.a.ConfigurationClassPostProcessor - Replacing bean definition 'org.springframework.security.oauth2.config.annotation.web.configuration.ResourceServerConfiguration' existing class 'org.springframework.security.oauth2.config.annotation.web.configuration.ResourceServerConfiguration' with enhanced class 'org.springframework.security.oauth2.config.annotation.web.configuration.ResourceServerConfiguration$$EnhancerBySpringCGLIB$$4dc3ffb2'
2020-03-14 21:56:51.392 [main] DEBUG o.s.c.a.ConfigurationClassEnhancer - Successfully enhanced org.springframework.security.config.annotation.configuration.ObjectPostProcessorConfiguration; enhanced class name is: org.springframework.security.config.annotation.configuration.ObjectPostProcessorConfiguration$$EnhancerBySpringCGLIB$$39f81c73
2020-03-14 21:56:51.393 [main] DEBUG o.s.c.a.ConfigurationClassPostProcessor - Replacing bean definition 'org.springframework.security.config.annotation.configuration.ObjectPostProcessorConfiguration' existing class 'org.springframework.security.config.annotation.configuration.ObjectPostProcessorConfiguration' with enhanced class 'org.springframework.security.config.annotation.configuration.ObjectPostProcessorConfiguration$$EnhancerBySpringCGLIB$$39f81c73'
2020-03-14 21:56:51.410 [main] DEBUG o.s.c.a.ConfigurationClassEnhancer - Successfully enhanced org.springframework.security.config.annotation.authentication.configuration.AuthenticationConfiguration; enhanced class name is: org.springframework.security.config.annotation.authentication.configuration.AuthenticationConfiguration$$EnhancerBySpringCGLIB$$85c126e8
2020-03-14 21:56:51.411 [main] DEBUG o.s.c.a.ConfigurationClassPostProcessor - Replacing bean definition 'org.springframework.security.config.annotation.authentication.configuration.AuthenticationConfiguration' existing class 'org.springframework.security.config.annotation.authentication.configuration.AuthenticationConfiguration' with enhanced class 'org.springframework.security.config.annotation.authentication.configuration.AuthenticationConfiguration$$EnhancerBySpringCGLIB$$85c126e8'
2020-03-14 21:56:51.416 [main] DEBUG o.s.c.a.ConfigurationClassEnhancer - Successfully enhanced org.springframework.security.config.annotation.method.configuration.GlobalMethodSecurityConfiguration; enhanced class name is: org.springframework.security.config.annotation.method.configuration.GlobalMethodSecurityConfiguration$$EnhancerBySpringCGLIB$$5eccbf25
2020-03-14 21:56:51.416 [main] DEBUG o.s.c.a.ConfigurationClassPostProcessor - Replacing bean definition 'org.springframework.security.config.annotation.method.configuration.GlobalMethodSecurityConfiguration' existing class 'org.springframework.security.config.annotation.method.configuration.GlobalMethodSecurityConfiguration' with enhanced class 'org.springframework.security.config.annotation.method.configuration.GlobalMethodSecurityConfiguration$$EnhancerBySpringCGLIB$$5eccbf25'
2020-03-14 21:56:51.421 [main] DEBUG o.s.c.a.ConfigurationClassEnhancer - Successfully enhanced springfox.documentation.schema.configuration.ModelsConfiguration; enhanced class name is: springfox.documentation.schema.configuration.ModelsConfiguration$$EnhancerBySpringCGLIB$$3e0bc685
2020-03-14 21:56:51.421 [main] DEBUG o.s.c.a.ConfigurationClassPostProcessor - Replacing bean definition 'springfox.documentation.schema.configuration.ModelsConfiguration' existing class 'springfox.documentation.schema.configuration.ModelsConfiguration' with enhanced class 'springfox.documentation.schema.configuration.ModelsConfiguration$$EnhancerBySpringCGLIB$$3e0bc685'
2020-03-14 21:56:51.434 [main] DEBUG o.s.c.a.ConfigurationClassEnhancer - Successfully enhanced springfox.documentation.spring.web.SpringfoxWebMvcConfiguration; enhanced class name is: springfox.documentation.spring.web.SpringfoxWebMvcConfiguration$$EnhancerBySpringCGLIB$$abb01327
2020-03-14 21:56:51.435 [main] DEBUG o.s.c.a.ConfigurationClassPostProcessor - Replacing bean definition 'springfox.documentation.spring.web.SpringfoxWebMvcConfiguration' existing class 'springfox.documentation.spring.web.SpringfoxWebMvcConfiguration' with enhanced class 'springfox.documentation.spring.web.SpringfoxWebMvcConfiguration$$EnhancerBySpringCGLIB$$abb01327'
2020-03-14 21:56:51.438 [main] DEBUG o.s.c.a.ConfigurationClassEnhancer - Successfully enhanced springfox.documentation.swagger.configuration.SwaggerCommonConfiguration; enhanced class name is: springfox.documentation.swagger.configuration.SwaggerCommonConfiguration$$EnhancerBySpringCGLIB$$746c599b
2020-03-14 21:56:51.438 [main] DEBUG o.s.c.a.ConfigurationClassPostProcessor - Replacing bean definition 'springfox.documentation.swagger.configuration.SwaggerCommonConfiguration' existing class 'springfox.documentation.swagger.configuration.SwaggerCommonConfiguration' with enhanced class 'springfox.documentation.swagger.configuration.SwaggerCommonConfiguration$$EnhancerBySpringCGLIB$$746c599b'
2020-03-14 21:56:51.443 [main] DEBUG o.s.c.a.ConfigurationClassEnhancer - Successfully enhanced springfox.documentation.swagger2.configuration.Swagger2DocumentationConfiguration; enhanced class name is: springfox.documentation.swagger2.configuration.Swagger2DocumentationConfiguration$$EnhancerBySpringCGLIB$$9ef9cd20
2020-03-14 21:56:51.444 [main] DEBUG o.s.c.a.ConfigurationClassPostProcessor - Replacing bean definition 'springfox.documentation.swagger2.configuration.Swagger2DocumentationConfiguration' existing class 'springfox.documentation.swagger2.configuration.Swagger2DocumentationConfiguration' with enhanced class 'springfox.documentation.swagger2.configuration.Swagger2DocumentationConfiguration$$EnhancerBySpringCGLIB$$9ef9cd20'
2020-03-14 21:56:51.445 [main] DEBUG o.s.c.a.ConfigurationClassEnhancer - Successfully enhanced org.springframework.boot.autoconfigure.context.PropertyPlaceholderAutoConfiguration; enhanced class name is: org.springframework.boot.autoconfigure.context.PropertyPlaceholderAutoConfiguration$$EnhancerBySpringCGLIB$$a200c672
2020-03-14 21:56:51.445 [main] DEBUG o.s.c.a.ConfigurationClassPostProcessor - Replacing bean definition 'org.springframework.boot.autoconfigure.context.PropertyPlaceholderAutoConfiguration' existing class 'org.springframework.boot.autoconfigure.context.PropertyPlaceholderAutoConfiguration' with enhanced class 'org.springframework.boot.autoconfigure.context.PropertyPlaceholderAutoConfiguration$$EnhancerBySpringCGLIB$$a200c672'
2020-03-14 21:56:51.448 [main] DEBUG o.s.c.a.ConfigurationClassEnhancer - Successfully enhanced org.springframework.boot.autoconfigure.websocket.servlet.WebSocketServletAutoConfiguration$TomcatWebSocketConfiguration; enhanced class name is: org.springframework.boot.autoconfigure.websocket.servlet.WebSocketServletAutoConfiguration$TomcatWebSocketConfiguration$$EnhancerBySpringCGLIB$$19e46928
2020-03-14 21:56:51.449 [main] DEBUG o.s.c.a.ConfigurationClassPostProcessor - Replacing bean definition 'org.springframework.boot.autoconfigure.websocket.servlet.WebSocketServletAutoConfiguration$TomcatWebSocketConfiguration' existing class 'org.springframework.boot.autoconfigure.websocket.servlet.WebSocketServletAutoConfiguration$TomcatWebSocketConfiguration' with enhanced class 'org.springframework.boot.autoconfigure.websocket.servlet.WebSocketServletAutoConfiguration$TomcatWebSocketConfiguration$$EnhancerBySpringCGLIB$$19e46928'
2020-03-14 21:56:51.467 [main] DEBUG o.s.c.a.ConfigurationClassEnhancer - Successfully enhanced org.springframework.boot.autoconfigure.websocket.servlet.WebSocketServletAutoConfiguration; enhanced class name is: org.springframework.boot.autoconfigure.websocket.servlet.WebSocketServletAutoConfiguration$$EnhancerBySpringCGLIB$$62393e0b
2020-03-14 21:56:51.467 [main] DEBUG o.s.c.a.ConfigurationClassPostProcessor - Replacing bean definition 'org.springframework.boot.autoconfigure.websocket.servlet.WebSocketServletAutoConfiguration' existing class 'org.springframework.boot.autoconfigure.websocket.servlet.WebSocketServletAutoConfiguration' with enhanced class 'org.springframework.boot.autoconfigure.websocket.servlet.WebSocketServletAutoConfiguration$$EnhancerBySpringCGLIB$$62393e0b'
2020-03-14 21:56:51.471 [main] DEBUG o.s.c.a.ConfigurationClassEnhancer - Successfully enhanced org.springframework.boot.autoconfigure.web.servlet.ServletWebServerFactoryConfiguration$EmbeddedTomcat; enhanced class name is: org.springframework.boot.autoconfigure.web.servlet.ServletWebServerFactoryConfiguration$EmbeddedTomcat$$EnhancerBySpringCGLIB$$bccc623
2020-03-14 21:56:51.472 [main] DEBUG o.s.c.a.ConfigurationClassPostProcessor - Replacing bean definition 'org.springframework.boot.autoconfigure.web.servlet.ServletWebServerFactoryConfiguration$EmbeddedTomcat' existing class 'org.springframework.boot.autoconfigure.web.servlet.ServletWebServerFactoryConfiguration$EmbeddedTomcat' with enhanced class 'org.springframework.boot.autoconfigure.web.servlet.ServletWebServerFactoryConfiguration$EmbeddedTomcat$$EnhancerBySpringCGLIB$$bccc623'
2020-03-14 21:56:51.478 [main] DEBUG o.s.c.a.ConfigurationClassEnhancer - Successfully enhanced org.springframework.boot.autoconfigure.web.servlet.ServletWebServerFactoryAutoConfiguration; enhanced class name is: org.springframework.boot.autoconfigure.web.servlet.ServletWebServerFactoryAutoConfiguration$$EnhancerBySpringCGLIB$$91037b9c
2020-03-14 21:56:51.478 [main] DEBUG o.s.c.a.ConfigurationClassPostProcessor - Replacing bean definition 'org.springframework.boot.autoconfigure.web.servlet.ServletWebServerFactoryAutoConfiguration' existing class 'org.springframework.boot.autoconfigure.web.servlet.ServletWebServerFactoryAutoConfiguration' with enhanced class 'org.springframework.boot.autoconfigure.web.servlet.ServletWebServerFactoryAutoConfiguration$$EnhancerBySpringCGLIB$$91037b9c'
2020-03-14 21:56:51.483 [main] DEBUG o.s.c.a.ConfigurationClassEnhancer - Successfully enhanced org.springframework.boot.autoconfigure.web.servlet.DispatcherServletAutoConfiguration$DispatcherServletConfiguration; enhanced class name is: org.springframework.boot.autoconfigure.web.servlet.DispatcherServletAutoConfiguration$DispatcherServletConfiguration$$EnhancerBySpringCGLIB$$f149e402
2020-03-14 21:56:51.483 [main] DEBUG o.s.c.a.ConfigurationClassPostProcessor - Replacing bean definition 'org.springframework.boot.autoconfigure.web.servlet.DispatcherServletAutoConfiguration$DispatcherServletConfiguration' existing class 'org.springframework.boot.autoconfigure.web.servlet.DispatcherServletAutoConfiguration$DispatcherServletConfiguration' with enhanced class 'org.springframework.boot.autoconfigure.web.servlet.DispatcherServletAutoConfiguration$DispatcherServletConfiguration$$EnhancerBySpringCGLIB$$f149e402'
2020-03-14 21:56:51.487 [main] DEBUG o.s.c.a.ConfigurationClassEnhancer - Successfully enhanced org.springframework.boot.autoconfigure.web.servlet.DispatcherServletAutoConfiguration$DispatcherServletRegistrationConfiguration; enhanced class name is: org.springframework.boot.autoconfigure.web.servlet.DispatcherServletAutoConfiguration$DispatcherServletRegistrationConfiguration$$EnhancerBySpringCGLIB$$535178a9
2020-03-14 21:56:51.487 [main] DEBUG o.s.c.a.ConfigurationClassPostProcessor - Replacing bean definition 'org.springframework.boot.autoconfigure.web.servlet.DispatcherServletAutoConfiguration$DispatcherServletRegistrationConfiguration' existing class 'org.springframework.boot.autoconfigure.web.servlet.DispatcherServletAutoConfiguration$DispatcherServletRegistrationConfiguration' with enhanced class 'org.springframework.boot.autoconfigure.web.servlet.DispatcherServletAutoConfiguration$DispatcherServletRegistrationConfiguration$$EnhancerBySpringCGLIB$$535178a9'
2020-03-14 21:56:51.492 [main] DEBUG o.s.c.a.ConfigurationClassEnhancer - Successfully enhanced org.springframework.boot.autoconfigure.web.servlet.DispatcherServletAutoConfiguration; enhanced class name is: org.springframework.boot.autoconfigure.web.servlet.DispatcherServletAutoConfiguration$$EnhancerBySpringCGLIB$$8faca8f6
2020-03-14 21:56:51.492 [main] DEBUG o.s.c.a.ConfigurationClassPostProcessor - Replacing bean definition 'org.springframework.boot.autoconfigure.web.servlet.DispatcherServletAutoConfiguration' existing class 'org.springframework.boot.autoconfigure.web.servlet.DispatcherServletAutoConfiguration' with enhanced class 'org.springframework.boot.autoconfigure.web.servlet.DispatcherServletAutoConfiguration$$EnhancerBySpringCGLIB$$8faca8f6'
2020-03-14 21:56:51.495 [main] DEBUG o.s.c.a.ConfigurationClassEnhancer - Successfully enhanced org.springframework.cloud.netflix.archaius.ArchaiusAutoConfiguration$PropagateEventsConfiguration; enhanced class name is: org.springframework.cloud.netflix.archaius.ArchaiusAutoConfiguration$PropagateEventsConfiguration$$EnhancerBySpringCGLIB$$d439c1
2020-03-14 21:56:51.495 [main] DEBUG o.s.c.a.ConfigurationClassPostProcessor - Replacing bean definition 'org.springframework.cloud.netflix.archaius.ArchaiusAutoConfiguration$PropagateEventsConfiguration' existing class 'org.springframework.cloud.netflix.archaius.ArchaiusAutoConfiguration$PropagateEventsConfiguration' with enhanced class 'org.springframework.cloud.netflix.archaius.ArchaiusAutoConfiguration$PropagateEventsConfiguration$$EnhancerBySpringCGLIB$$d439c1'
2020-03-14 21:56:51.504 [main] DEBUG o.s.c.a.ConfigurationClassEnhancer - Successfully enhanced org.springframework.cloud.netflix.archaius.ArchaiusAutoConfiguration$ArchaiusEndpointConfiguration; enhanced class name is: org.springframework.cloud.netflix.archaius.ArchaiusAutoConfiguration$ArchaiusEndpointConfiguration$$EnhancerBySpringCGLIB$$dbc13094
2020-03-14 21:56:51.504 [main] DEBUG o.s.c.a.ConfigurationClassPostProcessor - Replacing bean definition 'org.springframework.cloud.netflix.archaius.ArchaiusAutoConfiguration$ArchaiusEndpointConfiguration' existing class 'org.springframework.cloud.netflix.archaius.ArchaiusAutoConfiguration$ArchaiusEndpointConfiguration' with enhanced class 'org.springframework.cloud.netflix.archaius.ArchaiusAutoConfiguration$ArchaiusEndpointConfiguration$$EnhancerBySpringCGLIB$$dbc13094'
2020-03-14 21:56:51.509 [main] DEBUG o.s.c.a.ConfigurationClassEnhancer - Successfully enhanced org.springframework.cloud.netflix.archaius.ArchaiusAutoConfiguration; enhanced class name is: org.springframework.cloud.netflix.archaius.ArchaiusAutoConfiguration$$EnhancerBySpringCGLIB$$9cec9553
2020-03-14 21:56:51.509 [main] DEBUG o.s.c.a.ConfigurationClassPostProcessor - Replacing bean definition 'org.springframework.cloud.netflix.archaius.ArchaiusAutoConfiguration' existing class 'org.springframework.cloud.netflix.archaius.ArchaiusAutoConfiguration' with enhanced class 'org.springframework.cloud.netflix.archaius.ArchaiusAutoConfiguration$$EnhancerBySpringCGLIB$$9cec9553'
2020-03-14 21:56:51.512 [main] DEBUG o.s.c.a.ConfigurationClassEnhancer - Successfully enhanced org.springframework.boot.autoconfigure.validation.ValidationAutoConfiguration; enhanced class name is: org.springframework.boot.autoconfigure.validation.ValidationAutoConfiguration$$EnhancerBySpringCGLIB$$1249e4c3
2020-03-14 21:56:51.512 [main] DEBUG o.s.c.a.ConfigurationClassPostProcessor - Replacing bean definition 'org.springframework.boot.autoconfigure.validation.ValidationAutoConfiguration' existing class 'org.springframework.boot.autoconfigure.validation.ValidationAutoConfiguration' with enhanced class 'org.springframework.boot.autoconfigure.validation.ValidationAutoConfiguration$$EnhancerBySpringCGLIB$$1249e4c3'
2020-03-14 21:56:51.516 [main] DEBUG o.s.c.a.ConfigurationClassEnhancer - Successfully enhanced org.springframework.boot.autoconfigure.web.servlet.error.ErrorMvcAutoConfiguration$WhitelabelErrorViewConfiguration; enhanced class name is: org.springframework.boot.autoconfigure.web.servlet.error.ErrorMvcAutoConfiguration$WhitelabelErrorViewConfiguration$$EnhancerBySpringCGLIB$$ac2a4036
2020-03-14 21:56:51.516 [main] DEBUG o.s.c.a.ConfigurationClassPostProcessor - Replacing bean definition 'org.springframework.boot.autoconfigure.web.servlet.error.ErrorMvcAutoConfiguration$WhitelabelErrorViewConfiguration' existing class 'org.springframework.boot.autoconfigure.web.servlet.error.ErrorMvcAutoConfiguration$WhitelabelErrorViewConfiguration' with enhanced class 'org.springframework.boot.autoconfigure.web.servlet.error.ErrorMvcAutoConfiguration$WhitelabelErrorViewConfiguration$$EnhancerBySpringCGLIB$$ac2a4036'
2020-03-14 21:56:51.520 [main] DEBUG o.s.c.a.ConfigurationClassEnhancer - Successfully enhanced org.springframework.boot.autoconfigure.web.servlet.error.ErrorMvcAutoConfiguration$DefaultErrorViewResolverConfiguration; enhanced class name is: org.springframework.boot.autoconfigure.web.servlet.error.ErrorMvcAutoConfiguration$DefaultErrorViewResolverConfiguration$$EnhancerBySpringCGLIB$$e18b2e5e
2020-03-14 21:56:51.520 [main] DEBUG o.s.c.a.ConfigurationClassPostProcessor - Replacing bean definition 'org.springframework.boot.autoconfigure.web.servlet.error.ErrorMvcAutoConfiguration$DefaultErrorViewResolverConfiguration' existing class 'org.springframework.boot.autoconfigure.web.servlet.error.ErrorMvcAutoConfiguration$DefaultErrorViewResolverConfiguration' with enhanced class 'org.springframework.boot.autoconfigure.web.servlet.error.ErrorMvcAutoConfiguration$DefaultErrorViewResolverConfiguration$$EnhancerBySpringCGLIB$$e18b2e5e'
2020-03-14 21:56:51.528 [main] DEBUG o.s.c.a.ConfigurationClassEnhancer - Successfully enhanced org.springframework.boot.autoconfigure.web.servlet.error.ErrorMvcAutoConfiguration; enhanced class name is: org.springframework.boot.autoconfigure.web.servlet.error.ErrorMvcAutoConfiguration$$EnhancerBySpringCGLIB$$ccf659be
2020-03-14 21:56:51.528 [main] DEBUG o.s.c.a.ConfigurationClassPostProcessor - Replacing bean definition 'org.springframework.boot.autoconfigure.web.servlet.error.ErrorMvcAutoConfiguration' existing class 'org.springframework.boot.autoconfigure.web.servlet.error.ErrorMvcAutoConfiguration' with enhanced class 'org.springframework.boot.autoconfigure.web.servlet.error.ErrorMvcAutoConfiguration$$EnhancerBySpringCGLIB$$ccf659be'
2020-03-14 21:56:51.535 [main] DEBUG o.s.c.a.ConfigurationClassEnhancer - Successfully enhanced org.springframework.boot.autoconfigure.security.oauth2.method.OAuth2MethodSecurityConfiguration; enhanced class name is: org.springframework.boot.autoconfigure.security.oauth2.method.OAuth2MethodSecurityConfiguration$$EnhancerBySpringCGLIB$$9780c53c
2020-03-14 21:56:51.535 [main] DEBUG o.s.c.a.ConfigurationClassPostProcessor - Replacing bean definition 'org.springframework.boot.autoconfigure.security.oauth2.method.OAuth2MethodSecurityConfiguration' existing class 'org.springframework.boot.autoconfigure.security.oauth2.method.OAuth2MethodSecurityConfiguration' with enhanced class 'org.springframework.boot.autoconfigure.security.oauth2.method.OAuth2MethodSecurityConfiguration$$EnhancerBySpringCGLIB$$9780c53c'
2020-03-14 21:56:51.540 [main] DEBUG o.s.c.a.ConfigurationClassEnhancer - Successfully enhanced org.springframework.boot.autoconfigure.security.oauth2.client.OAuth2RestOperationsConfiguration; enhanced class name is: org.springframework.boot.autoconfigure.security.oauth2.client.OAuth2RestOperationsConfiguration$$EnhancerBySpringCGLIB$$77def2c7
2020-03-14 21:56:51.540 [main] DEBUG o.s.c.a.ConfigurationClassPostProcessor - Replacing bean definition 'org.springframework.boot.autoconfigure.security.oauth2.client.OAuth2RestOperationsConfiguration' existing class 'org.springframework.boot.autoconfigure.security.oauth2.client.OAuth2RestOperationsConfiguration' with enhanced class 'org.springframework.boot.autoconfigure.security.oauth2.client.OAuth2RestOperationsConfiguration$$EnhancerBySpringCGLIB$$77def2c7'
2020-03-14 21:56:51.544 [main] DEBUG o.s.c.a.ConfigurationClassEnhancer - Successfully enhanced org.springframework.boot.autoconfigure.security.oauth2.OAuth2AutoConfiguration; enhanced class name is: org.springframework.boot.autoconfigure.security.oauth2.OAuth2AutoConfiguration$$EnhancerBySpringCGLIB$$58941039
2020-03-14 21:56:51.547 [main] DEBUG o.s.c.a.ConfigurationClassPostProcessor - Replacing bean definition 'org.springframework.boot.autoconfigure.security.oauth2.OAuth2AutoConfiguration' existing class 'org.springframework.boot.autoconfigure.security.oauth2.OAuth2AutoConfiguration' with enhanced class 'org.springframework.boot.autoconfigure.security.oauth2.OAuth2AutoConfiguration$$EnhancerBySpringCGLIB$$58941039'
2020-03-14 21:56:51.554 [main] DEBUG o.s.c.a.ConfigurationClassEnhancer - Successfully enhanced org.springframework.boot.autoconfigure.web.servlet.WebMvcAutoConfiguration$WebMvcAutoConfigurationAdapter$FaviconConfiguration; enhanced class name is: org.springframework.boot.autoconfigure.web.servlet.WebMvcAutoConfiguration$WebMvcAutoConfigurationAdapter$FaviconConfiguration$$EnhancerBySpringCGLIB$$6a7877e4
2020-03-14 21:56:51.555 [main] DEBUG o.s.c.a.ConfigurationClassPostProcessor - Replacing bean definition 'org.springframework.boot.autoconfigure.web.servlet.WebMvcAutoConfiguration$WebMvcAutoConfigurationAdapter$FaviconConfiguration' existing class 'org.springframework.boot.autoconfigure.web.servlet.WebMvcAutoConfiguration$WebMvcAutoConfigurationAdapter$FaviconConfiguration' with enhanced class 'org.springframework.boot.autoconfigure.web.servlet.WebMvcAutoConfiguration$WebMvcAutoConfigurationAdapter$FaviconConfiguration$$EnhancerBySpringCGLIB$$6a7877e4'
2020-03-14 21:56:51.570 [main] DEBUG o.s.c.a.ConfigurationClassEnhancer - Successfully enhanced org.springframework.boot.autoconfigure.web.servlet.WebMvcAutoConfiguration$EnableWebMvcConfiguration; enhanced class name is: org.springframework.boot.autoconfigure.web.servlet.WebMvcAutoConfiguration$EnableWebMvcConfiguration$$EnhancerBySpringCGLIB$$c37a4b9
2020-03-14 21:56:51.571 [main] DEBUG o.s.c.a.ConfigurationClassPostProcessor - Replacing bean definition 'org.springframework.boot.autoconfigure.web.servlet.WebMvcAutoConfiguration$EnableWebMvcConfiguration' existing class 'org.springframework.boot.autoconfigure.web.servlet.WebMvcAutoConfiguration$EnableWebMvcConfiguration' with enhanced class 'org.springframework.boot.autoconfigure.web.servlet.WebMvcAutoConfiguration$EnableWebMvcConfiguration$$EnhancerBySpringCGLIB$$c37a4b9'
2020-03-14 21:56:51.579 [main] DEBUG o.s.c.a.ConfigurationClassEnhancer - Successfully enhanced org.springframework.boot.autoconfigure.web.servlet.WebMvcAutoConfiguration$WebMvcAutoConfigurationAdapter; enhanced class name is: org.springframework.boot.autoconfigure.web.servlet.WebMvcAutoConfiguration$WebMvcAutoConfigurationAdapter$$EnhancerBySpringCGLIB$$ae3b6f9e
2020-03-14 21:56:51.579 [main] DEBUG o.s.c.a.ConfigurationClassPostProcessor - Replacing bean definition 'org.springframework.boot.autoconfigure.web.servlet.WebMvcAutoConfiguration$WebMvcAutoConfigurationAdapter' existing class 'org.springframework.boot.autoconfigure.web.servlet.WebMvcAutoConfiguration$WebMvcAutoConfigurationAdapter' with enhanced class 'org.springframework.boot.autoconfigure.web.servlet.WebMvcAutoConfiguration$WebMvcAutoConfigurationAdapter$$EnhancerBySpringCGLIB$$ae3b6f9e'
2020-03-14 21:56:51.589 [main] DEBUG o.s.c.a.ConfigurationClassEnhancer - Successfully enhanced org.springframework.boot.autoconfigure.web.servlet.WebMvcAutoConfiguration; enhanced class name is: org.springframework.boot.autoconfigure.web.servlet.WebMvcAutoConfiguration$$EnhancerBySpringCGLIB$$d58c92b0
2020-03-14 21:56:51.590 [main] DEBUG o.s.c.a.ConfigurationClassPostProcessor - Replacing bean definition 'org.springframework.boot.autoconfigure.web.servlet.WebMvcAutoConfiguration' existing class 'org.springframework.boot.autoconfigure.web.servlet.WebMvcAutoConfiguration' with enhanced class 'org.springframework.boot.autoconfigure.web.servlet.WebMvcAutoConfiguration$$EnhancerBySpringCGLIB$$d58c92b0'
2020-03-14 21:56:51.595 [main] DEBUG o.s.c.a.ConfigurationClassEnhancer - Successfully enhanced com.alibaba.druid.spring.boot.autoconfigure.DruidDataSourceAutoConfigure; enhanced class name is: com.alibaba.druid.spring.boot.autoconfigure.DruidDataSourceAutoConfigure$$EnhancerBySpringCGLIB$$baf649ab
2020-03-14 21:56:51.596 [main] DEBUG o.s.c.a.ConfigurationClassPostProcessor - Replacing bean definition 'com.alibaba.druid.spring.boot.autoconfigure.DruidDataSourceAutoConfigure' existing class 'com.alibaba.druid.spring.boot.autoconfigure.DruidDataSourceAutoConfigure' with enhanced class 'com.alibaba.druid.spring.boot.autoconfigure.DruidDataSourceAutoConfigure$$EnhancerBySpringCGLIB$$baf649ab'
2020-03-14 21:56:51.601 [main] DEBUG o.s.c.a.ConfigurationClassEnhancer - Successfully enhanced org.springframework.boot.autoconfigure.jdbc.metadata.DataSourcePoolMetadataProvidersConfiguration$HikariPoolDataSourceMetadataProviderConfiguration; enhanced class name is: org.springframework.boot.autoconfigure.jdbc.metadata.DataSourcePoolMetadataProvidersConfiguration$HikariPoolDataSourceMetadataProviderConfiguration$$EnhancerBySpringCGLIB$$1a17c1d
2020-03-14 21:56:51.603 [main] DEBUG o.s.c.a.ConfigurationClassPostProcessor - Replacing bean definition 'org.springframework.boot.autoconfigure.jdbc.metadata.DataSourcePoolMetadataProvidersConfiguration$HikariPoolDataSourceMetadataProviderConfiguration' existing class 'org.springframework.boot.autoconfigure.jdbc.metadata.DataSourcePoolMetadataProvidersConfiguration$HikariPoolDataSourceMetadataProviderConfiguration' with enhanced class 'org.springframework.boot.autoconfigure.jdbc.metadata.DataSourcePoolMetadataProvidersConfiguration$HikariPoolDataSourceMetadataProviderConfiguration$$EnhancerBySpringCGLIB$$1a17c1d'
2020-03-14 21:56:51.626 [main] DEBUG o.s.c.a.ConfigurationClassEnhancer - Successfully enhanced org.springframework.boot.autoconfigure.jdbc.metadata.DataSourcePoolMetadataProvidersConfiguration; enhanced class name is: org.springframework.boot.autoconfigure.jdbc.metadata.DataSourcePoolMetadataProvidersConfiguration$$EnhancerBySpringCGLIB$$7e3b3c7a
2020-03-14 21:56:51.626 [main] DEBUG o.s.c.a.ConfigurationClassPostProcessor - Replacing bean definition 'org.springframework.boot.autoconfigure.jdbc.metadata.DataSourcePoolMetadataProvidersConfiguration' existing class 'org.springframework.boot.autoconfigure.jdbc.metadata.DataSourcePoolMetadataProvidersConfiguration' with enhanced class 'org.springframework.boot.autoconfigure.jdbc.metadata.DataSourcePoolMetadataProvidersConfiguration$$EnhancerBySpringCGLIB$$7e3b3c7a'
2020-03-14 21:56:51.637 [main] DEBUG o.s.c.a.ConfigurationClassEnhancer - Successfully enhanced org.springframework.boot.autoconfigure.jdbc.DataSourceInitializationConfiguration; enhanced class name is: org.springframework.boot.autoconfigure.jdbc.DataSourceInitializationConfiguration$$EnhancerBySpringCGLIB$$3cb04628
2020-03-14 21:56:51.638 [main] DEBUG o.s.c.a.ConfigurationClassPostProcessor - Replacing bean definition 'org.springframework.boot.autoconfigure.jdbc.DataSourceInitializationConfiguration' existing class 'org.springframework.boot.autoconfigure.jdbc.DataSourceInitializationConfiguration' with enhanced class 'org.springframework.boot.autoconfigure.jdbc.DataSourceInitializationConfiguration$$EnhancerBySpringCGLIB$$3cb04628'
2020-03-14 21:56:51.645 [main] DEBUG o.s.c.a.ConfigurationClassEnhancer - Successfully enhanced org.springframework.boot.autoconfigure.jdbc.DataSourceAutoConfiguration; enhanced class name is: org.springframework.boot.autoconfigure.jdbc.DataSourceAutoConfiguration$$EnhancerBySpringCGLIB$$833df799
2020-03-14 21:56:51.645 [main] DEBUG o.s.c.a.ConfigurationClassPostProcessor - Replacing bean definition 'org.springframework.boot.autoconfigure.jdbc.DataSourceAutoConfiguration' existing class 'org.springframework.boot.autoconfigure.jdbc.DataSourceAutoConfiguration' with enhanced class 'org.springframework.boot.autoconfigure.jdbc.DataSourceAutoConfiguration$$EnhancerBySpringCGLIB$$833df799'
2020-03-14 21:56:51.652 [main] DEBUG o.s.c.a.ConfigurationClassEnhancer - Successfully enhanced org.mybatis.spring.boot.autoconfigure.MybatisAutoConfiguration$MapperScannerRegistrarNotFoundConfiguration; enhanced class name is: org.mybatis.spring.boot.autoconfigure.MybatisAutoConfiguration$MapperScannerRegistrarNotFoundConfiguration$$EnhancerBySpringCGLIB$$b762433c
2020-03-14 21:56:51.653 [main] DEBUG o.s.c.a.ConfigurationClassPostProcessor - Replacing bean definition 'org.mybatis.spring.boot.autoconfigure.MybatisAutoConfiguration$MapperScannerRegistrarNotFoundConfiguration' existing class 'org.mybatis.spring.boot.autoconfigure.MybatisAutoConfiguration$MapperScannerRegistrarNotFoundConfiguration' with enhanced class 'org.mybatis.spring.boot.autoconfigure.MybatisAutoConfiguration$MapperScannerRegistrarNotFoundConfiguration$$EnhancerBySpringCGLIB$$b762433c'
2020-03-14 21:56:51.658 [main] DEBUG o.s.c.a.ConfigurationClassEnhancer - Successfully enhanced org.mybatis.spring.boot.autoconfigure.MybatisAutoConfiguration; enhanced class name is: org.mybatis.spring.boot.autoconfigure.MybatisAutoConfiguration$$EnhancerBySpringCGLIB$$d41ea569
2020-03-14 21:56:51.658 [main] DEBUG o.s.c.a.ConfigurationClassPostProcessor - Replacing bean definition 'org.mybatis.spring.boot.autoconfigure.MybatisAutoConfiguration' existing class 'org.mybatis.spring.boot.autoconfigure.MybatisAutoConfiguration' with enhanced class 'org.mybatis.spring.boot.autoconfigure.MybatisAutoConfiguration$$EnhancerBySpringCGLIB$$d41ea569'
2020-03-14 21:56:51.662 [main] DEBUG o.s.c.a.ConfigurationClassEnhancer - Successfully enhanced com.github.pagehelper.autoconfigure.PageHelperAutoConfiguration; enhanced class name is: com.github.pagehelper.autoconfigure.PageHelperAutoConfiguration$$EnhancerBySpringCGLIB$$b404ea9e
2020-03-14 21:56:51.662 [main] DEBUG o.s.c.a.ConfigurationClassPostProcessor - Replacing bean definition 'com.github.pagehelper.autoconfigure.PageHelperAutoConfiguration' existing class 'com.github.pagehelper.autoconfigure.PageHelperAutoConfiguration' with enhanced class 'com.github.pagehelper.autoconfigure.PageHelperAutoConfiguration$$EnhancerBySpringCGLIB$$b404ea9e'
2020-03-14 21:56:51.669 [main] DEBUG o.s.c.a.ConfigurationClassEnhancer - Successfully enhanced org.springframework.boot.actuate.autoconfigure.audit.AuditAutoConfiguration$AuditEventRepositoryConfiguration; enhanced class name is: org.springframework.boot.actuate.autoconfigure.audit.AuditAutoConfiguration$AuditEventRepositoryConfiguration$$EnhancerBySpringCGLIB$$3ae88dd1
2020-03-14 21:56:51.670 [main] DEBUG o.s.c.a.ConfigurationClassPostProcessor - Replacing bean definition 'org.springframework.boot.actuate.autoconfigure.audit.AuditAutoConfiguration$AuditEventRepositoryConfiguration' existing class 'org.springframework.boot.actuate.autoconfigure.audit.AuditAutoConfiguration$AuditEventRepositoryConfiguration' with enhanced class 'org.springframework.boot.actuate.autoconfigure.audit.AuditAutoConfiguration$AuditEventRepositoryConfiguration$$EnhancerBySpringCGLIB$$3ae88dd1'
2020-03-14 21:56:51.686 [main] DEBUG o.s.c.a.ConfigurationClassEnhancer - Successfully enhanced org.springframework.boot.actuate.autoconfigure.audit.AuditAutoConfiguration; enhanced class name is: org.springframework.boot.actuate.autoconfigure.audit.AuditAutoConfiguration$$EnhancerBySpringCGLIB$$42ff5ca8
2020-03-14 21:56:51.686 [main] DEBUG o.s.c.a.ConfigurationClassPostProcessor - Replacing bean definition 'org.springframework.boot.actuate.autoconfigure.audit.AuditAutoConfiguration' existing class 'org.springframework.boot.actuate.autoconfigure.audit.AuditAutoConfiguration' with enhanced class 'org.springframework.boot.actuate.autoconfigure.audit.AuditAutoConfiguration$$EnhancerBySpringCGLIB$$42ff5ca8'
2020-03-14 21:56:51.690 [main] DEBUG o.s.c.a.ConfigurationClassEnhancer - Successfully enhanced org.springframework.boot.actuate.autoconfigure.audit.AuditEventsEndpointAutoConfiguration; enhanced class name is: org.springframework.boot.actuate.autoconfigure.audit.AuditEventsEndpointAutoConfiguration$$EnhancerBySpringCGLIB$$ca080f7a
2020-03-14 21:56:51.690 [main] DEBUG o.s.c.a.ConfigurationClassPostProcessor - Replacing bean definition 'org.springframework.boot.actuate.autoconfigure.audit.AuditEventsEndpointAutoConfiguration' existing class 'org.springframework.boot.actuate.autoconfigure.audit.AuditEventsEndpointAutoConfiguration' with enhanced class 'org.springframework.boot.actuate.autoconfigure.audit.AuditEventsEndpointAutoConfiguration$$EnhancerBySpringCGLIB$$ca080f7a'
2020-03-14 21:56:51.693 [main] DEBUG o.s.c.a.ConfigurationClassEnhancer - Successfully enhanced org.springframework.boot.actuate.autoconfigure.beans.BeansEndpointAutoConfiguration; enhanced class name is: org.springframework.boot.actuate.autoconfigure.beans.BeansEndpointAutoConfiguration$$EnhancerBySpringCGLIB$$2e436723
2020-03-14 21:56:51.693 [main] DEBUG o.s.c.a.ConfigurationClassPostProcessor - Replacing bean definition 'org.springframework.boot.actuate.autoconfigure.beans.BeansEndpointAutoConfiguration' existing class 'org.springframework.boot.actuate.autoconfigure.beans.BeansEndpointAutoConfiguration' with enhanced class 'org.springframework.boot.actuate.autoconfigure.beans.BeansEndpointAutoConfiguration$$EnhancerBySpringCGLIB$$2e436723'
2020-03-14 21:56:51.697 [main] DEBUG o.s.c.a.ConfigurationClassEnhancer - Successfully enhanced org.springframework.boot.actuate.autoconfigure.system.DiskSpaceHealthIndicatorAutoConfiguration; enhanced class name is: org.springframework.boot.actuate.autoconfigure.system.DiskSpaceHealthIndicatorAutoConfiguration$$EnhancerBySpringCGLIB$$206e6a7
2020-03-14 21:56:51.697 [main] DEBUG o.s.c.a.ConfigurationClassPostProcessor - Replacing bean definition 'org.springframework.boot.actuate.autoconfigure.system.DiskSpaceHealthIndicatorAutoConfiguration' existing class 'org.springframework.boot.actuate.autoconfigure.system.DiskSpaceHealthIndicatorAutoConfiguration' with enhanced class 'org.springframework.boot.actuate.autoconfigure.system.DiskSpaceHealthIndicatorAutoConfiguration$$EnhancerBySpringCGLIB$$206e6a7'
2020-03-14 21:56:51.700 [main] DEBUG o.s.c.a.ConfigurationClassEnhancer - Successfully enhanced org.springframework.boot.autoconfigure.mongo.MongoAutoConfiguration; enhanced class name is: org.springframework.boot.autoconfigure.mongo.MongoAutoConfiguration$$EnhancerBySpringCGLIB$$f8f77597
2020-03-14 21:56:51.701 [main] DEBUG o.s.c.a.ConfigurationClassPostProcessor - Replacing bean definition 'org.springframework.boot.autoconfigure.mongo.MongoAutoConfiguration' existing class 'org.springframework.boot.autoconfigure.mongo.MongoAutoConfiguration' with enhanced class 'org.springframework.boot.autoconfigure.mongo.MongoAutoConfiguration$$EnhancerBySpringCGLIB$$f8f77597'
2020-03-14 21:56:51.706 [main] DEBUG o.s.c.a.ConfigurationClassEnhancer - Successfully enhanced org.springframework.boot.autoconfigure.data.mongo.MongoDataAutoConfiguration; enhanced class name is: org.springframework.boot.autoconfigure.data.mongo.MongoDataAutoConfiguration$$EnhancerBySpringCGLIB$$27b5f879
2020-03-14 21:56:51.706 [main] DEBUG o.s.c.a.ConfigurationClassPostProcessor - Replacing bean definition 'org.springframework.boot.autoconfigure.data.mongo.MongoDataAutoConfiguration' existing class 'org.springframework.boot.autoconfigure.data.mongo.MongoDataAutoConfiguration' with enhanced class 'org.springframework.boot.autoconfigure.data.mongo.MongoDataAutoConfiguration$$EnhancerBySpringCGLIB$$27b5f879'
2020-03-14 21:56:51.713 [main] DEBUG o.s.c.a.ConfigurationClassEnhancer - Successfully enhanced org.springframework.boot.actuate.autoconfigure.mongo.MongoHealthIndicatorConfiguration; enhanced class name is: org.springframework.boot.actuate.autoconfigure.mongo.MongoHealthIndicatorConfiguration$$EnhancerBySpringCGLIB$$d6a286d0
2020-03-14 21:56:51.714 [main] DEBUG o.s.c.a.ConfigurationClassPostProcessor - Replacing bean definition 'org.springframework.boot.actuate.autoconfigure.mongo.MongoHealthIndicatorConfiguration' existing class 'org.springframework.boot.actuate.autoconfigure.mongo.MongoHealthIndicatorConfiguration' with enhanced class 'org.springframework.boot.actuate.autoconfigure.mongo.MongoHealthIndicatorConfiguration$$EnhancerBySpringCGLIB$$d6a286d0'
2020-03-14 21:56:51.716 [main] DEBUG o.s.c.a.ConfigurationClassEnhancer - Successfully enhanced org.springframework.boot.actuate.autoconfigure.mongo.MongoHealthIndicatorAutoConfiguration; enhanced class name is: org.springframework.boot.actuate.autoconfigure.mongo.MongoHealthIndicatorAutoConfiguration$$EnhancerBySpringCGLIB$$254dd481
2020-03-14 21:56:51.717 [main] DEBUG o.s.c.a.ConfigurationClassPostProcessor - Replacing bean definition 'org.springframework.boot.actuate.autoconfigure.mongo.MongoHealthIndicatorAutoConfiguration' existing class 'org.springframework.boot.actuate.autoconfigure.mongo.MongoHealthIndicatorAutoConfiguration' with enhanced class 'org.springframework.boot.actuate.autoconfigure.mongo.MongoHealthIndicatorAutoConfiguration$$EnhancerBySpringCGLIB$$254dd481'
2020-03-14 21:56:51.721 [main] DEBUG o.s.c.a.ConfigurationClassEnhancer - Successfully enhanced org.springframework.boot.actuate.autoconfigure.redis.RedisHealthIndicatorAutoConfiguration; enhanced class name is: org.springframework.boot.actuate.autoconfigure.redis.RedisHealthIndicatorAutoConfiguration$$EnhancerBySpringCGLIB$$7363080f
2020-03-14 21:56:51.723 [main] DEBUG o.s.c.a.ConfigurationClassPostProcessor - Replacing bean definition 'org.springframework.boot.actuate.autoconfigure.redis.RedisHealthIndicatorAutoConfiguration' existing class 'org.springframework.boot.actuate.autoconfigure.redis.RedisHealthIndicatorAutoConfiguration' with enhanced class 'org.springframework.boot.actuate.autoconfigure.redis.RedisHealthIndicatorAutoConfiguration$$EnhancerBySpringCGLIB$$7363080f'
2020-03-14 21:56:51.731 [main] DEBUG o.s.c.a.ConfigurationClassEnhancer - Successfully enhanced org.springframework.boot.actuate.autoconfigure.jdbc.DataSourceHealthIndicatorAutoConfiguration; enhanced class name is: org.springframework.boot.actuate.autoconfigure.jdbc.DataSourceHealthIndicatorAutoConfiguration$$EnhancerBySpringCGLIB$$102ea5bf
2020-03-14 21:56:51.731 [main] DEBUG o.s.c.a.ConfigurationClassPostProcessor - Replacing bean definition 'org.springframework.boot.actuate.autoconfigure.jdbc.DataSourceHealthIndicatorAutoConfiguration' existing class 'org.springframework.boot.actuate.autoconfigure.jdbc.DataSourceHealthIndicatorAutoConfiguration' with enhanced class 'org.springframework.boot.actuate.autoconfigure.jdbc.DataSourceHealthIndicatorAutoConfiguration$$EnhancerBySpringCGLIB$$102ea5bf'
2020-03-14 21:56:51.738 [main] DEBUG o.s.c.a.ConfigurationClassEnhancer - Successfully enhanced org.springframework.boot.autoconfigure.gson.GsonAutoConfiguration; enhanced class name is: org.springframework.boot.autoconfigure.gson.GsonAutoConfiguration$$EnhancerBySpringCGLIB$$e00567c3
2020-03-14 21:56:51.739 [main] DEBUG o.s.c.a.ConfigurationClassPostProcessor - Replacing bean definition 'org.springframework.boot.autoconfigure.gson.GsonAutoConfiguration' existing class 'org.springframework.boot.autoconfigure.gson.GsonAutoConfiguration' with enhanced class 'org.springframework.boot.autoconfigure.gson.GsonAutoConfiguration$$EnhancerBySpringCGLIB$$e00567c3'
2020-03-14 21:56:51.744 [main] DEBUG o.s.c.a.ConfigurationClassEnhancer - Successfully enhanced org.springframework.boot.actuate.autoconfigure.elasticsearch.ElasticsearchHealthIndicatorAutoConfiguration; enhanced class name is: org.springframework.boot.actuate.autoconfigure.elasticsearch.ElasticsearchHealthIndicatorAutoConfiguration$$EnhancerBySpringCGLIB$$3f17e093
2020-03-14 21:56:51.744 [main] DEBUG o.s.c.a.ConfigurationClassPostProcessor - Replacing bean definition 'org.springframework.boot.actuate.autoconfigure.elasticsearch.ElasticsearchHealthIndicatorAutoConfiguration' existing class 'org.springframework.boot.actuate.autoconfigure.elasticsearch.ElasticsearchHealthIndicatorAutoConfiguration' with enhanced class 'org.springframework.boot.actuate.autoconfigure.elasticsearch.ElasticsearchHealthIndicatorAutoConfiguration$$EnhancerBySpringCGLIB$$3f17e093'
2020-03-14 21:56:51.749 [main] DEBUG o.s.c.a.ConfigurationClassEnhancer - Successfully enhanced org.springframework.boot.actuate.autoconfigure.health.HealthIndicatorAutoConfiguration; enhanced class name is: org.springframework.boot.actuate.autoconfigure.health.HealthIndicatorAutoConfiguration$$EnhancerBySpringCGLIB$$aacc6ff9
2020-03-14 21:56:51.749 [main] DEBUG o.s.c.a.ConfigurationClassPostProcessor - Replacing bean definition 'org.springframework.boot.actuate.autoconfigure.health.HealthIndicatorAutoConfiguration' existing class 'org.springframework.boot.actuate.autoconfigure.health.HealthIndicatorAutoConfiguration' with enhanced class 'org.springframework.boot.actuate.autoconfigure.health.HealthIndicatorAutoConfiguration$$EnhancerBySpringCGLIB$$aacc6ff9'
2020-03-14 21:56:51.758 [main] DEBUG o.s.c.a.ConfigurationClassEnhancer - Successfully enhanced org.springframework.boot.actuate.autoconfigure.health.HealthEndpointConfiguration; enhanced class name is: org.springframework.boot.actuate.autoconfigure.health.HealthEndpointConfiguration$$EnhancerBySpringCGLIB$$bdeb0a1c
2020-03-14 21:56:51.758 [main] DEBUG o.s.c.a.ConfigurationClassPostProcessor - Replacing bean definition 'org.springframework.boot.actuate.autoconfigure.health.HealthEndpointConfiguration' existing class 'org.springframework.boot.actuate.autoconfigure.health.HealthEndpointConfiguration' with enhanced class 'org.springframework.boot.actuate.autoconfigure.health.HealthEndpointConfiguration$$EnhancerBySpringCGLIB$$bdeb0a1c'
2020-03-14 21:56:51.761 [main] DEBUG o.s.c.a.ConfigurationClassEnhancer - Successfully enhanced org.springframework.boot.actuate.autoconfigure.health.HealthEndpointWebExtensionConfiguration$ServletWebHealthConfiguration; enhanced class name is: org.springframework.boot.actuate.autoconfigure.health.HealthEndpointWebExtensionConfiguration$ServletWebHealthConfiguration$$EnhancerBySpringCGLIB$$fb5637b8
2020-03-14 21:56:51.763 [main] DEBUG o.s.c.a.ConfigurationClassPostProcessor - Replacing bean definition 'org.springframework.boot.actuate.autoconfigure.health.HealthEndpointWebExtensionConfiguration$ServletWebHealthConfiguration' existing class 'org.springframework.boot.actuate.autoconfigure.health.HealthEndpointWebExtensionConfiguration$ServletWebHealthConfiguration' with enhanced class 'org.springframework.boot.actuate.autoconfigure.health.HealthEndpointWebExtensionConfiguration$ServletWebHealthConfiguration$$EnhancerBySpringCGLIB$$fb5637b8'
2020-03-14 21:56:51.766 [main] DEBUG o.s.c.a.ConfigurationClassEnhancer - Successfully enhanced org.springframework.boot.actuate.autoconfigure.health.HealthEndpointWebExtensionConfiguration; enhanced class name is: org.springframework.boot.actuate.autoconfigure.health.HealthEndpointWebExtensionConfiguration$$EnhancerBySpringCGLIB$$9db9e31
2020-03-14 21:56:51.767 [main] DEBUG o.s.c.a.ConfigurationClassPostProcessor - Replacing bean definition 'org.springframework.boot.actuate.autoconfigure.health.HealthEndpointWebExtensionConfiguration' existing class 'org.springframework.boot.actuate.autoconfigure.health.HealthEndpointWebExtensionConfiguration' with enhanced class 'org.springframework.boot.actuate.autoconfigure.health.HealthEndpointWebExtensionConfiguration$$EnhancerBySpringCGLIB$$9db9e31'
2020-03-14 21:56:51.769 [main] DEBUG o.s.c.a.ConfigurationClassEnhancer - Successfully enhanced org.springframework.boot.actuate.autoconfigure.health.HealthEndpointAutoConfiguration; enhanced class name is: org.springframework.boot.actuate.autoconfigure.health.HealthEndpointAutoConfiguration$$EnhancerBySpringCGLIB$$62cbd1cd
2020-03-14 21:56:51.777 [main] DEBUG o.s.c.a.ConfigurationClassPostProcessor - Replacing bean definition 'org.springframework.boot.actuate.autoconfigure.health.HealthEndpointAutoConfiguration' existing class 'org.springframework.boot.actuate.autoconfigure.health.HealthEndpointAutoConfiguration' with enhanced class 'org.springframework.boot.actuate.autoconfigure.health.HealthEndpointAutoConfiguration$$EnhancerBySpringCGLIB$$62cbd1cd'
2020-03-14 21:56:51.780 [main] DEBUG o.s.c.a.ConfigurationClassEnhancer - Successfully enhanced org.springframework.boot.actuate.autoconfigure.web.servlet.ServletManagementContextAutoConfiguration; enhanced class name is: org.springframework.boot.actuate.autoconfigure.web.servlet.ServletManagementContextAutoConfiguration$$EnhancerBySpringCGLIB$$9961e270
2020-03-14 21:56:51.780 [main] DEBUG o.s.c.a.ConfigurationClassPostProcessor - Replacing bean definition 'org.springframework.boot.actuate.autoconfigure.web.servlet.ServletManagementContextAutoConfiguration' existing class 'org.springframework.boot.actuate.autoconfigure.web.servlet.ServletManagementContextAutoConfiguration' with enhanced class 'org.springframework.boot.actuate.autoconfigure.web.servlet.ServletManagementContextAutoConfiguration$$EnhancerBySpringCGLIB$$9961e270'
2020-03-14 21:56:51.782 [main] DEBUG o.s.c.a.ConfigurationClassEnhancer - Successfully enhanced org.springframework.boot.actuate.autoconfigure.condition.ConditionsReportEndpointAutoConfiguration; enhanced class name is: org.springframework.boot.actuate.autoconfigure.condition.ConditionsReportEndpointAutoConfiguration$$EnhancerBySpringCGLIB$$b4074f86
2020-03-14 21:56:51.783 [main] DEBUG o.s.c.a.ConfigurationClassPostProcessor - Replacing bean definition 'org.springframework.boot.actuate.autoconfigure.condition.ConditionsReportEndpointAutoConfiguration' existing class 'org.springframework.boot.actuate.autoconfigure.condition.ConditionsReportEndpointAutoConfiguration' with enhanced class 'org.springframework.boot.actuate.autoconfigure.condition.ConditionsReportEndpointAutoConfiguration$$EnhancerBySpringCGLIB$$b4074f86'
2020-03-14 21:56:51.786 [main] DEBUG o.s.c.a.ConfigurationClassEnhancer - Successfully enhanced org.springframework.boot.actuate.autoconfigure.context.ShutdownEndpointAutoConfiguration; enhanced class name is: org.springframework.boot.actuate.autoconfigure.context.ShutdownEndpointAutoConfiguration$$EnhancerBySpringCGLIB$$ec49ec90
2020-03-14 21:56:51.786 [main] DEBUG o.s.c.a.ConfigurationClassPostProcessor - Replacing bean definition 'org.springframework.boot.actuate.autoconfigure.context.ShutdownEndpointAutoConfiguration' existing class 'org.springframework.boot.actuate.autoconfigure.context.ShutdownEndpointAutoConfiguration' with enhanced class 'org.springframework.boot.actuate.autoconfigure.context.ShutdownEndpointAutoConfiguration$$EnhancerBySpringCGLIB$$ec49ec90'
2020-03-14 21:56:51.791 [main] DEBUG o.s.c.a.ConfigurationClassEnhancer - Successfully enhanced org.springframework.boot.actuate.autoconfigure.context.properties.ConfigurationPropertiesReportEndpointAutoConfiguration; enhanced class name is: org.springframework.boot.actuate.autoconfigure.context.properties.ConfigurationPropertiesReportEndpointAutoConfiguration$$EnhancerBySpringCGLIB$$fdcd0d44
2020-03-14 21:56:51.792 [main] DEBUG o.s.c.a.ConfigurationClassPostProcessor - Replacing bean definition 'org.springframework.boot.actuate.autoconfigure.context.properties.ConfigurationPropertiesReportEndpointAutoConfiguration' existing class 'org.springframework.boot.actuate.autoconfigure.context.properties.ConfigurationPropertiesReportEndpointAutoConfiguration' with enhanced class 'org.springframework.boot.actuate.autoconfigure.context.properties.ConfigurationPropertiesReportEndpointAutoConfiguration$$EnhancerBySpringCGLIB$$fdcd0d44'
2020-03-14 21:56:51.827 [main] DEBUG o.s.c.a.ConfigurationClassEnhancer - Successfully enhanced org.springframework.boot.actuate.autoconfigure.endpoint.EndpointAutoConfiguration; enhanced class name is: org.springframework.boot.actuate.autoconfigure.endpoint.EndpointAutoConfiguration$$EnhancerBySpringCGLIB$$5b36d862
2020-03-14 21:56:51.827 [main] DEBUG o.s.c.a.ConfigurationClassPostProcessor - Replacing bean definition 'org.springframework.boot.actuate.autoconfigure.endpoint.EndpointAutoConfiguration' existing class 'org.springframework.boot.actuate.autoconfigure.endpoint.EndpointAutoConfiguration' with enhanced class 'org.springframework.boot.actuate.autoconfigure.endpoint.EndpointAutoConfiguration$$EnhancerBySpringCGLIB$$5b36d862'
2020-03-14 21:56:51.830 [main] DEBUG o.s.c.a.ConfigurationClassEnhancer - Successfully enhanced org.springframework.boot.actuate.autoconfigure.endpoint.web.WebEndpointAutoConfiguration$WebEndpointServletAutoConfiguration; enhanced class name is: org.springframework.boot.actuate.autoconfigure.endpoint.web.WebEndpointAutoConfiguration$WebEndpointServletAutoConfiguration$$EnhancerBySpringCGLIB$$1aa8c42b
2020-03-14 21:56:51.830 [main] DEBUG o.s.c.a.ConfigurationClassPostProcessor - Replacing bean definition 'org.springframework.boot.actuate.autoconfigure.endpoint.web.WebEndpointAutoConfiguration$WebEndpointServletAutoConfiguration' existing class 'org.springframework.boot.actuate.autoconfigure.endpoint.web.WebEndpointAutoConfiguration$WebEndpointServletAutoConfiguration' with enhanced class 'org.springframework.boot.actuate.autoconfigure.endpoint.web.WebEndpointAutoConfiguration$WebEndpointServletAutoConfiguration$$EnhancerBySpringCGLIB$$1aa8c42b'
2020-03-14 21:56:51.844 [main] DEBUG o.s.c.a.ConfigurationClassEnhancer - Successfully enhanced org.springframework.boot.actuate.autoconfigure.endpoint.web.WebEndpointAutoConfiguration; enhanced class name is: org.springframework.boot.actuate.autoconfigure.endpoint.web.WebEndpointAutoConfiguration$$EnhancerBySpringCGLIB$$32c2f224
2020-03-14 21:56:51.846 [main] DEBUG o.s.c.a.ConfigurationClassPostProcessor - Replacing bean definition 'org.springframework.boot.actuate.autoconfigure.endpoint.web.WebEndpointAutoConfiguration' existing class 'org.springframework.boot.actuate.autoconfigure.endpoint.web.WebEndpointAutoConfiguration' with enhanced class 'org.springframework.boot.actuate.autoconfigure.endpoint.web.WebEndpointAutoConfiguration$$EnhancerBySpringCGLIB$$32c2f224'
2020-03-14 21:56:51.848 [main] DEBUG o.s.c.a.ConfigurationClassEnhancer - Successfully enhanced org.springframework.cloud.autoconfigure.LifecycleMvcEndpointAutoConfiguration; enhanced class name is: org.springframework.cloud.autoconfigure.LifecycleMvcEndpointAutoConfiguration$$EnhancerBySpringCGLIB$$51eac2a9
2020-03-14 21:56:51.848 [main] DEBUG o.s.c.a.ConfigurationClassPostProcessor - Replacing bean definition 'org.springframework.cloud.autoconfigure.LifecycleMvcEndpointAutoConfiguration' existing class 'org.springframework.cloud.autoconfigure.LifecycleMvcEndpointAutoConfiguration' with enhanced class 'org.springframework.cloud.autoconfigure.LifecycleMvcEndpointAutoConfiguration$$EnhancerBySpringCGLIB$$51eac2a9'
2020-03-14 21:56:51.851 [main] DEBUG o.s.c.a.ConfigurationClassEnhancer - Successfully enhanced org.springframework.cloud.autoconfigure.WritableEnvironmentEndpointAutoConfiguration; enhanced class name is: org.springframework.cloud.autoconfigure.WritableEnvironmentEndpointAutoConfiguration$$EnhancerBySpringCGLIB$$41003f34
2020-03-14 21:56:51.851 [main] DEBUG o.s.c.a.ConfigurationClassPostProcessor - Replacing bean definition 'org.springframework.cloud.autoconfigure.WritableEnvironmentEndpointAutoConfiguration' existing class 'org.springframework.cloud.autoconfigure.WritableEnvironmentEndpointAutoConfiguration' with enhanced class 'org.springframework.cloud.autoconfigure.WritableEnvironmentEndpointAutoConfiguration$$EnhancerBySpringCGLIB$$41003f34'
2020-03-14 21:56:51.858 [main] DEBUG o.s.c.a.ConfigurationClassEnhancer - Successfully enhanced org.springframework.boot.actuate.autoconfigure.env.EnvironmentEndpointAutoConfiguration; enhanced class name is: org.springframework.boot.actuate.autoconfigure.env.EnvironmentEndpointAutoConfiguration$$EnhancerBySpringCGLIB$$ad88a6e9
2020-03-14 21:56:51.859 [main] DEBUG o.s.c.a.ConfigurationClassPostProcessor - Replacing bean definition 'org.springframework.boot.actuate.autoconfigure.env.EnvironmentEndpointAutoConfiguration' existing class 'org.springframework.boot.actuate.autoconfigure.env.EnvironmentEndpointAutoConfiguration' with enhanced class 'org.springframework.boot.actuate.autoconfigure.env.EnvironmentEndpointAutoConfiguration$$EnhancerBySpringCGLIB$$ad88a6e9'
2020-03-14 21:56:51.871 [main] DEBUG o.s.c.a.ConfigurationClassEnhancer - Successfully enhanced org.springframework.boot.autoconfigure.info.ProjectInfoAutoConfiguration; enhanced class name is: org.springframework.boot.autoconfigure.info.ProjectInfoAutoConfiguration$$EnhancerBySpringCGLIB$$dd446152
2020-03-14 21:56:51.872 [main] DEBUG o.s.c.a.ConfigurationClassPostProcessor - Replacing bean definition 'org.springframework.boot.autoconfigure.info.ProjectInfoAutoConfiguration' existing class 'org.springframework.boot.autoconfigure.info.ProjectInfoAutoConfiguration' with enhanced class 'org.springframework.boot.autoconfigure.info.ProjectInfoAutoConfiguration$$EnhancerBySpringCGLIB$$dd446152'
2020-03-14 21:56:51.887 [main] DEBUG o.s.c.a.ConfigurationClassEnhancer - Successfully enhanced org.springframework.boot.actuate.autoconfigure.info.InfoContributorAutoConfiguration; enhanced class name is: org.springframework.boot.actuate.autoconfigure.info.InfoContributorAutoConfiguration$$EnhancerBySpringCGLIB$$c7afa6ad
2020-03-14 21:56:51.887 [main] DEBUG o.s.c.a.ConfigurationClassPostProcessor - Replacing bean definition 'org.springframework.boot.actuate.autoconfigure.info.InfoContributorAutoConfiguration' existing class 'org.springframework.boot.actuate.autoconfigure.info.InfoContributorAutoConfiguration' with enhanced class 'org.springframework.boot.actuate.autoconfigure.info.InfoContributorAutoConfiguration$$EnhancerBySpringCGLIB$$c7afa6ad'
2020-03-14 21:56:51.894 [main] DEBUG o.s.c.a.ConfigurationClassEnhancer - Successfully enhanced org.springframework.boot.actuate.autoconfigure.info.InfoEndpointAutoConfiguration; enhanced class name is: org.springframework.boot.actuate.autoconfigure.info.InfoEndpointAutoConfiguration$$EnhancerBySpringCGLIB$$ef86878d
2020-03-14 21:56:51.894 [main] DEBUG o.s.c.a.ConfigurationClassPostProcessor - Replacing bean definition 'org.springframework.boot.actuate.autoconfigure.info.InfoEndpointAutoConfiguration' existing class 'org.springframework.boot.actuate.autoconfigure.info.InfoEndpointAutoConfiguration' with enhanced class 'org.springframework.boot.actuate.autoconfigure.info.InfoEndpointAutoConfiguration$$EnhancerBySpringCGLIB$$ef86878d'
2020-03-14 21:56:51.904 [main] DEBUG o.s.c.a.ConfigurationClassEnhancer - Successfully enhanced org.springframework.boot.actuate.autoconfigure.logging.LogFileWebEndpointAutoConfiguration; enhanced class name is: org.springframework.boot.actuate.autoconfigure.logging.LogFileWebEndpointAutoConfiguration$$EnhancerBySpringCGLIB$$9b36dcc2
2020-03-14 21:56:51.905 [main] DEBUG o.s.c.a.ConfigurationClassPostProcessor - Replacing bean definition 'org.springframework.boot.actuate.autoconfigure.logging.LogFileWebEndpointAutoConfiguration' existing class 'org.springframework.boot.actuate.autoconfigure.logging.LogFileWebEndpointAutoConfiguration' with enhanced class 'org.springframework.boot.actuate.autoconfigure.logging.LogFileWebEndpointAutoConfiguration$$EnhancerBySpringCGLIB$$9b36dcc2'
2020-03-14 21:56:51.909 [main] DEBUG o.s.c.a.ConfigurationClassEnhancer - Successfully enhanced org.springframework.boot.actuate.autoconfigure.logging.LoggersEndpointAutoConfiguration; enhanced class name is: org.springframework.boot.actuate.autoconfigure.logging.LoggersEndpointAutoConfiguration$$EnhancerBySpringCGLIB$$4b774c27
2020-03-14 21:56:51.909 [main] DEBUG o.s.c.a.ConfigurationClassPostProcessor - Replacing bean definition 'org.springframework.boot.actuate.autoconfigure.logging.LoggersEndpointAutoConfiguration' existing class 'org.springframework.boot.actuate.autoconfigure.logging.LoggersEndpointAutoConfiguration' with enhanced class 'org.springframework.boot.actuate.autoconfigure.logging.LoggersEndpointAutoConfiguration$$EnhancerBySpringCGLIB$$4b774c27'
2020-03-14 21:56:51.912 [main] DEBUG o.s.c.a.ConfigurationClassEnhancer - Successfully enhanced org.springframework.boot.actuate.autoconfigure.management.HeapDumpWebEndpointAutoConfiguration; enhanced class name is: org.springframework.boot.actuate.autoconfigure.management.HeapDumpWebEndpointAutoConfiguration$$EnhancerBySpringCGLIB$$d02e64bc
2020-03-14 21:56:51.912 [main] DEBUG o.s.c.a.ConfigurationClassPostProcessor - Replacing bean definition 'org.springframework.boot.actuate.autoconfigure.management.HeapDumpWebEndpointAutoConfiguration' existing class 'org.springframework.boot.actuate.autoconfigure.management.HeapDumpWebEndpointAutoConfiguration' with enhanced class 'org.springframework.boot.actuate.autoconfigure.management.HeapDumpWebEndpointAutoConfiguration$$EnhancerBySpringCGLIB$$d02e64bc'
2020-03-14 21:56:51.917 [main] DEBUG o.s.c.a.ConfigurationClassEnhancer - Successfully enhanced org.springframework.boot.actuate.autoconfigure.management.ThreadDumpEndpointAutoConfiguration; enhanced class name is: org.springframework.boot.actuate.autoconfigure.management.ThreadDumpEndpointAutoConfiguration$$EnhancerBySpringCGLIB$$49197352
2020-03-14 21:56:51.917 [main] DEBUG o.s.c.a.ConfigurationClassPostProcessor - Replacing bean definition 'org.springframework.boot.actuate.autoconfigure.management.ThreadDumpEndpointAutoConfiguration' existing class 'org.springframework.boot.actuate.autoconfigure.management.ThreadDumpEndpointAutoConfiguration' with enhanced class 'org.springframework.boot.actuate.autoconfigure.management.ThreadDumpEndpointAutoConfiguration$$EnhancerBySpringCGLIB$$49197352'
2020-03-14 21:56:51.921 [main] DEBUG o.s.c.a.ConfigurationClassEnhancer - Successfully enhanced org.springframework.boot.actuate.autoconfigure.metrics.MetricsAutoConfiguration$MeterBindersConfiguration; enhanced class name is: org.springframework.boot.actuate.autoconfigure.metrics.MetricsAutoConfiguration$MeterBindersConfiguration$$EnhancerBySpringCGLIB$$6382c52a
2020-03-14 21:56:51.922 [main] DEBUG o.s.c.a.ConfigurationClassPostProcessor - Replacing bean definition 'org.springframework.boot.actuate.autoconfigure.metrics.MetricsAutoConfiguration$MeterBindersConfiguration' existing class 'org.springframework.boot.actuate.autoconfigure.metrics.MetricsAutoConfiguration$MeterBindersConfiguration' with enhanced class 'org.springframework.boot.actuate.autoconfigure.metrics.MetricsAutoConfiguration$MeterBindersConfiguration$$EnhancerBySpringCGLIB$$6382c52a'
2020-03-14 21:56:51.928 [main] DEBUG o.s.c.a.ConfigurationClassEnhancer - Successfully enhanced org.springframework.boot.actuate.autoconfigure.metrics.MetricsAutoConfiguration$JvmMeterBindersConfiguration; enhanced class name is: org.springframework.boot.actuate.autoconfigure.metrics.MetricsAutoConfiguration$JvmMeterBindersConfiguration$$EnhancerBySpringCGLIB$$14efc43d
2020-03-14 21:56:51.928 [main] DEBUG o.s.c.a.ConfigurationClassPostProcessor - Replacing bean definition 'org.springframework.boot.actuate.autoconfigure.metrics.MetricsAutoConfiguration$JvmMeterBindersConfiguration' existing class 'org.springframework.boot.actuate.autoconfigure.metrics.MetricsAutoConfiguration$JvmMeterBindersConfiguration' with enhanced class 'org.springframework.boot.actuate.autoconfigure.metrics.MetricsAutoConfiguration$JvmMeterBindersConfiguration$$EnhancerBySpringCGLIB$$14efc43d'
2020-03-14 21:56:51.938 [main] DEBUG o.s.c.a.ConfigurationClassEnhancer - Successfully enhanced org.springframework.boot.actuate.autoconfigure.metrics.MetricsAutoConfiguration; enhanced class name is: org.springframework.boot.actuate.autoconfigure.metrics.MetricsAutoConfiguration$$EnhancerBySpringCGLIB$$ecce2c98
2020-03-14 21:56:51.939 [main] DEBUG o.s.c.a.ConfigurationClassPostProcessor - Replacing bean definition 'org.springframework.boot.actuate.autoconfigure.metrics.MetricsAutoConfiguration' existing class 'org.springframework.boot.actuate.autoconfigure.metrics.MetricsAutoConfiguration' with enhanced class 'org.springframework.boot.actuate.autoconfigure.metrics.MetricsAutoConfiguration$$EnhancerBySpringCGLIB$$ecce2c98'
2020-03-14 21:56:51.948 [main] DEBUG o.s.c.a.ConfigurationClassEnhancer - Successfully enhanced org.springframework.boot.actuate.autoconfigure.metrics.export.simple.SimpleMetricsExportAutoConfiguration; enhanced class name is: org.springframework.boot.actuate.autoconfigure.metrics.export.simple.SimpleMetricsExportAutoConfiguration$$EnhancerBySpringCGLIB$$35e283d8
2020-03-14 21:56:51.949 [main] DEBUG o.s.c.a.ConfigurationClassPostProcessor - Replacing bean definition 'org.springframework.boot.actuate.autoconfigure.metrics.export.simple.SimpleMetricsExportAutoConfiguration' existing class 'org.springframework.boot.actuate.autoconfigure.metrics.export.simple.SimpleMetricsExportAutoConfiguration' with enhanced class 'org.springframework.boot.actuate.autoconfigure.metrics.export.simple.SimpleMetricsExportAutoConfiguration$$EnhancerBySpringCGLIB$$35e283d8'
2020-03-14 21:56:51.954 [main] DEBUG o.s.c.a.ConfigurationClassEnhancer - Successfully enhanced org.springframework.boot.actuate.autoconfigure.metrics.MetricsEndpointAutoConfiguration; enhanced class name is: org.springframework.boot.actuate.autoconfigure.metrics.MetricsEndpointAutoConfiguration$$EnhancerBySpringCGLIB$$9db7c6e3
2020-03-14 21:56:51.954 [main] DEBUG o.s.c.a.ConfigurationClassPostProcessor - Replacing bean definition 'org.springframework.boot.actuate.autoconfigure.metrics.MetricsEndpointAutoConfiguration' existing class 'org.springframework.boot.actuate.autoconfigure.metrics.MetricsEndpointAutoConfiguration' with enhanced class 'org.springframework.boot.actuate.autoconfigure.metrics.MetricsEndpointAutoConfiguration$$EnhancerBySpringCGLIB$$9db7c6e3'
2020-03-14 21:56:51.970 [main] DEBUG o.s.c.a.ConfigurationClassEnhancer - Successfully enhanced org.springframework.boot.actuate.autoconfigure.metrics.jdbc.DataSourcePoolMetricsAutoConfiguration$HikariDataSourceMetricsConfiguration; enhanced class name is: org.springframework.boot.actuate.autoconfigure.metrics.jdbc.DataSourcePoolMetricsAutoConfiguration$HikariDataSourceMetricsConfiguration$$EnhancerBySpringCGLIB$$e7c292e6
2020-03-14 21:56:51.976 [main] DEBUG o.s.c.a.ConfigurationClassPostProcessor - Replacing bean definition 'org.springframework.boot.actuate.autoconfigure.metrics.jdbc.DataSourcePoolMetricsAutoConfiguration$HikariDataSourceMetricsConfiguration' existing class 'org.springframework.boot.actuate.autoconfigure.metrics.jdbc.DataSourcePoolMetricsAutoConfiguration$HikariDataSourceMetricsConfiguration' with enhanced class 'org.springframework.boot.actuate.autoconfigure.metrics.jdbc.DataSourcePoolMetricsAutoConfiguration$HikariDataSourceMetricsConfiguration$$EnhancerBySpringCGLIB$$e7c292e6'
2020-03-14 21:56:51.980 [main] DEBUG o.s.c.a.ConfigurationClassEnhancer - Successfully enhanced org.springframework.boot.actuate.autoconfigure.metrics.jdbc.DataSourcePoolMetricsAutoConfiguration; enhanced class name is: org.springframework.boot.actuate.autoconfigure.metrics.jdbc.DataSourcePoolMetricsAutoConfiguration$$EnhancerBySpringCGLIB$$b623b640
2020-03-14 21:56:51.980 [main] DEBUG o.s.c.a.ConfigurationClassPostProcessor - Replacing bean definition 'org.springframework.boot.actuate.autoconfigure.metrics.jdbc.DataSourcePoolMetricsAutoConfiguration' existing class 'org.springframework.boot.actuate.autoconfigure.metrics.jdbc.DataSourcePoolMetricsAutoConfiguration' with enhanced class 'org.springframework.boot.actuate.autoconfigure.metrics.jdbc.DataSourcePoolMetricsAutoConfiguration$$EnhancerBySpringCGLIB$$b623b640'
2020-03-14 21:56:51.983 [main] DEBUG o.s.c.a.ConfigurationClassEnhancer - Successfully enhanced org.springframework.boot.autoconfigure.jackson.JacksonAutoConfiguration$Jackson2ObjectMapperBuilderCustomizerConfiguration; enhanced class name is: org.springframework.boot.autoconfigure.jackson.JacksonAutoConfiguration$Jackson2ObjectMapperBuilderCustomizerConfiguration$$EnhancerBySpringCGLIB$$6a417bd2
2020-03-14 21:56:51.983 [main] DEBUG o.s.c.a.ConfigurationClassPostProcessor - Replacing bean definition 'org.springframework.boot.autoconfigure.jackson.JacksonAutoConfiguration$Jackson2ObjectMapperBuilderCustomizerConfiguration' existing class 'org.springframework.boot.autoconfigure.jackson.JacksonAutoConfiguration$Jackson2ObjectMapperBuilderCustomizerConfiguration' with enhanced class 'org.springframework.boot.autoconfigure.jackson.JacksonAutoConfiguration$Jackson2ObjectMapperBuilderCustomizerConfiguration$$EnhancerBySpringCGLIB$$6a417bd2'
2020-03-14 21:56:51.986 [main] DEBUG o.s.c.a.ConfigurationClassEnhancer - Successfully enhanced org.springframework.boot.autoconfigure.jackson.JacksonAutoConfiguration$JacksonObjectMapperBuilderConfiguration; enhanced class name is: org.springframework.boot.autoconfigure.jackson.JacksonAutoConfiguration$JacksonObjectMapperBuilderConfiguration$$EnhancerBySpringCGLIB$$af2a95e3
2020-03-14 21:56:51.991 [main] DEBUG o.s.c.a.ConfigurationClassPostProcessor - Replacing bean definition 'org.springframework.boot.autoconfigure.jackson.JacksonAutoConfiguration$JacksonObjectMapperBuilderConfiguration' existing class 'org.springframework.boot.autoconfigure.jackson.JacksonAutoConfiguration$JacksonObjectMapperBuilderConfiguration' with enhanced class 'org.springframework.boot.autoconfigure.jackson.JacksonAutoConfiguration$JacksonObjectMapperBuilderConfiguration$$EnhancerBySpringCGLIB$$af2a95e3'
2020-03-14 21:56:52.036 [main] DEBUG o.s.c.a.ConfigurationClassEnhancer - Successfully enhanced org.springframework.boot.autoconfigure.jackson.JacksonAutoConfiguration$ParameterNamesModuleConfiguration; enhanced class name is: org.springframework.boot.autoconfigure.jackson.JacksonAutoConfiguration$ParameterNamesModuleConfiguration$$EnhancerBySpringCGLIB$$910cf300
2020-03-14 21:56:52.036 [main] DEBUG o.s.c.a.ConfigurationClassPostProcessor - Replacing bean definition 'org.springframework.boot.autoconfigure.jackson.JacksonAutoConfiguration$ParameterNamesModuleConfiguration' existing class 'org.springframework.boot.autoconfigure.jackson.JacksonAutoConfiguration$ParameterNamesModuleConfiguration' with enhanced class 'org.springframework.boot.autoconfigure.jackson.JacksonAutoConfiguration$ParameterNamesModuleConfiguration$$EnhancerBySpringCGLIB$$910cf300'
2020-03-14 21:56:52.051 [main] DEBUG o.s.c.a.ConfigurationClassEnhancer - Successfully enhanced org.springframework.boot.autoconfigure.jackson.JacksonAutoConfiguration$JacksonObjectMapperConfiguration; enhanced class name is: org.springframework.boot.autoconfigure.jackson.JacksonAutoConfiguration$JacksonObjectMapperConfiguration$$EnhancerBySpringCGLIB$$fcddd3ca
2020-03-14 21:56:52.051 [main] DEBUG o.s.c.a.ConfigurationClassPostProcessor - Replacing bean definition 'org.springframework.boot.autoconfigure.jackson.JacksonAutoConfiguration$JacksonObjectMapperConfiguration' existing class 'org.springframework.boot.autoconfigure.jackson.JacksonAutoConfiguration$JacksonObjectMapperConfiguration' with enhanced class 'org.springframework.boot.autoconfigure.jackson.JacksonAutoConfiguration$JacksonObjectMapperConfiguration$$EnhancerBySpringCGLIB$$fcddd3ca'
2020-03-14 21:56:52.064 [main] DEBUG o.s.c.a.ConfigurationClassEnhancer - Successfully enhanced org.springframework.boot.autoconfigure.jackson.JacksonAutoConfiguration; enhanced class name is: org.springframework.boot.autoconfigure.jackson.JacksonAutoConfiguration$$EnhancerBySpringCGLIB$$dee97159
2020-03-14 21:56:52.064 [main] DEBUG o.s.c.a.ConfigurationClassPostProcessor - Replacing bean definition 'org.springframework.boot.autoconfigure.jackson.JacksonAutoConfiguration' existing class 'org.springframework.boot.autoconfigure.jackson.JacksonAutoConfiguration' with enhanced class 'org.springframework.boot.autoconfigure.jackson.JacksonAutoConfiguration$$EnhancerBySpringCGLIB$$dee97159'
2020-03-14 21:56:52.067 [main] DEBUG o.s.c.a.ConfigurationClassEnhancer - Successfully enhanced org.springframework.boot.autoconfigure.http.HttpMessageConvertersAutoConfiguration$StringHttpMessageConverterConfiguration; enhanced class name is: org.springframework.boot.autoconfigure.http.HttpMessageConvertersAutoConfiguration$StringHttpMessageConverterConfiguration$$EnhancerBySpringCGLIB$$ee8be66d
2020-03-14 21:56:52.067 [main] DEBUG o.s.c.a.ConfigurationClassPostProcessor - Replacing bean definition 'org.springframework.boot.autoconfigure.http.HttpMessageConvertersAutoConfiguration$StringHttpMessageConverterConfiguration' existing class 'org.springframework.boot.autoconfigure.http.HttpMessageConvertersAutoConfiguration$StringHttpMessageConverterConfiguration' with enhanced class 'org.springframework.boot.autoconfigure.http.HttpMessageConvertersAutoConfiguration$StringHttpMessageConverterConfiguration$$EnhancerBySpringCGLIB$$ee8be66d'
2020-03-14 21:56:52.070 [main] DEBUG o.s.c.a.ConfigurationClassEnhancer - Successfully enhanced org.springframework.boot.autoconfigure.http.JacksonHttpMessageConvertersConfiguration$MappingJackson2HttpMessageConverterConfiguration; enhanced class name is: org.springframework.boot.autoconfigure.http.JacksonHttpMessageConvertersConfiguration$MappingJackson2HttpMessageConverterConfiguration$$EnhancerBySpringCGLIB$$2861e26d
2020-03-14 21:56:52.070 [main] DEBUG o.s.c.a.ConfigurationClassPostProcessor - Replacing bean definition 'org.springframework.boot.autoconfigure.http.JacksonHttpMessageConvertersConfiguration$MappingJackson2HttpMessageConverterConfiguration' existing class 'org.springframework.boot.autoconfigure.http.JacksonHttpMessageConvertersConfiguration$MappingJackson2HttpMessageConverterConfiguration' with enhanced class 'org.springframework.boot.autoconfigure.http.JacksonHttpMessageConvertersConfiguration$MappingJackson2HttpMessageConverterConfiguration$$EnhancerBySpringCGLIB$$2861e26d'
2020-03-14 21:56:52.075 [main] DEBUG o.s.c.a.ConfigurationClassEnhancer - Successfully enhanced org.springframework.boot.autoconfigure.http.JacksonHttpMessageConvertersConfiguration; enhanced class name is: org.springframework.boot.autoconfigure.http.JacksonHttpMessageConvertersConfiguration$$EnhancerBySpringCGLIB$$1ed515fb
2020-03-14 21:56:52.075 [main] DEBUG o.s.c.a.ConfigurationClassPostProcessor - Replacing bean definition 'org.springframework.boot.autoconfigure.http.JacksonHttpMessageConvertersConfiguration' existing class 'org.springframework.boot.autoconfigure.http.JacksonHttpMessageConvertersConfiguration' with enhanced class 'org.springframework.boot.autoconfigure.http.JacksonHttpMessageConvertersConfiguration$$EnhancerBySpringCGLIB$$1ed515fb'
2020-03-14 21:56:52.077 [main] DEBUG o.s.c.a.ConfigurationClassEnhancer - Successfully enhanced org.springframework.boot.autoconfigure.http.GsonHttpMessageConvertersConfiguration; enhanced class name is: org.springframework.boot.autoconfigure.http.GsonHttpMessageConvertersConfiguration$$EnhancerBySpringCGLIB$$5fb6aa7
2020-03-14 21:56:52.078 [main] DEBUG o.s.c.a.ConfigurationClassPostProcessor - Replacing bean definition 'org.springframework.boot.autoconfigure.http.GsonHttpMessageConvertersConfiguration' existing class 'org.springframework.boot.autoconfigure.http.GsonHttpMessageConvertersConfiguration' with enhanced class 'org.springframework.boot.autoconfigure.http.GsonHttpMessageConvertersConfiguration$$EnhancerBySpringCGLIB$$5fb6aa7'
2020-03-14 21:56:52.088 [main] DEBUG o.s.c.a.ConfigurationClassEnhancer - Successfully enhanced org.springframework.boot.autoconfigure.http.HttpMessageConvertersAutoConfiguration; enhanced class name is: org.springframework.boot.autoconfigure.http.HttpMessageConvertersAutoConfiguration$$EnhancerBySpringCGLIB$$bb7e1fcd
2020-03-14 21:56:52.088 [main] DEBUG o.s.c.a.ConfigurationClassPostProcessor - Replacing bean definition 'org.springframework.boot.autoconfigure.http.HttpMessageConvertersAutoConfiguration' existing class 'org.springframework.boot.autoconfigure.http.HttpMessageConvertersAutoConfiguration' with enhanced class 'org.springframework.boot.autoconfigure.http.HttpMessageConvertersAutoConfiguration$$EnhancerBySpringCGLIB$$bb7e1fcd'
2020-03-14 21:56:52.096 [main] DEBUG o.s.c.a.ConfigurationClassEnhancer - Successfully enhanced org.springframework.boot.autoconfigure.web.client.RestTemplateAutoConfiguration; enhanced class name is: org.springframework.boot.autoconfigure.web.client.RestTemplateAutoConfiguration$$EnhancerBySpringCGLIB$$3c604dba
2020-03-14 21:56:52.097 [main] DEBUG o.s.c.a.ConfigurationClassPostProcessor - Replacing bean definition 'org.springframework.boot.autoconfigure.web.client.RestTemplateAutoConfiguration' existing class 'org.springframework.boot.autoconfigure.web.client.RestTemplateAutoConfiguration' with enhanced class 'org.springframework.boot.autoconfigure.web.client.RestTemplateAutoConfiguration$$EnhancerBySpringCGLIB$$3c604dba'
2020-03-14 21:56:52.106 [main] DEBUG o.s.c.a.ConfigurationClassEnhancer - Successfully enhanced org.springframework.boot.actuate.autoconfigure.metrics.web.client.RestTemplateMetricsAutoConfiguration; enhanced class name is: org.springframework.boot.actuate.autoconfigure.metrics.web.client.RestTemplateMetricsAutoConfiguration$$EnhancerBySpringCGLIB$$d9bd3043
2020-03-14 21:56:52.107 [main] DEBUG o.s.c.a.ConfigurationClassPostProcessor - Replacing bean definition 'org.springframework.boot.actuate.autoconfigure.metrics.web.client.RestTemplateMetricsAutoConfiguration' existing class 'org.springframework.boot.actuate.autoconfigure.metrics.web.client.RestTemplateMetricsAutoConfiguration' with enhanced class 'org.springframework.boot.actuate.autoconfigure.metrics.web.client.RestTemplateMetricsAutoConfiguration$$EnhancerBySpringCGLIB$$d9bd3043'
2020-03-14 21:56:52.110 [main] DEBUG o.s.c.a.ConfigurationClassEnhancer - Successfully enhanced org.springframework.boot.actuate.autoconfigure.metrics.web.servlet.WebMvcMetricsAutoConfiguration; enhanced class name is: org.springframework.boot.actuate.autoconfigure.metrics.web.servlet.WebMvcMetricsAutoConfiguration$$EnhancerBySpringCGLIB$$b4ec0de1
2020-03-14 21:56:52.110 [main] DEBUG o.s.c.a.ConfigurationClassPostProcessor - Replacing bean definition 'org.springframework.boot.actuate.autoconfigure.metrics.web.servlet.WebMvcMetricsAutoConfiguration' existing class 'org.springframework.boot.actuate.autoconfigure.metrics.web.servlet.WebMvcMetricsAutoConfiguration' with enhanced class 'org.springframework.boot.actuate.autoconfigure.metrics.web.servlet.WebMvcMetricsAutoConfiguration$$EnhancerBySpringCGLIB$$b4ec0de1'
2020-03-14 21:56:52.117 [main] DEBUG o.s.c.a.ConfigurationClassEnhancer - Successfully enhanced org.springframework.boot.actuate.autoconfigure.scheduling.ScheduledTasksEndpointAutoConfiguration; enhanced class name is: org.springframework.boot.actuate.autoconfigure.scheduling.ScheduledTasksEndpointAutoConfiguration$$EnhancerBySpringCGLIB$$31344d00
2020-03-14 21:56:52.117 [main] DEBUG o.s.c.a.ConfigurationClassPostProcessor - Replacing bean definition 'org.springframework.boot.actuate.autoconfigure.scheduling.ScheduledTasksEndpointAutoConfiguration' existing class 'org.springframework.boot.actuate.autoconfigure.scheduling.ScheduledTasksEndpointAutoConfiguration' with enhanced class 'org.springframework.boot.actuate.autoconfigure.scheduling.ScheduledTasksEndpointAutoConfiguration$$EnhancerBySpringCGLIB$$31344d00'
2020-03-14 21:56:52.128 [main] DEBUG o.s.c.a.ConfigurationClassEnhancer - Successfully enhanced org.springframework.boot.actuate.autoconfigure.trace.http.HttpTraceAutoConfiguration; enhanced class name is: org.springframework.boot.actuate.autoconfigure.trace.http.HttpTraceAutoConfiguration$$EnhancerBySpringCGLIB$$e02b63a
2020-03-14 21:56:52.129 [main] DEBUG o.s.c.a.ConfigurationClassPostProcessor - Replacing bean definition 'org.springframework.boot.actuate.autoconfigure.trace.http.HttpTraceAutoConfiguration' existing class 'org.springframework.boot.actuate.autoconfigure.trace.http.HttpTraceAutoConfiguration' with enhanced class 'org.springframework.boot.actuate.autoconfigure.trace.http.HttpTraceAutoConfiguration$$EnhancerBySpringCGLIB$$e02b63a'
2020-03-14 21:56:52.135 [main] DEBUG o.s.c.a.ConfigurationClassEnhancer - Successfully enhanced org.springframework.boot.actuate.autoconfigure.trace.http.HttpTraceEndpointAutoConfiguration; enhanced class name is: org.springframework.boot.actuate.autoconfigure.trace.http.HttpTraceEndpointAutoConfiguration$$EnhancerBySpringCGLIB$$bda18e85
2020-03-14 21:56:52.136 [main] DEBUG o.s.c.a.ConfigurationClassPostProcessor - Replacing bean definition 'org.springframework.boot.actuate.autoconfigure.trace.http.HttpTraceEndpointAutoConfiguration' existing class 'org.springframework.boot.actuate.autoconfigure.trace.http.HttpTraceEndpointAutoConfiguration' with enhanced class 'org.springframework.boot.actuate.autoconfigure.trace.http.HttpTraceEndpointAutoConfiguration$$EnhancerBySpringCGLIB$$bda18e85'
2020-03-14 21:56:52.140 [main] DEBUG o.s.c.a.ConfigurationClassEnhancer - Successfully enhanced org.springframework.boot.actuate.autoconfigure.web.mappings.MappingsEndpointAutoConfiguration$ServletWebConfiguration$SpringMvcConfiguration; enhanced class name is: org.springframework.boot.actuate.autoconfigure.web.mappings.MappingsEndpointAutoConfiguration$ServletWebConfiguration$SpringMvcConfiguration$$EnhancerBySpringCGLIB$$15309dbf
2020-03-14 21:56:52.141 [main] DEBUG o.s.c.a.ConfigurationClassPostProcessor - Replacing bean definition 'org.springframework.boot.actuate.autoconfigure.web.mappings.MappingsEndpointAutoConfiguration$ServletWebConfiguration$SpringMvcConfiguration' existing class 'org.springframework.boot.actuate.autoconfigure.web.mappings.MappingsEndpointAutoConfiguration$ServletWebConfiguration$SpringMvcConfiguration' with enhanced class 'org.springframework.boot.actuate.autoconfigure.web.mappings.MappingsEndpointAutoConfiguration$ServletWebConfiguration$SpringMvcConfiguration$$EnhancerBySpringCGLIB$$15309dbf'
2020-03-14 21:56:52.144 [main] DEBUG o.s.c.a.ConfigurationClassEnhancer - Successfully enhanced org.springframework.boot.actuate.autoconfigure.web.mappings.MappingsEndpointAutoConfiguration$ServletWebConfiguration; enhanced class name is: org.springframework.boot.actuate.autoconfigure.web.mappings.MappingsEndpointAutoConfiguration$ServletWebConfiguration$$EnhancerBySpringCGLIB$$a735194a
2020-03-14 21:56:52.145 [main] DEBUG o.s.c.a.ConfigurationClassPostProcessor - Replacing bean definition 'org.springframework.boot.actuate.autoconfigure.web.mappings.MappingsEndpointAutoConfiguration$ServletWebConfiguration' existing class 'org.springframework.boot.actuate.autoconfigure.web.mappings.MappingsEndpointAutoConfiguration$ServletWebConfiguration' with enhanced class 'org.springframework.boot.actuate.autoconfigure.web.mappings.MappingsEndpointAutoConfiguration$ServletWebConfiguration$$EnhancerBySpringCGLIB$$a735194a'
2020-03-14 21:56:52.148 [main] DEBUG o.s.c.a.ConfigurationClassEnhancer - Successfully enhanced org.springframework.boot.actuate.autoconfigure.web.mappings.MappingsEndpointAutoConfiguration; enhanced class name is: org.springframework.boot.actuate.autoconfigure.web.mappings.MappingsEndpointAutoConfiguration$$EnhancerBySpringCGLIB$$9e2a0947
2020-03-14 21:56:52.148 [main] DEBUG o.s.c.a.ConfigurationClassPostProcessor - Replacing bean definition 'org.springframework.boot.actuate.autoconfigure.web.mappings.MappingsEndpointAutoConfiguration' existing class 'org.springframework.boot.actuate.autoconfigure.web.mappings.MappingsEndpointAutoConfiguration' with enhanced class 'org.springframework.boot.actuate.autoconfigure.web.mappings.MappingsEndpointAutoConfiguration$$EnhancerBySpringCGLIB$$9e2a0947'
2020-03-14 21:56:52.150 [main] DEBUG o.s.c.a.ConfigurationClassEnhancer - Successfully enhanced org.springframework.boot.autoconfigure.aop.AopAutoConfiguration$CglibAutoProxyConfiguration; enhanced class name is: org.springframework.boot.autoconfigure.aop.AopAutoConfiguration$CglibAutoProxyConfiguration$$EnhancerBySpringCGLIB$$dd66d36f
2020-03-14 21:56:52.150 [main] DEBUG o.s.c.a.ConfigurationClassPostProcessor - Replacing bean definition 'org.springframework.boot.autoconfigure.aop.AopAutoConfiguration$CglibAutoProxyConfiguration' existing class 'org.springframework.boot.autoconfigure.aop.AopAutoConfiguration$CglibAutoProxyConfiguration' with enhanced class 'org.springframework.boot.autoconfigure.aop.AopAutoConfiguration$CglibAutoProxyConfiguration$$EnhancerBySpringCGLIB$$dd66d36f'
2020-03-14 21:56:52.152 [main] DEBUG o.s.c.a.ConfigurationClassEnhancer - Successfully enhanced org.springframework.boot.autoconfigure.aop.AopAutoConfiguration; enhanced class name is: org.springframework.boot.autoconfigure.aop.AopAutoConfiguration$$EnhancerBySpringCGLIB$$eca0d2fb
2020-03-14 21:56:52.152 [main] DEBUG o.s.c.a.ConfigurationClassPostProcessor - Replacing bean definition 'org.springframework.boot.autoconfigure.aop.AopAutoConfiguration' existing class 'org.springframework.boot.autoconfigure.aop.AopAutoConfiguration' with enhanced class 'org.springframework.boot.autoconfigure.aop.AopAutoConfiguration$$EnhancerBySpringCGLIB$$eca0d2fb'
2020-03-14 21:56:52.168 [main] DEBUG o.s.c.a.ConfigurationClassEnhancer - Successfully enhanced org.springframework.boot.autoconfigure.context.ConfigurationPropertiesAutoConfiguration; enhanced class name is: org.springframework.boot.autoconfigure.context.ConfigurationPropertiesAutoConfiguration$$EnhancerBySpringCGLIB$$90d3df87
2020-03-14 21:56:52.169 [main] DEBUG o.s.c.a.ConfigurationClassPostProcessor - Replacing bean definition 'org.springframework.boot.autoconfigure.context.ConfigurationPropertiesAutoConfiguration' existing class 'org.springframework.boot.autoconfigure.context.ConfigurationPropertiesAutoConfiguration' with enhanced class 'org.springframework.boot.autoconfigure.context.ConfigurationPropertiesAutoConfiguration$$EnhancerBySpringCGLIB$$90d3df87'
2020-03-14 21:56:52.212 [main] DEBUG o.s.c.a.ConfigurationClassEnhancer - Successfully enhanced org.springframework.cloud.autoconfigure.RefreshAutoConfiguration$JpaInvokerConfiguration; enhanced class name is: org.springframework.cloud.autoconfigure.RefreshAutoConfiguration$JpaInvokerConfiguration$$EnhancerBySpringCGLIB$$5bccd614
2020-03-14 21:56:52.213 [main] DEBUG o.s.c.a.ConfigurationClassPostProcessor - Replacing bean definition 'org.springframework.cloud.autoconfigure.RefreshAutoConfiguration$JpaInvokerConfiguration' existing class 'org.springframework.cloud.autoconfigure.RefreshAutoConfiguration$JpaInvokerConfiguration' with enhanced class 'org.springframework.cloud.autoconfigure.RefreshAutoConfiguration$JpaInvokerConfiguration$$EnhancerBySpringCGLIB$$5bccd614'
2020-03-14 21:56:52.223 [main] DEBUG o.s.c.a.ConfigurationClassEnhancer - Successfully enhanced org.springframework.cloud.autoconfigure.RefreshAutoConfiguration; enhanced class name is: org.springframework.cloud.autoconfigure.RefreshAutoConfiguration$$EnhancerBySpringCGLIB$$5e7117e1
2020-03-14 21:56:52.223 [main] DEBUG o.s.c.a.ConfigurationClassPostProcessor - Replacing bean definition 'org.springframework.cloud.autoconfigure.RefreshAutoConfiguration' existing class 'org.springframework.cloud.autoconfigure.RefreshAutoConfiguration' with enhanced class 'org.springframework.cloud.autoconfigure.RefreshAutoConfiguration$$EnhancerBySpringCGLIB$$5e7117e1'
2020-03-14 21:56:52.226 [main] DEBUG o.s.c.a.ConfigurationClassEnhancer - Successfully enhanced org.springframework.boot.autoconfigure.orm.jpa.JpaBaseConfiguration$JpaWebConfiguration$JpaWebMvcConfiguration; enhanced class name is: org.springframework.boot.autoconfigure.orm.jpa.JpaBaseConfiguration$JpaWebConfiguration$JpaWebMvcConfiguration$$EnhancerBySpringCGLIB$$ea856131
2020-03-14 21:56:52.226 [main] DEBUG o.s.c.a.ConfigurationClassPostProcessor - Replacing bean definition 'org.springframework.boot.autoconfigure.orm.jpa.JpaBaseConfiguration$JpaWebConfiguration$JpaWebMvcConfiguration' existing class 'org.springframework.boot.autoconfigure.orm.jpa.JpaBaseConfiguration$JpaWebConfiguration$JpaWebMvcConfiguration' with enhanced class 'org.springframework.boot.autoconfigure.orm.jpa.JpaBaseConfiguration$JpaWebConfiguration$JpaWebMvcConfiguration$$EnhancerBySpringCGLIB$$ea856131'
2020-03-14 21:56:52.228 [main] DEBUG o.s.c.a.ConfigurationClassEnhancer - Successfully enhanced org.springframework.boot.autoconfigure.orm.jpa.JpaBaseConfiguration$JpaWebConfiguration; enhanced class name is: org.springframework.boot.autoconfigure.orm.jpa.JpaBaseConfiguration$JpaWebConfiguration$$EnhancerBySpringCGLIB$$f66f184
2020-03-14 21:56:52.229 [main] DEBUG o.s.c.a.ConfigurationClassPostProcessor - Replacing bean definition 'org.springframework.boot.autoconfigure.orm.jpa.JpaBaseConfiguration$JpaWebConfiguration' existing class 'org.springframework.boot.autoconfigure.orm.jpa.JpaBaseConfiguration$JpaWebConfiguration' with enhanced class 'org.springframework.boot.autoconfigure.orm.jpa.JpaBaseConfiguration$JpaWebConfiguration$$EnhancerBySpringCGLIB$$f66f184'
2020-03-14 21:56:52.238 [main] DEBUG o.s.c.a.ConfigurationClassEnhancer - Successfully enhanced org.springframework.boot.autoconfigure.orm.jpa.HibernateJpaConfiguration; enhanced class name is: org.springframework.boot.autoconfigure.orm.jpa.HibernateJpaConfiguration$$EnhancerBySpringCGLIB$$c02116a8
2020-03-14 21:56:52.239 [main] DEBUG o.s.c.a.ConfigurationClassPostProcessor - Replacing bean definition 'org.springframework.boot.autoconfigure.orm.jpa.HibernateJpaConfiguration' existing class 'org.springframework.boot.autoconfigure.orm.jpa.HibernateJpaConfiguration' with enhanced class 'org.springframework.boot.autoconfigure.orm.jpa.HibernateJpaConfiguration$$EnhancerBySpringCGLIB$$c02116a8'
2020-03-14 21:56:52.256 [main] DEBUG o.s.c.a.ConfigurationClassEnhancer - Successfully enhanced org.springframework.boot.autoconfigure.orm.jpa.HibernateJpaAutoConfiguration; enhanced class name is: org.springframework.boot.autoconfigure.orm.jpa.HibernateJpaAutoConfiguration$$EnhancerBySpringCGLIB$$ad0b859
2020-03-14 21:56:52.256 [main] DEBUG o.s.c.a.ConfigurationClassPostProcessor - Replacing bean definition 'org.springframework.boot.autoconfigure.orm.jpa.HibernateJpaAutoConfiguration' existing class 'org.springframework.boot.autoconfigure.orm.jpa.HibernateJpaAutoConfiguration' with enhanced class 'org.springframework.boot.autoconfigure.orm.jpa.HibernateJpaAutoConfiguration$$EnhancerBySpringCGLIB$$ad0b859'
2020-03-14 21:56:52.270 [main] DEBUG o.s.c.a.ConfigurationClassEnhancer - Successfully enhanced org.springframework.boot.autoconfigure.data.jpa.JpaRepositoriesAutoConfiguration; enhanced class name is: org.springframework.boot.autoconfigure.data.jpa.JpaRepositoriesAutoConfiguration$$EnhancerBySpringCGLIB$$512541ed
2020-03-14 21:56:52.271 [main] DEBUG o.s.c.a.ConfigurationClassPostProcessor - Replacing bean definition 'org.springframework.boot.autoconfigure.data.jpa.JpaRepositoriesAutoConfiguration' existing class 'org.springframework.boot.autoconfigure.data.jpa.JpaRepositoriesAutoConfiguration' with enhanced class 'org.springframework.boot.autoconfigure.data.jpa.JpaRepositoriesAutoConfiguration$$EnhancerBySpringCGLIB$$512541ed'
2020-03-14 21:56:52.276 [main] DEBUG o.s.c.a.ConfigurationClassEnhancer - Successfully enhanced org.springframework.boot.autoconfigure.data.mongo.MongoRepositoriesAutoConfiguration; enhanced class name is: org.springframework.boot.autoconfigure.data.mongo.MongoRepositoriesAutoConfiguration$$EnhancerBySpringCGLIB$$5bd342bb
2020-03-14 21:56:52.277 [main] DEBUG o.s.c.a.ConfigurationClassPostProcessor - Replacing bean definition 'org.springframework.boot.autoconfigure.data.mongo.MongoRepositoriesAutoConfiguration' existing class 'org.springframework.boot.autoconfigure.data.mongo.MongoRepositoriesAutoConfiguration' with enhanced class 'org.springframework.boot.autoconfigure.data.mongo.MongoRepositoriesAutoConfiguration$$EnhancerBySpringCGLIB$$5bd342bb'
2020-03-14 21:56:52.281 [main] DEBUG o.s.c.a.ConfigurationClassEnhancer - Successfully enhanced org.springframework.data.web.config.ProjectingArgumentResolverRegistrar; enhanced class name is: org.springframework.data.web.config.ProjectingArgumentResolverRegistrar$$EnhancerBySpringCGLIB$$d7c1bd2a
2020-03-14 21:56:52.281 [main] DEBUG o.s.c.a.ConfigurationClassPostProcessor - Replacing bean definition 'org.springframework.data.web.config.ProjectingArgumentResolverRegistrar' existing class 'org.springframework.data.web.config.ProjectingArgumentResolverRegistrar' with enhanced class 'org.springframework.data.web.config.ProjectingArgumentResolverRegistrar$$EnhancerBySpringCGLIB$$d7c1bd2a'
2020-03-14 21:56:52.285 [main] DEBUG o.s.c.a.ConfigurationClassEnhancer - Successfully enhanced org.springframework.data.web.config.SpringDataWebConfiguration; enhanced class name is: org.springframework.data.web.config.SpringDataWebConfiguration$$EnhancerBySpringCGLIB$$2ae828c
2020-03-14 21:56:52.286 [main] DEBUG o.s.c.a.ConfigurationClassPostProcessor - Replacing bean definition 'org.springframework.data.web.config.SpringDataWebConfiguration' existing class 'org.springframework.data.web.config.SpringDataWebConfiguration' with enhanced class 'org.springframework.data.web.config.SpringDataWebConfiguration$$EnhancerBySpringCGLIB$$2ae828c'
2020-03-14 21:56:52.309 [main] DEBUG o.s.c.a.ConfigurationClassEnhancer - Successfully enhanced org.springframework.boot.autoconfigure.data.web.SpringDataWebAutoConfiguration; enhanced class name is: org.springframework.boot.autoconfigure.data.web.SpringDataWebAutoConfiguration$$EnhancerBySpringCGLIB$$8ce10a5a
2020-03-14 21:56:52.310 [main] DEBUG o.s.c.a.ConfigurationClassPostProcessor - Replacing bean definition 'org.springframework.boot.autoconfigure.data.web.SpringDataWebAutoConfiguration' existing class 'org.springframework.boot.autoconfigure.data.web.SpringDataWebAutoConfiguration' with enhanced class 'org.springframework.boot.autoconfigure.data.web.SpringDataWebAutoConfiguration$$EnhancerBySpringCGLIB$$8ce10a5a'
2020-03-14 21:56:52.313 [main] DEBUG o.s.c.a.ConfigurationClassEnhancer - Successfully enhanced org.springframework.boot.autoconfigure.http.codec.CodecsAutoConfiguration$JacksonCodecConfiguration; enhanced class name is: org.springframework.boot.autoconfigure.http.codec.CodecsAutoConfiguration$JacksonCodecConfiguration$$EnhancerBySpringCGLIB$$9246f85
2020-03-14 21:56:52.314 [main] DEBUG o.s.c.a.ConfigurationClassPostProcessor - Replacing bean definition 'org.springframework.boot.autoconfigure.http.codec.CodecsAutoConfiguration$JacksonCodecConfiguration' existing class 'org.springframework.boot.autoconfigure.http.codec.CodecsAutoConfiguration$JacksonCodecConfiguration' with enhanced class 'org.springframework.boot.autoconfigure.http.codec.CodecsAutoConfiguration$JacksonCodecConfiguration$$EnhancerBySpringCGLIB$$9246f85'
2020-03-14 21:56:52.317 [main] DEBUG o.s.c.a.ConfigurationClassEnhancer - Successfully enhanced org.springframework.boot.autoconfigure.http.codec.CodecsAutoConfiguration; enhanced class name is: org.springframework.boot.autoconfigure.http.codec.CodecsAutoConfiguration$$EnhancerBySpringCGLIB$$13f1e736
2020-03-14 21:56:52.317 [main] DEBUG o.s.c.a.ConfigurationClassPostProcessor - Replacing bean definition 'org.springframework.boot.autoconfigure.http.codec.CodecsAutoConfiguration' existing class 'org.springframework.boot.autoconfigure.http.codec.CodecsAutoConfiguration' with enhanced class 'org.springframework.boot.autoconfigure.http.codec.CodecsAutoConfiguration$$EnhancerBySpringCGLIB$$13f1e736'
2020-03-14 21:56:52.341 [main] DEBUG o.s.c.a.ConfigurationClassEnhancer - Successfully enhanced org.springframework.boot.autoconfigure.jdbc.JdbcTemplateAutoConfiguration$JdbcTemplateConfiguration; enhanced class name is: org.springframework.boot.autoconfigure.jdbc.JdbcTemplateAutoConfiguration$JdbcTemplateConfiguration$$EnhancerBySpringCGLIB$$b9d582a6
2020-03-14 21:56:52.341 [main] DEBUG o.s.c.a.ConfigurationClassPostProcessor - Replacing bean definition 'org.springframework.boot.autoconfigure.jdbc.JdbcTemplateAutoConfiguration$JdbcTemplateConfiguration' existing class 'org.springframework.boot.autoconfigure.jdbc.JdbcTemplateAutoConfiguration$JdbcTemplateConfiguration' with enhanced class 'org.springframework.boot.autoconfigure.jdbc.JdbcTemplateAutoConfiguration$JdbcTemplateConfiguration$$EnhancerBySpringCGLIB$$b9d582a6'
2020-03-14 21:56:52.375 [main] DEBUG o.s.c.a.ConfigurationClassEnhancer - Successfully enhanced org.springframework.boot.autoconfigure.jdbc.JdbcTemplateAutoConfiguration$NamedParameterJdbcTemplateConfiguration; enhanced class name is: org.springframework.boot.autoconfigure.jdbc.JdbcTemplateAutoConfiguration$NamedParameterJdbcTemplateConfiguration$$EnhancerBySpringCGLIB$$abb679d6
2020-03-14 21:56:52.375 [main] DEBUG o.s.c.a.ConfigurationClassPostProcessor - Replacing bean definition 'org.springframework.boot.autoconfigure.jdbc.JdbcTemplateAutoConfiguration$NamedParameterJdbcTemplateConfiguration' existing class 'org.springframework.boot.autoconfigure.jdbc.JdbcTemplateAutoConfiguration$NamedParameterJdbcTemplateConfiguration' with enhanced class 'org.springframework.boot.autoconfigure.jdbc.JdbcTemplateAutoConfiguration$NamedParameterJdbcTemplateConfiguration$$EnhancerBySpringCGLIB$$abb679d6'
2020-03-14 21:56:52.379 [main] DEBUG o.s.c.a.ConfigurationClassEnhancer - Successfully enhanced org.springframework.boot.autoconfigure.jdbc.JdbcTemplateAutoConfiguration; enhanced class name is: org.springframework.boot.autoconfigure.jdbc.JdbcTemplateAutoConfiguration$$EnhancerBySpringCGLIB$$c12e8929
2020-03-14 21:56:52.379 [main] DEBUG o.s.c.a.ConfigurationClassPostProcessor - Replacing bean definition 'org.springframework.boot.autoconfigure.jdbc.JdbcTemplateAutoConfiguration' existing class 'org.springframework.boot.autoconfigure.jdbc.JdbcTemplateAutoConfiguration' with enhanced class 'org.springframework.boot.autoconfigure.jdbc.JdbcTemplateAutoConfiguration$$EnhancerBySpringCGLIB$$c12e8929'
2020-03-14 21:56:52.382 [main] DEBUG o.s.c.a.ConfigurationClassEnhancer - Successfully enhanced org.springframework.boot.autoconfigure.security.reactive.ReactiveSecurityAutoConfiguration; enhanced class name is: org.springframework.boot.autoconfigure.security.reactive.ReactiveSecurityAutoConfiguration$$EnhancerBySpringCGLIB$$3a832b9
2020-03-14 21:56:52.382 [main] DEBUG o.s.c.a.ConfigurationClassPostProcessor - Replacing bean definition 'org.springframework.boot.autoconfigure.security.reactive.ReactiveSecurityAutoConfiguration' existing class 'org.springframework.boot.autoconfigure.security.reactive.ReactiveSecurityAutoConfiguration' with enhanced class 'org.springframework.boot.autoconfigure.security.reactive.ReactiveSecurityAutoConfiguration$$EnhancerBySpringCGLIB$$3a832b9'
2020-03-14 21:56:52.387 [main] DEBUG o.s.c.a.ConfigurationClassEnhancer - Successfully enhanced org.springframework.security.config.annotation.web.configuration.WebSecurityConfiguration; enhanced class name is: org.springframework.security.config.annotation.web.configuration.WebSecurityConfiguration$$EnhancerBySpringCGLIB$$487b812c
2020-03-14 21:56:52.387 [main] DEBUG o.s.c.a.ConfigurationClassPostProcessor - Replacing bean definition 'org.springframework.security.config.annotation.web.configuration.WebSecurityConfiguration' existing class 'org.springframework.security.config.annotation.web.configuration.WebSecurityConfiguration' with enhanced class 'org.springframework.security.config.annotation.web.configuration.WebSecurityConfiguration$$EnhancerBySpringCGLIB$$487b812c'
2020-03-14 21:56:52.390 [main] DEBUG o.s.c.a.ConfigurationClassEnhancer - Successfully enhanced org.springframework.boot.autoconfigure.security.servlet.WebSecurityEnablerConfiguration; enhanced class name is: org.springframework.boot.autoconfigure.security.servlet.WebSecurityEnablerConfiguration$$EnhancerBySpringCGLIB$$bed97e6e
2020-03-14 21:56:52.390 [main] DEBUG o.s.c.a.ConfigurationClassPostProcessor - Replacing bean definition 'org.springframework.boot.autoconfigure.security.servlet.WebSecurityEnablerConfiguration' existing class 'org.springframework.boot.autoconfigure.security.servlet.WebSecurityEnablerConfiguration' with enhanced class 'org.springframework.boot.autoconfigure.security.servlet.WebSecurityEnablerConfiguration$$EnhancerBySpringCGLIB$$bed97e6e'
2020-03-14 21:56:52.398 [main] DEBUG o.s.c.a.ConfigurationClassEnhancer - Successfully enhanced org.springframework.boot.autoconfigure.security.servlet.SecurityAutoConfiguration; enhanced class name is: org.springframework.boot.autoconfigure.security.servlet.SecurityAutoConfiguration$$EnhancerBySpringCGLIB$$aff4f11a
2020-03-14 21:56:52.400 [main] DEBUG o.s.c.a.ConfigurationClassPostProcessor - Replacing bean definition 'org.springframework.boot.autoconfigure.security.servlet.SecurityAutoConfiguration' existing class 'org.springframework.boot.autoconfigure.security.servlet.SecurityAutoConfiguration' with enhanced class 'org.springframework.boot.autoconfigure.security.servlet.SecurityAutoConfiguration$$EnhancerBySpringCGLIB$$aff4f11a'
2020-03-14 21:56:52.429 [main] DEBUG o.s.c.a.ConfigurationClassEnhancer - Successfully enhanced org.springframework.boot.autoconfigure.security.servlet.SecurityFilterAutoConfiguration; enhanced class name is: org.springframework.boot.autoconfigure.security.servlet.SecurityFilterAutoConfiguration$$EnhancerBySpringCGLIB$$870945c2
2020-03-14 21:56:52.430 [main] DEBUG o.s.c.a.ConfigurationClassPostProcessor - Replacing bean definition 'org.springframework.boot.autoconfigure.security.servlet.SecurityFilterAutoConfiguration' existing class 'org.springframework.boot.autoconfigure.security.servlet.SecurityFilterAutoConfiguration' with enhanced class 'org.springframework.boot.autoconfigure.security.servlet.SecurityFilterAutoConfiguration$$EnhancerBySpringCGLIB$$870945c2'
2020-03-14 21:56:52.434 [main] DEBUG o.s.c.a.ConfigurationClassEnhancer - Successfully enhanced org.springframework.boot.autoconfigure.security.servlet.UserDetailsServiceAutoConfiguration; enhanced class name is: org.springframework.boot.autoconfigure.security.servlet.UserDetailsServiceAutoConfiguration$$EnhancerBySpringCGLIB$$d1c29d5c
2020-03-14 21:56:52.435 [main] DEBUG o.s.c.a.ConfigurationClassPostProcessor - Replacing bean definition 'org.springframework.boot.autoconfigure.security.servlet.UserDetailsServiceAutoConfiguration' existing class 'org.springframework.boot.autoconfigure.security.servlet.UserDetailsServiceAutoConfiguration' with enhanced class 'org.springframework.boot.autoconfigure.security.servlet.UserDetailsServiceAutoConfiguration$$EnhancerBySpringCGLIB$$d1c29d5c'
2020-03-14 21:56:52.442 [main] DEBUG o.s.c.a.ConfigurationClassEnhancer - Successfully enhanced org.springframework.boot.autoconfigure.jdbc.DataSourceTransactionManagerAutoConfiguration$DataSourceTransactionManagerConfiguration; enhanced class name is: org.springframework.boot.autoconfigure.jdbc.DataSourceTransactionManagerAutoConfiguration$DataSourceTransactionManagerConfiguration$$EnhancerBySpringCGLIB$$4e4aeca8
2020-03-14 21:56:52.442 [main] DEBUG o.s.c.a.ConfigurationClassPostProcessor - Replacing bean definition 'org.springframework.boot.autoconfigure.jdbc.DataSourceTransactionManagerAutoConfiguration$DataSourceTransactionManagerConfiguration' existing class 'org.springframework.boot.autoconfigure.jdbc.DataSourceTransactionManagerAutoConfiguration$DataSourceTransactionManagerConfiguration' with enhanced class 'org.springframework.boot.autoconfigure.jdbc.DataSourceTransactionManagerAutoConfiguration$DataSourceTransactionManagerConfiguration$$EnhancerBySpringCGLIB$$4e4aeca8'
2020-03-14 21:56:52.444 [main] DEBUG o.s.c.a.ConfigurationClassEnhancer - Successfully enhanced org.springframework.boot.autoconfigure.jdbc.DataSourceTransactionManagerAutoConfiguration; enhanced class name is: org.springframework.boot.autoconfigure.jdbc.DataSourceTransactionManagerAutoConfiguration$$EnhancerBySpringCGLIB$$b221448a
2020-03-14 21:56:52.445 [main] DEBUG o.s.c.a.ConfigurationClassPostProcessor - Replacing bean definition 'org.springframework.boot.autoconfigure.jdbc.DataSourceTransactionManagerAutoConfiguration' existing class 'org.springframework.boot.autoconfigure.jdbc.DataSourceTransactionManagerAutoConfiguration' with enhanced class 'org.springframework.boot.autoconfigure.jdbc.DataSourceTransactionManagerAutoConfiguration$$EnhancerBySpringCGLIB$$b221448a'
2020-03-14 21:56:52.451 [main] DEBUG o.s.c.a.ConfigurationClassEnhancer - Successfully enhanced org.springframework.transaction.annotation.ProxyTransactionManagementConfiguration; enhanced class name is: org.springframework.transaction.annotation.ProxyTransactionManagementConfiguration$$EnhancerBySpringCGLIB$$a14a5439
2020-03-14 21:56:52.452 [main] DEBUG o.s.c.a.ConfigurationClassPostProcessor - Replacing bean definition 'org.springframework.transaction.annotation.ProxyTransactionManagementConfiguration' existing class 'org.springframework.transaction.annotation.ProxyTransactionManagementConfiguration' with enhanced class 'org.springframework.transaction.annotation.ProxyTransactionManagementConfiguration$$EnhancerBySpringCGLIB$$a14a5439'
2020-03-14 21:56:52.455 [main] DEBUG o.s.c.a.ConfigurationClassEnhancer - Successfully enhanced org.springframework.boot.autoconfigure.transaction.TransactionAutoConfiguration$EnableTransactionManagementConfiguration$CglibAutoProxyConfiguration; enhanced class name is: org.springframework.boot.autoconfigure.transaction.TransactionAutoConfiguration$EnableTransactionManagementConfiguration$CglibAutoProxyConfiguration$$EnhancerBySpringCGLIB$$d2f9869
2020-03-14 21:56:52.455 [main] DEBUG o.s.c.a.ConfigurationClassPostProcessor - Replacing bean definition 'org.springframework.boot.autoconfigure.transaction.TransactionAutoConfiguration$EnableTransactionManagementConfiguration$CglibAutoProxyConfiguration' existing class 'org.springframework.boot.autoconfigure.transaction.TransactionAutoConfiguration$EnableTransactionManagementConfiguration$CglibAutoProxyConfiguration' with enhanced class 'org.springframework.boot.autoconfigure.transaction.TransactionAutoConfiguration$EnableTransactionManagementConfiguration$CglibAutoProxyConfiguration$$EnhancerBySpringCGLIB$$d2f9869'
2020-03-14 21:56:52.466 [main] DEBUG o.s.c.a.ConfigurationClassEnhancer - Successfully enhanced org.springframework.boot.autoconfigure.transaction.TransactionAutoConfiguration$EnableTransactionManagementConfiguration; enhanced class name is: org.springframework.boot.autoconfigure.transaction.TransactionAutoConfiguration$EnableTransactionManagementConfiguration$$EnhancerBySpringCGLIB$$2bb8f2f5
2020-03-14 21:56:52.467 [main] DEBUG o.s.c.a.ConfigurationClassPostProcessor - Replacing bean definition 'org.springframework.boot.autoconfigure.transaction.TransactionAutoConfiguration$EnableTransactionManagementConfiguration' existing class 'org.springframework.boot.autoconfigure.transaction.TransactionAutoConfiguration$EnableTransactionManagementConfiguration' with enhanced class 'org.springframework.boot.autoconfigure.transaction.TransactionAutoConfiguration$EnableTransactionManagementConfiguration$$EnhancerBySpringCGLIB$$2bb8f2f5'
2020-03-14 21:56:52.475 [main] DEBUG o.s.c.a.ConfigurationClassEnhancer - Successfully enhanced org.springframework.boot.autoconfigure.transaction.TransactionAutoConfiguration$TransactionTemplateConfiguration; enhanced class name is: org.springframework.boot.autoconfigure.transaction.TransactionAutoConfiguration$TransactionTemplateConfiguration$$EnhancerBySpringCGLIB$$9fd4b17b
2020-03-14 21:56:52.475 [main] DEBUG o.s.c.a.ConfigurationClassPostProcessor - Replacing bean definition 'org.springframework.boot.autoconfigure.transaction.TransactionAutoConfiguration$TransactionTemplateConfiguration' existing class 'org.springframework.boot.autoconfigure.transaction.TransactionAutoConfiguration$TransactionTemplateConfiguration' with enhanced class 'org.springframework.boot.autoconfigure.transaction.TransactionAutoConfiguration$TransactionTemplateConfiguration$$EnhancerBySpringCGLIB$$9fd4b17b'
2020-03-14 21:56:52.483 [main] DEBUG o.s.c.a.ConfigurationClassEnhancer - Successfully enhanced org.springframework.boot.autoconfigure.transaction.TransactionAutoConfiguration; enhanced class name is: org.springframework.boot.autoconfigure.transaction.TransactionAutoConfiguration$$EnhancerBySpringCGLIB$$35be4f43
2020-03-14 21:56:52.483 [main] DEBUG o.s.c.a.ConfigurationClassPostProcessor - Replacing bean definition 'org.springframework.boot.autoconfigure.transaction.TransactionAutoConfiguration' existing class 'org.springframework.boot.autoconfigure.transaction.TransactionAutoConfiguration' with enhanced class 'org.springframework.boot.autoconfigure.transaction.TransactionAutoConfiguration$$EnhancerBySpringCGLIB$$35be4f43'
2020-03-14 21:56:52.487 [main] DEBUG o.s.c.a.ConfigurationClassEnhancer - Successfully enhanced org.springframework.boot.autoconfigure.web.embedded.EmbeddedWebServerFactoryCustomizerAutoConfiguration; enhanced class name is: org.springframework.boot.autoconfigure.web.embedded.EmbeddedWebServerFactoryCustomizerAutoConfiguration$$EnhancerBySpringCGLIB$$b6b2541b
2020-03-14 21:56:52.488 [main] DEBUG o.s.c.a.ConfigurationClassPostProcessor - Replacing bean definition 'org.springframework.boot.autoconfigure.web.embedded.EmbeddedWebServerFactoryCustomizerAutoConfiguration' existing class 'org.springframework.boot.autoconfigure.web.embedded.EmbeddedWebServerFactoryCustomizerAutoConfiguration' with enhanced class 'org.springframework.boot.autoconfigure.web.embedded.EmbeddedWebServerFactoryCustomizerAutoConfiguration$$EnhancerBySpringCGLIB$$b6b2541b'
2020-03-14 21:56:52.493 [main] DEBUG o.s.c.a.ConfigurationClassEnhancer - Successfully enhanced org.springframework.boot.autoconfigure.web.servlet.HttpEncodingAutoConfiguration; enhanced class name is: org.springframework.boot.autoconfigure.web.servlet.HttpEncodingAutoConfiguration$$EnhancerBySpringCGLIB$$749f0adb
2020-03-14 21:56:52.493 [main] DEBUG o.s.c.a.ConfigurationClassPostProcessor - Replacing bean definition 'org.springframework.boot.autoconfigure.web.servlet.HttpEncodingAutoConfiguration' existing class 'org.springframework.boot.autoconfigure.web.servlet.HttpEncodingAutoConfiguration' with enhanced class 'org.springframework.boot.autoconfigure.web.servlet.HttpEncodingAutoConfiguration$$EnhancerBySpringCGLIB$$749f0adb'
2020-03-14 21:56:52.497 [main] DEBUG o.s.c.a.ConfigurationClassEnhancer - Successfully enhanced org.springframework.boot.autoconfigure.web.servlet.MultipartAutoConfiguration; enhanced class name is: org.springframework.boot.autoconfigure.web.servlet.MultipartAutoConfiguration$$EnhancerBySpringCGLIB$$e38f92e8
2020-03-14 21:56:52.498 [main] DEBUG o.s.c.a.ConfigurationClassPostProcessor - Replacing bean definition 'org.springframework.boot.autoconfigure.web.servlet.MultipartAutoConfiguration' existing class 'org.springframework.boot.autoconfigure.web.servlet.MultipartAutoConfiguration' with enhanced class 'org.springframework.boot.autoconfigure.web.servlet.MultipartAutoConfiguration$$EnhancerBySpringCGLIB$$e38f92e8'
2020-03-14 21:56:52.498 [main] DEBUG o.s.c.a.ConfigurationClassEnhancer - Successfully enhanced org.springframework.cloud.autoconfigure.ConfigurationPropertiesRebinderAutoConfiguration; enhanced class name is: org.springframework.cloud.autoconfigure.ConfigurationPropertiesRebinderAutoConfiguration$$EnhancerBySpringCGLIB$$bd645736
2020-03-14 21:56:52.498 [main] DEBUG o.s.c.a.ConfigurationClassPostProcessor - Replacing bean definition 'org.springframework.cloud.autoconfigure.ConfigurationPropertiesRebinderAutoConfiguration' existing class 'org.springframework.cloud.autoconfigure.ConfigurationPropertiesRebinderAutoConfiguration' with enhanced class 'org.springframework.cloud.autoconfigure.ConfigurationPropertiesRebinderAutoConfiguration$$EnhancerBySpringCGLIB$$bd645736'
2020-03-14 21:56:52.501 [main] DEBUG o.s.c.a.ConfigurationClassEnhancer - Successfully enhanced org.springframework.cloud.autoconfigure.RefreshEndpointAutoConfiguration$RefreshEndpointConfiguration; enhanced class name is: org.springframework.cloud.autoconfigure.RefreshEndpointAutoConfiguration$RefreshEndpointConfiguration$$EnhancerBySpringCGLIB$$2995eb9a
2020-03-14 21:56:52.501 [main] DEBUG o.s.c.a.ConfigurationClassPostProcessor - Replacing bean definition 'org.springframework.cloud.autoconfigure.RefreshEndpointAutoConfiguration$RefreshEndpointConfiguration' existing class 'org.springframework.cloud.autoconfigure.RefreshEndpointAutoConfiguration$RefreshEndpointConfiguration' with enhanced class 'org.springframework.cloud.autoconfigure.RefreshEndpointAutoConfiguration$RefreshEndpointConfiguration$$EnhancerBySpringCGLIB$$2995eb9a'
2020-03-14 21:56:52.506 [main] DEBUG o.s.c.a.ConfigurationClassEnhancer - Successfully enhanced org.springframework.cloud.autoconfigure.RestartEndpointWithoutIntegrationConfiguration; enhanced class name is: org.springframework.cloud.autoconfigure.RestartEndpointWithoutIntegrationConfiguration$$EnhancerBySpringCGLIB$$91f336fb
2020-03-14 21:56:52.506 [main] DEBUG o.s.c.a.ConfigurationClassPostProcessor - Replacing bean definition 'org.springframework.cloud.autoconfigure.RestartEndpointWithoutIntegrationConfiguration' existing class 'org.springframework.cloud.autoconfigure.RestartEndpointWithoutIntegrationConfiguration' with enhanced class 'org.springframework.cloud.autoconfigure.RestartEndpointWithoutIntegrationConfiguration$$EnhancerBySpringCGLIB$$91f336fb'
2020-03-14 21:56:52.512 [main] DEBUG o.s.c.a.ConfigurationClassEnhancer - Successfully enhanced org.springframework.cloud.autoconfigure.PauseResumeEndpointsConfiguration; enhanced class name is: org.springframework.cloud.autoconfigure.PauseResumeEndpointsConfiguration$$EnhancerBySpringCGLIB$$e08732c2
2020-03-14 21:56:52.512 [main] DEBUG o.s.c.a.ConfigurationClassPostProcessor - Replacing bean definition 'org.springframework.cloud.autoconfigure.PauseResumeEndpointsConfiguration' existing class 'org.springframework.cloud.autoconfigure.PauseResumeEndpointsConfiguration' with enhanced class 'org.springframework.cloud.autoconfigure.PauseResumeEndpointsConfiguration$$EnhancerBySpringCGLIB$$e08732c2'
2020-03-14 21:56:52.517 [main] DEBUG o.s.c.a.ConfigurationClassEnhancer - Successfully enhanced org.springframework.cloud.autoconfigure.RefreshEndpointAutoConfiguration; enhanced class name is: org.springframework.cloud.autoconfigure.RefreshEndpointAutoConfiguration$$EnhancerBySpringCGLIB$$66c3592c
2020-03-14 21:56:52.517 [main] DEBUG o.s.c.a.ConfigurationClassPostProcessor - Replacing bean definition 'org.springframework.cloud.autoconfigure.RefreshEndpointAutoConfiguration' existing class 'org.springframework.cloud.autoconfigure.RefreshEndpointAutoConfiguration' with enhanced class 'org.springframework.cloud.autoconfigure.RefreshEndpointAutoConfiguration$$EnhancerBySpringCGLIB$$66c3592c'
2020-03-14 21:56:52.525 [main] DEBUG o.s.c.a.ConfigurationClassEnhancer - Successfully enhanced org.springframework.cloud.netflix.eureka.EurekaDiscoveryClientConfiguration$EurekaClientConfigurationRefresher; enhanced class name is: org.springframework.cloud.netflix.eureka.EurekaDiscoveryClientConfiguration$EurekaClientConfigurationRefresher$$EnhancerBySpringCGLIB$$66d348eb
2020-03-14 21:56:52.525 [main] DEBUG o.s.c.a.ConfigurationClassPostProcessor - Replacing bean definition 'org.springframework.cloud.netflix.eureka.EurekaDiscoveryClientConfiguration$EurekaClientConfigurationRefresher' existing class 'org.springframework.cloud.netflix.eureka.EurekaDiscoveryClientConfiguration$EurekaClientConfigurationRefresher' with enhanced class 'org.springframework.cloud.netflix.eureka.EurekaDiscoveryClientConfiguration$EurekaClientConfigurationRefresher$$EnhancerBySpringCGLIB$$66d348eb'
2020-03-14 21:56:52.527 [main] DEBUG o.s.c.a.ConfigurationClassEnhancer - Successfully enhanced org.springframework.cloud.netflix.eureka.EurekaDiscoveryClientConfiguration; enhanced class name is: org.springframework.cloud.netflix.eureka.EurekaDiscoveryClientConfiguration$$EnhancerBySpringCGLIB$$bedc41eb
2020-03-14 21:56:52.528 [main] DEBUG o.s.c.a.ConfigurationClassPostProcessor - Replacing bean definition 'org.springframework.cloud.netflix.eureka.EurekaDiscoveryClientConfiguration' existing class 'org.springframework.cloud.netflix.eureka.EurekaDiscoveryClientConfiguration' with enhanced class 'org.springframework.cloud.netflix.eureka.EurekaDiscoveryClientConfiguration$$EnhancerBySpringCGLIB$$bedc41eb'
2020-03-14 21:56:52.530 [main] DEBUG o.s.c.a.ConfigurationClassEnhancer - Successfully enhanced org.springframework.cloud.client.serviceregistry.AutoServiceRegistrationConfiguration; enhanced class name is: org.springframework.cloud.client.serviceregistry.AutoServiceRegistrationConfiguration$$EnhancerBySpringCGLIB$$b82d81b4
2020-03-14 21:56:52.531 [main] DEBUG o.s.c.a.ConfigurationClassPostProcessor - Replacing bean definition 'org.springframework.cloud.client.serviceregistry.AutoServiceRegistrationConfiguration' existing class 'org.springframework.cloud.client.serviceregistry.AutoServiceRegistrationConfiguration' with enhanced class 'org.springframework.cloud.client.serviceregistry.AutoServiceRegistrationConfiguration$$EnhancerBySpringCGLIB$$b82d81b4'
2020-03-14 21:56:52.555 [main] DEBUG o.s.c.a.ConfigurationClassEnhancer - Successfully enhanced org.springframework.cloud.client.serviceregistry.AutoServiceRegistrationAutoConfiguration; enhanced class name is: org.springframework.cloud.client.serviceregistry.AutoServiceRegistrationAutoConfiguration$$EnhancerBySpringCGLIB$$158bd65
2020-03-14 21:56:52.556 [main] DEBUG o.s.c.a.ConfigurationClassPostProcessor - Replacing bean definition 'org.springframework.cloud.client.serviceregistry.AutoServiceRegistrationAutoConfiguration' existing class 'org.springframework.cloud.client.serviceregistry.AutoServiceRegistrationAutoConfiguration' with enhanced class 'org.springframework.cloud.client.serviceregistry.AutoServiceRegistrationAutoConfiguration$$EnhancerBySpringCGLIB$$158bd65'
2020-03-14 21:56:52.559 [main] DEBUG o.s.c.a.ConfigurationClassEnhancer - Successfully enhanced org.springframework.cloud.netflix.eureka.EurekaClientAutoConfiguration$EurekaHealthIndicatorConfiguration; enhanced class name is: org.springframework.cloud.netflix.eureka.EurekaClientAutoConfiguration$EurekaHealthIndicatorConfiguration$$EnhancerBySpringCGLIB$$26d04ef4
2020-03-14 21:56:52.560 [main] DEBUG o.s.c.a.ConfigurationClassPostProcessor - Replacing bean definition 'org.springframework.cloud.netflix.eureka.EurekaClientAutoConfiguration$EurekaHealthIndicatorConfiguration' existing class 'org.springframework.cloud.netflix.eureka.EurekaClientAutoConfiguration$EurekaHealthIndicatorConfiguration' with enhanced class 'org.springframework.cloud.netflix.eureka.EurekaClientAutoConfiguration$EurekaHealthIndicatorConfiguration$$EnhancerBySpringCGLIB$$26d04ef4'
2020-03-14 21:56:52.568 [main] DEBUG o.s.c.a.ConfigurationClassEnhancer - Successfully enhanced org.springframework.cloud.netflix.eureka.EurekaClientAutoConfiguration$RefreshableEurekaClientConfiguration; enhanced class name is: org.springframework.cloud.netflix.eureka.EurekaClientAutoConfiguration$RefreshableEurekaClientConfiguration$$EnhancerBySpringCGLIB$$c4cd5055
2020-03-14 21:56:52.569 [main] DEBUG o.s.c.a.ConfigurationClassPostProcessor - Replacing bean definition 'org.springframework.cloud.netflix.eureka.EurekaClientAutoConfiguration$RefreshableEurekaClientConfiguration' existing class 'org.springframework.cloud.netflix.eureka.EurekaClientAutoConfiguration$RefreshableEurekaClientConfiguration' with enhanced class 'org.springframework.cloud.netflix.eureka.EurekaClientAutoConfiguration$RefreshableEurekaClientConfiguration$$EnhancerBySpringCGLIB$$c4cd5055'
2020-03-14 21:56:52.585 [main] DEBUG o.s.c.a.ConfigurationClassEnhancer - Successfully enhanced org.springframework.cloud.netflix.eureka.config.DiscoveryClientOptionalArgsConfiguration; enhanced class name is: org.springframework.cloud.netflix.eureka.config.DiscoveryClientOptionalArgsConfiguration$$EnhancerBySpringCGLIB$$666ac28f
2020-03-14 21:56:52.588 [main] DEBUG o.s.c.a.ConfigurationClassPostProcessor - Replacing bean definition 'org.springframework.cloud.netflix.eureka.config.DiscoveryClientOptionalArgsConfiguration' existing class 'org.springframework.cloud.netflix.eureka.config.DiscoveryClientOptionalArgsConfiguration' with enhanced class 'org.springframework.cloud.netflix.eureka.config.DiscoveryClientOptionalArgsConfiguration$$EnhancerBySpringCGLIB$$666ac28f'
2020-03-14 21:56:52.593 [main] DEBUG o.s.c.a.ConfigurationClassEnhancer - Successfully enhanced org.springframework.cloud.netflix.eureka.EurekaClientAutoConfiguration; enhanced class name is: org.springframework.cloud.netflix.eureka.EurekaClientAutoConfiguration$$EnhancerBySpringCGLIB$$533fa008
2020-03-14 21:56:52.594 [main] DEBUG o.s.c.a.ConfigurationClassPostProcessor - Replacing bean definition 'org.springframework.cloud.netflix.eureka.EurekaClientAutoConfiguration' existing class 'org.springframework.cloud.netflix.eureka.EurekaClientAutoConfiguration' with enhanced class 'org.springframework.cloud.netflix.eureka.EurekaClientAutoConfiguration$$EnhancerBySpringCGLIB$$533fa008'
2020-03-14 21:56:52.597 [main] DEBUG o.s.c.a.ConfigurationClassEnhancer - Successfully enhanced org.springframework.cloud.client.CommonsClientAutoConfiguration$ActuatorConfiguration; enhanced class name is: org.springframework.cloud.client.CommonsClientAutoConfiguration$ActuatorConfiguration$$EnhancerBySpringCGLIB$$833c23ce
2020-03-14 21:56:52.597 [main] DEBUG o.s.c.a.ConfigurationClassPostProcessor - Replacing bean definition 'org.springframework.cloud.client.CommonsClientAutoConfiguration$ActuatorConfiguration' existing class 'org.springframework.cloud.client.CommonsClientAutoConfiguration$ActuatorConfiguration' with enhanced class 'org.springframework.cloud.client.CommonsClientAutoConfiguration$ActuatorConfiguration$$EnhancerBySpringCGLIB$$833c23ce'
2020-03-14 21:56:52.602 [main] DEBUG o.s.c.a.ConfigurationClassEnhancer - Successfully enhanced org.springframework.cloud.client.CommonsClientAutoConfiguration$DiscoveryLoadBalancerConfiguration; enhanced class name is: org.springframework.cloud.client.CommonsClientAutoConfiguration$DiscoveryLoadBalancerConfiguration$$EnhancerBySpringCGLIB$$2590e615
2020-03-14 21:56:52.602 [main] DEBUG o.s.c.a.ConfigurationClassPostProcessor - Replacing bean definition 'org.springframework.cloud.client.CommonsClientAutoConfiguration$DiscoveryLoadBalancerConfiguration' existing class 'org.springframework.cloud.client.CommonsClientAutoConfiguration$DiscoveryLoadBalancerConfiguration' with enhanced class 'org.springframework.cloud.client.CommonsClientAutoConfiguration$DiscoveryLoadBalancerConfiguration$$EnhancerBySpringCGLIB$$2590e615'
2020-03-14 21:56:52.608 [main] DEBUG o.s.c.a.ConfigurationClassEnhancer - Successfully enhanced org.springframework.cloud.client.CommonsClientAutoConfiguration; enhanced class name is: org.springframework.cloud.client.CommonsClientAutoConfiguration$$EnhancerBySpringCGLIB$$c0e13735
2020-03-14 21:56:52.608 [main] DEBUG o.s.c.a.ConfigurationClassPostProcessor - Replacing bean definition 'org.springframework.cloud.client.CommonsClientAutoConfiguration' existing class 'org.springframework.cloud.client.CommonsClientAutoConfiguration' with enhanced class 'org.springframework.cloud.client.CommonsClientAutoConfiguration$$EnhancerBySpringCGLIB$$c0e13735'
2020-03-14 21:56:52.629 [main] DEBUG o.s.c.a.ConfigurationClassEnhancer - Successfully enhanced org.springframework.cloud.client.discovery.composite.CompositeDiscoveryClientAutoConfiguration; enhanced class name is: org.springframework.cloud.client.discovery.composite.CompositeDiscoveryClientAutoConfiguration$$EnhancerBySpringCGLIB$$ea3a81c9
2020-03-14 21:56:52.630 [main] DEBUG o.s.c.a.ConfigurationClassPostProcessor - Replacing bean definition 'org.springframework.cloud.client.discovery.composite.CompositeDiscoveryClientAutoConfiguration' existing class 'org.springframework.cloud.client.discovery.composite.CompositeDiscoveryClientAutoConfiguration' with enhanced class 'org.springframework.cloud.client.discovery.composite.CompositeDiscoveryClientAutoConfiguration$$EnhancerBySpringCGLIB$$ea3a81c9'
2020-03-14 21:56:52.642 [main] DEBUG o.s.c.a.ConfigurationClassEnhancer - Successfully enhanced org.springframework.cloud.client.discovery.simple.SimpleDiscoveryClientAutoConfiguration; enhanced class name is: org.springframework.cloud.client.discovery.simple.SimpleDiscoveryClientAutoConfiguration$$EnhancerBySpringCGLIB$$b6691a97
2020-03-14 21:56:52.643 [main] DEBUG o.s.c.a.ConfigurationClassPostProcessor - Replacing bean definition 'org.springframework.cloud.client.discovery.simple.SimpleDiscoveryClientAutoConfiguration' existing class 'org.springframework.cloud.client.discovery.simple.SimpleDiscoveryClientAutoConfiguration' with enhanced class 'org.springframework.cloud.client.discovery.simple.SimpleDiscoveryClientAutoConfiguration$$EnhancerBySpringCGLIB$$b6691a97'
2020-03-14 21:56:52.648 [main] DEBUG o.s.c.a.ConfigurationClassEnhancer - Successfully enhanced org.springframework.cloud.netflix.ribbon.RibbonAutoConfiguration; enhanced class name is: org.springframework.cloud.netflix.ribbon.RibbonAutoConfiguration$$EnhancerBySpringCGLIB$$9e96b413
2020-03-14 21:56:52.648 [main] DEBUG o.s.c.a.ConfigurationClassPostProcessor - Replacing bean definition 'org.springframework.cloud.netflix.ribbon.RibbonAutoConfiguration' existing class 'org.springframework.cloud.netflix.ribbon.RibbonAutoConfiguration' with enhanced class 'org.springframework.cloud.netflix.ribbon.RibbonAutoConfiguration$$EnhancerBySpringCGLIB$$9e96b413'
2020-03-14 21:56:52.652 [main] DEBUG o.s.c.a.ConfigurationClassEnhancer - Successfully enhanced org.springframework.cloud.client.loadbalancer.AsyncLoadBalancerAutoConfiguration$LoadBalancerInterceptorConfig; enhanced class name is: org.springframework.cloud.client.loadbalancer.AsyncLoadBalancerAutoConfiguration$LoadBalancerInterceptorConfig$$EnhancerBySpringCGLIB$$b70803c3
2020-03-14 21:56:52.653 [main] DEBUG o.s.c.a.ConfigurationClassPostProcessor - Replacing bean definition 'org.springframework.cloud.client.loadbalancer.AsyncLoadBalancerAutoConfiguration$LoadBalancerInterceptorConfig' existing class 'org.springframework.cloud.client.loadbalancer.AsyncLoadBalancerAutoConfiguration$LoadBalancerInterceptorConfig' with enhanced class 'org.springframework.cloud.client.loadbalancer.AsyncLoadBalancerAutoConfiguration$LoadBalancerInterceptorConfig$$EnhancerBySpringCGLIB$$b70803c3'
2020-03-14 21:56:52.670 [main] DEBUG o.s.c.a.ConfigurationClassEnhancer - Successfully enhanced org.springframework.cloud.client.loadbalancer.AsyncLoadBalancerAutoConfiguration$AsyncRestTemplateCustomizerConfig; enhanced class name is: org.springframework.cloud.client.loadbalancer.AsyncLoadBalancerAutoConfiguration$AsyncRestTemplateCustomizerConfig$$EnhancerBySpringCGLIB$$c236d993
2020-03-14 21:56:52.672 [main] DEBUG o.s.c.a.ConfigurationClassPostProcessor - Replacing bean definition 'org.springframework.cloud.client.loadbalancer.AsyncLoadBalancerAutoConfiguration$AsyncRestTemplateCustomizerConfig' existing class 'org.springframework.cloud.client.loadbalancer.AsyncLoadBalancerAutoConfiguration$AsyncRestTemplateCustomizerConfig' with enhanced class 'org.springframework.cloud.client.loadbalancer.AsyncLoadBalancerAutoConfiguration$AsyncRestTemplateCustomizerConfig$$EnhancerBySpringCGLIB$$c236d993'
2020-03-14 21:56:52.681 [main] DEBUG o.s.c.a.ConfigurationClassEnhancer - Successfully enhanced org.springframework.cloud.client.loadbalancer.AsyncLoadBalancerAutoConfiguration; enhanced class name is: org.springframework.cloud.client.loadbalancer.AsyncLoadBalancerAutoConfiguration$$EnhancerBySpringCGLIB$$afa3531c
2020-03-14 21:56:52.682 [main] DEBUG o.s.c.a.ConfigurationClassPostProcessor - Replacing bean definition 'org.springframework.cloud.client.loadbalancer.AsyncLoadBalancerAutoConfiguration' existing class 'org.springframework.cloud.client.loadbalancer.AsyncLoadBalancerAutoConfiguration' with enhanced class 'org.springframework.cloud.client.loadbalancer.AsyncLoadBalancerAutoConfiguration$$EnhancerBySpringCGLIB$$afa3531c'
2020-03-14 21:56:52.691 [main] DEBUG o.s.c.a.ConfigurationClassEnhancer - Successfully enhanced org.springframework.cloud.client.loadbalancer.LoadBalancerAutoConfiguration$LoadBalancerInterceptorConfig; enhanced class name is: org.springframework.cloud.client.loadbalancer.LoadBalancerAutoConfiguration$LoadBalancerInterceptorConfig$$EnhancerBySpringCGLIB$$2243eca1
2020-03-14 21:56:52.692 [main] DEBUG o.s.c.a.ConfigurationClassPostProcessor - Replacing bean definition 'org.springframework.cloud.client.loadbalancer.LoadBalancerAutoConfiguration$LoadBalancerInterceptorConfig' existing class 'org.springframework.cloud.client.loadbalancer.LoadBalancerAutoConfiguration$LoadBalancerInterceptorConfig' with enhanced class 'org.springframework.cloud.client.loadbalancer.LoadBalancerAutoConfiguration$LoadBalancerInterceptorConfig$$EnhancerBySpringCGLIB$$2243eca1'
2020-03-14 21:56:52.702 [main] DEBUG o.s.c.a.ConfigurationClassEnhancer - Successfully enhanced org.springframework.cloud.client.loadbalancer.LoadBalancerAutoConfiguration; enhanced class name is: org.springframework.cloud.client.loadbalancer.LoadBalancerAutoConfiguration$$EnhancerBySpringCGLIB$$7f15747a
2020-03-14 21:56:52.702 [main] DEBUG o.s.c.a.ConfigurationClassPostProcessor - Replacing bean definition 'org.springframework.cloud.client.loadbalancer.LoadBalancerAutoConfiguration' existing class 'org.springframework.cloud.client.loadbalancer.LoadBalancerAutoConfiguration' with enhanced class 'org.springframework.cloud.client.loadbalancer.LoadBalancerAutoConfiguration$$EnhancerBySpringCGLIB$$7f15747a'
2020-03-14 21:56:52.706 [main] DEBUG o.s.c.a.ConfigurationClassEnhancer - Successfully enhanced org.springframework.cloud.client.serviceregistry.ServiceRegistryAutoConfiguration; enhanced class name is: org.springframework.cloud.client.serviceregistry.ServiceRegistryAutoConfiguration$$EnhancerBySpringCGLIB$$c82ae132
2020-03-14 21:56:52.706 [main] DEBUG o.s.c.a.ConfigurationClassPostProcessor - Replacing bean definition 'org.springframework.cloud.client.serviceregistry.ServiceRegistryAutoConfiguration' existing class 'org.springframework.cloud.client.serviceregistry.ServiceRegistryAutoConfiguration' with enhanced class 'org.springframework.cloud.client.serviceregistry.ServiceRegistryAutoConfiguration$$EnhancerBySpringCGLIB$$c82ae132'
2020-03-14 21:56:52.711 [main] DEBUG o.s.c.a.ConfigurationClassEnhancer - Successfully enhanced org.springframework.cloud.commons.httpclient.HttpClientConfiguration$OkHttpClientConfiguration; enhanced class name is: org.springframework.cloud.commons.httpclient.HttpClientConfiguration$OkHttpClientConfiguration$$EnhancerBySpringCGLIB$$be05526f
2020-03-14 21:56:52.711 [main] DEBUG o.s.c.a.ConfigurationClassPostProcessor - Replacing bean definition 'org.springframework.cloud.commons.httpclient.HttpClientConfiguration$OkHttpClientConfiguration' existing class 'org.springframework.cloud.commons.httpclient.HttpClientConfiguration$OkHttpClientConfiguration' with enhanced class 'org.springframework.cloud.commons.httpclient.HttpClientConfiguration$OkHttpClientConfiguration$$EnhancerBySpringCGLIB$$be05526f'
2020-03-14 21:56:52.715 [main] DEBUG o.s.c.a.ConfigurationClassEnhancer - Successfully enhanced org.springframework.cloud.commons.httpclient.HttpClientConfiguration$ApacheHttpClientConfiguration; enhanced class name is: org.springframework.cloud.commons.httpclient.HttpClientConfiguration$ApacheHttpClientConfiguration$$EnhancerBySpringCGLIB$$8a41397d
2020-03-14 21:56:52.715 [main] DEBUG o.s.c.a.ConfigurationClassPostProcessor - Replacing bean definition 'org.springframework.cloud.commons.httpclient.HttpClientConfiguration$ApacheHttpClientConfiguration' existing class 'org.springframework.cloud.commons.httpclient.HttpClientConfiguration$ApacheHttpClientConfiguration' with enhanced class 'org.springframework.cloud.commons.httpclient.HttpClientConfiguration$ApacheHttpClientConfiguration$$EnhancerBySpringCGLIB$$8a41397d'
2020-03-14 21:56:52.716 [main] DEBUG o.s.c.a.ConfigurationClassEnhancer - Successfully enhanced org.springframework.cloud.commons.httpclient.HttpClientConfiguration; enhanced class name is: org.springframework.cloud.commons.httpclient.HttpClientConfiguration$$EnhancerBySpringCGLIB$$bfb53e8c
2020-03-14 21:56:52.717 [main] DEBUG o.s.c.a.ConfigurationClassPostProcessor - Replacing bean definition 'org.springframework.cloud.commons.httpclient.HttpClientConfiguration' existing class 'org.springframework.cloud.commons.httpclient.HttpClientConfiguration' with enhanced class 'org.springframework.cloud.commons.httpclient.HttpClientConfiguration$$EnhancerBySpringCGLIB$$bfb53e8c'
2020-03-14 21:56:52.719 [main] DEBUG o.s.c.a.ConfigurationClassEnhancer - Successfully enhanced org.springframework.cloud.commons.util.UtilAutoConfiguration; enhanced class name is: org.springframework.cloud.commons.util.UtilAutoConfiguration$$EnhancerBySpringCGLIB$$68f81dbd
2020-03-14 21:56:52.719 [main] DEBUG o.s.c.a.ConfigurationClassPostProcessor - Replacing bean definition 'org.springframework.cloud.commons.util.UtilAutoConfiguration' existing class 'org.springframework.cloud.commons.util.UtilAutoConfiguration' with enhanced class 'org.springframework.cloud.commons.util.UtilAutoConfiguration$$EnhancerBySpringCGLIB$$68f81dbd'
2020-03-14 21:56:52.721 [main] DEBUG o.s.c.a.ConfigurationClassEnhancer - Successfully enhanced org.springframework.cloud.netflix.hystrix.HystrixAutoConfiguration$HystrixMetricsConfiguration; enhanced class name is: org.springframework.cloud.netflix.hystrix.HystrixAutoConfiguration$HystrixMetricsConfiguration$$EnhancerBySpringCGLIB$$9ef48e8f
2020-03-14 21:56:52.722 [main] DEBUG o.s.c.a.ConfigurationClassPostProcessor - Replacing bean definition 'org.springframework.cloud.netflix.hystrix.HystrixAutoConfiguration$HystrixMetricsConfiguration' existing class 'org.springframework.cloud.netflix.hystrix.HystrixAutoConfiguration$HystrixMetricsConfiguration' with enhanced class 'org.springframework.cloud.netflix.hystrix.HystrixAutoConfiguration$HystrixMetricsConfiguration$$EnhancerBySpringCGLIB$$9ef48e8f'
2020-03-14 21:56:52.725 [main] DEBUG o.s.c.a.ConfigurationClassEnhancer - Successfully enhanced org.springframework.cloud.netflix.hystrix.HystrixAutoConfiguration; enhanced class name is: org.springframework.cloud.netflix.hystrix.HystrixAutoConfiguration$$EnhancerBySpringCGLIB$$50b8b5d1
2020-03-14 21:56:52.726 [main] DEBUG o.s.c.a.ConfigurationClassPostProcessor - Replacing bean definition 'org.springframework.cloud.netflix.hystrix.HystrixAutoConfiguration' existing class 'org.springframework.cloud.netflix.hystrix.HystrixAutoConfiguration' with enhanced class 'org.springframework.cloud.netflix.hystrix.HystrixAutoConfiguration$$EnhancerBySpringCGLIB$$50b8b5d1'
2020-03-14 21:56:52.728 [main] DEBUG o.s.c.a.ConfigurationClassEnhancer - Successfully enhanced org.springframework.cloud.netflix.ribbon.eureka.RibbonEurekaAutoConfiguration; enhanced class name is: org.springframework.cloud.netflix.ribbon.eureka.RibbonEurekaAutoConfiguration$$EnhancerBySpringCGLIB$$7454a0dd
2020-03-14 21:56:52.729 [main] DEBUG o.s.c.a.ConfigurationClassPostProcessor - Replacing bean definition 'org.springframework.cloud.netflix.ribbon.eureka.RibbonEurekaAutoConfiguration' existing class 'org.springframework.cloud.netflix.ribbon.eureka.RibbonEurekaAutoConfiguration' with enhanced class 'org.springframework.cloud.netflix.ribbon.eureka.RibbonEurekaAutoConfiguration$$EnhancerBySpringCGLIB$$7454a0dd'
2020-03-14 21:56:52.733 [main] DEBUG o.s.c.a.ConfigurationClassEnhancer - Successfully enhanced org.springframework.cloud.openfeign.ribbon.DefaultFeignLoadBalancedConfiguration; enhanced class name is: org.springframework.cloud.openfeign.ribbon.DefaultFeignLoadBalancedConfiguration$$EnhancerBySpringCGLIB$$70ba5105
2020-03-14 21:56:52.734 [main] DEBUG o.s.c.a.ConfigurationClassPostProcessor - Replacing bean definition 'org.springframework.cloud.openfeign.ribbon.DefaultFeignLoadBalancedConfiguration' existing class 'org.springframework.cloud.openfeign.ribbon.DefaultFeignLoadBalancedConfiguration' with enhanced class 'org.springframework.cloud.openfeign.ribbon.DefaultFeignLoadBalancedConfiguration$$EnhancerBySpringCGLIB$$70ba5105'
2020-03-14 21:56:52.743 [main] DEBUG o.s.c.a.ConfigurationClassEnhancer - Successfully enhanced org.springframework.cloud.openfeign.ribbon.FeignRibbonClientAutoConfiguration; enhanced class name is: org.springframework.cloud.openfeign.ribbon.FeignRibbonClientAutoConfiguration$$EnhancerBySpringCGLIB$$3e9b3b44
2020-03-14 21:56:52.744 [main] DEBUG o.s.c.a.ConfigurationClassPostProcessor - Replacing bean definition 'org.springframework.cloud.openfeign.ribbon.FeignRibbonClientAutoConfiguration' existing class 'org.springframework.cloud.openfeign.ribbon.FeignRibbonClientAutoConfiguration' with enhanced class 'org.springframework.cloud.openfeign.ribbon.FeignRibbonClientAutoConfiguration$$EnhancerBySpringCGLIB$$3e9b3b44'
2020-03-14 21:56:52.747 [main] DEBUG o.s.c.a.ConfigurationClassEnhancer - Successfully enhanced org.springframework.cloud.openfeign.FeignAutoConfiguration$HystrixFeignTargeterConfiguration; enhanced class name is: org.springframework.cloud.openfeign.FeignAutoConfiguration$HystrixFeignTargeterConfiguration$$EnhancerBySpringCGLIB$$e317a82d
2020-03-14 21:56:52.747 [main] DEBUG o.s.c.a.ConfigurationClassPostProcessor - Replacing bean definition 'org.springframework.cloud.openfeign.FeignAutoConfiguration$HystrixFeignTargeterConfiguration' existing class 'org.springframework.cloud.openfeign.FeignAutoConfiguration$HystrixFeignTargeterConfiguration' with enhanced class 'org.springframework.cloud.openfeign.FeignAutoConfiguration$HystrixFeignTargeterConfiguration$$EnhancerBySpringCGLIB$$e317a82d'
2020-03-14 21:56:52.751 [main] DEBUG o.s.c.a.ConfigurationClassEnhancer - Successfully enhanced org.springframework.cloud.openfeign.FeignAutoConfiguration; enhanced class name is: org.springframework.cloud.openfeign.FeignAutoConfiguration$$EnhancerBySpringCGLIB$$a98df8bb
2020-03-14 21:56:52.752 [main] DEBUG o.s.c.a.ConfigurationClassPostProcessor - Replacing bean definition 'org.springframework.cloud.openfeign.FeignAutoConfiguration' existing class 'org.springframework.cloud.openfeign.FeignAutoConfiguration' with enhanced class 'org.springframework.cloud.openfeign.FeignAutoConfiguration$$EnhancerBySpringCGLIB$$a98df8bb'
2020-03-14 21:56:52.755 [main] DEBUG o.s.c.a.ConfigurationClassEnhancer - Successfully enhanced org.springframework.boot.actuate.autoconfigure.endpoint.web.ServletEndpointManagementContextConfiguration; enhanced class name is: org.springframework.boot.actuate.autoconfigure.endpoint.web.ServletEndpointManagementContextConfiguration$$EnhancerBySpringCGLIB$$73c483da
2020-03-14 21:56:52.756 [main] DEBUG o.s.c.a.ConfigurationClassPostProcessor - Replacing bean definition 'org.springframework.boot.actuate.autoconfigure.endpoint.web.ServletEndpointManagementContextConfiguration' existing class 'org.springframework.boot.actuate.autoconfigure.endpoint.web.ServletEndpointManagementContextConfiguration' with enhanced class 'org.springframework.boot.actuate.autoconfigure.endpoint.web.ServletEndpointManagementContextConfiguration$$EnhancerBySpringCGLIB$$73c483da'
2020-03-14 21:56:52.759 [main] DEBUG o.s.c.a.ConfigurationClassEnhancer - Successfully enhanced org.springframework.boot.actuate.autoconfigure.endpoint.web.servlet.WebMvcEndpointManagementContextConfiguration; enhanced class name is: org.springframework.boot.actuate.autoconfigure.endpoint.web.servlet.WebMvcEndpointManagementContextConfiguration$$EnhancerBySpringCGLIB$$721c5a94
2020-03-14 21:56:52.759 [main] DEBUG o.s.c.a.ConfigurationClassPostProcessor - Replacing bean definition 'org.springframework.boot.actuate.autoconfigure.endpoint.web.servlet.WebMvcEndpointManagementContextConfiguration' existing class 'org.springframework.boot.actuate.autoconfigure.endpoint.web.servlet.WebMvcEndpointManagementContextConfiguration' with enhanced class 'org.springframework.boot.actuate.autoconfigure.endpoint.web.servlet.WebMvcEndpointManagementContextConfiguration$$EnhancerBySpringCGLIB$$721c5a94'
2020-03-14 21:56:52.762 [main] DEBUG o.s.c.a.ConfigurationClassEnhancer - Successfully enhanced org.springframework.boot.actuate.autoconfigure.web.server.ManagementContextAutoConfiguration$SameManagementContextConfiguration$EnableSameManagementContextConfiguration; enhanced class name is: org.springframework.boot.actuate.autoconfigure.web.server.ManagementContextAutoConfiguration$SameManagementContextConfiguration$EnableSameManagementContextConfiguration$$EnhancerBySpringCGLIB$$ce9ef6a2
2020-03-14 21:56:52.762 [main] DEBUG o.s.c.a.ConfigurationClassPostProcessor - Replacing bean definition 'org.springframework.boot.actuate.autoconfigure.web.server.ManagementContextAutoConfiguration$SameManagementContextConfiguration$EnableSameManagementContextConfiguration' existing class 'org.springframework.boot.actuate.autoconfigure.web.server.ManagementContextAutoConfiguration$SameManagementContextConfiguration$EnableSameManagementContextConfiguration' with enhanced class 'org.springframework.boot.actuate.autoconfigure.web.server.ManagementContextAutoConfiguration$SameManagementContextConfiguration$EnableSameManagementContextConfiguration$$EnhancerBySpringCGLIB$$ce9ef6a2'
2020-03-14 21:56:52.779 [main] DEBUG o.s.c.a.ConfigurationClassEnhancer - Successfully enhanced org.springframework.boot.actuate.autoconfigure.web.server.ManagementContextAutoConfiguration$SameManagementContextConfiguration; enhanced class name is: org.springframework.boot.actuate.autoconfigure.web.server.ManagementContextAutoConfiguration$SameManagementContextConfiguration$$EnhancerBySpringCGLIB$$7bc02971
2020-03-14 21:56:52.779 [main] DEBUG o.s.c.a.ConfigurationClassPostProcessor - Replacing bean definition 'org.springframework.boot.actuate.autoconfigure.web.server.ManagementContextAutoConfiguration$SameManagementContextConfiguration' existing class 'org.springframework.boot.actuate.autoconfigure.web.server.ManagementContextAutoConfiguration$SameManagementContextConfiguration' with enhanced class 'org.springframework.boot.actuate.autoconfigure.web.server.ManagementContextAutoConfiguration$SameManagementContextConfiguration$$EnhancerBySpringCGLIB$$7bc02971'
2020-03-14 21:56:52.780 [main] DEBUG o.s.c.a.ConfigurationClassEnhancer - Successfully enhanced org.springframework.boot.actuate.autoconfigure.web.server.ManagementContextAutoConfiguration; enhanced class name is: org.springframework.boot.actuate.autoconfigure.web.server.ManagementContextAutoConfiguration$$EnhancerBySpringCGLIB$$41da0a5f
2020-03-14 21:56:52.780 [main] DEBUG o.s.c.a.ConfigurationClassPostProcessor - Replacing bean definition 'org.springframework.boot.actuate.autoconfigure.web.server.ManagementContextAutoConfiguration' existing class 'org.springframework.boot.actuate.autoconfigure.web.server.ManagementContextAutoConfiguration' with enhanced class 'org.springframework.boot.actuate.autoconfigure.web.server.ManagementContextAutoConfiguration$$EnhancerBySpringCGLIB$$41da0a5f'
2020-03-14 21:56:52.780 [main] DEBUG o.s.b.f.s.DefaultListableBeanFactory - Registering scope 'refresh' with implementation [org.springframework.cloud.context.scope.refresh.RefreshScope@528c8c1]
2020-03-14 21:56:52.782 [main] DEBUG o.s.cloud.context.scope.GenericScope - Generating bean factory id from names: [accessorsProvider, apacheHttpClientBuilder, apacheHttpClientFactory, apiDescriptionLookup, apiDescriptionReader, apiDocumentationScanner, apiListingBuilderPluginRegistry, apiListingReader, apiListingReferenceScanner, apiListingScanner, apiListingScannerPluginRegistry, apiModelBuilder, apiModelPropertyPropertyBuilder, apiModelReader, apiModelTypeNameProvider, apiOperationReader, apiResourceController, archaiusEndpoint, asyncLoadBalancerInterceptor, asyncRestTemplateCustomizer, auditEventRepository, auditEventsEndpoint, auditListener, authenticationAuditListener, authenticationEventPublisher, authenticationManagerBuilder, authorizationAuditListener, autowiredWebSecurityConfigurersIgnoreParents, basicErrorController, beanNameHandlerMapping, beanNameViewResolver, beansEndpoint, cachingLBClientFactory, cachingModelDependencyProvider, cachingModelPropertiesProvider, cachingModelProvider, cachingOperationNameGenerator, cachingOperationReader, categoryMapper, characterEncodingFilter, classLoaderMetrics, classOrApiAnnotationResourceGrouping, com.alibaba.druid.spring.boot.autoconfigure.DruidDataSourceAutoConfigure, com.alibaba.druid.spring.boot.autoconfigure.stat.DruidFilterConfiguration, com.alibaba.druid.spring.boot.autoconfigure.stat.DruidStatViewServletConfiguration, com.alibaba.druid.spring.boot.autoconfigure.stat.DruidWebStatFilterConfiguration, com.github.pagehelper.autoconfigure.PageHelperAutoConfiguration, com.ningmeng.manage_course.client.CmsPageClient, commonsFeatures, compositeDiscoveryClient, conditionsReportEndpoint, configurableEnvironmentConfiguration, configurationPropertiesBeans, configurationPropertiesRebinder, configurationPropertiesReportEndpoint, connManFactory, connPoolFactory, contextCapturingServletTomcatCustomizer, contextRefresher, controllerEndpointDiscoverer, controllerEndpointHandlerMapping, controllerExposeExcludePropertyEndpointFilter, conventionErrorViewResolver, courseBaseRepository, courseController, courseMapper, courseMarketMapper, courseMarketRepository, coursePicRepository, coursePubRepository, courseService, createHealthStatusHttpMapper, createRestApi, dataSource, dataSourceInitializedPublisher, dataSourceInitializerPostProcessor, dbHealthIndicator, default.com.ningmeng.manage_course.ManageCourseApplication.FeignClientSpecification, default.org.springframework.cloud.netflix.ribbon.RibbonAutoConfiguration.RibbonClientSpecification, default.org.springframework.cloud.netflix.ribbon.eureka.RibbonEurekaAutoConfiguration.RibbonClientSpecification, defaultModelDependencyProvider, defaultModelProvider, defaultOperationReader, defaultServletHandlerMapping, defaultTagsProvider, defaultValidator, defaultViewResolver, defaults, defaultsProviderPluginRegistry, delegatingApplicationListener, descriptionResolver, discoveryClient, discoveryClientHealthIndicator, discoveryClientOptionalArgs, discoveryCompositeHealthIndicator, diskSpaceHealthIndicator, diskSpaceHealthIndicatorProperties, dispatcherServlet, dispatcherServletMappingDescriptionProvider, dispatcherServletRegistration, documentationPluginRegistry, documentationPluginsBootstrapper, documentationPluginsManager, dumpEndpoint, emBeanDefinitionRegistrarPostProcessor, enableGlobalAuthenticationAutowiredConfigurer, endpointCachingOperationInvokerAdvisor, endpointMediaTypes, endpointOperationParameterMapper, entityManagerFactory, entityManagerFactoryBuilder, envInfoContributor, environmentEndpoint, environmentEndpointWebExtension, environmentManager, error, errorAttributes, errorPageCustomizer, errorPageRegistrarBeanPostProcessor, eurekaApplicationInfoManager, eurekaAutoServiceRegistration, eurekaClient, eurekaClientConfigBean, eurekaDiscoverClientMarker, eurekaFeature, eurekaHealthIndicator, eurekaInstanceConfigBean, eurekaRegistration, eurekaServiceRegistry, exceptionCatch, expandedParameterBuilder, expandedParameterBuilderPluginRegistry, factoryMethodProvider, faviconHandlerMapping, faviconRequestHandler, featuresEndpoint, feign.client-org.springframework.cloud.openfeign.FeignClientProperties, feign.httpclient-org.springframework.cloud.openfeign.support.FeignHttpClientProperties, feignClient, feignContext, feignFeature, feignRequestOptions, feignTargeter, fieldProvider, fileDescriptorMetrics, filterMappingDescriptionProvider, geoJsonModule, gridFsTemplate, gson, gsonBuilder, handlerExceptionResolver, healthAggregator, healthEndpoint, healthEndpointWebExtension, healthWebEndpointResponseMapper, heapDumpWebEndpoint, hiddenHttpMethodFilter, hikariDataSourceMetricsPostProcessor, hikariPoolDataSourceMetadataProvider, httpExchangeTracer, httpPutFormContentFilter, httpRequestHandlerAdapter, httpTraceEndpoint, httpTraceFilter, hystrixHealthIndicator, hystrixMetricsBinder, inMemorySwaggerResourcesProvider, inMemoryUserDetailsManager, inetUtils, inetUtilsProperties, infoEndpoint, initializeAuthenticationProviderBeanManagerConfigurer, initializeUserDetailsBeanManagerConfigurer, jacksonCodecCustomizer, jacksonGeoModule, jacksonObjectMapper, jacksonObjectMapperBuilder, jdbcTemplate, jmxAnnotationEndpointDiscoverer, jmxIncludeExcludePropertyEndpointFilter, jpaContext, jpaMappingContext, jpaVendorAdapter, jsonComponentModule, jsonSerializer, jvmGcMetrics, jvmMemoryMetrics, jvmThreadMetrics, jwtAccessTokenConverter, licenseMapperImpl, loadBalancedAsyncRestTemplateInitializer, loadBalancedRestTemplateInitializerDeprecated, loadBalancerClient, loadBalancerRequestFactory, localeCharsetMappingsCustomizer, logbackMetrics, loggersEndpoint, loggingRebinder, manageCourseApplication, management.endpoint.configprops-org.springframework.boot.actuate.autoconfigure.context.properties.ConfigurationPropertiesReportEndpointProperties, management.endpoint.env-org.springframework.boot.actuate.autoconfigure.env.EnvironmentEndpointProperties, management.endpoint.health-org.springframework.boot.actuate.autoconfigure.health.HealthEndpointProperties, management.endpoint.logfile-org.springframework.boot.actuate.autoconfigure.logging.LogFileWebEndpointProperties, management.endpoints.jmx-org.springframework.boot.actuate.autoconfigure.endpoint.jmx.JmxEndpointProperties, management.endpoints.web-org.springframework.boot.actuate.autoconfigure.endpoint.web.WebEndpointProperties, management.endpoints.web.cors-org.springframework.boot.actuate.autoconfigure.endpoint.web.CorsEndpointProperties, management.health.status-org.springframework.boot.actuate.autoconfigure.health.HealthIndicatorProperties, management.info-org.springframework.boot.actuate.autoconfigure.info.InfoContributorProperties, management.metrics-org.springframework.boot.actuate.autoconfigure.metrics.MetricsProperties, management.metrics.export.simple-org.springframework.boot.actuate.autoconfigure.metrics.export.simple.SimpleProperties, management.server-org.springframework.boot.actuate.autoconfigure.web.server.ManagementServerProperties, management.trace.http-org.springframework.boot.actuate.autoconfigure.trace.http.HttpTraceProperties, managementServletContext, mappingJackson2HttpMessageConverter, mappingMongoConverter, mappingsEndpoint, mediaTypeReader, messageConverters, metaDataSourceAdvisor, meterRegistryPostProcessor, methodSecurityInterceptor, methodSecurityMetadataSource, methodValidationPostProcessor, metricsEndpoint, metricsRestTemplateCustomizer, metricsWebClientUriTagFilter, micrometerClock, modelAttributeParameterExpander, modelBuilderPluginRegistry, modelMapperImpl, modelPropertyBuilderPluginRegistry, mongo, mongoCustomConversions, mongoDbFactory, mongoHealthIndicator, mongoMappingContext, mongoTemplate, multipartConfigElement, multipartResolver, mvcContentNegotiationManager, mvcConversionService, mvcHandlerMappingIntrospector, mvcPathMatcher, mvcResourceUrlProvider, mvcUriComponentsContributor, mvcUrlPathHelper, mvcValidator, mvcViewResolver, mybatis-org.mybatis.spring.boot.autoconfigure.MybatisProperties, namedParameterJdbcTemplate, nm-service-manage-cms.FeignClientSpecification, objectMapperBeanPropertyNamingStrategy, objectMapperConfigurer, objectPostProcessor, okHttpClientBuilder, okHttpClientFactory, openEntityManagerInViewInterceptor, operationAuthReader, operationBuilderPluginRegistry, operationDeprecatedReader, operationHiddenReader, operationHttpMethodReader, operationImplicitParameterReader, operationImplicitParametersReader, operationModelsProvider, operationModelsProviderPluginRegistry, operationNicknameIntoUniqueIdReader, operationNotesReader, operationParameterHeadersConditionReader, operationParameterReader, operationParameterRequestConditionReader, operationPathDecorator, operationPositionReader, operationResponseClassReader, operationSummaryReader, operationTagsReader, optimized, org.mybatis.spring.boot.autoconfigure.MybatisAutoConfiguration, org.mybatis.spring.boot.autoconfigure.MybatisAutoConfiguration$MapperScannerRegistrarNotFoundConfiguration, org.springframework.aop.config.internalAutoProxyCreator, org.springframework.boot.actuate.autoconfigure.audit.AuditAutoConfiguration, org.springframework.boot.actuate.autoconfigure.audit.AuditAutoConfiguration$AuditEventRepositoryConfiguration, org.springframework.boot.actuate.autoconfigure.audit.AuditEventsEndpointAutoConfiguration, org.springframework.boot.actuate.autoconfigure.beans.BeansEndpointAutoConfiguration, org.springframework.boot.actuate.autoconfigure.condition.ConditionsReportEndpointAutoConfiguration, org.springframework.boot.actuate.autoconfigure.context.ShutdownEndpointAutoConfiguration, org.springframework.boot.actuate.autoconfigure.context.properties.ConfigurationPropertiesReportEndpointAutoConfiguration, org.springframework.boot.actuate.autoconfigure.elasticsearch.ElasticsearchHealthIndicatorAutoConfiguration, org.springframework.boot.actuate.autoconfigure.endpoint.EndpointAutoConfiguration, org.springframework.boot.actuate.autoconfigure.endpoint.jmx.JmxEndpointAutoConfiguration, org.springframework.boot.actuate.autoconfigure.endpoint.web.ServletEndpointManagementContextConfiguration, org.springframework.boot.actuate.autoconfigure.endpoint.web.WebEndpointAutoConfiguration, org.springframework.boot.actuate.autoconfigure.endpoint.web.WebEndpointAutoConfiguration$WebEndpointServletAutoConfiguration, org.springframework.boot.actuate.autoconfigure.endpoint.web.servlet.WebMvcEndpointManagementContextConfiguration, org.springframework.boot.actuate.autoconfigure.env.EnvironmentEndpointAutoConfiguration, org.springframework.boot.actuate.autoconfigure.health.HealthEndpointAutoConfiguration, org.springframework.boot.actuate.autoconfigure.health.HealthEndpointConfiguration, org.springframework.boot.actuate.autoconfigure.health.HealthEndpointWebExtensionConfiguration, org.springframework.boot.actuate.autoconfigure.health.HealthEndpointWebExtensionConfiguration$ServletWebHealthConfiguration, org.springframework.boot.actuate.autoconfigure.health.HealthIndicatorAutoConfiguration, org.springframework.boot.actuate.autoconfigure.info.InfoContributorAutoConfiguration, org.springframework.boot.actuate.autoconfigure.info.InfoEndpointAutoConfiguration, org.springframework.boot.actuate.autoconfigure.jdbc.DataSourceHealthIndicatorAutoConfiguration, org.springframework.boot.actuate.autoconfigure.logging.LogFileWebEndpointAutoConfiguration, org.springframework.boot.actuate.autoconfigure.logging.LoggersEndpointAutoConfiguration, org.springframework.boot.actuate.autoconfigure.management.HeapDumpWebEndpointAutoConfiguration, org.springframework.boot.actuate.autoconfigure.management.ThreadDumpEndpointAutoConfiguration, org.springframework.boot.actuate.autoconfigure.metrics.CompositeMeterRegistryAutoConfiguration, org.springframework.boot.actuate.autoconfigure.metrics.MetricsAutoConfiguration, org.springframework.boot.actuate.autoconfigure.metrics.MetricsAutoConfiguration$JvmMeterBindersConfiguration, org.springframework.boot.actuate.autoconfigure.metrics.MetricsAutoConfiguration$MeterBindersConfiguration, org.springframework.boot.actuate.autoconfigure.metrics.MetricsEndpointAutoConfiguration, org.springframework.boot.actuate.autoconfigure.metrics.export.simple.SimpleMetricsExportAutoConfiguration, org.springframework.boot.actuate.autoconfigure.metrics.jdbc.DataSourcePoolMetricsAutoConfiguration, org.springframework.boot.actuate.autoconfigure.metrics.jdbc.DataSourcePoolMetricsAutoConfiguration$HikariDataSourceMetricsConfiguration, org.springframework.boot.actuate.autoconfigure.metrics.web.client.RestTemplateMetricsAutoConfiguration, org.springframework.boot.actuate.autoconfigure.metrics.web.servlet.WebMvcMetricsAutoConfiguration, org.springframework.boot.actuate.autoconfigure.metrics.web.tomcat.TomcatMetricsAutoConfiguration, org.springframework.boot.actuate.autoconfigure.mongo.MongoHealthIndicatorAutoConfiguration, org.springframework.boot.actuate.autoconfigure.mongo.MongoHealthIndicatorConfiguration, org.springframework.boot.actuate.autoconfigure.redis.RedisHealthIndicatorAutoConfiguration, org.springframework.boot.actuate.autoconfigure.scheduling.ScheduledTasksEndpointAutoConfiguration, org.springframework.boot.actuate.autoconfigure.system.DiskSpaceHealthIndicatorAutoConfiguration, org.springframework.boot.actuate.autoconfigure.trace.http.HttpTraceAutoConfiguration, org.springframework.boot.actuate.autoconfigure.trace.http.HttpTraceAutoConfiguration$ServletTraceFilterConfiguration, org.springframework.boot.actuate.autoconfigure.trace.http.HttpTraceEndpointAutoConfiguration, org.springframework.boot.actuate.autoconfigure.web.mappings.MappingsEndpointAutoConfiguration, org.springframework.boot.actuate.autoconfigure.web.mappings.MappingsEndpointAutoConfiguration$ServletWebConfiguration, org.springframework.boot.actuate.autoconfigure.web.mappings.MappingsEndpointAutoConfiguration$ServletWebConfiguration$SpringMvcConfiguration, org.springframework.boot.actuate.autoconfigure.web.server.ManagementContextAutoConfiguration, org.springframework.boot.actuate.autoconfigure.web.server.ManagementContextAutoConfiguration$SameManagementContextConfiguration, org.springframework.boot.actuate.autoconfigure.web.server.ManagementContextAutoConfiguration$SameManagementContextConfiguration$EnableSameManagementContextConfiguration, org.springframework.boot.actuate.autoconfigure.web.servlet.ServletManagementContextAutoConfiguration, org.springframework.boot.autoconfigure.AutoConfigurationPackages, org.springframework.boot.autoconfigure.aop.AopAutoConfiguration, org.springframework.boot.autoconfigure.aop.AopAutoConfiguration$CglibAutoProxyConfiguration, org.springframework.boot.autoconfigure.condition.BeanTypeRegistry, org.springframework.boot.autoconfigure.context.ConfigurationPropertiesAutoConfiguration, org.springframework.boot.autoconfigure.context.PropertyPlaceholderAutoConfiguration, org.springframework.boot.autoconfigure.dao.PersistenceExceptionTranslationAutoConfiguration, org.springframework.boot.autoconfigure.data.jpa.JpaRepositoriesAutoConfiguration, org.springframework.boot.autoconfigure.data.mongo.MongoDataAutoConfiguration, org.springframework.boot.autoconfigure.data.mongo.MongoRepositoriesAutoConfiguration, org.springframework.boot.autoconfigure.data.web.SpringDataWebAutoConfiguration, org.springframework.boot.autoconfigure.domain.EntityScanPackages, org.springframework.boot.autoconfigure.gson.GsonAutoConfiguration, org.springframework.boot.autoconfigure.http.GsonHttpMessageConvertersConfiguration, org.springframework.boot.autoconfigure.http.HttpMessageConvertersAutoConfiguration, org.springframework.boot.autoconfigure.http.HttpMessageConvertersAutoConfiguration$StringHttpMessageConverterConfiguration, org.springframework.boot.autoconfigure.http.JacksonHttpMessageConvertersConfiguration, org.springframework.boot.autoconfigure.http.JacksonHttpMessageConvertersConfiguration$MappingJackson2HttpMessageConverterConfiguration, org.springframework.boot.autoconfigure.http.codec.CodecsAutoConfiguration, org.springframework.boot.autoconfigure.http.codec.CodecsAutoConfiguration$JacksonCodecConfiguration, org.springframework.boot.autoconfigure.info.ProjectInfoAutoConfiguration, org.springframework.boot.autoconfigure.internalCachingMetadataReaderFactory, org.springframework.boot.autoconfigure.jackson.JacksonAutoConfiguration, org.springframework.boot.autoconfigure.jackson.JacksonAutoConfiguration$Jackson2ObjectMapperBuilderCustomizerConfiguration, org.springframework.boot.autoconfigure.jackson.JacksonAutoConfiguration$JacksonObjectMapperBuilderConfiguration, org.springframework.boot.autoconfigure.jackson.JacksonAutoConfiguration$JacksonObjectMapperConfiguration, org.springframework.boot.autoconfigure.jackson.JacksonAutoConfiguration$ParameterNamesModuleConfiguration, org.springframework.boot.autoconfigure.jdbc.DataSourceAutoConfiguration, org.springframework.boot.autoconfigure.jdbc.DataSourceInitializationConfiguration, org.springframework.boot.autoconfigure.jdbc.DataSourceInitializerInvoker, org.springframework.boot.autoconfigure.jdbc.DataSourceTransactionManagerAutoConfiguration, org.springframework.boot.autoconfigure.jdbc.DataSourceTransactionManagerAutoConfiguration$DataSourceTransactionManagerConfiguration, org.springframework.boot.autoconfigure.jdbc.JdbcTemplateAutoConfiguration, org.springframework.boot.autoconfigure.jdbc.JdbcTemplateAutoConfiguration$JdbcTemplateConfiguration, org.springframework.boot.autoconfigure.jdbc.JdbcTemplateAutoConfiguration$NamedParameterJdbcTemplateConfiguration, org.springframework.boot.autoconfigure.jdbc.metadata.DataSourcePoolMetadataProvidersConfiguration, org.springframework.boot.autoconfigure.jdbc.metadata.DataSourcePoolMetadataProvidersConfiguration$HikariPoolDataSourceMetadataProviderConfiguration, org.springframework.boot.autoconfigure.mongo.MongoAutoConfiguration, org.springframework.boot.autoconfigure.orm.jpa.HibernateJpaAutoConfiguration, org.springframework.boot.autoconfigure.orm.jpa.HibernateJpaConfiguration, org.springframework.boot.autoconfigure.orm.jpa.JpaBaseConfiguration$JpaWebConfiguration, org.springframework.boot.autoconfigure.orm.jpa.JpaBaseConfiguration$JpaWebConfiguration$JpaWebMvcConfiguration, org.springframework.boot.autoconfigure.security.oauth2.OAuth2AutoConfiguration, org.springframework.boot.autoconfigure.security.oauth2.client.OAuth2RestOperationsConfiguration, org.springframework.boot.autoconfigure.security.oauth2.method.OAuth2MethodSecurityConfiguration, org.springframework.boot.autoconfigure.security.reactive.ReactiveSecurityAutoConfiguration, org.springframework.boot.autoconfigure.security.servlet.SecurityAutoConfiguration, org.springframework.boot.autoconfigure.security.servlet.SecurityFilterAutoConfiguration, org.springframework.boot.autoconfigure.security.servlet.UserDetailsServiceAutoConfiguration, org.springframework.boot.autoconfigure.security.servlet.WebSecurityEnablerConfiguration, org.springframework.boot.autoconfigure.transaction.TransactionAutoConfiguration, org.springframework.boot.autoconfigure.transaction.TransactionAutoConfiguration$EnableTransactionManagementConfiguration, org.springframework.boot.autoconfigure.transaction.TransactionAutoConfiguration$EnableTransactionManagementConfiguration$CglibAutoProxyConfiguration, org.springframework.boot.autoconfigure.transaction.TransactionAutoConfiguration$TransactionTemplateConfiguration, org.springframework.boot.autoconfigure.transaction.jta.JtaAutoConfiguration, org.springframework.boot.autoconfigure.validation.ValidationAutoConfiguration, org.springframework.boot.autoconfigure.web.client.RestTemplateAutoConfiguration, org.springframework.boot.autoconfigure.web.embedded.EmbeddedWebServerFactoryCustomizerAutoConfiguration, org.springframework.boot.autoconfigure.web.embedded.EmbeddedWebServerFactoryCustomizerAutoConfiguration$TomcatWebServerFactoryCustomizerConfiguration, org.springframework.boot.autoconfigure.web.servlet.DispatcherServletAutoConfiguration, org.springframework.boot.autoconfigure.web.servlet.DispatcherServletAutoConfiguration$DispatcherServletConfiguration, org.springframework.boot.autoconfigure.web.servlet.DispatcherServletAutoConfiguration$DispatcherServletRegistrationConfiguration, org.springframework.boot.autoconfigure.web.servlet.HttpEncodingAutoConfiguration, org.springframework.boot.autoconfigure.web.servlet.MultipartAutoConfiguration, org.springframework.boot.autoconfigure.web.servlet.ServletWebServerFactoryAutoConfiguration, org.springframework.boot.autoconfigure.web.servlet.ServletWebServerFactoryConfiguration$EmbeddedTomcat, org.springframework.boot.autoconfigure.web.servlet.WebMvcAutoConfiguration, org.springframework.boot.autoconfigure.web.servlet.WebMvcAutoConfiguration$EnableWebMvcConfiguration, org.springframework.boot.autoconfigure.web.servlet.WebMvcAutoConfiguration$WebMvcAutoConfigurationAdapter, org.springframework.boot.autoconfigure.web.servlet.WebMvcAutoConfiguration$WebMvcAutoConfigurationAdapter$FaviconConfiguration, org.springframework.boot.autoconfigure.web.servlet.error.ErrorMvcAutoConfiguration, org.springframework.boot.autoconfigure.web.servlet.error.ErrorMvcAutoConfiguration$DefaultErrorViewResolverConfiguration, org.springframework.boot.autoconfigure.web.servlet.error.ErrorMvcAutoConfiguration$WhitelabelErrorViewConfiguration, org.springframework.boot.autoconfigure.websocket.servlet.WebSocketServletAutoConfiguration, org.springframework.boot.autoconfigure.websocket.servlet.WebSocketServletAutoConfiguration$TomcatWebSocketConfiguration, org.springframework.boot.context.properties.ConfigurationBeanFactoryMetadata, org.springframework.boot.context.properties.ConfigurationPropertiesBindingPostProcessor, org.springframework.boot.test.mock.mockito.MockitoPostProcessor, org.springframework.boot.test.mock.mockito.MockitoPostProcessor$SpyPostProcessor, org.springframework.cloud.autoconfigure.ConfigurationPropertiesRebinderAutoConfiguration, org.springframework.cloud.autoconfigure.LifecycleMvcEndpointAutoConfiguration, org.springframework.cloud.autoconfigure.PauseResumeEndpointsConfiguration, org.springframework.cloud.autoconfigure.RefreshAutoConfiguration, org.springframework.cloud.autoconfigure.RefreshAutoConfiguration$JpaInvokerConfiguration, org.springframework.cloud.autoconfigure.RefreshAutoConfiguration$RefreshScopeBeanDefinitionEnhancer, org.springframework.cloud.autoconfigure.RefreshEndpointAutoConfiguration, org.springframework.cloud.autoconfigure.RefreshEndpointAutoConfiguration$RefreshEndpointConfiguration, org.springframework.cloud.autoconfigure.RestartEndpointWithoutIntegrationConfiguration, org.springframework.cloud.autoconfigure.WritableEnvironmentEndpointAutoConfiguration, org.springframework.cloud.client.CommonsClientAutoConfiguration, org.springframework.cloud.client.CommonsClientAutoConfiguration$ActuatorConfiguration, org.springframework.cloud.client.CommonsClientAutoConfiguration$DiscoveryLoadBalancerConfiguration, org.springframework.cloud.client.discovery.composite.CompositeDiscoveryClientAutoConfiguration, org.springframework.cloud.client.discovery.simple.SimpleDiscoveryClientAutoConfiguration, org.springframework.cloud.client.loadbalancer.AsyncLoadBalancerAutoConfiguration, org.springframework.cloud.client.loadbalancer.AsyncLoadBalancerAutoConfiguration$AsyncRestTemplateCustomizerConfig, org.springframework.cloud.client.loadbalancer.AsyncLoadBalancerAutoConfiguration$LoadBalancerInterceptorConfig, org.springframework.cloud.client.loadbalancer.LoadBalancerAutoConfiguration, org.springframework.cloud.client.loadbalancer.LoadBalancerAutoConfiguration$LoadBalancerInterceptorConfig, org.springframework.cloud.client.serviceregistry.AutoServiceRegistrationAutoConfiguration, org.springframework.cloud.client.serviceregistry.AutoServiceRegistrationConfiguration, org.springframework.cloud.client.serviceregistry.ServiceRegistryAutoConfiguration, org.springframework.cloud.client.serviceregistry.ServiceRegistryAutoConfiguration$ServiceRegistryEndpointConfiguration, org.springframework.cloud.commons.httpclient.HttpClientConfiguration, org.springframework.cloud.commons.httpclient.HttpClientConfiguration$ApacheHttpClientConfiguration, org.springframework.cloud.commons.httpclient.HttpClientConfiguration$OkHttpClientConfiguration, org.springframework.cloud.commons.util.UtilAutoConfiguration, org.springframework.cloud.netflix.archaius.ArchaiusAutoConfiguration, org.springframework.cloud.netflix.archaius.ArchaiusAutoConfiguration$ArchaiusEndpointConfiguration, org.springframework.cloud.netflix.archaius.ArchaiusAutoConfiguration$PropagateEventsConfiguration, org.springframework.cloud.netflix.eureka.EurekaClientAutoConfiguration, org.springframework.cloud.netflix.eureka.EurekaClientAutoConfiguration$EurekaHealthIndicatorConfiguration, org.springframework.cloud.netflix.eureka.EurekaClientAutoConfiguration$RefreshableEurekaClientConfiguration, org.springframework.cloud.netflix.eureka.EurekaDiscoveryClientConfiguration, org.springframework.cloud.netflix.eureka.EurekaDiscoveryClientConfiguration$EurekaClientConfigurationRefresher, org.springframework.cloud.netflix.eureka.config.DiscoveryClientOptionalArgsConfiguration, org.springframework.cloud.netflix.hystrix.HystrixAutoConfiguration, org.springframework.cloud.netflix.hystrix.HystrixAutoConfiguration$HystrixMetricsConfiguration, org.springframework.cloud.netflix.ribbon.RibbonAutoConfiguration, org.springframework.cloud.netflix.ribbon.eureka.RibbonEurekaAutoConfiguration, org.springframework.cloud.openfeign.FeignAutoConfiguration, org.springframework.cloud.openfeign.FeignAutoConfiguration$HystrixFeignTargeterConfiguration, org.springframework.cloud.openfeign.ribbon.DefaultFeignLoadBalancedConfiguration, org.springframework.cloud.openfeign.ribbon.FeignRibbonClientAutoConfiguration, org.springframework.context.annotation.internalAutowiredAnnotationProcessor, org.springframework.context.annotation.internalCommonAnnotationProcessor, org.springframework.context.annotation.internalConfigurationAnnotationProcessor, org.springframework.context.annotation.internalPersistenceAnnotationProcessor, org.springframework.context.annotation.internalRequiredAnnotationProcessor, org.springframework.context.event.internalEventListenerFactory, org.springframework.context.event.internalEventListenerProcessor, org.springframework.data.mongodb.config.GeoJsonConfiguration, org.springframework.data.web.config.ProjectingArgumentResolverRegistrar, org.springframework.data.web.config.SpringDataJacksonConfiguration, org.springframework.data.web.config.SpringDataWebConfiguration, org.springframework.security.config.annotation.authentication.configuration.AuthenticationConfiguration, org.springframework.security.config.annotation.configuration.ObjectPostProcessorConfiguration, org.springframework.security.config.annotation.method.configuration.GlobalMethodSecurityConfiguration, org.springframework.security.config.annotation.web.configuration.WebMvcSecurityConfiguration, org.springframework.security.config.annotation.web.configuration.WebSecurityConfiguration, org.springframework.security.oauth2.config.annotation.web.configuration.ResourceServerConfiguration, org.springframework.transaction.annotation.ProxyTransactionManagementConfiguration, org.springframework.transaction.config.internalTransactionAdvisor, org.springframework.transaction.config.internalTransactionalEventListenerFactory, pageHelperProperties, pageableCustomizer, pageableResolver, pagehelper-com.github.pagehelper.autoconfigure.PageHelperProperties, parameterBuilderPluginRegistry, parameterDataTypeReader, parameterDefaultReader, parameterMapperImpl, parameterMultiplesReader, parameterNameReader, parameterNamesModule, parameterRequiredReader, parameterTypeReader, pathDecoratorRegistry, pathMappedEndpoints, pathMappingDecorator, pathSanitizer, persistenceExceptionTranslationPostProcessor, platformTransactionManagerCustomizers, preInvocationAuthorizationAdvice, preserveErrorControllerTargetClassPostProcessor, privilegeEvaluator, processorMetrics, projectingArgumentResolverBeanPostProcessor, propertiesFactory, propertiesMeterFilter, propertySourcesPlaceholderConfigurer, queryStringUriTemplateDecorator, refreshEndpoint, refreshEventListener, refreshScope, refreshScopeHealthIndicator, requestContextFilter, requestDataValueProcessor, requestMappingHandlerAdapter, requestMappingHandlerMapping, resourceGroupCache, resourceGroupingStrategyRegistry, resourceHandlerMapping, resourceServerConfig, resourceServerProperties, responseMessagesReader, restTemplate, restTemplateBuilder, restTemplateCustomizer, restTemplateTagConfigurer, ribbon-org.springframework.cloud.netflix.ribbon.ServerIntrospectorProperties, ribbon.eager-load-org.springframework.cloud.netflix.ribbon.RibbonEagerLoadProperties, ribbonFeature, ribbonInterceptor, scheduledTasksEndpoint, schemaPluginsManager, scopedTarget.eurekaApplicationInfoManager, scopedTarget.eurekaClient, scopedTarget.eurekaRegistration, security.oauth2.client-org.springframework.boot.autoconfigure.security.oauth2.OAuth2ClientProperties, securityFilterChainRegistration, securityMapperImpl, server-org.springframework.boot.autoconfigure.web.ServerProperties, serviceManagementMetadataProvider, serviceModelToSwagger2MapperImpl, serviceRegistryEndpoint, servletEndpointDiscoverer, servletEndpointRegistrar, servletExposeExcludePropertyEndpointFilter, servletMappingDescriptionProvider, servletWebChildContextFactory, servletWebServerFactoryCustomizer, simpleConfig, simpleControllerHandlerAdapter, simpleDiscoveryClient, simpleDiscoveryProperties, simpleMeterRegistry, sortCustomizer, sortResolver, spring.cloud.discovery.client.health-indicator-org.springframework.cloud.client.discovery.health.DiscoveryClientHealthIndicatorProperties, spring.cloud.loadbalancer.retry-org.springframework.cloud.client.loadbalancer.LoadBalancerRetryProperties, spring.cloud.service-registry.auto-registration-org.springframework.cloud.client.serviceregistry.AutoServiceRegistrationProperties, spring.data.mongodb-org.springframework.boot.autoconfigure.mongo.MongoProperties, spring.data.web-org.springframework.boot.autoconfigure.data.web.SpringDataWebProperties, spring.datasource-org.springframework.boot.autoconfigure.jdbc.DataSourceProperties, spring.datasource.druid-com.alibaba.druid.spring.boot.autoconfigure.properties.DruidStatProperties, spring.gson-org.springframework.boot.autoconfigure.gson.GsonProperties, spring.http.encoding-org.springframework.boot.autoconfigure.http.HttpEncodingProperties, spring.info-org.springframework.boot.autoconfigure.info.ProjectInfoProperties, spring.jackson-org.springframework.boot.autoconfigure.jackson.JacksonProperties, spring.jdbc-org.springframework.boot.autoconfigure.jdbc.JdbcProperties, spring.jpa-org.springframework.boot.autoconfigure.orm.jpa.JpaProperties, spring.jta-org.springframework.boot.autoconfigure.transaction.jta.JtaProperties, spring.mvc-org.springframework.boot.autoconfigure.web.servlet.WebMvcProperties, spring.resources-org.springframework.boot.autoconfigure.web.ResourceProperties, spring.security-org.springframework.boot.autoconfigure.security.SecurityProperties, spring.servlet.multipart-org.springframework.boot.autoconfigure.web.servlet.MultipartProperties, spring.transaction-org.springframework.boot.autoconfigure.transaction.TransactionProperties, springClientFactory, springSecurityFilterChain, springfox.documentation.schema.configuration.ModelsConfiguration, springfox.documentation.spring.web.SpringfoxWebMvcConfiguration, springfox.documentation.swagger.configuration.SwaggerCommonConfiguration, springfox.documentation.swagger2.configuration.Swagger2DocumentationConfiguration, sqlSessionFactory, sqlSessionTemplate, standardGsonBuilderCustomizer, standardJacksonObjectMapperBuilderCustomizer, statFilter, statViewServletRegistrationBean, stringHttpMessageConverter, swagger2Configuration, swagger2ControllerMapping, swagger2Module, swaggerApiListingReader, swaggerExpandedParameterBuilder, swaggerMediaTypeReader, swaggerOperationModelsProvider, swaggerOperationResponseClassReader, swaggerOperationTagsReader, swaggerParameterDescriptionReader, swaggerResponseMessageReader, sysDicthinaryController, sysDicthinaryService, sysDictionaryRepository, teachplanMapper, teachplanMediaPubRepository, teachplanMediaRepository, teachplanRepository, tokenStore, tomcatMetrics, tomcatServletWebServerFactory, tomcatServletWebServerFactoryCustomizer, tomcatWebServerFactoryCustomizer, traceRepository, transactionAttributeSource, transactionInterceptor, transactionManager, transactionTemplate, typeNameExtractor, typeNameProviderPluginRegistry, typeResolver, uptimeMetrics, vendorExtensionsMapperImpl, vendorExtensionsReader, viewControllerHandlerMapping, viewResolver, webEndpointDiscoverer, webEndpointPathMapper, webEndpointServletHandlerMapping, webExposeExcludePropertyEndpointFilter, webMvcMetricsFilter, webMvcRequestHandlerProvider, webMvcTagsProvider, webSecurityExpressionHandler, webServerFactoryCustomizerBeanPostProcessor, webStatFilterRegistrationBean, websocketContainerCustomizer, welcomePageHandlerMapping]
2020-03-14 21:56:52.786 [main] INFO  o.s.cloud.context.scope.GenericScope - BeanFactory id=6e1d4e7b-034b-3aca-a961-b9f1455a1c32
2020-03-14 21:56:52.786 [main] DEBUG o.s.core.env.StandardEnvironment - Removing PropertySource 'defaultProperties'
2020-03-14 21:56:52.787 [main] DEBUG o.s.core.env.StandardEnvironment - Adding PropertySource 'defaultProperties' with lowest search precedence
2020-03-14 21:56:52.791 [main] DEBUG o.s.b.f.s.DefaultListableBeanFactory - Creating shared instance of singleton bean 'propertySourcesPlaceholderConfigurer'
2020-03-14 21:56:52.791 [main] DEBUG o.s.b.f.s.DefaultListableBeanFactory - Creating instance of bean 'propertySourcesPlaceholderConfigurer'
2020-03-14 21:56:52.792 [main] DEBUG o.s.b.f.s.DefaultListableBeanFactory - Eagerly caching bean 'propertySourcesPlaceholderConfigurer' to allow for resolving potential circular references
2020-03-14 21:56:52.817 [main] DEBUG o.s.b.f.s.DefaultListableBeanFactory - Finished creating instance of bean 'propertySourcesPlaceholderConfigurer'
2020-03-14 21:56:52.818 [main] DEBUG o.s.core.env.MutablePropertySources - Adding PropertySource 'environmentProperties' with lowest search precedence
2020-03-14 21:56:52.818 [main] DEBUG o.s.core.env.MutablePropertySources - Adding PropertySource 'localProperties' with lowest search precedence
2020-03-14 21:56:52.824 [main] DEBUG o.s.b.f.s.DefaultListableBeanFactory - Creating shared instance of singleton bean 'org.springframework.boot.test.mock.mockito.MockitoPostProcessor'
2020-03-14 21:56:52.825 [main] DEBUG o.s.b.f.s.DefaultListableBeanFactory - Creating instance of bean 'org.springframework.boot.test.mock.mockito.MockitoPostProcessor'
2020-03-14 21:56:52.828 [main] DEBUG o.s.b.f.s.DefaultListableBeanFactory - Eagerly caching bean 'org.springframework.boot.test.mock.mockito.MockitoPostProcessor' to allow for resolving potential circular references
2020-03-14 21:56:52.842 [main] DEBUG o.s.b.f.s.DefaultListableBeanFactory - Finished creating instance of bean 'org.springframework.boot.test.mock.mockito.MockitoPostProcessor'
2020-03-14 21:56:53.110 [main] DEBUG o.s.b.f.s.DefaultListableBeanFactory - Creating shared instance of singleton bean 'org.springframework.boot.context.properties.ConfigurationBeanFactoryMetadata'
2020-03-14 21:56:53.110 [main] DEBUG o.s.b.f.s.DefaultListableBeanFactory - Creating instance of bean 'org.springframework.boot.context.properties.ConfigurationBeanFactoryMetadata'
2020-03-14 21:56:53.111 [main] DEBUG o.s.b.f.s.DefaultListableBeanFactory - Eagerly caching bean 'org.springframework.boot.context.properties.ConfigurationBeanFactoryMetadata' to allow for resolving potential circular references
2020-03-14 21:56:53.128 [main] DEBUG o.s.b.f.s.DefaultListableBeanFactory - Finished creating instance of bean 'org.springframework.boot.context.properties.ConfigurationBeanFactoryMetadata'
2020-03-14 21:56:53.129 [main] DEBUG o.s.b.f.s.DefaultListableBeanFactory - Creating shared instance of singleton bean 'preserveErrorControllerTargetClassPostProcessor'
2020-03-14 21:56:53.129 [main] DEBUG o.s.b.f.s.DefaultListableBeanFactory - Creating instance of bean 'preserveErrorControllerTargetClassPostProcessor'
2020-03-14 21:56:53.131 [main] DEBUG o.s.b.f.s.DefaultListableBeanFactory - Eagerly caching bean 'preserveErrorControllerTargetClassPostProcessor' to allow for resolving potential circular references
2020-03-14 21:56:53.141 [main] DEBUG o.s.b.f.s.DefaultListableBeanFactory - Finished creating instance of bean 'preserveErrorControllerTargetClassPostProcessor'
2020-03-14 21:56:53.143 [main] DEBUG o.s.b.f.s.DefaultListableBeanFactory - Creating shared instance of singleton bean 'org.springframework.boot.autoconfigure.security.oauth2.method.OAuth2MethodSecurityConfiguration'
2020-03-14 21:56:53.143 [main] DEBUG o.s.b.f.s.DefaultListableBeanFactory - Creating instance of bean 'org.springframework.boot.autoconfigure.security.oauth2.method.OAuth2MethodSecurityConfiguration'
2020-03-14 21:56:53.144 [main] DEBUG o.s.b.f.s.DefaultListableBeanFactory - Eagerly caching bean 'org.springframework.boot.autoconfigure.security.oauth2.method.OAuth2MethodSecurityConfiguration' to allow for resolving potential circular references
2020-03-14 21:56:53.159 [main] DEBUG o.s.b.f.s.DefaultListableBeanFactory - Finished creating instance of bean 'org.springframework.boot.autoconfigure.security.oauth2.method.OAuth2MethodSecurityConfiguration'
2020-03-14 21:56:53.159 [main] DEBUG o.s.b.f.s.DefaultListableBeanFactory - Creating shared instance of singleton bean 'emBeanDefinitionRegistrarPostProcessor'
2020-03-14 21:56:53.159 [main] DEBUG o.s.b.f.s.DefaultListableBeanFactory - Creating instance of bean 'emBeanDefinitionRegistrarPostProcessor'
2020-03-14 21:56:53.160 [main] DEBUG o.s.b.f.s.DefaultListableBeanFactory - Eagerly caching bean 'emBeanDefinitionRegistrarPostProcessor' to allow for resolving potential circular references
2020-03-14 21:56:53.163 [main] DEBUG o.s.b.f.s.DefaultListableBeanFactory - Finished creating instance of bean 'emBeanDefinitionRegistrarPostProcessor'
2020-03-14 21:56:53.280 [main] DEBUG o.s.b.f.s.DefaultListableBeanFactory - Creating shared instance of singleton bean 'org.springframework.boot.test.mock.mockito.MockitoPostProcessor$SpyPostProcessor'
2020-03-14 21:56:53.280 [main] DEBUG o.s.b.f.s.DefaultListableBeanFactory - Creating instance of bean 'org.springframework.boot.test.mock.mockito.MockitoPostProcessor$SpyPostProcessor'
2020-03-14 21:56:53.281 [main] DEBUG o.s.b.f.s.DefaultListableBeanFactory - Returning cached instance of singleton bean 'org.springframework.boot.test.mock.mockito.MockitoPostProcessor'
2020-03-14 21:56:53.281 [main] DEBUG o.s.b.f.s.DefaultListableBeanFactory - Eagerly caching bean 'org.springframework.boot.test.mock.mockito.MockitoPostProcessor$SpyPostProcessor' to allow for resolving potential circular references
2020-03-14 21:56:53.294 [main] DEBUG o.s.b.f.s.DefaultListableBeanFactory - Finished creating instance of bean 'org.springframework.boot.test.mock.mockito.MockitoPostProcessor$SpyPostProcessor'
2020-03-14 21:56:53.295 [main] DEBUG o.s.b.f.s.DefaultListableBeanFactory - Creating shared instance of singleton bean 'org.springframework.context.annotation.internalAutowiredAnnotationProcessor'
2020-03-14 21:56:53.295 [main] DEBUG o.s.b.f.s.DefaultListableBeanFactory - Creating instance of bean 'org.springframework.context.annotation.internalAutowiredAnnotationProcessor'
2020-03-14 21:56:53.295 [main] INFO  o.s.b.f.a.AutowiredAnnotationBeanPostProcessor - JSR-330 'javax.inject.Inject' annotation found and supported for autowiring
2020-03-14 21:56:53.295 [main] DEBUG o.s.b.f.s.DefaultListableBeanFactory - Eagerly caching bean 'org.springframework.context.annotation.internalAutowiredAnnotationProcessor' to allow for resolving potential circular references
2020-03-14 21:56:53.328 [main] DEBUG o.s.b.f.s.DefaultListableBeanFactory - Finished creating instance of bean 'org.springframework.context.annotation.internalAutowiredAnnotationProcessor'
2020-03-14 21:56:53.329 [main] DEBUG o.s.b.f.s.DefaultListableBeanFactory - Creating shared instance of singleton bean 'org.springframework.context.annotation.internalRequiredAnnotationProcessor'
2020-03-14 21:56:53.329 [main] DEBUG o.s.b.f.s.DefaultListableBeanFactory - Creating instance of bean 'org.springframework.context.annotation.internalRequiredAnnotationProcessor'
2020-03-14 21:56:53.329 [main] DEBUG o.s.b.f.s.DefaultListableBeanFactory - Eagerly caching bean 'org.springframework.context.annotation.internalRequiredAnnotationProcessor' to allow for resolving potential circular references
2020-03-14 21:56:53.348 [main] DEBUG o.s.b.f.s.DefaultListableBeanFactory - Finished creating instance of bean 'org.springframework.context.annotation.internalRequiredAnnotationProcessor'
2020-03-14 21:56:53.348 [main] DEBUG o.s.b.f.s.DefaultListableBeanFactory - Creating shared instance of singleton bean 'org.springframework.context.annotation.internalCommonAnnotationProcessor'
2020-03-14 21:56:53.349 [main] DEBUG o.s.b.f.s.DefaultListableBeanFactory - Creating instance of bean 'org.springframework.context.annotation.internalCommonAnnotationProcessor'
2020-03-14 21:56:53.349 [main] DEBUG o.s.b.f.s.DefaultListableBeanFactory - Eagerly caching bean 'org.springframework.context.annotation.internalCommonAnnotationProcessor' to allow for resolving potential circular references
2020-03-14 21:56:53.369 [main] DEBUG o.s.b.f.s.DefaultListableBeanFactory - Finished creating instance of bean 'org.springframework.context.annotation.internalCommonAnnotationProcessor'
2020-03-14 21:56:53.370 [main] DEBUG o.s.b.f.s.DefaultListableBeanFactory - Creating shared instance of singleton bean 'org.springframework.context.annotation.internalPersistenceAnnotationProcessor'
2020-03-14 21:56:53.370 [main] DEBUG o.s.b.f.s.DefaultListableBeanFactory - Creating instance of bean 'org.springframework.context.annotation.internalPersistenceAnnotationProcessor'
2020-03-14 21:56:53.370 [main] DEBUG o.s.b.f.s.DefaultListableBeanFactory - Eagerly caching bean 'org.springframework.context.annotation.internalPersistenceAnnotationProcessor' to allow for resolving potential circular references
2020-03-14 21:56:53.410 [main] DEBUG o.s.b.f.s.DefaultListableBeanFactory - Finished creating instance of bean 'org.springframework.context.annotation.internalPersistenceAnnotationProcessor'
2020-03-14 21:56:53.410 [main] DEBUG o.s.b.f.s.DefaultListableBeanFactory - Creating shared instance of singleton bean 'org.springframework.boot.context.properties.ConfigurationPropertiesBindingPostProcessor'
2020-03-14 21:56:53.410 [main] DEBUG o.s.b.f.s.DefaultListableBeanFactory - Creating instance of bean 'org.springframework.boot.context.properties.ConfigurationPropertiesBindingPostProcessor'
2020-03-14 21:56:53.411 [main] DEBUG o.s.b.f.s.DefaultListableBeanFactory - Eagerly caching bean 'org.springframework.boot.context.properties.ConfigurationPropertiesBindingPostProcessor' to allow for resolving potential circular references
2020-03-14 21:56:53.457 [main] DEBUG o.s.b.f.s.DefaultListableBeanFactory - Invoking afterPropertiesSet() on bean with name 'org.springframework.boot.context.properties.ConfigurationPropertiesBindingPostProcessor'
2020-03-14 21:56:53.458 [main] DEBUG o.s.b.f.s.DefaultListableBeanFactory - Returning cached instance of singleton bean 'org.springframework.boot.context.properties.ConfigurationBeanFactoryMetadata'
2020-03-14 21:56:53.472 [main] DEBUG o.s.b.f.s.DefaultListableBeanFactory - Returning cached instance of singleton bean 'propertySourcesPlaceholderConfigurer'
2020-03-14 21:56:53.473 [main] DEBUG o.s.b.f.s.DefaultListableBeanFactory - Finished creating instance of bean 'org.springframework.boot.context.properties.ConfigurationPropertiesBindingPostProcessor'
2020-03-14 21:56:53.473 [main] DEBUG o.s.b.f.s.DefaultListableBeanFactory - Returning cached instance of singleton bean 'org.springframework.boot.test.mock.mockito.MockitoPostProcessor'
2020-03-14 21:56:53.473 [main] DEBUG o.s.b.f.s.DefaultListableBeanFactory - Creating shared instance of singleton bean 'org.springframework.aop.config.internalAutoProxyCreator'
2020-03-14 21:56:53.474 [main] DEBUG o.s.b.f.s.DefaultListableBeanFactory - Creating instance of bean 'org.springframework.aop.config.internalAutoProxyCreator'
2020-03-14 21:56:53.516 [main] DEBUG o.s.b.f.s.DefaultListableBeanFactory - Eagerly caching bean 'org.springframework.aop.config.internalAutoProxyCreator' to allow for resolving potential circular references
2020-03-14 21:56:53.596 [main] DEBUG o.s.b.f.s.DefaultListableBeanFactory - Finished creating instance of bean 'org.springframework.aop.config.internalAutoProxyCreator'
2020-03-14 21:56:53.596 [main] DEBUG o.s.b.f.s.DefaultListableBeanFactory - Creating shared instance of singleton bean 'methodValidationPostProcessor'
2020-03-14 21:56:53.596 [main] DEBUG o.s.b.f.s.DefaultListableBeanFactory - Creating instance of bean 'methodValidationPostProcessor'
2020-03-14 21:56:53.601 [main] DEBUG o.s.b.f.s.DefaultListableBeanFactory - Returning cached instance of singleton bean 'environment'
2020-03-14 21:56:53.622 [main] DEBUG o.s.aop.framework.JdkDynamicAopProxy - Creating JDK dynamic proxy: target source is org.springframework.context.annotation.ContextAnnotationAutowireCandidateResolver$1@6070775e
2020-03-14 21:56:53.630 [main] DEBUG o.s.b.f.s.DefaultListableBeanFactory - Autowiring by type from bean name 'methodValidationPostProcessor' via factory method to bean named 'environment'
2020-03-14 21:56:53.631 [main] DEBUG o.s.c.e.PropertySourcesPropertyResolver - Could not find key 'spring.aop.proxy-target-class' in any property source
2020-03-14 21:56:53.633 [main] DEBUG o.s.b.f.s.DefaultListableBeanFactory - Eagerly caching bean 'methodValidationPostProcessor' to allow for resolving potential circular references
2020-03-14 21:56:53.660 [main] DEBUG o.s.b.f.s.DefaultListableBeanFactory - Invoking afterPropertiesSet() on bean with name 'methodValidationPostProcessor'
2020-03-14 21:56:53.673 [main] DEBUG o.s.b.f.s.DefaultListableBeanFactory - Finished creating instance of bean 'methodValidationPostProcessor'
2020-03-14 21:56:53.673 [main] DEBUG o.s.b.f.s.DefaultListableBeanFactory - Creating shared instance of singleton bean 'dataSourceInitializerPostProcessor'
2020-03-14 21:56:53.673 [main] DEBUG o.s.b.f.s.DefaultListableBeanFactory - Creating instance of bean 'dataSourceInitializerPostProcessor'
2020-03-14 21:56:53.674 [main] DEBUG o.s.b.f.annotation.InjectionMetadata - Registered injected element on class [org.springframework.boot.autoconfigure.jdbc.DataSourceInitializerPostProcessor]: AutowiredFieldElement for private org.springframework.beans.factory.BeanFactory org.springframework.boot.autoconfigure.jdbc.DataSourceInitializerPostProcessor.beanFactory
2020-03-14 21:56:53.674 [main] DEBUG o.s.b.f.s.DefaultListableBeanFactory - Eagerly caching bean 'dataSourceInitializerPostProcessor' to allow for resolving potential circular references
2020-03-14 21:56:53.683 [main] DEBUG o.s.b.f.annotation.InjectionMetadata - Processing injected element of bean 'dataSourceInitializerPostProcessor': AutowiredFieldElement for private org.springframework.beans.factory.BeanFactory org.springframework.boot.autoconfigure.jdbc.DataSourceInitializerPostProcessor.beanFactory
2020-03-14 21:56:53.683 [main] DEBUG o.s.core.annotation.AnnotationUtils - Failed to meta-introspect annotation interface org.springframework.beans.factory.annotation.Autowired: java.lang.NullPointerException
2020-03-14 21:56:53.686 [main] DEBUG o.s.b.f.a.AutowiredAnnotationBeanPostProcessor - Autowiring by type from bean name 'dataSourceInitializerPostProcessor' to bean named 'org.springframework.beans.factory.support.DefaultListableBeanFactory@10b892d5'
2020-03-14 21:56:53.686 [main] DEBUG o.s.b.f.s.DefaultListableBeanFactory - Finished creating instance of bean 'dataSourceInitializerPostProcessor'
2020-03-14 21:56:53.687 [main] DEBUG o.s.b.f.s.DefaultListableBeanFactory - Creating shared instance of singleton bean 'hikariDataSourceMetricsPostProcessor'
2020-03-14 21:56:53.688 [main] DEBUG o.s.b.f.s.DefaultListableBeanFactory - Creating instance of bean 'hikariDataSourceMetricsPostProcessor'
2020-03-14 21:56:53.691 [main] DEBUG o.s.b.f.s.DefaultListableBeanFactory - Autowiring by type from bean name 'hikariDataSourceMetricsPostProcessor' via factory method to bean named 'org.springframework.web.context.support.GenericWebApplicationContext@1ee4730'
2020-03-14 21:56:53.692 [main] DEBUG o.s.b.f.s.DefaultListableBeanFactory - Eagerly caching bean 'hikariDataSourceMetricsPostProcessor' to allow for resolving potential circular references
2020-03-14 21:56:53.696 [main] DEBUG o.s.b.f.s.DefaultListableBeanFactory - Finished creating instance of bean 'hikariDataSourceMetricsPostProcessor'
2020-03-14 21:56:53.696 [main] DEBUG o.s.b.f.s.DefaultListableBeanFactory - Creating shared instance of singleton bean 'persistenceExceptionTranslationPostProcessor'
2020-03-14 21:56:53.696 [main] DEBUG o.s.b.f.s.DefaultListableBeanFactory - Creating instance of bean 'persistenceExceptionTranslationPostProcessor'
2020-03-14 21:56:53.699 [main] DEBUG o.s.b.f.s.DefaultListableBeanFactory - Returning cached instance of singleton bean 'environment'
2020-03-14 21:56:53.699 [main] DEBUG o.s.b.f.s.DefaultListableBeanFactory - Autowiring by type from bean name 'persistenceExceptionTranslationPostProcessor' via factory method to bean named 'environment'
2020-03-14 21:56:53.700 [main] DEBUG o.s.c.e.PropertySourcesPropertyResolver - Could not find key 'spring.aop.proxy-target-class' in any property source
2020-03-14 21:56:53.701 [main] DEBUG o.s.b.f.s.DefaultListableBeanFactory - Eagerly caching bean 'persistenceExceptionTranslationPostProcessor' to allow for resolving potential circular references
2020-03-14 21:56:53.733 [main] DEBUG o.s.b.f.s.DefaultListableBeanFactory - Finished creating instance of bean 'persistenceExceptionTranslationPostProcessor'
2020-03-14 21:56:53.734 [main] DEBUG o.s.b.f.s.DefaultListableBeanFactory - Creating shared instance of singleton bean 'objectMapperConfigurer'
2020-03-14 21:56:53.734 [main] DEBUG o.s.b.f.s.DefaultListableBeanFactory - Creating instance of bean 'objectMapperConfigurer'
2020-03-14 21:56:53.741 [main] DEBUG o.s.b.f.s.DefaultListableBeanFactory - Creating shared instance of singleton bean 'metaDataSourceAdvisor'
2020-03-14 21:56:53.741 [main] DEBUG o.s.b.f.s.DefaultListableBeanFactory - Creating instance of bean 'metaDataSourceAdvisor'
2020-03-14 21:56:53.741 [main] DEBUG o.s.b.f.s.DefaultListableBeanFactory - Creating shared instance of singleton bean 'methodSecurityMetadataSource'
2020-03-14 21:56:53.741 [main] DEBUG o.s.b.f.s.DefaultListableBeanFactory - Creating instance of bean 'methodSecurityMetadataSource'
2020-03-14 21:56:53.742 [main] DEBUG o.s.b.f.s.DefaultListableBeanFactory - Creating shared instance of singleton bean 'org.springframework.security.config.annotation.method.configuration.GlobalMethodSecurityConfiguration'
2020-03-14 21:56:53.742 [main] DEBUG o.s.b.f.s.DefaultListableBeanFactory - Creating instance of bean 'org.springframework.security.config.annotation.method.configuration.GlobalMethodSecurityConfiguration'
2020-03-14 21:56:53.742 [main] DEBUG o.s.a.f.a.BeanFactoryAdvisorRetrievalHelper - Skipping currently created advisor 'metaDataSourceAdvisor'
2020-03-14 21:56:53.742 [main] DEBUG o.s.b.f.s.DefaultListableBeanFactory - Creating shared instance of singleton bean 'org.springframework.transaction.config.internalTransactionAdvisor'
2020-03-14 21:56:53.742 [main] DEBUG o.s.b.f.s.DefaultListableBeanFactory - Creating instance of bean 'org.springframework.transaction.config.internalTransactionAdvisor'
2020-03-14 21:56:53.742 [main] DEBUG o.s.b.f.s.DefaultListableBeanFactory - Creating shared instance of singleton bean 'org.springframework.transaction.annotation.ProxyTransactionManagementConfiguration'
2020-03-14 21:56:53.742 [main] DEBUG o.s.b.f.s.DefaultListableBeanFactory - Creating instance of bean 'org.springframework.transaction.annotation.ProxyTransactionManagementConfiguration'
2020-03-14 21:56:53.742 [main] DEBUG o.s.a.f.a.BeanFactoryAdvisorRetrievalHelper - Skipping currently created advisor 'metaDataSourceAdvisor'
2020-03-14 21:56:53.742 [main] DEBUG o.s.a.f.a.BeanFactoryAdvisorRetrievalHelper - Skipping currently created advisor 'org.springframework.transaction.config.internalTransactionAdvisor'
2020-03-14 21:56:53.867 [main] DEBUG o.s.b.f.annotation.InjectionMetadata - Registered injected element on class [org.springframework.transaction.annotation.ProxyTransactionManagementConfiguration$$EnhancerBySpringCGLIB$$a14a5439]: AutowiredMethodElement for void org.springframework.transaction.annotation.AbstractTransactionManagementConfiguration.setConfigurers(java.util.Collection)
2020-03-14 21:56:53.867 [main] DEBUG o.s.b.f.s.DefaultListableBeanFactory - Eagerly caching bean 'org.springframework.transaction.annotation.ProxyTransactionManagementConfiguration' to allow for resolving potential circular references
2020-03-14 21:56:53.868 [main] DEBUG o.s.b.f.annotation.InjectionMetadata - Processing injected element of bean 'org.springframework.transaction.annotation.ProxyTransactionManagementConfiguration': AutowiredMethodElement for void org.springframework.transaction.annotation.AbstractTransactionManagementConfiguration.setConfigurers(java.util.Collection)
2020-03-14 21:56:53.894 [main] DEBUG o.s.b.f.s.DefaultListableBeanFactory - Returning cached instance of singleton bean 'org.springframework.context.annotation.ConfigurationClassPostProcessor.importRegistry'
2020-03-14 21:56:53.898 [main] INFO  o.s.c.s.PostProcessorRegistrationDelegate$BeanPostProcessorChecker - Bean 'org.springframework.transaction.annotation.ProxyTransactionManagementConfiguration' of type [org.springframework.transaction.annotation.ProxyTransactionManagementConfiguration$$EnhancerBySpringCGLIB$$a14a5439] is not eligible for getting processed by all BeanPostProcessors (for example: not eligible for auto-proxying)
2020-03-14 21:56:53.899 [main] DEBUG o.s.a.f.a.BeanFactoryAdvisorRetrievalHelper - Skipping currently created advisor 'metaDataSourceAdvisor'
2020-03-14 21:56:53.900 [main] DEBUG o.s.a.f.a.BeanFactoryAdvisorRetrievalHelper - Skipping currently created advisor 'org.springframework.transaction.config.internalTransactionAdvisor'
2020-03-14 21:56:53.900 [main] DEBUG o.s.a.f.a.BeanFactoryAdvisorRetrievalHelper - Skipping currently created advisor 'metaDataSourceAdvisor'
2020-03-14 21:56:53.900 [main] DEBUG o.s.a.f.a.BeanFactoryAdvisorRetrievalHelper - Skipping currently created advisor 'org.springframework.transaction.config.internalTransactionAdvisor'
2020-03-14 21:56:53.911 [main] DEBUG o.s.b.f.s.DefaultListableBeanFactory - Finished creating instance of bean 'org.springframework.transaction.annotation.ProxyTransactionManagementConfiguration'
2020-03-14 21:56:53.935 [main] DEBUG o.s.b.f.s.DefaultListableBeanFactory - Creating shared instance of singleton bean 'transactionAttributeSource'
2020-03-14 21:56:53.936 [main] DEBUG o.s.b.f.s.DefaultListableBeanFactory - Creating instance of bean 'transactionAttributeSource'
2020-03-14 21:56:53.936 [main] DEBUG o.s.a.f.a.BeanFactoryAdvisorRetrievalHelper - Skipping currently created advisor 'metaDataSourceAdvisor'
2020-03-14 21:56:53.936 [main] DEBUG o.s.a.f.a.BeanFactoryAdvisorRetrievalHelper - Skipping currently created advisor 'org.springframework.transaction.config.internalTransactionAdvisor'
2020-03-14 21:56:53.937 [main] DEBUG o.s.b.f.s.DefaultListableBeanFactory - Returning cached instance of singleton bean 'org.springframework.transaction.annotation.ProxyTransactionManagementConfiguration'
2020-03-14 21:56:53.938 [main] DEBUG o.s.b.f.s.DefaultListableBeanFactory - Eagerly caching bean 'transactionAttributeSource' to allow for resolving potential circular references
2020-03-14 21:56:53.948 [main] DEBUG o.s.a.f.a.BeanFactoryAdvisorRetrievalHelper - Skipping currently created advisor 'metaDataSourceAdvisor'
2020-03-14 21:56:53.948 [main] DEBUG o.s.a.f.a.BeanFactoryAdvisorRetrievalHelper - Skipping currently created advisor 'org.springframework.transaction.config.internalTransactionAdvisor'
2020-03-14 21:56:53.948 [main] DEBUG o.s.a.f.a.BeanFactoryAdvisorRetrievalHelper - Skipping currently created advisor 'metaDataSourceAdvisor'
2020-03-14 21:56:53.948 [main] DEBUG o.s.a.f.a.BeanFactoryAdvisorRetrievalHelper - Skipping currently created advisor 'org.springframework.transaction.config.internalTransactionAdvisor'
2020-03-14 21:56:53.948 [main] DEBUG o.s.b.f.s.DefaultListableBeanFactory - Finished creating instance of bean 'transactionAttributeSource'
2020-03-14 21:56:53.949 [main] DEBUG o.s.b.f.s.DefaultListableBeanFactory - Creating shared instance of singleton bean 'transactionInterceptor'
2020-03-14 21:56:53.949 [main] DEBUG o.s.b.f.s.DefaultListableBeanFactory - Creating instance of bean 'transactionInterceptor'
2020-03-14 21:56:53.949 [main] DEBUG o.s.b.f.s.DefaultListableBeanFactory - Returning cached instance of singleton bean 'org.springframework.transaction.annotation.ProxyTransactionManagementConfiguration'
2020-03-14 21:56:53.957 [main] DEBUG o.s.b.f.s.DefaultListableBeanFactory - Returning cached instance of singleton bean 'transactionAttributeSource'
2020-03-14 21:56:53.970 [main] DEBUG o.s.b.f.s.DefaultListableBeanFactory - Eagerly caching bean 'transactionInterceptor' to allow for resolving potential circular references
2020-03-14 21:56:53.989 [main] DEBUG o.s.b.f.s.DefaultListableBeanFactory - Invoking afterPropertiesSet() on bean with name 'transactionInterceptor'
2020-03-14 21:56:53.993 [main] DEBUG o.s.b.f.s.DefaultListableBeanFactory - Finished creating instance of bean 'transactionInterceptor'
2020-03-14 21:56:53.995 [main] DEBUG o.s.b.f.s.DefaultListableBeanFactory - Eagerly caching bean 'org.springframework.transaction.config.internalTransactionAdvisor' to allow for resolving potential circular references
2020-03-14 21:56:54.013 [main] DEBUG o.s.b.f.s.DefaultListableBeanFactory - Finished creating instance of bean 'org.springframework.transaction.config.internalTransactionAdvisor'
2020-03-14 21:56:54.063 [main] DEBUG o.s.b.f.annotation.InjectionMetadata - Registered injected element on class [org.springframework.security.config.annotation.method.configuration.GlobalMethodSecurityConfiguration$$EnhancerBySpringCGLIB$$5eccbf25]: AutowiredMethodElement for public void org.springframework.security.config.annotation.method.configuration.GlobalMethodSecurityConfiguration.setApplicationContext(org.springframework.context.ApplicationContext)
2020-03-14 21:56:54.064 [main] DEBUG o.s.b.f.annotation.InjectionMetadata - Registered injected element on class [org.springframework.security.config.annotation.method.configuration.GlobalMethodSecurityConfiguration$$EnhancerBySpringCGLIB$$5eccbf25]: AutowiredMethodElement for public void org.springframework.security.config.annotation.method.configuration.GlobalMethodSecurityConfiguration.setJsr250MethodSecurityMetadataSource(org.springframework.security.access.annotation.Jsr250MethodSecurityMetadataSource)
2020-03-14 21:56:54.064 [main] DEBUG o.s.b.f.annotation.InjectionMetadata - Registered injected element on class [org.springframework.security.config.annotation.method.configuration.GlobalMethodSecurityConfiguration$$EnhancerBySpringCGLIB$$5eccbf25]: AutowiredMethodElement for public void org.springframework.security.config.annotation.method.configuration.GlobalMethodSecurityConfiguration.setMethodSecurityExpressionHandler(java.util.List)
2020-03-14 21:56:54.064 [main] DEBUG o.s.b.f.annotation.InjectionMetadata - Registered injected element on class [org.springframework.security.config.annotation.method.configuration.GlobalMethodSecurityConfiguration$$EnhancerBySpringCGLIB$$5eccbf25]: AutowiredMethodElement for public void org.springframework.security.config.annotation.method.configuration.GlobalMethodSecurityConfiguration.setObjectPostProcessor(org.springframework.security.config.annotation.ObjectPostProcessor)
2020-03-14 21:56:54.064 [main] DEBUG o.s.b.f.s.DefaultListableBeanFactory - Eagerly caching bean 'org.springframework.security.config.annotation.method.configuration.GlobalMethodSecurityConfiguration' to allow for resolving potential circular references
2020-03-14 21:56:54.065 [main] DEBUG o.s.b.f.annotation.InjectionMetadata - Processing injected element of bean 'org.springframework.security.config.annotation.method.configuration.GlobalMethodSecurityConfiguration': AutowiredMethodElement for public void org.springframework.security.config.annotation.method.configuration.GlobalMethodSecurityConfiguration.setApplicationContext(org.springframework.context.ApplicationContext)
2020-03-14 21:56:54.069 [main] DEBUG o.s.b.f.a.AutowiredAnnotationBeanPostProcessor - Autowiring by type from bean name 'org.springframework.security.config.annotation.method.configuration.GlobalMethodSecurityConfiguration' to bean named 'org.springframework.web.context.support.GenericWebApplicationContext@1ee4730'
2020-03-14 21:56:54.070 [main] DEBUG o.s.b.f.annotation.InjectionMetadata - Processing injected element of bean 'org.springframework.security.config.annotation.method.configuration.GlobalMethodSecurityConfiguration': AutowiredMethodElement for public void org.springframework.security.config.annotation.method.configuration.GlobalMethodSecurityConfiguration.setJsr250MethodSecurityMetadataSource(org.springframework.security.access.annotation.Jsr250MethodSecurityMetadataSource)
2020-03-14 21:56:54.077 [main] DEBUG o.s.b.f.annotation.InjectionMetadata - Processing injected element of bean 'org.springframework.security.config.annotation.method.configuration.GlobalMethodSecurityConfiguration': AutowiredMethodElement for public void org.springframework.security.config.annotation.method.configuration.GlobalMethodSecurityConfiguration.setMethodSecurityExpressionHandler(java.util.List)
2020-03-14 21:56:54.086 [main] DEBUG o.s.b.f.annotation.InjectionMetadata - Processing injected element of bean 'org.springframework.security.config.annotation.method.configuration.GlobalMethodSecurityConfiguration': AutowiredMethodElement for public void org.springframework.security.config.annotation.method.configuration.GlobalMethodSecurityConfiguration.setObjectPostProcessor(org.springframework.security.config.annotation.ObjectPostProcessor)
2020-03-14 21:56:54.091 [main] DEBUG o.s.b.f.s.DefaultListableBeanFactory - Creating shared instance of singleton bean 'objectPostProcessor'
2020-03-14 21:56:54.092 [main] DEBUG o.s.b.f.s.DefaultListableBeanFactory - Creating instance of bean 'objectPostProcessor'
2020-03-14 21:56:54.092 [main] DEBUG o.s.a.f.a.BeanFactoryAdvisorRetrievalHelper - Skipping currently created advisor 'metaDataSourceAdvisor'
2020-03-14 21:56:54.092 [main] DEBUG o.s.b.f.s.DefaultListableBeanFactory - Returning cached instance of singleton bean 'org.springframework.transaction.config.internalTransactionAdvisor'
2020-03-14 21:56:54.092 [main] DEBUG o.s.b.f.s.DefaultListableBeanFactory - Creating shared instance of singleton bean 'org.springframework.security.config.annotation.configuration.ObjectPostProcessorConfiguration'
2020-03-14 21:56:54.092 [main] DEBUG o.s.b.f.s.DefaultListableBeanFactory - Creating instance of bean 'org.springframework.security.config.annotation.configuration.ObjectPostProcessorConfiguration'
2020-03-14 21:56:54.092 [main] DEBUG o.s.a.f.a.BeanFactoryAdvisorRetrievalHelper - Skipping currently created advisor 'metaDataSourceAdvisor'
2020-03-14 21:56:54.092 [main] DEBUG o.s.b.f.s.DefaultListableBeanFactory - Returning cached instance of singleton bean 'org.springframework.transaction.config.internalTransactionAdvisor'
2020-03-14 21:56:54.094 [main] DEBUG o.s.b.f.s.DefaultListableBeanFactory - Eagerly caching bean 'org.springframework.security.config.annotation.configuration.ObjectPostProcessorConfiguration' to allow for resolving potential circular references
2020-03-14 21:56:54.115 [main] INFO  o.s.c.s.PostProcessorRegistrationDelegate$BeanPostProcessorChecker - Bean 'org.springframework.security.config.annotation.configuration.ObjectPostProcessorConfiguration' of type [org.springframework.security.config.annotation.configuration.ObjectPostProcessorConfiguration$$EnhancerBySpringCGLIB$$39f81c73] is not eligible for getting processed by all BeanPostProcessors (for example: not eligible for auto-proxying)
2020-03-14 21:56:54.115 [main] DEBUG o.s.a.f.a.BeanFactoryAdvisorRetrievalHelper - Skipping currently created advisor 'metaDataSourceAdvisor'
2020-03-14 21:56:54.115 [main] DEBUG o.s.b.f.s.DefaultListableBeanFactory - Returning cached instance of singleton bean 'org.springframework.transaction.config.internalTransactionAdvisor'
2020-03-14 21:56:54.115 [main] DEBUG o.s.a.f.a.BeanFactoryAdvisorRetrievalHelper - Skipping currently created advisor 'metaDataSourceAdvisor'
2020-03-14 21:56:54.115 [main] DEBUG o.s.b.f.s.DefaultListableBeanFactory - Returning cached instance of singleton bean 'org.springframework.transaction.config.internalTransactionAdvisor'
2020-03-14 21:56:54.121 [main] DEBUG o.s.b.f.s.DefaultListableBeanFactory - Finished creating instance of bean 'org.springframework.security.config.annotation.configuration.ObjectPostProcessorConfiguration'
2020-03-14 21:56:54.130 [main] DEBUG o.s.b.f.s.DefaultListableBeanFactory - Autowiring by type from bean name 'objectPostProcessor' via factory method to bean named 'org.springframework.beans.factory.support.DefaultListableBeanFactory@10b892d5'
2020-03-14 21:56:54.147 [main] DEBUG o.s.b.f.s.DefaultListableBeanFactory - Eagerly caching bean 'objectPostProcessor' to allow for resolving potential circular references
2020-03-14 21:56:54.155 [main] INFO  o.s.c.s.PostProcessorRegistrationDelegate$BeanPostProcessorChecker - Bean 'objectPostProcessor' of type [org.springframework.security.config.annotation.configuration.AutowireBeanFactoryObjectPostProcessor] is not eligible for getting processed by all BeanPostProcessors (for example: not eligible for auto-proxying)
2020-03-14 21:56:54.156 [main] DEBUG o.s.a.f.a.BeanFactoryAdvisorRetrievalHelper - Skipping currently created advisor 'metaDataSourceAdvisor'
2020-03-14 21:56:54.156 [main] DEBUG o.s.b.f.s.DefaultListableBeanFactory - Returning cached instance of singleton bean 'org.springframework.transaction.config.internalTransactionAdvisor'
2020-03-14 21:56:54.156 [main] DEBUG o.s.a.f.a.BeanFactoryAdvisorRetrievalHelper - Skipping currently created advisor 'metaDataSourceAdvisor'
2020-03-14 21:56:54.156 [main] DEBUG o.s.b.f.s.DefaultListableBeanFactory - Returning cached instance of singleton bean 'org.springframework.transaction.config.internalTransactionAdvisor'
2020-03-14 21:56:54.156 [main] DEBUG o.s.b.f.s.DefaultListableBeanFactory - Finished creating instance of bean 'objectPostProcessor'
2020-03-14 21:56:54.157 [main] DEBUG o.s.b.f.a.AutowiredAnnotationBeanPostProcessor - Autowiring by type from bean name 'org.springframework.security.config.annotation.method.configuration.GlobalMethodSecurityConfiguration' to bean named 'objectPostProcessor'
2020-03-14 21:56:54.168 [main] INFO  o.s.c.s.PostProcessorRegistrationDelegate$BeanPostProcessorChecker - Bean 'org.springframework.security.access.expression.method.DefaultMethodSecurityExpressionHandler@3a11c0eb' of type [org.springframework.security.oauth2.provider.expression.OAuth2MethodSecurityExpressionHandler] is not eligible for getting processed by all BeanPostProcessors (for example: not eligible for auto-proxying)
2020-03-14 21:56:54.192 [main] DEBUG o.s.b.f.s.DefaultListableBeanFactory - Returning cached instance of singleton bean 'org.springframework.context.annotation.ConfigurationClassPostProcessor.importRegistry'
2020-03-14 21:56:54.193 [main] INFO  o.s.c.s.PostProcessorRegistrationDelegate$BeanPostProcessorChecker - Bean 'org.springframework.security.config.annotation.method.configuration.GlobalMethodSecurityConfiguration' of type [org.springframework.security.config.annotation.method.configuration.GlobalMethodSecurityConfiguration$$EnhancerBySpringCGLIB$$5eccbf25] is not eligible for getting processed by all BeanPostProcessors (for example: not eligible for auto-proxying)
2020-03-14 21:56:54.194 [main] DEBUG o.s.a.f.a.BeanFactoryAdvisorRetrievalHelper - Skipping currently created advisor 'metaDataSourceAdvisor'
2020-03-14 21:56:54.194 [main] DEBUG o.s.b.f.s.DefaultListableBeanFactory - Returning cached instance of singleton bean 'org.springframework.transaction.config.internalTransactionAdvisor'
2020-03-14 21:56:54.194 [main] DEBUG o.s.a.f.a.BeanFactoryAdvisorRetrievalHelper - Skipping currently created advisor 'metaDataSourceAdvisor'
2020-03-14 21:56:54.195 [main] DEBUG o.s.b.f.s.DefaultListableBeanFactory - Returning cached instance of singleton bean 'org.springframework.transaction.config.internalTransactionAdvisor'
2020-03-14 21:56:54.196 [main] DEBUG o.s.b.f.s.DefaultListableBeanFactory - Finished creating instance of bean 'org.springframework.security.config.annotation.method.configuration.GlobalMethodSecurityConfiguration'
2020-03-14 21:56:54.235 [main] DEBUG o.s.b.f.s.DefaultListableBeanFactory - Eagerly caching bean 'methodSecurityMetadataSource' to allow for resolving potential circular references
2020-03-14 21:56:54.249 [main] INFO  o.s.c.s.PostProcessorRegistrationDelegate$BeanPostProcessorChecker - Bean 'methodSecurityMetadataSource' of type [org.springframework.security.access.method.DelegatingMethodSecurityMetadataSource] is not eligible for getting processed by all BeanPostProcessors (for example: not eligible for auto-proxying)
2020-03-14 21:56:54.251 [main] DEBUG o.s.b.f.s.DefaultListableBeanFactory - Finished creating instance of bean 'methodSecurityMetadataSource'
2020-03-14 21:56:54.263 [main] DEBUG o.s.b.f.s.DefaultListableBeanFactory - Eagerly caching bean 'metaDataSourceAdvisor' to allow for resolving potential circular references
2020-03-14 21:56:54.279 [main] DEBUG o.s.b.f.s.DefaultListableBeanFactory - Finished creating instance of bean 'metaDataSourceAdvisor'
2020-03-14 21:56:54.279 [main] DEBUG o.s.b.f.s.DefaultListableBeanFactory - Returning cached instance of singleton bean 'org.springframework.transaction.config.internalTransactionAdvisor'
2020-03-14 21:56:54.281 [main] DEBUG o.s.b.f.s.DefaultListableBeanFactory - Eagerly caching bean 'objectMapperConfigurer' to allow for resolving potential circular references
2020-03-14 21:56:54.287 [main] DEBUG o.s.b.f.s.DefaultListableBeanFactory - Returning cached instance of singleton bean 'metaDataSourceAdvisor'
2020-03-14 21:56:54.288 [main] DEBUG o.s.b.f.s.DefaultListableBeanFactory - Returning cached instance of singleton bean 'org.springframework.transaction.config.internalTransactionAdvisor'
2020-03-14 21:56:54.288 [main] DEBUG o.s.b.f.s.DefaultListableBeanFactory - Returning cached instance of singleton bean 'metaDataSourceAdvisor'
2020-03-14 21:56:54.288 [main] DEBUG o.s.b.f.s.DefaultListableBeanFactory - Returning cached instance of singleton bean 'org.springframework.transaction.config.internalTransactionAdvisor'
2020-03-14 21:56:54.299 [main] DEBUG o.s.b.f.s.DefaultListableBeanFactory - Finished creating instance of bean 'objectMapperConfigurer'
2020-03-14 21:56:54.300 [main] DEBUG o.s.b.f.s.DefaultListableBeanFactory - Creating shared instance of singleton bean 'webServerFactoryCustomizerBeanPostProcessor'
2020-03-14 21:56:54.300 [main] DEBUG o.s.b.f.s.DefaultListableBeanFactory - Creating instance of bean 'webServerFactoryCustomizerBeanPostProcessor'
2020-03-14 21:56:54.302 [main] DEBUG o.s.b.f.s.DefaultListableBeanFactory - Eagerly caching bean 'webServerFactoryCustomizerBeanPostProcessor' to allow for resolving potential circular references
2020-03-14 21:56:54.315 [main] DEBUG o.s.b.f.s.DefaultListableBeanFactory - Finished creating instance of bean 'webServerFactoryCustomizerBeanPostProcessor'
2020-03-14 21:56:54.315 [main] DEBUG o.s.b.f.s.DefaultListableBeanFactory - Creating shared instance of singleton bean 'errorPageRegistrarBeanPostProcessor'
2020-03-14 21:56:54.315 [main] DEBUG o.s.b.f.s.DefaultListableBeanFactory - Creating instance of bean 'errorPageRegistrarBeanPostProcessor'
2020-03-14 21:56:54.316 [main] DEBUG o.s.b.f.s.DefaultListableBeanFactory - Eagerly caching bean 'errorPageRegistrarBeanPostProcessor' to allow for resolving potential circular references
2020-03-14 21:56:54.343 [main] DEBUG o.s.b.f.s.DefaultListableBeanFactory - Finished creating instance of bean 'errorPageRegistrarBeanPostProcessor'
2020-03-14 21:56:54.343 [main] DEBUG o.s.b.f.s.DefaultListableBeanFactory - Creating shared instance of singleton bean 'meterRegistryPostProcessor'
2020-03-14 21:56:54.344 [main] DEBUG o.s.b.f.s.DefaultListableBeanFactory - Creating instance of bean 'meterRegistryPostProcessor'
2020-03-14 21:56:54.344 [main] DEBUG o.s.b.f.s.DefaultListableBeanFactory - Returning cached instance of singleton bean 'metaDataSourceAdvisor'
2020-03-14 21:56:54.344 [main] DEBUG o.s.b.f.s.DefaultListableBeanFactory - Returning cached instance of singleton bean 'org.springframework.transaction.config.internalTransactionAdvisor'
2020-03-14 21:56:54.349 [main] DEBUG o.s.b.f.s.DefaultListableBeanFactory - Autowiring by type from bean name 'meterRegistryPostProcessor' via factory method to bean named 'org.springframework.web.context.support.GenericWebApplicationContext@1ee4730'
2020-03-14 21:56:54.351 [main] DEBUG o.s.b.f.s.DefaultListableBeanFactory - Eagerly caching bean 'meterRegistryPostProcessor' to allow for resolving potential circular references
2020-03-14 21:56:54.359 [main] DEBUG o.s.b.f.s.DefaultListableBeanFactory - Returning cached instance of singleton bean 'metaDataSourceAdvisor'
2020-03-14 21:56:54.359 [main] DEBUG o.s.b.f.s.DefaultListableBeanFactory - Returning cached instance of singleton bean 'org.springframework.transaction.config.internalTransactionAdvisor'
2020-03-14 21:56:54.359 [main] DEBUG o.s.b.f.s.DefaultListableBeanFactory - Returning cached instance of singleton bean 'metaDataSourceAdvisor'
2020-03-14 21:56:54.359 [main] DEBUG o.s.b.f.s.DefaultListableBeanFactory - Returning cached instance of singleton bean 'org.springframework.transaction.config.internalTransactionAdvisor'
2020-03-14 21:56:54.361 [main] DEBUG o.s.b.f.s.DefaultListableBeanFactory - Finished creating instance of bean 'meterRegistryPostProcessor'
2020-03-14 21:56:54.361 [main] DEBUG o.s.b.f.s.DefaultListableBeanFactory - Creating shared instance of singleton bean 'dataSourceInitializedPublisher'
2020-03-14 21:56:54.361 [main] DEBUG o.s.b.f.s.DefaultListableBeanFactory - Creating instance of bean 'dataSourceInitializedPublisher'
2020-03-14 21:56:54.362 [main] DEBUG o.s.b.f.annotation.InjectionMetadata - Registered injected element on class [org.springframework.boot.autoconfigure.orm.jpa.DataSourceInitializedPublisher]: AutowiredFieldElement for private org.springframework.context.ApplicationContext org.springframework.boot.autoconfigure.orm.jpa.DataSourceInitializedPublisher.applicationContext
2020-03-14 21:56:54.363 [main] DEBUG o.s.b.f.s.DefaultListableBeanFactory - Eagerly caching bean 'dataSourceInitializedPublisher' to allow for resolving potential circular references
2020-03-14 21:56:54.387 [main] DEBUG o.s.b.f.annotation.InjectionMetadata - Processing injected element of bean 'dataSourceInitializedPublisher': AutowiredFieldElement for private org.springframework.context.ApplicationContext org.springframework.boot.autoconfigure.orm.jpa.DataSourceInitializedPublisher.applicationContext
2020-03-14 21:56:54.387 [main] DEBUG o.s.core.annotation.AnnotationUtils - Failed to meta-introspect annotation interface org.springframework.beans.factory.annotation.Autowired: java.lang.NullPointerException
2020-03-14 21:56:54.391 [main] DEBUG o.s.b.f.a.AutowiredAnnotationBeanPostProcessor - Autowiring by type from bean name 'dataSourceInitializedPublisher' to bean named 'org.springframework.web.context.support.GenericWebApplicationContext@1ee4730'
2020-03-14 21:56:54.392 [main] DEBUG o.s.b.f.s.DefaultListableBeanFactory - Finished creating instance of bean 'dataSourceInitializedPublisher'
2020-03-14 21:56:54.392 [main] DEBUG o.s.b.f.s.DefaultListableBeanFactory - Creating shared instance of singleton bean 'projectingArgumentResolverBeanPostProcessor'
2020-03-14 21:56:54.392 [main] DEBUG o.s.b.f.s.DefaultListableBeanFactory - Creating instance of bean 'projectingArgumentResolverBeanPostProcessor'
2020-03-14 21:56:54.392 [main] DEBUG o.s.b.f.s.DefaultListableBeanFactory - Returning cached instance of singleton bean 'metaDataSourceAdvisor'
2020-03-14 21:56:54.394 [main] DEBUG o.s.b.f.s.DefaultListableBeanFactory - Returning cached instance of singleton bean 'org.springframework.transaction.config.internalTransactionAdvisor'
2020-03-14 21:56:54.414 [main] DEBUG o.s.b.f.s.DefaultListableBeanFactory - Eagerly caching bean 'projectingArgumentResolverBeanPostProcessor' to allow for resolving potential circular references
2020-03-14 21:56:54.424 [main] DEBUG o.s.b.f.s.DefaultListableBeanFactory - Returning cached instance of singleton bean 'metaDataSourceAdvisor'
2020-03-14 21:56:54.424 [main] DEBUG o.s.b.f.s.DefaultListableBeanFactory - Returning cached instance of singleton bean 'org.springframework.transaction.config.internalTransactionAdvisor'
2020-03-14 21:56:54.424 [main] DEBUG o.s.b.f.s.DefaultListableBeanFactory - Returning cached instance of singleton bean 'metaDataSourceAdvisor'
2020-03-14 21:56:54.424 [main] DEBUG o.s.b.f.s.DefaultListableBeanFactory - Returning cached instance of singleton bean 'org.springframework.transaction.config.internalTransactionAdvisor'
2020-03-14 21:56:54.433 [main] DEBUG o.s.b.f.s.DefaultListableBeanFactory - Finished creating instance of bean 'projectingArgumentResolverBeanPostProcessor'
2020-03-14 21:56:54.434 [main] DEBUG o.s.b.f.s.DefaultListableBeanFactory - Creating shared instance of singleton bean 'configurationPropertiesBeans'
2020-03-14 21:56:54.434 [main] DEBUG o.s.b.f.s.DefaultListableBeanFactory - Creating instance of bean 'configurationPropertiesBeans'
2020-03-14 21:56:54.435 [main] DEBUG o.s.b.f.s.DefaultListableBeanFactory - Returning cached instance of singleton bean 'metaDataSourceAdvisor'
2020-03-14 21:56:54.435 [main] DEBUG o.s.b.f.s.DefaultListableBeanFactory - Returning cached instance of singleton bean 'org.springframework.transaction.config.internalTransactionAdvisor'
2020-03-14 21:56:54.435 [main] DEBUG o.s.b.f.s.DefaultListableBeanFactory - Creating shared instance of singleton bean 'org.springframework.cloud.autoconfigure.ConfigurationPropertiesRebinderAutoConfiguration'
2020-03-14 21:56:54.435 [main] DEBUG o.s.b.f.s.DefaultListableBeanFactory - Creating instance of bean 'org.springframework.cloud.autoconfigure.ConfigurationPropertiesRebinderAutoConfiguration'
2020-03-14 21:56:54.436 [main] DEBUG o.s.b.f.s.DefaultListableBeanFactory - Returning cached instance of singleton bean 'metaDataSourceAdvisor'
2020-03-14 21:56:54.436 [main] DEBUG o.s.b.f.s.DefaultListableBeanFactory - Returning cached instance of singleton bean 'org.springframework.transaction.config.internalTransactionAdvisor'
2020-03-14 21:56:54.437 [main] DEBUG o.s.b.f.s.DefaultListableBeanFactory - Eagerly caching bean 'org.springframework.cloud.autoconfigure.ConfigurationPropertiesRebinderAutoConfiguration' to allow for resolving potential circular references
2020-03-14 21:56:54.456 [main] INFO  o.s.c.s.PostProcessorRegistrationDelegate$BeanPostProcessorChecker - Bean 'org.springframework.cloud.autoconfigure.ConfigurationPropertiesRebinderAutoConfiguration' of type [org.springframework.cloud.autoconfigure.ConfigurationPropertiesRebinderAutoConfiguration$$EnhancerBySpringCGLIB$$bd645736] is not eligible for getting processed by all BeanPostProcessors (for example: not eligible for auto-proxying)
2020-03-14 21:56:54.458 [main] DEBUG o.s.b.f.s.DefaultListableBeanFactory - Returning cached instance of singleton bean 'metaDataSourceAdvisor'
2020-03-14 21:56:54.458 [main] DEBUG o.s.b.f.s.DefaultListableBeanFactory - Returning cached instance of singleton bean 'org.springframework.transaction.config.internalTransactionAdvisor'
2020-03-14 21:56:54.458 [main] DEBUG o.s.b.f.s.DefaultListableBeanFactory - Returning cached instance of singleton bean 'metaDataSourceAdvisor'
2020-03-14 21:56:54.458 [main] DEBUG o.s.b.f.s.DefaultListableBeanFactory - Returning cached instance of singleton bean 'org.springframework.transaction.config.internalTransactionAdvisor'
2020-03-14 21:56:54.467 [main] DEBUG o.s.b.f.s.DefaultListableBeanFactory - Finished creating instance of bean 'org.springframework.cloud.autoconfigure.ConfigurationPropertiesRebinderAutoConfiguration'
2020-03-14 21:56:54.468 [main] DEBUG o.s.b.f.s.DefaultListableBeanFactory - Returning cached instance of singleton bean 'org.springframework.boot.context.properties.ConfigurationBeanFactoryMetadata'
2020-03-14 21:56:54.468 [main] DEBUG o.s.b.f.s.DefaultListableBeanFactory - Eagerly caching bean 'configurationPropertiesBeans' to allow for resolving potential circular references
2020-03-14 21:56:54.477 [main] DEBUG o.s.b.f.s.DefaultListableBeanFactory - Returning cached instance of singleton bean 'configurationPropertiesBeans'
2020-03-14 21:56:54.477 [main] DEBUG o.s.b.f.s.DefaultListableBeanFactory - Returning cached instance of singleton bean 'metaDataSourceAdvisor'
2020-03-14 21:56:54.477 [main] DEBUG o.s.b.f.s.DefaultListableBeanFactory - Returning cached instance of singleton bean 'org.springframework.transaction.config.internalTransactionAdvisor'
2020-03-14 21:56:54.477 [main] DEBUG o.s.b.f.s.DefaultListableBeanFactory - Returning cached instance of singleton bean 'metaDataSourceAdvisor'
2020-03-14 21:56:54.478 [main] DEBUG o.s.b.f.s.DefaultListableBeanFactory - Returning cached instance of singleton bean 'org.springframework.transaction.config.internalTransactionAdvisor'
2020-03-14 21:56:54.479 [main] DEBUG o.s.b.f.s.DefaultListableBeanFactory - Finished creating instance of bean 'configurationPropertiesBeans'
2020-03-14 21:56:54.479 [main] DEBUG o.s.b.f.s.DefaultListableBeanFactory - Returning cached instance of singleton bean 'org.springframework.boot.test.autoconfigure.properties.PropertyMappingContextCustomizer$PropertyMappingCheckBeanPostProcessor'
2020-03-14 21:56:54.480 [main] DEBUG o.s.w.c.s.GenericWebApplicationContext - Unable to locate MessageSource with name 'messageSource': using default [org.springframework.context.support.DelegatingMessageSource@6da54910]
2020-03-14 21:56:54.480 [main] DEBUG o.s.w.c.s.GenericWebApplicationContext - Unable to locate ApplicationEventMulticaster with name 'applicationEventMulticaster': using default [org.springframework.context.event.SimpleApplicationEventMulticaster@1bd8afc8]
2020-03-14 21:56:54.483 [main] DEBUG o.s.u.c.s.UiApplicationContextUtils - Unable to locate ThemeSource with name 'themeSource': using default [org.springframework.ui.context.support.ResourceBundleThemeSource@2ca3d826]
2020-03-14 21:56:54.509 [main] DEBUG o.s.b.f.s.DefaultListableBeanFactory - Creating shared instance of singleton bean 'org.springframework.cloud.autoconfigure.RefreshAutoConfiguration$JpaInvokerConfiguration'
2020-03-14 21:56:54.509 [main] DEBUG o.s.b.f.s.DefaultListableBeanFactory - Creating instance of bean 'org.springframework.cloud.autoconfigure.RefreshAutoConfiguration$JpaInvokerConfiguration'
2020-03-14 21:56:54.509 [main] DEBUG o.s.b.f.s.DefaultListableBeanFactory - Returning cached instance of singleton bean 'metaDataSourceAdvisor'
2020-03-14 21:56:54.509 [main] DEBUG o.s.b.f.s.DefaultListableBeanFactory - Returning cached instance of singleton bean 'org.springframework.transaction.config.internalTransactionAdvisor'
2020-03-14 21:56:54.515 [main] DEBUG o.s.c.a.CommonAnnotationBeanPostProcessor - Found init method on class [org.springframework.cloud.autoconfigure.RefreshAutoConfiguration$JpaInvokerConfiguration$$EnhancerBySpringCGLIB$$5bccd614]: public void org.springframework.cloud.autoconfigure.RefreshAutoConfiguration$JpaInvokerConfiguration.init()
2020-03-14 21:56:54.515 [main] DEBUG o.s.c.a.CommonAnnotationBeanPostProcessor - Registered init method on class [org.springframework.cloud.autoconfigure.RefreshAutoConfiguration$JpaInvokerConfiguration$$EnhancerBySpringCGLIB$$5bccd614]: org.springframework.beans.factory.annotation.InitDestroyAnnotationBeanPostProcessor$LifecycleElement@316510
2020-03-14 21:56:54.516 [main] DEBUG o.s.b.f.annotation.InjectionMetadata - Registered injected element on class [org.springframework.cloud.autoconfigure.RefreshAutoConfiguration$JpaInvokerConfiguration$$EnhancerBySpringCGLIB$$5bccd614]: AutowiredFieldElement for private org.springframework.beans.factory.ListableBeanFactory org.springframework.cloud.autoconfigure.RefreshAutoConfiguration$JpaInvokerConfiguration.beanFactory
2020-03-14 21:56:54.516 [main] DEBUG o.s.b.f.s.DefaultListableBeanFactory - Eagerly caching bean 'org.springframework.cloud.autoconfigure.RefreshAutoConfiguration$JpaInvokerConfiguration' to allow for resolving potential circular references
2020-03-14 21:56:54.534 [main] DEBUG o.s.b.f.annotation.InjectionMetadata - Processing injected element of bean 'org.springframework.cloud.autoconfigure.RefreshAutoConfiguration$JpaInvokerConfiguration': AutowiredFieldElement for private org.springframework.beans.factory.ListableBeanFactory org.springframework.cloud.autoconfigure.RefreshAutoConfiguration$JpaInvokerConfiguration.beanFactory
2020-03-14 21:56:54.535 [main] DEBUG o.s.core.annotation.AnnotationUtils - Failed to meta-introspect annotation interface org.springframework.beans.factory.annotation.Autowired: java.lang.NullPointerException
2020-03-14 21:56:54.542 [main] DEBUG o.s.b.f.a.AutowiredAnnotationBeanPostProcessor - Autowiring by type from bean name 'org.springframework.cloud.autoconfigure.RefreshAutoConfiguration$JpaInvokerConfiguration' to bean named 'org.springframework.beans.factory.support.DefaultListableBeanFactory@10b892d5'
2020-03-14 21:56:54.543 [main] DEBUG o.s.c.a.CommonAnnotationBeanPostProcessor - Invoking init method on bean 'org.springframework.cloud.autoconfigure.RefreshAutoConfiguration$JpaInvokerConfiguration': public void org.springframework.cloud.autoconfigure.RefreshAutoConfiguration$JpaInvokerConfiguration.init()
2020-03-14 21:56:54.543 [main] DEBUG o.s.b.f.s.DefaultListableBeanFactory - Creating shared instance of singleton bean 'org.springframework.boot.autoconfigure.jdbc.DataSourceInitializerInvoker'
2020-03-14 21:56:54.543 [main] DEBUG o.s.b.f.s.DefaultListableBeanFactory - Creating instance of bean 'org.springframework.boot.autoconfigure.jdbc.DataSourceInitializerInvoker'
2020-03-14 21:56:54.543 [main] DEBUG o.s.b.f.s.DefaultListableBeanFactory - Returning cached instance of singleton bean 'metaDataSourceAdvisor'
2020-03-14 21:56:54.543 [main] DEBUG o.s.b.f.s.DefaultListableBeanFactory - Returning cached instance of singleton bean 'org.springframework.transaction.config.internalTransactionAdvisor'
2020-03-14 21:56:54.550 [main] DEBUG o.s.b.f.s.DefaultListableBeanFactory - Creating shared instance of singleton bean 'spring.datasource-org.springframework.boot.autoconfigure.jdbc.DataSourceProperties'
2020-03-14 21:56:54.550 [main] DEBUG o.s.b.f.s.DefaultListableBeanFactory - Creating instance of bean 'spring.datasource-org.springframework.boot.autoconfigure.jdbc.DataSourceProperties'
2020-03-14 21:56:54.550 [main] DEBUG o.s.b.f.s.DefaultListableBeanFactory - Returning cached instance of singleton bean 'metaDataSourceAdvisor'
2020-03-14 21:56:54.550 [main] DEBUG o.s.b.f.s.DefaultListableBeanFactory - Returning cached instance of singleton bean 'org.springframework.transaction.config.internalTransactionAdvisor'
2020-03-14 21:56:54.557 [main] DEBUG o.s.b.f.s.DefaultListableBeanFactory - Eagerly caching bean 'spring.datasource-org.springframework.boot.autoconfigure.jdbc.DataSourceProperties' to allow for resolving potential circular references
2020-03-14 21:56:54.582 [main] DEBUG o.s.b.f.s.DefaultListableBeanFactory - Creating instance of bean 'org.springframework.boot.context.properties.ConversionServiceDeducer$Factory'
2020-03-14 21:56:54.582 [main] DEBUG o.s.b.f.s.DefaultListableBeanFactory - Returning cached instance of singleton bean 'metaDataSourceAdvisor'
2020-03-14 21:56:54.582 [main] DEBUG o.s.b.f.s.DefaultListableBeanFactory - Returning cached instance of singleton bean 'org.springframework.transaction.config.internalTransactionAdvisor'
2020-03-14 21:56:54.587 [main] DEBUG o.s.b.f.annotation.InjectionMetadata - Registered injected element on class [org.springframework.boot.context.properties.ConversionServiceDeducer$Factory]: AutowiredMethodElement for public void org.springframework.boot.context.properties.ConversionServiceDeducer$Factory.setConverters(java.util.List)
2020-03-14 21:56:54.588 [main] DEBUG o.s.b.f.annotation.InjectionMetadata - Registered injected element on class [org.springframework.boot.context.properties.ConversionServiceDeducer$Factory]: AutowiredMethodElement for public void org.springframework.boot.context.properties.ConversionServiceDeducer$Factory.setGenericConverters(java.util.List)
2020-03-14 21:56:54.588 [main] DEBUG o.s.b.f.annotation.InjectionMetadata - Processing injected element of bean 'org.springframework.boot.context.properties.ConversionServiceDeducer$Factory': AutowiredMethodElement for public void org.springframework.boot.context.properties.ConversionServiceDeducer$Factory.setConverters(java.util.List)
2020-03-14 21:56:54.595 [main] DEBUG o.s.b.f.annotation.InjectionMetadata - Processing injected element of bean 'org.springframework.boot.context.properties.ConversionServiceDeducer$Factory': AutowiredMethodElement for public void org.springframework.boot.context.properties.ConversionServiceDeducer$Factory.setGenericConverters(java.util.List)
2020-03-14 21:56:54.608 [main] DEBUG o.s.b.f.s.DefaultListableBeanFactory - Returning cached instance of singleton bean 'metaDataSourceAdvisor'
2020-03-14 21:56:54.608 [main] DEBUG o.s.b.f.s.DefaultListableBeanFactory - Returning cached instance of singleton bean 'org.springframework.transaction.config.internalTransactionAdvisor'
2020-03-14 21:56:54.609 [main] DEBUG o.s.b.f.s.DefaultListableBeanFactory - Returning cached instance of singleton bean 'metaDataSourceAdvisor'
2020-03-14 21:56:54.609 [main] DEBUG o.s.b.f.s.DefaultListableBeanFactory - Returning cached instance of singleton bean 'org.springframework.transaction.config.internalTransactionAdvisor'
2020-03-14 21:56:54.610 [main] DEBUG o.s.b.f.s.DefaultListableBeanFactory - Finished creating instance of bean 'org.springframework.boot.context.properties.ConversionServiceDeducer$Factory'
2020-03-14 21:56:54.618 [main] DEBUG o.s.b.f.s.DefaultListableBeanFactory - Invoking afterPropertiesSet() on bean with name 'spring.datasource-org.springframework.boot.autoconfigure.jdbc.DataSourceProperties'
2020-03-14 21:56:54.625 [main] DEBUG o.s.b.f.s.DefaultListableBeanFactory - Returning cached instance of singleton bean 'metaDataSourceAdvisor'
2020-03-14 21:56:54.625 [main] DEBUG o.s.b.f.s.DefaultListableBeanFactory - Returning cached instance of singleton bean 'org.springframework.transaction.config.internalTransactionAdvisor'
2020-03-14 21:56:54.625 [main] DEBUG o.s.b.f.s.DefaultListableBeanFactory - Returning cached instance of singleton bean 'metaDataSourceAdvisor'
2020-03-14 21:56:54.625 [main] DEBUG o.s.b.f.s.DefaultListableBeanFactory - Returning cached instance of singleton bean 'org.springframework.transaction.config.internalTransactionAdvisor'
2020-03-14 21:56:54.630 [main] DEBUG o.s.b.f.s.DefaultListableBeanFactory - Finished creating instance of bean 'spring.datasource-org.springframework.boot.autoconfigure.jdbc.DataSourceProperties'
2020-03-14 21:56:54.637 [main] DEBUG o.s.b.f.s.DefaultListableBeanFactory - Autowiring by type from bean name 'org.springframework.boot.autoconfigure.jdbc.DataSourceInitializerInvoker' via constructor to bean named 'spring.datasource-org.springframework.boot.autoconfigure.jdbc.DataSourceProperties'
2020-03-14 21:56:54.637 [main] DEBUG o.s.b.f.s.DefaultListableBeanFactory - Autowiring by type from bean name 'org.springframework.boot.autoconfigure.jdbc.DataSourceInitializerInvoker' via constructor to bean named 'org.springframework.web.context.support.GenericWebApplicationContext@1ee4730'
2020-03-14 21:56:54.639 [main] DEBUG o.s.b.f.s.DefaultListableBeanFactory - Eagerly caching bean 'org.springframework.boot.autoconfigure.jdbc.DataSourceInitializerInvoker' to allow for resolving potential circular references
2020-03-14 21:56:54.649 [main] DEBUG o.s.b.f.s.DefaultListableBeanFactory - Invoking afterPropertiesSet() on bean with name 'org.springframework.boot.autoconfigure.jdbc.DataSourceInitializerInvoker'
2020-03-14 21:56:54.655 [main] DEBUG o.s.b.f.s.DefaultListableBeanFactory - Creating shared instance of singleton bean 'dataSource'
2020-03-14 21:56:54.655 [main] DEBUG o.s.b.f.s.DefaultListableBeanFactory - Creating instance of bean 'dataSource'
2020-03-14 21:56:54.655 [main] DEBUG o.s.b.f.s.DefaultListableBeanFactory - Returning cached instance of singleton bean 'metaDataSourceAdvisor'
2020-03-14 21:56:54.656 [main] DEBUG o.s.b.f.s.DefaultListableBeanFactory - Returning cached instance of singleton bean 'org.springframework.transaction.config.internalTransactionAdvisor'
2020-03-14 21:56:54.656 [main] DEBUG o.s.b.f.s.DefaultListableBeanFactory - Creating shared instance of singleton bean 'com.alibaba.druid.spring.boot.autoconfigure.DruidDataSourceAutoConfigure'
2020-03-14 21:56:54.656 [main] DEBUG o.s.b.f.s.DefaultListableBeanFactory - Creating instance of bean 'com.alibaba.druid.spring.boot.autoconfigure.DruidDataSourceAutoConfigure'
2020-03-14 21:56:54.656 [main] DEBUG o.s.b.f.s.DefaultListableBeanFactory - Returning cached instance of singleton bean 'metaDataSourceAdvisor'
2020-03-14 21:56:54.656 [main] DEBUG o.s.b.f.s.DefaultListableBeanFactory - Returning cached instance of singleton bean 'org.springframework.transaction.config.internalTransactionAdvisor'
2020-03-14 21:56:54.657 [main] DEBUG o.s.b.f.s.DefaultListableBeanFactory - Eagerly caching bean 'com.alibaba.druid.spring.boot.autoconfigure.DruidDataSourceAutoConfigure' to allow for resolving potential circular references
2020-03-14 21:56:54.663 [main] DEBUG o.s.b.f.s.DefaultListableBeanFactory - Returning cached instance of singleton bean 'metaDataSourceAdvisor'
2020-03-14 21:56:54.664 [main] DEBUG o.s.b.f.s.DefaultListableBeanFactory - Returning cached instance of singleton bean 'org.springframework.transaction.config.internalTransactionAdvisor'
2020-03-14 21:56:54.664 [main] DEBUG o.s.b.f.s.DefaultListableBeanFactory - Returning cached instance of singleton bean 'metaDataSourceAdvisor'
2020-03-14 21:56:54.664 [main] DEBUG o.s.b.f.s.DefaultListableBeanFactory - Returning cached instance of singleton bean 'org.springframework.transaction.config.internalTransactionAdvisor'
2020-03-14 21:56:54.666 [main] DEBUG o.s.b.f.s.DefaultListableBeanFactory - Finished creating instance of bean 'com.alibaba.druid.spring.boot.autoconfigure.DruidDataSourceAutoConfigure'
2020-03-14 21:56:54.670 [main] INFO  c.a.d.s.b.a.DruidDataSourceAutoConfigure - Init DruidDataSource
2020-03-14 21:56:54.777 [main] DEBUG o.s.b.f.annotation.InjectionMetadata - Registered injected element on class [com.alibaba.druid.spring.boot.autoconfigure.DruidDataSourceWrapper]: AutowiredFieldElement for private org.springframework.boot.autoconfigure.jdbc.DataSourceProperties com.alibaba.druid.spring.boot.autoconfigure.DruidDataSourceWrapper.basicProperties
2020-03-14 21:56:54.778 [main] DEBUG o.s.b.f.annotation.InjectionMetadata - Registered injected element on class [com.alibaba.druid.spring.boot.autoconfigure.DruidDataSourceWrapper]: AutowiredMethodElement for public void com.alibaba.druid.spring.boot.autoconfigure.DruidDataSourceWrapper.addEncodingConvertFilter(com.alibaba.druid.filter.encoding.EncodingConvertFilter)
2020-03-14 21:56:54.779 [main] DEBUG o.s.b.f.annotation.InjectionMetadata - Registered injected element on class [com.alibaba.druid.spring.boot.autoconfigure.DruidDataSourceWrapper]: AutowiredMethodElement for public void com.alibaba.druid.spring.boot.autoconfigure.DruidDataSourceWrapper.addSlf4jLogFilter(com.alibaba.druid.filter.logging.Slf4jLogFilter)
2020-03-14 21:56:54.779 [main] DEBUG o.s.b.f.annotation.InjectionMetadata - Registered injected element on class [com.alibaba.druid.spring.boot.autoconfigure.DruidDataSourceWrapper]: AutowiredMethodElement for public void com.alibaba.druid.spring.boot.autoconfigure.DruidDataSourceWrapper.addCommonsLogFilter(com.alibaba.druid.filter.logging.CommonsLogFilter)
2020-03-14 21:56:54.779 [main] DEBUG o.s.b.f.annotation.InjectionMetadata - Registered injected element on class [com.alibaba.druid.spring.boot.autoconfigure.DruidDataSourceWrapper]: AutowiredMethodElement for public void com.alibaba.druid.spring.boot.autoconfigure.DruidDataSourceWrapper.addStatFilter(com.alibaba.druid.filter.stat.StatFilter)
2020-03-14 21:56:54.779 [main] DEBUG o.s.b.f.annotation.InjectionMetadata - Registered injected element on class [com.alibaba.druid.spring.boot.autoconfigure.DruidDataSourceWrapper]: AutowiredMethodElement for public void com.alibaba.druid.spring.boot.autoconfigure.DruidDataSourceWrapper.addConfigFilter(com.alibaba.druid.filter.config.ConfigFilter)
2020-03-14 21:56:54.779 [main] DEBUG o.s.b.f.annotation.InjectionMetadata - Registered injected element on class [com.alibaba.druid.spring.boot.autoconfigure.DruidDataSourceWrapper]: AutowiredMethodElement for public void com.alibaba.druid.spring.boot.autoconfigure.DruidDataSourceWrapper.addLog4jFilter(com.alibaba.druid.filter.logging.Log4jFilter)
2020-03-14 21:56:54.779 [main] DEBUG o.s.b.f.annotation.InjectionMetadata - Registered injected element on class [com.alibaba.druid.spring.boot.autoconfigure.DruidDataSourceWrapper]: AutowiredMethodElement for public void com.alibaba.druid.spring.boot.autoconfigure.DruidDataSourceWrapper.addLog4j2Filter(com.alibaba.druid.filter.logging.Log4j2Filter)
2020-03-14 21:56:54.779 [main] DEBUG o.s.b.f.annotation.InjectionMetadata - Registered injected element on class [com.alibaba.druid.spring.boot.autoconfigure.DruidDataSourceWrapper]: AutowiredMethodElement for public void com.alibaba.druid.spring.boot.autoconfigure.DruidDataSourceWrapper.addWallFilter(com.alibaba.druid.wall.WallFilter)
2020-03-14 21:56:54.779 [main] DEBUG o.s.b.f.s.DefaultListableBeanFactory - Eagerly caching bean 'dataSource' to allow for resolving potential circular references
2020-03-14 21:56:54.780 [main] DEBUG o.s.b.f.annotation.InjectionMetadata - Processing injected element of bean 'dataSource': AutowiredFieldElement for private org.springframework.boot.autoconfigure.jdbc.DataSourceProperties com.alibaba.druid.spring.boot.autoconfigure.DruidDataSourceWrapper.basicProperties
2020-03-14 21:56:54.781 [main] DEBUG o.s.core.annotation.AnnotationUtils - Failed to meta-introspect annotation interface org.springframework.beans.factory.annotation.Autowired: java.lang.NullPointerException
2020-03-14 21:56:54.789 [main] DEBUG o.s.b.f.s.DefaultListableBeanFactory - Returning cached instance of singleton bean 'spring.datasource-org.springframework.boot.autoconfigure.jdbc.DataSourceProperties'
2020-03-14 21:56:54.789 [main] DEBUG o.s.b.f.a.AutowiredAnnotationBeanPostProcessor - Autowiring by type from bean name 'dataSource' to bean named 'spring.datasource-org.springframework.boot.autoconfigure.jdbc.DataSourceProperties'
2020-03-14 21:56:54.790 [main] DEBUG o.s.b.f.annotation.InjectionMetadata - Processing injected element of bean 'dataSource': AutowiredMethodElement for public void com.alibaba.druid.spring.boot.autoconfigure.DruidDataSourceWrapper.addEncodingConvertFilter(com.alibaba.druid.filter.encoding.EncodingConvertFilter)
2020-03-14 21:56:54.794 [main] DEBUG o.s.b.f.annotation.InjectionMetadata - Processing injected element of bean 'dataSource': AutowiredMethodElement for public void com.alibaba.druid.spring.boot.autoconfigure.DruidDataSourceWrapper.addSlf4jLogFilter(com.alibaba.druid.filter.logging.Slf4jLogFilter)
2020-03-14 21:56:54.798 [main] DEBUG o.s.b.f.annotation.InjectionMetadata - Processing injected element of bean 'dataSource': AutowiredMethodElement for public void com.alibaba.druid.spring.boot.autoconfigure.DruidDataSourceWrapper.addCommonsLogFilter(com.alibaba.druid.filter.logging.CommonsLogFilter)
2020-03-14 21:56:54.802 [main] DEBUG o.s.b.f.annotation.InjectionMetadata - Processing injected element of bean 'dataSource': AutowiredMethodElement for public void com.alibaba.druid.spring.boot.autoconfigure.DruidDataSourceWrapper.addStatFilter(com.alibaba.druid.filter.stat.StatFilter)
2020-03-14 21:56:54.807 [main] DEBUG o.s.b.f.s.DefaultListableBeanFactory - Creating shared instance of singleton bean 'statFilter'
2020-03-14 21:56:54.807 [main] DEBUG o.s.b.f.s.DefaultListableBeanFactory - Creating instance of bean 'statFilter'
2020-03-14 21:56:54.808 [main] DEBUG o.s.b.f.s.DefaultListableBeanFactory - Returning cached instance of singleton bean 'metaDataSourceAdvisor'
2020-03-14 21:56:54.808 [main] DEBUG o.s.b.f.s.DefaultListableBeanFactory - Returning cached instance of singleton bean 'org.springframework.transaction.config.internalTransactionAdvisor'
2020-03-14 21:56:54.808 [main] DEBUG o.s.b.f.s.DefaultListableBeanFactory - Creating shared instance of singleton bean 'com.alibaba.druid.spring.boot.autoconfigure.stat.DruidFilterConfiguration'
2020-03-14 21:56:54.808 [main] DEBUG o.s.b.f.s.DefaultListableBeanFactory - Creating instance of bean 'com.alibaba.druid.spring.boot.autoconfigure.stat.DruidFilterConfiguration'
2020-03-14 21:56:54.808 [main] DEBUG o.s.b.f.s.DefaultListableBeanFactory - Returning cached instance of singleton bean 'metaDataSourceAdvisor'
2020-03-14 21:56:54.808 [main] DEBUG o.s.b.f.s.DefaultListableBeanFactory - Returning cached instance of singleton bean 'org.springframework.transaction.config.internalTransactionAdvisor'
2020-03-14 21:56:54.810 [main] DEBUG o.s.b.f.s.DefaultListableBeanFactory - Eagerly caching bean 'com.alibaba.druid.spring.boot.autoconfigure.stat.DruidFilterConfiguration' to allow for resolving potential circular references
2020-03-14 21:56:54.824 [main] DEBUG o.s.b.f.s.DefaultListableBeanFactory - Returning cached instance of singleton bean 'metaDataSourceAdvisor'
2020-03-14 21:56:54.825 [main] DEBUG o.s.b.f.s.DefaultListableBeanFactory - Returning cached instance of singleton bean 'org.springframework.transaction.config.internalTransactionAdvisor'
2020-03-14 21:56:54.825 [main] DEBUG o.s.b.f.s.DefaultListableBeanFactory - Returning cached instance of singleton bean 'metaDataSourceAdvisor'
2020-03-14 21:56:54.825 [main] DEBUG o.s.b.f.s.DefaultListableBeanFactory - Returning cached instance of singleton bean 'org.springframework.transaction.config.internalTransactionAdvisor'
2020-03-14 21:56:54.827 [main] DEBUG o.s.b.f.s.DefaultListableBeanFactory - Finished creating instance of bean 'com.alibaba.druid.spring.boot.autoconfigure.stat.DruidFilterConfiguration'
2020-03-14 21:56:54.883 [main] DEBUG o.s.b.f.s.DefaultListableBeanFactory - Eagerly caching bean 'statFilter' to allow for resolving potential circular references
2020-03-14 21:56:54.914 [main] DEBUG o.s.b.f.s.DefaultListableBeanFactory - Returning cached instance of singleton bean 'metaDataSourceAdvisor'
2020-03-14 21:56:54.915 [main] DEBUG o.s.b.f.s.DefaultListableBeanFactory - Returning cached instance of singleton bean 'org.springframework.transaction.config.internalTransactionAdvisor'
2020-03-14 21:56:54.915 [main] DEBUG o.s.b.f.s.DefaultListableBeanFactory - Returning cached instance of singleton bean 'metaDataSourceAdvisor'
2020-03-14 21:56:54.915 [main] DEBUG o.s.b.f.s.DefaultListableBeanFactory - Returning cached instance of singleton bean 'org.springframework.transaction.config.internalTransactionAdvisor'
2020-03-14 21:56:55.282 [main] DEBUG o.s.b.f.s.DefaultListableBeanFactory - Finished creating instance of bean 'statFilter'
2020-03-14 21:56:55.283 [main] DEBUG o.s.b.f.a.AutowiredAnnotationBeanPostProcessor - Autowiring by type from bean name 'dataSource' to bean named 'statFilter'
2020-03-14 21:56:55.284 [main] DEBUG o.s.b.f.annotation.InjectionMetadata - Processing injected element of bean 'dataSource': AutowiredMethodElement for public void com.alibaba.druid.spring.boot.autoconfigure.DruidDataSourceWrapper.addConfigFilter(com.alibaba.druid.filter.config.ConfigFilter)
2020-03-14 21:56:55.298 [main] DEBUG o.s.b.f.annotation.InjectionMetadata - Processing injected element of bean 'dataSource': AutowiredMethodElement for public void com.alibaba.druid.spring.boot.autoconfigure.DruidDataSourceWrapper.addLog4jFilter(com.alibaba.druid.filter.logging.Log4jFilter)
2020-03-14 21:56:55.304 [main] DEBUG o.s.b.f.annotation.InjectionMetadata - Processing injected element of bean 'dataSource': AutowiredMethodElement for public void com.alibaba.druid.spring.boot.autoconfigure.DruidDataSourceWrapper.addLog4j2Filter(com.alibaba.druid.filter.logging.Log4j2Filter)
2020-03-14 21:56:55.309 [main] DEBUG o.s.b.f.annotation.InjectionMetadata - Processing injected element of bean 'dataSource': AutowiredMethodElement for public void com.alibaba.druid.spring.boot.autoconfigure.DruidDataSourceWrapper.addWallFilter(com.alibaba.druid.wall.WallFilter)
2020-03-14 21:56:55.390 [main] DEBUG o.s.b.f.s.DefaultListableBeanFactory - Invoking afterPropertiesSet() on bean with name 'dataSource'
2020-03-14 21:56:55.391 [main] DEBUG o.s.b.f.s.DefaultListableBeanFactory - Invoking init method  'init' on bean with name 'dataSource'
2020-03-14 21:56:55.948 [main] INFO  c.alibaba.druid.pool.DruidDataSource - {dataSource-1} inited
2020-03-14 21:56:55.949 [main] DEBUG o.s.b.f.s.DefaultListableBeanFactory - Returning cached instance of singleton bean 'metaDataSourceAdvisor'
2020-03-14 21:56:55.949 [main] DEBUG o.s.b.f.s.DefaultListableBeanFactory - Returning cached instance of singleton bean 'org.springframework.transaction.config.internalTransactionAdvisor'
2020-03-14 21:56:55.949 [main] DEBUG o.s.b.f.s.DefaultListableBeanFactory - Returning cached instance of singleton bean 'metaDataSourceAdvisor'
2020-03-14 21:56:55.949 [main] DEBUG o.s.b.f.s.DefaultListableBeanFactory - Returning cached instance of singleton bean 'org.springframework.transaction.config.internalTransactionAdvisor'
2020-03-14 21:56:56.062 [main] DEBUG o.s.b.f.s.DefaultListableBeanFactory - Returning cached instance of singleton bean 'metaDataSourceAdvisor'
2020-03-14 21:56:56.063 [main] DEBUG o.s.b.f.s.DefaultListableBeanFactory - Returning cached instance of singleton bean 'org.springframework.transaction.config.internalTransactionAdvisor'
2020-03-14 21:56:56.063 [main] DEBUG o.s.b.f.s.DefaultListableBeanFactory - Returning cached instance of singleton bean 'metaDataSourceAdvisor'
2020-03-14 21:56:56.063 [main] DEBUG o.s.b.f.s.DefaultListableBeanFactory - Returning cached instance of singleton bean 'org.springframework.transaction.config.internalTransactionAdvisor'
2020-03-14 21:56:56.063 [main] DEBUG o.s.b.f.s.DefaultListableBeanFactory - Returning eagerly cached instance of singleton bean 'org.springframework.boot.autoconfigure.jdbc.DataSourceInitializerInvoker' that is not fully initialized yet - a consequence of a circular reference
2020-03-14 21:56:56.064 [main] DEBUG o.s.b.f.s.DefaultListableBeanFactory - Finished creating instance of bean 'dataSource'
2020-03-14 21:56:56.066 [main] DEBUG o.s.c.i.s.PathMatchingResourcePatternResolver - Resolved classpath location [schema-all.sql] to resources []
2020-03-14 21:56:56.067 [main] DEBUG o.s.c.i.s.PathMatchingResourcePatternResolver - Resolved classpath location [schema.sql] to resources []
2020-03-14 21:56:56.068 [main] DEBUG o.s.b.f.s.DefaultListableBeanFactory - Finished creating instance of bean 'org.springframework.boot.autoconfigure.jdbc.DataSourceInitializerInvoker'
2020-03-14 21:56:56.068 [main] DEBUG o.s.b.f.s.DefaultListableBeanFactory - Returning cached instance of singleton bean 'metaDataSourceAdvisor'
2020-03-14 21:56:56.068 [main] DEBUG o.s.b.f.s.DefaultListableBeanFactory - Returning cached instance of singleton bean 'org.springframework.transaction.config.internalTransactionAdvisor'
2020-03-14 21:56:56.068 [main] DEBUG o.s.b.f.s.DefaultListableBeanFactory - Returning cached instance of singleton bean 'metaDataSourceAdvisor'
2020-03-14 21:56:56.068 [main] DEBUG o.s.b.f.s.DefaultListableBeanFactory - Returning cached instance of singleton bean 'org.springframework.transaction.config.internalTransactionAdvisor'
2020-03-14 21:56:56.069 [main] DEBUG o.s.b.f.s.DefaultListableBeanFactory - Finished creating instance of bean 'org.springframework.cloud.autoconfigure.RefreshAutoConfiguration$JpaInvokerConfiguration'
2020-03-14 21:56:56.069 [main] DEBUG o.s.b.f.s.DefaultListableBeanFactory - Creating shared instance of singleton bean 'entityManagerFactory'
2020-03-14 21:56:56.069 [main] DEBUG o.s.b.f.s.DefaultListableBeanFactory - Creating instance of bean 'entityManagerFactory'
2020-03-14 21:56:56.069 [main] DEBUG o.s.b.f.s.DefaultListableBeanFactory - Returning cached instance of singleton bean 'metaDataSourceAdvisor'
2020-03-14 21:56:56.069 [main] DEBUG o.s.b.f.s.DefaultListableBeanFactory - Returning cached instance of singleton bean 'org.springframework.transaction.config.internalTransactionAdvisor'
2020-03-14 21:56:56.069 [main] DEBUG o.s.b.f.s.DefaultListableBeanFactory - Creating shared instance of singleton bean 'org.springframework.boot.autoconfigure.orm.jpa.HibernateJpaConfiguration'
2020-03-14 21:56:56.069 [main] DEBUG o.s.b.f.s.DefaultListableBeanFactory - Creating instance of bean 'org.springframework.boot.autoconfigure.orm.jpa.HibernateJpaConfiguration'
2020-03-14 21:56:56.069 [main] DEBUG o.s.b.f.s.DefaultListableBeanFactory - Returning cached instance of singleton bean 'metaDataSourceAdvisor'
2020-03-14 21:56:56.070 [main] DEBUG o.s.b.f.s.DefaultListableBeanFactory - Returning cached instance of singleton bean 'org.springframework.transaction.config.internalTransactionAdvisor'
2020-03-14 21:56:56.071 [main] DEBUG o.s.c.LocalVariableTableParameterNameDiscoverer - Cannot find '.class' file for class [class org.springframework.boot.autoconfigure.orm.jpa.HibernateJpaConfiguration$$EnhancerBySpringCGLIB$$c02116a8] - unable to determine constructor/method parameter names
2020-03-14 21:56:56.076 [main] DEBUG o.s.b.f.s.DefaultListableBeanFactory - Returning cached instance of singleton bean 'dataSource'
2020-03-14 21:56:56.081 [main] DEBUG o.s.b.f.s.DefaultListableBeanFactory - Creating shared instance of singleton bean 'spring.jpa-org.springframework.boot.autoconfigure.orm.jpa.JpaProperties'
2020-03-14 21:56:56.081 [main] DEBUG o.s.b.f.s.DefaultListableBeanFactory - Creating instance of bean 'spring.jpa-org.springframework.boot.autoconfigure.orm.jpa.JpaProperties'
2020-03-14 21:56:56.081 [main] DEBUG o.s.b.f.s.DefaultListableBeanFactory - Returning cached instance of singleton bean 'metaDataSourceAdvisor'
2020-03-14 21:56:56.081 [main] DEBUG o.s.b.f.s.DefaultListableBeanFactory - Returning cached instance of singleton bean 'org.springframework.transaction.config.internalTransactionAdvisor'
2020-03-14 21:56:56.083 [main] DEBUG o.s.b.f.s.DefaultListableBeanFactory - Eagerly caching bean 'spring.jpa-org.springframework.boot.autoconfigure.orm.jpa.JpaProperties' to allow for resolving potential circular references
2020-03-14 21:56:56.089 [main] DEBUG o.s.b.f.s.DefaultListableBeanFactory - Returning cached instance of singleton bean 'metaDataSourceAdvisor'
2020-03-14 21:56:56.089 [main] DEBUG o.s.b.f.s.DefaultListableBeanFactory - Returning cached instance of singleton bean 'org.springframework.transaction.config.internalTransactionAdvisor'
2020-03-14 21:56:56.089 [main] DEBUG o.s.b.f.s.DefaultListableBeanFactory - Returning cached instance of singleton bean 'metaDataSourceAdvisor'
2020-03-14 21:56:56.089 [main] DEBUG o.s.b.f.s.DefaultListableBeanFactory - Returning cached instance of singleton bean 'org.springframework.transaction.config.internalTransactionAdvisor'
2020-03-14 21:56:56.090 [main] DEBUG o.s.b.f.s.DefaultListableBeanFactory - Finished creating instance of bean 'spring.jpa-org.springframework.boot.autoconfigure.orm.jpa.JpaProperties'
2020-03-14 21:56:56.090 [main] DEBUG o.s.b.f.s.DefaultListableBeanFactory - Autowiring by type from bean name 'org.springframework.boot.autoconfigure.orm.jpa.HibernateJpaConfiguration' via constructor to bean named 'dataSource'
2020-03-14 21:56:56.090 [main] DEBUG o.s.b.f.s.DefaultListableBeanFactory - Autowiring by type from bean name 'org.springframework.boot.autoconfigure.orm.jpa.HibernateJpaConfiguration' via constructor to bean named 'spring.jpa-org.springframework.boot.autoconfigure.orm.jpa.JpaProperties'
2020-03-14 21:56:56.098 [main] DEBUG o.s.b.f.s.DefaultListableBeanFactory - Creating shared instance of singleton bean 'platformTransactionManagerCustomizers'
2020-03-14 21:56:56.098 [main] DEBUG o.s.b.f.s.DefaultListableBeanFactory - Creating instance of bean 'platformTransactionManagerCustomizers'
2020-03-14 21:56:56.098 [main] DEBUG o.s.b.f.s.DefaultListableBeanFactory - Returning cached instance of singleton bean 'metaDataSourceAdvisor'
2020-03-14 21:56:56.098 [main] DEBUG o.s.b.f.s.DefaultListableBeanFactory - Returning cached instance of singleton bean 'org.springframework.transaction.config.internalTransactionAdvisor'
2020-03-14 21:56:56.098 [main] DEBUG o.s.b.f.s.DefaultListableBeanFactory - Creating shared instance of singleton bean 'org.springframework.boot.autoconfigure.transaction.TransactionAutoConfiguration'
2020-03-14 21:56:56.098 [main] DEBUG o.s.b.f.s.DefaultListableBeanFactory - Creating instance of bean 'org.springframework.boot.autoconfigure.transaction.TransactionAutoConfiguration'
2020-03-14 21:56:56.098 [main] DEBUG o.s.b.f.s.DefaultListableBeanFactory - Returning cached instance of singleton bean 'metaDataSourceAdvisor'
2020-03-14 21:56:56.098 [main] DEBUG o.s.b.f.s.DefaultListableBeanFactory - Returning cached instance of singleton bean 'org.springframework.transaction.config.internalTransactionAdvisor'
2020-03-14 21:56:56.099 [main] DEBUG o.s.b.f.s.DefaultListableBeanFactory - Eagerly caching bean 'org.springframework.boot.autoconfigure.transaction.TransactionAutoConfiguration' to allow for resolving potential circular references
2020-03-14 21:56:56.108 [main] DEBUG o.s.b.f.s.DefaultListableBeanFactory - Returning cached instance of singleton bean 'metaDataSourceAdvisor'
2020-03-14 21:56:56.108 [main] DEBUG o.s.b.f.s.DefaultListableBeanFactory - Returning cached instance of singleton bean 'org.springframework.transaction.config.internalTransactionAdvisor'
2020-03-14 21:56:56.108 [main] DEBUG o.s.b.f.s.DefaultListableBeanFactory - Returning cached instance of singleton bean 'metaDataSourceAdvisor'
2020-03-14 21:56:56.108 [main] DEBUG o.s.b.f.s.DefaultListableBeanFactory - Returning cached instance of singleton bean 'org.springframework.transaction.config.internalTransactionAdvisor'
2020-03-14 21:56:56.108 [main] DEBUG o.s.b.f.s.DefaultListableBeanFactory - Finished creating instance of bean 'org.springframework.boot.autoconfigure.transaction.TransactionAutoConfiguration'
2020-03-14 21:56:56.118 [main] DEBUG o.s.b.f.s.DefaultListableBeanFactory - Creating shared instance of singleton bean 'spring.transaction-org.springframework.boot.autoconfigure.transaction.TransactionProperties'
2020-03-14 21:56:56.118 [main] DEBUG o.s.b.f.s.DefaultListableBeanFactory - Creating instance of bean 'spring.transaction-org.springframework.boot.autoconfigure.transaction.TransactionProperties'
2020-03-14 21:56:56.118 [main] DEBUG o.s.b.f.s.DefaultListableBeanFactory - Returning cached instance of singleton bean 'metaDataSourceAdvisor'
2020-03-14 21:56:56.118 [main] DEBUG o.s.b.f.s.DefaultListableBeanFactory - Returning cached instance of singleton bean 'org.springframework.transaction.config.internalTransactionAdvisor'
2020-03-14 21:56:56.128 [main] DEBUG o.s.b.f.s.DefaultListableBeanFactory - Eagerly caching bean 'spring.transaction-org.springframework.boot.autoconfigure.transaction.TransactionProperties' to allow for resolving potential circular references
2020-03-14 21:56:56.136 [main] DEBUG o.s.b.f.s.DefaultListableBeanFactory - Returning cached instance of singleton bean 'metaDataSourceAdvisor'
2020-03-14 21:56:56.136 [main] DEBUG o.s.b.f.s.DefaultListableBeanFactory - Returning cached instance of singleton bean 'org.springframework.transaction.config.internalTransactionAdvisor'
2020-03-14 21:56:56.137 [main] DEBUG o.s.b.f.s.DefaultListableBeanFactory - Returning cached instance of singleton bean 'metaDataSourceAdvisor'
2020-03-14 21:56:56.137 [main] DEBUG o.s.b.f.s.DefaultListableBeanFactory - Returning cached instance of singleton bean 'org.springframework.transaction.config.internalTransactionAdvisor'
2020-03-14 21:56:56.138 [main] DEBUG o.s.b.f.s.DefaultListableBeanFactory - Finished creating instance of bean 'spring.transaction-org.springframework.boot.autoconfigure.transaction.TransactionProperties'
2020-03-14 21:56:56.140 [main] DEBUG o.s.b.f.s.DefaultListableBeanFactory - Eagerly caching bean 'platformTransactionManagerCustomizers' to allow for resolving potential circular references
2020-03-14 21:56:56.143 [main] DEBUG o.s.b.f.s.DefaultListableBeanFactory - Returning cached instance of singleton bean 'metaDataSourceAdvisor'
2020-03-14 21:56:56.143 [main] DEBUG o.s.b.f.s.DefaultListableBeanFactory - Returning cached instance of singleton bean 'org.springframework.transaction.config.internalTransactionAdvisor'
2020-03-14 21:56:56.143 [main] DEBUG o.s.b.f.s.DefaultListableBeanFactory - Returning cached instance of singleton bean 'metaDataSourceAdvisor'
2020-03-14 21:56:56.143 [main] DEBUG o.s.b.f.s.DefaultListableBeanFactory - Returning cached instance of singleton bean 'org.springframework.transaction.config.internalTransactionAdvisor'
2020-03-14 21:56:56.143 [main] DEBUG o.s.b.f.s.DefaultListableBeanFactory - Finished creating instance of bean 'platformTransactionManagerCustomizers'
2020-03-14 21:56:56.159 [main] DEBUG o.s.b.f.s.DefaultListableBeanFactory - Creating shared instance of singleton bean 'hikariPoolDataSourceMetadataProvider'
2020-03-14 21:56:56.159 [main] DEBUG o.s.b.f.s.DefaultListableBeanFactory - Creating instance of bean 'hikariPoolDataSourceMetadataProvider'
2020-03-14 21:56:56.159 [main] DEBUG o.s.b.f.s.DefaultListableBeanFactory - Returning cached instance of singleton bean 'metaDataSourceAdvisor'
2020-03-14 21:56:56.159 [main] DEBUG o.s.b.f.s.DefaultListableBeanFactory - Returning cached instance of singleton bean 'org.springframework.transaction.config.internalTransactionAdvisor'
2020-03-14 21:56:56.159 [main] DEBUG o.s.b.f.s.DefaultListableBeanFactory - Creating shared instance of singleton bean 'org.springframework.boot.autoconfigure.jdbc.metadata.DataSourcePoolMetadataProvidersConfiguration$HikariPoolDataSourceMetadataProviderConfiguration'
2020-03-14 21:56:56.159 [main] DEBUG o.s.b.f.s.DefaultListableBeanFactory - Creating instance of bean 'org.springframework.boot.autoconfigure.jdbc.metadata.DataSourcePoolMetadataProvidersConfiguration$HikariPoolDataSourceMetadataProviderConfiguration'
2020-03-14 21:56:56.160 [main] DEBUG o.s.b.f.s.DefaultListableBeanFactory - Returning cached instance of singleton bean 'metaDataSourceAdvisor'
2020-03-14 21:56:56.160 [main] DEBUG o.s.b.f.s.DefaultListableBeanFactory - Returning cached instance of singleton bean 'org.springframework.transaction.config.internalTransactionAdvisor'
2020-03-14 21:56:56.160 [main] DEBUG o.s.b.f.s.DefaultListableBeanFactory - Eagerly caching bean 'org.springframework.boot.autoconfigure.jdbc.metadata.DataSourcePoolMetadataProvidersConfiguration$HikariPoolDataSourceMetadataProviderConfiguration' to allow for resolving potential circular references
2020-03-14 21:56:56.166 [main] DEBUG o.s.b.f.s.DefaultListableBeanFactory - Returning cached instance of singleton bean 'metaDataSourceAdvisor'
2020-03-14 21:56:56.166 [main] DEBUG o.s.b.f.s.DefaultListableBeanFactory - Returning cached instance of singleton bean 'org.springframework.transaction.config.internalTransactionAdvisor'
2020-03-14 21:56:56.166 [main] DEBUG o.s.b.f.s.DefaultListableBeanFactory - Returning cached instance of singleton bean 'metaDataSourceAdvisor'
2020-03-14 21:56:56.166 [main] DEBUG o.s.b.f.s.DefaultListableBeanFactory - Returning cached instance of singleton bean 'org.springframework.transaction.config.internalTransactionAdvisor'
2020-03-14 21:56:56.167 [main] DEBUG o.s.b.f.s.DefaultListableBeanFactory - Finished creating instance of bean 'org.springframework.boot.autoconfigure.jdbc.metadata.DataSourcePoolMetadataProvidersConfiguration$HikariPoolDataSourceMetadataProviderConfiguration'
2020-03-14 21:56:56.174 [main] DEBUG o.s.b.f.s.DefaultListableBeanFactory - Eagerly caching bean 'hikariPoolDataSourceMetadataProvider' to allow for resolving potential circular references
2020-03-14 21:56:56.184 [main] DEBUG o.s.b.f.s.DefaultListableBeanFactory - Returning cached instance of singleton bean 'metaDataSourceAdvisor'
2020-03-14 21:56:56.193 [main] DEBUG o.s.b.f.s.DefaultListableBeanFactory - Returning cached instance of singleton bean 'org.springframework.transaction.config.internalTransactionAdvisor'
2020-03-14 21:56:56.196 [main] DEBUG o.s.b.f.s.DefaultListableBeanFactory - Returning cached instance of singleton bean 'metaDataSourceAdvisor'
2020-03-14 21:56:56.196 [main] DEBUG o.s.b.f.s.DefaultListableBeanFactory - Returning cached instance of singleton bean 'org.springframework.transaction.config.internalTransactionAdvisor'
2020-03-14 21:56:56.198 [main] DEBUG o.s.b.f.s.DefaultListableBeanFactory - Finished creating instance of bean 'hikariPoolDataSourceMetadataProvider'
2020-03-14 21:56:56.223 [main] DEBUG o.s.b.f.s.DefaultListableBeanFactory - Eagerly caching bean 'org.springframework.boot.autoconfigure.orm.jpa.HibernateJpaConfiguration' to allow for resolving potential circular references
2020-03-14 21:56:56.242 [main] DEBUG o.s.b.f.s.DefaultListableBeanFactory - Returning cached instance of singleton bean 'metaDataSourceAdvisor'
2020-03-14 21:56:56.243 [main] DEBUG o.s.b.f.s.DefaultListableBeanFactory - Returning cached instance of singleton bean 'org.springframework.transaction.config.internalTransactionAdvisor'
2020-03-14 21:56:56.243 [main] DEBUG o.s.b.f.s.DefaultListableBeanFactory - Returning cached instance of singleton bean 'metaDataSourceAdvisor'
2020-03-14 21:56:56.243 [main] DEBUG o.s.b.f.s.DefaultListableBeanFactory - Returning cached instance of singleton bean 'org.springframework.transaction.config.internalTransactionAdvisor'
2020-03-14 21:56:56.253 [main] DEBUG o.s.b.f.s.DefaultListableBeanFactory - Finished creating instance of bean 'org.springframework.boot.autoconfigure.orm.jpa.HibernateJpaConfiguration'
2020-03-14 21:56:56.259 [main] DEBUG o.s.b.f.s.DefaultListableBeanFactory - Creating shared instance of singleton bean 'entityManagerFactoryBuilder'
2020-03-14 21:56:56.259 [main] DEBUG o.s.b.f.s.DefaultListableBeanFactory - Creating instance of bean 'entityManagerFactoryBuilder'
2020-03-14 21:56:56.260 [main] DEBUG o.s.b.f.s.DefaultListableBeanFactory - Returning cached instance of singleton bean 'metaDataSourceAdvisor'
2020-03-14 21:56:56.260 [main] DEBUG o.s.b.f.s.DefaultListableBeanFactory - Returning cached instance of singleton bean 'org.springframework.transaction.config.internalTransactionAdvisor'
2020-03-14 21:56:56.260 [main] DEBUG o.s.b.f.s.DefaultListableBeanFactory - Returning cached instance of singleton bean 'org.springframework.boot.autoconfigure.orm.jpa.HibernateJpaConfiguration'
2020-03-14 21:56:56.266 [main] DEBUG o.s.b.f.s.DefaultListableBeanFactory - Creating shared instance of singleton bean 'jpaVendorAdapter'
2020-03-14 21:56:56.266 [main] DEBUG o.s.b.f.s.DefaultListableBeanFactory - Creating instance of bean 'jpaVendorAdapter'
2020-03-14 21:56:56.267 [main] DEBUG o.s.b.f.s.DefaultListableBeanFactory - Returning cached instance of singleton bean 'metaDataSourceAdvisor'
2020-03-14 21:56:56.267 [main] DEBUG o.s.b.f.s.DefaultListableBeanFactory - Returning cached instance of singleton bean 'org.springframework.transaction.config.internalTransactionAdvisor'
2020-03-14 21:56:56.268 [main] DEBUG o.s.b.f.s.DefaultListableBeanFactory - Returning cached instance of singleton bean 'org.springframework.boot.autoconfigure.orm.jpa.HibernateJpaConfiguration'
2020-03-14 21:56:56.540 [main] DEBUG o.s.jdbc.datasource.DataSourceUtils - Fetching JDBC Connection from DataSource
2020-03-14 21:56:56.558 [main] DEBUG o.s.jdbc.datasource.DataSourceUtils - Returning JDBC Connection to DataSource
2020-03-14 21:56:56.561 [main] DEBUG o.s.b.f.s.DefaultListableBeanFactory - Eagerly caching bean 'jpaVendorAdapter' to allow for resolving potential circular references
2020-03-14 21:56:56.567 [main] DEBUG o.s.b.f.s.DefaultListableBeanFactory - Returning cached instance of singleton bean 'metaDataSourceAdvisor'
2020-03-14 21:56:56.568 [main] DEBUG o.s.b.f.s.DefaultListableBeanFactory - Returning cached instance of singleton bean 'org.springframework.transaction.config.internalTransactionAdvisor'
2020-03-14 21:56:56.568 [main] DEBUG o.s.b.f.s.DefaultListableBeanFactory - Returning cached instance of singleton bean 'metaDataSourceAdvisor'
2020-03-14 21:56:56.568 [main] DEBUG o.s.b.f.s.DefaultListableBeanFactory - Returning cached instance of singleton bean 'org.springframework.transaction.config.internalTransactionAdvisor'
2020-03-14 21:56:56.571 [main] DEBUG o.s.b.f.s.DefaultListableBeanFactory - Finished creating instance of bean 'jpaVendorAdapter'
2020-03-14 21:56:56.572 [main] DEBUG o.s.b.f.s.DefaultListableBeanFactory - Autowiring by type from bean name 'entityManagerFactoryBuilder' via factory method to bean named 'jpaVendorAdapter'
2020-03-14 21:56:56.579 [main] DEBUG o.s.b.f.s.DefaultListableBeanFactory - Eagerly caching bean 'entityManagerFactoryBuilder' to allow for resolving potential circular references
2020-03-14 21:56:56.583 [main] DEBUG o.s.b.f.s.DefaultListableBeanFactory - Returning cached instance of singleton bean 'metaDataSourceAdvisor'
2020-03-14 21:56:56.583 [main] DEBUG o.s.b.f.s.DefaultListableBeanFactory - Returning cached instance of singleton bean 'org.springframework.transaction.config.internalTransactionAdvisor'
2020-03-14 21:56:56.583 [main] DEBUG o.s.b.f.s.DefaultListableBeanFactory - Returning cached instance of singleton bean 'metaDataSourceAdvisor'
2020-03-14 21:56:56.583 [main] DEBUG o.s.b.f.s.DefaultListableBeanFactory - Returning cached instance of singleton bean 'org.springframework.transaction.config.internalTransactionAdvisor'
2020-03-14 21:56:56.583 [main] DEBUG o.s.b.f.s.DefaultListableBeanFactory - Finished creating instance of bean 'entityManagerFactoryBuilder'
2020-03-14 21:56:56.583 [main] DEBUG o.s.b.f.s.DefaultListableBeanFactory - Autowiring by type from bean name 'entityManagerFactory' via factory method to bean named 'entityManagerFactoryBuilder'
2020-03-14 21:56:56.596 [main] DEBUG o.s.jdbc.datasource.DataSourceUtils - Fetching JDBC Connection from DataSource
2020-03-14 21:56:56.609 [main] DEBUG o.s.jdbc.datasource.DataSourceUtils - Returning JDBC Connection to DataSource
2020-03-14 21:56:56.639 [main] DEBUG o.s.b.f.s.DefaultListableBeanFactory - Creating shared instance of singleton bean 'org.springframework.boot.autoconfigure.domain.EntityScanPackages'
2020-03-14 21:56:56.639 [main] DEBUG o.s.b.f.s.DefaultListableBeanFactory - Creating instance of bean 'org.springframework.boot.autoconfigure.domain.EntityScanPackages'
2020-03-14 21:56:56.640 [main] DEBUG o.s.b.f.s.DefaultListableBeanFactory - Returning cached instance of singleton bean 'metaDataSourceAdvisor'
2020-03-14 21:56:56.640 [main] DEBUG o.s.b.f.s.DefaultListableBeanFactory - Returning cached instance of singleton bean 'org.springframework.transaction.config.internalTransactionAdvisor'
2020-03-14 21:56:56.641 [main] DEBUG o.s.b.f.s.DefaultListableBeanFactory - Eagerly caching bean 'org.springframework.boot.autoconfigure.domain.EntityScanPackages' to allow for resolving potential circular references
2020-03-14 21:56:56.650 [main] DEBUG o.s.b.f.s.DefaultListableBeanFactory - Returning cached instance of singleton bean 'metaDataSourceAdvisor'
2020-03-14 21:56:56.650 [main] DEBUG o.s.b.f.s.DefaultListableBeanFactory - Returning cached instance of singleton bean 'org.springframework.transaction.config.internalTransactionAdvisor'
2020-03-14 21:56:56.650 [main] DEBUG o.s.b.f.s.DefaultListableBeanFactory - Returning cached instance of singleton bean 'metaDataSourceAdvisor'
2020-03-14 21:56:56.650 [main] DEBUG o.s.b.f.s.DefaultListableBeanFactory - Returning cached instance of singleton bean 'org.springframework.transaction.config.internalTransactionAdvisor'
2020-03-14 21:56:56.651 [main] DEBUG o.s.b.f.s.DefaultListableBeanFactory - Finished creating instance of bean 'org.springframework.boot.autoconfigure.domain.EntityScanPackages'
2020-03-14 21:56:56.680 [main] DEBUG o.s.b.f.s.DefaultListableBeanFactory - Eagerly caching bean 'entityManagerFactory' to allow for resolving potential circular references
2020-03-14 21:56:56.727 [main] DEBUG o.s.b.f.s.DefaultListableBeanFactory - Invoking afterPropertiesSet() on bean with name 'entityManagerFactory'
2020-03-14 21:56:56.736 [main] DEBUG o.s.c.i.s.PathMatchingResourcePatternResolver - Resolved classpath location [META-INF/persistence.xml] to resources []
2020-03-14 21:56:56.740 [main] DEBUG o.s.c.i.s.PathMatchingResourcePatternResolver - Resolved classpath location [com/ningmeng/framework/domain/course/] to resources [URL [jar:file:/E:/1704A/hdServiceCode/nm-framework-model/target/nm-framework-model.jar!/com/ningmeng/framework/domain/course/]]
2020-03-14 21:56:56.741 [main] DEBUG o.s.c.i.s.PathMatchingResourcePatternResolver - Looking for matching resources in jar file [file:/E:/1704A/hdServiceCode/nm-framework-model/target/nm-framework-model.jar]
2020-03-14 21:56:56.742 [main] DEBUG o.s.c.i.s.PathMatchingResourcePatternResolver - Resolved location pattern [classpath*:com/ningmeng/framework/domain/course/**/*.class] to resources [URL [jar:file:/E:/1704A/hdServiceCode/nm-framework-model/target/nm-framework-model.jar!/com/ningmeng/framework/domain/course/CourseMarket.class], URL [jar:file:/E:/1704A/hdServiceCode/nm-framework-model/target/nm-framework-model.jar!/com/ningmeng/framework/domain/course/ext/CategoryParameter.class], URL [jar:file:/E:/1704A/hdServiceCode/nm-framework-model/target/nm-framework-model.jar!/com/ningmeng/framework/domain/course/CourseIndex.class], URL [jar:file:/E:/1704A/hdServiceCode/nm-framework-model/target/nm-framework-model.jar!/com/ningmeng/framework/domain/course/ext/TeachplanExt.class], URL [jar:file:/E:/1704A/hdServiceCode/nm-framework-model/target/nm-framework-model.jar!/com/ningmeng/framework/domain/course/request/CourseListRequest.class], URL [jar:file:/E:/1704A/hdServiceCode/nm-framework-model/target/nm-framework-model.jar!/com/ningmeng/framework/domain/course/response/CourseView.class], URL [jar:file:/E:/1704A/hdServiceCode/nm-framework-model/target/nm-framework-model.jar!/com/ningmeng/framework/domain/course/response/DeleteCourseResult.class], URL [jar:file:/E:/1704A/hdServiceCode/nm-framework-model/target/nm-framework-model.jar!/com/ningmeng/framework/domain/course/ext/CourseInfo.class], URL [jar:file:/E:/1704A/hdServiceCode/nm-framework-model/target/nm-framework-model.jar!/com/ningmeng/framework/domain/course/ext/TeachplanParameter.class], URL [jar:file:/E:/1704A/hdServiceCode/nm-framework-model/target/nm-framework-model.jar!/com/ningmeng/framework/domain/course/CoursePre.class], URL [jar:file:/E:/1704A/hdServiceCode/nm-framework-model/target/nm-framework-model.jar!/com/ningmeng/framework/domain/course/ext/TeachplanNode.class], URL [jar:file:/E:/1704A/hdServiceCode/nm-framework-model/target/nm-framework-model.jar!/com/ningmeng/framework/domain/course/response/CourseCode.class], URL [jar:file:/E:/1704A/hdServiceCode/nm-framework-model/target/nm-framework-model.jar!/com/ningmeng/framework/domain/course/TeachplanMedia.class], URL [jar:file:/E:/1704A/hdServiceCode/nm-framework-model/target/nm-framework-model.jar!/com/ningmeng/framework/domain/course/Category.class], URL [jar:file:/E:/1704A/hdServiceCode/nm-framework-model/target/nm-framework-model.jar!/com/ningmeng/framework/domain/course/ext/CategoryNode.class], URL [jar:file:/E:/1704A/hdServiceCode/nm-framework-model/target/nm-framework-model.jar!/com/ningmeng/framework/domain/course/response/AddCourseResult.class], URL [jar:file:/E:/1704A/hdServiceCode/nm-framework-model/target/nm-framework-model.jar!/com/ningmeng/framework/domain/course/CoursePic.class], URL [jar:file:/E:/1704A/hdServiceCode/nm-framework-model/target/nm-framework-model.jar!/com/ningmeng/framework/domain/course/CoursePub.class], URL [jar:file:/E:/1704A/hdServiceCode/nm-framework-model/target/nm-framework-model.jar!/com/ningmeng/framework/domain/course/Teachplan.class], URL [jar:file:/E:/1704A/hdServiceCode/nm-framework-model/target/nm-framework-model.jar!/com/ningmeng/framework/domain/course/CourseBase.class], URL [jar:file:/E:/1704A/hdServiceCode/nm-framework-model/target/nm-framework-model.jar!/com/ningmeng/framework/domain/course/CourseOff.class], URL [jar:file:/E:/1704A/hdServiceCode/nm-framework-model/target/nm-framework-model.jar!/com/ningmeng/framework/domain/course/TeachplanMediaPub.class], URL [jar:file:/E:/1704A/hdServiceCode/nm-framework-model/target/nm-framework-model.jar!/com/ningmeng/framework/domain/course/response/CoursePublishResult.class]]
2020-03-14 21:56:56.796 [main] INFO  o.s.o.j.LocalContainerEntityManagerFactoryBean - Building JPA container EntityManagerFactory for persistence unit 'default'
2020-03-14 21:56:56.873 [main] DEBUG o.h.jpa.internal.util.LogHelper - PersistenceUnitInfo [
	name: default
	persistence provider classname: null
	classloader: sun.misc.Launcher$AppClassLoader@6bc7c054
	excludeUnlistedClasses: true
	JTA datasource: null
	Non JTA datasource: {
	CreateTime:"2020-03-14 21:56:54",
	ActiveCount:0,
	PoolingCount:5,
	CreateCount:5,
	DestroyCount:0,
	CloseCount:2,
	ConnectCount:2,
	Connections:[
		{ID:512934838, ConnectTime:"2020-03-14 21:56:55", UseCount:0, LastActiveTime:"2020-03-14 21:56:55"},
		{ID:1861536737, ConnectTime:"2020-03-14 21:56:55", UseCount:0, LastActiveTime:"2020-03-14 21:56:55"},
		{ID:545116599, ConnectTime:"2020-03-14 21:56:55", UseCount:0, LastActiveTime:"2020-03-14 21:56:55"},
		{ID:732611751, ConnectTime:"2020-03-14 21:56:55", UseCount:0, LastActiveTime:"2020-03-14 21:56:55"},
		{ID:598551831, ConnectTime:"2020-03-14 21:56:55", UseCount:2, LastActiveTime:"2020-03-14 21:56:56"}
	]
}
	Transaction type: RESOURCE_LOCAL
	PU root URL: file:/E:/1704A/hdServiceCode/nm-framework-model/target/nm-framework-model.jar
	Shared Cache Mode: UNSPECIFIED
	Validation Mode: AUTO
	Jar files URLs []
	Managed classes names [
		com.ningmeng.framework.domain.course.CourseMarket
		com.ningmeng.framework.domain.course.CourseIndex
		com.ningmeng.framework.domain.course.CoursePre
		com.ningmeng.framework.domain.course.TeachplanMedia
		com.ningmeng.framework.domain.course.Category
		com.ningmeng.framework.domain.course.CoursePic
		com.ningmeng.framework.domain.course.CoursePub
		com.ningmeng.framework.domain.course.Teachplan
		com.ningmeng.framework.domain.course.CourseBase
		com.ningmeng.framework.domain.course.CourseOff
		com.ningmeng.framework.domain.course.TeachplanMediaPub]
	Mapping files names []
	Properties []
2020-03-14 21:56:56.959 [main] DEBUG o.h.i.internal.IntegratorServiceImpl - Adding Integrator [org.hibernate.cfg.beanvalidation.BeanValidationIntegrator].
2020-03-14 21:56:56.967 [main] DEBUG o.h.i.internal.IntegratorServiceImpl - Adding Integrator [org.hibernate.secure.spi.JaccIntegrator].
2020-03-14 21:56:56.983 [main] DEBUG o.h.i.internal.IntegratorServiceImpl - Adding Integrator [org.hibernate.cache.internal.CollectionCacheInvalidator].
2020-03-14 21:56:56.984 [main] DEBUG o.h.i.internal.IntegratorServiceImpl - Adding Integrator [org.hibernate.jpa.event.spi.JpaIntegrator].
2020-03-14 21:56:57.244 [main] INFO  org.hibernate.Version - HHH000412: Hibernate Core {5.2.16.Final}
2020-03-14 21:56:57.251 [main] INFO  org.hibernate.cfg.Environment - HHH000206: hibernate.properties not found
2020-03-14 21:56:57.279 [main] DEBUG o.h.service.spi.ServiceBinding - Overriding existing service binding [org.hibernate.secure.spi.JaccService]
2020-03-14 21:56:57.354 [main] DEBUG o.h.c.i.RegionFactoryInitiator - Cache region factory : org.hibernate.cache.internal.NoCachingRegionFactory
2020-03-14 21:56:57.368 [main] INFO  o.h.annotations.common.Version - HCANN000001: Hibernate Commons Annotations {5.0.1.Final}
2020-03-14 21:56:57.599 [main] DEBUG org.hibernate.type.BasicTypeRegistry - Adding type registration boolean -> org.hibernate.type.BooleanType@4536a715
2020-03-14 21:56:57.599 [main] DEBUG org.hibernate.type.BasicTypeRegistry - Adding type registration boolean -> org.hibernate.type.BooleanType@4536a715
2020-03-14 21:56:57.599 [main] DEBUG org.hibernate.type.BasicTypeRegistry - Adding type registration java.lang.Boolean -> org.hibernate.type.BooleanType@4536a715
2020-03-14 21:56:57.600 [main] DEBUG org.hibernate.type.BasicTypeRegistry - Adding type registration numeric_boolean -> org.hibernate.type.NumericBooleanType@64dfb31d
2020-03-14 21:56:57.603 [main] DEBUG org.hibernate.type.BasicTypeRegistry - Adding type registration true_false -> org.hibernate.type.TrueFalseType@6136e1fc
2020-03-14 21:56:57.604 [main] DEBUG org.hibernate.type.BasicTypeRegistry - Adding type registration yes_no -> org.hibernate.type.YesNoType@738a815c
2020-03-14 21:56:57.607 [main] DEBUG org.hibernate.type.BasicTypeRegistry - Adding type registration byte -> org.hibernate.type.ByteType@5f0677f3
2020-03-14 21:56:57.608 [main] DEBUG org.hibernate.type.BasicTypeRegistry - Adding type registration byte -> org.hibernate.type.ByteType@5f0677f3
2020-03-14 21:56:57.608 [main] DEBUG org.hibernate.type.BasicTypeRegistry - Adding type registration java.lang.Byte -> org.hibernate.type.ByteType@5f0677f3
2020-03-14 21:56:57.612 [main] DEBUG org.hibernate.type.BasicTypeRegistry - Adding type registration character -> org.hibernate.type.CharacterType@3686389
2020-03-14 21:56:57.613 [main] DEBUG org.hibernate.type.BasicTypeRegistry - Adding type registration char -> org.hibernate.type.CharacterType@3686389
2020-03-14 21:56:57.614 [main] DEBUG org.hibernate.type.BasicTypeRegistry - Adding type registration java.lang.Character -> org.hibernate.type.CharacterType@3686389
2020-03-14 21:56:57.620 [main] DEBUG org.hibernate.type.BasicTypeRegistry - Adding type registration short -> org.hibernate.type.ShortType@78318ac2
2020-03-14 21:56:57.620 [main] DEBUG org.hibernate.type.BasicTypeRegistry - Adding type registration short -> org.hibernate.type.ShortType@78318ac2
2020-03-14 21:56:57.620 [main] DEBUG org.hibernate.type.BasicTypeRegistry - Adding type registration java.lang.Short -> org.hibernate.type.ShortType@78318ac2
2020-03-14 21:56:57.622 [main] DEBUG org.hibernate.type.BasicTypeRegistry - Adding type registration integer -> org.hibernate.type.IntegerType@75839695
2020-03-14 21:56:57.622 [main] DEBUG org.hibernate.type.BasicTypeRegistry - Adding type registration int -> org.hibernate.type.IntegerType@75839695
2020-03-14 21:56:57.622 [main] DEBUG org.hibernate.type.BasicTypeRegistry - Adding type registration java.lang.Integer -> org.hibernate.type.IntegerType@75839695
2020-03-14 21:56:57.625 [main] DEBUG org.hibernate.type.BasicTypeRegistry - Adding type registration long -> org.hibernate.type.LongType@55951fcd
2020-03-14 21:56:57.625 [main] DEBUG org.hibernate.type.BasicTypeRegistry - Adding type registration long -> org.hibernate.type.LongType@55951fcd
2020-03-14 21:56:57.625 [main] DEBUG org.hibernate.type.BasicTypeRegistry - Adding type registration java.lang.Long -> org.hibernate.type.LongType@55951fcd
2020-03-14 21:56:57.628 [main] DEBUG org.hibernate.type.BasicTypeRegistry - Adding type registration float -> org.hibernate.type.FloatType@4300e240
2020-03-14 21:56:57.628 [main] DEBUG org.hibernate.type.BasicTypeRegistry - Adding type registration float -> org.hibernate.type.FloatType@4300e240
2020-03-14 21:56:57.629 [main] DEBUG org.hibernate.type.BasicTypeRegistry - Adding type registration java.lang.Float -> org.hibernate.type.FloatType@4300e240
2020-03-14 21:56:57.633 [main] DEBUG org.hibernate.type.BasicTypeRegistry - Adding type registration double -> org.hibernate.type.DoubleType@7afbf2a0
2020-03-14 21:56:57.633 [main] DEBUG org.hibernate.type.BasicTypeRegistry - Adding type registration double -> org.hibernate.type.DoubleType@7afbf2a0
2020-03-14 21:56:57.633 [main] DEBUG org.hibernate.type.BasicTypeRegistry - Adding type registration java.lang.Double -> org.hibernate.type.DoubleType@7afbf2a0
2020-03-14 21:56:57.637 [main] DEBUG org.hibernate.type.BasicTypeRegistry - Adding type registration big_decimal -> org.hibernate.type.BigDecimalType@b55f5b7
2020-03-14 21:56:57.638 [main] DEBUG org.hibernate.type.BasicTypeRegistry - Adding type registration java.math.BigDecimal -> org.hibernate.type.BigDecimalType@b55f5b7
2020-03-14 21:56:57.641 [main] DEBUG org.hibernate.type.BasicTypeRegistry - Adding type registration big_integer -> org.hibernate.type.BigIntegerType@54be6213
2020-03-14 21:56:57.642 [main] DEBUG org.hibernate.type.BasicTypeRegistry - Adding type registration java.math.BigInteger -> org.hibernate.type.BigIntegerType@54be6213
2020-03-14 21:56:57.644 [main] DEBUG org.hibernate.type.BasicTypeRegistry - Adding type registration string -> org.hibernate.type.StringType@45e7bb79
2020-03-14 21:56:57.645 [main] DEBUG org.hibernate.type.BasicTypeRegistry - Adding type registration java.lang.String -> org.hibernate.type.StringType@45e7bb79
2020-03-14 21:56:57.646 [main] DEBUG org.hibernate.type.BasicTypeRegistry - Adding type registration nstring -> org.hibernate.type.StringNVarcharType@76596288
2020-03-14 21:56:57.647 [main] DEBUG org.hibernate.type.BasicTypeRegistry - Adding type registration ncharacter -> org.hibernate.type.CharacterNCharType@6d0114c0
2020-03-14 21:56:57.650 [main] DEBUG org.hibernate.type.BasicTypeRegistry - Adding type registration url -> org.hibernate.type.UrlType@506aa618
2020-03-14 21:56:57.650 [main] DEBUG org.hibernate.type.BasicTypeRegistry - Adding type registration java.net.URL -> org.hibernate.type.UrlType@506aa618
2020-03-14 21:56:57.652 [main] DEBUG org.hibernate.type.BasicTypeRegistry - Adding type registration Duration -> org.hibernate.type.DurationType@2f86f9cf
2020-03-14 21:56:57.652 [main] DEBUG org.hibernate.type.BasicTypeRegistry - Adding type registration java.time.Duration -> org.hibernate.type.DurationType@2f86f9cf
2020-03-14 21:56:57.655 [main] DEBUG org.hibernate.type.BasicTypeRegistry - Adding type registration Instant -> org.hibernate.type.InstantType@6dded900
2020-03-14 21:56:57.655 [main] DEBUG org.hibernate.type.BasicTypeRegistry - Adding type registration java.time.Instant -> org.hibernate.type.InstantType@6dded900
2020-03-14 21:56:57.656 [main] DEBUG org.hibernate.type.BasicTypeRegistry - Adding type registration LocalDateTime -> org.hibernate.type.LocalDateTimeType@1a17dd6f
2020-03-14 21:56:57.657 [main] DEBUG org.hibernate.type.BasicTypeRegistry - Adding type registration java.time.LocalDateTime -> org.hibernate.type.LocalDateTimeType@1a17dd6f
2020-03-14 21:56:57.664 [main] DEBUG org.hibernate.type.BasicTypeRegistry - Adding type registration LocalDate -> org.hibernate.type.LocalDateType@41e8d917
2020-03-14 21:56:57.665 [main] DEBUG org.hibernate.type.BasicTypeRegistry - Adding type registration java.time.LocalDate -> org.hibernate.type.LocalDateType@41e8d917
2020-03-14 21:56:57.671 [main] DEBUG org.hibernate.type.BasicTypeRegistry - Adding type registration LocalTime -> org.hibernate.type.LocalTimeType@64b73e0a
2020-03-14 21:56:57.671 [main] DEBUG org.hibernate.type.BasicTypeRegistry - Adding type registration java.time.LocalTime -> org.hibernate.type.LocalTimeType@64b73e0a
2020-03-14 21:56:57.673 [main] DEBUG org.hibernate.type.BasicTypeRegistry - Adding type registration OffsetDateTime -> org.hibernate.type.OffsetDateTimeType@48c5698
2020-03-14 21:56:57.674 [main] DEBUG org.hibernate.type.BasicTypeRegistry - Adding type registration java.time.OffsetDateTime -> org.hibernate.type.OffsetDateTimeType@48c5698
2020-03-14 21:56:57.676 [main] DEBUG org.hibernate.type.BasicTypeRegistry - Adding type registration OffsetTime -> org.hibernate.type.OffsetTimeType@56c42964
2020-03-14 21:56:57.677 [main] DEBUG org.hibernate.type.BasicTypeRegistry - Adding type registration java.time.OffsetTime -> org.hibernate.type.OffsetTimeType@56c42964
2020-03-14 21:56:57.681 [main] DEBUG org.hibernate.type.BasicTypeRegistry - Adding type registration ZonedDateTime -> org.hibernate.type.ZonedDateTimeType@40f1aa95
2020-03-14 21:56:57.681 [main] DEBUG org.hibernate.type.BasicTypeRegistry - Adding type registration java.time.ZonedDateTime -> org.hibernate.type.ZonedDateTimeType@40f1aa95
2020-03-14 21:56:57.685 [main] DEBUG org.hibernate.type.BasicTypeRegistry - Adding type registration date -> org.hibernate.type.DateType@67eeb310
2020-03-14 21:56:57.686 [main] DEBUG org.hibernate.type.BasicTypeRegistry - Adding type registration java.sql.Date -> org.hibernate.type.DateType@67eeb310
2020-03-14 21:56:57.691 [main] DEBUG org.hibernate.type.BasicTypeRegistry - Adding type registration time -> org.hibernate.type.TimeType@7f93f4c
2020-03-14 21:56:57.691 [main] DEBUG org.hibernate.type.BasicTypeRegistry - Adding type registration java.sql.Time -> org.hibernate.type.TimeType@7f93f4c
2020-03-14 21:56:57.693 [main] DEBUG org.hibernate.type.BasicTypeRegistry - Adding type registration timestamp -> org.hibernate.type.TimestampType@4cfcac13
2020-03-14 21:56:57.693 [main] DEBUG org.hibernate.type.BasicTypeRegistry - Adding type registration java.sql.Timestamp -> org.hibernate.type.TimestampType@4cfcac13
2020-03-14 21:56:57.693 [main] DEBUG org.hibernate.type.BasicTypeRegistry - Adding type registration java.util.Date -> org.hibernate.type.TimestampType@4cfcac13
2020-03-14 21:56:57.696 [main] DEBUG org.hibernate.type.BasicTypeRegistry - Adding type registration dbtimestamp -> org.hibernate.type.DbTimestampType@7845b21a
2020-03-14 21:56:57.698 [main] DEBUG org.hibernate.type.BasicTypeRegistry - Adding type registration calendar -> org.hibernate.type.CalendarType@4276ad40
2020-03-14 21:56:57.699 [main] DEBUG org.hibernate.type.BasicTypeRegistry - Adding type registration java.util.Calendar -> org.hibernate.type.CalendarType@4276ad40
2020-03-14 21:56:57.699 [main] DEBUG org.hibernate.type.BasicTypeRegistry - Adding type registration java.util.GregorianCalendar -> org.hibernate.type.CalendarType@4276ad40
2020-03-14 21:56:57.700 [main] DEBUG org.hibernate.type.BasicTypeRegistry - Adding type registration calendar_date -> org.hibernate.type.CalendarDateType@3ef2b8e5
2020-03-14 21:56:57.701 [main] DEBUG org.hibernate.type.BasicTypeRegistry - Adding type registration locale -> org.hibernate.type.LocaleType@2b7774d5
2020-03-14 21:56:57.701 [main] DEBUG org.hibernate.type.BasicTypeRegistry - Adding type registration java.util.Locale -> org.hibernate.type.LocaleType@2b7774d5
2020-03-14 21:56:57.702 [main] DEBUG org.hibernate.type.BasicTypeRegistry - Adding type registration currency -> org.hibernate.type.CurrencyType@cec590c
2020-03-14 21:56:57.702 [main] DEBUG org.hibernate.type.BasicTypeRegistry - Adding type registration java.util.Currency -> org.hibernate.type.CurrencyType@cec590c
2020-03-14 21:56:57.704 [main] DEBUG org.hibernate.type.BasicTypeRegistry - Adding type registration timezone -> org.hibernate.type.TimeZoneType@701d2b59
2020-03-14 21:56:57.704 [main] DEBUG org.hibernate.type.BasicTypeRegistry - Adding type registration java.util.TimeZone -> org.hibernate.type.TimeZoneType@701d2b59
2020-03-14 21:56:57.710 [main] DEBUG org.hibernate.type.BasicTypeRegistry - Adding type registration class -> org.hibernate.type.ClassType@6f3b13d0
2020-03-14 21:56:57.710 [main] DEBUG org.hibernate.type.BasicTypeRegistry - Adding type registration java.lang.Class -> org.hibernate.type.ClassType@6f3b13d0
2020-03-14 21:56:57.716 [main] DEBUG org.hibernate.type.BasicTypeRegistry - Adding type registration uuid-binary -> org.hibernate.type.UUIDBinaryType@49889154
2020-03-14 21:56:57.716 [main] DEBUG org.hibernate.type.BasicTypeRegistry - Adding type registration java.util.UUID -> org.hibernate.type.UUIDBinaryType@49889154
2020-03-14 21:56:57.718 [main] DEBUG org.hibernate.type.BasicTypeRegistry - Adding type registration uuid-char -> org.hibernate.type.UUIDCharType@30517a57
2020-03-14 21:56:57.720 [main] DEBUG org.hibernate.type.BasicTypeRegistry - Adding type registration binary -> org.hibernate.type.BinaryType@721fc2e3
2020-03-14 21:56:57.721 [main] DEBUG org.hibernate.type.BasicTypeRegistry - Adding type registration byte[] -> org.hibernate.type.BinaryType@721fc2e3
2020-03-14 21:56:57.721 [main] DEBUG org.hibernate.type.BasicTypeRegistry - Adding type registration [B -> org.hibernate.type.BinaryType@721fc2e3
2020-03-14 21:56:57.722 [main] DEBUG org.hibernate.type.BasicTypeRegistry - Adding type registration wrapper-binary -> org.hibernate.type.WrapperBinaryType@368424db
2020-03-14 21:56:57.723 [main] DEBUG org.hibernate.type.BasicTypeRegistry - Adding type registration Byte[] -> org.hibernate.type.WrapperBinaryType@368424db
2020-03-14 21:56:57.723 [main] DEBUG org.hibernate.type.BasicTypeRegistry - Adding type registration [Ljava.lang.Byte; -> org.hibernate.type.WrapperBinaryType@368424db
2020-03-14 21:56:57.747 [main] DEBUG org.hibernate.type.BasicTypeRegistry - Adding type registration row_version -> org.hibernate.type.RowVersionType@fcf9525
2020-03-14 21:56:57.748 [main] DEBUG org.hibernate.type.BasicTypeRegistry - Adding type registration image -> org.hibernate.type.ImageType@1377b1a0
2020-03-14 21:56:57.749 [main] DEBUG org.hibernate.type.BasicTypeRegistry - Adding type registration characters -> org.hibernate.type.CharArrayType@f59da34
2020-03-14 21:56:57.749 [main] DEBUG org.hibernate.type.BasicTypeRegistry - Adding type registration char[] -> org.hibernate.type.CharArrayType@f59da34
2020-03-14 21:56:57.749 [main] DEBUG org.hibernate.type.BasicTypeRegistry - Adding type registration [C -> org.hibernate.type.CharArrayType@f59da34
2020-03-14 21:56:57.750 [main] DEBUG org.hibernate.type.BasicTypeRegistry - Adding type registration wrapper-characters -> org.hibernate.type.CharacterArrayType@67c21bf
2020-03-14 21:56:57.750 [main] DEBUG org.hibernate.type.BasicTypeRegistry - Adding type registration [Ljava.lang.Character; -> org.hibernate.type.CharacterArrayType@67c21bf
2020-03-14 21:56:57.750 [main] DEBUG org.hibernate.type.BasicTypeRegistry - Adding type registration Character[] -> org.hibernate.type.CharacterArrayType@67c21bf
2020-03-14 21:56:57.751 [main] DEBUG org.hibernate.type.BasicTypeRegistry - Adding type registration text -> org.hibernate.type.TextType@16ea0f22
2020-03-14 21:56:57.751 [main] DEBUG org.hibernate.type.BasicTypeRegistry - Adding type registration ntext -> org.hibernate.type.NTextType@77c23d90
2020-03-14 21:56:57.765 [main] DEBUG org.hibernate.type.BasicTypeRegistry - Adding type registration blob -> org.hibernate.type.BlobType@4d290757
2020-03-14 21:56:57.765 [main] DEBUG org.hibernate.type.BasicTypeRegistry - Adding type registration java.sql.Blob -> org.hibernate.type.BlobType@4d290757
2020-03-14 21:56:57.767 [main] DEBUG org.hibernate.type.BasicTypeRegistry - Adding type registration materialized_blob -> org.hibernate.type.MaterializedBlobType@4abbe41c
2020-03-14 21:56:57.774 [main] DEBUG org.hibernate.type.BasicTypeRegistry - Adding type registration clob -> org.hibernate.type.ClobType@1b791dca
2020-03-14 21:56:57.774 [main] DEBUG org.hibernate.type.BasicTypeRegistry - Adding type registration java.sql.Clob -> org.hibernate.type.ClobType@1b791dca
2020-03-14 21:56:57.778 [main] DEBUG org.hibernate.type.BasicTypeRegistry - Adding type registration nclob -> org.hibernate.type.NClobType@28831d69
2020-03-14 21:56:57.778 [main] DEBUG org.hibernate.type.BasicTypeRegistry - Adding type registration java.sql.NClob -> org.hibernate.type.NClobType@28831d69
2020-03-14 21:56:57.779 [main] DEBUG org.hibernate.type.BasicTypeRegistry - Adding type registration materialized_clob -> org.hibernate.type.MaterializedClobType@5a899811
2020-03-14 21:56:57.780 [main] DEBUG org.hibernate.type.BasicTypeRegistry - Adding type registration materialized_nclob -> org.hibernate.type.MaterializedNClobType@58739e5e
2020-03-14 21:56:57.782 [main] DEBUG org.hibernate.type.BasicTypeRegistry - Adding type registration serializable -> org.hibernate.type.SerializableType@30dd00b6
2020-03-14 21:56:57.789 [main] DEBUG org.hibernate.type.BasicTypeRegistry - Adding type registration object -> org.hibernate.type.ObjectType@4ced17f3
2020-03-14 21:56:57.790 [main] DEBUG org.hibernate.type.BasicTypeRegistry - Adding type registration java.lang.Object -> org.hibernate.type.ObjectType@4ced17f3
2020-03-14 21:56:57.791 [main] DEBUG org.hibernate.type.BasicTypeRegistry - Adding type registration imm_date -> org.hibernate.type.AdaptedImmutableType@4a9b92c6
2020-03-14 21:56:57.791 [main] DEBUG org.hibernate.type.BasicTypeRegistry - Adding type registration imm_time -> org.hibernate.type.AdaptedImmutableType@6eed46e9
2020-03-14 21:56:57.791 [main] DEBUG org.hibernate.type.BasicTypeRegistry - Adding type registration imm_timestamp -> org.hibernate.type.AdaptedImmutableType@4d20616a
2020-03-14 21:56:57.791 [main] DEBUG org.hibernate.type.BasicTypeRegistry - Adding type registration imm_dbtimestamp -> org.hibernate.type.AdaptedImmutableType@6ad6ae45
2020-03-14 21:56:57.791 [main] DEBUG org.hibernate.type.BasicTypeRegistry - Adding type registration imm_calendar -> org.hibernate.type.AdaptedImmutableType@7c4d1c7b
2020-03-14 21:56:57.792 [main] DEBUG org.hibernate.type.BasicTypeRegistry - Adding type registration imm_calendar_date -> org.hibernate.type.AdaptedImmutableType@7893c715
2020-03-14 21:56:57.792 [main] DEBUG org.hibernate.type.BasicTypeRegistry - Adding type registration imm_binary -> org.hibernate.type.AdaptedImmutableType@36f6d25c
2020-03-14 21:56:57.792 [main] DEBUG org.hibernate.type.BasicTypeRegistry - Adding type registration imm_serializable -> org.hibernate.type.AdaptedImmutableType@690df641
2020-03-14 21:56:57.839 [main] DEBUG o.h.e.j.e.i.JdbcEnvironmentInitiator - Database ->
       name : MySQL
    version : 5.5.57
      major : 5
      minor : 5
2020-03-14 21:56:57.839 [main] DEBUG o.h.e.j.e.i.JdbcEnvironmentInitiator - Driver ->
       name : MySQL Connector Java
    version : mysql-connector-java-5.1.40 ( Revision: 402933ef52cad9aa82624e80acbea46e3a701ce6 )
      major : 5
      minor : 1
2020-03-14 21:56:57.840 [main] DEBUG o.h.e.j.e.i.JdbcEnvironmentInitiator - JDBC version : 4.0
2020-03-14 21:56:57.925 [main] INFO  org.hibernate.dialect.Dialect - HHH000400: Using dialect: org.hibernate.dialect.MySQL5Dialect
2020-03-14 21:56:58.005 [main] DEBUG o.h.e.j.e.s.IdentifierHelperBuilder - JDBC driver metadata reported database stores quoted identifiers in more than one case
2020-03-14 21:56:58.009 [main] DEBUG o.h.e.j.e.s.IdentifierHelperBuilder - IdentifierCaseStrategy for both quoted and unquoted identifiers was set to the same strategy [LOWER]; that will likely lead to problems in schema update and validation if using quoted identifiers
2020-03-14 21:56:59.055 [main] DEBUG o.h.i.f.i.DefaultIdentifierGeneratorFactory - Registering IdentifierGenerator strategy [uuid2] -> [org.hibernate.id.UUIDGenerator]
2020-03-14 21:56:59.056 [main] DEBUG o.h.i.f.i.DefaultIdentifierGeneratorFactory - Registering IdentifierGenerator strategy [guid] -> [org.hibernate.id.GUIDGenerator]
2020-03-14 21:56:59.056 [main] DEBUG o.h.i.f.i.DefaultIdentifierGeneratorFactory - Registering IdentifierGenerator strategy [uuid] -> [org.hibernate.id.UUIDHexGenerator]
2020-03-14 21:56:59.056 [main] DEBUG o.h.i.f.i.DefaultIdentifierGeneratorFactory - Registering IdentifierGenerator strategy [uuid.hex] -> [org.hibernate.id.UUIDHexGenerator]
2020-03-14 21:56:59.057 [main] DEBUG o.h.i.f.i.DefaultIdentifierGeneratorFactory - Registering IdentifierGenerator strategy [assigned] -> [org.hibernate.id.Assigned]
2020-03-14 21:56:59.061 [main] DEBUG o.h.i.f.i.DefaultIdentifierGeneratorFactory - Registering IdentifierGenerator strategy [identity] -> [org.hibernate.id.IdentityGenerator]
2020-03-14 21:56:59.061 [main] DEBUG o.h.i.f.i.DefaultIdentifierGeneratorFactory - Registering IdentifierGenerator strategy [select] -> [org.hibernate.id.SelectGenerator]
2020-03-14 21:56:59.077 [main] DEBUG o.h.i.f.i.DefaultIdentifierGeneratorFactory - Registering IdentifierGenerator strategy [sequence] -> [org.hibernate.id.enhanced.SequenceStyleGenerator]
2020-03-14 21:56:59.079 [main] DEBUG o.h.i.f.i.DefaultIdentifierGeneratorFactory - Registering IdentifierGenerator strategy [seqhilo] -> [org.hibernate.id.SequenceHiLoGenerator]
2020-03-14 21:56:59.080 [main] DEBUG o.h.i.f.i.DefaultIdentifierGeneratorFactory - Registering IdentifierGenerator strategy [increment] -> [org.hibernate.id.IncrementGenerator]
2020-03-14 21:56:59.080 [main] DEBUG o.h.i.f.i.DefaultIdentifierGeneratorFactory - Registering IdentifierGenerator strategy [foreign] -> [org.hibernate.id.ForeignGenerator]
2020-03-14 21:56:59.081 [main] DEBUG o.h.i.f.i.DefaultIdentifierGeneratorFactory - Registering IdentifierGenerator strategy [sequence-identity] -> [org.hibernate.id.SequenceIdentityGenerator]
2020-03-14 21:56:59.081 [main] DEBUG o.h.i.f.i.DefaultIdentifierGeneratorFactory - Registering IdentifierGenerator strategy [enhanced-sequence] -> [org.hibernate.id.enhanced.SequenceStyleGenerator]
2020-03-14 21:56:59.083 [main] DEBUG o.h.i.f.i.DefaultIdentifierGeneratorFactory - Registering IdentifierGenerator strategy [enhanced-table] -> [org.hibernate.id.enhanced.TableGenerator]
2020-03-14 21:56:59.134 [main] DEBUG o.h.boot.model.relational.Namespace - Created database namespace [logicalName=Name{catalog=null, schema=null}, physicalName=Name{catalog=null, schema=null}]
2020-03-14 21:56:59.169 [main] DEBUG org.hibernate.cfg.AnnotationBinder - Binding entity from annotated class: com.ningmeng.framework.domain.course.CoursePre
2020-03-14 21:56:59.211 [main] DEBUG org.hibernate.cfg.Ejb3Column - Binding column: Ejb3DiscriminatorColumn{logicalColumnName'DTYPE', discriminatorTypeName='string'}
2020-03-14 21:56:59.218 [main] DEBUG o.h.cfg.annotations.EntityBinder - Import with entity name CoursePre
2020-03-14 21:56:59.222 [main] DEBUG o.h.cfg.annotations.EntityBinder - Bind entity com.ningmeng.framework.domain.course.CoursePre on table course_pre
2020-03-14 21:56:59.257 [main] DEBUG org.hibernate.cfg.Ejb3Column - Binding column: Ejb3Column{table=org.hibernate.mapping.Table(course_pre), mappingColumn=id, insertable=true, updatable=true, unique=false}
2020-03-14 21:56:59.265 [main] DEBUG o.h.cfg.annotations.PropertyBinder - MetadataSourceProcessor property id with lazy=false
2020-03-14 21:56:59.269 [main] DEBUG o.h.cfg.AbstractPropertyHolder - Attempting to locate auto-apply AttributeConverter for property [com.ningmeng.framework.domain.course.CoursePre:id]
2020-03-14 21:56:59.272 [main] DEBUG o.h.c.annotations.SimpleValueBinder - building SimpleValue for id
2020-03-14 21:56:59.274 [main] DEBUG o.h.cfg.annotations.PropertyBinder - Building property id
2020-03-14 21:56:59.278 [main] DEBUG org.hibernate.cfg.Ejb3Column - Binding column: Ejb3Column{table=org.hibernate.mapping.Table(course_pre), mappingColumn=charge, insertable=true, updatable=true, unique=false}
2020-03-14 21:56:59.279 [main] DEBUG o.h.cfg.annotations.PropertyBinder - MetadataSourceProcessor property charge with lazy=false
2020-03-14 21:56:59.279 [main] DEBUG o.h.cfg.AbstractPropertyHolder - Attempting to locate auto-apply AttributeConverter for property [com.ningmeng.framework.domain.course.CoursePre:charge]
2020-03-14 21:56:59.279 [main] DEBUG o.h.c.annotations.SimpleValueBinder - building SimpleValue for charge
2020-03-14 21:56:59.279 [main] DEBUG o.h.cfg.annotations.PropertyBinder - Building property charge
2020-03-14 21:56:59.279 [main] DEBUG org.hibernate.cfg.Ejb3Column - Binding column: Ejb3Column{table=org.hibernate.mapping.Table(course_pre), mappingColumn=description, insertable=true, updatable=true, unique=false}
2020-03-14 21:56:59.279 [main] DEBUG o.h.cfg.annotations.PropertyBinder - MetadataSourceProcessor property description with lazy=false
2020-03-14 21:56:59.279 [main] DEBUG o.h.cfg.AbstractPropertyHolder - Attempting to locate auto-apply AttributeConverter for property [com.ningmeng.framework.domain.course.CoursePre:description]
2020-03-14 21:56:59.279 [main] DEBUG o.h.c.annotations.SimpleValueBinder - building SimpleValue for description
2020-03-14 21:56:59.280 [main] DEBUG o.h.cfg.annotations.PropertyBinder - Building property description
2020-03-14 21:56:59.280 [main] DEBUG org.hibernate.cfg.Ejb3Column - Binding column: Ejb3Column{table=org.hibernate.mapping.Table(course_pre), mappingColumn=expires, insertable=true, updatable=true, unique=false}
2020-03-14 21:56:59.280 [main] DEBUG o.h.cfg.annotations.PropertyBinder - MetadataSourceProcessor property expires with lazy=false
2020-03-14 21:56:59.280 [main] DEBUG o.h.cfg.AbstractPropertyHolder - Attempting to locate auto-apply AttributeConverter for property [com.ningmeng.framework.domain.course.CoursePre:expires]
2020-03-14 21:56:59.280 [main] DEBUG o.h.c.annotations.SimpleValueBinder - building SimpleValue for expires
2020-03-14 21:56:59.280 [main] DEBUG o.h.cfg.annotations.PropertyBinder - Building property expires
2020-03-14 21:56:59.280 [main] DEBUG org.hibernate.cfg.Ejb3Column - Binding column: Ejb3Column{table=org.hibernate.mapping.Table(course_pre), mappingColumn=grade, insertable=true, updatable=true, unique=false}
2020-03-14 21:56:59.281 [main] DEBUG o.h.cfg.annotations.PropertyBinder - MetadataSourceProcessor property grade with lazy=false
2020-03-14 21:56:59.281 [main] DEBUG o.h.cfg.AbstractPropertyHolder - Attempting to locate auto-apply AttributeConverter for property [com.ningmeng.framework.domain.course.CoursePre:grade]
2020-03-14 21:56:59.281 [main] DEBUG o.h.c.annotations.SimpleValueBinder - building SimpleValue for grade
2020-03-14 21:56:59.281 [main] DEBUG o.h.cfg.annotations.PropertyBinder - Building property grade
2020-03-14 21:56:59.281 [main] DEBUG org.hibernate.cfg.Ejb3Column - Binding column: Ejb3Column{table=org.hibernate.mapping.Table(course_pre), mappingColumn=mt, insertable=true, updatable=true, unique=false}
2020-03-14 21:56:59.281 [main] DEBUG o.h.cfg.annotations.PropertyBinder - MetadataSourceProcessor property mt with lazy=false
2020-03-14 21:56:59.281 [main] DEBUG o.h.cfg.AbstractPropertyHolder - Attempting to locate auto-apply AttributeConverter for property [com.ningmeng.framework.domain.course.CoursePre:mt]
2020-03-14 21:56:59.281 [main] DEBUG o.h.c.annotations.SimpleValueBinder - building SimpleValue for mt
2020-03-14 21:56:59.282 [main] DEBUG o.h.cfg.annotations.PropertyBinder - Building property mt
2020-03-14 21:56:59.282 [main] DEBUG org.hibernate.cfg.Ejb3Column - Binding column: Ejb3Column{table=org.hibernate.mapping.Table(course_pre), mappingColumn=name, insertable=true, updatable=true, unique=false}
2020-03-14 21:56:59.282 [main] DEBUG o.h.cfg.annotations.PropertyBinder - MetadataSourceProcessor property name with lazy=false
2020-03-14 21:56:59.283 [main] DEBUG o.h.cfg.AbstractPropertyHolder - Attempting to locate auto-apply AttributeConverter for property [com.ningmeng.framework.domain.course.CoursePre:name]
2020-03-14 21:56:59.283 [main] DEBUG o.h.c.annotations.SimpleValueBinder - building SimpleValue for name
2020-03-14 21:56:59.283 [main] DEBUG o.h.cfg.annotations.PropertyBinder - Building property name
2020-03-14 21:56:59.283 [main] DEBUG org.hibernate.cfg.Ejb3Column - Binding column: Ejb3Column{table=org.hibernate.mapping.Table(course_pre), mappingColumn=pic, insertable=true, updatable=true, unique=false}
2020-03-14 21:56:59.283 [main] DEBUG o.h.cfg.annotations.PropertyBinder - MetadataSourceProcessor property pic with lazy=false
2020-03-14 21:56:59.283 [main] DEBUG o.h.cfg.AbstractPropertyHolder - Attempting to locate auto-apply AttributeConverter for property [com.ningmeng.framework.domain.course.CoursePre:pic]
2020-03-14 21:56:59.283 [main] DEBUG o.h.c.annotations.SimpleValueBinder - building SimpleValue for pic
2020-03-14 21:56:59.283 [main] DEBUG o.h.cfg.annotations.PropertyBinder - Building property pic
2020-03-14 21:56:59.284 [main] DEBUG org.hibernate.cfg.Ejb3Column - Binding column: Ejb3Column{table=org.hibernate.mapping.Table(course_pre), mappingColumn=price, insertable=true, updatable=true, unique=false}
2020-03-14 21:56:59.284 [main] DEBUG o.h.cfg.annotations.PropertyBinder - MetadataSourceProcessor property price with lazy=false
2020-03-14 21:56:59.284 [main] DEBUG o.h.cfg.AbstractPropertyHolder - Attempting to locate auto-apply AttributeConverter for property [com.ningmeng.framework.domain.course.CoursePre:price]
2020-03-14 21:56:59.284 [main] DEBUG o.h.c.annotations.SimpleValueBinder - building SimpleValue for price
2020-03-14 21:56:59.284 [main] DEBUG o.h.cfg.annotations.PropertyBinder - Building property price
2020-03-14 21:56:59.284 [main] DEBUG org.hibernate.cfg.Ejb3Column - Binding column: Ejb3Column{table=org.hibernate.mapping.Table(course_pre), mappingColumn=price_old, insertable=true, updatable=true, unique=false}
2020-03-14 21:56:59.284 [main] DEBUG o.h.cfg.annotations.PropertyBinder - MetadataSourceProcessor property price_old with lazy=false
2020-03-14 21:56:59.284 [main] DEBUG o.h.cfg.AbstractPropertyHolder - Attempting to locate auto-apply AttributeConverter for property [com.ningmeng.framework.domain.course.CoursePre:price_old]
2020-03-14 21:56:59.284 [main] DEBUG o.h.c.annotations.SimpleValueBinder - building SimpleValue for price_old
2020-03-14 21:56:59.284 [main] DEBUG o.h.cfg.annotations.PropertyBinder - Building property price_old
2020-03-14 21:56:59.284 [main] DEBUG org.hibernate.cfg.Ejb3Column - Binding column: Ejb3Column{table=org.hibernate.mapping.Table(course_pre), mappingColumn=qq, insertable=true, updatable=true, unique=false}
2020-03-14 21:56:59.285 [main] DEBUG o.h.cfg.annotations.PropertyBinder - MetadataSourceProcessor property qq with lazy=false
2020-03-14 21:56:59.285 [main] DEBUG o.h.cfg.AbstractPropertyHolder - Attempting to locate auto-apply AttributeConverter for property [com.ningmeng.framework.domain.course.CoursePre:qq]
2020-03-14 21:56:59.285 [main] DEBUG o.h.c.annotations.SimpleValueBinder - building SimpleValue for qq
2020-03-14 21:56:59.285 [main] DEBUG o.h.cfg.annotations.PropertyBinder - Building property qq
2020-03-14 21:56:59.286 [main] DEBUG org.hibernate.cfg.Ejb3Column - Binding column: Ejb3Column{table=org.hibernate.mapping.Table(course_pre), mappingColumn=st, insertable=true, updatable=true, unique=false}
2020-03-14 21:56:59.286 [main] DEBUG o.h.cfg.annotations.PropertyBinder - MetadataSourceProcessor property st with lazy=false
2020-03-14 21:56:59.286 [main] DEBUG o.h.cfg.AbstractPropertyHolder - Attempting to locate auto-apply AttributeConverter for property [com.ningmeng.framework.domain.course.CoursePre:st]
2020-03-14 21:56:59.286 [main] DEBUG o.h.c.annotations.SimpleValueBinder - building SimpleValue for st
2020-03-14 21:56:59.286 [main] DEBUG o.h.cfg.annotations.PropertyBinder - Building property st
2020-03-14 21:56:59.287 [main] DEBUG org.hibernate.cfg.Ejb3Column - Binding column: Ejb3Column{table=org.hibernate.mapping.Table(course_pre), mappingColumn=studymodel, insertable=true, updatable=true, unique=false}
2020-03-14 21:56:59.288 [main] DEBUG o.h.cfg.annotations.PropertyBinder - MetadataSourceProcessor property studymodel with lazy=false
2020-03-14 21:56:59.288 [main] DEBUG o.h.cfg.AbstractPropertyHolder - Attempting to locate auto-apply AttributeConverter for property [com.ningmeng.framework.domain.course.CoursePre:studymodel]
2020-03-14 21:56:59.289 [main] DEBUG o.h.c.annotations.SimpleValueBinder - building SimpleValue for studymodel
2020-03-14 21:56:59.290 [main] DEBUG o.h.cfg.annotations.PropertyBinder - Building property studymodel
2020-03-14 21:56:59.291 [main] DEBUG org.hibernate.cfg.Ejb3Column - Binding column: Ejb3Column{table=org.hibernate.mapping.Table(course_pre), mappingColumn=teachplan, insertable=true, updatable=true, unique=false}
2020-03-14 21:56:59.291 [main] DEBUG o.h.cfg.annotations.PropertyBinder - MetadataSourceProcessor property teachplan with lazy=false
2020-03-14 21:56:59.291 [main] DEBUG o.h.cfg.AbstractPropertyHolder - Attempting to locate auto-apply AttributeConverter for property [com.ningmeng.framework.domain.course.CoursePre:teachplan]
2020-03-14 21:56:59.291 [main] DEBUG o.h.c.annotations.SimpleValueBinder - building SimpleValue for teachplan
2020-03-14 21:56:59.291 [main] DEBUG o.h.cfg.annotations.PropertyBinder - Building property teachplan
2020-03-14 21:56:59.292 [main] DEBUG org.hibernate.cfg.Ejb3Column - Binding column: Ejb3Column{table=org.hibernate.mapping.Table(course_pre), mappingColumn=timestamp, insertable=true, updatable=true, unique=false}
2020-03-14 21:56:59.292 [main] DEBUG o.h.cfg.annotations.PropertyBinder - MetadataSourceProcessor property timestamp with lazy=false
2020-03-14 21:56:59.292 [main] DEBUG o.h.cfg.AbstractPropertyHolder - Attempting to locate auto-apply AttributeConverter for property [com.ningmeng.framework.domain.course.CoursePre:timestamp]
2020-03-14 21:56:59.292 [main] DEBUG o.h.c.annotations.SimpleValueBinder - building SimpleValue for timestamp
2020-03-14 21:56:59.293 [main] DEBUG o.h.cfg.annotations.PropertyBinder - Building property timestamp
2020-03-14 21:56:59.293 [main] DEBUG org.hibernate.cfg.Ejb3Column - Binding column: Ejb3Column{table=org.hibernate.mapping.Table(course_pre), mappingColumn=users, insertable=true, updatable=true, unique=false}
2020-03-14 21:56:59.293 [main] DEBUG o.h.cfg.annotations.PropertyBinder - MetadataSourceProcessor property users with lazy=false
2020-03-14 21:56:59.293 [main] DEBUG o.h.cfg.AbstractPropertyHolder - Attempting to locate auto-apply AttributeConverter for property [com.ningmeng.framework.domain.course.CoursePre:users]
2020-03-14 21:56:59.293 [main] DEBUG o.h.c.annotations.SimpleValueBinder - building SimpleValue for users
2020-03-14 21:56:59.293 [main] DEBUG o.h.cfg.annotations.PropertyBinder - Building property users
2020-03-14 21:56:59.294 [main] DEBUG org.hibernate.cfg.Ejb3Column - Binding column: Ejb3Column{table=org.hibernate.mapping.Table(course_pre), mappingColumn=valid, insertable=true, updatable=true, unique=false}
2020-03-14 21:56:59.294 [main] DEBUG o.h.cfg.annotations.PropertyBinder - MetadataSourceProcessor property valid with lazy=false
2020-03-14 21:56:59.294 [main] DEBUG o.h.cfg.AbstractPropertyHolder - Attempting to locate auto-apply AttributeConverter for property [com.ningmeng.framework.domain.course.CoursePre:valid]
2020-03-14 21:56:59.294 [main] DEBUG o.h.c.annotations.SimpleValueBinder - building SimpleValue for valid
2020-03-14 21:56:59.294 [main] DEBUG o.h.cfg.annotations.PropertyBinder - Building property valid
2020-03-14 21:56:59.298 [main] DEBUG org.hibernate.cfg.AnnotationBinder - Binding entity from annotated class: com.ningmeng.framework.domain.course.Teachplan
2020-03-14 21:56:59.299 [main] DEBUG org.hibernate.cfg.Ejb3Column - Binding column: Ejb3DiscriminatorColumn{logicalColumnName'DTYPE', discriminatorTypeName='string'}
2020-03-14 21:56:59.300 [main] DEBUG o.h.cfg.annotations.EntityBinder - Import with entity name Teachplan
2020-03-14 21:56:59.302 [main] DEBUG o.h.cfg.annotations.EntityBinder - Bind entity com.ningmeng.framework.domain.course.Teachplan on table teachplan
2020-03-14 21:56:59.305 [main] DEBUG org.hibernate.cfg.Ejb3Column - Binding column: Ejb3Column{table=org.hibernate.mapping.Table(teachplan), mappingColumn=id, insertable=true, updatable=true, unique=false}
2020-03-14 21:56:59.305 [main] DEBUG o.h.cfg.annotations.PropertyBinder - MetadataSourceProcessor property id with lazy=false
2020-03-14 21:56:59.306 [main] DEBUG o.h.cfg.AbstractPropertyHolder - Attempting to locate auto-apply AttributeConverter for property [com.ningmeng.framework.domain.course.Teachplan:id]
2020-03-14 21:56:59.306 [main] DEBUG o.h.c.annotations.SimpleValueBinder - building SimpleValue for id
2020-03-14 21:56:59.306 [main] DEBUG o.h.cfg.annotations.PropertyBinder - Building property id
2020-03-14 21:56:59.307 [main] DEBUG org.hibernate.cfg.Ejb3Column - Binding column: Ejb3Column{table=org.hibernate.mapping.Table(teachplan), mappingColumn=courseid, insertable=true, updatable=true, unique=false}
2020-03-14 21:56:59.307 [main] DEBUG o.h.cfg.annotations.PropertyBinder - MetadataSourceProcessor property courseid with lazy=false
2020-03-14 21:56:59.307 [main] DEBUG o.h.cfg.AbstractPropertyHolder - Attempting to locate auto-apply AttributeConverter for property [com.ningmeng.framework.domain.course.Teachplan:courseid]
2020-03-14 21:56:59.307 [main] DEBUG o.h.c.annotations.SimpleValueBinder - building SimpleValue for courseid
2020-03-14 21:56:59.308 [main] DEBUG o.h.cfg.annotations.PropertyBinder - Building property courseid
2020-03-14 21:56:59.308 [main] DEBUG org.hibernate.cfg.Ejb3Column - Binding column: Ejb3Column{table=org.hibernate.mapping.Table(teachplan), mappingColumn=description, insertable=true, updatable=true, unique=false}
2020-03-14 21:56:59.308 [main] DEBUG o.h.cfg.annotations.PropertyBinder - MetadataSourceProcessor property description with lazy=false
2020-03-14 21:56:59.308 [main] DEBUG o.h.cfg.AbstractPropertyHolder - Attempting to locate auto-apply AttributeConverter for property [com.ningmeng.framework.domain.course.Teachplan:description]
2020-03-14 21:56:59.308 [main] DEBUG o.h.c.annotations.SimpleValueBinder - building SimpleValue for description
2020-03-14 21:56:59.308 [main] DEBUG o.h.cfg.annotations.PropertyBinder - Building property description
2020-03-14 21:56:59.309 [main] DEBUG org.hibernate.cfg.Ejb3Column - Binding column: Ejb3Column{table=org.hibernate.mapping.Table(teachplan), mappingColumn=grade, insertable=true, updatable=true, unique=false}
2020-03-14 21:56:59.309 [main] DEBUG o.h.cfg.annotations.PropertyBinder - MetadataSourceProcessor property grade with lazy=false
2020-03-14 21:56:59.309 [main] DEBUG o.h.cfg.AbstractPropertyHolder - Attempting to locate auto-apply AttributeConverter for property [com.ningmeng.framework.domain.course.Teachplan:grade]
2020-03-14 21:56:59.309 [main] DEBUG o.h.c.annotations.SimpleValueBinder - building SimpleValue for grade
2020-03-14 21:56:59.309 [main] DEBUG o.h.cfg.annotations.PropertyBinder - Building property grade
2020-03-14 21:56:59.309 [main] DEBUG org.hibernate.cfg.Ejb3Column - Binding column: Ejb3Column{table=org.hibernate.mapping.Table(teachplan), mappingColumn=orderby, insertable=true, updatable=true, unique=false}
2020-03-14 21:56:59.309 [main] DEBUG o.h.cfg.annotations.PropertyBinder - MetadataSourceProcessor property orderby with lazy=false
2020-03-14 21:56:59.309 [main] DEBUG o.h.cfg.AbstractPropertyHolder - Attempting to locate auto-apply AttributeConverter for property [com.ningmeng.framework.domain.course.Teachplan:orderby]
2020-03-14 21:56:59.310 [main] DEBUG o.h.c.annotations.SimpleValueBinder - building SimpleValue for orderby
2020-03-14 21:56:59.310 [main] DEBUG o.h.cfg.annotations.PropertyBinder - Building property orderby
2020-03-14 21:56:59.310 [main] DEBUG org.hibernate.cfg.Ejb3Column - Binding column: Ejb3Column{table=org.hibernate.mapping.Table(teachplan), mappingColumn=parentid, insertable=true, updatable=true, unique=false}
2020-03-14 21:56:59.311 [main] DEBUG o.h.cfg.annotations.PropertyBinder - MetadataSourceProcessor property parentid with lazy=false
2020-03-14 21:56:59.311 [main] DEBUG o.h.cfg.AbstractPropertyHolder - Attempting to locate auto-apply AttributeConverter for property [com.ningmeng.framework.domain.course.Teachplan:parentid]
2020-03-14 21:56:59.311 [main] DEBUG o.h.c.annotations.SimpleValueBinder - building SimpleValue for parentid
2020-03-14 21:56:59.311 [main] DEBUG o.h.cfg.annotations.PropertyBinder - Building property parentid
2020-03-14 21:56:59.311 [main] DEBUG org.hibernate.cfg.Ejb3Column - Binding column: Ejb3Column{table=org.hibernate.mapping.Table(teachplan), mappingColumn=pname, insertable=true, updatable=true, unique=false}
2020-03-14 21:56:59.311 [main] DEBUG o.h.cfg.annotations.PropertyBinder - MetadataSourceProcessor property pname with lazy=false
2020-03-14 21:56:59.311 [main] DEBUG o.h.cfg.AbstractPropertyHolder - Attempting to locate auto-apply AttributeConverter for property [com.ningmeng.framework.domain.course.Teachplan:pname]
2020-03-14 21:56:59.311 [main] DEBUG o.h.c.annotations.SimpleValueBinder - building SimpleValue for pname
2020-03-14 21:56:59.312 [main] DEBUG o.h.cfg.annotations.PropertyBinder - Building property pname
2020-03-14 21:56:59.312 [main] DEBUG org.hibernate.cfg.Ejb3Column - Binding column: Ejb3Column{table=org.hibernate.mapping.Table(teachplan), mappingColumn=ptype, insertable=true, updatable=true, unique=false}
2020-03-14 21:56:59.313 [main] DEBUG o.h.cfg.annotations.PropertyBinder - MetadataSourceProcessor property ptype with lazy=false
2020-03-14 21:56:59.313 [main] DEBUG o.h.cfg.AbstractPropertyHolder - Attempting to locate auto-apply AttributeConverter for property [com.ningmeng.framework.domain.course.Teachplan:ptype]
2020-03-14 21:56:59.313 [main] DEBUG o.h.c.annotations.SimpleValueBinder - building SimpleValue for ptype
2020-03-14 21:56:59.313 [main] DEBUG o.h.cfg.annotations.PropertyBinder - Building property ptype
2020-03-14 21:56:59.313 [main] DEBUG org.hibernate.cfg.Ejb3Column - Binding column: Ejb3Column{table=org.hibernate.mapping.Table(teachplan), mappingColumn=status, insertable=true, updatable=true, unique=false}
2020-03-14 21:56:59.313 [main] DEBUG o.h.cfg.annotations.PropertyBinder - MetadataSourceProcessor property status with lazy=false
2020-03-14 21:56:59.314 [main] DEBUG o.h.cfg.AbstractPropertyHolder - Attempting to locate auto-apply AttributeConverter for property [com.ningmeng.framework.domain.course.Teachplan:status]
2020-03-14 21:56:59.314 [main] DEBUG o.h.c.annotations.SimpleValueBinder - building SimpleValue for status
2020-03-14 21:56:59.314 [main] DEBUG o.h.cfg.annotations.PropertyBinder - Building property status
2020-03-14 21:56:59.314 [main] DEBUG org.hibernate.cfg.Ejb3Column - Binding column: Ejb3Column{table=org.hibernate.mapping.Table(teachplan), mappingColumn=timelength, insertable=true, updatable=true, unique=false}
2020-03-14 21:56:59.314 [main] DEBUG o.h.cfg.annotations.PropertyBinder - MetadataSourceProcessor property timelength with lazy=false
2020-03-14 21:56:59.314 [main] DEBUG o.h.cfg.AbstractPropertyHolder - Attempting to locate auto-apply AttributeConverter for property [com.ningmeng.framework.domain.course.Teachplan:timelength]
2020-03-14 21:56:59.314 [main] DEBUG o.h.c.annotations.SimpleValueBinder - building SimpleValue for timelength
2020-03-14 21:56:59.314 [main] DEBUG o.h.cfg.annotations.PropertyBinder - Building property timelength
2020-03-14 21:56:59.315 [main] DEBUG org.hibernate.cfg.Ejb3Column - Binding column: Ejb3Column{table=org.hibernate.mapping.Table(teachplan), mappingColumn=trylearn, insertable=true, updatable=true, unique=false}
2020-03-14 21:56:59.315 [main] DEBUG o.h.cfg.annotations.PropertyBinder - MetadataSourceProcessor property trylearn with lazy=false
2020-03-14 21:56:59.315 [main] DEBUG o.h.cfg.AbstractPropertyHolder - Attempting to locate auto-apply AttributeConverter for property [com.ningmeng.framework.domain.course.Teachplan:trylearn]
2020-03-14 21:56:59.315 [main] DEBUG o.h.c.annotations.SimpleValueBinder - building SimpleValue for trylearn
2020-03-14 21:56:59.315 [main] DEBUG o.h.cfg.annotations.PropertyBinder - Building property trylearn
2020-03-14 21:56:59.315 [main] DEBUG org.hibernate.cfg.AnnotationBinder - Binding entity from annotated class: com.ningmeng.framework.domain.course.Category
2020-03-14 21:56:59.315 [main] DEBUG org.hibernate.cfg.Ejb3Column - Binding column: Ejb3DiscriminatorColumn{logicalColumnName'DTYPE', discriminatorTypeName='string'}
2020-03-14 21:56:59.315 [main] DEBUG o.h.cfg.annotations.EntityBinder - Import with entity name Category
2020-03-14 21:56:59.316 [main] DEBUG o.h.cfg.annotations.EntityBinder - Bind entity com.ningmeng.framework.domain.course.Category on table category
2020-03-14 21:56:59.317 [main] DEBUG org.hibernate.cfg.Ejb3Column - Binding column: Ejb3Column{table=org.hibernate.mapping.Table(category), mappingColumn=id, insertable=true, updatable=true, unique=false}
2020-03-14 21:56:59.317 [main] DEBUG o.h.cfg.annotations.PropertyBinder - MetadataSourceProcessor property id with lazy=false
2020-03-14 21:56:59.317 [main] DEBUG o.h.cfg.AbstractPropertyHolder - Attempting to locate auto-apply AttributeConverter for property [com.ningmeng.framework.domain.course.Category:id]
2020-03-14 21:56:59.317 [main] DEBUG o.h.c.annotations.SimpleValueBinder - building SimpleValue for id
2020-03-14 21:56:59.317 [main] DEBUG o.h.cfg.annotations.PropertyBinder - Building property id
2020-03-14 21:56:59.318 [main] DEBUG org.hibernate.cfg.Ejb3Column - Binding column: Ejb3Column{table=org.hibernate.mapping.Table(category), mappingColumn=isleaf, insertable=true, updatable=true, unique=false}
2020-03-14 21:56:59.318 [main] DEBUG o.h.cfg.annotations.PropertyBinder - MetadataSourceProcessor property isleaf with lazy=false
2020-03-14 21:56:59.318 [main] DEBUG o.h.cfg.AbstractPropertyHolder - Attempting to locate auto-apply AttributeConverter for property [com.ningmeng.framework.domain.course.Category:isleaf]
2020-03-14 21:56:59.318 [main] DEBUG o.h.c.annotations.SimpleValueBinder - building SimpleValue for isleaf
2020-03-14 21:56:59.318 [main] DEBUG o.h.cfg.annotations.PropertyBinder - Building property isleaf
2020-03-14 21:56:59.319 [main] DEBUG org.hibernate.cfg.Ejb3Column - Binding column: Ejb3Column{table=org.hibernate.mapping.Table(category), mappingColumn=isshow, insertable=true, updatable=true, unique=false}
2020-03-14 21:56:59.319 [main] DEBUG o.h.cfg.annotations.PropertyBinder - MetadataSourceProcessor property isshow with lazy=false
2020-03-14 21:56:59.319 [main] DEBUG o.h.cfg.AbstractPropertyHolder - Attempting to locate auto-apply AttributeConverter for property [com.ningmeng.framework.domain.course.Category:isshow]
2020-03-14 21:56:59.319 [main] DEBUG o.h.c.annotations.SimpleValueBinder - building SimpleValue for isshow
2020-03-14 21:56:59.319 [main] DEBUG o.h.cfg.annotations.PropertyBinder - Building property isshow
2020-03-14 21:56:59.319 [main] DEBUG org.hibernate.cfg.Ejb3Column - Binding column: Ejb3Column{table=org.hibernate.mapping.Table(category), mappingColumn=label, insertable=true, updatable=true, unique=false}
2020-03-14 21:56:59.320 [main] DEBUG o.h.cfg.annotations.PropertyBinder - MetadataSourceProcessor property label with lazy=false
2020-03-14 21:56:59.320 [main] DEBUG o.h.cfg.AbstractPropertyHolder - Attempting to locate auto-apply AttributeConverter for property [com.ningmeng.framework.domain.course.Category:label]
2020-03-14 21:56:59.320 [main] DEBUG o.h.c.annotations.SimpleValueBinder - building SimpleValue for label
2020-03-14 21:56:59.320 [main] DEBUG o.h.cfg.annotations.PropertyBinder - Building property label
2020-03-14 21:56:59.320 [main] DEBUG org.hibernate.cfg.Ejb3Column - Binding column: Ejb3Column{table=org.hibernate.mapping.Table(category), mappingColumn=name, insertable=true, updatable=true, unique=false}
2020-03-14 21:56:59.320 [main] DEBUG o.h.cfg.annotations.PropertyBinder - MetadataSourceProcessor property name with lazy=false
2020-03-14 21:56:59.320 [main] DEBUG o.h.cfg.AbstractPropertyHolder - Attempting to locate auto-apply AttributeConverter for property [com.ningmeng.framework.domain.course.Category:name]
2020-03-14 21:56:59.321 [main] DEBUG o.h.c.annotations.SimpleValueBinder - building SimpleValue for name
2020-03-14 21:56:59.321 [main] DEBUG o.h.cfg.annotations.PropertyBinder - Building property name
2020-03-14 21:56:59.321 [main] DEBUG org.hibernate.cfg.Ejb3Column - Binding column: Ejb3Column{table=org.hibernate.mapping.Table(category), mappingColumn=orderby, insertable=true, updatable=true, unique=false}
2020-03-14 21:56:59.321 [main] DEBUG o.h.cfg.annotations.PropertyBinder - MetadataSourceProcessor property orderby with lazy=false
2020-03-14 21:56:59.321 [main] DEBUG o.h.cfg.AbstractPropertyHolder - Attempting to locate auto-apply AttributeConverter for property [com.ningmeng.framework.domain.course.Category:orderby]
2020-03-14 21:56:59.321 [main] DEBUG o.h.c.annotations.SimpleValueBinder - building SimpleValue for orderby
2020-03-14 21:56:59.321 [main] DEBUG o.h.cfg.annotations.PropertyBinder - Building property orderby
2020-03-14 21:56:59.321 [main] DEBUG org.hibernate.cfg.Ejb3Column - Binding column: Ejb3Column{table=org.hibernate.mapping.Table(category), mappingColumn=parentid, insertable=true, updatable=true, unique=false}
2020-03-14 21:56:59.321 [main] DEBUG o.h.cfg.annotations.PropertyBinder - MetadataSourceProcessor property parentid with lazy=false
2020-03-14 21:56:59.321 [main] DEBUG o.h.cfg.AbstractPropertyHolder - Attempting to locate auto-apply AttributeConverter for property [com.ningmeng.framework.domain.course.Category:parentid]
2020-03-14 21:56:59.322 [main] DEBUG o.h.c.annotations.SimpleValueBinder - building SimpleValue for parentid
2020-03-14 21:56:59.322 [main] DEBUG o.h.cfg.annotations.PropertyBinder - Building property parentid
2020-03-14 21:56:59.322 [main] DEBUG org.hibernate.cfg.AnnotationBinder - Binding entity from annotated class: com.ningmeng.framework.domain.course.CourseBase
2020-03-14 21:56:59.322 [main] DEBUG org.hibernate.cfg.Ejb3Column - Binding column: Ejb3DiscriminatorColumn{logicalColumnName'DTYPE', discriminatorTypeName='string'}
2020-03-14 21:56:59.322 [main] DEBUG o.h.cfg.annotations.EntityBinder - Import with entity name CourseBase
2020-03-14 21:56:59.323 [main] DEBUG o.h.cfg.annotations.EntityBinder - Bind entity com.ningmeng.framework.domain.course.CourseBase on table course_base
2020-03-14 21:56:59.326 [main] DEBUG org.hibernate.cfg.Ejb3Column - Binding column: Ejb3Column{table=org.hibernate.mapping.Table(course_base), mappingColumn=id, insertable=true, updatable=true, unique=false}
2020-03-14 21:56:59.327 [main] DEBUG o.h.cfg.annotations.PropertyBinder - MetadataSourceProcessor property id with lazy=false
2020-03-14 21:56:59.327 [main] DEBUG o.h.cfg.AbstractPropertyHolder - Attempting to locate auto-apply AttributeConverter for property [com.ningmeng.framework.domain.course.CourseBase:id]
2020-03-14 21:56:59.327 [main] DEBUG o.h.c.annotations.SimpleValueBinder - building SimpleValue for id
2020-03-14 21:56:59.327 [main] DEBUG o.h.cfg.annotations.PropertyBinder - Building property id
2020-03-14 21:56:59.328 [main] DEBUG org.hibernate.cfg.Ejb3Column - Binding column: Ejb3Column{table=org.hibernate.mapping.Table(course_base), mappingColumn=company_id, insertable=true, updatable=true, unique=false}
2020-03-14 21:56:59.328 [main] DEBUG o.h.cfg.annotations.PropertyBinder - MetadataSourceProcessor property companyId with lazy=false
2020-03-14 21:56:59.328 [main] DEBUG o.h.cfg.AbstractPropertyHolder - Attempting to locate auto-apply AttributeConverter for property [com.ningmeng.framework.domain.course.CourseBase:companyId]
2020-03-14 21:56:59.328 [main] DEBUG o.h.c.annotations.SimpleValueBinder - building SimpleValue for companyId
2020-03-14 21:56:59.328 [main] DEBUG o.h.cfg.annotations.PropertyBinder - Building property companyId
2020-03-14 21:56:59.329 [main] DEBUG org.hibernate.cfg.Ejb3Column - Binding column: Ejb3Column{table=org.hibernate.mapping.Table(course_base), mappingColumn=description, insertable=true, updatable=true, unique=false}
2020-03-14 21:56:59.329 [main] DEBUG o.h.cfg.annotations.PropertyBinder - MetadataSourceProcessor property description with lazy=false
2020-03-14 21:56:59.329 [main] DEBUG o.h.cfg.AbstractPropertyHolder - Attempting to locate auto-apply AttributeConverter for property [com.ningmeng.framework.domain.course.CourseBase:description]
2020-03-14 21:56:59.329 [main] DEBUG o.h.c.annotations.SimpleValueBinder - building SimpleValue for description
2020-03-14 21:56:59.329 [main] DEBUG o.h.cfg.annotations.PropertyBinder - Building property description
2020-03-14 21:56:59.330 [main] DEBUG org.hibernate.cfg.Ejb3Column - Binding column: Ejb3Column{table=org.hibernate.mapping.Table(course_base), mappingColumn=grade, insertable=true, updatable=true, unique=false}
2020-03-14 21:56:59.330 [main] DEBUG o.h.cfg.annotations.PropertyBinder - MetadataSourceProcessor property grade with lazy=false
2020-03-14 21:56:59.331 [main] DEBUG o.h.cfg.AbstractPropertyHolder - Attempting to locate auto-apply AttributeConverter for property [com.ningmeng.framework.domain.course.CourseBase:grade]
2020-03-14 21:56:59.331 [main] DEBUG o.h.c.annotations.SimpleValueBinder - building SimpleValue for grade
2020-03-14 21:56:59.331 [main] DEBUG o.h.cfg.annotations.PropertyBinder - Building property grade
2020-03-14 21:56:59.332 [main] DEBUG org.hibernate.cfg.Ejb3Column - Binding column: Ejb3Column{table=org.hibernate.mapping.Table(course_base), mappingColumn=mt, insertable=true, updatable=true, unique=false}
2020-03-14 21:56:59.332 [main] DEBUG o.h.cfg.annotations.PropertyBinder - MetadataSourceProcessor property mt with lazy=false
2020-03-14 21:56:59.332 [main] DEBUG o.h.cfg.AbstractPropertyHolder - Attempting to locate auto-apply AttributeConverter for property [com.ningmeng.framework.domain.course.CourseBase:mt]
2020-03-14 21:56:59.332 [main] DEBUG o.h.c.annotations.SimpleValueBinder - building SimpleValue for mt
2020-03-14 21:56:59.333 [main] DEBUG o.h.cfg.annotations.PropertyBinder - Building property mt
2020-03-14 21:56:59.333 [main] DEBUG org.hibernate.cfg.Ejb3Column - Binding column: Ejb3Column{table=org.hibernate.mapping.Table(course_base), mappingColumn=name, insertable=true, updatable=true, unique=false}
2020-03-14 21:56:59.333 [main] DEBUG o.h.cfg.annotations.PropertyBinder - MetadataSourceProcessor property name with lazy=false
2020-03-14 21:56:59.333 [main] DEBUG o.h.cfg.AbstractPropertyHolder - Attempting to locate auto-apply AttributeConverter for property [com.ningmeng.framework.domain.course.CourseBase:name]
2020-03-14 21:56:59.335 [main] DEBUG o.h.c.annotations.SimpleValueBinder - building SimpleValue for name
2020-03-14 21:56:59.335 [main] DEBUG o.h.cfg.annotations.PropertyBinder - Building property name
2020-03-14 21:56:59.335 [main] DEBUG org.hibernate.cfg.Ejb3Column - Binding column: Ejb3Column{table=org.hibernate.mapping.Table(course_base), mappingColumn=st, insertable=true, updatable=true, unique=false}
2020-03-14 21:56:59.336 [main] DEBUG o.h.cfg.annotations.PropertyBinder - MetadataSourceProcessor property st with lazy=false
2020-03-14 21:56:59.336 [main] DEBUG o.h.cfg.AbstractPropertyHolder - Attempting to locate auto-apply AttributeConverter for property [com.ningmeng.framework.domain.course.CourseBase:st]
2020-03-14 21:56:59.336 [main] DEBUG o.h.c.annotations.SimpleValueBinder - building SimpleValue for st
2020-03-14 21:56:59.336 [main] DEBUG o.h.cfg.annotations.PropertyBinder - Building property st
2020-03-14 21:56:59.336 [main] DEBUG org.hibernate.cfg.Ejb3Column - Binding column: Ejb3Column{table=org.hibernate.mapping.Table(course_base), mappingColumn=status, insertable=true, updatable=true, unique=false}
2020-03-14 21:56:59.336 [main] DEBUG o.h.cfg.annotations.PropertyBinder - MetadataSourceProcessor property status with lazy=false
2020-03-14 21:56:59.336 [main] DEBUG o.h.cfg.AbstractPropertyHolder - Attempting to locate auto-apply AttributeConverter for property [com.ningmeng.framework.domain.course.CourseBase:status]
2020-03-14 21:56:59.336 [main] DEBUG o.h.c.annotations.SimpleValueBinder - building SimpleValue for status
2020-03-14 21:56:59.336 [main] DEBUG o.h.cfg.annotations.PropertyBinder - Building property status
2020-03-14 21:56:59.337 [main] DEBUG org.hibernate.cfg.Ejb3Column - Binding column: Ejb3Column{table=org.hibernate.mapping.Table(course_base), mappingColumn=studymodel, insertable=true, updatable=true, unique=false}
2020-03-14 21:56:59.337 [main] DEBUG o.h.cfg.annotations.PropertyBinder - MetadataSourceProcessor property studymodel with lazy=false
2020-03-14 21:56:59.337 [main] DEBUG o.h.cfg.AbstractPropertyHolder - Attempting to locate auto-apply AttributeConverter for property [com.ningmeng.framework.domain.course.CourseBase:studymodel]
2020-03-14 21:56:59.337 [main] DEBUG o.h.c.annotations.SimpleValueBinder - building SimpleValue for studymodel
2020-03-14 21:56:59.337 [main] DEBUG o.h.cfg.annotations.PropertyBinder - Building property studymodel
2020-03-14 21:56:59.337 [main] DEBUG org.hibernate.cfg.Ejb3Column - Binding column: Ejb3Column{table=org.hibernate.mapping.Table(course_base), mappingColumn=teachmode, insertable=true, updatable=true, unique=false}
2020-03-14 21:56:59.337 [main] DEBUG o.h.cfg.annotations.PropertyBinder - MetadataSourceProcessor property teachmode with lazy=false
2020-03-14 21:56:59.337 [main] DEBUG o.h.cfg.AbstractPropertyHolder - Attempting to locate auto-apply AttributeConverter for property [com.ningmeng.framework.domain.course.CourseBase:teachmode]
2020-03-14 21:56:59.337 [main] DEBUG o.h.c.annotations.SimpleValueBinder - building SimpleValue for teachmode
2020-03-14 21:56:59.338 [main] DEBUG o.h.cfg.annotations.PropertyBinder - Building property teachmode
2020-03-14 21:56:59.338 [main] DEBUG org.hibernate.cfg.Ejb3Column - Binding column: Ejb3Column{table=org.hibernate.mapping.Table(course_base), mappingColumn=user_id, insertable=true, updatable=true, unique=false}
2020-03-14 21:56:59.338 [main] DEBUG o.h.cfg.annotations.PropertyBinder - MetadataSourceProcessor property userId with lazy=false
2020-03-14 21:56:59.338 [main] DEBUG o.h.cfg.AbstractPropertyHolder - Attempting to locate auto-apply AttributeConverter for property [com.ningmeng.framework.domain.course.CourseBase:userId]
2020-03-14 21:56:59.338 [main] DEBUG o.h.c.annotations.SimpleValueBinder - building SimpleValue for userId
2020-03-14 21:56:59.338 [main] DEBUG o.h.cfg.annotations.PropertyBinder - Building property userId
2020-03-14 21:56:59.339 [main] DEBUG org.hibernate.cfg.Ejb3Column - Binding column: Ejb3Column{table=org.hibernate.mapping.Table(course_base), mappingColumn=users, insertable=true, updatable=true, unique=false}
2020-03-14 21:56:59.339 [main] DEBUG o.h.cfg.annotations.PropertyBinder - MetadataSourceProcessor property users with lazy=false
2020-03-14 21:56:59.339 [main] DEBUG o.h.cfg.AbstractPropertyHolder - Attempting to locate auto-apply AttributeConverter for property [com.ningmeng.framework.domain.course.CourseBase:users]
2020-03-14 21:56:59.339 [main] DEBUG o.h.c.annotations.SimpleValueBinder - building SimpleValue for users
2020-03-14 21:56:59.339 [main] DEBUG o.h.cfg.annotations.PropertyBinder - Building property users
2020-03-14 21:56:59.339 [main] DEBUG org.hibernate.cfg.AnnotationBinder - Binding entity from annotated class: com.ningmeng.framework.domain.course.TeachplanMedia
2020-03-14 21:56:59.339 [main] DEBUG org.hibernate.cfg.Ejb3Column - Binding column: Ejb3DiscriminatorColumn{logicalColumnName'DTYPE', discriminatorTypeName='string'}
2020-03-14 21:56:59.340 [main] DEBUG o.h.cfg.annotations.EntityBinder - Import with entity name TeachplanMedia
2020-03-14 21:56:59.340 [main] DEBUG o.h.cfg.annotations.EntityBinder - Bind entity com.ningmeng.framework.domain.course.TeachplanMedia on table teachplan_media
2020-03-14 21:56:59.341 [main] DEBUG org.hibernate.cfg.Ejb3Column - Binding column: Ejb3Column{table=org.hibernate.mapping.Table(teachplan_media), mappingColumn=teachplan_id, insertable=true, updatable=true, unique=false}
2020-03-14 21:56:59.341 [main] DEBUG o.h.cfg.annotations.PropertyBinder - MetadataSourceProcessor property teachplanId with lazy=false
2020-03-14 21:56:59.342 [main] DEBUG o.h.cfg.AbstractPropertyHolder - Attempting to locate auto-apply AttributeConverter for property [com.ningmeng.framework.domain.course.TeachplanMedia:teachplanId]
2020-03-14 21:56:59.342 [main] DEBUG o.h.c.annotations.SimpleValueBinder - building SimpleValue for teachplanId
2020-03-14 21:56:59.342 [main] DEBUG o.h.cfg.annotations.PropertyBinder - Building property teachplanId
2020-03-14 21:56:59.342 [main] DEBUG org.hibernate.cfg.Ejb3Column - Binding column: Ejb3Column{table=org.hibernate.mapping.Table(teachplan_media), mappingColumn=courseid, insertable=true, updatable=true, unique=false}
2020-03-14 21:56:59.342 [main] DEBUG o.h.cfg.annotations.PropertyBinder - MetadataSourceProcessor property courseId with lazy=false
2020-03-14 21:56:59.342 [main] DEBUG o.h.cfg.AbstractPropertyHolder - Attempting to locate auto-apply AttributeConverter for property [com.ningmeng.framework.domain.course.TeachplanMedia:courseId]
2020-03-14 21:56:59.342 [main] DEBUG o.h.c.annotations.SimpleValueBinder - building SimpleValue for courseId
2020-03-14 21:56:59.343 [main] DEBUG o.h.cfg.annotations.PropertyBinder - Building property courseId
2020-03-14 21:56:59.343 [main] DEBUG org.hibernate.cfg.Ejb3Column - Binding column: Ejb3Column{table=org.hibernate.mapping.Table(teachplan_media), mappingColumn=media_fileoriginalname, insertable=true, updatable=true, unique=false}
2020-03-14 21:56:59.343 [main] DEBUG o.h.cfg.annotations.PropertyBinder - MetadataSourceProcessor property mediaFileOriginalName with lazy=false
2020-03-14 21:56:59.343 [main] DEBUG o.h.cfg.AbstractPropertyHolder - Attempting to locate auto-apply AttributeConverter for property [com.ningmeng.framework.domain.course.TeachplanMedia:mediaFileOriginalName]
2020-03-14 21:56:59.343 [main] DEBUG o.h.c.annotations.SimpleValueBinder - building SimpleValue for mediaFileOriginalName
2020-03-14 21:56:59.343 [main] DEBUG o.h.cfg.annotations.PropertyBinder - Building property mediaFileOriginalName
2020-03-14 21:56:59.343 [main] DEBUG org.hibernate.cfg.Ejb3Column - Binding column: Ejb3Column{table=org.hibernate.mapping.Table(teachplan_media), mappingColumn=media_id, insertable=true, updatable=true, unique=false}
2020-03-14 21:56:59.344 [main] DEBUG o.h.cfg.annotations.PropertyBinder - MetadataSourceProcessor property mediaId with lazy=false
2020-03-14 21:56:59.344 [main] DEBUG o.h.cfg.AbstractPropertyHolder - Attempting to locate auto-apply AttributeConverter for property [com.ningmeng.framework.domain.course.TeachplanMedia:mediaId]
2020-03-14 21:56:59.344 [main] DEBUG o.h.c.annotations.SimpleValueBinder - building SimpleValue for mediaId
2020-03-14 21:56:59.344 [main] DEBUG o.h.cfg.annotations.PropertyBinder - Building property mediaId
2020-03-14 21:56:59.344 [main] DEBUG org.hibernate.cfg.Ejb3Column - Binding column: Ejb3Column{table=org.hibernate.mapping.Table(teachplan_media), mappingColumn=media_url, insertable=true, updatable=true, unique=false}
2020-03-14 21:56:59.344 [main] DEBUG o.h.cfg.annotations.PropertyBinder - MetadataSourceProcessor property mediaUrl with lazy=false
2020-03-14 21:56:59.344 [main] DEBUG o.h.cfg.AbstractPropertyHolder - Attempting to locate auto-apply AttributeConverter for property [com.ningmeng.framework.domain.course.TeachplanMedia:mediaUrl]
2020-03-14 21:56:59.344 [main] DEBUG o.h.c.annotations.SimpleValueBinder - building SimpleValue for mediaUrl
2020-03-14 21:56:59.345 [main] DEBUG o.h.cfg.annotations.PropertyBinder - Building property mediaUrl
2020-03-14 21:56:59.345 [main] DEBUG org.hibernate.cfg.AnnotationBinder - Binding entity from annotated class: com.ningmeng.framework.domain.course.CoursePic
2020-03-14 21:56:59.345 [main] DEBUG org.hibernate.cfg.Ejb3Column - Binding column: Ejb3DiscriminatorColumn{logicalColumnName'DTYPE', discriminatorTypeName='string'}
2020-03-14 21:56:59.345 [main] DEBUG o.h.cfg.annotations.EntityBinder - Import with entity name CoursePic
2020-03-14 21:56:59.345 [main] DEBUG o.h.cfg.annotations.EntityBinder - Bind entity com.ningmeng.framework.domain.course.CoursePic on table course_pic
2020-03-14 21:56:59.346 [main] DEBUG org.hibernate.cfg.Ejb3Column - Binding column: Ejb3Column{table=org.hibernate.mapping.Table(course_pic), mappingColumn=courseid, insertable=true, updatable=true, unique=false}
2020-03-14 21:56:59.346 [main] DEBUG o.h.cfg.annotations.PropertyBinder - MetadataSourceProcessor property courseid with lazy=false
2020-03-14 21:56:59.346 [main] DEBUG o.h.cfg.AbstractPropertyHolder - Attempting to locate auto-apply AttributeConverter for property [com.ningmeng.framework.domain.course.CoursePic:courseid]
2020-03-14 21:56:59.346 [main] DEBUG o.h.c.annotations.SimpleValueBinder - building SimpleValue for courseid
2020-03-14 21:56:59.346 [main] DEBUG o.h.cfg.annotations.PropertyBinder - Building property courseid
2020-03-14 21:56:59.347 [main] DEBUG org.hibernate.cfg.Ejb3Column - Binding column: Ejb3Column{table=org.hibernate.mapping.Table(course_pic), mappingColumn=pic, insertable=true, updatable=true, unique=false}
2020-03-14 21:56:59.347 [main] DEBUG o.h.cfg.annotations.PropertyBinder - MetadataSourceProcessor property pic with lazy=false
2020-03-14 21:56:59.347 [main] DEBUG o.h.cfg.AbstractPropertyHolder - Attempting to locate auto-apply AttributeConverter for property [com.ningmeng.framework.domain.course.CoursePic:pic]
2020-03-14 21:56:59.347 [main] DEBUG o.h.c.annotations.SimpleValueBinder - building SimpleValue for pic
2020-03-14 21:56:59.347 [main] DEBUG o.h.cfg.annotations.PropertyBinder - Building property pic
2020-03-14 21:56:59.347 [main] DEBUG org.hibernate.cfg.AnnotationBinder - Binding entity from annotated class: com.ningmeng.framework.domain.course.TeachplanMediaPub
2020-03-14 21:56:59.347 [main] DEBUG org.hibernate.cfg.Ejb3Column - Binding column: Ejb3DiscriminatorColumn{logicalColumnName'DTYPE', discriminatorTypeName='string'}
2020-03-14 21:56:59.347 [main] DEBUG o.h.cfg.annotations.EntityBinder - Import with entity name TeachplanMediaPub
2020-03-14 21:56:59.347 [main] DEBUG o.h.cfg.annotations.EntityBinder - Bind entity com.ningmeng.framework.domain.course.TeachplanMediaPub on table teachplan_media_pub
2020-03-14 21:56:59.349 [main] DEBUG org.hibernate.cfg.Ejb3Column - Binding column: Ejb3Column{table=org.hibernate.mapping.Table(teachplan_media_pub), mappingColumn=teachplan_id, insertable=true, updatable=true, unique=false}
2020-03-14 21:56:59.349 [main] DEBUG o.h.cfg.annotations.PropertyBinder - MetadataSourceProcessor property teachplanId with lazy=false
2020-03-14 21:56:59.349 [main] DEBUG o.h.cfg.AbstractPropertyHolder - Attempting to locate auto-apply AttributeConverter for property [com.ningmeng.framework.domain.course.TeachplanMediaPub:teachplanId]
2020-03-14 21:56:59.349 [main] DEBUG o.h.c.annotations.SimpleValueBinder - building SimpleValue for teachplanId
2020-03-14 21:56:59.350 [main] DEBUG o.h.cfg.annotations.PropertyBinder - Building property teachplanId
2020-03-14 21:56:59.350 [main] DEBUG org.hibernate.cfg.Ejb3Column - Binding column: Ejb3Column{table=org.hibernate.mapping.Table(teachplan_media_pub), mappingColumn=courseid, insertable=true, updatable=true, unique=false}
2020-03-14 21:56:59.350 [main] DEBUG o.h.cfg.annotations.PropertyBinder - MetadataSourceProcessor property courseId with lazy=false
2020-03-14 21:56:59.351 [main] DEBUG o.h.cfg.AbstractPropertyHolder - Attempting to locate auto-apply AttributeConverter for property [com.ningmeng.framework.domain.course.TeachplanMediaPub:courseId]
2020-03-14 21:56:59.352 [main] DEBUG o.h.c.annotations.SimpleValueBinder - building SimpleValue for courseId
2020-03-14 21:56:59.354 [main] DEBUG o.h.cfg.annotations.PropertyBinder - Building property courseId
2020-03-14 21:56:59.354 [main] DEBUG org.hibernate.cfg.Ejb3Column - Binding column: Ejb3Column{table=org.hibernate.mapping.Table(teachplan_media_pub), mappingColumn=media_fileoriginalname, insertable=true, updatable=true, unique=false}
2020-03-14 21:56:59.355 [main] DEBUG o.h.cfg.annotations.PropertyBinder - MetadataSourceProcessor property mediaFileOriginalName with lazy=false
2020-03-14 21:56:59.355 [main] DEBUG o.h.cfg.AbstractPropertyHolder - Attempting to locate auto-apply AttributeConverter for property [com.ningmeng.framework.domain.course.TeachplanMediaPub:mediaFileOriginalName]
2020-03-14 21:56:59.355 [main] DEBUG o.h.c.annotations.SimpleValueBinder - building SimpleValue for mediaFileOriginalName
2020-03-14 21:56:59.355 [main] DEBUG o.h.cfg.annotations.PropertyBinder - Building property mediaFileOriginalName
2020-03-14 21:56:59.355 [main] DEBUG org.hibernate.cfg.Ejb3Column - Binding column: Ejb3Column{table=org.hibernate.mapping.Table(teachplan_media_pub), mappingColumn=media_id, insertable=true, updatable=true, unique=false}
2020-03-14 21:56:59.355 [main] DEBUG o.h.cfg.annotations.PropertyBinder - MetadataSourceProcessor property mediaId with lazy=false
2020-03-14 21:56:59.355 [main] DEBUG o.h.cfg.AbstractPropertyHolder - Attempting to locate auto-apply AttributeConverter for property [com.ningmeng.framework.domain.course.TeachplanMediaPub:mediaId]
2020-03-14 21:56:59.356 [main] DEBUG o.h.c.annotations.SimpleValueBinder - building SimpleValue for mediaId
2020-03-14 21:56:59.356 [main] DEBUG o.h.cfg.annotations.PropertyBinder - Building property mediaId
2020-03-14 21:56:59.356 [main] DEBUG org.hibernate.cfg.Ejb3Column - Binding column: Ejb3Column{table=org.hibernate.mapping.Table(teachplan_media_pub), mappingColumn=media_url, insertable=true, updatable=true, unique=false}
2020-03-14 21:56:59.356 [main] DEBUG o.h.cfg.annotations.PropertyBinder - MetadataSourceProcessor property mediaUrl with lazy=false
2020-03-14 21:56:59.356 [main] DEBUG o.h.cfg.AbstractPropertyHolder - Attempting to locate auto-apply AttributeConverter for property [com.ningmeng.framework.domain.course.TeachplanMediaPub:mediaUrl]
2020-03-14 21:56:59.356 [main] DEBUG o.h.c.annotations.SimpleValueBinder - building SimpleValue for mediaUrl
2020-03-14 21:56:59.356 [main] DEBUG o.h.cfg.annotations.PropertyBinder - Building property mediaUrl
2020-03-14 21:56:59.357 [main] DEBUG org.hibernate.cfg.Ejb3Column - Binding column: Ejb3Column{table=org.hibernate.mapping.Table(teachplan_media_pub), mappingColumn=timestamp, insertable=true, updatable=true, unique=false}
2020-03-14 21:56:59.357 [main] DEBUG o.h.cfg.annotations.PropertyBinder - MetadataSourceProcessor property timestamp with lazy=false
2020-03-14 21:56:59.357 [main] DEBUG o.h.cfg.AbstractPropertyHolder - Attempting to locate auto-apply AttributeConverter for property [com.ningmeng.framework.domain.course.TeachplanMediaPub:timestamp]
2020-03-14 21:56:59.357 [main] DEBUG o.h.c.annotations.SimpleValueBinder - building SimpleValue for timestamp
2020-03-14 21:56:59.357 [main] DEBUG o.h.cfg.annotations.PropertyBinder - Building property timestamp
2020-03-14 21:56:59.357 [main] DEBUG org.hibernate.cfg.AnnotationBinder - Binding entity from annotated class: com.ningmeng.framework.domain.course.CourseMarket
2020-03-14 21:56:59.357 [main] DEBUG org.hibernate.cfg.Ejb3Column - Binding column: Ejb3DiscriminatorColumn{logicalColumnName'DTYPE', discriminatorTypeName='string'}
2020-03-14 21:56:59.358 [main] DEBUG o.h.cfg.annotations.EntityBinder - Import with entity name CourseMarket
2020-03-14 21:56:59.358 [main] DEBUG o.h.cfg.annotations.EntityBinder - Bind entity com.ningmeng.framework.domain.course.CourseMarket on table course_market
2020-03-14 21:56:59.362 [main] DEBUG org.hibernate.cfg.Ejb3Column - Binding column: Ejb3Column{table=org.hibernate.mapping.Table(course_market), mappingColumn=id, insertable=true, updatable=true, unique=false}
2020-03-14 21:56:59.363 [main] DEBUG o.h.cfg.annotations.PropertyBinder - MetadataSourceProcessor property id with lazy=false
2020-03-14 21:56:59.364 [main] DEBUG o.h.cfg.AbstractPropertyHolder - Attempting to locate auto-apply AttributeConverter for property [com.ningmeng.framework.domain.course.CourseMarket:id]
2020-03-14 21:56:59.366 [main] DEBUG o.h.c.annotations.SimpleValueBinder - building SimpleValue for id
2020-03-14 21:56:59.367 [main] DEBUG o.h.cfg.annotations.PropertyBinder - Building property id
2020-03-14 21:56:59.368 [main] DEBUG org.hibernate.cfg.Ejb3Column - Binding column: Ejb3Column{table=org.hibernate.mapping.Table(course_market), mappingColumn=charge, insertable=true, updatable=true, unique=false}
2020-03-14 21:56:59.368 [main] DEBUG o.h.cfg.annotations.PropertyBinder - MetadataSourceProcessor property charge with lazy=false
2020-03-14 21:56:59.368 [main] DEBUG o.h.cfg.AbstractPropertyHolder - Attempting to locate auto-apply AttributeConverter for property [com.ningmeng.framework.domain.course.CourseMarket:charge]
2020-03-14 21:56:59.368 [main] DEBUG o.h.c.annotations.SimpleValueBinder - building SimpleValue for charge
2020-03-14 21:56:59.369 [main] DEBUG o.h.cfg.annotations.PropertyBinder - Building property charge
2020-03-14 21:56:59.371 [main] DEBUG org.hibernate.cfg.Ejb3Column - Binding column: Ejb3Column{table=org.hibernate.mapping.Table(course_market), mappingColumn=end_time, insertable=true, updatable=true, unique=false}
2020-03-14 21:56:59.374 [main] DEBUG o.h.cfg.annotations.PropertyBinder - MetadataSourceProcessor property endTime with lazy=false
2020-03-14 21:56:59.374 [main] DEBUG o.h.cfg.AbstractPropertyHolder - Attempting to locate auto-apply AttributeConverter for property [com.ningmeng.framework.domain.course.CourseMarket:endTime]
2020-03-14 21:56:59.375 [main] DEBUG o.h.c.annotations.SimpleValueBinder - building SimpleValue for endTime
2020-03-14 21:56:59.375 [main] DEBUG o.h.cfg.annotations.PropertyBinder - Building property endTime
2020-03-14 21:56:59.375 [main] DEBUG org.hibernate.cfg.Ejb3Column - Binding column: Ejb3Column{table=org.hibernate.mapping.Table(course_market), mappingColumn=price, insertable=true, updatable=true, unique=false}
2020-03-14 21:56:59.376 [main] DEBUG o.h.cfg.annotations.PropertyBinder - MetadataSourceProcessor property price with lazy=false
2020-03-14 21:56:59.376 [main] DEBUG o.h.cfg.AbstractPropertyHolder - Attempting to locate auto-apply AttributeConverter for property [com.ningmeng.framework.domain.course.CourseMarket:price]
2020-03-14 21:56:59.376 [main] DEBUG o.h.c.annotations.SimpleValueBinder - building SimpleValue for price
2020-03-14 21:56:59.376 [main] DEBUG o.h.cfg.annotations.PropertyBinder - Building property price
2020-03-14 21:56:59.377 [main] DEBUG org.hibernate.cfg.Ejb3Column - Binding column: Ejb3Column{table=org.hibernate.mapping.Table(course_market), mappingColumn=price_old, insertable=true, updatable=true, unique=false}
2020-03-14 21:56:59.377 [main] DEBUG o.h.cfg.annotations.PropertyBinder - MetadataSourceProcessor property price_old with lazy=false
2020-03-14 21:56:59.377 [main] DEBUG o.h.cfg.AbstractPropertyHolder - Attempting to locate auto-apply AttributeConverter for property [com.ningmeng.framework.domain.course.CourseMarket:price_old]
2020-03-14 21:56:59.377 [main] DEBUG o.h.c.annotations.SimpleValueBinder - building SimpleValue for price_old
2020-03-14 21:56:59.378 [main] DEBUG o.h.cfg.annotations.PropertyBinder - Building property price_old
2020-03-14 21:56:59.378 [main] DEBUG org.hibernate.cfg.Ejb3Column - Binding column: Ejb3Column{table=org.hibernate.mapping.Table(course_market), mappingColumn=qq, insertable=true, updatable=true, unique=false}
2020-03-14 21:56:59.378 [main] DEBUG o.h.cfg.annotations.PropertyBinder - MetadataSourceProcessor property qq with lazy=false
2020-03-14 21:56:59.379 [main] DEBUG o.h.cfg.AbstractPropertyHolder - Attempting to locate auto-apply AttributeConverter for property [com.ningmeng.framework.domain.course.CourseMarket:qq]
2020-03-14 21:56:59.379 [main] DEBUG o.h.c.annotations.SimpleValueBinder - building SimpleValue for qq
2020-03-14 21:56:59.379 [main] DEBUG o.h.cfg.annotations.PropertyBinder - Building property qq
2020-03-14 21:56:59.379 [main] DEBUG org.hibernate.cfg.Ejb3Column - Binding column: Ejb3Column{table=org.hibernate.mapping.Table(course_market), mappingColumn=start_time, insertable=true, updatable=true, unique=false}
2020-03-14 21:56:59.379 [main] DEBUG o.h.cfg.annotations.PropertyBinder - MetadataSourceProcessor property startTime with lazy=false
2020-03-14 21:56:59.379 [main] DEBUG o.h.cfg.AbstractPropertyHolder - Attempting to locate auto-apply AttributeConverter for property [com.ningmeng.framework.domain.course.CourseMarket:startTime]
2020-03-14 21:56:59.380 [main] DEBUG o.h.c.annotations.SimpleValueBinder - building SimpleValue for startTime
2020-03-14 21:56:59.380 [main] DEBUG o.h.cfg.annotations.PropertyBinder - Building property startTime
2020-03-14 21:56:59.380 [main] DEBUG org.hibernate.cfg.Ejb3Column - Binding column: Ejb3Column{table=org.hibernate.mapping.Table(course_market), mappingColumn=valid, insertable=true, updatable=true, unique=false}
2020-03-14 21:56:59.380 [main] DEBUG o.h.cfg.annotations.PropertyBinder - MetadataSourceProcessor property valid with lazy=false
2020-03-14 21:56:59.380 [main] DEBUG o.h.cfg.AbstractPropertyHolder - Attempting to locate auto-apply AttributeConverter for property [com.ningmeng.framework.domain.course.CourseMarket:valid]
2020-03-14 21:56:59.380 [main] DEBUG o.h.c.annotations.SimpleValueBinder - building SimpleValue for valid
2020-03-14 21:56:59.380 [main] DEBUG o.h.cfg.annotations.PropertyBinder - Building property valid
2020-03-14 21:56:59.380 [main] DEBUG org.hibernate.cfg.AnnotationBinder - Binding entity from annotated class: com.ningmeng.framework.domain.course.CourseOff
2020-03-14 21:56:59.380 [main] DEBUG org.hibernate.cfg.Ejb3Column - Binding column: Ejb3DiscriminatorColumn{logicalColumnName'DTYPE', discriminatorTypeName='string'}
2020-03-14 21:56:59.380 [main] DEBUG o.h.cfg.annotations.EntityBinder - Import with entity name CourseOff
2020-03-14 21:56:59.380 [main] DEBUG o.h.cfg.annotations.EntityBinder - Bind entity com.ningmeng.framework.domain.course.CourseOff on table course_off
2020-03-14 21:56:59.382 [main] DEBUG org.hibernate.cfg.Ejb3Column - Binding column: Ejb3Column{table=org.hibernate.mapping.Table(course_off), mappingColumn=id, insertable=true, updatable=true, unique=false}
2020-03-14 21:56:59.382 [main] DEBUG o.h.cfg.annotations.PropertyBinder - MetadataSourceProcessor property id with lazy=false
2020-03-14 21:56:59.382 [main] DEBUG o.h.cfg.AbstractPropertyHolder - Attempting to locate auto-apply AttributeConverter for property [com.ningmeng.framework.domain.course.CourseOff:id]
2020-03-14 21:56:59.382 [main] DEBUG o.h.c.annotations.SimpleValueBinder - building SimpleValue for id
2020-03-14 21:56:59.383 [main] DEBUG o.h.cfg.annotations.PropertyBinder - Building property id
2020-03-14 21:56:59.383 [main] DEBUG org.hibernate.cfg.Ejb3Column - Binding column: Ejb3Column{table=org.hibernate.mapping.Table(course_off), mappingColumn=charge, insertable=true, updatable=true, unique=false}
2020-03-14 21:56:59.383 [main] DEBUG o.h.cfg.annotations.PropertyBinder - MetadataSourceProcessor property charge with lazy=false
2020-03-14 21:56:59.383 [main] DEBUG o.h.cfg.AbstractPropertyHolder - Attempting to locate auto-apply AttributeConverter for property [com.ningmeng.framework.domain.course.CourseOff:charge]
2020-03-14 21:56:59.383 [main] DEBUG o.h.c.annotations.SimpleValueBinder - building SimpleValue for charge
2020-03-14 21:56:59.388 [main] DEBUG o.h.cfg.annotations.PropertyBinder - Building property charge
2020-03-14 21:56:59.389 [main] DEBUG org.hibernate.cfg.Ejb3Column - Binding column: Ejb3Column{table=org.hibernate.mapping.Table(course_off), mappingColumn=description, insertable=true, updatable=true, unique=false}
2020-03-14 21:56:59.389 [main] DEBUG o.h.cfg.annotations.PropertyBinder - MetadataSourceProcessor property description with lazy=false
2020-03-14 21:56:59.389 [main] DEBUG o.h.cfg.AbstractPropertyHolder - Attempting to locate auto-apply AttributeConverter for property [com.ningmeng.framework.domain.course.CourseOff:description]
2020-03-14 21:56:59.389 [main] DEBUG o.h.c.annotations.SimpleValueBinder - building SimpleValue for description
2020-03-14 21:56:59.389 [main] DEBUG o.h.cfg.annotations.PropertyBinder - Building property description
2020-03-14 21:56:59.389 [main] DEBUG org.hibernate.cfg.Ejb3Column - Binding column: Ejb3Column{table=org.hibernate.mapping.Table(course_off), mappingColumn=expires, insertable=true, updatable=true, unique=false}
2020-03-14 21:56:59.390 [main] DEBUG o.h.cfg.annotations.PropertyBinder - MetadataSourceProcessor property expires with lazy=false
2020-03-14 21:56:59.390 [main] DEBUG o.h.cfg.AbstractPropertyHolder - Attempting to locate auto-apply AttributeConverter for property [com.ningmeng.framework.domain.course.CourseOff:expires]
2020-03-14 21:56:59.390 [main] DEBUG o.h.c.annotations.SimpleValueBinder - building SimpleValue for expires
2020-03-14 21:56:59.390 [main] DEBUG o.h.cfg.annotations.PropertyBinder - Building property expires
2020-03-14 21:56:59.390 [main] DEBUG org.hibernate.cfg.Ejb3Column - Binding column: Ejb3Column{table=org.hibernate.mapping.Table(course_off), mappingColumn=grade, insertable=true, updatable=true, unique=false}
2020-03-14 21:56:59.390 [main] DEBUG o.h.cfg.annotations.PropertyBinder - MetadataSourceProcessor property grade with lazy=false
2020-03-14 21:56:59.390 [main] DEBUG o.h.cfg.AbstractPropertyHolder - Attempting to locate auto-apply AttributeConverter for property [com.ningmeng.framework.domain.course.CourseOff:grade]
2020-03-14 21:56:59.390 [main] DEBUG o.h.c.annotations.SimpleValueBinder - building SimpleValue for grade
2020-03-14 21:56:59.390 [main] DEBUG o.h.cfg.annotations.PropertyBinder - Building property grade
2020-03-14 21:56:59.390 [main] DEBUG org.hibernate.cfg.Ejb3Column - Binding column: Ejb3Column{table=org.hibernate.mapping.Table(course_off), mappingColumn=mt, insertable=true, updatable=true, unique=false}
2020-03-14 21:56:59.390 [main] DEBUG o.h.cfg.annotations.PropertyBinder - MetadataSourceProcessor property mt with lazy=false
2020-03-14 21:56:59.390 [main] DEBUG o.h.cfg.AbstractPropertyHolder - Attempting to locate auto-apply AttributeConverter for property [com.ningmeng.framework.domain.course.CourseOff:mt]
2020-03-14 21:56:59.390 [main] DEBUG o.h.c.annotations.SimpleValueBinder - building SimpleValue for mt
2020-03-14 21:56:59.390 [main] DEBUG o.h.cfg.annotations.PropertyBinder - Building property mt
2020-03-14 21:56:59.391 [main] DEBUG org.hibernate.cfg.Ejb3Column - Binding column: Ejb3Column{table=org.hibernate.mapping.Table(course_off), mappingColumn=name, insertable=true, updatable=true, unique=false}
2020-03-14 21:56:59.391 [main] DEBUG o.h.cfg.annotations.PropertyBinder - MetadataSourceProcessor property name with lazy=false
2020-03-14 21:56:59.391 [main] DEBUG o.h.cfg.AbstractPropertyHolder - Attempting to locate auto-apply AttributeConverter for property [com.ningmeng.framework.domain.course.CourseOff:name]
2020-03-14 21:56:59.391 [main] DEBUG o.h.c.annotations.SimpleValueBinder - building SimpleValue for name
2020-03-14 21:56:59.391 [main] DEBUG o.h.cfg.annotations.PropertyBinder - Building property name
2020-03-14 21:56:59.391 [main] DEBUG org.hibernate.cfg.Ejb3Column - Binding column: Ejb3Column{table=org.hibernate.mapping.Table(course_off), mappingColumn=pic, insertable=true, updatable=true, unique=false}
2020-03-14 21:56:59.391 [main] DEBUG o.h.cfg.annotations.PropertyBinder - MetadataSourceProcessor property pic with lazy=false
2020-03-14 21:56:59.391 [main] DEBUG o.h.cfg.AbstractPropertyHolder - Attempting to locate auto-apply AttributeConverter for property [com.ningmeng.framework.domain.course.CourseOff:pic]
2020-03-14 21:56:59.391 [main] DEBUG o.h.c.annotations.SimpleValueBinder - building SimpleValue for pic
2020-03-14 21:56:59.391 [main] DEBUG o.h.cfg.annotations.PropertyBinder - Building property pic
2020-03-14 21:56:59.396 [main] DEBUG org.hibernate.cfg.Ejb3Column - Binding column: Ejb3Column{table=org.hibernate.mapping.Table(course_off), mappingColumn=price, insertable=true, updatable=true, unique=false}
2020-03-14 21:56:59.396 [main] DEBUG o.h.cfg.annotations.PropertyBinder - MetadataSourceProcessor property price with lazy=false
2020-03-14 21:56:59.396 [main] DEBUG o.h.cfg.AbstractPropertyHolder - Attempting to locate auto-apply AttributeConverter for property [com.ningmeng.framework.domain.course.CourseOff:price]
2020-03-14 21:56:59.396 [main] DEBUG o.h.c.annotations.SimpleValueBinder - building SimpleValue for price
2020-03-14 21:56:59.396 [main] DEBUG o.h.cfg.annotations.PropertyBinder - Building property price
2020-03-14 21:56:59.397 [main] DEBUG org.hibernate.cfg.Ejb3Column - Binding column: Ejb3Column{table=org.hibernate.mapping.Table(course_off), mappingColumn=price_old, insertable=true, updatable=true, unique=false}
2020-03-14 21:56:59.397 [main] DEBUG o.h.cfg.annotations.PropertyBinder - MetadataSourceProcessor property price_old with lazy=false
2020-03-14 21:56:59.397 [main] DEBUG o.h.cfg.AbstractPropertyHolder - Attempting to locate auto-apply AttributeConverter for property [com.ningmeng.framework.domain.course.CourseOff:price_old]
2020-03-14 21:56:59.397 [main] DEBUG o.h.c.annotations.SimpleValueBinder - building SimpleValue for price_old
2020-03-14 21:56:59.397 [main] DEBUG o.h.cfg.annotations.PropertyBinder - Building property price_old
2020-03-14 21:56:59.397 [main] DEBUG org.hibernate.cfg.Ejb3Column - Binding column: Ejb3Column{table=org.hibernate.mapping.Table(course_off), mappingColumn=qq, insertable=true, updatable=true, unique=false}
2020-03-14 21:56:59.397 [main] DEBUG o.h.cfg.annotations.PropertyBinder - MetadataSourceProcessor property qq with lazy=false
2020-03-14 21:56:59.397 [main] DEBUG o.h.cfg.AbstractPropertyHolder - Attempting to locate auto-apply AttributeConverter for property [com.ningmeng.framework.domain.course.CourseOff:qq]
2020-03-14 21:56:59.397 [main] DEBUG o.h.c.annotations.SimpleValueBinder - building SimpleValue for qq
2020-03-14 21:56:59.397 [main] DEBUG o.h.cfg.annotations.PropertyBinder - Building property qq
2020-03-14 21:56:59.397 [main] DEBUG org.hibernate.cfg.Ejb3Column - Binding column: Ejb3Column{table=org.hibernate.mapping.Table(course_off), mappingColumn=st, insertable=true, updatable=true, unique=false}
2020-03-14 21:56:59.397 [main] DEBUG o.h.cfg.annotations.PropertyBinder - MetadataSourceProcessor property st with lazy=false
2020-03-14 21:56:59.397 [main] DEBUG o.h.cfg.AbstractPropertyHolder - Attempting to locate auto-apply AttributeConverter for property [com.ningmeng.framework.domain.course.CourseOff:st]
2020-03-14 21:56:59.397 [main] DEBUG o.h.c.annotations.SimpleValueBinder - building SimpleValue for st
2020-03-14 21:56:59.398 [main] DEBUG o.h.cfg.annotations.PropertyBinder - Building property st
2020-03-14 21:56:59.398 [main] DEBUG org.hibernate.cfg.Ejb3Column - Binding column: Ejb3Column{table=org.hibernate.mapping.Table(course_off), mappingColumn=studymodel, insertable=true, updatable=true, unique=false}
2020-03-14 21:56:59.398 [main] DEBUG o.h.cfg.annotations.PropertyBinder - MetadataSourceProcessor property studymodel with lazy=false
2020-03-14 21:56:59.398 [main] DEBUG o.h.cfg.AbstractPropertyHolder - Attempting to locate auto-apply AttributeConverter for property [com.ningmeng.framework.domain.course.CourseOff:studymodel]
2020-03-14 21:56:59.398 [main] DEBUG o.h.c.annotations.SimpleValueBinder - building SimpleValue for studymodel
2020-03-14 21:56:59.398 [main] DEBUG o.h.cfg.annotations.PropertyBinder - Building property studymodel
2020-03-14 21:56:59.398 [main] DEBUG org.hibernate.cfg.Ejb3Column - Binding column: Ejb3Column{table=org.hibernate.mapping.Table(course_off), mappingColumn=teachplan, insertable=true, updatable=true, unique=false}
2020-03-14 21:56:59.398 [main] DEBUG o.h.cfg.annotations.PropertyBinder - MetadataSourceProcessor property teachplan with lazy=false
2020-03-14 21:56:59.398 [main] DEBUG o.h.cfg.AbstractPropertyHolder - Attempting to locate auto-apply AttributeConverter for property [com.ningmeng.framework.domain.course.CourseOff:teachplan]
2020-03-14 21:56:59.398 [main] DEBUG o.h.c.annotations.SimpleValueBinder - building SimpleValue for teachplan
2020-03-14 21:56:59.398 [main] DEBUG o.h.cfg.annotations.PropertyBinder - Building property teachplan
2020-03-14 21:56:59.398 [main] DEBUG org.hibernate.cfg.Ejb3Column - Binding column: Ejb3Column{table=org.hibernate.mapping.Table(course_off), mappingColumn=timestamp, insertable=true, updatable=true, unique=false}
2020-03-14 21:56:59.398 [main] DEBUG o.h.cfg.annotations.PropertyBinder - MetadataSourceProcessor property timestamp with lazy=false
2020-03-14 21:56:59.398 [main] DEBUG o.h.cfg.AbstractPropertyHolder - Attempting to locate auto-apply AttributeConverter for property [com.ningmeng.framework.domain.course.CourseOff:timestamp]
2020-03-14 21:56:59.398 [main] DEBUG o.h.c.annotations.SimpleValueBinder - building SimpleValue for timestamp
2020-03-14 21:56:59.398 [main] DEBUG o.h.cfg.annotations.PropertyBinder - Building property timestamp
2020-03-14 21:56:59.399 [main] DEBUG org.hibernate.cfg.Ejb3Column - Binding column: Ejb3Column{table=org.hibernate.mapping.Table(course_off), mappingColumn=users, insertable=true, updatable=true, unique=false}
2020-03-14 21:56:59.399 [main] DEBUG o.h.cfg.annotations.PropertyBinder - MetadataSourceProcessor property users with lazy=false
2020-03-14 21:56:59.399 [main] DEBUG o.h.cfg.AbstractPropertyHolder - Attempting to locate auto-apply AttributeConverter for property [com.ningmeng.framework.domain.course.CourseOff:users]
2020-03-14 21:56:59.399 [main] DEBUG o.h.c.annotations.SimpleValueBinder - building SimpleValue for users
2020-03-14 21:56:59.399 [main] DEBUG o.h.cfg.annotations.PropertyBinder - Building property users
2020-03-14 21:56:59.399 [main] DEBUG org.hibernate.cfg.Ejb3Column - Binding column: Ejb3Column{table=org.hibernate.mapping.Table(course_off), mappingColumn=valid, insertable=true, updatable=true, unique=false}
2020-03-14 21:56:59.399 [main] DEBUG o.h.cfg.annotations.PropertyBinder - MetadataSourceProcessor property valid with lazy=false
2020-03-14 21:56:59.399 [main] DEBUG o.h.cfg.AbstractPropertyHolder - Attempting to locate auto-apply AttributeConverter for property [com.ningmeng.framework.domain.course.CourseOff:valid]
2020-03-14 21:56:59.399 [main] DEBUG o.h.c.annotations.SimpleValueBinder - building SimpleValue for valid
2020-03-14 21:56:59.399 [main] DEBUG o.h.cfg.annotations.PropertyBinder - Building property valid
2020-03-14 21:56:59.399 [main] DEBUG org.hibernate.cfg.AnnotationBinder - Binding entity from annotated class: com.ningmeng.framework.domain.course.CourseIndex
2020-03-14 21:56:59.399 [main] DEBUG org.hibernate.cfg.Ejb3Column - Binding column: Ejb3DiscriminatorColumn{logicalColumnName'DTYPE', discriminatorTypeName='string'}
2020-03-14 21:56:59.399 [main] DEBUG o.h.cfg.annotations.EntityBinder - Import with entity name CourseIndex
2020-03-14 21:56:59.400 [main] DEBUG o.h.cfg.annotations.EntityBinder - Bind entity com.ningmeng.framework.domain.course.CourseIndex on table course_index
2020-03-14 21:56:59.401 [main] DEBUG org.hibernate.cfg.Ejb3Column - Binding column: Ejb3Column{table=org.hibernate.mapping.Table(course_index), mappingColumn=id, insertable=true, updatable=true, unique=false}
2020-03-14 21:56:59.401 [main] DEBUG o.h.cfg.annotations.PropertyBinder - MetadataSourceProcessor property id with lazy=false
2020-03-14 21:56:59.402 [main] DEBUG o.h.cfg.AbstractPropertyHolder - Attempting to locate auto-apply AttributeConverter for property [com.ningmeng.framework.domain.course.CourseIndex:id]
2020-03-14 21:56:59.402 [main] DEBUG o.h.c.annotations.SimpleValueBinder - building SimpleValue for id
2020-03-14 21:56:59.402 [main] DEBUG o.h.cfg.annotations.PropertyBinder - Building property id
2020-03-14 21:56:59.402 [main] DEBUG org.hibernate.cfg.Ejb3Column - Binding column: Ejb3Column{table=org.hibernate.mapping.Table(course_index), mappingColumn=charge, insertable=true, updatable=true, unique=false}
2020-03-14 21:56:59.402 [main] DEBUG o.h.cfg.annotations.PropertyBinder - MetadataSourceProcessor property charge with lazy=false
2020-03-14 21:56:59.402 [main] DEBUG o.h.cfg.AbstractPropertyHolder - Attempting to locate auto-apply AttributeConverter for property [com.ningmeng.framework.domain.course.CourseIndex:charge]
2020-03-14 21:56:59.402 [main] DEBUG o.h.c.annotations.SimpleValueBinder - building SimpleValue for charge
2020-03-14 21:56:59.402 [main] DEBUG o.h.cfg.annotations.PropertyBinder - Building property charge
2020-03-14 21:56:59.402 [main] DEBUG org.hibernate.cfg.Ejb3Column - Binding column: Ejb3Column{table=org.hibernate.mapping.Table(course_index), mappingColumn=description, insertable=true, updatable=true, unique=false}
2020-03-14 21:56:59.402 [main] DEBUG o.h.cfg.annotations.PropertyBinder - MetadataSourceProcessor property description with lazy=false
2020-03-14 21:56:59.403 [main] DEBUG o.h.cfg.AbstractPropertyHolder - Attempting to locate auto-apply AttributeConverter for property [com.ningmeng.framework.domain.course.CourseIndex:description]
2020-03-14 21:56:59.403 [main] DEBUG o.h.c.annotations.SimpleValueBinder - building SimpleValue for description
2020-03-14 21:56:59.403 [main] DEBUG o.h.cfg.annotations.PropertyBinder - Building property description
2020-03-14 21:56:59.403 [main] DEBUG org.hibernate.cfg.Ejb3Column - Binding column: Ejb3Column{table=org.hibernate.mapping.Table(course_index), mappingColumn=expires, insertable=true, updatable=true, unique=false}
2020-03-14 21:56:59.403 [main] DEBUG o.h.cfg.annotations.PropertyBinder - MetadataSourceProcessor property expires with lazy=false
2020-03-14 21:56:59.403 [main] DEBUG o.h.cfg.AbstractPropertyHolder - Attempting to locate auto-apply AttributeConverter for property [com.ningmeng.framework.domain.course.CourseIndex:expires]
2020-03-14 21:56:59.403 [main] DEBUG o.h.c.annotations.SimpleValueBinder - building SimpleValue for expires
2020-03-14 21:56:59.403 [main] DEBUG o.h.cfg.annotations.PropertyBinder - Building property expires
2020-03-14 21:56:59.403 [main] DEBUG org.hibernate.cfg.Ejb3Column - Binding column: Ejb3Column{table=org.hibernate.mapping.Table(course_index), mappingColumn=grade, insertable=true, updatable=true, unique=false}
2020-03-14 21:56:59.403 [main] DEBUG o.h.cfg.annotations.PropertyBinder - MetadataSourceProcessor property grade with lazy=false
2020-03-14 21:56:59.403 [main] DEBUG o.h.cfg.AbstractPropertyHolder - Attempting to locate auto-apply AttributeConverter for property [com.ningmeng.framework.domain.course.CourseIndex:grade]
2020-03-14 21:56:59.404 [main] DEBUG o.h.c.annotations.SimpleValueBinder - building SimpleValue for grade
2020-03-14 21:56:59.404 [main] DEBUG o.h.cfg.annotations.PropertyBinder - Building property grade
2020-03-14 21:56:59.404 [main] DEBUG org.hibernate.cfg.Ejb3Column - Binding column: Ejb3Column{table=org.hibernate.mapping.Table(course_index), mappingColumn=mt, insertable=true, updatable=true, unique=false}
2020-03-14 21:56:59.404 [main] DEBUG o.h.cfg.annotations.PropertyBinder - MetadataSourceProcessor property mt with lazy=false
2020-03-14 21:56:59.404 [main] DEBUG o.h.cfg.AbstractPropertyHolder - Attempting to locate auto-apply AttributeConverter for property [com.ningmeng.framework.domain.course.CourseIndex:mt]
2020-03-14 21:56:59.404 [main] DEBUG o.h.c.annotations.SimpleValueBinder - building SimpleValue for mt
2020-03-14 21:56:59.404 [main] DEBUG o.h.cfg.annotations.PropertyBinder - Building property mt
2020-03-14 21:56:59.404 [main] DEBUG org.hibernate.cfg.Ejb3Column - Binding column: Ejb3Column{table=org.hibernate.mapping.Table(course_index), mappingColumn=name, insertable=true, updatable=true, unique=false}
2020-03-14 21:56:59.404 [main] DEBUG o.h.cfg.annotations.PropertyBinder - MetadataSourceProcessor property name with lazy=false
2020-03-14 21:56:59.404 [main] DEBUG o.h.cfg.AbstractPropertyHolder - Attempting to locate auto-apply AttributeConverter for property [com.ningmeng.framework.domain.course.CourseIndex:name]
2020-03-14 21:56:59.404 [main] DEBUG o.h.c.annotations.SimpleValueBinder - building SimpleValue for name
2020-03-14 21:56:59.404 [main] DEBUG o.h.cfg.annotations.PropertyBinder - Building property name
2020-03-14 21:56:59.404 [main] DEBUG org.hibernate.cfg.Ejb3Column - Binding column: Ejb3Column{table=org.hibernate.mapping.Table(course_index), mappingColumn=pic, insertable=true, updatable=true, unique=false}
2020-03-14 21:56:59.405 [main] DEBUG o.h.cfg.annotations.PropertyBinder - MetadataSourceProcessor property pic with lazy=false
2020-03-14 21:56:59.405 [main] DEBUG o.h.cfg.AbstractPropertyHolder - Attempting to locate auto-apply AttributeConverter for property [com.ningmeng.framework.domain.course.CourseIndex:pic]
2020-03-14 21:56:59.405 [main] DEBUG o.h.c.annotations.SimpleValueBinder - building SimpleValue for pic
2020-03-14 21:56:59.405 [main] DEBUG o.h.cfg.annotations.PropertyBinder - Building property pic
2020-03-14 21:56:59.405 [main] DEBUG org.hibernate.cfg.Ejb3Column - Binding column: Ejb3Column{table=org.hibernate.mapping.Table(course_index), mappingColumn=price, insertable=true, updatable=true, unique=false}
2020-03-14 21:56:59.405 [main] DEBUG o.h.cfg.annotations.PropertyBinder - MetadataSourceProcessor property price with lazy=false
2020-03-14 21:56:59.405 [main] DEBUG o.h.cfg.AbstractPropertyHolder - Attempting to locate auto-apply AttributeConverter for property [com.ningmeng.framework.domain.course.CourseIndex:price]
2020-03-14 21:56:59.405 [main] DEBUG o.h.c.annotations.SimpleValueBinder - building SimpleValue for price
2020-03-14 21:56:59.405 [main] DEBUG o.h.cfg.annotations.PropertyBinder - Building property price
2020-03-14 21:56:59.405 [main] DEBUG org.hibernate.cfg.Ejb3Column - Binding column: Ejb3Column{table=org.hibernate.mapping.Table(course_index), mappingColumn=price_old, insertable=true, updatable=true, unique=false}
2020-03-14 21:56:59.405 [main] DEBUG o.h.cfg.annotations.PropertyBinder - MetadataSourceProcessor property price_old with lazy=false
2020-03-14 21:56:59.405 [main] DEBUG o.h.cfg.AbstractPropertyHolder - Attempting to locate auto-apply AttributeConverter for property [com.ningmeng.framework.domain.course.CourseIndex:price_old]
2020-03-14 21:56:59.405 [main] DEBUG o.h.c.annotations.SimpleValueBinder - building SimpleValue for price_old
2020-03-14 21:56:59.406 [main] DEBUG o.h.cfg.annotations.PropertyBinder - Building property price_old
2020-03-14 21:56:59.406 [main] DEBUG org.hibernate.cfg.Ejb3Column - Binding column: Ejb3Column{table=org.hibernate.mapping.Table(course_index), mappingColumn=qq, insertable=true, updatable=true, unique=false}
2020-03-14 21:56:59.406 [main] DEBUG o.h.cfg.annotations.PropertyBinder - MetadataSourceProcessor property qq with lazy=false
2020-03-14 21:56:59.406 [main] DEBUG o.h.cfg.AbstractPropertyHolder - Attempting to locate auto-apply AttributeConverter for property [com.ningmeng.framework.domain.course.CourseIndex:qq]
2020-03-14 21:56:59.406 [main] DEBUG o.h.c.annotations.SimpleValueBinder - building SimpleValue for qq
2020-03-14 21:56:59.406 [main] DEBUG o.h.cfg.annotations.PropertyBinder - Building property qq
2020-03-14 21:56:59.406 [main] DEBUG org.hibernate.cfg.Ejb3Column - Binding column: Ejb3Column{table=org.hibernate.mapping.Table(course_index), mappingColumn=st, insertable=true, updatable=true, unique=false}
2020-03-14 21:56:59.406 [main] DEBUG o.h.cfg.annotations.PropertyBinder - MetadataSourceProcessor property st with lazy=false
2020-03-14 21:56:59.406 [main] DEBUG o.h.cfg.AbstractPropertyHolder - Attempting to locate auto-apply AttributeConverter for property [com.ningmeng.framework.domain.course.CourseIndex:st]
2020-03-14 21:56:59.406 [main] DEBUG o.h.c.annotations.SimpleValueBinder - building SimpleValue for st
2020-03-14 21:56:59.406 [main] DEBUG o.h.cfg.annotations.PropertyBinder - Building property st
2020-03-14 21:56:59.407 [main] DEBUG org.hibernate.cfg.Ejb3Column - Binding column: Ejb3Column{table=org.hibernate.mapping.Table(course_index), mappingColumn=studymodel, insertable=true, updatable=true, unique=false}
2020-03-14 21:56:59.407 [main] DEBUG o.h.cfg.annotations.PropertyBinder - MetadataSourceProcessor property studymodel with lazy=false
2020-03-14 21:56:59.407 [main] DEBUG o.h.cfg.AbstractPropertyHolder - Attempting to locate auto-apply AttributeConverter for property [com.ningmeng.framework.domain.course.CourseIndex:studymodel]
2020-03-14 21:56:59.407 [main] DEBUG o.h.c.annotations.SimpleValueBinder - building SimpleValue for studymodel
2020-03-14 21:56:59.407 [main] DEBUG o.h.cfg.annotations.PropertyBinder - Building property studymodel
2020-03-14 21:56:59.407 [main] DEBUG org.hibernate.cfg.Ejb3Column - Binding column: Ejb3Column{table=org.hibernate.mapping.Table(course_index), mappingColumn=teachmode, insertable=true, updatable=true, unique=false}
2020-03-14 21:56:59.407 [main] DEBUG o.h.cfg.annotations.PropertyBinder - MetadataSourceProcessor property teachmode with lazy=false
2020-03-14 21:56:59.407 [main] DEBUG o.h.cfg.AbstractPropertyHolder - Attempting to locate auto-apply AttributeConverter for property [com.ningmeng.framework.domain.course.CourseIndex:teachmode]
2020-03-14 21:56:59.407 [main] DEBUG o.h.c.annotations.SimpleValueBinder - building SimpleValue for teachmode
2020-03-14 21:56:59.407 [main] DEBUG o.h.cfg.annotations.PropertyBinder - Building property teachmode
2020-03-14 21:56:59.407 [main] DEBUG org.hibernate.cfg.Ejb3Column - Binding column: Ejb3Column{table=org.hibernate.mapping.Table(course_index), mappingColumn=teachplan, insertable=true, updatable=true, unique=false}
2020-03-14 21:56:59.407 [main] DEBUG o.h.cfg.annotations.PropertyBinder - MetadataSourceProcessor property teachplan with lazy=false
2020-03-14 21:56:59.407 [main] DEBUG o.h.cfg.AbstractPropertyHolder - Attempting to locate auto-apply AttributeConverter for property [com.ningmeng.framework.domain.course.CourseIndex:teachplan]
2020-03-14 21:56:59.407 [main] DEBUG o.h.c.annotations.SimpleValueBinder - building SimpleValue for teachplan
2020-03-14 21:56:59.408 [main] DEBUG o.h.cfg.annotations.PropertyBinder - Building property teachplan
2020-03-14 21:56:59.408 [main] DEBUG org.hibernate.cfg.Ejb3Column - Binding column: Ejb3Column{table=org.hibernate.mapping.Table(course_index), mappingColumn=timestamp, insertable=true, updatable=true, unique=false}
2020-03-14 21:56:59.408 [main] DEBUG o.h.cfg.annotations.PropertyBinder - MetadataSourceProcessor property timestamp with lazy=false
2020-03-14 21:56:59.408 [main] DEBUG o.h.cfg.AbstractPropertyHolder - Attempting to locate auto-apply AttributeConverter for property [com.ningmeng.framework.domain.course.CourseIndex:timestamp]
2020-03-14 21:56:59.408 [main] DEBUG o.h.c.annotations.SimpleValueBinder - building SimpleValue for timestamp
2020-03-14 21:56:59.408 [main] DEBUG o.h.cfg.annotations.PropertyBinder - Building property timestamp
2020-03-14 21:56:59.408 [main] DEBUG org.hibernate.cfg.Ejb3Column - Binding column: Ejb3Column{table=org.hibernate.mapping.Table(course_index), mappingColumn=users, insertable=true, updatable=true, unique=false}
2020-03-14 21:56:59.408 [main] DEBUG o.h.cfg.annotations.PropertyBinder - MetadataSourceProcessor property users with lazy=false
2020-03-14 21:56:59.408 [main] DEBUG o.h.cfg.AbstractPropertyHolder - Attempting to locate auto-apply AttributeConverter for property [com.ningmeng.framework.domain.course.CourseIndex:users]
2020-03-14 21:56:59.408 [main] DEBUG o.h.c.annotations.SimpleValueBinder - building SimpleValue for users
2020-03-14 21:56:59.409 [main] DEBUG o.h.cfg.annotations.PropertyBinder - Building property users
2020-03-14 21:56:59.409 [main] DEBUG org.hibernate.cfg.Ejb3Column - Binding column: Ejb3Column{table=org.hibernate.mapping.Table(course_index), mappingColumn=valid, insertable=true, updatable=true, unique=false}
2020-03-14 21:56:59.409 [main] DEBUG o.h.cfg.annotations.PropertyBinder - MetadataSourceProcessor property valid with lazy=false
2020-03-14 21:56:59.409 [main] DEBUG o.h.cfg.AbstractPropertyHolder - Attempting to locate auto-apply AttributeConverter for property [com.ningmeng.framework.domain.course.CourseIndex:valid]
2020-03-14 21:56:59.409 [main] DEBUG o.h.c.annotations.SimpleValueBinder - building SimpleValue for valid
2020-03-14 21:56:59.409 [main] DEBUG o.h.cfg.annotations.PropertyBinder - Building property valid
2020-03-14 21:56:59.410 [main] DEBUG org.hibernate.cfg.AnnotationBinder - Binding entity from annotated class: com.ningmeng.framework.domain.course.CoursePub
2020-03-14 21:56:59.410 [main] DEBUG org.hibernate.cfg.Ejb3Column - Binding column: Ejb3DiscriminatorColumn{logicalColumnName'DTYPE', discriminatorTypeName='string'}
2020-03-14 21:56:59.410 [main] DEBUG o.h.cfg.annotations.EntityBinder - Import with entity name CoursePub
2020-03-14 21:56:59.410 [main] DEBUG o.h.cfg.annotations.EntityBinder - Bind entity com.ningmeng.framework.domain.course.CoursePub on table course_pub
2020-03-14 21:56:59.411 [main] DEBUG org.hibernate.cfg.Ejb3Column - Binding column: Ejb3Column{table=org.hibernate.mapping.Table(course_pub), mappingColumn=id, insertable=true, updatable=true, unique=false}
2020-03-14 21:56:59.412 [main] DEBUG o.h.cfg.annotations.PropertyBinder - MetadataSourceProcessor property id with lazy=false
2020-03-14 21:56:59.412 [main] DEBUG o.h.cfg.AbstractPropertyHolder - Attempting to locate auto-apply AttributeConverter for property [com.ningmeng.framework.domain.course.CoursePub:id]
2020-03-14 21:56:59.412 [main] DEBUG o.h.c.annotations.SimpleValueBinder - building SimpleValue for id
2020-03-14 21:56:59.412 [main] DEBUG o.h.cfg.annotations.PropertyBinder - Building property id
2020-03-14 21:56:59.412 [main] DEBUG org.hibernate.cfg.Ejb3Column - Binding column: Ejb3Column{table=org.hibernate.mapping.Table(course_pub), mappingColumn=charge, insertable=true, updatable=true, unique=false}
2020-03-14 21:56:59.413 [main] DEBUG o.h.cfg.annotations.PropertyBinder - MetadataSourceProcessor property charge with lazy=false
2020-03-14 21:56:59.413 [main] DEBUG o.h.cfg.AbstractPropertyHolder - Attempting to locate auto-apply AttributeConverter for property [com.ningmeng.framework.domain.course.CoursePub:charge]
2020-03-14 21:56:59.413 [main] DEBUG o.h.c.annotations.SimpleValueBinder - building SimpleValue for charge
2020-03-14 21:56:59.413 [main] DEBUG o.h.cfg.annotations.PropertyBinder - Building property charge
2020-03-14 21:56:59.413 [main] DEBUG org.hibernate.cfg.Ejb3Column - Binding column: Ejb3Column{table=org.hibernate.mapping.Table(course_pub), mappingColumn=description, insertable=true, updatable=true, unique=false}
2020-03-14 21:56:59.413 [main] DEBUG o.h.cfg.annotations.PropertyBinder - MetadataSourceProcessor property description with lazy=false
2020-03-14 21:56:59.414 [main] DEBUG o.h.cfg.AbstractPropertyHolder - Attempting to locate auto-apply AttributeConverter for property [com.ningmeng.framework.domain.course.CoursePub:description]
2020-03-14 21:56:59.414 [main] DEBUG o.h.c.annotations.SimpleValueBinder - building SimpleValue for description
2020-03-14 21:56:59.414 [main] DEBUG o.h.cfg.annotations.PropertyBinder - Building property description
2020-03-14 21:56:59.414 [main] DEBUG org.hibernate.cfg.Ejb3Column - Binding column: Ejb3Column{table=org.hibernate.mapping.Table(course_pub), mappingColumn=expires, insertable=true, updatable=true, unique=false}
2020-03-14 21:56:59.414 [main] DEBUG o.h.cfg.annotations.PropertyBinder - MetadataSourceProcessor property expires with lazy=false
2020-03-14 21:56:59.414 [main] DEBUG o.h.cfg.AbstractPropertyHolder - Attempting to locate auto-apply AttributeConverter for property [com.ningmeng.framework.domain.course.CoursePub:expires]
2020-03-14 21:56:59.414 [main] DEBUG o.h.c.annotations.SimpleValueBinder - building SimpleValue for expires
2020-03-14 21:56:59.414 [main] DEBUG o.h.cfg.annotations.PropertyBinder - Building property expires
2020-03-14 21:56:59.415 [main] DEBUG org.hibernate.cfg.Ejb3Column - Binding column: Ejb3Column{table=org.hibernate.mapping.Table(course_pub), mappingColumn=grade, insertable=true, updatable=true, unique=false}
2020-03-14 21:56:59.415 [main] DEBUG o.h.cfg.annotations.PropertyBinder - MetadataSourceProcessor property grade with lazy=false
2020-03-14 21:56:59.415 [main] DEBUG o.h.cfg.AbstractPropertyHolder - Attempting to locate auto-apply AttributeConverter for property [com.ningmeng.framework.domain.course.CoursePub:grade]
2020-03-14 21:56:59.415 [main] DEBUG o.h.c.annotations.SimpleValueBinder - building SimpleValue for grade
2020-03-14 21:56:59.415 [main] DEBUG o.h.cfg.annotations.PropertyBinder - Building property grade
2020-03-14 21:56:59.415 [main] DEBUG org.hibernate.cfg.Ejb3Column - Binding column: Ejb3Column{table=org.hibernate.mapping.Table(course_pub), mappingColumn=mt, insertable=true, updatable=true, unique=false}
2020-03-14 21:56:59.416 [main] DEBUG o.h.cfg.annotations.PropertyBinder - MetadataSourceProcessor property mt with lazy=false
2020-03-14 21:56:59.416 [main] DEBUG o.h.cfg.AbstractPropertyHolder - Attempting to locate auto-apply AttributeConverter for property [com.ningmeng.framework.domain.course.CoursePub:mt]
2020-03-14 21:56:59.416 [main] DEBUG o.h.c.annotations.SimpleValueBinder - building SimpleValue for mt
2020-03-14 21:56:59.416 [main] DEBUG o.h.cfg.annotations.PropertyBinder - Building property mt
2020-03-14 21:56:59.416 [main] DEBUG org.hibernate.cfg.Ejb3Column - Binding column: Ejb3Column{table=org.hibernate.mapping.Table(course_pub), mappingColumn=name, insertable=true, updatable=true, unique=false}
2020-03-14 21:56:59.416 [main] DEBUG o.h.cfg.annotations.PropertyBinder - MetadataSourceProcessor property name with lazy=false
2020-03-14 21:56:59.416 [main] DEBUG o.h.cfg.AbstractPropertyHolder - Attempting to locate auto-apply AttributeConverter for property [com.ningmeng.framework.domain.course.CoursePub:name]
2020-03-14 21:56:59.416 [main] DEBUG o.h.c.annotations.SimpleValueBinder - building SimpleValue for name
2020-03-14 21:56:59.416 [main] DEBUG o.h.cfg.annotations.PropertyBinder - Building property name
2020-03-14 21:56:59.416 [main] DEBUG org.hibernate.cfg.Ejb3Column - Binding column: Ejb3Column{table=org.hibernate.mapping.Table(course_pub), mappingColumn=pic, insertable=true, updatable=true, unique=false}
2020-03-14 21:56:59.416 [main] DEBUG o.h.cfg.annotations.PropertyBinder - MetadataSourceProcessor property pic with lazy=false
2020-03-14 21:56:59.416 [main] DEBUG o.h.cfg.AbstractPropertyHolder - Attempting to locate auto-apply AttributeConverter for property [com.ningmeng.framework.domain.course.CoursePub:pic]
2020-03-14 21:56:59.416 [main] DEBUG o.h.c.annotations.SimpleValueBinder - building SimpleValue for pic
2020-03-14 21:56:59.417 [main] DEBUG o.h.cfg.annotations.PropertyBinder - Building property pic
2020-03-14 21:56:59.417 [main] DEBUG org.hibernate.cfg.Ejb3Column - Binding column: Ejb3Column{table=org.hibernate.mapping.Table(course_pub), mappingColumn=price, insertable=true, updatable=true, unique=false}
2020-03-14 21:56:59.417 [main] DEBUG o.h.cfg.annotations.PropertyBinder - MetadataSourceProcessor property price with lazy=false
2020-03-14 21:56:59.417 [main] DEBUG o.h.cfg.AbstractPropertyHolder - Attempting to locate auto-apply AttributeConverter for property [com.ningmeng.framework.domain.course.CoursePub:price]
2020-03-14 21:56:59.417 [main] DEBUG o.h.c.annotations.SimpleValueBinder - building SimpleValue for price
2020-03-14 21:56:59.417 [main] DEBUG o.h.cfg.annotations.PropertyBinder - Building property price
2020-03-14 21:56:59.418 [main] DEBUG org.hibernate.cfg.Ejb3Column - Binding column: Ejb3Column{table=org.hibernate.mapping.Table(course_pub), mappingColumn=price_old, insertable=true, updatable=true, unique=false}
2020-03-14 21:56:59.419 [main] DEBUG o.h.cfg.annotations.PropertyBinder - MetadataSourceProcessor property price_old with lazy=false
2020-03-14 21:56:59.419 [main] DEBUG o.h.cfg.AbstractPropertyHolder - Attempting to locate auto-apply AttributeConverter for property [com.ningmeng.framework.domain.course.CoursePub:price_old]
2020-03-14 21:56:59.419 [main] DEBUG o.h.c.annotations.SimpleValueBinder - building SimpleValue for price_old
2020-03-14 21:56:59.419 [main] DEBUG o.h.cfg.annotations.PropertyBinder - Building property price_old
2020-03-14 21:56:59.420 [main] DEBUG org.hibernate.cfg.Ejb3Column - Binding column: Ejb3Column{table=org.hibernate.mapping.Table(course_pub), mappingColumn=pub_time, insertable=true, updatable=true, unique=false}
2020-03-14 21:56:59.420 [main] DEBUG o.h.cfg.annotations.PropertyBinder - MetadataSourceProcessor property pubTime with lazy=false
2020-03-14 21:56:59.420 [main] DEBUG o.h.cfg.AbstractPropertyHolder - Attempting to locate auto-apply AttributeConverter for property [com.ningmeng.framework.domain.course.CoursePub:pubTime]
2020-03-14 21:56:59.420 [main] DEBUG o.h.c.annotations.SimpleValueBinder - building SimpleValue for pubTime
2020-03-14 21:56:59.420 [main] DEBUG o.h.cfg.annotations.PropertyBinder - Building property pubTime
2020-03-14 21:56:59.420 [main] DEBUG org.hibernate.cfg.Ejb3Column - Binding column: Ejb3Column{table=org.hibernate.mapping.Table(course_pub), mappingColumn=qq, insertable=true, updatable=true, unique=false}
2020-03-14 21:56:59.420 [main] DEBUG o.h.cfg.annotations.PropertyBinder - MetadataSourceProcessor property qq with lazy=false
2020-03-14 21:56:59.420 [main] DEBUG o.h.cfg.AbstractPropertyHolder - Attempting to locate auto-apply AttributeConverter for property [com.ningmeng.framework.domain.course.CoursePub:qq]
2020-03-14 21:56:59.420 [main] DEBUG o.h.c.annotations.SimpleValueBinder - building SimpleValue for qq
2020-03-14 21:56:59.420 [main] DEBUG o.h.cfg.annotations.PropertyBinder - Building property qq
2020-03-14 21:56:59.420 [main] DEBUG org.hibernate.cfg.Ejb3Column - Binding column: Ejb3Column{table=org.hibernate.mapping.Table(course_pub), mappingColumn=st, insertable=true, updatable=true, unique=false}
2020-03-14 21:56:59.420 [main] DEBUG o.h.cfg.annotations.PropertyBinder - MetadataSourceProcessor property st with lazy=false
2020-03-14 21:56:59.420 [main] DEBUG o.h.cfg.AbstractPropertyHolder - Attempting to locate auto-apply AttributeConverter for property [com.ningmeng.framework.domain.course.CoursePub:st]
2020-03-14 21:56:59.421 [main] DEBUG o.h.c.annotations.SimpleValueBinder - building SimpleValue for st
2020-03-14 21:56:59.421 [main] DEBUG o.h.cfg.annotations.PropertyBinder - Building property st
2020-03-14 21:56:59.421 [main] DEBUG org.hibernate.cfg.Ejb3Column - Binding column: Ejb3Column{table=org.hibernate.mapping.Table(course_pub), mappingColumn=studymodel, insertable=true, updatable=true, unique=false}
2020-03-14 21:56:59.421 [main] DEBUG o.h.cfg.annotations.PropertyBinder - MetadataSourceProcessor property studymodel with lazy=false
2020-03-14 21:56:59.421 [main] DEBUG o.h.cfg.AbstractPropertyHolder - Attempting to locate auto-apply AttributeConverter for property [com.ningmeng.framework.domain.course.CoursePub:studymodel]
2020-03-14 21:56:59.421 [main] DEBUG o.h.c.annotations.SimpleValueBinder - building SimpleValue for studymodel
2020-03-14 21:56:59.421 [main] DEBUG o.h.cfg.annotations.PropertyBinder - Building property studymodel
2020-03-14 21:56:59.421 [main] DEBUG org.hibernate.cfg.Ejb3Column - Binding column: Ejb3Column{table=org.hibernate.mapping.Table(course_pub), mappingColumn=teachmode, insertable=true, updatable=true, unique=false}
2020-03-14 21:56:59.421 [main] DEBUG o.h.cfg.annotations.PropertyBinder - MetadataSourceProcessor property teachmode with lazy=false
2020-03-14 21:56:59.421 [main] DEBUG o.h.cfg.AbstractPropertyHolder - Attempting to locate auto-apply AttributeConverter for property [com.ningmeng.framework.domain.course.CoursePub:teachmode]
2020-03-14 21:56:59.421 [main] DEBUG o.h.c.annotations.SimpleValueBinder - building SimpleValue for teachmode
2020-03-14 21:56:59.421 [main] DEBUG o.h.cfg.annotations.PropertyBinder - Building property teachmode
2020-03-14 21:56:59.421 [main] DEBUG org.hibernate.cfg.Ejb3Column - Binding column: Ejb3Column{table=org.hibernate.mapping.Table(course_pub), mappingColumn=teachplan, insertable=true, updatable=true, unique=false}
2020-03-14 21:56:59.422 [main] DEBUG o.h.cfg.annotations.PropertyBinder - MetadataSourceProcessor property teachplan with lazy=false
2020-03-14 21:56:59.422 [main] DEBUG o.h.cfg.AbstractPropertyHolder - Attempting to locate auto-apply AttributeConverter for property [com.ningmeng.framework.domain.course.CoursePub:teachplan]
2020-03-14 21:56:59.422 [main] DEBUG o.h.c.annotations.SimpleValueBinder - building SimpleValue for teachplan
2020-03-14 21:56:59.422 [main] DEBUG o.h.cfg.annotations.PropertyBinder - Building property teachplan
2020-03-14 21:56:59.422 [main] DEBUG org.hibernate.cfg.Ejb3Column - Binding column: Ejb3Column{table=org.hibernate.mapping.Table(course_pub), mappingColumn=timestamp, insertable=true, updatable=true, unique=false}
2020-03-14 21:56:59.422 [main] DEBUG o.h.cfg.annotations.PropertyBinder - MetadataSourceProcessor property timestamp with lazy=false
2020-03-14 21:56:59.422 [main] DEBUG o.h.cfg.AbstractPropertyHolder - Attempting to locate auto-apply AttributeConverter for property [com.ningmeng.framework.domain.course.CoursePub:timestamp]
2020-03-14 21:56:59.422 [main] DEBUG o.h.c.annotations.SimpleValueBinder - building SimpleValue for timestamp
2020-03-14 21:56:59.422 [main] DEBUG o.h.cfg.annotations.PropertyBinder - Building property timestamp
2020-03-14 21:56:59.422 [main] DEBUG org.hibernate.cfg.Ejb3Column - Binding column: Ejb3Column{table=org.hibernate.mapping.Table(course_pub), mappingColumn=users, insertable=true, updatable=true, unique=false}
2020-03-14 21:56:59.422 [main] DEBUG o.h.cfg.annotations.PropertyBinder - MetadataSourceProcessor property users with lazy=false
2020-03-14 21:56:59.422 [main] DEBUG o.h.cfg.AbstractPropertyHolder - Attempting to locate auto-apply AttributeConverter for property [com.ningmeng.framework.domain.course.CoursePub:users]
2020-03-14 21:56:59.423 [main] DEBUG o.h.c.annotations.SimpleValueBinder - building SimpleValue for users
2020-03-14 21:56:59.423 [main] DEBUG o.h.cfg.annotations.PropertyBinder - Building property users
2020-03-14 21:56:59.423 [main] DEBUG org.hibernate.cfg.Ejb3Column - Binding column: Ejb3Column{table=org.hibernate.mapping.Table(course_pub), mappingColumn=valid, insertable=true, updatable=true, unique=false}
2020-03-14 21:56:59.423 [main] DEBUG o.h.cfg.annotations.PropertyBinder - MetadataSourceProcessor property valid with lazy=false
2020-03-14 21:56:59.423 [main] DEBUG o.h.cfg.AbstractPropertyHolder - Attempting to locate auto-apply AttributeConverter for property [com.ningmeng.framework.domain.course.CoursePub:valid]
2020-03-14 21:56:59.423 [main] DEBUG o.h.c.annotations.SimpleValueBinder - building SimpleValue for valid
2020-03-14 21:56:59.423 [main] DEBUG o.h.cfg.annotations.PropertyBinder - Building property valid
2020-03-14 21:56:59.431 [main] DEBUG o.h.c.annotations.SimpleValueBinder - Starting fillSimpleValue for id
2020-03-14 21:56:59.432 [main] DEBUG o.h.c.annotations.SimpleValueBinder - Starting fillSimpleValue for charge
2020-03-14 21:56:59.432 [main] DEBUG o.h.c.annotations.SimpleValueBinder - Starting fillSimpleValue for description
2020-03-14 21:56:59.432 [main] DEBUG o.h.c.annotations.SimpleValueBinder - Starting fillSimpleValue for expires
2020-03-14 21:56:59.432 [main] DEBUG o.h.c.annotations.SimpleValueBinder - Starting fillSimpleValue for grade
2020-03-14 21:56:59.432 [main] DEBUG o.h.c.annotations.SimpleValueBinder - Starting fillSimpleValue for mt
2020-03-14 21:56:59.433 [main] DEBUG o.h.c.annotations.SimpleValueBinder - Starting fillSimpleValue for name
2020-03-14 21:56:59.433 [main] DEBUG o.h.c.annotations.SimpleValueBinder - Starting fillSimpleValue for pic
2020-03-14 21:56:59.433 [main] DEBUG o.h.c.annotations.SimpleValueBinder - Starting fillSimpleValue for price
2020-03-14 21:56:59.433 [main] DEBUG o.h.c.annotations.SimpleValueBinder - Starting fillSimpleValue for price_old
2020-03-14 21:56:59.433 [main] DEBUG o.h.c.annotations.SimpleValueBinder - Starting fillSimpleValue for qq
2020-03-14 21:56:59.434 [main] DEBUG o.h.c.annotations.SimpleValueBinder - Starting fillSimpleValue for st
2020-03-14 21:56:59.434 [main] DEBUG o.h.c.annotations.SimpleValueBinder - Starting fillSimpleValue for studymodel
2020-03-14 21:56:59.434 [main] DEBUG o.h.c.annotations.SimpleValueBinder - Starting fillSimpleValue for teachplan
2020-03-14 21:56:59.434 [main] DEBUG o.h.c.annotations.SimpleValueBinder - Starting fillSimpleValue for timestamp
2020-03-14 21:56:59.434 [main] DEBUG o.h.c.annotations.SimpleValueBinder - Starting fillSimpleValue for users
2020-03-14 21:56:59.434 [main] DEBUG o.h.c.annotations.SimpleValueBinder - Starting fillSimpleValue for valid
2020-03-14 21:56:59.435 [main] DEBUG o.h.c.annotations.SimpleValueBinder - Starting fillSimpleValue for id
2020-03-14 21:56:59.435 [main] DEBUG o.h.c.annotations.SimpleValueBinder - Starting fillSimpleValue for courseid
2020-03-14 21:56:59.435 [main] DEBUG o.h.c.annotations.SimpleValueBinder - Starting fillSimpleValue for description
2020-03-14 21:56:59.435 [main] DEBUG o.h.c.annotations.SimpleValueBinder - Starting fillSimpleValue for grade
2020-03-14 21:56:59.435 [main] DEBUG o.h.c.annotations.SimpleValueBinder - Starting fillSimpleValue for orderby
2020-03-14 21:56:59.435 [main] DEBUG o.h.c.annotations.SimpleValueBinder - Starting fillSimpleValue for parentid
2020-03-14 21:56:59.435 [main] DEBUG o.h.c.annotations.SimpleValueBinder - Starting fillSimpleValue for pname
2020-03-14 21:56:59.435 [main] DEBUG o.h.c.annotations.SimpleValueBinder - Starting fillSimpleValue for ptype
2020-03-14 21:56:59.435 [main] DEBUG o.h.c.annotations.SimpleValueBinder - Starting fillSimpleValue for status
2020-03-14 21:56:59.436 [main] DEBUG o.h.c.annotations.SimpleValueBinder - Starting fillSimpleValue for timelength
2020-03-14 21:56:59.436 [main] DEBUG o.h.c.annotations.SimpleValueBinder - Starting fillSimpleValue for trylearn
2020-03-14 21:56:59.436 [main] DEBUG o.h.c.annotations.SimpleValueBinder - Starting fillSimpleValue for id
2020-03-14 21:56:59.436 [main] DEBUG o.h.c.annotations.SimpleValueBinder - Starting fillSimpleValue for isleaf
2020-03-14 21:56:59.436 [main] DEBUG o.h.c.annotations.SimpleValueBinder - Starting fillSimpleValue for isshow
2020-03-14 21:56:59.436 [main] DEBUG o.h.c.annotations.SimpleValueBinder - Starting fillSimpleValue for label
2020-03-14 21:56:59.436 [main] DEBUG o.h.c.annotations.SimpleValueBinder - Starting fillSimpleValue for name
2020-03-14 21:56:59.436 [main] DEBUG o.h.c.annotations.SimpleValueBinder - Starting fillSimpleValue for orderby
2020-03-14 21:56:59.436 [main] DEBUG o.h.c.annotations.SimpleValueBinder - Starting fillSimpleValue for parentid
2020-03-14 21:56:59.436 [main] DEBUG o.h.c.annotations.SimpleValueBinder - Starting fillSimpleValue for id
2020-03-14 21:56:59.436 [main] DEBUG o.h.c.annotations.SimpleValueBinder - Starting fillSimpleValue for companyId
2020-03-14 21:56:59.436 [main] DEBUG o.h.c.annotations.SimpleValueBinder - Starting fillSimpleValue for description
2020-03-14 21:56:59.436 [main] DEBUG o.h.c.annotations.SimpleValueBinder - Starting fillSimpleValue for grade
2020-03-14 21:56:59.436 [main] DEBUG o.h.c.annotations.SimpleValueBinder - Starting fillSimpleValue for mt
2020-03-14 21:56:59.436 [main] DEBUG o.h.c.annotations.SimpleValueBinder - Starting fillSimpleValue for name
2020-03-14 21:56:59.436 [main] DEBUG o.h.c.annotations.SimpleValueBinder - Starting fillSimpleValue for st
2020-03-14 21:56:59.436 [main] DEBUG o.h.c.annotations.SimpleValueBinder - Starting fillSimpleValue for status
2020-03-14 21:56:59.436 [main] DEBUG o.h.c.annotations.SimpleValueBinder - Starting fillSimpleValue for studymodel
2020-03-14 21:56:59.436 [main] DEBUG o.h.c.annotations.SimpleValueBinder - Starting fillSimpleValue for teachmode
2020-03-14 21:56:59.436 [main] DEBUG o.h.c.annotations.SimpleValueBinder - Starting fillSimpleValue for userId
2020-03-14 21:56:59.436 [main] DEBUG o.h.c.annotations.SimpleValueBinder - Starting fillSimpleValue for users
2020-03-14 21:56:59.436 [main] DEBUG o.h.c.annotations.SimpleValueBinder - Starting fillSimpleValue for teachplanId
2020-03-14 21:56:59.436 [main] DEBUG o.h.c.annotations.SimpleValueBinder - Starting fillSimpleValue for courseId
2020-03-14 21:56:59.436 [main] DEBUG o.h.c.annotations.SimpleValueBinder - Starting fillSimpleValue for mediaFileOriginalName
2020-03-14 21:56:59.436 [main] DEBUG o.h.c.annotations.SimpleValueBinder - Starting fillSimpleValue for mediaId
2020-03-14 21:56:59.436 [main] DEBUG o.h.c.annotations.SimpleValueBinder - Starting fillSimpleValue for mediaUrl
2020-03-14 21:56:59.437 [main] DEBUG o.h.c.annotations.SimpleValueBinder - Starting fillSimpleValue for courseid
2020-03-14 21:56:59.437 [main] DEBUG o.h.c.annotations.SimpleValueBinder - Starting fillSimpleValue for pic
2020-03-14 21:56:59.437 [main] DEBUG o.h.c.annotations.SimpleValueBinder - Starting fillSimpleValue for teachplanId
2020-03-14 21:56:59.437 [main] DEBUG o.h.c.annotations.SimpleValueBinder - Starting fillSimpleValue for courseId
2020-03-14 21:56:59.437 [main] DEBUG o.h.c.annotations.SimpleValueBinder - Starting fillSimpleValue for mediaFileOriginalName
2020-03-14 21:56:59.437 [main] DEBUG o.h.c.annotations.SimpleValueBinder - Starting fillSimpleValue for mediaId
2020-03-14 21:56:59.437 [main] DEBUG o.h.c.annotations.SimpleValueBinder - Starting fillSimpleValue for mediaUrl
2020-03-14 21:56:59.437 [main] DEBUG o.h.c.annotations.SimpleValueBinder - Starting fillSimpleValue for timestamp
2020-03-14 21:56:59.437 [main] DEBUG o.h.c.annotations.SimpleValueBinder - Starting fillSimpleValue for id
2020-03-14 21:56:59.437 [main] DEBUG o.h.c.annotations.SimpleValueBinder - Starting fillSimpleValue for charge
2020-03-14 21:56:59.437 [main] DEBUG o.h.c.annotations.SimpleValueBinder - Starting fillSimpleValue for endTime
2020-03-14 21:56:59.437 [main] DEBUG o.h.c.annotations.SimpleValueBinder - Starting fillSimpleValue for price
2020-03-14 21:56:59.437 [main] DEBUG o.h.c.annotations.SimpleValueBinder - Starting fillSimpleValue for price_old
2020-03-14 21:56:59.437 [main] DEBUG o.h.c.annotations.SimpleValueBinder - Starting fillSimpleValue for qq
2020-03-14 21:56:59.437 [main] DEBUG o.h.c.annotations.SimpleValueBinder - Starting fillSimpleValue for startTime
2020-03-14 21:56:59.437 [main] DEBUG o.h.c.annotations.SimpleValueBinder - Starting fillSimpleValue for valid
2020-03-14 21:56:59.438 [main] DEBUG o.h.c.annotations.SimpleValueBinder - Starting fillSimpleValue for id
2020-03-14 21:56:59.438 [main] DEBUG o.h.c.annotations.SimpleValueBinder - Starting fillSimpleValue for charge
2020-03-14 21:56:59.438 [main] DEBUG o.h.c.annotations.SimpleValueBinder - Starting fillSimpleValue for description
2020-03-14 21:56:59.438 [main] DEBUG o.h.c.annotations.SimpleValueBinder - Starting fillSimpleValue for expires
2020-03-14 21:56:59.438 [main] DEBUG o.h.c.annotations.SimpleValueBinder - Starting fillSimpleValue for grade
2020-03-14 21:56:59.438 [main] DEBUG o.h.c.annotations.SimpleValueBinder - Starting fillSimpleValue for mt
2020-03-14 21:56:59.438 [main] DEBUG o.h.c.annotations.SimpleValueBinder - Starting fillSimpleValue for name
2020-03-14 21:56:59.438 [main] DEBUG o.h.c.annotations.SimpleValueBinder - Starting fillSimpleValue for pic
2020-03-14 21:56:59.438 [main] DEBUG o.h.c.annotations.SimpleValueBinder - Starting fillSimpleValue for price
2020-03-14 21:56:59.438 [main] DEBUG o.h.c.annotations.SimpleValueBinder - Starting fillSimpleValue for price_old
2020-03-14 21:56:59.438 [main] DEBUG o.h.c.annotations.SimpleValueBinder - Starting fillSimpleValue for qq
2020-03-14 21:56:59.438 [main] DEBUG o.h.c.annotations.SimpleValueBinder - Starting fillSimpleValue for st
2020-03-14 21:56:59.438 [main] DEBUG o.h.c.annotations.SimpleValueBinder - Starting fillSimpleValue for studymodel
2020-03-14 21:56:59.438 [main] DEBUG o.h.c.annotations.SimpleValueBinder - Starting fillSimpleValue for teachplan
2020-03-14 21:56:59.438 [main] DEBUG o.h.c.annotations.SimpleValueBinder - Starting fillSimpleValue for timestamp
2020-03-14 21:56:59.438 [main] DEBUG o.h.c.annotations.SimpleValueBinder - Starting fillSimpleValue for users
2020-03-14 21:56:59.438 [main] DEBUG o.h.c.annotations.SimpleValueBinder - Starting fillSimpleValue for valid
2020-03-14 21:56:59.438 [main] DEBUG o.h.c.annotations.SimpleValueBinder - Starting fillSimpleValue for id
2020-03-14 21:56:59.438 [main] DEBUG o.h.c.annotations.SimpleValueBinder - Starting fillSimpleValue for charge
2020-03-14 21:56:59.438 [main] DEBUG o.h.c.annotations.SimpleValueBinder - Starting fillSimpleValue for description
2020-03-14 21:56:59.438 [main] DEBUG o.h.c.annotations.SimpleValueBinder - Starting fillSimpleValue for expires
2020-03-14 21:56:59.438 [main] DEBUG o.h.c.annotations.SimpleValueBinder - Starting fillSimpleValue for grade
2020-03-14 21:56:59.438 [main] DEBUG o.h.c.annotations.SimpleValueBinder - Starting fillSimpleValue for mt
2020-03-14 21:56:59.439 [main] DEBUG o.h.c.annotations.SimpleValueBinder - Starting fillSimpleValue for name
2020-03-14 21:56:59.439 [main] DEBUG o.h.c.annotations.SimpleValueBinder - Starting fillSimpleValue for pic
2020-03-14 21:56:59.439 [main] DEBUG o.h.c.annotations.SimpleValueBinder - Starting fillSimpleValue for price
2020-03-14 21:56:59.439 [main] DEBUG o.h.c.annotations.SimpleValueBinder - Starting fillSimpleValue for price_old
2020-03-14 21:56:59.439 [main] DEBUG o.h.c.annotations.SimpleValueBinder - Starting fillSimpleValue for qq
2020-03-14 21:56:59.439 [main] DEBUG o.h.c.annotations.SimpleValueBinder - Starting fillSimpleValue for st
2020-03-14 21:56:59.439 [main] DEBUG o.h.c.annotations.SimpleValueBinder - Starting fillSimpleValue for studymodel
2020-03-14 21:56:59.439 [main] DEBUG o.h.c.annotations.SimpleValueBinder - Starting fillSimpleValue for teachmode
2020-03-14 21:56:59.439 [main] DEBUG o.h.c.annotations.SimpleValueBinder - Starting fillSimpleValue for teachplan
2020-03-14 21:56:59.439 [main] DEBUG o.h.c.annotations.SimpleValueBinder - Starting fillSimpleValue for timestamp
2020-03-14 21:56:59.439 [main] DEBUG o.h.c.annotations.SimpleValueBinder - Starting fillSimpleValue for users
2020-03-14 21:56:59.439 [main] DEBUG o.h.c.annotations.SimpleValueBinder - Starting fillSimpleValue for valid
2020-03-14 21:56:59.439 [main] DEBUG o.h.c.annotations.SimpleValueBinder - Starting fillSimpleValue for id
2020-03-14 21:56:59.439 [main] DEBUG o.h.c.annotations.SimpleValueBinder - Starting fillSimpleValue for charge
2020-03-14 21:56:59.439 [main] DEBUG o.h.c.annotations.SimpleValueBinder - Starting fillSimpleValue for description
2020-03-14 21:56:59.439 [main] DEBUG o.h.c.annotations.SimpleValueBinder - Starting fillSimpleValue for expires
2020-03-14 21:56:59.439 [main] DEBUG o.h.c.annotations.SimpleValueBinder - Starting fillSimpleValue for grade
2020-03-14 21:56:59.439 [main] DEBUG o.h.c.annotations.SimpleValueBinder - Starting fillSimpleValue for mt
2020-03-14 21:56:59.439 [main] DEBUG o.h.c.annotations.SimpleValueBinder - Starting fillSimpleValue for name
2020-03-14 21:56:59.440 [main] DEBUG o.h.c.annotations.SimpleValueBinder - Starting fillSimpleValue for pic
2020-03-14 21:56:59.440 [main] DEBUG o.h.c.annotations.SimpleValueBinder - Starting fillSimpleValue for price
2020-03-14 21:56:59.440 [main] DEBUG o.h.c.annotations.SimpleValueBinder - Starting fillSimpleValue for price_old
2020-03-14 21:56:59.440 [main] DEBUG o.h.c.annotations.SimpleValueBinder - Starting fillSimpleValue for pubTime
2020-03-14 21:56:59.440 [main] DEBUG o.h.c.annotations.SimpleValueBinder - Starting fillSimpleValue for qq
2020-03-14 21:56:59.440 [main] DEBUG o.h.c.annotations.SimpleValueBinder - Starting fillSimpleValue for st
2020-03-14 21:56:59.440 [main] DEBUG o.h.c.annotations.SimpleValueBinder - Starting fillSimpleValue for studymodel
2020-03-14 21:56:59.440 [main] DEBUG o.h.c.annotations.SimpleValueBinder - Starting fillSimpleValue for teachmode
2020-03-14 21:56:59.440 [main] DEBUG o.h.c.annotations.SimpleValueBinder - Starting fillSimpleValue for teachplan
2020-03-14 21:56:59.440 [main] DEBUG o.h.c.annotations.SimpleValueBinder - Starting fillSimpleValue for timestamp
2020-03-14 21:56:59.440 [main] DEBUG o.h.c.annotations.SimpleValueBinder - Starting fillSimpleValue for users
2020-03-14 21:56:59.440 [main] DEBUG o.h.c.annotations.SimpleValueBinder - Starting fillSimpleValue for valid
2020-03-14 21:56:59.444 [main] DEBUG org.hibernate.mapping.PrimaryKey - Forcing column [id] to be non-null as it is part of the primary key for table [course_pre]
2020-03-14 21:56:59.445 [main] DEBUG org.hibernate.mapping.PrimaryKey - Forcing column [id] to be non-null as it is part of the primary key for table [teachplan]
2020-03-14 21:56:59.445 [main] DEBUG org.hibernate.mapping.PrimaryKey - Forcing column [id] to be non-null as it is part of the primary key for table [category]
2020-03-14 21:56:59.445 [main] DEBUG org.hibernate.mapping.PrimaryKey - Forcing column [id] to be non-null as it is part of the primary key for table [course_base]
2020-03-14 21:56:59.445 [main] DEBUG org.hibernate.mapping.PrimaryKey - Forcing column [teachplan_id] to be non-null as it is part of the primary key for table [teachplan_media]
2020-03-14 21:56:59.445 [main] DEBUG org.hibernate.mapping.PrimaryKey - Forcing column [courseid] to be non-null as it is part of the primary key for table [course_pic]
2020-03-14 21:56:59.445 [main] DEBUG org.hibernate.mapping.PrimaryKey - Forcing column [teachplan_id] to be non-null as it is part of the primary key for table [teachplan_media_pub]
2020-03-14 21:56:59.445 [main] DEBUG org.hibernate.mapping.PrimaryKey - Forcing column [id] to be non-null as it is part of the primary key for table [course_market]
2020-03-14 21:56:59.445 [main] DEBUG org.hibernate.mapping.PrimaryKey - Forcing column [id] to be non-null as it is part of the primary key for table [course_off]
2020-03-14 21:56:59.445 [main] DEBUG org.hibernate.mapping.PrimaryKey - Forcing column [id] to be non-null as it is part of the primary key for table [course_index]
2020-03-14 21:56:59.445 [main] DEBUG org.hibernate.mapping.PrimaryKey - Forcing column [id] to be non-null as it is part of the primary key for table [course_pub]
2020-03-14 21:56:59.469 [main] WARN  org.hibernate.id.UUIDHexGenerator - HHH000409: Using org.hibernate.id.UUIDHexGenerator which does not generate IETF RFC 4122 compliant UUID values; consider using org.hibernate.id.UUIDGenerator instead
2020-03-14 21:56:59.597 [main] DEBUG o.h.internal.SessionFactoryImpl - Building session factory
2020-03-14 21:56:59.598 [main] DEBUG org.hibernate.cfg.Settings - SessionFactory name : null
2020-03-14 21:56:59.598 [main] DEBUG org.hibernate.cfg.Settings - Automatic flush during beforeCompletion(): enabled
2020-03-14 21:56:59.598 [main] DEBUG org.hibernate.cfg.Settings - Automatic session close at end of transaction: disabled
2020-03-14 21:56:59.598 [main] DEBUG org.hibernate.cfg.Settings - Statistics: disabled
2020-03-14 21:56:59.598 [main] DEBUG org.hibernate.cfg.Settings - Deleted entity synthetic identifier rollback: disabled
2020-03-14 21:56:59.598 [main] DEBUG org.hibernate.cfg.Settings - Default entity-mode: pojo
2020-03-14 21:56:59.598 [main] DEBUG org.hibernate.cfg.Settings - Check Nullability in Core (should be disabled when Bean Validation is on): enabled
2020-03-14 21:56:59.599 [main] DEBUG org.hibernate.cfg.Settings - Allow initialization of lazy state outside session : disabled
2020-03-14 21:56:59.599 [main] DEBUG org.hibernate.cfg.Settings - Using BatchFetchStyle : LEGACY
2020-03-14 21:56:59.599 [main] DEBUG org.hibernate.cfg.Settings - Default batch fetch size: -1
2020-03-14 21:56:59.599 [main] DEBUG org.hibernate.cfg.Settings - Maximum outer join fetch depth: 2
2020-03-14 21:56:59.599 [main] DEBUG org.hibernate.cfg.Settings - Default null ordering: NONE
2020-03-14 21:56:59.599 [main] DEBUG org.hibernate.cfg.Settings - Order SQL updates by primary key: disabled
2020-03-14 21:56:59.599 [main] DEBUG org.hibernate.cfg.Settings - Order SQL inserts for batching: disabled
2020-03-14 21:56:59.599 [main] DEBUG org.hibernate.cfg.Settings - multi-tenancy strategy : NONE
2020-03-14 21:56:59.599 [main] DEBUG org.hibernate.cfg.Settings - JTA Track by Thread: enabled
2020-03-14 21:56:59.599 [main] DEBUG org.hibernate.cfg.Settings - Query language substitutions: {}
2020-03-14 21:56:59.599 [main] DEBUG org.hibernate.cfg.Settings - JPA query language strict compliance: disabled
2020-03-14 21:56:59.599 [main] DEBUG org.hibernate.cfg.Settings - Named query checking : enabled
2020-03-14 21:56:59.599 [main] DEBUG org.hibernate.cfg.Settings - Second-level cache: enabled
2020-03-14 21:56:59.599 [main] DEBUG org.hibernate.cfg.Settings - Second-level query cache: disabled
2020-03-14 21:56:59.599 [main] DEBUG org.hibernate.cfg.Settings - Second-level query cache factory: org.hibernate.cache.internal.StandardQueryCacheFactory@1bbb42b4
2020-03-14 21:56:59.599 [main] DEBUG org.hibernate.cfg.Settings - Second-level cache region prefix: null
2020-03-14 21:56:59.599 [main] DEBUG org.hibernate.cfg.Settings - Optimize second-level cache for minimal puts: disabled
2020-03-14 21:56:59.599 [main] DEBUG org.hibernate.cfg.Settings - Structured second-level cache entries: disabled
2020-03-14 21:56:59.599 [main] DEBUG org.hibernate.cfg.Settings - Second-level cache direct-reference entries: disabled
2020-03-14 21:56:59.599 [main] DEBUG org.hibernate.cfg.Settings - Automatic eviction of collection cache: disabled
2020-03-14 21:56:59.599 [main] DEBUG org.hibernate.cfg.Settings - JDBC batch size: 15
2020-03-14 21:56:59.599 [main] DEBUG org.hibernate.cfg.Settings - JDBC batch updates for versioned data: enabled
2020-03-14 21:56:59.599 [main] DEBUG org.hibernate.cfg.Settings - Scrollable result sets: enabled
2020-03-14 21:56:59.599 [main] DEBUG org.hibernate.cfg.Settings - Wrap result sets: disabled
2020-03-14 21:56:59.599 [main] DEBUG org.hibernate.cfg.Settings - JDBC3 getGeneratedKeys(): enabled
2020-03-14 21:56:59.599 [main] DEBUG org.hibernate.cfg.Settings - JDBC result set fetch size: null
2020-03-14 21:56:59.600 [main] DEBUG org.hibernate.cfg.Settings - Connection release mode: ON_CLOSE
2020-03-14 21:56:59.600 [main] DEBUG org.hibernate.cfg.Settings - Generate SQL with comments: disabled
2020-03-14 21:56:59.802 [main] DEBUG o.h.internal.SessionFactoryImpl - Session factory constructed with filter configurations : {}
2020-03-14 21:56:59.805 [main] DEBUG o.h.internal.SessionFactoryImpl - Instantiating session factory with properties: {sun.desktop=windows, awt.toolkit=sun.awt.windows.WToolkit, hibernate.id.new_generator_mappings=true, file.encoding.pkg=sun.io, java.specification.version=1.8, sun.cpu.isalist=amd64, hibernate.connection.handling_mode=DELAYED_ACQUISITION_AND_HOLD, sun.jnu.encoding=GBK, hibernate.dialect=org.hibernate.dialect.MySQL5Dialect, hibernate.implicit_naming_strategy=org.springframework.boot.orm.jpa.hibernate.SpringImplicitNamingStrategy, java.class.path=E:\1704A\hdServiceCode\nm-service-manage-course\target\test-classes;E:\1704A\hdServiceCode\nm-service-manage-course\target\classes;E:\1704A\repository\org\springframework\cloud\spring-cloud-starter-oauth2\2.0.0.RELEASE\spring-cloud-starter-oauth2-2.0.0.RELEASE.jar;E:\1704A\repository\org\springframework\cloud\spring-cloud-starter-security\2.0.0.RELEASE\spring-cloud-starter-security-2.0.0.RELEASE.jar;E:\1704A\repository\org\springframework\boot\spring-boot-starter-actuator\2.0.1.RELEASE\spring-boot-starter-actuator-2.0.1.RELEASE.jar;E:\1704A\repository\org\springframework\boot\spring-boot-actuator-autoconfigure\2.0.1.RELEASE\spring-boot-actuator-autoconfigure-2.0.1.RELEASE.jar;E:\1704A\repository\org\springframework\boot\spring-boot-actuator\2.0.1.RELEASE\spring-boot-actuator-2.0.1.RELEASE.jar;E:\1704A\repository\io\micrometer\micrometer-core\1.0.3\micrometer-core-1.0.3.jar;E:\1704A\repository\org\latencyutils\LatencyUtils\2.0.3\LatencyUtils-2.0.3.jar;E:\1704A\repository\org\springframework\cloud\spring-cloud-security\2.0.0.RELEASE\spring-cloud-security-2.0.0.RELEASE.jar;E:\1704A\repository\org\springframework\boot\spring-boot-starter-security\2.0.1.RELEASE\spring-boot-starter-security-2.0.1.RELEASE.jar;E:\1704A\repository\org\springframework\security\oauth\boot\spring-security-oauth2-autoconfigure\2.0.0.RELEASE\spring-security-oauth2-autoconfigure-2.0.0.RELEASE.jar;E:\1704A\repository\com\fasterxml\jackson\core\jackson-annotations\2.9.0\jackson-annotations-2.9.0.jar;E:\1704A\repository\com\fasterxml\jackson\core\jackson-databind\2.9.5\jackson-databind-2.9.5.jar;E:\1704A\repository\org\springframework\boot\spring-boot\2.0.1.RELEASE\spring-boot-2.0.1.RELEASE.jar;E:\1704A\repository\org\springframework\security\oauth\spring-security-oauth2\2.2.1.RELEASE\spring-security-oauth2-2.2.1.RELEASE.jar;E:\1704A\repository\org\springframework\security\spring-security-core\5.0.4.RELEASE\spring-security-core-5.0.4.RELEASE.jar;E:\1704A\repository\org\springframework\security\spring-security-config\5.0.4.RELEASE\spring-security-config-5.0.4.RELEASE.jar;E:\1704A\repository\org\springframework\security\spring-security-web\5.0.4.RELEASE\spring-security-web-5.0.4.RELEASE.jar;E:\1704A\repository\org\codehaus\jackson\jackson-mapper-asl\1.9.13\jackson-mapper-asl-1.9.13.jar;E:\1704A\repository\org\codehaus\jackson\jackson-core-asl\1.9.13\jackson-core-asl-1.9.13.jar;E:\1704A\repository\com\github\pagehelper\pagehelper-spring-boot-starter\1.2.4\pagehelper-spring-boot-starter-1.2.4.jar;E:\1704A\repository\org\springframework\boot\spring-boot-starter\2.0.1.RELEASE\spring-boot-starter-2.0.1.RELEASE.jar;E:\1704A\repository\javax\annotation\javax.annotation-api\1.3.2\javax.annotation-api-1.3.2.jar;E:\1704A\repository\org\yaml\snakeyaml\1.19\snakeyaml-1.19.jar;E:\1704A\repository\com\github\pagehelper\pagehelper-spring-boot-autoconfigure\1.2.4\pagehelper-spring-boot-autoconfigure-1.2.4.jar;E:\1704A\repository\com\github\pagehelper\pagehelper\5.1.3\pagehelper-5.1.3.jar;E:\1704A\repository\com\github\jsqlparser\jsqlparser\1.0\jsqlparser-1.0.jar;E:\1704A\hdServiceCode\nm-service-api\target\nm-service-api.jar;E:\1704A\repository\commons-fileupload\commons-fileupload\1.3.3\commons-fileupload-1.3.3.jar;E:\1704A\repository\io\springfox\springfox-swagger2\2.7.0\springfox-swagger2-2.7.0.jar;E:\1704A\repository\io\swagger\swagger-annotations\1.5.13\swagger-annotations-1.5.13.jar;E:\1704A\repository\io\swagger\swagger-models\1.5.13\swagger-models-1.5.13.jar;E:\1704A\repository\io\springfox\springfox-spi\2.7.0\springfox-spi-2.7.0.jar;E:\1704A\repository\io\springfox\springfox-core\2.7.0\springfox-core-2.7.0.jar;E:\1704A\repository\io\springfox\springfox-schema\2.7.0\springfox-schema-2.7.0.jar;E:\1704A\repository\io\springfox\springfox-swagger-common\2.7.0\springfox-swagger-common-2.7.0.jar;E:\1704A\repository\io\springfox\springfox-spring-web\2.7.0\springfox-spring-web-2.7.0.jar;E:\1704A\repository\org\reflections\reflections\0.9.11\reflections-0.9.11.jar;E:\1704A\repository\com\fasterxml\classmate\1.3.4\classmate-1.3.4.jar;E:\1704A\repository\org\springframework\plugin\spring-plugin-core\1.2.0.RELEASE\spring-plugin-core-1.2.0.RELEASE.jar;E:\1704A\repository\org\springframework\plugin\spring-plugin-metadata\1.2.0.RELEASE\spring-plugin-metadata-1.2.0.RELEASE.jar;E:\1704A\repository\org\mapstruct\mapstruct\1.1.0.Final\mapstruct-1.1.0.Final.jar;E:\1704A\repository\io\springfox\springfox-swagger-ui\2.7.0\springfox-swagger-ui-2.7.0.jar;E:\1704A\hdServiceCode\nm-framework-model\target\nm-framework-model.jar;E:\1704A\repository\org\projectlombok\lombok\1.16.16\lombok-1.16.16.jar;E:\1704A\repository\org\springframework\data\spring-data-commons\2.0.6.RELEASE\spring-data-commons-2.0.6.RELEASE.jar;E:\1704A\repository\org\springframework\data\spring-data-mongodb\2.0.6.RELEASE\spring-data-mongodb-2.0.6.RELEASE.jar;E:\1704A\repository\org\springframework\spring-context\5.0.5.RELEASE\spring-context-5.0.5.RELEASE.jar;E:\1704A\repository\org\springframework\spring-expression\5.0.5.RELEASE\spring-expression-5.0.5.RELEASE.jar;E:\1704A\repository\org\mongodb\mongo-java-driver\3.6.3\mongo-java-driver-3.6.3.jar;E:\1704A\repository\org\hibernate\hibernate-core\5.2.16.Final\hibernate-core-5.2.16.Final.jar;E:\1704A\repository\org\jboss\logging\jboss-logging\3.3.2.Final\jboss-logging-3.3.2.Final.jar;E:\1704A\repository\org\hibernate\javax\persistence\hibernate-jpa-2.1-api\1.0.0.Final\hibernate-jpa-2.1-api-1.0.0.Final.jar;E:\1704A\repository\org\javassist\javassist\3.22.0-GA\javassist-3.22.0-GA.jar;E:\1704A\repository\antlr\antlr\2.7.7\antlr-2.7.7.jar;E:\1704A\repository\org\jboss\spec\javax\transaction\jboss-transaction-api_1.2_spec\1.0.1.Final\jboss-transaction-api_1.2_spec-1.0.1.Final.jar;E:\1704A\repository\org\jboss\jandex\2.0.3.Final\jandex-2.0.3.Final.jar;E:\1704A\repository\dom4j\dom4j\1.6.1\dom4j-1.6.1.jar;E:\1704A\repository\org\hibernate\common\hibernate-commons-annotations\5.0.1.Final\hibernate-commons-annotations-5.0.1.Final.jar;E:\1704A\repository\com\google\guava\guava\24.0-jre\guava-24.0-jre.jar;E:\1704A\repository\com\google\code\findbugs\jsr305\1.3.9\jsr305-1.3.9.jar;E:\1704A\repository\org\checkerframework\checker-compat-qual\2.0.0\checker-compat-qual-2.0.0.jar;E:\1704A\repository\com\google\errorprone\error_prone_annotations\2.1.3\error_prone_annotations-2.1.3.jar;E:\1704A\repository\com\google\j2objc\j2objc-annotations\1.1\j2objc-annotations-1.1.jar;E:\1704A\repository\org\codehaus\mojo\animal-sniffer-annotations\1.14\animal-sniffer-annotations-1.14.jar;E:\1704A\hdServiceCode\nm-framework-utils\target\nm-framework-utils.jar;E:\1704A\repository\javax\servlet\javax.servlet-api\3.1.0\javax.servlet-api-3.1.0.jar;E:\1704A\repository\org\springframework\boot\spring-boot-starter-logging\2.0.1.RELEASE\spring-boot-starter-logging-2.0.1.RELEASE.jar;E:\1704A\repository\ch\qos\logback\logback-classic\1.2.3\logback-classic-1.2.3.jar;E:\1704A\repository\ch\qos\logback\logback-core\1.2.3\logback-core-1.2.3.jar;E:\1704A\repository\org\apache\logging\log4j\log4j-to-slf4j\2.10.0\log4j-to-slf4j-2.10.0.jar;E:\1704A\repository\org\apache\logging\log4j\log4j-api\2.10.0\log4j-api-2.10.0.jar;E:\1704A\repository\org\slf4j\jul-to-slf4j\1.7.25\jul-to-slf4j-1.7.25.jar;E:\1704A\repository\org\apache\httpcomponents\httpclient\4.5.5\httpclient-4.5.5.jar;E:\1704A\repository\org\apache\httpcomponents\httpcore\4.4.9\httpcore-4.4.9.jar;E:\1704A\repository\commons-codec\commons-codec\1.10\commons-codec-1.10.jar;E:\1704A\repository\net\lingala\zip4j\zip4j\1.3.1\zip4j-1.3.1.jar;E:\1704A\repository\org\springframework\security\spring-security-crypto\5.0.4.RELEASE\spring-security-crypto-5.0.4.RELEASE.jar;E:\1704A\repository\org\springframework\security\spring-security-jwt\1.0.8.RELEASE\spring-security-jwt-1.0.8.RELEASE.jar;E:\1704A\repository\org\bouncycastle\bcpkix-jdk15on\1.56\bcpkix-jdk15on-1.56.jar;E:\1704A\repository\org\bouncycastle\bcprov-jdk15on\1.56\bcprov-jdk15on-1.56.jar;E:\1704A\hdServiceCode\nm-framework-common\target\nm-framework-common.jar;E:\1704A\repository\org\springframework\spring-web\5.0.5.RELEASE\spring-web-5.0.5.RELEASE.jar;E:\1704A\repository\org\springframework\boot\spring-boot-starter-web\2.0.1.RELEASE\spring-boot-starter-web-2.0.1.RELEASE.jar;E:\1704A\repository\org\springframework\boot\spring-boot-starter-json\2.0.1.RELEASE\spring-boot-starter-json-2.0.1.RELEASE.jar;E:\1704A\repository\com\fasterxml\jackson\datatype\jackson-datatype-jdk8\2.9.5\jackson-datatype-jdk8-2.9.5.jar;E:\1704A\repository\com\fasterxml\jackson\datatype\jackson-datatype-jsr310\2.9.5\jackson-datatype-jsr310-2.9.5.jar;E:\1704A\repository\com\fasterxml\jackson\module\jackson-module-parameter-names\2.9.5\jackson-module-parameter-names-2.9.5.jar;E:\1704A\repository\org\springframework\boot\spring-boot-starter-tomcat\2.0.1.RELEASE\spring-boot-starter-tomcat-2.0.1.RELEASE.jar;E:\1704A\repository\org\apache\tomcat\embed\tomcat-embed-core\8.5.28\tomcat-embed-core-8.5.28.jar;E:\1704A\repository\org\apache\tomcat\embed\tomcat-embed-el\8.5.28\tomcat-embed-el-8.5.28.jar;E:\1704A\repository\org\apache\tomcat\embed\tomcat-embed-websocket\8.5.28\tomcat-embed-websocket-8.5.28.jar;E:\1704A\repository\org\hibernate\validator\hibernate-validator\6.0.9.Final\hibernate-validator-6.0.9.Final.jar;E:\1704A\repository\javax\validation\validation-api\2.0.1.Final\validation-api-2.0.1.Final.jar;E:\1704A\repository\org\springframework\spring-webmvc\5.0.5.RELEASE\spring-webmvc-5.0.5.RELEASE.jar;E:\1704A\repository\org\springframework\spring-aop\5.0.5.RELEASE\spring-aop-5.0.5.RELEASE.jar;E:\1704A\repository\mysql\mysql-connector-java\5.1.40\mysql-connector-java-5.1.40.jar;E:\1704A\repository\com\alibaba\druid-spring-boot-starter\1.1.10\druid-spring-boot-starter-1.1.10.jar;E:\1704A\repository\com\alibaba\druid\1.1.6\druid-1.1.6.jar;E:\1704A\repository\org\slf4j\slf4j-api\1.7.25\slf4j-api-1.7.25.jar;E:\1704A\repository\org\springframework\boot\spring-boot-autoconfigure\2.0.1.RELEASE\spring-boot-autoconfigure-2.0.1.RELEASE.jar;E:\1704A\repository\org\mybatis\spring\boot\mybatis-spring-boot-starter\1.3.1\mybatis-spring-boot-starter-1.3.1.jar;E:\1704A\repository\org\springframework\boot\spring-boot-starter-jdbc\2.0.1.RELEASE\spring-boot-starter-jdbc-2.0.1.RELEASE.jar;E:\1704A\repository\com\zaxxer\HikariCP\2.7.8\HikariCP-2.7.8.jar;E:\1704A\repository\org\mybatis\spring\boot\mybatis-spring-boot-autoconfigure\1.3.1\mybatis-spring-boot-autoconfigure-1.3.1.jar;E:\1704A\repository\org\mybatis\mybatis\3.4.5\mybatis-3.4.5.jar;E:\1704A\repository\org\mybatis\mybatis-spring\1.3.1\mybatis-spring-1.3.1.jar;E:\1704A\repository\org\springframework\spring-orm\5.0.5.RELEASE\spring-orm-5.0.5.RELEASE.jar;E:\1704A\repository\org\springframework\spring-beans\5.0.5.RELEASE\spring-beans-5.0.5.RELEASE.jar;E:\1704A\repository\org\springframework\spring-core\5.0.5.RELEASE\spring-core-5.0.5.RELEASE.jar;E:\1704A\repository\org\springframework\spring-jcl\5.0.5.RELEASE\spring-jcl-5.0.5.RELEASE.jar;E:\1704A\repository\org\springframework\spring-jdbc\5.0.5.RELEASE\spring-jdbc-5.0.5.RELEASE.jar;E:\1704A\repository\org\springframework\spring-tx\5.0.5.RELEASE\spring-tx-5.0.5.RELEASE.jar;E:\1704A\repository\org\springframework\boot\spring-boot-starter-data-jpa\2.0.1.RELEASE\spring-boot-starter-data-jpa-2.0.1.RELEASE.jar;E:\1704A\repository\org\springframework\boot\spring-boot-starter-aop\2.0.1.RELEASE\spring-boot-starter-aop-2.0.1.RELEASE.jar;E:\1704A\repository\org\aspectj\aspectjweaver\1.8.13\aspectjweaver-1.8.13.jar;E:\1704A\repository\javax\transaction\javax.transaction-api\1.2\javax.transaction-api-1.2.jar;E:\1704A\repository\org\springframework\data\spring-data-jpa\2.0.6.RELEASE\spring-data-jpa-2.0.6.RELEASE.jar;E:\1704A\repository\org\springframework\spring-aspects\5.0.5.RELEASE\spring-aspects-5.0.5.RELEASE.jar;E:\1704A\repository\com\squareup\okhttp3\okhttp\3.9.1\okhttp-3.9.1.jar;E:\1704A\repository\com\squareup\okio\okio\1.13.0\okio-1.13.0.jar;E:\1704A\repository\com\alibaba\fastjson\1.2.30\fastjson-1.2.30.jar;E:\1704A\repository\commons-io\commons-io\2.6\commons-io-2.6.jar;E:\1704A\repository\org\apache\commons\commons-lang3\3.6\commons-lang3-3.6.jar;E:\1704A\repository\org\springframework\boot\spring-boot-starter-test\2.0.1.RELEASE\spring-boot-starter-test-2.0.1.RELEASE.jar;E:\1704A\repository\org\springframework\boot\spring-boot-test\2.0.1.RELEASE\spring-boot-test-2.0.1.RELEASE.jar;E:\1704A\repository\org\springframework\boot\spring-boot-test-autoconfigure\2.0.1.RELEASE\spring-boot-test-autoconfigure-2.0.1.RELEASE.jar;E:\1704A\repository\com\jayway\jsonpath\json-path\2.4.0\json-path-2.4.0.jar;E:\1704A\repository\net\minidev\json-smart\2.3\json-smart-2.3.jar;E:\1704A\repository\net\minidev\accessors-smart\1.2\accessors-smart-1.2.jar;E:\1704A\repository\org\ow2\asm\asm\5.0.4\asm-5.0.4.jar;E:\1704A\repository\junit\junit\4.12\junit-4.12.jar;E:\1704A\repository\org\assertj\assertj-core\3.9.1\assertj-core-3.9.1.jar;E:\1704A\repository\org\mockito\mockito-core\2.15.0\mockito-core-2.15.0.jar;E:\1704A\repository\net\bytebuddy\byte-buddy\1.7.11\byte-buddy-1.7.11.jar;E:\1704A\repository\net\bytebuddy\byte-buddy-agent\1.7.11\byte-buddy-agent-1.7.11.jar;E:\1704A\repository\org\objenesis\objenesis\2.6\objenesis-2.6.jar;E:\1704A\repository\org\hamcrest\hamcrest-core\1.3\hamcrest-core-1.3.jar;E:\1704A\repository\org\hamcrest\hamcrest-library\1.3\hamcrest-library-1.3.jar;E:\1704A\repository\org\skyscreamer\jsonassert\1.5.0\jsonassert-1.5.0.jar;E:\1704A\repository\com\vaadin\external\google\android-json\0.0.20131108.vaadin1\android-json-0.0.20131108.vaadin1.jar;E:\1704A\repository\org\springframework\spring-test\5.0.5.RELEASE\spring-test-5.0.5.RELEASE.jar;E:\1704A\repository\org\xmlunit\xmlunit-core\2.5.1\xmlunit-core-2.5.1.jar;E:\1704A\repository\org\springframework\cloud\spring-cloud-starter-netflix-eureka-client\2.0.1.RELEASE\spring-cloud-starter-netflix-eureka-client-2.0.1.RELEASE.jar;E:\1704A\repository\org\springframework\cloud\spring-cloud-starter\2.0.1.RELEASE\spring-cloud-starter-2.0.1.RELEASE.jar;E:\1704A\repository\org\springframework\cloud\spring-cloud-context\2.0.1.RELEASE\spring-cloud-context-2.0.1.RELEASE.jar;E:\1704A\repository\org\springframework\security\spring-security-rsa\1.0.5.RELEASE\spring-security-rsa-1.0.5.RELEASE.jar;E:\1704A\repository\org\springframework\cloud\spring-cloud-netflix-core\2.0.1.RELEASE\spring-cloud-netflix-core-2.0.1.RELEASE.jar;E:\1704A\repository\org\springframework\cloud\spring-cloud-netflix-eureka-client\2.0.1.RELEASE\spring-cloud-netflix-eureka-client-2.0.1.RELEASE.jar;E:\1704A\repository\com\netflix\eureka\eureka-client\1.9.3\eureka-client-1.9.3.jar;E:\1704A\repository\org\codehaus\jettison\jettison\1.3.7\jettison-1.3.7.jar;E:\1704A\repository\stax\stax-api\1.0.1\stax-api-1.0.1.jar;E:\1704A\repository\com\netflix\netflix-commons\netflix-eventbus\0.3.0\netflix-eventbus-0.3.0.jar;E:\1704A\repository\com\netflix\netflix-commons\netflix-infix\0.3.0\netflix-infix-0.3.0.jar;E:\1704A\repository\commons-jxpath\commons-jxpath\1.3\commons-jxpath-1.3.jar;E:\1704A\repository\joda-time\joda-time\2.9.9\joda-time-2.9.9.jar;E:\1704A\repository\org\antlr\antlr-runtime\3.4\antlr-runtime-3.4.jar;E:\1704A\repository\org\antlr\stringtemplate\3.2.1\stringtemplate-3.2.1.jar;E:\1704A\repository\com\google\code\gson\gson\2.8.2\gson-2.8.2.jar;E:\1704A\repository\org\apache\commons\commons-math\2.2\commons-math-2.2.jar;E:\1704A\repository\com\netflix\archaius\archaius-core\0.7.6\archaius-core-0.7.6.jar;E:\1704A\repository\javax\ws\rs\jsr311-api\1.1.1\jsr311-api-1.1.1.jar;E:\1704A\repository\com\netflix\servo\servo-core\0.12.21\servo-core-0.12.21.jar;E:\1704A\repository\com\sun\jersey\jersey-core\1.19.1\jersey-core-1.19.1.jar;E:\1704A\repository\com\sun\jersey\jersey-client\1.19.1\jersey-client-1.19.1.jar;E:\1704A\repository\com\sun\jersey\contribs\jersey-apache-client4\1.19.1\jersey-apache-client4-1.19.1.jar;E:\1704A\repository\com\google\inject\guice\4.1.0\guice-4.1.0.jar;E:\1704A\repository\javax\inject\javax.inject\1\javax.inject-1.jar;E:\1704A\repository\aopalliance\aopalliance\1.0\aopalliance-1.0.jar;E:\1704A\repository\com\github\vlsi\compactmap\compactmap\1.2.1\compactmap-1.2.1.jar;E:\1704A\repository\com\github\andrewoma\dexx\dexx-collections\0.2\dexx-collections-0.2.jar;E:\1704A\repository\com\fasterxml\jackson\core\jackson-core\2.9.5\jackson-core-2.9.5.jar;E:\1704A\repository\com\netflix\eureka\eureka-core\1.9.3\eureka-core-1.9.3.jar;E:\1704A\repository\org\codehaus\woodstox\woodstox-core-asl\4.4.1\woodstox-core-asl-4.4.1.jar;E:\1704A\repository\javax\xml\stream\stax-api\1.0-2\stax-api-1.0-2.jar;E:\1704A\repository\org\codehaus\woodstox\stax2-api\3.1.4\stax2-api-3.1.4.jar;E:\1704A\repository\org\springframework\cloud\spring-cloud-starter-netflix-archaius\2.0.1.RELEASE\spring-cloud-starter-netflix-archaius-2.0.1.RELEASE.jar;E:\1704A\repository\org\springframework\cloud\spring-cloud-netflix-ribbon\2.0.1.RELEASE\spring-cloud-netflix-ribbon-2.0.1.RELEASE.jar;E:\1704A\repository\org\springframework\cloud\spring-cloud-netflix-archaius\2.0.1.RELEASE\spring-cloud-netflix-archaius-2.0.1.RELEASE.jar;E:\1704A\repository\commons-configuration\commons-configuration\1.8\commons-configuration-1.8.jar;E:\1704A\repository\commons-lang\commons-lang\2.6\commons-lang-2.6.jar;E:\1704A\repository\org\springframework\cloud\spring-cloud-starter-netflix-ribbon\2.0.1.RELEASE\spring-cloud-starter-netflix-ribbon-2.0.1.RELEASE.jar;E:\1704A\repository\com\netflix\ribbon\ribbon\2.2.5\ribbon-2.2.5.jar;E:\1704A\repository\com\netflix\ribbon\ribbon-transport\2.2.5\ribbon-transport-2.2.5.jar;E:\1704A\repository\io\reactivex\rxnetty-contexts\0.4.9\rxnetty-contexts-0.4.9.jar;E:\1704A\repository\io\reactivex\rxnetty-servo\0.4.9\rxnetty-servo-0.4.9.jar;E:\1704A\repository\io\reactivex\rxnetty\0.4.9\rxnetty-0.4.9.jar;E:\1704A\repository\io\netty\netty-codec-http\4.1.23.Final\netty-codec-http-4.1.23.Final.jar;E:\1704A\repository\io\netty\netty-codec\4.1.23.Final\netty-codec-4.1.23.Final.jar;E:\1704A\repository\io\netty\netty-transport-native-epoll\4.1.23.Final\netty-transport-native-epoll-4.1.23.Final.jar;E:\1704A\repository\io\netty\netty-common\4.1.23.Final\netty-common-4.1.23.Final.jar;E:\1704A\repository\io\netty\netty-buffer\4.1.23.Final\netty-buffer-4.1.23.Final.jar;E:\1704A\repository\io\netty\netty-transport-native-unix-common\4.1.23.Final\netty-transport-native-unix-common-4.1.23.Final.jar;E:\1704A\repository\io\netty\netty-transport\4.1.23.Final\netty-transport-4.1.23.Final.jar;E:\1704A\repository\io\netty\netty-resolver\4.1.23.Final\netty-resolver-4.1.23.Final.jar;E:\1704A\repository\com\netflix\ribbon\ribbon-core\2.2.5\ribbon-core-2.2.5.jar;E:\1704A\repository\com\netflix\ribbon\ribbon-httpclient\2.2.5\ribbon-httpclient-2.2.5.jar;E:\1704A\repository\commons-collections\commons-collections\3.2.2\commons-collections-3.2.2.jar;E:\1704A\repository\com\netflix\netflix-commons\netflix-commons-util\0.3.0\netflix-commons-util-0.3.0.jar;E:\1704A\repository\com\netflix\ribbon\ribbon-loadbalancer\2.2.5\ribbon-loadbalancer-2.2.5.jar;E:\1704A\repository\com\netflix\netflix-commons\netflix-statistics\0.1.1\netflix-statistics-0.1.1.jar;E:\1704A\repository\io\reactivex\rxjava\1.3.8\rxjava-1.3.8.jar;E:\1704A\repository\com\netflix\ribbon\ribbon-eureka\2.2.5\ribbon-eureka-2.2.5.jar;E:\1704A\repository\com\thoughtworks\xstream\xstream\1.4.10\xstream-1.4.10.jar;E:\1704A\repository\xmlpull\xmlpull\1.1.3.1\xmlpull-1.1.3.1.jar;E:\1704A\repository\xpp3\xpp3_min\1.1.4c\xpp3_min-1.1.4c.jar;E:\1704A\repository\org\springframework\cloud\spring-cloud-starter-openfeign\2.0.1.RELEASE\spring-cloud-starter-openfeign-2.0.1.RELEASE.jar;E:\1704A\repository\org\springframework\cloud\spring-cloud-openfeign-core\2.0.1.RELEASE\spring-cloud-openfeign-core-2.0.1.RELEASE.jar;E:\1704A\repository\org\springframework\cloud\spring-cloud-commons\2.0.1.RELEASE\spring-cloud-commons-2.0.1.RELEASE.jar;E:\1704A\repository\io\github\openfeign\feign-core\9.5.1\feign-core-9.5.1.jar;E:\1704A\repository\io\github\openfeign\feign-slf4j\9.5.1\feign-slf4j-9.5.1.jar;E:\1704A\repository\io\github\openfeign\feign-hystrix\9.5.1\feign-hystrix-9.5.1.jar;E:\1704A\repository\com\netflix\hystrix\hystrix-core\1.5.12\hystrix-core-1.5.12.jar;E:\1704A\repository\org\hdrhistogram\HdrHistogram\2.1.9\HdrHistogram-2.1.9.jar;E:\1704A\repository\io\github\openfeign\feign-java8\9.5.1\feign-java8-9.5.1.jar;E:\1704A\repository\com\netflix\feign\feign-okhttp\8.18.0\feign-okhttp-8.18.0.jar;E:\1704A\repository\com\netflix\feign\feign-core\8.18.0\feign-core-8.18.0.jar;E:\1704A\repository\org\jvnet\animal-sniffer-annotation\1.0\animal-sniffer-annotation-1.0.jar;, java.vm.vendor=Oracle Corporation, sun.arch.data.model=64, user.variant=, java.vendor.url=http://java.oracle.com/, user.timezone=Asia/Shanghai, os.name=Windows 10, java.vm.specification.version=1.8, javax.persistence.validation.mode=AUTO, sun.java.launcher=SUN_STANDARD, user.country=CN, sun.boot.library.path=C:\Program Files\Java\jdk1.8.0_91\jre\bin, sun.java.command=C:\Users\wangb\AppData\Local\Temp\surefire5324342515423551962\surefirebooter5243460830507094447.jar C:\Users\wangb\AppData\Local\Temp\surefire5324342515423551962 2020-03-14T21-55-45_030-jvmRun1 surefire1707916640353451280tmp surefire_17945900769613902388tmp, hibernate.transaction.jta.platform=org.hibernate.engine.transaction.jta.platform.internal.NoJtaPlatform@9f2376f, javax.persistence.sharedCache.mode=UNSPECIFIED, surefire.test.class.path=E:\1704A\hdServiceCode\nm-service-manage-course\target\test-classes;E:\1704A\hdServiceCode\nm-service-manage-course\target\classes;E:\1704A\repository\org\springframework\cloud\spring-cloud-starter-oauth2\2.0.0.RELEASE\spring-cloud-starter-oauth2-2.0.0.RELEASE.jar;E:\1704A\repository\org\springframework\cloud\spring-cloud-starter-security\2.0.0.RELEASE\spring-cloud-starter-security-2.0.0.RELEASE.jar;E:\1704A\repository\org\springframework\boot\spring-boot-starter-actuator\2.0.1.RELEASE\spring-boot-starter-actuator-2.0.1.RELEASE.jar;E:\1704A\repository\org\springframework\boot\spring-boot-actuator-autoconfigure\2.0.1.RELEASE\spring-boot-actuator-autoconfigure-2.0.1.RELEASE.jar;E:\1704A\repository\org\springframework\boot\spring-boot-actuator\2.0.1.RELEASE\spring-boot-actuator-2.0.1.RELEASE.jar;E:\1704A\repository\io\micrometer\micrometer-core\1.0.3\micrometer-core-1.0.3.jar;E:\1704A\repository\org\latencyutils\LatencyUtils\2.0.3\LatencyUtils-2.0.3.jar;E:\1704A\repository\org\springframework\cloud\spring-cloud-security\2.0.0.RELEASE\spring-cloud-security-2.0.0.RELEASE.jar;E:\1704A\repository\org\springframework\boot\spring-boot-starter-security\2.0.1.RELEASE\spring-boot-starter-security-2.0.1.RELEASE.jar;E:\1704A\repository\org\springframework\security\oauth\boot\spring-security-oauth2-autoconfigure\2.0.0.RELEASE\spring-security-oauth2-autoconfigure-2.0.0.RELEASE.jar;E:\1704A\repository\com\fasterxml\jackson\core\jackson-annotations\2.9.0\jackson-annotations-2.9.0.jar;E:\1704A\repository\com\fasterxml\jackson\core\jackson-databind\2.9.5\jackson-databind-2.9.5.jar;E:\1704A\repository\org\springframework\boot\spring-boot\2.0.1.RELEASE\spring-boot-2.0.1.RELEASE.jar;E:\1704A\repository\org\springframework\security\oauth\spring-security-oauth2\2.2.1.RELEASE\spring-security-oauth2-2.2.1.RELEASE.jar;E:\1704A\repository\org\springframework\security\spring-security-core\5.0.4.RELEASE\spring-security-core-5.0.4.RELEASE.jar;E:\1704A\repository\org\springframework\security\spring-security-config\5.0.4.RELEASE\spring-security-config-5.0.4.RELEASE.jar;E:\1704A\repository\org\springframework\security\spring-security-web\5.0.4.RELEASE\spring-security-web-5.0.4.RELEASE.jar;E:\1704A\repository\org\codehaus\jackson\jackson-mapper-asl\1.9.13\jackson-mapper-asl-1.9.13.jar;E:\1704A\repository\org\codehaus\jackson\jackson-core-asl\1.9.13\jackson-core-asl-1.9.13.jar;E:\1704A\repository\com\github\pagehelper\pagehelper-spring-boot-starter\1.2.4\pagehelper-spring-boot-starter-1.2.4.jar;E:\1704A\repository\org\springframework\boot\spring-boot-starter\2.0.1.RELEASE\spring-boot-starter-2.0.1.RELEASE.jar;E:\1704A\repository\javax\annotation\javax.annotation-api\1.3.2\javax.annotation-api-1.3.2.jar;E:\1704A\repository\org\yaml\snakeyaml\1.19\snakeyaml-1.19.jar;E:\1704A\repository\com\github\pagehelper\pagehelper-spring-boot-autoconfigure\1.2.4\pagehelper-spring-boot-autoconfigure-1.2.4.jar;E:\1704A\repository\com\github\pagehelper\pagehelper\5.1.3\pagehelper-5.1.3.jar;E:\1704A\repository\com\github\jsqlparser\jsqlparser\1.0\jsqlparser-1.0.jar;E:\1704A\hdServiceCode\nm-service-api\target\nm-service-api.jar;E:\1704A\repository\commons-fileupload\commons-fileupload\1.3.3\commons-fileupload-1.3.3.jar;E:\1704A\repository\io\springfox\springfox-swagger2\2.7.0\springfox-swagger2-2.7.0.jar;E:\1704A\repository\io\swagger\swagger-annotations\1.5.13\swagger-annotations-1.5.13.jar;E:\1704A\repository\io\swagger\swagger-models\1.5.13\swagger-models-1.5.13.jar;E:\1704A\repository\io\springfox\springfox-spi\2.7.0\springfox-spi-2.7.0.jar;E:\1704A\repository\io\springfox\springfox-core\2.7.0\springfox-core-2.7.0.jar;E:\1704A\repository\io\springfox\springfox-schema\2.7.0\springfox-schema-2.7.0.jar;E:\1704A\repository\io\springfox\springfox-swagger-common\2.7.0\springfox-swagger-common-2.7.0.jar;E:\1704A\repository\io\springfox\springfox-spring-web\2.7.0\springfox-spring-web-2.7.0.jar;E:\1704A\repository\org\reflections\reflections\0.9.11\reflections-0.9.11.jar;E:\1704A\repository\com\fasterxml\classmate\1.3.4\classmate-1.3.4.jar;E:\1704A\repository\org\springframework\plugin\spring-plugin-core\1.2.0.RELEASE\spring-plugin-core-1.2.0.RELEASE.jar;E:\1704A\repository\org\springframework\plugin\spring-plugin-metadata\1.2.0.RELEASE\spring-plugin-metadata-1.2.0.RELEASE.jar;E:\1704A\repository\org\mapstruct\mapstruct\1.1.0.Final\mapstruct-1.1.0.Final.jar;E:\1704A\repository\io\springfox\springfox-swagger-ui\2.7.0\springfox-swagger-ui-2.7.0.jar;E:\1704A\hdServiceCode\nm-framework-model\target\nm-framework-model.jar;E:\1704A\repository\org\projectlombok\lombok\1.16.16\lombok-1.16.16.jar;E:\1704A\repository\org\springframework\data\spring-data-commons\2.0.6.RELEASE\spring-data-commons-2.0.6.RELEASE.jar;E:\1704A\repository\org\springframework\data\spring-data-mongodb\2.0.6.RELEASE\spring-data-mongodb-2.0.6.RELEASE.jar;E:\1704A\repository\org\springframework\spring-context\5.0.5.RELEASE\spring-context-5.0.5.RELEASE.jar;E:\1704A\repository\org\springframework\spring-expression\5.0.5.RELEASE\spring-expression-5.0.5.RELEASE.jar;E:\1704A\repository\org\mongodb\mongo-java-driver\3.6.3\mongo-java-driver-3.6.3.jar;E:\1704A\repository\org\hibernate\hibernate-core\5.2.16.Final\hibernate-core-5.2.16.Final.jar;E:\1704A\repository\org\jboss\logging\jboss-logging\3.3.2.Final\jboss-logging-3.3.2.Final.jar;E:\1704A\repository\org\hibernate\javax\persistence\hibernate-jpa-2.1-api\1.0.0.Final\hibernate-jpa-2.1-api-1.0.0.Final.jar;E:\1704A\repository\org\javassist\javassist\3.22.0-GA\javassist-3.22.0-GA.jar;E:\1704A\repository\antlr\antlr\2.7.7\antlr-2.7.7.jar;E:\1704A\repository\org\jboss\spec\javax\transaction\jboss-transaction-api_1.2_spec\1.0.1.Final\jboss-transaction-api_1.2_spec-1.0.1.Final.jar;E:\1704A\repository\org\jboss\jandex\2.0.3.Final\jandex-2.0.3.Final.jar;E:\1704A\repository\dom4j\dom4j\1.6.1\dom4j-1.6.1.jar;E:\1704A\repository\org\hibernate\common\hibernate-commons-annotations\5.0.1.Final\hibernate-commons-annotations-5.0.1.Final.jar;E:\1704A\repository\com\google\guava\guava\24.0-jre\guava-24.0-jre.jar;E:\1704A\repository\com\google\code\findbugs\jsr305\1.3.9\jsr305-1.3.9.jar;E:\1704A\repository\org\checkerframework\checker-compat-qual\2.0.0\checker-compat-qual-2.0.0.jar;E:\1704A\repository\com\google\errorprone\error_prone_annotations\2.1.3\error_prone_annotations-2.1.3.jar;E:\1704A\repository\com\google\j2objc\j2objc-annotations\1.1\j2objc-annotations-1.1.jar;E:\1704A\repository\org\codehaus\mojo\animal-sniffer-annotations\1.14\animal-sniffer-annotations-1.14.jar;E:\1704A\hdServiceCode\nm-framework-utils\target\nm-framework-utils.jar;E:\1704A\repository\javax\servlet\javax.servlet-api\3.1.0\javax.servlet-api-3.1.0.jar;E:\1704A\repository\org\springframework\boot\spring-boot-starter-logging\2.0.1.RELEASE\spring-boot-starter-logging-2.0.1.RELEASE.jar;E:\1704A\repository\ch\qos\logback\logback-classic\1.2.3\logback-classic-1.2.3.jar;E:\1704A\repository\ch\qos\logback\logback-core\1.2.3\logback-core-1.2.3.jar;E:\1704A\repository\org\apache\logging\log4j\log4j-to-slf4j\2.10.0\log4j-to-slf4j-2.10.0.jar;E:\1704A\repository\org\apache\logging\log4j\log4j-api\2.10.0\log4j-api-2.10.0.jar;E:\1704A\repository\org\slf4j\jul-to-slf4j\1.7.25\jul-to-slf4j-1.7.25.jar;E:\1704A\repository\org\apache\httpcomponents\httpclient\4.5.5\httpclient-4.5.5.jar;E:\1704A\repository\org\apache\httpcomponents\httpcore\4.4.9\httpcore-4.4.9.jar;E:\1704A\repository\commons-codec\commons-codec\1.10\commons-codec-1.10.jar;E:\1704A\repository\net\lingala\zip4j\zip4j\1.3.1\zip4j-1.3.1.jar;E:\1704A\repository\org\springframework\security\spring-security-crypto\5.0.4.RELEASE\spring-security-crypto-5.0.4.RELEASE.jar;E:\1704A\repository\org\springframework\security\spring-security-jwt\1.0.8.RELEASE\spring-security-jwt-1.0.8.RELEASE.jar;E:\1704A\repository\org\bouncycastle\bcpkix-jdk15on\1.56\bcpkix-jdk15on-1.56.jar;E:\1704A\repository\org\bouncycastle\bcprov-jdk15on\1.56\bcprov-jdk15on-1.56.jar;E:\1704A\hdServiceCode\nm-framework-common\target\nm-framework-common.jar;E:\1704A\repository\org\springframework\spring-web\5.0.5.RELEASE\spring-web-5.0.5.RELEASE.jar;E:\1704A\repository\org\springframework\boot\spring-boot-starter-web\2.0.1.RELEASE\spring-boot-starter-web-2.0.1.RELEASE.jar;E:\1704A\repository\org\springframework\boot\spring-boot-starter-json\2.0.1.RELEASE\spring-boot-starter-json-2.0.1.RELEASE.jar;E:\1704A\repository\com\fasterxml\jackson\datatype\jackson-datatype-jdk8\2.9.5\jackson-datatype-jdk8-2.9.5.jar;E:\1704A\repository\com\fasterxml\jackson\datatype\jackson-datatype-jsr310\2.9.5\jackson-datatype-jsr310-2.9.5.jar;E:\1704A\repository\com\fasterxml\jackson\module\jackson-module-parameter-names\2.9.5\jackson-module-parameter-names-2.9.5.jar;E:\1704A\repository\org\springframework\boot\spring-boot-starter-tomcat\2.0.1.RELEASE\spring-boot-starter-tomcat-2.0.1.RELEASE.jar;E:\1704A\repository\org\apache\tomcat\embed\tomcat-embed-core\8.5.28\tomcat-embed-core-8.5.28.jar;E:\1704A\repository\org\apache\tomcat\embed\tomcat-embed-el\8.5.28\tomcat-embed-el-8.5.28.jar;E:\1704A\repository\org\apache\tomcat\embed\tomcat-embed-websocket\8.5.28\tomcat-embed-websocket-8.5.28.jar;E:\1704A\repository\org\hibernate\validator\hibernate-validator\6.0.9.Final\hibernate-validator-6.0.9.Final.jar;E:\1704A\repository\javax\validation\validation-api\2.0.1.Final\validation-api-2.0.1.Final.jar;E:\1704A\repository\org\springframework\spring-webmvc\5.0.5.RELEASE\spring-webmvc-5.0.5.RELEASE.jar;E:\1704A\repository\org\springframework\spring-aop\5.0.5.RELEASE\spring-aop-5.0.5.RELEASE.jar;E:\1704A\repository\mysql\mysql-connector-java\5.1.40\mysql-connector-java-5.1.40.jar;E:\1704A\repository\com\alibaba\druid-spring-boot-starter\1.1.10\druid-spring-boot-starter-1.1.10.jar;E:\1704A\repository\com\alibaba\druid\1.1.6\druid-1.1.6.jar;E:\1704A\repository\org\slf4j\slf4j-api\1.7.25\slf4j-api-1.7.25.jar;E:\1704A\repository\org\springframework\boot\spring-boot-autoconfigure\2.0.1.RELEASE\spring-boot-autoconfigure-2.0.1.RELEASE.jar;E:\1704A\repository\org\mybatis\spring\boot\mybatis-spring-boot-starter\1.3.1\mybatis-spring-boot-starter-1.3.1.jar;E:\1704A\repository\org\springframework\boot\spring-boot-starter-jdbc\2.0.1.RELEASE\spring-boot-starter-jdbc-2.0.1.RELEASE.jar;E:\1704A\repository\com\zaxxer\HikariCP\2.7.8\HikariCP-2.7.8.jar;E:\1704A\repository\org\mybatis\spring\boot\mybatis-spring-boot-autoconfigure\1.3.1\mybatis-spring-boot-autoconfigure-1.3.1.jar;E:\1704A\repository\org\mybatis\mybatis\3.4.5\mybatis-3.4.5.jar;E:\1704A\repository\org\mybatis\mybatis-spring\1.3.1\mybatis-spring-1.3.1.jar;E:\1704A\repository\org\springframework\spring-orm\5.0.5.RELEASE\spring-orm-5.0.5.RELEASE.jar;E:\1704A\repository\org\springframework\spring-beans\5.0.5.RELEASE\spring-beans-5.0.5.RELEASE.jar;E:\1704A\repository\org\springframework\spring-core\5.0.5.RELEASE\spring-core-5.0.5.RELEASE.jar;E:\1704A\repository\org\springframework\spring-jcl\5.0.5.RELEASE\spring-jcl-5.0.5.RELEASE.jar;E:\1704A\repository\org\springframework\spring-jdbc\5.0.5.RELEASE\spring-jdbc-5.0.5.RELEASE.jar;E:\1704A\repository\org\springframework\spring-tx\5.0.5.RELEASE\spring-tx-5.0.5.RELEASE.jar;E:\1704A\repository\org\springframework\boot\spring-boot-starter-data-jpa\2.0.1.RELEASE\spring-boot-starter-data-jpa-2.0.1.RELEASE.jar;E:\1704A\repository\org\springframework\boot\spring-boot-starter-aop\2.0.1.RELEASE\spring-boot-starter-aop-2.0.1.RELEASE.jar;E:\1704A\repository\org\aspectj\aspectjweaver\1.8.13\aspectjweaver-1.8.13.jar;E:\1704A\repository\javax\transaction\javax.transaction-api\1.2\javax.transaction-api-1.2.jar;E:\1704A\repository\org\springframework\data\spring-data-jpa\2.0.6.RELEASE\spring-data-jpa-2.0.6.RELEASE.jar;E:\1704A\repository\org\springframework\spring-aspects\5.0.5.RELEASE\spring-aspects-5.0.5.RELEASE.jar;E:\1704A\repository\com\squareup\okhttp3\okhttp\3.9.1\okhttp-3.9.1.jar;E:\1704A\repository\com\squareup\okio\okio\1.13.0\okio-1.13.0.jar;E:\1704A\repository\com\alibaba\fastjson\1.2.30\fastjson-1.2.30.jar;E:\1704A\repository\commons-io\commons-io\2.6\commons-io-2.6.jar;E:\1704A\repository\org\apache\commons\commons-lang3\3.6\commons-lang3-3.6.jar;E:\1704A\repository\org\springframework\boot\spring-boot-starter-test\2.0.1.RELEASE\spring-boot-starter-test-2.0.1.RELEASE.jar;E:\1704A\repository\org\springframework\boot\spring-boot-test\2.0.1.RELEASE\spring-boot-test-2.0.1.RELEASE.jar;E:\1704A\repository\org\springframework\boot\spring-boot-test-autoconfigure\2.0.1.RELEASE\spring-boot-test-autoconfigure-2.0.1.RELEASE.jar;E:\1704A\repository\com\jayway\jsonpath\json-path\2.4.0\json-path-2.4.0.jar;E:\1704A\repository\net\minidev\json-smart\2.3\json-smart-2.3.jar;E:\1704A\repository\net\minidev\accessors-smart\1.2\accessors-smart-1.2.jar;E:\1704A\repository\org\ow2\asm\asm\5.0.4\asm-5.0.4.jar;E:\1704A\repository\junit\junit\4.12\junit-4.12.jar;E:\1704A\repository\org\assertj\assertj-core\3.9.1\assertj-core-3.9.1.jar;E:\1704A\repository\org\mockito\mockito-core\2.15.0\mockito-core-2.15.0.jar;E:\1704A\repository\net\bytebuddy\byte-buddy\1.7.11\byte-buddy-1.7.11.jar;E:\1704A\repository\net\bytebuddy\byte-buddy-agent\1.7.11\byte-buddy-agent-1.7.11.jar;E:\1704A\repository\org\objenesis\objenesis\2.6\objenesis-2.6.jar;E:\1704A\repository\org\hamcrest\hamcrest-core\1.3\hamcrest-core-1.3.jar;E:\1704A\repository\org\hamcrest\hamcrest-library\1.3\hamcrest-library-1.3.jar;E:\1704A\repository\org\skyscreamer\jsonassert\1.5.0\jsonassert-1.5.0.jar;E:\1704A\repository\com\vaadin\external\google\android-json\0.0.20131108.vaadin1\android-json-0.0.20131108.vaadin1.jar;E:\1704A\repository\org\springframework\spring-test\5.0.5.RELEASE\spring-test-5.0.5.RELEASE.jar;E:\1704A\repository\org\xmlunit\xmlunit-core\2.5.1\xmlunit-core-2.5.1.jar;E:\1704A\repository\org\springframework\cloud\spring-cloud-starter-netflix-eureka-client\2.0.1.RELEASE\spring-cloud-starter-netflix-eureka-client-2.0.1.RELEASE.jar;E:\1704A\repository\org\springframework\cloud\spring-cloud-starter\2.0.1.RELEASE\spring-cloud-starter-2.0.1.RELEASE.jar;E:\1704A\repository\org\springframework\cloud\spring-cloud-context\2.0.1.RELEASE\spring-cloud-context-2.0.1.RELEASE.jar;E:\1704A\repository\org\springframework\security\spring-security-rsa\1.0.5.RELEASE\spring-security-rsa-1.0.5.RELEASE.jar;E:\1704A\repository\org\springframework\cloud\spring-cloud-netflix-core\2.0.1.RELEASE\spring-cloud-netflix-core-2.0.1.RELEASE.jar;E:\1704A\repository\org\springframework\cloud\spring-cloud-netflix-eureka-client\2.0.1.RELEASE\spring-cloud-netflix-eureka-client-2.0.1.RELEASE.jar;E:\1704A\repository\com\netflix\eureka\eureka-client\1.9.3\eureka-client-1.9.3.jar;E:\1704A\repository\org\codehaus\jettison\jettison\1.3.7\jettison-1.3.7.jar;E:\1704A\repository\stax\stax-api\1.0.1\stax-api-1.0.1.jar;E:\1704A\repository\com\netflix\netflix-commons\netflix-eventbus\0.3.0\netflix-eventbus-0.3.0.jar;E:\1704A\repository\com\netflix\netflix-commons\netflix-infix\0.3.0\netflix-infix-0.3.0.jar;E:\1704A\repository\commons-jxpath\commons-jxpath\1.3\commons-jxpath-1.3.jar;E:\1704A\repository\joda-time\joda-time\2.9.9\joda-time-2.9.9.jar;E:\1704A\repository\org\antlr\antlr-runtime\3.4\antlr-runtime-3.4.jar;E:\1704A\repository\org\antlr\stringtemplate\3.2.1\stringtemplate-3.2.1.jar;E:\1704A\repository\com\google\code\gson\gson\2.8.2\gson-2.8.2.jar;E:\1704A\repository\org\apache\commons\commons-math\2.2\commons-math-2.2.jar;E:\1704A\repository\com\netflix\archaius\archaius-core\0.7.6\archaius-core-0.7.6.jar;E:\1704A\repository\javax\ws\rs\jsr311-api\1.1.1\jsr311-api-1.1.1.jar;E:\1704A\repository\com\netflix\servo\servo-core\0.12.21\servo-core-0.12.21.jar;E:\1704A\repository\com\sun\jersey\jersey-core\1.19.1\jersey-core-1.19.1.jar;E:\1704A\repository\com\sun\jersey\jersey-client\1.19.1\jersey-client-1.19.1.jar;E:\1704A\repository\com\sun\jersey\contribs\jersey-apache-client4\1.19.1\jersey-apache-client4-1.19.1.jar;E:\1704A\repository\com\google\inject\guice\4.1.0\guice-4.1.0.jar;E:\1704A\repository\javax\inject\javax.inject\1\javax.inject-1.jar;E:\1704A\repository\aopalliance\aopalliance\1.0\aopalliance-1.0.jar;E:\1704A\repository\com\github\vlsi\compactmap\compactmap\1.2.1\compactmap-1.2.1.jar;E:\1704A\repository\com\github\andrewoma\dexx\dexx-collections\0.2\dexx-collections-0.2.jar;E:\1704A\repository\com\fasterxml\jackson\core\jackson-core\2.9.5\jackson-core-2.9.5.jar;E:\1704A\repository\com\netflix\eureka\eureka-core\1.9.3\eureka-core-1.9.3.jar;E:\1704A\repository\org\codehaus\woodstox\woodstox-core-asl\4.4.1\woodstox-core-asl-4.4.1.jar;E:\1704A\repository\javax\xml\stream\stax-api\1.0-2\stax-api-1.0-2.jar;E:\1704A\repository\org\codehaus\woodstox\stax2-api\3.1.4\stax2-api-3.1.4.jar;E:\1704A\repository\org\springframework\cloud\spring-cloud-starter-netflix-archaius\2.0.1.RELEASE\spring-cloud-starter-netflix-archaius-2.0.1.RELEASE.jar;E:\1704A\repository\org\springframework\cloud\spring-cloud-netflix-ribbon\2.0.1.RELEASE\spring-cloud-netflix-ribbon-2.0.1.RELEASE.jar;E:\1704A\repository\org\springframework\cloud\spring-cloud-netflix-archaius\2.0.1.RELEASE\spring-cloud-netflix-archaius-2.0.1.RELEASE.jar;E:\1704A\repository\commons-configuration\commons-configuration\1.8\commons-configuration-1.8.jar;E:\1704A\repository\commons-lang\commons-lang\2.6\commons-lang-2.6.jar;E:\1704A\repository\org\springframework\cloud\spring-cloud-starter-netflix-ribbon\2.0.1.RELEASE\spring-cloud-starter-netflix-ribbon-2.0.1.RELEASE.jar;E:\1704A\repository\com\netflix\ribbon\ribbon\2.2.5\ribbon-2.2.5.jar;E:\1704A\repository\com\netflix\ribbon\ribbon-transport\2.2.5\ribbon-transport-2.2.5.jar;E:\1704A\repository\io\reactivex\rxnetty-contexts\0.4.9\rxnetty-contexts-0.4.9.jar;E:\1704A\repository\io\reactivex\rxnetty-servo\0.4.9\rxnetty-servo-0.4.9.jar;E:\1704A\repository\io\reactivex\rxnetty\0.4.9\rxnetty-0.4.9.jar;E:\1704A\repository\io\netty\netty-codec-http\4.1.23.Final\netty-codec-http-4.1.23.Final.jar;E:\1704A\repository\io\netty\netty-codec\4.1.23.Final\netty-codec-4.1.23.Final.jar;E:\1704A\repository\io\netty\netty-transport-native-epoll\4.1.23.Final\netty-transport-native-epoll-4.1.23.Final.jar;E:\1704A\repository\io\netty\netty-common\4.1.23.Final\netty-common-4.1.23.Final.jar;E:\1704A\repository\io\netty\netty-buffer\4.1.23.Final\netty-buffer-4.1.23.Final.jar;E:\1704A\repository\io\netty\netty-transport-native-unix-common\4.1.23.Final\netty-transport-native-unix-common-4.1.23.Final.jar;E:\1704A\repository\io\netty\netty-transport\4.1.23.Final\netty-transport-4.1.23.Final.jar;E:\1704A\repository\io\netty\netty-resolver\4.1.23.Final\netty-resolver-4.1.23.Final.jar;E:\1704A\repository\com\netflix\ribbon\ribbon-core\2.2.5\ribbon-core-2.2.5.jar;E:\1704A\repository\com\netflix\ribbon\ribbon-httpclient\2.2.5\ribbon-httpclient-2.2.5.jar;E:\1704A\repository\commons-collections\commons-collections\3.2.2\commons-collections-3.2.2.jar;E:\1704A\repository\com\netflix\netflix-commons\netflix-commons-util\0.3.0\netflix-commons-util-0.3.0.jar;E:\1704A\repository\com\netflix\ribbon\ribbon-loadbalancer\2.2.5\ribbon-loadbalancer-2.2.5.jar;E:\1704A\repository\com\netflix\netflix-commons\netflix-statistics\0.1.1\netflix-statistics-0.1.1.jar;E:\1704A\repository\io\reactivex\rxjava\1.3.8\rxjava-1.3.8.jar;E:\1704A\repository\com\netflix\ribbon\ribbon-eureka\2.2.5\ribbon-eureka-2.2.5.jar;E:\1704A\repository\com\thoughtworks\xstream\xstream\1.4.10\xstream-1.4.10.jar;E:\1704A\repository\xmlpull\xmlpull\1.1.3.1\xmlpull-1.1.3.1.jar;E:\1704A\repository\xpp3\xpp3_min\1.1.4c\xpp3_min-1.1.4c.jar;E:\1704A\repository\org\springframework\cloud\spring-cloud-starter-openfeign\2.0.1.RELEASE\spring-cloud-starter-openfeign-2.0.1.RELEASE.jar;E:\1704A\repository\org\springframework\cloud\spring-cloud-openfeign-core\2.0.1.RELEASE\spring-cloud-openfeign-core-2.0.1.RELEASE.jar;E:\1704A\repository\org\springframework\cloud\spring-cloud-commons\2.0.1.RELEASE\spring-cloud-commons-2.0.1.RELEASE.jar;E:\1704A\repository\io\github\openfeign\feign-core\9.5.1\feign-core-9.5.1.jar;E:\1704A\repository\io\github\openfeign\feign-slf4j\9.5.1\feign-slf4j-9.5.1.jar;E:\1704A\repository\io\github\openfeign\feign-hystrix\9.5.1\feign-hystrix-9.5.1.jar;E:\1704A\repository\com\netflix\hystrix\hystrix-core\1.5.12\hystrix-core-1.5.12.jar;E:\1704A\repository\org\hdrhistogram\HdrHistogram\2.1.9\HdrHistogram-2.1.9.jar;E:\1704A\repository\io\github\openfeign\feign-java8\9.5.1\feign-java8-9.5.1.jar;E:\1704A\repository\com\netflix\feign\feign-okhttp\8.18.0\feign-okhttp-8.18.0.jar;E:\1704A\repository\com\netflix\feign\feign-core\8.18.0\feign-core-8.18.0.jar;E:\1704A\repository\org\jvnet\animal-sniffer-annotation\1.0\animal-sniffer-annotation-1.0.jar;, sun.cpu.endian=little, user.home=C:\Users\wangb, user.language=zh, java.specification.vendor=Oracle Corporation, java.home=C:\Program Files\Java\jdk1.8.0_91\jre, file.separator=\, basedir=E:\1704A\hdServiceCode\nm-service-manage-course, line.separator=
, java.vm.specification.vendor=Oracle Corporation, java.specification.name=Java Platform API Specification, hibernate.transaction.coordinator_class=class org.hibernate.resource.transaction.backend.jdbc.internal.JdbcResourceLocalTransactionCoordinatorBuilderImpl, java.awt.graphicsenv=sun.awt.Win32GraphicsEnvironment, java.awt.headless=true, surefire.real.class.path=C:\Users\wangb\AppData\Local\Temp\surefire5324342515423551962\surefirebooter5243460830507094447.jar, sun.boot.class.path=C:\Program Files\Java\jdk1.8.0_91\jre\lib\resources.jar;C:\Program Files\Java\jdk1.8.0_91\jre\lib\rt.jar;C:\Program Files\Java\jdk1.8.0_91\jre\lib\sunrsasign.jar;C:\Program Files\Java\jdk1.8.0_91\jre\lib\jsse.jar;C:\Program Files\Java\jdk1.8.0_91\jre\lib\jce.jar;C:\Program Files\Java\jdk1.8.0_91\jre\lib\charsets.jar;C:\Program Files\Java\jdk1.8.0_91\jre\lib\jfr.jar;C:\Program Files\Java\jdk1.8.0_91\jre\classes, user.script=, sun.management.compiler=HotSpot 64-Bit Tiered Compilers, java.runtime.version=1.8.0_91-b14, user.name=wangb, path.separator=;, os.version=10.0, java.endorsed.dirs=C:\Program Files\Java\jdk1.8.0_91\jre\lib\endorsed, java.runtime.name=Java(TM) SE Runtime Environment, hibernate.ejb.persistenceUnitName=default, file.encoding=GBK, spring.beaninfo.ignore=true, java.vm.name=Java HotSpot(TM) 64-Bit Server VM, localRepository=E:\1704A\repository, java.vendor.url.bug=http://bugreport.sun.com/bugreport/, java.io.tmpdir=C:\Users\wangb\AppData\Local\Temp\, idea.version=2017.1.2, java.version=1.8.0_91, hibernate.physical_naming_strategy=org.springframework.boot.orm.jpa.hibernate.SpringPhysicalNamingStrategy, user.dir=E:\1704A\hdServiceCode\nm-service-manage-course, os.arch=amd64, PID=10228, java.vm.specification.name=Java Virtual Machine Specification, java.awt.printerjob=sun.awt.windows.WPrinterJob, sun.os.patch.level=, hibernate.boot.CfgXmlAccessService.key=org.hibernate.boot.cfgxml.spi.LoadedConfig@173b1af1, java.library.path=C:\Program Files\Java\jdk1.8.0_91\jre\bin;C:\WINDOWS\Sun\Java\bin;C:\WINDOWS\system32;C:\WINDOWS;E:\app\wangb\product\11.2.0\dbhome_1\bin;E:\maven\apache-maven-3.6.1\bin;C:\Program Files\Java\jdk1.8.0_91\bin;C:\Program Files (x86)\Intel\iCLS Client\;C:\Program Files\Intel\iCLS Client\;C:\Windows\system32;C:\Windows;C:\Windows\System32\Wbem;C:\Windows\System32\WindowsPowerShell\v1.0\;C:\Program Files (x86)\NVIDIA Corporation\PhysX\Common;C:\Program Files (x86)\Intel\Intel(R) Management Engine Components\DAL;C:\Program Files\Intel\Intel(R) Management Engine Components\DAL;C:\Program Files (x86)\Intel\Intel(R) Management Engine Components\IPT;C:\Program Files\Intel\Intel(R) Management Engine Components\IPT;C:\WINDOWS\system32;C:\WINDOWS;C:\WINDOWS\System32\Wbem;C:\WINDOWS\System32\WindowsPowerShell\v1.0\;C:\WINDOWS\System32\OpenSSH\;C:\Program Files\MySQL\MySQL Server 5.5\bin;E:\nodejs\;E:\Git\cmd;E:\Mp4\ffmpeg-20180227-fa0c9d6-win64-static\bin;C:\Users\wangb\AppData\Local\Microsoft\WindowsApps;C:\Users\wangb\AppData\Roaming\npm;E:\Microsoft VS Code\bin;., java.vendor=Oracle Corporation, java.vm.info=mixed mode, java.vm.version=25.91-b14, hibernate.bytecode.use_reflection_optimizer=false, hibernate.connection.datasource={
	CreateTime:"2020-03-14 21:56:54",
	ActiveCount:0,
	PoolingCount:5,
	CreateCount:5,
	DestroyCount:0,
	CloseCount:3,
	ConnectCount:3,
	Connections:[
		{ID:512934838, ConnectTime:"2020-03-14 21:56:55", UseCount:0, LastActiveTime:"2020-03-14 21:56:55"},
		{ID:1861536737, ConnectTime:"2020-03-14 21:56:55", UseCount:0, LastActiveTime:"2020-03-14 21:56:55"},
		{ID:545116599, ConnectTime:"2020-03-14 21:56:55", UseCount:0, LastActiveTime:"2020-03-14 21:56:55"},
		{ID:732611751, ConnectTime:"2020-03-14 21:56:55", UseCount:0, LastActiveTime:"2020-03-14 21:56:55"},
		{ID:598551831, ConnectTime:"2020-03-14 21:56:55", UseCount:3, LastActiveTime:"2020-03-14 21:56:58"}
	]
}, sun.io.unicode.encoding=UnicodeLittle, java.ext.dirs=C:\Program Files\Java\jdk1.8.0_91\jre\lib\ext;C:\WINDOWS\Sun\Java\lib\ext, maven.repo.local=E:\1704A\repository, java.class.version=52.0}
2020-03-14 21:56:59.851 [main] DEBUG o.h.v.i.e.r.TraversableResolvers - Found javax.persistence.Persistence on classpath containing 'getPersistenceUtil'. Assuming JPA 2 environment. Trying to instantiate JPA aware TraversableResolver
2020-03-14 21:56:59.851 [main] DEBUG o.h.v.i.e.r.TraversableResolvers - Instantiated JPA aware TraversableResolver of type org.hibernate.validator.internal.engine.resolver.JPATraversableResolver.
2020-03-14 21:56:59.852 [main] DEBUG o.h.v.i.e.r.TraversableResolvers - Unable to load or instantiate JPA aware resolver org.hibernate.validator.internal.engine.resolver.JPATraversableResolver. All properties will per default be traversable.
2020-03-14 21:56:59.852 [main] DEBUG o.h.v.i.xml.ValidationXmlParser - Trying to load META-INF/validation.xml for XML based Validator configuration.
2020-03-14 21:56:59.852 [main] DEBUG o.h.v.i.xml.ResourceLoaderHelper - Trying to load META-INF/validation.xml via TCCL
2020-03-14 21:56:59.853 [main] DEBUG o.h.v.i.xml.ResourceLoaderHelper - Trying to load META-INF/validation.xml via Hibernate Validator's class loader
2020-03-14 21:56:59.853 [main] DEBUG o.h.v.i.xml.ValidationXmlParser - No META-INF/validation.xml found. Using annotation based configuration only.
2020-03-14 21:56:59.859 [main] DEBUG o.h.v.m.ResourceBundleMessageInterpolator - Loaded expression factory via original TCCL
2020-03-14 21:56:59.859 [main] DEBUG o.h.v.i.engine.ValidatorFactoryImpl - HV000234: Using org.hibernate.validator.messageinterpolation.ResourceBundleMessageInterpolator as ValidatorFactory-scoped message interpolator.
2020-03-14 21:56:59.859 [main] DEBUG o.h.v.i.engine.ValidatorFactoryImpl - HV000234: Using org.hibernate.validator.internal.engine.resolver.TraverseAllTraversableResolver as ValidatorFactory-scoped traversable resolver.
2020-03-14 21:56:59.859 [main] DEBUG o.h.v.i.engine.ValidatorFactoryImpl - HV000234: Using org.hibernate.validator.internal.util.ExecutableParameterNameProvider as ValidatorFactory-scoped parameter name provider.
2020-03-14 21:56:59.860 [main] DEBUG o.h.v.i.engine.ValidatorFactoryImpl - HV000234: Using org.hibernate.validator.internal.engine.DefaultClockProvider as ValidatorFactory-scoped clock provider.
2020-03-14 21:56:59.860 [main] DEBUG o.h.v.i.engine.ValidatorFactoryImpl - HV000234: Using org.hibernate.validator.internal.engine.scripting.DefaultScriptEvaluatorFactory as ValidatorFactory-scoped script evaluator factory.
2020-03-14 21:56:59.861 [main] DEBUG o.h.b.internal.ClassLoaderAccessImpl - Not known whether passed class name [com.ningmeng.framework.domain.course.CoursePre] is safe
2020-03-14 21:56:59.861 [main] DEBUG o.h.b.internal.ClassLoaderAccessImpl - No temp ClassLoader provided; using live ClassLoader for loading potentially unsafe class : com.ningmeng.framework.domain.course.CoursePre
2020-03-14 21:56:59.940 [main] DEBUG o.h.b.internal.ClassLoaderAccessImpl - Not known whether passed class name [com.ningmeng.framework.domain.course.Teachplan] is safe
2020-03-14 21:56:59.940 [main] DEBUG o.h.b.internal.ClassLoaderAccessImpl - No temp ClassLoader provided; using live ClassLoader for loading potentially unsafe class : com.ningmeng.framework.domain.course.Teachplan
2020-03-14 21:56:59.951 [main] DEBUG o.h.b.internal.ClassLoaderAccessImpl - Not known whether passed class name [com.ningmeng.framework.domain.course.Category] is safe
2020-03-14 21:56:59.951 [main] DEBUG o.h.b.internal.ClassLoaderAccessImpl - No temp ClassLoader provided; using live ClassLoader for loading potentially unsafe class : com.ningmeng.framework.domain.course.Category
2020-03-14 21:56:59.961 [main] DEBUG o.h.b.internal.ClassLoaderAccessImpl - Not known whether passed class name [com.ningmeng.framework.domain.course.CourseBase] is safe
2020-03-14 21:56:59.961 [main] DEBUG o.h.b.internal.ClassLoaderAccessImpl - No temp ClassLoader provided; using live ClassLoader for loading potentially unsafe class : com.ningmeng.framework.domain.course.CourseBase
2020-03-14 21:56:59.966 [main] DEBUG o.h.b.internal.ClassLoaderAccessImpl - Not known whether passed class name [com.ningmeng.framework.domain.course.TeachplanMedia] is safe
2020-03-14 21:56:59.966 [main] DEBUG o.h.b.internal.ClassLoaderAccessImpl - No temp ClassLoader provided; using live ClassLoader for loading potentially unsafe class : com.ningmeng.framework.domain.course.TeachplanMedia
2020-03-14 21:56:59.971 [main] DEBUG o.h.b.internal.ClassLoaderAccessImpl - Not known whether passed class name [com.ningmeng.framework.domain.course.CoursePic] is safe
2020-03-14 21:56:59.971 [main] DEBUG o.h.b.internal.ClassLoaderAccessImpl - No temp ClassLoader provided; using live ClassLoader for loading potentially unsafe class : com.ningmeng.framework.domain.course.CoursePic
2020-03-14 21:56:59.973 [main] DEBUG o.h.b.internal.ClassLoaderAccessImpl - Not known whether passed class name [com.ningmeng.framework.domain.course.TeachplanMediaPub] is safe
2020-03-14 21:56:59.973 [main] DEBUG o.h.b.internal.ClassLoaderAccessImpl - No temp ClassLoader provided; using live ClassLoader for loading potentially unsafe class : com.ningmeng.framework.domain.course.TeachplanMediaPub
2020-03-14 21:56:59.977 [main] DEBUG o.h.b.internal.ClassLoaderAccessImpl - Not known whether passed class name [com.ningmeng.framework.domain.course.CourseMarket] is safe
2020-03-14 21:56:59.977 [main] DEBUG o.h.b.internal.ClassLoaderAccessImpl - No temp ClassLoader provided; using live ClassLoader for loading potentially unsafe class : com.ningmeng.framework.domain.course.CourseMarket
2020-03-14 21:56:59.980 [main] DEBUG o.h.b.internal.ClassLoaderAccessImpl - Not known whether passed class name [com.ningmeng.framework.domain.course.CourseOff] is safe
2020-03-14 21:56:59.980 [main] DEBUG o.h.b.internal.ClassLoaderAccessImpl - No temp ClassLoader provided; using live ClassLoader for loading potentially unsafe class : com.ningmeng.framework.domain.course.CourseOff
2020-03-14 21:56:59.985 [main] DEBUG o.h.b.internal.ClassLoaderAccessImpl - Not known whether passed class name [com.ningmeng.framework.domain.course.CourseIndex] is safe
2020-03-14 21:56:59.985 [main] DEBUG o.h.b.internal.ClassLoaderAccessImpl - No temp ClassLoader provided; using live ClassLoader for loading potentially unsafe class : com.ningmeng.framework.domain.course.CourseIndex
2020-03-14 21:56:59.994 [main] DEBUG o.h.b.internal.ClassLoaderAccessImpl - Not known whether passed class name [com.ningmeng.framework.domain.course.CoursePub] is safe
2020-03-14 21:56:59.995 [main] DEBUG o.h.b.internal.ClassLoaderAccessImpl - No temp ClassLoader provided; using live ClassLoader for loading potentially unsafe class : com.ningmeng.framework.domain.course.CoursePub
2020-03-14 21:57:00.020 [main] DEBUG o.h.secure.spi.JaccIntegrator - Skipping JACC integration as it was not enabled
2020-03-14 21:57:00.025 [main] DEBUG o.hibernate.engine.spi.CascadeStyles - External cascade style registration [persist : STYLE_PERSIST_SKIPLAZY] overrode base registration [STYLE_PERSIST]
2020-03-14 21:57:00.107 [main] DEBUG o.h.internal.SessionFactoryImpl - Instantiated session factory
2020-03-14 21:57:00.202 [main] DEBUG o.h.b.internal.ClassLoaderAccessImpl - Not known whether passed class name [com.ningmeng.framework.domain.course.CoursePre] is safe
2020-03-14 21:57:00.202 [main] DEBUG o.h.b.internal.ClassLoaderAccessImpl - No temp ClassLoader provided; using live ClassLoader for loading potentially unsafe class : com.ningmeng.framework.domain.course.CoursePre
2020-03-14 21:57:00.223 [main] DEBUG o.h.b.internal.ClassLoaderAccessImpl - Not known whether passed class name [com.ningmeng.framework.domain.course.CoursePre] is safe
2020-03-14 21:57:00.223 [main] DEBUG o.h.b.internal.ClassLoaderAccessImpl - No temp ClassLoader provided; using live ClassLoader for loading potentially unsafe class : com.ningmeng.framework.domain.course.CoursePre
2020-03-14 21:57:00.315 [main] DEBUG o.h.b.internal.ClassLoaderAccessImpl - Not known whether passed class name [com.ningmeng.framework.domain.course.Teachplan] is safe
2020-03-14 21:57:00.315 [main] DEBUG o.h.b.internal.ClassLoaderAccessImpl - No temp ClassLoader provided; using live ClassLoader for loading potentially unsafe class : com.ningmeng.framework.domain.course.Teachplan
2020-03-14 21:57:00.315 [main] DEBUG o.h.b.internal.ClassLoaderAccessImpl - Not known whether passed class name [com.ningmeng.framework.domain.course.Teachplan] is safe
2020-03-14 21:57:00.315 [main] DEBUG o.h.b.internal.ClassLoaderAccessImpl - No temp ClassLoader provided; using live ClassLoader for loading potentially unsafe class : com.ningmeng.framework.domain.course.Teachplan
2020-03-14 21:57:00.322 [main] DEBUG o.h.b.internal.ClassLoaderAccessImpl - Not known whether passed class name [com.ningmeng.framework.domain.course.Category] is safe
2020-03-14 21:57:00.322 [main] DEBUG o.h.b.internal.ClassLoaderAccessImpl - No temp ClassLoader provided; using live ClassLoader for loading potentially unsafe class : com.ningmeng.framework.domain.course.Category
2020-03-14 21:57:00.323 [main] DEBUG o.h.b.internal.ClassLoaderAccessImpl - Not known whether passed class name [com.ningmeng.framework.domain.course.Category] is safe
2020-03-14 21:57:00.323 [main] DEBUG o.h.b.internal.ClassLoaderAccessImpl - No temp ClassLoader provided; using live ClassLoader for loading potentially unsafe class : com.ningmeng.framework.domain.course.Category
2020-03-14 21:57:00.333 [main] DEBUG o.h.b.internal.ClassLoaderAccessImpl - Not known whether passed class name [com.ningmeng.framework.domain.course.CourseBase] is safe
2020-03-14 21:57:00.333 [main] DEBUG o.h.b.internal.ClassLoaderAccessImpl - No temp ClassLoader provided; using live ClassLoader for loading potentially unsafe class : com.ningmeng.framework.domain.course.CourseBase
2020-03-14 21:57:00.337 [main] DEBUG o.h.b.internal.ClassLoaderAccessImpl - Not known whether passed class name [com.ningmeng.framework.domain.course.CourseBase] is safe
2020-03-14 21:57:00.338 [main] DEBUG o.h.b.internal.ClassLoaderAccessImpl - No temp ClassLoader provided; using live ClassLoader for loading potentially unsafe class : com.ningmeng.framework.domain.course.CourseBase
2020-03-14 21:57:00.348 [main] DEBUG o.h.b.internal.ClassLoaderAccessImpl - Not known whether passed class name [com.ningmeng.framework.domain.course.TeachplanMedia] is safe
2020-03-14 21:57:00.349 [main] DEBUG o.h.b.internal.ClassLoaderAccessImpl - No temp ClassLoader provided; using live ClassLoader for loading potentially unsafe class : com.ningmeng.framework.domain.course.TeachplanMedia
2020-03-14 21:57:00.349 [main] DEBUG o.h.b.internal.ClassLoaderAccessImpl - Not known whether passed class name [com.ningmeng.framework.domain.course.TeachplanMedia] is safe
2020-03-14 21:57:00.349 [main] DEBUG o.h.b.internal.ClassLoaderAccessImpl - No temp ClassLoader provided; using live ClassLoader for loading potentially unsafe class : com.ningmeng.framework.domain.course.TeachplanMedia
2020-03-14 21:57:00.353 [main] DEBUG o.h.b.internal.ClassLoaderAccessImpl - Not known whether passed class name [com.ningmeng.framework.domain.course.CoursePic] is safe
2020-03-14 21:57:00.353 [main] DEBUG o.h.b.internal.ClassLoaderAccessImpl - No temp ClassLoader provided; using live ClassLoader for loading potentially unsafe class : com.ningmeng.framework.domain.course.CoursePic
2020-03-14 21:57:00.353 [main] DEBUG o.h.b.internal.ClassLoaderAccessImpl - Not known whether passed class name [com.ningmeng.framework.domain.course.CoursePic] is safe
2020-03-14 21:57:00.353 [main] DEBUG o.h.b.internal.ClassLoaderAccessImpl - No temp ClassLoader provided; using live ClassLoader for loading potentially unsafe class : com.ningmeng.framework.domain.course.CoursePic
2020-03-14 21:57:00.356 [main] DEBUG o.h.b.internal.ClassLoaderAccessImpl - Not known whether passed class name [com.ningmeng.framework.domain.course.TeachplanMediaPub] is safe
2020-03-14 21:57:00.357 [main] DEBUG o.h.b.internal.ClassLoaderAccessImpl - No temp ClassLoader provided; using live ClassLoader for loading potentially unsafe class : com.ningmeng.framework.domain.course.TeachplanMediaPub
2020-03-14 21:57:00.357 [main] DEBUG o.h.b.internal.ClassLoaderAccessImpl - Not known whether passed class name [com.ningmeng.framework.domain.course.TeachplanMediaPub] is safe
2020-03-14 21:57:00.357 [main] DEBUG o.h.b.internal.ClassLoaderAccessImpl - No temp ClassLoader provided; using live ClassLoader for loading potentially unsafe class : com.ningmeng.framework.domain.course.TeachplanMediaPub
2020-03-14 21:57:00.360 [main] DEBUG o.h.b.internal.ClassLoaderAccessImpl - Not known whether passed class name [com.ningmeng.framework.domain.course.CourseMarket] is safe
2020-03-14 21:57:00.360 [main] DEBUG o.h.b.internal.ClassLoaderAccessImpl - No temp ClassLoader provided; using live ClassLoader for loading potentially unsafe class : com.ningmeng.framework.domain.course.CourseMarket
2020-03-14 21:57:00.360 [main] DEBUG o.h.b.internal.ClassLoaderAccessImpl - Not known whether passed class name [com.ningmeng.framework.domain.course.CourseMarket] is safe
2020-03-14 21:57:00.360 [main] DEBUG o.h.b.internal.ClassLoaderAccessImpl - No temp ClassLoader provided; using live ClassLoader for loading potentially unsafe class : com.ningmeng.framework.domain.course.CourseMarket
2020-03-14 21:57:00.363 [main] DEBUG o.h.b.internal.ClassLoaderAccessImpl - Not known whether passed class name [com.ningmeng.framework.domain.course.CourseOff] is safe
2020-03-14 21:57:00.363 [main] DEBUG o.h.b.internal.ClassLoaderAccessImpl - No temp ClassLoader provided; using live ClassLoader for loading potentially unsafe class : com.ningmeng.framework.domain.course.CourseOff
2020-03-14 21:57:00.363 [main] DEBUG o.h.b.internal.ClassLoaderAccessImpl - Not known whether passed class name [com.ningmeng.framework.domain.course.CourseOff] is safe
2020-03-14 21:57:00.363 [main] DEBUG o.h.b.internal.ClassLoaderAccessImpl - No temp ClassLoader provided; using live ClassLoader for loading potentially unsafe class : com.ningmeng.framework.domain.course.CourseOff
2020-03-14 21:57:00.370 [main] DEBUG o.h.b.internal.ClassLoaderAccessImpl - Not known whether passed class name [com.ningmeng.framework.domain.course.CourseIndex] is safe
2020-03-14 21:57:00.370 [main] DEBUG o.h.b.internal.ClassLoaderAccessImpl - No temp ClassLoader provided; using live ClassLoader for loading potentially unsafe class : com.ningmeng.framework.domain.course.CourseIndex
2020-03-14 21:57:00.371 [main] DEBUG o.h.b.internal.ClassLoaderAccessImpl - Not known whether passed class name [com.ningmeng.framework.domain.course.CourseIndex] is safe
2020-03-14 21:57:00.371 [main] DEBUG o.h.b.internal.ClassLoaderAccessImpl - No temp ClassLoader provided; using live ClassLoader for loading potentially unsafe class : com.ningmeng.framework.domain.course.CourseIndex
2020-03-14 21:57:00.382 [main] DEBUG o.h.b.internal.ClassLoaderAccessImpl - Not known whether passed class name [com.ningmeng.framework.domain.course.CoursePub] is safe
2020-03-14 21:57:00.382 [main] DEBUG o.h.b.internal.ClassLoaderAccessImpl - No temp ClassLoader provided; using live ClassLoader for loading potentially unsafe class : com.ningmeng.framework.domain.course.CoursePub
2020-03-14 21:57:00.382 [main] DEBUG o.h.b.internal.ClassLoaderAccessImpl - Not known whether passed class name [com.ningmeng.framework.domain.course.CoursePub] is safe
2020-03-14 21:57:00.382 [main] DEBUG o.h.b.internal.ClassLoaderAccessImpl - No temp ClassLoader provided; using live ClassLoader for loading potentially unsafe class : com.ningmeng.framework.domain.course.CoursePub
2020-03-14 21:57:00.406 [main] DEBUG o.h.p.entity.AbstractEntityPersister - Static SQL for entity: com.ningmeng.framework.domain.course.CoursePre
2020-03-14 21:57:00.406 [main] DEBUG o.h.p.entity.AbstractEntityPersister -  Version select: select id from course_pre where id =?
2020-03-14 21:57:00.406 [main] DEBUG o.h.p.entity.AbstractEntityPersister -  Snapshot select: select coursepre_.id, coursepre_.charge as charge2_6_, coursepre_.description as descript3_6_, coursepre_.expires as expires4_6_, coursepre_.grade as grade5_6_, coursepre_.mt as mt6_6_, coursepre_.name as name7_6_, coursepre_.pic as pic8_6_, coursepre_.price as price9_6_, coursepre_.price_old as price_o10_6_, coursepre_.qq as qq11_6_, coursepre_.st as st12_6_, coursepre_.studymodel as studymo13_6_, coursepre_.teachplan as teachpl14_6_, coursepre_.timestamp as timesta15_6_, coursepre_.users as users16_6_, coursepre_.valid as valid17_6_ from course_pre coursepre_ where coursepre_.id=?
2020-03-14 21:57:00.406 [main] DEBUG o.h.p.entity.AbstractEntityPersister -  Insert 0: insert into course_pre (charge, description, expires, grade, mt, name, pic, price, price_old, qq, st, studymodel, teachplan, timestamp, users, valid, id) values (?, ?, ?, ?, ?, ?, ?, ?, ?, ?, ?, ?, ?, ?, ?, ?, ?)
2020-03-14 21:57:00.406 [main] DEBUG o.h.p.entity.AbstractEntityPersister -  Update 0: update course_pre set charge=?, description=?, expires=?, grade=?, mt=?, name=?, pic=?, price=?, price_old=?, qq=?, st=?, studymodel=?, teachplan=?, timestamp=?, users=?, valid=? where id=?
2020-03-14 21:57:00.406 [main] DEBUG o.h.p.entity.AbstractEntityPersister -  Delete 0: delete from course_pre where id=?
2020-03-14 21:57:00.467 [main] DEBUG o.h.l.p.b.i.spaces.QuerySpacesImpl - Adding QuerySpace : uid = <gen:0> -> org.hibernate.loader.plan.build.internal.spaces.EntityQuerySpaceImpl@d0a2c82]
2020-03-14 21:57:00.468 [main] DEBUG o.h.p.w.spi.MetamodelGraphWalker - Visiting attribute path : charge
2020-03-14 21:57:00.469 [main] DEBUG o.h.p.w.spi.MetamodelGraphWalker - Visiting attribute path : description
2020-03-14 21:57:00.469 [main] DEBUG o.h.p.w.spi.MetamodelGraphWalker - Visiting attribute path : expires
2020-03-14 21:57:00.469 [main] DEBUG o.h.p.w.spi.MetamodelGraphWalker - Visiting attribute path : grade
2020-03-14 21:57:00.469 [main] DEBUG o.h.p.w.spi.MetamodelGraphWalker - Visiting attribute path : mt
2020-03-14 21:57:00.469 [main] DEBUG o.h.p.w.spi.MetamodelGraphWalker - Visiting attribute path : name
2020-03-14 21:57:00.469 [main] DEBUG o.h.p.w.spi.MetamodelGraphWalker - Visiting attribute path : pic
2020-03-14 21:57:00.469 [main] DEBUG o.h.p.w.spi.MetamodelGraphWalker - Visiting attribute path : price
2020-03-14 21:57:00.469 [main] DEBUG o.h.p.w.spi.MetamodelGraphWalker - Visiting attribute path : price_old
2020-03-14 21:57:00.469 [main] DEBUG o.h.p.w.spi.MetamodelGraphWalker - Visiting attribute path : qq
2020-03-14 21:57:00.469 [main] DEBUG o.h.p.w.spi.MetamodelGraphWalker - Visiting attribute path : st
2020-03-14 21:57:00.469 [main] DEBUG o.h.p.w.spi.MetamodelGraphWalker - Visiting attribute path : studymodel
2020-03-14 21:57:00.469 [main] DEBUG o.h.p.w.spi.MetamodelGraphWalker - Visiting attribute path : teachplan
2020-03-14 21:57:00.469 [main] DEBUG o.h.p.w.spi.MetamodelGraphWalker - Visiting attribute path : timestamp
2020-03-14 21:57:00.469 [main] DEBUG o.h.p.w.spi.MetamodelGraphWalker - Visiting attribute path : users
2020-03-14 21:57:00.469 [main] DEBUG o.h.p.w.spi.MetamodelGraphWalker - Visiting attribute path : valid
2020-03-14 21:57:00.469 [main] DEBUG o.h.l.p.b.i.FetchStyleLoadPlanBuildingAssociationVisitationStrategy - Building LoadPlan...
2020-03-14 21:57:00.510 [main] DEBUG o.h.l.p.e.i.LoadQueryJoinAndFetchProcessor - processing queryspace <gen:0>
2020-03-14 21:57:00.514 [main] DEBUG o.h.l.p.b.spi.LoadPlanTreePrinter - LoadPlan(entity=com.ningmeng.framework.domain.course.CoursePre)
    - Returns
       - EntityReturnImpl(entity=com.ningmeng.framework.domain.course.CoursePre, querySpaceUid=<gen:0>, path=com.ningmeng.framework.domain.course.CoursePre)
    - QuerySpaces
       - EntityQuerySpaceImpl(uid=<gen:0>, entity=com.ningmeng.framework.domain.course.CoursePre)
          - SQL table alias mapping - coursepre0_
          - alias suffix - 0_
          - suffixed key columns - {id1_6_0_}

2020-03-14 21:57:00.523 [main] DEBUG o.h.loader.entity.plan.EntityLoader - Static select for entity com.ningmeng.framework.domain.course.CoursePre [NONE]: select coursepre0_.id as id1_6_0_, coursepre0_.charge as charge2_6_0_, coursepre0_.description as descript3_6_0_, coursepre0_.expires as expires4_6_0_, coursepre0_.grade as grade5_6_0_, coursepre0_.mt as mt6_6_0_, coursepre0_.name as name7_6_0_, coursepre0_.pic as pic8_6_0_, coursepre0_.price as price9_6_0_, coursepre0_.price_old as price_o10_6_0_, coursepre0_.qq as qq11_6_0_, coursepre0_.st as st12_6_0_, coursepre0_.studymodel as studymo13_6_0_, coursepre0_.teachplan as teachpl14_6_0_, coursepre0_.timestamp as timesta15_6_0_, coursepre0_.users as users16_6_0_, coursepre0_.valid as valid17_6_0_ from course_pre coursepre0_ where coursepre0_.id=?
2020-03-14 21:57:00.523 [main] DEBUG o.h.l.p.b.i.spaces.QuerySpacesImpl - Adding QuerySpace : uid = <gen:0> -> org.hibernate.loader.plan.build.internal.spaces.EntityQuerySpaceImpl@2a11ae0b]
2020-03-14 21:57:00.523 [main] DEBUG o.h.p.w.spi.MetamodelGraphWalker - Visiting attribute path : charge
2020-03-14 21:57:00.523 [main] DEBUG o.h.p.w.spi.MetamodelGraphWalker - Visiting attribute path : description
2020-03-14 21:57:00.523 [main] DEBUG o.h.p.w.spi.MetamodelGraphWalker - Visiting attribute path : expires
2020-03-14 21:57:00.523 [main] DEBUG o.h.p.w.spi.MetamodelGraphWalker - Visiting attribute path : grade
2020-03-14 21:57:00.523 [main] DEBUG o.h.p.w.spi.MetamodelGraphWalker - Visiting attribute path : mt
2020-03-14 21:57:00.523 [main] DEBUG o.h.p.w.spi.MetamodelGraphWalker - Visiting attribute path : name
2020-03-14 21:57:00.523 [main] DEBUG o.h.p.w.spi.MetamodelGraphWalker - Visiting attribute path : pic
2020-03-14 21:57:00.523 [main] DEBUG o.h.p.w.spi.MetamodelGraphWalker - Visiting attribute path : price
2020-03-14 21:57:00.523 [main] DEBUG o.h.p.w.spi.MetamodelGraphWalker - Visiting attribute path : price_old
2020-03-14 21:57:00.523 [main] DEBUG o.h.p.w.spi.MetamodelGraphWalker - Visiting attribute path : qq
2020-03-14 21:57:00.523 [main] DEBUG o.h.p.w.spi.MetamodelGraphWalker - Visiting attribute path : st
2020-03-14 21:57:00.523 [main] DEBUG o.h.p.w.spi.MetamodelGraphWalker - Visiting attribute path : studymodel
2020-03-14 21:57:00.524 [main] DEBUG o.h.p.w.spi.MetamodelGraphWalker - Visiting attribute path : teachplan
2020-03-14 21:57:00.524 [main] DEBUG o.h.p.w.spi.MetamodelGraphWalker - Visiting attribute path : timestamp
2020-03-14 21:57:00.524 [main] DEBUG o.h.p.w.spi.MetamodelGraphWalker - Visiting attribute path : users
2020-03-14 21:57:00.524 [main] DEBUG o.h.p.w.spi.MetamodelGraphWalker - Visiting attribute path : valid
2020-03-14 21:57:00.524 [main] DEBUG o.h.l.p.b.i.FetchStyleLoadPlanBuildingAssociationVisitationStrategy - Building LoadPlan...
2020-03-14 21:57:00.524 [main] DEBUG o.h.l.p.e.i.LoadQueryJoinAndFetchProcessor - processing queryspace <gen:0>
2020-03-14 21:57:00.524 [main] DEBUG o.h.l.p.b.spi.LoadPlanTreePrinter - LoadPlan(entity=com.ningmeng.framework.domain.course.CoursePre)
    - Returns
       - EntityReturnImpl(entity=com.ningmeng.framework.domain.course.CoursePre, querySpaceUid=<gen:0>, path=com.ningmeng.framework.domain.course.CoursePre)
    - QuerySpaces
       - EntityQuerySpaceImpl(uid=<gen:0>, entity=com.ningmeng.framework.domain.course.CoursePre)
          - SQL table alias mapping - coursepre0_
          - alias suffix - 0_
          - suffixed key columns - {id1_6_0_}

2020-03-14 21:57:00.524 [main] DEBUG o.h.loader.entity.plan.EntityLoader - Static select for entity com.ningmeng.framework.domain.course.CoursePre [READ]: select coursepre0_.id as id1_6_0_, coursepre0_.charge as charge2_6_0_, coursepre0_.description as descript3_6_0_, coursepre0_.expires as expires4_6_0_, coursepre0_.grade as grade5_6_0_, coursepre0_.mt as mt6_6_0_, coursepre0_.name as name7_6_0_, coursepre0_.pic as pic8_6_0_, coursepre0_.price as price9_6_0_, coursepre0_.price_old as price_o10_6_0_, coursepre0_.qq as qq11_6_0_, coursepre0_.st as st12_6_0_, coursepre0_.studymodel as studymo13_6_0_, coursepre0_.teachplan as teachpl14_6_0_, coursepre0_.timestamp as timesta15_6_0_, coursepre0_.users as users16_6_0_, coursepre0_.valid as valid17_6_0_ from course_pre coursepre0_ where coursepre0_.id=?
2020-03-14 21:57:00.524 [main] DEBUG o.h.l.p.b.i.spaces.QuerySpacesImpl - Adding QuerySpace : uid = <gen:0> -> org.hibernate.loader.plan.build.internal.spaces.EntityQuerySpaceImpl@5b5b9521]
2020-03-14 21:57:00.525 [main] DEBUG o.h.p.w.spi.MetamodelGraphWalker - Visiting attribute path : charge
2020-03-14 21:57:00.525 [main] DEBUG o.h.p.w.spi.MetamodelGraphWalker - Visiting attribute path : description
2020-03-14 21:57:00.525 [main] DEBUG o.h.p.w.spi.MetamodelGraphWalker - Visiting attribute path : expires
2020-03-14 21:57:00.525 [main] DEBUG o.h.p.w.spi.MetamodelGraphWalker - Visiting attribute path : grade
2020-03-14 21:57:00.525 [main] DEBUG o.h.p.w.spi.MetamodelGraphWalker - Visiting attribute path : mt
2020-03-14 21:57:00.525 [main] DEBUG o.h.p.w.spi.MetamodelGraphWalker - Visiting attribute path : name
2020-03-14 21:57:00.525 [main] DEBUG o.h.p.w.spi.MetamodelGraphWalker - Visiting attribute path : pic
2020-03-14 21:57:00.525 [main] DEBUG o.h.p.w.spi.MetamodelGraphWalker - Visiting attribute path : price
2020-03-14 21:57:00.525 [main] DEBUG o.h.p.w.spi.MetamodelGraphWalker - Visiting attribute path : price_old
2020-03-14 21:57:00.525 [main] DEBUG o.h.p.w.spi.MetamodelGraphWalker - Visiting attribute path : qq
2020-03-14 21:57:00.525 [main] DEBUG o.h.p.w.spi.MetamodelGraphWalker - Visiting attribute path : st
2020-03-14 21:57:00.525 [main] DEBUG o.h.p.w.spi.MetamodelGraphWalker - Visiting attribute path : studymodel
2020-03-14 21:57:00.525 [main] DEBUG o.h.p.w.spi.MetamodelGraphWalker - Visiting attribute path : teachplan
2020-03-14 21:57:00.525 [main] DEBUG o.h.p.w.spi.MetamodelGraphWalker - Visiting attribute path : timestamp
2020-03-14 21:57:00.525 [main] DEBUG o.h.p.w.spi.MetamodelGraphWalker - Visiting attribute path : users
2020-03-14 21:57:00.525 [main] DEBUG o.h.p.w.spi.MetamodelGraphWalker - Visiting attribute path : valid
2020-03-14 21:57:00.525 [main] DEBUG o.h.l.p.b.i.FetchStyleLoadPlanBuildingAssociationVisitationStrategy - Building LoadPlan...
2020-03-14 21:57:00.526 [main] DEBUG o.h.l.p.e.i.LoadQueryJoinAndFetchProcessor - processing queryspace <gen:0>
2020-03-14 21:57:00.526 [main] DEBUG o.h.l.p.b.spi.LoadPlanTreePrinter - LoadPlan(entity=com.ningmeng.framework.domain.course.CoursePre)
    - Returns
       - EntityReturnImpl(entity=com.ningmeng.framework.domain.course.CoursePre, querySpaceUid=<gen:0>, path=com.ningmeng.framework.domain.course.CoursePre)
    - QuerySpaces
       - EntityQuerySpaceImpl(uid=<gen:0>, entity=com.ningmeng.framework.domain.course.CoursePre)
          - SQL table alias mapping - coursepre0_
          - alias suffix - 0_
          - suffixed key columns - {id1_6_0_}

2020-03-14 21:57:00.526 [main] DEBUG o.h.loader.entity.plan.EntityLoader - Static select for entity com.ningmeng.framework.domain.course.CoursePre [UPGRADE]: select coursepre0_.id as id1_6_0_, coursepre0_.charge as charge2_6_0_, coursepre0_.description as descript3_6_0_, coursepre0_.expires as expires4_6_0_, coursepre0_.grade as grade5_6_0_, coursepre0_.mt as mt6_6_0_, coursepre0_.name as name7_6_0_, coursepre0_.pic as pic8_6_0_, coursepre0_.price as price9_6_0_, coursepre0_.price_old as price_o10_6_0_, coursepre0_.qq as qq11_6_0_, coursepre0_.st as st12_6_0_, coursepre0_.studymodel as studymo13_6_0_, coursepre0_.teachplan as teachpl14_6_0_, coursepre0_.timestamp as timesta15_6_0_, coursepre0_.users as users16_6_0_, coursepre0_.valid as valid17_6_0_ from course_pre coursepre0_ where coursepre0_.id=? for update
2020-03-14 21:57:00.526 [main] DEBUG o.h.l.p.b.i.spaces.QuerySpacesImpl - Adding QuerySpace : uid = <gen:0> -> org.hibernate.loader.plan.build.internal.spaces.EntityQuerySpaceImpl@66314fee]
2020-03-14 21:57:00.526 [main] DEBUG o.h.p.w.spi.MetamodelGraphWalker - Visiting attribute path : charge
2020-03-14 21:57:00.526 [main] DEBUG o.h.p.w.spi.MetamodelGraphWalker - Visiting attribute path : description
2020-03-14 21:57:00.526 [main] DEBUG o.h.p.w.spi.MetamodelGraphWalker - Visiting attribute path : expires
2020-03-14 21:57:00.526 [main] DEBUG o.h.p.w.spi.MetamodelGraphWalker - Visiting attribute path : grade
2020-03-14 21:57:00.526 [main] DEBUG o.h.p.w.spi.MetamodelGraphWalker - Visiting attribute path : mt
2020-03-14 21:57:00.526 [main] DEBUG o.h.p.w.spi.MetamodelGraphWalker - Visiting attribute path : name
2020-03-14 21:57:00.527 [main] DEBUG o.h.p.w.spi.MetamodelGraphWalker - Visiting attribute path : pic
2020-03-14 21:57:00.527 [main] DEBUG o.h.p.w.spi.MetamodelGraphWalker - Visiting attribute path : price
2020-03-14 21:57:00.527 [main] DEBUG o.h.p.w.spi.MetamodelGraphWalker - Visiting attribute path : price_old
2020-03-14 21:57:00.527 [main] DEBUG o.h.p.w.spi.MetamodelGraphWalker - Visiting attribute path : qq
2020-03-14 21:57:00.527 [main] DEBUG o.h.p.w.spi.MetamodelGraphWalker - Visiting attribute path : st
2020-03-14 21:57:00.527 [main] DEBUG o.h.p.w.spi.MetamodelGraphWalker - Visiting attribute path : studymodel
2020-03-14 21:57:00.527 [main] DEBUG o.h.p.w.spi.MetamodelGraphWalker - Visiting attribute path : teachplan
2020-03-14 21:57:00.527 [main] DEBUG o.h.p.w.spi.MetamodelGraphWalker - Visiting attribute path : timestamp
2020-03-14 21:57:00.527 [main] DEBUG o.h.p.w.spi.MetamodelGraphWalker - Visiting attribute path : users
2020-03-14 21:57:00.527 [main] DEBUG o.h.p.w.spi.MetamodelGraphWalker - Visiting attribute path : valid
2020-03-14 21:57:00.527 [main] DEBUG o.h.l.p.b.i.FetchStyleLoadPlanBuildingAssociationVisitationStrategy - Building LoadPlan...
2020-03-14 21:57:00.527 [main] DEBUG o.h.l.p.e.i.LoadQueryJoinAndFetchProcessor - processing queryspace <gen:0>
2020-03-14 21:57:00.528 [main] DEBUG o.h.l.p.b.spi.LoadPlanTreePrinter - LoadPlan(entity=com.ningmeng.framework.domain.course.CoursePre)
    - Returns
       - EntityReturnImpl(entity=com.ningmeng.framework.domain.course.CoursePre, querySpaceUid=<gen:0>, path=com.ningmeng.framework.domain.course.CoursePre)
    - QuerySpaces
       - EntityQuerySpaceImpl(uid=<gen:0>, entity=com.ningmeng.framework.domain.course.CoursePre)
          - SQL table alias mapping - coursepre0_
          - alias suffix - 0_
          - suffixed key columns - {id1_6_0_}

2020-03-14 21:57:00.528 [main] DEBUG o.h.loader.entity.plan.EntityLoader - Static select for entity com.ningmeng.framework.domain.course.CoursePre [UPGRADE_NOWAIT]: select coursepre0_.id as id1_6_0_, coursepre0_.charge as charge2_6_0_, coursepre0_.description as descript3_6_0_, coursepre0_.expires as expires4_6_0_, coursepre0_.grade as grade5_6_0_, coursepre0_.mt as mt6_6_0_, coursepre0_.name as name7_6_0_, coursepre0_.pic as pic8_6_0_, coursepre0_.price as price9_6_0_, coursepre0_.price_old as price_o10_6_0_, coursepre0_.qq as qq11_6_0_, coursepre0_.st as st12_6_0_, coursepre0_.studymodel as studymo13_6_0_, coursepre0_.teachplan as teachpl14_6_0_, coursepre0_.timestamp as timesta15_6_0_, coursepre0_.users as users16_6_0_, coursepre0_.valid as valid17_6_0_ from course_pre coursepre0_ where coursepre0_.id=? for update
2020-03-14 21:57:00.528 [main] DEBUG o.h.l.p.b.i.spaces.QuerySpacesImpl - Adding QuerySpace : uid = <gen:0> -> org.hibernate.loader.plan.build.internal.spaces.EntityQuerySpaceImpl@13404f75]
2020-03-14 21:57:00.528 [main] DEBUG o.h.p.w.spi.MetamodelGraphWalker - Visiting attribute path : charge
2020-03-14 21:57:00.528 [main] DEBUG o.h.p.w.spi.MetamodelGraphWalker - Visiting attribute path : description
2020-03-14 21:57:00.528 [main] DEBUG o.h.p.w.spi.MetamodelGraphWalker - Visiting attribute path : expires
2020-03-14 21:57:00.528 [main] DEBUG o.h.p.w.spi.MetamodelGraphWalker - Visiting attribute path : grade
2020-03-14 21:57:00.528 [main] DEBUG o.h.p.w.spi.MetamodelGraphWalker - Visiting attribute path : mt
2020-03-14 21:57:00.528 [main] DEBUG o.h.p.w.spi.MetamodelGraphWalker - Visiting attribute path : name
2020-03-14 21:57:00.529 [main] DEBUG o.h.p.w.spi.MetamodelGraphWalker - Visiting attribute path : pic
2020-03-14 21:57:00.529 [main] DEBUG o.h.p.w.spi.MetamodelGraphWalker - Visiting attribute path : price
2020-03-14 21:57:00.529 [main] DEBUG o.h.p.w.spi.MetamodelGraphWalker - Visiting attribute path : price_old
2020-03-14 21:57:00.529 [main] DEBUG o.h.p.w.spi.MetamodelGraphWalker - Visiting attribute path : qq
2020-03-14 21:57:00.529 [main] DEBUG o.h.p.w.spi.MetamodelGraphWalker - Visiting attribute path : st
2020-03-14 21:57:00.529 [main] DEBUG o.h.p.w.spi.MetamodelGraphWalker - Visiting attribute path : studymodel
2020-03-14 21:57:00.529 [main] DEBUG o.h.p.w.spi.MetamodelGraphWalker - Visiting attribute path : teachplan
2020-03-14 21:57:00.529 [main] DEBUG o.h.p.w.spi.MetamodelGraphWalker - Visiting attribute path : timestamp
2020-03-14 21:57:00.529 [main] DEBUG o.h.p.w.spi.MetamodelGraphWalker - Visiting attribute path : users
2020-03-14 21:57:00.529 [main] DEBUG o.h.p.w.spi.MetamodelGraphWalker - Visiting attribute path : valid
2020-03-14 21:57:00.529 [main] DEBUG o.h.l.p.b.i.FetchStyleLoadPlanBuildingAssociationVisitationStrategy - Building LoadPlan...
2020-03-14 21:57:00.529 [main] DEBUG o.h.l.p.e.i.LoadQueryJoinAndFetchProcessor - processing queryspace <gen:0>
2020-03-14 21:57:00.529 [main] DEBUG o.h.l.p.b.spi.LoadPlanTreePrinter - LoadPlan(entity=com.ningmeng.framework.domain.course.CoursePre)
    - Returns
       - EntityReturnImpl(entity=com.ningmeng.framework.domain.course.CoursePre, querySpaceUid=<gen:0>, path=com.ningmeng.framework.domain.course.CoursePre)
    - QuerySpaces
       - EntityQuerySpaceImpl(uid=<gen:0>, entity=com.ningmeng.framework.domain.course.CoursePre)
          - SQL table alias mapping - coursepre0_
          - alias suffix - 0_
          - suffixed key columns - {id1_6_0_}

2020-03-14 21:57:00.529 [main] DEBUG o.h.loader.entity.plan.EntityLoader - Static select for entity com.ningmeng.framework.domain.course.CoursePre [UPGRADE_SKIPLOCKED]: select coursepre0_.id as id1_6_0_, coursepre0_.charge as charge2_6_0_, coursepre0_.description as descript3_6_0_, coursepre0_.expires as expires4_6_0_, coursepre0_.grade as grade5_6_0_, coursepre0_.mt as mt6_6_0_, coursepre0_.name as name7_6_0_, coursepre0_.pic as pic8_6_0_, coursepre0_.price as price9_6_0_, coursepre0_.price_old as price_o10_6_0_, coursepre0_.qq as qq11_6_0_, coursepre0_.st as st12_6_0_, coursepre0_.studymodel as studymo13_6_0_, coursepre0_.teachplan as teachpl14_6_0_, coursepre0_.timestamp as timesta15_6_0_, coursepre0_.users as users16_6_0_, coursepre0_.valid as valid17_6_0_ from course_pre coursepre0_ where coursepre0_.id=? for update
2020-03-14 21:57:00.530 [main] DEBUG o.h.l.p.b.i.spaces.QuerySpacesImpl - Adding QuerySpace : uid = <gen:0> -> org.hibernate.loader.plan.build.internal.spaces.EntityQuerySpaceImpl@6b6fd0]
2020-03-14 21:57:00.530 [main] DEBUG o.h.p.w.spi.MetamodelGraphWalker - Visiting attribute path : charge
2020-03-14 21:57:00.530 [main] DEBUG o.h.p.w.spi.MetamodelGraphWalker - Visiting attribute path : description
2020-03-14 21:57:00.530 [main] DEBUG o.h.p.w.spi.MetamodelGraphWalker - Visiting attribute path : expires
2020-03-14 21:57:00.530 [main] DEBUG o.h.p.w.spi.MetamodelGraphWalker - Visiting attribute path : grade
2020-03-14 21:57:00.530 [main] DEBUG o.h.p.w.spi.MetamodelGraphWalker - Visiting attribute path : mt
2020-03-14 21:57:00.530 [main] DEBUG o.h.p.w.spi.MetamodelGraphWalker - Visiting attribute path : name
2020-03-14 21:57:00.530 [main] DEBUG o.h.p.w.spi.MetamodelGraphWalker - Visiting attribute path : pic
2020-03-14 21:57:00.530 [main] DEBUG o.h.p.w.spi.MetamodelGraphWalker - Visiting attribute path : price
2020-03-14 21:57:00.530 [main] DEBUG o.h.p.w.spi.MetamodelGraphWalker - Visiting attribute path : price_old
2020-03-14 21:57:00.530 [main] DEBUG o.h.p.w.spi.MetamodelGraphWalker - Visiting attribute path : qq
2020-03-14 21:57:00.530 [main] DEBUG o.h.p.w.spi.MetamodelGraphWalker - Visiting attribute path : st
2020-03-14 21:57:00.530 [main] DEBUG o.h.p.w.spi.MetamodelGraphWalker - Visiting attribute path : studymodel
2020-03-14 21:57:00.530 [main] DEBUG o.h.p.w.spi.MetamodelGraphWalker - Visiting attribute path : teachplan
2020-03-14 21:57:00.530 [main] DEBUG o.h.p.w.spi.MetamodelGraphWalker - Visiting attribute path : timestamp
2020-03-14 21:57:00.530 [main] DEBUG o.h.p.w.spi.MetamodelGraphWalker - Visiting attribute path : users
2020-03-14 21:57:00.530 [main] DEBUG o.h.p.w.spi.MetamodelGraphWalker - Visiting attribute path : valid
2020-03-14 21:57:00.530 [main] DEBUG o.h.l.p.b.i.FetchStyleLoadPlanBuildingAssociationVisitationStrategy - Building LoadPlan...
2020-03-14 21:57:00.530 [main] DEBUG o.h.l.p.e.i.LoadQueryJoinAndFetchProcessor - processing queryspace <gen:0>
2020-03-14 21:57:00.530 [main] DEBUG o.h.l.p.b.spi.LoadPlanTreePrinter - LoadPlan(entity=com.ningmeng.framework.domain.course.CoursePre)
    - Returns
       - EntityReturnImpl(entity=com.ningmeng.framework.domain.course.CoursePre, querySpaceUid=<gen:0>, path=com.ningmeng.framework.domain.course.CoursePre)
    - QuerySpaces
       - EntityQuerySpaceImpl(uid=<gen:0>, entity=com.ningmeng.framework.domain.course.CoursePre)
          - SQL table alias mapping - coursepre0_
          - alias suffix - 0_
          - suffixed key columns - {id1_6_0_}

2020-03-14 21:57:00.531 [main] DEBUG o.h.loader.entity.plan.EntityLoader - Static select for entity com.ningmeng.framework.domain.course.CoursePre [FORCE]: select coursepre0_.id as id1_6_0_, coursepre0_.charge as charge2_6_0_, coursepre0_.description as descript3_6_0_, coursepre0_.expires as expires4_6_0_, coursepre0_.grade as grade5_6_0_, coursepre0_.mt as mt6_6_0_, coursepre0_.name as name7_6_0_, coursepre0_.pic as pic8_6_0_, coursepre0_.price as price9_6_0_, coursepre0_.price_old as price_o10_6_0_, coursepre0_.qq as qq11_6_0_, coursepre0_.st as st12_6_0_, coursepre0_.studymodel as studymo13_6_0_, coursepre0_.teachplan as teachpl14_6_0_, coursepre0_.timestamp as timesta15_6_0_, coursepre0_.users as users16_6_0_, coursepre0_.valid as valid17_6_0_ from course_pre coursepre0_ where coursepre0_.id=? for update
2020-03-14 21:57:00.531 [main] DEBUG o.h.l.p.b.i.spaces.QuerySpacesImpl - Adding QuerySpace : uid = <gen:0> -> org.hibernate.loader.plan.build.internal.spaces.EntityQuerySpaceImpl@2cdb5974]
2020-03-14 21:57:00.531 [main] DEBUG o.h.p.w.spi.MetamodelGraphWalker - Visiting attribute path : charge
2020-03-14 21:57:00.531 [main] DEBUG o.h.p.w.spi.MetamodelGraphWalker - Visiting attribute path : description
2020-03-14 21:57:00.531 [main] DEBUG o.h.p.w.spi.MetamodelGraphWalker - Visiting attribute path : expires
2020-03-14 21:57:00.531 [main] DEBUG o.h.p.w.spi.MetamodelGraphWalker - Visiting attribute path : grade
2020-03-14 21:57:00.531 [main] DEBUG o.h.p.w.spi.MetamodelGraphWalker - Visiting attribute path : mt
2020-03-14 21:57:00.531 [main] DEBUG o.h.p.w.spi.MetamodelGraphWalker - Visiting attribute path : name
2020-03-14 21:57:00.531 [main] DEBUG o.h.p.w.spi.MetamodelGraphWalker - Visiting attribute path : pic
2020-03-14 21:57:00.531 [main] DEBUG o.h.p.w.spi.MetamodelGraphWalker - Visiting attribute path : price
2020-03-14 21:57:00.531 [main] DEBUG o.h.p.w.spi.MetamodelGraphWalker - Visiting attribute path : price_old
2020-03-14 21:57:00.531 [main] DEBUG o.h.p.w.spi.MetamodelGraphWalker - Visiting attribute path : qq
2020-03-14 21:57:00.531 [main] DEBUG o.h.p.w.spi.MetamodelGraphWalker - Visiting attribute path : st
2020-03-14 21:57:00.531 [main] DEBUG o.h.p.w.spi.MetamodelGraphWalker - Visiting attribute path : studymodel
2020-03-14 21:57:00.531 [main] DEBUG o.h.p.w.spi.MetamodelGraphWalker - Visiting attribute path : teachplan
2020-03-14 21:57:00.531 [main] DEBUG o.h.p.w.spi.MetamodelGraphWalker - Visiting attribute path : timestamp
2020-03-14 21:57:00.531 [main] DEBUG o.h.p.w.spi.MetamodelGraphWalker - Visiting attribute path : users
2020-03-14 21:57:00.531 [main] DEBUG o.h.p.w.spi.MetamodelGraphWalker - Visiting attribute path : valid
2020-03-14 21:57:00.532 [main] DEBUG o.h.l.p.b.i.FetchStyleLoadPlanBuildingAssociationVisitationStrategy - Building LoadPlan...
2020-03-14 21:57:00.532 [main] DEBUG o.h.l.p.e.i.LoadQueryJoinAndFetchProcessor - processing queryspace <gen:0>
2020-03-14 21:57:00.532 [main] DEBUG o.h.l.p.b.spi.LoadPlanTreePrinter - LoadPlan(entity=com.ningmeng.framework.domain.course.CoursePre)
    - Returns
       - EntityReturnImpl(entity=com.ningmeng.framework.domain.course.CoursePre, querySpaceUid=<gen:0>, path=com.ningmeng.framework.domain.course.CoursePre)
    - QuerySpaces
       - EntityQuerySpaceImpl(uid=<gen:0>, entity=com.ningmeng.framework.domain.course.CoursePre)
          - SQL table alias mapping - coursepre0_
          - alias suffix - 0_
          - suffixed key columns - {id1_6_0_}

2020-03-14 21:57:00.533 [main] DEBUG o.h.loader.entity.plan.EntityLoader - Static select for entity com.ningmeng.framework.domain.course.CoursePre [PESSIMISTIC_READ]: select coursepre0_.id as id1_6_0_, coursepre0_.charge as charge2_6_0_, coursepre0_.description as descript3_6_0_, coursepre0_.expires as expires4_6_0_, coursepre0_.grade as grade5_6_0_, coursepre0_.mt as mt6_6_0_, coursepre0_.name as name7_6_0_, coursepre0_.pic as pic8_6_0_, coursepre0_.price as price9_6_0_, coursepre0_.price_old as price_o10_6_0_, coursepre0_.qq as qq11_6_0_, coursepre0_.st as st12_6_0_, coursepre0_.studymodel as studymo13_6_0_, coursepre0_.teachplan as teachpl14_6_0_, coursepre0_.timestamp as timesta15_6_0_, coursepre0_.users as users16_6_0_, coursepre0_.valid as valid17_6_0_ from course_pre coursepre0_ where coursepre0_.id=? lock in share mode
2020-03-14 21:57:00.533 [main] DEBUG o.h.l.p.b.i.spaces.QuerySpacesImpl - Adding QuerySpace : uid = <gen:0> -> org.hibernate.loader.plan.build.internal.spaces.EntityQuerySpaceImpl@53e4a19e]
2020-03-14 21:57:00.533 [main] DEBUG o.h.p.w.spi.MetamodelGraphWalker - Visiting attribute path : charge
2020-03-14 21:57:00.533 [main] DEBUG o.h.p.w.spi.MetamodelGraphWalker - Visiting attribute path : description
2020-03-14 21:57:00.533 [main] DEBUG o.h.p.w.spi.MetamodelGraphWalker - Visiting attribute path : expires
2020-03-14 21:57:00.535 [main] DEBUG o.h.p.w.spi.MetamodelGraphWalker - Visiting attribute path : grade
2020-03-14 21:57:00.535 [main] DEBUG o.h.p.w.spi.MetamodelGraphWalker - Visiting attribute path : mt
2020-03-14 21:57:00.536 [main] DEBUG o.h.p.w.spi.MetamodelGraphWalker - Visiting attribute path : name
2020-03-14 21:57:00.537 [main] DEBUG o.h.p.w.spi.MetamodelGraphWalker - Visiting attribute path : pic
2020-03-14 21:57:00.537 [main] DEBUG o.h.p.w.spi.MetamodelGraphWalker - Visiting attribute path : price
2020-03-14 21:57:00.537 [main] DEBUG o.h.p.w.spi.MetamodelGraphWalker - Visiting attribute path : price_old
2020-03-14 21:57:00.537 [main] DEBUG o.h.p.w.spi.MetamodelGraphWalker - Visiting attribute path : qq
2020-03-14 21:57:00.537 [main] DEBUG o.h.p.w.spi.MetamodelGraphWalker - Visiting attribute path : st
2020-03-14 21:57:00.537 [main] DEBUG o.h.p.w.spi.MetamodelGraphWalker - Visiting attribute path : studymodel
2020-03-14 21:57:00.537 [main] DEBUG o.h.p.w.spi.MetamodelGraphWalker - Visiting attribute path : teachplan
2020-03-14 21:57:00.537 [main] DEBUG o.h.p.w.spi.MetamodelGraphWalker - Visiting attribute path : timestamp
2020-03-14 21:57:00.537 [main] DEBUG o.h.p.w.spi.MetamodelGraphWalker - Visiting attribute path : users
2020-03-14 21:57:00.537 [main] DEBUG o.h.p.w.spi.MetamodelGraphWalker - Visiting attribute path : valid
2020-03-14 21:57:00.537 [main] DEBUG o.h.l.p.b.i.FetchStyleLoadPlanBuildingAssociationVisitationStrategy - Building LoadPlan...
2020-03-14 21:57:00.538 [main] DEBUG o.h.l.p.e.i.LoadQueryJoinAndFetchProcessor - processing queryspace <gen:0>
2020-03-14 21:57:00.539 [main] DEBUG o.h.l.p.b.spi.LoadPlanTreePrinter - LoadPlan(entity=com.ningmeng.framework.domain.course.CoursePre)
    - Returns
       - EntityReturnImpl(entity=com.ningmeng.framework.domain.course.CoursePre, querySpaceUid=<gen:0>, path=com.ningmeng.framework.domain.course.CoursePre)
    - QuerySpaces
       - EntityQuerySpaceImpl(uid=<gen:0>, entity=com.ningmeng.framework.domain.course.CoursePre)
          - SQL table alias mapping - coursepre0_
          - alias suffix - 0_
          - suffixed key columns - {id1_6_0_}

2020-03-14 21:57:00.539 [main] DEBUG o.h.loader.entity.plan.EntityLoader - Static select for entity com.ningmeng.framework.domain.course.CoursePre [PESSIMISTIC_WRITE]: select coursepre0_.id as id1_6_0_, coursepre0_.charge as charge2_6_0_, coursepre0_.description as descript3_6_0_, coursepre0_.expires as expires4_6_0_, coursepre0_.grade as grade5_6_0_, coursepre0_.mt as mt6_6_0_, coursepre0_.name as name7_6_0_, coursepre0_.pic as pic8_6_0_, coursepre0_.price as price9_6_0_, coursepre0_.price_old as price_o10_6_0_, coursepre0_.qq as qq11_6_0_, coursepre0_.st as st12_6_0_, coursepre0_.studymodel as studymo13_6_0_, coursepre0_.teachplan as teachpl14_6_0_, coursepre0_.timestamp as timesta15_6_0_, coursepre0_.users as users16_6_0_, coursepre0_.valid as valid17_6_0_ from course_pre coursepre0_ where coursepre0_.id=? for update
2020-03-14 21:57:00.539 [main] DEBUG o.h.l.p.b.i.spaces.QuerySpacesImpl - Adding QuerySpace : uid = <gen:0> -> org.hibernate.loader.plan.build.internal.spaces.EntityQuerySpaceImpl@1450ffa3]
2020-03-14 21:57:00.539 [main] DEBUG o.h.p.w.spi.MetamodelGraphWalker - Visiting attribute path : charge
2020-03-14 21:57:00.539 [main] DEBUG o.h.p.w.spi.MetamodelGraphWalker - Visiting attribute path : description
2020-03-14 21:57:00.539 [main] DEBUG o.h.p.w.spi.MetamodelGraphWalker - Visiting attribute path : expires
2020-03-14 21:57:00.539 [main] DEBUG o.h.p.w.spi.MetamodelGraphWalker - Visiting attribute path : grade
2020-03-14 21:57:00.539 [main] DEBUG o.h.p.w.spi.MetamodelGraphWalker - Visiting attribute path : mt
2020-03-14 21:57:00.539 [main] DEBUG o.h.p.w.spi.MetamodelGraphWalker - Visiting attribute path : name
2020-03-14 21:57:00.539 [main] DEBUG o.h.p.w.spi.MetamodelGraphWalker - Visiting attribute path : pic
2020-03-14 21:57:00.539 [main] DEBUG o.h.p.w.spi.MetamodelGraphWalker - Visiting attribute path : price
2020-03-14 21:57:00.539 [main] DEBUG o.h.p.w.spi.MetamodelGraphWalker - Visiting attribute path : price_old
2020-03-14 21:57:00.539 [main] DEBUG o.h.p.w.spi.MetamodelGraphWalker - Visiting attribute path : qq
2020-03-14 21:57:00.539 [main] DEBUG o.h.p.w.spi.MetamodelGraphWalker - Visiting attribute path : st
2020-03-14 21:57:00.539 [main] DEBUG o.h.p.w.spi.MetamodelGraphWalker - Visiting attribute path : studymodel
2020-03-14 21:57:00.539 [main] DEBUG o.h.p.w.spi.MetamodelGraphWalker - Visiting attribute path : teachplan
2020-03-14 21:57:00.539 [main] DEBUG o.h.p.w.spi.MetamodelGraphWalker - Visiting attribute path : timestamp
2020-03-14 21:57:00.540 [main] DEBUG o.h.p.w.spi.MetamodelGraphWalker - Visiting attribute path : users
2020-03-14 21:57:00.540 [main] DEBUG o.h.p.w.spi.MetamodelGraphWalker - Visiting attribute path : valid
2020-03-14 21:57:00.540 [main] DEBUG o.h.l.p.b.i.FetchStyleLoadPlanBuildingAssociationVisitationStrategy - Building LoadPlan...
2020-03-14 21:57:00.540 [main] DEBUG o.h.l.p.e.i.LoadQueryJoinAndFetchProcessor - processing queryspace <gen:0>
2020-03-14 21:57:00.540 [main] DEBUG o.h.l.p.b.spi.LoadPlanTreePrinter - LoadPlan(entity=com.ningmeng.framework.domain.course.CoursePre)
    - Returns
       - EntityReturnImpl(entity=com.ningmeng.framework.domain.course.CoursePre, querySpaceUid=<gen:0>, path=com.ningmeng.framework.domain.course.CoursePre)
    - QuerySpaces
       - EntityQuerySpaceImpl(uid=<gen:0>, entity=com.ningmeng.framework.domain.course.CoursePre)
          - SQL table alias mapping - coursepre0_
          - alias suffix - 0_
          - suffixed key columns - {id1_6_0_}

2020-03-14 21:57:00.540 [main] DEBUG o.h.loader.entity.plan.EntityLoader - Static select for entity com.ningmeng.framework.domain.course.CoursePre [PESSIMISTIC_FORCE_INCREMENT]: select coursepre0_.id as id1_6_0_, coursepre0_.charge as charge2_6_0_, coursepre0_.description as descript3_6_0_, coursepre0_.expires as expires4_6_0_, coursepre0_.grade as grade5_6_0_, coursepre0_.mt as mt6_6_0_, coursepre0_.name as name7_6_0_, coursepre0_.pic as pic8_6_0_, coursepre0_.price as price9_6_0_, coursepre0_.price_old as price_o10_6_0_, coursepre0_.qq as qq11_6_0_, coursepre0_.st as st12_6_0_, coursepre0_.studymodel as studymo13_6_0_, coursepre0_.teachplan as teachpl14_6_0_, coursepre0_.timestamp as timesta15_6_0_, coursepre0_.users as users16_6_0_, coursepre0_.valid as valid17_6_0_ from course_pre coursepre0_ where coursepre0_.id=? for update
2020-03-14 21:57:00.540 [main] DEBUG o.h.l.p.b.i.spaces.QuerySpacesImpl - Adding QuerySpace : uid = <gen:0> -> org.hibernate.loader.plan.build.internal.spaces.EntityQuerySpaceImpl@38ebc866]
2020-03-14 21:57:00.541 [main] DEBUG o.h.p.w.spi.MetamodelGraphWalker - Visiting attribute path : charge
2020-03-14 21:57:00.541 [main] DEBUG o.h.p.w.spi.MetamodelGraphWalker - Visiting attribute path : description
2020-03-14 21:57:00.541 [main] DEBUG o.h.p.w.spi.MetamodelGraphWalker - Visiting attribute path : expires
2020-03-14 21:57:00.541 [main] DEBUG o.h.p.w.spi.MetamodelGraphWalker - Visiting attribute path : grade
2020-03-14 21:57:00.541 [main] DEBUG o.h.p.w.spi.MetamodelGraphWalker - Visiting attribute path : mt
2020-03-14 21:57:00.541 [main] DEBUG o.h.p.w.spi.MetamodelGraphWalker - Visiting attribute path : name
2020-03-14 21:57:00.541 [main] DEBUG o.h.p.w.spi.MetamodelGraphWalker - Visiting attribute path : pic
2020-03-14 21:57:00.541 [main] DEBUG o.h.p.w.spi.MetamodelGraphWalker - Visiting attribute path : price
2020-03-14 21:57:00.541 [main] DEBUG o.h.p.w.spi.MetamodelGraphWalker - Visiting attribute path : price_old
2020-03-14 21:57:00.541 [main] DEBUG o.h.p.w.spi.MetamodelGraphWalker - Visiting attribute path : qq
2020-03-14 21:57:00.541 [main] DEBUG o.h.p.w.spi.MetamodelGraphWalker - Visiting attribute path : st
2020-03-14 21:57:00.541 [main] DEBUG o.h.p.w.spi.MetamodelGraphWalker - Visiting attribute path : studymodel
2020-03-14 21:57:00.541 [main] DEBUG o.h.p.w.spi.MetamodelGraphWalker - Visiting attribute path : teachplan
2020-03-14 21:57:00.541 [main] DEBUG o.h.p.w.spi.MetamodelGraphWalker - Visiting attribute path : timestamp
2020-03-14 21:57:00.541 [main] DEBUG o.h.p.w.spi.MetamodelGraphWalker - Visiting attribute path : users
2020-03-14 21:57:00.541 [main] DEBUG o.h.p.w.spi.MetamodelGraphWalker - Visiting attribute path : valid
2020-03-14 21:57:00.541 [main] DEBUG o.h.l.p.b.i.FetchStyleLoadPlanBuildingAssociationVisitationStrategy - Building LoadPlan...
2020-03-14 21:57:00.542 [main] DEBUG o.h.l.p.e.i.LoadQueryJoinAndFetchProcessor - processing queryspace <gen:0>
2020-03-14 21:57:00.543 [main] DEBUG o.h.l.p.b.spi.LoadPlanTreePrinter - LoadPlan(entity=com.ningmeng.framework.domain.course.CoursePre)
    - Returns
       - EntityReturnImpl(entity=com.ningmeng.framework.domain.course.CoursePre, querySpaceUid=<gen:0>, path=com.ningmeng.framework.domain.course.CoursePre)
    - QuerySpaces
       - EntityQuerySpaceImpl(uid=<gen:0>, entity=com.ningmeng.framework.domain.course.CoursePre)
          - SQL table alias mapping - coursepre0_
          - alias suffix - 0_
          - suffixed key columns - {id1_6_0_}

2020-03-14 21:57:00.543 [main] DEBUG o.h.loader.entity.plan.EntityLoader - Static select for entity com.ningmeng.framework.domain.course.CoursePre [OPTIMISTIC]: select coursepre0_.id as id1_6_0_, coursepre0_.charge as charge2_6_0_, coursepre0_.description as descript3_6_0_, coursepre0_.expires as expires4_6_0_, coursepre0_.grade as grade5_6_0_, coursepre0_.mt as mt6_6_0_, coursepre0_.name as name7_6_0_, coursepre0_.pic as pic8_6_0_, coursepre0_.price as price9_6_0_, coursepre0_.price_old as price_o10_6_0_, coursepre0_.qq as qq11_6_0_, coursepre0_.st as st12_6_0_, coursepre0_.studymodel as studymo13_6_0_, coursepre0_.teachplan as teachpl14_6_0_, coursepre0_.timestamp as timesta15_6_0_, coursepre0_.users as users16_6_0_, coursepre0_.valid as valid17_6_0_ from course_pre coursepre0_ where coursepre0_.id=?
2020-03-14 21:57:00.543 [main] DEBUG o.h.l.p.b.i.spaces.QuerySpacesImpl - Adding QuerySpace : uid = <gen:0> -> org.hibernate.loader.plan.build.internal.spaces.EntityQuerySpaceImpl@7962a746]
2020-03-14 21:57:00.544 [main] DEBUG o.h.p.w.spi.MetamodelGraphWalker - Visiting attribute path : charge
2020-03-14 21:57:00.544 [main] DEBUG o.h.p.w.spi.MetamodelGraphWalker - Visiting attribute path : description
2020-03-14 21:57:00.544 [main] DEBUG o.h.p.w.spi.MetamodelGraphWalker - Visiting attribute path : expires
2020-03-14 21:57:00.544 [main] DEBUG o.h.p.w.spi.MetamodelGraphWalker - Visiting attribute path : grade
2020-03-14 21:57:00.544 [main] DEBUG o.h.p.w.spi.MetamodelGraphWalker - Visiting attribute path : mt
2020-03-14 21:57:00.544 [main] DEBUG o.h.p.w.spi.MetamodelGraphWalker - Visiting attribute path : name
2020-03-14 21:57:00.544 [main] DEBUG o.h.p.w.spi.MetamodelGraphWalker - Visiting attribute path : pic
2020-03-14 21:57:00.544 [main] DEBUG o.h.p.w.spi.MetamodelGraphWalker - Visiting attribute path : price
2020-03-14 21:57:00.544 [main] DEBUG o.h.p.w.spi.MetamodelGraphWalker - Visiting attribute path : price_old
2020-03-14 21:57:00.544 [main] DEBUG o.h.p.w.spi.MetamodelGraphWalker - Visiting attribute path : qq
2020-03-14 21:57:00.544 [main] DEBUG o.h.p.w.spi.MetamodelGraphWalker - Visiting attribute path : st
2020-03-14 21:57:00.545 [main] DEBUG o.h.p.w.spi.MetamodelGraphWalker - Visiting attribute path : studymodel
2020-03-14 21:57:00.546 [main] DEBUG o.h.p.w.spi.MetamodelGraphWalker - Visiting attribute path : teachplan
2020-03-14 21:57:00.546 [main] DEBUG o.h.p.w.spi.MetamodelGraphWalker - Visiting attribute path : timestamp
2020-03-14 21:57:00.546 [main] DEBUG o.h.p.w.spi.MetamodelGraphWalker - Visiting attribute path : users
2020-03-14 21:57:00.546 [main] DEBUG o.h.p.w.spi.MetamodelGraphWalker - Visiting attribute path : valid
2020-03-14 21:57:00.547 [main] DEBUG o.h.l.p.b.i.FetchStyleLoadPlanBuildingAssociationVisitationStrategy - Building LoadPlan...
2020-03-14 21:57:00.548 [main] DEBUG o.h.l.p.e.i.LoadQueryJoinAndFetchProcessor - processing queryspace <gen:0>
2020-03-14 21:57:00.549 [main] DEBUG o.h.l.p.b.spi.LoadPlanTreePrinter - LoadPlan(entity=com.ningmeng.framework.domain.course.CoursePre)
    - Returns
       - EntityReturnImpl(entity=com.ningmeng.framework.domain.course.CoursePre, querySpaceUid=<gen:0>, path=com.ningmeng.framework.domain.course.CoursePre)
    - QuerySpaces
       - EntityQuerySpaceImpl(uid=<gen:0>, entity=com.ningmeng.framework.domain.course.CoursePre)
          - SQL table alias mapping - coursepre0_
          - alias suffix - 0_
          - suffixed key columns - {id1_6_0_}

2020-03-14 21:57:00.549 [main] DEBUG o.h.loader.entity.plan.EntityLoader - Static select for entity com.ningmeng.framework.domain.course.CoursePre [OPTIMISTIC_FORCE_INCREMENT]: select coursepre0_.id as id1_6_0_, coursepre0_.charge as charge2_6_0_, coursepre0_.description as descript3_6_0_, coursepre0_.expires as expires4_6_0_, coursepre0_.grade as grade5_6_0_, coursepre0_.mt as mt6_6_0_, coursepre0_.name as name7_6_0_, coursepre0_.pic as pic8_6_0_, coursepre0_.price as price9_6_0_, coursepre0_.price_old as price_o10_6_0_, coursepre0_.qq as qq11_6_0_, coursepre0_.st as st12_6_0_, coursepre0_.studymodel as studymo13_6_0_, coursepre0_.teachplan as teachpl14_6_0_, coursepre0_.timestamp as timesta15_6_0_, coursepre0_.users as users16_6_0_, coursepre0_.valid as valid17_6_0_ from course_pre coursepre0_ where coursepre0_.id=?
2020-03-14 21:57:00.588 [main] DEBUG org.hibernate.loader.Loader - Static select for action ACTION_MERGE on entity com.ningmeng.framework.domain.course.CoursePre: select coursepre0_.id as id1_6_0_, coursepre0_.charge as charge2_6_0_, coursepre0_.description as descript3_6_0_, coursepre0_.expires as expires4_6_0_, coursepre0_.grade as grade5_6_0_, coursepre0_.mt as mt6_6_0_, coursepre0_.name as name7_6_0_, coursepre0_.pic as pic8_6_0_, coursepre0_.price as price9_6_0_, coursepre0_.price_old as price_o10_6_0_, coursepre0_.qq as qq11_6_0_, coursepre0_.st as st12_6_0_, coursepre0_.studymodel as studymo13_6_0_, coursepre0_.teachplan as teachpl14_6_0_, coursepre0_.timestamp as timesta15_6_0_, coursepre0_.users as users16_6_0_, coursepre0_.valid as valid17_6_0_ from course_pre coursepre0_ where coursepre0_.id=?
2020-03-14 21:57:00.588 [main] DEBUG org.hibernate.loader.Loader - Static select for action ACTION_REFRESH on entity com.ningmeng.framework.domain.course.CoursePre: select coursepre0_.id as id1_6_0_, coursepre0_.charge as charge2_6_0_, coursepre0_.description as descript3_6_0_, coursepre0_.expires as expires4_6_0_, coursepre0_.grade as grade5_6_0_, coursepre0_.mt as mt6_6_0_, coursepre0_.name as name7_6_0_, coursepre0_.pic as pic8_6_0_, coursepre0_.price as price9_6_0_, coursepre0_.price_old as price_o10_6_0_, coursepre0_.qq as qq11_6_0_, coursepre0_.st as st12_6_0_, coursepre0_.studymodel as studymo13_6_0_, coursepre0_.teachplan as teachpl14_6_0_, coursepre0_.timestamp as timesta15_6_0_, coursepre0_.users as users16_6_0_, coursepre0_.valid as valid17_6_0_ from course_pre coursepre0_ where coursepre0_.id=?
2020-03-14 21:57:00.589 [main] DEBUG o.h.p.entity.AbstractEntityPersister - Static SQL for entity: com.ningmeng.framework.domain.course.Teachplan
2020-03-14 21:57:00.589 [main] DEBUG o.h.p.entity.AbstractEntityPersister -  Version select: select id from teachplan where id =?
2020-03-14 21:57:00.589 [main] DEBUG o.h.p.entity.AbstractEntityPersister -  Snapshot select: select teachplan_.id, teachplan_.courseid as courseid2_8_, teachplan_.description as descript3_8_, teachplan_.grade as grade4_8_, teachplan_.orderby as orderby5_8_, teachplan_.parentid as parentid6_8_, teachplan_.pname as pname7_8_, teachplan_.ptype as ptype8_8_, teachplan_.status as status9_8_, teachplan_.timelength as timelen10_8_, teachplan_.trylearn as trylear11_8_ from teachplan teachplan_ where teachplan_.id=?
2020-03-14 21:57:00.589 [main] DEBUG o.h.p.entity.AbstractEntityPersister -  Insert 0: insert into teachplan (courseid, description, grade, orderby, parentid, pname, ptype, status, timelength, trylearn, id) values (?, ?, ?, ?, ?, ?, ?, ?, ?, ?, ?)
2020-03-14 21:57:00.589 [main] DEBUG o.h.p.entity.AbstractEntityPersister -  Update 0: update teachplan set courseid=?, description=?, grade=?, orderby=?, parentid=?, pname=?, ptype=?, status=?, timelength=?, trylearn=? where id=?
2020-03-14 21:57:00.589 [main] DEBUG o.h.p.entity.AbstractEntityPersister -  Delete 0: delete from teachplan where id=?
2020-03-14 21:57:00.589 [main] DEBUG o.h.l.p.b.i.spaces.QuerySpacesImpl - Adding QuerySpace : uid = <gen:0> -> org.hibernate.loader.plan.build.internal.spaces.EntityQuerySpaceImpl@77d95e5a]
2020-03-14 21:57:00.589 [main] DEBUG o.h.p.w.spi.MetamodelGraphWalker - Visiting attribute path : courseid
2020-03-14 21:57:00.589 [main] DEBUG o.h.p.w.spi.MetamodelGraphWalker - Visiting attribute path : description
2020-03-14 21:57:00.589 [main] DEBUG o.h.p.w.spi.MetamodelGraphWalker - Visiting attribute path : grade
2020-03-14 21:57:00.589 [main] DEBUG o.h.p.w.spi.MetamodelGraphWalker - Visiting attribute path : orderby
2020-03-14 21:57:00.589 [main] DEBUG o.h.p.w.spi.MetamodelGraphWalker - Visiting attribute path : parentid
2020-03-14 21:57:00.589 [main] DEBUG o.h.p.w.spi.MetamodelGraphWalker - Visiting attribute path : pname
2020-03-14 21:57:00.589 [main] DEBUG o.h.p.w.spi.MetamodelGraphWalker - Visiting attribute path : ptype
2020-03-14 21:57:00.589 [main] DEBUG o.h.p.w.spi.MetamodelGraphWalker - Visiting attribute path : status
2020-03-14 21:57:00.589 [main] DEBUG o.h.p.w.spi.MetamodelGraphWalker - Visiting attribute path : timelength
2020-03-14 21:57:00.589 [main] DEBUG o.h.p.w.spi.MetamodelGraphWalker - Visiting attribute path : trylearn
2020-03-14 21:57:00.590 [main] DEBUG o.h.l.p.b.i.FetchStyleLoadPlanBuildingAssociationVisitationStrategy - Building LoadPlan...
2020-03-14 21:57:00.590 [main] DEBUG o.h.l.p.e.i.LoadQueryJoinAndFetchProcessor - processing queryspace <gen:0>
2020-03-14 21:57:00.590 [main] DEBUG o.h.l.p.b.spi.LoadPlanTreePrinter - LoadPlan(entity=com.ningmeng.framework.domain.course.Teachplan)
    - Returns
       - EntityReturnImpl(entity=com.ningmeng.framework.domain.course.Teachplan, querySpaceUid=<gen:0>, path=com.ningmeng.framework.domain.course.Teachplan)
    - QuerySpaces
       - EntityQuerySpaceImpl(uid=<gen:0>, entity=com.ningmeng.framework.domain.course.Teachplan)
          - SQL table alias mapping - teachplan0_
          - alias suffix - 0_
          - suffixed key columns - {id1_8_0_}

2020-03-14 21:57:00.590 [main] DEBUG o.h.loader.entity.plan.EntityLoader - Static select for entity com.ningmeng.framework.domain.course.Teachplan [NONE]: select teachplan0_.id as id1_8_0_, teachplan0_.courseid as courseid2_8_0_, teachplan0_.description as descript3_8_0_, teachplan0_.grade as grade4_8_0_, teachplan0_.orderby as orderby5_8_0_, teachplan0_.parentid as parentid6_8_0_, teachplan0_.pname as pname7_8_0_, teachplan0_.ptype as ptype8_8_0_, teachplan0_.status as status9_8_0_, teachplan0_.timelength as timelen10_8_0_, teachplan0_.trylearn as trylear11_8_0_ from teachplan teachplan0_ where teachplan0_.id=?
2020-03-14 21:57:00.591 [main] DEBUG o.h.l.p.b.i.spaces.QuerySpacesImpl - Adding QuerySpace : uid = <gen:0> -> org.hibernate.loader.plan.build.internal.spaces.EntityQuerySpaceImpl@4f8900b0]
2020-03-14 21:57:00.591 [main] DEBUG o.h.p.w.spi.MetamodelGraphWalker - Visiting attribute path : courseid
2020-03-14 21:57:00.591 [main] DEBUG o.h.p.w.spi.MetamodelGraphWalker - Visiting attribute path : description
2020-03-14 21:57:00.591 [main] DEBUG o.h.p.w.spi.MetamodelGraphWalker - Visiting attribute path : grade
2020-03-14 21:57:00.591 [main] DEBUG o.h.p.w.spi.MetamodelGraphWalker - Visiting attribute path : orderby
2020-03-14 21:57:00.591 [main] DEBUG o.h.p.w.spi.MetamodelGraphWalker - Visiting attribute path : parentid
2020-03-14 21:57:00.591 [main] DEBUG o.h.p.w.spi.MetamodelGraphWalker - Visiting attribute path : pname
2020-03-14 21:57:00.591 [main] DEBUG o.h.p.w.spi.MetamodelGraphWalker - Visiting attribute path : ptype
2020-03-14 21:57:00.591 [main] DEBUG o.h.p.w.spi.MetamodelGraphWalker - Visiting attribute path : status
2020-03-14 21:57:00.591 [main] DEBUG o.h.p.w.spi.MetamodelGraphWalker - Visiting attribute path : timelength
2020-03-14 21:57:00.591 [main] DEBUG o.h.p.w.spi.MetamodelGraphWalker - Visiting attribute path : trylearn
2020-03-14 21:57:00.591 [main] DEBUG o.h.l.p.b.i.FetchStyleLoadPlanBuildingAssociationVisitationStrategy - Building LoadPlan...
2020-03-14 21:57:00.592 [main] DEBUG o.h.l.p.e.i.LoadQueryJoinAndFetchProcessor - processing queryspace <gen:0>
2020-03-14 21:57:00.592 [main] DEBUG o.h.l.p.b.spi.LoadPlanTreePrinter - LoadPlan(entity=com.ningmeng.framework.domain.course.Teachplan)
    - Returns
       - EntityReturnImpl(entity=com.ningmeng.framework.domain.course.Teachplan, querySpaceUid=<gen:0>, path=com.ningmeng.framework.domain.course.Teachplan)
    - QuerySpaces
       - EntityQuerySpaceImpl(uid=<gen:0>, entity=com.ningmeng.framework.domain.course.Teachplan)
          - SQL table alias mapping - teachplan0_
          - alias suffix - 0_
          - suffixed key columns - {id1_8_0_}

2020-03-14 21:57:00.592 [main] DEBUG o.h.loader.entity.plan.EntityLoader - Static select for entity com.ningmeng.framework.domain.course.Teachplan [READ]: select teachplan0_.id as id1_8_0_, teachplan0_.courseid as courseid2_8_0_, teachplan0_.description as descript3_8_0_, teachplan0_.grade as grade4_8_0_, teachplan0_.orderby as orderby5_8_0_, teachplan0_.parentid as parentid6_8_0_, teachplan0_.pname as pname7_8_0_, teachplan0_.ptype as ptype8_8_0_, teachplan0_.status as status9_8_0_, teachplan0_.timelength as timelen10_8_0_, teachplan0_.trylearn as trylear11_8_0_ from teachplan teachplan0_ where teachplan0_.id=?
2020-03-14 21:57:00.592 [main] DEBUG o.h.l.p.b.i.spaces.QuerySpacesImpl - Adding QuerySpace : uid = <gen:0> -> org.hibernate.loader.plan.build.internal.spaces.EntityQuerySpaceImpl@33e8e146]
2020-03-14 21:57:00.592 [main] DEBUG o.h.p.w.spi.MetamodelGraphWalker - Visiting attribute path : courseid
2020-03-14 21:57:00.592 [main] DEBUG o.h.p.w.spi.MetamodelGraphWalker - Visiting attribute path : description
2020-03-14 21:57:00.592 [main] DEBUG o.h.p.w.spi.MetamodelGraphWalker - Visiting attribute path : grade
2020-03-14 21:57:00.592 [main] DEBUG o.h.p.w.spi.MetamodelGraphWalker - Visiting attribute path : orderby
2020-03-14 21:57:00.592 [main] DEBUG o.h.p.w.spi.MetamodelGraphWalker - Visiting attribute path : parentid
2020-03-14 21:57:00.592 [main] DEBUG o.h.p.w.spi.MetamodelGraphWalker - Visiting attribute path : pname
2020-03-14 21:57:00.593 [main] DEBUG o.h.p.w.spi.MetamodelGraphWalker - Visiting attribute path : ptype
2020-03-14 21:57:00.593 [main] DEBUG o.h.p.w.spi.MetamodelGraphWalker - Visiting attribute path : status
2020-03-14 21:57:00.593 [main] DEBUG o.h.p.w.spi.MetamodelGraphWalker - Visiting attribute path : timelength
2020-03-14 21:57:00.593 [main] DEBUG o.h.p.w.spi.MetamodelGraphWalker - Visiting attribute path : trylearn
2020-03-14 21:57:00.593 [main] DEBUG o.h.l.p.b.i.FetchStyleLoadPlanBuildingAssociationVisitationStrategy - Building LoadPlan...
2020-03-14 21:57:00.593 [main] DEBUG o.h.l.p.e.i.LoadQueryJoinAndFetchProcessor - processing queryspace <gen:0>
2020-03-14 21:57:00.593 [main] DEBUG o.h.l.p.b.spi.LoadPlanTreePrinter - LoadPlan(entity=com.ningmeng.framework.domain.course.Teachplan)
    - Returns
       - EntityReturnImpl(entity=com.ningmeng.framework.domain.course.Teachplan, querySpaceUid=<gen:0>, path=com.ningmeng.framework.domain.course.Teachplan)
    - QuerySpaces
       - EntityQuerySpaceImpl(uid=<gen:0>, entity=com.ningmeng.framework.domain.course.Teachplan)
          - SQL table alias mapping - teachplan0_
          - alias suffix - 0_
          - suffixed key columns - {id1_8_0_}

2020-03-14 21:57:00.593 [main] DEBUG o.h.loader.entity.plan.EntityLoader - Static select for entity com.ningmeng.framework.domain.course.Teachplan [UPGRADE]: select teachplan0_.id as id1_8_0_, teachplan0_.courseid as courseid2_8_0_, teachplan0_.description as descript3_8_0_, teachplan0_.grade as grade4_8_0_, teachplan0_.orderby as orderby5_8_0_, teachplan0_.parentid as parentid6_8_0_, teachplan0_.pname as pname7_8_0_, teachplan0_.ptype as ptype8_8_0_, teachplan0_.status as status9_8_0_, teachplan0_.timelength as timelen10_8_0_, teachplan0_.trylearn as trylear11_8_0_ from teachplan teachplan0_ where teachplan0_.id=? for update
2020-03-14 21:57:00.593 [main] DEBUG o.h.l.p.b.i.spaces.QuerySpacesImpl - Adding QuerySpace : uid = <gen:0> -> org.hibernate.loader.plan.build.internal.spaces.EntityQuerySpaceImpl@18463720]
2020-03-14 21:57:00.594 [main] DEBUG o.h.p.w.spi.MetamodelGraphWalker - Visiting attribute path : courseid
2020-03-14 21:57:00.594 [main] DEBUG o.h.p.w.spi.MetamodelGraphWalker - Visiting attribute path : description
2020-03-14 21:57:00.594 [main] DEBUG o.h.p.w.spi.MetamodelGraphWalker - Visiting attribute path : grade
2020-03-14 21:57:00.594 [main] DEBUG o.h.p.w.spi.MetamodelGraphWalker - Visiting attribute path : orderby
2020-03-14 21:57:00.594 [main] DEBUG o.h.p.w.spi.MetamodelGraphWalker - Visiting attribute path : parentid
2020-03-14 21:57:00.594 [main] DEBUG o.h.p.w.spi.MetamodelGraphWalker - Visiting attribute path : pname
2020-03-14 21:57:00.594 [main] DEBUG o.h.p.w.spi.MetamodelGraphWalker - Visiting attribute path : ptype
2020-03-14 21:57:00.594 [main] DEBUG o.h.p.w.spi.MetamodelGraphWalker - Visiting attribute path : status
2020-03-14 21:57:00.594 [main] DEBUG o.h.p.w.spi.MetamodelGraphWalker - Visiting attribute path : timelength
2020-03-14 21:57:00.594 [main] DEBUG o.h.p.w.spi.MetamodelGraphWalker - Visiting attribute path : trylearn
2020-03-14 21:57:00.594 [main] DEBUG o.h.l.p.b.i.FetchStyleLoadPlanBuildingAssociationVisitationStrategy - Building LoadPlan...
2020-03-14 21:57:00.594 [main] DEBUG o.h.l.p.e.i.LoadQueryJoinAndFetchProcessor - processing queryspace <gen:0>
2020-03-14 21:57:00.595 [main] DEBUG o.h.l.p.b.spi.LoadPlanTreePrinter - LoadPlan(entity=com.ningmeng.framework.domain.course.Teachplan)
    - Returns
       - EntityReturnImpl(entity=com.ningmeng.framework.domain.course.Teachplan, querySpaceUid=<gen:0>, path=com.ningmeng.framework.domain.course.Teachplan)
    - QuerySpaces
       - EntityQuerySpaceImpl(uid=<gen:0>, entity=com.ningmeng.framework.domain.course.Teachplan)
          - SQL table alias mapping - teachplan0_
          - alias suffix - 0_
          - suffixed key columns - {id1_8_0_}

2020-03-14 21:57:00.595 [main] DEBUG o.h.loader.entity.plan.EntityLoader - Static select for entity com.ningmeng.framework.domain.course.Teachplan [UPGRADE_NOWAIT]: select teachplan0_.id as id1_8_0_, teachplan0_.courseid as courseid2_8_0_, teachplan0_.description as descript3_8_0_, teachplan0_.grade as grade4_8_0_, teachplan0_.orderby as orderby5_8_0_, teachplan0_.parentid as parentid6_8_0_, teachplan0_.pname as pname7_8_0_, teachplan0_.ptype as ptype8_8_0_, teachplan0_.status as status9_8_0_, teachplan0_.timelength as timelen10_8_0_, teachplan0_.trylearn as trylear11_8_0_ from teachplan teachplan0_ where teachplan0_.id=? for update
2020-03-14 21:57:00.595 [main] DEBUG o.h.l.p.b.i.spaces.QuerySpacesImpl - Adding QuerySpace : uid = <gen:0> -> org.hibernate.loader.plan.build.internal.spaces.EntityQuerySpaceImpl@10f8e2d2]
2020-03-14 21:57:00.595 [main] DEBUG o.h.p.w.spi.MetamodelGraphWalker - Visiting attribute path : courseid
2020-03-14 21:57:00.595 [main] DEBUG o.h.p.w.spi.MetamodelGraphWalker - Visiting attribute path : description
2020-03-14 21:57:00.595 [main] DEBUG o.h.p.w.spi.MetamodelGraphWalker - Visiting attribute path : grade
2020-03-14 21:57:00.595 [main] DEBUG o.h.p.w.spi.MetamodelGraphWalker - Visiting attribute path : orderby
2020-03-14 21:57:00.595 [main] DEBUG o.h.p.w.spi.MetamodelGraphWalker - Visiting attribute path : parentid
2020-03-14 21:57:00.595 [main] DEBUG o.h.p.w.spi.MetamodelGraphWalker - Visiting attribute path : pname
2020-03-14 21:57:00.595 [main] DEBUG o.h.p.w.spi.MetamodelGraphWalker - Visiting attribute path : ptype
2020-03-14 21:57:00.595 [main] DEBUG o.h.p.w.spi.MetamodelGraphWalker - Visiting attribute path : status
2020-03-14 21:57:00.595 [main] DEBUG o.h.p.w.spi.MetamodelGraphWalker - Visiting attribute path : timelength
2020-03-14 21:57:00.595 [main] DEBUG o.h.p.w.spi.MetamodelGraphWalker - Visiting attribute path : trylearn
2020-03-14 21:57:00.595 [main] DEBUG o.h.l.p.b.i.FetchStyleLoadPlanBuildingAssociationVisitationStrategy - Building LoadPlan...
2020-03-14 21:57:00.595 [main] DEBUG o.h.l.p.e.i.LoadQueryJoinAndFetchProcessor - processing queryspace <gen:0>
2020-03-14 21:57:00.596 [main] DEBUG o.h.l.p.b.spi.LoadPlanTreePrinter - LoadPlan(entity=com.ningmeng.framework.domain.course.Teachplan)
    - Returns
       - EntityReturnImpl(entity=com.ningmeng.framework.domain.course.Teachplan, querySpaceUid=<gen:0>, path=com.ningmeng.framework.domain.course.Teachplan)
    - QuerySpaces
       - EntityQuerySpaceImpl(uid=<gen:0>, entity=com.ningmeng.framework.domain.course.Teachplan)
          - SQL table alias mapping - teachplan0_
          - alias suffix - 0_
          - suffixed key columns - {id1_8_0_}

2020-03-14 21:57:00.596 [main] DEBUG o.h.loader.entity.plan.EntityLoader - Static select for entity com.ningmeng.framework.domain.course.Teachplan [UPGRADE_SKIPLOCKED]: select teachplan0_.id as id1_8_0_, teachplan0_.courseid as courseid2_8_0_, teachplan0_.description as descript3_8_0_, teachplan0_.grade as grade4_8_0_, teachplan0_.orderby as orderby5_8_0_, teachplan0_.parentid as parentid6_8_0_, teachplan0_.pname as pname7_8_0_, teachplan0_.ptype as ptype8_8_0_, teachplan0_.status as status9_8_0_, teachplan0_.timelength as timelen10_8_0_, teachplan0_.trylearn as trylear11_8_0_ from teachplan teachplan0_ where teachplan0_.id=? for update
2020-03-14 21:57:00.596 [main] DEBUG o.h.l.p.b.i.spaces.QuerySpacesImpl - Adding QuerySpace : uid = <gen:0> -> org.hibernate.loader.plan.build.internal.spaces.EntityQuerySpaceImpl@4f525e13]
2020-03-14 21:57:00.596 [main] DEBUG o.h.p.w.spi.MetamodelGraphWalker - Visiting attribute path : courseid
2020-03-14 21:57:00.596 [main] DEBUG o.h.p.w.spi.MetamodelGraphWalker - Visiting attribute path : description
2020-03-14 21:57:00.596 [main] DEBUG o.h.p.w.spi.MetamodelGraphWalker - Visiting attribute path : grade
2020-03-14 21:57:00.596 [main] DEBUG o.h.p.w.spi.MetamodelGraphWalker - Visiting attribute path : orderby
2020-03-14 21:57:00.596 [main] DEBUG o.h.p.w.spi.MetamodelGraphWalker - Visiting attribute path : parentid
2020-03-14 21:57:00.596 [main] DEBUG o.h.p.w.spi.MetamodelGraphWalker - Visiting attribute path : pname
2020-03-14 21:57:00.596 [main] DEBUG o.h.p.w.spi.MetamodelGraphWalker - Visiting attribute path : ptype
2020-03-14 21:57:00.596 [main] DEBUG o.h.p.w.spi.MetamodelGraphWalker - Visiting attribute path : status
2020-03-14 21:57:00.596 [main] DEBUG o.h.p.w.spi.MetamodelGraphWalker - Visiting attribute path : timelength
2020-03-14 21:57:00.596 [main] DEBUG o.h.p.w.spi.MetamodelGraphWalker - Visiting attribute path : trylearn
2020-03-14 21:57:00.596 [main] DEBUG o.h.l.p.b.i.FetchStyleLoadPlanBuildingAssociationVisitationStrategy - Building LoadPlan...
2020-03-14 21:57:00.597 [main] DEBUG o.h.l.p.e.i.LoadQueryJoinAndFetchProcessor - processing queryspace <gen:0>
2020-03-14 21:57:00.597 [main] DEBUG o.h.l.p.b.spi.LoadPlanTreePrinter - LoadPlan(entity=com.ningmeng.framework.domain.course.Teachplan)
    - Returns
       - EntityReturnImpl(entity=com.ningmeng.framework.domain.course.Teachplan, querySpaceUid=<gen:0>, path=com.ningmeng.framework.domain.course.Teachplan)
    - QuerySpaces
       - EntityQuerySpaceImpl(uid=<gen:0>, entity=com.ningmeng.framework.domain.course.Teachplan)
          - SQL table alias mapping - teachplan0_
          - alias suffix - 0_
          - suffixed key columns - {id1_8_0_}

2020-03-14 21:57:00.597 [main] DEBUG o.h.loader.entity.plan.EntityLoader - Static select for entity com.ningmeng.framework.domain.course.Teachplan [FORCE]: select teachplan0_.id as id1_8_0_, teachplan0_.courseid as courseid2_8_0_, teachplan0_.description as descript3_8_0_, teachplan0_.grade as grade4_8_0_, teachplan0_.orderby as orderby5_8_0_, teachplan0_.parentid as parentid6_8_0_, teachplan0_.pname as pname7_8_0_, teachplan0_.ptype as ptype8_8_0_, teachplan0_.status as status9_8_0_, teachplan0_.timelength as timelen10_8_0_, teachplan0_.trylearn as trylear11_8_0_ from teachplan teachplan0_ where teachplan0_.id=? for update
2020-03-14 21:57:00.597 [main] DEBUG o.h.l.p.b.i.spaces.QuerySpacesImpl - Adding QuerySpace : uid = <gen:0> -> org.hibernate.loader.plan.build.internal.spaces.EntityQuerySpaceImpl@af9dd34]
2020-03-14 21:57:00.597 [main] DEBUG o.h.p.w.spi.MetamodelGraphWalker - Visiting attribute path : courseid
2020-03-14 21:57:00.598 [main] DEBUG o.h.p.w.spi.MetamodelGraphWalker - Visiting attribute path : description
2020-03-14 21:57:00.598 [main] DEBUG o.h.p.w.spi.MetamodelGraphWalker - Visiting attribute path : grade
2020-03-14 21:57:00.598 [main] DEBUG o.h.p.w.spi.MetamodelGraphWalker - Visiting attribute path : orderby
2020-03-14 21:57:00.598 [main] DEBUG o.h.p.w.spi.MetamodelGraphWalker - Visiting attribute path : parentid
2020-03-14 21:57:00.598 [main] DEBUG o.h.p.w.spi.MetamodelGraphWalker - Visiting attribute path : pname
2020-03-14 21:57:00.598 [main] DEBUG o.h.p.w.spi.MetamodelGraphWalker - Visiting attribute path : ptype
2020-03-14 21:57:00.598 [main] DEBUG o.h.p.w.spi.MetamodelGraphWalker - Visiting attribute path : status
2020-03-14 21:57:00.598 [main] DEBUG o.h.p.w.spi.MetamodelGraphWalker - Visiting attribute path : timelength
2020-03-14 21:57:00.598 [main] DEBUG o.h.p.w.spi.MetamodelGraphWalker - Visiting attribute path : trylearn
2020-03-14 21:57:00.598 [main] DEBUG o.h.l.p.b.i.FetchStyleLoadPlanBuildingAssociationVisitationStrategy - Building LoadPlan...
2020-03-14 21:57:00.598 [main] DEBUG o.h.l.p.e.i.LoadQueryJoinAndFetchProcessor - processing queryspace <gen:0>
2020-03-14 21:57:00.598 [main] DEBUG o.h.l.p.b.spi.LoadPlanTreePrinter - LoadPlan(entity=com.ningmeng.framework.domain.course.Teachplan)
    - Returns
       - EntityReturnImpl(entity=com.ningmeng.framework.domain.course.Teachplan, querySpaceUid=<gen:0>, path=com.ningmeng.framework.domain.course.Teachplan)
    - QuerySpaces
       - EntityQuerySpaceImpl(uid=<gen:0>, entity=com.ningmeng.framework.domain.course.Teachplan)
          - SQL table alias mapping - teachplan0_
          - alias suffix - 0_
          - suffixed key columns - {id1_8_0_}

2020-03-14 21:57:00.598 [main] DEBUG o.h.loader.entity.plan.EntityLoader - Static select for entity com.ningmeng.framework.domain.course.Teachplan [PESSIMISTIC_READ]: select teachplan0_.id as id1_8_0_, teachplan0_.courseid as courseid2_8_0_, teachplan0_.description as descript3_8_0_, teachplan0_.grade as grade4_8_0_, teachplan0_.orderby as orderby5_8_0_, teachplan0_.parentid as parentid6_8_0_, teachplan0_.pname as pname7_8_0_, teachplan0_.ptype as ptype8_8_0_, teachplan0_.status as status9_8_0_, teachplan0_.timelength as timelen10_8_0_, teachplan0_.trylearn as trylear11_8_0_ from teachplan teachplan0_ where teachplan0_.id=? lock in share mode
2020-03-14 21:57:00.599 [main] DEBUG o.h.l.p.b.i.spaces.QuerySpacesImpl - Adding QuerySpace : uid = <gen:0> -> org.hibernate.loader.plan.build.internal.spaces.EntityQuerySpaceImpl@151659dd]
2020-03-14 21:57:00.599 [main] DEBUG o.h.p.w.spi.MetamodelGraphWalker - Visiting attribute path : courseid
2020-03-14 21:57:00.599 [main] DEBUG o.h.p.w.spi.MetamodelGraphWalker - Visiting attribute path : description
2020-03-14 21:57:00.599 [main] DEBUG o.h.p.w.spi.MetamodelGraphWalker - Visiting attribute path : grade
2020-03-14 21:57:00.599 [main] DEBUG o.h.p.w.spi.MetamodelGraphWalker - Visiting attribute path : orderby
2020-03-14 21:57:00.599 [main] DEBUG o.h.p.w.spi.MetamodelGraphWalker - Visiting attribute path : parentid
2020-03-14 21:57:00.599 [main] DEBUG o.h.p.w.spi.MetamodelGraphWalker - Visiting attribute path : pname
2020-03-14 21:57:00.599 [main] DEBUG o.h.p.w.spi.MetamodelGraphWalker - Visiting attribute path : ptype
2020-03-14 21:57:00.599 [main] DEBUG o.h.p.w.spi.MetamodelGraphWalker - Visiting attribute path : status
2020-03-14 21:57:00.599 [main] DEBUG o.h.p.w.spi.MetamodelGraphWalker - Visiting attribute path : timelength
2020-03-14 21:57:00.599 [main] DEBUG o.h.p.w.spi.MetamodelGraphWalker - Visiting attribute path : trylearn
2020-03-14 21:57:00.599 [main] DEBUG o.h.l.p.b.i.FetchStyleLoadPlanBuildingAssociationVisitationStrategy - Building LoadPlan...
2020-03-14 21:57:00.599 [main] DEBUG o.h.l.p.e.i.LoadQueryJoinAndFetchProcessor - processing queryspace <gen:0>
2020-03-14 21:57:00.600 [main] DEBUG o.h.l.p.b.spi.LoadPlanTreePrinter - LoadPlan(entity=com.ningmeng.framework.domain.course.Teachplan)
    - Returns
       - EntityReturnImpl(entity=com.ningmeng.framework.domain.course.Teachplan, querySpaceUid=<gen:0>, path=com.ningmeng.framework.domain.course.Teachplan)
    - QuerySpaces
       - EntityQuerySpaceImpl(uid=<gen:0>, entity=com.ningmeng.framework.domain.course.Teachplan)
          - SQL table alias mapping - teachplan0_
          - alias suffix - 0_
          - suffixed key columns - {id1_8_0_}

2020-03-14 21:57:00.601 [main] DEBUG o.h.loader.entity.plan.EntityLoader - Static select for entity com.ningmeng.framework.domain.course.Teachplan [PESSIMISTIC_WRITE]: select teachplan0_.id as id1_8_0_, teachplan0_.courseid as courseid2_8_0_, teachplan0_.description as descript3_8_0_, teachplan0_.grade as grade4_8_0_, teachplan0_.orderby as orderby5_8_0_, teachplan0_.parentid as parentid6_8_0_, teachplan0_.pname as pname7_8_0_, teachplan0_.ptype as ptype8_8_0_, teachplan0_.status as status9_8_0_, teachplan0_.timelength as timelen10_8_0_, teachplan0_.trylearn as trylear11_8_0_ from teachplan teachplan0_ where teachplan0_.id=? for update
2020-03-14 21:57:00.601 [main] DEBUG o.h.l.p.b.i.spaces.QuerySpacesImpl - Adding QuerySpace : uid = <gen:0> -> org.hibernate.loader.plan.build.internal.spaces.EntityQuerySpaceImpl@e8c84eb]
2020-03-14 21:57:00.601 [main] DEBUG o.h.p.w.spi.MetamodelGraphWalker - Visiting attribute path : courseid
2020-03-14 21:57:00.601 [main] DEBUG o.h.p.w.spi.MetamodelGraphWalker - Visiting attribute path : description
2020-03-14 21:57:00.601 [main] DEBUG o.h.p.w.spi.MetamodelGraphWalker - Visiting attribute path : grade
2020-03-14 21:57:00.601 [main] DEBUG o.h.p.w.spi.MetamodelGraphWalker - Visiting attribute path : orderby
2020-03-14 21:57:00.601 [main] DEBUG o.h.p.w.spi.MetamodelGraphWalker - Visiting attribute path : parentid
2020-03-14 21:57:00.601 [main] DEBUG o.h.p.w.spi.MetamodelGraphWalker - Visiting attribute path : pname
2020-03-14 21:57:00.602 [main] DEBUG o.h.p.w.spi.MetamodelGraphWalker - Visiting attribute path : ptype
2020-03-14 21:57:00.602 [main] DEBUG o.h.p.w.spi.MetamodelGraphWalker - Visiting attribute path : status
2020-03-14 21:57:00.602 [main] DEBUG o.h.p.w.spi.MetamodelGraphWalker - Visiting attribute path : timelength
2020-03-14 21:57:00.602 [main] DEBUG o.h.p.w.spi.MetamodelGraphWalker - Visiting attribute path : trylearn
2020-03-14 21:57:00.602 [main] DEBUG o.h.l.p.b.i.FetchStyleLoadPlanBuildingAssociationVisitationStrategy - Building LoadPlan...
2020-03-14 21:57:00.603 [main] DEBUG o.h.l.p.e.i.LoadQueryJoinAndFetchProcessor - processing queryspace <gen:0>
2020-03-14 21:57:00.604 [main] DEBUG o.h.l.p.b.spi.LoadPlanTreePrinter - LoadPlan(entity=com.ningmeng.framework.domain.course.Teachplan)
    - Returns
       - EntityReturnImpl(entity=com.ningmeng.framework.domain.course.Teachplan, querySpaceUid=<gen:0>, path=com.ningmeng.framework.domain.course.Teachplan)
    - QuerySpaces
       - EntityQuerySpaceImpl(uid=<gen:0>, entity=com.ningmeng.framework.domain.course.Teachplan)
          - SQL table alias mapping - teachplan0_
          - alias suffix - 0_
          - suffixed key columns - {id1_8_0_}

2020-03-14 21:57:00.604 [main] DEBUG o.h.loader.entity.plan.EntityLoader - Static select for entity com.ningmeng.framework.domain.course.Teachplan [PESSIMISTIC_FORCE_INCREMENT]: select teachplan0_.id as id1_8_0_, teachplan0_.courseid as courseid2_8_0_, teachplan0_.description as descript3_8_0_, teachplan0_.grade as grade4_8_0_, teachplan0_.orderby as orderby5_8_0_, teachplan0_.parentid as parentid6_8_0_, teachplan0_.pname as pname7_8_0_, teachplan0_.ptype as ptype8_8_0_, teachplan0_.status as status9_8_0_, teachplan0_.timelength as timelen10_8_0_, teachplan0_.trylearn as trylear11_8_0_ from teachplan teachplan0_ where teachplan0_.id=? for update
2020-03-14 21:57:00.604 [main] DEBUG o.h.l.p.b.i.spaces.QuerySpacesImpl - Adding QuerySpace : uid = <gen:0> -> org.hibernate.loader.plan.build.internal.spaces.EntityQuerySpaceImpl@283bb8b7]
2020-03-14 21:57:00.604 [main] DEBUG o.h.p.w.spi.MetamodelGraphWalker - Visiting attribute path : courseid
2020-03-14 21:57:00.604 [main] DEBUG o.h.p.w.spi.MetamodelGraphWalker - Visiting attribute path : description
2020-03-14 21:57:00.604 [main] DEBUG o.h.p.w.spi.MetamodelGraphWalker - Visiting attribute path : grade
2020-03-14 21:57:00.605 [main] DEBUG o.h.p.w.spi.MetamodelGraphWalker - Visiting attribute path : orderby
2020-03-14 21:57:00.606 [main] DEBUG o.h.p.w.spi.MetamodelGraphWalker - Visiting attribute path : parentid
2020-03-14 21:57:00.606 [main] DEBUG o.h.p.w.spi.MetamodelGraphWalker - Visiting attribute path : pname
2020-03-14 21:57:00.606 [main] DEBUG o.h.p.w.spi.MetamodelGraphWalker - Visiting attribute path : ptype
2020-03-14 21:57:00.606 [main] DEBUG o.h.p.w.spi.MetamodelGraphWalker - Visiting attribute path : status
2020-03-14 21:57:00.606 [main] DEBUG o.h.p.w.spi.MetamodelGraphWalker - Visiting attribute path : timelength
2020-03-14 21:57:00.606 [main] DEBUG o.h.p.w.spi.MetamodelGraphWalker - Visiting attribute path : trylearn
2020-03-14 21:57:00.606 [main] DEBUG o.h.l.p.b.i.FetchStyleLoadPlanBuildingAssociationVisitationStrategy - Building LoadPlan...
2020-03-14 21:57:00.606 [main] DEBUG o.h.l.p.e.i.LoadQueryJoinAndFetchProcessor - processing queryspace <gen:0>
2020-03-14 21:57:00.607 [main] DEBUG o.h.l.p.b.spi.LoadPlanTreePrinter - LoadPlan(entity=com.ningmeng.framework.domain.course.Teachplan)
    - Returns
       - EntityReturnImpl(entity=com.ningmeng.framework.domain.course.Teachplan, querySpaceUid=<gen:0>, path=com.ningmeng.framework.domain.course.Teachplan)
    - QuerySpaces
       - EntityQuerySpaceImpl(uid=<gen:0>, entity=com.ningmeng.framework.domain.course.Teachplan)
          - SQL table alias mapping - teachplan0_
          - alias suffix - 0_
          - suffixed key columns - {id1_8_0_}

2020-03-14 21:57:00.607 [main] DEBUG o.h.loader.entity.plan.EntityLoader - Static select for entity com.ningmeng.framework.domain.course.Teachplan [OPTIMISTIC]: select teachplan0_.id as id1_8_0_, teachplan0_.courseid as courseid2_8_0_, teachplan0_.description as descript3_8_0_, teachplan0_.grade as grade4_8_0_, teachplan0_.orderby as orderby5_8_0_, teachplan0_.parentid as parentid6_8_0_, teachplan0_.pname as pname7_8_0_, teachplan0_.ptype as ptype8_8_0_, teachplan0_.status as status9_8_0_, teachplan0_.timelength as timelen10_8_0_, teachplan0_.trylearn as trylear11_8_0_ from teachplan teachplan0_ where teachplan0_.id=?
2020-03-14 21:57:00.607 [main] DEBUG o.h.l.p.b.i.spaces.QuerySpacesImpl - Adding QuerySpace : uid = <gen:0> -> org.hibernate.loader.plan.build.internal.spaces.EntityQuerySpaceImpl@4fa8297b]
2020-03-14 21:57:00.607 [main] DEBUG o.h.p.w.spi.MetamodelGraphWalker - Visiting attribute path : courseid
2020-03-14 21:57:00.607 [main] DEBUG o.h.p.w.spi.MetamodelGraphWalker - Visiting attribute path : description
2020-03-14 21:57:00.607 [main] DEBUG o.h.p.w.spi.MetamodelGraphWalker - Visiting attribute path : grade
2020-03-14 21:57:00.607 [main] DEBUG o.h.p.w.spi.MetamodelGraphWalker - Visiting attribute path : orderby
2020-03-14 21:57:00.607 [main] DEBUG o.h.p.w.spi.MetamodelGraphWalker - Visiting attribute path : parentid
2020-03-14 21:57:00.607 [main] DEBUG o.h.p.w.spi.MetamodelGraphWalker - Visiting attribute path : pname
2020-03-14 21:57:00.607 [main] DEBUG o.h.p.w.spi.MetamodelGraphWalker - Visiting attribute path : ptype
2020-03-14 21:57:00.608 [main] DEBUG o.h.p.w.spi.MetamodelGraphWalker - Visiting attribute path : status
2020-03-14 21:57:00.608 [main] DEBUG o.h.p.w.spi.MetamodelGraphWalker - Visiting attribute path : timelength
2020-03-14 21:57:00.608 [main] DEBUG o.h.p.w.spi.MetamodelGraphWalker - Visiting attribute path : trylearn
2020-03-14 21:57:00.608 [main] DEBUG o.h.l.p.b.i.FetchStyleLoadPlanBuildingAssociationVisitationStrategy - Building LoadPlan...
2020-03-14 21:57:00.608 [main] DEBUG o.h.l.p.e.i.LoadQueryJoinAndFetchProcessor - processing queryspace <gen:0>
2020-03-14 21:57:00.610 [main] DEBUG o.h.l.p.b.spi.LoadPlanTreePrinter - LoadPlan(entity=com.ningmeng.framework.domain.course.Teachplan)
    - Returns
       - EntityReturnImpl(entity=com.ningmeng.framework.domain.course.Teachplan, querySpaceUid=<gen:0>, path=com.ningmeng.framework.domain.course.Teachplan)
    - QuerySpaces
       - EntityQuerySpaceImpl(uid=<gen:0>, entity=com.ningmeng.framework.domain.course.Teachplan)
          - SQL table alias mapping - teachplan0_
          - alias suffix - 0_
          - suffixed key columns - {id1_8_0_}

2020-03-14 21:57:00.610 [main] DEBUG o.h.loader.entity.plan.EntityLoader - Static select for entity com.ningmeng.framework.domain.course.Teachplan [OPTIMISTIC_FORCE_INCREMENT]: select teachplan0_.id as id1_8_0_, teachplan0_.courseid as courseid2_8_0_, teachplan0_.description as descript3_8_0_, teachplan0_.grade as grade4_8_0_, teachplan0_.orderby as orderby5_8_0_, teachplan0_.parentid as parentid6_8_0_, teachplan0_.pname as pname7_8_0_, teachplan0_.ptype as ptype8_8_0_, teachplan0_.status as status9_8_0_, teachplan0_.timelength as timelen10_8_0_, teachplan0_.trylearn as trylear11_8_0_ from teachplan teachplan0_ where teachplan0_.id=?
2020-03-14 21:57:00.610 [main] DEBUG org.hibernate.loader.Loader - Static select for action ACTION_MERGE on entity com.ningmeng.framework.domain.course.Teachplan: select teachplan0_.id as id1_8_0_, teachplan0_.courseid as courseid2_8_0_, teachplan0_.description as descript3_8_0_, teachplan0_.grade as grade4_8_0_, teachplan0_.orderby as orderby5_8_0_, teachplan0_.parentid as parentid6_8_0_, teachplan0_.pname as pname7_8_0_, teachplan0_.ptype as ptype8_8_0_, teachplan0_.status as status9_8_0_, teachplan0_.timelength as timelen10_8_0_, teachplan0_.trylearn as trylear11_8_0_ from teachplan teachplan0_ where teachplan0_.id=?
2020-03-14 21:57:00.611 [main] DEBUG org.hibernate.loader.Loader - Static select for action ACTION_REFRESH on entity com.ningmeng.framework.domain.course.Teachplan: select teachplan0_.id as id1_8_0_, teachplan0_.courseid as courseid2_8_0_, teachplan0_.description as descript3_8_0_, teachplan0_.grade as grade4_8_0_, teachplan0_.orderby as orderby5_8_0_, teachplan0_.parentid as parentid6_8_0_, teachplan0_.pname as pname7_8_0_, teachplan0_.ptype as ptype8_8_0_, teachplan0_.status as status9_8_0_, teachplan0_.timelength as timelen10_8_0_, teachplan0_.trylearn as trylear11_8_0_ from teachplan teachplan0_ where teachplan0_.id=?
2020-03-14 21:57:00.612 [main] DEBUG o.h.p.entity.AbstractEntityPersister - Static SQL for entity: com.ningmeng.framework.domain.course.Category
2020-03-14 21:57:00.613 [main] DEBUG o.h.p.entity.AbstractEntityPersister -  Version select: select id from category where id =?
2020-03-14 21:57:00.615 [main] DEBUG o.h.p.entity.AbstractEntityPersister -  Snapshot select: select category_.id, category_.isleaf as isleaf2_0_, category_.isshow as isshow3_0_, category_.label as label4_0_, category_.name as name5_0_, category_.orderby as orderby6_0_, category_.parentid as parentid7_0_ from category category_ where category_.id=?
2020-03-14 21:57:00.615 [main] DEBUG o.h.p.entity.AbstractEntityPersister -  Insert 0: insert into category (isleaf, isshow, label, name, orderby, parentid, id) values (?, ?, ?, ?, ?, ?, ?)
2020-03-14 21:57:00.616 [main] DEBUG o.h.p.entity.AbstractEntityPersister -  Update 0: update category set isleaf=?, isshow=?, label=?, name=?, orderby=?, parentid=? where id=?
2020-03-14 21:57:00.617 [main] DEBUG o.h.p.entity.AbstractEntityPersister -  Delete 0: delete from category where id=?
2020-03-14 21:57:00.618 [main] DEBUG o.h.l.p.b.i.spaces.QuerySpacesImpl - Adding QuerySpace : uid = <gen:0> -> org.hibernate.loader.plan.build.internal.spaces.EntityQuerySpaceImpl@13cf5f8a]
2020-03-14 21:57:00.618 [main] DEBUG o.h.p.w.spi.MetamodelGraphWalker - Visiting attribute path : isleaf
2020-03-14 21:57:00.618 [main] DEBUG o.h.p.w.spi.MetamodelGraphWalker - Visiting attribute path : isshow
2020-03-14 21:57:00.619 [main] DEBUG o.h.p.w.spi.MetamodelGraphWalker - Visiting attribute path : label
2020-03-14 21:57:00.619 [main] DEBUG o.h.p.w.spi.MetamodelGraphWalker - Visiting attribute path : name
2020-03-14 21:57:00.619 [main] DEBUG o.h.p.w.spi.MetamodelGraphWalker - Visiting attribute path : orderby
2020-03-14 21:57:00.619 [main] DEBUG o.h.p.w.spi.MetamodelGraphWalker - Visiting attribute path : parentid
2020-03-14 21:57:00.619 [main] DEBUG o.h.l.p.b.i.FetchStyleLoadPlanBuildingAssociationVisitationStrategy - Building LoadPlan...
2020-03-14 21:57:00.620 [main] DEBUG o.h.l.p.e.i.LoadQueryJoinAndFetchProcessor - processing queryspace <gen:0>
2020-03-14 21:57:00.622 [main] DEBUG o.h.l.p.b.spi.LoadPlanTreePrinter - LoadPlan(entity=com.ningmeng.framework.domain.course.Category)
    - Returns
       - EntityReturnImpl(entity=com.ningmeng.framework.domain.course.Category, querySpaceUid=<gen:0>, path=com.ningmeng.framework.domain.course.Category)
    - QuerySpaces
       - EntityQuerySpaceImpl(uid=<gen:0>, entity=com.ningmeng.framework.domain.course.Category)
          - SQL table alias mapping - category0_
          - alias suffix - 0_
          - suffixed key columns - {id1_0_0_}

2020-03-14 21:57:00.622 [main] DEBUG o.h.loader.entity.plan.EntityLoader - Static select for entity com.ningmeng.framework.domain.course.Category [NONE]: select category0_.id as id1_0_0_, category0_.isleaf as isleaf2_0_0_, category0_.isshow as isshow3_0_0_, category0_.label as label4_0_0_, category0_.name as name5_0_0_, category0_.orderby as orderby6_0_0_, category0_.parentid as parentid7_0_0_ from category category0_ where category0_.id=?
2020-03-14 21:57:00.623 [main] DEBUG o.h.l.p.b.i.spaces.QuerySpacesImpl - Adding QuerySpace : uid = <gen:0> -> org.hibernate.loader.plan.build.internal.spaces.EntityQuerySpaceImpl@72f3acc9]
2020-03-14 21:57:00.623 [main] DEBUG o.h.p.w.spi.MetamodelGraphWalker - Visiting attribute path : isleaf
2020-03-14 21:57:00.623 [main] DEBUG o.h.p.w.spi.MetamodelGraphWalker - Visiting attribute path : isshow
2020-03-14 21:57:00.623 [main] DEBUG o.h.p.w.spi.MetamodelGraphWalker - Visiting attribute path : label
2020-03-14 21:57:00.623 [main] DEBUG o.h.p.w.spi.MetamodelGraphWalker - Visiting attribute path : name
2020-03-14 21:57:00.623 [main] DEBUG o.h.p.w.spi.MetamodelGraphWalker - Visiting attribute path : orderby
2020-03-14 21:57:00.623 [main] DEBUG o.h.p.w.spi.MetamodelGraphWalker - Visiting attribute path : parentid
2020-03-14 21:57:00.623 [main] DEBUG o.h.l.p.b.i.FetchStyleLoadPlanBuildingAssociationVisitationStrategy - Building LoadPlan...
2020-03-14 21:57:00.623 [main] DEBUG o.h.l.p.e.i.LoadQueryJoinAndFetchProcessor - processing queryspace <gen:0>
2020-03-14 21:57:00.624 [main] DEBUG o.h.l.p.b.spi.LoadPlanTreePrinter - LoadPlan(entity=com.ningmeng.framework.domain.course.Category)
    - Returns
       - EntityReturnImpl(entity=com.ningmeng.framework.domain.course.Category, querySpaceUid=<gen:0>, path=com.ningmeng.framework.domain.course.Category)
    - QuerySpaces
       - EntityQuerySpaceImpl(uid=<gen:0>, entity=com.ningmeng.framework.domain.course.Category)
          - SQL table alias mapping - category0_
          - alias suffix - 0_
          - suffixed key columns - {id1_0_0_}

2020-03-14 21:57:00.625 [main] DEBUG o.h.loader.entity.plan.EntityLoader - Static select for entity com.ningmeng.framework.domain.course.Category [READ]: select category0_.id as id1_0_0_, category0_.isleaf as isleaf2_0_0_, category0_.isshow as isshow3_0_0_, category0_.label as label4_0_0_, category0_.name as name5_0_0_, category0_.orderby as orderby6_0_0_, category0_.parentid as parentid7_0_0_ from category category0_ where category0_.id=?
2020-03-14 21:57:00.625 [main] DEBUG o.h.l.p.b.i.spaces.QuerySpacesImpl - Adding QuerySpace : uid = <gen:0> -> org.hibernate.loader.plan.build.internal.spaces.EntityQuerySpaceImpl@584136c1]
2020-03-14 21:57:00.625 [main] DEBUG o.h.p.w.spi.MetamodelGraphWalker - Visiting attribute path : isleaf
2020-03-14 21:57:00.625 [main] DEBUG o.h.p.w.spi.MetamodelGraphWalker - Visiting attribute path : isshow
2020-03-14 21:57:00.625 [main] DEBUG o.h.p.w.spi.MetamodelGraphWalker - Visiting attribute path : label
2020-03-14 21:57:00.625 [main] DEBUG o.h.p.w.spi.MetamodelGraphWalker - Visiting attribute path : name
2020-03-14 21:57:00.625 [main] DEBUG o.h.p.w.spi.MetamodelGraphWalker - Visiting attribute path : orderby
2020-03-14 21:57:00.625 [main] DEBUG o.h.p.w.spi.MetamodelGraphWalker - Visiting attribute path : parentid
2020-03-14 21:57:00.625 [main] DEBUG o.h.l.p.b.i.FetchStyleLoadPlanBuildingAssociationVisitationStrategy - Building LoadPlan...
2020-03-14 21:57:00.626 [main] DEBUG o.h.l.p.e.i.LoadQueryJoinAndFetchProcessor - processing queryspace <gen:0>
2020-03-14 21:57:00.626 [main] DEBUG o.h.l.p.b.spi.LoadPlanTreePrinter - LoadPlan(entity=com.ningmeng.framework.domain.course.Category)
    - Returns
       - EntityReturnImpl(entity=com.ningmeng.framework.domain.course.Category, querySpaceUid=<gen:0>, path=com.ningmeng.framework.domain.course.Category)
    - QuerySpaces
       - EntityQuerySpaceImpl(uid=<gen:0>, entity=com.ningmeng.framework.domain.course.Category)
          - SQL table alias mapping - category0_
          - alias suffix - 0_
          - suffixed key columns - {id1_0_0_}

2020-03-14 21:57:00.627 [main] DEBUG o.h.loader.entity.plan.EntityLoader - Static select for entity com.ningmeng.framework.domain.course.Category [UPGRADE]: select category0_.id as id1_0_0_, category0_.isleaf as isleaf2_0_0_, category0_.isshow as isshow3_0_0_, category0_.label as label4_0_0_, category0_.name as name5_0_0_, category0_.orderby as orderby6_0_0_, category0_.parentid as parentid7_0_0_ from category category0_ where category0_.id=? for update
2020-03-14 21:57:00.627 [main] DEBUG o.h.l.p.b.i.spaces.QuerySpacesImpl - Adding QuerySpace : uid = <gen:0> -> org.hibernate.loader.plan.build.internal.spaces.EntityQuerySpaceImpl@3ea2f72e]
2020-03-14 21:57:00.627 [main] DEBUG o.h.p.w.spi.MetamodelGraphWalker - Visiting attribute path : isleaf
2020-03-14 21:57:00.627 [main] DEBUG o.h.p.w.spi.MetamodelGraphWalker - Visiting attribute path : isshow
2020-03-14 21:57:00.627 [main] DEBUG o.h.p.w.spi.MetamodelGraphWalker - Visiting attribute path : label
2020-03-14 21:57:00.627 [main] DEBUG o.h.p.w.spi.MetamodelGraphWalker - Visiting attribute path : name
2020-03-14 21:57:00.627 [main] DEBUG o.h.p.w.spi.MetamodelGraphWalker - Visiting attribute path : orderby
2020-03-14 21:57:00.627 [main] DEBUG o.h.p.w.spi.MetamodelGraphWalker - Visiting attribute path : parentid
2020-03-14 21:57:00.627 [main] DEBUG o.h.l.p.b.i.FetchStyleLoadPlanBuildingAssociationVisitationStrategy - Building LoadPlan...
2020-03-14 21:57:00.627 [main] DEBUG o.h.l.p.e.i.LoadQueryJoinAndFetchProcessor - processing queryspace <gen:0>
2020-03-14 21:57:00.628 [main] DEBUG o.h.l.p.b.spi.LoadPlanTreePrinter - LoadPlan(entity=com.ningmeng.framework.domain.course.Category)
    - Returns
       - EntityReturnImpl(entity=com.ningmeng.framework.domain.course.Category, querySpaceUid=<gen:0>, path=com.ningmeng.framework.domain.course.Category)
    - QuerySpaces
       - EntityQuerySpaceImpl(uid=<gen:0>, entity=com.ningmeng.framework.domain.course.Category)
          - SQL table alias mapping - category0_
          - alias suffix - 0_
          - suffixed key columns - {id1_0_0_}

2020-03-14 21:57:00.628 [main] DEBUG o.h.loader.entity.plan.EntityLoader - Static select for entity com.ningmeng.framework.domain.course.Category [UPGRADE_NOWAIT]: select category0_.id as id1_0_0_, category0_.isleaf as isleaf2_0_0_, category0_.isshow as isshow3_0_0_, category0_.label as label4_0_0_, category0_.name as name5_0_0_, category0_.orderby as orderby6_0_0_, category0_.parentid as parentid7_0_0_ from category category0_ where category0_.id=? for update
2020-03-14 21:57:00.628 [main] DEBUG o.h.l.p.b.i.spaces.QuerySpacesImpl - Adding QuerySpace : uid = <gen:0> -> org.hibernate.loader.plan.build.internal.spaces.EntityQuerySpaceImpl@615ef20]
2020-03-14 21:57:00.629 [main] DEBUG o.h.p.w.spi.MetamodelGraphWalker - Visiting attribute path : isleaf
2020-03-14 21:57:00.629 [main] DEBUG o.h.p.w.spi.MetamodelGraphWalker - Visiting attribute path : isshow
2020-03-14 21:57:00.629 [main] DEBUG o.h.p.w.spi.MetamodelGraphWalker - Visiting attribute path : label
2020-03-14 21:57:00.629 [main] DEBUG o.h.p.w.spi.MetamodelGraphWalker - Visiting attribute path : name
2020-03-14 21:57:00.629 [main] DEBUG o.h.p.w.spi.MetamodelGraphWalker - Visiting attribute path : orderby
2020-03-14 21:57:00.629 [main] DEBUG o.h.p.w.spi.MetamodelGraphWalker - Visiting attribute path : parentid
2020-03-14 21:57:00.629 [main] DEBUG o.h.l.p.b.i.FetchStyleLoadPlanBuildingAssociationVisitationStrategy - Building LoadPlan...
2020-03-14 21:57:00.630 [main] DEBUG o.h.l.p.e.i.LoadQueryJoinAndFetchProcessor - processing queryspace <gen:0>
2020-03-14 21:57:00.631 [main] DEBUG o.h.l.p.b.spi.LoadPlanTreePrinter - LoadPlan(entity=com.ningmeng.framework.domain.course.Category)
    - Returns
       - EntityReturnImpl(entity=com.ningmeng.framework.domain.course.Category, querySpaceUid=<gen:0>, path=com.ningmeng.framework.domain.course.Category)
    - QuerySpaces
       - EntityQuerySpaceImpl(uid=<gen:0>, entity=com.ningmeng.framework.domain.course.Category)
          - SQL table alias mapping - category0_
          - alias suffix - 0_
          - suffixed key columns - {id1_0_0_}

2020-03-14 21:57:00.631 [main] DEBUG o.h.loader.entity.plan.EntityLoader - Static select for entity com.ningmeng.framework.domain.course.Category [UPGRADE_SKIPLOCKED]: select category0_.id as id1_0_0_, category0_.isleaf as isleaf2_0_0_, category0_.isshow as isshow3_0_0_, category0_.label as label4_0_0_, category0_.name as name5_0_0_, category0_.orderby as orderby6_0_0_, category0_.parentid as parentid7_0_0_ from category category0_ where category0_.id=? for update
2020-03-14 21:57:00.631 [main] DEBUG o.h.l.p.b.i.spaces.QuerySpacesImpl - Adding QuerySpace : uid = <gen:0> -> org.hibernate.loader.plan.build.internal.spaces.EntityQuerySpaceImpl@3a8b9458]
2020-03-14 21:57:00.631 [main] DEBUG o.h.p.w.spi.MetamodelGraphWalker - Visiting attribute path : isleaf
2020-03-14 21:57:00.631 [main] DEBUG o.h.p.w.spi.MetamodelGraphWalker - Visiting attribute path : isshow
2020-03-14 21:57:00.631 [main] DEBUG o.h.p.w.spi.MetamodelGraphWalker - Visiting attribute path : label
2020-03-14 21:57:00.631 [main] DEBUG o.h.p.w.spi.MetamodelGraphWalker - Visiting attribute path : name
2020-03-14 21:57:00.631 [main] DEBUG o.h.p.w.spi.MetamodelGraphWalker - Visiting attribute path : orderby
2020-03-14 21:57:00.631 [main] DEBUG o.h.p.w.spi.MetamodelGraphWalker - Visiting attribute path : parentid
2020-03-14 21:57:00.631 [main] DEBUG o.h.l.p.b.i.FetchStyleLoadPlanBuildingAssociationVisitationStrategy - Building LoadPlan...
2020-03-14 21:57:00.632 [main] DEBUG o.h.l.p.e.i.LoadQueryJoinAndFetchProcessor - processing queryspace <gen:0>
2020-03-14 21:57:00.632 [main] DEBUG o.h.l.p.b.spi.LoadPlanTreePrinter - LoadPlan(entity=com.ningmeng.framework.domain.course.Category)
    - Returns
       - EntityReturnImpl(entity=com.ningmeng.framework.domain.course.Category, querySpaceUid=<gen:0>, path=com.ningmeng.framework.domain.course.Category)
    - QuerySpaces
       - EntityQuerySpaceImpl(uid=<gen:0>, entity=com.ningmeng.framework.domain.course.Category)
          - SQL table alias mapping - category0_
          - alias suffix - 0_
          - suffixed key columns - {id1_0_0_}

2020-03-14 21:57:00.632 [main] DEBUG o.h.loader.entity.plan.EntityLoader - Static select for entity com.ningmeng.framework.domain.course.Category [FORCE]: select category0_.id as id1_0_0_, category0_.isleaf as isleaf2_0_0_, category0_.isshow as isshow3_0_0_, category0_.label as label4_0_0_, category0_.name as name5_0_0_, category0_.orderby as orderby6_0_0_, category0_.parentid as parentid7_0_0_ from category category0_ where category0_.id=? for update
2020-03-14 21:57:00.632 [main] DEBUG o.h.l.p.b.i.spaces.QuerySpacesImpl - Adding QuerySpace : uid = <gen:0> -> org.hibernate.loader.plan.build.internal.spaces.EntityQuerySpaceImpl@5dd23809]
2020-03-14 21:57:00.632 [main] DEBUG o.h.p.w.spi.MetamodelGraphWalker - Visiting attribute path : isleaf
2020-03-14 21:57:00.632 [main] DEBUG o.h.p.w.spi.MetamodelGraphWalker - Visiting attribute path : isshow
2020-03-14 21:57:00.632 [main] DEBUG o.h.p.w.spi.MetamodelGraphWalker - Visiting attribute path : label
2020-03-14 21:57:00.632 [main] DEBUG o.h.p.w.spi.MetamodelGraphWalker - Visiting attribute path : name
2020-03-14 21:57:00.632 [main] DEBUG o.h.p.w.spi.MetamodelGraphWalker - Visiting attribute path : orderby
2020-03-14 21:57:00.632 [main] DEBUG o.h.p.w.spi.MetamodelGraphWalker - Visiting attribute path : parentid
2020-03-14 21:57:00.632 [main] DEBUG o.h.l.p.b.i.FetchStyleLoadPlanBuildingAssociationVisitationStrategy - Building LoadPlan...
2020-03-14 21:57:00.633 [main] DEBUG o.h.l.p.e.i.LoadQueryJoinAndFetchProcessor - processing queryspace <gen:0>
2020-03-14 21:57:00.633 [main] DEBUG o.h.l.p.b.spi.LoadPlanTreePrinter - LoadPlan(entity=com.ningmeng.framework.domain.course.Category)
    - Returns
       - EntityReturnImpl(entity=com.ningmeng.framework.domain.course.Category, querySpaceUid=<gen:0>, path=com.ningmeng.framework.domain.course.Category)
    - QuerySpaces
       - EntityQuerySpaceImpl(uid=<gen:0>, entity=com.ningmeng.framework.domain.course.Category)
          - SQL table alias mapping - category0_
          - alias suffix - 0_
          - suffixed key columns - {id1_0_0_}

2020-03-14 21:57:00.633 [main] DEBUG o.h.loader.entity.plan.EntityLoader - Static select for entity com.ningmeng.framework.domain.course.Category [PESSIMISTIC_READ]: select category0_.id as id1_0_0_, category0_.isleaf as isleaf2_0_0_, category0_.isshow as isshow3_0_0_, category0_.label as label4_0_0_, category0_.name as name5_0_0_, category0_.orderby as orderby6_0_0_, category0_.parentid as parentid7_0_0_ from category category0_ where category0_.id=? lock in share mode
2020-03-14 21:57:00.633 [main] DEBUG o.h.l.p.b.i.spaces.QuerySpacesImpl - Adding QuerySpace : uid = <gen:0> -> org.hibernate.loader.plan.build.internal.spaces.EntityQuerySpaceImpl@60ab895f]
2020-03-14 21:57:00.634 [main] DEBUG o.h.p.w.spi.MetamodelGraphWalker - Visiting attribute path : isleaf
2020-03-14 21:57:00.634 [main] DEBUG o.h.p.w.spi.MetamodelGraphWalker - Visiting attribute path : isshow
2020-03-14 21:57:00.634 [main] DEBUG o.h.p.w.spi.MetamodelGraphWalker - Visiting attribute path : label
2020-03-14 21:57:00.634 [main] DEBUG o.h.p.w.spi.MetamodelGraphWalker - Visiting attribute path : name
2020-03-14 21:57:00.634 [main] DEBUG o.h.p.w.spi.MetamodelGraphWalker - Visiting attribute path : orderby
2020-03-14 21:57:00.634 [main] DEBUG o.h.p.w.spi.MetamodelGraphWalker - Visiting attribute path : parentid
2020-03-14 21:57:00.634 [main] DEBUG o.h.l.p.b.i.FetchStyleLoadPlanBuildingAssociationVisitationStrategy - Building LoadPlan...
2020-03-14 21:57:00.634 [main] DEBUG o.h.l.p.e.i.LoadQueryJoinAndFetchProcessor - processing queryspace <gen:0>
2020-03-14 21:57:00.635 [main] DEBUG o.h.l.p.b.spi.LoadPlanTreePrinter - LoadPlan(entity=com.ningmeng.framework.domain.course.Category)
    - Returns
       - EntityReturnImpl(entity=com.ningmeng.framework.domain.course.Category, querySpaceUid=<gen:0>, path=com.ningmeng.framework.domain.course.Category)
    - QuerySpaces
       - EntityQuerySpaceImpl(uid=<gen:0>, entity=com.ningmeng.framework.domain.course.Category)
          - SQL table alias mapping - category0_
          - alias suffix - 0_
          - suffixed key columns - {id1_0_0_}

2020-03-14 21:57:00.635 [main] DEBUG o.h.loader.entity.plan.EntityLoader - Static select for entity com.ningmeng.framework.domain.course.Category [PESSIMISTIC_WRITE]: select category0_.id as id1_0_0_, category0_.isleaf as isleaf2_0_0_, category0_.isshow as isshow3_0_0_, category0_.label as label4_0_0_, category0_.name as name5_0_0_, category0_.orderby as orderby6_0_0_, category0_.parentid as parentid7_0_0_ from category category0_ where category0_.id=? for update
2020-03-14 21:57:00.636 [main] DEBUG o.h.l.p.b.i.spaces.QuerySpacesImpl - Adding QuerySpace : uid = <gen:0> -> org.hibernate.loader.plan.build.internal.spaces.EntityQuerySpaceImpl@65015a49]
2020-03-14 21:57:00.636 [main] DEBUG o.h.p.w.spi.MetamodelGraphWalker - Visiting attribute path : isleaf
2020-03-14 21:57:00.636 [main] DEBUG o.h.p.w.spi.MetamodelGraphWalker - Visiting attribute path : isshow
2020-03-14 21:57:00.636 [main] DEBUG o.h.p.w.spi.MetamodelGraphWalker - Visiting attribute path : label
2020-03-14 21:57:00.636 [main] DEBUG o.h.p.w.spi.MetamodelGraphWalker - Visiting attribute path : name
2020-03-14 21:57:00.636 [main] DEBUG o.h.p.w.spi.MetamodelGraphWalker - Visiting attribute path : orderby
2020-03-14 21:57:00.636 [main] DEBUG o.h.p.w.spi.MetamodelGraphWalker - Visiting attribute path : parentid
2020-03-14 21:57:00.636 [main] DEBUG o.h.l.p.b.i.FetchStyleLoadPlanBuildingAssociationVisitationStrategy - Building LoadPlan...
2020-03-14 21:57:00.637 [main] DEBUG o.h.l.p.e.i.LoadQueryJoinAndFetchProcessor - processing queryspace <gen:0>
2020-03-14 21:57:00.637 [main] DEBUG o.h.l.p.b.spi.LoadPlanTreePrinter - LoadPlan(entity=com.ningmeng.framework.domain.course.Category)
    - Returns
       - EntityReturnImpl(entity=com.ningmeng.framework.domain.course.Category, querySpaceUid=<gen:0>, path=com.ningmeng.framework.domain.course.Category)
    - QuerySpaces
       - EntityQuerySpaceImpl(uid=<gen:0>, entity=com.ningmeng.framework.domain.course.Category)
          - SQL table alias mapping - category0_
          - alias suffix - 0_
          - suffixed key columns - {id1_0_0_}

2020-03-14 21:57:00.637 [main] DEBUG o.h.loader.entity.plan.EntityLoader - Static select for entity com.ningmeng.framework.domain.course.Category [PESSIMISTIC_FORCE_INCREMENT]: select category0_.id as id1_0_0_, category0_.isleaf as isleaf2_0_0_, category0_.isshow as isshow3_0_0_, category0_.label as label4_0_0_, category0_.name as name5_0_0_, category0_.orderby as orderby6_0_0_, category0_.parentid as parentid7_0_0_ from category category0_ where category0_.id=? for update
2020-03-14 21:57:00.638 [main] DEBUG o.h.l.p.b.i.spaces.QuerySpacesImpl - Adding QuerySpace : uid = <gen:0> -> org.hibernate.loader.plan.build.internal.spaces.EntityQuerySpaceImpl@78bd02c8]
2020-03-14 21:57:00.638 [main] DEBUG o.h.p.w.spi.MetamodelGraphWalker - Visiting attribute path : isleaf
2020-03-14 21:57:00.638 [main] DEBUG o.h.p.w.spi.MetamodelGraphWalker - Visiting attribute path : isshow
2020-03-14 21:57:00.638 [main] DEBUG o.h.p.w.spi.MetamodelGraphWalker - Visiting attribute path : label
2020-03-14 21:57:00.638 [main] DEBUG o.h.p.w.spi.MetamodelGraphWalker - Visiting attribute path : name
2020-03-14 21:57:00.638 [main] DEBUG o.h.p.w.spi.MetamodelGraphWalker - Visiting attribute path : orderby
2020-03-14 21:57:00.638 [main] DEBUG o.h.p.w.spi.MetamodelGraphWalker - Visiting attribute path : parentid
2020-03-14 21:57:00.638 [main] DEBUG o.h.l.p.b.i.FetchStyleLoadPlanBuildingAssociationVisitationStrategy - Building LoadPlan...
2020-03-14 21:57:00.638 [main] DEBUG o.h.l.p.e.i.LoadQueryJoinAndFetchProcessor - processing queryspace <gen:0>
2020-03-14 21:57:00.639 [main] DEBUG o.h.l.p.b.spi.LoadPlanTreePrinter - LoadPlan(entity=com.ningmeng.framework.domain.course.Category)
    - Returns
       - EntityReturnImpl(entity=com.ningmeng.framework.domain.course.Category, querySpaceUid=<gen:0>, path=com.ningmeng.framework.domain.course.Category)
    - QuerySpaces
       - EntityQuerySpaceImpl(uid=<gen:0>, entity=com.ningmeng.framework.domain.course.Category)
          - SQL table alias mapping - category0_
          - alias suffix - 0_
          - suffixed key columns - {id1_0_0_}

2020-03-14 21:57:00.639 [main] DEBUG o.h.loader.entity.plan.EntityLoader - Static select for entity com.ningmeng.framework.domain.course.Category [OPTIMISTIC]: select category0_.id as id1_0_0_, category0_.isleaf as isleaf2_0_0_, category0_.isshow as isshow3_0_0_, category0_.label as label4_0_0_, category0_.name as name5_0_0_, category0_.orderby as orderby6_0_0_, category0_.parentid as parentid7_0_0_ from category category0_ where category0_.id=?
2020-03-14 21:57:00.639 [main] DEBUG o.h.l.p.b.i.spaces.QuerySpacesImpl - Adding QuerySpace : uid = <gen:0> -> org.hibernate.loader.plan.build.internal.spaces.EntityQuerySpaceImpl@47e60b71]
2020-03-14 21:57:00.639 [main] DEBUG o.h.p.w.spi.MetamodelGraphWalker - Visiting attribute path : isleaf
2020-03-14 21:57:00.639 [main] DEBUG o.h.p.w.spi.MetamodelGraphWalker - Visiting attribute path : isshow
2020-03-14 21:57:00.639 [main] DEBUG o.h.p.w.spi.MetamodelGraphWalker - Visiting attribute path : label
2020-03-14 21:57:00.639 [main] DEBUG o.h.p.w.spi.MetamodelGraphWalker - Visiting attribute path : name
2020-03-14 21:57:00.639 [main] DEBUG o.h.p.w.spi.MetamodelGraphWalker - Visiting attribute path : orderby
2020-03-14 21:57:00.639 [main] DEBUG o.h.p.w.spi.MetamodelGraphWalker - Visiting attribute path : parentid
2020-03-14 21:57:00.639 [main] DEBUG o.h.l.p.b.i.FetchStyleLoadPlanBuildingAssociationVisitationStrategy - Building LoadPlan...
2020-03-14 21:57:00.639 [main] DEBUG o.h.l.p.e.i.LoadQueryJoinAndFetchProcessor - processing queryspace <gen:0>
2020-03-14 21:57:00.640 [main] DEBUG o.h.l.p.b.spi.LoadPlanTreePrinter - LoadPlan(entity=com.ningmeng.framework.domain.course.Category)
    - Returns
       - EntityReturnImpl(entity=com.ningmeng.framework.domain.course.Category, querySpaceUid=<gen:0>, path=com.ningmeng.framework.domain.course.Category)
    - QuerySpaces
       - EntityQuerySpaceImpl(uid=<gen:0>, entity=com.ningmeng.framework.domain.course.Category)
          - SQL table alias mapping - category0_
          - alias suffix - 0_
          - suffixed key columns - {id1_0_0_}

2020-03-14 21:57:00.640 [main] DEBUG o.h.loader.entity.plan.EntityLoader - Static select for entity com.ningmeng.framework.domain.course.Category [OPTIMISTIC_FORCE_INCREMENT]: select category0_.id as id1_0_0_, category0_.isleaf as isleaf2_0_0_, category0_.isshow as isshow3_0_0_, category0_.label as label4_0_0_, category0_.name as name5_0_0_, category0_.orderby as orderby6_0_0_, category0_.parentid as parentid7_0_0_ from category category0_ where category0_.id=?
2020-03-14 21:57:00.640 [main] DEBUG org.hibernate.loader.Loader - Static select for action ACTION_MERGE on entity com.ningmeng.framework.domain.course.Category: select category0_.id as id1_0_0_, category0_.isleaf as isleaf2_0_0_, category0_.isshow as isshow3_0_0_, category0_.label as label4_0_0_, category0_.name as name5_0_0_, category0_.orderby as orderby6_0_0_, category0_.parentid as parentid7_0_0_ from category category0_ where category0_.id=?
2020-03-14 21:57:00.640 [main] DEBUG org.hibernate.loader.Loader - Static select for action ACTION_REFRESH on entity com.ningmeng.framework.domain.course.Category: select category0_.id as id1_0_0_, category0_.isleaf as isleaf2_0_0_, category0_.isshow as isshow3_0_0_, category0_.label as label4_0_0_, category0_.name as name5_0_0_, category0_.orderby as orderby6_0_0_, category0_.parentid as parentid7_0_0_ from category category0_ where category0_.id=?
2020-03-14 21:57:00.640 [main] DEBUG o.h.p.entity.AbstractEntityPersister - Static SQL for entity: com.ningmeng.framework.domain.course.CourseBase
2020-03-14 21:57:00.640 [main] DEBUG o.h.p.entity.AbstractEntityPersister -  Version select: select id from course_base where id =?
2020-03-14 21:57:00.640 [main] DEBUG o.h.p.entity.AbstractEntityPersister -  Snapshot select: select coursebase_.id, coursebase_.company_id as company_2_1_, coursebase_.description as descript3_1_, coursebase_.grade as grade4_1_, coursebase_.mt as mt5_1_, coursebase_.name as name6_1_, coursebase_.st as st7_1_, coursebase_.status as status8_1_, coursebase_.studymodel as studymod9_1_, coursebase_.teachmode as teachmo10_1_, coursebase_.user_id as user_id11_1_, coursebase_.users as users12_1_ from course_base coursebase_ where coursebase_.id=?
2020-03-14 21:57:00.640 [main] DEBUG o.h.p.entity.AbstractEntityPersister -  Insert 0: insert into course_base (company_id, description, grade, mt, name, st, status, studymodel, teachmode, user_id, users, id) values (?, ?, ?, ?, ?, ?, ?, ?, ?, ?, ?, ?)
2020-03-14 21:57:00.640 [main] DEBUG o.h.p.entity.AbstractEntityPersister -  Update 0: update course_base set company_id=?, description=?, grade=?, mt=?, name=?, st=?, status=?, studymodel=?, teachmode=?, user_id=?, users=? where id=?
2020-03-14 21:57:00.640 [main] DEBUG o.h.p.entity.AbstractEntityPersister -  Delete 0: delete from course_base where id=?
2020-03-14 21:57:00.640 [main] DEBUG o.h.l.p.b.i.spaces.QuerySpacesImpl - Adding QuerySpace : uid = <gen:0> -> org.hibernate.loader.plan.build.internal.spaces.EntityQuerySpaceImpl@17ae13d5]
2020-03-14 21:57:00.641 [main] DEBUG o.h.p.w.spi.MetamodelGraphWalker - Visiting attribute path : companyId
2020-03-14 21:57:00.641 [main] DEBUG o.h.p.w.spi.MetamodelGraphWalker - Visiting attribute path : description
2020-03-14 21:57:00.641 [main] DEBUG o.h.p.w.spi.MetamodelGraphWalker - Visiting attribute path : grade
2020-03-14 21:57:00.641 [main] DEBUG o.h.p.w.spi.MetamodelGraphWalker - Visiting attribute path : mt
2020-03-14 21:57:00.641 [main] DEBUG o.h.p.w.spi.MetamodelGraphWalker - Visiting attribute path : name
2020-03-14 21:57:00.641 [main] DEBUG o.h.p.w.spi.MetamodelGraphWalker - Visiting attribute path : st
2020-03-14 21:57:00.641 [main] DEBUG o.h.p.w.spi.MetamodelGraphWalker - Visiting attribute path : status
2020-03-14 21:57:00.641 [main] DEBUG o.h.p.w.spi.MetamodelGraphWalker - Visiting attribute path : studymodel
2020-03-14 21:57:00.641 [main] DEBUG o.h.p.w.spi.MetamodelGraphWalker - Visiting attribute path : teachmode
2020-03-14 21:57:00.641 [main] DEBUG o.h.p.w.spi.MetamodelGraphWalker - Visiting attribute path : userId
2020-03-14 21:57:00.641 [main] DEBUG o.h.p.w.spi.MetamodelGraphWalker - Visiting attribute path : users
2020-03-14 21:57:00.641 [main] DEBUG o.h.l.p.b.i.FetchStyleLoadPlanBuildingAssociationVisitationStrategy - Building LoadPlan...
2020-03-14 21:57:00.641 [main] DEBUG o.h.l.p.e.i.LoadQueryJoinAndFetchProcessor - processing queryspace <gen:0>
2020-03-14 21:57:00.641 [main] DEBUG o.h.l.p.b.spi.LoadPlanTreePrinter - LoadPlan(entity=com.ningmeng.framework.domain.course.CourseBase)
    - Returns
       - EntityReturnImpl(entity=com.ningmeng.framework.domain.course.CourseBase, querySpaceUid=<gen:0>, path=com.ningmeng.framework.domain.course.CourseBase)
    - QuerySpaces
       - EntityQuerySpaceImpl(uid=<gen:0>, entity=com.ningmeng.framework.domain.course.CourseBase)
          - SQL table alias mapping - coursebase0_
          - alias suffix - 0_
          - suffixed key columns - {id1_1_0_}

2020-03-14 21:57:00.641 [main] DEBUG o.h.loader.entity.plan.EntityLoader - Static select for entity com.ningmeng.framework.domain.course.CourseBase [NONE]: select coursebase0_.id as id1_1_0_, coursebase0_.company_id as company_2_1_0_, coursebase0_.description as descript3_1_0_, coursebase0_.grade as grade4_1_0_, coursebase0_.mt as mt5_1_0_, coursebase0_.name as name6_1_0_, coursebase0_.st as st7_1_0_, coursebase0_.status as status8_1_0_, coursebase0_.studymodel as studymod9_1_0_, coursebase0_.teachmode as teachmo10_1_0_, coursebase0_.user_id as user_id11_1_0_, coursebase0_.users as users12_1_0_ from course_base coursebase0_ where coursebase0_.id=?
2020-03-14 21:57:00.642 [main] DEBUG o.h.l.p.b.i.spaces.QuerySpacesImpl - Adding QuerySpace : uid = <gen:0> -> org.hibernate.loader.plan.build.internal.spaces.EntityQuerySpaceImpl@1eb9d69a]
2020-03-14 21:57:00.642 [main] DEBUG o.h.p.w.spi.MetamodelGraphWalker - Visiting attribute path : companyId
2020-03-14 21:57:00.642 [main] DEBUG o.h.p.w.spi.MetamodelGraphWalker - Visiting attribute path : description
2020-03-14 21:57:00.642 [main] DEBUG o.h.p.w.spi.MetamodelGraphWalker - Visiting attribute path : grade
2020-03-14 21:57:00.642 [main] DEBUG o.h.p.w.spi.MetamodelGraphWalker - Visiting attribute path : mt
2020-03-14 21:57:00.642 [main] DEBUG o.h.p.w.spi.MetamodelGraphWalker - Visiting attribute path : name
2020-03-14 21:57:00.642 [main] DEBUG o.h.p.w.spi.MetamodelGraphWalker - Visiting attribute path : st
2020-03-14 21:57:00.642 [main] DEBUG o.h.p.w.spi.MetamodelGraphWalker - Visiting attribute path : status
2020-03-14 21:57:00.642 [main] DEBUG o.h.p.w.spi.MetamodelGraphWalker - Visiting attribute path : studymodel
2020-03-14 21:57:00.642 [main] DEBUG o.h.p.w.spi.MetamodelGraphWalker - Visiting attribute path : teachmode
2020-03-14 21:57:00.642 [main] DEBUG o.h.p.w.spi.MetamodelGraphWalker - Visiting attribute path : userId
2020-03-14 21:57:00.642 [main] DEBUG o.h.p.w.spi.MetamodelGraphWalker - Visiting attribute path : users
2020-03-14 21:57:00.642 [main] DEBUG o.h.l.p.b.i.FetchStyleLoadPlanBuildingAssociationVisitationStrategy - Building LoadPlan...
2020-03-14 21:57:00.642 [main] DEBUG o.h.l.p.e.i.LoadQueryJoinAndFetchProcessor - processing queryspace <gen:0>
2020-03-14 21:57:00.642 [main] DEBUG o.h.l.p.b.spi.LoadPlanTreePrinter - LoadPlan(entity=com.ningmeng.framework.domain.course.CourseBase)
    - Returns
       - EntityReturnImpl(entity=com.ningmeng.framework.domain.course.CourseBase, querySpaceUid=<gen:0>, path=com.ningmeng.framework.domain.course.CourseBase)
    - QuerySpaces
       - EntityQuerySpaceImpl(uid=<gen:0>, entity=com.ningmeng.framework.domain.course.CourseBase)
          - SQL table alias mapping - coursebase0_
          - alias suffix - 0_
          - suffixed key columns - {id1_1_0_}

2020-03-14 21:57:00.642 [main] DEBUG o.h.loader.entity.plan.EntityLoader - Static select for entity com.ningmeng.framework.domain.course.CourseBase [READ]: select coursebase0_.id as id1_1_0_, coursebase0_.company_id as company_2_1_0_, coursebase0_.description as descript3_1_0_, coursebase0_.grade as grade4_1_0_, coursebase0_.mt as mt5_1_0_, coursebase0_.name as name6_1_0_, coursebase0_.st as st7_1_0_, coursebase0_.status as status8_1_0_, coursebase0_.studymodel as studymod9_1_0_, coursebase0_.teachmode as teachmo10_1_0_, coursebase0_.user_id as user_id11_1_0_, coursebase0_.users as users12_1_0_ from course_base coursebase0_ where coursebase0_.id=?
2020-03-14 21:57:00.643 [main] DEBUG o.h.l.p.b.i.spaces.QuerySpacesImpl - Adding QuerySpace : uid = <gen:0> -> org.hibernate.loader.plan.build.internal.spaces.EntityQuerySpaceImpl@51869ad6]
2020-03-14 21:57:00.643 [main] DEBUG o.h.p.w.spi.MetamodelGraphWalker - Visiting attribute path : companyId
2020-03-14 21:57:00.643 [main] DEBUG o.h.p.w.spi.MetamodelGraphWalker - Visiting attribute path : description
2020-03-14 21:57:00.643 [main] DEBUG o.h.p.w.spi.MetamodelGraphWalker - Visiting attribute path : grade
2020-03-14 21:57:00.643 [main] DEBUG o.h.p.w.spi.MetamodelGraphWalker - Visiting attribute path : mt
2020-03-14 21:57:00.643 [main] DEBUG o.h.p.w.spi.MetamodelGraphWalker - Visiting attribute path : name
2020-03-14 21:57:00.643 [main] DEBUG o.h.p.w.spi.MetamodelGraphWalker - Visiting attribute path : st
2020-03-14 21:57:00.643 [main] DEBUG o.h.p.w.spi.MetamodelGraphWalker - Visiting attribute path : status
2020-03-14 21:57:00.643 [main] DEBUG o.h.p.w.spi.MetamodelGraphWalker - Visiting attribute path : studymodel
2020-03-14 21:57:00.643 [main] DEBUG o.h.p.w.spi.MetamodelGraphWalker - Visiting attribute path : teachmode
2020-03-14 21:57:00.643 [main] DEBUG o.h.p.w.spi.MetamodelGraphWalker - Visiting attribute path : userId
2020-03-14 21:57:00.643 [main] DEBUG o.h.p.w.spi.MetamodelGraphWalker - Visiting attribute path : users
2020-03-14 21:57:00.643 [main] DEBUG o.h.l.p.b.i.FetchStyleLoadPlanBuildingAssociationVisitationStrategy - Building LoadPlan...
2020-03-14 21:57:00.644 [main] DEBUG o.h.l.p.e.i.LoadQueryJoinAndFetchProcessor - processing queryspace <gen:0>
2020-03-14 21:57:00.644 [main] DEBUG o.h.l.p.b.spi.LoadPlanTreePrinter - LoadPlan(entity=com.ningmeng.framework.domain.course.CourseBase)
    - Returns
       - EntityReturnImpl(entity=com.ningmeng.framework.domain.course.CourseBase, querySpaceUid=<gen:0>, path=com.ningmeng.framework.domain.course.CourseBase)
    - QuerySpaces
       - EntityQuerySpaceImpl(uid=<gen:0>, entity=com.ningmeng.framework.domain.course.CourseBase)
          - SQL table alias mapping - coursebase0_
          - alias suffix - 0_
          - suffixed key columns - {id1_1_0_}

2020-03-14 21:57:00.644 [main] DEBUG o.h.loader.entity.plan.EntityLoader - Static select for entity com.ningmeng.framework.domain.course.CourseBase [UPGRADE]: select coursebase0_.id as id1_1_0_, coursebase0_.company_id as company_2_1_0_, coursebase0_.description as descript3_1_0_, coursebase0_.grade as grade4_1_0_, coursebase0_.mt as mt5_1_0_, coursebase0_.name as name6_1_0_, coursebase0_.st as st7_1_0_, coursebase0_.status as status8_1_0_, coursebase0_.studymodel as studymod9_1_0_, coursebase0_.teachmode as teachmo10_1_0_, coursebase0_.user_id as user_id11_1_0_, coursebase0_.users as users12_1_0_ from course_base coursebase0_ where coursebase0_.id=? for update
2020-03-14 21:57:00.644 [main] DEBUG o.h.l.p.b.i.spaces.QuerySpacesImpl - Adding QuerySpace : uid = <gen:0> -> org.hibernate.loader.plan.build.internal.spaces.EntityQuerySpaceImpl@77f4038c]
2020-03-14 21:57:00.644 [main] DEBUG o.h.p.w.spi.MetamodelGraphWalker - Visiting attribute path : companyId
2020-03-14 21:57:00.644 [main] DEBUG o.h.p.w.spi.MetamodelGraphWalker - Visiting attribute path : description
2020-03-14 21:57:00.644 [main] DEBUG o.h.p.w.spi.MetamodelGraphWalker - Visiting attribute path : grade
2020-03-14 21:57:00.644 [main] DEBUG o.h.p.w.spi.MetamodelGraphWalker - Visiting attribute path : mt
2020-03-14 21:57:00.644 [main] DEBUG o.h.p.w.spi.MetamodelGraphWalker - Visiting attribute path : name
2020-03-14 21:57:00.645 [main] DEBUG o.h.p.w.spi.MetamodelGraphWalker - Visiting attribute path : st
2020-03-14 21:57:00.645 [main] DEBUG o.h.p.w.spi.MetamodelGraphWalker - Visiting attribute path : status
2020-03-14 21:57:00.645 [main] DEBUG o.h.p.w.spi.MetamodelGraphWalker - Visiting attribute path : studymodel
2020-03-14 21:57:00.645 [main] DEBUG o.h.p.w.spi.MetamodelGraphWalker - Visiting attribute path : teachmode
2020-03-14 21:57:00.645 [main] DEBUG o.h.p.w.spi.MetamodelGraphWalker - Visiting attribute path : userId
2020-03-14 21:57:00.645 [main] DEBUG o.h.p.w.spi.MetamodelGraphWalker - Visiting attribute path : users
2020-03-14 21:57:00.645 [main] DEBUG o.h.l.p.b.i.FetchStyleLoadPlanBuildingAssociationVisitationStrategy - Building LoadPlan...
2020-03-14 21:57:00.646 [main] DEBUG o.h.l.p.e.i.LoadQueryJoinAndFetchProcessor - processing queryspace <gen:0>
2020-03-14 21:57:00.646 [main] DEBUG o.h.l.p.b.spi.LoadPlanTreePrinter - LoadPlan(entity=com.ningmeng.framework.domain.course.CourseBase)
    - Returns
       - EntityReturnImpl(entity=com.ningmeng.framework.domain.course.CourseBase, querySpaceUid=<gen:0>, path=com.ningmeng.framework.domain.course.CourseBase)
    - QuerySpaces
       - EntityQuerySpaceImpl(uid=<gen:0>, entity=com.ningmeng.framework.domain.course.CourseBase)
          - SQL table alias mapping - coursebase0_
          - alias suffix - 0_
          - suffixed key columns - {id1_1_0_}

2020-03-14 21:57:00.646 [main] DEBUG o.h.loader.entity.plan.EntityLoader - Static select for entity com.ningmeng.framework.domain.course.CourseBase [UPGRADE_NOWAIT]: select coursebase0_.id as id1_1_0_, coursebase0_.company_id as company_2_1_0_, coursebase0_.description as descript3_1_0_, coursebase0_.grade as grade4_1_0_, coursebase0_.mt as mt5_1_0_, coursebase0_.name as name6_1_0_, coursebase0_.st as st7_1_0_, coursebase0_.status as status8_1_0_, coursebase0_.studymodel as studymod9_1_0_, coursebase0_.teachmode as teachmo10_1_0_, coursebase0_.user_id as user_id11_1_0_, coursebase0_.users as users12_1_0_ from course_base coursebase0_ where coursebase0_.id=? for update
2020-03-14 21:57:00.646 [main] DEBUG o.h.l.p.b.i.spaces.QuerySpacesImpl - Adding QuerySpace : uid = <gen:0> -> org.hibernate.loader.plan.build.internal.spaces.EntityQuerySpaceImpl@2c15034f]
2020-03-14 21:57:00.647 [main] DEBUG o.h.p.w.spi.MetamodelGraphWalker - Visiting attribute path : companyId
2020-03-14 21:57:00.647 [main] DEBUG o.h.p.w.spi.MetamodelGraphWalker - Visiting attribute path : description
2020-03-14 21:57:00.647 [main] DEBUG o.h.p.w.spi.MetamodelGraphWalker - Visiting attribute path : grade
2020-03-14 21:57:00.647 [main] DEBUG o.h.p.w.spi.MetamodelGraphWalker - Visiting attribute path : mt
2020-03-14 21:57:00.647 [main] DEBUG o.h.p.w.spi.MetamodelGraphWalker - Visiting attribute path : name
2020-03-14 21:57:00.647 [main] DEBUG o.h.p.w.spi.MetamodelGraphWalker - Visiting attribute path : st
2020-03-14 21:57:00.647 [main] DEBUG o.h.p.w.spi.MetamodelGraphWalker - Visiting attribute path : status
2020-03-14 21:57:00.647 [main] DEBUG o.h.p.w.spi.MetamodelGraphWalker - Visiting attribute path : studymodel
2020-03-14 21:57:00.647 [main] DEBUG o.h.p.w.spi.MetamodelGraphWalker - Visiting attribute path : teachmode
2020-03-14 21:57:00.647 [main] DEBUG o.h.p.w.spi.MetamodelGraphWalker - Visiting attribute path : userId
2020-03-14 21:57:00.647 [main] DEBUG o.h.p.w.spi.MetamodelGraphWalker - Visiting attribute path : users
2020-03-14 21:57:00.647 [main] DEBUG o.h.l.p.b.i.FetchStyleLoadPlanBuildingAssociationVisitationStrategy - Building LoadPlan...
2020-03-14 21:57:00.647 [main] DEBUG o.h.l.p.e.i.LoadQueryJoinAndFetchProcessor - processing queryspace <gen:0>
2020-03-14 21:57:00.648 [main] DEBUG o.h.l.p.b.spi.LoadPlanTreePrinter - LoadPlan(entity=com.ningmeng.framework.domain.course.CourseBase)
    - Returns
       - EntityReturnImpl(entity=com.ningmeng.framework.domain.course.CourseBase, querySpaceUid=<gen:0>, path=com.ningmeng.framework.domain.course.CourseBase)
    - QuerySpaces
       - EntityQuerySpaceImpl(uid=<gen:0>, entity=com.ningmeng.framework.domain.course.CourseBase)
          - SQL table alias mapping - coursebase0_
          - alias suffix - 0_
          - suffixed key columns - {id1_1_0_}

2020-03-14 21:57:00.648 [main] DEBUG o.h.loader.entity.plan.EntityLoader - Static select for entity com.ningmeng.framework.domain.course.CourseBase [UPGRADE_SKIPLOCKED]: select coursebase0_.id as id1_1_0_, coursebase0_.company_id as company_2_1_0_, coursebase0_.description as descript3_1_0_, coursebase0_.grade as grade4_1_0_, coursebase0_.mt as mt5_1_0_, coursebase0_.name as name6_1_0_, coursebase0_.st as st7_1_0_, coursebase0_.status as status8_1_0_, coursebase0_.studymodel as studymod9_1_0_, coursebase0_.teachmode as teachmo10_1_0_, coursebase0_.user_id as user_id11_1_0_, coursebase0_.users as users12_1_0_ from course_base coursebase0_ where coursebase0_.id=? for update
2020-03-14 21:57:00.648 [main] DEBUG o.h.l.p.b.i.spaces.QuerySpacesImpl - Adding QuerySpace : uid = <gen:0> -> org.hibernate.loader.plan.build.internal.spaces.EntityQuerySpaceImpl@148b6f95]
2020-03-14 21:57:00.648 [main] DEBUG o.h.p.w.spi.MetamodelGraphWalker - Visiting attribute path : companyId
2020-03-14 21:57:00.648 [main] DEBUG o.h.p.w.spi.MetamodelGraphWalker - Visiting attribute path : description
2020-03-14 21:57:00.648 [main] DEBUG o.h.p.w.spi.MetamodelGraphWalker - Visiting attribute path : grade
2020-03-14 21:57:00.648 [main] DEBUG o.h.p.w.spi.MetamodelGraphWalker - Visiting attribute path : mt
2020-03-14 21:57:00.648 [main] DEBUG o.h.p.w.spi.MetamodelGraphWalker - Visiting attribute path : name
2020-03-14 21:57:00.648 [main] DEBUG o.h.p.w.spi.MetamodelGraphWalker - Visiting attribute path : st
2020-03-14 21:57:00.648 [main] DEBUG o.h.p.w.spi.MetamodelGraphWalker - Visiting attribute path : status
2020-03-14 21:57:00.648 [main] DEBUG o.h.p.w.spi.MetamodelGraphWalker - Visiting attribute path : studymodel
2020-03-14 21:57:00.648 [main] DEBUG o.h.p.w.spi.MetamodelGraphWalker - Visiting attribute path : teachmode
2020-03-14 21:57:00.648 [main] DEBUG o.h.p.w.spi.MetamodelGraphWalker - Visiting attribute path : userId
2020-03-14 21:57:00.649 [main] DEBUG o.h.p.w.spi.MetamodelGraphWalker - Visiting attribute path : users
2020-03-14 21:57:00.649 [main] DEBUG o.h.l.p.b.i.FetchStyleLoadPlanBuildingAssociationVisitationStrategy - Building LoadPlan...
2020-03-14 21:57:00.649 [main] DEBUG o.h.l.p.e.i.LoadQueryJoinAndFetchProcessor - processing queryspace <gen:0>
2020-03-14 21:57:00.649 [main] DEBUG o.h.l.p.b.spi.LoadPlanTreePrinter - LoadPlan(entity=com.ningmeng.framework.domain.course.CourseBase)
    - Returns
       - EntityReturnImpl(entity=com.ningmeng.framework.domain.course.CourseBase, querySpaceUid=<gen:0>, path=com.ningmeng.framework.domain.course.CourseBase)
    - QuerySpaces
       - EntityQuerySpaceImpl(uid=<gen:0>, entity=com.ningmeng.framework.domain.course.CourseBase)
          - SQL table alias mapping - coursebase0_
          - alias suffix - 0_
          - suffixed key columns - {id1_1_0_}

2020-03-14 21:57:00.649 [main] DEBUG o.h.loader.entity.plan.EntityLoader - Static select for entity com.ningmeng.framework.domain.course.CourseBase [FORCE]: select coursebase0_.id as id1_1_0_, coursebase0_.company_id as company_2_1_0_, coursebase0_.description as descript3_1_0_, coursebase0_.grade as grade4_1_0_, coursebase0_.mt as mt5_1_0_, coursebase0_.name as name6_1_0_, coursebase0_.st as st7_1_0_, coursebase0_.status as status8_1_0_, coursebase0_.studymodel as studymod9_1_0_, coursebase0_.teachmode as teachmo10_1_0_, coursebase0_.user_id as user_id11_1_0_, coursebase0_.users as users12_1_0_ from course_base coursebase0_ where coursebase0_.id=? for update
2020-03-14 21:57:00.650 [main] DEBUG o.h.l.p.b.i.spaces.QuerySpacesImpl - Adding QuerySpace : uid = <gen:0> -> org.hibernate.loader.plan.build.internal.spaces.EntityQuerySpaceImpl@5a6efe33]
2020-03-14 21:57:00.651 [main] DEBUG o.h.p.w.spi.MetamodelGraphWalker - Visiting attribute path : companyId
2020-03-14 21:57:00.651 [main] DEBUG o.h.p.w.spi.MetamodelGraphWalker - Visiting attribute path : description
2020-03-14 21:57:00.651 [main] DEBUG o.h.p.w.spi.MetamodelGraphWalker - Visiting attribute path : grade
2020-03-14 21:57:00.651 [main] DEBUG o.h.p.w.spi.MetamodelGraphWalker - Visiting attribute path : mt
2020-03-14 21:57:00.651 [main] DEBUG o.h.p.w.spi.MetamodelGraphWalker - Visiting attribute path : name
2020-03-14 21:57:00.651 [main] DEBUG o.h.p.w.spi.MetamodelGraphWalker - Visiting attribute path : st
2020-03-14 21:57:00.651 [main] DEBUG o.h.p.w.spi.MetamodelGraphWalker - Visiting attribute path : status
2020-03-14 21:57:00.651 [main] DEBUG o.h.p.w.spi.MetamodelGraphWalker - Visiting attribute path : studymodel
2020-03-14 21:57:00.652 [main] DEBUG o.h.p.w.spi.MetamodelGraphWalker - Visiting attribute path : teachmode
2020-03-14 21:57:00.652 [main] DEBUG o.h.p.w.spi.MetamodelGraphWalker - Visiting attribute path : userId
2020-03-14 21:57:00.652 [main] DEBUG o.h.p.w.spi.MetamodelGraphWalker - Visiting attribute path : users
2020-03-14 21:57:00.654 [main] DEBUG o.h.l.p.b.i.FetchStyleLoadPlanBuildingAssociationVisitationStrategy - Building LoadPlan...
2020-03-14 21:57:00.654 [main] DEBUG o.h.l.p.e.i.LoadQueryJoinAndFetchProcessor - processing queryspace <gen:0>
2020-03-14 21:57:00.654 [main] DEBUG o.h.l.p.b.spi.LoadPlanTreePrinter - LoadPlan(entity=com.ningmeng.framework.domain.course.CourseBase)
    - Returns
       - EntityReturnImpl(entity=com.ningmeng.framework.domain.course.CourseBase, querySpaceUid=<gen:0>, path=com.ningmeng.framework.domain.course.CourseBase)
    - QuerySpaces
       - EntityQuerySpaceImpl(uid=<gen:0>, entity=com.ningmeng.framework.domain.course.CourseBase)
          - SQL table alias mapping - coursebase0_
          - alias suffix - 0_
          - suffixed key columns - {id1_1_0_}

2020-03-14 21:57:00.654 [main] DEBUG o.h.loader.entity.plan.EntityLoader - Static select for entity com.ningmeng.framework.domain.course.CourseBase [PESSIMISTIC_READ]: select coursebase0_.id as id1_1_0_, coursebase0_.company_id as company_2_1_0_, coursebase0_.description as descript3_1_0_, coursebase0_.grade as grade4_1_0_, coursebase0_.mt as mt5_1_0_, coursebase0_.name as name6_1_0_, coursebase0_.st as st7_1_0_, coursebase0_.status as status8_1_0_, coursebase0_.studymodel as studymod9_1_0_, coursebase0_.teachmode as teachmo10_1_0_, coursebase0_.user_id as user_id11_1_0_, coursebase0_.users as users12_1_0_ from course_base coursebase0_ where coursebase0_.id=? lock in share mode
2020-03-14 21:57:00.655 [main] DEBUG o.h.l.p.b.i.spaces.QuerySpacesImpl - Adding QuerySpace : uid = <gen:0> -> org.hibernate.loader.plan.build.internal.spaces.EntityQuerySpaceImpl@71668a67]
2020-03-14 21:57:00.655 [main] DEBUG o.h.p.w.spi.MetamodelGraphWalker - Visiting attribute path : companyId
2020-03-14 21:57:00.655 [main] DEBUG o.h.p.w.spi.MetamodelGraphWalker - Visiting attribute path : description
2020-03-14 21:57:00.655 [main] DEBUG o.h.p.w.spi.MetamodelGraphWalker - Visiting attribute path : grade
2020-03-14 21:57:00.655 [main] DEBUG o.h.p.w.spi.MetamodelGraphWalker - Visiting attribute path : mt
2020-03-14 21:57:00.655 [main] DEBUG o.h.p.w.spi.MetamodelGraphWalker - Visiting attribute path : name
2020-03-14 21:57:00.655 [main] DEBUG o.h.p.w.spi.MetamodelGraphWalker - Visiting attribute path : st
2020-03-14 21:57:00.655 [main] DEBUG o.h.p.w.spi.MetamodelGraphWalker - Visiting attribute path : status
2020-03-14 21:57:00.655 [main] DEBUG o.h.p.w.spi.MetamodelGraphWalker - Visiting attribute path : studymodel
2020-03-14 21:57:00.655 [main] DEBUG o.h.p.w.spi.MetamodelGraphWalker - Visiting attribute path : teachmode
2020-03-14 21:57:00.655 [main] DEBUG o.h.p.w.spi.MetamodelGraphWalker - Visiting attribute path : userId
2020-03-14 21:57:00.655 [main] DEBUG o.h.p.w.spi.MetamodelGraphWalker - Visiting attribute path : users
2020-03-14 21:57:00.655 [main] DEBUG o.h.l.p.b.i.FetchStyleLoadPlanBuildingAssociationVisitationStrategy - Building LoadPlan...
2020-03-14 21:57:00.655 [main] DEBUG o.h.l.p.e.i.LoadQueryJoinAndFetchProcessor - processing queryspace <gen:0>
2020-03-14 21:57:00.656 [main] DEBUG o.h.l.p.b.spi.LoadPlanTreePrinter - LoadPlan(entity=com.ningmeng.framework.domain.course.CourseBase)
    - Returns
       - EntityReturnImpl(entity=com.ningmeng.framework.domain.course.CourseBase, querySpaceUid=<gen:0>, path=com.ningmeng.framework.domain.course.CourseBase)
    - QuerySpaces
       - EntityQuerySpaceImpl(uid=<gen:0>, entity=com.ningmeng.framework.domain.course.CourseBase)
          - SQL table alias mapping - coursebase0_
          - alias suffix - 0_
          - suffixed key columns - {id1_1_0_}

2020-03-14 21:57:00.656 [main] DEBUG o.h.loader.entity.plan.EntityLoader - Static select for entity com.ningmeng.framework.domain.course.CourseBase [PESSIMISTIC_WRITE]: select coursebase0_.id as id1_1_0_, coursebase0_.company_id as company_2_1_0_, coursebase0_.description as descript3_1_0_, coursebase0_.grade as grade4_1_0_, coursebase0_.mt as mt5_1_0_, coursebase0_.name as name6_1_0_, coursebase0_.st as st7_1_0_, coursebase0_.status as status8_1_0_, coursebase0_.studymodel as studymod9_1_0_, coursebase0_.teachmode as teachmo10_1_0_, coursebase0_.user_id as user_id11_1_0_, coursebase0_.users as users12_1_0_ from course_base coursebase0_ where coursebase0_.id=? for update
2020-03-14 21:57:00.656 [main] DEBUG o.h.l.p.b.i.spaces.QuerySpacesImpl - Adding QuerySpace : uid = <gen:0> -> org.hibernate.loader.plan.build.internal.spaces.EntityQuerySpaceImpl@2ecdcfe3]
2020-03-14 21:57:00.656 [main] DEBUG o.h.p.w.spi.MetamodelGraphWalker - Visiting attribute path : companyId
2020-03-14 21:57:00.656 [main] DEBUG o.h.p.w.spi.MetamodelGraphWalker - Visiting attribute path : description
2020-03-14 21:57:00.656 [main] DEBUG o.h.p.w.spi.MetamodelGraphWalker - Visiting attribute path : grade
2020-03-14 21:57:00.656 [main] DEBUG o.h.p.w.spi.MetamodelGraphWalker - Visiting attribute path : mt
2020-03-14 21:57:00.656 [main] DEBUG o.h.p.w.spi.MetamodelGraphWalker - Visiting attribute path : name
2020-03-14 21:57:00.656 [main] DEBUG o.h.p.w.spi.MetamodelGraphWalker - Visiting attribute path : st
2020-03-14 21:57:00.656 [main] DEBUG o.h.p.w.spi.MetamodelGraphWalker - Visiting attribute path : status
2020-03-14 21:57:00.656 [main] DEBUG o.h.p.w.spi.MetamodelGraphWalker - Visiting attribute path : studymodel
2020-03-14 21:57:00.656 [main] DEBUG o.h.p.w.spi.MetamodelGraphWalker - Visiting attribute path : teachmode
2020-03-14 21:57:00.656 [main] DEBUG o.h.p.w.spi.MetamodelGraphWalker - Visiting attribute path : userId
2020-03-14 21:57:00.656 [main] DEBUG o.h.p.w.spi.MetamodelGraphWalker - Visiting attribute path : users
2020-03-14 21:57:00.656 [main] DEBUG o.h.l.p.b.i.FetchStyleLoadPlanBuildingAssociationVisitationStrategy - Building LoadPlan...
2020-03-14 21:57:00.656 [main] DEBUG o.h.l.p.e.i.LoadQueryJoinAndFetchProcessor - processing queryspace <gen:0>
2020-03-14 21:57:00.656 [main] DEBUG o.h.l.p.b.spi.LoadPlanTreePrinter - LoadPlan(entity=com.ningmeng.framework.domain.course.CourseBase)
    - Returns
       - EntityReturnImpl(entity=com.ningmeng.framework.domain.course.CourseBase, querySpaceUid=<gen:0>, path=com.ningmeng.framework.domain.course.CourseBase)
    - QuerySpaces
       - EntityQuerySpaceImpl(uid=<gen:0>, entity=com.ningmeng.framework.domain.course.CourseBase)
          - SQL table alias mapping - coursebase0_
          - alias suffix - 0_
          - suffixed key columns - {id1_1_0_}

2020-03-14 21:57:00.657 [main] DEBUG o.h.loader.entity.plan.EntityLoader - Static select for entity com.ningmeng.framework.domain.course.CourseBase [PESSIMISTIC_FORCE_INCREMENT]: select coursebase0_.id as id1_1_0_, coursebase0_.company_id as company_2_1_0_, coursebase0_.description as descript3_1_0_, coursebase0_.grade as grade4_1_0_, coursebase0_.mt as mt5_1_0_, coursebase0_.name as name6_1_0_, coursebase0_.st as st7_1_0_, coursebase0_.status as status8_1_0_, coursebase0_.studymodel as studymod9_1_0_, coursebase0_.teachmode as teachmo10_1_0_, coursebase0_.user_id as user_id11_1_0_, coursebase0_.users as users12_1_0_ from course_base coursebase0_ where coursebase0_.id=? for update
2020-03-14 21:57:00.657 [main] DEBUG o.h.l.p.b.i.spaces.QuerySpacesImpl - Adding QuerySpace : uid = <gen:0> -> org.hibernate.loader.plan.build.internal.spaces.EntityQuerySpaceImpl@2047adea]
2020-03-14 21:57:00.657 [main] DEBUG o.h.p.w.spi.MetamodelGraphWalker - Visiting attribute path : companyId
2020-03-14 21:57:00.657 [main] DEBUG o.h.p.w.spi.MetamodelGraphWalker - Visiting attribute path : description
2020-03-14 21:57:00.657 [main] DEBUG o.h.p.w.spi.MetamodelGraphWalker - Visiting attribute path : grade
2020-03-14 21:57:00.657 [main] DEBUG o.h.p.w.spi.MetamodelGraphWalker - Visiting attribute path : mt
2020-03-14 21:57:00.657 [main] DEBUG o.h.p.w.spi.MetamodelGraphWalker - Visiting attribute path : name
2020-03-14 21:57:00.657 [main] DEBUG o.h.p.w.spi.MetamodelGraphWalker - Visiting attribute path : st
2020-03-14 21:57:00.657 [main] DEBUG o.h.p.w.spi.MetamodelGraphWalker - Visiting attribute path : status
2020-03-14 21:57:00.657 [main] DEBUG o.h.p.w.spi.MetamodelGraphWalker - Visiting attribute path : studymodel
2020-03-14 21:57:00.657 [main] DEBUG o.h.p.w.spi.MetamodelGraphWalker - Visiting attribute path : teachmode
2020-03-14 21:57:00.657 [main] DEBUG o.h.p.w.spi.MetamodelGraphWalker - Visiting attribute path : userId
2020-03-14 21:57:00.657 [main] DEBUG o.h.p.w.spi.MetamodelGraphWalker - Visiting attribute path : users
2020-03-14 21:57:00.657 [main] DEBUG o.h.l.p.b.i.FetchStyleLoadPlanBuildingAssociationVisitationStrategy - Building LoadPlan...
2020-03-14 21:57:00.657 [main] DEBUG o.h.l.p.e.i.LoadQueryJoinAndFetchProcessor - processing queryspace <gen:0>
2020-03-14 21:57:00.658 [main] DEBUG o.h.l.p.b.spi.LoadPlanTreePrinter - LoadPlan(entity=com.ningmeng.framework.domain.course.CourseBase)
    - Returns
       - EntityReturnImpl(entity=com.ningmeng.framework.domain.course.CourseBase, querySpaceUid=<gen:0>, path=com.ningmeng.framework.domain.course.CourseBase)
    - QuerySpaces
       - EntityQuerySpaceImpl(uid=<gen:0>, entity=com.ningmeng.framework.domain.course.CourseBase)
          - SQL table alias mapping - coursebase0_
          - alias suffix - 0_
          - suffixed key columns - {id1_1_0_}

2020-03-14 21:57:00.658 [main] DEBUG o.h.loader.entity.plan.EntityLoader - Static select for entity com.ningmeng.framework.domain.course.CourseBase [OPTIMISTIC]: select coursebase0_.id as id1_1_0_, coursebase0_.company_id as company_2_1_0_, coursebase0_.description as descript3_1_0_, coursebase0_.grade as grade4_1_0_, coursebase0_.mt as mt5_1_0_, coursebase0_.name as name6_1_0_, coursebase0_.st as st7_1_0_, coursebase0_.status as status8_1_0_, coursebase0_.studymodel as studymod9_1_0_, coursebase0_.teachmode as teachmo10_1_0_, coursebase0_.user_id as user_id11_1_0_, coursebase0_.users as users12_1_0_ from course_base coursebase0_ where coursebase0_.id=?
2020-03-14 21:57:00.658 [main] DEBUG o.h.l.p.b.i.spaces.QuerySpacesImpl - Adding QuerySpace : uid = <gen:0> -> org.hibernate.loader.plan.build.internal.spaces.EntityQuerySpaceImpl@1a06602f]
2020-03-14 21:57:00.658 [main] DEBUG o.h.p.w.spi.MetamodelGraphWalker - Visiting attribute path : companyId
2020-03-14 21:57:00.658 [main] DEBUG o.h.p.w.spi.MetamodelGraphWalker - Visiting attribute path : description
2020-03-14 21:57:00.658 [main] DEBUG o.h.p.w.spi.MetamodelGraphWalker - Visiting attribute path : grade
2020-03-14 21:57:00.658 [main] DEBUG o.h.p.w.spi.MetamodelGraphWalker - Visiting attribute path : mt
2020-03-14 21:57:00.658 [main] DEBUG o.h.p.w.spi.MetamodelGraphWalker - Visiting attribute path : name
2020-03-14 21:57:00.658 [main] DEBUG o.h.p.w.spi.MetamodelGraphWalker - Visiting attribute path : st
2020-03-14 21:57:00.658 [main] DEBUG o.h.p.w.spi.MetamodelGraphWalker - Visiting attribute path : status
2020-03-14 21:57:00.658 [main] DEBUG o.h.p.w.spi.MetamodelGraphWalker - Visiting attribute path : studymodel
2020-03-14 21:57:00.658 [main] DEBUG o.h.p.w.spi.MetamodelGraphWalker - Visiting attribute path : teachmode
2020-03-14 21:57:00.658 [main] DEBUG o.h.p.w.spi.MetamodelGraphWalker - Visiting attribute path : userId
2020-03-14 21:57:00.658 [main] DEBUG o.h.p.w.spi.MetamodelGraphWalker - Visiting attribute path : users
2020-03-14 21:57:00.658 [main] DEBUG o.h.l.p.b.i.FetchStyleLoadPlanBuildingAssociationVisitationStrategy - Building LoadPlan...
2020-03-14 21:57:00.658 [main] DEBUG o.h.l.p.e.i.LoadQueryJoinAndFetchProcessor - processing queryspace <gen:0>
2020-03-14 21:57:00.659 [main] DEBUG o.h.l.p.b.spi.LoadPlanTreePrinter - LoadPlan(entity=com.ningmeng.framework.domain.course.CourseBase)
    - Returns
       - EntityReturnImpl(entity=com.ningmeng.framework.domain.course.CourseBase, querySpaceUid=<gen:0>, path=com.ningmeng.framework.domain.course.CourseBase)
    - QuerySpaces
       - EntityQuerySpaceImpl(uid=<gen:0>, entity=com.ningmeng.framework.domain.course.CourseBase)
          - SQL table alias mapping - coursebase0_
          - alias suffix - 0_
          - suffixed key columns - {id1_1_0_}

2020-03-14 21:57:00.659 [main] DEBUG o.h.loader.entity.plan.EntityLoader - Static select for entity com.ningmeng.framework.domain.course.CourseBase [OPTIMISTIC_FORCE_INCREMENT]: select coursebase0_.id as id1_1_0_, coursebase0_.company_id as company_2_1_0_, coursebase0_.description as descript3_1_0_, coursebase0_.grade as grade4_1_0_, coursebase0_.mt as mt5_1_0_, coursebase0_.name as name6_1_0_, coursebase0_.st as st7_1_0_, coursebase0_.status as status8_1_0_, coursebase0_.studymodel as studymod9_1_0_, coursebase0_.teachmode as teachmo10_1_0_, coursebase0_.user_id as user_id11_1_0_, coursebase0_.users as users12_1_0_ from course_base coursebase0_ where coursebase0_.id=?
2020-03-14 21:57:00.659 [main] DEBUG org.hibernate.loader.Loader - Static select for action ACTION_MERGE on entity com.ningmeng.framework.domain.course.CourseBase: select coursebase0_.id as id1_1_0_, coursebase0_.company_id as company_2_1_0_, coursebase0_.description as descript3_1_0_, coursebase0_.grade as grade4_1_0_, coursebase0_.mt as mt5_1_0_, coursebase0_.name as name6_1_0_, coursebase0_.st as st7_1_0_, coursebase0_.status as status8_1_0_, coursebase0_.studymodel as studymod9_1_0_, coursebase0_.teachmode as teachmo10_1_0_, coursebase0_.user_id as user_id11_1_0_, coursebase0_.users as users12_1_0_ from course_base coursebase0_ where coursebase0_.id=?
2020-03-14 21:57:00.659 [main] DEBUG org.hibernate.loader.Loader - Static select for action ACTION_REFRESH on entity com.ningmeng.framework.domain.course.CourseBase: select coursebase0_.id as id1_1_0_, coursebase0_.company_id as company_2_1_0_, coursebase0_.description as descript3_1_0_, coursebase0_.grade as grade4_1_0_, coursebase0_.mt as mt5_1_0_, coursebase0_.name as name6_1_0_, coursebase0_.st as st7_1_0_, coursebase0_.status as status8_1_0_, coursebase0_.studymodel as studymod9_1_0_, coursebase0_.teachmode as teachmo10_1_0_, coursebase0_.user_id as user_id11_1_0_, coursebase0_.users as users12_1_0_ from course_base coursebase0_ where coursebase0_.id=?
2020-03-14 21:57:00.659 [main] DEBUG o.h.p.entity.AbstractEntityPersister - Static SQL for entity: com.ningmeng.framework.domain.course.TeachplanMedia
2020-03-14 21:57:00.660 [main] DEBUG o.h.p.entity.AbstractEntityPersister -  Version select: select teachplan_id from teachplan_media where teachplan_id =?
2020-03-14 21:57:00.660 [main] DEBUG o.h.p.entity.AbstractEntityPersister -  Snapshot select: select teachplanm_.teachplan_id, teachplanm_.courseid as courseid2_9_, teachplanm_.media_fileoriginalname as media_fi3_9_, teachplanm_.media_id as media_id4_9_, teachplanm_.media_url as media_ur5_9_ from teachplan_media teachplanm_ where teachplanm_.teachplan_id=?
2020-03-14 21:57:00.660 [main] DEBUG o.h.p.entity.AbstractEntityPersister -  Insert 0: insert into teachplan_media (courseid, media_fileoriginalname, media_id, media_url, teachplan_id) values (?, ?, ?, ?, ?)
2020-03-14 21:57:00.660 [main] DEBUG o.h.p.entity.AbstractEntityPersister -  Update 0: update teachplan_media set courseid=?, media_fileoriginalname=?, media_id=?, media_url=? where teachplan_id=?
2020-03-14 21:57:00.660 [main] DEBUG o.h.p.entity.AbstractEntityPersister -  Delete 0: delete from teachplan_media where teachplan_id=?
2020-03-14 21:57:00.660 [main] DEBUG o.h.l.p.b.i.spaces.QuerySpacesImpl - Adding QuerySpace : uid = <gen:0> -> org.hibernate.loader.plan.build.internal.spaces.EntityQuerySpaceImpl@5b6cc344]
2020-03-14 21:57:00.660 [main] DEBUG o.h.p.w.spi.MetamodelGraphWalker - Visiting attribute path : courseId
2020-03-14 21:57:00.660 [main] DEBUG o.h.p.w.spi.MetamodelGraphWalker - Visiting attribute path : mediaFileOriginalName
2020-03-14 21:57:00.660 [main] DEBUG o.h.p.w.spi.MetamodelGraphWalker - Visiting attribute path : mediaId
2020-03-14 21:57:00.660 [main] DEBUG o.h.p.w.spi.MetamodelGraphWalker - Visiting attribute path : mediaUrl
2020-03-14 21:57:00.660 [main] DEBUG o.h.l.p.b.i.FetchStyleLoadPlanBuildingAssociationVisitationStrategy - Building LoadPlan...
2020-03-14 21:57:00.660 [main] DEBUG o.h.l.p.e.i.LoadQueryJoinAndFetchProcessor - processing queryspace <gen:0>
2020-03-14 21:57:00.660 [main] DEBUG o.h.l.p.b.spi.LoadPlanTreePrinter - LoadPlan(entity=com.ningmeng.framework.domain.course.TeachplanMedia)
    - Returns
       - EntityReturnImpl(entity=com.ningmeng.framework.domain.course.TeachplanMedia, querySpaceUid=<gen:0>, path=com.ningmeng.framework.domain.course.TeachplanMedia)
    - QuerySpaces
       - EntityQuerySpaceImpl(uid=<gen:0>, entity=com.ningmeng.framework.domain.course.TeachplanMedia)
          - SQL table alias mapping - teachplanm0_
          - alias suffix - 0_
          - suffixed key columns - {teachpla1_9_0_}

2020-03-14 21:57:00.660 [main] DEBUG o.h.loader.entity.plan.EntityLoader - Static select for entity com.ningmeng.framework.domain.course.TeachplanMedia [NONE]: select teachplanm0_.teachplan_id as teachpla1_9_0_, teachplanm0_.courseid as courseid2_9_0_, teachplanm0_.media_fileoriginalname as media_fi3_9_0_, teachplanm0_.media_id as media_id4_9_0_, teachplanm0_.media_url as media_ur5_9_0_ from teachplan_media teachplanm0_ where teachplanm0_.teachplan_id=?
2020-03-14 21:57:00.661 [main] DEBUG o.h.l.p.b.i.spaces.QuerySpacesImpl - Adding QuerySpace : uid = <gen:0> -> org.hibernate.loader.plan.build.internal.spaces.EntityQuerySpaceImpl@83e635f]
2020-03-14 21:57:00.661 [main] DEBUG o.h.p.w.spi.MetamodelGraphWalker - Visiting attribute path : courseId
2020-03-14 21:57:00.661 [main] DEBUG o.h.p.w.spi.MetamodelGraphWalker - Visiting attribute path : mediaFileOriginalName
2020-03-14 21:57:00.661 [main] DEBUG o.h.p.w.spi.MetamodelGraphWalker - Visiting attribute path : mediaId
2020-03-14 21:57:00.661 [main] DEBUG o.h.p.w.spi.MetamodelGraphWalker - Visiting attribute path : mediaUrl
2020-03-14 21:57:00.661 [main] DEBUG o.h.l.p.b.i.FetchStyleLoadPlanBuildingAssociationVisitationStrategy - Building LoadPlan...
2020-03-14 21:57:00.661 [main] DEBUG o.h.l.p.e.i.LoadQueryJoinAndFetchProcessor - processing queryspace <gen:0>
2020-03-14 21:57:00.661 [main] DEBUG o.h.l.p.b.spi.LoadPlanTreePrinter - LoadPlan(entity=com.ningmeng.framework.domain.course.TeachplanMedia)
    - Returns
       - EntityReturnImpl(entity=com.ningmeng.framework.domain.course.TeachplanMedia, querySpaceUid=<gen:0>, path=com.ningmeng.framework.domain.course.TeachplanMedia)
    - QuerySpaces
       - EntityQuerySpaceImpl(uid=<gen:0>, entity=com.ningmeng.framework.domain.course.TeachplanMedia)
          - SQL table alias mapping - teachplanm0_
          - alias suffix - 0_
          - suffixed key columns - {teachpla1_9_0_}

2020-03-14 21:57:00.661 [main] DEBUG o.h.loader.entity.plan.EntityLoader - Static select for entity com.ningmeng.framework.domain.course.TeachplanMedia [READ]: select teachplanm0_.teachplan_id as teachpla1_9_0_, teachplanm0_.courseid as courseid2_9_0_, teachplanm0_.media_fileoriginalname as media_fi3_9_0_, teachplanm0_.media_id as media_id4_9_0_, teachplanm0_.media_url as media_ur5_9_0_ from teachplan_media teachplanm0_ where teachplanm0_.teachplan_id=?
2020-03-14 21:57:00.661 [main] DEBUG o.h.l.p.b.i.spaces.QuerySpacesImpl - Adding QuerySpace : uid = <gen:0> -> org.hibernate.loader.plan.build.internal.spaces.EntityQuerySpaceImpl@3b56947a]
2020-03-14 21:57:00.661 [main] DEBUG o.h.p.w.spi.MetamodelGraphWalker - Visiting attribute path : courseId
2020-03-14 21:57:00.661 [main] DEBUG o.h.p.w.spi.MetamodelGraphWalker - Visiting attribute path : mediaFileOriginalName
2020-03-14 21:57:00.661 [main] DEBUG o.h.p.w.spi.MetamodelGraphWalker - Visiting attribute path : mediaId
2020-03-14 21:57:00.661 [main] DEBUG o.h.p.w.spi.MetamodelGraphWalker - Visiting attribute path : mediaUrl
2020-03-14 21:57:00.661 [main] DEBUG o.h.l.p.b.i.FetchStyleLoadPlanBuildingAssociationVisitationStrategy - Building LoadPlan...
2020-03-14 21:57:00.661 [main] DEBUG o.h.l.p.e.i.LoadQueryJoinAndFetchProcessor - processing queryspace <gen:0>
2020-03-14 21:57:00.662 [main] DEBUG o.h.l.p.b.spi.LoadPlanTreePrinter - LoadPlan(entity=com.ningmeng.framework.domain.course.TeachplanMedia)
    - Returns
       - EntityReturnImpl(entity=com.ningmeng.framework.domain.course.TeachplanMedia, querySpaceUid=<gen:0>, path=com.ningmeng.framework.domain.course.TeachplanMedia)
    - QuerySpaces
       - EntityQuerySpaceImpl(uid=<gen:0>, entity=com.ningmeng.framework.domain.course.TeachplanMedia)
          - SQL table alias mapping - teachplanm0_
          - alias suffix - 0_
          - suffixed key columns - {teachpla1_9_0_}

2020-03-14 21:57:00.662 [main] DEBUG o.h.loader.entity.plan.EntityLoader - Static select for entity com.ningmeng.framework.domain.course.TeachplanMedia [UPGRADE]: select teachplanm0_.teachplan_id as teachpla1_9_0_, teachplanm0_.courseid as courseid2_9_0_, teachplanm0_.media_fileoriginalname as media_fi3_9_0_, teachplanm0_.media_id as media_id4_9_0_, teachplanm0_.media_url as media_ur5_9_0_ from teachplan_media teachplanm0_ where teachplanm0_.teachplan_id=? for update
2020-03-14 21:57:00.662 [main] DEBUG o.h.l.p.b.i.spaces.QuerySpacesImpl - Adding QuerySpace : uid = <gen:0> -> org.hibernate.loader.plan.build.internal.spaces.EntityQuerySpaceImpl@62794582]
2020-03-14 21:57:00.662 [main] DEBUG o.h.p.w.spi.MetamodelGraphWalker - Visiting attribute path : courseId
2020-03-14 21:57:00.662 [main] DEBUG o.h.p.w.spi.MetamodelGraphWalker - Visiting attribute path : mediaFileOriginalName
2020-03-14 21:57:00.662 [main] DEBUG o.h.p.w.spi.MetamodelGraphWalker - Visiting attribute path : mediaId
2020-03-14 21:57:00.662 [main] DEBUG o.h.p.w.spi.MetamodelGraphWalker - Visiting attribute path : mediaUrl
2020-03-14 21:57:00.662 [main] DEBUG o.h.l.p.b.i.FetchStyleLoadPlanBuildingAssociationVisitationStrategy - Building LoadPlan...
2020-03-14 21:57:00.662 [main] DEBUG o.h.l.p.e.i.LoadQueryJoinAndFetchProcessor - processing queryspace <gen:0>
2020-03-14 21:57:00.663 [main] DEBUG o.h.l.p.b.spi.LoadPlanTreePrinter - LoadPlan(entity=com.ningmeng.framework.domain.course.TeachplanMedia)
    - Returns
       - EntityReturnImpl(entity=com.ningmeng.framework.domain.course.TeachplanMedia, querySpaceUid=<gen:0>, path=com.ningmeng.framework.domain.course.TeachplanMedia)
    - QuerySpaces
       - EntityQuerySpaceImpl(uid=<gen:0>, entity=com.ningmeng.framework.domain.course.TeachplanMedia)
          - SQL table alias mapping - teachplanm0_
          - alias suffix - 0_
          - suffixed key columns - {teachpla1_9_0_}

2020-03-14 21:57:00.663 [main] DEBUG o.h.loader.entity.plan.EntityLoader - Static select for entity com.ningmeng.framework.domain.course.TeachplanMedia [UPGRADE_NOWAIT]: select teachplanm0_.teachplan_id as teachpla1_9_0_, teachplanm0_.courseid as courseid2_9_0_, teachplanm0_.media_fileoriginalname as media_fi3_9_0_, teachplanm0_.media_id as media_id4_9_0_, teachplanm0_.media_url as media_ur5_9_0_ from teachplan_media teachplanm0_ where teachplanm0_.teachplan_id=? for update
2020-03-14 21:57:00.663 [main] DEBUG o.h.l.p.b.i.spaces.QuerySpacesImpl - Adding QuerySpace : uid = <gen:0> -> org.hibernate.loader.plan.build.internal.spaces.EntityQuerySpaceImpl@3f80d8c]
2020-03-14 21:57:00.663 [main] DEBUG o.h.p.w.spi.MetamodelGraphWalker - Visiting attribute path : courseId
2020-03-14 21:57:00.663 [main] DEBUG o.h.p.w.spi.MetamodelGraphWalker - Visiting attribute path : mediaFileOriginalName
2020-03-14 21:57:00.663 [main] DEBUG o.h.p.w.spi.MetamodelGraphWalker - Visiting attribute path : mediaId
2020-03-14 21:57:00.663 [main] DEBUG o.h.p.w.spi.MetamodelGraphWalker - Visiting attribute path : mediaUrl
2020-03-14 21:57:00.663 [main] DEBUG o.h.l.p.b.i.FetchStyleLoadPlanBuildingAssociationVisitationStrategy - Building LoadPlan...
2020-03-14 21:57:00.664 [main] DEBUG o.h.l.p.e.i.LoadQueryJoinAndFetchProcessor - processing queryspace <gen:0>
2020-03-14 21:57:00.664 [main] DEBUG o.h.l.p.b.spi.LoadPlanTreePrinter - LoadPlan(entity=com.ningmeng.framework.domain.course.TeachplanMedia)
    - Returns
       - EntityReturnImpl(entity=com.ningmeng.framework.domain.course.TeachplanMedia, querySpaceUid=<gen:0>, path=com.ningmeng.framework.domain.course.TeachplanMedia)
    - QuerySpaces
       - EntityQuerySpaceImpl(uid=<gen:0>, entity=com.ningmeng.framework.domain.course.TeachplanMedia)
          - SQL table alias mapping - teachplanm0_
          - alias suffix - 0_
          - suffixed key columns - {teachpla1_9_0_}

2020-03-14 21:57:00.664 [main] DEBUG o.h.loader.entity.plan.EntityLoader - Static select for entity com.ningmeng.framework.domain.course.TeachplanMedia [UPGRADE_SKIPLOCKED]: select teachplanm0_.teachplan_id as teachpla1_9_0_, teachplanm0_.courseid as courseid2_9_0_, teachplanm0_.media_fileoriginalname as media_fi3_9_0_, teachplanm0_.media_id as media_id4_9_0_, teachplanm0_.media_url as media_ur5_9_0_ from teachplan_media teachplanm0_ where teachplanm0_.teachplan_id=? for update
2020-03-14 21:57:00.664 [main] DEBUG o.h.l.p.b.i.spaces.QuerySpacesImpl - Adding QuerySpace : uid = <gen:0> -> org.hibernate.loader.plan.build.internal.spaces.EntityQuerySpaceImpl@5c60c08]
2020-03-14 21:57:00.664 [main] DEBUG o.h.p.w.spi.MetamodelGraphWalker - Visiting attribute path : courseId
2020-03-14 21:57:00.664 [main] DEBUG o.h.p.w.spi.MetamodelGraphWalker - Visiting attribute path : mediaFileOriginalName
2020-03-14 21:57:00.664 [main] DEBUG o.h.p.w.spi.MetamodelGraphWalker - Visiting attribute path : mediaId
2020-03-14 21:57:00.664 [main] DEBUG o.h.p.w.spi.MetamodelGraphWalker - Visiting attribute path : mediaUrl
2020-03-14 21:57:00.664 [main] DEBUG o.h.l.p.b.i.FetchStyleLoadPlanBuildingAssociationVisitationStrategy - Building LoadPlan...
2020-03-14 21:57:00.664 [main] DEBUG o.h.l.p.e.i.LoadQueryJoinAndFetchProcessor - processing queryspace <gen:0>
2020-03-14 21:57:00.666 [main] DEBUG o.h.l.p.b.spi.LoadPlanTreePrinter - LoadPlan(entity=com.ningmeng.framework.domain.course.TeachplanMedia)
    - Returns
       - EntityReturnImpl(entity=com.ningmeng.framework.domain.course.TeachplanMedia, querySpaceUid=<gen:0>, path=com.ningmeng.framework.domain.course.TeachplanMedia)
    - QuerySpaces
       - EntityQuerySpaceImpl(uid=<gen:0>, entity=com.ningmeng.framework.domain.course.TeachplanMedia)
          - SQL table alias mapping - teachplanm0_
          - alias suffix - 0_
          - suffixed key columns - {teachpla1_9_0_}

2020-03-14 21:57:00.669 [main] DEBUG o.h.loader.entity.plan.EntityLoader - Static select for entity com.ningmeng.framework.domain.course.TeachplanMedia [FORCE]: select teachplanm0_.teachplan_id as teachpla1_9_0_, teachplanm0_.courseid as courseid2_9_0_, teachplanm0_.media_fileoriginalname as media_fi3_9_0_, teachplanm0_.media_id as media_id4_9_0_, teachplanm0_.media_url as media_ur5_9_0_ from teachplan_media teachplanm0_ where teachplanm0_.teachplan_id=? for update
2020-03-14 21:57:00.671 [main] DEBUG o.h.l.p.b.i.spaces.QuerySpacesImpl - Adding QuerySpace : uid = <gen:0> -> org.hibernate.loader.plan.build.internal.spaces.EntityQuerySpaceImpl@5fe3b058]
2020-03-14 21:57:00.672 [main] DEBUG o.h.p.w.spi.MetamodelGraphWalker - Visiting attribute path : courseId
2020-03-14 21:57:00.672 [main] DEBUG o.h.p.w.spi.MetamodelGraphWalker - Visiting attribute path : mediaFileOriginalName
2020-03-14 21:57:00.672 [main] DEBUG o.h.p.w.spi.MetamodelGraphWalker - Visiting attribute path : mediaId
2020-03-14 21:57:00.672 [main] DEBUG o.h.p.w.spi.MetamodelGraphWalker - Visiting attribute path : mediaUrl
2020-03-14 21:57:00.672 [main] DEBUG o.h.l.p.b.i.FetchStyleLoadPlanBuildingAssociationVisitationStrategy - Building LoadPlan...
2020-03-14 21:57:00.672 [main] DEBUG o.h.l.p.e.i.LoadQueryJoinAndFetchProcessor - processing queryspace <gen:0>
2020-03-14 21:57:00.673 [main] DEBUG o.h.l.p.b.spi.LoadPlanTreePrinter - LoadPlan(entity=com.ningmeng.framework.domain.course.TeachplanMedia)
    - Returns
       - EntityReturnImpl(entity=com.ningmeng.framework.domain.course.TeachplanMedia, querySpaceUid=<gen:0>, path=com.ningmeng.framework.domain.course.TeachplanMedia)
    - QuerySpaces
       - EntityQuerySpaceImpl(uid=<gen:0>, entity=com.ningmeng.framework.domain.course.TeachplanMedia)
          - SQL table alias mapping - teachplanm0_
          - alias suffix - 0_
          - suffixed key columns - {teachpla1_9_0_}

2020-03-14 21:57:00.673 [main] DEBUG o.h.loader.entity.plan.EntityLoader - Static select for entity com.ningmeng.framework.domain.course.TeachplanMedia [PESSIMISTIC_READ]: select teachplanm0_.teachplan_id as teachpla1_9_0_, teachplanm0_.courseid as courseid2_9_0_, teachplanm0_.media_fileoriginalname as media_fi3_9_0_, teachplanm0_.media_id as media_id4_9_0_, teachplanm0_.media_url as media_ur5_9_0_ from teachplan_media teachplanm0_ where teachplanm0_.teachplan_id=? lock in share mode
2020-03-14 21:57:00.674 [main] DEBUG o.h.l.p.b.i.spaces.QuerySpacesImpl - Adding QuerySpace : uid = <gen:0> -> org.hibernate.loader.plan.build.internal.spaces.EntityQuerySpaceImpl@1f75fd1d]
2020-03-14 21:57:00.674 [main] DEBUG o.h.p.w.spi.MetamodelGraphWalker - Visiting attribute path : courseId
2020-03-14 21:57:00.674 [main] DEBUG o.h.p.w.spi.MetamodelGraphWalker - Visiting attribute path : mediaFileOriginalName
2020-03-14 21:57:00.674 [main] DEBUG o.h.p.w.spi.MetamodelGraphWalker - Visiting attribute path : mediaId
2020-03-14 21:57:00.674 [main] DEBUG o.h.p.w.spi.MetamodelGraphWalker - Visiting attribute path : mediaUrl
2020-03-14 21:57:00.674 [main] DEBUG o.h.l.p.b.i.FetchStyleLoadPlanBuildingAssociationVisitationStrategy - Building LoadPlan...
2020-03-14 21:57:00.674 [main] DEBUG o.h.l.p.e.i.LoadQueryJoinAndFetchProcessor - processing queryspace <gen:0>
2020-03-14 21:57:00.677 [main] DEBUG o.h.l.p.b.spi.LoadPlanTreePrinter - LoadPlan(entity=com.ningmeng.framework.domain.course.TeachplanMedia)
    - Returns
       - EntityReturnImpl(entity=com.ningmeng.framework.domain.course.TeachplanMedia, querySpaceUid=<gen:0>, path=com.ningmeng.framework.domain.course.TeachplanMedia)
    - QuerySpaces
       - EntityQuerySpaceImpl(uid=<gen:0>, entity=com.ningmeng.framework.domain.course.TeachplanMedia)
          - SQL table alias mapping - teachplanm0_
          - alias suffix - 0_
          - suffixed key columns - {teachpla1_9_0_}

2020-03-14 21:57:00.678 [main] DEBUG o.h.loader.entity.plan.EntityLoader - Static select for entity com.ningmeng.framework.domain.course.TeachplanMedia [PESSIMISTIC_WRITE]: select teachplanm0_.teachplan_id as teachpla1_9_0_, teachplanm0_.courseid as courseid2_9_0_, teachplanm0_.media_fileoriginalname as media_fi3_9_0_, teachplanm0_.media_id as media_id4_9_0_, teachplanm0_.media_url as media_ur5_9_0_ from teachplan_media teachplanm0_ where teachplanm0_.teachplan_id=? for update
2020-03-14 21:57:00.679 [main] DEBUG o.h.l.p.b.i.spaces.QuerySpacesImpl - Adding QuerySpace : uid = <gen:0> -> org.hibernate.loader.plan.build.internal.spaces.EntityQuerySpaceImpl@638d2ce3]
2020-03-14 21:57:00.680 [main] DEBUG o.h.p.w.spi.MetamodelGraphWalker - Visiting attribute path : courseId
2020-03-14 21:57:00.680 [main] DEBUG o.h.p.w.spi.MetamodelGraphWalker - Visiting attribute path : mediaFileOriginalName
2020-03-14 21:57:00.680 [main] DEBUG o.h.p.w.spi.MetamodelGraphWalker - Visiting attribute path : mediaId
2020-03-14 21:57:00.680 [main] DEBUG o.h.p.w.spi.MetamodelGraphWalker - Visiting attribute path : mediaUrl
2020-03-14 21:57:00.680 [main] DEBUG o.h.l.p.b.i.FetchStyleLoadPlanBuildingAssociationVisitationStrategy - Building LoadPlan...
2020-03-14 21:57:00.681 [main] DEBUG o.h.l.p.e.i.LoadQueryJoinAndFetchProcessor - processing queryspace <gen:0>
2020-03-14 21:57:00.683 [main] DEBUG o.h.l.p.b.spi.LoadPlanTreePrinter - LoadPlan(entity=com.ningmeng.framework.domain.course.TeachplanMedia)
    - Returns
       - EntityReturnImpl(entity=com.ningmeng.framework.domain.course.TeachplanMedia, querySpaceUid=<gen:0>, path=com.ningmeng.framework.domain.course.TeachplanMedia)
    - QuerySpaces
       - EntityQuerySpaceImpl(uid=<gen:0>, entity=com.ningmeng.framework.domain.course.TeachplanMedia)
          - SQL table alias mapping - teachplanm0_
          - alias suffix - 0_
          - suffixed key columns - {teachpla1_9_0_}

2020-03-14 21:57:00.683 [main] DEBUG o.h.loader.entity.plan.EntityLoader - Static select for entity com.ningmeng.framework.domain.course.TeachplanMedia [PESSIMISTIC_FORCE_INCREMENT]: select teachplanm0_.teachplan_id as teachpla1_9_0_, teachplanm0_.courseid as courseid2_9_0_, teachplanm0_.media_fileoriginalname as media_fi3_9_0_, teachplanm0_.media_id as media_id4_9_0_, teachplanm0_.media_url as media_ur5_9_0_ from teachplan_media teachplanm0_ where teachplanm0_.teachplan_id=? for update
2020-03-14 21:57:00.683 [main] DEBUG o.h.l.p.b.i.spaces.QuerySpacesImpl - Adding QuerySpace : uid = <gen:0> -> org.hibernate.loader.plan.build.internal.spaces.EntityQuerySpaceImpl@49cceb19]
2020-03-14 21:57:00.684 [main] DEBUG o.h.p.w.spi.MetamodelGraphWalker - Visiting attribute path : courseId
2020-03-14 21:57:00.684 [main] DEBUG o.h.p.w.spi.MetamodelGraphWalker - Visiting attribute path : mediaFileOriginalName
2020-03-14 21:57:00.684 [main] DEBUG o.h.p.w.spi.MetamodelGraphWalker - Visiting attribute path : mediaId
2020-03-14 21:57:00.684 [main] DEBUG o.h.p.w.spi.MetamodelGraphWalker - Visiting attribute path : mediaUrl
2020-03-14 21:57:00.684 [main] DEBUG o.h.l.p.b.i.FetchStyleLoadPlanBuildingAssociationVisitationStrategy - Building LoadPlan...
2020-03-14 21:57:00.685 [main] DEBUG o.h.l.p.e.i.LoadQueryJoinAndFetchProcessor - processing queryspace <gen:0>
2020-03-14 21:57:00.685 [main] DEBUG o.h.l.p.b.spi.LoadPlanTreePrinter - LoadPlan(entity=com.ningmeng.framework.domain.course.TeachplanMedia)
    - Returns
       - EntityReturnImpl(entity=com.ningmeng.framework.domain.course.TeachplanMedia, querySpaceUid=<gen:0>, path=com.ningmeng.framework.domain.course.TeachplanMedia)
    - QuerySpaces
       - EntityQuerySpaceImpl(uid=<gen:0>, entity=com.ningmeng.framework.domain.course.TeachplanMedia)
          - SQL table alias mapping - teachplanm0_
          - alias suffix - 0_
          - suffixed key columns - {teachpla1_9_0_}

2020-03-14 21:57:00.686 [main] DEBUG o.h.loader.entity.plan.EntityLoader - Static select for entity com.ningmeng.framework.domain.course.TeachplanMedia [OPTIMISTIC]: select teachplanm0_.teachplan_id as teachpla1_9_0_, teachplanm0_.courseid as courseid2_9_0_, teachplanm0_.media_fileoriginalname as media_fi3_9_0_, teachplanm0_.media_id as media_id4_9_0_, teachplanm0_.media_url as media_ur5_9_0_ from teachplan_media teachplanm0_ where teachplanm0_.teachplan_id=?
2020-03-14 21:57:00.686 [main] DEBUG o.h.l.p.b.i.spaces.QuerySpacesImpl - Adding QuerySpace : uid = <gen:0> -> org.hibernate.loader.plan.build.internal.spaces.EntityQuerySpaceImpl@131d977f]
2020-03-14 21:57:00.687 [main] DEBUG o.h.p.w.spi.MetamodelGraphWalker - Visiting attribute path : courseId
2020-03-14 21:57:00.687 [main] DEBUG o.h.p.w.spi.MetamodelGraphWalker - Visiting attribute path : mediaFileOriginalName
2020-03-14 21:57:00.687 [main] DEBUG o.h.p.w.spi.MetamodelGraphWalker - Visiting attribute path : mediaId
2020-03-14 21:57:00.687 [main] DEBUG o.h.p.w.spi.MetamodelGraphWalker - Visiting attribute path : mediaUrl
2020-03-14 21:57:00.687 [main] DEBUG o.h.l.p.b.i.FetchStyleLoadPlanBuildingAssociationVisitationStrategy - Building LoadPlan...
2020-03-14 21:57:00.687 [main] DEBUG o.h.l.p.e.i.LoadQueryJoinAndFetchProcessor - processing queryspace <gen:0>
2020-03-14 21:57:00.689 [main] DEBUG o.h.l.p.b.spi.LoadPlanTreePrinter - LoadPlan(entity=com.ningmeng.framework.domain.course.TeachplanMedia)
    - Returns
       - EntityReturnImpl(entity=com.ningmeng.framework.domain.course.TeachplanMedia, querySpaceUid=<gen:0>, path=com.ningmeng.framework.domain.course.TeachplanMedia)
    - QuerySpaces
       - EntityQuerySpaceImpl(uid=<gen:0>, entity=com.ningmeng.framework.domain.course.TeachplanMedia)
          - SQL table alias mapping - teachplanm0_
          - alias suffix - 0_
          - suffixed key columns - {teachpla1_9_0_}

2020-03-14 21:57:00.689 [main] DEBUG o.h.loader.entity.plan.EntityLoader - Static select for entity com.ningmeng.framework.domain.course.TeachplanMedia [OPTIMISTIC_FORCE_INCREMENT]: select teachplanm0_.teachplan_id as teachpla1_9_0_, teachplanm0_.courseid as courseid2_9_0_, teachplanm0_.media_fileoriginalname as media_fi3_9_0_, teachplanm0_.media_id as media_id4_9_0_, teachplanm0_.media_url as media_ur5_9_0_ from teachplan_media teachplanm0_ where teachplanm0_.teachplan_id=?
2020-03-14 21:57:00.690 [main] DEBUG org.hibernate.loader.Loader - Static select for action ACTION_MERGE on entity com.ningmeng.framework.domain.course.TeachplanMedia: select teachplanm0_.teachplan_id as teachpla1_9_0_, teachplanm0_.courseid as courseid2_9_0_, teachplanm0_.media_fileoriginalname as media_fi3_9_0_, teachplanm0_.media_id as media_id4_9_0_, teachplanm0_.media_url as media_ur5_9_0_ from teachplan_media teachplanm0_ where teachplanm0_.teachplan_id=?
2020-03-14 21:57:00.690 [main] DEBUG org.hibernate.loader.Loader - Static select for action ACTION_REFRESH on entity com.ningmeng.framework.domain.course.TeachplanMedia: select teachplanm0_.teachplan_id as teachpla1_9_0_, teachplanm0_.courseid as courseid2_9_0_, teachplanm0_.media_fileoriginalname as media_fi3_9_0_, teachplanm0_.media_id as media_id4_9_0_, teachplanm0_.media_url as media_ur5_9_0_ from teachplan_media teachplanm0_ where teachplanm0_.teachplan_id=?
2020-03-14 21:57:00.691 [main] DEBUG o.h.p.entity.AbstractEntityPersister - Static SQL for entity: com.ningmeng.framework.domain.course.CoursePic
2020-03-14 21:57:00.691 [main] DEBUG o.h.p.entity.AbstractEntityPersister -  Version select: select courseid from course_pic where courseid =?
2020-03-14 21:57:00.691 [main] DEBUG o.h.p.entity.AbstractEntityPersister -  Snapshot select: select coursepic_.courseid, coursepic_.pic as pic2_5_ from course_pic coursepic_ where coursepic_.courseid=?
2020-03-14 21:57:00.692 [main] DEBUG o.h.p.entity.AbstractEntityPersister -  Insert 0: insert into course_pic (pic, courseid) values (?, ?)
2020-03-14 21:57:00.692 [main] DEBUG o.h.p.entity.AbstractEntityPersister -  Update 0: update course_pic set pic=? where courseid=?
2020-03-14 21:57:00.695 [main] DEBUG o.h.p.entity.AbstractEntityPersister -  Delete 0: delete from course_pic where courseid=?
2020-03-14 21:57:00.696 [main] DEBUG o.h.l.p.b.i.spaces.QuerySpacesImpl - Adding QuerySpace : uid = <gen:0> -> org.hibernate.loader.plan.build.internal.spaces.EntityQuerySpaceImpl@43d6262c]
2020-03-14 21:57:00.697 [main] DEBUG o.h.p.w.spi.MetamodelGraphWalker - Visiting attribute path : pic
2020-03-14 21:57:00.697 [main] DEBUG o.h.l.p.b.i.FetchStyleLoadPlanBuildingAssociationVisitationStrategy - Building LoadPlan...
2020-03-14 21:57:00.697 [main] DEBUG o.h.l.p.e.i.LoadQueryJoinAndFetchProcessor - processing queryspace <gen:0>
2020-03-14 21:57:00.698 [main] DEBUG o.h.l.p.b.spi.LoadPlanTreePrinter - LoadPlan(entity=com.ningmeng.framework.domain.course.CoursePic)
    - Returns
       - EntityReturnImpl(entity=com.ningmeng.framework.domain.course.CoursePic, querySpaceUid=<gen:0>, path=com.ningmeng.framework.domain.course.CoursePic)
    - QuerySpaces
       - EntityQuerySpaceImpl(uid=<gen:0>, entity=com.ningmeng.framework.domain.course.CoursePic)
          - SQL table alias mapping - coursepic0_
          - alias suffix - 0_
          - suffixed key columns - {courseid1_5_0_}

2020-03-14 21:57:00.698 [main] DEBUG o.h.loader.entity.plan.EntityLoader - Static select for entity com.ningmeng.framework.domain.course.CoursePic [NONE]: select coursepic0_.courseid as courseid1_5_0_, coursepic0_.pic as pic2_5_0_ from course_pic coursepic0_ where coursepic0_.courseid=?
2020-03-14 21:57:00.698 [main] DEBUG o.h.l.p.b.i.spaces.QuerySpacesImpl - Adding QuerySpace : uid = <gen:0> -> org.hibernate.loader.plan.build.internal.spaces.EntityQuerySpaceImpl@38cf4497]
2020-03-14 21:57:00.698 [main] DEBUG o.h.p.w.spi.MetamodelGraphWalker - Visiting attribute path : pic
2020-03-14 21:57:00.698 [main] DEBUG o.h.l.p.b.i.FetchStyleLoadPlanBuildingAssociationVisitationStrategy - Building LoadPlan...
2020-03-14 21:57:00.698 [main] DEBUG o.h.l.p.e.i.LoadQueryJoinAndFetchProcessor - processing queryspace <gen:0>
2020-03-14 21:57:00.699 [main] DEBUG o.h.l.p.b.spi.LoadPlanTreePrinter - LoadPlan(entity=com.ningmeng.framework.domain.course.CoursePic)
    - Returns
       - EntityReturnImpl(entity=com.ningmeng.framework.domain.course.CoursePic, querySpaceUid=<gen:0>, path=com.ningmeng.framework.domain.course.CoursePic)
    - QuerySpaces
       - EntityQuerySpaceImpl(uid=<gen:0>, entity=com.ningmeng.framework.domain.course.CoursePic)
          - SQL table alias mapping - coursepic0_
          - alias suffix - 0_
          - suffixed key columns - {courseid1_5_0_}

2020-03-14 21:57:00.699 [main] DEBUG o.h.loader.entity.plan.EntityLoader - Static select for entity com.ningmeng.framework.domain.course.CoursePic [READ]: select coursepic0_.courseid as courseid1_5_0_, coursepic0_.pic as pic2_5_0_ from course_pic coursepic0_ where coursepic0_.courseid=?
2020-03-14 21:57:00.699 [main] DEBUG o.h.l.p.b.i.spaces.QuerySpacesImpl - Adding QuerySpace : uid = <gen:0> -> org.hibernate.loader.plan.build.internal.spaces.EntityQuerySpaceImpl@9d3a7a1]
2020-03-14 21:57:00.699 [main] DEBUG o.h.p.w.spi.MetamodelGraphWalker - Visiting attribute path : pic
2020-03-14 21:57:00.699 [main] DEBUG o.h.l.p.b.i.FetchStyleLoadPlanBuildingAssociationVisitationStrategy - Building LoadPlan...
2020-03-14 21:57:00.699 [main] DEBUG o.h.l.p.e.i.LoadQueryJoinAndFetchProcessor - processing queryspace <gen:0>
2020-03-14 21:57:00.699 [main] DEBUG o.h.l.p.b.spi.LoadPlanTreePrinter - LoadPlan(entity=com.ningmeng.framework.domain.course.CoursePic)
    - Returns
       - EntityReturnImpl(entity=com.ningmeng.framework.domain.course.CoursePic, querySpaceUid=<gen:0>, path=com.ningmeng.framework.domain.course.CoursePic)
    - QuerySpaces
       - EntityQuerySpaceImpl(uid=<gen:0>, entity=com.ningmeng.framework.domain.course.CoursePic)
          - SQL table alias mapping - coursepic0_
          - alias suffix - 0_
          - suffixed key columns - {courseid1_5_0_}

2020-03-14 21:57:00.699 [main] DEBUG o.h.loader.entity.plan.EntityLoader - Static select for entity com.ningmeng.framework.domain.course.CoursePic [UPGRADE]: select coursepic0_.courseid as courseid1_5_0_, coursepic0_.pic as pic2_5_0_ from course_pic coursepic0_ where coursepic0_.courseid=? for update
2020-03-14 21:57:00.700 [main] DEBUG o.h.l.p.b.i.spaces.QuerySpacesImpl - Adding QuerySpace : uid = <gen:0> -> org.hibernate.loader.plan.build.internal.spaces.EntityQuerySpaceImpl@5e681097]
2020-03-14 21:57:00.700 [main] DEBUG o.h.p.w.spi.MetamodelGraphWalker - Visiting attribute path : pic
2020-03-14 21:57:00.700 [main] DEBUG o.h.l.p.b.i.FetchStyleLoadPlanBuildingAssociationVisitationStrategy - Building LoadPlan...
2020-03-14 21:57:00.700 [main] DEBUG o.h.l.p.e.i.LoadQueryJoinAndFetchProcessor - processing queryspace <gen:0>
2020-03-14 21:57:00.701 [main] DEBUG o.h.l.p.b.spi.LoadPlanTreePrinter - LoadPlan(entity=com.ningmeng.framework.domain.course.CoursePic)
    - Returns
       - EntityReturnImpl(entity=com.ningmeng.framework.domain.course.CoursePic, querySpaceUid=<gen:0>, path=com.ningmeng.framework.domain.course.CoursePic)
    - QuerySpaces
       - EntityQuerySpaceImpl(uid=<gen:0>, entity=com.ningmeng.framework.domain.course.CoursePic)
          - SQL table alias mapping - coursepic0_
          - alias suffix - 0_
          - suffixed key columns - {courseid1_5_0_}

2020-03-14 21:57:00.701 [main] DEBUG o.h.loader.entity.plan.EntityLoader - Static select for entity com.ningmeng.framework.domain.course.CoursePic [UPGRADE_NOWAIT]: select coursepic0_.courseid as courseid1_5_0_, coursepic0_.pic as pic2_5_0_ from course_pic coursepic0_ where coursepic0_.courseid=? for update
2020-03-14 21:57:00.701 [main] DEBUG o.h.l.p.b.i.spaces.QuerySpacesImpl - Adding QuerySpace : uid = <gen:0> -> org.hibernate.loader.plan.build.internal.spaces.EntityQuerySpaceImpl@1d2c253]
2020-03-14 21:57:00.702 [main] DEBUG o.h.p.w.spi.MetamodelGraphWalker - Visiting attribute path : pic
2020-03-14 21:57:00.702 [main] DEBUG o.h.l.p.b.i.FetchStyleLoadPlanBuildingAssociationVisitationStrategy - Building LoadPlan...
2020-03-14 21:57:00.702 [main] DEBUG o.h.l.p.e.i.LoadQueryJoinAndFetchProcessor - processing queryspace <gen:0>
2020-03-14 21:57:00.703 [main] DEBUG o.h.l.p.b.spi.LoadPlanTreePrinter - LoadPlan(entity=com.ningmeng.framework.domain.course.CoursePic)
    - Returns
       - EntityReturnImpl(entity=com.ningmeng.framework.domain.course.CoursePic, querySpaceUid=<gen:0>, path=com.ningmeng.framework.domain.course.CoursePic)
    - QuerySpaces
       - EntityQuerySpaceImpl(uid=<gen:0>, entity=com.ningmeng.framework.domain.course.CoursePic)
          - SQL table alias mapping - coursepic0_
          - alias suffix - 0_
          - suffixed key columns - {courseid1_5_0_}

2020-03-14 21:57:00.703 [main] DEBUG o.h.loader.entity.plan.EntityLoader - Static select for entity com.ningmeng.framework.domain.course.CoursePic [UPGRADE_SKIPLOCKED]: select coursepic0_.courseid as courseid1_5_0_, coursepic0_.pic as pic2_5_0_ from course_pic coursepic0_ where coursepic0_.courseid=? for update
2020-03-14 21:57:00.704 [main] DEBUG o.h.l.p.b.i.spaces.QuerySpacesImpl - Adding QuerySpace : uid = <gen:0> -> org.hibernate.loader.plan.build.internal.spaces.EntityQuerySpaceImpl@b56c222]
2020-03-14 21:57:00.704 [main] DEBUG o.h.p.w.spi.MetamodelGraphWalker - Visiting attribute path : pic
2020-03-14 21:57:00.704 [main] DEBUG o.h.l.p.b.i.FetchStyleLoadPlanBuildingAssociationVisitationStrategy - Building LoadPlan...
2020-03-14 21:57:00.704 [main] DEBUG o.h.l.p.e.i.LoadQueryJoinAndFetchProcessor - processing queryspace <gen:0>
2020-03-14 21:57:00.705 [main] DEBUG o.h.l.p.b.spi.LoadPlanTreePrinter - LoadPlan(entity=com.ningmeng.framework.domain.course.CoursePic)
    - Returns
       - EntityReturnImpl(entity=com.ningmeng.framework.domain.course.CoursePic, querySpaceUid=<gen:0>, path=com.ningmeng.framework.domain.course.CoursePic)
    - QuerySpaces
       - EntityQuerySpaceImpl(uid=<gen:0>, entity=com.ningmeng.framework.domain.course.CoursePic)
          - SQL table alias mapping - coursepic0_
          - alias suffix - 0_
          - suffixed key columns - {courseid1_5_0_}

2020-03-14 21:57:00.705 [main] DEBUG o.h.loader.entity.plan.EntityLoader - Static select for entity com.ningmeng.framework.domain.course.CoursePic [FORCE]: select coursepic0_.courseid as courseid1_5_0_, coursepic0_.pic as pic2_5_0_ from course_pic coursepic0_ where coursepic0_.courseid=? for update
2020-03-14 21:57:00.705 [main] DEBUG o.h.l.p.b.i.spaces.QuerySpacesImpl - Adding QuerySpace : uid = <gen:0> -> org.hibernate.loader.plan.build.internal.spaces.EntityQuerySpaceImpl@4df7b4ac]
2020-03-14 21:57:00.705 [main] DEBUG o.h.p.w.spi.MetamodelGraphWalker - Visiting attribute path : pic
2020-03-14 21:57:00.706 [main] DEBUG o.h.l.p.b.i.FetchStyleLoadPlanBuildingAssociationVisitationStrategy - Building LoadPlan...
2020-03-14 21:57:00.706 [main] DEBUG o.h.l.p.e.i.LoadQueryJoinAndFetchProcessor - processing queryspace <gen:0>
2020-03-14 21:57:00.706 [main] DEBUG o.h.l.p.b.spi.LoadPlanTreePrinter - LoadPlan(entity=com.ningmeng.framework.domain.course.CoursePic)
    - Returns
       - EntityReturnImpl(entity=com.ningmeng.framework.domain.course.CoursePic, querySpaceUid=<gen:0>, path=com.ningmeng.framework.domain.course.CoursePic)
    - QuerySpaces
       - EntityQuerySpaceImpl(uid=<gen:0>, entity=com.ningmeng.framework.domain.course.CoursePic)
          - SQL table alias mapping - coursepic0_
          - alias suffix - 0_
          - suffixed key columns - {courseid1_5_0_}

2020-03-14 21:57:00.706 [main] DEBUG o.h.loader.entity.plan.EntityLoader - Static select for entity com.ningmeng.framework.domain.course.CoursePic [PESSIMISTIC_READ]: select coursepic0_.courseid as courseid1_5_0_, coursepic0_.pic as pic2_5_0_ from course_pic coursepic0_ where coursepic0_.courseid=? lock in share mode
2020-03-14 21:57:00.706 [main] DEBUG o.h.l.p.b.i.spaces.QuerySpacesImpl - Adding QuerySpace : uid = <gen:0> -> org.hibernate.loader.plan.build.internal.spaces.EntityQuerySpaceImpl@41bd6a0f]
2020-03-14 21:57:00.707 [main] DEBUG o.h.p.w.spi.MetamodelGraphWalker - Visiting attribute path : pic
2020-03-14 21:57:00.707 [main] DEBUG o.h.l.p.b.i.FetchStyleLoadPlanBuildingAssociationVisitationStrategy - Building LoadPlan...
2020-03-14 21:57:00.707 [main] DEBUG o.h.l.p.e.i.LoadQueryJoinAndFetchProcessor - processing queryspace <gen:0>
2020-03-14 21:57:00.707 [main] DEBUG o.h.l.p.b.spi.LoadPlanTreePrinter - LoadPlan(entity=com.ningmeng.framework.domain.course.CoursePic)
    - Returns
       - EntityReturnImpl(entity=com.ningmeng.framework.domain.course.CoursePic, querySpaceUid=<gen:0>, path=com.ningmeng.framework.domain.course.CoursePic)
    - QuerySpaces
       - EntityQuerySpaceImpl(uid=<gen:0>, entity=com.ningmeng.framework.domain.course.CoursePic)
          - SQL table alias mapping - coursepic0_
          - alias suffix - 0_
          - suffixed key columns - {courseid1_5_0_}

2020-03-14 21:57:00.707 [main] DEBUG o.h.loader.entity.plan.EntityLoader - Static select for entity com.ningmeng.framework.domain.course.CoursePic [PESSIMISTIC_WRITE]: select coursepic0_.courseid as courseid1_5_0_, coursepic0_.pic as pic2_5_0_ from course_pic coursepic0_ where coursepic0_.courseid=? for update
2020-03-14 21:57:00.707 [main] DEBUG o.h.l.p.b.i.spaces.QuerySpacesImpl - Adding QuerySpace : uid = <gen:0> -> org.hibernate.loader.plan.build.internal.spaces.EntityQuerySpaceImpl@6acb45c1]
2020-03-14 21:57:00.708 [main] DEBUG o.h.p.w.spi.MetamodelGraphWalker - Visiting attribute path : pic
2020-03-14 21:57:00.708 [main] DEBUG o.h.l.p.b.i.FetchStyleLoadPlanBuildingAssociationVisitationStrategy - Building LoadPlan...
2020-03-14 21:57:00.708 [main] DEBUG o.h.l.p.e.i.LoadQueryJoinAndFetchProcessor - processing queryspace <gen:0>
2020-03-14 21:57:00.708 [main] DEBUG o.h.l.p.b.spi.LoadPlanTreePrinter - LoadPlan(entity=com.ningmeng.framework.domain.course.CoursePic)
    - Returns
       - EntityReturnImpl(entity=com.ningmeng.framework.domain.course.CoursePic, querySpaceUid=<gen:0>, path=com.ningmeng.framework.domain.course.CoursePic)
    - QuerySpaces
       - EntityQuerySpaceImpl(uid=<gen:0>, entity=com.ningmeng.framework.domain.course.CoursePic)
          - SQL table alias mapping - coursepic0_
          - alias suffix - 0_
          - suffixed key columns - {courseid1_5_0_}

2020-03-14 21:57:00.708 [main] DEBUG o.h.loader.entity.plan.EntityLoader - Static select for entity com.ningmeng.framework.domain.course.CoursePic [PESSIMISTIC_FORCE_INCREMENT]: select coursepic0_.courseid as courseid1_5_0_, coursepic0_.pic as pic2_5_0_ from course_pic coursepic0_ where coursepic0_.courseid=? for update
2020-03-14 21:57:00.708 [main] DEBUG o.h.l.p.b.i.spaces.QuerySpacesImpl - Adding QuerySpace : uid = <gen:0> -> org.hibernate.loader.plan.build.internal.spaces.EntityQuerySpaceImpl@30bbe83]
2020-03-14 21:57:00.708 [main] DEBUG o.h.p.w.spi.MetamodelGraphWalker - Visiting attribute path : pic
2020-03-14 21:57:00.709 [main] DEBUG o.h.l.p.b.i.FetchStyleLoadPlanBuildingAssociationVisitationStrategy - Building LoadPlan...
2020-03-14 21:57:00.709 [main] DEBUG o.h.l.p.e.i.LoadQueryJoinAndFetchProcessor - processing queryspace <gen:0>
2020-03-14 21:57:00.709 [main] DEBUG o.h.l.p.b.spi.LoadPlanTreePrinter - LoadPlan(entity=com.ningmeng.framework.domain.course.CoursePic)
    - Returns
       - EntityReturnImpl(entity=com.ningmeng.framework.domain.course.CoursePic, querySpaceUid=<gen:0>, path=com.ningmeng.framework.domain.course.CoursePic)
    - QuerySpaces
       - EntityQuerySpaceImpl(uid=<gen:0>, entity=com.ningmeng.framework.domain.course.CoursePic)
          - SQL table alias mapping - coursepic0_
          - alias suffix - 0_
          - suffixed key columns - {courseid1_5_0_}

2020-03-14 21:57:00.709 [main] DEBUG o.h.loader.entity.plan.EntityLoader - Static select for entity com.ningmeng.framework.domain.course.CoursePic [OPTIMISTIC]: select coursepic0_.courseid as courseid1_5_0_, coursepic0_.pic as pic2_5_0_ from course_pic coursepic0_ where coursepic0_.courseid=?
2020-03-14 21:57:00.709 [main] DEBUG o.h.l.p.b.i.spaces.QuerySpacesImpl - Adding QuerySpace : uid = <gen:0> -> org.hibernate.loader.plan.build.internal.spaces.EntityQuerySpaceImpl@67e4928c]
2020-03-14 21:57:00.709 [main] DEBUG o.h.p.w.spi.MetamodelGraphWalker - Visiting attribute path : pic
2020-03-14 21:57:00.709 [main] DEBUG o.h.l.p.b.i.FetchStyleLoadPlanBuildingAssociationVisitationStrategy - Building LoadPlan...
2020-03-14 21:57:00.709 [main] DEBUG o.h.l.p.e.i.LoadQueryJoinAndFetchProcessor - processing queryspace <gen:0>
2020-03-14 21:57:00.710 [main] DEBUG o.h.l.p.b.spi.LoadPlanTreePrinter - LoadPlan(entity=com.ningmeng.framework.domain.course.CoursePic)
    - Returns
       - EntityReturnImpl(entity=com.ningmeng.framework.domain.course.CoursePic, querySpaceUid=<gen:0>, path=com.ningmeng.framework.domain.course.CoursePic)
    - QuerySpaces
       - EntityQuerySpaceImpl(uid=<gen:0>, entity=com.ningmeng.framework.domain.course.CoursePic)
          - SQL table alias mapping - coursepic0_
          - alias suffix - 0_
          - suffixed key columns - {courseid1_5_0_}

2020-03-14 21:57:00.710 [main] DEBUG o.h.loader.entity.plan.EntityLoader - Static select for entity com.ningmeng.framework.domain.course.CoursePic [OPTIMISTIC_FORCE_INCREMENT]: select coursepic0_.courseid as courseid1_5_0_, coursepic0_.pic as pic2_5_0_ from course_pic coursepic0_ where coursepic0_.courseid=?
2020-03-14 21:57:00.710 [main] DEBUG org.hibernate.loader.Loader - Static select for action ACTION_MERGE on entity com.ningmeng.framework.domain.course.CoursePic: select coursepic0_.courseid as courseid1_5_0_, coursepic0_.pic as pic2_5_0_ from course_pic coursepic0_ where coursepic0_.courseid=?
2020-03-14 21:57:00.710 [main] DEBUG org.hibernate.loader.Loader - Static select for action ACTION_REFRESH on entity com.ningmeng.framework.domain.course.CoursePic: select coursepic0_.courseid as courseid1_5_0_, coursepic0_.pic as pic2_5_0_ from course_pic coursepic0_ where coursepic0_.courseid=?
2020-03-14 21:57:00.710 [main] DEBUG o.h.p.entity.AbstractEntityPersister - Static SQL for entity: com.ningmeng.framework.domain.course.TeachplanMediaPub
2020-03-14 21:57:00.710 [main] DEBUG o.h.p.entity.AbstractEntityPersister -  Version select: select teachplan_id from teachplan_media_pub where teachplan_id =?
2020-03-14 21:57:00.710 [main] DEBUG o.h.p.entity.AbstractEntityPersister -  Snapshot select: select teachplanm_.teachplan_id, teachplanm_.courseid as courseid2_10_, teachplanm_.media_fileoriginalname as media_fi3_10_, teachplanm_.media_id as media_id4_10_, teachplanm_.media_url as media_ur5_10_, teachplanm_.timestamp as timestam6_10_ from teachplan_media_pub teachplanm_ where teachplanm_.teachplan_id=?
2020-03-14 21:57:00.710 [main] DEBUG o.h.p.entity.AbstractEntityPersister -  Insert 0: insert into teachplan_media_pub (courseid, media_fileoriginalname, media_id, media_url, timestamp, teachplan_id) values (?, ?, ?, ?, ?, ?)
2020-03-14 21:57:00.711 [main] DEBUG o.h.p.entity.AbstractEntityPersister -  Update 0: update teachplan_media_pub set courseid=?, media_fileoriginalname=?, media_id=?, media_url=?, timestamp=? where teachplan_id=?
2020-03-14 21:57:00.711 [main] DEBUG o.h.p.entity.AbstractEntityPersister -  Delete 0: delete from teachplan_media_pub where teachplan_id=?
2020-03-14 21:57:00.711 [main] DEBUG o.h.l.p.b.i.spaces.QuerySpacesImpl - Adding QuerySpace : uid = <gen:0> -> org.hibernate.loader.plan.build.internal.spaces.EntityQuerySpaceImpl@72e75786]
2020-03-14 21:57:00.711 [main] DEBUG o.h.p.w.spi.MetamodelGraphWalker - Visiting attribute path : courseId
2020-03-14 21:57:00.711 [main] DEBUG o.h.p.w.spi.MetamodelGraphWalker - Visiting attribute path : mediaFileOriginalName
2020-03-14 21:57:00.711 [main] DEBUG o.h.p.w.spi.MetamodelGraphWalker - Visiting attribute path : mediaId
2020-03-14 21:57:00.711 [main] DEBUG o.h.p.w.spi.MetamodelGraphWalker - Visiting attribute path : mediaUrl
2020-03-14 21:57:00.711 [main] DEBUG o.h.p.w.spi.MetamodelGraphWalker - Visiting attribute path : timestamp
2020-03-14 21:57:00.711 [main] DEBUG o.h.l.p.b.i.FetchStyleLoadPlanBuildingAssociationVisitationStrategy - Building LoadPlan...
2020-03-14 21:57:00.712 [main] DEBUG o.h.l.p.e.i.LoadQueryJoinAndFetchProcessor - processing queryspace <gen:0>
2020-03-14 21:57:00.712 [main] DEBUG o.h.l.p.b.spi.LoadPlanTreePrinter - LoadPlan(entity=com.ningmeng.framework.domain.course.TeachplanMediaPub)
    - Returns
       - EntityReturnImpl(entity=com.ningmeng.framework.domain.course.TeachplanMediaPub, querySpaceUid=<gen:0>, path=com.ningmeng.framework.domain.course.TeachplanMediaPub)
    - QuerySpaces
       - EntityQuerySpaceImpl(uid=<gen:0>, entity=com.ningmeng.framework.domain.course.TeachplanMediaPub)
          - SQL table alias mapping - teachplanm0_
          - alias suffix - 0_
          - suffixed key columns - {teachpla1_10_0_}

2020-03-14 21:57:00.712 [main] DEBUG o.h.loader.entity.plan.EntityLoader - Static select for entity com.ningmeng.framework.domain.course.TeachplanMediaPub [NONE]: select teachplanm0_.teachplan_id as teachpla1_10_0_, teachplanm0_.courseid as courseid2_10_0_, teachplanm0_.media_fileoriginalname as media_fi3_10_0_, teachplanm0_.media_id as media_id4_10_0_, teachplanm0_.media_url as media_ur5_10_0_, teachplanm0_.timestamp as timestam6_10_0_ from teachplan_media_pub teachplanm0_ where teachplanm0_.teachplan_id=?
2020-03-14 21:57:00.712 [main] DEBUG o.h.l.p.b.i.spaces.QuerySpacesImpl - Adding QuerySpace : uid = <gen:0> -> org.hibernate.loader.plan.build.internal.spaces.EntityQuerySpaceImpl@6fbc7853]
2020-03-14 21:57:00.712 [main] DEBUG o.h.p.w.spi.MetamodelGraphWalker - Visiting attribute path : courseId
2020-03-14 21:57:00.712 [main] DEBUG o.h.p.w.spi.MetamodelGraphWalker - Visiting attribute path : mediaFileOriginalName
2020-03-14 21:57:00.712 [main] DEBUG o.h.p.w.spi.MetamodelGraphWalker - Visiting attribute path : mediaId
2020-03-14 21:57:00.712 [main] DEBUG o.h.p.w.spi.MetamodelGraphWalker - Visiting attribute path : mediaUrl
2020-03-14 21:57:00.712 [main] DEBUG o.h.p.w.spi.MetamodelGraphWalker - Visiting attribute path : timestamp
2020-03-14 21:57:00.712 [main] DEBUG o.h.l.p.b.i.FetchStyleLoadPlanBuildingAssociationVisitationStrategy - Building LoadPlan...
2020-03-14 21:57:00.713 [main] DEBUG o.h.l.p.e.i.LoadQueryJoinAndFetchProcessor - processing queryspace <gen:0>
2020-03-14 21:57:00.713 [main] DEBUG o.h.l.p.b.spi.LoadPlanTreePrinter - LoadPlan(entity=com.ningmeng.framework.domain.course.TeachplanMediaPub)
    - Returns
       - EntityReturnImpl(entity=com.ningmeng.framework.domain.course.TeachplanMediaPub, querySpaceUid=<gen:0>, path=com.ningmeng.framework.domain.course.TeachplanMediaPub)
    - QuerySpaces
       - EntityQuerySpaceImpl(uid=<gen:0>, entity=com.ningmeng.framework.domain.course.TeachplanMediaPub)
          - SQL table alias mapping - teachplanm0_
          - alias suffix - 0_
          - suffixed key columns - {teachpla1_10_0_}

2020-03-14 21:57:00.713 [main] DEBUG o.h.loader.entity.plan.EntityLoader - Static select for entity com.ningmeng.framework.domain.course.TeachplanMediaPub [READ]: select teachplanm0_.teachplan_id as teachpla1_10_0_, teachplanm0_.courseid as courseid2_10_0_, teachplanm0_.media_fileoriginalname as media_fi3_10_0_, teachplanm0_.media_id as media_id4_10_0_, teachplanm0_.media_url as media_ur5_10_0_, teachplanm0_.timestamp as timestam6_10_0_ from teachplan_media_pub teachplanm0_ where teachplanm0_.teachplan_id=?
2020-03-14 21:57:00.713 [main] DEBUG o.h.l.p.b.i.spaces.QuerySpacesImpl - Adding QuerySpace : uid = <gen:0> -> org.hibernate.loader.plan.build.internal.spaces.EntityQuerySpaceImpl@3b2c8bda]
2020-03-14 21:57:00.714 [main] DEBUG o.h.p.w.spi.MetamodelGraphWalker - Visiting attribute path : courseId
2020-03-14 21:57:00.714 [main] DEBUG o.h.p.w.spi.MetamodelGraphWalker - Visiting attribute path : mediaFileOriginalName
2020-03-14 21:57:00.714 [main] DEBUG o.h.p.w.spi.MetamodelGraphWalker - Visiting attribute path : mediaId
2020-03-14 21:57:00.714 [main] DEBUG o.h.p.w.spi.MetamodelGraphWalker - Visiting attribute path : mediaUrl
2020-03-14 21:57:00.714 [main] DEBUG o.h.p.w.spi.MetamodelGraphWalker - Visiting attribute path : timestamp
2020-03-14 21:57:00.714 [main] DEBUG o.h.l.p.b.i.FetchStyleLoadPlanBuildingAssociationVisitationStrategy - Building LoadPlan...
2020-03-14 21:57:00.714 [main] DEBUG o.h.l.p.e.i.LoadQueryJoinAndFetchProcessor - processing queryspace <gen:0>
2020-03-14 21:57:00.714 [main] DEBUG o.h.l.p.b.spi.LoadPlanTreePrinter - LoadPlan(entity=com.ningmeng.framework.domain.course.TeachplanMediaPub)
    - Returns
       - EntityReturnImpl(entity=com.ningmeng.framework.domain.course.TeachplanMediaPub, querySpaceUid=<gen:0>, path=com.ningmeng.framework.domain.course.TeachplanMediaPub)
    - QuerySpaces
       - EntityQuerySpaceImpl(uid=<gen:0>, entity=com.ningmeng.framework.domain.course.TeachplanMediaPub)
          - SQL table alias mapping - teachplanm0_
          - alias suffix - 0_
          - suffixed key columns - {teachpla1_10_0_}

2020-03-14 21:57:00.715 [main] DEBUG o.h.loader.entity.plan.EntityLoader - Static select for entity com.ningmeng.framework.domain.course.TeachplanMediaPub [UPGRADE]: select teachplanm0_.teachplan_id as teachpla1_10_0_, teachplanm0_.courseid as courseid2_10_0_, teachplanm0_.media_fileoriginalname as media_fi3_10_0_, teachplanm0_.media_id as media_id4_10_0_, teachplanm0_.media_url as media_ur5_10_0_, teachplanm0_.timestamp as timestam6_10_0_ from teachplan_media_pub teachplanm0_ where teachplanm0_.teachplan_id=? for update
2020-03-14 21:57:00.715 [main] DEBUG o.h.l.p.b.i.spaces.QuerySpacesImpl - Adding QuerySpace : uid = <gen:0> -> org.hibernate.loader.plan.build.internal.spaces.EntityQuerySpaceImpl@647ff23e]
2020-03-14 21:57:00.715 [main] DEBUG o.h.p.w.spi.MetamodelGraphWalker - Visiting attribute path : courseId
2020-03-14 21:57:00.715 [main] DEBUG o.h.p.w.spi.MetamodelGraphWalker - Visiting attribute path : mediaFileOriginalName
2020-03-14 21:57:00.716 [main] DEBUG o.h.p.w.spi.MetamodelGraphWalker - Visiting attribute path : mediaId
2020-03-14 21:57:00.716 [main] DEBUG o.h.p.w.spi.MetamodelGraphWalker - Visiting attribute path : mediaUrl
2020-03-14 21:57:00.716 [main] DEBUG o.h.p.w.spi.MetamodelGraphWalker - Visiting attribute path : timestamp
2020-03-14 21:57:00.716 [main] DEBUG o.h.l.p.b.i.FetchStyleLoadPlanBuildingAssociationVisitationStrategy - Building LoadPlan...
2020-03-14 21:57:00.716 [main] DEBUG o.h.l.p.e.i.LoadQueryJoinAndFetchProcessor - processing queryspace <gen:0>
2020-03-14 21:57:00.716 [main] DEBUG o.h.l.p.b.spi.LoadPlanTreePrinter - LoadPlan(entity=com.ningmeng.framework.domain.course.TeachplanMediaPub)
    - Returns
       - EntityReturnImpl(entity=com.ningmeng.framework.domain.course.TeachplanMediaPub, querySpaceUid=<gen:0>, path=com.ningmeng.framework.domain.course.TeachplanMediaPub)
    - QuerySpaces
       - EntityQuerySpaceImpl(uid=<gen:0>, entity=com.ningmeng.framework.domain.course.TeachplanMediaPub)
          - SQL table alias mapping - teachplanm0_
          - alias suffix - 0_
          - suffixed key columns - {teachpla1_10_0_}

2020-03-14 21:57:00.717 [main] DEBUG o.h.loader.entity.plan.EntityLoader - Static select for entity com.ningmeng.framework.domain.course.TeachplanMediaPub [UPGRADE_NOWAIT]: select teachplanm0_.teachplan_id as teachpla1_10_0_, teachplanm0_.courseid as courseid2_10_0_, teachplanm0_.media_fileoriginalname as media_fi3_10_0_, teachplanm0_.media_id as media_id4_10_0_, teachplanm0_.media_url as media_ur5_10_0_, teachplanm0_.timestamp as timestam6_10_0_ from teachplan_media_pub teachplanm0_ where teachplanm0_.teachplan_id=? for update
2020-03-14 21:57:00.717 [main] DEBUG o.h.l.p.b.i.spaces.QuerySpacesImpl - Adding QuerySpace : uid = <gen:0> -> org.hibernate.loader.plan.build.internal.spaces.EntityQuerySpaceImpl@35a9e665]
2020-03-14 21:57:00.717 [main] DEBUG o.h.p.w.spi.MetamodelGraphWalker - Visiting attribute path : courseId
2020-03-14 21:57:00.718 [main] DEBUG o.h.p.w.spi.MetamodelGraphWalker - Visiting attribute path : mediaFileOriginalName
2020-03-14 21:57:00.718 [main] DEBUG o.h.p.w.spi.MetamodelGraphWalker - Visiting attribute path : mediaId
2020-03-14 21:57:00.718 [main] DEBUG o.h.p.w.spi.MetamodelGraphWalker - Visiting attribute path : mediaUrl
2020-03-14 21:57:00.718 [main] DEBUG o.h.p.w.spi.MetamodelGraphWalker - Visiting attribute path : timestamp
2020-03-14 21:57:00.719 [main] DEBUG o.h.l.p.b.i.FetchStyleLoadPlanBuildingAssociationVisitationStrategy - Building LoadPlan...
2020-03-14 21:57:00.721 [main] DEBUG o.h.l.p.e.i.LoadQueryJoinAndFetchProcessor - processing queryspace <gen:0>
2020-03-14 21:57:00.721 [main] DEBUG o.h.l.p.b.spi.LoadPlanTreePrinter - LoadPlan(entity=com.ningmeng.framework.domain.course.TeachplanMediaPub)
    - Returns
       - EntityReturnImpl(entity=com.ningmeng.framework.domain.course.TeachplanMediaPub, querySpaceUid=<gen:0>, path=com.ningmeng.framework.domain.course.TeachplanMediaPub)
    - QuerySpaces
       - EntityQuerySpaceImpl(uid=<gen:0>, entity=com.ningmeng.framework.domain.course.TeachplanMediaPub)
          - SQL table alias mapping - teachplanm0_
          - alias suffix - 0_
          - suffixed key columns - {teachpla1_10_0_}

2020-03-14 21:57:00.721 [main] DEBUG o.h.loader.entity.plan.EntityLoader - Static select for entity com.ningmeng.framework.domain.course.TeachplanMediaPub [UPGRADE_SKIPLOCKED]: select teachplanm0_.teachplan_id as teachpla1_10_0_, teachplanm0_.courseid as courseid2_10_0_, teachplanm0_.media_fileoriginalname as media_fi3_10_0_, teachplanm0_.media_id as media_id4_10_0_, teachplanm0_.media_url as media_ur5_10_0_, teachplanm0_.timestamp as timestam6_10_0_ from teachplan_media_pub teachplanm0_ where teachplanm0_.teachplan_id=? for update
2020-03-14 21:57:00.721 [main] DEBUG o.h.l.p.b.i.spaces.QuerySpacesImpl - Adding QuerySpace : uid = <gen:0> -> org.hibernate.loader.plan.build.internal.spaces.EntityQuerySpaceImpl@2dde0a34]
2020-03-14 21:57:00.721 [main] DEBUG o.h.p.w.spi.MetamodelGraphWalker - Visiting attribute path : courseId
2020-03-14 21:57:00.722 [main] DEBUG o.h.p.w.spi.MetamodelGraphWalker - Visiting attribute path : mediaFileOriginalName
2020-03-14 21:57:00.722 [main] DEBUG o.h.p.w.spi.MetamodelGraphWalker - Visiting attribute path : mediaId
2020-03-14 21:57:00.722 [main] DEBUG o.h.p.w.spi.MetamodelGraphWalker - Visiting attribute path : mediaUrl
2020-03-14 21:57:00.722 [main] DEBUG o.h.p.w.spi.MetamodelGraphWalker - Visiting attribute path : timestamp
2020-03-14 21:57:00.722 [main] DEBUG o.h.l.p.b.i.FetchStyleLoadPlanBuildingAssociationVisitationStrategy - Building LoadPlan...
2020-03-14 21:57:00.722 [main] DEBUG o.h.l.p.e.i.LoadQueryJoinAndFetchProcessor - processing queryspace <gen:0>
2020-03-14 21:57:00.722 [main] DEBUG o.h.l.p.b.spi.LoadPlanTreePrinter - LoadPlan(entity=com.ningmeng.framework.domain.course.TeachplanMediaPub)
    - Returns
       - EntityReturnImpl(entity=com.ningmeng.framework.domain.course.TeachplanMediaPub, querySpaceUid=<gen:0>, path=com.ningmeng.framework.domain.course.TeachplanMediaPub)
    - QuerySpaces
       - EntityQuerySpaceImpl(uid=<gen:0>, entity=com.ningmeng.framework.domain.course.TeachplanMediaPub)
          - SQL table alias mapping - teachplanm0_
          - alias suffix - 0_
          - suffixed key columns - {teachpla1_10_0_}

2020-03-14 21:57:00.722 [main] DEBUG o.h.loader.entity.plan.EntityLoader - Static select for entity com.ningmeng.framework.domain.course.TeachplanMediaPub [FORCE]: select teachplanm0_.teachplan_id as teachpla1_10_0_, teachplanm0_.courseid as courseid2_10_0_, teachplanm0_.media_fileoriginalname as media_fi3_10_0_, teachplanm0_.media_id as media_id4_10_0_, teachplanm0_.media_url as media_ur5_10_0_, teachplanm0_.timestamp as timestam6_10_0_ from teachplan_media_pub teachplanm0_ where teachplanm0_.teachplan_id=? for update
2020-03-14 21:57:00.722 [main] DEBUG o.h.l.p.b.i.spaces.QuerySpacesImpl - Adding QuerySpace : uid = <gen:0> -> org.hibernate.loader.plan.build.internal.spaces.EntityQuerySpaceImpl@1b632442]
2020-03-14 21:57:00.722 [main] DEBUG o.h.p.w.spi.MetamodelGraphWalker - Visiting attribute path : courseId
2020-03-14 21:57:00.722 [main] DEBUG o.h.p.w.spi.MetamodelGraphWalker - Visiting attribute path : mediaFileOriginalName
2020-03-14 21:57:00.722 [main] DEBUG o.h.p.w.spi.MetamodelGraphWalker - Visiting attribute path : mediaId
2020-03-14 21:57:00.722 [main] DEBUG o.h.p.w.spi.MetamodelGraphWalker - Visiting attribute path : mediaUrl
2020-03-14 21:57:00.723 [main] DEBUG o.h.p.w.spi.MetamodelGraphWalker - Visiting attribute path : timestamp
2020-03-14 21:57:00.723 [main] DEBUG o.h.l.p.b.i.FetchStyleLoadPlanBuildingAssociationVisitationStrategy - Building LoadPlan...
2020-03-14 21:57:00.723 [main] DEBUG o.h.l.p.e.i.LoadQueryJoinAndFetchProcessor - processing queryspace <gen:0>
2020-03-14 21:57:00.723 [main] DEBUG o.h.l.p.b.spi.LoadPlanTreePrinter - LoadPlan(entity=com.ningmeng.framework.domain.course.TeachplanMediaPub)
    - Returns
       - EntityReturnImpl(entity=com.ningmeng.framework.domain.course.TeachplanMediaPub, querySpaceUid=<gen:0>, path=com.ningmeng.framework.domain.course.TeachplanMediaPub)
    - QuerySpaces
       - EntityQuerySpaceImpl(uid=<gen:0>, entity=com.ningmeng.framework.domain.course.TeachplanMediaPub)
          - SQL table alias mapping - teachplanm0_
          - alias suffix - 0_
          - suffixed key columns - {teachpla1_10_0_}

2020-03-14 21:57:00.723 [main] DEBUG o.h.loader.entity.plan.EntityLoader - Static select for entity com.ningmeng.framework.domain.course.TeachplanMediaPub [PESSIMISTIC_READ]: select teachplanm0_.teachplan_id as teachpla1_10_0_, teachplanm0_.courseid as courseid2_10_0_, teachplanm0_.media_fileoriginalname as media_fi3_10_0_, teachplanm0_.media_id as media_id4_10_0_, teachplanm0_.media_url as media_ur5_10_0_, teachplanm0_.timestamp as timestam6_10_0_ from teachplan_media_pub teachplanm0_ where teachplanm0_.teachplan_id=? lock in share mode
2020-03-14 21:57:00.723 [main] DEBUG o.h.l.p.b.i.spaces.QuerySpacesImpl - Adding QuerySpace : uid = <gen:0> -> org.hibernate.loader.plan.build.internal.spaces.EntityQuerySpaceImpl@2f75a9b1]
2020-03-14 21:57:00.723 [main] DEBUG o.h.p.w.spi.MetamodelGraphWalker - Visiting attribute path : courseId
2020-03-14 21:57:00.723 [main] DEBUG o.h.p.w.spi.MetamodelGraphWalker - Visiting attribute path : mediaFileOriginalName
2020-03-14 21:57:00.723 [main] DEBUG o.h.p.w.spi.MetamodelGraphWalker - Visiting attribute path : mediaId
2020-03-14 21:57:00.723 [main] DEBUG o.h.p.w.spi.MetamodelGraphWalker - Visiting attribute path : mediaUrl
2020-03-14 21:57:00.723 [main] DEBUG o.h.p.w.spi.MetamodelGraphWalker - Visiting attribute path : timestamp
2020-03-14 21:57:00.723 [main] DEBUG o.h.l.p.b.i.FetchStyleLoadPlanBuildingAssociationVisitationStrategy - Building LoadPlan...
2020-03-14 21:57:00.724 [main] DEBUG o.h.l.p.e.i.LoadQueryJoinAndFetchProcessor - processing queryspace <gen:0>
2020-03-14 21:57:00.724 [main] DEBUG o.h.l.p.b.spi.LoadPlanTreePrinter - LoadPlan(entity=com.ningmeng.framework.domain.course.TeachplanMediaPub)
    - Returns
       - EntityReturnImpl(entity=com.ningmeng.framework.domain.course.TeachplanMediaPub, querySpaceUid=<gen:0>, path=com.ningmeng.framework.domain.course.TeachplanMediaPub)
    - QuerySpaces
       - EntityQuerySpaceImpl(uid=<gen:0>, entity=com.ningmeng.framework.domain.course.TeachplanMediaPub)
          - SQL table alias mapping - teachplanm0_
          - alias suffix - 0_
          - suffixed key columns - {teachpla1_10_0_}

2020-03-14 21:57:00.724 [main] DEBUG o.h.loader.entity.plan.EntityLoader - Static select for entity com.ningmeng.framework.domain.course.TeachplanMediaPub [PESSIMISTIC_WRITE]: select teachplanm0_.teachplan_id as teachpla1_10_0_, teachplanm0_.courseid as courseid2_10_0_, teachplanm0_.media_fileoriginalname as media_fi3_10_0_, teachplanm0_.media_id as media_id4_10_0_, teachplanm0_.media_url as media_ur5_10_0_, teachplanm0_.timestamp as timestam6_10_0_ from teachplan_media_pub teachplanm0_ where teachplanm0_.teachplan_id=? for update
2020-03-14 21:57:00.724 [main] DEBUG o.h.l.p.b.i.spaces.QuerySpacesImpl - Adding QuerySpace : uid = <gen:0> -> org.hibernate.loader.plan.build.internal.spaces.EntityQuerySpaceImpl@57a982f9]
2020-03-14 21:57:00.724 [main] DEBUG o.h.p.w.spi.MetamodelGraphWalker - Visiting attribute path : courseId
2020-03-14 21:57:00.724 [main] DEBUG o.h.p.w.spi.MetamodelGraphWalker - Visiting attribute path : mediaFileOriginalName
2020-03-14 21:57:00.724 [main] DEBUG o.h.p.w.spi.MetamodelGraphWalker - Visiting attribute path : mediaId
2020-03-14 21:57:00.724 [main] DEBUG o.h.p.w.spi.MetamodelGraphWalker - Visiting attribute path : mediaUrl
2020-03-14 21:57:00.724 [main] DEBUG o.h.p.w.spi.MetamodelGraphWalker - Visiting attribute path : timestamp
2020-03-14 21:57:00.724 [main] DEBUG o.h.l.p.b.i.FetchStyleLoadPlanBuildingAssociationVisitationStrategy - Building LoadPlan...
2020-03-14 21:57:00.724 [main] DEBUG o.h.l.p.e.i.LoadQueryJoinAndFetchProcessor - processing queryspace <gen:0>
2020-03-14 21:57:00.725 [main] DEBUG o.h.l.p.b.spi.LoadPlanTreePrinter - LoadPlan(entity=com.ningmeng.framework.domain.course.TeachplanMediaPub)
    - Returns
       - EntityReturnImpl(entity=com.ningmeng.framework.domain.course.TeachplanMediaPub, querySpaceUid=<gen:0>, path=com.ningmeng.framework.domain.course.TeachplanMediaPub)
    - QuerySpaces
       - EntityQuerySpaceImpl(uid=<gen:0>, entity=com.ningmeng.framework.domain.course.TeachplanMediaPub)
          - SQL table alias mapping - teachplanm0_
          - alias suffix - 0_
          - suffixed key columns - {teachpla1_10_0_}

2020-03-14 21:57:00.725 [main] DEBUG o.h.loader.entity.plan.EntityLoader - Static select for entity com.ningmeng.framework.domain.course.TeachplanMediaPub [PESSIMISTIC_FORCE_INCREMENT]: select teachplanm0_.teachplan_id as teachpla1_10_0_, teachplanm0_.courseid as courseid2_10_0_, teachplanm0_.media_fileoriginalname as media_fi3_10_0_, teachplanm0_.media_id as media_id4_10_0_, teachplanm0_.media_url as media_ur5_10_0_, teachplanm0_.timestamp as timestam6_10_0_ from teachplan_media_pub teachplanm0_ where teachplanm0_.teachplan_id=? for update
2020-03-14 21:57:00.725 [main] DEBUG o.h.l.p.b.i.spaces.QuerySpacesImpl - Adding QuerySpace : uid = <gen:0> -> org.hibernate.loader.plan.build.internal.spaces.EntityQuerySpaceImpl@1b69fc07]
2020-03-14 21:57:00.725 [main] DEBUG o.h.p.w.spi.MetamodelGraphWalker - Visiting attribute path : courseId
2020-03-14 21:57:00.725 [main] DEBUG o.h.p.w.spi.MetamodelGraphWalker - Visiting attribute path : mediaFileOriginalName
2020-03-14 21:57:00.725 [main] DEBUG o.h.p.w.spi.MetamodelGraphWalker - Visiting attribute path : mediaId
2020-03-14 21:57:00.725 [main] DEBUG o.h.p.w.spi.MetamodelGraphWalker - Visiting attribute path : mediaUrl
2020-03-14 21:57:00.725 [main] DEBUG o.h.p.w.spi.MetamodelGraphWalker - Visiting attribute path : timestamp
2020-03-14 21:57:00.725 [main] DEBUG o.h.l.p.b.i.FetchStyleLoadPlanBuildingAssociationVisitationStrategy - Building LoadPlan...
2020-03-14 21:57:00.725 [main] DEBUG o.h.l.p.e.i.LoadQueryJoinAndFetchProcessor - processing queryspace <gen:0>
2020-03-14 21:57:00.726 [main] DEBUG o.h.l.p.b.spi.LoadPlanTreePrinter - LoadPlan(entity=com.ningmeng.framework.domain.course.TeachplanMediaPub)
    - Returns
       - EntityReturnImpl(entity=com.ningmeng.framework.domain.course.TeachplanMediaPub, querySpaceUid=<gen:0>, path=com.ningmeng.framework.domain.course.TeachplanMediaPub)
    - QuerySpaces
       - EntityQuerySpaceImpl(uid=<gen:0>, entity=com.ningmeng.framework.domain.course.TeachplanMediaPub)
          - SQL table alias mapping - teachplanm0_
          - alias suffix - 0_
          - suffixed key columns - {teachpla1_10_0_}

2020-03-14 21:57:00.726 [main] DEBUG o.h.loader.entity.plan.EntityLoader - Static select for entity com.ningmeng.framework.domain.course.TeachplanMediaPub [OPTIMISTIC]: select teachplanm0_.teachplan_id as teachpla1_10_0_, teachplanm0_.courseid as courseid2_10_0_, teachplanm0_.media_fileoriginalname as media_fi3_10_0_, teachplanm0_.media_id as media_id4_10_0_, teachplanm0_.media_url as media_ur5_10_0_, teachplanm0_.timestamp as timestam6_10_0_ from teachplan_media_pub teachplanm0_ where teachplanm0_.teachplan_id=?
2020-03-14 21:57:00.726 [main] DEBUG o.h.l.p.b.i.spaces.QuerySpacesImpl - Adding QuerySpace : uid = <gen:0> -> org.hibernate.loader.plan.build.internal.spaces.EntityQuerySpaceImpl@24de63b]
2020-03-14 21:57:00.726 [main] DEBUG o.h.p.w.spi.MetamodelGraphWalker - Visiting attribute path : courseId
2020-03-14 21:57:00.726 [main] DEBUG o.h.p.w.spi.MetamodelGraphWalker - Visiting attribute path : mediaFileOriginalName
2020-03-14 21:57:00.726 [main] DEBUG o.h.p.w.spi.MetamodelGraphWalker - Visiting attribute path : mediaId
2020-03-14 21:57:00.726 [main] DEBUG o.h.p.w.spi.MetamodelGraphWalker - Visiting attribute path : mediaUrl
2020-03-14 21:57:00.726 [main] DEBUG o.h.p.w.spi.MetamodelGraphWalker - Visiting attribute path : timestamp
2020-03-14 21:57:00.726 [main] DEBUG o.h.l.p.b.i.FetchStyleLoadPlanBuildingAssociationVisitationStrategy - Building LoadPlan...
2020-03-14 21:57:00.726 [main] DEBUG o.h.l.p.e.i.LoadQueryJoinAndFetchProcessor - processing queryspace <gen:0>
2020-03-14 21:57:00.726 [main] DEBUG o.h.l.p.b.spi.LoadPlanTreePrinter - LoadPlan(entity=com.ningmeng.framework.domain.course.TeachplanMediaPub)
    - Returns
       - EntityReturnImpl(entity=com.ningmeng.framework.domain.course.TeachplanMediaPub, querySpaceUid=<gen:0>, path=com.ningmeng.framework.domain.course.TeachplanMediaPub)
    - QuerySpaces
       - EntityQuerySpaceImpl(uid=<gen:0>, entity=com.ningmeng.framework.domain.course.TeachplanMediaPub)
          - SQL table alias mapping - teachplanm0_
          - alias suffix - 0_
          - suffixed key columns - {teachpla1_10_0_}

2020-03-14 21:57:00.726 [main] DEBUG o.h.loader.entity.plan.EntityLoader - Static select for entity com.ningmeng.framework.domain.course.TeachplanMediaPub [OPTIMISTIC_FORCE_INCREMENT]: select teachplanm0_.teachplan_id as teachpla1_10_0_, teachplanm0_.courseid as courseid2_10_0_, teachplanm0_.media_fileoriginalname as media_fi3_10_0_, teachplanm0_.media_id as media_id4_10_0_, teachplanm0_.media_url as media_ur5_10_0_, teachplanm0_.timestamp as timestam6_10_0_ from teachplan_media_pub teachplanm0_ where teachplanm0_.teachplan_id=?
2020-03-14 21:57:00.727 [main] DEBUG org.hibernate.loader.Loader - Static select for action ACTION_MERGE on entity com.ningmeng.framework.domain.course.TeachplanMediaPub: select teachplanm0_.teachplan_id as teachpla1_10_0_, teachplanm0_.courseid as courseid2_10_0_, teachplanm0_.media_fileoriginalname as media_fi3_10_0_, teachplanm0_.media_id as media_id4_10_0_, teachplanm0_.media_url as media_ur5_10_0_, teachplanm0_.timestamp as timestam6_10_0_ from teachplan_media_pub teachplanm0_ where teachplanm0_.teachplan_id=?
2020-03-14 21:57:00.727 [main] DEBUG org.hibernate.loader.Loader - Static select for action ACTION_REFRESH on entity com.ningmeng.framework.domain.course.TeachplanMediaPub: select teachplanm0_.teachplan_id as teachpla1_10_0_, teachplanm0_.courseid as courseid2_10_0_, teachplanm0_.media_fileoriginalname as media_fi3_10_0_, teachplanm0_.media_id as media_id4_10_0_, teachplanm0_.media_url as media_ur5_10_0_, teachplanm0_.timestamp as timestam6_10_0_ from teachplan_media_pub teachplanm0_ where teachplanm0_.teachplan_id=?
2020-03-14 21:57:00.728 [main] DEBUG o.h.p.entity.AbstractEntityPersister - Static SQL for entity: com.ningmeng.framework.domain.course.CourseMarket
2020-03-14 21:57:00.728 [main] DEBUG o.h.p.entity.AbstractEntityPersister -  Version select: select id from course_market where id =?
2020-03-14 21:57:00.728 [main] DEBUG o.h.p.entity.AbstractEntityPersister -  Snapshot select: select coursemark_.id, coursemark_.charge as charge2_3_, coursemark_.end_time as end_time3_3_, coursemark_.price as price4_3_, coursemark_.price_old as price_ol5_3_, coursemark_.qq as qq6_3_, coursemark_.start_time as start_ti7_3_, coursemark_.valid as valid8_3_ from course_market coursemark_ where coursemark_.id=?
2020-03-14 21:57:00.728 [main] DEBUG o.h.p.entity.AbstractEntityPersister -  Insert 0: insert into course_market (charge, end_time, price, price_old, qq, start_time, valid, id) values (?, ?, ?, ?, ?, ?, ?, ?)
2020-03-14 21:57:00.728 [main] DEBUG o.h.p.entity.AbstractEntityPersister -  Update 0: update course_market set charge=?, end_time=?, price=?, price_old=?, qq=?, start_time=?, valid=? where id=?
2020-03-14 21:57:00.728 [main] DEBUG o.h.p.entity.AbstractEntityPersister -  Delete 0: delete from course_market where id=?
2020-03-14 21:57:00.728 [main] DEBUG o.h.l.p.b.i.spaces.QuerySpacesImpl - Adding QuerySpace : uid = <gen:0> -> org.hibernate.loader.plan.build.internal.spaces.EntityQuerySpaceImpl@50f05307]
2020-03-14 21:57:00.728 [main] DEBUG o.h.p.w.spi.MetamodelGraphWalker - Visiting attribute path : charge
2020-03-14 21:57:00.728 [main] DEBUG o.h.p.w.spi.MetamodelGraphWalker - Visiting attribute path : endTime
2020-03-14 21:57:00.728 [main] DEBUG o.h.p.w.spi.MetamodelGraphWalker - Visiting attribute path : price
2020-03-14 21:57:00.728 [main] DEBUG o.h.p.w.spi.MetamodelGraphWalker - Visiting attribute path : price_old
2020-03-14 21:57:00.728 [main] DEBUG o.h.p.w.spi.MetamodelGraphWalker - Visiting attribute path : qq
2020-03-14 21:57:00.728 [main] DEBUG o.h.p.w.spi.MetamodelGraphWalker - Visiting attribute path : startTime
2020-03-14 21:57:00.728 [main] DEBUG o.h.p.w.spi.MetamodelGraphWalker - Visiting attribute path : valid
2020-03-14 21:57:00.728 [main] DEBUG o.h.l.p.b.i.FetchStyleLoadPlanBuildingAssociationVisitationStrategy - Building LoadPlan...
2020-03-14 21:57:00.728 [main] DEBUG o.h.l.p.e.i.LoadQueryJoinAndFetchProcessor - processing queryspace <gen:0>
2020-03-14 21:57:00.729 [main] DEBUG o.h.l.p.b.spi.LoadPlanTreePrinter - LoadPlan(entity=com.ningmeng.framework.domain.course.CourseMarket)
    - Returns
       - EntityReturnImpl(entity=com.ningmeng.framework.domain.course.CourseMarket, querySpaceUid=<gen:0>, path=com.ningmeng.framework.domain.course.CourseMarket)
    - QuerySpaces
       - EntityQuerySpaceImpl(uid=<gen:0>, entity=com.ningmeng.framework.domain.course.CourseMarket)
          - SQL table alias mapping - coursemark0_
          - alias suffix - 0_
          - suffixed key columns - {id1_3_0_}

2020-03-14 21:57:00.729 [main] DEBUG o.h.loader.entity.plan.EntityLoader - Static select for entity com.ningmeng.framework.domain.course.CourseMarket [NONE]: select coursemark0_.id as id1_3_0_, coursemark0_.charge as charge2_3_0_, coursemark0_.end_time as end_time3_3_0_, coursemark0_.price as price4_3_0_, coursemark0_.price_old as price_ol5_3_0_, coursemark0_.qq as qq6_3_0_, coursemark0_.start_time as start_ti7_3_0_, coursemark0_.valid as valid8_3_0_ from course_market coursemark0_ where coursemark0_.id=?
2020-03-14 21:57:00.729 [main] DEBUG o.h.l.p.b.i.spaces.QuerySpacesImpl - Adding QuerySpace : uid = <gen:0> -> org.hibernate.loader.plan.build.internal.spaces.EntityQuerySpaceImpl@645d4639]
2020-03-14 21:57:00.729 [main] DEBUG o.h.p.w.spi.MetamodelGraphWalker - Visiting attribute path : charge
2020-03-14 21:57:00.729 [main] DEBUG o.h.p.w.spi.MetamodelGraphWalker - Visiting attribute path : endTime
2020-03-14 21:57:00.729 [main] DEBUG o.h.p.w.spi.MetamodelGraphWalker - Visiting attribute path : price
2020-03-14 21:57:00.729 [main] DEBUG o.h.p.w.spi.MetamodelGraphWalker - Visiting attribute path : price_old
2020-03-14 21:57:00.729 [main] DEBUG o.h.p.w.spi.MetamodelGraphWalker - Visiting attribute path : qq
2020-03-14 21:57:00.730 [main] DEBUG o.h.p.w.spi.MetamodelGraphWalker - Visiting attribute path : startTime
2020-03-14 21:57:00.730 [main] DEBUG o.h.p.w.spi.MetamodelGraphWalker - Visiting attribute path : valid
2020-03-14 21:57:00.730 [main] DEBUG o.h.l.p.b.i.FetchStyleLoadPlanBuildingAssociationVisitationStrategy - Building LoadPlan...
2020-03-14 21:57:00.730 [main] DEBUG o.h.l.p.e.i.LoadQueryJoinAndFetchProcessor - processing queryspace <gen:0>
2020-03-14 21:57:00.730 [main] DEBUG o.h.l.p.b.spi.LoadPlanTreePrinter - LoadPlan(entity=com.ningmeng.framework.domain.course.CourseMarket)
    - Returns
       - EntityReturnImpl(entity=com.ningmeng.framework.domain.course.CourseMarket, querySpaceUid=<gen:0>, path=com.ningmeng.framework.domain.course.CourseMarket)
    - QuerySpaces
       - EntityQuerySpaceImpl(uid=<gen:0>, entity=com.ningmeng.framework.domain.course.CourseMarket)
          - SQL table alias mapping - coursemark0_
          - alias suffix - 0_
          - suffixed key columns - {id1_3_0_}

2020-03-14 21:57:00.730 [main] DEBUG o.h.loader.entity.plan.EntityLoader - Static select for entity com.ningmeng.framework.domain.course.CourseMarket [READ]: select coursemark0_.id as id1_3_0_, coursemark0_.charge as charge2_3_0_, coursemark0_.end_time as end_time3_3_0_, coursemark0_.price as price4_3_0_, coursemark0_.price_old as price_ol5_3_0_, coursemark0_.qq as qq6_3_0_, coursemark0_.start_time as start_ti7_3_0_, coursemark0_.valid as valid8_3_0_ from course_market coursemark0_ where coursemark0_.id=?
2020-03-14 21:57:00.731 [main] DEBUG o.h.l.p.b.i.spaces.QuerySpacesImpl - Adding QuerySpace : uid = <gen:0> -> org.hibernate.loader.plan.build.internal.spaces.EntityQuerySpaceImpl@5ad40184]
2020-03-14 21:57:00.731 [main] DEBUG o.h.p.w.spi.MetamodelGraphWalker - Visiting attribute path : charge
2020-03-14 21:57:00.731 [main] DEBUG o.h.p.w.spi.MetamodelGraphWalker - Visiting attribute path : endTime
2020-03-14 21:57:00.731 [main] DEBUG o.h.p.w.spi.MetamodelGraphWalker - Visiting attribute path : price
2020-03-14 21:57:00.731 [main] DEBUG o.h.p.w.spi.MetamodelGraphWalker - Visiting attribute path : price_old
2020-03-14 21:57:00.731 [main] DEBUG o.h.p.w.spi.MetamodelGraphWalker - Visiting attribute path : qq
2020-03-14 21:57:00.731 [main] DEBUG o.h.p.w.spi.MetamodelGraphWalker - Visiting attribute path : startTime
2020-03-14 21:57:00.731 [main] DEBUG o.h.p.w.spi.MetamodelGraphWalker - Visiting attribute path : valid
2020-03-14 21:57:00.731 [main] DEBUG o.h.l.p.b.i.FetchStyleLoadPlanBuildingAssociationVisitationStrategy - Building LoadPlan...
2020-03-14 21:57:00.731 [main] DEBUG o.h.l.p.e.i.LoadQueryJoinAndFetchProcessor - processing queryspace <gen:0>
2020-03-14 21:57:00.732 [main] DEBUG o.h.l.p.b.spi.LoadPlanTreePrinter - LoadPlan(entity=com.ningmeng.framework.domain.course.CourseMarket)
    - Returns
       - EntityReturnImpl(entity=com.ningmeng.framework.domain.course.CourseMarket, querySpaceUid=<gen:0>, path=com.ningmeng.framework.domain.course.CourseMarket)
    - QuerySpaces
       - EntityQuerySpaceImpl(uid=<gen:0>, entity=com.ningmeng.framework.domain.course.CourseMarket)
          - SQL table alias mapping - coursemark0_
          - alias suffix - 0_
          - suffixed key columns - {id1_3_0_}

2020-03-14 21:57:00.732 [main] DEBUG o.h.loader.entity.plan.EntityLoader - Static select for entity com.ningmeng.framework.domain.course.CourseMarket [UPGRADE]: select coursemark0_.id as id1_3_0_, coursemark0_.charge as charge2_3_0_, coursemark0_.end_time as end_time3_3_0_, coursemark0_.price as price4_3_0_, coursemark0_.price_old as price_ol5_3_0_, coursemark0_.qq as qq6_3_0_, coursemark0_.start_time as start_ti7_3_0_, coursemark0_.valid as valid8_3_0_ from course_market coursemark0_ where coursemark0_.id=? for update
2020-03-14 21:57:00.732 [main] DEBUG o.h.l.p.b.i.spaces.QuerySpacesImpl - Adding QuerySpace : uid = <gen:0> -> org.hibernate.loader.plan.build.internal.spaces.EntityQuerySpaceImpl@3d3b272a]
2020-03-14 21:57:00.732 [main] DEBUG o.h.p.w.spi.MetamodelGraphWalker - Visiting attribute path : charge
2020-03-14 21:57:00.732 [main] DEBUG o.h.p.w.spi.MetamodelGraphWalker - Visiting attribute path : endTime
2020-03-14 21:57:00.732 [main] DEBUG o.h.p.w.spi.MetamodelGraphWalker - Visiting attribute path : price
2020-03-14 21:57:00.732 [main] DEBUG o.h.p.w.spi.MetamodelGraphWalker - Visiting attribute path : price_old
2020-03-14 21:57:00.732 [main] DEBUG o.h.p.w.spi.MetamodelGraphWalker - Visiting attribute path : qq
2020-03-14 21:57:00.732 [main] DEBUG o.h.p.w.spi.MetamodelGraphWalker - Visiting attribute path : startTime
2020-03-14 21:57:00.732 [main] DEBUG o.h.p.w.spi.MetamodelGraphWalker - Visiting attribute path : valid
2020-03-14 21:57:00.732 [main] DEBUG o.h.l.p.b.i.FetchStyleLoadPlanBuildingAssociationVisitationStrategy - Building LoadPlan...
2020-03-14 21:57:00.733 [main] DEBUG o.h.l.p.e.i.LoadQueryJoinAndFetchProcessor - processing queryspace <gen:0>
2020-03-14 21:57:00.733 [main] DEBUG o.h.l.p.b.spi.LoadPlanTreePrinter - LoadPlan(entity=com.ningmeng.framework.domain.course.CourseMarket)
    - Returns
       - EntityReturnImpl(entity=com.ningmeng.framework.domain.course.CourseMarket, querySpaceUid=<gen:0>, path=com.ningmeng.framework.domain.course.CourseMarket)
    - QuerySpaces
       - EntityQuerySpaceImpl(uid=<gen:0>, entity=com.ningmeng.framework.domain.course.CourseMarket)
          - SQL table alias mapping - coursemark0_
          - alias suffix - 0_
          - suffixed key columns - {id1_3_0_}

2020-03-14 21:57:00.733 [main] DEBUG o.h.loader.entity.plan.EntityLoader - Static select for entity com.ningmeng.framework.domain.course.CourseMarket [UPGRADE_NOWAIT]: select coursemark0_.id as id1_3_0_, coursemark0_.charge as charge2_3_0_, coursemark0_.end_time as end_time3_3_0_, coursemark0_.price as price4_3_0_, coursemark0_.price_old as price_ol5_3_0_, coursemark0_.qq as qq6_3_0_, coursemark0_.start_time as start_ti7_3_0_, coursemark0_.valid as valid8_3_0_ from course_market coursemark0_ where coursemark0_.id=? for update
2020-03-14 21:57:00.734 [main] DEBUG o.h.l.p.b.i.spaces.QuerySpacesImpl - Adding QuerySpace : uid = <gen:0> -> org.hibernate.loader.plan.build.internal.spaces.EntityQuerySpaceImpl@3f908bc0]
2020-03-14 21:57:00.734 [main] DEBUG o.h.p.w.spi.MetamodelGraphWalker - Visiting attribute path : charge
2020-03-14 21:57:00.734 [main] DEBUG o.h.p.w.spi.MetamodelGraphWalker - Visiting attribute path : endTime
2020-03-14 21:57:00.734 [main] DEBUG o.h.p.w.spi.MetamodelGraphWalker - Visiting attribute path : price
2020-03-14 21:57:00.734 [main] DEBUG o.h.p.w.spi.MetamodelGraphWalker - Visiting attribute path : price_old
2020-03-14 21:57:00.734 [main] DEBUG o.h.p.w.spi.MetamodelGraphWalker - Visiting attribute path : qq
2020-03-14 21:57:00.734 [main] DEBUG o.h.p.w.spi.MetamodelGraphWalker - Visiting attribute path : startTime
2020-03-14 21:57:00.734 [main] DEBUG o.h.p.w.spi.MetamodelGraphWalker - Visiting attribute path : valid
2020-03-14 21:57:00.734 [main] DEBUG o.h.l.p.b.i.FetchStyleLoadPlanBuildingAssociationVisitationStrategy - Building LoadPlan...
2020-03-14 21:57:00.734 [main] DEBUG o.h.l.p.e.i.LoadQueryJoinAndFetchProcessor - processing queryspace <gen:0>
2020-03-14 21:57:00.734 [main] DEBUG o.h.l.p.b.spi.LoadPlanTreePrinter - LoadPlan(entity=com.ningmeng.framework.domain.course.CourseMarket)
    - Returns
       - EntityReturnImpl(entity=com.ningmeng.framework.domain.course.CourseMarket, querySpaceUid=<gen:0>, path=com.ningmeng.framework.domain.course.CourseMarket)
    - QuerySpaces
       - EntityQuerySpaceImpl(uid=<gen:0>, entity=com.ningmeng.framework.domain.course.CourseMarket)
          - SQL table alias mapping - coursemark0_
          - alias suffix - 0_
          - suffixed key columns - {id1_3_0_}

2020-03-14 21:57:00.735 [main] DEBUG o.h.loader.entity.plan.EntityLoader - Static select for entity com.ningmeng.framework.domain.course.CourseMarket [UPGRADE_SKIPLOCKED]: select coursemark0_.id as id1_3_0_, coursemark0_.charge as charge2_3_0_, coursemark0_.end_time as end_time3_3_0_, coursemark0_.price as price4_3_0_, coursemark0_.price_old as price_ol5_3_0_, coursemark0_.qq as qq6_3_0_, coursemark0_.start_time as start_ti7_3_0_, coursemark0_.valid as valid8_3_0_ from course_market coursemark0_ where coursemark0_.id=? for update
2020-03-14 21:57:00.735 [main] DEBUG o.h.l.p.b.i.spaces.QuerySpacesImpl - Adding QuerySpace : uid = <gen:0> -> org.hibernate.loader.plan.build.internal.spaces.EntityQuerySpaceImpl@26cdd4af]
2020-03-14 21:57:00.735 [main] DEBUG o.h.p.w.spi.MetamodelGraphWalker - Visiting attribute path : charge
2020-03-14 21:57:00.735 [main] DEBUG o.h.p.w.spi.MetamodelGraphWalker - Visiting attribute path : endTime
2020-03-14 21:57:00.735 [main] DEBUG o.h.p.w.spi.MetamodelGraphWalker - Visiting attribute path : price
2020-03-14 21:57:00.735 [main] DEBUG o.h.p.w.spi.MetamodelGraphWalker - Visiting attribute path : price_old
2020-03-14 21:57:00.735 [main] DEBUG o.h.p.w.spi.MetamodelGraphWalker - Visiting attribute path : qq
2020-03-14 21:57:00.735 [main] DEBUG o.h.p.w.spi.MetamodelGraphWalker - Visiting attribute path : startTime
2020-03-14 21:57:00.735 [main] DEBUG o.h.p.w.spi.MetamodelGraphWalker - Visiting attribute path : valid
2020-03-14 21:57:00.735 [main] DEBUG o.h.l.p.b.i.FetchStyleLoadPlanBuildingAssociationVisitationStrategy - Building LoadPlan...
2020-03-14 21:57:00.736 [main] DEBUG o.h.l.p.e.i.LoadQueryJoinAndFetchProcessor - processing queryspace <gen:0>
2020-03-14 21:57:00.736 [main] DEBUG o.h.l.p.b.spi.LoadPlanTreePrinter - LoadPlan(entity=com.ningmeng.framework.domain.course.CourseMarket)
    - Returns
       - EntityReturnImpl(entity=com.ningmeng.framework.domain.course.CourseMarket, querySpaceUid=<gen:0>, path=com.ningmeng.framework.domain.course.CourseMarket)
    - QuerySpaces
       - EntityQuerySpaceImpl(uid=<gen:0>, entity=com.ningmeng.framework.domain.course.CourseMarket)
          - SQL table alias mapping - coursemark0_
          - alias suffix - 0_
          - suffixed key columns - {id1_3_0_}

2020-03-14 21:57:00.736 [main] DEBUG o.h.loader.entity.plan.EntityLoader - Static select for entity com.ningmeng.framework.domain.course.CourseMarket [FORCE]: select coursemark0_.id as id1_3_0_, coursemark0_.charge as charge2_3_0_, coursemark0_.end_time as end_time3_3_0_, coursemark0_.price as price4_3_0_, coursemark0_.price_old as price_ol5_3_0_, coursemark0_.qq as qq6_3_0_, coursemark0_.start_time as start_ti7_3_0_, coursemark0_.valid as valid8_3_0_ from course_market coursemark0_ where coursemark0_.id=? for update
2020-03-14 21:57:00.736 [main] DEBUG o.h.l.p.b.i.spaces.QuerySpacesImpl - Adding QuerySpace : uid = <gen:0> -> org.hibernate.loader.plan.build.internal.spaces.EntityQuerySpaceImpl@4b8a0d03]
2020-03-14 21:57:00.736 [main] DEBUG o.h.p.w.spi.MetamodelGraphWalker - Visiting attribute path : charge
2020-03-14 21:57:00.736 [main] DEBUG o.h.p.w.spi.MetamodelGraphWalker - Visiting attribute path : endTime
2020-03-14 21:57:00.736 [main] DEBUG o.h.p.w.spi.MetamodelGraphWalker - Visiting attribute path : price
2020-03-14 21:57:00.736 [main] DEBUG o.h.p.w.spi.MetamodelGraphWalker - Visiting attribute path : price_old
2020-03-14 21:57:00.736 [main] DEBUG o.h.p.w.spi.MetamodelGraphWalker - Visiting attribute path : qq
2020-03-14 21:57:00.736 [main] DEBUG o.h.p.w.spi.MetamodelGraphWalker - Visiting attribute path : startTime
2020-03-14 21:57:00.736 [main] DEBUG o.h.p.w.spi.MetamodelGraphWalker - Visiting attribute path : valid
2020-03-14 21:57:00.736 [main] DEBUG o.h.l.p.b.i.FetchStyleLoadPlanBuildingAssociationVisitationStrategy - Building LoadPlan...
2020-03-14 21:57:00.737 [main] DEBUG o.h.l.p.e.i.LoadQueryJoinAndFetchProcessor - processing queryspace <gen:0>
2020-03-14 21:57:00.737 [main] DEBUG o.h.l.p.b.spi.LoadPlanTreePrinter - LoadPlan(entity=com.ningmeng.framework.domain.course.CourseMarket)
    - Returns
       - EntityReturnImpl(entity=com.ningmeng.framework.domain.course.CourseMarket, querySpaceUid=<gen:0>, path=com.ningmeng.framework.domain.course.CourseMarket)
    - QuerySpaces
       - EntityQuerySpaceImpl(uid=<gen:0>, entity=com.ningmeng.framework.domain.course.CourseMarket)
          - SQL table alias mapping - coursemark0_
          - alias suffix - 0_
          - suffixed key columns - {id1_3_0_}

2020-03-14 21:57:00.737 [main] DEBUG o.h.loader.entity.plan.EntityLoader - Static select for entity com.ningmeng.framework.domain.course.CourseMarket [PESSIMISTIC_READ]: select coursemark0_.id as id1_3_0_, coursemark0_.charge as charge2_3_0_, coursemark0_.end_time as end_time3_3_0_, coursemark0_.price as price4_3_0_, coursemark0_.price_old as price_ol5_3_0_, coursemark0_.qq as qq6_3_0_, coursemark0_.start_time as start_ti7_3_0_, coursemark0_.valid as valid8_3_0_ from course_market coursemark0_ where coursemark0_.id=? lock in share mode
2020-03-14 21:57:00.737 [main] DEBUG o.h.l.p.b.i.spaces.QuerySpacesImpl - Adding QuerySpace : uid = <gen:0> -> org.hibernate.loader.plan.build.internal.spaces.EntityQuerySpaceImpl@1c53bd49]
2020-03-14 21:57:00.737 [main] DEBUG o.h.p.w.spi.MetamodelGraphWalker - Visiting attribute path : charge
2020-03-14 21:57:00.737 [main] DEBUG o.h.p.w.spi.MetamodelGraphWalker - Visiting attribute path : endTime
2020-03-14 21:57:00.737 [main] DEBUG o.h.p.w.spi.MetamodelGraphWalker - Visiting attribute path : price
2020-03-14 21:57:00.737 [main] DEBUG o.h.p.w.spi.MetamodelGraphWalker - Visiting attribute path : price_old
2020-03-14 21:57:00.737 [main] DEBUG o.h.p.w.spi.MetamodelGraphWalker - Visiting attribute path : qq
2020-03-14 21:57:00.737 [main] DEBUG o.h.p.w.spi.MetamodelGraphWalker - Visiting attribute path : startTime
2020-03-14 21:57:00.737 [main] DEBUG o.h.p.w.spi.MetamodelGraphWalker - Visiting attribute path : valid
2020-03-14 21:57:00.737 [main] DEBUG o.h.l.p.b.i.FetchStyleLoadPlanBuildingAssociationVisitationStrategy - Building LoadPlan...
2020-03-14 21:57:00.738 [main] DEBUG o.h.l.p.e.i.LoadQueryJoinAndFetchProcessor - processing queryspace <gen:0>
2020-03-14 21:57:00.738 [main] DEBUG o.h.l.p.b.spi.LoadPlanTreePrinter - LoadPlan(entity=com.ningmeng.framework.domain.course.CourseMarket)
    - Returns
       - EntityReturnImpl(entity=com.ningmeng.framework.domain.course.CourseMarket, querySpaceUid=<gen:0>, path=com.ningmeng.framework.domain.course.CourseMarket)
    - QuerySpaces
       - EntityQuerySpaceImpl(uid=<gen:0>, entity=com.ningmeng.framework.domain.course.CourseMarket)
          - SQL table alias mapping - coursemark0_
          - alias suffix - 0_
          - suffixed key columns - {id1_3_0_}

2020-03-14 21:57:00.738 [main] DEBUG o.h.loader.entity.plan.EntityLoader - Static select for entity com.ningmeng.framework.domain.course.CourseMarket [PESSIMISTIC_WRITE]: select coursemark0_.id as id1_3_0_, coursemark0_.charge as charge2_3_0_, coursemark0_.end_time as end_time3_3_0_, coursemark0_.price as price4_3_0_, coursemark0_.price_old as price_ol5_3_0_, coursemark0_.qq as qq6_3_0_, coursemark0_.start_time as start_ti7_3_0_, coursemark0_.valid as valid8_3_0_ from course_market coursemark0_ where coursemark0_.id=? for update
2020-03-14 21:57:00.739 [main] DEBUG o.h.l.p.b.i.spaces.QuerySpacesImpl - Adding QuerySpace : uid = <gen:0> -> org.hibernate.loader.plan.build.internal.spaces.EntityQuerySpaceImpl@d6d683e]
2020-03-14 21:57:00.739 [main] DEBUG o.h.p.w.spi.MetamodelGraphWalker - Visiting attribute path : charge
2020-03-14 21:57:00.739 [main] DEBUG o.h.p.w.spi.MetamodelGraphWalker - Visiting attribute path : endTime
2020-03-14 21:57:00.739 [main] DEBUG o.h.p.w.spi.MetamodelGraphWalker - Visiting attribute path : price
2020-03-14 21:57:00.739 [main] DEBUG o.h.p.w.spi.MetamodelGraphWalker - Visiting attribute path : price_old
2020-03-14 21:57:00.739 [main] DEBUG o.h.p.w.spi.MetamodelGraphWalker - Visiting attribute path : qq
2020-03-14 21:57:00.739 [main] DEBUG o.h.p.w.spi.MetamodelGraphWalker - Visiting attribute path : startTime
2020-03-14 21:57:00.739 [main] DEBUG o.h.p.w.spi.MetamodelGraphWalker - Visiting attribute path : valid
2020-03-14 21:57:00.739 [main] DEBUG o.h.l.p.b.i.FetchStyleLoadPlanBuildingAssociationVisitationStrategy - Building LoadPlan...
2020-03-14 21:57:00.739 [main] DEBUG o.h.l.p.e.i.LoadQueryJoinAndFetchProcessor - processing queryspace <gen:0>
2020-03-14 21:57:00.740 [main] DEBUG o.h.l.p.b.spi.LoadPlanTreePrinter - LoadPlan(entity=com.ningmeng.framework.domain.course.CourseMarket)
    - Returns
       - EntityReturnImpl(entity=com.ningmeng.framework.domain.course.CourseMarket, querySpaceUid=<gen:0>, path=com.ningmeng.framework.domain.course.CourseMarket)
    - QuerySpaces
       - EntityQuerySpaceImpl(uid=<gen:0>, entity=com.ningmeng.framework.domain.course.CourseMarket)
          - SQL table alias mapping - coursemark0_
          - alias suffix - 0_
          - suffixed key columns - {id1_3_0_}

2020-03-14 21:57:00.745 [main] DEBUG o.h.loader.entity.plan.EntityLoader - Static select for entity com.ningmeng.framework.domain.course.CourseMarket [PESSIMISTIC_FORCE_INCREMENT]: select coursemark0_.id as id1_3_0_, coursemark0_.charge as charge2_3_0_, coursemark0_.end_time as end_time3_3_0_, coursemark0_.price as price4_3_0_, coursemark0_.price_old as price_ol5_3_0_, coursemark0_.qq as qq6_3_0_, coursemark0_.start_time as start_ti7_3_0_, coursemark0_.valid as valid8_3_0_ from course_market coursemark0_ where coursemark0_.id=? for update
2020-03-14 21:57:00.746 [main] DEBUG o.h.l.p.b.i.spaces.QuerySpacesImpl - Adding QuerySpace : uid = <gen:0> -> org.hibernate.loader.plan.build.internal.spaces.EntityQuerySpaceImpl@43778371]
2020-03-14 21:57:00.747 [main] DEBUG o.h.p.w.spi.MetamodelGraphWalker - Visiting attribute path : charge
2020-03-14 21:57:00.747 [main] DEBUG o.h.p.w.spi.MetamodelGraphWalker - Visiting attribute path : endTime
2020-03-14 21:57:00.747 [main] DEBUG o.h.p.w.spi.MetamodelGraphWalker - Visiting attribute path : price
2020-03-14 21:57:00.747 [main] DEBUG o.h.p.w.spi.MetamodelGraphWalker - Visiting attribute path : price_old
2020-03-14 21:57:00.747 [main] DEBUG o.h.p.w.spi.MetamodelGraphWalker - Visiting attribute path : qq
2020-03-14 21:57:00.747 [main] DEBUG o.h.p.w.spi.MetamodelGraphWalker - Visiting attribute path : startTime
2020-03-14 21:57:00.747 [main] DEBUG o.h.p.w.spi.MetamodelGraphWalker - Visiting attribute path : valid
2020-03-14 21:57:00.747 [main] DEBUG o.h.l.p.b.i.FetchStyleLoadPlanBuildingAssociationVisitationStrategy - Building LoadPlan...
2020-03-14 21:57:00.748 [main] DEBUG o.h.l.p.e.i.LoadQueryJoinAndFetchProcessor - processing queryspace <gen:0>
2020-03-14 21:57:00.748 [main] DEBUG o.h.l.p.b.spi.LoadPlanTreePrinter - LoadPlan(entity=com.ningmeng.framework.domain.course.CourseMarket)
    - Returns
       - EntityReturnImpl(entity=com.ningmeng.framework.domain.course.CourseMarket, querySpaceUid=<gen:0>, path=com.ningmeng.framework.domain.course.CourseMarket)
    - QuerySpaces
       - EntityQuerySpaceImpl(uid=<gen:0>, entity=com.ningmeng.framework.domain.course.CourseMarket)
          - SQL table alias mapping - coursemark0_
          - alias suffix - 0_
          - suffixed key columns - {id1_3_0_}

2020-03-14 21:57:00.748 [main] DEBUG o.h.loader.entity.plan.EntityLoader - Static select for entity com.ningmeng.framework.domain.course.CourseMarket [OPTIMISTIC]: select coursemark0_.id as id1_3_0_, coursemark0_.charge as charge2_3_0_, coursemark0_.end_time as end_time3_3_0_, coursemark0_.price as price4_3_0_, coursemark0_.price_old as price_ol5_3_0_, coursemark0_.qq as qq6_3_0_, coursemark0_.start_time as start_ti7_3_0_, coursemark0_.valid as valid8_3_0_ from course_market coursemark0_ where coursemark0_.id=?
2020-03-14 21:57:00.749 [main] DEBUG o.h.l.p.b.i.spaces.QuerySpacesImpl - Adding QuerySpace : uid = <gen:0> -> org.hibernate.loader.plan.build.internal.spaces.EntityQuerySpaceImpl@17f41739]
2020-03-14 21:57:00.749 [main] DEBUG o.h.p.w.spi.MetamodelGraphWalker - Visiting attribute path : charge
2020-03-14 21:57:00.749 [main] DEBUG o.h.p.w.spi.MetamodelGraphWalker - Visiting attribute path : endTime
2020-03-14 21:57:00.749 [main] DEBUG o.h.p.w.spi.MetamodelGraphWalker - Visiting attribute path : price
2020-03-14 21:57:00.749 [main] DEBUG o.h.p.w.spi.MetamodelGraphWalker - Visiting attribute path : price_old
2020-03-14 21:57:00.749 [main] DEBUG o.h.p.w.spi.MetamodelGraphWalker - Visiting attribute path : qq
2020-03-14 21:57:00.749 [main] DEBUG o.h.p.w.spi.MetamodelGraphWalker - Visiting attribute path : startTime
2020-03-14 21:57:00.749 [main] DEBUG o.h.p.w.spi.MetamodelGraphWalker - Visiting attribute path : valid
2020-03-14 21:57:00.749 [main] DEBUG o.h.l.p.b.i.FetchStyleLoadPlanBuildingAssociationVisitationStrategy - Building LoadPlan...
2020-03-14 21:57:00.749 [main] DEBUG o.h.l.p.e.i.LoadQueryJoinAndFetchProcessor - processing queryspace <gen:0>
2020-03-14 21:57:00.750 [main] DEBUG o.h.l.p.b.spi.LoadPlanTreePrinter - LoadPlan(entity=com.ningmeng.framework.domain.course.CourseMarket)
    - Returns
       - EntityReturnImpl(entity=com.ningmeng.framework.domain.course.CourseMarket, querySpaceUid=<gen:0>, path=com.ningmeng.framework.domain.course.CourseMarket)
    - QuerySpaces
       - EntityQuerySpaceImpl(uid=<gen:0>, entity=com.ningmeng.framework.domain.course.CourseMarket)
          - SQL table alias mapping - coursemark0_
          - alias suffix - 0_
          - suffixed key columns - {id1_3_0_}

2020-03-14 21:57:00.751 [main] DEBUG o.h.loader.entity.plan.EntityLoader - Static select for entity com.ningmeng.framework.domain.course.CourseMarket [OPTIMISTIC_FORCE_INCREMENT]: select coursemark0_.id as id1_3_0_, coursemark0_.charge as charge2_3_0_, coursemark0_.end_time as end_time3_3_0_, coursemark0_.price as price4_3_0_, coursemark0_.price_old as price_ol5_3_0_, coursemark0_.qq as qq6_3_0_, coursemark0_.start_time as start_ti7_3_0_, coursemark0_.valid as valid8_3_0_ from course_market coursemark0_ where coursemark0_.id=?
2020-03-14 21:57:00.751 [main] DEBUG org.hibernate.loader.Loader - Static select for action ACTION_MERGE on entity com.ningmeng.framework.domain.course.CourseMarket: select coursemark0_.id as id1_3_0_, coursemark0_.charge as charge2_3_0_, coursemark0_.end_time as end_time3_3_0_, coursemark0_.price as price4_3_0_, coursemark0_.price_old as price_ol5_3_0_, coursemark0_.qq as qq6_3_0_, coursemark0_.start_time as start_ti7_3_0_, coursemark0_.valid as valid8_3_0_ from course_market coursemark0_ where coursemark0_.id=?
2020-03-14 21:57:00.751 [main] DEBUG org.hibernate.loader.Loader - Static select for action ACTION_REFRESH on entity com.ningmeng.framework.domain.course.CourseMarket: select coursemark0_.id as id1_3_0_, coursemark0_.charge as charge2_3_0_, coursemark0_.end_time as end_time3_3_0_, coursemark0_.price as price4_3_0_, coursemark0_.price_old as price_ol5_3_0_, coursemark0_.qq as qq6_3_0_, coursemark0_.start_time as start_ti7_3_0_, coursemark0_.valid as valid8_3_0_ from course_market coursemark0_ where coursemark0_.id=?
2020-03-14 21:57:00.752 [main] DEBUG o.h.p.entity.AbstractEntityPersister - Static SQL for entity: com.ningmeng.framework.domain.course.CourseOff
2020-03-14 21:57:00.752 [main] DEBUG o.h.p.entity.AbstractEntityPersister -  Version select: select id from course_off where id =?
2020-03-14 21:57:00.752 [main] DEBUG o.h.p.entity.AbstractEntityPersister -  Snapshot select: select courseoff_.id, courseoff_.charge as charge2_4_, courseoff_.description as descript3_4_, courseoff_.expires as expires4_4_, courseoff_.grade as grade5_4_, courseoff_.mt as mt6_4_, courseoff_.name as name7_4_, courseoff_.pic as pic8_4_, courseoff_.price as price9_4_, courseoff_.price_old as price_o10_4_, courseoff_.qq as qq11_4_, courseoff_.st as st12_4_, courseoff_.studymodel as studymo13_4_, courseoff_.teachplan as teachpl14_4_, courseoff_.timestamp as timesta15_4_, courseoff_.users as users16_4_, courseoff_.valid as valid17_4_ from course_off courseoff_ where courseoff_.id=?
2020-03-14 21:57:00.752 [main] DEBUG o.h.p.entity.AbstractEntityPersister -  Insert 0: insert into course_off (charge, description, expires, grade, mt, name, pic, price, price_old, qq, st, studymodel, teachplan, timestamp, users, valid, id) values (?, ?, ?, ?, ?, ?, ?, ?, ?, ?, ?, ?, ?, ?, ?, ?, ?)
2020-03-14 21:57:00.752 [main] DEBUG o.h.p.entity.AbstractEntityPersister -  Update 0: update course_off set charge=?, description=?, expires=?, grade=?, mt=?, name=?, pic=?, price=?, price_old=?, qq=?, st=?, studymodel=?, teachplan=?, timestamp=?, users=?, valid=? where id=?
2020-03-14 21:57:00.752 [main] DEBUG o.h.p.entity.AbstractEntityPersister -  Delete 0: delete from course_off where id=?
2020-03-14 21:57:00.753 [main] DEBUG o.h.l.p.b.i.spaces.QuerySpacesImpl - Adding QuerySpace : uid = <gen:0> -> org.hibernate.loader.plan.build.internal.spaces.EntityQuerySpaceImpl@54286339]
2020-03-14 21:57:00.753 [main] DEBUG o.h.p.w.spi.MetamodelGraphWalker - Visiting attribute path : charge
2020-03-14 21:57:00.753 [main] DEBUG o.h.p.w.spi.MetamodelGraphWalker - Visiting attribute path : description
2020-03-14 21:57:00.753 [main] DEBUG o.h.p.w.spi.MetamodelGraphWalker - Visiting attribute path : expires
2020-03-14 21:57:00.753 [main] DEBUG o.h.p.w.spi.MetamodelGraphWalker - Visiting attribute path : grade
2020-03-14 21:57:00.753 [main] DEBUG o.h.p.w.spi.MetamodelGraphWalker - Visiting attribute path : mt
2020-03-14 21:57:00.753 [main] DEBUG o.h.p.w.spi.MetamodelGraphWalker - Visiting attribute path : name
2020-03-14 21:57:00.753 [main] DEBUG o.h.p.w.spi.MetamodelGraphWalker - Visiting attribute path : pic
2020-03-14 21:57:00.753 [main] DEBUG o.h.p.w.spi.MetamodelGraphWalker - Visiting attribute path : price
2020-03-14 21:57:00.753 [main] DEBUG o.h.p.w.spi.MetamodelGraphWalker - Visiting attribute path : price_old
2020-03-14 21:57:00.753 [main] DEBUG o.h.p.w.spi.MetamodelGraphWalker - Visiting attribute path : qq
2020-03-14 21:57:00.753 [main] DEBUG o.h.p.w.spi.MetamodelGraphWalker - Visiting attribute path : st
2020-03-14 21:57:00.753 [main] DEBUG o.h.p.w.spi.MetamodelGraphWalker - Visiting attribute path : studymodel
2020-03-14 21:57:00.753 [main] DEBUG o.h.p.w.spi.MetamodelGraphWalker - Visiting attribute path : teachplan
2020-03-14 21:57:00.753 [main] DEBUG o.h.p.w.spi.MetamodelGraphWalker - Visiting attribute path : timestamp
2020-03-14 21:57:00.753 [main] DEBUG o.h.p.w.spi.MetamodelGraphWalker - Visiting attribute path : users
2020-03-14 21:57:00.753 [main] DEBUG o.h.p.w.spi.MetamodelGraphWalker - Visiting attribute path : valid
2020-03-14 21:57:00.753 [main] DEBUG o.h.l.p.b.i.FetchStyleLoadPlanBuildingAssociationVisitationStrategy - Building LoadPlan...
2020-03-14 21:57:00.753 [main] DEBUG o.h.l.p.e.i.LoadQueryJoinAndFetchProcessor - processing queryspace <gen:0>
2020-03-14 21:57:00.754 [main] DEBUG o.h.l.p.b.spi.LoadPlanTreePrinter - LoadPlan(entity=com.ningmeng.framework.domain.course.CourseOff)
    - Returns
       - EntityReturnImpl(entity=com.ningmeng.framework.domain.course.CourseOff, querySpaceUid=<gen:0>, path=com.ningmeng.framework.domain.course.CourseOff)
    - QuerySpaces
       - EntityQuerySpaceImpl(uid=<gen:0>, entity=com.ningmeng.framework.domain.course.CourseOff)
          - SQL table alias mapping - courseoff0_
          - alias suffix - 0_
          - suffixed key columns - {id1_4_0_}

2020-03-14 21:57:00.754 [main] DEBUG o.h.loader.entity.plan.EntityLoader - Static select for entity com.ningmeng.framework.domain.course.CourseOff [NONE]: select courseoff0_.id as id1_4_0_, courseoff0_.charge as charge2_4_0_, courseoff0_.description as descript3_4_0_, courseoff0_.expires as expires4_4_0_, courseoff0_.grade as grade5_4_0_, courseoff0_.mt as mt6_4_0_, courseoff0_.name as name7_4_0_, courseoff0_.pic as pic8_4_0_, courseoff0_.price as price9_4_0_, courseoff0_.price_old as price_o10_4_0_, courseoff0_.qq as qq11_4_0_, courseoff0_.st as st12_4_0_, courseoff0_.studymodel as studymo13_4_0_, courseoff0_.teachplan as teachpl14_4_0_, courseoff0_.timestamp as timesta15_4_0_, courseoff0_.users as users16_4_0_, courseoff0_.valid as valid17_4_0_ from course_off courseoff0_ where courseoff0_.id=?
2020-03-14 21:57:00.754 [main] DEBUG o.h.l.p.b.i.spaces.QuerySpacesImpl - Adding QuerySpace : uid = <gen:0> -> org.hibernate.loader.plan.build.internal.spaces.EntityQuerySpaceImpl@6785df10]
2020-03-14 21:57:00.754 [main] DEBUG o.h.p.w.spi.MetamodelGraphWalker - Visiting attribute path : charge
2020-03-14 21:57:00.754 [main] DEBUG o.h.p.w.spi.MetamodelGraphWalker - Visiting attribute path : description
2020-03-14 21:57:00.754 [main] DEBUG o.h.p.w.spi.MetamodelGraphWalker - Visiting attribute path : expires
2020-03-14 21:57:00.754 [main] DEBUG o.h.p.w.spi.MetamodelGraphWalker - Visiting attribute path : grade
2020-03-14 21:57:00.755 [main] DEBUG o.h.p.w.spi.MetamodelGraphWalker - Visiting attribute path : mt
2020-03-14 21:57:00.755 [main] DEBUG o.h.p.w.spi.MetamodelGraphWalker - Visiting attribute path : name
2020-03-14 21:57:00.755 [main] DEBUG o.h.p.w.spi.MetamodelGraphWalker - Visiting attribute path : pic
2020-03-14 21:57:00.755 [main] DEBUG o.h.p.w.spi.MetamodelGraphWalker - Visiting attribute path : price
2020-03-14 21:57:00.755 [main] DEBUG o.h.p.w.spi.MetamodelGraphWalker - Visiting attribute path : price_old
2020-03-14 21:57:00.755 [main] DEBUG o.h.p.w.spi.MetamodelGraphWalker - Visiting attribute path : qq
2020-03-14 21:57:00.755 [main] DEBUG o.h.p.w.spi.MetamodelGraphWalker - Visiting attribute path : st
2020-03-14 21:57:00.755 [main] DEBUG o.h.p.w.spi.MetamodelGraphWalker - Visiting attribute path : studymodel
2020-03-14 21:57:00.755 [main] DEBUG o.h.p.w.spi.MetamodelGraphWalker - Visiting attribute path : teachplan
2020-03-14 21:57:00.755 [main] DEBUG o.h.p.w.spi.MetamodelGraphWalker - Visiting attribute path : timestamp
2020-03-14 21:57:00.755 [main] DEBUG o.h.p.w.spi.MetamodelGraphWalker - Visiting attribute path : users
2020-03-14 21:57:00.755 [main] DEBUG o.h.p.w.spi.MetamodelGraphWalker - Visiting attribute path : valid
2020-03-14 21:57:00.755 [main] DEBUG o.h.l.p.b.i.FetchStyleLoadPlanBuildingAssociationVisitationStrategy - Building LoadPlan...
2020-03-14 21:57:00.755 [main] DEBUG o.h.l.p.e.i.LoadQueryJoinAndFetchProcessor - processing queryspace <gen:0>
2020-03-14 21:57:00.756 [main] DEBUG o.h.l.p.b.spi.LoadPlanTreePrinter - LoadPlan(entity=com.ningmeng.framework.domain.course.CourseOff)
    - Returns
       - EntityReturnImpl(entity=com.ningmeng.framework.domain.course.CourseOff, querySpaceUid=<gen:0>, path=com.ningmeng.framework.domain.course.CourseOff)
    - QuerySpaces
       - EntityQuerySpaceImpl(uid=<gen:0>, entity=com.ningmeng.framework.domain.course.CourseOff)
          - SQL table alias mapping - courseoff0_
          - alias suffix - 0_
          - suffixed key columns - {id1_4_0_}

2020-03-14 21:57:00.756 [main] DEBUG o.h.loader.entity.plan.EntityLoader - Static select for entity com.ningmeng.framework.domain.course.CourseOff [READ]: select courseoff0_.id as id1_4_0_, courseoff0_.charge as charge2_4_0_, courseoff0_.description as descript3_4_0_, courseoff0_.expires as expires4_4_0_, courseoff0_.grade as grade5_4_0_, courseoff0_.mt as mt6_4_0_, courseoff0_.name as name7_4_0_, courseoff0_.pic as pic8_4_0_, courseoff0_.price as price9_4_0_, courseoff0_.price_old as price_o10_4_0_, courseoff0_.qq as qq11_4_0_, courseoff0_.st as st12_4_0_, courseoff0_.studymodel as studymo13_4_0_, courseoff0_.teachplan as teachpl14_4_0_, courseoff0_.timestamp as timesta15_4_0_, courseoff0_.users as users16_4_0_, courseoff0_.valid as valid17_4_0_ from course_off courseoff0_ where courseoff0_.id=?
2020-03-14 21:57:00.756 [main] DEBUG o.h.l.p.b.i.spaces.QuerySpacesImpl - Adding QuerySpace : uid = <gen:0> -> org.hibernate.loader.plan.build.internal.spaces.EntityQuerySpaceImpl@3e2c8ef]
2020-03-14 21:57:00.756 [main] DEBUG o.h.p.w.spi.MetamodelGraphWalker - Visiting attribute path : charge
2020-03-14 21:57:00.756 [main] DEBUG o.h.p.w.spi.MetamodelGraphWalker - Visiting attribute path : description
2020-03-14 21:57:00.756 [main] DEBUG o.h.p.w.spi.MetamodelGraphWalker - Visiting attribute path : expires
2020-03-14 21:57:00.756 [main] DEBUG o.h.p.w.spi.MetamodelGraphWalker - Visiting attribute path : grade
2020-03-14 21:57:00.756 [main] DEBUG o.h.p.w.spi.MetamodelGraphWalker - Visiting attribute path : mt
2020-03-14 21:57:00.756 [main] DEBUG o.h.p.w.spi.MetamodelGraphWalker - Visiting attribute path : name
2020-03-14 21:57:00.756 [main] DEBUG o.h.p.w.spi.MetamodelGraphWalker - Visiting attribute path : pic
2020-03-14 21:57:00.756 [main] DEBUG o.h.p.w.spi.MetamodelGraphWalker - Visiting attribute path : price
2020-03-14 21:57:00.756 [main] DEBUG o.h.p.w.spi.MetamodelGraphWalker - Visiting attribute path : price_old
2020-03-14 21:57:00.756 [main] DEBUG o.h.p.w.spi.MetamodelGraphWalker - Visiting attribute path : qq
2020-03-14 21:57:00.756 [main] DEBUG o.h.p.w.spi.MetamodelGraphWalker - Visiting attribute path : st
2020-03-14 21:57:00.756 [main] DEBUG o.h.p.w.spi.MetamodelGraphWalker - Visiting attribute path : studymodel
2020-03-14 21:57:00.756 [main] DEBUG o.h.p.w.spi.MetamodelGraphWalker - Visiting attribute path : teachplan
2020-03-14 21:57:00.756 [main] DEBUG o.h.p.w.spi.MetamodelGraphWalker - Visiting attribute path : timestamp
2020-03-14 21:57:00.756 [main] DEBUG o.h.p.w.spi.MetamodelGraphWalker - Visiting attribute path : users
2020-03-14 21:57:00.756 [main] DEBUG o.h.p.w.spi.MetamodelGraphWalker - Visiting attribute path : valid
2020-03-14 21:57:00.756 [main] DEBUG o.h.l.p.b.i.FetchStyleLoadPlanBuildingAssociationVisitationStrategy - Building LoadPlan...
2020-03-14 21:57:00.756 [main] DEBUG o.h.l.p.e.i.LoadQueryJoinAndFetchProcessor - processing queryspace <gen:0>
2020-03-14 21:57:00.757 [main] DEBUG o.h.l.p.b.spi.LoadPlanTreePrinter - LoadPlan(entity=com.ningmeng.framework.domain.course.CourseOff)
    - Returns
       - EntityReturnImpl(entity=com.ningmeng.framework.domain.course.CourseOff, querySpaceUid=<gen:0>, path=com.ningmeng.framework.domain.course.CourseOff)
    - QuerySpaces
       - EntityQuerySpaceImpl(uid=<gen:0>, entity=com.ningmeng.framework.domain.course.CourseOff)
          - SQL table alias mapping - courseoff0_
          - alias suffix - 0_
          - suffixed key columns - {id1_4_0_}

2020-03-14 21:57:00.757 [main] DEBUG o.h.loader.entity.plan.EntityLoader - Static select for entity com.ningmeng.framework.domain.course.CourseOff [UPGRADE]: select courseoff0_.id as id1_4_0_, courseoff0_.charge as charge2_4_0_, courseoff0_.description as descript3_4_0_, courseoff0_.expires as expires4_4_0_, courseoff0_.grade as grade5_4_0_, courseoff0_.mt as mt6_4_0_, courseoff0_.name as name7_4_0_, courseoff0_.pic as pic8_4_0_, courseoff0_.price as price9_4_0_, courseoff0_.price_old as price_o10_4_0_, courseoff0_.qq as qq11_4_0_, courseoff0_.st as st12_4_0_, courseoff0_.studymodel as studymo13_4_0_, courseoff0_.teachplan as teachpl14_4_0_, courseoff0_.timestamp as timesta15_4_0_, courseoff0_.users as users16_4_0_, courseoff0_.valid as valid17_4_0_ from course_off courseoff0_ where courseoff0_.id=? for update
2020-03-14 21:57:00.757 [main] DEBUG o.h.l.p.b.i.spaces.QuerySpacesImpl - Adding QuerySpace : uid = <gen:0> -> org.hibernate.loader.plan.build.internal.spaces.EntityQuerySpaceImpl@60bc308b]
2020-03-14 21:57:00.757 [main] DEBUG o.h.p.w.spi.MetamodelGraphWalker - Visiting attribute path : charge
2020-03-14 21:57:00.757 [main] DEBUG o.h.p.w.spi.MetamodelGraphWalker - Visiting attribute path : description
2020-03-14 21:57:00.757 [main] DEBUG o.h.p.w.spi.MetamodelGraphWalker - Visiting attribute path : expires
2020-03-14 21:57:00.757 [main] DEBUG o.h.p.w.spi.MetamodelGraphWalker - Visiting attribute path : grade
2020-03-14 21:57:00.757 [main] DEBUG o.h.p.w.spi.MetamodelGraphWalker - Visiting attribute path : mt
2020-03-14 21:57:00.757 [main] DEBUG o.h.p.w.spi.MetamodelGraphWalker - Visiting attribute path : name
2020-03-14 21:57:00.757 [main] DEBUG o.h.p.w.spi.MetamodelGraphWalker - Visiting attribute path : pic
2020-03-14 21:57:00.757 [main] DEBUG o.h.p.w.spi.MetamodelGraphWalker - Visiting attribute path : price
2020-03-14 21:57:00.757 [main] DEBUG o.h.p.w.spi.MetamodelGraphWalker - Visiting attribute path : price_old
2020-03-14 21:57:00.757 [main] DEBUG o.h.p.w.spi.MetamodelGraphWalker - Visiting attribute path : qq
2020-03-14 21:57:00.758 [main] DEBUG o.h.p.w.spi.MetamodelGraphWalker - Visiting attribute path : st
2020-03-14 21:57:00.758 [main] DEBUG o.h.p.w.spi.MetamodelGraphWalker - Visiting attribute path : studymodel
2020-03-14 21:57:00.758 [main] DEBUG o.h.p.w.spi.MetamodelGraphWalker - Visiting attribute path : teachplan
2020-03-14 21:57:00.758 [main] DEBUG o.h.p.w.spi.MetamodelGraphWalker - Visiting attribute path : timestamp
2020-03-14 21:57:00.758 [main] DEBUG o.h.p.w.spi.MetamodelGraphWalker - Visiting attribute path : users
2020-03-14 21:57:00.758 [main] DEBUG o.h.p.w.spi.MetamodelGraphWalker - Visiting attribute path : valid
2020-03-14 21:57:00.758 [main] DEBUG o.h.l.p.b.i.FetchStyleLoadPlanBuildingAssociationVisitationStrategy - Building LoadPlan...
2020-03-14 21:57:00.760 [main] DEBUG o.h.l.p.e.i.LoadQueryJoinAndFetchProcessor - processing queryspace <gen:0>
2020-03-14 21:57:00.760 [main] DEBUG o.h.l.p.b.spi.LoadPlanTreePrinter - LoadPlan(entity=com.ningmeng.framework.domain.course.CourseOff)
    - Returns
       - EntityReturnImpl(entity=com.ningmeng.framework.domain.course.CourseOff, querySpaceUid=<gen:0>, path=com.ningmeng.framework.domain.course.CourseOff)
    - QuerySpaces
       - EntityQuerySpaceImpl(uid=<gen:0>, entity=com.ningmeng.framework.domain.course.CourseOff)
          - SQL table alias mapping - courseoff0_
          - alias suffix - 0_
          - suffixed key columns - {id1_4_0_}

2020-03-14 21:57:00.761 [main] DEBUG o.h.loader.entity.plan.EntityLoader - Static select for entity com.ningmeng.framework.domain.course.CourseOff [UPGRADE_NOWAIT]: select courseoff0_.id as id1_4_0_, courseoff0_.charge as charge2_4_0_, courseoff0_.description as descript3_4_0_, courseoff0_.expires as expires4_4_0_, courseoff0_.grade as grade5_4_0_, courseoff0_.mt as mt6_4_0_, courseoff0_.name as name7_4_0_, courseoff0_.pic as pic8_4_0_, courseoff0_.price as price9_4_0_, courseoff0_.price_old as price_o10_4_0_, courseoff0_.qq as qq11_4_0_, courseoff0_.st as st12_4_0_, courseoff0_.studymodel as studymo13_4_0_, courseoff0_.teachplan as teachpl14_4_0_, courseoff0_.timestamp as timesta15_4_0_, courseoff0_.users as users16_4_0_, courseoff0_.valid as valid17_4_0_ from course_off courseoff0_ where courseoff0_.id=? for update
2020-03-14 21:57:00.761 [main] DEBUG o.h.l.p.b.i.spaces.QuerySpacesImpl - Adding QuerySpace : uid = <gen:0> -> org.hibernate.loader.plan.build.internal.spaces.EntityQuerySpaceImpl@43f99817]
2020-03-14 21:57:00.761 [main] DEBUG o.h.p.w.spi.MetamodelGraphWalker - Visiting attribute path : charge
2020-03-14 21:57:00.761 [main] DEBUG o.h.p.w.spi.MetamodelGraphWalker - Visiting attribute path : description
2020-03-14 21:57:00.761 [main] DEBUG o.h.p.w.spi.MetamodelGraphWalker - Visiting attribute path : expires
2020-03-14 21:57:00.761 [main] DEBUG o.h.p.w.spi.MetamodelGraphWalker - Visiting attribute path : grade
2020-03-14 21:57:00.761 [main] DEBUG o.h.p.w.spi.MetamodelGraphWalker - Visiting attribute path : mt
2020-03-14 21:57:00.761 [main] DEBUG o.h.p.w.spi.MetamodelGraphWalker - Visiting attribute path : name
2020-03-14 21:57:00.761 [main] DEBUG o.h.p.w.spi.MetamodelGraphWalker - Visiting attribute path : pic
2020-03-14 21:57:00.761 [main] DEBUG o.h.p.w.spi.MetamodelGraphWalker - Visiting attribute path : price
2020-03-14 21:57:00.761 [main] DEBUG o.h.p.w.spi.MetamodelGraphWalker - Visiting attribute path : price_old
2020-03-14 21:57:00.761 [main] DEBUG o.h.p.w.spi.MetamodelGraphWalker - Visiting attribute path : qq
2020-03-14 21:57:00.761 [main] DEBUG o.h.p.w.spi.MetamodelGraphWalker - Visiting attribute path : st
2020-03-14 21:57:00.761 [main] DEBUG o.h.p.w.spi.MetamodelGraphWalker - Visiting attribute path : studymodel
2020-03-14 21:57:00.761 [main] DEBUG o.h.p.w.spi.MetamodelGraphWalker - Visiting attribute path : teachplan
2020-03-14 21:57:00.761 [main] DEBUG o.h.p.w.spi.MetamodelGraphWalker - Visiting attribute path : timestamp
2020-03-14 21:57:00.764 [main] DEBUG o.h.p.w.spi.MetamodelGraphWalker - Visiting attribute path : users
2020-03-14 21:57:00.765 [main] DEBUG o.h.p.w.spi.MetamodelGraphWalker - Visiting attribute path : valid
2020-03-14 21:57:00.765 [main] DEBUG o.h.l.p.b.i.FetchStyleLoadPlanBuildingAssociationVisitationStrategy - Building LoadPlan...
2020-03-14 21:57:00.765 [main] DEBUG o.h.l.p.e.i.LoadQueryJoinAndFetchProcessor - processing queryspace <gen:0>
2020-03-14 21:57:00.765 [main] DEBUG o.h.l.p.b.spi.LoadPlanTreePrinter - LoadPlan(entity=com.ningmeng.framework.domain.course.CourseOff)
    - Returns
       - EntityReturnImpl(entity=com.ningmeng.framework.domain.course.CourseOff, querySpaceUid=<gen:0>, path=com.ningmeng.framework.domain.course.CourseOff)
    - QuerySpaces
       - EntityQuerySpaceImpl(uid=<gen:0>, entity=com.ningmeng.framework.domain.course.CourseOff)
          - SQL table alias mapping - courseoff0_
          - alias suffix - 0_
          - suffixed key columns - {id1_4_0_}

2020-03-14 21:57:00.765 [main] DEBUG o.h.loader.entity.plan.EntityLoader - Static select for entity com.ningmeng.framework.domain.course.CourseOff [UPGRADE_SKIPLOCKED]: select courseoff0_.id as id1_4_0_, courseoff0_.charge as charge2_4_0_, courseoff0_.description as descript3_4_0_, courseoff0_.expires as expires4_4_0_, courseoff0_.grade as grade5_4_0_, courseoff0_.mt as mt6_4_0_, courseoff0_.name as name7_4_0_, courseoff0_.pic as pic8_4_0_, courseoff0_.price as price9_4_0_, courseoff0_.price_old as price_o10_4_0_, courseoff0_.qq as qq11_4_0_, courseoff0_.st as st12_4_0_, courseoff0_.studymodel as studymo13_4_0_, courseoff0_.teachplan as teachpl14_4_0_, courseoff0_.timestamp as timesta15_4_0_, courseoff0_.users as users16_4_0_, courseoff0_.valid as valid17_4_0_ from course_off courseoff0_ where courseoff0_.id=? for update
2020-03-14 21:57:00.766 [main] DEBUG o.h.l.p.b.i.spaces.QuerySpacesImpl - Adding QuerySpace : uid = <gen:0> -> org.hibernate.loader.plan.build.internal.spaces.EntityQuerySpaceImpl@2b9ecd05]
2020-03-14 21:57:00.766 [main] DEBUG o.h.p.w.spi.MetamodelGraphWalker - Visiting attribute path : charge
2020-03-14 21:57:00.766 [main] DEBUG o.h.p.w.spi.MetamodelGraphWalker - Visiting attribute path : description
2020-03-14 21:57:00.766 [main] DEBUG o.h.p.w.spi.MetamodelGraphWalker - Visiting attribute path : expires
2020-03-14 21:57:00.766 [main] DEBUG o.h.p.w.spi.MetamodelGraphWalker - Visiting attribute path : grade
2020-03-14 21:57:00.766 [main] DEBUG o.h.p.w.spi.MetamodelGraphWalker - Visiting attribute path : mt
2020-03-14 21:57:00.766 [main] DEBUG o.h.p.w.spi.MetamodelGraphWalker - Visiting attribute path : name
2020-03-14 21:57:00.766 [main] DEBUG o.h.p.w.spi.MetamodelGraphWalker - Visiting attribute path : pic
2020-03-14 21:57:00.766 [main] DEBUG o.h.p.w.spi.MetamodelGraphWalker - Visiting attribute path : price
2020-03-14 21:57:00.766 [main] DEBUG o.h.p.w.spi.MetamodelGraphWalker - Visiting attribute path : price_old
2020-03-14 21:57:00.766 [main] DEBUG o.h.p.w.spi.MetamodelGraphWalker - Visiting attribute path : qq
2020-03-14 21:57:00.766 [main] DEBUG o.h.p.w.spi.MetamodelGraphWalker - Visiting attribute path : st
2020-03-14 21:57:00.766 [main] DEBUG o.h.p.w.spi.MetamodelGraphWalker - Visiting attribute path : studymodel
2020-03-14 21:57:00.766 [main] DEBUG o.h.p.w.spi.MetamodelGraphWalker - Visiting attribute path : teachplan
2020-03-14 21:57:00.766 [main] DEBUG o.h.p.w.spi.MetamodelGraphWalker - Visiting attribute path : timestamp
2020-03-14 21:57:00.766 [main] DEBUG o.h.p.w.spi.MetamodelGraphWalker - Visiting attribute path : users
2020-03-14 21:57:00.766 [main] DEBUG o.h.p.w.spi.MetamodelGraphWalker - Visiting attribute path : valid
2020-03-14 21:57:00.766 [main] DEBUG o.h.l.p.b.i.FetchStyleLoadPlanBuildingAssociationVisitationStrategy - Building LoadPlan...
2020-03-14 21:57:00.766 [main] DEBUG o.h.l.p.e.i.LoadQueryJoinAndFetchProcessor - processing queryspace <gen:0>
2020-03-14 21:57:00.767 [main] DEBUG o.h.l.p.b.spi.LoadPlanTreePrinter - LoadPlan(entity=com.ningmeng.framework.domain.course.CourseOff)
    - Returns
       - EntityReturnImpl(entity=com.ningmeng.framework.domain.course.CourseOff, querySpaceUid=<gen:0>, path=com.ningmeng.framework.domain.course.CourseOff)
    - QuerySpaces
       - EntityQuerySpaceImpl(uid=<gen:0>, entity=com.ningmeng.framework.domain.course.CourseOff)
          - SQL table alias mapping - courseoff0_
          - alias suffix - 0_
          - suffixed key columns - {id1_4_0_}

2020-03-14 21:57:00.767 [main] DEBUG o.h.loader.entity.plan.EntityLoader - Static select for entity com.ningmeng.framework.domain.course.CourseOff [FORCE]: select courseoff0_.id as id1_4_0_, courseoff0_.charge as charge2_4_0_, courseoff0_.description as descript3_4_0_, courseoff0_.expires as expires4_4_0_, courseoff0_.grade as grade5_4_0_, courseoff0_.mt as mt6_4_0_, courseoff0_.name as name7_4_0_, courseoff0_.pic as pic8_4_0_, courseoff0_.price as price9_4_0_, courseoff0_.price_old as price_o10_4_0_, courseoff0_.qq as qq11_4_0_, courseoff0_.st as st12_4_0_, courseoff0_.studymodel as studymo13_4_0_, courseoff0_.teachplan as teachpl14_4_0_, courseoff0_.timestamp as timesta15_4_0_, courseoff0_.users as users16_4_0_, courseoff0_.valid as valid17_4_0_ from course_off courseoff0_ where courseoff0_.id=? for update
2020-03-14 21:57:00.767 [main] DEBUG o.h.l.p.b.i.spaces.QuerySpacesImpl - Adding QuerySpace : uid = <gen:0> -> org.hibernate.loader.plan.build.internal.spaces.EntityQuerySpaceImpl@3ec7ad61]
2020-03-14 21:57:00.767 [main] DEBUG o.h.p.w.spi.MetamodelGraphWalker - Visiting attribute path : charge
2020-03-14 21:57:00.767 [main] DEBUG o.h.p.w.spi.MetamodelGraphWalker - Visiting attribute path : description
2020-03-14 21:57:00.767 [main] DEBUG o.h.p.w.spi.MetamodelGraphWalker - Visiting attribute path : expires
2020-03-14 21:57:00.767 [main] DEBUG o.h.p.w.spi.MetamodelGraphWalker - Visiting attribute path : grade
2020-03-14 21:57:00.767 [main] DEBUG o.h.p.w.spi.MetamodelGraphWalker - Visiting attribute path : mt
2020-03-14 21:57:00.767 [main] DEBUG o.h.p.w.spi.MetamodelGraphWalker - Visiting attribute path : name
2020-03-14 21:57:00.767 [main] DEBUG o.h.p.w.spi.MetamodelGraphWalker - Visiting attribute path : pic
2020-03-14 21:57:00.767 [main] DEBUG o.h.p.w.spi.MetamodelGraphWalker - Visiting attribute path : price
2020-03-14 21:57:00.767 [main] DEBUG o.h.p.w.spi.MetamodelGraphWalker - Visiting attribute path : price_old
2020-03-14 21:57:00.767 [main] DEBUG o.h.p.w.spi.MetamodelGraphWalker - Visiting attribute path : qq
2020-03-14 21:57:00.767 [main] DEBUG o.h.p.w.spi.MetamodelGraphWalker - Visiting attribute path : st
2020-03-14 21:57:00.767 [main] DEBUG o.h.p.w.spi.MetamodelGraphWalker - Visiting attribute path : studymodel
2020-03-14 21:57:00.767 [main] DEBUG o.h.p.w.spi.MetamodelGraphWalker - Visiting attribute path : teachplan
2020-03-14 21:57:00.767 [main] DEBUG o.h.p.w.spi.MetamodelGraphWalker - Visiting attribute path : timestamp
2020-03-14 21:57:00.767 [main] DEBUG o.h.p.w.spi.MetamodelGraphWalker - Visiting attribute path : users
2020-03-14 21:57:00.767 [main] DEBUG o.h.p.w.spi.MetamodelGraphWalker - Visiting attribute path : valid
2020-03-14 21:57:00.767 [main] DEBUG o.h.l.p.b.i.FetchStyleLoadPlanBuildingAssociationVisitationStrategy - Building LoadPlan...
2020-03-14 21:57:00.768 [main] DEBUG o.h.l.p.e.i.LoadQueryJoinAndFetchProcessor - processing queryspace <gen:0>
2020-03-14 21:57:00.768 [main] DEBUG o.h.l.p.b.spi.LoadPlanTreePrinter - LoadPlan(entity=com.ningmeng.framework.domain.course.CourseOff)
    - Returns
       - EntityReturnImpl(entity=com.ningmeng.framework.domain.course.CourseOff, querySpaceUid=<gen:0>, path=com.ningmeng.framework.domain.course.CourseOff)
    - QuerySpaces
       - EntityQuerySpaceImpl(uid=<gen:0>, entity=com.ningmeng.framework.domain.course.CourseOff)
          - SQL table alias mapping - courseoff0_
          - alias suffix - 0_
          - suffixed key columns - {id1_4_0_}

2020-03-14 21:57:00.769 [main] DEBUG o.h.loader.entity.plan.EntityLoader - Static select for entity com.ningmeng.framework.domain.course.CourseOff [PESSIMISTIC_READ]: select courseoff0_.id as id1_4_0_, courseoff0_.charge as charge2_4_0_, courseoff0_.description as descript3_4_0_, courseoff0_.expires as expires4_4_0_, courseoff0_.grade as grade5_4_0_, courseoff0_.mt as mt6_4_0_, courseoff0_.name as name7_4_0_, courseoff0_.pic as pic8_4_0_, courseoff0_.price as price9_4_0_, courseoff0_.price_old as price_o10_4_0_, courseoff0_.qq as qq11_4_0_, courseoff0_.st as st12_4_0_, courseoff0_.studymodel as studymo13_4_0_, courseoff0_.teachplan as teachpl14_4_0_, courseoff0_.timestamp as timesta15_4_0_, courseoff0_.users as users16_4_0_, courseoff0_.valid as valid17_4_0_ from course_off courseoff0_ where courseoff0_.id=? lock in share mode
2020-03-14 21:57:00.772 [main] DEBUG o.h.l.p.b.i.spaces.QuerySpacesImpl - Adding QuerySpace : uid = <gen:0> -> org.hibernate.loader.plan.build.internal.spaces.EntityQuerySpaceImpl@7598d675]
2020-03-14 21:57:00.772 [main] DEBUG o.h.p.w.spi.MetamodelGraphWalker - Visiting attribute path : charge
2020-03-14 21:57:00.772 [main] DEBUG o.h.p.w.spi.MetamodelGraphWalker - Visiting attribute path : description
2020-03-14 21:57:00.772 [main] DEBUG o.h.p.w.spi.MetamodelGraphWalker - Visiting attribute path : expires
2020-03-14 21:57:00.772 [main] DEBUG o.h.p.w.spi.MetamodelGraphWalker - Visiting attribute path : grade
2020-03-14 21:57:00.772 [main] DEBUG o.h.p.w.spi.MetamodelGraphWalker - Visiting attribute path : mt
2020-03-14 21:57:00.772 [main] DEBUG o.h.p.w.spi.MetamodelGraphWalker - Visiting attribute path : name
2020-03-14 21:57:00.773 [main] DEBUG o.h.p.w.spi.MetamodelGraphWalker - Visiting attribute path : pic
2020-03-14 21:57:00.773 [main] DEBUG o.h.p.w.spi.MetamodelGraphWalker - Visiting attribute path : price
2020-03-14 21:57:00.773 [main] DEBUG o.h.p.w.spi.MetamodelGraphWalker - Visiting attribute path : price_old
2020-03-14 21:57:00.773 [main] DEBUG o.h.p.w.spi.MetamodelGraphWalker - Visiting attribute path : qq
2020-03-14 21:57:00.773 [main] DEBUG o.h.p.w.spi.MetamodelGraphWalker - Visiting attribute path : st
2020-03-14 21:57:00.773 [main] DEBUG o.h.p.w.spi.MetamodelGraphWalker - Visiting attribute path : studymodel
2020-03-14 21:57:00.773 [main] DEBUG o.h.p.w.spi.MetamodelGraphWalker - Visiting attribute path : teachplan
2020-03-14 21:57:00.773 [main] DEBUG o.h.p.w.spi.MetamodelGraphWalker - Visiting attribute path : timestamp
2020-03-14 21:57:00.773 [main] DEBUG o.h.p.w.spi.MetamodelGraphWalker - Visiting attribute path : users
2020-03-14 21:57:00.773 [main] DEBUG o.h.p.w.spi.MetamodelGraphWalker - Visiting attribute path : valid
2020-03-14 21:57:00.773 [main] DEBUG o.h.l.p.b.i.FetchStyleLoadPlanBuildingAssociationVisitationStrategy - Building LoadPlan...
2020-03-14 21:57:00.773 [main] DEBUG o.h.l.p.e.i.LoadQueryJoinAndFetchProcessor - processing queryspace <gen:0>
2020-03-14 21:57:00.773 [main] DEBUG o.h.l.p.b.spi.LoadPlanTreePrinter - LoadPlan(entity=com.ningmeng.framework.domain.course.CourseOff)
    - Returns
       - EntityReturnImpl(entity=com.ningmeng.framework.domain.course.CourseOff, querySpaceUid=<gen:0>, path=com.ningmeng.framework.domain.course.CourseOff)
    - QuerySpaces
       - EntityQuerySpaceImpl(uid=<gen:0>, entity=com.ningmeng.framework.domain.course.CourseOff)
          - SQL table alias mapping - courseoff0_
          - alias suffix - 0_
          - suffixed key columns - {id1_4_0_}

2020-03-14 21:57:00.774 [main] DEBUG o.h.loader.entity.plan.EntityLoader - Static select for entity com.ningmeng.framework.domain.course.CourseOff [PESSIMISTIC_WRITE]: select courseoff0_.id as id1_4_0_, courseoff0_.charge as charge2_4_0_, courseoff0_.description as descript3_4_0_, courseoff0_.expires as expires4_4_0_, courseoff0_.grade as grade5_4_0_, courseoff0_.mt as mt6_4_0_, courseoff0_.name as name7_4_0_, courseoff0_.pic as pic8_4_0_, courseoff0_.price as price9_4_0_, courseoff0_.price_old as price_o10_4_0_, courseoff0_.qq as qq11_4_0_, courseoff0_.st as st12_4_0_, courseoff0_.studymodel as studymo13_4_0_, courseoff0_.teachplan as teachpl14_4_0_, courseoff0_.timestamp as timesta15_4_0_, courseoff0_.users as users16_4_0_, courseoff0_.valid as valid17_4_0_ from course_off courseoff0_ where courseoff0_.id=? for update
2020-03-14 21:57:00.774 [main] DEBUG o.h.l.p.b.i.spaces.QuerySpacesImpl - Adding QuerySpace : uid = <gen:0> -> org.hibernate.loader.plan.build.internal.spaces.EntityQuerySpaceImpl@4ae958b0]
2020-03-14 21:57:00.774 [main] DEBUG o.h.p.w.spi.MetamodelGraphWalker - Visiting attribute path : charge
2020-03-14 21:57:00.774 [main] DEBUG o.h.p.w.spi.MetamodelGraphWalker - Visiting attribute path : description
2020-03-14 21:57:00.774 [main] DEBUG o.h.p.w.spi.MetamodelGraphWalker - Visiting attribute path : expires
2020-03-14 21:57:00.774 [main] DEBUG o.h.p.w.spi.MetamodelGraphWalker - Visiting attribute path : grade
2020-03-14 21:57:00.774 [main] DEBUG o.h.p.w.spi.MetamodelGraphWalker - Visiting attribute path : mt
2020-03-14 21:57:00.774 [main] DEBUG o.h.p.w.spi.MetamodelGraphWalker - Visiting attribute path : name
2020-03-14 21:57:00.774 [main] DEBUG o.h.p.w.spi.MetamodelGraphWalker - Visiting attribute path : pic
2020-03-14 21:57:00.774 [main] DEBUG o.h.p.w.spi.MetamodelGraphWalker - Visiting attribute path : price
2020-03-14 21:57:00.774 [main] DEBUG o.h.p.w.spi.MetamodelGraphWalker - Visiting attribute path : price_old
2020-03-14 21:57:00.774 [main] DEBUG o.h.p.w.spi.MetamodelGraphWalker - Visiting attribute path : qq
2020-03-14 21:57:00.774 [main] DEBUG o.h.p.w.spi.MetamodelGraphWalker - Visiting attribute path : st
2020-03-14 21:57:00.774 [main] DEBUG o.h.p.w.spi.MetamodelGraphWalker - Visiting attribute path : studymodel
2020-03-14 21:57:00.774 [main] DEBUG o.h.p.w.spi.MetamodelGraphWalker - Visiting attribute path : teachplan
2020-03-14 21:57:00.774 [main] DEBUG o.h.p.w.spi.MetamodelGraphWalker - Visiting attribute path : timestamp
2020-03-14 21:57:00.774 [main] DEBUG o.h.p.w.spi.MetamodelGraphWalker - Visiting attribute path : users
2020-03-14 21:57:00.774 [main] DEBUG o.h.p.w.spi.MetamodelGraphWalker - Visiting attribute path : valid
2020-03-14 21:57:00.774 [main] DEBUG o.h.l.p.b.i.FetchStyleLoadPlanBuildingAssociationVisitationStrategy - Building LoadPlan...
2020-03-14 21:57:00.775 [main] DEBUG o.h.l.p.e.i.LoadQueryJoinAndFetchProcessor - processing queryspace <gen:0>
2020-03-14 21:57:00.775 [main] DEBUG o.h.l.p.b.spi.LoadPlanTreePrinter - LoadPlan(entity=com.ningmeng.framework.domain.course.CourseOff)
    - Returns
       - EntityReturnImpl(entity=com.ningmeng.framework.domain.course.CourseOff, querySpaceUid=<gen:0>, path=com.ningmeng.framework.domain.course.CourseOff)
    - QuerySpaces
       - EntityQuerySpaceImpl(uid=<gen:0>, entity=com.ningmeng.framework.domain.course.CourseOff)
          - SQL table alias mapping - courseoff0_
          - alias suffix - 0_
          - suffixed key columns - {id1_4_0_}

2020-03-14 21:57:00.775 [main] DEBUG o.h.loader.entity.plan.EntityLoader - Static select for entity com.ningmeng.framework.domain.course.CourseOff [PESSIMISTIC_FORCE_INCREMENT]: select courseoff0_.id as id1_4_0_, courseoff0_.charge as charge2_4_0_, courseoff0_.description as descript3_4_0_, courseoff0_.expires as expires4_4_0_, courseoff0_.grade as grade5_4_0_, courseoff0_.mt as mt6_4_0_, courseoff0_.name as name7_4_0_, courseoff0_.pic as pic8_4_0_, courseoff0_.price as price9_4_0_, courseoff0_.price_old as price_o10_4_0_, courseoff0_.qq as qq11_4_0_, courseoff0_.st as st12_4_0_, courseoff0_.studymodel as studymo13_4_0_, courseoff0_.teachplan as teachpl14_4_0_, courseoff0_.timestamp as timesta15_4_0_, courseoff0_.users as users16_4_0_, courseoff0_.valid as valid17_4_0_ from course_off courseoff0_ where courseoff0_.id=? for update
2020-03-14 21:57:00.775 [main] DEBUG o.h.l.p.b.i.spaces.QuerySpacesImpl - Adding QuerySpace : uid = <gen:0> -> org.hibernate.loader.plan.build.internal.spaces.EntityQuerySpaceImpl@4ff074a0]
2020-03-14 21:57:00.775 [main] DEBUG o.h.p.w.spi.MetamodelGraphWalker - Visiting attribute path : charge
2020-03-14 21:57:00.775 [main] DEBUG o.h.p.w.spi.MetamodelGraphWalker - Visiting attribute path : description
2020-03-14 21:57:00.775 [main] DEBUG o.h.p.w.spi.MetamodelGraphWalker - Visiting attribute path : expires
2020-03-14 21:57:00.776 [main] DEBUG o.h.p.w.spi.MetamodelGraphWalker - Visiting attribute path : grade
2020-03-14 21:57:00.776 [main] DEBUG o.h.p.w.spi.MetamodelGraphWalker - Visiting attribute path : mt
2020-03-14 21:57:00.776 [main] DEBUG o.h.p.w.spi.MetamodelGraphWalker - Visiting attribute path : name
2020-03-14 21:57:00.776 [main] DEBUG o.h.p.w.spi.MetamodelGraphWalker - Visiting attribute path : pic
2020-03-14 21:57:00.776 [main] DEBUG o.h.p.w.spi.MetamodelGraphWalker - Visiting attribute path : price
2020-03-14 21:57:00.776 [main] DEBUG o.h.p.w.spi.MetamodelGraphWalker - Visiting attribute path : price_old
2020-03-14 21:57:00.776 [main] DEBUG o.h.p.w.spi.MetamodelGraphWalker - Visiting attribute path : qq
2020-03-14 21:57:00.776 [main] DEBUG o.h.p.w.spi.MetamodelGraphWalker - Visiting attribute path : st
2020-03-14 21:57:00.776 [main] DEBUG o.h.p.w.spi.MetamodelGraphWalker - Visiting attribute path : studymodel
2020-03-14 21:57:00.776 [main] DEBUG o.h.p.w.spi.MetamodelGraphWalker - Visiting attribute path : teachplan
2020-03-14 21:57:00.776 [main] DEBUG o.h.p.w.spi.MetamodelGraphWalker - Visiting attribute path : timestamp
2020-03-14 21:57:00.776 [main] DEBUG o.h.p.w.spi.MetamodelGraphWalker - Visiting attribute path : users
2020-03-14 21:57:00.776 [main] DEBUG o.h.p.w.spi.MetamodelGraphWalker - Visiting attribute path : valid
2020-03-14 21:57:00.776 [main] DEBUG o.h.l.p.b.i.FetchStyleLoadPlanBuildingAssociationVisitationStrategy - Building LoadPlan...
2020-03-14 21:57:00.776 [main] DEBUG o.h.l.p.e.i.LoadQueryJoinAndFetchProcessor - processing queryspace <gen:0>
2020-03-14 21:57:00.777 [main] DEBUG o.h.l.p.b.spi.LoadPlanTreePrinter - LoadPlan(entity=com.ningmeng.framework.domain.course.CourseOff)
    - Returns
       - EntityReturnImpl(entity=com.ningmeng.framework.domain.course.CourseOff, querySpaceUid=<gen:0>, path=com.ningmeng.framework.domain.course.CourseOff)
    - QuerySpaces
       - EntityQuerySpaceImpl(uid=<gen:0>, entity=com.ningmeng.framework.domain.course.CourseOff)
          - SQL table alias mapping - courseoff0_
          - alias suffix - 0_
          - suffixed key columns - {id1_4_0_}

2020-03-14 21:57:00.777 [main] DEBUG o.h.loader.entity.plan.EntityLoader - Static select for entity com.ningmeng.framework.domain.course.CourseOff [OPTIMISTIC]: select courseoff0_.id as id1_4_0_, courseoff0_.charge as charge2_4_0_, courseoff0_.description as descript3_4_0_, courseoff0_.expires as expires4_4_0_, courseoff0_.grade as grade5_4_0_, courseoff0_.mt as mt6_4_0_, courseoff0_.name as name7_4_0_, courseoff0_.pic as pic8_4_0_, courseoff0_.price as price9_4_0_, courseoff0_.price_old as price_o10_4_0_, courseoff0_.qq as qq11_4_0_, courseoff0_.st as st12_4_0_, courseoff0_.studymodel as studymo13_4_0_, courseoff0_.teachplan as teachpl14_4_0_, courseoff0_.timestamp as timesta15_4_0_, courseoff0_.users as users16_4_0_, courseoff0_.valid as valid17_4_0_ from course_off courseoff0_ where courseoff0_.id=?
2020-03-14 21:57:00.777 [main] DEBUG o.h.l.p.b.i.spaces.QuerySpacesImpl - Adding QuerySpace : uid = <gen:0> -> org.hibernate.loader.plan.build.internal.spaces.EntityQuerySpaceImpl@34a33343]
2020-03-14 21:57:00.777 [main] DEBUG o.h.p.w.spi.MetamodelGraphWalker - Visiting attribute path : charge
2020-03-14 21:57:00.777 [main] DEBUG o.h.p.w.spi.MetamodelGraphWalker - Visiting attribute path : description
2020-03-14 21:57:00.777 [main] DEBUG o.h.p.w.spi.MetamodelGraphWalker - Visiting attribute path : expires
2020-03-14 21:57:00.777 [main] DEBUG o.h.p.w.spi.MetamodelGraphWalker - Visiting attribute path : grade
2020-03-14 21:57:00.777 [main] DEBUG o.h.p.w.spi.MetamodelGraphWalker - Visiting attribute path : mt
2020-03-14 21:57:00.777 [main] DEBUG o.h.p.w.spi.MetamodelGraphWalker - Visiting attribute path : name
2020-03-14 21:57:00.777 [main] DEBUG o.h.p.w.spi.MetamodelGraphWalker - Visiting attribute path : pic
2020-03-14 21:57:00.777 [main] DEBUG o.h.p.w.spi.MetamodelGraphWalker - Visiting attribute path : price
2020-03-14 21:57:00.777 [main] DEBUG o.h.p.w.spi.MetamodelGraphWalker - Visiting attribute path : price_old
2020-03-14 21:57:00.777 [main] DEBUG o.h.p.w.spi.MetamodelGraphWalker - Visiting attribute path : qq
2020-03-14 21:57:00.777 [main] DEBUG o.h.p.w.spi.MetamodelGraphWalker - Visiting attribute path : st
2020-03-14 21:57:00.777 [main] DEBUG o.h.p.w.spi.MetamodelGraphWalker - Visiting attribute path : studymodel
2020-03-14 21:57:00.777 [main] DEBUG o.h.p.w.spi.MetamodelGraphWalker - Visiting attribute path : teachplan
2020-03-14 21:57:00.777 [main] DEBUG o.h.p.w.spi.MetamodelGraphWalker - Visiting attribute path : timestamp
2020-03-14 21:57:00.777 [main] DEBUG o.h.p.w.spi.MetamodelGraphWalker - Visiting attribute path : users
2020-03-14 21:57:00.777 [main] DEBUG o.h.p.w.spi.MetamodelGraphWalker - Visiting attribute path : valid
2020-03-14 21:57:00.778 [main] DEBUG o.h.l.p.b.i.FetchStyleLoadPlanBuildingAssociationVisitationStrategy - Building LoadPlan...
2020-03-14 21:57:00.780 [main] DEBUG o.h.l.p.e.i.LoadQueryJoinAndFetchProcessor - processing queryspace <gen:0>
2020-03-14 21:57:00.780 [main] DEBUG o.h.l.p.b.spi.LoadPlanTreePrinter - LoadPlan(entity=com.ningmeng.framework.domain.course.CourseOff)
    - Returns
       - EntityReturnImpl(entity=com.ningmeng.framework.domain.course.CourseOff, querySpaceUid=<gen:0>, path=com.ningmeng.framework.domain.course.CourseOff)
    - QuerySpaces
       - EntityQuerySpaceImpl(uid=<gen:0>, entity=com.ningmeng.framework.domain.course.CourseOff)
          - SQL table alias mapping - courseoff0_
          - alias suffix - 0_
          - suffixed key columns - {id1_4_0_}

2020-03-14 21:57:00.783 [main] DEBUG o.h.loader.entity.plan.EntityLoader - Static select for entity com.ningmeng.framework.domain.course.CourseOff [OPTIMISTIC_FORCE_INCREMENT]: select courseoff0_.id as id1_4_0_, courseoff0_.charge as charge2_4_0_, courseoff0_.description as descript3_4_0_, courseoff0_.expires as expires4_4_0_, courseoff0_.grade as grade5_4_0_, courseoff0_.mt as mt6_4_0_, courseoff0_.name as name7_4_0_, courseoff0_.pic as pic8_4_0_, courseoff0_.price as price9_4_0_, courseoff0_.price_old as price_o10_4_0_, courseoff0_.qq as qq11_4_0_, courseoff0_.st as st12_4_0_, courseoff0_.studymodel as studymo13_4_0_, courseoff0_.teachplan as teachpl14_4_0_, courseoff0_.timestamp as timesta15_4_0_, courseoff0_.users as users16_4_0_, courseoff0_.valid as valid17_4_0_ from course_off courseoff0_ where courseoff0_.id=?
2020-03-14 21:57:00.788 [main] DEBUG org.hibernate.loader.Loader - Static select for action ACTION_MERGE on entity com.ningmeng.framework.domain.course.CourseOff: select courseoff0_.id as id1_4_0_, courseoff0_.charge as charge2_4_0_, courseoff0_.description as descript3_4_0_, courseoff0_.expires as expires4_4_0_, courseoff0_.grade as grade5_4_0_, courseoff0_.mt as mt6_4_0_, courseoff0_.name as name7_4_0_, courseoff0_.pic as pic8_4_0_, courseoff0_.price as price9_4_0_, courseoff0_.price_old as price_o10_4_0_, courseoff0_.qq as qq11_4_0_, courseoff0_.st as st12_4_0_, courseoff0_.studymodel as studymo13_4_0_, courseoff0_.teachplan as teachpl14_4_0_, courseoff0_.timestamp as timesta15_4_0_, courseoff0_.users as users16_4_0_, courseoff0_.valid as valid17_4_0_ from course_off courseoff0_ where courseoff0_.id=?
2020-03-14 21:57:00.788 [main] DEBUG org.hibernate.loader.Loader - Static select for action ACTION_REFRESH on entity com.ningmeng.framework.domain.course.CourseOff: select courseoff0_.id as id1_4_0_, courseoff0_.charge as charge2_4_0_, courseoff0_.description as descript3_4_0_, courseoff0_.expires as expires4_4_0_, courseoff0_.grade as grade5_4_0_, courseoff0_.mt as mt6_4_0_, courseoff0_.name as name7_4_0_, courseoff0_.pic as pic8_4_0_, courseoff0_.price as price9_4_0_, courseoff0_.price_old as price_o10_4_0_, courseoff0_.qq as qq11_4_0_, courseoff0_.st as st12_4_0_, courseoff0_.studymodel as studymo13_4_0_, courseoff0_.teachplan as teachpl14_4_0_, courseoff0_.timestamp as timesta15_4_0_, courseoff0_.users as users16_4_0_, courseoff0_.valid as valid17_4_0_ from course_off courseoff0_ where courseoff0_.id=?
2020-03-14 21:57:00.789 [main] DEBUG o.h.p.entity.AbstractEntityPersister - Static SQL for entity: com.ningmeng.framework.domain.course.CourseIndex
2020-03-14 21:57:00.789 [main] DEBUG o.h.p.entity.AbstractEntityPersister -  Version select: select id from course_index where id =?
2020-03-14 21:57:00.789 [main] DEBUG o.h.p.entity.AbstractEntityPersister -  Snapshot select: select courseinde_.id, courseinde_.charge as charge2_2_, courseinde_.description as descript3_2_, courseinde_.expires as expires4_2_, courseinde_.grade as grade5_2_, courseinde_.mt as mt6_2_, courseinde_.name as name7_2_, courseinde_.pic as pic8_2_, courseinde_.price as price9_2_, courseinde_.price_old as price_o10_2_, courseinde_.qq as qq11_2_, courseinde_.st as st12_2_, courseinde_.studymodel as studymo13_2_, courseinde_.teachmode as teachmo14_2_, courseinde_.teachplan as teachpl15_2_, courseinde_.timestamp as timesta16_2_, courseinde_.users as users17_2_, courseinde_.valid as valid18_2_ from course_index courseinde_ where courseinde_.id=?
2020-03-14 21:57:00.789 [main] DEBUG o.h.p.entity.AbstractEntityPersister -  Insert 0: insert into course_index (charge, description, expires, grade, mt, name, pic, price, price_old, qq, st, studymodel, teachmode, teachplan, timestamp, users, valid, id) values (?, ?, ?, ?, ?, ?, ?, ?, ?, ?, ?, ?, ?, ?, ?, ?, ?, ?)
2020-03-14 21:57:00.790 [main] DEBUG o.h.p.entity.AbstractEntityPersister -  Update 0: update course_index set charge=?, description=?, expires=?, grade=?, mt=?, name=?, pic=?, price=?, price_old=?, qq=?, st=?, studymodel=?, teachmode=?, teachplan=?, timestamp=?, users=?, valid=? where id=?
2020-03-14 21:57:00.790 [main] DEBUG o.h.p.entity.AbstractEntityPersister -  Delete 0: delete from course_index where id=?
2020-03-14 21:57:00.790 [main] DEBUG o.h.l.p.b.i.spaces.QuerySpacesImpl - Adding QuerySpace : uid = <gen:0> -> org.hibernate.loader.plan.build.internal.spaces.EntityQuerySpaceImpl@459e120b]
2020-03-14 21:57:00.792 [main] DEBUG o.h.p.w.spi.MetamodelGraphWalker - Visiting attribute path : charge
2020-03-14 21:57:00.793 [main] DEBUG o.h.p.w.spi.MetamodelGraphWalker - Visiting attribute path : description
2020-03-14 21:57:00.793 [main] DEBUG o.h.p.w.spi.MetamodelGraphWalker - Visiting attribute path : expires
2020-03-14 21:57:00.793 [main] DEBUG o.h.p.w.spi.MetamodelGraphWalker - Visiting attribute path : grade
2020-03-14 21:57:00.793 [main] DEBUG o.h.p.w.spi.MetamodelGraphWalker - Visiting attribute path : mt
2020-03-14 21:57:00.793 [main] DEBUG o.h.p.w.spi.MetamodelGraphWalker - Visiting attribute path : name
2020-03-14 21:57:00.793 [main] DEBUG o.h.p.w.spi.MetamodelGraphWalker - Visiting attribute path : pic
2020-03-14 21:57:00.793 [main] DEBUG o.h.p.w.spi.MetamodelGraphWalker - Visiting attribute path : price
2020-03-14 21:57:00.793 [main] DEBUG o.h.p.w.spi.MetamodelGraphWalker - Visiting attribute path : price_old
2020-03-14 21:57:00.793 [main] DEBUG o.h.p.w.spi.MetamodelGraphWalker - Visiting attribute path : qq
2020-03-14 21:57:00.793 [main] DEBUG o.h.p.w.spi.MetamodelGraphWalker - Visiting attribute path : st
2020-03-14 21:57:00.793 [main] DEBUG o.h.p.w.spi.MetamodelGraphWalker - Visiting attribute path : studymodel
2020-03-14 21:57:00.793 [main] DEBUG o.h.p.w.spi.MetamodelGraphWalker - Visiting attribute path : teachmode
2020-03-14 21:57:00.793 [main] DEBUG o.h.p.w.spi.MetamodelGraphWalker - Visiting attribute path : teachplan
2020-03-14 21:57:00.794 [main] DEBUG o.h.p.w.spi.MetamodelGraphWalker - Visiting attribute path : timestamp
2020-03-14 21:57:00.794 [main] DEBUG o.h.p.w.spi.MetamodelGraphWalker - Visiting attribute path : users
2020-03-14 21:57:00.794 [main] DEBUG o.h.p.w.spi.MetamodelGraphWalker - Visiting attribute path : valid
2020-03-14 21:57:00.794 [main] DEBUG o.h.l.p.b.i.FetchStyleLoadPlanBuildingAssociationVisitationStrategy - Building LoadPlan...
2020-03-14 21:57:00.794 [main] DEBUG o.h.l.p.e.i.LoadQueryJoinAndFetchProcessor - processing queryspace <gen:0>
2020-03-14 21:57:00.800 [main] DEBUG o.h.l.p.b.spi.LoadPlanTreePrinter - LoadPlan(entity=com.ningmeng.framework.domain.course.CourseIndex)
    - Returns
       - EntityReturnImpl(entity=com.ningmeng.framework.domain.course.CourseIndex, querySpaceUid=<gen:0>, path=com.ningmeng.framework.domain.course.CourseIndex)
    - QuerySpaces
       - EntityQuerySpaceImpl(uid=<gen:0>, entity=com.ningmeng.framework.domain.course.CourseIndex)
          - SQL table alias mapping - courseinde0_
          - alias suffix - 0_
          - suffixed key columns - {id1_2_0_}

2020-03-14 21:57:00.801 [main] DEBUG o.h.loader.entity.plan.EntityLoader - Static select for entity com.ningmeng.framework.domain.course.CourseIndex [NONE]: select courseinde0_.id as id1_2_0_, courseinde0_.charge as charge2_2_0_, courseinde0_.description as descript3_2_0_, courseinde0_.expires as expires4_2_0_, courseinde0_.grade as grade5_2_0_, courseinde0_.mt as mt6_2_0_, courseinde0_.name as name7_2_0_, courseinde0_.pic as pic8_2_0_, courseinde0_.price as price9_2_0_, courseinde0_.price_old as price_o10_2_0_, courseinde0_.qq as qq11_2_0_, courseinde0_.st as st12_2_0_, courseinde0_.studymodel as studymo13_2_0_, courseinde0_.teachmode as teachmo14_2_0_, courseinde0_.teachplan as teachpl15_2_0_, courseinde0_.timestamp as timesta16_2_0_, courseinde0_.users as users17_2_0_, courseinde0_.valid as valid18_2_0_ from course_index courseinde0_ where courseinde0_.id=?
2020-03-14 21:57:00.802 [main] DEBUG o.h.l.p.b.i.spaces.QuerySpacesImpl - Adding QuerySpace : uid = <gen:0> -> org.hibernate.loader.plan.build.internal.spaces.EntityQuerySpaceImpl@22429a11]
2020-03-14 21:57:00.802 [main] DEBUG o.h.p.w.spi.MetamodelGraphWalker - Visiting attribute path : charge
2020-03-14 21:57:00.802 [main] DEBUG o.h.p.w.spi.MetamodelGraphWalker - Visiting attribute path : description
2020-03-14 21:57:00.802 [main] DEBUG o.h.p.w.spi.MetamodelGraphWalker - Visiting attribute path : expires
2020-03-14 21:57:00.802 [main] DEBUG o.h.p.w.spi.MetamodelGraphWalker - Visiting attribute path : grade
2020-03-14 21:57:00.802 [main] DEBUG o.h.p.w.spi.MetamodelGraphWalker - Visiting attribute path : mt
2020-03-14 21:57:00.802 [main] DEBUG o.h.p.w.spi.MetamodelGraphWalker - Visiting attribute path : name
2020-03-14 21:57:00.803 [main] DEBUG o.h.p.w.spi.MetamodelGraphWalker - Visiting attribute path : pic
2020-03-14 21:57:00.803 [main] DEBUG o.h.p.w.spi.MetamodelGraphWalker - Visiting attribute path : price
2020-03-14 21:57:00.803 [main] DEBUG o.h.p.w.spi.MetamodelGraphWalker - Visiting attribute path : price_old
2020-03-14 21:57:00.803 [main] DEBUG o.h.p.w.spi.MetamodelGraphWalker - Visiting attribute path : qq
2020-03-14 21:57:00.804 [main] DEBUG o.h.p.w.spi.MetamodelGraphWalker - Visiting attribute path : st
2020-03-14 21:57:00.804 [main] DEBUG o.h.p.w.spi.MetamodelGraphWalker - Visiting attribute path : studymodel
2020-03-14 21:57:00.804 [main] DEBUG o.h.p.w.spi.MetamodelGraphWalker - Visiting attribute path : teachmode
2020-03-14 21:57:00.804 [main] DEBUG o.h.p.w.spi.MetamodelGraphWalker - Visiting attribute path : teachplan
2020-03-14 21:57:00.804 [main] DEBUG o.h.p.w.spi.MetamodelGraphWalker - Visiting attribute path : timestamp
2020-03-14 21:57:00.804 [main] DEBUG o.h.p.w.spi.MetamodelGraphWalker - Visiting attribute path : users
2020-03-14 21:57:00.804 [main] DEBUG o.h.p.w.spi.MetamodelGraphWalker - Visiting attribute path : valid
2020-03-14 21:57:00.806 [main] DEBUG o.h.l.p.b.i.FetchStyleLoadPlanBuildingAssociationVisitationStrategy - Building LoadPlan...
2020-03-14 21:57:00.807 [main] DEBUG o.h.l.p.e.i.LoadQueryJoinAndFetchProcessor - processing queryspace <gen:0>
2020-03-14 21:57:00.807 [main] DEBUG o.h.l.p.b.spi.LoadPlanTreePrinter - LoadPlan(entity=com.ningmeng.framework.domain.course.CourseIndex)
    - Returns
       - EntityReturnImpl(entity=com.ningmeng.framework.domain.course.CourseIndex, querySpaceUid=<gen:0>, path=com.ningmeng.framework.domain.course.CourseIndex)
    - QuerySpaces
       - EntityQuerySpaceImpl(uid=<gen:0>, entity=com.ningmeng.framework.domain.course.CourseIndex)
          - SQL table alias mapping - courseinde0_
          - alias suffix - 0_
          - suffixed key columns - {id1_2_0_}

2020-03-14 21:57:00.807 [main] DEBUG o.h.loader.entity.plan.EntityLoader - Static select for entity com.ningmeng.framework.domain.course.CourseIndex [READ]: select courseinde0_.id as id1_2_0_, courseinde0_.charge as charge2_2_0_, courseinde0_.description as descript3_2_0_, courseinde0_.expires as expires4_2_0_, courseinde0_.grade as grade5_2_0_, courseinde0_.mt as mt6_2_0_, courseinde0_.name as name7_2_0_, courseinde0_.pic as pic8_2_0_, courseinde0_.price as price9_2_0_, courseinde0_.price_old as price_o10_2_0_, courseinde0_.qq as qq11_2_0_, courseinde0_.st as st12_2_0_, courseinde0_.studymodel as studymo13_2_0_, courseinde0_.teachmode as teachmo14_2_0_, courseinde0_.teachplan as teachpl15_2_0_, courseinde0_.timestamp as timesta16_2_0_, courseinde0_.users as users17_2_0_, courseinde0_.valid as valid18_2_0_ from course_index courseinde0_ where courseinde0_.id=?
2020-03-14 21:57:00.808 [main] DEBUG o.h.l.p.b.i.spaces.QuerySpacesImpl - Adding QuerySpace : uid = <gen:0> -> org.hibernate.loader.plan.build.internal.spaces.EntityQuerySpaceImpl@275902e1]
2020-03-14 21:57:00.808 [main] DEBUG o.h.p.w.spi.MetamodelGraphWalker - Visiting attribute path : charge
2020-03-14 21:57:00.808 [main] DEBUG o.h.p.w.spi.MetamodelGraphWalker - Visiting attribute path : description
2020-03-14 21:57:00.808 [main] DEBUG o.h.p.w.spi.MetamodelGraphWalker - Visiting attribute path : expires
2020-03-14 21:57:00.808 [main] DEBUG o.h.p.w.spi.MetamodelGraphWalker - Visiting attribute path : grade
2020-03-14 21:57:00.808 [main] DEBUG o.h.p.w.spi.MetamodelGraphWalker - Visiting attribute path : mt
2020-03-14 21:57:00.808 [main] DEBUG o.h.p.w.spi.MetamodelGraphWalker - Visiting attribute path : name
2020-03-14 21:57:00.808 [main] DEBUG o.h.p.w.spi.MetamodelGraphWalker - Visiting attribute path : pic
2020-03-14 21:57:00.808 [main] DEBUG o.h.p.w.spi.MetamodelGraphWalker - Visiting attribute path : price
2020-03-14 21:57:00.808 [main] DEBUG o.h.p.w.spi.MetamodelGraphWalker - Visiting attribute path : price_old
2020-03-14 21:57:00.808 [main] DEBUG o.h.p.w.spi.MetamodelGraphWalker - Visiting attribute path : qq
2020-03-14 21:57:00.808 [main] DEBUG o.h.p.w.spi.MetamodelGraphWalker - Visiting attribute path : st
2020-03-14 21:57:00.808 [main] DEBUG o.h.p.w.spi.MetamodelGraphWalker - Visiting attribute path : studymodel
2020-03-14 21:57:00.809 [main] DEBUG o.h.p.w.spi.MetamodelGraphWalker - Visiting attribute path : teachmode
2020-03-14 21:57:00.809 [main] DEBUG o.h.p.w.spi.MetamodelGraphWalker - Visiting attribute path : teachplan
2020-03-14 21:57:00.809 [main] DEBUG o.h.p.w.spi.MetamodelGraphWalker - Visiting attribute path : timestamp
2020-03-14 21:57:00.809 [main] DEBUG o.h.p.w.spi.MetamodelGraphWalker - Visiting attribute path : users
2020-03-14 21:57:00.809 [main] DEBUG o.h.p.w.spi.MetamodelGraphWalker - Visiting attribute path : valid
2020-03-14 21:57:00.809 [main] DEBUG o.h.l.p.b.i.FetchStyleLoadPlanBuildingAssociationVisitationStrategy - Building LoadPlan...
2020-03-14 21:57:00.810 [main] DEBUG o.h.l.p.e.i.LoadQueryJoinAndFetchProcessor - processing queryspace <gen:0>
2020-03-14 21:57:00.810 [main] DEBUG o.h.l.p.b.spi.LoadPlanTreePrinter - LoadPlan(entity=com.ningmeng.framework.domain.course.CourseIndex)
    - Returns
       - EntityReturnImpl(entity=com.ningmeng.framework.domain.course.CourseIndex, querySpaceUid=<gen:0>, path=com.ningmeng.framework.domain.course.CourseIndex)
    - QuerySpaces
       - EntityQuerySpaceImpl(uid=<gen:0>, entity=com.ningmeng.framework.domain.course.CourseIndex)
          - SQL table alias mapping - courseinde0_
          - alias suffix - 0_
          - suffixed key columns - {id1_2_0_}

2020-03-14 21:57:00.810 [main] DEBUG o.h.loader.entity.plan.EntityLoader - Static select for entity com.ningmeng.framework.domain.course.CourseIndex [UPGRADE]: select courseinde0_.id as id1_2_0_, courseinde0_.charge as charge2_2_0_, courseinde0_.description as descript3_2_0_, courseinde0_.expires as expires4_2_0_, courseinde0_.grade as grade5_2_0_, courseinde0_.mt as mt6_2_0_, courseinde0_.name as name7_2_0_, courseinde0_.pic as pic8_2_0_, courseinde0_.price as price9_2_0_, courseinde0_.price_old as price_o10_2_0_, courseinde0_.qq as qq11_2_0_, courseinde0_.st as st12_2_0_, courseinde0_.studymodel as studymo13_2_0_, courseinde0_.teachmode as teachmo14_2_0_, courseinde0_.teachplan as teachpl15_2_0_, courseinde0_.timestamp as timesta16_2_0_, courseinde0_.users as users17_2_0_, courseinde0_.valid as valid18_2_0_ from course_index courseinde0_ where courseinde0_.id=? for update
2020-03-14 21:57:00.810 [main] DEBUG o.h.l.p.b.i.spaces.QuerySpacesImpl - Adding QuerySpace : uid = <gen:0> -> org.hibernate.loader.plan.build.internal.spaces.EntityQuerySpaceImpl@2adc1e84]
2020-03-14 21:57:00.810 [main] DEBUG o.h.p.w.spi.MetamodelGraphWalker - Visiting attribute path : charge
2020-03-14 21:57:00.811 [main] DEBUG o.h.p.w.spi.MetamodelGraphWalker - Visiting attribute path : description
2020-03-14 21:57:00.811 [main] DEBUG o.h.p.w.spi.MetamodelGraphWalker - Visiting attribute path : expires
2020-03-14 21:57:00.811 [main] DEBUG o.h.p.w.spi.MetamodelGraphWalker - Visiting attribute path : grade
2020-03-14 21:57:00.811 [main] DEBUG o.h.p.w.spi.MetamodelGraphWalker - Visiting attribute path : mt
2020-03-14 21:57:00.811 [main] DEBUG o.h.p.w.spi.MetamodelGraphWalker - Visiting attribute path : name
2020-03-14 21:57:00.811 [main] DEBUG o.h.p.w.spi.MetamodelGraphWalker - Visiting attribute path : pic
2020-03-14 21:57:00.811 [main] DEBUG o.h.p.w.spi.MetamodelGraphWalker - Visiting attribute path : price
2020-03-14 21:57:00.811 [main] DEBUG o.h.p.w.spi.MetamodelGraphWalker - Visiting attribute path : price_old
2020-03-14 21:57:00.811 [main] DEBUG o.h.p.w.spi.MetamodelGraphWalker - Visiting attribute path : qq
2020-03-14 21:57:00.811 [main] DEBUG o.h.p.w.spi.MetamodelGraphWalker - Visiting attribute path : st
2020-03-14 21:57:00.812 [main] DEBUG o.h.p.w.spi.MetamodelGraphWalker - Visiting attribute path : studymodel
2020-03-14 21:57:00.812 [main] DEBUG o.h.p.w.spi.MetamodelGraphWalker - Visiting attribute path : teachmode
2020-03-14 21:57:00.812 [main] DEBUG o.h.p.w.spi.MetamodelGraphWalker - Visiting attribute path : teachplan
2020-03-14 21:57:00.812 [main] DEBUG o.h.p.w.spi.MetamodelGraphWalker - Visiting attribute path : timestamp
2020-03-14 21:57:00.812 [main] DEBUG o.h.p.w.spi.MetamodelGraphWalker - Visiting attribute path : users
2020-03-14 21:57:00.813 [main] DEBUG o.h.p.w.spi.MetamodelGraphWalker - Visiting attribute path : valid
2020-03-14 21:57:00.813 [main] DEBUG o.h.l.p.b.i.FetchStyleLoadPlanBuildingAssociationVisitationStrategy - Building LoadPlan...
2020-03-14 21:57:00.814 [main] DEBUG o.h.l.p.e.i.LoadQueryJoinAndFetchProcessor - processing queryspace <gen:0>
2020-03-14 21:57:00.814 [main] DEBUG o.h.l.p.b.spi.LoadPlanTreePrinter - LoadPlan(entity=com.ningmeng.framework.domain.course.CourseIndex)
    - Returns
       - EntityReturnImpl(entity=com.ningmeng.framework.domain.course.CourseIndex, querySpaceUid=<gen:0>, path=com.ningmeng.framework.domain.course.CourseIndex)
    - QuerySpaces
       - EntityQuerySpaceImpl(uid=<gen:0>, entity=com.ningmeng.framework.domain.course.CourseIndex)
          - SQL table alias mapping - courseinde0_
          - alias suffix - 0_
          - suffixed key columns - {id1_2_0_}

2020-03-14 21:57:00.814 [main] DEBUG o.h.loader.entity.plan.EntityLoader - Static select for entity com.ningmeng.framework.domain.course.CourseIndex [UPGRADE_NOWAIT]: select courseinde0_.id as id1_2_0_, courseinde0_.charge as charge2_2_0_, courseinde0_.description as descript3_2_0_, courseinde0_.expires as expires4_2_0_, courseinde0_.grade as grade5_2_0_, courseinde0_.mt as mt6_2_0_, courseinde0_.name as name7_2_0_, courseinde0_.pic as pic8_2_0_, courseinde0_.price as price9_2_0_, courseinde0_.price_old as price_o10_2_0_, courseinde0_.qq as qq11_2_0_, courseinde0_.st as st12_2_0_, courseinde0_.studymodel as studymo13_2_0_, courseinde0_.teachmode as teachmo14_2_0_, courseinde0_.teachplan as teachpl15_2_0_, courseinde0_.timestamp as timesta16_2_0_, courseinde0_.users as users17_2_0_, courseinde0_.valid as valid18_2_0_ from course_index courseinde0_ where courseinde0_.id=? for update
2020-03-14 21:57:00.815 [main] DEBUG o.h.l.p.b.i.spaces.QuerySpacesImpl - Adding QuerySpace : uid = <gen:0> -> org.hibernate.loader.plan.build.internal.spaces.EntityQuerySpaceImpl@45b8bbbf]
2020-03-14 21:57:00.815 [main] DEBUG o.h.p.w.spi.MetamodelGraphWalker - Visiting attribute path : charge
2020-03-14 21:57:00.815 [main] DEBUG o.h.p.w.spi.MetamodelGraphWalker - Visiting attribute path : description
2020-03-14 21:57:00.815 [main] DEBUG o.h.p.w.spi.MetamodelGraphWalker - Visiting attribute path : expires
2020-03-14 21:57:00.815 [main] DEBUG o.h.p.w.spi.MetamodelGraphWalker - Visiting attribute path : grade
2020-03-14 21:57:00.815 [main] DEBUG o.h.p.w.spi.MetamodelGraphWalker - Visiting attribute path : mt
2020-03-14 21:57:00.815 [main] DEBUG o.h.p.w.spi.MetamodelGraphWalker - Visiting attribute path : name
2020-03-14 21:57:00.815 [main] DEBUG o.h.p.w.spi.MetamodelGraphWalker - Visiting attribute path : pic
2020-03-14 21:57:00.815 [main] DEBUG o.h.p.w.spi.MetamodelGraphWalker - Visiting attribute path : price
2020-03-14 21:57:00.815 [main] DEBUG o.h.p.w.spi.MetamodelGraphWalker - Visiting attribute path : price_old
2020-03-14 21:57:00.815 [main] DEBUG o.h.p.w.spi.MetamodelGraphWalker - Visiting attribute path : qq
2020-03-14 21:57:00.815 [main] DEBUG o.h.p.w.spi.MetamodelGraphWalker - Visiting attribute path : st
2020-03-14 21:57:00.815 [main] DEBUG o.h.p.w.spi.MetamodelGraphWalker - Visiting attribute path : studymodel
2020-03-14 21:57:00.815 [main] DEBUG o.h.p.w.spi.MetamodelGraphWalker - Visiting attribute path : teachmode
2020-03-14 21:57:00.815 [main] DEBUG o.h.p.w.spi.MetamodelGraphWalker - Visiting attribute path : teachplan
2020-03-14 21:57:00.815 [main] DEBUG o.h.p.w.spi.MetamodelGraphWalker - Visiting attribute path : timestamp
2020-03-14 21:57:00.815 [main] DEBUG o.h.p.w.spi.MetamodelGraphWalker - Visiting attribute path : users
2020-03-14 21:57:00.815 [main] DEBUG o.h.p.w.spi.MetamodelGraphWalker - Visiting attribute path : valid
2020-03-14 21:57:00.815 [main] DEBUG o.h.l.p.b.i.FetchStyleLoadPlanBuildingAssociationVisitationStrategy - Building LoadPlan...
2020-03-14 21:57:00.816 [main] DEBUG o.h.l.p.e.i.LoadQueryJoinAndFetchProcessor - processing queryspace <gen:0>
2020-03-14 21:57:00.816 [main] DEBUG o.h.l.p.b.spi.LoadPlanTreePrinter - LoadPlan(entity=com.ningmeng.framework.domain.course.CourseIndex)
    - Returns
       - EntityReturnImpl(entity=com.ningmeng.framework.domain.course.CourseIndex, querySpaceUid=<gen:0>, path=com.ningmeng.framework.domain.course.CourseIndex)
    - QuerySpaces
       - EntityQuerySpaceImpl(uid=<gen:0>, entity=com.ningmeng.framework.domain.course.CourseIndex)
          - SQL table alias mapping - courseinde0_
          - alias suffix - 0_
          - suffixed key columns - {id1_2_0_}

2020-03-14 21:57:00.816 [main] DEBUG o.h.loader.entity.plan.EntityLoader - Static select for entity com.ningmeng.framework.domain.course.CourseIndex [UPGRADE_SKIPLOCKED]: select courseinde0_.id as id1_2_0_, courseinde0_.charge as charge2_2_0_, courseinde0_.description as descript3_2_0_, courseinde0_.expires as expires4_2_0_, courseinde0_.grade as grade5_2_0_, courseinde0_.mt as mt6_2_0_, courseinde0_.name as name7_2_0_, courseinde0_.pic as pic8_2_0_, courseinde0_.price as price9_2_0_, courseinde0_.price_old as price_o10_2_0_, courseinde0_.qq as qq11_2_0_, courseinde0_.st as st12_2_0_, courseinde0_.studymodel as studymo13_2_0_, courseinde0_.teachmode as teachmo14_2_0_, courseinde0_.teachplan as teachpl15_2_0_, courseinde0_.timestamp as timesta16_2_0_, courseinde0_.users as users17_2_0_, courseinde0_.valid as valid18_2_0_ from course_index courseinde0_ where courseinde0_.id=? for update
2020-03-14 21:57:00.817 [main] DEBUG o.h.l.p.b.i.spaces.QuerySpacesImpl - Adding QuerySpace : uid = <gen:0> -> org.hibernate.loader.plan.build.internal.spaces.EntityQuerySpaceImpl@57927bc9]
2020-03-14 21:57:00.817 [main] DEBUG o.h.p.w.spi.MetamodelGraphWalker - Visiting attribute path : charge
2020-03-14 21:57:00.817 [main] DEBUG o.h.p.w.spi.MetamodelGraphWalker - Visiting attribute path : description
2020-03-14 21:57:00.817 [main] DEBUG o.h.p.w.spi.MetamodelGraphWalker - Visiting attribute path : expires
2020-03-14 21:57:00.817 [main] DEBUG o.h.p.w.spi.MetamodelGraphWalker - Visiting attribute path : grade
2020-03-14 21:57:00.817 [main] DEBUG o.h.p.w.spi.MetamodelGraphWalker - Visiting attribute path : mt
2020-03-14 21:57:00.817 [main] DEBUG o.h.p.w.spi.MetamodelGraphWalker - Visiting attribute path : name
2020-03-14 21:57:00.817 [main] DEBUG o.h.p.w.spi.MetamodelGraphWalker - Visiting attribute path : pic
2020-03-14 21:57:00.817 [main] DEBUG o.h.p.w.spi.MetamodelGraphWalker - Visiting attribute path : price
2020-03-14 21:57:00.817 [main] DEBUG o.h.p.w.spi.MetamodelGraphWalker - Visiting attribute path : price_old
2020-03-14 21:57:00.817 [main] DEBUG o.h.p.w.spi.MetamodelGraphWalker - Visiting attribute path : qq
2020-03-14 21:57:00.817 [main] DEBUG o.h.p.w.spi.MetamodelGraphWalker - Visiting attribute path : st
2020-03-14 21:57:00.817 [main] DEBUG o.h.p.w.spi.MetamodelGraphWalker - Visiting attribute path : studymodel
2020-03-14 21:57:00.817 [main] DEBUG o.h.p.w.spi.MetamodelGraphWalker - Visiting attribute path : teachmode
2020-03-14 21:57:00.817 [main] DEBUG o.h.p.w.spi.MetamodelGraphWalker - Visiting attribute path : teachplan
2020-03-14 21:57:00.817 [main] DEBUG o.h.p.w.spi.MetamodelGraphWalker - Visiting attribute path : timestamp
2020-03-14 21:57:00.817 [main] DEBUG o.h.p.w.spi.MetamodelGraphWalker - Visiting attribute path : users
2020-03-14 21:57:00.817 [main] DEBUG o.h.p.w.spi.MetamodelGraphWalker - Visiting attribute path : valid
2020-03-14 21:57:00.818 [main] DEBUG o.h.l.p.b.i.FetchStyleLoadPlanBuildingAssociationVisitationStrategy - Building LoadPlan...
2020-03-14 21:57:00.819 [main] DEBUG o.h.l.p.e.i.LoadQueryJoinAndFetchProcessor - processing queryspace <gen:0>
2020-03-14 21:57:00.820 [main] DEBUG o.h.l.p.b.spi.LoadPlanTreePrinter - LoadPlan(entity=com.ningmeng.framework.domain.course.CourseIndex)
    - Returns
       - EntityReturnImpl(entity=com.ningmeng.framework.domain.course.CourseIndex, querySpaceUid=<gen:0>, path=com.ningmeng.framework.domain.course.CourseIndex)
    - QuerySpaces
       - EntityQuerySpaceImpl(uid=<gen:0>, entity=com.ningmeng.framework.domain.course.CourseIndex)
          - SQL table alias mapping - courseinde0_
          - alias suffix - 0_
          - suffixed key columns - {id1_2_0_}

2020-03-14 21:57:00.820 [main] DEBUG o.h.loader.entity.plan.EntityLoader - Static select for entity com.ningmeng.framework.domain.course.CourseIndex [FORCE]: select courseinde0_.id as id1_2_0_, courseinde0_.charge as charge2_2_0_, courseinde0_.description as descript3_2_0_, courseinde0_.expires as expires4_2_0_, courseinde0_.grade as grade5_2_0_, courseinde0_.mt as mt6_2_0_, courseinde0_.name as name7_2_0_, courseinde0_.pic as pic8_2_0_, courseinde0_.price as price9_2_0_, courseinde0_.price_old as price_o10_2_0_, courseinde0_.qq as qq11_2_0_, courseinde0_.st as st12_2_0_, courseinde0_.studymodel as studymo13_2_0_, courseinde0_.teachmode as teachmo14_2_0_, courseinde0_.teachplan as teachpl15_2_0_, courseinde0_.timestamp as timesta16_2_0_, courseinde0_.users as users17_2_0_, courseinde0_.valid as valid18_2_0_ from course_index courseinde0_ where courseinde0_.id=? for update
2020-03-14 21:57:00.820 [main] DEBUG o.h.l.p.b.i.spaces.QuerySpacesImpl - Adding QuerySpace : uid = <gen:0> -> org.hibernate.loader.plan.build.internal.spaces.EntityQuerySpaceImpl@32dbca45]
2020-03-14 21:57:00.820 [main] DEBUG o.h.p.w.spi.MetamodelGraphWalker - Visiting attribute path : charge
2020-03-14 21:57:00.821 [main] DEBUG o.h.p.w.spi.MetamodelGraphWalker - Visiting attribute path : description
2020-03-14 21:57:00.821 [main] DEBUG o.h.p.w.spi.MetamodelGraphWalker - Visiting attribute path : expires
2020-03-14 21:57:00.821 [main] DEBUG o.h.p.w.spi.MetamodelGraphWalker - Visiting attribute path : grade
2020-03-14 21:57:00.821 [main] DEBUG o.h.p.w.spi.MetamodelGraphWalker - Visiting attribute path : mt
2020-03-14 21:57:00.821 [main] DEBUG o.h.p.w.spi.MetamodelGraphWalker - Visiting attribute path : name
2020-03-14 21:57:00.821 [main] DEBUG o.h.p.w.spi.MetamodelGraphWalker - Visiting attribute path : pic
2020-03-14 21:57:00.821 [main] DEBUG o.h.p.w.spi.MetamodelGraphWalker - Visiting attribute path : price
2020-03-14 21:57:00.821 [main] DEBUG o.h.p.w.spi.MetamodelGraphWalker - Visiting attribute path : price_old
2020-03-14 21:57:00.821 [main] DEBUG o.h.p.w.spi.MetamodelGraphWalker - Visiting attribute path : qq
2020-03-14 21:57:00.821 [main] DEBUG o.h.p.w.spi.MetamodelGraphWalker - Visiting attribute path : st
2020-03-14 21:57:00.821 [main] DEBUG o.h.p.w.spi.MetamodelGraphWalker - Visiting attribute path : studymodel
2020-03-14 21:57:00.821 [main] DEBUG o.h.p.w.spi.MetamodelGraphWalker - Visiting attribute path : teachmode
2020-03-14 21:57:00.821 [main] DEBUG o.h.p.w.spi.MetamodelGraphWalker - Visiting attribute path : teachplan
2020-03-14 21:57:00.821 [main] DEBUG o.h.p.w.spi.MetamodelGraphWalker - Visiting attribute path : timestamp
2020-03-14 21:57:00.821 [main] DEBUG o.h.p.w.spi.MetamodelGraphWalker - Visiting attribute path : users
2020-03-14 21:57:00.821 [main] DEBUG o.h.p.w.spi.MetamodelGraphWalker - Visiting attribute path : valid
2020-03-14 21:57:00.821 [main] DEBUG o.h.l.p.b.i.FetchStyleLoadPlanBuildingAssociationVisitationStrategy - Building LoadPlan...
2020-03-14 21:57:00.821 [main] DEBUG o.h.l.p.e.i.LoadQueryJoinAndFetchProcessor - processing queryspace <gen:0>
2020-03-14 21:57:00.821 [main] DEBUG o.h.l.p.b.spi.LoadPlanTreePrinter - LoadPlan(entity=com.ningmeng.framework.domain.course.CourseIndex)
    - Returns
       - EntityReturnImpl(entity=com.ningmeng.framework.domain.course.CourseIndex, querySpaceUid=<gen:0>, path=com.ningmeng.framework.domain.course.CourseIndex)
    - QuerySpaces
       - EntityQuerySpaceImpl(uid=<gen:0>, entity=com.ningmeng.framework.domain.course.CourseIndex)
          - SQL table alias mapping - courseinde0_
          - alias suffix - 0_
          - suffixed key columns - {id1_2_0_}

2020-03-14 21:57:00.821 [main] DEBUG o.h.loader.entity.plan.EntityLoader - Static select for entity com.ningmeng.framework.domain.course.CourseIndex [PESSIMISTIC_READ]: select courseinde0_.id as id1_2_0_, courseinde0_.charge as charge2_2_0_, courseinde0_.description as descript3_2_0_, courseinde0_.expires as expires4_2_0_, courseinde0_.grade as grade5_2_0_, courseinde0_.mt as mt6_2_0_, courseinde0_.name as name7_2_0_, courseinde0_.pic as pic8_2_0_, courseinde0_.price as price9_2_0_, courseinde0_.price_old as price_o10_2_0_, courseinde0_.qq as qq11_2_0_, courseinde0_.st as st12_2_0_, courseinde0_.studymodel as studymo13_2_0_, courseinde0_.teachmode as teachmo14_2_0_, courseinde0_.teachplan as teachpl15_2_0_, courseinde0_.timestamp as timesta16_2_0_, courseinde0_.users as users17_2_0_, courseinde0_.valid as valid18_2_0_ from course_index courseinde0_ where courseinde0_.id=? lock in share mode
2020-03-14 21:57:00.822 [main] DEBUG o.h.l.p.b.i.spaces.QuerySpacesImpl - Adding QuerySpace : uid = <gen:0> -> org.hibernate.loader.plan.build.internal.spaces.EntityQuerySpaceImpl@684b26b7]
2020-03-14 21:57:00.822 [main] DEBUG o.h.p.w.spi.MetamodelGraphWalker - Visiting attribute path : charge
2020-03-14 21:57:00.822 [main] DEBUG o.h.p.w.spi.MetamodelGraphWalker - Visiting attribute path : description
2020-03-14 21:57:00.822 [main] DEBUG o.h.p.w.spi.MetamodelGraphWalker - Visiting attribute path : expires
2020-03-14 21:57:00.822 [main] DEBUG o.h.p.w.spi.MetamodelGraphWalker - Visiting attribute path : grade
2020-03-14 21:57:00.822 [main] DEBUG o.h.p.w.spi.MetamodelGraphWalker - Visiting attribute path : mt
2020-03-14 21:57:00.822 [main] DEBUG o.h.p.w.spi.MetamodelGraphWalker - Visiting attribute path : name
2020-03-14 21:57:00.822 [main] DEBUG o.h.p.w.spi.MetamodelGraphWalker - Visiting attribute path : pic
2020-03-14 21:57:00.822 [main] DEBUG o.h.p.w.spi.MetamodelGraphWalker - Visiting attribute path : price
2020-03-14 21:57:00.822 [main] DEBUG o.h.p.w.spi.MetamodelGraphWalker - Visiting attribute path : price_old
2020-03-14 21:57:00.822 [main] DEBUG o.h.p.w.spi.MetamodelGraphWalker - Visiting attribute path : qq
2020-03-14 21:57:00.822 [main] DEBUG o.h.p.w.spi.MetamodelGraphWalker - Visiting attribute path : st
2020-03-14 21:57:00.822 [main] DEBUG o.h.p.w.spi.MetamodelGraphWalker - Visiting attribute path : studymodel
2020-03-14 21:57:00.822 [main] DEBUG o.h.p.w.spi.MetamodelGraphWalker - Visiting attribute path : teachmode
2020-03-14 21:57:00.822 [main] DEBUG o.h.p.w.spi.MetamodelGraphWalker - Visiting attribute path : teachplan
2020-03-14 21:57:00.822 [main] DEBUG o.h.p.w.spi.MetamodelGraphWalker - Visiting attribute path : timestamp
2020-03-14 21:57:00.822 [main] DEBUG o.h.p.w.spi.MetamodelGraphWalker - Visiting attribute path : users
2020-03-14 21:57:00.822 [main] DEBUG o.h.p.w.spi.MetamodelGraphWalker - Visiting attribute path : valid
2020-03-14 21:57:00.822 [main] DEBUG o.h.l.p.b.i.FetchStyleLoadPlanBuildingAssociationVisitationStrategy - Building LoadPlan...
2020-03-14 21:57:00.823 [main] DEBUG o.h.l.p.e.i.LoadQueryJoinAndFetchProcessor - processing queryspace <gen:0>
2020-03-14 21:57:00.823 [main] DEBUG o.h.l.p.b.spi.LoadPlanTreePrinter - LoadPlan(entity=com.ningmeng.framework.domain.course.CourseIndex)
    - Returns
       - EntityReturnImpl(entity=com.ningmeng.framework.domain.course.CourseIndex, querySpaceUid=<gen:0>, path=com.ningmeng.framework.domain.course.CourseIndex)
    - QuerySpaces
       - EntityQuerySpaceImpl(uid=<gen:0>, entity=com.ningmeng.framework.domain.course.CourseIndex)
          - SQL table alias mapping - courseinde0_
          - alias suffix - 0_
          - suffixed key columns - {id1_2_0_}

2020-03-14 21:57:00.823 [main] DEBUG o.h.loader.entity.plan.EntityLoader - Static select for entity com.ningmeng.framework.domain.course.CourseIndex [PESSIMISTIC_WRITE]: select courseinde0_.id as id1_2_0_, courseinde0_.charge as charge2_2_0_, courseinde0_.description as descript3_2_0_, courseinde0_.expires as expires4_2_0_, courseinde0_.grade as grade5_2_0_, courseinde0_.mt as mt6_2_0_, courseinde0_.name as name7_2_0_, courseinde0_.pic as pic8_2_0_, courseinde0_.price as price9_2_0_, courseinde0_.price_old as price_o10_2_0_, courseinde0_.qq as qq11_2_0_, courseinde0_.st as st12_2_0_, courseinde0_.studymodel as studymo13_2_0_, courseinde0_.teachmode as teachmo14_2_0_, courseinde0_.teachplan as teachpl15_2_0_, courseinde0_.timestamp as timesta16_2_0_, courseinde0_.users as users17_2_0_, courseinde0_.valid as valid18_2_0_ from course_index courseinde0_ where courseinde0_.id=? for update
2020-03-14 21:57:00.823 [main] DEBUG o.h.l.p.b.i.spaces.QuerySpacesImpl - Adding QuerySpace : uid = <gen:0> -> org.hibernate.loader.plan.build.internal.spaces.EntityQuerySpaceImpl@4182a651]
2020-03-14 21:57:00.823 [main] DEBUG o.h.p.w.spi.MetamodelGraphWalker - Visiting attribute path : charge
2020-03-14 21:57:00.823 [main] DEBUG o.h.p.w.spi.MetamodelGraphWalker - Visiting attribute path : description
2020-03-14 21:57:00.824 [main] DEBUG o.h.p.w.spi.MetamodelGraphWalker - Visiting attribute path : expires
2020-03-14 21:57:00.824 [main] DEBUG o.h.p.w.spi.MetamodelGraphWalker - Visiting attribute path : grade
2020-03-14 21:57:00.824 [main] DEBUG o.h.p.w.spi.MetamodelGraphWalker - Visiting attribute path : mt
2020-03-14 21:57:00.824 [main] DEBUG o.h.p.w.spi.MetamodelGraphWalker - Visiting attribute path : name
2020-03-14 21:57:00.824 [main] DEBUG o.h.p.w.spi.MetamodelGraphWalker - Visiting attribute path : pic
2020-03-14 21:57:00.824 [main] DEBUG o.h.p.w.spi.MetamodelGraphWalker - Visiting attribute path : price
2020-03-14 21:57:00.824 [main] DEBUG o.h.p.w.spi.MetamodelGraphWalker - Visiting attribute path : price_old
2020-03-14 21:57:00.824 [main] DEBUG o.h.p.w.spi.MetamodelGraphWalker - Visiting attribute path : qq
2020-03-14 21:57:00.824 [main] DEBUG o.h.p.w.spi.MetamodelGraphWalker - Visiting attribute path : st
2020-03-14 21:57:00.824 [main] DEBUG o.h.p.w.spi.MetamodelGraphWalker - Visiting attribute path : studymodel
2020-03-14 21:57:00.824 [main] DEBUG o.h.p.w.spi.MetamodelGraphWalker - Visiting attribute path : teachmode
2020-03-14 21:57:00.824 [main] DEBUG o.h.p.w.spi.MetamodelGraphWalker - Visiting attribute path : teachplan
2020-03-14 21:57:00.824 [main] DEBUG o.h.p.w.spi.MetamodelGraphWalker - Visiting attribute path : timestamp
2020-03-14 21:57:00.824 [main] DEBUG o.h.p.w.spi.MetamodelGraphWalker - Visiting attribute path : users
2020-03-14 21:57:00.824 [main] DEBUG o.h.p.w.spi.MetamodelGraphWalker - Visiting attribute path : valid
2020-03-14 21:57:00.824 [main] DEBUG o.h.l.p.b.i.FetchStyleLoadPlanBuildingAssociationVisitationStrategy - Building LoadPlan...
2020-03-14 21:57:00.824 [main] DEBUG o.h.l.p.e.i.LoadQueryJoinAndFetchProcessor - processing queryspace <gen:0>
2020-03-14 21:57:00.825 [main] DEBUG o.h.l.p.b.spi.LoadPlanTreePrinter - LoadPlan(entity=com.ningmeng.framework.domain.course.CourseIndex)
    - Returns
       - EntityReturnImpl(entity=com.ningmeng.framework.domain.course.CourseIndex, querySpaceUid=<gen:0>, path=com.ningmeng.framework.domain.course.CourseIndex)
    - QuerySpaces
       - EntityQuerySpaceImpl(uid=<gen:0>, entity=com.ningmeng.framework.domain.course.CourseIndex)
          - SQL table alias mapping - courseinde0_
          - alias suffix - 0_
          - suffixed key columns - {id1_2_0_}

2020-03-14 21:57:00.825 [main] DEBUG o.h.loader.entity.plan.EntityLoader - Static select for entity com.ningmeng.framework.domain.course.CourseIndex [PESSIMISTIC_FORCE_INCREMENT]: select courseinde0_.id as id1_2_0_, courseinde0_.charge as charge2_2_0_, courseinde0_.description as descript3_2_0_, courseinde0_.expires as expires4_2_0_, courseinde0_.grade as grade5_2_0_, courseinde0_.mt as mt6_2_0_, courseinde0_.name as name7_2_0_, courseinde0_.pic as pic8_2_0_, courseinde0_.price as price9_2_0_, courseinde0_.price_old as price_o10_2_0_, courseinde0_.qq as qq11_2_0_, courseinde0_.st as st12_2_0_, courseinde0_.studymodel as studymo13_2_0_, courseinde0_.teachmode as teachmo14_2_0_, courseinde0_.teachplan as teachpl15_2_0_, courseinde0_.timestamp as timesta16_2_0_, courseinde0_.users as users17_2_0_, courseinde0_.valid as valid18_2_0_ from course_index courseinde0_ where courseinde0_.id=? for update
2020-03-14 21:57:00.825 [main] DEBUG o.h.l.p.b.i.spaces.QuerySpacesImpl - Adding QuerySpace : uid = <gen:0> -> org.hibernate.loader.plan.build.internal.spaces.EntityQuerySpaceImpl@46de118b]
2020-03-14 21:57:00.825 [main] DEBUG o.h.p.w.spi.MetamodelGraphWalker - Visiting attribute path : charge
2020-03-14 21:57:00.825 [main] DEBUG o.h.p.w.spi.MetamodelGraphWalker - Visiting attribute path : description
2020-03-14 21:57:00.825 [main] DEBUG o.h.p.w.spi.MetamodelGraphWalker - Visiting attribute path : expires
2020-03-14 21:57:00.825 [main] DEBUG o.h.p.w.spi.MetamodelGraphWalker - Visiting attribute path : grade
2020-03-14 21:57:00.825 [main] DEBUG o.h.p.w.spi.MetamodelGraphWalker - Visiting attribute path : mt
2020-03-14 21:57:00.825 [main] DEBUG o.h.p.w.spi.MetamodelGraphWalker - Visiting attribute path : name
2020-03-14 21:57:00.825 [main] DEBUG o.h.p.w.spi.MetamodelGraphWalker - Visiting attribute path : pic
2020-03-14 21:57:00.825 [main] DEBUG o.h.p.w.spi.MetamodelGraphWalker - Visiting attribute path : price
2020-03-14 21:57:00.825 [main] DEBUG o.h.p.w.spi.MetamodelGraphWalker - Visiting attribute path : price_old
2020-03-14 21:57:00.825 [main] DEBUG o.h.p.w.spi.MetamodelGraphWalker - Visiting attribute path : qq
2020-03-14 21:57:00.825 [main] DEBUG o.h.p.w.spi.MetamodelGraphWalker - Visiting attribute path : st
2020-03-14 21:57:00.825 [main] DEBUG o.h.p.w.spi.MetamodelGraphWalker - Visiting attribute path : studymodel
2020-03-14 21:57:00.825 [main] DEBUG o.h.p.w.spi.MetamodelGraphWalker - Visiting attribute path : teachmode
2020-03-14 21:57:00.825 [main] DEBUG o.h.p.w.spi.MetamodelGraphWalker - Visiting attribute path : teachplan
2020-03-14 21:57:00.825 [main] DEBUG o.h.p.w.spi.MetamodelGraphWalker - Visiting attribute path : timestamp
2020-03-14 21:57:00.825 [main] DEBUG o.h.p.w.spi.MetamodelGraphWalker - Visiting attribute path : users
2020-03-14 21:57:00.826 [main] DEBUG o.h.p.w.spi.MetamodelGraphWalker - Visiting attribute path : valid
2020-03-14 21:57:00.826 [main] DEBUG o.h.l.p.b.i.FetchStyleLoadPlanBuildingAssociationVisitationStrategy - Building LoadPlan...
2020-03-14 21:57:00.826 [main] DEBUG o.h.l.p.e.i.LoadQueryJoinAndFetchProcessor - processing queryspace <gen:0>
2020-03-14 21:57:00.827 [main] DEBUG o.h.l.p.b.spi.LoadPlanTreePrinter - LoadPlan(entity=com.ningmeng.framework.domain.course.CourseIndex)
    - Returns
       - EntityReturnImpl(entity=com.ningmeng.framework.domain.course.CourseIndex, querySpaceUid=<gen:0>, path=com.ningmeng.framework.domain.course.CourseIndex)
    - QuerySpaces
       - EntityQuerySpaceImpl(uid=<gen:0>, entity=com.ningmeng.framework.domain.course.CourseIndex)
          - SQL table alias mapping - courseinde0_
          - alias suffix - 0_
          - suffixed key columns - {id1_2_0_}

2020-03-14 21:57:00.827 [main] DEBUG o.h.loader.entity.plan.EntityLoader - Static select for entity com.ningmeng.framework.domain.course.CourseIndex [OPTIMISTIC]: select courseinde0_.id as id1_2_0_, courseinde0_.charge as charge2_2_0_, courseinde0_.description as descript3_2_0_, courseinde0_.expires as expires4_2_0_, courseinde0_.grade as grade5_2_0_, courseinde0_.mt as mt6_2_0_, courseinde0_.name as name7_2_0_, courseinde0_.pic as pic8_2_0_, courseinde0_.price as price9_2_0_, courseinde0_.price_old as price_o10_2_0_, courseinde0_.qq as qq11_2_0_, courseinde0_.st as st12_2_0_, courseinde0_.studymodel as studymo13_2_0_, courseinde0_.teachmode as teachmo14_2_0_, courseinde0_.teachplan as teachpl15_2_0_, courseinde0_.timestamp as timesta16_2_0_, courseinde0_.users as users17_2_0_, courseinde0_.valid as valid18_2_0_ from course_index courseinde0_ where courseinde0_.id=?
2020-03-14 21:57:00.827 [main] DEBUG o.h.l.p.b.i.spaces.QuerySpacesImpl - Adding QuerySpace : uid = <gen:0> -> org.hibernate.loader.plan.build.internal.spaces.EntityQuerySpaceImpl@10cb050]
2020-03-14 21:57:00.827 [main] DEBUG o.h.p.w.spi.MetamodelGraphWalker - Visiting attribute path : charge
2020-03-14 21:57:00.827 [main] DEBUG o.h.p.w.spi.MetamodelGraphWalker - Visiting attribute path : description
2020-03-14 21:57:00.827 [main] DEBUG o.h.p.w.spi.MetamodelGraphWalker - Visiting attribute path : expires
2020-03-14 21:57:00.827 [main] DEBUG o.h.p.w.spi.MetamodelGraphWalker - Visiting attribute path : grade
2020-03-14 21:57:00.827 [main] DEBUG o.h.p.w.spi.MetamodelGraphWalker - Visiting attribute path : mt
2020-03-14 21:57:00.827 [main] DEBUG o.h.p.w.spi.MetamodelGraphWalker - Visiting attribute path : name
2020-03-14 21:57:00.827 [main] DEBUG o.h.p.w.spi.MetamodelGraphWalker - Visiting attribute path : pic
2020-03-14 21:57:00.827 [main] DEBUG o.h.p.w.spi.MetamodelGraphWalker - Visiting attribute path : price
2020-03-14 21:57:00.827 [main] DEBUG o.h.p.w.spi.MetamodelGraphWalker - Visiting attribute path : price_old
2020-03-14 21:57:00.827 [main] DEBUG o.h.p.w.spi.MetamodelGraphWalker - Visiting attribute path : qq
2020-03-14 21:57:00.827 [main] DEBUG o.h.p.w.spi.MetamodelGraphWalker - Visiting attribute path : st
2020-03-14 21:57:00.827 [main] DEBUG o.h.p.w.spi.MetamodelGraphWalker - Visiting attribute path : studymodel
2020-03-14 21:57:00.827 [main] DEBUG o.h.p.w.spi.MetamodelGraphWalker - Visiting attribute path : teachmode
2020-03-14 21:57:00.828 [main] DEBUG o.h.p.w.spi.MetamodelGraphWalker - Visiting attribute path : teachplan
2020-03-14 21:57:00.828 [main] DEBUG o.h.p.w.spi.MetamodelGraphWalker - Visiting attribute path : timestamp
2020-03-14 21:57:00.828 [main] DEBUG o.h.p.w.spi.MetamodelGraphWalker - Visiting attribute path : users
2020-03-14 21:57:00.828 [main] DEBUG o.h.p.w.spi.MetamodelGraphWalker - Visiting attribute path : valid
2020-03-14 21:57:00.828 [main] DEBUG o.h.l.p.b.i.FetchStyleLoadPlanBuildingAssociationVisitationStrategy - Building LoadPlan...
2020-03-14 21:57:00.829 [main] DEBUG o.h.l.p.e.i.LoadQueryJoinAndFetchProcessor - processing queryspace <gen:0>
2020-03-14 21:57:00.830 [main] DEBUG o.h.l.p.b.spi.LoadPlanTreePrinter - LoadPlan(entity=com.ningmeng.framework.domain.course.CourseIndex)
    - Returns
       - EntityReturnImpl(entity=com.ningmeng.framework.domain.course.CourseIndex, querySpaceUid=<gen:0>, path=com.ningmeng.framework.domain.course.CourseIndex)
    - QuerySpaces
       - EntityQuerySpaceImpl(uid=<gen:0>, entity=com.ningmeng.framework.domain.course.CourseIndex)
          - SQL table alias mapping - courseinde0_
          - alias suffix - 0_
          - suffixed key columns - {id1_2_0_}

2020-03-14 21:57:00.831 [main] DEBUG o.h.loader.entity.plan.EntityLoader - Static select for entity com.ningmeng.framework.domain.course.CourseIndex [OPTIMISTIC_FORCE_INCREMENT]: select courseinde0_.id as id1_2_0_, courseinde0_.charge as charge2_2_0_, courseinde0_.description as descript3_2_0_, courseinde0_.expires as expires4_2_0_, courseinde0_.grade as grade5_2_0_, courseinde0_.mt as mt6_2_0_, courseinde0_.name as name7_2_0_, courseinde0_.pic as pic8_2_0_, courseinde0_.price as price9_2_0_, courseinde0_.price_old as price_o10_2_0_, courseinde0_.qq as qq11_2_0_, courseinde0_.st as st12_2_0_, courseinde0_.studymodel as studymo13_2_0_, courseinde0_.teachmode as teachmo14_2_0_, courseinde0_.teachplan as teachpl15_2_0_, courseinde0_.timestamp as timesta16_2_0_, courseinde0_.users as users17_2_0_, courseinde0_.valid as valid18_2_0_ from course_index courseinde0_ where courseinde0_.id=?
2020-03-14 21:57:00.833 [main] DEBUG org.hibernate.loader.Loader - Static select for action ACTION_MERGE on entity com.ningmeng.framework.domain.course.CourseIndex: select courseinde0_.id as id1_2_0_, courseinde0_.charge as charge2_2_0_, courseinde0_.description as descript3_2_0_, courseinde0_.expires as expires4_2_0_, courseinde0_.grade as grade5_2_0_, courseinde0_.mt as mt6_2_0_, courseinde0_.name as name7_2_0_, courseinde0_.pic as pic8_2_0_, courseinde0_.price as price9_2_0_, courseinde0_.price_old as price_o10_2_0_, courseinde0_.qq as qq11_2_0_, courseinde0_.st as st12_2_0_, courseinde0_.studymodel as studymo13_2_0_, courseinde0_.teachmode as teachmo14_2_0_, courseinde0_.teachplan as teachpl15_2_0_, courseinde0_.timestamp as timesta16_2_0_, courseinde0_.users as users17_2_0_, courseinde0_.valid as valid18_2_0_ from course_index courseinde0_ where courseinde0_.id=?
2020-03-14 21:57:00.834 [main] DEBUG org.hibernate.loader.Loader - Static select for action ACTION_REFRESH on entity com.ningmeng.framework.domain.course.CourseIndex: select courseinde0_.id as id1_2_0_, courseinde0_.charge as charge2_2_0_, courseinde0_.description as descript3_2_0_, courseinde0_.expires as expires4_2_0_, courseinde0_.grade as grade5_2_0_, courseinde0_.mt as mt6_2_0_, courseinde0_.name as name7_2_0_, courseinde0_.pic as pic8_2_0_, courseinde0_.price as price9_2_0_, courseinde0_.price_old as price_o10_2_0_, courseinde0_.qq as qq11_2_0_, courseinde0_.st as st12_2_0_, courseinde0_.studymodel as studymo13_2_0_, courseinde0_.teachmode as teachmo14_2_0_, courseinde0_.teachplan as teachpl15_2_0_, courseinde0_.timestamp as timesta16_2_0_, courseinde0_.users as users17_2_0_, courseinde0_.valid as valid18_2_0_ from course_index courseinde0_ where courseinde0_.id=?
2020-03-14 21:57:00.835 [main] DEBUG o.h.p.entity.AbstractEntityPersister - Static SQL for entity: com.ningmeng.framework.domain.course.CoursePub
2020-03-14 21:57:00.835 [main] DEBUG o.h.p.entity.AbstractEntityPersister -  Version select: select id from course_pub where id =?
2020-03-14 21:57:00.835 [main] DEBUG o.h.p.entity.AbstractEntityPersister -  Snapshot select: select coursepub_.id, coursepub_.charge as charge2_7_, coursepub_.description as descript3_7_, coursepub_.expires as expires4_7_, coursepub_.grade as grade5_7_, coursepub_.mt as mt6_7_, coursepub_.name as name7_7_, coursepub_.pic as pic8_7_, coursepub_.price as price9_7_, coursepub_.price_old as price_o10_7_, coursepub_.pub_time as pub_tim11_7_, coursepub_.qq as qq12_7_, coursepub_.st as st13_7_, coursepub_.studymodel as studymo14_7_, coursepub_.teachmode as teachmo15_7_, coursepub_.teachplan as teachpl16_7_, coursepub_.timestamp as timesta17_7_, coursepub_.users as users18_7_, coursepub_.valid as valid19_7_ from course_pub coursepub_ where coursepub_.id=?
2020-03-14 21:57:00.835 [main] DEBUG o.h.p.entity.AbstractEntityPersister -  Insert 0: insert into course_pub (charge, description, expires, grade, mt, name, pic, price, price_old, pub_time, qq, st, studymodel, teachmode, teachplan, timestamp, users, valid, id) values (?, ?, ?, ?, ?, ?, ?, ?, ?, ?, ?, ?, ?, ?, ?, ?, ?, ?, ?)
2020-03-14 21:57:00.835 [main] DEBUG o.h.p.entity.AbstractEntityPersister -  Update 0: update course_pub set charge=?, description=?, expires=?, grade=?, mt=?, name=?, pic=?, price=?, price_old=?, pub_time=?, qq=?, st=?, studymodel=?, teachmode=?, teachplan=?, timestamp=?, users=?, valid=? where id=?
2020-03-14 21:57:00.835 [main] DEBUG o.h.p.entity.AbstractEntityPersister -  Delete 0: delete from course_pub where id=?
2020-03-14 21:57:00.836 [main] DEBUG o.h.l.p.b.i.spaces.QuerySpacesImpl - Adding QuerySpace : uid = <gen:0> -> org.hibernate.loader.plan.build.internal.spaces.EntityQuerySpaceImpl@4f7ba0af]
2020-03-14 21:57:00.836 [main] DEBUG o.h.p.w.spi.MetamodelGraphWalker - Visiting attribute path : charge
2020-03-14 21:57:00.836 [main] DEBUG o.h.p.w.spi.MetamodelGraphWalker - Visiting attribute path : description
2020-03-14 21:57:00.836 [main] DEBUG o.h.p.w.spi.MetamodelGraphWalker - Visiting attribute path : expires
2020-03-14 21:57:00.837 [main] DEBUG o.h.p.w.spi.MetamodelGraphWalker - Visiting attribute path : grade
2020-03-14 21:57:00.837 [main] DEBUG o.h.p.w.spi.MetamodelGraphWalker - Visiting attribute path : mt
2020-03-14 21:57:00.837 [main] DEBUG o.h.p.w.spi.MetamodelGraphWalker - Visiting attribute path : name
2020-03-14 21:57:00.837 [main] DEBUG o.h.p.w.spi.MetamodelGraphWalker - Visiting attribute path : pic
2020-03-14 21:57:00.837 [main] DEBUG o.h.p.w.spi.MetamodelGraphWalker - Visiting attribute path : price
2020-03-14 21:57:00.837 [main] DEBUG o.h.p.w.spi.MetamodelGraphWalker - Visiting attribute path : price_old
2020-03-14 21:57:00.838 [main] DEBUG o.h.p.w.spi.MetamodelGraphWalker - Visiting attribute path : pubTime
2020-03-14 21:57:00.838 [main] DEBUG o.h.p.w.spi.MetamodelGraphWalker - Visiting attribute path : qq
2020-03-14 21:57:00.838 [main] DEBUG o.h.p.w.spi.MetamodelGraphWalker - Visiting attribute path : st
2020-03-14 21:57:00.838 [main] DEBUG o.h.p.w.spi.MetamodelGraphWalker - Visiting attribute path : studymodel
2020-03-14 21:57:00.838 [main] DEBUG o.h.p.w.spi.MetamodelGraphWalker - Visiting attribute path : teachmode
2020-03-14 21:57:00.838 [main] DEBUG o.h.p.w.spi.MetamodelGraphWalker - Visiting attribute path : teachplan
2020-03-14 21:57:00.838 [main] DEBUG o.h.p.w.spi.MetamodelGraphWalker - Visiting attribute path : timestamp
2020-03-14 21:57:00.838 [main] DEBUG o.h.p.w.spi.MetamodelGraphWalker - Visiting attribute path : users
2020-03-14 21:57:00.838 [main] DEBUG o.h.p.w.spi.MetamodelGraphWalker - Visiting attribute path : valid
2020-03-14 21:57:00.838 [main] DEBUG o.h.l.p.b.i.FetchStyleLoadPlanBuildingAssociationVisitationStrategy - Building LoadPlan...
2020-03-14 21:57:00.839 [main] DEBUG o.h.l.p.e.i.LoadQueryJoinAndFetchProcessor - processing queryspace <gen:0>
2020-03-14 21:57:00.839 [main] DEBUG o.h.l.p.b.spi.LoadPlanTreePrinter - LoadPlan(entity=com.ningmeng.framework.domain.course.CoursePub)
    - Returns
       - EntityReturnImpl(entity=com.ningmeng.framework.domain.course.CoursePub, querySpaceUid=<gen:0>, path=com.ningmeng.framework.domain.course.CoursePub)
    - QuerySpaces
       - EntityQuerySpaceImpl(uid=<gen:0>, entity=com.ningmeng.framework.domain.course.CoursePub)
          - SQL table alias mapping - coursepub0_
          - alias suffix - 0_
          - suffixed key columns - {id1_7_0_}

2020-03-14 21:57:00.840 [main] DEBUG o.h.loader.entity.plan.EntityLoader - Static select for entity com.ningmeng.framework.domain.course.CoursePub [NONE]: select coursepub0_.id as id1_7_0_, coursepub0_.charge as charge2_7_0_, coursepub0_.description as descript3_7_0_, coursepub0_.expires as expires4_7_0_, coursepub0_.grade as grade5_7_0_, coursepub0_.mt as mt6_7_0_, coursepub0_.name as name7_7_0_, coursepub0_.pic as pic8_7_0_, coursepub0_.price as price9_7_0_, coursepub0_.price_old as price_o10_7_0_, coursepub0_.pub_time as pub_tim11_7_0_, coursepub0_.qq as qq12_7_0_, coursepub0_.st as st13_7_0_, coursepub0_.studymodel as studymo14_7_0_, coursepub0_.teachmode as teachmo15_7_0_, coursepub0_.teachplan as teachpl16_7_0_, coursepub0_.timestamp as timesta17_7_0_, coursepub0_.users as users18_7_0_, coursepub0_.valid as valid19_7_0_ from course_pub coursepub0_ where coursepub0_.id=?
2020-03-14 21:57:00.840 [main] DEBUG o.h.l.p.b.i.spaces.QuerySpacesImpl - Adding QuerySpace : uid = <gen:0> -> org.hibernate.loader.plan.build.internal.spaces.EntityQuerySpaceImpl@3f4964f2]
2020-03-14 21:57:00.840 [main] DEBUG o.h.p.w.spi.MetamodelGraphWalker - Visiting attribute path : charge
2020-03-14 21:57:00.840 [main] DEBUG o.h.p.w.spi.MetamodelGraphWalker - Visiting attribute path : description
2020-03-14 21:57:00.840 [main] DEBUG o.h.p.w.spi.MetamodelGraphWalker - Visiting attribute path : expires
2020-03-14 21:57:00.840 [main] DEBUG o.h.p.w.spi.MetamodelGraphWalker - Visiting attribute path : grade
2020-03-14 21:57:00.840 [main] DEBUG o.h.p.w.spi.MetamodelGraphWalker - Visiting attribute path : mt
2020-03-14 21:57:00.840 [main] DEBUG o.h.p.w.spi.MetamodelGraphWalker - Visiting attribute path : name
2020-03-14 21:57:00.840 [main] DEBUG o.h.p.w.spi.MetamodelGraphWalker - Visiting attribute path : pic
2020-03-14 21:57:00.840 [main] DEBUG o.h.p.w.spi.MetamodelGraphWalker - Visiting attribute path : price
2020-03-14 21:57:00.840 [main] DEBUG o.h.p.w.spi.MetamodelGraphWalker - Visiting attribute path : price_old
2020-03-14 21:57:00.840 [main] DEBUG o.h.p.w.spi.MetamodelGraphWalker - Visiting attribute path : pubTime
2020-03-14 21:57:00.840 [main] DEBUG o.h.p.w.spi.MetamodelGraphWalker - Visiting attribute path : qq
2020-03-14 21:57:00.840 [main] DEBUG o.h.p.w.spi.MetamodelGraphWalker - Visiting attribute path : st
2020-03-14 21:57:00.840 [main] DEBUG o.h.p.w.spi.MetamodelGraphWalker - Visiting attribute path : studymodel
2020-03-14 21:57:00.840 [main] DEBUG o.h.p.w.spi.MetamodelGraphWalker - Visiting attribute path : teachmode
2020-03-14 21:57:00.840 [main] DEBUG o.h.p.w.spi.MetamodelGraphWalker - Visiting attribute path : teachplan
2020-03-14 21:57:00.840 [main] DEBUG o.h.p.w.spi.MetamodelGraphWalker - Visiting attribute path : timestamp
2020-03-14 21:57:00.840 [main] DEBUG o.h.p.w.spi.MetamodelGraphWalker - Visiting attribute path : users
2020-03-14 21:57:00.841 [main] DEBUG o.h.p.w.spi.MetamodelGraphWalker - Visiting attribute path : valid
2020-03-14 21:57:00.841 [main] DEBUG o.h.l.p.b.i.FetchStyleLoadPlanBuildingAssociationVisitationStrategy - Building LoadPlan...
2020-03-14 21:57:00.841 [main] DEBUG o.h.l.p.e.i.LoadQueryJoinAndFetchProcessor - processing queryspace <gen:0>
2020-03-14 21:57:00.841 [main] DEBUG o.h.l.p.b.spi.LoadPlanTreePrinter - LoadPlan(entity=com.ningmeng.framework.domain.course.CoursePub)
    - Returns
       - EntityReturnImpl(entity=com.ningmeng.framework.domain.course.CoursePub, querySpaceUid=<gen:0>, path=com.ningmeng.framework.domain.course.CoursePub)
    - QuerySpaces
       - EntityQuerySpaceImpl(uid=<gen:0>, entity=com.ningmeng.framework.domain.course.CoursePub)
          - SQL table alias mapping - coursepub0_
          - alias suffix - 0_
          - suffixed key columns - {id1_7_0_}

2020-03-14 21:57:00.842 [main] DEBUG o.h.loader.entity.plan.EntityLoader - Static select for entity com.ningmeng.framework.domain.course.CoursePub [READ]: select coursepub0_.id as id1_7_0_, coursepub0_.charge as charge2_7_0_, coursepub0_.description as descript3_7_0_, coursepub0_.expires as expires4_7_0_, coursepub0_.grade as grade5_7_0_, coursepub0_.mt as mt6_7_0_, coursepub0_.name as name7_7_0_, coursepub0_.pic as pic8_7_0_, coursepub0_.price as price9_7_0_, coursepub0_.price_old as price_o10_7_0_, coursepub0_.pub_time as pub_tim11_7_0_, coursepub0_.qq as qq12_7_0_, coursepub0_.st as st13_7_0_, coursepub0_.studymodel as studymo14_7_0_, coursepub0_.teachmode as teachmo15_7_0_, coursepub0_.teachplan as teachpl16_7_0_, coursepub0_.timestamp as timesta17_7_0_, coursepub0_.users as users18_7_0_, coursepub0_.valid as valid19_7_0_ from course_pub coursepub0_ where coursepub0_.id=?
2020-03-14 21:57:00.843 [main] DEBUG o.h.l.p.b.i.spaces.QuerySpacesImpl - Adding QuerySpace : uid = <gen:0> -> org.hibernate.loader.plan.build.internal.spaces.EntityQuerySpaceImpl@299cab08]
2020-03-14 21:57:00.843 [main] DEBUG o.h.p.w.spi.MetamodelGraphWalker - Visiting attribute path : charge
2020-03-14 21:57:00.843 [main] DEBUG o.h.p.w.spi.MetamodelGraphWalker - Visiting attribute path : description
2020-03-14 21:57:00.843 [main] DEBUG o.h.p.w.spi.MetamodelGraphWalker - Visiting attribute path : expires
2020-03-14 21:57:00.844 [main] DEBUG o.h.p.w.spi.MetamodelGraphWalker - Visiting attribute path : grade
2020-03-14 21:57:00.844 [main] DEBUG o.h.p.w.spi.MetamodelGraphWalker - Visiting attribute path : mt
2020-03-14 21:57:00.844 [main] DEBUG o.h.p.w.spi.MetamodelGraphWalker - Visiting attribute path : name
2020-03-14 21:57:00.844 [main] DEBUG o.h.p.w.spi.MetamodelGraphWalker - Visiting attribute path : pic
2020-03-14 21:57:00.844 [main] DEBUG o.h.p.w.spi.MetamodelGraphWalker - Visiting attribute path : price
2020-03-14 21:57:00.844 [main] DEBUG o.h.p.w.spi.MetamodelGraphWalker - Visiting attribute path : price_old
2020-03-14 21:57:00.845 [main] DEBUG o.h.p.w.spi.MetamodelGraphWalker - Visiting attribute path : pubTime
2020-03-14 21:57:00.845 [main] DEBUG o.h.p.w.spi.MetamodelGraphWalker - Visiting attribute path : qq
2020-03-14 21:57:00.845 [main] DEBUG o.h.p.w.spi.MetamodelGraphWalker - Visiting attribute path : st
2020-03-14 21:57:00.845 [main] DEBUG o.h.p.w.spi.MetamodelGraphWalker - Visiting attribute path : studymodel
2020-03-14 21:57:00.845 [main] DEBUG o.h.p.w.spi.MetamodelGraphWalker - Visiting attribute path : teachmode
2020-03-14 21:57:00.845 [main] DEBUG o.h.p.w.spi.MetamodelGraphWalker - Visiting attribute path : teachplan
2020-03-14 21:57:00.845 [main] DEBUG o.h.p.w.spi.MetamodelGraphWalker - Visiting attribute path : timestamp
2020-03-14 21:57:00.845 [main] DEBUG o.h.p.w.spi.MetamodelGraphWalker - Visiting attribute path : users
2020-03-14 21:57:00.845 [main] DEBUG o.h.p.w.spi.MetamodelGraphWalker - Visiting attribute path : valid
2020-03-14 21:57:00.845 [main] DEBUG o.h.l.p.b.i.FetchStyleLoadPlanBuildingAssociationVisitationStrategy - Building LoadPlan...
2020-03-14 21:57:00.847 [main] DEBUG o.h.l.p.e.i.LoadQueryJoinAndFetchProcessor - processing queryspace <gen:0>
2020-03-14 21:57:00.848 [main] DEBUG o.h.l.p.b.spi.LoadPlanTreePrinter - LoadPlan(entity=com.ningmeng.framework.domain.course.CoursePub)
    - Returns
       - EntityReturnImpl(entity=com.ningmeng.framework.domain.course.CoursePub, querySpaceUid=<gen:0>, path=com.ningmeng.framework.domain.course.CoursePub)
    - QuerySpaces
       - EntityQuerySpaceImpl(uid=<gen:0>, entity=com.ningmeng.framework.domain.course.CoursePub)
          - SQL table alias mapping - coursepub0_
          - alias suffix - 0_
          - suffixed key columns - {id1_7_0_}

2020-03-14 21:57:00.848 [main] DEBUG o.h.loader.entity.plan.EntityLoader - Static select for entity com.ningmeng.framework.domain.course.CoursePub [UPGRADE]: select coursepub0_.id as id1_7_0_, coursepub0_.charge as charge2_7_0_, coursepub0_.description as descript3_7_0_, coursepub0_.expires as expires4_7_0_, coursepub0_.grade as grade5_7_0_, coursepub0_.mt as mt6_7_0_, coursepub0_.name as name7_7_0_, coursepub0_.pic as pic8_7_0_, coursepub0_.price as price9_7_0_, coursepub0_.price_old as price_o10_7_0_, coursepub0_.pub_time as pub_tim11_7_0_, coursepub0_.qq as qq12_7_0_, coursepub0_.st as st13_7_0_, coursepub0_.studymodel as studymo14_7_0_, coursepub0_.teachmode as teachmo15_7_0_, coursepub0_.teachplan as teachpl16_7_0_, coursepub0_.timestamp as timesta17_7_0_, coursepub0_.users as users18_7_0_, coursepub0_.valid as valid19_7_0_ from course_pub coursepub0_ where coursepub0_.id=? for update
2020-03-14 21:57:00.848 [main] DEBUG o.h.l.p.b.i.spaces.QuerySpacesImpl - Adding QuerySpace : uid = <gen:0> -> org.hibernate.loader.plan.build.internal.spaces.EntityQuerySpaceImpl@186f7434]
2020-03-14 21:57:00.848 [main] DEBUG o.h.p.w.spi.MetamodelGraphWalker - Visiting attribute path : charge
2020-03-14 21:57:00.848 [main] DEBUG o.h.p.w.spi.MetamodelGraphWalker - Visiting attribute path : description
2020-03-14 21:57:00.849 [main] DEBUG o.h.p.w.spi.MetamodelGraphWalker - Visiting attribute path : expires
2020-03-14 21:57:00.849 [main] DEBUG o.h.p.w.spi.MetamodelGraphWalker - Visiting attribute path : grade
2020-03-14 21:57:00.849 [main] DEBUG o.h.p.w.spi.MetamodelGraphWalker - Visiting attribute path : mt
2020-03-14 21:57:00.849 [main] DEBUG o.h.p.w.spi.MetamodelGraphWalker - Visiting attribute path : name
2020-03-14 21:57:00.849 [main] DEBUG o.h.p.w.spi.MetamodelGraphWalker - Visiting attribute path : pic
2020-03-14 21:57:00.849 [main] DEBUG o.h.p.w.spi.MetamodelGraphWalker - Visiting attribute path : price
2020-03-14 21:57:00.849 [main] DEBUG o.h.p.w.spi.MetamodelGraphWalker - Visiting attribute path : price_old
2020-03-14 21:57:00.849 [main] DEBUG o.h.p.w.spi.MetamodelGraphWalker - Visiting attribute path : pubTime
2020-03-14 21:57:00.849 [main] DEBUG o.h.p.w.spi.MetamodelGraphWalker - Visiting attribute path : qq
2020-03-14 21:57:00.849 [main] DEBUG o.h.p.w.spi.MetamodelGraphWalker - Visiting attribute path : st
2020-03-14 21:57:00.849 [main] DEBUG o.h.p.w.spi.MetamodelGraphWalker - Visiting attribute path : studymodel
2020-03-14 21:57:00.849 [main] DEBUG o.h.p.w.spi.MetamodelGraphWalker - Visiting attribute path : teachmode
2020-03-14 21:57:00.850 [main] DEBUG o.h.p.w.spi.MetamodelGraphWalker - Visiting attribute path : teachplan
2020-03-14 21:57:00.850 [main] DEBUG o.h.p.w.spi.MetamodelGraphWalker - Visiting attribute path : timestamp
2020-03-14 21:57:00.850 [main] DEBUG o.h.p.w.spi.MetamodelGraphWalker - Visiting attribute path : users
2020-03-14 21:57:00.850 [main] DEBUG o.h.p.w.spi.MetamodelGraphWalker - Visiting attribute path : valid
2020-03-14 21:57:00.851 [main] DEBUG o.h.l.p.b.i.FetchStyleLoadPlanBuildingAssociationVisitationStrategy - Building LoadPlan...
2020-03-14 21:57:00.852 [main] DEBUG o.h.l.p.e.i.LoadQueryJoinAndFetchProcessor - processing queryspace <gen:0>
2020-03-14 21:57:00.855 [main] DEBUG o.h.l.p.b.spi.LoadPlanTreePrinter - LoadPlan(entity=com.ningmeng.framework.domain.course.CoursePub)
    - Returns
       - EntityReturnImpl(entity=com.ningmeng.framework.domain.course.CoursePub, querySpaceUid=<gen:0>, path=com.ningmeng.framework.domain.course.CoursePub)
    - QuerySpaces
       - EntityQuerySpaceImpl(uid=<gen:0>, entity=com.ningmeng.framework.domain.course.CoursePub)
          - SQL table alias mapping - coursepub0_
          - alias suffix - 0_
          - suffixed key columns - {id1_7_0_}

2020-03-14 21:57:00.855 [main] DEBUG o.h.loader.entity.plan.EntityLoader - Static select for entity com.ningmeng.framework.domain.course.CoursePub [UPGRADE_NOWAIT]: select coursepub0_.id as id1_7_0_, coursepub0_.charge as charge2_7_0_, coursepub0_.description as descript3_7_0_, coursepub0_.expires as expires4_7_0_, coursepub0_.grade as grade5_7_0_, coursepub0_.mt as mt6_7_0_, coursepub0_.name as name7_7_0_, coursepub0_.pic as pic8_7_0_, coursepub0_.price as price9_7_0_, coursepub0_.price_old as price_o10_7_0_, coursepub0_.pub_time as pub_tim11_7_0_, coursepub0_.qq as qq12_7_0_, coursepub0_.st as st13_7_0_, coursepub0_.studymodel as studymo14_7_0_, coursepub0_.teachmode as teachmo15_7_0_, coursepub0_.teachplan as teachpl16_7_0_, coursepub0_.timestamp as timesta17_7_0_, coursepub0_.users as users18_7_0_, coursepub0_.valid as valid19_7_0_ from course_pub coursepub0_ where coursepub0_.id=? for update
2020-03-14 21:57:00.856 [main] DEBUG o.h.l.p.b.i.spaces.QuerySpacesImpl - Adding QuerySpace : uid = <gen:0> -> org.hibernate.loader.plan.build.internal.spaces.EntityQuerySpaceImpl@6ffc6ea7]
2020-03-14 21:57:00.856 [main] DEBUG o.h.p.w.spi.MetamodelGraphWalker - Visiting attribute path : charge
2020-03-14 21:57:00.856 [main] DEBUG o.h.p.w.spi.MetamodelGraphWalker - Visiting attribute path : description
2020-03-14 21:57:00.856 [main] DEBUG o.h.p.w.spi.MetamodelGraphWalker - Visiting attribute path : expires
2020-03-14 21:57:00.856 [main] DEBUG o.h.p.w.spi.MetamodelGraphWalker - Visiting attribute path : grade
2020-03-14 21:57:00.856 [main] DEBUG o.h.p.w.spi.MetamodelGraphWalker - Visiting attribute path : mt
2020-03-14 21:57:00.856 [main] DEBUG o.h.p.w.spi.MetamodelGraphWalker - Visiting attribute path : name
2020-03-14 21:57:00.856 [main] DEBUG o.h.p.w.spi.MetamodelGraphWalker - Visiting attribute path : pic
2020-03-14 21:57:00.856 [main] DEBUG o.h.p.w.spi.MetamodelGraphWalker - Visiting attribute path : price
2020-03-14 21:57:00.856 [main] DEBUG o.h.p.w.spi.MetamodelGraphWalker - Visiting attribute path : price_old
2020-03-14 21:57:00.856 [main] DEBUG o.h.p.w.spi.MetamodelGraphWalker - Visiting attribute path : pubTime
2020-03-14 21:57:00.856 [main] DEBUG o.h.p.w.spi.MetamodelGraphWalker - Visiting attribute path : qq
2020-03-14 21:57:00.856 [main] DEBUG o.h.p.w.spi.MetamodelGraphWalker - Visiting attribute path : st
2020-03-14 21:57:00.856 [main] DEBUG o.h.p.w.spi.MetamodelGraphWalker - Visiting attribute path : studymodel
2020-03-14 21:57:00.856 [main] DEBUG o.h.p.w.spi.MetamodelGraphWalker - Visiting attribute path : teachmode
2020-03-14 21:57:00.856 [main] DEBUG o.h.p.w.spi.MetamodelGraphWalker - Visiting attribute path : teachplan
2020-03-14 21:57:00.856 [main] DEBUG o.h.p.w.spi.MetamodelGraphWalker - Visiting attribute path : timestamp
2020-03-14 21:57:00.856 [main] DEBUG o.h.p.w.spi.MetamodelGraphWalker - Visiting attribute path : users
2020-03-14 21:57:00.856 [main] DEBUG o.h.p.w.spi.MetamodelGraphWalker - Visiting attribute path : valid
2020-03-14 21:57:00.857 [main] DEBUG o.h.l.p.b.i.FetchStyleLoadPlanBuildingAssociationVisitationStrategy - Building LoadPlan...
2020-03-14 21:57:00.857 [main] DEBUG o.h.l.p.e.i.LoadQueryJoinAndFetchProcessor - processing queryspace <gen:0>
2020-03-14 21:57:00.858 [main] DEBUG o.h.l.p.b.spi.LoadPlanTreePrinter - LoadPlan(entity=com.ningmeng.framework.domain.course.CoursePub)
    - Returns
       - EntityReturnImpl(entity=com.ningmeng.framework.domain.course.CoursePub, querySpaceUid=<gen:0>, path=com.ningmeng.framework.domain.course.CoursePub)
    - QuerySpaces
       - EntityQuerySpaceImpl(uid=<gen:0>, entity=com.ningmeng.framework.domain.course.CoursePub)
          - SQL table alias mapping - coursepub0_
          - alias suffix - 0_
          - suffixed key columns - {id1_7_0_}

2020-03-14 21:57:00.858 [main] DEBUG o.h.loader.entity.plan.EntityLoader - Static select for entity com.ningmeng.framework.domain.course.CoursePub [UPGRADE_SKIPLOCKED]: select coursepub0_.id as id1_7_0_, coursepub0_.charge as charge2_7_0_, coursepub0_.description as descript3_7_0_, coursepub0_.expires as expires4_7_0_, coursepub0_.grade as grade5_7_0_, coursepub0_.mt as mt6_7_0_, coursepub0_.name as name7_7_0_, coursepub0_.pic as pic8_7_0_, coursepub0_.price as price9_7_0_, coursepub0_.price_old as price_o10_7_0_, coursepub0_.pub_time as pub_tim11_7_0_, coursepub0_.qq as qq12_7_0_, coursepub0_.st as st13_7_0_, coursepub0_.studymodel as studymo14_7_0_, coursepub0_.teachmode as teachmo15_7_0_, coursepub0_.teachplan as teachpl16_7_0_, coursepub0_.timestamp as timesta17_7_0_, coursepub0_.users as users18_7_0_, coursepub0_.valid as valid19_7_0_ from course_pub coursepub0_ where coursepub0_.id=? for update
2020-03-14 21:57:00.858 [main] DEBUG o.h.l.p.b.i.spaces.QuerySpacesImpl - Adding QuerySpace : uid = <gen:0> -> org.hibernate.loader.plan.build.internal.spaces.EntityQuerySpaceImpl@4ffa078d]
2020-03-14 21:57:00.858 [main] DEBUG o.h.p.w.spi.MetamodelGraphWalker - Visiting attribute path : charge
2020-03-14 21:57:00.858 [main] DEBUG o.h.p.w.spi.MetamodelGraphWalker - Visiting attribute path : description
2020-03-14 21:57:00.858 [main] DEBUG o.h.p.w.spi.MetamodelGraphWalker - Visiting attribute path : expires
2020-03-14 21:57:00.858 [main] DEBUG o.h.p.w.spi.MetamodelGraphWalker - Visiting attribute path : grade
2020-03-14 21:57:00.858 [main] DEBUG o.h.p.w.spi.MetamodelGraphWalker - Visiting attribute path : mt
2020-03-14 21:57:00.858 [main] DEBUG o.h.p.w.spi.MetamodelGraphWalker - Visiting attribute path : name
2020-03-14 21:57:00.858 [main] DEBUG o.h.p.w.spi.MetamodelGraphWalker - Visiting attribute path : pic
2020-03-14 21:57:00.858 [main] DEBUG o.h.p.w.spi.MetamodelGraphWalker - Visiting attribute path : price
2020-03-14 21:57:00.859 [main] DEBUG o.h.p.w.spi.MetamodelGraphWalker - Visiting attribute path : price_old
2020-03-14 21:57:00.859 [main] DEBUG o.h.p.w.spi.MetamodelGraphWalker - Visiting attribute path : pubTime
2020-03-14 21:57:00.859 [main] DEBUG o.h.p.w.spi.MetamodelGraphWalker - Visiting attribute path : qq
2020-03-14 21:57:00.859 [main] DEBUG o.h.p.w.spi.MetamodelGraphWalker - Visiting attribute path : st
2020-03-14 21:57:00.859 [main] DEBUG o.h.p.w.spi.MetamodelGraphWalker - Visiting attribute path : studymodel
2020-03-14 21:57:00.859 [main] DEBUG o.h.p.w.spi.MetamodelGraphWalker - Visiting attribute path : teachmode
2020-03-14 21:57:00.859 [main] DEBUG o.h.p.w.spi.MetamodelGraphWalker - Visiting attribute path : teachplan
2020-03-14 21:57:00.859 [main] DEBUG o.h.p.w.spi.MetamodelGraphWalker - Visiting attribute path : timestamp
2020-03-14 21:57:00.859 [main] DEBUG o.h.p.w.spi.MetamodelGraphWalker - Visiting attribute path : users
2020-03-14 21:57:00.859 [main] DEBUG o.h.p.w.spi.MetamodelGraphWalker - Visiting attribute path : valid
2020-03-14 21:57:00.859 [main] DEBUG o.h.l.p.b.i.FetchStyleLoadPlanBuildingAssociationVisitationStrategy - Building LoadPlan...
2020-03-14 21:57:00.859 [main] DEBUG o.h.l.p.e.i.LoadQueryJoinAndFetchProcessor - processing queryspace <gen:0>
2020-03-14 21:57:00.860 [main] DEBUG o.h.l.p.b.spi.LoadPlanTreePrinter - LoadPlan(entity=com.ningmeng.framework.domain.course.CoursePub)
    - Returns
       - EntityReturnImpl(entity=com.ningmeng.framework.domain.course.CoursePub, querySpaceUid=<gen:0>, path=com.ningmeng.framework.domain.course.CoursePub)
    - QuerySpaces
       - EntityQuerySpaceImpl(uid=<gen:0>, entity=com.ningmeng.framework.domain.course.CoursePub)
          - SQL table alias mapping - coursepub0_
          - alias suffix - 0_
          - suffixed key columns - {id1_7_0_}

2020-03-14 21:57:00.860 [main] DEBUG o.h.loader.entity.plan.EntityLoader - Static select for entity com.ningmeng.framework.domain.course.CoursePub [FORCE]: select coursepub0_.id as id1_7_0_, coursepub0_.charge as charge2_7_0_, coursepub0_.description as descript3_7_0_, coursepub0_.expires as expires4_7_0_, coursepub0_.grade as grade5_7_0_, coursepub0_.mt as mt6_7_0_, coursepub0_.name as name7_7_0_, coursepub0_.pic as pic8_7_0_, coursepub0_.price as price9_7_0_, coursepub0_.price_old as price_o10_7_0_, coursepub0_.pub_time as pub_tim11_7_0_, coursepub0_.qq as qq12_7_0_, coursepub0_.st as st13_7_0_, coursepub0_.studymodel as studymo14_7_0_, coursepub0_.teachmode as teachmo15_7_0_, coursepub0_.teachplan as teachpl16_7_0_, coursepub0_.timestamp as timesta17_7_0_, coursepub0_.users as users18_7_0_, coursepub0_.valid as valid19_7_0_ from course_pub coursepub0_ where coursepub0_.id=? for update
2020-03-14 21:57:00.860 [main] DEBUG o.h.l.p.b.i.spaces.QuerySpacesImpl - Adding QuerySpace : uid = <gen:0> -> org.hibernate.loader.plan.build.internal.spaces.EntityQuerySpaceImpl@42238078]
2020-03-14 21:57:00.860 [main] DEBUG o.h.p.w.spi.MetamodelGraphWalker - Visiting attribute path : charge
2020-03-14 21:57:00.860 [main] DEBUG o.h.p.w.spi.MetamodelGraphWalker - Visiting attribute path : description
2020-03-14 21:57:00.860 [main] DEBUG o.h.p.w.spi.MetamodelGraphWalker - Visiting attribute path : expires
2020-03-14 21:57:00.860 [main] DEBUG o.h.p.w.spi.MetamodelGraphWalker - Visiting attribute path : grade
2020-03-14 21:57:00.860 [main] DEBUG o.h.p.w.spi.MetamodelGraphWalker - Visiting attribute path : mt
2020-03-14 21:57:00.860 [main] DEBUG o.h.p.w.spi.MetamodelGraphWalker - Visiting attribute path : name
2020-03-14 21:57:00.860 [main] DEBUG o.h.p.w.spi.MetamodelGraphWalker - Visiting attribute path : pic
2020-03-14 21:57:00.860 [main] DEBUG o.h.p.w.spi.MetamodelGraphWalker - Visiting attribute path : price
2020-03-14 21:57:00.860 [main] DEBUG o.h.p.w.spi.MetamodelGraphWalker - Visiting attribute path : price_old
2020-03-14 21:57:00.860 [main] DEBUG o.h.p.w.spi.MetamodelGraphWalker - Visiting attribute path : pubTime
2020-03-14 21:57:00.860 [main] DEBUG o.h.p.w.spi.MetamodelGraphWalker - Visiting attribute path : qq
2020-03-14 21:57:00.860 [main] DEBUG o.h.p.w.spi.MetamodelGraphWalker - Visiting attribute path : st
2020-03-14 21:57:00.860 [main] DEBUG o.h.p.w.spi.MetamodelGraphWalker - Visiting attribute path : studymodel
2020-03-14 21:57:00.860 [main] DEBUG o.h.p.w.spi.MetamodelGraphWalker - Visiting attribute path : teachmode
2020-03-14 21:57:00.860 [main] DEBUG o.h.p.w.spi.MetamodelGraphWalker - Visiting attribute path : teachplan
2020-03-14 21:57:00.860 [main] DEBUG o.h.p.w.spi.MetamodelGraphWalker - Visiting attribute path : timestamp
2020-03-14 21:57:00.861 [main] DEBUG o.h.p.w.spi.MetamodelGraphWalker - Visiting attribute path : users
2020-03-14 21:57:00.861 [main] DEBUG o.h.p.w.spi.MetamodelGraphWalker - Visiting attribute path : valid
2020-03-14 21:57:00.861 [main] DEBUG o.h.l.p.b.i.FetchStyleLoadPlanBuildingAssociationVisitationStrategy - Building LoadPlan...
2020-03-14 21:57:00.861 [main] DEBUG o.h.l.p.e.i.LoadQueryJoinAndFetchProcessor - processing queryspace <gen:0>
2020-03-14 21:57:00.862 [main] DEBUG o.h.l.p.b.spi.LoadPlanTreePrinter - LoadPlan(entity=com.ningmeng.framework.domain.course.CoursePub)
    - Returns
       - EntityReturnImpl(entity=com.ningmeng.framework.domain.course.CoursePub, querySpaceUid=<gen:0>, path=com.ningmeng.framework.domain.course.CoursePub)
    - QuerySpaces
       - EntityQuerySpaceImpl(uid=<gen:0>, entity=com.ningmeng.framework.domain.course.CoursePub)
          - SQL table alias mapping - coursepub0_
          - alias suffix - 0_
          - suffixed key columns - {id1_7_0_}

2020-03-14 21:57:00.862 [main] DEBUG o.h.loader.entity.plan.EntityLoader - Static select for entity com.ningmeng.framework.domain.course.CoursePub [PESSIMISTIC_READ]: select coursepub0_.id as id1_7_0_, coursepub0_.charge as charge2_7_0_, coursepub0_.description as descript3_7_0_, coursepub0_.expires as expires4_7_0_, coursepub0_.grade as grade5_7_0_, coursepub0_.mt as mt6_7_0_, coursepub0_.name as name7_7_0_, coursepub0_.pic as pic8_7_0_, coursepub0_.price as price9_7_0_, coursepub0_.price_old as price_o10_7_0_, coursepub0_.pub_time as pub_tim11_7_0_, coursepub0_.qq as qq12_7_0_, coursepub0_.st as st13_7_0_, coursepub0_.studymodel as studymo14_7_0_, coursepub0_.teachmode as teachmo15_7_0_, coursepub0_.teachplan as teachpl16_7_0_, coursepub0_.timestamp as timesta17_7_0_, coursepub0_.users as users18_7_0_, coursepub0_.valid as valid19_7_0_ from course_pub coursepub0_ where coursepub0_.id=? lock in share mode
2020-03-14 21:57:00.862 [main] DEBUG o.h.l.p.b.i.spaces.QuerySpacesImpl - Adding QuerySpace : uid = <gen:0> -> org.hibernate.loader.plan.build.internal.spaces.EntityQuerySpaceImpl@49fe0bcd]
2020-03-14 21:57:00.863 [main] DEBUG o.h.p.w.spi.MetamodelGraphWalker - Visiting attribute path : charge
2020-03-14 21:57:00.863 [main] DEBUG o.h.p.w.spi.MetamodelGraphWalker - Visiting attribute path : description
2020-03-14 21:57:00.863 [main] DEBUG o.h.p.w.spi.MetamodelGraphWalker - Visiting attribute path : expires
2020-03-14 21:57:00.863 [main] DEBUG o.h.p.w.spi.MetamodelGraphWalker - Visiting attribute path : grade
2020-03-14 21:57:00.863 [main] DEBUG o.h.p.w.spi.MetamodelGraphWalker - Visiting attribute path : mt
2020-03-14 21:57:00.863 [main] DEBUG o.h.p.w.spi.MetamodelGraphWalker - Visiting attribute path : name
2020-03-14 21:57:00.863 [main] DEBUG o.h.p.w.spi.MetamodelGraphWalker - Visiting attribute path : pic
2020-03-14 21:57:00.863 [main] DEBUG o.h.p.w.spi.MetamodelGraphWalker - Visiting attribute path : price
2020-03-14 21:57:00.863 [main] DEBUG o.h.p.w.spi.MetamodelGraphWalker - Visiting attribute path : price_old
2020-03-14 21:57:00.863 [main] DEBUG o.h.p.w.spi.MetamodelGraphWalker - Visiting attribute path : pubTime
2020-03-14 21:57:00.863 [main] DEBUG o.h.p.w.spi.MetamodelGraphWalker - Visiting attribute path : qq
2020-03-14 21:57:00.863 [main] DEBUG o.h.p.w.spi.MetamodelGraphWalker - Visiting attribute path : st
2020-03-14 21:57:00.863 [main] DEBUG o.h.p.w.spi.MetamodelGraphWalker - Visiting attribute path : studymodel
2020-03-14 21:57:00.863 [main] DEBUG o.h.p.w.spi.MetamodelGraphWalker - Visiting attribute path : teachmode
2020-03-14 21:57:00.863 [main] DEBUG o.h.p.w.spi.MetamodelGraphWalker - Visiting attribute path : teachplan
2020-03-14 21:57:00.863 [main] DEBUG o.h.p.w.spi.MetamodelGraphWalker - Visiting attribute path : timestamp
2020-03-14 21:57:00.863 [main] DEBUG o.h.p.w.spi.MetamodelGraphWalker - Visiting attribute path : users
2020-03-14 21:57:00.863 [main] DEBUG o.h.p.w.spi.MetamodelGraphWalker - Visiting attribute path : valid
2020-03-14 21:57:00.864 [main] DEBUG o.h.l.p.b.i.FetchStyleLoadPlanBuildingAssociationVisitationStrategy - Building LoadPlan...
2020-03-14 21:57:00.864 [main] DEBUG o.h.l.p.e.i.LoadQueryJoinAndFetchProcessor - processing queryspace <gen:0>
2020-03-14 21:57:00.867 [main] DEBUG o.h.l.p.b.spi.LoadPlanTreePrinter - LoadPlan(entity=com.ningmeng.framework.domain.course.CoursePub)
    - Returns
       - EntityReturnImpl(entity=com.ningmeng.framework.domain.course.CoursePub, querySpaceUid=<gen:0>, path=com.ningmeng.framework.domain.course.CoursePub)
    - QuerySpaces
       - EntityQuerySpaceImpl(uid=<gen:0>, entity=com.ningmeng.framework.domain.course.CoursePub)
          - SQL table alias mapping - coursepub0_
          - alias suffix - 0_
          - suffixed key columns - {id1_7_0_}

2020-03-14 21:57:00.868 [main] DEBUG o.h.loader.entity.plan.EntityLoader - Static select for entity com.ningmeng.framework.domain.course.CoursePub [PESSIMISTIC_WRITE]: select coursepub0_.id as id1_7_0_, coursepub0_.charge as charge2_7_0_, coursepub0_.description as descript3_7_0_, coursepub0_.expires as expires4_7_0_, coursepub0_.grade as grade5_7_0_, coursepub0_.mt as mt6_7_0_, coursepub0_.name as name7_7_0_, coursepub0_.pic as pic8_7_0_, coursepub0_.price as price9_7_0_, coursepub0_.price_old as price_o10_7_0_, coursepub0_.pub_time as pub_tim11_7_0_, coursepub0_.qq as qq12_7_0_, coursepub0_.st as st13_7_0_, coursepub0_.studymodel as studymo14_7_0_, coursepub0_.teachmode as teachmo15_7_0_, coursepub0_.teachplan as teachpl16_7_0_, coursepub0_.timestamp as timesta17_7_0_, coursepub0_.users as users18_7_0_, coursepub0_.valid as valid19_7_0_ from course_pub coursepub0_ where coursepub0_.id=? for update
2020-03-14 21:57:00.868 [main] DEBUG o.h.l.p.b.i.spaces.QuerySpacesImpl - Adding QuerySpace : uid = <gen:0> -> org.hibernate.loader.plan.build.internal.spaces.EntityQuerySpaceImpl@6be8ce1b]
2020-03-14 21:57:00.868 [main] DEBUG o.h.p.w.spi.MetamodelGraphWalker - Visiting attribute path : charge
2020-03-14 21:57:00.868 [main] DEBUG o.h.p.w.spi.MetamodelGraphWalker - Visiting attribute path : description
2020-03-14 21:57:00.868 [main] DEBUG o.h.p.w.spi.MetamodelGraphWalker - Visiting attribute path : expires
2020-03-14 21:57:00.868 [main] DEBUG o.h.p.w.spi.MetamodelGraphWalker - Visiting attribute path : grade
2020-03-14 21:57:00.868 [main] DEBUG o.h.p.w.spi.MetamodelGraphWalker - Visiting attribute path : mt
2020-03-14 21:57:00.868 [main] DEBUG o.h.p.w.spi.MetamodelGraphWalker - Visiting attribute path : name
2020-03-14 21:57:00.868 [main] DEBUG o.h.p.w.spi.MetamodelGraphWalker - Visiting attribute path : pic
2020-03-14 21:57:00.868 [main] DEBUG o.h.p.w.spi.MetamodelGraphWalker - Visiting attribute path : price
2020-03-14 21:57:00.868 [main] DEBUG o.h.p.w.spi.MetamodelGraphWalker - Visiting attribute path : price_old
2020-03-14 21:57:00.868 [main] DEBUG o.h.p.w.spi.MetamodelGraphWalker - Visiting attribute path : pubTime
2020-03-14 21:57:00.868 [main] DEBUG o.h.p.w.spi.MetamodelGraphWalker - Visiting attribute path : qq
2020-03-14 21:57:00.869 [main] DEBUG o.h.p.w.spi.MetamodelGraphWalker - Visiting attribute path : st
2020-03-14 21:57:00.869 [main] DEBUG o.h.p.w.spi.MetamodelGraphWalker - Visiting attribute path : studymodel
2020-03-14 21:57:00.869 [main] DEBUG o.h.p.w.spi.MetamodelGraphWalker - Visiting attribute path : teachmode
2020-03-14 21:57:00.869 [main] DEBUG o.h.p.w.spi.MetamodelGraphWalker - Visiting attribute path : teachplan
2020-03-14 21:57:00.869 [main] DEBUG o.h.p.w.spi.MetamodelGraphWalker - Visiting attribute path : timestamp
2020-03-14 21:57:00.869 [main] DEBUG o.h.p.w.spi.MetamodelGraphWalker - Visiting attribute path : users
2020-03-14 21:57:00.869 [main] DEBUG o.h.p.w.spi.MetamodelGraphWalker - Visiting attribute path : valid
2020-03-14 21:57:00.869 [main] DEBUG o.h.l.p.b.i.FetchStyleLoadPlanBuildingAssociationVisitationStrategy - Building LoadPlan...
2020-03-14 21:57:00.870 [main] DEBUG o.h.l.p.e.i.LoadQueryJoinAndFetchProcessor - processing queryspace <gen:0>
2020-03-14 21:57:00.871 [main] DEBUG o.h.l.p.b.spi.LoadPlanTreePrinter - LoadPlan(entity=com.ningmeng.framework.domain.course.CoursePub)
    - Returns
       - EntityReturnImpl(entity=com.ningmeng.framework.domain.course.CoursePub, querySpaceUid=<gen:0>, path=com.ningmeng.framework.domain.course.CoursePub)
    - QuerySpaces
       - EntityQuerySpaceImpl(uid=<gen:0>, entity=com.ningmeng.framework.domain.course.CoursePub)
          - SQL table alias mapping - coursepub0_
          - alias suffix - 0_
          - suffixed key columns - {id1_7_0_}

2020-03-14 21:57:00.871 [main] DEBUG o.h.loader.entity.plan.EntityLoader - Static select for entity com.ningmeng.framework.domain.course.CoursePub [PESSIMISTIC_FORCE_INCREMENT]: select coursepub0_.id as id1_7_0_, coursepub0_.charge as charge2_7_0_, coursepub0_.description as descript3_7_0_, coursepub0_.expires as expires4_7_0_, coursepub0_.grade as grade5_7_0_, coursepub0_.mt as mt6_7_0_, coursepub0_.name as name7_7_0_, coursepub0_.pic as pic8_7_0_, coursepub0_.price as price9_7_0_, coursepub0_.price_old as price_o10_7_0_, coursepub0_.pub_time as pub_tim11_7_0_, coursepub0_.qq as qq12_7_0_, coursepub0_.st as st13_7_0_, coursepub0_.studymodel as studymo14_7_0_, coursepub0_.teachmode as teachmo15_7_0_, coursepub0_.teachplan as teachpl16_7_0_, coursepub0_.timestamp as timesta17_7_0_, coursepub0_.users as users18_7_0_, coursepub0_.valid as valid19_7_0_ from course_pub coursepub0_ where coursepub0_.id=? for update
2020-03-14 21:57:00.872 [main] DEBUG o.h.l.p.b.i.spaces.QuerySpacesImpl - Adding QuerySpace : uid = <gen:0> -> org.hibernate.loader.plan.build.internal.spaces.EntityQuerySpaceImpl@397a10df]
2020-03-14 21:57:00.872 [main] DEBUG o.h.p.w.spi.MetamodelGraphWalker - Visiting attribute path : charge
2020-03-14 21:57:00.872 [main] DEBUG o.h.p.w.spi.MetamodelGraphWalker - Visiting attribute path : description
2020-03-14 21:57:00.872 [main] DEBUG o.h.p.w.spi.MetamodelGraphWalker - Visiting attribute path : expires
2020-03-14 21:57:00.872 [main] DEBUG o.h.p.w.spi.MetamodelGraphWalker - Visiting attribute path : grade
2020-03-14 21:57:00.872 [main] DEBUG o.h.p.w.spi.MetamodelGraphWalker - Visiting attribute path : mt
2020-03-14 21:57:00.872 [main] DEBUG o.h.p.w.spi.MetamodelGraphWalker - Visiting attribute path : name
2020-03-14 21:57:00.872 [main] DEBUG o.h.p.w.spi.MetamodelGraphWalker - Visiting attribute path : pic
2020-03-14 21:57:00.872 [main] DEBUG o.h.p.w.spi.MetamodelGraphWalker - Visiting attribute path : price
2020-03-14 21:57:00.872 [main] DEBUG o.h.p.w.spi.MetamodelGraphWalker - Visiting attribute path : price_old
2020-03-14 21:57:00.872 [main] DEBUG o.h.p.w.spi.MetamodelGraphWalker - Visiting attribute path : pubTime
2020-03-14 21:57:00.872 [main] DEBUG o.h.p.w.spi.MetamodelGraphWalker - Visiting attribute path : qq
2020-03-14 21:57:00.872 [main] DEBUG o.h.p.w.spi.MetamodelGraphWalker - Visiting attribute path : st
2020-03-14 21:57:00.872 [main] DEBUG o.h.p.w.spi.MetamodelGraphWalker - Visiting attribute path : studymodel
2020-03-14 21:57:00.872 [main] DEBUG o.h.p.w.spi.MetamodelGraphWalker - Visiting attribute path : teachmode
2020-03-14 21:57:00.872 [main] DEBUG o.h.p.w.spi.MetamodelGraphWalker - Visiting attribute path : teachplan
2020-03-14 21:57:00.872 [main] DEBUG o.h.p.w.spi.MetamodelGraphWalker - Visiting attribute path : timestamp
2020-03-14 21:57:00.872 [main] DEBUG o.h.p.w.spi.MetamodelGraphWalker - Visiting attribute path : users
2020-03-14 21:57:00.872 [main] DEBUG o.h.p.w.spi.MetamodelGraphWalker - Visiting attribute path : valid
2020-03-14 21:57:00.872 [main] DEBUG o.h.l.p.b.i.FetchStyleLoadPlanBuildingAssociationVisitationStrategy - Building LoadPlan...
2020-03-14 21:57:00.873 [main] DEBUG o.h.l.p.e.i.LoadQueryJoinAndFetchProcessor - processing queryspace <gen:0>
2020-03-14 21:57:00.874 [main] DEBUG o.h.l.p.b.spi.LoadPlanTreePrinter - LoadPlan(entity=com.ningmeng.framework.domain.course.CoursePub)
    - Returns
       - EntityReturnImpl(entity=com.ningmeng.framework.domain.course.CoursePub, querySpaceUid=<gen:0>, path=com.ningmeng.framework.domain.course.CoursePub)
    - QuerySpaces
       - EntityQuerySpaceImpl(uid=<gen:0>, entity=com.ningmeng.framework.domain.course.CoursePub)
          - SQL table alias mapping - coursepub0_
          - alias suffix - 0_
          - suffixed key columns - {id1_7_0_}

2020-03-14 21:57:00.874 [main] DEBUG o.h.loader.entity.plan.EntityLoader - Static select for entity com.ningmeng.framework.domain.course.CoursePub [OPTIMISTIC]: select coursepub0_.id as id1_7_0_, coursepub0_.charge as charge2_7_0_, coursepub0_.description as descript3_7_0_, coursepub0_.expires as expires4_7_0_, coursepub0_.grade as grade5_7_0_, coursepub0_.mt as mt6_7_0_, coursepub0_.name as name7_7_0_, coursepub0_.pic as pic8_7_0_, coursepub0_.price as price9_7_0_, coursepub0_.price_old as price_o10_7_0_, coursepub0_.pub_time as pub_tim11_7_0_, coursepub0_.qq as qq12_7_0_, coursepub0_.st as st13_7_0_, coursepub0_.studymodel as studymo14_7_0_, coursepub0_.teachmode as teachmo15_7_0_, coursepub0_.teachplan as teachpl16_7_0_, coursepub0_.timestamp as timesta17_7_0_, coursepub0_.users as users18_7_0_, coursepub0_.valid as valid19_7_0_ from course_pub coursepub0_ where coursepub0_.id=?
2020-03-14 21:57:00.874 [main] DEBUG o.h.l.p.b.i.spaces.QuerySpacesImpl - Adding QuerySpace : uid = <gen:0> -> org.hibernate.loader.plan.build.internal.spaces.EntityQuerySpaceImpl@141dfcf9]
2020-03-14 21:57:00.874 [main] DEBUG o.h.p.w.spi.MetamodelGraphWalker - Visiting attribute path : charge
2020-03-14 21:57:00.874 [main] DEBUG o.h.p.w.spi.MetamodelGraphWalker - Visiting attribute path : description
2020-03-14 21:57:00.874 [main] DEBUG o.h.p.w.spi.MetamodelGraphWalker - Visiting attribute path : expires
2020-03-14 21:57:00.874 [main] DEBUG o.h.p.w.spi.MetamodelGraphWalker - Visiting attribute path : grade
2020-03-14 21:57:00.874 [main] DEBUG o.h.p.w.spi.MetamodelGraphWalker - Visiting attribute path : mt
2020-03-14 21:57:00.874 [main] DEBUG o.h.p.w.spi.MetamodelGraphWalker - Visiting attribute path : name
2020-03-14 21:57:00.874 [main] DEBUG o.h.p.w.spi.MetamodelGraphWalker - Visiting attribute path : pic
2020-03-14 21:57:00.874 [main] DEBUG o.h.p.w.spi.MetamodelGraphWalker - Visiting attribute path : price
2020-03-14 21:57:00.874 [main] DEBUG o.h.p.w.spi.MetamodelGraphWalker - Visiting attribute path : price_old
2020-03-14 21:57:00.874 [main] DEBUG o.h.p.w.spi.MetamodelGraphWalker - Visiting attribute path : pubTime
2020-03-14 21:57:00.874 [main] DEBUG o.h.p.w.spi.MetamodelGraphWalker - Visiting attribute path : qq
2020-03-14 21:57:00.874 [main] DEBUG o.h.p.w.spi.MetamodelGraphWalker - Visiting attribute path : st
2020-03-14 21:57:00.874 [main] DEBUG o.h.p.w.spi.MetamodelGraphWalker - Visiting attribute path : studymodel
2020-03-14 21:57:00.875 [main] DEBUG o.h.p.w.spi.MetamodelGraphWalker - Visiting attribute path : teachmode
2020-03-14 21:57:00.875 [main] DEBUG o.h.p.w.spi.MetamodelGraphWalker - Visiting attribute path : teachplan
2020-03-14 21:57:00.875 [main] DEBUG o.h.p.w.spi.MetamodelGraphWalker - Visiting attribute path : timestamp
2020-03-14 21:57:00.875 [main] DEBUG o.h.p.w.spi.MetamodelGraphWalker - Visiting attribute path : users
2020-03-14 21:57:00.875 [main] DEBUG o.h.p.w.spi.MetamodelGraphWalker - Visiting attribute path : valid
2020-03-14 21:57:00.875 [main] DEBUG o.h.l.p.b.i.FetchStyleLoadPlanBuildingAssociationVisitationStrategy - Building LoadPlan...
2020-03-14 21:57:00.875 [main] DEBUG o.h.l.p.e.i.LoadQueryJoinAndFetchProcessor - processing queryspace <gen:0>
2020-03-14 21:57:00.876 [main] DEBUG o.h.l.p.b.spi.LoadPlanTreePrinter - LoadPlan(entity=com.ningmeng.framework.domain.course.CoursePub)
    - Returns
       - EntityReturnImpl(entity=com.ningmeng.framework.domain.course.CoursePub, querySpaceUid=<gen:0>, path=com.ningmeng.framework.domain.course.CoursePub)
    - QuerySpaces
       - EntityQuerySpaceImpl(uid=<gen:0>, entity=com.ningmeng.framework.domain.course.CoursePub)
          - SQL table alias mapping - coursepub0_
          - alias suffix - 0_
          - suffixed key columns - {id1_7_0_}

2020-03-14 21:57:00.876 [main] DEBUG o.h.loader.entity.plan.EntityLoader - Static select for entity com.ningmeng.framework.domain.course.CoursePub [OPTIMISTIC_FORCE_INCREMENT]: select coursepub0_.id as id1_7_0_, coursepub0_.charge as charge2_7_0_, coursepub0_.description as descript3_7_0_, coursepub0_.expires as expires4_7_0_, coursepub0_.grade as grade5_7_0_, coursepub0_.mt as mt6_7_0_, coursepub0_.name as name7_7_0_, coursepub0_.pic as pic8_7_0_, coursepub0_.price as price9_7_0_, coursepub0_.price_old as price_o10_7_0_, coursepub0_.pub_time as pub_tim11_7_0_, coursepub0_.qq as qq12_7_0_, coursepub0_.st as st13_7_0_, coursepub0_.studymodel as studymo14_7_0_, coursepub0_.teachmode as teachmo15_7_0_, coursepub0_.teachplan as teachpl16_7_0_, coursepub0_.timestamp as timesta17_7_0_, coursepub0_.users as users18_7_0_, coursepub0_.valid as valid19_7_0_ from course_pub coursepub0_ where coursepub0_.id=?
2020-03-14 21:57:00.876 [main] DEBUG org.hibernate.loader.Loader - Static select for action ACTION_MERGE on entity com.ningmeng.framework.domain.course.CoursePub: select coursepub0_.id as id1_7_0_, coursepub0_.charge as charge2_7_0_, coursepub0_.description as descript3_7_0_, coursepub0_.expires as expires4_7_0_, coursepub0_.grade as grade5_7_0_, coursepub0_.mt as mt6_7_0_, coursepub0_.name as name7_7_0_, coursepub0_.pic as pic8_7_0_, coursepub0_.price as price9_7_0_, coursepub0_.price_old as price_o10_7_0_, coursepub0_.pub_time as pub_tim11_7_0_, coursepub0_.qq as qq12_7_0_, coursepub0_.st as st13_7_0_, coursepub0_.studymodel as studymo14_7_0_, coursepub0_.teachmode as teachmo15_7_0_, coursepub0_.teachplan as teachpl16_7_0_, coursepub0_.timestamp as timesta17_7_0_, coursepub0_.users as users18_7_0_, coursepub0_.valid as valid19_7_0_ from course_pub coursepub0_ where coursepub0_.id=?
2020-03-14 21:57:00.876 [main] DEBUG org.hibernate.loader.Loader - Static select for action ACTION_REFRESH on entity com.ningmeng.framework.domain.course.CoursePub: select coursepub0_.id as id1_7_0_, coursepub0_.charge as charge2_7_0_, coursepub0_.description as descript3_7_0_, coursepub0_.expires as expires4_7_0_, coursepub0_.grade as grade5_7_0_, coursepub0_.mt as mt6_7_0_, coursepub0_.name as name7_7_0_, coursepub0_.pic as pic8_7_0_, coursepub0_.price as price9_7_0_, coursepub0_.price_old as price_o10_7_0_, coursepub0_.pub_time as pub_tim11_7_0_, coursepub0_.qq as qq12_7_0_, coursepub0_.st as st13_7_0_, coursepub0_.studymodel as studymo14_7_0_, coursepub0_.teachmode as teachmo15_7_0_, coursepub0_.teachplan as teachpl16_7_0_, coursepub0_.timestamp as timesta17_7_0_, coursepub0_.users as users18_7_0_, coursepub0_.valid as valid19_7_0_ from course_pub coursepub0_ where coursepub0_.id=?
2020-03-14 21:57:00.940 [main] DEBUG o.h.t.s.s.SchemaManagementToolCoordinator - No actions specified; doing nothing
2020-03-14 21:57:00.942 [main] DEBUG o.h.query.spi.NamedQueryRepository - Checking 0 named HQL queries
2020-03-14 21:57:00.942 [main] DEBUG o.h.query.spi.NamedQueryRepository - Checking 0 named SQL queries
2020-03-14 21:57:00.952 [main] DEBUG o.h.internal.SessionFactoryRegistry - Initializing SessionFactoryRegistry : org.hibernate.internal.SessionFactoryRegistry@472719df
2020-03-14 21:57:00.952 [main] DEBUG o.h.internal.SessionFactoryRegistry - Registering SessionFactory: 03fd8850-8930-4d3b-9287-95a0826f022b (<unnamed>)
2020-03-14 21:57:00.952 [main] DEBUG o.h.internal.SessionFactoryRegistry - Not binding SessionFactory to JNDI, no JNDI name configured
2020-03-14 21:57:00.953 [main] INFO  o.s.o.j.LocalContainerEntityManagerFactoryBean - Initialized JPA EntityManagerFactory for persistence unit 'default'
2020-03-14 21:57:00.960 [main] DEBUG o.s.b.f.s.DefaultListableBeanFactory - Returning cached instance of singleton bean 'metaDataSourceAdvisor'
2020-03-14 21:57:00.960 [main] DEBUG o.s.b.f.s.DefaultListableBeanFactory - Returning cached instance of singleton bean 'org.springframework.transaction.config.internalTransactionAdvisor'
2020-03-14 21:57:00.961 [main] DEBUG o.s.b.f.s.DefaultListableBeanFactory - Returning cached instance of singleton bean 'metaDataSourceAdvisor'
2020-03-14 21:57:00.961 [main] DEBUG o.s.b.f.s.DefaultListableBeanFactory - Returning cached instance of singleton bean 'org.springframework.transaction.config.internalTransactionAdvisor'
2020-03-14 21:57:00.969 [main] DEBUG o.s.b.f.s.DefaultListableBeanFactory - Finished creating instance of bean 'entityManagerFactory'
2020-03-14 21:57:00.970 [main] DEBUG o.s.b.f.s.DefaultListableBeanFactory - Pre-instantiating singletons in org.springframework.beans.factory.support.DefaultListableBeanFactory@10b892d5: defining beans [org.springframework.boot.test.mock.mockito.MockitoPostProcessor$SpyPostProcessor,org.springframework.boot.test.mock.mockito.MockitoPostProcessor,org.springframework.context.annotation.internalConfigurationAnnotationProcessor,org.springframework.context.annotation.internalAutowiredAnnotationProcessor,org.springframework.context.annotation.internalRequiredAnnotationProcessor,org.springframework.context.annotation.internalCommonAnnotationProcessor,org.springframework.context.annotation.internalPersistenceAnnotationProcessor,org.springframework.context.event.internalEventListenerProcessor,org.springframework.context.event.internalEventListenerFactory,manageCourseApplication,org.springframework.boot.autoconfigure.internalCachingMetadataReaderFactory,resourceServerConfig,courseController,sysDicthinaryController,courseService,sysDicthinaryService,swagger2Configuration,licenseMapperImpl,modelMapperImpl,parameterMapperImpl,securityMapperImpl,serviceModelToSwagger2MapperImpl,vendorExtensionsMapperImpl,apiDescriptionLookup,apiDescriptionReader,apiDocumentationScanner,apiListingReader,apiListingReferenceScanner,apiListingScanner,apiModelReader,cachingOperationReader,mediaTypeReader,apiOperationReader,cachingOperationNameGenerator,defaultOperationReader,defaultTagsProvider,operationDeprecatedReader,operationModelsProvider,operationParameterHeadersConditionReader,operationParameterReader,operationParameterRequestConditionReader,operationResponseClassReader,operationTagsReader,responseMessagesReader,expandedParameterBuilder,modelAttributeParameterExpander,parameterDataTypeReader,parameterDefaultReader,parameterMultiplesReader,parameterNameReader,parameterRequiredReader,parameterTypeReader,documentationPluginsBootstrapper,documentationPluginsManager,webMvcRequestHandlerProvider,operationPathDecorator,pathMappingDecorator,pathSanitizer,queryStringUriTemplateDecorator,cachingModelDependencyProvider,cachingModelProvider,defaultModelDependencyProvider,defaultModelProvider,schemaPluginsManager,accessorsProvider,cachingModelPropertiesProvider,factoryMethodProvider,fieldProvider,objectMapperBeanPropertyNamingStrategy,optimized,typeNameExtractor,apiModelBuilder,apiModelPropertyPropertyBuilder,apiModelTypeNameProvider,operationAuthReader,operationHiddenReader,operationHttpMethodReader,operationImplicitParameterReader,operationImplicitParametersReader,operationNicknameIntoUniqueIdReader,operationNotesReader,operationPositionReader,operationSummaryReader,swaggerMediaTypeReader,swaggerOperationModelsProvider,swaggerOperationResponseClassReader,swaggerOperationTagsReader,swaggerResponseMessageReader,vendorExtensionsReader,swaggerParameterDescriptionReader,swaggerExpandedParameterBuilder,apiResourceController,classOrApiAnnotationResourceGrouping,inMemorySwaggerResourcesProvider,swaggerApiListingReader,exceptionCatch,org.springframework.security.oauth2.config.annotation.web.configuration.ResourceServerConfiguration,org.springframework.security.config.annotation.configuration.ObjectPostProcessorConfiguration,objectPostProcessor,org.springframework.security.config.annotation.authentication.configuration.AuthenticationConfiguration,authenticationManagerBuilder,enableGlobalAuthenticationAutowiredConfigurer,initializeUserDetailsBeanManagerConfigurer,initializeAuthenticationProviderBeanManagerConfigurer,org.springframework.security.config.annotation.method.configuration.GlobalMethodSecurityConfiguration,methodSecurityInterceptor,methodSecurityMetadataSource,preInvocationAuthorizationAdvice,tokenStore,jwtAccessTokenConverter,metaDataSourceAdvisor,org.springframework.aop.config.internalAutoProxyCreator,springfox.documentation.schema.configuration.ModelsConfiguration,typeResolver,modelBuilderPluginRegistry,modelPropertyBuilderPluginRegistry,typeNameProviderPluginRegistry,springfox.documentation.spring.web.SpringfoxWebMvcConfiguration,defaults,resourceGroupCache,objectMapperConfigurer,jsonSerializer,descriptionResolver,documentationPluginRegistry,apiListingBuilderPluginRegistry,operationBuilderPluginRegistry,parameterBuilderPluginRegistry,expandedParameterBuilderPluginRegistry,resourceGroupingStrategyRegistry,operationModelsProviderPluginRegistry,defaultsProviderPluginRegistry,pathDecoratorRegistry,apiListingScannerPluginRegistry,springfox.documentation.swagger.configuration.SwaggerCommonConfiguration,springfox.documentation.swagger2.configuration.Swagger2DocumentationConfiguration,swagger2Module,swagger2ControllerMapping,createRestApi,restTemplate,org.springframework.boot.autoconfigure.AutoConfigurationPackages,default.com.ningmeng.manage_course.ManageCourseApplication.FeignClientSpecification,nm-service-manage-cms.FeignClientSpecification,com.ningmeng.manage_course.client.CmsPageClient,org.springframework.boot.autoconfigure.domain.EntityScanPackages,org.springframework.boot.autoconfigure.context.PropertyPlaceholderAutoConfiguration,org.springframework.boot.autoconfigure.condition.BeanTypeRegistry,propertySourcesPlaceholderConfigurer,org.springframework.boot.autoconfigure.websocket.servlet.WebSocketServletAutoConfiguration$TomcatWebSocketConfiguration,websocketContainerCustomizer,org.springframework.boot.autoconfigure.websocket.servlet.WebSocketServletAutoConfiguration,org.springframework.boot.autoconfigure.web.servlet.ServletWebServerFactoryConfiguration$EmbeddedTomcat,tomcatServletWebServerFactory,org.springframework.boot.autoconfigure.web.servlet.ServletWebServerFactoryAutoConfiguration,servletWebServerFactoryCustomizer,tomcatServletWebServerFactoryCustomizer,server-org.springframework.boot.autoconfigure.web.ServerProperties,org.springframework.boot.context.properties.ConfigurationPropertiesBindingPostProcessor,org.springframework.boot.context.properties.ConfigurationBeanFactoryMetadata,webServerFactoryCustomizerBeanPostProcessor,errorPageRegistrarBeanPostProcessor,org.springframework.boot.autoconfigure.web.servlet.DispatcherServletAutoConfiguration$DispatcherServletConfiguration,dispatcherServlet,spring.mvc-org.springframework.boot.autoconfigure.web.servlet.WebMvcProperties,org.springframework.boot.autoconfigure.web.servlet.DispatcherServletAutoConfiguration$DispatcherServletRegistrationConfiguration,dispatcherServletRegistration,org.springframework.boot.autoconfigure.web.servlet.DispatcherServletAutoConfiguration,org.springframework.cloud.netflix.archaius.ArchaiusAutoConfiguration$PropagateEventsConfiguration,org.springframework.cloud.netflix.archaius.ArchaiusAutoConfiguration$ArchaiusEndpointConfiguration,archaiusEndpoint,org.springframework.cloud.netflix.archaius.ArchaiusAutoConfiguration,configurableEnvironmentConfiguration,org.springframework.boot.autoconfigure.validation.ValidationAutoConfiguration,defaultValidator,methodValidationPostProcessor,org.springframework.boot.autoconfigure.web.servlet.error.ErrorMvcAutoConfiguration$WhitelabelErrorViewConfiguration,error,beanNameViewResolver,org.springframework.boot.autoconfigure.web.servlet.error.ErrorMvcAutoConfiguration$DefaultErrorViewResolverConfiguration,conventionErrorViewResolver,org.springframework.boot.autoconfigure.web.servlet.error.ErrorMvcAutoConfiguration,errorAttributes,basicErrorController,errorPageCustomizer,preserveErrorControllerTargetClassPostProcessor,spring.resources-org.springframework.boot.autoconfigure.web.ResourceProperties,org.springframework.boot.autoconfigure.security.oauth2.method.OAuth2MethodSecurityConfiguration,org.springframework.boot.autoconfigure.security.oauth2.client.OAuth2RestOperationsConfiguration,org.springframework.boot.autoconfigure.security.oauth2.OAuth2AutoConfiguration,resourceServerProperties,security.oauth2.client-org.springframework.boot.autoconfigure.security.oauth2.OAuth2ClientProperties,org.springframework.boot.autoconfigure.web.servlet.WebMvcAutoConfiguration$WebMvcAutoConfigurationAdapter$FaviconConfiguration,faviconHandlerMapping,faviconRequestHandler,org.springframework.boot.autoconfigure.web.servlet.WebMvcAutoConfiguration$EnableWebMvcConfiguration,requestMappingHandlerAdapter,requestMappingHandlerMapping,mvcConversionService,mvcValidator,mvcContentNegotiationManager,mvcPathMatcher,mvcUrlPathHelper,viewControllerHandlerMapping,beanNameHandlerMapping,resourceHandlerMapping,mvcResourceUrlProvider,defaultServletHandlerMapping,mvcUriComponentsContributor,httpRequestHandlerAdapter,simpleControllerHandlerAdapter,handlerExceptionResolver,mvcViewResolver,mvcHandlerMappingIntrospector,org.springframework.boot.autoconfigure.web.servlet.WebMvcAutoConfiguration$WebMvcAutoConfigurationAdapter,defaultViewResolver,viewResolver,welcomePageHandlerMapping,requestContextFilter,org.springframework.boot.autoconfigure.web.servlet.WebMvcAutoConfiguration,hiddenHttpMethodFilter,httpPutFormContentFilter,com.alibaba.druid.spring.boot.autoconfigure.stat.DruidStatViewServletConfiguration,statViewServletRegistrationBean,com.alibaba.druid.spring.boot.autoconfigure.stat.DruidWebStatFilterConfiguration,webStatFilterRegistrationBean,com.alibaba.druid.spring.boot.autoconfigure.stat.DruidFilterConfiguration,statFilter,com.alibaba.druid.spring.boot.autoconfigure.DruidDataSourceAutoConfigure,dataSource,spring.datasource.druid-com.alibaba.druid.spring.boot.autoconfigure.properties.DruidStatProperties,spring.datasource-org.springframework.boot.autoconfigure.jdbc.DataSourceProperties,org.springframework.boot.autoconfigure.transaction.jta.JtaAutoConfiguration,spring.jta-org.springframework.boot.autoconfigure.transaction.jta.JtaProperties,org.springframework.boot.autoconfigure.jdbc.metadata.DataSourcePoolMetadataProvidersConfiguration$HikariPoolDataSourceMetadataProviderConfiguration,hikariPoolDataSourceMetadataProvider,org.springframework.boot.autoconfigure.jdbc.metadata.DataSourcePoolMetadataProvidersConfiguration,org.springframework.boot.autoconfigure.jdbc.DataSourceInitializerInvoker,org.springframework.boot.autoconfigure.jdbc.DataSourceInitializationConfiguration,dataSourceInitializerPostProcessor,org.springframework.boot.autoconfigure.jdbc.DataSourceAutoConfiguration,org.mybatis.spring.boot.autoconfigure.MybatisAutoConfiguration$MapperScannerRegistrarNotFoundConfiguration,categoryMapper,courseMapper,courseMarketMapper,teachplanMapper,org.mybatis.spring.boot.autoconfigure.MybatisAutoConfiguration,sqlSessionFactory,sqlSessionTemplate,mybatis-org.mybatis.spring.boot.autoconfigure.MybatisProperties,com.github.pagehelper.autoconfigure.PageHelperAutoConfiguration,pageHelperProperties,pagehelper-com.github.pagehelper.autoconfigure.PageHelperProperties,org.springframework.boot.actuate.autoconfigure.audit.AuditAutoConfiguration$AuditEventRepositoryConfiguration,auditEventRepository,org.springframework.boot.actuate.autoconfigure.audit.AuditAutoConfiguration,auditListener,authenticationAuditListener,authorizationAuditListener,org.springframework.boot.actuate.autoconfigure.audit.AuditEventsEndpointAutoConfiguration,auditEventsEndpoint,org.springframework.boot.actuate.autoconfigure.beans.BeansEndpointAutoConfiguration,beansEndpoint,org.springframework.boot.actuate.autoconfigure.system.DiskSpaceHealthIndicatorAutoConfiguration,diskSpaceHealthIndicator,diskSpaceHealthIndicatorProperties,org.springframework.boot.autoconfigure.mongo.MongoAutoConfiguration,mongo,spring.data.mongodb-org.springframework.boot.autoconfigure.mongo.MongoProperties,org.springframework.boot.autoconfigure.data.mongo.MongoDataAutoConfiguration,mongoDbFactory,mongoTemplate,mappingMongoConverter,mongoMappingContext,gridFsTemplate,mongoCustomConversions,org.springframework.boot.actuate.autoconfigure.mongo.MongoHealthIndicatorConfiguration,mongoHealthIndicator,org.springframework.boot.actuate.autoconfigure.mongo.MongoHealthIndicatorAutoConfiguration,org.springframework.boot.actuate.autoconfigure.redis.RedisHealthIndicatorAutoConfiguration,org.springframework.boot.actuate.autoconfigure.jdbc.DataSourceHealthIndicatorAutoConfiguration,dbHealthIndicator,org.springframework.boot.autoconfigure.gson.GsonAutoConfiguration,gsonBuilder,gson,standardGsonBuilderCustomizer,spring.gson-org.springframework.boot.autoconfigure.gson.GsonProperties,org.springframework.boot.actuate.autoconfigure.elasticsearch.ElasticsearchHealthIndicatorAutoConfiguration,org.springframework.boot.actuate.autoconfigure.health.HealthIndicatorAutoConfiguration,healthAggregator,management.health.status-org.springframework.boot.actuate.autoconfigure.health.HealthIndicatorProperties,org.springframework.boot.actuate.autoconfigure.health.HealthEndpointConfiguration,healthEndpoint,org.springframework.boot.actuate.autoconfigure.health.HealthEndpointWebExtensionConfiguration$ServletWebHealthConfiguration,healthEndpointWebExtension,org.springframework.boot.actuate.autoconfigure.health.HealthEndpointWebExtensionConfiguration,createHealthStatusHttpMapper,healthWebEndpointResponseMapper,org.springframework.boot.actuate.autoconfigure.health.HealthEndpointAutoConfiguration,management.endpoint.health-org.springframework.boot.actuate.autoconfigure.health.HealthEndpointProperties,org.springframework.boot.actuate.autoconfigure.web.servlet.ServletManagementContextAutoConfiguration,servletWebChildContextFactory,managementServletContext,org.springframework.boot.actuate.autoconfigure.condition.ConditionsReportEndpointAutoConfiguration,conditionsReportEndpoint,org.springframework.boot.actuate.autoconfigure.context.ShutdownEndpointAutoConfiguration,org.springframework.boot.actuate.autoconfigure.context.properties.ConfigurationPropertiesReportEndpointAutoConfiguration,configurationPropertiesReportEndpoint,management.endpoint.configprops-org.springframework.boot.actuate.autoconfigure.context.properties.ConfigurationPropertiesReportEndpointProperties,org.springframework.boot.actuate.autoconfigure.endpoint.EndpointAutoConfiguration,endpointOperationParameterMapper,endpointCachingOperationInvokerAdvisor,org.springframework.boot.actuate.autoconfigure.endpoint.jmx.JmxEndpointAutoConfiguration,jmxAnnotationEndpointDiscoverer,jmxIncludeExcludePropertyEndpointFilter,management.endpoints.jmx-org.springframework.boot.actuate.autoconfigure.endpoint.jmx.JmxEndpointProperties,org.springframework.boot.actuate.autoconfigure.endpoint.web.WebEndpointAutoConfiguration$WebEndpointServletAutoConfiguration,servletEndpointDiscoverer,org.springframework.boot.actuate.autoconfigure.endpoint.web.WebEndpointAutoConfiguration,webEndpointPathMapper,endpointMediaTypes,webEndpointDiscoverer,controllerEndpointDiscoverer,pathMappedEndpoints,webExposeExcludePropertyEndpointFilter,controllerExposeExcludePropertyEndpointFilter,management.endpoints.web-org.springframework.boot.actuate.autoconfigure.endpoint.web.WebEndpointProperties,org.springframework.cloud.autoconfigure.LifecycleMvcEndpointAutoConfiguration,environmentManager,org.springframework.cloud.autoconfigure.WritableEnvironmentEndpointAutoConfiguration,environmentEndpoint,environmentEndpointWebExtension,management.endpoint.env-org.springframework.boot.actuate.autoconfigure.env.EnvironmentEndpointProperties,org.springframework.boot.actuate.autoconfigure.env.EnvironmentEndpointAutoConfiguration,org.springframework.boot.autoconfigure.info.ProjectInfoAutoConfiguration,spring.info-org.springframework.boot.autoconfigure.info.ProjectInfoProperties,org.springframework.boot.actuate.autoconfigure.info.InfoContributorAutoConfiguration,envInfoContributor,management.info-org.springframework.boot.actuate.autoconfigure.info.InfoContributorProperties,org.springframework.boot.actuate.autoconfigure.info.InfoEndpointAutoConfiguration,infoEndpoint,org.springframework.boot.actuate.autoconfigure.logging.LogFileWebEndpointAutoConfiguration,management.endpoint.logfile-org.springframework.boot.actuate.autoconfigure.logging.LogFileWebEndpointProperties,org.springframework.boot.actuate.autoconfigure.logging.LoggersEndpointAutoConfiguration,loggersEndpoint,org.springframework.boot.actuate.autoconfigure.management.HeapDumpWebEndpointAutoConfiguration,heapDumpWebEndpoint,org.springframework.boot.actuate.autoconfigure.management.ThreadDumpEndpointAutoConfiguration,dumpEndpoint,org.springframework.boot.actuate.autoconfigure.metrics.MetricsAutoConfiguration$MeterBindersConfiguration,logbackMetrics,uptimeMetrics,processorMetrics,fileDescriptorMetrics,org.springframework.boot.actuate.autoconfigure.metrics.MetricsAutoConfiguration$JvmMeterBindersConfiguration,jvmGcMetrics,jvmMemoryMetrics,jvmThreadMetrics,classLoaderMetrics,org.springframework.boot.actuate.autoconfigure.metrics.MetricsAutoConfiguration,micrometerClock,meterRegistryPostProcessor,propertiesMeterFilter,management.metrics-org.springframework.boot.actuate.autoconfigure.metrics.MetricsProperties,org.springframework.boot.actuate.autoconfigure.metrics.export.simple.SimpleMetricsExportAutoConfiguration,simpleMeterRegistry,simpleConfig,management.metrics.export.simple-org.springframework.boot.actuate.autoconfigure.metrics.export.simple.SimpleProperties,org.springframework.boot.actuate.autoconfigure.metrics.CompositeMeterRegistryAutoConfiguration,org.springframework.boot.actuate.autoconfigure.metrics.MetricsEndpointAutoConfiguration,metricsEndpoint,org.springframework.boot.actuate.autoconfigure.metrics.jdbc.DataSourcePoolMetricsAutoConfiguration$HikariDataSourceMetricsConfiguration,hikariDataSourceMetricsPostProcessor,org.springframework.boot.actuate.autoconfigure.metrics.jdbc.DataSourcePoolMetricsAutoConfiguration,org.springframework.boot.autoconfigure.jackson.JacksonAutoConfiguration$Jackson2ObjectMapperBuilderCustomizerConfiguration,standardJacksonObjectMapperBuilderCustomizer,spring.jackson-org.springframework.boot.autoconfigure.jackson.JacksonProperties,org.springframework.boot.autoconfigure.jackson.JacksonAutoConfiguration$JacksonObjectMapperBuilderConfiguration,jacksonObjectMapperBuilder,org.springframework.boot.autoconfigure.jackson.JacksonAutoConfiguration$ParameterNamesModuleConfiguration,parameterNamesModule,org.springframework.boot.autoconfigure.jackson.JacksonAutoConfiguration$JacksonObjectMapperConfiguration,jacksonObjectMapper,org.springframework.boot.autoconfigure.jackson.JacksonAutoConfiguration,jsonComponentModule,org.springframework.boot.autoconfigure.http.HttpMessageConvertersAutoConfiguration$StringHttpMessageConverterConfiguration,stringHttpMessageConverter,spring.http.encoding-org.springframework.boot.autoconfigure.http.HttpEncodingProperties,org.springframework.boot.autoconfigure.http.JacksonHttpMessageConvertersConfiguration$MappingJackson2HttpMessageConverterConfiguration,mappingJackson2HttpMessageConverter,org.springframework.boot.autoconfigure.http.JacksonHttpMessageConvertersConfiguration,org.springframework.boot.autoconfigure.http.GsonHttpMessageConvertersConfiguration,org.springframework.boot.autoconfigure.http.HttpMessageConvertersAutoConfiguration,messageConverters,org.springframework.boot.autoconfigure.web.client.RestTemplateAutoConfiguration,restTemplateBuilder,org.springframework.boot.actuate.autoconfigure.metrics.web.client.RestTemplateMetricsAutoConfiguration,restTemplateTagConfigurer,metricsRestTemplateCustomizer,metricsWebClientUriTagFilter,org.springframework.boot.actuate.autoconfigure.metrics.web.servlet.WebMvcMetricsAutoConfiguration,webMvcTagsProvider,webMvcMetricsFilter,org.springframework.boot.actuate.autoconfigure.metrics.web.tomcat.TomcatMetricsAutoConfiguration,tomcatMetrics,contextCapturingServletTomcatCustomizer,org.springframework.boot.actuate.autoconfigure.scheduling.ScheduledTasksEndpointAutoConfiguration,scheduledTasksEndpoint,org.springframework.boot.actuate.autoconfigure.trace.http.HttpTraceAutoConfiguration$ServletTraceFilterConfiguration,httpTraceFilter,org.springframework.boot.actuate.autoconfigure.trace.http.HttpTraceAutoConfiguration,traceRepository,httpExchangeTracer,management.trace.http-org.springframework.boot.actuate.autoconfigure.trace.http.HttpTraceProperties,org.springframework.boot.actuate.autoconfigure.trace.http.HttpTraceEndpointAutoConfiguration,httpTraceEndpoint,org.springframework.boot.actuate.autoconfigure.web.mappings.MappingsEndpointAutoConfiguration$ServletWebConfiguration$SpringMvcConfiguration,dispatcherServletMappingDescriptionProvider,org.springframework.boot.actuate.autoconfigure.web.mappings.MappingsEndpointAutoConfiguration$ServletWebConfiguration,servletMappingDescriptionProvider,filterMappingDescriptionProvider,org.springframework.boot.actuate.autoconfigure.web.mappings.MappingsEndpointAutoConfiguration,mappingsEndpoint,org.springframework.boot.autoconfigure.aop.AopAutoConfiguration$CglibAutoProxyConfiguration,org.springframework.boot.autoconfigure.aop.AopAutoConfiguration,org.springframework.boot.autoconfigure.context.ConfigurationPropertiesAutoConfiguration,org.springframework.boot.autoconfigure.dao.PersistenceExceptionTranslationAutoConfiguration,persistenceExceptionTranslationPostProcessor,org.springframework.cloud.autoconfigure.RefreshAutoConfiguration$RefreshScopeBeanDefinitionEnhancer,org.springframework.cloud.autoconfigure.RefreshAutoConfiguration$JpaInvokerConfiguration,org.springframework.cloud.autoconfigure.RefreshAutoConfiguration,refreshScope,loggingRebinder,contextRefresher,refreshEventListener,org.springframework.boot.autoconfigure.orm.jpa.JpaBaseConfiguration$JpaWebConfiguration$JpaWebMvcConfiguration,openEntityManagerInViewInterceptor,org.springframework.boot.autoconfigure.orm.jpa.JpaBaseConfiguration$JpaWebConfiguration,org.springframework.boot.autoconfigure.orm.jpa.HibernateJpaConfiguration,transactionManager,jpaVendorAdapter,entityManagerFactoryBuilder,entityManagerFactory,spring.jpa-org.springframework.boot.autoconfigure.orm.jpa.JpaProperties,dataSourceInitializedPublisher,org.springframework.boot.autoconfigure.orm.jpa.HibernateJpaAutoConfiguration,org.springframework.boot.autoconfigure.data.jpa.JpaRepositoriesAutoConfiguration,emBeanDefinitionRegistrarPostProcessor,jpaMappingContext,jpaContext,teachplanRepository,teachplanMediaRepository,coursePicRepository,coursePubRepository,courseMarketRepository,teachplanMediaPubRepository,courseBaseRepository,org.springframework.boot.autoconfigure.data.mongo.MongoRepositoriesAutoConfiguration,sysDictionaryRepository,org.springframework.data.web.config.ProjectingArgumentResolverRegistrar,projectingArgumentResolverBeanPostProcessor,org.springframework.data.web.config.SpringDataWebConfiguration,pageableResolver,sortResolver,org.springframework.data.web.config.SpringDataJacksonConfiguration,jacksonGeoModule,org.springframework.data.mongodb.config.GeoJsonConfiguration,geoJsonModule,org.springframework.boot.autoconfigure.data.web.SpringDataWebAutoConfiguration,pageableCustomizer,sortCustomizer,spring.data.web-org.springframework.boot.autoconfigure.data.web.SpringDataWebProperties,org.springframework.boot.autoconfigure.http.codec.CodecsAutoConfiguration$JacksonCodecConfiguration,jacksonCodecCustomizer,org.springframework.boot.autoconfigure.http.codec.CodecsAutoConfiguration,org.springframework.boot.autoconfigure.jdbc.JdbcTemplateAutoConfiguration$JdbcTemplateConfiguration,jdbcTemplate,org.springframework.boot.autoconfigure.jdbc.JdbcTemplateAutoConfiguration$NamedParameterJdbcTemplateConfiguration,namedParameterJdbcTemplate,org.springframework.boot.autoconfigure.jdbc.JdbcTemplateAutoConfiguration,spring.jdbc-org.springframework.boot.autoconfigure.jdbc.JdbcProperties,org.springframework.boot.autoconfigure.security.reactive.ReactiveSecurityAutoConfiguration,spring.security-org.springframework.boot.autoconfigure.security.SecurityProperties,org.springframework.security.config.annotation.web.configuration.WebSecurityConfiguration,delegatingApplicationListener,webSecurityExpressionHandler,springSecurityFilterChain,privilegeEvaluator,autowiredWebSecurityConfigurersIgnoreParents,org.springframework.security.config.annotation.web.configuration.WebMvcSecurityConfiguration,requestDataValueProcessor,org.springframework.boot.autoconfigure.security.servlet.WebSecurityEnablerConfiguration,org.springframework.boot.autoconfigure.security.servlet.SecurityAutoConfiguration,authenticationEventPublisher,org.springframework.boot.autoconfigure.security.servlet.SecurityFilterAutoConfiguration,securityFilterChainRegistration,org.springframework.boot.autoconfigure.security.servlet.UserDetailsServiceAutoConfiguration,inMemoryUserDetailsManager,org.springframework.boot.autoconfigure.jdbc.DataSourceTransactionManagerAutoConfiguration$DataSourceTransactionManagerConfiguration,org.springframework.boot.autoconfigure.jdbc.DataSourceTransactionManagerAutoConfiguration,org.springframework.transaction.annotation.ProxyTransactionManagementConfiguration,org.springframework.transaction.config.internalTransactionAdvisor,transactionAttributeSource,transactionInterceptor,org.springframework.transaction.config.internalTransactionalEventListenerFactory,org.springframework.boot.autoconfigure.transaction.TransactionAutoConfiguration$EnableTransactionManagementConfiguration$CglibAutoProxyConfiguration,org.springframework.boot.autoconfigure.transaction.TransactionAutoConfiguration$EnableTransactionManagementConfiguration,org.springframework.boot.autoconfigure.transaction.TransactionAutoConfiguration$TransactionTemplateConfiguration,transactionTemplate,org.springframework.boot.autoconfigure.transaction.TransactionAutoConfiguration,platformTransactionManagerCustomizers,spring.transaction-org.springframework.boot.autoconfigure.transaction.TransactionProperties,org.springframework.boot.autoconfigure.web.embedded.EmbeddedWebServerFactoryCustomizerAutoConfiguration$TomcatWebServerFactoryCustomizerConfiguration,tomcatWebServerFactoryCustomizer,org.springframework.boot.autoconfigure.web.embedded.EmbeddedWebServerFactoryCustomizerAutoConfiguration,org.springframework.boot.autoconfigure.web.servlet.HttpEncodingAutoConfiguration,characterEncodingFilter,localeCharsetMappingsCustomizer,org.springframework.boot.autoconfigure.web.servlet.MultipartAutoConfiguration,multipartConfigElement,multipartResolver,spring.servlet.multipart-org.springframework.boot.autoconfigure.web.servlet.MultipartProperties,org.springframework.cloud.autoconfigure.ConfigurationPropertiesRebinderAutoConfiguration,configurationPropertiesBeans,configurationPropertiesRebinder,org.springframework.cloud.autoconfigure.RefreshEndpointAutoConfiguration$RefreshEndpointConfiguration,refreshEndpoint,org.springframework.cloud.autoconfigure.RestartEndpointWithoutIntegrationConfiguration,org.springframework.cloud.autoconfigure.PauseResumeEndpointsConfiguration,org.springframework.cloud.autoconfigure.RefreshEndpointAutoConfiguration,refreshScopeHealthIndicator,org.springframework.cloud.netflix.eureka.EurekaDiscoveryClientConfiguration$EurekaClientConfigurationRefresher,org.springframework.cloud.netflix.eureka.EurekaDiscoveryClientConfiguration,eurekaDiscoverClientMarker,org.springframework.cloud.client.serviceregistry.AutoServiceRegistrationConfiguration,spring.cloud.service-registry.auto-registration-org.springframework.cloud.client.serviceregistry.AutoServiceRegistrationProperties,org.springframework.cloud.client.serviceregistry.AutoServiceRegistrationAutoConfiguration,org.springframework.cloud.netflix.eureka.EurekaClientAutoConfiguration$EurekaHealthIndicatorConfiguration,eurekaHealthIndicator,org.springframework.cloud.netflix.eureka.EurekaClientAutoConfiguration$RefreshableEurekaClientConfiguration,scopedTarget.eurekaClient,eurekaClient,scopedTarget.eurekaApplicationInfoManager,eurekaApplicationInfoManager,scopedTarget.eurekaRegistration,eurekaRegistration,org.springframework.cloud.netflix.eureka.config.DiscoveryClientOptionalArgsConfiguration,discoveryClientOptionalArgs,org.springframework.cloud.netflix.eureka.EurekaClientAutoConfiguration,eurekaFeature,eurekaClientConfigBean,serviceManagementMetadataProvider,eurekaInstanceConfigBean,discoveryClient,eurekaServiceRegistry,eurekaAutoServiceRegistration,org.springframework.cloud.client.CommonsClientAutoConfiguration$ActuatorConfiguration,featuresEndpoint,org.springframework.cloud.client.CommonsClientAutoConfiguration$DiscoveryLoadBalancerConfiguration,discoveryClientHealthIndicator,discoveryCompositeHealthIndicator,commonsFeatures,spring.cloud.discovery.client.health-indicator-org.springframework.cloud.client.discovery.health.DiscoveryClientHealthIndicatorProperties,org.springframework.cloud.client.CommonsClientAutoConfiguration,org.springframework.cloud.client.discovery.composite.CompositeDiscoveryClientAutoConfiguration,compositeDiscoveryClient,org.springframework.cloud.client.discovery.simple.SimpleDiscoveryClientAutoConfiguration,simpleDiscoveryProperties,simpleDiscoveryClient,org.springframework.cloud.netflix.ribbon.RibbonAutoConfiguration,ribbonFeature,springClientFactory,loadBalancerClient,propertiesFactory,default.org.springframework.cloud.netflix.ribbon.RibbonAutoConfiguration.RibbonClientSpecification,ribbon.eager-load-org.springframework.cloud.netflix.ribbon.RibbonEagerLoadProperties,ribbon-org.springframework.cloud.netflix.ribbon.ServerIntrospectorProperties,org.springframework.cloud.client.loadbalancer.AsyncLoadBalancerAutoConfiguration$LoadBalancerInterceptorConfig,asyncLoadBalancerInterceptor,asyncRestTemplateCustomizer,org.springframework.cloud.client.loadbalancer.AsyncLoadBalancerAutoConfiguration$AsyncRestTemplateCustomizerConfig,loadBalancedAsyncRestTemplateInitializer,org.springframework.cloud.client.loadbalancer.AsyncLoadBalancerAutoConfiguration,org.springframework.cloud.client.loadbalancer.LoadBalancerAutoConfiguration$LoadBalancerInterceptorConfig,ribbonInterceptor,restTemplateCustomizer,org.springframework.cloud.client.loadbalancer.LoadBalancerAutoConfiguration,loadBalancedRestTemplateInitializerDeprecated,loadBalancerRequestFactory,spring.cloud.loadbalancer.retry-org.springframework.cloud.client.loadbalancer.LoadBalancerRetryProperties,org.springframework.cloud.client.serviceregistry.ServiceRegistryAutoConfiguration$ServiceRegistryEndpointConfiguration,serviceRegistryEndpoint,org.springframework.cloud.client.serviceregistry.ServiceRegistryAutoConfiguration,org.springframework.cloud.commons.httpclient.HttpClientConfiguration$OkHttpClientConfiguration,connPoolFactory,okHttpClientBuilder,okHttpClientFactory,org.springframework.cloud.commons.httpclient.HttpClientConfiguration$ApacheHttpClientConfiguration,connManFactory,apacheHttpClientBuilder,apacheHttpClientFactory,org.springframework.cloud.commons.httpclient.HttpClientConfiguration,org.springframework.cloud.commons.util.UtilAutoConfiguration,inetUtilsProperties,inetUtils,org.springframework.cloud.netflix.hystrix.HystrixAutoConfiguration$HystrixMetricsConfiguration,hystrixMetricsBinder,org.springframework.cloud.netflix.hystrix.HystrixAutoConfiguration,hystrixHealthIndicator,org.springframework.cloud.netflix.ribbon.eureka.RibbonEurekaAutoConfiguration,default.org.springframework.cloud.netflix.ribbon.eureka.RibbonEurekaAutoConfiguration.RibbonClientSpecification,org.springframework.cloud.openfeign.ribbon.DefaultFeignLoadBalancedConfiguration,feignClient,org.springframework.cloud.openfeign.ribbon.FeignRibbonClientAutoConfiguration,cachingLBClientFactory,feignRequestOptions,feign.httpclient-org.springframework.cloud.openfeign.support.FeignHttpClientProperties,org.springframework.cloud.openfeign.FeignAutoConfiguration$HystrixFeignTargeterConfiguration,feignTargeter,org.springframework.cloud.openfeign.FeignAutoConfiguration,feignFeature,feignContext,feign.client-org.springframework.cloud.openfeign.FeignClientProperties,org.springframework.boot.actuate.autoconfigure.endpoint.web.ServletEndpointManagementContextConfiguration,servletEndpointRegistrar,servletExposeExcludePropertyEndpointFilter,org.springframework.boot.actuate.autoconfigure.endpoint.web.servlet.WebMvcEndpointManagementContextConfiguration,webEndpointServletHandlerMapping,controllerEndpointHandlerMapping,management.endpoints.web.cors-org.springframework.boot.actuate.autoconfigure.endpoint.web.CorsEndpointProperties,org.springframework.boot.actuate.autoconfigure.web.server.ManagementContextAutoConfiguration$SameManagementContextConfiguration$EnableSameManagementContextConfiguration,org.springframework.boot.actuate.autoconfigure.web.server.ManagementContextAutoConfiguration$SameManagementContextConfiguration,org.springframework.boot.actuate.autoconfigure.web.server.ManagementContextAutoConfiguration,management.server-org.springframework.boot.actuate.autoconfigure.web.server.ManagementServerProperties,org.springframework.orm.jpa.SharedEntityManagerCreator#0]; parent: org.springframework.beans.factory.support.DefaultListableBeanFactory@5fe1ce85
2020-03-14 21:57:00.970 [main] DEBUG o.s.b.f.s.DefaultListableBeanFactory - Returning cached instance of singleton bean 'org.springframework.boot.test.mock.mockito.MockitoPostProcessor$SpyPostProcessor'
2020-03-14 21:57:00.970 [main] DEBUG o.s.b.f.s.DefaultListableBeanFactory - Returning cached instance of singleton bean 'org.springframework.boot.test.mock.mockito.MockitoPostProcessor'
2020-03-14 21:57:00.971 [main] DEBUG o.s.b.f.s.DefaultListableBeanFactory - Returning cached instance of singleton bean 'org.springframework.context.annotation.internalConfigurationAnnotationProcessor'
2020-03-14 21:57:00.971 [main] DEBUG o.s.b.f.s.DefaultListableBeanFactory - Returning cached instance of singleton bean 'org.springframework.context.annotation.internalAutowiredAnnotationProcessor'
2020-03-14 21:57:00.971 [main] DEBUG o.s.b.f.s.DefaultListableBeanFactory - Returning cached instance of singleton bean 'org.springframework.context.annotation.internalRequiredAnnotationProcessor'
2020-03-14 21:57:00.971 [main] DEBUG o.s.b.f.s.DefaultListableBeanFactory - Returning cached instance of singleton bean 'org.springframework.context.annotation.internalCommonAnnotationProcessor'
2020-03-14 21:57:00.971 [main] DEBUG o.s.b.f.s.DefaultListableBeanFactory - Returning cached instance of singleton bean 'org.springframework.context.annotation.internalPersistenceAnnotationProcessor'
2020-03-14 21:57:00.971 [main] DEBUG o.s.b.f.s.DefaultListableBeanFactory - Creating shared instance of singleton bean 'org.springframework.context.event.internalEventListenerProcessor'
2020-03-14 21:57:00.971 [main] DEBUG o.s.b.f.s.DefaultListableBeanFactory - Creating instance of bean 'org.springframework.context.event.internalEventListenerProcessor'
2020-03-14 21:57:00.971 [main] DEBUG o.s.b.f.s.DefaultListableBeanFactory - Returning cached instance of singleton bean 'metaDataSourceAdvisor'
2020-03-14 21:57:00.971 [main] DEBUG o.s.b.f.s.DefaultListableBeanFactory - Returning cached instance of singleton bean 'org.springframework.transaction.config.internalTransactionAdvisor'
2020-03-14 21:57:00.972 [main] DEBUG o.s.b.f.s.DefaultListableBeanFactory - Eagerly caching bean 'org.springframework.context.event.internalEventListenerProcessor' to allow for resolving potential circular references
2020-03-14 21:57:00.978 [main] DEBUG o.s.b.f.s.DefaultListableBeanFactory - Returning cached instance of singleton bean 'metaDataSourceAdvisor'
2020-03-14 21:57:00.978 [main] DEBUG o.s.b.f.s.DefaultListableBeanFactory - Returning cached instance of singleton bean 'org.springframework.transaction.config.internalTransactionAdvisor'
2020-03-14 21:57:00.978 [main] DEBUG o.s.b.f.s.DefaultListableBeanFactory - Returning cached instance of singleton bean 'metaDataSourceAdvisor'
2020-03-14 21:57:00.978 [main] DEBUG o.s.b.f.s.DefaultListableBeanFactory - Returning cached instance of singleton bean 'org.springframework.transaction.config.internalTransactionAdvisor'
2020-03-14 21:57:00.979 [main] DEBUG o.s.b.f.s.DefaultListableBeanFactory - Finished creating instance of bean 'org.springframework.context.event.internalEventListenerProcessor'
2020-03-14 21:57:00.980 [main] DEBUG o.s.b.f.s.DefaultListableBeanFactory - Creating shared instance of singleton bean 'org.springframework.context.event.internalEventListenerFactory'
2020-03-14 21:57:00.980 [main] DEBUG o.s.b.f.s.DefaultListableBeanFactory - Creating instance of bean 'org.springframework.context.event.internalEventListenerFactory'
2020-03-14 21:57:00.980 [main] DEBUG o.s.b.f.s.DefaultListableBeanFactory - Returning cached instance of singleton bean 'metaDataSourceAdvisor'
2020-03-14 21:57:00.980 [main] DEBUG o.s.b.f.s.DefaultListableBeanFactory - Returning cached instance of singleton bean 'org.springframework.transaction.config.internalTransactionAdvisor'
2020-03-14 21:57:00.980 [main] DEBUG o.s.b.f.s.DefaultListableBeanFactory - Eagerly caching bean 'org.springframework.context.event.internalEventListenerFactory' to allow for resolving potential circular references
2020-03-14 21:57:00.991 [main] DEBUG o.s.b.f.s.DefaultListableBeanFactory - Returning cached instance of singleton bean 'metaDataSourceAdvisor'
2020-03-14 21:57:00.991 [main] DEBUG o.s.b.f.s.DefaultListableBeanFactory - Returning cached instance of singleton bean 'org.springframework.transaction.config.internalTransactionAdvisor'
2020-03-14 21:57:00.991 [main] DEBUG o.s.b.f.s.DefaultListableBeanFactory - Returning cached instance of singleton bean 'metaDataSourceAdvisor'
2020-03-14 21:57:00.991 [main] DEBUG o.s.b.f.s.DefaultListableBeanFactory - Returning cached instance of singleton bean 'org.springframework.transaction.config.internalTransactionAdvisor'
2020-03-14 21:57:00.991 [main] DEBUG o.s.b.f.s.DefaultListableBeanFactory - Finished creating instance of bean 'org.springframework.context.event.internalEventListenerFactory'
2020-03-14 21:57:00.992 [main] DEBUG o.s.b.f.s.DefaultListableBeanFactory - Creating shared instance of singleton bean 'manageCourseApplication'
2020-03-14 21:57:00.992 [main] DEBUG o.s.b.f.s.DefaultListableBeanFactory - Creating instance of bean 'manageCourseApplication'
2020-03-14 21:57:00.993 [main] DEBUG o.s.b.f.s.DefaultListableBeanFactory - Returning cached instance of singleton bean 'metaDataSourceAdvisor'
2020-03-14 21:57:00.993 [main] DEBUG o.s.b.f.s.DefaultListableBeanFactory - Returning cached instance of singleton bean 'org.springframework.transaction.config.internalTransactionAdvisor'
2020-03-14 21:57:00.994 [main] DEBUG o.s.b.f.s.DefaultListableBeanFactory - Eagerly caching bean 'manageCourseApplication' to allow for resolving potential circular references
2020-03-14 21:57:01.015 [main] DEBUG o.s.b.f.s.DefaultListableBeanFactory - Returning cached instance of singleton bean 'metaDataSourceAdvisor'
2020-03-14 21:57:01.015 [main] DEBUG o.s.b.f.s.DefaultListableBeanFactory - Returning cached instance of singleton bean 'org.springframework.transaction.config.internalTransactionAdvisor'
2020-03-14 21:57:01.015 [main] DEBUG o.s.b.f.s.DefaultListableBeanFactory - Returning cached instance of singleton bean 'metaDataSourceAdvisor'
2020-03-14 21:57:01.015 [main] DEBUG o.s.b.f.s.DefaultListableBeanFactory - Returning cached instance of singleton bean 'org.springframework.transaction.config.internalTransactionAdvisor'
2020-03-14 21:57:01.018 [main] DEBUG o.s.b.f.s.DefaultListableBeanFactory - Finished creating instance of bean 'manageCourseApplication'
2020-03-14 21:57:01.021 [main] DEBUG o.s.b.f.s.DefaultListableBeanFactory - Returning cached instance of singleton bean 'org.springframework.boot.autoconfigure.internalCachingMetadataReaderFactory'
2020-03-14 21:57:01.021 [main] DEBUG o.s.b.f.s.DefaultListableBeanFactory - Creating shared instance of singleton bean 'resourceServerConfig'
2020-03-14 21:57:01.021 [main] DEBUG o.s.b.f.s.DefaultListableBeanFactory - Creating instance of bean 'resourceServerConfig'
2020-03-14 21:57:01.021 [main] DEBUG o.s.b.f.s.DefaultListableBeanFactory - Returning cached instance of singleton bean 'metaDataSourceAdvisor'
2020-03-14 21:57:01.021 [main] DEBUG o.s.b.f.s.DefaultListableBeanFactory - Returning cached instance of singleton bean 'org.springframework.transaction.config.internalTransactionAdvisor'
2020-03-14 21:57:01.022 [main] DEBUG o.s.b.f.s.DefaultListableBeanFactory - Eagerly caching bean 'resourceServerConfig' to allow for resolving potential circular references
2020-03-14 21:57:01.046 [main] DEBUG o.s.b.f.s.DefaultListableBeanFactory - Returning cached instance of singleton bean 'metaDataSourceAdvisor'
2020-03-14 21:57:01.046 [main] DEBUG o.s.b.f.s.DefaultListableBeanFactory - Returning cached instance of singleton bean 'org.springframework.transaction.config.internalTransactionAdvisor'
2020-03-14 21:57:01.046 [main] DEBUG o.s.b.f.s.DefaultListableBeanFactory - Returning cached instance of singleton bean 'metaDataSourceAdvisor'
2020-03-14 21:57:01.046 [main] DEBUG o.s.b.f.s.DefaultListableBeanFactory - Returning cached instance of singleton bean 'org.springframework.transaction.config.internalTransactionAdvisor'
2020-03-14 21:57:01.050 [main] DEBUG o.s.b.f.s.DefaultListableBeanFactory - Finished creating instance of bean 'resourceServerConfig'
2020-03-14 21:57:01.050 [main] DEBUG o.s.b.f.s.DefaultListableBeanFactory - Creating shared instance of singleton bean 'courseController'
2020-03-14 21:57:01.050 [main] DEBUG o.s.b.f.s.DefaultListableBeanFactory - Creating instance of bean 'courseController'
2020-03-14 21:57:01.051 [main] DEBUG o.s.b.f.s.DefaultListableBeanFactory - Returning cached instance of singleton bean 'metaDataSourceAdvisor'
2020-03-14 21:57:01.051 [main] DEBUG o.s.b.f.s.DefaultListableBeanFactory - Returning cached instance of singleton bean 'org.springframework.transaction.config.internalTransactionAdvisor'
2020-03-14 21:57:01.074 [main] DEBUG o.s.b.f.annotation.InjectionMetadata - Registered injected element on class [com.ningmeng.manage_course.controller.CourseController]: AutowiredFieldElement for com.ningmeng.manage_course.service.CourseService com.ningmeng.manage_course.controller.CourseController.courseService
2020-03-14 21:57:01.074 [main] DEBUG o.s.b.f.s.DefaultListableBeanFactory - Eagerly caching bean 'courseController' to allow for resolving potential circular references
2020-03-14 21:57:01.092 [main] DEBUG o.s.b.f.annotation.InjectionMetadata - Processing injected element of bean 'courseController': AutowiredFieldElement for com.ningmeng.manage_course.service.CourseService com.ningmeng.manage_course.controller.CourseController.courseService
2020-03-14 21:57:01.095 [main] DEBUG o.s.core.annotation.AnnotationUtils - Failed to meta-introspect annotation interface org.springframework.beans.factory.annotation.Autowired: java.lang.NullPointerException
2020-03-14 21:57:01.125 [main] DEBUG o.s.b.f.s.DefaultListableBeanFactory - Creating shared instance of singleton bean 'courseService'
2020-03-14 21:57:01.126 [main] DEBUG o.s.b.f.s.DefaultListableBeanFactory - Creating instance of bean 'courseService'
2020-03-14 21:57:01.126 [main] DEBUG o.s.b.f.s.DefaultListableBeanFactory - Returning cached instance of singleton bean 'metaDataSourceAdvisor'
2020-03-14 21:57:01.126 [main] DEBUG o.s.b.f.s.DefaultListableBeanFactory - Returning cached instance of singleton bean 'org.springframework.transaction.config.internalTransactionAdvisor'
2020-03-14 21:57:01.129 [main] DEBUG o.s.b.f.annotation.InjectionMetadata - Registered injected element on class [com.ningmeng.manage_course.service.CourseService]: AutowiredFieldElement for com.ningmeng.manage_course.dao.TeachplanMapper com.ningmeng.manage_course.service.CourseService.teachplanMapper
2020-03-14 21:57:01.129 [main] DEBUG o.s.b.f.annotation.InjectionMetadata - Registered injected element on class [com.ningmeng.manage_course.service.CourseService]: AutowiredFieldElement for com.ningmeng.manage_course.dao.TeachplanRepository com.ningmeng.manage_course.service.CourseService.teachplanRepository
2020-03-14 21:57:01.129 [main] DEBUG o.s.b.f.annotation.InjectionMetadata - Registered injected element on class [com.ningmeng.manage_course.service.CourseService]: AutowiredFieldElement for com.ningmeng.manage_course.dao.CourseBaseRepository com.ningmeng.manage_course.service.CourseService.courseBaseRepository
2020-03-14 21:57:01.129 [main] DEBUG o.s.b.f.annotation.InjectionMetadata - Registered injected element on class [com.ningmeng.manage_course.service.CourseService]: AutowiredFieldElement for com.ningmeng.manage_course.dao.CourseMapper com.ningmeng.manage_course.service.CourseService.courseMapper
2020-03-14 21:57:01.129 [main] DEBUG o.s.b.f.annotation.InjectionMetadata - Registered injected element on class [com.ningmeng.manage_course.service.CourseService]: AutowiredFieldElement for com.ningmeng.manage_course.dao.CoursePubRepository com.ningmeng.manage_course.service.CourseService.coursePubRepository
2020-03-14 21:57:01.129 [main] DEBUG o.s.b.f.annotation.InjectionMetadata - Registered injected element on class [com.ningmeng.manage_course.service.CourseService]: AutowiredFieldElement for com.ningmeng.manage_course.dao.CourseMarketRepository com.ningmeng.manage_course.service.CourseService.courseMarketRepository
2020-03-14 21:57:01.129 [main] DEBUG o.s.b.f.annotation.InjectionMetadata - Registered injected element on class [com.ningmeng.manage_course.service.CourseService]: AutowiredFieldElement for com.ningmeng.manage_course.dao.CourseMarketMapper com.ningmeng.manage_course.service.CourseService.courseMarketMapper
2020-03-14 21:57:01.129 [main] DEBUG o.s.b.f.annotation.InjectionMetadata - Registered injected element on class [com.ningmeng.manage_course.service.CourseService]: AutowiredFieldElement for com.ningmeng.manage_course.dao.CategoryMapper com.ningmeng.manage_course.service.CourseService.categoryMapper
2020-03-14 21:57:01.129 [main] DEBUG o.s.b.f.annotation.InjectionMetadata - Registered injected element on class [com.ningmeng.manage_course.service.CourseService]: AutowiredFieldElement for com.ningmeng.manage_course.dao.CoursePicRepository com.ningmeng.manage_course.service.CourseService.coursePicRepository
2020-03-14 21:57:01.129 [main] DEBUG o.s.b.f.annotation.InjectionMetadata - Registered injected element on class [com.ningmeng.manage_course.service.CourseService]: AutowiredFieldElement for com.ningmeng.manage_course.client.CmsPageClient com.ningmeng.manage_course.service.CourseService.cmsPageClient
2020-03-14 21:57:01.129 [main] DEBUG o.s.b.f.annotation.InjectionMetadata - Registered injected element on class [com.ningmeng.manage_course.service.CourseService]: AutowiredFieldElement for com.ningmeng.manage_course.dao.TeachplanMediaRepository com.ningmeng.manage_course.service.CourseService.teachplanMediaRepository
2020-03-14 21:57:01.129 [main] DEBUG o.s.b.f.annotation.InjectionMetadata - Registered injected element on class [com.ningmeng.manage_course.service.CourseService]: AutowiredFieldElement for com.ningmeng.manage_course.dao.TeachplanMediaPubRepository com.ningmeng.manage_course.service.CourseService.teachplanMediaPubRepository
2020-03-14 21:57:01.129 [main] DEBUG o.s.b.f.annotation.InjectionMetadata - Registered injected element on class [com.ningmeng.manage_course.service.CourseService]: AutowiredFieldElement for private java.lang.String com.ningmeng.manage_course.service.CourseService.publish_dataUrlPre
2020-03-14 21:57:01.129 [main] DEBUG o.s.b.f.annotation.InjectionMetadata - Registered injected element on class [com.ningmeng.manage_course.service.CourseService]: AutowiredFieldElement for private java.lang.String com.ningmeng.manage_course.service.CourseService.publish_page_physicalpath
2020-03-14 21:57:01.129 [main] DEBUG o.s.b.f.annotation.InjectionMetadata - Registered injected element on class [com.ningmeng.manage_course.service.CourseService]: AutowiredFieldElement for private java.lang.String com.ningmeng.manage_course.service.CourseService.publish_page_webpath
2020-03-14 21:57:01.130 [main] DEBUG o.s.b.f.annotation.InjectionMetadata - Registered injected element on class [com.ningmeng.manage_course.service.CourseService]: AutowiredFieldElement for private java.lang.String com.ningmeng.manage_course.service.CourseService.publish_siteId
2020-03-14 21:57:01.130 [main] DEBUG o.s.b.f.annotation.InjectionMetadata - Registered injected element on class [com.ningmeng.manage_course.service.CourseService]: AutowiredFieldElement for private java.lang.String com.ningmeng.manage_course.service.CourseService.publish_templateId
2020-03-14 21:57:01.130 [main] DEBUG o.s.b.f.annotation.InjectionMetadata - Registered injected element on class [com.ningmeng.manage_course.service.CourseService]: AutowiredFieldElement for private java.lang.String com.ningmeng.manage_course.service.CourseService.previewUrl
2020-03-14 21:57:01.130 [main] DEBUG o.s.b.f.s.DefaultListableBeanFactory - Eagerly caching bean 'courseService' to allow for resolving potential circular references
2020-03-14 21:57:01.133 [main] DEBUG o.s.b.f.annotation.InjectionMetadata - Processing injected element of bean 'courseService': AutowiredFieldElement for com.ningmeng.manage_course.dao.TeachplanMapper com.ningmeng.manage_course.service.CourseService.teachplanMapper
2020-03-14 21:57:01.134 [main] DEBUG o.s.core.annotation.AnnotationUtils - Failed to meta-introspect annotation interface org.springframework.beans.factory.annotation.Autowired: java.lang.NullPointerException
2020-03-14 21:57:01.139 [main] DEBUG o.s.b.f.s.DefaultListableBeanFactory - Creating shared instance of singleton bean 'teachplanMapper'
2020-03-14 21:57:01.139 [main] DEBUG o.s.b.f.s.DefaultListableBeanFactory - Creating instance of bean 'teachplanMapper'
2020-03-14 21:57:01.139 [main] DEBUG o.s.b.f.s.DefaultListableBeanFactory - Returning cached instance of singleton bean 'metaDataSourceAdvisor'
2020-03-14 21:57:01.139 [main] DEBUG o.s.b.f.s.DefaultListableBeanFactory - Returning cached instance of singleton bean 'org.springframework.transaction.config.internalTransactionAdvisor'
2020-03-14 21:57:01.140 [main] DEBUG o.s.b.f.s.DefaultListableBeanFactory - Eagerly caching bean 'teachplanMapper' to allow for resolving potential circular references
2020-03-14 21:57:01.202 [main] DEBUG o.s.b.f.s.DefaultListableBeanFactory - Creating shared instance of singleton bean 'sqlSessionFactory'
2020-03-14 21:57:01.203 [main] DEBUG o.s.b.f.s.DefaultListableBeanFactory - Creating instance of bean 'sqlSessionFactory'
2020-03-14 21:57:01.203 [main] DEBUG o.s.b.f.s.DefaultListableBeanFactory - Returning cached instance of singleton bean 'metaDataSourceAdvisor'
2020-03-14 21:57:01.203 [main] DEBUG o.s.b.f.s.DefaultListableBeanFactory - Returning cached instance of singleton bean 'org.springframework.transaction.config.internalTransactionAdvisor'
2020-03-14 21:57:01.206 [main] DEBUG o.s.b.f.s.DefaultListableBeanFactory - Creating shared instance of singleton bean 'org.mybatis.spring.boot.autoconfigure.MybatisAutoConfiguration'
2020-03-14 21:57:01.206 [main] DEBUG o.s.b.f.s.DefaultListableBeanFactory - Creating instance of bean 'org.mybatis.spring.boot.autoconfigure.MybatisAutoConfiguration'
2020-03-14 21:57:01.207 [main] DEBUG o.s.b.f.s.DefaultListableBeanFactory - Returning cached instance of singleton bean 'metaDataSourceAdvisor'
2020-03-14 21:57:01.207 [main] DEBUG o.s.b.f.s.DefaultListableBeanFactory - Returning cached instance of singleton bean 'org.springframework.transaction.config.internalTransactionAdvisor'
2020-03-14 21:57:01.213 [main] DEBUG o.s.c.LocalVariableTableParameterNameDiscoverer - Cannot find '.class' file for class [class org.mybatis.spring.boot.autoconfigure.MybatisAutoConfiguration$$EnhancerBySpringCGLIB$$d41ea569] - unable to determine constructor/method parameter names
2020-03-14 21:57:01.225 [main] DEBUG o.s.b.f.s.DefaultListableBeanFactory - Creating shared instance of singleton bean 'mybatis-org.mybatis.spring.boot.autoconfigure.MybatisProperties'
2020-03-14 21:57:01.225 [main] DEBUG o.s.b.f.s.DefaultListableBeanFactory - Creating instance of bean 'mybatis-org.mybatis.spring.boot.autoconfigure.MybatisProperties'
2020-03-14 21:57:01.225 [main] DEBUG o.s.b.f.s.DefaultListableBeanFactory - Returning cached instance of singleton bean 'metaDataSourceAdvisor'
2020-03-14 21:57:01.225 [main] DEBUG o.s.b.f.s.DefaultListableBeanFactory - Returning cached instance of singleton bean 'org.springframework.transaction.config.internalTransactionAdvisor'
2020-03-14 21:57:01.228 [main] DEBUG o.s.b.f.s.DefaultListableBeanFactory - Eagerly caching bean 'mybatis-org.mybatis.spring.boot.autoconfigure.MybatisProperties' to allow for resolving potential circular references
2020-03-14 21:57:01.242 [main] DEBUG o.s.b.f.s.DefaultListableBeanFactory - Returning cached instance of singleton bean 'metaDataSourceAdvisor'
2020-03-14 21:57:01.242 [main] DEBUG o.s.b.f.s.DefaultListableBeanFactory - Returning cached instance of singleton bean 'org.springframework.transaction.config.internalTransactionAdvisor'
2020-03-14 21:57:01.243 [main] DEBUG o.s.b.f.s.DefaultListableBeanFactory - Returning cached instance of singleton bean 'metaDataSourceAdvisor'
2020-03-14 21:57:01.243 [main] DEBUG o.s.b.f.s.DefaultListableBeanFactory - Returning cached instance of singleton bean 'org.springframework.transaction.config.internalTransactionAdvisor'
2020-03-14 21:57:01.244 [main] DEBUG o.s.b.f.s.DefaultListableBeanFactory - Finished creating instance of bean 'mybatis-org.mybatis.spring.boot.autoconfigure.MybatisProperties'
2020-03-14 21:57:01.250 [main] DEBUG o.s.b.f.s.DefaultListableBeanFactory - Autowiring by type from bean name 'org.mybatis.spring.boot.autoconfigure.MybatisAutoConfiguration' via constructor to bean named 'mybatis-org.mybatis.spring.boot.autoconfigure.MybatisProperties'
2020-03-14 21:57:01.250 [main] DEBUG o.s.b.f.s.DefaultListableBeanFactory - Autowiring by type from bean name 'org.mybatis.spring.boot.autoconfigure.MybatisAutoConfiguration' via constructor to bean named 'org.springframework.web.context.support.GenericWebApplicationContext@1ee4730'
2020-03-14 21:57:01.280 [main] DEBUG o.s.c.a.CommonAnnotationBeanPostProcessor - Found init method on class [org.mybatis.spring.boot.autoconfigure.MybatisAutoConfiguration$$EnhancerBySpringCGLIB$$d41ea569]: public void org.mybatis.spring.boot.autoconfigure.MybatisAutoConfiguration.checkConfigFileExists()
2020-03-14 21:57:01.280 [main] DEBUG o.s.c.a.CommonAnnotationBeanPostProcessor - Registered init method on class [org.mybatis.spring.boot.autoconfigure.MybatisAutoConfiguration$$EnhancerBySpringCGLIB$$d41ea569]: org.springframework.beans.factory.annotation.InitDestroyAnnotationBeanPostProcessor$LifecycleElement@c7c09702
2020-03-14 21:57:01.280 [main] DEBUG o.s.b.f.s.DefaultListableBeanFactory - Eagerly caching bean 'org.mybatis.spring.boot.autoconfigure.MybatisAutoConfiguration' to allow for resolving potential circular references
2020-03-14 21:57:01.289 [main] DEBUG o.s.c.a.CommonAnnotationBeanPostProcessor - Invoking init method on bean 'org.mybatis.spring.boot.autoconfigure.MybatisAutoConfiguration': public void org.mybatis.spring.boot.autoconfigure.MybatisAutoConfiguration.checkConfigFileExists()
2020-03-14 21:57:01.289 [main] DEBUG o.s.b.f.s.DefaultListableBeanFactory - Returning cached instance of singleton bean 'metaDataSourceAdvisor'
2020-03-14 21:57:01.289 [main] DEBUG o.s.b.f.s.DefaultListableBeanFactory - Returning cached instance of singleton bean 'org.springframework.transaction.config.internalTransactionAdvisor'
2020-03-14 21:57:01.289 [main] DEBUG o.s.b.f.s.DefaultListableBeanFactory - Returning cached instance of singleton bean 'metaDataSourceAdvisor'
2020-03-14 21:57:01.289 [main] DEBUG o.s.b.f.s.DefaultListableBeanFactory - Returning cached instance of singleton bean 'org.springframework.transaction.config.internalTransactionAdvisor'
2020-03-14 21:57:01.290 [main] DEBUG o.s.b.f.s.DefaultListableBeanFactory - Finished creating instance of bean 'org.mybatis.spring.boot.autoconfigure.MybatisAutoConfiguration'
2020-03-14 21:57:01.301 [main] DEBUG o.s.b.f.s.DefaultListableBeanFactory - Returning cached instance of singleton bean 'dataSource'
2020-03-14 21:57:01.302 [main] DEBUG o.s.b.f.s.DefaultListableBeanFactory - Autowiring by type from bean name 'sqlSessionFactory' via factory method to bean named 'dataSource'
2020-03-14 21:57:01.332 [main] DEBUG org.apache.ibatis.logging.LogFactory - Logging initialized using 'class org.apache.ibatis.logging.slf4j.Slf4jImpl' adapter.
2020-03-14 21:57:01.541 [main] DEBUG o.m.spring.SqlSessionFactoryBean - Property 'mapperLocations' was not specified or no matching resources found
2020-03-14 21:57:01.543 [main] DEBUG o.s.b.f.s.DefaultListableBeanFactory - Eagerly caching bean 'sqlSessionFactory' to allow for resolving potential circular references
2020-03-14 21:57:01.546 [main] DEBUG o.s.b.f.s.DefaultListableBeanFactory - Returning cached instance of singleton bean 'metaDataSourceAdvisor'
2020-03-14 21:57:01.546 [main] DEBUG o.s.b.f.s.DefaultListableBeanFactory - Returning cached instance of singleton bean 'org.springframework.transaction.config.internalTransactionAdvisor'
2020-03-14 21:57:01.547 [main] DEBUG o.s.b.f.s.DefaultListableBeanFactory - Returning cached instance of singleton bean 'metaDataSourceAdvisor'
2020-03-14 21:57:01.547 [main] DEBUG o.s.b.f.s.DefaultListableBeanFactory - Returning cached instance of singleton bean 'org.springframework.transaction.config.internalTransactionAdvisor'
2020-03-14 21:57:01.547 [main] DEBUG o.s.b.f.s.DefaultListableBeanFactory - Finished creating instance of bean 'sqlSessionFactory'
2020-03-14 21:57:01.547 [main] DEBUG o.s.b.f.s.DefaultListableBeanFactory - Autowiring by type from bean name 'teachplanMapper' via property 'sqlSessionFactory' to bean named 'sqlSessionFactory'
2020-03-14 21:57:01.553 [main] DEBUG o.s.b.f.s.DefaultListableBeanFactory - Creating shared instance of singleton bean 'sqlSessionTemplate'
2020-03-14 21:57:01.554 [main] DEBUG o.s.b.f.s.DefaultListableBeanFactory - Creating instance of bean 'sqlSessionTemplate'
2020-03-14 21:57:01.555 [main] DEBUG o.s.b.f.s.DefaultListableBeanFactory - Returning cached instance of singleton bean 'metaDataSourceAdvisor'
2020-03-14 21:57:01.555 [main] DEBUG o.s.b.f.s.DefaultListableBeanFactory - Returning cached instance of singleton bean 'org.springframework.transaction.config.internalTransactionAdvisor'
2020-03-14 21:57:01.556 [main] DEBUG o.s.b.f.s.DefaultListableBeanFactory - Returning cached instance of singleton bean 'org.mybatis.spring.boot.autoconfigure.MybatisAutoConfiguration'
2020-03-14 21:57:01.557 [main] DEBUG o.s.b.f.s.DefaultListableBeanFactory - Returning cached instance of singleton bean 'sqlSessionFactory'
2020-03-14 21:57:01.557 [main] DEBUG o.s.b.f.s.DefaultListableBeanFactory - Autowiring by type from bean name 'sqlSessionTemplate' via factory method to bean named 'sqlSessionFactory'
2020-03-14 21:57:01.589 [main] DEBUG o.s.b.f.s.DefaultListableBeanFactory - Eagerly caching bean 'sqlSessionTemplate' to allow for resolving potential circular references
2020-03-14 21:57:01.596 [main] DEBUG o.s.b.f.s.DefaultListableBeanFactory - Returning cached instance of singleton bean 'metaDataSourceAdvisor'
2020-03-14 21:57:01.596 [main] DEBUG o.s.b.f.s.DefaultListableBeanFactory - Returning cached instance of singleton bean 'org.springframework.transaction.config.internalTransactionAdvisor'
2020-03-14 21:57:01.596 [main] DEBUG o.s.b.f.s.DefaultListableBeanFactory - Returning cached instance of singleton bean 'metaDataSourceAdvisor'
2020-03-14 21:57:01.596 [main] DEBUG o.s.b.f.s.DefaultListableBeanFactory - Returning cached instance of singleton bean 'org.springframework.transaction.config.internalTransactionAdvisor'
2020-03-14 21:57:01.598 [main] DEBUG o.s.b.f.s.DefaultListableBeanFactory - Finished creating instance of bean 'sqlSessionTemplate'
2020-03-14 21:57:01.598 [main] DEBUG o.s.b.f.s.DefaultListableBeanFactory - Autowiring by type from bean name 'teachplanMapper' via property 'sqlSessionTemplate' to bean named 'sqlSessionTemplate'
2020-03-14 21:57:01.599 [main] DEBUG o.s.b.f.s.DefaultListableBeanFactory - Invoking afterPropertiesSet() on bean with name 'teachplanMapper'
2020-03-14 21:57:01.940 [main] DEBUG o.s.b.f.s.DefaultListableBeanFactory - Returning cached instance of singleton bean 'metaDataSourceAdvisor'
2020-03-14 21:57:01.941 [main] DEBUG o.s.b.f.s.DefaultListableBeanFactory - Returning cached instance of singleton bean 'org.springframework.transaction.config.internalTransactionAdvisor'
2020-03-14 21:57:01.941 [main] DEBUG o.s.b.f.s.DefaultListableBeanFactory - Returning cached instance of singleton bean 'metaDataSourceAdvisor'
2020-03-14 21:57:01.941 [main] DEBUG o.s.b.f.s.DefaultListableBeanFactory - Returning cached instance of singleton bean 'org.springframework.transaction.config.internalTransactionAdvisor'
2020-03-14 21:57:01.946 [main] DEBUG o.s.b.f.s.DefaultListableBeanFactory - Finished creating instance of bean 'teachplanMapper'
2020-03-14 21:57:01.949 [main] DEBUG o.s.b.f.s.DefaultListableBeanFactory - Returning cached instance of singleton bean 'metaDataSourceAdvisor'
2020-03-14 21:57:01.949 [main] DEBUG o.s.b.f.s.DefaultListableBeanFactory - Returning cached instance of singleton bean 'org.springframework.transaction.config.internalTransactionAdvisor'
2020-03-14 21:57:01.949 [main] DEBUG o.s.b.f.s.DefaultListableBeanFactory - Returning cached instance of singleton bean 'metaDataSourceAdvisor'
2020-03-14 21:57:01.949 [main] DEBUG o.s.b.f.s.DefaultListableBeanFactory - Returning cached instance of singleton bean 'org.springframework.transaction.config.internalTransactionAdvisor'
2020-03-14 21:57:01.953 [main] DEBUG o.s.b.f.a.AutowiredAnnotationBeanPostProcessor - Autowiring by type from bean name 'courseService' to bean named 'teachplanMapper'
2020-03-14 21:57:01.953 [main] DEBUG o.s.b.f.annotation.InjectionMetadata - Processing injected element of bean 'courseService': AutowiredFieldElement for com.ningmeng.manage_course.dao.TeachplanRepository com.ningmeng.manage_course.service.CourseService.teachplanRepository
2020-03-14 21:57:01.954 [main] DEBUG o.s.core.annotation.AnnotationUtils - Failed to meta-introspect annotation interface org.springframework.beans.factory.annotation.Autowired: java.lang.NullPointerException
2020-03-14 21:57:01.975 [main] DEBUG o.s.b.f.s.DefaultListableBeanFactory - Creating shared instance of singleton bean 'teachplanRepository'
2020-03-14 21:57:01.975 [main] DEBUG o.s.b.f.s.DefaultListableBeanFactory - Creating instance of bean 'teachplanRepository'
2020-03-14 21:57:01.975 [main] DEBUG o.s.b.f.s.DefaultListableBeanFactory - Returning cached instance of singleton bean 'metaDataSourceAdvisor'
2020-03-14 21:57:01.975 [main] DEBUG o.s.b.f.s.DefaultListableBeanFactory - Returning cached instance of singleton bean 'org.springframework.transaction.config.internalTransactionAdvisor'
2020-03-14 21:57:02.019 [main] DEBUG o.s.b.f.annotation.InjectionMetadata - Registered injected element on class [org.springframework.data.jpa.repository.support.JpaRepositoryFactoryBean]: PersistenceElement for public void org.springframework.data.jpa.repository.support.JpaRepositoryFactoryBean.setEntityManager(javax.persistence.EntityManager)
2020-03-14 21:57:02.019 [main] DEBUG o.s.b.f.s.DefaultListableBeanFactory - Eagerly caching bean 'teachplanRepository' to allow for resolving potential circular references
2020-03-14 21:57:02.023 [main] DEBUG o.s.b.f.annotation.InjectionMetadata - Processing injected element of bean 'teachplanRepository': PersistenceElement for public void org.springframework.data.jpa.repository.support.JpaRepositoryFactoryBean.setEntityManager(javax.persistence.EntityManager)
2020-03-14 21:57:02.025 [main] DEBUG o.s.b.f.s.DefaultListableBeanFactory - Creating instance of bean '(inner bean)#257b3561'
2020-03-14 21:57:02.026 [main] DEBUG o.s.b.f.s.DefaultListableBeanFactory - Returning cached instance of singleton bean 'metaDataSourceAdvisor'
2020-03-14 21:57:02.026 [main] DEBUG o.s.b.f.s.DefaultListableBeanFactory - Returning cached instance of singleton bean 'org.springframework.transaction.config.internalTransactionAdvisor'
2020-03-14 21:57:02.026 [main] DEBUG o.s.b.f.s.DefaultListableBeanFactory - Creating instance of bean '(inner bean)#1eabfad5'
2020-03-14 21:57:02.026 [main] DEBUG o.s.b.f.s.DefaultListableBeanFactory - Returning cached instance of singleton bean 'metaDataSourceAdvisor'
2020-03-14 21:57:02.026 [main] DEBUG o.s.b.f.s.DefaultListableBeanFactory - Returning cached instance of singleton bean 'org.springframework.transaction.config.internalTransactionAdvisor'
2020-03-14 21:57:02.042 [main] DEBUG o.s.c.i.s.PathMatchingResourcePatternResolver - Resolved classpath location [META-INF/jpa-named-queries.properties] to resources []
2020-03-14 21:57:02.043 [main] DEBUG o.s.b.f.s.DefaultListableBeanFactory - Invoking afterPropertiesSet() on bean with name '(inner bean)#1eabfad5'
2020-03-14 21:57:02.043 [main] DEBUG o.s.b.f.s.DefaultListableBeanFactory - Returning cached instance of singleton bean 'metaDataSourceAdvisor'
2020-03-14 21:57:02.043 [main] DEBUG o.s.b.f.s.DefaultListableBeanFactory - Returning cached instance of singleton bean 'org.springframework.transaction.config.internalTransactionAdvisor'
2020-03-14 21:57:02.043 [main] DEBUG o.s.b.f.s.DefaultListableBeanFactory - Returning cached instance of singleton bean 'metaDataSourceAdvisor'
2020-03-14 21:57:02.043 [main] DEBUG o.s.b.f.s.DefaultListableBeanFactory - Returning cached instance of singleton bean 'org.springframework.transaction.config.internalTransactionAdvisor'
2020-03-14 21:57:02.045 [main] DEBUG o.s.b.f.s.DefaultListableBeanFactory - Finished creating instance of bean '(inner bean)#1eabfad5'
2020-03-14 21:57:02.045 [main] DEBUG o.s.b.f.s.DefaultListableBeanFactory - Returning cached instance of singleton bean 'metaDataSourceAdvisor'
2020-03-14 21:57:02.045 [main] DEBUG o.s.b.f.s.DefaultListableBeanFactory - Returning cached instance of singleton bean 'org.springframework.transaction.config.internalTransactionAdvisor'
2020-03-14 21:57:02.045 [main] DEBUG o.s.b.f.s.DefaultListableBeanFactory - Returning cached instance of singleton bean 'metaDataSourceAdvisor'
2020-03-14 21:57:02.045 [main] DEBUG o.s.b.f.s.DefaultListableBeanFactory - Returning cached instance of singleton bean 'org.springframework.transaction.config.internalTransactionAdvisor'
2020-03-14 21:57:02.090 [main] DEBUG o.s.b.f.s.DefaultListableBeanFactory - Returning cached instance of singleton bean 'metaDataSourceAdvisor'
2020-03-14 21:57:02.090 [main] DEBUG o.s.b.f.s.DefaultListableBeanFactory - Returning cached instance of singleton bean 'org.springframework.transaction.config.internalTransactionAdvisor'
2020-03-14 21:57:02.091 [main] DEBUG o.s.b.f.s.DefaultListableBeanFactory - Returning cached instance of singleton bean 'metaDataSourceAdvisor'
2020-03-14 21:57:02.091 [main] DEBUG o.s.b.f.s.DefaultListableBeanFactory - Returning cached instance of singleton bean 'org.springframework.transaction.config.internalTransactionAdvisor'
2020-03-14 21:57:02.091 [main] DEBUG o.s.b.f.s.DefaultListableBeanFactory - Finished creating instance of bean '(inner bean)#257b3561'
2020-03-14 21:57:02.094 [main] DEBUG o.s.b.f.s.DefaultListableBeanFactory - Creating instance of bean '(inner bean)#6614289a'
2020-03-14 21:57:02.094 [main] DEBUG o.s.b.f.s.DefaultListableBeanFactory - Returning cached instance of singleton bean 'metaDataSourceAdvisor'
2020-03-14 21:57:02.094 [main] DEBUG o.s.b.f.s.DefaultListableBeanFactory - Returning cached instance of singleton bean 'org.springframework.transaction.config.internalTransactionAdvisor'
2020-03-14 21:57:02.109 [main] DEBUG o.s.b.f.s.DefaultListableBeanFactory - Invoking afterPropertiesSet() on bean with name '(inner bean)#6614289a'
2020-03-14 21:57:02.111 [main] DEBUG o.s.b.f.s.DefaultListableBeanFactory - Returning cached instance of singleton bean 'metaDataSourceAdvisor'
2020-03-14 21:57:02.111 [main] DEBUG o.s.b.f.s.DefaultListableBeanFactory - Returning cached instance of singleton bean 'org.springframework.transaction.config.internalTransactionAdvisor'
2020-03-14 21:57:02.111 [main] DEBUG o.s.b.f.s.DefaultListableBeanFactory - Returning cached instance of singleton bean 'metaDataSourceAdvisor'
2020-03-14 21:57:02.111 [main] DEBUG o.s.b.f.s.DefaultListableBeanFactory - Returning cached instance of singleton bean 'org.springframework.transaction.config.internalTransactionAdvisor'
2020-03-14 21:57:02.113 [main] DEBUG o.s.b.f.s.DefaultListableBeanFactory - Finished creating instance of bean '(inner bean)#6614289a'
2020-03-14 21:57:02.320 [main] DEBUG o.s.b.f.s.DefaultListableBeanFactory - Returning cached instance of singleton bean 'metaDataSourceAdvisor'
2020-03-14 21:57:02.320 [main] DEBUG o.s.b.f.s.DefaultListableBeanFactory - Returning cached instance of singleton bean 'org.springframework.transaction.config.internalTransactionAdvisor'
2020-03-14 21:57:02.320 [main] DEBUG o.s.b.f.s.DefaultListableBeanFactory - Returning cached instance of singleton bean 'metaDataSourceAdvisor'
2020-03-14 21:57:02.320 [main] DEBUG o.s.b.f.s.DefaultListableBeanFactory - Returning cached instance of singleton bean 'org.springframework.transaction.config.internalTransactionAdvisor'
2020-03-14 21:57:02.338 [main] DEBUG o.s.b.f.s.DefaultListableBeanFactory - Creating instance of bean '(inner bean)#517bdce0'
2020-03-14 21:57:02.338 [main] DEBUG o.s.b.f.s.DefaultListableBeanFactory - Returning cached instance of singleton bean 'metaDataSourceAdvisor'
2020-03-14 21:57:02.338 [main] DEBUG o.s.b.f.s.DefaultListableBeanFactory - Returning cached instance of singleton bean 'org.springframework.transaction.config.internalTransactionAdvisor'
2020-03-14 21:57:02.509 [main] DEBUG o.s.b.f.s.DefaultListableBeanFactory - Returning cached instance of singleton bean 'metaDataSourceAdvisor'
2020-03-14 21:57:02.509 [main] DEBUG o.s.b.f.s.DefaultListableBeanFactory - Returning cached instance of singleton bean 'org.springframework.transaction.config.internalTransactionAdvisor'
2020-03-14 21:57:02.509 [main] DEBUG o.s.b.f.s.DefaultListableBeanFactory - Returning cached instance of singleton bean 'metaDataSourceAdvisor'
2020-03-14 21:57:02.509 [main] DEBUG o.s.b.f.s.DefaultListableBeanFactory - Returning cached instance of singleton bean 'org.springframework.transaction.config.internalTransactionAdvisor'
2020-03-14 21:57:02.510 [main] DEBUG o.s.b.f.s.DefaultListableBeanFactory - Finished creating instance of bean '(inner bean)#517bdce0'
2020-03-14 21:57:02.513 [main] DEBUG o.s.b.f.s.DefaultListableBeanFactory - Creating instance of bean '(inner bean)#5c9e3d01'
2020-03-14 21:57:02.514 [main] DEBUG o.s.b.f.s.DefaultListableBeanFactory - Returning cached instance of singleton bean 'metaDataSourceAdvisor'
2020-03-14 21:57:02.514 [main] DEBUG o.s.b.f.s.DefaultListableBeanFactory - Returning cached instance of singleton bean 'org.springframework.transaction.config.internalTransactionAdvisor'
2020-03-14 21:57:02.514 [main] DEBUG o.s.b.f.s.DefaultListableBeanFactory - Returning cached instance of singleton bean 'entityManagerFactory'
2020-03-14 21:57:02.515 [main] DEBUG o.s.b.f.s.DefaultListableBeanFactory - Returning cached instance of singleton bean 'metaDataSourceAdvisor'
2020-03-14 21:57:02.515 [main] DEBUG o.s.b.f.s.DefaultListableBeanFactory - Returning cached instance of singleton bean 'org.springframework.transaction.config.internalTransactionAdvisor'
2020-03-14 21:57:02.515 [main] DEBUG o.s.b.f.s.DefaultListableBeanFactory - Returning cached instance of singleton bean 'metaDataSourceAdvisor'
2020-03-14 21:57:02.515 [main] DEBUG o.s.b.f.s.DefaultListableBeanFactory - Returning cached instance of singleton bean 'org.springframework.transaction.config.internalTransactionAdvisor'
2020-03-14 21:57:02.536 [main] DEBUG o.s.jdbc.datasource.DataSourceUtils - Fetching JDBC Connection from DataSource
2020-03-14 21:57:02.544 [main] DEBUG o.s.jdbc.datasource.DataSourceUtils - Returning JDBC Connection to DataSource
2020-03-14 21:57:02.655 [main] DEBUG o.s.b.f.s.DefaultListableBeanFactory - Returning cached instance of singleton bean 'metaDataSourceAdvisor'
2020-03-14 21:57:02.655 [main] DEBUG o.s.b.f.s.DefaultListableBeanFactory - Returning cached instance of singleton bean 'org.springframework.transaction.config.internalTransactionAdvisor'
2020-03-14 21:57:02.655 [main] DEBUG o.s.b.f.s.DefaultListableBeanFactory - Returning cached instance of singleton bean 'metaDataSourceAdvisor'
2020-03-14 21:57:02.655 [main] DEBUG o.s.b.f.s.DefaultListableBeanFactory - Returning cached instance of singleton bean 'org.springframework.transaction.config.internalTransactionAdvisor'
2020-03-14 21:57:02.690 [main] DEBUG o.s.b.f.s.DefaultListableBeanFactory - Finished creating instance of bean '(inner bean)#5c9e3d01'
2020-03-14 21:57:02.691 [main] DEBUG o.s.b.f.s.DefaultListableBeanFactory - Creating shared instance of singleton bean 'jpaMappingContext'
2020-03-14 21:57:02.691 [main] DEBUG o.s.b.f.s.DefaultListableBeanFactory - Creating instance of bean 'jpaMappingContext'
2020-03-14 21:57:02.691 [main] DEBUG o.s.b.f.s.DefaultListableBeanFactory - Returning cached instance of singleton bean 'metaDataSourceAdvisor'
2020-03-14 21:57:02.691 [main] DEBUG o.s.b.f.s.DefaultListableBeanFactory - Returning cached instance of singleton bean 'org.springframework.transaction.config.internalTransactionAdvisor'
2020-03-14 21:57:02.694 [main] DEBUG o.s.b.f.s.DefaultListableBeanFactory - Eagerly caching bean 'jpaMappingContext' to allow for resolving potential circular references
2020-03-14 21:57:02.837 [main] DEBUG o.s.b.f.s.DefaultListableBeanFactory - Invoking afterPropertiesSet() on bean with name 'jpaMappingContext'
2020-03-14 21:57:02.843 [main] DEBUG o.s.b.f.s.DefaultListableBeanFactory - Returning cached instance of singleton bean 'entityManagerFactory'
2020-03-14 21:57:03.431 [main] DEBUG o.s.b.f.s.DefaultListableBeanFactory - Returning cached instance of singleton bean 'metaDataSourceAdvisor'
2020-03-14 21:57:03.431 [main] DEBUG o.s.b.f.s.DefaultListableBeanFactory - Returning cached instance of singleton bean 'org.springframework.transaction.config.internalTransactionAdvisor'
2020-03-14 21:57:03.431 [main] DEBUG o.s.b.f.s.DefaultListableBeanFactory - Returning cached instance of singleton bean 'metaDataSourceAdvisor'
2020-03-14 21:57:03.433 [main] DEBUG o.s.b.f.s.DefaultListableBeanFactory - Returning cached instance of singleton bean 'org.springframework.transaction.config.internalTransactionAdvisor'
2020-03-14 21:57:03.435 [main] DEBUG o.s.b.f.s.DefaultListableBeanFactory - Finished creating instance of bean 'jpaMappingContext'
2020-03-14 21:57:03.435 [main] DEBUG o.s.b.f.s.DefaultListableBeanFactory - Returning cached instance of singleton bean 'metaDataSourceAdvisor'
2020-03-14 21:57:03.435 [main] DEBUG o.s.b.f.s.DefaultListableBeanFactory - Returning cached instance of singleton bean 'org.springframework.transaction.config.internalTransactionAdvisor'
2020-03-14 21:57:03.435 [main] DEBUG o.s.b.f.s.DefaultListableBeanFactory - Returning cached instance of singleton bean 'metaDataSourceAdvisor'
2020-03-14 21:57:03.435 [main] DEBUG o.s.b.f.s.DefaultListableBeanFactory - Returning cached instance of singleton bean 'org.springframework.transaction.config.internalTransactionAdvisor'
2020-03-14 21:57:03.451 [main] DEBUG o.s.b.f.s.DefaultListableBeanFactory - Invoking afterPropertiesSet() on bean with name 'teachplanRepository'
2020-03-14 21:57:03.468 [main] DEBUG o.s.o.j.SharedEntityManagerCreator$SharedEntityManagerInvocationHandler - Creating new EntityManager for shared EntityManager invocation
2020-03-14 21:57:04.257 [main] DEBUG o.h.s.internal.StatisticsInitiator - Statistics initialized [enabled=false]
2020-03-14 21:57:04.284 [main] DEBUG o.s.o.jpa.EntityManagerFactoryUtils - Closing JPA EntityManager
2020-03-14 21:57:04.296 [main] DEBUG o.s.o.j.SharedEntityManagerCreator$SharedEntityManagerInvocationHandler - Creating new EntityManager for shared EntityManager invocation
2020-03-14 21:57:04.297 [main] DEBUG o.s.o.jpa.EntityManagerFactoryUtils - Closing JPA EntityManager
2020-03-14 21:57:04.371 [main] DEBUG o.s.o.j.SharedEntityManagerCreator$SharedEntityManagerInvocationHandler - Creating new EntityManager for shared EntityManager invocation
2020-03-14 21:57:04.372 [main] DEBUG o.s.o.jpa.EntityManagerFactoryUtils - Closing JPA EntityManager
2020-03-14 21:57:04.375 [main] DEBUG o.s.aop.framework.JdkDynamicAopProxy - Creating JDK dynamic proxy: target source is org.springframework.data.jpa.repository.support.CrudMethodMetadataPostProcessor$ThreadBoundTargetSource@4acc27fd
2020-03-14 21:57:04.494 [main] DEBUG o.s.o.j.SharedEntityManagerCreator$SharedEntityManagerInvocationHandler - Creating new EntityManager for shared EntityManager invocation
2020-03-14 21:57:04.494 [main] DEBUG o.s.o.jpa.EntityManagerFactoryUtils - Closing JPA EntityManager
2020-03-14 21:57:04.573 [main] DEBUG o.s.d.j.r.query.JpaQueryFactory - Looking up query for method findByCourseidAndParentid
2020-03-14 21:57:04.590 [main] DEBUG o.s.d.j.repository.query.NamedQuery - Looking up named query Teachplan.findByCourseidAndParentid
2020-03-14 21:57:04.597 [main] DEBUG o.s.d.j.repository.query.NamedQuery - Did not find named query Teachplan.findByCourseidAndParentid
2020-03-14 21:57:04.610 [main] DEBUG o.s.o.j.SharedEntityManagerCreator$SharedEntityManagerInvocationHandler - Creating new EntityManager for shared EntityManager invocation
2020-03-14 21:57:04.610 [main] DEBUG o.s.o.jpa.EntityManagerFactoryUtils - Closing JPA EntityManager
2020-03-14 21:57:04.809 [main] DEBUG o.s.aop.framework.JdkDynamicAopProxy - Creating JDK dynamic proxy: target source is SingletonTargetSource for target object [org.springframework.data.jpa.repository.support.SimpleJpaRepository@45451333]
2020-03-14 21:57:04.820 [main] DEBUG o.s.b.f.s.DefaultListableBeanFactory - Returning cached instance of singleton bean 'metaDataSourceAdvisor'
2020-03-14 21:57:04.820 [main] DEBUG o.s.b.f.s.DefaultListableBeanFactory - Returning cached instance of singleton bean 'org.springframework.transaction.config.internalTransactionAdvisor'
2020-03-14 21:57:04.820 [main] DEBUG o.s.b.f.s.DefaultListableBeanFactory - Returning cached instance of singleton bean 'metaDataSourceAdvisor'
2020-03-14 21:57:04.820 [main] DEBUG o.s.b.f.s.DefaultListableBeanFactory - Returning cached instance of singleton bean 'org.springframework.transaction.config.internalTransactionAdvisor'
2020-03-14 21:57:04.824 [main] DEBUG o.s.b.f.s.DefaultListableBeanFactory - Finished creating instance of bean 'teachplanRepository'
2020-03-14 21:57:04.827 [main] DEBUG o.s.b.f.s.DefaultListableBeanFactory - Returning cached instance of singleton bean 'metaDataSourceAdvisor'
2020-03-14 21:57:04.827 [main] DEBUG o.s.b.f.s.DefaultListableBeanFactory - Returning cached instance of singleton bean 'org.springframework.transaction.config.internalTransactionAdvisor'
2020-03-14 21:57:04.827 [main] DEBUG o.s.b.f.s.DefaultListableBeanFactory - Returning cached instance of singleton bean 'metaDataSourceAdvisor'
2020-03-14 21:57:04.827 [main] DEBUG o.s.b.f.s.DefaultListableBeanFactory - Returning cached instance of singleton bean 'org.springframework.transaction.config.internalTransactionAdvisor'
2020-03-14 21:57:04.857 [main] DEBUG o.s.b.f.a.AutowiredAnnotationBeanPostProcessor - Autowiring by type from bean name 'courseService' to bean named 'teachplanRepository'
2020-03-14 21:57:04.857 [main] DEBUG o.s.b.f.annotation.InjectionMetadata - Processing injected element of bean 'courseService': AutowiredFieldElement for com.ningmeng.manage_course.dao.CourseBaseRepository com.ningmeng.manage_course.service.CourseService.courseBaseRepository
2020-03-14 21:57:04.857 [main] DEBUG o.s.core.annotation.AnnotationUtils - Failed to meta-introspect annotation interface org.springframework.beans.factory.annotation.Autowired: java.lang.NullPointerException
2020-03-14 21:57:04.861 [main] DEBUG o.s.b.f.s.DefaultListableBeanFactory - Creating shared instance of singleton bean 'courseBaseRepository'
2020-03-14 21:57:04.861 [main] DEBUG o.s.b.f.s.DefaultListableBeanFactory - Creating instance of bean 'courseBaseRepository'
2020-03-14 21:57:04.861 [main] DEBUG o.s.b.f.s.DefaultListableBeanFactory - Returning cached instance of singleton bean 'metaDataSourceAdvisor'
2020-03-14 21:57:04.861 [main] DEBUG o.s.b.f.s.DefaultListableBeanFactory - Returning cached instance of singleton bean 'org.springframework.transaction.config.internalTransactionAdvisor'
2020-03-14 21:57:04.861 [main] DEBUG o.s.b.f.annotation.InjectionMetadata - Registered injected element on class [org.springframework.data.jpa.repository.support.JpaRepositoryFactoryBean]: PersistenceElement for public void org.springframework.data.jpa.repository.support.JpaRepositoryFactoryBean.setEntityManager(javax.persistence.EntityManager)
2020-03-14 21:57:04.862 [main] DEBUG o.s.b.f.s.DefaultListableBeanFactory - Eagerly caching bean 'courseBaseRepository' to allow for resolving potential circular references
2020-03-14 21:57:04.862 [main] DEBUG o.s.b.f.annotation.InjectionMetadata - Processing injected element of bean 'courseBaseRepository': PersistenceElement for public void org.springframework.data.jpa.repository.support.JpaRepositoryFactoryBean.setEntityManager(javax.persistence.EntityManager)
2020-03-14 21:57:04.863 [main] DEBUG o.s.b.f.s.DefaultListableBeanFactory - Creating instance of bean '(inner bean)#771afdd5'
2020-03-14 21:57:04.863 [main] DEBUG o.s.b.f.s.DefaultListableBeanFactory - Returning cached instance of singleton bean 'metaDataSourceAdvisor'
2020-03-14 21:57:04.863 [main] DEBUG o.s.b.f.s.DefaultListableBeanFactory - Returning cached instance of singleton bean 'org.springframework.transaction.config.internalTransactionAdvisor'
2020-03-14 21:57:04.863 [main] DEBUG o.s.b.f.s.DefaultListableBeanFactory - Creating instance of bean '(inner bean)#3abadb65'
2020-03-14 21:57:04.863 [main] DEBUG o.s.b.f.s.DefaultListableBeanFactory - Returning cached instance of singleton bean 'metaDataSourceAdvisor'
2020-03-14 21:57:04.863 [main] DEBUG o.s.b.f.s.DefaultListableBeanFactory - Returning cached instance of singleton bean 'org.springframework.transaction.config.internalTransactionAdvisor'
2020-03-14 21:57:04.865 [main] DEBUG o.s.c.i.s.PathMatchingResourcePatternResolver - Resolved classpath location [META-INF/jpa-named-queries.properties] to resources []
2020-03-14 21:57:04.865 [main] DEBUG o.s.b.f.s.DefaultListableBeanFactory - Invoking afterPropertiesSet() on bean with name '(inner bean)#3abadb65'
2020-03-14 21:57:04.868 [main] DEBUG o.s.b.f.s.DefaultListableBeanFactory - Returning cached instance of singleton bean 'metaDataSourceAdvisor'
2020-03-14 21:57:04.868 [main] DEBUG o.s.b.f.s.DefaultListableBeanFactory - Returning cached instance of singleton bean 'org.springframework.transaction.config.internalTransactionAdvisor'
2020-03-14 21:57:04.868 [main] DEBUG o.s.b.f.s.DefaultListableBeanFactory - Returning cached instance of singleton bean 'metaDataSourceAdvisor'
2020-03-14 21:57:04.869 [main] DEBUG o.s.b.f.s.DefaultListableBeanFactory - Returning cached instance of singleton bean 'org.springframework.transaction.config.internalTransactionAdvisor'
2020-03-14 21:57:04.869 [main] DEBUG o.s.b.f.s.DefaultListableBeanFactory - Finished creating instance of bean '(inner bean)#3abadb65'
2020-03-14 21:57:04.869 [main] DEBUG o.s.b.f.s.DefaultListableBeanFactory - Returning cached instance of singleton bean 'metaDataSourceAdvisor'
2020-03-14 21:57:04.869 [main] DEBUG o.s.b.f.s.DefaultListableBeanFactory - Returning cached instance of singleton bean 'org.springframework.transaction.config.internalTransactionAdvisor'
2020-03-14 21:57:04.869 [main] DEBUG o.s.b.f.s.DefaultListableBeanFactory - Returning cached instance of singleton bean 'metaDataSourceAdvisor'
2020-03-14 21:57:04.869 [main] DEBUG o.s.b.f.s.DefaultListableBeanFactory - Returning cached instance of singleton bean 'org.springframework.transaction.config.internalTransactionAdvisor'
2020-03-14 21:57:04.870 [main] DEBUG o.s.b.f.s.DefaultListableBeanFactory - Returning cached instance of singleton bean 'metaDataSourceAdvisor'
2020-03-14 21:57:04.871 [main] DEBUG o.s.b.f.s.DefaultListableBeanFactory - Returning cached instance of singleton bean 'org.springframework.transaction.config.internalTransactionAdvisor'
2020-03-14 21:57:04.871 [main] DEBUG o.s.b.f.s.DefaultListableBeanFactory - Returning cached instance of singleton bean 'metaDataSourceAdvisor'
2020-03-14 21:57:04.871 [main] DEBUG o.s.b.f.s.DefaultListableBeanFactory - Returning cached instance of singleton bean 'org.springframework.transaction.config.internalTransactionAdvisor'
2020-03-14 21:57:04.871 [main] DEBUG o.s.b.f.s.DefaultListableBeanFactory - Finished creating instance of bean '(inner bean)#771afdd5'
2020-03-14 21:57:04.871 [main] DEBUG o.s.b.f.s.DefaultListableBeanFactory - Creating instance of bean '(inner bean)#af04f09'
2020-03-14 21:57:04.871 [main] DEBUG o.s.b.f.s.DefaultListableBeanFactory - Returning cached instance of singleton bean 'metaDataSourceAdvisor'
2020-03-14 21:57:04.871 [main] DEBUG o.s.b.f.s.DefaultListableBeanFactory - Returning cached instance of singleton bean 'org.springframework.transaction.config.internalTransactionAdvisor'
2020-03-14 21:57:04.873 [main] DEBUG o.s.b.f.s.DefaultListableBeanFactory - Invoking afterPropertiesSet() on bean with name '(inner bean)#af04f09'
2020-03-14 21:57:04.874 [main] DEBUG o.s.b.f.s.DefaultListableBeanFactory - Returning cached instance of singleton bean 'metaDataSourceAdvisor'
2020-03-14 21:57:04.874 [main] DEBUG o.s.b.f.s.DefaultListableBeanFactory - Returning cached instance of singleton bean 'org.springframework.transaction.config.internalTransactionAdvisor'
2020-03-14 21:57:04.874 [main] DEBUG o.s.b.f.s.DefaultListableBeanFactory - Returning cached instance of singleton bean 'metaDataSourceAdvisor'
2020-03-14 21:57:04.875 [main] DEBUG o.s.b.f.s.DefaultListableBeanFactory - Returning cached instance of singleton bean 'org.springframework.transaction.config.internalTransactionAdvisor'
2020-03-14 21:57:04.875 [main] DEBUG o.s.b.f.s.DefaultListableBeanFactory - Finished creating instance of bean '(inner bean)#af04f09'
2020-03-14 21:57:04.876 [main] DEBUG o.s.b.f.s.DefaultListableBeanFactory - Returning cached instance of singleton bean 'metaDataSourceAdvisor'
2020-03-14 21:57:04.876 [main] DEBUG o.s.b.f.s.DefaultListableBeanFactory - Returning cached instance of singleton bean 'org.springframework.transaction.config.internalTransactionAdvisor'
2020-03-14 21:57:04.876 [main] DEBUG o.s.b.f.s.DefaultListableBeanFactory - Returning cached instance of singleton bean 'metaDataSourceAdvisor'
2020-03-14 21:57:04.876 [main] DEBUG o.s.b.f.s.DefaultListableBeanFactory - Returning cached instance of singleton bean 'org.springframework.transaction.config.internalTransactionAdvisor'
2020-03-14 21:57:04.877 [main] DEBUG o.s.b.f.s.DefaultListableBeanFactory - Creating instance of bean '(inner bean)#7096d451'
2020-03-14 21:57:04.877 [main] DEBUG o.s.b.f.s.DefaultListableBeanFactory - Returning cached instance of singleton bean 'metaDataSourceAdvisor'
2020-03-14 21:57:04.878 [main] DEBUG o.s.b.f.s.DefaultListableBeanFactory - Returning cached instance of singleton bean 'org.springframework.transaction.config.internalTransactionAdvisor'
2020-03-14 21:57:04.879 [main] DEBUG o.s.b.f.s.DefaultListableBeanFactory - Returning cached instance of singleton bean 'metaDataSourceAdvisor'
2020-03-14 21:57:04.879 [main] DEBUG o.s.b.f.s.DefaultListableBeanFactory - Returning cached instance of singleton bean 'org.springframework.transaction.config.internalTransactionAdvisor'
2020-03-14 21:57:04.879 [main] DEBUG o.s.b.f.s.DefaultListableBeanFactory - Returning cached instance of singleton bean 'metaDataSourceAdvisor'
2020-03-14 21:57:04.880 [main] DEBUG o.s.b.f.s.DefaultListableBeanFactory - Returning cached instance of singleton bean 'org.springframework.transaction.config.internalTransactionAdvisor'
2020-03-14 21:57:04.880 [main] DEBUG o.s.b.f.s.DefaultListableBeanFactory - Finished creating instance of bean '(inner bean)#7096d451'
2020-03-14 21:57:04.881 [main] DEBUG o.s.b.f.s.DefaultListableBeanFactory - Creating instance of bean '(inner bean)#67d180e4'
2020-03-14 21:57:04.881 [main] DEBUG o.s.b.f.s.DefaultListableBeanFactory - Returning cached instance of singleton bean 'metaDataSourceAdvisor'
2020-03-14 21:57:04.881 [main] DEBUG o.s.b.f.s.DefaultListableBeanFactory - Returning cached instance of singleton bean 'org.springframework.transaction.config.internalTransactionAdvisor'
2020-03-14 21:57:04.881 [main] DEBUG o.s.b.f.s.DefaultListableBeanFactory - Returning cached instance of singleton bean 'entityManagerFactory'
2020-03-14 21:57:04.885 [main] DEBUG o.s.b.f.s.DefaultListableBeanFactory - Returning cached instance of singleton bean 'metaDataSourceAdvisor'
2020-03-14 21:57:04.885 [main] DEBUG o.s.b.f.s.DefaultListableBeanFactory - Returning cached instance of singleton bean 'org.springframework.transaction.config.internalTransactionAdvisor'
2020-03-14 21:57:04.885 [main] DEBUG o.s.b.f.s.DefaultListableBeanFactory - Returning cached instance of singleton bean 'metaDataSourceAdvisor'
2020-03-14 21:57:04.885 [main] DEBUG o.s.b.f.s.DefaultListableBeanFactory - Returning cached instance of singleton bean 'org.springframework.transaction.config.internalTransactionAdvisor'
2020-03-14 21:57:04.886 [main] DEBUG o.s.b.f.s.DefaultListableBeanFactory - Finished creating instance of bean '(inner bean)#67d180e4'
2020-03-14 21:57:04.886 [main] DEBUG o.s.b.f.s.DefaultListableBeanFactory - Returning cached instance of singleton bean 'jpaMappingContext'
2020-03-14 21:57:04.887 [main] DEBUG o.s.b.f.s.DefaultListableBeanFactory - Invoking afterPropertiesSet() on bean with name 'courseBaseRepository'
2020-03-14 21:57:04.887 [main] DEBUG o.s.o.j.SharedEntityManagerCreator$SharedEntityManagerInvocationHandler - Creating new EntityManager for shared EntityManager invocation
2020-03-14 21:57:04.887 [main] DEBUG o.s.o.jpa.EntityManagerFactoryUtils - Closing JPA EntityManager
2020-03-14 21:57:04.893 [main] DEBUG o.s.o.j.SharedEntityManagerCreator$SharedEntityManagerInvocationHandler - Creating new EntityManager for shared EntityManager invocation
2020-03-14 21:57:04.894 [main] DEBUG o.s.o.jpa.EntityManagerFactoryUtils - Closing JPA EntityManager
2020-03-14 21:57:04.894 [main] DEBUG o.s.aop.framework.JdkDynamicAopProxy - Creating JDK dynamic proxy: target source is org.springframework.data.jpa.repository.support.CrudMethodMetadataPostProcessor$ThreadBoundTargetSource@58e5fbe5
2020-03-14 21:57:04.896 [main] DEBUG o.s.o.j.SharedEntityManagerCreator$SharedEntityManagerInvocationHandler - Creating new EntityManager for shared EntityManager invocation
2020-03-14 21:57:04.906 [main] DEBUG o.s.o.jpa.EntityManagerFactoryUtils - Closing JPA EntityManager
2020-03-14 21:57:04.908 [main] DEBUG o.s.aop.framework.JdkDynamicAopProxy - Creating JDK dynamic proxy: target source is SingletonTargetSource for target object [org.springframework.data.jpa.repository.support.SimpleJpaRepository@6b33892a]
2020-03-14 21:57:04.916 [main] DEBUG o.s.b.f.s.DefaultListableBeanFactory - Returning cached instance of singleton bean 'metaDataSourceAdvisor'
2020-03-14 21:57:04.916 [main] DEBUG o.s.b.f.s.DefaultListableBeanFactory - Returning cached instance of singleton bean 'org.springframework.transaction.config.internalTransactionAdvisor'
2020-03-14 21:57:04.916 [main] DEBUG o.s.b.f.s.DefaultListableBeanFactory - Returning cached instance of singleton bean 'metaDataSourceAdvisor'
2020-03-14 21:57:04.916 [main] DEBUG o.s.b.f.s.DefaultListableBeanFactory - Returning cached instance of singleton bean 'org.springframework.transaction.config.internalTransactionAdvisor'
2020-03-14 21:57:04.916 [main] DEBUG o.s.b.f.s.DefaultListableBeanFactory - Finished creating instance of bean 'courseBaseRepository'
2020-03-14 21:57:04.916 [main] DEBUG o.s.b.f.s.DefaultListableBeanFactory - Returning cached instance of singleton bean 'metaDataSourceAdvisor'
2020-03-14 21:57:04.916 [main] DEBUG o.s.b.f.s.DefaultListableBeanFactory - Returning cached instance of singleton bean 'org.springframework.transaction.config.internalTransactionAdvisor'
2020-03-14 21:57:04.917 [main] DEBUG o.s.b.f.s.DefaultListableBeanFactory - Returning cached instance of singleton bean 'metaDataSourceAdvisor'
2020-03-14 21:57:04.917 [main] DEBUG o.s.b.f.s.DefaultListableBeanFactory - Returning cached instance of singleton bean 'org.springframework.transaction.config.internalTransactionAdvisor'
2020-03-14 21:57:04.924 [main] DEBUG o.s.b.f.a.AutowiredAnnotationBeanPostProcessor - Autowiring by type from bean name 'courseService' to bean named 'courseBaseRepository'
2020-03-14 21:57:04.925 [main] DEBUG o.s.b.f.annotation.InjectionMetadata - Processing injected element of bean 'courseService': AutowiredFieldElement for com.ningmeng.manage_course.dao.CourseMapper com.ningmeng.manage_course.service.CourseService.courseMapper
2020-03-14 21:57:04.925 [main] DEBUG o.s.core.annotation.AnnotationUtils - Failed to meta-introspect annotation interface org.springframework.beans.factory.annotation.Autowired: java.lang.NullPointerException
2020-03-14 21:57:04.930 [main] DEBUG o.s.b.f.s.DefaultListableBeanFactory - Creating shared instance of singleton bean 'courseMapper'
2020-03-14 21:57:04.930 [main] DEBUG o.s.b.f.s.DefaultListableBeanFactory - Creating instance of bean 'courseMapper'
2020-03-14 21:57:04.930 [main] DEBUG o.s.b.f.s.DefaultListableBeanFactory - Returning cached instance of singleton bean 'metaDataSourceAdvisor'
2020-03-14 21:57:04.930 [main] DEBUG o.s.b.f.s.DefaultListableBeanFactory - Returning cached instance of singleton bean 'org.springframework.transaction.config.internalTransactionAdvisor'
2020-03-14 21:57:04.931 [main] DEBUG o.s.b.f.s.DefaultListableBeanFactory - Eagerly caching bean 'courseMapper' to allow for resolving potential circular references
2020-03-14 21:57:04.933 [main] DEBUG o.s.b.f.s.DefaultListableBeanFactory - Returning cached instance of singleton bean 'sqlSessionFactory'
2020-03-14 21:57:04.933 [main] DEBUG o.s.b.f.s.DefaultListableBeanFactory - Autowiring by type from bean name 'courseMapper' via property 'sqlSessionFactory' to bean named 'sqlSessionFactory'
2020-03-14 21:57:04.934 [main] DEBUG o.s.b.f.s.DefaultListableBeanFactory - Returning cached instance of singleton bean 'sqlSessionTemplate'
2020-03-14 21:57:04.934 [main] DEBUG o.s.b.f.s.DefaultListableBeanFactory - Autowiring by type from bean name 'courseMapper' via property 'sqlSessionTemplate' to bean named 'sqlSessionTemplate'
2020-03-14 21:57:04.935 [main] DEBUG o.s.b.f.s.DefaultListableBeanFactory - Invoking afterPropertiesSet() on bean with name 'courseMapper'
2020-03-14 21:57:05.241 [main] DEBUG o.s.b.f.s.DefaultListableBeanFactory - Returning cached instance of singleton bean 'metaDataSourceAdvisor'
2020-03-14 21:57:05.241 [main] DEBUG o.s.b.f.s.DefaultListableBeanFactory - Returning cached instance of singleton bean 'org.springframework.transaction.config.internalTransactionAdvisor'
2020-03-14 21:57:05.241 [main] DEBUG o.s.b.f.s.DefaultListableBeanFactory - Returning cached instance of singleton bean 'metaDataSourceAdvisor'
2020-03-14 21:57:05.241 [main] DEBUG o.s.b.f.s.DefaultListableBeanFactory - Returning cached instance of singleton bean 'org.springframework.transaction.config.internalTransactionAdvisor'
2020-03-14 21:57:05.242 [main] DEBUG o.s.b.f.s.DefaultListableBeanFactory - Finished creating instance of bean 'courseMapper'
2020-03-14 21:57:05.243 [main] DEBUG o.s.b.f.s.DefaultListableBeanFactory - Returning cached instance of singleton bean 'metaDataSourceAdvisor'
2020-03-14 21:57:05.243 [main] DEBUG o.s.b.f.s.DefaultListableBeanFactory - Returning cached instance of singleton bean 'org.springframework.transaction.config.internalTransactionAdvisor'
2020-03-14 21:57:05.243 [main] DEBUG o.s.b.f.s.DefaultListableBeanFactory - Returning cached instance of singleton bean 'metaDataSourceAdvisor'
2020-03-14 21:57:05.243 [main] DEBUG o.s.b.f.s.DefaultListableBeanFactory - Returning cached instance of singleton bean 'org.springframework.transaction.config.internalTransactionAdvisor'
2020-03-14 21:57:05.244 [main] DEBUG o.s.b.f.a.AutowiredAnnotationBeanPostProcessor - Autowiring by type from bean name 'courseService' to bean named 'courseMapper'
2020-03-14 21:57:05.244 [main] DEBUG o.s.b.f.annotation.InjectionMetadata - Processing injected element of bean 'courseService': AutowiredFieldElement for com.ningmeng.manage_course.dao.CoursePubRepository com.ningmeng.manage_course.service.CourseService.coursePubRepository
2020-03-14 21:57:05.245 [main] DEBUG o.s.core.annotation.AnnotationUtils - Failed to meta-introspect annotation interface org.springframework.beans.factory.annotation.Autowired: java.lang.NullPointerException
2020-03-14 21:57:05.248 [main] DEBUG o.s.b.f.s.DefaultListableBeanFactory - Creating shared instance of singleton bean 'coursePubRepository'
2020-03-14 21:57:05.248 [main] DEBUG o.s.b.f.s.DefaultListableBeanFactory - Creating instance of bean 'coursePubRepository'
2020-03-14 21:57:05.248 [main] DEBUG o.s.b.f.s.DefaultListableBeanFactory - Returning cached instance of singleton bean 'metaDataSourceAdvisor'
2020-03-14 21:57:05.248 [main] DEBUG o.s.b.f.s.DefaultListableBeanFactory - Returning cached instance of singleton bean 'org.springframework.transaction.config.internalTransactionAdvisor'
2020-03-14 21:57:05.249 [main] DEBUG o.s.b.f.annotation.InjectionMetadata - Registered injected element on class [org.springframework.data.jpa.repository.support.JpaRepositoryFactoryBean]: PersistenceElement for public void org.springframework.data.jpa.repository.support.JpaRepositoryFactoryBean.setEntityManager(javax.persistence.EntityManager)
2020-03-14 21:57:05.249 [main] DEBUG o.s.b.f.s.DefaultListableBeanFactory - Eagerly caching bean 'coursePubRepository' to allow for resolving potential circular references
2020-03-14 21:57:05.249 [main] DEBUG o.s.b.f.annotation.InjectionMetadata - Processing injected element of bean 'coursePubRepository': PersistenceElement for public void org.springframework.data.jpa.repository.support.JpaRepositoryFactoryBean.setEntityManager(javax.persistence.EntityManager)
2020-03-14 21:57:05.249 [main] DEBUG o.s.b.f.s.DefaultListableBeanFactory - Creating instance of bean '(inner bean)#7cd25bf5'
2020-03-14 21:57:05.249 [main] DEBUG o.s.b.f.s.DefaultListableBeanFactory - Returning cached instance of singleton bean 'metaDataSourceAdvisor'
2020-03-14 21:57:05.249 [main] DEBUG o.s.b.f.s.DefaultListableBeanFactory - Returning cached instance of singleton bean 'org.springframework.transaction.config.internalTransactionAdvisor'
2020-03-14 21:57:05.249 [main] DEBUG o.s.b.f.s.DefaultListableBeanFactory - Creating instance of bean '(inner bean)#e2f6e13'
2020-03-14 21:57:05.249 [main] DEBUG o.s.b.f.s.DefaultListableBeanFactory - Returning cached instance of singleton bean 'metaDataSourceAdvisor'
2020-03-14 21:57:05.249 [main] DEBUG o.s.b.f.s.DefaultListableBeanFactory - Returning cached instance of singleton bean 'org.springframework.transaction.config.internalTransactionAdvisor'
2020-03-14 21:57:05.250 [main] DEBUG o.s.c.i.s.PathMatchingResourcePatternResolver - Resolved classpath location [META-INF/jpa-named-queries.properties] to resources []
2020-03-14 21:57:05.250 [main] DEBUG o.s.b.f.s.DefaultListableBeanFactory - Invoking afterPropertiesSet() on bean with name '(inner bean)#e2f6e13'
2020-03-14 21:57:05.251 [main] DEBUG o.s.b.f.s.DefaultListableBeanFactory - Returning cached instance of singleton bean 'metaDataSourceAdvisor'
2020-03-14 21:57:05.251 [main] DEBUG o.s.b.f.s.DefaultListableBeanFactory - Returning cached instance of singleton bean 'org.springframework.transaction.config.internalTransactionAdvisor'
2020-03-14 21:57:05.251 [main] DEBUG o.s.b.f.s.DefaultListableBeanFactory - Returning cached instance of singleton bean 'metaDataSourceAdvisor'
2020-03-14 21:57:05.251 [main] DEBUG o.s.b.f.s.DefaultListableBeanFactory - Returning cached instance of singleton bean 'org.springframework.transaction.config.internalTransactionAdvisor'
2020-03-14 21:57:05.251 [main] DEBUG o.s.b.f.s.DefaultListableBeanFactory - Finished creating instance of bean '(inner bean)#e2f6e13'
2020-03-14 21:57:05.251 [main] DEBUG o.s.b.f.s.DefaultListableBeanFactory - Returning cached instance of singleton bean 'metaDataSourceAdvisor'
2020-03-14 21:57:05.251 [main] DEBUG o.s.b.f.s.DefaultListableBeanFactory - Returning cached instance of singleton bean 'org.springframework.transaction.config.internalTransactionAdvisor'
2020-03-14 21:57:05.251 [main] DEBUG o.s.b.f.s.DefaultListableBeanFactory - Returning cached instance of singleton bean 'metaDataSourceAdvisor'
2020-03-14 21:57:05.251 [main] DEBUG o.s.b.f.s.DefaultListableBeanFactory - Returning cached instance of singleton bean 'org.springframework.transaction.config.internalTransactionAdvisor'
2020-03-14 21:57:05.251 [main] DEBUG o.s.b.f.s.DefaultListableBeanFactory - Returning cached instance of singleton bean 'metaDataSourceAdvisor'
2020-03-14 21:57:05.251 [main] DEBUG o.s.b.f.s.DefaultListableBeanFactory - Returning cached instance of singleton bean 'org.springframework.transaction.config.internalTransactionAdvisor'
2020-03-14 21:57:05.251 [main] DEBUG o.s.b.f.s.DefaultListableBeanFactory - Returning cached instance of singleton bean 'metaDataSourceAdvisor'
2020-03-14 21:57:05.251 [main] DEBUG o.s.b.f.s.DefaultListableBeanFactory - Returning cached instance of singleton bean 'org.springframework.transaction.config.internalTransactionAdvisor'
2020-03-14 21:57:05.251 [main] DEBUG o.s.b.f.s.DefaultListableBeanFactory - Finished creating instance of bean '(inner bean)#7cd25bf5'
2020-03-14 21:57:05.252 [main] DEBUG o.s.b.f.s.DefaultListableBeanFactory - Creating instance of bean '(inner bean)#533d7c61'
2020-03-14 21:57:05.252 [main] DEBUG o.s.b.f.s.DefaultListableBeanFactory - Returning cached instance of singleton bean 'metaDataSourceAdvisor'
2020-03-14 21:57:05.252 [main] DEBUG o.s.b.f.s.DefaultListableBeanFactory - Returning cached instance of singleton bean 'org.springframework.transaction.config.internalTransactionAdvisor'
2020-03-14 21:57:05.252 [main] DEBUG o.s.b.f.s.DefaultListableBeanFactory - Invoking afterPropertiesSet() on bean with name '(inner bean)#533d7c61'
2020-03-14 21:57:05.252 [main] DEBUG o.s.b.f.s.DefaultListableBeanFactory - Returning cached instance of singleton bean 'metaDataSourceAdvisor'
2020-03-14 21:57:05.252 [main] DEBUG o.s.b.f.s.DefaultListableBeanFactory - Returning cached instance of singleton bean 'org.springframework.transaction.config.internalTransactionAdvisor'
2020-03-14 21:57:05.252 [main] DEBUG o.s.b.f.s.DefaultListableBeanFactory - Returning cached instance of singleton bean 'metaDataSourceAdvisor'
2020-03-14 21:57:05.252 [main] DEBUG o.s.b.f.s.DefaultListableBeanFactory - Returning cached instance of singleton bean 'org.springframework.transaction.config.internalTransactionAdvisor'
2020-03-14 21:57:05.252 [main] DEBUG o.s.b.f.s.DefaultListableBeanFactory - Finished creating instance of bean '(inner bean)#533d7c61'
2020-03-14 21:57:05.252 [main] DEBUG o.s.b.f.s.DefaultListableBeanFactory - Returning cached instance of singleton bean 'metaDataSourceAdvisor'
2020-03-14 21:57:05.252 [main] DEBUG o.s.b.f.s.DefaultListableBeanFactory - Returning cached instance of singleton bean 'org.springframework.transaction.config.internalTransactionAdvisor'
2020-03-14 21:57:05.253 [main] DEBUG o.s.b.f.s.DefaultListableBeanFactory - Returning cached instance of singleton bean 'metaDataSourceAdvisor'
2020-03-14 21:57:05.253 [main] DEBUG o.s.b.f.s.DefaultListableBeanFactory - Returning cached instance of singleton bean 'org.springframework.transaction.config.internalTransactionAdvisor'
2020-03-14 21:57:05.253 [main] DEBUG o.s.b.f.s.DefaultListableBeanFactory - Creating instance of bean '(inner bean)#22ee7fdc'
2020-03-14 21:57:05.253 [main] DEBUG o.s.b.f.s.DefaultListableBeanFactory - Returning cached instance of singleton bean 'metaDataSourceAdvisor'
2020-03-14 21:57:05.253 [main] DEBUG o.s.b.f.s.DefaultListableBeanFactory - Returning cached instance of singleton bean 'org.springframework.transaction.config.internalTransactionAdvisor'
2020-03-14 21:57:05.254 [main] DEBUG o.s.b.f.s.DefaultListableBeanFactory - Returning cached instance of singleton bean 'metaDataSourceAdvisor'
2020-03-14 21:57:05.254 [main] DEBUG o.s.b.f.s.DefaultListableBeanFactory - Returning cached instance of singleton bean 'org.springframework.transaction.config.internalTransactionAdvisor'
2020-03-14 21:57:05.254 [main] DEBUG o.s.b.f.s.DefaultListableBeanFactory - Returning cached instance of singleton bean 'metaDataSourceAdvisor'
2020-03-14 21:57:05.254 [main] DEBUG o.s.b.f.s.DefaultListableBeanFactory - Returning cached instance of singleton bean 'org.springframework.transaction.config.internalTransactionAdvisor'
2020-03-14 21:57:05.254 [main] DEBUG o.s.b.f.s.DefaultListableBeanFactory - Finished creating instance of bean '(inner bean)#22ee7fdc'
2020-03-14 21:57:05.254 [main] DEBUG o.s.b.f.s.DefaultListableBeanFactory - Creating instance of bean '(inner bean)#6949cead'
2020-03-14 21:57:05.254 [main] DEBUG o.s.b.f.s.DefaultListableBeanFactory - Returning cached instance of singleton bean 'metaDataSourceAdvisor'
2020-03-14 21:57:05.255 [main] DEBUG o.s.b.f.s.DefaultListableBeanFactory - Returning cached instance of singleton bean 'org.springframework.transaction.config.internalTransactionAdvisor'
2020-03-14 21:57:05.255 [main] DEBUG o.s.b.f.s.DefaultListableBeanFactory - Returning cached instance of singleton bean 'entityManagerFactory'
2020-03-14 21:57:05.256 [main] DEBUG o.s.b.f.s.DefaultListableBeanFactory - Returning cached instance of singleton bean 'metaDataSourceAdvisor'
2020-03-14 21:57:05.256 [main] DEBUG o.s.b.f.s.DefaultListableBeanFactory - Returning cached instance of singleton bean 'org.springframework.transaction.config.internalTransactionAdvisor'
2020-03-14 21:57:05.256 [main] DEBUG o.s.b.f.s.DefaultListableBeanFactory - Returning cached instance of singleton bean 'metaDataSourceAdvisor'
2020-03-14 21:57:05.256 [main] DEBUG o.s.b.f.s.DefaultListableBeanFactory - Returning cached instance of singleton bean 'org.springframework.transaction.config.internalTransactionAdvisor'
2020-03-14 21:57:05.256 [main] DEBUG o.s.b.f.s.DefaultListableBeanFactory - Finished creating instance of bean '(inner bean)#6949cead'
2020-03-14 21:57:05.256 [main] DEBUG o.s.b.f.s.DefaultListableBeanFactory - Returning cached instance of singleton bean 'jpaMappingContext'
2020-03-14 21:57:05.257 [main] DEBUG o.s.b.f.s.DefaultListableBeanFactory - Invoking afterPropertiesSet() on bean with name 'coursePubRepository'
2020-03-14 21:57:05.257 [main] DEBUG o.s.o.j.SharedEntityManagerCreator$SharedEntityManagerInvocationHandler - Creating new EntityManager for shared EntityManager invocation
2020-03-14 21:57:05.257 [main] DEBUG o.s.o.jpa.EntityManagerFactoryUtils - Closing JPA EntityManager
2020-03-14 21:57:05.260 [main] DEBUG o.s.o.j.SharedEntityManagerCreator$SharedEntityManagerInvocationHandler - Creating new EntityManager for shared EntityManager invocation
2020-03-14 21:57:05.262 [main] DEBUG o.s.o.jpa.EntityManagerFactoryUtils - Closing JPA EntityManager
2020-03-14 21:57:05.262 [main] DEBUG o.s.aop.framework.JdkDynamicAopProxy - Creating JDK dynamic proxy: target source is org.springframework.data.jpa.repository.support.CrudMethodMetadataPostProcessor$ThreadBoundTargetSource@278c998
2020-03-14 21:57:05.263 [main] DEBUG o.s.o.j.SharedEntityManagerCreator$SharedEntityManagerInvocationHandler - Creating new EntityManager for shared EntityManager invocation
2020-03-14 21:57:05.263 [main] DEBUG o.s.o.jpa.EntityManagerFactoryUtils - Closing JPA EntityManager
2020-03-14 21:57:05.265 [main] DEBUG o.s.aop.framework.JdkDynamicAopProxy - Creating JDK dynamic proxy: target source is SingletonTargetSource for target object [org.springframework.data.jpa.repository.support.SimpleJpaRepository@25e353dc]
2020-03-14 21:57:05.273 [main] DEBUG o.s.b.f.s.DefaultListableBeanFactory - Returning cached instance of singleton bean 'metaDataSourceAdvisor'
2020-03-14 21:57:05.273 [main] DEBUG o.s.b.f.s.DefaultListableBeanFactory - Returning cached instance of singleton bean 'org.springframework.transaction.config.internalTransactionAdvisor'
2020-03-14 21:57:05.273 [main] DEBUG o.s.b.f.s.DefaultListableBeanFactory - Returning cached instance of singleton bean 'metaDataSourceAdvisor'
2020-03-14 21:57:05.273 [main] DEBUG o.s.b.f.s.DefaultListableBeanFactory - Returning cached instance of singleton bean 'org.springframework.transaction.config.internalTransactionAdvisor'
2020-03-14 21:57:05.273 [main] DEBUG o.s.b.f.s.DefaultListableBeanFactory - Finished creating instance of bean 'coursePubRepository'
2020-03-14 21:57:05.273 [main] DEBUG o.s.b.f.s.DefaultListableBeanFactory - Returning cached instance of singleton bean 'metaDataSourceAdvisor'
2020-03-14 21:57:05.274 [main] DEBUG o.s.b.f.s.DefaultListableBeanFactory - Returning cached instance of singleton bean 'org.springframework.transaction.config.internalTransactionAdvisor'
2020-03-14 21:57:05.274 [main] DEBUG o.s.b.f.s.DefaultListableBeanFactory - Returning cached instance of singleton bean 'metaDataSourceAdvisor'
2020-03-14 21:57:05.274 [main] DEBUG o.s.b.f.s.DefaultListableBeanFactory - Returning cached instance of singleton bean 'org.springframework.transaction.config.internalTransactionAdvisor'
2020-03-14 21:57:05.287 [main] DEBUG o.s.b.f.a.AutowiredAnnotationBeanPostProcessor - Autowiring by type from bean name 'courseService' to bean named 'coursePubRepository'
2020-03-14 21:57:05.288 [main] DEBUG o.s.b.f.annotation.InjectionMetadata - Processing injected element of bean 'courseService': AutowiredFieldElement for com.ningmeng.manage_course.dao.CourseMarketRepository com.ningmeng.manage_course.service.CourseService.courseMarketRepository
2020-03-14 21:57:05.289 [main] DEBUG o.s.core.annotation.AnnotationUtils - Failed to meta-introspect annotation interface org.springframework.beans.factory.annotation.Autowired: java.lang.NullPointerException
2020-03-14 21:57:05.293 [main] DEBUG o.s.b.f.s.DefaultListableBeanFactory - Creating shared instance of singleton bean 'courseMarketRepository'
2020-03-14 21:57:05.293 [main] DEBUG o.s.b.f.s.DefaultListableBeanFactory - Creating instance of bean 'courseMarketRepository'
2020-03-14 21:57:05.293 [main] DEBUG o.s.b.f.s.DefaultListableBeanFactory - Returning cached instance of singleton bean 'metaDataSourceAdvisor'
2020-03-14 21:57:05.293 [main] DEBUG o.s.b.f.s.DefaultListableBeanFactory - Returning cached instance of singleton bean 'org.springframework.transaction.config.internalTransactionAdvisor'
2020-03-14 21:57:05.293 [main] DEBUG o.s.b.f.annotation.InjectionMetadata - Registered injected element on class [org.springframework.data.jpa.repository.support.JpaRepositoryFactoryBean]: PersistenceElement for public void org.springframework.data.jpa.repository.support.JpaRepositoryFactoryBean.setEntityManager(javax.persistence.EntityManager)
2020-03-14 21:57:05.294 [main] DEBUG o.s.b.f.s.DefaultListableBeanFactory - Eagerly caching bean 'courseMarketRepository' to allow for resolving potential circular references
2020-03-14 21:57:05.294 [main] DEBUG o.s.b.f.annotation.InjectionMetadata - Processing injected element of bean 'courseMarketRepository': PersistenceElement for public void org.springframework.data.jpa.repository.support.JpaRepositoryFactoryBean.setEntityManager(javax.persistence.EntityManager)
2020-03-14 21:57:05.294 [main] DEBUG o.s.b.f.s.DefaultListableBeanFactory - Creating instance of bean '(inner bean)#3387ab0'
2020-03-14 21:57:05.294 [main] DEBUG o.s.b.f.s.DefaultListableBeanFactory - Returning cached instance of singleton bean 'metaDataSourceAdvisor'
2020-03-14 21:57:05.294 [main] DEBUG o.s.b.f.s.DefaultListableBeanFactory - Returning cached instance of singleton bean 'org.springframework.transaction.config.internalTransactionAdvisor'
2020-03-14 21:57:05.294 [main] DEBUG o.s.b.f.s.DefaultListableBeanFactory - Creating instance of bean '(inner bean)#470f0637'
2020-03-14 21:57:05.295 [main] DEBUG o.s.b.f.s.DefaultListableBeanFactory - Returning cached instance of singleton bean 'metaDataSourceAdvisor'
2020-03-14 21:57:05.295 [main] DEBUG o.s.b.f.s.DefaultListableBeanFactory - Returning cached instance of singleton bean 'org.springframework.transaction.config.internalTransactionAdvisor'
2020-03-14 21:57:05.296 [main] DEBUG o.s.c.i.s.PathMatchingResourcePatternResolver - Resolved classpath location [META-INF/jpa-named-queries.properties] to resources []
2020-03-14 21:57:05.296 [main] DEBUG o.s.b.f.s.DefaultListableBeanFactory - Invoking afterPropertiesSet() on bean with name '(inner bean)#470f0637'
2020-03-14 21:57:05.296 [main] DEBUG o.s.b.f.s.DefaultListableBeanFactory - Returning cached instance of singleton bean 'metaDataSourceAdvisor'
2020-03-14 21:57:05.297 [main] DEBUG o.s.b.f.s.DefaultListableBeanFactory - Returning cached instance of singleton bean 'org.springframework.transaction.config.internalTransactionAdvisor'
2020-03-14 21:57:05.297 [main] DEBUG o.s.b.f.s.DefaultListableBeanFactory - Returning cached instance of singleton bean 'metaDataSourceAdvisor'
2020-03-14 21:57:05.297 [main] DEBUG o.s.b.f.s.DefaultListableBeanFactory - Returning cached instance of singleton bean 'org.springframework.transaction.config.internalTransactionAdvisor'
2020-03-14 21:57:05.297 [main] DEBUG o.s.b.f.s.DefaultListableBeanFactory - Finished creating instance of bean '(inner bean)#470f0637'
2020-03-14 21:57:05.297 [main] DEBUG o.s.b.f.s.DefaultListableBeanFactory - Returning cached instance of singleton bean 'metaDataSourceAdvisor'
2020-03-14 21:57:05.297 [main] DEBUG o.s.b.f.s.DefaultListableBeanFactory - Returning cached instance of singleton bean 'org.springframework.transaction.config.internalTransactionAdvisor'
2020-03-14 21:57:05.297 [main] DEBUG o.s.b.f.s.DefaultListableBeanFactory - Returning cached instance of singleton bean 'metaDataSourceAdvisor'
2020-03-14 21:57:05.297 [main] DEBUG o.s.b.f.s.DefaultListableBeanFactory - Returning cached instance of singleton bean 'org.springframework.transaction.config.internalTransactionAdvisor'
2020-03-14 21:57:05.298 [main] DEBUG o.s.b.f.s.DefaultListableBeanFactory - Returning cached instance of singleton bean 'metaDataSourceAdvisor'
2020-03-14 21:57:05.298 [main] DEBUG o.s.b.f.s.DefaultListableBeanFactory - Returning cached instance of singleton bean 'org.springframework.transaction.config.internalTransactionAdvisor'
2020-03-14 21:57:05.298 [main] DEBUG o.s.b.f.s.DefaultListableBeanFactory - Returning cached instance of singleton bean 'metaDataSourceAdvisor'
2020-03-14 21:57:05.298 [main] DEBUG o.s.b.f.s.DefaultListableBeanFactory - Returning cached instance of singleton bean 'org.springframework.transaction.config.internalTransactionAdvisor'
2020-03-14 21:57:05.298 [main] DEBUG o.s.b.f.s.DefaultListableBeanFactory - Finished creating instance of bean '(inner bean)#3387ab0'
2020-03-14 21:57:05.299 [main] DEBUG o.s.b.f.s.DefaultListableBeanFactory - Creating instance of bean '(inner bean)#7d82ca56'
2020-03-14 21:57:05.299 [main] DEBUG o.s.b.f.s.DefaultListableBeanFactory - Returning cached instance of singleton bean 'metaDataSourceAdvisor'
2020-03-14 21:57:05.299 [main] DEBUG o.s.b.f.s.DefaultListableBeanFactory - Returning cached instance of singleton bean 'org.springframework.transaction.config.internalTransactionAdvisor'
2020-03-14 21:57:05.300 [main] DEBUG o.s.b.f.s.DefaultListableBeanFactory - Invoking afterPropertiesSet() on bean with name '(inner bean)#7d82ca56'
2020-03-14 21:57:05.300 [main] DEBUG o.s.b.f.s.DefaultListableBeanFactory - Returning cached instance of singleton bean 'metaDataSourceAdvisor'
2020-03-14 21:57:05.300 [main] DEBUG o.s.b.f.s.DefaultListableBeanFactory - Returning cached instance of singleton bean 'org.springframework.transaction.config.internalTransactionAdvisor'
2020-03-14 21:57:05.300 [main] DEBUG o.s.b.f.s.DefaultListableBeanFactory - Returning cached instance of singleton bean 'metaDataSourceAdvisor'
2020-03-14 21:57:05.300 [main] DEBUG o.s.b.f.s.DefaultListableBeanFactory - Returning cached instance of singleton bean 'org.springframework.transaction.config.internalTransactionAdvisor'
2020-03-14 21:57:05.300 [main] DEBUG o.s.b.f.s.DefaultListableBeanFactory - Finished creating instance of bean '(inner bean)#7d82ca56'
2020-03-14 21:57:05.300 [main] DEBUG o.s.b.f.s.DefaultListableBeanFactory - Returning cached instance of singleton bean 'metaDataSourceAdvisor'
2020-03-14 21:57:05.300 [main] DEBUG o.s.b.f.s.DefaultListableBeanFactory - Returning cached instance of singleton bean 'org.springframework.transaction.config.internalTransactionAdvisor'
2020-03-14 21:57:05.301 [main] DEBUG o.s.b.f.s.DefaultListableBeanFactory - Returning cached instance of singleton bean 'metaDataSourceAdvisor'
2020-03-14 21:57:05.301 [main] DEBUG o.s.b.f.s.DefaultListableBeanFactory - Returning cached instance of singleton bean 'org.springframework.transaction.config.internalTransactionAdvisor'
2020-03-14 21:57:05.301 [main] DEBUG o.s.b.f.s.DefaultListableBeanFactory - Creating instance of bean '(inner bean)#217fd3c'
2020-03-14 21:57:05.301 [main] DEBUG o.s.b.f.s.DefaultListableBeanFactory - Returning cached instance of singleton bean 'metaDataSourceAdvisor'
2020-03-14 21:57:05.301 [main] DEBUG o.s.b.f.s.DefaultListableBeanFactory - Returning cached instance of singleton bean 'org.springframework.transaction.config.internalTransactionAdvisor'
2020-03-14 21:57:05.302 [main] DEBUG o.s.b.f.s.DefaultListableBeanFactory - Returning cached instance of singleton bean 'metaDataSourceAdvisor'
2020-03-14 21:57:05.302 [main] DEBUG o.s.b.f.s.DefaultListableBeanFactory - Returning cached instance of singleton bean 'org.springframework.transaction.config.internalTransactionAdvisor'
2020-03-14 21:57:05.302 [main] DEBUG o.s.b.f.s.DefaultListableBeanFactory - Returning cached instance of singleton bean 'metaDataSourceAdvisor'
2020-03-14 21:57:05.302 [main] DEBUG o.s.b.f.s.DefaultListableBeanFactory - Returning cached instance of singleton bean 'org.springframework.transaction.config.internalTransactionAdvisor'
2020-03-14 21:57:05.302 [main] DEBUG o.s.b.f.s.DefaultListableBeanFactory - Finished creating instance of bean '(inner bean)#217fd3c'
2020-03-14 21:57:05.302 [main] DEBUG o.s.b.f.s.DefaultListableBeanFactory - Creating instance of bean '(inner bean)#1736273c'
2020-03-14 21:57:05.302 [main] DEBUG o.s.b.f.s.DefaultListableBeanFactory - Returning cached instance of singleton bean 'metaDataSourceAdvisor'
2020-03-14 21:57:05.302 [main] DEBUG o.s.b.f.s.DefaultListableBeanFactory - Returning cached instance of singleton bean 'org.springframework.transaction.config.internalTransactionAdvisor'
2020-03-14 21:57:05.303 [main] DEBUG o.s.b.f.s.DefaultListableBeanFactory - Returning cached instance of singleton bean 'entityManagerFactory'
2020-03-14 21:57:05.304 [main] DEBUG o.s.b.f.s.DefaultListableBeanFactory - Returning cached instance of singleton bean 'metaDataSourceAdvisor'
2020-03-14 21:57:05.304 [main] DEBUG o.s.b.f.s.DefaultListableBeanFactory - Returning cached instance of singleton bean 'org.springframework.transaction.config.internalTransactionAdvisor'
2020-03-14 21:57:05.304 [main] DEBUG o.s.b.f.s.DefaultListableBeanFactory - Returning cached instance of singleton bean 'metaDataSourceAdvisor'
2020-03-14 21:57:05.304 [main] DEBUG o.s.b.f.s.DefaultListableBeanFactory - Returning cached instance of singleton bean 'org.springframework.transaction.config.internalTransactionAdvisor'
2020-03-14 21:57:05.304 [main] DEBUG o.s.b.f.s.DefaultListableBeanFactory - Finished creating instance of bean '(inner bean)#1736273c'
2020-03-14 21:57:05.304 [main] DEBUG o.s.b.f.s.DefaultListableBeanFactory - Returning cached instance of singleton bean 'jpaMappingContext'
2020-03-14 21:57:05.305 [main] DEBUG o.s.b.f.s.DefaultListableBeanFactory - Invoking afterPropertiesSet() on bean with name 'courseMarketRepository'
2020-03-14 21:57:05.305 [main] DEBUG o.s.o.j.SharedEntityManagerCreator$SharedEntityManagerInvocationHandler - Creating new EntityManager for shared EntityManager invocation
2020-03-14 21:57:05.305 [main] DEBUG o.s.o.jpa.EntityManagerFactoryUtils - Closing JPA EntityManager
2020-03-14 21:57:05.308 [main] DEBUG o.s.o.j.SharedEntityManagerCreator$SharedEntityManagerInvocationHandler - Creating new EntityManager for shared EntityManager invocation
2020-03-14 21:57:05.308 [main] DEBUG o.s.o.jpa.EntityManagerFactoryUtils - Closing JPA EntityManager
2020-03-14 21:57:05.309 [main] DEBUG o.s.aop.framework.JdkDynamicAopProxy - Creating JDK dynamic proxy: target source is org.springframework.data.jpa.repository.support.CrudMethodMetadataPostProcessor$ThreadBoundTargetSource@1b5f960a
2020-03-14 21:57:05.310 [main] DEBUG o.s.o.j.SharedEntityManagerCreator$SharedEntityManagerInvocationHandler - Creating new EntityManager for shared EntityManager invocation
2020-03-14 21:57:05.310 [main] DEBUG o.s.o.jpa.EntityManagerFactoryUtils - Closing JPA EntityManager
2020-03-14 21:57:05.311 [main] DEBUG o.s.aop.framework.JdkDynamicAopProxy - Creating JDK dynamic proxy: target source is SingletonTargetSource for target object [org.springframework.data.jpa.repository.support.SimpleJpaRepository@53ddabc6]
2020-03-14 21:57:05.316 [main] DEBUG o.s.b.f.s.DefaultListableBeanFactory - Returning cached instance of singleton bean 'metaDataSourceAdvisor'
2020-03-14 21:57:05.316 [main] DEBUG o.s.b.f.s.DefaultListableBeanFactory - Returning cached instance of singleton bean 'org.springframework.transaction.config.internalTransactionAdvisor'
2020-03-14 21:57:05.317 [main] DEBUG o.s.b.f.s.DefaultListableBeanFactory - Returning cached instance of singleton bean 'metaDataSourceAdvisor'
2020-03-14 21:57:05.317 [main] DEBUG o.s.b.f.s.DefaultListableBeanFactory - Returning cached instance of singleton bean 'org.springframework.transaction.config.internalTransactionAdvisor'
2020-03-14 21:57:05.318 [main] DEBUG o.s.b.f.s.DefaultListableBeanFactory - Finished creating instance of bean 'courseMarketRepository'
2020-03-14 21:57:05.319 [main] DEBUG o.s.b.f.s.DefaultListableBeanFactory - Returning cached instance of singleton bean 'metaDataSourceAdvisor'
2020-03-14 21:57:05.319 [main] DEBUG o.s.b.f.s.DefaultListableBeanFactory - Returning cached instance of singleton bean 'org.springframework.transaction.config.internalTransactionAdvisor'
2020-03-14 21:57:05.319 [main] DEBUG o.s.b.f.s.DefaultListableBeanFactory - Returning cached instance of singleton bean 'metaDataSourceAdvisor'
2020-03-14 21:57:05.319 [main] DEBUG o.s.b.f.s.DefaultListableBeanFactory - Returning cached instance of singleton bean 'org.springframework.transaction.config.internalTransactionAdvisor'
2020-03-14 21:57:05.349 [main] DEBUG o.s.b.f.a.AutowiredAnnotationBeanPostProcessor - Autowiring by type from bean name 'courseService' to bean named 'courseMarketRepository'
2020-03-14 21:57:05.349 [main] DEBUG o.s.b.f.annotation.InjectionMetadata - Processing injected element of bean 'courseService': AutowiredFieldElement for com.ningmeng.manage_course.dao.CourseMarketMapper com.ningmeng.manage_course.service.CourseService.courseMarketMapper
2020-03-14 21:57:05.349 [main] DEBUG o.s.core.annotation.AnnotationUtils - Failed to meta-introspect annotation interface org.springframework.beans.factory.annotation.Autowired: java.lang.NullPointerException
2020-03-14 21:57:05.353 [main] DEBUG o.s.b.f.s.DefaultListableBeanFactory - Creating shared instance of singleton bean 'courseMarketMapper'
2020-03-14 21:57:05.353 [main] DEBUG o.s.b.f.s.DefaultListableBeanFactory - Creating instance of bean 'courseMarketMapper'
2020-03-14 21:57:05.353 [main] DEBUG o.s.b.f.s.DefaultListableBeanFactory - Returning cached instance of singleton bean 'metaDataSourceAdvisor'
2020-03-14 21:57:05.353 [main] DEBUG o.s.b.f.s.DefaultListableBeanFactory - Returning cached instance of singleton bean 'org.springframework.transaction.config.internalTransactionAdvisor'
2020-03-14 21:57:05.353 [main] DEBUG o.s.b.f.s.DefaultListableBeanFactory - Eagerly caching bean 'courseMarketMapper' to allow for resolving potential circular references
2020-03-14 21:57:05.354 [main] DEBUG o.s.b.f.s.DefaultListableBeanFactory - Returning cached instance of singleton bean 'sqlSessionFactory'
2020-03-14 21:57:05.354 [main] DEBUG o.s.b.f.s.DefaultListableBeanFactory - Autowiring by type from bean name 'courseMarketMapper' via property 'sqlSessionFactory' to bean named 'sqlSessionFactory'
2020-03-14 21:57:05.354 [main] DEBUG o.s.b.f.s.DefaultListableBeanFactory - Returning cached instance of singleton bean 'sqlSessionTemplate'
2020-03-14 21:57:05.354 [main] DEBUG o.s.b.f.s.DefaultListableBeanFactory - Autowiring by type from bean name 'courseMarketMapper' via property 'sqlSessionTemplate' to bean named 'sqlSessionTemplate'
2020-03-14 21:57:05.354 [main] DEBUG o.s.b.f.s.DefaultListableBeanFactory - Invoking afterPropertiesSet() on bean with name 'courseMarketMapper'
2020-03-14 21:57:05.377 [main] DEBUG o.s.b.f.s.DefaultListableBeanFactory - Returning cached instance of singleton bean 'metaDataSourceAdvisor'
2020-03-14 21:57:05.377 [main] DEBUG o.s.b.f.s.DefaultListableBeanFactory - Returning cached instance of singleton bean 'org.springframework.transaction.config.internalTransactionAdvisor'
2020-03-14 21:57:05.377 [main] DEBUG o.s.b.f.s.DefaultListableBeanFactory - Returning cached instance of singleton bean 'metaDataSourceAdvisor'
2020-03-14 21:57:05.377 [main] DEBUG o.s.b.f.s.DefaultListableBeanFactory - Returning cached instance of singleton bean 'org.springframework.transaction.config.internalTransactionAdvisor'
2020-03-14 21:57:05.378 [main] DEBUG o.s.b.f.s.DefaultListableBeanFactory - Finished creating instance of bean 'courseMarketMapper'
2020-03-14 21:57:05.379 [main] DEBUG o.s.b.f.s.DefaultListableBeanFactory - Returning cached instance of singleton bean 'metaDataSourceAdvisor'
2020-03-14 21:57:05.379 [main] DEBUG o.s.b.f.s.DefaultListableBeanFactory - Returning cached instance of singleton bean 'org.springframework.transaction.config.internalTransactionAdvisor'
2020-03-14 21:57:05.380 [main] DEBUG o.s.b.f.s.DefaultListableBeanFactory - Returning cached instance of singleton bean 'metaDataSourceAdvisor'
2020-03-14 21:57:05.380 [main] DEBUG o.s.b.f.s.DefaultListableBeanFactory - Returning cached instance of singleton bean 'org.springframework.transaction.config.internalTransactionAdvisor'
2020-03-14 21:57:05.381 [main] DEBUG o.s.b.f.a.AutowiredAnnotationBeanPostProcessor - Autowiring by type from bean name 'courseService' to bean named 'courseMarketMapper'
2020-03-14 21:57:05.381 [main] DEBUG o.s.b.f.annotation.InjectionMetadata - Processing injected element of bean 'courseService': AutowiredFieldElement for com.ningmeng.manage_course.dao.CategoryMapper com.ningmeng.manage_course.service.CourseService.categoryMapper
2020-03-14 21:57:05.381 [main] DEBUG o.s.core.annotation.AnnotationUtils - Failed to meta-introspect annotation interface org.springframework.beans.factory.annotation.Autowired: java.lang.NullPointerException
2020-03-14 21:57:05.389 [main] DEBUG o.s.b.f.s.DefaultListableBeanFactory - Creating shared instance of singleton bean 'categoryMapper'
2020-03-14 21:57:05.389 [main] DEBUG o.s.b.f.s.DefaultListableBeanFactory - Creating instance of bean 'categoryMapper'
2020-03-14 21:57:05.390 [main] DEBUG o.s.b.f.s.DefaultListableBeanFactory - Returning cached instance of singleton bean 'metaDataSourceAdvisor'
2020-03-14 21:57:05.390 [main] DEBUG o.s.b.f.s.DefaultListableBeanFactory - Returning cached instance of singleton bean 'org.springframework.transaction.config.internalTransactionAdvisor'
2020-03-14 21:57:05.390 [main] DEBUG o.s.b.f.s.DefaultListableBeanFactory - Eagerly caching bean 'categoryMapper' to allow for resolving potential circular references
2020-03-14 21:57:05.391 [main] DEBUG o.s.b.f.s.DefaultListableBeanFactory - Returning cached instance of singleton bean 'sqlSessionFactory'
2020-03-14 21:57:05.393 [main] DEBUG o.s.b.f.s.DefaultListableBeanFactory - Autowiring by type from bean name 'categoryMapper' via property 'sqlSessionFactory' to bean named 'sqlSessionFactory'
2020-03-14 21:57:05.394 [main] DEBUG o.s.b.f.s.DefaultListableBeanFactory - Returning cached instance of singleton bean 'sqlSessionTemplate'
2020-03-14 21:57:05.395 [main] DEBUG o.s.b.f.s.DefaultListableBeanFactory - Autowiring by type from bean name 'categoryMapper' via property 'sqlSessionTemplate' to bean named 'sqlSessionTemplate'
2020-03-14 21:57:05.398 [main] DEBUG o.s.b.f.s.DefaultListableBeanFactory - Invoking afterPropertiesSet() on bean with name 'categoryMapper'
2020-03-14 21:57:05.445 [main] DEBUG o.s.b.f.s.DefaultListableBeanFactory - Returning cached instance of singleton bean 'metaDataSourceAdvisor'
2020-03-14 21:57:05.446 [main] DEBUG o.s.b.f.s.DefaultListableBeanFactory - Returning cached instance of singleton bean 'org.springframework.transaction.config.internalTransactionAdvisor'
2020-03-14 21:57:05.446 [main] DEBUG o.s.b.f.s.DefaultListableBeanFactory - Returning cached instance of singleton bean 'metaDataSourceAdvisor'
2020-03-14 21:57:05.446 [main] DEBUG o.s.b.f.s.DefaultListableBeanFactory - Returning cached instance of singleton bean 'org.springframework.transaction.config.internalTransactionAdvisor'
2020-03-14 21:57:05.446 [main] DEBUG o.s.b.f.s.DefaultListableBeanFactory - Finished creating instance of bean 'categoryMapper'
2020-03-14 21:57:05.447 [main] DEBUG o.s.b.f.s.DefaultListableBeanFactory - Returning cached instance of singleton bean 'metaDataSourceAdvisor'
2020-03-14 21:57:05.448 [main] DEBUG o.s.b.f.s.DefaultListableBeanFactory - Returning cached instance of singleton bean 'org.springframework.transaction.config.internalTransactionAdvisor'
2020-03-14 21:57:05.448 [main] DEBUG o.s.b.f.s.DefaultListableBeanFactory - Returning cached instance of singleton bean 'metaDataSourceAdvisor'
2020-03-14 21:57:05.448 [main] DEBUG o.s.b.f.s.DefaultListableBeanFactory - Returning cached instance of singleton bean 'org.springframework.transaction.config.internalTransactionAdvisor'
2020-03-14 21:57:05.448 [main] DEBUG o.s.b.f.a.AutowiredAnnotationBeanPostProcessor - Autowiring by type from bean name 'courseService' to bean named 'categoryMapper'
2020-03-14 21:57:05.448 [main] DEBUG o.s.b.f.annotation.InjectionMetadata - Processing injected element of bean 'courseService': AutowiredFieldElement for com.ningmeng.manage_course.dao.CoursePicRepository com.ningmeng.manage_course.service.CourseService.coursePicRepository
2020-03-14 21:57:05.449 [main] DEBUG o.s.core.annotation.AnnotationUtils - Failed to meta-introspect annotation interface org.springframework.beans.factory.annotation.Autowired: java.lang.NullPointerException
2020-03-14 21:57:05.453 [main] DEBUG o.s.b.f.s.DefaultListableBeanFactory - Creating shared instance of singleton bean 'coursePicRepository'
2020-03-14 21:57:05.453 [main] DEBUG o.s.b.f.s.DefaultListableBeanFactory - Creating instance of bean 'coursePicRepository'
2020-03-14 21:57:05.453 [main] DEBUG o.s.b.f.s.DefaultListableBeanFactory - Returning cached instance of singleton bean 'metaDataSourceAdvisor'
2020-03-14 21:57:05.454 [main] DEBUG o.s.b.f.s.DefaultListableBeanFactory - Returning cached instance of singleton bean 'org.springframework.transaction.config.internalTransactionAdvisor'
2020-03-14 21:57:05.454 [main] DEBUG o.s.b.f.annotation.InjectionMetadata - Registered injected element on class [org.springframework.data.jpa.repository.support.JpaRepositoryFactoryBean]: PersistenceElement for public void org.springframework.data.jpa.repository.support.JpaRepositoryFactoryBean.setEntityManager(javax.persistence.EntityManager)
2020-03-14 21:57:05.455 [main] DEBUG o.s.b.f.s.DefaultListableBeanFactory - Eagerly caching bean 'coursePicRepository' to allow for resolving potential circular references
2020-03-14 21:57:05.455 [main] DEBUG o.s.b.f.annotation.InjectionMetadata - Processing injected element of bean 'coursePicRepository': PersistenceElement for public void org.springframework.data.jpa.repository.support.JpaRepositoryFactoryBean.setEntityManager(javax.persistence.EntityManager)
2020-03-14 21:57:05.457 [main] DEBUG o.s.b.f.s.DefaultListableBeanFactory - Creating instance of bean '(inner bean)#4790b897'
2020-03-14 21:57:05.457 [main] DEBUG o.s.b.f.s.DefaultListableBeanFactory - Returning cached instance of singleton bean 'metaDataSourceAdvisor'
2020-03-14 21:57:05.457 [main] DEBUG o.s.b.f.s.DefaultListableBeanFactory - Returning cached instance of singleton bean 'org.springframework.transaction.config.internalTransactionAdvisor'
2020-03-14 21:57:05.460 [main] DEBUG o.s.b.f.s.DefaultListableBeanFactory - Creating instance of bean '(inner bean)#5cba890e'
2020-03-14 21:57:05.461 [main] DEBUG o.s.b.f.s.DefaultListableBeanFactory - Returning cached instance of singleton bean 'metaDataSourceAdvisor'
2020-03-14 21:57:05.462 [main] DEBUG o.s.b.f.s.DefaultListableBeanFactory - Returning cached instance of singleton bean 'org.springframework.transaction.config.internalTransactionAdvisor'
2020-03-14 21:57:05.465 [main] DEBUG o.s.c.i.s.PathMatchingResourcePatternResolver - Resolved classpath location [META-INF/jpa-named-queries.properties] to resources []
2020-03-14 21:57:05.465 [main] DEBUG o.s.b.f.s.DefaultListableBeanFactory - Invoking afterPropertiesSet() on bean with name '(inner bean)#5cba890e'
2020-03-14 21:57:05.465 [main] DEBUG o.s.b.f.s.DefaultListableBeanFactory - Returning cached instance of singleton bean 'metaDataSourceAdvisor'
2020-03-14 21:57:05.465 [main] DEBUG o.s.b.f.s.DefaultListableBeanFactory - Returning cached instance of singleton bean 'org.springframework.transaction.config.internalTransactionAdvisor'
2020-03-14 21:57:05.465 [main] DEBUG o.s.b.f.s.DefaultListableBeanFactory - Returning cached instance of singleton bean 'metaDataSourceAdvisor'
2020-03-14 21:57:05.466 [main] DEBUG o.s.b.f.s.DefaultListableBeanFactory - Returning cached instance of singleton bean 'org.springframework.transaction.config.internalTransactionAdvisor'
2020-03-14 21:57:05.466 [main] DEBUG o.s.b.f.s.DefaultListableBeanFactory - Finished creating instance of bean '(inner bean)#5cba890e'
2020-03-14 21:57:05.466 [main] DEBUG o.s.b.f.s.DefaultListableBeanFactory - Returning cached instance of singleton bean 'metaDataSourceAdvisor'
2020-03-14 21:57:05.466 [main] DEBUG o.s.b.f.s.DefaultListableBeanFactory - Returning cached instance of singleton bean 'org.springframework.transaction.config.internalTransactionAdvisor'
2020-03-14 21:57:05.466 [main] DEBUG o.s.b.f.s.DefaultListableBeanFactory - Returning cached instance of singleton bean 'metaDataSourceAdvisor'
2020-03-14 21:57:05.466 [main] DEBUG o.s.b.f.s.DefaultListableBeanFactory - Returning cached instance of singleton bean 'org.springframework.transaction.config.internalTransactionAdvisor'
2020-03-14 21:57:05.468 [main] DEBUG o.s.b.f.s.DefaultListableBeanFactory - Returning cached instance of singleton bean 'metaDataSourceAdvisor'
2020-03-14 21:57:05.469 [main] DEBUG o.s.b.f.s.DefaultListableBeanFactory - Returning cached instance of singleton bean 'org.springframework.transaction.config.internalTransactionAdvisor'
2020-03-14 21:57:05.469 [main] DEBUG o.s.b.f.s.DefaultListableBeanFactory - Returning cached instance of singleton bean 'metaDataSourceAdvisor'
2020-03-14 21:57:05.469 [main] DEBUG o.s.b.f.s.DefaultListableBeanFactory - Returning cached instance of singleton bean 'org.springframework.transaction.config.internalTransactionAdvisor'
2020-03-14 21:57:05.469 [main] DEBUG o.s.b.f.s.DefaultListableBeanFactory - Finished creating instance of bean '(inner bean)#4790b897'
2020-03-14 21:57:05.470 [main] DEBUG o.s.b.f.s.DefaultListableBeanFactory - Creating instance of bean '(inner bean)#79b4cff'
2020-03-14 21:57:05.470 [main] DEBUG o.s.b.f.s.DefaultListableBeanFactory - Returning cached instance of singleton bean 'metaDataSourceAdvisor'
2020-03-14 21:57:05.470 [main] DEBUG o.s.b.f.s.DefaultListableBeanFactory - Returning cached instance of singleton bean 'org.springframework.transaction.config.internalTransactionAdvisor'
2020-03-14 21:57:05.471 [main] DEBUG o.s.b.f.s.DefaultListableBeanFactory - Invoking afterPropertiesSet() on bean with name '(inner bean)#79b4cff'
2020-03-14 21:57:05.471 [main] DEBUG o.s.b.f.s.DefaultListableBeanFactory - Returning cached instance of singleton bean 'metaDataSourceAdvisor'
2020-03-14 21:57:05.471 [main] DEBUG o.s.b.f.s.DefaultListableBeanFactory - Returning cached instance of singleton bean 'org.springframework.transaction.config.internalTransactionAdvisor'
2020-03-14 21:57:05.472 [main] DEBUG o.s.b.f.s.DefaultListableBeanFactory - Returning cached instance of singleton bean 'metaDataSourceAdvisor'
2020-03-14 21:57:05.472 [main] DEBUG o.s.b.f.s.DefaultListableBeanFactory - Returning cached instance of singleton bean 'org.springframework.transaction.config.internalTransactionAdvisor'
2020-03-14 21:57:05.472 [main] DEBUG o.s.b.f.s.DefaultListableBeanFactory - Finished creating instance of bean '(inner bean)#79b4cff'
2020-03-14 21:57:05.472 [main] DEBUG o.s.b.f.s.DefaultListableBeanFactory - Returning cached instance of singleton bean 'metaDataSourceAdvisor'
2020-03-14 21:57:05.472 [main] DEBUG o.s.b.f.s.DefaultListableBeanFactory - Returning cached instance of singleton bean 'org.springframework.transaction.config.internalTransactionAdvisor'
2020-03-14 21:57:05.473 [main] DEBUG o.s.b.f.s.DefaultListableBeanFactory - Returning cached instance of singleton bean 'metaDataSourceAdvisor'
2020-03-14 21:57:05.473 [main] DEBUG o.s.b.f.s.DefaultListableBeanFactory - Returning cached instance of singleton bean 'org.springframework.transaction.config.internalTransactionAdvisor'
2020-03-14 21:57:05.473 [main] DEBUG o.s.b.f.s.DefaultListableBeanFactory - Creating instance of bean '(inner bean)#28a3fc34'
2020-03-14 21:57:05.473 [main] DEBUG o.s.b.f.s.DefaultListableBeanFactory - Returning cached instance of singleton bean 'metaDataSourceAdvisor'
2020-03-14 21:57:05.473 [main] DEBUG o.s.b.f.s.DefaultListableBeanFactory - Returning cached instance of singleton bean 'org.springframework.transaction.config.internalTransactionAdvisor'
2020-03-14 21:57:05.474 [main] DEBUG o.s.b.f.s.DefaultListableBeanFactory - Returning cached instance of singleton bean 'metaDataSourceAdvisor'
2020-03-14 21:57:05.474 [main] DEBUG o.s.b.f.s.DefaultListableBeanFactory - Returning cached instance of singleton bean 'org.springframework.transaction.config.internalTransactionAdvisor'
2020-03-14 21:57:05.474 [main] DEBUG o.s.b.f.s.DefaultListableBeanFactory - Returning cached instance of singleton bean 'metaDataSourceAdvisor'
2020-03-14 21:57:05.474 [main] DEBUG o.s.b.f.s.DefaultListableBeanFactory - Returning cached instance of singleton bean 'org.springframework.transaction.config.internalTransactionAdvisor'
2020-03-14 21:57:05.475 [main] DEBUG o.s.b.f.s.DefaultListableBeanFactory - Finished creating instance of bean '(inner bean)#28a3fc34'
2020-03-14 21:57:05.476 [main] DEBUG o.s.b.f.s.DefaultListableBeanFactory - Creating instance of bean '(inner bean)#4dd752e8'
2020-03-14 21:57:05.476 [main] DEBUG o.s.b.f.s.DefaultListableBeanFactory - Returning cached instance of singleton bean 'metaDataSourceAdvisor'
2020-03-14 21:57:05.476 [main] DEBUG o.s.b.f.s.DefaultListableBeanFactory - Returning cached instance of singleton bean 'org.springframework.transaction.config.internalTransactionAdvisor'
2020-03-14 21:57:05.476 [main] DEBUG o.s.b.f.s.DefaultListableBeanFactory - Returning cached instance of singleton bean 'entityManagerFactory'
2020-03-14 21:57:05.479 [main] DEBUG o.s.b.f.s.DefaultListableBeanFactory - Returning cached instance of singleton bean 'metaDataSourceAdvisor'
2020-03-14 21:57:05.479 [main] DEBUG o.s.b.f.s.DefaultListableBeanFactory - Returning cached instance of singleton bean 'org.springframework.transaction.config.internalTransactionAdvisor'
2020-03-14 21:57:05.479 [main] DEBUG o.s.b.f.s.DefaultListableBeanFactory - Returning cached instance of singleton bean 'metaDataSourceAdvisor'
2020-03-14 21:57:05.479 [main] DEBUG o.s.b.f.s.DefaultListableBeanFactory - Returning cached instance of singleton bean 'org.springframework.transaction.config.internalTransactionAdvisor'
2020-03-14 21:57:05.480 [main] DEBUG o.s.b.f.s.DefaultListableBeanFactory - Finished creating instance of bean '(inner bean)#4dd752e8'
2020-03-14 21:57:05.480 [main] DEBUG o.s.b.f.s.DefaultListableBeanFactory - Returning cached instance of singleton bean 'jpaMappingContext'
2020-03-14 21:57:05.481 [main] DEBUG o.s.b.f.s.DefaultListableBeanFactory - Invoking afterPropertiesSet() on bean with name 'coursePicRepository'
2020-03-14 21:57:05.481 [main] DEBUG o.s.o.j.SharedEntityManagerCreator$SharedEntityManagerInvocationHandler - Creating new EntityManager for shared EntityManager invocation
2020-03-14 21:57:05.486 [main] DEBUG o.s.o.jpa.EntityManagerFactoryUtils - Closing JPA EntityManager
2020-03-14 21:57:05.490 [main] DEBUG o.s.o.j.SharedEntityManagerCreator$SharedEntityManagerInvocationHandler - Creating new EntityManager for shared EntityManager invocation
2020-03-14 21:57:05.490 [main] DEBUG o.s.o.jpa.EntityManagerFactoryUtils - Closing JPA EntityManager
2020-03-14 21:57:05.491 [main] DEBUG o.s.aop.framework.JdkDynamicAopProxy - Creating JDK dynamic proxy: target source is org.springframework.data.jpa.repository.support.CrudMethodMetadataPostProcessor$ThreadBoundTargetSource@5d94ac8a
2020-03-14 21:57:05.507 [main] DEBUG o.s.o.j.SharedEntityManagerCreator$SharedEntityManagerInvocationHandler - Creating new EntityManager for shared EntityManager invocation
2020-03-14 21:57:05.508 [main] DEBUG o.s.o.jpa.EntityManagerFactoryUtils - Closing JPA EntityManager
2020-03-14 21:57:05.511 [main] DEBUG o.s.d.j.r.query.JpaQueryFactory - Looking up query for method deleteByCourseid
2020-03-14 21:57:05.511 [main] DEBUG o.s.d.j.repository.query.NamedQuery - Looking up named query CoursePic.deleteByCourseid
2020-03-14 21:57:05.512 [main] DEBUG o.s.d.j.repository.query.NamedQuery - Did not find named query CoursePic.deleteByCourseid
2020-03-14 21:57:05.512 [main] DEBUG o.s.o.j.SharedEntityManagerCreator$SharedEntityManagerInvocationHandler - Creating new EntityManager for shared EntityManager invocation
2020-03-14 21:57:05.513 [main] DEBUG o.s.o.jpa.EntityManagerFactoryUtils - Closing JPA EntityManager
2020-03-14 21:57:05.514 [main] DEBUG o.s.aop.framework.JdkDynamicAopProxy - Creating JDK dynamic proxy: target source is SingletonTargetSource for target object [org.springframework.data.jpa.repository.support.SimpleJpaRepository@2bc8caa7]
2020-03-14 21:57:05.526 [main] DEBUG o.s.b.f.s.DefaultListableBeanFactory - Returning cached instance of singleton bean 'metaDataSourceAdvisor'
2020-03-14 21:57:05.526 [main] DEBUG o.s.b.f.s.DefaultListableBeanFactory - Returning cached instance of singleton bean 'org.springframework.transaction.config.internalTransactionAdvisor'
2020-03-14 21:57:05.527 [main] DEBUG o.s.b.f.s.DefaultListableBeanFactory - Returning cached instance of singleton bean 'metaDataSourceAdvisor'
2020-03-14 21:57:05.527 [main] DEBUG o.s.b.f.s.DefaultListableBeanFactory - Returning cached instance of singleton bean 'org.springframework.transaction.config.internalTransactionAdvisor'
2020-03-14 21:57:05.529 [main] DEBUG o.s.b.f.s.DefaultListableBeanFactory - Finished creating instance of bean 'coursePicRepository'
2020-03-14 21:57:05.529 [main] DEBUG o.s.b.f.s.DefaultListableBeanFactory - Returning cached instance of singleton bean 'metaDataSourceAdvisor'
2020-03-14 21:57:05.529 [main] DEBUG o.s.b.f.s.DefaultListableBeanFactory - Returning cached instance of singleton bean 'org.springframework.transaction.config.internalTransactionAdvisor'
2020-03-14 21:57:05.530 [main] DEBUG o.s.b.f.s.DefaultListableBeanFactory - Returning cached instance of singleton bean 'metaDataSourceAdvisor'
2020-03-14 21:57:05.530 [main] DEBUG o.s.b.f.s.DefaultListableBeanFactory - Returning cached instance of singleton bean 'org.springframework.transaction.config.internalTransactionAdvisor'
2020-03-14 21:57:05.555 [main] DEBUG o.s.b.f.a.AutowiredAnnotationBeanPostProcessor - Autowiring by type from bean name 'courseService' to bean named 'coursePicRepository'
2020-03-14 21:57:05.555 [main] DEBUG o.s.b.f.annotation.InjectionMetadata - Processing injected element of bean 'courseService': AutowiredFieldElement for com.ningmeng.manage_course.client.CmsPageClient com.ningmeng.manage_course.service.CourseService.cmsPageClient
2020-03-14 21:57:05.555 [main] DEBUG o.s.core.annotation.AnnotationUtils - Failed to meta-introspect annotation interface org.springframework.beans.factory.annotation.Autowired: java.lang.NullPointerException
2020-03-14 21:57:05.559 [main] DEBUG o.s.b.f.s.DefaultListableBeanFactory - Returning cached instance of singleton bean 'com.ningmeng.manage_course.client.CmsPageClient'
2020-03-14 21:57:05.564 [main] DEBUG o.s.b.f.s.DefaultListableBeanFactory - Creating shared instance of singleton bean 'feignContext'
2020-03-14 21:57:05.565 [main] DEBUG o.s.b.f.s.DefaultListableBeanFactory - Creating instance of bean 'feignContext'
2020-03-14 21:57:05.568 [main] DEBUG o.s.b.f.s.DefaultListableBeanFactory - Returning cached instance of singleton bean 'metaDataSourceAdvisor'
2020-03-14 21:57:05.568 [main] DEBUG o.s.b.f.s.DefaultListableBeanFactory - Returning cached instance of singleton bean 'org.springframework.transaction.config.internalTransactionAdvisor'
2020-03-14 21:57:05.569 [main] DEBUG o.s.b.f.s.DefaultListableBeanFactory - Creating shared instance of singleton bean 'org.springframework.cloud.openfeign.FeignAutoConfiguration'
2020-03-14 21:57:05.569 [main] DEBUG o.s.b.f.s.DefaultListableBeanFactory - Creating instance of bean 'org.springframework.cloud.openfeign.FeignAutoConfiguration'
2020-03-14 21:57:05.570 [main] DEBUG o.s.b.f.s.DefaultListableBeanFactory - Returning cached instance of singleton bean 'metaDataSourceAdvisor'
2020-03-14 21:57:05.570 [main] DEBUG o.s.b.f.s.DefaultListableBeanFactory - Returning cached instance of singleton bean 'org.springframework.transaction.config.internalTransactionAdvisor'
2020-03-14 21:57:05.573 [main] DEBUG o.s.b.f.annotation.InjectionMetadata - Registered injected element on class [org.springframework.cloud.openfeign.FeignAutoConfiguration$$EnhancerBySpringCGLIB$$a98df8bb]: AutowiredFieldElement for private java.util.List org.springframework.cloud.openfeign.FeignAutoConfiguration.configurations
2020-03-14 21:57:05.573 [main] DEBUG o.s.b.f.s.DefaultListableBeanFactory - Eagerly caching bean 'org.springframework.cloud.openfeign.FeignAutoConfiguration' to allow for resolving potential circular references
2020-03-14 21:57:05.594 [main] DEBUG o.s.b.f.annotation.InjectionMetadata - Processing injected element of bean 'org.springframework.cloud.openfeign.FeignAutoConfiguration': AutowiredFieldElement for private java.util.List org.springframework.cloud.openfeign.FeignAutoConfiguration.configurations
2020-03-14 21:57:05.598 [main] DEBUG o.s.core.annotation.AnnotationUtils - Failed to meta-introspect annotation interface org.springframework.beans.factory.annotation.Autowired: java.lang.NullPointerException
2020-03-14 21:57:05.611 [main] DEBUG o.s.b.f.s.DefaultListableBeanFactory - Creating shared instance of singleton bean 'default.com.ningmeng.manage_course.ManageCourseApplication.FeignClientSpecification'
2020-03-14 21:57:05.611 [main] DEBUG o.s.b.f.s.DefaultListableBeanFactory - Creating instance of bean 'default.com.ningmeng.manage_course.ManageCourseApplication.FeignClientSpecification'
2020-03-14 21:57:05.613 [main] DEBUG o.s.b.f.s.DefaultListableBeanFactory - Returning cached instance of singleton bean 'metaDataSourceAdvisor'
2020-03-14 21:57:05.614 [main] DEBUG o.s.b.f.s.DefaultListableBeanFactory - Returning cached instance of singleton bean 'org.springframework.transaction.config.internalTransactionAdvisor'
2020-03-14 21:57:05.619 [main] DEBUG o.s.b.f.s.DefaultListableBeanFactory - Eagerly caching bean 'default.com.ningmeng.manage_course.ManageCourseApplication.FeignClientSpecification' to allow for resolving potential circular references
2020-03-14 21:57:05.628 [main] DEBUG o.s.b.f.s.DefaultListableBeanFactory - Returning cached instance of singleton bean 'metaDataSourceAdvisor'
2020-03-14 21:57:05.628 [main] DEBUG o.s.b.f.s.DefaultListableBeanFactory - Returning cached instance of singleton bean 'org.springframework.transaction.config.internalTransactionAdvisor'
2020-03-14 21:57:05.628 [main] DEBUG o.s.b.f.s.DefaultListableBeanFactory - Returning cached instance of singleton bean 'metaDataSourceAdvisor'
2020-03-14 21:57:05.628 [main] DEBUG o.s.b.f.s.DefaultListableBeanFactory - Returning cached instance of singleton bean 'org.springframework.transaction.config.internalTransactionAdvisor'
2020-03-14 21:57:05.630 [main] DEBUG o.s.b.f.s.DefaultListableBeanFactory - Finished creating instance of bean 'default.com.ningmeng.manage_course.ManageCourseApplication.FeignClientSpecification'
2020-03-14 21:57:05.630 [main] DEBUG o.s.b.f.s.DefaultListableBeanFactory - Creating shared instance of singleton bean 'nm-service-manage-cms.FeignClientSpecification'
2020-03-14 21:57:05.631 [main] DEBUG o.s.b.f.s.DefaultListableBeanFactory - Creating instance of bean 'nm-service-manage-cms.FeignClientSpecification'
2020-03-14 21:57:05.631 [main] DEBUG o.s.b.f.s.DefaultListableBeanFactory - Returning cached instance of singleton bean 'metaDataSourceAdvisor'
2020-03-14 21:57:05.631 [main] DEBUG o.s.b.f.s.DefaultListableBeanFactory - Returning cached instance of singleton bean 'org.springframework.transaction.config.internalTransactionAdvisor'
2020-03-14 21:57:05.632 [main] DEBUG o.s.b.f.s.DefaultListableBeanFactory - Eagerly caching bean 'nm-service-manage-cms.FeignClientSpecification' to allow for resolving potential circular references
2020-03-14 21:57:05.633 [main] DEBUG o.s.b.f.s.DefaultListableBeanFactory - Returning cached instance of singleton bean 'metaDataSourceAdvisor'
2020-03-14 21:57:05.633 [main] DEBUG o.s.b.f.s.DefaultListableBeanFactory - Returning cached instance of singleton bean 'org.springframework.transaction.config.internalTransactionAdvisor'
2020-03-14 21:57:05.633 [main] DEBUG o.s.b.f.s.DefaultListableBeanFactory - Returning cached instance of singleton bean 'metaDataSourceAdvisor'
2020-03-14 21:57:05.633 [main] DEBUG o.s.b.f.s.DefaultListableBeanFactory - Returning cached instance of singleton bean 'org.springframework.transaction.config.internalTransactionAdvisor'
2020-03-14 21:57:05.633 [main] DEBUG o.s.b.f.s.DefaultListableBeanFactory - Finished creating instance of bean 'nm-service-manage-cms.FeignClientSpecification'
2020-03-14 21:57:05.634 [main] DEBUG o.s.b.f.a.AutowiredAnnotationBeanPostProcessor - Autowiring by type from bean name 'org.springframework.cloud.openfeign.FeignAutoConfiguration' to bean named 'default.com.ningmeng.manage_course.ManageCourseApplication.FeignClientSpecification'
2020-03-14 21:57:05.634 [main] DEBUG o.s.b.f.a.AutowiredAnnotationBeanPostProcessor - Autowiring by type from bean name 'org.springframework.cloud.openfeign.FeignAutoConfiguration' to bean named 'nm-service-manage-cms.FeignClientSpecification'
2020-03-14 21:57:05.634 [main] DEBUG o.s.b.f.s.DefaultListableBeanFactory - Returning cached instance of singleton bean 'metaDataSourceAdvisor'
2020-03-14 21:57:05.635 [main] DEBUG o.s.b.f.s.DefaultListableBeanFactory - Returning cached instance of singleton bean 'org.springframework.transaction.config.internalTransactionAdvisor'
2020-03-14 21:57:05.635 [main] DEBUG o.s.b.f.s.DefaultListableBeanFactory - Returning cached instance of singleton bean 'metaDataSourceAdvisor'
2020-03-14 21:57:05.635 [main] DEBUG o.s.b.f.s.DefaultListableBeanFactory - Returning cached instance of singleton bean 'org.springframework.transaction.config.internalTransactionAdvisor'
2020-03-14 21:57:05.636 [main] DEBUG o.s.b.f.s.DefaultListableBeanFactory - Finished creating instance of bean 'org.springframework.cloud.openfeign.FeignAutoConfiguration'
2020-03-14 21:57:05.643 [main] DEBUG o.s.b.f.s.DefaultListableBeanFactory - Eagerly caching bean 'feignContext' to allow for resolving potential circular references
2020-03-14 21:57:05.658 [main] DEBUG o.s.b.f.s.DefaultListableBeanFactory - Returning cached instance of singleton bean 'metaDataSourceAdvisor'
2020-03-14 21:57:05.658 [main] DEBUG o.s.b.f.s.DefaultListableBeanFactory - Returning cached instance of singleton bean 'org.springframework.transaction.config.internalTransactionAdvisor'
2020-03-14 21:57:05.658 [main] DEBUG o.s.b.f.s.DefaultListableBeanFactory - Returning cached instance of singleton bean 'metaDataSourceAdvisor'
2020-03-14 21:57:05.658 [main] DEBUG o.s.b.f.s.DefaultListableBeanFactory - Returning cached instance of singleton bean 'org.springframework.transaction.config.internalTransactionAdvisor'
2020-03-14 21:57:05.659 [main] DEBUG o.s.b.f.s.DefaultListableBeanFactory - Finished creating instance of bean 'feignContext'
2020-03-14 21:57:05.665 [main] DEBUG o.s.core.env.StandardEnvironment - Adding PropertySource 'systemProperties' with lowest search precedence
2020-03-14 21:57:05.665 [main] DEBUG o.s.core.env.StandardEnvironment - Adding PropertySource 'systemEnvironment' with lowest search precedence
2020-03-14 21:57:05.666 [main] DEBUG o.s.core.env.StandardEnvironment - Initialized StandardEnvironment with PropertySources [MapPropertySource@2126503962 {name='systemProperties', properties={idea.version=2017.1.2, java.runtime.name=Java(TM) SE Runtime Environment, sun.boot.library.path=C:\Program Files\Java\jdk1.8.0_91\jre\bin, java.vm.version=25.91-b14, java.vm.vendor=Oracle Corporation, java.vendor.url=http://java.oracle.com/, path.separator=;, java.vm.name=Java HotSpot(TM) 64-Bit Server VM, file.encoding.pkg=sun.io, user.country=CN, user.script=, sun.java.launcher=SUN_STANDARD, sun.os.patch.level=, PID=10228, java.vm.specification.name=Java Virtual Machine Specification, user.dir=E:\1704A\hdServiceCode\nm-service-manage-course, java.runtime.version=1.8.0_91-b14, basedir=E:\1704A\hdServiceCode\nm-service-manage-course, java.awt.graphicsenv=sun.awt.Win32GraphicsEnvironment, java.endorsed.dirs=C:\Program Files\Java\jdk1.8.0_91\jre\lib\endorsed, os.arch=amd64, surefire.real.class.path=C:\Users\wangb\AppData\Local\Temp\surefire5324342515423551962\surefirebooter5243460830507094447.jar, java.io.tmpdir=C:\Users\wangb\AppData\Local\Temp\, line.separator=
, java.vm.specification.vendor=Oracle Corporation, user.variant=, os.name=Windows 10, sun.jnu.encoding=GBK, spring.beaninfo.ignore=true, java.library.path=C:\Program Files\Java\jdk1.8.0_91\jre\bin;C:\WINDOWS\Sun\Java\bin;C:\WINDOWS\system32;C:\WINDOWS;E:\app\wangb\product\11.2.0\dbhome_1\bin;E:\maven\apache-maven-3.6.1\bin;C:\Program Files\Java\jdk1.8.0_91\bin;C:\Program Files (x86)\Intel\iCLS Client\;C:\Program Files\Intel\iCLS Client\;C:\Windows\system32;C:\Windows;C:\Windows\System32\Wbem;C:\Windows\System32\WindowsPowerShell\v1.0\;C:\Program Files (x86)\NVIDIA Corporation\PhysX\Common;C:\Program Files (x86)\Intel\Intel(R) Management Engine Components\DAL;C:\Program Files\Intel\Intel(R) Management Engine Components\DAL;C:\Program Files (x86)\Intel\Intel(R) Management Engine Components\IPT;C:\Program Files\Intel\Intel(R) Management Engine Components\IPT;C:\WINDOWS\system32;C:\WINDOWS;C:\WINDOWS\System32\Wbem;C:\WINDOWS\System32\WindowsPowerShell\v1.0\;C:\WINDOWS\System32\OpenSSH\;C:\Program Files\MySQL\MySQL Server 5.5\bin;E:\nodejs\;E:\Git\cmd;E:\Mp4\ffmpeg-20180227-fa0c9d6-win64-static\bin;C:\Users\wangb\AppData\Local\Microsoft\WindowsApps;C:\Users\wangb\AppData\Roaming\npm;E:\Microsoft VS Code\bin;., surefire.test.class.path=E:\1704A\hdServiceCode\nm-service-manage-course\target\test-classes;E:\1704A\hdServiceCode\nm-service-manage-course\target\classes;E:\1704A\repository\org\springframework\cloud\spring-cloud-starter-oauth2\2.0.0.RELEASE\spring-cloud-starter-oauth2-2.0.0.RELEASE.jar;E:\1704A\repository\org\springframework\cloud\spring-cloud-starter-security\2.0.0.RELEASE\spring-cloud-starter-security-2.0.0.RELEASE.jar;E:\1704A\repository\org\springframework\boot\spring-boot-starter-actuator\2.0.1.RELEASE\spring-boot-starter-actuator-2.0.1.RELEASE.jar;E:\1704A\repository\org\springframework\boot\spring-boot-actuator-autoconfigure\2.0.1.RELEASE\spring-boot-actuator-autoconfigure-2.0.1.RELEASE.jar;E:\1704A\repository\org\springframework\boot\spring-boot-actuator\2.0.1.RELEASE\spring-boot-actuator-2.0.1.RELEASE.jar;E:\1704A\repository\io\micrometer\micrometer-core\1.0.3\micrometer-core-1.0.3.jar;E:\1704A\repository\org\latencyutils\LatencyUtils\2.0.3\LatencyUtils-2.0.3.jar;E:\1704A\repository\org\springframework\cloud\spring-cloud-security\2.0.0.RELEASE\spring-cloud-security-2.0.0.RELEASE.jar;E:\1704A\repository\org\springframework\boot\spring-boot-starter-security\2.0.1.RELEASE\spring-boot-starter-security-2.0.1.RELEASE.jar;E:\1704A\repository\org\springframework\security\oauth\boot\spring-security-oauth2-autoconfigure\2.0.0.RELEASE\spring-security-oauth2-autoconfigure-2.0.0.RELEASE.jar;E:\1704A\repository\com\fasterxml\jackson\core\jackson-annotations\2.9.0\jackson-annotations-2.9.0.jar;E:\1704A\repository\com\fasterxml\jackson\core\jackson-databind\2.9.5\jackson-databind-2.9.5.jar;E:\1704A\repository\org\springframework\boot\spring-boot\2.0.1.RELEASE\spring-boot-2.0.1.RELEASE.jar;E:\1704A\repository\org\springframework\security\oauth\spring-security-oauth2\2.2.1.RELEASE\spring-security-oauth2-2.2.1.RELEASE.jar;E:\1704A\repository\org\springframework\security\spring-security-core\5.0.4.RELEASE\spring-security-core-5.0.4.RELEASE.jar;E:\1704A\repository\org\springframework\security\spring-security-config\5.0.4.RELEASE\spring-security-config-5.0.4.RELEASE.jar;E:\1704A\repository\org\springframework\security\spring-security-web\5.0.4.RELEASE\spring-security-web-5.0.4.RELEASE.jar;E:\1704A\repository\org\codehaus\jackson\jackson-mapper-asl\1.9.13\jackson-mapper-asl-1.9.13.jar;E:\1704A\repository\org\codehaus\jackson\jackson-core-asl\1.9.13\jackson-core-asl-1.9.13.jar;E:\1704A\repository\com\github\pagehelper\pagehelper-spring-boot-starter\1.2.4\pagehelper-spring-boot-starter-1.2.4.jar;E:\1704A\repository\org\springframework\boot\spring-boot-starter\2.0.1.RELEASE\spring-boot-starter-2.0.1.RELEASE.jar;E:\1704A\repository\javax\annotation\javax.annotation-api\1.3.2\javax.annotation-api-1.3.2.jar;E:\1704A\repository\org\yaml\snakeyaml\1.19\snakeyaml-1.19.jar;E:\1704A\repository\com\github\pagehelper\pagehelper-spring-boot-autoconfigure\1.2.4\pagehelper-spring-boot-autoconfigure-1.2.4.jar;E:\1704A\repository\com\github\pagehelper\pagehelper\5.1.3\pagehelper-5.1.3.jar;E:\1704A\repository\com\github\jsqlparser\jsqlparser\1.0\jsqlparser-1.0.jar;E:\1704A\hdServiceCode\nm-service-api\target\nm-service-api.jar;E:\1704A\repository\commons-fileupload\commons-fileupload\1.3.3\commons-fileupload-1.3.3.jar;E:\1704A\repository\io\springfox\springfox-swagger2\2.7.0\springfox-swagger2-2.7.0.jar;E:\1704A\repository\io\swagger\swagger-annotations\1.5.13\swagger-annotations-1.5.13.jar;E:\1704A\repository\io\swagger\swagger-models\1.5.13\swagger-models-1.5.13.jar;E:\1704A\repository\io\springfox\springfox-spi\2.7.0\springfox-spi-2.7.0.jar;E:\1704A\repository\io\springfox\springfox-core\2.7.0\springfox-core-2.7.0.jar;E:\1704A\repository\io\springfox\springfox-schema\2.7.0\springfox-schema-2.7.0.jar;E:\1704A\repository\io\springfox\springfox-swagger-common\2.7.0\springfox-swagger-common-2.7.0.jar;E:\1704A\repository\io\springfox\springfox-spring-web\2.7.0\springfox-spring-web-2.7.0.jar;E:\1704A\repository\org\reflections\reflections\0.9.11\reflections-0.9.11.jar;E:\1704A\repository\com\fasterxml\classmate\1.3.4\classmate-1.3.4.jar;E:\1704A\repository\org\springframework\plugin\spring-plugin-core\1.2.0.RELEASE\spring-plugin-core-1.2.0.RELEASE.jar;E:\1704A\repository\org\springframework\plugin\spring-plugin-metadata\1.2.0.RELEASE\spring-plugin-metadata-1.2.0.RELEASE.jar;E:\1704A\repository\org\mapstruct\mapstruct\1.1.0.Final\mapstruct-1.1.0.Final.jar;E:\1704A\repository\io\springfox\springfox-swagger-ui\2.7.0\springfox-swagger-ui-2.7.0.jar;E:\1704A\hdServiceCode\nm-framework-model\target\nm-framework-model.jar;E:\1704A\repository\org\projectlombok\lombok\1.16.16\lombok-1.16.16.jar;E:\1704A\repository\org\springframework\data\spring-data-commons\2.0.6.RELEASE\spring-data-commons-2.0.6.RELEASE.jar;E:\1704A\repository\org\springframework\data\spring-data-mongodb\2.0.6.RELEASE\spring-data-mongodb-2.0.6.RELEASE.jar;E:\1704A\repository\org\springframework\spring-context\5.0.5.RELEASE\spring-context-5.0.5.RELEASE.jar;E:\1704A\repository\org\springframework\spring-expression\5.0.5.RELEASE\spring-expression-5.0.5.RELEASE.jar;E:\1704A\repository\org\mongodb\mongo-java-driver\3.6.3\mongo-java-driver-3.6.3.jar;E:\1704A\repository\org\hibernate\hibernate-core\5.2.16.Final\hibernate-core-5.2.16.Final.jar;E:\1704A\repository\org\jboss\logging\jboss-logging\3.3.2.Final\jboss-logging-3.3.2.Final.jar;E:\1704A\repository\org\hibernate\javax\persistence\hibernate-jpa-2.1-api\1.0.0.Final\hibernate-jpa-2.1-api-1.0.0.Final.jar;E:\1704A\repository\org\javassist\javassist\3.22.0-GA\javassist-3.22.0-GA.jar;E:\1704A\repository\antlr\antlr\2.7.7\antlr-2.7.7.jar;E:\1704A\repository\org\jboss\spec\javax\transaction\jboss-transaction-api_1.2_spec\1.0.1.Final\jboss-transaction-api_1.2_spec-1.0.1.Final.jar;E:\1704A\repository\org\jboss\jandex\2.0.3.Final\jandex-2.0.3.Final.jar;E:\1704A\repository\dom4j\dom4j\1.6.1\dom4j-1.6.1.jar;E:\1704A\repository\org\hibernate\common\hibernate-commons-annotations\5.0.1.Final\hibernate-commons-annotations-5.0.1.Final.jar;E:\1704A\repository\com\google\guava\guava\24.0-jre\guava-24.0-jre.jar;E:\1704A\repository\com\google\code\findbugs\jsr305\1.3.9\jsr305-1.3.9.jar;E:\1704A\repository\org\checkerframework\checker-compat-qual\2.0.0\checker-compat-qual-2.0.0.jar;E:\1704A\repository\com\google\errorprone\error_prone_annotations\2.1.3\error_prone_annotations-2.1.3.jar;E:\1704A\repository\com\google\j2objc\j2objc-annotations\1.1\j2objc-annotations-1.1.jar;E:\1704A\repository\org\codehaus\mojo\animal-sniffer-annotations\1.14\animal-sniffer-annotations-1.14.jar;E:\1704A\hdServiceCode\nm-framework-utils\target\nm-framework-utils.jar;E:\1704A\repository\javax\servlet\javax.servlet-api\3.1.0\javax.servlet-api-3.1.0.jar;E:\1704A\repository\org\springframework\boot\spring-boot-starter-logging\2.0.1.RELEASE\spring-boot-starter-logging-2.0.1.RELEASE.jar;E:\1704A\repository\ch\qos\logback\logback-classic\1.2.3\logback-classic-1.2.3.jar;E:\1704A\repository\ch\qos\logback\logback-core\1.2.3\logback-core-1.2.3.jar;E:\1704A\repository\org\apache\logging\log4j\log4j-to-slf4j\2.10.0\log4j-to-slf4j-2.10.0.jar;E:\1704A\repository\org\apache\logging\log4j\log4j-api\2.10.0\log4j-api-2.10.0.jar;E:\1704A\repository\org\slf4j\jul-to-slf4j\1.7.25\jul-to-slf4j-1.7.25.jar;E:\1704A\repository\org\apache\httpcomponents\httpclient\4.5.5\httpclient-4.5.5.jar;E:\1704A\repository\org\apache\httpcomponents\httpcore\4.4.9\httpcore-4.4.9.jar;E:\1704A\repository\commons-codec\commons-codec\1.10\commons-codec-1.10.jar;E:\1704A\repository\net\lingala\zip4j\zip4j\1.3.1\zip4j-1.3.1.jar;E:\1704A\repository\org\springframework\security\spring-security-crypto\5.0.4.RELEASE\spring-security-crypto-5.0.4.RELEASE.jar;E:\1704A\repository\org\springframework\security\spring-security-jwt\1.0.8.RELEASE\spring-security-jwt-1.0.8.RELEASE.jar;E:\1704A\repository\org\bouncycastle\bcpkix-jdk15on\1.56\bcpkix-jdk15on-1.56.jar;E:\1704A\repository\org\bouncycastle\bcprov-jdk15on\1.56\bcprov-jdk15on-1.56.jar;E:\1704A\hdServiceCode\nm-framework-common\target\nm-framework-common.jar;E:\1704A\repository\org\springframework\spring-web\5.0.5.RELEASE\spring-web-5.0.5.RELEASE.jar;E:\1704A\repository\org\springframework\boot\spring-boot-starter-web\2.0.1.RELEASE\spring-boot-starter-web-2.0.1.RELEASE.jar;E:\1704A\repository\org\springframework\boot\spring-boot-starter-json\2.0.1.RELEASE\spring-boot-starter-json-2.0.1.RELEASE.jar;E:\1704A\repository\com\fasterxml\jackson\datatype\jackson-datatype-jdk8\2.9.5\jackson-datatype-jdk8-2.9.5.jar;E:\1704A\repository\com\fasterxml\jackson\datatype\jackson-datatype-jsr310\2.9.5\jackson-datatype-jsr310-2.9.5.jar;E:\1704A\repository\com\fasterxml\jackson\module\jackson-module-parameter-names\2.9.5\jackson-module-parameter-names-2.9.5.jar;E:\1704A\repository\org\springframework\boot\spring-boot-starter-tomcat\2.0.1.RELEASE\spring-boot-starter-tomcat-2.0.1.RELEASE.jar;E:\1704A\repository\org\apache\tomcat\embed\tomcat-embed-core\8.5.28\tomcat-embed-core-8.5.28.jar;E:\1704A\repository\org\apache\tomcat\embed\tomcat-embed-el\8.5.28\tomcat-embed-el-8.5.28.jar;E:\1704A\repository\org\apache\tomcat\embed\tomcat-embed-websocket\8.5.28\tomcat-embed-websocket-8.5.28.jar;E:\1704A\repository\org\hibernate\validator\hibernate-validator\6.0.9.Final\hibernate-validator-6.0.9.Final.jar;E:\1704A\repository\javax\validation\validation-api\2.0.1.Final\validation-api-2.0.1.Final.jar;E:\1704A\repository\org\springframework\spring-webmvc\5.0.5.RELEASE\spring-webmvc-5.0.5.RELEASE.jar;E:\1704A\repository\org\springframework\spring-aop\5.0.5.RELEASE\spring-aop-5.0.5.RELEASE.jar;E:\1704A\repository\mysql\mysql-connector-java\5.1.40\mysql-connector-java-5.1.40.jar;E:\1704A\repository\com\alibaba\druid-spring-boot-starter\1.1.10\druid-spring-boot-starter-1.1.10.jar;E:\1704A\repository\com\alibaba\druid\1.1.6\druid-1.1.6.jar;E:\1704A\repository\org\slf4j\slf4j-api\1.7.25\slf4j-api-1.7.25.jar;E:\1704A\repository\org\springframework\boot\spring-boot-autoconfigure\2.0.1.RELEASE\spring-boot-autoconfigure-2.0.1.RELEASE.jar;E:\1704A\repository\org\mybatis\spring\boot\mybatis-spring-boot-starter\1.3.1\mybatis-spring-boot-starter-1.3.1.jar;E:\1704A\repository\org\springframework\boot\spring-boot-starter-jdbc\2.0.1.RELEASE\spring-boot-starter-jdbc-2.0.1.RELEASE.jar;E:\1704A\repository\com\zaxxer\HikariCP\2.7.8\HikariCP-2.7.8.jar;E:\1704A\repository\org\mybatis\spring\boot\mybatis-spring-boot-autoconfigure\1.3.1\mybatis-spring-boot-autoconfigure-1.3.1.jar;E:\1704A\repository\org\mybatis\mybatis\3.4.5\mybatis-3.4.5.jar;E:\1704A\repository\org\mybatis\mybatis-spring\1.3.1\mybatis-spring-1.3.1.jar;E:\1704A\repository\org\springframework\spring-orm\5.0.5.RELEASE\spring-orm-5.0.5.RELEASE.jar;E:\1704A\repository\org\springframework\spring-beans\5.0.5.RELEASE\spring-beans-5.0.5.RELEASE.jar;E:\1704A\repository\org\springframework\spring-core\5.0.5.RELEASE\spring-core-5.0.5.RELEASE.jar;E:\1704A\repository\org\springframework\spring-jcl\5.0.5.RELEASE\spring-jcl-5.0.5.RELEASE.jar;E:\1704A\repository\org\springframework\spring-jdbc\5.0.5.RELEASE\spring-jdbc-5.0.5.RELEASE.jar;E:\1704A\repository\org\springframework\spring-tx\5.0.5.RELEASE\spring-tx-5.0.5.RELEASE.jar;E:\1704A\repository\org\springframework\boot\spring-boot-starter-data-jpa\2.0.1.RELEASE\spring-boot-starter-data-jpa-2.0.1.RELEASE.jar;E:\1704A\repository\org\springframework\boot\spring-boot-starter-aop\2.0.1.RELEASE\spring-boot-starter-aop-2.0.1.RELEASE.jar;E:\1704A\repository\org\aspectj\aspectjweaver\1.8.13\aspectjweaver-1.8.13.jar;E:\1704A\repository\javax\transaction\javax.transaction-api\1.2\javax.transaction-api-1.2.jar;E:\1704A\repository\org\springframework\data\spring-data-jpa\2.0.6.RELEASE\spring-data-jpa-2.0.6.RELEASE.jar;E:\1704A\repository\org\springframework\spring-aspects\5.0.5.RELEASE\spring-aspects-5.0.5.RELEASE.jar;E:\1704A\repository\com\squareup\okhttp3\okhttp\3.9.1\okhttp-3.9.1.jar;E:\1704A\repository\com\squareup\okio\okio\1.13.0\okio-1.13.0.jar;E:\1704A\repository\com\alibaba\fastjson\1.2.30\fastjson-1.2.30.jar;E:\1704A\repository\commons-io\commons-io\2.6\commons-io-2.6.jar;E:\1704A\repository\org\apache\commons\commons-lang3\3.6\commons-lang3-3.6.jar;E:\1704A\repository\org\springframework\boot\spring-boot-starter-test\2.0.1.RELEASE\spring-boot-starter-test-2.0.1.RELEASE.jar;E:\1704A\repository\org\springframework\boot\spring-boot-test\2.0.1.RELEASE\spring-boot-test-2.0.1.RELEASE.jar;E:\1704A\repository\org\springframework\boot\spring-boot-test-autoconfigure\2.0.1.RELEASE\spring-boot-test-autoconfigure-2.0.1.RELEASE.jar;E:\1704A\repository\com\jayway\jsonpath\json-path\2.4.0\json-path-2.4.0.jar;E:\1704A\repository\net\minidev\json-smart\2.3\json-smart-2.3.jar;E:\1704A\repository\net\minidev\accessors-smart\1.2\accessors-smart-1.2.jar;E:\1704A\repository\org\ow2\asm\asm\5.0.4\asm-5.0.4.jar;E:\1704A\repository\junit\junit\4.12\junit-4.12.jar;E:\1704A\repository\org\assertj\assertj-core\3.9.1\assertj-core-3.9.1.jar;E:\1704A\repository\org\mockito\mockito-core\2.15.0\mockito-core-2.15.0.jar;E:\1704A\repository\net\bytebuddy\byte-buddy\1.7.11\byte-buddy-1.7.11.jar;E:\1704A\repository\net\bytebuddy\byte-buddy-agent\1.7.11\byte-buddy-agent-1.7.11.jar;E:\1704A\repository\org\objenesis\objenesis\2.6\objenesis-2.6.jar;E:\1704A\repository\org\hamcrest\hamcrest-core\1.3\hamcrest-core-1.3.jar;E:\1704A\repository\org\hamcrest\hamcrest-library\1.3\hamcrest-library-1.3.jar;E:\1704A\repository\org\skyscreamer\jsonassert\1.5.0\jsonassert-1.5.0.jar;E:\1704A\repository\com\vaadin\external\google\android-json\0.0.20131108.vaadin1\android-json-0.0.20131108.vaadin1.jar;E:\1704A\repository\org\springframework\spring-test\5.0.5.RELEASE\spring-test-5.0.5.RELEASE.jar;E:\1704A\repository\org\xmlunit\xmlunit-core\2.5.1\xmlunit-core-2.5.1.jar;E:\1704A\repository\org\springframework\cloud\spring-cloud-starter-netflix-eureka-client\2.0.1.RELEASE\spring-cloud-starter-netflix-eureka-client-2.0.1.RELEASE.jar;E:\1704A\repository\org\springframework\cloud\spring-cloud-starter\2.0.1.RELEASE\spring-cloud-starter-2.0.1.RELEASE.jar;E:\1704A\repository\org\springframework\cloud\spring-cloud-context\2.0.1.RELEASE\spring-cloud-context-2.0.1.RELEASE.jar;E:\1704A\repository\org\springframework\security\spring-security-rsa\1.0.5.RELEASE\spring-security-rsa-1.0.5.RELEASE.jar;E:\1704A\repository\org\springframework\cloud\spring-cloud-netflix-core\2.0.1.RELEASE\spring-cloud-netflix-core-2.0.1.RELEASE.jar;E:\1704A\repository\org\springframework\cloud\spring-cloud-netflix-eureka-client\2.0.1.RELEASE\spring-cloud-netflix-eureka-client-2.0.1.RELEASE.jar;E:\1704A\repository\com\netflix\eureka\eureka-client\1.9.3\eureka-client-1.9.3.jar;E:\1704A\repository\org\codehaus\jettison\jettison\1.3.7\jettison-1.3.7.jar;E:\1704A\repository\stax\stax-api\1.0.1\stax-api-1.0.1.jar;E:\1704A\repository\com\netflix\netflix-commons\netflix-eventbus\0.3.0\netflix-eventbus-0.3.0.jar;E:\1704A\repository\com\netflix\netflix-commons\netflix-infix\0.3.0\netflix-infix-0.3.0.jar;E:\1704A\repository\commons-jxpath\commons-jxpath\1.3\commons-jxpath-1.3.jar;E:\1704A\repository\joda-time\joda-time\2.9.9\joda-time-2.9.9.jar;E:\1704A\repository\org\antlr\antlr-runtime\3.4\antlr-runtime-3.4.jar;E:\1704A\repository\org\antlr\stringtemplate\3.2.1\stringtemplate-3.2.1.jar;E:\1704A\repository\com\google\code\gson\gson\2.8.2\gson-2.8.2.jar;E:\1704A\repository\org\apache\commons\commons-math\2.2\commons-math-2.2.jar;E:\1704A\repository\com\netflix\archaius\archaius-core\0.7.6\archaius-core-0.7.6.jar;E:\1704A\repository\javax\ws\rs\jsr311-api\1.1.1\jsr311-api-1.1.1.jar;E:\1704A\repository\com\netflix\servo\servo-core\0.12.21\servo-core-0.12.21.jar;E:\1704A\repository\com\sun\jersey\jersey-core\1.19.1\jersey-core-1.19.1.jar;E:\1704A\repository\com\sun\jersey\jersey-client\1.19.1\jersey-client-1.19.1.jar;E:\1704A\repository\com\sun\jersey\contribs\jersey-apache-client4\1.19.1\jersey-apache-client4-1.19.1.jar;E:\1704A\repository\com\google\inject\guice\4.1.0\guice-4.1.0.jar;E:\1704A\repository\javax\inject\javax.inject\1\javax.inject-1.jar;E:\1704A\repository\aopalliance\aopalliance\1.0\aopalliance-1.0.jar;E:\1704A\repository\com\github\vlsi\compactmap\compactmap\1.2.1\compactmap-1.2.1.jar;E:\1704A\repository\com\github\andrewoma\dexx\dexx-collections\0.2\dexx-collections-0.2.jar;E:\1704A\repository\com\fasterxml\jackson\core\jackson-core\2.9.5\jackson-core-2.9.5.jar;E:\1704A\repository\com\netflix\eureka\eureka-core\1.9.3\eureka-core-1.9.3.jar;E:\1704A\repository\org\codehaus\woodstox\woodstox-core-asl\4.4.1\woodstox-core-asl-4.4.1.jar;E:\1704A\repository\javax\xml\stream\stax-api\1.0-2\stax-api-1.0-2.jar;E:\1704A\repository\org\codehaus\woodstox\stax2-api\3.1.4\stax2-api-3.1.4.jar;E:\1704A\repository\org\springframework\cloud\spring-cloud-starter-netflix-archaius\2.0.1.RELEASE\spring-cloud-starter-netflix-archaius-2.0.1.RELEASE.jar;E:\1704A\repository\org\springframework\cloud\spring-cloud-netflix-ribbon\2.0.1.RELEASE\spring-cloud-netflix-ribbon-2.0.1.RELEASE.jar;E:\1704A\repository\org\springframework\cloud\spring-cloud-netflix-archaius\2.0.1.RELEASE\spring-cloud-netflix-archaius-2.0.1.RELEASE.jar;E:\1704A\repository\commons-configuration\commons-configuration\1.8\commons-configuration-1.8.jar;E:\1704A\repository\commons-lang\commons-lang\2.6\commons-lang-2.6.jar;E:\1704A\repository\org\springframework\cloud\spring-cloud-starter-netflix-ribbon\2.0.1.RELEASE\spring-cloud-starter-netflix-ribbon-2.0.1.RELEASE.jar;E:\1704A\repository\com\netflix\ribbon\ribbon\2.2.5\ribbon-2.2.5.jar;E:\1704A\repository\com\netflix\ribbon\ribbon-transport\2.2.5\ribbon-transport-2.2.5.jar;E:\1704A\repository\io\reactivex\rxnetty-contexts\0.4.9\rxnetty-contexts-0.4.9.jar;E:\1704A\repository\io\reactivex\rxnetty-servo\0.4.9\rxnetty-servo-0.4.9.jar;E:\1704A\repository\io\reactivex\rxnetty\0.4.9\rxnetty-0.4.9.jar;E:\1704A\repository\io\netty\netty-codec-http\4.1.23.Final\netty-codec-http-4.1.23.Final.jar;E:\1704A\repository\io\netty\netty-codec\4.1.23.Final\netty-codec-4.1.23.Final.jar;E:\1704A\repository\io\netty\netty-transport-native-epoll\4.1.23.Final\netty-transport-native-epoll-4.1.23.Final.jar;E:\1704A\repository\io\netty\netty-common\4.1.23.Final\netty-common-4.1.23.Final.jar;E:\1704A\repository\io\netty\netty-buffer\4.1.23.Final\netty-buffer-4.1.23.Final.jar;E:\1704A\repository\io\netty\netty-transport-native-unix-common\4.1.23.Final\netty-transport-native-unix-common-4.1.23.Final.jar;E:\1704A\repository\io\netty\netty-transport\4.1.23.Final\netty-transport-4.1.23.Final.jar;E:\1704A\repository\io\netty\netty-resolver\4.1.23.Final\netty-resolver-4.1.23.Final.jar;E:\1704A\repository\com\netflix\ribbon\ribbon-core\2.2.5\ribbon-core-2.2.5.jar;E:\1704A\repository\com\netflix\ribbon\ribbon-httpclient\2.2.5\ribbon-httpclient-2.2.5.jar;E:\1704A\repository\commons-collections\commons-collections\3.2.2\commons-collections-3.2.2.jar;E:\1704A\repository\com\netflix\netflix-commons\netflix-commons-util\0.3.0\netflix-commons-util-0.3.0.jar;E:\1704A\repository\com\netflix\ribbon\ribbon-loadbalancer\2.2.5\ribbon-loadbalancer-2.2.5.jar;E:\1704A\repository\com\netflix\netflix-commons\netflix-statistics\0.1.1\netflix-statistics-0.1.1.jar;E:\1704A\repository\io\reactivex\rxjava\1.3.8\rxjava-1.3.8.jar;E:\1704A\repository\com\netflix\ribbon\ribbon-eureka\2.2.5\ribbon-eureka-2.2.5.jar;E:\1704A\repository\com\thoughtworks\xstream\xstream\1.4.10\xstream-1.4.10.jar;E:\1704A\repository\xmlpull\xmlpull\1.1.3.1\xmlpull-1.1.3.1.jar;E:\1704A\repository\xpp3\xpp3_min\1.1.4c\xpp3_min-1.1.4c.jar;E:\1704A\repository\org\springframework\cloud\spring-cloud-starter-openfeign\2.0.1.RELEASE\spring-cloud-starter-openfeign-2.0.1.RELEASE.jar;E:\1704A\repository\org\springframework\cloud\spring-cloud-openfeign-core\2.0.1.RELEASE\spring-cloud-openfeign-core-2.0.1.RELEASE.jar;E:\1704A\repository\org\springframework\cloud\spring-cloud-commons\2.0.1.RELEASE\spring-cloud-commons-2.0.1.RELEASE.jar;E:\1704A\repository\io\github\openfeign\feign-core\9.5.1\feign-core-9.5.1.jar;E:\1704A\repository\io\github\openfeign\feign-slf4j\9.5.1\feign-slf4j-9.5.1.jar;E:\1704A\repository\io\github\openfeign\feign-hystrix\9.5.1\feign-hystrix-9.5.1.jar;E:\1704A\repository\com\netflix\hystrix\hystrix-core\1.5.12\hystrix-core-1.5.12.jar;E:\1704A\repository\org\hdrhistogram\HdrHistogram\2.1.9\HdrHistogram-2.1.9.jar;E:\1704A\repository\io\github\openfeign\feign-java8\9.5.1\feign-java8-9.5.1.jar;E:\1704A\repository\com\netflix\feign\feign-okhttp\8.18.0\feign-okhttp-8.18.0.jar;E:\1704A\repository\com\netflix\feign\feign-core\8.18.0\feign-core-8.18.0.jar;E:\1704A\repository\org\jvnet\animal-sniffer-annotation\1.0\animal-sniffer-annotation-1.0.jar;, java.specification.name=Java Platform API Specification, java.class.version=52.0, sun.management.compiler=HotSpot 64-Bit Tiered Compilers, maven.repo.local=E:\1704A\repository, os.version=10.0, user.home=C:\Users\wangb, user.timezone=Asia/Shanghai, java.awt.printerjob=sun.awt.windows.WPrinterJob, file.encoding=GBK, java.specification.version=1.8, java.class.path=E:\1704A\hdServiceCode\nm-service-manage-course\target\test-classes;E:\1704A\hdServiceCode\nm-service-manage-course\target\classes;E:\1704A\repository\org\springframework\cloud\spring-cloud-starter-oauth2\2.0.0.RELEASE\spring-cloud-starter-oauth2-2.0.0.RELEASE.jar;E:\1704A\repository\org\springframework\cloud\spring-cloud-starter-security\2.0.0.RELEASE\spring-cloud-starter-security-2.0.0.RELEASE.jar;E:\1704A\repository\org\springframework\boot\spring-boot-starter-actuator\2.0.1.RELEASE\spring-boot-starter-actuator-2.0.1.RELEASE.jar;E:\1704A\repository\org\springframework\boot\spring-boot-actuator-autoconfigure\2.0.1.RELEASE\spring-boot-actuator-autoconfigure-2.0.1.RELEASE.jar;E:\1704A\repository\org\springframework\boot\spring-boot-actuator\2.0.1.RELEASE\spring-boot-actuator-2.0.1.RELEASE.jar;E:\1704A\repository\io\micrometer\micrometer-core\1.0.3\micrometer-core-1.0.3.jar;E:\1704A\repository\org\latencyutils\LatencyUtils\2.0.3\LatencyUtils-2.0.3.jar;E:\1704A\repository\org\springframework\cloud\spring-cloud-security\2.0.0.RELEASE\spring-cloud-security-2.0.0.RELEASE.jar;E:\1704A\repository\org\springframework\boot\spring-boot-starter-security\2.0.1.RELEASE\spring-boot-starter-security-2.0.1.RELEASE.jar;E:\1704A\repository\org\springframework\security\oauth\boot\spring-security-oauth2-autoconfigure\2.0.0.RELEASE\spring-security-oauth2-autoconfigure-2.0.0.RELEASE.jar;E:\1704A\repository\com\fasterxml\jackson\core\jackson-annotations\2.9.0\jackson-annotations-2.9.0.jar;E:\1704A\repository\com\fasterxml\jackson\core\jackson-databind\2.9.5\jackson-databind-2.9.5.jar;E:\1704A\repository\org\springframework\boot\spring-boot\2.0.1.RELEASE\spring-boot-2.0.1.RELEASE.jar;E:\1704A\repository\org\springframework\security\oauth\spring-security-oauth2\2.2.1.RELEASE\spring-security-oauth2-2.2.1.RELEASE.jar;E:\1704A\repository\org\springframework\security\spring-security-core\5.0.4.RELEASE\spring-security-core-5.0.4.RELEASE.jar;E:\1704A\repository\org\springframework\security\spring-security-config\5.0.4.RELEASE\spring-security-config-5.0.4.RELEASE.jar;E:\1704A\repository\org\springframework\security\spring-security-web\5.0.4.RELEASE\spring-security-web-5.0.4.RELEASE.jar;E:\1704A\repository\org\codehaus\jackson\jackson-mapper-asl\1.9.13\jackson-mapper-asl-1.9.13.jar;E:\1704A\repository\org\codehaus\jackson\jackson-core-asl\1.9.13\jackson-core-asl-1.9.13.jar;E:\1704A\repository\com\github\pagehelper\pagehelper-spring-boot-starter\1.2.4\pagehelper-spring-boot-starter-1.2.4.jar;E:\1704A\repository\org\springframework\boot\spring-boot-starter\2.0.1.RELEASE\spring-boot-starter-2.0.1.RELEASE.jar;E:\1704A\repository\javax\annotation\javax.annotation-api\1.3.2\javax.annotation-api-1.3.2.jar;E:\1704A\repository\org\yaml\snakeyaml\1.19\snakeyaml-1.19.jar;E:\1704A\repository\com\github\pagehelper\pagehelper-spring-boot-autoconfigure\1.2.4\pagehelper-spring-boot-autoconfigure-1.2.4.jar;E:\1704A\repository\com\github\pagehelper\pagehelper\5.1.3\pagehelper-5.1.3.jar;E:\1704A\repository\com\github\jsqlparser\jsqlparser\1.0\jsqlparser-1.0.jar;E:\1704A\hdServiceCode\nm-service-api\target\nm-service-api.jar;E:\1704A\repository\commons-fileupload\commons-fileupload\1.3.3\commons-fileupload-1.3.3.jar;E:\1704A\repository\io\springfox\springfox-swagger2\2.7.0\springfox-swagger2-2.7.0.jar;E:\1704A\repository\io\swagger\swagger-annotations\1.5.13\swagger-annotations-1.5.13.jar;E:\1704A\repository\io\swagger\swagger-models\1.5.13\swagger-models-1.5.13.jar;E:\1704A\repository\io\springfox\springfox-spi\2.7.0\springfox-spi-2.7.0.jar;E:\1704A\repository\io\springfox\springfox-core\2.7.0\springfox-core-2.7.0.jar;E:\1704A\repository\io\springfox\springfox-schema\2.7.0\springfox-schema-2.7.0.jar;E:\1704A\repository\io\springfox\springfox-swagger-common\2.7.0\springfox-swagger-common-2.7.0.jar;E:\1704A\repository\io\springfox\springfox-spring-web\2.7.0\springfox-spring-web-2.7.0.jar;E:\1704A\repository\org\reflections\reflections\0.9.11\reflections-0.9.11.jar;E:\1704A\repository\com\fasterxml\classmate\1.3.4\classmate-1.3.4.jar;E:\1704A\repository\org\springframework\plugin\spring-plugin-core\1.2.0.RELEASE\spring-plugin-core-1.2.0.RELEASE.jar;E:\1704A\repository\org\springframework\plugin\spring-plugin-metadata\1.2.0.RELEASE\spring-plugin-metadata-1.2.0.RELEASE.jar;E:\1704A\repository\org\mapstruct\mapstruct\1.1.0.Final\mapstruct-1.1.0.Final.jar;E:\1704A\repository\io\springfox\springfox-swagger-ui\2.7.0\springfox-swagger-ui-2.7.0.jar;E:\1704A\hdServiceCode\nm-framework-model\target\nm-framework-model.jar;E:\1704A\repository\org\projectlombok\lombok\1.16.16\lombok-1.16.16.jar;E:\1704A\repository\org\springframework\data\spring-data-commons\2.0.6.RELEASE\spring-data-commons-2.0.6.RELEASE.jar;E:\1704A\repository\org\springframework\data\spring-data-mongodb\2.0.6.RELEASE\spring-data-mongodb-2.0.6.RELEASE.jar;E:\1704A\repository\org\springframework\spring-context\5.0.5.RELEASE\spring-context-5.0.5.RELEASE.jar;E:\1704A\repository\org\springframework\spring-expression\5.0.5.RELEASE\spring-expression-5.0.5.RELEASE.jar;E:\1704A\repository\org\mongodb\mongo-java-driver\3.6.3\mongo-java-driver-3.6.3.jar;E:\1704A\repository\org\hibernate\hibernate-core\5.2.16.Final\hibernate-core-5.2.16.Final.jar;E:\1704A\repository\org\jboss\logging\jboss-logging\3.3.2.Final\jboss-logging-3.3.2.Final.jar;E:\1704A\repository\org\hibernate\javax\persistence\hibernate-jpa-2.1-api\1.0.0.Final\hibernate-jpa-2.1-api-1.0.0.Final.jar;E:\1704A\repository\org\javassist\javassist\3.22.0-GA\javassist-3.22.0-GA.jar;E:\1704A\repository\antlr\antlr\2.7.7\antlr-2.7.7.jar;E:\1704A\repository\org\jboss\spec\javax\transaction\jboss-transaction-api_1.2_spec\1.0.1.Final\jboss-transaction-api_1.2_spec-1.0.1.Final.jar;E:\1704A\repository\org\jboss\jandex\2.0.3.Final\jandex-2.0.3.Final.jar;E:\1704A\repository\dom4j\dom4j\1.6.1\dom4j-1.6.1.jar;E:\1704A\repository\org\hibernate\common\hibernate-commons-annotations\5.0.1.Final\hibernate-commons-annotations-5.0.1.Final.jar;E:\1704A\repository\com\google\guava\guava\24.0-jre\guava-24.0-jre.jar;E:\1704A\repository\com\google\code\findbugs\jsr305\1.3.9\jsr305-1.3.9.jar;E:\1704A\repository\org\checkerframework\checker-compat-qual\2.0.0\checker-compat-qual-2.0.0.jar;E:\1704A\repository\com\google\errorprone\error_prone_annotations\2.1.3\error_prone_annotations-2.1.3.jar;E:\1704A\repository\com\google\j2objc\j2objc-annotations\1.1\j2objc-annotations-1.1.jar;E:\1704A\repository\org\codehaus\mojo\animal-sniffer-annotations\1.14\animal-sniffer-annotations-1.14.jar;E:\1704A\hdServiceCode\nm-framework-utils\target\nm-framework-utils.jar;E:\1704A\repository\javax\servlet\javax.servlet-api\3.1.0\javax.servlet-api-3.1.0.jar;E:\1704A\repository\org\springframework\boot\spring-boot-starter-logging\2.0.1.RELEASE\spring-boot-starter-logging-2.0.1.RELEASE.jar;E:\1704A\repository\ch\qos\logback\logback-classic\1.2.3\logback-classic-1.2.3.jar;E:\1704A\repository\ch\qos\logback\logback-core\1.2.3\logback-core-1.2.3.jar;E:\1704A\repository\org\apache\logging\log4j\log4j-to-slf4j\2.10.0\log4j-to-slf4j-2.10.0.jar;E:\1704A\repository\org\apache\logging\log4j\log4j-api\2.10.0\log4j-api-2.10.0.jar;E:\1704A\repository\org\slf4j\jul-to-slf4j\1.7.25\jul-to-slf4j-1.7.25.jar;E:\1704A\repository\org\apache\httpcomponents\httpclient\4.5.5\httpclient-4.5.5.jar;E:\1704A\repository\org\apache\httpcomponents\httpcore\4.4.9\httpcore-4.4.9.jar;E:\1704A\repository\commons-codec\commons-codec\1.10\commons-codec-1.10.jar;E:\1704A\repository\net\lingala\zip4j\zip4j\1.3.1\zip4j-1.3.1.jar;E:\1704A\repository\org\springframework\security\spring-security-crypto\5.0.4.RELEASE\spring-security-crypto-5.0.4.RELEASE.jar;E:\1704A\repository\org\springframework\security\spring-security-jwt\1.0.8.RELEASE\spring-security-jwt-1.0.8.RELEASE.jar;E:\1704A\repository\org\bouncycastle\bcpkix-jdk15on\1.56\bcpkix-jdk15on-1.56.jar;E:\1704A\repository\org\bouncycastle\bcprov-jdk15on\1.56\bcprov-jdk15on-1.56.jar;E:\1704A\hdServiceCode\nm-framework-common\target\nm-framework-common.jar;E:\1704A\repository\org\springframework\spring-web\5.0.5.RELEASE\spring-web-5.0.5.RELEASE.jar;E:\1704A\repository\org\springframework\boot\spring-boot-starter-web\2.0.1.RELEASE\spring-boot-starter-web-2.0.1.RELEASE.jar;E:\1704A\repository\org\springframework\boot\spring-boot-starter-json\2.0.1.RELEASE\spring-boot-starter-json-2.0.1.RELEASE.jar;E:\1704A\repository\com\fasterxml\jackson\datatype\jackson-datatype-jdk8\2.9.5\jackson-datatype-jdk8-2.9.5.jar;E:\1704A\repository\com\fasterxml\jackson\datatype\jackson-datatype-jsr310\2.9.5\jackson-datatype-jsr310-2.9.5.jar;E:\1704A\repository\com\fasterxml\jackson\module\jackson-module-parameter-names\2.9.5\jackson-module-parameter-names-2.9.5.jar;E:\1704A\repository\org\springframework\boot\spring-boot-starter-tomcat\2.0.1.RELEASE\spring-boot-starter-tomcat-2.0.1.RELEASE.jar;E:\1704A\repository\org\apache\tomcat\embed\tomcat-embed-core\8.5.28\tomcat-embed-core-8.5.28.jar;E:\1704A\repository\org\apache\tomcat\embed\tomcat-embed-el\8.5.28\tomcat-embed-el-8.5.28.jar;E:\1704A\repository\org\apache\tomcat\embed\tomcat-embed-websocket\8.5.28\tomcat-embed-websocket-8.5.28.jar;E:\1704A\repository\org\hibernate\validator\hibernate-validator\6.0.9.Final\hibernate-validator-6.0.9.Final.jar;E:\1704A\repository\javax\validation\validation-api\2.0.1.Final\validation-api-2.0.1.Final.jar;E:\1704A\repository\org\springframework\spring-webmvc\5.0.5.RELEASE\spring-webmvc-5.0.5.RELEASE.jar;E:\1704A\repository\org\springframework\spring-aop\5.0.5.RELEASE\spring-aop-5.0.5.RELEASE.jar;E:\1704A\repository\mysql\mysql-connector-java\5.1.40\mysql-connector-java-5.1.40.jar;E:\1704A\repository\com\alibaba\druid-spring-boot-starter\1.1.10\druid-spring-boot-starter-1.1.10.jar;E:\1704A\repository\com\alibaba\druid\1.1.6\druid-1.1.6.jar;E:\1704A\repository\org\slf4j\slf4j-api\1.7.25\slf4j-api-1.7.25.jar;E:\1704A\repository\org\springframework\boot\spring-boot-autoconfigure\2.0.1.RELEASE\spring-boot-autoconfigure-2.0.1.RELEASE.jar;E:\1704A\repository\org\mybatis\spring\boot\mybatis-spring-boot-starter\1.3.1\mybatis-spring-boot-starter-1.3.1.jar;E:\1704A\repository\org\springframework\boot\spring-boot-starter-jdbc\2.0.1.RELEASE\spring-boot-starter-jdbc-2.0.1.RELEASE.jar;E:\1704A\repository\com\zaxxer\HikariCP\2.7.8\HikariCP-2.7.8.jar;E:\1704A\repository\org\mybatis\spring\boot\mybatis-spring-boot-autoconfigure\1.3.1\mybatis-spring-boot-autoconfigure-1.3.1.jar;E:\1704A\repository\org\mybatis\mybatis\3.4.5\mybatis-3.4.5.jar;E:\1704A\repository\org\mybatis\mybatis-spring\1.3.1\mybatis-spring-1.3.1.jar;E:\1704A\repository\org\springframework\spring-orm\5.0.5.RELEASE\spring-orm-5.0.5.RELEASE.jar;E:\1704A\repository\org\springframework\spring-beans\5.0.5.RELEASE\spring-beans-5.0.5.RELEASE.jar;E:\1704A\repository\org\springframework\spring-core\5.0.5.RELEASE\spring-core-5.0.5.RELEASE.jar;E:\1704A\repository\org\springframework\spring-jcl\5.0.5.RELEASE\spring-jcl-5.0.5.RELEASE.jar;E:\1704A\repository\org\springframework\spring-jdbc\5.0.5.RELEASE\spring-jdbc-5.0.5.RELEASE.jar;E:\1704A\repository\org\springframework\spring-tx\5.0.5.RELEASE\spring-tx-5.0.5.RELEASE.jar;E:\1704A\repository\org\springframework\boot\spring-boot-starter-data-jpa\2.0.1.RELEASE\spring-boot-starter-data-jpa-2.0.1.RELEASE.jar;E:\1704A\repository\org\springframework\boot\spring-boot-starter-aop\2.0.1.RELEASE\spring-boot-starter-aop-2.0.1.RELEASE.jar;E:\1704A\repository\org\aspectj\aspectjweaver\1.8.13\aspectjweaver-1.8.13.jar;E:\1704A\repository\javax\transaction\javax.transaction-api\1.2\javax.transaction-api-1.2.jar;E:\1704A\repository\org\springframework\data\spring-data-jpa\2.0.6.RELEASE\spring-data-jpa-2.0.6.RELEASE.jar;E:\1704A\repository\org\springframework\spring-aspects\5.0.5.RELEASE\spring-aspects-5.0.5.RELEASE.jar;E:\1704A\repository\com\squareup\okhttp3\okhttp\3.9.1\okhttp-3.9.1.jar;E:\1704A\repository\com\squareup\okio\okio\1.13.0\okio-1.13.0.jar;E:\1704A\repository\com\alibaba\fastjson\1.2.30\fastjson-1.2.30.jar;E:\1704A\repository\commons-io\commons-io\2.6\commons-io-2.6.jar;E:\1704A\repository\org\apache\commons\commons-lang3\3.6\commons-lang3-3.6.jar;E:\1704A\repository\org\springframework\boot\spring-boot-starter-test\2.0.1.RELEASE\spring-boot-starter-test-2.0.1.RELEASE.jar;E:\1704A\repository\org\springframework\boot\spring-boot-test\2.0.1.RELEASE\spring-boot-test-2.0.1.RELEASE.jar;E:\1704A\repository\org\springframework\boot\spring-boot-test-autoconfigure\2.0.1.RELEASE\spring-boot-test-autoconfigure-2.0.1.RELEASE.jar;E:\1704A\repository\com\jayway\jsonpath\json-path\2.4.0\json-path-2.4.0.jar;E:\1704A\repository\net\minidev\json-smart\2.3\json-smart-2.3.jar;E:\1704A\repository\net\minidev\accessors-smart\1.2\accessors-smart-1.2.jar;E:\1704A\repository\org\ow2\asm\asm\5.0.4\asm-5.0.4.jar;E:\1704A\repository\junit\junit\4.12\junit-4.12.jar;E:\1704A\repository\org\assertj\assertj-core\3.9.1\assertj-core-3.9.1.jar;E:\1704A\repository\org\mockito\mockito-core\2.15.0\mockito-core-2.15.0.jar;E:\1704A\repository\net\bytebuddy\byte-buddy\1.7.11\byte-buddy-1.7.11.jar;E:\1704A\repository\net\bytebuddy\byte-buddy-agent\1.7.11\byte-buddy-agent-1.7.11.jar;E:\1704A\repository\org\objenesis\objenesis\2.6\objenesis-2.6.jar;E:\1704A\repository\org\hamcrest\hamcrest-core\1.3\hamcrest-core-1.3.jar;E:\1704A\repository\org\hamcrest\hamcrest-library\1.3\hamcrest-library-1.3.jar;E:\1704A\repository\org\skyscreamer\jsonassert\1.5.0\jsonassert-1.5.0.jar;E:\1704A\repository\com\vaadin\external\google\android-json\0.0.20131108.vaadin1\android-json-0.0.20131108.vaadin1.jar;E:\1704A\repository\org\springframework\spring-test\5.0.5.RELEASE\spring-test-5.0.5.RELEASE.jar;E:\1704A\repository\org\xmlunit\xmlunit-core\2.5.1\xmlunit-core-2.5.1.jar;E:\1704A\repository\org\springframework\cloud\spring-cloud-starter-netflix-eureka-client\2.0.1.RELEASE\spring-cloud-starter-netflix-eureka-client-2.0.1.RELEASE.jar;E:\1704A\repository\org\springframework\cloud\spring-cloud-starter\2.0.1.RELEASE\spring-cloud-starter-2.0.1.RELEASE.jar;E:\1704A\repository\org\springframework\cloud\spring-cloud-context\2.0.1.RELEASE\spring-cloud-context-2.0.1.RELEASE.jar;E:\1704A\repository\org\springframework\security\spring-security-rsa\1.0.5.RELEASE\spring-security-rsa-1.0.5.RELEASE.jar;E:\1704A\repository\org\springframework\cloud\spring-cloud-netflix-core\2.0.1.RELEASE\spring-cloud-netflix-core-2.0.1.RELEASE.jar;E:\1704A\repository\org\springframework\cloud\spring-cloud-netflix-eureka-client\2.0.1.RELEASE\spring-cloud-netflix-eureka-client-2.0.1.RELEASE.jar;E:\1704A\repository\com\netflix\eureka\eureka-client\1.9.3\eureka-client-1.9.3.jar;E:\1704A\repository\org\codehaus\jettison\jettison\1.3.7\jettison-1.3.7.jar;E:\1704A\repository\stax\stax-api\1.0.1\stax-api-1.0.1.jar;E:\1704A\repository\com\netflix\netflix-commons\netflix-eventbus\0.3.0\netflix-eventbus-0.3.0.jar;E:\1704A\repository\com\netflix\netflix-commons\netflix-infix\0.3.0\netflix-infix-0.3.0.jar;E:\1704A\repository\commons-jxpath\commons-jxpath\1.3\commons-jxpath-1.3.jar;E:\1704A\repository\joda-time\joda-time\2.9.9\joda-time-2.9.9.jar;E:\1704A\repository\org\antlr\antlr-runtime\3.4\antlr-runtime-3.4.jar;E:\1704A\repository\org\antlr\stringtemplate\3.2.1\stringtemplate-3.2.1.jar;E:\1704A\repository\com\google\code\gson\gson\2.8.2\gson-2.8.2.jar;E:\1704A\repository\org\apache\commons\commons-math\2.2\commons-math-2.2.jar;E:\1704A\repository\com\netflix\archaius\archaius-core\0.7.6\archaius-core-0.7.6.jar;E:\1704A\repository\javax\ws\rs\jsr311-api\1.1.1\jsr311-api-1.1.1.jar;E:\1704A\repository\com\netflix\servo\servo-core\0.12.21\servo-core-0.12.21.jar;E:\1704A\repository\com\sun\jersey\jersey-core\1.19.1\jersey-core-1.19.1.jar;E:\1704A\repository\com\sun\jersey\jersey-client\1.19.1\jersey-client-1.19.1.jar;E:\1704A\repository\com\sun\jersey\contribs\jersey-apache-client4\1.19.1\jersey-apache-client4-1.19.1.jar;E:\1704A\repository\com\google\inject\guice\4.1.0\guice-4.1.0.jar;E:\1704A\repository\javax\inject\javax.inject\1\javax.inject-1.jar;E:\1704A\repository\aopalliance\aopalliance\1.0\aopalliance-1.0.jar;E:\1704A\repository\com\github\vlsi\compactmap\compactmap\1.2.1\compactmap-1.2.1.jar;E:\1704A\repository\com\github\andrewoma\dexx\dexx-collections\0.2\dexx-collections-0.2.jar;E:\1704A\repository\com\fasterxml\jackson\core\jackson-core\2.9.5\jackson-core-2.9.5.jar;E:\1704A\repository\com\netflix\eureka\eureka-core\1.9.3\eureka-core-1.9.3.jar;E:\1704A\repository\org\codehaus\woodstox\woodstox-core-asl\4.4.1\woodstox-core-asl-4.4.1.jar;E:\1704A\repository\javax\xml\stream\stax-api\1.0-2\stax-api-1.0-2.jar;E:\1704A\repository\org\codehaus\woodstox\stax2-api\3.1.4\stax2-api-3.1.4.jar;E:\1704A\repository\org\springframework\cloud\spring-cloud-starter-netflix-archaius\2.0.1.RELEASE\spring-cloud-starter-netflix-archaius-2.0.1.RELEASE.jar;E:\1704A\repository\org\springframework\cloud\spring-cloud-netflix-ribbon\2.0.1.RELEASE\spring-cloud-netflix-ribbon-2.0.1.RELEASE.jar;E:\1704A\repository\org\springframework\cloud\spring-cloud-netflix-archaius\2.0.1.RELEASE\spring-cloud-netflix-archaius-2.0.1.RELEASE.jar;E:\1704A\repository\commons-configuration\commons-configuration\1.8\commons-configuration-1.8.jar;E:\1704A\repository\commons-lang\commons-lang\2.6\commons-lang-2.6.jar;E:\1704A\repository\org\springframework\cloud\spring-cloud-starter-netflix-ribbon\2.0.1.RELEASE\spring-cloud-starter-netflix-ribbon-2.0.1.RELEASE.jar;E:\1704A\repository\com\netflix\ribbon\ribbon\2.2.5\ribbon-2.2.5.jar;E:\1704A\repository\com\netflix\ribbon\ribbon-transport\2.2.5\ribbon-transport-2.2.5.jar;E:\1704A\repository\io\reactivex\rxnetty-contexts\0.4.9\rxnetty-contexts-0.4.9.jar;E:\1704A\repository\io\reactivex\rxnetty-servo\0.4.9\rxnetty-servo-0.4.9.jar;E:\1704A\repository\io\reactivex\rxnetty\0.4.9\rxnetty-0.4.9.jar;E:\1704A\repository\io\netty\netty-codec-http\4.1.23.Final\netty-codec-http-4.1.23.Final.jar;E:\1704A\repository\io\netty\netty-codec\4.1.23.Final\netty-codec-4.1.23.Final.jar;E:\1704A\repository\io\netty\netty-transport-native-epoll\4.1.23.Final\netty-transport-native-epoll-4.1.23.Final.jar;E:\1704A\repository\io\netty\netty-common\4.1.23.Final\netty-common-4.1.23.Final.jar;E:\1704A\repository\io\netty\netty-buffer\4.1.23.Final\netty-buffer-4.1.23.Final.jar;E:\1704A\repository\io\netty\netty-transport-native-unix-common\4.1.23.Final\netty-transport-native-unix-common-4.1.23.Final.jar;E:\1704A\repository\io\netty\netty-transport\4.1.23.Final\netty-transport-4.1.23.Final.jar;E:\1704A\repository\io\netty\netty-resolver\4.1.23.Final\netty-resolver-4.1.23.Final.jar;E:\1704A\repository\com\netflix\ribbon\ribbon-core\2.2.5\ribbon-core-2.2.5.jar;E:\1704A\repository\com\netflix\ribbon\ribbon-httpclient\2.2.5\ribbon-httpclient-2.2.5.jar;E:\1704A\repository\commons-collections\commons-collections\3.2.2\commons-collections-3.2.2.jar;E:\1704A\repository\com\netflix\netflix-commons\netflix-commons-util\0.3.0\netflix-commons-util-0.3.0.jar;E:\1704A\repository\com\netflix\ribbon\ribbon-loadbalancer\2.2.5\ribbon-loadbalancer-2.2.5.jar;E:\1704A\repository\com\netflix\netflix-commons\netflix-statistics\0.1.1\netflix-statistics-0.1.1.jar;E:\1704A\repository\io\reactivex\rxjava\1.3.8\rxjava-1.3.8.jar;E:\1704A\repository\com\netflix\ribbon\ribbon-eureka\2.2.5\ribbon-eureka-2.2.5.jar;E:\1704A\repository\com\thoughtworks\xstream\xstream\1.4.10\xstream-1.4.10.jar;E:\1704A\repository\xmlpull\xmlpull\1.1.3.1\xmlpull-1.1.3.1.jar;E:\1704A\repository\xpp3\xpp3_min\1.1.4c\xpp3_min-1.1.4c.jar;E:\1704A\repository\org\springframework\cloud\spring-cloud-starter-openfeign\2.0.1.RELEASE\spring-cloud-starter-openfeign-2.0.1.RELEASE.jar;E:\1704A\repository\org\springframework\cloud\spring-cloud-openfeign-core\2.0.1.RELEASE\spring-cloud-openfeign-core-2.0.1.RELEASE.jar;E:\1704A\repository\org\springframework\cloud\spring-cloud-commons\2.0.1.RELEASE\spring-cloud-commons-2.0.1.RELEASE.jar;E:\1704A\repository\io\github\openfeign\feign-core\9.5.1\feign-core-9.5.1.jar;E:\1704A\repository\io\github\openfeign\feign-slf4j\9.5.1\feign-slf4j-9.5.1.jar;E:\1704A\repository\io\github\openfeign\feign-hystrix\9.5.1\feign-hystrix-9.5.1.jar;E:\1704A\repository\com\netflix\hystrix\hystrix-core\1.5.12\hystrix-core-1.5.12.jar;E:\1704A\repository\org\hdrhistogram\HdrHistogram\2.1.9\HdrHistogram-2.1.9.jar;E:\1704A\repository\io\github\openfeign\feign-java8\9.5.1\feign-java8-9.5.1.jar;E:\1704A\repository\com\netflix\feign\feign-okhttp\8.18.0\feign-okhttp-8.18.0.jar;E:\1704A\repository\com\netflix\feign\feign-core\8.18.0\feign-core-8.18.0.jar;E:\1704A\repository\org\jvnet\animal-sniffer-annotation\1.0\animal-sniffer-annotation-1.0.jar;, user.name=wangb, java.vm.specification.version=1.8, sun.java.command=C:\Users\wangb\AppData\Local\Temp\surefire5324342515423551962\surefirebooter5243460830507094447.jar C:\Users\wangb\AppData\Local\Temp\surefire5324342515423551962 2020-03-14T21-55-45_030-jvmRun1 surefire1707916640353451280tmp surefire_17945900769613902388tmp, java.home=C:\Program Files\Java\jdk1.8.0_91\jre, sun.arch.data.model=64, user.language=zh, java.specification.vendor=Oracle Corporation, awt.toolkit=sun.awt.windows.WToolkit, java.vm.info=mixed mode, java.version=1.8.0_91, java.ext.dirs=C:\Program Files\Java\jdk1.8.0_91\jre\lib\ext;C:\WINDOWS\Sun\Java\lib\ext, sun.boot.class.path=C:\Program Files\Java\jdk1.8.0_91\jre\lib\resources.jar;C:\Program Files\Java\jdk1.8.0_91\jre\lib\rt.jar;C:\Program Files\Java\jdk1.8.0_91\jre\lib\sunrsasign.jar;C:\Program Files\Java\jdk1.8.0_91\jre\lib\jsse.jar;C:\Program Files\Java\jdk1.8.0_91\jre\lib\jce.jar;C:\Program Files\Java\jdk1.8.0_91\jre\lib\charsets.jar;C:\Program Files\Java\jdk1.8.0_91\jre\lib\jfr.jar;C:\Program Files\Java\jdk1.8.0_91\jre\classes, java.awt.headless=true, java.vendor=Oracle Corporation, localRepository=E:\1704A\repository, file.separator=\, java.vendor.url.bug=http://bugreport.sun.com/bugreport/, sun.io.unicode.encoding=UnicodeLittle, sun.cpu.endian=little, sun.desktop=windows, sun.cpu.isalist=amd64}}, SystemEnvironmentPropertySource@357238600 {name='systemEnvironment', properties={PATH=E:\app\wangb\product\11.2.0\dbhome_1\bin;E:\maven\apache-maven-3.6.1\bin;C:\Program Files\Java\jdk1.8.0_91\bin;C:\Program Files (x86)\Intel\iCLS Client\;C:\Program Files\Intel\iCLS Client\;C:\Windows\system32;C:\Windows;C:\Windows\System32\Wbem;C:\Windows\System32\WindowsPowerShell\v1.0\;C:\Program Files (x86)\NVIDIA Corporation\PhysX\Common;C:\Program Files (x86)\Intel\Intel(R) Management Engine Components\DAL;C:\Program Files\Intel\Intel(R) Management Engine Components\DAL;C:\Program Files (x86)\Intel\Intel(R) Management Engine Components\IPT;C:\Program Files\Intel\Intel(R) Management Engine Components\IPT;C:\WINDOWS\system32;C:\WINDOWS;C:\WINDOWS\System32\Wbem;C:\WINDOWS\System32\WindowsPowerShell\v1.0\;C:\WINDOWS\System32\OpenSSH\;C:\Program Files\MySQL\MySQL Server 5.5\bin;E:\nodejs\;E:\Git\cmd;E:\Mp4\ffmpeg-20180227-fa0c9d6-win64-static\bin;C:\Users\wangb\AppData\Local\Microsoft\WindowsApps;C:\Users\wangb\AppData\Roaming\npm;E:\Microsoft VS Code\bin, USERDOMAIN_ROAMINGPROFILE=LAPTOP-8K1AKH0O, LOCALAPPDATA=C:\Users\wangb\AppData\Local, PROCESSOR_LEVEL=6, SYSTEMDRIVE=C:, COMMONPROGRAMFILES(X86)=C:\Program Files (x86)\Common Files, USERDOMAIN=LAPTOP-8K1AKH0O, FPS_BROWSER_APP_PROFILE_STRING=Internet Explorer, LOGONSERVER=\\LAPTOP-8K1AKH0O, JAVA_HOME=C:\Program Files\Java\jdk1.8.0_91, PROMPT=$P$G, SESSIONNAME=Console, ALLUSERSPROFILE=C:\ProgramData, PROGRAMFILES(X86)=C:\Program Files (x86), PROCESSOR_ARCHITECTURE=AMD64, DRIVERDATA=C:\Windows\System32\Drivers\DriverData, ERLANG_HOME=E:\erl9.2, =E:=E:\1704A\hdServiceCode\nm-service-manage-course, PROGRAMFILES=C:\Program Files, APPDATA=C:\Users\wangb\AppData\Roaming, MOZ_PLUGIN_PATH=E:\1704A\FoxitPhantomPDFBusiness\plugins\, PSMODULEPATH=C:\Program Files\WindowsPowerShell\Modules;C:\WINDOWS\system32\WindowsPowerShell\v1.0\Modules, PROGRAMW6432=C:\Program Files, PROGRAMDATA=C:\ProgramData, SYSTEMROOT=C:\WINDOWS, USERNAME=wangb, FPS_BROWSER_USER_PROFILE_STRING=Default, ONEDRIVE=C:\Users\wangb\OneDrive, CONFIGSETROOT=C:\WINDOWS\ConfigSetRoot, PATHEXT=.COM;.EXE;.BAT;.CMD;.VBS;.VBE;.JS;.JSE;.WSF;.WSH;.MSC, OS=Windows_NT, COMMONPROGRAMW6432=C:\Program Files\Common Files, COMPUTERNAME=LAPTOP-8K1AKH0O, COMMONPROGRAMFILES=C:\Program Files\Common Files, COMSPEC=C:\WINDOWS\system32\cmd.exe, PROCESSOR_REVISION=9e09, WINDIR=C:\WINDOWS, RABBITMQ_SERVER=E:\rabibitmq\rabbitmq_server-3.7.4, HOMEPATH=\Users\wangb, TEMP=C:\Users\wangb\AppData\Local\Temp, HOMEDRIVE=C:, PROCESSOR_IDENTIFIER=Intel64 Family 6 Model 158 Stepping 9, GenuineIntel, USERPROFILE=C:\Users\wangb, TMP=C:\Users\wangb\AppData\Local\Temp, PUBLIC=C:\Users\Public, NUMBER_OF_PROCESSORS=8, =::=::\}}]
2020-03-14 21:57:05.669 [main] DEBUG o.s.c.a.ClassPathBeanDefinitionScanner - JSR-250 'javax.annotation.ManagedBean' found and supported for component scanning
2020-03-14 21:57:05.669 [main] DEBUG o.s.c.a.ClassPathBeanDefinitionScanner - JSR-330 'javax.inject.Named' annotation found and supported for component scanning
2020-03-14 21:57:05.672 [main] DEBUG o.s.core.env.StandardEnvironment - Adding PropertySource 'feign' with highest search precedence
2020-03-14 21:57:05.672 [main] DEBUG o.s.core.env.StandardEnvironment - Adding PropertySource 'configurationProperties' with lowest search precedence
2020-03-14 21:57:05.672 [main] DEBUG o.s.core.env.StandardEnvironment - Adding PropertySource 'Inlined Test Properties' with lowest search precedence
2020-03-14 21:57:05.672 [main] DEBUG o.s.core.env.StandardEnvironment - Adding PropertySource 'random' with lowest search precedence
2020-03-14 21:57:05.672 [main] DEBUG o.s.core.env.StandardEnvironment - Adding PropertySource 'applicationConfig: [classpath:/application.yml]' with lowest search precedence
2020-03-14 21:57:05.672 [main] DEBUG o.s.core.env.StandardEnvironment - Adding PropertySource 'springCloudClientHostInfo' with lowest search precedence
2020-03-14 21:57:05.672 [main] DEBUG o.s.core.env.StandardEnvironment - Adding PropertySource 'defaultProperties' with lowest search precedence
2020-03-14 21:57:05.672 [main] DEBUG o.s.c.e.PropertySourcesPropertyResolver - Could not find key 'spring.profiles.active' in any property source
2020-03-14 21:57:05.673 [main] DEBUG o.s.c.e.PropertySourcesPropertyResolver - Could not find key 'spring.profiles.default' in any property source
2020-03-14 21:57:05.673 [main] INFO  o.s.c.a.AnnotationConfigApplicationContext - Refreshing FeignContext-nm-service-manage-cms: startup date [Sat Mar 14 21:57:05 CST 2020]; parent: org.springframework.web.context.support.GenericWebApplicationContext@1ee4730
2020-03-14 21:57:05.673 [main] DEBUG o.s.c.a.AnnotationConfigApplicationContext - Bean factory for FeignContext-nm-service-manage-cms: org.springframework.beans.factory.support.DefaultListableBeanFactory@6cd7dc74: defining beans [org.springframework.context.annotation.internalConfigurationAnnotationProcessor,org.springframework.context.annotation.internalAutowiredAnnotationProcessor,org.springframework.context.annotation.internalRequiredAnnotationProcessor,org.springframework.context.annotation.internalCommonAnnotationProcessor,org.springframework.context.annotation.internalPersistenceAnnotationProcessor,org.springframework.context.event.internalEventListenerProcessor,org.springframework.context.event.internalEventListenerFactory,propertyPlaceholderAutoConfiguration,feignClientsConfiguration]; parent: org.springframework.beans.factory.support.DefaultListableBeanFactory@10b892d5
2020-03-14 21:57:05.674 [main] DEBUG o.s.b.f.s.DefaultListableBeanFactory - Creating shared instance of singleton bean 'org.springframework.context.annotation.internalConfigurationAnnotationProcessor'
2020-03-14 21:57:05.674 [main] DEBUG o.s.b.f.s.DefaultListableBeanFactory - Creating instance of bean 'org.springframework.context.annotation.internalConfigurationAnnotationProcessor'
2020-03-14 21:57:05.674 [main] DEBUG o.s.b.f.s.DefaultListableBeanFactory - Eagerly caching bean 'org.springframework.context.annotation.internalConfigurationAnnotationProcessor' to allow for resolving potential circular references
2020-03-14 21:57:05.674 [main] DEBUG o.s.b.f.s.DefaultListableBeanFactory - Finished creating instance of bean 'org.springframework.context.annotation.internalConfigurationAnnotationProcessor'
2020-03-14 21:57:05.691 [main] DEBUG o.s.b.f.s.DefaultListableBeanFactory - Returning cached instance of singleton bean 'autoConfigurationReport'
2020-03-14 21:57:05.713 [main] DEBUG o.s.b.f.s.DefaultListableBeanFactory - Creating shared instance of singleton bean 'org.springframework.boot.autoconfigure.condition.BeanTypeRegistry'
2020-03-14 21:57:05.713 [main] DEBUG o.s.b.f.s.DefaultListableBeanFactory - Creating instance of bean 'org.springframework.boot.autoconfigure.condition.BeanTypeRegistry'
2020-03-14 21:57:05.713 [main] DEBUG o.s.b.f.s.DefaultListableBeanFactory - Eagerly caching bean 'org.springframework.boot.autoconfigure.condition.BeanTypeRegistry' to allow for resolving potential circular references
2020-03-14 21:57:05.713 [main] DEBUG o.s.b.f.s.DefaultListableBeanFactory - Finished creating instance of bean 'org.springframework.boot.autoconfigure.condition.BeanTypeRegistry'
2020-03-14 21:57:05.714 [main] DEBUG o.s.b.f.s.DefaultListableBeanFactory - Returning cached instance of singleton bean 'autoConfigurationReport'
2020-03-14 21:57:05.714 [main] DEBUG o.s.c.a.ConfigurationClassBeanDefinitionReader - Registering bean definition for @Bean method org.springframework.boot.autoconfigure.context.PropertyPlaceholderAutoConfiguration.propertySourcesPlaceholderConfigurer()
2020-03-14 21:57:05.714 [main] DEBUG o.s.b.f.s.DefaultListableBeanFactory - Returning cached instance of singleton bean 'autoConfigurationReport'
2020-03-14 21:57:05.715 [main] DEBUG o.s.c.a.ConfigurationClassBeanDefinitionReader - Registered bean definition for imported class 'org.springframework.cloud.openfeign.FeignClientsConfiguration$HystrixFeignConfiguration'
2020-03-14 21:57:05.715 [main] DEBUG o.s.b.f.s.DefaultListableBeanFactory - Returning cached instance of singleton bean 'autoConfigurationReport'
2020-03-14 21:57:05.716 [main] DEBUG o.s.b.f.s.DefaultListableBeanFactory - Returning cached instance of singleton bean 'org.springframework.boot.autoconfigure.condition.BeanTypeRegistry'
2020-03-14 21:57:05.716 [main] DEBUG o.s.b.f.s.DefaultListableBeanFactory - Returning cached instance of singleton bean 'org.springframework.boot.autoconfigure.condition.BeanTypeRegistry'
2020-03-14 21:57:05.718 [main] DEBUG o.s.b.f.s.DefaultListableBeanFactory - Returning cached instance of singleton bean 'org.springframework.boot.autoconfigure.condition.BeanTypeRegistry'
2020-03-14 21:57:05.718 [main] DEBUG o.s.b.f.s.DefaultListableBeanFactory - Returning cached instance of singleton bean 'autoConfigurationReport'
2020-03-14 21:57:05.719 [main] DEBUG o.s.c.a.ConfigurationClassBeanDefinitionReader - Registering bean definition for @Bean method org.springframework.cloud.openfeign.FeignClientsConfiguration.feignDecoder()
2020-03-14 21:57:05.721 [main] DEBUG o.s.b.f.s.DefaultListableBeanFactory - Returning cached instance of singleton bean 'org.springframework.boot.autoconfigure.condition.BeanTypeRegistry'
2020-03-14 21:57:05.721 [main] DEBUG o.s.b.f.s.DefaultListableBeanFactory - Returning cached instance of singleton bean 'org.springframework.boot.autoconfigure.condition.BeanTypeRegistry'
2020-03-14 21:57:05.722 [main] DEBUG o.s.b.f.s.DefaultListableBeanFactory - Returning cached instance of singleton bean 'org.springframework.boot.autoconfigure.condition.BeanTypeRegistry'
2020-03-14 21:57:05.722 [main] DEBUG o.s.b.f.s.DefaultListableBeanFactory - Returning cached instance of singleton bean 'autoConfigurationReport'
2020-03-14 21:57:05.723 [main] DEBUG o.s.c.a.ConfigurationClassBeanDefinitionReader - Registering bean definition for @Bean method org.springframework.cloud.openfeign.FeignClientsConfiguration.feignEncoder()
2020-03-14 21:57:05.723 [main] DEBUG o.s.b.f.s.DefaultListableBeanFactory - Returning cached instance of singleton bean 'org.springframework.boot.autoconfigure.condition.BeanTypeRegistry'
2020-03-14 21:57:05.723 [main] DEBUG o.s.b.f.s.DefaultListableBeanFactory - Returning cached instance of singleton bean 'org.springframework.boot.autoconfigure.condition.BeanTypeRegistry'
2020-03-14 21:57:05.724 [main] DEBUG o.s.b.f.s.DefaultListableBeanFactory - Returning cached instance of singleton bean 'org.springframework.boot.autoconfigure.condition.BeanTypeRegistry'
2020-03-14 21:57:05.724 [main] DEBUG o.s.b.f.s.DefaultListableBeanFactory - Returning cached instance of singleton bean 'autoConfigurationReport'
2020-03-14 21:57:05.726 [main] DEBUG o.s.c.a.ConfigurationClassBeanDefinitionReader - Registering bean definition for @Bean method org.springframework.cloud.openfeign.FeignClientsConfiguration.feignContract()
2020-03-14 21:57:05.728 [main] DEBUG o.s.c.a.ConfigurationClassBeanDefinitionReader - Registering bean definition for @Bean method org.springframework.cloud.openfeign.FeignClientsConfiguration.feignConversionService()
2020-03-14 21:57:05.758 [main] DEBUG o.s.b.f.s.DefaultListableBeanFactory - Returning cached instance of singleton bean 'org.springframework.boot.autoconfigure.condition.BeanTypeRegistry'
2020-03-14 21:57:05.759 [main] DEBUG o.s.b.f.s.DefaultListableBeanFactory - Returning cached instance of singleton bean 'org.springframework.boot.autoconfigure.condition.BeanTypeRegistry'
2020-03-14 21:57:05.761 [main] DEBUG o.s.b.f.s.DefaultListableBeanFactory - Returning cached instance of singleton bean 'org.springframework.boot.autoconfigure.condition.BeanTypeRegistry'
2020-03-14 21:57:05.762 [main] DEBUG o.s.b.f.s.DefaultListableBeanFactory - Returning cached instance of singleton bean 'autoConfigurationReport'
2020-03-14 21:57:05.771 [main] DEBUG o.s.c.a.ConfigurationClassBeanDefinitionReader - Registering bean definition for @Bean method org.springframework.cloud.openfeign.FeignClientsConfiguration.feignRetryer()
2020-03-14 21:57:05.774 [main] DEBUG o.s.b.f.s.DefaultListableBeanFactory - Returning cached instance of singleton bean 'org.springframework.boot.autoconfigure.condition.BeanTypeRegistry'
2020-03-14 21:57:05.774 [main] DEBUG o.s.b.f.s.DefaultListableBeanFactory - Returning cached instance of singleton bean 'org.springframework.boot.autoconfigure.condition.BeanTypeRegistry'
2020-03-14 21:57:05.774 [main] DEBUG o.s.b.f.s.DefaultListableBeanFactory - Returning cached instance of singleton bean 'org.springframework.boot.autoconfigure.condition.BeanTypeRegistry'
2020-03-14 21:57:05.774 [main] DEBUG o.s.b.f.s.DefaultListableBeanFactory - Returning cached instance of singleton bean 'autoConfigurationReport'
2020-03-14 21:57:05.775 [main] DEBUG o.s.c.a.ConfigurationClassBeanDefinitionReader - Registering bean definition for @Bean method org.springframework.cloud.openfeign.FeignClientsConfiguration.feignBuilder()
2020-03-14 21:57:05.775 [main] DEBUG o.s.b.f.s.DefaultListableBeanFactory - Returning cached instance of singleton bean 'org.springframework.boot.autoconfigure.condition.BeanTypeRegistry'
2020-03-14 21:57:05.775 [main] DEBUG o.s.b.f.s.DefaultListableBeanFactory - Returning cached instance of singleton bean 'org.springframework.boot.autoconfigure.condition.BeanTypeRegistry'
2020-03-14 21:57:05.776 [main] DEBUG o.s.b.f.s.DefaultListableBeanFactory - Returning cached instance of singleton bean 'org.springframework.boot.autoconfigure.condition.BeanTypeRegistry'
2020-03-14 21:57:05.777 [main] DEBUG o.s.b.f.s.DefaultListableBeanFactory - Returning cached instance of singleton bean 'autoConfigurationReport'
2020-03-14 21:57:05.777 [main] DEBUG o.s.c.a.ConfigurationClassBeanDefinitionReader - Registering bean definition for @Bean method org.springframework.cloud.openfeign.FeignClientsConfiguration.feignLoggerFactory()
2020-03-14 21:57:05.779 [main] DEBUG o.s.c.a.ConfigurationClassEnhancer - Successfully enhanced org.springframework.boot.autoconfigure.context.PropertyPlaceholderAutoConfiguration; enhanced class name is: org.springframework.boot.autoconfigure.context.PropertyPlaceholderAutoConfiguration$$EnhancerBySpringCGLIB$$a200c672
2020-03-14 21:57:05.780 [main] DEBUG o.s.c.a.ConfigurationClassPostProcessor - Replacing bean definition 'propertyPlaceholderAutoConfiguration' existing class 'org.springframework.boot.autoconfigure.context.PropertyPlaceholderAutoConfiguration' with enhanced class 'org.springframework.boot.autoconfigure.context.PropertyPlaceholderAutoConfiguration$$EnhancerBySpringCGLIB$$a200c672'
2020-03-14 21:57:05.786 [main] DEBUG o.s.c.a.ConfigurationClassEnhancer - Successfully enhanced org.springframework.cloud.openfeign.FeignClientsConfiguration; enhanced class name is: org.springframework.cloud.openfeign.FeignClientsConfiguration$$EnhancerBySpringCGLIB$$84ce9bb6
2020-03-14 21:57:05.786 [main] DEBUG o.s.c.a.ConfigurationClassPostProcessor - Replacing bean definition 'feignClientsConfiguration' existing class 'org.springframework.cloud.openfeign.FeignClientsConfiguration' with enhanced class 'org.springframework.cloud.openfeign.FeignClientsConfiguration$$EnhancerBySpringCGLIB$$84ce9bb6'
2020-03-14 21:57:05.789 [main] DEBUG o.s.c.a.ConfigurationClassEnhancer - Successfully enhanced org.springframework.cloud.openfeign.FeignClientsConfiguration$HystrixFeignConfiguration; enhanced class name is: org.springframework.cloud.openfeign.FeignClientsConfiguration$HystrixFeignConfiguration$$EnhancerBySpringCGLIB$$b92586
2020-03-14 21:57:05.789 [main] DEBUG o.s.c.a.ConfigurationClassPostProcessor - Replacing bean definition 'org.springframework.cloud.openfeign.FeignClientsConfiguration$HystrixFeignConfiguration' existing class 'org.springframework.cloud.openfeign.FeignClientsConfiguration$HystrixFeignConfiguration' with enhanced class 'org.springframework.cloud.openfeign.FeignClientsConfiguration$HystrixFeignConfiguration$$EnhancerBySpringCGLIB$$b92586'
2020-03-14 21:57:05.790 [main] DEBUG o.s.b.f.s.DefaultListableBeanFactory - Creating shared instance of singleton bean 'propertySourcesPlaceholderConfigurer'
2020-03-14 21:57:05.790 [main] DEBUG o.s.b.f.s.DefaultListableBeanFactory - Creating instance of bean 'propertySourcesPlaceholderConfigurer'
2020-03-14 21:57:05.790 [main] DEBUG o.s.b.f.s.DefaultListableBeanFactory - Eagerly caching bean 'propertySourcesPlaceholderConfigurer' to allow for resolving potential circular references
2020-03-14 21:57:05.791 [main] DEBUG o.s.b.f.s.DefaultListableBeanFactory - Finished creating instance of bean 'propertySourcesPlaceholderConfigurer'
2020-03-14 21:57:05.791 [main] DEBUG o.s.core.env.MutablePropertySources - Adding PropertySource 'environmentProperties' with lowest search precedence
2020-03-14 21:57:05.791 [main] DEBUG o.s.core.env.MutablePropertySources - Adding PropertySource 'localProperties' with lowest search precedence
2020-03-14 21:57:05.794 [main] DEBUG o.s.b.f.s.DefaultListableBeanFactory - Creating shared instance of singleton bean 'org.springframework.context.annotation.internalAutowiredAnnotationProcessor'
2020-03-14 21:57:05.794 [main] DEBUG o.s.b.f.s.DefaultListableBeanFactory - Creating instance of bean 'org.springframework.context.annotation.internalAutowiredAnnotationProcessor'
2020-03-14 21:57:05.794 [main] INFO  o.s.b.f.a.AutowiredAnnotationBeanPostProcessor - JSR-330 'javax.inject.Inject' annotation found and supported for autowiring
2020-03-14 21:57:05.795 [main] DEBUG o.s.b.f.s.DefaultListableBeanFactory - Eagerly caching bean 'org.springframework.context.annotation.internalAutowiredAnnotationProcessor' to allow for resolving potential circular references
2020-03-14 21:57:05.796 [main] DEBUG o.s.b.f.s.DefaultListableBeanFactory - Finished creating instance of bean 'org.springframework.context.annotation.internalAutowiredAnnotationProcessor'
2020-03-14 21:57:05.797 [main] DEBUG o.s.b.f.s.DefaultListableBeanFactory - Creating shared instance of singleton bean 'org.springframework.context.annotation.internalRequiredAnnotationProcessor'
2020-03-14 21:57:05.797 [main] DEBUG o.s.b.f.s.DefaultListableBeanFactory - Creating instance of bean 'org.springframework.context.annotation.internalRequiredAnnotationProcessor'
2020-03-14 21:57:05.797 [main] DEBUG o.s.b.f.s.DefaultListableBeanFactory - Eagerly caching bean 'org.springframework.context.annotation.internalRequiredAnnotationProcessor' to allow for resolving potential circular references
2020-03-14 21:57:05.798 [main] DEBUG o.s.b.f.s.DefaultListableBeanFactory - Finished creating instance of bean 'org.springframework.context.annotation.internalRequiredAnnotationProcessor'
2020-03-14 21:57:05.798 [main] DEBUG o.s.b.f.s.DefaultListableBeanFactory - Creating shared instance of singleton bean 'org.springframework.context.annotation.internalCommonAnnotationProcessor'
2020-03-14 21:57:05.798 [main] DEBUG o.s.b.f.s.DefaultListableBeanFactory - Creating instance of bean 'org.springframework.context.annotation.internalCommonAnnotationProcessor'
2020-03-14 21:57:05.799 [main] DEBUG o.s.b.f.s.DefaultListableBeanFactory - Eagerly caching bean 'org.springframework.context.annotation.internalCommonAnnotationProcessor' to allow for resolving potential circular references
2020-03-14 21:57:05.800 [main] DEBUG o.s.b.f.s.DefaultListableBeanFactory - Finished creating instance of bean 'org.springframework.context.annotation.internalCommonAnnotationProcessor'
2020-03-14 21:57:05.800 [main] DEBUG o.s.b.f.s.DefaultListableBeanFactory - Creating shared instance of singleton bean 'org.springframework.context.annotation.internalPersistenceAnnotationProcessor'
2020-03-14 21:57:05.800 [main] DEBUG o.s.b.f.s.DefaultListableBeanFactory - Creating instance of bean 'org.springframework.context.annotation.internalPersistenceAnnotationProcessor'
2020-03-14 21:57:05.801 [main] DEBUG o.s.b.f.s.DefaultListableBeanFactory - Eagerly caching bean 'org.springframework.context.annotation.internalPersistenceAnnotationProcessor' to allow for resolving potential circular references
2020-03-14 21:57:05.801 [main] DEBUG o.s.b.f.s.DefaultListableBeanFactory - Finished creating instance of bean 'org.springframework.context.annotation.internalPersistenceAnnotationProcessor'
2020-03-14 21:57:05.802 [main] DEBUG o.s.c.a.AnnotationConfigApplicationContext - Unable to locate MessageSource with name 'messageSource': using default [org.springframework.context.support.DelegatingMessageSource@1b10f60e]
2020-03-14 21:57:05.802 [main] DEBUG o.s.c.a.AnnotationConfigApplicationContext - Unable to locate ApplicationEventMulticaster with name 'applicationEventMulticaster': using default [org.springframework.context.event.SimpleApplicationEventMulticaster@4b916cc2]
2020-03-14 21:57:05.802 [main] DEBUG o.s.b.f.s.DefaultListableBeanFactory - Pre-instantiating singletons in org.springframework.beans.factory.support.DefaultListableBeanFactory@6cd7dc74: defining beans [org.springframework.context.annotation.internalConfigurationAnnotationProcessor,org.springframework.context.annotation.internalAutowiredAnnotationProcessor,org.springframework.context.annotation.internalRequiredAnnotationProcessor,org.springframework.context.annotation.internalCommonAnnotationProcessor,org.springframework.context.annotation.internalPersistenceAnnotationProcessor,org.springframework.context.event.internalEventListenerProcessor,org.springframework.context.event.internalEventListenerFactory,propertyPlaceholderAutoConfiguration,feignClientsConfiguration,org.springframework.boot.autoconfigure.condition.BeanTypeRegistry,propertySourcesPlaceholderConfigurer,org.springframework.cloud.openfeign.FeignClientsConfiguration$HystrixFeignConfiguration,feignDecoder,feignEncoder,feignContract,feignConversionService,feignRetryer,feignBuilder,feignLoggerFactory]; parent: org.springframework.beans.factory.support.DefaultListableBeanFactory@10b892d5
2020-03-14 21:57:05.802 [main] DEBUG o.s.b.f.s.DefaultListableBeanFactory - Returning cached instance of singleton bean 'org.springframework.context.annotation.internalConfigurationAnnotationProcessor'
2020-03-14 21:57:05.802 [main] DEBUG o.s.b.f.s.DefaultListableBeanFactory - Returning cached instance of singleton bean 'org.springframework.context.annotation.internalAutowiredAnnotationProcessor'
2020-03-14 21:57:05.802 [main] DEBUG o.s.b.f.s.DefaultListableBeanFactory - Returning cached instance of singleton bean 'org.springframework.context.annotation.internalRequiredAnnotationProcessor'
2020-03-14 21:57:05.802 [main] DEBUG o.s.b.f.s.DefaultListableBeanFactory - Returning cached instance of singleton bean 'org.springframework.context.annotation.internalCommonAnnotationProcessor'
2020-03-14 21:57:05.802 [main] DEBUG o.s.b.f.s.DefaultListableBeanFactory - Returning cached instance of singleton bean 'org.springframework.context.annotation.internalPersistenceAnnotationProcessor'
2020-03-14 21:57:05.803 [main] DEBUG o.s.b.f.s.DefaultListableBeanFactory - Creating shared instance of singleton bean 'org.springframework.context.event.internalEventListenerProcessor'
2020-03-14 21:57:05.803 [main] DEBUG o.s.b.f.s.DefaultListableBeanFactory - Creating instance of bean 'org.springframework.context.event.internalEventListenerProcessor'
2020-03-14 21:57:05.805 [main] DEBUG o.s.b.f.s.DefaultListableBeanFactory - Eagerly caching bean 'org.springframework.context.event.internalEventListenerProcessor' to allow for resolving potential circular references
2020-03-14 21:57:05.807 [main] DEBUG o.s.b.f.s.DefaultListableBeanFactory - Finished creating instance of bean 'org.springframework.context.event.internalEventListenerProcessor'
2020-03-14 21:57:05.808 [main] DEBUG o.s.b.f.s.DefaultListableBeanFactory - Creating shared instance of singleton bean 'org.springframework.context.event.internalEventListenerFactory'
2020-03-14 21:57:05.808 [main] DEBUG o.s.b.f.s.DefaultListableBeanFactory - Creating instance of bean 'org.springframework.context.event.internalEventListenerFactory'
2020-03-14 21:57:05.808 [main] DEBUG o.s.b.f.s.DefaultListableBeanFactory - Eagerly caching bean 'org.springframework.context.event.internalEventListenerFactory' to allow for resolving potential circular references
2020-03-14 21:57:05.809 [main] DEBUG o.s.b.f.s.DefaultListableBeanFactory - Finished creating instance of bean 'org.springframework.context.event.internalEventListenerFactory'
2020-03-14 21:57:05.809 [main] DEBUG o.s.b.f.s.DefaultListableBeanFactory - Creating shared instance of singleton bean 'propertyPlaceholderAutoConfiguration'
2020-03-14 21:57:05.809 [main] DEBUG o.s.b.f.s.DefaultListableBeanFactory - Creating instance of bean 'propertyPlaceholderAutoConfiguration'
2020-03-14 21:57:05.809 [main] DEBUG o.s.b.f.s.DefaultListableBeanFactory - Eagerly caching bean 'propertyPlaceholderAutoConfiguration' to allow for resolving potential circular references
2020-03-14 21:57:05.821 [main] DEBUG o.s.b.f.s.DefaultListableBeanFactory - Finished creating instance of bean 'propertyPlaceholderAutoConfiguration'
2020-03-14 21:57:05.822 [main] DEBUG o.s.b.f.s.DefaultListableBeanFactory - Creating shared instance of singleton bean 'feignClientsConfiguration'
2020-03-14 21:57:05.822 [main] DEBUG o.s.b.f.s.DefaultListableBeanFactory - Creating instance of bean 'feignClientsConfiguration'
2020-03-14 21:57:05.826 [main] DEBUG o.s.b.f.annotation.InjectionMetadata - Registered injected element on class [org.springframework.cloud.openfeign.FeignClientsConfiguration$$EnhancerBySpringCGLIB$$84ce9bb6]: AutowiredFieldElement for private org.springframework.beans.factory.ObjectFactory org.springframework.cloud.openfeign.FeignClientsConfiguration.messageConverters
2020-03-14 21:57:05.826 [main] DEBUG o.s.b.f.annotation.InjectionMetadata - Registered injected element on class [org.springframework.cloud.openfeign.FeignClientsConfiguration$$EnhancerBySpringCGLIB$$84ce9bb6]: AutowiredFieldElement for private java.util.List org.springframework.cloud.openfeign.FeignClientsConfiguration.parameterProcessors
2020-03-14 21:57:05.826 [main] DEBUG o.s.b.f.annotation.InjectionMetadata - Registered injected element on class [org.springframework.cloud.openfeign.FeignClientsConfiguration$$EnhancerBySpringCGLIB$$84ce9bb6]: AutowiredFieldElement for private java.util.List org.springframework.cloud.openfeign.FeignClientsConfiguration.feignFormatterRegistrars
2020-03-14 21:57:05.826 [main] DEBUG o.s.b.f.annotation.InjectionMetadata - Registered injected element on class [org.springframework.cloud.openfeign.FeignClientsConfiguration$$EnhancerBySpringCGLIB$$84ce9bb6]: AutowiredFieldElement for private feign.Logger org.springframework.cloud.openfeign.FeignClientsConfiguration.logger
2020-03-14 21:57:05.826 [main] DEBUG o.s.b.f.s.DefaultListableBeanFactory - Eagerly caching bean 'feignClientsConfiguration' to allow for resolving potential circular references
2020-03-14 21:57:05.839 [main] DEBUG o.s.b.f.annotation.InjectionMetadata - Processing injected element of bean 'feignClientsConfiguration': AutowiredFieldElement for private org.springframework.beans.factory.ObjectFactory org.springframework.cloud.openfeign.FeignClientsConfiguration.messageConverters
2020-03-14 21:57:05.839 [main] DEBUG o.s.b.f.annotation.InjectionMetadata - Processing injected element of bean 'feignClientsConfiguration': AutowiredFieldElement for private java.util.List org.springframework.cloud.openfeign.FeignClientsConfiguration.parameterProcessors
2020-03-14 21:57:05.839 [main] DEBUG o.s.core.annotation.AnnotationUtils - Failed to meta-introspect annotation interface org.springframework.beans.factory.annotation.Autowired: java.lang.NullPointerException
2020-03-14 21:57:05.843 [main] DEBUG o.s.b.f.annotation.InjectionMetadata - Processing injected element of bean 'feignClientsConfiguration': AutowiredFieldElement for private java.util.List org.springframework.cloud.openfeign.FeignClientsConfiguration.feignFormatterRegistrars
2020-03-14 21:57:05.844 [main] DEBUG o.s.core.annotation.AnnotationUtils - Failed to meta-introspect annotation interface org.springframework.beans.factory.annotation.Autowired: java.lang.NullPointerException
2020-03-14 21:57:05.848 [main] DEBUG o.s.b.f.annotation.InjectionMetadata - Processing injected element of bean 'feignClientsConfiguration': AutowiredFieldElement for private feign.Logger org.springframework.cloud.openfeign.FeignClientsConfiguration.logger
2020-03-14 21:57:05.848 [main] DEBUG o.s.core.annotation.AnnotationUtils - Failed to meta-introspect annotation interface org.springframework.beans.factory.annotation.Autowired: java.lang.NullPointerException
2020-03-14 21:57:05.854 [main] DEBUG o.s.b.f.s.DefaultListableBeanFactory - Finished creating instance of bean 'feignClientsConfiguration'
2020-03-14 21:57:05.854 [main] DEBUG o.s.b.f.s.DefaultListableBeanFactory - Returning cached instance of singleton bean 'org.springframework.boot.autoconfigure.condition.BeanTypeRegistry'
2020-03-14 21:57:05.854 [main] DEBUG o.s.b.f.s.DefaultListableBeanFactory - Returning cached instance of singleton bean 'propertySourcesPlaceholderConfigurer'
2020-03-14 21:57:05.854 [main] DEBUG o.s.b.f.s.DefaultListableBeanFactory - Creating shared instance of singleton bean 'org.springframework.cloud.openfeign.FeignClientsConfiguration$HystrixFeignConfiguration'
2020-03-14 21:57:05.854 [main] DEBUG o.s.b.f.s.DefaultListableBeanFactory - Creating instance of bean 'org.springframework.cloud.openfeign.FeignClientsConfiguration$HystrixFeignConfiguration'
2020-03-14 21:57:05.855 [main] DEBUG o.s.b.f.s.DefaultListableBeanFactory - Eagerly caching bean 'org.springframework.cloud.openfeign.FeignClientsConfiguration$HystrixFeignConfiguration' to allow for resolving potential circular references
2020-03-14 21:57:05.875 [main] DEBUG o.s.b.f.s.DefaultListableBeanFactory - Finished creating instance of bean 'org.springframework.cloud.openfeign.FeignClientsConfiguration$HystrixFeignConfiguration'
2020-03-14 21:57:05.875 [main] DEBUG o.s.b.f.s.DefaultListableBeanFactory - Creating shared instance of singleton bean 'feignDecoder'
2020-03-14 21:57:05.875 [main] DEBUG o.s.b.f.s.DefaultListableBeanFactory - Creating instance of bean 'feignDecoder'
2020-03-14 21:57:05.876 [main] DEBUG o.s.b.f.s.DefaultListableBeanFactory - Returning cached instance of singleton bean 'feignClientsConfiguration'
2020-03-14 21:57:05.904 [main] DEBUG o.s.b.f.s.DefaultListableBeanFactory - Eagerly caching bean 'feignDecoder' to allow for resolving potential circular references
2020-03-14 21:57:05.908 [main] DEBUG o.s.b.f.s.DefaultListableBeanFactory - Finished creating instance of bean 'feignDecoder'
2020-03-14 21:57:05.909 [main] DEBUG o.s.b.f.s.DefaultListableBeanFactory - Creating shared instance of singleton bean 'feignEncoder'
2020-03-14 21:57:05.909 [main] DEBUG o.s.b.f.s.DefaultListableBeanFactory - Creating instance of bean 'feignEncoder'
2020-03-14 21:57:05.909 [main] DEBUG o.s.b.f.s.DefaultListableBeanFactory - Returning cached instance of singleton bean 'feignClientsConfiguration'
2020-03-14 21:57:05.918 [main] DEBUG o.s.b.f.s.DefaultListableBeanFactory - Eagerly caching bean 'feignEncoder' to allow for resolving potential circular references
2020-03-14 21:57:05.924 [main] DEBUG o.s.b.f.s.DefaultListableBeanFactory - Finished creating instance of bean 'feignEncoder'
2020-03-14 21:57:05.931 [main] DEBUG o.s.b.f.s.DefaultListableBeanFactory - Creating shared instance of singleton bean 'feignContract'
2020-03-14 21:57:05.932 [main] DEBUG o.s.b.f.s.DefaultListableBeanFactory - Creating instance of bean 'feignContract'
2020-03-14 21:57:05.932 [main] DEBUG o.s.b.f.s.DefaultListableBeanFactory - Returning cached instance of singleton bean 'feignClientsConfiguration'
2020-03-14 21:57:05.944 [main] DEBUG o.s.b.f.s.DefaultListableBeanFactory - Creating shared instance of singleton bean 'feignConversionService'
2020-03-14 21:57:05.944 [main] DEBUG o.s.b.f.s.DefaultListableBeanFactory - Creating instance of bean 'feignConversionService'
2020-03-14 21:57:05.944 [main] DEBUG o.s.b.f.s.DefaultListableBeanFactory - Returning cached instance of singleton bean 'feignClientsConfiguration'
2020-03-14 21:57:05.969 [main] DEBUG o.s.b.f.s.DefaultListableBeanFactory - Eagerly caching bean 'feignConversionService' to allow for resolving potential circular references
2020-03-14 21:57:05.995 [main] DEBUG o.s.b.f.s.DefaultListableBeanFactory - Finished creating instance of bean 'feignConversionService'
2020-03-14 21:57:05.996 [main] DEBUG o.s.b.f.s.DefaultListableBeanFactory - Autowiring by type from bean name 'feignContract' via factory method to bean named 'feignConversionService'
2020-03-14 21:57:06.042 [main] DEBUG o.s.b.f.s.DefaultListableBeanFactory - Eagerly caching bean 'feignContract' to allow for resolving potential circular references
2020-03-14 21:57:06.053 [main] DEBUG o.s.b.f.s.DefaultListableBeanFactory - Finished creating instance of bean 'feignContract'
2020-03-14 21:57:06.054 [main] DEBUG o.s.b.f.s.DefaultListableBeanFactory - Returning cached instance of singleton bean 'feignConversionService'
2020-03-14 21:57:06.054 [main] DEBUG o.s.b.f.s.DefaultListableBeanFactory - Creating shared instance of singleton bean 'feignRetryer'
2020-03-14 21:57:06.054 [main] DEBUG o.s.b.f.s.DefaultListableBeanFactory - Creating instance of bean 'feignRetryer'
2020-03-14 21:57:06.054 [main] DEBUG o.s.b.f.s.DefaultListableBeanFactory - Returning cached instance of singleton bean 'feignClientsConfiguration'
2020-03-14 21:57:06.057 [main] DEBUG o.s.b.f.s.DefaultListableBeanFactory - Eagerly caching bean 'feignRetryer' to allow for resolving potential circular references
2020-03-14 21:57:06.062 [main] DEBUG o.s.b.f.s.DefaultListableBeanFactory - Finished creating instance of bean 'feignRetryer'
2020-03-14 21:57:06.062 [main] DEBUG o.s.b.f.s.DefaultListableBeanFactory - Creating shared instance of singleton bean 'feignLoggerFactory'
2020-03-14 21:57:06.062 [main] DEBUG o.s.b.f.s.DefaultListableBeanFactory - Creating instance of bean 'feignLoggerFactory'
2020-03-14 21:57:06.062 [main] DEBUG o.s.b.f.s.DefaultListableBeanFactory - Returning cached instance of singleton bean 'feignClientsConfiguration'
2020-03-14 21:57:06.079 [main] DEBUG o.s.b.f.s.DefaultListableBeanFactory - Eagerly caching bean 'feignLoggerFactory' to allow for resolving potential circular references
2020-03-14 21:57:06.093 [main] DEBUG o.s.b.f.s.DefaultListableBeanFactory - Finished creating instance of bean 'feignLoggerFactory'
2020-03-14 21:57:06.093 [main] DEBUG o.s.b.f.s.DefaultListableBeanFactory - Returning cached instance of singleton bean 'org.springframework.context.event.internalEventListenerFactory'
2020-03-14 21:57:06.110 [main] DEBUG o.s.c.a.AnnotationConfigApplicationContext - Unable to locate LifecycleProcessor with name 'lifecycleProcessor': using default [org.springframework.context.support.DefaultLifecycleProcessor@5690c2a8]
2020-03-14 21:57:06.110 [main] DEBUG o.s.b.f.s.DefaultListableBeanFactory - Returning cached instance of singleton bean 'lifecycleProcessor'
2020-03-14 21:57:06.110 [main] DEBUG o.s.b.f.s.DefaultListableBeanFactory - Returning cached instance of singleton bean 'org.springframework.boot.autoconfigure.internalCachingMetadataReaderFactory'
2020-03-14 21:57:06.110 [main] DEBUG o.s.b.f.s.DefaultListableBeanFactory - Creating shared instance of singleton bean 'modelBuilderPluginRegistry'
2020-03-14 21:57:06.110 [main] DEBUG o.s.b.f.s.DefaultListableBeanFactory - Creating instance of bean 'modelBuilderPluginRegistry'
2020-03-14 21:57:06.111 [main] DEBUG o.s.b.f.s.DefaultListableBeanFactory - Returning cached instance of singleton bean 'metaDataSourceAdvisor'
2020-03-14 21:57:06.111 [main] DEBUG o.s.b.f.s.DefaultListableBeanFactory - Returning cached instance of singleton bean 'org.springframework.transaction.config.internalTransactionAdvisor'
2020-03-14 21:57:06.118 [main] DEBUG o.s.b.f.s.DefaultListableBeanFactory - Eagerly caching bean 'modelBuilderPluginRegistry' to allow for resolving potential circular references
2020-03-14 21:57:06.129 [main] DEBUG o.s.b.f.s.DefaultListableBeanFactory - Invoking afterPropertiesSet() on bean with name 'modelBuilderPluginRegistry'
2020-03-14 21:57:06.139 [main] DEBUG o.s.b.f.s.DefaultListableBeanFactory - Returning cached instance of singleton bean 'metaDataSourceAdvisor'
2020-03-14 21:57:06.140 [main] DEBUG o.s.b.f.s.DefaultListableBeanFactory - Returning cached instance of singleton bean 'org.springframework.transaction.config.internalTransactionAdvisor'
2020-03-14 21:57:06.140 [main] DEBUG o.s.b.f.s.DefaultListableBeanFactory - Returning cached instance of singleton bean 'metaDataSourceAdvisor'
2020-03-14 21:57:06.140 [main] DEBUG o.s.b.f.s.DefaultListableBeanFactory - Returning cached instance of singleton bean 'org.springframework.transaction.config.internalTransactionAdvisor'
2020-03-14 21:57:06.156 [main] DEBUG o.s.b.f.s.DefaultListableBeanFactory - Finished creating instance of bean 'modelBuilderPluginRegistry'
2020-03-14 21:57:06.157 [main] DEBUG o.s.b.f.s.DefaultListableBeanFactory - Creating shared instance of singleton bean 'modelPropertyBuilderPluginRegistry'
2020-03-14 21:57:06.157 [main] DEBUG o.s.b.f.s.DefaultListableBeanFactory - Creating instance of bean 'modelPropertyBuilderPluginRegistry'
2020-03-14 21:57:06.157 [main] DEBUG o.s.b.f.s.DefaultListableBeanFactory - Returning cached instance of singleton bean 'metaDataSourceAdvisor'
2020-03-14 21:57:06.157 [main] DEBUG o.s.b.f.s.DefaultListableBeanFactory - Returning cached instance of singleton bean 'org.springframework.transaction.config.internalTransactionAdvisor'
2020-03-14 21:57:06.158 [main] DEBUG o.s.b.f.s.DefaultListableBeanFactory - Eagerly caching bean 'modelPropertyBuilderPluginRegistry' to allow for resolving potential circular references
2020-03-14 21:57:06.166 [main] DEBUG o.s.b.f.s.DefaultListableBeanFactory - Invoking afterPropertiesSet() on bean with name 'modelPropertyBuilderPluginRegistry'
2020-03-14 21:57:06.166 [main] DEBUG o.s.b.f.s.DefaultListableBeanFactory - Returning cached instance of singleton bean 'metaDataSourceAdvisor'
2020-03-14 21:57:06.166 [main] DEBUG o.s.b.f.s.DefaultListableBeanFactory - Returning cached instance of singleton bean 'org.springframework.transaction.config.internalTransactionAdvisor'
2020-03-14 21:57:06.167 [main] DEBUG o.s.b.f.s.DefaultListableBeanFactory - Returning cached instance of singleton bean 'metaDataSourceAdvisor'
2020-03-14 21:57:06.167 [main] DEBUG o.s.b.f.s.DefaultListableBeanFactory - Returning cached instance of singleton bean 'org.springframework.transaction.config.internalTransactionAdvisor'
2020-03-14 21:57:06.167 [main] DEBUG o.s.b.f.s.DefaultListableBeanFactory - Finished creating instance of bean 'modelPropertyBuilderPluginRegistry'
2020-03-14 21:57:06.167 [main] DEBUG o.s.b.f.s.DefaultListableBeanFactory - Creating shared instance of singleton bean 'typeNameProviderPluginRegistry'
2020-03-14 21:57:06.167 [main] DEBUG o.s.b.f.s.DefaultListableBeanFactory - Creating instance of bean 'typeNameProviderPluginRegistry'
2020-03-14 21:57:06.167 [main] DEBUG o.s.b.f.s.DefaultListableBeanFactory - Returning cached instance of singleton bean 'metaDataSourceAdvisor'
2020-03-14 21:57:06.168 [main] DEBUG o.s.b.f.s.DefaultListableBeanFactory - Returning cached instance of singleton bean 'org.springframework.transaction.config.internalTransactionAdvisor'
2020-03-14 21:57:06.168 [main] DEBUG o.s.b.f.s.DefaultListableBeanFactory - Eagerly caching bean 'typeNameProviderPluginRegistry' to allow for resolving potential circular references
2020-03-14 21:57:06.168 [main] DEBUG o.s.b.f.s.DefaultListableBeanFactory - Invoking afterPropertiesSet() on bean with name 'typeNameProviderPluginRegistry'
2020-03-14 21:57:06.168 [main] DEBUG o.s.b.f.s.DefaultListableBeanFactory - Returning cached instance of singleton bean 'metaDataSourceAdvisor'
2020-03-14 21:57:06.168 [main] DEBUG o.s.b.f.s.DefaultListableBeanFactory - Returning cached instance of singleton bean 'org.springframework.transaction.config.internalTransactionAdvisor'
2020-03-14 21:57:06.168 [main] DEBUG o.s.b.f.s.DefaultListableBeanFactory - Returning cached instance of singleton bean 'metaDataSourceAdvisor'
2020-03-14 21:57:06.168 [main] DEBUG o.s.b.f.s.DefaultListableBeanFactory - Returning cached instance of singleton bean 'org.springframework.transaction.config.internalTransactionAdvisor'
2020-03-14 21:57:06.169 [main] DEBUG o.s.b.f.s.DefaultListableBeanFactory - Finished creating instance of bean 'typeNameProviderPluginRegistry'
2020-03-14 21:57:06.169 [main] DEBUG o.s.b.f.s.DefaultListableBeanFactory - Creating shared instance of singleton bean 'documentationPluginRegistry'
2020-03-14 21:57:06.169 [main] DEBUG o.s.b.f.s.DefaultListableBeanFactory - Creating instance of bean 'documentationPluginRegistry'
2020-03-14 21:57:06.169 [main] DEBUG o.s.b.f.s.DefaultListableBeanFactory - Returning cached instance of singleton bean 'metaDataSourceAdvisor'
2020-03-14 21:57:06.169 [main] DEBUG o.s.b.f.s.DefaultListableBeanFactory - Returning cached instance of singleton bean 'org.springframework.transaction.config.internalTransactionAdvisor'
2020-03-14 21:57:06.243 [main] DEBUG o.s.b.f.s.DefaultListableBeanFactory - Eagerly caching bean 'documentationPluginRegistry' to allow for resolving potential circular references
2020-03-14 21:57:06.244 [main] DEBUG o.s.b.f.s.DefaultListableBeanFactory - Invoking afterPropertiesSet() on bean with name 'documentationPluginRegistry'
2020-03-14 21:57:06.244 [main] DEBUG o.s.b.f.s.DefaultListableBeanFactory - Returning cached instance of singleton bean 'metaDataSourceAdvisor'
2020-03-14 21:57:06.244 [main] DEBUG o.s.b.f.s.DefaultListableBeanFactory - Returning cached instance of singleton bean 'org.springframework.transaction.config.internalTransactionAdvisor'
2020-03-14 21:57:06.244 [main] DEBUG o.s.b.f.s.DefaultListableBeanFactory - Returning cached instance of singleton bean 'metaDataSourceAdvisor'
2020-03-14 21:57:06.244 [main] DEBUG o.s.b.f.s.DefaultListableBeanFactory - Returning cached instance of singleton bean 'org.springframework.transaction.config.internalTransactionAdvisor'
2020-03-14 21:57:06.245 [main] DEBUG o.s.b.f.s.DefaultListableBeanFactory - Finished creating instance of bean 'documentationPluginRegistry'
2020-03-14 21:57:06.246 [main] DEBUG o.s.b.f.s.DefaultListableBeanFactory - Creating shared instance of singleton bean 'apiListingBuilderPluginRegistry'
2020-03-14 21:57:06.246 [main] DEBUG o.s.b.f.s.DefaultListableBeanFactory - Creating instance of bean 'apiListingBuilderPluginRegistry'
2020-03-14 21:57:06.246 [main] DEBUG o.s.b.f.s.DefaultListableBeanFactory - Returning cached instance of singleton bean 'metaDataSourceAdvisor'
2020-03-14 21:57:06.246 [main] DEBUG o.s.b.f.s.DefaultListableBeanFactory - Returning cached instance of singleton bean 'org.springframework.transaction.config.internalTransactionAdvisor'
2020-03-14 21:57:06.246 [main] DEBUG o.s.b.f.s.DefaultListableBeanFactory - Eagerly caching bean 'apiListingBuilderPluginRegistry' to allow for resolving potential circular references
2020-03-14 21:57:06.246 [main] DEBUG o.s.b.f.s.DefaultListableBeanFactory - Invoking afterPropertiesSet() on bean with name 'apiListingBuilderPluginRegistry'
2020-03-14 21:57:06.246 [main] DEBUG o.s.b.f.s.DefaultListableBeanFactory - Returning cached instance of singleton bean 'metaDataSourceAdvisor'
2020-03-14 21:57:06.246 [main] DEBUG o.s.b.f.s.DefaultListableBeanFactory - Returning cached instance of singleton bean 'org.springframework.transaction.config.internalTransactionAdvisor'
2020-03-14 21:57:06.246 [main] DEBUG o.s.b.f.s.DefaultListableBeanFactory - Returning cached instance of singleton bean 'metaDataSourceAdvisor'
2020-03-14 21:57:06.246 [main] DEBUG o.s.b.f.s.DefaultListableBeanFactory - Returning cached instance of singleton bean 'org.springframework.transaction.config.internalTransactionAdvisor'
2020-03-14 21:57:06.246 [main] DEBUG o.s.b.f.s.DefaultListableBeanFactory - Finished creating instance of bean 'apiListingBuilderPluginRegistry'
2020-03-14 21:57:06.247 [main] DEBUG o.s.b.f.s.DefaultListableBeanFactory - Creating shared instance of singleton bean 'operationBuilderPluginRegistry'
2020-03-14 21:57:06.247 [main] DEBUG o.s.b.f.s.DefaultListableBeanFactory - Creating instance of bean 'operationBuilderPluginRegistry'
2020-03-14 21:57:06.247 [main] DEBUG o.s.b.f.s.DefaultListableBeanFactory - Returning cached instance of singleton bean 'metaDataSourceAdvisor'
2020-03-14 21:57:06.247 [main] DEBUG o.s.b.f.s.DefaultListableBeanFactory - Returning cached instance of singleton bean 'org.springframework.transaction.config.internalTransactionAdvisor'
2020-03-14 21:57:06.247 [main] DEBUG o.s.b.f.s.DefaultListableBeanFactory - Eagerly caching bean 'operationBuilderPluginRegistry' to allow for resolving potential circular references
2020-03-14 21:57:06.247 [main] DEBUG o.s.b.f.s.DefaultListableBeanFactory - Invoking afterPropertiesSet() on bean with name 'operationBuilderPluginRegistry'
2020-03-14 21:57:06.247 [main] DEBUG o.s.b.f.s.DefaultListableBeanFactory - Returning cached instance of singleton bean 'metaDataSourceAdvisor'
2020-03-14 21:57:06.247 [main] DEBUG o.s.b.f.s.DefaultListableBeanFactory - Returning cached instance of singleton bean 'org.springframework.transaction.config.internalTransactionAdvisor'
2020-03-14 21:57:06.247 [main] DEBUG o.s.b.f.s.DefaultListableBeanFactory - Returning cached instance of singleton bean 'metaDataSourceAdvisor'
2020-03-14 21:57:06.247 [main] DEBUG o.s.b.f.s.DefaultListableBeanFactory - Returning cached instance of singleton bean 'org.springframework.transaction.config.internalTransactionAdvisor'
2020-03-14 21:57:06.248 [main] DEBUG o.s.b.f.s.DefaultListableBeanFactory - Finished creating instance of bean 'operationBuilderPluginRegistry'
2020-03-14 21:57:06.248 [main] DEBUG o.s.b.f.s.DefaultListableBeanFactory - Creating shared instance of singleton bean 'parameterBuilderPluginRegistry'
2020-03-14 21:57:06.248 [main] DEBUG o.s.b.f.s.DefaultListableBeanFactory - Creating instance of bean 'parameterBuilderPluginRegistry'
2020-03-14 21:57:06.248 [main] DEBUG o.s.b.f.s.DefaultListableBeanFactory - Returning cached instance of singleton bean 'metaDataSourceAdvisor'
2020-03-14 21:57:06.248 [main] DEBUG o.s.b.f.s.DefaultListableBeanFactory - Returning cached instance of singleton bean 'org.springframework.transaction.config.internalTransactionAdvisor'
2020-03-14 21:57:06.248 [main] DEBUG o.s.b.f.s.DefaultListableBeanFactory - Eagerly caching bean 'parameterBuilderPluginRegistry' to allow for resolving potential circular references
2020-03-14 21:57:06.249 [main] DEBUG o.s.b.f.s.DefaultListableBeanFactory - Invoking afterPropertiesSet() on bean with name 'parameterBuilderPluginRegistry'
2020-03-14 21:57:06.250 [main] DEBUG o.s.b.f.s.DefaultListableBeanFactory - Returning cached instance of singleton bean 'metaDataSourceAdvisor'
2020-03-14 21:57:06.250 [main] DEBUG o.s.b.f.s.DefaultListableBeanFactory - Returning cached instance of singleton bean 'org.springframework.transaction.config.internalTransactionAdvisor'
2020-03-14 21:57:06.250 [main] DEBUG o.s.b.f.s.DefaultListableBeanFactory - Returning cached instance of singleton bean 'metaDataSourceAdvisor'
2020-03-14 21:57:06.250 [main] DEBUG o.s.b.f.s.DefaultListableBeanFactory - Returning cached instance of singleton bean 'org.springframework.transaction.config.internalTransactionAdvisor'
2020-03-14 21:57:06.250 [main] DEBUG o.s.b.f.s.DefaultListableBeanFactory - Finished creating instance of bean 'parameterBuilderPluginRegistry'
2020-03-14 21:57:06.254 [main] DEBUG o.s.b.f.s.DefaultListableBeanFactory - Creating shared instance of singleton bean 'expandedParameterBuilderPluginRegistry'
2020-03-14 21:57:06.255 [main] DEBUG o.s.b.f.s.DefaultListableBeanFactory - Creating instance of bean 'expandedParameterBuilderPluginRegistry'
2020-03-14 21:57:06.255 [main] DEBUG o.s.b.f.s.DefaultListableBeanFactory - Returning cached instance of singleton bean 'metaDataSourceAdvisor'
2020-03-14 21:57:06.255 [main] DEBUG o.s.b.f.s.DefaultListableBeanFactory - Returning cached instance of singleton bean 'org.springframework.transaction.config.internalTransactionAdvisor'
2020-03-14 21:57:06.255 [main] DEBUG o.s.b.f.s.DefaultListableBeanFactory - Eagerly caching bean 'expandedParameterBuilderPluginRegistry' to allow for resolving potential circular references
2020-03-14 21:57:06.255 [main] DEBUG o.s.b.f.s.DefaultListableBeanFactory - Invoking afterPropertiesSet() on bean with name 'expandedParameterBuilderPluginRegistry'
2020-03-14 21:57:06.256 [main] DEBUG o.s.b.f.s.DefaultListableBeanFactory - Returning cached instance of singleton bean 'metaDataSourceAdvisor'
2020-03-14 21:57:06.256 [main] DEBUG o.s.b.f.s.DefaultListableBeanFactory - Returning cached instance of singleton bean 'org.springframework.transaction.config.internalTransactionAdvisor'
2020-03-14 21:57:06.256 [main] DEBUG o.s.b.f.s.DefaultListableBeanFactory - Returning cached instance of singleton bean 'metaDataSourceAdvisor'
2020-03-14 21:57:06.256 [main] DEBUG o.s.b.f.s.DefaultListableBeanFactory - Returning cached instance of singleton bean 'org.springframework.transaction.config.internalTransactionAdvisor'
2020-03-14 21:57:06.256 [main] DEBUG o.s.b.f.s.DefaultListableBeanFactory - Finished creating instance of bean 'expandedParameterBuilderPluginRegistry'
2020-03-14 21:57:06.256 [main] DEBUG o.s.b.f.s.DefaultListableBeanFactory - Creating shared instance of singleton bean 'resourceGroupingStrategyRegistry'
2020-03-14 21:57:06.256 [main] DEBUG o.s.b.f.s.DefaultListableBeanFactory - Creating instance of bean 'resourceGroupingStrategyRegistry'
2020-03-14 21:57:06.256 [main] DEBUG o.s.b.f.s.DefaultListableBeanFactory - Returning cached instance of singleton bean 'metaDataSourceAdvisor'
2020-03-14 21:57:06.256 [main] DEBUG o.s.b.f.s.DefaultListableBeanFactory - Returning cached instance of singleton bean 'org.springframework.transaction.config.internalTransactionAdvisor'
2020-03-14 21:57:06.258 [main] DEBUG o.s.b.f.s.DefaultListableBeanFactory - Eagerly caching bean 'resourceGroupingStrategyRegistry' to allow for resolving potential circular references
2020-03-14 21:57:06.259 [main] DEBUG o.s.b.f.s.DefaultListableBeanFactory - Invoking afterPropertiesSet() on bean with name 'resourceGroupingStrategyRegistry'
2020-03-14 21:57:06.259 [main] DEBUG o.s.b.f.s.DefaultListableBeanFactory - Returning cached instance of singleton bean 'metaDataSourceAdvisor'
2020-03-14 21:57:06.259 [main] DEBUG o.s.b.f.s.DefaultListableBeanFactory - Returning cached instance of singleton bean 'org.springframework.transaction.config.internalTransactionAdvisor'
2020-03-14 21:57:06.259 [main] DEBUG o.s.b.f.s.DefaultListableBeanFactory - Returning cached instance of singleton bean 'metaDataSourceAdvisor'
2020-03-14 21:57:06.259 [main] DEBUG o.s.b.f.s.DefaultListableBeanFactory - Returning cached instance of singleton bean 'org.springframework.transaction.config.internalTransactionAdvisor'
2020-03-14 21:57:06.259 [main] DEBUG o.s.b.f.s.DefaultListableBeanFactory - Finished creating instance of bean 'resourceGroupingStrategyRegistry'
2020-03-14 21:57:06.259 [main] DEBUG o.s.b.f.s.DefaultListableBeanFactory - Creating shared instance of singleton bean 'operationModelsProviderPluginRegistry'
2020-03-14 21:57:06.259 [main] DEBUG o.s.b.f.s.DefaultListableBeanFactory - Creating instance of bean 'operationModelsProviderPluginRegistry'
2020-03-14 21:57:06.259 [main] DEBUG o.s.b.f.s.DefaultListableBeanFactory - Returning cached instance of singleton bean 'metaDataSourceAdvisor'
2020-03-14 21:57:06.259 [main] DEBUG o.s.b.f.s.DefaultListableBeanFactory - Returning cached instance of singleton bean 'org.springframework.transaction.config.internalTransactionAdvisor'
2020-03-14 21:57:06.259 [main] DEBUG o.s.b.f.s.DefaultListableBeanFactory - Eagerly caching bean 'operationModelsProviderPluginRegistry' to allow for resolving potential circular references
2020-03-14 21:57:06.260 [main] DEBUG o.s.b.f.s.DefaultListableBeanFactory - Invoking afterPropertiesSet() on bean with name 'operationModelsProviderPluginRegistry'
2020-03-14 21:57:06.260 [main] DEBUG o.s.b.f.s.DefaultListableBeanFactory - Returning cached instance of singleton bean 'metaDataSourceAdvisor'
2020-03-14 21:57:06.260 [main] DEBUG o.s.b.f.s.DefaultListableBeanFactory - Returning cached instance of singleton bean 'org.springframework.transaction.config.internalTransactionAdvisor'
2020-03-14 21:57:06.260 [main] DEBUG o.s.b.f.s.DefaultListableBeanFactory - Returning cached instance of singleton bean 'metaDataSourceAdvisor'
2020-03-14 21:57:06.260 [main] DEBUG o.s.b.f.s.DefaultListableBeanFactory - Returning cached instance of singleton bean 'org.springframework.transaction.config.internalTransactionAdvisor'
2020-03-14 21:57:06.260 [main] DEBUG o.s.b.f.s.DefaultListableBeanFactory - Finished creating instance of bean 'operationModelsProviderPluginRegistry'
2020-03-14 21:57:06.260 [main] DEBUG o.s.b.f.s.DefaultListableBeanFactory - Creating shared instance of singleton bean 'defaultsProviderPluginRegistry'
2020-03-14 21:57:06.260 [main] DEBUG o.s.b.f.s.DefaultListableBeanFactory - Creating instance of bean 'defaultsProviderPluginRegistry'
2020-03-14 21:57:06.260 [main] DEBUG o.s.b.f.s.DefaultListableBeanFactory - Returning cached instance of singleton bean 'metaDataSourceAdvisor'
2020-03-14 21:57:06.260 [main] DEBUG o.s.b.f.s.DefaultListableBeanFactory - Returning cached instance of singleton bean 'org.springframework.transaction.config.internalTransactionAdvisor'
2020-03-14 21:57:06.260 [main] DEBUG o.s.b.f.s.DefaultListableBeanFactory - Eagerly caching bean 'defaultsProviderPluginRegistry' to allow for resolving potential circular references
2020-03-14 21:57:06.261 [main] DEBUG o.s.b.f.s.DefaultListableBeanFactory - Invoking afterPropertiesSet() on bean with name 'defaultsProviderPluginRegistry'
2020-03-14 21:57:06.261 [main] DEBUG o.s.b.f.s.DefaultListableBeanFactory - Returning cached instance of singleton bean 'metaDataSourceAdvisor'
2020-03-14 21:57:06.261 [main] DEBUG o.s.b.f.s.DefaultListableBeanFactory - Returning cached instance of singleton bean 'org.springframework.transaction.config.internalTransactionAdvisor'
2020-03-14 21:57:06.261 [main] DEBUG o.s.b.f.s.DefaultListableBeanFactory - Returning cached instance of singleton bean 'metaDataSourceAdvisor'
2020-03-14 21:57:06.261 [main] DEBUG o.s.b.f.s.DefaultListableBeanFactory - Returning cached instance of singleton bean 'org.springframework.transaction.config.internalTransactionAdvisor'
2020-03-14 21:57:06.261 [main] DEBUG o.s.b.f.s.DefaultListableBeanFactory - Finished creating instance of bean 'defaultsProviderPluginRegistry'
2020-03-14 21:57:06.261 [main] DEBUG o.s.b.f.s.DefaultListableBeanFactory - Creating shared instance of singleton bean 'pathDecoratorRegistry'
2020-03-14 21:57:06.261 [main] DEBUG o.s.b.f.s.DefaultListableBeanFactory - Creating instance of bean 'pathDecoratorRegistry'
2020-03-14 21:57:06.261 [main] DEBUG o.s.b.f.s.DefaultListableBeanFactory - Returning cached instance of singleton bean 'metaDataSourceAdvisor'
2020-03-14 21:57:06.261 [main] DEBUG o.s.b.f.s.DefaultListableBeanFactory - Returning cached instance of singleton bean 'org.springframework.transaction.config.internalTransactionAdvisor'
2020-03-14 21:57:06.261 [main] DEBUG o.s.b.f.s.DefaultListableBeanFactory - Eagerly caching bean 'pathDecoratorRegistry' to allow for resolving potential circular references
2020-03-14 21:57:06.262 [main] DEBUG o.s.b.f.s.DefaultListableBeanFactory - Invoking afterPropertiesSet() on bean with name 'pathDecoratorRegistry'
2020-03-14 21:57:06.262 [main] DEBUG o.s.b.f.s.DefaultListableBeanFactory - Returning cached instance of singleton bean 'metaDataSourceAdvisor'
2020-03-14 21:57:06.262 [main] DEBUG o.s.b.f.s.DefaultListableBeanFactory - Returning cached instance of singleton bean 'org.springframework.transaction.config.internalTransactionAdvisor'
2020-03-14 21:57:06.262 [main] DEBUG o.s.b.f.s.DefaultListableBeanFactory - Returning cached instance of singleton bean 'metaDataSourceAdvisor'
2020-03-14 21:57:06.262 [main] DEBUG o.s.b.f.s.DefaultListableBeanFactory - Returning cached instance of singleton bean 'org.springframework.transaction.config.internalTransactionAdvisor'
2020-03-14 21:57:06.262 [main] DEBUG o.s.b.f.s.DefaultListableBeanFactory - Finished creating instance of bean 'pathDecoratorRegistry'
2020-03-14 21:57:06.262 [main] DEBUG o.s.b.f.s.DefaultListableBeanFactory - Creating shared instance of singleton bean 'apiListingScannerPluginRegistry'
2020-03-14 21:57:06.262 [main] DEBUG o.s.b.f.s.DefaultListableBeanFactory - Creating instance of bean 'apiListingScannerPluginRegistry'
2020-03-14 21:57:06.263 [main] DEBUG o.s.b.f.s.DefaultListableBeanFactory - Returning cached instance of singleton bean 'metaDataSourceAdvisor'
2020-03-14 21:57:06.263 [main] DEBUG o.s.b.f.s.DefaultListableBeanFactory - Returning cached instance of singleton bean 'org.springframework.transaction.config.internalTransactionAdvisor'
2020-03-14 21:57:06.265 [main] DEBUG o.s.b.f.s.DefaultListableBeanFactory - Eagerly caching bean 'apiListingScannerPluginRegistry' to allow for resolving potential circular references
2020-03-14 21:57:06.266 [main] DEBUG o.s.b.f.s.DefaultListableBeanFactory - Invoking afterPropertiesSet() on bean with name 'apiListingScannerPluginRegistry'
2020-03-14 21:57:06.267 [main] DEBUG o.s.b.f.s.DefaultListableBeanFactory - Returning cached instance of singleton bean 'metaDataSourceAdvisor'
2020-03-14 21:57:06.267 [main] DEBUG o.s.b.f.s.DefaultListableBeanFactory - Returning cached instance of singleton bean 'org.springframework.transaction.config.internalTransactionAdvisor'
2020-03-14 21:57:06.267 [main] DEBUG o.s.b.f.s.DefaultListableBeanFactory - Returning cached instance of singleton bean 'metaDataSourceAdvisor'
2020-03-14 21:57:06.268 [main] DEBUG o.s.b.f.s.DefaultListableBeanFactory - Returning cached instance of singleton bean 'org.springframework.transaction.config.internalTransactionAdvisor'
2020-03-14 21:57:06.268 [main] DEBUG o.s.b.f.s.DefaultListableBeanFactory - Finished creating instance of bean 'apiListingScannerPluginRegistry'
2020-03-14 21:57:06.268 [main] DEBUG o.s.b.f.s.DefaultListableBeanFactory - Creating shared instance of singleton bean 'mvcResourceUrlProvider'
2020-03-14 21:57:06.268 [main] DEBUG o.s.b.f.s.DefaultListableBeanFactory - Creating instance of bean 'mvcResourceUrlProvider'
2020-03-14 21:57:06.268 [main] DEBUG o.s.b.f.s.DefaultListableBeanFactory - Returning cached instance of singleton bean 'metaDataSourceAdvisor'
2020-03-14 21:57:06.268 [main] DEBUG o.s.b.f.s.DefaultListableBeanFactory - Returning cached instance of singleton bean 'org.springframework.transaction.config.internalTransactionAdvisor'
2020-03-14 21:57:06.269 [main] DEBUG o.s.b.f.s.DefaultListableBeanFactory - Creating shared instance of singleton bean 'org.springframework.boot.autoconfigure.web.servlet.WebMvcAutoConfiguration$EnableWebMvcConfiguration'
2020-03-14 21:57:06.269 [main] DEBUG o.s.b.f.s.DefaultListableBeanFactory - Creating instance of bean 'org.springframework.boot.autoconfigure.web.servlet.WebMvcAutoConfiguration$EnableWebMvcConfiguration'
2020-03-14 21:57:06.271 [main] DEBUG o.s.b.f.s.DefaultListableBeanFactory - Returning cached instance of singleton bean 'metaDataSourceAdvisor'
2020-03-14 21:57:06.271 [main] DEBUG o.s.b.f.s.DefaultListableBeanFactory - Returning cached instance of singleton bean 'org.springframework.transaction.config.internalTransactionAdvisor'
2020-03-14 21:57:06.276 [main] DEBUG o.s.c.LocalVariableTableParameterNameDiscoverer - Cannot find '.class' file for class [class org.springframework.boot.autoconfigure.web.servlet.WebMvcAutoConfiguration$EnableWebMvcConfiguration$$EnhancerBySpringCGLIB$$c37a4b9] - unable to determine constructor/method parameter names
2020-03-14 21:57:06.289 [main] DEBUG o.s.b.f.s.DefaultListableBeanFactory - Autowiring by type from bean name 'org.springframework.boot.autoconfigure.web.servlet.WebMvcAutoConfiguration$EnableWebMvcConfiguration' via constructor to bean named 'org.springframework.beans.factory.support.DefaultListableBeanFactory@10b892d5'
2020-03-14 21:57:06.295 [main] DEBUG o.s.b.f.s.DefaultListableBeanFactory - Creating shared instance of singleton bean 'spring.mvc-org.springframework.boot.autoconfigure.web.servlet.WebMvcProperties'
2020-03-14 21:57:06.295 [main] DEBUG o.s.b.f.s.DefaultListableBeanFactory - Creating instance of bean 'spring.mvc-org.springframework.boot.autoconfigure.web.servlet.WebMvcProperties'
2020-03-14 21:57:06.295 [main] DEBUG o.s.b.f.s.DefaultListableBeanFactory - Returning cached instance of singleton bean 'metaDataSourceAdvisor'
2020-03-14 21:57:06.295 [main] DEBUG o.s.b.f.s.DefaultListableBeanFactory - Returning cached instance of singleton bean 'org.springframework.transaction.config.internalTransactionAdvisor'
2020-03-14 21:57:06.296 [main] DEBUG o.s.b.f.s.DefaultListableBeanFactory - Eagerly caching bean 'spring.mvc-org.springframework.boot.autoconfigure.web.servlet.WebMvcProperties' to allow for resolving potential circular references
2020-03-14 21:57:06.304 [main] DEBUG o.s.b.f.s.DefaultListableBeanFactory - Returning cached instance of singleton bean 'metaDataSourceAdvisor'
2020-03-14 21:57:06.304 [main] DEBUG o.s.b.f.s.DefaultListableBeanFactory - Returning cached instance of singleton bean 'org.springframework.transaction.config.internalTransactionAdvisor'
2020-03-14 21:57:06.305 [main] DEBUG o.s.b.f.s.DefaultListableBeanFactory - Returning cached instance of singleton bean 'metaDataSourceAdvisor'
2020-03-14 21:57:06.305 [main] DEBUG o.s.b.f.s.DefaultListableBeanFactory - Returning cached instance of singleton bean 'org.springframework.transaction.config.internalTransactionAdvisor'
2020-03-14 21:57:06.305 [main] DEBUG o.s.b.f.s.DefaultListableBeanFactory - Finished creating instance of bean 'spring.mvc-org.springframework.boot.autoconfigure.web.servlet.WebMvcProperties'
2020-03-14 21:57:06.341 [main] DEBUG o.s.b.f.annotation.InjectionMetadata - Registered injected element on class [org.springframework.boot.autoconfigure.web.servlet.WebMvcAutoConfiguration$EnableWebMvcConfiguration$$EnhancerBySpringCGLIB$$c37a4b9]: AutowiredMethodElement for public void org.springframework.web.servlet.config.annotation.DelegatingWebMvcConfiguration.setConfigurers(java.util.List)
2020-03-14 21:57:06.342 [main] DEBUG o.s.b.f.s.DefaultListableBeanFactory - Eagerly caching bean 'org.springframework.boot.autoconfigure.web.servlet.WebMvcAutoConfiguration$EnableWebMvcConfiguration' to allow for resolving potential circular references
2020-03-14 21:57:06.344 [main] DEBUG o.s.b.f.annotation.InjectionMetadata - Processing injected element of bean 'org.springframework.boot.autoconfigure.web.servlet.WebMvcAutoConfiguration$EnableWebMvcConfiguration': AutowiredMethodElement for public void org.springframework.web.servlet.config.annotation.DelegatingWebMvcConfiguration.setConfigurers(java.util.List)
2020-03-14 21:57:06.352 [main] DEBUG o.s.b.f.s.DefaultListableBeanFactory - Creating shared instance of singleton bean 'org.springframework.boot.autoconfigure.web.servlet.WebMvcAutoConfiguration$WebMvcAutoConfigurationAdapter'
2020-03-14 21:57:06.353 [main] DEBUG o.s.b.f.s.DefaultListableBeanFactory - Creating instance of bean 'org.springframework.boot.autoconfigure.web.servlet.WebMvcAutoConfiguration$WebMvcAutoConfigurationAdapter'
2020-03-14 21:57:06.353 [main] DEBUG o.s.b.f.s.DefaultListableBeanFactory - Returning cached instance of singleton bean 'metaDataSourceAdvisor'
2020-03-14 21:57:06.353 [main] DEBUG o.s.b.f.s.DefaultListableBeanFactory - Returning cached instance of singleton bean 'org.springframework.transaction.config.internalTransactionAdvisor'
2020-03-14 21:57:06.354 [main] DEBUG o.s.c.LocalVariableTableParameterNameDiscoverer - Cannot find '.class' file for class [class org.springframework.boot.autoconfigure.web.servlet.WebMvcAutoConfiguration$WebMvcAutoConfigurationAdapter$$EnhancerBySpringCGLIB$$ae3b6f9e] - unable to determine constructor/method parameter names
2020-03-14 21:57:06.358 [main] DEBUG o.s.b.f.s.DefaultListableBeanFactory - Creating shared instance of singleton bean 'spring.resources-org.springframework.boot.autoconfigure.web.ResourceProperties'
2020-03-14 21:57:06.358 [main] DEBUG o.s.b.f.s.DefaultListableBeanFactory - Creating instance of bean 'spring.resources-org.springframework.boot.autoconfigure.web.ResourceProperties'
2020-03-14 21:57:06.358 [main] DEBUG o.s.b.f.s.DefaultListableBeanFactory - Returning cached instance of singleton bean 'metaDataSourceAdvisor'
2020-03-14 21:57:06.358 [main] DEBUG o.s.b.f.s.DefaultListableBeanFactory - Returning cached instance of singleton bean 'org.springframework.transaction.config.internalTransactionAdvisor'
2020-03-14 21:57:06.361 [main] DEBUG o.s.b.f.s.DefaultListableBeanFactory - Eagerly caching bean 'spring.resources-org.springframework.boot.autoconfigure.web.ResourceProperties' to allow for resolving potential circular references
2020-03-14 21:57:06.380 [main] DEBUG o.s.b.f.s.DefaultListableBeanFactory - Returning cached instance of singleton bean 'metaDataSourceAdvisor'
2020-03-14 21:57:06.380 [main] DEBUG o.s.b.f.s.DefaultListableBeanFactory - Returning cached instance of singleton bean 'org.springframework.transaction.config.internalTransactionAdvisor'
2020-03-14 21:57:06.380 [main] DEBUG o.s.b.f.s.DefaultListableBeanFactory - Returning cached instance of singleton bean 'metaDataSourceAdvisor'
2020-03-14 21:57:06.380 [main] DEBUG o.s.b.f.s.DefaultListableBeanFactory - Returning cached instance of singleton bean 'org.springframework.transaction.config.internalTransactionAdvisor'
2020-03-14 21:57:06.380 [main] DEBUG o.s.b.f.s.DefaultListableBeanFactory - Finished creating instance of bean 'spring.resources-org.springframework.boot.autoconfigure.web.ResourceProperties'
2020-03-14 21:57:06.380 [main] DEBUG o.s.b.f.s.DefaultListableBeanFactory - Returning cached instance of singleton bean 'spring.mvc-org.springframework.boot.autoconfigure.web.servlet.WebMvcProperties'
2020-03-14 21:57:06.389 [main] DEBUG o.s.aop.framework.CglibAopProxy - Creating CGLIB proxy: target source is org.springframework.context.annotation.ContextAnnotationAutowireCandidateResolver$1@3dec769
2020-03-14 21:57:06.427 [main] DEBUG o.s.aop.framework.CglibAopProxy - Unable to apply any optimizations to advised method: public java.util.Iterator org.springframework.boot.autoconfigure.http.HttpMessageConverters.iterator()
2020-03-14 21:57:06.428 [main] DEBUG o.s.aop.framework.CglibAopProxy - Unable to apply any optimizations to advised method: public java.util.List org.springframework.boot.autoconfigure.http.HttpMessageConverters.getConverters()
2020-03-14 21:57:06.429 [main] DEBUG o.s.aop.framework.CglibAopProxy - Unable to apply any optimizations to advised method: protected java.util.List org.springframework.boot.autoconfigure.http.HttpMessageConverters.postProcessConverters(java.util.List)
2020-03-14 21:57:06.429 [main] DEBUG o.s.aop.framework.CglibAopProxy - Unable to apply any optimizations to advised method: protected java.util.List org.springframework.boot.autoconfigure.http.HttpMessageConverters.postProcessPartConverters(java.util.List)
2020-03-14 21:57:06.430 [main] DEBUG o.s.aop.framework.CglibAopProxy - Found 'equals' method: public boolean java.lang.Object.equals(java.lang.Object)
2020-03-14 21:57:06.430 [main] DEBUG o.s.aop.framework.CglibAopProxy - Unable to apply any optimizations to advised method: public java.lang.String java.lang.Object.toString()
2020-03-14 21:57:06.430 [main] DEBUG o.s.aop.framework.CglibAopProxy - Found 'hashCode' method: public native int java.lang.Object.hashCode()
2020-03-14 21:57:06.430 [main] DEBUG o.s.aop.framework.CglibAopProxy - Unable to apply any optimizations to advised method: protected native java.lang.Object java.lang.Object.clone() throws java.lang.CloneNotSupportedException
2020-03-14 21:57:06.431 [main] DEBUG o.s.aop.framework.CglibAopProxy - Unable to apply any optimizations to advised method: public default java.util.Spliterator java.lang.Iterable.spliterator()
2020-03-14 21:57:06.431 [main] DEBUG o.s.aop.framework.CglibAopProxy - Unable to apply any optimizations to advised method: public default void java.lang.Iterable.forEach(java.util.function.Consumer)
2020-03-14 21:57:06.431 [main] DEBUG o.s.aop.framework.CglibAopProxy - Method is declared on Advised interface: public abstract int org.springframework.aop.framework.Advised.indexOf(org.springframework.aop.Advisor)
2020-03-14 21:57:06.431 [main] DEBUG o.s.aop.framework.CglibAopProxy - Method is declared on Advised interface: public abstract int org.springframework.aop.framework.Advised.indexOf(org.aopalliance.aop.Advice)
2020-03-14 21:57:06.431 [main] DEBUG o.s.aop.framework.CglibAopProxy - Method is declared on Advised interface: public abstract boolean org.springframework.aop.framework.Advised.isFrozen()
2020-03-14 21:57:06.431 [main] DEBUG o.s.aop.framework.CglibAopProxy - Method is declared on Advised interface: public abstract java.lang.String org.springframework.aop.framework.Advised.toProxyConfigString()
2020-03-14 21:57:06.431 [main] DEBUG o.s.aop.framework.CglibAopProxy - Method is declared on Advised interface: public abstract java.lang.Class[] org.springframework.aop.framework.Advised.getProxiedInterfaces()
2020-03-14 21:57:06.431 [main] DEBUG o.s.aop.framework.CglibAopProxy - Method is declared on Advised interface: public abstract boolean org.springframework.aop.framework.Advised.isInterfaceProxied(java.lang.Class)
2020-03-14 21:57:06.431 [main] DEBUG o.s.aop.framework.CglibAopProxy - Method is declared on Advised interface: public abstract boolean org.springframework.aop.framework.Advised.isProxyTargetClass()
2020-03-14 21:57:06.433 [main] DEBUG o.s.aop.framework.CglibAopProxy - Method is declared on Advised interface: public abstract void org.springframework.aop.framework.Advised.addAdvice(int,org.aopalliance.aop.Advice) throws org.springframework.aop.framework.AopConfigException
2020-03-14 21:57:06.434 [main] DEBUG o.s.aop.framework.CglibAopProxy - Method is declared on Advised interface: public abstract void org.springframework.aop.framework.Advised.addAdvice(org.aopalliance.aop.Advice) throws org.springframework.aop.framework.AopConfigException
2020-03-14 21:57:06.435 [main] DEBUG o.s.aop.framework.CglibAopProxy - Method is declared on Advised interface: public abstract boolean org.springframework.aop.framework.Advised.isPreFiltered()
2020-03-14 21:57:06.436 [main] DEBUG o.s.aop.framework.CglibAopProxy - Method is declared on Advised interface: public abstract org.springframework.aop.TargetSource org.springframework.aop.framework.Advised.getTargetSource()
2020-03-14 21:57:06.436 [main] DEBUG o.s.aop.framework.CglibAopProxy - Method is declared on Advised interface: public abstract void org.springframework.aop.framework.Advised.setTargetSource(org.springframework.aop.TargetSource)
2020-03-14 21:57:06.436 [main] DEBUG o.s.aop.framework.CglibAopProxy - Method is declared on Advised interface: public abstract boolean org.springframework.aop.framework.Advised.isExposeProxy()
2020-03-14 21:57:06.436 [main] DEBUG o.s.aop.framework.CglibAopProxy - Method is declared on Advised interface: public abstract org.springframework.aop.Advisor[] org.springframework.aop.framework.Advised.getAdvisors()
2020-03-14 21:57:06.437 [main] DEBUG o.s.aop.framework.CglibAopProxy - Method is declared on Advised interface: public abstract void org.springframework.aop.framework.Advised.setPreFiltered(boolean)
2020-03-14 21:57:06.437 [main] DEBUG o.s.aop.framework.CglibAopProxy - Method is declared on Advised interface: public abstract void org.springframework.aop.framework.Advised.addAdvisor(org.springframework.aop.Advisor) throws org.springframework.aop.framework.AopConfigException
2020-03-14 21:57:06.437 [main] DEBUG o.s.aop.framework.CglibAopProxy - Method is declared on Advised interface: public abstract void org.springframework.aop.framework.Advised.addAdvisor(int,org.springframework.aop.Advisor) throws org.springframework.aop.framework.AopConfigException
2020-03-14 21:57:06.437 [main] DEBUG o.s.aop.framework.CglibAopProxy - Method is declared on Advised interface: public abstract boolean org.springframework.aop.framework.Advised.removeAdvice(org.aopalliance.aop.Advice)
2020-03-14 21:57:06.437 [main] DEBUG o.s.aop.framework.CglibAopProxy - Method is declared on Advised interface: public abstract void org.springframework.aop.framework.Advised.setExposeProxy(boolean)
2020-03-14 21:57:06.437 [main] DEBUG o.s.aop.framework.CglibAopProxy - Method is declared on Advised interface: public abstract boolean org.springframework.aop.framework.Advised.removeAdvisor(org.springframework.aop.Advisor)
2020-03-14 21:57:06.437 [main] DEBUG o.s.aop.framework.CglibAopProxy - Method is declared on Advised interface: public abstract void org.springframework.aop.framework.Advised.removeAdvisor(int) throws org.springframework.aop.framework.AopConfigException
2020-03-14 21:57:06.437 [main] DEBUG o.s.aop.framework.CglibAopProxy - Method is declared on Advised interface: public abstract boolean org.springframework.aop.framework.Advised.replaceAdvisor(org.springframework.aop.Advisor,org.springframework.aop.Advisor) throws org.springframework.aop.framework.AopConfigException
2020-03-14 21:57:06.437 [main] DEBUG o.s.aop.framework.CglibAopProxy - Method is declared on Advised interface: public abstract java.lang.Class org.springframework.aop.TargetClassAware.getTargetClass()
2020-03-14 21:57:06.463 [main] DEBUG o.s.b.f.s.DefaultListableBeanFactory - Autowiring by type from bean name 'org.springframework.boot.autoconfigure.web.servlet.WebMvcAutoConfiguration$WebMvcAutoConfigurationAdapter' via constructor to bean named 'spring.resources-org.springframework.boot.autoconfigure.web.ResourceProperties'
2020-03-14 21:57:06.463 [main] DEBUG o.s.b.f.s.DefaultListableBeanFactory - Autowiring by type from bean name 'org.springframework.boot.autoconfigure.web.servlet.WebMvcAutoConfiguration$WebMvcAutoConfigurationAdapter' via constructor to bean named 'spring.mvc-org.springframework.boot.autoconfigure.web.servlet.WebMvcProperties'
2020-03-14 21:57:06.463 [main] DEBUG o.s.b.f.s.DefaultListableBeanFactory - Autowiring by type from bean name 'org.springframework.boot.autoconfigure.web.servlet.WebMvcAutoConfiguration$WebMvcAutoConfigurationAdapter' via constructor to bean named 'org.springframework.beans.factory.support.DefaultListableBeanFactory@10b892d5'
2020-03-14 21:57:06.468 [main] DEBUG o.s.b.f.s.DefaultListableBeanFactory - Eagerly caching bean 'org.springframework.boot.autoconfigure.web.servlet.WebMvcAutoConfiguration$WebMvcAutoConfigurationAdapter' to allow for resolving potential circular references
2020-03-14 21:57:06.481 [main] DEBUG o.s.b.f.s.DefaultListableBeanFactory - Returning cached instance of singleton bean 'metaDataSourceAdvisor'
2020-03-14 21:57:06.481 [main] DEBUG o.s.b.f.s.DefaultListableBeanFactory - Returning cached instance of singleton bean 'org.springframework.transaction.config.internalTransactionAdvisor'
2020-03-14 21:57:06.481 [main] DEBUG o.s.b.f.s.DefaultListableBeanFactory - Returning cached instance of singleton bean 'metaDataSourceAdvisor'
2020-03-14 21:57:06.481 [main] DEBUG o.s.b.f.s.DefaultListableBeanFactory - Returning cached instance of singleton bean 'org.springframework.transaction.config.internalTransactionAdvisor'
2020-03-14 21:57:06.487 [main] DEBUG o.s.b.f.s.DefaultListableBeanFactory - Finished creating instance of bean 'org.springframework.boot.autoconfigure.web.servlet.WebMvcAutoConfiguration$WebMvcAutoConfigurationAdapter'
2020-03-14 21:57:06.487 [main] DEBUG o.s.b.f.s.DefaultListableBeanFactory - Creating shared instance of singleton bean 'org.springframework.boot.autoconfigure.orm.jpa.JpaBaseConfiguration$JpaWebConfiguration$JpaWebMvcConfiguration'
2020-03-14 21:57:06.487 [main] DEBUG o.s.b.f.s.DefaultListableBeanFactory - Creating instance of bean 'org.springframework.boot.autoconfigure.orm.jpa.JpaBaseConfiguration$JpaWebConfiguration$JpaWebMvcConfiguration'
2020-03-14 21:57:06.487 [main] DEBUG o.s.b.f.s.DefaultListableBeanFactory - Returning cached instance of singleton bean 'metaDataSourceAdvisor'
2020-03-14 21:57:06.487 [main] DEBUG o.s.b.f.s.DefaultListableBeanFactory - Returning cached instance of singleton bean 'org.springframework.transaction.config.internalTransactionAdvisor'
2020-03-14 21:57:06.489 [main] DEBUG o.s.c.LocalVariableTableParameterNameDiscoverer - Cannot find '.class' file for class [class org.springframework.boot.autoconfigure.orm.jpa.JpaBaseConfiguration$JpaWebConfiguration$JpaWebMvcConfiguration$$EnhancerBySpringCGLIB$$ea856131] - unable to determine constructor/method parameter names
2020-03-14 21:57:06.493 [main] DEBUG o.s.b.f.s.DefaultListableBeanFactory - Returning cached instance of singleton bean 'spring.jpa-org.springframework.boot.autoconfigure.orm.jpa.JpaProperties'
2020-03-14 21:57:06.493 [main] DEBUG o.s.b.f.s.DefaultListableBeanFactory - Autowiring by type from bean name 'org.springframework.boot.autoconfigure.orm.jpa.JpaBaseConfiguration$JpaWebConfiguration$JpaWebMvcConfiguration' via constructor to bean named 'spring.jpa-org.springframework.boot.autoconfigure.orm.jpa.JpaProperties'
2020-03-14 21:57:06.494 [main] DEBUG o.s.b.f.s.DefaultListableBeanFactory - Eagerly caching bean 'org.springframework.boot.autoconfigure.orm.jpa.JpaBaseConfiguration$JpaWebConfiguration$JpaWebMvcConfiguration' to allow for resolving potential circular references
2020-03-14 21:57:06.500 [main] DEBUG o.s.b.f.s.DefaultListableBeanFactory - Returning cached instance of singleton bean 'metaDataSourceAdvisor'
2020-03-14 21:57:06.500 [main] DEBUG o.s.b.f.s.DefaultListableBeanFactory - Returning cached instance of singleton bean 'org.springframework.transaction.config.internalTransactionAdvisor'
2020-03-14 21:57:06.500 [main] DEBUG o.s.b.f.s.DefaultListableBeanFactory - Returning cached instance of singleton bean 'metaDataSourceAdvisor'
2020-03-14 21:57:06.500 [main] DEBUG o.s.b.f.s.DefaultListableBeanFactory - Returning cached instance of singleton bean 'org.springframework.transaction.config.internalTransactionAdvisor'
2020-03-14 21:57:06.502 [main] DEBUG o.s.b.f.s.DefaultListableBeanFactory - Finished creating instance of bean 'org.springframework.boot.autoconfigure.orm.jpa.JpaBaseConfiguration$JpaWebConfiguration$JpaWebMvcConfiguration'
2020-03-14 21:57:06.503 [main] DEBUG o.s.b.f.s.DefaultListableBeanFactory - Creating shared instance of singleton bean 'org.springframework.data.web.config.SpringDataWebConfiguration'
2020-03-14 21:57:06.503 [main] DEBUG o.s.b.f.s.DefaultListableBeanFactory - Creating instance of bean 'org.springframework.data.web.config.SpringDataWebConfiguration'
2020-03-14 21:57:06.503 [main] DEBUG o.s.b.f.s.DefaultListableBeanFactory - Returning cached instance of singleton bean 'metaDataSourceAdvisor'
2020-03-14 21:57:06.503 [main] DEBUG o.s.b.f.s.DefaultListableBeanFactory - Returning cached instance of singleton bean 'org.springframework.transaction.config.internalTransactionAdvisor'
2020-03-14 21:57:06.504 [main] DEBUG o.s.c.LocalVariableTableParameterNameDiscoverer - Cannot find '.class' file for class [class org.springframework.data.web.config.SpringDataWebConfiguration$$EnhancerBySpringCGLIB$$2ae828c] - unable to determine constructor/method parameter names
2020-03-14 21:57:06.507 [main] DEBUG o.s.b.f.s.DefaultListableBeanFactory - Autowiring by type from bean name 'org.springframework.data.web.config.SpringDataWebConfiguration' via constructor to bean named 'org.springframework.web.context.support.GenericWebApplicationContext@1ee4730'
2020-03-14 21:57:06.508 [main] DEBUG o.s.b.f.annotation.InjectionMetadata - Registered injected element on class [org.springframework.data.web.config.SpringDataWebConfiguration$$EnhancerBySpringCGLIB$$2ae828c]: AutowiredFieldElement for private java.util.Optional org.springframework.data.web.config.SpringDataWebConfiguration.pageableResolverCustomizer
2020-03-14 21:57:06.508 [main] DEBUG o.s.b.f.annotation.InjectionMetadata - Registered injected element on class [org.springframework.data.web.config.SpringDataWebConfiguration$$EnhancerBySpringCGLIB$$2ae828c]: AutowiredFieldElement for private java.util.Optional org.springframework.data.web.config.SpringDataWebConfiguration.sortResolverCustomizer
2020-03-14 21:57:06.508 [main] DEBUG o.s.b.f.s.DefaultListableBeanFactory - Eagerly caching bean 'org.springframework.data.web.config.SpringDataWebConfiguration' to allow for resolving potential circular references
2020-03-14 21:57:06.518 [main] DEBUG o.s.b.f.annotation.InjectionMetadata - Processing injected element of bean 'org.springframework.data.web.config.SpringDataWebConfiguration': AutowiredFieldElement for private java.util.Optional org.springframework.data.web.config.SpringDataWebConfiguration.pageableResolverCustomizer
2020-03-14 21:57:06.523 [main] DEBUG o.s.b.f.s.DefaultListableBeanFactory - Creating shared instance of singleton bean 'pageableCustomizer'
2020-03-14 21:57:06.523 [main] DEBUG o.s.b.f.s.DefaultListableBeanFactory - Creating instance of bean 'pageableCustomizer'
2020-03-14 21:57:06.523 [main] DEBUG o.s.b.f.s.DefaultListableBeanFactory - Returning cached instance of singleton bean 'metaDataSourceAdvisor'
2020-03-14 21:57:06.523 [main] DEBUG o.s.b.f.s.DefaultListableBeanFactory - Returning cached instance of singleton bean 'org.springframework.transaction.config.internalTransactionAdvisor'
2020-03-14 21:57:06.523 [main] DEBUG o.s.b.f.s.DefaultListableBeanFactory - Creating shared instance of singleton bean 'org.springframework.boot.autoconfigure.data.web.SpringDataWebAutoConfiguration'
2020-03-14 21:57:06.523 [main] DEBUG o.s.b.f.s.DefaultListableBeanFactory - Creating instance of bean 'org.springframework.boot.autoconfigure.data.web.SpringDataWebAutoConfiguration'
2020-03-14 21:57:06.523 [main] DEBUG o.s.b.f.s.DefaultListableBeanFactory - Returning cached instance of singleton bean 'metaDataSourceAdvisor'
2020-03-14 21:57:06.523 [main] DEBUG o.s.b.f.s.DefaultListableBeanFactory - Returning cached instance of singleton bean 'org.springframework.transaction.config.internalTransactionAdvisor'
2020-03-14 21:57:06.525 [main] DEBUG o.s.c.LocalVariableTableParameterNameDiscoverer - Cannot find '.class' file for class [class org.springframework.boot.autoconfigure.data.web.SpringDataWebAutoConfiguration$$EnhancerBySpringCGLIB$$8ce10a5a] - unable to determine constructor/method parameter names
2020-03-14 21:57:06.532 [main] DEBUG o.s.b.f.s.DefaultListableBeanFactory - Creating shared instance of singleton bean 'spring.data.web-org.springframework.boot.autoconfigure.data.web.SpringDataWebProperties'
2020-03-14 21:57:06.532 [main] DEBUG o.s.b.f.s.DefaultListableBeanFactory - Creating instance of bean 'spring.data.web-org.springframework.boot.autoconfigure.data.web.SpringDataWebProperties'
2020-03-14 21:57:06.532 [main] DEBUG o.s.b.f.s.DefaultListableBeanFactory - Returning cached instance of singleton bean 'metaDataSourceAdvisor'
2020-03-14 21:57:06.532 [main] DEBUG o.s.b.f.s.DefaultListableBeanFactory - Returning cached instance of singleton bean 'org.springframework.transaction.config.internalTransactionAdvisor'
2020-03-14 21:57:06.533 [main] DEBUG o.s.b.f.s.DefaultListableBeanFactory - Eagerly caching bean 'spring.data.web-org.springframework.boot.autoconfigure.data.web.SpringDataWebProperties' to allow for resolving potential circular references
2020-03-14 21:57:06.539 [main] DEBUG o.s.b.f.s.DefaultListableBeanFactory - Returning cached instance of singleton bean 'metaDataSourceAdvisor'
2020-03-14 21:57:06.539 [main] DEBUG o.s.b.f.s.DefaultListableBeanFactory - Returning cached instance of singleton bean 'org.springframework.transaction.config.internalTransactionAdvisor'
2020-03-14 21:57:06.539 [main] DEBUG o.s.b.f.s.DefaultListableBeanFactory - Returning cached instance of singleton bean 'metaDataSourceAdvisor'
2020-03-14 21:57:06.539 [main] DEBUG o.s.b.f.s.DefaultListableBeanFactory - Returning cached instance of singleton bean 'org.springframework.transaction.config.internalTransactionAdvisor'
2020-03-14 21:57:06.540 [main] DEBUG o.s.b.f.s.DefaultListableBeanFactory - Finished creating instance of bean 'spring.data.web-org.springframework.boot.autoconfigure.data.web.SpringDataWebProperties'
2020-03-14 21:57:06.540 [main] DEBUG o.s.b.f.s.DefaultListableBeanFactory - Autowiring by type from bean name 'org.springframework.boot.autoconfigure.data.web.SpringDataWebAutoConfiguration' via constructor to bean named 'spring.data.web-org.springframework.boot.autoconfigure.data.web.SpringDataWebProperties'
2020-03-14 21:57:06.541 [main] DEBUG o.s.b.f.s.DefaultListableBeanFactory - Eagerly caching bean 'org.springframework.boot.autoconfigure.data.web.SpringDataWebAutoConfiguration' to allow for resolving potential circular references
2020-03-14 21:57:06.554 [main] DEBUG o.s.b.f.s.DefaultListableBeanFactory - Returning cached instance of singleton bean 'metaDataSourceAdvisor'
2020-03-14 21:57:06.554 [main] DEBUG o.s.b.f.s.DefaultListableBeanFactory - Returning cached instance of singleton bean 'org.springframework.transaction.config.internalTransactionAdvisor'
2020-03-14 21:57:06.554 [main] DEBUG o.s.b.f.s.DefaultListableBeanFactory - Returning cached instance of singleton bean 'metaDataSourceAdvisor'
2020-03-14 21:57:06.554 [main] DEBUG o.s.b.f.s.DefaultListableBeanFactory - Returning cached instance of singleton bean 'org.springframework.transaction.config.internalTransactionAdvisor'
2020-03-14 21:57:06.556 [main] DEBUG o.s.b.f.s.DefaultListableBeanFactory - Finished creating instance of bean 'org.springframework.boot.autoconfigure.data.web.SpringDataWebAutoConfiguration'
2020-03-14 21:57:06.562 [main] DEBUG o.s.b.f.s.DefaultListableBeanFactory - Eagerly caching bean 'pageableCustomizer' to allow for resolving potential circular references
2020-03-14 21:57:06.569 [main] DEBUG o.s.b.f.s.DefaultListableBeanFactory - Returning cached instance of singleton bean 'metaDataSourceAdvisor'
2020-03-14 21:57:06.569 [main] DEBUG o.s.b.f.s.DefaultListableBeanFactory - Returning cached instance of singleton bean 'org.springframework.transaction.config.internalTransactionAdvisor'
2020-03-14 21:57:06.569 [main] DEBUG o.s.b.f.s.DefaultListableBeanFactory - Returning cached instance of singleton bean 'metaDataSourceAdvisor'
2020-03-14 21:57:06.569 [main] DEBUG o.s.b.f.s.DefaultListableBeanFactory - Returning cached instance of singleton bean 'org.springframework.transaction.config.internalTransactionAdvisor'
2020-03-14 21:57:06.570 [main] DEBUG o.s.b.f.s.DefaultListableBeanFactory - Finished creating instance of bean 'pageableCustomizer'
2020-03-14 21:57:06.570 [main] DEBUG o.s.b.f.annotation.InjectionMetadata - Processing injected element of bean 'org.springframework.data.web.config.SpringDataWebConfiguration': AutowiredFieldElement for private java.util.Optional org.springframework.data.web.config.SpringDataWebConfiguration.sortResolverCustomizer
2020-03-14 21:57:06.575 [main] DEBUG o.s.b.f.s.DefaultListableBeanFactory - Creating shared instance of singleton bean 'sortCustomizer'
2020-03-14 21:57:06.575 [main] DEBUG o.s.b.f.s.DefaultListableBeanFactory - Creating instance of bean 'sortCustomizer'
2020-03-14 21:57:06.575 [main] DEBUG o.s.b.f.s.DefaultListableBeanFactory - Returning cached instance of singleton bean 'metaDataSourceAdvisor'
2020-03-14 21:57:06.575 [main] DEBUG o.s.b.f.s.DefaultListableBeanFactory - Returning cached instance of singleton bean 'org.springframework.transaction.config.internalTransactionAdvisor'
2020-03-14 21:57:06.576 [main] DEBUG o.s.b.f.s.DefaultListableBeanFactory - Returning cached instance of singleton bean 'org.springframework.boot.autoconfigure.data.web.SpringDataWebAutoConfiguration'
2020-03-14 21:57:06.577 [main] DEBUG o.s.b.f.s.DefaultListableBeanFactory - Eagerly caching bean 'sortCustomizer' to allow for resolving potential circular references
2020-03-14 21:57:06.581 [main] DEBUG o.s.b.f.s.DefaultListableBeanFactory - Returning cached instance of singleton bean 'metaDataSourceAdvisor'
2020-03-14 21:57:06.582 [main] DEBUG o.s.b.f.s.DefaultListableBeanFactory - Returning cached instance of singleton bean 'org.springframework.transaction.config.internalTransactionAdvisor'
2020-03-14 21:57:06.582 [main] DEBUG o.s.b.f.s.DefaultListableBeanFactory - Returning cached instance of singleton bean 'metaDataSourceAdvisor'
2020-03-14 21:57:06.582 [main] DEBUG o.s.b.f.s.DefaultListableBeanFactory - Returning cached instance of singleton bean 'org.springframework.transaction.config.internalTransactionAdvisor'
2020-03-14 21:57:06.584 [main] DEBUG o.s.b.f.s.DefaultListableBeanFactory - Finished creating instance of bean 'sortCustomizer'
2020-03-14 21:57:06.585 [main] DEBUG o.s.b.f.s.DefaultListableBeanFactory - Returning cached instance of singleton bean 'metaDataSourceAdvisor'
2020-03-14 21:57:06.585 [main] DEBUG o.s.b.f.s.DefaultListableBeanFactory - Returning cached instance of singleton bean 'org.springframework.transaction.config.internalTransactionAdvisor'
2020-03-14 21:57:06.585 [main] DEBUG o.s.b.f.s.DefaultListableBeanFactory - Returning cached instance of singleton bean 'metaDataSourceAdvisor'
2020-03-14 21:57:06.585 [main] DEBUG o.s.b.f.s.DefaultListableBeanFactory - Returning cached instance of singleton bean 'org.springframework.transaction.config.internalTransactionAdvisor'
2020-03-14 21:57:06.587 [main] DEBUG o.s.b.f.s.DefaultListableBeanFactory - Finished creating instance of bean 'org.springframework.data.web.config.SpringDataWebConfiguration'
2020-03-14 21:57:06.587 [main] DEBUG o.s.b.f.s.DefaultListableBeanFactory - Creating shared instance of singleton bean 'org.springframework.security.config.annotation.web.configuration.WebMvcSecurityConfiguration'
2020-03-14 21:57:06.587 [main] DEBUG o.s.b.f.s.DefaultListableBeanFactory - Creating instance of bean 'org.springframework.security.config.annotation.web.configuration.WebMvcSecurityConfiguration'
2020-03-14 21:57:06.587 [main] DEBUG o.s.b.f.s.DefaultListableBeanFactory - Returning cached instance of singleton bean 'metaDataSourceAdvisor'
2020-03-14 21:57:06.587 [main] DEBUG o.s.b.f.s.DefaultListableBeanFactory - Returning cached instance of singleton bean 'org.springframework.transaction.config.internalTransactionAdvisor'
2020-03-14 21:57:06.588 [main] DEBUG o.s.b.f.s.DefaultListableBeanFactory - Eagerly caching bean 'org.springframework.security.config.annotation.web.configuration.WebMvcSecurityConfiguration' to allow for resolving potential circular references
2020-03-14 21:57:06.606 [main] DEBUG o.s.b.f.s.DefaultListableBeanFactory - Returning cached instance of singleton bean 'metaDataSourceAdvisor'
2020-03-14 21:57:06.606 [main] DEBUG o.s.b.f.s.DefaultListableBeanFactory - Returning cached instance of singleton bean 'org.springframework.transaction.config.internalTransactionAdvisor'
2020-03-14 21:57:06.606 [main] DEBUG o.s.b.f.s.DefaultListableBeanFactory - Returning cached instance of singleton bean 'metaDataSourceAdvisor'
2020-03-14 21:57:06.606 [main] DEBUG o.s.b.f.s.DefaultListableBeanFactory - Returning cached instance of singleton bean 'org.springframework.transaction.config.internalTransactionAdvisor'
2020-03-14 21:57:06.607 [main] DEBUG o.s.b.f.s.DefaultListableBeanFactory - Finished creating instance of bean 'org.springframework.security.config.annotation.web.configuration.WebMvcSecurityConfiguration'
2020-03-14 21:57:06.607 [main] DEBUG o.s.b.f.a.AutowiredAnnotationBeanPostProcessor - Autowiring by type from bean name 'org.springframework.boot.autoconfigure.web.servlet.WebMvcAutoConfiguration$EnableWebMvcConfiguration' to bean named 'org.springframework.boot.autoconfigure.web.servlet.WebMvcAutoConfiguration$WebMvcAutoConfigurationAdapter'
2020-03-14 21:57:06.607 [main] DEBUG o.s.b.f.a.AutowiredAnnotationBeanPostProcessor - Autowiring by type from bean name 'org.springframework.boot.autoconfigure.web.servlet.WebMvcAutoConfiguration$EnableWebMvcConfiguration' to bean named 'org.springframework.boot.autoconfigure.orm.jpa.JpaBaseConfiguration$JpaWebConfiguration$JpaWebMvcConfiguration'
2020-03-14 21:57:06.607 [main] DEBUG o.s.b.f.a.AutowiredAnnotationBeanPostProcessor - Autowiring by type from bean name 'org.springframework.boot.autoconfigure.web.servlet.WebMvcAutoConfiguration$EnableWebMvcConfiguration' to bean named 'org.springframework.data.web.config.SpringDataWebConfiguration'
2020-03-14 21:57:06.607 [main] DEBUG o.s.b.f.a.AutowiredAnnotationBeanPostProcessor - Autowiring by type from bean name 'org.springframework.boot.autoconfigure.web.servlet.WebMvcAutoConfiguration$EnableWebMvcConfiguration' to bean named 'org.springframework.security.config.annotation.web.configuration.WebMvcSecurityConfiguration'
2020-03-14 21:57:06.608 [main] DEBUG o.s.b.f.s.DefaultListableBeanFactory - Returning cached instance of singleton bean 'metaDataSourceAdvisor'
2020-03-14 21:57:06.609 [main] DEBUG o.s.b.f.s.DefaultListableBeanFactory - Returning cached instance of singleton bean 'org.springframework.transaction.config.internalTransactionAdvisor'
2020-03-14 21:57:06.609 [main] DEBUG o.s.b.f.s.DefaultListableBeanFactory - Returning cached instance of singleton bean 'metaDataSourceAdvisor'
2020-03-14 21:57:06.609 [main] DEBUG o.s.b.f.s.DefaultListableBeanFactory - Returning cached instance of singleton bean 'org.springframework.transaction.config.internalTransactionAdvisor'
2020-03-14 21:57:06.627 [main] DEBUG o.s.b.f.s.DefaultListableBeanFactory - Finished creating instance of bean 'org.springframework.boot.autoconfigure.web.servlet.WebMvcAutoConfiguration$EnableWebMvcConfiguration'
2020-03-14 21:57:06.647 [main] DEBUG o.s.b.f.s.DefaultListableBeanFactory - Eagerly caching bean 'mvcResourceUrlProvider' to allow for resolving potential circular references
2020-03-14 21:57:06.653 [main] DEBUG o.s.b.f.s.DefaultListableBeanFactory - Returning cached instance of singleton bean 'metaDataSourceAdvisor'
2020-03-14 21:57:06.653 [main] DEBUG o.s.b.f.s.DefaultListableBeanFactory - Returning cached instance of singleton bean 'org.springframework.transaction.config.internalTransactionAdvisor'
2020-03-14 21:57:06.653 [main] DEBUG o.s.b.f.s.DefaultListableBeanFactory - Returning cached instance of singleton bean 'metaDataSourceAdvisor'
2020-03-14 21:57:06.653 [main] DEBUG o.s.b.f.s.DefaultListableBeanFactory - Returning cached instance of singleton bean 'org.springframework.transaction.config.internalTransactionAdvisor'
2020-03-14 21:57:06.654 [main] DEBUG o.s.b.f.s.DefaultListableBeanFactory - Finished creating instance of bean 'mvcResourceUrlProvider'
2020-03-14 21:57:06.655 [main] DEBUG o.s.b.f.s.DefaultListableBeanFactory - Creating shared instance of singleton bean 'delegatingApplicationListener'
2020-03-14 21:57:06.655 [main] DEBUG o.s.b.f.s.DefaultListableBeanFactory - Creating instance of bean 'delegatingApplicationListener'
2020-03-14 21:57:06.655 [main] DEBUG o.s.b.f.s.DefaultListableBeanFactory - Returning cached instance of singleton bean 'metaDataSourceAdvisor'
2020-03-14 21:57:06.655 [main] DEBUG o.s.b.f.s.DefaultListableBeanFactory - Returning cached instance of singleton bean 'org.springframework.transaction.config.internalTransactionAdvisor'
2020-03-14 21:57:06.657 [main] DEBUG o.s.b.f.s.DefaultListableBeanFactory - Eagerly caching bean 'delegatingApplicationListener' to allow for resolving potential circular references
2020-03-14 21:57:06.668 [main] DEBUG o.s.b.f.s.DefaultListableBeanFactory - Returning cached instance of singleton bean 'metaDataSourceAdvisor'
2020-03-14 21:57:06.668 [main] DEBUG o.s.b.f.s.DefaultListableBeanFactory - Returning cached instance of singleton bean 'org.springframework.transaction.config.internalTransactionAdvisor'
2020-03-14 21:57:06.668 [main] DEBUG o.s.b.f.s.DefaultListableBeanFactory - Returning cached instance of singleton bean 'metaDataSourceAdvisor'
2020-03-14 21:57:06.668 [main] DEBUG o.s.b.f.s.DefaultListableBeanFactory - Returning cached instance of singleton bean 'org.springframework.transaction.config.internalTransactionAdvisor'
2020-03-14 21:57:06.669 [main] DEBUG o.s.b.f.s.DefaultListableBeanFactory - Finished creating instance of bean 'delegatingApplicationListener'
2020-03-14 21:57:06.672 [main] DEBUG o.s.b.f.s.DefaultListableBeanFactory - Returning cached instance of singleton bean 'delegatingApplicationListener'
2020-03-14 21:57:06.673 [main] DEBUG o.s.w.s.resource.ResourceUrlProvider - Looking for resource handler mappings
2020-03-14 21:57:06.676 [main] DEBUG o.s.w.s.resource.ResourceUrlProvider - No resource handling mappings found
2020-03-14 21:57:06.676 [main] DEBUG o.s.c.e.PropertySourcesPropertyResolver - Could not find key 'spring.liveBeansView.mbeanDomain' in any property source
2020-03-14 21:57:06.680 [main] DEBUG o.s.b.f.s.DefaultListableBeanFactory - Returning cached instance of singleton bean 'feignLoggerFactory'
2020-03-14 21:57:06.684 [main] DEBUG o.s.b.f.s.DefaultListableBeanFactory - Creating instance of bean 'feignBuilder'
2020-03-14 21:57:06.685 [main] DEBUG o.s.b.f.s.DefaultListableBeanFactory - Returning cached instance of singleton bean 'feignClientsConfiguration'
2020-03-14 21:57:06.687 [main] DEBUG o.s.b.f.s.DefaultListableBeanFactory - Returning cached instance of singleton bean 'feignRetryer'
2020-03-14 21:57:06.687 [main] DEBUG o.s.b.f.s.DefaultListableBeanFactory - Autowiring by type from bean name 'feignBuilder' via factory method to bean named 'feignRetryer'
2020-03-14 21:57:06.728 [main] DEBUG o.s.b.f.s.DefaultListableBeanFactory - Finished creating instance of bean 'feignBuilder'
2020-03-14 21:57:06.732 [main] DEBUG o.s.b.f.s.DefaultListableBeanFactory - Returning cached instance of singleton bean 'feignEncoder'
2020-03-14 21:57:06.737 [main] DEBUG o.s.b.f.s.DefaultListableBeanFactory - Returning cached instance of singleton bean 'feignDecoder'
2020-03-14 21:57:06.741 [main] DEBUG o.s.b.f.s.DefaultListableBeanFactory - Returning cached instance of singleton bean 'feignContract'
2020-03-14 21:57:06.744 [main] DEBUG o.s.b.f.s.DefaultListableBeanFactory - Creating shared instance of singleton bean 'feign.client-org.springframework.cloud.openfeign.FeignClientProperties'
2020-03-14 21:57:06.744 [main] DEBUG o.s.b.f.s.DefaultListableBeanFactory - Creating instance of bean 'feign.client-org.springframework.cloud.openfeign.FeignClientProperties'
2020-03-14 21:57:06.745 [main] DEBUG o.s.b.f.s.DefaultListableBeanFactory - Returning cached instance of singleton bean 'metaDataSourceAdvisor'
2020-03-14 21:57:06.745 [main] DEBUG o.s.b.f.s.DefaultListableBeanFactory - Returning cached instance of singleton bean 'org.springframework.transaction.config.internalTransactionAdvisor'
2020-03-14 21:57:06.746 [main] DEBUG o.s.b.f.s.DefaultListableBeanFactory - Eagerly caching bean 'feign.client-org.springframework.cloud.openfeign.FeignClientProperties' to allow for resolving potential circular references
2020-03-14 21:57:06.753 [main] DEBUG o.s.b.f.s.DefaultListableBeanFactory - Returning cached instance of singleton bean 'metaDataSourceAdvisor'
2020-03-14 21:57:06.753 [main] DEBUG o.s.b.f.s.DefaultListableBeanFactory - Returning cached instance of singleton bean 'org.springframework.transaction.config.internalTransactionAdvisor'
2020-03-14 21:57:06.753 [main] DEBUG o.s.b.f.s.DefaultListableBeanFactory - Returning cached instance of singleton bean 'metaDataSourceAdvisor'
2020-03-14 21:57:06.753 [main] DEBUG o.s.b.f.s.DefaultListableBeanFactory - Returning cached instance of singleton bean 'org.springframework.transaction.config.internalTransactionAdvisor'
2020-03-14 21:57:06.755 [main] DEBUG o.s.b.f.s.DefaultListableBeanFactory - Finished creating instance of bean 'feign.client-org.springframework.cloud.openfeign.FeignClientProperties'
2020-03-14 21:57:06.776 [main] DEBUG o.s.b.f.s.DefaultListableBeanFactory - Returning cached instance of singleton bean 'feignRetryer'
2020-03-14 21:57:06.785 [main] DEBUG o.s.b.f.s.DefaultListableBeanFactory - Creating shared instance of singleton bean 'feignRequestOptions'
2020-03-14 21:57:06.786 [main] DEBUG o.s.b.f.s.DefaultListableBeanFactory - Creating instance of bean 'feignRequestOptions'
2020-03-14 21:57:06.786 [main] DEBUG o.s.b.f.s.DefaultListableBeanFactory - Returning cached instance of singleton bean 'metaDataSourceAdvisor'
2020-03-14 21:57:06.786 [main] DEBUG o.s.b.f.s.DefaultListableBeanFactory - Returning cached instance of singleton bean 'org.springframework.transaction.config.internalTransactionAdvisor'
2020-03-14 21:57:06.786 [main] DEBUG o.s.b.f.s.DefaultListableBeanFactory - Creating shared instance of singleton bean 'org.springframework.cloud.openfeign.ribbon.FeignRibbonClientAutoConfiguration'
2020-03-14 21:57:06.786 [main] DEBUG o.s.b.f.s.DefaultListableBeanFactory - Creating instance of bean 'org.springframework.cloud.openfeign.ribbon.FeignRibbonClientAutoConfiguration'
2020-03-14 21:57:06.787 [main] DEBUG o.s.b.f.s.DefaultListableBeanFactory - Returning cached instance of singleton bean 'metaDataSourceAdvisor'
2020-03-14 21:57:06.787 [main] DEBUG o.s.b.f.s.DefaultListableBeanFactory - Returning cached instance of singleton bean 'org.springframework.transaction.config.internalTransactionAdvisor'
2020-03-14 21:57:06.788 [main] DEBUG o.s.b.f.s.DefaultListableBeanFactory - Eagerly caching bean 'org.springframework.cloud.openfeign.ribbon.FeignRibbonClientAutoConfiguration' to allow for resolving potential circular references
2020-03-14 21:57:06.795 [main] DEBUG o.s.b.f.s.DefaultListableBeanFactory - Returning cached instance of singleton bean 'metaDataSourceAdvisor'
2020-03-14 21:57:06.795 [main] DEBUG o.s.b.f.s.DefaultListableBeanFactory - Returning cached instance of singleton bean 'org.springframework.transaction.config.internalTransactionAdvisor'
2020-03-14 21:57:06.795 [main] DEBUG o.s.b.f.s.DefaultListableBeanFactory - Returning cached instance of singleton bean 'metaDataSourceAdvisor'
2020-03-14 21:57:06.795 [main] DEBUG o.s.b.f.s.DefaultListableBeanFactory - Returning cached instance of singleton bean 'org.springframework.transaction.config.internalTransactionAdvisor'
2020-03-14 21:57:06.796 [main] DEBUG o.s.b.f.s.DefaultListableBeanFactory - Finished creating instance of bean 'org.springframework.cloud.openfeign.ribbon.FeignRibbonClientAutoConfiguration'
2020-03-14 21:57:06.811 [main] DEBUG o.s.b.f.s.DefaultListableBeanFactory - Eagerly caching bean 'feignRequestOptions' to allow for resolving potential circular references
2020-03-14 21:57:06.812 [main] DEBUG o.s.b.f.s.DefaultListableBeanFactory - Returning cached instance of singleton bean 'metaDataSourceAdvisor'
2020-03-14 21:57:06.813 [main] DEBUG o.s.b.f.s.DefaultListableBeanFactory - Returning cached instance of singleton bean 'org.springframework.transaction.config.internalTransactionAdvisor'
2020-03-14 21:57:06.813 [main] DEBUG o.s.b.f.s.DefaultListableBeanFactory - Returning cached instance of singleton bean 'metaDataSourceAdvisor'
2020-03-14 21:57:06.813 [main] DEBUG o.s.b.f.s.DefaultListableBeanFactory - Returning cached instance of singleton bean 'org.springframework.transaction.config.internalTransactionAdvisor'
2020-03-14 21:57:06.813 [main] DEBUG o.s.b.f.s.DefaultListableBeanFactory - Finished creating instance of bean 'feignRequestOptions'
2020-03-14 21:57:06.833 [main] DEBUG o.s.b.f.s.DefaultListableBeanFactory - Creating shared instance of singleton bean 'feignClient'
2020-03-14 21:57:06.834 [main] DEBUG o.s.b.f.s.DefaultListableBeanFactory - Creating instance of bean 'feignClient'
2020-03-14 21:57:06.837 [main] DEBUG o.s.b.f.s.DefaultListableBeanFactory - Returning cached instance of singleton bean 'metaDataSourceAdvisor'
2020-03-14 21:57:06.837 [main] DEBUG o.s.b.f.s.DefaultListableBeanFactory - Returning cached instance of singleton bean 'org.springframework.transaction.config.internalTransactionAdvisor'
2020-03-14 21:57:06.838 [main] DEBUG o.s.b.f.s.DefaultListableBeanFactory - Creating shared instance of singleton bean 'org.springframework.cloud.openfeign.ribbon.DefaultFeignLoadBalancedConfiguration'
2020-03-14 21:57:06.838 [main] DEBUG o.s.b.f.s.DefaultListableBeanFactory - Creating instance of bean 'org.springframework.cloud.openfeign.ribbon.DefaultFeignLoadBalancedConfiguration'
2020-03-14 21:57:06.838 [main] DEBUG o.s.b.f.s.DefaultListableBeanFactory - Returning cached instance of singleton bean 'metaDataSourceAdvisor'
2020-03-14 21:57:06.838 [main] DEBUG o.s.b.f.s.DefaultListableBeanFactory - Returning cached instance of singleton bean 'org.springframework.transaction.config.internalTransactionAdvisor'
2020-03-14 21:57:06.839 [main] DEBUG o.s.b.f.s.DefaultListableBeanFactory - Eagerly caching bean 'org.springframework.cloud.openfeign.ribbon.DefaultFeignLoadBalancedConfiguration' to allow for resolving potential circular references
2020-03-14 21:57:06.851 [main] DEBUG o.s.b.f.s.DefaultListableBeanFactory - Returning cached instance of singleton bean 'metaDataSourceAdvisor'
2020-03-14 21:57:06.851 [main] DEBUG o.s.b.f.s.DefaultListableBeanFactory - Returning cached instance of singleton bean 'org.springframework.transaction.config.internalTransactionAdvisor'
2020-03-14 21:57:06.851 [main] DEBUG o.s.b.f.s.DefaultListableBeanFactory - Returning cached instance of singleton bean 'metaDataSourceAdvisor'
2020-03-14 21:57:06.851 [main] DEBUG o.s.b.f.s.DefaultListableBeanFactory - Returning cached instance of singleton bean 'org.springframework.transaction.config.internalTransactionAdvisor'
2020-03-14 21:57:06.852 [main] DEBUG o.s.b.f.s.DefaultListableBeanFactory - Finished creating instance of bean 'org.springframework.cloud.openfeign.ribbon.DefaultFeignLoadBalancedConfiguration'
2020-03-14 21:57:06.856 [main] DEBUG o.s.b.f.s.DefaultListableBeanFactory - Creating shared instance of singleton bean 'cachingLBClientFactory'
2020-03-14 21:57:06.856 [main] DEBUG o.s.b.f.s.DefaultListableBeanFactory - Creating instance of bean 'cachingLBClientFactory'
2020-03-14 21:57:06.856 [main] DEBUG o.s.b.f.s.DefaultListableBeanFactory - Returning cached instance of singleton bean 'metaDataSourceAdvisor'
2020-03-14 21:57:06.856 [main] DEBUG o.s.b.f.s.DefaultListableBeanFactory - Returning cached instance of singleton bean 'org.springframework.transaction.config.internalTransactionAdvisor'
2020-03-14 21:57:06.856 [main] DEBUG o.s.b.f.s.DefaultListableBeanFactory - Returning cached instance of singleton bean 'org.springframework.cloud.openfeign.ribbon.FeignRibbonClientAutoConfiguration'
2020-03-14 21:57:06.858 [main] DEBUG o.s.b.f.s.DefaultListableBeanFactory - Creating shared instance of singleton bean 'springClientFactory'
2020-03-14 21:57:06.858 [main] DEBUG o.s.b.f.s.DefaultListableBeanFactory - Creating instance of bean 'springClientFactory'
2020-03-14 21:57:06.858 [main] DEBUG o.s.b.f.s.DefaultListableBeanFactory - Returning cached instance of singleton bean 'metaDataSourceAdvisor'
2020-03-14 21:57:06.858 [main] DEBUG o.s.b.f.s.DefaultListableBeanFactory - Returning cached instance of singleton bean 'org.springframework.transaction.config.internalTransactionAdvisor'
2020-03-14 21:57:06.858 [main] DEBUG o.s.b.f.s.DefaultListableBeanFactory - Creating shared instance of singleton bean 'org.springframework.cloud.netflix.ribbon.RibbonAutoConfiguration'
2020-03-14 21:57:06.858 [main] DEBUG o.s.b.f.s.DefaultListableBeanFactory - Creating instance of bean 'org.springframework.cloud.netflix.ribbon.RibbonAutoConfiguration'
2020-03-14 21:57:06.858 [main] DEBUG o.s.b.f.s.DefaultListableBeanFactory - Returning cached instance of singleton bean 'metaDataSourceAdvisor'
2020-03-14 21:57:06.858 [main] DEBUG o.s.b.f.s.DefaultListableBeanFactory - Returning cached instance of singleton bean 'org.springframework.transaction.config.internalTransactionAdvisor'
2020-03-14 21:57:06.859 [main] DEBUG o.s.b.f.annotation.InjectionMetadata - Registered injected element on class [org.springframework.cloud.netflix.ribbon.RibbonAutoConfiguration$$EnhancerBySpringCGLIB$$9e96b413]: AutowiredFieldElement for private java.util.List org.springframework.cloud.netflix.ribbon.RibbonAutoConfiguration.configurations
2020-03-14 21:57:06.859 [main] DEBUG o.s.b.f.annotation.InjectionMetadata - Registered injected element on class [org.springframework.cloud.netflix.ribbon.RibbonAutoConfiguration$$EnhancerBySpringCGLIB$$9e96b413]: AutowiredFieldElement for private org.springframework.cloud.netflix.ribbon.RibbonEagerLoadProperties org.springframework.cloud.netflix.ribbon.RibbonAutoConfiguration.ribbonEagerLoadProperties
2020-03-14 21:57:06.859 [main] DEBUG o.s.b.f.s.DefaultListableBeanFactory - Eagerly caching bean 'org.springframework.cloud.netflix.ribbon.RibbonAutoConfiguration' to allow for resolving potential circular references
2020-03-14 21:57:06.865 [main] DEBUG o.s.b.f.annotation.InjectionMetadata - Processing injected element of bean 'org.springframework.cloud.netflix.ribbon.RibbonAutoConfiguration': AutowiredFieldElement for private java.util.List org.springframework.cloud.netflix.ribbon.RibbonAutoConfiguration.configurations
2020-03-14 21:57:06.865 [main] DEBUG o.s.core.annotation.AnnotationUtils - Failed to meta-introspect annotation interface org.springframework.beans.factory.annotation.Autowired: java.lang.NullPointerException
2020-03-14 21:57:06.870 [main] DEBUG o.s.b.f.s.DefaultListableBeanFactory - Creating shared instance of singleton bean 'default.org.springframework.cloud.netflix.ribbon.RibbonAutoConfiguration.RibbonClientSpecification'
2020-03-14 21:57:06.870 [main] DEBUG o.s.b.f.s.DefaultListableBeanFactory - Creating instance of bean 'default.org.springframework.cloud.netflix.ribbon.RibbonAutoConfiguration.RibbonClientSpecification'
2020-03-14 21:57:06.870 [main] DEBUG o.s.b.f.s.DefaultListableBeanFactory - Returning cached instance of singleton bean 'metaDataSourceAdvisor'
2020-03-14 21:57:06.870 [main] DEBUG o.s.b.f.s.DefaultListableBeanFactory - Returning cached instance of singleton bean 'org.springframework.transaction.config.internalTransactionAdvisor'
2020-03-14 21:57:06.871 [main] DEBUG o.s.b.f.s.DefaultListableBeanFactory - Eagerly caching bean 'default.org.springframework.cloud.netflix.ribbon.RibbonAutoConfiguration.RibbonClientSpecification' to allow for resolving potential circular references
2020-03-14 21:57:06.875 [main] DEBUG o.s.b.f.s.DefaultListableBeanFactory - Returning cached instance of singleton bean 'metaDataSourceAdvisor'
2020-03-14 21:57:06.875 [main] DEBUG o.s.b.f.s.DefaultListableBeanFactory - Returning cached instance of singleton bean 'org.springframework.transaction.config.internalTransactionAdvisor'
2020-03-14 21:57:06.875 [main] DEBUG o.s.b.f.s.DefaultListableBeanFactory - Returning cached instance of singleton bean 'metaDataSourceAdvisor'
2020-03-14 21:57:06.875 [main] DEBUG o.s.b.f.s.DefaultListableBeanFactory - Returning cached instance of singleton bean 'org.springframework.transaction.config.internalTransactionAdvisor'
2020-03-14 21:57:06.876 [main] DEBUG o.s.b.f.s.DefaultListableBeanFactory - Finished creating instance of bean 'default.org.springframework.cloud.netflix.ribbon.RibbonAutoConfiguration.RibbonClientSpecification'
2020-03-14 21:57:06.876 [main] DEBUG o.s.b.f.s.DefaultListableBeanFactory - Creating shared instance of singleton bean 'default.org.springframework.cloud.netflix.ribbon.eureka.RibbonEurekaAutoConfiguration.RibbonClientSpecification'
2020-03-14 21:57:06.876 [main] DEBUG o.s.b.f.s.DefaultListableBeanFactory - Creating instance of bean 'default.org.springframework.cloud.netflix.ribbon.eureka.RibbonEurekaAutoConfiguration.RibbonClientSpecification'
2020-03-14 21:57:06.876 [main] DEBUG o.s.b.f.s.DefaultListableBeanFactory - Returning cached instance of singleton bean 'metaDataSourceAdvisor'
2020-03-14 21:57:06.876 [main] DEBUG o.s.b.f.s.DefaultListableBeanFactory - Returning cached instance of singleton bean 'org.springframework.transaction.config.internalTransactionAdvisor'
2020-03-14 21:57:06.876 [main] DEBUG o.s.b.f.s.DefaultListableBeanFactory - Eagerly caching bean 'default.org.springframework.cloud.netflix.ribbon.eureka.RibbonEurekaAutoConfiguration.RibbonClientSpecification' to allow for resolving potential circular references
2020-03-14 21:57:06.876 [main] DEBUG o.s.b.f.s.DefaultListableBeanFactory - Returning cached instance of singleton bean 'metaDataSourceAdvisor'
2020-03-14 21:57:06.877 [main] DEBUG o.s.b.f.s.DefaultListableBeanFactory - Returning cached instance of singleton bean 'org.springframework.transaction.config.internalTransactionAdvisor'
2020-03-14 21:57:06.877 [main] DEBUG o.s.b.f.s.DefaultListableBeanFactory - Returning cached instance of singleton bean 'metaDataSourceAdvisor'
2020-03-14 21:57:06.877 [main] DEBUG o.s.b.f.s.DefaultListableBeanFactory - Returning cached instance of singleton bean 'org.springframework.transaction.config.internalTransactionAdvisor'
2020-03-14 21:57:06.877 [main] DEBUG o.s.b.f.s.DefaultListableBeanFactory - Finished creating instance of bean 'default.org.springframework.cloud.netflix.ribbon.eureka.RibbonEurekaAutoConfiguration.RibbonClientSpecification'
2020-03-14 21:57:06.877 [main] DEBUG o.s.b.f.a.AutowiredAnnotationBeanPostProcessor - Autowiring by type from bean name 'org.springframework.cloud.netflix.ribbon.RibbonAutoConfiguration' to bean named 'default.org.springframework.cloud.netflix.ribbon.RibbonAutoConfiguration.RibbonClientSpecification'
2020-03-14 21:57:06.877 [main] DEBUG o.s.b.f.a.AutowiredAnnotationBeanPostProcessor - Autowiring by type from bean name 'org.springframework.cloud.netflix.ribbon.RibbonAutoConfiguration' to bean named 'default.org.springframework.cloud.netflix.ribbon.eureka.RibbonEurekaAutoConfiguration.RibbonClientSpecification'
2020-03-14 21:57:06.877 [main] DEBUG o.s.b.f.annotation.InjectionMetadata - Processing injected element of bean 'org.springframework.cloud.netflix.ribbon.RibbonAutoConfiguration': AutowiredFieldElement for private org.springframework.cloud.netflix.ribbon.RibbonEagerLoadProperties org.springframework.cloud.netflix.ribbon.RibbonAutoConfiguration.ribbonEagerLoadProperties
2020-03-14 21:57:06.877 [main] DEBUG o.s.core.annotation.AnnotationUtils - Failed to meta-introspect annotation interface org.springframework.beans.factory.annotation.Autowired: java.lang.NullPointerException
2020-03-14 21:57:06.880 [main] DEBUG o.s.b.f.s.DefaultListableBeanFactory - Creating shared instance of singleton bean 'ribbon.eager-load-org.springframework.cloud.netflix.ribbon.RibbonEagerLoadProperties'
2020-03-14 21:57:06.880 [main] DEBUG o.s.b.f.s.DefaultListableBeanFactory - Creating instance of bean 'ribbon.eager-load-org.springframework.cloud.netflix.ribbon.RibbonEagerLoadProperties'
2020-03-14 21:57:06.880 [main] DEBUG o.s.b.f.s.DefaultListableBeanFactory - Returning cached instance of singleton bean 'metaDataSourceAdvisor'
2020-03-14 21:57:06.880 [main] DEBUG o.s.b.f.s.DefaultListableBeanFactory - Returning cached instance of singleton bean 'org.springframework.transaction.config.internalTransactionAdvisor'
2020-03-14 21:57:06.881 [main] DEBUG o.s.b.f.s.DefaultListableBeanFactory - Eagerly caching bean 'ribbon.eager-load-org.springframework.cloud.netflix.ribbon.RibbonEagerLoadProperties' to allow for resolving potential circular references
2020-03-14 21:57:06.888 [main] DEBUG o.s.b.f.s.DefaultListableBeanFactory - Returning cached instance of singleton bean 'metaDataSourceAdvisor'
2020-03-14 21:57:06.888 [main] DEBUG o.s.b.f.s.DefaultListableBeanFactory - Returning cached instance of singleton bean 'org.springframework.transaction.config.internalTransactionAdvisor'
2020-03-14 21:57:06.888 [main] DEBUG o.s.b.f.s.DefaultListableBeanFactory - Returning cached instance of singleton bean 'metaDataSourceAdvisor'
2020-03-14 21:57:06.888 [main] DEBUG o.s.b.f.s.DefaultListableBeanFactory - Returning cached instance of singleton bean 'org.springframework.transaction.config.internalTransactionAdvisor'
2020-03-14 21:57:06.889 [main] DEBUG o.s.b.f.s.DefaultListableBeanFactory - Finished creating instance of bean 'ribbon.eager-load-org.springframework.cloud.netflix.ribbon.RibbonEagerLoadProperties'
2020-03-14 21:57:06.889 [main] DEBUG o.s.b.f.a.AutowiredAnnotationBeanPostProcessor - Autowiring by type from bean name 'org.springframework.cloud.netflix.ribbon.RibbonAutoConfiguration' to bean named 'ribbon.eager-load-org.springframework.cloud.netflix.ribbon.RibbonEagerLoadProperties'
2020-03-14 21:57:06.890 [main] DEBUG o.s.b.f.s.DefaultListableBeanFactory - Returning cached instance of singleton bean 'metaDataSourceAdvisor'
2020-03-14 21:57:06.890 [main] DEBUG o.s.b.f.s.DefaultListableBeanFactory - Returning cached instance of singleton bean 'org.springframework.transaction.config.internalTransactionAdvisor'
2020-03-14 21:57:06.890 [main] DEBUG o.s.b.f.s.DefaultListableBeanFactory - Returning cached instance of singleton bean 'metaDataSourceAdvisor'
2020-03-14 21:57:06.891 [main] DEBUG o.s.b.f.s.DefaultListableBeanFactory - Returning cached instance of singleton bean 'org.springframework.transaction.config.internalTransactionAdvisor'
2020-03-14 21:57:06.901 [main] DEBUG o.s.b.f.s.DefaultListableBeanFactory - Finished creating instance of bean 'org.springframework.cloud.netflix.ribbon.RibbonAutoConfiguration'
2020-03-14 21:57:06.920 [main] DEBUG o.s.b.f.s.DefaultListableBeanFactory - Eagerly caching bean 'springClientFactory' to allow for resolving potential circular references
2020-03-14 21:57:06.928 [main] DEBUG o.s.b.f.s.DefaultListableBeanFactory - Returning cached instance of singleton bean 'metaDataSourceAdvisor'
2020-03-14 21:57:06.928 [main] DEBUG o.s.b.f.s.DefaultListableBeanFactory - Returning cached instance of singleton bean 'org.springframework.transaction.config.internalTransactionAdvisor'
2020-03-14 21:57:06.928 [main] DEBUG o.s.b.f.s.DefaultListableBeanFactory - Returning cached instance of singleton bean 'metaDataSourceAdvisor'
2020-03-14 21:57:06.928 [main] DEBUG o.s.b.f.s.DefaultListableBeanFactory - Returning cached instance of singleton bean 'org.springframework.transaction.config.internalTransactionAdvisor'
2020-03-14 21:57:06.929 [main] DEBUG o.s.b.f.s.DefaultListableBeanFactory - Finished creating instance of bean 'springClientFactory'
2020-03-14 21:57:06.929 [main] DEBUG o.s.b.f.s.DefaultListableBeanFactory - Autowiring by type from bean name 'cachingLBClientFactory' via factory method to bean named 'springClientFactory'
2020-03-14 21:57:06.935 [main] DEBUG o.s.b.f.s.DefaultListableBeanFactory - Eagerly caching bean 'cachingLBClientFactory' to allow for resolving potential circular references
2020-03-14 21:57:06.937 [main] DEBUG o.s.b.f.s.DefaultListableBeanFactory - Returning cached instance of singleton bean 'metaDataSourceAdvisor'
2020-03-14 21:57:06.937 [main] DEBUG o.s.b.f.s.DefaultListableBeanFactory - Returning cached instance of singleton bean 'org.springframework.transaction.config.internalTransactionAdvisor'
2020-03-14 21:57:06.937 [main] DEBUG o.s.b.f.s.DefaultListableBeanFactory - Returning cached instance of singleton bean 'metaDataSourceAdvisor'
2020-03-14 21:57:06.937 [main] DEBUG o.s.b.f.s.DefaultListableBeanFactory - Returning cached instance of singleton bean 'org.springframework.transaction.config.internalTransactionAdvisor'
2020-03-14 21:57:06.937 [main] DEBUG o.s.b.f.s.DefaultListableBeanFactory - Finished creating instance of bean 'cachingLBClientFactory'
2020-03-14 21:57:06.938 [main] DEBUG o.s.b.f.s.DefaultListableBeanFactory - Returning cached instance of singleton bean 'springClientFactory'
2020-03-14 21:57:06.938 [main] DEBUG o.s.b.f.s.DefaultListableBeanFactory - Autowiring by type from bean name 'feignClient' via factory method to bean named 'cachingLBClientFactory'
2020-03-14 21:57:06.938 [main] DEBUG o.s.b.f.s.DefaultListableBeanFactory - Autowiring by type from bean name 'feignClient' via factory method to bean named 'springClientFactory'
2020-03-14 21:57:06.942 [main] DEBUG o.s.b.f.s.DefaultListableBeanFactory - Eagerly caching bean 'feignClient' to allow for resolving potential circular references
2020-03-14 21:57:06.945 [main] DEBUG o.s.b.f.s.DefaultListableBeanFactory - Returning cached instance of singleton bean 'metaDataSourceAdvisor'
2020-03-14 21:57:06.946 [main] DEBUG o.s.b.f.s.DefaultListableBeanFactory - Returning cached instance of singleton bean 'org.springframework.transaction.config.internalTransactionAdvisor'
2020-03-14 21:57:06.946 [main] DEBUG o.s.b.f.s.DefaultListableBeanFactory - Returning cached instance of singleton bean 'metaDataSourceAdvisor'
2020-03-14 21:57:06.946 [main] DEBUG o.s.b.f.s.DefaultListableBeanFactory - Returning cached instance of singleton bean 'org.springframework.transaction.config.internalTransactionAdvisor'
2020-03-14 21:57:06.946 [main] DEBUG o.s.b.f.s.DefaultListableBeanFactory - Finished creating instance of bean 'feignClient'
2020-03-14 21:57:06.953 [main] DEBUG o.s.b.f.s.DefaultListableBeanFactory - Creating shared instance of singleton bean 'feignTargeter'
2020-03-14 21:57:06.954 [main] DEBUG o.s.b.f.s.DefaultListableBeanFactory - Creating instance of bean 'feignTargeter'
2020-03-14 21:57:06.954 [main] DEBUG o.s.b.f.s.DefaultListableBeanFactory - Returning cached instance of singleton bean 'metaDataSourceAdvisor'
2020-03-14 21:57:06.954 [main] DEBUG o.s.b.f.s.DefaultListableBeanFactory - Returning cached instance of singleton bean 'org.springframework.transaction.config.internalTransactionAdvisor'
2020-03-14 21:57:06.954 [main] DEBUG o.s.b.f.s.DefaultListableBeanFactory - Creating shared instance of singleton bean 'org.springframework.cloud.openfeign.FeignAutoConfiguration$HystrixFeignTargeterConfiguration'
2020-03-14 21:57:06.954 [main] DEBUG o.s.b.f.s.DefaultListableBeanFactory - Creating instance of bean 'org.springframework.cloud.openfeign.FeignAutoConfiguration$HystrixFeignTargeterConfiguration'
2020-03-14 21:57:06.954 [main] DEBUG o.s.b.f.s.DefaultListableBeanFactory - Returning cached instance of singleton bean 'metaDataSourceAdvisor'
2020-03-14 21:57:06.954 [main] DEBUG o.s.b.f.s.DefaultListableBeanFactory - Returning cached instance of singleton bean 'org.springframework.transaction.config.internalTransactionAdvisor'
2020-03-14 21:57:06.956 [main] DEBUG o.s.b.f.s.DefaultListableBeanFactory - Eagerly caching bean 'org.springframework.cloud.openfeign.FeignAutoConfiguration$HystrixFeignTargeterConfiguration' to allow for resolving potential circular references
2020-03-14 21:57:06.977 [main] DEBUG o.s.b.f.s.DefaultListableBeanFactory - Returning cached instance of singleton bean 'metaDataSourceAdvisor'
2020-03-14 21:57:06.978 [main] DEBUG o.s.b.f.s.DefaultListableBeanFactory - Returning cached instance of singleton bean 'org.springframework.transaction.config.internalTransactionAdvisor'
2020-03-14 21:57:06.979 [main] DEBUG o.s.b.f.s.DefaultListableBeanFactory - Returning cached instance of singleton bean 'metaDataSourceAdvisor'
2020-03-14 21:57:06.979 [main] DEBUG o.s.b.f.s.DefaultListableBeanFactory - Returning cached instance of singleton bean 'org.springframework.transaction.config.internalTransactionAdvisor'
2020-03-14 21:57:06.983 [main] DEBUG o.s.b.f.s.DefaultListableBeanFactory - Finished creating instance of bean 'org.springframework.cloud.openfeign.FeignAutoConfiguration$HystrixFeignTargeterConfiguration'
2020-03-14 21:57:06.994 [main] DEBUG o.s.b.f.s.DefaultListableBeanFactory - Eagerly caching bean 'feignTargeter' to allow for resolving potential circular references
2020-03-14 21:57:07.009 [main] DEBUG o.s.b.f.s.DefaultListableBeanFactory - Returning cached instance of singleton bean 'metaDataSourceAdvisor'
2020-03-14 21:57:07.010 [main] DEBUG o.s.b.f.s.DefaultListableBeanFactory - Returning cached instance of singleton bean 'org.springframework.transaction.config.internalTransactionAdvisor'
2020-03-14 21:57:07.010 [main] DEBUG o.s.b.f.s.DefaultListableBeanFactory - Returning cached instance of singleton bean 'metaDataSourceAdvisor'
2020-03-14 21:57:07.010 [main] DEBUG o.s.b.f.s.DefaultListableBeanFactory - Returning cached instance of singleton bean 'org.springframework.transaction.config.internalTransactionAdvisor'
2020-03-14 21:57:07.010 [main] DEBUG o.s.b.f.s.DefaultListableBeanFactory - Finished creating instance of bean 'feignTargeter'
2020-03-14 21:57:07.109 [main] DEBUG o.s.b.f.s.DefaultListableBeanFactory - Returning cached instance of singleton bean 'metaDataSourceAdvisor'
2020-03-14 21:57:07.109 [main] DEBUG o.s.b.f.s.DefaultListableBeanFactory - Returning cached instance of singleton bean 'org.springframework.transaction.config.internalTransactionAdvisor'
2020-03-14 21:57:07.109 [main] DEBUG o.s.b.f.s.DefaultListableBeanFactory - Returning cached instance of singleton bean 'metaDataSourceAdvisor'
2020-03-14 21:57:07.109 [main] DEBUG o.s.b.f.s.DefaultListableBeanFactory - Returning cached instance of singleton bean 'org.springframework.transaction.config.internalTransactionAdvisor'
2020-03-14 21:57:07.115 [main] DEBUG o.s.b.f.a.AutowiredAnnotationBeanPostProcessor - Autowiring by type from bean name 'courseService' to bean named 'com.ningmeng.manage_course.client.CmsPageClient'
2020-03-14 21:57:07.115 [main] DEBUG o.s.b.f.annotation.InjectionMetadata - Processing injected element of bean 'courseService': AutowiredFieldElement for com.ningmeng.manage_course.dao.TeachplanMediaRepository com.ningmeng.manage_course.service.CourseService.teachplanMediaRepository
2020-03-14 21:57:07.115 [main] DEBUG o.s.core.annotation.AnnotationUtils - Failed to meta-introspect annotation interface org.springframework.beans.factory.annotation.Autowired: java.lang.NullPointerException
2020-03-14 21:57:07.121 [main] DEBUG o.s.b.f.s.DefaultListableBeanFactory - Creating shared instance of singleton bean 'teachplanMediaRepository'
2020-03-14 21:57:07.121 [main] DEBUG o.s.b.f.s.DefaultListableBeanFactory - Creating instance of bean 'teachplanMediaRepository'
2020-03-14 21:57:07.122 [main] DEBUG o.s.b.f.s.DefaultListableBeanFactory - Returning cached instance of singleton bean 'metaDataSourceAdvisor'
2020-03-14 21:57:07.122 [main] DEBUG o.s.b.f.s.DefaultListableBeanFactory - Returning cached instance of singleton bean 'org.springframework.transaction.config.internalTransactionAdvisor'
2020-03-14 21:57:07.138 [main] DEBUG o.s.b.f.annotation.InjectionMetadata - Registered injected element on class [org.springframework.data.jpa.repository.support.JpaRepositoryFactoryBean]: PersistenceElement for public void org.springframework.data.jpa.repository.support.JpaRepositoryFactoryBean.setEntityManager(javax.persistence.EntityManager)
2020-03-14 21:57:07.138 [main] DEBUG o.s.b.f.s.DefaultListableBeanFactory - Eagerly caching bean 'teachplanMediaRepository' to allow for resolving potential circular references
2020-03-14 21:57:07.139 [main] DEBUG o.s.b.f.annotation.InjectionMetadata - Processing injected element of bean 'teachplanMediaRepository': PersistenceElement for public void org.springframework.data.jpa.repository.support.JpaRepositoryFactoryBean.setEntityManager(javax.persistence.EntityManager)
2020-03-14 21:57:07.139 [main] DEBUG o.s.b.f.s.DefaultListableBeanFactory - Creating instance of bean '(inner bean)#4177d422'
2020-03-14 21:57:07.139 [main] DEBUG o.s.b.f.s.DefaultListableBeanFactory - Returning cached instance of singleton bean 'metaDataSourceAdvisor'
2020-03-14 21:57:07.139 [main] DEBUG o.s.b.f.s.DefaultListableBeanFactory - Returning cached instance of singleton bean 'org.springframework.transaction.config.internalTransactionAdvisor'
2020-03-14 21:57:07.139 [main] DEBUG o.s.b.f.s.DefaultListableBeanFactory - Creating instance of bean '(inner bean)#7bde704a'
2020-03-14 21:57:07.139 [main] DEBUG o.s.b.f.s.DefaultListableBeanFactory - Returning cached instance of singleton bean 'metaDataSourceAdvisor'
2020-03-14 21:57:07.139 [main] DEBUG o.s.b.f.s.DefaultListableBeanFactory - Returning cached instance of singleton bean 'org.springframework.transaction.config.internalTransactionAdvisor'
2020-03-14 21:57:07.151 [main] DEBUG o.s.c.i.s.PathMatchingResourcePatternResolver - Resolved classpath location [META-INF/jpa-named-queries.properties] to resources []
2020-03-14 21:57:07.151 [main] DEBUG o.s.b.f.s.DefaultListableBeanFactory - Invoking afterPropertiesSet() on bean with name '(inner bean)#7bde704a'
2020-03-14 21:57:07.152 [main] DEBUG o.s.b.f.s.DefaultListableBeanFactory - Returning cached instance of singleton bean 'metaDataSourceAdvisor'
2020-03-14 21:57:07.152 [main] DEBUG o.s.b.f.s.DefaultListableBeanFactory - Returning cached instance of singleton bean 'org.springframework.transaction.config.internalTransactionAdvisor'
2020-03-14 21:57:07.152 [main] DEBUG o.s.b.f.s.DefaultListableBeanFactory - Returning cached instance of singleton bean 'metaDataSourceAdvisor'
2020-03-14 21:57:07.152 [main] DEBUG o.s.b.f.s.DefaultListableBeanFactory - Returning cached instance of singleton bean 'org.springframework.transaction.config.internalTransactionAdvisor'
2020-03-14 21:57:07.153 [main] DEBUG o.s.b.f.s.DefaultListableBeanFactory - Finished creating instance of bean '(inner bean)#7bde704a'
2020-03-14 21:57:07.153 [main] DEBUG o.s.b.f.s.DefaultListableBeanFactory - Returning cached instance of singleton bean 'metaDataSourceAdvisor'
2020-03-14 21:57:07.153 [main] DEBUG o.s.b.f.s.DefaultListableBeanFactory - Returning cached instance of singleton bean 'org.springframework.transaction.config.internalTransactionAdvisor'
2020-03-14 21:57:07.153 [main] DEBUG o.s.b.f.s.DefaultListableBeanFactory - Returning cached instance of singleton bean 'metaDataSourceAdvisor'
2020-03-14 21:57:07.153 [main] DEBUG o.s.b.f.s.DefaultListableBeanFactory - Returning cached instance of singleton bean 'org.springframework.transaction.config.internalTransactionAdvisor'
2020-03-14 21:57:07.154 [main] DEBUG o.s.b.f.s.DefaultListableBeanFactory - Returning cached instance of singleton bean 'metaDataSourceAdvisor'
2020-03-14 21:57:07.154 [main] DEBUG o.s.b.f.s.DefaultListableBeanFactory - Returning cached instance of singleton bean 'org.springframework.transaction.config.internalTransactionAdvisor'
2020-03-14 21:57:07.154 [main] DEBUG o.s.b.f.s.DefaultListableBeanFactory - Returning cached instance of singleton bean 'metaDataSourceAdvisor'
2020-03-14 21:57:07.154 [main] DEBUG o.s.b.f.s.DefaultListableBeanFactory - Returning cached instance of singleton bean 'org.springframework.transaction.config.internalTransactionAdvisor'
2020-03-14 21:57:07.155 [main] DEBUG o.s.b.f.s.DefaultListableBeanFactory - Finished creating instance of bean '(inner bean)#4177d422'
2020-03-14 21:57:07.155 [main] DEBUG o.s.b.f.s.DefaultListableBeanFactory - Creating instance of bean '(inner bean)#1abf951a'
2020-03-14 21:57:07.155 [main] DEBUG o.s.b.f.s.DefaultListableBeanFactory - Returning cached instance of singleton bean 'metaDataSourceAdvisor'
2020-03-14 21:57:07.155 [main] DEBUG o.s.b.f.s.DefaultListableBeanFactory - Returning cached instance of singleton bean 'org.springframework.transaction.config.internalTransactionAdvisor'
2020-03-14 21:57:07.156 [main] DEBUG o.s.b.f.s.DefaultListableBeanFactory - Invoking afterPropertiesSet() on bean with name '(inner bean)#1abf951a'
2020-03-14 21:57:07.157 [main] DEBUG o.s.b.f.s.DefaultListableBeanFactory - Returning cached instance of singleton bean 'metaDataSourceAdvisor'
2020-03-14 21:57:07.157 [main] DEBUG o.s.b.f.s.DefaultListableBeanFactory - Returning cached instance of singleton bean 'org.springframework.transaction.config.internalTransactionAdvisor'
2020-03-14 21:57:07.157 [main] DEBUG o.s.b.f.s.DefaultListableBeanFactory - Returning cached instance of singleton bean 'metaDataSourceAdvisor'
2020-03-14 21:57:07.157 [main] DEBUG o.s.b.f.s.DefaultListableBeanFactory - Returning cached instance of singleton bean 'org.springframework.transaction.config.internalTransactionAdvisor'
2020-03-14 21:57:07.157 [main] DEBUG o.s.b.f.s.DefaultListableBeanFactory - Finished creating instance of bean '(inner bean)#1abf951a'
2020-03-14 21:57:07.157 [main] DEBUG o.s.b.f.s.DefaultListableBeanFactory - Returning cached instance of singleton bean 'metaDataSourceAdvisor'
2020-03-14 21:57:07.157 [main] DEBUG o.s.b.f.s.DefaultListableBeanFactory - Returning cached instance of singleton bean 'org.springframework.transaction.config.internalTransactionAdvisor'
2020-03-14 21:57:07.157 [main] DEBUG o.s.b.f.s.DefaultListableBeanFactory - Returning cached instance of singleton bean 'metaDataSourceAdvisor'
2020-03-14 21:57:07.157 [main] DEBUG o.s.b.f.s.DefaultListableBeanFactory - Returning cached instance of singleton bean 'org.springframework.transaction.config.internalTransactionAdvisor'
2020-03-14 21:57:07.159 [main] DEBUG o.s.b.f.s.DefaultListableBeanFactory - Creating instance of bean '(inner bean)#55f23335'
2020-03-14 21:57:07.159 [main] DEBUG o.s.b.f.s.DefaultListableBeanFactory - Returning cached instance of singleton bean 'metaDataSourceAdvisor'
2020-03-14 21:57:07.159 [main] DEBUG o.s.b.f.s.DefaultListableBeanFactory - Returning cached instance of singleton bean 'org.springframework.transaction.config.internalTransactionAdvisor'
2020-03-14 21:57:07.161 [main] DEBUG o.s.b.f.s.DefaultListableBeanFactory - Returning cached instance of singleton bean 'metaDataSourceAdvisor'
2020-03-14 21:57:07.161 [main] DEBUG o.s.b.f.s.DefaultListableBeanFactory - Returning cached instance of singleton bean 'org.springframework.transaction.config.internalTransactionAdvisor'
2020-03-14 21:57:07.161 [main] DEBUG o.s.b.f.s.DefaultListableBeanFactory - Returning cached instance of singleton bean 'metaDataSourceAdvisor'
2020-03-14 21:57:07.161 [main] DEBUG o.s.b.f.s.DefaultListableBeanFactory - Returning cached instance of singleton bean 'org.springframework.transaction.config.internalTransactionAdvisor'
2020-03-14 21:57:07.163 [main] DEBUG o.s.b.f.s.DefaultListableBeanFactory - Finished creating instance of bean '(inner bean)#55f23335'
2020-03-14 21:57:07.165 [main] DEBUG o.s.b.f.s.DefaultListableBeanFactory - Creating instance of bean '(inner bean)#61c145cb'
2020-03-14 21:57:07.165 [main] DEBUG o.s.b.f.s.DefaultListableBeanFactory - Returning cached instance of singleton bean 'metaDataSourceAdvisor'
2020-03-14 21:57:07.165 [main] DEBUG o.s.b.f.s.DefaultListableBeanFactory - Returning cached instance of singleton bean 'org.springframework.transaction.config.internalTransactionAdvisor'
2020-03-14 21:57:07.166 [main] DEBUG o.s.b.f.s.DefaultListableBeanFactory - Returning cached instance of singleton bean 'entityManagerFactory'
2020-03-14 21:57:07.171 [main] DEBUG o.s.b.f.s.DefaultListableBeanFactory - Returning cached instance of singleton bean 'metaDataSourceAdvisor'
2020-03-14 21:57:07.171 [main] DEBUG o.s.b.f.s.DefaultListableBeanFactory - Returning cached instance of singleton bean 'org.springframework.transaction.config.internalTransactionAdvisor'
2020-03-14 21:57:07.171 [main] DEBUG o.s.b.f.s.DefaultListableBeanFactory - Returning cached instance of singleton bean 'metaDataSourceAdvisor'
2020-03-14 21:57:07.171 [main] DEBUG o.s.b.f.s.DefaultListableBeanFactory - Returning cached instance of singleton bean 'org.springframework.transaction.config.internalTransactionAdvisor'
2020-03-14 21:57:07.171 [main] DEBUG o.s.b.f.s.DefaultListableBeanFactory - Finished creating instance of bean '(inner bean)#61c145cb'
2020-03-14 21:57:07.172 [main] DEBUG o.s.b.f.s.DefaultListableBeanFactory - Returning cached instance of singleton bean 'jpaMappingContext'
2020-03-14 21:57:07.172 [main] DEBUG o.s.b.f.s.DefaultListableBeanFactory - Invoking afterPropertiesSet() on bean with name 'teachplanMediaRepository'
2020-03-14 21:57:07.172 [main] DEBUG o.s.o.j.SharedEntityManagerCreator$SharedEntityManagerInvocationHandler - Creating new EntityManager for shared EntityManager invocation
2020-03-14 21:57:07.174 [main] DEBUG o.s.o.jpa.EntityManagerFactoryUtils - Closing JPA EntityManager
2020-03-14 21:57:07.179 [main] DEBUG o.s.o.j.SharedEntityManagerCreator$SharedEntityManagerInvocationHandler - Creating new EntityManager for shared EntityManager invocation
2020-03-14 21:57:07.179 [main] DEBUG o.s.o.jpa.EntityManagerFactoryUtils - Closing JPA EntityManager
2020-03-14 21:57:07.180 [main] DEBUG o.s.aop.framework.JdkDynamicAopProxy - Creating JDK dynamic proxy: target source is org.springframework.data.jpa.repository.support.CrudMethodMetadataPostProcessor$ThreadBoundTargetSource@79ee779c
2020-03-14 21:57:07.182 [main] DEBUG o.s.o.j.SharedEntityManagerCreator$SharedEntityManagerInvocationHandler - Creating new EntityManager for shared EntityManager invocation
2020-03-14 21:57:07.183 [main] DEBUG o.s.o.jpa.EntityManagerFactoryUtils - Closing JPA EntityManager
2020-03-14 21:57:07.185 [main] DEBUG o.s.d.j.r.query.JpaQueryFactory - Looking up query for method findByCourseId
2020-03-14 21:57:07.185 [main] DEBUG o.s.d.j.repository.query.NamedQuery - Looking up named query TeachplanMedia.findByCourseId
2020-03-14 21:57:07.186 [main] DEBUG o.s.d.j.repository.query.NamedQuery - Did not find named query TeachplanMedia.findByCourseId
2020-03-14 21:57:07.186 [main] DEBUG o.s.o.j.SharedEntityManagerCreator$SharedEntityManagerInvocationHandler - Creating new EntityManager for shared EntityManager invocation
2020-03-14 21:57:07.187 [main] DEBUG o.s.o.jpa.EntityManagerFactoryUtils - Closing JPA EntityManager
2020-03-14 21:57:07.188 [main] DEBUG o.s.aop.framework.JdkDynamicAopProxy - Creating JDK dynamic proxy: target source is SingletonTargetSource for target object [org.springframework.data.jpa.repository.support.SimpleJpaRepository@23365142]
2020-03-14 21:57:07.193 [main] DEBUG o.s.b.f.s.DefaultListableBeanFactory - Returning cached instance of singleton bean 'metaDataSourceAdvisor'
2020-03-14 21:57:07.194 [main] DEBUG o.s.b.f.s.DefaultListableBeanFactory - Returning cached instance of singleton bean 'org.springframework.transaction.config.internalTransactionAdvisor'
2020-03-14 21:57:07.194 [main] DEBUG o.s.b.f.s.DefaultListableBeanFactory - Returning cached instance of singleton bean 'metaDataSourceAdvisor'
2020-03-14 21:57:07.194 [main] DEBUG o.s.b.f.s.DefaultListableBeanFactory - Returning cached instance of singleton bean 'org.springframework.transaction.config.internalTransactionAdvisor'
2020-03-14 21:57:07.194 [main] DEBUG o.s.b.f.s.DefaultListableBeanFactory - Finished creating instance of bean 'teachplanMediaRepository'
2020-03-14 21:57:07.194 [main] DEBUG o.s.b.f.s.DefaultListableBeanFactory - Returning cached instance of singleton bean 'metaDataSourceAdvisor'
2020-03-14 21:57:07.194 [main] DEBUG o.s.b.f.s.DefaultListableBeanFactory - Returning cached instance of singleton bean 'org.springframework.transaction.config.internalTransactionAdvisor'
2020-03-14 21:57:07.194 [main] DEBUG o.s.b.f.s.DefaultListableBeanFactory - Returning cached instance of singleton bean 'metaDataSourceAdvisor'
2020-03-14 21:57:07.194 [main] DEBUG o.s.b.f.s.DefaultListableBeanFactory - Returning cached instance of singleton bean 'org.springframework.transaction.config.internalTransactionAdvisor'
2020-03-14 21:57:07.227 [main] DEBUG o.s.b.f.a.AutowiredAnnotationBeanPostProcessor - Autowiring by type from bean name 'courseService' to bean named 'teachplanMediaRepository'
2020-03-14 21:57:07.228 [main] DEBUG o.s.b.f.annotation.InjectionMetadata - Processing injected element of bean 'courseService': AutowiredFieldElement for com.ningmeng.manage_course.dao.TeachplanMediaPubRepository com.ningmeng.manage_course.service.CourseService.teachplanMediaPubRepository
2020-03-14 21:57:07.229 [main] DEBUG o.s.core.annotation.AnnotationUtils - Failed to meta-introspect annotation interface org.springframework.beans.factory.annotation.Autowired: java.lang.NullPointerException
2020-03-14 21:57:07.240 [main] DEBUG o.s.b.f.s.DefaultListableBeanFactory - Creating shared instance of singleton bean 'teachplanMediaPubRepository'
2020-03-14 21:57:07.240 [main] DEBUG o.s.b.f.s.DefaultListableBeanFactory - Creating instance of bean 'teachplanMediaPubRepository'
2020-03-14 21:57:07.240 [main] DEBUG o.s.b.f.s.DefaultListableBeanFactory - Returning cached instance of singleton bean 'metaDataSourceAdvisor'
2020-03-14 21:57:07.240 [main] DEBUG o.s.b.f.s.DefaultListableBeanFactory - Returning cached instance of singleton bean 'org.springframework.transaction.config.internalTransactionAdvisor'
2020-03-14 21:57:07.241 [main] DEBUG o.s.b.f.annotation.InjectionMetadata - Registered injected element on class [org.springframework.data.jpa.repository.support.JpaRepositoryFactoryBean]: PersistenceElement for public void org.springframework.data.jpa.repository.support.JpaRepositoryFactoryBean.setEntityManager(javax.persistence.EntityManager)
2020-03-14 21:57:07.241 [main] DEBUG o.s.b.f.s.DefaultListableBeanFactory - Eagerly caching bean 'teachplanMediaPubRepository' to allow for resolving potential circular references
2020-03-14 21:57:07.246 [main] DEBUG o.s.b.f.annotation.InjectionMetadata - Processing injected element of bean 'teachplanMediaPubRepository': PersistenceElement for public void org.springframework.data.jpa.repository.support.JpaRepositoryFactoryBean.setEntityManager(javax.persistence.EntityManager)
2020-03-14 21:57:07.248 [main] DEBUG o.s.b.f.s.DefaultListableBeanFactory - Creating instance of bean '(inner bean)#3c20e9d6'
2020-03-14 21:57:07.249 [main] DEBUG o.s.b.f.s.DefaultListableBeanFactory - Returning cached instance of singleton bean 'metaDataSourceAdvisor'
2020-03-14 21:57:07.249 [main] DEBUG o.s.b.f.s.DefaultListableBeanFactory - Returning cached instance of singleton bean 'org.springframework.transaction.config.internalTransactionAdvisor'
2020-03-14 21:57:07.249 [main] DEBUG o.s.b.f.s.DefaultListableBeanFactory - Creating instance of bean '(inner bean)#76e2a621'
2020-03-14 21:57:07.249 [main] DEBUG o.s.b.f.s.DefaultListableBeanFactory - Returning cached instance of singleton bean 'metaDataSourceAdvisor'
2020-03-14 21:57:07.249 [main] DEBUG o.s.b.f.s.DefaultListableBeanFactory - Returning cached instance of singleton bean 'org.springframework.transaction.config.internalTransactionAdvisor'
2020-03-14 21:57:07.253 [main] DEBUG o.s.c.i.s.PathMatchingResourcePatternResolver - Resolved classpath location [META-INF/jpa-named-queries.properties] to resources []
2020-03-14 21:57:07.254 [main] DEBUG o.s.b.f.s.DefaultListableBeanFactory - Invoking afterPropertiesSet() on bean with name '(inner bean)#76e2a621'
2020-03-14 21:57:07.254 [main] DEBUG o.s.b.f.s.DefaultListableBeanFactory - Returning cached instance of singleton bean 'metaDataSourceAdvisor'
2020-03-14 21:57:07.254 [main] DEBUG o.s.b.f.s.DefaultListableBeanFactory - Returning cached instance of singleton bean 'org.springframework.transaction.config.internalTransactionAdvisor'
2020-03-14 21:57:07.254 [main] DEBUG o.s.b.f.s.DefaultListableBeanFactory - Returning cached instance of singleton bean 'metaDataSourceAdvisor'
2020-03-14 21:57:07.254 [main] DEBUG o.s.b.f.s.DefaultListableBeanFactory - Returning cached instance of singleton bean 'org.springframework.transaction.config.internalTransactionAdvisor'
2020-03-14 21:57:07.254 [main] DEBUG o.s.b.f.s.DefaultListableBeanFactory - Finished creating instance of bean '(inner bean)#76e2a621'
2020-03-14 21:57:07.254 [main] DEBUG o.s.b.f.s.DefaultListableBeanFactory - Returning cached instance of singleton bean 'metaDataSourceAdvisor'
2020-03-14 21:57:07.254 [main] DEBUG o.s.b.f.s.DefaultListableBeanFactory - Returning cached instance of singleton bean 'org.springframework.transaction.config.internalTransactionAdvisor'
2020-03-14 21:57:07.254 [main] DEBUG o.s.b.f.s.DefaultListableBeanFactory - Returning cached instance of singleton bean 'metaDataSourceAdvisor'
2020-03-14 21:57:07.254 [main] DEBUG o.s.b.f.s.DefaultListableBeanFactory - Returning cached instance of singleton bean 'org.springframework.transaction.config.internalTransactionAdvisor'
2020-03-14 21:57:07.255 [main] DEBUG o.s.b.f.s.DefaultListableBeanFactory - Returning cached instance of singleton bean 'metaDataSourceAdvisor'
2020-03-14 21:57:07.255 [main] DEBUG o.s.b.f.s.DefaultListableBeanFactory - Returning cached instance of singleton bean 'org.springframework.transaction.config.internalTransactionAdvisor'
2020-03-14 21:57:07.255 [main] DEBUG o.s.b.f.s.DefaultListableBeanFactory - Returning cached instance of singleton bean 'metaDataSourceAdvisor'
2020-03-14 21:57:07.255 [main] DEBUG o.s.b.f.s.DefaultListableBeanFactory - Returning cached instance of singleton bean 'org.springframework.transaction.config.internalTransactionAdvisor'
2020-03-14 21:57:07.255 [main] DEBUG o.s.b.f.s.DefaultListableBeanFactory - Finished creating instance of bean '(inner bean)#3c20e9d6'
2020-03-14 21:57:07.255 [main] DEBUG o.s.b.f.s.DefaultListableBeanFactory - Creating instance of bean '(inner bean)#76105ac0'
2020-03-14 21:57:07.255 [main] DEBUG o.s.b.f.s.DefaultListableBeanFactory - Returning cached instance of singleton bean 'metaDataSourceAdvisor'
2020-03-14 21:57:07.255 [main] DEBUG o.s.b.f.s.DefaultListableBeanFactory - Returning cached instance of singleton bean 'org.springframework.transaction.config.internalTransactionAdvisor'
2020-03-14 21:57:07.256 [main] DEBUG o.s.b.f.s.DefaultListableBeanFactory - Invoking afterPropertiesSet() on bean with name '(inner bean)#76105ac0'
2020-03-14 21:57:07.257 [main] DEBUG o.s.b.f.s.DefaultListableBeanFactory - Returning cached instance of singleton bean 'metaDataSourceAdvisor'
2020-03-14 21:57:07.257 [main] DEBUG o.s.b.f.s.DefaultListableBeanFactory - Returning cached instance of singleton bean 'org.springframework.transaction.config.internalTransactionAdvisor'
2020-03-14 21:57:07.257 [main] DEBUG o.s.b.f.s.DefaultListableBeanFactory - Returning cached instance of singleton bean 'metaDataSourceAdvisor'
2020-03-14 21:57:07.257 [main] DEBUG o.s.b.f.s.DefaultListableBeanFactory - Returning cached instance of singleton bean 'org.springframework.transaction.config.internalTransactionAdvisor'
2020-03-14 21:57:07.257 [main] DEBUG o.s.b.f.s.DefaultListableBeanFactory - Finished creating instance of bean '(inner bean)#76105ac0'
2020-03-14 21:57:07.257 [main] DEBUG o.s.b.f.s.DefaultListableBeanFactory - Returning cached instance of singleton bean 'metaDataSourceAdvisor'
2020-03-14 21:57:07.257 [main] DEBUG o.s.b.f.s.DefaultListableBeanFactory - Returning cached instance of singleton bean 'org.springframework.transaction.config.internalTransactionAdvisor'
2020-03-14 21:57:07.257 [main] DEBUG o.s.b.f.s.DefaultListableBeanFactory - Returning cached instance of singleton bean 'metaDataSourceAdvisor'
2020-03-14 21:57:07.257 [main] DEBUG o.s.b.f.s.DefaultListableBeanFactory - Returning cached instance of singleton bean 'org.springframework.transaction.config.internalTransactionAdvisor'
2020-03-14 21:57:07.258 [main] DEBUG o.s.b.f.s.DefaultListableBeanFactory - Creating instance of bean '(inner bean)#24d0c6a4'
2020-03-14 21:57:07.258 [main] DEBUG o.s.b.f.s.DefaultListableBeanFactory - Returning cached instance of singleton bean 'metaDataSourceAdvisor'
2020-03-14 21:57:07.258 [main] DEBUG o.s.b.f.s.DefaultListableBeanFactory - Returning cached instance of singleton bean 'org.springframework.transaction.config.internalTransactionAdvisor'
2020-03-14 21:57:07.259 [main] DEBUG o.s.b.f.s.DefaultListableBeanFactory - Returning cached instance of singleton bean 'metaDataSourceAdvisor'
2020-03-14 21:57:07.259 [main] DEBUG o.s.b.f.s.DefaultListableBeanFactory - Returning cached instance of singleton bean 'org.springframework.transaction.config.internalTransactionAdvisor'
2020-03-14 21:57:07.259 [main] DEBUG o.s.b.f.s.DefaultListableBeanFactory - Returning cached instance of singleton bean 'metaDataSourceAdvisor'
2020-03-14 21:57:07.259 [main] DEBUG o.s.b.f.s.DefaultListableBeanFactory - Returning cached instance of singleton bean 'org.springframework.transaction.config.internalTransactionAdvisor'
2020-03-14 21:57:07.259 [main] DEBUG o.s.b.f.s.DefaultListableBeanFactory - Finished creating instance of bean '(inner bean)#24d0c6a4'
2020-03-14 21:57:07.260 [main] DEBUG o.s.b.f.s.DefaultListableBeanFactory - Creating instance of bean '(inner bean)#4ba402b5'
2020-03-14 21:57:07.260 [main] DEBUG o.s.b.f.s.DefaultListableBeanFactory - Returning cached instance of singleton bean 'metaDataSourceAdvisor'
2020-03-14 21:57:07.260 [main] DEBUG o.s.b.f.s.DefaultListableBeanFactory - Returning cached instance of singleton bean 'org.springframework.transaction.config.internalTransactionAdvisor'
2020-03-14 21:57:07.260 [main] DEBUG o.s.b.f.s.DefaultListableBeanFactory - Returning cached instance of singleton bean 'entityManagerFactory'
2020-03-14 21:57:07.262 [main] DEBUG o.s.b.f.s.DefaultListableBeanFactory - Returning cached instance of singleton bean 'metaDataSourceAdvisor'
2020-03-14 21:57:07.262 [main] DEBUG o.s.b.f.s.DefaultListableBeanFactory - Returning cached instance of singleton bean 'org.springframework.transaction.config.internalTransactionAdvisor'
2020-03-14 21:57:07.262 [main] DEBUG o.s.b.f.s.DefaultListableBeanFactory - Returning cached instance of singleton bean 'metaDataSourceAdvisor'
2020-03-14 21:57:07.262 [main] DEBUG o.s.b.f.s.DefaultListableBeanFactory - Returning cached instance of singleton bean 'org.springframework.transaction.config.internalTransactionAdvisor'
2020-03-14 21:57:07.263 [main] DEBUG o.s.b.f.s.DefaultListableBeanFactory - Finished creating instance of bean '(inner bean)#4ba402b5'
2020-03-14 21:57:07.266 [main] DEBUG o.s.b.f.s.DefaultListableBeanFactory - Returning cached instance of singleton bean 'jpaMappingContext'
2020-03-14 21:57:07.268 [main] DEBUG o.s.b.f.s.DefaultListableBeanFactory - Invoking afterPropertiesSet() on bean with name 'teachplanMediaPubRepository'
2020-03-14 21:57:07.268 [main] DEBUG o.s.o.j.SharedEntityManagerCreator$SharedEntityManagerInvocationHandler - Creating new EntityManager for shared EntityManager invocation
2020-03-14 21:57:07.268 [main] DEBUG o.s.o.jpa.EntityManagerFactoryUtils - Closing JPA EntityManager
2020-03-14 21:57:07.273 [main] DEBUG o.s.o.j.SharedEntityManagerCreator$SharedEntityManagerInvocationHandler - Creating new EntityManager for shared EntityManager invocation
2020-03-14 21:57:07.273 [main] DEBUG o.s.o.jpa.EntityManagerFactoryUtils - Closing JPA EntityManager
2020-03-14 21:57:07.273 [main] DEBUG o.s.aop.framework.JdkDynamicAopProxy - Creating JDK dynamic proxy: target source is org.springframework.data.jpa.repository.support.CrudMethodMetadataPostProcessor$ThreadBoundTargetSource@4205d5d0
2020-03-14 21:57:07.274 [main] DEBUG o.s.o.j.SharedEntityManagerCreator$SharedEntityManagerInvocationHandler - Creating new EntityManager for shared EntityManager invocation
2020-03-14 21:57:07.274 [main] DEBUG o.s.o.jpa.EntityManagerFactoryUtils - Closing JPA EntityManager
2020-03-14 21:57:07.277 [main] DEBUG o.s.d.j.r.query.JpaQueryFactory - Looking up query for method deleteByCourseId
2020-03-14 21:57:07.277 [main] DEBUG o.s.d.j.repository.query.NamedQuery - Looking up named query TeachplanMediaPub.deleteByCourseId
2020-03-14 21:57:07.278 [main] DEBUG o.s.d.j.repository.query.NamedQuery - Did not find named query TeachplanMediaPub.deleteByCourseId
2020-03-14 21:57:07.278 [main] DEBUG o.s.o.j.SharedEntityManagerCreator$SharedEntityManagerInvocationHandler - Creating new EntityManager for shared EntityManager invocation
2020-03-14 21:57:07.278 [main] DEBUG o.s.o.jpa.EntityManagerFactoryUtils - Closing JPA EntityManager
2020-03-14 21:57:07.284 [main] DEBUG o.s.aop.framework.JdkDynamicAopProxy - Creating JDK dynamic proxy: target source is SingletonTargetSource for target object [org.springframework.data.jpa.repository.support.SimpleJpaRepository@8c18bde]
2020-03-14 21:57:07.290 [main] DEBUG o.s.b.f.s.DefaultListableBeanFactory - Returning cached instance of singleton bean 'metaDataSourceAdvisor'
2020-03-14 21:57:07.290 [main] DEBUG o.s.b.f.s.DefaultListableBeanFactory - Returning cached instance of singleton bean 'org.springframework.transaction.config.internalTransactionAdvisor'
2020-03-14 21:57:07.290 [main] DEBUG o.s.b.f.s.DefaultListableBeanFactory - Returning cached instance of singleton bean 'metaDataSourceAdvisor'
2020-03-14 21:57:07.290 [main] DEBUG o.s.b.f.s.DefaultListableBeanFactory - Returning cached instance of singleton bean 'org.springframework.transaction.config.internalTransactionAdvisor'
2020-03-14 21:57:07.290 [main] DEBUG o.s.b.f.s.DefaultListableBeanFactory - Finished creating instance of bean 'teachplanMediaPubRepository'
2020-03-14 21:57:07.290 [main] DEBUG o.s.b.f.s.DefaultListableBeanFactory - Returning cached instance of singleton bean 'metaDataSourceAdvisor'
2020-03-14 21:57:07.291 [main] DEBUG o.s.b.f.s.DefaultListableBeanFactory - Returning cached instance of singleton bean 'org.springframework.transaction.config.internalTransactionAdvisor'
2020-03-14 21:57:07.291 [main] DEBUG o.s.b.f.s.DefaultListableBeanFactory - Returning cached instance of singleton bean 'metaDataSourceAdvisor'
2020-03-14 21:57:07.291 [main] DEBUG o.s.b.f.s.DefaultListableBeanFactory - Returning cached instance of singleton bean 'org.springframework.transaction.config.internalTransactionAdvisor'
2020-03-14 21:57:07.304 [main] DEBUG o.s.b.f.a.AutowiredAnnotationBeanPostProcessor - Autowiring by type from bean name 'courseService' to bean named 'teachplanMediaPubRepository'
2020-03-14 21:57:07.304 [main] DEBUG o.s.b.f.annotation.InjectionMetadata - Processing injected element of bean 'courseService': AutowiredFieldElement for private java.lang.String com.ningmeng.manage_course.service.CourseService.publish_dataUrlPre
2020-03-14 21:57:07.305 [main] DEBUG o.s.core.annotation.AnnotationUtils - Failed to meta-introspect annotation interface org.springframework.beans.factory.annotation.Value: java.lang.NullPointerException
2020-03-14 21:57:07.306 [main] DEBUG o.s.c.e.PropertySourcesPropertyResolver - Found key 'course-publish.dataUrlPre' in PropertySource 'applicationConfig: [classpath:/application.yml]' with value of type String
2020-03-14 21:57:07.306 [main] DEBUG o.s.c.e.PropertySourcesPropertyResolver - Found key 'course-publish.dataUrlPre' in PropertySource 'environmentProperties' with value of type String
2020-03-14 21:57:07.307 [main] DEBUG o.s.b.f.annotation.InjectionMetadata - Processing injected element of bean 'courseService': AutowiredFieldElement for private java.lang.String com.ningmeng.manage_course.service.CourseService.publish_page_physicalpath
2020-03-14 21:57:07.308 [main] DEBUG o.s.core.annotation.AnnotationUtils - Failed to meta-introspect annotation interface org.springframework.beans.factory.annotation.Value: java.lang.NullPointerException
2020-03-14 21:57:07.308 [main] DEBUG o.s.c.e.PropertySourcesPropertyResolver - Found key 'course-publish.pagePhysicalPath' in PropertySource 'applicationConfig: [classpath:/application.yml]' with value of type String
2020-03-14 21:57:07.308 [main] DEBUG o.s.c.e.PropertySourcesPropertyResolver - Found key 'course-publish.pagePhysicalPath' in PropertySource 'environmentProperties' with value of type String
2020-03-14 21:57:07.308 [main] DEBUG o.s.b.f.annotation.InjectionMetadata - Processing injected element of bean 'courseService': AutowiredFieldElement for private java.lang.String com.ningmeng.manage_course.service.CourseService.publish_page_webpath
2020-03-14 21:57:07.309 [main] DEBUG o.s.core.annotation.AnnotationUtils - Failed to meta-introspect annotation interface org.springframework.beans.factory.annotation.Value: java.lang.NullPointerException
2020-03-14 21:57:07.309 [main] DEBUG o.s.c.e.PropertySourcesPropertyResolver - Found key 'course-publish.pageWebPath' in PropertySource 'applicationConfig: [classpath:/application.yml]' with value of type String
2020-03-14 21:57:07.309 [main] DEBUG o.s.c.e.PropertySourcesPropertyResolver - Found key 'course-publish.pageWebPath' in PropertySource 'environmentProperties' with value of type String
2020-03-14 21:57:07.310 [main] DEBUG o.s.b.f.annotation.InjectionMetadata - Processing injected element of bean 'courseService': AutowiredFieldElement for private java.lang.String com.ningmeng.manage_course.service.CourseService.publish_siteId
2020-03-14 21:57:07.310 [main] DEBUG o.s.core.annotation.AnnotationUtils - Failed to meta-introspect annotation interface org.springframework.beans.factory.annotation.Value: java.lang.NullPointerException
2020-03-14 21:57:07.310 [main] DEBUG o.s.c.e.PropertySourcesPropertyResolver - Found key 'course-publish.siteId' in PropertySource 'applicationConfig: [classpath:/application.yml]' with value of type String
2020-03-14 21:57:07.310 [main] DEBUG o.s.c.e.PropertySourcesPropertyResolver - Found key 'course-publish.siteId' in PropertySource 'environmentProperties' with value of type String
2020-03-14 21:57:07.310 [main] DEBUG o.s.b.f.annotation.InjectionMetadata - Processing injected element of bean 'courseService': AutowiredFieldElement for private java.lang.String com.ningmeng.manage_course.service.CourseService.publish_templateId
2020-03-14 21:57:07.310 [main] DEBUG o.s.core.annotation.AnnotationUtils - Failed to meta-introspect annotation interface org.springframework.beans.factory.annotation.Value: java.lang.NullPointerException
2020-03-14 21:57:07.310 [main] DEBUG o.s.c.e.PropertySourcesPropertyResolver - Found key 'course-publish.templateId' in PropertySource 'applicationConfig: [classpath:/application.yml]' with value of type String
2020-03-14 21:57:07.310 [main] DEBUG o.s.c.e.PropertySourcesPropertyResolver - Found key 'course-publish.templateId' in PropertySource 'environmentProperties' with value of type String
2020-03-14 21:57:07.311 [main] DEBUG o.s.b.f.annotation.InjectionMetadata - Processing injected element of bean 'courseService': AutowiredFieldElement for private java.lang.String com.ningmeng.manage_course.service.CourseService.previewUrl
2020-03-14 21:57:07.311 [main] DEBUG o.s.core.annotation.AnnotationUtils - Failed to meta-introspect annotation interface org.springframework.beans.factory.annotation.Value: java.lang.NullPointerException
2020-03-14 21:57:07.312 [main] DEBUG o.s.c.e.PropertySourcesPropertyResolver - Found key 'course-publish.previewUrl' in PropertySource 'applicationConfig: [classpath:/application.yml]' with value of type String
2020-03-14 21:57:07.313 [main] DEBUG o.s.c.e.PropertySourcesPropertyResolver - Found key 'course-publish.previewUrl' in PropertySource 'environmentProperties' with value of type String
2020-03-14 21:57:07.313 [main] DEBUG o.s.b.f.s.DefaultListableBeanFactory - Returning cached instance of singleton bean 'metaDataSourceAdvisor'
2020-03-14 21:57:07.315 [main] DEBUG o.s.b.f.s.DefaultListableBeanFactory - Returning cached instance of singleton bean 'org.springframework.transaction.config.internalTransactionAdvisor'
2020-03-14 21:57:07.316 [main] DEBUG o.s.b.f.s.DefaultListableBeanFactory - Returning cached instance of singleton bean 'metaDataSourceAdvisor'
2020-03-14 21:57:07.317 [main] DEBUG o.s.b.f.s.DefaultListableBeanFactory - Returning cached instance of singleton bean 'org.springframework.transaction.config.internalTransactionAdvisor'
2020-03-14 21:57:07.324 [main] DEBUG o.s.t.a.AnnotationTransactionAttributeSource - Adding transactional method 'com.ningmeng.manage_course.service.CourseService.publish' with attribute: PROPAGATION_REQUIRED,ISOLATION_DEFAULT; ''
2020-03-14 21:57:07.338 [main] DEBUG o.s.a.a.a.AnnotationAwareAspectJAutoProxyCreator - Creating implicit proxy for bean 'courseService' with 0 common interceptors and 1 specific interceptors
2020-03-14 21:57:07.338 [main] DEBUG o.s.aop.framework.CglibAopProxy - Creating CGLIB proxy: target source is SingletonTargetSource for target object [com.ningmeng.manage_course.service.CourseService@5ced0537]
2020-03-14 21:57:07.344 [main] DEBUG o.s.aop.framework.CglibAopProxy - Unable to apply any optimizations to advised method: public com.ningmeng.framework.domain.course.CourseBase com.ningmeng.manage_course.service.CourseService.findCourseBaseById(java.lang.String)
2020-03-14 21:57:07.344 [main] DEBUG o.s.aop.framework.CglibAopProxy - Unable to apply any optimizations to advised method: public com.ningmeng.framework.domain.course.response.CoursePublishResult com.ningmeng.manage_course.service.CourseService.publish(java.lang.String)
2020-03-14 21:57:07.345 [main] DEBUG o.s.t.a.AnnotationTransactionAttributeSource - Adding transactional method 'com.ningmeng.manage_course.service.CourseService.saveCoursePic' with attribute: PROPAGATION_REQUIRED,ISOLATION_DEFAULT; ''
2020-03-14 21:57:07.345 [main] DEBUG o.s.aop.framework.CglibAopProxy - Unable to apply any optimizations to advised method: public com.ningmeng.framework.model.response.ResponseResult com.ningmeng.manage_course.service.CourseService.saveCoursePic(java.lang.String,java.lang.String)
2020-03-14 21:57:07.345 [main] DEBUG o.s.t.a.AnnotationTransactionAttributeSource - Adding transactional method 'com.ningmeng.manage_course.service.CourseService.findCourseList' with attribute: PROPAGATION_REQUIRED,ISOLATION_DEFAULT; ''
2020-03-14 21:57:07.345 [main] DEBUG o.s.aop.framework.CglibAopProxy - Unable to apply any optimizations to advised method: public com.ningmeng.framework.model.response.QueryResponseResult com.ningmeng.manage_course.service.CourseService.findCourseList(int,int,java.lang.String)
2020-03-14 21:57:07.346 [main] DEBUG o.s.aop.framework.CglibAopProxy - Unable to apply any optimizations to advised method: public com.ningmeng.framework.domain.course.ext.CategoryNode com.ningmeng.manage_course.service.CourseService.findList()
2020-03-14 21:57:07.346 [main] DEBUG o.s.t.a.AnnotationTransactionAttributeSource - Adding transactional method 'com.ningmeng.manage_course.service.CourseService.deleteCoursePic' with attribute: PROPAGATION_REQUIRED,ISOLATION_DEFAULT; ''
2020-03-14 21:57:07.346 [main] DEBUG o.s.aop.framework.CglibAopProxy - Unable to apply any optimizations to advised method: public com.ningmeng.framework.model.response.ResponseResult com.ningmeng.manage_course.service.CourseService.deleteCoursePic(java.lang.String)
2020-03-14 21:57:07.346 [main] DEBUG o.s.aop.framework.CglibAopProxy - Unable to apply any optimizations to advised method: public com.ningmeng.framework.domain.course.response.CoursePublishResult com.ningmeng.manage_course.service.CourseService.preview(java.lang.String)
2020-03-14 21:57:07.346 [main] DEBUG o.s.t.a.AnnotationTransactionAttributeSource - Adding transactional method 'com.ningmeng.manage_course.service.CourseService.addCourseBase' with attribute: PROPAGATION_REQUIRED,ISOLATION_DEFAULT; ''
2020-03-14 21:57:07.346 [main] DEBUG o.s.aop.framework.CglibAopProxy - Unable to apply any optimizations to advised method: public com.ningmeng.framework.domain.course.response.AddCourseResult com.ningmeng.manage_course.service.CourseService.addCourseBase(com.ningmeng.framework.domain.course.CourseBase)
2020-03-14 21:57:07.346 [main] DEBUG o.s.t.a.AnnotationTransactionAttributeSource - Adding transactional method 'com.ningmeng.manage_course.service.CourseService.addTeachplan' with attribute: PROPAGATION_REQUIRED,ISOLATION_DEFAULT; ''
2020-03-14 21:57:07.346 [main] DEBUG o.s.aop.framework.CglibAopProxy - Unable to apply any optimizations to advised method: public com.ningmeng.framework.model.response.ResponseResult com.ningmeng.manage_course.service.CourseService.addTeachplan(com.ningmeng.framework.domain.course.Teachplan)
2020-03-14 21:57:07.346 [main] DEBUG o.s.aop.framework.CglibAopProxy - Unable to apply any optimizations to advised method: public com.ningmeng.framework.model.response.ResponseResult com.ningmeng.manage_course.service.CourseService.savemedia(com.ningmeng.framework.domain.course.TeachplanMedia)
2020-03-14 21:57:07.346 [main] DEBUG o.s.t.a.AnnotationTransactionAttributeSource - Adding transactional method 'com.ningmeng.manage_course.service.CourseService.updateCourseBase' with attribute: PROPAGATION_REQUIRED,ISOLATION_DEFAULT; ''
2020-03-14 21:57:07.346 [main] DEBUG o.s.aop.framework.CglibAopProxy - Unable to apply any optimizations to advised method: public com.ningmeng.framework.model.response.ResponseResult com.ningmeng.manage_course.service.CourseService.updateCourseBase(java.lang.String,com.ningmeng.framework.domain.course.CourseBase)
2020-03-14 21:57:07.347 [main] DEBUG o.s.aop.framework.CglibAopProxy - Unable to apply any optimizations to advised method: public com.ningmeng.framework.domain.course.response.CourseView com.ningmeng.manage_course.service.CourseService.getCoruseView(java.lang.String)
2020-03-14 21:57:07.347 [main] DEBUG o.s.aop.framework.CglibAopProxy - Unable to apply any optimizations to advised method: public java.lang.String com.ningmeng.manage_course.service.CourseService.getTeachplanRoot(java.lang.String)
2020-03-14 21:57:07.347 [main] DEBUG o.s.aop.framework.CglibAopProxy - Unable to apply any optimizations to advised method: public com.ningmeng.framework.domain.course.CoursePic com.ningmeng.manage_course.service.CourseService.findCoursepic(java.lang.String)
2020-03-14 21:57:07.347 [main] DEBUG o.s.aop.framework.CglibAopProxy - Unable to apply any optimizations to advised method: public com.ningmeng.framework.domain.cms.response.CmsPostPageResult com.ningmeng.manage_course.service.CourseService.publish_page(java.lang.String)
2020-03-14 21:57:07.347 [main] DEBUG o.s.aop.framework.CglibAopProxy - Unable to apply any optimizations to advised method: public com.ningmeng.framework.domain.course.CoursePub com.ningmeng.manage_course.service.CourseService.saveCoursePub(java.lang.String,com.ningmeng.framework.domain.course.CoursePub)
2020-03-14 21:57:07.347 [main] DEBUG o.s.aop.framework.CglibAopProxy - Unable to apply any optimizations to advised method: public com.ningmeng.framework.domain.course.CourseMarket com.ningmeng.manage_course.service.CourseService.getCourseMarketById(java.lang.String)
2020-03-14 21:57:07.348 [main] DEBUG o.s.aop.framework.CglibAopProxy - Unable to apply any optimizations to advised method: public com.ningmeng.framework.domain.course.ext.TeachplanNode com.ningmeng.manage_course.service.CourseService.findTeachplanList(java.lang.String)
2020-03-14 21:57:07.348 [main] DEBUG o.s.aop.framework.CglibAopProxy - Unable to apply any optimizations to advised method: public com.ningmeng.framework.domain.course.CourseBase com.ningmeng.manage_course.service.CourseService.getCourseBaseById(java.lang.String)
2020-03-14 21:57:07.348 [main] DEBUG o.s.aop.framework.CglibAopProxy - Unable to apply any optimizations to advised method: public com.ningmeng.framework.model.response.ResponseResult com.ningmeng.manage_course.service.CourseService.updateCourseMarket(java.lang.String,com.ningmeng.framework.domain.course.CourseMarket)
2020-03-14 21:57:07.348 [main] DEBUG o.s.aop.framework.CglibAopProxy - Found 'equals' method: public boolean java.lang.Object.equals(java.lang.Object)
2020-03-14 21:57:07.348 [main] DEBUG o.s.aop.framework.CglibAopProxy - Unable to apply any optimizations to advised method: public java.lang.String java.lang.Object.toString()
2020-03-14 21:57:07.348 [main] DEBUG o.s.aop.framework.CglibAopProxy - Found 'hashCode' method: public native int java.lang.Object.hashCode()
2020-03-14 21:57:07.348 [main] DEBUG o.s.aop.framework.CglibAopProxy - Unable to apply any optimizations to advised method: protected native java.lang.Object java.lang.Object.clone() throws java.lang.CloneNotSupportedException
2020-03-14 21:57:07.348 [main] DEBUG o.s.aop.framework.CglibAopProxy - Method is declared on Advised interface: public abstract int org.springframework.aop.framework.Advised.indexOf(org.springframework.aop.Advisor)
2020-03-14 21:57:07.348 [main] DEBUG o.s.aop.framework.CglibAopProxy - Method is declared on Advised interface: public abstract int org.springframework.aop.framework.Advised.indexOf(org.aopalliance.aop.Advice)
2020-03-14 21:57:07.348 [main] DEBUG o.s.aop.framework.CglibAopProxy - Method is declared on Advised interface: public abstract boolean org.springframework.aop.framework.Advised.isFrozen()
2020-03-14 21:57:07.348 [main] DEBUG o.s.aop.framework.CglibAopProxy - Method is declared on Advised interface: public abstract java.lang.String org.springframework.aop.framework.Advised.toProxyConfigString()
2020-03-14 21:57:07.348 [main] DEBUG o.s.aop.framework.CglibAopProxy - Method is declared on Advised interface: public abstract java.lang.Class[] org.springframework.aop.framework.Advised.getProxiedInterfaces()
2020-03-14 21:57:07.348 [main] DEBUG o.s.aop.framework.CglibAopProxy - Method is declared on Advised interface: public abstract boolean org.springframework.aop.framework.Advised.isInterfaceProxied(java.lang.Class)
2020-03-14 21:57:07.348 [main] DEBUG o.s.aop.framework.CglibAopProxy - Method is declared on Advised interface: public abstract boolean org.springframework.aop.framework.Advised.isProxyTargetClass()
2020-03-14 21:57:07.348 [main] DEBUG o.s.aop.framework.CglibAopProxy - Method is declared on Advised interface: public abstract void org.springframework.aop.framework.Advised.addAdvice(int,org.aopalliance.aop.Advice) throws org.springframework.aop.framework.AopConfigException
2020-03-14 21:57:07.348 [main] DEBUG o.s.aop.framework.CglibAopProxy - Method is declared on Advised interface: public abstract void org.springframework.aop.framework.Advised.addAdvice(org.aopalliance.aop.Advice) throws org.springframework.aop.framework.AopConfigException
2020-03-14 21:57:07.348 [main] DEBUG o.s.aop.framework.CglibAopProxy - Method is declared on Advised interface: public abstract boolean org.springframework.aop.framework.Advised.isPreFiltered()
2020-03-14 21:57:07.348 [main] DEBUG o.s.aop.framework.CglibAopProxy - Method is declared on Advised interface: public abstract org.springframework.aop.TargetSource org.springframework.aop.framework.Advised.getTargetSource()
2020-03-14 21:57:07.348 [main] DEBUG o.s.aop.framework.CglibAopProxy - Method is declared on Advised interface: public abstract void org.springframework.aop.framework.Advised.setTargetSource(org.springframework.aop.TargetSource)
2020-03-14 21:57:07.349 [main] DEBUG o.s.aop.framework.CglibAopProxy - Method is declared on Advised interface: public abstract boolean org.springframework.aop.framework.Advised.isExposeProxy()
2020-03-14 21:57:07.349 [main] DEBUG o.s.aop.framework.CglibAopProxy - Method is declared on Advised interface: public abstract org.springframework.aop.Advisor[] org.springframework.aop.framework.Advised.getAdvisors()
2020-03-14 21:57:07.351 [main] DEBUG o.s.aop.framework.CglibAopProxy - Method is declared on Advised interface: public abstract void org.springframework.aop.framework.Advised.setPreFiltered(boolean)
2020-03-14 21:57:07.351 [main] DEBUG o.s.aop.framework.CglibAopProxy - Method is declared on Advised interface: public abstract void org.springframework.aop.framework.Advised.addAdvisor(org.springframework.aop.Advisor) throws org.springframework.aop.framework.AopConfigException
2020-03-14 21:57:07.351 [main] DEBUG o.s.aop.framework.CglibAopProxy - Method is declared on Advised interface: public abstract void org.springframework.aop.framework.Advised.addAdvisor(int,org.springframework.aop.Advisor) throws org.springframework.aop.framework.AopConfigException
2020-03-14 21:57:07.352 [main] DEBUG o.s.aop.framework.CglibAopProxy - Method is declared on Advised interface: public abstract boolean org.springframework.aop.framework.Advised.removeAdvice(org.aopalliance.aop.Advice)
2020-03-14 21:57:07.352 [main] DEBUG o.s.aop.framework.CglibAopProxy - Method is declared on Advised interface: public abstract void org.springframework.aop.framework.Advised.setExposeProxy(boolean)
2020-03-14 21:57:07.352 [main] DEBUG o.s.aop.framework.CglibAopProxy - Method is declared on Advised interface: public abstract boolean org.springframework.aop.framework.Advised.removeAdvisor(org.springframework.aop.Advisor)
2020-03-14 21:57:07.354 [main] DEBUG o.s.aop.framework.CglibAopProxy - Method is declared on Advised interface: public abstract void org.springframework.aop.framework.Advised.removeAdvisor(int) throws org.springframework.aop.framework.AopConfigException
2020-03-14 21:57:07.354 [main] DEBUG o.s.aop.framework.CglibAopProxy - Method is declared on Advised interface: public abstract boolean org.springframework.aop.framework.Advised.replaceAdvisor(org.springframework.aop.Advisor,org.springframework.aop.Advisor) throws org.springframework.aop.framework.AopConfigException
2020-03-14 21:57:07.354 [main] DEBUG o.s.aop.framework.CglibAopProxy - Method is declared on Advised interface: public abstract java.lang.Class org.springframework.aop.TargetClassAware.getTargetClass()
2020-03-14 21:57:07.379 [main] DEBUG o.s.b.f.s.DefaultListableBeanFactory - Finished creating instance of bean 'courseService'
2020-03-14 21:57:07.379 [main] DEBUG o.s.b.f.a.AutowiredAnnotationBeanPostProcessor - Autowiring by type from bean name 'courseController' to bean named 'courseService'
2020-03-14 21:57:07.380 [main] DEBUG o.s.b.f.s.DefaultListableBeanFactory - Returning cached instance of singleton bean 'metaDataSourceAdvisor'
2020-03-14 21:57:07.380 [main] DEBUG o.s.b.f.s.DefaultListableBeanFactory - Returning cached instance of singleton bean 'org.springframework.transaction.config.internalTransactionAdvisor'
2020-03-14 21:57:07.380 [main] DEBUG o.s.b.f.s.DefaultListableBeanFactory - Returning cached instance of singleton bean 'metaDataSourceAdvisor'
2020-03-14 21:57:07.380 [main] DEBUG o.s.b.f.s.DefaultListableBeanFactory - Returning cached instance of singleton bean 'org.springframework.transaction.config.internalTransactionAdvisor'
2020-03-14 21:57:07.385 [main] DEBUG o.s.s.a.p.PrePostAnnotationSecurityMetadataSource - @org.springframework.security.access.prepost.PreAuthorize(value=hasAuthority('course_find_list')) found on specific method: public com.ningmeng.framework.model.response.QueryResponseResult com.ningmeng.manage_course.controller.CourseController.findCourseList(int,int,com.ningmeng.framework.domain.course.request.CourseListRequest)
2020-03-14 21:57:07.577 [main] DEBUG o.s.s.a.m.DelegatingMethodSecurityMetadataSource - Caching method [CacheKey[com.ningmeng.manage_course.controller.CourseController; public com.ningmeng.framework.model.response.QueryResponseResult com.ningmeng.manage_course.controller.CourseController.findCourseList(int,int,com.ningmeng.framework.domain.course.request.CourseListRequest)]] with attributes [[authorize: 'hasAuthority('course_find_list')', filter: 'null', filterTarget: 'null']]
2020-03-14 21:57:07.590 [main] DEBUG o.s.b.f.s.DefaultListableBeanFactory - Creating shared instance of singleton bean 'methodSecurityInterceptor'
2020-03-14 21:57:07.590 [main] DEBUG o.s.b.f.s.DefaultListableBeanFactory - Creating instance of bean 'methodSecurityInterceptor'
2020-03-14 21:57:07.590 [main] DEBUG o.s.b.f.s.DefaultListableBeanFactory - Returning cached instance of singleton bean 'org.springframework.security.config.annotation.method.configuration.GlobalMethodSecurityConfiguration'
2020-03-14 21:57:07.621 [main] DEBUG o.s.b.f.s.DefaultListableBeanFactory - Returning cached instance of singleton bean 'methodSecurityMetadataSource'
2020-03-14 21:57:07.623 [main] DEBUG o.s.b.f.s.DefaultListableBeanFactory - Eagerly caching bean 'methodSecurityInterceptor' to allow for resolving potential circular references
2020-03-14 21:57:07.638 [main] DEBUG o.s.b.f.s.DefaultListableBeanFactory - Invoking afterPropertiesSet() on bean with name 'methodSecurityInterceptor'
2020-03-14 21:57:07.638 [main] DEBUG o.s.s.a.i.a.MethodSecurityInterceptor - Validated configuration attributes
2020-03-14 21:57:07.638 [main] DEBUG o.s.b.f.s.DefaultListableBeanFactory - Finished creating instance of bean 'methodSecurityInterceptor'
2020-03-14 21:57:07.639 [main] DEBUG o.s.a.a.a.AnnotationAwareAspectJAutoProxyCreator - Creating implicit proxy for bean 'courseController' with 0 common interceptors and 1 specific interceptors
2020-03-14 21:57:07.639 [main] DEBUG o.s.aop.framework.CglibAopProxy - Creating CGLIB proxy: target source is SingletonTargetSource for target object [com.ningmeng.manage_course.controller.CourseController@2c4eae94]
2020-03-14 21:57:07.640 [main] DEBUG o.s.aop.framework.CglibAopProxy - Unable to apply any optimizations to advised method: public com.ningmeng.framework.domain.course.response.CoursePublishResult com.ningmeng.manage_course.controller.CourseController.publish(java.lang.String)
2020-03-14 21:57:07.640 [main] DEBUG o.s.aop.framework.CglibAopProxy - Unable to apply any optimizations to advised method: public com.ningmeng.framework.model.response.QueryResponseResult com.ningmeng.manage_course.controller.CourseController.findCourseList(int,int,com.ningmeng.framework.domain.course.request.CourseListRequest)
2020-03-14 21:57:07.640 [main] DEBUG o.s.aop.framework.CglibAopProxy - Unable to apply any optimizations to advised method: public com.ningmeng.framework.domain.course.CoursePic com.ningmeng.manage_course.controller.CourseController.findCoursePic(java.lang.String)
2020-03-14 21:57:07.641 [main] DEBUG o.s.aop.framework.CglibAopProxy - Unable to apply any optimizations to advised method: public com.ningmeng.framework.domain.course.ext.CategoryNode com.ningmeng.manage_course.controller.CourseController.findList()
2020-03-14 21:57:07.641 [main] DEBUG o.s.aop.framework.CglibAopProxy - Unable to apply any optimizations to advised method: public com.ningmeng.framework.domain.course.response.CourseView com.ningmeng.manage_course.controller.CourseController.courseview(java.lang.String)
2020-03-14 21:57:07.641 [main] DEBUG o.s.aop.framework.CglibAopProxy - Unable to apply any optimizations to advised method: public com.ningmeng.framework.model.response.ResponseResult com.ningmeng.manage_course.controller.CourseController.deleteCoursePic(java.lang.String)
2020-03-14 21:57:07.641 [main] DEBUG o.s.aop.framework.CglibAopProxy - Unable to apply any optimizations to advised method: public com.ningmeng.framework.domain.course.response.CoursePublishResult com.ningmeng.manage_course.controller.CourseController.preview(java.lang.String)
2020-03-14 21:57:07.641 [main] DEBUG o.s.aop.framework.CglibAopProxy - Unable to apply any optimizations to advised method: public com.ningmeng.framework.domain.course.response.AddCourseResult com.ningmeng.manage_course.controller.CourseController.addCourseBase(com.ningmeng.framework.domain.course.CourseBase)
2020-03-14 21:57:07.641 [main] DEBUG o.s.aop.framework.CglibAopProxy - Unable to apply any optimizations to advised method: public com.ningmeng.framework.model.response.ResponseResult com.ningmeng.manage_course.controller.CourseController.addTeachplan(com.ningmeng.framework.domain.course.Teachplan)
2020-03-14 21:57:07.641 [main] DEBUG o.s.aop.framework.CglibAopProxy - Unable to apply any optimizations to advised method: public com.ningmeng.framework.model.response.ResponseResult com.ningmeng.manage_course.controller.CourseController.savemedia(com.ningmeng.framework.domain.course.TeachplanMedia)
2020-03-14 21:57:07.641 [main] DEBUG o.s.aop.framework.CglibAopProxy - Unable to apply any optimizations to advised method: public com.ningmeng.framework.model.response.ResponseResult com.ningmeng.manage_course.controller.CourseController.updateCourseBase(java.lang.String,com.ningmeng.framework.domain.course.CourseBase)
2020-03-14 21:57:07.642 [main] DEBUG o.s.aop.framework.CglibAopProxy - Unable to apply any optimizations to advised method: public com.ningmeng.framework.model.response.ResponseResult com.ningmeng.manage_course.controller.CourseController.addCoursePic(java.lang.String,java.lang.String)
2020-03-14 21:57:07.642 [main] DEBUG o.s.aop.framework.CglibAopProxy - Unable to apply any optimizations to advised method: public com.ningmeng.framework.domain.course.CourseMarket com.ningmeng.manage_course.controller.CourseController.getCourseMarketById(java.lang.String)
2020-03-14 21:57:07.642 [main] DEBUG o.s.aop.framework.CglibAopProxy - Unable to apply any optimizations to advised method: public com.ningmeng.framework.domain.course.ext.TeachplanNode com.ningmeng.manage_course.controller.CourseController.findTeachplanList(java.lang.String)
2020-03-14 21:57:07.642 [main] DEBUG o.s.s.a.p.PrePostAnnotationSecurityMetadataSource - @org.springframework.security.access.prepost.PreAuthorize(value=hasAuthority('course_get_baseinfo')) found on specific method: public com.ningmeng.framework.domain.course.CourseBase com.ningmeng.manage_course.controller.CourseController.getCourseBaseById(java.lang.String) throws java.lang.RuntimeException
2020-03-14 21:57:07.643 [main] DEBUG o.s.s.a.m.DelegatingMethodSecurityMetadataSource - Caching method [CacheKey[com.ningmeng.manage_course.controller.CourseController; public com.ningmeng.framework.domain.course.CourseBase com.ningmeng.manage_course.controller.CourseController.getCourseBaseById(java.lang.String) throws java.lang.RuntimeException]] with attributes [[authorize: 'hasAuthority('course_get_baseinfo')', filter: 'null', filterTarget: 'null']]
2020-03-14 21:57:07.643 [main] DEBUG o.s.aop.framework.CglibAopProxy - Unable to apply any optimizations to advised method: public com.ningmeng.framework.domain.course.CourseBase com.ningmeng.manage_course.controller.CourseController.getCourseBaseById(java.lang.String) throws java.lang.RuntimeException
2020-03-14 21:57:07.643 [main] DEBUG o.s.aop.framework.CglibAopProxy - Unable to apply any optimizations to advised method: public com.ningmeng.framework.model.response.ResponseResult com.ningmeng.manage_course.controller.CourseController.updateCourseMarket(java.lang.String,com.ningmeng.framework.domain.course.CourseMarket)
2020-03-14 21:57:07.643 [main] DEBUG o.s.aop.framework.CglibAopProxy - Found 'equals' method: public boolean java.lang.Object.equals(java.lang.Object)
2020-03-14 21:57:07.643 [main] DEBUG o.s.aop.framework.CglibAopProxy - Unable to apply any optimizations to advised method: public java.lang.String java.lang.Object.toString()
2020-03-14 21:57:07.643 [main] DEBUG o.s.aop.framework.CglibAopProxy - Found 'hashCode' method: public native int java.lang.Object.hashCode()
2020-03-14 21:57:07.643 [main] DEBUG o.s.aop.framework.CglibAopProxy - Unable to apply any optimizations to advised method: protected native java.lang.Object java.lang.Object.clone() throws java.lang.CloneNotSupportedException
2020-03-14 21:57:07.643 [main] DEBUG o.s.aop.framework.CglibAopProxy - Method is declared on Advised interface: public abstract int org.springframework.aop.framework.Advised.indexOf(org.springframework.aop.Advisor)
2020-03-14 21:57:07.643 [main] DEBUG o.s.aop.framework.CglibAopProxy - Method is declared on Advised interface: public abstract int org.springframework.aop.framework.Advised.indexOf(org.aopalliance.aop.Advice)
2020-03-14 21:57:07.643 [main] DEBUG o.s.aop.framework.CglibAopProxy - Method is declared on Advised interface: public abstract boolean org.springframework.aop.framework.Advised.isFrozen()
2020-03-14 21:57:07.644 [main] DEBUG o.s.aop.framework.CglibAopProxy - Method is declared on Advised interface: public abstract java.lang.String org.springframework.aop.framework.Advised.toProxyConfigString()
2020-03-14 21:57:07.644 [main] DEBUG o.s.aop.framework.CglibAopProxy - Method is declared on Advised interface: public abstract java.lang.Class[] org.springframework.aop.framework.Advised.getProxiedInterfaces()
2020-03-14 21:57:07.644 [main] DEBUG o.s.aop.framework.CglibAopProxy - Method is declared on Advised interface: public abstract boolean org.springframework.aop.framework.Advised.isInterfaceProxied(java.lang.Class)
2020-03-14 21:57:07.644 [main] DEBUG o.s.aop.framework.CglibAopProxy - Method is declared on Advised interface: public abstract boolean org.springframework.aop.framework.Advised.isProxyTargetClass()
2020-03-14 21:57:07.644 [main] DEBUG o.s.aop.framework.CglibAopProxy - Method is declared on Advised interface: public abstract void org.springframework.aop.framework.Advised.addAdvice(int,org.aopalliance.aop.Advice) throws org.springframework.aop.framework.AopConfigException
2020-03-14 21:57:07.644 [main] DEBUG o.s.aop.framework.CglibAopProxy - Method is declared on Advised interface: public abstract void org.springframework.aop.framework.Advised.addAdvice(org.aopalliance.aop.Advice) throws org.springframework.aop.framework.AopConfigException
2020-03-14 21:57:07.644 [main] DEBUG o.s.aop.framework.CglibAopProxy - Method is declared on Advised interface: public abstract boolean org.springframework.aop.framework.Advised.isPreFiltered()
2020-03-14 21:57:07.644 [main] DEBUG o.s.aop.framework.CglibAopProxy - Method is declared on Advised interface: public abstract org.springframework.aop.TargetSource org.springframework.aop.framework.Advised.getTargetSource()
2020-03-14 21:57:07.644 [main] DEBUG o.s.aop.framework.CglibAopProxy - Method is declared on Advised interface: public abstract void org.springframework.aop.framework.Advised.setTargetSource(org.springframework.aop.TargetSource)
2020-03-14 21:57:07.644 [main] DEBUG o.s.aop.framework.CglibAopProxy - Method is declared on Advised interface: public abstract boolean org.springframework.aop.framework.Advised.isExposeProxy()
2020-03-14 21:57:07.644 [main] DEBUG o.s.aop.framework.CglibAopProxy - Method is declared on Advised interface: public abstract org.springframework.aop.Advisor[] org.springframework.aop.framework.Advised.getAdvisors()
2020-03-14 21:57:07.644 [main] DEBUG o.s.aop.framework.CglibAopProxy - Method is declared on Advised interface: public abstract void org.springframework.aop.framework.Advised.setPreFiltered(boolean)
2020-03-14 21:57:07.644 [main] DEBUG o.s.aop.framework.CglibAopProxy - Method is declared on Advised interface: public abstract void org.springframework.aop.framework.Advised.addAdvisor(org.springframework.aop.Advisor) throws org.springframework.aop.framework.AopConfigException
2020-03-14 21:57:07.644 [main] DEBUG o.s.aop.framework.CglibAopProxy - Method is declared on Advised interface: public abstract void org.springframework.aop.framework.Advised.addAdvisor(int,org.springframework.aop.Advisor) throws org.springframework.aop.framework.AopConfigException
2020-03-14 21:57:07.644 [main] DEBUG o.s.aop.framework.CglibAopProxy - Method is declared on Advised interface: public abstract boolean org.springframework.aop.framework.Advised.removeAdvice(org.aopalliance.aop.Advice)
2020-03-14 21:57:07.644 [main] DEBUG o.s.aop.framework.CglibAopProxy - Method is declared on Advised interface: public abstract void org.springframework.aop.framework.Advised.setExposeProxy(boolean)
2020-03-14 21:57:07.644 [main] DEBUG o.s.aop.framework.CglibAopProxy - Method is declared on Advised interface: public abstract boolean org.springframework.aop.framework.Advised.removeAdvisor(org.springframework.aop.Advisor)
2020-03-14 21:57:07.644 [main] DEBUG o.s.aop.framework.CglibAopProxy - Method is declared on Advised interface: public abstract void org.springframework.aop.framework.Advised.removeAdvisor(int) throws org.springframework.aop.framework.AopConfigException
2020-03-14 21:57:07.645 [main] DEBUG o.s.aop.framework.CglibAopProxy - Method is declared on Advised interface: public abstract boolean org.springframework.aop.framework.Advised.replaceAdvisor(org.springframework.aop.Advisor,org.springframework.aop.Advisor) throws org.springframework.aop.framework.AopConfigException
2020-03-14 21:57:07.645 [main] DEBUG o.s.aop.framework.CglibAopProxy - Method is declared on Advised interface: public abstract java.lang.Class org.springframework.aop.TargetClassAware.getTargetClass()
2020-03-14 21:57:07.655 [main] DEBUG o.s.b.f.s.DefaultListableBeanFactory - Finished creating instance of bean 'courseController'
2020-03-14 21:57:07.655 [main] DEBUG o.s.b.f.s.DefaultListableBeanFactory - Creating shared instance of singleton bean 'sysDicthinaryController'
2020-03-14 21:57:07.655 [main] DEBUG o.s.b.f.s.DefaultListableBeanFactory - Creating instance of bean 'sysDicthinaryController'
2020-03-14 21:57:07.655 [main] DEBUG o.s.b.f.s.DefaultListableBeanFactory - Returning cached instance of singleton bean 'metaDataSourceAdvisor'
2020-03-14 21:57:07.655 [main] DEBUG o.s.b.f.s.DefaultListableBeanFactory - Returning cached instance of singleton bean 'org.springframework.transaction.config.internalTransactionAdvisor'
2020-03-14 21:57:07.656 [main] DEBUG o.s.b.f.annotation.InjectionMetadata - Registered injected element on class [com.ningmeng.manage_course.controller.SysDicthinaryController]: AutowiredFieldElement for com.ningmeng.manage_course.service.SysDicthinaryService com.ningmeng.manage_course.controller.SysDicthinaryController.sysDicthinaryService
2020-03-14 21:57:07.656 [main] DEBUG o.s.b.f.s.DefaultListableBeanFactory - Eagerly caching bean 'sysDicthinaryController' to allow for resolving potential circular references
2020-03-14 21:57:07.660 [main] DEBUG o.s.b.f.annotation.InjectionMetadata - Processing injected element of bean 'sysDicthinaryController': AutowiredFieldElement for com.ningmeng.manage_course.service.SysDicthinaryService com.ningmeng.manage_course.controller.SysDicthinaryController.sysDicthinaryService
2020-03-14 21:57:07.660 [main] DEBUG o.s.core.annotation.AnnotationUtils - Failed to meta-introspect annotation interface org.springframework.beans.factory.annotation.Autowired: java.lang.NullPointerException
2020-03-14 21:57:07.666 [main] DEBUG o.s.b.f.s.DefaultListableBeanFactory - Creating shared instance of singleton bean 'sysDicthinaryService'
2020-03-14 21:57:07.667 [main] DEBUG o.s.b.f.s.DefaultListableBeanFactory - Creating instance of bean 'sysDicthinaryService'
2020-03-14 21:57:07.667 [main] DEBUG o.s.b.f.s.DefaultListableBeanFactory - Returning cached instance of singleton bean 'metaDataSourceAdvisor'
2020-03-14 21:57:07.668 [main] DEBUG o.s.b.f.s.DefaultListableBeanFactory - Returning cached instance of singleton bean 'org.springframework.transaction.config.internalTransactionAdvisor'
2020-03-14 21:57:07.668 [main] DEBUG o.s.b.f.annotation.InjectionMetadata - Registered injected element on class [com.ningmeng.manage_course.service.SysDicthinaryService]: AutowiredFieldElement for com.ningmeng.manage_course.dao.SysDictionaryRepository com.ningmeng.manage_course.service.SysDicthinaryService.sysDictionaryRepository
2020-03-14 21:57:07.668 [main] DEBUG o.s.b.f.s.DefaultListableBeanFactory - Eagerly caching bean 'sysDicthinaryService' to allow for resolving potential circular references
2020-03-14 21:57:07.671 [main] DEBUG o.s.b.f.annotation.InjectionMetadata - Processing injected element of bean 'sysDicthinaryService': AutowiredFieldElement for com.ningmeng.manage_course.dao.SysDictionaryRepository com.ningmeng.manage_course.service.SysDicthinaryService.sysDictionaryRepository
2020-03-14 21:57:07.671 [main] DEBUG o.s.core.annotation.AnnotationUtils - Failed to meta-introspect annotation interface org.springframework.beans.factory.annotation.Autowired: java.lang.NullPointerException
2020-03-14 21:57:07.679 [main] DEBUG o.s.b.f.s.DefaultListableBeanFactory - Creating shared instance of singleton bean 'sysDictionaryRepository'
2020-03-14 21:57:07.679 [main] DEBUG o.s.b.f.s.DefaultListableBeanFactory - Creating instance of bean 'sysDictionaryRepository'
2020-03-14 21:57:07.679 [main] DEBUG o.s.b.f.s.DefaultListableBeanFactory - Returning cached instance of singleton bean 'metaDataSourceAdvisor'
2020-03-14 21:57:07.680 [main] DEBUG o.s.b.f.s.DefaultListableBeanFactory - Returning cached instance of singleton bean 'org.springframework.transaction.config.internalTransactionAdvisor'
2020-03-14 21:57:07.680 [main] DEBUG o.s.b.f.s.DefaultListableBeanFactory - Eagerly caching bean 'sysDictionaryRepository' to allow for resolving potential circular references
2020-03-14 21:57:07.703 [main] DEBUG o.s.b.f.s.DefaultListableBeanFactory - Creating instance of bean '(inner bean)#4c114687'
2020-03-14 21:57:07.704 [main] DEBUG o.s.b.f.s.DefaultListableBeanFactory - Returning cached instance of singleton bean 'metaDataSourceAdvisor'
2020-03-14 21:57:07.704 [main] DEBUG o.s.b.f.s.DefaultListableBeanFactory - Returning cached instance of singleton bean 'org.springframework.transaction.config.internalTransactionAdvisor'
2020-03-14 21:57:07.704 [main] DEBUG o.s.b.f.s.DefaultListableBeanFactory - Creating instance of bean '(inner bean)#2a60981c'
2020-03-14 21:57:07.704 [main] DEBUG o.s.b.f.s.DefaultListableBeanFactory - Returning cached instance of singleton bean 'metaDataSourceAdvisor'
2020-03-14 21:57:07.704 [main] DEBUG o.s.b.f.s.DefaultListableBeanFactory - Returning cached instance of singleton bean 'org.springframework.transaction.config.internalTransactionAdvisor'
2020-03-14 21:57:07.705 [main] DEBUG o.s.c.i.s.PathMatchingResourcePatternResolver - Resolved classpath location [META-INF/mongo-named-queries.properties] to resources []
2020-03-14 21:57:07.705 [main] DEBUG o.s.b.f.s.DefaultListableBeanFactory - Invoking afterPropertiesSet() on bean with name '(inner bean)#2a60981c'
2020-03-14 21:57:07.705 [main] DEBUG o.s.b.f.s.DefaultListableBeanFactory - Returning cached instance of singleton bean 'metaDataSourceAdvisor'
2020-03-14 21:57:07.705 [main] DEBUG o.s.b.f.s.DefaultListableBeanFactory - Returning cached instance of singleton bean 'org.springframework.transaction.config.internalTransactionAdvisor'
2020-03-14 21:57:07.705 [main] DEBUG o.s.b.f.s.DefaultListableBeanFactory - Returning cached instance of singleton bean 'metaDataSourceAdvisor'
2020-03-14 21:57:07.705 [main] DEBUG o.s.b.f.s.DefaultListableBeanFactory - Returning cached instance of singleton bean 'org.springframework.transaction.config.internalTransactionAdvisor'
2020-03-14 21:57:07.705 [main] DEBUG o.s.b.f.s.DefaultListableBeanFactory - Finished creating instance of bean '(inner bean)#2a60981c'
2020-03-14 21:57:07.705 [main] DEBUG o.s.b.f.s.DefaultListableBeanFactory - Returning cached instance of singleton bean 'metaDataSourceAdvisor'
2020-03-14 21:57:07.706 [main] DEBUG o.s.b.f.s.DefaultListableBeanFactory - Returning cached instance of singleton bean 'org.springframework.transaction.config.internalTransactionAdvisor'
2020-03-14 21:57:07.706 [main] DEBUG o.s.b.f.s.DefaultListableBeanFactory - Returning cached instance of singleton bean 'metaDataSourceAdvisor'
2020-03-14 21:57:07.706 [main] DEBUG o.s.b.f.s.DefaultListableBeanFactory - Returning cached instance of singleton bean 'org.springframework.transaction.config.internalTransactionAdvisor'
2020-03-14 21:57:07.708 [main] DEBUG o.s.b.f.s.DefaultListableBeanFactory - Returning cached instance of singleton bean 'metaDataSourceAdvisor'
2020-03-14 21:57:07.708 [main] DEBUG o.s.b.f.s.DefaultListableBeanFactory - Returning cached instance of singleton bean 'org.springframework.transaction.config.internalTransactionAdvisor'
2020-03-14 21:57:07.708 [main] DEBUG o.s.b.f.s.DefaultListableBeanFactory - Returning cached instance of singleton bean 'metaDataSourceAdvisor'
2020-03-14 21:57:07.708 [main] DEBUG o.s.b.f.s.DefaultListableBeanFactory - Returning cached instance of singleton bean 'org.springframework.transaction.config.internalTransactionAdvisor'
2020-03-14 21:57:07.709 [main] DEBUG o.s.b.f.s.DefaultListableBeanFactory - Finished creating instance of bean '(inner bean)#4c114687'
2020-03-14 21:57:07.709 [main] DEBUG o.s.b.f.s.DefaultListableBeanFactory - Creating instance of bean '(inner bean)#183a508b'
2020-03-14 21:57:07.709 [main] DEBUG o.s.b.f.s.DefaultListableBeanFactory - Returning cached instance of singleton bean 'metaDataSourceAdvisor'
2020-03-14 21:57:07.709 [main] DEBUG o.s.b.f.s.DefaultListableBeanFactory - Returning cached instance of singleton bean 'org.springframework.transaction.config.internalTransactionAdvisor'
2020-03-14 21:57:07.710 [main] DEBUG o.s.b.f.s.DefaultListableBeanFactory - Invoking afterPropertiesSet() on bean with name '(inner bean)#183a508b'
2020-03-14 21:57:07.710 [main] DEBUG o.s.b.f.s.DefaultListableBeanFactory - Returning cached instance of singleton bean 'metaDataSourceAdvisor'
2020-03-14 21:57:07.710 [main] DEBUG o.s.b.f.s.DefaultListableBeanFactory - Returning cached instance of singleton bean 'org.springframework.transaction.config.internalTransactionAdvisor'
2020-03-14 21:57:07.710 [main] DEBUG o.s.b.f.s.DefaultListableBeanFactory - Returning cached instance of singleton bean 'metaDataSourceAdvisor'
2020-03-14 21:57:07.710 [main] DEBUG o.s.b.f.s.DefaultListableBeanFactory - Returning cached instance of singleton bean 'org.springframework.transaction.config.internalTransactionAdvisor'
2020-03-14 21:57:07.710 [main] DEBUG o.s.b.f.s.DefaultListableBeanFactory - Finished creating instance of bean '(inner bean)#183a508b'
2020-03-14 21:57:07.710 [main] DEBUG o.s.b.f.s.DefaultListableBeanFactory - Returning cached instance of singleton bean 'metaDataSourceAdvisor'
2020-03-14 21:57:07.710 [main] DEBUG o.s.b.f.s.DefaultListableBeanFactory - Returning cached instance of singleton bean 'org.springframework.transaction.config.internalTransactionAdvisor'
2020-03-14 21:57:07.710 [main] DEBUG o.s.b.f.s.DefaultListableBeanFactory - Returning cached instance of singleton bean 'metaDataSourceAdvisor'
2020-03-14 21:57:07.710 [main] DEBUG o.s.b.f.s.DefaultListableBeanFactory - Returning cached instance of singleton bean 'org.springframework.transaction.config.internalTransactionAdvisor'
2020-03-14 21:57:07.710 [main] DEBUG o.s.b.f.s.DefaultListableBeanFactory - Creating instance of bean '(inner bean)#6fe243a'
2020-03-14 21:57:07.710 [main] DEBUG o.s.b.f.s.DefaultListableBeanFactory - Returning cached instance of singleton bean 'metaDataSourceAdvisor'
2020-03-14 21:57:07.711 [main] DEBUG o.s.b.f.s.DefaultListableBeanFactory - Returning cached instance of singleton bean 'org.springframework.transaction.config.internalTransactionAdvisor'
2020-03-14 21:57:07.711 [main] DEBUG o.s.b.f.s.DefaultListableBeanFactory - Returning cached instance of singleton bean 'metaDataSourceAdvisor'
2020-03-14 21:57:07.711 [main] DEBUG o.s.b.f.s.DefaultListableBeanFactory - Returning cached instance of singleton bean 'org.springframework.transaction.config.internalTransactionAdvisor'
2020-03-14 21:57:07.711 [main] DEBUG o.s.b.f.s.DefaultListableBeanFactory - Returning cached instance of singleton bean 'metaDataSourceAdvisor'
2020-03-14 21:57:07.711 [main] DEBUG o.s.b.f.s.DefaultListableBeanFactory - Returning cached instance of singleton bean 'org.springframework.transaction.config.internalTransactionAdvisor'
2020-03-14 21:57:07.711 [main] DEBUG o.s.b.f.s.DefaultListableBeanFactory - Finished creating instance of bean '(inner bean)#6fe243a'
2020-03-14 21:57:07.711 [main] DEBUG o.s.b.f.s.DefaultListableBeanFactory - Creating shared instance of singleton bean 'mongoTemplate'
2020-03-14 21:57:07.712 [main] DEBUG o.s.b.f.s.DefaultListableBeanFactory - Creating instance of bean 'mongoTemplate'
2020-03-14 21:57:07.712 [main] DEBUG o.s.b.f.s.DefaultListableBeanFactory - Returning cached instance of singleton bean 'metaDataSourceAdvisor'
2020-03-14 21:57:07.712 [main] DEBUG o.s.b.f.s.DefaultListableBeanFactory - Returning cached instance of singleton bean 'org.springframework.transaction.config.internalTransactionAdvisor'
2020-03-14 21:57:07.712 [main] DEBUG o.s.b.f.s.DefaultListableBeanFactory - Creating shared instance of singleton bean 'org.springframework.boot.autoconfigure.data.mongo.MongoDataAutoConfiguration'
2020-03-14 21:57:07.712 [main] DEBUG o.s.b.f.s.DefaultListableBeanFactory - Creating instance of bean 'org.springframework.boot.autoconfigure.data.mongo.MongoDataAutoConfiguration'
2020-03-14 21:57:07.712 [main] DEBUG o.s.b.f.s.DefaultListableBeanFactory - Returning cached instance of singleton bean 'metaDataSourceAdvisor'
2020-03-14 21:57:07.712 [main] DEBUG o.s.b.f.s.DefaultListableBeanFactory - Returning cached instance of singleton bean 'org.springframework.transaction.config.internalTransactionAdvisor'
2020-03-14 21:57:07.714 [main] DEBUG o.s.c.LocalVariableTableParameterNameDiscoverer - Cannot find '.class' file for class [class org.springframework.boot.autoconfigure.data.mongo.MongoDataAutoConfiguration$$EnhancerBySpringCGLIB$$27b5f879] - unable to determine constructor/method parameter names
2020-03-14 21:57:07.718 [main] DEBUG o.s.b.f.s.DefaultListableBeanFactory - Creating shared instance of singleton bean 'spring.data.mongodb-org.springframework.boot.autoconfigure.mongo.MongoProperties'
2020-03-14 21:57:07.718 [main] DEBUG o.s.b.f.s.DefaultListableBeanFactory - Creating instance of bean 'spring.data.mongodb-org.springframework.boot.autoconfigure.mongo.MongoProperties'
2020-03-14 21:57:07.718 [main] DEBUG o.s.b.f.s.DefaultListableBeanFactory - Returning cached instance of singleton bean 'metaDataSourceAdvisor'
2020-03-14 21:57:07.718 [main] DEBUG o.s.b.f.s.DefaultListableBeanFactory - Returning cached instance of singleton bean 'org.springframework.transaction.config.internalTransactionAdvisor'
2020-03-14 21:57:07.719 [main] DEBUG o.s.b.f.s.DefaultListableBeanFactory - Eagerly caching bean 'spring.data.mongodb-org.springframework.boot.autoconfigure.mongo.MongoProperties' to allow for resolving potential circular references
2020-03-14 21:57:07.723 [main] DEBUG o.s.b.f.s.DefaultListableBeanFactory - Returning cached instance of singleton bean 'metaDataSourceAdvisor'
2020-03-14 21:57:07.723 [main] DEBUG o.s.b.f.s.DefaultListableBeanFactory - Returning cached instance of singleton bean 'org.springframework.transaction.config.internalTransactionAdvisor'
2020-03-14 21:57:07.723 [main] DEBUG o.s.b.f.s.DefaultListableBeanFactory - Returning cached instance of singleton bean 'metaDataSourceAdvisor'
2020-03-14 21:57:07.723 [main] DEBUG o.s.b.f.s.DefaultListableBeanFactory - Returning cached instance of singleton bean 'org.springframework.transaction.config.internalTransactionAdvisor'
2020-03-14 21:57:07.724 [main] DEBUG o.s.b.f.s.DefaultListableBeanFactory - Finished creating instance of bean 'spring.data.mongodb-org.springframework.boot.autoconfigure.mongo.MongoProperties'
2020-03-14 21:57:07.724 [main] DEBUG o.s.b.f.s.DefaultListableBeanFactory - Autowiring by type from bean name 'org.springframework.boot.autoconfigure.data.mongo.MongoDataAutoConfiguration' via constructor to bean named 'org.springframework.web.context.support.GenericWebApplicationContext@1ee4730'
2020-03-14 21:57:07.724 [main] DEBUG o.s.b.f.s.DefaultListableBeanFactory - Autowiring by type from bean name 'org.springframework.boot.autoconfigure.data.mongo.MongoDataAutoConfiguration' via constructor to bean named 'spring.data.mongodb-org.springframework.boot.autoconfigure.mongo.MongoProperties'
2020-03-14 21:57:07.725 [main] DEBUG o.s.b.f.s.DefaultListableBeanFactory - Eagerly caching bean 'org.springframework.boot.autoconfigure.data.mongo.MongoDataAutoConfiguration' to allow for resolving potential circular references
2020-03-14 21:57:07.730 [main] DEBUG o.s.b.f.s.DefaultListableBeanFactory - Returning cached instance of singleton bean 'metaDataSourceAdvisor'
2020-03-14 21:57:07.730 [main] DEBUG o.s.b.f.s.DefaultListableBeanFactory - Returning cached instance of singleton bean 'org.springframework.transaction.config.internalTransactionAdvisor'
2020-03-14 21:57:07.730 [main] DEBUG o.s.b.f.s.DefaultListableBeanFactory - Returning cached instance of singleton bean 'metaDataSourceAdvisor'
2020-03-14 21:57:07.730 [main] DEBUG o.s.b.f.s.DefaultListableBeanFactory - Returning cached instance of singleton bean 'org.springframework.transaction.config.internalTransactionAdvisor'
2020-03-14 21:57:07.731 [main] DEBUG o.s.b.f.s.DefaultListableBeanFactory - Finished creating instance of bean 'org.springframework.boot.autoconfigure.data.mongo.MongoDataAutoConfiguration'
2020-03-14 21:57:07.735 [main] DEBUG o.s.b.f.s.DefaultListableBeanFactory - Creating shared instance of singleton bean 'mongoDbFactory'
2020-03-14 21:57:07.735 [main] DEBUG o.s.b.f.s.DefaultListableBeanFactory - Creating instance of bean 'mongoDbFactory'
2020-03-14 21:57:07.735 [main] DEBUG o.s.b.f.s.DefaultListableBeanFactory - Returning cached instance of singleton bean 'metaDataSourceAdvisor'
2020-03-14 21:57:07.735 [main] DEBUG o.s.b.f.s.DefaultListableBeanFactory - Returning cached instance of singleton bean 'org.springframework.transaction.config.internalTransactionAdvisor'
2020-03-14 21:57:07.735 [main] DEBUG o.s.b.f.s.DefaultListableBeanFactory - Returning cached instance of singleton bean 'org.springframework.boot.autoconfigure.data.mongo.MongoDataAutoConfiguration'
2020-03-14 21:57:07.740 [main] DEBUG o.s.b.f.s.DefaultListableBeanFactory - Creating shared instance of singleton bean 'mongo'
2020-03-14 21:57:07.741 [main] DEBUG o.s.b.f.s.DefaultListableBeanFactory - Creating instance of bean 'mongo'
2020-03-14 21:57:07.741 [main] DEBUG o.s.b.f.s.DefaultListableBeanFactory - Returning cached instance of singleton bean 'metaDataSourceAdvisor'
2020-03-14 21:57:07.741 [main] DEBUG o.s.b.f.s.DefaultListableBeanFactory - Returning cached instance of singleton bean 'org.springframework.transaction.config.internalTransactionAdvisor'
2020-03-14 21:57:07.741 [main] DEBUG o.s.b.f.s.DefaultListableBeanFactory - Creating shared instance of singleton bean 'org.springframework.boot.autoconfigure.mongo.MongoAutoConfiguration'
2020-03-14 21:57:07.741 [main] DEBUG o.s.b.f.s.DefaultListableBeanFactory - Creating instance of bean 'org.springframework.boot.autoconfigure.mongo.MongoAutoConfiguration'
2020-03-14 21:57:07.742 [main] DEBUG o.s.b.f.s.DefaultListableBeanFactory - Returning cached instance of singleton bean 'metaDataSourceAdvisor'
2020-03-14 21:57:07.742 [main] DEBUG o.s.b.f.s.DefaultListableBeanFactory - Returning cached instance of singleton bean 'org.springframework.transaction.config.internalTransactionAdvisor'
2020-03-14 21:57:07.743 [main] DEBUG o.s.c.LocalVariableTableParameterNameDiscoverer - Cannot find '.class' file for class [class org.springframework.boot.autoconfigure.mongo.MongoAutoConfiguration$$EnhancerBySpringCGLIB$$f8f77597] - unable to determine constructor/method parameter names
2020-03-14 21:57:07.745 [main] DEBUG o.s.b.f.s.DefaultListableBeanFactory - Returning cached instance of singleton bean 'spring.data.mongodb-org.springframework.boot.autoconfigure.mongo.MongoProperties'
2020-03-14 21:57:07.748 [main] DEBUG o.s.b.f.s.DefaultListableBeanFactory - Returning cached instance of singleton bean 'environment'
2020-03-14 21:57:07.748 [main] DEBUG o.s.b.f.s.DefaultListableBeanFactory - Autowiring by type from bean name 'org.springframework.boot.autoconfigure.mongo.MongoAutoConfiguration' via constructor to bean named 'spring.data.mongodb-org.springframework.boot.autoconfigure.mongo.MongoProperties'
2020-03-14 21:57:07.748 [main] DEBUG o.s.b.f.s.DefaultListableBeanFactory - Autowiring by type from bean name 'org.springframework.boot.autoconfigure.mongo.MongoAutoConfiguration' via constructor to bean named 'environment'
2020-03-14 21:57:07.753 [main] DEBUG o.s.c.a.CommonAnnotationBeanPostProcessor - Found destroy method on class [org.springframework.boot.autoconfigure.mongo.MongoAutoConfiguration$$EnhancerBySpringCGLIB$$f8f77597]: public void org.springframework.boot.autoconfigure.mongo.MongoAutoConfiguration.close()
2020-03-14 21:57:07.754 [main] DEBUG o.s.c.a.CommonAnnotationBeanPostProcessor - Registered destroy method on class [org.springframework.boot.autoconfigure.mongo.MongoAutoConfiguration$$EnhancerBySpringCGLIB$$f8f77597]: org.springframework.beans.factory.annotation.InitDestroyAnnotationBeanPostProcessor$LifecycleElement@5a5ddf8
2020-03-14 21:57:07.754 [main] DEBUG o.s.b.f.s.DefaultListableBeanFactory - Eagerly caching bean 'org.springframework.boot.autoconfigure.mongo.MongoAutoConfiguration' to allow for resolving potential circular references
2020-03-14 21:57:07.759 [main] DEBUG o.s.b.f.s.DefaultListableBeanFactory - Returning cached instance of singleton bean 'metaDataSourceAdvisor'
2020-03-14 21:57:07.760 [main] DEBUG o.s.b.f.s.DefaultListableBeanFactory - Returning cached instance of singleton bean 'org.springframework.transaction.config.internalTransactionAdvisor'
2020-03-14 21:57:07.760 [main] DEBUG o.s.b.f.s.DefaultListableBeanFactory - Returning cached instance of singleton bean 'metaDataSourceAdvisor'
2020-03-14 21:57:07.760 [main] DEBUG o.s.b.f.s.DefaultListableBeanFactory - Returning cached instance of singleton bean 'org.springframework.transaction.config.internalTransactionAdvisor'
2020-03-14 21:57:07.762 [main] DEBUG o.s.b.f.s.DefaultListableBeanFactory - Finished creating instance of bean 'org.springframework.boot.autoconfigure.mongo.MongoAutoConfiguration'
2020-03-14 21:57:07.766 [main] DEBUG o.s.c.e.PropertySourcesPropertyResolver - Could not find key 'local.mongo.port' in any property source
2020-03-14 21:57:09.500 [main] INFO  org.mongodb.driver.cluster - Cluster created with settings {hosts=[localhost:27017], mode=SINGLE, requiredClusterType=UNKNOWN, serverSelectionTimeout='30000 ms', maxWaitQueueSize=500}
2020-03-14 21:57:09.539 [main] DEBUG org.mongodb.driver.cluster - Updating cluster description to  {type=UNKNOWN, servers=[{address=localhost:27017, type=UNKNOWN, state=CONNECTING}]
2020-03-14 21:57:09.557 [main] DEBUG o.s.b.f.s.DefaultListableBeanFactory - Eagerly caching bean 'mongo' to allow for resolving potential circular references
2020-03-14 21:57:09.561 [main] DEBUG o.s.b.f.s.DefaultListableBeanFactory - Returning cached instance of singleton bean 'metaDataSourceAdvisor'
2020-03-14 21:57:09.561 [main] DEBUG o.s.b.f.s.DefaultListableBeanFactory - Returning cached instance of singleton bean 'org.springframework.transaction.config.internalTransactionAdvisor'
2020-03-14 21:57:09.561 [main] DEBUG o.s.b.f.s.DefaultListableBeanFactory - Returning cached instance of singleton bean 'metaDataSourceAdvisor'
2020-03-14 21:57:09.562 [main] DEBUG o.s.b.f.s.DefaultListableBeanFactory - Returning cached instance of singleton bean 'org.springframework.transaction.config.internalTransactionAdvisor'
2020-03-14 21:57:09.576 [main] DEBUG o.s.b.f.s.DefaultListableBeanFactory - Finished creating instance of bean 'mongo'
2020-03-14 21:57:09.577 [main] DEBUG o.s.b.f.s.DefaultListableBeanFactory - Autowiring by type from bean name 'mongoDbFactory' via factory method to bean named 'mongo'
2020-03-14 21:57:09.590 [main] DEBUG o.s.b.f.s.DefaultListableBeanFactory - Eagerly caching bean 'mongoDbFactory' to allow for resolving potential circular references
2020-03-14 21:57:09.597 [main] DEBUG o.s.b.f.s.DefaultListableBeanFactory - Returning cached instance of singleton bean 'metaDataSourceAdvisor'
2020-03-14 21:57:09.598 [main] DEBUG o.s.b.f.s.DefaultListableBeanFactory - Returning cached instance of singleton bean 'org.springframework.transaction.config.internalTransactionAdvisor'
2020-03-14 21:57:09.598 [main] DEBUG o.s.b.f.s.DefaultListableBeanFactory - Returning cached instance of singleton bean 'metaDataSourceAdvisor'
2020-03-14 21:57:09.598 [main] DEBUG o.s.b.f.s.DefaultListableBeanFactory - Returning cached instance of singleton bean 'org.springframework.transaction.config.internalTransactionAdvisor'
2020-03-14 21:57:09.600 [main] DEBUG o.s.b.f.s.DefaultListableBeanFactory - Finished creating instance of bean 'mongoDbFactory'
2020-03-14 21:57:09.607 [main] DEBUG o.s.b.f.s.DefaultListableBeanFactory - Creating shared instance of singleton bean 'mappingMongoConverter'
2020-03-14 21:57:09.607 [main] DEBUG o.s.b.f.s.DefaultListableBeanFactory - Creating instance of bean 'mappingMongoConverter'
2020-03-14 21:57:09.607 [main] DEBUG o.s.b.f.s.DefaultListableBeanFactory - Returning cached instance of singleton bean 'metaDataSourceAdvisor'
2020-03-14 21:57:09.607 [main] DEBUG o.s.b.f.s.DefaultListableBeanFactory - Returning cached instance of singleton bean 'org.springframework.transaction.config.internalTransactionAdvisor'
2020-03-14 21:57:09.608 [main] DEBUG o.s.b.f.s.DefaultListableBeanFactory - Returning cached instance of singleton bean 'org.springframework.boot.autoconfigure.data.mongo.MongoDataAutoConfiguration'
2020-03-14 21:57:09.608 [main] DEBUG o.s.b.f.s.DefaultListableBeanFactory - Returning cached instance of singleton bean 'mongoDbFactory'
2020-03-14 21:57:09.614 [main] DEBUG o.s.b.f.s.DefaultListableBeanFactory - Creating shared instance of singleton bean 'mongoMappingContext'
2020-03-14 21:57:09.615 [main] DEBUG o.s.b.f.s.DefaultListableBeanFactory - Creating instance of bean 'mongoMappingContext'
2020-03-14 21:57:09.615 [main] DEBUG o.s.b.f.s.DefaultListableBeanFactory - Returning cached instance of singleton bean 'metaDataSourceAdvisor'
2020-03-14 21:57:09.616 [main] DEBUG o.s.b.f.s.DefaultListableBeanFactory - Returning cached instance of singleton bean 'org.springframework.transaction.config.internalTransactionAdvisor'
2020-03-14 21:57:09.616 [main] DEBUG o.s.b.f.s.DefaultListableBeanFactory - Returning cached instance of singleton bean 'org.springframework.boot.autoconfigure.data.mongo.MongoDataAutoConfiguration'
2020-03-14 21:57:09.628 [main] DEBUG o.s.b.f.s.DefaultListableBeanFactory - Creating shared instance of singleton bean 'mongoCustomConversions'
2020-03-14 21:57:09.628 [main] DEBUG o.s.b.f.s.DefaultListableBeanFactory - Creating instance of bean 'mongoCustomConversions'
2020-03-14 21:57:09.628 [main] DEBUG o.s.b.f.s.DefaultListableBeanFactory - Returning cached instance of singleton bean 'metaDataSourceAdvisor'
2020-03-14 21:57:09.628 [main] DEBUG o.s.b.f.s.DefaultListableBeanFactory - Returning cached instance of singleton bean 'org.springframework.transaction.config.internalTransactionAdvisor'
2020-03-14 21:57:09.629 [main] DEBUG o.s.b.f.s.DefaultListableBeanFactory - Returning cached instance of singleton bean 'org.springframework.boot.autoconfigure.data.mongo.MongoDataAutoConfiguration'
2020-03-14 21:57:09.630 [cluster-ClusterId{value='5e6ce2b5b76de427f4894b82', description='null'}-localhost:27017] INFO  org.mongodb.driver.connection - Opened connection [connectionId{localValue:1, serverValue:20}] to localhost:27017
2020-03-14 21:57:09.636 [cluster-ClusterId{value='5e6ce2b5b76de427f4894b82', description='null'}-localhost:27017] DEBUG org.mongodb.driver.cluster - Checking status of localhost:27017
2020-03-14 21:57:09.640 [cluster-ClusterId{value='5e6ce2b5b76de427f4894b82', description='null'}-localhost:27017] INFO  org.mongodb.driver.cluster - Monitor thread successfully connected to server with description ServerDescription{address=localhost:27017, type=STANDALONE, state=CONNECTED, ok=true, version=ServerVersion{versionList=[3, 4, 4]}, minWireVersion=0, maxWireVersion=5, maxDocumentSize=16777216, logicalSessionTimeoutMinutes=null, roundTripTimeNanos=2469900}
2020-03-14 21:57:09.643 [cluster-ClusterId{value='5e6ce2b5b76de427f4894b82', description='null'}-localhost:27017] DEBUG org.mongodb.driver.cluster - Updating cluster description to  {type=STANDALONE, servers=[{address=localhost:27017, type=STANDALONE, roundTripTime=2.5 ms, state=CONNECTED}]
2020-03-14 21:57:09.828 [main] DEBUG o.s.b.f.s.DefaultListableBeanFactory - Eagerly caching bean 'mongoCustomConversions' to allow for resolving potential circular references
2020-03-14 21:57:09.837 [main] DEBUG o.s.b.f.s.DefaultListableBeanFactory - Returning cached instance of singleton bean 'metaDataSourceAdvisor'
2020-03-14 21:57:09.837 [main] DEBUG o.s.b.f.s.DefaultListableBeanFactory - Returning cached instance of singleton bean 'org.springframework.transaction.config.internalTransactionAdvisor'
2020-03-14 21:57:09.837 [main] DEBUG o.s.b.f.s.DefaultListableBeanFactory - Returning cached instance of singleton bean 'metaDataSourceAdvisor'
2020-03-14 21:57:09.837 [main] DEBUG o.s.b.f.s.DefaultListableBeanFactory - Returning cached instance of singleton bean 'org.springframework.transaction.config.internalTransactionAdvisor'
2020-03-14 21:57:09.838 [main] DEBUG o.s.b.f.s.DefaultListableBeanFactory - Finished creating instance of bean 'mongoCustomConversions'
2020-03-14 21:57:09.838 [main] DEBUG o.s.b.f.s.DefaultListableBeanFactory - Autowiring by type from bean name 'mongoMappingContext' via factory method to bean named 'mongoCustomConversions'
2020-03-14 21:57:09.842 [main] DEBUG o.s.b.f.s.DefaultListableBeanFactory - Returning cached instance of singleton bean 'org.springframework.boot.autoconfigure.domain.EntityScanPackages'
2020-03-14 21:57:09.843 [main] DEBUG o.s.core.env.StandardEnvironment - Adding PropertySource 'systemProperties' with lowest search precedence
2020-03-14 21:57:09.843 [main] DEBUG o.s.core.env.StandardEnvironment - Adding PropertySource 'systemEnvironment' with lowest search precedence
2020-03-14 21:57:09.843 [main] DEBUG o.s.core.env.StandardEnvironment - Initialized StandardEnvironment with PropertySources [MapPropertySource@6989714 {name='systemProperties', properties={idea.version=2017.1.2, java.runtime.name=Java(TM) SE Runtime Environment, sun.boot.library.path=C:\Program Files\Java\jdk1.8.0_91\jre\bin, java.vm.version=25.91-b14, java.vm.vendor=Oracle Corporation, java.vendor.url=http://java.oracle.com/, path.separator=;, java.vm.name=Java HotSpot(TM) 64-Bit Server VM, file.encoding.pkg=sun.io, user.country=CN, user.script=, sun.java.launcher=SUN_STANDARD, sun.os.patch.level=, PID=10228, java.vm.specification.name=Java Virtual Machine Specification, user.dir=E:\1704A\hdServiceCode\nm-service-manage-course, java.runtime.version=1.8.0_91-b14, basedir=E:\1704A\hdServiceCode\nm-service-manage-course, java.awt.graphicsenv=sun.awt.Win32GraphicsEnvironment, java.endorsed.dirs=C:\Program Files\Java\jdk1.8.0_91\jre\lib\endorsed, os.arch=amd64, surefire.real.class.path=C:\Users\wangb\AppData\Local\Temp\surefire5324342515423551962\surefirebooter5243460830507094447.jar, java.io.tmpdir=C:\Users\wangb\AppData\Local\Temp\, line.separator=
, java.vm.specification.vendor=Oracle Corporation, user.variant=, os.name=Windows 10, sun.jnu.encoding=GBK, spring.beaninfo.ignore=true, java.library.path=C:\Program Files\Java\jdk1.8.0_91\jre\bin;C:\WINDOWS\Sun\Java\bin;C:\WINDOWS\system32;C:\WINDOWS;E:\app\wangb\product\11.2.0\dbhome_1\bin;E:\maven\apache-maven-3.6.1\bin;C:\Program Files\Java\jdk1.8.0_91\bin;C:\Program Files (x86)\Intel\iCLS Client\;C:\Program Files\Intel\iCLS Client\;C:\Windows\system32;C:\Windows;C:\Windows\System32\Wbem;C:\Windows\System32\WindowsPowerShell\v1.0\;C:\Program Files (x86)\NVIDIA Corporation\PhysX\Common;C:\Program Files (x86)\Intel\Intel(R) Management Engine Components\DAL;C:\Program Files\Intel\Intel(R) Management Engine Components\DAL;C:\Program Files (x86)\Intel\Intel(R) Management Engine Components\IPT;C:\Program Files\Intel\Intel(R) Management Engine Components\IPT;C:\WINDOWS\system32;C:\WINDOWS;C:\WINDOWS\System32\Wbem;C:\WINDOWS\System32\WindowsPowerShell\v1.0\;C:\WINDOWS\System32\OpenSSH\;C:\Program Files\MySQL\MySQL Server 5.5\bin;E:\nodejs\;E:\Git\cmd;E:\Mp4\ffmpeg-20180227-fa0c9d6-win64-static\bin;C:\Users\wangb\AppData\Local\Microsoft\WindowsApps;C:\Users\wangb\AppData\Roaming\npm;E:\Microsoft VS Code\bin;., surefire.test.class.path=E:\1704A\hdServiceCode\nm-service-manage-course\target\test-classes;E:\1704A\hdServiceCode\nm-service-manage-course\target\classes;E:\1704A\repository\org\springframework\cloud\spring-cloud-starter-oauth2\2.0.0.RELEASE\spring-cloud-starter-oauth2-2.0.0.RELEASE.jar;E:\1704A\repository\org\springframework\cloud\spring-cloud-starter-security\2.0.0.RELEASE\spring-cloud-starter-security-2.0.0.RELEASE.jar;E:\1704A\repository\org\springframework\boot\spring-boot-starter-actuator\2.0.1.RELEASE\spring-boot-starter-actuator-2.0.1.RELEASE.jar;E:\1704A\repository\org\springframework\boot\spring-boot-actuator-autoconfigure\2.0.1.RELEASE\spring-boot-actuator-autoconfigure-2.0.1.RELEASE.jar;E:\1704A\repository\org\springframework\boot\spring-boot-actuator\2.0.1.RELEASE\spring-boot-actuator-2.0.1.RELEASE.jar;E:\1704A\repository\io\micrometer\micrometer-core\1.0.3\micrometer-core-1.0.3.jar;E:\1704A\repository\org\latencyutils\LatencyUtils\2.0.3\LatencyUtils-2.0.3.jar;E:\1704A\repository\org\springframework\cloud\spring-cloud-security\2.0.0.RELEASE\spring-cloud-security-2.0.0.RELEASE.jar;E:\1704A\repository\org\springframework\boot\spring-boot-starter-security\2.0.1.RELEASE\spring-boot-starter-security-2.0.1.RELEASE.jar;E:\1704A\repository\org\springframework\security\oauth\boot\spring-security-oauth2-autoconfigure\2.0.0.RELEASE\spring-security-oauth2-autoconfigure-2.0.0.RELEASE.jar;E:\1704A\repository\com\fasterxml\jackson\core\jackson-annotations\2.9.0\jackson-annotations-2.9.0.jar;E:\1704A\repository\com\fasterxml\jackson\core\jackson-databind\2.9.5\jackson-databind-2.9.5.jar;E:\1704A\repository\org\springframework\boot\spring-boot\2.0.1.RELEASE\spring-boot-2.0.1.RELEASE.jar;E:\1704A\repository\org\springframework\security\oauth\spring-security-oauth2\2.2.1.RELEASE\spring-security-oauth2-2.2.1.RELEASE.jar;E:\1704A\repository\org\springframework\security\spring-security-core\5.0.4.RELEASE\spring-security-core-5.0.4.RELEASE.jar;E:\1704A\repository\org\springframework\security\spring-security-config\5.0.4.RELEASE\spring-security-config-5.0.4.RELEASE.jar;E:\1704A\repository\org\springframework\security\spring-security-web\5.0.4.RELEASE\spring-security-web-5.0.4.RELEASE.jar;E:\1704A\repository\org\codehaus\jackson\jackson-mapper-asl\1.9.13\jackson-mapper-asl-1.9.13.jar;E:\1704A\repository\org\codehaus\jackson\jackson-core-asl\1.9.13\jackson-core-asl-1.9.13.jar;E:\1704A\repository\com\github\pagehelper\pagehelper-spring-boot-starter\1.2.4\pagehelper-spring-boot-starter-1.2.4.jar;E:\1704A\repository\org\springframework\boot\spring-boot-starter\2.0.1.RELEASE\spring-boot-starter-2.0.1.RELEASE.jar;E:\1704A\repository\javax\annotation\javax.annotation-api\1.3.2\javax.annotation-api-1.3.2.jar;E:\1704A\repository\org\yaml\snakeyaml\1.19\snakeyaml-1.19.jar;E:\1704A\repository\com\github\pagehelper\pagehelper-spring-boot-autoconfigure\1.2.4\pagehelper-spring-boot-autoconfigure-1.2.4.jar;E:\1704A\repository\com\github\pagehelper\pagehelper\5.1.3\pagehelper-5.1.3.jar;E:\1704A\repository\com\github\jsqlparser\jsqlparser\1.0\jsqlparser-1.0.jar;E:\1704A\hdServiceCode\nm-service-api\target\nm-service-api.jar;E:\1704A\repository\commons-fileupload\commons-fileupload\1.3.3\commons-fileupload-1.3.3.jar;E:\1704A\repository\io\springfox\springfox-swagger2\2.7.0\springfox-swagger2-2.7.0.jar;E:\1704A\repository\io\swagger\swagger-annotations\1.5.13\swagger-annotations-1.5.13.jar;E:\1704A\repository\io\swagger\swagger-models\1.5.13\swagger-models-1.5.13.jar;E:\1704A\repository\io\springfox\springfox-spi\2.7.0\springfox-spi-2.7.0.jar;E:\1704A\repository\io\springfox\springfox-core\2.7.0\springfox-core-2.7.0.jar;E:\1704A\repository\io\springfox\springfox-schema\2.7.0\springfox-schema-2.7.0.jar;E:\1704A\repository\io\springfox\springfox-swagger-common\2.7.0\springfox-swagger-common-2.7.0.jar;E:\1704A\repository\io\springfox\springfox-spring-web\2.7.0\springfox-spring-web-2.7.0.jar;E:\1704A\repository\org\reflections\reflections\0.9.11\reflections-0.9.11.jar;E:\1704A\repository\com\fasterxml\classmate\1.3.4\classmate-1.3.4.jar;E:\1704A\repository\org\springframework\plugin\spring-plugin-core\1.2.0.RELEASE\spring-plugin-core-1.2.0.RELEASE.jar;E:\1704A\repository\org\springframework\plugin\spring-plugin-metadata\1.2.0.RELEASE\spring-plugin-metadata-1.2.0.RELEASE.jar;E:\1704A\repository\org\mapstruct\mapstruct\1.1.0.Final\mapstruct-1.1.0.Final.jar;E:\1704A\repository\io\springfox\springfox-swagger-ui\2.7.0\springfox-swagger-ui-2.7.0.jar;E:\1704A\hdServiceCode\nm-framework-model\target\nm-framework-model.jar;E:\1704A\repository\org\projectlombok\lombok\1.16.16\lombok-1.16.16.jar;E:\1704A\repository\org\springframework\data\spring-data-commons\2.0.6.RELEASE\spring-data-commons-2.0.6.RELEASE.jar;E:\1704A\repository\org\springframework\data\spring-data-mongodb\2.0.6.RELEASE\spring-data-mongodb-2.0.6.RELEASE.jar;E:\1704A\repository\org\springframework\spring-context\5.0.5.RELEASE\spring-context-5.0.5.RELEASE.jar;E:\1704A\repository\org\springframework\spring-expression\5.0.5.RELEASE\spring-expression-5.0.5.RELEASE.jar;E:\1704A\repository\org\mongodb\mongo-java-driver\3.6.3\mongo-java-driver-3.6.3.jar;E:\1704A\repository\org\hibernate\hibernate-core\5.2.16.Final\hibernate-core-5.2.16.Final.jar;E:\1704A\repository\org\jboss\logging\jboss-logging\3.3.2.Final\jboss-logging-3.3.2.Final.jar;E:\1704A\repository\org\hibernate\javax\persistence\hibernate-jpa-2.1-api\1.0.0.Final\hibernate-jpa-2.1-api-1.0.0.Final.jar;E:\1704A\repository\org\javassist\javassist\3.22.0-GA\javassist-3.22.0-GA.jar;E:\1704A\repository\antlr\antlr\2.7.7\antlr-2.7.7.jar;E:\1704A\repository\org\jboss\spec\javax\transaction\jboss-transaction-api_1.2_spec\1.0.1.Final\jboss-transaction-api_1.2_spec-1.0.1.Final.jar;E:\1704A\repository\org\jboss\jandex\2.0.3.Final\jandex-2.0.3.Final.jar;E:\1704A\repository\dom4j\dom4j\1.6.1\dom4j-1.6.1.jar;E:\1704A\repository\org\hibernate\common\hibernate-commons-annotations\5.0.1.Final\hibernate-commons-annotations-5.0.1.Final.jar;E:\1704A\repository\com\google\guava\guava\24.0-jre\guava-24.0-jre.jar;E:\1704A\repository\com\google\code\findbugs\jsr305\1.3.9\jsr305-1.3.9.jar;E:\1704A\repository\org\checkerframework\checker-compat-qual\2.0.0\checker-compat-qual-2.0.0.jar;E:\1704A\repository\com\google\errorprone\error_prone_annotations\2.1.3\error_prone_annotations-2.1.3.jar;E:\1704A\repository\com\google\j2objc\j2objc-annotations\1.1\j2objc-annotations-1.1.jar;E:\1704A\repository\org\codehaus\mojo\animal-sniffer-annotations\1.14\animal-sniffer-annotations-1.14.jar;E:\1704A\hdServiceCode\nm-framework-utils\target\nm-framework-utils.jar;E:\1704A\repository\javax\servlet\javax.servlet-api\3.1.0\javax.servlet-api-3.1.0.jar;E:\1704A\repository\org\springframework\boot\spring-boot-starter-logging\2.0.1.RELEASE\spring-boot-starter-logging-2.0.1.RELEASE.jar;E:\1704A\repository\ch\qos\logback\logback-classic\1.2.3\logback-classic-1.2.3.jar;E:\1704A\repository\ch\qos\logback\logback-core\1.2.3\logback-core-1.2.3.jar;E:\1704A\repository\org\apache\logging\log4j\log4j-to-slf4j\2.10.0\log4j-to-slf4j-2.10.0.jar;E:\1704A\repository\org\apache\logging\log4j\log4j-api\2.10.0\log4j-api-2.10.0.jar;E:\1704A\repository\org\slf4j\jul-to-slf4j\1.7.25\jul-to-slf4j-1.7.25.jar;E:\1704A\repository\org\apache\httpcomponents\httpclient\4.5.5\httpclient-4.5.5.jar;E:\1704A\repository\org\apache\httpcomponents\httpcore\4.4.9\httpcore-4.4.9.jar;E:\1704A\repository\commons-codec\commons-codec\1.10\commons-codec-1.10.jar;E:\1704A\repository\net\lingala\zip4j\zip4j\1.3.1\zip4j-1.3.1.jar;E:\1704A\repository\org\springframework\security\spring-security-crypto\5.0.4.RELEASE\spring-security-crypto-5.0.4.RELEASE.jar;E:\1704A\repository\org\springframework\security\spring-security-jwt\1.0.8.RELEASE\spring-security-jwt-1.0.8.RELEASE.jar;E:\1704A\repository\org\bouncycastle\bcpkix-jdk15on\1.56\bcpkix-jdk15on-1.56.jar;E:\1704A\repository\org\bouncycastle\bcprov-jdk15on\1.56\bcprov-jdk15on-1.56.jar;E:\1704A\hdServiceCode\nm-framework-common\target\nm-framework-common.jar;E:\1704A\repository\org\springframework\spring-web\5.0.5.RELEASE\spring-web-5.0.5.RELEASE.jar;E:\1704A\repository\org\springframework\boot\spring-boot-starter-web\2.0.1.RELEASE\spring-boot-starter-web-2.0.1.RELEASE.jar;E:\1704A\repository\org\springframework\boot\spring-boot-starter-json\2.0.1.RELEASE\spring-boot-starter-json-2.0.1.RELEASE.jar;E:\1704A\repository\com\fasterxml\jackson\datatype\jackson-datatype-jdk8\2.9.5\jackson-datatype-jdk8-2.9.5.jar;E:\1704A\repository\com\fasterxml\jackson\datatype\jackson-datatype-jsr310\2.9.5\jackson-datatype-jsr310-2.9.5.jar;E:\1704A\repository\com\fasterxml\jackson\module\jackson-module-parameter-names\2.9.5\jackson-module-parameter-names-2.9.5.jar;E:\1704A\repository\org\springframework\boot\spring-boot-starter-tomcat\2.0.1.RELEASE\spring-boot-starter-tomcat-2.0.1.RELEASE.jar;E:\1704A\repository\org\apache\tomcat\embed\tomcat-embed-core\8.5.28\tomcat-embed-core-8.5.28.jar;E:\1704A\repository\org\apache\tomcat\embed\tomcat-embed-el\8.5.28\tomcat-embed-el-8.5.28.jar;E:\1704A\repository\org\apache\tomcat\embed\tomcat-embed-websocket\8.5.28\tomcat-embed-websocket-8.5.28.jar;E:\1704A\repository\org\hibernate\validator\hibernate-validator\6.0.9.Final\hibernate-validator-6.0.9.Final.jar;E:\1704A\repository\javax\validation\validation-api\2.0.1.Final\validation-api-2.0.1.Final.jar;E:\1704A\repository\org\springframework\spring-webmvc\5.0.5.RELEASE\spring-webmvc-5.0.5.RELEASE.jar;E:\1704A\repository\org\springframework\spring-aop\5.0.5.RELEASE\spring-aop-5.0.5.RELEASE.jar;E:\1704A\repository\mysql\mysql-connector-java\5.1.40\mysql-connector-java-5.1.40.jar;E:\1704A\repository\com\alibaba\druid-spring-boot-starter\1.1.10\druid-spring-boot-starter-1.1.10.jar;E:\1704A\repository\com\alibaba\druid\1.1.6\druid-1.1.6.jar;E:\1704A\repository\org\slf4j\slf4j-api\1.7.25\slf4j-api-1.7.25.jar;E:\1704A\repository\org\springframework\boot\spring-boot-autoconfigure\2.0.1.RELEASE\spring-boot-autoconfigure-2.0.1.RELEASE.jar;E:\1704A\repository\org\mybatis\spring\boot\mybatis-spring-boot-starter\1.3.1\mybatis-spring-boot-starter-1.3.1.jar;E:\1704A\repository\org\springframework\boot\spring-boot-starter-jdbc\2.0.1.RELEASE\spring-boot-starter-jdbc-2.0.1.RELEASE.jar;E:\1704A\repository\com\zaxxer\HikariCP\2.7.8\HikariCP-2.7.8.jar;E:\1704A\repository\org\mybatis\spring\boot\mybatis-spring-boot-autoconfigure\1.3.1\mybatis-spring-boot-autoconfigure-1.3.1.jar;E:\1704A\repository\org\mybatis\mybatis\3.4.5\mybatis-3.4.5.jar;E:\1704A\repository\org\mybatis\mybatis-spring\1.3.1\mybatis-spring-1.3.1.jar;E:\1704A\repository\org\springframework\spring-orm\5.0.5.RELEASE\spring-orm-5.0.5.RELEASE.jar;E:\1704A\repository\org\springframework\spring-beans\5.0.5.RELEASE\spring-beans-5.0.5.RELEASE.jar;E:\1704A\repository\org\springframework\spring-core\5.0.5.RELEASE\spring-core-5.0.5.RELEASE.jar;E:\1704A\repository\org\springframework\spring-jcl\5.0.5.RELEASE\spring-jcl-5.0.5.RELEASE.jar;E:\1704A\repository\org\springframework\spring-jdbc\5.0.5.RELEASE\spring-jdbc-5.0.5.RELEASE.jar;E:\1704A\repository\org\springframework\spring-tx\5.0.5.RELEASE\spring-tx-5.0.5.RELEASE.jar;E:\1704A\repository\org\springframework\boot\spring-boot-starter-data-jpa\2.0.1.RELEASE\spring-boot-starter-data-jpa-2.0.1.RELEASE.jar;E:\1704A\repository\org\springframework\boot\spring-boot-starter-aop\2.0.1.RELEASE\spring-boot-starter-aop-2.0.1.RELEASE.jar;E:\1704A\repository\org\aspectj\aspectjweaver\1.8.13\aspectjweaver-1.8.13.jar;E:\1704A\repository\javax\transaction\javax.transaction-api\1.2\javax.transaction-api-1.2.jar;E:\1704A\repository\org\springframework\data\spring-data-jpa\2.0.6.RELEASE\spring-data-jpa-2.0.6.RELEASE.jar;E:\1704A\repository\org\springframework\spring-aspects\5.0.5.RELEASE\spring-aspects-5.0.5.RELEASE.jar;E:\1704A\repository\com\squareup\okhttp3\okhttp\3.9.1\okhttp-3.9.1.jar;E:\1704A\repository\com\squareup\okio\okio\1.13.0\okio-1.13.0.jar;E:\1704A\repository\com\alibaba\fastjson\1.2.30\fastjson-1.2.30.jar;E:\1704A\repository\commons-io\commons-io\2.6\commons-io-2.6.jar;E:\1704A\repository\org\apache\commons\commons-lang3\3.6\commons-lang3-3.6.jar;E:\1704A\repository\org\springframework\boot\spring-boot-starter-test\2.0.1.RELEASE\spring-boot-starter-test-2.0.1.RELEASE.jar;E:\1704A\repository\org\springframework\boot\spring-boot-test\2.0.1.RELEASE\spring-boot-test-2.0.1.RELEASE.jar;E:\1704A\repository\org\springframework\boot\spring-boot-test-autoconfigure\2.0.1.RELEASE\spring-boot-test-autoconfigure-2.0.1.RELEASE.jar;E:\1704A\repository\com\jayway\jsonpath\json-path\2.4.0\json-path-2.4.0.jar;E:\1704A\repository\net\minidev\json-smart\2.3\json-smart-2.3.jar;E:\1704A\repository\net\minidev\accessors-smart\1.2\accessors-smart-1.2.jar;E:\1704A\repository\org\ow2\asm\asm\5.0.4\asm-5.0.4.jar;E:\1704A\repository\junit\junit\4.12\junit-4.12.jar;E:\1704A\repository\org\assertj\assertj-core\3.9.1\assertj-core-3.9.1.jar;E:\1704A\repository\org\mockito\mockito-core\2.15.0\mockito-core-2.15.0.jar;E:\1704A\repository\net\bytebuddy\byte-buddy\1.7.11\byte-buddy-1.7.11.jar;E:\1704A\repository\net\bytebuddy\byte-buddy-agent\1.7.11\byte-buddy-agent-1.7.11.jar;E:\1704A\repository\org\objenesis\objenesis\2.6\objenesis-2.6.jar;E:\1704A\repository\org\hamcrest\hamcrest-core\1.3\hamcrest-core-1.3.jar;E:\1704A\repository\org\hamcrest\hamcrest-library\1.3\hamcrest-library-1.3.jar;E:\1704A\repository\org\skyscreamer\jsonassert\1.5.0\jsonassert-1.5.0.jar;E:\1704A\repository\com\vaadin\external\google\android-json\0.0.20131108.vaadin1\android-json-0.0.20131108.vaadin1.jar;E:\1704A\repository\org\springframework\spring-test\5.0.5.RELEASE\spring-test-5.0.5.RELEASE.jar;E:\1704A\repository\org\xmlunit\xmlunit-core\2.5.1\xmlunit-core-2.5.1.jar;E:\1704A\repository\org\springframework\cloud\spring-cloud-starter-netflix-eureka-client\2.0.1.RELEASE\spring-cloud-starter-netflix-eureka-client-2.0.1.RELEASE.jar;E:\1704A\repository\org\springframework\cloud\spring-cloud-starter\2.0.1.RELEASE\spring-cloud-starter-2.0.1.RELEASE.jar;E:\1704A\repository\org\springframework\cloud\spring-cloud-context\2.0.1.RELEASE\spring-cloud-context-2.0.1.RELEASE.jar;E:\1704A\repository\org\springframework\security\spring-security-rsa\1.0.5.RELEASE\spring-security-rsa-1.0.5.RELEASE.jar;E:\1704A\repository\org\springframework\cloud\spring-cloud-netflix-core\2.0.1.RELEASE\spring-cloud-netflix-core-2.0.1.RELEASE.jar;E:\1704A\repository\org\springframework\cloud\spring-cloud-netflix-eureka-client\2.0.1.RELEASE\spring-cloud-netflix-eureka-client-2.0.1.RELEASE.jar;E:\1704A\repository\com\netflix\eureka\eureka-client\1.9.3\eureka-client-1.9.3.jar;E:\1704A\repository\org\codehaus\jettison\jettison\1.3.7\jettison-1.3.7.jar;E:\1704A\repository\stax\stax-api\1.0.1\stax-api-1.0.1.jar;E:\1704A\repository\com\netflix\netflix-commons\netflix-eventbus\0.3.0\netflix-eventbus-0.3.0.jar;E:\1704A\repository\com\netflix\netflix-commons\netflix-infix\0.3.0\netflix-infix-0.3.0.jar;E:\1704A\repository\commons-jxpath\commons-jxpath\1.3\commons-jxpath-1.3.jar;E:\1704A\repository\joda-time\joda-time\2.9.9\joda-time-2.9.9.jar;E:\1704A\repository\org\antlr\antlr-runtime\3.4\antlr-runtime-3.4.jar;E:\1704A\repository\org\antlr\stringtemplate\3.2.1\stringtemplate-3.2.1.jar;E:\1704A\repository\com\google\code\gson\gson\2.8.2\gson-2.8.2.jar;E:\1704A\repository\org\apache\commons\commons-math\2.2\commons-math-2.2.jar;E:\1704A\repository\com\netflix\archaius\archaius-core\0.7.6\archaius-core-0.7.6.jar;E:\1704A\repository\javax\ws\rs\jsr311-api\1.1.1\jsr311-api-1.1.1.jar;E:\1704A\repository\com\netflix\servo\servo-core\0.12.21\servo-core-0.12.21.jar;E:\1704A\repository\com\sun\jersey\jersey-core\1.19.1\jersey-core-1.19.1.jar;E:\1704A\repository\com\sun\jersey\jersey-client\1.19.1\jersey-client-1.19.1.jar;E:\1704A\repository\com\sun\jersey\contribs\jersey-apache-client4\1.19.1\jersey-apache-client4-1.19.1.jar;E:\1704A\repository\com\google\inject\guice\4.1.0\guice-4.1.0.jar;E:\1704A\repository\javax\inject\javax.inject\1\javax.inject-1.jar;E:\1704A\repository\aopalliance\aopalliance\1.0\aopalliance-1.0.jar;E:\1704A\repository\com\github\vlsi\compactmap\compactmap\1.2.1\compactmap-1.2.1.jar;E:\1704A\repository\com\github\andrewoma\dexx\dexx-collections\0.2\dexx-collections-0.2.jar;E:\1704A\repository\com\fasterxml\jackson\core\jackson-core\2.9.5\jackson-core-2.9.5.jar;E:\1704A\repository\com\netflix\eureka\eureka-core\1.9.3\eureka-core-1.9.3.jar;E:\1704A\repository\org\codehaus\woodstox\woodstox-core-asl\4.4.1\woodstox-core-asl-4.4.1.jar;E:\1704A\repository\javax\xml\stream\stax-api\1.0-2\stax-api-1.0-2.jar;E:\1704A\repository\org\codehaus\woodstox\stax2-api\3.1.4\stax2-api-3.1.4.jar;E:\1704A\repository\org\springframework\cloud\spring-cloud-starter-netflix-archaius\2.0.1.RELEASE\spring-cloud-starter-netflix-archaius-2.0.1.RELEASE.jar;E:\1704A\repository\org\springframework\cloud\spring-cloud-netflix-ribbon\2.0.1.RELEASE\spring-cloud-netflix-ribbon-2.0.1.RELEASE.jar;E:\1704A\repository\org\springframework\cloud\spring-cloud-netflix-archaius\2.0.1.RELEASE\spring-cloud-netflix-archaius-2.0.1.RELEASE.jar;E:\1704A\repository\commons-configuration\commons-configuration\1.8\commons-configuration-1.8.jar;E:\1704A\repository\commons-lang\commons-lang\2.6\commons-lang-2.6.jar;E:\1704A\repository\org\springframework\cloud\spring-cloud-starter-netflix-ribbon\2.0.1.RELEASE\spring-cloud-starter-netflix-ribbon-2.0.1.RELEASE.jar;E:\1704A\repository\com\netflix\ribbon\ribbon\2.2.5\ribbon-2.2.5.jar;E:\1704A\repository\com\netflix\ribbon\ribbon-transport\2.2.5\ribbon-transport-2.2.5.jar;E:\1704A\repository\io\reactivex\rxnetty-contexts\0.4.9\rxnetty-contexts-0.4.9.jar;E:\1704A\repository\io\reactivex\rxnetty-servo\0.4.9\rxnetty-servo-0.4.9.jar;E:\1704A\repository\io\reactivex\rxnetty\0.4.9\rxnetty-0.4.9.jar;E:\1704A\repository\io\netty\netty-codec-http\4.1.23.Final\netty-codec-http-4.1.23.Final.jar;E:\1704A\repository\io\netty\netty-codec\4.1.23.Final\netty-codec-4.1.23.Final.jar;E:\1704A\repository\io\netty\netty-transport-native-epoll\4.1.23.Final\netty-transport-native-epoll-4.1.23.Final.jar;E:\1704A\repository\io\netty\netty-common\4.1.23.Final\netty-common-4.1.23.Final.jar;E:\1704A\repository\io\netty\netty-buffer\4.1.23.Final\netty-buffer-4.1.23.Final.jar;E:\1704A\repository\io\netty\netty-transport-native-unix-common\4.1.23.Final\netty-transport-native-unix-common-4.1.23.Final.jar;E:\1704A\repository\io\netty\netty-transport\4.1.23.Final\netty-transport-4.1.23.Final.jar;E:\1704A\repository\io\netty\netty-resolver\4.1.23.Final\netty-resolver-4.1.23.Final.jar;E:\1704A\repository\com\netflix\ribbon\ribbon-core\2.2.5\ribbon-core-2.2.5.jar;E:\1704A\repository\com\netflix\ribbon\ribbon-httpclient\2.2.5\ribbon-httpclient-2.2.5.jar;E:\1704A\repository\commons-collections\commons-collections\3.2.2\commons-collections-3.2.2.jar;E:\1704A\repository\com\netflix\netflix-commons\netflix-commons-util\0.3.0\netflix-commons-util-0.3.0.jar;E:\1704A\repository\com\netflix\ribbon\ribbon-loadbalancer\2.2.5\ribbon-loadbalancer-2.2.5.jar;E:\1704A\repository\com\netflix\netflix-commons\netflix-statistics\0.1.1\netflix-statistics-0.1.1.jar;E:\1704A\repository\io\reactivex\rxjava\1.3.8\rxjava-1.3.8.jar;E:\1704A\repository\com\netflix\ribbon\ribbon-eureka\2.2.5\ribbon-eureka-2.2.5.jar;E:\1704A\repository\com\thoughtworks\xstream\xstream\1.4.10\xstream-1.4.10.jar;E:\1704A\repository\xmlpull\xmlpull\1.1.3.1\xmlpull-1.1.3.1.jar;E:\1704A\repository\xpp3\xpp3_min\1.1.4c\xpp3_min-1.1.4c.jar;E:\1704A\repository\org\springframework\cloud\spring-cloud-starter-openfeign\2.0.1.RELEASE\spring-cloud-starter-openfeign-2.0.1.RELEASE.jar;E:\1704A\repository\org\springframework\cloud\spring-cloud-openfeign-core\2.0.1.RELEASE\spring-cloud-openfeign-core-2.0.1.RELEASE.jar;E:\1704A\repository\org\springframework\cloud\spring-cloud-commons\2.0.1.RELEASE\spring-cloud-commons-2.0.1.RELEASE.jar;E:\1704A\repository\io\github\openfeign\feign-core\9.5.1\feign-core-9.5.1.jar;E:\1704A\repository\io\github\openfeign\feign-slf4j\9.5.1\feign-slf4j-9.5.1.jar;E:\1704A\repository\io\github\openfeign\feign-hystrix\9.5.1\feign-hystrix-9.5.1.jar;E:\1704A\repository\com\netflix\hystrix\hystrix-core\1.5.12\hystrix-core-1.5.12.jar;E:\1704A\repository\org\hdrhistogram\HdrHistogram\2.1.9\HdrHistogram-2.1.9.jar;E:\1704A\repository\io\github\openfeign\feign-java8\9.5.1\feign-java8-9.5.1.jar;E:\1704A\repository\com\netflix\feign\feign-okhttp\8.18.0\feign-okhttp-8.18.0.jar;E:\1704A\repository\com\netflix\feign\feign-core\8.18.0\feign-core-8.18.0.jar;E:\1704A\repository\org\jvnet\animal-sniffer-annotation\1.0\animal-sniffer-annotation-1.0.jar;, java.specification.name=Java Platform API Specification, java.class.version=52.0, sun.management.compiler=HotSpot 64-Bit Tiered Compilers, maven.repo.local=E:\1704A\repository, os.version=10.0, user.home=C:\Users\wangb, user.timezone=Asia/Shanghai, java.awt.printerjob=sun.awt.windows.WPrinterJob, file.encoding=GBK, java.specification.version=1.8, java.class.path=E:\1704A\hdServiceCode\nm-service-manage-course\target\test-classes;E:\1704A\hdServiceCode\nm-service-manage-course\target\classes;E:\1704A\repository\org\springframework\cloud\spring-cloud-starter-oauth2\2.0.0.RELEASE\spring-cloud-starter-oauth2-2.0.0.RELEASE.jar;E:\1704A\repository\org\springframework\cloud\spring-cloud-starter-security\2.0.0.RELEASE\spring-cloud-starter-security-2.0.0.RELEASE.jar;E:\1704A\repository\org\springframework\boot\spring-boot-starter-actuator\2.0.1.RELEASE\spring-boot-starter-actuator-2.0.1.RELEASE.jar;E:\1704A\repository\org\springframework\boot\spring-boot-actuator-autoconfigure\2.0.1.RELEASE\spring-boot-actuator-autoconfigure-2.0.1.RELEASE.jar;E:\1704A\repository\org\springframework\boot\spring-boot-actuator\2.0.1.RELEASE\spring-boot-actuator-2.0.1.RELEASE.jar;E:\1704A\repository\io\micrometer\micrometer-core\1.0.3\micrometer-core-1.0.3.jar;E:\1704A\repository\org\latencyutils\LatencyUtils\2.0.3\LatencyUtils-2.0.3.jar;E:\1704A\repository\org\springframework\cloud\spring-cloud-security\2.0.0.RELEASE\spring-cloud-security-2.0.0.RELEASE.jar;E:\1704A\repository\org\springframework\boot\spring-boot-starter-security\2.0.1.RELEASE\spring-boot-starter-security-2.0.1.RELEASE.jar;E:\1704A\repository\org\springframework\security\oauth\boot\spring-security-oauth2-autoconfigure\2.0.0.RELEASE\spring-security-oauth2-autoconfigure-2.0.0.RELEASE.jar;E:\1704A\repository\com\fasterxml\jackson\core\jackson-annotations\2.9.0\jackson-annotations-2.9.0.jar;E:\1704A\repository\com\fasterxml\jackson\core\jackson-databind\2.9.5\jackson-databind-2.9.5.jar;E:\1704A\repository\org\springframework\boot\spring-boot\2.0.1.RELEASE\spring-boot-2.0.1.RELEASE.jar;E:\1704A\repository\org\springframework\security\oauth\spring-security-oauth2\2.2.1.RELEASE\spring-security-oauth2-2.2.1.RELEASE.jar;E:\1704A\repository\org\springframework\security\spring-security-core\5.0.4.RELEASE\spring-security-core-5.0.4.RELEASE.jar;E:\1704A\repository\org\springframework\security\spring-security-config\5.0.4.RELEASE\spring-security-config-5.0.4.RELEASE.jar;E:\1704A\repository\org\springframework\security\spring-security-web\5.0.4.RELEASE\spring-security-web-5.0.4.RELEASE.jar;E:\1704A\repository\org\codehaus\jackson\jackson-mapper-asl\1.9.13\jackson-mapper-asl-1.9.13.jar;E:\1704A\repository\org\codehaus\jackson\jackson-core-asl\1.9.13\jackson-core-asl-1.9.13.jar;E:\1704A\repository\com\github\pagehelper\pagehelper-spring-boot-starter\1.2.4\pagehelper-spring-boot-starter-1.2.4.jar;E:\1704A\repository\org\springframework\boot\spring-boot-starter\2.0.1.RELEASE\spring-boot-starter-2.0.1.RELEASE.jar;E:\1704A\repository\javax\annotation\javax.annotation-api\1.3.2\javax.annotation-api-1.3.2.jar;E:\1704A\repository\org\yaml\snakeyaml\1.19\snakeyaml-1.19.jar;E:\1704A\repository\com\github\pagehelper\pagehelper-spring-boot-autoconfigure\1.2.4\pagehelper-spring-boot-autoconfigure-1.2.4.jar;E:\1704A\repository\com\github\pagehelper\pagehelper\5.1.3\pagehelper-5.1.3.jar;E:\1704A\repository\com\github\jsqlparser\jsqlparser\1.0\jsqlparser-1.0.jar;E:\1704A\hdServiceCode\nm-service-api\target\nm-service-api.jar;E:\1704A\repository\commons-fileupload\commons-fileupload\1.3.3\commons-fileupload-1.3.3.jar;E:\1704A\repository\io\springfox\springfox-swagger2\2.7.0\springfox-swagger2-2.7.0.jar;E:\1704A\repository\io\swagger\swagger-annotations\1.5.13\swagger-annotations-1.5.13.jar;E:\1704A\repository\io\swagger\swagger-models\1.5.13\swagger-models-1.5.13.jar;E:\1704A\repository\io\springfox\springfox-spi\2.7.0\springfox-spi-2.7.0.jar;E:\1704A\repository\io\springfox\springfox-core\2.7.0\springfox-core-2.7.0.jar;E:\1704A\repository\io\springfox\springfox-schema\2.7.0\springfox-schema-2.7.0.jar;E:\1704A\repository\io\springfox\springfox-swagger-common\2.7.0\springfox-swagger-common-2.7.0.jar;E:\1704A\repository\io\springfox\springfox-spring-web\2.7.0\springfox-spring-web-2.7.0.jar;E:\1704A\repository\org\reflections\reflections\0.9.11\reflections-0.9.11.jar;E:\1704A\repository\com\fasterxml\classmate\1.3.4\classmate-1.3.4.jar;E:\1704A\repository\org\springframework\plugin\spring-plugin-core\1.2.0.RELEASE\spring-plugin-core-1.2.0.RELEASE.jar;E:\1704A\repository\org\springframework\plugin\spring-plugin-metadata\1.2.0.RELEASE\spring-plugin-metadata-1.2.0.RELEASE.jar;E:\1704A\repository\org\mapstruct\mapstruct\1.1.0.Final\mapstruct-1.1.0.Final.jar;E:\1704A\repository\io\springfox\springfox-swagger-ui\2.7.0\springfox-swagger-ui-2.7.0.jar;E:\1704A\hdServiceCode\nm-framework-model\target\nm-framework-model.jar;E:\1704A\repository\org\projectlombok\lombok\1.16.16\lombok-1.16.16.jar;E:\1704A\repository\org\springframework\data\spring-data-commons\2.0.6.RELEASE\spring-data-commons-2.0.6.RELEASE.jar;E:\1704A\repository\org\springframework\data\spring-data-mongodb\2.0.6.RELEASE\spring-data-mongodb-2.0.6.RELEASE.jar;E:\1704A\repository\org\springframework\spring-context\5.0.5.RELEASE\spring-context-5.0.5.RELEASE.jar;E:\1704A\repository\org\springframework\spring-expression\5.0.5.RELEASE\spring-expression-5.0.5.RELEASE.jar;E:\1704A\repository\org\mongodb\mongo-java-driver\3.6.3\mongo-java-driver-3.6.3.jar;E:\1704A\repository\org\hibernate\hibernate-core\5.2.16.Final\hibernate-core-5.2.16.Final.jar;E:\1704A\repository\org\jboss\logging\jboss-logging\3.3.2.Final\jboss-logging-3.3.2.Final.jar;E:\1704A\repository\org\hibernate\javax\persistence\hibernate-jpa-2.1-api\1.0.0.Final\hibernate-jpa-2.1-api-1.0.0.Final.jar;E:\1704A\repository\org\javassist\javassist\3.22.0-GA\javassist-3.22.0-GA.jar;E:\1704A\repository\antlr\antlr\2.7.7\antlr-2.7.7.jar;E:\1704A\repository\org\jboss\spec\javax\transaction\jboss-transaction-api_1.2_spec\1.0.1.Final\jboss-transaction-api_1.2_spec-1.0.1.Final.jar;E:\1704A\repository\org\jboss\jandex\2.0.3.Final\jandex-2.0.3.Final.jar;E:\1704A\repository\dom4j\dom4j\1.6.1\dom4j-1.6.1.jar;E:\1704A\repository\org\hibernate\common\hibernate-commons-annotations\5.0.1.Final\hibernate-commons-annotations-5.0.1.Final.jar;E:\1704A\repository\com\google\guava\guava\24.0-jre\guava-24.0-jre.jar;E:\1704A\repository\com\google\code\findbugs\jsr305\1.3.9\jsr305-1.3.9.jar;E:\1704A\repository\org\checkerframework\checker-compat-qual\2.0.0\checker-compat-qual-2.0.0.jar;E:\1704A\repository\com\google\errorprone\error_prone_annotations\2.1.3\error_prone_annotations-2.1.3.jar;E:\1704A\repository\com\google\j2objc\j2objc-annotations\1.1\j2objc-annotations-1.1.jar;E:\1704A\repository\org\codehaus\mojo\animal-sniffer-annotations\1.14\animal-sniffer-annotations-1.14.jar;E:\1704A\hdServiceCode\nm-framework-utils\target\nm-framework-utils.jar;E:\1704A\repository\javax\servlet\javax.servlet-api\3.1.0\javax.servlet-api-3.1.0.jar;E:\1704A\repository\org\springframework\boot\spring-boot-starter-logging\2.0.1.RELEASE\spring-boot-starter-logging-2.0.1.RELEASE.jar;E:\1704A\repository\ch\qos\logback\logback-classic\1.2.3\logback-classic-1.2.3.jar;E:\1704A\repository\ch\qos\logback\logback-core\1.2.3\logback-core-1.2.3.jar;E:\1704A\repository\org\apache\logging\log4j\log4j-to-slf4j\2.10.0\log4j-to-slf4j-2.10.0.jar;E:\1704A\repository\org\apache\logging\log4j\log4j-api\2.10.0\log4j-api-2.10.0.jar;E:\1704A\repository\org\slf4j\jul-to-slf4j\1.7.25\jul-to-slf4j-1.7.25.jar;E:\1704A\repository\org\apache\httpcomponents\httpclient\4.5.5\httpclient-4.5.5.jar;E:\1704A\repository\org\apache\httpcomponents\httpcore\4.4.9\httpcore-4.4.9.jar;E:\1704A\repository\commons-codec\commons-codec\1.10\commons-codec-1.10.jar;E:\1704A\repository\net\lingala\zip4j\zip4j\1.3.1\zip4j-1.3.1.jar;E:\1704A\repository\org\springframework\security\spring-security-crypto\5.0.4.RELEASE\spring-security-crypto-5.0.4.RELEASE.jar;E:\1704A\repository\org\springframework\security\spring-security-jwt\1.0.8.RELEASE\spring-security-jwt-1.0.8.RELEASE.jar;E:\1704A\repository\org\bouncycastle\bcpkix-jdk15on\1.56\bcpkix-jdk15on-1.56.jar;E:\1704A\repository\org\bouncycastle\bcprov-jdk15on\1.56\bcprov-jdk15on-1.56.jar;E:\1704A\hdServiceCode\nm-framework-common\target\nm-framework-common.jar;E:\1704A\repository\org\springframework\spring-web\5.0.5.RELEASE\spring-web-5.0.5.RELEASE.jar;E:\1704A\repository\org\springframework\boot\spring-boot-starter-web\2.0.1.RELEASE\spring-boot-starter-web-2.0.1.RELEASE.jar;E:\1704A\repository\org\springframework\boot\spring-boot-starter-json\2.0.1.RELEASE\spring-boot-starter-json-2.0.1.RELEASE.jar;E:\1704A\repository\com\fasterxml\jackson\datatype\jackson-datatype-jdk8\2.9.5\jackson-datatype-jdk8-2.9.5.jar;E:\1704A\repository\com\fasterxml\jackson\datatype\jackson-datatype-jsr310\2.9.5\jackson-datatype-jsr310-2.9.5.jar;E:\1704A\repository\com\fasterxml\jackson\module\jackson-module-parameter-names\2.9.5\jackson-module-parameter-names-2.9.5.jar;E:\1704A\repository\org\springframework\boot\spring-boot-starter-tomcat\2.0.1.RELEASE\spring-boot-starter-tomcat-2.0.1.RELEASE.jar;E:\1704A\repository\org\apache\tomcat\embed\tomcat-embed-core\8.5.28\tomcat-embed-core-8.5.28.jar;E:\1704A\repository\org\apache\tomcat\embed\tomcat-embed-el\8.5.28\tomcat-embed-el-8.5.28.jar;E:\1704A\repository\org\apache\tomcat\embed\tomcat-embed-websocket\8.5.28\tomcat-embed-websocket-8.5.28.jar;E:\1704A\repository\org\hibernate\validator\hibernate-validator\6.0.9.Final\hibernate-validator-6.0.9.Final.jar;E:\1704A\repository\javax\validation\validation-api\2.0.1.Final\validation-api-2.0.1.Final.jar;E:\1704A\repository\org\springframework\spring-webmvc\5.0.5.RELEASE\spring-webmvc-5.0.5.RELEASE.jar;E:\1704A\repository\org\springframework\spring-aop\5.0.5.RELEASE\spring-aop-5.0.5.RELEASE.jar;E:\1704A\repository\mysql\mysql-connector-java\5.1.40\mysql-connector-java-5.1.40.jar;E:\1704A\repository\com\alibaba\druid-spring-boot-starter\1.1.10\druid-spring-boot-starter-1.1.10.jar;E:\1704A\repository\com\alibaba\druid\1.1.6\druid-1.1.6.jar;E:\1704A\repository\org\slf4j\slf4j-api\1.7.25\slf4j-api-1.7.25.jar;E:\1704A\repository\org\springframework\boot\spring-boot-autoconfigure\2.0.1.RELEASE\spring-boot-autoconfigure-2.0.1.RELEASE.jar;E:\1704A\repository\org\mybatis\spring\boot\mybatis-spring-boot-starter\1.3.1\mybatis-spring-boot-starter-1.3.1.jar;E:\1704A\repository\org\springframework\boot\spring-boot-starter-jdbc\2.0.1.RELEASE\spring-boot-starter-jdbc-2.0.1.RELEASE.jar;E:\1704A\repository\com\zaxxer\HikariCP\2.7.8\HikariCP-2.7.8.jar;E:\1704A\repository\org\mybatis\spring\boot\mybatis-spring-boot-autoconfigure\1.3.1\mybatis-spring-boot-autoconfigure-1.3.1.jar;E:\1704A\repository\org\mybatis\mybatis\3.4.5\mybatis-3.4.5.jar;E:\1704A\repository\org\mybatis\mybatis-spring\1.3.1\mybatis-spring-1.3.1.jar;E:\1704A\repository\org\springframework\spring-orm\5.0.5.RELEASE\spring-orm-5.0.5.RELEASE.jar;E:\1704A\repository\org\springframework\spring-beans\5.0.5.RELEASE\spring-beans-5.0.5.RELEASE.jar;E:\1704A\repository\org\springframework\spring-core\5.0.5.RELEASE\spring-core-5.0.5.RELEASE.jar;E:\1704A\repository\org\springframework\spring-jcl\5.0.5.RELEASE\spring-jcl-5.0.5.RELEASE.jar;E:\1704A\repository\org\springframework\spring-jdbc\5.0.5.RELEASE\spring-jdbc-5.0.5.RELEASE.jar;E:\1704A\repository\org\springframework\spring-tx\5.0.5.RELEASE\spring-tx-5.0.5.RELEASE.jar;E:\1704A\repository\org\springframework\boot\spring-boot-starter-data-jpa\2.0.1.RELEASE\spring-boot-starter-data-jpa-2.0.1.RELEASE.jar;E:\1704A\repository\org\springframework\boot\spring-boot-starter-aop\2.0.1.RELEASE\spring-boot-starter-aop-2.0.1.RELEASE.jar;E:\1704A\repository\org\aspectj\aspectjweaver\1.8.13\aspectjweaver-1.8.13.jar;E:\1704A\repository\javax\transaction\javax.transaction-api\1.2\javax.transaction-api-1.2.jar;E:\1704A\repository\org\springframework\data\spring-data-jpa\2.0.6.RELEASE\spring-data-jpa-2.0.6.RELEASE.jar;E:\1704A\repository\org\springframework\spring-aspects\5.0.5.RELEASE\spring-aspects-5.0.5.RELEASE.jar;E:\1704A\repository\com\squareup\okhttp3\okhttp\3.9.1\okhttp-3.9.1.jar;E:\1704A\repository\com\squareup\okio\okio\1.13.0\okio-1.13.0.jar;E:\1704A\repository\com\alibaba\fastjson\1.2.30\fastjson-1.2.30.jar;E:\1704A\repository\commons-io\commons-io\2.6\commons-io-2.6.jar;E:\1704A\repository\org\apache\commons\commons-lang3\3.6\commons-lang3-3.6.jar;E:\1704A\repository\org\springframework\boot\spring-boot-starter-test\2.0.1.RELEASE\spring-boot-starter-test-2.0.1.RELEASE.jar;E:\1704A\repository\org\springframework\boot\spring-boot-test\2.0.1.RELEASE\spring-boot-test-2.0.1.RELEASE.jar;E:\1704A\repository\org\springframework\boot\spring-boot-test-autoconfigure\2.0.1.RELEASE\spring-boot-test-autoconfigure-2.0.1.RELEASE.jar;E:\1704A\repository\com\jayway\jsonpath\json-path\2.4.0\json-path-2.4.0.jar;E:\1704A\repository\net\minidev\json-smart\2.3\json-smart-2.3.jar;E:\1704A\repository\net\minidev\accessors-smart\1.2\accessors-smart-1.2.jar;E:\1704A\repository\org\ow2\asm\asm\5.0.4\asm-5.0.4.jar;E:\1704A\repository\junit\junit\4.12\junit-4.12.jar;E:\1704A\repository\org\assertj\assertj-core\3.9.1\assertj-core-3.9.1.jar;E:\1704A\repository\org\mockito\mockito-core\2.15.0\mockito-core-2.15.0.jar;E:\1704A\repository\net\bytebuddy\byte-buddy\1.7.11\byte-buddy-1.7.11.jar;E:\1704A\repository\net\bytebuddy\byte-buddy-agent\1.7.11\byte-buddy-agent-1.7.11.jar;E:\1704A\repository\org\objenesis\objenesis\2.6\objenesis-2.6.jar;E:\1704A\repository\org\hamcrest\hamcrest-core\1.3\hamcrest-core-1.3.jar;E:\1704A\repository\org\hamcrest\hamcrest-library\1.3\hamcrest-library-1.3.jar;E:\1704A\repository\org\skyscreamer\jsonassert\1.5.0\jsonassert-1.5.0.jar;E:\1704A\repository\com\vaadin\external\google\android-json\0.0.20131108.vaadin1\android-json-0.0.20131108.vaadin1.jar;E:\1704A\repository\org\springframework\spring-test\5.0.5.RELEASE\spring-test-5.0.5.RELEASE.jar;E:\1704A\repository\org\xmlunit\xmlunit-core\2.5.1\xmlunit-core-2.5.1.jar;E:\1704A\repository\org\springframework\cloud\spring-cloud-starter-netflix-eureka-client\2.0.1.RELEASE\spring-cloud-starter-netflix-eureka-client-2.0.1.RELEASE.jar;E:\1704A\repository\org\springframework\cloud\spring-cloud-starter\2.0.1.RELEASE\spring-cloud-starter-2.0.1.RELEASE.jar;E:\1704A\repository\org\springframework\cloud\spring-cloud-context\2.0.1.RELEASE\spring-cloud-context-2.0.1.RELEASE.jar;E:\1704A\repository\org\springframework\security\spring-security-rsa\1.0.5.RELEASE\spring-security-rsa-1.0.5.RELEASE.jar;E:\1704A\repository\org\springframework\cloud\spring-cloud-netflix-core\2.0.1.RELEASE\spring-cloud-netflix-core-2.0.1.RELEASE.jar;E:\1704A\repository\org\springframework\cloud\spring-cloud-netflix-eureka-client\2.0.1.RELEASE\spring-cloud-netflix-eureka-client-2.0.1.RELEASE.jar;E:\1704A\repository\com\netflix\eureka\eureka-client\1.9.3\eureka-client-1.9.3.jar;E:\1704A\repository\org\codehaus\jettison\jettison\1.3.7\jettison-1.3.7.jar;E:\1704A\repository\stax\stax-api\1.0.1\stax-api-1.0.1.jar;E:\1704A\repository\com\netflix\netflix-commons\netflix-eventbus\0.3.0\netflix-eventbus-0.3.0.jar;E:\1704A\repository\com\netflix\netflix-commons\netflix-infix\0.3.0\netflix-infix-0.3.0.jar;E:\1704A\repository\commons-jxpath\commons-jxpath\1.3\commons-jxpath-1.3.jar;E:\1704A\repository\joda-time\joda-time\2.9.9\joda-time-2.9.9.jar;E:\1704A\repository\org\antlr\antlr-runtime\3.4\antlr-runtime-3.4.jar;E:\1704A\repository\org\antlr\stringtemplate\3.2.1\stringtemplate-3.2.1.jar;E:\1704A\repository\com\google\code\gson\gson\2.8.2\gson-2.8.2.jar;E:\1704A\repository\org\apache\commons\commons-math\2.2\commons-math-2.2.jar;E:\1704A\repository\com\netflix\archaius\archaius-core\0.7.6\archaius-core-0.7.6.jar;E:\1704A\repository\javax\ws\rs\jsr311-api\1.1.1\jsr311-api-1.1.1.jar;E:\1704A\repository\com\netflix\servo\servo-core\0.12.21\servo-core-0.12.21.jar;E:\1704A\repository\com\sun\jersey\jersey-core\1.19.1\jersey-core-1.19.1.jar;E:\1704A\repository\com\sun\jersey\jersey-client\1.19.1\jersey-client-1.19.1.jar;E:\1704A\repository\com\sun\jersey\contribs\jersey-apache-client4\1.19.1\jersey-apache-client4-1.19.1.jar;E:\1704A\repository\com\google\inject\guice\4.1.0\guice-4.1.0.jar;E:\1704A\repository\javax\inject\javax.inject\1\javax.inject-1.jar;E:\1704A\repository\aopalliance\aopalliance\1.0\aopalliance-1.0.jar;E:\1704A\repository\com\github\vlsi\compactmap\compactmap\1.2.1\compactmap-1.2.1.jar;E:\1704A\repository\com\github\andrewoma\dexx\dexx-collections\0.2\dexx-collections-0.2.jar;E:\1704A\repository\com\fasterxml\jackson\core\jackson-core\2.9.5\jackson-core-2.9.5.jar;E:\1704A\repository\com\netflix\eureka\eureka-core\1.9.3\eureka-core-1.9.3.jar;E:\1704A\repository\org\codehaus\woodstox\woodstox-core-asl\4.4.1\woodstox-core-asl-4.4.1.jar;E:\1704A\repository\javax\xml\stream\stax-api\1.0-2\stax-api-1.0-2.jar;E:\1704A\repository\org\codehaus\woodstox\stax2-api\3.1.4\stax2-api-3.1.4.jar;E:\1704A\repository\org\springframework\cloud\spring-cloud-starter-netflix-archaius\2.0.1.RELEASE\spring-cloud-starter-netflix-archaius-2.0.1.RELEASE.jar;E:\1704A\repository\org\springframework\cloud\spring-cloud-netflix-ribbon\2.0.1.RELEASE\spring-cloud-netflix-ribbon-2.0.1.RELEASE.jar;E:\1704A\repository\org\springframework\cloud\spring-cloud-netflix-archaius\2.0.1.RELEASE\spring-cloud-netflix-archaius-2.0.1.RELEASE.jar;E:\1704A\repository\commons-configuration\commons-configuration\1.8\commons-configuration-1.8.jar;E:\1704A\repository\commons-lang\commons-lang\2.6\commons-lang-2.6.jar;E:\1704A\repository\org\springframework\cloud\spring-cloud-starter-netflix-ribbon\2.0.1.RELEASE\spring-cloud-starter-netflix-ribbon-2.0.1.RELEASE.jar;E:\1704A\repository\com\netflix\ribbon\ribbon\2.2.5\ribbon-2.2.5.jar;E:\1704A\repository\com\netflix\ribbon\ribbon-transport\2.2.5\ribbon-transport-2.2.5.jar;E:\1704A\repository\io\reactivex\rxnetty-contexts\0.4.9\rxnetty-contexts-0.4.9.jar;E:\1704A\repository\io\reactivex\rxnetty-servo\0.4.9\rxnetty-servo-0.4.9.jar;E:\1704A\repository\io\reactivex\rxnetty\0.4.9\rxnetty-0.4.9.jar;E:\1704A\repository\io\netty\netty-codec-http\4.1.23.Final\netty-codec-http-4.1.23.Final.jar;E:\1704A\repository\io\netty\netty-codec\4.1.23.Final\netty-codec-4.1.23.Final.jar;E:\1704A\repository\io\netty\netty-transport-native-epoll\4.1.23.Final\netty-transport-native-epoll-4.1.23.Final.jar;E:\1704A\repository\io\netty\netty-common\4.1.23.Final\netty-common-4.1.23.Final.jar;E:\1704A\repository\io\netty\netty-buffer\4.1.23.Final\netty-buffer-4.1.23.Final.jar;E:\1704A\repository\io\netty\netty-transport-native-unix-common\4.1.23.Final\netty-transport-native-unix-common-4.1.23.Final.jar;E:\1704A\repository\io\netty\netty-transport\4.1.23.Final\netty-transport-4.1.23.Final.jar;E:\1704A\repository\io\netty\netty-resolver\4.1.23.Final\netty-resolver-4.1.23.Final.jar;E:\1704A\repository\com\netflix\ribbon\ribbon-core\2.2.5\ribbon-core-2.2.5.jar;E:\1704A\repository\com\netflix\ribbon\ribbon-httpclient\2.2.5\ribbon-httpclient-2.2.5.jar;E:\1704A\repository\commons-collections\commons-collections\3.2.2\commons-collections-3.2.2.jar;E:\1704A\repository\com\netflix\netflix-commons\netflix-commons-util\0.3.0\netflix-commons-util-0.3.0.jar;E:\1704A\repository\com\netflix\ribbon\ribbon-loadbalancer\2.2.5\ribbon-loadbalancer-2.2.5.jar;E:\1704A\repository\com\netflix\netflix-commons\netflix-statistics\0.1.1\netflix-statistics-0.1.1.jar;E:\1704A\repository\io\reactivex\rxjava\1.3.8\rxjava-1.3.8.jar;E:\1704A\repository\com\netflix\ribbon\ribbon-eureka\2.2.5\ribbon-eureka-2.2.5.jar;E:\1704A\repository\com\thoughtworks\xstream\xstream\1.4.10\xstream-1.4.10.jar;E:\1704A\repository\xmlpull\xmlpull\1.1.3.1\xmlpull-1.1.3.1.jar;E:\1704A\repository\xpp3\xpp3_min\1.1.4c\xpp3_min-1.1.4c.jar;E:\1704A\repository\org\springframework\cloud\spring-cloud-starter-openfeign\2.0.1.RELEASE\spring-cloud-starter-openfeign-2.0.1.RELEASE.jar;E:\1704A\repository\org\springframework\cloud\spring-cloud-openfeign-core\2.0.1.RELEASE\spring-cloud-openfeign-core-2.0.1.RELEASE.jar;E:\1704A\repository\org\springframework\cloud\spring-cloud-commons\2.0.1.RELEASE\spring-cloud-commons-2.0.1.RELEASE.jar;E:\1704A\repository\io\github\openfeign\feign-core\9.5.1\feign-core-9.5.1.jar;E:\1704A\repository\io\github\openfeign\feign-slf4j\9.5.1\feign-slf4j-9.5.1.jar;E:\1704A\repository\io\github\openfeign\feign-hystrix\9.5.1\feign-hystrix-9.5.1.jar;E:\1704A\repository\com\netflix\hystrix\hystrix-core\1.5.12\hystrix-core-1.5.12.jar;E:\1704A\repository\org\hdrhistogram\HdrHistogram\2.1.9\HdrHistogram-2.1.9.jar;E:\1704A\repository\io\github\openfeign\feign-java8\9.5.1\feign-java8-9.5.1.jar;E:\1704A\repository\com\netflix\feign\feign-okhttp\8.18.0\feign-okhttp-8.18.0.jar;E:\1704A\repository\com\netflix\feign\feign-core\8.18.0\feign-core-8.18.0.jar;E:\1704A\repository\org\jvnet\animal-sniffer-annotation\1.0\animal-sniffer-annotation-1.0.jar;, user.name=wangb, java.vm.specification.version=1.8, sun.java.command=C:\Users\wangb\AppData\Local\Temp\surefire5324342515423551962\surefirebooter5243460830507094447.jar C:\Users\wangb\AppData\Local\Temp\surefire5324342515423551962 2020-03-14T21-55-45_030-jvmRun1 surefire1707916640353451280tmp surefire_17945900769613902388tmp, java.home=C:\Program Files\Java\jdk1.8.0_91\jre, sun.arch.data.model=64, user.language=zh, java.specification.vendor=Oracle Corporation, awt.toolkit=sun.awt.windows.WToolkit, java.vm.info=mixed mode, java.version=1.8.0_91, java.ext.dirs=C:\Program Files\Java\jdk1.8.0_91\jre\lib\ext;C:\WINDOWS\Sun\Java\lib\ext, sun.boot.class.path=C:\Program Files\Java\jdk1.8.0_91\jre\lib\resources.jar;C:\Program Files\Java\jdk1.8.0_91\jre\lib\rt.jar;C:\Program Files\Java\jdk1.8.0_91\jre\lib\sunrsasign.jar;C:\Program Files\Java\jdk1.8.0_91\jre\lib\jsse.jar;C:\Program Files\Java\jdk1.8.0_91\jre\lib\jce.jar;C:\Program Files\Java\jdk1.8.0_91\jre\lib\charsets.jar;C:\Program Files\Java\jdk1.8.0_91\jre\lib\jfr.jar;C:\Program Files\Java\jdk1.8.0_91\jre\classes, java.awt.headless=true, java.vendor=Oracle Corporation, localRepository=E:\1704A\repository, file.separator=\, java.vendor.url.bug=http://bugreport.sun.com/bugreport/, sun.io.unicode.encoding=UnicodeLittle, sun.cpu.endian=little, sun.desktop=windows, sun.cpu.isalist=amd64}}, SystemEnvironmentPropertySource@1551430742 {name='systemEnvironment', properties={PATH=E:\app\wangb\product\11.2.0\dbhome_1\bin;E:\maven\apache-maven-3.6.1\bin;C:\Program Files\Java\jdk1.8.0_91\bin;C:\Program Files (x86)\Intel\iCLS Client\;C:\Program Files\Intel\iCLS Client\;C:\Windows\system32;C:\Windows;C:\Windows\System32\Wbem;C:\Windows\System32\WindowsPowerShell\v1.0\;C:\Program Files (x86)\NVIDIA Corporation\PhysX\Common;C:\Program Files (x86)\Intel\Intel(R) Management Engine Components\DAL;C:\Program Files\Intel\Intel(R) Management Engine Components\DAL;C:\Program Files (x86)\Intel\Intel(R) Management Engine Components\IPT;C:\Program Files\Intel\Intel(R) Management Engine Components\IPT;C:\WINDOWS\system32;C:\WINDOWS;C:\WINDOWS\System32\Wbem;C:\WINDOWS\System32\WindowsPowerShell\v1.0\;C:\WINDOWS\System32\OpenSSH\;C:\Program Files\MySQL\MySQL Server 5.5\bin;E:\nodejs\;E:\Git\cmd;E:\Mp4\ffmpeg-20180227-fa0c9d6-win64-static\bin;C:\Users\wangb\AppData\Local\Microsoft\WindowsApps;C:\Users\wangb\AppData\Roaming\npm;E:\Microsoft VS Code\bin, USERDOMAIN_ROAMINGPROFILE=LAPTOP-8K1AKH0O, LOCALAPPDATA=C:\Users\wangb\AppData\Local, PROCESSOR_LEVEL=6, SYSTEMDRIVE=C:, COMMONPROGRAMFILES(X86)=C:\Program Files (x86)\Common Files, USERDOMAIN=LAPTOP-8K1AKH0O, FPS_BROWSER_APP_PROFILE_STRING=Internet Explorer, LOGONSERVER=\\LAPTOP-8K1AKH0O, JAVA_HOME=C:\Program Files\Java\jdk1.8.0_91, PROMPT=$P$G, SESSIONNAME=Console, ALLUSERSPROFILE=C:\ProgramData, PROGRAMFILES(X86)=C:\Program Files (x86), PROCESSOR_ARCHITECTURE=AMD64, DRIVERDATA=C:\Windows\System32\Drivers\DriverData, ERLANG_HOME=E:\erl9.2, =E:=E:\1704A\hdServiceCode\nm-service-manage-course, PROGRAMFILES=C:\Program Files, APPDATA=C:\Users\wangb\AppData\Roaming, MOZ_PLUGIN_PATH=E:\1704A\FoxitPhantomPDFBusiness\plugins\, PSMODULEPATH=C:\Program Files\WindowsPowerShell\Modules;C:\WINDOWS\system32\WindowsPowerShell\v1.0\Modules, PROGRAMW6432=C:\Program Files, PROGRAMDATA=C:\ProgramData, SYSTEMROOT=C:\WINDOWS, USERNAME=wangb, FPS_BROWSER_USER_PROFILE_STRING=Default, ONEDRIVE=C:\Users\wangb\OneDrive, CONFIGSETROOT=C:\WINDOWS\ConfigSetRoot, PATHEXT=.COM;.EXE;.BAT;.CMD;.VBS;.VBE;.JS;.JSE;.WSF;.WSH;.MSC, OS=Windows_NT, COMMONPROGRAMW6432=C:\Program Files\Common Files, COMPUTERNAME=LAPTOP-8K1AKH0O, COMMONPROGRAMFILES=C:\Program Files\Common Files, COMSPEC=C:\WINDOWS\system32\cmd.exe, PROCESSOR_REVISION=9e09, WINDIR=C:\WINDOWS, RABBITMQ_SERVER=E:\rabibitmq\rabbitmq_server-3.7.4, HOMEPATH=\Users\wangb, TEMP=C:\Users\wangb\AppData\Local\Temp, HOMEDRIVE=C:, PROCESSOR_IDENTIFIER=Intel64 Family 6 Model 158 Stepping 9, GenuineIntel, USERPROFILE=C:\Users\wangb, TMP=C:\Users\wangb\AppData\Local\Temp, PUBLIC=C:\Users\Public, NUMBER_OF_PROCESSORS=8, =::=::\}}]
2020-03-14 21:57:09.846 [main] DEBUG o.s.c.i.s.PathMatchingResourcePatternResolver - Resolved classpath location [com/ningmeng/framework/domain/course/] to resources [URL [jar:file:/E:/1704A/hdServiceCode/nm-framework-model/target/nm-framework-model.jar!/com/ningmeng/framework/domain/course/]]
2020-03-14 21:57:09.847 [main] DEBUG o.s.c.i.s.PathMatchingResourcePatternResolver - Looking for matching resources in jar file [file:/E:/1704A/hdServiceCode/nm-framework-model/target/nm-framework-model.jar]
2020-03-14 21:57:09.847 [main] DEBUG o.s.c.i.s.PathMatchingResourcePatternResolver - Resolved location pattern [classpath*:com/ningmeng/framework/domain/course/**/*.class] to resources [URL [jar:file:/E:/1704A/hdServiceCode/nm-framework-model/target/nm-framework-model.jar!/com/ningmeng/framework/domain/course/CourseMarket.class], URL [jar:file:/E:/1704A/hdServiceCode/nm-framework-model/target/nm-framework-model.jar!/com/ningmeng/framework/domain/course/ext/CategoryParameter.class], URL [jar:file:/E:/1704A/hdServiceCode/nm-framework-model/target/nm-framework-model.jar!/com/ningmeng/framework/domain/course/CourseIndex.class], URL [jar:file:/E:/1704A/hdServiceCode/nm-framework-model/target/nm-framework-model.jar!/com/ningmeng/framework/domain/course/ext/TeachplanExt.class], URL [jar:file:/E:/1704A/hdServiceCode/nm-framework-model/target/nm-framework-model.jar!/com/ningmeng/framework/domain/course/request/CourseListRequest.class], URL [jar:file:/E:/1704A/hdServiceCode/nm-framework-model/target/nm-framework-model.jar!/com/ningmeng/framework/domain/course/response/CourseView.class], URL [jar:file:/E:/1704A/hdServiceCode/nm-framework-model/target/nm-framework-model.jar!/com/ningmeng/framework/domain/course/response/DeleteCourseResult.class], URL [jar:file:/E:/1704A/hdServiceCode/nm-framework-model/target/nm-framework-model.jar!/com/ningmeng/framework/domain/course/ext/CourseInfo.class], URL [jar:file:/E:/1704A/hdServiceCode/nm-framework-model/target/nm-framework-model.jar!/com/ningmeng/framework/domain/course/ext/TeachplanParameter.class], URL [jar:file:/E:/1704A/hdServiceCode/nm-framework-model/target/nm-framework-model.jar!/com/ningmeng/framework/domain/course/CoursePre.class], URL [jar:file:/E:/1704A/hdServiceCode/nm-framework-model/target/nm-framework-model.jar!/com/ningmeng/framework/domain/course/ext/TeachplanNode.class], URL [jar:file:/E:/1704A/hdServiceCode/nm-framework-model/target/nm-framework-model.jar!/com/ningmeng/framework/domain/course/response/CourseCode.class], URL [jar:file:/E:/1704A/hdServiceCode/nm-framework-model/target/nm-framework-model.jar!/com/ningmeng/framework/domain/course/TeachplanMedia.class], URL [jar:file:/E:/1704A/hdServiceCode/nm-framework-model/target/nm-framework-model.jar!/com/ningmeng/framework/domain/course/Category.class], URL [jar:file:/E:/1704A/hdServiceCode/nm-framework-model/target/nm-framework-model.jar!/com/ningmeng/framework/domain/course/ext/CategoryNode.class], URL [jar:file:/E:/1704A/hdServiceCode/nm-framework-model/target/nm-framework-model.jar!/com/ningmeng/framework/domain/course/response/AddCourseResult.class], URL [jar:file:/E:/1704A/hdServiceCode/nm-framework-model/target/nm-framework-model.jar!/com/ningmeng/framework/domain/course/CoursePic.class], URL [jar:file:/E:/1704A/hdServiceCode/nm-framework-model/target/nm-framework-model.jar!/com/ningmeng/framework/domain/course/CoursePub.class], URL [jar:file:/E:/1704A/hdServiceCode/nm-framework-model/target/nm-framework-model.jar!/com/ningmeng/framework/domain/course/Teachplan.class], URL [jar:file:/E:/1704A/hdServiceCode/nm-framework-model/target/nm-framework-model.jar!/com/ningmeng/framework/domain/course/CourseBase.class], URL [jar:file:/E:/1704A/hdServiceCode/nm-framework-model/target/nm-framework-model.jar!/com/ningmeng/framework/domain/course/CourseOff.class], URL [jar:file:/E:/1704A/hdServiceCode/nm-framework-model/target/nm-framework-model.jar!/com/ningmeng/framework/domain/course/TeachplanMediaPub.class], URL [jar:file:/E:/1704A/hdServiceCode/nm-framework-model/target/nm-framework-model.jar!/com/ningmeng/framework/domain/course/response/CoursePublishResult.class]]
2020-03-14 21:57:09.864 [main] DEBUG o.s.b.f.s.DefaultListableBeanFactory - Eagerly caching bean 'mongoMappingContext' to allow for resolving potential circular references
2020-03-14 21:57:09.895 [main] DEBUG o.s.b.f.s.DefaultListableBeanFactory - Invoking afterPropertiesSet() on bean with name 'mongoMappingContext'
2020-03-14 21:57:09.896 [main] DEBUG o.s.b.f.s.DefaultListableBeanFactory - Returning cached instance of singleton bean 'metaDataSourceAdvisor'
2020-03-14 21:57:09.896 [main] DEBUG o.s.b.f.s.DefaultListableBeanFactory - Returning cached instance of singleton bean 'org.springframework.transaction.config.internalTransactionAdvisor'
2020-03-14 21:57:09.896 [main] DEBUG o.s.b.f.s.DefaultListableBeanFactory - Returning cached instance of singleton bean 'metaDataSourceAdvisor'
2020-03-14 21:57:09.896 [main] DEBUG o.s.b.f.s.DefaultListableBeanFactory - Returning cached instance of singleton bean 'org.springframework.transaction.config.internalTransactionAdvisor'
2020-03-14 21:57:09.910 [main] DEBUG o.s.b.f.s.DefaultListableBeanFactory - Finished creating instance of bean 'mongoMappingContext'
2020-03-14 21:57:09.910 [main] DEBUG o.s.b.f.s.DefaultListableBeanFactory - Returning cached instance of singleton bean 'mongoCustomConversions'
2020-03-14 21:57:09.911 [main] DEBUG o.s.b.f.s.DefaultListableBeanFactory - Autowiring by type from bean name 'mappingMongoConverter' via factory method to bean named 'mongoDbFactory'
2020-03-14 21:57:09.911 [main] DEBUG o.s.b.f.s.DefaultListableBeanFactory - Autowiring by type from bean name 'mappingMongoConverter' via factory method to bean named 'mongoMappingContext'
2020-03-14 21:57:09.911 [main] DEBUG o.s.b.f.s.DefaultListableBeanFactory - Autowiring by type from bean name 'mappingMongoConverter' via factory method to bean named 'mongoCustomConversions'
2020-03-14 21:57:10.010 [main] DEBUG o.s.b.f.s.DefaultListableBeanFactory - Eagerly caching bean 'mappingMongoConverter' to allow for resolving potential circular references
2020-03-14 21:57:10.030 [main] DEBUG o.s.b.f.s.DefaultListableBeanFactory - Invoking afterPropertiesSet() on bean with name 'mappingMongoConverter'
2020-03-14 21:57:10.036 [main] DEBUG o.s.b.f.s.DefaultListableBeanFactory - Returning cached instance of singleton bean 'metaDataSourceAdvisor'
2020-03-14 21:57:10.036 [main] DEBUG o.s.b.f.s.DefaultListableBeanFactory - Returning cached instance of singleton bean 'org.springframework.transaction.config.internalTransactionAdvisor'
2020-03-14 21:57:10.036 [main] DEBUG o.s.b.f.s.DefaultListableBeanFactory - Returning cached instance of singleton bean 'metaDataSourceAdvisor'
2020-03-14 21:57:10.036 [main] DEBUG o.s.b.f.s.DefaultListableBeanFactory - Returning cached instance of singleton bean 'org.springframework.transaction.config.internalTransactionAdvisor'
2020-03-14 21:57:10.156 [main] DEBUG o.s.b.f.s.DefaultListableBeanFactory - Finished creating instance of bean 'mappingMongoConverter'
2020-03-14 21:57:10.157 [main] DEBUG o.s.b.f.s.DefaultListableBeanFactory - Autowiring by type from bean name 'mongoTemplate' via factory method to bean named 'mongoDbFactory'
2020-03-14 21:57:10.157 [main] DEBUG o.s.b.f.s.DefaultListableBeanFactory - Autowiring by type from bean name 'mongoTemplate' via factory method to bean named 'mappingMongoConverter'
2020-03-14 21:57:10.317 [main] DEBUG o.s.b.f.s.DefaultListableBeanFactory - Eagerly caching bean 'mongoTemplate' to allow for resolving potential circular references
2020-03-14 21:57:10.365 [main] DEBUG o.s.b.f.s.DefaultListableBeanFactory - Returning cached instance of singleton bean 'metaDataSourceAdvisor'
2020-03-14 21:57:10.366 [main] DEBUG o.s.b.f.s.DefaultListableBeanFactory - Returning cached instance of singleton bean 'org.springframework.transaction.config.internalTransactionAdvisor'
2020-03-14 21:57:10.366 [main] DEBUG o.s.b.f.s.DefaultListableBeanFactory - Returning cached instance of singleton bean 'metaDataSourceAdvisor'
2020-03-14 21:57:10.366 [main] DEBUG o.s.b.f.s.DefaultListableBeanFactory - Returning cached instance of singleton bean 'org.springframework.transaction.config.internalTransactionAdvisor'
2020-03-14 21:57:10.461 [main] DEBUG o.s.b.f.s.DefaultListableBeanFactory - Finished creating instance of bean 'mongoTemplate'
2020-03-14 21:57:10.469 [main] DEBUG o.s.b.f.s.DefaultListableBeanFactory - Invoking afterPropertiesSet() on bean with name 'sysDictionaryRepository'
2020-03-14 21:57:10.519 [main] DEBUG o.s.b.f.s.DefaultListableBeanFactory - Returning cached instance of singleton bean 'delegatingApplicationListener'
2020-03-14 21:57:10.520 [main] DEBUG o.s.d.m.c.i.MongoPersistentEntityIndexCreator - Analyzing class class com.ningmeng.framework.domain.system.SysDictionaryValue for index information.
2020-03-14 21:57:10.529 [main] DEBUG o.s.d.m.c.i.MongoPersistentEntityIndexCreator - Analyzing class class com.ningmeng.framework.domain.system.SysDictionary for index information.
2020-03-14 21:57:10.592 [main] DEBUG o.s.aop.framework.JdkDynamicAopProxy - Creating JDK dynamic proxy: target source is SingletonTargetSource for target object [org.springframework.data.mongodb.repository.support.SimpleMongoRepository@6fb219dd]
2020-03-14 21:57:10.600 [main] DEBUG o.s.b.f.s.DefaultListableBeanFactory - Returning cached instance of singleton bean 'metaDataSourceAdvisor'
2020-03-14 21:57:10.600 [main] DEBUG o.s.b.f.s.DefaultListableBeanFactory - Returning cached instance of singleton bean 'org.springframework.transaction.config.internalTransactionAdvisor'
2020-03-14 21:57:10.600 [main] DEBUG o.s.b.f.s.DefaultListableBeanFactory - Returning cached instance of singleton bean 'metaDataSourceAdvisor'
2020-03-14 21:57:10.600 [main] DEBUG o.s.b.f.s.DefaultListableBeanFactory - Returning cached instance of singleton bean 'org.springframework.transaction.config.internalTransactionAdvisor'
2020-03-14 21:57:10.604 [main] DEBUG o.s.b.f.s.DefaultListableBeanFactory - Finished creating instance of bean 'sysDictionaryRepository'
2020-03-14 21:57:10.605 [main] DEBUG o.s.b.f.s.DefaultListableBeanFactory - Returning cached instance of singleton bean 'metaDataSourceAdvisor'
2020-03-14 21:57:10.605 [main] DEBUG o.s.b.f.s.DefaultListableBeanFactory - Returning cached instance of singleton bean 'org.springframework.transaction.config.internalTransactionAdvisor'
2020-03-14 21:57:10.605 [main] DEBUG o.s.b.f.s.DefaultListableBeanFactory - Returning cached instance of singleton bean 'metaDataSourceAdvisor'
2020-03-14 21:57:10.605 [main] DEBUG o.s.b.f.s.DefaultListableBeanFactory - Returning cached instance of singleton bean 'org.springframework.transaction.config.internalTransactionAdvisor'
2020-03-14 21:57:10.618 [main] DEBUG o.s.b.f.a.AutowiredAnnotationBeanPostProcessor - Autowiring by type from bean name 'sysDicthinaryService' to bean named 'sysDictionaryRepository'
2020-03-14 21:57:10.619 [main] DEBUG o.s.b.f.s.DefaultListableBeanFactory - Returning cached instance of singleton bean 'metaDataSourceAdvisor'
2020-03-14 21:57:10.619 [main] DEBUG o.s.b.f.s.DefaultListableBeanFactory - Returning cached instance of singleton bean 'org.springframework.transaction.config.internalTransactionAdvisor'
2020-03-14 21:57:10.619 [main] DEBUG o.s.b.f.s.DefaultListableBeanFactory - Returning cached instance of singleton bean 'metaDataSourceAdvisor'
2020-03-14 21:57:10.619 [main] DEBUG o.s.b.f.s.DefaultListableBeanFactory - Returning cached instance of singleton bean 'org.springframework.transaction.config.internalTransactionAdvisor'
2020-03-14 21:57:10.619 [main] DEBUG o.s.b.f.s.DefaultListableBeanFactory - Finished creating instance of bean 'sysDicthinaryService'
2020-03-14 21:57:10.619 [main] DEBUG o.s.b.f.a.AutowiredAnnotationBeanPostProcessor - Autowiring by type from bean name 'sysDicthinaryController' to bean named 'sysDicthinaryService'
2020-03-14 21:57:10.619 [main] DEBUG o.s.b.f.s.DefaultListableBeanFactory - Returning cached instance of singleton bean 'metaDataSourceAdvisor'
2020-03-14 21:57:10.619 [main] DEBUG o.s.b.f.s.DefaultListableBeanFactory - Returning cached instance of singleton bean 'org.springframework.transaction.config.internalTransactionAdvisor'
2020-03-14 21:57:10.620 [main] DEBUG o.s.b.f.s.DefaultListableBeanFactory - Returning cached instance of singleton bean 'metaDataSourceAdvisor'
2020-03-14 21:57:10.620 [main] DEBUG o.s.b.f.s.DefaultListableBeanFactory - Returning cached instance of singleton bean 'org.springframework.transaction.config.internalTransactionAdvisor'
2020-03-14 21:57:10.623 [main] DEBUG o.s.b.f.s.DefaultListableBeanFactory - Finished creating instance of bean 'sysDicthinaryController'
2020-03-14 21:57:10.623 [main] DEBUG o.s.b.f.s.DefaultListableBeanFactory - Returning cached instance of singleton bean 'courseService'
2020-03-14 21:57:10.623 [main] DEBUG o.s.b.f.s.DefaultListableBeanFactory - Returning cached instance of singleton bean 'sysDicthinaryService'
2020-03-14 21:57:10.623 [main] DEBUG o.s.b.f.s.DefaultListableBeanFactory - Creating shared instance of singleton bean 'swagger2Configuration'
2020-03-14 21:57:10.623 [main] DEBUG o.s.b.f.s.DefaultListableBeanFactory - Creating instance of bean 'swagger2Configuration'
2020-03-14 21:57:10.624 [main] DEBUG o.s.b.f.s.DefaultListableBeanFactory - Returning cached instance of singleton bean 'metaDataSourceAdvisor'
2020-03-14 21:57:10.624 [main] DEBUG o.s.b.f.s.DefaultListableBeanFactory - Returning cached instance of singleton bean 'org.springframework.transaction.config.internalTransactionAdvisor'
2020-03-14 21:57:10.625 [main] DEBUG o.s.b.f.s.DefaultListableBeanFactory - Eagerly caching bean 'swagger2Configuration' to allow for resolving potential circular references
2020-03-14 21:57:10.635 [main] DEBUG o.s.b.f.s.DefaultListableBeanFactory - Returning cached instance of singleton bean 'metaDataSourceAdvisor'
2020-03-14 21:57:10.635 [main] DEBUG o.s.b.f.s.DefaultListableBeanFactory - Returning cached instance of singleton bean 'org.springframework.transaction.config.internalTransactionAdvisor'
2020-03-14 21:57:10.635 [main] DEBUG o.s.b.f.s.DefaultListableBeanFactory - Returning cached instance of singleton bean 'metaDataSourceAdvisor'
2020-03-14 21:57:10.635 [main] DEBUG o.s.b.f.s.DefaultListableBeanFactory - Returning cached instance of singleton bean 'org.springframework.transaction.config.internalTransactionAdvisor'
2020-03-14 21:57:10.636 [main] DEBUG o.s.b.f.s.DefaultListableBeanFactory - Finished creating instance of bean 'swagger2Configuration'
2020-03-14 21:57:10.636 [main] DEBUG o.s.b.f.s.DefaultListableBeanFactory - Creating shared instance of singleton bean 'licenseMapperImpl'
2020-03-14 21:57:10.637 [main] DEBUG o.s.b.f.s.DefaultListableBeanFactory - Creating instance of bean 'licenseMapperImpl'
2020-03-14 21:57:10.637 [main] DEBUG o.s.b.f.s.DefaultListableBeanFactory - Returning cached instance of singleton bean 'metaDataSourceAdvisor'
2020-03-14 21:57:10.637 [main] DEBUG o.s.b.f.s.DefaultListableBeanFactory - Returning cached instance of singleton bean 'org.springframework.transaction.config.internalTransactionAdvisor'
2020-03-14 21:57:10.638 [main] DEBUG o.s.b.f.s.DefaultListableBeanFactory - Eagerly caching bean 'licenseMapperImpl' to allow for resolving potential circular references
2020-03-14 21:57:10.648 [main] DEBUG o.s.b.f.s.DefaultListableBeanFactory - Returning cached instance of singleton bean 'metaDataSourceAdvisor'
2020-03-14 21:57:10.648 [main] DEBUG o.s.b.f.s.DefaultListableBeanFactory - Returning cached instance of singleton bean 'org.springframework.transaction.config.internalTransactionAdvisor'
2020-03-14 21:57:10.648 [main] DEBUG o.s.b.f.s.DefaultListableBeanFactory - Returning cached instance of singleton bean 'metaDataSourceAdvisor'
2020-03-14 21:57:10.648 [main] DEBUG o.s.b.f.s.DefaultListableBeanFactory - Returning cached instance of singleton bean 'org.springframework.transaction.config.internalTransactionAdvisor'
2020-03-14 21:57:10.649 [main] DEBUG o.s.b.f.s.DefaultListableBeanFactory - Finished creating instance of bean 'licenseMapperImpl'
2020-03-14 21:57:10.650 [main] DEBUG o.s.b.f.s.DefaultListableBeanFactory - Creating shared instance of singleton bean 'modelMapperImpl'
2020-03-14 21:57:10.652 [main] DEBUG o.s.b.f.s.DefaultListableBeanFactory - Creating instance of bean 'modelMapperImpl'
2020-03-14 21:57:10.657 [main] DEBUG o.s.b.f.s.DefaultListableBeanFactory - Returning cached instance of singleton bean 'metaDataSourceAdvisor'
2020-03-14 21:57:10.658 [main] DEBUG o.s.b.f.s.DefaultListableBeanFactory - Returning cached instance of singleton bean 'org.springframework.transaction.config.internalTransactionAdvisor'
2020-03-14 21:57:10.670 [main] DEBUG o.s.b.f.s.DefaultListableBeanFactory - Eagerly caching bean 'modelMapperImpl' to allow for resolving potential circular references
2020-03-14 21:57:10.677 [main] DEBUG o.s.b.f.s.DefaultListableBeanFactory - Returning cached instance of singleton bean 'metaDataSourceAdvisor'
2020-03-14 21:57:10.678 [main] DEBUG o.s.b.f.s.DefaultListableBeanFactory - Returning cached instance of singleton bean 'org.springframework.transaction.config.internalTransactionAdvisor'
2020-03-14 21:57:10.678 [main] DEBUG o.s.b.f.s.DefaultListableBeanFactory - Returning cached instance of singleton bean 'metaDataSourceAdvisor'
2020-03-14 21:57:10.678 [main] DEBUG o.s.b.f.s.DefaultListableBeanFactory - Returning cached instance of singleton bean 'org.springframework.transaction.config.internalTransactionAdvisor'
2020-03-14 21:57:10.679 [main] DEBUG o.s.b.f.s.DefaultListableBeanFactory - Finished creating instance of bean 'modelMapperImpl'
2020-03-14 21:57:10.680 [main] DEBUG o.s.b.f.s.DefaultListableBeanFactory - Creating shared instance of singleton bean 'parameterMapperImpl'
2020-03-14 21:57:10.683 [main] DEBUG o.s.b.f.s.DefaultListableBeanFactory - Creating instance of bean 'parameterMapperImpl'
2020-03-14 21:57:10.683 [main] DEBUG o.s.b.f.s.DefaultListableBeanFactory - Returning cached instance of singleton bean 'metaDataSourceAdvisor'
2020-03-14 21:57:10.684 [main] DEBUG o.s.b.f.s.DefaultListableBeanFactory - Returning cached instance of singleton bean 'org.springframework.transaction.config.internalTransactionAdvisor'
2020-03-14 21:57:10.686 [main] DEBUG o.s.b.f.s.DefaultListableBeanFactory - Eagerly caching bean 'parameterMapperImpl' to allow for resolving potential circular references
2020-03-14 21:57:10.702 [main] DEBUG o.s.b.f.s.DefaultListableBeanFactory - Returning cached instance of singleton bean 'metaDataSourceAdvisor'
2020-03-14 21:57:10.702 [main] DEBUG o.s.b.f.s.DefaultListableBeanFactory - Returning cached instance of singleton bean 'org.springframework.transaction.config.internalTransactionAdvisor'
2020-03-14 21:57:10.702 [main] DEBUG o.s.b.f.s.DefaultListableBeanFactory - Returning cached instance of singleton bean 'metaDataSourceAdvisor'
2020-03-14 21:57:10.702 [main] DEBUG o.s.b.f.s.DefaultListableBeanFactory - Returning cached instance of singleton bean 'org.springframework.transaction.config.internalTransactionAdvisor'
2020-03-14 21:57:10.702 [main] DEBUG o.s.b.f.s.DefaultListableBeanFactory - Finished creating instance of bean 'parameterMapperImpl'
2020-03-14 21:57:10.703 [main] DEBUG o.s.b.f.s.DefaultListableBeanFactory - Creating shared instance of singleton bean 'securityMapperImpl'
2020-03-14 21:57:10.703 [main] DEBUG o.s.b.f.s.DefaultListableBeanFactory - Creating instance of bean 'securityMapperImpl'
2020-03-14 21:57:10.703 [main] DEBUG o.s.b.f.s.DefaultListableBeanFactory - Returning cached instance of singleton bean 'metaDataSourceAdvisor'
2020-03-14 21:57:10.703 [main] DEBUG o.s.b.f.s.DefaultListableBeanFactory - Returning cached instance of singleton bean 'org.springframework.transaction.config.internalTransactionAdvisor'
2020-03-14 21:57:10.792 [main] DEBUG o.s.b.f.s.DefaultListableBeanFactory - Eagerly caching bean 'securityMapperImpl' to allow for resolving potential circular references
2020-03-14 21:57:10.800 [main] DEBUG o.s.b.f.s.DefaultListableBeanFactory - Returning cached instance of singleton bean 'metaDataSourceAdvisor'
2020-03-14 21:57:10.800 [main] DEBUG o.s.b.f.s.DefaultListableBeanFactory - Returning cached instance of singleton bean 'org.springframework.transaction.config.internalTransactionAdvisor'
2020-03-14 21:57:10.801 [main] DEBUG o.s.b.f.s.DefaultListableBeanFactory - Returning cached instance of singleton bean 'metaDataSourceAdvisor'
2020-03-14 21:57:10.801 [main] DEBUG o.s.b.f.s.DefaultListableBeanFactory - Returning cached instance of singleton bean 'org.springframework.transaction.config.internalTransactionAdvisor'
2020-03-14 21:57:10.801 [main] DEBUG o.s.b.f.s.DefaultListableBeanFactory - Finished creating instance of bean 'securityMapperImpl'
2020-03-14 21:57:10.801 [main] DEBUG o.s.b.f.s.DefaultListableBeanFactory - Creating shared instance of singleton bean 'serviceModelToSwagger2MapperImpl'
2020-03-14 21:57:10.801 [main] DEBUG o.s.b.f.s.DefaultListableBeanFactory - Creating instance of bean 'serviceModelToSwagger2MapperImpl'
2020-03-14 21:57:10.801 [main] DEBUG o.s.b.f.s.DefaultListableBeanFactory - Returning cached instance of singleton bean 'metaDataSourceAdvisor'
2020-03-14 21:57:10.801 [main] DEBUG o.s.b.f.s.DefaultListableBeanFactory - Returning cached instance of singleton bean 'org.springframework.transaction.config.internalTransactionAdvisor'
2020-03-14 21:57:10.819 [main] DEBUG o.s.b.f.annotation.InjectionMetadata - Registered injected element on class [springfox.documentation.swagger2.mappers.ServiceModelToSwagger2MapperImpl]: AutowiredFieldElement for private springfox.documentation.swagger2.mappers.ModelMapper springfox.documentation.swagger2.mappers.ServiceModelToSwagger2MapperImpl.modelMapper
2020-03-14 21:57:10.820 [main] DEBUG o.s.b.f.annotation.InjectionMetadata - Registered injected element on class [springfox.documentation.swagger2.mappers.ServiceModelToSwagger2MapperImpl]: AutowiredFieldElement for private springfox.documentation.swagger2.mappers.ParameterMapper springfox.documentation.swagger2.mappers.ServiceModelToSwagger2MapperImpl.parameterMapper
2020-03-14 21:57:10.820 [main] DEBUG o.s.b.f.annotation.InjectionMetadata - Registered injected element on class [springfox.documentation.swagger2.mappers.ServiceModelToSwagger2MapperImpl]: AutowiredFieldElement for private springfox.documentation.swagger2.mappers.SecurityMapper springfox.documentation.swagger2.mappers.ServiceModelToSwagger2MapperImpl.securityMapper
2020-03-14 21:57:10.820 [main] DEBUG o.s.b.f.annotation.InjectionMetadata - Registered injected element on class [springfox.documentation.swagger2.mappers.ServiceModelToSwagger2MapperImpl]: AutowiredFieldElement for private springfox.documentation.swagger2.mappers.LicenseMapper springfox.documentation.swagger2.mappers.ServiceModelToSwagger2MapperImpl.licenseMapper
2020-03-14 21:57:10.820 [main] DEBUG o.s.b.f.annotation.InjectionMetadata - Registered injected element on class [springfox.documentation.swagger2.mappers.ServiceModelToSwagger2MapperImpl]: AutowiredFieldElement for private springfox.documentation.swagger2.mappers.VendorExtensionsMapper springfox.documentation.swagger2.mappers.ServiceModelToSwagger2MapperImpl.vendorExtensionsMapper
2020-03-14 21:57:10.820 [main] DEBUG o.s.b.f.s.DefaultListableBeanFactory - Eagerly caching bean 'serviceModelToSwagger2MapperImpl' to allow for resolving potential circular references
2020-03-14 21:57:10.823 [main] DEBUG o.s.b.f.annotation.InjectionMetadata - Processing injected element of bean 'serviceModelToSwagger2MapperImpl': AutowiredFieldElement for private springfox.documentation.swagger2.mappers.ModelMapper springfox.documentation.swagger2.mappers.ServiceModelToSwagger2MapperImpl.modelMapper
2020-03-14 21:57:10.823 [main] DEBUG o.s.core.annotation.AnnotationUtils - Failed to meta-introspect annotation interface org.springframework.beans.factory.annotation.Autowired: java.lang.NullPointerException
2020-03-14 21:57:10.826 [main] DEBUG o.s.b.f.s.DefaultListableBeanFactory - Returning cached instance of singleton bean 'modelMapperImpl'
2020-03-14 21:57:10.826 [main] DEBUG o.s.b.f.a.AutowiredAnnotationBeanPostProcessor - Autowiring by type from bean name 'serviceModelToSwagger2MapperImpl' to bean named 'modelMapperImpl'
2020-03-14 21:57:10.826 [main] DEBUG o.s.b.f.annotation.InjectionMetadata - Processing injected element of bean 'serviceModelToSwagger2MapperImpl': AutowiredFieldElement for private springfox.documentation.swagger2.mappers.ParameterMapper springfox.documentation.swagger2.mappers.ServiceModelToSwagger2MapperImpl.parameterMapper
2020-03-14 21:57:10.826 [main] DEBUG o.s.core.annotation.AnnotationUtils - Failed to meta-introspect annotation interface org.springframework.beans.factory.annotation.Autowired: java.lang.NullPointerException
2020-03-14 21:57:10.829 [main] DEBUG o.s.b.f.s.DefaultListableBeanFactory - Returning cached instance of singleton bean 'parameterMapperImpl'
2020-03-14 21:57:10.829 [main] DEBUG o.s.b.f.a.AutowiredAnnotationBeanPostProcessor - Autowiring by type from bean name 'serviceModelToSwagger2MapperImpl' to bean named 'parameterMapperImpl'
2020-03-14 21:57:10.829 [main] DEBUG o.s.b.f.annotation.InjectionMetadata - Processing injected element of bean 'serviceModelToSwagger2MapperImpl': AutowiredFieldElement for private springfox.documentation.swagger2.mappers.SecurityMapper springfox.documentation.swagger2.mappers.ServiceModelToSwagger2MapperImpl.securityMapper
2020-03-14 21:57:10.830 [main] DEBUG o.s.core.annotation.AnnotationUtils - Failed to meta-introspect annotation interface org.springframework.beans.factory.annotation.Autowired: java.lang.NullPointerException
2020-03-14 21:57:10.835 [main] DEBUG o.s.b.f.s.DefaultListableBeanFactory - Returning cached instance of singleton bean 'securityMapperImpl'
2020-03-14 21:57:10.835 [main] DEBUG o.s.b.f.a.AutowiredAnnotationBeanPostProcessor - Autowiring by type from bean name 'serviceModelToSwagger2MapperImpl' to bean named 'securityMapperImpl'
2020-03-14 21:57:10.835 [main] DEBUG o.s.b.f.annotation.InjectionMetadata - Processing injected element of bean 'serviceModelToSwagger2MapperImpl': AutowiredFieldElement for private springfox.documentation.swagger2.mappers.LicenseMapper springfox.documentation.swagger2.mappers.ServiceModelToSwagger2MapperImpl.licenseMapper
2020-03-14 21:57:10.835 [main] DEBUG o.s.core.annotation.AnnotationUtils - Failed to meta-introspect annotation interface org.springframework.beans.factory.annotation.Autowired: java.lang.NullPointerException
2020-03-14 21:57:10.843 [main] DEBUG o.s.b.f.s.DefaultListableBeanFactory - Returning cached instance of singleton bean 'licenseMapperImpl'
2020-03-14 21:57:10.844 [main] DEBUG o.s.b.f.a.AutowiredAnnotationBeanPostProcessor - Autowiring by type from bean name 'serviceModelToSwagger2MapperImpl' to bean named 'licenseMapperImpl'
2020-03-14 21:57:10.844 [main] DEBUG o.s.b.f.annotation.InjectionMetadata - Processing injected element of bean 'serviceModelToSwagger2MapperImpl': AutowiredFieldElement for private springfox.documentation.swagger2.mappers.VendorExtensionsMapper springfox.documentation.swagger2.mappers.ServiceModelToSwagger2MapperImpl.vendorExtensionsMapper
2020-03-14 21:57:10.845 [main] DEBUG o.s.core.annotation.AnnotationUtils - Failed to meta-introspect annotation interface org.springframework.beans.factory.annotation.Autowired: java.lang.NullPointerException
2020-03-14 21:57:10.853 [main] DEBUG o.s.b.f.s.DefaultListableBeanFactory - Creating shared instance of singleton bean 'vendorExtensionsMapperImpl'
2020-03-14 21:57:10.853 [main] DEBUG o.s.b.f.s.DefaultListableBeanFactory - Creating instance of bean 'vendorExtensionsMapperImpl'
2020-03-14 21:57:10.854 [main] DEBUG o.s.b.f.s.DefaultListableBeanFactory - Returning cached instance of singleton bean 'metaDataSourceAdvisor'
2020-03-14 21:57:10.854 [main] DEBUG o.s.b.f.s.DefaultListableBeanFactory - Returning cached instance of singleton bean 'org.springframework.transaction.config.internalTransactionAdvisor'
2020-03-14 21:57:10.856 [main] DEBUG o.s.b.f.s.DefaultListableBeanFactory - Eagerly caching bean 'vendorExtensionsMapperImpl' to allow for resolving potential circular references
2020-03-14 21:57:10.861 [main] DEBUG o.s.b.f.s.DefaultListableBeanFactory - Returning cached instance of singleton bean 'metaDataSourceAdvisor'
2020-03-14 21:57:10.861 [main] DEBUG o.s.b.f.s.DefaultListableBeanFactory - Returning cached instance of singleton bean 'org.springframework.transaction.config.internalTransactionAdvisor'
2020-03-14 21:57:10.861 [main] DEBUG o.s.b.f.s.DefaultListableBeanFactory - Returning cached instance of singleton bean 'metaDataSourceAdvisor'
2020-03-14 21:57:10.861 [main] DEBUG o.s.b.f.s.DefaultListableBeanFactory - Returning cached instance of singleton bean 'org.springframework.transaction.config.internalTransactionAdvisor'
2020-03-14 21:57:10.862 [main] DEBUG o.s.b.f.s.DefaultListableBeanFactory - Finished creating instance of bean 'vendorExtensionsMapperImpl'
2020-03-14 21:57:10.862 [main] DEBUG o.s.b.f.a.AutowiredAnnotationBeanPostProcessor - Autowiring by type from bean name 'serviceModelToSwagger2MapperImpl' to bean named 'vendorExtensionsMapperImpl'
2020-03-14 21:57:10.862 [main] DEBUG o.s.b.f.s.DefaultListableBeanFactory - Returning cached instance of singleton bean 'metaDataSourceAdvisor'
2020-03-14 21:57:10.862 [main] DEBUG o.s.b.f.s.DefaultListableBeanFactory - Returning cached instance of singleton bean 'org.springframework.transaction.config.internalTransactionAdvisor'
2020-03-14 21:57:10.863 [main] DEBUG o.s.b.f.s.DefaultListableBeanFactory - Returning cached instance of singleton bean 'metaDataSourceAdvisor'
2020-03-14 21:57:10.863 [main] DEBUG o.s.b.f.s.DefaultListableBeanFactory - Returning cached instance of singleton bean 'org.springframework.transaction.config.internalTransactionAdvisor'
2020-03-14 21:57:10.864 [main] DEBUG o.s.b.f.s.DefaultListableBeanFactory - Finished creating instance of bean 'serviceModelToSwagger2MapperImpl'
2020-03-14 21:57:10.864 [main] DEBUG o.s.b.f.s.DefaultListableBeanFactory - Returning cached instance of singleton bean 'vendorExtensionsMapperImpl'
2020-03-14 21:57:10.864 [main] DEBUG o.s.b.f.s.DefaultListableBeanFactory - Creating shared instance of singleton bean 'apiDescriptionLookup'
2020-03-14 21:57:10.864 [main] DEBUG o.s.b.f.s.DefaultListableBeanFactory - Creating instance of bean 'apiDescriptionLookup'
2020-03-14 21:57:10.864 [main] DEBUG o.s.b.f.s.DefaultListableBeanFactory - Returning cached instance of singleton bean 'metaDataSourceAdvisor'
2020-03-14 21:57:10.865 [main] DEBUG o.s.b.f.s.DefaultListableBeanFactory - Returning cached instance of singleton bean 'org.springframework.transaction.config.internalTransactionAdvisor'
2020-03-14 21:57:10.879 [main] DEBUG o.s.b.f.s.DefaultListableBeanFactory - Eagerly caching bean 'apiDescriptionLookup' to allow for resolving potential circular references
2020-03-14 21:57:10.885 [main] DEBUG o.s.b.f.s.DefaultListableBeanFactory - Returning cached instance of singleton bean 'metaDataSourceAdvisor'
2020-03-14 21:57:10.885 [main] DEBUG o.s.b.f.s.DefaultListableBeanFactory - Returning cached instance of singleton bean 'org.springframework.transaction.config.internalTransactionAdvisor'
2020-03-14 21:57:10.885 [main] DEBUG o.s.b.f.s.DefaultListableBeanFactory - Returning cached instance of singleton bean 'metaDataSourceAdvisor'
2020-03-14 21:57:10.885 [main] DEBUG o.s.b.f.s.DefaultListableBeanFactory - Returning cached instance of singleton bean 'org.springframework.transaction.config.internalTransactionAdvisor'
2020-03-14 21:57:10.886 [main] DEBUG o.s.b.f.s.DefaultListableBeanFactory - Finished creating instance of bean 'apiDescriptionLookup'
2020-03-14 21:57:10.886 [main] DEBUG o.s.b.f.s.DefaultListableBeanFactory - Creating shared instance of singleton bean 'apiDescriptionReader'
2020-03-14 21:57:10.886 [main] DEBUG o.s.b.f.s.DefaultListableBeanFactory - Creating instance of bean 'apiDescriptionReader'
2020-03-14 21:57:10.886 [main] DEBUG o.s.b.f.s.DefaultListableBeanFactory - Returning cached instance of singleton bean 'metaDataSourceAdvisor'
2020-03-14 21:57:10.886 [main] DEBUG o.s.b.f.s.DefaultListableBeanFactory - Returning cached instance of singleton bean 'org.springframework.transaction.config.internalTransactionAdvisor'
2020-03-14 21:57:10.892 [main] DEBUG o.s.core.annotation.AnnotationUtils - Failed to meta-introspect annotation interface org.springframework.beans.factory.annotation.Qualifier: java.lang.NullPointerException
2020-03-14 21:57:10.899 [main] DEBUG o.s.b.f.s.DefaultListableBeanFactory - Creating shared instance of singleton bean 'cachingOperationReader'
2020-03-14 21:57:10.900 [main] DEBUG o.s.b.f.s.DefaultListableBeanFactory - Creating instance of bean 'cachingOperationReader'
2020-03-14 21:57:10.902 [main] DEBUG o.s.b.f.s.DefaultListableBeanFactory - Returning cached instance of singleton bean 'metaDataSourceAdvisor'
2020-03-14 21:57:10.902 [main] DEBUG o.s.b.f.s.DefaultListableBeanFactory - Returning cached instance of singleton bean 'org.springframework.transaction.config.internalTransactionAdvisor'
2020-03-14 21:57:10.904 [main] DEBUG o.s.core.annotation.AnnotationUtils - Failed to meta-introspect annotation interface org.springframework.beans.factory.annotation.Qualifier: java.lang.NullPointerException
2020-03-14 21:57:10.906 [main] DEBUG o.s.b.f.s.DefaultListableBeanFactory - Creating shared instance of singleton bean 'apiOperationReader'
2020-03-14 21:57:10.906 [main] DEBUG o.s.b.f.s.DefaultListableBeanFactory - Creating instance of bean 'apiOperationReader'
2020-03-14 21:57:10.906 [main] DEBUG o.s.b.f.s.DefaultListableBeanFactory - Returning cached instance of singleton bean 'metaDataSourceAdvisor'
2020-03-14 21:57:10.906 [main] DEBUG o.s.b.f.s.DefaultListableBeanFactory - Returning cached instance of singleton bean 'org.springframework.transaction.config.internalTransactionAdvisor'
2020-03-14 21:57:10.917 [main] DEBUG o.s.b.f.s.DefaultListableBeanFactory - Creating shared instance of singleton bean 'documentationPluginsManager'
2020-03-14 21:57:10.917 [main] DEBUG o.s.b.f.s.DefaultListableBeanFactory - Creating instance of bean 'documentationPluginsManager'
2020-03-14 21:57:10.918 [main] DEBUG o.s.b.f.s.DefaultListableBeanFactory - Returning cached instance of singleton bean 'metaDataSourceAdvisor'
2020-03-14 21:57:10.918 [main] DEBUG o.s.b.f.s.DefaultListableBeanFactory - Returning cached instance of singleton bean 'org.springframework.transaction.config.internalTransactionAdvisor'
2020-03-14 21:57:10.935 [main] DEBUG o.s.b.f.annotation.InjectionMetadata - Registered injected element on class [springfox.documentation.spring.web.plugins.DocumentationPluginsManager]: AutowiredFieldElement for private org.springframework.plugin.core.PluginRegistry springfox.documentation.spring.web.plugins.DocumentationPluginsManager.documentationPlugins
2020-03-14 21:57:10.935 [main] DEBUG o.s.b.f.annotation.InjectionMetadata - Registered injected element on class [springfox.documentation.spring.web.plugins.DocumentationPluginsManager]: AutowiredFieldElement for private org.springframework.plugin.core.PluginRegistry springfox.documentation.spring.web.plugins.DocumentationPluginsManager.apiListingPlugins
2020-03-14 21:57:10.935 [main] DEBUG o.s.b.f.annotation.InjectionMetadata - Registered injected element on class [springfox.documentation.spring.web.plugins.DocumentationPluginsManager]: AutowiredFieldElement for private org.springframework.plugin.core.PluginRegistry springfox.documentation.spring.web.plugins.DocumentationPluginsManager.parameterPlugins
2020-03-14 21:57:10.935 [main] DEBUG o.s.b.f.annotation.InjectionMetadata - Registered injected element on class [springfox.documentation.spring.web.plugins.DocumentationPluginsManager]: AutowiredFieldElement for private org.springframework.plugin.core.PluginRegistry springfox.documentation.spring.web.plugins.DocumentationPluginsManager.parameterExpanderPlugins
2020-03-14 21:57:10.935 [main] DEBUG o.s.b.f.annotation.InjectionMetadata - Registered injected element on class [springfox.documentation.spring.web.plugins.DocumentationPluginsManager]: AutowiredFieldElement for private org.springframework.plugin.core.PluginRegistry springfox.documentation.spring.web.plugins.DocumentationPluginsManager.operationBuilderPlugins
2020-03-14 21:57:10.935 [main] DEBUG o.s.b.f.annotation.InjectionMetadata - Registered injected element on class [springfox.documentation.spring.web.plugins.DocumentationPluginsManager]: AutowiredFieldElement for private org.springframework.plugin.core.PluginRegistry springfox.documentation.spring.web.plugins.DocumentationPluginsManager.resourceGroupingStrategies
2020-03-14 21:57:10.935 [main] DEBUG o.s.b.f.annotation.InjectionMetadata - Registered injected element on class [springfox.documentation.spring.web.plugins.DocumentationPluginsManager]: AutowiredFieldElement for private org.springframework.plugin.core.PluginRegistry springfox.documentation.spring.web.plugins.DocumentationPluginsManager.operationModelsProviders
2020-03-14 21:57:10.935 [main] DEBUG o.s.b.f.annotation.InjectionMetadata - Registered injected element on class [springfox.documentation.spring.web.plugins.DocumentationPluginsManager]: AutowiredFieldElement for private org.springframework.plugin.core.PluginRegistry springfox.documentation.spring.web.plugins.DocumentationPluginsManager.defaultsProviders
2020-03-14 21:57:10.935 [main] DEBUG o.s.b.f.annotation.InjectionMetadata - Registered injected element on class [springfox.documentation.spring.web.plugins.DocumentationPluginsManager]: AutowiredFieldElement for private org.springframework.plugin.core.PluginRegistry springfox.documentation.spring.web.plugins.DocumentationPluginsManager.pathDecorators
2020-03-14 21:57:10.935 [main] DEBUG o.s.b.f.annotation.InjectionMetadata - Registered injected element on class [springfox.documentation.spring.web.plugins.DocumentationPluginsManager]: AutowiredFieldElement for private org.springframework.plugin.core.PluginRegistry springfox.documentation.spring.web.plugins.DocumentationPluginsManager.apiListingScanners
2020-03-14 21:57:10.936 [main] DEBUG o.s.b.f.s.DefaultListableBeanFactory - Eagerly caching bean 'documentationPluginsManager' to allow for resolving potential circular references
2020-03-14 21:57:10.939 [main] DEBUG o.s.b.f.annotation.InjectionMetadata - Processing injected element of bean 'documentationPluginsManager': AutowiredFieldElement for private org.springframework.plugin.core.PluginRegistry springfox.documentation.spring.web.plugins.DocumentationPluginsManager.documentationPlugins
2020-03-14 21:57:10.939 [main] DEBUG o.s.core.annotation.AnnotationUtils - Failed to meta-introspect annotation interface org.springframework.beans.factory.annotation.Autowired: java.lang.NullPointerException
2020-03-14 21:57:10.939 [main] DEBUG o.s.core.annotation.AnnotationUtils - Failed to meta-introspect annotation interface org.springframework.beans.factory.annotation.Qualifier: java.lang.NullPointerException
2020-03-14 21:57:10.945 [main] DEBUG o.s.b.f.s.DefaultListableBeanFactory - Returning cached instance of singleton bean 'documentationPluginRegistry'
2020-03-14 21:57:10.945 [main] DEBUG o.s.aop.framework.JdkDynamicAopProxy - Creating JDK dynamic proxy: target source is org.springframework.plugin.core.support.AbstractTypeAwareSupport$BeansOfTypeTargetSource@d28a235
2020-03-14 21:57:10.954 [main] DEBUG o.s.b.f.s.DefaultListableBeanFactory - Returning cached instance of singleton bean 'metaDataSourceAdvisor'
2020-03-14 21:57:10.955 [main] DEBUG o.s.b.f.s.DefaultListableBeanFactory - Returning cached instance of singleton bean 'org.springframework.transaction.config.internalTransactionAdvisor'
2020-03-14 21:57:10.956 [main] DEBUG o.s.b.f.s.DefaultListableBeanFactory - Returning cached instance of singleton bean 'metaDataSourceAdvisor'
2020-03-14 21:57:10.956 [main] DEBUG o.s.b.f.s.DefaultListableBeanFactory - Returning cached instance of singleton bean 'org.springframework.transaction.config.internalTransactionAdvisor'
2020-03-14 21:57:10.969 [main] DEBUG o.s.b.f.a.AutowiredAnnotationBeanPostProcessor - Autowiring by type from bean name 'documentationPluginsManager' to bean named 'documentationPluginRegistry'
2020-03-14 21:57:10.969 [main] DEBUG o.s.b.f.annotation.InjectionMetadata - Processing injected element of bean 'documentationPluginsManager': AutowiredFieldElement for private org.springframework.plugin.core.PluginRegistry springfox.documentation.spring.web.plugins.DocumentationPluginsManager.apiListingPlugins
2020-03-14 21:57:10.969 [main] DEBUG o.s.core.annotation.AnnotationUtils - Failed to meta-introspect annotation interface org.springframework.beans.factory.annotation.Autowired: java.lang.NullPointerException
2020-03-14 21:57:10.969 [main] DEBUG o.s.core.annotation.AnnotationUtils - Failed to meta-introspect annotation interface org.springframework.beans.factory.annotation.Qualifier: java.lang.NullPointerException
2020-03-14 21:57:10.971 [main] DEBUG o.s.b.f.s.DefaultListableBeanFactory - Returning cached instance of singleton bean 'apiListingBuilderPluginRegistry'
2020-03-14 21:57:10.972 [main] DEBUG o.s.aop.framework.JdkDynamicAopProxy - Creating JDK dynamic proxy: target source is org.springframework.plugin.core.support.AbstractTypeAwareSupport$BeansOfTypeTargetSource@2ce62e27
2020-03-14 21:57:10.972 [main] DEBUG o.s.b.f.s.DefaultListableBeanFactory - Returning cached instance of singleton bean 'metaDataSourceAdvisor'
2020-03-14 21:57:10.972 [main] DEBUG o.s.b.f.s.DefaultListableBeanFactory - Returning cached instance of singleton bean 'org.springframework.transaction.config.internalTransactionAdvisor'
2020-03-14 21:57:10.972 [main] DEBUG o.s.b.f.s.DefaultListableBeanFactory - Returning cached instance of singleton bean 'metaDataSourceAdvisor'
2020-03-14 21:57:10.972 [main] DEBUG o.s.b.f.s.DefaultListableBeanFactory - Returning cached instance of singleton bean 'org.springframework.transaction.config.internalTransactionAdvisor'
2020-03-14 21:57:10.974 [main] DEBUG o.s.b.f.a.AutowiredAnnotationBeanPostProcessor - Autowiring by type from bean name 'documentationPluginsManager' to bean named 'apiListingBuilderPluginRegistry'
2020-03-14 21:57:10.974 [main] DEBUG o.s.b.f.annotation.InjectionMetadata - Processing injected element of bean 'documentationPluginsManager': AutowiredFieldElement for private org.springframework.plugin.core.PluginRegistry springfox.documentation.spring.web.plugins.DocumentationPluginsManager.parameterPlugins
2020-03-14 21:57:10.975 [main] DEBUG o.s.core.annotation.AnnotationUtils - Failed to meta-introspect annotation interface org.springframework.beans.factory.annotation.Autowired: java.lang.NullPointerException
2020-03-14 21:57:10.975 [main] DEBUG o.s.core.annotation.AnnotationUtils - Failed to meta-introspect annotation interface org.springframework.beans.factory.annotation.Qualifier: java.lang.NullPointerException
2020-03-14 21:57:10.980 [main] DEBUG o.s.b.f.s.DefaultListableBeanFactory - Returning cached instance of singleton bean 'parameterBuilderPluginRegistry'
2020-03-14 21:57:10.981 [main] DEBUG o.s.aop.framework.JdkDynamicAopProxy - Creating JDK dynamic proxy: target source is org.springframework.plugin.core.support.AbstractTypeAwareSupport$BeansOfTypeTargetSource@6f8fb906
2020-03-14 21:57:10.982 [main] DEBUG o.s.b.f.s.DefaultListableBeanFactory - Returning cached instance of singleton bean 'metaDataSourceAdvisor'
2020-03-14 21:57:10.983 [main] DEBUG o.s.b.f.s.DefaultListableBeanFactory - Returning cached instance of singleton bean 'org.springframework.transaction.config.internalTransactionAdvisor'
2020-03-14 21:57:10.983 [main] DEBUG o.s.b.f.s.DefaultListableBeanFactory - Returning cached instance of singleton bean 'metaDataSourceAdvisor'
2020-03-14 21:57:10.983 [main] DEBUG o.s.b.f.s.DefaultListableBeanFactory - Returning cached instance of singleton bean 'org.springframework.transaction.config.internalTransactionAdvisor'
2020-03-14 21:57:10.985 [main] DEBUG o.s.b.f.a.AutowiredAnnotationBeanPostProcessor - Autowiring by type from bean name 'documentationPluginsManager' to bean named 'parameterBuilderPluginRegistry'
2020-03-14 21:57:10.986 [main] DEBUG o.s.b.f.annotation.InjectionMetadata - Processing injected element of bean 'documentationPluginsManager': AutowiredFieldElement for private org.springframework.plugin.core.PluginRegistry springfox.documentation.spring.web.plugins.DocumentationPluginsManager.parameterExpanderPlugins
2020-03-14 21:57:10.987 [main] DEBUG o.s.core.annotation.AnnotationUtils - Failed to meta-introspect annotation interface org.springframework.beans.factory.annotation.Autowired: java.lang.NullPointerException
2020-03-14 21:57:10.987 [main] DEBUG o.s.core.annotation.AnnotationUtils - Failed to meta-introspect annotation interface org.springframework.beans.factory.annotation.Qualifier: java.lang.NullPointerException
2020-03-14 21:57:10.990 [main] DEBUG o.s.b.f.s.DefaultListableBeanFactory - Returning cached instance of singleton bean 'expandedParameterBuilderPluginRegistry'
2020-03-14 21:57:10.990 [main] DEBUG o.s.aop.framework.JdkDynamicAopProxy - Creating JDK dynamic proxy: target source is org.springframework.plugin.core.support.AbstractTypeAwareSupport$BeansOfTypeTargetSource@19855799
2020-03-14 21:57:10.990 [main] DEBUG o.s.b.f.s.DefaultListableBeanFactory - Returning cached instance of singleton bean 'metaDataSourceAdvisor'
2020-03-14 21:57:10.991 [main] DEBUG o.s.b.f.s.DefaultListableBeanFactory - Returning cached instance of singleton bean 'org.springframework.transaction.config.internalTransactionAdvisor'
2020-03-14 21:57:10.991 [main] DEBUG o.s.b.f.s.DefaultListableBeanFactory - Returning cached instance of singleton bean 'metaDataSourceAdvisor'
2020-03-14 21:57:10.991 [main] DEBUG o.s.b.f.s.DefaultListableBeanFactory - Returning cached instance of singleton bean 'org.springframework.transaction.config.internalTransactionAdvisor'
2020-03-14 21:57:10.991 [main] DEBUG o.s.b.f.a.AutowiredAnnotationBeanPostProcessor - Autowiring by type from bean name 'documentationPluginsManager' to bean named 'expandedParameterBuilderPluginRegistry'
2020-03-14 21:57:10.992 [main] DEBUG o.s.b.f.annotation.InjectionMetadata - Processing injected element of bean 'documentationPluginsManager': AutowiredFieldElement for private org.springframework.plugin.core.PluginRegistry springfox.documentation.spring.web.plugins.DocumentationPluginsManager.operationBuilderPlugins
2020-03-14 21:57:10.992 [main] DEBUG o.s.core.annotation.AnnotationUtils - Failed to meta-introspect annotation interface org.springframework.beans.factory.annotation.Autowired: java.lang.NullPointerException
2020-03-14 21:57:10.992 [main] DEBUG o.s.core.annotation.AnnotationUtils - Failed to meta-introspect annotation interface org.springframework.beans.factory.annotation.Qualifier: java.lang.NullPointerException
2020-03-14 21:57:11.000 [main] DEBUG o.s.b.f.s.DefaultListableBeanFactory - Returning cached instance of singleton bean 'operationBuilderPluginRegistry'
2020-03-14 21:57:11.000 [main] DEBUG o.s.aop.framework.JdkDynamicAopProxy - Creating JDK dynamic proxy: target source is org.springframework.plugin.core.support.AbstractTypeAwareSupport$BeansOfTypeTargetSource@75db328e
2020-03-14 21:57:11.000 [main] DEBUG o.s.b.f.s.DefaultListableBeanFactory - Returning cached instance of singleton bean 'metaDataSourceAdvisor'
2020-03-14 21:57:11.000 [main] DEBUG o.s.b.f.s.DefaultListableBeanFactory - Returning cached instance of singleton bean 'org.springframework.transaction.config.internalTransactionAdvisor'
2020-03-14 21:57:11.000 [main] DEBUG o.s.b.f.s.DefaultListableBeanFactory - Returning cached instance of singleton bean 'metaDataSourceAdvisor'
2020-03-14 21:57:11.000 [main] DEBUG o.s.b.f.s.DefaultListableBeanFactory - Returning cached instance of singleton bean 'org.springframework.transaction.config.internalTransactionAdvisor'
2020-03-14 21:57:11.001 [main] DEBUG o.s.b.f.a.AutowiredAnnotationBeanPostProcessor - Autowiring by type from bean name 'documentationPluginsManager' to bean named 'operationBuilderPluginRegistry'
2020-03-14 21:57:11.001 [main] DEBUG o.s.b.f.annotation.InjectionMetadata - Processing injected element of bean 'documentationPluginsManager': AutowiredFieldElement for private org.springframework.plugin.core.PluginRegistry springfox.documentation.spring.web.plugins.DocumentationPluginsManager.resourceGroupingStrategies
2020-03-14 21:57:11.001 [main] DEBUG o.s.core.annotation.AnnotationUtils - Failed to meta-introspect annotation interface org.springframework.beans.factory.annotation.Autowired: java.lang.NullPointerException
2020-03-14 21:57:11.002 [main] DEBUG o.s.core.annotation.AnnotationUtils - Failed to meta-introspect annotation interface org.springframework.beans.factory.annotation.Qualifier: java.lang.NullPointerException
2020-03-14 21:57:11.003 [main] DEBUG o.s.b.f.s.DefaultListableBeanFactory - Returning cached instance of singleton bean 'resourceGroupingStrategyRegistry'
2020-03-14 21:57:11.003 [main] DEBUG o.s.aop.framework.JdkDynamicAopProxy - Creating JDK dynamic proxy: target source is org.springframework.plugin.core.support.AbstractTypeAwareSupport$BeansOfTypeTargetSource@1c06f19c
2020-03-14 21:57:11.003 [main] DEBUG o.s.b.f.s.DefaultListableBeanFactory - Returning cached instance of singleton bean 'metaDataSourceAdvisor'
2020-03-14 21:57:11.003 [main] DEBUG o.s.b.f.s.DefaultListableBeanFactory - Returning cached instance of singleton bean 'org.springframework.transaction.config.internalTransactionAdvisor'
2020-03-14 21:57:11.003 [main] DEBUG o.s.b.f.s.DefaultListableBeanFactory - Returning cached instance of singleton bean 'metaDataSourceAdvisor'
2020-03-14 21:57:11.003 [main] DEBUG o.s.b.f.s.DefaultListableBeanFactory - Returning cached instance of singleton bean 'org.springframework.transaction.config.internalTransactionAdvisor'
2020-03-14 21:57:11.005 [main] DEBUG o.s.b.f.a.AutowiredAnnotationBeanPostProcessor - Autowiring by type from bean name 'documentationPluginsManager' to bean named 'resourceGroupingStrategyRegistry'
2020-03-14 21:57:11.007 [main] DEBUG o.s.b.f.annotation.InjectionMetadata - Processing injected element of bean 'documentationPluginsManager': AutowiredFieldElement for private org.springframework.plugin.core.PluginRegistry springfox.documentation.spring.web.plugins.DocumentationPluginsManager.operationModelsProviders
2020-03-14 21:57:11.007 [main] DEBUG o.s.core.annotation.AnnotationUtils - Failed to meta-introspect annotation interface org.springframework.beans.factory.annotation.Autowired: java.lang.NullPointerException
2020-03-14 21:57:11.012 [main] DEBUG o.s.core.annotation.AnnotationUtils - Failed to meta-introspect annotation interface org.springframework.beans.factory.annotation.Qualifier: java.lang.NullPointerException
2020-03-14 21:57:11.015 [main] DEBUG o.s.b.f.s.DefaultListableBeanFactory - Returning cached instance of singleton bean 'operationModelsProviderPluginRegistry'
2020-03-14 21:57:11.016 [main] DEBUG o.s.aop.framework.JdkDynamicAopProxy - Creating JDK dynamic proxy: target source is org.springframework.plugin.core.support.AbstractTypeAwareSupport$BeansOfTypeTargetSource@4a8bf1dc
2020-03-14 21:57:11.018 [main] DEBUG o.s.b.f.s.DefaultListableBeanFactory - Returning cached instance of singleton bean 'metaDataSourceAdvisor'
2020-03-14 21:57:11.019 [main] DEBUG o.s.b.f.s.DefaultListableBeanFactory - Returning cached instance of singleton bean 'org.springframework.transaction.config.internalTransactionAdvisor'
2020-03-14 21:57:11.019 [main] DEBUG o.s.b.f.s.DefaultListableBeanFactory - Returning cached instance of singleton bean 'metaDataSourceAdvisor'
2020-03-14 21:57:11.019 [main] DEBUG o.s.b.f.s.DefaultListableBeanFactory - Returning cached instance of singleton bean 'org.springframework.transaction.config.internalTransactionAdvisor'
2020-03-14 21:57:11.023 [main] DEBUG o.s.b.f.a.AutowiredAnnotationBeanPostProcessor - Autowiring by type from bean name 'documentationPluginsManager' to bean named 'operationModelsProviderPluginRegistry'
2020-03-14 21:57:11.023 [main] DEBUG o.s.b.f.annotation.InjectionMetadata - Processing injected element of bean 'documentationPluginsManager': AutowiredFieldElement for private org.springframework.plugin.core.PluginRegistry springfox.documentation.spring.web.plugins.DocumentationPluginsManager.defaultsProviders
2020-03-14 21:57:11.024 [main] DEBUG o.s.core.annotation.AnnotationUtils - Failed to meta-introspect annotation interface org.springframework.beans.factory.annotation.Autowired: java.lang.NullPointerException
2020-03-14 21:57:11.024 [main] DEBUG o.s.core.annotation.AnnotationUtils - Failed to meta-introspect annotation interface org.springframework.beans.factory.annotation.Qualifier: java.lang.NullPointerException
2020-03-14 21:57:11.025 [main] DEBUG o.s.b.f.s.DefaultListableBeanFactory - Returning cached instance of singleton bean 'defaultsProviderPluginRegistry'
2020-03-14 21:57:11.026 [main] DEBUG o.s.aop.framework.JdkDynamicAopProxy - Creating JDK dynamic proxy: target source is org.springframework.plugin.core.support.AbstractTypeAwareSupport$BeansOfTypeTargetSource@7f5f7731
2020-03-14 21:57:11.026 [main] DEBUG o.s.b.f.s.DefaultListableBeanFactory - Returning cached instance of singleton bean 'metaDataSourceAdvisor'
2020-03-14 21:57:11.026 [main] DEBUG o.s.b.f.s.DefaultListableBeanFactory - Returning cached instance of singleton bean 'org.springframework.transaction.config.internalTransactionAdvisor'
2020-03-14 21:57:11.026 [main] DEBUG o.s.b.f.s.DefaultListableBeanFactory - Returning cached instance of singleton bean 'metaDataSourceAdvisor'
2020-03-14 21:57:11.027 [main] DEBUG o.s.b.f.s.DefaultListableBeanFactory - Returning cached instance of singleton bean 'org.springframework.transaction.config.internalTransactionAdvisor'
2020-03-14 21:57:11.027 [main] DEBUG o.s.b.f.a.AutowiredAnnotationBeanPostProcessor - Autowiring by type from bean name 'documentationPluginsManager' to bean named 'defaultsProviderPluginRegistry'
2020-03-14 21:57:11.028 [main] DEBUG o.s.b.f.annotation.InjectionMetadata - Processing injected element of bean 'documentationPluginsManager': AutowiredFieldElement for private org.springframework.plugin.core.PluginRegistry springfox.documentation.spring.web.plugins.DocumentationPluginsManager.pathDecorators
2020-03-14 21:57:11.029 [main] DEBUG o.s.core.annotation.AnnotationUtils - Failed to meta-introspect annotation interface org.springframework.beans.factory.annotation.Autowired: java.lang.NullPointerException
2020-03-14 21:57:11.029 [main] DEBUG o.s.core.annotation.AnnotationUtils - Failed to meta-introspect annotation interface org.springframework.beans.factory.annotation.Qualifier: java.lang.NullPointerException
2020-03-14 21:57:11.033 [main] DEBUG o.s.b.f.s.DefaultListableBeanFactory - Returning cached instance of singleton bean 'pathDecoratorRegistry'
2020-03-14 21:57:11.033 [main] DEBUG o.s.aop.framework.JdkDynamicAopProxy - Creating JDK dynamic proxy: target source is org.springframework.plugin.core.support.AbstractTypeAwareSupport$BeansOfTypeTargetSource@66046e7c
2020-03-14 21:57:11.033 [main] DEBUG o.s.b.f.s.DefaultListableBeanFactory - Returning cached instance of singleton bean 'metaDataSourceAdvisor'
2020-03-14 21:57:11.033 [main] DEBUG o.s.b.f.s.DefaultListableBeanFactory - Returning cached instance of singleton bean 'org.springframework.transaction.config.internalTransactionAdvisor'
2020-03-14 21:57:11.033 [main] DEBUG o.s.b.f.s.DefaultListableBeanFactory - Returning cached instance of singleton bean 'metaDataSourceAdvisor'
2020-03-14 21:57:11.033 [main] DEBUG o.s.b.f.s.DefaultListableBeanFactory - Returning cached instance of singleton bean 'org.springframework.transaction.config.internalTransactionAdvisor'
2020-03-14 21:57:11.034 [main] DEBUG o.s.b.f.a.AutowiredAnnotationBeanPostProcessor - Autowiring by type from bean name 'documentationPluginsManager' to bean named 'pathDecoratorRegistry'
2020-03-14 21:57:11.034 [main] DEBUG o.s.b.f.annotation.InjectionMetadata - Processing injected element of bean 'documentationPluginsManager': AutowiredFieldElement for private org.springframework.plugin.core.PluginRegistry springfox.documentation.spring.web.plugins.DocumentationPluginsManager.apiListingScanners
2020-03-14 21:57:11.034 [main] DEBUG o.s.core.annotation.AnnotationUtils - Failed to meta-introspect annotation interface org.springframework.beans.factory.annotation.Autowired: java.lang.NullPointerException
2020-03-14 21:57:11.034 [main] DEBUG o.s.core.annotation.AnnotationUtils - Failed to meta-introspect annotation interface org.springframework.beans.factory.annotation.Qualifier: java.lang.NullPointerException
2020-03-14 21:57:11.035 [main] DEBUG o.s.b.f.s.DefaultListableBeanFactory - Returning cached instance of singleton bean 'apiListingScannerPluginRegistry'
2020-03-14 21:57:11.035 [main] DEBUG o.s.aop.framework.JdkDynamicAopProxy - Creating JDK dynamic proxy: target source is org.springframework.plugin.core.support.AbstractTypeAwareSupport$BeansOfTypeTargetSource@4e3a6c83
2020-03-14 21:57:11.035 [main] DEBUG o.s.b.f.s.DefaultListableBeanFactory - Returning cached instance of singleton bean 'metaDataSourceAdvisor'
2020-03-14 21:57:11.035 [main] DEBUG o.s.b.f.s.DefaultListableBeanFactory - Returning cached instance of singleton bean 'org.springframework.transaction.config.internalTransactionAdvisor'
2020-03-14 21:57:11.035 [main] DEBUG o.s.b.f.s.DefaultListableBeanFactory - Returning cached instance of singleton bean 'metaDataSourceAdvisor'
2020-03-14 21:57:11.035 [main] DEBUG o.s.b.f.s.DefaultListableBeanFactory - Returning cached instance of singleton bean 'org.springframework.transaction.config.internalTransactionAdvisor'
2020-03-14 21:57:11.036 [main] DEBUG o.s.b.f.a.AutowiredAnnotationBeanPostProcessor - Autowiring by type from bean name 'documentationPluginsManager' to bean named 'apiListingScannerPluginRegistry'
2020-03-14 21:57:11.036 [main] DEBUG o.s.b.f.s.DefaultListableBeanFactory - Returning cached instance of singleton bean 'metaDataSourceAdvisor'
2020-03-14 21:57:11.036 [main] DEBUG o.s.b.f.s.DefaultListableBeanFactory - Returning cached instance of singleton bean 'org.springframework.transaction.config.internalTransactionAdvisor'
2020-03-14 21:57:11.036 [main] DEBUG o.s.b.f.s.DefaultListableBeanFactory - Returning cached instance of singleton bean 'metaDataSourceAdvisor'
2020-03-14 21:57:11.036 [main] DEBUG o.s.b.f.s.DefaultListableBeanFactory - Returning cached instance of singleton bean 'org.springframework.transaction.config.internalTransactionAdvisor'
2020-03-14 21:57:11.037 [main] DEBUG o.s.b.f.s.DefaultListableBeanFactory - Finished creating instance of bean 'documentationPluginsManager'
2020-03-14 21:57:11.040 [main] DEBUG o.s.b.f.s.DefaultListableBeanFactory - Creating shared instance of singleton bean 'cachingOperationNameGenerator'
2020-03-14 21:57:11.040 [main] DEBUG o.s.b.f.s.DefaultListableBeanFactory - Creating instance of bean 'cachingOperationNameGenerator'
2020-03-14 21:57:11.040 [main] DEBUG o.s.b.f.s.DefaultListableBeanFactory - Returning cached instance of singleton bean 'metaDataSourceAdvisor'
2020-03-14 21:57:11.041 [main] DEBUG o.s.b.f.s.DefaultListableBeanFactory - Returning cached instance of singleton bean 'org.springframework.transaction.config.internalTransactionAdvisor'
2020-03-14 21:57:11.041 [main] DEBUG o.s.b.f.s.DefaultListableBeanFactory - Eagerly caching bean 'cachingOperationNameGenerator' to allow for resolving potential circular references
2020-03-14 21:57:11.045 [main] DEBUG o.s.b.f.s.DefaultListableBeanFactory - Returning cached instance of singleton bean 'metaDataSourceAdvisor'
2020-03-14 21:57:11.045 [main] DEBUG o.s.b.f.s.DefaultListableBeanFactory - Returning cached instance of singleton bean 'org.springframework.transaction.config.internalTransactionAdvisor'
2020-03-14 21:57:11.045 [main] DEBUG o.s.b.f.s.DefaultListableBeanFactory - Returning cached instance of singleton bean 'metaDataSourceAdvisor'
2020-03-14 21:57:11.045 [main] DEBUG o.s.b.f.s.DefaultListableBeanFactory - Returning cached instance of singleton bean 'org.springframework.transaction.config.internalTransactionAdvisor'
2020-03-14 21:57:11.046 [main] DEBUG o.s.b.f.s.DefaultListableBeanFactory - Finished creating instance of bean 'cachingOperationNameGenerator'
2020-03-14 21:57:11.047 [main] DEBUG o.s.b.f.s.DefaultListableBeanFactory - Autowiring by type from bean name 'apiOperationReader' via constructor to bean named 'documentationPluginsManager'
2020-03-14 21:57:11.047 [main] DEBUG o.s.b.f.s.DefaultListableBeanFactory - Autowiring by type from bean name 'apiOperationReader' via constructor to bean named 'cachingOperationNameGenerator'
2020-03-14 21:57:11.047 [main] DEBUG o.s.b.f.s.DefaultListableBeanFactory - Eagerly caching bean 'apiOperationReader' to allow for resolving potential circular references
2020-03-14 21:57:11.054 [main] DEBUG o.s.b.f.s.DefaultListableBeanFactory - Returning cached instance of singleton bean 'metaDataSourceAdvisor'
2020-03-14 21:57:11.054 [main] DEBUG o.s.b.f.s.DefaultListableBeanFactory - Returning cached instance of singleton bean 'org.springframework.transaction.config.internalTransactionAdvisor'
2020-03-14 21:57:11.055 [main] DEBUG o.s.b.f.s.DefaultListableBeanFactory - Returning cached instance of singleton bean 'metaDataSourceAdvisor'
2020-03-14 21:57:11.055 [main] DEBUG o.s.b.f.s.DefaultListableBeanFactory - Returning cached instance of singleton bean 'org.springframework.transaction.config.internalTransactionAdvisor'
2020-03-14 21:57:11.057 [main] DEBUG o.s.b.f.s.DefaultListableBeanFactory - Finished creating instance of bean 'apiOperationReader'
2020-03-14 21:57:11.057 [main] DEBUG o.s.b.f.s.DefaultListableBeanFactory - Autowiring by type from bean name 'cachingOperationReader' via constructor to bean named 'apiOperationReader'
2020-03-14 21:57:11.108 [main] DEBUG o.s.b.f.s.DefaultListableBeanFactory - Eagerly caching bean 'cachingOperationReader' to allow for resolving potential circular references
2020-03-14 21:57:11.110 [main] DEBUG o.s.b.f.s.DefaultListableBeanFactory - Returning cached instance of singleton bean 'metaDataSourceAdvisor'
2020-03-14 21:57:11.111 [main] DEBUG o.s.b.f.s.DefaultListableBeanFactory - Returning cached instance of singleton bean 'org.springframework.transaction.config.internalTransactionAdvisor'
2020-03-14 21:57:11.111 [main] DEBUG o.s.b.f.s.DefaultListableBeanFactory - Returning cached instance of singleton bean 'metaDataSourceAdvisor'
2020-03-14 21:57:11.111 [main] DEBUG o.s.b.f.s.DefaultListableBeanFactory - Returning cached instance of singleton bean 'org.springframework.transaction.config.internalTransactionAdvisor'
2020-03-14 21:57:11.111 [main] DEBUG o.s.b.f.s.DefaultListableBeanFactory - Finished creating instance of bean 'cachingOperationReader'
2020-03-14 21:57:11.111 [main] DEBUG o.s.b.f.s.DefaultListableBeanFactory - Returning cached instance of singleton bean 'documentationPluginsManager'
2020-03-14 21:57:11.118 [main] DEBUG o.s.b.f.s.DefaultListableBeanFactory - Returning cached instance of singleton bean 'apiDescriptionLookup'
2020-03-14 21:57:11.119 [main] DEBUG o.s.b.f.s.DefaultListableBeanFactory - Autowiring by type from bean name 'apiDescriptionReader' via constructor to bean named 'cachingOperationReader'
2020-03-14 21:57:11.119 [main] DEBUG o.s.b.f.s.DefaultListableBeanFactory - Autowiring by type from bean name 'apiDescriptionReader' via constructor to bean named 'documentationPluginsManager'
2020-03-14 21:57:11.119 [main] DEBUG o.s.b.f.s.DefaultListableBeanFactory - Autowiring by type from bean name 'apiDescriptionReader' via constructor to bean named 'apiDescriptionLookup'
2020-03-14 21:57:11.119 [main] DEBUG o.s.b.f.s.DefaultListableBeanFactory - Eagerly caching bean 'apiDescriptionReader' to allow for resolving potential circular references
2020-03-14 21:57:11.125 [main] DEBUG o.s.b.f.s.DefaultListableBeanFactory - Returning cached instance of singleton bean 'metaDataSourceAdvisor'
2020-03-14 21:57:11.125 [main] DEBUG o.s.b.f.s.DefaultListableBeanFactory - Returning cached instance of singleton bean 'org.springframework.transaction.config.internalTransactionAdvisor'
2020-03-14 21:57:11.125 [main] DEBUG o.s.b.f.s.DefaultListableBeanFactory - Returning cached instance of singleton bean 'metaDataSourceAdvisor'
2020-03-14 21:57:11.125 [main] DEBUG o.s.b.f.s.DefaultListableBeanFactory - Returning cached instance of singleton bean 'org.springframework.transaction.config.internalTransactionAdvisor'
2020-03-14 21:57:11.125 [main] DEBUG o.s.b.f.s.DefaultListableBeanFactory - Finished creating instance of bean 'apiDescriptionReader'
2020-03-14 21:57:11.126 [main] DEBUG o.s.b.f.s.DefaultListableBeanFactory - Creating shared instance of singleton bean 'apiDocumentationScanner'
2020-03-14 21:57:11.126 [main] DEBUG o.s.b.f.s.DefaultListableBeanFactory - Creating instance of bean 'apiDocumentationScanner'
2020-03-14 21:57:11.126 [main] DEBUG o.s.b.f.s.DefaultListableBeanFactory - Returning cached instance of singleton bean 'metaDataSourceAdvisor'
2020-03-14 21:57:11.126 [main] DEBUG o.s.b.f.s.DefaultListableBeanFactory - Returning cached instance of singleton bean 'org.springframework.transaction.config.internalTransactionAdvisor'
2020-03-14 21:57:11.134 [main] DEBUG o.s.b.f.s.DefaultListableBeanFactory - Creating shared instance of singleton bean 'apiListingReferenceScanner'
2020-03-14 21:57:11.134 [main] DEBUG o.s.b.f.s.DefaultListableBeanFactory - Creating instance of bean 'apiListingReferenceScanner'
2020-03-14 21:57:11.134 [main] DEBUG o.s.b.f.s.DefaultListableBeanFactory - Returning cached instance of singleton bean 'metaDataSourceAdvisor'
2020-03-14 21:57:11.134 [main] DEBUG o.s.b.f.s.DefaultListableBeanFactory - Returning cached instance of singleton bean 'org.springframework.transaction.config.internalTransactionAdvisor'
2020-03-14 21:57:11.136 [main] DEBUG o.s.b.f.s.DefaultListableBeanFactory - Eagerly caching bean 'apiListingReferenceScanner' to allow for resolving potential circular references
2020-03-14 21:57:11.141 [main] DEBUG o.s.b.f.s.DefaultListableBeanFactory - Returning cached instance of singleton bean 'metaDataSourceAdvisor'
2020-03-14 21:57:11.141 [main] DEBUG o.s.b.f.s.DefaultListableBeanFactory - Returning cached instance of singleton bean 'org.springframework.transaction.config.internalTransactionAdvisor'
2020-03-14 21:57:11.141 [main] DEBUG o.s.b.f.s.DefaultListableBeanFactory - Returning cached instance of singleton bean 'metaDataSourceAdvisor'
2020-03-14 21:57:11.141 [main] DEBUG o.s.b.f.s.DefaultListableBeanFactory - Returning cached instance of singleton bean 'org.springframework.transaction.config.internalTransactionAdvisor'
2020-03-14 21:57:11.141 [main] DEBUG o.s.b.f.s.DefaultListableBeanFactory - Finished creating instance of bean 'apiListingReferenceScanner'
2020-03-14 21:57:11.146 [main] DEBUG o.s.b.f.s.DefaultListableBeanFactory - Creating shared instance of singleton bean 'apiListingScanner'
2020-03-14 21:57:11.151 [main] DEBUG o.s.b.f.s.DefaultListableBeanFactory - Creating instance of bean 'apiListingScanner'
2020-03-14 21:57:11.152 [main] DEBUG o.s.b.f.s.DefaultListableBeanFactory - Returning cached instance of singleton bean 'metaDataSourceAdvisor'
2020-03-14 21:57:11.152 [main] DEBUG o.s.b.f.s.DefaultListableBeanFactory - Returning cached instance of singleton bean 'org.springframework.transaction.config.internalTransactionAdvisor'
2020-03-14 21:57:11.158 [main] DEBUG o.s.b.f.s.DefaultListableBeanFactory - Returning cached instance of singleton bean 'apiDescriptionReader'
2020-03-14 21:57:11.163 [main] DEBUG o.s.b.f.s.DefaultListableBeanFactory - Creating shared instance of singleton bean 'apiModelReader'
2020-03-14 21:57:11.164 [main] DEBUG o.s.b.f.s.DefaultListableBeanFactory - Creating instance of bean 'apiModelReader'
2020-03-14 21:57:11.164 [main] DEBUG o.s.b.f.s.DefaultListableBeanFactory - Returning cached instance of singleton bean 'metaDataSourceAdvisor'
2020-03-14 21:57:11.164 [main] DEBUG o.s.b.f.s.DefaultListableBeanFactory - Returning cached instance of singleton bean 'org.springframework.transaction.config.internalTransactionAdvisor'
2020-03-14 21:57:11.168 [main] DEBUG o.s.core.annotation.AnnotationUtils - Failed to meta-introspect annotation interface org.springframework.beans.factory.annotation.Qualifier: java.lang.NullPointerException
2020-03-14 21:57:11.173 [main] DEBUG o.s.b.f.s.DefaultListableBeanFactory - Creating shared instance of singleton bean 'cachingModelProvider'
2020-03-14 21:57:11.173 [main] DEBUG o.s.b.f.s.DefaultListableBeanFactory - Creating instance of bean 'cachingModelProvider'
2020-03-14 21:57:11.173 [main] DEBUG o.s.b.f.s.DefaultListableBeanFactory - Returning cached instance of singleton bean 'metaDataSourceAdvisor'
2020-03-14 21:57:11.173 [main] DEBUG o.s.b.f.s.DefaultListableBeanFactory - Returning cached instance of singleton bean 'org.springframework.transaction.config.internalTransactionAdvisor'
2020-03-14 21:57:11.175 [main] DEBUG o.s.core.annotation.AnnotationUtils - Failed to meta-introspect annotation interface org.springframework.beans.factory.annotation.Qualifier: java.lang.NullPointerException
2020-03-14 21:57:11.175 [main] DEBUG o.s.b.f.s.DefaultListableBeanFactory - Creating shared instance of singleton bean 'defaultModelProvider'
2020-03-14 21:57:11.175 [main] DEBUG o.s.b.f.s.DefaultListableBeanFactory - Creating instance of bean 'defaultModelProvider'
2020-03-14 21:57:11.175 [main] DEBUG o.s.b.f.s.DefaultListableBeanFactory - Returning cached instance of singleton bean 'metaDataSourceAdvisor'
2020-03-14 21:57:11.175 [main] DEBUG o.s.b.f.s.DefaultListableBeanFactory - Returning cached instance of singleton bean 'org.springframework.transaction.config.internalTransactionAdvisor'
2020-03-14 21:57:11.197 [main] DEBUG o.s.b.f.s.DefaultListableBeanFactory - Creating shared instance of singleton bean 'typeResolver'
2020-03-14 21:57:11.197 [main] DEBUG o.s.b.f.s.DefaultListableBeanFactory - Creating instance of bean 'typeResolver'
2020-03-14 21:57:11.197 [main] DEBUG o.s.b.f.s.DefaultListableBeanFactory - Returning cached instance of singleton bean 'metaDataSourceAdvisor'
2020-03-14 21:57:11.197 [main] DEBUG o.s.b.f.s.DefaultListableBeanFactory - Returning cached instance of singleton bean 'org.springframework.transaction.config.internalTransactionAdvisor'
2020-03-14 21:57:11.197 [main] DEBUG o.s.b.f.s.DefaultListableBeanFactory - Creating shared instance of singleton bean 'springfox.documentation.schema.configuration.ModelsConfiguration'
2020-03-14 21:57:11.197 [main] DEBUG o.s.b.f.s.DefaultListableBeanFactory - Creating instance of bean 'springfox.documentation.schema.configuration.ModelsConfiguration'
2020-03-14 21:57:11.198 [main] DEBUG o.s.b.f.s.DefaultListableBeanFactory - Returning cached instance of singleton bean 'metaDataSourceAdvisor'
2020-03-14 21:57:11.198 [main] DEBUG o.s.b.f.s.DefaultListableBeanFactory - Returning cached instance of singleton bean 'org.springframework.transaction.config.internalTransactionAdvisor'
2020-03-14 21:57:11.201 [main] DEBUG o.s.b.f.s.DefaultListableBeanFactory - Eagerly caching bean 'springfox.documentation.schema.configuration.ModelsConfiguration' to allow for resolving potential circular references
2020-03-14 21:57:11.226 [main] DEBUG o.s.b.f.s.DefaultListableBeanFactory - Returning cached instance of singleton bean 'metaDataSourceAdvisor'
2020-03-14 21:57:11.226 [main] DEBUG o.s.b.f.s.DefaultListableBeanFactory - Returning cached instance of singleton bean 'org.springframework.transaction.config.internalTransactionAdvisor'
2020-03-14 21:57:11.226 [main] DEBUG o.s.b.f.s.DefaultListableBeanFactory - Returning cached instance of singleton bean 'metaDataSourceAdvisor'
2020-03-14 21:57:11.226 [main] DEBUG o.s.b.f.s.DefaultListableBeanFactory - Returning cached instance of singleton bean 'org.springframework.transaction.config.internalTransactionAdvisor'
2020-03-14 21:57:11.237 [main] DEBUG o.s.b.f.s.DefaultListableBeanFactory - Finished creating instance of bean 'springfox.documentation.schema.configuration.ModelsConfiguration'
2020-03-14 21:57:11.246 [main] DEBUG o.s.b.f.s.DefaultListableBeanFactory - Eagerly caching bean 'typeResolver' to allow for resolving potential circular references
2020-03-14 21:57:11.253 [main] DEBUG o.s.b.f.s.DefaultListableBeanFactory - Returning cached instance of singleton bean 'metaDataSourceAdvisor'
2020-03-14 21:57:11.253 [main] DEBUG o.s.b.f.s.DefaultListableBeanFactory - Returning cached instance of singleton bean 'org.springframework.transaction.config.internalTransactionAdvisor'
2020-03-14 21:57:11.253 [main] DEBUG o.s.b.f.s.DefaultListableBeanFactory - Returning cached instance of singleton bean 'metaDataSourceAdvisor'
2020-03-14 21:57:11.254 [main] DEBUG o.s.b.f.s.DefaultListableBeanFactory - Returning cached instance of singleton bean 'org.springframework.transaction.config.internalTransactionAdvisor'
2020-03-14 21:57:11.256 [main] DEBUG o.s.b.f.s.DefaultListableBeanFactory - Finished creating instance of bean 'typeResolver'
2020-03-14 21:57:11.258 [main] DEBUG o.s.core.annotation.AnnotationUtils - Failed to meta-introspect annotation interface org.springframework.beans.factory.annotation.Qualifier: java.lang.NullPointerException
2020-03-14 21:57:11.266 [main] DEBUG o.s.b.f.s.DefaultListableBeanFactory - Creating shared instance of singleton bean 'cachingModelPropertiesProvider'
2020-03-14 21:57:11.266 [main] DEBUG o.s.b.f.s.DefaultListableBeanFactory - Creating instance of bean 'cachingModelPropertiesProvider'
2020-03-14 21:57:11.267 [main] DEBUG o.s.b.f.s.DefaultListableBeanFactory - Returning cached instance of singleton bean 'metaDataSourceAdvisor'
2020-03-14 21:57:11.267 [main] DEBUG o.s.b.f.s.DefaultListableBeanFactory - Returning cached instance of singleton bean 'org.springframework.transaction.config.internalTransactionAdvisor'
2020-03-14 21:57:11.271 [main] DEBUG o.s.b.f.s.DefaultListableBeanFactory - Returning cached instance of singleton bean 'typeResolver'
2020-03-14 21:57:11.274 [main] DEBUG o.s.core.annotation.AnnotationUtils - Failed to meta-introspect annotation interface org.springframework.beans.factory.annotation.Qualifier: java.lang.NullPointerException
2020-03-14 21:57:11.277 [main] DEBUG o.s.b.f.s.DefaultListableBeanFactory - Creating shared instance of singleton bean 'optimized'
2020-03-14 21:57:11.278 [main] DEBUG o.s.b.f.s.DefaultListableBeanFactory - Creating instance of bean 'optimized'
2020-03-14 21:57:11.280 [main] DEBUG o.s.b.f.s.DefaultListableBeanFactory - Returning cached instance of singleton bean 'metaDataSourceAdvisor'
2020-03-14 21:57:11.280 [main] DEBUG o.s.b.f.s.DefaultListableBeanFactory - Returning cached instance of singleton bean 'org.springframework.transaction.config.internalTransactionAdvisor'
2020-03-14 21:57:11.287 [main] DEBUG o.s.b.f.s.DefaultListableBeanFactory - Creating shared instance of singleton bean 'accessorsProvider'
2020-03-14 21:57:11.287 [main] DEBUG o.s.b.f.s.DefaultListableBeanFactory - Creating instance of bean 'accessorsProvider'
2020-03-14 21:57:11.287 [main] DEBUG o.s.b.f.s.DefaultListableBeanFactory - Returning cached instance of singleton bean 'metaDataSourceAdvisor'
2020-03-14 21:57:11.288 [main] DEBUG o.s.b.f.s.DefaultListableBeanFactory - Returning cached instance of singleton bean 'org.springframework.transaction.config.internalTransactionAdvisor'
2020-03-14 21:57:11.289 [main] DEBUG o.s.b.f.s.DefaultListableBeanFactory - Returning cached instance of singleton bean 'typeResolver'
2020-03-14 21:57:11.289 [main] DEBUG o.s.b.f.s.DefaultListableBeanFactory - Autowiring by type from bean name 'accessorsProvider' via constructor to bean named 'typeResolver'
2020-03-14 21:57:11.289 [main] DEBUG o.s.b.f.s.DefaultListableBeanFactory - Eagerly caching bean 'accessorsProvider' to allow for resolving potential circular references
2020-03-14 21:57:11.291 [main] DEBUG o.s.b.f.s.DefaultListableBeanFactory - Returning cached instance of singleton bean 'metaDataSourceAdvisor'
2020-03-14 21:57:11.291 [main] DEBUG o.s.b.f.s.DefaultListableBeanFactory - Returning cached instance of singleton bean 'org.springframework.transaction.config.internalTransactionAdvisor'
2020-03-14 21:57:11.292 [main] DEBUG o.s.b.f.s.DefaultListableBeanFactory - Returning cached instance of singleton bean 'metaDataSourceAdvisor'
2020-03-14 21:57:11.292 [main] DEBUG o.s.b.f.s.DefaultListableBeanFactory - Returning cached instance of singleton bean 'org.springframework.transaction.config.internalTransactionAdvisor'
2020-03-14 21:57:11.292 [main] DEBUG o.s.b.f.s.DefaultListableBeanFactory - Finished creating instance of bean 'accessorsProvider'
2020-03-14 21:57:11.296 [main] DEBUG o.s.b.f.s.DefaultListableBeanFactory - Creating shared instance of singleton bean 'fieldProvider'
2020-03-14 21:57:11.296 [main] DEBUG o.s.b.f.s.DefaultListableBeanFactory - Creating instance of bean 'fieldProvider'
2020-03-14 21:57:11.296 [main] DEBUG o.s.b.f.s.DefaultListableBeanFactory - Returning cached instance of singleton bean 'metaDataSourceAdvisor'
2020-03-14 21:57:11.296 [main] DEBUG o.s.b.f.s.DefaultListableBeanFactory - Returning cached instance of singleton bean 'org.springframework.transaction.config.internalTransactionAdvisor'
2020-03-14 21:57:11.298 [main] DEBUG o.s.b.f.s.DefaultListableBeanFactory - Returning cached instance of singleton bean 'typeResolver'
2020-03-14 21:57:11.299 [main] DEBUG o.s.b.f.s.DefaultListableBeanFactory - Autowiring by type from bean name 'fieldProvider' via constructor to bean named 'typeResolver'
2020-03-14 21:57:11.299 [main] DEBUG o.s.b.f.s.DefaultListableBeanFactory - Eagerly caching bean 'fieldProvider' to allow for resolving potential circular references
2020-03-14 21:57:11.301 [main] DEBUG o.s.b.f.s.DefaultListableBeanFactory - Returning cached instance of singleton bean 'metaDataSourceAdvisor'
2020-03-14 21:57:11.301 [main] DEBUG o.s.b.f.s.DefaultListableBeanFactory - Returning cached instance of singleton bean 'org.springframework.transaction.config.internalTransactionAdvisor'
2020-03-14 21:57:11.301 [main] DEBUG o.s.b.f.s.DefaultListableBeanFactory - Returning cached instance of singleton bean 'metaDataSourceAdvisor'
2020-03-14 21:57:11.301 [main] DEBUG o.s.b.f.s.DefaultListableBeanFactory - Returning cached instance of singleton bean 'org.springframework.transaction.config.internalTransactionAdvisor'
2020-03-14 21:57:11.302 [main] DEBUG o.s.b.f.s.DefaultListableBeanFactory - Finished creating instance of bean 'fieldProvider'
2020-03-14 21:57:11.305 [main] DEBUG o.s.b.f.s.DefaultListableBeanFactory - Creating shared instance of singleton bean 'factoryMethodProvider'
2020-03-14 21:57:11.305 [main] DEBUG o.s.b.f.s.DefaultListableBeanFactory - Creating instance of bean 'factoryMethodProvider'
2020-03-14 21:57:11.305 [main] DEBUG o.s.b.f.s.DefaultListableBeanFactory - Returning cached instance of singleton bean 'metaDataSourceAdvisor'
2020-03-14 21:57:11.305 [main] DEBUG o.s.b.f.s.DefaultListableBeanFactory - Returning cached instance of singleton bean 'org.springframework.transaction.config.internalTransactionAdvisor'
2020-03-14 21:57:11.306 [main] DEBUG o.s.b.f.s.DefaultListableBeanFactory - Returning cached instance of singleton bean 'typeResolver'
2020-03-14 21:57:11.306 [main] DEBUG o.s.b.f.s.DefaultListableBeanFactory - Autowiring by type from bean name 'factoryMethodProvider' via constructor to bean named 'typeResolver'
2020-03-14 21:57:11.306 [main] DEBUG o.s.b.f.s.DefaultListableBeanFactory - Eagerly caching bean 'factoryMethodProvider' to allow for resolving potential circular references
2020-03-14 21:57:11.308 [main] DEBUG o.s.b.f.s.DefaultListableBeanFactory - Returning cached instance of singleton bean 'metaDataSourceAdvisor'
2020-03-14 21:57:11.308 [main] DEBUG o.s.b.f.s.DefaultListableBeanFactory - Returning cached instance of singleton bean 'org.springframework.transaction.config.internalTransactionAdvisor'
2020-03-14 21:57:11.308 [main] DEBUG o.s.b.f.s.DefaultListableBeanFactory - Returning cached instance of singleton bean 'metaDataSourceAdvisor'
2020-03-14 21:57:11.308 [main] DEBUG o.s.b.f.s.DefaultListableBeanFactory - Returning cached instance of singleton bean 'org.springframework.transaction.config.internalTransactionAdvisor'
2020-03-14 21:57:11.309 [main] DEBUG o.s.b.f.s.DefaultListableBeanFactory - Finished creating instance of bean 'factoryMethodProvider'
2020-03-14 21:57:11.309 [main] DEBUG o.s.b.f.s.DefaultListableBeanFactory - Returning cached instance of singleton bean 'typeResolver'
2020-03-14 21:57:11.312 [main] DEBUG o.s.b.f.s.DefaultListableBeanFactory - Creating shared instance of singleton bean 'objectMapperBeanPropertyNamingStrategy'
2020-03-14 21:57:11.312 [main] DEBUG o.s.b.f.s.DefaultListableBeanFactory - Creating instance of bean 'objectMapperBeanPropertyNamingStrategy'
2020-03-14 21:57:11.312 [main] DEBUG o.s.b.f.s.DefaultListableBeanFactory - Returning cached instance of singleton bean 'metaDataSourceAdvisor'
2020-03-14 21:57:11.312 [main] DEBUG o.s.b.f.s.DefaultListableBeanFactory - Returning cached instance of singleton bean 'org.springframework.transaction.config.internalTransactionAdvisor'
2020-03-14 21:57:11.313 [main] DEBUG o.s.b.f.s.DefaultListableBeanFactory - Eagerly caching bean 'objectMapperBeanPropertyNamingStrategy' to allow for resolving potential circular references
2020-03-14 21:57:11.320 [main] DEBUG o.s.b.f.s.DefaultListableBeanFactory - Returning cached instance of singleton bean 'metaDataSourceAdvisor'
2020-03-14 21:57:11.320 [main] DEBUG o.s.b.f.s.DefaultListableBeanFactory - Returning cached instance of singleton bean 'org.springframework.transaction.config.internalTransactionAdvisor'
2020-03-14 21:57:11.320 [main] DEBUG o.s.b.f.s.DefaultListableBeanFactory - Returning cached instance of singleton bean 'metaDataSourceAdvisor'
2020-03-14 21:57:11.320 [main] DEBUG o.s.b.f.s.DefaultListableBeanFactory - Returning cached instance of singleton bean 'org.springframework.transaction.config.internalTransactionAdvisor'
2020-03-14 21:57:11.322 [main] DEBUG o.s.b.f.s.DefaultListableBeanFactory - Finished creating instance of bean 'objectMapperBeanPropertyNamingStrategy'
2020-03-14 21:57:11.329 [main] DEBUG o.s.b.f.s.DefaultListableBeanFactory - Creating shared instance of singleton bean 'schemaPluginsManager'
2020-03-14 21:57:11.330 [main] DEBUG o.s.b.f.s.DefaultListableBeanFactory - Creating instance of bean 'schemaPluginsManager'
2020-03-14 21:57:11.330 [main] DEBUG o.s.b.f.s.DefaultListableBeanFactory - Returning cached instance of singleton bean 'metaDataSourceAdvisor'
2020-03-14 21:57:11.330 [main] DEBUG o.s.b.f.s.DefaultListableBeanFactory - Returning cached instance of singleton bean 'org.springframework.transaction.config.internalTransactionAdvisor'
2020-03-14 21:57:11.340 [main] DEBUG o.s.core.annotation.AnnotationUtils - Failed to meta-introspect annotation interface org.springframework.beans.factory.annotation.Qualifier: java.lang.NullPointerException
2020-03-14 21:57:11.342 [main] DEBUG o.s.b.f.s.DefaultListableBeanFactory - Returning cached instance of singleton bean 'modelPropertyBuilderPluginRegistry'
2020-03-14 21:57:11.342 [main] DEBUG o.s.aop.framework.JdkDynamicAopProxy - Creating JDK dynamic proxy: target source is org.springframework.plugin.core.support.AbstractTypeAwareSupport$BeansOfTypeTargetSource@2ee5c08d
2020-03-14 21:57:11.342 [main] DEBUG o.s.b.f.s.DefaultListableBeanFactory - Returning cached instance of singleton bean 'metaDataSourceAdvisor'
2020-03-14 21:57:11.342 [main] DEBUG o.s.b.f.s.DefaultListableBeanFactory - Returning cached instance of singleton bean 'org.springframework.transaction.config.internalTransactionAdvisor'
2020-03-14 21:57:11.342 [main] DEBUG o.s.b.f.s.DefaultListableBeanFactory - Returning cached instance of singleton bean 'metaDataSourceAdvisor'
2020-03-14 21:57:11.342 [main] DEBUG o.s.b.f.s.DefaultListableBeanFactory - Returning cached instance of singleton bean 'org.springframework.transaction.config.internalTransactionAdvisor'
2020-03-14 21:57:11.343 [main] DEBUG o.s.core.annotation.AnnotationUtils - Failed to meta-introspect annotation interface org.springframework.beans.factory.annotation.Qualifier: java.lang.NullPointerException
2020-03-14 21:57:11.344 [main] DEBUG o.s.b.f.s.DefaultListableBeanFactory - Returning cached instance of singleton bean 'modelBuilderPluginRegistry'
2020-03-14 21:57:11.344 [main] DEBUG o.s.aop.framework.JdkDynamicAopProxy - Creating JDK dynamic proxy: target source is org.springframework.plugin.core.support.AbstractTypeAwareSupport$BeansOfTypeTargetSource@7263b0c4
2020-03-14 21:57:11.344 [main] DEBUG o.s.b.f.s.DefaultListableBeanFactory - Returning cached instance of singleton bean 'metaDataSourceAdvisor'
2020-03-14 21:57:11.345 [main] DEBUG o.s.b.f.s.DefaultListableBeanFactory - Returning cached instance of singleton bean 'org.springframework.transaction.config.internalTransactionAdvisor'
2020-03-14 21:57:11.345 [main] DEBUG o.s.b.f.s.DefaultListableBeanFactory - Returning cached instance of singleton bean 'metaDataSourceAdvisor'
2020-03-14 21:57:11.345 [main] DEBUG o.s.b.f.s.DefaultListableBeanFactory - Returning cached instance of singleton bean 'org.springframework.transaction.config.internalTransactionAdvisor'
2020-03-14 21:57:11.345 [main] DEBUG o.s.b.f.s.DefaultListableBeanFactory - Autowiring by type from bean name 'schemaPluginsManager' via constructor to bean named 'modelPropertyBuilderPluginRegistry'
2020-03-14 21:57:11.345 [main] DEBUG o.s.b.f.s.DefaultListableBeanFactory - Autowiring by type from bean name 'schemaPluginsManager' via constructor to bean named 'modelBuilderPluginRegistry'
2020-03-14 21:57:11.346 [main] DEBUG o.s.b.f.s.DefaultListableBeanFactory - Eagerly caching bean 'schemaPluginsManager' to allow for resolving potential circular references
2020-03-14 21:57:11.353 [main] DEBUG o.s.b.f.s.DefaultListableBeanFactory - Returning cached instance of singleton bean 'metaDataSourceAdvisor'
2020-03-14 21:57:11.353 [main] DEBUG o.s.b.f.s.DefaultListableBeanFactory - Returning cached instance of singleton bean 'org.springframework.transaction.config.internalTransactionAdvisor'
2020-03-14 21:57:11.353 [main] DEBUG o.s.b.f.s.DefaultListableBeanFactory - Returning cached instance of singleton bean 'metaDataSourceAdvisor'
2020-03-14 21:57:11.353 [main] DEBUG o.s.b.f.s.DefaultListableBeanFactory - Returning cached instance of singleton bean 'org.springframework.transaction.config.internalTransactionAdvisor'
2020-03-14 21:57:11.355 [main] DEBUG o.s.b.f.s.DefaultListableBeanFactory - Finished creating instance of bean 'schemaPluginsManager'
2020-03-14 21:57:11.359 [main] DEBUG o.s.b.f.s.DefaultListableBeanFactory - Creating shared instance of singleton bean 'typeNameExtractor'
2020-03-14 21:57:11.359 [main] DEBUG o.s.b.f.s.DefaultListableBeanFactory - Creating instance of bean 'typeNameExtractor'
2020-03-14 21:57:11.360 [main] DEBUG o.s.b.f.s.DefaultListableBeanFactory - Returning cached instance of singleton bean 'metaDataSourceAdvisor'
2020-03-14 21:57:11.360 [main] DEBUG o.s.b.f.s.DefaultListableBeanFactory - Returning cached instance of singleton bean 'org.springframework.transaction.config.internalTransactionAdvisor'
2020-03-14 21:57:11.368 [main] DEBUG o.s.b.f.s.DefaultListableBeanFactory - Returning cached instance of singleton bean 'typeResolver'
2020-03-14 21:57:11.369 [main] DEBUG o.s.core.annotation.AnnotationUtils - Failed to meta-introspect annotation interface org.springframework.beans.factory.annotation.Qualifier: java.lang.NullPointerException
2020-03-14 21:57:11.370 [main] DEBUG o.s.b.f.s.DefaultListableBeanFactory - Returning cached instance of singleton bean 'typeNameProviderPluginRegistry'
2020-03-14 21:57:11.371 [main] DEBUG o.s.aop.framework.JdkDynamicAopProxy - Creating JDK dynamic proxy: target source is org.springframework.plugin.core.support.AbstractTypeAwareSupport$BeansOfTypeTargetSource@c8531b9
2020-03-14 21:57:11.371 [main] DEBUG o.s.b.f.s.DefaultListableBeanFactory - Returning cached instance of singleton bean 'metaDataSourceAdvisor'
2020-03-14 21:57:11.371 [main] DEBUG o.s.b.f.s.DefaultListableBeanFactory - Returning cached instance of singleton bean 'org.springframework.transaction.config.internalTransactionAdvisor'
2020-03-14 21:57:11.371 [main] DEBUG o.s.b.f.s.DefaultListableBeanFactory - Returning cached instance of singleton bean 'metaDataSourceAdvisor'
2020-03-14 21:57:11.371 [main] DEBUG o.s.b.f.s.DefaultListableBeanFactory - Returning cached instance of singleton bean 'org.springframework.transaction.config.internalTransactionAdvisor'
2020-03-14 21:57:11.372 [main] DEBUG o.s.b.f.s.DefaultListableBeanFactory - Autowiring by type from bean name 'typeNameExtractor' via constructor to bean named 'typeResolver'
2020-03-14 21:57:11.372 [main] DEBUG o.s.b.f.s.DefaultListableBeanFactory - Autowiring by type from bean name 'typeNameExtractor' via constructor to bean named 'typeNameProviderPluginRegistry'
2020-03-14 21:57:11.373 [main] DEBUG o.s.b.f.s.DefaultListableBeanFactory - Eagerly caching bean 'typeNameExtractor' to allow for resolving potential circular references
2020-03-14 21:57:11.376 [main] DEBUG o.s.b.f.s.DefaultListableBeanFactory - Returning cached instance of singleton bean 'metaDataSourceAdvisor'
2020-03-14 21:57:11.377 [main] DEBUG o.s.b.f.s.DefaultListableBeanFactory - Returning cached instance of singleton bean 'org.springframework.transaction.config.internalTransactionAdvisor'
2020-03-14 21:57:11.377 [main] DEBUG o.s.b.f.s.DefaultListableBeanFactory - Returning cached instance of singleton bean 'metaDataSourceAdvisor'
2020-03-14 21:57:11.377 [main] DEBUG o.s.b.f.s.DefaultListableBeanFactory - Returning cached instance of singleton bean 'org.springframework.transaction.config.internalTransactionAdvisor'
2020-03-14 21:57:11.377 [main] DEBUG o.s.b.f.s.DefaultListableBeanFactory - Finished creating instance of bean 'typeNameExtractor'
2020-03-14 21:57:11.377 [main] DEBUG o.s.b.f.s.DefaultListableBeanFactory - Autowiring by type from bean name 'optimized' via constructor to bean named 'accessorsProvider'
2020-03-14 21:57:11.377 [main] DEBUG o.s.b.f.s.DefaultListableBeanFactory - Autowiring by type from bean name 'optimized' via constructor to bean named 'fieldProvider'
2020-03-14 21:57:11.378 [main] DEBUG o.s.b.f.s.DefaultListableBeanFactory - Autowiring by type from bean name 'optimized' via constructor to bean named 'factoryMethodProvider'
2020-03-14 21:57:11.378 [main] DEBUG o.s.b.f.s.DefaultListableBeanFactory - Autowiring by type from bean name 'optimized' via constructor to bean named 'typeResolver'
2020-03-14 21:57:11.378 [main] DEBUG o.s.b.f.s.DefaultListableBeanFactory - Autowiring by type from bean name 'optimized' via constructor to bean named 'objectMapperBeanPropertyNamingStrategy'
2020-03-14 21:57:11.378 [main] DEBUG o.s.b.f.s.DefaultListableBeanFactory - Autowiring by type from bean name 'optimized' via constructor to bean named 'schemaPluginsManager'
2020-03-14 21:57:11.378 [main] DEBUG o.s.b.f.s.DefaultListableBeanFactory - Autowiring by type from bean name 'optimized' via constructor to bean named 'typeNameExtractor'
2020-03-14 21:57:11.378 [main] DEBUG o.s.b.f.s.DefaultListableBeanFactory - Eagerly caching bean 'optimized' to allow for resolving potential circular references
2020-03-14 21:57:11.391 [main] DEBUG o.s.b.f.s.DefaultListableBeanFactory - Returning cached instance of singleton bean 'metaDataSourceAdvisor'
2020-03-14 21:57:11.392 [main] DEBUG o.s.b.f.s.DefaultListableBeanFactory - Returning cached instance of singleton bean 'org.springframework.transaction.config.internalTransactionAdvisor'
2020-03-14 21:57:11.392 [main] DEBUG o.s.b.f.s.DefaultListableBeanFactory - Returning cached instance of singleton bean 'metaDataSourceAdvisor'
2020-03-14 21:57:11.393 [main] DEBUG o.s.b.f.s.DefaultListableBeanFactory - Returning cached instance of singleton bean 'org.springframework.transaction.config.internalTransactionAdvisor'
2020-03-14 21:57:11.400 [main] DEBUG o.s.b.f.s.DefaultListableBeanFactory - Finished creating instance of bean 'optimized'
2020-03-14 21:57:11.401 [main] DEBUG o.s.b.f.s.DefaultListableBeanFactory - Autowiring by type from bean name 'cachingModelPropertiesProvider' via constructor to bean named 'typeResolver'
2020-03-14 21:57:11.401 [main] DEBUG o.s.b.f.s.DefaultListableBeanFactory - Autowiring by type from bean name 'cachingModelPropertiesProvider' via constructor to bean named 'optimized'
2020-03-14 21:57:11.403 [main] DEBUG o.s.b.f.s.DefaultListableBeanFactory - Eagerly caching bean 'cachingModelPropertiesProvider' to allow for resolving potential circular references
2020-03-14 21:57:11.417 [main] DEBUG o.s.b.f.s.DefaultListableBeanFactory - Returning cached instance of singleton bean 'metaDataSourceAdvisor'
2020-03-14 21:57:11.418 [main] DEBUG o.s.b.f.s.DefaultListableBeanFactory - Returning cached instance of singleton bean 'org.springframework.transaction.config.internalTransactionAdvisor'
2020-03-14 21:57:11.418 [main] DEBUG o.s.b.f.s.DefaultListableBeanFactory - Returning cached instance of singleton bean 'metaDataSourceAdvisor'
2020-03-14 21:57:11.418 [main] DEBUG o.s.b.f.s.DefaultListableBeanFactory - Returning cached instance of singleton bean 'org.springframework.transaction.config.internalTransactionAdvisor'
2020-03-14 21:57:11.419 [main] DEBUG o.s.b.f.s.DefaultListableBeanFactory - Finished creating instance of bean 'cachingModelPropertiesProvider'
2020-03-14 21:57:11.420 [main] DEBUG o.s.core.annotation.AnnotationUtils - Failed to meta-introspect annotation interface org.springframework.beans.factory.annotation.Qualifier: java.lang.NullPointerException
2020-03-14 21:57:11.427 [main] DEBUG o.s.b.f.s.DefaultListableBeanFactory - Creating shared instance of singleton bean 'cachingModelDependencyProvider'
2020-03-14 21:57:11.427 [main] DEBUG o.s.b.f.s.DefaultListableBeanFactory - Creating instance of bean 'cachingModelDependencyProvider'
2020-03-14 21:57:11.427 [main] DEBUG o.s.b.f.s.DefaultListableBeanFactory - Returning cached instance of singleton bean 'metaDataSourceAdvisor'
2020-03-14 21:57:11.427 [main] DEBUG o.s.b.f.s.DefaultListableBeanFactory - Returning cached instance of singleton bean 'org.springframework.transaction.config.internalTransactionAdvisor'
2020-03-14 21:57:11.430 [main] DEBUG o.s.core.annotation.AnnotationUtils - Failed to meta-introspect annotation interface org.springframework.beans.factory.annotation.Qualifier: java.lang.NullPointerException
2020-03-14 21:57:11.430 [main] DEBUG o.s.b.f.s.DefaultListableBeanFactory - Creating shared instance of singleton bean 'defaultModelDependencyProvider'
2020-03-14 21:57:11.430 [main] DEBUG o.s.b.f.s.DefaultListableBeanFactory - Creating instance of bean 'defaultModelDependencyProvider'
2020-03-14 21:57:11.431 [main] DEBUG o.s.b.f.s.DefaultListableBeanFactory - Returning cached instance of singleton bean 'metaDataSourceAdvisor'
2020-03-14 21:57:11.431 [main] DEBUG o.s.b.f.s.DefaultListableBeanFactory - Returning cached instance of singleton bean 'org.springframework.transaction.config.internalTransactionAdvisor'
2020-03-14 21:57:11.438 [main] DEBUG o.s.b.f.s.DefaultListableBeanFactory - Returning cached instance of singleton bean 'typeResolver'
2020-03-14 21:57:11.438 [main] DEBUG o.s.core.annotation.AnnotationUtils - Failed to meta-introspect annotation interface org.springframework.beans.factory.annotation.Qualifier: java.lang.NullPointerException
2020-03-14 21:57:11.438 [main] DEBUG o.s.b.f.s.DefaultListableBeanFactory - Returning cached instance of singleton bean 'cachingModelPropertiesProvider'
2020-03-14 21:57:11.439 [main] DEBUG o.s.b.f.s.DefaultListableBeanFactory - Returning cached instance of singleton bean 'typeNameExtractor'
2020-03-14 21:57:11.439 [main] DEBUG o.s.b.f.s.DefaultListableBeanFactory - Autowiring by type from bean name 'defaultModelDependencyProvider' via constructor to bean named 'typeResolver'
2020-03-14 21:57:11.439 [main] DEBUG o.s.b.f.s.DefaultListableBeanFactory - Autowiring by type from bean name 'defaultModelDependencyProvider' via constructor to bean named 'cachingModelPropertiesProvider'
2020-03-14 21:57:11.439 [main] DEBUG o.s.b.f.s.DefaultListableBeanFactory - Autowiring by type from bean name 'defaultModelDependencyProvider' via constructor to bean named 'typeNameExtractor'
2020-03-14 21:57:11.439 [main] DEBUG o.s.b.f.s.DefaultListableBeanFactory - Eagerly caching bean 'defaultModelDependencyProvider' to allow for resolving potential circular references
2020-03-14 21:57:11.444 [main] DEBUG o.s.b.f.s.DefaultListableBeanFactory - Returning cached instance of singleton bean 'metaDataSourceAdvisor'
2020-03-14 21:57:11.444 [main] DEBUG o.s.b.f.s.DefaultListableBeanFactory - Returning cached instance of singleton bean 'org.springframework.transaction.config.internalTransactionAdvisor'
2020-03-14 21:57:11.444 [main] DEBUG o.s.b.f.s.DefaultListableBeanFactory - Returning cached instance of singleton bean 'metaDataSourceAdvisor'
2020-03-14 21:57:11.444 [main] DEBUG o.s.b.f.s.DefaultListableBeanFactory - Returning cached instance of singleton bean 'org.springframework.transaction.config.internalTransactionAdvisor'
2020-03-14 21:57:11.445 [main] DEBUG o.s.b.f.s.DefaultListableBeanFactory - Finished creating instance of bean 'defaultModelDependencyProvider'
2020-03-14 21:57:11.445 [main] DEBUG o.s.b.f.s.DefaultListableBeanFactory - Autowiring by type from bean name 'cachingModelDependencyProvider' via constructor to bean named 'defaultModelDependencyProvider'
2020-03-14 21:57:11.446 [main] DEBUG o.s.b.f.s.DefaultListableBeanFactory - Eagerly caching bean 'cachingModelDependencyProvider' to allow for resolving potential circular references
2020-03-14 21:57:11.454 [main] DEBUG o.s.b.f.s.DefaultListableBeanFactory - Returning cached instance of singleton bean 'metaDataSourceAdvisor'
2020-03-14 21:57:11.454 [main] DEBUG o.s.b.f.s.DefaultListableBeanFactory - Returning cached instance of singleton bean 'org.springframework.transaction.config.internalTransactionAdvisor'
2020-03-14 21:57:11.454 [main] DEBUG o.s.b.f.s.DefaultListableBeanFactory - Returning cached instance of singleton bean 'metaDataSourceAdvisor'
2020-03-14 21:57:11.455 [main] DEBUG o.s.b.f.s.DefaultListableBeanFactory - Returning cached instance of singleton bean 'org.springframework.transaction.config.internalTransactionAdvisor'
2020-03-14 21:57:11.456 [main] DEBUG o.s.b.f.s.DefaultListableBeanFactory - Finished creating instance of bean 'cachingModelDependencyProvider'
2020-03-14 21:57:11.457 [main] DEBUG o.s.b.f.s.DefaultListableBeanFactory - Returning cached instance of singleton bean 'schemaPluginsManager'
2020-03-14 21:57:11.457 [main] DEBUG o.s.b.f.s.DefaultListableBeanFactory - Returning cached instance of singleton bean 'typeNameExtractor'
2020-03-14 21:57:11.458 [main] DEBUG o.s.b.f.s.DefaultListableBeanFactory - Autowiring by type from bean name 'defaultModelProvider' via constructor to bean named 'typeResolver'
2020-03-14 21:57:11.458 [main] DEBUG o.s.b.f.s.DefaultListableBeanFactory - Autowiring by type from bean name 'defaultModelProvider' via constructor to bean named 'cachingModelPropertiesProvider'
2020-03-14 21:57:11.458 [main] DEBUG o.s.b.f.s.DefaultListableBeanFactory - Autowiring by type from bean name 'defaultModelProvider' via constructor to bean named 'cachingModelDependencyProvider'
2020-03-14 21:57:11.458 [main] DEBUG o.s.b.f.s.DefaultListableBeanFactory - Autowiring by type from bean name 'defaultModelProvider' via constructor to bean named 'schemaPluginsManager'
2020-03-14 21:57:11.459 [main] DEBUG o.s.b.f.s.DefaultListableBeanFactory - Autowiring by type from bean name 'defaultModelProvider' via constructor to bean named 'typeNameExtractor'
2020-03-14 21:57:11.465 [main] DEBUG o.s.b.f.s.DefaultListableBeanFactory - Eagerly caching bean 'defaultModelProvider' to allow for resolving potential circular references
2020-03-14 21:57:11.473 [main] DEBUG o.s.b.f.s.DefaultListableBeanFactory - Returning cached instance of singleton bean 'metaDataSourceAdvisor'
2020-03-14 21:57:11.474 [main] DEBUG o.s.b.f.s.DefaultListableBeanFactory - Returning cached instance of singleton bean 'org.springframework.transaction.config.internalTransactionAdvisor'
2020-03-14 21:57:11.474 [main] DEBUG o.s.b.f.s.DefaultListableBeanFactory - Returning cached instance of singleton bean 'metaDataSourceAdvisor'
2020-03-14 21:57:11.474 [main] DEBUG o.s.b.f.s.DefaultListableBeanFactory - Returning cached instance of singleton bean 'org.springframework.transaction.config.internalTransactionAdvisor'
2020-03-14 21:57:11.477 [main] DEBUG o.s.b.f.s.DefaultListableBeanFactory - Finished creating instance of bean 'defaultModelProvider'
2020-03-14 21:57:11.477 [main] DEBUG o.s.b.f.s.DefaultListableBeanFactory - Autowiring by type from bean name 'cachingModelProvider' via constructor to bean named 'defaultModelProvider'
2020-03-14 21:57:11.478 [main] DEBUG o.s.b.f.s.DefaultListableBeanFactory - Eagerly caching bean 'cachingModelProvider' to allow for resolving potential circular references
2020-03-14 21:57:11.485 [main] DEBUG o.s.b.f.s.DefaultListableBeanFactory - Returning cached instance of singleton bean 'metaDataSourceAdvisor'
2020-03-14 21:57:11.485 [main] DEBUG o.s.b.f.s.DefaultListableBeanFactory - Returning cached instance of singleton bean 'org.springframework.transaction.config.internalTransactionAdvisor'
2020-03-14 21:57:11.485 [main] DEBUG o.s.b.f.s.DefaultListableBeanFactory - Returning cached instance of singleton bean 'metaDataSourceAdvisor'
2020-03-14 21:57:11.485 [main] DEBUG o.s.b.f.s.DefaultListableBeanFactory - Returning cached instance of singleton bean 'org.springframework.transaction.config.internalTransactionAdvisor'
2020-03-14 21:57:11.486 [main] DEBUG o.s.b.f.s.DefaultListableBeanFactory - Finished creating instance of bean 'cachingModelProvider'
2020-03-14 21:57:11.487 [main] DEBUG o.s.b.f.s.DefaultListableBeanFactory - Returning cached instance of singleton bean 'typeResolver'
2020-03-14 21:57:11.487 [main] DEBUG o.s.b.f.s.DefaultListableBeanFactory - Returning cached instance of singleton bean 'documentationPluginsManager'
2020-03-14 21:57:11.487 [main] DEBUG o.s.b.f.s.DefaultListableBeanFactory - Autowiring by type from bean name 'apiModelReader' via constructor to bean named 'cachingModelProvider'
2020-03-14 21:57:11.487 [main] DEBUG o.s.b.f.s.DefaultListableBeanFactory - Autowiring by type from bean name 'apiModelReader' via constructor to bean named 'typeResolver'
2020-03-14 21:57:11.487 [main] DEBUG o.s.b.f.s.DefaultListableBeanFactory - Autowiring by type from bean name 'apiModelReader' via constructor to bean named 'documentationPluginsManager'
2020-03-14 21:57:11.488 [main] DEBUG o.s.b.f.s.DefaultListableBeanFactory - Eagerly caching bean 'apiModelReader' to allow for resolving potential circular references
2020-03-14 21:57:11.491 [main] DEBUG o.s.b.f.s.DefaultListableBeanFactory - Returning cached instance of singleton bean 'metaDataSourceAdvisor'
2020-03-14 21:57:11.491 [main] DEBUG o.s.b.f.s.DefaultListableBeanFactory - Returning cached instance of singleton bean 'org.springframework.transaction.config.internalTransactionAdvisor'
2020-03-14 21:57:11.491 [main] DEBUG o.s.b.f.s.DefaultListableBeanFactory - Returning cached instance of singleton bean 'metaDataSourceAdvisor'
2020-03-14 21:57:11.491 [main] DEBUG o.s.b.f.s.DefaultListableBeanFactory - Returning cached instance of singleton bean 'org.springframework.transaction.config.internalTransactionAdvisor'
2020-03-14 21:57:11.491 [main] DEBUG o.s.b.f.s.DefaultListableBeanFactory - Finished creating instance of bean 'apiModelReader'
2020-03-14 21:57:11.492 [main] DEBUG o.s.b.f.s.DefaultListableBeanFactory - Returning cached instance of singleton bean 'documentationPluginsManager'
2020-03-14 21:57:11.492 [main] DEBUG o.s.b.f.s.DefaultListableBeanFactory - Autowiring by type from bean name 'apiListingScanner' via constructor to bean named 'apiDescriptionReader'
2020-03-14 21:57:11.492 [main] DEBUG o.s.b.f.s.DefaultListableBeanFactory - Autowiring by type from bean name 'apiListingScanner' via constructor to bean named 'apiModelReader'
2020-03-14 21:57:11.492 [main] DEBUG o.s.b.f.s.DefaultListableBeanFactory - Autowiring by type from bean name 'apiListingScanner' via constructor to bean named 'documentationPluginsManager'
2020-03-14 21:57:11.492 [main] DEBUG o.s.b.f.s.DefaultListableBeanFactory - Eagerly caching bean 'apiListingScanner' to allow for resolving potential circular references
2020-03-14 21:57:11.496 [main] DEBUG o.s.b.f.s.DefaultListableBeanFactory - Returning cached instance of singleton bean 'metaDataSourceAdvisor'
2020-03-14 21:57:11.496 [main] DEBUG o.s.b.f.s.DefaultListableBeanFactory - Returning cached instance of singleton bean 'org.springframework.transaction.config.internalTransactionAdvisor'
2020-03-14 21:57:11.496 [main] DEBUG o.s.b.f.s.DefaultListableBeanFactory - Returning cached instance of singleton bean 'metaDataSourceAdvisor'
2020-03-14 21:57:11.496 [main] DEBUG o.s.b.f.s.DefaultListableBeanFactory - Returning cached instance of singleton bean 'org.springframework.transaction.config.internalTransactionAdvisor'
2020-03-14 21:57:11.497 [main] DEBUG o.s.b.f.s.DefaultListableBeanFactory - Finished creating instance of bean 'apiListingScanner'
2020-03-14 21:57:11.497 [main] DEBUG o.s.b.f.s.DefaultListableBeanFactory - Autowiring by type from bean name 'apiDocumentationScanner' via constructor to bean named 'apiListingReferenceScanner'
2020-03-14 21:57:11.497 [main] DEBUG o.s.b.f.s.DefaultListableBeanFactory - Autowiring by type from bean name 'apiDocumentationScanner' via constructor to bean named 'apiListingScanner'
2020-03-14 21:57:11.497 [main] DEBUG o.s.b.f.s.DefaultListableBeanFactory - Eagerly caching bean 'apiDocumentationScanner' to allow for resolving potential circular references
2020-03-14 21:57:11.501 [main] DEBUG o.s.b.f.s.DefaultListableBeanFactory - Returning cached instance of singleton bean 'metaDataSourceAdvisor'
2020-03-14 21:57:11.501 [main] DEBUG o.s.b.f.s.DefaultListableBeanFactory - Returning cached instance of singleton bean 'org.springframework.transaction.config.internalTransactionAdvisor'
2020-03-14 21:57:11.501 [main] DEBUG o.s.b.f.s.DefaultListableBeanFactory - Returning cached instance of singleton bean 'metaDataSourceAdvisor'
2020-03-14 21:57:11.501 [main] DEBUG o.s.b.f.s.DefaultListableBeanFactory - Returning cached instance of singleton bean 'org.springframework.transaction.config.internalTransactionAdvisor'
2020-03-14 21:57:11.502 [main] DEBUG o.s.b.f.s.DefaultListableBeanFactory - Finished creating instance of bean 'apiDocumentationScanner'
2020-03-14 21:57:11.502 [main] DEBUG o.s.b.f.s.DefaultListableBeanFactory - Creating shared instance of singleton bean 'apiListingReader'
2020-03-14 21:57:11.502 [main] DEBUG o.s.b.f.s.DefaultListableBeanFactory - Creating instance of bean 'apiListingReader'
2020-03-14 21:57:11.502 [main] DEBUG o.s.b.f.s.DefaultListableBeanFactory - Returning cached instance of singleton bean 'metaDataSourceAdvisor'
2020-03-14 21:57:11.502 [main] DEBUG o.s.b.f.s.DefaultListableBeanFactory - Returning cached instance of singleton bean 'org.springframework.transaction.config.internalTransactionAdvisor'
2020-03-14 21:57:11.503 [main] DEBUG o.s.b.f.s.DefaultListableBeanFactory - Eagerly caching bean 'apiListingReader' to allow for resolving potential circular references
2020-03-14 21:57:11.507 [main] DEBUG o.s.b.f.s.DefaultListableBeanFactory - Returning cached instance of singleton bean 'metaDataSourceAdvisor'
2020-03-14 21:57:11.507 [main] DEBUG o.s.b.f.s.DefaultListableBeanFactory - Returning cached instance of singleton bean 'org.springframework.transaction.config.internalTransactionAdvisor'
2020-03-14 21:57:11.507 [main] DEBUG o.s.b.f.s.DefaultListableBeanFactory - Returning cached instance of singleton bean 'metaDataSourceAdvisor'
2020-03-14 21:57:11.507 [main] DEBUG o.s.b.f.s.DefaultListableBeanFactory - Returning cached instance of singleton bean 'org.springframework.transaction.config.internalTransactionAdvisor'
2020-03-14 21:57:11.507 [main] DEBUG o.s.b.f.s.DefaultListableBeanFactory - Finished creating instance of bean 'apiListingReader'
2020-03-14 21:57:11.507 [main] DEBUG o.s.b.f.s.DefaultListableBeanFactory - Returning cached instance of singleton bean 'apiListingReferenceScanner'
2020-03-14 21:57:11.507 [main] DEBUG o.s.b.f.s.DefaultListableBeanFactory - Returning cached instance of singleton bean 'apiListingScanner'
2020-03-14 21:57:11.507 [main] DEBUG o.s.b.f.s.DefaultListableBeanFactory - Returning cached instance of singleton bean 'apiModelReader'
2020-03-14 21:57:11.507 [main] DEBUG o.s.b.f.s.DefaultListableBeanFactory - Returning cached instance of singleton bean 'cachingOperationReader'
2020-03-14 21:57:11.508 [main] DEBUG o.s.b.f.s.DefaultListableBeanFactory - Creating shared instance of singleton bean 'mediaTypeReader'
2020-03-14 21:57:11.508 [main] DEBUG o.s.b.f.s.DefaultListableBeanFactory - Creating instance of bean 'mediaTypeReader'
2020-03-14 21:57:11.508 [main] DEBUG o.s.b.f.s.DefaultListableBeanFactory - Returning cached instance of singleton bean 'metaDataSourceAdvisor'
2020-03-14 21:57:11.508 [main] DEBUG o.s.b.f.s.DefaultListableBeanFactory - Returning cached instance of singleton bean 'org.springframework.transaction.config.internalTransactionAdvisor'
2020-03-14 21:57:11.508 [main] DEBUG o.s.b.f.s.DefaultListableBeanFactory - Eagerly caching bean 'mediaTypeReader' to allow for resolving potential circular references
2020-03-14 21:57:11.511 [main] DEBUG o.s.b.f.s.DefaultListableBeanFactory - Returning cached instance of singleton bean 'metaDataSourceAdvisor'
2020-03-14 21:57:11.511 [main] DEBUG o.s.b.f.s.DefaultListableBeanFactory - Returning cached instance of singleton bean 'org.springframework.transaction.config.internalTransactionAdvisor'
2020-03-14 21:57:11.511 [main] DEBUG o.s.b.f.s.DefaultListableBeanFactory - Returning cached instance of singleton bean 'metaDataSourceAdvisor'
2020-03-14 21:57:11.511 [main] DEBUG o.s.b.f.s.DefaultListableBeanFactory - Returning cached instance of singleton bean 'org.springframework.transaction.config.internalTransactionAdvisor'
2020-03-14 21:57:11.513 [main] DEBUG o.s.b.f.s.DefaultListableBeanFactory - Finished creating instance of bean 'mediaTypeReader'
2020-03-14 21:57:11.514 [main] DEBUG o.s.b.f.s.DefaultListableBeanFactory - Returning cached instance of singleton bean 'apiOperationReader'
2020-03-14 21:57:11.514 [main] DEBUG o.s.b.f.s.DefaultListableBeanFactory - Returning cached instance of singleton bean 'cachingOperationNameGenerator'
2020-03-14 21:57:11.514 [main] DEBUG o.s.b.f.s.DefaultListableBeanFactory - Creating shared instance of singleton bean 'defaultOperationReader'
2020-03-14 21:57:11.514 [main] DEBUG o.s.b.f.s.DefaultListableBeanFactory - Creating instance of bean 'defaultOperationReader'
2020-03-14 21:57:11.515 [main] DEBUG o.s.b.f.s.DefaultListableBeanFactory - Returning cached instance of singleton bean 'metaDataSourceAdvisor'
2020-03-14 21:57:11.515 [main] DEBUG o.s.b.f.s.DefaultListableBeanFactory - Returning cached instance of singleton bean 'org.springframework.transaction.config.internalTransactionAdvisor'
2020-03-14 21:57:11.515 [main] DEBUG o.s.b.f.s.DefaultListableBeanFactory - Eagerly caching bean 'defaultOperationReader' to allow for resolving potential circular references
2020-03-14 21:57:11.519 [main] DEBUG o.s.b.f.s.DefaultListableBeanFactory - Returning cached instance of singleton bean 'metaDataSourceAdvisor'
2020-03-14 21:57:11.519 [main] DEBUG o.s.b.f.s.DefaultListableBeanFactory - Returning cached instance of singleton bean 'org.springframework.transaction.config.internalTransactionAdvisor'
2020-03-14 21:57:11.519 [main] DEBUG o.s.b.f.s.DefaultListableBeanFactory - Returning cached instance of singleton bean 'metaDataSourceAdvisor'
2020-03-14 21:57:11.519 [main] DEBUG o.s.b.f.s.DefaultListableBeanFactory - Returning cached instance of singleton bean 'org.springframework.transaction.config.internalTransactionAdvisor'
2020-03-14 21:57:11.521 [main] DEBUG o.s.b.f.s.DefaultListableBeanFactory - Finished creating instance of bean 'defaultOperationReader'
2020-03-14 21:57:11.521 [main] DEBUG o.s.b.f.s.DefaultListableBeanFactory - Creating shared instance of singleton bean 'defaultTagsProvider'
2020-03-14 21:57:11.521 [main] DEBUG o.s.b.f.s.DefaultListableBeanFactory - Creating instance of bean 'defaultTagsProvider'
2020-03-14 21:57:11.521 [main] DEBUG o.s.b.f.s.DefaultListableBeanFactory - Returning cached instance of singleton bean 'metaDataSourceAdvisor'
2020-03-14 21:57:11.521 [main] DEBUG o.s.b.f.s.DefaultListableBeanFactory - Returning cached instance of singleton bean 'org.springframework.transaction.config.internalTransactionAdvisor'
2020-03-14 21:57:11.523 [main] DEBUG o.s.b.f.s.DefaultListableBeanFactory - Eagerly caching bean 'defaultTagsProvider' to allow for resolving potential circular references
2020-03-14 21:57:11.531 [main] DEBUG o.s.b.f.s.DefaultListableBeanFactory - Returning cached instance of singleton bean 'metaDataSourceAdvisor'
2020-03-14 21:57:11.532 [main] DEBUG o.s.b.f.s.DefaultListableBeanFactory - Returning cached instance of singleton bean 'org.springframework.transaction.config.internalTransactionAdvisor'
2020-03-14 21:57:11.532 [main] DEBUG o.s.b.f.s.DefaultListableBeanFactory - Returning cached instance of singleton bean 'metaDataSourceAdvisor'
2020-03-14 21:57:11.532 [main] DEBUG o.s.b.f.s.DefaultListableBeanFactory - Returning cached instance of singleton bean 'org.springframework.transaction.config.internalTransactionAdvisor'
2020-03-14 21:57:11.533 [main] DEBUG o.s.b.f.s.DefaultListableBeanFactory - Finished creating instance of bean 'defaultTagsProvider'
2020-03-14 21:57:11.533 [main] DEBUG o.s.b.f.s.DefaultListableBeanFactory - Creating shared instance of singleton bean 'operationDeprecatedReader'
2020-03-14 21:57:11.533 [main] DEBUG o.s.b.f.s.DefaultListableBeanFactory - Creating instance of bean 'operationDeprecatedReader'
2020-03-14 21:57:11.534 [main] DEBUG o.s.b.f.s.DefaultListableBeanFactory - Returning cached instance of singleton bean 'metaDataSourceAdvisor'
2020-03-14 21:57:11.534 [main] DEBUG o.s.b.f.s.DefaultListableBeanFactory - Returning cached instance of singleton bean 'org.springframework.transaction.config.internalTransactionAdvisor'
2020-03-14 21:57:11.535 [main] DEBUG o.s.b.f.s.DefaultListableBeanFactory - Eagerly caching bean 'operationDeprecatedReader' to allow for resolving potential circular references
2020-03-14 21:57:11.544 [main] DEBUG o.s.b.f.s.DefaultListableBeanFactory - Returning cached instance of singleton bean 'metaDataSourceAdvisor'
2020-03-14 21:57:11.544 [main] DEBUG o.s.b.f.s.DefaultListableBeanFactory - Returning cached instance of singleton bean 'org.springframework.transaction.config.internalTransactionAdvisor'
2020-03-14 21:57:11.544 [main] DEBUG o.s.b.f.s.DefaultListableBeanFactory - Returning cached instance of singleton bean 'metaDataSourceAdvisor'
2020-03-14 21:57:11.544 [main] DEBUG o.s.b.f.s.DefaultListableBeanFactory - Returning cached instance of singleton bean 'org.springframework.transaction.config.internalTransactionAdvisor'
2020-03-14 21:57:11.545 [main] DEBUG o.s.b.f.s.DefaultListableBeanFactory - Finished creating instance of bean 'operationDeprecatedReader'
2020-03-14 21:57:11.545 [main] DEBUG o.s.b.f.s.DefaultListableBeanFactory - Creating shared instance of singleton bean 'operationModelsProvider'
2020-03-14 21:57:11.545 [main] DEBUG o.s.b.f.s.DefaultListableBeanFactory - Creating instance of bean 'operationModelsProvider'
2020-03-14 21:57:11.545 [main] DEBUG o.s.b.f.s.DefaultListableBeanFactory - Returning cached instance of singleton bean 'metaDataSourceAdvisor'
2020-03-14 21:57:11.545 [main] DEBUG o.s.b.f.s.DefaultListableBeanFactory - Returning cached instance of singleton bean 'org.springframework.transaction.config.internalTransactionAdvisor'
2020-03-14 21:57:11.547 [main] DEBUG o.s.b.f.s.DefaultListableBeanFactory - Returning cached instance of singleton bean 'typeResolver'
2020-03-14 21:57:11.547 [main] DEBUG o.s.b.f.s.DefaultListableBeanFactory - Autowiring by type from bean name 'operationModelsProvider' via constructor to bean named 'typeResolver'
2020-03-14 21:57:11.547 [main] DEBUG o.s.b.f.s.DefaultListableBeanFactory - Eagerly caching bean 'operationModelsProvider' to allow for resolving potential circular references
2020-03-14 21:57:11.554 [main] DEBUG o.s.b.f.s.DefaultListableBeanFactory - Returning cached instance of singleton bean 'metaDataSourceAdvisor'
2020-03-14 21:57:11.554 [main] DEBUG o.s.b.f.s.DefaultListableBeanFactory - Returning cached instance of singleton bean 'org.springframework.transaction.config.internalTransactionAdvisor'
2020-03-14 21:57:11.554 [main] DEBUG o.s.b.f.s.DefaultListableBeanFactory - Returning cached instance of singleton bean 'metaDataSourceAdvisor'
2020-03-14 21:57:11.554 [main] DEBUG o.s.b.f.s.DefaultListableBeanFactory - Returning cached instance of singleton bean 'org.springframework.transaction.config.internalTransactionAdvisor'
2020-03-14 21:57:11.555 [main] DEBUG o.s.b.f.s.DefaultListableBeanFactory - Finished creating instance of bean 'operationModelsProvider'
2020-03-14 21:57:11.555 [main] DEBUG o.s.b.f.s.DefaultListableBeanFactory - Creating shared instance of singleton bean 'operationParameterHeadersConditionReader'
2020-03-14 21:57:11.555 [main] DEBUG o.s.b.f.s.DefaultListableBeanFactory - Creating instance of bean 'operationParameterHeadersConditionReader'
2020-03-14 21:57:11.555 [main] DEBUG o.s.b.f.s.DefaultListableBeanFactory - Returning cached instance of singleton bean 'metaDataSourceAdvisor'
2020-03-14 21:57:11.555 [main] DEBUG o.s.b.f.s.DefaultListableBeanFactory - Returning cached instance of singleton bean 'org.springframework.transaction.config.internalTransactionAdvisor'
2020-03-14 21:57:11.558 [main] DEBUG o.s.b.f.s.DefaultListableBeanFactory - Returning cached instance of singleton bean 'typeResolver'
2020-03-14 21:57:11.558 [main] DEBUG o.s.b.f.s.DefaultListableBeanFactory - Autowiring by type from bean name 'operationParameterHeadersConditionReader' via constructor to bean named 'typeResolver'
2020-03-14 21:57:11.559 [main] DEBUG o.s.b.f.s.DefaultListableBeanFactory - Eagerly caching bean 'operationParameterHeadersConditionReader' to allow for resolving potential circular references
2020-03-14 21:57:11.573 [main] DEBUG o.s.b.f.s.DefaultListableBeanFactory - Returning cached instance of singleton bean 'metaDataSourceAdvisor'
2020-03-14 21:57:11.574 [main] DEBUG o.s.b.f.s.DefaultListableBeanFactory - Returning cached instance of singleton bean 'org.springframework.transaction.config.internalTransactionAdvisor'
2020-03-14 21:57:11.574 [main] DEBUG o.s.b.f.s.DefaultListableBeanFactory - Returning cached instance of singleton bean 'metaDataSourceAdvisor'
2020-03-14 21:57:11.574 [main] DEBUG o.s.b.f.s.DefaultListableBeanFactory - Returning cached instance of singleton bean 'org.springframework.transaction.config.internalTransactionAdvisor'
2020-03-14 21:57:11.575 [main] DEBUG o.s.b.f.s.DefaultListableBeanFactory - Finished creating instance of bean 'operationParameterHeadersConditionReader'
2020-03-14 21:57:11.575 [main] DEBUG o.s.b.f.s.DefaultListableBeanFactory - Creating shared instance of singleton bean 'operationParameterReader'
2020-03-14 21:57:11.576 [main] DEBUG o.s.b.f.s.DefaultListableBeanFactory - Creating instance of bean 'operationParameterReader'
2020-03-14 21:57:11.577 [main] DEBUG o.s.b.f.s.DefaultListableBeanFactory - Returning cached instance of singleton bean 'metaDataSourceAdvisor'
2020-03-14 21:57:11.577 [main] DEBUG o.s.b.f.s.DefaultListableBeanFactory - Returning cached instance of singleton bean 'org.springframework.transaction.config.internalTransactionAdvisor'
2020-03-14 21:57:11.601 [main] DEBUG o.s.b.f.s.DefaultListableBeanFactory - Creating shared instance of singleton bean 'modelAttributeParameterExpander'
2020-03-14 21:57:11.602 [main] DEBUG o.s.b.f.s.DefaultListableBeanFactory - Creating instance of bean 'modelAttributeParameterExpander'
2020-03-14 21:57:11.603 [main] DEBUG o.s.b.f.s.DefaultListableBeanFactory - Returning cached instance of singleton bean 'metaDataSourceAdvisor'
2020-03-14 21:57:11.603 [main] DEBUG o.s.b.f.s.DefaultListableBeanFactory - Returning cached instance of singleton bean 'org.springframework.transaction.config.internalTransactionAdvisor'
2020-03-14 21:57:11.611 [main] DEBUG o.s.b.f.s.DefaultListableBeanFactory - Returning cached instance of singleton bean 'fieldProvider'
2020-03-14 21:57:11.611 [main] DEBUG o.s.b.f.s.DefaultListableBeanFactory - Autowiring by type from bean name 'modelAttributeParameterExpander' via constructor to bean named 'fieldProvider'
2020-03-14 21:57:11.616 [main] DEBUG o.s.b.f.annotation.InjectionMetadata - Registered injected element on class [springfox.documentation.spring.web.readers.parameter.ModelAttributeParameterExpander]: AutowiredFieldElement for protected springfox.documentation.spring.web.plugins.DocumentationPluginsManager springfox.documentation.spring.web.readers.parameter.ModelAttributeParameterExpander.pluginsManager
2020-03-14 21:57:11.617 [main] DEBUG o.s.b.f.s.DefaultListableBeanFactory - Eagerly caching bean 'modelAttributeParameterExpander' to allow for resolving potential circular references
2020-03-14 21:57:11.621 [main] DEBUG o.s.b.f.annotation.InjectionMetadata - Processing injected element of bean 'modelAttributeParameterExpander': AutowiredFieldElement for protected springfox.documentation.spring.web.plugins.DocumentationPluginsManager springfox.documentation.spring.web.readers.parameter.ModelAttributeParameterExpander.pluginsManager
2020-03-14 21:57:11.622 [main] DEBUG o.s.core.annotation.AnnotationUtils - Failed to meta-introspect annotation interface org.springframework.beans.factory.annotation.Autowired: java.lang.NullPointerException
2020-03-14 21:57:11.622 [main] DEBUG o.s.b.f.s.DefaultListableBeanFactory - Returning cached instance of singleton bean 'documentationPluginsManager'
2020-03-14 21:57:11.623 [main] DEBUG o.s.b.f.a.AutowiredAnnotationBeanPostProcessor - Autowiring by type from bean name 'modelAttributeParameterExpander' to bean named 'documentationPluginsManager'
2020-03-14 21:57:11.623 [main] DEBUG o.s.b.f.s.DefaultListableBeanFactory - Returning cached instance of singleton bean 'metaDataSourceAdvisor'
2020-03-14 21:57:11.623 [main] DEBUG o.s.b.f.s.DefaultListableBeanFactory - Returning cached instance of singleton bean 'org.springframework.transaction.config.internalTransactionAdvisor'
2020-03-14 21:57:11.623 [main] DEBUG o.s.b.f.s.DefaultListableBeanFactory - Returning cached instance of singleton bean 'metaDataSourceAdvisor'
2020-03-14 21:57:11.623 [main] DEBUG o.s.b.f.s.DefaultListableBeanFactory - Returning cached instance of singleton bean 'org.springframework.transaction.config.internalTransactionAdvisor'
2020-03-14 21:57:11.625 [main] DEBUG o.s.b.f.s.DefaultListableBeanFactory - Finished creating instance of bean 'modelAttributeParameterExpander'
2020-03-14 21:57:11.625 [main] DEBUG o.s.b.f.s.DefaultListableBeanFactory - Autowiring by type from bean name 'operationParameterReader' via constructor to bean named 'modelAttributeParameterExpander'
2020-03-14 21:57:11.626 [main] DEBUG o.s.b.f.annotation.InjectionMetadata - Registered injected element on class [springfox.documentation.spring.web.readers.operation.OperationParameterReader]: AutowiredFieldElement for private springfox.documentation.spring.web.plugins.DocumentationPluginsManager springfox.documentation.spring.web.readers.operation.OperationParameterReader.pluginsManager
2020-03-14 21:57:11.627 [main] DEBUG o.s.b.f.s.DefaultListableBeanFactory - Eagerly caching bean 'operationParameterReader' to allow for resolving potential circular references
2020-03-14 21:57:11.640 [main] DEBUG o.s.b.f.annotation.InjectionMetadata - Processing injected element of bean 'operationParameterReader': AutowiredFieldElement for private springfox.documentation.spring.web.plugins.DocumentationPluginsManager springfox.documentation.spring.web.readers.operation.OperationParameterReader.pluginsManager
2020-03-14 21:57:11.640 [main] DEBUG o.s.core.annotation.AnnotationUtils - Failed to meta-introspect annotation interface org.springframework.beans.factory.annotation.Autowired: java.lang.NullPointerException
2020-03-14 21:57:11.640 [main] DEBUG o.s.b.f.s.DefaultListableBeanFactory - Returning cached instance of singleton bean 'documentationPluginsManager'
2020-03-14 21:57:11.640 [main] DEBUG o.s.b.f.a.AutowiredAnnotationBeanPostProcessor - Autowiring by type from bean name 'operationParameterReader' to bean named 'documentationPluginsManager'
2020-03-14 21:57:11.641 [main] DEBUG o.s.b.f.s.DefaultListableBeanFactory - Returning cached instance of singleton bean 'metaDataSourceAdvisor'
2020-03-14 21:57:11.641 [main] DEBUG o.s.b.f.s.DefaultListableBeanFactory - Returning cached instance of singleton bean 'org.springframework.transaction.config.internalTransactionAdvisor'
2020-03-14 21:57:11.641 [main] DEBUG o.s.b.f.s.DefaultListableBeanFactory - Returning cached instance of singleton bean 'metaDataSourceAdvisor'
2020-03-14 21:57:11.641 [main] DEBUG o.s.b.f.s.DefaultListableBeanFactory - Returning cached instance of singleton bean 'org.springframework.transaction.config.internalTransactionAdvisor'
2020-03-14 21:57:11.642 [main] DEBUG o.s.b.f.s.DefaultListableBeanFactory - Finished creating instance of bean 'operationParameterReader'
2020-03-14 21:57:11.642 [main] DEBUG o.s.b.f.s.DefaultListableBeanFactory - Creating shared instance of singleton bean 'operationParameterRequestConditionReader'
2020-03-14 21:57:11.642 [main] DEBUG o.s.b.f.s.DefaultListableBeanFactory - Creating instance of bean 'operationParameterRequestConditionReader'
2020-03-14 21:57:11.642 [main] DEBUG o.s.b.f.s.DefaultListableBeanFactory - Returning cached instance of singleton bean 'metaDataSourceAdvisor'
2020-03-14 21:57:11.642 [main] DEBUG o.s.b.f.s.DefaultListableBeanFactory - Returning cached instance of singleton bean 'org.springframework.transaction.config.internalTransactionAdvisor'
2020-03-14 21:57:11.645 [main] DEBUG o.s.b.f.s.DefaultListableBeanFactory - Returning cached instance of singleton bean 'typeResolver'
2020-03-14 21:57:11.645 [main] DEBUG o.s.b.f.s.DefaultListableBeanFactory - Autowiring by type from bean name 'operationParameterRequestConditionReader' via constructor to bean named 'typeResolver'
2020-03-14 21:57:11.645 [main] DEBUG o.s.b.f.s.DefaultListableBeanFactory - Eagerly caching bean 'operationParameterRequestConditionReader' to allow for resolving potential circular references
2020-03-14 21:57:11.655 [main] DEBUG o.s.b.f.s.DefaultListableBeanFactory - Returning cached instance of singleton bean 'metaDataSourceAdvisor'
2020-03-14 21:57:11.656 [main] DEBUG o.s.b.f.s.DefaultListableBeanFactory - Returning cached instance of singleton bean 'org.springframework.transaction.config.internalTransactionAdvisor'
2020-03-14 21:57:11.656 [main] DEBUG o.s.b.f.s.DefaultListableBeanFactory - Returning cached instance of singleton bean 'metaDataSourceAdvisor'
2020-03-14 21:57:11.657 [main] DEBUG o.s.b.f.s.DefaultListableBeanFactory - Returning cached instance of singleton bean 'org.springframework.transaction.config.internalTransactionAdvisor'
2020-03-14 21:57:11.658 [main] DEBUG o.s.b.f.s.DefaultListableBeanFactory - Finished creating instance of bean 'operationParameterRequestConditionReader'
2020-03-14 21:57:11.659 [main] DEBUG o.s.b.f.s.DefaultListableBeanFactory - Creating shared instance of singleton bean 'operationResponseClassReader'
2020-03-14 21:57:11.659 [main] DEBUG o.s.b.f.s.DefaultListableBeanFactory - Creating instance of bean 'operationResponseClassReader'
2020-03-14 21:57:11.660 [main] DEBUG o.s.b.f.s.DefaultListableBeanFactory - Returning cached instance of singleton bean 'metaDataSourceAdvisor'
2020-03-14 21:57:11.660 [main] DEBUG o.s.b.f.s.DefaultListableBeanFactory - Returning cached instance of singleton bean 'org.springframework.transaction.config.internalTransactionAdvisor'
2020-03-14 21:57:11.666 [main] DEBUG o.s.b.f.s.DefaultListableBeanFactory - Returning cached instance of singleton bean 'typeNameExtractor'
2020-03-14 21:57:11.666 [main] DEBUG o.s.b.f.s.DefaultListableBeanFactory - Autowiring by type from bean name 'operationResponseClassReader' via constructor to bean named 'typeNameExtractor'
2020-03-14 21:57:11.667 [main] DEBUG o.s.b.f.s.DefaultListableBeanFactory - Eagerly caching bean 'operationResponseClassReader' to allow for resolving potential circular references
2020-03-14 21:57:11.675 [main] DEBUG o.s.b.f.s.DefaultListableBeanFactory - Returning cached instance of singleton bean 'metaDataSourceAdvisor'
2020-03-14 21:57:11.677 [main] DEBUG o.s.b.f.s.DefaultListableBeanFactory - Returning cached instance of singleton bean 'org.springframework.transaction.config.internalTransactionAdvisor'
2020-03-14 21:57:11.677 [main] DEBUG o.s.b.f.s.DefaultListableBeanFactory - Returning cached instance of singleton bean 'metaDataSourceAdvisor'
2020-03-14 21:57:11.677 [main] DEBUG o.s.b.f.s.DefaultListableBeanFactory - Returning cached instance of singleton bean 'org.springframework.transaction.config.internalTransactionAdvisor'
2020-03-14 21:57:11.678 [main] DEBUG o.s.b.f.s.DefaultListableBeanFactory - Finished creating instance of bean 'operationResponseClassReader'
2020-03-14 21:57:11.679 [main] DEBUG o.s.b.f.s.DefaultListableBeanFactory - Creating shared instance of singleton bean 'operationTagsReader'
2020-03-14 21:57:11.679 [main] DEBUG o.s.b.f.s.DefaultListableBeanFactory - Creating instance of bean 'operationTagsReader'
2020-03-14 21:57:11.679 [main] DEBUG o.s.b.f.s.DefaultListableBeanFactory - Returning cached instance of singleton bean 'metaDataSourceAdvisor'
2020-03-14 21:57:11.679 [main] DEBUG o.s.b.f.s.DefaultListableBeanFactory - Returning cached instance of singleton bean 'org.springframework.transaction.config.internalTransactionAdvisor'
2020-03-14 21:57:11.683 [main] DEBUG o.s.b.f.s.DefaultListableBeanFactory - Returning cached instance of singleton bean 'defaultTagsProvider'
2020-03-14 21:57:11.683 [main] DEBUG o.s.b.f.s.DefaultListableBeanFactory - Autowiring by type from bean name 'operationTagsReader' via constructor to bean named 'defaultTagsProvider'
2020-03-14 21:57:11.684 [main] DEBUG o.s.b.f.s.DefaultListableBeanFactory - Eagerly caching bean 'operationTagsReader' to allow for resolving potential circular references
2020-03-14 21:57:11.687 [main] DEBUG o.s.b.f.s.DefaultListableBeanFactory - Returning cached instance of singleton bean 'metaDataSourceAdvisor'
2020-03-14 21:57:11.687 [main] DEBUG o.s.b.f.s.DefaultListableBeanFactory - Returning cached instance of singleton bean 'org.springframework.transaction.config.internalTransactionAdvisor'
2020-03-14 21:57:11.687 [main] DEBUG o.s.b.f.s.DefaultListableBeanFactory - Returning cached instance of singleton bean 'metaDataSourceAdvisor'
2020-03-14 21:57:11.687 [main] DEBUG o.s.b.f.s.DefaultListableBeanFactory - Returning cached instance of singleton bean 'org.springframework.transaction.config.internalTransactionAdvisor'
2020-03-14 21:57:11.687 [main] DEBUG o.s.b.f.s.DefaultListableBeanFactory - Finished creating instance of bean 'operationTagsReader'
2020-03-14 21:57:11.687 [main] DEBUG o.s.b.f.s.DefaultListableBeanFactory - Creating shared instance of singleton bean 'responseMessagesReader'
2020-03-14 21:57:11.687 [main] DEBUG o.s.b.f.s.DefaultListableBeanFactory - Creating instance of bean 'responseMessagesReader'
2020-03-14 21:57:11.687 [main] DEBUG o.s.b.f.s.DefaultListableBeanFactory - Returning cached instance of singleton bean 'metaDataSourceAdvisor'
2020-03-14 21:57:11.687 [main] DEBUG o.s.b.f.s.DefaultListableBeanFactory - Returning cached instance of singleton bean 'org.springframework.transaction.config.internalTransactionAdvisor'
2020-03-14 21:57:11.688 [main] DEBUG o.s.b.f.s.DefaultListableBeanFactory - Returning cached instance of singleton bean 'typeNameExtractor'
2020-03-14 21:57:11.688 [main] DEBUG o.s.b.f.s.DefaultListableBeanFactory - Autowiring by type from bean name 'responseMessagesReader' via constructor to bean named 'typeNameExtractor'
2020-03-14 21:57:11.688 [main] DEBUG o.s.b.f.s.DefaultListableBeanFactory - Eagerly caching bean 'responseMessagesReader' to allow for resolving potential circular references
2020-03-14 21:57:11.692 [main] DEBUG o.s.b.f.s.DefaultListableBeanFactory - Returning cached instance of singleton bean 'metaDataSourceAdvisor'
2020-03-14 21:57:11.692 [main] DEBUG o.s.b.f.s.DefaultListableBeanFactory - Returning cached instance of singleton bean 'org.springframework.transaction.config.internalTransactionAdvisor'
2020-03-14 21:57:11.692 [main] DEBUG o.s.b.f.s.DefaultListableBeanFactory - Returning cached instance of singleton bean 'metaDataSourceAdvisor'
2020-03-14 21:57:11.692 [main] DEBUG o.s.b.f.s.DefaultListableBeanFactory - Returning cached instance of singleton bean 'org.springframework.transaction.config.internalTransactionAdvisor'
2020-03-14 21:57:11.692 [main] DEBUG o.s.b.f.s.DefaultListableBeanFactory - Finished creating instance of bean 'responseMessagesReader'
2020-03-14 21:57:11.692 [main] DEBUG o.s.b.f.s.DefaultListableBeanFactory - Creating shared instance of singleton bean 'expandedParameterBuilder'
2020-03-14 21:57:11.692 [main] DEBUG o.s.b.f.s.DefaultListableBeanFactory - Creating instance of bean 'expandedParameterBuilder'
2020-03-14 21:57:11.693 [main] DEBUG o.s.b.f.s.DefaultListableBeanFactory - Returning cached instance of singleton bean 'metaDataSourceAdvisor'
2020-03-14 21:57:11.693 [main] DEBUG o.s.b.f.s.DefaultListableBeanFactory - Returning cached instance of singleton bean 'org.springframework.transaction.config.internalTransactionAdvisor'
2020-03-14 21:57:11.694 [main] DEBUG o.s.b.f.s.DefaultListableBeanFactory - Returning cached instance of singleton bean 'typeResolver'
2020-03-14 21:57:11.694 [main] DEBUG o.s.b.f.s.DefaultListableBeanFactory - Autowiring by type from bean name 'expandedParameterBuilder' via constructor to bean named 'typeResolver'
2020-03-14 21:57:11.694 [main] DEBUG o.s.b.f.s.DefaultListableBeanFactory - Eagerly caching bean 'expandedParameterBuilder' to allow for resolving potential circular references
2020-03-14 21:57:11.701 [main] DEBUG o.s.b.f.s.DefaultListableBeanFactory - Returning cached instance of singleton bean 'metaDataSourceAdvisor'
2020-03-14 21:57:11.701 [main] DEBUG o.s.b.f.s.DefaultListableBeanFactory - Returning cached instance of singleton bean 'org.springframework.transaction.config.internalTransactionAdvisor'
2020-03-14 21:57:11.701 [main] DEBUG o.s.b.f.s.DefaultListableBeanFactory - Returning cached instance of singleton bean 'metaDataSourceAdvisor'
2020-03-14 21:57:11.701 [main] DEBUG o.s.b.f.s.DefaultListableBeanFactory - Returning cached instance of singleton bean 'org.springframework.transaction.config.internalTransactionAdvisor'
2020-03-14 21:57:11.702 [main] DEBUG o.s.b.f.s.DefaultListableBeanFactory - Finished creating instance of bean 'expandedParameterBuilder'
2020-03-14 21:57:11.702 [main] DEBUG o.s.b.f.s.DefaultListableBeanFactory - Returning cached instance of singleton bean 'modelAttributeParameterExpander'
2020-03-14 21:57:11.702 [main] DEBUG o.s.b.f.s.DefaultListableBeanFactory - Creating shared instance of singleton bean 'parameterDataTypeReader'
2020-03-14 21:57:11.702 [main] DEBUG o.s.b.f.s.DefaultListableBeanFactory - Creating instance of bean 'parameterDataTypeReader'
2020-03-14 21:57:11.702 [main] DEBUG o.s.b.f.s.DefaultListableBeanFactory - Returning cached instance of singleton bean 'metaDataSourceAdvisor'
2020-03-14 21:57:11.702 [main] DEBUG o.s.b.f.s.DefaultListableBeanFactory - Returning cached instance of singleton bean 'org.springframework.transaction.config.internalTransactionAdvisor'
2020-03-14 21:57:11.703 [main] DEBUG o.s.b.f.s.DefaultListableBeanFactory - Returning cached instance of singleton bean 'typeNameExtractor'
2020-03-14 21:57:11.703 [main] DEBUG o.s.b.f.s.DefaultListableBeanFactory - Returning cached instance of singleton bean 'typeResolver'
2020-03-14 21:57:11.703 [main] DEBUG o.s.b.f.s.DefaultListableBeanFactory - Autowiring by type from bean name 'parameterDataTypeReader' via constructor to bean named 'typeNameExtractor'
2020-03-14 21:57:11.703 [main] DEBUG o.s.b.f.s.DefaultListableBeanFactory - Autowiring by type from bean name 'parameterDataTypeReader' via constructor to bean named 'typeResolver'
2020-03-14 21:57:11.703 [main] DEBUG o.s.b.f.s.DefaultListableBeanFactory - Eagerly caching bean 'parameterDataTypeReader' to allow for resolving potential circular references
2020-03-14 21:57:11.713 [main] DEBUG o.s.b.f.s.DefaultListableBeanFactory - Returning cached instance of singleton bean 'metaDataSourceAdvisor'
2020-03-14 21:57:11.713 [main] DEBUG o.s.b.f.s.DefaultListableBeanFactory - Returning cached instance of singleton bean 'org.springframework.transaction.config.internalTransactionAdvisor'
2020-03-14 21:57:11.713 [main] DEBUG o.s.b.f.s.DefaultListableBeanFactory - Returning cached instance of singleton bean 'metaDataSourceAdvisor'
2020-03-14 21:57:11.713 [main] DEBUG o.s.b.f.s.DefaultListableBeanFactory - Returning cached instance of singleton bean 'org.springframework.transaction.config.internalTransactionAdvisor'
2020-03-14 21:57:11.714 [main] DEBUG o.s.b.f.s.DefaultListableBeanFactory - Finished creating instance of bean 'parameterDataTypeReader'
2020-03-14 21:57:11.715 [main] DEBUG o.s.b.f.s.DefaultListableBeanFactory - Creating shared instance of singleton bean 'parameterDefaultReader'
2020-03-14 21:57:11.715 [main] DEBUG o.s.b.f.s.DefaultListableBeanFactory - Creating instance of bean 'parameterDefaultReader'
2020-03-14 21:57:11.715 [main] DEBUG o.s.b.f.s.DefaultListableBeanFactory - Returning cached instance of singleton bean 'metaDataSourceAdvisor'
2020-03-14 21:57:11.715 [main] DEBUG o.s.b.f.s.DefaultListableBeanFactory - Returning cached instance of singleton bean 'org.springframework.transaction.config.internalTransactionAdvisor'
2020-03-14 21:57:11.723 [main] DEBUG o.s.b.f.s.DefaultListableBeanFactory - Creating shared instance of singleton bean 'descriptionResolver'
2020-03-14 21:57:11.723 [main] DEBUG o.s.b.f.s.DefaultListableBeanFactory - Creating instance of bean 'descriptionResolver'
2020-03-14 21:57:11.723 [main] DEBUG o.s.b.f.s.DefaultListableBeanFactory - Returning cached instance of singleton bean 'metaDataSourceAdvisor'
2020-03-14 21:57:11.724 [main] DEBUG o.s.b.f.s.DefaultListableBeanFactory - Returning cached instance of singleton bean 'org.springframework.transaction.config.internalTransactionAdvisor'
2020-03-14 21:57:11.724 [main] DEBUG o.s.b.f.s.DefaultListableBeanFactory - Creating shared instance of singleton bean 'springfox.documentation.spring.web.SpringfoxWebMvcConfiguration'
2020-03-14 21:57:11.724 [main] DEBUG o.s.b.f.s.DefaultListableBeanFactory - Creating instance of bean 'springfox.documentation.spring.web.SpringfoxWebMvcConfiguration'
2020-03-14 21:57:11.724 [main] DEBUG o.s.b.f.s.DefaultListableBeanFactory - Returning cached instance of singleton bean 'metaDataSourceAdvisor'
2020-03-14 21:57:11.724 [main] DEBUG o.s.b.f.s.DefaultListableBeanFactory - Returning cached instance of singleton bean 'org.springframework.transaction.config.internalTransactionAdvisor'
2020-03-14 21:57:11.726 [main] DEBUG o.s.b.f.s.DefaultListableBeanFactory - Eagerly caching bean 'springfox.documentation.spring.web.SpringfoxWebMvcConfiguration' to allow for resolving potential circular references
2020-03-14 21:57:11.735 [main] DEBUG o.s.b.f.s.DefaultListableBeanFactory - Returning cached instance of singleton bean 'metaDataSourceAdvisor'
2020-03-14 21:57:11.735 [main] DEBUG o.s.b.f.s.DefaultListableBeanFactory - Returning cached instance of singleton bean 'org.springframework.transaction.config.internalTransactionAdvisor'
2020-03-14 21:57:11.735 [main] DEBUG o.s.b.f.s.DefaultListableBeanFactory - Returning cached instance of singleton bean 'metaDataSourceAdvisor'
2020-03-14 21:57:11.735 [main] DEBUG o.s.b.f.s.DefaultListableBeanFactory - Returning cached instance of singleton bean 'org.springframework.transaction.config.internalTransactionAdvisor'
2020-03-14 21:57:11.737 [main] DEBUG o.s.b.f.s.DefaultListableBeanFactory - Finished creating instance of bean 'springfox.documentation.spring.web.SpringfoxWebMvcConfiguration'
2020-03-14 21:57:11.738 [main] DEBUG o.s.b.f.s.DefaultListableBeanFactory - Returning cached instance of singleton bean 'environment'
2020-03-14 21:57:11.738 [main] DEBUG o.s.b.f.s.DefaultListableBeanFactory - Autowiring by type from bean name 'descriptionResolver' via factory method to bean named 'environment'
2020-03-14 21:57:11.743 [main] DEBUG o.s.b.f.s.DefaultListableBeanFactory - Eagerly caching bean 'descriptionResolver' to allow for resolving potential circular references
2020-03-14 21:57:11.747 [main] DEBUG o.s.b.f.s.DefaultListableBeanFactory - Returning cached instance of singleton bean 'metaDataSourceAdvisor'
2020-03-14 21:57:11.747 [main] DEBUG o.s.b.f.s.DefaultListableBeanFactory - Returning cached instance of singleton bean 'org.springframework.transaction.config.internalTransactionAdvisor'
2020-03-14 21:57:11.747 [main] DEBUG o.s.b.f.s.DefaultListableBeanFactory - Returning cached instance of singleton bean 'metaDataSourceAdvisor'
2020-03-14 21:57:11.747 [main] DEBUG o.s.b.f.s.DefaultListableBeanFactory - Returning cached instance of singleton bean 'org.springframework.transaction.config.internalTransactionAdvisor'
2020-03-14 21:57:11.749 [main] DEBUG o.s.b.f.s.DefaultListableBeanFactory - Finished creating instance of bean 'descriptionResolver'
2020-03-14 21:57:11.749 [main] DEBUG o.s.b.f.s.DefaultListableBeanFactory - Autowiring by type from bean name 'parameterDefaultReader' via constructor to bean named 'descriptionResolver'
2020-03-14 21:57:11.750 [main] DEBUG o.s.b.f.s.DefaultListableBeanFactory - Eagerly caching bean 'parameterDefaultReader' to allow for resolving potential circular references
2020-03-14 21:57:11.757 [main] DEBUG o.s.b.f.s.DefaultListableBeanFactory - Returning cached instance of singleton bean 'metaDataSourceAdvisor'
2020-03-14 21:57:11.758 [main] DEBUG o.s.b.f.s.DefaultListableBeanFactory - Returning cached instance of singleton bean 'org.springframework.transaction.config.internalTransactionAdvisor'
2020-03-14 21:57:11.758 [main] DEBUG o.s.b.f.s.DefaultListableBeanFactory - Returning cached instance of singleton bean 'metaDataSourceAdvisor'
2020-03-14 21:57:11.758 [main] DEBUG o.s.b.f.s.DefaultListableBeanFactory - Returning cached instance of singleton bean 'org.springframework.transaction.config.internalTransactionAdvisor'
2020-03-14 21:57:11.758 [main] DEBUG o.s.b.f.s.DefaultListableBeanFactory - Finished creating instance of bean 'parameterDefaultReader'
2020-03-14 21:57:11.759 [main] DEBUG o.s.b.f.s.DefaultListableBeanFactory - Creating shared instance of singleton bean 'parameterMultiplesReader'
2020-03-14 21:57:11.759 [main] DEBUG o.s.b.f.s.DefaultListableBeanFactory - Creating instance of bean 'parameterMultiplesReader'
2020-03-14 21:57:11.759 [main] DEBUG o.s.b.f.s.DefaultListableBeanFactory - Returning cached instance of singleton bean 'metaDataSourceAdvisor'
2020-03-14 21:57:11.759 [main] DEBUG o.s.b.f.s.DefaultListableBeanFactory - Returning cached instance of singleton bean 'org.springframework.transaction.config.internalTransactionAdvisor'
2020-03-14 21:57:11.759 [main] DEBUG o.s.b.f.s.DefaultListableBeanFactory - Eagerly caching bean 'parameterMultiplesReader' to allow for resolving potential circular references
2020-03-14 21:57:11.768 [main] DEBUG o.s.b.f.s.DefaultListableBeanFactory - Returning cached instance of singleton bean 'metaDataSourceAdvisor'
2020-03-14 21:57:11.768 [main] DEBUG o.s.b.f.s.DefaultListableBeanFactory - Returning cached instance of singleton bean 'org.springframework.transaction.config.internalTransactionAdvisor'
2020-03-14 21:57:11.768 [main] DEBUG o.s.b.f.s.DefaultListableBeanFactory - Returning cached instance of singleton bean 'metaDataSourceAdvisor'
2020-03-14 21:57:11.768 [main] DEBUG o.s.b.f.s.DefaultListableBeanFactory - Returning cached instance of singleton bean 'org.springframework.transaction.config.internalTransactionAdvisor'
2020-03-14 21:57:11.770 [main] DEBUG o.s.b.f.s.DefaultListableBeanFactory - Finished creating instance of bean 'parameterMultiplesReader'
2020-03-14 21:57:11.772 [main] DEBUG o.s.b.f.s.DefaultListableBeanFactory - Creating shared instance of singleton bean 'parameterNameReader'
2020-03-14 21:57:11.772 [main] DEBUG o.s.b.f.s.DefaultListableBeanFactory - Creating instance of bean 'parameterNameReader'
2020-03-14 21:57:11.772 [main] DEBUG o.s.b.f.s.DefaultListableBeanFactory - Returning cached instance of singleton bean 'metaDataSourceAdvisor'
2020-03-14 21:57:11.773 [main] DEBUG o.s.b.f.s.DefaultListableBeanFactory - Returning cached instance of singleton bean 'org.springframework.transaction.config.internalTransactionAdvisor'
2020-03-14 21:57:11.773 [main] DEBUG o.s.b.f.s.DefaultListableBeanFactory - Eagerly caching bean 'parameterNameReader' to allow for resolving potential circular references
2020-03-14 21:57:11.783 [main] DEBUG o.s.b.f.s.DefaultListableBeanFactory - Returning cached instance of singleton bean 'metaDataSourceAdvisor'
2020-03-14 21:57:11.784 [main] DEBUG o.s.b.f.s.DefaultListableBeanFactory - Returning cached instance of singleton bean 'org.springframework.transaction.config.internalTransactionAdvisor'
2020-03-14 21:57:11.784 [main] DEBUG o.s.b.f.s.DefaultListableBeanFactory - Returning cached instance of singleton bean 'metaDataSourceAdvisor'
2020-03-14 21:57:11.784 [main] DEBUG o.s.b.f.s.DefaultListableBeanFactory - Returning cached instance of singleton bean 'org.springframework.transaction.config.internalTransactionAdvisor'
2020-03-14 21:57:11.785 [main] DEBUG o.s.b.f.s.DefaultListableBeanFactory - Finished creating instance of bean 'parameterNameReader'
2020-03-14 21:57:11.785 [main] DEBUG o.s.b.f.s.DefaultListableBeanFactory - Creating shared instance of singleton bean 'parameterRequiredReader'
2020-03-14 21:57:11.785 [main] DEBUG o.s.b.f.s.DefaultListableBeanFactory - Creating instance of bean 'parameterRequiredReader'
2020-03-14 21:57:11.785 [main] DEBUG o.s.b.f.s.DefaultListableBeanFactory - Returning cached instance of singleton bean 'metaDataSourceAdvisor'
2020-03-14 21:57:11.785 [main] DEBUG o.s.b.f.s.DefaultListableBeanFactory - Returning cached instance of singleton bean 'org.springframework.transaction.config.internalTransactionAdvisor'
2020-03-14 21:57:11.787 [main] DEBUG o.s.b.f.s.DefaultListableBeanFactory - Returning cached instance of singleton bean 'descriptionResolver'
2020-03-14 21:57:11.788 [main] DEBUG o.s.b.f.s.DefaultListableBeanFactory - Autowiring by type from bean name 'parameterRequiredReader' via constructor to bean named 'descriptionResolver'
2020-03-14 21:57:11.788 [main] DEBUG o.s.b.f.s.DefaultListableBeanFactory - Eagerly caching bean 'parameterRequiredReader' to allow for resolving potential circular references
2020-03-14 21:57:11.802 [main] DEBUG o.s.b.f.s.DefaultListableBeanFactory - Returning cached instance of singleton bean 'metaDataSourceAdvisor'
2020-03-14 21:57:11.803 [main] DEBUG o.s.b.f.s.DefaultListableBeanFactory - Returning cached instance of singleton bean 'org.springframework.transaction.config.internalTransactionAdvisor'
2020-03-14 21:57:11.803 [main] DEBUG o.s.b.f.s.DefaultListableBeanFactory - Returning cached instance of singleton bean 'metaDataSourceAdvisor'
2020-03-14 21:57:11.803 [main] DEBUG o.s.b.f.s.DefaultListableBeanFactory - Returning cached instance of singleton bean 'org.springframework.transaction.config.internalTransactionAdvisor'
2020-03-14 21:57:11.804 [main] DEBUG o.s.b.f.s.DefaultListableBeanFactory - Finished creating instance of bean 'parameterRequiredReader'
2020-03-14 21:57:11.804 [main] DEBUG o.s.b.f.s.DefaultListableBeanFactory - Creating shared instance of singleton bean 'parameterTypeReader'
2020-03-14 21:57:11.804 [main] DEBUG o.s.b.f.s.DefaultListableBeanFactory - Creating instance of bean 'parameterTypeReader'
2020-03-14 21:57:11.806 [main] DEBUG o.s.b.f.s.DefaultListableBeanFactory - Returning cached instance of singleton bean 'metaDataSourceAdvisor'
2020-03-14 21:57:11.806 [main] DEBUG o.s.b.f.s.DefaultListableBeanFactory - Returning cached instance of singleton bean 'org.springframework.transaction.config.internalTransactionAdvisor'
2020-03-14 21:57:11.806 [main] DEBUG o.s.b.f.s.DefaultListableBeanFactory - Eagerly caching bean 'parameterTypeReader' to allow for resolving potential circular references
2020-03-14 21:57:11.815 [main] DEBUG o.s.b.f.s.DefaultListableBeanFactory - Returning cached instance of singleton bean 'metaDataSourceAdvisor'
2020-03-14 21:57:11.815 [main] DEBUG o.s.b.f.s.DefaultListableBeanFactory - Returning cached instance of singleton bean 'org.springframework.transaction.config.internalTransactionAdvisor'
2020-03-14 21:57:11.816 [main] DEBUG o.s.b.f.s.DefaultListableBeanFactory - Returning cached instance of singleton bean 'metaDataSourceAdvisor'
2020-03-14 21:57:11.816 [main] DEBUG o.s.b.f.s.DefaultListableBeanFactory - Returning cached instance of singleton bean 'org.springframework.transaction.config.internalTransactionAdvisor'
2020-03-14 21:57:11.816 [main] DEBUG o.s.b.f.s.DefaultListableBeanFactory - Finished creating instance of bean 'parameterTypeReader'
2020-03-14 21:57:11.817 [main] DEBUG o.s.b.f.s.DefaultListableBeanFactory - Creating shared instance of singleton bean 'documentationPluginsBootstrapper'
2020-03-14 21:57:11.817 [main] DEBUG o.s.b.f.s.DefaultListableBeanFactory - Creating instance of bean 'documentationPluginsBootstrapper'
2020-03-14 21:57:11.817 [main] DEBUG o.s.b.f.s.DefaultListableBeanFactory - Returning cached instance of singleton bean 'metaDataSourceAdvisor'
2020-03-14 21:57:11.817 [main] DEBUG o.s.b.f.s.DefaultListableBeanFactory - Returning cached instance of singleton bean 'org.springframework.transaction.config.internalTransactionAdvisor'
2020-03-14 21:57:11.818 [main] DEBUG o.s.b.f.s.DefaultListableBeanFactory - Returning cached instance of singleton bean 'documentationPluginsManager'
2020-03-14 21:57:11.824 [main] DEBUG o.s.b.f.s.DefaultListableBeanFactory - Creating shared instance of singleton bean 'webMvcRequestHandlerProvider'
2020-03-14 21:57:11.824 [main] DEBUG o.s.b.f.s.DefaultListableBeanFactory - Creating instance of bean 'webMvcRequestHandlerProvider'
2020-03-14 21:57:11.824 [main] DEBUG o.s.b.f.s.DefaultListableBeanFactory - Returning cached instance of singleton bean 'metaDataSourceAdvisor'
2020-03-14 21:57:11.824 [main] DEBUG o.s.b.f.s.DefaultListableBeanFactory - Returning cached instance of singleton bean 'org.springframework.transaction.config.internalTransactionAdvisor'
2020-03-14 21:57:11.836 [main] DEBUG o.s.b.f.s.DefaultListableBeanFactory - Creating shared instance of singleton bean 'requestMappingHandlerMapping'
2020-03-14 21:57:11.836 [main] DEBUG o.s.b.f.s.DefaultListableBeanFactory - Creating instance of bean 'requestMappingHandlerMapping'
2020-03-14 21:57:11.837 [main] DEBUG o.s.b.f.s.DefaultListableBeanFactory - Returning cached instance of singleton bean 'metaDataSourceAdvisor'
2020-03-14 21:57:11.837 [main] DEBUG o.s.b.f.s.DefaultListableBeanFactory - Returning cached instance of singleton bean 'org.springframework.transaction.config.internalTransactionAdvisor'
2020-03-14 21:57:11.837 [main] DEBUG o.s.b.f.s.DefaultListableBeanFactory - Returning cached instance of singleton bean 'org.springframework.boot.autoconfigure.web.servlet.WebMvcAutoConfiguration$EnableWebMvcConfiguration'
2020-03-14 21:57:11.919 [main] DEBUG o.s.b.f.s.DefaultListableBeanFactory - Creating shared instance of singleton bean 'openEntityManagerInViewInterceptor'
2020-03-14 21:57:11.920 [main] DEBUG o.s.b.f.s.DefaultListableBeanFactory - Creating instance of bean 'openEntityManagerInViewInterceptor'
2020-03-14 21:57:11.920 [main] DEBUG o.s.b.f.s.DefaultListableBeanFactory - Returning cached instance of singleton bean 'metaDataSourceAdvisor'
2020-03-14 21:57:11.920 [main] DEBUG o.s.b.f.s.DefaultListableBeanFactory - Returning cached instance of singleton bean 'org.springframework.transaction.config.internalTransactionAdvisor'
2020-03-14 21:57:11.920 [main] DEBUG o.s.b.f.s.DefaultListableBeanFactory - Returning cached instance of singleton bean 'org.springframework.boot.autoconfigure.orm.jpa.JpaBaseConfiguration$JpaWebConfiguration$JpaWebMvcConfiguration'
2020-03-14 21:57:11.926 [main] WARN  o.s.b.a.o.j.JpaBaseConfiguration$JpaWebConfiguration$JpaWebMvcConfiguration - spring.jpa.open-in-view is enabled by default. Therefore, database queries may be performed during view rendering. Explicitly configure spring.jpa.open-in-view to disable this warning
2020-03-14 21:57:11.935 [main] DEBUG o.s.b.f.s.DefaultListableBeanFactory - Eagerly caching bean 'openEntityManagerInViewInterceptor' to allow for resolving potential circular references
2020-03-14 21:57:11.969 [main] DEBUG o.s.b.f.s.DefaultListableBeanFactory - Returning cached instance of singleton bean 'entityManagerFactory'
2020-03-14 21:57:11.970 [main] DEBUG o.s.b.f.s.DefaultListableBeanFactory - Returning cached instance of singleton bean 'metaDataSourceAdvisor'
2020-03-14 21:57:11.970 [main] DEBUG o.s.b.f.s.DefaultListableBeanFactory - Returning cached instance of singleton bean 'org.springframework.transaction.config.internalTransactionAdvisor'
2020-03-14 21:57:11.970 [main] DEBUG o.s.b.f.s.DefaultListableBeanFactory - Returning cached instance of singleton bean 'metaDataSourceAdvisor'
2020-03-14 21:57:11.970 [main] DEBUG o.s.b.f.s.DefaultListableBeanFactory - Returning cached instance of singleton bean 'org.springframework.transaction.config.internalTransactionAdvisor'
2020-03-14 21:57:11.973 [main] DEBUG o.s.b.f.s.DefaultListableBeanFactory - Finished creating instance of bean 'openEntityManagerInViewInterceptor'
2020-03-14 21:57:11.983 [main] DEBUG o.s.b.f.s.DefaultListableBeanFactory - Creating shared instance of singleton bean 'mvcConversionService'
2020-03-14 21:57:11.984 [main] DEBUG o.s.b.f.s.DefaultListableBeanFactory - Creating instance of bean 'mvcConversionService'
2020-03-14 21:57:11.984 [main] DEBUG o.s.b.f.s.DefaultListableBeanFactory - Returning cached instance of singleton bean 'metaDataSourceAdvisor'
2020-03-14 21:57:11.984 [main] DEBUG o.s.b.f.s.DefaultListableBeanFactory - Returning cached instance of singleton bean 'org.springframework.transaction.config.internalTransactionAdvisor'
2020-03-14 21:57:11.984 [main] DEBUG o.s.b.f.s.DefaultListableBeanFactory - Returning cached instance of singleton bean 'org.springframework.boot.autoconfigure.web.servlet.WebMvcAutoConfiguration$EnableWebMvcConfiguration'
2020-03-14 21:57:12.047 [main] DEBUG o.s.b.f.s.DefaultListableBeanFactory - Returning cached instance of singleton bean 'teachplanRepository'
2020-03-14 21:57:12.054 [main] DEBUG o.s.b.f.s.DefaultListableBeanFactory - Returning cached instance of singleton bean 'teachplanMediaRepository'
2020-03-14 21:57:12.055 [main] DEBUG o.s.b.f.s.DefaultListableBeanFactory - Returning cached instance of singleton bean 'coursePicRepository'
2020-03-14 21:57:12.056 [main] DEBUG o.s.b.f.s.DefaultListableBeanFactory - Returning cached instance of singleton bean 'coursePubRepository'
2020-03-14 21:57:12.057 [main] DEBUG o.s.b.f.s.DefaultListableBeanFactory - Returning cached instance of singleton bean 'courseMarketRepository'
2020-03-14 21:57:12.057 [main] DEBUG o.s.b.f.s.DefaultListableBeanFactory - Returning cached instance of singleton bean 'teachplanMediaPubRepository'
2020-03-14 21:57:12.058 [main] DEBUG o.s.b.f.s.DefaultListableBeanFactory - Returning cached instance of singleton bean 'courseBaseRepository'
2020-03-14 21:57:12.059 [main] DEBUG o.s.b.f.s.DefaultListableBeanFactory - Returning cached instance of singleton bean 'sysDictionaryRepository'
2020-03-14 21:57:12.069 [main] DEBUG o.s.b.f.s.DefaultListableBeanFactory - Eagerly caching bean 'mvcConversionService' to allow for resolving potential circular references
2020-03-14 21:57:12.108 [main] DEBUG o.s.b.f.s.DefaultListableBeanFactory - Returning cached instance of singleton bean 'metaDataSourceAdvisor'
2020-03-14 21:57:12.108 [main] DEBUG o.s.b.f.s.DefaultListableBeanFactory - Returning cached instance of singleton bean 'org.springframework.transaction.config.internalTransactionAdvisor'
2020-03-14 21:57:12.109 [main] DEBUG o.s.b.f.s.DefaultListableBeanFactory - Returning cached instance of singleton bean 'metaDataSourceAdvisor'
2020-03-14 21:57:12.109 [main] DEBUG o.s.b.f.s.DefaultListableBeanFactory - Returning cached instance of singleton bean 'org.springframework.transaction.config.internalTransactionAdvisor'
2020-03-14 21:57:12.119 [main] DEBUG o.s.b.f.s.DefaultListableBeanFactory - Finished creating instance of bean 'mvcConversionService'
2020-03-14 21:57:12.120 [main] DEBUG o.s.b.f.s.DefaultListableBeanFactory - Returning cached instance of singleton bean 'mvcResourceUrlProvider'
2020-03-14 21:57:12.124 [main] DEBUG o.s.b.f.s.DefaultListableBeanFactory - Creating shared instance of singleton bean 'mvcContentNegotiationManager'
2020-03-14 21:57:12.124 [main] DEBUG o.s.b.f.s.DefaultListableBeanFactory - Creating instance of bean 'mvcContentNegotiationManager'
2020-03-14 21:57:12.124 [main] DEBUG o.s.b.f.s.DefaultListableBeanFactory - Returning cached instance of singleton bean 'metaDataSourceAdvisor'
2020-03-14 21:57:12.124 [main] DEBUG o.s.b.f.s.DefaultListableBeanFactory - Returning cached instance of singleton bean 'org.springframework.transaction.config.internalTransactionAdvisor'
2020-03-14 21:57:12.125 [main] DEBUG o.s.b.f.s.DefaultListableBeanFactory - Returning cached instance of singleton bean 'org.springframework.boot.autoconfigure.web.servlet.WebMvcAutoConfiguration$EnableWebMvcConfiguration'
2020-03-14 21:57:12.135 [main] DEBUG o.s.b.f.s.DefaultListableBeanFactory - Eagerly caching bean 'mvcContentNegotiationManager' to allow for resolving potential circular references
2020-03-14 21:57:12.163 [main] DEBUG o.s.b.f.s.DefaultListableBeanFactory - Returning cached instance of singleton bean 'metaDataSourceAdvisor'
2020-03-14 21:57:12.164 [main] DEBUG o.s.b.f.s.DefaultListableBeanFactory - Returning cached instance of singleton bean 'org.springframework.transaction.config.internalTransactionAdvisor'
2020-03-14 21:57:12.164 [main] DEBUG o.s.b.f.s.DefaultListableBeanFactory - Returning cached instance of singleton bean 'metaDataSourceAdvisor'
2020-03-14 21:57:12.164 [main] DEBUG o.s.b.f.s.DefaultListableBeanFactory - Returning cached instance of singleton bean 'org.springframework.transaction.config.internalTransactionAdvisor'
2020-03-14 21:57:12.168 [main] DEBUG o.s.b.f.s.DefaultListableBeanFactory - Finished creating instance of bean 'mvcContentNegotiationManager'
2020-03-14 21:57:12.242 [main] DEBUG o.s.b.f.s.DefaultListableBeanFactory - Eagerly caching bean 'requestMappingHandlerMapping' to allow for resolving potential circular references
2020-03-14 21:57:12.314 [main] DEBUG o.s.b.f.s.DefaultListableBeanFactory - Invoking afterPropertiesSet() on bean with name 'requestMappingHandlerMapping'
2020-03-14 21:57:12.314 [main] DEBUG o.s.w.s.m.m.a.RequestMappingHandlerMapping - Looking for request mappings in application context: org.springframework.web.context.support.GenericWebApplicationContext@1ee4730: startup date [Sat Mar 14 21:56:44 CST 2020]; parent: org.springframework.context.annotation.AnnotationConfigApplicationContext@598bd2ba
2020-03-14 21:57:12.410 [main] DEBUG o.s.w.s.m.m.a.RequestMappingHandlerMapping - 16 request handler methods found on class com.ningmeng.manage_course.controller.CourseController: {public com.ningmeng.framework.domain.course.response.CoursePublishResult com.ningmeng.manage_course.controller.CourseController.publish(java.lang.String)={[/course/publish/{id}],methods=[POST]}, public com.ningmeng.framework.model.response.QueryResponseResult com.ningmeng.manage_course.controller.CourseController.findCourseList(int,int,com.ningmeng.framework.domain.course.request.CourseListRequest)={[/course/teachplan/findCourseList],methods=[POST]}, public com.ningmeng.framework.domain.course.CoursePic com.ningmeng.manage_course.controller.CourseController.findCoursePic(java.lang.String)={[/course/coursepic/list/{courseId}],methods=[GET]}, public com.ningmeng.framework.domain.course.ext.CategoryNode com.ningmeng.manage_course.controller.CourseController.findList()={[/course/xy/findList],methods=[GET]}, public com.ningmeng.framework.domain.course.response.CourseView com.ningmeng.manage_course.controller.CourseController.courseview(java.lang.String)={[/course/courseview/{id}],methods=[GET]}, public com.ningmeng.framework.model.response.ResponseResult com.ningmeng.manage_course.controller.CourseController.deleteCoursePic(java.lang.String)={[/course/coursepic/delete],methods=[DELETE]}, public com.ningmeng.framework.domain.course.response.CoursePublishResult com.ningmeng.manage_course.controller.CourseController.preview(java.lang.String)={[/course/preview/{id}],methods=[POST]}, public com.ningmeng.framework.domain.course.response.AddCourseResult com.ningmeng.manage_course.controller.CourseController.addCourseBase(com.ningmeng.framework.domain.course.CourseBase)={[/course/xy/add/{courseBase}],methods=[POST]}, public com.ningmeng.framework.model.response.ResponseResult com.ningmeng.manage_course.controller.CourseController.addTeachplan(com.ningmeng.framework.domain.course.Teachplan)={[/course/teachplan/add],methods=[POST]}, public com.ningmeng.framework.model.response.ResponseResult com.ningmeng.manage_course.controller.CourseController.savemedia(com.ningmeng.framework.domain.course.TeachplanMedia)={[/course/savemedia],methods=[POST]}, public com.ningmeng.framework.model.response.ResponseResult com.ningmeng.manage_course.controller.CourseController.updateCourseBase(java.lang.String,com.ningmeng.framework.domain.course.CourseBase)={[/course/xy/updateCourseBase/{id}/{courseBase}],methods=[POST]}, public com.ningmeng.framework.model.response.ResponseResult com.ningmeng.manage_course.controller.CourseController.addCoursePic(java.lang.String,java.lang.String)={[/course/coursepic/add],methods=[POST]}, public com.ningmeng.framework.domain.course.CourseMarket com.ningmeng.manage_course.controller.CourseController.getCourseMarketById(java.lang.String)={[/course/xy/getCourseMarketById/{id}],methods=[GET]}, public com.ningmeng.framework.domain.course.ext.TeachplanNode com.ningmeng.manage_course.controller.CourseController.findTeachplanList(java.lang.String)={[/course/teachplan/list/{courseId}],methods=[GET]}, public com.ningmeng.framework.domain.course.CourseBase com.ningmeng.manage_course.controller.CourseController.getCourseBaseById(java.lang.String) throws java.lang.RuntimeException={[/course/xy/getCourseBaseById/{id}],methods=[GET]}, public com.ningmeng.framework.model.response.ResponseResult com.ningmeng.manage_course.controller.CourseController.updateCourseMarket(java.lang.String,com.ningmeng.framework.domain.course.CourseMarket)={[/course/xy/updateCourseMarket/{id}/{courseMarket}],methods=[POST]}}
2020-03-14 21:57:12.420 [main] INFO  o.s.w.s.m.m.a.RequestMappingHandlerMapping - Mapped "{[/course/publish/{id}],methods=[POST]}" onto public com.ningmeng.framework.domain.course.response.CoursePublishResult com.ningmeng.manage_course.controller.CourseController.publish(java.lang.String)
2020-03-14 21:57:12.424 [main] INFO  o.s.w.s.m.m.a.RequestMappingHandlerMapping - Mapped "{[/course/teachplan/findCourseList],methods=[POST]}" onto public com.ningmeng.framework.model.response.QueryResponseResult com.ningmeng.manage_course.controller.CourseController.findCourseList(int,int,com.ningmeng.framework.domain.course.request.CourseListRequest)
2020-03-14 21:57:12.424 [main] INFO  o.s.w.s.m.m.a.RequestMappingHandlerMapping - Mapped "{[/course/coursepic/list/{courseId}],methods=[GET]}" onto public com.ningmeng.framework.domain.course.CoursePic com.ningmeng.manage_course.controller.CourseController.findCoursePic(java.lang.String)
2020-03-14 21:57:12.424 [main] INFO  o.s.w.s.m.m.a.RequestMappingHandlerMapping - Mapped "{[/course/xy/findList],methods=[GET]}" onto public com.ningmeng.framework.domain.course.ext.CategoryNode com.ningmeng.manage_course.controller.CourseController.findList()
2020-03-14 21:57:12.425 [main] INFO  o.s.w.s.m.m.a.RequestMappingHandlerMapping - Mapped "{[/course/courseview/{id}],methods=[GET]}" onto public com.ningmeng.framework.domain.course.response.CourseView com.ningmeng.manage_course.controller.CourseController.courseview(java.lang.String)
2020-03-14 21:57:12.425 [main] INFO  o.s.w.s.m.m.a.RequestMappingHandlerMapping - Mapped "{[/course/coursepic/delete],methods=[DELETE]}" onto public com.ningmeng.framework.model.response.ResponseResult com.ningmeng.manage_course.controller.CourseController.deleteCoursePic(java.lang.String)
2020-03-14 21:57:12.425 [main] INFO  o.s.w.s.m.m.a.RequestMappingHandlerMapping - Mapped "{[/course/preview/{id}],methods=[POST]}" onto public com.ningmeng.framework.domain.course.response.CoursePublishResult com.ningmeng.manage_course.controller.CourseController.preview(java.lang.String)
2020-03-14 21:57:12.425 [main] INFO  o.s.w.s.m.m.a.RequestMappingHandlerMapping - Mapped "{[/course/xy/add/{courseBase}],methods=[POST]}" onto public com.ningmeng.framework.domain.course.response.AddCourseResult com.ningmeng.manage_course.controller.CourseController.addCourseBase(com.ningmeng.framework.domain.course.CourseBase)
2020-03-14 21:57:12.425 [main] INFO  o.s.w.s.m.m.a.RequestMappingHandlerMapping - Mapped "{[/course/teachplan/add],methods=[POST]}" onto public com.ningmeng.framework.model.response.ResponseResult com.ningmeng.manage_course.controller.CourseController.addTeachplan(com.ningmeng.framework.domain.course.Teachplan)
2020-03-14 21:57:12.425 [main] INFO  o.s.w.s.m.m.a.RequestMappingHandlerMapping - Mapped "{[/course/savemedia],methods=[POST]}" onto public com.ningmeng.framework.model.response.ResponseResult com.ningmeng.manage_course.controller.CourseController.savemedia(com.ningmeng.framework.domain.course.TeachplanMedia)
2020-03-14 21:57:12.425 [main] INFO  o.s.w.s.m.m.a.RequestMappingHandlerMapping - Mapped "{[/course/xy/updateCourseBase/{id}/{courseBase}],methods=[POST]}" onto public com.ningmeng.framework.model.response.ResponseResult com.ningmeng.manage_course.controller.CourseController.updateCourseBase(java.lang.String,com.ningmeng.framework.domain.course.CourseBase)
2020-03-14 21:57:12.426 [main] INFO  o.s.w.s.m.m.a.RequestMappingHandlerMapping - Mapped "{[/course/coursepic/add],methods=[POST]}" onto public com.ningmeng.framework.model.response.ResponseResult com.ningmeng.manage_course.controller.CourseController.addCoursePic(java.lang.String,java.lang.String)
2020-03-14 21:57:12.426 [main] INFO  o.s.w.s.m.m.a.RequestMappingHandlerMapping - Mapped "{[/course/xy/getCourseMarketById/{id}],methods=[GET]}" onto public com.ningmeng.framework.domain.course.CourseMarket com.ningmeng.manage_course.controller.CourseController.getCourseMarketById(java.lang.String)
2020-03-14 21:57:12.426 [main] INFO  o.s.w.s.m.m.a.RequestMappingHandlerMapping - Mapped "{[/course/teachplan/list/{courseId}],methods=[GET]}" onto public com.ningmeng.framework.domain.course.ext.TeachplanNode com.ningmeng.manage_course.controller.CourseController.findTeachplanList(java.lang.String)
2020-03-14 21:57:12.427 [main] INFO  o.s.w.s.m.m.a.RequestMappingHandlerMapping - Mapped "{[/course/xy/getCourseBaseById/{id}],methods=[GET]}" onto public com.ningmeng.framework.domain.course.CourseBase com.ningmeng.manage_course.controller.CourseController.getCourseBaseById(java.lang.String) throws java.lang.RuntimeException
2020-03-14 21:57:12.427 [main] INFO  o.s.w.s.m.m.a.RequestMappingHandlerMapping - Mapped "{[/course/xy/updateCourseMarket/{id}/{courseMarket}],methods=[POST]}" onto public com.ningmeng.framework.model.response.ResponseResult com.ningmeng.manage_course.controller.CourseController.updateCourseMarket(java.lang.String,com.ningmeng.framework.domain.course.CourseMarket)
2020-03-14 21:57:12.431 [main] DEBUG o.s.w.s.m.m.a.RequestMappingHandlerMapping - 1 request handler methods found on class com.ningmeng.manage_course.controller.SysDicthinaryController: {public com.ningmeng.framework.domain.system.SysDictionary com.ningmeng.manage_course.controller.SysDicthinaryController.getByType(java.lang.String)={[/sys/sysDicthinary/getByType/{type}],methods=[GET]}}
2020-03-14 21:57:12.432 [main] INFO  o.s.w.s.m.m.a.RequestMappingHandlerMapping - Mapped "{[/sys/sysDicthinary/getByType/{type}],methods=[GET]}" onto public com.ningmeng.framework.domain.system.SysDictionary com.ningmeng.manage_course.controller.SysDicthinaryController.getByType(java.lang.String)
2020-03-14 21:57:12.440 [main] DEBUG o.s.w.s.m.m.a.RequestMappingHandlerMapping - 3 request handler methods found on class springfox.documentation.swagger.web.ApiResourceController: {public org.springframework.http.ResponseEntity springfox.documentation.swagger.web.ApiResourceController.securityConfiguration()={[/swagger-resources/configuration/security]}, public org.springframework.http.ResponseEntity springfox.documentation.swagger.web.ApiResourceController.uiConfiguration()={[/swagger-resources/configuration/ui]}, public org.springframework.http.ResponseEntity springfox.documentation.swagger.web.ApiResourceController.swaggerResources()={[/swagger-resources]}}
2020-03-14 21:57:12.441 [main] INFO  o.s.w.s.m.m.a.RequestMappingHandlerMapping - Mapped "{[/swagger-resources/configuration/security]}" onto public org.springframework.http.ResponseEntity<springfox.documentation.swagger.web.SecurityConfiguration> springfox.documentation.swagger.web.ApiResourceController.securityConfiguration()
2020-03-14 21:57:12.441 [main] INFO  o.s.w.s.m.m.a.RequestMappingHandlerMapping - Mapped "{[/swagger-resources/configuration/ui]}" onto public org.springframework.http.ResponseEntity<springfox.documentation.swagger.web.UiConfiguration> springfox.documentation.swagger.web.ApiResourceController.uiConfiguration()
2020-03-14 21:57:12.442 [main] INFO  o.s.w.s.m.m.a.RequestMappingHandlerMapping - Mapped "{[/swagger-resources]}" onto public org.springframework.http.ResponseEntity<java.util.List<springfox.documentation.swagger.web.SwaggerResource>> springfox.documentation.swagger.web.ApiResourceController.swaggerResources()
2020-03-14 21:57:12.452 [main] DEBUG o.s.c.e.PropertySourcesPropertyResolver - Could not find key 'error.path:/error' in any property source
2020-03-14 21:57:12.452 [main] DEBUG o.s.c.e.PropertySourcesPropertyResolver - Could not find key 'error.path:/error' in any property source
2020-03-14 21:57:12.454 [main] DEBUG o.s.c.e.PropertySourcesPropertyResolver - Could not find key 'error.path' in any property source
2020-03-14 21:57:12.454 [main] DEBUG o.s.c.e.PropertySourcesPropertyResolver - Could not find key 'error.path' in any property source
2020-03-14 21:57:12.454 [main] DEBUG o.s.c.e.PropertySourcesPropertyResolver - Could not find key 'server.error.path:/error' in any property source
2020-03-14 21:57:12.454 [main] DEBUG o.s.c.e.PropertySourcesPropertyResolver - Could not find key 'server.error.path:/error' in any property source
2020-03-14 21:57:12.454 [main] DEBUG o.s.c.e.PropertySourcesPropertyResolver - Could not find key 'server.error.path' in any property source
2020-03-14 21:57:12.454 [main] DEBUG o.s.c.e.PropertySourcesPropertyResolver - Could not find key 'server.error.path' in any property source
2020-03-14 21:57:12.456 [main] DEBUG o.s.c.e.PropertySourcesPropertyResolver - Could not find key 'error.path:/error' in any property source
2020-03-14 21:57:12.456 [main] DEBUG o.s.c.e.PropertySourcesPropertyResolver - Could not find key 'error.path:/error' in any property source
2020-03-14 21:57:12.456 [main] DEBUG o.s.c.e.PropertySourcesPropertyResolver - Could not find key 'error.path' in any property source
2020-03-14 21:57:12.456 [main] DEBUG o.s.c.e.PropertySourcesPropertyResolver - Could not find key 'error.path' in any property source
2020-03-14 21:57:12.456 [main] DEBUG o.s.c.e.PropertySourcesPropertyResolver - Could not find key 'server.error.path:/error' in any property source
2020-03-14 21:57:12.457 [main] DEBUG o.s.c.e.PropertySourcesPropertyResolver - Could not find key 'server.error.path:/error' in any property source
2020-03-14 21:57:12.457 [main] DEBUG o.s.c.e.PropertySourcesPropertyResolver - Could not find key 'server.error.path' in any property source
2020-03-14 21:57:12.457 [main] DEBUG o.s.c.e.PropertySourcesPropertyResolver - Could not find key 'server.error.path' in any property source
2020-03-14 21:57:12.461 [main] DEBUG o.s.w.s.m.m.a.RequestMappingHandlerMapping - 2 request handler methods found on class org.springframework.boot.autoconfigure.web.servlet.error.BasicErrorController: {public org.springframework.http.ResponseEntity org.springframework.boot.autoconfigure.web.servlet.error.BasicErrorController.error(javax.servlet.http.HttpServletRequest)={[/error]}, public org.springframework.web.servlet.ModelAndView org.springframework.boot.autoconfigure.web.servlet.error.BasicErrorController.errorHtml(javax.servlet.http.HttpServletRequest,javax.servlet.http.HttpServletResponse)={[/error],produces=[text/html]}}
2020-03-14 21:57:12.461 [main] INFO  o.s.w.s.m.m.a.RequestMappingHandlerMapping - Mapped "{[/error]}" onto public org.springframework.http.ResponseEntity<java.util.Map<java.lang.String, java.lang.Object>> org.springframework.boot.autoconfigure.web.servlet.error.BasicErrorController.error(javax.servlet.http.HttpServletRequest)
2020-03-14 21:57:12.462 [main] INFO  o.s.w.s.m.m.a.RequestMappingHandlerMapping - Mapped "{[/error],produces=[text/html]}" onto public org.springframework.web.servlet.ModelAndView org.springframework.boot.autoconfigure.web.servlet.error.BasicErrorController.errorHtml(javax.servlet.http.HttpServletRequest,javax.servlet.http.HttpServletResponse)
2020-03-14 21:57:12.499 [main] DEBUG o.s.b.f.s.DefaultListableBeanFactory - Returning cached instance of singleton bean 'metaDataSourceAdvisor'
2020-03-14 21:57:12.499 [main] DEBUG o.s.b.f.s.DefaultListableBeanFactory - Returning cached instance of singleton bean 'org.springframework.transaction.config.internalTransactionAdvisor'
2020-03-14 21:57:12.500 [main] DEBUG o.s.b.f.s.DefaultListableBeanFactory - Returning cached instance of singleton bean 'metaDataSourceAdvisor'
2020-03-14 21:57:12.500 [main] DEBUG o.s.b.f.s.DefaultListableBeanFactory - Returning cached instance of singleton bean 'org.springframework.transaction.config.internalTransactionAdvisor'
2020-03-14 21:57:12.573 [main] DEBUG o.s.b.f.s.DefaultListableBeanFactory - Finished creating instance of bean 'requestMappingHandlerMapping'
2020-03-14 21:57:12.573 [main] DEBUG o.s.b.f.s.DefaultListableBeanFactory - Creating shared instance of singleton bean 'webEndpointServletHandlerMapping'
2020-03-14 21:57:12.573 [main] DEBUG o.s.b.f.s.DefaultListableBeanFactory - Creating instance of bean 'webEndpointServletHandlerMapping'
2020-03-14 21:57:12.573 [main] DEBUG o.s.b.f.s.DefaultListableBeanFactory - Returning cached instance of singleton bean 'metaDataSourceAdvisor'
2020-03-14 21:57:12.573 [main] DEBUG o.s.b.f.s.DefaultListableBeanFactory - Returning cached instance of singleton bean 'org.springframework.transaction.config.internalTransactionAdvisor'
2020-03-14 21:57:12.574 [main] DEBUG o.s.b.f.s.DefaultListableBeanFactory - Creating shared instance of singleton bean 'org.springframework.boot.actuate.autoconfigure.endpoint.web.servlet.WebMvcEndpointManagementContextConfiguration'
2020-03-14 21:57:12.574 [main] DEBUG o.s.b.f.s.DefaultListableBeanFactory - Creating instance of bean 'org.springframework.boot.actuate.autoconfigure.endpoint.web.servlet.WebMvcEndpointManagementContextConfiguration'
2020-03-14 21:57:12.575 [main] DEBUG o.s.b.f.s.DefaultListableBeanFactory - Returning cached instance of singleton bean 'metaDataSourceAdvisor'
2020-03-14 21:57:12.575 [main] DEBUG o.s.b.f.s.DefaultListableBeanFactory - Returning cached instance of singleton bean 'org.springframework.transaction.config.internalTransactionAdvisor'
2020-03-14 21:57:12.576 [main] DEBUG o.s.b.f.s.DefaultListableBeanFactory - Eagerly caching bean 'org.springframework.boot.actuate.autoconfigure.endpoint.web.servlet.WebMvcEndpointManagementContextConfiguration' to allow for resolving potential circular references
2020-03-14 21:57:12.592 [main] DEBUG o.s.b.f.s.DefaultListableBeanFactory - Returning cached instance of singleton bean 'metaDataSourceAdvisor'
2020-03-14 21:57:12.592 [main] DEBUG o.s.b.f.s.DefaultListableBeanFactory - Returning cached instance of singleton bean 'org.springframework.transaction.config.internalTransactionAdvisor'
2020-03-14 21:57:12.592 [main] DEBUG o.s.b.f.s.DefaultListableBeanFactory - Returning cached instance of singleton bean 'metaDataSourceAdvisor'
2020-03-14 21:57:12.593 [main] DEBUG o.s.b.f.s.DefaultListableBeanFactory - Returning cached instance of singleton bean 'org.springframework.transaction.config.internalTransactionAdvisor'
2020-03-14 21:57:12.594 [main] DEBUG o.s.b.f.s.DefaultListableBeanFactory - Finished creating instance of bean 'org.springframework.boot.actuate.autoconfigure.endpoint.web.servlet.WebMvcEndpointManagementContextConfiguration'
2020-03-14 21:57:12.598 [main] DEBUG o.s.b.f.s.DefaultListableBeanFactory - Creating shared instance of singleton bean 'webEndpointDiscoverer'
2020-03-14 21:57:12.598 [main] DEBUG o.s.b.f.s.DefaultListableBeanFactory - Creating instance of bean 'webEndpointDiscoverer'
2020-03-14 21:57:12.598 [main] DEBUG o.s.b.f.s.DefaultListableBeanFactory - Returning cached instance of singleton bean 'metaDataSourceAdvisor'
2020-03-14 21:57:12.599 [main] DEBUG o.s.b.f.s.DefaultListableBeanFactory - Returning cached instance of singleton bean 'org.springframework.transaction.config.internalTransactionAdvisor'
2020-03-14 21:57:12.599 [main] DEBUG o.s.b.f.s.DefaultListableBeanFactory - Creating shared instance of singleton bean 'org.springframework.boot.actuate.autoconfigure.endpoint.web.WebEndpointAutoConfiguration'
2020-03-14 21:57:12.599 [main] DEBUG o.s.b.f.s.DefaultListableBeanFactory - Creating instance of bean 'org.springframework.boot.actuate.autoconfigure.endpoint.web.WebEndpointAutoConfiguration'
2020-03-14 21:57:12.599 [main] DEBUG o.s.b.f.s.DefaultListableBeanFactory - Returning cached instance of singleton bean 'metaDataSourceAdvisor'
2020-03-14 21:57:12.599 [main] DEBUG o.s.b.f.s.DefaultListableBeanFactory - Returning cached instance of singleton bean 'org.springframework.transaction.config.internalTransactionAdvisor'
2020-03-14 21:57:12.600 [main] DEBUG o.s.c.LocalVariableTableParameterNameDiscoverer - Cannot find '.class' file for class [class org.springframework.boot.actuate.autoconfigure.endpoint.web.WebEndpointAutoConfiguration$$EnhancerBySpringCGLIB$$32c2f224] - unable to determine constructor/method parameter names
2020-03-14 21:57:12.607 [main] DEBUG o.s.b.f.s.DefaultListableBeanFactory - Creating shared instance of singleton bean 'management.endpoints.web-org.springframework.boot.actuate.autoconfigure.endpoint.web.WebEndpointProperties'
2020-03-14 21:57:12.608 [main] DEBUG o.s.b.f.s.DefaultListableBeanFactory - Creating instance of bean 'management.endpoints.web-org.springframework.boot.actuate.autoconfigure.endpoint.web.WebEndpointProperties'
2020-03-14 21:57:12.608 [main] DEBUG o.s.b.f.s.DefaultListableBeanFactory - Returning cached instance of singleton bean 'metaDataSourceAdvisor'
2020-03-14 21:57:12.609 [main] DEBUG o.s.b.f.s.DefaultListableBeanFactory - Returning cached instance of singleton bean 'org.springframework.transaction.config.internalTransactionAdvisor'
2020-03-14 21:57:12.610 [main] DEBUG o.s.b.f.s.DefaultListableBeanFactory - Eagerly caching bean 'management.endpoints.web-org.springframework.boot.actuate.autoconfigure.endpoint.web.WebEndpointProperties' to allow for resolving potential circular references
2020-03-14 21:57:12.620 [main] DEBUG o.s.b.f.s.DefaultListableBeanFactory - Returning cached instance of singleton bean 'metaDataSourceAdvisor'
2020-03-14 21:57:12.621 [main] DEBUG o.s.b.f.s.DefaultListableBeanFactory - Returning cached instance of singleton bean 'org.springframework.transaction.config.internalTransactionAdvisor'
2020-03-14 21:57:12.621 [main] DEBUG o.s.b.f.s.DefaultListableBeanFactory - Returning cached instance of singleton bean 'metaDataSourceAdvisor'
2020-03-14 21:57:12.621 [main] DEBUG o.s.b.f.s.DefaultListableBeanFactory - Returning cached instance of singleton bean 'org.springframework.transaction.config.internalTransactionAdvisor'
2020-03-14 21:57:12.621 [main] DEBUG o.s.b.f.s.DefaultListableBeanFactory - Finished creating instance of bean 'management.endpoints.web-org.springframework.boot.actuate.autoconfigure.endpoint.web.WebEndpointProperties'
2020-03-14 21:57:12.621 [main] DEBUG o.s.b.f.s.DefaultListableBeanFactory - Autowiring by type from bean name 'org.springframework.boot.actuate.autoconfigure.endpoint.web.WebEndpointAutoConfiguration' via constructor to bean named 'org.springframework.web.context.support.GenericWebApplicationContext@1ee4730'
2020-03-14 21:57:12.621 [main] DEBUG o.s.b.f.s.DefaultListableBeanFactory - Autowiring by type from bean name 'org.springframework.boot.actuate.autoconfigure.endpoint.web.WebEndpointAutoConfiguration' via constructor to bean named 'management.endpoints.web-org.springframework.boot.actuate.autoconfigure.endpoint.web.WebEndpointProperties'
2020-03-14 21:57:12.622 [main] DEBUG o.s.b.f.s.DefaultListableBeanFactory - Eagerly caching bean 'org.springframework.boot.actuate.autoconfigure.endpoint.web.WebEndpointAutoConfiguration' to allow for resolving potential circular references
2020-03-14 21:57:12.639 [main] DEBUG o.s.b.f.s.DefaultListableBeanFactory - Returning cached instance of singleton bean 'metaDataSourceAdvisor'
2020-03-14 21:57:12.639 [main] DEBUG o.s.b.f.s.DefaultListableBeanFactory - Returning cached instance of singleton bean 'org.springframework.transaction.config.internalTransactionAdvisor'
2020-03-14 21:57:12.639 [main] DEBUG o.s.b.f.s.DefaultListableBeanFactory - Returning cached instance of singleton bean 'metaDataSourceAdvisor'
2020-03-14 21:57:12.639 [main] DEBUG o.s.b.f.s.DefaultListableBeanFactory - Returning cached instance of singleton bean 'org.springframework.transaction.config.internalTransactionAdvisor'
2020-03-14 21:57:12.640 [main] DEBUG o.s.b.f.s.DefaultListableBeanFactory - Finished creating instance of bean 'org.springframework.boot.actuate.autoconfigure.endpoint.web.WebEndpointAutoConfiguration'
2020-03-14 21:57:12.650 [main] DEBUG o.s.b.f.s.DefaultListableBeanFactory - Creating shared instance of singleton bean 'endpointOperationParameterMapper'
2020-03-14 21:57:12.650 [main] DEBUG o.s.b.f.s.DefaultListableBeanFactory - Creating instance of bean 'endpointOperationParameterMapper'
2020-03-14 21:57:12.651 [main] DEBUG o.s.b.f.s.DefaultListableBeanFactory - Returning cached instance of singleton bean 'metaDataSourceAdvisor'
2020-03-14 21:57:12.651 [main] DEBUG o.s.b.f.s.DefaultListableBeanFactory - Returning cached instance of singleton bean 'org.springframework.transaction.config.internalTransactionAdvisor'
2020-03-14 21:57:12.651 [main] DEBUG o.s.b.f.s.DefaultListableBeanFactory - Creating shared instance of singleton bean 'org.springframework.boot.actuate.autoconfigure.endpoint.EndpointAutoConfiguration'
2020-03-14 21:57:12.651 [main] DEBUG o.s.b.f.s.DefaultListableBeanFactory - Creating instance of bean 'org.springframework.boot.actuate.autoconfigure.endpoint.EndpointAutoConfiguration'
2020-03-14 21:57:12.652 [main] DEBUG o.s.b.f.s.DefaultListableBeanFactory - Returning cached instance of singleton bean 'metaDataSourceAdvisor'
2020-03-14 21:57:12.655 [main] DEBUG o.s.b.f.s.DefaultListableBeanFactory - Returning cached instance of singleton bean 'org.springframework.transaction.config.internalTransactionAdvisor'
2020-03-14 21:57:12.657 [main] DEBUG o.s.b.f.s.DefaultListableBeanFactory - Eagerly caching bean 'org.springframework.boot.actuate.autoconfigure.endpoint.EndpointAutoConfiguration' to allow for resolving potential circular references
2020-03-14 21:57:12.677 [main] DEBUG o.s.b.f.s.DefaultListableBeanFactory - Returning cached instance of singleton bean 'metaDataSourceAdvisor'
2020-03-14 21:57:12.677 [main] DEBUG o.s.b.f.s.DefaultListableBeanFactory - Returning cached instance of singleton bean 'org.springframework.transaction.config.internalTransactionAdvisor'
2020-03-14 21:57:12.677 [main] DEBUG o.s.b.f.s.DefaultListableBeanFactory - Returning cached instance of singleton bean 'metaDataSourceAdvisor'
2020-03-14 21:57:12.677 [main] DEBUG o.s.b.f.s.DefaultListableBeanFactory - Returning cached instance of singleton bean 'org.springframework.transaction.config.internalTransactionAdvisor'
2020-03-14 21:57:12.681 [main] DEBUG o.s.b.f.s.DefaultListableBeanFactory - Finished creating instance of bean 'org.springframework.boot.actuate.autoconfigure.endpoint.EndpointAutoConfiguration'
2020-03-14 21:57:12.694 [main] DEBUG o.s.b.f.s.DefaultListableBeanFactory - Eagerly caching bean 'endpointOperationParameterMapper' to allow for resolving potential circular references
2020-03-14 21:57:12.705 [main] DEBUG o.s.b.f.s.DefaultListableBeanFactory - Returning cached instance of singleton bean 'metaDataSourceAdvisor'
2020-03-14 21:57:12.708 [main] DEBUG o.s.b.f.s.DefaultListableBeanFactory - Returning cached instance of singleton bean 'org.springframework.transaction.config.internalTransactionAdvisor'
2020-03-14 21:57:12.708 [main] DEBUG o.s.b.f.s.DefaultListableBeanFactory - Returning cached instance of singleton bean 'metaDataSourceAdvisor'
2020-03-14 21:57:12.708 [main] DEBUG o.s.b.f.s.DefaultListableBeanFactory - Returning cached instance of singleton bean 'org.springframework.transaction.config.internalTransactionAdvisor'
2020-03-14 21:57:12.709 [main] DEBUG o.s.b.f.s.DefaultListableBeanFactory - Finished creating instance of bean 'endpointOperationParameterMapper'
2020-03-14 21:57:12.715 [main] DEBUG o.s.b.f.s.DefaultListableBeanFactory - Creating shared instance of singleton bean 'endpointMediaTypes'
2020-03-14 21:57:12.716 [main] DEBUG o.s.b.f.s.DefaultListableBeanFactory - Creating instance of bean 'endpointMediaTypes'
2020-03-14 21:57:12.716 [main] DEBUG o.s.b.f.s.DefaultListableBeanFactory - Returning cached instance of singleton bean 'metaDataSourceAdvisor'
2020-03-14 21:57:12.716 [main] DEBUG o.s.b.f.s.DefaultListableBeanFactory - Returning cached instance of singleton bean 'org.springframework.transaction.config.internalTransactionAdvisor'
2020-03-14 21:57:12.716 [main] DEBUG o.s.b.f.s.DefaultListableBeanFactory - Returning cached instance of singleton bean 'org.springframework.boot.actuate.autoconfigure.endpoint.web.WebEndpointAutoConfiguration'
2020-03-14 21:57:12.722 [main] DEBUG o.s.b.f.s.DefaultListableBeanFactory - Eagerly caching bean 'endpointMediaTypes' to allow for resolving potential circular references
2020-03-14 21:57:12.737 [main] DEBUG o.s.b.f.s.DefaultListableBeanFactory - Returning cached instance of singleton bean 'metaDataSourceAdvisor'
2020-03-14 21:57:12.737 [main] DEBUG o.s.b.f.s.DefaultListableBeanFactory - Returning cached instance of singleton bean 'org.springframework.transaction.config.internalTransactionAdvisor'
2020-03-14 21:57:12.737 [main] DEBUG o.s.b.f.s.DefaultListableBeanFactory - Returning cached instance of singleton bean 'metaDataSourceAdvisor'
2020-03-14 21:57:12.737 [main] DEBUG o.s.b.f.s.DefaultListableBeanFactory - Returning cached instance of singleton bean 'org.springframework.transaction.config.internalTransactionAdvisor'
2020-03-14 21:57:12.738 [main] DEBUG o.s.b.f.s.DefaultListableBeanFactory - Finished creating instance of bean 'endpointMediaTypes'
2020-03-14 21:57:12.743 [main] DEBUG o.s.b.f.s.DefaultListableBeanFactory - Creating shared instance of singleton bean 'webEndpointPathMapper'
2020-03-14 21:57:12.744 [main] DEBUG o.s.b.f.s.DefaultListableBeanFactory - Creating instance of bean 'webEndpointPathMapper'
2020-03-14 21:57:12.745 [main] DEBUG o.s.b.f.s.DefaultListableBeanFactory - Returning cached instance of singleton bean 'metaDataSourceAdvisor'
2020-03-14 21:57:12.747 [main] DEBUG o.s.b.f.s.DefaultListableBeanFactory - Returning cached instance of singleton bean 'org.springframework.transaction.config.internalTransactionAdvisor'
2020-03-14 21:57:12.748 [main] DEBUG o.s.b.f.s.DefaultListableBeanFactory - Returning cached instance of singleton bean 'org.springframework.boot.actuate.autoconfigure.endpoint.web.WebEndpointAutoConfiguration'
2020-03-14 21:57:12.749 [main] DEBUG o.s.b.f.s.DefaultListableBeanFactory - Eagerly caching bean 'webEndpointPathMapper' to allow for resolving potential circular references
2020-03-14 21:57:12.754 [main] DEBUG o.s.b.f.s.DefaultListableBeanFactory - Returning cached instance of singleton bean 'metaDataSourceAdvisor'
2020-03-14 21:57:12.754 [main] DEBUG o.s.b.f.s.DefaultListableBeanFactory - Returning cached instance of singleton bean 'org.springframework.transaction.config.internalTransactionAdvisor'
2020-03-14 21:57:12.754 [main] DEBUG o.s.b.f.s.DefaultListableBeanFactory - Returning cached instance of singleton bean 'metaDataSourceAdvisor'
2020-03-14 21:57:12.754 [main] DEBUG o.s.b.f.s.DefaultListableBeanFactory - Returning cached instance of singleton bean 'org.springframework.transaction.config.internalTransactionAdvisor'
2020-03-14 21:57:12.755 [main] DEBUG o.s.b.f.s.DefaultListableBeanFactory - Finished creating instance of bean 'webEndpointPathMapper'
2020-03-14 21:57:12.755 [main] DEBUG o.s.b.f.s.DefaultListableBeanFactory - Autowiring by type from bean name 'webEndpointDiscoverer' via factory method to bean named 'endpointOperationParameterMapper'
2020-03-14 21:57:12.755 [main] DEBUG o.s.b.f.s.DefaultListableBeanFactory - Autowiring by type from bean name 'webEndpointDiscoverer' via factory method to bean named 'endpointMediaTypes'
2020-03-14 21:57:12.755 [main] DEBUG o.s.b.f.s.DefaultListableBeanFactory - Autowiring by type from bean name 'webEndpointDiscoverer' via factory method to bean named 'webEndpointPathMapper'
2020-03-14 21:57:12.768 [main] DEBUG o.s.b.f.s.DefaultListableBeanFactory - Creating shared instance of singleton bean 'endpointCachingOperationInvokerAdvisor'
2020-03-14 21:57:12.768 [main] DEBUG o.s.b.f.s.DefaultListableBeanFactory - Creating instance of bean 'endpointCachingOperationInvokerAdvisor'
2020-03-14 21:57:12.768 [main] DEBUG o.s.b.f.s.DefaultListableBeanFactory - Returning cached instance of singleton bean 'metaDataSourceAdvisor'
2020-03-14 21:57:12.768 [main] DEBUG o.s.b.f.s.DefaultListableBeanFactory - Returning cached instance of singleton bean 'org.springframework.transaction.config.internalTransactionAdvisor'
2020-03-14 21:57:12.768 [main] DEBUG o.s.b.f.s.DefaultListableBeanFactory - Returning cached instance of singleton bean 'org.springframework.boot.actuate.autoconfigure.endpoint.EndpointAutoConfiguration'
2020-03-14 21:57:12.770 [main] DEBUG o.s.b.f.s.DefaultListableBeanFactory - Returning cached instance of singleton bean 'environment'
2020-03-14 21:57:12.770 [main] DEBUG o.s.b.f.s.DefaultListableBeanFactory - Autowiring by type from bean name 'endpointCachingOperationInvokerAdvisor' via factory method to bean named 'environment'
2020-03-14 21:57:12.775 [main] DEBUG o.s.b.f.s.DefaultListableBeanFactory - Eagerly caching bean 'endpointCachingOperationInvokerAdvisor' to allow for resolving potential circular references
2020-03-14 21:57:12.782 [main] DEBUG o.s.b.f.s.DefaultListableBeanFactory - Returning cached instance of singleton bean 'metaDataSourceAdvisor'
2020-03-14 21:57:12.782 [main] DEBUG o.s.b.f.s.DefaultListableBeanFactory - Returning cached instance of singleton bean 'org.springframework.transaction.config.internalTransactionAdvisor'
2020-03-14 21:57:12.782 [main] DEBUG o.s.b.f.s.DefaultListableBeanFactory - Returning cached instance of singleton bean 'metaDataSourceAdvisor'
2020-03-14 21:57:12.782 [main] DEBUG o.s.b.f.s.DefaultListableBeanFactory - Returning cached instance of singleton bean 'org.springframework.transaction.config.internalTransactionAdvisor'
2020-03-14 21:57:12.783 [main] DEBUG o.s.b.f.s.DefaultListableBeanFactory - Finished creating instance of bean 'endpointCachingOperationInvokerAdvisor'
2020-03-14 21:57:12.789 [main] DEBUG o.s.b.f.s.DefaultListableBeanFactory - Creating shared instance of singleton bean 'webExposeExcludePropertyEndpointFilter'
2020-03-14 21:57:12.790 [main] DEBUG o.s.b.f.s.DefaultListableBeanFactory - Creating instance of bean 'webExposeExcludePropertyEndpointFilter'
2020-03-14 21:57:12.790 [main] DEBUG o.s.b.f.s.DefaultListableBeanFactory - Returning cached instance of singleton bean 'metaDataSourceAdvisor'
2020-03-14 21:57:12.790 [main] DEBUG o.s.b.f.s.DefaultListableBeanFactory - Returning cached instance of singleton bean 'org.springframework.transaction.config.internalTransactionAdvisor'
2020-03-14 21:57:12.791 [main] DEBUG o.s.b.f.s.DefaultListableBeanFactory - Returning cached instance of singleton bean 'org.springframework.boot.actuate.autoconfigure.endpoint.web.WebEndpointAutoConfiguration'
2020-03-14 21:57:12.796 [main] DEBUG o.s.b.f.s.DefaultListableBeanFactory - Eagerly caching bean 'webExposeExcludePropertyEndpointFilter' to allow for resolving potential circular references
2020-03-14 21:57:12.806 [main] DEBUG o.s.b.f.s.DefaultListableBeanFactory - Returning cached instance of singleton bean 'metaDataSourceAdvisor'
2020-03-14 21:57:12.807 [main] DEBUG o.s.b.f.s.DefaultListableBeanFactory - Returning cached instance of singleton bean 'org.springframework.transaction.config.internalTransactionAdvisor'
2020-03-14 21:57:12.807 [main] DEBUG o.s.b.f.s.DefaultListableBeanFactory - Returning cached instance of singleton bean 'metaDataSourceAdvisor'
2020-03-14 21:57:12.807 [main] DEBUG o.s.b.f.s.DefaultListableBeanFactory - Returning cached instance of singleton bean 'org.springframework.transaction.config.internalTransactionAdvisor'
2020-03-14 21:57:12.808 [main] DEBUG o.s.b.f.s.DefaultListableBeanFactory - Finished creating instance of bean 'webExposeExcludePropertyEndpointFilter'
2020-03-14 21:57:12.824 [main] DEBUG o.s.b.f.s.DefaultListableBeanFactory - Eagerly caching bean 'webEndpointDiscoverer' to allow for resolving potential circular references
2020-03-14 21:57:12.829 [main] DEBUG o.s.b.f.s.DefaultListableBeanFactory - Returning cached instance of singleton bean 'metaDataSourceAdvisor'
2020-03-14 21:57:12.829 [main] DEBUG o.s.b.f.s.DefaultListableBeanFactory - Returning cached instance of singleton bean 'org.springframework.transaction.config.internalTransactionAdvisor'
2020-03-14 21:57:12.829 [main] DEBUG o.s.b.f.s.DefaultListableBeanFactory - Returning cached instance of singleton bean 'metaDataSourceAdvisor'
2020-03-14 21:57:12.829 [main] DEBUG o.s.b.f.s.DefaultListableBeanFactory - Returning cached instance of singleton bean 'org.springframework.transaction.config.internalTransactionAdvisor'
2020-03-14 21:57:12.834 [main] DEBUG o.s.b.f.s.DefaultListableBeanFactory - Finished creating instance of bean 'webEndpointDiscoverer'
2020-03-14 21:57:12.838 [main] DEBUG o.s.b.f.s.DefaultListableBeanFactory - Creating shared instance of singleton bean 'servletEndpointDiscoverer'
2020-03-14 21:57:12.838 [main] DEBUG o.s.b.f.s.DefaultListableBeanFactory - Creating instance of bean 'servletEndpointDiscoverer'
2020-03-14 21:57:12.838 [main] DEBUG o.s.b.f.s.DefaultListableBeanFactory - Returning cached instance of singleton bean 'metaDataSourceAdvisor'
2020-03-14 21:57:12.838 [main] DEBUG o.s.b.f.s.DefaultListableBeanFactory - Returning cached instance of singleton bean 'org.springframework.transaction.config.internalTransactionAdvisor'
2020-03-14 21:57:12.838 [main] DEBUG o.s.b.f.s.DefaultListableBeanFactory - Creating shared instance of singleton bean 'org.springframework.boot.actuate.autoconfigure.endpoint.web.WebEndpointAutoConfiguration$WebEndpointServletAutoConfiguration'
2020-03-14 21:57:12.838 [main] DEBUG o.s.b.f.s.DefaultListableBeanFactory - Creating instance of bean 'org.springframework.boot.actuate.autoconfigure.endpoint.web.WebEndpointAutoConfiguration$WebEndpointServletAutoConfiguration'
2020-03-14 21:57:12.838 [main] DEBUG o.s.b.f.s.DefaultListableBeanFactory - Returning cached instance of singleton bean 'metaDataSourceAdvisor'
2020-03-14 21:57:12.838 [main] DEBUG o.s.b.f.s.DefaultListableBeanFactory - Returning cached instance of singleton bean 'org.springframework.transaction.config.internalTransactionAdvisor'
2020-03-14 21:57:12.839 [main] DEBUG o.s.b.f.s.DefaultListableBeanFactory - Eagerly caching bean 'org.springframework.boot.actuate.autoconfigure.endpoint.web.WebEndpointAutoConfiguration$WebEndpointServletAutoConfiguration' to allow for resolving potential circular references
2020-03-14 21:57:12.842 [main] DEBUG o.s.b.f.s.DefaultListableBeanFactory - Returning cached instance of singleton bean 'metaDataSourceAdvisor'
2020-03-14 21:57:12.842 [main] DEBUG o.s.b.f.s.DefaultListableBeanFactory - Returning cached instance of singleton bean 'org.springframework.transaction.config.internalTransactionAdvisor'
2020-03-14 21:57:12.842 [main] DEBUG o.s.b.f.s.DefaultListableBeanFactory - Returning cached instance of singleton bean 'metaDataSourceAdvisor'
2020-03-14 21:57:12.842 [main] DEBUG o.s.b.f.s.DefaultListableBeanFactory - Returning cached instance of singleton bean 'org.springframework.transaction.config.internalTransactionAdvisor'
2020-03-14 21:57:12.842 [main] DEBUG o.s.b.f.s.DefaultListableBeanFactory - Finished creating instance of bean 'org.springframework.boot.actuate.autoconfigure.endpoint.web.WebEndpointAutoConfiguration$WebEndpointServletAutoConfiguration'
2020-03-14 21:57:12.843 [main] DEBUG o.s.b.f.s.DefaultListableBeanFactory - Returning cached instance of singleton bean 'webEndpointPathMapper'
2020-03-14 21:57:12.843 [main] DEBUG o.s.b.f.s.DefaultListableBeanFactory - Autowiring by type from bean name 'servletEndpointDiscoverer' via factory method to bean named 'org.springframework.web.context.support.GenericWebApplicationContext@1ee4730'
2020-03-14 21:57:12.843 [main] DEBUG o.s.b.f.s.DefaultListableBeanFactory - Autowiring by type from bean name 'servletEndpointDiscoverer' via factory method to bean named 'webEndpointPathMapper'
2020-03-14 21:57:12.848 [main] DEBUG o.s.b.f.s.DefaultListableBeanFactory - Creating shared instance of singleton bean 'servletExposeExcludePropertyEndpointFilter'
2020-03-14 21:57:12.848 [main] DEBUG o.s.b.f.s.DefaultListableBeanFactory - Creating instance of bean 'servletExposeExcludePropertyEndpointFilter'
2020-03-14 21:57:12.848 [main] DEBUG o.s.b.f.s.DefaultListableBeanFactory - Returning cached instance of singleton bean 'metaDataSourceAdvisor'
2020-03-14 21:57:12.848 [main] DEBUG o.s.b.f.s.DefaultListableBeanFactory - Returning cached instance of singleton bean 'org.springframework.transaction.config.internalTransactionAdvisor'
2020-03-14 21:57:12.848 [main] DEBUG o.s.b.f.s.DefaultListableBeanFactory - Creating shared instance of singleton bean 'org.springframework.boot.actuate.autoconfigure.endpoint.web.ServletEndpointManagementContextConfiguration'
2020-03-14 21:57:12.848 [main] DEBUG o.s.b.f.s.DefaultListableBeanFactory - Creating instance of bean 'org.springframework.boot.actuate.autoconfigure.endpoint.web.ServletEndpointManagementContextConfiguration'
2020-03-14 21:57:12.848 [main] DEBUG o.s.b.f.s.DefaultListableBeanFactory - Returning cached instance of singleton bean 'metaDataSourceAdvisor'
2020-03-14 21:57:12.848 [main] DEBUG o.s.b.f.s.DefaultListableBeanFactory - Returning cached instance of singleton bean 'org.springframework.transaction.config.internalTransactionAdvisor'
2020-03-14 21:57:12.849 [main] DEBUG o.s.b.f.s.DefaultListableBeanFactory - Eagerly caching bean 'org.springframework.boot.actuate.autoconfigure.endpoint.web.ServletEndpointManagementContextConfiguration' to allow for resolving potential circular references
2020-03-14 21:57:12.861 [main] DEBUG o.s.b.f.s.DefaultListableBeanFactory - Returning cached instance of singleton bean 'metaDataSourceAdvisor'
2020-03-14 21:57:12.861 [main] DEBUG o.s.b.f.s.DefaultListableBeanFactory - Returning cached instance of singleton bean 'org.springframework.transaction.config.internalTransactionAdvisor'
2020-03-14 21:57:12.861 [main] DEBUG o.s.b.f.s.DefaultListableBeanFactory - Returning cached instance of singleton bean 'metaDataSourceAdvisor'
2020-03-14 21:57:12.861 [main] DEBUG o.s.b.f.s.DefaultListableBeanFactory - Returning cached instance of singleton bean 'org.springframework.transaction.config.internalTransactionAdvisor'
2020-03-14 21:57:12.862 [main] DEBUG o.s.b.f.s.DefaultListableBeanFactory - Finished creating instance of bean 'org.springframework.boot.actuate.autoconfigure.endpoint.web.ServletEndpointManagementContextConfiguration'
2020-03-14 21:57:12.862 [main] DEBUG o.s.b.f.s.DefaultListableBeanFactory - Returning cached instance of singleton bean 'management.endpoints.web-org.springframework.boot.actuate.autoconfigure.endpoint.web.WebEndpointProperties'
2020-03-14 21:57:12.862 [main] DEBUG o.s.b.f.s.DefaultListableBeanFactory - Autowiring by type from bean name 'servletExposeExcludePropertyEndpointFilter' via factory method to bean named 'management.endpoints.web-org.springframework.boot.actuate.autoconfigure.endpoint.web.WebEndpointProperties'
2020-03-14 21:57:12.868 [main] DEBUG o.s.b.f.s.DefaultListableBeanFactory - Eagerly caching bean 'servletExposeExcludePropertyEndpointFilter' to allow for resolving potential circular references
2020-03-14 21:57:12.868 [main] DEBUG o.s.b.f.s.DefaultListableBeanFactory - Returning cached instance of singleton bean 'metaDataSourceAdvisor'
2020-03-14 21:57:12.868 [main] DEBUG o.s.b.f.s.DefaultListableBeanFactory - Returning cached instance of singleton bean 'org.springframework.transaction.config.internalTransactionAdvisor'
2020-03-14 21:57:12.868 [main] DEBUG o.s.b.f.s.DefaultListableBeanFactory - Returning cached instance of singleton bean 'metaDataSourceAdvisor'
2020-03-14 21:57:12.868 [main] DEBUG o.s.b.f.s.DefaultListableBeanFactory - Returning cached instance of singleton bean 'org.springframework.transaction.config.internalTransactionAdvisor'
2020-03-14 21:57:12.869 [main] DEBUG o.s.b.f.s.DefaultListableBeanFactory - Finished creating instance of bean 'servletExposeExcludePropertyEndpointFilter'
2020-03-14 21:57:12.872 [main] DEBUG o.s.b.f.s.DefaultListableBeanFactory - Eagerly caching bean 'servletEndpointDiscoverer' to allow for resolving potential circular references
2020-03-14 21:57:12.880 [main] DEBUG o.s.b.f.s.DefaultListableBeanFactory - Returning cached instance of singleton bean 'metaDataSourceAdvisor'
2020-03-14 21:57:12.880 [main] DEBUG o.s.b.f.s.DefaultListableBeanFactory - Returning cached instance of singleton bean 'org.springframework.transaction.config.internalTransactionAdvisor'
2020-03-14 21:57:12.880 [main] DEBUG o.s.b.f.s.DefaultListableBeanFactory - Returning cached instance of singleton bean 'metaDataSourceAdvisor'
2020-03-14 21:57:12.880 [main] DEBUG o.s.b.f.s.DefaultListableBeanFactory - Returning cached instance of singleton bean 'org.springframework.transaction.config.internalTransactionAdvisor'
2020-03-14 21:57:12.881 [main] DEBUG o.s.b.f.s.DefaultListableBeanFactory - Finished creating instance of bean 'servletEndpointDiscoverer'
2020-03-14 21:57:12.884 [main] DEBUG o.s.b.f.s.DefaultListableBeanFactory - Creating shared instance of singleton bean 'controllerEndpointDiscoverer'
2020-03-14 21:57:12.884 [main] DEBUG o.s.b.f.s.DefaultListableBeanFactory - Creating instance of bean 'controllerEndpointDiscoverer'
2020-03-14 21:57:12.884 [main] DEBUG o.s.b.f.s.DefaultListableBeanFactory - Returning cached instance of singleton bean 'metaDataSourceAdvisor'
2020-03-14 21:57:12.884 [main] DEBUG o.s.b.f.s.DefaultListableBeanFactory - Returning cached instance of singleton bean 'org.springframework.transaction.config.internalTransactionAdvisor'
2020-03-14 21:57:12.885 [main] DEBUG o.s.b.f.s.DefaultListableBeanFactory - Returning cached instance of singleton bean 'org.springframework.boot.actuate.autoconfigure.endpoint.web.WebEndpointAutoConfiguration'
2020-03-14 21:57:12.886 [main] DEBUG o.s.b.f.s.DefaultListableBeanFactory - Returning cached instance of singleton bean 'webEndpointPathMapper'
2020-03-14 21:57:12.886 [main] DEBUG o.s.b.f.s.DefaultListableBeanFactory - Autowiring by type from bean name 'controllerEndpointDiscoverer' via factory method to bean named 'webEndpointPathMapper'
2020-03-14 21:57:12.888 [main] DEBUG o.s.b.f.s.DefaultListableBeanFactory - Creating shared instance of singleton bean 'controllerExposeExcludePropertyEndpointFilter'
2020-03-14 21:57:12.888 [main] DEBUG o.s.b.f.s.DefaultListableBeanFactory - Creating instance of bean 'controllerExposeExcludePropertyEndpointFilter'
2020-03-14 21:57:12.888 [main] DEBUG o.s.b.f.s.DefaultListableBeanFactory - Returning cached instance of singleton bean 'metaDataSourceAdvisor'
2020-03-14 21:57:12.888 [main] DEBUG o.s.b.f.s.DefaultListableBeanFactory - Returning cached instance of singleton bean 'org.springframework.transaction.config.internalTransactionAdvisor'
2020-03-14 21:57:12.889 [main] DEBUG o.s.b.f.s.DefaultListableBeanFactory - Returning cached instance of singleton bean 'org.springframework.boot.actuate.autoconfigure.endpoint.web.WebEndpointAutoConfiguration'
2020-03-14 21:57:12.889 [main] DEBUG o.s.b.f.s.DefaultListableBeanFactory - Eagerly caching bean 'controllerExposeExcludePropertyEndpointFilter' to allow for resolving potential circular references
2020-03-14 21:57:12.889 [main] DEBUG o.s.b.f.s.DefaultListableBeanFactory - Returning cached instance of singleton bean 'metaDataSourceAdvisor'
2020-03-14 21:57:12.889 [main] DEBUG o.s.b.f.s.DefaultListableBeanFactory - Returning cached instance of singleton bean 'org.springframework.transaction.config.internalTransactionAdvisor'
2020-03-14 21:57:12.890 [main] DEBUG o.s.b.f.s.DefaultListableBeanFactory - Returning cached instance of singleton bean 'metaDataSourceAdvisor'
2020-03-14 21:57:12.890 [main] DEBUG o.s.b.f.s.DefaultListableBeanFactory - Returning cached instance of singleton bean 'org.springframework.transaction.config.internalTransactionAdvisor'
2020-03-14 21:57:12.890 [main] DEBUG o.s.b.f.s.DefaultListableBeanFactory - Finished creating instance of bean 'controllerExposeExcludePropertyEndpointFilter'
2020-03-14 21:57:12.890 [main] DEBUG o.s.b.f.s.DefaultListableBeanFactory - Eagerly caching bean 'controllerEndpointDiscoverer' to allow for resolving potential circular references
2020-03-14 21:57:12.920 [main] DEBUG o.s.b.f.s.DefaultListableBeanFactory - Returning cached instance of singleton bean 'metaDataSourceAdvisor'
2020-03-14 21:57:12.920 [main] DEBUG o.s.b.f.s.DefaultListableBeanFactory - Returning cached instance of singleton bean 'org.springframework.transaction.config.internalTransactionAdvisor'
2020-03-14 21:57:12.920 [main] DEBUG o.s.b.f.s.DefaultListableBeanFactory - Returning cached instance of singleton bean 'metaDataSourceAdvisor'
2020-03-14 21:57:12.920 [main] DEBUG o.s.b.f.s.DefaultListableBeanFactory - Returning cached instance of singleton bean 'org.springframework.transaction.config.internalTransactionAdvisor'
2020-03-14 21:57:12.921 [main] DEBUG o.s.b.f.s.DefaultListableBeanFactory - Finished creating instance of bean 'controllerEndpointDiscoverer'
2020-03-14 21:57:12.922 [main] DEBUG o.s.b.f.s.DefaultListableBeanFactory - Returning cached instance of singleton bean 'endpointMediaTypes'
2020-03-14 21:57:12.930 [main] DEBUG o.s.b.f.s.DefaultListableBeanFactory - Creating shared instance of singleton bean 'management.endpoints.web.cors-org.springframework.boot.actuate.autoconfigure.endpoint.web.CorsEndpointProperties'
2020-03-14 21:57:12.933 [main] DEBUG o.s.b.f.s.DefaultListableBeanFactory - Creating instance of bean 'management.endpoints.web.cors-org.springframework.boot.actuate.autoconfigure.endpoint.web.CorsEndpointProperties'
2020-03-14 21:57:12.933 [main] DEBUG o.s.b.f.s.DefaultListableBeanFactory - Returning cached instance of singleton bean 'metaDataSourceAdvisor'
2020-03-14 21:57:12.935 [main] DEBUG o.s.b.f.s.DefaultListableBeanFactory - Returning cached instance of singleton bean 'org.springframework.transaction.config.internalTransactionAdvisor'
2020-03-14 21:57:12.939 [main] DEBUG o.s.b.f.s.DefaultListableBeanFactory - Eagerly caching bean 'management.endpoints.web.cors-org.springframework.boot.actuate.autoconfigure.endpoint.web.CorsEndpointProperties' to allow for resolving potential circular references
2020-03-14 21:57:12.950 [main] DEBUG o.s.b.f.s.DefaultListableBeanFactory - Returning cached instance of singleton bean 'metaDataSourceAdvisor'
2020-03-14 21:57:12.950 [main] DEBUG o.s.b.f.s.DefaultListableBeanFactory - Returning cached instance of singleton bean 'org.springframework.transaction.config.internalTransactionAdvisor'
2020-03-14 21:57:12.951 [main] DEBUG o.s.b.f.s.DefaultListableBeanFactory - Returning cached instance of singleton bean 'metaDataSourceAdvisor'
2020-03-14 21:57:12.951 [main] DEBUG o.s.b.f.s.DefaultListableBeanFactory - Returning cached instance of singleton bean 'org.springframework.transaction.config.internalTransactionAdvisor'
2020-03-14 21:57:12.952 [main] DEBUG o.s.b.f.s.DefaultListableBeanFactory - Finished creating instance of bean 'management.endpoints.web.cors-org.springframework.boot.actuate.autoconfigure.endpoint.web.CorsEndpointProperties'
2020-03-14 21:57:12.952 [main] DEBUG o.s.b.f.s.DefaultListableBeanFactory - Returning cached instance of singleton bean 'management.endpoints.web-org.springframework.boot.actuate.autoconfigure.endpoint.web.WebEndpointProperties'
2020-03-14 21:57:12.952 [main] DEBUG o.s.b.f.s.DefaultListableBeanFactory - Autowiring by type from bean name 'webEndpointServletHandlerMapping' via factory method to bean named 'webEndpointDiscoverer'
2020-03-14 21:57:12.952 [main] DEBUG o.s.b.f.s.DefaultListableBeanFactory - Autowiring by type from bean name 'webEndpointServletHandlerMapping' via factory method to bean named 'servletEndpointDiscoverer'
2020-03-14 21:57:12.952 [main] DEBUG o.s.b.f.s.DefaultListableBeanFactory - Autowiring by type from bean name 'webEndpointServletHandlerMapping' via factory method to bean named 'controllerEndpointDiscoverer'
2020-03-14 21:57:12.952 [main] DEBUG o.s.b.f.s.DefaultListableBeanFactory - Autowiring by type from bean name 'webEndpointServletHandlerMapping' via factory method to bean named 'endpointMediaTypes'
2020-03-14 21:57:12.953 [main] DEBUG o.s.b.f.s.DefaultListableBeanFactory - Autowiring by type from bean name 'webEndpointServletHandlerMapping' via factory method to bean named 'management.endpoints.web.cors-org.springframework.boot.actuate.autoconfigure.endpoint.web.CorsEndpointProperties'
2020-03-14 21:57:12.953 [main] DEBUG o.s.b.f.s.DefaultListableBeanFactory - Autowiring by type from bean name 'webEndpointServletHandlerMapping' via factory method to bean named 'management.endpoints.web-org.springframework.boot.actuate.autoconfigure.endpoint.web.WebEndpointProperties'
2020-03-14 21:57:12.997 [main] DEBUG o.s.b.f.s.DefaultListableBeanFactory - Creating shared instance of singleton bean 'archaiusEndpoint'
2020-03-14 21:57:12.998 [main] DEBUG o.s.b.f.s.DefaultListableBeanFactory - Creating instance of bean 'archaiusEndpoint'
2020-03-14 21:57:12.998 [main] DEBUG o.s.b.f.s.DefaultListableBeanFactory - Returning cached instance of singleton bean 'metaDataSourceAdvisor'
2020-03-14 21:57:12.998 [main] DEBUG o.s.b.f.s.DefaultListableBeanFactory - Returning cached instance of singleton bean 'org.springframework.transaction.config.internalTransactionAdvisor'
2020-03-14 21:57:12.998 [main] DEBUG o.s.b.f.s.DefaultListableBeanFactory - Creating shared instance of singleton bean 'org.springframework.cloud.netflix.archaius.ArchaiusAutoConfiguration$ArchaiusEndpointConfiguration'
2020-03-14 21:57:12.998 [main] DEBUG o.s.b.f.s.DefaultListableBeanFactory - Creating instance of bean 'org.springframework.cloud.netflix.archaius.ArchaiusAutoConfiguration$ArchaiusEndpointConfiguration'
2020-03-14 21:57:12.998 [main] DEBUG o.s.b.f.s.DefaultListableBeanFactory - Returning cached instance of singleton bean 'metaDataSourceAdvisor'
2020-03-14 21:57:12.998 [main] DEBUG o.s.b.f.s.DefaultListableBeanFactory - Returning cached instance of singleton bean 'org.springframework.transaction.config.internalTransactionAdvisor'
2020-03-14 21:57:12.999 [main] DEBUG o.s.b.f.s.DefaultListableBeanFactory - Eagerly caching bean 'org.springframework.cloud.netflix.archaius.ArchaiusAutoConfiguration$ArchaiusEndpointConfiguration' to allow for resolving potential circular references
2020-03-14 21:57:13.007 [main] DEBUG o.s.b.f.s.DefaultListableBeanFactory - Returning cached instance of singleton bean 'metaDataSourceAdvisor'
2020-03-14 21:57:13.007 [main] DEBUG o.s.b.f.s.DefaultListableBeanFactory - Returning cached instance of singleton bean 'org.springframework.transaction.config.internalTransactionAdvisor'
2020-03-14 21:57:13.007 [main] DEBUG o.s.b.f.s.DefaultListableBeanFactory - Returning cached instance of singleton bean 'metaDataSourceAdvisor'
2020-03-14 21:57:13.007 [main] DEBUG o.s.b.f.s.DefaultListableBeanFactory - Returning cached instance of singleton bean 'org.springframework.transaction.config.internalTransactionAdvisor'
2020-03-14 21:57:13.008 [main] DEBUG o.s.b.f.s.DefaultListableBeanFactory - Finished creating instance of bean 'org.springframework.cloud.netflix.archaius.ArchaiusAutoConfiguration$ArchaiusEndpointConfiguration'
2020-03-14 21:57:13.014 [main] DEBUG o.s.b.f.s.DefaultListableBeanFactory - Eagerly caching bean 'archaiusEndpoint' to allow for resolving potential circular references
2020-03-14 21:57:13.017 [main] DEBUG o.s.b.f.s.DefaultListableBeanFactory - Returning cached instance of singleton bean 'metaDataSourceAdvisor'
2020-03-14 21:57:13.017 [main] DEBUG o.s.b.f.s.DefaultListableBeanFactory - Returning cached instance of singleton bean 'org.springframework.transaction.config.internalTransactionAdvisor'
2020-03-14 21:57:13.017 [main] DEBUG o.s.b.f.s.DefaultListableBeanFactory - Returning cached instance of singleton bean 'metaDataSourceAdvisor'
2020-03-14 21:57:13.017 [main] DEBUG o.s.b.f.s.DefaultListableBeanFactory - Returning cached instance of singleton bean 'org.springframework.transaction.config.internalTransactionAdvisor'
2020-03-14 21:57:13.017 [main] DEBUG o.s.b.f.s.DefaultListableBeanFactory - Finished creating instance of bean 'archaiusEndpoint'
2020-03-14 21:57:13.020 [main] DEBUG o.s.b.f.s.DefaultListableBeanFactory - Creating shared instance of singleton bean 'auditEventsEndpoint'
2020-03-14 21:57:13.021 [main] DEBUG o.s.b.f.s.DefaultListableBeanFactory - Creating instance of bean 'auditEventsEndpoint'
2020-03-14 21:57:13.021 [main] DEBUG o.s.b.f.s.DefaultListableBeanFactory - Returning cached instance of singleton bean 'metaDataSourceAdvisor'
2020-03-14 21:57:13.021 [main] DEBUG o.s.b.f.s.DefaultListableBeanFactory - Returning cached instance of singleton bean 'org.springframework.transaction.config.internalTransactionAdvisor'
2020-03-14 21:57:13.021 [main] DEBUG o.s.b.f.s.DefaultListableBeanFactory - Creating shared instance of singleton bean 'org.springframework.boot.actuate.autoconfigure.audit.AuditEventsEndpointAutoConfiguration'
2020-03-14 21:57:13.021 [main] DEBUG o.s.b.f.s.DefaultListableBeanFactory - Creating instance of bean 'org.springframework.boot.actuate.autoconfigure.audit.AuditEventsEndpointAutoConfiguration'
2020-03-14 21:57:13.021 [main] DEBUG o.s.b.f.s.DefaultListableBeanFactory - Returning cached instance of singleton bean 'metaDataSourceAdvisor'
2020-03-14 21:57:13.021 [main] DEBUG o.s.b.f.s.DefaultListableBeanFactory - Returning cached instance of singleton bean 'org.springframework.transaction.config.internalTransactionAdvisor'
2020-03-14 21:57:13.022 [main] DEBUG o.s.b.f.s.DefaultListableBeanFactory - Eagerly caching bean 'org.springframework.boot.actuate.autoconfigure.audit.AuditEventsEndpointAutoConfiguration' to allow for resolving potential circular references
2020-03-14 21:57:13.026 [main] DEBUG o.s.b.f.s.DefaultListableBeanFactory - Returning cached instance of singleton bean 'metaDataSourceAdvisor'
2020-03-14 21:57:13.027 [main] DEBUG o.s.b.f.s.DefaultListableBeanFactory - Returning cached instance of singleton bean 'org.springframework.transaction.config.internalTransactionAdvisor'
2020-03-14 21:57:13.027 [main] DEBUG o.s.b.f.s.DefaultListableBeanFactory - Returning cached instance of singleton bean 'metaDataSourceAdvisor'
2020-03-14 21:57:13.027 [main] DEBUG o.s.b.f.s.DefaultListableBeanFactory - Returning cached instance of singleton bean 'org.springframework.transaction.config.internalTransactionAdvisor'
2020-03-14 21:57:13.027 [main] DEBUG o.s.b.f.s.DefaultListableBeanFactory - Finished creating instance of bean 'org.springframework.boot.actuate.autoconfigure.audit.AuditEventsEndpointAutoConfiguration'
2020-03-14 21:57:13.033 [main] DEBUG o.s.b.f.s.DefaultListableBeanFactory - Creating shared instance of singleton bean 'auditEventRepository'
2020-03-14 21:57:13.034 [main] DEBUG o.s.b.f.s.DefaultListableBeanFactory - Creating instance of bean 'auditEventRepository'
2020-03-14 21:57:13.034 [main] DEBUG o.s.b.f.s.DefaultListableBeanFactory - Returning cached instance of singleton bean 'metaDataSourceAdvisor'
2020-03-14 21:57:13.034 [main] DEBUG o.s.b.f.s.DefaultListableBeanFactory - Returning cached instance of singleton bean 'org.springframework.transaction.config.internalTransactionAdvisor'
2020-03-14 21:57:13.034 [main] DEBUG o.s.b.f.s.DefaultListableBeanFactory - Creating shared instance of singleton bean 'org.springframework.boot.actuate.autoconfigure.audit.AuditAutoConfiguration$AuditEventRepositoryConfiguration'
2020-03-14 21:57:13.034 [main] DEBUG o.s.b.f.s.DefaultListableBeanFactory - Creating instance of bean 'org.springframework.boot.actuate.autoconfigure.audit.AuditAutoConfiguration$AuditEventRepositoryConfiguration'
2020-03-14 21:57:13.034 [main] DEBUG o.s.b.f.s.DefaultListableBeanFactory - Returning cached instance of singleton bean 'metaDataSourceAdvisor'
2020-03-14 21:57:13.034 [main] DEBUG o.s.b.f.s.DefaultListableBeanFactory - Returning cached instance of singleton bean 'org.springframework.transaction.config.internalTransactionAdvisor'
2020-03-14 21:57:13.035 [main] DEBUG o.s.b.f.s.DefaultListableBeanFactory - Eagerly caching bean 'org.springframework.boot.actuate.autoconfigure.audit.AuditAutoConfiguration$AuditEventRepositoryConfiguration' to allow for resolving potential circular references
2020-03-14 21:57:13.045 [main] DEBUG o.s.b.f.s.DefaultListableBeanFactory - Returning cached instance of singleton bean 'metaDataSourceAdvisor'
2020-03-14 21:57:13.045 [main] DEBUG o.s.b.f.s.DefaultListableBeanFactory - Returning cached instance of singleton bean 'org.springframework.transaction.config.internalTransactionAdvisor'
2020-03-14 21:57:13.046 [main] DEBUG o.s.b.f.s.DefaultListableBeanFactory - Returning cached instance of singleton bean 'metaDataSourceAdvisor'
2020-03-14 21:57:13.046 [main] DEBUG o.s.b.f.s.DefaultListableBeanFactory - Returning cached instance of singleton bean 'org.springframework.transaction.config.internalTransactionAdvisor'
2020-03-14 21:57:13.047 [main] DEBUG o.s.b.f.s.DefaultListableBeanFactory - Finished creating instance of bean 'org.springframework.boot.actuate.autoconfigure.audit.AuditAutoConfiguration$AuditEventRepositoryConfiguration'
2020-03-14 21:57:13.052 [main] DEBUG o.s.b.f.s.DefaultListableBeanFactory - Eagerly caching bean 'auditEventRepository' to allow for resolving potential circular references
2020-03-14 21:57:13.057 [main] DEBUG o.s.b.f.s.DefaultListableBeanFactory - Returning cached instance of singleton bean 'metaDataSourceAdvisor'
2020-03-14 21:57:13.057 [main] DEBUG o.s.b.f.s.DefaultListableBeanFactory - Returning cached instance of singleton bean 'org.springframework.transaction.config.internalTransactionAdvisor'
2020-03-14 21:57:13.058 [main] DEBUG o.s.b.f.s.DefaultListableBeanFactory - Returning cached instance of singleton bean 'metaDataSourceAdvisor'
2020-03-14 21:57:13.058 [main] DEBUG o.s.b.f.s.DefaultListableBeanFactory - Returning cached instance of singleton bean 'org.springframework.transaction.config.internalTransactionAdvisor'
2020-03-14 21:57:13.058 [main] DEBUG o.s.b.f.s.DefaultListableBeanFactory - Finished creating instance of bean 'auditEventRepository'
2020-03-14 21:57:13.058 [main] DEBUG o.s.b.f.s.DefaultListableBeanFactory - Autowiring by type from bean name 'auditEventsEndpoint' via factory method to bean named 'auditEventRepository'
2020-03-14 21:57:13.064 [main] DEBUG o.s.b.f.s.DefaultListableBeanFactory - Eagerly caching bean 'auditEventsEndpoint' to allow for resolving potential circular references
2020-03-14 21:57:13.067 [main] DEBUG o.s.b.f.s.DefaultListableBeanFactory - Returning cached instance of singleton bean 'metaDataSourceAdvisor'
2020-03-14 21:57:13.067 [main] DEBUG o.s.b.f.s.DefaultListableBeanFactory - Returning cached instance of singleton bean 'org.springframework.transaction.config.internalTransactionAdvisor'
2020-03-14 21:57:13.067 [main] DEBUG o.s.b.f.s.DefaultListableBeanFactory - Returning cached instance of singleton bean 'metaDataSourceAdvisor'
2020-03-14 21:57:13.067 [main] DEBUG o.s.b.f.s.DefaultListableBeanFactory - Returning cached instance of singleton bean 'org.springframework.transaction.config.internalTransactionAdvisor'
2020-03-14 21:57:13.067 [main] DEBUG o.s.b.f.s.DefaultListableBeanFactory - Finished creating instance of bean 'auditEventsEndpoint'
2020-03-14 21:57:13.067 [main] DEBUG o.s.b.f.s.DefaultListableBeanFactory - Creating shared instance of singleton bean 'beansEndpoint'
2020-03-14 21:57:13.067 [main] DEBUG o.s.b.f.s.DefaultListableBeanFactory - Creating instance of bean 'beansEndpoint'
2020-03-14 21:57:13.067 [main] DEBUG o.s.b.f.s.DefaultListableBeanFactory - Returning cached instance of singleton bean 'metaDataSourceAdvisor'
2020-03-14 21:57:13.067 [main] DEBUG o.s.b.f.s.DefaultListableBeanFactory - Returning cached instance of singleton bean 'org.springframework.transaction.config.internalTransactionAdvisor'
2020-03-14 21:57:13.067 [main] DEBUG o.s.b.f.s.DefaultListableBeanFactory - Creating shared instance of singleton bean 'org.springframework.boot.actuate.autoconfigure.beans.BeansEndpointAutoConfiguration'
2020-03-14 21:57:13.067 [main] DEBUG o.s.b.f.s.DefaultListableBeanFactory - Creating instance of bean 'org.springframework.boot.actuate.autoconfigure.beans.BeansEndpointAutoConfiguration'
2020-03-14 21:57:13.068 [main] DEBUG o.s.b.f.s.DefaultListableBeanFactory - Returning cached instance of singleton bean 'metaDataSourceAdvisor'
2020-03-14 21:57:13.068 [main] DEBUG o.s.b.f.s.DefaultListableBeanFactory - Returning cached instance of singleton bean 'org.springframework.transaction.config.internalTransactionAdvisor'
2020-03-14 21:57:13.068 [main] DEBUG o.s.b.f.s.DefaultListableBeanFactory - Eagerly caching bean 'org.springframework.boot.actuate.autoconfigure.beans.BeansEndpointAutoConfiguration' to allow for resolving potential circular references
2020-03-14 21:57:13.074 [main] DEBUG o.s.b.f.s.DefaultListableBeanFactory - Returning cached instance of singleton bean 'metaDataSourceAdvisor'
2020-03-14 21:57:13.074 [main] DEBUG o.s.b.f.s.DefaultListableBeanFactory - Returning cached instance of singleton bean 'org.springframework.transaction.config.internalTransactionAdvisor'
2020-03-14 21:57:13.074 [main] DEBUG o.s.b.f.s.DefaultListableBeanFactory - Returning cached instance of singleton bean 'metaDataSourceAdvisor'
2020-03-14 21:57:13.074 [main] DEBUG o.s.b.f.s.DefaultListableBeanFactory - Returning cached instance of singleton bean 'org.springframework.transaction.config.internalTransactionAdvisor'
2020-03-14 21:57:13.075 [main] DEBUG o.s.b.f.s.DefaultListableBeanFactory - Finished creating instance of bean 'org.springframework.boot.actuate.autoconfigure.beans.BeansEndpointAutoConfiguration'
2020-03-14 21:57:13.081 [main] DEBUG o.s.b.f.s.DefaultListableBeanFactory - Autowiring by type from bean name 'beansEndpoint' via factory method to bean named 'org.springframework.web.context.support.GenericWebApplicationContext@1ee4730'
2020-03-14 21:57:13.095 [main] DEBUG o.s.b.f.s.DefaultListableBeanFactory - Eagerly caching bean 'beansEndpoint' to allow for resolving potential circular references
2020-03-14 21:57:13.101 [main] DEBUG o.s.b.f.s.DefaultListableBeanFactory - Returning cached instance of singleton bean 'metaDataSourceAdvisor'
2020-03-14 21:57:13.101 [main] DEBUG o.s.b.f.s.DefaultListableBeanFactory - Returning cached instance of singleton bean 'org.springframework.transaction.config.internalTransactionAdvisor'
2020-03-14 21:57:13.101 [main] DEBUG o.s.b.f.s.DefaultListableBeanFactory - Returning cached instance of singleton bean 'metaDataSourceAdvisor'
2020-03-14 21:57:13.102 [main] DEBUG o.s.b.f.s.DefaultListableBeanFactory - Returning cached instance of singleton bean 'org.springframework.transaction.config.internalTransactionAdvisor'
2020-03-14 21:57:13.102 [main] DEBUG o.s.b.f.s.DefaultListableBeanFactory - Finished creating instance of bean 'beansEndpoint'
2020-03-14 21:57:13.103 [main] DEBUG o.s.b.f.s.DefaultListableBeanFactory - Creating shared instance of singleton bean 'healthEndpoint'
2020-03-14 21:57:13.103 [main] DEBUG o.s.b.f.s.DefaultListableBeanFactory - Creating instance of bean 'healthEndpoint'
2020-03-14 21:57:13.103 [main] DEBUG o.s.b.f.s.DefaultListableBeanFactory - Returning cached instance of singleton bean 'metaDataSourceAdvisor'
2020-03-14 21:57:13.104 [main] DEBUG o.s.b.f.s.DefaultListableBeanFactory - Returning cached instance of singleton bean 'org.springframework.transaction.config.internalTransactionAdvisor'
2020-03-14 21:57:13.106 [main] DEBUG o.s.b.f.s.DefaultListableBeanFactory - Creating shared instance of singleton bean 'org.springframework.boot.actuate.autoconfigure.health.HealthEndpointConfiguration'
2020-03-14 21:57:13.107 [main] DEBUG o.s.b.f.s.DefaultListableBeanFactory - Creating instance of bean 'org.springframework.boot.actuate.autoconfigure.health.HealthEndpointConfiguration'
2020-03-14 21:57:13.110 [main] DEBUG o.s.b.f.s.DefaultListableBeanFactory - Returning cached instance of singleton bean 'metaDataSourceAdvisor'
2020-03-14 21:57:13.110 [main] DEBUG o.s.b.f.s.DefaultListableBeanFactory - Returning cached instance of singleton bean 'org.springframework.transaction.config.internalTransactionAdvisor'
2020-03-14 21:57:13.111 [main] DEBUG o.s.b.f.s.DefaultListableBeanFactory - Eagerly caching bean 'org.springframework.boot.actuate.autoconfigure.health.HealthEndpointConfiguration' to allow for resolving potential circular references
2020-03-14 21:57:13.124 [main] DEBUG o.s.b.f.s.DefaultListableBeanFactory - Returning cached instance of singleton bean 'metaDataSourceAdvisor'
2020-03-14 21:57:13.124 [main] DEBUG o.s.b.f.s.DefaultListableBeanFactory - Returning cached instance of singleton bean 'org.springframework.transaction.config.internalTransactionAdvisor'
2020-03-14 21:57:13.124 [main] DEBUG o.s.b.f.s.DefaultListableBeanFactory - Returning cached instance of singleton bean 'metaDataSourceAdvisor'
2020-03-14 21:57:13.124 [main] DEBUG o.s.b.f.s.DefaultListableBeanFactory - Returning cached instance of singleton bean 'org.springframework.transaction.config.internalTransactionAdvisor'
2020-03-14 21:57:13.125 [main] DEBUG o.s.b.f.s.DefaultListableBeanFactory - Finished creating instance of bean 'org.springframework.boot.actuate.autoconfigure.health.HealthEndpointConfiguration'
2020-03-14 21:57:13.126 [main] DEBUG o.s.b.f.s.DefaultListableBeanFactory - Autowiring by type from bean name 'healthEndpoint' via factory method to bean named 'org.springframework.web.context.support.GenericWebApplicationContext@1ee4730'
2020-03-14 21:57:13.139 [main] DEBUG o.s.b.f.s.DefaultListableBeanFactory - Creating shared instance of singleton bean 'healthAggregator'
2020-03-14 21:57:13.139 [main] DEBUG o.s.b.f.s.DefaultListableBeanFactory - Creating instance of bean 'healthAggregator'
2020-03-14 21:57:13.139 [main] DEBUG o.s.b.f.s.DefaultListableBeanFactory - Returning cached instance of singleton bean 'metaDataSourceAdvisor'
2020-03-14 21:57:13.139 [main] DEBUG o.s.b.f.s.DefaultListableBeanFactory - Returning cached instance of singleton bean 'org.springframework.transaction.config.internalTransactionAdvisor'
2020-03-14 21:57:13.139 [main] DEBUG o.s.b.f.s.DefaultListableBeanFactory - Creating shared instance of singleton bean 'org.springframework.boot.actuate.autoconfigure.health.HealthIndicatorAutoConfiguration'
2020-03-14 21:57:13.140 [main] DEBUG o.s.b.f.s.DefaultListableBeanFactory - Creating instance of bean 'org.springframework.boot.actuate.autoconfigure.health.HealthIndicatorAutoConfiguration'
2020-03-14 21:57:13.140 [main] DEBUG o.s.b.f.s.DefaultListableBeanFactory - Returning cached instance of singleton bean 'metaDataSourceAdvisor'
2020-03-14 21:57:13.140 [main] DEBUG o.s.b.f.s.DefaultListableBeanFactory - Returning cached instance of singleton bean 'org.springframework.transaction.config.internalTransactionAdvisor'
2020-03-14 21:57:13.140 [main] DEBUG o.s.c.LocalVariableTableParameterNameDiscoverer - Cannot find '.class' file for class [class org.springframework.boot.actuate.autoconfigure.health.HealthIndicatorAutoConfiguration$$EnhancerBySpringCGLIB$$aacc6ff9] - unable to determine constructor/method parameter names
2020-03-14 21:57:13.143 [main] DEBUG o.s.b.f.s.DefaultListableBeanFactory - Creating shared instance of singleton bean 'management.health.status-org.springframework.boot.actuate.autoconfigure.health.HealthIndicatorProperties'
2020-03-14 21:57:13.143 [main] DEBUG o.s.b.f.s.DefaultListableBeanFactory - Creating instance of bean 'management.health.status-org.springframework.boot.actuate.autoconfigure.health.HealthIndicatorProperties'
2020-03-14 21:57:13.143 [main] DEBUG o.s.b.f.s.DefaultListableBeanFactory - Returning cached instance of singleton bean 'metaDataSourceAdvisor'
2020-03-14 21:57:13.143 [main] DEBUG o.s.b.f.s.DefaultListableBeanFactory - Returning cached instance of singleton bean 'org.springframework.transaction.config.internalTransactionAdvisor'
2020-03-14 21:57:13.143 [main] DEBUG o.s.b.f.s.DefaultListableBeanFactory - Eagerly caching bean 'management.health.status-org.springframework.boot.actuate.autoconfigure.health.HealthIndicatorProperties' to allow for resolving potential circular references
2020-03-14 21:57:13.155 [main] DEBUG o.s.b.f.s.DefaultListableBeanFactory - Returning cached instance of singleton bean 'metaDataSourceAdvisor'
2020-03-14 21:57:13.155 [main] DEBUG o.s.b.f.s.DefaultListableBeanFactory - Returning cached instance of singleton bean 'org.springframework.transaction.config.internalTransactionAdvisor'
2020-03-14 21:57:13.155 [main] DEBUG o.s.b.f.s.DefaultListableBeanFactory - Returning cached instance of singleton bean 'metaDataSourceAdvisor'
2020-03-14 21:57:13.158 [main] DEBUG o.s.b.f.s.DefaultListableBeanFactory - Returning cached instance of singleton bean 'org.springframework.transaction.config.internalTransactionAdvisor'
2020-03-14 21:57:13.159 [main] DEBUG o.s.b.f.s.DefaultListableBeanFactory - Finished creating instance of bean 'management.health.status-org.springframework.boot.actuate.autoconfigure.health.HealthIndicatorProperties'
2020-03-14 21:57:13.165 [main] DEBUG o.s.b.f.s.DefaultListableBeanFactory - Autowiring by type from bean name 'org.springframework.boot.actuate.autoconfigure.health.HealthIndicatorAutoConfiguration' via constructor to bean named 'management.health.status-org.springframework.boot.actuate.autoconfigure.health.HealthIndicatorProperties'
2020-03-14 21:57:13.167 [main] DEBUG o.s.b.f.s.DefaultListableBeanFactory - Eagerly caching bean 'org.springframework.boot.actuate.autoconfigure.health.HealthIndicatorAutoConfiguration' to allow for resolving potential circular references
2020-03-14 21:57:13.184 [main] DEBUG o.s.b.f.s.DefaultListableBeanFactory - Returning cached instance of singleton bean 'metaDataSourceAdvisor'
2020-03-14 21:57:13.184 [main] DEBUG o.s.b.f.s.DefaultListableBeanFactory - Returning cached instance of singleton bean 'org.springframework.transaction.config.internalTransactionAdvisor'
2020-03-14 21:57:13.184 [main] DEBUG o.s.b.f.s.DefaultListableBeanFactory - Returning cached instance of singleton bean 'metaDataSourceAdvisor'
2020-03-14 21:57:13.184 [main] DEBUG o.s.b.f.s.DefaultListableBeanFactory - Returning cached instance of singleton bean 'org.springframework.transaction.config.internalTransactionAdvisor'
2020-03-14 21:57:13.185 [main] DEBUG o.s.b.f.s.DefaultListableBeanFactory - Finished creating instance of bean 'org.springframework.boot.actuate.autoconfigure.health.HealthIndicatorAutoConfiguration'
2020-03-14 21:57:13.191 [main] DEBUG o.s.b.f.s.DefaultListableBeanFactory - Eagerly caching bean 'healthAggregator' to allow for resolving potential circular references
2020-03-14 21:57:13.203 [main] DEBUG o.s.b.f.s.DefaultListableBeanFactory - Returning cached instance of singleton bean 'metaDataSourceAdvisor'
2020-03-14 21:57:13.203 [main] DEBUG o.s.b.f.s.DefaultListableBeanFactory - Returning cached instance of singleton bean 'org.springframework.transaction.config.internalTransactionAdvisor'
2020-03-14 21:57:13.203 [main] DEBUG o.s.b.f.s.DefaultListableBeanFactory - Returning cached instance of singleton bean 'metaDataSourceAdvisor'
2020-03-14 21:57:13.203 [main] DEBUG o.s.b.f.s.DefaultListableBeanFactory - Returning cached instance of singleton bean 'org.springframework.transaction.config.internalTransactionAdvisor'
2020-03-14 21:57:13.204 [main] DEBUG o.s.b.f.s.DefaultListableBeanFactory - Finished creating instance of bean 'healthAggregator'
2020-03-14 21:57:13.211 [main] DEBUG o.s.b.f.s.DefaultListableBeanFactory - Creating shared instance of singleton bean 'diskSpaceHealthIndicator'
2020-03-14 21:57:13.211 [main] DEBUG o.s.b.f.s.DefaultListableBeanFactory - Creating instance of bean 'diskSpaceHealthIndicator'
2020-03-14 21:57:13.211 [main] DEBUG o.s.b.f.s.DefaultListableBeanFactory - Returning cached instance of singleton bean 'metaDataSourceAdvisor'
2020-03-14 21:57:13.211 [main] DEBUG o.s.b.f.s.DefaultListableBeanFactory - Returning cached instance of singleton bean 'org.springframework.transaction.config.internalTransactionAdvisor'
2020-03-14 21:57:13.215 [main] DEBUG o.s.b.f.s.DefaultListableBeanFactory - Creating shared instance of singleton bean 'org.springframework.boot.actuate.autoconfigure.system.DiskSpaceHealthIndicatorAutoConfiguration'
2020-03-14 21:57:13.215 [main] DEBUG o.s.b.f.s.DefaultListableBeanFactory - Creating instance of bean 'org.springframework.boot.actuate.autoconfigure.system.DiskSpaceHealthIndicatorAutoConfiguration'
2020-03-14 21:57:13.215 [main] DEBUG o.s.b.f.s.DefaultListableBeanFactory - Returning cached instance of singleton bean 'metaDataSourceAdvisor'
2020-03-14 21:57:13.215 [main] DEBUG o.s.b.f.s.DefaultListableBeanFactory - Returning cached instance of singleton bean 'org.springframework.transaction.config.internalTransactionAdvisor'
2020-03-14 21:57:13.216 [main] DEBUG o.s.b.f.s.DefaultListableBeanFactory - Eagerly caching bean 'org.springframework.boot.actuate.autoconfigure.system.DiskSpaceHealthIndicatorAutoConfiguration' to allow for resolving potential circular references
2020-03-14 21:57:13.228 [main] DEBUG o.s.b.f.s.DefaultListableBeanFactory - Returning cached instance of singleton bean 'metaDataSourceAdvisor'
2020-03-14 21:57:13.228 [main] DEBUG o.s.b.f.s.DefaultListableBeanFactory - Returning cached instance of singleton bean 'org.springframework.transaction.config.internalTransactionAdvisor'
2020-03-14 21:57:13.229 [main] DEBUG o.s.b.f.s.DefaultListableBeanFactory - Returning cached instance of singleton bean 'metaDataSourceAdvisor'
2020-03-14 21:57:13.229 [main] DEBUG o.s.b.f.s.DefaultListableBeanFactory - Returning cached instance of singleton bean 'org.springframework.transaction.config.internalTransactionAdvisor'
2020-03-14 21:57:13.231 [main] DEBUG o.s.b.f.s.DefaultListableBeanFactory - Finished creating instance of bean 'org.springframework.boot.actuate.autoconfigure.system.DiskSpaceHealthIndicatorAutoConfiguration'
2020-03-14 21:57:13.239 [main] DEBUG o.s.b.f.s.DefaultListableBeanFactory - Creating shared instance of singleton bean 'diskSpaceHealthIndicatorProperties'
2020-03-14 21:57:13.240 [main] DEBUG o.s.b.f.s.DefaultListableBeanFactory - Creating instance of bean 'diskSpaceHealthIndicatorProperties'
2020-03-14 21:57:13.240 [main] DEBUG o.s.b.f.s.DefaultListableBeanFactory - Returning cached instance of singleton bean 'metaDataSourceAdvisor'
2020-03-14 21:57:13.240 [main] DEBUG o.s.b.f.s.DefaultListableBeanFactory - Returning cached instance of singleton bean 'org.springframework.transaction.config.internalTransactionAdvisor'
2020-03-14 21:57:13.240 [main] DEBUG o.s.b.f.s.DefaultListableBeanFactory - Returning cached instance of singleton bean 'org.springframework.boot.actuate.autoconfigure.system.DiskSpaceHealthIndicatorAutoConfiguration'
2020-03-14 21:57:13.246 [main] DEBUG o.s.b.f.s.DefaultListableBeanFactory - Eagerly caching bean 'diskSpaceHealthIndicatorProperties' to allow for resolving potential circular references
2020-03-14 21:57:13.251 [main] DEBUG o.s.b.f.s.DefaultListableBeanFactory - Returning cached instance of singleton bean 'metaDataSourceAdvisor'
2020-03-14 21:57:13.251 [main] DEBUG o.s.b.f.s.DefaultListableBeanFactory - Returning cached instance of singleton bean 'org.springframework.transaction.config.internalTransactionAdvisor'
2020-03-14 21:57:13.251 [main] DEBUG o.s.b.f.s.DefaultListableBeanFactory - Returning cached instance of singleton bean 'metaDataSourceAdvisor'
2020-03-14 21:57:13.251 [main] DEBUG o.s.b.f.s.DefaultListableBeanFactory - Returning cached instance of singleton bean 'org.springframework.transaction.config.internalTransactionAdvisor'
2020-03-14 21:57:13.251 [main] DEBUG o.s.b.f.s.DefaultListableBeanFactory - Finished creating instance of bean 'diskSpaceHealthIndicatorProperties'
2020-03-14 21:57:13.251 [main] DEBUG o.s.b.f.s.DefaultListableBeanFactory - Autowiring by type from bean name 'diskSpaceHealthIndicator' via factory method to bean named 'diskSpaceHealthIndicatorProperties'
2020-03-14 21:57:13.254 [main] DEBUG o.s.b.f.s.DefaultListableBeanFactory - Eagerly caching bean 'diskSpaceHealthIndicator' to allow for resolving potential circular references
2020-03-14 21:57:13.259 [main] DEBUG o.s.b.f.s.DefaultListableBeanFactory - Returning cached instance of singleton bean 'metaDataSourceAdvisor'
2020-03-14 21:57:13.259 [main] DEBUG o.s.b.f.s.DefaultListableBeanFactory - Returning cached instance of singleton bean 'org.springframework.transaction.config.internalTransactionAdvisor'
2020-03-14 21:57:13.259 [main] DEBUG o.s.b.f.s.DefaultListableBeanFactory - Returning cached instance of singleton bean 'metaDataSourceAdvisor'
2020-03-14 21:57:13.259 [main] DEBUG o.s.b.f.s.DefaultListableBeanFactory - Returning cached instance of singleton bean 'org.springframework.transaction.config.internalTransactionAdvisor'
2020-03-14 21:57:13.260 [main] DEBUG o.s.b.f.s.DefaultListableBeanFactory - Finished creating instance of bean 'diskSpaceHealthIndicator'
2020-03-14 21:57:13.260 [main] DEBUG o.s.b.f.s.DefaultListableBeanFactory - Creating shared instance of singleton bean 'mongoHealthIndicator'
2020-03-14 21:57:13.260 [main] DEBUG o.s.b.f.s.DefaultListableBeanFactory - Creating instance of bean 'mongoHealthIndicator'
2020-03-14 21:57:13.260 [main] DEBUG o.s.b.f.s.DefaultListableBeanFactory - Returning cached instance of singleton bean 'metaDataSourceAdvisor'
2020-03-14 21:57:13.260 [main] DEBUG o.s.b.f.s.DefaultListableBeanFactory - Returning cached instance of singleton bean 'org.springframework.transaction.config.internalTransactionAdvisor'
2020-03-14 21:57:13.260 [main] DEBUG o.s.b.f.s.DefaultListableBeanFactory - Creating shared instance of singleton bean 'org.springframework.boot.actuate.autoconfigure.mongo.MongoHealthIndicatorConfiguration'
2020-03-14 21:57:13.260 [main] DEBUG o.s.b.f.s.DefaultListableBeanFactory - Creating instance of bean 'org.springframework.boot.actuate.autoconfigure.mongo.MongoHealthIndicatorConfiguration'
2020-03-14 21:57:13.260 [main] DEBUG o.s.b.f.s.DefaultListableBeanFactory - Returning cached instance of singleton bean 'metaDataSourceAdvisor'
2020-03-14 21:57:13.260 [main] DEBUG o.s.b.f.s.DefaultListableBeanFactory - Returning cached instance of singleton bean 'org.springframework.transaction.config.internalTransactionAdvisor'
2020-03-14 21:57:13.261 [main] DEBUG o.s.c.LocalVariableTableParameterNameDiscoverer - Cannot find '.class' file for class [class org.springframework.boot.actuate.autoconfigure.mongo.MongoHealthIndicatorConfiguration$$EnhancerBySpringCGLIB$$d6a286d0] - unable to determine constructor/method parameter names
2020-03-14 21:57:13.266 [main] DEBUG o.s.b.f.s.DefaultListableBeanFactory - Returning cached instance of singleton bean 'mongoTemplate'
2020-03-14 21:57:13.266 [main] DEBUG o.s.b.f.s.DefaultListableBeanFactory - Autowiring by type from bean name 'org.springframework.boot.actuate.autoconfigure.mongo.MongoHealthIndicatorConfiguration' via constructor to bean named 'mongoTemplate'
2020-03-14 21:57:13.267 [main] DEBUG o.s.b.f.annotation.InjectionMetadata - Registered injected element on class [org.springframework.boot.actuate.autoconfigure.mongo.MongoHealthIndicatorConfiguration$$EnhancerBySpringCGLIB$$d6a286d0]: AutowiredFieldElement for private org.springframework.boot.actuate.health.HealthAggregator org.springframework.boot.actuate.autoconfigure.health.CompositeHealthIndicatorConfiguration.healthAggregator
2020-03-14 21:57:13.267 [main] DEBUG o.s.b.f.s.DefaultListableBeanFactory - Eagerly caching bean 'org.springframework.boot.actuate.autoconfigure.mongo.MongoHealthIndicatorConfiguration' to allow for resolving potential circular references
2020-03-14 21:57:13.276 [main] DEBUG o.s.b.f.annotation.InjectionMetadata - Processing injected element of bean 'org.springframework.boot.actuate.autoconfigure.mongo.MongoHealthIndicatorConfiguration': AutowiredFieldElement for private org.springframework.boot.actuate.health.HealthAggregator org.springframework.boot.actuate.autoconfigure.health.CompositeHealthIndicatorConfiguration.healthAggregator
2020-03-14 21:57:13.276 [main] DEBUG o.s.core.annotation.AnnotationUtils - Failed to meta-introspect annotation interface org.springframework.beans.factory.annotation.Autowired: java.lang.NullPointerException
2020-03-14 21:57:13.277 [main] DEBUG o.s.b.f.s.DefaultListableBeanFactory - Returning cached instance of singleton bean 'healthAggregator'
2020-03-14 21:57:13.277 [main] DEBUG o.s.b.f.a.AutowiredAnnotationBeanPostProcessor - Autowiring by type from bean name 'org.springframework.boot.actuate.autoconfigure.mongo.MongoHealthIndicatorConfiguration' to bean named 'healthAggregator'
2020-03-14 21:57:13.277 [main] DEBUG o.s.b.f.s.DefaultListableBeanFactory - Returning cached instance of singleton bean 'metaDataSourceAdvisor'
2020-03-14 21:57:13.277 [main] DEBUG o.s.b.f.s.DefaultListableBeanFactory - Returning cached instance of singleton bean 'org.springframework.transaction.config.internalTransactionAdvisor'
2020-03-14 21:57:13.277 [main] DEBUG o.s.b.f.s.DefaultListableBeanFactory - Returning cached instance of singleton bean 'metaDataSourceAdvisor'
2020-03-14 21:57:13.277 [main] DEBUG o.s.b.f.s.DefaultListableBeanFactory - Returning cached instance of singleton bean 'org.springframework.transaction.config.internalTransactionAdvisor'
2020-03-14 21:57:13.278 [main] DEBUG o.s.b.f.s.DefaultListableBeanFactory - Finished creating instance of bean 'org.springframework.boot.actuate.autoconfigure.mongo.MongoHealthIndicatorConfiguration'
2020-03-14 21:57:13.283 [main] DEBUG o.s.b.f.s.DefaultListableBeanFactory - Eagerly caching bean 'mongoHealthIndicator' to allow for resolving potential circular references
2020-03-14 21:57:13.294 [main] DEBUG o.s.b.f.s.DefaultListableBeanFactory - Returning cached instance of singleton bean 'metaDataSourceAdvisor'
2020-03-14 21:57:13.294 [main] DEBUG o.s.b.f.s.DefaultListableBeanFactory - Returning cached instance of singleton bean 'org.springframework.transaction.config.internalTransactionAdvisor'
2020-03-14 21:57:13.295 [main] DEBUG o.s.b.f.s.DefaultListableBeanFactory - Returning cached instance of singleton bean 'metaDataSourceAdvisor'
2020-03-14 21:57:13.295 [main] DEBUG o.s.b.f.s.DefaultListableBeanFactory - Returning cached instance of singleton bean 'org.springframework.transaction.config.internalTransactionAdvisor'
2020-03-14 21:57:13.296 [main] DEBUG o.s.b.f.s.DefaultListableBeanFactory - Finished creating instance of bean 'mongoHealthIndicator'
2020-03-14 21:57:13.296 [main] DEBUG o.s.b.f.s.DefaultListableBeanFactory - Creating shared instance of singleton bean 'dbHealthIndicator'
2020-03-14 21:57:13.296 [main] DEBUG o.s.b.f.s.DefaultListableBeanFactory - Creating instance of bean 'dbHealthIndicator'
2020-03-14 21:57:13.297 [main] DEBUG o.s.b.f.s.DefaultListableBeanFactory - Returning cached instance of singleton bean 'metaDataSourceAdvisor'
2020-03-14 21:57:13.297 [main] DEBUG o.s.b.f.s.DefaultListableBeanFactory - Returning cached instance of singleton bean 'org.springframework.transaction.config.internalTransactionAdvisor'
2020-03-14 21:57:13.297 [main] DEBUG o.s.b.f.s.DefaultListableBeanFactory - Creating shared instance of singleton bean 'org.springframework.boot.actuate.autoconfigure.jdbc.DataSourceHealthIndicatorAutoConfiguration'
2020-03-14 21:57:13.297 [main] DEBUG o.s.b.f.s.DefaultListableBeanFactory - Creating instance of bean 'org.springframework.boot.actuate.autoconfigure.jdbc.DataSourceHealthIndicatorAutoConfiguration'
2020-03-14 21:57:13.298 [main] DEBUG o.s.b.f.s.DefaultListableBeanFactory - Returning cached instance of singleton bean 'metaDataSourceAdvisor'
2020-03-14 21:57:13.298 [main] DEBUG o.s.b.f.s.DefaultListableBeanFactory - Returning cached instance of singleton bean 'org.springframework.transaction.config.internalTransactionAdvisor'
2020-03-14 21:57:13.301 [main] DEBUG o.s.c.LocalVariableTableParameterNameDiscoverer - Cannot find '.class' file for class [class org.springframework.boot.actuate.autoconfigure.jdbc.DataSourceHealthIndicatorAutoConfiguration$$EnhancerBySpringCGLIB$$102ea5bf] - unable to determine constructor/method parameter names
2020-03-14 21:57:13.302 [main] DEBUG o.s.b.f.s.DefaultListableBeanFactory - Returning cached instance of singleton bean 'dataSource'
2020-03-14 21:57:13.308 [main] DEBUG o.s.b.f.s.DefaultListableBeanFactory - Returning cached instance of singleton bean 'hikariPoolDataSourceMetadataProvider'
2020-03-14 21:57:13.310 [main] DEBUG o.s.b.f.annotation.InjectionMetadata - Registered injected element on class [org.springframework.boot.actuate.autoconfigure.jdbc.DataSourceHealthIndicatorAutoConfiguration$$EnhancerBySpringCGLIB$$102ea5bf]: AutowiredFieldElement for private org.springframework.boot.actuate.health.HealthAggregator org.springframework.boot.actuate.autoconfigure.health.CompositeHealthIndicatorConfiguration.healthAggregator
2020-03-14 21:57:13.311 [main] DEBUG o.s.b.f.s.DefaultListableBeanFactory - Eagerly caching bean 'org.springframework.boot.actuate.autoconfigure.jdbc.DataSourceHealthIndicatorAutoConfiguration' to allow for resolving potential circular references
2020-03-14 21:57:13.337 [main] DEBUG o.s.b.f.annotation.InjectionMetadata - Processing injected element of bean 'org.springframework.boot.actuate.autoconfigure.jdbc.DataSourceHealthIndicatorAutoConfiguration': AutowiredFieldElement for private org.springframework.boot.actuate.health.HealthAggregator org.springframework.boot.actuate.autoconfigure.health.CompositeHealthIndicatorConfiguration.healthAggregator
2020-03-14 21:57:13.338 [main] DEBUG o.s.core.annotation.AnnotationUtils - Failed to meta-introspect annotation interface org.springframework.beans.factory.annotation.Autowired: java.lang.NullPointerException
2020-03-14 21:57:13.339 [main] DEBUG o.s.b.f.s.DefaultListableBeanFactory - Returning cached instance of singleton bean 'healthAggregator'
2020-03-14 21:57:13.339 [main] DEBUG o.s.b.f.a.AutowiredAnnotationBeanPostProcessor - Autowiring by type from bean name 'org.springframework.boot.actuate.autoconfigure.jdbc.DataSourceHealthIndicatorAutoConfiguration' to bean named 'healthAggregator'
2020-03-14 21:57:13.339 [main] DEBUG o.s.b.f.s.DefaultListableBeanFactory - Invoking afterPropertiesSet() on bean with name 'org.springframework.boot.actuate.autoconfigure.jdbc.DataSourceHealthIndicatorAutoConfiguration'
2020-03-14 21:57:13.339 [main] DEBUG o.s.b.f.s.DefaultListableBeanFactory - Returning cached instance of singleton bean 'metaDataSourceAdvisor'
2020-03-14 21:57:13.339 [main] DEBUG o.s.b.f.s.DefaultListableBeanFactory - Returning cached instance of singleton bean 'org.springframework.transaction.config.internalTransactionAdvisor'
2020-03-14 21:57:13.340 [main] DEBUG o.s.b.f.s.DefaultListableBeanFactory - Returning cached instance of singleton bean 'metaDataSourceAdvisor'
2020-03-14 21:57:13.340 [main] DEBUG o.s.b.f.s.DefaultListableBeanFactory - Returning cached instance of singleton bean 'org.springframework.transaction.config.internalTransactionAdvisor'
2020-03-14 21:57:13.371 [main] DEBUG o.s.b.f.s.DefaultListableBeanFactory - Finished creating instance of bean 'org.springframework.boot.actuate.autoconfigure.jdbc.DataSourceHealthIndicatorAutoConfiguration'
2020-03-14 21:57:13.385 [main] DEBUG o.s.b.f.s.DefaultListableBeanFactory - Eagerly caching bean 'dbHealthIndicator' to allow for resolving potential circular references
2020-03-14 21:57:13.399 [main] DEBUG o.s.b.f.s.DefaultListableBeanFactory - Invoking afterPropertiesSet() on bean with name 'dbHealthIndicator'
2020-03-14 21:57:13.400 [main] DEBUG o.s.b.f.s.DefaultListableBeanFactory - Returning cached instance of singleton bean 'metaDataSourceAdvisor'
2020-03-14 21:57:13.400 [main] DEBUG o.s.b.f.s.DefaultListableBeanFactory - Returning cached instance of singleton bean 'org.springframework.transaction.config.internalTransactionAdvisor'
2020-03-14 21:57:13.400 [main] DEBUG o.s.b.f.s.DefaultListableBeanFactory - Returning cached instance of singleton bean 'metaDataSourceAdvisor'
2020-03-14 21:57:13.400 [main] DEBUG o.s.b.f.s.DefaultListableBeanFactory - Returning cached instance of singleton bean 'org.springframework.transaction.config.internalTransactionAdvisor'
2020-03-14 21:57:13.406 [main] DEBUG o.s.b.f.s.DefaultListableBeanFactory - Finished creating instance of bean 'dbHealthIndicator'
2020-03-14 21:57:13.406 [main] DEBUG o.s.b.f.s.DefaultListableBeanFactory - Creating shared instance of singleton bean 'refreshScopeHealthIndicator'
2020-03-14 21:57:13.406 [main] DEBUG o.s.b.f.s.DefaultListableBeanFactory - Creating instance of bean 'refreshScopeHealthIndicator'
2020-03-14 21:57:13.406 [main] DEBUG o.s.b.f.s.DefaultListableBeanFactory - Returning cached instance of singleton bean 'metaDataSourceAdvisor'
2020-03-14 21:57:13.406 [main] DEBUG o.s.b.f.s.DefaultListableBeanFactory - Returning cached instance of singleton bean 'org.springframework.transaction.config.internalTransactionAdvisor'
2020-03-14 21:57:13.407 [main] DEBUG o.s.b.f.s.DefaultListableBeanFactory - Creating shared instance of singleton bean 'org.springframework.cloud.autoconfigure.RefreshEndpointAutoConfiguration'
2020-03-14 21:57:13.407 [main] DEBUG o.s.b.f.s.DefaultListableBeanFactory - Creating instance of bean 'org.springframework.cloud.autoconfigure.RefreshEndpointAutoConfiguration'
2020-03-14 21:57:13.407 [main] DEBUG o.s.b.f.s.DefaultListableBeanFactory - Returning cached instance of singleton bean 'metaDataSourceAdvisor'
2020-03-14 21:57:13.407 [main] DEBUG o.s.b.f.s.DefaultListableBeanFactory - Returning cached instance of singleton bean 'org.springframework.transaction.config.internalTransactionAdvisor'
2020-03-14 21:57:13.409 [main] DEBUG o.s.b.f.s.DefaultListableBeanFactory - Eagerly caching bean 'org.springframework.cloud.autoconfigure.RefreshEndpointAutoConfiguration' to allow for resolving potential circular references
2020-03-14 21:57:13.420 [main] DEBUG o.s.b.f.s.DefaultListableBeanFactory - Returning cached instance of singleton bean 'metaDataSourceAdvisor'
2020-03-14 21:57:13.422 [main] DEBUG o.s.b.f.s.DefaultListableBeanFactory - Returning cached instance of singleton bean 'org.springframework.transaction.config.internalTransactionAdvisor'
2020-03-14 21:57:13.422 [main] DEBUG o.s.b.f.s.DefaultListableBeanFactory - Returning cached instance of singleton bean 'metaDataSourceAdvisor'
2020-03-14 21:57:13.422 [main] DEBUG o.s.b.f.s.DefaultListableBeanFactory - Returning cached instance of singleton bean 'org.springframework.transaction.config.internalTransactionAdvisor'
2020-03-14 21:57:13.426 [main] DEBUG o.s.b.f.s.DefaultListableBeanFactory - Finished creating instance of bean 'org.springframework.cloud.autoconfigure.RefreshEndpointAutoConfiguration'
2020-03-14 21:57:13.442 [main] DEBUG o.s.b.f.s.DefaultListableBeanFactory - Creating shared instance of singleton bean 'configurationPropertiesRebinder'
2020-03-14 21:57:13.442 [main] DEBUG o.s.b.f.s.DefaultListableBeanFactory - Creating instance of bean 'configurationPropertiesRebinder'
2020-03-14 21:57:13.443 [main] DEBUG o.s.b.f.s.DefaultListableBeanFactory - Returning cached instance of singleton bean 'metaDataSourceAdvisor'
2020-03-14 21:57:13.443 [main] DEBUG o.s.b.f.s.DefaultListableBeanFactory - Returning cached instance of singleton bean 'org.springframework.transaction.config.internalTransactionAdvisor'
2020-03-14 21:57:13.443 [main] DEBUG o.s.b.f.s.DefaultListableBeanFactory - Returning cached instance of singleton bean 'org.springframework.cloud.autoconfigure.ConfigurationPropertiesRebinderAutoConfiguration'
2020-03-14 21:57:13.456 [main] DEBUG o.s.b.f.s.DefaultListableBeanFactory - Returning cached instance of singleton bean 'configurationPropertiesBeans'
2020-03-14 21:57:13.456 [main] DEBUG o.s.b.f.s.DefaultListableBeanFactory - Autowiring by type from bean name 'configurationPropertiesRebinder' via factory method to bean named 'configurationPropertiesBeans'
2020-03-14 21:57:13.457 [main] DEBUG o.s.b.f.s.DefaultListableBeanFactory - Eagerly caching bean 'configurationPropertiesRebinder' to allow for resolving potential circular references
2020-03-14 21:57:13.466 [main] DEBUG o.s.b.f.s.DefaultListableBeanFactory - Returning cached instance of singleton bean 'metaDataSourceAdvisor'
2020-03-14 21:57:13.467 [main] DEBUG o.s.b.f.s.DefaultListableBeanFactory - Returning cached instance of singleton bean 'org.springframework.transaction.config.internalTransactionAdvisor'
2020-03-14 21:57:13.467 [main] DEBUG o.s.b.f.s.DefaultListableBeanFactory - Returning cached instance of singleton bean 'metaDataSourceAdvisor'
2020-03-14 21:57:13.467 [main] DEBUG o.s.b.f.s.DefaultListableBeanFactory - Returning cached instance of singleton bean 'org.springframework.transaction.config.internalTransactionAdvisor'
2020-03-14 21:57:13.469 [main] DEBUG o.s.b.f.s.DefaultListableBeanFactory - Finished creating instance of bean 'configurationPropertiesRebinder'
2020-03-14 21:57:13.470 [main] DEBUG o.s.b.f.s.DefaultListableBeanFactory - Autowiring by type from bean name 'refreshScopeHealthIndicator' via factory method to bean named 'configurationPropertiesRebinder'
2020-03-14 21:57:13.474 [main] DEBUG o.s.b.f.s.DefaultListableBeanFactory - Eagerly caching bean 'refreshScopeHealthIndicator' to allow for resolving potential circular references
2020-03-14 21:57:13.483 [main] DEBUG o.s.b.f.s.DefaultListableBeanFactory - Returning cached instance of singleton bean 'metaDataSourceAdvisor'
2020-03-14 21:57:13.483 [main] DEBUG o.s.b.f.s.DefaultListableBeanFactory - Returning cached instance of singleton bean 'org.springframework.transaction.config.internalTransactionAdvisor'
2020-03-14 21:57:13.483 [main] DEBUG o.s.b.f.s.DefaultListableBeanFactory - Returning cached instance of singleton bean 'metaDataSourceAdvisor'
2020-03-14 21:57:13.483 [main] DEBUG o.s.b.f.s.DefaultListableBeanFactory - Returning cached instance of singleton bean 'org.springframework.transaction.config.internalTransactionAdvisor'
2020-03-14 21:57:13.483 [main] DEBUG o.s.b.f.s.DefaultListableBeanFactory - Finished creating instance of bean 'refreshScopeHealthIndicator'
2020-03-14 21:57:13.484 [main] DEBUG o.s.b.f.s.DefaultListableBeanFactory - Creating shared instance of singleton bean 'discoveryCompositeHealthIndicator'
2020-03-14 21:57:13.484 [main] DEBUG o.s.b.f.s.DefaultListableBeanFactory - Creating instance of bean 'discoveryCompositeHealthIndicator'
2020-03-14 21:57:13.485 [main] DEBUG o.s.b.f.s.DefaultListableBeanFactory - Returning cached instance of singleton bean 'metaDataSourceAdvisor'
2020-03-14 21:57:13.485 [main] DEBUG o.s.b.f.s.DefaultListableBeanFactory - Returning cached instance of singleton bean 'org.springframework.transaction.config.internalTransactionAdvisor'
2020-03-14 21:57:13.485 [main] DEBUG o.s.b.f.s.DefaultListableBeanFactory - Creating shared instance of singleton bean 'org.springframework.cloud.client.CommonsClientAutoConfiguration$DiscoveryLoadBalancerConfiguration'
2020-03-14 21:57:13.485 [main] DEBUG o.s.b.f.s.DefaultListableBeanFactory - Creating instance of bean 'org.springframework.cloud.client.CommonsClientAutoConfiguration$DiscoveryLoadBalancerConfiguration'
2020-03-14 21:57:13.485 [main] DEBUG o.s.b.f.s.DefaultListableBeanFactory - Returning cached instance of singleton bean 'metaDataSourceAdvisor'
2020-03-14 21:57:13.485 [main] DEBUG o.s.b.f.s.DefaultListableBeanFactory - Returning cached instance of singleton bean 'org.springframework.transaction.config.internalTransactionAdvisor'
2020-03-14 21:57:13.487 [main] DEBUG o.s.b.f.s.DefaultListableBeanFactory - Eagerly caching bean 'org.springframework.cloud.client.CommonsClientAutoConfiguration$DiscoveryLoadBalancerConfiguration' to allow for resolving potential circular references
2020-03-14 21:57:13.518 [main] DEBUG o.s.b.f.s.DefaultListableBeanFactory - Returning cached instance of singleton bean 'metaDataSourceAdvisor'
2020-03-14 21:57:13.519 [main] DEBUG o.s.b.f.s.DefaultListableBeanFactory - Returning cached instance of singleton bean 'org.springframework.transaction.config.internalTransactionAdvisor'
2020-03-14 21:57:13.519 [main] DEBUG o.s.b.f.s.DefaultListableBeanFactory - Returning cached instance of singleton bean 'metaDataSourceAdvisor'
2020-03-14 21:57:13.519 [main] DEBUG o.s.b.f.s.DefaultListableBeanFactory - Returning cached instance of singleton bean 'org.springframework.transaction.config.internalTransactionAdvisor'
2020-03-14 21:57:13.521 [main] DEBUG o.s.b.f.s.DefaultListableBeanFactory - Finished creating instance of bean 'org.springframework.cloud.client.CommonsClientAutoConfiguration$DiscoveryLoadBalancerConfiguration'
2020-03-14 21:57:13.522 [main] DEBUG o.s.b.f.s.DefaultListableBeanFactory - Returning cached instance of singleton bean 'healthAggregator'
2020-03-14 21:57:13.531 [main] DEBUG o.s.b.f.s.DefaultListableBeanFactory - Creating shared instance of singleton bean 'eurekaHealthIndicator'
2020-03-14 21:57:13.532 [main] DEBUG o.s.b.f.s.DefaultListableBeanFactory - Creating instance of bean 'eurekaHealthIndicator'
2020-03-14 21:57:13.533 [main] DEBUG o.s.b.f.s.DefaultListableBeanFactory - Returning cached instance of singleton bean 'metaDataSourceAdvisor'
2020-03-14 21:57:13.533 [main] DEBUG o.s.b.f.s.DefaultListableBeanFactory - Returning cached instance of singleton bean 'org.springframework.transaction.config.internalTransactionAdvisor'
2020-03-14 21:57:13.534 [main] DEBUG o.s.b.f.s.DefaultListableBeanFactory - Creating shared instance of singleton bean 'org.springframework.cloud.netflix.eureka.EurekaClientAutoConfiguration$EurekaHealthIndicatorConfiguration'
2020-03-14 21:57:13.534 [main] DEBUG o.s.b.f.s.DefaultListableBeanFactory - Creating instance of bean 'org.springframework.cloud.netflix.eureka.EurekaClientAutoConfiguration$EurekaHealthIndicatorConfiguration'
2020-03-14 21:57:13.534 [main] DEBUG o.s.b.f.s.DefaultListableBeanFactory - Returning cached instance of singleton bean 'metaDataSourceAdvisor'
2020-03-14 21:57:13.534 [main] DEBUG o.s.b.f.s.DefaultListableBeanFactory - Returning cached instance of singleton bean 'org.springframework.transaction.config.internalTransactionAdvisor'
2020-03-14 21:57:13.534 [main] DEBUG o.s.b.f.s.DefaultListableBeanFactory - Eagerly caching bean 'org.springframework.cloud.netflix.eureka.EurekaClientAutoConfiguration$EurekaHealthIndicatorConfiguration' to allow for resolving potential circular references
2020-03-14 21:57:13.542 [main] DEBUG o.s.b.f.s.DefaultListableBeanFactory - Returning cached instance of singleton bean 'metaDataSourceAdvisor'
2020-03-14 21:57:13.542 [main] DEBUG o.s.b.f.s.DefaultListableBeanFactory - Returning cached instance of singleton bean 'org.springframework.transaction.config.internalTransactionAdvisor'
2020-03-14 21:57:13.542 [main] DEBUG o.s.b.f.s.DefaultListableBeanFactory - Returning cached instance of singleton bean 'metaDataSourceAdvisor'
2020-03-14 21:57:13.542 [main] DEBUG o.s.b.f.s.DefaultListableBeanFactory - Returning cached instance of singleton bean 'org.springframework.transaction.config.internalTransactionAdvisor'
2020-03-14 21:57:13.543 [main] DEBUG o.s.b.f.s.DefaultListableBeanFactory - Finished creating instance of bean 'org.springframework.cloud.netflix.eureka.EurekaClientAutoConfiguration$EurekaHealthIndicatorConfiguration'
2020-03-14 21:57:13.551 [main] DEBUG o.s.b.f.s.DefaultListableBeanFactory - Creating shared instance of singleton bean 'eurekaClient'
2020-03-14 21:57:13.551 [main] DEBUG o.s.b.f.s.DefaultListableBeanFactory - Creating instance of bean 'eurekaClient'
2020-03-14 21:57:13.564 [main] DEBUG o.s.b.f.s.DefaultListableBeanFactory - Eagerly caching bean 'eurekaClient' to allow for resolving potential circular references
2020-03-14 21:57:13.611 [main] DEBUG o.s.aop.framework.JdkDynamicAopProxy - Creating JDK dynamic proxy: target source is SimpleBeanTargetSource for target bean 'scopedTarget.eurekaClient' of type [com.netflix.discovery.EurekaClient]
2020-03-14 21:57:13.627 [main] DEBUG o.s.b.f.s.DefaultListableBeanFactory - Finished creating instance of bean 'eurekaClient'
2020-03-14 21:57:13.632 [main] DEBUG o.s.b.f.s.DefaultListableBeanFactory - Creating shared instance of singleton bean 'eurekaInstanceConfigBean'
2020-03-14 21:57:13.632 [main] DEBUG o.s.b.f.s.DefaultListableBeanFactory - Creating instance of bean 'eurekaInstanceConfigBean'
2020-03-14 21:57:13.632 [main] DEBUG o.s.b.f.s.DefaultListableBeanFactory - Returning cached instance of singleton bean 'metaDataSourceAdvisor'
2020-03-14 21:57:13.633 [main] DEBUG o.s.b.f.s.DefaultListableBeanFactory - Returning cached instance of singleton bean 'org.springframework.transaction.config.internalTransactionAdvisor'
2020-03-14 21:57:13.633 [main] DEBUG o.s.b.f.s.DefaultListableBeanFactory - Creating shared instance of singleton bean 'org.springframework.cloud.netflix.eureka.EurekaClientAutoConfiguration'
2020-03-14 21:57:13.633 [main] DEBUG o.s.b.f.s.DefaultListableBeanFactory - Creating instance of bean 'org.springframework.cloud.netflix.eureka.EurekaClientAutoConfiguration'
2020-03-14 21:57:13.633 [main] DEBUG o.s.b.f.s.DefaultListableBeanFactory - Returning cached instance of singleton bean 'metaDataSourceAdvisor'
2020-03-14 21:57:13.633 [main] DEBUG o.s.b.f.s.DefaultListableBeanFactory - Returning cached instance of singleton bean 'org.springframework.transaction.config.internalTransactionAdvisor'
2020-03-14 21:57:13.634 [main] DEBUG o.s.c.LocalVariableTableParameterNameDiscoverer - Cannot find '.class' file for class [class org.springframework.cloud.netflix.eureka.EurekaClientAutoConfiguration$$EnhancerBySpringCGLIB$$533fa008] - unable to determine constructor/method parameter names
2020-03-14 21:57:13.640 [main] DEBUG o.s.b.f.s.DefaultListableBeanFactory - Returning cached instance of singleton bean 'environment'
2020-03-14 21:57:13.641 [main] DEBUG o.s.b.f.s.DefaultListableBeanFactory - Autowiring by type from bean name 'org.springframework.cloud.netflix.eureka.EurekaClientAutoConfiguration' via constructor to bean named 'environment'
2020-03-14 21:57:13.643 [main] DEBUG o.s.b.f.s.DefaultListableBeanFactory - Eagerly caching bean 'org.springframework.cloud.netflix.eureka.EurekaClientAutoConfiguration' to allow for resolving potential circular references
2020-03-14 21:57:13.657 [main] DEBUG o.s.b.f.s.DefaultListableBeanFactory - Returning cached instance of singleton bean 'metaDataSourceAdvisor'
2020-03-14 21:57:13.658 [main] DEBUG o.s.b.f.s.DefaultListableBeanFactory - Returning cached instance of singleton bean 'org.springframework.transaction.config.internalTransactionAdvisor'
2020-03-14 21:57:13.658 [main] DEBUG o.s.b.f.s.DefaultListableBeanFactory - Returning cached instance of singleton bean 'metaDataSourceAdvisor'
2020-03-14 21:57:13.658 [main] DEBUG o.s.b.f.s.DefaultListableBeanFactory - Returning cached instance of singleton bean 'org.springframework.transaction.config.internalTransactionAdvisor'
2020-03-14 21:57:13.660 [main] DEBUG o.s.b.f.s.DefaultListableBeanFactory - Finished creating instance of bean 'org.springframework.cloud.netflix.eureka.EurekaClientAutoConfiguration'
2020-03-14 21:57:13.663 [main] DEBUG o.s.b.f.s.DefaultListableBeanFactory - Creating shared instance of singleton bean 'inetUtils'
2020-03-14 21:57:13.664 [main] DEBUG o.s.b.f.s.DefaultListableBeanFactory - Creating instance of bean 'inetUtils'
2020-03-14 21:57:13.664 [main] DEBUG o.s.b.f.s.DefaultListableBeanFactory - Returning cached instance of singleton bean 'metaDataSourceAdvisor'
2020-03-14 21:57:13.664 [main] DEBUG o.s.b.f.s.DefaultListableBeanFactory - Returning cached instance of singleton bean 'org.springframework.transaction.config.internalTransactionAdvisor'
2020-03-14 21:57:13.664 [main] DEBUG o.s.b.f.s.DefaultListableBeanFactory - Creating shared instance of singleton bean 'org.springframework.cloud.commons.util.UtilAutoConfiguration'
2020-03-14 21:57:13.664 [main] DEBUG o.s.b.f.s.DefaultListableBeanFactory - Creating instance of bean 'org.springframework.cloud.commons.util.UtilAutoConfiguration'
2020-03-14 21:57:13.664 [main] DEBUG o.s.b.f.s.DefaultListableBeanFactory - Returning cached instance of singleton bean 'metaDataSourceAdvisor'
2020-03-14 21:57:13.664 [main] DEBUG o.s.b.f.s.DefaultListableBeanFactory - Returning cached instance of singleton bean 'org.springframework.transaction.config.internalTransactionAdvisor'
2020-03-14 21:57:13.665 [main] DEBUG o.s.b.f.s.DefaultListableBeanFactory - Eagerly caching bean 'org.springframework.cloud.commons.util.UtilAutoConfiguration' to allow for resolving potential circular references
2020-03-14 21:57:13.669 [main] DEBUG o.s.b.f.s.DefaultListableBeanFactory - Returning cached instance of singleton bean 'metaDataSourceAdvisor'
2020-03-14 21:57:13.669 [main] DEBUG o.s.b.f.s.DefaultListableBeanFactory - Returning cached instance of singleton bean 'org.springframework.transaction.config.internalTransactionAdvisor'
2020-03-14 21:57:13.669 [main] DEBUG o.s.b.f.s.DefaultListableBeanFactory - Returning cached instance of singleton bean 'metaDataSourceAdvisor'
2020-03-14 21:57:13.669 [main] DEBUG o.s.b.f.s.DefaultListableBeanFactory - Returning cached instance of singleton bean 'org.springframework.transaction.config.internalTransactionAdvisor'
2020-03-14 21:57:13.670 [main] DEBUG o.s.b.f.s.DefaultListableBeanFactory - Finished creating instance of bean 'org.springframework.cloud.commons.util.UtilAutoConfiguration'
2020-03-14 21:57:13.674 [main] DEBUG o.s.b.f.s.DefaultListableBeanFactory - Creating shared instance of singleton bean 'inetUtilsProperties'
2020-03-14 21:57:13.674 [main] DEBUG o.s.b.f.s.DefaultListableBeanFactory - Creating instance of bean 'inetUtilsProperties'
2020-03-14 21:57:13.674 [main] DEBUG o.s.b.f.s.DefaultListableBeanFactory - Returning cached instance of singleton bean 'metaDataSourceAdvisor'
2020-03-14 21:57:13.674 [main] DEBUG o.s.b.f.s.DefaultListableBeanFactory - Returning cached instance of singleton bean 'org.springframework.transaction.config.internalTransactionAdvisor'
2020-03-14 21:57:13.674 [main] DEBUG o.s.b.f.s.DefaultListableBeanFactory - Returning cached instance of singleton bean 'org.springframework.cloud.commons.util.UtilAutoConfiguration'
2020-03-14 21:57:13.680 [main] DEBUG o.s.b.f.annotation.InjectionMetadata - Registered injected element on class [org.springframework.cloud.commons.util.InetUtilsProperties]: AutowiredFieldElement for private int org.springframework.cloud.commons.util.InetUtilsProperties.timeoutSeconds
2020-03-14 21:57:13.680 [main] DEBUG o.s.b.f.s.DefaultListableBeanFactory - Eagerly caching bean 'inetUtilsProperties' to allow for resolving potential circular references
2020-03-14 21:57:13.683 [main] DEBUG o.s.b.f.annotation.InjectionMetadata - Processing injected element of bean 'inetUtilsProperties': AutowiredFieldElement for private int org.springframework.cloud.commons.util.InetUtilsProperties.timeoutSeconds
2020-03-14 21:57:13.683 [main] DEBUG o.s.core.annotation.AnnotationUtils - Failed to meta-introspect annotation interface org.springframework.beans.factory.annotation.Value: java.lang.NullPointerException
2020-03-14 21:57:13.683 [main] DEBUG o.s.c.e.PropertySourcesPropertyResolver - Could not find key 'SPRING_UTIL_TIMEOUT_SEC:1' in any property source
2020-03-14 21:57:13.683 [main] DEBUG o.s.c.e.PropertySourcesPropertyResolver - Could not find key 'SPRING_UTIL_TIMEOUT_SEC:1' in any property source
2020-03-14 21:57:13.684 [main] DEBUG o.s.c.e.PropertySourcesPropertyResolver - Could not find key 'SPRING_UTIL_TIMEOUT_SEC' in any property source
2020-03-14 21:57:13.684 [main] DEBUG o.s.c.e.PropertySourcesPropertyResolver - Could not find key 'SPRING_UTIL_TIMEOUT_SEC' in any property source
2020-03-14 21:57:13.684 [main] DEBUG o.s.c.e.PropertySourcesPropertyResolver - Could not find key 'spring.util.timeout.sec:1' in any property source
2020-03-14 21:57:13.684 [main] DEBUG o.s.c.e.PropertySourcesPropertyResolver - Could not find key 'spring.util.timeout.sec:1' in any property source
2020-03-14 21:57:13.684 [main] DEBUG o.s.c.e.PropertySourcesPropertyResolver - Could not find key 'spring.util.timeout.sec' in any property source
2020-03-14 21:57:13.684 [main] DEBUG o.s.c.e.PropertySourcesPropertyResolver - Could not find key 'spring.util.timeout.sec' in any property source
2020-03-14 21:57:13.686 [main] DEBUG o.s.b.f.s.DefaultListableBeanFactory - Returning cached instance of singleton bean 'metaDataSourceAdvisor'
2020-03-14 21:57:13.686 [main] DEBUG o.s.b.f.s.DefaultListableBeanFactory - Returning cached instance of singleton bean 'org.springframework.transaction.config.internalTransactionAdvisor'
2020-03-14 21:57:13.686 [main] DEBUG o.s.b.f.s.DefaultListableBeanFactory - Returning cached instance of singleton bean 'metaDataSourceAdvisor'
2020-03-14 21:57:13.686 [main] DEBUG o.s.b.f.s.DefaultListableBeanFactory - Returning cached instance of singleton bean 'org.springframework.transaction.config.internalTransactionAdvisor'
2020-03-14 21:57:13.686 [main] DEBUG o.s.b.f.s.DefaultListableBeanFactory - Finished creating instance of bean 'inetUtilsProperties'
2020-03-14 21:57:13.687 [main] DEBUG o.s.b.f.s.DefaultListableBeanFactory - Autowiring by type from bean name 'inetUtils' via factory method to bean named 'inetUtilsProperties'
2020-03-14 21:57:13.687 [main] DEBUG o.s.b.f.s.DefaultListableBeanFactory - Eagerly caching bean 'inetUtils' to allow for resolving potential circular references
2020-03-14 21:57:13.690 [main] DEBUG o.s.b.f.s.DefaultListableBeanFactory - Returning cached instance of singleton bean 'metaDataSourceAdvisor'
2020-03-14 21:57:13.690 [main] DEBUG o.s.b.f.s.DefaultListableBeanFactory - Returning cached instance of singleton bean 'org.springframework.transaction.config.internalTransactionAdvisor'
2020-03-14 21:57:13.690 [main] DEBUG o.s.b.f.s.DefaultListableBeanFactory - Returning cached instance of singleton bean 'metaDataSourceAdvisor'
2020-03-14 21:57:13.690 [main] DEBUG o.s.b.f.s.DefaultListableBeanFactory - Returning cached instance of singleton bean 'org.springframework.transaction.config.internalTransactionAdvisor'
2020-03-14 21:57:13.690 [main] DEBUG o.s.b.f.s.DefaultListableBeanFactory - Finished creating instance of bean 'inetUtils'
2020-03-14 21:57:13.694 [main] DEBUG o.s.b.f.s.DefaultListableBeanFactory - Creating shared instance of singleton bean 'serviceManagementMetadataProvider'
2020-03-14 21:57:13.694 [main] DEBUG o.s.b.f.s.DefaultListableBeanFactory - Creating instance of bean 'serviceManagementMetadataProvider'
2020-03-14 21:57:13.695 [main] DEBUG o.s.b.f.s.DefaultListableBeanFactory - Returning cached instance of singleton bean 'metaDataSourceAdvisor'
2020-03-14 21:57:13.695 [main] DEBUG o.s.b.f.s.DefaultListableBeanFactory - Returning cached instance of singleton bean 'org.springframework.transaction.config.internalTransactionAdvisor'
2020-03-14 21:57:13.695 [main] DEBUG o.s.b.f.s.DefaultListableBeanFactory - Returning cached instance of singleton bean 'org.springframework.cloud.netflix.eureka.EurekaClientAutoConfiguration'
2020-03-14 21:57:13.724 [main] DEBUG o.s.b.f.s.DefaultListableBeanFactory - Eagerly caching bean 'serviceManagementMetadataProvider' to allow for resolving potential circular references
2020-03-14 21:57:13.736 [main] DEBUG o.s.b.f.s.DefaultListableBeanFactory - Returning cached instance of singleton bean 'metaDataSourceAdvisor'
2020-03-14 21:57:13.736 [main] DEBUG o.s.b.f.s.DefaultListableBeanFactory - Returning cached instance of singleton bean 'org.springframework.transaction.config.internalTransactionAdvisor'
2020-03-14 21:57:13.737 [main] DEBUG o.s.b.f.s.DefaultListableBeanFactory - Returning cached instance of singleton bean 'metaDataSourceAdvisor'
2020-03-14 21:57:13.737 [main] DEBUG o.s.b.f.s.DefaultListableBeanFactory - Returning cached instance of singleton bean 'org.springframework.transaction.config.internalTransactionAdvisor'
2020-03-14 21:57:13.738 [main] DEBUG o.s.b.f.s.DefaultListableBeanFactory - Finished creating instance of bean 'serviceManagementMetadataProvider'
2020-03-14 21:57:13.738 [main] DEBUG o.s.b.f.s.DefaultListableBeanFactory - Autowiring by type from bean name 'eurekaInstanceConfigBean' via factory method to bean named 'inetUtils'
2020-03-14 21:57:13.738 [main] DEBUG o.s.b.f.s.DefaultListableBeanFactory - Autowiring by type from bean name 'eurekaInstanceConfigBean' via factory method to bean named 'serviceManagementMetadataProvider'
2020-03-14 21:57:13.739 [main] DEBUG o.s.c.e.PropertySourcesPropertyResolver - Found key 'eureka.instance.prefer-ip-address' in PropertySource 'configurationProperties' with value of type Boolean
2020-03-14 21:57:13.740 [main] DEBUG o.s.c.e.PropertySourcesPropertyResolver - Could not find key 'IP_ADDRESS:127.0.0.1' in any property source
2020-03-14 21:57:13.740 [main] DEBUG o.s.c.e.PropertySourcesPropertyResolver - Could not find key 'IP_ADDRESS' in any property source
2020-03-14 21:57:13.741 [main] DEBUG o.s.c.e.PropertySourcesPropertyResolver - Found key 'eureka.instance.ip-address' in PropertySource 'configurationProperties' with value of type String
2020-03-14 21:57:13.743 [main] DEBUG o.s.c.e.PropertySourcesPropertyResolver - Could not find key 'server.context-path' in any property source
2020-03-14 21:57:13.749 [main] DEBUG o.s.c.e.PropertySourcesPropertyResolver - Could not find key 'port' in any property source
2020-03-14 21:57:13.750 [main] DEBUG o.s.c.e.PropertySourcesPropertyResolver - Found key 'server.port' in PropertySource 'configurationProperties' with value of type String
2020-03-14 21:57:13.750 [main] DEBUG o.s.c.e.PropertySourcesPropertyResolver - Could not find key 'management.server.port' in any property source
2020-03-14 21:57:13.750 [main] DEBUG o.s.c.e.PropertySourcesPropertyResolver - Could not find key 'management.server.servlet.context-path' in any property source
2020-03-14 21:57:13.750 [main] DEBUG o.s.c.e.PropertySourcesPropertyResolver - Could not find key 'com.sun.management.jmxremote.port' in any property source
2020-03-14 21:57:15.174 [main] DEBUG o.s.c.e.PropertySourcesPropertyResolver - Could not find key 'vcap.application.instance_id' in any property source
2020-03-14 21:57:15.175 [main] DEBUG o.s.c.e.PropertySourcesPropertyResolver - Found key 'spring.cloud.client.hostname' in PropertySource 'configurationProperties' with value of type String
2020-03-14 21:57:15.175 [main] DEBUG o.s.c.e.PropertySourcesPropertyResolver - Found key 'spring.application.name' in PropertySource 'configurationProperties' with value of type String
2020-03-14 21:57:15.175 [main] DEBUG o.s.c.e.PropertySourcesPropertyResolver - Found key 'server.port' in PropertySource 'configurationProperties' with value of type String
2020-03-14 21:57:15.175 [main] DEBUG o.s.c.e.PropertySourcesPropertyResolver - Could not find key 'spring.application.instance_id' in any property source
2020-03-14 21:57:15.177 [main] DEBUG o.s.c.n.e.m.DefaultManagementMetadataProvider - Constructed eureka meta-data healthcheckUrl: http://127.0.0.1/actuator/health
2020-03-14 21:57:15.177 [main] DEBUG o.s.c.n.e.m.DefaultManagementMetadataProvider - Constructed eureka meta-data statusPageUrl: http://127.0.0.1/actuator/info
2020-03-14 21:57:15.177 [main] DEBUG o.s.b.f.s.DefaultListableBeanFactory - Eagerly caching bean 'eurekaInstanceConfigBean' to allow for resolving potential circular references
2020-03-14 21:57:15.189 [main] DEBUG o.s.c.e.PropertySourcesPropertyResolver - Found key 'spring.application.name' in PropertySource 'configurationProperties' with value of type String
2020-03-14 21:57:15.199 [main] DEBUG o.s.b.f.s.DefaultListableBeanFactory - Returning cached instance of singleton bean 'metaDataSourceAdvisor'
2020-03-14 21:57:15.199 [main] DEBUG o.s.b.f.s.DefaultListableBeanFactory - Returning cached instance of singleton bean 'org.springframework.transaction.config.internalTransactionAdvisor'
2020-03-14 21:57:15.199 [main] DEBUG o.s.b.f.s.DefaultListableBeanFactory - Returning cached instance of singleton bean 'metaDataSourceAdvisor'
2020-03-14 21:57:15.199 [main] DEBUG o.s.b.f.s.DefaultListableBeanFactory - Returning cached instance of singleton bean 'org.springframework.transaction.config.internalTransactionAdvisor'
2020-03-14 21:57:15.204 [main] DEBUG o.s.b.f.s.DefaultListableBeanFactory - Finished creating instance of bean 'eurekaInstanceConfigBean'
2020-03-14 21:57:15.214 [main] DEBUG o.s.b.f.s.DefaultListableBeanFactory - Creating shared instance of singleton bean 'eurekaClientConfigBean'
2020-03-14 21:57:15.214 [main] DEBUG o.s.b.f.s.DefaultListableBeanFactory - Creating instance of bean 'eurekaClientConfigBean'
2020-03-14 21:57:15.214 [main] DEBUG o.s.b.f.s.DefaultListableBeanFactory - Returning cached instance of singleton bean 'metaDataSourceAdvisor'
2020-03-14 21:57:15.214 [main] DEBUG o.s.b.f.s.DefaultListableBeanFactory - Returning cached instance of singleton bean 'org.springframework.transaction.config.internalTransactionAdvisor'
2020-03-14 21:57:15.215 [main] DEBUG o.s.b.f.s.DefaultListableBeanFactory - Returning cached instance of singleton bean 'org.springframework.cloud.netflix.eureka.EurekaClientAutoConfiguration'
2020-03-14 21:57:15.215 [main] DEBUG o.s.b.f.s.DefaultListableBeanFactory - Returning cached instance of singleton bean 'environment'
2020-03-14 21:57:15.216 [main] DEBUG o.s.b.f.s.DefaultListableBeanFactory - Autowiring by type from bean name 'eurekaClientConfigBean' via factory method to bean named 'environment'
2020-03-14 21:57:15.250 [main] DEBUG o.s.c.e.PropertySourcesPropertyResolver - Could not find key 'spring.config.name' in any property source
2020-03-14 21:57:15.251 [main] DEBUG o.s.b.f.annotation.InjectionMetadata - Registered injected element on class [org.springframework.cloud.netflix.eureka.EurekaClientConfigBean]: AutowiredFieldElement for org.springframework.core.env.PropertyResolver org.springframework.cloud.netflix.eureka.EurekaClientConfigBean.propertyResolver
2020-03-14 21:57:15.252 [main] DEBUG o.s.b.f.s.DefaultListableBeanFactory - Eagerly caching bean 'eurekaClientConfigBean' to allow for resolving potential circular references
2020-03-14 21:57:15.259 [main] DEBUG o.s.b.f.annotation.InjectionMetadata - Processing injected element of bean 'eurekaClientConfigBean': AutowiredFieldElement for org.springframework.core.env.PropertyResolver org.springframework.cloud.netflix.eureka.EurekaClientConfigBean.propertyResolver
2020-03-14 21:57:15.260 [main] DEBUG o.s.core.annotation.AnnotationUtils - Failed to meta-introspect annotation interface org.springframework.beans.factory.annotation.Autowired: java.lang.NullPointerException
2020-03-14 21:57:15.262 [main] DEBUG o.s.b.f.s.DefaultListableBeanFactory - Returning cached instance of singleton bean 'environment'
2020-03-14 21:57:15.262 [main] DEBUG o.s.b.f.a.AutowiredAnnotationBeanPostProcessor - Autowiring by type from bean name 'eurekaClientConfigBean' to bean named 'environment'
2020-03-14 21:57:15.287 [main] DEBUG o.s.b.f.s.DefaultListableBeanFactory - Returning cached instance of singleton bean 'metaDataSourceAdvisor'
2020-03-14 21:57:15.287 [main] DEBUG o.s.b.f.s.DefaultListableBeanFactory - Returning cached instance of singleton bean 'org.springframework.transaction.config.internalTransactionAdvisor'
2020-03-14 21:57:15.287 [main] DEBUG o.s.b.f.s.DefaultListableBeanFactory - Returning cached instance of singleton bean 'metaDataSourceAdvisor'
2020-03-14 21:57:15.287 [main] DEBUG o.s.b.f.s.DefaultListableBeanFactory - Returning cached instance of singleton bean 'org.springframework.transaction.config.internalTransactionAdvisor'
2020-03-14 21:57:15.294 [main] DEBUG o.s.b.f.s.DefaultListableBeanFactory - Finished creating instance of bean 'eurekaClientConfigBean'
2020-03-14 21:57:15.294 [main] DEBUG o.s.b.f.s.DefaultListableBeanFactory - Autowiring by type from bean name 'eurekaHealthIndicator' via factory method to bean named 'eurekaClient'
2020-03-14 21:57:15.294 [main] DEBUG o.s.b.f.s.DefaultListableBeanFactory - Autowiring by type from bean name 'eurekaHealthIndicator' via factory method to bean named 'eurekaInstanceConfigBean'
2020-03-14 21:57:15.295 [main] DEBUG o.s.b.f.s.DefaultListableBeanFactory - Autowiring by type from bean name 'eurekaHealthIndicator' via factory method to bean named 'eurekaClientConfigBean'
2020-03-14 21:57:15.299 [main] DEBUG o.s.b.f.s.DefaultListableBeanFactory - Eagerly caching bean 'eurekaHealthIndicator' to allow for resolving potential circular references
2020-03-14 21:57:15.308 [main] DEBUG o.s.b.f.s.DefaultListableBeanFactory - Returning cached instance of singleton bean 'metaDataSourceAdvisor'
2020-03-14 21:57:15.308 [main] DEBUG o.s.b.f.s.DefaultListableBeanFactory - Returning cached instance of singleton bean 'org.springframework.transaction.config.internalTransactionAdvisor'
2020-03-14 21:57:15.308 [main] DEBUG o.s.b.f.s.DefaultListableBeanFactory - Returning cached instance of singleton bean 'metaDataSourceAdvisor'
2020-03-14 21:57:15.308 [main] DEBUG o.s.b.f.s.DefaultListableBeanFactory - Returning cached instance of singleton bean 'org.springframework.transaction.config.internalTransactionAdvisor'
2020-03-14 21:57:15.308 [main] DEBUG o.s.b.f.s.DefaultListableBeanFactory - Finished creating instance of bean 'eurekaHealthIndicator'
2020-03-14 21:57:15.308 [main] DEBUG o.s.b.f.s.DefaultListableBeanFactory - Creating shared instance of singleton bean 'discoveryClientHealthIndicator'
2020-03-14 21:57:15.308 [main] DEBUG o.s.b.f.s.DefaultListableBeanFactory - Creating instance of bean 'discoveryClientHealthIndicator'
2020-03-14 21:57:15.308 [main] DEBUG o.s.b.f.s.DefaultListableBeanFactory - Returning cached instance of singleton bean 'metaDataSourceAdvisor'
2020-03-14 21:57:15.308 [main] DEBUG o.s.b.f.s.DefaultListableBeanFactory - Returning cached instance of singleton bean 'org.springframework.transaction.config.internalTransactionAdvisor'
2020-03-14 21:57:15.308 [main] DEBUG o.s.b.f.s.DefaultListableBeanFactory - Returning cached instance of singleton bean 'org.springframework.cloud.client.CommonsClientAutoConfiguration$DiscoveryLoadBalancerConfiguration'
2020-03-14 21:57:15.312 [main] DEBUG o.s.b.f.s.DefaultListableBeanFactory - Creating shared instance of singleton bean 'compositeDiscoveryClient'
2020-03-14 21:57:15.312 [main] DEBUG o.s.b.f.s.DefaultListableBeanFactory - Creating instance of bean 'compositeDiscoveryClient'
2020-03-14 21:57:15.312 [main] DEBUG o.s.b.f.s.DefaultListableBeanFactory - Returning cached instance of singleton bean 'metaDataSourceAdvisor'
2020-03-14 21:57:15.312 [main] DEBUG o.s.b.f.s.DefaultListableBeanFactory - Returning cached instance of singleton bean 'org.springframework.transaction.config.internalTransactionAdvisor'
2020-03-14 21:57:15.312 [main] DEBUG o.s.b.f.s.DefaultListableBeanFactory - Creating shared instance of singleton bean 'org.springframework.cloud.client.discovery.composite.CompositeDiscoveryClientAutoConfiguration'
2020-03-14 21:57:15.312 [main] DEBUG o.s.b.f.s.DefaultListableBeanFactory - Creating instance of bean 'org.springframework.cloud.client.discovery.composite.CompositeDiscoveryClientAutoConfiguration'
2020-03-14 21:57:15.312 [main] DEBUG o.s.b.f.s.DefaultListableBeanFactory - Returning cached instance of singleton bean 'metaDataSourceAdvisor'
2020-03-14 21:57:15.312 [main] DEBUG o.s.b.f.s.DefaultListableBeanFactory - Returning cached instance of singleton bean 'org.springframework.transaction.config.internalTransactionAdvisor'
2020-03-14 21:57:15.313 [main] DEBUG o.s.b.f.s.DefaultListableBeanFactory - Eagerly caching bean 'org.springframework.cloud.client.discovery.composite.CompositeDiscoveryClientAutoConfiguration' to allow for resolving potential circular references
2020-03-14 21:57:15.329 [main] DEBUG o.s.b.f.s.DefaultListableBeanFactory - Returning cached instance of singleton bean 'metaDataSourceAdvisor'
2020-03-14 21:57:15.329 [main] DEBUG o.s.b.f.s.DefaultListableBeanFactory - Returning cached instance of singleton bean 'org.springframework.transaction.config.internalTransactionAdvisor'
2020-03-14 21:57:15.329 [main] DEBUG o.s.b.f.s.DefaultListableBeanFactory - Returning cached instance of singleton bean 'metaDataSourceAdvisor'
2020-03-14 21:57:15.329 [main] DEBUG o.s.b.f.s.DefaultListableBeanFactory - Returning cached instance of singleton bean 'org.springframework.transaction.config.internalTransactionAdvisor'
2020-03-14 21:57:15.331 [main] DEBUG o.s.b.f.s.DefaultListableBeanFactory - Finished creating instance of bean 'org.springframework.cloud.client.discovery.composite.CompositeDiscoveryClientAutoConfiguration'
2020-03-14 21:57:15.332 [main] DEBUG o.s.b.f.s.DefaultListableBeanFactory - Creating shared instance of singleton bean 'discoveryClient'
2020-03-14 21:57:15.332 [main] DEBUG o.s.b.f.s.DefaultListableBeanFactory - Creating instance of bean 'discoveryClient'
2020-03-14 21:57:15.332 [main] DEBUG o.s.b.f.s.DefaultListableBeanFactory - Returning cached instance of singleton bean 'metaDataSourceAdvisor'
2020-03-14 21:57:15.332 [main] DEBUG o.s.b.f.s.DefaultListableBeanFactory - Returning cached instance of singleton bean 'org.springframework.transaction.config.internalTransactionAdvisor'
2020-03-14 21:57:15.332 [main] DEBUG o.s.b.f.s.DefaultListableBeanFactory - Returning cached instance of singleton bean 'org.springframework.cloud.netflix.eureka.EurekaClientAutoConfiguration'
2020-03-14 21:57:15.333 [main] DEBUG o.s.b.f.s.DefaultListableBeanFactory - Returning cached instance of singleton bean 'eurekaInstanceConfigBean'
2020-03-14 21:57:15.334 [main] DEBUG o.s.b.f.s.DefaultListableBeanFactory - Returning cached instance of singleton bean 'eurekaClient'
2020-03-14 21:57:15.334 [main] DEBUG o.s.b.f.s.DefaultListableBeanFactory - Autowiring by type from bean name 'discoveryClient' via factory method to bean named 'eurekaInstanceConfigBean'
2020-03-14 21:57:15.334 [main] DEBUG o.s.b.f.s.DefaultListableBeanFactory - Autowiring by type from bean name 'discoveryClient' via factory method to bean named 'eurekaClient'
2020-03-14 21:57:15.336 [main] DEBUG o.s.b.f.s.DefaultListableBeanFactory - Eagerly caching bean 'discoveryClient' to allow for resolving potential circular references
2020-03-14 21:57:15.355 [main] DEBUG o.s.b.f.s.DefaultListableBeanFactory - Returning cached instance of singleton bean 'metaDataSourceAdvisor'
2020-03-14 21:57:15.355 [main] DEBUG o.s.b.f.s.DefaultListableBeanFactory - Returning cached instance of singleton bean 'org.springframework.transaction.config.internalTransactionAdvisor'
2020-03-14 21:57:15.356 [main] DEBUG o.s.b.f.s.DefaultListableBeanFactory - Returning cached instance of singleton bean 'metaDataSourceAdvisor'
2020-03-14 21:57:15.356 [main] DEBUG o.s.b.f.s.DefaultListableBeanFactory - Returning cached instance of singleton bean 'org.springframework.transaction.config.internalTransactionAdvisor'
2020-03-14 21:57:15.357 [main] DEBUG o.s.b.f.s.DefaultListableBeanFactory - Finished creating instance of bean 'discoveryClient'
2020-03-14 21:57:15.358 [main] DEBUG o.s.b.f.s.DefaultListableBeanFactory - Creating shared instance of singleton bean 'simpleDiscoveryClient'
2020-03-14 21:57:15.358 [main] DEBUG o.s.b.f.s.DefaultListableBeanFactory - Creating instance of bean 'simpleDiscoveryClient'
2020-03-14 21:57:15.360 [main] DEBUG o.s.b.f.s.DefaultListableBeanFactory - Returning cached instance of singleton bean 'metaDataSourceAdvisor'
2020-03-14 21:57:15.360 [main] DEBUG o.s.b.f.s.DefaultListableBeanFactory - Returning cached instance of singleton bean 'org.springframework.transaction.config.internalTransactionAdvisor'
2020-03-14 21:57:15.360 [main] DEBUG o.s.b.f.s.DefaultListableBeanFactory - Creating shared instance of singleton bean 'org.springframework.cloud.client.discovery.simple.SimpleDiscoveryClientAutoConfiguration'
2020-03-14 21:57:15.360 [main] DEBUG o.s.b.f.s.DefaultListableBeanFactory - Creating instance of bean 'org.springframework.cloud.client.discovery.simple.SimpleDiscoveryClientAutoConfiguration'
2020-03-14 21:57:15.360 [main] DEBUG o.s.b.f.s.DefaultListableBeanFactory - Returning cached instance of singleton bean 'metaDataSourceAdvisor'
2020-03-14 21:57:15.360 [main] DEBUG o.s.b.f.s.DefaultListableBeanFactory - Returning cached instance of singleton bean 'org.springframework.transaction.config.internalTransactionAdvisor'
2020-03-14 21:57:15.365 [main] DEBUG o.s.b.f.annotation.InjectionMetadata - Registered injected element on class [org.springframework.cloud.client.discovery.simple.SimpleDiscoveryClientAutoConfiguration$$EnhancerBySpringCGLIB$$b6691a97]: AutowiredFieldElement for private org.springframework.boot.autoconfigure.web.ServerProperties org.springframework.cloud.client.discovery.simple.SimpleDiscoveryClientAutoConfiguration.server
2020-03-14 21:57:15.365 [main] DEBUG o.s.b.f.annotation.InjectionMetadata - Registered injected element on class [org.springframework.cloud.client.discovery.simple.SimpleDiscoveryClientAutoConfiguration$$EnhancerBySpringCGLIB$$b6691a97]: AutowiredFieldElement for private org.springframework.context.ApplicationContext org.springframework.cloud.client.discovery.simple.SimpleDiscoveryClientAutoConfiguration.context
2020-03-14 21:57:15.365 [main] DEBUG o.s.b.f.annotation.InjectionMetadata - Registered injected element on class [org.springframework.cloud.client.discovery.simple.SimpleDiscoveryClientAutoConfiguration$$EnhancerBySpringCGLIB$$b6691a97]: AutowiredFieldElement for private java.lang.String org.springframework.cloud.client.discovery.simple.SimpleDiscoveryClientAutoConfiguration.serviceId
2020-03-14 21:57:15.365 [main] DEBUG o.s.b.f.annotation.InjectionMetadata - Registered injected element on class [org.springframework.cloud.client.discovery.simple.SimpleDiscoveryClientAutoConfiguration$$EnhancerBySpringCGLIB$$b6691a97]: AutowiredFieldElement for private org.springframework.cloud.commons.util.InetUtils org.springframework.cloud.client.discovery.simple.SimpleDiscoveryClientAutoConfiguration.inet
2020-03-14 21:57:15.365 [main] DEBUG o.s.b.f.s.DefaultListableBeanFactory - Eagerly caching bean 'org.springframework.cloud.client.discovery.simple.SimpleDiscoveryClientAutoConfiguration' to allow for resolving potential circular references
2020-03-14 21:57:15.390 [main] DEBUG o.s.b.f.annotation.InjectionMetadata - Processing injected element of bean 'org.springframework.cloud.client.discovery.simple.SimpleDiscoveryClientAutoConfiguration': AutowiredFieldElement for private org.springframework.boot.autoconfigure.web.ServerProperties org.springframework.cloud.client.discovery.simple.SimpleDiscoveryClientAutoConfiguration.server
2020-03-14 21:57:15.391 [main] DEBUG o.s.core.annotation.AnnotationUtils - Failed to meta-introspect annotation interface org.springframework.beans.factory.annotation.Autowired: java.lang.NullPointerException
2020-03-14 21:57:15.395 [main] DEBUG o.s.b.f.s.DefaultListableBeanFactory - Creating shared instance of singleton bean 'server-org.springframework.boot.autoconfigure.web.ServerProperties'
2020-03-14 21:57:15.396 [main] DEBUG o.s.b.f.s.DefaultListableBeanFactory - Creating instance of bean 'server-org.springframework.boot.autoconfigure.web.ServerProperties'
2020-03-14 21:57:15.396 [main] DEBUG o.s.b.f.s.DefaultListableBeanFactory - Returning cached instance of singleton bean 'metaDataSourceAdvisor'
2020-03-14 21:57:15.396 [main] DEBUG o.s.b.f.s.DefaultListableBeanFactory - Returning cached instance of singleton bean 'org.springframework.transaction.config.internalTransactionAdvisor'
2020-03-14 21:57:15.428 [main] DEBUG o.s.b.f.s.DefaultListableBeanFactory - Eagerly caching bean 'server-org.springframework.boot.autoconfigure.web.ServerProperties' to allow for resolving potential circular references
2020-03-14 21:57:15.444 [main] DEBUG o.s.b.f.s.DefaultListableBeanFactory - Returning cached instance of singleton bean 'metaDataSourceAdvisor'
2020-03-14 21:57:15.444 [main] DEBUG o.s.b.f.s.DefaultListableBeanFactory - Returning cached instance of singleton bean 'org.springframework.transaction.config.internalTransactionAdvisor'
2020-03-14 21:57:15.444 [main] DEBUG o.s.b.f.s.DefaultListableBeanFactory - Returning cached instance of singleton bean 'metaDataSourceAdvisor'
2020-03-14 21:57:15.444 [main] DEBUG o.s.b.f.s.DefaultListableBeanFactory - Returning cached instance of singleton bean 'org.springframework.transaction.config.internalTransactionAdvisor'
2020-03-14 21:57:15.446 [main] DEBUG o.s.b.f.s.DefaultListableBeanFactory - Finished creating instance of bean 'server-org.springframework.boot.autoconfigure.web.ServerProperties'
2020-03-14 21:57:15.446 [main] DEBUG o.s.b.f.a.AutowiredAnnotationBeanPostProcessor - Autowiring by type from bean name 'org.springframework.cloud.client.discovery.simple.SimpleDiscoveryClientAutoConfiguration' to bean named 'server-org.springframework.boot.autoconfigure.web.ServerProperties'
2020-03-14 21:57:15.447 [main] DEBUG o.s.b.f.annotation.InjectionMetadata - Processing injected element of bean 'org.springframework.cloud.client.discovery.simple.SimpleDiscoveryClientAutoConfiguration': AutowiredFieldElement for private org.springframework.context.ApplicationContext org.springframework.cloud.client.discovery.simple.SimpleDiscoveryClientAutoConfiguration.context
2020-03-14 21:57:15.447 [main] DEBUG o.s.core.annotation.AnnotationUtils - Failed to meta-introspect annotation interface org.springframework.beans.factory.annotation.Autowired: java.lang.NullPointerException
2020-03-14 21:57:15.447 [main] DEBUG o.s.b.f.a.AutowiredAnnotationBeanPostProcessor - Autowiring by type from bean name 'org.springframework.cloud.client.discovery.simple.SimpleDiscoveryClientAutoConfiguration' to bean named 'org.springframework.web.context.support.GenericWebApplicationContext@1ee4730'
2020-03-14 21:57:15.448 [main] DEBUG o.s.b.f.annotation.InjectionMetadata - Processing injected element of bean 'org.springframework.cloud.client.discovery.simple.SimpleDiscoveryClientAutoConfiguration': AutowiredFieldElement for private java.lang.String org.springframework.cloud.client.discovery.simple.SimpleDiscoveryClientAutoConfiguration.serviceId
2020-03-14 21:57:15.450 [main] DEBUG o.s.core.annotation.AnnotationUtils - Failed to meta-introspect annotation interface org.springframework.beans.factory.annotation.Value: java.lang.NullPointerException
2020-03-14 21:57:15.454 [main] DEBUG o.s.c.e.PropertySourcesPropertyResolver - Could not find key 'spring.application.name:application' in any property source
2020-03-14 21:57:15.454 [main] DEBUG o.s.c.e.PropertySourcesPropertyResolver - Could not find key 'spring.application.name:application' in any property source
2020-03-14 21:57:15.454 [main] DEBUG o.s.c.e.PropertySourcesPropertyResolver - Found key 'spring.application.name' in PropertySource 'configurationProperties' with value of type String
2020-03-14 21:57:15.454 [main] DEBUG o.s.c.e.PropertySourcesPropertyResolver - Found key 'spring.application.name' in PropertySource 'environmentProperties' with value of type String
2020-03-14 21:57:15.463 [main] DEBUG o.s.b.f.annotation.InjectionMetadata - Processing injected element of bean 'org.springframework.cloud.client.discovery.simple.SimpleDiscoveryClientAutoConfiguration': AutowiredFieldElement for private org.springframework.cloud.commons.util.InetUtils org.springframework.cloud.client.discovery.simple.SimpleDiscoveryClientAutoConfiguration.inet
2020-03-14 21:57:15.464 [main] DEBUG o.s.core.annotation.AnnotationUtils - Failed to meta-introspect annotation interface org.springframework.beans.factory.annotation.Autowired: java.lang.NullPointerException
2020-03-14 21:57:15.465 [main] DEBUG o.s.b.f.s.DefaultListableBeanFactory - Returning cached instance of singleton bean 'inetUtils'
2020-03-14 21:57:15.465 [main] DEBUG o.s.b.f.a.AutowiredAnnotationBeanPostProcessor - Autowiring by type from bean name 'org.springframework.cloud.client.discovery.simple.SimpleDiscoveryClientAutoConfiguration' to bean named 'inetUtils'
2020-03-14 21:57:15.465 [main] DEBUG o.s.b.f.s.DefaultListableBeanFactory - Returning cached instance of singleton bean 'metaDataSourceAdvisor'
2020-03-14 21:57:15.465 [main] DEBUG o.s.b.f.s.DefaultListableBeanFactory - Returning cached instance of singleton bean 'org.springframework.transaction.config.internalTransactionAdvisor'
2020-03-14 21:57:15.465 [main] DEBUG o.s.b.f.s.DefaultListableBeanFactory - Returning cached instance of singleton bean 'metaDataSourceAdvisor'
2020-03-14 21:57:15.465 [main] DEBUG o.s.b.f.s.DefaultListableBeanFactory - Returning cached instance of singleton bean 'org.springframework.transaction.config.internalTransactionAdvisor'
2020-03-14 21:57:15.468 [main] DEBUG o.s.b.f.s.DefaultListableBeanFactory - Finished creating instance of bean 'org.springframework.cloud.client.discovery.simple.SimpleDiscoveryClientAutoConfiguration'
2020-03-14 21:57:15.473 [main] DEBUG o.s.b.f.s.DefaultListableBeanFactory - Creating shared instance of singleton bean 'simpleDiscoveryProperties'
2020-03-14 21:57:15.473 [main] DEBUG o.s.b.f.s.DefaultListableBeanFactory - Creating instance of bean 'simpleDiscoveryProperties'
2020-03-14 21:57:15.473 [main] DEBUG o.s.b.f.s.DefaultListableBeanFactory - Returning cached instance of singleton bean 'metaDataSourceAdvisor'
2020-03-14 21:57:15.473 [main] DEBUG o.s.b.f.s.DefaultListableBeanFactory - Returning cached instance of singleton bean 'org.springframework.transaction.config.internalTransactionAdvisor'
2020-03-14 21:57:15.473 [main] DEBUG o.s.b.f.s.DefaultListableBeanFactory - Returning cached instance of singleton bean 'org.springframework.cloud.client.discovery.simple.SimpleDiscoveryClientAutoConfiguration'
2020-03-14 21:57:16.803 [main] DEBUG o.s.c.a.CommonAnnotationBeanPostProcessor - Found init method on class [org.springframework.cloud.client.discovery.simple.SimpleDiscoveryProperties]: public void org.springframework.cloud.client.discovery.simple.SimpleDiscoveryProperties.init()
2020-03-14 21:57:16.803 [main] DEBUG o.s.c.a.CommonAnnotationBeanPostProcessor - Registered init method on class [org.springframework.cloud.client.discovery.simple.SimpleDiscoveryProperties]: org.springframework.beans.factory.annotation.InitDestroyAnnotationBeanPostProcessor$LifecycleElement@316510
2020-03-14 21:57:16.804 [main] DEBUG o.s.b.f.s.DefaultListableBeanFactory - Eagerly caching bean 'simpleDiscoveryProperties' to allow for resolving potential circular references
2020-03-14 21:57:16.807 [main] DEBUG o.s.c.a.CommonAnnotationBeanPostProcessor - Invoking init method on bean 'simpleDiscoveryProperties': public void org.springframework.cloud.client.discovery.simple.SimpleDiscoveryProperties.init()
2020-03-14 21:57:16.807 [main] DEBUG o.s.b.f.s.DefaultListableBeanFactory - Returning cached instance of singleton bean 'metaDataSourceAdvisor'
2020-03-14 21:57:16.807 [main] DEBUG o.s.b.f.s.DefaultListableBeanFactory - Returning cached instance of singleton bean 'org.springframework.transaction.config.internalTransactionAdvisor'
2020-03-14 21:57:16.807 [main] DEBUG o.s.b.f.s.DefaultListableBeanFactory - Returning cached instance of singleton bean 'metaDataSourceAdvisor'
2020-03-14 21:57:16.807 [main] DEBUG o.s.b.f.s.DefaultListableBeanFactory - Returning cached instance of singleton bean 'org.springframework.transaction.config.internalTransactionAdvisor'
2020-03-14 21:57:16.808 [main] DEBUG o.s.b.f.s.DefaultListableBeanFactory - Finished creating instance of bean 'simpleDiscoveryProperties'
2020-03-14 21:57:16.808 [main] DEBUG o.s.b.f.s.DefaultListableBeanFactory - Eagerly caching bean 'simpleDiscoveryClient' to allow for resolving potential circular references
2020-03-14 21:57:16.813 [main] DEBUG o.s.b.f.s.DefaultListableBeanFactory - Returning cached instance of singleton bean 'metaDataSourceAdvisor'
2020-03-14 21:57:16.814 [main] DEBUG o.s.b.f.s.DefaultListableBeanFactory - Returning cached instance of singleton bean 'org.springframework.transaction.config.internalTransactionAdvisor'
2020-03-14 21:57:16.814 [main] DEBUG o.s.b.f.s.DefaultListableBeanFactory - Returning cached instance of singleton bean 'metaDataSourceAdvisor'
2020-03-14 21:57:16.814 [main] DEBUG o.s.b.f.s.DefaultListableBeanFactory - Returning cached instance of singleton bean 'org.springframework.transaction.config.internalTransactionAdvisor'
2020-03-14 21:57:16.814 [main] DEBUG o.s.b.f.s.DefaultListableBeanFactory - Finished creating instance of bean 'simpleDiscoveryClient'
2020-03-14 21:57:16.814 [main] DEBUG o.s.b.f.s.DefaultListableBeanFactory - Autowiring by type from bean name 'compositeDiscoveryClient' via factory method to bean named 'discoveryClient'
2020-03-14 21:57:16.815 [main] DEBUG o.s.b.f.s.DefaultListableBeanFactory - Autowiring by type from bean name 'compositeDiscoveryClient' via factory method to bean named 'simpleDiscoveryClient'
2020-03-14 21:57:16.817 [main] DEBUG o.s.b.f.s.DefaultListableBeanFactory - Eagerly caching bean 'compositeDiscoveryClient' to allow for resolving potential circular references
2020-03-14 21:57:16.823 [main] DEBUG o.s.b.f.s.DefaultListableBeanFactory - Returning cached instance of singleton bean 'metaDataSourceAdvisor'
2020-03-14 21:57:16.823 [main] DEBUG o.s.b.f.s.DefaultListableBeanFactory - Returning cached instance of singleton bean 'org.springframework.transaction.config.internalTransactionAdvisor'
2020-03-14 21:57:16.823 [main] DEBUG o.s.b.f.s.DefaultListableBeanFactory - Returning cached instance of singleton bean 'metaDataSourceAdvisor'
2020-03-14 21:57:16.823 [main] DEBUG o.s.b.f.s.DefaultListableBeanFactory - Returning cached instance of singleton bean 'org.springframework.transaction.config.internalTransactionAdvisor'
2020-03-14 21:57:16.823 [main] DEBUG o.s.b.f.s.DefaultListableBeanFactory - Finished creating instance of bean 'compositeDiscoveryClient'
2020-03-14 21:57:16.826 [main] DEBUG o.s.b.f.s.DefaultListableBeanFactory - Creating shared instance of singleton bean 'spring.cloud.discovery.client.health-indicator-org.springframework.cloud.client.discovery.health.DiscoveryClientHealthIndicatorProperties'
2020-03-14 21:57:16.826 [main] DEBUG o.s.b.f.s.DefaultListableBeanFactory - Creating instance of bean 'spring.cloud.discovery.client.health-indicator-org.springframework.cloud.client.discovery.health.DiscoveryClientHealthIndicatorProperties'
2020-03-14 21:57:16.826 [main] DEBUG o.s.b.f.s.DefaultListableBeanFactory - Returning cached instance of singleton bean 'metaDataSourceAdvisor'
2020-03-14 21:57:16.826 [main] DEBUG o.s.b.f.s.DefaultListableBeanFactory - Returning cached instance of singleton bean 'org.springframework.transaction.config.internalTransactionAdvisor'
2020-03-14 21:57:16.827 [main] DEBUG o.s.b.f.s.DefaultListableBeanFactory - Eagerly caching bean 'spring.cloud.discovery.client.health-indicator-org.springframework.cloud.client.discovery.health.DiscoveryClientHealthIndicatorProperties' to allow for resolving potential circular references
2020-03-14 21:57:16.831 [main] DEBUG o.s.b.f.s.DefaultListableBeanFactory - Returning cached instance of singleton bean 'metaDataSourceAdvisor'
2020-03-14 21:57:16.831 [main] DEBUG o.s.b.f.s.DefaultListableBeanFactory - Returning cached instance of singleton bean 'org.springframework.transaction.config.internalTransactionAdvisor'
2020-03-14 21:57:16.832 [main] DEBUG o.s.b.f.s.DefaultListableBeanFactory - Returning cached instance of singleton bean 'metaDataSourceAdvisor'
2020-03-14 21:57:16.832 [main] DEBUG o.s.b.f.s.DefaultListableBeanFactory - Returning cached instance of singleton bean 'org.springframework.transaction.config.internalTransactionAdvisor'
2020-03-14 21:57:16.833 [main] DEBUG o.s.b.f.s.DefaultListableBeanFactory - Finished creating instance of bean 'spring.cloud.discovery.client.health-indicator-org.springframework.cloud.client.discovery.health.DiscoveryClientHealthIndicatorProperties'
2020-03-14 21:57:16.833 [main] DEBUG o.s.b.f.s.DefaultListableBeanFactory - Autowiring by type from bean name 'discoveryClientHealthIndicator' via factory method to bean named 'compositeDiscoveryClient'
2020-03-14 21:57:16.833 [main] DEBUG o.s.b.f.s.DefaultListableBeanFactory - Autowiring by type from bean name 'discoveryClientHealthIndicator' via factory method to bean named 'spring.cloud.discovery.client.health-indicator-org.springframework.cloud.client.discovery.health.DiscoveryClientHealthIndicatorProperties'
2020-03-14 21:57:16.837 [main] DEBUG o.s.b.f.s.DefaultListableBeanFactory - Eagerly caching bean 'discoveryClientHealthIndicator' to allow for resolving potential circular references
2020-03-14 21:57:16.842 [main] DEBUG o.s.b.f.s.DefaultListableBeanFactory - Returning cached instance of singleton bean 'metaDataSourceAdvisor'
2020-03-14 21:57:16.842 [main] DEBUG o.s.b.f.s.DefaultListableBeanFactory - Returning cached instance of singleton bean 'org.springframework.transaction.config.internalTransactionAdvisor'
2020-03-14 21:57:16.842 [main] DEBUG o.s.b.f.s.DefaultListableBeanFactory - Returning cached instance of singleton bean 'metaDataSourceAdvisor'
2020-03-14 21:57:16.842 [main] DEBUG o.s.b.f.s.DefaultListableBeanFactory - Returning cached instance of singleton bean 'org.springframework.transaction.config.internalTransactionAdvisor'
2020-03-14 21:57:16.843 [main] DEBUG o.s.b.f.s.DefaultListableBeanFactory - Finished creating instance of bean 'discoveryClientHealthIndicator'
2020-03-14 21:57:16.843 [main] DEBUG o.s.b.f.s.DefaultListableBeanFactory - Autowiring by type from bean name 'discoveryCompositeHealthIndicator' via factory method to bean named 'healthAggregator'
2020-03-14 21:57:16.843 [main] DEBUG o.s.b.f.s.DefaultListableBeanFactory - Autowiring by type from bean name 'discoveryCompositeHealthIndicator' via factory method to bean named 'eurekaHealthIndicator'
2020-03-14 21:57:16.843 [main] DEBUG o.s.b.f.s.DefaultListableBeanFactory - Autowiring by type from bean name 'discoveryCompositeHealthIndicator' via factory method to bean named 'discoveryClientHealthIndicator'
2020-03-14 21:57:16.846 [main] DEBUG o.s.b.f.s.DefaultListableBeanFactory - Eagerly caching bean 'discoveryCompositeHealthIndicator' to allow for resolving potential circular references
2020-03-14 21:57:16.850 [main] DEBUG o.s.b.f.s.DefaultListableBeanFactory - Returning cached instance of singleton bean 'metaDataSourceAdvisor'
2020-03-14 21:57:16.850 [main] DEBUG o.s.b.f.s.DefaultListableBeanFactory - Returning cached instance of singleton bean 'org.springframework.transaction.config.internalTransactionAdvisor'
2020-03-14 21:57:16.850 [main] DEBUG o.s.b.f.s.DefaultListableBeanFactory - Returning cached instance of singleton bean 'metaDataSourceAdvisor'
2020-03-14 21:57:16.850 [main] DEBUG o.s.b.f.s.DefaultListableBeanFactory - Returning cached instance of singleton bean 'org.springframework.transaction.config.internalTransactionAdvisor'
2020-03-14 21:57:16.850 [main] DEBUG o.s.b.f.s.DefaultListableBeanFactory - Finished creating instance of bean 'discoveryCompositeHealthIndicator'
2020-03-14 21:57:16.850 [main] DEBUG o.s.b.f.s.DefaultListableBeanFactory - Creating shared instance of singleton bean 'hystrixHealthIndicator'
2020-03-14 21:57:16.850 [main] DEBUG o.s.b.f.s.DefaultListableBeanFactory - Creating instance of bean 'hystrixHealthIndicator'
2020-03-14 21:57:16.850 [main] DEBUG o.s.b.f.s.DefaultListableBeanFactory - Returning cached instance of singleton bean 'metaDataSourceAdvisor'
2020-03-14 21:57:16.850 [main] DEBUG o.s.b.f.s.DefaultListableBeanFactory - Returning cached instance of singleton bean 'org.springframework.transaction.config.internalTransactionAdvisor'
2020-03-14 21:57:16.851 [main] DEBUG o.s.b.f.s.DefaultListableBeanFactory - Creating shared instance of singleton bean 'org.springframework.cloud.netflix.hystrix.HystrixAutoConfiguration'
2020-03-14 21:57:16.851 [main] DEBUG o.s.b.f.s.DefaultListableBeanFactory - Creating instance of bean 'org.springframework.cloud.netflix.hystrix.HystrixAutoConfiguration'
2020-03-14 21:57:16.851 [main] DEBUG o.s.b.f.s.DefaultListableBeanFactory - Returning cached instance of singleton bean 'metaDataSourceAdvisor'
2020-03-14 21:57:16.851 [main] DEBUG o.s.b.f.s.DefaultListableBeanFactory - Returning cached instance of singleton bean 'org.springframework.transaction.config.internalTransactionAdvisor'
2020-03-14 21:57:16.852 [main] DEBUG o.s.b.f.s.DefaultListableBeanFactory - Eagerly caching bean 'org.springframework.cloud.netflix.hystrix.HystrixAutoConfiguration' to allow for resolving potential circular references
2020-03-14 21:57:16.866 [main] DEBUG o.s.b.f.s.DefaultListableBeanFactory - Returning cached instance of singleton bean 'metaDataSourceAdvisor'
2020-03-14 21:57:16.866 [main] DEBUG o.s.b.f.s.DefaultListableBeanFactory - Returning cached instance of singleton bean 'org.springframework.transaction.config.internalTransactionAdvisor'
2020-03-14 21:57:16.866 [main] DEBUG o.s.b.f.s.DefaultListableBeanFactory - Returning cached instance of singleton bean 'metaDataSourceAdvisor'
2020-03-14 21:57:16.867 [main] DEBUG o.s.b.f.s.DefaultListableBeanFactory - Returning cached instance of singleton bean 'org.springframework.transaction.config.internalTransactionAdvisor'
2020-03-14 21:57:16.867 [main] DEBUG o.s.b.f.s.DefaultListableBeanFactory - Finished creating instance of bean 'org.springframework.cloud.netflix.hystrix.HystrixAutoConfiguration'
2020-03-14 21:57:16.871 [main] DEBUG o.s.b.f.s.DefaultListableBeanFactory - Eagerly caching bean 'hystrixHealthIndicator' to allow for resolving potential circular references
2020-03-14 21:57:16.880 [main] DEBUG o.s.b.f.s.DefaultListableBeanFactory - Returning cached instance of singleton bean 'metaDataSourceAdvisor'
2020-03-14 21:57:16.880 [main] DEBUG o.s.b.f.s.DefaultListableBeanFactory - Returning cached instance of singleton bean 'org.springframework.transaction.config.internalTransactionAdvisor'
2020-03-14 21:57:16.880 [main] DEBUG o.s.b.f.s.DefaultListableBeanFactory - Returning cached instance of singleton bean 'metaDataSourceAdvisor'
2020-03-14 21:57:16.880 [main] DEBUG o.s.b.f.s.DefaultListableBeanFactory - Returning cached instance of singleton bean 'org.springframework.transaction.config.internalTransactionAdvisor'
2020-03-14 21:57:16.881 [main] DEBUG o.s.b.f.s.DefaultListableBeanFactory - Finished creating instance of bean 'hystrixHealthIndicator'
2020-03-14 21:57:16.884 [main] DEBUG o.s.b.f.s.DefaultListableBeanFactory - Eagerly caching bean 'healthEndpoint' to allow for resolving potential circular references
2020-03-14 21:57:16.887 [main] DEBUG o.s.b.f.s.DefaultListableBeanFactory - Returning cached instance of singleton bean 'metaDataSourceAdvisor'
2020-03-14 21:57:16.887 [main] DEBUG o.s.b.f.s.DefaultListableBeanFactory - Returning cached instance of singleton bean 'org.springframework.transaction.config.internalTransactionAdvisor'
2020-03-14 21:57:16.887 [main] DEBUG o.s.b.f.s.DefaultListableBeanFactory - Returning cached instance of singleton bean 'metaDataSourceAdvisor'
2020-03-14 21:57:16.888 [main] DEBUG o.s.b.f.s.DefaultListableBeanFactory - Returning cached instance of singleton bean 'org.springframework.transaction.config.internalTransactionAdvisor'
2020-03-14 21:57:16.888 [main] DEBUG o.s.b.f.s.DefaultListableBeanFactory - Finished creating instance of bean 'healthEndpoint'
2020-03-14 21:57:16.888 [main] DEBUG o.s.b.f.s.DefaultListableBeanFactory - Creating shared instance of singleton bean 'conditionsReportEndpoint'
2020-03-14 21:57:16.888 [main] DEBUG o.s.b.f.s.DefaultListableBeanFactory - Creating instance of bean 'conditionsReportEndpoint'
2020-03-14 21:57:16.888 [main] DEBUG o.s.b.f.s.DefaultListableBeanFactory - Returning cached instance of singleton bean 'metaDataSourceAdvisor'
2020-03-14 21:57:16.888 [main] DEBUG o.s.b.f.s.DefaultListableBeanFactory - Returning cached instance of singleton bean 'org.springframework.transaction.config.internalTransactionAdvisor'
2020-03-14 21:57:16.888 [main] DEBUG o.s.b.f.s.DefaultListableBeanFactory - Creating shared instance of singleton bean 'org.springframework.boot.actuate.autoconfigure.condition.ConditionsReportEndpointAutoConfiguration'
2020-03-14 21:57:16.888 [main] DEBUG o.s.b.f.s.DefaultListableBeanFactory - Creating instance of bean 'org.springframework.boot.actuate.autoconfigure.condition.ConditionsReportEndpointAutoConfiguration'
2020-03-14 21:57:16.889 [main] DEBUG o.s.b.f.s.DefaultListableBeanFactory - Returning cached instance of singleton bean 'metaDataSourceAdvisor'
2020-03-14 21:57:16.889 [main] DEBUG o.s.b.f.s.DefaultListableBeanFactory - Returning cached instance of singleton bean 'org.springframework.transaction.config.internalTransactionAdvisor'
2020-03-14 21:57:16.889 [main] DEBUG o.s.b.f.s.DefaultListableBeanFactory - Eagerly caching bean 'org.springframework.boot.actuate.autoconfigure.condition.ConditionsReportEndpointAutoConfiguration' to allow for resolving potential circular references
2020-03-14 21:57:16.897 [main] DEBUG o.s.b.f.s.DefaultListableBeanFactory - Returning cached instance of singleton bean 'metaDataSourceAdvisor'
2020-03-14 21:57:16.898 [main] DEBUG o.s.b.f.s.DefaultListableBeanFactory - Returning cached instance of singleton bean 'org.springframework.transaction.config.internalTransactionAdvisor'
2020-03-14 21:57:16.898 [main] DEBUG o.s.b.f.s.DefaultListableBeanFactory - Returning cached instance of singleton bean 'metaDataSourceAdvisor'
2020-03-14 21:57:16.898 [main] DEBUG o.s.b.f.s.DefaultListableBeanFactory - Returning cached instance of singleton bean 'org.springframework.transaction.config.internalTransactionAdvisor'
2020-03-14 21:57:16.901 [main] DEBUG o.s.b.f.s.DefaultListableBeanFactory - Finished creating instance of bean 'org.springframework.boot.actuate.autoconfigure.condition.ConditionsReportEndpointAutoConfiguration'
2020-03-14 21:57:16.902 [main] DEBUG o.s.b.f.s.DefaultListableBeanFactory - Autowiring by type from bean name 'conditionsReportEndpoint' via factory method to bean named 'org.springframework.web.context.support.GenericWebApplicationContext@1ee4730'
2020-03-14 21:57:16.912 [main] DEBUG o.s.b.f.s.DefaultListableBeanFactory - Eagerly caching bean 'conditionsReportEndpoint' to allow for resolving potential circular references
2020-03-14 21:57:16.921 [main] DEBUG o.s.b.f.s.DefaultListableBeanFactory - Returning cached instance of singleton bean 'metaDataSourceAdvisor'
2020-03-14 21:57:16.921 [main] DEBUG o.s.b.f.s.DefaultListableBeanFactory - Returning cached instance of singleton bean 'org.springframework.transaction.config.internalTransactionAdvisor'
2020-03-14 21:57:16.921 [main] DEBUG o.s.b.f.s.DefaultListableBeanFactory - Returning cached instance of singleton bean 'metaDataSourceAdvisor'
2020-03-14 21:57:16.921 [main] DEBUG o.s.b.f.s.DefaultListableBeanFactory - Returning cached instance of singleton bean 'org.springframework.transaction.config.internalTransactionAdvisor'
2020-03-14 21:57:16.922 [main] DEBUG o.s.b.f.s.DefaultListableBeanFactory - Finished creating instance of bean 'conditionsReportEndpoint'
2020-03-14 21:57:16.923 [main] DEBUG o.s.b.f.s.DefaultListableBeanFactory - Creating shared instance of singleton bean 'configurationPropertiesReportEndpoint'
2020-03-14 21:57:16.923 [main] DEBUG o.s.b.f.s.DefaultListableBeanFactory - Creating instance of bean 'configurationPropertiesReportEndpoint'
2020-03-14 21:57:16.923 [main] DEBUG o.s.b.f.s.DefaultListableBeanFactory - Returning cached instance of singleton bean 'metaDataSourceAdvisor'
2020-03-14 21:57:16.923 [main] DEBUG o.s.b.f.s.DefaultListableBeanFactory - Returning cached instance of singleton bean 'org.springframework.transaction.config.internalTransactionAdvisor'
2020-03-14 21:57:16.923 [main] DEBUG o.s.b.f.s.DefaultListableBeanFactory - Creating shared instance of singleton bean 'org.springframework.boot.actuate.autoconfigure.context.properties.ConfigurationPropertiesReportEndpointAutoConfiguration'
2020-03-14 21:57:16.923 [main] DEBUG o.s.b.f.s.DefaultListableBeanFactory - Creating instance of bean 'org.springframework.boot.actuate.autoconfigure.context.properties.ConfigurationPropertiesReportEndpointAutoConfiguration'
2020-03-14 21:57:16.923 [main] DEBUG o.s.b.f.s.DefaultListableBeanFactory - Returning cached instance of singleton bean 'metaDataSourceAdvisor'
2020-03-14 21:57:16.923 [main] DEBUG o.s.b.f.s.DefaultListableBeanFactory - Returning cached instance of singleton bean 'org.springframework.transaction.config.internalTransactionAdvisor'
2020-03-14 21:57:16.924 [main] DEBUG o.s.c.LocalVariableTableParameterNameDiscoverer - Cannot find '.class' file for class [class org.springframework.boot.actuate.autoconfigure.context.properties.ConfigurationPropertiesReportEndpointAutoConfiguration$$EnhancerBySpringCGLIB$$fdcd0d44] - unable to determine constructor/method parameter names
2020-03-14 21:57:16.932 [main] DEBUG o.s.b.f.s.DefaultListableBeanFactory - Creating shared instance of singleton bean 'management.endpoint.configprops-org.springframework.boot.actuate.autoconfigure.context.properties.ConfigurationPropertiesReportEndpointProperties'
2020-03-14 21:57:16.932 [main] DEBUG o.s.b.f.s.DefaultListableBeanFactory - Creating instance of bean 'management.endpoint.configprops-org.springframework.boot.actuate.autoconfigure.context.properties.ConfigurationPropertiesReportEndpointProperties'
2020-03-14 21:57:16.932 [main] DEBUG o.s.b.f.s.DefaultListableBeanFactory - Returning cached instance of singleton bean 'metaDataSourceAdvisor'
2020-03-14 21:57:16.932 [main] DEBUG o.s.b.f.s.DefaultListableBeanFactory - Returning cached instance of singleton bean 'org.springframework.transaction.config.internalTransactionAdvisor'
2020-03-14 21:57:16.933 [main] DEBUG o.s.b.f.s.DefaultListableBeanFactory - Eagerly caching bean 'management.endpoint.configprops-org.springframework.boot.actuate.autoconfigure.context.properties.ConfigurationPropertiesReportEndpointProperties' to allow for resolving potential circular references
2020-03-14 21:57:16.938 [main] DEBUG o.s.b.f.s.DefaultListableBeanFactory - Returning cached instance of singleton bean 'metaDataSourceAdvisor'
2020-03-14 21:57:16.938 [main] DEBUG o.s.b.f.s.DefaultListableBeanFactory - Returning cached instance of singleton bean 'org.springframework.transaction.config.internalTransactionAdvisor'
2020-03-14 21:57:16.938 [main] DEBUG o.s.b.f.s.DefaultListableBeanFactory - Returning cached instance of singleton bean 'metaDataSourceAdvisor'
2020-03-14 21:57:16.938 [main] DEBUG o.s.b.f.s.DefaultListableBeanFactory - Returning cached instance of singleton bean 'org.springframework.transaction.config.internalTransactionAdvisor'
2020-03-14 21:57:16.939 [main] DEBUG o.s.b.f.s.DefaultListableBeanFactory - Finished creating instance of bean 'management.endpoint.configprops-org.springframework.boot.actuate.autoconfigure.context.properties.ConfigurationPropertiesReportEndpointProperties'
2020-03-14 21:57:16.939 [main] DEBUG o.s.b.f.s.DefaultListableBeanFactory - Autowiring by type from bean name 'org.springframework.boot.actuate.autoconfigure.context.properties.ConfigurationPropertiesReportEndpointAutoConfiguration' via constructor to bean named 'management.endpoint.configprops-org.springframework.boot.actuate.autoconfigure.context.properties.ConfigurationPropertiesReportEndpointProperties'
2020-03-14 21:57:16.940 [main] DEBUG o.s.b.f.s.DefaultListableBeanFactory - Eagerly caching bean 'org.springframework.boot.actuate.autoconfigure.context.properties.ConfigurationPropertiesReportEndpointAutoConfiguration' to allow for resolving potential circular references
2020-03-14 21:57:16.946 [main] DEBUG o.s.b.f.s.DefaultListableBeanFactory - Returning cached instance of singleton bean 'metaDataSourceAdvisor'
2020-03-14 21:57:16.946 [main] DEBUG o.s.b.f.s.DefaultListableBeanFactory - Returning cached instance of singleton bean 'org.springframework.transaction.config.internalTransactionAdvisor'
2020-03-14 21:57:16.946 [main] DEBUG o.s.b.f.s.DefaultListableBeanFactory - Returning cached instance of singleton bean 'metaDataSourceAdvisor'
2020-03-14 21:57:16.946 [main] DEBUG o.s.b.f.s.DefaultListableBeanFactory - Returning cached instance of singleton bean 'org.springframework.transaction.config.internalTransactionAdvisor'
2020-03-14 21:57:16.947 [main] DEBUG o.s.b.f.s.DefaultListableBeanFactory - Finished creating instance of bean 'org.springframework.boot.actuate.autoconfigure.context.properties.ConfigurationPropertiesReportEndpointAutoConfiguration'
2020-03-14 21:57:16.955 [main] DEBUG o.s.b.f.s.DefaultListableBeanFactory - Eagerly caching bean 'configurationPropertiesReportEndpoint' to allow for resolving potential circular references
2020-03-14 21:57:16.959 [main] DEBUG o.s.b.f.s.DefaultListableBeanFactory - Returning cached instance of singleton bean 'metaDataSourceAdvisor'
2020-03-14 21:57:16.959 [main] DEBUG o.s.b.f.s.DefaultListableBeanFactory - Returning cached instance of singleton bean 'org.springframework.transaction.config.internalTransactionAdvisor'
2020-03-14 21:57:16.959 [main] DEBUG o.s.b.f.s.DefaultListableBeanFactory - Returning cached instance of singleton bean 'metaDataSourceAdvisor'
2020-03-14 21:57:16.959 [main] DEBUG o.s.b.f.s.DefaultListableBeanFactory - Returning cached instance of singleton bean 'org.springframework.transaction.config.internalTransactionAdvisor'
2020-03-14 21:57:16.960 [main] DEBUG o.s.b.f.s.DefaultListableBeanFactory - Finished creating instance of bean 'configurationPropertiesReportEndpoint'
2020-03-14 21:57:16.961 [main] DEBUG o.s.b.f.s.DefaultListableBeanFactory - Creating shared instance of singleton bean 'environmentEndpoint'
2020-03-14 21:57:16.961 [main] DEBUG o.s.b.f.s.DefaultListableBeanFactory - Creating instance of bean 'environmentEndpoint'
2020-03-14 21:57:16.961 [main] DEBUG o.s.b.f.s.DefaultListableBeanFactory - Returning cached instance of singleton bean 'metaDataSourceAdvisor'
2020-03-14 21:57:16.961 [main] DEBUG o.s.b.f.s.DefaultListableBeanFactory - Returning cached instance of singleton bean 'org.springframework.transaction.config.internalTransactionAdvisor'
2020-03-14 21:57:16.961 [main] DEBUG o.s.b.f.s.DefaultListableBeanFactory - Creating shared instance of singleton bean 'org.springframework.cloud.autoconfigure.WritableEnvironmentEndpointAutoConfiguration'
2020-03-14 21:57:16.961 [main] DEBUG o.s.b.f.s.DefaultListableBeanFactory - Creating instance of bean 'org.springframework.cloud.autoconfigure.WritableEnvironmentEndpointAutoConfiguration'
2020-03-14 21:57:16.962 [main] DEBUG o.s.b.f.s.DefaultListableBeanFactory - Returning cached instance of singleton bean 'metaDataSourceAdvisor'
2020-03-14 21:57:16.962 [main] DEBUG o.s.b.f.s.DefaultListableBeanFactory - Returning cached instance of singleton bean 'org.springframework.transaction.config.internalTransactionAdvisor'
2020-03-14 21:57:16.964 [main] DEBUG o.s.c.LocalVariableTableParameterNameDiscoverer - Cannot find '.class' file for class [class org.springframework.cloud.autoconfigure.WritableEnvironmentEndpointAutoConfiguration$$EnhancerBySpringCGLIB$$41003f34] - unable to determine constructor/method parameter names
2020-03-14 21:57:16.967 [main] DEBUG o.s.b.f.s.DefaultListableBeanFactory - Creating shared instance of singleton bean 'management.endpoint.env-org.springframework.boot.actuate.autoconfigure.env.EnvironmentEndpointProperties'
2020-03-14 21:57:16.967 [main] DEBUG o.s.b.f.s.DefaultListableBeanFactory - Creating instance of bean 'management.endpoint.env-org.springframework.boot.actuate.autoconfigure.env.EnvironmentEndpointProperties'
2020-03-14 21:57:16.967 [main] DEBUG o.s.b.f.s.DefaultListableBeanFactory - Returning cached instance of singleton bean 'metaDataSourceAdvisor'
2020-03-14 21:57:16.967 [main] DEBUG o.s.b.f.s.DefaultListableBeanFactory - Returning cached instance of singleton bean 'org.springframework.transaction.config.internalTransactionAdvisor'
2020-03-14 21:57:16.968 [main] DEBUG o.s.b.f.s.DefaultListableBeanFactory - Eagerly caching bean 'management.endpoint.env-org.springframework.boot.actuate.autoconfigure.env.EnvironmentEndpointProperties' to allow for resolving potential circular references
2020-03-14 21:57:16.975 [main] DEBUG o.s.b.f.s.DefaultListableBeanFactory - Returning cached instance of singleton bean 'metaDataSourceAdvisor'
2020-03-14 21:57:16.976 [main] DEBUG o.s.b.f.s.DefaultListableBeanFactory - Returning cached instance of singleton bean 'org.springframework.transaction.config.internalTransactionAdvisor'
2020-03-14 21:57:16.976 [main] DEBUG o.s.b.f.s.DefaultListableBeanFactory - Returning cached instance of singleton bean 'metaDataSourceAdvisor'
2020-03-14 21:57:16.976 [main] DEBUG o.s.b.f.s.DefaultListableBeanFactory - Returning cached instance of singleton bean 'org.springframework.transaction.config.internalTransactionAdvisor'
2020-03-14 21:57:16.977 [main] DEBUG o.s.b.f.s.DefaultListableBeanFactory - Finished creating instance of bean 'management.endpoint.env-org.springframework.boot.actuate.autoconfigure.env.EnvironmentEndpointProperties'
2020-03-14 21:57:16.977 [main] DEBUG o.s.b.f.s.DefaultListableBeanFactory - Autowiring by type from bean name 'org.springframework.cloud.autoconfigure.WritableEnvironmentEndpointAutoConfiguration' via constructor to bean named 'management.endpoint.env-org.springframework.boot.actuate.autoconfigure.env.EnvironmentEndpointProperties'
2020-03-14 21:57:16.977 [main] DEBUG o.s.b.f.s.DefaultListableBeanFactory - Eagerly caching bean 'org.springframework.cloud.autoconfigure.WritableEnvironmentEndpointAutoConfiguration' to allow for resolving potential circular references
2020-03-14 21:57:16.988 [main] DEBUG o.s.b.f.s.DefaultListableBeanFactory - Returning cached instance of singleton bean 'metaDataSourceAdvisor'
2020-03-14 21:57:16.988 [main] DEBUG o.s.b.f.s.DefaultListableBeanFactory - Returning cached instance of singleton bean 'org.springframework.transaction.config.internalTransactionAdvisor'
2020-03-14 21:57:16.988 [main] DEBUG o.s.b.f.s.DefaultListableBeanFactory - Returning cached instance of singleton bean 'metaDataSourceAdvisor'
2020-03-14 21:57:16.988 [main] DEBUG o.s.b.f.s.DefaultListableBeanFactory - Returning cached instance of singleton bean 'org.springframework.transaction.config.internalTransactionAdvisor'
2020-03-14 21:57:16.990 [main] DEBUG o.s.b.f.s.DefaultListableBeanFactory - Finished creating instance of bean 'org.springframework.cloud.autoconfigure.WritableEnvironmentEndpointAutoConfiguration'
2020-03-14 21:57:16.990 [main] DEBUG o.s.b.f.s.DefaultListableBeanFactory - Returning cached instance of singleton bean 'environment'
2020-03-14 21:57:16.991 [main] DEBUG o.s.b.f.s.DefaultListableBeanFactory - Autowiring by type from bean name 'environmentEndpoint' via factory method to bean named 'environment'
2020-03-14 21:57:16.998 [main] DEBUG o.s.b.f.s.DefaultListableBeanFactory - Eagerly caching bean 'environmentEndpoint' to allow for resolving potential circular references
2020-03-14 21:57:17.001 [main] DEBUG o.s.b.f.s.DefaultListableBeanFactory - Returning cached instance of singleton bean 'metaDataSourceAdvisor'
2020-03-14 21:57:17.001 [main] DEBUG o.s.b.f.s.DefaultListableBeanFactory - Returning cached instance of singleton bean 'org.springframework.transaction.config.internalTransactionAdvisor'
2020-03-14 21:57:17.001 [main] DEBUG o.s.b.f.s.DefaultListableBeanFactory - Returning cached instance of singleton bean 'metaDataSourceAdvisor'
2020-03-14 21:57:17.001 [main] DEBUG o.s.b.f.s.DefaultListableBeanFactory - Returning cached instance of singleton bean 'org.springframework.transaction.config.internalTransactionAdvisor'
2020-03-14 21:57:17.003 [main] DEBUG o.s.b.f.s.DefaultListableBeanFactory - Finished creating instance of bean 'environmentEndpoint'
2020-03-14 21:57:17.003 [main] DEBUG o.s.b.f.s.DefaultListableBeanFactory - Creating shared instance of singleton bean 'infoEndpoint'
2020-03-14 21:57:17.003 [main] DEBUG o.s.b.f.s.DefaultListableBeanFactory - Creating instance of bean 'infoEndpoint'
2020-03-14 21:57:17.003 [main] DEBUG o.s.b.f.s.DefaultListableBeanFactory - Returning cached instance of singleton bean 'metaDataSourceAdvisor'
2020-03-14 21:57:17.003 [main] DEBUG o.s.b.f.s.DefaultListableBeanFactory - Returning cached instance of singleton bean 'org.springframework.transaction.config.internalTransactionAdvisor'
2020-03-14 21:57:17.004 [main] DEBUG o.s.b.f.s.DefaultListableBeanFactory - Creating shared instance of singleton bean 'org.springframework.boot.actuate.autoconfigure.info.InfoEndpointAutoConfiguration'
2020-03-14 21:57:17.004 [main] DEBUG o.s.b.f.s.DefaultListableBeanFactory - Creating instance of bean 'org.springframework.boot.actuate.autoconfigure.info.InfoEndpointAutoConfiguration'
2020-03-14 21:57:17.004 [main] DEBUG o.s.b.f.s.DefaultListableBeanFactory - Returning cached instance of singleton bean 'metaDataSourceAdvisor'
2020-03-14 21:57:17.004 [main] DEBUG o.s.b.f.s.DefaultListableBeanFactory - Returning cached instance of singleton bean 'org.springframework.transaction.config.internalTransactionAdvisor'
2020-03-14 21:57:17.004 [main] DEBUG o.s.b.f.s.DefaultListableBeanFactory - Eagerly caching bean 'org.springframework.boot.actuate.autoconfigure.info.InfoEndpointAutoConfiguration' to allow for resolving potential circular references
2020-03-14 21:57:17.008 [main] DEBUG o.s.b.f.s.DefaultListableBeanFactory - Returning cached instance of singleton bean 'metaDataSourceAdvisor'
2020-03-14 21:57:17.008 [main] DEBUG o.s.b.f.s.DefaultListableBeanFactory - Returning cached instance of singleton bean 'org.springframework.transaction.config.internalTransactionAdvisor'
2020-03-14 21:57:17.008 [main] DEBUG o.s.b.f.s.DefaultListableBeanFactory - Returning cached instance of singleton bean 'metaDataSourceAdvisor'
2020-03-14 21:57:17.008 [main] DEBUG o.s.b.f.s.DefaultListableBeanFactory - Returning cached instance of singleton bean 'org.springframework.transaction.config.internalTransactionAdvisor'
2020-03-14 21:57:17.009 [main] DEBUG o.s.b.f.s.DefaultListableBeanFactory - Finished creating instance of bean 'org.springframework.boot.actuate.autoconfigure.info.InfoEndpointAutoConfiguration'
2020-03-14 21:57:17.024 [main] DEBUG o.s.b.f.s.DefaultListableBeanFactory - Creating shared instance of singleton bean 'envInfoContributor'
2020-03-14 21:57:17.024 [main] DEBUG o.s.b.f.s.DefaultListableBeanFactory - Creating instance of bean 'envInfoContributor'
2020-03-14 21:57:17.024 [main] DEBUG o.s.b.f.s.DefaultListableBeanFactory - Returning cached instance of singleton bean 'metaDataSourceAdvisor'
2020-03-14 21:57:17.024 [main] DEBUG o.s.b.f.s.DefaultListableBeanFactory - Returning cached instance of singleton bean 'org.springframework.transaction.config.internalTransactionAdvisor'
2020-03-14 21:57:17.025 [main] DEBUG o.s.b.f.s.DefaultListableBeanFactory - Creating shared instance of singleton bean 'org.springframework.boot.actuate.autoconfigure.info.InfoContributorAutoConfiguration'
2020-03-14 21:57:17.025 [main] DEBUG o.s.b.f.s.DefaultListableBeanFactory - Creating instance of bean 'org.springframework.boot.actuate.autoconfigure.info.InfoContributorAutoConfiguration'
2020-03-14 21:57:17.025 [main] DEBUG o.s.b.f.s.DefaultListableBeanFactory - Returning cached instance of singleton bean 'metaDataSourceAdvisor'
2020-03-14 21:57:17.025 [main] DEBUG o.s.b.f.s.DefaultListableBeanFactory - Returning cached instance of singleton bean 'org.springframework.transaction.config.internalTransactionAdvisor'
2020-03-14 21:57:17.026 [main] DEBUG o.s.c.LocalVariableTableParameterNameDiscoverer - Cannot find '.class' file for class [class org.springframework.boot.actuate.autoconfigure.info.InfoContributorAutoConfiguration$$EnhancerBySpringCGLIB$$c7afa6ad] - unable to determine constructor/method parameter names
2020-03-14 21:57:17.030 [main] DEBUG o.s.b.f.s.DefaultListableBeanFactory - Creating shared instance of singleton bean 'management.info-org.springframework.boot.actuate.autoconfigure.info.InfoContributorProperties'
2020-03-14 21:57:17.031 [main] DEBUG o.s.b.f.s.DefaultListableBeanFactory - Creating instance of bean 'management.info-org.springframework.boot.actuate.autoconfigure.info.InfoContributorProperties'
2020-03-14 21:57:17.031 [main] DEBUG o.s.b.f.s.DefaultListableBeanFactory - Returning cached instance of singleton bean 'metaDataSourceAdvisor'
2020-03-14 21:57:17.031 [main] DEBUG o.s.b.f.s.DefaultListableBeanFactory - Returning cached instance of singleton bean 'org.springframework.transaction.config.internalTransactionAdvisor'
2020-03-14 21:57:17.033 [main] DEBUG o.s.b.f.s.DefaultListableBeanFactory - Eagerly caching bean 'management.info-org.springframework.boot.actuate.autoconfigure.info.InfoContributorProperties' to allow for resolving potential circular references
2020-03-14 21:57:17.038 [main] DEBUG o.s.b.f.s.DefaultListableBeanFactory - Returning cached instance of singleton bean 'metaDataSourceAdvisor'
2020-03-14 21:57:17.038 [main] DEBUG o.s.b.f.s.DefaultListableBeanFactory - Returning cached instance of singleton bean 'org.springframework.transaction.config.internalTransactionAdvisor'
2020-03-14 21:57:17.038 [main] DEBUG o.s.b.f.s.DefaultListableBeanFactory - Returning cached instance of singleton bean 'metaDataSourceAdvisor'
2020-03-14 21:57:17.038 [main] DEBUG o.s.b.f.s.DefaultListableBeanFactory - Returning cached instance of singleton bean 'org.springframework.transaction.config.internalTransactionAdvisor'
2020-03-14 21:57:17.038 [main] DEBUG o.s.b.f.s.DefaultListableBeanFactory - Finished creating instance of bean 'management.info-org.springframework.boot.actuate.autoconfigure.info.InfoContributorProperties'
2020-03-14 21:57:17.038 [main] DEBUG o.s.b.f.s.DefaultListableBeanFactory - Autowiring by type from bean name 'org.springframework.boot.actuate.autoconfigure.info.InfoContributorAutoConfiguration' via constructor to bean named 'management.info-org.springframework.boot.actuate.autoconfigure.info.InfoContributorProperties'
2020-03-14 21:57:17.038 [main] DEBUG o.s.b.f.s.DefaultListableBeanFactory - Eagerly caching bean 'org.springframework.boot.actuate.autoconfigure.info.InfoContributorAutoConfiguration' to allow for resolving potential circular references
2020-03-14 21:57:17.053 [main] DEBUG o.s.b.f.s.DefaultListableBeanFactory - Returning cached instance of singleton bean 'metaDataSourceAdvisor'
2020-03-14 21:57:17.053 [main] DEBUG o.s.b.f.s.DefaultListableBeanFactory - Returning cached instance of singleton bean 'org.springframework.transaction.config.internalTransactionAdvisor'
2020-03-14 21:57:17.053 [main] DEBUG o.s.b.f.s.DefaultListableBeanFactory - Returning cached instance of singleton bean 'metaDataSourceAdvisor'
2020-03-14 21:57:17.053 [main] DEBUG o.s.b.f.s.DefaultListableBeanFactory - Returning cached instance of singleton bean 'org.springframework.transaction.config.internalTransactionAdvisor'
2020-03-14 21:57:17.055 [main] DEBUG o.s.b.f.s.DefaultListableBeanFactory - Finished creating instance of bean 'org.springframework.boot.actuate.autoconfigure.info.InfoContributorAutoConfiguration'
2020-03-14 21:57:17.056 [main] DEBUG o.s.b.f.s.DefaultListableBeanFactory - Returning cached instance of singleton bean 'environment'
2020-03-14 21:57:17.056 [main] DEBUG o.s.b.f.s.DefaultListableBeanFactory - Autowiring by type from bean name 'envInfoContributor' via factory method to bean named 'environment'
2020-03-14 21:57:17.061 [main] DEBUG o.s.b.f.s.DefaultListableBeanFactory - Eagerly caching bean 'envInfoContributor' to allow for resolving potential circular references
2020-03-14 21:57:17.070 [main] DEBUG o.s.b.f.s.DefaultListableBeanFactory - Returning cached instance of singleton bean 'metaDataSourceAdvisor'
2020-03-14 21:57:17.070 [main] DEBUG o.s.b.f.s.DefaultListableBeanFactory - Returning cached instance of singleton bean 'org.springframework.transaction.config.internalTransactionAdvisor'
2020-03-14 21:57:17.070 [main] DEBUG o.s.b.f.s.DefaultListableBeanFactory - Returning cached instance of singleton bean 'metaDataSourceAdvisor'
2020-03-14 21:57:17.070 [main] DEBUG o.s.b.f.s.DefaultListableBeanFactory - Returning cached instance of singleton bean 'org.springframework.transaction.config.internalTransactionAdvisor'
2020-03-14 21:57:17.070 [main] DEBUG o.s.b.f.s.DefaultListableBeanFactory - Finished creating instance of bean 'envInfoContributor'
2020-03-14 21:57:17.071 [main] DEBUG o.s.b.f.s.DefaultListableBeanFactory - Eagerly caching bean 'infoEndpoint' to allow for resolving potential circular references
2020-03-14 21:57:17.075 [main] DEBUG o.s.b.f.s.DefaultListableBeanFactory - Returning cached instance of singleton bean 'metaDataSourceAdvisor'
2020-03-14 21:57:17.075 [main] DEBUG o.s.b.f.s.DefaultListableBeanFactory - Returning cached instance of singleton bean 'org.springframework.transaction.config.internalTransactionAdvisor'
2020-03-14 21:57:17.075 [main] DEBUG o.s.b.f.s.DefaultListableBeanFactory - Returning cached instance of singleton bean 'metaDataSourceAdvisor'
2020-03-14 21:57:17.075 [main] DEBUG o.s.b.f.s.DefaultListableBeanFactory - Returning cached instance of singleton bean 'org.springframework.transaction.config.internalTransactionAdvisor'
2020-03-14 21:57:17.080 [main] DEBUG o.s.b.f.s.DefaultListableBeanFactory - Finished creating instance of bean 'infoEndpoint'
2020-03-14 21:57:17.080 [main] DEBUG o.s.b.f.s.DefaultListableBeanFactory - Creating shared instance of singleton bean 'loggersEndpoint'
2020-03-14 21:57:17.080 [main] DEBUG o.s.b.f.s.DefaultListableBeanFactory - Creating instance of bean 'loggersEndpoint'
2020-03-14 21:57:17.081 [main] DEBUG o.s.b.f.s.DefaultListableBeanFactory - Returning cached instance of singleton bean 'metaDataSourceAdvisor'
2020-03-14 21:57:17.081 [main] DEBUG o.s.b.f.s.DefaultListableBeanFactory - Returning cached instance of singleton bean 'org.springframework.transaction.config.internalTransactionAdvisor'
2020-03-14 21:57:17.082 [main] DEBUG o.s.b.f.s.DefaultListableBeanFactory - Creating shared instance of singleton bean 'org.springframework.boot.actuate.autoconfigure.logging.LoggersEndpointAutoConfiguration'
2020-03-14 21:57:17.082 [main] DEBUG o.s.b.f.s.DefaultListableBeanFactory - Creating instance of bean 'org.springframework.boot.actuate.autoconfigure.logging.LoggersEndpointAutoConfiguration'
2020-03-14 21:57:17.082 [main] DEBUG o.s.b.f.s.DefaultListableBeanFactory - Returning cached instance of singleton bean 'metaDataSourceAdvisor'
2020-03-14 21:57:17.082 [main] DEBUG o.s.b.f.s.DefaultListableBeanFactory - Returning cached instance of singleton bean 'org.springframework.transaction.config.internalTransactionAdvisor'
2020-03-14 21:57:17.084 [main] DEBUG o.s.b.f.s.DefaultListableBeanFactory - Eagerly caching bean 'org.springframework.boot.actuate.autoconfigure.logging.LoggersEndpointAutoConfiguration' to allow for resolving potential circular references
2020-03-14 21:57:17.114 [main] DEBUG o.s.b.f.s.DefaultListableBeanFactory - Returning cached instance of singleton bean 'metaDataSourceAdvisor'
2020-03-14 21:57:17.114 [main] DEBUG o.s.b.f.s.DefaultListableBeanFactory - Returning cached instance of singleton bean 'org.springframework.transaction.config.internalTransactionAdvisor'
2020-03-14 21:57:17.114 [main] DEBUG o.s.b.f.s.DefaultListableBeanFactory - Returning cached instance of singleton bean 'metaDataSourceAdvisor'
2020-03-14 21:57:17.114 [main] DEBUG o.s.b.f.s.DefaultListableBeanFactory - Returning cached instance of singleton bean 'org.springframework.transaction.config.internalTransactionAdvisor'
2020-03-14 21:57:17.116 [main] DEBUG o.s.b.f.s.DefaultListableBeanFactory - Finished creating instance of bean 'org.springframework.boot.actuate.autoconfigure.logging.LoggersEndpointAutoConfiguration'
2020-03-14 21:57:17.124 [main] DEBUG o.s.b.f.s.DefaultListableBeanFactory - Returning cached instance of singleton bean 'springBootLoggingSystem'
2020-03-14 21:57:17.124 [main] DEBUG o.s.b.f.s.DefaultListableBeanFactory - Autowiring by type from bean name 'loggersEndpoint' via factory method to bean named 'springBootLoggingSystem'
2020-03-14 21:57:17.136 [main] DEBUG o.s.b.f.s.DefaultListableBeanFactory - Eagerly caching bean 'loggersEndpoint' to allow for resolving potential circular references
2020-03-14 21:57:17.140 [main] DEBUG o.s.b.f.s.DefaultListableBeanFactory - Returning cached instance of singleton bean 'metaDataSourceAdvisor'
2020-03-14 21:57:17.140 [main] DEBUG o.s.b.f.s.DefaultListableBeanFactory - Returning cached instance of singleton bean 'org.springframework.transaction.config.internalTransactionAdvisor'
2020-03-14 21:57:17.140 [main] DEBUG o.s.b.f.s.DefaultListableBeanFactory - Returning cached instance of singleton bean 'metaDataSourceAdvisor'
2020-03-14 21:57:17.140 [main] DEBUG o.s.b.f.s.DefaultListableBeanFactory - Returning cached instance of singleton bean 'org.springframework.transaction.config.internalTransactionAdvisor'
2020-03-14 21:57:17.141 [main] DEBUG o.s.b.f.s.DefaultListableBeanFactory - Finished creating instance of bean 'loggersEndpoint'
2020-03-14 21:57:17.141 [main] DEBUG o.s.b.f.s.DefaultListableBeanFactory - Creating shared instance of singleton bean 'heapDumpWebEndpoint'
2020-03-14 21:57:17.141 [main] DEBUG o.s.b.f.s.DefaultListableBeanFactory - Creating instance of bean 'heapDumpWebEndpoint'
2020-03-14 21:57:17.141 [main] DEBUG o.s.b.f.s.DefaultListableBeanFactory - Returning cached instance of singleton bean 'metaDataSourceAdvisor'
2020-03-14 21:57:17.141 [main] DEBUG o.s.b.f.s.DefaultListableBeanFactory - Returning cached instance of singleton bean 'org.springframework.transaction.config.internalTransactionAdvisor'
2020-03-14 21:57:17.141 [main] DEBUG o.s.b.f.s.DefaultListableBeanFactory - Creating shared instance of singleton bean 'org.springframework.boot.actuate.autoconfigure.management.HeapDumpWebEndpointAutoConfiguration'
2020-03-14 21:57:17.141 [main] DEBUG o.s.b.f.s.DefaultListableBeanFactory - Creating instance of bean 'org.springframework.boot.actuate.autoconfigure.management.HeapDumpWebEndpointAutoConfiguration'
2020-03-14 21:57:17.141 [main] DEBUG o.s.b.f.s.DefaultListableBeanFactory - Returning cached instance of singleton bean 'metaDataSourceAdvisor'
2020-03-14 21:57:17.141 [main] DEBUG o.s.b.f.s.DefaultListableBeanFactory - Returning cached instance of singleton bean 'org.springframework.transaction.config.internalTransactionAdvisor'
2020-03-14 21:57:17.142 [main] DEBUG o.s.b.f.s.DefaultListableBeanFactory - Eagerly caching bean 'org.springframework.boot.actuate.autoconfigure.management.HeapDumpWebEndpointAutoConfiguration' to allow for resolving potential circular references
2020-03-14 21:57:17.151 [main] DEBUG o.s.b.f.s.DefaultListableBeanFactory - Returning cached instance of singleton bean 'metaDataSourceAdvisor'
2020-03-14 21:57:17.152 [main] DEBUG o.s.b.f.s.DefaultListableBeanFactory - Returning cached instance of singleton bean 'org.springframework.transaction.config.internalTransactionAdvisor'
2020-03-14 21:57:17.152 [main] DEBUG o.s.b.f.s.DefaultListableBeanFactory - Returning cached instance of singleton bean 'metaDataSourceAdvisor'
2020-03-14 21:57:17.152 [main] DEBUG o.s.b.f.s.DefaultListableBeanFactory - Returning cached instance of singleton bean 'org.springframework.transaction.config.internalTransactionAdvisor'
2020-03-14 21:57:17.152 [main] DEBUG o.s.b.f.s.DefaultListableBeanFactory - Finished creating instance of bean 'org.springframework.boot.actuate.autoconfigure.management.HeapDumpWebEndpointAutoConfiguration'
2020-03-14 21:57:17.164 [main] DEBUG o.s.b.f.s.DefaultListableBeanFactory - Eagerly caching bean 'heapDumpWebEndpoint' to allow for resolving potential circular references
2020-03-14 21:57:17.176 [main] DEBUG o.s.b.f.s.DefaultListableBeanFactory - Returning cached instance of singleton bean 'metaDataSourceAdvisor'
2020-03-14 21:57:17.176 [main] DEBUG o.s.b.f.s.DefaultListableBeanFactory - Returning cached instance of singleton bean 'org.springframework.transaction.config.internalTransactionAdvisor'
2020-03-14 21:57:17.176 [main] DEBUG o.s.b.f.s.DefaultListableBeanFactory - Returning cached instance of singleton bean 'metaDataSourceAdvisor'
2020-03-14 21:57:17.176 [main] DEBUG o.s.b.f.s.DefaultListableBeanFactory - Returning cached instance of singleton bean 'org.springframework.transaction.config.internalTransactionAdvisor'
2020-03-14 21:57:17.179 [main] DEBUG o.s.b.f.s.DefaultListableBeanFactory - Finished creating instance of bean 'heapDumpWebEndpoint'
2020-03-14 21:57:17.180 [main] DEBUG o.s.b.f.s.DefaultListableBeanFactory - Creating shared instance of singleton bean 'dumpEndpoint'
2020-03-14 21:57:17.180 [main] DEBUG o.s.b.f.s.DefaultListableBeanFactory - Creating instance of bean 'dumpEndpoint'
2020-03-14 21:57:17.180 [main] DEBUG o.s.b.f.s.DefaultListableBeanFactory - Returning cached instance of singleton bean 'metaDataSourceAdvisor'
2020-03-14 21:57:17.180 [main] DEBUG o.s.b.f.s.DefaultListableBeanFactory - Returning cached instance of singleton bean 'org.springframework.transaction.config.internalTransactionAdvisor'
2020-03-14 21:57:17.180 [main] DEBUG o.s.b.f.s.DefaultListableBeanFactory - Creating shared instance of singleton bean 'org.springframework.boot.actuate.autoconfigure.management.ThreadDumpEndpointAutoConfiguration'
2020-03-14 21:57:17.180 [main] DEBUG o.s.b.f.s.DefaultListableBeanFactory - Creating instance of bean 'org.springframework.boot.actuate.autoconfigure.management.ThreadDumpEndpointAutoConfiguration'
2020-03-14 21:57:17.181 [main] DEBUG o.s.b.f.s.DefaultListableBeanFactory - Returning cached instance of singleton bean 'metaDataSourceAdvisor'
2020-03-14 21:57:17.181 [main] DEBUG o.s.b.f.s.DefaultListableBeanFactory - Returning cached instance of singleton bean 'org.springframework.transaction.config.internalTransactionAdvisor'
2020-03-14 21:57:17.181 [main] DEBUG o.s.b.f.s.DefaultListableBeanFactory - Eagerly caching bean 'org.springframework.boot.actuate.autoconfigure.management.ThreadDumpEndpointAutoConfiguration' to allow for resolving potential circular references
2020-03-14 21:57:17.188 [main] DEBUG o.s.b.f.s.DefaultListableBeanFactory - Returning cached instance of singleton bean 'metaDataSourceAdvisor'
2020-03-14 21:57:17.188 [main] DEBUG o.s.b.f.s.DefaultListableBeanFactory - Returning cached instance of singleton bean 'org.springframework.transaction.config.internalTransactionAdvisor'
2020-03-14 21:57:17.188 [main] DEBUG o.s.b.f.s.DefaultListableBeanFactory - Returning cached instance of singleton bean 'metaDataSourceAdvisor'
2020-03-14 21:57:17.188 [main] DEBUG o.s.b.f.s.DefaultListableBeanFactory - Returning cached instance of singleton bean 'org.springframework.transaction.config.internalTransactionAdvisor'
2020-03-14 21:57:17.189 [main] DEBUG o.s.b.f.s.DefaultListableBeanFactory - Finished creating instance of bean 'org.springframework.boot.actuate.autoconfigure.management.ThreadDumpEndpointAutoConfiguration'
2020-03-14 21:57:17.192 [main] DEBUG o.s.b.f.s.DefaultListableBeanFactory - Eagerly caching bean 'dumpEndpoint' to allow for resolving potential circular references
2020-03-14 21:57:17.195 [main] DEBUG o.s.b.f.s.DefaultListableBeanFactory - Returning cached instance of singleton bean 'metaDataSourceAdvisor'
2020-03-14 21:57:17.195 [main] DEBUG o.s.b.f.s.DefaultListableBeanFactory - Returning cached instance of singleton bean 'org.springframework.transaction.config.internalTransactionAdvisor'
2020-03-14 21:57:17.195 [main] DEBUG o.s.b.f.s.DefaultListableBeanFactory - Returning cached instance of singleton bean 'metaDataSourceAdvisor'
2020-03-14 21:57:17.195 [main] DEBUG o.s.b.f.s.DefaultListableBeanFactory - Returning cached instance of singleton bean 'org.springframework.transaction.config.internalTransactionAdvisor'
2020-03-14 21:57:17.196 [main] DEBUG o.s.b.f.s.DefaultListableBeanFactory - Finished creating instance of bean 'dumpEndpoint'
2020-03-14 21:57:17.196 [main] DEBUG o.s.b.f.s.DefaultListableBeanFactory - Creating shared instance of singleton bean 'metricsEndpoint'
2020-03-14 21:57:17.196 [main] DEBUG o.s.b.f.s.DefaultListableBeanFactory - Creating instance of bean 'metricsEndpoint'
2020-03-14 21:57:17.196 [main] DEBUG o.s.b.f.s.DefaultListableBeanFactory - Returning cached instance of singleton bean 'metaDataSourceAdvisor'
2020-03-14 21:57:17.196 [main] DEBUG o.s.b.f.s.DefaultListableBeanFactory - Returning cached instance of singleton bean 'org.springframework.transaction.config.internalTransactionAdvisor'
2020-03-14 21:57:17.196 [main] DEBUG o.s.b.f.s.DefaultListableBeanFactory - Creating shared instance of singleton bean 'org.springframework.boot.actuate.autoconfigure.metrics.MetricsEndpointAutoConfiguration'
2020-03-14 21:57:17.196 [main] DEBUG o.s.b.f.s.DefaultListableBeanFactory - Creating instance of bean 'org.springframework.boot.actuate.autoconfigure.metrics.MetricsEndpointAutoConfiguration'
2020-03-14 21:57:17.196 [main] DEBUG o.s.b.f.s.DefaultListableBeanFactory - Returning cached instance of singleton bean 'metaDataSourceAdvisor'
2020-03-14 21:57:17.196 [main] DEBUG o.s.b.f.s.DefaultListableBeanFactory - Returning cached instance of singleton bean 'org.springframework.transaction.config.internalTransactionAdvisor'
2020-03-14 21:57:17.197 [main] DEBUG o.s.b.f.s.DefaultListableBeanFactory - Eagerly caching bean 'org.springframework.boot.actuate.autoconfigure.metrics.MetricsEndpointAutoConfiguration' to allow for resolving potential circular references
2020-03-14 21:57:17.202 [main] DEBUG o.s.b.f.s.DefaultListableBeanFactory - Returning cached instance of singleton bean 'metaDataSourceAdvisor'
2020-03-14 21:57:17.202 [main] DEBUG o.s.b.f.s.DefaultListableBeanFactory - Returning cached instance of singleton bean 'org.springframework.transaction.config.internalTransactionAdvisor'
2020-03-14 21:57:17.202 [main] DEBUG o.s.b.f.s.DefaultListableBeanFactory - Returning cached instance of singleton bean 'metaDataSourceAdvisor'
2020-03-14 21:57:17.202 [main] DEBUG o.s.b.f.s.DefaultListableBeanFactory - Returning cached instance of singleton bean 'org.springframework.transaction.config.internalTransactionAdvisor'
2020-03-14 21:57:17.203 [main] DEBUG o.s.b.f.s.DefaultListableBeanFactory - Finished creating instance of bean 'org.springframework.boot.actuate.autoconfigure.metrics.MetricsEndpointAutoConfiguration'
2020-03-14 21:57:17.206 [main] DEBUG o.s.b.f.s.DefaultListableBeanFactory - Creating shared instance of singleton bean 'simpleMeterRegistry'
2020-03-14 21:57:17.206 [main] DEBUG o.s.b.f.s.DefaultListableBeanFactory - Creating instance of bean 'simpleMeterRegistry'
2020-03-14 21:57:17.206 [main] DEBUG o.s.b.f.s.DefaultListableBeanFactory - Returning cached instance of singleton bean 'metaDataSourceAdvisor'
2020-03-14 21:57:17.206 [main] DEBUG o.s.b.f.s.DefaultListableBeanFactory - Returning cached instance of singleton bean 'org.springframework.transaction.config.internalTransactionAdvisor'
2020-03-14 21:57:17.206 [main] DEBUG o.s.b.f.s.DefaultListableBeanFactory - Creating shared instance of singleton bean 'org.springframework.boot.actuate.autoconfigure.metrics.export.simple.SimpleMetricsExportAutoConfiguration'
2020-03-14 21:57:17.206 [main] DEBUG o.s.b.f.s.DefaultListableBeanFactory - Creating instance of bean 'org.springframework.boot.actuate.autoconfigure.metrics.export.simple.SimpleMetricsExportAutoConfiguration'
2020-03-14 21:57:17.206 [main] DEBUG o.s.b.f.s.DefaultListableBeanFactory - Returning cached instance of singleton bean 'metaDataSourceAdvisor'
2020-03-14 21:57:17.206 [main] DEBUG o.s.b.f.s.DefaultListableBeanFactory - Returning cached instance of singleton bean 'org.springframework.transaction.config.internalTransactionAdvisor'
2020-03-14 21:57:17.206 [main] DEBUG o.s.b.f.s.DefaultListableBeanFactory - Eagerly caching bean 'org.springframework.boot.actuate.autoconfigure.metrics.export.simple.SimpleMetricsExportAutoConfiguration' to allow for resolving potential circular references
2020-03-14 21:57:17.213 [main] DEBUG o.s.b.f.s.DefaultListableBeanFactory - Returning cached instance of singleton bean 'metaDataSourceAdvisor'
2020-03-14 21:57:17.214 [main] DEBUG o.s.b.f.s.DefaultListableBeanFactory - Returning cached instance of singleton bean 'org.springframework.transaction.config.internalTransactionAdvisor'
2020-03-14 21:57:17.214 [main] DEBUG o.s.b.f.s.DefaultListableBeanFactory - Returning cached instance of singleton bean 'metaDataSourceAdvisor'
2020-03-14 21:57:17.214 [main] DEBUG o.s.b.f.s.DefaultListableBeanFactory - Returning cached instance of singleton bean 'org.springframework.transaction.config.internalTransactionAdvisor'
2020-03-14 21:57:17.215 [main] DEBUG o.s.b.f.s.DefaultListableBeanFactory - Finished creating instance of bean 'org.springframework.boot.actuate.autoconfigure.metrics.export.simple.SimpleMetricsExportAutoConfiguration'
2020-03-14 21:57:17.220 [main] DEBUG o.s.b.f.s.DefaultListableBeanFactory - Creating shared instance of singleton bean 'simpleConfig'
2020-03-14 21:57:17.220 [main] DEBUG o.s.b.f.s.DefaultListableBeanFactory - Creating instance of bean 'simpleConfig'
2020-03-14 21:57:17.221 [main] DEBUG o.s.b.f.s.DefaultListableBeanFactory - Returning cached instance of singleton bean 'metaDataSourceAdvisor'
2020-03-14 21:57:17.221 [main] DEBUG o.s.b.f.s.DefaultListableBeanFactory - Returning cached instance of singleton bean 'org.springframework.transaction.config.internalTransactionAdvisor'
2020-03-14 21:57:17.222 [main] DEBUG o.s.b.f.s.DefaultListableBeanFactory - Returning cached instance of singleton bean 'org.springframework.boot.actuate.autoconfigure.metrics.export.simple.SimpleMetricsExportAutoConfiguration'
2020-03-14 21:57:17.227 [main] DEBUG o.s.b.f.s.DefaultListableBeanFactory - Creating shared instance of singleton bean 'management.metrics.export.simple-org.springframework.boot.actuate.autoconfigure.metrics.export.simple.SimpleProperties'
2020-03-14 21:57:17.228 [main] DEBUG o.s.b.f.s.DefaultListableBeanFactory - Creating instance of bean 'management.metrics.export.simple-org.springframework.boot.actuate.autoconfigure.metrics.export.simple.SimpleProperties'
2020-03-14 21:57:17.228 [main] DEBUG o.s.b.f.s.DefaultListableBeanFactory - Returning cached instance of singleton bean 'metaDataSourceAdvisor'
2020-03-14 21:57:17.229 [main] DEBUG o.s.b.f.s.DefaultListableBeanFactory - Returning cached instance of singleton bean 'org.springframework.transaction.config.internalTransactionAdvisor'
2020-03-14 21:57:17.231 [main] DEBUG o.s.b.f.s.DefaultListableBeanFactory - Eagerly caching bean 'management.metrics.export.simple-org.springframework.boot.actuate.autoconfigure.metrics.export.simple.SimpleProperties' to allow for resolving potential circular references
2020-03-14 21:57:17.241 [main] DEBUG o.s.b.f.s.DefaultListableBeanFactory - Returning cached instance of singleton bean 'metaDataSourceAdvisor'
2020-03-14 21:57:17.241 [main] DEBUG o.s.b.f.s.DefaultListableBeanFactory - Returning cached instance of singleton bean 'org.springframework.transaction.config.internalTransactionAdvisor'
2020-03-14 21:57:17.241 [main] DEBUG o.s.b.f.s.DefaultListableBeanFactory - Returning cached instance of singleton bean 'metaDataSourceAdvisor'
2020-03-14 21:57:17.241 [main] DEBUG o.s.b.f.s.DefaultListableBeanFactory - Returning cached instance of singleton bean 'org.springframework.transaction.config.internalTransactionAdvisor'
2020-03-14 21:57:17.242 [main] DEBUG o.s.b.f.s.DefaultListableBeanFactory - Finished creating instance of bean 'management.metrics.export.simple-org.springframework.boot.actuate.autoconfigure.metrics.export.simple.SimpleProperties'
2020-03-14 21:57:17.242 [main] DEBUG o.s.b.f.s.DefaultListableBeanFactory - Autowiring by type from bean name 'simpleConfig' via factory method to bean named 'management.metrics.export.simple-org.springframework.boot.actuate.autoconfigure.metrics.export.simple.SimpleProperties'
2020-03-14 21:57:17.252 [main] DEBUG o.s.b.f.s.DefaultListableBeanFactory - Eagerly caching bean 'simpleConfig' to allow for resolving potential circular references
2020-03-14 21:57:17.259 [main] DEBUG o.s.b.f.s.DefaultListableBeanFactory - Returning cached instance of singleton bean 'metaDataSourceAdvisor'
2020-03-14 21:57:17.259 [main] DEBUG o.s.b.f.s.DefaultListableBeanFactory - Returning cached instance of singleton bean 'org.springframework.transaction.config.internalTransactionAdvisor'
2020-03-14 21:57:17.259 [main] DEBUG o.s.b.f.s.DefaultListableBeanFactory - Returning cached instance of singleton bean 'metaDataSourceAdvisor'
2020-03-14 21:57:17.259 [main] DEBUG o.s.b.f.s.DefaultListableBeanFactory - Returning cached instance of singleton bean 'org.springframework.transaction.config.internalTransactionAdvisor'
2020-03-14 21:57:17.268 [main] DEBUG o.s.b.f.s.DefaultListableBeanFactory - Finished creating instance of bean 'simpleConfig'
2020-03-14 21:57:17.272 [main] DEBUG o.s.b.f.s.DefaultListableBeanFactory - Creating shared instance of singleton bean 'micrometerClock'
2020-03-14 21:57:17.272 [main] DEBUG o.s.b.f.s.DefaultListableBeanFactory - Creating instance of bean 'micrometerClock'
2020-03-14 21:57:17.272 [main] DEBUG o.s.b.f.s.DefaultListableBeanFactory - Returning cached instance of singleton bean 'metaDataSourceAdvisor'
2020-03-14 21:57:17.273 [main] DEBUG o.s.b.f.s.DefaultListableBeanFactory - Returning cached instance of singleton bean 'org.springframework.transaction.config.internalTransactionAdvisor'
2020-03-14 21:57:17.273 [main] DEBUG o.s.b.f.s.DefaultListableBeanFactory - Creating shared instance of singleton bean 'org.springframework.boot.actuate.autoconfigure.metrics.MetricsAutoConfiguration'
2020-03-14 21:57:17.273 [main] DEBUG o.s.b.f.s.DefaultListableBeanFactory - Creating instance of bean 'org.springframework.boot.actuate.autoconfigure.metrics.MetricsAutoConfiguration'
2020-03-14 21:57:17.273 [main] DEBUG o.s.b.f.s.DefaultListableBeanFactory - Returning cached instance of singleton bean 'metaDataSourceAdvisor'
2020-03-14 21:57:17.273 [main] DEBUG o.s.b.f.s.DefaultListableBeanFactory - Returning cached instance of singleton bean 'org.springframework.transaction.config.internalTransactionAdvisor'
2020-03-14 21:57:17.274 [main] DEBUG o.s.b.f.s.DefaultListableBeanFactory - Eagerly caching bean 'org.springframework.boot.actuate.autoconfigure.metrics.MetricsAutoConfiguration' to allow for resolving potential circular references
2020-03-14 21:57:17.289 [main] DEBUG o.s.b.f.s.DefaultListableBeanFactory - Returning cached instance of singleton bean 'metaDataSourceAdvisor'
2020-03-14 21:57:17.290 [main] DEBUG o.s.b.f.s.DefaultListableBeanFactory - Returning cached instance of singleton bean 'org.springframework.transaction.config.internalTransactionAdvisor'
2020-03-14 21:57:17.290 [main] DEBUG o.s.b.f.s.DefaultListableBeanFactory - Returning cached instance of singleton bean 'metaDataSourceAdvisor'
2020-03-14 21:57:17.290 [main] DEBUG o.s.b.f.s.DefaultListableBeanFactory - Returning cached instance of singleton bean 'org.springframework.transaction.config.internalTransactionAdvisor'
2020-03-14 21:57:17.294 [main] DEBUG o.s.b.f.s.DefaultListableBeanFactory - Finished creating instance of bean 'org.springframework.boot.actuate.autoconfigure.metrics.MetricsAutoConfiguration'
2020-03-14 21:57:17.310 [main] DEBUG o.s.b.f.s.DefaultListableBeanFactory - Eagerly caching bean 'micrometerClock' to allow for resolving potential circular references
2020-03-14 21:57:17.316 [main] DEBUG o.s.b.f.s.DefaultListableBeanFactory - Returning cached instance of singleton bean 'metaDataSourceAdvisor'
2020-03-14 21:57:17.316 [main] DEBUG o.s.b.f.s.DefaultListableBeanFactory - Returning cached instance of singleton bean 'org.springframework.transaction.config.internalTransactionAdvisor'
2020-03-14 21:57:17.316 [main] DEBUG o.s.b.f.s.DefaultListableBeanFactory - Returning cached instance of singleton bean 'metaDataSourceAdvisor'
2020-03-14 21:57:17.316 [main] DEBUG o.s.b.f.s.DefaultListableBeanFactory - Returning cached instance of singleton bean 'org.springframework.transaction.config.internalTransactionAdvisor'
2020-03-14 21:57:17.317 [main] DEBUG o.s.b.f.s.DefaultListableBeanFactory - Finished creating instance of bean 'micrometerClock'
2020-03-14 21:57:17.317 [main] DEBUG o.s.b.f.s.DefaultListableBeanFactory - Autowiring by type from bean name 'simpleMeterRegistry' via factory method to bean named 'simpleConfig'
2020-03-14 21:57:17.317 [main] DEBUG o.s.b.f.s.DefaultListableBeanFactory - Autowiring by type from bean name 'simpleMeterRegistry' via factory method to bean named 'micrometerClock'
2020-03-14 21:57:17.365 [main] DEBUG o.s.b.f.s.DefaultListableBeanFactory - Eagerly caching bean 'simpleMeterRegistry' to allow for resolving potential circular references
2020-03-14 21:57:17.382 [main] DEBUG o.s.b.f.s.DefaultListableBeanFactory - Returning cached instance of singleton bean 'metaDataSourceAdvisor'
2020-03-14 21:57:17.382 [main] DEBUG o.s.b.f.s.DefaultListableBeanFactory - Returning cached instance of singleton bean 'org.springframework.transaction.config.internalTransactionAdvisor'
2020-03-14 21:57:17.382 [main] DEBUG o.s.b.f.s.DefaultListableBeanFactory - Returning cached instance of singleton bean 'metaDataSourceAdvisor'
2020-03-14 21:57:17.382 [main] DEBUG o.s.b.f.s.DefaultListableBeanFactory - Returning cached instance of singleton bean 'org.springframework.transaction.config.internalTransactionAdvisor'
2020-03-14 21:57:17.387 [main] DEBUG o.s.b.f.s.DefaultListableBeanFactory - Creating shared instance of singleton bean 'logbackMetrics'
2020-03-14 21:57:17.387 [main] DEBUG o.s.b.f.s.DefaultListableBeanFactory - Creating instance of bean 'logbackMetrics'
2020-03-14 21:57:17.388 [main] DEBUG o.s.b.f.s.DefaultListableBeanFactory - Returning cached instance of singleton bean 'metaDataSourceAdvisor'
2020-03-14 21:57:17.388 [main] DEBUG o.s.b.f.s.DefaultListableBeanFactory - Returning cached instance of singleton bean 'org.springframework.transaction.config.internalTransactionAdvisor'
2020-03-14 21:57:17.388 [main] DEBUG o.s.b.f.s.DefaultListableBeanFactory - Creating shared instance of singleton bean 'org.springframework.boot.actuate.autoconfigure.metrics.MetricsAutoConfiguration$MeterBindersConfiguration'
2020-03-14 21:57:17.388 [main] DEBUG o.s.b.f.s.DefaultListableBeanFactory - Creating instance of bean 'org.springframework.boot.actuate.autoconfigure.metrics.MetricsAutoConfiguration$MeterBindersConfiguration'
2020-03-14 21:57:17.388 [main] DEBUG o.s.b.f.s.DefaultListableBeanFactory - Returning cached instance of singleton bean 'metaDataSourceAdvisor'
2020-03-14 21:57:17.388 [main] DEBUG o.s.b.f.s.DefaultListableBeanFactory - Returning cached instance of singleton bean 'org.springframework.transaction.config.internalTransactionAdvisor'
2020-03-14 21:57:17.388 [main] DEBUG o.s.b.f.s.DefaultListableBeanFactory - Eagerly caching bean 'org.springframework.boot.actuate.autoconfigure.metrics.MetricsAutoConfiguration$MeterBindersConfiguration' to allow for resolving potential circular references
2020-03-14 21:57:17.397 [main] DEBUG o.s.b.f.s.DefaultListableBeanFactory - Returning cached instance of singleton bean 'metaDataSourceAdvisor'
2020-03-14 21:57:17.397 [main] DEBUG o.s.b.f.s.DefaultListableBeanFactory - Returning cached instance of singleton bean 'org.springframework.transaction.config.internalTransactionAdvisor'
2020-03-14 21:57:17.397 [main] DEBUG o.s.b.f.s.DefaultListableBeanFactory - Returning cached instance of singleton bean 'metaDataSourceAdvisor'
2020-03-14 21:57:17.397 [main] DEBUG o.s.b.f.s.DefaultListableBeanFactory - Returning cached instance of singleton bean 'org.springframework.transaction.config.internalTransactionAdvisor'
2020-03-14 21:57:17.399 [main] DEBUG o.s.b.f.s.DefaultListableBeanFactory - Finished creating instance of bean 'org.springframework.boot.actuate.autoconfigure.metrics.MetricsAutoConfiguration$MeterBindersConfiguration'
2020-03-14 21:57:17.407 [main] DEBUG o.s.b.f.s.DefaultListableBeanFactory - Eagerly caching bean 'logbackMetrics' to allow for resolving potential circular references
2020-03-14 21:57:17.412 [main] DEBUG o.s.b.f.s.DefaultListableBeanFactory - Returning cached instance of singleton bean 'metaDataSourceAdvisor'
2020-03-14 21:57:17.412 [main] DEBUG o.s.b.f.s.DefaultListableBeanFactory - Returning cached instance of singleton bean 'org.springframework.transaction.config.internalTransactionAdvisor'
2020-03-14 21:57:17.412 [main] DEBUG o.s.b.f.s.DefaultListableBeanFactory - Returning cached instance of singleton bean 'metaDataSourceAdvisor'
2020-03-14 21:57:17.412 [main] DEBUG o.s.b.f.s.DefaultListableBeanFactory - Returning cached instance of singleton bean 'org.springframework.transaction.config.internalTransactionAdvisor'
2020-03-14 21:57:17.413 [main] DEBUG o.s.b.f.s.DefaultListableBeanFactory - Finished creating instance of bean 'logbackMetrics'
2020-03-14 21:57:17.414 [main] DEBUG o.s.b.f.s.DefaultListableBeanFactory - Creating shared instance of singleton bean 'uptimeMetrics'
2020-03-14 21:57:17.414 [main] DEBUG o.s.b.f.s.DefaultListableBeanFactory - Creating instance of bean 'uptimeMetrics'
2020-03-14 21:57:17.414 [main] DEBUG o.s.b.f.s.DefaultListableBeanFactory - Returning cached instance of singleton bean 'metaDataSourceAdvisor'
2020-03-14 21:57:17.414 [main] DEBUG o.s.b.f.s.DefaultListableBeanFactory - Returning cached instance of singleton bean 'org.springframework.transaction.config.internalTransactionAdvisor'
2020-03-14 21:57:17.414 [main] DEBUG o.s.b.f.s.DefaultListableBeanFactory - Returning cached instance of singleton bean 'org.springframework.boot.actuate.autoconfigure.metrics.MetricsAutoConfiguration$MeterBindersConfiguration'
2020-03-14 21:57:17.415 [main] DEBUG o.s.b.f.s.DefaultListableBeanFactory - Eagerly caching bean 'uptimeMetrics' to allow for resolving potential circular references
2020-03-14 21:57:17.427 [main] DEBUG o.s.b.f.s.DefaultListableBeanFactory - Returning cached instance of singleton bean 'metaDataSourceAdvisor'
2020-03-14 21:57:17.427 [main] DEBUG o.s.b.f.s.DefaultListableBeanFactory - Returning cached instance of singleton bean 'org.springframework.transaction.config.internalTransactionAdvisor'
2020-03-14 21:57:17.427 [main] DEBUG o.s.b.f.s.DefaultListableBeanFactory - Returning cached instance of singleton bean 'metaDataSourceAdvisor'
2020-03-14 21:57:17.427 [main] DEBUG o.s.b.f.s.DefaultListableBeanFactory - Returning cached instance of singleton bean 'org.springframework.transaction.config.internalTransactionAdvisor'
2020-03-14 21:57:17.429 [main] DEBUG o.s.b.f.s.DefaultListableBeanFactory - Finished creating instance of bean 'uptimeMetrics'
2020-03-14 21:57:17.429 [main] DEBUG o.s.b.f.s.DefaultListableBeanFactory - Creating shared instance of singleton bean 'processorMetrics'
2020-03-14 21:57:17.429 [main] DEBUG o.s.b.f.s.DefaultListableBeanFactory - Creating instance of bean 'processorMetrics'
2020-03-14 21:57:17.429 [main] DEBUG o.s.b.f.s.DefaultListableBeanFactory - Returning cached instance of singleton bean 'metaDataSourceAdvisor'
2020-03-14 21:57:17.429 [main] DEBUG o.s.b.f.s.DefaultListableBeanFactory - Returning cached instance of singleton bean 'org.springframework.transaction.config.internalTransactionAdvisor'
2020-03-14 21:57:17.429 [main] DEBUG o.s.b.f.s.DefaultListableBeanFactory - Returning cached instance of singleton bean 'org.springframework.boot.actuate.autoconfigure.metrics.MetricsAutoConfiguration$MeterBindersConfiguration'
2020-03-14 21:57:17.432 [main] DEBUG o.s.b.f.s.DefaultListableBeanFactory - Eagerly caching bean 'processorMetrics' to allow for resolving potential circular references
2020-03-14 21:57:17.439 [main] DEBUG o.s.b.f.s.DefaultListableBeanFactory - Returning cached instance of singleton bean 'metaDataSourceAdvisor'
2020-03-14 21:57:17.439 [main] DEBUG o.s.b.f.s.DefaultListableBeanFactory - Returning cached instance of singleton bean 'org.springframework.transaction.config.internalTransactionAdvisor'
2020-03-14 21:57:17.439 [main] DEBUG o.s.b.f.s.DefaultListableBeanFactory - Returning cached instance of singleton bean 'metaDataSourceAdvisor'
2020-03-14 21:57:17.439 [main] DEBUG o.s.b.f.s.DefaultListableBeanFactory - Returning cached instance of singleton bean 'org.springframework.transaction.config.internalTransactionAdvisor'
2020-03-14 21:57:17.440 [main] DEBUG o.s.b.f.s.DefaultListableBeanFactory - Finished creating instance of bean 'processorMetrics'
2020-03-14 21:57:17.440 [main] DEBUG o.s.b.f.s.DefaultListableBeanFactory - Creating shared instance of singleton bean 'fileDescriptorMetrics'
2020-03-14 21:57:17.440 [main] DEBUG o.s.b.f.s.DefaultListableBeanFactory - Creating instance of bean 'fileDescriptorMetrics'
2020-03-14 21:57:17.440 [main] DEBUG o.s.b.f.s.DefaultListableBeanFactory - Returning cached instance of singleton bean 'metaDataSourceAdvisor'
2020-03-14 21:57:17.440 [main] DEBUG o.s.b.f.s.DefaultListableBeanFactory - Returning cached instance of singleton bean 'org.springframework.transaction.config.internalTransactionAdvisor'
2020-03-14 21:57:17.440 [main] DEBUG o.s.b.f.s.DefaultListableBeanFactory - Returning cached instance of singleton bean 'org.springframework.boot.actuate.autoconfigure.metrics.MetricsAutoConfiguration$MeterBindersConfiguration'
2020-03-14 21:57:17.442 [main] DEBUG o.s.b.f.s.DefaultListableBeanFactory - Eagerly caching bean 'fileDescriptorMetrics' to allow for resolving potential circular references
2020-03-14 21:57:17.449 [main] DEBUG o.s.b.f.s.DefaultListableBeanFactory - Returning cached instance of singleton bean 'metaDataSourceAdvisor'
2020-03-14 21:57:17.449 [main] DEBUG o.s.b.f.s.DefaultListableBeanFactory - Returning cached instance of singleton bean 'org.springframework.transaction.config.internalTransactionAdvisor'
2020-03-14 21:57:17.449 [main] DEBUG o.s.b.f.s.DefaultListableBeanFactory - Returning cached instance of singleton bean 'metaDataSourceAdvisor'
2020-03-14 21:57:17.450 [main] DEBUG o.s.b.f.s.DefaultListableBeanFactory - Returning cached instance of singleton bean 'org.springframework.transaction.config.internalTransactionAdvisor'
2020-03-14 21:57:17.452 [main] DEBUG o.s.b.f.s.DefaultListableBeanFactory - Finished creating instance of bean 'fileDescriptorMetrics'
2020-03-14 21:57:17.452 [main] DEBUG o.s.b.f.s.DefaultListableBeanFactory - Creating shared instance of singleton bean 'jvmGcMetrics'
2020-03-14 21:57:17.452 [main] DEBUG o.s.b.f.s.DefaultListableBeanFactory - Creating instance of bean 'jvmGcMetrics'
2020-03-14 21:57:17.453 [main] DEBUG o.s.b.f.s.DefaultListableBeanFactory - Returning cached instance of singleton bean 'metaDataSourceAdvisor'
2020-03-14 21:57:17.453 [main] DEBUG o.s.b.f.s.DefaultListableBeanFactory - Returning cached instance of singleton bean 'org.springframework.transaction.config.internalTransactionAdvisor'
2020-03-14 21:57:17.453 [main] DEBUG o.s.b.f.s.DefaultListableBeanFactory - Creating shared instance of singleton bean 'org.springframework.boot.actuate.autoconfigure.metrics.MetricsAutoConfiguration$JvmMeterBindersConfiguration'
2020-03-14 21:57:17.453 [main] DEBUG o.s.b.f.s.DefaultListableBeanFactory - Creating instance of bean 'org.springframework.boot.actuate.autoconfigure.metrics.MetricsAutoConfiguration$JvmMeterBindersConfiguration'
2020-03-14 21:57:17.453 [main] DEBUG o.s.b.f.s.DefaultListableBeanFactory - Returning cached instance of singleton bean 'metaDataSourceAdvisor'
2020-03-14 21:57:17.453 [main] DEBUG o.s.b.f.s.DefaultListableBeanFactory - Returning cached instance of singleton bean 'org.springframework.transaction.config.internalTransactionAdvisor'
2020-03-14 21:57:17.454 [main] DEBUG o.s.b.f.s.DefaultListableBeanFactory - Eagerly caching bean 'org.springframework.boot.actuate.autoconfigure.metrics.MetricsAutoConfiguration$JvmMeterBindersConfiguration' to allow for resolving potential circular references
2020-03-14 21:57:17.466 [main] DEBUG o.s.b.f.s.DefaultListableBeanFactory - Returning cached instance of singleton bean 'metaDataSourceAdvisor'
2020-03-14 21:57:17.466 [main] DEBUG o.s.b.f.s.DefaultListableBeanFactory - Returning cached instance of singleton bean 'org.springframework.transaction.config.internalTransactionAdvisor'
2020-03-14 21:57:17.466 [main] DEBUG o.s.b.f.s.DefaultListableBeanFactory - Returning cached instance of singleton bean 'metaDataSourceAdvisor'
2020-03-14 21:57:17.466 [main] DEBUG o.s.b.f.s.DefaultListableBeanFactory - Returning cached instance of singleton bean 'org.springframework.transaction.config.internalTransactionAdvisor'
2020-03-14 21:57:17.467 [main] DEBUG o.s.b.f.s.DefaultListableBeanFactory - Finished creating instance of bean 'org.springframework.boot.actuate.autoconfigure.metrics.MetricsAutoConfiguration$JvmMeterBindersConfiguration'
2020-03-14 21:57:17.472 [main] DEBUG o.s.b.f.s.DefaultListableBeanFactory - Eagerly caching bean 'jvmGcMetrics' to allow for resolving potential circular references
2020-03-14 21:57:17.475 [main] DEBUG o.s.b.f.s.DefaultListableBeanFactory - Returning cached instance of singleton bean 'metaDataSourceAdvisor'
2020-03-14 21:57:17.475 [main] DEBUG o.s.b.f.s.DefaultListableBeanFactory - Returning cached instance of singleton bean 'org.springframework.transaction.config.internalTransactionAdvisor'
2020-03-14 21:57:17.475 [main] DEBUG o.s.b.f.s.DefaultListableBeanFactory - Returning cached instance of singleton bean 'metaDataSourceAdvisor'
2020-03-14 21:57:17.475 [main] DEBUG o.s.b.f.s.DefaultListableBeanFactory - Returning cached instance of singleton bean 'org.springframework.transaction.config.internalTransactionAdvisor'
2020-03-14 21:57:17.476 [main] DEBUG o.s.b.f.s.DefaultListableBeanFactory - Finished creating instance of bean 'jvmGcMetrics'
2020-03-14 21:57:17.477 [main] DEBUG o.s.b.f.s.DefaultListableBeanFactory - Creating shared instance of singleton bean 'jvmMemoryMetrics'
2020-03-14 21:57:17.477 [main] DEBUG o.s.b.f.s.DefaultListableBeanFactory - Creating instance of bean 'jvmMemoryMetrics'
2020-03-14 21:57:17.477 [main] DEBUG o.s.b.f.s.DefaultListableBeanFactory - Returning cached instance of singleton bean 'metaDataSourceAdvisor'
2020-03-14 21:57:17.477 [main] DEBUG o.s.b.f.s.DefaultListableBeanFactory - Returning cached instance of singleton bean 'org.springframework.transaction.config.internalTransactionAdvisor'
2020-03-14 21:57:17.477 [main] DEBUG o.s.b.f.s.DefaultListableBeanFactory - Returning cached instance of singleton bean 'org.springframework.boot.actuate.autoconfigure.metrics.MetricsAutoConfiguration$JvmMeterBindersConfiguration'
2020-03-14 21:57:17.483 [main] DEBUG o.s.b.f.s.DefaultListableBeanFactory - Eagerly caching bean 'jvmMemoryMetrics' to allow for resolving potential circular references
2020-03-14 21:57:17.500 [main] DEBUG o.s.b.f.s.DefaultListableBeanFactory - Returning cached instance of singleton bean 'metaDataSourceAdvisor'
2020-03-14 21:57:17.501 [main] DEBUG o.s.b.f.s.DefaultListableBeanFactory - Returning cached instance of singleton bean 'org.springframework.transaction.config.internalTransactionAdvisor'
2020-03-14 21:57:17.502 [main] DEBUG o.s.b.f.s.DefaultListableBeanFactory - Returning cached instance of singleton bean 'metaDataSourceAdvisor'
2020-03-14 21:57:17.506 [main] DEBUG o.s.b.f.s.DefaultListableBeanFactory - Returning cached instance of singleton bean 'org.springframework.transaction.config.internalTransactionAdvisor'
2020-03-14 21:57:17.510 [main] DEBUG o.s.b.f.s.DefaultListableBeanFactory - Finished creating instance of bean 'jvmMemoryMetrics'
2020-03-14 21:57:17.511 [main] DEBUG o.s.b.f.s.DefaultListableBeanFactory - Creating shared instance of singleton bean 'jvmThreadMetrics'
2020-03-14 21:57:17.511 [main] DEBUG o.s.b.f.s.DefaultListableBeanFactory - Creating instance of bean 'jvmThreadMetrics'
2020-03-14 21:57:17.512 [main] DEBUG o.s.b.f.s.DefaultListableBeanFactory - Returning cached instance of singleton bean 'metaDataSourceAdvisor'
2020-03-14 21:57:17.512 [main] DEBUG o.s.b.f.s.DefaultListableBeanFactory - Returning cached instance of singleton bean 'org.springframework.transaction.config.internalTransactionAdvisor'
2020-03-14 21:57:17.512 [main] DEBUG o.s.b.f.s.DefaultListableBeanFactory - Returning cached instance of singleton bean 'org.springframework.boot.actuate.autoconfigure.metrics.MetricsAutoConfiguration$JvmMeterBindersConfiguration'
2020-03-14 21:57:17.513 [main] DEBUG o.s.b.f.s.DefaultListableBeanFactory - Eagerly caching bean 'jvmThreadMetrics' to allow for resolving potential circular references
2020-03-14 21:57:17.520 [main] DEBUG o.s.b.f.s.DefaultListableBeanFactory - Returning cached instance of singleton bean 'metaDataSourceAdvisor'
2020-03-14 21:57:17.520 [main] DEBUG o.s.b.f.s.DefaultListableBeanFactory - Returning cached instance of singleton bean 'org.springframework.transaction.config.internalTransactionAdvisor'
2020-03-14 21:57:17.520 [main] DEBUG o.s.b.f.s.DefaultListableBeanFactory - Returning cached instance of singleton bean 'metaDataSourceAdvisor'
2020-03-14 21:57:17.520 [main] DEBUG o.s.b.f.s.DefaultListableBeanFactory - Returning cached instance of singleton bean 'org.springframework.transaction.config.internalTransactionAdvisor'
2020-03-14 21:57:17.521 [main] DEBUG o.s.b.f.s.DefaultListableBeanFactory - Finished creating instance of bean 'jvmThreadMetrics'
2020-03-14 21:57:17.521 [main] DEBUG o.s.b.f.s.DefaultListableBeanFactory - Creating shared instance of singleton bean 'classLoaderMetrics'
2020-03-14 21:57:17.521 [main] DEBUG o.s.b.f.s.DefaultListableBeanFactory - Creating instance of bean 'classLoaderMetrics'
2020-03-14 21:57:17.521 [main] DEBUG o.s.b.f.s.DefaultListableBeanFactory - Returning cached instance of singleton bean 'metaDataSourceAdvisor'
2020-03-14 21:57:17.521 [main] DEBUG o.s.b.f.s.DefaultListableBeanFactory - Returning cached instance of singleton bean 'org.springframework.transaction.config.internalTransactionAdvisor'
2020-03-14 21:57:17.521 [main] DEBUG o.s.b.f.s.DefaultListableBeanFactory - Returning cached instance of singleton bean 'org.springframework.boot.actuate.autoconfigure.metrics.MetricsAutoConfiguration$JvmMeterBindersConfiguration'
2020-03-14 21:57:17.522 [main] DEBUG o.s.b.f.s.DefaultListableBeanFactory - Eagerly caching bean 'classLoaderMetrics' to allow for resolving potential circular references
2020-03-14 21:57:17.531 [main] DEBUG o.s.b.f.s.DefaultListableBeanFactory - Returning cached instance of singleton bean 'metaDataSourceAdvisor'
2020-03-14 21:57:17.531 [main] DEBUG o.s.b.f.s.DefaultListableBeanFactory - Returning cached instance of singleton bean 'org.springframework.transaction.config.internalTransactionAdvisor'
2020-03-14 21:57:17.531 [main] DEBUG o.s.b.f.s.DefaultListableBeanFactory - Returning cached instance of singleton bean 'metaDataSourceAdvisor'
2020-03-14 21:57:17.531 [main] DEBUG o.s.b.f.s.DefaultListableBeanFactory - Returning cached instance of singleton bean 'org.springframework.transaction.config.internalTransactionAdvisor'
2020-03-14 21:57:17.533 [main] DEBUG o.s.b.f.s.DefaultListableBeanFactory - Finished creating instance of bean 'classLoaderMetrics'
2020-03-14 21:57:17.534 [main] DEBUG o.s.b.f.s.DefaultListableBeanFactory - Creating shared instance of singleton bean 'tomcatMetrics'
2020-03-14 21:57:17.534 [main] DEBUG o.s.b.f.s.DefaultListableBeanFactory - Creating instance of bean 'tomcatMetrics'
2020-03-14 21:57:17.534 [main] DEBUG o.s.b.f.s.DefaultListableBeanFactory - Returning cached instance of singleton bean 'metaDataSourceAdvisor'
2020-03-14 21:57:17.534 [main] DEBUG o.s.b.f.s.DefaultListableBeanFactory - Returning cached instance of singleton bean 'org.springframework.transaction.config.internalTransactionAdvisor'
2020-03-14 21:57:17.534 [main] DEBUG o.s.b.f.s.DefaultListableBeanFactory - Creating shared instance of singleton bean 'org.springframework.boot.actuate.autoconfigure.metrics.web.tomcat.TomcatMetricsAutoConfiguration'
2020-03-14 21:57:17.534 [main] DEBUG o.s.b.f.s.DefaultListableBeanFactory - Creating instance of bean 'org.springframework.boot.actuate.autoconfigure.metrics.web.tomcat.TomcatMetricsAutoConfiguration'
2020-03-14 21:57:17.534 [main] DEBUG o.s.b.f.s.DefaultListableBeanFactory - Returning cached instance of singleton bean 'metaDataSourceAdvisor'
2020-03-14 21:57:17.534 [main] DEBUG o.s.b.f.s.DefaultListableBeanFactory - Returning cached instance of singleton bean 'org.springframework.transaction.config.internalTransactionAdvisor'
2020-03-14 21:57:17.535 [main] DEBUG o.s.b.f.s.DefaultListableBeanFactory - Eagerly caching bean 'org.springframework.boot.actuate.autoconfigure.metrics.web.tomcat.TomcatMetricsAutoConfiguration' to allow for resolving potential circular references
2020-03-14 21:57:17.542 [main] DEBUG o.s.b.f.s.DefaultListableBeanFactory - Returning cached instance of singleton bean 'metaDataSourceAdvisor'
2020-03-14 21:57:17.542 [main] DEBUG o.s.b.f.s.DefaultListableBeanFactory - Returning cached instance of singleton bean 'org.springframework.transaction.config.internalTransactionAdvisor'
2020-03-14 21:57:17.542 [main] DEBUG o.s.b.f.s.DefaultListableBeanFactory - Returning cached instance of singleton bean 'metaDataSourceAdvisor'
2020-03-14 21:57:17.542 [main] DEBUG o.s.b.f.s.DefaultListableBeanFactory - Returning cached instance of singleton bean 'org.springframework.transaction.config.internalTransactionAdvisor'
2020-03-14 21:57:17.542 [main] DEBUG o.s.b.f.s.DefaultListableBeanFactory - Finished creating instance of bean 'org.springframework.boot.actuate.autoconfigure.metrics.web.tomcat.TomcatMetricsAutoConfiguration'
2020-03-14 21:57:17.548 [main] DEBUG o.s.b.f.s.DefaultListableBeanFactory - Eagerly caching bean 'tomcatMetrics' to allow for resolving potential circular references
2020-03-14 21:57:17.554 [main] DEBUG o.s.b.f.s.DefaultListableBeanFactory - Returning cached instance of singleton bean 'metaDataSourceAdvisor'
2020-03-14 21:57:17.554 [main] DEBUG o.s.b.f.s.DefaultListableBeanFactory - Returning cached instance of singleton bean 'org.springframework.transaction.config.internalTransactionAdvisor'
2020-03-14 21:57:17.554 [main] DEBUG o.s.b.f.s.DefaultListableBeanFactory - Returning cached instance of singleton bean 'metaDataSourceAdvisor'
2020-03-14 21:57:17.555 [main] DEBUG o.s.b.f.s.DefaultListableBeanFactory - Returning cached instance of singleton bean 'org.springframework.transaction.config.internalTransactionAdvisor'
2020-03-14 21:57:17.558 [main] DEBUG o.s.b.f.s.DefaultListableBeanFactory - Finished creating instance of bean 'tomcatMetrics'
2020-03-14 21:57:17.559 [main] DEBUG o.s.b.f.s.DefaultListableBeanFactory - Creating shared instance of singleton bean 'hystrixMetricsBinder'
2020-03-14 21:57:17.560 [main] DEBUG o.s.b.f.s.DefaultListableBeanFactory - Creating instance of bean 'hystrixMetricsBinder'
2020-03-14 21:57:17.560 [main] DEBUG o.s.b.f.s.DefaultListableBeanFactory - Returning cached instance of singleton bean 'metaDataSourceAdvisor'
2020-03-14 21:57:17.560 [main] DEBUG o.s.b.f.s.DefaultListableBeanFactory - Returning cached instance of singleton bean 'org.springframework.transaction.config.internalTransactionAdvisor'
2020-03-14 21:57:17.560 [main] DEBUG o.s.b.f.s.DefaultListableBeanFactory - Creating shared instance of singleton bean 'org.springframework.cloud.netflix.hystrix.HystrixAutoConfiguration$HystrixMetricsConfiguration'
2020-03-14 21:57:17.560 [main] DEBUG o.s.b.f.s.DefaultListableBeanFactory - Creating instance of bean 'org.springframework.cloud.netflix.hystrix.HystrixAutoConfiguration$HystrixMetricsConfiguration'
2020-03-14 21:57:17.560 [main] DEBUG o.s.b.f.s.DefaultListableBeanFactory - Returning cached instance of singleton bean 'metaDataSourceAdvisor'
2020-03-14 21:57:17.560 [main] DEBUG o.s.b.f.s.DefaultListableBeanFactory - Returning cached instance of singleton bean 'org.springframework.transaction.config.internalTransactionAdvisor'
2020-03-14 21:57:17.561 [main] DEBUG o.s.b.f.s.DefaultListableBeanFactory - Eagerly caching bean 'org.springframework.cloud.netflix.hystrix.HystrixAutoConfiguration$HystrixMetricsConfiguration' to allow for resolving potential circular references
2020-03-14 21:57:17.572 [main] DEBUG o.s.b.f.s.DefaultListableBeanFactory - Returning cached instance of singleton bean 'metaDataSourceAdvisor'
2020-03-14 21:57:17.573 [main] DEBUG o.s.b.f.s.DefaultListableBeanFactory - Returning cached instance of singleton bean 'org.springframework.transaction.config.internalTransactionAdvisor'
2020-03-14 21:57:17.573 [main] DEBUG o.s.b.f.s.DefaultListableBeanFactory - Returning cached instance of singleton bean 'metaDataSourceAdvisor'
2020-03-14 21:57:17.573 [main] DEBUG o.s.b.f.s.DefaultListableBeanFactory - Returning cached instance of singleton bean 'org.springframework.transaction.config.internalTransactionAdvisor'
2020-03-14 21:57:17.574 [main] DEBUG o.s.b.f.s.DefaultListableBeanFactory - Finished creating instance of bean 'org.springframework.cloud.netflix.hystrix.HystrixAutoConfiguration$HystrixMetricsConfiguration'
2020-03-14 21:57:17.579 [main] DEBUG o.s.b.f.s.DefaultListableBeanFactory - Eagerly caching bean 'hystrixMetricsBinder' to allow for resolving potential circular references
2020-03-14 21:57:17.583 [main] DEBUG o.s.b.f.s.DefaultListableBeanFactory - Returning cached instance of singleton bean 'metaDataSourceAdvisor'
2020-03-14 21:57:17.583 [main] DEBUG o.s.b.f.s.DefaultListableBeanFactory - Returning cached instance of singleton bean 'org.springframework.transaction.config.internalTransactionAdvisor'
2020-03-14 21:57:17.583 [main] DEBUG o.s.b.f.s.DefaultListableBeanFactory - Returning cached instance of singleton bean 'metaDataSourceAdvisor'
2020-03-14 21:57:17.583 [main] DEBUG o.s.b.f.s.DefaultListableBeanFactory - Returning cached instance of singleton bean 'org.springframework.transaction.config.internalTransactionAdvisor'
2020-03-14 21:57:17.584 [main] DEBUG o.s.b.f.s.DefaultListableBeanFactory - Finished creating instance of bean 'hystrixMetricsBinder'
2020-03-14 21:57:17.587 [main] DEBUG o.s.b.f.s.DefaultListableBeanFactory - Creating shared instance of singleton bean 'propertiesMeterFilter'
2020-03-14 21:57:17.587 [main] DEBUG o.s.b.f.s.DefaultListableBeanFactory - Creating instance of bean 'propertiesMeterFilter'
2020-03-14 21:57:17.587 [main] DEBUG o.s.b.f.s.DefaultListableBeanFactory - Returning cached instance of singleton bean 'metaDataSourceAdvisor'
2020-03-14 21:57:17.587 [main] DEBUG o.s.b.f.s.DefaultListableBeanFactory - Returning cached instance of singleton bean 'org.springframework.transaction.config.internalTransactionAdvisor'
2020-03-14 21:57:17.587 [main] DEBUG o.s.b.f.s.DefaultListableBeanFactory - Returning cached instance of singleton bean 'org.springframework.boot.actuate.autoconfigure.metrics.MetricsAutoConfiguration'
2020-03-14 21:57:17.589 [main] DEBUG o.s.b.f.s.DefaultListableBeanFactory - Creating shared instance of singleton bean 'management.metrics-org.springframework.boot.actuate.autoconfigure.metrics.MetricsProperties'
2020-03-14 21:57:17.589 [main] DEBUG o.s.b.f.s.DefaultListableBeanFactory - Creating instance of bean 'management.metrics-org.springframework.boot.actuate.autoconfigure.metrics.MetricsProperties'
2020-03-14 21:57:17.589 [main] DEBUG o.s.b.f.s.DefaultListableBeanFactory - Returning cached instance of singleton bean 'metaDataSourceAdvisor'
2020-03-14 21:57:17.589 [main] DEBUG o.s.b.f.s.DefaultListableBeanFactory - Returning cached instance of singleton bean 'org.springframework.transaction.config.internalTransactionAdvisor'
2020-03-14 21:57:17.590 [main] DEBUG o.s.b.f.s.DefaultListableBeanFactory - Eagerly caching bean 'management.metrics-org.springframework.boot.actuate.autoconfigure.metrics.MetricsProperties' to allow for resolving potential circular references
2020-03-14 21:57:17.593 [main] DEBUG o.s.b.f.s.DefaultListableBeanFactory - Returning cached instance of singleton bean 'metaDataSourceAdvisor'
2020-03-14 21:57:17.593 [main] DEBUG o.s.b.f.s.DefaultListableBeanFactory - Returning cached instance of singleton bean 'org.springframework.transaction.config.internalTransactionAdvisor'
2020-03-14 21:57:17.593 [main] DEBUG o.s.b.f.s.DefaultListableBeanFactory - Returning cached instance of singleton bean 'metaDataSourceAdvisor'
2020-03-14 21:57:17.593 [main] DEBUG o.s.b.f.s.DefaultListableBeanFactory - Returning cached instance of singleton bean 'org.springframework.transaction.config.internalTransactionAdvisor'
2020-03-14 21:57:17.593 [main] DEBUG o.s.b.f.s.DefaultListableBeanFactory - Finished creating instance of bean 'management.metrics-org.springframework.boot.actuate.autoconfigure.metrics.MetricsProperties'
2020-03-14 21:57:17.594 [main] DEBUG o.s.b.f.s.DefaultListableBeanFactory - Autowiring by type from bean name 'propertiesMeterFilter' via factory method to bean named 'management.metrics-org.springframework.boot.actuate.autoconfigure.metrics.MetricsProperties'
2020-03-14 21:57:17.597 [main] DEBUG o.s.b.f.s.DefaultListableBeanFactory - Eagerly caching bean 'propertiesMeterFilter' to allow for resolving potential circular references
2020-03-14 21:57:17.600 [main] DEBUG o.s.b.f.s.DefaultListableBeanFactory - Returning cached instance of singleton bean 'metaDataSourceAdvisor'
2020-03-14 21:57:17.600 [main] DEBUG o.s.b.f.s.DefaultListableBeanFactory - Returning cached instance of singleton bean 'org.springframework.transaction.config.internalTransactionAdvisor'
2020-03-14 21:57:17.600 [main] DEBUG o.s.b.f.s.DefaultListableBeanFactory - Returning cached instance of singleton bean 'metaDataSourceAdvisor'
2020-03-14 21:57:17.600 [main] DEBUG o.s.b.f.s.DefaultListableBeanFactory - Returning cached instance of singleton bean 'org.springframework.transaction.config.internalTransactionAdvisor'
2020-03-14 21:57:17.603 [main] DEBUG o.s.b.f.s.DefaultListableBeanFactory - Finished creating instance of bean 'propertiesMeterFilter'
2020-03-14 21:57:17.603 [main] DEBUG o.s.b.f.s.DefaultListableBeanFactory - Creating shared instance of singleton bean 'metricsWebClientUriTagFilter'
2020-03-14 21:57:17.603 [main] DEBUG o.s.b.f.s.DefaultListableBeanFactory - Creating instance of bean 'metricsWebClientUriTagFilter'
2020-03-14 21:57:17.603 [main] DEBUG o.s.b.f.s.DefaultListableBeanFactory - Returning cached instance of singleton bean 'metaDataSourceAdvisor'
2020-03-14 21:57:17.603 [main] DEBUG o.s.b.f.s.DefaultListableBeanFactory - Returning cached instance of singleton bean 'org.springframework.transaction.config.internalTransactionAdvisor'
2020-03-14 21:57:17.603 [main] DEBUG o.s.b.f.s.DefaultListableBeanFactory - Creating shared instance of singleton bean 'org.springframework.boot.actuate.autoconfigure.metrics.web.client.RestTemplateMetricsAutoConfiguration'
2020-03-14 21:57:17.603 [main] DEBUG o.s.b.f.s.DefaultListableBeanFactory - Creating instance of bean 'org.springframework.boot.actuate.autoconfigure.metrics.web.client.RestTemplateMetricsAutoConfiguration'
2020-03-14 21:57:17.603 [main] DEBUG o.s.b.f.s.DefaultListableBeanFactory - Returning cached instance of singleton bean 'metaDataSourceAdvisor'
2020-03-14 21:57:17.603 [main] DEBUG o.s.b.f.s.DefaultListableBeanFactory - Returning cached instance of singleton bean 'org.springframework.transaction.config.internalTransactionAdvisor'
2020-03-14 21:57:17.604 [main] DEBUG o.s.b.f.s.DefaultListableBeanFactory - Eagerly caching bean 'org.springframework.boot.actuate.autoconfigure.metrics.web.client.RestTemplateMetricsAutoConfiguration' to allow for resolving potential circular references
2020-03-14 21:57:17.608 [main] DEBUG o.s.b.f.s.DefaultListableBeanFactory - Returning cached instance of singleton bean 'metaDataSourceAdvisor'
2020-03-14 21:57:17.608 [main] DEBUG o.s.b.f.s.DefaultListableBeanFactory - Returning cached instance of singleton bean 'org.springframework.transaction.config.internalTransactionAdvisor'
2020-03-14 21:57:17.608 [main] DEBUG o.s.b.f.s.DefaultListableBeanFactory - Returning cached instance of singleton bean 'metaDataSourceAdvisor'
2020-03-14 21:57:17.609 [main] DEBUG o.s.b.f.s.DefaultListableBeanFactory - Returning cached instance of singleton bean 'org.springframework.transaction.config.internalTransactionAdvisor'
2020-03-14 21:57:17.609 [main] DEBUG o.s.b.f.s.DefaultListableBeanFactory - Finished creating instance of bean 'org.springframework.boot.actuate.autoconfigure.metrics.web.client.RestTemplateMetricsAutoConfiguration'
2020-03-14 21:57:17.610 [main] DEBUG o.s.b.f.s.DefaultListableBeanFactory - Returning cached instance of singleton bean 'management.metrics-org.springframework.boot.actuate.autoconfigure.metrics.MetricsProperties'
2020-03-14 21:57:17.610 [main] DEBUG o.s.b.f.s.DefaultListableBeanFactory - Autowiring by type from bean name 'metricsWebClientUriTagFilter' via factory method to bean named 'management.metrics-org.springframework.boot.actuate.autoconfigure.metrics.MetricsProperties'
2020-03-14 21:57:17.625 [main] DEBUG o.s.b.f.s.DefaultListableBeanFactory - Eagerly caching bean 'metricsWebClientUriTagFilter' to allow for resolving potential circular references
2020-03-14 21:57:17.630 [main] DEBUG o.s.b.f.s.DefaultListableBeanFactory - Returning cached instance of singleton bean 'metaDataSourceAdvisor'
2020-03-14 21:57:17.630 [main] DEBUG o.s.b.f.s.DefaultListableBeanFactory - Returning cached instance of singleton bean 'org.springframework.transaction.config.internalTransactionAdvisor'
2020-03-14 21:57:17.630 [main] DEBUG o.s.b.f.s.DefaultListableBeanFactory - Returning cached instance of singleton bean 'metaDataSourceAdvisor'
2020-03-14 21:57:17.630 [main] DEBUG o.s.b.f.s.DefaultListableBeanFactory - Returning cached instance of singleton bean 'org.springframework.transaction.config.internalTransactionAdvisor'
2020-03-14 21:57:17.634 [main] DEBUG o.s.b.f.s.DefaultListableBeanFactory - Finished creating instance of bean 'metricsWebClientUriTagFilter'
2020-03-14 21:57:17.638 [main] DEBUG o.s.b.f.s.DefaultListableBeanFactory - Returning cached instance of singleton bean 'management.metrics-org.springframework.boot.actuate.autoconfigure.metrics.MetricsProperties'
2020-03-14 21:57:17.868 [main] WARN  c.n.c.sources.URLConfigurationSource - No URLs will be polled as dynamic configuration sources.
2020-03-14 21:57:17.868 [main] INFO  c.n.c.sources.URLConfigurationSource - To enable URLs as dynamic configuration sources, define System property archaius.configurationSource.additionalUrls or make config.properties available on classpath.
2020-03-14 21:57:17.883 [main] DEBUG c.n.hystrix.strategy.HystrixPlugins - Created HystrixDynamicProperties. Using class : com.netflix.hystrix.strategy.properties.archaius.HystrixDynamicPropertiesArchaius
2020-03-14 21:57:17.906 [main] INFO  c.n.config.DynamicPropertyFactory - DynamicPropertyFactory is initialized with configuration sources: com.netflix.config.ConcurrentCompositeConfiguration@627a890f
2020-03-14 21:57:17.967 [main] DEBUG o.s.b.f.s.DefaultListableBeanFactory - Finished creating instance of bean 'simpleMeterRegistry'
2020-03-14 21:57:17.967 [main] DEBUG o.s.b.f.s.DefaultListableBeanFactory - Autowiring by type from bean name 'metricsEndpoint' via factory method to bean named 'simpleMeterRegistry'
2020-03-14 21:57:17.975 [main] DEBUG o.s.b.f.s.DefaultListableBeanFactory - Eagerly caching bean 'metricsEndpoint' to allow for resolving potential circular references
2020-03-14 21:57:17.979 [main] DEBUG o.s.b.f.s.DefaultListableBeanFactory - Returning cached instance of singleton bean 'metaDataSourceAdvisor'
2020-03-14 21:57:17.979 [main] DEBUG o.s.b.f.s.DefaultListableBeanFactory - Returning cached instance of singleton bean 'org.springframework.transaction.config.internalTransactionAdvisor'
2020-03-14 21:57:17.979 [main] DEBUG o.s.b.f.s.DefaultListableBeanFactory - Returning cached instance of singleton bean 'metaDataSourceAdvisor'
2020-03-14 21:57:17.979 [main] DEBUG o.s.b.f.s.DefaultListableBeanFactory - Returning cached instance of singleton bean 'org.springframework.transaction.config.internalTransactionAdvisor'
2020-03-14 21:57:17.980 [main] DEBUG o.s.b.f.s.DefaultListableBeanFactory - Finished creating instance of bean 'metricsEndpoint'
2020-03-14 21:57:17.981 [main] DEBUG o.s.b.f.s.DefaultListableBeanFactory - Creating shared instance of singleton bean 'scheduledTasksEndpoint'
2020-03-14 21:57:17.981 [main] DEBUG o.s.b.f.s.DefaultListableBeanFactory - Creating instance of bean 'scheduledTasksEndpoint'
2020-03-14 21:57:17.981 [main] DEBUG o.s.b.f.s.DefaultListableBeanFactory - Returning cached instance of singleton bean 'metaDataSourceAdvisor'
2020-03-14 21:57:17.981 [main] DEBUG o.s.b.f.s.DefaultListableBeanFactory - Returning cached instance of singleton bean 'org.springframework.transaction.config.internalTransactionAdvisor'
2020-03-14 21:57:17.981 [main] DEBUG o.s.b.f.s.DefaultListableBeanFactory - Creating shared instance of singleton bean 'org.springframework.boot.actuate.autoconfigure.scheduling.ScheduledTasksEndpointAutoConfiguration'
2020-03-14 21:57:17.981 [main] DEBUG o.s.b.f.s.DefaultListableBeanFactory - Creating instance of bean 'org.springframework.boot.actuate.autoconfigure.scheduling.ScheduledTasksEndpointAutoConfiguration'
2020-03-14 21:57:17.981 [main] DEBUG o.s.b.f.s.DefaultListableBeanFactory - Returning cached instance of singleton bean 'metaDataSourceAdvisor'
2020-03-14 21:57:17.981 [main] DEBUG o.s.b.f.s.DefaultListableBeanFactory - Returning cached instance of singleton bean 'org.springframework.transaction.config.internalTransactionAdvisor'
2020-03-14 21:57:17.982 [main] DEBUG o.s.b.f.s.DefaultListableBeanFactory - Eagerly caching bean 'org.springframework.boot.actuate.autoconfigure.scheduling.ScheduledTasksEndpointAutoConfiguration' to allow for resolving potential circular references
2020-03-14 21:57:18.000 [main] DEBUG o.s.b.f.s.DefaultListableBeanFactory - Returning cached instance of singleton bean 'metaDataSourceAdvisor'
2020-03-14 21:57:18.000 [main] DEBUG o.s.b.f.s.DefaultListableBeanFactory - Returning cached instance of singleton bean 'org.springframework.transaction.config.internalTransactionAdvisor'
2020-03-14 21:57:18.000 [main] DEBUG o.s.b.f.s.DefaultListableBeanFactory - Returning cached instance of singleton bean 'metaDataSourceAdvisor'
2020-03-14 21:57:18.000 [main] DEBUG o.s.b.f.s.DefaultListableBeanFactory - Returning cached instance of singleton bean 'org.springframework.transaction.config.internalTransactionAdvisor'
2020-03-14 21:57:18.001 [main] DEBUG o.s.b.f.s.DefaultListableBeanFactory - Finished creating instance of bean 'org.springframework.boot.actuate.autoconfigure.scheduling.ScheduledTasksEndpointAutoConfiguration'
2020-03-14 21:57:18.022 [main] DEBUG o.s.b.f.s.DefaultListableBeanFactory - Eagerly caching bean 'scheduledTasksEndpoint' to allow for resolving potential circular references
2020-03-14 21:57:18.025 [main] DEBUG o.s.b.f.s.DefaultListableBeanFactory - Returning cached instance of singleton bean 'metaDataSourceAdvisor'
2020-03-14 21:57:18.025 [main] DEBUG o.s.b.f.s.DefaultListableBeanFactory - Returning cached instance of singleton bean 'org.springframework.transaction.config.internalTransactionAdvisor'
2020-03-14 21:57:18.025 [main] DEBUG o.s.b.f.s.DefaultListableBeanFactory - Returning cached instance of singleton bean 'metaDataSourceAdvisor'
2020-03-14 21:57:18.025 [main] DEBUG o.s.b.f.s.DefaultListableBeanFactory - Returning cached instance of singleton bean 'org.springframework.transaction.config.internalTransactionAdvisor'
2020-03-14 21:57:18.025 [main] DEBUG o.s.b.f.s.DefaultListableBeanFactory - Finished creating instance of bean 'scheduledTasksEndpoint'
2020-03-14 21:57:18.026 [main] DEBUG o.s.b.f.s.DefaultListableBeanFactory - Creating shared instance of singleton bean 'httpTraceEndpoint'
2020-03-14 21:57:18.026 [main] DEBUG o.s.b.f.s.DefaultListableBeanFactory - Creating instance of bean 'httpTraceEndpoint'
2020-03-14 21:57:18.026 [main] DEBUG o.s.b.f.s.DefaultListableBeanFactory - Returning cached instance of singleton bean 'metaDataSourceAdvisor'
2020-03-14 21:57:18.026 [main] DEBUG o.s.b.f.s.DefaultListableBeanFactory - Returning cached instance of singleton bean 'org.springframework.transaction.config.internalTransactionAdvisor'
2020-03-14 21:57:18.026 [main] DEBUG o.s.b.f.s.DefaultListableBeanFactory - Creating shared instance of singleton bean 'org.springframework.boot.actuate.autoconfigure.trace.http.HttpTraceEndpointAutoConfiguration'
2020-03-14 21:57:18.026 [main] DEBUG o.s.b.f.s.DefaultListableBeanFactory - Creating instance of bean 'org.springframework.boot.actuate.autoconfigure.trace.http.HttpTraceEndpointAutoConfiguration'
2020-03-14 21:57:18.026 [main] DEBUG o.s.b.f.s.DefaultListableBeanFactory - Returning cached instance of singleton bean 'metaDataSourceAdvisor'
2020-03-14 21:57:18.026 [main] DEBUG o.s.b.f.s.DefaultListableBeanFactory - Returning cached instance of singleton bean 'org.springframework.transaction.config.internalTransactionAdvisor'
2020-03-14 21:57:18.027 [main] DEBUG o.s.b.f.s.DefaultListableBeanFactory - Eagerly caching bean 'org.springframework.boot.actuate.autoconfigure.trace.http.HttpTraceEndpointAutoConfiguration' to allow for resolving potential circular references
2020-03-14 21:57:18.034 [main] DEBUG o.s.b.f.s.DefaultListableBeanFactory - Returning cached instance of singleton bean 'metaDataSourceAdvisor'
2020-03-14 21:57:18.035 [main] DEBUG o.s.b.f.s.DefaultListableBeanFactory - Returning cached instance of singleton bean 'org.springframework.transaction.config.internalTransactionAdvisor'
2020-03-14 21:57:18.035 [main] DEBUG o.s.b.f.s.DefaultListableBeanFactory - Returning cached instance of singleton bean 'metaDataSourceAdvisor'
2020-03-14 21:57:18.035 [main] DEBUG o.s.b.f.s.DefaultListableBeanFactory - Returning cached instance of singleton bean 'org.springframework.transaction.config.internalTransactionAdvisor'
2020-03-14 21:57:18.035 [main] DEBUG o.s.b.f.s.DefaultListableBeanFactory - Finished creating instance of bean 'org.springframework.boot.actuate.autoconfigure.trace.http.HttpTraceEndpointAutoConfiguration'
2020-03-14 21:57:18.038 [main] DEBUG o.s.b.f.s.DefaultListableBeanFactory - Creating shared instance of singleton bean 'traceRepository'
2020-03-14 21:57:18.038 [main] DEBUG o.s.b.f.s.DefaultListableBeanFactory - Creating instance of bean 'traceRepository'
2020-03-14 21:57:18.038 [main] DEBUG o.s.b.f.s.DefaultListableBeanFactory - Returning cached instance of singleton bean 'metaDataSourceAdvisor'
2020-03-14 21:57:18.038 [main] DEBUG o.s.b.f.s.DefaultListableBeanFactory - Returning cached instance of singleton bean 'org.springframework.transaction.config.internalTransactionAdvisor'
2020-03-14 21:57:18.039 [main] DEBUG o.s.b.f.s.DefaultListableBeanFactory - Creating shared instance of singleton bean 'org.springframework.boot.actuate.autoconfigure.trace.http.HttpTraceAutoConfiguration'
2020-03-14 21:57:18.039 [main] DEBUG o.s.b.f.s.DefaultListableBeanFactory - Creating instance of bean 'org.springframework.boot.actuate.autoconfigure.trace.http.HttpTraceAutoConfiguration'
2020-03-14 21:57:18.039 [main] DEBUG o.s.b.f.s.DefaultListableBeanFactory - Returning cached instance of singleton bean 'metaDataSourceAdvisor'
2020-03-14 21:57:18.039 [main] DEBUG o.s.b.f.s.DefaultListableBeanFactory - Returning cached instance of singleton bean 'org.springframework.transaction.config.internalTransactionAdvisor'
2020-03-14 21:57:18.039 [main] DEBUG o.s.b.f.s.DefaultListableBeanFactory - Eagerly caching bean 'org.springframework.boot.actuate.autoconfigure.trace.http.HttpTraceAutoConfiguration' to allow for resolving potential circular references
2020-03-14 21:57:18.045 [main] DEBUG o.s.b.f.s.DefaultListableBeanFactory - Returning cached instance of singleton bean 'metaDataSourceAdvisor'
2020-03-14 21:57:18.046 [main] DEBUG o.s.b.f.s.DefaultListableBeanFactory - Returning cached instance of singleton bean 'org.springframework.transaction.config.internalTransactionAdvisor'
2020-03-14 21:57:18.046 [main] DEBUG o.s.b.f.s.DefaultListableBeanFactory - Returning cached instance of singleton bean 'metaDataSourceAdvisor'
2020-03-14 21:57:18.046 [main] DEBUG o.s.b.f.s.DefaultListableBeanFactory - Returning cached instance of singleton bean 'org.springframework.transaction.config.internalTransactionAdvisor'
2020-03-14 21:57:18.047 [main] DEBUG o.s.b.f.s.DefaultListableBeanFactory - Finished creating instance of bean 'org.springframework.boot.actuate.autoconfigure.trace.http.HttpTraceAutoConfiguration'
2020-03-14 21:57:18.056 [main] DEBUG o.s.b.f.s.DefaultListableBeanFactory - Eagerly caching bean 'traceRepository' to allow for resolving potential circular references
2020-03-14 21:57:18.064 [main] DEBUG o.s.b.f.s.DefaultListableBeanFactory - Returning cached instance of singleton bean 'metaDataSourceAdvisor'
2020-03-14 21:57:18.064 [main] DEBUG o.s.b.f.s.DefaultListableBeanFactory - Returning cached instance of singleton bean 'org.springframework.transaction.config.internalTransactionAdvisor'
2020-03-14 21:57:18.064 [main] DEBUG o.s.b.f.s.DefaultListableBeanFactory - Returning cached instance of singleton bean 'metaDataSourceAdvisor'
2020-03-14 21:57:18.065 [main] DEBUG o.s.b.f.s.DefaultListableBeanFactory - Returning cached instance of singleton bean 'org.springframework.transaction.config.internalTransactionAdvisor'
2020-03-14 21:57:18.065 [main] DEBUG o.s.b.f.s.DefaultListableBeanFactory - Finished creating instance of bean 'traceRepository'
2020-03-14 21:57:18.066 [main] DEBUG o.s.b.f.s.DefaultListableBeanFactory - Autowiring by type from bean name 'httpTraceEndpoint' via factory method to bean named 'traceRepository'
2020-03-14 21:57:18.069 [main] DEBUG o.s.b.f.s.DefaultListableBeanFactory - Eagerly caching bean 'httpTraceEndpoint' to allow for resolving potential circular references
2020-03-14 21:57:18.071 [main] DEBUG o.s.b.f.s.DefaultListableBeanFactory - Returning cached instance of singleton bean 'metaDataSourceAdvisor'
2020-03-14 21:57:18.072 [main] DEBUG o.s.b.f.s.DefaultListableBeanFactory - Returning cached instance of singleton bean 'org.springframework.transaction.config.internalTransactionAdvisor'
2020-03-14 21:57:18.072 [main] DEBUG o.s.b.f.s.DefaultListableBeanFactory - Returning cached instance of singleton bean 'metaDataSourceAdvisor'
2020-03-14 21:57:18.072 [main] DEBUG o.s.b.f.s.DefaultListableBeanFactory - Returning cached instance of singleton bean 'org.springframework.transaction.config.internalTransactionAdvisor'
2020-03-14 21:57:18.072 [main] DEBUG o.s.b.f.s.DefaultListableBeanFactory - Finished creating instance of bean 'httpTraceEndpoint'
2020-03-14 21:57:18.073 [main] DEBUG o.s.b.f.s.DefaultListableBeanFactory - Creating shared instance of singleton bean 'mappingsEndpoint'
2020-03-14 21:57:18.073 [main] DEBUG o.s.b.f.s.DefaultListableBeanFactory - Creating instance of bean 'mappingsEndpoint'
2020-03-14 21:57:18.073 [main] DEBUG o.s.b.f.s.DefaultListableBeanFactory - Returning cached instance of singleton bean 'metaDataSourceAdvisor'
2020-03-14 21:57:18.073 [main] DEBUG o.s.b.f.s.DefaultListableBeanFactory - Returning cached instance of singleton bean 'org.springframework.transaction.config.internalTransactionAdvisor'
2020-03-14 21:57:18.073 [main] DEBUG o.s.b.f.s.DefaultListableBeanFactory - Creating shared instance of singleton bean 'org.springframework.boot.actuate.autoconfigure.web.mappings.MappingsEndpointAutoConfiguration'
2020-03-14 21:57:18.073 [main] DEBUG o.s.b.f.s.DefaultListableBeanFactory - Creating instance of bean 'org.springframework.boot.actuate.autoconfigure.web.mappings.MappingsEndpointAutoConfiguration'
2020-03-14 21:57:18.073 [main] DEBUG o.s.b.f.s.DefaultListableBeanFactory - Returning cached instance of singleton bean 'metaDataSourceAdvisor'
2020-03-14 21:57:18.073 [main] DEBUG o.s.b.f.s.DefaultListableBeanFactory - Returning cached instance of singleton bean 'org.springframework.transaction.config.internalTransactionAdvisor'
2020-03-14 21:57:18.074 [main] DEBUG o.s.b.f.s.DefaultListableBeanFactory - Eagerly caching bean 'org.springframework.boot.actuate.autoconfigure.web.mappings.MappingsEndpointAutoConfiguration' to allow for resolving potential circular references
2020-03-14 21:57:18.083 [main] DEBUG o.s.b.f.s.DefaultListableBeanFactory - Returning cached instance of singleton bean 'metaDataSourceAdvisor'
2020-03-14 21:57:18.083 [main] DEBUG o.s.b.f.s.DefaultListableBeanFactory - Returning cached instance of singleton bean 'org.springframework.transaction.config.internalTransactionAdvisor'
2020-03-14 21:57:18.084 [main] DEBUG o.s.b.f.s.DefaultListableBeanFactory - Returning cached instance of singleton bean 'metaDataSourceAdvisor'
2020-03-14 21:57:18.084 [main] DEBUG o.s.b.f.s.DefaultListableBeanFactory - Returning cached instance of singleton bean 'org.springframework.transaction.config.internalTransactionAdvisor'
2020-03-14 21:57:18.085 [main] DEBUG o.s.b.f.s.DefaultListableBeanFactory - Finished creating instance of bean 'org.springframework.boot.actuate.autoconfigure.web.mappings.MappingsEndpointAutoConfiguration'
2020-03-14 21:57:18.086 [main] DEBUG o.s.b.f.s.DefaultListableBeanFactory - Autowiring by type from bean name 'mappingsEndpoint' via factory method to bean named 'org.springframework.web.context.support.GenericWebApplicationContext@1ee4730'
2020-03-14 21:57:18.099 [main] DEBUG o.s.b.f.s.DefaultListableBeanFactory - Creating shared instance of singleton bean 'dispatcherServletMappingDescriptionProvider'
2020-03-14 21:57:18.099 [main] DEBUG o.s.b.f.s.DefaultListableBeanFactory - Creating instance of bean 'dispatcherServletMappingDescriptionProvider'
2020-03-14 21:57:18.099 [main] DEBUG o.s.b.f.s.DefaultListableBeanFactory - Returning cached instance of singleton bean 'metaDataSourceAdvisor'
2020-03-14 21:57:18.099 [main] DEBUG o.s.b.f.s.DefaultListableBeanFactory - Returning cached instance of singleton bean 'org.springframework.transaction.config.internalTransactionAdvisor'
2020-03-14 21:57:18.099 [main] DEBUG o.s.b.f.s.DefaultListableBeanFactory - Creating shared instance of singleton bean 'org.springframework.boot.actuate.autoconfigure.web.mappings.MappingsEndpointAutoConfiguration$ServletWebConfiguration$SpringMvcConfiguration'
2020-03-14 21:57:18.099 [main] DEBUG o.s.b.f.s.DefaultListableBeanFactory - Creating instance of bean 'org.springframework.boot.actuate.autoconfigure.web.mappings.MappingsEndpointAutoConfiguration$ServletWebConfiguration$SpringMvcConfiguration'
2020-03-14 21:57:18.100 [main] DEBUG o.s.b.f.s.DefaultListableBeanFactory - Returning cached instance of singleton bean 'metaDataSourceAdvisor'
2020-03-14 21:57:18.100 [main] DEBUG o.s.b.f.s.DefaultListableBeanFactory - Returning cached instance of singleton bean 'org.springframework.transaction.config.internalTransactionAdvisor'
2020-03-14 21:57:18.100 [main] DEBUG o.s.b.f.s.DefaultListableBeanFactory - Eagerly caching bean 'org.springframework.boot.actuate.autoconfigure.web.mappings.MappingsEndpointAutoConfiguration$ServletWebConfiguration$SpringMvcConfiguration' to allow for resolving potential circular references
2020-03-14 21:57:18.113 [main] DEBUG o.s.b.f.s.DefaultListableBeanFactory - Returning cached instance of singleton bean 'metaDataSourceAdvisor'
2020-03-14 21:57:18.113 [main] DEBUG o.s.b.f.s.DefaultListableBeanFactory - Returning cached instance of singleton bean 'org.springframework.transaction.config.internalTransactionAdvisor'
2020-03-14 21:57:18.113 [main] DEBUG o.s.b.f.s.DefaultListableBeanFactory - Returning cached instance of singleton bean 'metaDataSourceAdvisor'
2020-03-14 21:57:18.113 [main] DEBUG o.s.b.f.s.DefaultListableBeanFactory - Returning cached instance of singleton bean 'org.springframework.transaction.config.internalTransactionAdvisor'
2020-03-14 21:57:18.113 [main] DEBUG o.s.b.f.s.DefaultListableBeanFactory - Finished creating instance of bean 'org.springframework.boot.actuate.autoconfigure.web.mappings.MappingsEndpointAutoConfiguration$ServletWebConfiguration$SpringMvcConfiguration'
2020-03-14 21:57:18.134 [main] DEBUG o.s.b.f.s.DefaultListableBeanFactory - Eagerly caching bean 'dispatcherServletMappingDescriptionProvider' to allow for resolving potential circular references
2020-03-14 21:57:18.154 [main] DEBUG o.s.b.f.s.DefaultListableBeanFactory - Returning cached instance of singleton bean 'metaDataSourceAdvisor'
2020-03-14 21:57:18.154 [main] DEBUG o.s.b.f.s.DefaultListableBeanFactory - Returning cached instance of singleton bean 'org.springframework.transaction.config.internalTransactionAdvisor'
2020-03-14 21:57:18.154 [main] DEBUG o.s.b.f.s.DefaultListableBeanFactory - Returning cached instance of singleton bean 'metaDataSourceAdvisor'
2020-03-14 21:57:18.154 [main] DEBUG o.s.b.f.s.DefaultListableBeanFactory - Returning cached instance of singleton bean 'org.springframework.transaction.config.internalTransactionAdvisor'
2020-03-14 21:57:18.155 [main] DEBUG o.s.b.f.s.DefaultListableBeanFactory - Finished creating instance of bean 'dispatcherServletMappingDescriptionProvider'
2020-03-14 21:57:18.155 [main] DEBUG o.s.b.f.s.DefaultListableBeanFactory - Creating shared instance of singleton bean 'servletMappingDescriptionProvider'
2020-03-14 21:57:18.156 [main] DEBUG o.s.b.f.s.DefaultListableBeanFactory - Creating instance of bean 'servletMappingDescriptionProvider'
2020-03-14 21:57:18.156 [main] DEBUG o.s.b.f.s.DefaultListableBeanFactory - Returning cached instance of singleton bean 'metaDataSourceAdvisor'
2020-03-14 21:57:18.156 [main] DEBUG o.s.b.f.s.DefaultListableBeanFactory - Returning cached instance of singleton bean 'org.springframework.transaction.config.internalTransactionAdvisor'
2020-03-14 21:57:18.156 [main] DEBUG o.s.b.f.s.DefaultListableBeanFactory - Creating shared instance of singleton bean 'org.springframework.boot.actuate.autoconfigure.web.mappings.MappingsEndpointAutoConfiguration$ServletWebConfiguration'
2020-03-14 21:57:18.156 [main] DEBUG o.s.b.f.s.DefaultListableBeanFactory - Creating instance of bean 'org.springframework.boot.actuate.autoconfigure.web.mappings.MappingsEndpointAutoConfiguration$ServletWebConfiguration'
2020-03-14 21:57:18.156 [main] DEBUG o.s.b.f.s.DefaultListableBeanFactory - Returning cached instance of singleton bean 'metaDataSourceAdvisor'
2020-03-14 21:57:18.156 [main] DEBUG o.s.b.f.s.DefaultListableBeanFactory - Returning cached instance of singleton bean 'org.springframework.transaction.config.internalTransactionAdvisor'
2020-03-14 21:57:18.157 [main] DEBUG o.s.b.f.s.DefaultListableBeanFactory - Eagerly caching bean 'org.springframework.boot.actuate.autoconfigure.web.mappings.MappingsEndpointAutoConfiguration$ServletWebConfiguration' to allow for resolving potential circular references
2020-03-14 21:57:18.172 [main] DEBUG o.s.b.f.s.DefaultListableBeanFactory - Returning cached instance of singleton bean 'metaDataSourceAdvisor'
2020-03-14 21:57:18.172 [main] DEBUG o.s.b.f.s.DefaultListableBeanFactory - Returning cached instance of singleton bean 'org.springframework.transaction.config.internalTransactionAdvisor'
2020-03-14 21:57:18.172 [main] DEBUG o.s.b.f.s.DefaultListableBeanFactory - Returning cached instance of singleton bean 'metaDataSourceAdvisor'
2020-03-14 21:57:18.172 [main] DEBUG o.s.b.f.s.DefaultListableBeanFactory - Returning cached instance of singleton bean 'org.springframework.transaction.config.internalTransactionAdvisor'
2020-03-14 21:57:18.172 [main] DEBUG o.s.b.f.s.DefaultListableBeanFactory - Finished creating instance of bean 'org.springframework.boot.actuate.autoconfigure.web.mappings.MappingsEndpointAutoConfiguration$ServletWebConfiguration'
2020-03-14 21:57:18.180 [main] DEBUG o.s.b.f.s.DefaultListableBeanFactory - Eagerly caching bean 'servletMappingDescriptionProvider' to allow for resolving potential circular references
2020-03-14 21:57:18.191 [main] DEBUG o.s.b.f.s.DefaultListableBeanFactory - Returning cached instance of singleton bean 'metaDataSourceAdvisor'
2020-03-14 21:57:18.193 [main] DEBUG o.s.b.f.s.DefaultListableBeanFactory - Returning cached instance of singleton bean 'org.springframework.transaction.config.internalTransactionAdvisor'
2020-03-14 21:57:18.194 [main] DEBUG o.s.b.f.s.DefaultListableBeanFactory - Returning cached instance of singleton bean 'metaDataSourceAdvisor'
2020-03-14 21:57:18.194 [main] DEBUG o.s.b.f.s.DefaultListableBeanFactory - Returning cached instance of singleton bean 'org.springframework.transaction.config.internalTransactionAdvisor'
2020-03-14 21:57:18.195 [main] DEBUG o.s.b.f.s.DefaultListableBeanFactory - Finished creating instance of bean 'servletMappingDescriptionProvider'
2020-03-14 21:57:18.195 [main] DEBUG o.s.b.f.s.DefaultListableBeanFactory - Creating shared instance of singleton bean 'filterMappingDescriptionProvider'
2020-03-14 21:57:18.196 [main] DEBUG o.s.b.f.s.DefaultListableBeanFactory - Creating instance of bean 'filterMappingDescriptionProvider'
2020-03-14 21:57:18.196 [main] DEBUG o.s.b.f.s.DefaultListableBeanFactory - Returning cached instance of singleton bean 'metaDataSourceAdvisor'
2020-03-14 21:57:18.196 [main] DEBUG o.s.b.f.s.DefaultListableBeanFactory - Returning cached instance of singleton bean 'org.springframework.transaction.config.internalTransactionAdvisor'
2020-03-14 21:57:18.196 [main] DEBUG o.s.b.f.s.DefaultListableBeanFactory - Returning cached instance of singleton bean 'org.springframework.boot.actuate.autoconfigure.web.mappings.MappingsEndpointAutoConfiguration$ServletWebConfiguration'
2020-03-14 21:57:18.198 [main] DEBUG o.s.b.f.s.DefaultListableBeanFactory - Eagerly caching bean 'filterMappingDescriptionProvider' to allow for resolving potential circular references
2020-03-14 21:57:18.216 [main] DEBUG o.s.b.f.s.DefaultListableBeanFactory - Returning cached instance of singleton bean 'metaDataSourceAdvisor'
2020-03-14 21:57:18.216 [main] DEBUG o.s.b.f.s.DefaultListableBeanFactory - Returning cached instance of singleton bean 'org.springframework.transaction.config.internalTransactionAdvisor'
2020-03-14 21:57:18.216 [main] DEBUG o.s.b.f.s.DefaultListableBeanFactory - Returning cached instance of singleton bean 'metaDataSourceAdvisor'
2020-03-14 21:57:18.216 [main] DEBUG o.s.b.f.s.DefaultListableBeanFactory - Returning cached instance of singleton bean 'org.springframework.transaction.config.internalTransactionAdvisor'
2020-03-14 21:57:18.217 [main] DEBUG o.s.b.f.s.DefaultListableBeanFactory - Finished creating instance of bean 'filterMappingDescriptionProvider'
2020-03-14 21:57:18.219 [main] DEBUG o.s.b.f.s.DefaultListableBeanFactory - Eagerly caching bean 'mappingsEndpoint' to allow for resolving potential circular references
2020-03-14 21:57:18.222 [main] DEBUG o.s.b.f.s.DefaultListableBeanFactory - Returning cached instance of singleton bean 'metaDataSourceAdvisor'
2020-03-14 21:57:18.222 [main] DEBUG o.s.b.f.s.DefaultListableBeanFactory - Returning cached instance of singleton bean 'org.springframework.transaction.config.internalTransactionAdvisor'
2020-03-14 21:57:18.222 [main] DEBUG o.s.b.f.s.DefaultListableBeanFactory - Returning cached instance of singleton bean 'metaDataSourceAdvisor'
2020-03-14 21:57:18.222 [main] DEBUG o.s.b.f.s.DefaultListableBeanFactory - Returning cached instance of singleton bean 'org.springframework.transaction.config.internalTransactionAdvisor'
2020-03-14 21:57:18.223 [main] DEBUG o.s.b.f.s.DefaultListableBeanFactory - Finished creating instance of bean 'mappingsEndpoint'
2020-03-14 21:57:18.223 [main] DEBUG o.s.b.f.s.DefaultListableBeanFactory - Creating shared instance of singleton bean 'refreshEndpoint'
2020-03-14 21:57:18.223 [main] DEBUG o.s.b.f.s.DefaultListableBeanFactory - Creating instance of bean 'refreshEndpoint'
2020-03-14 21:57:18.223 [main] DEBUG o.s.b.f.s.DefaultListableBeanFactory - Returning cached instance of singleton bean 'metaDataSourceAdvisor'
2020-03-14 21:57:18.223 [main] DEBUG o.s.b.f.s.DefaultListableBeanFactory - Returning cached instance of singleton bean 'org.springframework.transaction.config.internalTransactionAdvisor'
2020-03-14 21:57:18.223 [main] DEBUG o.s.b.f.s.DefaultListableBeanFactory - Creating shared instance of singleton bean 'org.springframework.cloud.autoconfigure.RefreshEndpointAutoConfiguration$RefreshEndpointConfiguration'
2020-03-14 21:57:18.223 [main] DEBUG o.s.b.f.s.DefaultListableBeanFactory - Creating instance of bean 'org.springframework.cloud.autoconfigure.RefreshEndpointAutoConfiguration$RefreshEndpointConfiguration'
2020-03-14 21:57:18.223 [main] DEBUG o.s.b.f.s.DefaultListableBeanFactory - Returning cached instance of singleton bean 'metaDataSourceAdvisor'
2020-03-14 21:57:18.223 [main] DEBUG o.s.b.f.s.DefaultListableBeanFactory - Returning cached instance of singleton bean 'org.springframework.transaction.config.internalTransactionAdvisor'
2020-03-14 21:57:18.224 [main] DEBUG o.s.b.f.s.DefaultListableBeanFactory - Eagerly caching bean 'org.springframework.cloud.autoconfigure.RefreshEndpointAutoConfiguration$RefreshEndpointConfiguration' to allow for resolving potential circular references
2020-03-14 21:57:18.240 [main] DEBUG o.s.b.f.s.DefaultListableBeanFactory - Returning cached instance of singleton bean 'metaDataSourceAdvisor'
2020-03-14 21:57:18.240 [main] DEBUG o.s.b.f.s.DefaultListableBeanFactory - Returning cached instance of singleton bean 'org.springframework.transaction.config.internalTransactionAdvisor'
2020-03-14 21:57:18.240 [main] DEBUG o.s.b.f.s.DefaultListableBeanFactory - Returning cached instance of singleton bean 'metaDataSourceAdvisor'
2020-03-14 21:57:18.240 [main] DEBUG o.s.b.f.s.DefaultListableBeanFactory - Returning cached instance of singleton bean 'org.springframework.transaction.config.internalTransactionAdvisor'
2020-03-14 21:57:18.241 [main] DEBUG o.s.b.f.s.DefaultListableBeanFactory - Finished creating instance of bean 'org.springframework.cloud.autoconfigure.RefreshEndpointAutoConfiguration$RefreshEndpointConfiguration'
2020-03-14 21:57:18.259 [main] DEBUG o.s.b.f.s.DefaultListableBeanFactory - Creating shared instance of singleton bean 'contextRefresher'
2020-03-14 21:57:18.259 [main] DEBUG o.s.b.f.s.DefaultListableBeanFactory - Creating instance of bean 'contextRefresher'
2020-03-14 21:57:18.260 [main] DEBUG o.s.b.f.s.DefaultListableBeanFactory - Returning cached instance of singleton bean 'metaDataSourceAdvisor'
2020-03-14 21:57:18.260 [main] DEBUG o.s.b.f.s.DefaultListableBeanFactory - Returning cached instance of singleton bean 'org.springframework.transaction.config.internalTransactionAdvisor'
2020-03-14 21:57:18.260 [main] DEBUG o.s.b.f.s.DefaultListableBeanFactory - Creating shared instance of singleton bean 'org.springframework.cloud.autoconfigure.RefreshAutoConfiguration'
2020-03-14 21:57:18.260 [main] DEBUG o.s.b.f.s.DefaultListableBeanFactory - Creating instance of bean 'org.springframework.cloud.autoconfigure.RefreshAutoConfiguration'
2020-03-14 21:57:18.260 [main] DEBUG o.s.b.f.s.DefaultListableBeanFactory - Returning cached instance of singleton bean 'metaDataSourceAdvisor'
2020-03-14 21:57:18.260 [main] DEBUG o.s.b.f.s.DefaultListableBeanFactory - Returning cached instance of singleton bean 'org.springframework.transaction.config.internalTransactionAdvisor'
2020-03-14 21:57:18.263 [main] DEBUG o.s.b.f.s.DefaultListableBeanFactory - Eagerly caching bean 'org.springframework.cloud.autoconfigure.RefreshAutoConfiguration' to allow for resolving potential circular references
2020-03-14 21:57:18.283 [main] DEBUG o.s.b.f.s.DefaultListableBeanFactory - Returning cached instance of singleton bean 'metaDataSourceAdvisor'
2020-03-14 21:57:18.283 [main] DEBUG o.s.b.f.s.DefaultListableBeanFactory - Returning cached instance of singleton bean 'org.springframework.transaction.config.internalTransactionAdvisor'
2020-03-14 21:57:18.283 [main] DEBUG o.s.b.f.s.DefaultListableBeanFactory - Returning cached instance of singleton bean 'metaDataSourceAdvisor'
2020-03-14 21:57:18.283 [main] DEBUG o.s.b.f.s.DefaultListableBeanFactory - Returning cached instance of singleton bean 'org.springframework.transaction.config.internalTransactionAdvisor'
2020-03-14 21:57:18.285 [main] DEBUG o.s.b.f.s.DefaultListableBeanFactory - Finished creating instance of bean 'org.springframework.cloud.autoconfigure.RefreshAutoConfiguration'
2020-03-14 21:57:18.293 [main] DEBUG o.s.b.f.s.DefaultListableBeanFactory - Returning cached instance of singleton bean 'refreshScope'
2020-03-14 21:57:18.295 [main] DEBUG o.s.b.f.s.DefaultListableBeanFactory - Autowiring by type from bean name 'contextRefresher' via factory method to bean named 'org.springframework.web.context.support.GenericWebApplicationContext@1ee4730'
2020-03-14 21:57:18.296 [main] DEBUG o.s.b.f.s.DefaultListableBeanFactory - Autowiring by type from bean name 'contextRefresher' via factory method to bean named 'refreshScope'
2020-03-14 21:57:18.302 [main] DEBUG o.s.b.f.s.DefaultListableBeanFactory - Eagerly caching bean 'contextRefresher' to allow for resolving potential circular references
2020-03-14 21:57:18.308 [main] DEBUG o.s.b.f.s.DefaultListableBeanFactory - Returning cached instance of singleton bean 'metaDataSourceAdvisor'
2020-03-14 21:57:18.309 [main] DEBUG o.s.b.f.s.DefaultListableBeanFactory - Returning cached instance of singleton bean 'org.springframework.transaction.config.internalTransactionAdvisor'
2020-03-14 21:57:18.310 [main] DEBUG o.s.b.f.s.DefaultListableBeanFactory - Returning cached instance of singleton bean 'metaDataSourceAdvisor'
2020-03-14 21:57:18.310 [main] DEBUG o.s.b.f.s.DefaultListableBeanFactory - Returning cached instance of singleton bean 'org.springframework.transaction.config.internalTransactionAdvisor'
2020-03-14 21:57:18.311 [main] DEBUG o.s.b.f.s.DefaultListableBeanFactory - Finished creating instance of bean 'contextRefresher'
2020-03-14 21:57:18.311 [main] DEBUG o.s.b.f.s.DefaultListableBeanFactory - Autowiring by type from bean name 'refreshEndpoint' via factory method to bean named 'contextRefresher'
2020-03-14 21:57:18.321 [main] DEBUG o.s.b.f.s.DefaultListableBeanFactory - Eagerly caching bean 'refreshEndpoint' to allow for resolving potential circular references
2020-03-14 21:57:18.336 [main] DEBUG o.s.b.f.s.DefaultListableBeanFactory - Returning cached instance of singleton bean 'metaDataSourceAdvisor'
2020-03-14 21:57:18.336 [main] DEBUG o.s.b.f.s.DefaultListableBeanFactory - Returning cached instance of singleton bean 'org.springframework.transaction.config.internalTransactionAdvisor'
2020-03-14 21:57:18.336 [main] DEBUG o.s.b.f.s.DefaultListableBeanFactory - Returning cached instance of singleton bean 'metaDataSourceAdvisor'
2020-03-14 21:57:18.336 [main] DEBUG o.s.b.f.s.DefaultListableBeanFactory - Returning cached instance of singleton bean 'org.springframework.transaction.config.internalTransactionAdvisor'
2020-03-14 21:57:18.337 [main] DEBUG o.s.b.f.s.DefaultListableBeanFactory - Finished creating instance of bean 'refreshEndpoint'
2020-03-14 21:57:18.337 [main] DEBUG o.s.b.f.s.DefaultListableBeanFactory - Creating shared instance of singleton bean 'featuresEndpoint'
2020-03-14 21:57:18.337 [main] DEBUG o.s.b.f.s.DefaultListableBeanFactory - Creating instance of bean 'featuresEndpoint'
2020-03-14 21:57:18.337 [main] DEBUG o.s.b.f.s.DefaultListableBeanFactory - Returning cached instance of singleton bean 'metaDataSourceAdvisor'
2020-03-14 21:57:18.338 [main] DEBUG o.s.b.f.s.DefaultListableBeanFactory - Returning cached instance of singleton bean 'org.springframework.transaction.config.internalTransactionAdvisor'
2020-03-14 21:57:18.338 [main] DEBUG o.s.b.f.s.DefaultListableBeanFactory - Creating shared instance of singleton bean 'org.springframework.cloud.client.CommonsClientAutoConfiguration$ActuatorConfiguration'
2020-03-14 21:57:18.338 [main] DEBUG o.s.b.f.s.DefaultListableBeanFactory - Creating instance of bean 'org.springframework.cloud.client.CommonsClientAutoConfiguration$ActuatorConfiguration'
2020-03-14 21:57:18.338 [main] DEBUG o.s.b.f.s.DefaultListableBeanFactory - Returning cached instance of singleton bean 'metaDataSourceAdvisor'
2020-03-14 21:57:18.338 [main] DEBUG o.s.b.f.s.DefaultListableBeanFactory - Returning cached instance of singleton bean 'org.springframework.transaction.config.internalTransactionAdvisor'
2020-03-14 21:57:18.349 [main] DEBUG o.s.b.f.annotation.InjectionMetadata - Registered injected element on class [org.springframework.cloud.client.CommonsClientAutoConfiguration$ActuatorConfiguration$$EnhancerBySpringCGLIB$$833c23ce]: AutowiredFieldElement for private java.util.List org.springframework.cloud.client.CommonsClientAutoConfiguration$ActuatorConfiguration.hasFeatures
2020-03-14 21:57:18.349 [main] DEBUG o.s.b.f.s.DefaultListableBeanFactory - Eagerly caching bean 'org.springframework.cloud.client.CommonsClientAutoConfiguration$ActuatorConfiguration' to allow for resolving potential circular references
2020-03-14 21:57:18.374 [main] DEBUG o.s.b.f.annotation.InjectionMetadata - Processing injected element of bean 'org.springframework.cloud.client.CommonsClientAutoConfiguration$ActuatorConfiguration': AutowiredFieldElement for private java.util.List org.springframework.cloud.client.CommonsClientAutoConfiguration$ActuatorConfiguration.hasFeatures
2020-03-14 21:57:18.375 [main] DEBUG o.s.core.annotation.AnnotationUtils - Failed to meta-introspect annotation interface org.springframework.beans.factory.annotation.Autowired: java.lang.NullPointerException
2020-03-14 21:57:18.380 [main] DEBUG o.s.b.f.s.DefaultListableBeanFactory - Creating shared instance of singleton bean 'eurekaFeature'
2020-03-14 21:57:18.381 [main] DEBUG o.s.b.f.s.DefaultListableBeanFactory - Creating instance of bean 'eurekaFeature'
2020-03-14 21:57:18.381 [main] DEBUG o.s.b.f.s.DefaultListableBeanFactory - Returning cached instance of singleton bean 'metaDataSourceAdvisor'
2020-03-14 21:57:18.381 [main] DEBUG o.s.b.f.s.DefaultListableBeanFactory - Returning cached instance of singleton bean 'org.springframework.transaction.config.internalTransactionAdvisor'
2020-03-14 21:57:18.382 [main] DEBUG o.s.b.f.s.DefaultListableBeanFactory - Returning cached instance of singleton bean 'org.springframework.cloud.netflix.eureka.EurekaClientAutoConfiguration'
2020-03-14 21:57:18.385 [main] DEBUG o.s.b.f.s.DefaultListableBeanFactory - Eagerly caching bean 'eurekaFeature' to allow for resolving potential circular references
2020-03-14 21:57:18.396 [main] DEBUG o.s.b.f.s.DefaultListableBeanFactory - Returning cached instance of singleton bean 'metaDataSourceAdvisor'
2020-03-14 21:57:18.398 [main] DEBUG o.s.b.f.s.DefaultListableBeanFactory - Returning cached instance of singleton bean 'org.springframework.transaction.config.internalTransactionAdvisor'
2020-03-14 21:57:18.398 [main] DEBUG o.s.b.f.s.DefaultListableBeanFactory - Returning cached instance of singleton bean 'metaDataSourceAdvisor'
2020-03-14 21:57:18.399 [main] DEBUG o.s.b.f.s.DefaultListableBeanFactory - Returning cached instance of singleton bean 'org.springframework.transaction.config.internalTransactionAdvisor'
2020-03-14 21:57:18.403 [main] DEBUG o.s.b.f.s.DefaultListableBeanFactory - Finished creating instance of bean 'eurekaFeature'
2020-03-14 21:57:18.403 [main] DEBUG o.s.b.f.s.DefaultListableBeanFactory - Creating shared instance of singleton bean 'commonsFeatures'
2020-03-14 21:57:18.403 [main] DEBUG o.s.b.f.s.DefaultListableBeanFactory - Creating instance of bean 'commonsFeatures'
2020-03-14 21:57:18.404 [main] DEBUG o.s.b.f.s.DefaultListableBeanFactory - Returning cached instance of singleton bean 'metaDataSourceAdvisor'
2020-03-14 21:57:18.404 [main] DEBUG o.s.b.f.s.DefaultListableBeanFactory - Returning cached instance of singleton bean 'org.springframework.transaction.config.internalTransactionAdvisor'
2020-03-14 21:57:18.404 [main] DEBUG o.s.b.f.s.DefaultListableBeanFactory - Returning cached instance of singleton bean 'org.springframework.cloud.client.CommonsClientAutoConfiguration$DiscoveryLoadBalancerConfiguration'
2020-03-14 21:57:18.406 [main] DEBUG o.s.b.f.s.DefaultListableBeanFactory - Eagerly caching bean 'commonsFeatures' to allow for resolving potential circular references
2020-03-14 21:57:18.410 [main] DEBUG o.s.b.f.s.DefaultListableBeanFactory - Returning cached instance of singleton bean 'metaDataSourceAdvisor'
2020-03-14 21:57:18.411 [main] DEBUG o.s.b.f.s.DefaultListableBeanFactory - Returning cached instance of singleton bean 'org.springframework.transaction.config.internalTransactionAdvisor'
2020-03-14 21:57:18.411 [main] DEBUG o.s.b.f.s.DefaultListableBeanFactory - Returning cached instance of singleton bean 'metaDataSourceAdvisor'
2020-03-14 21:57:18.411 [main] DEBUG o.s.b.f.s.DefaultListableBeanFactory - Returning cached instance of singleton bean 'org.springframework.transaction.config.internalTransactionAdvisor'
2020-03-14 21:57:18.411 [main] DEBUG o.s.b.f.s.DefaultListableBeanFactory - Finished creating instance of bean 'commonsFeatures'
2020-03-14 21:57:18.411 [main] DEBUG o.s.b.f.s.DefaultListableBeanFactory - Creating shared instance of singleton bean 'ribbonFeature'
2020-03-14 21:57:18.411 [main] DEBUG o.s.b.f.s.DefaultListableBeanFactory - Creating instance of bean 'ribbonFeature'
2020-03-14 21:57:18.411 [main] DEBUG o.s.b.f.s.DefaultListableBeanFactory - Returning cached instance of singleton bean 'metaDataSourceAdvisor'
2020-03-14 21:57:18.411 [main] DEBUG o.s.b.f.s.DefaultListableBeanFactory - Returning cached instance of singleton bean 'org.springframework.transaction.config.internalTransactionAdvisor'
2020-03-14 21:57:18.417 [main] DEBUG o.s.b.f.s.DefaultListableBeanFactory - Returning cached instance of singleton bean 'org.springframework.cloud.netflix.ribbon.RibbonAutoConfiguration'
2020-03-14 21:57:18.418 [main] DEBUG o.s.b.f.s.DefaultListableBeanFactory - Eagerly caching bean 'ribbonFeature' to allow for resolving potential circular references
2020-03-14 21:57:18.419 [main] DEBUG o.s.b.f.s.DefaultListableBeanFactory - Returning cached instance of singleton bean 'metaDataSourceAdvisor'
2020-03-14 21:57:18.423 [main] DEBUG o.s.b.f.s.DefaultListableBeanFactory - Returning cached instance of singleton bean 'org.springframework.transaction.config.internalTransactionAdvisor'
2020-03-14 21:57:18.423 [main] DEBUG o.s.b.f.s.DefaultListableBeanFactory - Returning cached instance of singleton bean 'metaDataSourceAdvisor'
2020-03-14 21:57:18.424 [main] DEBUG o.s.b.f.s.DefaultListableBeanFactory - Returning cached instance of singleton bean 'org.springframework.transaction.config.internalTransactionAdvisor'
2020-03-14 21:57:18.424 [main] DEBUG o.s.b.f.s.DefaultListableBeanFactory - Finished creating instance of bean 'ribbonFeature'
2020-03-14 21:57:18.424 [main] DEBUG o.s.b.f.s.DefaultListableBeanFactory - Creating shared instance of singleton bean 'feignFeature'
2020-03-14 21:57:18.424 [main] DEBUG o.s.b.f.s.DefaultListableBeanFactory - Creating instance of bean 'feignFeature'
2020-03-14 21:57:18.424 [main] DEBUG o.s.b.f.s.DefaultListableBeanFactory - Returning cached instance of singleton bean 'metaDataSourceAdvisor'
2020-03-14 21:57:18.424 [main] DEBUG o.s.b.f.s.DefaultListableBeanFactory - Returning cached instance of singleton bean 'org.springframework.transaction.config.internalTransactionAdvisor'
2020-03-14 21:57:18.425 [main] DEBUG o.s.b.f.s.DefaultListableBeanFactory - Returning cached instance of singleton bean 'org.springframework.cloud.openfeign.FeignAutoConfiguration'
2020-03-14 21:57:18.426 [main] DEBUG o.s.b.f.s.DefaultListableBeanFactory - Eagerly caching bean 'feignFeature' to allow for resolving potential circular references
2020-03-14 21:57:18.426 [main] DEBUG o.s.b.f.s.DefaultListableBeanFactory - Returning cached instance of singleton bean 'metaDataSourceAdvisor'
2020-03-14 21:57:18.426 [main] DEBUG o.s.b.f.s.DefaultListableBeanFactory - Returning cached instance of singleton bean 'org.springframework.transaction.config.internalTransactionAdvisor'
2020-03-14 21:57:18.426 [main] DEBUG o.s.b.f.s.DefaultListableBeanFactory - Returning cached instance of singleton bean 'metaDataSourceAdvisor'
2020-03-14 21:57:18.426 [main] DEBUG o.s.b.f.s.DefaultListableBeanFactory - Returning cached instance of singleton bean 'org.springframework.transaction.config.internalTransactionAdvisor'
2020-03-14 21:57:18.427 [main] DEBUG o.s.b.f.s.DefaultListableBeanFactory - Finished creating instance of bean 'feignFeature'
2020-03-14 21:57:18.428 [main] DEBUG o.s.b.f.a.AutowiredAnnotationBeanPostProcessor - Autowiring by type from bean name 'org.springframework.cloud.client.CommonsClientAutoConfiguration$ActuatorConfiguration' to bean named 'eurekaFeature'
2020-03-14 21:57:18.429 [main] DEBUG o.s.b.f.a.AutowiredAnnotationBeanPostProcessor - Autowiring by type from bean name 'org.springframework.cloud.client.CommonsClientAutoConfiguration$ActuatorConfiguration' to bean named 'commonsFeatures'
2020-03-14 21:57:18.429 [main] DEBUG o.s.b.f.a.AutowiredAnnotationBeanPostProcessor - Autowiring by type from bean name 'org.springframework.cloud.client.CommonsClientAutoConfiguration$ActuatorConfiguration' to bean named 'ribbonFeature'
2020-03-14 21:57:18.429 [main] DEBUG o.s.b.f.a.AutowiredAnnotationBeanPostProcessor - Autowiring by type from bean name 'org.springframework.cloud.client.CommonsClientAutoConfiguration$ActuatorConfiguration' to bean named 'feignFeature'
2020-03-14 21:57:18.430 [main] DEBUG o.s.b.f.s.DefaultListableBeanFactory - Returning cached instance of singleton bean 'metaDataSourceAdvisor'
2020-03-14 21:57:18.431 [main] DEBUG o.s.b.f.s.DefaultListableBeanFactory - Returning cached instance of singleton bean 'org.springframework.transaction.config.internalTransactionAdvisor'
2020-03-14 21:57:18.431 [main] DEBUG o.s.b.f.s.DefaultListableBeanFactory - Returning cached instance of singleton bean 'metaDataSourceAdvisor'
2020-03-14 21:57:18.431 [main] DEBUG o.s.b.f.s.DefaultListableBeanFactory - Returning cached instance of singleton bean 'org.springframework.transaction.config.internalTransactionAdvisor'
2020-03-14 21:57:18.434 [main] DEBUG o.s.b.f.s.DefaultListableBeanFactory - Finished creating instance of bean 'org.springframework.cloud.client.CommonsClientAutoConfiguration$ActuatorConfiguration'
2020-03-14 21:57:18.439 [main] DEBUG o.s.b.f.s.DefaultListableBeanFactory - Eagerly caching bean 'featuresEndpoint' to allow for resolving potential circular references
2020-03-14 21:57:18.446 [main] DEBUG o.s.b.f.s.DefaultListableBeanFactory - Returning cached instance of singleton bean 'metaDataSourceAdvisor'
2020-03-14 21:57:18.446 [main] DEBUG o.s.b.f.s.DefaultListableBeanFactory - Returning cached instance of singleton bean 'org.springframework.transaction.config.internalTransactionAdvisor'
2020-03-14 21:57:18.446 [main] DEBUG o.s.b.f.s.DefaultListableBeanFactory - Returning cached instance of singleton bean 'metaDataSourceAdvisor'
2020-03-14 21:57:18.446 [main] DEBUG o.s.b.f.s.DefaultListableBeanFactory - Returning cached instance of singleton bean 'org.springframework.transaction.config.internalTransactionAdvisor'
2020-03-14 21:57:18.447 [main] DEBUG o.s.b.f.s.DefaultListableBeanFactory - Finished creating instance of bean 'featuresEndpoint'
2020-03-14 21:57:18.448 [main] DEBUG o.s.b.f.s.DefaultListableBeanFactory - Creating shared instance of singleton bean 'serviceRegistryEndpoint'
2020-03-14 21:57:18.448 [main] DEBUG o.s.b.f.s.DefaultListableBeanFactory - Creating instance of bean 'serviceRegistryEndpoint'
2020-03-14 21:57:18.448 [main] DEBUG o.s.b.f.s.DefaultListableBeanFactory - Returning cached instance of singleton bean 'metaDataSourceAdvisor'
2020-03-14 21:57:18.448 [main] DEBUG o.s.b.f.s.DefaultListableBeanFactory - Returning cached instance of singleton bean 'org.springframework.transaction.config.internalTransactionAdvisor'
2020-03-14 21:57:18.448 [main] DEBUG o.s.b.f.s.DefaultListableBeanFactory - Creating shared instance of singleton bean 'org.springframework.cloud.client.serviceregistry.ServiceRegistryAutoConfiguration$ServiceRegistryEndpointConfiguration'
2020-03-14 21:57:18.448 [main] DEBUG o.s.b.f.s.DefaultListableBeanFactory - Creating instance of bean 'org.springframework.cloud.client.serviceregistry.ServiceRegistryAutoConfiguration$ServiceRegistryEndpointConfiguration'
2020-03-14 21:57:18.448 [main] DEBUG o.s.b.f.s.DefaultListableBeanFactory - Returning cached instance of singleton bean 'metaDataSourceAdvisor'
2020-03-14 21:57:18.448 [main] DEBUG o.s.b.f.s.DefaultListableBeanFactory - Returning cached instance of singleton bean 'org.springframework.transaction.config.internalTransactionAdvisor'
2020-03-14 21:57:18.452 [main] DEBUG o.s.b.f.s.DefaultListableBeanFactory - Creating shared instance of singleton bean 'org.springframework.cloud.client.serviceregistry.ServiceRegistryAutoConfiguration'
2020-03-14 21:57:18.452 [main] DEBUG o.s.b.f.s.DefaultListableBeanFactory - Creating instance of bean 'org.springframework.cloud.client.serviceregistry.ServiceRegistryAutoConfiguration'
2020-03-14 21:57:18.452 [main] DEBUG o.s.b.f.s.DefaultListableBeanFactory - Returning cached instance of singleton bean 'metaDataSourceAdvisor'
2020-03-14 21:57:18.452 [main] DEBUG o.s.b.f.s.DefaultListableBeanFactory - Returning cached instance of singleton bean 'org.springframework.transaction.config.internalTransactionAdvisor'
2020-03-14 21:57:18.453 [main] DEBUG o.s.b.f.s.DefaultListableBeanFactory - Eagerly caching bean 'org.springframework.cloud.client.serviceregistry.ServiceRegistryAutoConfiguration' to allow for resolving potential circular references
2020-03-14 21:57:18.468 [main] DEBUG o.s.b.f.s.DefaultListableBeanFactory - Returning cached instance of singleton bean 'metaDataSourceAdvisor'
2020-03-14 21:57:18.468 [main] DEBUG o.s.b.f.s.DefaultListableBeanFactory - Returning cached instance of singleton bean 'org.springframework.transaction.config.internalTransactionAdvisor'
2020-03-14 21:57:18.468 [main] DEBUG o.s.b.f.s.DefaultListableBeanFactory - Returning cached instance of singleton bean 'metaDataSourceAdvisor'
2020-03-14 21:57:18.469 [main] DEBUG o.s.b.f.s.DefaultListableBeanFactory - Returning cached instance of singleton bean 'org.springframework.transaction.config.internalTransactionAdvisor'
2020-03-14 21:57:18.469 [main] DEBUG o.s.b.f.s.DefaultListableBeanFactory - Finished creating instance of bean 'org.springframework.cloud.client.serviceregistry.ServiceRegistryAutoConfiguration'
2020-03-14 21:57:18.469 [main] DEBUG o.s.b.f.s.DefaultListableBeanFactory - Autowiring by type from bean name 'org.springframework.cloud.client.serviceregistry.ServiceRegistryAutoConfiguration$ServiceRegistryEndpointConfiguration' via constructor to bean named 'org.springframework.cloud.client.serviceregistry.ServiceRegistryAutoConfiguration'
2020-03-14 21:57:18.470 [main] DEBUG o.s.b.f.annotation.InjectionMetadata - Registered injected element on class [org.springframework.cloud.client.serviceregistry.ServiceRegistryAutoConfiguration$ServiceRegistryEndpointConfiguration]: AutowiredFieldElement for private org.springframework.cloud.client.serviceregistry.Registration org.springframework.cloud.client.serviceregistry.ServiceRegistryAutoConfiguration$ServiceRegistryEndpointConfiguration.registration
2020-03-14 21:57:18.470 [main] DEBUG o.s.b.f.s.DefaultListableBeanFactory - Eagerly caching bean 'org.springframework.cloud.client.serviceregistry.ServiceRegistryAutoConfiguration$ServiceRegistryEndpointConfiguration' to allow for resolving potential circular references
2020-03-14 21:57:18.474 [main] DEBUG o.s.b.f.annotation.InjectionMetadata - Processing injected element of bean 'org.springframework.cloud.client.serviceregistry.ServiceRegistryAutoConfiguration$ServiceRegistryEndpointConfiguration': AutowiredFieldElement for private org.springframework.cloud.client.serviceregistry.Registration org.springframework.cloud.client.serviceregistry.ServiceRegistryAutoConfiguration$ServiceRegistryEndpointConfiguration.registration
2020-03-14 21:57:18.475 [main] DEBUG o.s.core.annotation.AnnotationUtils - Failed to meta-introspect annotation interface org.springframework.beans.factory.annotation.Autowired: java.lang.NullPointerException
2020-03-14 21:57:18.481 [main] DEBUG o.s.b.f.s.DefaultListableBeanFactory - Creating shared instance of singleton bean 'eurekaRegistration'
2020-03-14 21:57:18.481 [main] DEBUG o.s.b.f.s.DefaultListableBeanFactory - Creating instance of bean 'eurekaRegistration'
2020-03-14 21:57:18.482 [main] DEBUG o.s.b.f.s.DefaultListableBeanFactory - Eagerly caching bean 'eurekaRegistration' to allow for resolving potential circular references
2020-03-14 21:57:18.483 [main] DEBUG o.s.aop.framework.CglibAopProxy - Creating CGLIB proxy: target source is SimpleBeanTargetSource for target bean 'scopedTarget.eurekaRegistration' of type [org.springframework.cloud.netflix.eureka.serviceregistry.EurekaRegistration]
2020-03-14 21:57:18.491 [main] DEBUG o.s.aop.framework.CglibAopProxy - Unable to apply any optimizations to advised method: public java.lang.String org.springframework.cloud.netflix.eureka.serviceregistry.EurekaRegistration.getHost()
2020-03-14 21:57:18.491 [main] DEBUG o.s.aop.framework.CglibAopProxy - Unable to apply any optimizations to advised method: public int org.springframework.cloud.netflix.eureka.serviceregistry.EurekaRegistration.getPort()
2020-03-14 21:57:18.491 [main] DEBUG o.s.aop.framework.CglibAopProxy - Unable to apply any optimizations to advised method: public java.util.Map org.springframework.cloud.netflix.eureka.serviceregistry.EurekaRegistration.getMetadata()
2020-03-14 21:57:18.491 [main] DEBUG o.s.aop.framework.CglibAopProxy - Unable to apply any optimizations to advised method: public boolean org.springframework.cloud.netflix.eureka.serviceregistry.EurekaRegistration.isSecure()
2020-03-14 21:57:18.491 [main] DEBUG o.s.aop.framework.CglibAopProxy - Unable to apply any optimizations to advised method: protected java.lang.Object org.springframework.cloud.netflix.eureka.serviceregistry.EurekaRegistration.getTargetObject(java.lang.Object,java.lang.Class) throws java.lang.Exception
2020-03-14 21:57:18.492 [main] DEBUG o.s.aop.framework.CglibAopProxy - Unable to apply any optimizations to advised method: public int org.springframework.cloud.netflix.eureka.serviceregistry.EurekaRegistration.getSecurePort()
2020-03-14 21:57:18.492 [main] DEBUG o.s.aop.framework.CglibAopProxy - Unable to apply any optimizations to advised method: public void org.springframework.cloud.netflix.eureka.serviceregistry.EurekaRegistration.setNonSecurePort(int)
2020-03-14 21:57:18.492 [main] DEBUG o.s.aop.framework.CglibAopProxy - Unable to apply any optimizations to advised method: public int org.springframework.cloud.netflix.eureka.serviceregistry.EurekaRegistration.getNonSecurePort()
2020-03-14 21:57:18.492 [main] DEBUG o.s.aop.framework.CglibAopProxy - Unable to apply any optimizations to advised method: public void org.springframework.cloud.netflix.eureka.serviceregistry.EurekaRegistration.setSecurePort(int)
2020-03-14 21:57:18.492 [main] DEBUG o.s.aop.framework.CglibAopProxy - Unable to apply any optimizations to advised method: public java.lang.String org.springframework.cloud.netflix.eureka.serviceregistry.EurekaRegistration.getServiceId()
2020-03-14 21:57:18.492 [main] DEBUG o.s.aop.framework.CglibAopProxy - Unable to apply any optimizations to advised method: public com.netflix.appinfo.ApplicationInfoManager org.springframework.cloud.netflix.eureka.serviceregistry.EurekaRegistration.getApplicationInfoManager()
2020-03-14 21:57:18.492 [main] DEBUG o.s.aop.framework.CglibAopProxy - Unable to apply any optimizations to advised method: public org.springframework.beans.factory.ObjectProvider org.springframework.cloud.netflix.eureka.serviceregistry.EurekaRegistration.getHealthCheckHandler()
2020-03-14 21:57:18.492 [main] DEBUG o.s.aop.framework.CglibAopProxy - Unable to apply any optimizations to advised method: public org.springframework.cloud.netflix.eureka.CloudEurekaInstanceConfig org.springframework.cloud.netflix.eureka.serviceregistry.EurekaRegistration.getInstanceConfig()
2020-03-14 21:57:18.492 [main] DEBUG o.s.aop.framework.CglibAopProxy - Unable to apply any optimizations to advised method: public void org.springframework.cloud.netflix.eureka.serviceregistry.EurekaRegistration.setHealthCheckHandler(org.springframework.beans.factory.ObjectProvider)
2020-03-14 21:57:18.497 [main] DEBUG o.s.aop.framework.CglibAopProxy - Unable to apply any optimizations to advised method: public java.net.URI org.springframework.cloud.netflix.eureka.serviceregistry.EurekaRegistration.getUri()
2020-03-14 21:57:18.498 [main] DEBUG o.s.aop.framework.CglibAopProxy - Unable to apply any optimizations to advised method: public org.springframework.cloud.netflix.eureka.CloudEurekaClient org.springframework.cloud.netflix.eureka.serviceregistry.EurekaRegistration.getEurekaClient()
2020-03-14 21:57:18.498 [main] DEBUG o.s.aop.framework.CglibAopProxy - Found 'equals' method: public boolean java.lang.Object.equals(java.lang.Object)
2020-03-14 21:57:18.498 [main] DEBUG o.s.aop.framework.CglibAopProxy - Unable to apply any optimizations to advised method: public java.lang.String java.lang.Object.toString()
2020-03-14 21:57:18.498 [main] DEBUG o.s.aop.framework.CglibAopProxy - Found 'hashCode' method: public native int java.lang.Object.hashCode()
2020-03-14 21:57:18.498 [main] DEBUG o.s.aop.framework.CglibAopProxy - Unable to apply any optimizations to advised method: protected native java.lang.Object java.lang.Object.clone() throws java.lang.CloneNotSupportedException
2020-03-14 21:57:18.498 [main] DEBUG o.s.aop.framework.CglibAopProxy - Unable to apply any optimizations to advised method: public default java.lang.String org.springframework.cloud.client.ServiceInstance.getScheme()
2020-03-14 21:57:18.498 [main] DEBUG o.s.aop.framework.CglibAopProxy - Unable to apply any optimizations to advised method: public abstract void org.springframework.aop.scope.ScopedObject.removeFromScope()
2020-03-14 21:57:18.498 [main] DEBUG o.s.aop.framework.CglibAopProxy - Unable to apply any optimizations to advised method: public abstract java.lang.Object org.springframework.aop.scope.ScopedObject.getTargetObject()
2020-03-14 21:57:18.498 [main] DEBUG o.s.aop.framework.CglibAopProxy - Method is declared on Advised interface: public abstract int org.springframework.aop.framework.Advised.indexOf(org.springframework.aop.Advisor)
2020-03-14 21:57:18.498 [main] DEBUG o.s.aop.framework.CglibAopProxy - Method is declared on Advised interface: public abstract int org.springframework.aop.framework.Advised.indexOf(org.aopalliance.aop.Advice)
2020-03-14 21:57:18.498 [main] DEBUG o.s.aop.framework.CglibAopProxy - Method is declared on Advised interface: public abstract boolean org.springframework.aop.framework.Advised.isFrozen()
2020-03-14 21:57:18.498 [main] DEBUG o.s.aop.framework.CglibAopProxy - Method is declared on Advised interface: public abstract java.lang.String org.springframework.aop.framework.Advised.toProxyConfigString()
2020-03-14 21:57:18.498 [main] DEBUG o.s.aop.framework.CglibAopProxy - Method is declared on Advised interface: public abstract java.lang.Class[] org.springframework.aop.framework.Advised.getProxiedInterfaces()
2020-03-14 21:57:18.499 [main] DEBUG o.s.aop.framework.CglibAopProxy - Method is declared on Advised interface: public abstract boolean org.springframework.aop.framework.Advised.isInterfaceProxied(java.lang.Class)
2020-03-14 21:57:18.499 [main] DEBUG o.s.aop.framework.CglibAopProxy - Method is declared on Advised interface: public abstract boolean org.springframework.aop.framework.Advised.isProxyTargetClass()
2020-03-14 21:57:18.499 [main] DEBUG o.s.aop.framework.CglibAopProxy - Method is declared on Advised interface: public abstract void org.springframework.aop.framework.Advised.addAdvice(int,org.aopalliance.aop.Advice) throws org.springframework.aop.framework.AopConfigException
2020-03-14 21:57:18.499 [main] DEBUG o.s.aop.framework.CglibAopProxy - Method is declared on Advised interface: public abstract void org.springframework.aop.framework.Advised.addAdvice(org.aopalliance.aop.Advice) throws org.springframework.aop.framework.AopConfigException
2020-03-14 21:57:18.499 [main] DEBUG o.s.aop.framework.CglibAopProxy - Method is declared on Advised interface: public abstract boolean org.springframework.aop.framework.Advised.isPreFiltered()
2020-03-14 21:57:18.499 [main] DEBUG o.s.aop.framework.CglibAopProxy - Method is declared on Advised interface: public abstract org.springframework.aop.TargetSource org.springframework.aop.framework.Advised.getTargetSource()
2020-03-14 21:57:18.499 [main] DEBUG o.s.aop.framework.CglibAopProxy - Method is declared on Advised interface: public abstract void org.springframework.aop.framework.Advised.setTargetSource(org.springframework.aop.TargetSource)
2020-03-14 21:57:18.499 [main] DEBUG o.s.aop.framework.CglibAopProxy - Method is declared on Advised interface: public abstract boolean org.springframework.aop.framework.Advised.isExposeProxy()
2020-03-14 21:57:18.499 [main] DEBUG o.s.aop.framework.CglibAopProxy - Method is declared on Advised interface: public abstract org.springframework.aop.Advisor[] org.springframework.aop.framework.Advised.getAdvisors()
2020-03-14 21:57:18.499 [main] DEBUG o.s.aop.framework.CglibAopProxy - Method is declared on Advised interface: public abstract void org.springframework.aop.framework.Advised.setPreFiltered(boolean)
2020-03-14 21:57:18.499 [main] DEBUG o.s.aop.framework.CglibAopProxy - Method is declared on Advised interface: public abstract void org.springframework.aop.framework.Advised.addAdvisor(org.springframework.aop.Advisor) throws org.springframework.aop.framework.AopConfigException
2020-03-14 21:57:18.499 [main] DEBUG o.s.aop.framework.CglibAopProxy - Method is declared on Advised interface: public abstract void org.springframework.aop.framework.Advised.addAdvisor(int,org.springframework.aop.Advisor) throws org.springframework.aop.framework.AopConfigException
2020-03-14 21:57:18.499 [main] DEBUG o.s.aop.framework.CglibAopProxy - Method is declared on Advised interface: public abstract boolean org.springframework.aop.framework.Advised.removeAdvice(org.aopalliance.aop.Advice)
2020-03-14 21:57:18.499 [main] DEBUG o.s.aop.framework.CglibAopProxy - Method is declared on Advised interface: public abstract void org.springframework.aop.framework.Advised.setExposeProxy(boolean)
2020-03-14 21:57:18.499 [main] DEBUG o.s.aop.framework.CglibAopProxy - Method is declared on Advised interface: public abstract boolean org.springframework.aop.framework.Advised.removeAdvisor(org.springframework.aop.Advisor)
2020-03-14 21:57:18.499 [main] DEBUG o.s.aop.framework.CglibAopProxy - Method is declared on Advised interface: public abstract void org.springframework.aop.framework.Advised.removeAdvisor(int) throws org.springframework.aop.framework.AopConfigException
2020-03-14 21:57:18.499 [main] DEBUG o.s.aop.framework.CglibAopProxy - Method is declared on Advised interface: public abstract boolean org.springframework.aop.framework.Advised.replaceAdvisor(org.springframework.aop.Advisor,org.springframework.aop.Advisor) throws org.springframework.aop.framework.AopConfigException
2020-03-14 21:57:18.499 [main] DEBUG o.s.aop.framework.CglibAopProxy - Method is declared on Advised interface: public abstract java.lang.Class org.springframework.aop.TargetClassAware.getTargetClass()
2020-03-14 21:57:18.540 [main] DEBUG o.s.b.f.s.DefaultListableBeanFactory - Finished creating instance of bean 'eurekaRegistration'
2020-03-14 21:57:18.543 [main] DEBUG o.s.b.f.a.AutowiredAnnotationBeanPostProcessor - Autowiring by type from bean name 'org.springframework.cloud.client.serviceregistry.ServiceRegistryAutoConfiguration$ServiceRegistryEndpointConfiguration' to bean named 'eurekaRegistration'
2020-03-14 21:57:18.544 [main] DEBUG o.s.b.f.s.DefaultListableBeanFactory - Returning cached instance of singleton bean 'metaDataSourceAdvisor'
2020-03-14 21:57:18.544 [main] DEBUG o.s.b.f.s.DefaultListableBeanFactory - Returning cached instance of singleton bean 'org.springframework.transaction.config.internalTransactionAdvisor'
2020-03-14 21:57:18.544 [main] DEBUG o.s.b.f.s.DefaultListableBeanFactory - Returning cached instance of singleton bean 'metaDataSourceAdvisor'
2020-03-14 21:57:18.545 [main] DEBUG o.s.b.f.s.DefaultListableBeanFactory - Returning cached instance of singleton bean 'org.springframework.transaction.config.internalTransactionAdvisor'
2020-03-14 21:57:18.546 [main] DEBUG o.s.b.f.s.DefaultListableBeanFactory - Finished creating instance of bean 'org.springframework.cloud.client.serviceregistry.ServiceRegistryAutoConfiguration$ServiceRegistryEndpointConfiguration'
2020-03-14 21:57:18.556 [main] DEBUG o.s.b.f.s.DefaultListableBeanFactory - Creating shared instance of singleton bean 'eurekaServiceRegistry'
2020-03-14 21:57:18.556 [main] DEBUG o.s.b.f.s.DefaultListableBeanFactory - Creating instance of bean 'eurekaServiceRegistry'
2020-03-14 21:57:18.556 [main] DEBUG o.s.b.f.s.DefaultListableBeanFactory - Returning cached instance of singleton bean 'metaDataSourceAdvisor'
2020-03-14 21:57:18.556 [main] DEBUG o.s.b.f.s.DefaultListableBeanFactory - Returning cached instance of singleton bean 'org.springframework.transaction.config.internalTransactionAdvisor'
2020-03-14 21:57:18.557 [main] DEBUG o.s.b.f.s.DefaultListableBeanFactory - Returning cached instance of singleton bean 'org.springframework.cloud.netflix.eureka.EurekaClientAutoConfiguration'
2020-03-14 21:57:18.558 [main] DEBUG o.s.b.f.s.DefaultListableBeanFactory - Eagerly caching bean 'eurekaServiceRegistry' to allow for resolving potential circular references
2020-03-14 21:57:18.572 [main] DEBUG o.s.b.f.s.DefaultListableBeanFactory - Returning cached instance of singleton bean 'metaDataSourceAdvisor'
2020-03-14 21:57:18.572 [main] DEBUG o.s.b.f.s.DefaultListableBeanFactory - Returning cached instance of singleton bean 'org.springframework.transaction.config.internalTransactionAdvisor'
2020-03-14 21:57:18.572 [main] DEBUG o.s.b.f.s.DefaultListableBeanFactory - Returning cached instance of singleton bean 'metaDataSourceAdvisor'
2020-03-14 21:57:18.572 [main] DEBUG o.s.b.f.s.DefaultListableBeanFactory - Returning cached instance of singleton bean 'org.springframework.transaction.config.internalTransactionAdvisor'
2020-03-14 21:57:18.573 [main] DEBUG o.s.b.f.s.DefaultListableBeanFactory - Finished creating instance of bean 'eurekaServiceRegistry'
2020-03-14 21:57:18.573 [main] DEBUG o.s.b.f.s.DefaultListableBeanFactory - Autowiring by type from bean name 'serviceRegistryEndpoint' via factory method to bean named 'eurekaServiceRegistry'
2020-03-14 21:57:18.575 [main] DEBUG o.s.b.f.s.DefaultListableBeanFactory - Eagerly caching bean 'serviceRegistryEndpoint' to allow for resolving potential circular references
2020-03-14 21:57:18.635 [main] DEBUG o.s.b.f.s.DefaultListableBeanFactory - Returning cached instance of singleton bean 'metaDataSourceAdvisor'
2020-03-14 21:57:18.635 [main] DEBUG o.s.b.f.s.DefaultListableBeanFactory - Returning cached instance of singleton bean 'org.springframework.transaction.config.internalTransactionAdvisor'
2020-03-14 21:57:18.635 [main] DEBUG o.s.b.f.s.DefaultListableBeanFactory - Returning cached instance of singleton bean 'metaDataSourceAdvisor'
2020-03-14 21:57:18.635 [main] DEBUG o.s.b.f.s.DefaultListableBeanFactory - Returning cached instance of singleton bean 'org.springframework.transaction.config.internalTransactionAdvisor'
2020-03-14 21:57:18.637 [main] DEBUG o.s.b.f.s.DefaultListableBeanFactory - Finished creating instance of bean 'serviceRegistryEndpoint'
2020-03-14 21:57:18.649 [main] DEBUG o.s.b.f.s.DefaultListableBeanFactory - Creating shared instance of singleton bean 'healthEndpointWebExtension'
2020-03-14 21:57:18.649 [main] DEBUG o.s.b.f.s.DefaultListableBeanFactory - Creating instance of bean 'healthEndpointWebExtension'
2020-03-14 21:57:18.650 [main] DEBUG o.s.b.f.s.DefaultListableBeanFactory - Returning cached instance of singleton bean 'metaDataSourceAdvisor'
2020-03-14 21:57:18.650 [main] DEBUG o.s.b.f.s.DefaultListableBeanFactory - Returning cached instance of singleton bean 'org.springframework.transaction.config.internalTransactionAdvisor'
2020-03-14 21:57:18.650 [main] DEBUG o.s.b.f.s.DefaultListableBeanFactory - Creating shared instance of singleton bean 'org.springframework.boot.actuate.autoconfigure.health.HealthEndpointWebExtensionConfiguration$ServletWebHealthConfiguration'
2020-03-14 21:57:18.650 [main] DEBUG o.s.b.f.s.DefaultListableBeanFactory - Creating instance of bean 'org.springframework.boot.actuate.autoconfigure.health.HealthEndpointWebExtensionConfiguration$ServletWebHealthConfiguration'
2020-03-14 21:57:18.650 [main] DEBUG o.s.b.f.s.DefaultListableBeanFactory - Returning cached instance of singleton bean 'metaDataSourceAdvisor'
2020-03-14 21:57:18.650 [main] DEBUG o.s.b.f.s.DefaultListableBeanFactory - Returning cached instance of singleton bean 'org.springframework.transaction.config.internalTransactionAdvisor'
2020-03-14 21:57:18.651 [main] DEBUG o.s.b.f.s.DefaultListableBeanFactory - Eagerly caching bean 'org.springframework.boot.actuate.autoconfigure.health.HealthEndpointWebExtensionConfiguration$ServletWebHealthConfiguration' to allow for resolving potential circular references
2020-03-14 21:57:18.668 [main] DEBUG o.s.b.f.s.DefaultListableBeanFactory - Returning cached instance of singleton bean 'metaDataSourceAdvisor'
2020-03-14 21:57:18.668 [main] DEBUG o.s.b.f.s.DefaultListableBeanFactory - Returning cached instance of singleton bean 'org.springframework.transaction.config.internalTransactionAdvisor'
2020-03-14 21:57:18.668 [main] DEBUG o.s.b.f.s.DefaultListableBeanFactory - Returning cached instance of singleton bean 'metaDataSourceAdvisor'
2020-03-14 21:57:18.668 [main] DEBUG o.s.b.f.s.DefaultListableBeanFactory - Returning cached instance of singleton bean 'org.springframework.transaction.config.internalTransactionAdvisor'
2020-03-14 21:57:18.669 [main] DEBUG o.s.b.f.s.DefaultListableBeanFactory - Finished creating instance of bean 'org.springframework.boot.actuate.autoconfigure.health.HealthEndpointWebExtensionConfiguration$ServletWebHealthConfiguration'
2020-03-14 21:57:18.676 [main] DEBUG o.s.b.f.s.DefaultListableBeanFactory - Creating shared instance of singleton bean 'healthWebEndpointResponseMapper'
2020-03-14 21:57:18.676 [main] DEBUG o.s.b.f.s.DefaultListableBeanFactory - Creating instance of bean 'healthWebEndpointResponseMapper'
2020-03-14 21:57:18.676 [main] DEBUG o.s.b.f.s.DefaultListableBeanFactory - Returning cached instance of singleton bean 'metaDataSourceAdvisor'
2020-03-14 21:57:18.676 [main] DEBUG o.s.b.f.s.DefaultListableBeanFactory - Returning cached instance of singleton bean 'org.springframework.transaction.config.internalTransactionAdvisor'
2020-03-14 21:57:18.677 [main] DEBUG o.s.b.f.s.DefaultListableBeanFactory - Creating shared instance of singleton bean 'org.springframework.boot.actuate.autoconfigure.health.HealthEndpointWebExtensionConfiguration'
2020-03-14 21:57:18.677 [main] DEBUG o.s.b.f.s.DefaultListableBeanFactory - Creating instance of bean 'org.springframework.boot.actuate.autoconfigure.health.HealthEndpointWebExtensionConfiguration'
2020-03-14 21:57:18.677 [main] DEBUG o.s.b.f.s.DefaultListableBeanFactory - Returning cached instance of singleton bean 'metaDataSourceAdvisor'
2020-03-14 21:57:18.677 [main] DEBUG o.s.b.f.s.DefaultListableBeanFactory - Returning cached instance of singleton bean 'org.springframework.transaction.config.internalTransactionAdvisor'
2020-03-14 21:57:18.677 [main] DEBUG o.s.b.f.s.DefaultListableBeanFactory - Eagerly caching bean 'org.springframework.boot.actuate.autoconfigure.health.HealthEndpointWebExtensionConfiguration' to allow for resolving potential circular references
2020-03-14 21:57:18.686 [main] DEBUG o.s.b.f.s.DefaultListableBeanFactory - Returning cached instance of singleton bean 'metaDataSourceAdvisor'
2020-03-14 21:57:18.686 [main] DEBUG o.s.b.f.s.DefaultListableBeanFactory - Returning cached instance of singleton bean 'org.springframework.transaction.config.internalTransactionAdvisor'
2020-03-14 21:57:18.686 [main] DEBUG o.s.b.f.s.DefaultListableBeanFactory - Returning cached instance of singleton bean 'metaDataSourceAdvisor'
2020-03-14 21:57:18.686 [main] DEBUG o.s.b.f.s.DefaultListableBeanFactory - Returning cached instance of singleton bean 'org.springframework.transaction.config.internalTransactionAdvisor'
2020-03-14 21:57:18.687 [main] DEBUG o.s.b.f.s.DefaultListableBeanFactory - Finished creating instance of bean 'org.springframework.boot.actuate.autoconfigure.health.HealthEndpointWebExtensionConfiguration'
2020-03-14 21:57:18.690 [main] DEBUG o.s.b.f.s.DefaultListableBeanFactory - Creating shared instance of singleton bean 'createHealthStatusHttpMapper'
2020-03-14 21:57:18.690 [main] DEBUG o.s.b.f.s.DefaultListableBeanFactory - Creating instance of bean 'createHealthStatusHttpMapper'
2020-03-14 21:57:18.690 [main] DEBUG o.s.b.f.s.DefaultListableBeanFactory - Returning cached instance of singleton bean 'metaDataSourceAdvisor'
2020-03-14 21:57:18.691 [main] DEBUG o.s.b.f.s.DefaultListableBeanFactory - Returning cached instance of singleton bean 'org.springframework.transaction.config.internalTransactionAdvisor'
2020-03-14 21:57:18.691 [main] DEBUG o.s.b.f.s.DefaultListableBeanFactory - Returning cached instance of singleton bean 'org.springframework.boot.actuate.autoconfigure.health.HealthEndpointWebExtensionConfiguration'
2020-03-14 21:57:18.691 [main] DEBUG o.s.b.f.s.DefaultListableBeanFactory - Returning cached instance of singleton bean 'management.health.status-org.springframework.boot.actuate.autoconfigure.health.HealthIndicatorProperties'
2020-03-14 21:57:18.692 [main] DEBUG o.s.b.f.s.DefaultListableBeanFactory - Autowiring by type from bean name 'createHealthStatusHttpMapper' via factory method to bean named 'management.health.status-org.springframework.boot.actuate.autoconfigure.health.HealthIndicatorProperties'
2020-03-14 21:57:18.699 [main] DEBUG o.s.b.f.s.DefaultListableBeanFactory - Eagerly caching bean 'createHealthStatusHttpMapper' to allow for resolving potential circular references
2020-03-14 21:57:18.702 [main] DEBUG o.s.b.f.s.DefaultListableBeanFactory - Returning cached instance of singleton bean 'metaDataSourceAdvisor'
2020-03-14 21:57:18.702 [main] DEBUG o.s.b.f.s.DefaultListableBeanFactory - Returning cached instance of singleton bean 'org.springframework.transaction.config.internalTransactionAdvisor'
2020-03-14 21:57:18.702 [main] DEBUG o.s.b.f.s.DefaultListableBeanFactory - Returning cached instance of singleton bean 'metaDataSourceAdvisor'
2020-03-14 21:57:18.702 [main] DEBUG o.s.b.f.s.DefaultListableBeanFactory - Returning cached instance of singleton bean 'org.springframework.transaction.config.internalTransactionAdvisor'
2020-03-14 21:57:18.702 [main] DEBUG o.s.b.f.s.DefaultListableBeanFactory - Finished creating instance of bean 'createHealthStatusHttpMapper'
2020-03-14 21:57:18.705 [main] DEBUG o.s.b.f.s.DefaultListableBeanFactory - Creating shared instance of singleton bean 'management.endpoint.health-org.springframework.boot.actuate.autoconfigure.health.HealthEndpointProperties'
2020-03-14 21:57:18.705 [main] DEBUG o.s.b.f.s.DefaultListableBeanFactory - Creating instance of bean 'management.endpoint.health-org.springframework.boot.actuate.autoconfigure.health.HealthEndpointProperties'
2020-03-14 21:57:18.705 [main] DEBUG o.s.b.f.s.DefaultListableBeanFactory - Returning cached instance of singleton bean 'metaDataSourceAdvisor'
2020-03-14 21:57:18.705 [main] DEBUG o.s.b.f.s.DefaultListableBeanFactory - Returning cached instance of singleton bean 'org.springframework.transaction.config.internalTransactionAdvisor'
2020-03-14 21:57:18.705 [main] DEBUG o.s.b.f.s.DefaultListableBeanFactory - Eagerly caching bean 'management.endpoint.health-org.springframework.boot.actuate.autoconfigure.health.HealthEndpointProperties' to allow for resolving potential circular references
2020-03-14 21:57:18.711 [main] DEBUG o.s.b.f.s.DefaultListableBeanFactory - Returning cached instance of singleton bean 'metaDataSourceAdvisor'
2020-03-14 21:57:18.711 [main] DEBUG o.s.b.f.s.DefaultListableBeanFactory - Returning cached instance of singleton bean 'org.springframework.transaction.config.internalTransactionAdvisor'
2020-03-14 21:57:18.711 [main] DEBUG o.s.b.f.s.DefaultListableBeanFactory - Returning cached instance of singleton bean 'metaDataSourceAdvisor'
2020-03-14 21:57:18.711 [main] DEBUG o.s.b.f.s.DefaultListableBeanFactory - Returning cached instance of singleton bean 'org.springframework.transaction.config.internalTransactionAdvisor'
2020-03-14 21:57:18.713 [main] DEBUG o.s.b.f.s.DefaultListableBeanFactory - Finished creating instance of bean 'management.endpoint.health-org.springframework.boot.actuate.autoconfigure.health.HealthEndpointProperties'
2020-03-14 21:57:18.713 [main] DEBUG o.s.b.f.s.DefaultListableBeanFactory - Autowiring by type from bean name 'healthWebEndpointResponseMapper' via factory method to bean named 'createHealthStatusHttpMapper'
2020-03-14 21:57:18.713 [main] DEBUG o.s.b.f.s.DefaultListableBeanFactory - Autowiring by type from bean name 'healthWebEndpointResponseMapper' via factory method to bean named 'management.endpoint.health-org.springframework.boot.actuate.autoconfigure.health.HealthEndpointProperties'
2020-03-14 21:57:18.714 [main] DEBUG o.s.b.f.s.DefaultListableBeanFactory - Eagerly caching bean 'healthWebEndpointResponseMapper' to allow for resolving potential circular references
2020-03-14 21:57:18.725 [main] DEBUG o.s.b.f.s.DefaultListableBeanFactory - Returning cached instance of singleton bean 'metaDataSourceAdvisor'
2020-03-14 21:57:18.726 [main] DEBUG o.s.b.f.s.DefaultListableBeanFactory - Returning cached instance of singleton bean 'org.springframework.transaction.config.internalTransactionAdvisor'
2020-03-14 21:57:18.726 [main] DEBUG o.s.b.f.s.DefaultListableBeanFactory - Returning cached instance of singleton bean 'metaDataSourceAdvisor'
2020-03-14 21:57:18.726 [main] DEBUG o.s.b.f.s.DefaultListableBeanFactory - Returning cached instance of singleton bean 'org.springframework.transaction.config.internalTransactionAdvisor'
2020-03-14 21:57:18.726 [main] DEBUG o.s.b.f.s.DefaultListableBeanFactory - Finished creating instance of bean 'healthWebEndpointResponseMapper'
2020-03-14 21:57:18.726 [main] DEBUG o.s.b.f.s.DefaultListableBeanFactory - Autowiring by type from bean name 'healthEndpointWebExtension' via factory method to bean named 'org.springframework.web.context.support.GenericWebApplicationContext@1ee4730'
2020-03-14 21:57:18.727 [main] DEBUG o.s.b.f.s.DefaultListableBeanFactory - Autowiring by type from bean name 'healthEndpointWebExtension' via factory method to bean named 'healthWebEndpointResponseMapper'
2020-03-14 21:57:18.735 [main] DEBUG o.s.b.f.s.DefaultListableBeanFactory - Returning cached instance of singleton bean 'healthAggregator'
2020-03-14 21:57:18.735 [main] DEBUG o.s.b.f.s.DefaultListableBeanFactory - Returning cached instance of singleton bean 'diskSpaceHealthIndicator'
2020-03-14 21:57:18.736 [main] DEBUG o.s.b.f.s.DefaultListableBeanFactory - Returning cached instance of singleton bean 'mongoHealthIndicator'
2020-03-14 21:57:18.736 [main] DEBUG o.s.b.f.s.DefaultListableBeanFactory - Returning cached instance of singleton bean 'dbHealthIndicator'
2020-03-14 21:57:18.736 [main] DEBUG o.s.b.f.s.DefaultListableBeanFactory - Returning cached instance of singleton bean 'refreshScopeHealthIndicator'
2020-03-14 21:57:18.737 [main] DEBUG o.s.b.f.s.DefaultListableBeanFactory - Returning cached instance of singleton bean 'discoveryCompositeHealthIndicator'
2020-03-14 21:57:18.737 [main] DEBUG o.s.b.f.s.DefaultListableBeanFactory - Returning cached instance of singleton bean 'hystrixHealthIndicator'
2020-03-14 21:57:18.739 [main] DEBUG o.s.b.f.s.DefaultListableBeanFactory - Eagerly caching bean 'healthEndpointWebExtension' to allow for resolving potential circular references
2020-03-14 21:57:18.743 [main] DEBUG o.s.b.f.s.DefaultListableBeanFactory - Returning cached instance of singleton bean 'metaDataSourceAdvisor'
2020-03-14 21:57:18.743 [main] DEBUG o.s.b.f.s.DefaultListableBeanFactory - Returning cached instance of singleton bean 'org.springframework.transaction.config.internalTransactionAdvisor'
2020-03-14 21:57:18.743 [main] DEBUG o.s.b.f.s.DefaultListableBeanFactory - Returning cached instance of singleton bean 'metaDataSourceAdvisor'
2020-03-14 21:57:18.743 [main] DEBUG o.s.b.f.s.DefaultListableBeanFactory - Returning cached instance of singleton bean 'org.springframework.transaction.config.internalTransactionAdvisor'
2020-03-14 21:57:18.744 [main] DEBUG o.s.b.f.s.DefaultListableBeanFactory - Finished creating instance of bean 'healthEndpointWebExtension'
2020-03-14 21:57:18.752 [main] DEBUG o.s.b.f.s.DefaultListableBeanFactory - Creating shared instance of singleton bean 'environmentEndpointWebExtension'
2020-03-14 21:57:18.752 [main] DEBUG o.s.b.f.s.DefaultListableBeanFactory - Creating instance of bean 'environmentEndpointWebExtension'
2020-03-14 21:57:18.752 [main] DEBUG o.s.b.f.s.DefaultListableBeanFactory - Returning cached instance of singleton bean 'metaDataSourceAdvisor'
2020-03-14 21:57:18.752 [main] DEBUG o.s.b.f.s.DefaultListableBeanFactory - Returning cached instance of singleton bean 'org.springframework.transaction.config.internalTransactionAdvisor'
2020-03-14 21:57:18.752 [main] DEBUG o.s.b.f.s.DefaultListableBeanFactory - Returning cached instance of singleton bean 'org.springframework.cloud.autoconfigure.WritableEnvironmentEndpointAutoConfiguration'
2020-03-14 21:57:18.755 [main] DEBUG o.s.b.f.s.DefaultListableBeanFactory - Returning cached instance of singleton bean 'environmentEndpoint'
2020-03-14 21:57:18.758 [main] DEBUG o.s.b.f.s.DefaultListableBeanFactory - Creating shared instance of singleton bean 'environmentManager'
2020-03-14 21:57:18.758 [main] DEBUG o.s.b.f.s.DefaultListableBeanFactory - Creating instance of bean 'environmentManager'
2020-03-14 21:57:18.758 [main] DEBUG o.s.b.f.s.DefaultListableBeanFactory - Returning cached instance of singleton bean 'metaDataSourceAdvisor'
2020-03-14 21:57:18.758 [main] DEBUG o.s.b.f.s.DefaultListableBeanFactory - Returning cached instance of singleton bean 'org.springframework.transaction.config.internalTransactionAdvisor'
2020-03-14 21:57:18.759 [main] DEBUG o.s.b.f.s.DefaultListableBeanFactory - Creating shared instance of singleton bean 'org.springframework.cloud.autoconfigure.LifecycleMvcEndpointAutoConfiguration'
2020-03-14 21:57:18.759 [main] DEBUG o.s.b.f.s.DefaultListableBeanFactory - Creating instance of bean 'org.springframework.cloud.autoconfigure.LifecycleMvcEndpointAutoConfiguration'
2020-03-14 21:57:18.759 [main] DEBUG o.s.b.f.s.DefaultListableBeanFactory - Returning cached instance of singleton bean 'metaDataSourceAdvisor'
2020-03-14 21:57:18.759 [main] DEBUG o.s.b.f.s.DefaultListableBeanFactory - Returning cached instance of singleton bean 'org.springframework.transaction.config.internalTransactionAdvisor'
2020-03-14 21:57:18.760 [main] DEBUG o.s.b.f.s.DefaultListableBeanFactory - Eagerly caching bean 'org.springframework.cloud.autoconfigure.LifecycleMvcEndpointAutoConfiguration' to allow for resolving potential circular references
2020-03-14 21:57:18.771 [main] DEBUG o.s.b.f.s.DefaultListableBeanFactory - Returning cached instance of singleton bean 'metaDataSourceAdvisor'
2020-03-14 21:57:18.772 [main] DEBUG o.s.b.f.s.DefaultListableBeanFactory - Returning cached instance of singleton bean 'org.springframework.transaction.config.internalTransactionAdvisor'
2020-03-14 21:57:18.773 [main] DEBUG o.s.b.f.s.DefaultListableBeanFactory - Returning cached instance of singleton bean 'metaDataSourceAdvisor'
2020-03-14 21:57:18.773 [main] DEBUG o.s.b.f.s.DefaultListableBeanFactory - Returning cached instance of singleton bean 'org.springframework.transaction.config.internalTransactionAdvisor'
2020-03-14 21:57:18.775 [main] DEBUG o.s.b.f.s.DefaultListableBeanFactory - Finished creating instance of bean 'org.springframework.cloud.autoconfigure.LifecycleMvcEndpointAutoConfiguration'
2020-03-14 21:57:18.775 [main] DEBUG o.s.b.f.s.DefaultListableBeanFactory - Returning cached instance of singleton bean 'environment'
2020-03-14 21:57:18.775 [main] DEBUG o.s.b.f.s.DefaultListableBeanFactory - Autowiring by type from bean name 'environmentManager' via factory method to bean named 'environment'
2020-03-14 21:57:18.783 [main] DEBUG o.s.b.f.s.DefaultListableBeanFactory - Eagerly caching bean 'environmentManager' to allow for resolving potential circular references
2020-03-14 21:57:18.788 [main] DEBUG o.s.b.f.s.DefaultListableBeanFactory - Returning cached instance of singleton bean 'metaDataSourceAdvisor'
2020-03-14 21:57:18.788 [main] DEBUG o.s.b.f.s.DefaultListableBeanFactory - Returning cached instance of singleton bean 'org.springframework.transaction.config.internalTransactionAdvisor'
2020-03-14 21:57:18.788 [main] DEBUG o.s.b.f.s.DefaultListableBeanFactory - Returning cached instance of singleton bean 'metaDataSourceAdvisor'
2020-03-14 21:57:18.788 [main] DEBUG o.s.b.f.s.DefaultListableBeanFactory - Returning cached instance of singleton bean 'org.springframework.transaction.config.internalTransactionAdvisor'
2020-03-14 21:57:18.789 [main] DEBUG o.s.b.f.s.DefaultListableBeanFactory - Finished creating instance of bean 'environmentManager'
2020-03-14 21:57:18.789 [main] DEBUG o.s.b.f.s.DefaultListableBeanFactory - Autowiring by type from bean name 'environmentEndpointWebExtension' via factory method to bean named 'environmentEndpoint'
2020-03-14 21:57:18.789 [main] DEBUG o.s.b.f.s.DefaultListableBeanFactory - Autowiring by type from bean name 'environmentEndpointWebExtension' via factory method to bean named 'environmentManager'
2020-03-14 21:57:18.796 [main] DEBUG o.s.b.f.s.DefaultListableBeanFactory - Eagerly caching bean 'environmentEndpointWebExtension' to allow for resolving potential circular references
2020-03-14 21:57:18.806 [main] DEBUG o.s.b.f.s.DefaultListableBeanFactory - Returning cached instance of singleton bean 'metaDataSourceAdvisor'
2020-03-14 21:57:18.806 [main] DEBUG o.s.b.f.s.DefaultListableBeanFactory - Returning cached instance of singleton bean 'org.springframework.transaction.config.internalTransactionAdvisor'
2020-03-14 21:57:18.806 [main] DEBUG o.s.b.f.s.DefaultListableBeanFactory - Returning cached instance of singleton bean 'metaDataSourceAdvisor'
2020-03-14 21:57:18.806 [main] DEBUG o.s.b.f.s.DefaultListableBeanFactory - Returning cached instance of singleton bean 'org.springframework.transaction.config.internalTransactionAdvisor'
2020-03-14 21:57:18.807 [main] DEBUG o.s.b.f.s.DefaultListableBeanFactory - Finished creating instance of bean 'environmentEndpointWebExtension'
2020-03-14 21:57:18.864 [main] DEBUG o.s.b.f.s.DefaultListableBeanFactory - Returning cached instance of singleton bean 'archaiusEndpoint'
2020-03-14 21:57:18.864 [main] DEBUG o.s.b.f.s.DefaultListableBeanFactory - Returning cached instance of singleton bean 'auditEventsEndpoint'
2020-03-14 21:57:18.864 [main] DEBUG o.s.b.f.s.DefaultListableBeanFactory - Returning cached instance of singleton bean 'beansEndpoint'
2020-03-14 21:57:18.865 [main] DEBUG o.s.b.f.s.DefaultListableBeanFactory - Returning cached instance of singleton bean 'healthEndpoint'
2020-03-14 21:57:18.865 [main] DEBUG o.s.b.f.s.DefaultListableBeanFactory - Returning cached instance of singleton bean 'conditionsReportEndpoint'
2020-03-14 21:57:18.865 [main] DEBUG o.s.b.f.s.DefaultListableBeanFactory - Returning cached instance of singleton bean 'configurationPropertiesReportEndpoint'
2020-03-14 21:57:18.865 [main] DEBUG o.s.b.f.s.DefaultListableBeanFactory - Returning cached instance of singleton bean 'environmentEndpoint'
2020-03-14 21:57:18.865 [main] DEBUG o.s.b.f.s.DefaultListableBeanFactory - Returning cached instance of singleton bean 'infoEndpoint'
2020-03-14 21:57:18.865 [main] DEBUG o.s.b.f.s.DefaultListableBeanFactory - Returning cached instance of singleton bean 'loggersEndpoint'
2020-03-14 21:57:18.865 [main] DEBUG o.s.b.f.s.DefaultListableBeanFactory - Returning cached instance of singleton bean 'heapDumpWebEndpoint'
2020-03-14 21:57:18.865 [main] DEBUG o.s.b.f.s.DefaultListableBeanFactory - Returning cached instance of singleton bean 'dumpEndpoint'
2020-03-14 21:57:18.865 [main] DEBUG o.s.b.f.s.DefaultListableBeanFactory - Returning cached instance of singleton bean 'metricsEndpoint'
2020-03-14 21:57:18.865 [main] DEBUG o.s.b.f.s.DefaultListableBeanFactory - Returning cached instance of singleton bean 'scheduledTasksEndpoint'
2020-03-14 21:57:18.865 [main] DEBUG o.s.b.f.s.DefaultListableBeanFactory - Returning cached instance of singleton bean 'httpTraceEndpoint'
2020-03-14 21:57:18.865 [main] DEBUG o.s.b.f.s.DefaultListableBeanFactory - Returning cached instance of singleton bean 'mappingsEndpoint'
2020-03-14 21:57:18.865 [main] DEBUG o.s.b.f.s.DefaultListableBeanFactory - Returning cached instance of singleton bean 'refreshEndpoint'
2020-03-14 21:57:18.866 [main] DEBUG o.s.b.f.s.DefaultListableBeanFactory - Returning cached instance of singleton bean 'featuresEndpoint'
2020-03-14 21:57:18.866 [main] DEBUG o.s.b.f.s.DefaultListableBeanFactory - Returning cached instance of singleton bean 'serviceRegistryEndpoint'
2020-03-14 21:57:18.880 [main] DEBUG o.s.b.f.s.DefaultListableBeanFactory - Returning cached instance of singleton bean 'healthEndpointWebExtension'
2020-03-14 21:57:18.882 [main] DEBUG o.s.b.f.s.DefaultListableBeanFactory - Returning cached instance of singleton bean 'environmentEndpointWebExtension'
2020-03-14 21:57:18.892 [main] DEBUG o.s.b.f.s.DefaultListableBeanFactory - Returning cached instance of singleton bean 'archaiusEndpoint'
2020-03-14 21:57:18.893 [main] DEBUG o.s.b.f.s.DefaultListableBeanFactory - Returning cached instance of singleton bean 'auditEventsEndpoint'
2020-03-14 21:57:18.894 [main] DEBUG o.s.b.f.s.DefaultListableBeanFactory - Returning cached instance of singleton bean 'beansEndpoint'
2020-03-14 21:57:18.895 [main] DEBUG o.s.b.f.s.DefaultListableBeanFactory - Returning cached instance of singleton bean 'healthEndpoint'
2020-03-14 21:57:18.895 [main] DEBUG o.s.b.f.s.DefaultListableBeanFactory - Returning cached instance of singleton bean 'conditionsReportEndpoint'
2020-03-14 21:57:18.895 [main] DEBUG o.s.b.f.s.DefaultListableBeanFactory - Returning cached instance of singleton bean 'configurationPropertiesReportEndpoint'
2020-03-14 21:57:18.895 [main] DEBUG o.s.b.f.s.DefaultListableBeanFactory - Returning cached instance of singleton bean 'environmentEndpoint'
2020-03-14 21:57:18.895 [main] DEBUG o.s.b.f.s.DefaultListableBeanFactory - Returning cached instance of singleton bean 'infoEndpoint'
2020-03-14 21:57:18.896 [main] DEBUG o.s.b.f.s.DefaultListableBeanFactory - Returning cached instance of singleton bean 'loggersEndpoint'
2020-03-14 21:57:18.896 [main] DEBUG o.s.b.f.s.DefaultListableBeanFactory - Returning cached instance of singleton bean 'heapDumpWebEndpoint'
2020-03-14 21:57:18.896 [main] DEBUG o.s.b.f.s.DefaultListableBeanFactory - Returning cached instance of singleton bean 'dumpEndpoint'
2020-03-14 21:57:18.896 [main] DEBUG o.s.b.f.s.DefaultListableBeanFactory - Returning cached instance of singleton bean 'metricsEndpoint'
2020-03-14 21:57:18.897 [main] DEBUG o.s.b.f.s.DefaultListableBeanFactory - Returning cached instance of singleton bean 'scheduledTasksEndpoint'
2020-03-14 21:57:18.897 [main] DEBUG o.s.b.f.s.DefaultListableBeanFactory - Returning cached instance of singleton bean 'httpTraceEndpoint'
2020-03-14 21:57:18.897 [main] DEBUG o.s.b.f.s.DefaultListableBeanFactory - Returning cached instance of singleton bean 'mappingsEndpoint'
2020-03-14 21:57:18.897 [main] DEBUG o.s.b.f.s.DefaultListableBeanFactory - Returning cached instance of singleton bean 'refreshEndpoint'
2020-03-14 21:57:18.897 [main] DEBUG o.s.b.f.s.DefaultListableBeanFactory - Returning cached instance of singleton bean 'featuresEndpoint'
2020-03-14 21:57:18.897 [main] DEBUG o.s.b.f.s.DefaultListableBeanFactory - Returning cached instance of singleton bean 'serviceRegistryEndpoint'
2020-03-14 21:57:18.911 [main] DEBUG o.s.b.f.s.DefaultListableBeanFactory - Returning cached instance of singleton bean 'healthEndpointWebExtension'
2020-03-14 21:57:18.913 [main] DEBUG o.s.b.f.s.DefaultListableBeanFactory - Returning cached instance of singleton bean 'environmentEndpointWebExtension'
2020-03-14 21:57:18.921 [main] INFO  o.s.b.a.e.web.EndpointLinksResolver - Exposing 2 endpoint(s) beneath base path '/actuator'
2020-03-14 21:57:18.923 [main] DEBUG o.s.b.f.s.DefaultListableBeanFactory - Eagerly caching bean 'webEndpointServletHandlerMapping' to allow for resolving potential circular references
2020-03-14 21:57:18.954 [main] DEBUG o.s.b.f.s.DefaultListableBeanFactory - Invoking afterPropertiesSet() on bean with name 'webEndpointServletHandlerMapping'
2020-03-14 21:57:18.957 [main] INFO  o.s.b.a.e.w.s.WebMvcEndpointHandlerMapping - Mapped "{[/actuator/health],methods=[GET],produces=[application/vnd.spring-boot.actuator.v2+json || application/json]}" onto public java.lang.Object org.springframework.boot.actuate.endpoint.web.servlet.AbstractWebMvcEndpointHandlerMapping$OperationHandler.handle(javax.servlet.http.HttpServletRequest,java.util.Map<java.lang.String, java.lang.String>)
2020-03-14 21:57:18.959 [main] INFO  o.s.b.a.e.w.s.WebMvcEndpointHandlerMapping - Mapped "{[/actuator/info],methods=[GET],produces=[application/vnd.spring-boot.actuator.v2+json || application/json]}" onto public java.lang.Object org.springframework.boot.actuate.endpoint.web.servlet.AbstractWebMvcEndpointHandlerMapping$OperationHandler.handle(javax.servlet.http.HttpServletRequest,java.util.Map<java.lang.String, java.lang.String>)
2020-03-14 21:57:18.964 [main] INFO  o.s.b.a.e.w.s.WebMvcEndpointHandlerMapping - Mapped "{[/actuator],methods=[GET],produces=[application/vnd.spring-boot.actuator.v2+json || application/json]}" onto protected java.util.Map<java.lang.String, java.util.Map<java.lang.String, org.springframework.boot.actuate.endpoint.web.Link>> org.springframework.boot.actuate.endpoint.web.servlet.WebMvcEndpointHandlerMapping.links(javax.servlet.http.HttpServletRequest,javax.servlet.http.HttpServletResponse)
2020-03-14 21:57:18.965 [main] DEBUG o.s.b.f.s.DefaultListableBeanFactory - Returning cached instance of singleton bean 'metaDataSourceAdvisor'
2020-03-14 21:57:18.965 [main] DEBUG o.s.b.f.s.DefaultListableBeanFactory - Returning cached instance of singleton bean 'org.springframework.transaction.config.internalTransactionAdvisor'
2020-03-14 21:57:18.965 [main] DEBUG o.s.b.f.s.DefaultListableBeanFactory - Returning cached instance of singleton bean 'metaDataSourceAdvisor'
2020-03-14 21:57:18.965 [main] DEBUG o.s.b.f.s.DefaultListableBeanFactory - Returning cached instance of singleton bean 'org.springframework.transaction.config.internalTransactionAdvisor'
2020-03-14 21:57:19.025 [main] DEBUG o.s.b.f.s.DefaultListableBeanFactory - Finished creating instance of bean 'webEndpointServletHandlerMapping'
2020-03-14 21:57:19.025 [main] DEBUG o.s.b.f.s.DefaultListableBeanFactory - Creating shared instance of singleton bean 'controllerEndpointHandlerMapping'
2020-03-14 21:57:19.025 [main] DEBUG o.s.b.f.s.DefaultListableBeanFactory - Creating instance of bean 'controllerEndpointHandlerMapping'
2020-03-14 21:57:19.025 [main] DEBUG o.s.b.f.s.DefaultListableBeanFactory - Returning cached instance of singleton bean 'metaDataSourceAdvisor'
2020-03-14 21:57:19.026 [main] DEBUG o.s.b.f.s.DefaultListableBeanFactory - Returning cached instance of singleton bean 'org.springframework.transaction.config.internalTransactionAdvisor'
2020-03-14 21:57:19.026 [main] DEBUG o.s.b.f.s.DefaultListableBeanFactory - Returning cached instance of singleton bean 'org.springframework.boot.actuate.autoconfigure.endpoint.web.servlet.WebMvcEndpointManagementContextConfiguration'
2020-03-14 21:57:19.026 [main] DEBUG o.s.b.f.s.DefaultListableBeanFactory - Returning cached instance of singleton bean 'controllerEndpointDiscoverer'
2020-03-14 21:57:19.026 [main] DEBUG o.s.b.f.s.DefaultListableBeanFactory - Returning cached instance of singleton bean 'management.endpoints.web.cors-org.springframework.boot.actuate.autoconfigure.endpoint.web.CorsEndpointProperties'
2020-03-14 21:57:19.026 [main] DEBUG o.s.b.f.s.DefaultListableBeanFactory - Returning cached instance of singleton bean 'management.endpoints.web-org.springframework.boot.actuate.autoconfigure.endpoint.web.WebEndpointProperties'
2020-03-14 21:57:19.026 [main] DEBUG o.s.b.f.s.DefaultListableBeanFactory - Autowiring by type from bean name 'controllerEndpointHandlerMapping' via factory method to bean named 'controllerEndpointDiscoverer'
2020-03-14 21:57:19.026 [main] DEBUG o.s.b.f.s.DefaultListableBeanFactory - Autowiring by type from bean name 'controllerEndpointHandlerMapping' via factory method to bean named 'management.endpoints.web.cors-org.springframework.boot.actuate.autoconfigure.endpoint.web.CorsEndpointProperties'
2020-03-14 21:57:19.026 [main] DEBUG o.s.b.f.s.DefaultListableBeanFactory - Autowiring by type from bean name 'controllerEndpointHandlerMapping' via factory method to bean named 'management.endpoints.web-org.springframework.boot.actuate.autoconfigure.endpoint.web.WebEndpointProperties'
2020-03-14 21:57:19.030 [main] DEBUG o.s.b.f.s.DefaultListableBeanFactory - Eagerly caching bean 'controllerEndpointHandlerMapping' to allow for resolving potential circular references
2020-03-14 21:57:19.099 [main] DEBUG o.s.b.f.s.DefaultListableBeanFactory - Invoking afterPropertiesSet() on bean with name 'controllerEndpointHandlerMapping'
2020-03-14 21:57:19.100 [main] DEBUG o.s.b.f.s.DefaultListableBeanFactory - Returning cached instance of singleton bean 'metaDataSourceAdvisor'
2020-03-14 21:57:19.100 [main] DEBUG o.s.b.f.s.DefaultListableBeanFactory - Returning cached instance of singleton bean 'org.springframework.transaction.config.internalTransactionAdvisor'
2020-03-14 21:57:19.100 [main] DEBUG o.s.b.f.s.DefaultListableBeanFactory - Returning cached instance of singleton bean 'metaDataSourceAdvisor'
2020-03-14 21:57:19.100 [main] DEBUG o.s.b.f.s.DefaultListableBeanFactory - Returning cached instance of singleton bean 'org.springframework.transaction.config.internalTransactionAdvisor'
2020-03-14 21:57:19.146 [main] DEBUG o.s.b.f.s.DefaultListableBeanFactory - Finished creating instance of bean 'controllerEndpointHandlerMapping'
2020-03-14 21:57:19.147 [main] DEBUG o.s.b.f.s.DefaultListableBeanFactory - Autowiring by type from bean name 'webMvcRequestHandlerProvider' via constructor to bean named 'requestMappingHandlerMapping'
2020-03-14 21:57:19.147 [main] DEBUG o.s.b.f.s.DefaultListableBeanFactory - Autowiring by type from bean name 'webMvcRequestHandlerProvider' via constructor to bean named 'webEndpointServletHandlerMapping'
2020-03-14 21:57:19.147 [main] DEBUG o.s.b.f.s.DefaultListableBeanFactory - Autowiring by type from bean name 'webMvcRequestHandlerProvider' via constructor to bean named 'controllerEndpointHandlerMapping'
2020-03-14 21:57:19.147 [main] DEBUG o.s.b.f.s.DefaultListableBeanFactory - Eagerly caching bean 'webMvcRequestHandlerProvider' to allow for resolving potential circular references
2020-03-14 21:57:19.149 [main] DEBUG o.s.b.f.s.DefaultListableBeanFactory - Returning cached instance of singleton bean 'metaDataSourceAdvisor'
2020-03-14 21:57:19.149 [main] DEBUG o.s.b.f.s.DefaultListableBeanFactory - Returning cached instance of singleton bean 'org.springframework.transaction.config.internalTransactionAdvisor'
2020-03-14 21:57:19.149 [main] DEBUG o.s.b.f.s.DefaultListableBeanFactory - Returning cached instance of singleton bean 'metaDataSourceAdvisor'
2020-03-14 21:57:19.149 [main] DEBUG o.s.b.f.s.DefaultListableBeanFactory - Returning cached instance of singleton bean 'org.springframework.transaction.config.internalTransactionAdvisor'
2020-03-14 21:57:19.149 [main] DEBUG o.s.b.f.s.DefaultListableBeanFactory - Finished creating instance of bean 'webMvcRequestHandlerProvider'
2020-03-14 21:57:19.152 [main] DEBUG o.s.b.f.s.DefaultListableBeanFactory - Creating shared instance of singleton bean 'resourceGroupCache'
2020-03-14 21:57:19.152 [main] DEBUG o.s.b.f.s.DefaultListableBeanFactory - Creating instance of bean 'resourceGroupCache'
2020-03-14 21:57:19.152 [main] DEBUG o.s.b.f.s.DefaultListableBeanFactory - Returning cached instance of singleton bean 'metaDataSourceAdvisor'
2020-03-14 21:57:19.152 [main] DEBUG o.s.b.f.s.DefaultListableBeanFactory - Returning cached instance of singleton bean 'org.springframework.transaction.config.internalTransactionAdvisor'
2020-03-14 21:57:19.152 [main] DEBUG o.s.b.f.s.DefaultListableBeanFactory - Returning cached instance of singleton bean 'springfox.documentation.spring.web.SpringfoxWebMvcConfiguration'
2020-03-14 21:57:19.152 [main] DEBUG o.s.b.f.s.DefaultListableBeanFactory - Eagerly caching bean 'resourceGroupCache' to allow for resolving potential circular references
2020-03-14 21:57:19.154 [main] DEBUG o.s.b.f.s.DefaultListableBeanFactory - Returning cached instance of singleton bean 'metaDataSourceAdvisor'
2020-03-14 21:57:19.154 [main] DEBUG o.s.b.f.s.DefaultListableBeanFactory - Returning cached instance of singleton bean 'org.springframework.transaction.config.internalTransactionAdvisor'
2020-03-14 21:57:19.154 [main] DEBUG o.s.b.f.s.DefaultListableBeanFactory - Returning cached instance of singleton bean 'metaDataSourceAdvisor'
2020-03-14 21:57:19.154 [main] DEBUG o.s.b.f.s.DefaultListableBeanFactory - Returning cached instance of singleton bean 'org.springframework.transaction.config.internalTransactionAdvisor'
2020-03-14 21:57:19.155 [main] DEBUG o.s.b.f.s.DefaultListableBeanFactory - Finished creating instance of bean 'resourceGroupCache'
2020-03-14 21:57:19.157 [main] DEBUG o.s.b.f.s.DefaultListableBeanFactory - Returning cached instance of singleton bean 'apiDocumentationScanner'
2020-03-14 21:57:19.157 [main] DEBUG o.s.b.f.s.DefaultListableBeanFactory - Returning cached instance of singleton bean 'typeResolver'
2020-03-14 21:57:19.160 [main] DEBUG o.s.b.f.s.DefaultListableBeanFactory - Creating shared instance of singleton bean 'defaults'
2020-03-14 21:57:19.160 [main] DEBUG o.s.b.f.s.DefaultListableBeanFactory - Creating instance of bean 'defaults'
2020-03-14 21:57:19.160 [main] DEBUG o.s.b.f.s.DefaultListableBeanFactory - Returning cached instance of singleton bean 'metaDataSourceAdvisor'
2020-03-14 21:57:19.160 [main] DEBUG o.s.b.f.s.DefaultListableBeanFactory - Returning cached instance of singleton bean 'org.springframework.transaction.config.internalTransactionAdvisor'
2020-03-14 21:57:19.160 [main] DEBUG o.s.b.f.s.DefaultListableBeanFactory - Returning cached instance of singleton bean 'springfox.documentation.spring.web.SpringfoxWebMvcConfiguration'
2020-03-14 21:57:19.201 [main] DEBUG o.s.b.f.s.DefaultListableBeanFactory - Eagerly caching bean 'defaults' to allow for resolving potential circular references
2020-03-14 21:57:19.205 [main] DEBUG o.s.b.f.s.DefaultListableBeanFactory - Returning cached instance of singleton bean 'metaDataSourceAdvisor'
2020-03-14 21:57:19.205 [main] DEBUG o.s.b.f.s.DefaultListableBeanFactory - Returning cached instance of singleton bean 'org.springframework.transaction.config.internalTransactionAdvisor'
2020-03-14 21:57:19.205 [main] DEBUG o.s.b.f.s.DefaultListableBeanFactory - Returning cached instance of singleton bean 'metaDataSourceAdvisor'
2020-03-14 21:57:19.205 [main] DEBUG o.s.b.f.s.DefaultListableBeanFactory - Returning cached instance of singleton bean 'org.springframework.transaction.config.internalTransactionAdvisor'
2020-03-14 21:57:19.205 [main] DEBUG o.s.b.f.s.DefaultListableBeanFactory - Finished creating instance of bean 'defaults'
2020-03-14 21:57:19.209 [main] DEBUG o.s.b.f.s.DefaultListableBeanFactory - Returning cached instance of singleton bean 'servletContext'
2020-03-14 21:57:19.210 [main] DEBUG o.s.b.f.s.DefaultListableBeanFactory - Autowiring by type from bean name 'documentationPluginsBootstrapper' via constructor to bean named 'documentationPluginsManager'
2020-03-14 21:57:19.210 [main] DEBUG o.s.b.f.s.DefaultListableBeanFactory - Autowiring by type from bean name 'documentationPluginsBootstrapper' via constructor to bean named 'webMvcRequestHandlerProvider'
2020-03-14 21:57:19.210 [main] DEBUG o.s.b.f.s.DefaultListableBeanFactory - Autowiring by type from bean name 'documentationPluginsBootstrapper' via constructor to bean named 'resourceGroupCache'
2020-03-14 21:57:19.210 [main] DEBUG o.s.b.f.s.DefaultListableBeanFactory - Autowiring by type from bean name 'documentationPluginsBootstrapper' via constructor to bean named 'apiDocumentationScanner'
2020-03-14 21:57:19.210 [main] DEBUG o.s.b.f.s.DefaultListableBeanFactory - Autowiring by type from bean name 'documentationPluginsBootstrapper' via constructor to bean named 'typeResolver'
2020-03-14 21:57:19.210 [main] DEBUG o.s.b.f.s.DefaultListableBeanFactory - Autowiring by type from bean name 'documentationPluginsBootstrapper' via constructor to bean named 'defaults'
2020-03-14 21:57:19.210 [main] DEBUG o.s.b.f.s.DefaultListableBeanFactory - Autowiring by type from bean name 'documentationPluginsBootstrapper' via constructor to bean named 'servletContext'
2020-03-14 21:57:19.215 [main] DEBUG o.s.b.f.annotation.InjectionMetadata - Registered injected element on class [springfox.documentation.spring.web.plugins.DocumentationPluginsBootstrapper]: AutowiredFieldElement for private springfox.documentation.spi.service.RequestHandlerCombiner springfox.documentation.spring.web.plugins.DocumentationPluginsBootstrapper.combiner
2020-03-14 21:57:19.215 [main] DEBUG o.s.b.f.annotation.InjectionMetadata - Registered injected element on class [springfox.documentation.spring.web.plugins.DocumentationPluginsBootstrapper]: AutowiredFieldElement for private java.util.List springfox.documentation.spring.web.plugins.DocumentationPluginsBootstrapper.typeConventions
2020-03-14 21:57:19.215 [main] DEBUG o.s.b.f.s.DefaultListableBeanFactory - Eagerly caching bean 'documentationPluginsBootstrapper' to allow for resolving potential circular references
2020-03-14 21:57:19.218 [main] DEBUG o.s.b.f.annotation.InjectionMetadata - Processing injected element of bean 'documentationPluginsBootstrapper': AutowiredFieldElement for private springfox.documentation.spi.service.RequestHandlerCombiner springfox.documentation.spring.web.plugins.DocumentationPluginsBootstrapper.combiner
2020-03-14 21:57:19.219 [main] DEBUG o.s.core.annotation.AnnotationUtils - Failed to meta-introspect annotation interface org.springframework.beans.factory.annotation.Autowired: java.lang.NullPointerException
2020-03-14 21:57:19.224 [main] DEBUG o.s.b.f.annotation.InjectionMetadata - Processing injected element of bean 'documentationPluginsBootstrapper': AutowiredFieldElement for private java.util.List springfox.documentation.spring.web.plugins.DocumentationPluginsBootstrapper.typeConventions
2020-03-14 21:57:19.225 [main] DEBUG o.s.core.annotation.AnnotationUtils - Failed to meta-introspect annotation interface org.springframework.beans.factory.annotation.Autowired: java.lang.NullPointerException
2020-03-14 21:57:19.231 [main] DEBUG o.s.b.f.s.DefaultListableBeanFactory - Returning cached instance of singleton bean 'metaDataSourceAdvisor'
2020-03-14 21:57:19.231 [main] DEBUG o.s.b.f.s.DefaultListableBeanFactory - Returning cached instance of singleton bean 'org.springframework.transaction.config.internalTransactionAdvisor'
2020-03-14 21:57:19.231 [main] DEBUG o.s.b.f.s.DefaultListableBeanFactory - Returning cached instance of singleton bean 'metaDataSourceAdvisor'
2020-03-14 21:57:19.231 [main] DEBUG o.s.b.f.s.DefaultListableBeanFactory - Returning cached instance of singleton bean 'org.springframework.transaction.config.internalTransactionAdvisor'
2020-03-14 21:57:19.234 [main] DEBUG o.s.b.f.s.DefaultListableBeanFactory - Finished creating instance of bean 'documentationPluginsBootstrapper'
2020-03-14 21:57:19.235 [main] DEBUG o.s.b.f.s.DefaultListableBeanFactory - Returning cached instance of singleton bean 'documentationPluginsManager'
2020-03-14 21:57:19.235 [main] DEBUG o.s.b.f.s.DefaultListableBeanFactory - Returning cached instance of singleton bean 'webMvcRequestHandlerProvider'
2020-03-14 21:57:19.235 [main] DEBUG o.s.b.f.s.DefaultListableBeanFactory - Creating shared instance of singleton bean 'operationPathDecorator'
2020-03-14 21:57:19.236 [main] DEBUG o.s.b.f.s.DefaultListableBeanFactory - Creating instance of bean 'operationPathDecorator'
2020-03-14 21:57:19.236 [main] DEBUG o.s.b.f.s.DefaultListableBeanFactory - Returning cached instance of singleton bean 'metaDataSourceAdvisor'
2020-03-14 21:57:19.236 [main] DEBUG o.s.b.f.s.DefaultListableBeanFactory - Returning cached instance of singleton bean 'org.springframework.transaction.config.internalTransactionAdvisor'
2020-03-14 21:57:19.237 [main] DEBUG o.s.b.f.s.DefaultListableBeanFactory - Eagerly caching bean 'operationPathDecorator' to allow for resolving potential circular references
2020-03-14 21:57:19.245 [main] DEBUG o.s.b.f.s.DefaultListableBeanFactory - Returning cached instance of singleton bean 'metaDataSourceAdvisor'
2020-03-14 21:57:19.245 [main] DEBUG o.s.b.f.s.DefaultListableBeanFactory - Returning cached instance of singleton bean 'org.springframework.transaction.config.internalTransactionAdvisor'
2020-03-14 21:57:19.245 [main] DEBUG o.s.b.f.s.DefaultListableBeanFactory - Returning cached instance of singleton bean 'metaDataSourceAdvisor'
2020-03-14 21:57:19.245 [main] DEBUG o.s.b.f.s.DefaultListableBeanFactory - Returning cached instance of singleton bean 'org.springframework.transaction.config.internalTransactionAdvisor'
2020-03-14 21:57:19.246 [main] DEBUG o.s.b.f.s.DefaultListableBeanFactory - Finished creating instance of bean 'operationPathDecorator'
2020-03-14 21:57:19.246 [main] DEBUG o.s.b.f.s.DefaultListableBeanFactory - Creating shared instance of singleton bean 'pathMappingDecorator'
2020-03-14 21:57:19.246 [main] DEBUG o.s.b.f.s.DefaultListableBeanFactory - Creating instance of bean 'pathMappingDecorator'
2020-03-14 21:57:19.246 [main] DEBUG o.s.b.f.s.DefaultListableBeanFactory - Returning cached instance of singleton bean 'metaDataSourceAdvisor'
2020-03-14 21:57:19.246 [main] DEBUG o.s.b.f.s.DefaultListableBeanFactory - Returning cached instance of singleton bean 'org.springframework.transaction.config.internalTransactionAdvisor'
2020-03-14 21:57:19.246 [main] DEBUG o.s.b.f.s.DefaultListableBeanFactory - Eagerly caching bean 'pathMappingDecorator' to allow for resolving potential circular references
2020-03-14 21:57:19.252 [main] DEBUG o.s.b.f.s.DefaultListableBeanFactory - Returning cached instance of singleton bean 'metaDataSourceAdvisor'
2020-03-14 21:57:19.252 [main] DEBUG o.s.b.f.s.DefaultListableBeanFactory - Returning cached instance of singleton bean 'org.springframework.transaction.config.internalTransactionAdvisor'
2020-03-14 21:57:19.252 [main] DEBUG o.s.b.f.s.DefaultListableBeanFactory - Returning cached instance of singleton bean 'metaDataSourceAdvisor'
2020-03-14 21:57:19.252 [main] DEBUG o.s.b.f.s.DefaultListableBeanFactory - Returning cached instance of singleton bean 'org.springframework.transaction.config.internalTransactionAdvisor'
2020-03-14 21:57:19.252 [main] DEBUG o.s.b.f.s.DefaultListableBeanFactory - Finished creating instance of bean 'pathMappingDecorator'
2020-03-14 21:57:19.252 [main] DEBUG o.s.b.f.s.DefaultListableBeanFactory - Creating shared instance of singleton bean 'pathSanitizer'
2020-03-14 21:57:19.252 [main] DEBUG o.s.b.f.s.DefaultListableBeanFactory - Creating instance of bean 'pathSanitizer'
2020-03-14 21:57:19.252 [main] DEBUG o.s.b.f.s.DefaultListableBeanFactory - Returning cached instance of singleton bean 'metaDataSourceAdvisor'
2020-03-14 21:57:19.252 [main] DEBUG o.s.b.f.s.DefaultListableBeanFactory - Returning cached instance of singleton bean 'org.springframework.transaction.config.internalTransactionAdvisor'
2020-03-14 21:57:19.253 [main] DEBUG o.s.b.f.s.DefaultListableBeanFactory - Eagerly caching bean 'pathSanitizer' to allow for resolving potential circular references
2020-03-14 21:57:19.257 [main] DEBUG o.s.b.f.s.DefaultListableBeanFactory - Returning cached instance of singleton bean 'metaDataSourceAdvisor'
2020-03-14 21:57:19.257 [main] DEBUG o.s.b.f.s.DefaultListableBeanFactory - Returning cached instance of singleton bean 'org.springframework.transaction.config.internalTransactionAdvisor'
2020-03-14 21:57:19.257 [main] DEBUG o.s.b.f.s.DefaultListableBeanFactory - Returning cached instance of singleton bean 'metaDataSourceAdvisor'
2020-03-14 21:57:19.257 [main] DEBUG o.s.b.f.s.DefaultListableBeanFactory - Returning cached instance of singleton bean 'org.springframework.transaction.config.internalTransactionAdvisor'
2020-03-14 21:57:19.257 [main] DEBUG o.s.b.f.s.DefaultListableBeanFactory - Finished creating instance of bean 'pathSanitizer'
2020-03-14 21:57:19.258 [main] DEBUG o.s.b.f.s.DefaultListableBeanFactory - Creating shared instance of singleton bean 'queryStringUriTemplateDecorator'
2020-03-14 21:57:19.258 [main] DEBUG o.s.b.f.s.DefaultListableBeanFactory - Creating instance of bean 'queryStringUriTemplateDecorator'
2020-03-14 21:57:19.258 [main] DEBUG o.s.b.f.s.DefaultListableBeanFactory - Returning cached instance of singleton bean 'metaDataSourceAdvisor'
2020-03-14 21:57:19.258 [main] DEBUG o.s.b.f.s.DefaultListableBeanFactory - Returning cached instance of singleton bean 'org.springframework.transaction.config.internalTransactionAdvisor'
2020-03-14 21:57:19.258 [main] DEBUG o.s.b.f.s.DefaultListableBeanFactory - Eagerly caching bean 'queryStringUriTemplateDecorator' to allow for resolving potential circular references
2020-03-14 21:57:19.266 [main] DEBUG o.s.b.f.s.DefaultListableBeanFactory - Returning cached instance of singleton bean 'metaDataSourceAdvisor'
2020-03-14 21:57:19.266 [main] DEBUG o.s.b.f.s.DefaultListableBeanFactory - Returning cached instance of singleton bean 'org.springframework.transaction.config.internalTransactionAdvisor'
2020-03-14 21:57:19.266 [main] DEBUG o.s.b.f.s.DefaultListableBeanFactory - Returning cached instance of singleton bean 'metaDataSourceAdvisor'
2020-03-14 21:57:19.266 [main] DEBUG o.s.b.f.s.DefaultListableBeanFactory - Returning cached instance of singleton bean 'org.springframework.transaction.config.internalTransactionAdvisor'
2020-03-14 21:57:19.267 [main] DEBUG o.s.b.f.s.DefaultListableBeanFactory - Finished creating instance of bean 'queryStringUriTemplateDecorator'
2020-03-14 21:57:19.267 [main] DEBUG o.s.b.f.s.DefaultListableBeanFactory - Returning cached instance of singleton bean 'cachingModelDependencyProvider'
2020-03-14 21:57:19.267 [main] DEBUG o.s.b.f.s.DefaultListableBeanFactory - Returning cached instance of singleton bean 'cachingModelProvider'
2020-03-14 21:57:19.267 [main] DEBUG o.s.b.f.s.DefaultListableBeanFactory - Returning cached instance of singleton bean 'defaultModelDependencyProvider'
2020-03-14 21:57:19.267 [main] DEBUG o.s.b.f.s.DefaultListableBeanFactory - Returning cached instance of singleton bean 'defaultModelProvider'
2020-03-14 21:57:19.267 [main] DEBUG o.s.b.f.s.DefaultListableBeanFactory - Returning cached instance of singleton bean 'schemaPluginsManager'
2020-03-14 21:57:19.267 [main] DEBUG o.s.b.f.s.DefaultListableBeanFactory - Returning cached instance of singleton bean 'accessorsProvider'
2020-03-14 21:57:19.267 [main] DEBUG o.s.b.f.s.DefaultListableBeanFactory - Returning cached instance of singleton bean 'cachingModelPropertiesProvider'
2020-03-14 21:57:19.267 [main] DEBUG o.s.b.f.s.DefaultListableBeanFactory - Returning cached instance of singleton bean 'factoryMethodProvider'
2020-03-14 21:57:19.267 [main] DEBUG o.s.b.f.s.DefaultListableBeanFactory - Returning cached instance of singleton bean 'fieldProvider'
2020-03-14 21:57:19.267 [main] DEBUG o.s.b.f.s.DefaultListableBeanFactory - Returning cached instance of singleton bean 'objectMapperBeanPropertyNamingStrategy'
2020-03-14 21:57:19.267 [main] DEBUG o.s.b.f.s.DefaultListableBeanFactory - Returning cached instance of singleton bean 'optimized'
2020-03-14 21:57:19.267 [main] DEBUG o.s.b.f.s.DefaultListableBeanFactory - Returning cached instance of singleton bean 'typeNameExtractor'
2020-03-14 21:57:19.267 [main] DEBUG o.s.b.f.s.DefaultListableBeanFactory - Creating shared instance of singleton bean 'apiModelBuilder'
2020-03-14 21:57:19.267 [main] DEBUG o.s.b.f.s.DefaultListableBeanFactory - Creating instance of bean 'apiModelBuilder'
2020-03-14 21:57:19.267 [main] DEBUG o.s.b.f.s.DefaultListableBeanFactory - Returning cached instance of singleton bean 'metaDataSourceAdvisor'
2020-03-14 21:57:19.267 [main] DEBUG o.s.b.f.s.DefaultListableBeanFactory - Returning cached instance of singleton bean 'org.springframework.transaction.config.internalTransactionAdvisor'
2020-03-14 21:57:19.269 [main] DEBUG o.s.b.f.s.DefaultListableBeanFactory - Returning cached instance of singleton bean 'typeResolver'
2020-03-14 21:57:19.270 [main] DEBUG o.s.b.f.s.DefaultListableBeanFactory - Autowiring by type from bean name 'apiModelBuilder' via constructor to bean named 'typeResolver'
2020-03-14 21:57:19.270 [main] DEBUG o.s.b.f.s.DefaultListableBeanFactory - Eagerly caching bean 'apiModelBuilder' to allow for resolving potential circular references
2020-03-14 21:57:19.272 [main] DEBUG o.s.b.f.s.DefaultListableBeanFactory - Returning cached instance of singleton bean 'metaDataSourceAdvisor'
2020-03-14 21:57:19.273 [main] DEBUG o.s.b.f.s.DefaultListableBeanFactory - Returning cached instance of singleton bean 'org.springframework.transaction.config.internalTransactionAdvisor'
2020-03-14 21:57:19.273 [main] DEBUG o.s.b.f.s.DefaultListableBeanFactory - Returning cached instance of singleton bean 'metaDataSourceAdvisor'
2020-03-14 21:57:19.273 [main] DEBUG o.s.b.f.s.DefaultListableBeanFactory - Returning cached instance of singleton bean 'org.springframework.transaction.config.internalTransactionAdvisor'
2020-03-14 21:57:19.273 [main] DEBUG o.s.b.f.s.DefaultListableBeanFactory - Finished creating instance of bean 'apiModelBuilder'
2020-03-14 21:57:19.274 [main] DEBUG o.s.b.f.s.DefaultListableBeanFactory - Creating shared instance of singleton bean 'apiModelPropertyPropertyBuilder'
2020-03-14 21:57:19.274 [main] DEBUG o.s.b.f.s.DefaultListableBeanFactory - Creating instance of bean 'apiModelPropertyPropertyBuilder'
2020-03-14 21:57:19.274 [main] DEBUG o.s.b.f.s.DefaultListableBeanFactory - Returning cached instance of singleton bean 'metaDataSourceAdvisor'
2020-03-14 21:57:19.274 [main] DEBUG o.s.b.f.s.DefaultListableBeanFactory - Returning cached instance of singleton bean 'org.springframework.transaction.config.internalTransactionAdvisor'
2020-03-14 21:57:19.276 [main] DEBUG o.s.b.f.s.DefaultListableBeanFactory - Returning cached instance of singleton bean 'descriptionResolver'
2020-03-14 21:57:19.276 [main] DEBUG o.s.b.f.s.DefaultListableBeanFactory - Autowiring by type from bean name 'apiModelPropertyPropertyBuilder' via constructor to bean named 'descriptionResolver'
2020-03-14 21:57:19.276 [main] DEBUG o.s.b.f.s.DefaultListableBeanFactory - Eagerly caching bean 'apiModelPropertyPropertyBuilder' to allow for resolving potential circular references
2020-03-14 21:57:19.280 [main] DEBUG o.s.b.f.s.DefaultListableBeanFactory - Returning cached instance of singleton bean 'metaDataSourceAdvisor'
2020-03-14 21:57:19.280 [main] DEBUG o.s.b.f.s.DefaultListableBeanFactory - Returning cached instance of singleton bean 'org.springframework.transaction.config.internalTransactionAdvisor'
2020-03-14 21:57:19.280 [main] DEBUG o.s.b.f.s.DefaultListableBeanFactory - Returning cached instance of singleton bean 'metaDataSourceAdvisor'
2020-03-14 21:57:19.280 [main] DEBUG o.s.b.f.s.DefaultListableBeanFactory - Returning cached instance of singleton bean 'org.springframework.transaction.config.internalTransactionAdvisor'
2020-03-14 21:57:19.281 [main] DEBUG o.s.b.f.s.DefaultListableBeanFactory - Finished creating instance of bean 'apiModelPropertyPropertyBuilder'
2020-03-14 21:57:19.281 [main] DEBUG o.s.b.f.s.DefaultListableBeanFactory - Creating shared instance of singleton bean 'apiModelTypeNameProvider'
2020-03-14 21:57:19.281 [main] DEBUG o.s.b.f.s.DefaultListableBeanFactory - Creating instance of bean 'apiModelTypeNameProvider'
2020-03-14 21:57:19.281 [main] DEBUG o.s.b.f.s.DefaultListableBeanFactory - Returning cached instance of singleton bean 'metaDataSourceAdvisor'
2020-03-14 21:57:19.281 [main] DEBUG o.s.b.f.s.DefaultListableBeanFactory - Returning cached instance of singleton bean 'org.springframework.transaction.config.internalTransactionAdvisor'
2020-03-14 21:57:19.282 [main] DEBUG o.s.b.f.s.DefaultListableBeanFactory - Eagerly caching bean 'apiModelTypeNameProvider' to allow for resolving potential circular references
2020-03-14 21:57:19.285 [main] DEBUG o.s.b.f.s.DefaultListableBeanFactory - Returning cached instance of singleton bean 'metaDataSourceAdvisor'
2020-03-14 21:57:19.285 [main] DEBUG o.s.b.f.s.DefaultListableBeanFactory - Returning cached instance of singleton bean 'org.springframework.transaction.config.internalTransactionAdvisor'
2020-03-14 21:57:19.285 [main] DEBUG o.s.b.f.s.DefaultListableBeanFactory - Returning cached instance of singleton bean 'metaDataSourceAdvisor'
2020-03-14 21:57:19.285 [main] DEBUG o.s.b.f.s.DefaultListableBeanFactory - Returning cached instance of singleton bean 'org.springframework.transaction.config.internalTransactionAdvisor'
2020-03-14 21:57:19.287 [main] DEBUG o.s.b.f.s.DefaultListableBeanFactory - Finished creating instance of bean 'apiModelTypeNameProvider'
2020-03-14 21:57:19.288 [main] DEBUG o.s.b.f.s.DefaultListableBeanFactory - Creating shared instance of singleton bean 'operationAuthReader'
2020-03-14 21:57:19.288 [main] DEBUG o.s.b.f.s.DefaultListableBeanFactory - Creating instance of bean 'operationAuthReader'
2020-03-14 21:57:19.289 [main] DEBUG o.s.b.f.s.DefaultListableBeanFactory - Returning cached instance of singleton bean 'metaDataSourceAdvisor'
2020-03-14 21:57:19.289 [main] DEBUG o.s.b.f.s.DefaultListableBeanFactory - Returning cached instance of singleton bean 'org.springframework.transaction.config.internalTransactionAdvisor'
2020-03-14 21:57:19.290 [main] DEBUG o.s.b.f.s.DefaultListableBeanFactory - Eagerly caching bean 'operationAuthReader' to allow for resolving potential circular references
2020-03-14 21:57:19.300 [main] DEBUG o.s.b.f.s.DefaultListableBeanFactory - Returning cached instance of singleton bean 'metaDataSourceAdvisor'
2020-03-14 21:57:19.300 [main] DEBUG o.s.b.f.s.DefaultListableBeanFactory - Returning cached instance of singleton bean 'org.springframework.transaction.config.internalTransactionAdvisor'
2020-03-14 21:57:19.300 [main] DEBUG o.s.b.f.s.DefaultListableBeanFactory - Returning cached instance of singleton bean 'metaDataSourceAdvisor'
2020-03-14 21:57:19.300 [main] DEBUG o.s.b.f.s.DefaultListableBeanFactory - Returning cached instance of singleton bean 'org.springframework.transaction.config.internalTransactionAdvisor'
2020-03-14 21:57:19.300 [main] DEBUG o.s.b.f.s.DefaultListableBeanFactory - Finished creating instance of bean 'operationAuthReader'
2020-03-14 21:57:19.300 [main] DEBUG o.s.b.f.s.DefaultListableBeanFactory - Creating shared instance of singleton bean 'operationHiddenReader'
2020-03-14 21:57:19.301 [main] DEBUG o.s.b.f.s.DefaultListableBeanFactory - Creating instance of bean 'operationHiddenReader'
2020-03-14 21:57:19.301 [main] DEBUG o.s.b.f.s.DefaultListableBeanFactory - Returning cached instance of singleton bean 'metaDataSourceAdvisor'
2020-03-14 21:57:19.301 [main] DEBUG o.s.b.f.s.DefaultListableBeanFactory - Returning cached instance of singleton bean 'org.springframework.transaction.config.internalTransactionAdvisor'
2020-03-14 21:57:19.301 [main] DEBUG o.s.b.f.s.DefaultListableBeanFactory - Eagerly caching bean 'operationHiddenReader' to allow for resolving potential circular references
2020-03-14 21:57:19.306 [main] DEBUG o.s.b.f.s.DefaultListableBeanFactory - Returning cached instance of singleton bean 'metaDataSourceAdvisor'
2020-03-14 21:57:19.306 [main] DEBUG o.s.b.f.s.DefaultListableBeanFactory - Returning cached instance of singleton bean 'org.springframework.transaction.config.internalTransactionAdvisor'
2020-03-14 21:57:19.306 [main] DEBUG o.s.b.f.s.DefaultListableBeanFactory - Returning cached instance of singleton bean 'metaDataSourceAdvisor'
2020-03-14 21:57:19.306 [main] DEBUG o.s.b.f.s.DefaultListableBeanFactory - Returning cached instance of singleton bean 'org.springframework.transaction.config.internalTransactionAdvisor'
2020-03-14 21:57:19.306 [main] DEBUG o.s.b.f.s.DefaultListableBeanFactory - Finished creating instance of bean 'operationHiddenReader'
2020-03-14 21:57:19.306 [main] DEBUG o.s.b.f.s.DefaultListableBeanFactory - Creating shared instance of singleton bean 'operationHttpMethodReader'
2020-03-14 21:57:19.306 [main] DEBUG o.s.b.f.s.DefaultListableBeanFactory - Creating instance of bean 'operationHttpMethodReader'
2020-03-14 21:57:19.306 [main] DEBUG o.s.b.f.s.DefaultListableBeanFactory - Returning cached instance of singleton bean 'metaDataSourceAdvisor'
2020-03-14 21:57:19.306 [main] DEBUG o.s.b.f.s.DefaultListableBeanFactory - Returning cached instance of singleton bean 'org.springframework.transaction.config.internalTransactionAdvisor'
2020-03-14 21:57:19.306 [main] DEBUG o.s.b.f.s.DefaultListableBeanFactory - Eagerly caching bean 'operationHttpMethodReader' to allow for resolving potential circular references
2020-03-14 21:57:19.308 [main] DEBUG o.s.b.f.s.DefaultListableBeanFactory - Returning cached instance of singleton bean 'metaDataSourceAdvisor'
2020-03-14 21:57:19.308 [main] DEBUG o.s.b.f.s.DefaultListableBeanFactory - Returning cached instance of singleton bean 'org.springframework.transaction.config.internalTransactionAdvisor'
2020-03-14 21:57:19.308 [main] DEBUG o.s.b.f.s.DefaultListableBeanFactory - Returning cached instance of singleton bean 'metaDataSourceAdvisor'
2020-03-14 21:57:19.309 [main] DEBUG o.s.b.f.s.DefaultListableBeanFactory - Returning cached instance of singleton bean 'org.springframework.transaction.config.internalTransactionAdvisor'
2020-03-14 21:57:19.309 [main] DEBUG o.s.b.f.s.DefaultListableBeanFactory - Finished creating instance of bean 'operationHttpMethodReader'
2020-03-14 21:57:19.310 [main] DEBUG o.s.b.f.s.DefaultListableBeanFactory - Creating shared instance of singleton bean 'operationImplicitParameterReader'
2020-03-14 21:57:19.310 [main] DEBUG o.s.b.f.s.DefaultListableBeanFactory - Creating instance of bean 'operationImplicitParameterReader'
2020-03-14 21:57:19.310 [main] DEBUG o.s.b.f.s.DefaultListableBeanFactory - Returning cached instance of singleton bean 'metaDataSourceAdvisor'
2020-03-14 21:57:19.310 [main] DEBUG o.s.b.f.s.DefaultListableBeanFactory - Returning cached instance of singleton bean 'org.springframework.transaction.config.internalTransactionAdvisor'
2020-03-14 21:57:19.313 [main] DEBUG o.s.b.f.s.DefaultListableBeanFactory - Returning cached instance of singleton bean 'descriptionResolver'
2020-03-14 21:57:19.313 [main] DEBUG o.s.b.f.s.DefaultListableBeanFactory - Autowiring by type from bean name 'operationImplicitParameterReader' via constructor to bean named 'descriptionResolver'
2020-03-14 21:57:19.314 [main] DEBUG o.s.b.f.s.DefaultListableBeanFactory - Eagerly caching bean 'operationImplicitParameterReader' to allow for resolving potential circular references
2020-03-14 21:57:19.315 [main] DEBUG o.s.b.f.s.DefaultListableBeanFactory - Returning cached instance of singleton bean 'metaDataSourceAdvisor'
2020-03-14 21:57:19.315 [main] DEBUG o.s.b.f.s.DefaultListableBeanFactory - Returning cached instance of singleton bean 'org.springframework.transaction.config.internalTransactionAdvisor'
2020-03-14 21:57:19.315 [main] DEBUG o.s.b.f.s.DefaultListableBeanFactory - Returning cached instance of singleton bean 'metaDataSourceAdvisor'
2020-03-14 21:57:19.315 [main] DEBUG o.s.b.f.s.DefaultListableBeanFactory - Returning cached instance of singleton bean 'org.springframework.transaction.config.internalTransactionAdvisor'
2020-03-14 21:57:19.315 [main] DEBUG o.s.b.f.s.DefaultListableBeanFactory - Finished creating instance of bean 'operationImplicitParameterReader'
2020-03-14 21:57:19.316 [main] DEBUG o.s.b.f.s.DefaultListableBeanFactory - Creating shared instance of singleton bean 'operationImplicitParametersReader'
2020-03-14 21:57:19.316 [main] DEBUG o.s.b.f.s.DefaultListableBeanFactory - Creating instance of bean 'operationImplicitParametersReader'
2020-03-14 21:57:19.316 [main] DEBUG o.s.b.f.s.DefaultListableBeanFactory - Returning cached instance of singleton bean 'metaDataSourceAdvisor'
2020-03-14 21:57:19.316 [main] DEBUG o.s.b.f.s.DefaultListableBeanFactory - Returning cached instance of singleton bean 'org.springframework.transaction.config.internalTransactionAdvisor'
2020-03-14 21:57:19.316 [main] DEBUG o.s.b.f.s.DefaultListableBeanFactory - Returning cached instance of singleton bean 'descriptionResolver'
2020-03-14 21:57:19.316 [main] DEBUG o.s.b.f.s.DefaultListableBeanFactory - Autowiring by type from bean name 'operationImplicitParametersReader' via constructor to bean named 'descriptionResolver'
2020-03-14 21:57:19.316 [main] DEBUG o.s.b.f.s.DefaultListableBeanFactory - Eagerly caching bean 'operationImplicitParametersReader' to allow for resolving potential circular references
2020-03-14 21:57:19.318 [main] DEBUG o.s.b.f.s.DefaultListableBeanFactory - Returning cached instance of singleton bean 'metaDataSourceAdvisor'
2020-03-14 21:57:19.318 [main] DEBUG o.s.b.f.s.DefaultListableBeanFactory - Returning cached instance of singleton bean 'org.springframework.transaction.config.internalTransactionAdvisor'
2020-03-14 21:57:19.318 [main] DEBUG o.s.b.f.s.DefaultListableBeanFactory - Returning cached instance of singleton bean 'metaDataSourceAdvisor'
2020-03-14 21:57:19.318 [main] DEBUG o.s.b.f.s.DefaultListableBeanFactory - Returning cached instance of singleton bean 'org.springframework.transaction.config.internalTransactionAdvisor'
2020-03-14 21:57:19.318 [main] DEBUG o.s.b.f.s.DefaultListableBeanFactory - Finished creating instance of bean 'operationImplicitParametersReader'
2020-03-14 21:57:19.318 [main] DEBUG o.s.b.f.s.DefaultListableBeanFactory - Creating shared instance of singleton bean 'operationNicknameIntoUniqueIdReader'
2020-03-14 21:57:19.318 [main] DEBUG o.s.b.f.s.DefaultListableBeanFactory - Creating instance of bean 'operationNicknameIntoUniqueIdReader'
2020-03-14 21:57:19.319 [main] DEBUG o.s.b.f.s.DefaultListableBeanFactory - Returning cached instance of singleton bean 'metaDataSourceAdvisor'
2020-03-14 21:57:19.319 [main] DEBUG o.s.b.f.s.DefaultListableBeanFactory - Returning cached instance of singleton bean 'org.springframework.transaction.config.internalTransactionAdvisor'
2020-03-14 21:57:19.319 [main] DEBUG o.s.b.f.s.DefaultListableBeanFactory - Eagerly caching bean 'operationNicknameIntoUniqueIdReader' to allow for resolving potential circular references
2020-03-14 21:57:19.321 [main] DEBUG o.s.b.f.s.DefaultListableBeanFactory - Returning cached instance of singleton bean 'metaDataSourceAdvisor'
2020-03-14 21:57:19.321 [main] DEBUG o.s.b.f.s.DefaultListableBeanFactory - Returning cached instance of singleton bean 'org.springframework.transaction.config.internalTransactionAdvisor'
2020-03-14 21:57:19.321 [main] DEBUG o.s.b.f.s.DefaultListableBeanFactory - Returning cached instance of singleton bean 'metaDataSourceAdvisor'
2020-03-14 21:57:19.321 [main] DEBUG o.s.b.f.s.DefaultListableBeanFactory - Returning cached instance of singleton bean 'org.springframework.transaction.config.internalTransactionAdvisor'
2020-03-14 21:57:19.321 [main] DEBUG o.s.b.f.s.DefaultListableBeanFactory - Finished creating instance of bean 'operationNicknameIntoUniqueIdReader'
2020-03-14 21:57:19.321 [main] DEBUG o.s.b.f.s.DefaultListableBeanFactory - Creating shared instance of singleton bean 'operationNotesReader'
2020-03-14 21:57:19.321 [main] DEBUG o.s.b.f.s.DefaultListableBeanFactory - Creating instance of bean 'operationNotesReader'
2020-03-14 21:57:19.321 [main] DEBUG o.s.b.f.s.DefaultListableBeanFactory - Returning cached instance of singleton bean 'metaDataSourceAdvisor'
2020-03-14 21:57:19.321 [main] DEBUG o.s.b.f.s.DefaultListableBeanFactory - Returning cached instance of singleton bean 'org.springframework.transaction.config.internalTransactionAdvisor'
2020-03-14 21:57:19.322 [main] DEBUG o.s.b.f.s.DefaultListableBeanFactory - Returning cached instance of singleton bean 'descriptionResolver'
2020-03-14 21:57:19.322 [main] DEBUG o.s.b.f.s.DefaultListableBeanFactory - Autowiring by type from bean name 'operationNotesReader' via constructor to bean named 'descriptionResolver'
2020-03-14 21:57:19.322 [main] DEBUG o.s.b.f.s.DefaultListableBeanFactory - Eagerly caching bean 'operationNotesReader' to allow for resolving potential circular references
2020-03-14 21:57:19.324 [main] DEBUG o.s.b.f.s.DefaultListableBeanFactory - Returning cached instance of singleton bean 'metaDataSourceAdvisor'
2020-03-14 21:57:19.324 [main] DEBUG o.s.b.f.s.DefaultListableBeanFactory - Returning cached instance of singleton bean 'org.springframework.transaction.config.internalTransactionAdvisor'
2020-03-14 21:57:19.324 [main] DEBUG o.s.b.f.s.DefaultListableBeanFactory - Returning cached instance of singleton bean 'metaDataSourceAdvisor'
2020-03-14 21:57:19.324 [main] DEBUG o.s.b.f.s.DefaultListableBeanFactory - Returning cached instance of singleton bean 'org.springframework.transaction.config.internalTransactionAdvisor'
2020-03-14 21:57:19.324 [main] DEBUG o.s.b.f.s.DefaultListableBeanFactory - Finished creating instance of bean 'operationNotesReader'
2020-03-14 21:57:19.324 [main] DEBUG o.s.b.f.s.DefaultListableBeanFactory - Creating shared instance of singleton bean 'operationPositionReader'
2020-03-14 21:57:19.324 [main] DEBUG o.s.b.f.s.DefaultListableBeanFactory - Creating instance of bean 'operationPositionReader'
2020-03-14 21:57:19.324 [main] DEBUG o.s.b.f.s.DefaultListableBeanFactory - Returning cached instance of singleton bean 'metaDataSourceAdvisor'
2020-03-14 21:57:19.324 [main] DEBUG o.s.b.f.s.DefaultListableBeanFactory - Returning cached instance of singleton bean 'org.springframework.transaction.config.internalTransactionAdvisor'
2020-03-14 21:57:19.324 [main] DEBUG o.s.b.f.s.DefaultListableBeanFactory - Eagerly caching bean 'operationPositionReader' to allow for resolving potential circular references
2020-03-14 21:57:19.327 [main] DEBUG o.s.b.f.s.DefaultListableBeanFactory - Returning cached instance of singleton bean 'metaDataSourceAdvisor'
2020-03-14 21:57:19.328 [main] DEBUG o.s.b.f.s.DefaultListableBeanFactory - Returning cached instance of singleton bean 'org.springframework.transaction.config.internalTransactionAdvisor'
2020-03-14 21:57:19.328 [main] DEBUG o.s.b.f.s.DefaultListableBeanFactory - Returning cached instance of singleton bean 'metaDataSourceAdvisor'
2020-03-14 21:57:19.328 [main] DEBUG o.s.b.f.s.DefaultListableBeanFactory - Returning cached instance of singleton bean 'org.springframework.transaction.config.internalTransactionAdvisor'
2020-03-14 21:57:19.328 [main] DEBUG o.s.b.f.s.DefaultListableBeanFactory - Finished creating instance of bean 'operationPositionReader'
2020-03-14 21:57:19.328 [main] DEBUG o.s.b.f.s.DefaultListableBeanFactory - Creating shared instance of singleton bean 'operationSummaryReader'
2020-03-14 21:57:19.328 [main] DEBUG o.s.b.f.s.DefaultListableBeanFactory - Creating instance of bean 'operationSummaryReader'
2020-03-14 21:57:19.328 [main] DEBUG o.s.b.f.s.DefaultListableBeanFactory - Returning cached instance of singleton bean 'metaDataSourceAdvisor'
2020-03-14 21:57:19.328 [main] DEBUG o.s.b.f.s.DefaultListableBeanFactory - Returning cached instance of singleton bean 'org.springframework.transaction.config.internalTransactionAdvisor'
2020-03-14 21:57:19.329 [main] DEBUG o.s.b.f.s.DefaultListableBeanFactory - Returning cached instance of singleton bean 'descriptionResolver'
2020-03-14 21:57:19.329 [main] DEBUG o.s.b.f.s.DefaultListableBeanFactory - Autowiring by type from bean name 'operationSummaryReader' via constructor to bean named 'descriptionResolver'
2020-03-14 21:57:19.329 [main] DEBUG o.s.b.f.s.DefaultListableBeanFactory - Eagerly caching bean 'operationSummaryReader' to allow for resolving potential circular references
2020-03-14 21:57:19.330 [main] DEBUG o.s.b.f.s.DefaultListableBeanFactory - Returning cached instance of singleton bean 'metaDataSourceAdvisor'
2020-03-14 21:57:19.330 [main] DEBUG o.s.b.f.s.DefaultListableBeanFactory - Returning cached instance of singleton bean 'org.springframework.transaction.config.internalTransactionAdvisor'
2020-03-14 21:57:19.330 [main] DEBUG o.s.b.f.s.DefaultListableBeanFactory - Returning cached instance of singleton bean 'metaDataSourceAdvisor'
2020-03-14 21:57:19.330 [main] DEBUG o.s.b.f.s.DefaultListableBeanFactory - Returning cached instance of singleton bean 'org.springframework.transaction.config.internalTransactionAdvisor'
2020-03-14 21:57:19.330 [main] DEBUG o.s.b.f.s.DefaultListableBeanFactory - Finished creating instance of bean 'operationSummaryReader'
2020-03-14 21:57:19.330 [main] DEBUG o.s.b.f.s.DefaultListableBeanFactory - Creating shared instance of singleton bean 'swaggerMediaTypeReader'
2020-03-14 21:57:19.330 [main] DEBUG o.s.b.f.s.DefaultListableBeanFactory - Creating instance of bean 'swaggerMediaTypeReader'
2020-03-14 21:57:19.331 [main] DEBUG o.s.b.f.s.DefaultListableBeanFactory - Returning cached instance of singleton bean 'metaDataSourceAdvisor'
2020-03-14 21:57:19.331 [main] DEBUG o.s.b.f.s.DefaultListableBeanFactory - Returning cached instance of singleton bean 'org.springframework.transaction.config.internalTransactionAdvisor'
2020-03-14 21:57:19.331 [main] DEBUG o.s.b.f.s.DefaultListableBeanFactory - Eagerly caching bean 'swaggerMediaTypeReader' to allow for resolving potential circular references
2020-03-14 21:57:19.333 [main] DEBUG o.s.b.f.s.DefaultListableBeanFactory - Returning cached instance of singleton bean 'metaDataSourceAdvisor'
2020-03-14 21:57:19.333 [main] DEBUG o.s.b.f.s.DefaultListableBeanFactory - Returning cached instance of singleton bean 'org.springframework.transaction.config.internalTransactionAdvisor'
2020-03-14 21:57:19.333 [main] DEBUG o.s.b.f.s.DefaultListableBeanFactory - Returning cached instance of singleton bean 'metaDataSourceAdvisor'
2020-03-14 21:57:19.333 [main] DEBUG o.s.b.f.s.DefaultListableBeanFactory - Returning cached instance of singleton bean 'org.springframework.transaction.config.internalTransactionAdvisor'
2020-03-14 21:57:19.333 [main] DEBUG o.s.b.f.s.DefaultListableBeanFactory - Finished creating instance of bean 'swaggerMediaTypeReader'
2020-03-14 21:57:19.333 [main] DEBUG o.s.b.f.s.DefaultListableBeanFactory - Creating shared instance of singleton bean 'swaggerOperationModelsProvider'
2020-03-14 21:57:19.333 [main] DEBUG o.s.b.f.s.DefaultListableBeanFactory - Creating instance of bean 'swaggerOperationModelsProvider'
2020-03-14 21:57:19.334 [main] DEBUG o.s.b.f.s.DefaultListableBeanFactory - Returning cached instance of singleton bean 'metaDataSourceAdvisor'
2020-03-14 21:57:19.334 [main] DEBUG o.s.b.f.s.DefaultListableBeanFactory - Returning cached instance of singleton bean 'org.springframework.transaction.config.internalTransactionAdvisor'
2020-03-14 21:57:19.334 [main] DEBUG o.s.b.f.s.DefaultListableBeanFactory - Returning cached instance of singleton bean 'typeResolver'
2020-03-14 21:57:19.334 [main] DEBUG o.s.b.f.s.DefaultListableBeanFactory - Autowiring by type from bean name 'swaggerOperationModelsProvider' via constructor to bean named 'typeResolver'
2020-03-14 21:57:19.334 [main] DEBUG o.s.b.f.s.DefaultListableBeanFactory - Eagerly caching bean 'swaggerOperationModelsProvider' to allow for resolving potential circular references
2020-03-14 21:57:19.336 [main] DEBUG o.s.b.f.s.DefaultListableBeanFactory - Returning cached instance of singleton bean 'metaDataSourceAdvisor'
2020-03-14 21:57:19.336 [main] DEBUG o.s.b.f.s.DefaultListableBeanFactory - Returning cached instance of singleton bean 'org.springframework.transaction.config.internalTransactionAdvisor'
2020-03-14 21:57:19.336 [main] DEBUG o.s.b.f.s.DefaultListableBeanFactory - Returning cached instance of singleton bean 'metaDataSourceAdvisor'
2020-03-14 21:57:19.336 [main] DEBUG o.s.b.f.s.DefaultListableBeanFactory - Returning cached instance of singleton bean 'org.springframework.transaction.config.internalTransactionAdvisor'
2020-03-14 21:57:19.337 [main] DEBUG o.s.b.f.s.DefaultListableBeanFactory - Finished creating instance of bean 'swaggerOperationModelsProvider'
2020-03-14 21:57:19.337 [main] DEBUG o.s.b.f.s.DefaultListableBeanFactory - Creating shared instance of singleton bean 'swaggerOperationResponseClassReader'
2020-03-14 21:57:19.337 [main] DEBUG o.s.b.f.s.DefaultListableBeanFactory - Creating instance of bean 'swaggerOperationResponseClassReader'
2020-03-14 21:57:19.337 [main] DEBUG o.s.b.f.s.DefaultListableBeanFactory - Returning cached instance of singleton bean 'metaDataSourceAdvisor'
2020-03-14 21:57:19.337 [main] DEBUG o.s.b.f.s.DefaultListableBeanFactory - Returning cached instance of singleton bean 'org.springframework.transaction.config.internalTransactionAdvisor'
2020-03-14 21:57:19.338 [main] DEBUG o.s.b.f.s.DefaultListableBeanFactory - Returning cached instance of singleton bean 'typeResolver'
2020-03-14 21:57:19.338 [main] DEBUG o.s.b.f.s.DefaultListableBeanFactory - Returning cached instance of singleton bean 'typeNameExtractor'
2020-03-14 21:57:19.338 [main] DEBUG o.s.b.f.s.DefaultListableBeanFactory - Autowiring by type from bean name 'swaggerOperationResponseClassReader' via constructor to bean named 'typeResolver'
2020-03-14 21:57:19.338 [main] DEBUG o.s.b.f.s.DefaultListableBeanFactory - Autowiring by type from bean name 'swaggerOperationResponseClassReader' via constructor to bean named 'typeNameExtractor'
2020-03-14 21:57:19.338 [main] DEBUG o.s.b.f.s.DefaultListableBeanFactory - Eagerly caching bean 'swaggerOperationResponseClassReader' to allow for resolving potential circular references
2020-03-14 21:57:19.340 [main] DEBUG o.s.b.f.s.DefaultListableBeanFactory - Returning cached instance of singleton bean 'metaDataSourceAdvisor'
2020-03-14 21:57:19.340 [main] DEBUG o.s.b.f.s.DefaultListableBeanFactory - Returning cached instance of singleton bean 'org.springframework.transaction.config.internalTransactionAdvisor'
2020-03-14 21:57:19.340 [main] DEBUG o.s.b.f.s.DefaultListableBeanFactory - Returning cached instance of singleton bean 'metaDataSourceAdvisor'
2020-03-14 21:57:19.340 [main] DEBUG o.s.b.f.s.DefaultListableBeanFactory - Returning cached instance of singleton bean 'org.springframework.transaction.config.internalTransactionAdvisor'
2020-03-14 21:57:19.340 [main] DEBUG o.s.b.f.s.DefaultListableBeanFactory - Finished creating instance of bean 'swaggerOperationResponseClassReader'
2020-03-14 21:57:19.340 [main] DEBUG o.s.b.f.s.DefaultListableBeanFactory - Creating shared instance of singleton bean 'swaggerOperationTagsReader'
2020-03-14 21:57:19.340 [main] DEBUG o.s.b.f.s.DefaultListableBeanFactory - Creating instance of bean 'swaggerOperationTagsReader'
2020-03-14 21:57:19.341 [main] DEBUG o.s.b.f.s.DefaultListableBeanFactory - Returning cached instance of singleton bean 'metaDataSourceAdvisor'
2020-03-14 21:57:19.341 [main] DEBUG o.s.b.f.s.DefaultListableBeanFactory - Returning cached instance of singleton bean 'org.springframework.transaction.config.internalTransactionAdvisor'
2020-03-14 21:57:19.341 [main] DEBUG o.s.b.f.s.DefaultListableBeanFactory - Returning cached instance of singleton bean 'defaultTagsProvider'
2020-03-14 21:57:19.341 [main] DEBUG o.s.b.f.s.DefaultListableBeanFactory - Autowiring by type from bean name 'swaggerOperationTagsReader' via constructor to bean named 'defaultTagsProvider'
2020-03-14 21:57:19.342 [main] DEBUG o.s.b.f.s.DefaultListableBeanFactory - Eagerly caching bean 'swaggerOperationTagsReader' to allow for resolving potential circular references
2020-03-14 21:57:19.345 [main] DEBUG o.s.b.f.s.DefaultListableBeanFactory - Returning cached instance of singleton bean 'metaDataSourceAdvisor'
2020-03-14 21:57:19.345 [main] DEBUG o.s.b.f.s.DefaultListableBeanFactory - Returning cached instance of singleton bean 'org.springframework.transaction.config.internalTransactionAdvisor'
2020-03-14 21:57:19.345 [main] DEBUG o.s.b.f.s.DefaultListableBeanFactory - Returning cached instance of singleton bean 'metaDataSourceAdvisor'
2020-03-14 21:57:19.345 [main] DEBUG o.s.b.f.s.DefaultListableBeanFactory - Returning cached instance of singleton bean 'org.springframework.transaction.config.internalTransactionAdvisor'
2020-03-14 21:57:19.345 [main] DEBUG o.s.b.f.s.DefaultListableBeanFactory - Finished creating instance of bean 'swaggerOperationTagsReader'
2020-03-14 21:57:19.345 [main] DEBUG o.s.b.f.s.DefaultListableBeanFactory - Creating shared instance of singleton bean 'swaggerResponseMessageReader'
2020-03-14 21:57:19.345 [main] DEBUG o.s.b.f.s.DefaultListableBeanFactory - Creating instance of bean 'swaggerResponseMessageReader'
2020-03-14 21:57:19.346 [main] DEBUG o.s.b.f.s.DefaultListableBeanFactory - Returning cached instance of singleton bean 'metaDataSourceAdvisor'
2020-03-14 21:57:19.346 [main] DEBUG o.s.b.f.s.DefaultListableBeanFactory - Returning cached instance of singleton bean 'org.springframework.transaction.config.internalTransactionAdvisor'
2020-03-14 21:57:19.347 [main] DEBUG o.s.b.f.s.DefaultListableBeanFactory - Returning cached instance of singleton bean 'typeNameExtractor'
2020-03-14 21:57:19.347 [main] DEBUG o.s.b.f.s.DefaultListableBeanFactory - Returning cached instance of singleton bean 'typeResolver'
2020-03-14 21:57:19.347 [main] DEBUG o.s.b.f.s.DefaultListableBeanFactory - Autowiring by type from bean name 'swaggerResponseMessageReader' via constructor to bean named 'typeNameExtractor'
2020-03-14 21:57:19.347 [main] DEBUG o.s.b.f.s.DefaultListableBeanFactory - Autowiring by type from bean name 'swaggerResponseMessageReader' via constructor to bean named 'typeResolver'
2020-03-14 21:57:19.347 [main] DEBUG o.s.b.f.s.DefaultListableBeanFactory - Eagerly caching bean 'swaggerResponseMessageReader' to allow for resolving potential circular references
2020-03-14 21:57:19.352 [main] DEBUG o.s.b.f.s.DefaultListableBeanFactory - Returning cached instance of singleton bean 'metaDataSourceAdvisor'
2020-03-14 21:57:19.352 [main] DEBUG o.s.b.f.s.DefaultListableBeanFactory - Returning cached instance of singleton bean 'org.springframework.transaction.config.internalTransactionAdvisor'
2020-03-14 21:57:19.352 [main] DEBUG o.s.b.f.s.DefaultListableBeanFactory - Returning cached instance of singleton bean 'metaDataSourceAdvisor'
2020-03-14 21:57:19.352 [main] DEBUG o.s.b.f.s.DefaultListableBeanFactory - Returning cached instance of singleton bean 'org.springframework.transaction.config.internalTransactionAdvisor'
2020-03-14 21:57:19.354 [main] DEBUG o.s.b.f.s.DefaultListableBeanFactory - Finished creating instance of bean 'swaggerResponseMessageReader'
2020-03-14 21:57:19.355 [main] DEBUG o.s.b.f.s.DefaultListableBeanFactory - Creating shared instance of singleton bean 'vendorExtensionsReader'
2020-03-14 21:57:19.355 [main] DEBUG o.s.b.f.s.DefaultListableBeanFactory - Creating instance of bean 'vendorExtensionsReader'
2020-03-14 21:57:19.358 [main] DEBUG o.s.b.f.s.DefaultListableBeanFactory - Returning cached instance of singleton bean 'metaDataSourceAdvisor'
2020-03-14 21:57:19.359 [main] DEBUG o.s.b.f.s.DefaultListableBeanFactory - Returning cached instance of singleton bean 'org.springframework.transaction.config.internalTransactionAdvisor'
2020-03-14 21:57:19.360 [main] DEBUG o.s.b.f.s.DefaultListableBeanFactory - Eagerly caching bean 'vendorExtensionsReader' to allow for resolving potential circular references
2020-03-14 21:57:19.366 [main] DEBUG o.s.b.f.s.DefaultListableBeanFactory - Returning cached instance of singleton bean 'metaDataSourceAdvisor'
2020-03-14 21:57:19.366 [main] DEBUG o.s.b.f.s.DefaultListableBeanFactory - Returning cached instance of singleton bean 'org.springframework.transaction.config.internalTransactionAdvisor'
2020-03-14 21:57:19.366 [main] DEBUG o.s.b.f.s.DefaultListableBeanFactory - Returning cached instance of singleton bean 'metaDataSourceAdvisor'
2020-03-14 21:57:19.366 [main] DEBUG o.s.b.f.s.DefaultListableBeanFactory - Returning cached instance of singleton bean 'org.springframework.transaction.config.internalTransactionAdvisor'
2020-03-14 21:57:19.366 [main] DEBUG o.s.b.f.s.DefaultListableBeanFactory - Finished creating instance of bean 'vendorExtensionsReader'
2020-03-14 21:57:19.367 [main] DEBUG o.s.b.f.s.DefaultListableBeanFactory - Creating shared instance of singleton bean 'swaggerParameterDescriptionReader'
2020-03-14 21:57:19.367 [main] DEBUG o.s.b.f.s.DefaultListableBeanFactory - Creating instance of bean 'swaggerParameterDescriptionReader'
2020-03-14 21:57:19.367 [main] DEBUG o.s.b.f.s.DefaultListableBeanFactory - Returning cached instance of singleton bean 'metaDataSourceAdvisor'
2020-03-14 21:57:19.367 [main] DEBUG o.s.b.f.s.DefaultListableBeanFactory - Returning cached instance of singleton bean 'org.springframework.transaction.config.internalTransactionAdvisor'
2020-03-14 21:57:19.368 [main] DEBUG o.s.b.f.s.DefaultListableBeanFactory - Returning cached instance of singleton bean 'descriptionResolver'
2020-03-14 21:57:19.368 [main] DEBUG o.s.b.f.s.DefaultListableBeanFactory - Autowiring by type from bean name 'swaggerParameterDescriptionReader' via constructor to bean named 'descriptionResolver'
2020-03-14 21:57:19.368 [main] DEBUG o.s.b.f.s.DefaultListableBeanFactory - Eagerly caching bean 'swaggerParameterDescriptionReader' to allow for resolving potential circular references
2020-03-14 21:57:19.371 [main] DEBUG o.s.b.f.s.DefaultListableBeanFactory - Returning cached instance of singleton bean 'metaDataSourceAdvisor'
2020-03-14 21:57:19.371 [main] DEBUG o.s.b.f.s.DefaultListableBeanFactory - Returning cached instance of singleton bean 'org.springframework.transaction.config.internalTransactionAdvisor'
2020-03-14 21:57:19.371 [main] DEBUG o.s.b.f.s.DefaultListableBeanFactory - Returning cached instance of singleton bean 'metaDataSourceAdvisor'
2020-03-14 21:57:19.371 [main] DEBUG o.s.b.f.s.DefaultListableBeanFactory - Returning cached instance of singleton bean 'org.springframework.transaction.config.internalTransactionAdvisor'
2020-03-14 21:57:19.371 [main] DEBUG o.s.b.f.s.DefaultListableBeanFactory - Finished creating instance of bean 'swaggerParameterDescriptionReader'
2020-03-14 21:57:19.372 [main] DEBUG o.s.b.f.s.DefaultListableBeanFactory - Creating shared instance of singleton bean 'swaggerExpandedParameterBuilder'
2020-03-14 21:57:19.372 [main] DEBUG o.s.b.f.s.DefaultListableBeanFactory - Creating instance of bean 'swaggerExpandedParameterBuilder'
2020-03-14 21:57:19.372 [main] DEBUG o.s.b.f.s.DefaultListableBeanFactory - Returning cached instance of singleton bean 'metaDataSourceAdvisor'
2020-03-14 21:57:19.372 [main] DEBUG o.s.b.f.s.DefaultListableBeanFactory - Returning cached instance of singleton bean 'org.springframework.transaction.config.internalTransactionAdvisor'
2020-03-14 21:57:19.374 [main] DEBUG o.s.b.f.s.DefaultListableBeanFactory - Returning cached instance of singleton bean 'descriptionResolver'
2020-03-14 21:57:19.375 [main] DEBUG o.s.b.f.s.DefaultListableBeanFactory - Autowiring by type from bean name 'swaggerExpandedParameterBuilder' via constructor to bean named 'descriptionResolver'
2020-03-14 21:57:19.375 [main] DEBUG o.s.b.f.s.DefaultListableBeanFactory - Eagerly caching bean 'swaggerExpandedParameterBuilder' to allow for resolving potential circular references
2020-03-14 21:57:19.377 [main] DEBUG o.s.b.f.s.DefaultListableBeanFactory - Returning cached instance of singleton bean 'metaDataSourceAdvisor'
2020-03-14 21:57:19.378 [main] DEBUG o.s.b.f.s.DefaultListableBeanFactory - Returning cached instance of singleton bean 'org.springframework.transaction.config.internalTransactionAdvisor'
2020-03-14 21:57:19.378 [main] DEBUG o.s.b.f.s.DefaultListableBeanFactory - Returning cached instance of singleton bean 'metaDataSourceAdvisor'
2020-03-14 21:57:19.378 [main] DEBUG o.s.b.f.s.DefaultListableBeanFactory - Returning cached instance of singleton bean 'org.springframework.transaction.config.internalTransactionAdvisor'
2020-03-14 21:57:19.378 [main] DEBUG o.s.b.f.s.DefaultListableBeanFactory - Finished creating instance of bean 'swaggerExpandedParameterBuilder'
2020-03-14 21:57:19.378 [main] DEBUG o.s.b.f.s.DefaultListableBeanFactory - Creating shared instance of singleton bean 'apiResourceController'
2020-03-14 21:57:19.378 [main] DEBUG o.s.b.f.s.DefaultListableBeanFactory - Creating instance of bean 'apiResourceController'
2020-03-14 21:57:19.378 [main] DEBUG o.s.b.f.s.DefaultListableBeanFactory - Returning cached instance of singleton bean 'metaDataSourceAdvisor'
2020-03-14 21:57:19.378 [main] DEBUG o.s.b.f.s.DefaultListableBeanFactory - Returning cached instance of singleton bean 'org.springframework.transaction.config.internalTransactionAdvisor'
2020-03-14 21:57:19.382 [main] DEBUG o.s.b.f.s.DefaultListableBeanFactory - Creating shared instance of singleton bean 'inMemorySwaggerResourcesProvider'
2020-03-14 21:57:19.382 [main] DEBUG o.s.b.f.s.DefaultListableBeanFactory - Creating instance of bean 'inMemorySwaggerResourcesProvider'
2020-03-14 21:57:19.382 [main] DEBUG o.s.b.f.s.DefaultListableBeanFactory - Returning cached instance of singleton bean 'metaDataSourceAdvisor'
2020-03-14 21:57:19.382 [main] DEBUG o.s.b.f.s.DefaultListableBeanFactory - Returning cached instance of singleton bean 'org.springframework.transaction.config.internalTransactionAdvisor'
2020-03-14 21:57:19.382 [main] DEBUG o.s.b.f.s.DefaultListableBeanFactory - Returning cached instance of singleton bean 'environment'
2020-03-14 21:57:19.382 [main] DEBUG o.s.b.f.s.DefaultListableBeanFactory - Returning cached instance of singleton bean 'resourceGroupCache'
2020-03-14 21:57:19.382 [main] DEBUG o.s.b.f.s.DefaultListableBeanFactory - Autowiring by type from bean name 'inMemorySwaggerResourcesProvider' via constructor to bean named 'environment'
2020-03-14 21:57:19.383 [main] DEBUG o.s.b.f.s.DefaultListableBeanFactory - Autowiring by type from bean name 'inMemorySwaggerResourcesProvider' via constructor to bean named 'resourceGroupCache'
2020-03-14 21:57:19.383 [main] DEBUG o.s.c.e.PropertySourcesPropertyResolver - Could not find key 'springfox.documentation.swagger.v1.path' in any property source
2020-03-14 21:57:19.383 [main] DEBUG o.s.c.e.PropertySourcesPropertyResolver - Could not find key 'springfox.documentation.swagger.v2.path' in any property source
2020-03-14 21:57:19.384 [main] DEBUG o.s.b.f.s.DefaultListableBeanFactory - Eagerly caching bean 'inMemorySwaggerResourcesProvider' to allow for resolving potential circular references
2020-03-14 21:57:19.388 [main] DEBUG o.s.b.f.s.DefaultListableBeanFactory - Returning cached instance of singleton bean 'metaDataSourceAdvisor'
2020-03-14 21:57:19.388 [main] DEBUG o.s.b.f.s.DefaultListableBeanFactory - Returning cached instance of singleton bean 'org.springframework.transaction.config.internalTransactionAdvisor'
2020-03-14 21:57:19.388 [main] DEBUG o.s.b.f.s.DefaultListableBeanFactory - Returning cached instance of singleton bean 'metaDataSourceAdvisor'
2020-03-14 21:57:19.388 [main] DEBUG o.s.b.f.s.DefaultListableBeanFactory - Returning cached instance of singleton bean 'org.springframework.transaction.config.internalTransactionAdvisor'
2020-03-14 21:57:19.388 [main] DEBUG o.s.b.f.s.DefaultListableBeanFactory - Finished creating instance of bean 'inMemorySwaggerResourcesProvider'
2020-03-14 21:57:19.388 [main] DEBUG o.s.b.f.s.DefaultListableBeanFactory - Autowiring by type from bean name 'apiResourceController' via constructor to bean named 'inMemorySwaggerResourcesProvider'
2020-03-14 21:57:19.388 [main] DEBUG o.s.b.f.annotation.InjectionMetadata - Registered injected element on class [springfox.documentation.swagger.web.ApiResourceController]: AutowiredFieldElement for private springfox.documentation.swagger.web.SecurityConfiguration springfox.documentation.swagger.web.ApiResourceController.securityConfiguration
2020-03-14 21:57:19.388 [main] DEBUG o.s.b.f.annotation.InjectionMetadata - Registered injected element on class [springfox.documentation.swagger.web.ApiResourceController]: AutowiredFieldElement for private springfox.documentation.swagger.web.UiConfiguration springfox.documentation.swagger.web.ApiResourceController.uiConfiguration
2020-03-14 21:57:19.388 [main] DEBUG o.s.b.f.s.DefaultListableBeanFactory - Eagerly caching bean 'apiResourceController' to allow for resolving potential circular references
2020-03-14 21:57:19.390 [main] DEBUG o.s.b.f.annotation.InjectionMetadata - Processing injected element of bean 'apiResourceController': AutowiredFieldElement for private springfox.documentation.swagger.web.SecurityConfiguration springfox.documentation.swagger.web.ApiResourceController.securityConfiguration
2020-03-14 21:57:19.390 [main] DEBUG o.s.core.annotation.AnnotationUtils - Failed to meta-introspect annotation interface org.springframework.beans.factory.annotation.Autowired: java.lang.NullPointerException
2020-03-14 21:57:19.392 [main] DEBUG o.s.b.f.annotation.InjectionMetadata - Processing injected element of bean 'apiResourceController': AutowiredFieldElement for private springfox.documentation.swagger.web.UiConfiguration springfox.documentation.swagger.web.ApiResourceController.uiConfiguration
2020-03-14 21:57:19.392 [main] DEBUG o.s.core.annotation.AnnotationUtils - Failed to meta-introspect annotation interface org.springframework.beans.factory.annotation.Autowired: java.lang.NullPointerException
2020-03-14 21:57:19.396 [main] DEBUG o.s.b.f.s.DefaultListableBeanFactory - Returning cached instance of singleton bean 'metaDataSourceAdvisor'
2020-03-14 21:57:19.397 [main] DEBUG o.s.b.f.s.DefaultListableBeanFactory - Returning cached instance of singleton bean 'org.springframework.transaction.config.internalTransactionAdvisor'
2020-03-14 21:57:19.397 [main] DEBUG o.s.b.f.s.DefaultListableBeanFactory - Returning cached instance of singleton bean 'metaDataSourceAdvisor'
2020-03-14 21:57:19.397 [main] DEBUG o.s.b.f.s.DefaultListableBeanFactory - Returning cached instance of singleton bean 'org.springframework.transaction.config.internalTransactionAdvisor'
2020-03-14 21:57:19.397 [main] DEBUG o.s.b.f.s.DefaultListableBeanFactory - Finished creating instance of bean 'apiResourceController'
2020-03-14 21:57:19.397 [main] DEBUG o.s.b.f.s.DefaultListableBeanFactory - Creating shared instance of singleton bean 'classOrApiAnnotationResourceGrouping'
2020-03-14 21:57:19.397 [main] DEBUG o.s.b.f.s.DefaultListableBeanFactory - Creating instance of bean 'classOrApiAnnotationResourceGrouping'
2020-03-14 21:57:19.397 [main] DEBUG o.s.b.f.s.DefaultListableBeanFactory - Returning cached instance of singleton bean 'metaDataSourceAdvisor'
2020-03-14 21:57:19.398 [main] DEBUG o.s.b.f.s.DefaultListableBeanFactory - Returning cached instance of singleton bean 'org.springframework.transaction.config.internalTransactionAdvisor'
2020-03-14 21:57:19.398 [main] DEBUG o.s.b.f.s.DefaultListableBeanFactory - Eagerly caching bean 'classOrApiAnnotationResourceGrouping' to allow for resolving potential circular references
2020-03-14 21:57:19.408 [main] DEBUG o.s.b.f.s.DefaultListableBeanFactory - Returning cached instance of singleton bean 'metaDataSourceAdvisor'
2020-03-14 21:57:19.408 [main] DEBUG o.s.b.f.s.DefaultListableBeanFactory - Returning cached instance of singleton bean 'org.springframework.transaction.config.internalTransactionAdvisor'
2020-03-14 21:57:19.408 [main] DEBUG o.s.b.f.s.DefaultListableBeanFactory - Returning cached instance of singleton bean 'metaDataSourceAdvisor'
2020-03-14 21:57:19.408 [main] DEBUG o.s.b.f.s.DefaultListableBeanFactory - Returning cached instance of singleton bean 'org.springframework.transaction.config.internalTransactionAdvisor'
2020-03-14 21:57:19.410 [main] DEBUG o.s.b.f.s.DefaultListableBeanFactory - Finished creating instance of bean 'classOrApiAnnotationResourceGrouping'
2020-03-14 21:57:19.410 [main] DEBUG o.s.b.f.s.DefaultListableBeanFactory - Returning cached instance of singleton bean 'inMemorySwaggerResourcesProvider'
2020-03-14 21:57:19.410 [main] DEBUG o.s.b.f.s.DefaultListableBeanFactory - Creating shared instance of singleton bean 'swaggerApiListingReader'
2020-03-14 21:57:19.410 [main] DEBUG o.s.b.f.s.DefaultListableBeanFactory - Creating instance of bean 'swaggerApiListingReader'
2020-03-14 21:57:19.410 [main] DEBUG o.s.b.f.s.DefaultListableBeanFactory - Returning cached instance of singleton bean 'metaDataSourceAdvisor'
2020-03-14 21:57:19.410 [main] DEBUG o.s.b.f.s.DefaultListableBeanFactory - Returning cached instance of singleton bean 'org.springframework.transaction.config.internalTransactionAdvisor'
2020-03-14 21:57:19.410 [main] DEBUG o.s.b.f.s.DefaultListableBeanFactory - Eagerly caching bean 'swaggerApiListingReader' to allow for resolving potential circular references
2020-03-14 21:57:19.415 [main] DEBUG o.s.b.f.s.DefaultListableBeanFactory - Returning cached instance of singleton bean 'metaDataSourceAdvisor'
2020-03-14 21:57:19.415 [main] DEBUG o.s.b.f.s.DefaultListableBeanFactory - Returning cached instance of singleton bean 'org.springframework.transaction.config.internalTransactionAdvisor'
2020-03-14 21:57:19.415 [main] DEBUG o.s.b.f.s.DefaultListableBeanFactory - Returning cached instance of singleton bean 'metaDataSourceAdvisor'
2020-03-14 21:57:19.415 [main] DEBUG o.s.b.f.s.DefaultListableBeanFactory - Returning cached instance of singleton bean 'org.springframework.transaction.config.internalTransactionAdvisor'
2020-03-14 21:57:19.416 [main] DEBUG o.s.b.f.s.DefaultListableBeanFactory - Finished creating instance of bean 'swaggerApiListingReader'
2020-03-14 21:57:19.417 [main] DEBUG o.s.b.f.s.DefaultListableBeanFactory - Creating shared instance of singleton bean 'exceptionCatch'
2020-03-14 21:57:19.417 [main] DEBUG o.s.b.f.s.DefaultListableBeanFactory - Creating instance of bean 'exceptionCatch'
2020-03-14 21:57:19.417 [main] DEBUG o.s.b.f.s.DefaultListableBeanFactory - Returning cached instance of singleton bean 'metaDataSourceAdvisor'
2020-03-14 21:57:19.417 [main] DEBUG o.s.b.f.s.DefaultListableBeanFactory - Returning cached instance of singleton bean 'org.springframework.transaction.config.internalTransactionAdvisor'
2020-03-14 21:57:19.420 [main] DEBUG o.s.b.f.s.DefaultListableBeanFactory - Eagerly caching bean 'exceptionCatch' to allow for resolving potential circular references
2020-03-14 21:57:19.423 [main] DEBUG o.s.b.f.s.DefaultListableBeanFactory - Returning cached instance of singleton bean 'metaDataSourceAdvisor'
2020-03-14 21:57:19.423 [main] DEBUG o.s.b.f.s.DefaultListableBeanFactory - Returning cached instance of singleton bean 'org.springframework.transaction.config.internalTransactionAdvisor'
2020-03-14 21:57:19.423 [main] DEBUG o.s.b.f.s.DefaultListableBeanFactory - Returning cached instance of singleton bean 'metaDataSourceAdvisor'
2020-03-14 21:57:19.423 [main] DEBUG o.s.b.f.s.DefaultListableBeanFactory - Returning cached instance of singleton bean 'org.springframework.transaction.config.internalTransactionAdvisor'
2020-03-14 21:57:19.424 [main] DEBUG o.s.b.f.s.DefaultListableBeanFactory - Finished creating instance of bean 'exceptionCatch'
2020-03-14 21:57:19.424 [main] DEBUG o.s.b.f.s.DefaultListableBeanFactory - Creating shared instance of singleton bean 'org.springframework.security.oauth2.config.annotation.web.configuration.ResourceServerConfiguration'
2020-03-14 21:57:19.424 [main] DEBUG o.s.b.f.s.DefaultListableBeanFactory - Creating instance of bean 'org.springframework.security.oauth2.config.annotation.web.configuration.ResourceServerConfiguration'
2020-03-14 21:57:19.424 [main] DEBUG o.s.b.f.s.DefaultListableBeanFactory - Returning cached instance of singleton bean 'metaDataSourceAdvisor'
2020-03-14 21:57:19.424 [main] DEBUG o.s.b.f.s.DefaultListableBeanFactory - Returning cached instance of singleton bean 'org.springframework.transaction.config.internalTransactionAdvisor'
2020-03-14 21:57:19.436 [main] DEBUG o.s.b.f.annotation.InjectionMetadata - Registered injected element on class [org.springframework.security.oauth2.config.annotation.web.configuration.ResourceServerConfiguration$$EnhancerBySpringCGLIB$$4dc3ffb2]: AutowiredMethodElement for public void org.springframework.security.config.annotation.web.configuration.WebSecurityConfigurerAdapter.setApplicationContext(org.springframework.context.ApplicationContext)
2020-03-14 21:57:19.436 [main] DEBUG o.s.b.f.annotation.InjectionMetadata - Registered injected element on class [org.springframework.security.oauth2.config.annotation.web.configuration.ResourceServerConfiguration$$EnhancerBySpringCGLIB$$4dc3ffb2]: AutowiredMethodElement for public void org.springframework.security.config.annotation.web.configuration.WebSecurityConfigurerAdapter.setTrustResolver(org.springframework.security.authentication.AuthenticationTrustResolver)
2020-03-14 21:57:19.436 [main] DEBUG o.s.b.f.annotation.InjectionMetadata - Registered injected element on class [org.springframework.security.oauth2.config.annotation.web.configuration.ResourceServerConfiguration$$EnhancerBySpringCGLIB$$4dc3ffb2]: AutowiredMethodElement for public void org.springframework.security.config.annotation.web.configuration.WebSecurityConfigurerAdapter.setAuthenticationConfiguration(org.springframework.security.config.annotation.authentication.configuration.AuthenticationConfiguration)
2020-03-14 21:57:19.437 [main] DEBUG o.s.b.f.annotation.InjectionMetadata - Registered injected element on class [org.springframework.security.oauth2.config.annotation.web.configuration.ResourceServerConfiguration$$EnhancerBySpringCGLIB$$4dc3ffb2]: AutowiredMethodElement for public void org.springframework.security.config.annotation.web.configuration.WebSecurityConfigurerAdapter.setContentNegotationStrategy(org.springframework.web.accept.ContentNegotiationStrategy)
2020-03-14 21:57:19.437 [main] DEBUG o.s.b.f.annotation.InjectionMetadata - Registered injected element on class [org.springframework.security.oauth2.config.annotation.web.configuration.ResourceServerConfiguration$$EnhancerBySpringCGLIB$$4dc3ffb2]: AutowiredMethodElement for public void org.springframework.security.config.annotation.web.configuration.WebSecurityConfigurerAdapter.setObjectPostProcessor(org.springframework.security.config.annotation.ObjectPostProcessor)
2020-03-14 21:57:19.437 [main] DEBUG o.s.b.f.annotation.InjectionMetadata - Registered injected element on class [org.springframework.security.oauth2.config.annotation.web.configuration.ResourceServerConfiguration$$EnhancerBySpringCGLIB$$4dc3ffb2]: AutowiredFieldElement for private org.springframework.security.oauth2.provider.token.TokenStore org.springframework.security.oauth2.config.annotation.web.configuration.ResourceServerConfiguration.tokenStore
2020-03-14 21:57:19.437 [main] DEBUG o.s.b.f.annotation.InjectionMetadata - Registered injected element on class [org.springframework.security.oauth2.config.annotation.web.configuration.ResourceServerConfiguration$$EnhancerBySpringCGLIB$$4dc3ffb2]: AutowiredFieldElement for private org.springframework.security.authentication.AuthenticationEventPublisher org.springframework.security.oauth2.config.annotation.web.configuration.ResourceServerConfiguration.eventPublisher
2020-03-14 21:57:19.437 [main] DEBUG o.s.b.f.annotation.InjectionMetadata - Registered injected element on class [org.springframework.security.oauth2.config.annotation.web.configuration.ResourceServerConfiguration$$EnhancerBySpringCGLIB$$4dc3ffb2]: AutowiredFieldElement for private java.util.Map org.springframework.security.oauth2.config.annotation.web.configuration.ResourceServerConfiguration.tokenServices
2020-03-14 21:57:19.437 [main] DEBUG o.s.b.f.annotation.InjectionMetadata - Registered injected element on class [org.springframework.security.oauth2.config.annotation.web.configuration.ResourceServerConfiguration$$EnhancerBySpringCGLIB$$4dc3ffb2]: AutowiredFieldElement for private org.springframework.context.ApplicationContext org.springframework.security.oauth2.config.annotation.web.configuration.ResourceServerConfiguration.context
2020-03-14 21:57:19.437 [main] DEBUG o.s.b.f.annotation.InjectionMetadata - Registered injected element on class [org.springframework.security.oauth2.config.annotation.web.configuration.ResourceServerConfiguration$$EnhancerBySpringCGLIB$$4dc3ffb2]: AutowiredFieldElement for private org.springframework.security.oauth2.config.annotation.web.configuration.AuthorizationServerEndpointsConfiguration org.springframework.security.oauth2.config.annotation.web.configuration.ResourceServerConfiguration.endpoints
2020-03-14 21:57:19.437 [main] DEBUG o.s.b.f.annotation.InjectionMetadata - Registered injected element on class [org.springframework.security.oauth2.config.annotation.web.configuration.ResourceServerConfiguration$$EnhancerBySpringCGLIB$$4dc3ffb2]: AutowiredMethodElement for public void org.springframework.security.oauth2.config.annotation.web.configuration.ResourceServerConfiguration.setConfigurers(java.util.List)
2020-03-14 21:57:19.437 [main] DEBUG o.s.b.f.s.DefaultListableBeanFactory - Eagerly caching bean 'org.springframework.security.oauth2.config.annotation.web.configuration.ResourceServerConfiguration' to allow for resolving potential circular references
2020-03-14 21:57:19.437 [main] DEBUG o.s.b.f.annotation.InjectionMetadata - Processing injected element of bean 'org.springframework.security.oauth2.config.annotation.web.configuration.ResourceServerConfiguration': AutowiredMethodElement for public void org.springframework.security.config.annotation.web.configuration.WebSecurityConfigurerAdapter.setApplicationContext(org.springframework.context.ApplicationContext)
2020-03-14 21:57:19.437 [main] DEBUG o.s.b.f.a.AutowiredAnnotationBeanPostProcessor - Autowiring by type from bean name 'org.springframework.security.oauth2.config.annotation.web.configuration.ResourceServerConfiguration' to bean named 'org.springframework.web.context.support.GenericWebApplicationContext@1ee4730'
2020-03-14 21:57:19.440 [main] DEBUG o.s.b.f.s.DefaultListableBeanFactory - Returning cached instance of singleton bean 'objectPostProcessor'
2020-03-14 21:57:19.453 [main] DEBUG o.s.b.f.annotation.InjectionMetadata - Processing injected element of bean 'org.springframework.security.oauth2.config.annotation.web.configuration.ResourceServerConfiguration': AutowiredMethodElement for public void org.springframework.security.config.annotation.web.configuration.WebSecurityConfigurerAdapter.setTrustResolver(org.springframework.security.authentication.AuthenticationTrustResolver)
2020-03-14 21:57:19.458 [main] DEBUG o.s.b.f.annotation.InjectionMetadata - Processing injected element of bean 'org.springframework.security.oauth2.config.annotation.web.configuration.ResourceServerConfiguration': AutowiredMethodElement for public void org.springframework.security.config.annotation.web.configuration.WebSecurityConfigurerAdapter.setAuthenticationConfiguration(org.springframework.security.config.annotation.authentication.configuration.AuthenticationConfiguration)
2020-03-14 21:57:19.465 [main] DEBUG o.s.b.f.s.DefaultListableBeanFactory - Creating shared instance of singleton bean 'org.springframework.security.config.annotation.authentication.configuration.AuthenticationConfiguration'
2020-03-14 21:57:19.465 [main] DEBUG o.s.b.f.s.DefaultListableBeanFactory - Creating instance of bean 'org.springframework.security.config.annotation.authentication.configuration.AuthenticationConfiguration'
2020-03-14 21:57:19.465 [main] DEBUG o.s.b.f.s.DefaultListableBeanFactory - Returning cached instance of singleton bean 'metaDataSourceAdvisor'
2020-03-14 21:57:19.465 [main] DEBUG o.s.b.f.s.DefaultListableBeanFactory - Returning cached instance of singleton bean 'org.springframework.transaction.config.internalTransactionAdvisor'
2020-03-14 21:57:19.473 [main] DEBUG o.s.b.f.annotation.InjectionMetadata - Registered injected element on class [org.springframework.security.config.annotation.authentication.configuration.AuthenticationConfiguration$$EnhancerBySpringCGLIB$$85c126e8]: AutowiredMethodElement for public void org.springframework.security.config.annotation.authentication.configuration.AuthenticationConfiguration.setApplicationContext(org.springframework.context.ApplicationContext)
2020-03-14 21:57:19.473 [main] DEBUG o.s.b.f.annotation.InjectionMetadata - Registered injected element on class [org.springframework.security.config.annotation.authentication.configuration.AuthenticationConfiguration$$EnhancerBySpringCGLIB$$85c126e8]: AutowiredMethodElement for public void org.springframework.security.config.annotation.authentication.configuration.AuthenticationConfiguration.setGlobalAuthenticationConfigurers(java.util.List) throws java.lang.Exception
2020-03-14 21:57:19.473 [main] DEBUG o.s.b.f.annotation.InjectionMetadata - Registered injected element on class [org.springframework.security.config.annotation.authentication.configuration.AuthenticationConfiguration$$EnhancerBySpringCGLIB$$85c126e8]: AutowiredMethodElement for public void org.springframework.security.config.annotation.authentication.configuration.AuthenticationConfiguration.setObjectPostProcessor(org.springframework.security.config.annotation.ObjectPostProcessor)
2020-03-14 21:57:19.473 [main] DEBUG o.s.b.f.s.DefaultListableBeanFactory - Eagerly caching bean 'org.springframework.security.config.annotation.authentication.configuration.AuthenticationConfiguration' to allow for resolving potential circular references
2020-03-14 21:57:19.474 [main] DEBUG o.s.b.f.annotation.InjectionMetadata - Processing injected element of bean 'org.springframework.security.config.annotation.authentication.configuration.AuthenticationConfiguration': AutowiredMethodElement for public void org.springframework.security.config.annotation.authentication.configuration.AuthenticationConfiguration.setApplicationContext(org.springframework.context.ApplicationContext)
2020-03-14 21:57:19.474 [main] DEBUG o.s.b.f.a.AutowiredAnnotationBeanPostProcessor - Autowiring by type from bean name 'org.springframework.security.config.annotation.authentication.configuration.AuthenticationConfiguration' to bean named 'org.springframework.web.context.support.GenericWebApplicationContext@1ee4730'
2020-03-14 21:57:19.474 [main] DEBUG o.s.b.f.annotation.InjectionMetadata - Processing injected element of bean 'org.springframework.security.config.annotation.authentication.configuration.AuthenticationConfiguration': AutowiredMethodElement for public void org.springframework.security.config.annotation.authentication.configuration.AuthenticationConfiguration.setGlobalAuthenticationConfigurers(java.util.List) throws java.lang.Exception
2020-03-14 21:57:19.477 [main] DEBUG o.s.b.f.s.DefaultListableBeanFactory - Creating shared instance of singleton bean 'enableGlobalAuthenticationAutowiredConfigurer'
2020-03-14 21:57:19.477 [main] DEBUG o.s.b.f.s.DefaultListableBeanFactory - Creating instance of bean 'enableGlobalAuthenticationAutowiredConfigurer'
2020-03-14 21:57:19.477 [main] DEBUG o.s.b.f.s.DefaultListableBeanFactory - Returning cached instance of singleton bean 'metaDataSourceAdvisor'
2020-03-14 21:57:19.478 [main] DEBUG o.s.b.f.s.DefaultListableBeanFactory - Returning cached instance of singleton bean 'org.springframework.transaction.config.internalTransactionAdvisor'
2020-03-14 21:57:19.481 [main] DEBUG o.s.b.f.s.DefaultListableBeanFactory - Autowiring by type from bean name 'enableGlobalAuthenticationAutowiredConfigurer' via factory method to bean named 'org.springframework.web.context.support.GenericWebApplicationContext@1ee4730'
2020-03-14 21:57:19.482 [main] DEBUG o.s.b.f.s.DefaultListableBeanFactory - Eagerly caching bean 'enableGlobalAuthenticationAutowiredConfigurer' to allow for resolving potential circular references
2020-03-14 21:57:19.485 [main] DEBUG o.s.b.f.s.DefaultListableBeanFactory - Returning cached instance of singleton bean 'metaDataSourceAdvisor'
2020-03-14 21:57:19.485 [main] DEBUG o.s.b.f.s.DefaultListableBeanFactory - Returning cached instance of singleton bean 'org.springframework.transaction.config.internalTransactionAdvisor'
2020-03-14 21:57:19.485 [main] DEBUG o.s.b.f.s.DefaultListableBeanFactory - Returning cached instance of singleton bean 'metaDataSourceAdvisor'
2020-03-14 21:57:19.485 [main] DEBUG o.s.b.f.s.DefaultListableBeanFactory - Returning cached instance of singleton bean 'org.springframework.transaction.config.internalTransactionAdvisor'
2020-03-14 21:57:19.486 [main] DEBUG o.s.b.f.s.DefaultListableBeanFactory - Finished creating instance of bean 'enableGlobalAuthenticationAutowiredConfigurer'
2020-03-14 21:57:19.486 [main] DEBUG o.s.b.f.s.DefaultListableBeanFactory - Creating shared instance of singleton bean 'initializeUserDetailsBeanManagerConfigurer'
2020-03-14 21:57:19.486 [main] DEBUG o.s.b.f.s.DefaultListableBeanFactory - Creating instance of bean 'initializeUserDetailsBeanManagerConfigurer'
2020-03-14 21:57:19.486 [main] DEBUG o.s.b.f.s.DefaultListableBeanFactory - Returning cached instance of singleton bean 'metaDataSourceAdvisor'
2020-03-14 21:57:19.486 [main] DEBUG o.s.b.f.s.DefaultListableBeanFactory - Returning cached instance of singleton bean 'org.springframework.transaction.config.internalTransactionAdvisor'
2020-03-14 21:57:19.487 [main] DEBUG o.s.b.f.s.DefaultListableBeanFactory - Autowiring by type from bean name 'initializeUserDetailsBeanManagerConfigurer' via factory method to bean named 'org.springframework.web.context.support.GenericWebApplicationContext@1ee4730'
2020-03-14 21:57:19.487 [main] DEBUG o.s.b.f.s.DefaultListableBeanFactory - Eagerly caching bean 'initializeUserDetailsBeanManagerConfigurer' to allow for resolving potential circular references
2020-03-14 21:57:19.491 [main] DEBUG o.s.b.f.s.DefaultListableBeanFactory - Returning cached instance of singleton bean 'metaDataSourceAdvisor'
2020-03-14 21:57:19.491 [main] DEBUG o.s.b.f.s.DefaultListableBeanFactory - Returning cached instance of singleton bean 'org.springframework.transaction.config.internalTransactionAdvisor'
2020-03-14 21:57:19.491 [main] DEBUG o.s.b.f.s.DefaultListableBeanFactory - Returning cached instance of singleton bean 'metaDataSourceAdvisor'
2020-03-14 21:57:19.491 [main] DEBUG o.s.b.f.s.DefaultListableBeanFactory - Returning cached instance of singleton bean 'org.springframework.transaction.config.internalTransactionAdvisor'
2020-03-14 21:57:19.492 [main] DEBUG o.s.b.f.s.DefaultListableBeanFactory - Finished creating instance of bean 'initializeUserDetailsBeanManagerConfigurer'
2020-03-14 21:57:19.492 [main] DEBUG o.s.b.f.s.DefaultListableBeanFactory - Creating shared instance of singleton bean 'initializeAuthenticationProviderBeanManagerConfigurer'
2020-03-14 21:57:19.492 [main] DEBUG o.s.b.f.s.DefaultListableBeanFactory - Creating instance of bean 'initializeAuthenticationProviderBeanManagerConfigurer'
2020-03-14 21:57:19.492 [main] DEBUG o.s.b.f.s.DefaultListableBeanFactory - Returning cached instance of singleton bean 'metaDataSourceAdvisor'
2020-03-14 21:57:19.492 [main] DEBUG o.s.b.f.s.DefaultListableBeanFactory - Returning cached instance of singleton bean 'org.springframework.transaction.config.internalTransactionAdvisor'
2020-03-14 21:57:19.492 [main] DEBUG o.s.b.f.s.DefaultListableBeanFactory - Autowiring by type from bean name 'initializeAuthenticationProviderBeanManagerConfigurer' via factory method to bean named 'org.springframework.web.context.support.GenericWebApplicationContext@1ee4730'
2020-03-14 21:57:19.492 [main] DEBUG o.s.b.f.s.DefaultListableBeanFactory - Eagerly caching bean 'initializeAuthenticationProviderBeanManagerConfigurer' to allow for resolving potential circular references
2020-03-14 21:57:19.500 [main] DEBUG o.s.b.f.s.DefaultListableBeanFactory - Returning cached instance of singleton bean 'metaDataSourceAdvisor'
2020-03-14 21:57:19.500 [main] DEBUG o.s.b.f.s.DefaultListableBeanFactory - Returning cached instance of singleton bean 'org.springframework.transaction.config.internalTransactionAdvisor'
2020-03-14 21:57:19.500 [main] DEBUG o.s.b.f.s.DefaultListableBeanFactory - Returning cached instance of singleton bean 'metaDataSourceAdvisor'
2020-03-14 21:57:19.500 [main] DEBUG o.s.b.f.s.DefaultListableBeanFactory - Returning cached instance of singleton bean 'org.springframework.transaction.config.internalTransactionAdvisor'
2020-03-14 21:57:19.500 [main] DEBUG o.s.b.f.s.DefaultListableBeanFactory - Finished creating instance of bean 'initializeAuthenticationProviderBeanManagerConfigurer'
2020-03-14 21:57:19.501 [main] DEBUG o.s.b.f.a.AutowiredAnnotationBeanPostProcessor - Autowiring by type from bean name 'org.springframework.security.config.annotation.authentication.configuration.AuthenticationConfiguration' to bean named 'enableGlobalAuthenticationAutowiredConfigurer'
2020-03-14 21:57:19.501 [main] DEBUG o.s.b.f.a.AutowiredAnnotationBeanPostProcessor - Autowiring by type from bean name 'org.springframework.security.config.annotation.authentication.configuration.AuthenticationConfiguration' to bean named 'initializeUserDetailsBeanManagerConfigurer'
2020-03-14 21:57:19.501 [main] DEBUG o.s.b.f.a.AutowiredAnnotationBeanPostProcessor - Autowiring by type from bean name 'org.springframework.security.config.annotation.authentication.configuration.AuthenticationConfiguration' to bean named 'initializeAuthenticationProviderBeanManagerConfigurer'
2020-03-14 21:57:19.501 [main] DEBUG o.s.b.f.annotation.InjectionMetadata - Processing injected element of bean 'org.springframework.security.config.annotation.authentication.configuration.AuthenticationConfiguration': AutowiredMethodElement for public void org.springframework.security.config.annotation.authentication.configuration.AuthenticationConfiguration.setObjectPostProcessor(org.springframework.security.config.annotation.ObjectPostProcessor)
2020-03-14 21:57:19.501 [main] DEBUG o.s.b.f.s.DefaultListableBeanFactory - Returning cached instance of singleton bean 'objectPostProcessor'
2020-03-14 21:57:19.501 [main] DEBUG o.s.b.f.a.AutowiredAnnotationBeanPostProcessor - Autowiring by type from bean name 'org.springframework.security.config.annotation.authentication.configuration.AuthenticationConfiguration' to bean named 'objectPostProcessor'
2020-03-14 21:57:19.501 [main] DEBUG o.s.b.f.s.DefaultListableBeanFactory - Returning cached instance of singleton bean 'metaDataSourceAdvisor'
2020-03-14 21:57:19.501 [main] DEBUG o.s.b.f.s.DefaultListableBeanFactory - Returning cached instance of singleton bean 'org.springframework.transaction.config.internalTransactionAdvisor'
2020-03-14 21:57:19.501 [main] DEBUG o.s.b.f.s.DefaultListableBeanFactory - Returning cached instance of singleton bean 'metaDataSourceAdvisor'
2020-03-14 21:57:19.501 [main] DEBUG o.s.b.f.s.DefaultListableBeanFactory - Returning cached instance of singleton bean 'org.springframework.transaction.config.internalTransactionAdvisor'
2020-03-14 21:57:19.502 [main] DEBUG o.s.b.f.s.DefaultListableBeanFactory - Finished creating instance of bean 'org.springframework.security.config.annotation.authentication.configuration.AuthenticationConfiguration'
2020-03-14 21:57:19.502 [main] DEBUG o.s.b.f.a.AutowiredAnnotationBeanPostProcessor - Autowiring by type from bean name 'org.springframework.security.oauth2.config.annotation.web.configuration.ResourceServerConfiguration' to bean named 'org.springframework.security.config.annotation.authentication.configuration.AuthenticationConfiguration'
2020-03-14 21:57:19.502 [main] DEBUG o.s.b.f.annotation.InjectionMetadata - Processing injected element of bean 'org.springframework.security.oauth2.config.annotation.web.configuration.ResourceServerConfiguration': AutowiredMethodElement for public void org.springframework.security.config.annotation.web.configuration.WebSecurityConfigurerAdapter.setContentNegotationStrategy(org.springframework.web.accept.ContentNegotiationStrategy)
2020-03-14 21:57:19.504 [main] DEBUG o.s.b.f.s.DefaultListableBeanFactory - Returning cached instance of singleton bean 'mvcContentNegotiationManager'
2020-03-14 21:57:19.504 [main] DEBUG o.s.b.f.a.AutowiredAnnotationBeanPostProcessor - Autowiring by type from bean name 'org.springframework.security.oauth2.config.annotation.web.configuration.ResourceServerConfiguration' to bean named 'mvcContentNegotiationManager'
2020-03-14 21:57:19.504 [main] DEBUG o.s.b.f.annotation.InjectionMetadata - Processing injected element of bean 'org.springframework.security.oauth2.config.annotation.web.configuration.ResourceServerConfiguration': AutowiredMethodElement for public void org.springframework.security.config.annotation.web.configuration.WebSecurityConfigurerAdapter.setObjectPostProcessor(org.springframework.security.config.annotation.ObjectPostProcessor)
2020-03-14 21:57:19.505 [main] DEBUG o.s.b.f.s.DefaultListableBeanFactory - Returning cached instance of singleton bean 'objectPostProcessor'
2020-03-14 21:57:19.505 [main] DEBUG o.s.b.f.a.AutowiredAnnotationBeanPostProcessor - Autowiring by type from bean name 'org.springframework.security.oauth2.config.annotation.web.configuration.ResourceServerConfiguration' to bean named 'objectPostProcessor'
2020-03-14 21:57:19.505 [main] DEBUG o.s.b.f.annotation.InjectionMetadata - Processing injected element of bean 'org.springframework.security.oauth2.config.annotation.web.configuration.ResourceServerConfiguration': AutowiredFieldElement for private org.springframework.security.oauth2.provider.token.TokenStore org.springframework.security.oauth2.config.annotation.web.configuration.ResourceServerConfiguration.tokenStore
2020-03-14 21:57:19.505 [main] DEBUG o.s.core.annotation.AnnotationUtils - Failed to meta-introspect annotation interface org.springframework.beans.factory.annotation.Autowired: java.lang.NullPointerException
2020-03-14 21:57:19.507 [main] DEBUG o.s.b.f.s.DefaultListableBeanFactory - Creating shared instance of singleton bean 'tokenStore'
2020-03-14 21:57:19.507 [main] DEBUG o.s.b.f.s.DefaultListableBeanFactory - Creating instance of bean 'tokenStore'
2020-03-14 21:57:19.507 [main] DEBUG o.s.b.f.s.DefaultListableBeanFactory - Returning cached instance of singleton bean 'metaDataSourceAdvisor'
2020-03-14 21:57:19.507 [main] DEBUG o.s.b.f.s.DefaultListableBeanFactory - Returning cached instance of singleton bean 'org.springframework.transaction.config.internalTransactionAdvisor'
2020-03-14 21:57:19.507 [main] DEBUG o.s.b.f.s.DefaultListableBeanFactory - Returning cached instance of singleton bean 'resourceServerConfig'
2020-03-14 21:57:19.508 [main] DEBUG o.s.b.f.s.DefaultListableBeanFactory - Creating shared instance of singleton bean 'jwtAccessTokenConverter'
2020-03-14 21:57:19.508 [main] DEBUG o.s.b.f.s.DefaultListableBeanFactory - Creating instance of bean 'jwtAccessTokenConverter'
2020-03-14 21:57:19.510 [main] DEBUG o.s.b.f.s.DefaultListableBeanFactory - Returning cached instance of singleton bean 'metaDataSourceAdvisor'
2020-03-14 21:57:19.510 [main] DEBUG o.s.b.f.s.DefaultListableBeanFactory - Returning cached instance of singleton bean 'org.springframework.transaction.config.internalTransactionAdvisor'
2020-03-14 21:57:19.510 [main] DEBUG o.s.b.f.s.DefaultListableBeanFactory - Returning cached instance of singleton bean 'resourceServerConfig'
2020-03-14 21:57:19.541 [main] DEBUG o.s.b.f.s.DefaultListableBeanFactory - Eagerly caching bean 'jwtAccessTokenConverter' to allow for resolving potential circular references
2020-03-14 21:57:19.550 [main] DEBUG o.s.b.f.s.DefaultListableBeanFactory - Invoking afterPropertiesSet() on bean with name 'jwtAccessTokenConverter'
2020-03-14 21:57:19.557 [main] DEBUG o.s.b.f.s.DefaultListableBeanFactory - Returning cached instance of singleton bean 'metaDataSourceAdvisor'
2020-03-14 21:57:19.557 [main] DEBUG o.s.b.f.s.DefaultListableBeanFactory - Returning cached instance of singleton bean 'org.springframework.transaction.config.internalTransactionAdvisor'
2020-03-14 21:57:19.557 [main] DEBUG o.s.b.f.s.DefaultListableBeanFactory - Returning cached instance of singleton bean 'metaDataSourceAdvisor'
2020-03-14 21:57:19.557 [main] DEBUG o.s.b.f.s.DefaultListableBeanFactory - Returning cached instance of singleton bean 'org.springframework.transaction.config.internalTransactionAdvisor'
2020-03-14 21:57:19.557 [main] DEBUG o.s.b.f.s.DefaultListableBeanFactory - Finished creating instance of bean 'jwtAccessTokenConverter'
2020-03-14 21:57:19.557 [main] DEBUG o.s.b.f.s.DefaultListableBeanFactory - Autowiring by type from bean name 'tokenStore' via factory method to bean named 'jwtAccessTokenConverter'
2020-03-14 21:57:19.558 [main] DEBUG o.s.b.f.s.DefaultListableBeanFactory - Eagerly caching bean 'tokenStore' to allow for resolving potential circular references
2020-03-14 21:57:19.561 [main] DEBUG o.s.b.f.s.DefaultListableBeanFactory - Returning cached instance of singleton bean 'metaDataSourceAdvisor'
2020-03-14 21:57:19.561 [main] DEBUG o.s.b.f.s.DefaultListableBeanFactory - Returning cached instance of singleton bean 'org.springframework.transaction.config.internalTransactionAdvisor'
2020-03-14 21:57:19.561 [main] DEBUG o.s.b.f.s.DefaultListableBeanFactory - Returning cached instance of singleton bean 'metaDataSourceAdvisor'
2020-03-14 21:57:19.562 [main] DEBUG o.s.b.f.s.DefaultListableBeanFactory - Returning cached instance of singleton bean 'org.springframework.transaction.config.internalTransactionAdvisor'
2020-03-14 21:57:19.562 [main] DEBUG o.s.b.f.s.DefaultListableBeanFactory - Finished creating instance of bean 'tokenStore'
2020-03-14 21:57:19.562 [main] DEBUG o.s.b.f.a.AutowiredAnnotationBeanPostProcessor - Autowiring by type from bean name 'org.springframework.security.oauth2.config.annotation.web.configuration.ResourceServerConfiguration' to bean named 'tokenStore'
2020-03-14 21:57:19.562 [main] DEBUG o.s.b.f.annotation.InjectionMetadata - Processing injected element of bean 'org.springframework.security.oauth2.config.annotation.web.configuration.ResourceServerConfiguration': AutowiredFieldElement for private org.springframework.security.authentication.AuthenticationEventPublisher org.springframework.security.oauth2.config.annotation.web.configuration.ResourceServerConfiguration.eventPublisher
2020-03-14 21:57:19.562 [main] DEBUG o.s.core.annotation.AnnotationUtils - Failed to meta-introspect annotation interface org.springframework.beans.factory.annotation.Autowired: java.lang.NullPointerException
2020-03-14 21:57:19.564 [main] DEBUG o.s.b.f.s.DefaultListableBeanFactory - Creating shared instance of singleton bean 'authenticationEventPublisher'
2020-03-14 21:57:19.564 [main] DEBUG o.s.b.f.s.DefaultListableBeanFactory - Creating instance of bean 'authenticationEventPublisher'
2020-03-14 21:57:19.564 [main] DEBUG o.s.b.f.s.DefaultListableBeanFactory - Returning cached instance of singleton bean 'metaDataSourceAdvisor'
2020-03-14 21:57:19.564 [main] DEBUG o.s.b.f.s.DefaultListableBeanFactory - Returning cached instance of singleton bean 'org.springframework.transaction.config.internalTransactionAdvisor'
2020-03-14 21:57:19.564 [main] DEBUG o.s.b.f.s.DefaultListableBeanFactory - Creating shared instance of singleton bean 'org.springframework.boot.autoconfigure.security.servlet.SecurityAutoConfiguration'
2020-03-14 21:57:19.564 [main] DEBUG o.s.b.f.s.DefaultListableBeanFactory - Creating instance of bean 'org.springframework.boot.autoconfigure.security.servlet.SecurityAutoConfiguration'
2020-03-14 21:57:19.564 [main] DEBUG o.s.b.f.s.DefaultListableBeanFactory - Returning cached instance of singleton bean 'metaDataSourceAdvisor'
2020-03-14 21:57:19.564 [main] DEBUG o.s.b.f.s.DefaultListableBeanFactory - Returning cached instance of singleton bean 'org.springframework.transaction.config.internalTransactionAdvisor'
2020-03-14 21:57:19.564 [main] DEBUG o.s.b.f.s.DefaultListableBeanFactory - Eagerly caching bean 'org.springframework.boot.autoconfigure.security.servlet.SecurityAutoConfiguration' to allow for resolving potential circular references
2020-03-14 21:57:19.567 [main] DEBUG o.s.b.f.s.DefaultListableBeanFactory - Returning cached instance of singleton bean 'metaDataSourceAdvisor'
2020-03-14 21:57:19.567 [main] DEBUG o.s.b.f.s.DefaultListableBeanFactory - Returning cached instance of singleton bean 'org.springframework.transaction.config.internalTransactionAdvisor'
2020-03-14 21:57:19.567 [main] DEBUG o.s.b.f.s.DefaultListableBeanFactory - Returning cached instance of singleton bean 'metaDataSourceAdvisor'
2020-03-14 21:57:19.567 [main] DEBUG o.s.b.f.s.DefaultListableBeanFactory - Returning cached instance of singleton bean 'org.springframework.transaction.config.internalTransactionAdvisor'
2020-03-14 21:57:19.567 [main] DEBUG o.s.b.f.s.DefaultListableBeanFactory - Finished creating instance of bean 'org.springframework.boot.autoconfigure.security.servlet.SecurityAutoConfiguration'
2020-03-14 21:57:19.569 [main] DEBUG o.s.b.f.s.DefaultListableBeanFactory - Autowiring by type from bean name 'authenticationEventPublisher' via factory method to bean named 'org.springframework.web.context.support.GenericWebApplicationContext@1ee4730'
2020-03-14 21:57:19.573 [main] DEBUG o.s.b.f.s.DefaultListableBeanFactory - Eagerly caching bean 'authenticationEventPublisher' to allow for resolving potential circular references
2020-03-14 21:57:19.575 [main] DEBUG o.s.b.f.s.DefaultListableBeanFactory - Returning cached instance of singleton bean 'metaDataSourceAdvisor'
2020-03-14 21:57:19.575 [main] DEBUG o.s.b.f.s.DefaultListableBeanFactory - Returning cached instance of singleton bean 'org.springframework.transaction.config.internalTransactionAdvisor'
2020-03-14 21:57:19.575 [main] DEBUG o.s.b.f.s.DefaultListableBeanFactory - Returning cached instance of singleton bean 'metaDataSourceAdvisor'
2020-03-14 21:57:19.575 [main] DEBUG o.s.b.f.s.DefaultListableBeanFactory - Returning cached instance of singleton bean 'org.springframework.transaction.config.internalTransactionAdvisor'
2020-03-14 21:57:19.576 [main] DEBUG o.s.b.f.s.DefaultListableBeanFactory - Finished creating instance of bean 'authenticationEventPublisher'
2020-03-14 21:57:19.576 [main] DEBUG o.s.b.f.a.AutowiredAnnotationBeanPostProcessor - Autowiring by type from bean name 'org.springframework.security.oauth2.config.annotation.web.configuration.ResourceServerConfiguration' to bean named 'authenticationEventPublisher'
2020-03-14 21:57:19.576 [main] DEBUG o.s.b.f.annotation.InjectionMetadata - Processing injected element of bean 'org.springframework.security.oauth2.config.annotation.web.configuration.ResourceServerConfiguration': AutowiredFieldElement for private java.util.Map org.springframework.security.oauth2.config.annotation.web.configuration.ResourceServerConfiguration.tokenServices
2020-03-14 21:57:19.576 [main] DEBUG o.s.core.annotation.AnnotationUtils - Failed to meta-introspect annotation interface org.springframework.beans.factory.annotation.Autowired: java.lang.NullPointerException
2020-03-14 21:57:19.582 [main] DEBUG o.s.b.f.annotation.InjectionMetadata - Processing injected element of bean 'org.springframework.security.oauth2.config.annotation.web.configuration.ResourceServerConfiguration': AutowiredFieldElement for private org.springframework.context.ApplicationContext org.springframework.security.oauth2.config.annotation.web.configuration.ResourceServerConfiguration.context
2020-03-14 21:57:19.583 [main] DEBUG o.s.core.annotation.AnnotationUtils - Failed to meta-introspect annotation interface org.springframework.beans.factory.annotation.Autowired: java.lang.NullPointerException
2020-03-14 21:57:19.583 [main] DEBUG o.s.b.f.a.AutowiredAnnotationBeanPostProcessor - Autowiring by type from bean name 'org.springframework.security.oauth2.config.annotation.web.configuration.ResourceServerConfiguration' to bean named 'org.springframework.web.context.support.GenericWebApplicationContext@1ee4730'
2020-03-14 21:57:19.583 [main] DEBUG o.s.b.f.annotation.InjectionMetadata - Processing injected element of bean 'org.springframework.security.oauth2.config.annotation.web.configuration.ResourceServerConfiguration': AutowiredFieldElement for private org.springframework.security.oauth2.config.annotation.web.configuration.AuthorizationServerEndpointsConfiguration org.springframework.security.oauth2.config.annotation.web.configuration.ResourceServerConfiguration.endpoints
2020-03-14 21:57:19.584 [main] DEBUG o.s.core.annotation.AnnotationUtils - Failed to meta-introspect annotation interface org.springframework.beans.factory.annotation.Autowired: java.lang.NullPointerException
2020-03-14 21:57:19.587 [main] DEBUG o.s.b.f.annotation.InjectionMetadata - Processing injected element of bean 'org.springframework.security.oauth2.config.annotation.web.configuration.ResourceServerConfiguration': AutowiredMethodElement for public void org.springframework.security.oauth2.config.annotation.web.configuration.ResourceServerConfiguration.setConfigurers(java.util.List)
2020-03-14 21:57:19.589 [main] DEBUG o.s.b.f.s.DefaultListableBeanFactory - Returning cached instance of singleton bean 'resourceServerConfig'
2020-03-14 21:57:19.590 [main] DEBUG o.s.b.f.a.AutowiredAnnotationBeanPostProcessor - Autowiring by type from bean name 'org.springframework.security.oauth2.config.annotation.web.configuration.ResourceServerConfiguration' to bean named 'resourceServerConfig'
2020-03-14 21:57:19.590 [main] DEBUG o.s.b.f.s.DefaultListableBeanFactory - Returning cached instance of singleton bean 'metaDataSourceAdvisor'
2020-03-14 21:57:19.590 [main] DEBUG o.s.b.f.s.DefaultListableBeanFactory - Returning cached instance of singleton bean 'org.springframework.transaction.config.internalTransactionAdvisor'
2020-03-14 21:57:19.590 [main] DEBUG o.s.b.f.s.DefaultListableBeanFactory - Returning cached instance of singleton bean 'metaDataSourceAdvisor'
2020-03-14 21:57:19.590 [main] DEBUG o.s.b.f.s.DefaultListableBeanFactory - Returning cached instance of singleton bean 'org.springframework.transaction.config.internalTransactionAdvisor'
2020-03-14 21:57:19.593 [main] DEBUG o.s.b.f.s.DefaultListableBeanFactory - Finished creating instance of bean 'org.springframework.security.oauth2.config.annotation.web.configuration.ResourceServerConfiguration'
2020-03-14 21:57:19.593 [main] DEBUG o.s.b.f.s.DefaultListableBeanFactory - Returning cached instance of singleton bean 'org.springframework.security.config.annotation.configuration.ObjectPostProcessorConfiguration'
2020-03-14 21:57:19.593 [main] DEBUG o.s.b.f.s.DefaultListableBeanFactory - Returning cached instance of singleton bean 'objectPostProcessor'
2020-03-14 21:57:19.593 [main] DEBUG o.s.b.f.s.DefaultListableBeanFactory - Returning cached instance of singleton bean 'org.springframework.security.config.annotation.authentication.configuration.AuthenticationConfiguration'
2020-03-14 21:57:19.593 [main] DEBUG o.s.b.f.s.DefaultListableBeanFactory - Creating shared instance of singleton bean 'authenticationManagerBuilder'
2020-03-14 21:57:19.594 [main] DEBUG o.s.b.f.s.DefaultListableBeanFactory - Creating instance of bean 'authenticationManagerBuilder'
2020-03-14 21:57:19.594 [main] DEBUG o.s.b.f.s.DefaultListableBeanFactory - Returning cached instance of singleton bean 'metaDataSourceAdvisor'
2020-03-14 21:57:19.594 [main] DEBUG o.s.b.f.s.DefaultListableBeanFactory - Returning cached instance of singleton bean 'org.springframework.transaction.config.internalTransactionAdvisor'
2020-03-14 21:57:19.594 [main] DEBUG o.s.b.f.s.DefaultListableBeanFactory - Returning cached instance of singleton bean 'org.springframework.security.config.annotation.authentication.configuration.AuthenticationConfiguration'
2020-03-14 21:57:19.594 [main] DEBUG o.s.b.f.s.DefaultListableBeanFactory - Returning cached instance of singleton bean 'objectPostProcessor'
2020-03-14 21:57:19.594 [main] DEBUG o.s.b.f.s.DefaultListableBeanFactory - Autowiring by type from bean name 'authenticationManagerBuilder' via factory method to bean named 'objectPostProcessor'
2020-03-14 21:57:19.594 [main] DEBUG o.s.b.f.s.DefaultListableBeanFactory - Autowiring by type from bean name 'authenticationManagerBuilder' via factory method to bean named 'org.springframework.web.context.support.GenericWebApplicationContext@1ee4730'
2020-03-14 21:57:19.597 [main] DEBUG o.s.b.f.s.DefaultListableBeanFactory - Returning cached instance of singleton bean 'authenticationEventPublisher'
2020-03-14 21:57:19.599 [main] DEBUG o.s.b.f.s.DefaultListableBeanFactory - Eagerly caching bean 'authenticationManagerBuilder' to allow for resolving potential circular references
2020-03-14 21:57:19.606 [main] DEBUG o.s.b.f.s.DefaultListableBeanFactory - Returning cached instance of singleton bean 'metaDataSourceAdvisor'
2020-03-14 21:57:19.606 [main] DEBUG o.s.b.f.s.DefaultListableBeanFactory - Returning cached instance of singleton bean 'org.springframework.transaction.config.internalTransactionAdvisor'
2020-03-14 21:57:19.606 [main] DEBUG o.s.b.f.s.DefaultListableBeanFactory - Returning cached instance of singleton bean 'metaDataSourceAdvisor'
2020-03-14 21:57:19.606 [main] DEBUG o.s.b.f.s.DefaultListableBeanFactory - Returning cached instance of singleton bean 'org.springframework.transaction.config.internalTransactionAdvisor'
2020-03-14 21:57:19.614 [main] DEBUG o.s.b.f.s.DefaultListableBeanFactory - Finished creating instance of bean 'authenticationManagerBuilder'
2020-03-14 21:57:19.614 [main] DEBUG o.s.b.f.s.DefaultListableBeanFactory - Returning cached instance of singleton bean 'enableGlobalAuthenticationAutowiredConfigurer'
2020-03-14 21:57:19.614 [main] DEBUG o.s.b.f.s.DefaultListableBeanFactory - Returning cached instance of singleton bean 'initializeUserDetailsBeanManagerConfigurer'
2020-03-14 21:57:19.614 [main] DEBUG o.s.b.f.s.DefaultListableBeanFactory - Returning cached instance of singleton bean 'initializeAuthenticationProviderBeanManagerConfigurer'
2020-03-14 21:57:19.614 [main] DEBUG o.s.b.f.s.DefaultListableBeanFactory - Returning cached instance of singleton bean 'org.springframework.security.config.annotation.method.configuration.GlobalMethodSecurityConfiguration'
2020-03-14 21:57:19.614 [main] DEBUG o.s.b.f.s.DefaultListableBeanFactory - Returning cached instance of singleton bean 'methodSecurityInterceptor'
2020-03-14 21:57:19.615 [main] DEBUG o.s.b.f.s.DefaultListableBeanFactory - Returning cached instance of singleton bean 'methodSecurityMetadataSource'
2020-03-14 21:57:19.615 [main] DEBUG o.s.b.f.s.DefaultListableBeanFactory - Creating shared instance of singleton bean 'preInvocationAuthorizationAdvice'
2020-03-14 21:57:19.615 [main] DEBUG o.s.b.f.s.DefaultListableBeanFactory - Creating instance of bean 'preInvocationAuthorizationAdvice'
2020-03-14 21:57:19.615 [main] DEBUG o.s.b.f.s.DefaultListableBeanFactory - Returning cached instance of singleton bean 'org.springframework.security.config.annotation.method.configuration.GlobalMethodSecurityConfiguration'
2020-03-14 21:57:19.616 [main] DEBUG o.s.b.f.s.DefaultListableBeanFactory - Eagerly caching bean 'preInvocationAuthorizationAdvice' to allow for resolving potential circular references
2020-03-14 21:57:19.618 [main] DEBUG o.s.b.f.s.DefaultListableBeanFactory - Finished creating instance of bean 'preInvocationAuthorizationAdvice'
2020-03-14 21:57:19.618 [main] DEBUG o.s.b.f.s.DefaultListableBeanFactory - Returning cached instance of singleton bean 'tokenStore'
2020-03-14 21:57:19.618 [main] DEBUG o.s.b.f.s.DefaultListableBeanFactory - Returning cached instance of singleton bean 'jwtAccessTokenConverter'
2020-03-14 21:57:19.618 [main] DEBUG o.s.b.f.s.DefaultListableBeanFactory - Returning cached instance of singleton bean 'metaDataSourceAdvisor'
2020-03-14 21:57:19.618 [main] DEBUG o.s.b.f.s.DefaultListableBeanFactory - Returning cached instance of singleton bean 'org.springframework.aop.config.internalAutoProxyCreator'
2020-03-14 21:57:19.618 [main] DEBUG o.s.b.f.s.DefaultListableBeanFactory - Returning cached instance of singleton bean 'springfox.documentation.schema.configuration.ModelsConfiguration'
2020-03-14 21:57:19.618 [main] DEBUG o.s.b.f.s.DefaultListableBeanFactory - Returning cached instance of singleton bean 'typeResolver'
2020-03-14 21:57:19.618 [main] DEBUG o.s.b.f.s.DefaultListableBeanFactory - Returning cached instance of singleton bean 'modelBuilderPluginRegistry'
2020-03-14 21:57:19.618 [main] DEBUG o.s.b.f.s.DefaultListableBeanFactory - Returning cached instance of singleton bean 'modelPropertyBuilderPluginRegistry'
2020-03-14 21:57:19.618 [main] DEBUG o.s.b.f.s.DefaultListableBeanFactory - Returning cached instance of singleton bean 'typeNameProviderPluginRegistry'
2020-03-14 21:57:19.618 [main] DEBUG o.s.b.f.s.DefaultListableBeanFactory - Returning cached instance of singleton bean 'springfox.documentation.spring.web.SpringfoxWebMvcConfiguration'
2020-03-14 21:57:19.618 [main] DEBUG o.s.b.f.s.DefaultListableBeanFactory - Returning cached instance of singleton bean 'defaults'
2020-03-14 21:57:19.618 [main] DEBUG o.s.b.f.s.DefaultListableBeanFactory - Returning cached instance of singleton bean 'resourceGroupCache'
2020-03-14 21:57:19.618 [main] DEBUG o.s.b.f.s.DefaultListableBeanFactory - Returning cached instance of singleton bean 'objectMapperConfigurer'
2020-03-14 21:57:19.618 [main] DEBUG o.s.b.f.s.DefaultListableBeanFactory - Creating shared instance of singleton bean 'jsonSerializer'
2020-03-14 21:57:19.618 [main] DEBUG o.s.b.f.s.DefaultListableBeanFactory - Creating instance of bean 'jsonSerializer'
2020-03-14 21:57:19.618 [main] DEBUG o.s.b.f.s.DefaultListableBeanFactory - Returning cached instance of singleton bean 'metaDataSourceAdvisor'
2020-03-14 21:57:19.618 [main] DEBUG o.s.b.f.s.DefaultListableBeanFactory - Returning cached instance of singleton bean 'org.springframework.transaction.config.internalTransactionAdvisor'
2020-03-14 21:57:19.618 [main] DEBUG o.s.b.f.s.DefaultListableBeanFactory - Returning cached instance of singleton bean 'springfox.documentation.spring.web.SpringfoxWebMvcConfiguration'
2020-03-14 21:57:19.621 [main] DEBUG o.s.b.f.s.DefaultListableBeanFactory - Creating shared instance of singleton bean 'swagger2Module'
2020-03-14 21:57:19.621 [main] DEBUG o.s.b.f.s.DefaultListableBeanFactory - Creating instance of bean 'swagger2Module'
2020-03-14 21:57:19.621 [main] DEBUG o.s.b.f.s.DefaultListableBeanFactory - Returning cached instance of singleton bean 'metaDataSourceAdvisor'
2020-03-14 21:57:19.621 [main] DEBUG o.s.b.f.s.DefaultListableBeanFactory - Returning cached instance of singleton bean 'org.springframework.transaction.config.internalTransactionAdvisor'
2020-03-14 21:57:19.621 [main] DEBUG o.s.b.f.s.DefaultListableBeanFactory - Creating shared instance of singleton bean 'springfox.documentation.swagger2.configuration.Swagger2DocumentationConfiguration'
2020-03-14 21:57:19.621 [main] DEBUG o.s.b.f.s.DefaultListableBeanFactory - Creating instance of bean 'springfox.documentation.swagger2.configuration.Swagger2DocumentationConfiguration'
2020-03-14 21:57:19.621 [main] DEBUG o.s.b.f.s.DefaultListableBeanFactory - Returning cached instance of singleton bean 'metaDataSourceAdvisor'
2020-03-14 21:57:19.621 [main] DEBUG o.s.b.f.s.DefaultListableBeanFactory - Returning cached instance of singleton bean 'org.springframework.transaction.config.internalTransactionAdvisor'
2020-03-14 21:57:19.621 [main] DEBUG o.s.b.f.s.DefaultListableBeanFactory - Eagerly caching bean 'springfox.documentation.swagger2.configuration.Swagger2DocumentationConfiguration' to allow for resolving potential circular references
2020-03-14 21:57:19.625 [main] DEBUG o.s.b.f.s.DefaultListableBeanFactory - Returning cached instance of singleton bean 'metaDataSourceAdvisor'
2020-03-14 21:57:19.625 [main] DEBUG o.s.b.f.s.DefaultListableBeanFactory - Returning cached instance of singleton bean 'org.springframework.transaction.config.internalTransactionAdvisor'
2020-03-14 21:57:19.625 [main] DEBUG o.s.b.f.s.DefaultListableBeanFactory - Returning cached instance of singleton bean 'metaDataSourceAdvisor'
2020-03-14 21:57:19.625 [main] DEBUG o.s.b.f.s.DefaultListableBeanFactory - Returning cached instance of singleton bean 'org.springframework.transaction.config.internalTransactionAdvisor'
2020-03-14 21:57:19.626 [main] DEBUG o.s.b.f.s.DefaultListableBeanFactory - Finished creating instance of bean 'springfox.documentation.swagger2.configuration.Swagger2DocumentationConfiguration'
2020-03-14 21:57:19.636 [main] DEBUG o.s.b.f.s.DefaultListableBeanFactory - Eagerly caching bean 'swagger2Module' to allow for resolving potential circular references
2020-03-14 21:57:19.644 [cluster-ClusterId{value='5e6ce2b5b76de427f4894b82', description='null'}-localhost:27017] DEBUG org.mongodb.driver.cluster - Checking status of localhost:27017
2020-03-14 21:57:19.650 [cluster-ClusterId{value='5e6ce2b5b76de427f4894b82', description='null'}-localhost:27017] DEBUG org.mongodb.driver.cluster - Updating cluster description to  {type=STANDALONE, servers=[{address=localhost:27017, type=STANDALONE, roundTripTime=2.9 ms, state=CONNECTED}]
2020-03-14 21:57:19.657 [main] DEBUG o.s.b.f.s.DefaultListableBeanFactory - Returning cached instance of singleton bean 'metaDataSourceAdvisor'
2020-03-14 21:57:19.657 [main] DEBUG o.s.b.f.s.DefaultListableBeanFactory - Returning cached instance of singleton bean 'org.springframework.transaction.config.internalTransactionAdvisor'
2020-03-14 21:57:19.657 [main] DEBUG o.s.b.f.s.DefaultListableBeanFactory - Returning cached instance of singleton bean 'metaDataSourceAdvisor'
2020-03-14 21:57:19.657 [main] DEBUG o.s.b.f.s.DefaultListableBeanFactory - Returning cached instance of singleton bean 'org.springframework.transaction.config.internalTransactionAdvisor'
2020-03-14 21:57:19.662 [main] DEBUG o.s.b.f.s.DefaultListableBeanFactory - Finished creating instance of bean 'swagger2Module'
2020-03-14 21:57:19.662 [main] DEBUG o.s.b.f.s.DefaultListableBeanFactory - Autowiring by type from bean name 'jsonSerializer' via factory method to bean named 'swagger2Module'
2020-03-14 21:57:19.668 [main] DEBUG o.s.b.f.s.DefaultListableBeanFactory - Eagerly caching bean 'jsonSerializer' to allow for resolving potential circular references
2020-03-14 21:57:19.671 [main] DEBUG o.s.b.f.s.DefaultListableBeanFactory - Returning cached instance of singleton bean 'metaDataSourceAdvisor'
2020-03-14 21:57:19.671 [main] DEBUG o.s.b.f.s.DefaultListableBeanFactory - Returning cached instance of singleton bean 'org.springframework.transaction.config.internalTransactionAdvisor'
2020-03-14 21:57:19.671 [main] DEBUG o.s.b.f.s.DefaultListableBeanFactory - Returning cached instance of singleton bean 'metaDataSourceAdvisor'
2020-03-14 21:57:19.671 [main] DEBUG o.s.b.f.s.DefaultListableBeanFactory - Returning cached instance of singleton bean 'org.springframework.transaction.config.internalTransactionAdvisor'
2020-03-14 21:57:19.671 [main] DEBUG o.s.b.f.s.DefaultListableBeanFactory - Finished creating instance of bean 'jsonSerializer'
2020-03-14 21:57:19.671 [main] DEBUG o.s.b.f.s.DefaultListableBeanFactory - Returning cached instance of singleton bean 'descriptionResolver'
2020-03-14 21:57:19.671 [main] DEBUG o.s.b.f.s.DefaultListableBeanFactory - Returning cached instance of singleton bean 'documentationPluginRegistry'
2020-03-14 21:57:19.671 [main] DEBUG o.s.b.f.s.DefaultListableBeanFactory - Returning cached instance of singleton bean 'apiListingBuilderPluginRegistry'
2020-03-14 21:57:19.671 [main] DEBUG o.s.b.f.s.DefaultListableBeanFactory - Returning cached instance of singleton bean 'operationBuilderPluginRegistry'
2020-03-14 21:57:19.671 [main] DEBUG o.s.b.f.s.DefaultListableBeanFactory - Returning cached instance of singleton bean 'parameterBuilderPluginRegistry'
2020-03-14 21:57:19.671 [main] DEBUG o.s.b.f.s.DefaultListableBeanFactory - Returning cached instance of singleton bean 'expandedParameterBuilderPluginRegistry'
2020-03-14 21:57:19.671 [main] DEBUG o.s.b.f.s.DefaultListableBeanFactory - Returning cached instance of singleton bean 'resourceGroupingStrategyRegistry'
2020-03-14 21:57:19.672 [main] DEBUG o.s.b.f.s.DefaultListableBeanFactory - Returning cached instance of singleton bean 'operationModelsProviderPluginRegistry'
2020-03-14 21:57:19.672 [main] DEBUG o.s.b.f.s.DefaultListableBeanFactory - Returning cached instance of singleton bean 'defaultsProviderPluginRegistry'
2020-03-14 21:57:19.672 [main] DEBUG o.s.b.f.s.DefaultListableBeanFactory - Returning cached instance of singleton bean 'pathDecoratorRegistry'
2020-03-14 21:57:19.672 [main] DEBUG o.s.b.f.s.DefaultListableBeanFactory - Returning cached instance of singleton bean 'apiListingScannerPluginRegistry'
2020-03-14 21:57:19.672 [main] DEBUG o.s.b.f.s.DefaultListableBeanFactory - Creating shared instance of singleton bean 'springfox.documentation.swagger.configuration.SwaggerCommonConfiguration'
2020-03-14 21:57:19.672 [main] DEBUG o.s.b.f.s.DefaultListableBeanFactory - Creating instance of bean 'springfox.documentation.swagger.configuration.SwaggerCommonConfiguration'
2020-03-14 21:57:19.672 [main] DEBUG o.s.b.f.s.DefaultListableBeanFactory - Returning cached instance of singleton bean 'metaDataSourceAdvisor'
2020-03-14 21:57:19.672 [main] DEBUG o.s.b.f.s.DefaultListableBeanFactory - Returning cached instance of singleton bean 'org.springframework.transaction.config.internalTransactionAdvisor'
2020-03-14 21:57:19.672 [main] DEBUG o.s.b.f.s.DefaultListableBeanFactory - Eagerly caching bean 'springfox.documentation.swagger.configuration.SwaggerCommonConfiguration' to allow for resolving potential circular references
2020-03-14 21:57:19.681 [main] DEBUG o.s.b.f.s.DefaultListableBeanFactory - Returning cached instance of singleton bean 'metaDataSourceAdvisor'
2020-03-14 21:57:19.681 [main] DEBUG o.s.b.f.s.DefaultListableBeanFactory - Returning cached instance of singleton bean 'org.springframework.transaction.config.internalTransactionAdvisor'
2020-03-14 21:57:19.681 [main] DEBUG o.s.b.f.s.DefaultListableBeanFactory - Returning cached instance of singleton bean 'metaDataSourceAdvisor'
2020-03-14 21:57:19.681 [main] DEBUG o.s.b.f.s.DefaultListableBeanFactory - Returning cached instance of singleton bean 'org.springframework.transaction.config.internalTransactionAdvisor'
2020-03-14 21:57:19.681 [main] DEBUG o.s.b.f.s.DefaultListableBeanFactory - Finished creating instance of bean 'springfox.documentation.swagger.configuration.SwaggerCommonConfiguration'
2020-03-14 21:57:19.681 [main] DEBUG o.s.b.f.s.DefaultListableBeanFactory - Returning cached instance of singleton bean 'springfox.documentation.swagger2.configuration.Swagger2DocumentationConfiguration'
2020-03-14 21:57:19.681 [main] DEBUG o.s.b.f.s.DefaultListableBeanFactory - Returning cached instance of singleton bean 'swagger2Module'
2020-03-14 21:57:19.681 [main] DEBUG o.s.b.f.s.DefaultListableBeanFactory - Creating shared instance of singleton bean 'swagger2ControllerMapping'
2020-03-14 21:57:19.681 [main] DEBUG o.s.b.f.s.DefaultListableBeanFactory - Creating instance of bean 'swagger2ControllerMapping'
2020-03-14 21:57:19.681 [main] DEBUG o.s.b.f.s.DefaultListableBeanFactory - Returning cached instance of singleton bean 'metaDataSourceAdvisor'
2020-03-14 21:57:19.681 [main] DEBUG o.s.b.f.s.DefaultListableBeanFactory - Returning cached instance of singleton bean 'org.springframework.transaction.config.internalTransactionAdvisor'
2020-03-14 21:57:19.681 [main] DEBUG o.s.b.f.s.DefaultListableBeanFactory - Returning cached instance of singleton bean 'springfox.documentation.swagger2.configuration.Swagger2DocumentationConfiguration'
2020-03-14 21:57:19.683 [main] DEBUG o.s.b.f.s.DefaultListableBeanFactory - Returning cached instance of singleton bean 'environment'
2020-03-14 21:57:19.684 [main] DEBUG o.s.b.f.s.DefaultListableBeanFactory - Returning cached instance of singleton bean 'resourceGroupCache'
2020-03-14 21:57:19.686 [main] DEBUG o.s.b.f.s.DefaultListableBeanFactory - Returning cached instance of singleton bean 'serviceModelToSwagger2MapperImpl'
2020-03-14 21:57:19.688 [main] DEBUG o.s.b.f.s.DefaultListableBeanFactory - Returning cached instance of singleton bean 'jsonSerializer'
2020-03-14 21:57:19.688 [main] DEBUG o.s.b.f.s.DefaultListableBeanFactory - Autowiring by type from bean name 'swagger2ControllerMapping' via factory method to bean named 'environment'
2020-03-14 21:57:19.688 [main] DEBUG o.s.b.f.s.DefaultListableBeanFactory - Autowiring by type from bean name 'swagger2ControllerMapping' via factory method to bean named 'resourceGroupCache'
2020-03-14 21:57:19.688 [main] DEBUG o.s.b.f.s.DefaultListableBeanFactory - Autowiring by type from bean name 'swagger2ControllerMapping' via factory method to bean named 'serviceModelToSwagger2MapperImpl'
2020-03-14 21:57:19.688 [main] DEBUG o.s.b.f.s.DefaultListableBeanFactory - Autowiring by type from bean name 'swagger2ControllerMapping' via factory method to bean named 'jsonSerializer'
2020-03-14 21:57:19.689 [main] DEBUG o.s.c.e.PropertySourcesPropertyResolver - Could not find key 'springfox.documentation.swagger.v2.host' in any property source
2020-03-14 21:57:19.690 [main] DEBUG o.s.b.f.s.DefaultListableBeanFactory - Eagerly caching bean 'swagger2ControllerMapping' to allow for resolving potential circular references
2020-03-14 21:57:19.757 [main] DEBUG o.s.b.f.s.DefaultListableBeanFactory - Invoking afterPropertiesSet() on bean with name 'swagger2ControllerMapping'
2020-03-14 21:57:19.757 [main] DEBUG s.d.s.w.PropertySourcedRequestMappingHandlerMapping - initialising the handler methods
2020-03-14 21:57:19.763 [main] DEBUG o.s.c.e.PropertySourcesPropertyResolver - Could not find key 'springfox.documentation.swagger.v2.path' in any property source
2020-03-14 21:57:19.764 [main] INFO  s.d.s.w.PropertySourcedRequestMappingHandlerMapping - Mapped URL path [/v2/api-docs] onto method [public org.springframework.http.ResponseEntity<springfox.documentation.spring.web.json.Json> springfox.documentation.swagger2.web.Swagger2Controller.getDocumentation(java.lang.String,javax.servlet.http.HttpServletRequest)]
2020-03-14 21:57:19.765 [main] DEBUG o.s.b.f.s.DefaultListableBeanFactory - Returning cached instance of singleton bean 'metaDataSourceAdvisor'
2020-03-14 21:57:19.765 [main] DEBUG o.s.b.f.s.DefaultListableBeanFactory - Returning cached instance of singleton bean 'org.springframework.transaction.config.internalTransactionAdvisor'
2020-03-14 21:57:19.765 [main] DEBUG o.s.b.f.s.DefaultListableBeanFactory - Returning cached instance of singleton bean 'metaDataSourceAdvisor'
2020-03-14 21:57:19.765 [main] DEBUG o.s.b.f.s.DefaultListableBeanFactory - Returning cached instance of singleton bean 'org.springframework.transaction.config.internalTransactionAdvisor'
2020-03-14 21:57:19.809 [main] DEBUG o.s.b.f.s.DefaultListableBeanFactory - Finished creating instance of bean 'swagger2ControllerMapping'
2020-03-14 21:57:19.809 [main] DEBUG o.s.b.f.s.DefaultListableBeanFactory - Creating shared instance of singleton bean 'createRestApi'
2020-03-14 21:57:19.809 [main] DEBUG o.s.b.f.s.DefaultListableBeanFactory - Creating instance of bean 'createRestApi'
2020-03-14 21:57:19.809 [main] DEBUG o.s.b.f.s.DefaultListableBeanFactory - Returning cached instance of singleton bean 'metaDataSourceAdvisor'
2020-03-14 21:57:19.809 [main] DEBUG o.s.b.f.s.DefaultListableBeanFactory - Returning cached instance of singleton bean 'org.springframework.transaction.config.internalTransactionAdvisor'
2020-03-14 21:57:19.810 [main] DEBUG o.s.b.f.s.DefaultListableBeanFactory - Returning cached instance of singleton bean 'swagger2Configuration'
2020-03-14 21:57:19.842 [main] DEBUG o.s.b.f.s.DefaultListableBeanFactory - Eagerly caching bean 'createRestApi' to allow for resolving potential circular references
2020-03-14 21:57:19.851 [main] DEBUG o.s.b.f.s.DefaultListableBeanFactory - Returning cached instance of singleton bean 'metaDataSourceAdvisor'
2020-03-14 21:57:19.851 [main] DEBUG o.s.b.f.s.DefaultListableBeanFactory - Returning cached instance of singleton bean 'org.springframework.transaction.config.internalTransactionAdvisor'
2020-03-14 21:57:19.860 [main] DEBUG o.s.b.f.s.DefaultListableBeanFactory - Returning cached instance of singleton bean 'metaDataSourceAdvisor'
2020-03-14 21:57:19.861 [main] DEBUG o.s.b.f.s.DefaultListableBeanFactory - Returning cached instance of singleton bean 'org.springframework.transaction.config.internalTransactionAdvisor'
2020-03-14 21:57:19.867 [main] DEBUG o.s.b.f.s.DefaultListableBeanFactory - Finished creating instance of bean 'createRestApi'
2020-03-14 21:57:19.867 [main] DEBUG o.s.b.f.s.DefaultListableBeanFactory - Creating shared instance of singleton bean 'restTemplate'
2020-03-14 21:57:19.867 [main] DEBUG o.s.b.f.s.DefaultListableBeanFactory - Creating instance of bean 'restTemplate'
2020-03-14 21:57:19.867 [main] DEBUG o.s.b.f.s.DefaultListableBeanFactory - Returning cached instance of singleton bean 'metaDataSourceAdvisor'
2020-03-14 21:57:19.867 [main] DEBUG o.s.b.f.s.DefaultListableBeanFactory - Returning cached instance of singleton bean 'org.springframework.transaction.config.internalTransactionAdvisor'
2020-03-14 21:57:19.867 [main] DEBUG o.s.b.f.s.DefaultListableBeanFactory - Returning cached instance of singleton bean 'manageCourseApplication'
2020-03-14 21:57:20.069 [main] DEBUG o.s.b.f.s.DefaultListableBeanFactory - Eagerly caching bean 'restTemplate' to allow for resolving potential circular references
2020-03-14 21:57:20.090 [main] DEBUG o.s.b.f.s.DefaultListableBeanFactory - Returning cached instance of singleton bean 'metaDataSourceAdvisor'
2020-03-14 21:57:20.090 [main] DEBUG o.s.b.f.s.DefaultListableBeanFactory - Returning cached instance of singleton bean 'org.springframework.transaction.config.internalTransactionAdvisor'
2020-03-14 21:57:20.090 [main] DEBUG o.s.b.f.s.DefaultListableBeanFactory - Returning cached instance of singleton bean 'metaDataSourceAdvisor'
2020-03-14 21:57:20.090 [main] DEBUG o.s.b.f.s.DefaultListableBeanFactory - Returning cached instance of singleton bean 'org.springframework.transaction.config.internalTransactionAdvisor'
2020-03-14 21:57:20.120 [main] DEBUG o.s.b.f.s.DefaultListableBeanFactory - Finished creating instance of bean 'restTemplate'
2020-03-14 21:57:20.120 [main] DEBUG o.s.b.f.s.DefaultListableBeanFactory - Returning cached instance of singleton bean 'org.springframework.boot.autoconfigure.AutoConfigurationPackages'
2020-03-14 21:57:20.120 [main] DEBUG o.s.b.f.s.DefaultListableBeanFactory - Returning cached instance of singleton bean 'default.com.ningmeng.manage_course.ManageCourseApplication.FeignClientSpecification'
2020-03-14 21:57:20.120 [main] DEBUG o.s.b.f.s.DefaultListableBeanFactory - Returning cached instance of singleton bean 'nm-service-manage-cms.FeignClientSpecification'
2020-03-14 21:57:20.120 [main] DEBUG o.s.b.f.s.DefaultListableBeanFactory - Returning cached instance of singleton bean 'com.ningmeng.manage_course.client.CmsPageClient'
2020-03-14 21:57:20.120 [main] DEBUG o.s.b.f.s.DefaultListableBeanFactory - Returning cached instance of singleton bean 'org.springframework.boot.autoconfigure.domain.EntityScanPackages'
2020-03-14 21:57:20.120 [main] DEBUG o.s.b.f.s.DefaultListableBeanFactory - Creating shared instance of singleton bean 'org.springframework.boot.autoconfigure.context.PropertyPlaceholderAutoConfiguration'
2020-03-14 21:57:20.120 [main] DEBUG o.s.b.f.s.DefaultListableBeanFactory - Creating instance of bean 'org.springframework.boot.autoconfigure.context.PropertyPlaceholderAutoConfiguration'
2020-03-14 21:57:20.120 [main] DEBUG o.s.b.f.s.DefaultListableBeanFactory - Returning cached instance of singleton bean 'metaDataSourceAdvisor'
2020-03-14 21:57:20.120 [main] DEBUG o.s.b.f.s.DefaultListableBeanFactory - Returning cached instance of singleton bean 'org.springframework.transaction.config.internalTransactionAdvisor'
2020-03-14 21:57:20.121 [main] DEBUG o.s.b.f.s.DefaultListableBeanFactory - Eagerly caching bean 'org.springframework.boot.autoconfigure.context.PropertyPlaceholderAutoConfiguration' to allow for resolving potential circular references
2020-03-14 21:57:20.127 [main] DEBUG o.s.b.f.s.DefaultListableBeanFactory - Returning cached instance of singleton bean 'metaDataSourceAdvisor'
2020-03-14 21:57:20.128 [main] DEBUG o.s.b.f.s.DefaultListableBeanFactory - Returning cached instance of singleton bean 'org.springframework.transaction.config.internalTransactionAdvisor'
2020-03-14 21:57:20.129 [main] DEBUG o.s.b.f.s.DefaultListableBeanFactory - Returning cached instance of singleton bean 'metaDataSourceAdvisor'
2020-03-14 21:57:20.129 [main] DEBUG o.s.b.f.s.DefaultListableBeanFactory - Returning cached instance of singleton bean 'org.springframework.transaction.config.internalTransactionAdvisor'
2020-03-14 21:57:20.131 [main] DEBUG o.s.b.f.s.DefaultListableBeanFactory - Finished creating instance of bean 'org.springframework.boot.autoconfigure.context.PropertyPlaceholderAutoConfiguration'
2020-03-14 21:57:20.132 [main] DEBUG o.s.b.f.s.DefaultListableBeanFactory - Returning cached instance of singleton bean 'org.springframework.boot.autoconfigure.condition.BeanTypeRegistry'
2020-03-14 21:57:20.132 [main] DEBUG o.s.b.f.s.DefaultListableBeanFactory - Returning cached instance of singleton bean 'propertySourcesPlaceholderConfigurer'
2020-03-14 21:57:20.132 [main] DEBUG o.s.b.f.s.DefaultListableBeanFactory - Creating shared instance of singleton bean 'org.springframework.boot.autoconfigure.websocket.servlet.WebSocketServletAutoConfiguration$TomcatWebSocketConfiguration'
2020-03-14 21:57:20.132 [main] DEBUG o.s.b.f.s.DefaultListableBeanFactory - Creating instance of bean 'org.springframework.boot.autoconfigure.websocket.servlet.WebSocketServletAutoConfiguration$TomcatWebSocketConfiguration'
2020-03-14 21:57:20.133 [main] DEBUG o.s.b.f.s.DefaultListableBeanFactory - Returning cached instance of singleton bean 'metaDataSourceAdvisor'
2020-03-14 21:57:20.133 [main] DEBUG o.s.b.f.s.DefaultListableBeanFactory - Returning cached instance of singleton bean 'org.springframework.transaction.config.internalTransactionAdvisor'
2020-03-14 21:57:20.134 [main] DEBUG o.s.b.f.s.DefaultListableBeanFactory - Eagerly caching bean 'org.springframework.boot.autoconfigure.websocket.servlet.WebSocketServletAutoConfiguration$TomcatWebSocketConfiguration' to allow for resolving potential circular references
2020-03-14 21:57:20.139 [main] DEBUG o.s.b.f.s.DefaultListableBeanFactory - Returning cached instance of singleton bean 'metaDataSourceAdvisor'
2020-03-14 21:57:20.139 [main] DEBUG o.s.b.f.s.DefaultListableBeanFactory - Returning cached instance of singleton bean 'org.springframework.transaction.config.internalTransactionAdvisor'
2020-03-14 21:57:20.139 [main] DEBUG o.s.b.f.s.DefaultListableBeanFactory - Returning cached instance of singleton bean 'metaDataSourceAdvisor'
2020-03-14 21:57:20.139 [main] DEBUG o.s.b.f.s.DefaultListableBeanFactory - Returning cached instance of singleton bean 'org.springframework.transaction.config.internalTransactionAdvisor'
2020-03-14 21:57:20.139 [main] DEBUG o.s.b.f.s.DefaultListableBeanFactory - Finished creating instance of bean 'org.springframework.boot.autoconfigure.websocket.servlet.WebSocketServletAutoConfiguration$TomcatWebSocketConfiguration'
2020-03-14 21:57:20.139 [main] DEBUG o.s.b.f.s.DefaultListableBeanFactory - Creating shared instance of singleton bean 'websocketContainerCustomizer'
2020-03-14 21:57:20.139 [main] DEBUG o.s.b.f.s.DefaultListableBeanFactory - Creating instance of bean 'websocketContainerCustomizer'
2020-03-14 21:57:20.140 [main] DEBUG o.s.b.f.s.DefaultListableBeanFactory - Returning cached instance of singleton bean 'metaDataSourceAdvisor'
2020-03-14 21:57:20.140 [main] DEBUG o.s.b.f.s.DefaultListableBeanFactory - Returning cached instance of singleton bean 'org.springframework.transaction.config.internalTransactionAdvisor'
2020-03-14 21:57:20.140 [main] DEBUG o.s.b.f.s.DefaultListableBeanFactory - Returning cached instance of singleton bean 'org.springframework.boot.autoconfigure.websocket.servlet.WebSocketServletAutoConfiguration$TomcatWebSocketConfiguration'
2020-03-14 21:57:20.145 [main] DEBUG o.s.b.f.s.DefaultListableBeanFactory - Eagerly caching bean 'websocketContainerCustomizer' to allow for resolving potential circular references
2020-03-14 21:57:20.149 [main] DEBUG o.s.b.f.s.DefaultListableBeanFactory - Returning cached instance of singleton bean 'metaDataSourceAdvisor'
2020-03-14 21:57:20.150 [main] DEBUG o.s.b.f.s.DefaultListableBeanFactory - Returning cached instance of singleton bean 'org.springframework.transaction.config.internalTransactionAdvisor'
2020-03-14 21:57:20.150 [main] DEBUG o.s.b.f.s.DefaultListableBeanFactory - Returning cached instance of singleton bean 'metaDataSourceAdvisor'
2020-03-14 21:57:20.150 [main] DEBUG o.s.b.f.s.DefaultListableBeanFactory - Returning cached instance of singleton bean 'org.springframework.transaction.config.internalTransactionAdvisor'
2020-03-14 21:57:20.151 [main] DEBUG o.s.b.f.s.DefaultListableBeanFactory - Finished creating instance of bean 'websocketContainerCustomizer'
2020-03-14 21:57:20.151 [main] DEBUG o.s.b.f.s.DefaultListableBeanFactory - Creating shared instance of singleton bean 'org.springframework.boot.autoconfigure.websocket.servlet.WebSocketServletAutoConfiguration'
2020-03-14 21:57:20.151 [main] DEBUG o.s.b.f.s.DefaultListableBeanFactory - Creating instance of bean 'org.springframework.boot.autoconfigure.websocket.servlet.WebSocketServletAutoConfiguration'
2020-03-14 21:57:20.151 [main] DEBUG o.s.b.f.s.DefaultListableBeanFactory - Returning cached instance of singleton bean 'metaDataSourceAdvisor'
2020-03-14 21:57:20.151 [main] DEBUG o.s.b.f.s.DefaultListableBeanFactory - Returning cached instance of singleton bean 'org.springframework.transaction.config.internalTransactionAdvisor'
2020-03-14 21:57:20.156 [main] DEBUG o.s.b.f.s.DefaultListableBeanFactory - Eagerly caching bean 'org.springframework.boot.autoconfigure.websocket.servlet.WebSocketServletAutoConfiguration' to allow for resolving potential circular references
2020-03-14 21:57:20.171 [main] DEBUG o.s.b.f.s.DefaultListableBeanFactory - Returning cached instance of singleton bean 'metaDataSourceAdvisor'
2020-03-14 21:57:20.172 [main] DEBUG o.s.b.f.s.DefaultListableBeanFactory - Returning cached instance of singleton bean 'org.springframework.transaction.config.internalTransactionAdvisor'
2020-03-14 21:57:20.172 [main] DEBUG o.s.b.f.s.DefaultListableBeanFactory - Returning cached instance of singleton bean 'metaDataSourceAdvisor'
2020-03-14 21:57:20.172 [main] DEBUG o.s.b.f.s.DefaultListableBeanFactory - Returning cached instance of singleton bean 'org.springframework.transaction.config.internalTransactionAdvisor'
2020-03-14 21:57:20.172 [main] DEBUG o.s.b.f.s.DefaultListableBeanFactory - Finished creating instance of bean 'org.springframework.boot.autoconfigure.websocket.servlet.WebSocketServletAutoConfiguration'
2020-03-14 21:57:20.172 [main] DEBUG o.s.b.f.s.DefaultListableBeanFactory - Creating shared instance of singleton bean 'org.springframework.boot.autoconfigure.web.servlet.ServletWebServerFactoryConfiguration$EmbeddedTomcat'
2020-03-14 21:57:20.172 [main] DEBUG o.s.b.f.s.DefaultListableBeanFactory - Creating instance of bean 'org.springframework.boot.autoconfigure.web.servlet.ServletWebServerFactoryConfiguration$EmbeddedTomcat'
2020-03-14 21:57:20.172 [main] DEBUG o.s.b.f.s.DefaultListableBeanFactory - Returning cached instance of singleton bean 'metaDataSourceAdvisor'
2020-03-14 21:57:20.172 [main] DEBUG o.s.b.f.s.DefaultListableBeanFactory - Returning cached instance of singleton bean 'org.springframework.transaction.config.internalTransactionAdvisor'
2020-03-14 21:57:20.173 [main] DEBUG o.s.b.f.s.DefaultListableBeanFactory - Eagerly caching bean 'org.springframework.boot.autoconfigure.web.servlet.ServletWebServerFactoryConfiguration$EmbeddedTomcat' to allow for resolving potential circular references
2020-03-14 21:57:20.182 [main] DEBUG o.s.b.f.s.DefaultListableBeanFactory - Returning cached instance of singleton bean 'metaDataSourceAdvisor'
2020-03-14 21:57:20.182 [main] DEBUG o.s.b.f.s.DefaultListableBeanFactory - Returning cached instance of singleton bean 'org.springframework.transaction.config.internalTransactionAdvisor'
2020-03-14 21:57:20.182 [main] DEBUG o.s.b.f.s.DefaultListableBeanFactory - Returning cached instance of singleton bean 'metaDataSourceAdvisor'
2020-03-14 21:57:20.182 [main] DEBUG o.s.b.f.s.DefaultListableBeanFactory - Returning cached instance of singleton bean 'org.springframework.transaction.config.internalTransactionAdvisor'
2020-03-14 21:57:20.187 [main] DEBUG o.s.b.f.s.DefaultListableBeanFactory - Finished creating instance of bean 'org.springframework.boot.autoconfigure.web.servlet.ServletWebServerFactoryConfiguration$EmbeddedTomcat'
2020-03-14 21:57:20.187 [main] DEBUG o.s.b.f.s.DefaultListableBeanFactory - Creating shared instance of singleton bean 'tomcatServletWebServerFactory'
2020-03-14 21:57:20.187 [main] DEBUG o.s.b.f.s.DefaultListableBeanFactory - Creating instance of bean 'tomcatServletWebServerFactory'
2020-03-14 21:57:20.188 [main] DEBUG o.s.b.f.s.DefaultListableBeanFactory - Returning cached instance of singleton bean 'metaDataSourceAdvisor'
2020-03-14 21:57:20.189 [main] DEBUG o.s.b.f.s.DefaultListableBeanFactory - Returning cached instance of singleton bean 'org.springframework.transaction.config.internalTransactionAdvisor'
2020-03-14 21:57:20.189 [main] DEBUG o.s.b.f.s.DefaultListableBeanFactory - Returning cached instance of singleton bean 'org.springframework.boot.autoconfigure.web.servlet.ServletWebServerFactoryConfiguration$EmbeddedTomcat'
2020-03-14 21:57:20.263 [main] DEBUG o.s.b.f.s.DefaultListableBeanFactory - Eagerly caching bean 'tomcatServletWebServerFactory' to allow for resolving potential circular references
2020-03-14 21:57:20.280 [main] DEBUG o.s.b.f.s.DefaultListableBeanFactory - Returning cached instance of singleton bean 'websocketContainerCustomizer'
2020-03-14 21:57:20.280 [main] DEBUG o.s.b.f.s.DefaultListableBeanFactory - Creating shared instance of singleton bean 'servletWebServerFactoryCustomizer'
2020-03-14 21:57:20.280 [main] DEBUG o.s.b.f.s.DefaultListableBeanFactory - Creating instance of bean 'servletWebServerFactoryCustomizer'
2020-03-14 21:57:20.280 [main] DEBUG o.s.b.f.s.DefaultListableBeanFactory - Returning cached instance of singleton bean 'metaDataSourceAdvisor'
2020-03-14 21:57:20.280 [main] DEBUG o.s.b.f.s.DefaultListableBeanFactory - Returning cached instance of singleton bean 'org.springframework.transaction.config.internalTransactionAdvisor'
2020-03-14 21:57:20.280 [main] DEBUG o.s.b.f.s.DefaultListableBeanFactory - Creating shared instance of singleton bean 'org.springframework.boot.autoconfigure.web.servlet.ServletWebServerFactoryAutoConfiguration'
2020-03-14 21:57:20.280 [main] DEBUG o.s.b.f.s.DefaultListableBeanFactory - Creating instance of bean 'org.springframework.boot.autoconfigure.web.servlet.ServletWebServerFactoryAutoConfiguration'
2020-03-14 21:57:20.281 [main] DEBUG o.s.b.f.s.DefaultListableBeanFactory - Returning cached instance of singleton bean 'metaDataSourceAdvisor'
2020-03-14 21:57:20.281 [main] DEBUG o.s.b.f.s.DefaultListableBeanFactory - Returning cached instance of singleton bean 'org.springframework.transaction.config.internalTransactionAdvisor'
2020-03-14 21:57:20.281 [main] DEBUG o.s.b.f.s.DefaultListableBeanFactory - Eagerly caching bean 'org.springframework.boot.autoconfigure.web.servlet.ServletWebServerFactoryAutoConfiguration' to allow for resolving potential circular references
2020-03-14 21:57:20.284 [main] DEBUG o.s.b.f.s.DefaultListableBeanFactory - Returning cached instance of singleton bean 'metaDataSourceAdvisor'
2020-03-14 21:57:20.284 [main] DEBUG o.s.b.f.s.DefaultListableBeanFactory - Returning cached instance of singleton bean 'org.springframework.transaction.config.internalTransactionAdvisor'
2020-03-14 21:57:20.284 [main] DEBUG o.s.b.f.s.DefaultListableBeanFactory - Returning cached instance of singleton bean 'metaDataSourceAdvisor'
2020-03-14 21:57:20.284 [main] DEBUG o.s.b.f.s.DefaultListableBeanFactory - Returning cached instance of singleton bean 'org.springframework.transaction.config.internalTransactionAdvisor'
2020-03-14 21:57:20.285 [main] DEBUG o.s.b.f.s.DefaultListableBeanFactory - Finished creating instance of bean 'org.springframework.boot.autoconfigure.web.servlet.ServletWebServerFactoryAutoConfiguration'
2020-03-14 21:57:20.285 [main] DEBUG o.s.b.f.s.DefaultListableBeanFactory - Returning cached instance of singleton bean 'server-org.springframework.boot.autoconfigure.web.ServerProperties'
2020-03-14 21:57:20.285 [main] DEBUG o.s.b.f.s.DefaultListableBeanFactory - Autowiring by type from bean name 'servletWebServerFactoryCustomizer' via factory method to bean named 'server-org.springframework.boot.autoconfigure.web.ServerProperties'
2020-03-14 21:57:20.291 [main] DEBUG o.s.b.f.s.DefaultListableBeanFactory - Eagerly caching bean 'servletWebServerFactoryCustomizer' to allow for resolving potential circular references
2020-03-14 21:57:20.296 [main] DEBUG o.s.b.f.s.DefaultListableBeanFactory - Returning cached instance of singleton bean 'metaDataSourceAdvisor'
2020-03-14 21:57:20.296 [main] DEBUG o.s.b.f.s.DefaultListableBeanFactory - Returning cached instance of singleton bean 'org.springframework.transaction.config.internalTransactionAdvisor'
2020-03-14 21:57:20.296 [main] DEBUG o.s.b.f.s.DefaultListableBeanFactory - Returning cached instance of singleton bean 'metaDataSourceAdvisor'
2020-03-14 21:57:20.296 [main] DEBUG o.s.b.f.s.DefaultListableBeanFactory - Returning cached instance of singleton bean 'org.springframework.transaction.config.internalTransactionAdvisor'
2020-03-14 21:57:20.297 [main] DEBUG o.s.b.f.s.DefaultListableBeanFactory - Finished creating instance of bean 'servletWebServerFactoryCustomizer'
2020-03-14 21:57:20.297 [main] DEBUG o.s.b.f.s.DefaultListableBeanFactory - Creating shared instance of singleton bean 'tomcatServletWebServerFactoryCustomizer'
2020-03-14 21:57:20.297 [main] DEBUG o.s.b.f.s.DefaultListableBeanFactory - Creating instance of bean 'tomcatServletWebServerFactoryCustomizer'
2020-03-14 21:57:20.297 [main] DEBUG o.s.b.f.s.DefaultListableBeanFactory - Returning cached instance of singleton bean 'metaDataSourceAdvisor'
2020-03-14 21:57:20.297 [main] DEBUG o.s.b.f.s.DefaultListableBeanFactory - Returning cached instance of singleton bean 'org.springframework.transaction.config.internalTransactionAdvisor'
2020-03-14 21:57:20.297 [main] DEBUG o.s.b.f.s.DefaultListableBeanFactory - Returning cached instance of singleton bean 'org.springframework.boot.autoconfigure.web.servlet.ServletWebServerFactoryAutoConfiguration'
2020-03-14 21:57:20.297 [main] DEBUG o.s.b.f.s.DefaultListableBeanFactory - Returning cached instance of singleton bean 'server-org.springframework.boot.autoconfigure.web.ServerProperties'
2020-03-14 21:57:20.298 [main] DEBUG o.s.b.f.s.DefaultListableBeanFactory - Autowiring by type from bean name 'tomcatServletWebServerFactoryCustomizer' via factory method to bean named 'server-org.springframework.boot.autoconfigure.web.ServerProperties'
2020-03-14 21:57:20.300 [main] DEBUG o.s.b.f.s.DefaultListableBeanFactory - Eagerly caching bean 'tomcatServletWebServerFactoryCustomizer' to allow for resolving potential circular references
2020-03-14 21:57:20.313 [main] DEBUG o.s.b.f.s.DefaultListableBeanFactory - Returning cached instance of singleton bean 'metaDataSourceAdvisor'
2020-03-14 21:57:20.313 [main] DEBUG o.s.b.f.s.DefaultListableBeanFactory - Returning cached instance of singleton bean 'org.springframework.transaction.config.internalTransactionAdvisor'
2020-03-14 21:57:20.313 [main] DEBUG o.s.b.f.s.DefaultListableBeanFactory - Returning cached instance of singleton bean 'metaDataSourceAdvisor'
2020-03-14 21:57:20.313 [main] DEBUG o.s.b.f.s.DefaultListableBeanFactory - Returning cached instance of singleton bean 'org.springframework.transaction.config.internalTransactionAdvisor'
2020-03-14 21:57:20.313 [main] DEBUG o.s.b.f.s.DefaultListableBeanFactory - Finished creating instance of bean 'tomcatServletWebServerFactoryCustomizer'
2020-03-14 21:57:20.314 [main] DEBUG o.s.b.f.s.DefaultListableBeanFactory - Creating shared instance of singleton bean 'contextCapturingServletTomcatCustomizer'
2020-03-14 21:57:20.314 [main] DEBUG o.s.b.f.s.DefaultListableBeanFactory - Creating instance of bean 'contextCapturingServletTomcatCustomizer'
2020-03-14 21:57:20.314 [main] DEBUG o.s.b.f.s.DefaultListableBeanFactory - Returning cached instance of singleton bean 'metaDataSourceAdvisor'
2020-03-14 21:57:20.314 [main] DEBUG o.s.b.f.s.DefaultListableBeanFactory - Returning cached instance of singleton bean 'org.springframework.transaction.config.internalTransactionAdvisor'
2020-03-14 21:57:20.314 [main] DEBUG o.s.b.f.s.DefaultListableBeanFactory - Returning cached instance of singleton bean 'org.springframework.boot.actuate.autoconfigure.metrics.web.tomcat.TomcatMetricsAutoConfiguration'
2020-03-14 21:57:20.316 [main] DEBUG o.s.b.f.s.DefaultListableBeanFactory - Eagerly caching bean 'contextCapturingServletTomcatCustomizer' to allow for resolving potential circular references
2020-03-14 21:57:20.321 [main] DEBUG o.s.b.f.s.DefaultListableBeanFactory - Returning cached instance of singleton bean 'metaDataSourceAdvisor'
2020-03-14 21:57:20.321 [main] DEBUG o.s.b.f.s.DefaultListableBeanFactory - Returning cached instance of singleton bean 'org.springframework.transaction.config.internalTransactionAdvisor'
2020-03-14 21:57:20.321 [main] DEBUG o.s.b.f.s.DefaultListableBeanFactory - Returning cached instance of singleton bean 'metaDataSourceAdvisor'
2020-03-14 21:57:20.321 [main] DEBUG o.s.b.f.s.DefaultListableBeanFactory - Returning cached instance of singleton bean 'org.springframework.transaction.config.internalTransactionAdvisor'
2020-03-14 21:57:20.321 [main] DEBUG o.s.b.f.s.DefaultListableBeanFactory - Finished creating instance of bean 'contextCapturingServletTomcatCustomizer'
2020-03-14 21:57:20.321 [main] DEBUG o.s.b.f.s.DefaultListableBeanFactory - Creating shared instance of singleton bean 'tomcatWebServerFactoryCustomizer'
2020-03-14 21:57:20.322 [main] DEBUG o.s.b.f.s.DefaultListableBeanFactory - Creating instance of bean 'tomcatWebServerFactoryCustomizer'
2020-03-14 21:57:20.322 [main] DEBUG o.s.b.f.s.DefaultListableBeanFactory - Returning cached instance of singleton bean 'metaDataSourceAdvisor'
2020-03-14 21:57:20.322 [main] DEBUG o.s.b.f.s.DefaultListableBeanFactory - Returning cached instance of singleton bean 'org.springframework.transaction.config.internalTransactionAdvisor'
2020-03-14 21:57:20.322 [main] DEBUG o.s.b.f.s.DefaultListableBeanFactory - Creating shared instance of singleton bean 'org.springframework.boot.autoconfigure.web.embedded.EmbeddedWebServerFactoryCustomizerAutoConfiguration$TomcatWebServerFactoryCustomizerConfiguration'
2020-03-14 21:57:20.322 [main] DEBUG o.s.b.f.s.DefaultListableBeanFactory - Creating instance of bean 'org.springframework.boot.autoconfigure.web.embedded.EmbeddedWebServerFactoryCustomizerAutoConfiguration$TomcatWebServerFactoryCustomizerConfiguration'
2020-03-14 21:57:20.322 [main] DEBUG o.s.b.f.s.DefaultListableBeanFactory - Returning cached instance of singleton bean 'metaDataSourceAdvisor'
2020-03-14 21:57:20.322 [main] DEBUG o.s.b.f.s.DefaultListableBeanFactory - Returning cached instance of singleton bean 'org.springframework.transaction.config.internalTransactionAdvisor'
2020-03-14 21:57:20.322 [main] DEBUG o.s.b.f.s.DefaultListableBeanFactory - Eagerly caching bean 'org.springframework.boot.autoconfigure.web.embedded.EmbeddedWebServerFactoryCustomizerAutoConfiguration$TomcatWebServerFactoryCustomizerConfiguration' to allow for resolving potential circular references
2020-03-14 21:57:20.326 [main] DEBUG o.s.b.f.s.DefaultListableBeanFactory - Returning cached instance of singleton bean 'metaDataSourceAdvisor'
2020-03-14 21:57:20.327 [main] DEBUG o.s.b.f.s.DefaultListableBeanFactory - Returning cached instance of singleton bean 'org.springframework.transaction.config.internalTransactionAdvisor'
2020-03-14 21:57:20.327 [main] DEBUG o.s.b.f.s.DefaultListableBeanFactory - Returning cached instance of singleton bean 'metaDataSourceAdvisor'
2020-03-14 21:57:20.327 [main] DEBUG o.s.b.f.s.DefaultListableBeanFactory - Returning cached instance of singleton bean 'org.springframework.transaction.config.internalTransactionAdvisor'
2020-03-14 21:57:20.328 [main] DEBUG o.s.b.f.s.DefaultListableBeanFactory - Finished creating instance of bean 'org.springframework.boot.autoconfigure.web.embedded.EmbeddedWebServerFactoryCustomizerAutoConfiguration$TomcatWebServerFactoryCustomizerConfiguration'
2020-03-14 21:57:20.330 [main] DEBUG o.s.b.f.s.DefaultListableBeanFactory - Returning cached instance of singleton bean 'environment'
2020-03-14 21:57:20.330 [main] DEBUG o.s.b.f.s.DefaultListableBeanFactory - Returning cached instance of singleton bean 'server-org.springframework.boot.autoconfigure.web.ServerProperties'
2020-03-14 21:57:20.331 [main] DEBUG o.s.b.f.s.DefaultListableBeanFactory - Autowiring by type from bean name 'tomcatWebServerFactoryCustomizer' via factory method to bean named 'environment'
2020-03-14 21:57:20.331 [main] DEBUG o.s.b.f.s.DefaultListableBeanFactory - Autowiring by type from bean name 'tomcatWebServerFactoryCustomizer' via factory method to bean named 'server-org.springframework.boot.autoconfigure.web.ServerProperties'
2020-03-14 21:57:20.334 [main] DEBUG o.s.b.f.s.DefaultListableBeanFactory - Eagerly caching bean 'tomcatWebServerFactoryCustomizer' to allow for resolving potential circular references
2020-03-14 21:57:20.338 [main] DEBUG o.s.b.f.s.DefaultListableBeanFactory - Returning cached instance of singleton bean 'metaDataSourceAdvisor'
2020-03-14 21:57:20.338 [main] DEBUG o.s.b.f.s.DefaultListableBeanFactory - Returning cached instance of singleton bean 'org.springframework.transaction.config.internalTransactionAdvisor'
2020-03-14 21:57:20.338 [main] DEBUG o.s.b.f.s.DefaultListableBeanFactory - Returning cached instance of singleton bean 'metaDataSourceAdvisor'
2020-03-14 21:57:20.338 [main] DEBUG o.s.b.f.s.DefaultListableBeanFactory - Returning cached instance of singleton bean 'org.springframework.transaction.config.internalTransactionAdvisor'
2020-03-14 21:57:20.339 [main] DEBUG o.s.b.f.s.DefaultListableBeanFactory - Finished creating instance of bean 'tomcatWebServerFactoryCustomizer'
2020-03-14 21:57:20.339 [main] DEBUG o.s.b.f.s.DefaultListableBeanFactory - Creating shared instance of singleton bean 'localeCharsetMappingsCustomizer'
2020-03-14 21:57:20.339 [main] DEBUG o.s.b.f.s.DefaultListableBeanFactory - Creating instance of bean 'localeCharsetMappingsCustomizer'
2020-03-14 21:57:20.339 [main] DEBUG o.s.b.f.s.DefaultListableBeanFactory - Returning cached instance of singleton bean 'metaDataSourceAdvisor'
2020-03-14 21:57:20.339 [main] DEBUG o.s.b.f.s.DefaultListableBeanFactory - Returning cached instance of singleton bean 'org.springframework.transaction.config.internalTransactionAdvisor'
2020-03-14 21:57:20.340 [main] DEBUG o.s.b.f.s.DefaultListableBeanFactory - Creating shared instance of singleton bean 'org.springframework.boot.autoconfigure.web.servlet.HttpEncodingAutoConfiguration'
2020-03-14 21:57:20.340 [main] DEBUG o.s.b.f.s.DefaultListableBeanFactory - Creating instance of bean 'org.springframework.boot.autoconfigure.web.servlet.HttpEncodingAutoConfiguration'
2020-03-14 21:57:20.340 [main] DEBUG o.s.b.f.s.DefaultListableBeanFactory - Returning cached instance of singleton bean 'metaDataSourceAdvisor'
2020-03-14 21:57:20.340 [main] DEBUG o.s.b.f.s.DefaultListableBeanFactory - Returning cached instance of singleton bean 'org.springframework.transaction.config.internalTransactionAdvisor'
2020-03-14 21:57:20.341 [main] DEBUG o.s.c.LocalVariableTableParameterNameDiscoverer - Cannot find '.class' file for class [class org.springframework.boot.autoconfigure.web.servlet.HttpEncodingAutoConfiguration$$EnhancerBySpringCGLIB$$749f0adb] - unable to determine constructor/method parameter names
2020-03-14 21:57:20.347 [main] DEBUG o.s.b.f.s.DefaultListableBeanFactory - Creating shared instance of singleton bean 'spring.http.encoding-org.springframework.boot.autoconfigure.http.HttpEncodingProperties'
2020-03-14 21:57:20.347 [main] DEBUG o.s.b.f.s.DefaultListableBeanFactory - Creating instance of bean 'spring.http.encoding-org.springframework.boot.autoconfigure.http.HttpEncodingProperties'
2020-03-14 21:57:20.347 [main] DEBUG o.s.b.f.s.DefaultListableBeanFactory - Returning cached instance of singleton bean 'metaDataSourceAdvisor'
2020-03-14 21:57:20.347 [main] DEBUG o.s.b.f.s.DefaultListableBeanFactory - Returning cached instance of singleton bean 'org.springframework.transaction.config.internalTransactionAdvisor'
2020-03-14 21:57:20.347 [main] DEBUG o.s.b.f.s.DefaultListableBeanFactory - Eagerly caching bean 'spring.http.encoding-org.springframework.boot.autoconfigure.http.HttpEncodingProperties' to allow for resolving potential circular references
2020-03-14 21:57:20.351 [main] DEBUG o.s.b.f.s.DefaultListableBeanFactory - Returning cached instance of singleton bean 'metaDataSourceAdvisor'
2020-03-14 21:57:20.351 [main] DEBUG o.s.b.f.s.DefaultListableBeanFactory - Returning cached instance of singleton bean 'org.springframework.transaction.config.internalTransactionAdvisor'
2020-03-14 21:57:20.351 [main] DEBUG o.s.b.f.s.DefaultListableBeanFactory - Returning cached instance of singleton bean 'metaDataSourceAdvisor'
2020-03-14 21:57:20.351 [main] DEBUG o.s.b.f.s.DefaultListableBeanFactory - Returning cached instance of singleton bean 'org.springframework.transaction.config.internalTransactionAdvisor'
2020-03-14 21:57:20.353 [main] DEBUG o.s.b.f.s.DefaultListableBeanFactory - Finished creating instance of bean 'spring.http.encoding-org.springframework.boot.autoconfigure.http.HttpEncodingProperties'
2020-03-14 21:57:20.353 [main] DEBUG o.s.b.f.s.DefaultListableBeanFactory - Autowiring by type from bean name 'org.springframework.boot.autoconfigure.web.servlet.HttpEncodingAutoConfiguration' via constructor to bean named 'spring.http.encoding-org.springframework.boot.autoconfigure.http.HttpEncodingProperties'
2020-03-14 21:57:20.354 [main] DEBUG o.s.b.f.s.DefaultListableBeanFactory - Eagerly caching bean 'org.springframework.boot.autoconfigure.web.servlet.HttpEncodingAutoConfiguration' to allow for resolving potential circular references
2020-03-14 21:57:20.371 [main] DEBUG o.s.b.f.s.DefaultListableBeanFactory - Returning cached instance of singleton bean 'metaDataSourceAdvisor'
2020-03-14 21:57:20.371 [main] DEBUG o.s.b.f.s.DefaultListableBeanFactory - Returning cached instance of singleton bean 'org.springframework.transaction.config.internalTransactionAdvisor'
2020-03-14 21:57:20.371 [main] DEBUG o.s.b.f.s.DefaultListableBeanFactory - Returning cached instance of singleton bean 'metaDataSourceAdvisor'
2020-03-14 21:57:20.371 [main] DEBUG o.s.b.f.s.DefaultListableBeanFactory - Returning cached instance of singleton bean 'org.springframework.transaction.config.internalTransactionAdvisor'
2020-03-14 21:57:20.372 [main] DEBUG o.s.b.f.s.DefaultListableBeanFactory - Finished creating instance of bean 'org.springframework.boot.autoconfigure.web.servlet.HttpEncodingAutoConfiguration'
2020-03-14 21:57:20.387 [main] DEBUG o.s.b.f.s.DefaultListableBeanFactory - Eagerly caching bean 'localeCharsetMappingsCustomizer' to allow for resolving potential circular references
2020-03-14 21:57:20.400 [main] DEBUG o.s.b.f.s.DefaultListableBeanFactory - Returning cached instance of singleton bean 'metaDataSourceAdvisor'
2020-03-14 21:57:20.400 [main] DEBUG o.s.b.f.s.DefaultListableBeanFactory - Returning cached instance of singleton bean 'org.springframework.transaction.config.internalTransactionAdvisor'
2020-03-14 21:57:20.400 [main] DEBUG o.s.b.f.s.DefaultListableBeanFactory - Returning cached instance of singleton bean 'metaDataSourceAdvisor'
2020-03-14 21:57:20.400 [main] DEBUG o.s.b.f.s.DefaultListableBeanFactory - Returning cached instance of singleton bean 'org.springframework.transaction.config.internalTransactionAdvisor'
2020-03-14 21:57:20.401 [main] DEBUG o.s.b.f.s.DefaultListableBeanFactory - Finished creating instance of bean 'localeCharsetMappingsCustomizer'
2020-03-14 21:57:20.455 [main] DEBUG o.s.b.f.s.DefaultListableBeanFactory - Creating shared instance of singleton bean 'errorPageCustomizer'
2020-03-14 21:57:20.457 [main] DEBUG o.s.b.f.s.DefaultListableBeanFactory - Creating instance of bean 'errorPageCustomizer'
2020-03-14 21:57:20.457 [main] DEBUG o.s.b.f.s.DefaultListableBeanFactory - Returning cached instance of singleton bean 'metaDataSourceAdvisor'
2020-03-14 21:57:20.457 [main] DEBUG o.s.b.f.s.DefaultListableBeanFactory - Returning cached instance of singleton bean 'org.springframework.transaction.config.internalTransactionAdvisor'
2020-03-14 21:57:20.457 [main] DEBUG o.s.b.f.s.DefaultListableBeanFactory - Creating shared instance of singleton bean 'org.springframework.boot.autoconfigure.web.servlet.error.ErrorMvcAutoConfiguration'
2020-03-14 21:57:20.458 [main] DEBUG o.s.b.f.s.DefaultListableBeanFactory - Creating instance of bean 'org.springframework.boot.autoconfigure.web.servlet.error.ErrorMvcAutoConfiguration'
2020-03-14 21:57:20.458 [main] DEBUG o.s.b.f.s.DefaultListableBeanFactory - Returning cached instance of singleton bean 'metaDataSourceAdvisor'
2020-03-14 21:57:20.458 [main] DEBUG o.s.b.f.s.DefaultListableBeanFactory - Returning cached instance of singleton bean 'org.springframework.transaction.config.internalTransactionAdvisor'
2020-03-14 21:57:20.459 [main] DEBUG o.s.c.LocalVariableTableParameterNameDiscoverer - Cannot find '.class' file for class [class org.springframework.boot.autoconfigure.web.servlet.error.ErrorMvcAutoConfiguration$$EnhancerBySpringCGLIB$$ccf659be] - unable to determine constructor/method parameter names
2020-03-14 21:57:20.459 [main] DEBUG o.s.b.f.s.DefaultListableBeanFactory - Returning cached instance of singleton bean 'server-org.springframework.boot.autoconfigure.web.ServerProperties'
2020-03-14 21:57:20.460 [main] DEBUG o.s.b.f.s.DefaultListableBeanFactory - Autowiring by type from bean name 'org.springframework.boot.autoconfigure.web.servlet.error.ErrorMvcAutoConfiguration' via constructor to bean named 'server-org.springframework.boot.autoconfigure.web.ServerProperties'
2020-03-14 21:57:20.463 [main] DEBUG o.s.b.f.s.DefaultListableBeanFactory - Creating shared instance of singleton bean 'conventionErrorViewResolver'
2020-03-14 21:57:20.464 [main] DEBUG o.s.b.f.s.DefaultListableBeanFactory - Creating instance of bean 'conventionErrorViewResolver'
2020-03-14 21:57:20.464 [main] DEBUG o.s.b.f.s.DefaultListableBeanFactory - Returning cached instance of singleton bean 'metaDataSourceAdvisor'
2020-03-14 21:57:20.464 [main] DEBUG o.s.b.f.s.DefaultListableBeanFactory - Returning cached instance of singleton bean 'org.springframework.transaction.config.internalTransactionAdvisor'
2020-03-14 21:57:20.464 [main] DEBUG o.s.b.f.s.DefaultListableBeanFactory - Creating shared instance of singleton bean 'org.springframework.boot.autoconfigure.web.servlet.error.ErrorMvcAutoConfiguration$DefaultErrorViewResolverConfiguration'
2020-03-14 21:57:20.464 [main] DEBUG o.s.b.f.s.DefaultListableBeanFactory - Creating instance of bean 'org.springframework.boot.autoconfigure.web.servlet.error.ErrorMvcAutoConfiguration$DefaultErrorViewResolverConfiguration'
2020-03-14 21:57:20.464 [main] DEBUG o.s.b.f.s.DefaultListableBeanFactory - Returning cached instance of singleton bean 'metaDataSourceAdvisor'
2020-03-14 21:57:20.464 [main] DEBUG o.s.b.f.s.DefaultListableBeanFactory - Returning cached instance of singleton bean 'org.springframework.transaction.config.internalTransactionAdvisor'
2020-03-14 21:57:20.465 [main] DEBUG o.s.c.LocalVariableTableParameterNameDiscoverer - Cannot find '.class' file for class [class org.springframework.boot.autoconfigure.web.servlet.error.ErrorMvcAutoConfiguration$DefaultErrorViewResolverConfiguration$$EnhancerBySpringCGLIB$$e18b2e5e] - unable to determine constructor/method parameter names
2020-03-14 21:57:20.467 [main] DEBUG o.s.b.f.s.DefaultListableBeanFactory - Returning cached instance of singleton bean 'spring.resources-org.springframework.boot.autoconfigure.web.ResourceProperties'
2020-03-14 21:57:20.467 [main] DEBUG o.s.b.f.s.DefaultListableBeanFactory - Autowiring by type from bean name 'org.springframework.boot.autoconfigure.web.servlet.error.ErrorMvcAutoConfiguration$DefaultErrorViewResolverConfiguration' via constructor to bean named 'org.springframework.web.context.support.GenericWebApplicationContext@1ee4730'
2020-03-14 21:57:20.467 [main] DEBUG o.s.b.f.s.DefaultListableBeanFactory - Autowiring by type from bean name 'org.springframework.boot.autoconfigure.web.servlet.error.ErrorMvcAutoConfiguration$DefaultErrorViewResolverConfiguration' via constructor to bean named 'spring.resources-org.springframework.boot.autoconfigure.web.ResourceProperties'
2020-03-14 21:57:20.468 [main] DEBUG o.s.b.f.s.DefaultListableBeanFactory - Eagerly caching bean 'org.springframework.boot.autoconfigure.web.servlet.error.ErrorMvcAutoConfiguration$DefaultErrorViewResolverConfiguration' to allow for resolving potential circular references
2020-03-14 21:57:20.471 [main] DEBUG o.s.b.f.s.DefaultListableBeanFactory - Returning cached instance of singleton bean 'metaDataSourceAdvisor'
2020-03-14 21:57:20.471 [main] DEBUG o.s.b.f.s.DefaultListableBeanFactory - Returning cached instance of singleton bean 'org.springframework.transaction.config.internalTransactionAdvisor'
2020-03-14 21:57:20.472 [main] DEBUG o.s.b.f.s.DefaultListableBeanFactory - Returning cached instance of singleton bean 'metaDataSourceAdvisor'
2020-03-14 21:57:20.472 [main] DEBUG o.s.b.f.s.DefaultListableBeanFactory - Returning cached instance of singleton bean 'org.springframework.transaction.config.internalTransactionAdvisor'
2020-03-14 21:57:20.472 [main] DEBUG o.s.b.f.s.DefaultListableBeanFactory - Finished creating instance of bean 'org.springframework.boot.autoconfigure.web.servlet.error.ErrorMvcAutoConfiguration$DefaultErrorViewResolverConfiguration'
2020-03-14 21:57:20.480 [main] DEBUG o.s.b.f.s.DefaultListableBeanFactory - Eagerly caching bean 'conventionErrorViewResolver' to allow for resolving potential circular references
2020-03-14 21:57:20.486 [main] DEBUG o.s.b.f.s.DefaultListableBeanFactory - Returning cached instance of singleton bean 'metaDataSourceAdvisor'
2020-03-14 21:57:20.486 [main] DEBUG o.s.b.f.s.DefaultListableBeanFactory - Returning cached instance of singleton bean 'org.springframework.transaction.config.internalTransactionAdvisor'
2020-03-14 21:57:20.486 [main] DEBUG o.s.b.f.s.DefaultListableBeanFactory - Returning cached instance of singleton bean 'metaDataSourceAdvisor'
2020-03-14 21:57:20.486 [main] DEBUG o.s.b.f.s.DefaultListableBeanFactory - Returning cached instance of singleton bean 'org.springframework.transaction.config.internalTransactionAdvisor'
2020-03-14 21:57:20.486 [main] DEBUG o.s.b.f.s.DefaultListableBeanFactory - Finished creating instance of bean 'conventionErrorViewResolver'
2020-03-14 21:57:20.487 [main] DEBUG o.s.b.f.s.DefaultListableBeanFactory - Eagerly caching bean 'org.springframework.boot.autoconfigure.web.servlet.error.ErrorMvcAutoConfiguration' to allow for resolving potential circular references
2020-03-14 21:57:20.490 [main] DEBUG o.s.b.f.s.DefaultListableBeanFactory - Returning cached instance of singleton bean 'metaDataSourceAdvisor'
2020-03-14 21:57:20.491 [main] DEBUG o.s.b.f.s.DefaultListableBeanFactory - Returning cached instance of singleton bean 'org.springframework.transaction.config.internalTransactionAdvisor'
2020-03-14 21:57:20.492 [main] DEBUG o.s.b.f.s.DefaultListableBeanFactory - Returning cached instance of singleton bean 'metaDataSourceAdvisor'
2020-03-14 21:57:20.492 [main] DEBUG o.s.b.f.s.DefaultListableBeanFactory - Returning cached instance of singleton bean 'org.springframework.transaction.config.internalTransactionAdvisor'
2020-03-14 21:57:20.493 [main] DEBUG o.s.b.f.s.DefaultListableBeanFactory - Finished creating instance of bean 'org.springframework.boot.autoconfigure.web.servlet.error.ErrorMvcAutoConfiguration'
2020-03-14 21:57:20.497 [main] DEBUG o.s.b.f.s.DefaultListableBeanFactory - Eagerly caching bean 'errorPageCustomizer' to allow for resolving potential circular references
2020-03-14 21:57:20.506 [main] DEBUG o.s.b.f.s.DefaultListableBeanFactory - Returning cached instance of singleton bean 'metaDataSourceAdvisor'
2020-03-14 21:57:20.506 [main] DEBUG o.s.b.f.s.DefaultListableBeanFactory - Returning cached instance of singleton bean 'org.springframework.transaction.config.internalTransactionAdvisor'
2020-03-14 21:57:20.506 [main] DEBUG o.s.b.f.s.DefaultListableBeanFactory - Returning cached instance of singleton bean 'metaDataSourceAdvisor'
2020-03-14 21:57:20.506 [main] DEBUG o.s.b.f.s.DefaultListableBeanFactory - Returning cached instance of singleton bean 'org.springframework.transaction.config.internalTransactionAdvisor'
2020-03-14 21:57:20.507 [main] DEBUG o.s.b.f.s.DefaultListableBeanFactory - Finished creating instance of bean 'errorPageCustomizer'
2020-03-14 21:57:20.510 [main] DEBUG o.s.b.f.s.DefaultListableBeanFactory - Returning cached instance of singleton bean 'metaDataSourceAdvisor'
2020-03-14 21:57:20.510 [main] DEBUG o.s.b.f.s.DefaultListableBeanFactory - Returning cached instance of singleton bean 'org.springframework.transaction.config.internalTransactionAdvisor'
2020-03-14 21:57:20.510 [main] DEBUG o.s.b.f.s.DefaultListableBeanFactory - Returning cached instance of singleton bean 'metaDataSourceAdvisor'
2020-03-14 21:57:20.510 [main] DEBUG o.s.b.f.s.DefaultListableBeanFactory - Returning cached instance of singleton bean 'org.springframework.transaction.config.internalTransactionAdvisor'
2020-03-14 21:57:20.529 [main] DEBUG o.s.b.f.s.DefaultListableBeanFactory - Finished creating instance of bean 'tomcatServletWebServerFactory'
2020-03-14 21:57:20.529 [main] DEBUG o.s.b.f.s.DefaultListableBeanFactory - Returning cached instance of singleton bean 'org.springframework.boot.autoconfigure.web.servlet.ServletWebServerFactoryAutoConfiguration'
2020-03-14 21:57:20.529 [main] DEBUG o.s.b.f.s.DefaultListableBeanFactory - Returning cached instance of singleton bean 'servletWebServerFactoryCustomizer'
2020-03-14 21:57:20.529 [main] DEBUG o.s.b.f.s.DefaultListableBeanFactory - Returning cached instance of singleton bean 'tomcatServletWebServerFactoryCustomizer'
2020-03-14 21:57:20.529 [main] DEBUG o.s.b.f.s.DefaultListableBeanFactory - Returning cached instance of singleton bean 'server-org.springframework.boot.autoconfigure.web.ServerProperties'
2020-03-14 21:57:20.529 [main] DEBUG o.s.b.f.s.DefaultListableBeanFactory - Returning cached instance of singleton bean 'org.springframework.boot.context.properties.ConfigurationPropertiesBindingPostProcessor'
2020-03-14 21:57:20.529 [main] DEBUG o.s.b.f.s.DefaultListableBeanFactory - Returning cached instance of singleton bean 'org.springframework.boot.context.properties.ConfigurationBeanFactoryMetadata'
2020-03-14 21:57:20.529 [main] DEBUG o.s.b.f.s.DefaultListableBeanFactory - Returning cached instance of singleton bean 'webServerFactoryCustomizerBeanPostProcessor'
2020-03-14 21:57:20.529 [main] DEBUG o.s.b.f.s.DefaultListableBeanFactory - Returning cached instance of singleton bean 'errorPageRegistrarBeanPostProcessor'
2020-03-14 21:57:20.529 [main] DEBUG o.s.b.f.s.DefaultListableBeanFactory - Creating shared instance of singleton bean 'org.springframework.boot.autoconfigure.web.servlet.DispatcherServletAutoConfiguration$DispatcherServletConfiguration'
2020-03-14 21:57:20.529 [main] DEBUG o.s.b.f.s.DefaultListableBeanFactory - Creating instance of bean 'org.springframework.boot.autoconfigure.web.servlet.DispatcherServletAutoConfiguration$DispatcherServletConfiguration'
2020-03-14 21:57:20.529 [main] DEBUG o.s.b.f.s.DefaultListableBeanFactory - Returning cached instance of singleton bean 'metaDataSourceAdvisor'
2020-03-14 21:57:20.530 [main] DEBUG o.s.b.f.s.DefaultListableBeanFactory - Returning cached instance of singleton bean 'org.springframework.transaction.config.internalTransactionAdvisor'
2020-03-14 21:57:20.531 [main] DEBUG o.s.c.LocalVariableTableParameterNameDiscoverer - Cannot find '.class' file for class [class org.springframework.boot.autoconfigure.web.servlet.DispatcherServletAutoConfiguration$DispatcherServletConfiguration$$EnhancerBySpringCGLIB$$f149e402] - unable to determine constructor/method parameter names
2020-03-14 21:57:20.531 [main] DEBUG o.s.b.f.s.DefaultListableBeanFactory - Returning cached instance of singleton bean 'spring.mvc-org.springframework.boot.autoconfigure.web.servlet.WebMvcProperties'
2020-03-14 21:57:20.531 [main] DEBUG o.s.b.f.s.DefaultListableBeanFactory - Autowiring by type from bean name 'org.springframework.boot.autoconfigure.web.servlet.DispatcherServletAutoConfiguration$DispatcherServletConfiguration' via constructor to bean named 'spring.mvc-org.springframework.boot.autoconfigure.web.servlet.WebMvcProperties'
2020-03-14 21:57:20.532 [main] DEBUG o.s.b.f.s.DefaultListableBeanFactory - Eagerly caching bean 'org.springframework.boot.autoconfigure.web.servlet.DispatcherServletAutoConfiguration$DispatcherServletConfiguration' to allow for resolving potential circular references
2020-03-14 21:57:20.544 [main] DEBUG o.s.b.f.s.DefaultListableBeanFactory - Returning cached instance of singleton bean 'metaDataSourceAdvisor'
2020-03-14 21:57:20.544 [main] DEBUG o.s.b.f.s.DefaultListableBeanFactory - Returning cached instance of singleton bean 'org.springframework.transaction.config.internalTransactionAdvisor'
2020-03-14 21:57:20.544 [main] DEBUG o.s.b.f.s.DefaultListableBeanFactory - Returning cached instance of singleton bean 'metaDataSourceAdvisor'
2020-03-14 21:57:20.544 [main] DEBUG o.s.b.f.s.DefaultListableBeanFactory - Returning cached instance of singleton bean 'org.springframework.transaction.config.internalTransactionAdvisor'
2020-03-14 21:57:20.547 [main] DEBUG o.s.b.f.s.DefaultListableBeanFactory - Finished creating instance of bean 'org.springframework.boot.autoconfigure.web.servlet.DispatcherServletAutoConfiguration$DispatcherServletConfiguration'
2020-03-14 21:57:20.548 [main] DEBUG o.s.b.f.s.DefaultListableBeanFactory - Creating shared instance of singleton bean 'dispatcherServlet'
2020-03-14 21:57:20.548 [main] DEBUG o.s.b.f.s.DefaultListableBeanFactory - Creating instance of bean 'dispatcherServlet'
2020-03-14 21:57:20.548 [main] DEBUG o.s.b.f.s.DefaultListableBeanFactory - Returning cached instance of singleton bean 'metaDataSourceAdvisor'
2020-03-14 21:57:20.548 [main] DEBUG o.s.b.f.s.DefaultListableBeanFactory - Returning cached instance of singleton bean 'org.springframework.transaction.config.internalTransactionAdvisor'
2020-03-14 21:57:20.549 [main] DEBUG o.s.b.f.s.DefaultListableBeanFactory - Returning cached instance of singleton bean 'org.springframework.boot.autoconfigure.web.servlet.DispatcherServletAutoConfiguration$DispatcherServletConfiguration'
2020-03-14 21:57:20.608 [main] DEBUG o.s.b.f.s.DefaultListableBeanFactory - Eagerly caching bean 'dispatcherServlet' to allow for resolving potential circular references
2020-03-14 21:57:20.641 [main] DEBUG o.s.b.f.s.DefaultListableBeanFactory - Returning cached instance of singleton bean 'metaDataSourceAdvisor'
2020-03-14 21:57:20.642 [main] DEBUG o.s.b.f.s.DefaultListableBeanFactory - Returning cached instance of singleton bean 'org.springframework.transaction.config.internalTransactionAdvisor'
2020-03-14 21:57:20.642 [main] DEBUG o.s.b.f.s.DefaultListableBeanFactory - Returning cached instance of singleton bean 'metaDataSourceAdvisor'
2020-03-14 21:57:20.642 [main] DEBUG o.s.b.f.s.DefaultListableBeanFactory - Returning cached instance of singleton bean 'org.springframework.transaction.config.internalTransactionAdvisor'
2020-03-14 21:57:20.683 [main] DEBUG o.s.b.f.s.DefaultListableBeanFactory - Finished creating instance of bean 'dispatcherServlet'
2020-03-14 21:57:20.683 [main] DEBUG o.s.b.f.s.DefaultListableBeanFactory - Returning cached instance of singleton bean 'spring.mvc-org.springframework.boot.autoconfigure.web.servlet.WebMvcProperties'
2020-03-14 21:57:20.683 [main] DEBUG o.s.b.f.s.DefaultListableBeanFactory - Creating shared instance of singleton bean 'org.springframework.boot.autoconfigure.web.servlet.DispatcherServletAutoConfiguration$DispatcherServletRegistrationConfiguration'
2020-03-14 21:57:20.683 [main] DEBUG o.s.b.f.s.DefaultListableBeanFactory - Creating instance of bean 'org.springframework.boot.autoconfigure.web.servlet.DispatcherServletAutoConfiguration$DispatcherServletRegistrationConfiguration'
2020-03-14 21:57:20.683 [main] DEBUG o.s.b.f.s.DefaultListableBeanFactory - Returning cached instance of singleton bean 'metaDataSourceAdvisor'
2020-03-14 21:57:20.684 [main] DEBUG o.s.b.f.s.DefaultListableBeanFactory - Returning cached instance of singleton bean 'org.springframework.transaction.config.internalTransactionAdvisor'
2020-03-14 21:57:20.685 [main] DEBUG o.s.c.LocalVariableTableParameterNameDiscoverer - Cannot find '.class' file for class [class org.springframework.boot.autoconfigure.web.servlet.DispatcherServletAutoConfiguration$DispatcherServletRegistrationConfiguration$$EnhancerBySpringCGLIB$$535178a9] - unable to determine constructor/method parameter names
2020-03-14 21:57:20.685 [main] DEBUG o.s.b.f.s.DefaultListableBeanFactory - Returning cached instance of singleton bean 'server-org.springframework.boot.autoconfigure.web.ServerProperties'
2020-03-14 21:57:20.685 [main] DEBUG o.s.b.f.s.DefaultListableBeanFactory - Returning cached instance of singleton bean 'spring.mvc-org.springframework.boot.autoconfigure.web.servlet.WebMvcProperties'
2020-03-14 21:57:20.685 [main] DEBUG o.s.b.f.s.DefaultListableBeanFactory - Autowiring by type from bean name 'org.springframework.boot.autoconfigure.web.servlet.DispatcherServletAutoConfiguration$DispatcherServletRegistrationConfiguration' via constructor to bean named 'server-org.springframework.boot.autoconfigure.web.ServerProperties'
2020-03-14 21:57:20.685 [main] DEBUG o.s.b.f.s.DefaultListableBeanFactory - Autowiring by type from bean name 'org.springframework.boot.autoconfigure.web.servlet.DispatcherServletAutoConfiguration$DispatcherServletRegistrationConfiguration' via constructor to bean named 'spring.mvc-org.springframework.boot.autoconfigure.web.servlet.WebMvcProperties'
2020-03-14 21:57:20.688 [main] DEBUG o.s.b.f.s.DefaultListableBeanFactory - Creating shared instance of singleton bean 'multipartConfigElement'
2020-03-14 21:57:20.688 [main] DEBUG o.s.b.f.s.DefaultListableBeanFactory - Creating instance of bean 'multipartConfigElement'
2020-03-14 21:57:20.688 [main] DEBUG o.s.b.f.s.DefaultListableBeanFactory - Returning cached instance of singleton bean 'metaDataSourceAdvisor'
2020-03-14 21:57:20.688 [main] DEBUG o.s.b.f.s.DefaultListableBeanFactory - Returning cached instance of singleton bean 'org.springframework.transaction.config.internalTransactionAdvisor'
2020-03-14 21:57:20.688 [main] DEBUG o.s.b.f.s.DefaultListableBeanFactory - Creating shared instance of singleton bean 'org.springframework.boot.autoconfigure.web.servlet.MultipartAutoConfiguration'
2020-03-14 21:57:20.688 [main] DEBUG o.s.b.f.s.DefaultListableBeanFactory - Creating instance of bean 'org.springframework.boot.autoconfigure.web.servlet.MultipartAutoConfiguration'
2020-03-14 21:57:20.688 [main] DEBUG o.s.b.f.s.DefaultListableBeanFactory - Returning cached instance of singleton bean 'metaDataSourceAdvisor'
2020-03-14 21:57:20.688 [main] DEBUG o.s.b.f.s.DefaultListableBeanFactory - Returning cached instance of singleton bean 'org.springframework.transaction.config.internalTransactionAdvisor'
2020-03-14 21:57:20.689 [main] DEBUG o.s.c.LocalVariableTableParameterNameDiscoverer - Cannot find '.class' file for class [class org.springframework.boot.autoconfigure.web.servlet.MultipartAutoConfiguration$$EnhancerBySpringCGLIB$$e38f92e8] - unable to determine constructor/method parameter names
2020-03-14 21:57:20.692 [main] DEBUG o.s.b.f.s.DefaultListableBeanFactory - Creating shared instance of singleton bean 'spring.servlet.multipart-org.springframework.boot.autoconfigure.web.servlet.MultipartProperties'
2020-03-14 21:57:20.692 [main] DEBUG o.s.b.f.s.DefaultListableBeanFactory - Creating instance of bean 'spring.servlet.multipart-org.springframework.boot.autoconfigure.web.servlet.MultipartProperties'
2020-03-14 21:57:20.693 [main] DEBUG o.s.b.f.s.DefaultListableBeanFactory - Returning cached instance of singleton bean 'metaDataSourceAdvisor'
2020-03-14 21:57:20.693 [main] DEBUG o.s.b.f.s.DefaultListableBeanFactory - Returning cached instance of singleton bean 'org.springframework.transaction.config.internalTransactionAdvisor'
2020-03-14 21:57:20.693 [main] DEBUG o.s.b.f.s.DefaultListableBeanFactory - Eagerly caching bean 'spring.servlet.multipart-org.springframework.boot.autoconfigure.web.servlet.MultipartProperties' to allow for resolving potential circular references
2020-03-14 21:57:20.698 [main] DEBUG o.s.b.f.s.DefaultListableBeanFactory - Returning cached instance of singleton bean 'metaDataSourceAdvisor'
2020-03-14 21:57:20.698 [main] DEBUG o.s.b.f.s.DefaultListableBeanFactory - Returning cached instance of singleton bean 'org.springframework.transaction.config.internalTransactionAdvisor'
2020-03-14 21:57:20.698 [main] DEBUG o.s.b.f.s.DefaultListableBeanFactory - Returning cached instance of singleton bean 'metaDataSourceAdvisor'
2020-03-14 21:57:20.698 [main] DEBUG o.s.b.f.s.DefaultListableBeanFactory - Returning cached instance of singleton bean 'org.springframework.transaction.config.internalTransactionAdvisor'
2020-03-14 21:57:20.699 [main] DEBUG o.s.b.f.s.DefaultListableBeanFactory - Finished creating instance of bean 'spring.servlet.multipart-org.springframework.boot.autoconfigure.web.servlet.MultipartProperties'
2020-03-14 21:57:20.700 [main] DEBUG o.s.b.f.s.DefaultListableBeanFactory - Autowiring by type from bean name 'org.springframework.boot.autoconfigure.web.servlet.MultipartAutoConfiguration' via constructor to bean named 'spring.servlet.multipart-org.springframework.boot.autoconfigure.web.servlet.MultipartProperties'
2020-03-14 21:57:20.700 [main] DEBUG o.s.b.f.s.DefaultListableBeanFactory - Eagerly caching bean 'org.springframework.boot.autoconfigure.web.servlet.MultipartAutoConfiguration' to allow for resolving potential circular references
2020-03-14 21:57:20.720 [main] DEBUG o.s.b.f.s.DefaultListableBeanFactory - Returning cached instance of singleton bean 'metaDataSourceAdvisor'
2020-03-14 21:57:20.720 [main] DEBUG o.s.b.f.s.DefaultListableBeanFactory - Returning cached instance of singleton bean 'org.springframework.transaction.config.internalTransactionAdvisor'
2020-03-14 21:57:20.721 [main] DEBUG o.s.b.f.s.DefaultListableBeanFactory - Returning cached instance of singleton bean 'metaDataSourceAdvisor'
2020-03-14 21:57:20.721 [main] DEBUG o.s.b.f.s.DefaultListableBeanFactory - Returning cached instance of singleton bean 'org.springframework.transaction.config.internalTransactionAdvisor'
2020-03-14 21:57:20.722 [main] DEBUG o.s.b.f.s.DefaultListableBeanFactory - Finished creating instance of bean 'org.springframework.boot.autoconfigure.web.servlet.MultipartAutoConfiguration'
2020-03-14 21:57:20.732 [main] DEBUG o.s.b.f.s.DefaultListableBeanFactory - Eagerly caching bean 'multipartConfigElement' to allow for resolving potential circular references
2020-03-14 21:57:20.747 [main] DEBUG o.s.b.f.s.DefaultListableBeanFactory - Returning cached instance of singleton bean 'metaDataSourceAdvisor'
2020-03-14 21:57:20.747 [main] DEBUG o.s.b.f.s.DefaultListableBeanFactory - Returning cached instance of singleton bean 'org.springframework.transaction.config.internalTransactionAdvisor'
2020-03-14 21:57:20.747 [main] DEBUG o.s.b.f.s.DefaultListableBeanFactory - Returning cached instance of singleton bean 'metaDataSourceAdvisor'
2020-03-14 21:57:20.747 [main] DEBUG o.s.b.f.s.DefaultListableBeanFactory - Returning cached instance of singleton bean 'org.springframework.transaction.config.internalTransactionAdvisor'
2020-03-14 21:57:20.748 [main] DEBUG o.s.b.f.s.DefaultListableBeanFactory - Finished creating instance of bean 'multipartConfigElement'
2020-03-14 21:57:20.749 [main] DEBUG o.s.b.f.s.DefaultListableBeanFactory - Eagerly caching bean 'org.springframework.boot.autoconfigure.web.servlet.DispatcherServletAutoConfiguration$DispatcherServletRegistrationConfiguration' to allow for resolving potential circular references
2020-03-14 21:57:20.756 [main] DEBUG o.s.b.f.s.DefaultListableBeanFactory - Returning cached instance of singleton bean 'metaDataSourceAdvisor'
2020-03-14 21:57:20.756 [main] DEBUG o.s.b.f.s.DefaultListableBeanFactory - Returning cached instance of singleton bean 'org.springframework.transaction.config.internalTransactionAdvisor'
2020-03-14 21:57:20.756 [main] DEBUG o.s.b.f.s.DefaultListableBeanFactory - Returning cached instance of singleton bean 'metaDataSourceAdvisor'
2020-03-14 21:57:20.756 [main] DEBUG o.s.b.f.s.DefaultListableBeanFactory - Returning cached instance of singleton bean 'org.springframework.transaction.config.internalTransactionAdvisor'
2020-03-14 21:57:20.757 [main] DEBUG o.s.b.f.s.DefaultListableBeanFactory - Finished creating instance of bean 'org.springframework.boot.autoconfigure.web.servlet.DispatcherServletAutoConfiguration$DispatcherServletRegistrationConfiguration'
2020-03-14 21:57:20.758 [main] DEBUG o.s.b.f.s.DefaultListableBeanFactory - Creating shared instance of singleton bean 'dispatcherServletRegistration'
2020-03-14 21:57:20.758 [main] DEBUG o.s.b.f.s.DefaultListableBeanFactory - Creating instance of bean 'dispatcherServletRegistration'
2020-03-14 21:57:20.758 [main] DEBUG o.s.b.f.s.DefaultListableBeanFactory - Returning cached instance of singleton bean 'metaDataSourceAdvisor'
2020-03-14 21:57:20.758 [main] DEBUG o.s.b.f.s.DefaultListableBeanFactory - Returning cached instance of singleton bean 'org.springframework.transaction.config.internalTransactionAdvisor'
2020-03-14 21:57:20.759 [main] DEBUG o.s.b.f.s.DefaultListableBeanFactory - Returning cached instance of singleton bean 'org.springframework.boot.autoconfigure.web.servlet.DispatcherServletAutoConfiguration$DispatcherServletRegistrationConfiguration'
2020-03-14 21:57:20.764 [main] DEBUG o.s.b.f.s.DefaultListableBeanFactory - Returning cached instance of singleton bean 'dispatcherServlet'
2020-03-14 21:57:20.764 [main] DEBUG o.s.b.f.s.DefaultListableBeanFactory - Autowiring by type from bean name 'dispatcherServletRegistration' via factory method to bean named 'dispatcherServlet'
2020-03-14 21:57:20.784 [main] DEBUG o.s.b.f.s.DefaultListableBeanFactory - Eagerly caching bean 'dispatcherServletRegistration' to allow for resolving potential circular references
2020-03-14 21:57:20.804 [main] DEBUG o.s.b.f.s.DefaultListableBeanFactory - Returning cached instance of singleton bean 'metaDataSourceAdvisor'
2020-03-14 21:57:20.804 [main] DEBUG o.s.b.f.s.DefaultListableBeanFactory - Returning cached instance of singleton bean 'org.springframework.transaction.config.internalTransactionAdvisor'
2020-03-14 21:57:20.804 [main] DEBUG o.s.b.f.s.DefaultListableBeanFactory - Returning cached instance of singleton bean 'metaDataSourceAdvisor'
2020-03-14 21:57:20.804 [main] DEBUG o.s.b.f.s.DefaultListableBeanFactory - Returning cached instance of singleton bean 'org.springframework.transaction.config.internalTransactionAdvisor'
2020-03-14 21:57:20.806 [main] DEBUG o.s.b.f.s.DefaultListableBeanFactory - Finished creating instance of bean 'dispatcherServletRegistration'
2020-03-14 21:57:20.806 [main] DEBUG o.s.b.f.s.DefaultListableBeanFactory - Creating shared instance of singleton bean 'org.springframework.boot.autoconfigure.web.servlet.DispatcherServletAutoConfiguration'
2020-03-14 21:57:20.806 [main] DEBUG o.s.b.f.s.DefaultListableBeanFactory - Creating instance of bean 'org.springframework.boot.autoconfigure.web.servlet.DispatcherServletAutoConfiguration'
2020-03-14 21:57:20.806 [main] DEBUG o.s.b.f.s.DefaultListableBeanFactory - Returning cached instance of singleton bean 'metaDataSourceAdvisor'
2020-03-14 21:57:20.806 [main] DEBUG o.s.b.f.s.DefaultListableBeanFactory - Returning cached instance of singleton bean 'org.springframework.transaction.config.internalTransactionAdvisor'
2020-03-14 21:57:20.806 [main] DEBUG o.s.b.f.s.DefaultListableBeanFactory - Eagerly caching bean 'org.springframework.boot.autoconfigure.web.servlet.DispatcherServletAutoConfiguration' to allow for resolving potential circular references
2020-03-14 21:57:20.818 [main] DEBUG o.s.b.f.s.DefaultListableBeanFactory - Returning cached instance of singleton bean 'metaDataSourceAdvisor'
2020-03-14 21:57:20.818 [main] DEBUG o.s.b.f.s.DefaultListableBeanFactory - Returning cached instance of singleton bean 'org.springframework.transaction.config.internalTransactionAdvisor'
2020-03-14 21:57:20.818 [main] DEBUG o.s.b.f.s.DefaultListableBeanFactory - Returning cached instance of singleton bean 'metaDataSourceAdvisor'
2020-03-14 21:57:20.818 [main] DEBUG o.s.b.f.s.DefaultListableBeanFactory - Returning cached instance of singleton bean 'org.springframework.transaction.config.internalTransactionAdvisor'
2020-03-14 21:57:20.818 [main] DEBUG o.s.b.f.s.DefaultListableBeanFactory - Finished creating instance of bean 'org.springframework.boot.autoconfigure.web.servlet.DispatcherServletAutoConfiguration'
2020-03-14 21:57:20.819 [main] DEBUG o.s.b.f.s.DefaultListableBeanFactory - Creating shared instance of singleton bean 'org.springframework.cloud.netflix.archaius.ArchaiusAutoConfiguration$PropagateEventsConfiguration'
2020-03-14 21:57:20.819 [main] DEBUG o.s.b.f.s.DefaultListableBeanFactory - Creating instance of bean 'org.springframework.cloud.netflix.archaius.ArchaiusAutoConfiguration$PropagateEventsConfiguration'
2020-03-14 21:57:20.819 [main] DEBUG o.s.b.f.s.DefaultListableBeanFactory - Returning cached instance of singleton bean 'metaDataSourceAdvisor'
2020-03-14 21:57:20.819 [main] DEBUG o.s.b.f.s.DefaultListableBeanFactory - Returning cached instance of singleton bean 'org.springframework.transaction.config.internalTransactionAdvisor'
2020-03-14 21:57:20.820 [main] DEBUG o.s.b.f.annotation.InjectionMetadata - Registered injected element on class [org.springframework.cloud.netflix.archaius.ArchaiusAutoConfiguration$PropagateEventsConfiguration$$EnhancerBySpringCGLIB$$d439c1]: AutowiredFieldElement for private org.springframework.core.env.Environment org.springframework.cloud.netflix.archaius.ArchaiusAutoConfiguration$PropagateEventsConfiguration.env
2020-03-14 21:57:20.821 [main] DEBUG o.s.b.f.s.DefaultListableBeanFactory - Eagerly caching bean 'org.springframework.cloud.netflix.archaius.ArchaiusAutoConfiguration$PropagateEventsConfiguration' to allow for resolving potential circular references
2020-03-14 21:57:20.828 [main] DEBUG o.s.b.f.annotation.InjectionMetadata - Processing injected element of bean 'org.springframework.cloud.netflix.archaius.ArchaiusAutoConfiguration$PropagateEventsConfiguration': AutowiredFieldElement for private org.springframework.core.env.Environment org.springframework.cloud.netflix.archaius.ArchaiusAutoConfiguration$PropagateEventsConfiguration.env
2020-03-14 21:57:20.829 [main] DEBUG o.s.core.annotation.AnnotationUtils - Failed to meta-introspect annotation interface org.springframework.beans.factory.annotation.Autowired: java.lang.NullPointerException
2020-03-14 21:57:20.829 [main] DEBUG o.s.b.f.s.DefaultListableBeanFactory - Returning cached instance of singleton bean 'environment'
2020-03-14 21:57:20.829 [main] DEBUG o.s.b.f.a.AutowiredAnnotationBeanPostProcessor - Autowiring by type from bean name 'org.springframework.cloud.netflix.archaius.ArchaiusAutoConfiguration$PropagateEventsConfiguration' to bean named 'environment'
2020-03-14 21:57:20.829 [main] DEBUG o.s.b.f.s.DefaultListableBeanFactory - Returning cached instance of singleton bean 'metaDataSourceAdvisor'
2020-03-14 21:57:20.829 [main] DEBUG o.s.b.f.s.DefaultListableBeanFactory - Returning cached instance of singleton bean 'org.springframework.transaction.config.internalTransactionAdvisor'
2020-03-14 21:57:20.830 [main] DEBUG o.s.b.f.s.DefaultListableBeanFactory - Returning cached instance of singleton bean 'metaDataSourceAdvisor'
2020-03-14 21:57:20.830 [main] DEBUG o.s.b.f.s.DefaultListableBeanFactory - Returning cached instance of singleton bean 'org.springframework.transaction.config.internalTransactionAdvisor'
2020-03-14 21:57:20.830 [main] DEBUG o.s.b.f.s.DefaultListableBeanFactory - Finished creating instance of bean 'org.springframework.cloud.netflix.archaius.ArchaiusAutoConfiguration$PropagateEventsConfiguration'
2020-03-14 21:57:20.831 [main] DEBUG o.s.b.f.s.DefaultListableBeanFactory - Returning cached instance of singleton bean 'org.springframework.cloud.netflix.archaius.ArchaiusAutoConfiguration$ArchaiusEndpointConfiguration'
2020-03-14 21:57:20.832 [main] DEBUG o.s.b.f.s.DefaultListableBeanFactory - Returning cached instance of singleton bean 'archaiusEndpoint'
2020-03-14 21:57:20.833 [main] DEBUG o.s.b.f.s.DefaultListableBeanFactory - Creating shared instance of singleton bean 'org.springframework.cloud.netflix.archaius.ArchaiusAutoConfiguration'
2020-03-14 21:57:20.833 [main] DEBUG o.s.b.f.s.DefaultListableBeanFactory - Creating instance of bean 'org.springframework.cloud.netflix.archaius.ArchaiusAutoConfiguration'
2020-03-14 21:57:20.833 [main] DEBUG o.s.b.f.s.DefaultListableBeanFactory - Returning cached instance of singleton bean 'metaDataSourceAdvisor'
2020-03-14 21:57:20.833 [main] DEBUG o.s.b.f.s.DefaultListableBeanFactory - Returning cached instance of singleton bean 'org.springframework.transaction.config.internalTransactionAdvisor'
2020-03-14 21:57:20.834 [main] DEBUG o.s.c.a.CommonAnnotationBeanPostProcessor - Found destroy method on class [org.springframework.cloud.netflix.archaius.ArchaiusAutoConfiguration$$EnhancerBySpringCGLIB$$9cec9553]: public void org.springframework.cloud.netflix.archaius.ArchaiusAutoConfiguration.close()
2020-03-14 21:57:20.835 [main] DEBUG o.s.c.a.CommonAnnotationBeanPostProcessor - Registered destroy method on class [org.springframework.cloud.netflix.archaius.ArchaiusAutoConfiguration$$EnhancerBySpringCGLIB$$9cec9553]: org.springframework.beans.factory.annotation.InitDestroyAnnotationBeanPostProcessor$LifecycleElement@5a5ddf8
2020-03-14 21:57:20.835 [main] DEBUG o.s.b.f.annotation.InjectionMetadata - Registered injected element on class [org.springframework.cloud.netflix.archaius.ArchaiusAutoConfiguration$$EnhancerBySpringCGLIB$$9cec9553]: AutowiredFieldElement for private org.springframework.core.env.ConfigurableEnvironment org.springframework.cloud.netflix.archaius.ArchaiusAutoConfiguration.env
2020-03-14 21:57:20.835 [main] DEBUG o.s.b.f.annotation.InjectionMetadata - Registered injected element on class [org.springframework.cloud.netflix.archaius.ArchaiusAutoConfiguration$$EnhancerBySpringCGLIB$$9cec9553]: AutowiredFieldElement for private java.util.List org.springframework.cloud.netflix.archaius.ArchaiusAutoConfiguration.externalConfigurations
2020-03-14 21:57:20.835 [main] DEBUG o.s.b.f.s.DefaultListableBeanFactory - Eagerly caching bean 'org.springframework.cloud.netflix.archaius.ArchaiusAutoConfiguration' to allow for resolving potential circular references
2020-03-14 21:57:20.848 [main] DEBUG o.s.b.f.annotation.InjectionMetadata - Processing injected element of bean 'org.springframework.cloud.netflix.archaius.ArchaiusAutoConfiguration': AutowiredFieldElement for private org.springframework.core.env.ConfigurableEnvironment org.springframework.cloud.netflix.archaius.ArchaiusAutoConfiguration.env
2020-03-14 21:57:20.848 [main] DEBUG o.s.core.annotation.AnnotationUtils - Failed to meta-introspect annotation interface org.springframework.beans.factory.annotation.Autowired: java.lang.NullPointerException
2020-03-14 21:57:20.848 [main] DEBUG o.s.b.f.s.DefaultListableBeanFactory - Returning cached instance of singleton bean 'environment'
2020-03-14 21:57:20.848 [main] DEBUG o.s.b.f.a.AutowiredAnnotationBeanPostProcessor - Autowiring by type from bean name 'org.springframework.cloud.netflix.archaius.ArchaiusAutoConfiguration' to bean named 'environment'
2020-03-14 21:57:20.848 [main] DEBUG o.s.b.f.annotation.InjectionMetadata - Processing injected element of bean 'org.springframework.cloud.netflix.archaius.ArchaiusAutoConfiguration': AutowiredFieldElement for private java.util.List org.springframework.cloud.netflix.archaius.ArchaiusAutoConfiguration.externalConfigurations
2020-03-14 21:57:20.849 [main] DEBUG o.s.core.annotation.AnnotationUtils - Failed to meta-introspect annotation interface org.springframework.beans.factory.annotation.Autowired: java.lang.NullPointerException
2020-03-14 21:57:20.861 [main] DEBUG o.s.b.f.s.DefaultListableBeanFactory - Creating shared instance of singleton bean 'configurableEnvironmentConfiguration'
2020-03-14 21:57:20.863 [main] DEBUG o.s.b.f.s.DefaultListableBeanFactory - Creating instance of bean 'configurableEnvironmentConfiguration'
2020-03-14 21:57:20.863 [main] DEBUG o.s.b.f.s.DefaultListableBeanFactory - Returning cached instance of singleton bean 'metaDataSourceAdvisor'
2020-03-14 21:57:20.863 [main] DEBUG o.s.b.f.s.DefaultListableBeanFactory - Returning cached instance of singleton bean 'org.springframework.transaction.config.internalTransactionAdvisor'
2020-03-14 21:57:20.864 [main] DEBUG o.s.b.f.s.DefaultListableBeanFactory - Returning cached instance of singleton bean 'environment'
2020-03-14 21:57:20.864 [main] DEBUG o.s.b.f.s.DefaultListableBeanFactory - Autowiring by type from bean name 'configurableEnvironmentConfiguration' via factory method to bean named 'environment'
2020-03-14 21:57:20.864 [main] DEBUG o.s.b.f.s.DefaultListableBeanFactory - Autowiring by type from bean name 'configurableEnvironmentConfiguration' via factory method to bean named 'org.springframework.web.context.support.GenericWebApplicationContext@1ee4730'
2020-03-14 21:57:20.864 [main] DEBUG o.s.b.f.s.DefaultListableBeanFactory - Creating shared instance of singleton bean 'configurableEnvironmentConfiguration'
2020-03-14 21:57:20.865 [main] DEBUG o.s.b.f.s.DefaultListableBeanFactory - Ignoring match to currently created bean 'configurableEnvironmentConfiguration': Error creating bean with name 'configurableEnvironmentConfiguration': Requested bean is currently in creation: Is there an unresolvable circular reference?
2020-03-14 21:57:20.865 [main] DEBUG o.s.c.e.PropertySourcesPropertyResolver - Found key 'spring.application.name' in PropertySource 'configurationProperties' with value of type String
2020-03-14 21:57:20.867 [main] WARN  c.n.c.sources.URLConfigurationSource - No URLs will be polled as dynamic configuration sources.
2020-03-14 21:57:20.867 [main] INFO  c.n.c.sources.URLConfigurationSource - To enable URLs as dynamic configuration sources, define System property archaius.configurationSource.additionalUrls or make config.properties available on classpath.
2020-03-14 21:57:20.878 [main] DEBUG o.s.b.f.s.DefaultListableBeanFactory - Eagerly caching bean 'configurableEnvironmentConfiguration' to allow for resolving potential circular references
2020-03-14 21:57:20.884 [main] DEBUG o.s.b.f.s.DefaultListableBeanFactory - Returning cached instance of singleton bean 'metaDataSourceAdvisor'
2020-03-14 21:57:20.884 [main] DEBUG o.s.b.f.s.DefaultListableBeanFactory - Returning cached instance of singleton bean 'org.springframework.transaction.config.internalTransactionAdvisor'
2020-03-14 21:57:20.884 [main] DEBUG o.s.b.f.s.DefaultListableBeanFactory - Returning cached instance of singleton bean 'metaDataSourceAdvisor'
2020-03-14 21:57:20.884 [main] DEBUG o.s.b.f.s.DefaultListableBeanFactory - Returning cached instance of singleton bean 'org.springframework.transaction.config.internalTransactionAdvisor'
2020-03-14 21:57:20.907 [main] DEBUG o.s.b.f.s.DefaultListableBeanFactory - Finished creating instance of bean 'configurableEnvironmentConfiguration'
2020-03-14 21:57:20.908 [main] DEBUG o.s.b.f.a.AutowiredAnnotationBeanPostProcessor - Autowiring by type from bean name 'org.springframework.cloud.netflix.archaius.ArchaiusAutoConfiguration' to bean named 'configurableEnvironmentConfiguration'
2020-03-14 21:57:20.910 [main] DEBUG o.s.b.f.s.DefaultListableBeanFactory - Returning cached instance of singleton bean 'metaDataSourceAdvisor'
2020-03-14 21:57:20.911 [main] DEBUG o.s.b.f.s.DefaultListableBeanFactory - Returning cached instance of singleton bean 'org.springframework.transaction.config.internalTransactionAdvisor'
2020-03-14 21:57:20.911 [main] DEBUG o.s.b.f.s.DefaultListableBeanFactory - Returning cached instance of singleton bean 'metaDataSourceAdvisor'
2020-03-14 21:57:20.911 [main] DEBUG o.s.b.f.s.DefaultListableBeanFactory - Returning cached instance of singleton bean 'org.springframework.transaction.config.internalTransactionAdvisor'
2020-03-14 21:57:20.913 [main] DEBUG o.s.b.f.s.DefaultListableBeanFactory - Finished creating instance of bean 'org.springframework.cloud.netflix.archaius.ArchaiusAutoConfiguration'
2020-03-14 21:57:20.913 [main] DEBUG o.s.b.f.s.DefaultListableBeanFactory - Returning cached instance of singleton bean 'configurableEnvironmentConfiguration'
2020-03-14 21:57:20.913 [main] DEBUG o.s.b.f.s.DefaultListableBeanFactory - Creating shared instance of singleton bean 'org.springframework.boot.autoconfigure.validation.ValidationAutoConfiguration'
2020-03-14 21:57:20.913 [main] DEBUG o.s.b.f.s.DefaultListableBeanFactory - Creating instance of bean 'org.springframework.boot.autoconfigure.validation.ValidationAutoConfiguration'
2020-03-14 21:57:20.913 [main] DEBUG o.s.b.f.s.DefaultListableBeanFactory - Returning cached instance of singleton bean 'metaDataSourceAdvisor'
2020-03-14 21:57:20.913 [main] DEBUG o.s.b.f.s.DefaultListableBeanFactory - Returning cached instance of singleton bean 'org.springframework.transaction.config.internalTransactionAdvisor'
2020-03-14 21:57:20.914 [main] DEBUG o.s.b.f.s.DefaultListableBeanFactory - Eagerly caching bean 'org.springframework.boot.autoconfigure.validation.ValidationAutoConfiguration' to allow for resolving potential circular references
2020-03-14 21:57:20.937 [main] DEBUG o.s.b.f.s.DefaultListableBeanFactory - Returning cached instance of singleton bean 'metaDataSourceAdvisor'
2020-03-14 21:57:20.938 [main] DEBUG o.s.b.f.s.DefaultListableBeanFactory - Returning cached instance of singleton bean 'org.springframework.transaction.config.internalTransactionAdvisor'
2020-03-14 21:57:20.938 [main] DEBUG o.s.b.f.s.DefaultListableBeanFactory - Returning cached instance of singleton bean 'metaDataSourceAdvisor'
2020-03-14 21:57:20.938 [main] DEBUG o.s.b.f.s.DefaultListableBeanFactory - Returning cached instance of singleton bean 'org.springframework.transaction.config.internalTransactionAdvisor'
2020-03-14 21:57:20.940 [main] DEBUG o.s.b.f.s.DefaultListableBeanFactory - Finished creating instance of bean 'org.springframework.boot.autoconfigure.validation.ValidationAutoConfiguration'
2020-03-14 21:57:20.940 [main] DEBUG o.s.b.f.s.DefaultListableBeanFactory - Creating shared instance of singleton bean 'defaultValidator'
2020-03-14 21:57:20.940 [main] DEBUG o.s.b.f.s.DefaultListableBeanFactory - Creating instance of bean 'defaultValidator'
2020-03-14 21:57:20.940 [main] DEBUG o.s.b.f.s.DefaultListableBeanFactory - Returning cached instance of singleton bean 'metaDataSourceAdvisor'
2020-03-14 21:57:20.940 [main] DEBUG o.s.b.f.s.DefaultListableBeanFactory - Returning cached instance of singleton bean 'org.springframework.transaction.config.internalTransactionAdvisor'
2020-03-14 21:57:20.951 [main] DEBUG o.h.v.i.e.r.TraversableResolvers - Found javax.persistence.Persistence on classpath containing 'getPersistenceUtil'. Assuming JPA 2 environment. Trying to instantiate JPA aware TraversableResolver
2020-03-14 21:57:20.951 [main] DEBUG o.h.v.i.e.r.TraversableResolvers - Instantiated JPA aware TraversableResolver of type org.hibernate.validator.internal.engine.resolver.JPATraversableResolver.
2020-03-14 21:57:20.952 [main] DEBUG o.h.v.i.e.r.TraversableResolvers - Unable to load or instantiate JPA aware resolver org.hibernate.validator.internal.engine.resolver.JPATraversableResolver. All properties will per default be traversable.
2020-03-14 21:57:20.953 [main] DEBUG o.h.v.m.ResourceBundleMessageInterpolator - Loaded expression factory via original TCCL
2020-03-14 21:57:20.955 [main] DEBUG o.s.b.f.s.DefaultListableBeanFactory - Eagerly caching bean 'defaultValidator' to allow for resolving potential circular references
2020-03-14 21:57:20.977 [main] DEBUG o.s.b.f.s.DefaultListableBeanFactory - Invoking afterPropertiesSet() on bean with name 'defaultValidator'
2020-03-14 21:57:20.978 [main] DEBUG o.h.v.i.e.r.TraversableResolvers - Found javax.persistence.Persistence on classpath containing 'getPersistenceUtil'. Assuming JPA 2 environment. Trying to instantiate JPA aware TraversableResolver
2020-03-14 21:57:20.978 [main] DEBUG o.h.v.i.e.r.TraversableResolvers - Instantiated JPA aware TraversableResolver of type org.hibernate.validator.internal.engine.resolver.JPATraversableResolver.
2020-03-14 21:57:20.979 [main] DEBUG o.h.v.i.e.r.TraversableResolvers - Unable to load or instantiate JPA aware resolver org.hibernate.validator.internal.engine.resolver.JPATraversableResolver. All properties will per default be traversable.
2020-03-14 21:57:20.984 [main] DEBUG o.h.v.i.engine.ConfigurationImpl - Setting custom MessageInterpolator of type org.springframework.validation.beanvalidation.LocaleContextMessageInterpolator
2020-03-14 21:57:20.986 [main] DEBUG o.h.v.i.engine.ConfigurationImpl - Setting custom ConstraintValidatorFactory of type org.springframework.validation.beanvalidation.SpringConstraintValidatorFactory
2020-03-14 21:57:20.991 [main] DEBUG o.h.v.i.engine.ConfigurationImpl - Setting custom ParameterNameProvider of type org.springframework.validation.beanvalidation.LocalValidatorFactoryBean$1
2020-03-14 21:57:20.995 [main] DEBUG o.h.v.i.xml.ValidationXmlParser - Trying to load META-INF/validation.xml for XML based Validator configuration.
2020-03-14 21:57:20.995 [main] DEBUG o.h.v.i.xml.ResourceLoaderHelper - Trying to load META-INF/validation.xml via user class loader
2020-03-14 21:57:20.996 [main] DEBUG o.h.v.i.xml.ResourceLoaderHelper - Trying to load META-INF/validation.xml via TCCL
2020-03-14 21:57:20.997 [main] DEBUG o.h.v.i.xml.ResourceLoaderHelper - Trying to load META-INF/validation.xml via Hibernate Validator's class loader
2020-03-14 21:57:20.998 [main] DEBUG o.h.v.i.xml.ValidationXmlParser - No META-INF/validation.xml found. Using annotation based configuration only.
2020-03-14 21:57:21.009 [main] DEBUG o.h.v.i.engine.ValidatorFactoryImpl - HV000234: Using org.springframework.validation.beanvalidation.LocaleContextMessageInterpolator as ValidatorFactory-scoped message interpolator.
2020-03-14 21:57:21.010 [main] DEBUG o.h.v.i.engine.ValidatorFactoryImpl - HV000234: Using org.hibernate.validator.internal.engine.resolver.TraverseAllTraversableResolver as ValidatorFactory-scoped traversable resolver.
2020-03-14 21:57:21.010 [main] DEBUG o.h.v.i.engine.ValidatorFactoryImpl - HV000234: Using org.hibernate.validator.internal.util.ExecutableParameterNameProvider as ValidatorFactory-scoped parameter name provider.
2020-03-14 21:57:21.010 [main] DEBUG o.h.v.i.engine.ValidatorFactoryImpl - HV000234: Using org.hibernate.validator.internal.engine.DefaultClockProvider as ValidatorFactory-scoped clock provider.
2020-03-14 21:57:21.010 [main] DEBUG o.h.v.i.engine.ValidatorFactoryImpl - HV000234: Using org.hibernate.validator.internal.engine.scripting.DefaultScriptEvaluatorFactory as ValidatorFactory-scoped script evaluator factory.
2020-03-14 21:57:21.014 [main] DEBUG o.s.b.f.s.DefaultListableBeanFactory - Returning cached instance of singleton bean 'metaDataSourceAdvisor'
2020-03-14 21:57:21.014 [main] DEBUG o.s.b.f.s.DefaultListableBeanFactory - Returning cached instance of singleton bean 'org.springframework.transaction.config.internalTransactionAdvisor'
2020-03-14 21:57:21.014 [main] DEBUG o.s.b.f.s.DefaultListableBeanFactory - Returning cached instance of singleton bean 'metaDataSourceAdvisor'
2020-03-14 21:57:21.014 [main] DEBUG o.s.b.f.s.DefaultListableBeanFactory - Returning cached instance of singleton bean 'org.springframework.transaction.config.internalTransactionAdvisor'
2020-03-14 21:57:21.019 [main] DEBUG o.s.b.f.s.DefaultListableBeanFactory - Finished creating instance of bean 'defaultValidator'
2020-03-14 21:57:21.020 [main] DEBUG o.s.b.f.s.DefaultListableBeanFactory - Returning cached instance of singleton bean 'methodValidationPostProcessor'
2020-03-14 21:57:21.020 [main] DEBUG o.s.b.f.s.DefaultListableBeanFactory - Creating shared instance of singleton bean 'org.springframework.boot.autoconfigure.web.servlet.error.ErrorMvcAutoConfiguration$WhitelabelErrorViewConfiguration'
2020-03-14 21:57:21.020 [main] DEBUG o.s.b.f.s.DefaultListableBeanFactory - Creating instance of bean 'org.springframework.boot.autoconfigure.web.servlet.error.ErrorMvcAutoConfiguration$WhitelabelErrorViewConfiguration'
2020-03-14 21:57:21.021 [main] DEBUG o.s.b.f.s.DefaultListableBeanFactory - Returning cached instance of singleton bean 'metaDataSourceAdvisor'
2020-03-14 21:57:21.021 [main] DEBUG o.s.b.f.s.DefaultListableBeanFactory - Returning cached instance of singleton bean 'org.springframework.transaction.config.internalTransactionAdvisor'
2020-03-14 21:57:21.024 [main] DEBUG o.s.b.f.s.DefaultListableBeanFactory - Eagerly caching bean 'org.springframework.boot.autoconfigure.web.servlet.error.ErrorMvcAutoConfiguration$WhitelabelErrorViewConfiguration' to allow for resolving potential circular references
2020-03-14 21:57:21.044 [main] DEBUG o.s.b.f.s.DefaultListableBeanFactory - Returning cached instance of singleton bean 'metaDataSourceAdvisor'
2020-03-14 21:57:21.044 [main] DEBUG o.s.b.f.s.DefaultListableBeanFactory - Returning cached instance of singleton bean 'org.springframework.transaction.config.internalTransactionAdvisor'
2020-03-14 21:57:21.044 [main] DEBUG o.s.b.f.s.DefaultListableBeanFactory - Returning cached instance of singleton bean 'metaDataSourceAdvisor'
2020-03-14 21:57:21.044 [main] DEBUG o.s.b.f.s.DefaultListableBeanFactory - Returning cached instance of singleton bean 'org.springframework.transaction.config.internalTransactionAdvisor'
2020-03-14 21:57:21.046 [main] DEBUG o.s.b.f.s.DefaultListableBeanFactory - Finished creating instance of bean 'org.springframework.boot.autoconfigure.web.servlet.error.ErrorMvcAutoConfiguration$WhitelabelErrorViewConfiguration'
2020-03-14 21:57:21.047 [main] DEBUG o.s.b.f.s.DefaultListableBeanFactory - Creating shared instance of singleton bean 'error'
2020-03-14 21:57:21.047 [main] DEBUG o.s.b.f.s.DefaultListableBeanFactory - Creating instance of bean 'error'
2020-03-14 21:57:21.048 [main] DEBUG o.s.b.f.s.DefaultListableBeanFactory - Returning cached instance of singleton bean 'metaDataSourceAdvisor'
2020-03-14 21:57:21.048 [main] DEBUG o.s.b.f.s.DefaultListableBeanFactory - Returning cached instance of singleton bean 'org.springframework.transaction.config.internalTransactionAdvisor'
2020-03-14 21:57:21.048 [main] DEBUG o.s.b.f.s.DefaultListableBeanFactory - Returning cached instance of singleton bean 'org.springframework.boot.autoconfigure.web.servlet.error.ErrorMvcAutoConfiguration$WhitelabelErrorViewConfiguration'
2020-03-14 21:57:21.055 [main] DEBUG o.s.b.f.s.DefaultListableBeanFactory - Eagerly caching bean 'error' to allow for resolving potential circular references
2020-03-14 21:57:21.063 [main] DEBUG o.s.b.f.s.DefaultListableBeanFactory - Returning cached instance of singleton bean 'metaDataSourceAdvisor'
2020-03-14 21:57:21.064 [main] DEBUG o.s.b.f.s.DefaultListableBeanFactory - Returning cached instance of singleton bean 'org.springframework.transaction.config.internalTransactionAdvisor'
2020-03-14 21:57:21.064 [main] DEBUG o.s.b.f.s.DefaultListableBeanFactory - Returning cached instance of singleton bean 'metaDataSourceAdvisor'
2020-03-14 21:57:21.064 [main] DEBUG o.s.b.f.s.DefaultListableBeanFactory - Returning cached instance of singleton bean 'org.springframework.transaction.config.internalTransactionAdvisor'
2020-03-14 21:57:21.065 [main] DEBUG o.s.b.f.s.DefaultListableBeanFactory - Finished creating instance of bean 'error'
2020-03-14 21:57:21.065 [main] DEBUG o.s.b.f.s.DefaultListableBeanFactory - Creating shared instance of singleton bean 'beanNameViewResolver'
2020-03-14 21:57:21.065 [main] DEBUG o.s.b.f.s.DefaultListableBeanFactory - Creating instance of bean 'beanNameViewResolver'
2020-03-14 21:57:21.065 [main] DEBUG o.s.b.f.s.DefaultListableBeanFactory - Returning cached instance of singleton bean 'metaDataSourceAdvisor'
2020-03-14 21:57:21.065 [main] DEBUG o.s.b.f.s.DefaultListableBeanFactory - Returning cached instance of singleton bean 'org.springframework.transaction.config.internalTransactionAdvisor'
2020-03-14 21:57:21.066 [main] DEBUG o.s.b.f.s.DefaultListableBeanFactory - Returning cached instance of singleton bean 'org.springframework.boot.autoconfigure.web.servlet.error.ErrorMvcAutoConfiguration$WhitelabelErrorViewConfiguration'
2020-03-14 21:57:21.066 [main] DEBUG o.s.b.f.s.DefaultListableBeanFactory - Eagerly caching bean 'beanNameViewResolver' to allow for resolving potential circular references
2020-03-14 21:57:21.075 [main] DEBUG o.s.b.f.s.DefaultListableBeanFactory - Returning cached instance of singleton bean 'metaDataSourceAdvisor'
2020-03-14 21:57:21.075 [main] DEBUG o.s.b.f.s.DefaultListableBeanFactory - Returning cached instance of singleton bean 'org.springframework.transaction.config.internalTransactionAdvisor'
2020-03-14 21:57:21.075 [main] DEBUG o.s.b.f.s.DefaultListableBeanFactory - Returning cached instance of singleton bean 'metaDataSourceAdvisor'
2020-03-14 21:57:21.075 [main] DEBUG o.s.b.f.s.DefaultListableBeanFactory - Returning cached instance of singleton bean 'org.springframework.transaction.config.internalTransactionAdvisor'
2020-03-14 21:57:21.078 [main] DEBUG o.s.b.f.s.DefaultListableBeanFactory - Finished creating instance of bean 'beanNameViewResolver'
2020-03-14 21:57:21.078 [main] DEBUG o.s.b.f.s.DefaultListableBeanFactory - Returning cached instance of singleton bean 'org.springframework.boot.autoconfigure.web.servlet.error.ErrorMvcAutoConfiguration$DefaultErrorViewResolverConfiguration'
2020-03-14 21:57:21.078 [main] DEBUG o.s.b.f.s.DefaultListableBeanFactory - Returning cached instance of singleton bean 'conventionErrorViewResolver'
2020-03-14 21:57:21.078 [main] DEBUG o.s.b.f.s.DefaultListableBeanFactory - Returning cached instance of singleton bean 'org.springframework.boot.autoconfigure.web.servlet.error.ErrorMvcAutoConfiguration'
2020-03-14 21:57:21.078 [main] DEBUG o.s.b.f.s.DefaultListableBeanFactory - Creating shared instance of singleton bean 'errorAttributes'
2020-03-14 21:57:21.078 [main] DEBUG o.s.b.f.s.DefaultListableBeanFactory - Creating instance of bean 'errorAttributes'
2020-03-14 21:57:21.078 [main] DEBUG o.s.b.f.s.DefaultListableBeanFactory - Returning cached instance of singleton bean 'metaDataSourceAdvisor'
2020-03-14 21:57:21.078 [main] DEBUG o.s.b.f.s.DefaultListableBeanFactory - Returning cached instance of singleton bean 'org.springframework.transaction.config.internalTransactionAdvisor'
2020-03-14 21:57:21.078 [main] DEBUG o.s.b.f.s.DefaultListableBeanFactory - Returning cached instance of singleton bean 'org.springframework.boot.autoconfigure.web.servlet.error.ErrorMvcAutoConfiguration'
2020-03-14 21:57:21.079 [main] DEBUG o.s.b.f.s.DefaultListableBeanFactory - Eagerly caching bean 'errorAttributes' to allow for resolving potential circular references
2020-03-14 21:57:21.084 [main] DEBUG o.s.b.f.s.DefaultListableBeanFactory - Returning cached instance of singleton bean 'metaDataSourceAdvisor'
2020-03-14 21:57:21.084 [main] DEBUG o.s.b.f.s.DefaultListableBeanFactory - Returning cached instance of singleton bean 'org.springframework.transaction.config.internalTransactionAdvisor'
2020-03-14 21:57:21.084 [main] DEBUG o.s.b.f.s.DefaultListableBeanFactory - Returning cached instance of singleton bean 'metaDataSourceAdvisor'
2020-03-14 21:57:21.084 [main] DEBUG o.s.b.f.s.DefaultListableBeanFactory - Returning cached instance of singleton bean 'org.springframework.transaction.config.internalTransactionAdvisor'
2020-03-14 21:57:21.085 [main] DEBUG o.s.b.f.s.DefaultListableBeanFactory - Finished creating instance of bean 'errorAttributes'
2020-03-14 21:57:21.085 [main] DEBUG o.s.b.f.s.DefaultListableBeanFactory - Creating shared instance of singleton bean 'basicErrorController'
2020-03-14 21:57:21.085 [main] DEBUG o.s.b.f.s.DefaultListableBeanFactory - Creating instance of bean 'basicErrorController'
2020-03-14 21:57:21.085 [main] DEBUG o.s.b.f.s.DefaultListableBeanFactory - Returning cached instance of singleton bean 'metaDataSourceAdvisor'
2020-03-14 21:57:21.085 [main] DEBUG o.s.b.f.s.DefaultListableBeanFactory - Returning cached instance of singleton bean 'org.springframework.transaction.config.internalTransactionAdvisor'
2020-03-14 21:57:21.085 [main] DEBUG o.s.b.f.s.DefaultListableBeanFactory - Returning cached instance of singleton bean 'org.springframework.boot.autoconfigure.web.servlet.error.ErrorMvcAutoConfiguration'
2020-03-14 21:57:21.088 [main] DEBUG o.s.b.f.s.DefaultListableBeanFactory - Returning cached instance of singleton bean 'errorAttributes'
2020-03-14 21:57:21.088 [main] DEBUG o.s.b.f.s.DefaultListableBeanFactory - Autowiring by type from bean name 'basicErrorController' via factory method to bean named 'errorAttributes'
2020-03-14 21:57:21.088 [main] DEBUG o.s.b.f.s.DefaultListableBeanFactory - Eagerly caching bean 'basicErrorController' to allow for resolving potential circular references
2020-03-14 21:57:21.093 [main] DEBUG o.s.b.f.s.DefaultListableBeanFactory - Returning cached instance of singleton bean 'metaDataSourceAdvisor'
2020-03-14 21:57:21.093 [main] DEBUG o.s.b.f.s.DefaultListableBeanFactory - Returning cached instance of singleton bean 'org.springframework.transaction.config.internalTransactionAdvisor'
2020-03-14 21:57:21.093 [main] DEBUG o.s.b.f.s.DefaultListableBeanFactory - Returning cached instance of singleton bean 'metaDataSourceAdvisor'
2020-03-14 21:57:21.093 [main] DEBUG o.s.b.f.s.DefaultListableBeanFactory - Returning cached instance of singleton bean 'org.springframework.transaction.config.internalTransactionAdvisor'
2020-03-14 21:57:21.094 [main] DEBUG o.s.b.f.s.DefaultListableBeanFactory - Finished creating instance of bean 'basicErrorController'
2020-03-14 21:57:21.094 [main] DEBUG o.s.b.f.s.DefaultListableBeanFactory - Returning cached instance of singleton bean 'errorPageCustomizer'
2020-03-14 21:57:21.095 [main] DEBUG o.s.b.f.s.DefaultListableBeanFactory - Returning cached instance of singleton bean 'preserveErrorControllerTargetClassPostProcessor'
2020-03-14 21:57:21.095 [main] DEBUG o.s.b.f.s.DefaultListableBeanFactory - Returning cached instance of singleton bean 'spring.resources-org.springframework.boot.autoconfigure.web.ResourceProperties'
2020-03-14 21:57:21.095 [main] DEBUG o.s.b.f.s.DefaultListableBeanFactory - Returning cached instance of singleton bean 'org.springframework.boot.autoconfigure.security.oauth2.method.OAuth2MethodSecurityConfiguration'
2020-03-14 21:57:21.095 [main] DEBUG o.s.b.f.s.DefaultListableBeanFactory - Creating shared instance of singleton bean 'org.springframework.boot.autoconfigure.security.oauth2.client.OAuth2RestOperationsConfiguration'
2020-03-14 21:57:21.095 [main] DEBUG o.s.b.f.s.DefaultListableBeanFactory - Creating instance of bean 'org.springframework.boot.autoconfigure.security.oauth2.client.OAuth2RestOperationsConfiguration'
2020-03-14 21:57:21.096 [main] DEBUG o.s.b.f.s.DefaultListableBeanFactory - Returning cached instance of singleton bean 'metaDataSourceAdvisor'
2020-03-14 21:57:21.096 [main] DEBUG o.s.b.f.s.DefaultListableBeanFactory - Returning cached instance of singleton bean 'org.springframework.transaction.config.internalTransactionAdvisor'
2020-03-14 21:57:21.096 [main] DEBUG o.s.b.f.s.DefaultListableBeanFactory - Eagerly caching bean 'org.springframework.boot.autoconfigure.security.oauth2.client.OAuth2RestOperationsConfiguration' to allow for resolving potential circular references
2020-03-14 21:57:21.115 [main] DEBUG o.s.b.f.s.DefaultListableBeanFactory - Returning cached instance of singleton bean 'metaDataSourceAdvisor'
2020-03-14 21:57:21.115 [main] DEBUG o.s.b.f.s.DefaultListableBeanFactory - Returning cached instance of singleton bean 'org.springframework.transaction.config.internalTransactionAdvisor'
2020-03-14 21:57:21.115 [main] DEBUG o.s.b.f.s.DefaultListableBeanFactory - Returning cached instance of singleton bean 'metaDataSourceAdvisor'
2020-03-14 21:57:21.115 [main] DEBUG o.s.b.f.s.DefaultListableBeanFactory - Returning cached instance of singleton bean 'org.springframework.transaction.config.internalTransactionAdvisor'
2020-03-14 21:57:21.116 [main] DEBUG o.s.b.f.s.DefaultListableBeanFactory - Finished creating instance of bean 'org.springframework.boot.autoconfigure.security.oauth2.client.OAuth2RestOperationsConfiguration'
2020-03-14 21:57:21.116 [main] DEBUG o.s.b.f.s.DefaultListableBeanFactory - Creating shared instance of singleton bean 'org.springframework.boot.autoconfigure.security.oauth2.OAuth2AutoConfiguration'
2020-03-14 21:57:21.116 [main] DEBUG o.s.b.f.s.DefaultListableBeanFactory - Creating instance of bean 'org.springframework.boot.autoconfigure.security.oauth2.OAuth2AutoConfiguration'
2020-03-14 21:57:21.116 [main] DEBUG o.s.b.f.s.DefaultListableBeanFactory - Returning cached instance of singleton bean 'metaDataSourceAdvisor'
2020-03-14 21:57:21.116 [main] DEBUG o.s.b.f.s.DefaultListableBeanFactory - Returning cached instance of singleton bean 'org.springframework.transaction.config.internalTransactionAdvisor'
2020-03-14 21:57:21.117 [main] DEBUG o.s.c.LocalVariableTableParameterNameDiscoverer - Cannot find '.class' file for class [class org.springframework.boot.autoconfigure.security.oauth2.OAuth2AutoConfiguration$$EnhancerBySpringCGLIB$$58941039] - unable to determine constructor/method parameter names
2020-03-14 21:57:21.120 [main] DEBUG o.s.b.f.s.DefaultListableBeanFactory - Creating shared instance of singleton bean 'security.oauth2.client-org.springframework.boot.autoconfigure.security.oauth2.OAuth2ClientProperties'
2020-03-14 21:57:21.120 [main] DEBUG o.s.b.f.s.DefaultListableBeanFactory - Creating instance of bean 'security.oauth2.client-org.springframework.boot.autoconfigure.security.oauth2.OAuth2ClientProperties'
2020-03-14 21:57:21.120 [main] DEBUG o.s.b.f.s.DefaultListableBeanFactory - Returning cached instance of singleton bean 'metaDataSourceAdvisor'
2020-03-14 21:57:21.120 [main] DEBUG o.s.b.f.s.DefaultListableBeanFactory - Returning cached instance of singleton bean 'org.springframework.transaction.config.internalTransactionAdvisor'
2020-03-14 21:57:21.121 [main] DEBUG o.s.b.f.s.DefaultListableBeanFactory - Eagerly caching bean 'security.oauth2.client-org.springframework.boot.autoconfigure.security.oauth2.OAuth2ClientProperties' to allow for resolving potential circular references
2020-03-14 21:57:21.124 [main] DEBUG o.s.b.f.s.DefaultListableBeanFactory - Returning cached instance of singleton bean 'metaDataSourceAdvisor'
2020-03-14 21:57:21.124 [main] DEBUG o.s.b.f.s.DefaultListableBeanFactory - Returning cached instance of singleton bean 'org.springframework.transaction.config.internalTransactionAdvisor'
2020-03-14 21:57:21.124 [main] DEBUG o.s.b.f.s.DefaultListableBeanFactory - Returning cached instance of singleton bean 'metaDataSourceAdvisor'
2020-03-14 21:57:21.124 [main] DEBUG o.s.b.f.s.DefaultListableBeanFactory - Returning cached instance of singleton bean 'org.springframework.transaction.config.internalTransactionAdvisor'
2020-03-14 21:57:21.125 [main] DEBUG o.s.b.f.s.DefaultListableBeanFactory - Finished creating instance of bean 'security.oauth2.client-org.springframework.boot.autoconfigure.security.oauth2.OAuth2ClientProperties'
2020-03-14 21:57:21.125 [main] DEBUG o.s.b.f.s.DefaultListableBeanFactory - Autowiring by type from bean name 'org.springframework.boot.autoconfigure.security.oauth2.OAuth2AutoConfiguration' via constructor to bean named 'security.oauth2.client-org.springframework.boot.autoconfigure.security.oauth2.OAuth2ClientProperties'
2020-03-14 21:57:21.126 [main] DEBUG o.s.b.f.s.DefaultListableBeanFactory - Eagerly caching bean 'org.springframework.boot.autoconfigure.security.oauth2.OAuth2AutoConfiguration' to allow for resolving potential circular references
2020-03-14 21:57:21.134 [main] DEBUG o.s.b.f.s.DefaultListableBeanFactory - Returning cached instance of singleton bean 'metaDataSourceAdvisor'
2020-03-14 21:57:21.134 [main] DEBUG o.s.b.f.s.DefaultListableBeanFactory - Returning cached instance of singleton bean 'org.springframework.transaction.config.internalTransactionAdvisor'
2020-03-14 21:57:21.134 [main] DEBUG o.s.b.f.s.DefaultListableBeanFactory - Returning cached instance of singleton bean 'metaDataSourceAdvisor'
2020-03-14 21:57:21.135 [main] DEBUG o.s.b.f.s.DefaultListableBeanFactory - Returning cached instance of singleton bean 'org.springframework.transaction.config.internalTransactionAdvisor'
2020-03-14 21:57:21.135 [main] DEBUG o.s.b.f.s.DefaultListableBeanFactory - Finished creating instance of bean 'org.springframework.boot.autoconfigure.security.oauth2.OAuth2AutoConfiguration'
2020-03-14 21:57:21.136 [main] DEBUG o.s.b.f.s.DefaultListableBeanFactory - Creating shared instance of singleton bean 'resourceServerProperties'
2020-03-14 21:57:21.136 [main] DEBUG o.s.b.f.s.DefaultListableBeanFactory - Creating instance of bean 'resourceServerProperties'
2020-03-14 21:57:21.136 [main] DEBUG o.s.b.f.s.DefaultListableBeanFactory - Returning cached instance of singleton bean 'metaDataSourceAdvisor'
2020-03-14 21:57:21.136 [main] DEBUG o.s.b.f.s.DefaultListableBeanFactory - Returning cached instance of singleton bean 'org.springframework.transaction.config.internalTransactionAdvisor'
2020-03-14 21:57:21.136 [main] DEBUG o.s.b.f.s.DefaultListableBeanFactory - Returning cached instance of singleton bean 'org.springframework.boot.autoconfigure.security.oauth2.OAuth2AutoConfiguration'
2020-03-14 21:57:21.140 [main] DEBUG o.s.c.a.CommonAnnotationBeanPostProcessor - Found init method on class [org.springframework.boot.autoconfigure.security.oauth2.resource.ResourceServerProperties]: public void org.springframework.boot.autoconfigure.security.oauth2.resource.ResourceServerProperties.validate()
2020-03-14 21:57:21.140 [main] DEBUG o.s.c.a.CommonAnnotationBeanPostProcessor - Registered init method on class [org.springframework.boot.autoconfigure.security.oauth2.resource.ResourceServerProperties]: org.springframework.beans.factory.annotation.InitDestroyAnnotationBeanPostProcessor$LifecycleElement@ab491916
2020-03-14 21:57:21.141 [main] DEBUG o.s.b.f.s.DefaultListableBeanFactory - Eagerly caching bean 'resourceServerProperties' to allow for resolving potential circular references
2020-03-14 21:57:21.150 [main] DEBUG o.s.c.a.CommonAnnotationBeanPostProcessor - Invoking init method on bean 'resourceServerProperties': public void org.springframework.boot.autoconfigure.security.oauth2.resource.ResourceServerProperties.validate()
2020-03-14 21:57:21.162 [main] DEBUG o.s.b.f.s.DefaultListableBeanFactory - Returning cached instance of singleton bean 'metaDataSourceAdvisor'
2020-03-14 21:57:21.162 [main] DEBUG o.s.b.f.s.DefaultListableBeanFactory - Returning cached instance of singleton bean 'org.springframework.transaction.config.internalTransactionAdvisor'
2020-03-14 21:57:21.163 [main] DEBUG o.s.b.f.s.DefaultListableBeanFactory - Returning cached instance of singleton bean 'metaDataSourceAdvisor'
2020-03-14 21:57:21.163 [main] DEBUG o.s.b.f.s.DefaultListableBeanFactory - Returning cached instance of singleton bean 'org.springframework.transaction.config.internalTransactionAdvisor'
2020-03-14 21:57:21.220 [main] DEBUG o.s.b.f.s.DefaultListableBeanFactory - Finished creating instance of bean 'resourceServerProperties'
2020-03-14 21:57:21.221 [main] DEBUG o.s.b.f.s.DefaultListableBeanFactory - Returning cached instance of singleton bean 'security.oauth2.client-org.springframework.boot.autoconfigure.security.oauth2.OAuth2ClientProperties'
2020-03-14 21:57:21.221 [main] DEBUG o.s.b.f.s.DefaultListableBeanFactory - Creating shared instance of singleton bean 'org.springframework.boot.autoconfigure.web.servlet.WebMvcAutoConfiguration$WebMvcAutoConfigurationAdapter$FaviconConfiguration'
2020-03-14 21:57:21.221 [main] DEBUG o.s.b.f.s.DefaultListableBeanFactory - Creating instance of bean 'org.springframework.boot.autoconfigure.web.servlet.WebMvcAutoConfiguration$WebMvcAutoConfigurationAdapter$FaviconConfiguration'
2020-03-14 21:57:21.221 [main] DEBUG o.s.b.f.s.DefaultListableBeanFactory - Returning cached instance of singleton bean 'metaDataSourceAdvisor'
2020-03-14 21:57:21.221 [main] DEBUG o.s.b.f.s.DefaultListableBeanFactory - Returning cached instance of singleton bean 'org.springframework.transaction.config.internalTransactionAdvisor'
2020-03-14 21:57:21.223 [main] DEBUG o.s.c.LocalVariableTableParameterNameDiscoverer - Cannot find '.class' file for class [class org.springframework.boot.autoconfigure.web.servlet.WebMvcAutoConfiguration$WebMvcAutoConfigurationAdapter$FaviconConfiguration$$EnhancerBySpringCGLIB$$6a7877e4] - unable to determine constructor/method parameter names
2020-03-14 21:57:21.223 [main] DEBUG o.s.b.f.s.DefaultListableBeanFactory - Returning cached instance of singleton bean 'spring.resources-org.springframework.boot.autoconfigure.web.ResourceProperties'
2020-03-14 21:57:21.224 [main] DEBUG o.s.b.f.s.DefaultListableBeanFactory - Autowiring by type from bean name 'org.springframework.boot.autoconfigure.web.servlet.WebMvcAutoConfiguration$WebMvcAutoConfigurationAdapter$FaviconConfiguration' via constructor to bean named 'spring.resources-org.springframework.boot.autoconfigure.web.ResourceProperties'
2020-03-14 21:57:21.224 [main] DEBUG o.s.b.f.s.DefaultListableBeanFactory - Eagerly caching bean 'org.springframework.boot.autoconfigure.web.servlet.WebMvcAutoConfiguration$WebMvcAutoConfigurationAdapter$FaviconConfiguration' to allow for resolving potential circular references
2020-03-14 21:57:21.253 [main] DEBUG o.s.b.f.s.DefaultListableBeanFactory - Returning cached instance of singleton bean 'metaDataSourceAdvisor'
2020-03-14 21:57:21.253 [main] DEBUG o.s.b.f.s.DefaultListableBeanFactory - Returning cached instance of singleton bean 'org.springframework.transaction.config.internalTransactionAdvisor'
2020-03-14 21:57:21.253 [main] DEBUG o.s.b.f.s.DefaultListableBeanFactory - Returning cached instance of singleton bean 'metaDataSourceAdvisor'
2020-03-14 21:57:21.253 [main] DEBUG o.s.b.f.s.DefaultListableBeanFactory - Returning cached instance of singleton bean 'org.springframework.transaction.config.internalTransactionAdvisor'
2020-03-14 21:57:21.261 [main] DEBUG o.s.b.f.s.DefaultListableBeanFactory - Finished creating instance of bean 'org.springframework.boot.autoconfigure.web.servlet.WebMvcAutoConfiguration$WebMvcAutoConfigurationAdapter$FaviconConfiguration'
2020-03-14 21:57:21.261 [main] DEBUG o.s.b.f.s.DefaultListableBeanFactory - Creating shared instance of singleton bean 'faviconHandlerMapping'
2020-03-14 21:57:21.262 [main] DEBUG o.s.b.f.s.DefaultListableBeanFactory - Creating instance of bean 'faviconHandlerMapping'
2020-03-14 21:57:21.262 [main] DEBUG o.s.b.f.s.DefaultListableBeanFactory - Returning cached instance of singleton bean 'metaDataSourceAdvisor'
2020-03-14 21:57:21.262 [main] DEBUG o.s.b.f.s.DefaultListableBeanFactory - Returning cached instance of singleton bean 'org.springframework.transaction.config.internalTransactionAdvisor'
2020-03-14 21:57:21.262 [main] DEBUG o.s.b.f.s.DefaultListableBeanFactory - Returning cached instance of singleton bean 'org.springframework.boot.autoconfigure.web.servlet.WebMvcAutoConfiguration$WebMvcAutoConfigurationAdapter$FaviconConfiguration'
2020-03-14 21:57:21.269 [main] DEBUG o.s.b.f.s.DefaultListableBeanFactory - Creating shared instance of singleton bean 'faviconRequestHandler'
2020-03-14 21:57:21.269 [main] DEBUG o.s.b.f.s.DefaultListableBeanFactory - Creating instance of bean 'faviconRequestHandler'
2020-03-14 21:57:21.269 [main] DEBUG o.s.b.f.s.DefaultListableBeanFactory - Returning cached instance of singleton bean 'metaDataSourceAdvisor'
2020-03-14 21:57:21.269 [main] DEBUG o.s.b.f.s.DefaultListableBeanFactory - Returning cached instance of singleton bean 'org.springframework.transaction.config.internalTransactionAdvisor'
2020-03-14 21:57:21.270 [main] DEBUG o.s.b.f.s.DefaultListableBeanFactory - Returning cached instance of singleton bean 'org.springframework.boot.autoconfigure.web.servlet.WebMvcAutoConfiguration$WebMvcAutoConfigurationAdapter$FaviconConfiguration'
2020-03-14 21:57:21.298 [main] DEBUG o.s.b.f.s.DefaultListableBeanFactory - Eagerly caching bean 'faviconRequestHandler' to allow for resolving potential circular references
2020-03-14 21:57:21.354 [main] DEBUG o.s.b.f.s.DefaultListableBeanFactory - Invoking afterPropertiesSet() on bean with name 'faviconRequestHandler'
2020-03-14 21:57:21.357 [main] DEBUG o.s.b.f.s.DefaultListableBeanFactory - Returning cached instance of singleton bean 'metaDataSourceAdvisor'
2020-03-14 21:57:21.358 [main] DEBUG o.s.b.f.s.DefaultListableBeanFactory - Returning cached instance of singleton bean 'org.springframework.transaction.config.internalTransactionAdvisor'
2020-03-14 21:57:21.358 [main] DEBUG o.s.b.f.s.DefaultListableBeanFactory - Returning cached instance of singleton bean 'metaDataSourceAdvisor'
2020-03-14 21:57:21.358 [main] DEBUG o.s.b.f.s.DefaultListableBeanFactory - Returning cached instance of singleton bean 'org.springframework.transaction.config.internalTransactionAdvisor'
2020-03-14 21:57:21.392 [main] DEBUG o.s.b.f.s.DefaultListableBeanFactory - Finished creating instance of bean 'faviconRequestHandler'
2020-03-14 21:57:21.396 [main] DEBUG o.s.b.f.s.DefaultListableBeanFactory - Eagerly caching bean 'faviconHandlerMapping' to allow for resolving potential circular references
2020-03-14 21:57:21.443 [main] INFO  o.s.w.s.h.SimpleUrlHandlerMapping - Mapped URL path [/**/favicon.ico] onto handler of type [class org.springframework.web.servlet.resource.ResourceHttpRequestHandler]
2020-03-14 21:57:21.444 [main] DEBUG o.s.b.f.s.DefaultListableBeanFactory - Returning cached instance of singleton bean 'metaDataSourceAdvisor'
2020-03-14 21:57:21.444 [main] DEBUG o.s.b.f.s.DefaultListableBeanFactory - Returning cached instance of singleton bean 'org.springframework.transaction.config.internalTransactionAdvisor'
2020-03-14 21:57:21.444 [main] DEBUG o.s.b.f.s.DefaultListableBeanFactory - Returning cached instance of singleton bean 'metaDataSourceAdvisor'
2020-03-14 21:57:21.444 [main] DEBUG o.s.b.f.s.DefaultListableBeanFactory - Returning cached instance of singleton bean 'org.springframework.transaction.config.internalTransactionAdvisor'
2020-03-14 21:57:21.486 [main] DEBUG o.s.b.f.s.DefaultListableBeanFactory - Finished creating instance of bean 'faviconHandlerMapping'
2020-03-14 21:57:21.487 [main] DEBUG o.s.b.f.s.DefaultListableBeanFactory - Returning cached instance of singleton bean 'faviconRequestHandler'
2020-03-14 21:57:21.487 [main] DEBUG o.s.b.f.s.DefaultListableBeanFactory - Returning cached instance of singleton bean 'org.springframework.boot.autoconfigure.web.servlet.WebMvcAutoConfiguration$EnableWebMvcConfiguration'
2020-03-14 21:57:21.488 [main] DEBUG o.s.b.f.s.DefaultListableBeanFactory - Creating shared instance of singleton bean 'requestMappingHandlerAdapter'
2020-03-14 21:57:21.488 [main] DEBUG o.s.b.f.s.DefaultListableBeanFactory - Creating instance of bean 'requestMappingHandlerAdapter'
2020-03-14 21:57:21.488 [main] DEBUG o.s.b.f.s.DefaultListableBeanFactory - Returning cached instance of singleton bean 'metaDataSourceAdvisor'
2020-03-14 21:57:21.488 [main] DEBUG o.s.b.f.s.DefaultListableBeanFactory - Returning cached instance of singleton bean 'org.springframework.transaction.config.internalTransactionAdvisor'
2020-03-14 21:57:21.488 [main] DEBUG o.s.b.f.s.DefaultListableBeanFactory - Returning cached instance of singleton bean 'org.springframework.boot.autoconfigure.web.servlet.WebMvcAutoConfiguration$EnableWebMvcConfiguration'
2020-03-14 21:57:21.530 [main] DEBUG o.s.b.f.s.DefaultListableBeanFactory - Returning cached instance of singleton bean 'mvcContentNegotiationManager'
2020-03-14 21:57:21.535 [main] DEBUG o.s.b.f.s.DefaultListableBeanFactory - Creating shared instance of singleton bean 'messageConverters'
2020-03-14 21:57:21.535 [main] DEBUG o.s.b.f.s.DefaultListableBeanFactory - Creating instance of bean 'messageConverters'
2020-03-14 21:57:21.536 [main] DEBUG o.s.b.f.s.DefaultListableBeanFactory - Returning cached instance of singleton bean 'metaDataSourceAdvisor'
2020-03-14 21:57:21.536 [main] DEBUG o.s.b.f.s.DefaultListableBeanFactory - Returning cached instance of singleton bean 'org.springframework.transaction.config.internalTransactionAdvisor'
2020-03-14 21:57:21.537 [main] DEBUG o.s.b.f.s.DefaultListableBeanFactory - Creating shared instance of singleton bean 'org.springframework.boot.autoconfigure.http.HttpMessageConvertersAutoConfiguration'
2020-03-14 21:57:21.537 [main] DEBUG o.s.b.f.s.DefaultListableBeanFactory - Creating instance of bean 'org.springframework.boot.autoconfigure.http.HttpMessageConvertersAutoConfiguration'
2020-03-14 21:57:21.537 [main] DEBUG o.s.b.f.s.DefaultListableBeanFactory - Returning cached instance of singleton bean 'metaDataSourceAdvisor'
2020-03-14 21:57:21.537 [main] DEBUG o.s.b.f.s.DefaultListableBeanFactory - Returning cached instance of singleton bean 'org.springframework.transaction.config.internalTransactionAdvisor'
2020-03-14 21:57:21.538 [main] DEBUG o.s.c.LocalVariableTableParameterNameDiscoverer - Cannot find '.class' file for class [class org.springframework.boot.autoconfigure.http.HttpMessageConvertersAutoConfiguration$$EnhancerBySpringCGLIB$$bb7e1fcd] - unable to determine constructor/method parameter names
2020-03-14 21:57:21.546 [main] DEBUG o.s.b.f.s.DefaultListableBeanFactory - Creating shared instance of singleton bean 'stringHttpMessageConverter'
2020-03-14 21:57:21.547 [main] DEBUG o.s.b.f.s.DefaultListableBeanFactory - Creating instance of bean 'stringHttpMessageConverter'
2020-03-14 21:57:21.547 [main] DEBUG o.s.b.f.s.DefaultListableBeanFactory - Returning cached instance of singleton bean 'metaDataSourceAdvisor'
2020-03-14 21:57:21.547 [main] DEBUG o.s.b.f.s.DefaultListableBeanFactory - Returning cached instance of singleton bean 'org.springframework.transaction.config.internalTransactionAdvisor'
2020-03-14 21:57:21.547 [main] DEBUG o.s.b.f.s.DefaultListableBeanFactory - Creating shared instance of singleton bean 'org.springframework.boot.autoconfigure.http.HttpMessageConvertersAutoConfiguration$StringHttpMessageConverterConfiguration'
2020-03-14 21:57:21.547 [main] DEBUG o.s.b.f.s.DefaultListableBeanFactory - Creating instance of bean 'org.springframework.boot.autoconfigure.http.HttpMessageConvertersAutoConfiguration$StringHttpMessageConverterConfiguration'
2020-03-14 21:57:21.547 [main] DEBUG o.s.b.f.s.DefaultListableBeanFactory - Returning cached instance of singleton bean 'metaDataSourceAdvisor'
2020-03-14 21:57:21.547 [main] DEBUG o.s.b.f.s.DefaultListableBeanFactory - Returning cached instance of singleton bean 'org.springframework.transaction.config.internalTransactionAdvisor'
2020-03-14 21:57:21.548 [main] DEBUG o.s.c.LocalVariableTableParameterNameDiscoverer - Cannot find '.class' file for class [class org.springframework.boot.autoconfigure.http.HttpMessageConvertersAutoConfiguration$StringHttpMessageConverterConfiguration$$EnhancerBySpringCGLIB$$ee8be66d] - unable to determine constructor/method parameter names
2020-03-14 21:57:21.548 [main] DEBUG o.s.b.f.s.DefaultListableBeanFactory - Returning cached instance of singleton bean 'spring.http.encoding-org.springframework.boot.autoconfigure.http.HttpEncodingProperties'
2020-03-14 21:57:21.548 [main] DEBUG o.s.b.f.s.DefaultListableBeanFactory - Autowiring by type from bean name 'org.springframework.boot.autoconfigure.http.HttpMessageConvertersAutoConfiguration$StringHttpMessageConverterConfiguration' via constructor to bean named 'spring.http.encoding-org.springframework.boot.autoconfigure.http.HttpEncodingProperties'
2020-03-14 21:57:21.549 [main] DEBUG o.s.b.f.s.DefaultListableBeanFactory - Eagerly caching bean 'org.springframework.boot.autoconfigure.http.HttpMessageConvertersAutoConfiguration$StringHttpMessageConverterConfiguration' to allow for resolving potential circular references
2020-03-14 21:57:21.557 [main] DEBUG o.s.b.f.s.DefaultListableBeanFactory - Returning cached instance of singleton bean 'metaDataSourceAdvisor'
2020-03-14 21:57:21.558 [main] DEBUG o.s.b.f.s.DefaultListableBeanFactory - Returning cached instance of singleton bean 'org.springframework.transaction.config.internalTransactionAdvisor'
2020-03-14 21:57:21.558 [main] DEBUG o.s.b.f.s.DefaultListableBeanFactory - Returning cached instance of singleton bean 'metaDataSourceAdvisor'
2020-03-14 21:57:21.558 [main] DEBUG o.s.b.f.s.DefaultListableBeanFactory - Returning cached instance of singleton bean 'org.springframework.transaction.config.internalTransactionAdvisor'
2020-03-14 21:57:21.559 [main] DEBUG o.s.b.f.s.DefaultListableBeanFactory - Finished creating instance of bean 'org.springframework.boot.autoconfigure.http.HttpMessageConvertersAutoConfiguration$StringHttpMessageConverterConfiguration'
2020-03-14 21:57:21.565 [main] DEBUG o.s.b.f.s.DefaultListableBeanFactory - Eagerly caching bean 'stringHttpMessageConverter' to allow for resolving potential circular references
2020-03-14 21:57:21.571 [main] DEBUG o.s.b.f.s.DefaultListableBeanFactory - Returning cached instance of singleton bean 'metaDataSourceAdvisor'
2020-03-14 21:57:21.571 [main] DEBUG o.s.b.f.s.DefaultListableBeanFactory - Returning cached instance of singleton bean 'org.springframework.transaction.config.internalTransactionAdvisor'
2020-03-14 21:57:21.572 [main] DEBUG o.s.b.f.s.DefaultListableBeanFactory - Returning cached instance of singleton bean 'metaDataSourceAdvisor'
2020-03-14 21:57:21.572 [main] DEBUG o.s.b.f.s.DefaultListableBeanFactory - Returning cached instance of singleton bean 'org.springframework.transaction.config.internalTransactionAdvisor'
2020-03-14 21:57:21.574 [main] DEBUG o.s.b.f.s.DefaultListableBeanFactory - Finished creating instance of bean 'stringHttpMessageConverter'
2020-03-14 21:57:21.575 [main] DEBUG o.s.b.f.s.DefaultListableBeanFactory - Creating shared instance of singleton bean 'mappingJackson2HttpMessageConverter'
2020-03-14 21:57:21.575 [main] DEBUG o.s.b.f.s.DefaultListableBeanFactory - Creating instance of bean 'mappingJackson2HttpMessageConverter'
2020-03-14 21:57:21.575 [main] DEBUG o.s.b.f.s.DefaultListableBeanFactory - Returning cached instance of singleton bean 'metaDataSourceAdvisor'
2020-03-14 21:57:21.575 [main] DEBUG o.s.b.f.s.DefaultListableBeanFactory - Returning cached instance of singleton bean 'org.springframework.transaction.config.internalTransactionAdvisor'
2020-03-14 21:57:21.575 [main] DEBUG o.s.b.f.s.DefaultListableBeanFactory - Creating shared instance of singleton bean 'org.springframework.boot.autoconfigure.http.JacksonHttpMessageConvertersConfiguration$MappingJackson2HttpMessageConverterConfiguration'
2020-03-14 21:57:21.575 [main] DEBUG o.s.b.f.s.DefaultListableBeanFactory - Creating instance of bean 'org.springframework.boot.autoconfigure.http.JacksonHttpMessageConvertersConfiguration$MappingJackson2HttpMessageConverterConfiguration'
2020-03-14 21:57:21.575 [main] DEBUG o.s.b.f.s.DefaultListableBeanFactory - Returning cached instance of singleton bean 'metaDataSourceAdvisor'
2020-03-14 21:57:21.575 [main] DEBUG o.s.b.f.s.DefaultListableBeanFactory - Returning cached instance of singleton bean 'org.springframework.transaction.config.internalTransactionAdvisor'
2020-03-14 21:57:21.576 [main] DEBUG o.s.b.f.s.DefaultListableBeanFactory - Eagerly caching bean 'org.springframework.boot.autoconfigure.http.JacksonHttpMessageConvertersConfiguration$MappingJackson2HttpMessageConverterConfiguration' to allow for resolving potential circular references
2020-03-14 21:57:21.597 [main] DEBUG o.s.b.f.s.DefaultListableBeanFactory - Returning cached instance of singleton bean 'metaDataSourceAdvisor'
2020-03-14 21:57:21.597 [main] DEBUG o.s.b.f.s.DefaultListableBeanFactory - Returning cached instance of singleton bean 'org.springframework.transaction.config.internalTransactionAdvisor'
2020-03-14 21:57:21.597 [main] DEBUG o.s.b.f.s.DefaultListableBeanFactory - Returning cached instance of singleton bean 'metaDataSourceAdvisor'
2020-03-14 21:57:21.597 [main] DEBUG o.s.b.f.s.DefaultListableBeanFactory - Returning cached instance of singleton bean 'org.springframework.transaction.config.internalTransactionAdvisor'
2020-03-14 21:57:21.598 [main] DEBUG o.s.b.f.s.DefaultListableBeanFactory - Finished creating instance of bean 'org.springframework.boot.autoconfigure.http.JacksonHttpMessageConvertersConfiguration$MappingJackson2HttpMessageConverterConfiguration'
2020-03-14 21:57:21.602 [main] DEBUG o.s.b.f.s.DefaultListableBeanFactory - Creating shared instance of singleton bean 'jacksonObjectMapper'
2020-03-14 21:57:21.602 [main] DEBUG o.s.b.f.s.DefaultListableBeanFactory - Creating instance of bean 'jacksonObjectMapper'
2020-03-14 21:57:21.602 [main] DEBUG o.s.b.f.s.DefaultListableBeanFactory - Returning cached instance of singleton bean 'metaDataSourceAdvisor'
2020-03-14 21:57:21.602 [main] DEBUG o.s.b.f.s.DefaultListableBeanFactory - Returning cached instance of singleton bean 'org.springframework.transaction.config.internalTransactionAdvisor'
2020-03-14 21:57:21.602 [main] DEBUG o.s.b.f.s.DefaultListableBeanFactory - Creating shared instance of singleton bean 'org.springframework.boot.autoconfigure.jackson.JacksonAutoConfiguration$JacksonObjectMapperConfiguration'
2020-03-14 21:57:21.602 [main] DEBUG o.s.b.f.s.DefaultListableBeanFactory - Creating instance of bean 'org.springframework.boot.autoconfigure.jackson.JacksonAutoConfiguration$JacksonObjectMapperConfiguration'
2020-03-14 21:57:21.602 [main] DEBUG o.s.b.f.s.DefaultListableBeanFactory - Returning cached instance of singleton bean 'metaDataSourceAdvisor'
2020-03-14 21:57:21.602 [main] DEBUG o.s.b.f.s.DefaultListableBeanFactory - Returning cached instance of singleton bean 'org.springframework.transaction.config.internalTransactionAdvisor'
2020-03-14 21:57:21.603 [main] DEBUG o.s.b.f.s.DefaultListableBeanFactory - Eagerly caching bean 'org.springframework.boot.autoconfigure.jackson.JacksonAutoConfiguration$JacksonObjectMapperConfiguration' to allow for resolving potential circular references
2020-03-14 21:57:21.620 [main] DEBUG o.s.b.f.s.DefaultListableBeanFactory - Returning cached instance of singleton bean 'metaDataSourceAdvisor'
2020-03-14 21:57:21.620 [main] DEBUG o.s.b.f.s.DefaultListableBeanFactory - Returning cached instance of singleton bean 'org.springframework.transaction.config.internalTransactionAdvisor'
2020-03-14 21:57:21.620 [main] DEBUG o.s.b.f.s.DefaultListableBeanFactory - Returning cached instance of singleton bean 'metaDataSourceAdvisor'
2020-03-14 21:57:21.620 [main] DEBUG o.s.b.f.s.DefaultListableBeanFactory - Returning cached instance of singleton bean 'org.springframework.transaction.config.internalTransactionAdvisor'
2020-03-14 21:57:21.621 [main] DEBUG o.s.b.f.s.DefaultListableBeanFactory - Finished creating instance of bean 'org.springframework.boot.autoconfigure.jackson.JacksonAutoConfiguration$JacksonObjectMapperConfiguration'
2020-03-14 21:57:21.627 [main] DEBUG o.s.b.f.s.DefaultListableBeanFactory - Creating shared instance of singleton bean 'jacksonObjectMapperBuilder'
2020-03-14 21:57:21.627 [main] DEBUG o.s.b.f.s.DefaultListableBeanFactory - Creating instance of bean 'jacksonObjectMapperBuilder'
2020-03-14 21:57:21.627 [main] DEBUG o.s.b.f.s.DefaultListableBeanFactory - Returning cached instance of singleton bean 'metaDataSourceAdvisor'
2020-03-14 21:57:21.627 [main] DEBUG o.s.b.f.s.DefaultListableBeanFactory - Returning cached instance of singleton bean 'org.springframework.transaction.config.internalTransactionAdvisor'
2020-03-14 21:57:21.627 [main] DEBUG o.s.b.f.s.DefaultListableBeanFactory - Creating shared instance of singleton bean 'org.springframework.boot.autoconfigure.jackson.JacksonAutoConfiguration$JacksonObjectMapperBuilderConfiguration'
2020-03-14 21:57:21.628 [main] DEBUG o.s.b.f.s.DefaultListableBeanFactory - Creating instance of bean 'org.springframework.boot.autoconfigure.jackson.JacksonAutoConfiguration$JacksonObjectMapperBuilderConfiguration'
2020-03-14 21:57:21.628 [main] DEBUG o.s.b.f.s.DefaultListableBeanFactory - Returning cached instance of singleton bean 'metaDataSourceAdvisor'
2020-03-14 21:57:21.628 [main] DEBUG o.s.b.f.s.DefaultListableBeanFactory - Returning cached instance of singleton bean 'org.springframework.transaction.config.internalTransactionAdvisor'
2020-03-14 21:57:21.629 [main] DEBUG o.s.c.LocalVariableTableParameterNameDiscoverer - Cannot find '.class' file for class [class org.springframework.boot.autoconfigure.jackson.JacksonAutoConfiguration$JacksonObjectMapperBuilderConfiguration$$EnhancerBySpringCGLIB$$af2a95e3] - unable to determine constructor/method parameter names
2020-03-14 21:57:21.629 [main] DEBUG o.s.b.f.s.DefaultListableBeanFactory - Autowiring by type from bean name 'org.springframework.boot.autoconfigure.jackson.JacksonAutoConfiguration$JacksonObjectMapperBuilderConfiguration' via constructor to bean named 'org.springframework.web.context.support.GenericWebApplicationContext@1ee4730'
2020-03-14 21:57:21.630 [main] DEBUG o.s.b.f.s.DefaultListableBeanFactory - Eagerly caching bean 'org.springframework.boot.autoconfigure.jackson.JacksonAutoConfiguration$JacksonObjectMapperBuilderConfiguration' to allow for resolving potential circular references
2020-03-14 21:57:21.638 [main] DEBUG o.s.b.f.s.DefaultListableBeanFactory - Returning cached instance of singleton bean 'metaDataSourceAdvisor'
2020-03-14 21:57:21.638 [main] DEBUG o.s.b.f.s.DefaultListableBeanFactory - Returning cached instance of singleton bean 'org.springframework.transaction.config.internalTransactionAdvisor'
2020-03-14 21:57:21.638 [main] DEBUG o.s.b.f.s.DefaultListableBeanFactory - Returning cached instance of singleton bean 'metaDataSourceAdvisor'
2020-03-14 21:57:21.638 [main] DEBUG o.s.b.f.s.DefaultListableBeanFactory - Returning cached instance of singleton bean 'org.springframework.transaction.config.internalTransactionAdvisor'
2020-03-14 21:57:21.639 [main] DEBUG o.s.b.f.s.DefaultListableBeanFactory - Finished creating instance of bean 'org.springframework.boot.autoconfigure.jackson.JacksonAutoConfiguration$JacksonObjectMapperBuilderConfiguration'
2020-03-14 21:57:21.651 [main] DEBUG o.s.b.f.s.DefaultListableBeanFactory - Creating shared instance of singleton bean 'standardJacksonObjectMapperBuilderCustomizer'
2020-03-14 21:57:21.651 [main] DEBUG o.s.b.f.s.DefaultListableBeanFactory - Creating instance of bean 'standardJacksonObjectMapperBuilderCustomizer'
2020-03-14 21:57:21.651 [main] DEBUG o.s.b.f.s.DefaultListableBeanFactory - Returning cached instance of singleton bean 'metaDataSourceAdvisor'
2020-03-14 21:57:21.651 [main] DEBUG o.s.b.f.s.DefaultListableBeanFactory - Returning cached instance of singleton bean 'org.springframework.transaction.config.internalTransactionAdvisor'
2020-03-14 21:57:21.651 [main] DEBUG o.s.b.f.s.DefaultListableBeanFactory - Creating shared instance of singleton bean 'org.springframework.boot.autoconfigure.jackson.JacksonAutoConfiguration$Jackson2ObjectMapperBuilderCustomizerConfiguration'
2020-03-14 21:57:21.651 [main] DEBUG o.s.b.f.s.DefaultListableBeanFactory - Creating instance of bean 'org.springframework.boot.autoconfigure.jackson.JacksonAutoConfiguration$Jackson2ObjectMapperBuilderCustomizerConfiguration'
2020-03-14 21:57:21.651 [main] DEBUG o.s.b.f.s.DefaultListableBeanFactory - Returning cached instance of singleton bean 'metaDataSourceAdvisor'
2020-03-14 21:57:21.652 [main] DEBUG o.s.b.f.s.DefaultListableBeanFactory - Returning cached instance of singleton bean 'org.springframework.transaction.config.internalTransactionAdvisor'
2020-03-14 21:57:21.653 [main] DEBUG o.s.b.f.s.DefaultListableBeanFactory - Eagerly caching bean 'org.springframework.boot.autoconfigure.jackson.JacksonAutoConfiguration$Jackson2ObjectMapperBuilderCustomizerConfiguration' to allow for resolving potential circular references
2020-03-14 21:57:21.668 [main] DEBUG o.s.b.f.s.DefaultListableBeanFactory - Returning cached instance of singleton bean 'metaDataSourceAdvisor'
2020-03-14 21:57:21.668 [main] DEBUG o.s.b.f.s.DefaultListableBeanFactory - Returning cached instance of singleton bean 'org.springframework.transaction.config.internalTransactionAdvisor'
2020-03-14 21:57:21.668 [main] DEBUG o.s.b.f.s.DefaultListableBeanFactory - Returning cached instance of singleton bean 'metaDataSourceAdvisor'
2020-03-14 21:57:21.668 [main] DEBUG o.s.b.f.s.DefaultListableBeanFactory - Returning cached instance of singleton bean 'org.springframework.transaction.config.internalTransactionAdvisor'
2020-03-14 21:57:21.669 [main] DEBUG o.s.b.f.s.DefaultListableBeanFactory - Finished creating instance of bean 'org.springframework.boot.autoconfigure.jackson.JacksonAutoConfiguration$Jackson2ObjectMapperBuilderCustomizerConfiguration'
2020-03-14 21:57:21.675 [main] DEBUG o.s.b.f.s.DefaultListableBeanFactory - Creating shared instance of singleton bean 'spring.jackson-org.springframework.boot.autoconfigure.jackson.JacksonProperties'
2020-03-14 21:57:21.676 [main] DEBUG o.s.b.f.s.DefaultListableBeanFactory - Creating instance of bean 'spring.jackson-org.springframework.boot.autoconfigure.jackson.JacksonProperties'
2020-03-14 21:57:21.676 [main] DEBUG o.s.b.f.s.DefaultListableBeanFactory - Returning cached instance of singleton bean 'metaDataSourceAdvisor'
2020-03-14 21:57:21.676 [main] DEBUG o.s.b.f.s.DefaultListableBeanFactory - Returning cached instance of singleton bean 'org.springframework.transaction.config.internalTransactionAdvisor'
2020-03-14 21:57:21.678 [main] DEBUG o.s.b.f.s.DefaultListableBeanFactory - Eagerly caching bean 'spring.jackson-org.springframework.boot.autoconfigure.jackson.JacksonProperties' to allow for resolving potential circular references
2020-03-14 21:57:21.683 [main] DEBUG o.s.b.f.s.DefaultListableBeanFactory - Returning cached instance of singleton bean 'metaDataSourceAdvisor'
2020-03-14 21:57:21.683 [main] DEBUG o.s.b.f.s.DefaultListableBeanFactory - Returning cached instance of singleton bean 'org.springframework.transaction.config.internalTransactionAdvisor'
2020-03-14 21:57:21.683 [main] DEBUG o.s.b.f.s.DefaultListableBeanFactory - Returning cached instance of singleton bean 'metaDataSourceAdvisor'
2020-03-14 21:57:21.683 [main] DEBUG o.s.b.f.s.DefaultListableBeanFactory - Returning cached instance of singleton bean 'org.springframework.transaction.config.internalTransactionAdvisor'
2020-03-14 21:57:21.683 [main] DEBUG o.s.b.f.s.DefaultListableBeanFactory - Finished creating instance of bean 'spring.jackson-org.springframework.boot.autoconfigure.jackson.JacksonProperties'
2020-03-14 21:57:21.683 [main] DEBUG o.s.b.f.s.DefaultListableBeanFactory - Autowiring by type from bean name 'standardJacksonObjectMapperBuilderCustomizer' via factory method to bean named 'org.springframework.web.context.support.GenericWebApplicationContext@1ee4730'
2020-03-14 21:57:21.683 [main] DEBUG o.s.b.f.s.DefaultListableBeanFactory - Autowiring by type from bean name 'standardJacksonObjectMapperBuilderCustomizer' via factory method to bean named 'spring.jackson-org.springframework.boot.autoconfigure.jackson.JacksonProperties'
2020-03-14 21:57:21.687 [main] DEBUG o.s.b.f.s.DefaultListableBeanFactory - Eagerly caching bean 'standardJacksonObjectMapperBuilderCustomizer' to allow for resolving potential circular references
2020-03-14 21:57:21.699 [main] DEBUG o.s.b.f.s.DefaultListableBeanFactory - Returning cached instance of singleton bean 'metaDataSourceAdvisor'
2020-03-14 21:57:21.699 [main] DEBUG o.s.b.f.s.DefaultListableBeanFactory - Returning cached instance of singleton bean 'org.springframework.transaction.config.internalTransactionAdvisor'
2020-03-14 21:57:21.699 [main] DEBUG o.s.b.f.s.DefaultListableBeanFactory - Returning cached instance of singleton bean 'metaDataSourceAdvisor'
2020-03-14 21:57:21.699 [main] DEBUG o.s.b.f.s.DefaultListableBeanFactory - Returning cached instance of singleton bean 'org.springframework.transaction.config.internalTransactionAdvisor'
2020-03-14 21:57:21.701 [main] DEBUG o.s.b.f.s.DefaultListableBeanFactory - Finished creating instance of bean 'standardJacksonObjectMapperBuilderCustomizer'
2020-03-14 21:57:21.701 [main] DEBUG o.s.b.f.s.DefaultListableBeanFactory - Autowiring by type from bean name 'jacksonObjectMapperBuilder' via factory method to bean named 'standardJacksonObjectMapperBuilderCustomizer'
2020-03-14 21:57:21.709 [main] DEBUG o.s.b.f.s.DefaultListableBeanFactory - Returning cached instance of singleton bean 'swagger2Module'
2020-03-14 21:57:21.709 [main] DEBUG o.s.b.f.s.DefaultListableBeanFactory - Creating shared instance of singleton bean 'parameterNamesModule'
2020-03-14 21:57:21.709 [main] DEBUG o.s.b.f.s.DefaultListableBeanFactory - Creating instance of bean 'parameterNamesModule'
2020-03-14 21:57:21.709 [main] DEBUG o.s.b.f.s.DefaultListableBeanFactory - Returning cached instance of singleton bean 'metaDataSourceAdvisor'
2020-03-14 21:57:21.711 [main] DEBUG o.s.b.f.s.DefaultListableBeanFactory - Returning cached instance of singleton bean 'org.springframework.transaction.config.internalTransactionAdvisor'
2020-03-14 21:57:21.714 [main] DEBUG o.s.b.f.s.DefaultListableBeanFactory - Creating shared instance of singleton bean 'org.springframework.boot.autoconfigure.jackson.JacksonAutoConfiguration$ParameterNamesModuleConfiguration'
2020-03-14 21:57:21.714 [main] DEBUG o.s.b.f.s.DefaultListableBeanFactory - Creating instance of bean 'org.springframework.boot.autoconfigure.jackson.JacksonAutoConfiguration$ParameterNamesModuleConfiguration'
2020-03-14 21:57:21.714 [main] DEBUG o.s.b.f.s.DefaultListableBeanFactory - Returning cached instance of singleton bean 'metaDataSourceAdvisor'
2020-03-14 21:57:21.714 [main] DEBUG o.s.b.f.s.DefaultListableBeanFactory - Returning cached instance of singleton bean 'org.springframework.transaction.config.internalTransactionAdvisor'
2020-03-14 21:57:21.718 [main] DEBUG o.s.b.f.s.DefaultListableBeanFactory - Eagerly caching bean 'org.springframework.boot.autoconfigure.jackson.JacksonAutoConfiguration$ParameterNamesModuleConfiguration' to allow for resolving potential circular references
2020-03-14 21:57:21.734 [main] DEBUG o.s.b.f.s.DefaultListableBeanFactory - Returning cached instance of singleton bean 'metaDataSourceAdvisor'
2020-03-14 21:57:21.734 [main] DEBUG o.s.b.f.s.DefaultListableBeanFactory - Returning cached instance of singleton bean 'org.springframework.transaction.config.internalTransactionAdvisor'
2020-03-14 21:57:21.734 [main] DEBUG o.s.b.f.s.DefaultListableBeanFactory - Returning cached instance of singleton bean 'metaDataSourceAdvisor'
2020-03-14 21:57:21.734 [main] DEBUG o.s.b.f.s.DefaultListableBeanFactory - Returning cached instance of singleton bean 'org.springframework.transaction.config.internalTransactionAdvisor'
2020-03-14 21:57:21.736 [main] DEBUG o.s.b.f.s.DefaultListableBeanFactory - Finished creating instance of bean 'org.springframework.boot.autoconfigure.jackson.JacksonAutoConfiguration$ParameterNamesModuleConfiguration'
2020-03-14 21:57:21.746 [main] DEBUG o.s.b.f.s.DefaultListableBeanFactory - Eagerly caching bean 'parameterNamesModule' to allow for resolving potential circular references
2020-03-14 21:57:21.751 [main] DEBUG o.s.b.f.s.DefaultListableBeanFactory - Returning cached instance of singleton bean 'metaDataSourceAdvisor'
2020-03-14 21:57:21.751 [main] DEBUG o.s.b.f.s.DefaultListableBeanFactory - Returning cached instance of singleton bean 'org.springframework.transaction.config.internalTransactionAdvisor'
2020-03-14 21:57:21.751 [main] DEBUG o.s.b.f.s.DefaultListableBeanFactory - Returning cached instance of singleton bean 'metaDataSourceAdvisor'
2020-03-14 21:57:21.751 [main] DEBUG o.s.b.f.s.DefaultListableBeanFactory - Returning cached instance of singleton bean 'org.springframework.transaction.config.internalTransactionAdvisor'
2020-03-14 21:57:21.757 [main] DEBUG o.s.b.f.s.DefaultListableBeanFactory - Finished creating instance of bean 'parameterNamesModule'
2020-03-14 21:57:21.758 [main] DEBUG o.s.b.f.s.DefaultListableBeanFactory - Creating shared instance of singleton bean 'jsonComponentModule'
2020-03-14 21:57:21.758 [main] DEBUG o.s.b.f.s.DefaultListableBeanFactory - Creating instance of bean 'jsonComponentModule'
2020-03-14 21:57:21.758 [main] DEBUG o.s.b.f.s.DefaultListableBeanFactory - Returning cached instance of singleton bean 'metaDataSourceAdvisor'
2020-03-14 21:57:21.758 [main] DEBUG o.s.b.f.s.DefaultListableBeanFactory - Returning cached instance of singleton bean 'org.springframework.transaction.config.internalTransactionAdvisor'
2020-03-14 21:57:21.758 [main] DEBUG o.s.b.f.s.DefaultListableBeanFactory - Creating shared instance of singleton bean 'org.springframework.boot.autoconfigure.jackson.JacksonAutoConfiguration'
2020-03-14 21:57:21.758 [main] DEBUG o.s.b.f.s.DefaultListableBeanFactory - Creating instance of bean 'org.springframework.boot.autoconfigure.jackson.JacksonAutoConfiguration'
2020-03-14 21:57:21.759 [main] DEBUG o.s.b.f.s.DefaultListableBeanFactory - Returning cached instance of singleton bean 'metaDataSourceAdvisor'
2020-03-14 21:57:21.759 [main] DEBUG o.s.b.f.s.DefaultListableBeanFactory - Returning cached instance of singleton bean 'org.springframework.transaction.config.internalTransactionAdvisor'
2020-03-14 21:57:21.759 [main] DEBUG o.s.b.f.s.DefaultListableBeanFactory - Eagerly caching bean 'org.springframework.boot.autoconfigure.jackson.JacksonAutoConfiguration' to allow for resolving potential circular references
2020-03-14 21:57:21.767 [main] DEBUG o.s.b.f.s.DefaultListableBeanFactory - Returning cached instance of singleton bean 'metaDataSourceAdvisor'
2020-03-14 21:57:21.767 [main] DEBUG o.s.b.f.s.DefaultListableBeanFactory - Returning cached instance of singleton bean 'org.springframework.transaction.config.internalTransactionAdvisor'
2020-03-14 21:57:21.767 [main] DEBUG o.s.b.f.s.DefaultListableBeanFactory - Returning cached instance of singleton bean 'metaDataSourceAdvisor'
2020-03-14 21:57:21.767 [main] DEBUG o.s.b.f.s.DefaultListableBeanFactory - Returning cached instance of singleton bean 'org.springframework.transaction.config.internalTransactionAdvisor'
2020-03-14 21:57:21.767 [main] DEBUG o.s.b.f.s.DefaultListableBeanFactory - Finished creating instance of bean 'org.springframework.boot.autoconfigure.jackson.JacksonAutoConfiguration'
2020-03-14 21:57:21.770 [main] DEBUG o.s.c.a.CommonAnnotationBeanPostProcessor - Found init method on class [org.springframework.boot.jackson.JsonComponentModule]: public void org.springframework.boot.jackson.JsonComponentModule.registerJsonComponents()
2020-03-14 21:57:21.770 [main] DEBUG o.s.c.a.CommonAnnotationBeanPostProcessor - Registered init method on class [org.springframework.boot.jackson.JsonComponentModule]: org.springframework.beans.factory.annotation.InitDestroyAnnotationBeanPostProcessor$LifecycleElement@65126ba1
2020-03-14 21:57:21.770 [main] DEBUG o.s.b.f.s.DefaultListableBeanFactory - Eagerly caching bean 'jsonComponentModule' to allow for resolving potential circular references
2020-03-14 21:57:21.779 [main] DEBUG o.s.c.a.CommonAnnotationBeanPostProcessor - Invoking init method on bean 'jsonComponentModule': public void org.springframework.boot.jackson.JsonComponentModule.registerJsonComponents()
2020-03-14 21:57:21.799 [main] DEBUG o.s.b.f.s.DefaultListableBeanFactory - Returning cached instance of singleton bean 'metaDataSourceAdvisor'
2020-03-14 21:57:21.799 [main] DEBUG o.s.b.f.s.DefaultListableBeanFactory - Returning cached instance of singleton bean 'org.springframework.transaction.config.internalTransactionAdvisor'
2020-03-14 21:57:21.799 [main] DEBUG o.s.b.f.s.DefaultListableBeanFactory - Returning cached instance of singleton bean 'metaDataSourceAdvisor'
2020-03-14 21:57:21.799 [main] DEBUG o.s.b.f.s.DefaultListableBeanFactory - Returning cached instance of singleton bean 'org.springframework.transaction.config.internalTransactionAdvisor'
2020-03-14 21:57:21.817 [main] DEBUG o.s.b.f.s.DefaultListableBeanFactory - Finished creating instance of bean 'jsonComponentModule'
2020-03-14 21:57:21.817 [main] DEBUG o.s.b.f.s.DefaultListableBeanFactory - Creating shared instance of singleton bean 'jacksonGeoModule'
2020-03-14 21:57:21.817 [main] DEBUG o.s.b.f.s.DefaultListableBeanFactory - Creating instance of bean 'jacksonGeoModule'
2020-03-14 21:57:21.817 [main] DEBUG o.s.b.f.s.DefaultListableBeanFactory - Returning cached instance of singleton bean 'metaDataSourceAdvisor'
2020-03-14 21:57:21.817 [main] DEBUG o.s.b.f.s.DefaultListableBeanFactory - Returning cached instance of singleton bean 'org.springframework.transaction.config.internalTransactionAdvisor'
2020-03-14 21:57:21.817 [main] DEBUG o.s.b.f.s.DefaultListableBeanFactory - Creating shared instance of singleton bean 'org.springframework.data.web.config.SpringDataJacksonConfiguration'
2020-03-14 21:57:21.817 [main] DEBUG o.s.b.f.s.DefaultListableBeanFactory - Creating instance of bean 'org.springframework.data.web.config.SpringDataJacksonConfiguration'
2020-03-14 21:57:21.817 [main] DEBUG o.s.b.f.s.DefaultListableBeanFactory - Returning cached instance of singleton bean 'metaDataSourceAdvisor'
2020-03-14 21:57:21.817 [main] DEBUG o.s.b.f.s.DefaultListableBeanFactory - Returning cached instance of singleton bean 'org.springframework.transaction.config.internalTransactionAdvisor'
2020-03-14 21:57:21.818 [main] DEBUG o.s.b.f.s.DefaultListableBeanFactory - Eagerly caching bean 'org.springframework.data.web.config.SpringDataJacksonConfiguration' to allow for resolving potential circular references
2020-03-14 21:57:21.822 [main] DEBUG o.s.b.f.s.DefaultListableBeanFactory - Returning cached instance of singleton bean 'metaDataSourceAdvisor'
2020-03-14 21:57:21.823 [main] DEBUG o.s.b.f.s.DefaultListableBeanFactory - Returning cached instance of singleton bean 'org.springframework.transaction.config.internalTransactionAdvisor'
2020-03-14 21:57:21.823 [main] DEBUG o.s.b.f.s.DefaultListableBeanFactory - Returning cached instance of singleton bean 'metaDataSourceAdvisor'
2020-03-14 21:57:21.823 [main] DEBUG o.s.b.f.s.DefaultListableBeanFactory - Returning cached instance of singleton bean 'org.springframework.transaction.config.internalTransactionAdvisor'
2020-03-14 21:57:21.823 [main] DEBUG o.s.b.f.s.DefaultListableBeanFactory - Finished creating instance of bean 'org.springframework.data.web.config.SpringDataJacksonConfiguration'
2020-03-14 21:57:21.829 [main] DEBUG o.s.b.f.s.DefaultListableBeanFactory - Eagerly caching bean 'jacksonGeoModule' to allow for resolving potential circular references
2020-03-14 21:57:21.842 [main] DEBUG o.s.b.f.s.DefaultListableBeanFactory - Returning cached instance of singleton bean 'metaDataSourceAdvisor'
2020-03-14 21:57:21.842 [main] DEBUG o.s.b.f.s.DefaultListableBeanFactory - Returning cached instance of singleton bean 'org.springframework.transaction.config.internalTransactionAdvisor'
2020-03-14 21:57:21.842 [main] DEBUG o.s.b.f.s.DefaultListableBeanFactory - Returning cached instance of singleton bean 'metaDataSourceAdvisor'
2020-03-14 21:57:21.842 [main] DEBUG o.s.b.f.s.DefaultListableBeanFactory - Returning cached instance of singleton bean 'org.springframework.transaction.config.internalTransactionAdvisor'
2020-03-14 21:57:21.850 [main] DEBUG o.s.b.f.s.DefaultListableBeanFactory - Finished creating instance of bean 'jacksonGeoModule'
2020-03-14 21:57:21.850 [main] DEBUG o.s.b.f.s.DefaultListableBeanFactory - Creating shared instance of singleton bean 'geoJsonModule'
2020-03-14 21:57:21.850 [main] DEBUG o.s.b.f.s.DefaultListableBeanFactory - Creating instance of bean 'geoJsonModule'
2020-03-14 21:57:21.851 [main] DEBUG o.s.b.f.s.DefaultListableBeanFactory - Returning cached instance of singleton bean 'metaDataSourceAdvisor'
2020-03-14 21:57:21.851 [main] DEBUG o.s.b.f.s.DefaultListableBeanFactory - Returning cached instance of singleton bean 'org.springframework.transaction.config.internalTransactionAdvisor'
2020-03-14 21:57:21.852 [main] DEBUG o.s.b.f.s.DefaultListableBeanFactory - Creating shared instance of singleton bean 'org.springframework.data.mongodb.config.GeoJsonConfiguration'
2020-03-14 21:57:21.852 [main] DEBUG o.s.b.f.s.DefaultListableBeanFactory - Creating instance of bean 'org.springframework.data.mongodb.config.GeoJsonConfiguration'
2020-03-14 21:57:21.852 [main] DEBUG o.s.b.f.s.DefaultListableBeanFactory - Returning cached instance of singleton bean 'metaDataSourceAdvisor'
2020-03-14 21:57:21.853 [main] DEBUG o.s.b.f.s.DefaultListableBeanFactory - Returning cached instance of singleton bean 'org.springframework.transaction.config.internalTransactionAdvisor'
2020-03-14 21:57:21.854 [main] DEBUG o.s.b.f.s.DefaultListableBeanFactory - Eagerly caching bean 'org.springframework.data.mongodb.config.GeoJsonConfiguration' to allow for resolving potential circular references
2020-03-14 21:57:21.866 [main] DEBUG o.s.b.f.s.DefaultListableBeanFactory - Returning cached instance of singleton bean 'metaDataSourceAdvisor'
2020-03-14 21:57:21.867 [main] DEBUG o.s.b.f.s.DefaultListableBeanFactory - Returning cached instance of singleton bean 'org.springframework.transaction.config.internalTransactionAdvisor'
2020-03-14 21:57:21.867 [main] DEBUG o.s.b.f.s.DefaultListableBeanFactory - Returning cached instance of singleton bean 'metaDataSourceAdvisor'
2020-03-14 21:57:21.867 [main] DEBUG o.s.b.f.s.DefaultListableBeanFactory - Returning cached instance of singleton bean 'org.springframework.transaction.config.internalTransactionAdvisor'
2020-03-14 21:57:21.867 [main] DEBUG o.s.b.f.s.DefaultListableBeanFactory - Finished creating instance of bean 'org.springframework.data.mongodb.config.GeoJsonConfiguration'
2020-03-14 21:57:21.877 [main] DEBUG o.s.b.f.s.DefaultListableBeanFactory - Eagerly caching bean 'geoJsonModule' to allow for resolving potential circular references
2020-03-14 21:57:21.881 [main] DEBUG o.s.b.f.s.DefaultListableBeanFactory - Returning cached instance of singleton bean 'metaDataSourceAdvisor'
2020-03-14 21:57:21.881 [main] DEBUG o.s.b.f.s.DefaultListableBeanFactory - Returning cached instance of singleton bean 'org.springframework.transaction.config.internalTransactionAdvisor'
2020-03-14 21:57:21.881 [main] DEBUG o.s.b.f.s.DefaultListableBeanFactory - Returning cached instance of singleton bean 'metaDataSourceAdvisor'
2020-03-14 21:57:21.881 [main] DEBUG o.s.b.f.s.DefaultListableBeanFactory - Returning cached instance of singleton bean 'org.springframework.transaction.config.internalTransactionAdvisor'
2020-03-14 21:57:21.886 [main] DEBUG o.s.b.f.s.DefaultListableBeanFactory - Finished creating instance of bean 'geoJsonModule'
2020-03-14 21:57:21.887 [main] DEBUG o.s.b.f.s.DefaultListableBeanFactory - Eagerly caching bean 'jacksonObjectMapperBuilder' to allow for resolving potential circular references
2020-03-14 21:57:21.893 [main] DEBUG o.s.b.f.s.DefaultListableBeanFactory - Returning cached instance of singleton bean 'metaDataSourceAdvisor'
2020-03-14 21:57:21.893 [main] DEBUG o.s.b.f.s.DefaultListableBeanFactory - Returning cached instance of singleton bean 'org.springframework.transaction.config.internalTransactionAdvisor'
2020-03-14 21:57:21.893 [main] DEBUG o.s.b.f.s.DefaultListableBeanFactory - Returning cached instance of singleton bean 'metaDataSourceAdvisor'
2020-03-14 21:57:21.893 [main] DEBUG o.s.b.f.s.DefaultListableBeanFactory - Returning cached instance of singleton bean 'org.springframework.transaction.config.internalTransactionAdvisor'
2020-03-14 21:57:21.895 [main] DEBUG o.s.b.f.s.DefaultListableBeanFactory - Finished creating instance of bean 'jacksonObjectMapperBuilder'
2020-03-14 21:57:21.895 [main] DEBUG o.s.b.f.s.DefaultListableBeanFactory - Autowiring by type from bean name 'jacksonObjectMapper' via factory method to bean named 'jacksonObjectMapperBuilder'
2020-03-14 21:57:21.947 [main] DEBUG o.s.b.f.s.DefaultListableBeanFactory - Eagerly caching bean 'jacksonObjectMapper' to allow for resolving potential circular references
2020-03-14 21:57:21.970 [main] DEBUG o.s.b.f.s.DefaultListableBeanFactory - Returning cached instance of singleton bean 'metaDataSourceAdvisor'
2020-03-14 21:57:21.971 [main] DEBUG o.s.b.f.s.DefaultListableBeanFactory - Returning cached instance of singleton bean 'org.springframework.transaction.config.internalTransactionAdvisor'
2020-03-14 21:57:21.971 [main] DEBUG o.s.b.f.s.DefaultListableBeanFactory - Returning cached instance of singleton bean 'metaDataSourceAdvisor'
2020-03-14 21:57:21.971 [main] DEBUG o.s.b.f.s.DefaultListableBeanFactory - Returning cached instance of singleton bean 'org.springframework.transaction.config.internalTransactionAdvisor'
2020-03-14 21:57:22.036 [main] DEBUG o.s.b.f.s.DefaultListableBeanFactory - Finished creating instance of bean 'jacksonObjectMapper'
2020-03-14 21:57:22.036 [main] DEBUG o.s.b.f.s.DefaultListableBeanFactory - Autowiring by type from bean name 'mappingJackson2HttpMessageConverter' via factory method to bean named 'jacksonObjectMapper'
2020-03-14 21:57:22.050 [main] DEBUG o.s.b.f.s.DefaultListableBeanFactory - Eagerly caching bean 'mappingJackson2HttpMessageConverter' to allow for resolving potential circular references
2020-03-14 21:57:22.067 [main] DEBUG o.s.b.f.s.DefaultListableBeanFactory - Returning cached instance of singleton bean 'metaDataSourceAdvisor'
2020-03-14 21:57:22.067 [main] DEBUG o.s.b.f.s.DefaultListableBeanFactory - Returning cached instance of singleton bean 'org.springframework.transaction.config.internalTransactionAdvisor'
2020-03-14 21:57:22.067 [main] DEBUG o.s.b.f.s.DefaultListableBeanFactory - Returning cached instance of singleton bean 'metaDataSourceAdvisor'
2020-03-14 21:57:22.067 [main] DEBUG o.s.b.f.s.DefaultListableBeanFactory - Returning cached instance of singleton bean 'org.springframework.transaction.config.internalTransactionAdvisor'
2020-03-14 21:57:22.077 [main] DEBUG o.s.b.f.s.DefaultListableBeanFactory - Finished creating instance of bean 'mappingJackson2HttpMessageConverter'
2020-03-14 21:57:22.078 [main] DEBUG o.s.b.f.s.DefaultListableBeanFactory - Eagerly caching bean 'org.springframework.boot.autoconfigure.http.HttpMessageConvertersAutoConfiguration' to allow for resolving potential circular references
2020-03-14 21:57:22.084 [main] DEBUG o.s.b.f.s.DefaultListableBeanFactory - Returning cached instance of singleton bean 'metaDataSourceAdvisor'
2020-03-14 21:57:22.084 [main] DEBUG o.s.b.f.s.DefaultListableBeanFactory - Returning cached instance of singleton bean 'org.springframework.transaction.config.internalTransactionAdvisor'
2020-03-14 21:57:22.084 [main] DEBUG o.s.b.f.s.DefaultListableBeanFactory - Returning cached instance of singleton bean 'metaDataSourceAdvisor'
2020-03-14 21:57:22.084 [main] DEBUG o.s.b.f.s.DefaultListableBeanFactory - Returning cached instance of singleton bean 'org.springframework.transaction.config.internalTransactionAdvisor'
2020-03-14 21:57:22.085 [main] DEBUG o.s.b.f.s.DefaultListableBeanFactory - Finished creating instance of bean 'org.springframework.boot.autoconfigure.http.HttpMessageConvertersAutoConfiguration'
2020-03-14 21:57:22.098 [main] DEBUG o.s.b.f.s.DefaultListableBeanFactory - Eagerly caching bean 'messageConverters' to allow for resolving potential circular references
2020-03-14 21:57:22.102 [main] DEBUG o.s.b.f.s.DefaultListableBeanFactory - Returning cached instance of singleton bean 'metaDataSourceAdvisor'
2020-03-14 21:57:22.102 [main] DEBUG o.s.b.f.s.DefaultListableBeanFactory - Returning cached instance of singleton bean 'org.springframework.transaction.config.internalTransactionAdvisor'
2020-03-14 21:57:22.102 [main] DEBUG o.s.b.f.s.DefaultListableBeanFactory - Returning cached instance of singleton bean 'metaDataSourceAdvisor'
2020-03-14 21:57:22.102 [main] DEBUG o.s.b.f.s.DefaultListableBeanFactory - Returning cached instance of singleton bean 'org.springframework.transaction.config.internalTransactionAdvisor'
2020-03-14 21:57:22.102 [main] DEBUG o.s.b.f.s.DefaultListableBeanFactory - Finished creating instance of bean 'messageConverters'
2020-03-14 21:57:22.120 [main] DEBUG o.s.b.f.s.DefaultListableBeanFactory - Returning cached instance of singleton bean 'jacksonObjectMapper'
2020-03-14 21:57:22.234 [main] DEBUG o.s.b.f.s.DefaultListableBeanFactory - Returning cached instance of singleton bean 'mvcConversionService'
2020-03-14 21:57:22.234 [main] DEBUG o.s.b.f.s.DefaultListableBeanFactory - Creating shared instance of singleton bean 'mvcValidator'
2020-03-14 21:57:22.234 [main] DEBUG o.s.b.f.s.DefaultListableBeanFactory - Creating instance of bean 'mvcValidator'
2020-03-14 21:57:22.234 [main] DEBUG o.s.b.f.s.DefaultListableBeanFactory - Returning cached instance of singleton bean 'metaDataSourceAdvisor'
2020-03-14 21:57:22.234 [main] DEBUG o.s.b.f.s.DefaultListableBeanFactory - Returning cached instance of singleton bean 'org.springframework.transaction.config.internalTransactionAdvisor'
2020-03-14 21:57:22.234 [main] DEBUG o.s.b.f.s.DefaultListableBeanFactory - Returning cached instance of singleton bean 'org.springframework.boot.autoconfigure.web.servlet.WebMvcAutoConfiguration$EnableWebMvcConfiguration'
2020-03-14 21:57:22.238 [main] DEBUG o.s.b.f.s.DefaultListableBeanFactory - Returning cached instance of singleton bean 'defaultValidator'
2020-03-14 21:57:22.238 [main] DEBUG o.s.b.f.s.DefaultListableBeanFactory - Eagerly caching bean 'mvcValidator' to allow for resolving potential circular references
2020-03-14 21:57:22.253 [main] DEBUG o.s.b.f.s.DefaultListableBeanFactory - Invoking afterPropertiesSet() on bean with name 'mvcValidator'
2020-03-14 21:57:22.253 [main] DEBUG o.s.b.f.s.DefaultListableBeanFactory - Returning cached instance of singleton bean 'metaDataSourceAdvisor'
2020-03-14 21:57:22.253 [main] DEBUG o.s.b.f.s.DefaultListableBeanFactory - Returning cached instance of singleton bean 'org.springframework.transaction.config.internalTransactionAdvisor'
2020-03-14 21:57:22.253 [main] DEBUG o.s.b.f.s.DefaultListableBeanFactory - Returning cached instance of singleton bean 'metaDataSourceAdvisor'
2020-03-14 21:57:22.253 [main] DEBUG o.s.b.f.s.DefaultListableBeanFactory - Returning cached instance of singleton bean 'org.springframework.transaction.config.internalTransactionAdvisor'
2020-03-14 21:57:22.254 [main] DEBUG o.s.b.f.s.DefaultListableBeanFactory - Finished creating instance of bean 'mvcValidator'
2020-03-14 21:57:22.254 [main] DEBUG o.s.b.f.s.DefaultListableBeanFactory - Creating shared instance of singleton bean 'sortResolver'
2020-03-14 21:57:22.254 [main] DEBUG o.s.b.f.s.DefaultListableBeanFactory - Creating instance of bean 'sortResolver'
2020-03-14 21:57:22.254 [main] DEBUG o.s.b.f.s.DefaultListableBeanFactory - Returning cached instance of singleton bean 'metaDataSourceAdvisor'
2020-03-14 21:57:22.254 [main] DEBUG o.s.b.f.s.DefaultListableBeanFactory - Returning cached instance of singleton bean 'org.springframework.transaction.config.internalTransactionAdvisor'
2020-03-14 21:57:22.254 [main] DEBUG o.s.b.f.s.DefaultListableBeanFactory - Returning cached instance of singleton bean 'org.springframework.data.web.config.SpringDataWebConfiguration'
2020-03-14 21:57:22.269 [main] DEBUG o.s.b.f.s.DefaultListableBeanFactory - Eagerly caching bean 'sortResolver' to allow for resolving potential circular references
2020-03-14 21:57:22.273 [main] DEBUG o.s.b.f.s.DefaultListableBeanFactory - Returning cached instance of singleton bean 'metaDataSourceAdvisor'
2020-03-14 21:57:22.273 [main] DEBUG o.s.b.f.s.DefaultListableBeanFactory - Returning cached instance of singleton bean 'org.springframework.transaction.config.internalTransactionAdvisor'
2020-03-14 21:57:22.273 [main] DEBUG o.s.b.f.s.DefaultListableBeanFactory - Returning cached instance of singleton bean 'metaDataSourceAdvisor'
2020-03-14 21:57:22.273 [main] DEBUG o.s.b.f.s.DefaultListableBeanFactory - Returning cached instance of singleton bean 'org.springframework.transaction.config.internalTransactionAdvisor'
2020-03-14 21:57:22.280 [main] DEBUG o.s.b.f.s.DefaultListableBeanFactory - Finished creating instance of bean 'sortResolver'
2020-03-14 21:57:22.280 [main] DEBUG o.s.b.f.s.DefaultListableBeanFactory - Creating shared instance of singleton bean 'pageableResolver'
2020-03-14 21:57:22.280 [main] DEBUG o.s.b.f.s.DefaultListableBeanFactory - Creating instance of bean 'pageableResolver'
2020-03-14 21:57:22.280 [main] DEBUG o.s.b.f.s.DefaultListableBeanFactory - Returning cached instance of singleton bean 'metaDataSourceAdvisor'
2020-03-14 21:57:22.280 [main] DEBUG o.s.b.f.s.DefaultListableBeanFactory - Returning cached instance of singleton bean 'org.springframework.transaction.config.internalTransactionAdvisor'
2020-03-14 21:57:22.280 [main] DEBUG o.s.b.f.s.DefaultListableBeanFactory - Returning cached instance of singleton bean 'org.springframework.data.web.config.SpringDataWebConfiguration'
2020-03-14 21:57:22.283 [main] DEBUG o.s.b.f.s.DefaultListableBeanFactory - Returning cached instance of singleton bean 'sortResolver'
2020-03-14 21:57:22.285 [main] DEBUG o.s.b.f.s.DefaultListableBeanFactory - Eagerly caching bean 'pageableResolver' to allow for resolving potential circular references
2020-03-14 21:57:22.290 [main] DEBUG o.s.b.f.s.DefaultListableBeanFactory - Returning cached instance of singleton bean 'metaDataSourceAdvisor'
2020-03-14 21:57:22.290 [main] DEBUG o.s.b.f.s.DefaultListableBeanFactory - Returning cached instance of singleton bean 'org.springframework.transaction.config.internalTransactionAdvisor'
2020-03-14 21:57:22.290 [main] DEBUG o.s.b.f.s.DefaultListableBeanFactory - Returning cached instance of singleton bean 'metaDataSourceAdvisor'
2020-03-14 21:57:22.290 [main] DEBUG o.s.b.f.s.DefaultListableBeanFactory - Returning cached instance of singleton bean 'org.springframework.transaction.config.internalTransactionAdvisor'
2020-03-14 21:57:22.292 [main] DEBUG o.s.b.f.s.DefaultListableBeanFactory - Finished creating instance of bean 'pageableResolver'
2020-03-14 21:57:22.334 [main] DEBUG o.s.b.f.s.DefaultListableBeanFactory - Eagerly caching bean 'requestMappingHandlerAdapter' to allow for resolving potential circular references
2020-03-14 21:57:22.420 [main] DEBUG o.s.b.f.s.DefaultListableBeanFactory - Returning cached instance of singleton bean 'cachingModelPropertiesProvider'
2020-03-14 21:57:22.420 [main] DEBUG o.s.b.f.s.DefaultListableBeanFactory - Returning cached instance of singleton bean 'objectMapperBeanPropertyNamingStrategy'
2020-03-14 21:57:22.420 [main] DEBUG o.s.b.f.s.DefaultListableBeanFactory - Returning cached instance of singleton bean 'optimized'
2020-03-14 21:57:22.420 [main] DEBUG o.s.b.f.s.DefaultListableBeanFactory - Returning cached instance of singleton bean 'delegatingApplicationListener'
2020-03-14 21:57:22.421 [main] DEBUG o.s.b.f.s.DefaultListableBeanFactory - Invoking afterPropertiesSet() on bean with name 'requestMappingHandlerAdapter'
2020-03-14 21:57:22.421 [main] INFO  o.s.w.s.m.m.a.RequestMappingHandlerAdapter - Looking for @ControllerAdvice: org.springframework.web.context.support.GenericWebApplicationContext@1ee4730: startup date [Sat Mar 14 21:56:44 CST 2020]; parent: org.springframework.context.annotation.AnnotationConfigApplicationContext@598bd2ba
2020-03-14 21:57:22.549 [main] DEBUG o.s.b.f.s.DefaultListableBeanFactory - Returning cached instance of singleton bean 'metaDataSourceAdvisor'
2020-03-14 21:57:22.549 [main] DEBUG o.s.b.f.s.DefaultListableBeanFactory - Returning cached instance of singleton bean 'org.springframework.transaction.config.internalTransactionAdvisor'
2020-03-14 21:57:22.549 [main] DEBUG o.s.b.f.s.DefaultListableBeanFactory - Returning cached instance of singleton bean 'metaDataSourceAdvisor'
2020-03-14 21:57:22.549 [main] DEBUG o.s.b.f.s.DefaultListableBeanFactory - Returning cached instance of singleton bean 'org.springframework.transaction.config.internalTransactionAdvisor'
2020-03-14 21:57:22.606 [main] DEBUG o.s.b.f.s.DefaultListableBeanFactory - Finished creating instance of bean 'requestMappingHandlerAdapter'
2020-03-14 21:57:22.606 [main] DEBUG o.s.b.f.s.DefaultListableBeanFactory - Returning cached instance of singleton bean 'requestMappingHandlerMapping'
2020-03-14 21:57:22.606 [main] DEBUG o.s.b.f.s.DefaultListableBeanFactory - Returning cached instance of singleton bean 'mvcConversionService'
2020-03-14 21:57:22.606 [main] DEBUG o.s.b.f.s.DefaultListableBeanFactory - Returning cached instance of singleton bean 'mvcValidator'
2020-03-14 21:57:22.606 [main] DEBUG o.s.b.f.s.DefaultListableBeanFactory - Returning cached instance of singleton bean 'mvcContentNegotiationManager'
2020-03-14 21:57:22.606 [main] DEBUG o.s.b.f.s.DefaultListableBeanFactory - Creating shared instance of singleton bean 'mvcPathMatcher'
2020-03-14 21:57:22.606 [main] DEBUG o.s.b.f.s.DefaultListableBeanFactory - Creating instance of bean 'mvcPathMatcher'
2020-03-14 21:57:22.607 [main] DEBUG o.s.b.f.s.DefaultListableBeanFactory - Returning cached instance of singleton bean 'metaDataSourceAdvisor'
2020-03-14 21:57:22.607 [main] DEBUG o.s.b.f.s.DefaultListableBeanFactory - Returning cached instance of singleton bean 'org.springframework.transaction.config.internalTransactionAdvisor'
2020-03-14 21:57:22.607 [main] DEBUG o.s.b.f.s.DefaultListableBeanFactory - Returning cached instance of singleton bean 'org.springframework.boot.autoconfigure.web.servlet.WebMvcAutoConfiguration$EnableWebMvcConfiguration'
2020-03-14 21:57:22.608 [main] DEBUG o.s.b.f.s.DefaultListableBeanFactory - Eagerly caching bean 'mvcPathMatcher' to allow for resolving potential circular references
2020-03-14 21:57:22.618 [main] DEBUG o.s.b.f.s.DefaultListableBeanFactory - Returning cached instance of singleton bean 'metaDataSourceAdvisor'
2020-03-14 21:57:22.618 [main] DEBUG o.s.b.f.s.DefaultListableBeanFactory - Returning cached instance of singleton bean 'org.springframework.transaction.config.internalTransactionAdvisor'
2020-03-14 21:57:22.618 [main] DEBUG o.s.b.f.s.DefaultListableBeanFactory - Returning cached instance of singleton bean 'metaDataSourceAdvisor'
2020-03-14 21:57:22.618 [main] DEBUG o.s.b.f.s.DefaultListableBeanFactory - Returning cached instance of singleton bean 'org.springframework.transaction.config.internalTransactionAdvisor'
2020-03-14 21:57:22.618 [main] DEBUG o.s.b.f.s.DefaultListableBeanFactory - Finished creating instance of bean 'mvcPathMatcher'
2020-03-14 21:57:22.619 [main] DEBUG o.s.b.f.s.DefaultListableBeanFactory - Creating shared instance of singleton bean 'mvcUrlPathHelper'
2020-03-14 21:57:22.619 [main] DEBUG o.s.b.f.s.DefaultListableBeanFactory - Creating instance of bean 'mvcUrlPathHelper'
2020-03-14 21:57:22.619 [main] DEBUG o.s.b.f.s.DefaultListableBeanFactory - Returning cached instance of singleton bean 'metaDataSourceAdvisor'
2020-03-14 21:57:22.619 [main] DEBUG o.s.b.f.s.DefaultListableBeanFactory - Returning cached instance of singleton bean 'org.springframework.transaction.config.internalTransactionAdvisor'
2020-03-14 21:57:22.619 [main] DEBUG o.s.b.f.s.DefaultListableBeanFactory - Returning cached instance of singleton bean 'org.springframework.boot.autoconfigure.web.servlet.WebMvcAutoConfiguration$EnableWebMvcConfiguration'
2020-03-14 21:57:22.620 [main] DEBUG o.s.b.f.s.DefaultListableBeanFactory - Eagerly caching bean 'mvcUrlPathHelper' to allow for resolving potential circular references
2020-03-14 21:57:22.623 [main] DEBUG o.s.b.f.s.DefaultListableBeanFactory - Returning cached instance of singleton bean 'metaDataSourceAdvisor'
2020-03-14 21:57:22.623 [main] DEBUG o.s.b.f.s.DefaultListableBeanFactory - Returning cached instance of singleton bean 'org.springframework.transaction.config.internalTransactionAdvisor'
2020-03-14 21:57:22.623 [main] DEBUG o.s.b.f.s.DefaultListableBeanFactory - Returning cached instance of singleton bean 'metaDataSourceAdvisor'
2020-03-14 21:57:22.623 [main] DEBUG o.s.b.f.s.DefaultListableBeanFactory - Returning cached instance of singleton bean 'org.springframework.transaction.config.internalTransactionAdvisor'
2020-03-14 21:57:22.625 [main] DEBUG o.s.b.f.s.DefaultListableBeanFactory - Finished creating instance of bean 'mvcUrlPathHelper'
2020-03-14 21:57:22.625 [main] DEBUG o.s.b.f.s.DefaultListableBeanFactory - Creating shared instance of singleton bean 'viewControllerHandlerMapping'
2020-03-14 21:57:22.625 [main] DEBUG o.s.b.f.s.DefaultListableBeanFactory - Creating instance of bean 'viewControllerHandlerMapping'
2020-03-14 21:57:22.625 [main] DEBUG o.s.b.f.s.DefaultListableBeanFactory - Returning cached instance of singleton bean 'metaDataSourceAdvisor'
2020-03-14 21:57:22.625 [main] DEBUG o.s.b.f.s.DefaultListableBeanFactory - Returning cached instance of singleton bean 'org.springframework.transaction.config.internalTransactionAdvisor'
2020-03-14 21:57:22.625 [main] DEBUG o.s.b.f.s.DefaultListableBeanFactory - Returning cached instance of singleton bean 'org.springframework.boot.autoconfigure.web.servlet.WebMvcAutoConfiguration$EnableWebMvcConfiguration'
2020-03-14 21:57:22.627 [main] DEBUG o.s.b.f.s.DefaultListableBeanFactory - Returning cached instance of singleton bean 'mvcPathMatcher'
2020-03-14 21:57:22.628 [main] DEBUG o.s.b.f.s.DefaultListableBeanFactory - Returning cached instance of singleton bean 'mvcUrlPathHelper'
2020-03-14 21:57:22.629 [main] DEBUG o.s.b.f.s.DefaultListableBeanFactory - Eagerly caching bean 'viewControllerHandlerMapping' to allow for resolving potential circular references
2020-03-14 21:57:22.660 [main] DEBUG o.s.b.f.s.DefaultListableBeanFactory - Returning cached instance of singleton bean 'metaDataSourceAdvisor'
2020-03-14 21:57:22.660 [main] DEBUG o.s.b.f.s.DefaultListableBeanFactory - Returning cached instance of singleton bean 'org.springframework.transaction.config.internalTransactionAdvisor'
2020-03-14 21:57:22.660 [main] DEBUG o.s.b.f.s.DefaultListableBeanFactory - Returning cached instance of singleton bean 'metaDataSourceAdvisor'
2020-03-14 21:57:22.660 [main] DEBUG o.s.b.f.s.DefaultListableBeanFactory - Returning cached instance of singleton bean 'org.springframework.transaction.config.internalTransactionAdvisor'
2020-03-14 21:57:22.670 [main] DEBUG o.s.b.f.s.DefaultListableBeanFactory - Finished creating instance of bean 'viewControllerHandlerMapping'
2020-03-14 21:57:22.670 [main] DEBUG o.s.b.f.s.DefaultListableBeanFactory - Creating shared instance of singleton bean 'beanNameHandlerMapping'
2020-03-14 21:57:22.670 [main] DEBUG o.s.b.f.s.DefaultListableBeanFactory - Creating instance of bean 'beanNameHandlerMapping'
2020-03-14 21:57:22.671 [main] DEBUG o.s.b.f.s.DefaultListableBeanFactory - Returning cached instance of singleton bean 'metaDataSourceAdvisor'
2020-03-14 21:57:22.671 [main] DEBUG o.s.b.f.s.DefaultListableBeanFactory - Returning cached instance of singleton bean 'org.springframework.transaction.config.internalTransactionAdvisor'
2020-03-14 21:57:22.671 [main] DEBUG o.s.b.f.s.DefaultListableBeanFactory - Returning cached instance of singleton bean 'org.springframework.boot.autoconfigure.web.servlet.WebMvcAutoConfiguration$EnableWebMvcConfiguration'
2020-03-14 21:57:22.675 [main] DEBUG o.s.b.f.s.DefaultListableBeanFactory - Eagerly caching bean 'beanNameHandlerMapping' to allow for resolving potential circular references
2020-03-14 21:57:22.710 [main] DEBUG o.s.w.s.h.BeanNameUrlHandlerMapping - Looking for URL mappings in application context: org.springframework.web.context.support.GenericWebApplicationContext@1ee4730: startup date [Sat Mar 14 21:56:44 CST 2020]; parent: org.springframework.context.annotation.AnnotationConfigApplicationContext@598bd2ba
2020-03-14 21:57:22.710 [main] DEBUG o.s.w.s.h.BeanNameUrlHandlerMapping - Rejected bean name 'org.springframework.boot.test.mock.mockito.MockitoPostProcessor$SpyPostProcessor': no URL paths identified
2020-03-14 21:57:22.710 [main] DEBUG o.s.w.s.h.BeanNameUrlHandlerMapping - Rejected bean name 'org.springframework.boot.test.mock.mockito.MockitoPostProcessor': no URL paths identified
2020-03-14 21:57:22.710 [main] DEBUG o.s.w.s.h.BeanNameUrlHandlerMapping - Rejected bean name 'org.springframework.context.annotation.internalConfigurationAnnotationProcessor': no URL paths identified
2020-03-14 21:57:22.711 [main] DEBUG o.s.w.s.h.BeanNameUrlHandlerMapping - Rejected bean name 'org.springframework.context.annotation.internalAutowiredAnnotationProcessor': no URL paths identified
2020-03-14 21:57:22.711 [main] DEBUG o.s.w.s.h.BeanNameUrlHandlerMapping - Rejected bean name 'org.springframework.context.annotation.internalRequiredAnnotationProcessor': no URL paths identified
2020-03-14 21:57:22.711 [main] DEBUG o.s.w.s.h.BeanNameUrlHandlerMapping - Rejected bean name 'org.springframework.context.annotation.internalCommonAnnotationProcessor': no URL paths identified
2020-03-14 21:57:22.711 [main] DEBUG o.s.w.s.h.BeanNameUrlHandlerMapping - Rejected bean name 'org.springframework.context.annotation.internalPersistenceAnnotationProcessor': no URL paths identified
2020-03-14 21:57:22.711 [main] DEBUG o.s.w.s.h.BeanNameUrlHandlerMapping - Rejected bean name 'org.springframework.context.event.internalEventListenerProcessor': no URL paths identified
2020-03-14 21:57:22.711 [main] DEBUG o.s.w.s.h.BeanNameUrlHandlerMapping - Rejected bean name 'org.springframework.context.event.internalEventListenerFactory': no URL paths identified
2020-03-14 21:57:22.711 [main] DEBUG o.s.w.s.h.BeanNameUrlHandlerMapping - Rejected bean name 'manageCourseApplication': no URL paths identified
2020-03-14 21:57:22.711 [main] DEBUG o.s.w.s.h.BeanNameUrlHandlerMapping - Rejected bean name 'org.springframework.boot.autoconfigure.internalCachingMetadataReaderFactory': no URL paths identified
2020-03-14 21:57:22.711 [main] DEBUG o.s.w.s.h.BeanNameUrlHandlerMapping - Rejected bean name 'resourceServerConfig': no URL paths identified
2020-03-14 21:57:22.711 [main] DEBUG o.s.w.s.h.BeanNameUrlHandlerMapping - Rejected bean name 'courseController': no URL paths identified
2020-03-14 21:57:22.711 [main] DEBUG o.s.w.s.h.BeanNameUrlHandlerMapping - Rejected bean name 'sysDicthinaryController': no URL paths identified
2020-03-14 21:57:22.711 [main] DEBUG o.s.w.s.h.BeanNameUrlHandlerMapping - Rejected bean name 'courseService': no URL paths identified
2020-03-14 21:57:22.711 [main] DEBUG o.s.w.s.h.BeanNameUrlHandlerMapping - Rejected bean name 'sysDicthinaryService': no URL paths identified
2020-03-14 21:57:22.711 [main] DEBUG o.s.w.s.h.BeanNameUrlHandlerMapping - Rejected bean name 'swagger2Configuration': no URL paths identified
2020-03-14 21:57:22.712 [main] DEBUG o.s.w.s.h.BeanNameUrlHandlerMapping - Rejected bean name 'licenseMapperImpl': no URL paths identified
2020-03-14 21:57:22.712 [main] DEBUG o.s.w.s.h.BeanNameUrlHandlerMapping - Rejected bean name 'modelMapperImpl': no URL paths identified
2020-03-14 21:57:22.712 [main] DEBUG o.s.w.s.h.BeanNameUrlHandlerMapping - Rejected bean name 'parameterMapperImpl': no URL paths identified
2020-03-14 21:57:22.712 [main] DEBUG o.s.w.s.h.BeanNameUrlHandlerMapping - Rejected bean name 'securityMapperImpl': no URL paths identified
2020-03-14 21:57:22.712 [main] DEBUG o.s.w.s.h.BeanNameUrlHandlerMapping - Rejected bean name 'serviceModelToSwagger2MapperImpl': no URL paths identified
2020-03-14 21:57:22.712 [main] DEBUG o.s.w.s.h.BeanNameUrlHandlerMapping - Rejected bean name 'vendorExtensionsMapperImpl': no URL paths identified
2020-03-14 21:57:22.712 [main] DEBUG o.s.w.s.h.BeanNameUrlHandlerMapping - Rejected bean name 'apiDescriptionLookup': no URL paths identified
2020-03-14 21:57:22.712 [main] DEBUG o.s.w.s.h.BeanNameUrlHandlerMapping - Rejected bean name 'apiDescriptionReader': no URL paths identified
2020-03-14 21:57:22.712 [main] DEBUG o.s.w.s.h.BeanNameUrlHandlerMapping - Rejected bean name 'apiDocumentationScanner': no URL paths identified
2020-03-14 21:57:22.712 [main] DEBUG o.s.w.s.h.BeanNameUrlHandlerMapping - Rejected bean name 'apiListingReader': no URL paths identified
2020-03-14 21:57:22.713 [main] DEBUG o.s.w.s.h.BeanNameUrlHandlerMapping - Rejected bean name 'apiListingReferenceScanner': no URL paths identified
2020-03-14 21:57:22.713 [main] DEBUG o.s.w.s.h.BeanNameUrlHandlerMapping - Rejected bean name 'apiListingScanner': no URL paths identified
2020-03-14 21:57:22.713 [main] DEBUG o.s.w.s.h.BeanNameUrlHandlerMapping - Rejected bean name 'apiModelReader': no URL paths identified
2020-03-14 21:57:22.713 [main] DEBUG o.s.w.s.h.BeanNameUrlHandlerMapping - Rejected bean name 'cachingOperationReader': no URL paths identified
2020-03-14 21:57:22.713 [main] DEBUG o.s.w.s.h.BeanNameUrlHandlerMapping - Rejected bean name 'mediaTypeReader': no URL paths identified
2020-03-14 21:57:22.713 [main] DEBUG o.s.w.s.h.BeanNameUrlHandlerMapping - Rejected bean name 'apiOperationReader': no URL paths identified
2020-03-14 21:57:22.713 [main] DEBUG o.s.w.s.h.BeanNameUrlHandlerMapping - Rejected bean name 'cachingOperationNameGenerator': no URL paths identified
2020-03-14 21:57:22.713 [main] DEBUG o.s.w.s.h.BeanNameUrlHandlerMapping - Rejected bean name 'defaultOperationReader': no URL paths identified
2020-03-14 21:57:22.713 [main] DEBUG o.s.w.s.h.BeanNameUrlHandlerMapping - Rejected bean name 'defaultTagsProvider': no URL paths identified
2020-03-14 21:57:22.713 [main] DEBUG o.s.w.s.h.BeanNameUrlHandlerMapping - Rejected bean name 'operationDeprecatedReader': no URL paths identified
2020-03-14 21:57:22.713 [main] DEBUG o.s.w.s.h.BeanNameUrlHandlerMapping - Rejected bean name 'operationModelsProvider': no URL paths identified
2020-03-14 21:57:22.713 [main] DEBUG o.s.w.s.h.BeanNameUrlHandlerMapping - Rejected bean name 'operationParameterHeadersConditionReader': no URL paths identified
2020-03-14 21:57:22.714 [main] DEBUG o.s.w.s.h.BeanNameUrlHandlerMapping - Rejected bean name 'operationParameterReader': no URL paths identified
2020-03-14 21:57:22.714 [main] DEBUG o.s.w.s.h.BeanNameUrlHandlerMapping - Rejected bean name 'operationParameterRequestConditionReader': no URL paths identified
2020-03-14 21:57:22.714 [main] DEBUG o.s.w.s.h.BeanNameUrlHandlerMapping - Rejected bean name 'operationResponseClassReader': no URL paths identified
2020-03-14 21:57:22.714 [main] DEBUG o.s.w.s.h.BeanNameUrlHandlerMapping - Rejected bean name 'operationTagsReader': no URL paths identified
2020-03-14 21:57:22.714 [main] DEBUG o.s.w.s.h.BeanNameUrlHandlerMapping - Rejected bean name 'responseMessagesReader': no URL paths identified
2020-03-14 21:57:22.714 [main] DEBUG o.s.w.s.h.BeanNameUrlHandlerMapping - Rejected bean name 'expandedParameterBuilder': no URL paths identified
2020-03-14 21:57:22.714 [main] DEBUG o.s.w.s.h.BeanNameUrlHandlerMapping - Rejected bean name 'modelAttributeParameterExpander': no URL paths identified
2020-03-14 21:57:22.714 [main] DEBUG o.s.w.s.h.BeanNameUrlHandlerMapping - Rejected bean name 'parameterDataTypeReader': no URL paths identified
2020-03-14 21:57:22.714 [main] DEBUG o.s.w.s.h.BeanNameUrlHandlerMapping - Rejected bean name 'parameterDefaultReader': no URL paths identified
2020-03-14 21:57:22.714 [main] DEBUG o.s.w.s.h.BeanNameUrlHandlerMapping - Rejected bean name 'parameterMultiplesReader': no URL paths identified
2020-03-14 21:57:22.714 [main] DEBUG o.s.w.s.h.BeanNameUrlHandlerMapping - Rejected bean name 'parameterNameReader': no URL paths identified
2020-03-14 21:57:22.714 [main] DEBUG o.s.w.s.h.BeanNameUrlHandlerMapping - Rejected bean name 'parameterRequiredReader': no URL paths identified
2020-03-14 21:57:22.714 [main] DEBUG o.s.w.s.h.BeanNameUrlHandlerMapping - Rejected bean name 'parameterTypeReader': no URL paths identified
2020-03-14 21:57:22.714 [main] DEBUG o.s.w.s.h.BeanNameUrlHandlerMapping - Rejected bean name 'documentationPluginsBootstrapper': no URL paths identified
2020-03-14 21:57:22.714 [main] DEBUG o.s.w.s.h.BeanNameUrlHandlerMapping - Rejected bean name 'documentationPluginsManager': no URL paths identified
2020-03-14 21:57:22.714 [main] DEBUG o.s.w.s.h.BeanNameUrlHandlerMapping - Rejected bean name 'webMvcRequestHandlerProvider': no URL paths identified
2020-03-14 21:57:22.714 [main] DEBUG o.s.w.s.h.BeanNameUrlHandlerMapping - Rejected bean name 'operationPathDecorator': no URL paths identified
2020-03-14 21:57:22.714 [main] DEBUG o.s.w.s.h.BeanNameUrlHandlerMapping - Rejected bean name 'pathMappingDecorator': no URL paths identified
2020-03-14 21:57:22.714 [main] DEBUG o.s.w.s.h.BeanNameUrlHandlerMapping - Rejected bean name 'pathSanitizer': no URL paths identified
2020-03-14 21:57:22.714 [main] DEBUG o.s.w.s.h.BeanNameUrlHandlerMapping - Rejected bean name 'queryStringUriTemplateDecorator': no URL paths identified
2020-03-14 21:57:22.714 [main] DEBUG o.s.w.s.h.BeanNameUrlHandlerMapping - Rejected bean name 'cachingModelDependencyProvider': no URL paths identified
2020-03-14 21:57:22.714 [main] DEBUG o.s.w.s.h.BeanNameUrlHandlerMapping - Rejected bean name 'cachingModelProvider': no URL paths identified
2020-03-14 21:57:22.714 [main] DEBUG o.s.w.s.h.BeanNameUrlHandlerMapping - Rejected bean name 'defaultModelDependencyProvider': no URL paths identified
2020-03-14 21:57:22.714 [main] DEBUG o.s.w.s.h.BeanNameUrlHandlerMapping - Rejected bean name 'defaultModelProvider': no URL paths identified
2020-03-14 21:57:22.714 [main] DEBUG o.s.w.s.h.BeanNameUrlHandlerMapping - Rejected bean name 'schemaPluginsManager': no URL paths identified
2020-03-14 21:57:22.714 [main] DEBUG o.s.w.s.h.BeanNameUrlHandlerMapping - Rejected bean name 'accessorsProvider': no URL paths identified
2020-03-14 21:57:22.714 [main] DEBUG o.s.w.s.h.BeanNameUrlHandlerMapping - Rejected bean name 'cachingModelPropertiesProvider': no URL paths identified
2020-03-14 21:57:22.714 [main] DEBUG o.s.w.s.h.BeanNameUrlHandlerMapping - Rejected bean name 'factoryMethodProvider': no URL paths identified
2020-03-14 21:57:22.714 [main] DEBUG o.s.w.s.h.BeanNameUrlHandlerMapping - Rejected bean name 'fieldProvider': no URL paths identified
2020-03-14 21:57:22.714 [main] DEBUG o.s.w.s.h.BeanNameUrlHandlerMapping - Rejected bean name 'objectMapperBeanPropertyNamingStrategy': no URL paths identified
2020-03-14 21:57:22.714 [main] DEBUG o.s.w.s.h.BeanNameUrlHandlerMapping - Rejected bean name 'optimized': no URL paths identified
2020-03-14 21:57:22.714 [main] DEBUG o.s.w.s.h.BeanNameUrlHandlerMapping - Rejected bean name 'typeNameExtractor': no URL paths identified
2020-03-14 21:57:22.714 [main] DEBUG o.s.w.s.h.BeanNameUrlHandlerMapping - Rejected bean name 'apiModelBuilder': no URL paths identified
2020-03-14 21:57:22.714 [main] DEBUG o.s.w.s.h.BeanNameUrlHandlerMapping - Rejected bean name 'apiModelPropertyPropertyBuilder': no URL paths identified
2020-03-14 21:57:22.715 [main] DEBUG o.s.w.s.h.BeanNameUrlHandlerMapping - Rejected bean name 'apiModelTypeNameProvider': no URL paths identified
2020-03-14 21:57:22.715 [main] DEBUG o.s.w.s.h.BeanNameUrlHandlerMapping - Rejected bean name 'operationAuthReader': no URL paths identified
2020-03-14 21:57:22.715 [main] DEBUG o.s.w.s.h.BeanNameUrlHandlerMapping - Rejected bean name 'operationHiddenReader': no URL paths identified
2020-03-14 21:57:22.715 [main] DEBUG o.s.w.s.h.BeanNameUrlHandlerMapping - Rejected bean name 'operationHttpMethodReader': no URL paths identified
2020-03-14 21:57:22.715 [main] DEBUG o.s.w.s.h.BeanNameUrlHandlerMapping - Rejected bean name 'operationImplicitParameterReader': no URL paths identified
2020-03-14 21:57:22.715 [main] DEBUG o.s.w.s.h.BeanNameUrlHandlerMapping - Rejected bean name 'operationImplicitParametersReader': no URL paths identified
2020-03-14 21:57:22.715 [main] DEBUG o.s.w.s.h.BeanNameUrlHandlerMapping - Rejected bean name 'operationNicknameIntoUniqueIdReader': no URL paths identified
2020-03-14 21:57:22.715 [main] DEBUG o.s.w.s.h.BeanNameUrlHandlerMapping - Rejected bean name 'operationNotesReader': no URL paths identified
2020-03-14 21:57:22.715 [main] DEBUG o.s.w.s.h.BeanNameUrlHandlerMapping - Rejected bean name 'operationPositionReader': no URL paths identified
2020-03-14 21:57:22.715 [main] DEBUG o.s.w.s.h.BeanNameUrlHandlerMapping - Rejected bean name 'operationSummaryReader': no URL paths identified
2020-03-14 21:57:22.715 [main] DEBUG o.s.w.s.h.BeanNameUrlHandlerMapping - Rejected bean name 'swaggerMediaTypeReader': no URL paths identified
2020-03-14 21:57:22.715 [main] DEBUG o.s.w.s.h.BeanNameUrlHandlerMapping - Rejected bean name 'swaggerOperationModelsProvider': no URL paths identified
2020-03-14 21:57:22.715 [main] DEBUG o.s.w.s.h.BeanNameUrlHandlerMapping - Rejected bean name 'swaggerOperationResponseClassReader': no URL paths identified
2020-03-14 21:57:22.715 [main] DEBUG o.s.w.s.h.BeanNameUrlHandlerMapping - Rejected bean name 'swaggerOperationTagsReader': no URL paths identified
2020-03-14 21:57:22.715 [main] DEBUG o.s.w.s.h.BeanNameUrlHandlerMapping - Rejected bean name 'swaggerResponseMessageReader': no URL paths identified
2020-03-14 21:57:22.716 [main] DEBUG o.s.w.s.h.BeanNameUrlHandlerMapping - Rejected bean name 'vendorExtensionsReader': no URL paths identified
2020-03-14 21:57:22.716 [main] DEBUG o.s.w.s.h.BeanNameUrlHandlerMapping - Rejected bean name 'swaggerParameterDescriptionReader': no URL paths identified
2020-03-14 21:57:22.716 [main] DEBUG o.s.w.s.h.BeanNameUrlHandlerMapping - Rejected bean name 'swaggerExpandedParameterBuilder': no URL paths identified
2020-03-14 21:57:22.716 [main] DEBUG o.s.w.s.h.BeanNameUrlHandlerMapping - Rejected bean name 'apiResourceController': no URL paths identified
2020-03-14 21:57:22.716 [main] DEBUG o.s.w.s.h.BeanNameUrlHandlerMapping - Rejected bean name 'classOrApiAnnotationResourceGrouping': no URL paths identified
2020-03-14 21:57:22.716 [main] DEBUG o.s.w.s.h.BeanNameUrlHandlerMapping - Rejected bean name 'inMemorySwaggerResourcesProvider': no URL paths identified
2020-03-14 21:57:22.717 [main] DEBUG o.s.w.s.h.BeanNameUrlHandlerMapping - Rejected bean name 'swaggerApiListingReader': no URL paths identified
2020-03-14 21:57:22.717 [main] DEBUG o.s.w.s.h.BeanNameUrlHandlerMapping - Rejected bean name 'exceptionCatch': no URL paths identified
2020-03-14 21:57:22.717 [main] DEBUG o.s.w.s.h.BeanNameUrlHandlerMapping - Rejected bean name 'org.springframework.security.oauth2.config.annotation.web.configuration.ResourceServerConfiguration': no URL paths identified
2020-03-14 21:57:22.717 [main] DEBUG o.s.w.s.h.BeanNameUrlHandlerMapping - Rejected bean name 'org.springframework.security.config.annotation.configuration.ObjectPostProcessorConfiguration': no URL paths identified
2020-03-14 21:57:22.717 [main] DEBUG o.s.w.s.h.BeanNameUrlHandlerMapping - Rejected bean name 'objectPostProcessor': no URL paths identified
2020-03-14 21:57:22.717 [main] DEBUG o.s.w.s.h.BeanNameUrlHandlerMapping - Rejected bean name 'org.springframework.security.config.annotation.authentication.configuration.AuthenticationConfiguration': no URL paths identified
2020-03-14 21:57:22.717 [main] DEBUG o.s.w.s.h.BeanNameUrlHandlerMapping - Rejected bean name 'authenticationManagerBuilder': no URL paths identified
2020-03-14 21:57:22.717 [main] DEBUG o.s.w.s.h.BeanNameUrlHandlerMapping - Rejected bean name 'enableGlobalAuthenticationAutowiredConfigurer': no URL paths identified
2020-03-14 21:57:22.717 [main] DEBUG o.s.w.s.h.BeanNameUrlHandlerMapping - Rejected bean name 'initializeUserDetailsBeanManagerConfigurer': no URL paths identified
2020-03-14 21:57:22.717 [main] DEBUG o.s.w.s.h.BeanNameUrlHandlerMapping - Rejected bean name 'initializeAuthenticationProviderBeanManagerConfigurer': no URL paths identified
2020-03-14 21:57:22.717 [main] DEBUG o.s.w.s.h.BeanNameUrlHandlerMapping - Rejected bean name 'org.springframework.security.config.annotation.method.configuration.GlobalMethodSecurityConfiguration': no URL paths identified
2020-03-14 21:57:22.717 [main] DEBUG o.s.w.s.h.BeanNameUrlHandlerMapping - Rejected bean name 'methodSecurityInterceptor': no URL paths identified
2020-03-14 21:57:22.717 [main] DEBUG o.s.w.s.h.BeanNameUrlHandlerMapping - Rejected bean name 'methodSecurityMetadataSource': no URL paths identified
2020-03-14 21:57:22.717 [main] DEBUG o.s.w.s.h.BeanNameUrlHandlerMapping - Rejected bean name 'preInvocationAuthorizationAdvice': no URL paths identified
2020-03-14 21:57:22.717 [main] DEBUG o.s.w.s.h.BeanNameUrlHandlerMapping - Rejected bean name 'tokenStore': no URL paths identified
2020-03-14 21:57:22.717 [main] DEBUG o.s.w.s.h.BeanNameUrlHandlerMapping - Rejected bean name 'jwtAccessTokenConverter': no URL paths identified
2020-03-14 21:57:22.717 [main] DEBUG o.s.w.s.h.BeanNameUrlHandlerMapping - Rejected bean name 'metaDataSourceAdvisor': no URL paths identified
2020-03-14 21:57:22.717 [main] DEBUG o.s.w.s.h.BeanNameUrlHandlerMapping - Rejected bean name 'org.springframework.aop.config.internalAutoProxyCreator': no URL paths identified
2020-03-14 21:57:22.717 [main] DEBUG o.s.w.s.h.BeanNameUrlHandlerMapping - Rejected bean name 'springfox.documentation.schema.configuration.ModelsConfiguration': no URL paths identified
2020-03-14 21:57:22.718 [main] DEBUG o.s.w.s.h.BeanNameUrlHandlerMapping - Rejected bean name 'typeResolver': no URL paths identified
2020-03-14 21:57:22.718 [main] DEBUG o.s.w.s.h.BeanNameUrlHandlerMapping - Rejected bean name 'modelBuilderPluginRegistry': no URL paths identified
2020-03-14 21:57:22.718 [main] DEBUG o.s.w.s.h.BeanNameUrlHandlerMapping - Rejected bean name 'modelPropertyBuilderPluginRegistry': no URL paths identified
2020-03-14 21:57:22.718 [main] DEBUG o.s.w.s.h.BeanNameUrlHandlerMapping - Rejected bean name 'typeNameProviderPluginRegistry': no URL paths identified
2020-03-14 21:57:22.718 [main] DEBUG o.s.w.s.h.BeanNameUrlHandlerMapping - Rejected bean name 'springfox.documentation.spring.web.SpringfoxWebMvcConfiguration': no URL paths identified
2020-03-14 21:57:22.718 [main] DEBUG o.s.w.s.h.BeanNameUrlHandlerMapping - Rejected bean name 'defaults': no URL paths identified
2020-03-14 21:57:22.718 [main] DEBUG o.s.w.s.h.BeanNameUrlHandlerMapping - Rejected bean name 'resourceGroupCache': no URL paths identified
2020-03-14 21:57:22.718 [main] DEBUG o.s.w.s.h.BeanNameUrlHandlerMapping - Rejected bean name 'objectMapperConfigurer': no URL paths identified
2020-03-14 21:57:22.718 [main] DEBUG o.s.w.s.h.BeanNameUrlHandlerMapping - Rejected bean name 'jsonSerializer': no URL paths identified
2020-03-14 21:57:22.718 [main] DEBUG o.s.w.s.h.BeanNameUrlHandlerMapping - Rejected bean name 'descriptionResolver': no URL paths identified
2020-03-14 21:57:22.718 [main] DEBUG o.s.w.s.h.BeanNameUrlHandlerMapping - Rejected bean name 'documentationPluginRegistry': no URL paths identified
2020-03-14 21:57:22.718 [main] DEBUG o.s.w.s.h.BeanNameUrlHandlerMapping - Rejected bean name 'apiListingBuilderPluginRegistry': no URL paths identified
2020-03-14 21:57:22.719 [main] DEBUG o.s.w.s.h.BeanNameUrlHandlerMapping - Rejected bean name 'operationBuilderPluginRegistry': no URL paths identified
2020-03-14 21:57:22.719 [main] DEBUG o.s.w.s.h.BeanNameUrlHandlerMapping - Rejected bean name 'parameterBuilderPluginRegistry': no URL paths identified
2020-03-14 21:57:22.719 [main] DEBUG o.s.w.s.h.BeanNameUrlHandlerMapping - Rejected bean name 'expandedParameterBuilderPluginRegistry': no URL paths identified
2020-03-14 21:57:22.719 [main] DEBUG o.s.w.s.h.BeanNameUrlHandlerMapping - Rejected bean name 'resourceGroupingStrategyRegistry': no URL paths identified
2020-03-14 21:57:22.719 [main] DEBUG o.s.w.s.h.BeanNameUrlHandlerMapping - Rejected bean name 'operationModelsProviderPluginRegistry': no URL paths identified
2020-03-14 21:57:22.719 [main] DEBUG o.s.w.s.h.BeanNameUrlHandlerMapping - Rejected bean name 'defaultsProviderPluginRegistry': no URL paths identified
2020-03-14 21:57:22.719 [main] DEBUG o.s.w.s.h.BeanNameUrlHandlerMapping - Rejected bean name 'pathDecoratorRegistry': no URL paths identified
2020-03-14 21:57:22.719 [main] DEBUG o.s.w.s.h.BeanNameUrlHandlerMapping - Rejected bean name 'apiListingScannerPluginRegistry': no URL paths identified
2020-03-14 21:57:22.719 [main] DEBUG o.s.w.s.h.BeanNameUrlHandlerMapping - Rejected bean name 'springfox.documentation.swagger.configuration.SwaggerCommonConfiguration': no URL paths identified
2020-03-14 21:57:22.719 [main] DEBUG o.s.w.s.h.BeanNameUrlHandlerMapping - Rejected bean name 'springfox.documentation.swagger2.configuration.Swagger2DocumentationConfiguration': no URL paths identified
2020-03-14 21:57:22.719 [main] DEBUG o.s.w.s.h.BeanNameUrlHandlerMapping - Rejected bean name 'swagger2Module': no URL paths identified
2020-03-14 21:57:22.719 [main] DEBUG o.s.w.s.h.BeanNameUrlHandlerMapping - Rejected bean name 'swagger2ControllerMapping': no URL paths identified
2020-03-14 21:57:22.719 [main] DEBUG o.s.w.s.h.BeanNameUrlHandlerMapping - Rejected bean name 'createRestApi': no URL paths identified
2020-03-14 21:57:22.719 [main] DEBUG o.s.w.s.h.BeanNameUrlHandlerMapping - Rejected bean name 'restTemplate': no URL paths identified
2020-03-14 21:57:22.720 [main] DEBUG o.s.w.s.h.BeanNameUrlHandlerMapping - Rejected bean name 'org.springframework.boot.autoconfigure.AutoConfigurationPackages': no URL paths identified
2020-03-14 21:57:22.720 [main] DEBUG o.s.w.s.h.BeanNameUrlHandlerMapping - Rejected bean name 'default.com.ningmeng.manage_course.ManageCourseApplication.FeignClientSpecification': no URL paths identified
2020-03-14 21:57:22.720 [main] DEBUG o.s.w.s.h.BeanNameUrlHandlerMapping - Rejected bean name 'nm-service-manage-cms.FeignClientSpecification': no URL paths identified
2020-03-14 21:57:22.720 [main] DEBUG o.s.w.s.h.BeanNameUrlHandlerMapping - Rejected bean name 'com.ningmeng.manage_course.client.CmsPageClient': no URL paths identified
2020-03-14 21:57:22.720 [main] DEBUG o.s.w.s.h.BeanNameUrlHandlerMapping - Rejected bean name 'org.springframework.boot.autoconfigure.domain.EntityScanPackages': no URL paths identified
2020-03-14 21:57:22.720 [main] DEBUG o.s.w.s.h.BeanNameUrlHandlerMapping - Rejected bean name 'org.springframework.boot.autoconfigure.context.PropertyPlaceholderAutoConfiguration': no URL paths identified
2020-03-14 21:57:22.721 [main] DEBUG o.s.w.s.h.BeanNameUrlHandlerMapping - Rejected bean name 'org.springframework.boot.autoconfigure.condition.BeanTypeRegistry': no URL paths identified
2020-03-14 21:57:22.721 [main] DEBUG o.s.w.s.h.BeanNameUrlHandlerMapping - Rejected bean name 'propertySourcesPlaceholderConfigurer': no URL paths identified
2020-03-14 21:57:22.721 [main] DEBUG o.s.w.s.h.BeanNameUrlHandlerMapping - Rejected bean name 'org.springframework.boot.autoconfigure.websocket.servlet.WebSocketServletAutoConfiguration$TomcatWebSocketConfiguration': no URL paths identified
2020-03-14 21:57:22.721 [main] DEBUG o.s.w.s.h.BeanNameUrlHandlerMapping - Rejected bean name 'websocketContainerCustomizer': no URL paths identified
2020-03-14 21:57:22.721 [main] DEBUG o.s.w.s.h.BeanNameUrlHandlerMapping - Rejected bean name 'org.springframework.boot.autoconfigure.websocket.servlet.WebSocketServletAutoConfiguration': no URL paths identified
2020-03-14 21:57:22.721 [main] DEBUG o.s.w.s.h.BeanNameUrlHandlerMapping - Rejected bean name 'org.springframework.boot.autoconfigure.web.servlet.ServletWebServerFactoryConfiguration$EmbeddedTomcat': no URL paths identified
2020-03-14 21:57:22.721 [main] DEBUG o.s.w.s.h.BeanNameUrlHandlerMapping - Rejected bean name 'tomcatServletWebServerFactory': no URL paths identified
2020-03-14 21:57:22.721 [main] DEBUG o.s.w.s.h.BeanNameUrlHandlerMapping - Rejected bean name 'org.springframework.boot.autoconfigure.web.servlet.ServletWebServerFactoryAutoConfiguration': no URL paths identified
2020-03-14 21:57:22.721 [main] DEBUG o.s.w.s.h.BeanNameUrlHandlerMapping - Rejected bean name 'servletWebServerFactoryCustomizer': no URL paths identified
2020-03-14 21:57:22.721 [main] DEBUG o.s.w.s.h.BeanNameUrlHandlerMapping - Rejected bean name 'tomcatServletWebServerFactoryCustomizer': no URL paths identified
2020-03-14 21:57:22.721 [main] DEBUG o.s.w.s.h.BeanNameUrlHandlerMapping - Rejected bean name 'server-org.springframework.boot.autoconfigure.web.ServerProperties': no URL paths identified
2020-03-14 21:57:22.721 [main] DEBUG o.s.w.s.h.BeanNameUrlHandlerMapping - Rejected bean name 'org.springframework.boot.context.properties.ConfigurationPropertiesBindingPostProcessor': no URL paths identified
2020-03-14 21:57:22.721 [main] DEBUG o.s.w.s.h.BeanNameUrlHandlerMapping - Rejected bean name 'org.springframework.boot.context.properties.ConfigurationBeanFactoryMetadata': no URL paths identified
2020-03-14 21:57:22.721 [main] DEBUG o.s.w.s.h.BeanNameUrlHandlerMapping - Rejected bean name 'webServerFactoryCustomizerBeanPostProcessor': no URL paths identified
2020-03-14 21:57:22.721 [main] DEBUG o.s.w.s.h.BeanNameUrlHandlerMapping - Rejected bean name 'errorPageRegistrarBeanPostProcessor': no URL paths identified
2020-03-14 21:57:22.721 [main] DEBUG o.s.w.s.h.BeanNameUrlHandlerMapping - Rejected bean name 'org.springframework.boot.autoconfigure.web.servlet.DispatcherServletAutoConfiguration$DispatcherServletConfiguration': no URL paths identified
2020-03-14 21:57:22.721 [main] DEBUG o.s.w.s.h.BeanNameUrlHandlerMapping - Rejected bean name 'dispatcherServlet': no URL paths identified
2020-03-14 21:57:22.721 [main] DEBUG o.s.w.s.h.BeanNameUrlHandlerMapping - Rejected bean name 'spring.mvc-org.springframework.boot.autoconfigure.web.servlet.WebMvcProperties': no URL paths identified
2020-03-14 21:57:22.721 [main] DEBUG o.s.w.s.h.BeanNameUrlHandlerMapping - Rejected bean name 'org.springframework.boot.autoconfigure.web.servlet.DispatcherServletAutoConfiguration$DispatcherServletRegistrationConfiguration': no URL paths identified
2020-03-14 21:57:22.721 [main] DEBUG o.s.w.s.h.BeanNameUrlHandlerMapping - Rejected bean name 'dispatcherServletRegistration': no URL paths identified
2020-03-14 21:57:22.721 [main] DEBUG o.s.w.s.h.BeanNameUrlHandlerMapping - Rejected bean name 'org.springframework.boot.autoconfigure.web.servlet.DispatcherServletAutoConfiguration': no URL paths identified
2020-03-14 21:57:22.721 [main] DEBUG o.s.w.s.h.BeanNameUrlHandlerMapping - Rejected bean name 'org.springframework.cloud.netflix.archaius.ArchaiusAutoConfiguration$PropagateEventsConfiguration': no URL paths identified
2020-03-14 21:57:22.721 [main] DEBUG o.s.w.s.h.BeanNameUrlHandlerMapping - Rejected bean name 'org.springframework.cloud.netflix.archaius.ArchaiusAutoConfiguration$ArchaiusEndpointConfiguration': no URL paths identified
2020-03-14 21:57:22.721 [main] DEBUG o.s.w.s.h.BeanNameUrlHandlerMapping - Rejected bean name 'archaiusEndpoint': no URL paths identified
2020-03-14 21:57:22.721 [main] DEBUG o.s.w.s.h.BeanNameUrlHandlerMapping - Rejected bean name 'org.springframework.cloud.netflix.archaius.ArchaiusAutoConfiguration': no URL paths identified
2020-03-14 21:57:22.721 [main] DEBUG o.s.w.s.h.BeanNameUrlHandlerMapping - Rejected bean name 'configurableEnvironmentConfiguration': no URL paths identified
2020-03-14 21:57:22.721 [main] DEBUG o.s.w.s.h.BeanNameUrlHandlerMapping - Rejected bean name 'org.springframework.boot.autoconfigure.validation.ValidationAutoConfiguration': no URL paths identified
2020-03-14 21:57:22.721 [main] DEBUG o.s.w.s.h.BeanNameUrlHandlerMapping - Rejected bean name 'defaultValidator': no URL paths identified
2020-03-14 21:57:22.721 [main] DEBUG o.s.w.s.h.BeanNameUrlHandlerMapping - Rejected bean name 'methodValidationPostProcessor': no URL paths identified
2020-03-14 21:57:22.721 [main] DEBUG o.s.w.s.h.BeanNameUrlHandlerMapping - Rejected bean name 'org.springframework.boot.autoconfigure.web.servlet.error.ErrorMvcAutoConfiguration$WhitelabelErrorViewConfiguration': no URL paths identified
2020-03-14 21:57:22.721 [main] DEBUG o.s.w.s.h.BeanNameUrlHandlerMapping - Rejected bean name 'error': no URL paths identified
2020-03-14 21:57:22.721 [main] DEBUG o.s.w.s.h.BeanNameUrlHandlerMapping - Rejected bean name 'beanNameViewResolver': no URL paths identified
2020-03-14 21:57:22.722 [main] DEBUG o.s.w.s.h.BeanNameUrlHandlerMapping - Rejected bean name 'org.springframework.boot.autoconfigure.web.servlet.error.ErrorMvcAutoConfiguration$DefaultErrorViewResolverConfiguration': no URL paths identified
2020-03-14 21:57:22.722 [main] DEBUG o.s.w.s.h.BeanNameUrlHandlerMapping - Rejected bean name 'conventionErrorViewResolver': no URL paths identified
2020-03-14 21:57:22.722 [main] DEBUG o.s.w.s.h.BeanNameUrlHandlerMapping - Rejected bean name 'org.springframework.boot.autoconfigure.web.servlet.error.ErrorMvcAutoConfiguration': no URL paths identified
2020-03-14 21:57:22.722 [main] DEBUG o.s.w.s.h.BeanNameUrlHandlerMapping - Rejected bean name 'errorAttributes': no URL paths identified
2020-03-14 21:57:22.722 [main] DEBUG o.s.w.s.h.BeanNameUrlHandlerMapping - Rejected bean name 'basicErrorController': no URL paths identified
2020-03-14 21:57:22.722 [main] DEBUG o.s.w.s.h.BeanNameUrlHandlerMapping - Rejected bean name 'errorPageCustomizer': no URL paths identified
2020-03-14 21:57:22.722 [main] DEBUG o.s.w.s.h.BeanNameUrlHandlerMapping - Rejected bean name 'preserveErrorControllerTargetClassPostProcessor': no URL paths identified
2020-03-14 21:57:22.722 [main] DEBUG o.s.w.s.h.BeanNameUrlHandlerMapping - Rejected bean name 'spring.resources-org.springframework.boot.autoconfigure.web.ResourceProperties': no URL paths identified
2020-03-14 21:57:22.722 [main] DEBUG o.s.w.s.h.BeanNameUrlHandlerMapping - Rejected bean name 'org.springframework.boot.autoconfigure.security.oauth2.method.OAuth2MethodSecurityConfiguration': no URL paths identified
2020-03-14 21:57:22.722 [main] DEBUG o.s.w.s.h.BeanNameUrlHandlerMapping - Rejected bean name 'org.springframework.boot.autoconfigure.security.oauth2.client.OAuth2RestOperationsConfiguration': no URL paths identified
2020-03-14 21:57:22.722 [main] DEBUG o.s.w.s.h.BeanNameUrlHandlerMapping - Rejected bean name 'org.springframework.boot.autoconfigure.security.oauth2.OAuth2AutoConfiguration': no URL paths identified
2020-03-14 21:57:22.722 [main] DEBUG o.s.w.s.h.BeanNameUrlHandlerMapping - Rejected bean name 'resourceServerProperties': no URL paths identified
2020-03-14 21:57:22.722 [main] DEBUG o.s.w.s.h.BeanNameUrlHandlerMapping - Rejected bean name 'security.oauth2.client-org.springframework.boot.autoconfigure.security.oauth2.OAuth2ClientProperties': no URL paths identified
2020-03-14 21:57:22.722 [main] DEBUG o.s.w.s.h.BeanNameUrlHandlerMapping - Rejected bean name 'org.springframework.boot.autoconfigure.web.servlet.WebMvcAutoConfiguration$WebMvcAutoConfigurationAdapter$FaviconConfiguration': no URL paths identified
2020-03-14 21:57:22.722 [main] DEBUG o.s.w.s.h.BeanNameUrlHandlerMapping - Rejected bean name 'faviconHandlerMapping': no URL paths identified
2020-03-14 21:57:22.722 [main] DEBUG o.s.w.s.h.BeanNameUrlHandlerMapping - Rejected bean name 'faviconRequestHandler': no URL paths identified
2020-03-14 21:57:22.722 [main] DEBUG o.s.w.s.h.BeanNameUrlHandlerMapping - Rejected bean name 'org.springframework.boot.autoconfigure.web.servlet.WebMvcAutoConfiguration$EnableWebMvcConfiguration': no URL paths identified
2020-03-14 21:57:22.722 [main] DEBUG o.s.w.s.h.BeanNameUrlHandlerMapping - Rejected bean name 'requestMappingHandlerAdapter': no URL paths identified
2020-03-14 21:57:22.722 [main] DEBUG o.s.w.s.h.BeanNameUrlHandlerMapping - Rejected bean name 'requestMappingHandlerMapping': no URL paths identified
2020-03-14 21:57:22.722 [main] DEBUG o.s.w.s.h.BeanNameUrlHandlerMapping - Rejected bean name 'mvcConversionService': no URL paths identified
2020-03-14 21:57:22.722 [main] DEBUG o.s.w.s.h.BeanNameUrlHandlerMapping - Rejected bean name 'mvcValidator': no URL paths identified
2020-03-14 21:57:22.722 [main] DEBUG o.s.w.s.h.BeanNameUrlHandlerMapping - Rejected bean name 'mvcContentNegotiationManager': no URL paths identified
2020-03-14 21:57:22.722 [main] DEBUG o.s.w.s.h.BeanNameUrlHandlerMapping - Rejected bean name 'mvcPathMatcher': no URL paths identified
2020-03-14 21:57:22.722 [main] DEBUG o.s.w.s.h.BeanNameUrlHandlerMapping - Rejected bean name 'mvcUrlPathHelper': no URL paths identified
2020-03-14 21:57:22.722 [main] DEBUG o.s.w.s.h.BeanNameUrlHandlerMapping - Rejected bean name 'viewControllerHandlerMapping': no URL paths identified
2020-03-14 21:57:22.722 [main] DEBUG o.s.w.s.h.BeanNameUrlHandlerMapping - Rejected bean name 'beanNameHandlerMapping': no URL paths identified
2020-03-14 21:57:22.722 [main] DEBUG o.s.w.s.h.BeanNameUrlHandlerMapping - Rejected bean name 'resourceHandlerMapping': no URL paths identified
2020-03-14 21:57:22.722 [main] DEBUG o.s.w.s.h.BeanNameUrlHandlerMapping - Rejected bean name 'mvcResourceUrlProvider': no URL paths identified
2020-03-14 21:57:22.722 [main] DEBUG o.s.w.s.h.BeanNameUrlHandlerMapping - Rejected bean name 'defaultServletHandlerMapping': no URL paths identified
2020-03-14 21:57:22.722 [main] DEBUG o.s.w.s.h.BeanNameUrlHandlerMapping - Rejected bean name 'mvcUriComponentsContributor': no URL paths identified
2020-03-14 21:57:22.722 [main] DEBUG o.s.w.s.h.BeanNameUrlHandlerMapping - Rejected bean name 'httpRequestHandlerAdapter': no URL paths identified
2020-03-14 21:57:22.722 [main] DEBUG o.s.w.s.h.BeanNameUrlHandlerMapping - Rejected bean name 'simpleControllerHandlerAdapter': no URL paths identified
2020-03-14 21:57:22.723 [main] DEBUG o.s.w.s.h.BeanNameUrlHandlerMapping - Rejected bean name 'handlerExceptionResolver': no URL paths identified
2020-03-14 21:57:22.723 [main] DEBUG o.s.w.s.h.BeanNameUrlHandlerMapping - Rejected bean name 'mvcViewResolver': no URL paths identified
2020-03-14 21:57:22.723 [main] DEBUG o.s.w.s.h.BeanNameUrlHandlerMapping - Rejected bean name 'mvcHandlerMappingIntrospector': no URL paths identified
2020-03-14 21:57:22.723 [main] DEBUG o.s.w.s.h.BeanNameUrlHandlerMapping - Rejected bean name 'org.springframework.boot.autoconfigure.web.servlet.WebMvcAutoConfiguration$WebMvcAutoConfigurationAdapter': no URL paths identified
2020-03-14 21:57:22.723 [main] DEBUG o.s.w.s.h.BeanNameUrlHandlerMapping - Rejected bean name 'defaultViewResolver': no URL paths identified
2020-03-14 21:57:22.723 [main] DEBUG o.s.w.s.h.BeanNameUrlHandlerMapping - Rejected bean name 'viewResolver': no URL paths identified
2020-03-14 21:57:22.723 [main] DEBUG o.s.w.s.h.BeanNameUrlHandlerMapping - Rejected bean name 'welcomePageHandlerMapping': no URL paths identified
2020-03-14 21:57:22.723 [main] DEBUG o.s.w.s.h.BeanNameUrlHandlerMapping - Rejected bean name 'requestContextFilter': no URL paths identified
2020-03-14 21:57:22.723 [main] DEBUG o.s.w.s.h.BeanNameUrlHandlerMapping - Rejected bean name 'org.springframework.boot.autoconfigure.web.servlet.WebMvcAutoConfiguration': no URL paths identified
2020-03-14 21:57:22.723 [main] DEBUG o.s.w.s.h.BeanNameUrlHandlerMapping - Rejected bean name 'hiddenHttpMethodFilter': no URL paths identified
2020-03-14 21:57:22.723 [main] DEBUG o.s.w.s.h.BeanNameUrlHandlerMapping - Rejected bean name 'httpPutFormContentFilter': no URL paths identified
2020-03-14 21:57:22.723 [main] DEBUG o.s.w.s.h.BeanNameUrlHandlerMapping - Rejected bean name 'com.alibaba.druid.spring.boot.autoconfigure.stat.DruidStatViewServletConfiguration': no URL paths identified
2020-03-14 21:57:22.723 [main] DEBUG o.s.w.s.h.BeanNameUrlHandlerMapping - Rejected bean name 'statViewServletRegistrationBean': no URL paths identified
2020-03-14 21:57:22.723 [main] DEBUG o.s.w.s.h.BeanNameUrlHandlerMapping - Rejected bean name 'com.alibaba.druid.spring.boot.autoconfigure.stat.DruidWebStatFilterConfiguration': no URL paths identified
2020-03-14 21:57:22.723 [main] DEBUG o.s.w.s.h.BeanNameUrlHandlerMapping - Rejected bean name 'webStatFilterRegistrationBean': no URL paths identified
2020-03-14 21:57:22.723 [main] DEBUG o.s.w.s.h.BeanNameUrlHandlerMapping - Rejected bean name 'com.alibaba.druid.spring.boot.autoconfigure.stat.DruidFilterConfiguration': no URL paths identified
2020-03-14 21:57:22.723 [main] DEBUG o.s.w.s.h.BeanNameUrlHandlerMapping - Rejected bean name 'statFilter': no URL paths identified
2020-03-14 21:57:22.723 [main] DEBUG o.s.w.s.h.BeanNameUrlHandlerMapping - Rejected bean name 'com.alibaba.druid.spring.boot.autoconfigure.DruidDataSourceAutoConfigure': no URL paths identified
2020-03-14 21:57:22.723 [main] DEBUG o.s.w.s.h.BeanNameUrlHandlerMapping - Rejected bean name 'dataSource': no URL paths identified
2020-03-14 21:57:22.723 [main] DEBUG o.s.w.s.h.BeanNameUrlHandlerMapping - Rejected bean name 'spring.datasource.druid-com.alibaba.druid.spring.boot.autoconfigure.properties.DruidStatProperties': no URL paths identified
2020-03-14 21:57:22.723 [main] DEBUG o.s.w.s.h.BeanNameUrlHandlerMapping - Rejected bean name 'spring.datasource-org.springframework.boot.autoconfigure.jdbc.DataSourceProperties': no URL paths identified
2020-03-14 21:57:22.723 [main] DEBUG o.s.w.s.h.BeanNameUrlHandlerMapping - Rejected bean name 'org.springframework.boot.autoconfigure.transaction.jta.JtaAutoConfiguration': no URL paths identified
2020-03-14 21:57:22.723 [main] DEBUG o.s.w.s.h.BeanNameUrlHandlerMapping - Rejected bean name 'spring.jta-org.springframework.boot.autoconfigure.transaction.jta.JtaProperties': no URL paths identified
2020-03-14 21:57:22.723 [main] DEBUG o.s.w.s.h.BeanNameUrlHandlerMapping - Rejected bean name 'org.springframework.boot.autoconfigure.jdbc.metadata.DataSourcePoolMetadataProvidersConfiguration$HikariPoolDataSourceMetadataProviderConfiguration': no URL paths identified
2020-03-14 21:57:22.723 [main] DEBUG o.s.w.s.h.BeanNameUrlHandlerMapping - Rejected bean name 'hikariPoolDataSourceMetadataProvider': no URL paths identified
2020-03-14 21:57:22.723 [main] DEBUG o.s.w.s.h.BeanNameUrlHandlerMapping - Rejected bean name 'org.springframework.boot.autoconfigure.jdbc.metadata.DataSourcePoolMetadataProvidersConfiguration': no URL paths identified
2020-03-14 21:57:22.723 [main] DEBUG o.s.w.s.h.BeanNameUrlHandlerMapping - Rejected bean name 'org.springframework.boot.autoconfigure.jdbc.DataSourceInitializerInvoker': no URL paths identified
2020-03-14 21:57:22.723 [main] DEBUG o.s.w.s.h.BeanNameUrlHandlerMapping - Rejected bean name 'org.springframework.boot.autoconfigure.jdbc.DataSourceInitializationConfiguration': no URL paths identified
2020-03-14 21:57:22.723 [main] DEBUG o.s.w.s.h.BeanNameUrlHandlerMapping - Rejected bean name 'dataSourceInitializerPostProcessor': no URL paths identified
2020-03-14 21:57:22.723 [main] DEBUG o.s.w.s.h.BeanNameUrlHandlerMapping - Rejected bean name 'org.springframework.boot.autoconfigure.jdbc.DataSourceAutoConfiguration': no URL paths identified
2020-03-14 21:57:22.723 [main] DEBUG o.s.w.s.h.BeanNameUrlHandlerMapping - Rejected bean name 'org.mybatis.spring.boot.autoconfigure.MybatisAutoConfiguration$MapperScannerRegistrarNotFoundConfiguration': no URL paths identified
2020-03-14 21:57:22.723 [main] DEBUG o.s.w.s.h.BeanNameUrlHandlerMapping - Rejected bean name 'categoryMapper': no URL paths identified
2020-03-14 21:57:22.723 [main] DEBUG o.s.w.s.h.BeanNameUrlHandlerMapping - Rejected bean name 'courseMapper': no URL paths identified
2020-03-14 21:57:22.723 [main] DEBUG o.s.w.s.h.BeanNameUrlHandlerMapping - Rejected bean name 'courseMarketMapper': no URL paths identified
2020-03-14 21:57:22.723 [main] DEBUG o.s.w.s.h.BeanNameUrlHandlerMapping - Rejected bean name 'teachplanMapper': no URL paths identified
2020-03-14 21:57:22.723 [main] DEBUG o.s.w.s.h.BeanNameUrlHandlerMapping - Rejected bean name 'org.mybatis.spring.boot.autoconfigure.MybatisAutoConfiguration': no URL paths identified
2020-03-14 21:57:22.724 [main] DEBUG o.s.w.s.h.BeanNameUrlHandlerMapping - Rejected bean name 'sqlSessionFactory': no URL paths identified
2020-03-14 21:57:22.724 [main] DEBUG o.s.w.s.h.BeanNameUrlHandlerMapping - Rejected bean name 'sqlSessionTemplate': no URL paths identified
2020-03-14 21:57:22.724 [main] DEBUG o.s.w.s.h.BeanNameUrlHandlerMapping - Rejected bean name 'mybatis-org.mybatis.spring.boot.autoconfigure.MybatisProperties': no URL paths identified
2020-03-14 21:57:22.724 [main] DEBUG o.s.w.s.h.BeanNameUrlHandlerMapping - Rejected bean name 'com.github.pagehelper.autoconfigure.PageHelperAutoConfiguration': no URL paths identified
2020-03-14 21:57:22.724 [main] DEBUG o.s.w.s.h.BeanNameUrlHandlerMapping - Rejected bean name 'pageHelperProperties': no URL paths identified
2020-03-14 21:57:22.724 [main] DEBUG o.s.w.s.h.BeanNameUrlHandlerMapping - Rejected bean name 'pagehelper-com.github.pagehelper.autoconfigure.PageHelperProperties': no URL paths identified
2020-03-14 21:57:22.724 [main] DEBUG o.s.w.s.h.BeanNameUrlHandlerMapping - Rejected bean name 'org.springframework.boot.actuate.autoconfigure.audit.AuditAutoConfiguration$AuditEventRepositoryConfiguration': no URL paths identified
2020-03-14 21:57:22.724 [main] DEBUG o.s.w.s.h.BeanNameUrlHandlerMapping - Rejected bean name 'auditEventRepository': no URL paths identified
2020-03-14 21:57:22.724 [main] DEBUG o.s.w.s.h.BeanNameUrlHandlerMapping - Rejected bean name 'org.springframework.boot.actuate.autoconfigure.audit.AuditAutoConfiguration': no URL paths identified
2020-03-14 21:57:22.724 [main] DEBUG o.s.w.s.h.BeanNameUrlHandlerMapping - Rejected bean name 'auditListener': no URL paths identified
2020-03-14 21:57:22.724 [main] DEBUG o.s.w.s.h.BeanNameUrlHandlerMapping - Rejected bean name 'authenticationAuditListener': no URL paths identified
2020-03-14 21:57:22.724 [main] DEBUG o.s.w.s.h.BeanNameUrlHandlerMapping - Rejected bean name 'authorizationAuditListener': no URL paths identified
2020-03-14 21:57:22.724 [main] DEBUG o.s.w.s.h.BeanNameUrlHandlerMapping - Rejected bean name 'org.springframework.boot.actuate.autoconfigure.audit.AuditEventsEndpointAutoConfiguration': no URL paths identified
2020-03-14 21:57:22.724 [main] DEBUG o.s.w.s.h.BeanNameUrlHandlerMapping - Rejected bean name 'auditEventsEndpoint': no URL paths identified
2020-03-14 21:57:22.724 [main] DEBUG o.s.w.s.h.BeanNameUrlHandlerMapping - Rejected bean name 'org.springframework.boot.actuate.autoconfigure.beans.BeansEndpointAutoConfiguration': no URL paths identified
2020-03-14 21:57:22.724 [main] DEBUG o.s.w.s.h.BeanNameUrlHandlerMapping - Rejected bean name 'beansEndpoint': no URL paths identified
2020-03-14 21:57:22.724 [main] DEBUG o.s.w.s.h.BeanNameUrlHandlerMapping - Rejected bean name 'org.springframework.boot.actuate.autoconfigure.system.DiskSpaceHealthIndicatorAutoConfiguration': no URL paths identified
2020-03-14 21:57:22.724 [main] DEBUG o.s.w.s.h.BeanNameUrlHandlerMapping - Rejected bean name 'diskSpaceHealthIndicator': no URL paths identified
2020-03-14 21:57:22.724 [main] DEBUG o.s.w.s.h.BeanNameUrlHandlerMapping - Rejected bean name 'diskSpaceHealthIndicatorProperties': no URL paths identified
2020-03-14 21:57:22.724 [main] DEBUG o.s.w.s.h.BeanNameUrlHandlerMapping - Rejected bean name 'org.springframework.boot.autoconfigure.mongo.MongoAutoConfiguration': no URL paths identified
2020-03-14 21:57:22.724 [main] DEBUG o.s.w.s.h.BeanNameUrlHandlerMapping - Rejected bean name 'mongo': no URL paths identified
2020-03-14 21:57:22.724 [main] DEBUG o.s.w.s.h.BeanNameUrlHandlerMapping - Rejected bean name 'spring.data.mongodb-org.springframework.boot.autoconfigure.mongo.MongoProperties': no URL paths identified
2020-03-14 21:57:22.724 [main] DEBUG o.s.w.s.h.BeanNameUrlHandlerMapping - Rejected bean name 'org.springframework.boot.autoconfigure.data.mongo.MongoDataAutoConfiguration': no URL paths identified
2020-03-14 21:57:22.724 [main] DEBUG o.s.w.s.h.BeanNameUrlHandlerMapping - Rejected bean name 'mongoDbFactory': no URL paths identified
2020-03-14 21:57:22.724 [main] DEBUG o.s.w.s.h.BeanNameUrlHandlerMapping - Rejected bean name 'mongoTemplate': no URL paths identified
2020-03-14 21:57:22.724 [main] DEBUG o.s.w.s.h.BeanNameUrlHandlerMapping - Rejected bean name 'mappingMongoConverter': no URL paths identified
2020-03-14 21:57:22.724 [main] DEBUG o.s.w.s.h.BeanNameUrlHandlerMapping - Rejected bean name 'mongoMappingContext': no URL paths identified
2020-03-14 21:57:22.724 [main] DEBUG o.s.w.s.h.BeanNameUrlHandlerMapping - Rejected bean name 'gridFsTemplate': no URL paths identified
2020-03-14 21:57:22.724 [main] DEBUG o.s.w.s.h.BeanNameUrlHandlerMapping - Rejected bean name 'mongoCustomConversions': no URL paths identified
2020-03-14 21:57:22.724 [main] DEBUG o.s.w.s.h.BeanNameUrlHandlerMapping - Rejected bean name 'org.springframework.boot.actuate.autoconfigure.mongo.MongoHealthIndicatorConfiguration': no URL paths identified
2020-03-14 21:57:22.724 [main] DEBUG o.s.w.s.h.BeanNameUrlHandlerMapping - Rejected bean name 'mongoHealthIndicator': no URL paths identified
2020-03-14 21:57:22.724 [main] DEBUG o.s.w.s.h.BeanNameUrlHandlerMapping - Rejected bean name 'org.springframework.boot.actuate.autoconfigure.mongo.MongoHealthIndicatorAutoConfiguration': no URL paths identified
2020-03-14 21:57:22.724 [main] DEBUG o.s.w.s.h.BeanNameUrlHandlerMapping - Rejected bean name 'org.springframework.boot.actuate.autoconfigure.redis.RedisHealthIndicatorAutoConfiguration': no URL paths identified
2020-03-14 21:57:22.724 [main] DEBUG o.s.w.s.h.BeanNameUrlHandlerMapping - Rejected bean name 'org.springframework.boot.actuate.autoconfigure.jdbc.DataSourceHealthIndicatorAutoConfiguration': no URL paths identified
2020-03-14 21:57:22.724 [main] DEBUG o.s.w.s.h.BeanNameUrlHandlerMapping - Rejected bean name 'dbHealthIndicator': no URL paths identified
2020-03-14 21:57:22.724 [main] DEBUG o.s.w.s.h.BeanNameUrlHandlerMapping - Rejected bean name 'org.springframework.boot.autoconfigure.gson.GsonAutoConfiguration': no URL paths identified
2020-03-14 21:57:22.724 [main] DEBUG o.s.w.s.h.BeanNameUrlHandlerMapping - Rejected bean name 'gsonBuilder': no URL paths identified
2020-03-14 21:57:22.725 [main] DEBUG o.s.w.s.h.BeanNameUrlHandlerMapping - Rejected bean name 'gson': no URL paths identified
2020-03-14 21:57:22.725 [main] DEBUG o.s.w.s.h.BeanNameUrlHandlerMapping - Rejected bean name 'standardGsonBuilderCustomizer': no URL paths identified
2020-03-14 21:57:22.725 [main] DEBUG o.s.w.s.h.BeanNameUrlHandlerMapping - Rejected bean name 'spring.gson-org.springframework.boot.autoconfigure.gson.GsonProperties': no URL paths identified
2020-03-14 21:57:22.725 [main] DEBUG o.s.w.s.h.BeanNameUrlHandlerMapping - Rejected bean name 'org.springframework.boot.actuate.autoconfigure.elasticsearch.ElasticsearchHealthIndicatorAutoConfiguration': no URL paths identified
2020-03-14 21:57:22.725 [main] DEBUG o.s.w.s.h.BeanNameUrlHandlerMapping - Rejected bean name 'org.springframework.boot.actuate.autoconfigure.health.HealthIndicatorAutoConfiguration': no URL paths identified
2020-03-14 21:57:22.725 [main] DEBUG o.s.w.s.h.BeanNameUrlHandlerMapping - Rejected bean name 'healthAggregator': no URL paths identified
2020-03-14 21:57:22.725 [main] DEBUG o.s.w.s.h.BeanNameUrlHandlerMapping - Rejected bean name 'management.health.status-org.springframework.boot.actuate.autoconfigure.health.HealthIndicatorProperties': no URL paths identified
2020-03-14 21:57:22.725 [main] DEBUG o.s.w.s.h.BeanNameUrlHandlerMapping - Rejected bean name 'org.springframework.boot.actuate.autoconfigure.health.HealthEndpointConfiguration': no URL paths identified
2020-03-14 21:57:22.725 [main] DEBUG o.s.w.s.h.BeanNameUrlHandlerMapping - Rejected bean name 'healthEndpoint': no URL paths identified
2020-03-14 21:57:22.725 [main] DEBUG o.s.w.s.h.BeanNameUrlHandlerMapping - Rejected bean name 'org.springframework.boot.actuate.autoconfigure.health.HealthEndpointWebExtensionConfiguration$ServletWebHealthConfiguration': no URL paths identified
2020-03-14 21:57:22.725 [main] DEBUG o.s.w.s.h.BeanNameUrlHandlerMapping - Rejected bean name 'healthEndpointWebExtension': no URL paths identified
2020-03-14 21:57:22.725 [main] DEBUG o.s.w.s.h.BeanNameUrlHandlerMapping - Rejected bean name 'org.springframework.boot.actuate.autoconfigure.health.HealthEndpointWebExtensionConfiguration': no URL paths identified
2020-03-14 21:57:22.725 [main] DEBUG o.s.w.s.h.BeanNameUrlHandlerMapping - Rejected bean name 'createHealthStatusHttpMapper': no URL paths identified
2020-03-14 21:57:22.725 [main] DEBUG o.s.w.s.h.BeanNameUrlHandlerMapping - Rejected bean name 'healthWebEndpointResponseMapper': no URL paths identified
2020-03-14 21:57:22.725 [main] DEBUG o.s.w.s.h.BeanNameUrlHandlerMapping - Rejected bean name 'org.springframework.boot.actuate.autoconfigure.health.HealthEndpointAutoConfiguration': no URL paths identified
2020-03-14 21:57:22.725 [main] DEBUG o.s.w.s.h.BeanNameUrlHandlerMapping - Rejected bean name 'management.endpoint.health-org.springframework.boot.actuate.autoconfigure.health.HealthEndpointProperties': no URL paths identified
2020-03-14 21:57:22.725 [main] DEBUG o.s.w.s.h.BeanNameUrlHandlerMapping - Rejected bean name 'org.springframework.boot.actuate.autoconfigure.web.servlet.ServletManagementContextAutoConfiguration': no URL paths identified
2020-03-14 21:57:22.725 [main] DEBUG o.s.w.s.h.BeanNameUrlHandlerMapping - Rejected bean name 'servletWebChildContextFactory': no URL paths identified
2020-03-14 21:57:22.725 [main] DEBUG o.s.w.s.h.BeanNameUrlHandlerMapping - Rejected bean name 'managementServletContext': no URL paths identified
2020-03-14 21:57:22.725 [main] DEBUG o.s.w.s.h.BeanNameUrlHandlerMapping - Rejected bean name 'org.springframework.boot.actuate.autoconfigure.condition.ConditionsReportEndpointAutoConfiguration': no URL paths identified
2020-03-14 21:57:22.725 [main] DEBUG o.s.w.s.h.BeanNameUrlHandlerMapping - Rejected bean name 'conditionsReportEndpoint': no URL paths identified
2020-03-14 21:57:22.725 [main] DEBUG o.s.w.s.h.BeanNameUrlHandlerMapping - Rejected bean name 'org.springframework.boot.actuate.autoconfigure.context.ShutdownEndpointAutoConfiguration': no URL paths identified
2020-03-14 21:57:22.725 [main] DEBUG o.s.w.s.h.BeanNameUrlHandlerMapping - Rejected bean name 'org.springframework.boot.actuate.autoconfigure.context.properties.ConfigurationPropertiesReportEndpointAutoConfiguration': no URL paths identified
2020-03-14 21:57:22.725 [main] DEBUG o.s.w.s.h.BeanNameUrlHandlerMapping - Rejected bean name 'configurationPropertiesReportEndpoint': no URL paths identified
2020-03-14 21:57:22.725 [main] DEBUG o.s.w.s.h.BeanNameUrlHandlerMapping - Rejected bean name 'management.endpoint.configprops-org.springframework.boot.actuate.autoconfigure.context.properties.ConfigurationPropertiesReportEndpointProperties': no URL paths identified
2020-03-14 21:57:22.725 [main] DEBUG o.s.w.s.h.BeanNameUrlHandlerMapping - Rejected bean name 'org.springframework.boot.actuate.autoconfigure.endpoint.EndpointAutoConfiguration': no URL paths identified
2020-03-14 21:57:22.725 [main] DEBUG o.s.w.s.h.BeanNameUrlHandlerMapping - Rejected bean name 'endpointOperationParameterMapper': no URL paths identified
2020-03-14 21:57:22.725 [main] DEBUG o.s.w.s.h.BeanNameUrlHandlerMapping - Rejected bean name 'endpointCachingOperationInvokerAdvisor': no URL paths identified
2020-03-14 21:57:22.725 [main] DEBUG o.s.w.s.h.BeanNameUrlHandlerMapping - Rejected bean name 'org.springframework.boot.actuate.autoconfigure.endpoint.jmx.JmxEndpointAutoConfiguration': no URL paths identified
2020-03-14 21:57:22.725 [main] DEBUG o.s.w.s.h.BeanNameUrlHandlerMapping - Rejected bean name 'jmxAnnotationEndpointDiscoverer': no URL paths identified
2020-03-14 21:57:22.726 [main] DEBUG o.s.w.s.h.BeanNameUrlHandlerMapping - Rejected bean name 'jmxIncludeExcludePropertyEndpointFilter': no URL paths identified
2020-03-14 21:57:22.726 [main] DEBUG o.s.w.s.h.BeanNameUrlHandlerMapping - Rejected bean name 'management.endpoints.jmx-org.springframework.boot.actuate.autoconfigure.endpoint.jmx.JmxEndpointProperties': no URL paths identified
2020-03-14 21:57:22.726 [main] DEBUG o.s.w.s.h.BeanNameUrlHandlerMapping - Rejected bean name 'org.springframework.boot.actuate.autoconfigure.endpoint.web.WebEndpointAutoConfiguration$WebEndpointServletAutoConfiguration': no URL paths identified
2020-03-14 21:57:22.726 [main] DEBUG o.s.w.s.h.BeanNameUrlHandlerMapping - Rejected bean name 'servletEndpointDiscoverer': no URL paths identified
2020-03-14 21:57:22.726 [main] DEBUG o.s.w.s.h.BeanNameUrlHandlerMapping - Rejected bean name 'org.springframework.boot.actuate.autoconfigure.endpoint.web.WebEndpointAutoConfiguration': no URL paths identified
2020-03-14 21:57:22.726 [main] DEBUG o.s.w.s.h.BeanNameUrlHandlerMapping - Rejected bean name 'webEndpointPathMapper': no URL paths identified
2020-03-14 21:57:22.726 [main] DEBUG o.s.w.s.h.BeanNameUrlHandlerMapping - Rejected bean name 'endpointMediaTypes': no URL paths identified
2020-03-14 21:57:22.726 [main] DEBUG o.s.w.s.h.BeanNameUrlHandlerMapping - Rejected bean name 'webEndpointDiscoverer': no URL paths identified
2020-03-14 21:57:22.726 [main] DEBUG o.s.w.s.h.BeanNameUrlHandlerMapping - Rejected bean name 'controllerEndpointDiscoverer': no URL paths identified
2020-03-14 21:57:22.726 [main] DEBUG o.s.w.s.h.BeanNameUrlHandlerMapping - Rejected bean name 'pathMappedEndpoints': no URL paths identified
2020-03-14 21:57:22.726 [main] DEBUG o.s.w.s.h.BeanNameUrlHandlerMapping - Rejected bean name 'webExposeExcludePropertyEndpointFilter': no URL paths identified
2020-03-14 21:57:22.726 [main] DEBUG o.s.w.s.h.BeanNameUrlHandlerMapping - Rejected bean name 'controllerExposeExcludePropertyEndpointFilter': no URL paths identified
2020-03-14 21:57:22.726 [main] DEBUG o.s.w.s.h.BeanNameUrlHandlerMapping - Rejected bean name 'management.endpoints.web-org.springframework.boot.actuate.autoconfigure.endpoint.web.WebEndpointProperties': no URL paths identified
2020-03-14 21:57:22.726 [main] DEBUG o.s.w.s.h.BeanNameUrlHandlerMapping - Rejected bean name 'org.springframework.cloud.autoconfigure.LifecycleMvcEndpointAutoConfiguration': no URL paths identified
2020-03-14 21:57:22.726 [main] DEBUG o.s.w.s.h.BeanNameUrlHandlerMapping - Rejected bean name 'environmentManager': no URL paths identified
2020-03-14 21:57:22.726 [main] DEBUG o.s.w.s.h.BeanNameUrlHandlerMapping - Rejected bean name 'org.springframework.cloud.autoconfigure.WritableEnvironmentEndpointAutoConfiguration': no URL paths identified
2020-03-14 21:57:22.726 [main] DEBUG o.s.w.s.h.BeanNameUrlHandlerMapping - Rejected bean name 'environmentEndpoint': no URL paths identified
2020-03-14 21:57:22.726 [main] DEBUG o.s.w.s.h.BeanNameUrlHandlerMapping - Rejected bean name 'environmentEndpointWebExtension': no URL paths identified
2020-03-14 21:57:22.726 [main] DEBUG o.s.w.s.h.BeanNameUrlHandlerMapping - Rejected bean name 'management.endpoint.env-org.springframework.boot.actuate.autoconfigure.env.EnvironmentEndpointProperties': no URL paths identified
2020-03-14 21:57:22.726 [main] DEBUG o.s.w.s.h.BeanNameUrlHandlerMapping - Rejected bean name 'org.springframework.boot.actuate.autoconfigure.env.EnvironmentEndpointAutoConfiguration': no URL paths identified
2020-03-14 21:57:22.726 [main] DEBUG o.s.w.s.h.BeanNameUrlHandlerMapping - Rejected bean name 'org.springframework.boot.autoconfigure.info.ProjectInfoAutoConfiguration': no URL paths identified
2020-03-14 21:57:22.726 [main] DEBUG o.s.w.s.h.BeanNameUrlHandlerMapping - Rejected bean name 'spring.info-org.springframework.boot.autoconfigure.info.ProjectInfoProperties': no URL paths identified
2020-03-14 21:57:22.726 [main] DEBUG o.s.w.s.h.BeanNameUrlHandlerMapping - Rejected bean name 'org.springframework.boot.actuate.autoconfigure.info.InfoContributorAutoConfiguration': no URL paths identified
2020-03-14 21:57:22.726 [main] DEBUG o.s.w.s.h.BeanNameUrlHandlerMapping - Rejected bean name 'envInfoContributor': no URL paths identified
2020-03-14 21:57:22.726 [main] DEBUG o.s.w.s.h.BeanNameUrlHandlerMapping - Rejected bean name 'management.info-org.springframework.boot.actuate.autoconfigure.info.InfoContributorProperties': no URL paths identified
2020-03-14 21:57:22.726 [main] DEBUG o.s.w.s.h.BeanNameUrlHandlerMapping - Rejected bean name 'org.springframework.boot.actuate.autoconfigure.info.InfoEndpointAutoConfiguration': no URL paths identified
2020-03-14 21:57:22.726 [main] DEBUG o.s.w.s.h.BeanNameUrlHandlerMapping - Rejected bean name 'infoEndpoint': no URL paths identified
2020-03-14 21:57:22.726 [main] DEBUG o.s.w.s.h.BeanNameUrlHandlerMapping - Rejected bean name 'org.springframework.boot.actuate.autoconfigure.logging.LogFileWebEndpointAutoConfiguration': no URL paths identified
2020-03-14 21:57:22.726 [main] DEBUG o.s.w.s.h.BeanNameUrlHandlerMapping - Rejected bean name 'management.endpoint.logfile-org.springframework.boot.actuate.autoconfigure.logging.LogFileWebEndpointProperties': no URL paths identified
2020-03-14 21:57:22.727 [main] DEBUG o.s.w.s.h.BeanNameUrlHandlerMapping - Rejected bean name 'org.springframework.boot.actuate.autoconfigure.logging.LoggersEndpointAutoConfiguration': no URL paths identified
2020-03-14 21:57:22.727 [main] DEBUG o.s.w.s.h.BeanNameUrlHandlerMapping - Rejected bean name 'loggersEndpoint': no URL paths identified
2020-03-14 21:57:22.727 [main] DEBUG o.s.w.s.h.BeanNameUrlHandlerMapping - Rejected bean name 'org.springframework.boot.actuate.autoconfigure.management.HeapDumpWebEndpointAutoConfiguration': no URL paths identified
2020-03-14 21:57:22.727 [main] DEBUG o.s.w.s.h.BeanNameUrlHandlerMapping - Rejected bean name 'heapDumpWebEndpoint': no URL paths identified
2020-03-14 21:57:22.727 [main] DEBUG o.s.w.s.h.BeanNameUrlHandlerMapping - Rejected bean name 'org.springframework.boot.actuate.autoconfigure.management.ThreadDumpEndpointAutoConfiguration': no URL paths identified
2020-03-14 21:57:22.728 [main] DEBUG o.s.w.s.h.BeanNameUrlHandlerMapping - Rejected bean name 'dumpEndpoint': no URL paths identified
2020-03-14 21:57:22.728 [main] DEBUG o.s.w.s.h.BeanNameUrlHandlerMapping - Rejected bean name 'org.springframework.boot.actuate.autoconfigure.metrics.MetricsAutoConfiguration$MeterBindersConfiguration': no URL paths identified
2020-03-14 21:57:22.728 [main] DEBUG o.s.w.s.h.BeanNameUrlHandlerMapping - Rejected bean name 'logbackMetrics': no URL paths identified
2020-03-14 21:57:22.728 [main] DEBUG o.s.w.s.h.BeanNameUrlHandlerMapping - Rejected bean name 'uptimeMetrics': no URL paths identified
2020-03-14 21:57:22.728 [main] DEBUG o.s.w.s.h.BeanNameUrlHandlerMapping - Rejected bean name 'processorMetrics': no URL paths identified
2020-03-14 21:57:22.728 [main] DEBUG o.s.w.s.h.BeanNameUrlHandlerMapping - Rejected bean name 'fileDescriptorMetrics': no URL paths identified
2020-03-14 21:57:22.728 [main] DEBUG o.s.w.s.h.BeanNameUrlHandlerMapping - Rejected bean name 'org.springframework.boot.actuate.autoconfigure.metrics.MetricsAutoConfiguration$JvmMeterBindersConfiguration': no URL paths identified
2020-03-14 21:57:22.728 [main] DEBUG o.s.w.s.h.BeanNameUrlHandlerMapping - Rejected bean name 'jvmGcMetrics': no URL paths identified
2020-03-14 21:57:22.728 [main] DEBUG o.s.w.s.h.BeanNameUrlHandlerMapping - Rejected bean name 'jvmMemoryMetrics': no URL paths identified
2020-03-14 21:57:22.728 [main] DEBUG o.s.w.s.h.BeanNameUrlHandlerMapping - Rejected bean name 'jvmThreadMetrics': no URL paths identified
2020-03-14 21:57:22.729 [main] DEBUG o.s.w.s.h.BeanNameUrlHandlerMapping - Rejected bean name 'classLoaderMetrics': no URL paths identified
2020-03-14 21:57:22.729 [main] DEBUG o.s.w.s.h.BeanNameUrlHandlerMapping - Rejected bean name 'org.springframework.boot.actuate.autoconfigure.metrics.MetricsAutoConfiguration': no URL paths identified
2020-03-14 21:57:22.729 [main] DEBUG o.s.w.s.h.BeanNameUrlHandlerMapping - Rejected bean name 'micrometerClock': no URL paths identified
2020-03-14 21:57:22.729 [main] DEBUG o.s.w.s.h.BeanNameUrlHandlerMapping - Rejected bean name 'meterRegistryPostProcessor': no URL paths identified
2020-03-14 21:57:22.729 [main] DEBUG o.s.w.s.h.BeanNameUrlHandlerMapping - Rejected bean name 'propertiesMeterFilter': no URL paths identified
2020-03-14 21:57:22.729 [main] DEBUG o.s.w.s.h.BeanNameUrlHandlerMapping - Rejected bean name 'management.metrics-org.springframework.boot.actuate.autoconfigure.metrics.MetricsProperties': no URL paths identified
2020-03-14 21:57:22.729 [main] DEBUG o.s.w.s.h.BeanNameUrlHandlerMapping - Rejected bean name 'org.springframework.boot.actuate.autoconfigure.metrics.export.simple.SimpleMetricsExportAutoConfiguration': no URL paths identified
2020-03-14 21:57:22.729 [main] DEBUG o.s.w.s.h.BeanNameUrlHandlerMapping - Rejected bean name 'simpleMeterRegistry': no URL paths identified
2020-03-14 21:57:22.729 [main] DEBUG o.s.w.s.h.BeanNameUrlHandlerMapping - Rejected bean name 'simpleConfig': no URL paths identified
2020-03-14 21:57:22.729 [main] DEBUG o.s.w.s.h.BeanNameUrlHandlerMapping - Rejected bean name 'management.metrics.export.simple-org.springframework.boot.actuate.autoconfigure.metrics.export.simple.SimpleProperties': no URL paths identified
2020-03-14 21:57:22.729 [main] DEBUG o.s.w.s.h.BeanNameUrlHandlerMapping - Rejected bean name 'org.springframework.boot.actuate.autoconfigure.metrics.CompositeMeterRegistryAutoConfiguration': no URL paths identified
2020-03-14 21:57:22.729 [main] DEBUG o.s.w.s.h.BeanNameUrlHandlerMapping - Rejected bean name 'org.springframework.boot.actuate.autoconfigure.metrics.MetricsEndpointAutoConfiguration': no URL paths identified
2020-03-14 21:57:22.729 [main] DEBUG o.s.w.s.h.BeanNameUrlHandlerMapping - Rejected bean name 'metricsEndpoint': no URL paths identified
2020-03-14 21:57:22.729 [main] DEBUG o.s.w.s.h.BeanNameUrlHandlerMapping - Rejected bean name 'org.springframework.boot.actuate.autoconfigure.metrics.jdbc.DataSourcePoolMetricsAutoConfiguration$HikariDataSourceMetricsConfiguration': no URL paths identified
2020-03-14 21:57:22.729 [main] DEBUG o.s.w.s.h.BeanNameUrlHandlerMapping - Rejected bean name 'hikariDataSourceMetricsPostProcessor': no URL paths identified
2020-03-14 21:57:22.729 [main] DEBUG o.s.w.s.h.BeanNameUrlHandlerMapping - Rejected bean name 'org.springframework.boot.actuate.autoconfigure.metrics.jdbc.DataSourcePoolMetricsAutoConfiguration': no URL paths identified
2020-03-14 21:57:22.729 [main] DEBUG o.s.w.s.h.BeanNameUrlHandlerMapping - Rejected bean name 'org.springframework.boot.autoconfigure.jackson.JacksonAutoConfiguration$Jackson2ObjectMapperBuilderCustomizerConfiguration': no URL paths identified
2020-03-14 21:57:22.729 [main] DEBUG o.s.w.s.h.BeanNameUrlHandlerMapping - Rejected bean name 'standardJacksonObjectMapperBuilderCustomizer': no URL paths identified
2020-03-14 21:57:22.729 [main] DEBUG o.s.w.s.h.BeanNameUrlHandlerMapping - Rejected bean name 'spring.jackson-org.springframework.boot.autoconfigure.jackson.JacksonProperties': no URL paths identified
2020-03-14 21:57:22.729 [main] DEBUG o.s.w.s.h.BeanNameUrlHandlerMapping - Rejected bean name 'org.springframework.boot.autoconfigure.jackson.JacksonAutoConfiguration$JacksonObjectMapperBuilderConfiguration': no URL paths identified
2020-03-14 21:57:22.729 [main] DEBUG o.s.w.s.h.BeanNameUrlHandlerMapping - Rejected bean name 'jacksonObjectMapperBuilder': no URL paths identified
2020-03-14 21:57:22.729 [main] DEBUG o.s.w.s.h.BeanNameUrlHandlerMapping - Rejected bean name 'org.springframework.boot.autoconfigure.jackson.JacksonAutoConfiguration$ParameterNamesModuleConfiguration': no URL paths identified
2020-03-14 21:57:22.729 [main] DEBUG o.s.w.s.h.BeanNameUrlHandlerMapping - Rejected bean name 'parameterNamesModule': no URL paths identified
2020-03-14 21:57:22.729 [main] DEBUG o.s.w.s.h.BeanNameUrlHandlerMapping - Rejected bean name 'org.springframework.boot.autoconfigure.jackson.JacksonAutoConfiguration$JacksonObjectMapperConfiguration': no URL paths identified
2020-03-14 21:57:22.729 [main] DEBUG o.s.w.s.h.BeanNameUrlHandlerMapping - Rejected bean name 'jacksonObjectMapper': no URL paths identified
2020-03-14 21:57:22.729 [main] DEBUG o.s.w.s.h.BeanNameUrlHandlerMapping - Rejected bean name 'org.springframework.boot.autoconfigure.jackson.JacksonAutoConfiguration': no URL paths identified
2020-03-14 21:57:22.729 [main] DEBUG o.s.w.s.h.BeanNameUrlHandlerMapping - Rejected bean name 'jsonComponentModule': no URL paths identified
2020-03-14 21:57:22.729 [main] DEBUG o.s.w.s.h.BeanNameUrlHandlerMapping - Rejected bean name 'org.springframework.boot.autoconfigure.http.HttpMessageConvertersAutoConfiguration$StringHttpMessageConverterConfiguration': no URL paths identified
2020-03-14 21:57:22.729 [main] DEBUG o.s.w.s.h.BeanNameUrlHandlerMapping - Rejected bean name 'stringHttpMessageConverter': no URL paths identified
2020-03-14 21:57:22.729 [main] DEBUG o.s.w.s.h.BeanNameUrlHandlerMapping - Rejected bean name 'spring.http.encoding-org.springframework.boot.autoconfigure.http.HttpEncodingProperties': no URL paths identified
2020-03-14 21:57:22.729 [main] DEBUG o.s.w.s.h.BeanNameUrlHandlerMapping - Rejected bean name 'org.springframework.boot.autoconfigure.http.JacksonHttpMessageConvertersConfiguration$MappingJackson2HttpMessageConverterConfiguration': no URL paths identified
2020-03-14 21:57:22.729 [main] DEBUG o.s.w.s.h.BeanNameUrlHandlerMapping - Rejected bean name 'mappingJackson2HttpMessageConverter': no URL paths identified
2020-03-14 21:57:22.729 [main] DEBUG o.s.w.s.h.BeanNameUrlHandlerMapping - Rejected bean name 'org.springframework.boot.autoconfigure.http.JacksonHttpMessageConvertersConfiguration': no URL paths identified
2020-03-14 21:57:22.729 [main] DEBUG o.s.w.s.h.BeanNameUrlHandlerMapping - Rejected bean name 'org.springframework.boot.autoconfigure.http.GsonHttpMessageConvertersConfiguration': no URL paths identified
2020-03-14 21:57:22.729 [main] DEBUG o.s.w.s.h.BeanNameUrlHandlerMapping - Rejected bean name 'org.springframework.boot.autoconfigure.http.HttpMessageConvertersAutoConfiguration': no URL paths identified
2020-03-14 21:57:22.729 [main] DEBUG o.s.w.s.h.BeanNameUrlHandlerMapping - Rejected bean name 'messageConverters': no URL paths identified
2020-03-14 21:57:22.729 [main] DEBUG o.s.w.s.h.BeanNameUrlHandlerMapping - Rejected bean name 'org.springframework.boot.autoconfigure.web.client.RestTemplateAutoConfiguration': no URL paths identified
2020-03-14 21:57:22.730 [main] DEBUG o.s.w.s.h.BeanNameUrlHandlerMapping - Rejected bean name 'restTemplateBuilder': no URL paths identified
2020-03-14 21:57:22.730 [main] DEBUG o.s.w.s.h.BeanNameUrlHandlerMapping - Rejected bean name 'org.springframework.boot.actuate.autoconfigure.metrics.web.client.RestTemplateMetricsAutoConfiguration': no URL paths identified
2020-03-14 21:57:22.730 [main] DEBUG o.s.w.s.h.BeanNameUrlHandlerMapping - Rejected bean name 'restTemplateTagConfigurer': no URL paths identified
2020-03-14 21:57:22.730 [main] DEBUG o.s.w.s.h.BeanNameUrlHandlerMapping - Rejected bean name 'metricsRestTemplateCustomizer': no URL paths identified
2020-03-14 21:57:22.730 [main] DEBUG o.s.w.s.h.BeanNameUrlHandlerMapping - Rejected bean name 'metricsWebClientUriTagFilter': no URL paths identified
2020-03-14 21:57:22.730 [main] DEBUG o.s.w.s.h.BeanNameUrlHandlerMapping - Rejected bean name 'org.springframework.boot.actuate.autoconfigure.metrics.web.servlet.WebMvcMetricsAutoConfiguration': no URL paths identified
2020-03-14 21:57:22.730 [main] DEBUG o.s.w.s.h.BeanNameUrlHandlerMapping - Rejected bean name 'webMvcTagsProvider': no URL paths identified
2020-03-14 21:57:22.730 [main] DEBUG o.s.w.s.h.BeanNameUrlHandlerMapping - Rejected bean name 'webMvcMetricsFilter': no URL paths identified
2020-03-14 21:57:22.730 [main] DEBUG o.s.w.s.h.BeanNameUrlHandlerMapping - Rejected bean name 'org.springframework.boot.actuate.autoconfigure.metrics.web.tomcat.TomcatMetricsAutoConfiguration': no URL paths identified
2020-03-14 21:57:22.730 [main] DEBUG o.s.w.s.h.BeanNameUrlHandlerMapping - Rejected bean name 'tomcatMetrics': no URL paths identified
2020-03-14 21:57:22.730 [main] DEBUG o.s.w.s.h.BeanNameUrlHandlerMapping - Rejected bean name 'contextCapturingServletTomcatCustomizer': no URL paths identified
2020-03-14 21:57:22.730 [main] DEBUG o.s.w.s.h.BeanNameUrlHandlerMapping - Rejected bean name 'org.springframework.boot.actuate.autoconfigure.scheduling.ScheduledTasksEndpointAutoConfiguration': no URL paths identified
2020-03-14 21:57:22.730 [main] DEBUG o.s.w.s.h.BeanNameUrlHandlerMapping - Rejected bean name 'scheduledTasksEndpoint': no URL paths identified
2020-03-14 21:57:22.730 [main] DEBUG o.s.w.s.h.BeanNameUrlHandlerMapping - Rejected bean name 'org.springframework.boot.actuate.autoconfigure.trace.http.HttpTraceAutoConfiguration$ServletTraceFilterConfiguration': no URL paths identified
2020-03-14 21:57:22.730 [main] DEBUG o.s.w.s.h.BeanNameUrlHandlerMapping - Rejected bean name 'httpTraceFilter': no URL paths identified
2020-03-14 21:57:22.730 [main] DEBUG o.s.w.s.h.BeanNameUrlHandlerMapping - Rejected bean name 'org.springframework.boot.actuate.autoconfigure.trace.http.HttpTraceAutoConfiguration': no URL paths identified
2020-03-14 21:57:22.730 [main] DEBUG o.s.w.s.h.BeanNameUrlHandlerMapping - Rejected bean name 'traceRepository': no URL paths identified
2020-03-14 21:57:22.730 [main] DEBUG o.s.w.s.h.BeanNameUrlHandlerMapping - Rejected bean name 'httpExchangeTracer': no URL paths identified
2020-03-14 21:57:22.730 [main] DEBUG o.s.w.s.h.BeanNameUrlHandlerMapping - Rejected bean name 'management.trace.http-org.springframework.boot.actuate.autoconfigure.trace.http.HttpTraceProperties': no URL paths identified
2020-03-14 21:57:22.730 [main] DEBUG o.s.w.s.h.BeanNameUrlHandlerMapping - Rejected bean name 'org.springframework.boot.actuate.autoconfigure.trace.http.HttpTraceEndpointAutoConfiguration': no URL paths identified
2020-03-14 21:57:22.730 [main] DEBUG o.s.w.s.h.BeanNameUrlHandlerMapping - Rejected bean name 'httpTraceEndpoint': no URL paths identified
2020-03-14 21:57:22.730 [main] DEBUG o.s.w.s.h.BeanNameUrlHandlerMapping - Rejected bean name 'org.springframework.boot.actuate.autoconfigure.web.mappings.MappingsEndpointAutoConfiguration$ServletWebConfiguration$SpringMvcConfiguration': no URL paths identified
2020-03-14 21:57:22.730 [main] DEBUG o.s.w.s.h.BeanNameUrlHandlerMapping - Rejected bean name 'dispatcherServletMappingDescriptionProvider': no URL paths identified
2020-03-14 21:57:22.730 [main] DEBUG o.s.w.s.h.BeanNameUrlHandlerMapping - Rejected bean name 'org.springframework.boot.actuate.autoconfigure.web.mappings.MappingsEndpointAutoConfiguration$ServletWebConfiguration': no URL paths identified
2020-03-14 21:57:22.730 [main] DEBUG o.s.w.s.h.BeanNameUrlHandlerMapping - Rejected bean name 'servletMappingDescriptionProvider': no URL paths identified
2020-03-14 21:57:22.730 [main] DEBUG o.s.w.s.h.BeanNameUrlHandlerMapping - Rejected bean name 'filterMappingDescriptionProvider': no URL paths identified
2020-03-14 21:57:22.730 [main] DEBUG o.s.w.s.h.BeanNameUrlHandlerMapping - Rejected bean name 'org.springframework.boot.actuate.autoconfigure.web.mappings.MappingsEndpointAutoConfiguration': no URL paths identified
2020-03-14 21:57:22.730 [main] DEBUG o.s.w.s.h.BeanNameUrlHandlerMapping - Rejected bean name 'mappingsEndpoint': no URL paths identified
2020-03-14 21:57:22.730 [main] DEBUG o.s.w.s.h.BeanNameUrlHandlerMapping - Rejected bean name 'org.springframework.boot.autoconfigure.aop.AopAutoConfiguration$CglibAutoProxyConfiguration': no URL paths identified
2020-03-14 21:57:22.730 [main] DEBUG o.s.w.s.h.BeanNameUrlHandlerMapping - Rejected bean name 'org.springframework.boot.autoconfigure.aop.AopAutoConfiguration': no URL paths identified
2020-03-14 21:57:22.730 [main] DEBUG o.s.w.s.h.BeanNameUrlHandlerMapping - Rejected bean name 'org.springframework.boot.autoconfigure.context.ConfigurationPropertiesAutoConfiguration': no URL paths identified
2020-03-14 21:57:22.730 [main] DEBUG o.s.w.s.h.BeanNameUrlHandlerMapping - Rejected bean name 'org.springframework.boot.autoconfigure.dao.PersistenceExceptionTranslationAutoConfiguration': no URL paths identified
2020-03-14 21:57:22.730 [main] DEBUG o.s.w.s.h.BeanNameUrlHandlerMapping - Rejected bean name 'persistenceExceptionTranslationPostProcessor': no URL paths identified
2020-03-14 21:57:22.730 [main] DEBUG o.s.w.s.h.BeanNameUrlHandlerMapping - Rejected bean name 'org.springframework.cloud.autoconfigure.RefreshAutoConfiguration$RefreshScopeBeanDefinitionEnhancer': no URL paths identified
2020-03-14 21:57:22.730 [main] DEBUG o.s.w.s.h.BeanNameUrlHandlerMapping - Rejected bean name 'org.springframework.cloud.autoconfigure.RefreshAutoConfiguration$JpaInvokerConfiguration': no URL paths identified
2020-03-14 21:57:22.730 [main] DEBUG o.s.w.s.h.BeanNameUrlHandlerMapping - Rejected bean name 'org.springframework.cloud.autoconfigure.RefreshAutoConfiguration': no URL paths identified
2020-03-14 21:57:22.730 [main] DEBUG o.s.w.s.h.BeanNameUrlHandlerMapping - Rejected bean name 'refreshScope': no URL paths identified
2020-03-14 21:57:22.730 [main] DEBUG o.s.w.s.h.BeanNameUrlHandlerMapping - Rejected bean name 'loggingRebinder': no URL paths identified
2020-03-14 21:57:22.731 [main] DEBUG o.s.w.s.h.BeanNameUrlHandlerMapping - Rejected bean name 'contextRefresher': no URL paths identified
2020-03-14 21:57:22.731 [main] DEBUG o.s.w.s.h.BeanNameUrlHandlerMapping - Rejected bean name 'refreshEventListener': no URL paths identified
2020-03-14 21:57:22.731 [main] DEBUG o.s.w.s.h.BeanNameUrlHandlerMapping - Rejected bean name 'org.springframework.boot.autoconfigure.orm.jpa.JpaBaseConfiguration$JpaWebConfiguration$JpaWebMvcConfiguration': no URL paths identified
2020-03-14 21:57:22.731 [main] DEBUG o.s.w.s.h.BeanNameUrlHandlerMapping - Rejected bean name 'openEntityManagerInViewInterceptor': no URL paths identified
2020-03-14 21:57:22.731 [main] DEBUG o.s.w.s.h.BeanNameUrlHandlerMapping - Rejected bean name 'org.springframework.boot.autoconfigure.orm.jpa.JpaBaseConfiguration$JpaWebConfiguration': no URL paths identified
2020-03-14 21:57:22.731 [main] DEBUG o.s.w.s.h.BeanNameUrlHandlerMapping - Rejected bean name 'org.springframework.boot.autoconfigure.orm.jpa.HibernateJpaConfiguration': no URL paths identified
2020-03-14 21:57:22.731 [main] DEBUG o.s.w.s.h.BeanNameUrlHandlerMapping - Rejected bean name 'transactionManager': no URL paths identified
2020-03-14 21:57:22.731 [main] DEBUG o.s.w.s.h.BeanNameUrlHandlerMapping - Rejected bean name 'jpaVendorAdapter': no URL paths identified
2020-03-14 21:57:22.731 [main] DEBUG o.s.w.s.h.BeanNameUrlHandlerMapping - Rejected bean name 'entityManagerFactoryBuilder': no URL paths identified
2020-03-14 21:57:22.731 [main] DEBUG o.s.w.s.h.BeanNameUrlHandlerMapping - Rejected bean name 'entityManagerFactory': no URL paths identified
2020-03-14 21:57:22.731 [main] DEBUG o.s.w.s.h.BeanNameUrlHandlerMapping - Rejected bean name 'spring.jpa-org.springframework.boot.autoconfigure.orm.jpa.JpaProperties': no URL paths identified
2020-03-14 21:57:22.731 [main] DEBUG o.s.w.s.h.BeanNameUrlHandlerMapping - Rejected bean name 'dataSourceInitializedPublisher': no URL paths identified
2020-03-14 21:57:22.731 [main] DEBUG o.s.w.s.h.BeanNameUrlHandlerMapping - Rejected bean name 'org.springframework.boot.autoconfigure.orm.jpa.HibernateJpaAutoConfiguration': no URL paths identified
2020-03-14 21:57:22.731 [main] DEBUG o.s.w.s.h.BeanNameUrlHandlerMapping - Rejected bean name 'org.springframework.boot.autoconfigure.data.jpa.JpaRepositoriesAutoConfiguration': no URL paths identified
2020-03-14 21:57:22.731 [main] DEBUG o.s.w.s.h.BeanNameUrlHandlerMapping - Rejected bean name 'emBeanDefinitionRegistrarPostProcessor': no URL paths identified
2020-03-14 21:57:22.731 [main] DEBUG o.s.w.s.h.BeanNameUrlHandlerMapping - Rejected bean name 'jpaMappingContext': no URL paths identified
2020-03-14 21:57:22.731 [main] DEBUG o.s.w.s.h.BeanNameUrlHandlerMapping - Rejected bean name 'jpaContext': no URL paths identified
2020-03-14 21:57:22.731 [main] DEBUG o.s.w.s.h.BeanNameUrlHandlerMapping - Rejected bean name 'teachplanRepository': no URL paths identified
2020-03-14 21:57:22.731 [main] DEBUG o.s.w.s.h.BeanNameUrlHandlerMapping - Rejected bean name 'teachplanMediaRepository': no URL paths identified
2020-03-14 21:57:22.731 [main] DEBUG o.s.w.s.h.BeanNameUrlHandlerMapping - Rejected bean name 'coursePicRepository': no URL paths identified
2020-03-14 21:57:22.731 [main] DEBUG o.s.w.s.h.BeanNameUrlHandlerMapping - Rejected bean name 'coursePubRepository': no URL paths identified
2020-03-14 21:57:22.731 [main] DEBUG o.s.w.s.h.BeanNameUrlHandlerMapping - Rejected bean name 'courseMarketRepository': no URL paths identified
2020-03-14 21:57:22.731 [main] DEBUG o.s.w.s.h.BeanNameUrlHandlerMapping - Rejected bean name 'teachplanMediaPubRepository': no URL paths identified
2020-03-14 21:57:22.731 [main] DEBUG o.s.w.s.h.BeanNameUrlHandlerMapping - Rejected bean name 'courseBaseRepository': no URL paths identified
2020-03-14 21:57:22.731 [main] DEBUG o.s.w.s.h.BeanNameUrlHandlerMapping - Rejected bean name 'org.springframework.boot.autoconfigure.data.mongo.MongoRepositoriesAutoConfiguration': no URL paths identified
2020-03-14 21:57:22.731 [main] DEBUG o.s.w.s.h.BeanNameUrlHandlerMapping - Rejected bean name 'sysDictionaryRepository': no URL paths identified
2020-03-14 21:57:22.731 [main] DEBUG o.s.w.s.h.BeanNameUrlHandlerMapping - Rejected bean name 'org.springframework.data.web.config.ProjectingArgumentResolverRegistrar': no URL paths identified
2020-03-14 21:57:22.731 [main] DEBUG o.s.w.s.h.BeanNameUrlHandlerMapping - Rejected bean name 'projectingArgumentResolverBeanPostProcessor': no URL paths identified
2020-03-14 21:57:22.731 [main] DEBUG o.s.w.s.h.BeanNameUrlHandlerMapping - Rejected bean name 'org.springframework.data.web.config.SpringDataWebConfiguration': no URL paths identified
2020-03-14 21:57:22.731 [main] DEBUG o.s.w.s.h.BeanNameUrlHandlerMapping - Rejected bean name 'pageableResolver': no URL paths identified
2020-03-14 21:57:22.731 [main] DEBUG o.s.w.s.h.BeanNameUrlHandlerMapping - Rejected bean name 'sortResolver': no URL paths identified
2020-03-14 21:57:22.731 [main] DEBUG o.s.w.s.h.BeanNameUrlHandlerMapping - Rejected bean name 'org.springframework.data.web.config.SpringDataJacksonConfiguration': no URL paths identified
2020-03-14 21:57:22.731 [main] DEBUG o.s.w.s.h.BeanNameUrlHandlerMapping - Rejected bean name 'jacksonGeoModule': no URL paths identified
2020-03-14 21:57:22.731 [main] DEBUG o.s.w.s.h.BeanNameUrlHandlerMapping - Rejected bean name 'org.springframework.data.mongodb.config.GeoJsonConfiguration': no URL paths identified
2020-03-14 21:57:22.731 [main] DEBUG o.s.w.s.h.BeanNameUrlHandlerMapping - Rejected bean name 'geoJsonModule': no URL paths identified
2020-03-14 21:57:22.731 [main] DEBUG o.s.w.s.h.BeanNameUrlHandlerMapping - Rejected bean name 'org.springframework.boot.autoconfigure.data.web.SpringDataWebAutoConfiguration': no URL paths identified
2020-03-14 21:57:22.731 [main] DEBUG o.s.w.s.h.BeanNameUrlHandlerMapping - Rejected bean name 'pageableCustomizer': no URL paths identified
2020-03-14 21:57:22.731 [main] DEBUG o.s.w.s.h.BeanNameUrlHandlerMapping - Rejected bean name 'sortCustomizer': no URL paths identified
2020-03-14 21:57:22.731 [main] DEBUG o.s.w.s.h.BeanNameUrlHandlerMapping - Rejected bean name 'spring.data.web-org.springframework.boot.autoconfigure.data.web.SpringDataWebProperties': no URL paths identified
2020-03-14 21:57:22.731 [main] DEBUG o.s.w.s.h.BeanNameUrlHandlerMapping - Rejected bean name 'org.springframework.boot.autoconfigure.http.codec.CodecsAutoConfiguration$JacksonCodecConfiguration': no URL paths identified
2020-03-14 21:57:22.731 [main] DEBUG o.s.w.s.h.BeanNameUrlHandlerMapping - Rejected bean name 'jacksonCodecCustomizer': no URL paths identified
2020-03-14 21:57:22.731 [main] DEBUG o.s.w.s.h.BeanNameUrlHandlerMapping - Rejected bean name 'org.springframework.boot.autoconfigure.http.codec.CodecsAutoConfiguration': no URL paths identified
2020-03-14 21:57:22.732 [main] DEBUG o.s.w.s.h.BeanNameUrlHandlerMapping - Rejected bean name 'org.springframework.boot.autoconfigure.jdbc.JdbcTemplateAutoConfiguration$JdbcTemplateConfiguration': no URL paths identified
2020-03-14 21:57:22.732 [main] DEBUG o.s.w.s.h.BeanNameUrlHandlerMapping - Rejected bean name 'jdbcTemplate': no URL paths identified
2020-03-14 21:57:22.732 [main] DEBUG o.s.w.s.h.BeanNameUrlHandlerMapping - Rejected bean name 'org.springframework.boot.autoconfigure.jdbc.JdbcTemplateAutoConfiguration$NamedParameterJdbcTemplateConfiguration': no URL paths identified
2020-03-14 21:57:22.732 [main] DEBUG o.s.w.s.h.BeanNameUrlHandlerMapping - Rejected bean name 'namedParameterJdbcTemplate': no URL paths identified
2020-03-14 21:57:22.732 [main] DEBUG o.s.w.s.h.BeanNameUrlHandlerMapping - Rejected bean name 'org.springframework.boot.autoconfigure.jdbc.JdbcTemplateAutoConfiguration': no URL paths identified
2020-03-14 21:57:22.732 [main] DEBUG o.s.w.s.h.BeanNameUrlHandlerMapping - Rejected bean name 'spring.jdbc-org.springframework.boot.autoconfigure.jdbc.JdbcProperties': no URL paths identified
2020-03-14 21:57:22.732 [main] DEBUG o.s.w.s.h.BeanNameUrlHandlerMapping - Rejected bean name 'org.springframework.boot.autoconfigure.security.reactive.ReactiveSecurityAutoConfiguration': no URL paths identified
2020-03-14 21:57:22.732 [main] DEBUG o.s.w.s.h.BeanNameUrlHandlerMapping - Rejected bean name 'spring.security-org.springframework.boot.autoconfigure.security.SecurityProperties': no URL paths identified
2020-03-14 21:57:22.732 [main] DEBUG o.s.w.s.h.BeanNameUrlHandlerMapping - Rejected bean name 'org.springframework.security.config.annotation.web.configuration.WebSecurityConfiguration': no URL paths identified
2020-03-14 21:57:22.732 [main] DEBUG o.s.w.s.h.BeanNameUrlHandlerMapping - Rejected bean name 'delegatingApplicationListener': no URL paths identified
2020-03-14 21:57:22.732 [main] DEBUG o.s.w.s.h.BeanNameUrlHandlerMapping - Rejected bean name 'webSecurityExpressionHandler': no URL paths identified
2020-03-14 21:57:22.732 [main] DEBUG o.s.w.s.h.BeanNameUrlHandlerMapping - Rejected bean name 'springSecurityFilterChain': no URL paths identified
2020-03-14 21:57:22.732 [main] DEBUG o.s.w.s.h.BeanNameUrlHandlerMapping - Rejected bean name 'privilegeEvaluator': no URL paths identified
2020-03-14 21:57:22.732 [main] DEBUG o.s.w.s.h.BeanNameUrlHandlerMapping - Rejected bean name 'autowiredWebSecurityConfigurersIgnoreParents': no URL paths identified
2020-03-14 21:57:22.732 [main] DEBUG o.s.w.s.h.BeanNameUrlHandlerMapping - Rejected bean name 'org.springframework.security.config.annotation.web.configuration.WebMvcSecurityConfiguration': no URL paths identified
2020-03-14 21:57:22.732 [main] DEBUG o.s.w.s.h.BeanNameUrlHandlerMapping - Rejected bean name 'requestDataValueProcessor': no URL paths identified
2020-03-14 21:57:22.732 [main] DEBUG o.s.w.s.h.BeanNameUrlHandlerMapping - Rejected bean name 'org.springframework.boot.autoconfigure.security.servlet.WebSecurityEnablerConfiguration': no URL paths identified
2020-03-14 21:57:22.732 [main] DEBUG o.s.w.s.h.BeanNameUrlHandlerMapping - Rejected bean name 'org.springframework.boot.autoconfigure.security.servlet.SecurityAutoConfiguration': no URL paths identified
2020-03-14 21:57:22.732 [main] DEBUG o.s.w.s.h.BeanNameUrlHandlerMapping - Rejected bean name 'authenticationEventPublisher': no URL paths identified
2020-03-14 21:57:22.732 [main] DEBUG o.s.w.s.h.BeanNameUrlHandlerMapping - Rejected bean name 'org.springframework.boot.autoconfigure.security.servlet.SecurityFilterAutoConfiguration': no URL paths identified
2020-03-14 21:57:22.732 [main] DEBUG o.s.w.s.h.BeanNameUrlHandlerMapping - Rejected bean name 'securityFilterChainRegistration': no URL paths identified
2020-03-14 21:57:22.732 [main] DEBUG o.s.w.s.h.BeanNameUrlHandlerMapping - Rejected bean name 'org.springframework.boot.autoconfigure.security.servlet.UserDetailsServiceAutoConfiguration': no URL paths identified
2020-03-14 21:57:22.732 [main] DEBUG o.s.w.s.h.BeanNameUrlHandlerMapping - Rejected bean name 'inMemoryUserDetailsManager': no URL paths identified
2020-03-14 21:57:22.732 [main] DEBUG o.s.w.s.h.BeanNameUrlHandlerMapping - Rejected bean name 'org.springframework.boot.autoconfigure.jdbc.DataSourceTransactionManagerAutoConfiguration$DataSourceTransactionManagerConfiguration': no URL paths identified
2020-03-14 21:57:22.732 [main] DEBUG o.s.w.s.h.BeanNameUrlHandlerMapping - Rejected bean name 'org.springframework.boot.autoconfigure.jdbc.DataSourceTransactionManagerAutoConfiguration': no URL paths identified
2020-03-14 21:57:22.732 [main] DEBUG o.s.w.s.h.BeanNameUrlHandlerMapping - Rejected bean name 'org.springframework.transaction.annotation.ProxyTransactionManagementConfiguration': no URL paths identified
2020-03-14 21:57:22.732 [main] DEBUG o.s.w.s.h.BeanNameUrlHandlerMapping - Rejected bean name 'org.springframework.transaction.config.internalTransactionAdvisor': no URL paths identified
2020-03-14 21:57:22.732 [main] DEBUG o.s.w.s.h.BeanNameUrlHandlerMapping - Rejected bean name 'transactionAttributeSource': no URL paths identified
2020-03-14 21:57:22.732 [main] DEBUG o.s.w.s.h.BeanNameUrlHandlerMapping - Rejected bean name 'transactionInterceptor': no URL paths identified
2020-03-14 21:57:22.732 [main] DEBUG o.s.w.s.h.BeanNameUrlHandlerMapping - Rejected bean name 'org.springframework.transaction.config.internalTransactionalEventListenerFactory': no URL paths identified
2020-03-14 21:57:22.732 [main] DEBUG o.s.w.s.h.BeanNameUrlHandlerMapping - Rejected bean name 'org.springframework.boot.autoconfigure.transaction.TransactionAutoConfiguration$EnableTransactionManagementConfiguration$CglibAutoProxyConfiguration': no URL paths identified
2020-03-14 21:57:22.732 [main] DEBUG o.s.w.s.h.BeanNameUrlHandlerMapping - Rejected bean name 'org.springframework.boot.autoconfigure.transaction.TransactionAutoConfiguration$EnableTransactionManagementConfiguration': no URL paths identified
2020-03-14 21:57:22.732 [main] DEBUG o.s.w.s.h.BeanNameUrlHandlerMapping - Rejected bean name 'org.springframework.boot.autoconfigure.transaction.TransactionAutoConfiguration$TransactionTemplateConfiguration': no URL paths identified
2020-03-14 21:57:22.732 [main] DEBUG o.s.w.s.h.BeanNameUrlHandlerMapping - Rejected bean name 'transactionTemplate': no URL paths identified
2020-03-14 21:57:22.732 [main] DEBUG o.s.w.s.h.BeanNameUrlHandlerMapping - Rejected bean name 'org.springframework.boot.autoconfigure.transaction.TransactionAutoConfiguration': no URL paths identified
2020-03-14 21:57:22.732 [main] DEBUG o.s.w.s.h.BeanNameUrlHandlerMapping - Rejected bean name 'platformTransactionManagerCustomizers': no URL paths identified
2020-03-14 21:57:22.732 [main] DEBUG o.s.w.s.h.BeanNameUrlHandlerMapping - Rejected bean name 'spring.transaction-org.springframework.boot.autoconfigure.transaction.TransactionProperties': no URL paths identified
2020-03-14 21:57:22.732 [main] DEBUG o.s.w.s.h.BeanNameUrlHandlerMapping - Rejected bean name 'org.springframework.boot.autoconfigure.web.embedded.EmbeddedWebServerFactoryCustomizerAutoConfiguration$TomcatWebServerFactoryCustomizerConfiguration': no URL paths identified
2020-03-14 21:57:22.732 [main] DEBUG o.s.w.s.h.BeanNameUrlHandlerMapping - Rejected bean name 'tomcatWebServerFactoryCustomizer': no URL paths identified
2020-03-14 21:57:22.733 [main] DEBUG o.s.w.s.h.BeanNameUrlHandlerMapping - Rejected bean name 'org.springframework.boot.autoconfigure.web.embedded.EmbeddedWebServerFactoryCustomizerAutoConfiguration': no URL paths identified
2020-03-14 21:57:22.733 [main] DEBUG o.s.w.s.h.BeanNameUrlHandlerMapping - Rejected bean name 'org.springframework.boot.autoconfigure.web.servlet.HttpEncodingAutoConfiguration': no URL paths identified
2020-03-14 21:57:22.733 [main] DEBUG o.s.w.s.h.BeanNameUrlHandlerMapping - Rejected bean name 'characterEncodingFilter': no URL paths identified
2020-03-14 21:57:22.733 [main] DEBUG o.s.w.s.h.BeanNameUrlHandlerMapping - Rejected bean name 'localeCharsetMappingsCustomizer': no URL paths identified
2020-03-14 21:57:22.733 [main] DEBUG o.s.w.s.h.BeanNameUrlHandlerMapping - Rejected bean name 'org.springframework.boot.autoconfigure.web.servlet.MultipartAutoConfiguration': no URL paths identified
2020-03-14 21:57:22.733 [main] DEBUG o.s.w.s.h.BeanNameUrlHandlerMapping - Rejected bean name 'multipartConfigElement': no URL paths identified
2020-03-14 21:57:22.733 [main] DEBUG o.s.w.s.h.BeanNameUrlHandlerMapping - Rejected bean name 'multipartResolver': no URL paths identified
2020-03-14 21:57:22.733 [main] DEBUG o.s.w.s.h.BeanNameUrlHandlerMapping - Rejected bean name 'spring.servlet.multipart-org.springframework.boot.autoconfigure.web.servlet.MultipartProperties': no URL paths identified
2020-03-14 21:57:22.733 [main] DEBUG o.s.w.s.h.BeanNameUrlHandlerMapping - Rejected bean name 'org.springframework.cloud.autoconfigure.ConfigurationPropertiesRebinderAutoConfiguration': no URL paths identified
2020-03-14 21:57:22.733 [main] DEBUG o.s.w.s.h.BeanNameUrlHandlerMapping - Rejected bean name 'configurationPropertiesBeans': no URL paths identified
2020-03-14 21:57:22.733 [main] DEBUG o.s.w.s.h.BeanNameUrlHandlerMapping - Rejected bean name 'configurationPropertiesRebinder': no URL paths identified
2020-03-14 21:57:22.733 [main] DEBUG o.s.w.s.h.BeanNameUrlHandlerMapping - Rejected bean name 'org.springframework.cloud.autoconfigure.RefreshEndpointAutoConfiguration$RefreshEndpointConfiguration': no URL paths identified
2020-03-14 21:57:22.733 [main] DEBUG o.s.w.s.h.BeanNameUrlHandlerMapping - Rejected bean name 'refreshEndpoint': no URL paths identified
2020-03-14 21:57:22.733 [main] DEBUG o.s.w.s.h.BeanNameUrlHandlerMapping - Rejected bean name 'org.springframework.cloud.autoconfigure.RestartEndpointWithoutIntegrationConfiguration': no URL paths identified
2020-03-14 21:57:22.733 [main] DEBUG o.s.w.s.h.BeanNameUrlHandlerMapping - Rejected bean name 'org.springframework.cloud.autoconfigure.PauseResumeEndpointsConfiguration': no URL paths identified
2020-03-14 21:57:22.733 [main] DEBUG o.s.w.s.h.BeanNameUrlHandlerMapping - Rejected bean name 'org.springframework.cloud.autoconfigure.RefreshEndpointAutoConfiguration': no URL paths identified
2020-03-14 21:57:22.733 [main] DEBUG o.s.w.s.h.BeanNameUrlHandlerMapping - Rejected bean name 'refreshScopeHealthIndicator': no URL paths identified
2020-03-14 21:57:22.733 [main] DEBUG o.s.w.s.h.BeanNameUrlHandlerMapping - Rejected bean name 'org.springframework.cloud.netflix.eureka.EurekaDiscoveryClientConfiguration$EurekaClientConfigurationRefresher': no URL paths identified
2020-03-14 21:57:22.733 [main] DEBUG o.s.w.s.h.BeanNameUrlHandlerMapping - Rejected bean name 'org.springframework.cloud.netflix.eureka.EurekaDiscoveryClientConfiguration': no URL paths identified
2020-03-14 21:57:22.733 [main] DEBUG o.s.w.s.h.BeanNameUrlHandlerMapping - Rejected bean name 'eurekaDiscoverClientMarker': no URL paths identified
2020-03-14 21:57:22.733 [main] DEBUG o.s.w.s.h.BeanNameUrlHandlerMapping - Rejected bean name 'org.springframework.cloud.client.serviceregistry.AutoServiceRegistrationConfiguration': no URL paths identified
2020-03-14 21:57:22.733 [main] DEBUG o.s.w.s.h.BeanNameUrlHandlerMapping - Rejected bean name 'spring.cloud.service-registry.auto-registration-org.springframework.cloud.client.serviceregistry.AutoServiceRegistrationProperties': no URL paths identified
2020-03-14 21:57:22.733 [main] DEBUG o.s.w.s.h.BeanNameUrlHandlerMapping - Rejected bean name 'org.springframework.cloud.client.serviceregistry.AutoServiceRegistrationAutoConfiguration': no URL paths identified
2020-03-14 21:57:22.733 [main] DEBUG o.s.w.s.h.BeanNameUrlHandlerMapping - Rejected bean name 'org.springframework.cloud.netflix.eureka.EurekaClientAutoConfiguration$EurekaHealthIndicatorConfiguration': no URL paths identified
2020-03-14 21:57:22.733 [main] DEBUG o.s.w.s.h.BeanNameUrlHandlerMapping - Rejected bean name 'eurekaHealthIndicator': no URL paths identified
2020-03-14 21:57:22.733 [main] DEBUG o.s.w.s.h.BeanNameUrlHandlerMapping - Rejected bean name 'org.springframework.cloud.netflix.eureka.EurekaClientAutoConfiguration$RefreshableEurekaClientConfiguration': no URL paths identified
2020-03-14 21:57:22.733 [main] DEBUG o.s.w.s.h.BeanNameUrlHandlerMapping - Rejected bean name 'scopedTarget.eurekaClient': no URL paths identified
2020-03-14 21:57:22.733 [main] DEBUG o.s.w.s.h.BeanNameUrlHandlerMapping - Rejected bean name 'eurekaClient': no URL paths identified
2020-03-14 21:57:22.733 [main] DEBUG o.s.w.s.h.BeanNameUrlHandlerMapping - Rejected bean name 'scopedTarget.eurekaApplicationInfoManager': no URL paths identified
2020-03-14 21:57:22.733 [main] DEBUG o.s.w.s.h.BeanNameUrlHandlerMapping - Rejected bean name 'eurekaApplicationInfoManager': no URL paths identified
2020-03-14 21:57:22.733 [main] DEBUG o.s.w.s.h.BeanNameUrlHandlerMapping - Rejected bean name 'scopedTarget.eurekaRegistration': no URL paths identified
2020-03-14 21:57:22.733 [main] DEBUG o.s.w.s.h.BeanNameUrlHandlerMapping - Rejected bean name 'eurekaRegistration': no URL paths identified
2020-03-14 21:57:22.733 [main] DEBUG o.s.w.s.h.BeanNameUrlHandlerMapping - Rejected bean name 'org.springframework.cloud.netflix.eureka.config.DiscoveryClientOptionalArgsConfiguration': no URL paths identified
2020-03-14 21:57:22.733 [main] DEBUG o.s.w.s.h.BeanNameUrlHandlerMapping - Rejected bean name 'discoveryClientOptionalArgs': no URL paths identified
2020-03-14 21:57:22.733 [main] DEBUG o.s.w.s.h.BeanNameUrlHandlerMapping - Rejected bean name 'org.springframework.cloud.netflix.eureka.EurekaClientAutoConfiguration': no URL paths identified
2020-03-14 21:57:22.733 [main] DEBUG o.s.w.s.h.BeanNameUrlHandlerMapping - Rejected bean name 'eurekaFeature': no URL paths identified
2020-03-14 21:57:22.733 [main] DEBUG o.s.w.s.h.BeanNameUrlHandlerMapping - Rejected bean name 'eurekaClientConfigBean': no URL paths identified
2020-03-14 21:57:22.733 [main] DEBUG o.s.w.s.h.BeanNameUrlHandlerMapping - Rejected bean name 'serviceManagementMetadataProvider': no URL paths identified
2020-03-14 21:57:22.733 [main] DEBUG o.s.w.s.h.BeanNameUrlHandlerMapping - Rejected bean name 'eurekaInstanceConfigBean': no URL paths identified
2020-03-14 21:57:22.733 [main] DEBUG o.s.w.s.h.BeanNameUrlHandlerMapping - Rejected bean name 'discoveryClient': no URL paths identified
2020-03-14 21:57:22.733 [main] DEBUG o.s.w.s.h.BeanNameUrlHandlerMapping - Rejected bean name 'eurekaServiceRegistry': no URL paths identified
2020-03-14 21:57:22.734 [main] DEBUG o.s.w.s.h.BeanNameUrlHandlerMapping - Rejected bean name 'eurekaAutoServiceRegistration': no URL paths identified
2020-03-14 21:57:22.734 [main] DEBUG o.s.w.s.h.BeanNameUrlHandlerMapping - Rejected bean name 'org.springframework.cloud.client.CommonsClientAutoConfiguration$ActuatorConfiguration': no URL paths identified
2020-03-14 21:57:22.734 [main] DEBUG o.s.w.s.h.BeanNameUrlHandlerMapping - Rejected bean name 'featuresEndpoint': no URL paths identified
2020-03-14 21:57:22.734 [main] DEBUG o.s.w.s.h.BeanNameUrlHandlerMapping - Rejected bean name 'org.springframework.cloud.client.CommonsClientAutoConfiguration$DiscoveryLoadBalancerConfiguration': no URL paths identified
2020-03-14 21:57:22.734 [main] DEBUG o.s.w.s.h.BeanNameUrlHandlerMapping - Rejected bean name 'discoveryClientHealthIndicator': no URL paths identified
2020-03-14 21:57:22.734 [main] DEBUG o.s.w.s.h.BeanNameUrlHandlerMapping - Rejected bean name 'discoveryCompositeHealthIndicator': no URL paths identified
2020-03-14 21:57:22.734 [main] DEBUG o.s.w.s.h.BeanNameUrlHandlerMapping - Rejected bean name 'commonsFeatures': no URL paths identified
2020-03-14 21:57:22.734 [main] DEBUG o.s.w.s.h.BeanNameUrlHandlerMapping - Rejected bean name 'spring.cloud.discovery.client.health-indicator-org.springframework.cloud.client.discovery.health.DiscoveryClientHealthIndicatorProperties': no URL paths identified
2020-03-14 21:57:22.734 [main] DEBUG o.s.w.s.h.BeanNameUrlHandlerMapping - Rejected bean name 'org.springframework.cloud.client.CommonsClientAutoConfiguration': no URL paths identified
2020-03-14 21:57:22.734 [main] DEBUG o.s.w.s.h.BeanNameUrlHandlerMapping - Rejected bean name 'org.springframework.cloud.client.discovery.composite.CompositeDiscoveryClientAutoConfiguration': no URL paths identified
2020-03-14 21:57:22.734 [main] DEBUG o.s.w.s.h.BeanNameUrlHandlerMapping - Rejected bean name 'compositeDiscoveryClient': no URL paths identified
2020-03-14 21:57:22.734 [main] DEBUG o.s.w.s.h.BeanNameUrlHandlerMapping - Rejected bean name 'org.springframework.cloud.client.discovery.simple.SimpleDiscoveryClientAutoConfiguration': no URL paths identified
2020-03-14 21:57:22.734 [main] DEBUG o.s.w.s.h.BeanNameUrlHandlerMapping - Rejected bean name 'simpleDiscoveryProperties': no URL paths identified
2020-03-14 21:57:22.734 [main] DEBUG o.s.w.s.h.BeanNameUrlHandlerMapping - Rejected bean name 'simpleDiscoveryClient': no URL paths identified
2020-03-14 21:57:22.734 [main] DEBUG o.s.w.s.h.BeanNameUrlHandlerMapping - Rejected bean name 'org.springframework.cloud.netflix.ribbon.RibbonAutoConfiguration': no URL paths identified
2020-03-14 21:57:22.734 [main] DEBUG o.s.w.s.h.BeanNameUrlHandlerMapping - Rejected bean name 'ribbonFeature': no URL paths identified
2020-03-14 21:57:22.734 [main] DEBUG o.s.w.s.h.BeanNameUrlHandlerMapping - Rejected bean name 'springClientFactory': no URL paths identified
2020-03-14 21:57:22.734 [main] DEBUG o.s.w.s.h.BeanNameUrlHandlerMapping - Rejected bean name 'loadBalancerClient': no URL paths identified
2020-03-14 21:57:22.734 [main] DEBUG o.s.w.s.h.BeanNameUrlHandlerMapping - Rejected bean name 'propertiesFactory': no URL paths identified
2020-03-14 21:57:22.734 [main] DEBUG o.s.w.s.h.BeanNameUrlHandlerMapping - Rejected bean name 'default.org.springframework.cloud.netflix.ribbon.RibbonAutoConfiguration.RibbonClientSpecification': no URL paths identified
2020-03-14 21:57:22.734 [main] DEBUG o.s.w.s.h.BeanNameUrlHandlerMapping - Rejected bean name 'ribbon.eager-load-org.springframework.cloud.netflix.ribbon.RibbonEagerLoadProperties': no URL paths identified
2020-03-14 21:57:22.734 [main] DEBUG o.s.w.s.h.BeanNameUrlHandlerMapping - Rejected bean name 'ribbon-org.springframework.cloud.netflix.ribbon.ServerIntrospectorProperties': no URL paths identified
2020-03-14 21:57:22.734 [main] DEBUG o.s.w.s.h.BeanNameUrlHandlerMapping - Rejected bean name 'org.springframework.cloud.client.loadbalancer.AsyncLoadBalancerAutoConfiguration$LoadBalancerInterceptorConfig': no URL paths identified
2020-03-14 21:57:22.734 [main] DEBUG o.s.w.s.h.BeanNameUrlHandlerMapping - Rejected bean name 'asyncLoadBalancerInterceptor': no URL paths identified
2020-03-14 21:57:22.734 [main] DEBUG o.s.w.s.h.BeanNameUrlHandlerMapping - Rejected bean name 'asyncRestTemplateCustomizer': no URL paths identified
2020-03-14 21:57:22.734 [main] DEBUG o.s.w.s.h.BeanNameUrlHandlerMapping - Rejected bean name 'org.springframework.cloud.client.loadbalancer.AsyncLoadBalancerAutoConfiguration$AsyncRestTemplateCustomizerConfig': no URL paths identified
2020-03-14 21:57:22.734 [main] DEBUG o.s.w.s.h.BeanNameUrlHandlerMapping - Rejected bean name 'loadBalancedAsyncRestTemplateInitializer': no URL paths identified
2020-03-14 21:57:22.734 [main] DEBUG o.s.w.s.h.BeanNameUrlHandlerMapping - Rejected bean name 'org.springframework.cloud.client.loadbalancer.AsyncLoadBalancerAutoConfiguration': no URL paths identified
2020-03-14 21:57:22.734 [main] DEBUG o.s.w.s.h.BeanNameUrlHandlerMapping - Rejected bean name 'org.springframework.cloud.client.loadbalancer.LoadBalancerAutoConfiguration$LoadBalancerInterceptorConfig': no URL paths identified
2020-03-14 21:57:22.735 [main] DEBUG o.s.w.s.h.BeanNameUrlHandlerMapping - Rejected bean name 'ribbonInterceptor': no URL paths identified
2020-03-14 21:57:22.735 [main] DEBUG o.s.w.s.h.BeanNameUrlHandlerMapping - Rejected bean name 'restTemplateCustomizer': no URL paths identified
2020-03-14 21:57:22.735 [main] DEBUG o.s.w.s.h.BeanNameUrlHandlerMapping - Rejected bean name 'org.springframework.cloud.client.loadbalancer.LoadBalancerAutoConfiguration': no URL paths identified
2020-03-14 21:57:22.735 [main] DEBUG o.s.w.s.h.BeanNameUrlHandlerMapping - Rejected bean name 'loadBalancedRestTemplateInitializerDeprecated': no URL paths identified
2020-03-14 21:57:22.735 [main] DEBUG o.s.w.s.h.BeanNameUrlHandlerMapping - Rejected bean name 'loadBalancerRequestFactory': no URL paths identified
2020-03-14 21:57:22.735 [main] DEBUG o.s.w.s.h.BeanNameUrlHandlerMapping - Rejected bean name 'spring.cloud.loadbalancer.retry-org.springframework.cloud.client.loadbalancer.LoadBalancerRetryProperties': no URL paths identified
2020-03-14 21:57:22.735 [main] DEBUG o.s.w.s.h.BeanNameUrlHandlerMapping - Rejected bean name 'org.springframework.cloud.client.serviceregistry.ServiceRegistryAutoConfiguration$ServiceRegistryEndpointConfiguration': no URL paths identified
2020-03-14 21:57:22.735 [main] DEBUG o.s.w.s.h.BeanNameUrlHandlerMapping - Rejected bean name 'serviceRegistryEndpoint': no URL paths identified
2020-03-14 21:57:22.735 [main] DEBUG o.s.w.s.h.BeanNameUrlHandlerMapping - Rejected bean name 'org.springframework.cloud.client.serviceregistry.ServiceRegistryAutoConfiguration': no URL paths identified
2020-03-14 21:57:22.735 [main] DEBUG o.s.w.s.h.BeanNameUrlHandlerMapping - Rejected bean name 'org.springframework.cloud.commons.httpclient.HttpClientConfiguration$OkHttpClientConfiguration': no URL paths identified
2020-03-14 21:57:22.735 [main] DEBUG o.s.w.s.h.BeanNameUrlHandlerMapping - Rejected bean name 'connPoolFactory': no URL paths identified
2020-03-14 21:57:22.735 [main] DEBUG o.s.w.s.h.BeanNameUrlHandlerMapping - Rejected bean name 'okHttpClientBuilder': no URL paths identified
2020-03-14 21:57:22.735 [main] DEBUG o.s.w.s.h.BeanNameUrlHandlerMapping - Rejected bean name 'okHttpClientFactory': no URL paths identified
2020-03-14 21:57:22.735 [main] DEBUG o.s.w.s.h.BeanNameUrlHandlerMapping - Rejected bean name 'org.springframework.cloud.commons.httpclient.HttpClientConfiguration$ApacheHttpClientConfiguration': no URL paths identified
2020-03-14 21:57:22.735 [main] DEBUG o.s.w.s.h.BeanNameUrlHandlerMapping - Rejected bean name 'connManFactory': no URL paths identified
2020-03-14 21:57:22.735 [main] DEBUG o.s.w.s.h.BeanNameUrlHandlerMapping - Rejected bean name 'apacheHttpClientBuilder': no URL paths identified
2020-03-14 21:57:22.735 [main] DEBUG o.s.w.s.h.BeanNameUrlHandlerMapping - Rejected bean name 'apacheHttpClientFactory': no URL paths identified
2020-03-14 21:57:22.735 [main] DEBUG o.s.w.s.h.BeanNameUrlHandlerMapping - Rejected bean name 'org.springframework.cloud.commons.httpclient.HttpClientConfiguration': no URL paths identified
2020-03-14 21:57:22.735 [main] DEBUG o.s.w.s.h.BeanNameUrlHandlerMapping - Rejected bean name 'org.springframework.cloud.commons.util.UtilAutoConfiguration': no URL paths identified
2020-03-14 21:57:22.735 [main] DEBUG o.s.w.s.h.BeanNameUrlHandlerMapping - Rejected bean name 'inetUtilsProperties': no URL paths identified
2020-03-14 21:57:22.735 [main] DEBUG o.s.w.s.h.BeanNameUrlHandlerMapping - Rejected bean name 'inetUtils': no URL paths identified
2020-03-14 21:57:22.735 [main] DEBUG o.s.w.s.h.BeanNameUrlHandlerMapping - Rejected bean name 'org.springframework.cloud.netflix.hystrix.HystrixAutoConfiguration$HystrixMetricsConfiguration': no URL paths identified
2020-03-14 21:57:22.735 [main] DEBUG o.s.w.s.h.BeanNameUrlHandlerMapping - Rejected bean name 'hystrixMetricsBinder': no URL paths identified
2020-03-14 21:57:22.735 [main] DEBUG o.s.w.s.h.BeanNameUrlHandlerMapping - Rejected bean name 'org.springframework.cloud.netflix.hystrix.HystrixAutoConfiguration': no URL paths identified
2020-03-14 21:57:22.735 [main] DEBUG o.s.w.s.h.BeanNameUrlHandlerMapping - Rejected bean name 'hystrixHealthIndicator': no URL paths identified
2020-03-14 21:57:22.735 [main] DEBUG o.s.w.s.h.BeanNameUrlHandlerMapping - Rejected bean name 'org.springframework.cloud.netflix.ribbon.eureka.RibbonEurekaAutoConfiguration': no URL paths identified
2020-03-14 21:57:22.735 [main] DEBUG o.s.w.s.h.BeanNameUrlHandlerMapping - Rejected bean name 'default.org.springframework.cloud.netflix.ribbon.eureka.RibbonEurekaAutoConfiguration.RibbonClientSpecification': no URL paths identified
2020-03-14 21:57:22.735 [main] DEBUG o.s.w.s.h.BeanNameUrlHandlerMapping - Rejected bean name 'org.springframework.cloud.openfeign.ribbon.DefaultFeignLoadBalancedConfiguration': no URL paths identified
2020-03-14 21:57:22.735 [main] DEBUG o.s.w.s.h.BeanNameUrlHandlerMapping - Rejected bean name 'feignClient': no URL paths identified
2020-03-14 21:57:22.735 [main] DEBUG o.s.w.s.h.BeanNameUrlHandlerMapping - Rejected bean name 'org.springframework.cloud.openfeign.ribbon.FeignRibbonClientAutoConfiguration': no URL paths identified
2020-03-14 21:57:22.735 [main] DEBUG o.s.w.s.h.BeanNameUrlHandlerMapping - Rejected bean name 'cachingLBClientFactory': no URL paths identified
2020-03-14 21:57:22.735 [main] DEBUG o.s.w.s.h.BeanNameUrlHandlerMapping - Rejected bean name 'feignRequestOptions': no URL paths identified
2020-03-14 21:57:22.735 [main] DEBUG o.s.w.s.h.BeanNameUrlHandlerMapping - Rejected bean name 'feign.httpclient-org.springframework.cloud.openfeign.support.FeignHttpClientProperties': no URL paths identified
2020-03-14 21:57:22.735 [main] DEBUG o.s.w.s.h.BeanNameUrlHandlerMapping - Rejected bean name 'org.springframework.cloud.openfeign.FeignAutoConfiguration$HystrixFeignTargeterConfiguration': no URL paths identified
2020-03-14 21:57:22.735 [main] DEBUG o.s.w.s.h.BeanNameUrlHandlerMapping - Rejected bean name 'feignTargeter': no URL paths identified
2020-03-14 21:57:22.735 [main] DEBUG o.s.w.s.h.BeanNameUrlHandlerMapping - Rejected bean name 'org.springframework.cloud.openfeign.FeignAutoConfiguration': no URL paths identified
2020-03-14 21:57:22.735 [main] DEBUG o.s.w.s.h.BeanNameUrlHandlerMapping - Rejected bean name 'feignFeature': no URL paths identified
2020-03-14 21:57:22.735 [main] DEBUG o.s.w.s.h.BeanNameUrlHandlerMapping - Rejected bean name 'feignContext': no URL paths identified
2020-03-14 21:57:22.735 [main] DEBUG o.s.w.s.h.BeanNameUrlHandlerMapping - Rejected bean name 'feign.client-org.springframework.cloud.openfeign.FeignClientProperties': no URL paths identified
2020-03-14 21:57:22.735 [main] DEBUG o.s.w.s.h.BeanNameUrlHandlerMapping - Rejected bean name 'org.springframework.boot.actuate.autoconfigure.endpoint.web.ServletEndpointManagementContextConfiguration': no URL paths identified
2020-03-14 21:57:22.736 [main] DEBUG o.s.w.s.h.BeanNameUrlHandlerMapping - Rejected bean name 'servletEndpointRegistrar': no URL paths identified
2020-03-14 21:57:22.736 [main] DEBUG o.s.w.s.h.BeanNameUrlHandlerMapping - Rejected bean name 'servletExposeExcludePropertyEndpointFilter': no URL paths identified
2020-03-14 21:57:22.736 [main] DEBUG o.s.w.s.h.BeanNameUrlHandlerMapping - Rejected bean name 'org.springframework.boot.actuate.autoconfigure.endpoint.web.servlet.WebMvcEndpointManagementContextConfiguration': no URL paths identified
2020-03-14 21:57:22.736 [main] DEBUG o.s.w.s.h.BeanNameUrlHandlerMapping - Rejected bean name 'webEndpointServletHandlerMapping': no URL paths identified
2020-03-14 21:57:22.736 [main] DEBUG o.s.w.s.h.BeanNameUrlHandlerMapping - Rejected bean name 'controllerEndpointHandlerMapping': no URL paths identified
2020-03-14 21:57:22.736 [main] DEBUG o.s.w.s.h.BeanNameUrlHandlerMapping - Rejected bean name 'management.endpoints.web.cors-org.springframework.boot.actuate.autoconfigure.endpoint.web.CorsEndpointProperties': no URL paths identified
2020-03-14 21:57:22.736 [main] DEBUG o.s.w.s.h.BeanNameUrlHandlerMapping - Rejected bean name 'org.springframework.boot.actuate.autoconfigure.web.server.ManagementContextAutoConfiguration$SameManagementContextConfiguration$EnableSameManagementContextConfiguration': no URL paths identified
2020-03-14 21:57:22.736 [main] DEBUG o.s.w.s.h.BeanNameUrlHandlerMapping - Rejected bean name 'org.springframework.boot.actuate.autoconfigure.web.server.ManagementContextAutoConfiguration$SameManagementContextConfiguration': no URL paths identified
2020-03-14 21:57:22.736 [main] DEBUG o.s.w.s.h.BeanNameUrlHandlerMapping - Rejected bean name 'org.springframework.boot.actuate.autoconfigure.web.server.ManagementContextAutoConfiguration': no URL paths identified
2020-03-14 21:57:22.736 [main] DEBUG o.s.w.s.h.BeanNameUrlHandlerMapping - Rejected bean name 'management.server-org.springframework.boot.actuate.autoconfigure.web.server.ManagementServerProperties': no URL paths identified
2020-03-14 21:57:22.736 [main] DEBUG o.s.w.s.h.BeanNameUrlHandlerMapping - Rejected bean name 'org.springframework.orm.jpa.SharedEntityManagerCreator#0': no URL paths identified
2020-03-14 21:57:22.736 [main] DEBUG o.s.w.s.h.BeanNameUrlHandlerMapping - Rejected bean name 'autoConfigurationReport': no URL paths identified
2020-03-14 21:57:22.736 [main] DEBUG o.s.w.s.h.BeanNameUrlHandlerMapping - Rejected bean name 'org.springframework.boot.context.ContextIdApplicationContextInitializer$ContextId': no URL paths identified
2020-03-14 21:57:22.736 [main] DEBUG o.s.w.s.h.BeanNameUrlHandlerMapping - Rejected bean name 'org.springframework.boot.test.context.filter.TestTypeExcludeFilter': no URL paths identified
2020-03-14 21:57:22.736 [main] DEBUG o.s.w.s.h.BeanNameUrlHandlerMapping - Rejected bean name 'org.springframework.boot.test.autoconfigure.properties.PropertyMappingContextCustomizer$PropertyMappingCheckBeanPostProcessor': no URL paths identified
2020-03-14 21:57:22.736 [main] DEBUG o.s.w.s.h.BeanNameUrlHandlerMapping - Rejected bean name 'springApplicationArguments': no URL paths identified
2020-03-14 21:57:22.736 [main] DEBUG o.s.w.s.h.BeanNameUrlHandlerMapping - Rejected bean name 'springBootBanner': no URL paths identified
2020-03-14 21:57:22.736 [main] DEBUG o.s.w.s.h.BeanNameUrlHandlerMapping - Rejected bean name 'environment': no URL paths identified
2020-03-14 21:57:22.736 [main] DEBUG o.s.w.s.h.BeanNameUrlHandlerMapping - Rejected bean name 'systemProperties': no URL paths identified
2020-03-14 21:57:22.736 [main] DEBUG o.s.w.s.h.BeanNameUrlHandlerMapping - Rejected bean name 'systemEnvironment': no URL paths identified
2020-03-14 21:57:22.736 [main] DEBUG o.s.w.s.h.BeanNameUrlHandlerMapping - Rejected bean name 'servletContext': no URL paths identified
2020-03-14 21:57:22.736 [main] DEBUG o.s.w.s.h.BeanNameUrlHandlerMapping - Rejected bean name 'contextParameters': no URL paths identified
2020-03-14 21:57:22.736 [main] DEBUG o.s.w.s.h.BeanNameUrlHandlerMapping - Rejected bean name 'contextAttributes': no URL paths identified
2020-03-14 21:57:22.736 [main] DEBUG o.s.w.s.h.BeanNameUrlHandlerMapping - Rejected bean name 'org.springframework.context.annotation.ConfigurationClassPostProcessor.importRegistry': no URL paths identified
2020-03-14 21:57:22.736 [main] DEBUG o.s.w.s.h.BeanNameUrlHandlerMapping - Rejected bean name 'org.springframework.boot.test.mock.mockito.MockitoBeans': no URL paths identified
2020-03-14 21:57:22.736 [main] DEBUG o.s.w.s.h.BeanNameUrlHandlerMapping - Rejected bean name 'messageSource': no URL paths identified
2020-03-14 21:57:22.736 [main] DEBUG o.s.w.s.h.BeanNameUrlHandlerMapping - Rejected bean name 'applicationEventMulticaster': no URL paths identified
2020-03-14 21:57:22.737 [main] DEBUG o.s.b.f.s.DefaultListableBeanFactory - Returning cached instance of singleton bean 'metaDataSourceAdvisor'
2020-03-14 21:57:22.737 [main] DEBUG o.s.b.f.s.DefaultListableBeanFactory - Returning cached instance of singleton bean 'org.springframework.transaction.config.internalTransactionAdvisor'
2020-03-14 21:57:22.737 [main] DEBUG o.s.b.f.s.DefaultListableBeanFactory - Returning cached instance of singleton bean 'metaDataSourceAdvisor'
2020-03-14 21:57:22.737 [main] DEBUG o.s.b.f.s.DefaultListableBeanFactory - Returning cached instance of singleton bean 'org.springframework.transaction.config.internalTransactionAdvisor'
2020-03-14 21:57:22.749 [main] DEBUG o.s.b.f.s.DefaultListableBeanFactory - Finished creating instance of bean 'beanNameHandlerMapping'
2020-03-14 21:57:22.749 [main] DEBUG o.s.b.f.s.DefaultListableBeanFactory - Creating shared instance of singleton bean 'resourceHandlerMapping'
2020-03-14 21:57:22.749 [main] DEBUG o.s.b.f.s.DefaultListableBeanFactory - Creating instance of bean 'resourceHandlerMapping'
2020-03-14 21:57:22.750 [main] DEBUG o.s.b.f.s.DefaultListableBeanFactory - Returning cached instance of singleton bean 'metaDataSourceAdvisor'
2020-03-14 21:57:22.750 [main] DEBUG o.s.b.f.s.DefaultListableBeanFactory - Returning cached instance of singleton bean 'org.springframework.transaction.config.internalTransactionAdvisor'
2020-03-14 21:57:22.750 [main] DEBUG o.s.b.f.s.DefaultListableBeanFactory - Returning cached instance of singleton bean 'org.springframework.boot.autoconfigure.web.servlet.WebMvcAutoConfiguration$EnableWebMvcConfiguration'
2020-03-14 21:57:22.750 [main] DEBUG o.s.b.f.s.DefaultListableBeanFactory - Returning cached instance of singleton bean 'mvcContentNegotiationManager'
2020-03-14 21:57:22.750 [main] DEBUG o.s.b.f.s.DefaultListableBeanFactory - Returning cached instance of singleton bean 'mvcUrlPathHelper'
2020-03-14 21:57:22.756 [main] DEBUG o.s.b.f.s.DefaultListableBeanFactory - Returning cached instance of singleton bean 'mvcPathMatcher'
2020-03-14 21:57:22.756 [main] DEBUG o.s.b.f.s.DefaultListableBeanFactory - Returning cached instance of singleton bean 'mvcUrlPathHelper'
2020-03-14 21:57:22.757 [main] DEBUG o.s.b.f.s.DefaultListableBeanFactory - Eagerly caching bean 'resourceHandlerMapping' to allow for resolving potential circular references
2020-03-14 21:57:22.761 [main] INFO  o.s.w.s.h.SimpleUrlHandlerMapping - Mapped URL path [/webjars/**] onto handler of type [class org.springframework.web.servlet.resource.ResourceHttpRequestHandler]
2020-03-14 21:57:22.761 [main] INFO  o.s.w.s.h.SimpleUrlHandlerMapping - Mapped URL path [/**] onto handler of type [class org.springframework.web.servlet.resource.ResourceHttpRequestHandler]
2020-03-14 21:57:22.761 [main] DEBUG o.s.b.f.s.DefaultListableBeanFactory - Returning cached instance of singleton bean 'metaDataSourceAdvisor'
2020-03-14 21:57:22.761 [main] DEBUG o.s.b.f.s.DefaultListableBeanFactory - Returning cached instance of singleton bean 'org.springframework.transaction.config.internalTransactionAdvisor'
2020-03-14 21:57:22.761 [main] DEBUG o.s.b.f.s.DefaultListableBeanFactory - Returning cached instance of singleton bean 'metaDataSourceAdvisor'
2020-03-14 21:57:22.761 [main] DEBUG o.s.b.f.s.DefaultListableBeanFactory - Returning cached instance of singleton bean 'org.springframework.transaction.config.internalTransactionAdvisor'
2020-03-14 21:57:22.762 [main] DEBUG o.s.b.f.s.DefaultListableBeanFactory - Finished creating instance of bean 'resourceHandlerMapping'
2020-03-14 21:57:22.762 [main] DEBUG o.s.b.f.s.DefaultListableBeanFactory - Returning cached instance of singleton bean 'mvcResourceUrlProvider'
2020-03-14 21:57:22.762 [main] DEBUG o.s.b.f.s.DefaultListableBeanFactory - Creating shared instance of singleton bean 'defaultServletHandlerMapping'
2020-03-14 21:57:22.762 [main] DEBUG o.s.b.f.s.DefaultListableBeanFactory - Creating instance of bean 'defaultServletHandlerMapping'
2020-03-14 21:57:22.762 [main] DEBUG o.s.b.f.s.DefaultListableBeanFactory - Returning cached instance of singleton bean 'metaDataSourceAdvisor'
2020-03-14 21:57:22.762 [main] DEBUG o.s.b.f.s.DefaultListableBeanFactory - Returning cached instance of singleton bean 'org.springframework.transaction.config.internalTransactionAdvisor'
2020-03-14 21:57:22.762 [main] DEBUG o.s.b.f.s.DefaultListableBeanFactory - Returning cached instance of singleton bean 'org.springframework.boot.autoconfigure.web.servlet.WebMvcAutoConfiguration$EnableWebMvcConfiguration'
2020-03-14 21:57:22.763 [main] DEBUG o.s.b.f.s.DefaultListableBeanFactory - Eagerly caching bean 'defaultServletHandlerMapping' to allow for resolving potential circular references
2020-03-14 21:57:22.766 [main] DEBUG o.s.b.f.s.DefaultListableBeanFactory - Returning cached instance of singleton bean 'metaDataSourceAdvisor'
2020-03-14 21:57:22.766 [main] DEBUG o.s.b.f.s.DefaultListableBeanFactory - Returning cached instance of singleton bean 'org.springframework.transaction.config.internalTransactionAdvisor'
2020-03-14 21:57:22.766 [main] DEBUG o.s.b.f.s.DefaultListableBeanFactory - Returning cached instance of singleton bean 'metaDataSourceAdvisor'
2020-03-14 21:57:22.766 [main] DEBUG o.s.b.f.s.DefaultListableBeanFactory - Returning cached instance of singleton bean 'org.springframework.transaction.config.internalTransactionAdvisor'
2020-03-14 21:57:22.766 [main] DEBUG o.s.b.f.s.DefaultListableBeanFactory - Finished creating instance of bean 'defaultServletHandlerMapping'
2020-03-14 21:57:22.767 [main] DEBUG o.s.b.f.s.DefaultListableBeanFactory - Creating shared instance of singleton bean 'mvcUriComponentsContributor'
2020-03-14 21:57:22.767 [main] DEBUG o.s.b.f.s.DefaultListableBeanFactory - Creating instance of bean 'mvcUriComponentsContributor'
2020-03-14 21:57:22.767 [main] DEBUG o.s.b.f.s.DefaultListableBeanFactory - Returning cached instance of singleton bean 'metaDataSourceAdvisor'
2020-03-14 21:57:22.767 [main] DEBUG o.s.b.f.s.DefaultListableBeanFactory - Returning cached instance of singleton bean 'org.springframework.transaction.config.internalTransactionAdvisor'
2020-03-14 21:57:22.768 [main] DEBUG o.s.b.f.s.DefaultListableBeanFactory - Returning cached instance of singleton bean 'org.springframework.boot.autoconfigure.web.servlet.WebMvcAutoConfiguration$EnableWebMvcConfiguration'
2020-03-14 21:57:22.771 [main] DEBUG o.s.b.f.s.DefaultListableBeanFactory - Returning cached instance of singleton bean 'requestMappingHandlerAdapter'
2020-03-14 21:57:22.774 [main] DEBUG o.s.b.f.s.DefaultListableBeanFactory - Returning cached instance of singleton bean 'mvcConversionService'
2020-03-14 21:57:22.776 [main] DEBUG o.s.b.f.s.DefaultListableBeanFactory - Eagerly caching bean 'mvcUriComponentsContributor' to allow for resolving potential circular references
2020-03-14 21:57:22.784 [main] DEBUG o.s.b.f.s.DefaultListableBeanFactory - Returning cached instance of singleton bean 'metaDataSourceAdvisor'
2020-03-14 21:57:22.784 [main] DEBUG o.s.b.f.s.DefaultListableBeanFactory - Returning cached instance of singleton bean 'org.springframework.transaction.config.internalTransactionAdvisor'
2020-03-14 21:57:22.785 [main] DEBUG o.s.b.f.s.DefaultListableBeanFactory - Returning cached instance of singleton bean 'metaDataSourceAdvisor'
2020-03-14 21:57:22.785 [main] DEBUG o.s.b.f.s.DefaultListableBeanFactory - Returning cached instance of singleton bean 'org.springframework.transaction.config.internalTransactionAdvisor'
2020-03-14 21:57:22.785 [main] DEBUG o.s.b.f.s.DefaultListableBeanFactory - Finished creating instance of bean 'mvcUriComponentsContributor'
2020-03-14 21:57:22.785 [main] DEBUG o.s.b.f.s.DefaultListableBeanFactory - Creating shared instance of singleton bean 'httpRequestHandlerAdapter'
2020-03-14 21:57:22.785 [main] DEBUG o.s.b.f.s.DefaultListableBeanFactory - Creating instance of bean 'httpRequestHandlerAdapter'
2020-03-14 21:57:22.786 [main] DEBUG o.s.b.f.s.DefaultListableBeanFactory - Returning cached instance of singleton bean 'metaDataSourceAdvisor'
2020-03-14 21:57:22.786 [main] DEBUG o.s.b.f.s.DefaultListableBeanFactory - Returning cached instance of singleton bean 'org.springframework.transaction.config.internalTransactionAdvisor'
2020-03-14 21:57:22.787 [main] DEBUG o.s.b.f.s.DefaultListableBeanFactory - Returning cached instance of singleton bean 'org.springframework.boot.autoconfigure.web.servlet.WebMvcAutoConfiguration$EnableWebMvcConfiguration'
2020-03-14 21:57:22.790 [main] DEBUG o.s.b.f.s.DefaultListableBeanFactory - Eagerly caching bean 'httpRequestHandlerAdapter' to allow for resolving potential circular references
2020-03-14 21:57:22.798 [main] DEBUG o.s.b.f.s.DefaultListableBeanFactory - Returning cached instance of singleton bean 'metaDataSourceAdvisor'
2020-03-14 21:57:22.799 [main] DEBUG o.s.b.f.s.DefaultListableBeanFactory - Returning cached instance of singleton bean 'org.springframework.transaction.config.internalTransactionAdvisor'
2020-03-14 21:57:22.799 [main] DEBUG o.s.b.f.s.DefaultListableBeanFactory - Returning cached instance of singleton bean 'metaDataSourceAdvisor'
2020-03-14 21:57:22.799 [main] DEBUG o.s.b.f.s.DefaultListableBeanFactory - Returning cached instance of singleton bean 'org.springframework.transaction.config.internalTransactionAdvisor'
2020-03-14 21:57:22.800 [main] DEBUG o.s.b.f.s.DefaultListableBeanFactory - Finished creating instance of bean 'httpRequestHandlerAdapter'
2020-03-14 21:57:22.800 [main] DEBUG o.s.b.f.s.DefaultListableBeanFactory - Creating shared instance of singleton bean 'simpleControllerHandlerAdapter'
2020-03-14 21:57:22.800 [main] DEBUG o.s.b.f.s.DefaultListableBeanFactory - Creating instance of bean 'simpleControllerHandlerAdapter'
2020-03-14 21:57:22.800 [main] DEBUG o.s.b.f.s.DefaultListableBeanFactory - Returning cached instance of singleton bean 'metaDataSourceAdvisor'
2020-03-14 21:57:22.800 [main] DEBUG o.s.b.f.s.DefaultListableBeanFactory - Returning cached instance of singleton bean 'org.springframework.transaction.config.internalTransactionAdvisor'
2020-03-14 21:57:22.801 [main] DEBUG o.s.b.f.s.DefaultListableBeanFactory - Returning cached instance of singleton bean 'org.springframework.boot.autoconfigure.web.servlet.WebMvcAutoConfiguration$EnableWebMvcConfiguration'
2020-03-14 21:57:22.802 [main] DEBUG o.s.b.f.s.DefaultListableBeanFactory - Eagerly caching bean 'simpleControllerHandlerAdapter' to allow for resolving potential circular references
2020-03-14 21:57:22.811 [main] DEBUG o.s.b.f.s.DefaultListableBeanFactory - Returning cached instance of singleton bean 'metaDataSourceAdvisor'
2020-03-14 21:57:22.811 [main] DEBUG o.s.b.f.s.DefaultListableBeanFactory - Returning cached instance of singleton bean 'org.springframework.transaction.config.internalTransactionAdvisor'
2020-03-14 21:57:22.811 [main] DEBUG o.s.b.f.s.DefaultListableBeanFactory - Returning cached instance of singleton bean 'metaDataSourceAdvisor'
2020-03-14 21:57:22.811 [main] DEBUG o.s.b.f.s.DefaultListableBeanFactory - Returning cached instance of singleton bean 'org.springframework.transaction.config.internalTransactionAdvisor'
2020-03-14 21:57:22.812 [main] DEBUG o.s.b.f.s.DefaultListableBeanFactory - Finished creating instance of bean 'simpleControllerHandlerAdapter'
2020-03-14 21:57:22.813 [main] DEBUG o.s.b.f.s.DefaultListableBeanFactory - Creating shared instance of singleton bean 'handlerExceptionResolver'
2020-03-14 21:57:22.814 [main] DEBUG o.s.b.f.s.DefaultListableBeanFactory - Creating instance of bean 'handlerExceptionResolver'
2020-03-14 21:57:22.814 [main] DEBUG o.s.b.f.s.DefaultListableBeanFactory - Returning cached instance of singleton bean 'metaDataSourceAdvisor'
2020-03-14 21:57:22.814 [main] DEBUG o.s.b.f.s.DefaultListableBeanFactory - Returning cached instance of singleton bean 'org.springframework.transaction.config.internalTransactionAdvisor'
2020-03-14 21:57:22.815 [main] DEBUG o.s.b.f.s.DefaultListableBeanFactory - Returning cached instance of singleton bean 'org.springframework.boot.autoconfigure.web.servlet.WebMvcAutoConfiguration$EnableWebMvcConfiguration'
2020-03-14 21:57:22.823 [main] DEBUG o.s.b.f.s.DefaultListableBeanFactory - Returning cached instance of singleton bean 'mvcContentNegotiationManager'
2020-03-14 21:57:22.828 [main] DEBUG o.s.w.s.m.m.a.ExceptionHandlerExceptionResolver - Looking for exception mappings: org.springframework.web.context.support.GenericWebApplicationContext@1ee4730: startup date [Sat Mar 14 21:56:44 CST 2020]; parent: org.springframework.context.annotation.AnnotationConfigApplicationContext@598bd2ba
2020-03-14 21:57:22.855 [main] INFO  o.s.w.s.m.m.a.ExceptionHandlerExceptionResolver - Detected @ExceptionHandler methods in exceptionCatch
2020-03-14 21:57:22.863 [main] DEBUG o.s.b.f.s.DefaultListableBeanFactory - Eagerly caching bean 'handlerExceptionResolver' to allow for resolving potential circular references
2020-03-14 21:57:22.888 [main] DEBUG o.s.b.f.s.DefaultListableBeanFactory - Returning cached instance of singleton bean 'metaDataSourceAdvisor'
2020-03-14 21:57:22.888 [main] DEBUG o.s.b.f.s.DefaultListableBeanFactory - Returning cached instance of singleton bean 'org.springframework.transaction.config.internalTransactionAdvisor'
2020-03-14 21:57:22.888 [main] DEBUG o.s.b.f.s.DefaultListableBeanFactory - Returning cached instance of singleton bean 'metaDataSourceAdvisor'
2020-03-14 21:57:22.888 [main] DEBUG o.s.b.f.s.DefaultListableBeanFactory - Returning cached instance of singleton bean 'org.springframework.transaction.config.internalTransactionAdvisor'
2020-03-14 21:57:22.889 [main] DEBUG o.s.b.f.s.DefaultListableBeanFactory - Finished creating instance of bean 'handlerExceptionResolver'
2020-03-14 21:57:22.889 [main] DEBUG o.s.b.f.s.DefaultListableBeanFactory - Creating shared instance of singleton bean 'mvcViewResolver'
2020-03-14 21:57:22.889 [main] DEBUG o.s.b.f.s.DefaultListableBeanFactory - Creating instance of bean 'mvcViewResolver'
2020-03-14 21:57:22.889 [main] DEBUG o.s.b.f.s.DefaultListableBeanFactory - Returning cached instance of singleton bean 'metaDataSourceAdvisor'
2020-03-14 21:57:22.889 [main] DEBUG o.s.b.f.s.DefaultListableBeanFactory - Returning cached instance of singleton bean 'org.springframework.transaction.config.internalTransactionAdvisor'
2020-03-14 21:57:22.889 [main] DEBUG o.s.b.f.s.DefaultListableBeanFactory - Returning cached instance of singleton bean 'org.springframework.boot.autoconfigure.web.servlet.WebMvcAutoConfiguration$EnableWebMvcConfiguration'
2020-03-14 21:57:22.907 [main] DEBUG o.s.b.f.s.DefaultListableBeanFactory - Returning cached instance of singleton bean 'mvcContentNegotiationManager'
2020-03-14 21:57:22.926 [main] DEBUG o.s.b.f.s.DefaultListableBeanFactory - Eagerly caching bean 'mvcViewResolver' to allow for resolving potential circular references
2020-03-14 21:57:22.940 [main] DEBUG o.s.b.f.s.DefaultListableBeanFactory - Invoking afterPropertiesSet() on bean with name 'mvcViewResolver'
2020-03-14 21:57:22.941 [main] DEBUG o.s.b.f.s.DefaultListableBeanFactory - Returning cached instance of singleton bean 'metaDataSourceAdvisor'
2020-03-14 21:57:22.941 [main] DEBUG o.s.b.f.s.DefaultListableBeanFactory - Returning cached instance of singleton bean 'org.springframework.transaction.config.internalTransactionAdvisor'
2020-03-14 21:57:22.941 [main] DEBUG o.s.b.f.s.DefaultListableBeanFactory - Returning cached instance of singleton bean 'metaDataSourceAdvisor'
2020-03-14 21:57:22.941 [main] DEBUG o.s.b.f.s.DefaultListableBeanFactory - Returning cached instance of singleton bean 'org.springframework.transaction.config.internalTransactionAdvisor'
2020-03-14 21:57:22.941 [main] DEBUG o.s.b.f.s.DefaultListableBeanFactory - Finished creating instance of bean 'mvcViewResolver'
2020-03-14 21:57:22.941 [main] DEBUG o.s.b.f.s.DefaultListableBeanFactory - Returning cached instance of singleton bean 'org.springframework.boot.autoconfigure.web.servlet.WebMvcAutoConfiguration$WebMvcAutoConfigurationAdapter'
2020-03-14 21:57:22.942 [main] DEBUG o.s.b.f.s.DefaultListableBeanFactory - Creating shared instance of singleton bean 'defaultViewResolver'
2020-03-14 21:57:22.942 [main] DEBUG o.s.b.f.s.DefaultListableBeanFactory - Creating instance of bean 'defaultViewResolver'
2020-03-14 21:57:22.942 [main] DEBUG o.s.b.f.s.DefaultListableBeanFactory - Returning cached instance of singleton bean 'metaDataSourceAdvisor'
2020-03-14 21:57:22.942 [main] DEBUG o.s.b.f.s.DefaultListableBeanFactory - Returning cached instance of singleton bean 'org.springframework.transaction.config.internalTransactionAdvisor'
2020-03-14 21:57:22.942 [main] DEBUG o.s.b.f.s.DefaultListableBeanFactory - Returning cached instance of singleton bean 'org.springframework.boot.autoconfigure.web.servlet.WebMvcAutoConfiguration$WebMvcAutoConfigurationAdapter'
2020-03-14 21:57:22.964 [main] DEBUG o.s.b.f.s.DefaultListableBeanFactory - Eagerly caching bean 'defaultViewResolver' to allow for resolving potential circular references
2020-03-14 21:57:23.004 [main] DEBUG o.s.b.f.s.DefaultListableBeanFactory - Returning cached instance of singleton bean 'metaDataSourceAdvisor'
2020-03-14 21:57:23.005 [main] DEBUG o.s.b.f.s.DefaultListableBeanFactory - Returning cached instance of singleton bean 'org.springframework.transaction.config.internalTransactionAdvisor'
2020-03-14 21:57:23.005 [main] DEBUG o.s.b.f.s.DefaultListableBeanFactory - Returning cached instance of singleton bean 'metaDataSourceAdvisor'
2020-03-14 21:57:23.005 [main] DEBUG o.s.b.f.s.DefaultListableBeanFactory - Returning cached instance of singleton bean 'org.springframework.transaction.config.internalTransactionAdvisor'
2020-03-14 21:57:23.068 [main] DEBUG o.s.b.f.s.DefaultListableBeanFactory - Finished creating instance of bean 'defaultViewResolver'
2020-03-14 21:57:23.069 [main] DEBUG o.s.b.f.s.DefaultListableBeanFactory - Creating shared instance of singleton bean 'viewResolver'
2020-03-14 21:57:23.069 [main] DEBUG o.s.b.f.s.DefaultListableBeanFactory - Creating instance of bean 'viewResolver'
2020-03-14 21:57:23.069 [main] DEBUG o.s.b.f.s.DefaultListableBeanFactory - Returning cached instance of singleton bean 'metaDataSourceAdvisor'
2020-03-14 21:57:23.069 [main] DEBUG o.s.b.f.s.DefaultListableBeanFactory - Returning cached instance of singleton bean 'org.springframework.transaction.config.internalTransactionAdvisor'
2020-03-14 21:57:23.069 [main] DEBUG o.s.b.f.s.DefaultListableBeanFactory - Returning cached instance of singleton bean 'org.springframework.boot.autoconfigure.web.servlet.WebMvcAutoConfiguration$WebMvcAutoConfigurationAdapter'
2020-03-14 21:57:23.075 [main] DEBUG o.s.b.f.s.DefaultListableBeanFactory - Autowiring by type from bean name 'viewResolver' via factory method to bean named 'org.springframework.beans.factory.support.DefaultListableBeanFactory@10b892d5'
2020-03-14 21:57:23.087 [main] DEBUG o.s.b.f.s.DefaultListableBeanFactory - Returning cached instance of singleton bean 'mvcContentNegotiationManager'
2020-03-14 21:57:23.090 [main] DEBUG o.s.b.f.s.DefaultListableBeanFactory - Eagerly caching bean 'viewResolver' to allow for resolving potential circular references
2020-03-14 21:57:23.137 [main] DEBUG o.s.b.f.s.DefaultListableBeanFactory - Returning cached instance of singleton bean 'beanNameViewResolver'
2020-03-14 21:57:23.138 [main] DEBUG o.s.b.f.s.DefaultListableBeanFactory - Returning cached instance of singleton bean 'mvcViewResolver'
2020-03-14 21:57:23.138 [main] DEBUG o.s.b.f.s.DefaultListableBeanFactory - Returning cached instance of singleton bean 'defaultViewResolver'
2020-03-14 21:57:23.138 [main] DEBUG o.s.b.f.s.DefaultListableBeanFactory - Returning cached instance of singleton bean 'metaDataSourceAdvisor'
2020-03-14 21:57:23.138 [main] DEBUG o.s.b.f.s.DefaultListableBeanFactory - Returning cached instance of singleton bean 'org.springframework.transaction.config.internalTransactionAdvisor'
2020-03-14 21:57:23.138 [main] DEBUG o.s.b.f.s.DefaultListableBeanFactory - Returning cached instance of singleton bean 'metaDataSourceAdvisor'
2020-03-14 21:57:23.138 [main] DEBUG o.s.b.f.s.DefaultListableBeanFactory - Returning cached instance of singleton bean 'org.springframework.transaction.config.internalTransactionAdvisor'
2020-03-14 21:57:23.144 [main] DEBUG o.s.b.f.s.DefaultListableBeanFactory - Returning eagerly cached instance of singleton bean 'viewResolver' that is not fully initialized yet - a consequence of a circular reference
2020-03-14 21:57:23.146 [main] DEBUG o.s.b.f.s.DefaultListableBeanFactory - Invoking afterPropertiesSet() on bean with name 'viewResolver'
2020-03-14 21:57:23.147 [main] DEBUG o.s.b.f.s.DefaultListableBeanFactory - Finished creating instance of bean 'viewResolver'
2020-03-14 21:57:23.147 [main] DEBUG o.s.b.f.s.DefaultListableBeanFactory - Creating shared instance of singleton bean 'welcomePageHandlerMapping'
2020-03-14 21:57:23.147 [main] DEBUG o.s.b.f.s.DefaultListableBeanFactory - Creating instance of bean 'welcomePageHandlerMapping'
2020-03-14 21:57:23.147 [main] DEBUG o.s.b.f.s.DefaultListableBeanFactory - Returning cached instance of singleton bean 'metaDataSourceAdvisor'
2020-03-14 21:57:23.147 [main] DEBUG o.s.b.f.s.DefaultListableBeanFactory - Returning cached instance of singleton bean 'org.springframework.transaction.config.internalTransactionAdvisor'
2020-03-14 21:57:23.147 [main] DEBUG o.s.b.f.s.DefaultListableBeanFactory - Returning cached instance of singleton bean 'org.springframework.boot.autoconfigure.web.servlet.WebMvcAutoConfiguration$WebMvcAutoConfigurationAdapter'
2020-03-14 21:57:23.148 [main] DEBUG o.s.b.f.s.DefaultListableBeanFactory - Autowiring by type from bean name 'welcomePageHandlerMapping' via factory method to bean named 'org.springframework.web.context.support.GenericWebApplicationContext@1ee4730'
2020-03-14 21:57:23.155 [main] DEBUG o.s.c.e.PropertySourcesPropertyResolver - Could not find key 'spring.template.provider.cache' in any property source
2020-03-14 21:57:23.165 [main] DEBUG o.s.b.f.s.DefaultListableBeanFactory - Eagerly caching bean 'welcomePageHandlerMapping' to allow for resolving potential circular references
2020-03-14 21:57:23.213 [main] DEBUG o.s.b.f.s.DefaultListableBeanFactory - Returning cached instance of singleton bean 'metaDataSourceAdvisor'
2020-03-14 21:57:23.216 [main] DEBUG o.s.b.f.s.DefaultListableBeanFactory - Returning cached instance of singleton bean 'org.springframework.transaction.config.internalTransactionAdvisor'
2020-03-14 21:57:23.216 [main] DEBUG o.s.b.f.s.DefaultListableBeanFactory - Returning cached instance of singleton bean 'metaDataSourceAdvisor'
2020-03-14 21:57:23.216 [main] DEBUG o.s.b.f.s.DefaultListableBeanFactory - Returning cached instance of singleton bean 'org.springframework.transaction.config.internalTransactionAdvisor'
2020-03-14 21:57:23.244 [main] DEBUG o.s.b.f.s.DefaultListableBeanFactory - Finished creating instance of bean 'welcomePageHandlerMapping'
2020-03-14 21:57:23.245 [main] DEBUG o.s.b.f.s.DefaultListableBeanFactory - Creating shared instance of singleton bean 'requestContextFilter'
2020-03-14 21:57:23.245 [main] DEBUG o.s.b.f.s.DefaultListableBeanFactory - Creating instance of bean 'requestContextFilter'
2020-03-14 21:57:23.245 [main] DEBUG o.s.b.f.s.DefaultListableBeanFactory - Returning cached instance of singleton bean 'metaDataSourceAdvisor'
2020-03-14 21:57:23.245 [main] DEBUG o.s.b.f.s.DefaultListableBeanFactory - Returning cached instance of singleton bean 'org.springframework.transaction.config.internalTransactionAdvisor'
2020-03-14 21:57:23.258 [main] DEBUG o.s.b.f.s.DefaultListableBeanFactory - Eagerly caching bean 'requestContextFilter' to allow for resolving potential circular references
2020-03-14 21:57:23.281 [main] DEBUG o.s.b.f.s.DefaultListableBeanFactory - Invoking afterPropertiesSet() on bean with name 'requestContextFilter'
2020-03-14 21:57:23.281 [main] DEBUG o.s.b.f.s.DefaultListableBeanFactory - Returning cached instance of singleton bean 'metaDataSourceAdvisor'
2020-03-14 21:57:23.281 [main] DEBUG o.s.b.f.s.DefaultListableBeanFactory - Returning cached instance of singleton bean 'org.springframework.transaction.config.internalTransactionAdvisor'
2020-03-14 21:57:23.281 [main] DEBUG o.s.b.f.s.DefaultListableBeanFactory - Returning cached instance of singleton bean 'metaDataSourceAdvisor'
2020-03-14 21:57:23.282 [main] DEBUG o.s.b.f.s.DefaultListableBeanFactory - Returning cached instance of singleton bean 'org.springframework.transaction.config.internalTransactionAdvisor'
2020-03-14 21:57:23.285 [main] DEBUG o.s.b.f.s.DefaultListableBeanFactory - Finished creating instance of bean 'requestContextFilter'
2020-03-14 21:57:23.286 [main] DEBUG o.s.b.f.s.DefaultListableBeanFactory - Creating shared instance of singleton bean 'org.springframework.boot.autoconfigure.web.servlet.WebMvcAutoConfiguration'
2020-03-14 21:57:23.286 [main] DEBUG o.s.b.f.s.DefaultListableBeanFactory - Creating instance of bean 'org.springframework.boot.autoconfigure.web.servlet.WebMvcAutoConfiguration'
2020-03-14 21:57:23.286 [main] DEBUG o.s.b.f.s.DefaultListableBeanFactory - Returning cached instance of singleton bean 'metaDataSourceAdvisor'
2020-03-14 21:57:23.286 [main] DEBUG o.s.b.f.s.DefaultListableBeanFactory - Returning cached instance of singleton bean 'org.springframework.transaction.config.internalTransactionAdvisor'
2020-03-14 21:57:23.286 [main] DEBUG o.s.b.f.s.DefaultListableBeanFactory - Eagerly caching bean 'org.springframework.boot.autoconfigure.web.servlet.WebMvcAutoConfiguration' to allow for resolving potential circular references
2020-03-14 21:57:23.296 [main] DEBUG o.s.b.f.s.DefaultListableBeanFactory - Returning cached instance of singleton bean 'metaDataSourceAdvisor'
2020-03-14 21:57:23.296 [main] DEBUG o.s.b.f.s.DefaultListableBeanFactory - Returning cached instance of singleton bean 'org.springframework.transaction.config.internalTransactionAdvisor'
2020-03-14 21:57:23.296 [main] DEBUG o.s.b.f.s.DefaultListableBeanFactory - Returning cached instance of singleton bean 'metaDataSourceAdvisor'
2020-03-14 21:57:23.296 [main] DEBUG o.s.b.f.s.DefaultListableBeanFactory - Returning cached instance of singleton bean 'org.springframework.transaction.config.internalTransactionAdvisor'
2020-03-14 21:57:23.298 [main] DEBUG o.s.b.f.s.DefaultListableBeanFactory - Finished creating instance of bean 'org.springframework.boot.autoconfigure.web.servlet.WebMvcAutoConfiguration'
2020-03-14 21:57:23.298 [main] DEBUG o.s.b.f.s.DefaultListableBeanFactory - Creating shared instance of singleton bean 'hiddenHttpMethodFilter'
2020-03-14 21:57:23.298 [main] DEBUG o.s.b.f.s.DefaultListableBeanFactory - Creating instance of bean 'hiddenHttpMethodFilter'
2020-03-14 21:57:23.298 [main] DEBUG o.s.b.f.s.DefaultListableBeanFactory - Returning cached instance of singleton bean 'metaDataSourceAdvisor'
2020-03-14 21:57:23.298 [main] DEBUG o.s.b.f.s.DefaultListableBeanFactory - Returning cached instance of singleton bean 'org.springframework.transaction.config.internalTransactionAdvisor'
2020-03-14 21:57:23.299 [main] DEBUG o.s.b.f.s.DefaultListableBeanFactory - Returning cached instance of singleton bean 'org.springframework.boot.autoconfigure.web.servlet.WebMvcAutoConfiguration'
2020-03-14 21:57:23.314 [main] DEBUG o.s.b.f.s.DefaultListableBeanFactory - Eagerly caching bean 'hiddenHttpMethodFilter' to allow for resolving potential circular references
2020-03-14 21:57:23.366 [main] DEBUG o.s.b.f.s.DefaultListableBeanFactory - Invoking afterPropertiesSet() on bean with name 'hiddenHttpMethodFilter'
2020-03-14 21:57:23.388 [main] DEBUG o.s.b.f.s.DefaultListableBeanFactory - Returning cached instance of singleton bean 'metaDataSourceAdvisor'
2020-03-14 21:57:23.388 [main] DEBUG o.s.b.f.s.DefaultListableBeanFactory - Returning cached instance of singleton bean 'org.springframework.transaction.config.internalTransactionAdvisor'
2020-03-14 21:57:23.388 [main] DEBUG o.s.b.f.s.DefaultListableBeanFactory - Returning cached instance of singleton bean 'metaDataSourceAdvisor'
2020-03-14 21:57:23.388 [main] DEBUG o.s.b.f.s.DefaultListableBeanFactory - Returning cached instance of singleton bean 'org.springframework.transaction.config.internalTransactionAdvisor'
2020-03-14 21:57:23.448 [main] DEBUG o.s.b.f.s.DefaultListableBeanFactory - Finished creating instance of bean 'hiddenHttpMethodFilter'
2020-03-14 21:57:23.448 [main] DEBUG o.s.b.f.s.DefaultListableBeanFactory - Creating shared instance of singleton bean 'httpPutFormContentFilter'
2020-03-14 21:57:23.448 [main] DEBUG o.s.b.f.s.DefaultListableBeanFactory - Creating instance of bean 'httpPutFormContentFilter'
2020-03-14 21:57:23.449 [main] DEBUG o.s.b.f.s.DefaultListableBeanFactory - Returning cached instance of singleton bean 'metaDataSourceAdvisor'
2020-03-14 21:57:23.449 [main] DEBUG o.s.b.f.s.DefaultListableBeanFactory - Returning cached instance of singleton bean 'org.springframework.transaction.config.internalTransactionAdvisor'
2020-03-14 21:57:23.449 [main] DEBUG o.s.b.f.s.DefaultListableBeanFactory - Returning cached instance of singleton bean 'org.springframework.boot.autoconfigure.web.servlet.WebMvcAutoConfiguration'
2020-03-14 21:57:23.458 [main] DEBUG o.s.b.f.s.DefaultListableBeanFactory - Eagerly caching bean 'httpPutFormContentFilter' to allow for resolving potential circular references
2020-03-14 21:57:23.468 [main] DEBUG o.s.b.f.s.DefaultListableBeanFactory - Invoking afterPropertiesSet() on bean with name 'httpPutFormContentFilter'
2020-03-14 21:57:23.468 [main] DEBUG o.s.b.f.s.DefaultListableBeanFactory - Returning cached instance of singleton bean 'metaDataSourceAdvisor'
2020-03-14 21:57:23.468 [main] DEBUG o.s.b.f.s.DefaultListableBeanFactory - Returning cached instance of singleton bean 'org.springframework.transaction.config.internalTransactionAdvisor'
2020-03-14 21:57:23.468 [main] DEBUG o.s.b.f.s.DefaultListableBeanFactory - Returning cached instance of singleton bean 'metaDataSourceAdvisor'
2020-03-14 21:57:23.468 [main] DEBUG o.s.b.f.s.DefaultListableBeanFactory - Returning cached instance of singleton bean 'org.springframework.transaction.config.internalTransactionAdvisor'
2020-03-14 21:57:23.473 [main] DEBUG o.s.b.f.s.DefaultListableBeanFactory - Finished creating instance of bean 'httpPutFormContentFilter'
2020-03-14 21:57:23.473 [main] DEBUG o.s.b.f.s.DefaultListableBeanFactory - Creating shared instance of singleton bean 'com.alibaba.druid.spring.boot.autoconfigure.stat.DruidStatViewServletConfiguration'
2020-03-14 21:57:23.473 [main] DEBUG o.s.b.f.s.DefaultListableBeanFactory - Creating instance of bean 'com.alibaba.druid.spring.boot.autoconfigure.stat.DruidStatViewServletConfiguration'
2020-03-14 21:57:23.473 [main] DEBUG o.s.b.f.s.DefaultListableBeanFactory - Returning cached instance of singleton bean 'metaDataSourceAdvisor'
2020-03-14 21:57:23.474 [main] DEBUG o.s.b.f.s.DefaultListableBeanFactory - Returning cached instance of singleton bean 'org.springframework.transaction.config.internalTransactionAdvisor'
2020-03-14 21:57:23.475 [main] DEBUG o.s.b.f.s.DefaultListableBeanFactory - Eagerly caching bean 'com.alibaba.druid.spring.boot.autoconfigure.stat.DruidStatViewServletConfiguration' to allow for resolving potential circular references
2020-03-14 21:57:23.480 [main] DEBUG o.s.b.f.s.DefaultListableBeanFactory - Returning cached instance of singleton bean 'metaDataSourceAdvisor'
2020-03-14 21:57:23.480 [main] DEBUG o.s.b.f.s.DefaultListableBeanFactory - Returning cached instance of singleton bean 'org.springframework.transaction.config.internalTransactionAdvisor'
2020-03-14 21:57:23.480 [main] DEBUG o.s.b.f.s.DefaultListableBeanFactory - Returning cached instance of singleton bean 'metaDataSourceAdvisor'
2020-03-14 21:57:23.480 [main] DEBUG o.s.b.f.s.DefaultListableBeanFactory - Returning cached instance of singleton bean 'org.springframework.transaction.config.internalTransactionAdvisor'
2020-03-14 21:57:23.481 [main] DEBUG o.s.b.f.s.DefaultListableBeanFactory - Finished creating instance of bean 'com.alibaba.druid.spring.boot.autoconfigure.stat.DruidStatViewServletConfiguration'
2020-03-14 21:57:23.481 [main] DEBUG o.s.b.f.s.DefaultListableBeanFactory - Creating shared instance of singleton bean 'statViewServletRegistrationBean'
2020-03-14 21:57:23.481 [main] DEBUG o.s.b.f.s.DefaultListableBeanFactory - Creating instance of bean 'statViewServletRegistrationBean'
2020-03-14 21:57:23.481 [main] DEBUG o.s.b.f.s.DefaultListableBeanFactory - Returning cached instance of singleton bean 'metaDataSourceAdvisor'
2020-03-14 21:57:23.481 [main] DEBUG o.s.b.f.s.DefaultListableBeanFactory - Returning cached instance of singleton bean 'org.springframework.transaction.config.internalTransactionAdvisor'
2020-03-14 21:57:23.481 [main] DEBUG o.s.b.f.s.DefaultListableBeanFactory - Returning cached instance of singleton bean 'com.alibaba.druid.spring.boot.autoconfigure.stat.DruidStatViewServletConfiguration'
2020-03-14 21:57:23.488 [main] DEBUG o.s.b.f.s.DefaultListableBeanFactory - Creating shared instance of singleton bean 'spring.datasource.druid-com.alibaba.druid.spring.boot.autoconfigure.properties.DruidStatProperties'
2020-03-14 21:57:23.488 [main] DEBUG o.s.b.f.s.DefaultListableBeanFactory - Creating instance of bean 'spring.datasource.druid-com.alibaba.druid.spring.boot.autoconfigure.properties.DruidStatProperties'
2020-03-14 21:57:23.488 [main] DEBUG o.s.b.f.s.DefaultListableBeanFactory - Returning cached instance of singleton bean 'metaDataSourceAdvisor'
2020-03-14 21:57:23.488 [main] DEBUG o.s.b.f.s.DefaultListableBeanFactory - Returning cached instance of singleton bean 'org.springframework.transaction.config.internalTransactionAdvisor'
2020-03-14 21:57:23.488 [main] DEBUG o.s.b.f.s.DefaultListableBeanFactory - Eagerly caching bean 'spring.datasource.druid-com.alibaba.druid.spring.boot.autoconfigure.properties.DruidStatProperties' to allow for resolving potential circular references
2020-03-14 21:57:23.493 [main] DEBUG o.s.b.f.s.DefaultListableBeanFactory - Returning cached instance of singleton bean 'metaDataSourceAdvisor'
2020-03-14 21:57:23.493 [main] DEBUG o.s.b.f.s.DefaultListableBeanFactory - Returning cached instance of singleton bean 'org.springframework.transaction.config.internalTransactionAdvisor'
2020-03-14 21:57:23.493 [main] DEBUG o.s.b.f.s.DefaultListableBeanFactory - Returning cached instance of singleton bean 'metaDataSourceAdvisor'
2020-03-14 21:57:23.493 [main] DEBUG o.s.b.f.s.DefaultListableBeanFactory - Returning cached instance of singleton bean 'org.springframework.transaction.config.internalTransactionAdvisor'
2020-03-14 21:57:23.494 [main] DEBUG o.s.b.f.s.DefaultListableBeanFactory - Finished creating instance of bean 'spring.datasource.druid-com.alibaba.druid.spring.boot.autoconfigure.properties.DruidStatProperties'
2020-03-14 21:57:23.494 [main] DEBUG o.s.b.f.s.DefaultListableBeanFactory - Autowiring by type from bean name 'statViewServletRegistrationBean' via factory method to bean named 'spring.datasource.druid-com.alibaba.druid.spring.boot.autoconfigure.properties.DruidStatProperties'
2020-03-14 21:57:23.498 [main] DEBUG o.s.b.f.s.DefaultListableBeanFactory - Eagerly caching bean 'statViewServletRegistrationBean' to allow for resolving potential circular references
2020-03-14 21:57:23.499 [main] DEBUG o.s.b.f.s.DefaultListableBeanFactory - Returning cached instance of singleton bean 'metaDataSourceAdvisor'
2020-03-14 21:57:23.499 [main] DEBUG o.s.b.f.s.DefaultListableBeanFactory - Returning cached instance of singleton bean 'org.springframework.transaction.config.internalTransactionAdvisor'
2020-03-14 21:57:23.500 [main] DEBUG o.s.b.f.s.DefaultListableBeanFactory - Returning cached instance of singleton bean 'metaDataSourceAdvisor'
2020-03-14 21:57:23.500 [main] DEBUG o.s.b.f.s.DefaultListableBeanFactory - Returning cached instance of singleton bean 'org.springframework.transaction.config.internalTransactionAdvisor'
2020-03-14 21:57:23.500 [main] DEBUG o.s.b.f.s.DefaultListableBeanFactory - Finished creating instance of bean 'statViewServletRegistrationBean'
2020-03-14 21:57:23.500 [main] DEBUG o.s.b.f.s.DefaultListableBeanFactory - Creating shared instance of singleton bean 'com.alibaba.druid.spring.boot.autoconfigure.stat.DruidWebStatFilterConfiguration'
2020-03-14 21:57:23.500 [main] DEBUG o.s.b.f.s.DefaultListableBeanFactory - Creating instance of bean 'com.alibaba.druid.spring.boot.autoconfigure.stat.DruidWebStatFilterConfiguration'
2020-03-14 21:57:23.503 [main] DEBUG o.s.b.f.s.DefaultListableBeanFactory - Returning cached instance of singleton bean 'metaDataSourceAdvisor'
2020-03-14 21:57:23.503 [main] DEBUG o.s.b.f.s.DefaultListableBeanFactory - Returning cached instance of singleton bean 'org.springframework.transaction.config.internalTransactionAdvisor'
2020-03-14 21:57:23.505 [main] DEBUG o.s.b.f.s.DefaultListableBeanFactory - Eagerly caching bean 'com.alibaba.druid.spring.boot.autoconfigure.stat.DruidWebStatFilterConfiguration' to allow for resolving potential circular references
2020-03-14 21:57:23.518 [main] DEBUG o.s.b.f.s.DefaultListableBeanFactory - Returning cached instance of singleton bean 'metaDataSourceAdvisor'
2020-03-14 21:57:23.518 [main] DEBUG o.s.b.f.s.DefaultListableBeanFactory - Returning cached instance of singleton bean 'org.springframework.transaction.config.internalTransactionAdvisor'
2020-03-14 21:57:23.518 [main] DEBUG o.s.b.f.s.DefaultListableBeanFactory - Returning cached instance of singleton bean 'metaDataSourceAdvisor'
2020-03-14 21:57:23.518 [main] DEBUG o.s.b.f.s.DefaultListableBeanFactory - Returning cached instance of singleton bean 'org.springframework.transaction.config.internalTransactionAdvisor'
2020-03-14 21:57:23.519 [main] DEBUG o.s.b.f.s.DefaultListableBeanFactory - Finished creating instance of bean 'com.alibaba.druid.spring.boot.autoconfigure.stat.DruidWebStatFilterConfiguration'
2020-03-14 21:57:23.519 [main] DEBUG o.s.b.f.s.DefaultListableBeanFactory - Creating shared instance of singleton bean 'webStatFilterRegistrationBean'
2020-03-14 21:57:23.519 [main] DEBUG o.s.b.f.s.DefaultListableBeanFactory - Creating instance of bean 'webStatFilterRegistrationBean'
2020-03-14 21:57:23.519 [main] DEBUG o.s.b.f.s.DefaultListableBeanFactory - Returning cached instance of singleton bean 'metaDataSourceAdvisor'
2020-03-14 21:57:23.519 [main] DEBUG o.s.b.f.s.DefaultListableBeanFactory - Returning cached instance of singleton bean 'org.springframework.transaction.config.internalTransactionAdvisor'
2020-03-14 21:57:23.520 [main] DEBUG o.s.b.f.s.DefaultListableBeanFactory - Returning cached instance of singleton bean 'com.alibaba.druid.spring.boot.autoconfigure.stat.DruidWebStatFilterConfiguration'
2020-03-14 21:57:23.523 [main] DEBUG o.s.b.f.s.DefaultListableBeanFactory - Returning cached instance of singleton bean 'spring.datasource.druid-com.alibaba.druid.spring.boot.autoconfigure.properties.DruidStatProperties'
2020-03-14 21:57:23.523 [main] DEBUG o.s.b.f.s.DefaultListableBeanFactory - Autowiring by type from bean name 'webStatFilterRegistrationBean' via factory method to bean named 'spring.datasource.druid-com.alibaba.druid.spring.boot.autoconfigure.properties.DruidStatProperties'
2020-03-14 21:57:23.548 [main] DEBUG o.s.b.f.s.DefaultListableBeanFactory - Eagerly caching bean 'webStatFilterRegistrationBean' to allow for resolving potential circular references
2020-03-14 21:57:23.592 [main] DEBUG o.s.b.f.s.DefaultListableBeanFactory - Returning cached instance of singleton bean 'metaDataSourceAdvisor'
2020-03-14 21:57:23.593 [main] DEBUG o.s.b.f.s.DefaultListableBeanFactory - Returning cached instance of singleton bean 'org.springframework.transaction.config.internalTransactionAdvisor'
2020-03-14 21:57:23.593 [main] DEBUG o.s.b.f.s.DefaultListableBeanFactory - Returning cached instance of singleton bean 'metaDataSourceAdvisor'
2020-03-14 21:57:23.593 [main] DEBUG o.s.b.f.s.DefaultListableBeanFactory - Returning cached instance of singleton bean 'org.springframework.transaction.config.internalTransactionAdvisor'
2020-03-14 21:57:23.602 [main] DEBUG o.s.b.f.s.DefaultListableBeanFactory - Finished creating instance of bean 'webStatFilterRegistrationBean'
2020-03-14 21:57:23.603 [main] DEBUG o.s.b.f.s.DefaultListableBeanFactory - Returning cached instance of singleton bean 'com.alibaba.druid.spring.boot.autoconfigure.stat.DruidFilterConfiguration'
2020-03-14 21:57:23.603 [main] DEBUG o.s.b.f.s.DefaultListableBeanFactory - Returning cached instance of singleton bean 'statFilter'
2020-03-14 21:57:23.603 [main] DEBUG o.s.b.f.s.DefaultListableBeanFactory - Returning cached instance of singleton bean 'com.alibaba.druid.spring.boot.autoconfigure.DruidDataSourceAutoConfigure'
2020-03-14 21:57:23.603 [main] DEBUG o.s.b.f.s.DefaultListableBeanFactory - Returning cached instance of singleton bean 'dataSource'
2020-03-14 21:57:23.603 [main] DEBUG o.s.b.f.s.DefaultListableBeanFactory - Returning cached instance of singleton bean 'spring.datasource.druid-com.alibaba.druid.spring.boot.autoconfigure.properties.DruidStatProperties'
2020-03-14 21:57:23.603 [main] DEBUG o.s.b.f.s.DefaultListableBeanFactory - Returning cached instance of singleton bean 'spring.datasource-org.springframework.boot.autoconfigure.jdbc.DataSourceProperties'
2020-03-14 21:57:23.603 [main] DEBUG o.s.b.f.s.DefaultListableBeanFactory - Creating shared instance of singleton bean 'org.springframework.boot.autoconfigure.transaction.jta.JtaAutoConfiguration'
2020-03-14 21:57:23.603 [main] DEBUG o.s.b.f.s.DefaultListableBeanFactory - Creating instance of bean 'org.springframework.boot.autoconfigure.transaction.jta.JtaAutoConfiguration'
2020-03-14 21:57:23.604 [main] DEBUG o.s.b.f.s.DefaultListableBeanFactory - Returning cached instance of singleton bean 'metaDataSourceAdvisor'
2020-03-14 21:57:23.605 [main] DEBUG o.s.b.f.s.DefaultListableBeanFactory - Returning cached instance of singleton bean 'org.springframework.transaction.config.internalTransactionAdvisor'
2020-03-14 21:57:23.605 [main] DEBUG o.s.b.f.s.DefaultListableBeanFactory - Eagerly caching bean 'org.springframework.boot.autoconfigure.transaction.jta.JtaAutoConfiguration' to allow for resolving potential circular references
2020-03-14 21:57:23.611 [main] DEBUG o.s.b.f.s.DefaultListableBeanFactory - Returning cached instance of singleton bean 'metaDataSourceAdvisor'
2020-03-14 21:57:23.612 [main] DEBUG o.s.b.f.s.DefaultListableBeanFactory - Returning cached instance of singleton bean 'org.springframework.transaction.config.internalTransactionAdvisor'
2020-03-14 21:57:23.612 [main] DEBUG o.s.b.f.s.DefaultListableBeanFactory - Returning cached instance of singleton bean 'metaDataSourceAdvisor'
2020-03-14 21:57:23.612 [main] DEBUG o.s.b.f.s.DefaultListableBeanFactory - Returning cached instance of singleton bean 'org.springframework.transaction.config.internalTransactionAdvisor'
2020-03-14 21:57:23.613 [main] DEBUG o.s.b.f.s.DefaultListableBeanFactory - Finished creating instance of bean 'org.springframework.boot.autoconfigure.transaction.jta.JtaAutoConfiguration'
2020-03-14 21:57:23.613 [main] DEBUG o.s.b.f.s.DefaultListableBeanFactory - Creating shared instance of singleton bean 'spring.jta-org.springframework.boot.autoconfigure.transaction.jta.JtaProperties'
2020-03-14 21:57:23.613 [main] DEBUG o.s.b.f.s.DefaultListableBeanFactory - Creating instance of bean 'spring.jta-org.springframework.boot.autoconfigure.transaction.jta.JtaProperties'
2020-03-14 21:57:23.613 [main] DEBUG o.s.b.f.s.DefaultListableBeanFactory - Returning cached instance of singleton bean 'metaDataSourceAdvisor'
2020-03-14 21:57:23.613 [main] DEBUG o.s.b.f.s.DefaultListableBeanFactory - Returning cached instance of singleton bean 'org.springframework.transaction.config.internalTransactionAdvisor'
2020-03-14 21:57:23.614 [main] DEBUG o.s.b.f.s.DefaultListableBeanFactory - Eagerly caching bean 'spring.jta-org.springframework.boot.autoconfigure.transaction.jta.JtaProperties' to allow for resolving potential circular references
2020-03-14 21:57:23.623 [main] DEBUG o.s.b.f.s.DefaultListableBeanFactory - Returning cached instance of singleton bean 'metaDataSourceAdvisor'
2020-03-14 21:57:23.623 [main] DEBUG o.s.b.f.s.DefaultListableBeanFactory - Returning cached instance of singleton bean 'org.springframework.transaction.config.internalTransactionAdvisor'
2020-03-14 21:57:23.623 [main] DEBUG o.s.b.f.s.DefaultListableBeanFactory - Returning cached instance of singleton bean 'metaDataSourceAdvisor'
2020-03-14 21:57:23.623 [main] DEBUG o.s.b.f.s.DefaultListableBeanFactory - Returning cached instance of singleton bean 'org.springframework.transaction.config.internalTransactionAdvisor'
2020-03-14 21:57:23.624 [main] DEBUG o.s.b.f.s.DefaultListableBeanFactory - Finished creating instance of bean 'spring.jta-org.springframework.boot.autoconfigure.transaction.jta.JtaProperties'
2020-03-14 21:57:23.624 [main] DEBUG o.s.b.f.s.DefaultListableBeanFactory - Returning cached instance of singleton bean 'org.springframework.boot.autoconfigure.jdbc.metadata.DataSourcePoolMetadataProvidersConfiguration$HikariPoolDataSourceMetadataProviderConfiguration'
2020-03-14 21:57:23.625 [main] DEBUG o.s.b.f.s.DefaultListableBeanFactory - Returning cached instance of singleton bean 'hikariPoolDataSourceMetadataProvider'
2020-03-14 21:57:23.626 [main] DEBUG o.s.b.f.s.DefaultListableBeanFactory - Creating shared instance of singleton bean 'org.springframework.boot.autoconfigure.jdbc.metadata.DataSourcePoolMetadataProvidersConfiguration'
2020-03-14 21:57:23.627 [main] DEBUG o.s.b.f.s.DefaultListableBeanFactory - Creating instance of bean 'org.springframework.boot.autoconfigure.jdbc.metadata.DataSourcePoolMetadataProvidersConfiguration'
2020-03-14 21:57:23.627 [main] DEBUG o.s.b.f.s.DefaultListableBeanFactory - Returning cached instance of singleton bean 'metaDataSourceAdvisor'
2020-03-14 21:57:23.627 [main] DEBUG o.s.b.f.s.DefaultListableBeanFactory - Returning cached instance of singleton bean 'org.springframework.transaction.config.internalTransactionAdvisor'
2020-03-14 21:57:23.627 [main] DEBUG o.s.b.f.s.DefaultListableBeanFactory - Eagerly caching bean 'org.springframework.boot.autoconfigure.jdbc.metadata.DataSourcePoolMetadataProvidersConfiguration' to allow for resolving potential circular references
2020-03-14 21:57:23.634 [main] DEBUG o.s.b.f.s.DefaultListableBeanFactory - Returning cached instance of singleton bean 'metaDataSourceAdvisor'
2020-03-14 21:57:23.634 [main] DEBUG o.s.b.f.s.DefaultListableBeanFactory - Returning cached instance of singleton bean 'org.springframework.transaction.config.internalTransactionAdvisor'
2020-03-14 21:57:23.634 [main] DEBUG o.s.b.f.s.DefaultListableBeanFactory - Returning cached instance of singleton bean 'metaDataSourceAdvisor'
2020-03-14 21:57:23.634 [main] DEBUG o.s.b.f.s.DefaultListableBeanFactory - Returning cached instance of singleton bean 'org.springframework.transaction.config.internalTransactionAdvisor'
2020-03-14 21:57:23.637 [main] DEBUG o.s.b.f.s.DefaultListableBeanFactory - Finished creating instance of bean 'org.springframework.boot.autoconfigure.jdbc.metadata.DataSourcePoolMetadataProvidersConfiguration'
2020-03-14 21:57:23.638 [main] DEBUG o.s.b.f.s.DefaultListableBeanFactory - Returning cached instance of singleton bean 'org.springframework.boot.autoconfigure.jdbc.DataSourceInitializerInvoker'
2020-03-14 21:57:23.638 [main] DEBUG o.s.b.f.s.DefaultListableBeanFactory - Creating shared instance of singleton bean 'org.springframework.boot.autoconfigure.jdbc.DataSourceInitializationConfiguration'
2020-03-14 21:57:23.638 [main] DEBUG o.s.b.f.s.DefaultListableBeanFactory - Creating instance of bean 'org.springframework.boot.autoconfigure.jdbc.DataSourceInitializationConfiguration'
2020-03-14 21:57:23.639 [main] DEBUG o.s.b.f.s.DefaultListableBeanFactory - Returning cached instance of singleton bean 'metaDataSourceAdvisor'
2020-03-14 21:57:23.640 [main] DEBUG o.s.b.f.s.DefaultListableBeanFactory - Returning cached instance of singleton bean 'org.springframework.transaction.config.internalTransactionAdvisor'
2020-03-14 21:57:23.644 [main] DEBUG o.s.b.f.s.DefaultListableBeanFactory - Eagerly caching bean 'org.springframework.boot.autoconfigure.jdbc.DataSourceInitializationConfiguration' to allow for resolving potential circular references
2020-03-14 21:57:23.656 [main] DEBUG o.s.b.f.s.DefaultListableBeanFactory - Returning cached instance of singleton bean 'metaDataSourceAdvisor'
2020-03-14 21:57:23.656 [main] DEBUG o.s.b.f.s.DefaultListableBeanFactory - Returning cached instance of singleton bean 'org.springframework.transaction.config.internalTransactionAdvisor'
2020-03-14 21:57:23.656 [main] DEBUG o.s.b.f.s.DefaultListableBeanFactory - Returning cached instance of singleton bean 'metaDataSourceAdvisor'
2020-03-14 21:57:23.656 [main] DEBUG o.s.b.f.s.DefaultListableBeanFactory - Returning cached instance of singleton bean 'org.springframework.transaction.config.internalTransactionAdvisor'
2020-03-14 21:57:23.656 [main] DEBUG o.s.b.f.s.DefaultListableBeanFactory - Finished creating instance of bean 'org.springframework.boot.autoconfigure.jdbc.DataSourceInitializationConfiguration'
2020-03-14 21:57:23.657 [main] DEBUG o.s.b.f.s.DefaultListableBeanFactory - Returning cached instance of singleton bean 'dataSourceInitializerPostProcessor'
2020-03-14 21:57:23.657 [main] DEBUG o.s.b.f.s.DefaultListableBeanFactory - Creating shared instance of singleton bean 'org.springframework.boot.autoconfigure.jdbc.DataSourceAutoConfiguration'
2020-03-14 21:57:23.657 [main] DEBUG o.s.b.f.s.DefaultListableBeanFactory - Creating instance of bean 'org.springframework.boot.autoconfigure.jdbc.DataSourceAutoConfiguration'
2020-03-14 21:57:23.657 [main] DEBUG o.s.b.f.s.DefaultListableBeanFactory - Returning cached instance of singleton bean 'metaDataSourceAdvisor'
2020-03-14 21:57:23.657 [main] DEBUG o.s.b.f.s.DefaultListableBeanFactory - Returning cached instance of singleton bean 'org.springframework.transaction.config.internalTransactionAdvisor'
2020-03-14 21:57:23.657 [main] DEBUG o.s.b.f.s.DefaultListableBeanFactory - Eagerly caching bean 'org.springframework.boot.autoconfigure.jdbc.DataSourceAutoConfiguration' to allow for resolving potential circular references
2020-03-14 21:57:23.665 [main] DEBUG o.s.b.f.s.DefaultListableBeanFactory - Returning cached instance of singleton bean 'metaDataSourceAdvisor'
2020-03-14 21:57:23.665 [main] DEBUG o.s.b.f.s.DefaultListableBeanFactory - Returning cached instance of singleton bean 'org.springframework.transaction.config.internalTransactionAdvisor'
2020-03-14 21:57:23.665 [main] DEBUG o.s.b.f.s.DefaultListableBeanFactory - Returning cached instance of singleton bean 'metaDataSourceAdvisor'
2020-03-14 21:57:23.665 [main] DEBUG o.s.b.f.s.DefaultListableBeanFactory - Returning cached instance of singleton bean 'org.springframework.transaction.config.internalTransactionAdvisor'
2020-03-14 21:57:23.666 [main] DEBUG o.s.b.f.s.DefaultListableBeanFactory - Finished creating instance of bean 'org.springframework.boot.autoconfigure.jdbc.DataSourceAutoConfiguration'
2020-03-14 21:57:23.666 [main] DEBUG o.s.b.f.s.DefaultListableBeanFactory - Creating shared instance of singleton bean 'org.mybatis.spring.boot.autoconfigure.MybatisAutoConfiguration$MapperScannerRegistrarNotFoundConfiguration'
2020-03-14 21:57:23.666 [main] DEBUG o.s.b.f.s.DefaultListableBeanFactory - Creating instance of bean 'org.mybatis.spring.boot.autoconfigure.MybatisAutoConfiguration$MapperScannerRegistrarNotFoundConfiguration'
2020-03-14 21:57:23.666 [main] DEBUG o.s.b.f.s.DefaultListableBeanFactory - Returning cached instance of singleton bean 'metaDataSourceAdvisor'
2020-03-14 21:57:23.666 [main] DEBUG o.s.b.f.s.DefaultListableBeanFactory - Returning cached instance of singleton bean 'org.springframework.transaction.config.internalTransactionAdvisor'
2020-03-14 21:57:23.667 [main] DEBUG o.s.c.a.CommonAnnotationBeanPostProcessor - Found init method on class [org.mybatis.spring.boot.autoconfigure.MybatisAutoConfiguration$MapperScannerRegistrarNotFoundConfiguration$$EnhancerBySpringCGLIB$$b762433c]: public void org.mybatis.spring.boot.autoconfigure.MybatisAutoConfiguration$MapperScannerRegistrarNotFoundConfiguration.afterPropertiesSet()
2020-03-14 21:57:23.667 [main] DEBUG o.s.c.a.CommonAnnotationBeanPostProcessor - Registered init method on class [org.mybatis.spring.boot.autoconfigure.MybatisAutoConfiguration$MapperScannerRegistrarNotFoundConfiguration$$EnhancerBySpringCGLIB$$b762433c]: org.springframework.beans.factory.annotation.InitDestroyAnnotationBeanPostProcessor$LifecycleElement@b54555b3
2020-03-14 21:57:23.667 [main] DEBUG o.s.b.f.s.DefaultListableBeanFactory - Eagerly caching bean 'org.mybatis.spring.boot.autoconfigure.MybatisAutoConfiguration$MapperScannerRegistrarNotFoundConfiguration' to allow for resolving potential circular references
2020-03-14 21:57:23.672 [main] DEBUG o.s.c.a.CommonAnnotationBeanPostProcessor - Invoking init method on bean 'org.mybatis.spring.boot.autoconfigure.MybatisAutoConfiguration$MapperScannerRegistrarNotFoundConfiguration': public void org.mybatis.spring.boot.autoconfigure.MybatisAutoConfiguration$MapperScannerRegistrarNotFoundConfiguration.afterPropertiesSet()
2020-03-14 21:57:23.672 [main] DEBUG o.m.s.b.a.MybatisAutoConfiguration - No org.mybatis.spring.mapper.MapperFactoryBean found.
2020-03-14 21:57:23.673 [main] DEBUG o.s.b.f.s.DefaultListableBeanFactory - Returning cached instance of singleton bean 'metaDataSourceAdvisor'
2020-03-14 21:57:23.673 [main] DEBUG o.s.b.f.s.DefaultListableBeanFactory - Returning cached instance of singleton bean 'org.springframework.transaction.config.internalTransactionAdvisor'
2020-03-14 21:57:23.673 [main] DEBUG o.s.b.f.s.DefaultListableBeanFactory - Returning cached instance of singleton bean 'metaDataSourceAdvisor'
2020-03-14 21:57:23.673 [main] DEBUG o.s.b.f.s.DefaultListableBeanFactory - Returning cached instance of singleton bean 'org.springframework.transaction.config.internalTransactionAdvisor'
2020-03-14 21:57:23.673 [main] DEBUG o.s.b.f.s.DefaultListableBeanFactory - Finished creating instance of bean 'org.mybatis.spring.boot.autoconfigure.MybatisAutoConfiguration$MapperScannerRegistrarNotFoundConfiguration'
2020-03-14 21:57:23.673 [main] DEBUG o.s.b.f.s.DefaultListableBeanFactory - Returning cached instance of singleton bean 'categoryMapper'
2020-03-14 21:57:23.673 [main] DEBUG o.s.b.f.s.DefaultListableBeanFactory - Returning cached instance of singleton bean 'courseMapper'
2020-03-14 21:57:23.674 [main] DEBUG o.s.b.f.s.DefaultListableBeanFactory - Returning cached instance of singleton bean 'courseMarketMapper'
2020-03-14 21:57:23.674 [main] DEBUG o.s.b.f.s.DefaultListableBeanFactory - Returning cached instance of singleton bean 'teachplanMapper'
2020-03-14 21:57:23.674 [main] DEBUG o.s.b.f.s.DefaultListableBeanFactory - Returning cached instance of singleton bean 'org.mybatis.spring.boot.autoconfigure.MybatisAutoConfiguration'
2020-03-14 21:57:23.674 [main] DEBUG o.s.b.f.s.DefaultListableBeanFactory - Returning cached instance of singleton bean 'sqlSessionFactory'
2020-03-14 21:57:23.674 [main] DEBUG o.s.b.f.s.DefaultListableBeanFactory - Returning cached instance of singleton bean 'sqlSessionTemplate'
2020-03-14 21:57:23.674 [main] DEBUG o.s.b.f.s.DefaultListableBeanFactory - Returning cached instance of singleton bean 'mybatis-org.mybatis.spring.boot.autoconfigure.MybatisProperties'
2020-03-14 21:57:23.674 [main] DEBUG o.s.b.f.s.DefaultListableBeanFactory - Creating shared instance of singleton bean 'com.github.pagehelper.autoconfigure.PageHelperAutoConfiguration'
2020-03-14 21:57:23.674 [main] DEBUG o.s.b.f.s.DefaultListableBeanFactory - Creating instance of bean 'com.github.pagehelper.autoconfigure.PageHelperAutoConfiguration'
2020-03-14 21:57:23.674 [main] DEBUG o.s.b.f.s.DefaultListableBeanFactory - Returning cached instance of singleton bean 'metaDataSourceAdvisor'
2020-03-14 21:57:23.674 [main] DEBUG o.s.b.f.s.DefaultListableBeanFactory - Returning cached instance of singleton bean 'org.springframework.transaction.config.internalTransactionAdvisor'
2020-03-14 21:57:23.674 [main] DEBUG o.s.c.a.CommonAnnotationBeanPostProcessor - Found init method on class [com.github.pagehelper.autoconfigure.PageHelperAutoConfiguration$$EnhancerBySpringCGLIB$$b404ea9e]: public void com.github.pagehelper.autoconfigure.PageHelperAutoConfiguration.addPageInterceptor()
2020-03-14 21:57:23.674 [main] DEBUG o.s.c.a.CommonAnnotationBeanPostProcessor - Registered init method on class [com.github.pagehelper.autoconfigure.PageHelperAutoConfiguration$$EnhancerBySpringCGLIB$$b404ea9e]: org.springframework.beans.factory.annotation.InitDestroyAnnotationBeanPostProcessor$LifecycleElement@98dd3535
2020-03-14 21:57:23.675 [main] DEBUG o.s.b.f.annotation.InjectionMetadata - Registered injected element on class [com.github.pagehelper.autoconfigure.PageHelperAutoConfiguration$$EnhancerBySpringCGLIB$$b404ea9e]: AutowiredFieldElement for private java.util.List com.github.pagehelper.autoconfigure.PageHelperAutoConfiguration.sqlSessionFactoryList
2020-03-14 21:57:23.675 [main] DEBUG o.s.b.f.annotation.InjectionMetadata - Registered injected element on class [com.github.pagehelper.autoconfigure.PageHelperAutoConfiguration$$EnhancerBySpringCGLIB$$b404ea9e]: AutowiredFieldElement for private com.github.pagehelper.autoconfigure.PageHelperProperties com.github.pagehelper.autoconfigure.PageHelperAutoConfiguration.properties
2020-03-14 21:57:23.676 [main] DEBUG o.s.b.f.s.DefaultListableBeanFactory - Eagerly caching bean 'com.github.pagehelper.autoconfigure.PageHelperAutoConfiguration' to allow for resolving potential circular references
2020-03-14 21:57:23.683 [main] DEBUG o.s.b.f.annotation.InjectionMetadata - Processing injected element of bean 'com.github.pagehelper.autoconfigure.PageHelperAutoConfiguration': AutowiredFieldElement for private java.util.List com.github.pagehelper.autoconfigure.PageHelperAutoConfiguration.sqlSessionFactoryList
2020-03-14 21:57:23.683 [main] DEBUG o.s.core.annotation.AnnotationUtils - Failed to meta-introspect annotation interface org.springframework.beans.factory.annotation.Autowired: java.lang.NullPointerException
2020-03-14 21:57:23.683 [main] DEBUG o.s.b.f.s.DefaultListableBeanFactory - Returning cached instance of singleton bean 'sqlSessionFactory'
2020-03-14 21:57:23.683 [main] DEBUG o.s.b.f.a.AutowiredAnnotationBeanPostProcessor - Autowiring by type from bean name 'com.github.pagehelper.autoconfigure.PageHelperAutoConfiguration' to bean named 'sqlSessionFactory'
2020-03-14 21:57:23.683 [main] DEBUG o.s.b.f.annotation.InjectionMetadata - Processing injected element of bean 'com.github.pagehelper.autoconfigure.PageHelperAutoConfiguration': AutowiredFieldElement for private com.github.pagehelper.autoconfigure.PageHelperProperties com.github.pagehelper.autoconfigure.PageHelperAutoConfiguration.properties
2020-03-14 21:57:23.684 [main] DEBUG o.s.core.annotation.AnnotationUtils - Failed to meta-introspect annotation interface org.springframework.beans.factory.annotation.Autowired: java.lang.NullPointerException
2020-03-14 21:57:23.687 [main] DEBUG o.s.b.f.s.DefaultListableBeanFactory - Creating shared instance of singleton bean 'pagehelper-com.github.pagehelper.autoconfigure.PageHelperProperties'
2020-03-14 21:57:23.687 [main] DEBUG o.s.b.f.s.DefaultListableBeanFactory - Creating instance of bean 'pagehelper-com.github.pagehelper.autoconfigure.PageHelperProperties'
2020-03-14 21:57:23.687 [main] DEBUG o.s.b.f.s.DefaultListableBeanFactory - Returning cached instance of singleton bean 'metaDataSourceAdvisor'
2020-03-14 21:57:23.687 [main] DEBUG o.s.b.f.s.DefaultListableBeanFactory - Returning cached instance of singleton bean 'org.springframework.transaction.config.internalTransactionAdvisor'
2020-03-14 21:57:23.688 [main] DEBUG o.s.b.f.s.DefaultListableBeanFactory - Eagerly caching bean 'pagehelper-com.github.pagehelper.autoconfigure.PageHelperProperties' to allow for resolving potential circular references
2020-03-14 21:57:23.695 [main] DEBUG o.s.b.f.s.DefaultListableBeanFactory - Returning cached instance of singleton bean 'metaDataSourceAdvisor'
2020-03-14 21:57:23.695 [main] DEBUG o.s.b.f.s.DefaultListableBeanFactory - Returning cached instance of singleton bean 'org.springframework.transaction.config.internalTransactionAdvisor'
2020-03-14 21:57:23.695 [main] DEBUG o.s.b.f.s.DefaultListableBeanFactory - Returning cached instance of singleton bean 'metaDataSourceAdvisor'
2020-03-14 21:57:23.695 [main] DEBUG o.s.b.f.s.DefaultListableBeanFactory - Returning cached instance of singleton bean 'org.springframework.transaction.config.internalTransactionAdvisor'
2020-03-14 21:57:23.696 [main] DEBUG o.s.b.f.s.DefaultListableBeanFactory - Finished creating instance of bean 'pagehelper-com.github.pagehelper.autoconfigure.PageHelperProperties'
2020-03-14 21:57:23.696 [main] DEBUG o.s.b.f.a.AutowiredAnnotationBeanPostProcessor - Autowiring by type from bean name 'com.github.pagehelper.autoconfigure.PageHelperAutoConfiguration' to bean named 'pagehelper-com.github.pagehelper.autoconfigure.PageHelperProperties'
2020-03-14 21:57:23.696 [main] DEBUG o.s.c.a.CommonAnnotationBeanPostProcessor - Invoking init method on bean 'com.github.pagehelper.autoconfigure.PageHelperAutoConfiguration': public void com.github.pagehelper.autoconfigure.PageHelperAutoConfiguration.addPageInterceptor()
2020-03-14 21:57:23.701 [main] DEBUG o.s.b.f.s.DefaultListableBeanFactory - Creating shared instance of singleton bean 'pageHelperProperties'
2020-03-14 21:57:23.701 [main] DEBUG o.s.b.f.s.DefaultListableBeanFactory - Creating instance of bean 'pageHelperProperties'
2020-03-14 21:57:23.701 [main] DEBUG o.s.b.f.s.DefaultListableBeanFactory - Returning cached instance of singleton bean 'metaDataSourceAdvisor'
2020-03-14 21:57:23.701 [main] DEBUG o.s.b.f.s.DefaultListableBeanFactory - Returning cached instance of singleton bean 'org.springframework.transaction.config.internalTransactionAdvisor'
2020-03-14 21:57:23.701 [main] DEBUG o.s.b.f.s.DefaultListableBeanFactory - Returning cached instance of singleton bean 'metaDataSourceAdvisor'
2020-03-14 21:57:23.701 [main] DEBUG o.s.b.f.s.DefaultListableBeanFactory - Returning cached instance of singleton bean 'org.springframework.transaction.config.internalTransactionAdvisor'
2020-03-14 21:57:23.701 [main] DEBUG o.s.b.f.s.DefaultListableBeanFactory - Returning cached instance of singleton bean 'metaDataSourceAdvisor'
2020-03-14 21:57:23.701 [main] DEBUG o.s.b.f.s.DefaultListableBeanFactory - Returning cached instance of singleton bean 'org.springframework.transaction.config.internalTransactionAdvisor'
2020-03-14 21:57:23.703 [main] DEBUG o.s.b.f.s.DefaultListableBeanFactory - Returning eagerly cached instance of singleton bean 'com.github.pagehelper.autoconfigure.PageHelperAutoConfiguration' that is not fully initialized yet - a consequence of a circular reference
2020-03-14 21:57:23.711 [main] DEBUG o.s.b.f.s.DefaultListableBeanFactory - Eagerly caching bean 'pageHelperProperties' to allow for resolving potential circular references
2020-03-14 21:57:23.722 [main] DEBUG o.s.b.f.s.DefaultListableBeanFactory - Returning cached instance of singleton bean 'metaDataSourceAdvisor'
2020-03-14 21:57:23.722 [main] DEBUG o.s.b.f.s.DefaultListableBeanFactory - Returning cached instance of singleton bean 'org.springframework.transaction.config.internalTransactionAdvisor'
2020-03-14 21:57:23.722 [main] DEBUG o.s.b.f.s.DefaultListableBeanFactory - Returning cached instance of singleton bean 'metaDataSourceAdvisor'
2020-03-14 21:57:23.722 [main] DEBUG o.s.b.f.s.DefaultListableBeanFactory - Returning cached instance of singleton bean 'org.springframework.transaction.config.internalTransactionAdvisor'
2020-03-14 21:57:23.723 [main] DEBUG o.s.b.f.s.DefaultListableBeanFactory - Finished creating instance of bean 'pageHelperProperties'
2020-03-14 21:57:23.902 [main] DEBUG o.s.b.f.s.DefaultListableBeanFactory - Finished creating instance of bean 'com.github.pagehelper.autoconfigure.PageHelperAutoConfiguration'
2020-03-14 21:57:23.903 [main] DEBUG o.s.b.f.s.DefaultListableBeanFactory - Returning cached instance of singleton bean 'pageHelperProperties'
2020-03-14 21:57:23.903 [main] DEBUG o.s.b.f.s.DefaultListableBeanFactory - Returning cached instance of singleton bean 'pagehelper-com.github.pagehelper.autoconfigure.PageHelperProperties'
2020-03-14 21:57:23.903 [main] DEBUG o.s.b.f.s.DefaultListableBeanFactory - Returning cached instance of singleton bean 'org.springframework.boot.actuate.autoconfigure.audit.AuditAutoConfiguration$AuditEventRepositoryConfiguration'
2020-03-14 21:57:23.903 [main] DEBUG o.s.b.f.s.DefaultListableBeanFactory - Returning cached instance of singleton bean 'auditEventRepository'
2020-03-14 21:57:23.903 [main] DEBUG o.s.b.f.s.DefaultListableBeanFactory - Creating shared instance of singleton bean 'org.springframework.boot.actuate.autoconfigure.audit.AuditAutoConfiguration'
2020-03-14 21:57:23.903 [main] DEBUG o.s.b.f.s.DefaultListableBeanFactory - Creating instance of bean 'org.springframework.boot.actuate.autoconfigure.audit.AuditAutoConfiguration'
2020-03-14 21:57:23.903 [main] DEBUG o.s.b.f.s.DefaultListableBeanFactory - Returning cached instance of singleton bean 'metaDataSourceAdvisor'
2020-03-14 21:57:23.903 [main] DEBUG o.s.b.f.s.DefaultListableBeanFactory - Returning cached instance of singleton bean 'org.springframework.transaction.config.internalTransactionAdvisor'
2020-03-14 21:57:23.905 [main] DEBUG o.s.c.LocalVariableTableParameterNameDiscoverer - Cannot find '.class' file for class [class org.springframework.boot.actuate.autoconfigure.audit.AuditAutoConfiguration$$EnhancerBySpringCGLIB$$42ff5ca8] - unable to determine constructor/method parameter names
2020-03-14 21:57:23.906 [main] DEBUG o.s.b.f.s.DefaultListableBeanFactory - Returning cached instance of singleton bean 'auditEventRepository'
2020-03-14 21:57:23.906 [main] DEBUG o.s.b.f.s.DefaultListableBeanFactory - Eagerly caching bean 'org.springframework.boot.actuate.autoconfigure.audit.AuditAutoConfiguration' to allow for resolving potential circular references
2020-03-14 21:57:23.912 [main] DEBUG o.s.b.f.s.DefaultListableBeanFactory - Returning cached instance of singleton bean 'metaDataSourceAdvisor'
2020-03-14 21:57:23.913 [main] DEBUG o.s.b.f.s.DefaultListableBeanFactory - Returning cached instance of singleton bean 'org.springframework.transaction.config.internalTransactionAdvisor'
2020-03-14 21:57:23.913 [main] DEBUG o.s.b.f.s.DefaultListableBeanFactory - Returning cached instance of singleton bean 'metaDataSourceAdvisor'
2020-03-14 21:57:23.913 [main] DEBUG o.s.b.f.s.DefaultListableBeanFactory - Returning cached instance of singleton bean 'org.springframework.transaction.config.internalTransactionAdvisor'
2020-03-14 21:57:23.913 [main] DEBUG o.s.b.f.s.DefaultListableBeanFactory - Finished creating instance of bean 'org.springframework.boot.actuate.autoconfigure.audit.AuditAutoConfiguration'
2020-03-14 21:57:23.914 [main] DEBUG o.s.b.f.s.DefaultListableBeanFactory - Creating shared instance of singleton bean 'auditListener'
2020-03-14 21:57:23.914 [main] DEBUG o.s.b.f.s.DefaultListableBeanFactory - Creating instance of bean 'auditListener'
2020-03-14 21:57:23.914 [main] DEBUG o.s.b.f.s.DefaultListableBeanFactory - Returning cached instance of singleton bean 'metaDataSourceAdvisor'
2020-03-14 21:57:23.914 [main] DEBUG o.s.b.f.s.DefaultListableBeanFactory - Returning cached instance of singleton bean 'org.springframework.transaction.config.internalTransactionAdvisor'
2020-03-14 21:57:23.914 [main] DEBUG o.s.b.f.s.DefaultListableBeanFactory - Returning cached instance of singleton bean 'org.springframework.boot.actuate.autoconfigure.audit.AuditAutoConfiguration'
2020-03-14 21:57:23.919 [main] DEBUG o.s.b.f.s.DefaultListableBeanFactory - Eagerly caching bean 'auditListener' to allow for resolving potential circular references
2020-03-14 21:57:23.922 [main] DEBUG o.s.b.f.s.DefaultListableBeanFactory - Returning cached instance of singleton bean 'metaDataSourceAdvisor'
2020-03-14 21:57:23.923 [main] DEBUG o.s.b.f.s.DefaultListableBeanFactory - Returning cached instance of singleton bean 'org.springframework.transaction.config.internalTransactionAdvisor'
2020-03-14 21:57:23.923 [main] DEBUG o.s.b.f.s.DefaultListableBeanFactory - Returning cached instance of singleton bean 'metaDataSourceAdvisor'
2020-03-14 21:57:23.923 [main] DEBUG o.s.b.f.s.DefaultListableBeanFactory - Returning cached instance of singleton bean 'org.springframework.transaction.config.internalTransactionAdvisor'
2020-03-14 21:57:23.923 [main] DEBUG o.s.b.f.s.DefaultListableBeanFactory - Finished creating instance of bean 'auditListener'
2020-03-14 21:57:23.923 [main] DEBUG o.s.b.f.s.DefaultListableBeanFactory - Creating shared instance of singleton bean 'authenticationAuditListener'
2020-03-14 21:57:23.923 [main] DEBUG o.s.b.f.s.DefaultListableBeanFactory - Creating instance of bean 'authenticationAuditListener'
2020-03-14 21:57:23.923 [main] DEBUG o.s.b.f.s.DefaultListableBeanFactory - Returning cached instance of singleton bean 'metaDataSourceAdvisor'
2020-03-14 21:57:23.923 [main] DEBUG o.s.b.f.s.DefaultListableBeanFactory - Returning cached instance of singleton bean 'org.springframework.transaction.config.internalTransactionAdvisor'
2020-03-14 21:57:23.923 [main] DEBUG o.s.b.f.s.DefaultListableBeanFactory - Returning cached instance of singleton bean 'org.springframework.boot.actuate.autoconfigure.audit.AuditAutoConfiguration'
2020-03-14 21:57:23.925 [main] DEBUG o.s.b.f.s.DefaultListableBeanFactory - Eagerly caching bean 'authenticationAuditListener' to allow for resolving potential circular references
2020-03-14 21:57:23.935 [main] DEBUG o.s.b.f.s.DefaultListableBeanFactory - Returning cached instance of singleton bean 'metaDataSourceAdvisor'
2020-03-14 21:57:23.935 [main] DEBUG o.s.b.f.s.DefaultListableBeanFactory - Returning cached instance of singleton bean 'org.springframework.transaction.config.internalTransactionAdvisor'
2020-03-14 21:57:23.935 [main] DEBUG o.s.b.f.s.DefaultListableBeanFactory - Returning cached instance of singleton bean 'metaDataSourceAdvisor'
2020-03-14 21:57:23.935 [main] DEBUG o.s.b.f.s.DefaultListableBeanFactory - Returning cached instance of singleton bean 'org.springframework.transaction.config.internalTransactionAdvisor'
2020-03-14 21:57:23.935 [main] DEBUG o.s.b.f.s.DefaultListableBeanFactory - Finished creating instance of bean 'authenticationAuditListener'
2020-03-14 21:57:23.935 [main] DEBUG o.s.b.f.s.DefaultListableBeanFactory - Creating shared instance of singleton bean 'authorizationAuditListener'
2020-03-14 21:57:23.936 [main] DEBUG o.s.b.f.s.DefaultListableBeanFactory - Creating instance of bean 'authorizationAuditListener'
2020-03-14 21:57:23.936 [main] DEBUG o.s.b.f.s.DefaultListableBeanFactory - Returning cached instance of singleton bean 'metaDataSourceAdvisor'
2020-03-14 21:57:23.936 [main] DEBUG o.s.b.f.s.DefaultListableBeanFactory - Returning cached instance of singleton bean 'org.springframework.transaction.config.internalTransactionAdvisor'
2020-03-14 21:57:23.936 [main] DEBUG o.s.b.f.s.DefaultListableBeanFactory - Returning cached instance of singleton bean 'org.springframework.boot.actuate.autoconfigure.audit.AuditAutoConfiguration'
2020-03-14 21:57:23.936 [main] DEBUG o.s.b.f.s.DefaultListableBeanFactory - Eagerly caching bean 'authorizationAuditListener' to allow for resolving potential circular references
2020-03-14 21:57:23.941 [main] DEBUG o.s.b.f.s.DefaultListableBeanFactory - Returning cached instance of singleton bean 'metaDataSourceAdvisor'
2020-03-14 21:57:23.943 [main] DEBUG o.s.b.f.s.DefaultListableBeanFactory - Returning cached instance of singleton bean 'org.springframework.transaction.config.internalTransactionAdvisor'
2020-03-14 21:57:23.943 [main] DEBUG o.s.b.f.s.DefaultListableBeanFactory - Returning cached instance of singleton bean 'metaDataSourceAdvisor'
2020-03-14 21:57:23.943 [main] DEBUG o.s.b.f.s.DefaultListableBeanFactory - Returning cached instance of singleton bean 'org.springframework.transaction.config.internalTransactionAdvisor'
2020-03-14 21:57:23.944 [main] DEBUG o.s.b.f.s.DefaultListableBeanFactory - Finished creating instance of bean 'authorizationAuditListener'
2020-03-14 21:57:23.944 [main] DEBUG o.s.b.f.s.DefaultListableBeanFactory - Returning cached instance of singleton bean 'org.springframework.boot.actuate.autoconfigure.audit.AuditEventsEndpointAutoConfiguration'
2020-03-14 21:57:23.944 [main] DEBUG o.s.b.f.s.DefaultListableBeanFactory - Returning cached instance of singleton bean 'auditEventsEndpoint'
2020-03-14 21:57:23.944 [main] DEBUG o.s.b.f.s.DefaultListableBeanFactory - Returning cached instance of singleton bean 'org.springframework.boot.actuate.autoconfigure.beans.BeansEndpointAutoConfiguration'
2020-03-14 21:57:23.944 [main] DEBUG o.s.b.f.s.DefaultListableBeanFactory - Returning cached instance of singleton bean 'beansEndpoint'
2020-03-14 21:57:23.944 [main] DEBUG o.s.b.f.s.DefaultListableBeanFactory - Returning cached instance of singleton bean 'org.springframework.boot.actuate.autoconfigure.system.DiskSpaceHealthIndicatorAutoConfiguration'
2020-03-14 21:57:23.944 [main] DEBUG o.s.b.f.s.DefaultListableBeanFactory - Returning cached instance of singleton bean 'diskSpaceHealthIndicator'
2020-03-14 21:57:23.944 [main] DEBUG o.s.b.f.s.DefaultListableBeanFactory - Returning cached instance of singleton bean 'diskSpaceHealthIndicatorProperties'
2020-03-14 21:57:23.944 [main] DEBUG o.s.b.f.s.DefaultListableBeanFactory - Returning cached instance of singleton bean 'org.springframework.boot.autoconfigure.mongo.MongoAutoConfiguration'
2020-03-14 21:57:23.944 [main] DEBUG o.s.b.f.s.DefaultListableBeanFactory - Returning cached instance of singleton bean 'mongo'
2020-03-14 21:57:23.944 [main] DEBUG o.s.b.f.s.DefaultListableBeanFactory - Returning cached instance of singleton bean 'spring.data.mongodb-org.springframework.boot.autoconfigure.mongo.MongoProperties'
2020-03-14 21:57:23.944 [main] DEBUG o.s.b.f.s.DefaultListableBeanFactory - Returning cached instance of singleton bean 'org.springframework.boot.autoconfigure.data.mongo.MongoDataAutoConfiguration'
2020-03-14 21:57:23.944 [main] DEBUG o.s.b.f.s.DefaultListableBeanFactory - Returning cached instance of singleton bean 'mongoDbFactory'
2020-03-14 21:57:23.944 [main] DEBUG o.s.b.f.s.DefaultListableBeanFactory - Returning cached instance of singleton bean 'mongoTemplate'
2020-03-14 21:57:23.944 [main] DEBUG o.s.b.f.s.DefaultListableBeanFactory - Returning cached instance of singleton bean 'mappingMongoConverter'
2020-03-14 21:57:23.944 [main] DEBUG o.s.b.f.s.DefaultListableBeanFactory - Returning cached instance of singleton bean 'mongoMappingContext'
2020-03-14 21:57:23.944 [main] DEBUG o.s.b.f.s.DefaultListableBeanFactory - Creating shared instance of singleton bean 'gridFsTemplate'
2020-03-14 21:57:23.944 [main] DEBUG o.s.b.f.s.DefaultListableBeanFactory - Creating instance of bean 'gridFsTemplate'
2020-03-14 21:57:23.945 [main] DEBUG o.s.b.f.s.DefaultListableBeanFactory - Returning cached instance of singleton bean 'metaDataSourceAdvisor'
2020-03-14 21:57:23.945 [main] DEBUG o.s.b.f.s.DefaultListableBeanFactory - Returning cached instance of singleton bean 'org.springframework.transaction.config.internalTransactionAdvisor'
2020-03-14 21:57:23.945 [main] DEBUG o.s.b.f.s.DefaultListableBeanFactory - Returning cached instance of singleton bean 'org.springframework.boot.autoconfigure.data.mongo.MongoDataAutoConfiguration'
2020-03-14 21:57:23.945 [main] DEBUG o.s.b.f.s.DefaultListableBeanFactory - Returning cached instance of singleton bean 'mongoDbFactory'
2020-03-14 21:57:23.945 [main] DEBUG o.s.b.f.s.DefaultListableBeanFactory - Returning cached instance of singleton bean 'mongoTemplate'
2020-03-14 21:57:23.945 [main] DEBUG o.s.b.f.s.DefaultListableBeanFactory - Autowiring by type from bean name 'gridFsTemplate' via factory method to bean named 'mongoDbFactory'
2020-03-14 21:57:23.945 [main] DEBUG o.s.b.f.s.DefaultListableBeanFactory - Autowiring by type from bean name 'gridFsTemplate' via factory method to bean named 'mongoTemplate'
2020-03-14 21:57:23.961 [main] DEBUG o.s.b.f.s.DefaultListableBeanFactory - Eagerly caching bean 'gridFsTemplate' to allow for resolving potential circular references
2020-03-14 21:57:23.972 [main] DEBUG o.s.b.f.s.DefaultListableBeanFactory - Returning cached instance of singleton bean 'metaDataSourceAdvisor'
2020-03-14 21:57:23.972 [main] DEBUG o.s.b.f.s.DefaultListableBeanFactory - Returning cached instance of singleton bean 'org.springframework.transaction.config.internalTransactionAdvisor'
2020-03-14 21:57:23.972 [main] DEBUG o.s.b.f.s.DefaultListableBeanFactory - Returning cached instance of singleton bean 'metaDataSourceAdvisor'
2020-03-14 21:57:23.972 [main] DEBUG o.s.b.f.s.DefaultListableBeanFactory - Returning cached instance of singleton bean 'org.springframework.transaction.config.internalTransactionAdvisor'
2020-03-14 21:57:23.974 [main] DEBUG o.s.b.f.s.DefaultListableBeanFactory - Finished creating instance of bean 'gridFsTemplate'
2020-03-14 21:57:23.974 [main] DEBUG o.s.b.f.s.DefaultListableBeanFactory - Returning cached instance of singleton bean 'mongoCustomConversions'
2020-03-14 21:57:23.974 [main] DEBUG o.s.b.f.s.DefaultListableBeanFactory - Returning cached instance of singleton bean 'org.springframework.boot.actuate.autoconfigure.mongo.MongoHealthIndicatorConfiguration'
2020-03-14 21:57:23.974 [main] DEBUG o.s.b.f.s.DefaultListableBeanFactory - Returning cached instance of singleton bean 'mongoHealthIndicator'
2020-03-14 21:57:23.975 [main] DEBUG o.s.b.f.s.DefaultListableBeanFactory - Creating shared instance of singleton bean 'org.springframework.boot.actuate.autoconfigure.mongo.MongoHealthIndicatorAutoConfiguration'
2020-03-14 21:57:23.975 [main] DEBUG o.s.b.f.s.DefaultListableBeanFactory - Creating instance of bean 'org.springframework.boot.actuate.autoconfigure.mongo.MongoHealthIndicatorAutoConfiguration'
2020-03-14 21:57:23.975 [main] DEBUG o.s.b.f.s.DefaultListableBeanFactory - Returning cached instance of singleton bean 'metaDataSourceAdvisor'
2020-03-14 21:57:23.975 [main] DEBUG o.s.b.f.s.DefaultListableBeanFactory - Returning cached instance of singleton bean 'org.springframework.transaction.config.internalTransactionAdvisor'
2020-03-14 21:57:23.976 [main] DEBUG o.s.b.f.s.DefaultListableBeanFactory - Eagerly caching bean 'org.springframework.boot.actuate.autoconfigure.mongo.MongoHealthIndicatorAutoConfiguration' to allow for resolving potential circular references
2020-03-14 21:57:23.981 [main] DEBUG o.s.b.f.s.DefaultListableBeanFactory - Returning cached instance of singleton bean 'metaDataSourceAdvisor'
2020-03-14 21:57:23.982 [main] DEBUG o.s.b.f.s.DefaultListableBeanFactory - Returning cached instance of singleton bean 'org.springframework.transaction.config.internalTransactionAdvisor'
2020-03-14 21:57:23.982 [main] DEBUG o.s.b.f.s.DefaultListableBeanFactory - Returning cached instance of singleton bean 'metaDataSourceAdvisor'
2020-03-14 21:57:23.982 [main] DEBUG o.s.b.f.s.DefaultListableBeanFactory - Returning cached instance of singleton bean 'org.springframework.transaction.config.internalTransactionAdvisor'
2020-03-14 21:57:23.982 [main] DEBUG o.s.b.f.s.DefaultListableBeanFactory - Finished creating instance of bean 'org.springframework.boot.actuate.autoconfigure.mongo.MongoHealthIndicatorAutoConfiguration'
2020-03-14 21:57:23.982 [main] DEBUG o.s.b.f.s.DefaultListableBeanFactory - Creating shared instance of singleton bean 'org.springframework.boot.actuate.autoconfigure.redis.RedisHealthIndicatorAutoConfiguration'
2020-03-14 21:57:23.982 [main] DEBUG o.s.b.f.s.DefaultListableBeanFactory - Creating instance of bean 'org.springframework.boot.actuate.autoconfigure.redis.RedisHealthIndicatorAutoConfiguration'
2020-03-14 21:57:23.982 [main] DEBUG o.s.b.f.s.DefaultListableBeanFactory - Returning cached instance of singleton bean 'metaDataSourceAdvisor'
2020-03-14 21:57:23.982 [main] DEBUG o.s.b.f.s.DefaultListableBeanFactory - Returning cached instance of singleton bean 'org.springframework.transaction.config.internalTransactionAdvisor'
2020-03-14 21:57:23.983 [main] DEBUG o.s.b.f.s.DefaultListableBeanFactory - Eagerly caching bean 'org.springframework.boot.actuate.autoconfigure.redis.RedisHealthIndicatorAutoConfiguration' to allow for resolving potential circular references
2020-03-14 21:57:23.989 [main] DEBUG o.s.b.f.s.DefaultListableBeanFactory - Returning cached instance of singleton bean 'metaDataSourceAdvisor'
2020-03-14 21:57:23.989 [main] DEBUG o.s.b.f.s.DefaultListableBeanFactory - Returning cached instance of singleton bean 'org.springframework.transaction.config.internalTransactionAdvisor'
2020-03-14 21:57:23.989 [main] DEBUG o.s.b.f.s.DefaultListableBeanFactory - Returning cached instance of singleton bean 'metaDataSourceAdvisor'
2020-03-14 21:57:23.989 [main] DEBUG o.s.b.f.s.DefaultListableBeanFactory - Returning cached instance of singleton bean 'org.springframework.transaction.config.internalTransactionAdvisor'
2020-03-14 21:57:23.989 [main] DEBUG o.s.b.f.s.DefaultListableBeanFactory - Finished creating instance of bean 'org.springframework.boot.actuate.autoconfigure.redis.RedisHealthIndicatorAutoConfiguration'
2020-03-14 21:57:23.989 [main] DEBUG o.s.b.f.s.DefaultListableBeanFactory - Returning cached instance of singleton bean 'org.springframework.boot.actuate.autoconfigure.jdbc.DataSourceHealthIndicatorAutoConfiguration'
2020-03-14 21:57:23.989 [main] DEBUG o.s.b.f.s.DefaultListableBeanFactory - Returning cached instance of singleton bean 'dbHealthIndicator'
2020-03-14 21:57:23.989 [main] DEBUG o.s.b.f.s.DefaultListableBeanFactory - Creating shared instance of singleton bean 'org.springframework.boot.autoconfigure.gson.GsonAutoConfiguration'
2020-03-14 21:57:23.989 [main] DEBUG o.s.b.f.s.DefaultListableBeanFactory - Creating instance of bean 'org.springframework.boot.autoconfigure.gson.GsonAutoConfiguration'
2020-03-14 21:57:23.989 [main] DEBUG o.s.b.f.s.DefaultListableBeanFactory - Returning cached instance of singleton bean 'metaDataSourceAdvisor'
2020-03-14 21:57:23.989 [main] DEBUG o.s.b.f.s.DefaultListableBeanFactory - Returning cached instance of singleton bean 'org.springframework.transaction.config.internalTransactionAdvisor'
2020-03-14 21:57:23.990 [main] DEBUG o.s.b.f.s.DefaultListableBeanFactory - Eagerly caching bean 'org.springframework.boot.autoconfigure.gson.GsonAutoConfiguration' to allow for resolving potential circular references
2020-03-14 21:57:24.001 [main] DEBUG o.s.b.f.s.DefaultListableBeanFactory - Returning cached instance of singleton bean 'metaDataSourceAdvisor'
2020-03-14 21:57:24.001 [main] DEBUG o.s.b.f.s.DefaultListableBeanFactory - Returning cached instance of singleton bean 'org.springframework.transaction.config.internalTransactionAdvisor'
2020-03-14 21:57:24.001 [main] DEBUG o.s.b.f.s.DefaultListableBeanFactory - Returning cached instance of singleton bean 'metaDataSourceAdvisor'
2020-03-14 21:57:24.001 [main] DEBUG o.s.b.f.s.DefaultListableBeanFactory - Returning cached instance of singleton bean 'org.springframework.transaction.config.internalTransactionAdvisor'
2020-03-14 21:57:24.002 [main] DEBUG o.s.b.f.s.DefaultListableBeanFactory - Finished creating instance of bean 'org.springframework.boot.autoconfigure.gson.GsonAutoConfiguration'
2020-03-14 21:57:24.002 [main] DEBUG o.s.b.f.s.DefaultListableBeanFactory - Creating shared instance of singleton bean 'gsonBuilder'
2020-03-14 21:57:24.002 [main] DEBUG o.s.b.f.s.DefaultListableBeanFactory - Creating instance of bean 'gsonBuilder'
2020-03-14 21:57:24.003 [main] DEBUG o.s.b.f.s.DefaultListableBeanFactory - Returning cached instance of singleton bean 'metaDataSourceAdvisor'
2020-03-14 21:57:24.003 [main] DEBUG o.s.b.f.s.DefaultListableBeanFactory - Returning cached instance of singleton bean 'org.springframework.transaction.config.internalTransactionAdvisor'
2020-03-14 21:57:24.003 [main] DEBUG o.s.b.f.s.DefaultListableBeanFactory - Returning cached instance of singleton bean 'org.springframework.boot.autoconfigure.gson.GsonAutoConfiguration'
2020-03-14 21:57:24.006 [main] DEBUG o.s.b.f.s.DefaultListableBeanFactory - Creating shared instance of singleton bean 'standardGsonBuilderCustomizer'
2020-03-14 21:57:24.006 [main] DEBUG o.s.b.f.s.DefaultListableBeanFactory - Creating instance of bean 'standardGsonBuilderCustomizer'
2020-03-14 21:57:24.006 [main] DEBUG o.s.b.f.s.DefaultListableBeanFactory - Returning cached instance of singleton bean 'metaDataSourceAdvisor'
2020-03-14 21:57:24.006 [main] DEBUG o.s.b.f.s.DefaultListableBeanFactory - Returning cached instance of singleton bean 'org.springframework.transaction.config.internalTransactionAdvisor'
2020-03-14 21:57:24.006 [main] DEBUG o.s.b.f.s.DefaultListableBeanFactory - Returning cached instance of singleton bean 'org.springframework.boot.autoconfigure.gson.GsonAutoConfiguration'
2020-03-14 21:57:24.010 [main] DEBUG o.s.b.f.s.DefaultListableBeanFactory - Creating shared instance of singleton bean 'spring.gson-org.springframework.boot.autoconfigure.gson.GsonProperties'
2020-03-14 21:57:24.010 [main] DEBUG o.s.b.f.s.DefaultListableBeanFactory - Creating instance of bean 'spring.gson-org.springframework.boot.autoconfigure.gson.GsonProperties'
2020-03-14 21:57:24.010 [main] DEBUG o.s.b.f.s.DefaultListableBeanFactory - Returning cached instance of singleton bean 'metaDataSourceAdvisor'
2020-03-14 21:57:24.010 [main] DEBUG o.s.b.f.s.DefaultListableBeanFactory - Returning cached instance of singleton bean 'org.springframework.transaction.config.internalTransactionAdvisor'
2020-03-14 21:57:24.010 [main] DEBUG o.s.b.f.s.DefaultListableBeanFactory - Eagerly caching bean 'spring.gson-org.springframework.boot.autoconfigure.gson.GsonProperties' to allow for resolving potential circular references
2020-03-14 21:57:24.014 [main] DEBUG o.s.b.f.s.DefaultListableBeanFactory - Returning cached instance of singleton bean 'metaDataSourceAdvisor'
2020-03-14 21:57:24.015 [main] DEBUG o.s.b.f.s.DefaultListableBeanFactory - Returning cached instance of singleton bean 'org.springframework.transaction.config.internalTransactionAdvisor'
2020-03-14 21:57:24.015 [main] DEBUG o.s.b.f.s.DefaultListableBeanFactory - Returning cached instance of singleton bean 'metaDataSourceAdvisor'
2020-03-14 21:57:24.015 [main] DEBUG o.s.b.f.s.DefaultListableBeanFactory - Returning cached instance of singleton bean 'org.springframework.transaction.config.internalTransactionAdvisor'
2020-03-14 21:57:24.016 [main] DEBUG o.s.b.f.s.DefaultListableBeanFactory - Finished creating instance of bean 'spring.gson-org.springframework.boot.autoconfigure.gson.GsonProperties'
2020-03-14 21:57:24.016 [main] DEBUG o.s.b.f.s.DefaultListableBeanFactory - Autowiring by type from bean name 'standardGsonBuilderCustomizer' via factory method to bean named 'spring.gson-org.springframework.boot.autoconfigure.gson.GsonProperties'
2020-03-14 21:57:24.021 [main] DEBUG o.s.b.f.s.DefaultListableBeanFactory - Eagerly caching bean 'standardGsonBuilderCustomizer' to allow for resolving potential circular references
2020-03-14 21:57:24.027 [main] DEBUG o.s.b.f.s.DefaultListableBeanFactory - Returning cached instance of singleton bean 'metaDataSourceAdvisor'
2020-03-14 21:57:24.027 [main] DEBUG o.s.b.f.s.DefaultListableBeanFactory - Returning cached instance of singleton bean 'org.springframework.transaction.config.internalTransactionAdvisor'
2020-03-14 21:57:24.027 [main] DEBUG o.s.b.f.s.DefaultListableBeanFactory - Returning cached instance of singleton bean 'metaDataSourceAdvisor'
2020-03-14 21:57:24.027 [main] DEBUG o.s.b.f.s.DefaultListableBeanFactory - Returning cached instance of singleton bean 'org.springframework.transaction.config.internalTransactionAdvisor'
2020-03-14 21:57:24.027 [main] DEBUG o.s.b.f.s.DefaultListableBeanFactory - Finished creating instance of bean 'standardGsonBuilderCustomizer'
2020-03-14 21:57:24.027 [main] DEBUG o.s.b.f.s.DefaultListableBeanFactory - Autowiring by type from bean name 'gsonBuilder' via factory method to bean named 'standardGsonBuilderCustomizer'
2020-03-14 21:57:24.046 [main] DEBUG o.s.b.f.s.DefaultListableBeanFactory - Eagerly caching bean 'gsonBuilder' to allow for resolving potential circular references
2020-03-14 21:57:24.049 [main] DEBUG o.s.b.f.s.DefaultListableBeanFactory - Returning cached instance of singleton bean 'metaDataSourceAdvisor'
2020-03-14 21:57:24.049 [main] DEBUG o.s.b.f.s.DefaultListableBeanFactory - Returning cached instance of singleton bean 'org.springframework.transaction.config.internalTransactionAdvisor'
2020-03-14 21:57:24.049 [main] DEBUG o.s.b.f.s.DefaultListableBeanFactory - Returning cached instance of singleton bean 'metaDataSourceAdvisor'
2020-03-14 21:57:24.049 [main] DEBUG o.s.b.f.s.DefaultListableBeanFactory - Returning cached instance of singleton bean 'org.springframework.transaction.config.internalTransactionAdvisor'
2020-03-14 21:57:24.050 [main] DEBUG o.s.b.f.s.DefaultListableBeanFactory - Finished creating instance of bean 'gsonBuilder'
2020-03-14 21:57:24.050 [main] DEBUG o.s.b.f.s.DefaultListableBeanFactory - Creating shared instance of singleton bean 'gson'
2020-03-14 21:57:24.050 [main] DEBUG o.s.b.f.s.DefaultListableBeanFactory - Creating instance of bean 'gson'
2020-03-14 21:57:24.050 [main] DEBUG o.s.b.f.s.DefaultListableBeanFactory - Returning cached instance of singleton bean 'metaDataSourceAdvisor'
2020-03-14 21:57:24.050 [main] DEBUG o.s.b.f.s.DefaultListableBeanFactory - Returning cached instance of singleton bean 'org.springframework.transaction.config.internalTransactionAdvisor'
2020-03-14 21:57:24.050 [main] DEBUG o.s.b.f.s.DefaultListableBeanFactory - Returning cached instance of singleton bean 'org.springframework.boot.autoconfigure.gson.GsonAutoConfiguration'
2020-03-14 21:57:24.055 [main] DEBUG o.s.b.f.s.DefaultListableBeanFactory - Returning cached instance of singleton bean 'gsonBuilder'
2020-03-14 21:57:24.055 [main] DEBUG o.s.b.f.s.DefaultListableBeanFactory - Autowiring by type from bean name 'gson' via factory method to bean named 'gsonBuilder'
2020-03-14 21:57:24.162 [main] DEBUG o.s.b.f.s.DefaultListableBeanFactory - Eagerly caching bean 'gson' to allow for resolving potential circular references
2020-03-14 21:57:24.166 [main] DEBUG o.s.b.f.s.DefaultListableBeanFactory - Returning cached instance of singleton bean 'metaDataSourceAdvisor'
2020-03-14 21:57:24.166 [main] DEBUG o.s.b.f.s.DefaultListableBeanFactory - Returning cached instance of singleton bean 'org.springframework.transaction.config.internalTransactionAdvisor'
2020-03-14 21:57:24.166 [main] DEBUG o.s.b.f.s.DefaultListableBeanFactory - Returning cached instance of singleton bean 'metaDataSourceAdvisor'
2020-03-14 21:57:24.166 [main] DEBUG o.s.b.f.s.DefaultListableBeanFactory - Returning cached instance of singleton bean 'org.springframework.transaction.config.internalTransactionAdvisor'
2020-03-14 21:57:24.167 [main] DEBUG o.s.b.f.s.DefaultListableBeanFactory - Finished creating instance of bean 'gson'
2020-03-14 21:57:24.167 [main] DEBUG o.s.b.f.s.DefaultListableBeanFactory - Returning cached instance of singleton bean 'standardGsonBuilderCustomizer'
2020-03-14 21:57:24.167 [main] DEBUG o.s.b.f.s.DefaultListableBeanFactory - Returning cached instance of singleton bean 'spring.gson-org.springframework.boot.autoconfigure.gson.GsonProperties'
2020-03-14 21:57:24.167 [main] DEBUG o.s.b.f.s.DefaultListableBeanFactory - Creating shared instance of singleton bean 'org.springframework.boot.actuate.autoconfigure.elasticsearch.ElasticsearchHealthIndicatorAutoConfiguration'
2020-03-14 21:57:24.167 [main] DEBUG o.s.b.f.s.DefaultListableBeanFactory - Creating instance of bean 'org.springframework.boot.actuate.autoconfigure.elasticsearch.ElasticsearchHealthIndicatorAutoConfiguration'
2020-03-14 21:57:24.167 [main] DEBUG o.s.b.f.s.DefaultListableBeanFactory - Returning cached instance of singleton bean 'metaDataSourceAdvisor'
2020-03-14 21:57:24.167 [main] DEBUG o.s.b.f.s.DefaultListableBeanFactory - Returning cached instance of singleton bean 'org.springframework.transaction.config.internalTransactionAdvisor'
2020-03-14 21:57:24.168 [main] DEBUG o.s.b.f.s.DefaultListableBeanFactory - Eagerly caching bean 'org.springframework.boot.actuate.autoconfigure.elasticsearch.ElasticsearchHealthIndicatorAutoConfiguration' to allow for resolving potential circular references
2020-03-14 21:57:24.177 [main] DEBUG o.s.b.f.s.DefaultListableBeanFactory - Returning cached instance of singleton bean 'metaDataSourceAdvisor'
2020-03-14 21:57:24.177 [main] DEBUG o.s.b.f.s.DefaultListableBeanFactory - Returning cached instance of singleton bean 'org.springframework.transaction.config.internalTransactionAdvisor'
2020-03-14 21:57:24.177 [main] DEBUG o.s.b.f.s.DefaultListableBeanFactory - Returning cached instance of singleton bean 'metaDataSourceAdvisor'
2020-03-14 21:57:24.177 [main] DEBUG o.s.b.f.s.DefaultListableBeanFactory - Returning cached instance of singleton bean 'org.springframework.transaction.config.internalTransactionAdvisor'
2020-03-14 21:57:24.177 [main] DEBUG o.s.b.f.s.DefaultListableBeanFactory - Finished creating instance of bean 'org.springframework.boot.actuate.autoconfigure.elasticsearch.ElasticsearchHealthIndicatorAutoConfiguration'
2020-03-14 21:57:24.177 [main] DEBUG o.s.b.f.s.DefaultListableBeanFactory - Returning cached instance of singleton bean 'org.springframework.boot.actuate.autoconfigure.health.HealthIndicatorAutoConfiguration'
2020-03-14 21:57:24.177 [main] DEBUG o.s.b.f.s.DefaultListableBeanFactory - Returning cached instance of singleton bean 'healthAggregator'
2020-03-14 21:57:24.178 [main] DEBUG o.s.b.f.s.DefaultListableBeanFactory - Returning cached instance of singleton bean 'management.health.status-org.springframework.boot.actuate.autoconfigure.health.HealthIndicatorProperties'
2020-03-14 21:57:24.178 [main] DEBUG o.s.b.f.s.DefaultListableBeanFactory - Returning cached instance of singleton bean 'org.springframework.boot.actuate.autoconfigure.health.HealthEndpointConfiguration'
2020-03-14 21:57:24.178 [main] DEBUG o.s.b.f.s.DefaultListableBeanFactory - Returning cached instance of singleton bean 'healthEndpoint'
2020-03-14 21:57:24.178 [main] DEBUG o.s.b.f.s.DefaultListableBeanFactory - Returning cached instance of singleton bean 'org.springframework.boot.actuate.autoconfigure.health.HealthEndpointWebExtensionConfiguration$ServletWebHealthConfiguration'
2020-03-14 21:57:24.178 [main] DEBUG o.s.b.f.s.DefaultListableBeanFactory - Returning cached instance of singleton bean 'healthEndpointWebExtension'
2020-03-14 21:57:24.178 [main] DEBUG o.s.b.f.s.DefaultListableBeanFactory - Returning cached instance of singleton bean 'org.springframework.boot.actuate.autoconfigure.health.HealthEndpointWebExtensionConfiguration'
2020-03-14 21:57:24.178 [main] DEBUG o.s.b.f.s.DefaultListableBeanFactory - Returning cached instance of singleton bean 'createHealthStatusHttpMapper'
2020-03-14 21:57:24.178 [main] DEBUG o.s.b.f.s.DefaultListableBeanFactory - Returning cached instance of singleton bean 'healthWebEndpointResponseMapper'
2020-03-14 21:57:24.178 [main] DEBUG o.s.b.f.s.DefaultListableBeanFactory - Creating shared instance of singleton bean 'org.springframework.boot.actuate.autoconfigure.health.HealthEndpointAutoConfiguration'
2020-03-14 21:57:24.178 [main] DEBUG o.s.b.f.s.DefaultListableBeanFactory - Creating instance of bean 'org.springframework.boot.actuate.autoconfigure.health.HealthEndpointAutoConfiguration'
2020-03-14 21:57:24.178 [main] DEBUG o.s.b.f.s.DefaultListableBeanFactory - Returning cached instance of singleton bean 'metaDataSourceAdvisor'
2020-03-14 21:57:24.178 [main] DEBUG o.s.b.f.s.DefaultListableBeanFactory - Returning cached instance of singleton bean 'org.springframework.transaction.config.internalTransactionAdvisor'
2020-03-14 21:57:24.178 [main] DEBUG o.s.b.f.s.DefaultListableBeanFactory - Eagerly caching bean 'org.springframework.boot.actuate.autoconfigure.health.HealthEndpointAutoConfiguration' to allow for resolving potential circular references
2020-03-14 21:57:24.198 [main] DEBUG o.s.b.f.s.DefaultListableBeanFactory - Returning cached instance of singleton bean 'metaDataSourceAdvisor'
2020-03-14 21:57:24.198 [main] DEBUG o.s.b.f.s.DefaultListableBeanFactory - Returning cached instance of singleton bean 'org.springframework.transaction.config.internalTransactionAdvisor'
2020-03-14 21:57:24.198 [main] DEBUG o.s.b.f.s.DefaultListableBeanFactory - Returning cached instance of singleton bean 'metaDataSourceAdvisor'
2020-03-14 21:57:24.198 [main] DEBUG o.s.b.f.s.DefaultListableBeanFactory - Returning cached instance of singleton bean 'org.springframework.transaction.config.internalTransactionAdvisor'
2020-03-14 21:57:24.199 [main] DEBUG o.s.b.f.s.DefaultListableBeanFactory - Finished creating instance of bean 'org.springframework.boot.actuate.autoconfigure.health.HealthEndpointAutoConfiguration'
2020-03-14 21:57:24.199 [main] DEBUG o.s.b.f.s.DefaultListableBeanFactory - Returning cached instance of singleton bean 'management.endpoint.health-org.springframework.boot.actuate.autoconfigure.health.HealthEndpointProperties'
2020-03-14 21:57:24.199 [main] DEBUG o.s.b.f.s.DefaultListableBeanFactory - Creating shared instance of singleton bean 'org.springframework.boot.actuate.autoconfigure.web.servlet.ServletManagementContextAutoConfiguration'
2020-03-14 21:57:24.199 [main] DEBUG o.s.b.f.s.DefaultListableBeanFactory - Creating instance of bean 'org.springframework.boot.actuate.autoconfigure.web.servlet.ServletManagementContextAutoConfiguration'
2020-03-14 21:57:24.199 [main] DEBUG o.s.b.f.s.DefaultListableBeanFactory - Returning cached instance of singleton bean 'metaDataSourceAdvisor'
2020-03-14 21:57:24.199 [main] DEBUG o.s.b.f.s.DefaultListableBeanFactory - Returning cached instance of singleton bean 'org.springframework.transaction.config.internalTransactionAdvisor'
2020-03-14 21:57:24.200 [main] DEBUG o.s.b.f.s.DefaultListableBeanFactory - Eagerly caching bean 'org.springframework.boot.actuate.autoconfigure.web.servlet.ServletManagementContextAutoConfiguration' to allow for resolving potential circular references
2020-03-14 21:57:24.218 [main] DEBUG o.s.b.f.s.DefaultListableBeanFactory - Returning cached instance of singleton bean 'metaDataSourceAdvisor'
2020-03-14 21:57:24.218 [main] DEBUG o.s.b.f.s.DefaultListableBeanFactory - Returning cached instance of singleton bean 'org.springframework.transaction.config.internalTransactionAdvisor'
2020-03-14 21:57:24.218 [main] DEBUG o.s.b.f.s.DefaultListableBeanFactory - Returning cached instance of singleton bean 'metaDataSourceAdvisor'
2020-03-14 21:57:24.218 [main] DEBUG o.s.b.f.s.DefaultListableBeanFactory - Returning cached instance of singleton bean 'org.springframework.transaction.config.internalTransactionAdvisor'
2020-03-14 21:57:24.220 [main] DEBUG o.s.b.f.s.DefaultListableBeanFactory - Finished creating instance of bean 'org.springframework.boot.actuate.autoconfigure.web.servlet.ServletManagementContextAutoConfiguration'
2020-03-14 21:57:24.221 [main] DEBUG o.s.b.f.s.DefaultListableBeanFactory - Creating shared instance of singleton bean 'servletWebChildContextFactory'
2020-03-14 21:57:24.221 [main] DEBUG o.s.b.f.s.DefaultListableBeanFactory - Creating instance of bean 'servletWebChildContextFactory'
2020-03-14 21:57:24.221 [main] DEBUG o.s.b.f.s.DefaultListableBeanFactory - Returning cached instance of singleton bean 'metaDataSourceAdvisor'
2020-03-14 21:57:24.221 [main] DEBUG o.s.b.f.s.DefaultListableBeanFactory - Returning cached instance of singleton bean 'org.springframework.transaction.config.internalTransactionAdvisor'
2020-03-14 21:57:24.221 [main] DEBUG o.s.b.f.s.DefaultListableBeanFactory - Returning cached instance of singleton bean 'org.springframework.boot.actuate.autoconfigure.web.servlet.ServletManagementContextAutoConfiguration'
2020-03-14 21:57:24.233 [main] DEBUG o.s.b.f.s.DefaultListableBeanFactory - Eagerly caching bean 'servletWebChildContextFactory' to allow for resolving potential circular references
2020-03-14 21:57:24.237 [main] DEBUG o.s.b.f.s.DefaultListableBeanFactory - Returning cached instance of singleton bean 'metaDataSourceAdvisor'
2020-03-14 21:57:24.237 [main] DEBUG o.s.b.f.s.DefaultListableBeanFactory - Returning cached instance of singleton bean 'org.springframework.transaction.config.internalTransactionAdvisor'
2020-03-14 21:57:24.239 [main] DEBUG o.s.b.f.s.DefaultListableBeanFactory - Returning cached instance of singleton bean 'metaDataSourceAdvisor'
2020-03-14 21:57:24.239 [main] DEBUG o.s.b.f.s.DefaultListableBeanFactory - Returning cached instance of singleton bean 'org.springframework.transaction.config.internalTransactionAdvisor'
2020-03-14 21:57:24.240 [main] DEBUG o.s.b.f.s.DefaultListableBeanFactory - Finished creating instance of bean 'servletWebChildContextFactory'
2020-03-14 21:57:24.241 [main] DEBUG o.s.b.f.s.DefaultListableBeanFactory - Creating shared instance of singleton bean 'managementServletContext'
2020-03-14 21:57:24.241 [main] DEBUG o.s.b.f.s.DefaultListableBeanFactory - Creating instance of bean 'managementServletContext'
2020-03-14 21:57:24.241 [main] DEBUG o.s.b.f.s.DefaultListableBeanFactory - Returning cached instance of singleton bean 'metaDataSourceAdvisor'
2020-03-14 21:57:24.242 [main] DEBUG o.s.b.f.s.DefaultListableBeanFactory - Returning cached instance of singleton bean 'org.springframework.transaction.config.internalTransactionAdvisor'
2020-03-14 21:57:24.242 [main] DEBUG o.s.b.f.s.DefaultListableBeanFactory - Returning cached instance of singleton bean 'org.springframework.boot.actuate.autoconfigure.web.servlet.ServletManagementContextAutoConfiguration'
2020-03-14 21:57:24.243 [main] DEBUG o.s.b.f.s.DefaultListableBeanFactory - Returning cached instance of singleton bean 'management.endpoints.web-org.springframework.boot.actuate.autoconfigure.endpoint.web.WebEndpointProperties'
2020-03-14 21:57:24.243 [main] DEBUG o.s.b.f.s.DefaultListableBeanFactory - Autowiring by type from bean name 'managementServletContext' via factory method to bean named 'management.endpoints.web-org.springframework.boot.actuate.autoconfigure.endpoint.web.WebEndpointProperties'
2020-03-14 21:57:24.244 [main] DEBUG o.s.b.f.s.DefaultListableBeanFactory - Eagerly caching bean 'managementServletContext' to allow for resolving potential circular references
2020-03-14 21:57:24.248 [main] DEBUG o.s.b.f.s.DefaultListableBeanFactory - Returning cached instance of singleton bean 'metaDataSourceAdvisor'
2020-03-14 21:57:24.248 [main] DEBUG o.s.b.f.s.DefaultListableBeanFactory - Returning cached instance of singleton bean 'org.springframework.transaction.config.internalTransactionAdvisor'
2020-03-14 21:57:24.248 [main] DEBUG o.s.b.f.s.DefaultListableBeanFactory - Returning cached instance of singleton bean 'metaDataSourceAdvisor'
2020-03-14 21:57:24.248 [main] DEBUG o.s.b.f.s.DefaultListableBeanFactory - Returning cached instance of singleton bean 'org.springframework.transaction.config.internalTransactionAdvisor'
2020-03-14 21:57:24.249 [main] DEBUG o.s.b.f.s.DefaultListableBeanFactory - Finished creating instance of bean 'managementServletContext'
2020-03-14 21:57:24.249 [main] DEBUG o.s.b.f.s.DefaultListableBeanFactory - Returning cached instance of singleton bean 'org.springframework.boot.actuate.autoconfigure.condition.ConditionsReportEndpointAutoConfiguration'
2020-03-14 21:57:24.249 [main] DEBUG o.s.b.f.s.DefaultListableBeanFactory - Returning cached instance of singleton bean 'conditionsReportEndpoint'
2020-03-14 21:57:24.249 [main] DEBUG o.s.b.f.s.DefaultListableBeanFactory - Creating shared instance of singleton bean 'org.springframework.boot.actuate.autoconfigure.context.ShutdownEndpointAutoConfiguration'
2020-03-14 21:57:24.249 [main] DEBUG o.s.b.f.s.DefaultListableBeanFactory - Creating instance of bean 'org.springframework.boot.actuate.autoconfigure.context.ShutdownEndpointAutoConfiguration'
2020-03-14 21:57:24.249 [main] DEBUG o.s.b.f.s.DefaultListableBeanFactory - Returning cached instance of singleton bean 'metaDataSourceAdvisor'
2020-03-14 21:57:24.249 [main] DEBUG o.s.b.f.s.DefaultListableBeanFactory - Returning cached instance of singleton bean 'org.springframework.transaction.config.internalTransactionAdvisor'
2020-03-14 21:57:24.250 [main] DEBUG o.s.b.f.s.DefaultListableBeanFactory - Eagerly caching bean 'org.springframework.boot.actuate.autoconfigure.context.ShutdownEndpointAutoConfiguration' to allow for resolving potential circular references
2020-03-14 21:57:24.263 [main] DEBUG o.s.b.f.s.DefaultListableBeanFactory - Returning cached instance of singleton bean 'metaDataSourceAdvisor'
2020-03-14 21:57:24.263 [main] DEBUG o.s.b.f.s.DefaultListableBeanFactory - Returning cached instance of singleton bean 'org.springframework.transaction.config.internalTransactionAdvisor'
2020-03-14 21:57:24.263 [main] DEBUG o.s.b.f.s.DefaultListableBeanFactory - Returning cached instance of singleton bean 'metaDataSourceAdvisor'
2020-03-14 21:57:24.263 [main] DEBUG o.s.b.f.s.DefaultListableBeanFactory - Returning cached instance of singleton bean 'org.springframework.transaction.config.internalTransactionAdvisor'
2020-03-14 21:57:24.263 [main] DEBUG o.s.b.f.s.DefaultListableBeanFactory - Finished creating instance of bean 'org.springframework.boot.actuate.autoconfigure.context.ShutdownEndpointAutoConfiguration'
2020-03-14 21:57:24.263 [main] DEBUG o.s.b.f.s.DefaultListableBeanFactory - Returning cached instance of singleton bean 'org.springframework.boot.actuate.autoconfigure.context.properties.ConfigurationPropertiesReportEndpointAutoConfiguration'
2020-03-14 21:57:24.264 [main] DEBUG o.s.b.f.s.DefaultListableBeanFactory - Returning cached instance of singleton bean 'configurationPropertiesReportEndpoint'
2020-03-14 21:57:24.264 [main] DEBUG o.s.b.f.s.DefaultListableBeanFactory - Returning cached instance of singleton bean 'management.endpoint.configprops-org.springframework.boot.actuate.autoconfigure.context.properties.ConfigurationPropertiesReportEndpointProperties'
2020-03-14 21:57:24.264 [main] DEBUG o.s.b.f.s.DefaultListableBeanFactory - Returning cached instance of singleton bean 'org.springframework.boot.actuate.autoconfigure.endpoint.EndpointAutoConfiguration'
2020-03-14 21:57:24.264 [main] DEBUG o.s.b.f.s.DefaultListableBeanFactory - Returning cached instance of singleton bean 'endpointOperationParameterMapper'
2020-03-14 21:57:24.264 [main] DEBUG o.s.b.f.s.DefaultListableBeanFactory - Returning cached instance of singleton bean 'endpointCachingOperationInvokerAdvisor'
2020-03-14 21:57:24.264 [main] DEBUG o.s.b.f.s.DefaultListableBeanFactory - Creating shared instance of singleton bean 'org.springframework.boot.actuate.autoconfigure.endpoint.jmx.JmxEndpointAutoConfiguration'
2020-03-14 21:57:24.264 [main] DEBUG o.s.b.f.s.DefaultListableBeanFactory - Creating instance of bean 'org.springframework.boot.actuate.autoconfigure.endpoint.jmx.JmxEndpointAutoConfiguration'
2020-03-14 21:57:24.264 [main] DEBUG o.s.b.f.s.DefaultListableBeanFactory - Returning cached instance of singleton bean 'metaDataSourceAdvisor'
2020-03-14 21:57:24.264 [main] DEBUG o.s.b.f.s.DefaultListableBeanFactory - Returning cached instance of singleton bean 'org.springframework.transaction.config.internalTransactionAdvisor'
2020-03-14 21:57:24.271 [main] DEBUG o.s.b.f.s.DefaultListableBeanFactory - Creating shared instance of singleton bean 'management.endpoints.jmx-org.springframework.boot.actuate.autoconfigure.endpoint.jmx.JmxEndpointProperties'
2020-03-14 21:57:24.271 [main] DEBUG o.s.b.f.s.DefaultListableBeanFactory - Creating instance of bean 'management.endpoints.jmx-org.springframework.boot.actuate.autoconfigure.endpoint.jmx.JmxEndpointProperties'
2020-03-14 21:57:24.271 [main] DEBUG o.s.b.f.s.DefaultListableBeanFactory - Returning cached instance of singleton bean 'metaDataSourceAdvisor'
2020-03-14 21:57:24.271 [main] DEBUG o.s.b.f.s.DefaultListableBeanFactory - Returning cached instance of singleton bean 'org.springframework.transaction.config.internalTransactionAdvisor'
2020-03-14 21:57:24.272 [main] DEBUG o.s.b.f.s.DefaultListableBeanFactory - Returning cached instance of singleton bean 'environment'
2020-03-14 21:57:24.272 [main] DEBUG o.s.b.f.s.DefaultListableBeanFactory - Autowiring by type from bean name 'management.endpoints.jmx-org.springframework.boot.actuate.autoconfigure.endpoint.jmx.JmxEndpointProperties' via constructor to bean named 'environment'
2020-03-14 21:57:24.272 [main] DEBUG o.s.c.e.PropertySourcesPropertyResolver - Could not find key 'spring.jmx.default-domain' in any property source
2020-03-14 21:57:24.272 [main] DEBUG o.s.b.f.s.DefaultListableBeanFactory - Eagerly caching bean 'management.endpoints.jmx-org.springframework.boot.actuate.autoconfigure.endpoint.jmx.JmxEndpointProperties' to allow for resolving potential circular references
2020-03-14 21:57:24.276 [main] DEBUG o.s.b.f.s.DefaultListableBeanFactory - Returning cached instance of singleton bean 'metaDataSourceAdvisor'
2020-03-14 21:57:24.277 [main] DEBUG o.s.b.f.s.DefaultListableBeanFactory - Returning cached instance of singleton bean 'org.springframework.transaction.config.internalTransactionAdvisor'
2020-03-14 21:57:24.277 [main] DEBUG o.s.b.f.s.DefaultListableBeanFactory - Returning cached instance of singleton bean 'metaDataSourceAdvisor'
2020-03-14 21:57:24.277 [main] DEBUG o.s.b.f.s.DefaultListableBeanFactory - Returning cached instance of singleton bean 'org.springframework.transaction.config.internalTransactionAdvisor'
2020-03-14 21:57:24.277 [main] DEBUG o.s.b.f.s.DefaultListableBeanFactory - Finished creating instance of bean 'management.endpoints.jmx-org.springframework.boot.actuate.autoconfigure.endpoint.jmx.JmxEndpointProperties'
2020-03-14 21:57:24.277 [main] DEBUG o.s.b.f.s.DefaultListableBeanFactory - Autowiring by type from bean name 'org.springframework.boot.actuate.autoconfigure.endpoint.jmx.JmxEndpointAutoConfiguration' via constructor to bean named 'org.springframework.web.context.support.GenericWebApplicationContext@1ee4730'
2020-03-14 21:57:24.277 [main] DEBUG o.s.b.f.s.DefaultListableBeanFactory - Autowiring by type from bean name 'org.springframework.boot.actuate.autoconfigure.endpoint.jmx.JmxEndpointAutoConfiguration' via constructor to bean named 'management.endpoints.jmx-org.springframework.boot.actuate.autoconfigure.endpoint.jmx.JmxEndpointProperties'
2020-03-14 21:57:24.277 [main] DEBUG o.s.b.f.s.DefaultListableBeanFactory - Eagerly caching bean 'org.springframework.boot.actuate.autoconfigure.endpoint.jmx.JmxEndpointAutoConfiguration' to allow for resolving potential circular references
2020-03-14 21:57:24.279 [main] DEBUG o.s.b.f.s.DefaultListableBeanFactory - Returning cached instance of singleton bean 'metaDataSourceAdvisor'
2020-03-14 21:57:24.279 [main] DEBUG o.s.b.f.s.DefaultListableBeanFactory - Returning cached instance of singleton bean 'org.springframework.transaction.config.internalTransactionAdvisor'
2020-03-14 21:57:24.279 [main] DEBUG o.s.b.f.s.DefaultListableBeanFactory - Returning cached instance of singleton bean 'metaDataSourceAdvisor'
2020-03-14 21:57:24.279 [main] DEBUG o.s.b.f.s.DefaultListableBeanFactory - Returning cached instance of singleton bean 'org.springframework.transaction.config.internalTransactionAdvisor'
2020-03-14 21:57:24.280 [main] DEBUG o.s.b.f.s.DefaultListableBeanFactory - Finished creating instance of bean 'org.springframework.boot.actuate.autoconfigure.endpoint.jmx.JmxEndpointAutoConfiguration'
2020-03-14 21:57:24.280 [main] DEBUG o.s.b.f.s.DefaultListableBeanFactory - Creating shared instance of singleton bean 'jmxAnnotationEndpointDiscoverer'
2020-03-14 21:57:24.280 [main] DEBUG o.s.b.f.s.DefaultListableBeanFactory - Creating instance of bean 'jmxAnnotationEndpointDiscoverer'
2020-03-14 21:57:24.280 [main] DEBUG o.s.b.f.s.DefaultListableBeanFactory - Returning cached instance of singleton bean 'metaDataSourceAdvisor'
2020-03-14 21:57:24.280 [main] DEBUG o.s.b.f.s.DefaultListableBeanFactory - Returning cached instance of singleton bean 'org.springframework.transaction.config.internalTransactionAdvisor'
2020-03-14 21:57:24.280 [main] DEBUG o.s.b.f.s.DefaultListableBeanFactory - Returning cached instance of singleton bean 'org.springframework.boot.actuate.autoconfigure.endpoint.jmx.JmxEndpointAutoConfiguration'
2020-03-14 21:57:24.280 [main] DEBUG o.s.b.f.s.DefaultListableBeanFactory - Returning cached instance of singleton bean 'endpointOperationParameterMapper'
2020-03-14 21:57:24.280 [main] DEBUG o.s.b.f.s.DefaultListableBeanFactory - Autowiring by type from bean name 'jmxAnnotationEndpointDiscoverer' via factory method to bean named 'endpointOperationParameterMapper'
2020-03-14 21:57:24.282 [main] DEBUG o.s.b.f.s.DefaultListableBeanFactory - Returning cached instance of singleton bean 'endpointCachingOperationInvokerAdvisor'
2020-03-14 21:57:24.283 [main] DEBUG o.s.b.f.s.DefaultListableBeanFactory - Creating shared instance of singleton bean 'jmxIncludeExcludePropertyEndpointFilter'
2020-03-14 21:57:24.283 [main] DEBUG o.s.b.f.s.DefaultListableBeanFactory - Creating instance of bean 'jmxIncludeExcludePropertyEndpointFilter'
2020-03-14 21:57:24.283 [main] DEBUG o.s.b.f.s.DefaultListableBeanFactory - Returning cached instance of singleton bean 'metaDataSourceAdvisor'
2020-03-14 21:57:24.283 [main] DEBUG o.s.b.f.s.DefaultListableBeanFactory - Returning cached instance of singleton bean 'org.springframework.transaction.config.internalTransactionAdvisor'
2020-03-14 21:57:24.283 [main] DEBUG o.s.b.f.s.DefaultListableBeanFactory - Returning cached instance of singleton bean 'org.springframework.boot.actuate.autoconfigure.endpoint.jmx.JmxEndpointAutoConfiguration'
2020-03-14 21:57:24.283 [main] DEBUG o.s.b.f.s.DefaultListableBeanFactory - Eagerly caching bean 'jmxIncludeExcludePropertyEndpointFilter' to allow for resolving potential circular references
2020-03-14 21:57:24.283 [main] DEBUG o.s.b.f.s.DefaultListableBeanFactory - Returning cached instance of singleton bean 'metaDataSourceAdvisor'
2020-03-14 21:57:24.283 [main] DEBUG o.s.b.f.s.DefaultListableBeanFactory - Returning cached instance of singleton bean 'org.springframework.transaction.config.internalTransactionAdvisor'
2020-03-14 21:57:24.283 [main] DEBUG o.s.b.f.s.DefaultListableBeanFactory - Returning cached instance of singleton bean 'metaDataSourceAdvisor'
2020-03-14 21:57:24.283 [main] DEBUG o.s.b.f.s.DefaultListableBeanFactory - Returning cached instance of singleton bean 'org.springframework.transaction.config.internalTransactionAdvisor'
2020-03-14 21:57:24.284 [main] DEBUG o.s.b.f.s.DefaultListableBeanFactory - Finished creating instance of bean 'jmxIncludeExcludePropertyEndpointFilter'
2020-03-14 21:57:24.284 [main] DEBUG o.s.b.f.s.DefaultListableBeanFactory - Eagerly caching bean 'jmxAnnotationEndpointDiscoverer' to allow for resolving potential circular references
2020-03-14 21:57:24.289 [main] DEBUG o.s.b.f.s.DefaultListableBeanFactory - Returning cached instance of singleton bean 'metaDataSourceAdvisor'
2020-03-14 21:57:24.289 [main] DEBUG o.s.b.f.s.DefaultListableBeanFactory - Returning cached instance of singleton bean 'org.springframework.transaction.config.internalTransactionAdvisor'
2020-03-14 21:57:24.289 [main] DEBUG o.s.b.f.s.DefaultListableBeanFactory - Returning cached instance of singleton bean 'metaDataSourceAdvisor'
2020-03-14 21:57:24.289 [main] DEBUG o.s.b.f.s.DefaultListableBeanFactory - Returning cached instance of singleton bean 'org.springframework.transaction.config.internalTransactionAdvisor'
2020-03-14 21:57:24.290 [main] DEBUG o.s.b.f.s.DefaultListableBeanFactory - Finished creating instance of bean 'jmxAnnotationEndpointDiscoverer'
2020-03-14 21:57:24.290 [main] DEBUG o.s.b.f.s.DefaultListableBeanFactory - Returning cached instance of singleton bean 'jmxIncludeExcludePropertyEndpointFilter'
2020-03-14 21:57:24.290 [main] DEBUG o.s.b.f.s.DefaultListableBeanFactory - Returning cached instance of singleton bean 'management.endpoints.jmx-org.springframework.boot.actuate.autoconfigure.endpoint.jmx.JmxEndpointProperties'
2020-03-14 21:57:24.290 [main] DEBUG o.s.b.f.s.DefaultListableBeanFactory - Returning cached instance of singleton bean 'org.springframework.boot.actuate.autoconfigure.endpoint.web.WebEndpointAutoConfiguration$WebEndpointServletAutoConfiguration'
2020-03-14 21:57:24.290 [main] DEBUG o.s.b.f.s.DefaultListableBeanFactory - Returning cached instance of singleton bean 'servletEndpointDiscoverer'
2020-03-14 21:57:24.290 [main] DEBUG o.s.b.f.s.DefaultListableBeanFactory - Returning cached instance of singleton bean 'org.springframework.boot.actuate.autoconfigure.endpoint.web.WebEndpointAutoConfiguration'
2020-03-14 21:57:24.290 [main] DEBUG o.s.b.f.s.DefaultListableBeanFactory - Returning cached instance of singleton bean 'webEndpointPathMapper'
2020-03-14 21:57:24.290 [main] DEBUG o.s.b.f.s.DefaultListableBeanFactory - Returning cached instance of singleton bean 'endpointMediaTypes'
2020-03-14 21:57:24.290 [main] DEBUG o.s.b.f.s.DefaultListableBeanFactory - Returning cached instance of singleton bean 'webEndpointDiscoverer'
2020-03-14 21:57:24.290 [main] DEBUG o.s.b.f.s.DefaultListableBeanFactory - Returning cached instance of singleton bean 'controllerEndpointDiscoverer'
2020-03-14 21:57:24.290 [main] DEBUG o.s.b.f.s.DefaultListableBeanFactory - Creating shared instance of singleton bean 'pathMappedEndpoints'
2020-03-14 21:57:24.291 [main] DEBUG o.s.b.f.s.DefaultListableBeanFactory - Creating instance of bean 'pathMappedEndpoints'
2020-03-14 21:57:24.291 [main] DEBUG o.s.b.f.s.DefaultListableBeanFactory - Returning cached instance of singleton bean 'metaDataSourceAdvisor'
2020-03-14 21:57:24.291 [main] DEBUG o.s.b.f.s.DefaultListableBeanFactory - Returning cached instance of singleton bean 'org.springframework.transaction.config.internalTransactionAdvisor'
2020-03-14 21:57:24.291 [main] DEBUG o.s.b.f.s.DefaultListableBeanFactory - Returning cached instance of singleton bean 'org.springframework.boot.actuate.autoconfigure.endpoint.web.WebEndpointAutoConfiguration'
2020-03-14 21:57:24.296 [main] DEBUG o.s.b.f.s.DefaultListableBeanFactory - Returning cached instance of singleton bean 'jmxAnnotationEndpointDiscoverer'
2020-03-14 21:57:24.296 [main] DEBUG o.s.b.f.s.DefaultListableBeanFactory - Returning cached instance of singleton bean 'servletEndpointDiscoverer'
2020-03-14 21:57:24.296 [main] DEBUG o.s.b.f.s.DefaultListableBeanFactory - Returning cached instance of singleton bean 'webEndpointDiscoverer'
2020-03-14 21:57:24.296 [main] DEBUG o.s.b.f.s.DefaultListableBeanFactory - Returning cached instance of singleton bean 'controllerEndpointDiscoverer'
2020-03-14 21:57:24.297 [main] DEBUG o.s.b.f.s.DefaultListableBeanFactory - Returning cached instance of singleton bean 'management.endpoints.web-org.springframework.boot.actuate.autoconfigure.endpoint.web.WebEndpointProperties'
2020-03-14 21:57:24.297 [main] DEBUG o.s.b.f.s.DefaultListableBeanFactory - Autowiring by type from bean name 'pathMappedEndpoints' via factory method to bean named 'jmxAnnotationEndpointDiscoverer'
2020-03-14 21:57:24.297 [main] DEBUG o.s.b.f.s.DefaultListableBeanFactory - Autowiring by type from bean name 'pathMappedEndpoints' via factory method to bean named 'servletEndpointDiscoverer'
2020-03-14 21:57:24.297 [main] DEBUG o.s.b.f.s.DefaultListableBeanFactory - Autowiring by type from bean name 'pathMappedEndpoints' via factory method to bean named 'webEndpointDiscoverer'
2020-03-14 21:57:24.297 [main] DEBUG o.s.b.f.s.DefaultListableBeanFactory - Autowiring by type from bean name 'pathMappedEndpoints' via factory method to bean named 'controllerEndpointDiscoverer'
2020-03-14 21:57:24.297 [main] DEBUG o.s.b.f.s.DefaultListableBeanFactory - Autowiring by type from bean name 'pathMappedEndpoints' via factory method to bean named 'management.endpoints.web-org.springframework.boot.actuate.autoconfigure.endpoint.web.WebEndpointProperties'
2020-03-14 21:57:24.315 [main] DEBUG o.s.b.f.s.DefaultListableBeanFactory - Returning cached instance of singleton bean 'archaiusEndpoint'
2020-03-14 21:57:24.315 [main] DEBUG o.s.b.f.s.DefaultListableBeanFactory - Returning cached instance of singleton bean 'auditEventsEndpoint'
2020-03-14 21:57:24.316 [main] DEBUG o.s.b.f.s.DefaultListableBeanFactory - Returning cached instance of singleton bean 'beansEndpoint'
2020-03-14 21:57:24.316 [main] DEBUG o.s.b.f.s.DefaultListableBeanFactory - Returning cached instance of singleton bean 'healthEndpoint'
2020-03-14 21:57:24.316 [main] DEBUG o.s.b.f.s.DefaultListableBeanFactory - Returning cached instance of singleton bean 'conditionsReportEndpoint'
2020-03-14 21:57:24.316 [main] DEBUG o.s.b.f.s.DefaultListableBeanFactory - Returning cached instance of singleton bean 'configurationPropertiesReportEndpoint'
2020-03-14 21:57:24.317 [main] DEBUG o.s.b.f.s.DefaultListableBeanFactory - Returning cached instance of singleton bean 'environmentEndpoint'
2020-03-14 21:57:24.317 [main] DEBUG o.s.b.f.s.DefaultListableBeanFactory - Returning cached instance of singleton bean 'infoEndpoint'
2020-03-14 21:57:24.318 [main] DEBUG o.s.b.f.s.DefaultListableBeanFactory - Returning cached instance of singleton bean 'loggersEndpoint'
2020-03-14 21:57:24.318 [main] DEBUG o.s.b.f.s.DefaultListableBeanFactory - Returning cached instance of singleton bean 'heapDumpWebEndpoint'
2020-03-14 21:57:24.318 [main] DEBUG o.s.b.f.s.DefaultListableBeanFactory - Returning cached instance of singleton bean 'dumpEndpoint'
2020-03-14 21:57:24.318 [main] DEBUG o.s.b.f.s.DefaultListableBeanFactory - Returning cached instance of singleton bean 'metricsEndpoint'
2020-03-14 21:57:24.318 [main] DEBUG o.s.b.f.s.DefaultListableBeanFactory - Returning cached instance of singleton bean 'scheduledTasksEndpoint'
2020-03-14 21:57:24.319 [main] DEBUG o.s.b.f.s.DefaultListableBeanFactory - Returning cached instance of singleton bean 'httpTraceEndpoint'
2020-03-14 21:57:24.319 [main] DEBUG o.s.b.f.s.DefaultListableBeanFactory - Returning cached instance of singleton bean 'mappingsEndpoint'
2020-03-14 21:57:24.319 [main] DEBUG o.s.b.f.s.DefaultListableBeanFactory - Returning cached instance of singleton bean 'refreshEndpoint'
2020-03-14 21:57:24.319 [main] DEBUG o.s.b.f.s.DefaultListableBeanFactory - Returning cached instance of singleton bean 'featuresEndpoint'
2020-03-14 21:57:24.319 [main] DEBUG o.s.b.f.s.DefaultListableBeanFactory - Returning cached instance of singleton bean 'serviceRegistryEndpoint'
2020-03-14 21:57:24.324 [main] DEBUG o.s.b.f.s.DefaultListableBeanFactory - Returning cached instance of singleton bean 'healthEndpointWebExtension'
2020-03-14 21:57:24.326 [main] DEBUG o.s.b.f.s.DefaultListableBeanFactory - Returning cached instance of singleton bean 'environmentEndpointWebExtension'
2020-03-14 21:57:24.348 [main] DEBUG o.s.b.f.s.DefaultListableBeanFactory - Eagerly caching bean 'pathMappedEndpoints' to allow for resolving potential circular references
2020-03-14 21:57:24.350 [main] DEBUG o.s.b.f.s.DefaultListableBeanFactory - Returning cached instance of singleton bean 'metaDataSourceAdvisor'
2020-03-14 21:57:24.351 [main] DEBUG o.s.b.f.s.DefaultListableBeanFactory - Returning cached instance of singleton bean 'org.springframework.transaction.config.internalTransactionAdvisor'
2020-03-14 21:57:24.351 [main] DEBUG o.s.b.f.s.DefaultListableBeanFactory - Returning cached instance of singleton bean 'metaDataSourceAdvisor'
2020-03-14 21:57:24.351 [main] DEBUG o.s.b.f.s.DefaultListableBeanFactory - Returning cached instance of singleton bean 'org.springframework.transaction.config.internalTransactionAdvisor'
2020-03-14 21:57:24.351 [main] DEBUG o.s.b.f.s.DefaultListableBeanFactory - Finished creating instance of bean 'pathMappedEndpoints'
2020-03-14 21:57:24.351 [main] DEBUG o.s.b.f.s.DefaultListableBeanFactory - Returning cached instance of singleton bean 'webExposeExcludePropertyEndpointFilter'
2020-03-14 21:57:24.351 [main] DEBUG o.s.b.f.s.DefaultListableBeanFactory - Returning cached instance of singleton bean 'controllerExposeExcludePropertyEndpointFilter'
2020-03-14 21:57:24.351 [main] DEBUG o.s.b.f.s.DefaultListableBeanFactory - Returning cached instance of singleton bean 'management.endpoints.web-org.springframework.boot.actuate.autoconfigure.endpoint.web.WebEndpointProperties'
2020-03-14 21:57:24.351 [main] DEBUG o.s.b.f.s.DefaultListableBeanFactory - Returning cached instance of singleton bean 'org.springframework.cloud.autoconfigure.LifecycleMvcEndpointAutoConfiguration'
2020-03-14 21:57:24.351 [main] DEBUG o.s.b.f.s.DefaultListableBeanFactory - Returning cached instance of singleton bean 'environmentManager'
2020-03-14 21:57:24.351 [main] DEBUG o.s.b.f.s.DefaultListableBeanFactory - Returning cached instance of singleton bean 'org.springframework.cloud.autoconfigure.WritableEnvironmentEndpointAutoConfiguration'
2020-03-14 21:57:24.351 [main] DEBUG o.s.b.f.s.DefaultListableBeanFactory - Returning cached instance of singleton bean 'environmentEndpoint'
2020-03-14 21:57:24.351 [main] DEBUG o.s.b.f.s.DefaultListableBeanFactory - Returning cached instance of singleton bean 'environmentEndpointWebExtension'
2020-03-14 21:57:24.351 [main] DEBUG o.s.b.f.s.DefaultListableBeanFactory - Returning cached instance of singleton bean 'management.endpoint.env-org.springframework.boot.actuate.autoconfigure.env.EnvironmentEndpointProperties'
2020-03-14 21:57:24.351 [main] DEBUG o.s.b.f.s.DefaultListableBeanFactory - Creating shared instance of singleton bean 'org.springframework.boot.actuate.autoconfigure.env.EnvironmentEndpointAutoConfiguration'
2020-03-14 21:57:24.351 [main] DEBUG o.s.b.f.s.DefaultListableBeanFactory - Creating instance of bean 'org.springframework.boot.actuate.autoconfigure.env.EnvironmentEndpointAutoConfiguration'
2020-03-14 21:57:24.351 [main] DEBUG o.s.b.f.s.DefaultListableBeanFactory - Returning cached instance of singleton bean 'metaDataSourceAdvisor'
2020-03-14 21:57:24.351 [main] DEBUG o.s.b.f.s.DefaultListableBeanFactory - Returning cached instance of singleton bean 'org.springframework.transaction.config.internalTransactionAdvisor'
2020-03-14 21:57:24.352 [main] DEBUG o.s.c.LocalVariableTableParameterNameDiscoverer - Cannot find '.class' file for class [class org.springframework.boot.actuate.autoconfigure.env.EnvironmentEndpointAutoConfiguration$$EnhancerBySpringCGLIB$$ad88a6e9] - unable to determine constructor/method parameter names
2020-03-14 21:57:24.352 [main] DEBUG o.s.b.f.s.DefaultListableBeanFactory - Returning cached instance of singleton bean 'management.endpoint.env-org.springframework.boot.actuate.autoconfigure.env.EnvironmentEndpointProperties'
2020-03-14 21:57:24.352 [main] DEBUG o.s.b.f.s.DefaultListableBeanFactory - Autowiring by type from bean name 'org.springframework.boot.actuate.autoconfigure.env.EnvironmentEndpointAutoConfiguration' via constructor to bean named 'management.endpoint.env-org.springframework.boot.actuate.autoconfigure.env.EnvironmentEndpointProperties'
2020-03-14 21:57:24.352 [main] DEBUG o.s.b.f.s.DefaultListableBeanFactory - Eagerly caching bean 'org.springframework.boot.actuate.autoconfigure.env.EnvironmentEndpointAutoConfiguration' to allow for resolving potential circular references
2020-03-14 21:57:24.357 [main] DEBUG o.s.b.f.s.DefaultListableBeanFactory - Returning cached instance of singleton bean 'metaDataSourceAdvisor'
2020-03-14 21:57:24.357 [main] DEBUG o.s.b.f.s.DefaultListableBeanFactory - Returning cached instance of singleton bean 'org.springframework.transaction.config.internalTransactionAdvisor'
2020-03-14 21:57:24.357 [main] DEBUG o.s.b.f.s.DefaultListableBeanFactory - Returning cached instance of singleton bean 'metaDataSourceAdvisor'
2020-03-14 21:57:24.357 [main] DEBUG o.s.b.f.s.DefaultListableBeanFactory - Returning cached instance of singleton bean 'org.springframework.transaction.config.internalTransactionAdvisor'
2020-03-14 21:57:24.358 [main] DEBUG o.s.b.f.s.DefaultListableBeanFactory - Finished creating instance of bean 'org.springframework.boot.actuate.autoconfigure.env.EnvironmentEndpointAutoConfiguration'
2020-03-14 21:57:24.358 [main] DEBUG o.s.b.f.s.DefaultListableBeanFactory - Creating shared instance of singleton bean 'org.springframework.boot.autoconfigure.info.ProjectInfoAutoConfiguration'
2020-03-14 21:57:24.358 [main] DEBUG o.s.b.f.s.DefaultListableBeanFactory - Creating instance of bean 'org.springframework.boot.autoconfigure.info.ProjectInfoAutoConfiguration'
2020-03-14 21:57:24.358 [main] DEBUG o.s.b.f.s.DefaultListableBeanFactory - Returning cached instance of singleton bean 'metaDataSourceAdvisor'
2020-03-14 21:57:24.358 [main] DEBUG o.s.b.f.s.DefaultListableBeanFactory - Returning cached instance of singleton bean 'org.springframework.transaction.config.internalTransactionAdvisor'
2020-03-14 21:57:24.359 [main] DEBUG o.s.c.LocalVariableTableParameterNameDiscoverer - Cannot find '.class' file for class [class org.springframework.boot.autoconfigure.info.ProjectInfoAutoConfiguration$$EnhancerBySpringCGLIB$$dd446152] - unable to determine constructor/method parameter names
2020-03-14 21:57:24.362 [main] DEBUG o.s.b.f.s.DefaultListableBeanFactory - Creating shared instance of singleton bean 'spring.info-org.springframework.boot.autoconfigure.info.ProjectInfoProperties'
2020-03-14 21:57:24.362 [main] DEBUG o.s.b.f.s.DefaultListableBeanFactory - Creating instance of bean 'spring.info-org.springframework.boot.autoconfigure.info.ProjectInfoProperties'
2020-03-14 21:57:24.363 [main] DEBUG o.s.b.f.s.DefaultListableBeanFactory - Returning cached instance of singleton bean 'metaDataSourceAdvisor'
2020-03-14 21:57:24.363 [main] DEBUG o.s.b.f.s.DefaultListableBeanFactory - Returning cached instance of singleton bean 'org.springframework.transaction.config.internalTransactionAdvisor'
2020-03-14 21:57:24.363 [main] DEBUG o.s.b.f.s.DefaultListableBeanFactory - Eagerly caching bean 'spring.info-org.springframework.boot.autoconfigure.info.ProjectInfoProperties' to allow for resolving potential circular references
2020-03-14 21:57:24.370 [main] DEBUG o.s.b.f.s.DefaultListableBeanFactory - Returning cached instance of singleton bean 'metaDataSourceAdvisor'
2020-03-14 21:57:24.370 [main] DEBUG o.s.b.f.s.DefaultListableBeanFactory - Returning cached instance of singleton bean 'org.springframework.transaction.config.internalTransactionAdvisor'
2020-03-14 21:57:24.370 [main] DEBUG o.s.b.f.s.DefaultListableBeanFactory - Returning cached instance of singleton bean 'metaDataSourceAdvisor'
2020-03-14 21:57:24.370 [main] DEBUG o.s.b.f.s.DefaultListableBeanFactory - Returning cached instance of singleton bean 'org.springframework.transaction.config.internalTransactionAdvisor'
2020-03-14 21:57:24.370 [main] DEBUG o.s.b.f.s.DefaultListableBeanFactory - Finished creating instance of bean 'spring.info-org.springframework.boot.autoconfigure.info.ProjectInfoProperties'
2020-03-14 21:57:24.371 [main] DEBUG o.s.b.f.s.DefaultListableBeanFactory - Autowiring by type from bean name 'org.springframework.boot.autoconfigure.info.ProjectInfoAutoConfiguration' via constructor to bean named 'spring.info-org.springframework.boot.autoconfigure.info.ProjectInfoProperties'
2020-03-14 21:57:24.372 [main] DEBUG o.s.b.f.s.DefaultListableBeanFactory - Eagerly caching bean 'org.springframework.boot.autoconfigure.info.ProjectInfoAutoConfiguration' to allow for resolving potential circular references
2020-03-14 21:57:24.385 [main] DEBUG o.s.b.f.s.DefaultListableBeanFactory - Returning cached instance of singleton bean 'metaDataSourceAdvisor'
2020-03-14 21:57:24.386 [main] DEBUG o.s.b.f.s.DefaultListableBeanFactory - Returning cached instance of singleton bean 'org.springframework.transaction.config.internalTransactionAdvisor'
2020-03-14 21:57:24.386 [main] DEBUG o.s.b.f.s.DefaultListableBeanFactory - Returning cached instance of singleton bean 'metaDataSourceAdvisor'
2020-03-14 21:57:24.386 [main] DEBUG o.s.b.f.s.DefaultListableBeanFactory - Returning cached instance of singleton bean 'org.springframework.transaction.config.internalTransactionAdvisor'
2020-03-14 21:57:24.386 [main] DEBUG o.s.b.f.s.DefaultListableBeanFactory - Finished creating instance of bean 'org.springframework.boot.autoconfigure.info.ProjectInfoAutoConfiguration'
2020-03-14 21:57:24.386 [main] DEBUG o.s.b.f.s.DefaultListableBeanFactory - Returning cached instance of singleton bean 'spring.info-org.springframework.boot.autoconfigure.info.ProjectInfoProperties'
2020-03-14 21:57:24.386 [main] DEBUG o.s.b.f.s.DefaultListableBeanFactory - Returning cached instance of singleton bean 'org.springframework.boot.actuate.autoconfigure.info.InfoContributorAutoConfiguration'
2020-03-14 21:57:24.387 [main] DEBUG o.s.b.f.s.DefaultListableBeanFactory - Returning cached instance of singleton bean 'envInfoContributor'
2020-03-14 21:57:24.387 [main] DEBUG o.s.b.f.s.DefaultListableBeanFactory - Returning cached instance of singleton bean 'management.info-org.springframework.boot.actuate.autoconfigure.info.InfoContributorProperties'
2020-03-14 21:57:24.387 [main] DEBUG o.s.b.f.s.DefaultListableBeanFactory - Returning cached instance of singleton bean 'org.springframework.boot.actuate.autoconfigure.info.InfoEndpointAutoConfiguration'
2020-03-14 21:57:24.387 [main] DEBUG o.s.b.f.s.DefaultListableBeanFactory - Returning cached instance of singleton bean 'infoEndpoint'
2020-03-14 21:57:24.387 [main] DEBUG o.s.b.f.s.DefaultListableBeanFactory - Creating shared instance of singleton bean 'org.springframework.boot.actuate.autoconfigure.logging.LogFileWebEndpointAutoConfiguration'
2020-03-14 21:57:24.387 [main] DEBUG o.s.b.f.s.DefaultListableBeanFactory - Creating instance of bean 'org.springframework.boot.actuate.autoconfigure.logging.LogFileWebEndpointAutoConfiguration'
2020-03-14 21:57:24.387 [main] DEBUG o.s.b.f.s.DefaultListableBeanFactory - Returning cached instance of singleton bean 'metaDataSourceAdvisor'
2020-03-14 21:57:24.387 [main] DEBUG o.s.b.f.s.DefaultListableBeanFactory - Returning cached instance of singleton bean 'org.springframework.transaction.config.internalTransactionAdvisor'
2020-03-14 21:57:24.388 [main] DEBUG o.s.c.LocalVariableTableParameterNameDiscoverer - Cannot find '.class' file for class [class org.springframework.boot.actuate.autoconfigure.logging.LogFileWebEndpointAutoConfiguration$$EnhancerBySpringCGLIB$$9b36dcc2] - unable to determine constructor/method parameter names
2020-03-14 21:57:24.394 [main] DEBUG o.s.b.f.s.DefaultListableBeanFactory - Creating shared instance of singleton bean 'management.endpoint.logfile-org.springframework.boot.actuate.autoconfigure.logging.LogFileWebEndpointProperties'
2020-03-14 21:57:24.394 [main] DEBUG o.s.b.f.s.DefaultListableBeanFactory - Creating instance of bean 'management.endpoint.logfile-org.springframework.boot.actuate.autoconfigure.logging.LogFileWebEndpointProperties'
2020-03-14 21:57:24.394 [main] DEBUG o.s.b.f.s.DefaultListableBeanFactory - Returning cached instance of singleton bean 'metaDataSourceAdvisor'
2020-03-14 21:57:24.395 [main] DEBUG o.s.b.f.s.DefaultListableBeanFactory - Returning cached instance of singleton bean 'org.springframework.transaction.config.internalTransactionAdvisor'
2020-03-14 21:57:24.395 [main] DEBUG o.s.b.f.s.DefaultListableBeanFactory - Eagerly caching bean 'management.endpoint.logfile-org.springframework.boot.actuate.autoconfigure.logging.LogFileWebEndpointProperties' to allow for resolving potential circular references
2020-03-14 21:57:24.402 [main] DEBUG o.s.b.f.s.DefaultListableBeanFactory - Returning cached instance of singleton bean 'metaDataSourceAdvisor'
2020-03-14 21:57:24.402 [main] DEBUG o.s.b.f.s.DefaultListableBeanFactory - Returning cached instance of singleton bean 'org.springframework.transaction.config.internalTransactionAdvisor'
2020-03-14 21:57:24.402 [main] DEBUG o.s.b.f.s.DefaultListableBeanFactory - Returning cached instance of singleton bean 'metaDataSourceAdvisor'
2020-03-14 21:57:24.402 [main] DEBUG o.s.b.f.s.DefaultListableBeanFactory - Returning cached instance of singleton bean 'org.springframework.transaction.config.internalTransactionAdvisor'
2020-03-14 21:57:24.402 [main] DEBUG o.s.b.f.s.DefaultListableBeanFactory - Finished creating instance of bean 'management.endpoint.logfile-org.springframework.boot.actuate.autoconfigure.logging.LogFileWebEndpointProperties'
2020-03-14 21:57:24.403 [main] DEBUG o.s.b.f.s.DefaultListableBeanFactory - Autowiring by type from bean name 'org.springframework.boot.actuate.autoconfigure.logging.LogFileWebEndpointAutoConfiguration' via constructor to bean named 'management.endpoint.logfile-org.springframework.boot.actuate.autoconfigure.logging.LogFileWebEndpointProperties'
2020-03-14 21:57:24.403 [main] DEBUG o.s.b.f.s.DefaultListableBeanFactory - Eagerly caching bean 'org.springframework.boot.actuate.autoconfigure.logging.LogFileWebEndpointAutoConfiguration' to allow for resolving potential circular references
2020-03-14 21:57:24.411 [main] DEBUG o.s.b.f.s.DefaultListableBeanFactory - Returning cached instance of singleton bean 'metaDataSourceAdvisor'
2020-03-14 21:57:24.411 [main] DEBUG o.s.b.f.s.DefaultListableBeanFactory - Returning cached instance of singleton bean 'org.springframework.transaction.config.internalTransactionAdvisor'
2020-03-14 21:57:24.411 [main] DEBUG o.s.b.f.s.DefaultListableBeanFactory - Returning cached instance of singleton bean 'metaDataSourceAdvisor'
2020-03-14 21:57:24.411 [main] DEBUG o.s.b.f.s.DefaultListableBeanFactory - Returning cached instance of singleton bean 'org.springframework.transaction.config.internalTransactionAdvisor'
2020-03-14 21:57:24.412 [main] DEBUG o.s.b.f.s.DefaultListableBeanFactory - Finished creating instance of bean 'org.springframework.boot.actuate.autoconfigure.logging.LogFileWebEndpointAutoConfiguration'
2020-03-14 21:57:24.414 [main] DEBUG o.s.b.f.s.DefaultListableBeanFactory - Returning cached instance of singleton bean 'management.endpoint.logfile-org.springframework.boot.actuate.autoconfigure.logging.LogFileWebEndpointProperties'
2020-03-14 21:57:24.414 [main] DEBUG o.s.b.f.s.DefaultListableBeanFactory - Returning cached instance of singleton bean 'org.springframework.boot.actuate.autoconfigure.logging.LoggersEndpointAutoConfiguration'
2020-03-14 21:57:24.414 [main] DEBUG o.s.b.f.s.DefaultListableBeanFactory - Returning cached instance of singleton bean 'loggersEndpoint'
2020-03-14 21:57:24.414 [main] DEBUG o.s.b.f.s.DefaultListableBeanFactory - Returning cached instance of singleton bean 'org.springframework.boot.actuate.autoconfigure.management.HeapDumpWebEndpointAutoConfiguration'
2020-03-14 21:57:24.414 [main] DEBUG o.s.b.f.s.DefaultListableBeanFactory - Returning cached instance of singleton bean 'heapDumpWebEndpoint'
2020-03-14 21:57:24.414 [main] DEBUG o.s.b.f.s.DefaultListableBeanFactory - Returning cached instance of singleton bean 'org.springframework.boot.actuate.autoconfigure.management.ThreadDumpEndpointAutoConfiguration'
2020-03-14 21:57:24.414 [main] DEBUG o.s.b.f.s.DefaultListableBeanFactory - Returning cached instance of singleton bean 'dumpEndpoint'
2020-03-14 21:57:24.414 [main] DEBUG o.s.b.f.s.DefaultListableBeanFactory - Returning cached instance of singleton bean 'org.springframework.boot.actuate.autoconfigure.metrics.MetricsAutoConfiguration$MeterBindersConfiguration'
2020-03-14 21:57:24.414 [main] DEBUG o.s.b.f.s.DefaultListableBeanFactory - Returning cached instance of singleton bean 'logbackMetrics'
2020-03-14 21:57:24.414 [main] DEBUG o.s.b.f.s.DefaultListableBeanFactory - Returning cached instance of singleton bean 'uptimeMetrics'
2020-03-14 21:57:24.414 [main] DEBUG o.s.b.f.s.DefaultListableBeanFactory - Returning cached instance of singleton bean 'processorMetrics'
2020-03-14 21:57:24.414 [main] DEBUG o.s.b.f.s.DefaultListableBeanFactory - Returning cached instance of singleton bean 'fileDescriptorMetrics'
2020-03-14 21:57:24.414 [main] DEBUG o.s.b.f.s.DefaultListableBeanFactory - Returning cached instance of singleton bean 'org.springframework.boot.actuate.autoconfigure.metrics.MetricsAutoConfiguration$JvmMeterBindersConfiguration'
2020-03-14 21:57:24.415 [main] DEBUG o.s.b.f.s.DefaultListableBeanFactory - Returning cached instance of singleton bean 'jvmGcMetrics'
2020-03-14 21:57:24.415 [main] DEBUG o.s.b.f.s.DefaultListableBeanFactory - Returning cached instance of singleton bean 'jvmMemoryMetrics'
2020-03-14 21:57:24.415 [main] DEBUG o.s.b.f.s.DefaultListableBeanFactory - Returning cached instance of singleton bean 'jvmThreadMetrics'
2020-03-14 21:57:24.415 [main] DEBUG o.s.b.f.s.DefaultListableBeanFactory - Returning cached instance of singleton bean 'classLoaderMetrics'
2020-03-14 21:57:24.415 [main] DEBUG o.s.b.f.s.DefaultListableBeanFactory - Returning cached instance of singleton bean 'org.springframework.boot.actuate.autoconfigure.metrics.MetricsAutoConfiguration'
2020-03-14 21:57:24.416 [main] DEBUG o.s.b.f.s.DefaultListableBeanFactory - Returning cached instance of singleton bean 'micrometerClock'
2020-03-14 21:57:24.416 [main] DEBUG o.s.b.f.s.DefaultListableBeanFactory - Returning cached instance of singleton bean 'meterRegistryPostProcessor'
2020-03-14 21:57:24.416 [main] DEBUG o.s.b.f.s.DefaultListableBeanFactory - Returning cached instance of singleton bean 'propertiesMeterFilter'
2020-03-14 21:57:24.416 [main] DEBUG o.s.b.f.s.DefaultListableBeanFactory - Returning cached instance of singleton bean 'management.metrics-org.springframework.boot.actuate.autoconfigure.metrics.MetricsProperties'
2020-03-14 21:57:24.416 [main] DEBUG o.s.b.f.s.DefaultListableBeanFactory - Returning cached instance of singleton bean 'org.springframework.boot.actuate.autoconfigure.metrics.export.simple.SimpleMetricsExportAutoConfiguration'
2020-03-14 21:57:24.416 [main] DEBUG o.s.b.f.s.DefaultListableBeanFactory - Returning cached instance of singleton bean 'simpleMeterRegistry'
2020-03-14 21:57:24.416 [main] DEBUG o.s.b.f.s.DefaultListableBeanFactory - Returning cached instance of singleton bean 'simpleConfig'
2020-03-14 21:57:24.416 [main] DEBUG o.s.b.f.s.DefaultListableBeanFactory - Returning cached instance of singleton bean 'management.metrics.export.simple-org.springframework.boot.actuate.autoconfigure.metrics.export.simple.SimpleProperties'
2020-03-14 21:57:24.416 [main] DEBUG o.s.b.f.s.DefaultListableBeanFactory - Creating shared instance of singleton bean 'org.springframework.boot.actuate.autoconfigure.metrics.CompositeMeterRegistryAutoConfiguration'
2020-03-14 21:57:24.416 [main] DEBUG o.s.b.f.s.DefaultListableBeanFactory - Creating instance of bean 'org.springframework.boot.actuate.autoconfigure.metrics.CompositeMeterRegistryAutoConfiguration'
2020-03-14 21:57:24.416 [main] DEBUG o.s.b.f.s.DefaultListableBeanFactory - Returning cached instance of singleton bean 'metaDataSourceAdvisor'
2020-03-14 21:57:24.416 [main] DEBUG o.s.b.f.s.DefaultListableBeanFactory - Returning cached instance of singleton bean 'org.springframework.transaction.config.internalTransactionAdvisor'
2020-03-14 21:57:24.416 [main] DEBUG o.s.b.f.s.DefaultListableBeanFactory - Eagerly caching bean 'org.springframework.boot.actuate.autoconfigure.metrics.CompositeMeterRegistryAutoConfiguration' to allow for resolving potential circular references
2020-03-14 21:57:24.424 [main] DEBUG o.s.b.f.s.DefaultListableBeanFactory - Returning cached instance of singleton bean 'metaDataSourceAdvisor'
2020-03-14 21:57:24.424 [main] DEBUG o.s.b.f.s.DefaultListableBeanFactory - Returning cached instance of singleton bean 'org.springframework.transaction.config.internalTransactionAdvisor'
2020-03-14 21:57:24.427 [main] DEBUG o.s.b.f.s.DefaultListableBeanFactory - Returning cached instance of singleton bean 'metaDataSourceAdvisor'
2020-03-14 21:57:24.427 [main] DEBUG o.s.b.f.s.DefaultListableBeanFactory - Returning cached instance of singleton bean 'org.springframework.transaction.config.internalTransactionAdvisor'
2020-03-14 21:57:24.428 [main] DEBUG o.s.b.f.s.DefaultListableBeanFactory - Finished creating instance of bean 'org.springframework.boot.actuate.autoconfigure.metrics.CompositeMeterRegistryAutoConfiguration'
2020-03-14 21:57:24.428 [main] DEBUG o.s.b.f.s.DefaultListableBeanFactory - Returning cached instance of singleton bean 'org.springframework.boot.actuate.autoconfigure.metrics.MetricsEndpointAutoConfiguration'
2020-03-14 21:57:24.428 [main] DEBUG o.s.b.f.s.DefaultListableBeanFactory - Returning cached instance of singleton bean 'metricsEndpoint'
2020-03-14 21:57:24.428 [main] DEBUG o.s.b.f.s.DefaultListableBeanFactory - Creating shared instance of singleton bean 'org.springframework.boot.actuate.autoconfigure.metrics.jdbc.DataSourcePoolMetricsAutoConfiguration$HikariDataSourceMetricsConfiguration'
2020-03-14 21:57:24.428 [main] DEBUG o.s.b.f.s.DefaultListableBeanFactory - Creating instance of bean 'org.springframework.boot.actuate.autoconfigure.metrics.jdbc.DataSourcePoolMetricsAutoConfiguration$HikariDataSourceMetricsConfiguration'
2020-03-14 21:57:24.428 [main] DEBUG o.s.b.f.s.DefaultListableBeanFactory - Returning cached instance of singleton bean 'metaDataSourceAdvisor'
2020-03-14 21:57:24.428 [main] DEBUG o.s.b.f.s.DefaultListableBeanFactory - Returning cached instance of singleton bean 'org.springframework.transaction.config.internalTransactionAdvisor'
2020-03-14 21:57:24.429 [main] DEBUG o.s.b.f.s.DefaultListableBeanFactory - Eagerly caching bean 'org.springframework.boot.actuate.autoconfigure.metrics.jdbc.DataSourcePoolMetricsAutoConfiguration$HikariDataSourceMetricsConfiguration' to allow for resolving potential circular references
2020-03-14 21:57:24.497 [main] DEBUG o.s.b.f.s.DefaultListableBeanFactory - Returning cached instance of singleton bean 'metaDataSourceAdvisor'
2020-03-14 21:57:24.498 [main] DEBUG o.s.b.f.s.DefaultListableBeanFactory - Returning cached instance of singleton bean 'org.springframework.transaction.config.internalTransactionAdvisor'
2020-03-14 21:57:24.498 [main] DEBUG o.s.b.f.s.DefaultListableBeanFactory - Returning cached instance of singleton bean 'metaDataSourceAdvisor'
2020-03-14 21:57:24.498 [main] DEBUG o.s.b.f.s.DefaultListableBeanFactory - Returning cached instance of singleton bean 'org.springframework.transaction.config.internalTransactionAdvisor'
2020-03-14 21:57:24.500 [main] DEBUG o.s.b.f.s.DefaultListableBeanFactory - Finished creating instance of bean 'org.springframework.boot.actuate.autoconfigure.metrics.jdbc.DataSourcePoolMetricsAutoConfiguration$HikariDataSourceMetricsConfiguration'
2020-03-14 21:57:24.500 [main] DEBUG o.s.b.f.s.DefaultListableBeanFactory - Returning cached instance of singleton bean 'hikariDataSourceMetricsPostProcessor'
2020-03-14 21:57:24.500 [main] DEBUG o.s.b.f.s.DefaultListableBeanFactory - Creating shared instance of singleton bean 'org.springframework.boot.actuate.autoconfigure.metrics.jdbc.DataSourcePoolMetricsAutoConfiguration'
2020-03-14 21:57:24.500 [main] DEBUG o.s.b.f.s.DefaultListableBeanFactory - Creating instance of bean 'org.springframework.boot.actuate.autoconfigure.metrics.jdbc.DataSourcePoolMetricsAutoConfiguration'
2020-03-14 21:57:24.501 [main] DEBUG o.s.b.f.s.DefaultListableBeanFactory - Returning cached instance of singleton bean 'metaDataSourceAdvisor'
2020-03-14 21:57:24.501 [main] DEBUG o.s.b.f.s.DefaultListableBeanFactory - Returning cached instance of singleton bean 'org.springframework.transaction.config.internalTransactionAdvisor'
2020-03-14 21:57:24.503 [main] DEBUG o.s.c.LocalVariableTableParameterNameDiscoverer - Cannot find '.class' file for class [class org.springframework.boot.actuate.autoconfigure.metrics.jdbc.DataSourcePoolMetricsAutoConfiguration$$EnhancerBySpringCGLIB$$b623b640] - unable to determine constructor/method parameter names
2020-03-14 21:57:24.505 [main] DEBUG o.s.b.f.s.DefaultListableBeanFactory - Returning cached instance of singleton bean 'simpleMeterRegistry'
2020-03-14 21:57:24.506 [main] DEBUG o.s.b.f.s.DefaultListableBeanFactory - Returning cached instance of singleton bean 'hikariPoolDataSourceMetadataProvider'
2020-03-14 21:57:24.508 [main] DEBUG o.s.b.f.s.DefaultListableBeanFactory - Autowiring by type from bean name 'org.springframework.boot.actuate.autoconfigure.metrics.jdbc.DataSourcePoolMetricsAutoConfiguration' via constructor to bean named 'simpleMeterRegistry'
2020-03-14 21:57:24.508 [main] DEBUG o.s.b.f.s.DefaultListableBeanFactory - Autowiring by type from bean name 'org.springframework.boot.actuate.autoconfigure.metrics.jdbc.DataSourcePoolMetricsAutoConfiguration' via constructor to bean named 'hikariPoolDataSourceMetadataProvider'
2020-03-14 21:57:24.526 [main] DEBUG o.s.b.f.annotation.InjectionMetadata - Registered injected element on class [org.springframework.boot.actuate.autoconfigure.metrics.jdbc.DataSourcePoolMetricsAutoConfiguration$$EnhancerBySpringCGLIB$$b623b640]: AutowiredMethodElement for public void org.springframework.boot.actuate.autoconfigure.metrics.jdbc.DataSourcePoolMetricsAutoConfiguration.bindDataSourcesToRegistry(java.util.Map)
2020-03-14 21:57:24.526 [main] DEBUG o.s.b.f.s.DefaultListableBeanFactory - Eagerly caching bean 'org.springframework.boot.actuate.autoconfigure.metrics.jdbc.DataSourcePoolMetricsAutoConfiguration' to allow for resolving potential circular references
2020-03-14 21:57:24.526 [main] DEBUG o.s.b.f.annotation.InjectionMetadata - Processing injected element of bean 'org.springframework.boot.actuate.autoconfigure.metrics.jdbc.DataSourcePoolMetricsAutoConfiguration': AutowiredMethodElement for public void org.springframework.boot.actuate.autoconfigure.metrics.jdbc.DataSourcePoolMetricsAutoConfiguration.bindDataSourcesToRegistry(java.util.Map)
2020-03-14 21:57:24.527 [main] DEBUG o.s.b.f.s.DefaultListableBeanFactory - Returning cached instance of singleton bean 'dataSource'
2020-03-14 21:57:24.527 [main] DEBUG o.s.b.f.a.AutowiredAnnotationBeanPostProcessor - Autowiring by type from bean name 'org.springframework.boot.actuate.autoconfigure.metrics.jdbc.DataSourcePoolMetricsAutoConfiguration' to bean named 'dataSource'
2020-03-14 21:57:24.532 [main] DEBUG o.s.b.f.s.DefaultListableBeanFactory - Returning cached instance of singleton bean 'metaDataSourceAdvisor'
2020-03-14 21:57:24.532 [main] DEBUG o.s.b.f.s.DefaultListableBeanFactory - Returning cached instance of singleton bean 'org.springframework.transaction.config.internalTransactionAdvisor'
2020-03-14 21:57:24.533 [main] DEBUG o.s.b.f.s.DefaultListableBeanFactory - Returning cached instance of singleton bean 'metaDataSourceAdvisor'
2020-03-14 21:57:24.534 [main] DEBUG o.s.b.f.s.DefaultListableBeanFactory - Returning cached instance of singleton bean 'org.springframework.transaction.config.internalTransactionAdvisor'
2020-03-14 21:57:24.535 [main] DEBUG o.s.b.f.s.DefaultListableBeanFactory - Finished creating instance of bean 'org.springframework.boot.actuate.autoconfigure.metrics.jdbc.DataSourcePoolMetricsAutoConfiguration'
2020-03-14 21:57:24.535 [main] DEBUG o.s.b.f.s.DefaultListableBeanFactory - Returning cached instance of singleton bean 'org.springframework.boot.autoconfigure.jackson.JacksonAutoConfiguration$Jackson2ObjectMapperBuilderCustomizerConfiguration'
2020-03-14 21:57:24.535 [main] DEBUG o.s.b.f.s.DefaultListableBeanFactory - Returning cached instance of singleton bean 'standardJacksonObjectMapperBuilderCustomizer'
2020-03-14 21:57:24.535 [main] DEBUG o.s.b.f.s.DefaultListableBeanFactory - Returning cached instance of singleton bean 'spring.jackson-org.springframework.boot.autoconfigure.jackson.JacksonProperties'
2020-03-14 21:57:24.535 [main] DEBUG o.s.b.f.s.DefaultListableBeanFactory - Returning cached instance of singleton bean 'org.springframework.boot.autoconfigure.jackson.JacksonAutoConfiguration$JacksonObjectMapperBuilderConfiguration'
2020-03-14 21:57:24.535 [main] DEBUG o.s.b.f.s.DefaultListableBeanFactory - Returning cached instance of singleton bean 'jacksonObjectMapperBuilder'
2020-03-14 21:57:24.535 [main] DEBUG o.s.b.f.s.DefaultListableBeanFactory - Returning cached instance of singleton bean 'org.springframework.boot.autoconfigure.jackson.JacksonAutoConfiguration$ParameterNamesModuleConfiguration'
2020-03-14 21:57:24.535 [main] DEBUG o.s.b.f.s.DefaultListableBeanFactory - Returning cached instance of singleton bean 'parameterNamesModule'
2020-03-14 21:57:24.535 [main] DEBUG o.s.b.f.s.DefaultListableBeanFactory - Returning cached instance of singleton bean 'org.springframework.boot.autoconfigure.jackson.JacksonAutoConfiguration$JacksonObjectMapperConfiguration'
2020-03-14 21:57:24.535 [main] DEBUG o.s.b.f.s.DefaultListableBeanFactory - Returning cached instance of singleton bean 'jacksonObjectMapper'
2020-03-14 21:57:24.535 [main] DEBUG o.s.b.f.s.DefaultListableBeanFactory - Returning cached instance of singleton bean 'org.springframework.boot.autoconfigure.jackson.JacksonAutoConfiguration'
2020-03-14 21:57:24.535 [main] DEBUG o.s.b.f.s.DefaultListableBeanFactory - Returning cached instance of singleton bean 'jsonComponentModule'
2020-03-14 21:57:24.535 [main] DEBUG o.s.b.f.s.DefaultListableBeanFactory - Returning cached instance of singleton bean 'org.springframework.boot.autoconfigure.http.HttpMessageConvertersAutoConfiguration$StringHttpMessageConverterConfiguration'
2020-03-14 21:57:24.535 [main] DEBUG o.s.b.f.s.DefaultListableBeanFactory - Returning cached instance of singleton bean 'stringHttpMessageConverter'
2020-03-14 21:57:24.536 [main] DEBUG o.s.b.f.s.DefaultListableBeanFactory - Returning cached instance of singleton bean 'spring.http.encoding-org.springframework.boot.autoconfigure.http.HttpEncodingProperties'
2020-03-14 21:57:24.536 [main] DEBUG o.s.b.f.s.DefaultListableBeanFactory - Returning cached instance of singleton bean 'org.springframework.boot.autoconfigure.http.JacksonHttpMessageConvertersConfiguration$MappingJackson2HttpMessageConverterConfiguration'
2020-03-14 21:57:24.536 [main] DEBUG o.s.b.f.s.DefaultListableBeanFactory - Returning cached instance of singleton bean 'mappingJackson2HttpMessageConverter'
2020-03-14 21:57:24.536 [main] DEBUG o.s.b.f.s.DefaultListableBeanFactory - Creating shared instance of singleton bean 'org.springframework.boot.autoconfigure.http.JacksonHttpMessageConvertersConfiguration'
2020-03-14 21:57:24.536 [main] DEBUG o.s.b.f.s.DefaultListableBeanFactory - Creating instance of bean 'org.springframework.boot.autoconfigure.http.JacksonHttpMessageConvertersConfiguration'
2020-03-14 21:57:24.536 [main] DEBUG o.s.b.f.s.DefaultListableBeanFactory - Returning cached instance of singleton bean 'metaDataSourceAdvisor'
2020-03-14 21:57:24.536 [main] DEBUG o.s.b.f.s.DefaultListableBeanFactory - Returning cached instance of singleton bean 'org.springframework.transaction.config.internalTransactionAdvisor'
2020-03-14 21:57:24.536 [main] DEBUG o.s.b.f.s.DefaultListableBeanFactory - Eagerly caching bean 'org.springframework.boot.autoconfigure.http.JacksonHttpMessageConvertersConfiguration' to allow for resolving potential circular references
2020-03-14 21:57:24.542 [main] DEBUG o.s.b.f.s.DefaultListableBeanFactory - Returning cached instance of singleton bean 'metaDataSourceAdvisor'
2020-03-14 21:57:24.543 [main] DEBUG o.s.b.f.s.DefaultListableBeanFactory - Returning cached instance of singleton bean 'org.springframework.transaction.config.internalTransactionAdvisor'
2020-03-14 21:57:24.543 [main] DEBUG o.s.b.f.s.DefaultListableBeanFactory - Returning cached instance of singleton bean 'metaDataSourceAdvisor'
2020-03-14 21:57:24.543 [main] DEBUG o.s.b.f.s.DefaultListableBeanFactory - Returning cached instance of singleton bean 'org.springframework.transaction.config.internalTransactionAdvisor'
2020-03-14 21:57:24.544 [main] DEBUG o.s.b.f.s.DefaultListableBeanFactory - Finished creating instance of bean 'org.springframework.boot.autoconfigure.http.JacksonHttpMessageConvertersConfiguration'
2020-03-14 21:57:24.544 [main] DEBUG o.s.b.f.s.DefaultListableBeanFactory - Creating shared instance of singleton bean 'org.springframework.boot.autoconfigure.http.GsonHttpMessageConvertersConfiguration'
2020-03-14 21:57:24.544 [main] DEBUG o.s.b.f.s.DefaultListableBeanFactory - Creating instance of bean 'org.springframework.boot.autoconfigure.http.GsonHttpMessageConvertersConfiguration'
2020-03-14 21:57:24.544 [main] DEBUG o.s.b.f.s.DefaultListableBeanFactory - Returning cached instance of singleton bean 'metaDataSourceAdvisor'
2020-03-14 21:57:24.544 [main] DEBUG o.s.b.f.s.DefaultListableBeanFactory - Returning cached instance of singleton bean 'org.springframework.transaction.config.internalTransactionAdvisor'
2020-03-14 21:57:24.545 [main] DEBUG o.s.b.f.s.DefaultListableBeanFactory - Eagerly caching bean 'org.springframework.boot.autoconfigure.http.GsonHttpMessageConvertersConfiguration' to allow for resolving potential circular references
2020-03-14 21:57:24.548 [main] DEBUG o.s.b.f.s.DefaultListableBeanFactory - Returning cached instance of singleton bean 'metaDataSourceAdvisor'
2020-03-14 21:57:24.548 [main] DEBUG o.s.b.f.s.DefaultListableBeanFactory - Returning cached instance of singleton bean 'org.springframework.transaction.config.internalTransactionAdvisor'
2020-03-14 21:57:24.548 [main] DEBUG o.s.b.f.s.DefaultListableBeanFactory - Returning cached instance of singleton bean 'metaDataSourceAdvisor'
2020-03-14 21:57:24.548 [main] DEBUG o.s.b.f.s.DefaultListableBeanFactory - Returning cached instance of singleton bean 'org.springframework.transaction.config.internalTransactionAdvisor'
2020-03-14 21:57:24.549 [main] DEBUG o.s.b.f.s.DefaultListableBeanFactory - Finished creating instance of bean 'org.springframework.boot.autoconfigure.http.GsonHttpMessageConvertersConfiguration'
2020-03-14 21:57:24.549 [main] DEBUG o.s.b.f.s.DefaultListableBeanFactory - Returning cached instance of singleton bean 'org.springframework.boot.autoconfigure.http.HttpMessageConvertersAutoConfiguration'
2020-03-14 21:57:24.549 [main] DEBUG o.s.b.f.s.DefaultListableBeanFactory - Returning cached instance of singleton bean 'messageConverters'
2020-03-14 21:57:24.549 [main] DEBUG o.s.b.f.s.DefaultListableBeanFactory - Creating shared instance of singleton bean 'org.springframework.boot.autoconfigure.web.client.RestTemplateAutoConfiguration'
2020-03-14 21:57:24.549 [main] DEBUG o.s.b.f.s.DefaultListableBeanFactory - Creating instance of bean 'org.springframework.boot.autoconfigure.web.client.RestTemplateAutoConfiguration'
2020-03-14 21:57:24.549 [main] DEBUG o.s.b.f.s.DefaultListableBeanFactory - Returning cached instance of singleton bean 'metaDataSourceAdvisor'
2020-03-14 21:57:24.549 [main] DEBUG o.s.b.f.s.DefaultListableBeanFactory - Returning cached instance of singleton bean 'org.springframework.transaction.config.internalTransactionAdvisor'
2020-03-14 21:57:24.550 [main] DEBUG o.s.c.LocalVariableTableParameterNameDiscoverer - Cannot find '.class' file for class [class org.springframework.boot.autoconfigure.web.client.RestTemplateAutoConfiguration$$EnhancerBySpringCGLIB$$3c604dba] - unable to determine constructor/method parameter names
2020-03-14 21:57:24.550 [main] DEBUG o.s.b.f.s.DefaultListableBeanFactory - Eagerly caching bean 'org.springframework.boot.autoconfigure.web.client.RestTemplateAutoConfiguration' to allow for resolving potential circular references
2020-03-14 21:57:24.554 [main] DEBUG o.s.b.f.s.DefaultListableBeanFactory - Returning cached instance of singleton bean 'metaDataSourceAdvisor'
2020-03-14 21:57:24.554 [main] DEBUG o.s.b.f.s.DefaultListableBeanFactory - Returning cached instance of singleton bean 'org.springframework.transaction.config.internalTransactionAdvisor'
2020-03-14 21:57:24.554 [main] DEBUG o.s.b.f.s.DefaultListableBeanFactory - Returning cached instance of singleton bean 'metaDataSourceAdvisor'
2020-03-14 21:57:24.554 [main] DEBUG o.s.b.f.s.DefaultListableBeanFactory - Returning cached instance of singleton bean 'org.springframework.transaction.config.internalTransactionAdvisor'
2020-03-14 21:57:24.554 [main] DEBUG o.s.b.f.s.DefaultListableBeanFactory - Finished creating instance of bean 'org.springframework.boot.autoconfigure.web.client.RestTemplateAutoConfiguration'
2020-03-14 21:57:24.554 [main] DEBUG o.s.b.f.s.DefaultListableBeanFactory - Creating shared instance of singleton bean 'restTemplateBuilder'
2020-03-14 21:57:24.554 [main] DEBUG o.s.b.f.s.DefaultListableBeanFactory - Creating instance of bean 'restTemplateBuilder'
2020-03-14 21:57:24.554 [main] DEBUG o.s.b.f.s.DefaultListableBeanFactory - Returning cached instance of singleton bean 'metaDataSourceAdvisor'
2020-03-14 21:57:24.554 [main] DEBUG o.s.b.f.s.DefaultListableBeanFactory - Returning cached instance of singleton bean 'org.springframework.transaction.config.internalTransactionAdvisor'
2020-03-14 21:57:24.554 [main] DEBUG o.s.b.f.s.DefaultListableBeanFactory - Returning cached instance of singleton bean 'org.springframework.boot.autoconfigure.web.client.RestTemplateAutoConfiguration'
2020-03-14 21:57:24.560 [main] DEBUG o.s.b.f.s.DefaultListableBeanFactory - Returning cached instance of singleton bean 'messageConverters'
2020-03-14 21:57:24.564 [main] DEBUG o.s.b.f.s.DefaultListableBeanFactory - Creating shared instance of singleton bean 'metricsRestTemplateCustomizer'
2020-03-14 21:57:24.564 [main] DEBUG o.s.b.f.s.DefaultListableBeanFactory - Creating instance of bean 'metricsRestTemplateCustomizer'
2020-03-14 21:57:24.564 [main] DEBUG o.s.b.f.s.DefaultListableBeanFactory - Returning cached instance of singleton bean 'metaDataSourceAdvisor'
2020-03-14 21:57:24.564 [main] DEBUG o.s.b.f.s.DefaultListableBeanFactory - Returning cached instance of singleton bean 'org.springframework.transaction.config.internalTransactionAdvisor'
2020-03-14 21:57:24.564 [main] DEBUG o.s.b.f.s.DefaultListableBeanFactory - Returning cached instance of singleton bean 'org.springframework.boot.actuate.autoconfigure.metrics.web.client.RestTemplateMetricsAutoConfiguration'
2020-03-14 21:57:24.567 [main] DEBUG o.s.b.f.s.DefaultListableBeanFactory - Returning cached instance of singleton bean 'simpleMeterRegistry'
2020-03-14 21:57:24.575 [main] DEBUG o.s.b.f.s.DefaultListableBeanFactory - Creating shared instance of singleton bean 'restTemplateTagConfigurer'
2020-03-14 21:57:24.575 [main] DEBUG o.s.b.f.s.DefaultListableBeanFactory - Creating instance of bean 'restTemplateTagConfigurer'
2020-03-14 21:57:24.575 [main] DEBUG o.s.b.f.s.DefaultListableBeanFactory - Returning cached instance of singleton bean 'metaDataSourceAdvisor'
2020-03-14 21:57:24.575 [main] DEBUG o.s.b.f.s.DefaultListableBeanFactory - Returning cached instance of singleton bean 'org.springframework.transaction.config.internalTransactionAdvisor'
2020-03-14 21:57:24.575 [main] DEBUG o.s.b.f.s.DefaultListableBeanFactory - Returning cached instance of singleton bean 'org.springframework.boot.actuate.autoconfigure.metrics.web.client.RestTemplateMetricsAutoConfiguration'
2020-03-14 21:57:24.577 [main] DEBUG o.s.b.f.s.DefaultListableBeanFactory - Eagerly caching bean 'restTemplateTagConfigurer' to allow for resolving potential circular references
2020-03-14 21:57:24.588 [main] DEBUG o.s.b.f.s.DefaultListableBeanFactory - Returning cached instance of singleton bean 'metaDataSourceAdvisor'
2020-03-14 21:57:24.589 [main] DEBUG o.s.b.f.s.DefaultListableBeanFactory - Returning cached instance of singleton bean 'org.springframework.transaction.config.internalTransactionAdvisor'
2020-03-14 21:57:24.589 [main] DEBUG o.s.b.f.s.DefaultListableBeanFactory - Returning cached instance of singleton bean 'metaDataSourceAdvisor'
2020-03-14 21:57:24.589 [main] DEBUG o.s.b.f.s.DefaultListableBeanFactory - Returning cached instance of singleton bean 'org.springframework.transaction.config.internalTransactionAdvisor'
2020-03-14 21:57:24.589 [main] DEBUG o.s.b.f.s.DefaultListableBeanFactory - Finished creating instance of bean 'restTemplateTagConfigurer'
2020-03-14 21:57:24.589 [main] DEBUG o.s.b.f.s.DefaultListableBeanFactory - Returning cached instance of singleton bean 'management.metrics-org.springframework.boot.actuate.autoconfigure.metrics.MetricsProperties'
2020-03-14 21:57:24.589 [main] DEBUG o.s.b.f.s.DefaultListableBeanFactory - Autowiring by type from bean name 'metricsRestTemplateCustomizer' via factory method to bean named 'simpleMeterRegistry'
2020-03-14 21:57:24.589 [main] DEBUG o.s.b.f.s.DefaultListableBeanFactory - Autowiring by type from bean name 'metricsRestTemplateCustomizer' via factory method to bean named 'restTemplateTagConfigurer'
2020-03-14 21:57:24.590 [main] DEBUG o.s.b.f.s.DefaultListableBeanFactory - Autowiring by type from bean name 'metricsRestTemplateCustomizer' via factory method to bean named 'management.metrics-org.springframework.boot.actuate.autoconfigure.metrics.MetricsProperties'
2020-03-14 21:57:24.593 [main] DEBUG o.s.b.f.s.DefaultListableBeanFactory - Eagerly caching bean 'metricsRestTemplateCustomizer' to allow for resolving potential circular references
2020-03-14 21:57:24.599 [main] DEBUG o.s.b.f.s.DefaultListableBeanFactory - Returning cached instance of singleton bean 'metaDataSourceAdvisor'
2020-03-14 21:57:24.600 [main] DEBUG o.s.b.f.s.DefaultListableBeanFactory - Returning cached instance of singleton bean 'org.springframework.transaction.config.internalTransactionAdvisor'
2020-03-14 21:57:24.600 [main] DEBUG o.s.b.f.s.DefaultListableBeanFactory - Returning cached instance of singleton bean 'metaDataSourceAdvisor'
2020-03-14 21:57:24.600 [main] DEBUG o.s.b.f.s.DefaultListableBeanFactory - Returning cached instance of singleton bean 'org.springframework.transaction.config.internalTransactionAdvisor'
2020-03-14 21:57:24.600 [main] DEBUG o.s.b.f.s.DefaultListableBeanFactory - Finished creating instance of bean 'metricsRestTemplateCustomizer'
2020-03-14 21:57:24.602 [main] DEBUG o.s.b.f.s.DefaultListableBeanFactory - Eagerly caching bean 'restTemplateBuilder' to allow for resolving potential circular references
2020-03-14 21:57:24.615 [main] DEBUG o.s.b.f.s.DefaultListableBeanFactory - Returning cached instance of singleton bean 'metaDataSourceAdvisor'
2020-03-14 21:57:24.615 [main] DEBUG o.s.b.f.s.DefaultListableBeanFactory - Returning cached instance of singleton bean 'org.springframework.transaction.config.internalTransactionAdvisor'
2020-03-14 21:57:24.615 [main] DEBUG o.s.b.f.s.DefaultListableBeanFactory - Returning cached instance of singleton bean 'metaDataSourceAdvisor'
2020-03-14 21:57:24.616 [main] DEBUG o.s.b.f.s.DefaultListableBeanFactory - Returning cached instance of singleton bean 'org.springframework.transaction.config.internalTransactionAdvisor'
2020-03-14 21:57:24.617 [main] DEBUG o.s.b.f.s.DefaultListableBeanFactory - Finished creating instance of bean 'restTemplateBuilder'
2020-03-14 21:57:24.617 [main] DEBUG o.s.b.f.s.DefaultListableBeanFactory - Returning cached instance of singleton bean 'org.springframework.boot.actuate.autoconfigure.metrics.web.client.RestTemplateMetricsAutoConfiguration'
2020-03-14 21:57:24.618 [main] DEBUG o.s.b.f.s.DefaultListableBeanFactory - Returning cached instance of singleton bean 'restTemplateTagConfigurer'
2020-03-14 21:57:24.618 [main] DEBUG o.s.b.f.s.DefaultListableBeanFactory - Returning cached instance of singleton bean 'metricsRestTemplateCustomizer'
2020-03-14 21:57:24.618 [main] DEBUG o.s.b.f.s.DefaultListableBeanFactory - Returning cached instance of singleton bean 'metricsWebClientUriTagFilter'
2020-03-14 21:57:24.618 [main] DEBUG o.s.b.f.s.DefaultListableBeanFactory - Creating shared instance of singleton bean 'org.springframework.boot.actuate.autoconfigure.metrics.web.servlet.WebMvcMetricsAutoConfiguration'
2020-03-14 21:57:24.618 [main] DEBUG o.s.b.f.s.DefaultListableBeanFactory - Creating instance of bean 'org.springframework.boot.actuate.autoconfigure.metrics.web.servlet.WebMvcMetricsAutoConfiguration'
2020-03-14 21:57:24.619 [main] DEBUG o.s.b.f.s.DefaultListableBeanFactory - Returning cached instance of singleton bean 'metaDataSourceAdvisor'
2020-03-14 21:57:24.619 [main] DEBUG o.s.b.f.s.DefaultListableBeanFactory - Returning cached instance of singleton bean 'org.springframework.transaction.config.internalTransactionAdvisor'
2020-03-14 21:57:24.619 [main] DEBUG o.s.b.f.s.DefaultListableBeanFactory - Eagerly caching bean 'org.springframework.boot.actuate.autoconfigure.metrics.web.servlet.WebMvcMetricsAutoConfiguration' to allow for resolving potential circular references
2020-03-14 21:57:24.633 [main] DEBUG o.s.b.f.s.DefaultListableBeanFactory - Returning cached instance of singleton bean 'metaDataSourceAdvisor'
2020-03-14 21:57:24.634 [main] DEBUG o.s.b.f.s.DefaultListableBeanFactory - Returning cached instance of singleton bean 'org.springframework.transaction.config.internalTransactionAdvisor'
2020-03-14 21:57:24.634 [main] DEBUG o.s.b.f.s.DefaultListableBeanFactory - Returning cached instance of singleton bean 'metaDataSourceAdvisor'
2020-03-14 21:57:24.634 [main] DEBUG o.s.b.f.s.DefaultListableBeanFactory - Returning cached instance of singleton bean 'org.springframework.transaction.config.internalTransactionAdvisor'
2020-03-14 21:57:24.637 [main] DEBUG o.s.b.f.s.DefaultListableBeanFactory - Finished creating instance of bean 'org.springframework.boot.actuate.autoconfigure.metrics.web.servlet.WebMvcMetricsAutoConfiguration'
2020-03-14 21:57:24.638 [main] DEBUG o.s.b.f.s.DefaultListableBeanFactory - Creating shared instance of singleton bean 'webMvcTagsProvider'
2020-03-14 21:57:24.638 [main] DEBUG o.s.b.f.s.DefaultListableBeanFactory - Creating instance of bean 'webMvcTagsProvider'
2020-03-14 21:57:24.639 [main] DEBUG o.s.b.f.s.DefaultListableBeanFactory - Returning cached instance of singleton bean 'metaDataSourceAdvisor'
2020-03-14 21:57:24.639 [main] DEBUG o.s.b.f.s.DefaultListableBeanFactory - Returning cached instance of singleton bean 'org.springframework.transaction.config.internalTransactionAdvisor'
2020-03-14 21:57:24.639 [main] DEBUG o.s.b.f.s.DefaultListableBeanFactory - Returning cached instance of singleton bean 'org.springframework.boot.actuate.autoconfigure.metrics.web.servlet.WebMvcMetricsAutoConfiguration'
2020-03-14 21:57:24.664 [main] DEBUG o.s.b.f.s.DefaultListableBeanFactory - Eagerly caching bean 'webMvcTagsProvider' to allow for resolving potential circular references
2020-03-14 21:57:24.671 [main] DEBUG o.s.b.f.s.DefaultListableBeanFactory - Returning cached instance of singleton bean 'metaDataSourceAdvisor'
2020-03-14 21:57:24.671 [main] DEBUG o.s.b.f.s.DefaultListableBeanFactory - Returning cached instance of singleton bean 'org.springframework.transaction.config.internalTransactionAdvisor'
2020-03-14 21:57:24.671 [main] DEBUG o.s.b.f.s.DefaultListableBeanFactory - Returning cached instance of singleton bean 'metaDataSourceAdvisor'
2020-03-14 21:57:24.671 [main] DEBUG o.s.b.f.s.DefaultListableBeanFactory - Returning cached instance of singleton bean 'org.springframework.transaction.config.internalTransactionAdvisor'
2020-03-14 21:57:24.672 [main] DEBUG o.s.b.f.s.DefaultListableBeanFactory - Finished creating instance of bean 'webMvcTagsProvider'
2020-03-14 21:57:24.672 [main] DEBUG o.s.b.f.s.DefaultListableBeanFactory - Creating shared instance of singleton bean 'webMvcMetricsFilter'
2020-03-14 21:57:24.672 [main] DEBUG o.s.b.f.s.DefaultListableBeanFactory - Creating instance of bean 'webMvcMetricsFilter'
2020-03-14 21:57:24.672 [main] DEBUG o.s.b.f.s.DefaultListableBeanFactory - Returning cached instance of singleton bean 'metaDataSourceAdvisor'
2020-03-14 21:57:24.672 [main] DEBUG o.s.b.f.s.DefaultListableBeanFactory - Returning cached instance of singleton bean 'org.springframework.transaction.config.internalTransactionAdvisor'
2020-03-14 21:57:24.673 [main] DEBUG o.s.b.f.s.DefaultListableBeanFactory - Returning cached instance of singleton bean 'org.springframework.boot.actuate.autoconfigure.metrics.web.servlet.WebMvcMetricsAutoConfiguration'
2020-03-14 21:57:24.674 [main] DEBUG o.s.b.f.s.DefaultListableBeanFactory - Returning cached instance of singleton bean 'simpleMeterRegistry'
2020-03-14 21:57:24.689 [main] DEBUG o.s.b.f.s.DefaultListableBeanFactory - Returning cached instance of singleton bean 'management.metrics-org.springframework.boot.actuate.autoconfigure.metrics.MetricsProperties'
2020-03-14 21:57:24.696 [main] DEBUG o.s.b.f.s.DefaultListableBeanFactory - Returning cached instance of singleton bean 'webMvcTagsProvider'
2020-03-14 21:57:24.704 [main] DEBUG o.s.b.f.s.DefaultListableBeanFactory - Autowiring by type from bean name 'webMvcMetricsFilter' via factory method to bean named 'simpleMeterRegistry'
2020-03-14 21:57:24.704 [main] DEBUG o.s.b.f.s.DefaultListableBeanFactory - Autowiring by type from bean name 'webMvcMetricsFilter' via factory method to bean named 'management.metrics-org.springframework.boot.actuate.autoconfigure.metrics.MetricsProperties'
2020-03-14 21:57:24.704 [main] DEBUG o.s.b.f.s.DefaultListableBeanFactory - Autowiring by type from bean name 'webMvcMetricsFilter' via factory method to bean named 'webMvcTagsProvider'
2020-03-14 21:57:24.704 [main] DEBUG o.s.b.f.s.DefaultListableBeanFactory - Autowiring by type from bean name 'webMvcMetricsFilter' via factory method to bean named 'org.springframework.web.context.support.GenericWebApplicationContext@1ee4730'
2020-03-14 21:57:24.724 [main] DEBUG o.s.b.f.s.DefaultListableBeanFactory - Eagerly caching bean 'webMvcMetricsFilter' to allow for resolving potential circular references
2020-03-14 21:57:24.725 [main] DEBUG o.s.b.f.s.DefaultListableBeanFactory - Returning cached instance of singleton bean 'metaDataSourceAdvisor'
2020-03-14 21:57:24.726 [main] DEBUG o.s.b.f.s.DefaultListableBeanFactory - Returning cached instance of singleton bean 'org.springframework.transaction.config.internalTransactionAdvisor'
2020-03-14 21:57:24.726 [main] DEBUG o.s.b.f.s.DefaultListableBeanFactory - Returning cached instance of singleton bean 'metaDataSourceAdvisor'
2020-03-14 21:57:24.726 [main] DEBUG o.s.b.f.s.DefaultListableBeanFactory - Returning cached instance of singleton bean 'org.springframework.transaction.config.internalTransactionAdvisor'
2020-03-14 21:57:24.726 [main] DEBUG o.s.b.f.s.DefaultListableBeanFactory - Finished creating instance of bean 'webMvcMetricsFilter'
2020-03-14 21:57:24.726 [main] DEBUG o.s.b.f.s.DefaultListableBeanFactory - Returning cached instance of singleton bean 'org.springframework.boot.actuate.autoconfigure.metrics.web.tomcat.TomcatMetricsAutoConfiguration'
2020-03-14 21:57:24.727 [main] DEBUG o.s.b.f.s.DefaultListableBeanFactory - Returning cached instance of singleton bean 'tomcatMetrics'
2020-03-14 21:57:24.727 [main] DEBUG o.s.b.f.s.DefaultListableBeanFactory - Returning cached instance of singleton bean 'contextCapturingServletTomcatCustomizer'
2020-03-14 21:57:24.727 [main] DEBUG o.s.b.f.s.DefaultListableBeanFactory - Returning cached instance of singleton bean 'org.springframework.boot.actuate.autoconfigure.scheduling.ScheduledTasksEndpointAutoConfiguration'
2020-03-14 21:57:24.729 [main] DEBUG o.s.b.f.s.DefaultListableBeanFactory - Returning cached instance of singleton bean 'scheduledTasksEndpoint'
2020-03-14 21:57:24.729 [main] DEBUG o.s.b.f.s.DefaultListableBeanFactory - Creating shared instance of singleton bean 'org.springframework.boot.actuate.autoconfigure.trace.http.HttpTraceAutoConfiguration$ServletTraceFilterConfiguration'
2020-03-14 21:57:24.729 [main] DEBUG o.s.b.f.s.DefaultListableBeanFactory - Creating instance of bean 'org.springframework.boot.actuate.autoconfigure.trace.http.HttpTraceAutoConfiguration$ServletTraceFilterConfiguration'
2020-03-14 21:57:24.729 [main] DEBUG o.s.b.f.s.DefaultListableBeanFactory - Returning cached instance of singleton bean 'metaDataSourceAdvisor'
2020-03-14 21:57:24.729 [main] DEBUG o.s.b.f.s.DefaultListableBeanFactory - Returning cached instance of singleton bean 'org.springframework.transaction.config.internalTransactionAdvisor'
2020-03-14 21:57:24.730 [main] DEBUG o.s.b.f.s.DefaultListableBeanFactory - Eagerly caching bean 'org.springframework.boot.actuate.autoconfigure.trace.http.HttpTraceAutoConfiguration$ServletTraceFilterConfiguration' to allow for resolving potential circular references
2020-03-14 21:57:24.736 [main] DEBUG o.s.b.f.s.DefaultListableBeanFactory - Returning cached instance of singleton bean 'metaDataSourceAdvisor'
2020-03-14 21:57:24.736 [main] DEBUG o.s.b.f.s.DefaultListableBeanFactory - Returning cached instance of singleton bean 'org.springframework.transaction.config.internalTransactionAdvisor'
2020-03-14 21:57:24.736 [main] DEBUG o.s.b.f.s.DefaultListableBeanFactory - Returning cached instance of singleton bean 'metaDataSourceAdvisor'
2020-03-14 21:57:24.736 [main] DEBUG o.s.b.f.s.DefaultListableBeanFactory - Returning cached instance of singleton bean 'org.springframework.transaction.config.internalTransactionAdvisor'
2020-03-14 21:57:24.737 [main] DEBUG o.s.b.f.s.DefaultListableBeanFactory - Finished creating instance of bean 'org.springframework.boot.actuate.autoconfigure.trace.http.HttpTraceAutoConfiguration$ServletTraceFilterConfiguration'
2020-03-14 21:57:24.738 [main] DEBUG o.s.b.f.s.DefaultListableBeanFactory - Creating shared instance of singleton bean 'httpTraceFilter'
2020-03-14 21:57:24.738 [main] DEBUG o.s.b.f.s.DefaultListableBeanFactory - Creating instance of bean 'httpTraceFilter'
2020-03-14 21:57:24.738 [main] DEBUG o.s.b.f.s.DefaultListableBeanFactory - Returning cached instance of singleton bean 'metaDataSourceAdvisor'
2020-03-14 21:57:24.742 [main] DEBUG o.s.b.f.s.DefaultListableBeanFactory - Returning cached instance of singleton bean 'org.springframework.transaction.config.internalTransactionAdvisor'
2020-03-14 21:57:24.743 [main] DEBUG o.s.b.f.s.DefaultListableBeanFactory - Returning cached instance of singleton bean 'org.springframework.boot.actuate.autoconfigure.trace.http.HttpTraceAutoConfiguration$ServletTraceFilterConfiguration'
2020-03-14 21:57:24.744 [main] DEBUG o.s.b.f.s.DefaultListableBeanFactory - Returning cached instance of singleton bean 'traceRepository'
2020-03-14 21:57:24.746 [main] DEBUG o.s.b.f.s.DefaultListableBeanFactory - Creating shared instance of singleton bean 'httpExchangeTracer'
2020-03-14 21:57:24.747 [main] DEBUG o.s.b.f.s.DefaultListableBeanFactory - Creating instance of bean 'httpExchangeTracer'
2020-03-14 21:57:24.747 [main] DEBUG o.s.b.f.s.DefaultListableBeanFactory - Returning cached instance of singleton bean 'metaDataSourceAdvisor'
2020-03-14 21:57:24.747 [main] DEBUG o.s.b.f.s.DefaultListableBeanFactory - Returning cached instance of singleton bean 'org.springframework.transaction.config.internalTransactionAdvisor'
2020-03-14 21:57:24.747 [main] DEBUG o.s.b.f.s.DefaultListableBeanFactory - Returning cached instance of singleton bean 'org.springframework.boot.actuate.autoconfigure.trace.http.HttpTraceAutoConfiguration'
2020-03-14 21:57:24.749 [main] DEBUG o.s.b.f.s.DefaultListableBeanFactory - Creating shared instance of singleton bean 'management.trace.http-org.springframework.boot.actuate.autoconfigure.trace.http.HttpTraceProperties'
2020-03-14 21:57:24.750 [main] DEBUG o.s.b.f.s.DefaultListableBeanFactory - Creating instance of bean 'management.trace.http-org.springframework.boot.actuate.autoconfigure.trace.http.HttpTraceProperties'
2020-03-14 21:57:24.750 [main] DEBUG o.s.b.f.s.DefaultListableBeanFactory - Returning cached instance of singleton bean 'metaDataSourceAdvisor'
2020-03-14 21:57:24.750 [main] DEBUG o.s.b.f.s.DefaultListableBeanFactory - Returning cached instance of singleton bean 'org.springframework.transaction.config.internalTransactionAdvisor'
2020-03-14 21:57:24.752 [main] DEBUG o.s.b.f.s.DefaultListableBeanFactory - Eagerly caching bean 'management.trace.http-org.springframework.boot.actuate.autoconfigure.trace.http.HttpTraceProperties' to allow for resolving potential circular references
2020-03-14 21:57:24.760 [main] DEBUG o.s.b.f.s.DefaultListableBeanFactory - Returning cached instance of singleton bean 'metaDataSourceAdvisor'
2020-03-14 21:57:24.760 [main] DEBUG o.s.b.f.s.DefaultListableBeanFactory - Returning cached instance of singleton bean 'org.springframework.transaction.config.internalTransactionAdvisor'
2020-03-14 21:57:24.760 [main] DEBUG o.s.b.f.s.DefaultListableBeanFactory - Returning cached instance of singleton bean 'metaDataSourceAdvisor'
2020-03-14 21:57:24.760 [main] DEBUG o.s.b.f.s.DefaultListableBeanFactory - Returning cached instance of singleton bean 'org.springframework.transaction.config.internalTransactionAdvisor'
2020-03-14 21:57:24.760 [main] DEBUG o.s.b.f.s.DefaultListableBeanFactory - Finished creating instance of bean 'management.trace.http-org.springframework.boot.actuate.autoconfigure.trace.http.HttpTraceProperties'
2020-03-14 21:57:24.760 [main] DEBUG o.s.b.f.s.DefaultListableBeanFactory - Autowiring by type from bean name 'httpExchangeTracer' via factory method to bean named 'management.trace.http-org.springframework.boot.actuate.autoconfigure.trace.http.HttpTraceProperties'
2020-03-14 21:57:24.762 [main] DEBUG o.s.b.f.s.DefaultListableBeanFactory - Eagerly caching bean 'httpExchangeTracer' to allow for resolving potential circular references
2020-03-14 21:57:24.768 [main] DEBUG o.s.b.f.s.DefaultListableBeanFactory - Returning cached instance of singleton bean 'metaDataSourceAdvisor'
2020-03-14 21:57:24.769 [main] DEBUG o.s.b.f.s.DefaultListableBeanFactory - Returning cached instance of singleton bean 'org.springframework.transaction.config.internalTransactionAdvisor'
2020-03-14 21:57:24.769 [main] DEBUG o.s.b.f.s.DefaultListableBeanFactory - Returning cached instance of singleton bean 'metaDataSourceAdvisor'
2020-03-14 21:57:24.770 [main] DEBUG o.s.b.f.s.DefaultListableBeanFactory - Returning cached instance of singleton bean 'org.springframework.transaction.config.internalTransactionAdvisor'
2020-03-14 21:57:24.773 [main] DEBUG o.s.b.f.s.DefaultListableBeanFactory - Finished creating instance of bean 'httpExchangeTracer'
2020-03-14 21:57:24.773 [main] DEBUG o.s.b.f.s.DefaultListableBeanFactory - Autowiring by type from bean name 'httpTraceFilter' via factory method to bean named 'traceRepository'
2020-03-14 21:57:24.773 [main] DEBUG o.s.b.f.s.DefaultListableBeanFactory - Autowiring by type from bean name 'httpTraceFilter' via factory method to bean named 'httpExchangeTracer'
2020-03-14 21:57:24.774 [main] DEBUG o.s.b.f.s.DefaultListableBeanFactory - Eagerly caching bean 'httpTraceFilter' to allow for resolving potential circular references
2020-03-14 21:57:24.804 [main] DEBUG o.s.b.f.s.DefaultListableBeanFactory - Invoking afterPropertiesSet() on bean with name 'httpTraceFilter'
2020-03-14 21:57:24.804 [main] DEBUG o.s.b.f.s.DefaultListableBeanFactory - Returning cached instance of singleton bean 'metaDataSourceAdvisor'
2020-03-14 21:57:24.804 [main] DEBUG o.s.b.f.s.DefaultListableBeanFactory - Returning cached instance of singleton bean 'org.springframework.transaction.config.internalTransactionAdvisor'
2020-03-14 21:57:24.804 [main] DEBUG o.s.b.f.s.DefaultListableBeanFactory - Returning cached instance of singleton bean 'metaDataSourceAdvisor'
2020-03-14 21:57:24.804 [main] DEBUG o.s.b.f.s.DefaultListableBeanFactory - Returning cached instance of singleton bean 'org.springframework.transaction.config.internalTransactionAdvisor'
2020-03-14 21:57:24.807 [main] DEBUG o.s.b.f.s.DefaultListableBeanFactory - Finished creating instance of bean 'httpTraceFilter'
2020-03-14 21:57:24.807 [main] DEBUG o.s.b.f.s.DefaultListableBeanFactory - Returning cached instance of singleton bean 'org.springframework.boot.actuate.autoconfigure.trace.http.HttpTraceAutoConfiguration'
2020-03-14 21:57:24.807 [main] DEBUG o.s.b.f.s.DefaultListableBeanFactory - Returning cached instance of singleton bean 'traceRepository'
2020-03-14 21:57:24.807 [main] DEBUG o.s.b.f.s.DefaultListableBeanFactory - Returning cached instance of singleton bean 'httpExchangeTracer'
2020-03-14 21:57:24.807 [main] DEBUG o.s.b.f.s.DefaultListableBeanFactory - Returning cached instance of singleton bean 'management.trace.http-org.springframework.boot.actuate.autoconfigure.trace.http.HttpTraceProperties'
2020-03-14 21:57:24.807 [main] DEBUG o.s.b.f.s.DefaultListableBeanFactory - Returning cached instance of singleton bean 'org.springframework.boot.actuate.autoconfigure.trace.http.HttpTraceEndpointAutoConfiguration'
2020-03-14 21:57:24.807 [main] DEBUG o.s.b.f.s.DefaultListableBeanFactory - Returning cached instance of singleton bean 'httpTraceEndpoint'
2020-03-14 21:57:24.807 [main] DEBUG o.s.b.f.s.DefaultListableBeanFactory - Returning cached instance of singleton bean 'org.springframework.boot.actuate.autoconfigure.web.mappings.MappingsEndpointAutoConfiguration$ServletWebConfiguration$SpringMvcConfiguration'
2020-03-14 21:57:24.807 [main] DEBUG o.s.b.f.s.DefaultListableBeanFactory - Returning cached instance of singleton bean 'dispatcherServletMappingDescriptionProvider'
2020-03-14 21:57:24.807 [main] DEBUG o.s.b.f.s.DefaultListableBeanFactory - Returning cached instance of singleton bean 'org.springframework.boot.actuate.autoconfigure.web.mappings.MappingsEndpointAutoConfiguration$ServletWebConfiguration'
2020-03-14 21:57:24.807 [main] DEBUG o.s.b.f.s.DefaultListableBeanFactory - Returning cached instance of singleton bean 'servletMappingDescriptionProvider'
2020-03-14 21:57:24.807 [main] DEBUG o.s.b.f.s.DefaultListableBeanFactory - Returning cached instance of singleton bean 'filterMappingDescriptionProvider'
2020-03-14 21:57:24.807 [main] DEBUG o.s.b.f.s.DefaultListableBeanFactory - Returning cached instance of singleton bean 'org.springframework.boot.actuate.autoconfigure.web.mappings.MappingsEndpointAutoConfiguration'
2020-03-14 21:57:24.807 [main] DEBUG o.s.b.f.s.DefaultListableBeanFactory - Returning cached instance of singleton bean 'mappingsEndpoint'
2020-03-14 21:57:24.807 [main] DEBUG o.s.b.f.s.DefaultListableBeanFactory - Creating shared instance of singleton bean 'org.springframework.boot.autoconfigure.aop.AopAutoConfiguration$CglibAutoProxyConfiguration'
2020-03-14 21:57:24.807 [main] DEBUG o.s.b.f.s.DefaultListableBeanFactory - Creating instance of bean 'org.springframework.boot.autoconfigure.aop.AopAutoConfiguration$CglibAutoProxyConfiguration'
2020-03-14 21:57:24.808 [main] DEBUG o.s.b.f.s.DefaultListableBeanFactory - Returning cached instance of singleton bean 'metaDataSourceAdvisor'
2020-03-14 21:57:24.808 [main] DEBUG o.s.b.f.s.DefaultListableBeanFactory - Returning cached instance of singleton bean 'org.springframework.transaction.config.internalTransactionAdvisor'
2020-03-14 21:57:24.811 [main] DEBUG o.s.b.f.s.DefaultListableBeanFactory - Eagerly caching bean 'org.springframework.boot.autoconfigure.aop.AopAutoConfiguration$CglibAutoProxyConfiguration' to allow for resolving potential circular references
2020-03-14 21:57:24.819 [main] DEBUG o.s.b.f.s.DefaultListableBeanFactory - Returning cached instance of singleton bean 'metaDataSourceAdvisor'
2020-03-14 21:57:24.819 [main] DEBUG o.s.b.f.s.DefaultListableBeanFactory - Returning cached instance of singleton bean 'org.springframework.transaction.config.internalTransactionAdvisor'
2020-03-14 21:57:24.819 [main] DEBUG o.s.b.f.s.DefaultListableBeanFactory - Returning cached instance of singleton bean 'metaDataSourceAdvisor'
2020-03-14 21:57:24.819 [main] DEBUG o.s.b.f.s.DefaultListableBeanFactory - Returning cached instance of singleton bean 'org.springframework.transaction.config.internalTransactionAdvisor'
2020-03-14 21:57:24.820 [main] DEBUG o.s.b.f.s.DefaultListableBeanFactory - Finished creating instance of bean 'org.springframework.boot.autoconfigure.aop.AopAutoConfiguration$CglibAutoProxyConfiguration'
2020-03-14 21:57:24.820 [main] DEBUG o.s.b.f.s.DefaultListableBeanFactory - Creating shared instance of singleton bean 'org.springframework.boot.autoconfigure.aop.AopAutoConfiguration'
2020-03-14 21:57:24.820 [main] DEBUG o.s.b.f.s.DefaultListableBeanFactory - Creating instance of bean 'org.springframework.boot.autoconfigure.aop.AopAutoConfiguration'
2020-03-14 21:57:24.821 [main] DEBUG o.s.b.f.s.DefaultListableBeanFactory - Returning cached instance of singleton bean 'metaDataSourceAdvisor'
2020-03-14 21:57:24.821 [main] DEBUG o.s.b.f.s.DefaultListableBeanFactory - Returning cached instance of singleton bean 'org.springframework.transaction.config.internalTransactionAdvisor'
2020-03-14 21:57:24.821 [main] DEBUG o.s.b.f.s.DefaultListableBeanFactory - Eagerly caching bean 'org.springframework.boot.autoconfigure.aop.AopAutoConfiguration' to allow for resolving potential circular references
2020-03-14 21:57:24.831 [main] DEBUG o.s.b.f.s.DefaultListableBeanFactory - Returning cached instance of singleton bean 'metaDataSourceAdvisor'
2020-03-14 21:57:24.834 [main] DEBUG o.s.b.f.s.DefaultListableBeanFactory - Returning cached instance of singleton bean 'org.springframework.transaction.config.internalTransactionAdvisor'
2020-03-14 21:57:24.834 [main] DEBUG o.s.b.f.s.DefaultListableBeanFactory - Returning cached instance of singleton bean 'metaDataSourceAdvisor'
2020-03-14 21:57:24.834 [main] DEBUG o.s.b.f.s.DefaultListableBeanFactory - Returning cached instance of singleton bean 'org.springframework.transaction.config.internalTransactionAdvisor'
2020-03-14 21:57:24.836 [main] DEBUG o.s.b.f.s.DefaultListableBeanFactory - Finished creating instance of bean 'org.springframework.boot.autoconfigure.aop.AopAutoConfiguration'
2020-03-14 21:57:24.836 [main] DEBUG o.s.b.f.s.DefaultListableBeanFactory - Creating shared instance of singleton bean 'org.springframework.boot.autoconfigure.context.ConfigurationPropertiesAutoConfiguration'
2020-03-14 21:57:24.836 [main] DEBUG o.s.b.f.s.DefaultListableBeanFactory - Creating instance of bean 'org.springframework.boot.autoconfigure.context.ConfigurationPropertiesAutoConfiguration'
2020-03-14 21:57:24.837 [main] DEBUG o.s.b.f.s.DefaultListableBeanFactory - Returning cached instance of singleton bean 'metaDataSourceAdvisor'
2020-03-14 21:57:24.837 [main] DEBUG o.s.b.f.s.DefaultListableBeanFactory - Returning cached instance of singleton bean 'org.springframework.transaction.config.internalTransactionAdvisor'
2020-03-14 21:57:24.839 [main] DEBUG o.s.b.f.s.DefaultListableBeanFactory - Eagerly caching bean 'org.springframework.boot.autoconfigure.context.ConfigurationPropertiesAutoConfiguration' to allow for resolving potential circular references
2020-03-14 21:57:24.869 [main] DEBUG o.s.b.f.s.DefaultListableBeanFactory - Returning cached instance of singleton bean 'metaDataSourceAdvisor'
2020-03-14 21:57:24.869 [main] DEBUG o.s.b.f.s.DefaultListableBeanFactory - Returning cached instance of singleton bean 'org.springframework.transaction.config.internalTransactionAdvisor'
2020-03-14 21:57:24.869 [main] DEBUG o.s.b.f.s.DefaultListableBeanFactory - Returning cached instance of singleton bean 'metaDataSourceAdvisor'
2020-03-14 21:57:24.870 [main] DEBUG o.s.b.f.s.DefaultListableBeanFactory - Returning cached instance of singleton bean 'org.springframework.transaction.config.internalTransactionAdvisor'
2020-03-14 21:57:24.870 [main] DEBUG o.s.b.f.s.DefaultListableBeanFactory - Finished creating instance of bean 'org.springframework.boot.autoconfigure.context.ConfigurationPropertiesAutoConfiguration'
2020-03-14 21:57:24.870 [main] DEBUG o.s.b.f.s.DefaultListableBeanFactory - Creating shared instance of singleton bean 'org.springframework.boot.autoconfigure.dao.PersistenceExceptionTranslationAutoConfiguration'
2020-03-14 21:57:24.870 [main] DEBUG o.s.b.f.s.DefaultListableBeanFactory - Creating instance of bean 'org.springframework.boot.autoconfigure.dao.PersistenceExceptionTranslationAutoConfiguration'
2020-03-14 21:57:24.870 [main] DEBUG o.s.b.f.s.DefaultListableBeanFactory - Returning cached instance of singleton bean 'metaDataSourceAdvisor'
2020-03-14 21:57:24.870 [main] DEBUG o.s.b.f.s.DefaultListableBeanFactory - Returning cached instance of singleton bean 'org.springframework.transaction.config.internalTransactionAdvisor'
2020-03-14 21:57:24.871 [main] DEBUG o.s.b.f.s.DefaultListableBeanFactory - Eagerly caching bean 'org.springframework.boot.autoconfigure.dao.PersistenceExceptionTranslationAutoConfiguration' to allow for resolving potential circular references
2020-03-14 21:57:24.877 [main] DEBUG o.s.b.f.s.DefaultListableBeanFactory - Returning cached instance of singleton bean 'metaDataSourceAdvisor'
2020-03-14 21:57:24.878 [main] DEBUG o.s.b.f.s.DefaultListableBeanFactory - Returning cached instance of singleton bean 'org.springframework.transaction.config.internalTransactionAdvisor'
2020-03-14 21:57:24.878 [main] DEBUG o.s.b.f.s.DefaultListableBeanFactory - Returning cached instance of singleton bean 'metaDataSourceAdvisor'
2020-03-14 21:57:24.878 [main] DEBUG o.s.b.f.s.DefaultListableBeanFactory - Returning cached instance of singleton bean 'org.springframework.transaction.config.internalTransactionAdvisor'
2020-03-14 21:57:24.879 [main] DEBUG o.s.b.f.s.DefaultListableBeanFactory - Finished creating instance of bean 'org.springframework.boot.autoconfigure.dao.PersistenceExceptionTranslationAutoConfiguration'
2020-03-14 21:57:24.879 [main] DEBUG o.s.b.f.s.DefaultListableBeanFactory - Returning cached instance of singleton bean 'persistenceExceptionTranslationPostProcessor'
2020-03-14 21:57:24.879 [main] DEBUG o.s.b.f.s.DefaultListableBeanFactory - Returning cached instance of singleton bean 'org.springframework.cloud.autoconfigure.RefreshAutoConfiguration$RefreshScopeBeanDefinitionEnhancer'
2020-03-14 21:57:24.879 [main] DEBUG o.s.b.f.s.DefaultListableBeanFactory - Returning cached instance of singleton bean 'org.springframework.cloud.autoconfigure.RefreshAutoConfiguration$JpaInvokerConfiguration'
2020-03-14 21:57:24.879 [main] DEBUG o.s.b.f.s.DefaultListableBeanFactory - Returning cached instance of singleton bean 'org.springframework.cloud.autoconfigure.RefreshAutoConfiguration'
2020-03-14 21:57:24.879 [main] DEBUG o.s.b.f.s.DefaultListableBeanFactory - Returning cached instance of singleton bean 'refreshScope'
2020-03-14 21:57:24.879 [main] DEBUG o.s.b.f.s.DefaultListableBeanFactory - Creating shared instance of singleton bean 'loggingRebinder'
2020-03-14 21:57:24.879 [main] DEBUG o.s.b.f.s.DefaultListableBeanFactory - Creating instance of bean 'loggingRebinder'
2020-03-14 21:57:24.879 [main] DEBUG o.s.b.f.s.DefaultListableBeanFactory - Returning cached instance of singleton bean 'metaDataSourceAdvisor'
2020-03-14 21:57:24.879 [main] DEBUG o.s.b.f.s.DefaultListableBeanFactory - Returning cached instance of singleton bean 'org.springframework.transaction.config.internalTransactionAdvisor'
2020-03-14 21:57:24.881 [main] DEBUG o.s.b.f.s.DefaultListableBeanFactory - Eagerly caching bean 'loggingRebinder' to allow for resolving potential circular references
2020-03-14 21:57:24.890 [main] DEBUG o.s.b.f.s.DefaultListableBeanFactory - Returning cached instance of singleton bean 'metaDataSourceAdvisor'
2020-03-14 21:57:24.890 [main] DEBUG o.s.b.f.s.DefaultListableBeanFactory - Returning cached instance of singleton bean 'org.springframework.transaction.config.internalTransactionAdvisor'
2020-03-14 21:57:24.890 [main] DEBUG o.s.b.f.s.DefaultListableBeanFactory - Returning cached instance of singleton bean 'metaDataSourceAdvisor'
2020-03-14 21:57:24.890 [main] DEBUG o.s.b.f.s.DefaultListableBeanFactory - Returning cached instance of singleton bean 'org.springframework.transaction.config.internalTransactionAdvisor'
2020-03-14 21:57:24.891 [main] DEBUG o.s.b.f.s.DefaultListableBeanFactory - Finished creating instance of bean 'loggingRebinder'
2020-03-14 21:57:24.891 [main] DEBUG o.s.b.f.s.DefaultListableBeanFactory - Returning cached instance of singleton bean 'contextRefresher'
2020-03-14 21:57:24.892 [main] DEBUG o.s.b.f.s.DefaultListableBeanFactory - Creating shared instance of singleton bean 'refreshEventListener'
2020-03-14 21:57:24.892 [main] DEBUG o.s.b.f.s.DefaultListableBeanFactory - Creating instance of bean 'refreshEventListener'
2020-03-14 21:57:24.892 [main] DEBUG o.s.b.f.s.DefaultListableBeanFactory - Returning cached instance of singleton bean 'metaDataSourceAdvisor'
2020-03-14 21:57:24.893 [main] DEBUG o.s.b.f.s.DefaultListableBeanFactory - Returning cached instance of singleton bean 'org.springframework.transaction.config.internalTransactionAdvisor'
2020-03-14 21:57:24.893 [main] DEBUG o.s.b.f.s.DefaultListableBeanFactory - Returning cached instance of singleton bean 'org.springframework.cloud.autoconfigure.RefreshAutoConfiguration'
2020-03-14 21:57:24.894 [main] DEBUG o.s.b.f.s.DefaultListableBeanFactory - Returning cached instance of singleton bean 'contextRefresher'
2020-03-14 21:57:24.895 [main] DEBUG o.s.b.f.s.DefaultListableBeanFactory - Autowiring by type from bean name 'refreshEventListener' via factory method to bean named 'contextRefresher'
2020-03-14 21:57:24.901 [main] DEBUG o.s.b.f.s.DefaultListableBeanFactory - Eagerly caching bean 'refreshEventListener' to allow for resolving potential circular references
2020-03-14 21:57:24.920 [main] DEBUG o.s.b.f.s.DefaultListableBeanFactory - Returning cached instance of singleton bean 'metaDataSourceAdvisor'
2020-03-14 21:57:24.920 [main] DEBUG o.s.b.f.s.DefaultListableBeanFactory - Returning cached instance of singleton bean 'org.springframework.transaction.config.internalTransactionAdvisor'
2020-03-14 21:57:24.920 [main] DEBUG o.s.b.f.s.DefaultListableBeanFactory - Returning cached instance of singleton bean 'metaDataSourceAdvisor'
2020-03-14 21:57:24.920 [main] DEBUG o.s.b.f.s.DefaultListableBeanFactory - Returning cached instance of singleton bean 'org.springframework.transaction.config.internalTransactionAdvisor'
2020-03-14 21:57:24.922 [main] DEBUG o.s.b.f.s.DefaultListableBeanFactory - Finished creating instance of bean 'refreshEventListener'
2020-03-14 21:57:24.925 [main] DEBUG o.s.b.f.s.DefaultListableBeanFactory - Returning cached instance of singleton bean 'org.springframework.boot.autoconfigure.orm.jpa.JpaBaseConfiguration$JpaWebConfiguration$JpaWebMvcConfiguration'
2020-03-14 21:57:24.925 [main] DEBUG o.s.b.f.s.DefaultListableBeanFactory - Returning cached instance of singleton bean 'openEntityManagerInViewInterceptor'
2020-03-14 21:57:24.925 [main] DEBUG o.s.b.f.s.DefaultListableBeanFactory - Creating shared instance of singleton bean 'org.springframework.boot.autoconfigure.orm.jpa.JpaBaseConfiguration$JpaWebConfiguration'
2020-03-14 21:57:24.925 [main] DEBUG o.s.b.f.s.DefaultListableBeanFactory - Creating instance of bean 'org.springframework.boot.autoconfigure.orm.jpa.JpaBaseConfiguration$JpaWebConfiguration'
2020-03-14 21:57:24.925 [main] DEBUG o.s.b.f.s.DefaultListableBeanFactory - Returning cached instance of singleton bean 'metaDataSourceAdvisor'
2020-03-14 21:57:24.925 [main] DEBUG o.s.b.f.s.DefaultListableBeanFactory - Returning cached instance of singleton bean 'org.springframework.transaction.config.internalTransactionAdvisor'
2020-03-14 21:57:24.926 [main] DEBUG o.s.b.f.s.DefaultListableBeanFactory - Eagerly caching bean 'org.springframework.boot.autoconfigure.orm.jpa.JpaBaseConfiguration$JpaWebConfiguration' to allow for resolving potential circular references
2020-03-14 21:57:24.940 [main] DEBUG o.s.b.f.s.DefaultListableBeanFactory - Returning cached instance of singleton bean 'metaDataSourceAdvisor'
2020-03-14 21:57:24.940 [main] DEBUG o.s.b.f.s.DefaultListableBeanFactory - Returning cached instance of singleton bean 'org.springframework.transaction.config.internalTransactionAdvisor'
2020-03-14 21:57:24.940 [main] DEBUG o.s.b.f.s.DefaultListableBeanFactory - Returning cached instance of singleton bean 'metaDataSourceAdvisor'
2020-03-14 21:57:24.940 [main] DEBUG o.s.b.f.s.DefaultListableBeanFactory - Returning cached instance of singleton bean 'org.springframework.transaction.config.internalTransactionAdvisor'
2020-03-14 21:57:24.945 [main] DEBUG o.s.b.f.s.DefaultListableBeanFactory - Finished creating instance of bean 'org.springframework.boot.autoconfigure.orm.jpa.JpaBaseConfiguration$JpaWebConfiguration'
2020-03-14 21:57:24.945 [main] DEBUG o.s.b.f.s.DefaultListableBeanFactory - Returning cached instance of singleton bean 'org.springframework.boot.autoconfigure.orm.jpa.HibernateJpaConfiguration'
2020-03-14 21:57:24.945 [main] DEBUG o.s.b.f.s.DefaultListableBeanFactory - Creating shared instance of singleton bean 'transactionManager'
2020-03-14 21:57:24.945 [main] DEBUG o.s.b.f.s.DefaultListableBeanFactory - Creating instance of bean 'transactionManager'
2020-03-14 21:57:24.945 [main] DEBUG o.s.b.f.s.DefaultListableBeanFactory - Returning cached instance of singleton bean 'metaDataSourceAdvisor'
2020-03-14 21:57:24.946 [main] DEBUG o.s.b.f.s.DefaultListableBeanFactory - Returning cached instance of singleton bean 'org.springframework.transaction.config.internalTransactionAdvisor'
2020-03-14 21:57:24.946 [main] DEBUG o.s.b.f.s.DefaultListableBeanFactory - Returning cached instance of singleton bean 'org.springframework.boot.autoconfigure.orm.jpa.HibernateJpaConfiguration'
2020-03-14 21:57:24.969 [main] DEBUG o.s.b.f.s.DefaultListableBeanFactory - Eagerly caching bean 'transactionManager' to allow for resolving potential circular references
2020-03-14 21:57:24.986 [main] DEBUG o.s.b.f.s.DefaultListableBeanFactory - Returning cached instance of singleton bean 'entityManagerFactory'
2020-03-14 21:57:24.987 [main] DEBUG o.s.b.f.s.DefaultListableBeanFactory - Invoking afterPropertiesSet() on bean with name 'transactionManager'
2020-03-14 21:57:24.988 [main] DEBUG o.s.b.f.s.DefaultListableBeanFactory - Returning cached instance of singleton bean 'metaDataSourceAdvisor'
2020-03-14 21:57:24.989 [main] DEBUG o.s.b.f.s.DefaultListableBeanFactory - Returning cached instance of singleton bean 'org.springframework.transaction.config.internalTransactionAdvisor'
2020-03-14 21:57:24.989 [main] DEBUG o.s.b.f.s.DefaultListableBeanFactory - Returning cached instance of singleton bean 'metaDataSourceAdvisor'
2020-03-14 21:57:24.989 [main] DEBUG o.s.b.f.s.DefaultListableBeanFactory - Returning cached instance of singleton bean 'org.springframework.transaction.config.internalTransactionAdvisor'
2020-03-14 21:57:24.995 [main] DEBUG o.s.b.f.s.DefaultListableBeanFactory - Finished creating instance of bean 'transactionManager'
2020-03-14 21:57:24.995 [main] DEBUG o.s.b.f.s.DefaultListableBeanFactory - Returning cached instance of singleton bean 'jpaVendorAdapter'
2020-03-14 21:57:24.995 [main] DEBUG o.s.b.f.s.DefaultListableBeanFactory - Returning cached instance of singleton bean 'entityManagerFactoryBuilder'
2020-03-14 21:57:24.995 [main] DEBUG o.s.b.f.s.DefaultListableBeanFactory - Returning cached instance of singleton bean 'entityManagerFactory'
2020-03-14 21:57:24.995 [main] DEBUG o.s.b.f.s.DefaultListableBeanFactory - Returning cached instance of singleton bean 'spring.jpa-org.springframework.boot.autoconfigure.orm.jpa.JpaProperties'
2020-03-14 21:57:24.995 [main] DEBUG o.s.b.f.s.DefaultListableBeanFactory - Returning cached instance of singleton bean 'dataSourceInitializedPublisher'
2020-03-14 21:57:24.995 [main] DEBUG o.s.b.f.s.DefaultListableBeanFactory - Creating shared instance of singleton bean 'org.springframework.boot.autoconfigure.orm.jpa.HibernateJpaAutoConfiguration'
2020-03-14 21:57:24.995 [main] DEBUG o.s.b.f.s.DefaultListableBeanFactory - Creating instance of bean 'org.springframework.boot.autoconfigure.orm.jpa.HibernateJpaAutoConfiguration'
2020-03-14 21:57:24.995 [main] DEBUG o.s.b.f.s.DefaultListableBeanFactory - Returning cached instance of singleton bean 'metaDataSourceAdvisor'
2020-03-14 21:57:24.995 [main] DEBUG o.s.b.f.s.DefaultListableBeanFactory - Returning cached instance of singleton bean 'org.springframework.transaction.config.internalTransactionAdvisor'
2020-03-14 21:57:24.996 [main] DEBUG o.s.b.f.s.DefaultListableBeanFactory - Eagerly caching bean 'org.springframework.boot.autoconfigure.orm.jpa.HibernateJpaAutoConfiguration' to allow for resolving potential circular references
2020-03-14 21:57:25.004 [main] DEBUG o.s.b.f.s.DefaultListableBeanFactory - Returning cached instance of singleton bean 'metaDataSourceAdvisor'
2020-03-14 21:57:25.005 [main] DEBUG o.s.b.f.s.DefaultListableBeanFactory - Returning cached instance of singleton bean 'org.springframework.transaction.config.internalTransactionAdvisor'
2020-03-14 21:57:25.005 [main] DEBUG o.s.b.f.s.DefaultListableBeanFactory - Returning cached instance of singleton bean 'metaDataSourceAdvisor'
2020-03-14 21:57:25.005 [main] DEBUG o.s.b.f.s.DefaultListableBeanFactory - Returning cached instance of singleton bean 'org.springframework.transaction.config.internalTransactionAdvisor'
2020-03-14 21:57:25.006 [main] DEBUG o.s.b.f.s.DefaultListableBeanFactory - Finished creating instance of bean 'org.springframework.boot.autoconfigure.orm.jpa.HibernateJpaAutoConfiguration'
2020-03-14 21:57:25.008 [main] DEBUG o.s.b.f.s.DefaultListableBeanFactory - Creating shared instance of singleton bean 'org.springframework.boot.autoconfigure.data.jpa.JpaRepositoriesAutoConfiguration'
2020-03-14 21:57:25.008 [main] DEBUG o.s.b.f.s.DefaultListableBeanFactory - Creating instance of bean 'org.springframework.boot.autoconfigure.data.jpa.JpaRepositoriesAutoConfiguration'
2020-03-14 21:57:25.009 [main] DEBUG o.s.b.f.s.DefaultListableBeanFactory - Returning cached instance of singleton bean 'metaDataSourceAdvisor'
2020-03-14 21:57:25.009 [main] DEBUG o.s.b.f.s.DefaultListableBeanFactory - Returning cached instance of singleton bean 'org.springframework.transaction.config.internalTransactionAdvisor'
2020-03-14 21:57:25.013 [main] DEBUG o.s.b.f.s.DefaultListableBeanFactory - Eagerly caching bean 'org.springframework.boot.autoconfigure.data.jpa.JpaRepositoriesAutoConfiguration' to allow for resolving potential circular references
2020-03-14 21:57:25.018 [main] DEBUG o.s.b.f.s.DefaultListableBeanFactory - Returning cached instance of singleton bean 'metaDataSourceAdvisor'
2020-03-14 21:57:25.019 [main] DEBUG o.s.b.f.s.DefaultListableBeanFactory - Returning cached instance of singleton bean 'org.springframework.transaction.config.internalTransactionAdvisor'
2020-03-14 21:57:25.019 [main] DEBUG o.s.b.f.s.DefaultListableBeanFactory - Returning cached instance of singleton bean 'metaDataSourceAdvisor'
2020-03-14 21:57:25.019 [main] DEBUG o.s.b.f.s.DefaultListableBeanFactory - Returning cached instance of singleton bean 'org.springframework.transaction.config.internalTransactionAdvisor'
2020-03-14 21:57:25.019 [main] DEBUG o.s.b.f.s.DefaultListableBeanFactory - Finished creating instance of bean 'org.springframework.boot.autoconfigure.data.jpa.JpaRepositoriesAutoConfiguration'
2020-03-14 21:57:25.020 [main] DEBUG o.s.b.f.s.DefaultListableBeanFactory - Returning cached instance of singleton bean 'emBeanDefinitionRegistrarPostProcessor'
2020-03-14 21:57:25.020 [main] DEBUG o.s.b.f.s.DefaultListableBeanFactory - Returning cached instance of singleton bean 'jpaMappingContext'
2020-03-14 21:57:25.020 [main] DEBUG o.s.b.f.s.DefaultListableBeanFactory - Creating shared instance of singleton bean 'jpaContext'
2020-03-14 21:57:25.020 [main] DEBUG o.s.b.f.s.DefaultListableBeanFactory - Creating instance of bean 'jpaContext'
2020-03-14 21:57:25.020 [main] DEBUG o.s.b.f.s.DefaultListableBeanFactory - Returning cached instance of singleton bean 'metaDataSourceAdvisor'
2020-03-14 21:57:25.020 [main] DEBUG o.s.b.f.s.DefaultListableBeanFactory - Returning cached instance of singleton bean 'org.springframework.transaction.config.internalTransactionAdvisor'
2020-03-14 21:57:25.026 [main] DEBUG o.s.b.f.s.DefaultListableBeanFactory - Creating shared instance of singleton bean 'org.springframework.orm.jpa.SharedEntityManagerCreator#0'
2020-03-14 21:57:25.026 [main] DEBUG o.s.b.f.s.DefaultListableBeanFactory - Creating instance of bean 'org.springframework.orm.jpa.SharedEntityManagerCreator#0'
2020-03-14 21:57:25.026 [main] DEBUG o.s.b.f.s.DefaultListableBeanFactory - Returning cached instance of singleton bean 'metaDataSourceAdvisor'
2020-03-14 21:57:25.026 [main] DEBUG o.s.b.f.s.DefaultListableBeanFactory - Returning cached instance of singleton bean 'org.springframework.transaction.config.internalTransactionAdvisor'
2020-03-14 21:57:25.026 [main] DEBUG o.s.b.f.s.DefaultListableBeanFactory - Returning cached instance of singleton bean 'entityManagerFactory'
2020-03-14 21:57:25.028 [main] DEBUG o.s.b.f.s.DefaultListableBeanFactory - Eagerly caching bean 'org.springframework.orm.jpa.SharedEntityManagerCreator#0' to allow for resolving potential circular references
2020-03-14 21:57:25.029 [main] DEBUG o.s.b.f.s.DefaultListableBeanFactory - Returning cached instance of singleton bean 'metaDataSourceAdvisor'
2020-03-14 21:57:25.029 [main] DEBUG o.s.b.f.s.DefaultListableBeanFactory - Returning cached instance of singleton bean 'org.springframework.transaction.config.internalTransactionAdvisor'
2020-03-14 21:57:25.029 [main] DEBUG o.s.b.f.s.DefaultListableBeanFactory - Returning cached instance of singleton bean 'metaDataSourceAdvisor'
2020-03-14 21:57:25.029 [main] DEBUG o.s.b.f.s.DefaultListableBeanFactory - Returning cached instance of singleton bean 'org.springframework.transaction.config.internalTransactionAdvisor'
2020-03-14 21:57:25.029 [main] DEBUG o.s.b.f.s.DefaultListableBeanFactory - Finished creating instance of bean 'org.springframework.orm.jpa.SharedEntityManagerCreator#0'
2020-03-14 21:57:25.030 [main] DEBUG o.s.b.f.s.DefaultListableBeanFactory - Autowiring by type from bean name 'jpaContext' via constructor to bean named 'org.springframework.orm.jpa.SharedEntityManagerCreator#0'
2020-03-14 21:57:25.030 [main] DEBUG o.s.b.f.s.DefaultListableBeanFactory - Eagerly caching bean 'jpaContext' to allow for resolving potential circular references
2020-03-14 21:57:25.042 [main] DEBUG o.s.b.f.s.DefaultListableBeanFactory - Returning cached instance of singleton bean 'metaDataSourceAdvisor'
2020-03-14 21:57:25.043 [main] DEBUG o.s.b.f.s.DefaultListableBeanFactory - Returning cached instance of singleton bean 'org.springframework.transaction.config.internalTransactionAdvisor'
2020-03-14 21:57:25.043 [main] DEBUG o.s.b.f.s.DefaultListableBeanFactory - Returning cached instance of singleton bean 'metaDataSourceAdvisor'
2020-03-14 21:57:25.043 [main] DEBUG o.s.b.f.s.DefaultListableBeanFactory - Returning cached instance of singleton bean 'org.springframework.transaction.config.internalTransactionAdvisor'
2020-03-14 21:57:25.043 [main] DEBUG o.s.b.f.s.DefaultListableBeanFactory - Finished creating instance of bean 'jpaContext'
2020-03-14 21:57:25.043 [main] DEBUG o.s.b.f.s.DefaultListableBeanFactory - Returning cached instance of singleton bean 'teachplanRepository'
2020-03-14 21:57:25.043 [main] DEBUG o.s.b.f.s.DefaultListableBeanFactory - Returning cached instance of singleton bean 'teachplanMediaRepository'
2020-03-14 21:57:25.043 [main] DEBUG o.s.b.f.s.DefaultListableBeanFactory - Returning cached instance of singleton bean 'coursePicRepository'
2020-03-14 21:57:25.043 [main] DEBUG o.s.b.f.s.DefaultListableBeanFactory - Returning cached instance of singleton bean 'coursePubRepository'
2020-03-14 21:57:25.043 [main] DEBUG o.s.b.f.s.DefaultListableBeanFactory - Returning cached instance of singleton bean 'courseMarketRepository'
2020-03-14 21:57:25.043 [main] DEBUG o.s.b.f.s.DefaultListableBeanFactory - Returning cached instance of singleton bean 'teachplanMediaPubRepository'
2020-03-14 21:57:25.043 [main] DEBUG o.s.b.f.s.DefaultListableBeanFactory - Returning cached instance of singleton bean 'courseBaseRepository'
2020-03-14 21:57:25.043 [main] DEBUG o.s.b.f.s.DefaultListableBeanFactory - Creating shared instance of singleton bean 'org.springframework.boot.autoconfigure.data.mongo.MongoRepositoriesAutoConfiguration'
2020-03-14 21:57:25.044 [main] DEBUG o.s.b.f.s.DefaultListableBeanFactory - Creating instance of bean 'org.springframework.boot.autoconfigure.data.mongo.MongoRepositoriesAutoConfiguration'
2020-03-14 21:57:25.044 [main] DEBUG o.s.b.f.s.DefaultListableBeanFactory - Returning cached instance of singleton bean 'metaDataSourceAdvisor'
2020-03-14 21:57:25.044 [main] DEBUG o.s.b.f.s.DefaultListableBeanFactory - Returning cached instance of singleton bean 'org.springframework.transaction.config.internalTransactionAdvisor'
2020-03-14 21:57:25.044 [main] DEBUG o.s.b.f.s.DefaultListableBeanFactory - Eagerly caching bean 'org.springframework.boot.autoconfigure.data.mongo.MongoRepositoriesAutoConfiguration' to allow for resolving potential circular references
2020-03-14 21:57:25.058 [main] DEBUG o.s.b.f.s.DefaultListableBeanFactory - Returning cached instance of singleton bean 'metaDataSourceAdvisor'
2020-03-14 21:57:25.058 [main] DEBUG o.s.b.f.s.DefaultListableBeanFactory - Returning cached instance of singleton bean 'org.springframework.transaction.config.internalTransactionAdvisor'
2020-03-14 21:57:25.059 [main] DEBUG o.s.b.f.s.DefaultListableBeanFactory - Returning cached instance of singleton bean 'metaDataSourceAdvisor'
2020-03-14 21:57:25.059 [main] DEBUG o.s.b.f.s.DefaultListableBeanFactory - Returning cached instance of singleton bean 'org.springframework.transaction.config.internalTransactionAdvisor'
2020-03-14 21:57:25.059 [main] DEBUG o.s.b.f.s.DefaultListableBeanFactory - Finished creating instance of bean 'org.springframework.boot.autoconfigure.data.mongo.MongoRepositoriesAutoConfiguration'
2020-03-14 21:57:25.060 [main] DEBUG o.s.b.f.s.DefaultListableBeanFactory - Returning cached instance of singleton bean 'sysDictionaryRepository'
2020-03-14 21:57:25.060 [main] DEBUG o.s.b.f.s.DefaultListableBeanFactory - Creating shared instance of singleton bean 'org.springframework.data.web.config.ProjectingArgumentResolverRegistrar'
2020-03-14 21:57:25.060 [main] DEBUG o.s.b.f.s.DefaultListableBeanFactory - Creating instance of bean 'org.springframework.data.web.config.ProjectingArgumentResolverRegistrar'
2020-03-14 21:57:25.060 [main] DEBUG o.s.b.f.s.DefaultListableBeanFactory - Returning cached instance of singleton bean 'metaDataSourceAdvisor'
2020-03-14 21:57:25.060 [main] DEBUG o.s.b.f.s.DefaultListableBeanFactory - Returning cached instance of singleton bean 'org.springframework.transaction.config.internalTransactionAdvisor'
2020-03-14 21:57:25.060 [main] DEBUG o.s.b.f.s.DefaultListableBeanFactory - Eagerly caching bean 'org.springframework.data.web.config.ProjectingArgumentResolverRegistrar' to allow for resolving potential circular references
2020-03-14 21:57:25.066 [main] DEBUG o.s.b.f.s.DefaultListableBeanFactory - Returning cached instance of singleton bean 'metaDataSourceAdvisor'
2020-03-14 21:57:25.066 [main] DEBUG o.s.b.f.s.DefaultListableBeanFactory - Returning cached instance of singleton bean 'org.springframework.transaction.config.internalTransactionAdvisor'
2020-03-14 21:57:25.066 [main] DEBUG o.s.b.f.s.DefaultListableBeanFactory - Returning cached instance of singleton bean 'metaDataSourceAdvisor'
2020-03-14 21:57:25.066 [main] DEBUG o.s.b.f.s.DefaultListableBeanFactory - Returning cached instance of singleton bean 'org.springframework.transaction.config.internalTransactionAdvisor'
2020-03-14 21:57:25.067 [main] DEBUG o.s.b.f.s.DefaultListableBeanFactory - Finished creating instance of bean 'org.springframework.data.web.config.ProjectingArgumentResolverRegistrar'
2020-03-14 21:57:25.067 [main] DEBUG o.s.b.f.s.DefaultListableBeanFactory - Returning cached instance of singleton bean 'projectingArgumentResolverBeanPostProcessor'
2020-03-14 21:57:25.067 [main] DEBUG o.s.b.f.s.DefaultListableBeanFactory - Returning cached instance of singleton bean 'org.springframework.data.web.config.SpringDataWebConfiguration'
2020-03-14 21:57:25.067 [main] DEBUG o.s.b.f.s.DefaultListableBeanFactory - Returning cached instance of singleton bean 'pageableResolver'
2020-03-14 21:57:25.067 [main] DEBUG o.s.b.f.s.DefaultListableBeanFactory - Returning cached instance of singleton bean 'sortResolver'
2020-03-14 21:57:25.067 [main] DEBUG o.s.b.f.s.DefaultListableBeanFactory - Returning cached instance of singleton bean 'org.springframework.data.web.config.SpringDataJacksonConfiguration'
2020-03-14 21:57:25.067 [main] DEBUG o.s.b.f.s.DefaultListableBeanFactory - Returning cached instance of singleton bean 'jacksonGeoModule'
2020-03-14 21:57:25.067 [main] DEBUG o.s.b.f.s.DefaultListableBeanFactory - Returning cached instance of singleton bean 'org.springframework.data.mongodb.config.GeoJsonConfiguration'
2020-03-14 21:57:25.067 [main] DEBUG o.s.b.f.s.DefaultListableBeanFactory - Returning cached instance of singleton bean 'geoJsonModule'
2020-03-14 21:57:25.067 [main] DEBUG o.s.b.f.s.DefaultListableBeanFactory - Returning cached instance of singleton bean 'org.springframework.boot.autoconfigure.data.web.SpringDataWebAutoConfiguration'
2020-03-14 21:57:25.067 [main] DEBUG o.s.b.f.s.DefaultListableBeanFactory - Returning cached instance of singleton bean 'pageableCustomizer'
2020-03-14 21:57:25.067 [main] DEBUG o.s.b.f.s.DefaultListableBeanFactory - Returning cached instance of singleton bean 'sortCustomizer'
2020-03-14 21:57:25.067 [main] DEBUG o.s.b.f.s.DefaultListableBeanFactory - Returning cached instance of singleton bean 'spring.data.web-org.springframework.boot.autoconfigure.data.web.SpringDataWebProperties'
2020-03-14 21:57:25.067 [main] DEBUG o.s.b.f.s.DefaultListableBeanFactory - Creating shared instance of singleton bean 'org.springframework.boot.autoconfigure.http.codec.CodecsAutoConfiguration$JacksonCodecConfiguration'
2020-03-14 21:57:25.067 [main] DEBUG o.s.b.f.s.DefaultListableBeanFactory - Creating instance of bean 'org.springframework.boot.autoconfigure.http.codec.CodecsAutoConfiguration$JacksonCodecConfiguration'
2020-03-14 21:57:25.068 [main] DEBUG o.s.b.f.s.DefaultListableBeanFactory - Returning cached instance of singleton bean 'metaDataSourceAdvisor'
2020-03-14 21:57:25.068 [main] DEBUG o.s.b.f.s.DefaultListableBeanFactory - Returning cached instance of singleton bean 'org.springframework.transaction.config.internalTransactionAdvisor'
2020-03-14 21:57:25.069 [main] DEBUG o.s.b.f.s.DefaultListableBeanFactory - Eagerly caching bean 'org.springframework.boot.autoconfigure.http.codec.CodecsAutoConfiguration$JacksonCodecConfiguration' to allow for resolving potential circular references
2020-03-14 21:57:25.079 [main] DEBUG o.s.b.f.s.DefaultListableBeanFactory - Returning cached instance of singleton bean 'metaDataSourceAdvisor'
2020-03-14 21:57:25.079 [main] DEBUG o.s.b.f.s.DefaultListableBeanFactory - Returning cached instance of singleton bean 'org.springframework.transaction.config.internalTransactionAdvisor'
2020-03-14 21:57:25.079 [main] DEBUG o.s.b.f.s.DefaultListableBeanFactory - Returning cached instance of singleton bean 'metaDataSourceAdvisor'
2020-03-14 21:57:25.079 [main] DEBUG o.s.b.f.s.DefaultListableBeanFactory - Returning cached instance of singleton bean 'org.springframework.transaction.config.internalTransactionAdvisor'
2020-03-14 21:57:25.079 [main] DEBUG o.s.b.f.s.DefaultListableBeanFactory - Finished creating instance of bean 'org.springframework.boot.autoconfigure.http.codec.CodecsAutoConfiguration$JacksonCodecConfiguration'
2020-03-14 21:57:25.079 [main] DEBUG o.s.b.f.s.DefaultListableBeanFactory - Creating shared instance of singleton bean 'jacksonCodecCustomizer'
2020-03-14 21:57:25.079 [main] DEBUG o.s.b.f.s.DefaultListableBeanFactory - Creating instance of bean 'jacksonCodecCustomizer'
2020-03-14 21:57:25.080 [main] DEBUG o.s.b.f.s.DefaultListableBeanFactory - Returning cached instance of singleton bean 'metaDataSourceAdvisor'
2020-03-14 21:57:25.080 [main] DEBUG o.s.b.f.s.DefaultListableBeanFactory - Returning cached instance of singleton bean 'org.springframework.transaction.config.internalTransactionAdvisor'
2020-03-14 21:57:25.080 [main] DEBUG o.s.b.f.s.DefaultListableBeanFactory - Returning cached instance of singleton bean 'org.springframework.boot.autoconfigure.http.codec.CodecsAutoConfiguration$JacksonCodecConfiguration'
2020-03-14 21:57:25.080 [main] DEBUG o.s.b.f.s.DefaultListableBeanFactory - Returning cached instance of singleton bean 'jacksonObjectMapper'
2020-03-14 21:57:25.080 [main] DEBUG o.s.b.f.s.DefaultListableBeanFactory - Autowiring by type from bean name 'jacksonCodecCustomizer' via factory method to bean named 'jacksonObjectMapper'
2020-03-14 21:57:25.088 [main] DEBUG o.s.b.f.s.DefaultListableBeanFactory - Eagerly caching bean 'jacksonCodecCustomizer' to allow for resolving potential circular references
2020-03-14 21:57:25.107 [main] DEBUG o.s.b.f.s.DefaultListableBeanFactory - Returning cached instance of singleton bean 'metaDataSourceAdvisor'
2020-03-14 21:57:25.107 [main] DEBUG o.s.b.f.s.DefaultListableBeanFactory - Returning cached instance of singleton bean 'org.springframework.transaction.config.internalTransactionAdvisor'
2020-03-14 21:57:25.108 [main] DEBUG o.s.b.f.s.DefaultListableBeanFactory - Returning cached instance of singleton bean 'metaDataSourceAdvisor'
2020-03-14 21:57:25.109 [main] DEBUG o.s.b.f.s.DefaultListableBeanFactory - Returning cached instance of singleton bean 'org.springframework.transaction.config.internalTransactionAdvisor'
2020-03-14 21:57:25.110 [main] DEBUG o.s.b.f.s.DefaultListableBeanFactory - Finished creating instance of bean 'jacksonCodecCustomizer'
2020-03-14 21:57:25.110 [main] DEBUG o.s.b.f.s.DefaultListableBeanFactory - Creating shared instance of singleton bean 'org.springframework.boot.autoconfigure.http.codec.CodecsAutoConfiguration'
2020-03-14 21:57:25.110 [main] DEBUG o.s.b.f.s.DefaultListableBeanFactory - Creating instance of bean 'org.springframework.boot.autoconfigure.http.codec.CodecsAutoConfiguration'
2020-03-14 21:57:25.110 [main] DEBUG o.s.b.f.s.DefaultListableBeanFactory - Returning cached instance of singleton bean 'metaDataSourceAdvisor'
2020-03-14 21:57:25.110 [main] DEBUG o.s.b.f.s.DefaultListableBeanFactory - Returning cached instance of singleton bean 'org.springframework.transaction.config.internalTransactionAdvisor'
2020-03-14 21:57:25.111 [main] DEBUG o.s.b.f.s.DefaultListableBeanFactory - Eagerly caching bean 'org.springframework.boot.autoconfigure.http.codec.CodecsAutoConfiguration' to allow for resolving potential circular references
2020-03-14 21:57:25.129 [main] DEBUG o.s.b.f.s.DefaultListableBeanFactory - Returning cached instance of singleton bean 'metaDataSourceAdvisor'
2020-03-14 21:57:25.129 [main] DEBUG o.s.b.f.s.DefaultListableBeanFactory - Returning cached instance of singleton bean 'org.springframework.transaction.config.internalTransactionAdvisor'
2020-03-14 21:57:25.129 [main] DEBUG o.s.b.f.s.DefaultListableBeanFactory - Returning cached instance of singleton bean 'metaDataSourceAdvisor'
2020-03-14 21:57:25.129 [main] DEBUG o.s.b.f.s.DefaultListableBeanFactory - Returning cached instance of singleton bean 'org.springframework.transaction.config.internalTransactionAdvisor'
2020-03-14 21:57:25.130 [main] DEBUG o.s.b.f.s.DefaultListableBeanFactory - Finished creating instance of bean 'org.springframework.boot.autoconfigure.http.codec.CodecsAutoConfiguration'
2020-03-14 21:57:25.130 [main] DEBUG o.s.b.f.s.DefaultListableBeanFactory - Creating shared instance of singleton bean 'org.springframework.boot.autoconfigure.jdbc.JdbcTemplateAutoConfiguration$JdbcTemplateConfiguration'
2020-03-14 21:57:25.130 [main] DEBUG o.s.b.f.s.DefaultListableBeanFactory - Creating instance of bean 'org.springframework.boot.autoconfigure.jdbc.JdbcTemplateAutoConfiguration$JdbcTemplateConfiguration'
2020-03-14 21:57:25.130 [main] DEBUG o.s.b.f.s.DefaultListableBeanFactory - Returning cached instance of singleton bean 'metaDataSourceAdvisor'
2020-03-14 21:57:25.130 [main] DEBUG o.s.b.f.s.DefaultListableBeanFactory - Returning cached instance of singleton bean 'org.springframework.transaction.config.internalTransactionAdvisor'
2020-03-14 21:57:25.131 [main] DEBUG o.s.c.LocalVariableTableParameterNameDiscoverer - Cannot find '.class' file for class [class org.springframework.boot.autoconfigure.jdbc.JdbcTemplateAutoConfiguration$JdbcTemplateConfiguration$$EnhancerBySpringCGLIB$$b9d582a6] - unable to determine constructor/method parameter names
2020-03-14 21:57:25.132 [main] DEBUG o.s.b.f.s.DefaultListableBeanFactory - Returning cached instance of singleton bean 'dataSource'
2020-03-14 21:57:25.134 [main] DEBUG o.s.b.f.s.DefaultListableBeanFactory - Creating shared instance of singleton bean 'spring.jdbc-org.springframework.boot.autoconfigure.jdbc.JdbcProperties'
2020-03-14 21:57:25.134 [main] DEBUG o.s.b.f.s.DefaultListableBeanFactory - Creating instance of bean 'spring.jdbc-org.springframework.boot.autoconfigure.jdbc.JdbcProperties'
2020-03-14 21:57:25.135 [main] DEBUG o.s.b.f.s.DefaultListableBeanFactory - Returning cached instance of singleton bean 'metaDataSourceAdvisor'
2020-03-14 21:57:25.135 [main] DEBUG o.s.b.f.s.DefaultListableBeanFactory - Returning cached instance of singleton bean 'org.springframework.transaction.config.internalTransactionAdvisor'
2020-03-14 21:57:25.135 [main] DEBUG o.s.b.f.s.DefaultListableBeanFactory - Eagerly caching bean 'spring.jdbc-org.springframework.boot.autoconfigure.jdbc.JdbcProperties' to allow for resolving potential circular references
2020-03-14 21:57:25.147 [main] DEBUG o.s.b.f.s.DefaultListableBeanFactory - Returning cached instance of singleton bean 'metaDataSourceAdvisor'
2020-03-14 21:57:25.148 [main] DEBUG o.s.b.f.s.DefaultListableBeanFactory - Returning cached instance of singleton bean 'org.springframework.transaction.config.internalTransactionAdvisor'
2020-03-14 21:57:25.148 [main] DEBUG o.s.b.f.s.DefaultListableBeanFactory - Returning cached instance of singleton bean 'metaDataSourceAdvisor'
2020-03-14 21:57:25.148 [main] DEBUG o.s.b.f.s.DefaultListableBeanFactory - Returning cached instance of singleton bean 'org.springframework.transaction.config.internalTransactionAdvisor'
2020-03-14 21:57:25.148 [main] DEBUG o.s.b.f.s.DefaultListableBeanFactory - Finished creating instance of bean 'spring.jdbc-org.springframework.boot.autoconfigure.jdbc.JdbcProperties'
2020-03-14 21:57:25.148 [main] DEBUG o.s.b.f.s.DefaultListableBeanFactory - Autowiring by type from bean name 'org.springframework.boot.autoconfigure.jdbc.JdbcTemplateAutoConfiguration$JdbcTemplateConfiguration' via constructor to bean named 'dataSource'
2020-03-14 21:57:25.148 [main] DEBUG o.s.b.f.s.DefaultListableBeanFactory - Autowiring by type from bean name 'org.springframework.boot.autoconfigure.jdbc.JdbcTemplateAutoConfiguration$JdbcTemplateConfiguration' via constructor to bean named 'spring.jdbc-org.springframework.boot.autoconfigure.jdbc.JdbcProperties'
2020-03-14 21:57:25.149 [main] DEBUG o.s.b.f.s.DefaultListableBeanFactory - Eagerly caching bean 'org.springframework.boot.autoconfigure.jdbc.JdbcTemplateAutoConfiguration$JdbcTemplateConfiguration' to allow for resolving potential circular references
2020-03-14 21:57:25.161 [main] DEBUG o.s.b.f.s.DefaultListableBeanFactory - Returning cached instance of singleton bean 'metaDataSourceAdvisor'
2020-03-14 21:57:25.161 [main] DEBUG o.s.b.f.s.DefaultListableBeanFactory - Returning cached instance of singleton bean 'org.springframework.transaction.config.internalTransactionAdvisor'
2020-03-14 21:57:25.161 [main] DEBUG o.s.b.f.s.DefaultListableBeanFactory - Returning cached instance of singleton bean 'metaDataSourceAdvisor'
2020-03-14 21:57:25.161 [main] DEBUG o.s.b.f.s.DefaultListableBeanFactory - Returning cached instance of singleton bean 'org.springframework.transaction.config.internalTransactionAdvisor'
2020-03-14 21:57:25.162 [main] DEBUG o.s.b.f.s.DefaultListableBeanFactory - Finished creating instance of bean 'org.springframework.boot.autoconfigure.jdbc.JdbcTemplateAutoConfiguration$JdbcTemplateConfiguration'
2020-03-14 21:57:25.162 [main] DEBUG o.s.b.f.s.DefaultListableBeanFactory - Creating shared instance of singleton bean 'jdbcTemplate'
2020-03-14 21:57:25.162 [main] DEBUG o.s.b.f.s.DefaultListableBeanFactory - Creating instance of bean 'jdbcTemplate'
2020-03-14 21:57:25.163 [main] DEBUG o.s.b.f.s.DefaultListableBeanFactory - Returning cached instance of singleton bean 'metaDataSourceAdvisor'
2020-03-14 21:57:25.163 [main] DEBUG o.s.b.f.s.DefaultListableBeanFactory - Returning cached instance of singleton bean 'org.springframework.transaction.config.internalTransactionAdvisor'
2020-03-14 21:57:25.163 [main] DEBUG o.s.b.f.s.DefaultListableBeanFactory - Returning cached instance of singleton bean 'org.springframework.boot.autoconfigure.jdbc.JdbcTemplateAutoConfiguration$JdbcTemplateConfiguration'
2020-03-14 21:57:25.211 [main] DEBUG o.s.b.f.s.DefaultListableBeanFactory - Eagerly caching bean 'jdbcTemplate' to allow for resolving potential circular references
2020-03-14 21:57:25.224 [main] DEBUG o.s.b.f.s.DefaultListableBeanFactory - Invoking afterPropertiesSet() on bean with name 'jdbcTemplate'
2020-03-14 21:57:25.224 [main] DEBUG o.s.b.f.s.DefaultListableBeanFactory - Returning cached instance of singleton bean 'metaDataSourceAdvisor'
2020-03-14 21:57:25.224 [main] DEBUG o.s.b.f.s.DefaultListableBeanFactory - Returning cached instance of singleton bean 'org.springframework.transaction.config.internalTransactionAdvisor'
2020-03-14 21:57:25.224 [main] DEBUG o.s.b.f.s.DefaultListableBeanFactory - Returning cached instance of singleton bean 'metaDataSourceAdvisor'
2020-03-14 21:57:25.224 [main] DEBUG o.s.b.f.s.DefaultListableBeanFactory - Returning cached instance of singleton bean 'org.springframework.transaction.config.internalTransactionAdvisor'
2020-03-14 21:57:25.237 [main] DEBUG o.s.b.f.s.DefaultListableBeanFactory - Finished creating instance of bean 'jdbcTemplate'
2020-03-14 21:57:25.237 [main] DEBUG o.s.b.f.s.DefaultListableBeanFactory - Creating shared instance of singleton bean 'org.springframework.boot.autoconfigure.jdbc.JdbcTemplateAutoConfiguration$NamedParameterJdbcTemplateConfiguration'
2020-03-14 21:57:25.237 [main] DEBUG o.s.b.f.s.DefaultListableBeanFactory - Creating instance of bean 'org.springframework.boot.autoconfigure.jdbc.JdbcTemplateAutoConfiguration$NamedParameterJdbcTemplateConfiguration'
2020-03-14 21:57:25.237 [main] DEBUG o.s.b.f.s.DefaultListableBeanFactory - Returning cached instance of singleton bean 'metaDataSourceAdvisor'
2020-03-14 21:57:25.237 [main] DEBUG o.s.b.f.s.DefaultListableBeanFactory - Returning cached instance of singleton bean 'org.springframework.transaction.config.internalTransactionAdvisor'
2020-03-14 21:57:25.239 [main] DEBUG o.s.b.f.s.DefaultListableBeanFactory - Eagerly caching bean 'org.springframework.boot.autoconfigure.jdbc.JdbcTemplateAutoConfiguration$NamedParameterJdbcTemplateConfiguration' to allow for resolving potential circular references
2020-03-14 21:57:25.253 [main] DEBUG o.s.b.f.s.DefaultListableBeanFactory - Returning cached instance of singleton bean 'metaDataSourceAdvisor'
2020-03-14 21:57:25.253 [main] DEBUG o.s.b.f.s.DefaultListableBeanFactory - Returning cached instance of singleton bean 'org.springframework.transaction.config.internalTransactionAdvisor'
2020-03-14 21:57:25.253 [main] DEBUG o.s.b.f.s.DefaultListableBeanFactory - Returning cached instance of singleton bean 'metaDataSourceAdvisor'
2020-03-14 21:57:25.253 [main] DEBUG o.s.b.f.s.DefaultListableBeanFactory - Returning cached instance of singleton bean 'org.springframework.transaction.config.internalTransactionAdvisor'
2020-03-14 21:57:25.255 [main] DEBUG o.s.b.f.s.DefaultListableBeanFactory - Finished creating instance of bean 'org.springframework.boot.autoconfigure.jdbc.JdbcTemplateAutoConfiguration$NamedParameterJdbcTemplateConfiguration'
2020-03-14 21:57:25.255 [main] DEBUG o.s.b.f.s.DefaultListableBeanFactory - Creating shared instance of singleton bean 'namedParameterJdbcTemplate'
2020-03-14 21:57:25.255 [main] DEBUG o.s.b.f.s.DefaultListableBeanFactory - Creating instance of bean 'namedParameterJdbcTemplate'
2020-03-14 21:57:25.256 [main] DEBUG o.s.b.f.s.DefaultListableBeanFactory - Returning cached instance of singleton bean 'metaDataSourceAdvisor'
2020-03-14 21:57:25.256 [main] DEBUG o.s.b.f.s.DefaultListableBeanFactory - Returning cached instance of singleton bean 'org.springframework.transaction.config.internalTransactionAdvisor'
2020-03-14 21:57:25.256 [main] DEBUG o.s.b.f.s.DefaultListableBeanFactory - Returning cached instance of singleton bean 'org.springframework.boot.autoconfigure.jdbc.JdbcTemplateAutoConfiguration$NamedParameterJdbcTemplateConfiguration'
2020-03-14 21:57:25.261 [main] DEBUG o.s.b.f.s.DefaultListableBeanFactory - Returning cached instance of singleton bean 'jdbcTemplate'
2020-03-14 21:57:25.261 [main] DEBUG o.s.b.f.s.DefaultListableBeanFactory - Autowiring by type from bean name 'namedParameterJdbcTemplate' via factory method to bean named 'jdbcTemplate'
2020-03-14 21:57:25.271 [main] DEBUG o.s.b.f.s.DefaultListableBeanFactory - Eagerly caching bean 'namedParameterJdbcTemplate' to allow for resolving potential circular references
2020-03-14 21:57:25.282 [main] DEBUG o.s.b.f.s.DefaultListableBeanFactory - Returning cached instance of singleton bean 'metaDataSourceAdvisor'
2020-03-14 21:57:25.282 [main] DEBUG o.s.b.f.s.DefaultListableBeanFactory - Returning cached instance of singleton bean 'org.springframework.transaction.config.internalTransactionAdvisor'
2020-03-14 21:57:25.282 [main] DEBUG o.s.b.f.s.DefaultListableBeanFactory - Returning cached instance of singleton bean 'metaDataSourceAdvisor'
2020-03-14 21:57:25.282 [main] DEBUG o.s.b.f.s.DefaultListableBeanFactory - Returning cached instance of singleton bean 'org.springframework.transaction.config.internalTransactionAdvisor'
2020-03-14 21:57:25.284 [main] DEBUG o.s.b.f.s.DefaultListableBeanFactory - Finished creating instance of bean 'namedParameterJdbcTemplate'
2020-03-14 21:57:25.285 [main] DEBUG o.s.b.f.s.DefaultListableBeanFactory - Creating shared instance of singleton bean 'org.springframework.boot.autoconfigure.jdbc.JdbcTemplateAutoConfiguration'
2020-03-14 21:57:25.285 [main] DEBUG o.s.b.f.s.DefaultListableBeanFactory - Creating instance of bean 'org.springframework.boot.autoconfigure.jdbc.JdbcTemplateAutoConfiguration'
2020-03-14 21:57:25.285 [main] DEBUG o.s.b.f.s.DefaultListableBeanFactory - Returning cached instance of singleton bean 'metaDataSourceAdvisor'
2020-03-14 21:57:25.285 [main] DEBUG o.s.b.f.s.DefaultListableBeanFactory - Returning cached instance of singleton bean 'org.springframework.transaction.config.internalTransactionAdvisor'
2020-03-14 21:57:25.285 [main] DEBUG o.s.b.f.s.DefaultListableBeanFactory - Eagerly caching bean 'org.springframework.boot.autoconfigure.jdbc.JdbcTemplateAutoConfiguration' to allow for resolving potential circular references
2020-03-14 21:57:25.295 [main] DEBUG o.s.b.f.s.DefaultListableBeanFactory - Returning cached instance of singleton bean 'metaDataSourceAdvisor'
2020-03-14 21:57:25.295 [main] DEBUG o.s.b.f.s.DefaultListableBeanFactory - Returning cached instance of singleton bean 'org.springframework.transaction.config.internalTransactionAdvisor'
2020-03-14 21:57:25.295 [main] DEBUG o.s.b.f.s.DefaultListableBeanFactory - Returning cached instance of singleton bean 'metaDataSourceAdvisor'
2020-03-14 21:57:25.295 [main] DEBUG o.s.b.f.s.DefaultListableBeanFactory - Returning cached instance of singleton bean 'org.springframework.transaction.config.internalTransactionAdvisor'
2020-03-14 21:57:25.297 [main] DEBUG o.s.b.f.s.DefaultListableBeanFactory - Finished creating instance of bean 'org.springframework.boot.autoconfigure.jdbc.JdbcTemplateAutoConfiguration'
2020-03-14 21:57:25.297 [main] DEBUG o.s.b.f.s.DefaultListableBeanFactory - Returning cached instance of singleton bean 'spring.jdbc-org.springframework.boot.autoconfigure.jdbc.JdbcProperties'
2020-03-14 21:57:25.298 [main] DEBUG o.s.b.f.s.DefaultListableBeanFactory - Creating shared instance of singleton bean 'org.springframework.boot.autoconfigure.security.reactive.ReactiveSecurityAutoConfiguration'
2020-03-14 21:57:25.298 [main] DEBUG o.s.b.f.s.DefaultListableBeanFactory - Creating instance of bean 'org.springframework.boot.autoconfigure.security.reactive.ReactiveSecurityAutoConfiguration'
2020-03-14 21:57:25.298 [main] DEBUG o.s.b.f.s.DefaultListableBeanFactory - Returning cached instance of singleton bean 'metaDataSourceAdvisor'
2020-03-14 21:57:25.298 [main] DEBUG o.s.b.f.s.DefaultListableBeanFactory - Returning cached instance of singleton bean 'org.springframework.transaction.config.internalTransactionAdvisor'
2020-03-14 21:57:25.299 [main] DEBUG o.s.b.f.s.DefaultListableBeanFactory - Eagerly caching bean 'org.springframework.boot.autoconfigure.security.reactive.ReactiveSecurityAutoConfiguration' to allow for resolving potential circular references
2020-03-14 21:57:25.311 [main] DEBUG o.s.b.f.s.DefaultListableBeanFactory - Returning cached instance of singleton bean 'metaDataSourceAdvisor'
2020-03-14 21:57:25.314 [main] DEBUG o.s.b.f.s.DefaultListableBeanFactory - Returning cached instance of singleton bean 'org.springframework.transaction.config.internalTransactionAdvisor'
2020-03-14 21:57:25.315 [main] DEBUG o.s.b.f.s.DefaultListableBeanFactory - Returning cached instance of singleton bean 'metaDataSourceAdvisor'
2020-03-14 21:57:25.315 [main] DEBUG o.s.b.f.s.DefaultListableBeanFactory - Returning cached instance of singleton bean 'org.springframework.transaction.config.internalTransactionAdvisor'
2020-03-14 21:57:25.318 [main] DEBUG o.s.b.f.s.DefaultListableBeanFactory - Finished creating instance of bean 'org.springframework.boot.autoconfigure.security.reactive.ReactiveSecurityAutoConfiguration'
2020-03-14 21:57:25.319 [main] DEBUG o.s.b.f.s.DefaultListableBeanFactory - Creating shared instance of singleton bean 'spring.security-org.springframework.boot.autoconfigure.security.SecurityProperties'
2020-03-14 21:57:25.320 [main] DEBUG o.s.b.f.s.DefaultListableBeanFactory - Creating instance of bean 'spring.security-org.springframework.boot.autoconfigure.security.SecurityProperties'
2020-03-14 21:57:25.324 [main] DEBUG o.s.b.f.s.DefaultListableBeanFactory - Returning cached instance of singleton bean 'metaDataSourceAdvisor'
2020-03-14 21:57:25.324 [main] DEBUG o.s.b.f.s.DefaultListableBeanFactory - Returning cached instance of singleton bean 'org.springframework.transaction.config.internalTransactionAdvisor'
2020-03-14 21:57:25.337 [main] DEBUG o.s.b.f.s.DefaultListableBeanFactory - Eagerly caching bean 'spring.security-org.springframework.boot.autoconfigure.security.SecurityProperties' to allow for resolving potential circular references
2020-03-14 21:57:25.347 [main] DEBUG o.s.b.f.s.DefaultListableBeanFactory - Returning cached instance of singleton bean 'metaDataSourceAdvisor'
2020-03-14 21:57:25.347 [main] DEBUG o.s.b.f.s.DefaultListableBeanFactory - Returning cached instance of singleton bean 'org.springframework.transaction.config.internalTransactionAdvisor'
2020-03-14 21:57:25.348 [main] DEBUG o.s.b.f.s.DefaultListableBeanFactory - Returning cached instance of singleton bean 'metaDataSourceAdvisor'
2020-03-14 21:57:25.348 [main] DEBUG o.s.b.f.s.DefaultListableBeanFactory - Returning cached instance of singleton bean 'org.springframework.transaction.config.internalTransactionAdvisor'
2020-03-14 21:57:25.348 [main] DEBUG o.s.b.f.s.DefaultListableBeanFactory - Finished creating instance of bean 'spring.security-org.springframework.boot.autoconfigure.security.SecurityProperties'
2020-03-14 21:57:25.348 [main] DEBUG o.s.b.f.s.DefaultListableBeanFactory - Creating shared instance of singleton bean 'org.springframework.security.config.annotation.web.configuration.WebSecurityConfiguration'
2020-03-14 21:57:25.348 [main] DEBUG o.s.b.f.s.DefaultListableBeanFactory - Creating instance of bean 'org.springframework.security.config.annotation.web.configuration.WebSecurityConfiguration'
2020-03-14 21:57:25.348 [main] DEBUG o.s.b.f.s.DefaultListableBeanFactory - Returning cached instance of singleton bean 'metaDataSourceAdvisor'
2020-03-14 21:57:25.349 [main] DEBUG o.s.b.f.s.DefaultListableBeanFactory - Returning cached instance of singleton bean 'org.springframework.transaction.config.internalTransactionAdvisor'
2020-03-14 21:57:25.397 [main] DEBUG o.s.b.f.annotation.InjectionMetadata - Registered injected element on class [org.springframework.security.config.annotation.web.configuration.WebSecurityConfiguration$$EnhancerBySpringCGLIB$$487b812c]: AutowiredFieldElement for private org.springframework.security.config.annotation.ObjectPostProcessor org.springframework.security.config.annotation.web.configuration.WebSecurityConfiguration.objectObjectPostProcessor
2020-03-14 21:57:25.398 [main] DEBUG o.s.b.f.annotation.InjectionMetadata - Registered injected element on class [org.springframework.security.config.annotation.web.configuration.WebSecurityConfiguration$$EnhancerBySpringCGLIB$$487b812c]: AutowiredMethodElement for public void org.springframework.security.config.annotation.web.configuration.WebSecurityConfiguration.setFilterChainProxySecurityConfigurer(org.springframework.security.config.annotation.ObjectPostProcessor,java.util.List) throws java.lang.Exception
2020-03-14 21:57:25.399 [main] DEBUG o.s.b.f.s.DefaultListableBeanFactory - Eagerly caching bean 'org.springframework.security.config.annotation.web.configuration.WebSecurityConfiguration' to allow for resolving potential circular references
2020-03-14 21:57:25.419 [main] DEBUG o.s.b.f.annotation.InjectionMetadata - Processing injected element of bean 'org.springframework.security.config.annotation.web.configuration.WebSecurityConfiguration': AutowiredFieldElement for private org.springframework.security.config.annotation.ObjectPostProcessor org.springframework.security.config.annotation.web.configuration.WebSecurityConfiguration.objectObjectPostProcessor
2020-03-14 21:57:25.419 [main] DEBUG o.s.core.annotation.AnnotationUtils - Failed to meta-introspect annotation interface org.springframework.beans.factory.annotation.Autowired: java.lang.NullPointerException
2020-03-14 21:57:25.420 [main] DEBUG o.s.b.f.s.DefaultListableBeanFactory - Returning cached instance of singleton bean 'objectPostProcessor'
2020-03-14 21:57:25.420 [main] DEBUG o.s.b.f.a.AutowiredAnnotationBeanPostProcessor - Autowiring by type from bean name 'org.springframework.security.config.annotation.web.configuration.WebSecurityConfiguration' to bean named 'objectPostProcessor'
2020-03-14 21:57:25.420 [main] DEBUG o.s.b.f.annotation.InjectionMetadata - Processing injected element of bean 'org.springframework.security.config.annotation.web.configuration.WebSecurityConfiguration': AutowiredMethodElement for public void org.springframework.security.config.annotation.web.configuration.WebSecurityConfiguration.setFilterChainProxySecurityConfigurer(org.springframework.security.config.annotation.ObjectPostProcessor,java.util.List) throws java.lang.Exception
2020-03-14 21:57:25.420 [main] DEBUG o.s.b.f.s.DefaultListableBeanFactory - Returning cached instance of singleton bean 'objectPostProcessor'
2020-03-14 21:57:25.421 [main] DEBUG o.s.core.annotation.AnnotationUtils - Failed to meta-introspect annotation interface org.springframework.beans.factory.annotation.Value: java.lang.NullPointerException
2020-03-14 21:57:25.428 [main] DEBUG o.s.b.f.s.DefaultListableBeanFactory - Creating shared instance of singleton bean 'autowiredWebSecurityConfigurersIgnoreParents'
2020-03-14 21:57:25.428 [main] DEBUG o.s.b.f.s.DefaultListableBeanFactory - Creating instance of bean 'autowiredWebSecurityConfigurersIgnoreParents'
2020-03-14 21:57:25.428 [main] DEBUG o.s.b.f.s.DefaultListableBeanFactory - Returning cached instance of singleton bean 'metaDataSourceAdvisor'
2020-03-14 21:57:25.428 [main] DEBUG o.s.b.f.s.DefaultListableBeanFactory - Returning cached instance of singleton bean 'org.springframework.transaction.config.internalTransactionAdvisor'
2020-03-14 21:57:25.431 [main] DEBUG o.s.b.f.s.DefaultListableBeanFactory - Autowiring by type from bean name 'autowiredWebSecurityConfigurersIgnoreParents' via factory method to bean named 'org.springframework.beans.factory.support.DefaultListableBeanFactory@10b892d5'
2020-03-14 21:57:25.432 [main] DEBUG o.s.b.f.s.DefaultListableBeanFactory - Eagerly caching bean 'autowiredWebSecurityConfigurersIgnoreParents' to allow for resolving potential circular references
2020-03-14 21:57:25.437 [main] DEBUG o.s.b.f.s.DefaultListableBeanFactory - Returning cached instance of singleton bean 'metaDataSourceAdvisor'
2020-03-14 21:57:25.437 [main] DEBUG o.s.b.f.s.DefaultListableBeanFactory - Returning cached instance of singleton bean 'org.springframework.transaction.config.internalTransactionAdvisor'
2020-03-14 21:57:25.437 [main] DEBUG o.s.b.f.s.DefaultListableBeanFactory - Returning cached instance of singleton bean 'metaDataSourceAdvisor'
2020-03-14 21:57:25.437 [main] DEBUG o.s.b.f.s.DefaultListableBeanFactory - Returning cached instance of singleton bean 'org.springframework.transaction.config.internalTransactionAdvisor'
2020-03-14 21:57:25.437 [main] DEBUG o.s.b.f.s.DefaultListableBeanFactory - Finished creating instance of bean 'autowiredWebSecurityConfigurersIgnoreParents'
2020-03-14 21:57:25.454 [main] DEBUG o.s.b.f.s.DefaultListableBeanFactory - Returning cached instance of singleton bean 'org.springframework.security.oauth2.config.annotation.web.configuration.ResourceServerConfiguration'
2020-03-14 21:57:25.458 [main] DEBUG o.s.b.f.a.AutowiredAnnotationBeanPostProcessor - Autowiring by type from bean name 'org.springframework.security.config.annotation.web.configuration.WebSecurityConfiguration' to bean named 'objectPostProcessor'
2020-03-14 21:57:25.476 [main] DEBUG o.s.b.f.s.DefaultListableBeanFactory - Returning cached instance of singleton bean 'metaDataSourceAdvisor'
2020-03-14 21:57:25.476 [main] DEBUG o.s.b.f.s.DefaultListableBeanFactory - Returning cached instance of singleton bean 'org.springframework.transaction.config.internalTransactionAdvisor'
2020-03-14 21:57:25.476 [main] DEBUG o.s.b.f.s.DefaultListableBeanFactory - Returning cached instance of singleton bean 'metaDataSourceAdvisor'
2020-03-14 21:57:25.476 [main] DEBUG o.s.b.f.s.DefaultListableBeanFactory - Returning cached instance of singleton bean 'org.springframework.transaction.config.internalTransactionAdvisor'
2020-03-14 21:57:25.505 [main] DEBUG o.s.b.f.s.DefaultListableBeanFactory - Returning cached instance of singleton bean 'org.springframework.context.annotation.ConfigurationClassPostProcessor.importRegistry'
2020-03-14 21:57:25.507 [main] DEBUG o.s.b.f.s.DefaultListableBeanFactory - Returning cached instance of singleton bean 'metaDataSourceAdvisor'
2020-03-14 21:57:25.507 [main] DEBUG o.s.b.f.s.DefaultListableBeanFactory - Returning cached instance of singleton bean 'org.springframework.transaction.config.internalTransactionAdvisor'
2020-03-14 21:57:25.508 [main] DEBUG o.s.b.f.s.DefaultListableBeanFactory - Returning cached instance of singleton bean 'metaDataSourceAdvisor'
2020-03-14 21:57:25.508 [main] DEBUG o.s.b.f.s.DefaultListableBeanFactory - Returning cached instance of singleton bean 'org.springframework.transaction.config.internalTransactionAdvisor'
2020-03-14 21:57:25.511 [main] DEBUG o.s.b.f.s.DefaultListableBeanFactory - Finished creating instance of bean 'org.springframework.security.config.annotation.web.configuration.WebSecurityConfiguration'
2020-03-14 21:57:25.511 [main] DEBUG o.s.b.f.s.DefaultListableBeanFactory - Returning cached instance of singleton bean 'delegatingApplicationListener'
2020-03-14 21:57:25.512 [main] DEBUG o.s.b.f.s.DefaultListableBeanFactory - Creating shared instance of singleton bean 'springSecurityFilterChain'
2020-03-14 21:57:25.512 [main] DEBUG o.s.b.f.s.DefaultListableBeanFactory - Creating instance of bean 'springSecurityFilterChain'
2020-03-14 21:57:25.512 [main] DEBUG o.s.b.f.s.DefaultListableBeanFactory - Returning cached instance of singleton bean 'metaDataSourceAdvisor'
2020-03-14 21:57:25.512 [main] DEBUG o.s.b.f.s.DefaultListableBeanFactory - Returning cached instance of singleton bean 'org.springframework.transaction.config.internalTransactionAdvisor'
2020-03-14 21:57:25.512 [main] DEBUG o.s.b.f.s.DefaultListableBeanFactory - Returning cached instance of singleton bean 'org.springframework.security.config.annotation.web.configuration.WebSecurityConfiguration'
2020-03-14 21:57:25.516 [main] DEBUG o.s.b.f.s.DefaultListableBeanFactory - Returning cached instance of singleton bean 'metaDataSourceAdvisor'
2020-03-14 21:57:25.516 [main] DEBUG o.s.b.f.s.DefaultListableBeanFactory - Returning cached instance of singleton bean 'org.springframework.transaction.config.internalTransactionAdvisor'
2020-03-14 21:57:25.516 [main] DEBUG o.s.b.f.s.DefaultListableBeanFactory - Returning cached instance of singleton bean 'metaDataSourceAdvisor'
2020-03-14 21:57:25.516 [main] DEBUG o.s.b.f.s.DefaultListableBeanFactory - Returning cached instance of singleton bean 'org.springframework.transaction.config.internalTransactionAdvisor'
2020-03-14 21:57:25.526 [main] DEBUG o.s.b.f.s.DefaultListableBeanFactory - Returning cached instance of singleton bean 'resourceServerConfig'
2020-03-14 21:57:25.526 [main] DEBUG o.s.b.f.s.DefaultListableBeanFactory - Creating shared instance of singleton bean 'org.springframework.boot.autoconfigure.security.servlet.WebSecurityEnablerConfiguration'
2020-03-14 21:57:25.526 [main] DEBUG o.s.b.f.s.DefaultListableBeanFactory - Creating instance of bean 'org.springframework.boot.autoconfigure.security.servlet.WebSecurityEnablerConfiguration'
2020-03-14 21:57:25.526 [main] DEBUG o.s.b.f.s.DefaultListableBeanFactory - Returning cached instance of singleton bean 'metaDataSourceAdvisor'
2020-03-14 21:57:25.526 [main] DEBUG o.s.b.f.s.DefaultListableBeanFactory - Returning cached instance of singleton bean 'org.springframework.transaction.config.internalTransactionAdvisor'
2020-03-14 21:57:25.526 [main] DEBUG o.s.b.f.s.DefaultListableBeanFactory - Eagerly caching bean 'org.springframework.boot.autoconfigure.security.servlet.WebSecurityEnablerConfiguration' to allow for resolving potential circular references
2020-03-14 21:57:25.586 [main] DEBUG o.s.b.f.s.DefaultListableBeanFactory - Returning cached instance of singleton bean 'metaDataSourceAdvisor'
2020-03-14 21:57:25.586 [main] DEBUG o.s.b.f.s.DefaultListableBeanFactory - Returning cached instance of singleton bean 'org.springframework.transaction.config.internalTransactionAdvisor'
2020-03-14 21:57:25.587 [main] DEBUG o.s.b.f.s.DefaultListableBeanFactory - Returning cached instance of singleton bean 'metaDataSourceAdvisor'
2020-03-14 21:57:25.587 [main] DEBUG o.s.b.f.s.DefaultListableBeanFactory - Returning cached instance of singleton bean 'org.springframework.transaction.config.internalTransactionAdvisor'
2020-03-14 21:57:25.587 [main] DEBUG o.s.b.f.s.DefaultListableBeanFactory - Finished creating instance of bean 'org.springframework.boot.autoconfigure.security.servlet.WebSecurityEnablerConfiguration'
2020-03-14 21:57:25.587 [main] DEBUG o.s.s.c.a.a.c.AuthenticationConfiguration$EnableGlobalAuthenticationAutowiredConfigurer - Eagerly initializing {resourceServerConfig=com.ningmeng.manage_course.config.ResourceServerConfig$$EnhancerBySpringCGLIB$$82983268@3b25709e, org.springframework.boot.autoconfigure.security.servlet.WebSecurityEnablerConfiguration=org.springframework.boot.autoconfigure.security.servlet.WebSecurityEnablerConfiguration$$EnhancerBySpringCGLIB$$bed97e6e@6a827b0c}
2020-03-14 21:57:25.596 [main] DEBUG o.s.b.f.s.DefaultListableBeanFactory - Creating shared instance of singleton bean 'inMemoryUserDetailsManager'
2020-03-14 21:57:25.597 [main] DEBUG o.s.b.f.s.DefaultListableBeanFactory - Creating instance of bean 'inMemoryUserDetailsManager'
2020-03-14 21:57:25.597 [main] DEBUG o.s.b.f.s.DefaultListableBeanFactory - Returning cached instance of singleton bean 'metaDataSourceAdvisor'
2020-03-14 21:57:25.597 [main] DEBUG o.s.b.f.s.DefaultListableBeanFactory - Returning cached instance of singleton bean 'org.springframework.transaction.config.internalTransactionAdvisor'
2020-03-14 21:57:25.597 [main] DEBUG o.s.b.f.s.DefaultListableBeanFactory - Creating shared instance of singleton bean 'org.springframework.boot.autoconfigure.security.servlet.UserDetailsServiceAutoConfiguration'
2020-03-14 21:57:25.597 [main] DEBUG o.s.b.f.s.DefaultListableBeanFactory - Creating instance of bean 'org.springframework.boot.autoconfigure.security.servlet.UserDetailsServiceAutoConfiguration'
2020-03-14 21:57:25.597 [main] DEBUG o.s.b.f.s.DefaultListableBeanFactory - Returning cached instance of singleton bean 'metaDataSourceAdvisor'
2020-03-14 21:57:25.597 [main] DEBUG o.s.b.f.s.DefaultListableBeanFactory - Returning cached instance of singleton bean 'org.springframework.transaction.config.internalTransactionAdvisor'
2020-03-14 21:57:25.598 [main] DEBUG o.s.b.f.s.DefaultListableBeanFactory - Eagerly caching bean 'org.springframework.boot.autoconfigure.security.servlet.UserDetailsServiceAutoConfiguration' to allow for resolving potential circular references
2020-03-14 21:57:25.616 [main] DEBUG o.s.b.f.s.DefaultListableBeanFactory - Returning cached instance of singleton bean 'metaDataSourceAdvisor'
2020-03-14 21:57:25.617 [main] DEBUG o.s.b.f.s.DefaultListableBeanFactory - Returning cached instance of singleton bean 'org.springframework.transaction.config.internalTransactionAdvisor'
2020-03-14 21:57:25.617 [main] DEBUG o.s.b.f.s.DefaultListableBeanFactory - Returning cached instance of singleton bean 'metaDataSourceAdvisor'
2020-03-14 21:57:25.617 [main] DEBUG o.s.b.f.s.DefaultListableBeanFactory - Returning cached instance of singleton bean 'org.springframework.transaction.config.internalTransactionAdvisor'
2020-03-14 21:57:25.621 [main] DEBUG o.s.b.f.s.DefaultListableBeanFactory - Finished creating instance of bean 'org.springframework.boot.autoconfigure.security.servlet.UserDetailsServiceAutoConfiguration'
2020-03-14 21:57:25.626 [main] DEBUG o.s.b.f.s.DefaultListableBeanFactory - Returning cached instance of singleton bean 'spring.security-org.springframework.boot.autoconfigure.security.SecurityProperties'
2020-03-14 21:57:25.627 [main] DEBUG o.s.b.f.s.DefaultListableBeanFactory - Autowiring by type from bean name 'inMemoryUserDetailsManager' via factory method to bean named 'spring.security-org.springframework.boot.autoconfigure.security.SecurityProperties'
2020-03-14 21:57:25.642 [main] INFO  o.s.b.a.s.s.UserDetailsServiceAutoConfiguration - 

Using generated security password: d57affaf-c5c1-439a-bf09-b6e7b46af1d0

2020-03-14 21:57:25.645 [main] DEBUG o.s.b.f.s.DefaultListableBeanFactory - Eagerly caching bean 'inMemoryUserDetailsManager' to allow for resolving potential circular references
2020-03-14 21:57:25.649 [main] DEBUG o.s.b.f.s.DefaultListableBeanFactory - Returning cached instance of singleton bean 'metaDataSourceAdvisor'
2020-03-14 21:57:25.649 [main] DEBUG o.s.b.f.s.DefaultListableBeanFactory - Returning cached instance of singleton bean 'org.springframework.transaction.config.internalTransactionAdvisor'
2020-03-14 21:57:25.649 [main] DEBUG o.s.b.f.s.DefaultListableBeanFactory - Returning cached instance of singleton bean 'metaDataSourceAdvisor'
2020-03-14 21:57:25.649 [main] DEBUG o.s.b.f.s.DefaultListableBeanFactory - Returning cached instance of singleton bean 'org.springframework.transaction.config.internalTransactionAdvisor'
2020-03-14 21:57:25.650 [main] DEBUG o.s.b.f.s.DefaultListableBeanFactory - Finished creating instance of bean 'inMemoryUserDetailsManager'
2020-03-14 21:57:25.677 [main] DEBUG o.s.b.f.s.DefaultListableBeanFactory - Invoking afterPropertiesSet() on bean with name 'org.springframework.security.authentication.ProviderManager@655b9169'
2020-03-14 21:57:25.677 [main] DEBUG o.s.b.f.s.DefaultListableBeanFactory - Returning cached instance of singleton bean 'metaDataSourceAdvisor'
2020-03-14 21:57:25.677 [main] DEBUG o.s.b.f.s.DefaultListableBeanFactory - Returning cached instance of singleton bean 'org.springframework.transaction.config.internalTransactionAdvisor'
2020-03-14 21:57:25.677 [main] DEBUG o.s.b.f.s.DefaultListableBeanFactory - Returning cached instance of singleton bean 'metaDataSourceAdvisor'
2020-03-14 21:57:25.677 [main] DEBUG o.s.b.f.s.DefaultListableBeanFactory - Returning cached instance of singleton bean 'org.springframework.transaction.config.internalTransactionAdvisor'
2020-03-14 21:57:25.685 [main] DEBUG o.s.b.f.s.DefaultListableBeanFactory - Returning cached instance of singleton bean 'authenticationManagerBuilder'
2020-03-14 21:57:25.987 [main] DEBUG o.s.b.f.s.DefaultListableBeanFactory - Returning cached instance of singleton bean 'metaDataSourceAdvisor'
2020-03-14 21:57:25.987 [main] DEBUG o.s.b.f.s.DefaultListableBeanFactory - Returning cached instance of singleton bean 'org.springframework.transaction.config.internalTransactionAdvisor'
2020-03-14 21:57:25.987 [main] DEBUG o.s.b.f.s.DefaultListableBeanFactory - Returning cached instance of singleton bean 'metaDataSourceAdvisor'
2020-03-14 21:57:25.987 [main] DEBUG o.s.b.f.s.DefaultListableBeanFactory - Returning cached instance of singleton bean 'org.springframework.transaction.config.internalTransactionAdvisor'
2020-03-14 21:57:25.994 [main] DEBUG o.s.b.f.s.DefaultListableBeanFactory - Returning cached instance of singleton bean 'metaDataSourceAdvisor'
2020-03-14 21:57:25.994 [main] DEBUG o.s.b.f.s.DefaultListableBeanFactory - Returning cached instance of singleton bean 'org.springframework.transaction.config.internalTransactionAdvisor'
2020-03-14 21:57:25.994 [main] DEBUG o.s.b.f.s.DefaultListableBeanFactory - Returning cached instance of singleton bean 'metaDataSourceAdvisor'
2020-03-14 21:57:25.994 [main] DEBUG o.s.b.f.s.DefaultListableBeanFactory - Returning cached instance of singleton bean 'org.springframework.transaction.config.internalTransactionAdvisor'
2020-03-14 21:57:25.998 [main] DEBUG o.s.b.f.s.DefaultListableBeanFactory - Returning cached instance of singleton bean 'metaDataSourceAdvisor'
2020-03-14 21:57:25.998 [main] DEBUG o.s.b.f.s.DefaultListableBeanFactory - Returning cached instance of singleton bean 'org.springframework.transaction.config.internalTransactionAdvisor'
2020-03-14 21:57:25.998 [main] DEBUG o.s.b.f.s.DefaultListableBeanFactory - Returning cached instance of singleton bean 'metaDataSourceAdvisor'
2020-03-14 21:57:25.998 [main] DEBUG o.s.b.f.s.DefaultListableBeanFactory - Returning cached instance of singleton bean 'org.springframework.transaction.config.internalTransactionAdvisor'
2020-03-14 21:57:26.010 [main] DEBUG o.s.b.f.s.DefaultListableBeanFactory - Returning cached instance of singleton bean 'metaDataSourceAdvisor'
2020-03-14 21:57:26.010 [main] DEBUG o.s.b.f.s.DefaultListableBeanFactory - Returning cached instance of singleton bean 'org.springframework.transaction.config.internalTransactionAdvisor'
2020-03-14 21:57:26.010 [main] DEBUG o.s.b.f.s.DefaultListableBeanFactory - Returning cached instance of singleton bean 'metaDataSourceAdvisor'
2020-03-14 21:57:26.010 [main] DEBUG o.s.b.f.s.DefaultListableBeanFactory - Returning cached instance of singleton bean 'org.springframework.transaction.config.internalTransactionAdvisor'
2020-03-14 21:57:26.019 [main] DEBUG o.s.b.f.s.DefaultListableBeanFactory - Invoking afterPropertiesSet() on bean with name 'org.springframework.security.authentication.ProviderManager@732fa176'
2020-03-14 21:57:26.020 [main] DEBUG o.s.b.f.s.DefaultListableBeanFactory - Returning cached instance of singleton bean 'metaDataSourceAdvisor'
2020-03-14 21:57:26.020 [main] DEBUG o.s.b.f.s.DefaultListableBeanFactory - Returning cached instance of singleton bean 'org.springframework.transaction.config.internalTransactionAdvisor'
2020-03-14 21:57:26.020 [main] DEBUG o.s.b.f.s.DefaultListableBeanFactory - Returning cached instance of singleton bean 'metaDataSourceAdvisor'
2020-03-14 21:57:26.020 [main] DEBUG o.s.b.f.s.DefaultListableBeanFactory - Returning cached instance of singleton bean 'org.springframework.transaction.config.internalTransactionAdvisor'
2020-03-14 21:57:26.025 [main] DEBUG o.s.b.f.s.DefaultListableBeanFactory - Invoking afterPropertiesSet() on bean with name 'org.springframework.security.web.access.ExceptionTranslationFilter@c0a8787'
2020-03-14 21:57:26.025 [main] DEBUG o.s.b.f.s.DefaultListableBeanFactory - Returning cached instance of singleton bean 'metaDataSourceAdvisor'
2020-03-14 21:57:26.025 [main] DEBUG o.s.b.f.s.DefaultListableBeanFactory - Returning cached instance of singleton bean 'org.springframework.transaction.config.internalTransactionAdvisor'
2020-03-14 21:57:26.025 [main] DEBUG o.s.b.f.s.DefaultListableBeanFactory - Returning cached instance of singleton bean 'metaDataSourceAdvisor'
2020-03-14 21:57:26.025 [main] DEBUG o.s.b.f.s.DefaultListableBeanFactory - Returning cached instance of singleton bean 'org.springframework.transaction.config.internalTransactionAdvisor'
2020-03-14 21:57:26.033 [main] DEBUG o.s.b.f.s.DefaultListableBeanFactory - Invoking afterPropertiesSet() on bean with name 'org.springframework.security.web.header.HeaderWriterFilter@397b5b2d'
2020-03-14 21:57:26.034 [main] DEBUG o.s.b.f.s.DefaultListableBeanFactory - Returning cached instance of singleton bean 'metaDataSourceAdvisor'
2020-03-14 21:57:26.034 [main] DEBUG o.s.b.f.s.DefaultListableBeanFactory - Returning cached instance of singleton bean 'org.springframework.transaction.config.internalTransactionAdvisor'
2020-03-14 21:57:26.034 [main] DEBUG o.s.b.f.s.DefaultListableBeanFactory - Returning cached instance of singleton bean 'metaDataSourceAdvisor'
2020-03-14 21:57:26.034 [main] DEBUG o.s.b.f.s.DefaultListableBeanFactory - Returning cached instance of singleton bean 'org.springframework.transaction.config.internalTransactionAdvisor'
2020-03-14 21:57:26.047 [main] DEBUG o.s.b.f.s.DefaultListableBeanFactory - Invoking afterPropertiesSet() on bean with name 'org.springframework.security.web.session.SessionManagementFilter@1db7a4ae'
2020-03-14 21:57:26.047 [main] DEBUG o.s.b.f.s.DefaultListableBeanFactory - Returning cached instance of singleton bean 'metaDataSourceAdvisor'
2020-03-14 21:57:26.047 [main] DEBUG o.s.b.f.s.DefaultListableBeanFactory - Returning cached instance of singleton bean 'org.springframework.transaction.config.internalTransactionAdvisor'
2020-03-14 21:57:26.047 [main] DEBUG o.s.b.f.s.DefaultListableBeanFactory - Returning cached instance of singleton bean 'metaDataSourceAdvisor'
2020-03-14 21:57:26.047 [main] DEBUG o.s.b.f.s.DefaultListableBeanFactory - Returning cached instance of singleton bean 'org.springframework.transaction.config.internalTransactionAdvisor'
2020-03-14 21:57:26.054 [main] DEBUG o.s.b.f.s.DefaultListableBeanFactory - Invoking afterPropertiesSet() on bean with name 'org.springframework.security.web.context.SecurityContextPersistenceFilter@5a3d52a0'
2020-03-14 21:57:26.055 [main] DEBUG o.s.b.f.s.DefaultListableBeanFactory - Returning cached instance of singleton bean 'metaDataSourceAdvisor'
2020-03-14 21:57:26.055 [main] DEBUG o.s.b.f.s.DefaultListableBeanFactory - Returning cached instance of singleton bean 'org.springframework.transaction.config.internalTransactionAdvisor'
2020-03-14 21:57:26.055 [main] DEBUG o.s.b.f.s.DefaultListableBeanFactory - Returning cached instance of singleton bean 'metaDataSourceAdvisor'
2020-03-14 21:57:26.055 [main] DEBUG o.s.b.f.s.DefaultListableBeanFactory - Returning cached instance of singleton bean 'org.springframework.transaction.config.internalTransactionAdvisor'
2020-03-14 21:57:26.066 [main] DEBUG o.s.b.f.s.DefaultListableBeanFactory - Invoking afterPropertiesSet() on bean with name 'org.springframework.security.web.savedrequest.RequestCacheAwareFilter@18356d9e'
2020-03-14 21:57:26.066 [main] DEBUG o.s.b.f.s.DefaultListableBeanFactory - Returning cached instance of singleton bean 'metaDataSourceAdvisor'
2020-03-14 21:57:26.066 [main] DEBUG o.s.b.f.s.DefaultListableBeanFactory - Returning cached instance of singleton bean 'org.springframework.transaction.config.internalTransactionAdvisor'
2020-03-14 21:57:26.066 [main] DEBUG o.s.b.f.s.DefaultListableBeanFactory - Returning cached instance of singleton bean 'metaDataSourceAdvisor'
2020-03-14 21:57:26.066 [main] DEBUG o.s.b.f.s.DefaultListableBeanFactory - Returning cached instance of singleton bean 'org.springframework.transaction.config.internalTransactionAdvisor'
2020-03-14 21:57:26.100 [main] DEBUG o.s.b.f.s.DefaultListableBeanFactory - Invoking afterPropertiesSet() on bean with name 'org.springframework.security.web.servletapi.SecurityContextHolderAwareRequestFilter@3507200d'
2020-03-14 21:57:26.100 [main] DEBUG o.s.b.f.s.DefaultListableBeanFactory - Returning cached instance of singleton bean 'metaDataSourceAdvisor'
2020-03-14 21:57:26.100 [main] DEBUG o.s.b.f.s.DefaultListableBeanFactory - Returning cached instance of singleton bean 'org.springframework.transaction.config.internalTransactionAdvisor'
2020-03-14 21:57:26.100 [main] DEBUG o.s.b.f.s.DefaultListableBeanFactory - Returning cached instance of singleton bean 'metaDataSourceAdvisor'
2020-03-14 21:57:26.100 [main] DEBUG o.s.b.f.s.DefaultListableBeanFactory - Returning cached instance of singleton bean 'org.springframework.transaction.config.internalTransactionAdvisor'
2020-03-14 21:57:26.114 [main] DEBUG o.s.b.f.s.DefaultListableBeanFactory - Invoking afterPropertiesSet() on bean with name 'org.springframework.security.web.authentication.logout.LogoutFilter@79aa675b'
2020-03-14 21:57:26.114 [main] DEBUG o.s.b.f.s.DefaultListableBeanFactory - Returning cached instance of singleton bean 'metaDataSourceAdvisor'
2020-03-14 21:57:26.114 [main] DEBUG o.s.b.f.s.DefaultListableBeanFactory - Returning cached instance of singleton bean 'org.springframework.transaction.config.internalTransactionAdvisor'
2020-03-14 21:57:26.114 [main] DEBUG o.s.b.f.s.DefaultListableBeanFactory - Returning cached instance of singleton bean 'metaDataSourceAdvisor'
2020-03-14 21:57:26.114 [main] DEBUG o.s.b.f.s.DefaultListableBeanFactory - Returning cached instance of singleton bean 'org.springframework.transaction.config.internalTransactionAdvisor'
2020-03-14 21:57:26.143 [main] DEBUG o.s.b.f.s.DefaultListableBeanFactory - Invoking afterPropertiesSet() on bean with name 'org.springframework.security.oauth2.provider.authentication.OAuth2AuthenticationProcessingFilter@334ac669'
2020-03-14 21:57:26.143 [main] DEBUG o.s.b.f.s.DefaultListableBeanFactory - Returning cached instance of singleton bean 'metaDataSourceAdvisor'
2020-03-14 21:57:26.143 [main] DEBUG o.s.b.f.s.DefaultListableBeanFactory - Returning cached instance of singleton bean 'org.springframework.transaction.config.internalTransactionAdvisor'
2020-03-14 21:57:26.143 [main] DEBUG o.s.b.f.s.DefaultListableBeanFactory - Returning cached instance of singleton bean 'metaDataSourceAdvisor'
2020-03-14 21:57:26.143 [main] DEBUG o.s.b.f.s.DefaultListableBeanFactory - Returning cached instance of singleton bean 'org.springframework.transaction.config.internalTransactionAdvisor'
2020-03-14 21:57:26.148 [main] DEBUG o.s.s.w.a.e.ExpressionBasedFilterInvocationSecurityMetadataSource - Adding web access control expression 'permitAll', for Ant [pattern='/v2/api-docs']
2020-03-14 21:57:26.149 [main] DEBUG o.s.s.w.a.e.ExpressionBasedFilterInvocationSecurityMetadataSource - Adding web access control expression 'permitAll', for Ant [pattern='/swagger-resources/configuration/ui']
2020-03-14 21:57:26.150 [main] DEBUG o.s.s.w.a.e.ExpressionBasedFilterInvocationSecurityMetadataSource - Adding web access control expression 'permitAll', for Ant [pattern='/swagger-resources']
2020-03-14 21:57:26.150 [main] DEBUG o.s.s.w.a.e.ExpressionBasedFilterInvocationSecurityMetadataSource - Adding web access control expression 'permitAll', for Ant [pattern='/swagger-resources/configuration/security']
2020-03-14 21:57:26.150 [main] DEBUG o.s.s.w.a.e.ExpressionBasedFilterInvocationSecurityMetadataSource - Adding web access control expression 'permitAll', for Ant [pattern='/swagger-ui.html']
2020-03-14 21:57:26.150 [main] DEBUG o.s.s.w.a.e.ExpressionBasedFilterInvocationSecurityMetadataSource - Adding web access control expression 'permitAll', for Ant [pattern='/webjars/**']
2020-03-14 21:57:26.150 [main] DEBUG o.s.s.w.a.e.ExpressionBasedFilterInvocationSecurityMetadataSource - Adding web access control expression 'authenticated', for org.springframework.security.web.util.matcher.AnyRequestMatcher@1
2020-03-14 21:57:26.151 [main] DEBUG o.s.b.f.s.DefaultListableBeanFactory - Invoking afterPropertiesSet() on bean with name 'org.springframework.security.access.vote.AffirmativeBased@16718e1b'
2020-03-14 21:57:26.151 [main] DEBUG o.s.b.f.s.DefaultListableBeanFactory - Returning cached instance of singleton bean 'metaDataSourceAdvisor'
2020-03-14 21:57:26.151 [main] DEBUG o.s.b.f.s.DefaultListableBeanFactory - Returning cached instance of singleton bean 'org.springframework.transaction.config.internalTransactionAdvisor'
2020-03-14 21:57:26.151 [main] DEBUG o.s.b.f.s.DefaultListableBeanFactory - Returning cached instance of singleton bean 'metaDataSourceAdvisor'
2020-03-14 21:57:26.151 [main] DEBUG o.s.b.f.s.DefaultListableBeanFactory - Returning cached instance of singleton bean 'org.springframework.transaction.config.internalTransactionAdvisor'
2020-03-14 21:57:26.155 [main] DEBUG o.s.s.w.a.i.FilterSecurityInterceptor - Validated configuration attributes
2020-03-14 21:57:26.155 [main] DEBUG o.s.b.f.s.DefaultListableBeanFactory - Invoking afterPropertiesSet() on bean with name 'org.springframework.security.web.access.intercept.FilterSecurityInterceptor@277dddcf'
2020-03-14 21:57:26.155 [main] DEBUG o.s.s.w.a.i.FilterSecurityInterceptor - Validated configuration attributes
2020-03-14 21:57:26.155 [main] DEBUG o.s.b.f.s.DefaultListableBeanFactory - Returning cached instance of singleton bean 'metaDataSourceAdvisor'
2020-03-14 21:57:26.155 [main] DEBUG o.s.b.f.s.DefaultListableBeanFactory - Returning cached instance of singleton bean 'org.springframework.transaction.config.internalTransactionAdvisor'
2020-03-14 21:57:26.155 [main] DEBUG o.s.b.f.s.DefaultListableBeanFactory - Returning cached instance of singleton bean 'metaDataSourceAdvisor'
2020-03-14 21:57:26.155 [main] DEBUG o.s.b.f.s.DefaultListableBeanFactory - Returning cached instance of singleton bean 'org.springframework.transaction.config.internalTransactionAdvisor'
2020-03-14 21:57:26.169 [main] INFO  o.s.s.web.DefaultSecurityFilterChain - Creating filter chain: org.springframework.security.web.util.matcher.AnyRequestMatcher@1, [org.springframework.security.web.context.request.async.WebAsyncManagerIntegrationFilter@628cb8e0, org.springframework.security.web.context.SecurityContextPersistenceFilter@5a3d52a0, org.springframework.security.web.header.HeaderWriterFilter@397b5b2d, org.springframework.security.web.authentication.logout.LogoutFilter@79aa675b, org.springframework.security.oauth2.provider.authentication.OAuth2AuthenticationProcessingFilter@334ac669, org.springframework.security.web.savedrequest.RequestCacheAwareFilter@18356d9e, org.springframework.security.web.servletapi.SecurityContextHolderAwareRequestFilter@3507200d, org.springframework.security.web.authentication.AnonymousAuthenticationFilter@19f9404d, org.springframework.security.web.session.SessionManagementFilter@1db7a4ae, org.springframework.security.web.access.ExceptionTranslationFilter@c0a8787, org.springframework.security.web.access.intercept.FilterSecurityInterceptor@277dddcf]
2020-03-14 21:57:26.176 [main] DEBUG o.s.b.f.s.DefaultListableBeanFactory - Eagerly caching bean 'springSecurityFilterChain' to allow for resolving potential circular references
2020-03-14 21:57:26.185 [main] DEBUG o.s.b.f.s.DefaultListableBeanFactory - Invoking afterPropertiesSet() on bean with name 'springSecurityFilterChain'
2020-03-14 21:57:26.185 [main] DEBUG o.s.b.f.s.DefaultListableBeanFactory - Returning cached instance of singleton bean 'metaDataSourceAdvisor'
2020-03-14 21:57:26.185 [main] DEBUG o.s.b.f.s.DefaultListableBeanFactory - Returning cached instance of singleton bean 'org.springframework.transaction.config.internalTransactionAdvisor'
2020-03-14 21:57:26.185 [main] DEBUG o.s.b.f.s.DefaultListableBeanFactory - Returning cached instance of singleton bean 'metaDataSourceAdvisor'
2020-03-14 21:57:26.185 [main] DEBUG o.s.b.f.s.DefaultListableBeanFactory - Returning cached instance of singleton bean 'org.springframework.transaction.config.internalTransactionAdvisor'
2020-03-14 21:57:26.186 [main] DEBUG o.s.b.f.s.DefaultListableBeanFactory - Finished creating instance of bean 'springSecurityFilterChain'
2020-03-14 21:57:26.186 [main] DEBUG o.s.b.f.s.DefaultListableBeanFactory - Creating shared instance of singleton bean 'webSecurityExpressionHandler'
2020-03-14 21:57:26.186 [main] DEBUG o.s.b.f.s.DefaultListableBeanFactory - Creating instance of bean 'webSecurityExpressionHandler'
2020-03-14 21:57:26.186 [main] DEBUG o.s.b.f.s.DefaultListableBeanFactory - Returning cached instance of singleton bean 'org.springframework.security.config.annotation.web.configuration.WebSecurityConfiguration'
2020-03-14 21:57:26.186 [main] DEBUG o.s.b.f.s.DefaultListableBeanFactory - Eagerly caching bean 'webSecurityExpressionHandler' to allow for resolving potential circular references
2020-03-14 21:57:26.192 [main] DEBUG o.s.b.f.s.DefaultListableBeanFactory - Finished creating instance of bean 'webSecurityExpressionHandler'
2020-03-14 21:57:26.192 [main] DEBUG o.s.b.f.s.DefaultListableBeanFactory - Returning cached instance of singleton bean 'springSecurityFilterChain'
2020-03-14 21:57:26.192 [main] DEBUG o.s.b.f.s.DefaultListableBeanFactory - Returning cached instance of singleton bean 'springSecurityFilterChain'
2020-03-14 21:57:26.192 [main] DEBUG o.s.b.f.s.DefaultListableBeanFactory - Creating shared instance of singleton bean 'privilegeEvaluator'
2020-03-14 21:57:26.192 [main] DEBUG o.s.b.f.s.DefaultListableBeanFactory - Creating instance of bean 'privilegeEvaluator'
2020-03-14 21:57:26.192 [main] DEBUG o.s.b.f.s.DefaultListableBeanFactory - Returning cached instance of singleton bean 'metaDataSourceAdvisor'
2020-03-14 21:57:26.192 [main] DEBUG o.s.b.f.s.DefaultListableBeanFactory - Returning cached instance of singleton bean 'org.springframework.transaction.config.internalTransactionAdvisor'
2020-03-14 21:57:26.192 [main] DEBUG o.s.b.f.s.DefaultListableBeanFactory - Returning cached instance of singleton bean 'org.springframework.security.config.annotation.web.configuration.WebSecurityConfiguration'
2020-03-14 21:57:26.194 [main] DEBUG o.s.b.f.s.DefaultListableBeanFactory - Eagerly caching bean 'privilegeEvaluator' to allow for resolving potential circular references
2020-03-14 21:57:26.199 [main] DEBUG o.s.b.f.s.DefaultListableBeanFactory - Returning cached instance of singleton bean 'metaDataSourceAdvisor'
2020-03-14 21:57:26.199 [main] DEBUG o.s.b.f.s.DefaultListableBeanFactory - Returning cached instance of singleton bean 'org.springframework.transaction.config.internalTransactionAdvisor'
2020-03-14 21:57:26.199 [main] DEBUG o.s.b.f.s.DefaultListableBeanFactory - Returning cached instance of singleton bean 'metaDataSourceAdvisor'
2020-03-14 21:57:26.199 [main] DEBUG o.s.b.f.s.DefaultListableBeanFactory - Returning cached instance of singleton bean 'org.springframework.transaction.config.internalTransactionAdvisor'
2020-03-14 21:57:26.199 [main] DEBUG o.s.b.f.s.DefaultListableBeanFactory - Finished creating instance of bean 'privilegeEvaluator'
2020-03-14 21:57:26.199 [main] DEBUG o.s.b.f.s.DefaultListableBeanFactory - Returning cached instance of singleton bean 'autowiredWebSecurityConfigurersIgnoreParents'
2020-03-14 21:57:26.199 [main] DEBUG o.s.b.f.s.DefaultListableBeanFactory - Returning cached instance of singleton bean 'org.springframework.security.config.annotation.web.configuration.WebMvcSecurityConfiguration'
2020-03-14 21:57:26.199 [main] DEBUG o.s.b.f.s.DefaultListableBeanFactory - Creating shared instance of singleton bean 'requestDataValueProcessor'
2020-03-14 21:57:26.199 [main] DEBUG o.s.b.f.s.DefaultListableBeanFactory - Creating instance of bean 'requestDataValueProcessor'
2020-03-14 21:57:26.199 [main] DEBUG o.s.b.f.s.DefaultListableBeanFactory - Returning cached instance of singleton bean 'metaDataSourceAdvisor'
2020-03-14 21:57:26.199 [main] DEBUG o.s.b.f.s.DefaultListableBeanFactory - Returning cached instance of singleton bean 'org.springframework.transaction.config.internalTransactionAdvisor'
2020-03-14 21:57:26.199 [main] DEBUG o.s.b.f.s.DefaultListableBeanFactory - Returning cached instance of singleton bean 'org.springframework.security.config.annotation.web.configuration.WebMvcSecurityConfiguration'
2020-03-14 21:57:26.200 [main] DEBUG o.s.b.f.s.DefaultListableBeanFactory - Eagerly caching bean 'requestDataValueProcessor' to allow for resolving potential circular references
2020-03-14 21:57:26.205 [main] DEBUG o.s.b.f.s.DefaultListableBeanFactory - Returning cached instance of singleton bean 'metaDataSourceAdvisor'
2020-03-14 21:57:26.205 [main] DEBUG o.s.b.f.s.DefaultListableBeanFactory - Returning cached instance of singleton bean 'org.springframework.transaction.config.internalTransactionAdvisor'
2020-03-14 21:57:26.205 [main] DEBUG o.s.b.f.s.DefaultListableBeanFactory - Returning cached instance of singleton bean 'metaDataSourceAdvisor'
2020-03-14 21:57:26.205 [main] DEBUG o.s.b.f.s.DefaultListableBeanFactory - Returning cached instance of singleton bean 'org.springframework.transaction.config.internalTransactionAdvisor'
2020-03-14 21:57:26.206 [main] DEBUG o.s.b.f.s.DefaultListableBeanFactory - Finished creating instance of bean 'requestDataValueProcessor'
2020-03-14 21:57:26.206 [main] DEBUG o.s.b.f.s.DefaultListableBeanFactory - Returning cached instance of singleton bean 'org.springframework.boot.autoconfigure.security.servlet.WebSecurityEnablerConfiguration'
2020-03-14 21:57:26.206 [main] DEBUG o.s.b.f.s.DefaultListableBeanFactory - Returning cached instance of singleton bean 'org.springframework.boot.autoconfigure.security.servlet.SecurityAutoConfiguration'
2020-03-14 21:57:26.206 [main] DEBUG o.s.b.f.s.DefaultListableBeanFactory - Returning cached instance of singleton bean 'authenticationEventPublisher'
2020-03-14 21:57:26.206 [main] DEBUG o.s.b.f.s.DefaultListableBeanFactory - Creating shared instance of singleton bean 'org.springframework.boot.autoconfigure.security.servlet.SecurityFilterAutoConfiguration'
2020-03-14 21:57:26.206 [main] DEBUG o.s.b.f.s.DefaultListableBeanFactory - Creating instance of bean 'org.springframework.boot.autoconfigure.security.servlet.SecurityFilterAutoConfiguration'
2020-03-14 21:57:26.206 [main] DEBUG o.s.b.f.s.DefaultListableBeanFactory - Returning cached instance of singleton bean 'metaDataSourceAdvisor'
2020-03-14 21:57:26.206 [main] DEBUG o.s.b.f.s.DefaultListableBeanFactory - Returning cached instance of singleton bean 'org.springframework.transaction.config.internalTransactionAdvisor'
2020-03-14 21:57:26.207 [main] DEBUG o.s.b.f.s.DefaultListableBeanFactory - Eagerly caching bean 'org.springframework.boot.autoconfigure.security.servlet.SecurityFilterAutoConfiguration' to allow for resolving potential circular references
2020-03-14 21:57:26.213 [main] DEBUG o.s.b.f.s.DefaultListableBeanFactory - Returning cached instance of singleton bean 'metaDataSourceAdvisor'
2020-03-14 21:57:26.213 [main] DEBUG o.s.b.f.s.DefaultListableBeanFactory - Returning cached instance of singleton bean 'org.springframework.transaction.config.internalTransactionAdvisor'
2020-03-14 21:57:26.213 [main] DEBUG o.s.b.f.s.DefaultListableBeanFactory - Returning cached instance of singleton bean 'metaDataSourceAdvisor'
2020-03-14 21:57:26.213 [main] DEBUG o.s.b.f.s.DefaultListableBeanFactory - Returning cached instance of singleton bean 'org.springframework.transaction.config.internalTransactionAdvisor'
2020-03-14 21:57:26.214 [main] DEBUG o.s.b.f.s.DefaultListableBeanFactory - Finished creating instance of bean 'org.springframework.boot.autoconfigure.security.servlet.SecurityFilterAutoConfiguration'
2020-03-14 21:57:26.214 [main] DEBUG o.s.b.f.s.DefaultListableBeanFactory - Creating shared instance of singleton bean 'securityFilterChainRegistration'
2020-03-14 21:57:26.214 [main] DEBUG o.s.b.f.s.DefaultListableBeanFactory - Creating instance of bean 'securityFilterChainRegistration'
2020-03-14 21:57:26.214 [main] DEBUG o.s.b.f.s.DefaultListableBeanFactory - Returning cached instance of singleton bean 'metaDataSourceAdvisor'
2020-03-14 21:57:26.214 [main] DEBUG o.s.b.f.s.DefaultListableBeanFactory - Returning cached instance of singleton bean 'org.springframework.transaction.config.internalTransactionAdvisor'
2020-03-14 21:57:26.214 [main] DEBUG o.s.b.f.s.DefaultListableBeanFactory - Returning cached instance of singleton bean 'org.springframework.boot.autoconfigure.security.servlet.SecurityFilterAutoConfiguration'
2020-03-14 21:57:26.214 [main] DEBUG o.s.b.f.s.DefaultListableBeanFactory - Returning cached instance of singleton bean 'spring.security-org.springframework.boot.autoconfigure.security.SecurityProperties'
2020-03-14 21:57:26.214 [main] DEBUG o.s.b.f.s.DefaultListableBeanFactory - Autowiring by type from bean name 'securityFilterChainRegistration' via factory method to bean named 'spring.security-org.springframework.boot.autoconfigure.security.SecurityProperties'
2020-03-14 21:57:26.219 [main] DEBUG o.s.b.f.s.DefaultListableBeanFactory - Eagerly caching bean 'securityFilterChainRegistration' to allow for resolving potential circular references
2020-03-14 21:57:26.229 [main] DEBUG o.s.b.f.s.DefaultListableBeanFactory - Returning cached instance of singleton bean 'metaDataSourceAdvisor'
2020-03-14 21:57:26.229 [main] DEBUG o.s.b.f.s.DefaultListableBeanFactory - Returning cached instance of singleton bean 'org.springframework.transaction.config.internalTransactionAdvisor'
2020-03-14 21:57:26.229 [main] DEBUG o.s.b.f.s.DefaultListableBeanFactory - Returning cached instance of singleton bean 'metaDataSourceAdvisor'
2020-03-14 21:57:26.229 [main] DEBUG o.s.b.f.s.DefaultListableBeanFactory - Returning cached instance of singleton bean 'org.springframework.transaction.config.internalTransactionAdvisor'
2020-03-14 21:57:26.239 [main] DEBUG o.s.b.f.s.DefaultListableBeanFactory - Finished creating instance of bean 'securityFilterChainRegistration'
2020-03-14 21:57:26.240 [main] DEBUG o.s.b.f.s.DefaultListableBeanFactory - Returning cached instance of singleton bean 'org.springframework.boot.autoconfigure.security.servlet.UserDetailsServiceAutoConfiguration'
2020-03-14 21:57:26.240 [main] DEBUG o.s.b.f.s.DefaultListableBeanFactory - Returning cached instance of singleton bean 'inMemoryUserDetailsManager'
2020-03-14 21:57:26.240 [main] DEBUG o.s.b.f.s.DefaultListableBeanFactory - Creating shared instance of singleton bean 'org.springframework.boot.autoconfigure.jdbc.DataSourceTransactionManagerAutoConfiguration$DataSourceTransactionManagerConfiguration'
2020-03-14 21:57:26.240 [main] DEBUG o.s.b.f.s.DefaultListableBeanFactory - Creating instance of bean 'org.springframework.boot.autoconfigure.jdbc.DataSourceTransactionManagerAutoConfiguration$DataSourceTransactionManagerConfiguration'
2020-03-14 21:57:26.240 [main] DEBUG o.s.b.f.s.DefaultListableBeanFactory - Returning cached instance of singleton bean 'metaDataSourceAdvisor'
2020-03-14 21:57:26.240 [main] DEBUG o.s.b.f.s.DefaultListableBeanFactory - Returning cached instance of singleton bean 'org.springframework.transaction.config.internalTransactionAdvisor'
2020-03-14 21:57:26.242 [main] DEBUG o.s.c.LocalVariableTableParameterNameDiscoverer - Cannot find '.class' file for class [class org.springframework.boot.autoconfigure.jdbc.DataSourceTransactionManagerAutoConfiguration$DataSourceTransactionManagerConfiguration$$EnhancerBySpringCGLIB$$4e4aeca8] - unable to determine constructor/method parameter names
2020-03-14 21:57:26.243 [main] DEBUG o.s.b.f.s.DefaultListableBeanFactory - Returning cached instance of singleton bean 'dataSource'
2020-03-14 21:57:26.243 [main] DEBUG o.s.b.f.s.DefaultListableBeanFactory - Autowiring by type from bean name 'org.springframework.boot.autoconfigure.jdbc.DataSourceTransactionManagerAutoConfiguration$DataSourceTransactionManagerConfiguration' via constructor to bean named 'dataSource'
2020-03-14 21:57:26.247 [main] DEBUG o.s.b.f.s.DefaultListableBeanFactory - Returning cached instance of singleton bean 'platformTransactionManagerCustomizers'
2020-03-14 21:57:26.249 [main] DEBUG o.s.b.f.s.DefaultListableBeanFactory - Eagerly caching bean 'org.springframework.boot.autoconfigure.jdbc.DataSourceTransactionManagerAutoConfiguration$DataSourceTransactionManagerConfiguration' to allow for resolving potential circular references
2020-03-14 21:57:26.261 [main] DEBUG o.s.b.f.s.DefaultListableBeanFactory - Returning cached instance of singleton bean 'metaDataSourceAdvisor'
2020-03-14 21:57:26.261 [main] DEBUG o.s.b.f.s.DefaultListableBeanFactory - Returning cached instance of singleton bean 'org.springframework.transaction.config.internalTransactionAdvisor'
2020-03-14 21:57:26.261 [main] DEBUG o.s.b.f.s.DefaultListableBeanFactory - Returning cached instance of singleton bean 'metaDataSourceAdvisor'
2020-03-14 21:57:26.262 [main] DEBUG o.s.b.f.s.DefaultListableBeanFactory - Returning cached instance of singleton bean 'org.springframework.transaction.config.internalTransactionAdvisor'
2020-03-14 21:57:26.262 [main] DEBUG o.s.b.f.s.DefaultListableBeanFactory - Finished creating instance of bean 'org.springframework.boot.autoconfigure.jdbc.DataSourceTransactionManagerAutoConfiguration$DataSourceTransactionManagerConfiguration'
2020-03-14 21:57:26.262 [main] DEBUG o.s.b.f.s.DefaultListableBeanFactory - Creating shared instance of singleton bean 'org.springframework.boot.autoconfigure.jdbc.DataSourceTransactionManagerAutoConfiguration'
2020-03-14 21:57:26.262 [main] DEBUG o.s.b.f.s.DefaultListableBeanFactory - Creating instance of bean 'org.springframework.boot.autoconfigure.jdbc.DataSourceTransactionManagerAutoConfiguration'
2020-03-14 21:57:26.262 [main] DEBUG o.s.b.f.s.DefaultListableBeanFactory - Returning cached instance of singleton bean 'metaDataSourceAdvisor'
2020-03-14 21:57:26.262 [main] DEBUG o.s.b.f.s.DefaultListableBeanFactory - Returning cached instance of singleton bean 'org.springframework.transaction.config.internalTransactionAdvisor'
2020-03-14 21:57:26.263 [main] DEBUG o.s.b.f.s.DefaultListableBeanFactory - Eagerly caching bean 'org.springframework.boot.autoconfigure.jdbc.DataSourceTransactionManagerAutoConfiguration' to allow for resolving potential circular references
2020-03-14 21:57:26.277 [main] DEBUG o.s.b.f.s.DefaultListableBeanFactory - Returning cached instance of singleton bean 'metaDataSourceAdvisor'
2020-03-14 21:57:26.278 [main] DEBUG o.s.b.f.s.DefaultListableBeanFactory - Returning cached instance of singleton bean 'org.springframework.transaction.config.internalTransactionAdvisor'
2020-03-14 21:57:26.278 [main] DEBUG o.s.b.f.s.DefaultListableBeanFactory - Returning cached instance of singleton bean 'metaDataSourceAdvisor'
2020-03-14 21:57:26.278 [main] DEBUG o.s.b.f.s.DefaultListableBeanFactory - Returning cached instance of singleton bean 'org.springframework.transaction.config.internalTransactionAdvisor'
2020-03-14 21:57:26.279 [main] DEBUG o.s.b.f.s.DefaultListableBeanFactory - Finished creating instance of bean 'org.springframework.boot.autoconfigure.jdbc.DataSourceTransactionManagerAutoConfiguration'
2020-03-14 21:57:26.279 [main] DEBUG o.s.b.f.s.DefaultListableBeanFactory - Returning cached instance of singleton bean 'org.springframework.transaction.annotation.ProxyTransactionManagementConfiguration'
2020-03-14 21:57:26.279 [main] DEBUG o.s.b.f.s.DefaultListableBeanFactory - Returning cached instance of singleton bean 'org.springframework.transaction.config.internalTransactionAdvisor'
2020-03-14 21:57:26.279 [main] DEBUG o.s.b.f.s.DefaultListableBeanFactory - Returning cached instance of singleton bean 'transactionAttributeSource'
2020-03-14 21:57:26.279 [main] DEBUG o.s.b.f.s.DefaultListableBeanFactory - Returning cached instance of singleton bean 'transactionInterceptor'
2020-03-14 21:57:26.279 [main] DEBUG o.s.b.f.s.DefaultListableBeanFactory - Creating shared instance of singleton bean 'org.springframework.transaction.config.internalTransactionalEventListenerFactory'
2020-03-14 21:57:26.279 [main] DEBUG o.s.b.f.s.DefaultListableBeanFactory - Creating instance of bean 'org.springframework.transaction.config.internalTransactionalEventListenerFactory'
2020-03-14 21:57:26.279 [main] DEBUG o.s.b.f.s.DefaultListableBeanFactory - Returning cached instance of singleton bean 'metaDataSourceAdvisor'
2020-03-14 21:57:26.279 [main] DEBUG o.s.b.f.s.DefaultListableBeanFactory - Returning cached instance of singleton bean 'org.springframework.transaction.config.internalTransactionAdvisor'
2020-03-14 21:57:26.279 [main] DEBUG o.s.b.f.s.DefaultListableBeanFactory - Returning cached instance of singleton bean 'org.springframework.transaction.annotation.ProxyTransactionManagementConfiguration'
2020-03-14 21:57:26.282 [main] DEBUG o.s.b.f.s.DefaultListableBeanFactory - Eagerly caching bean 'org.springframework.transaction.config.internalTransactionalEventListenerFactory' to allow for resolving potential circular references
2020-03-14 21:57:26.286 [main] DEBUG o.s.b.f.s.DefaultListableBeanFactory - Returning cached instance of singleton bean 'metaDataSourceAdvisor'
2020-03-14 21:57:26.287 [main] DEBUG o.s.b.f.s.DefaultListableBeanFactory - Returning cached instance of singleton bean 'org.springframework.transaction.config.internalTransactionAdvisor'
2020-03-14 21:57:26.287 [main] DEBUG o.s.b.f.s.DefaultListableBeanFactory - Returning cached instance of singleton bean 'metaDataSourceAdvisor'
2020-03-14 21:57:26.287 [main] DEBUG o.s.b.f.s.DefaultListableBeanFactory - Returning cached instance of singleton bean 'org.springframework.transaction.config.internalTransactionAdvisor'
2020-03-14 21:57:26.287 [main] DEBUG o.s.b.f.s.DefaultListableBeanFactory - Finished creating instance of bean 'org.springframework.transaction.config.internalTransactionalEventListenerFactory'
2020-03-14 21:57:26.287 [main] DEBUG o.s.b.f.s.DefaultListableBeanFactory - Creating shared instance of singleton bean 'org.springframework.boot.autoconfigure.transaction.TransactionAutoConfiguration$EnableTransactionManagementConfiguration$CglibAutoProxyConfiguration'
2020-03-14 21:57:26.287 [main] DEBUG o.s.b.f.s.DefaultListableBeanFactory - Creating instance of bean 'org.springframework.boot.autoconfigure.transaction.TransactionAutoConfiguration$EnableTransactionManagementConfiguration$CglibAutoProxyConfiguration'
2020-03-14 21:57:26.287 [main] DEBUG o.s.b.f.s.DefaultListableBeanFactory - Returning cached instance of singleton bean 'metaDataSourceAdvisor'
2020-03-14 21:57:26.287 [main] DEBUG o.s.b.f.s.DefaultListableBeanFactory - Returning cached instance of singleton bean 'org.springframework.transaction.config.internalTransactionAdvisor'
2020-03-14 21:57:26.287 [main] DEBUG o.s.b.f.s.DefaultListableBeanFactory - Eagerly caching bean 'org.springframework.boot.autoconfigure.transaction.TransactionAutoConfiguration$EnableTransactionManagementConfiguration$CglibAutoProxyConfiguration' to allow for resolving potential circular references
2020-03-14 21:57:26.296 [main] DEBUG o.s.b.f.s.DefaultListableBeanFactory - Returning cached instance of singleton bean 'metaDataSourceAdvisor'
2020-03-14 21:57:26.296 [main] DEBUG o.s.b.f.s.DefaultListableBeanFactory - Returning cached instance of singleton bean 'org.springframework.transaction.config.internalTransactionAdvisor'
2020-03-14 21:57:26.296 [main] DEBUG o.s.b.f.s.DefaultListableBeanFactory - Returning cached instance of singleton bean 'metaDataSourceAdvisor'
2020-03-14 21:57:26.296 [main] DEBUG o.s.b.f.s.DefaultListableBeanFactory - Returning cached instance of singleton bean 'org.springframework.transaction.config.internalTransactionAdvisor'
2020-03-14 21:57:26.297 [main] DEBUG o.s.b.f.s.DefaultListableBeanFactory - Finished creating instance of bean 'org.springframework.boot.autoconfigure.transaction.TransactionAutoConfiguration$EnableTransactionManagementConfiguration$CglibAutoProxyConfiguration'
2020-03-14 21:57:26.297 [main] DEBUG o.s.b.f.s.DefaultListableBeanFactory - Creating shared instance of singleton bean 'org.springframework.boot.autoconfigure.transaction.TransactionAutoConfiguration$EnableTransactionManagementConfiguration'
2020-03-14 21:57:26.297 [main] DEBUG o.s.b.f.s.DefaultListableBeanFactory - Creating instance of bean 'org.springframework.boot.autoconfigure.transaction.TransactionAutoConfiguration$EnableTransactionManagementConfiguration'
2020-03-14 21:57:26.297 [main] DEBUG o.s.b.f.s.DefaultListableBeanFactory - Returning cached instance of singleton bean 'metaDataSourceAdvisor'
2020-03-14 21:57:26.297 [main] DEBUG o.s.b.f.s.DefaultListableBeanFactory - Returning cached instance of singleton bean 'org.springframework.transaction.config.internalTransactionAdvisor'
2020-03-14 21:57:26.298 [main] DEBUG o.s.b.f.s.DefaultListableBeanFactory - Eagerly caching bean 'org.springframework.boot.autoconfigure.transaction.TransactionAutoConfiguration$EnableTransactionManagementConfiguration' to allow for resolving potential circular references
2020-03-14 21:57:26.314 [main] DEBUG o.s.b.f.s.DefaultListableBeanFactory - Returning cached instance of singleton bean 'metaDataSourceAdvisor'
2020-03-14 21:57:26.314 [main] DEBUG o.s.b.f.s.DefaultListableBeanFactory - Returning cached instance of singleton bean 'org.springframework.transaction.config.internalTransactionAdvisor'
2020-03-14 21:57:26.314 [main] DEBUG o.s.b.f.s.DefaultListableBeanFactory - Returning cached instance of singleton bean 'metaDataSourceAdvisor'
2020-03-14 21:57:26.314 [main] DEBUG o.s.b.f.s.DefaultListableBeanFactory - Returning cached instance of singleton bean 'org.springframework.transaction.config.internalTransactionAdvisor'
2020-03-14 21:57:26.319 [main] DEBUG o.s.b.f.s.DefaultListableBeanFactory - Finished creating instance of bean 'org.springframework.boot.autoconfigure.transaction.TransactionAutoConfiguration$EnableTransactionManagementConfiguration'
2020-03-14 21:57:26.320 [main] DEBUG o.s.b.f.s.DefaultListableBeanFactory - Creating shared instance of singleton bean 'org.springframework.boot.autoconfigure.transaction.TransactionAutoConfiguration$TransactionTemplateConfiguration'
2020-03-14 21:57:26.320 [main] DEBUG o.s.b.f.s.DefaultListableBeanFactory - Creating instance of bean 'org.springframework.boot.autoconfigure.transaction.TransactionAutoConfiguration$TransactionTemplateConfiguration'
2020-03-14 21:57:26.321 [main] DEBUG o.s.b.f.s.DefaultListableBeanFactory - Returning cached instance of singleton bean 'metaDataSourceAdvisor'
2020-03-14 21:57:26.321 [main] DEBUG o.s.b.f.s.DefaultListableBeanFactory - Returning cached instance of singleton bean 'org.springframework.transaction.config.internalTransactionAdvisor'
2020-03-14 21:57:26.322 [main] DEBUG o.s.c.LocalVariableTableParameterNameDiscoverer - Cannot find '.class' file for class [class org.springframework.boot.autoconfigure.transaction.TransactionAutoConfiguration$TransactionTemplateConfiguration$$EnhancerBySpringCGLIB$$9fd4b17b] - unable to determine constructor/method parameter names
2020-03-14 21:57:26.325 [main] DEBUG o.s.b.f.s.DefaultListableBeanFactory - Returning cached instance of singleton bean 'transactionManager'
2020-03-14 21:57:26.326 [main] DEBUG o.s.b.f.s.DefaultListableBeanFactory - Autowiring by type from bean name 'org.springframework.boot.autoconfigure.transaction.TransactionAutoConfiguration$TransactionTemplateConfiguration' via constructor to bean named 'transactionManager'
2020-03-14 21:57:26.326 [main] DEBUG o.s.b.f.s.DefaultListableBeanFactory - Eagerly caching bean 'org.springframework.boot.autoconfigure.transaction.TransactionAutoConfiguration$TransactionTemplateConfiguration' to allow for resolving potential circular references
2020-03-14 21:57:26.330 [main] DEBUG o.s.b.f.s.DefaultListableBeanFactory - Returning cached instance of singleton bean 'metaDataSourceAdvisor'
2020-03-14 21:57:26.330 [main] DEBUG o.s.b.f.s.DefaultListableBeanFactory - Returning cached instance of singleton bean 'org.springframework.transaction.config.internalTransactionAdvisor'
2020-03-14 21:57:26.330 [main] DEBUG o.s.b.f.s.DefaultListableBeanFactory - Returning cached instance of singleton bean 'metaDataSourceAdvisor'
2020-03-14 21:57:26.330 [main] DEBUG o.s.b.f.s.DefaultListableBeanFactory - Returning cached instance of singleton bean 'org.springframework.transaction.config.internalTransactionAdvisor'
2020-03-14 21:57:26.331 [main] DEBUG o.s.b.f.s.DefaultListableBeanFactory - Finished creating instance of bean 'org.springframework.boot.autoconfigure.transaction.TransactionAutoConfiguration$TransactionTemplateConfiguration'
2020-03-14 21:57:26.331 [main] DEBUG o.s.b.f.s.DefaultListableBeanFactory - Creating shared instance of singleton bean 'transactionTemplate'
2020-03-14 21:57:26.331 [main] DEBUG o.s.b.f.s.DefaultListableBeanFactory - Creating instance of bean 'transactionTemplate'
2020-03-14 21:57:26.331 [main] DEBUG o.s.b.f.s.DefaultListableBeanFactory - Returning cached instance of singleton bean 'metaDataSourceAdvisor'
2020-03-14 21:57:26.331 [main] DEBUG o.s.b.f.s.DefaultListableBeanFactory - Returning cached instance of singleton bean 'org.springframework.transaction.config.internalTransactionAdvisor'
2020-03-14 21:57:26.332 [main] DEBUG o.s.b.f.s.DefaultListableBeanFactory - Returning cached instance of singleton bean 'org.springframework.boot.autoconfigure.transaction.TransactionAutoConfiguration$TransactionTemplateConfiguration'
2020-03-14 21:57:26.336 [main] DEBUG o.s.b.f.s.DefaultListableBeanFactory - Eagerly caching bean 'transactionTemplate' to allow for resolving potential circular references
2020-03-14 21:57:26.347 [main] DEBUG o.s.b.f.s.DefaultListableBeanFactory - Invoking afterPropertiesSet() on bean with name 'transactionTemplate'
2020-03-14 21:57:26.347 [main] DEBUG o.s.b.f.s.DefaultListableBeanFactory - Returning cached instance of singleton bean 'metaDataSourceAdvisor'
2020-03-14 21:57:26.347 [main] DEBUG o.s.b.f.s.DefaultListableBeanFactory - Returning cached instance of singleton bean 'org.springframework.transaction.config.internalTransactionAdvisor'
2020-03-14 21:57:26.347 [main] DEBUG o.s.b.f.s.DefaultListableBeanFactory - Returning cached instance of singleton bean 'metaDataSourceAdvisor'
2020-03-14 21:57:26.348 [main] DEBUG o.s.b.f.s.DefaultListableBeanFactory - Returning cached instance of singleton bean 'org.springframework.transaction.config.internalTransactionAdvisor'
2020-03-14 21:57:26.349 [main] DEBUG o.s.b.f.s.DefaultListableBeanFactory - Finished creating instance of bean 'transactionTemplate'
2020-03-14 21:57:26.349 [main] DEBUG o.s.b.f.s.DefaultListableBeanFactory - Returning cached instance of singleton bean 'org.springframework.boot.autoconfigure.transaction.TransactionAutoConfiguration'
2020-03-14 21:57:26.349 [main] DEBUG o.s.b.f.s.DefaultListableBeanFactory - Returning cached instance of singleton bean 'platformTransactionManagerCustomizers'
2020-03-14 21:57:26.349 [main] DEBUG o.s.b.f.s.DefaultListableBeanFactory - Returning cached instance of singleton bean 'spring.transaction-org.springframework.boot.autoconfigure.transaction.TransactionProperties'
2020-03-14 21:57:26.349 [main] DEBUG o.s.b.f.s.DefaultListableBeanFactory - Returning cached instance of singleton bean 'org.springframework.boot.autoconfigure.web.embedded.EmbeddedWebServerFactoryCustomizerAutoConfiguration$TomcatWebServerFactoryCustomizerConfiguration'
2020-03-14 21:57:26.349 [main] DEBUG o.s.b.f.s.DefaultListableBeanFactory - Returning cached instance of singleton bean 'tomcatWebServerFactoryCustomizer'
2020-03-14 21:57:26.349 [main] DEBUG o.s.b.f.s.DefaultListableBeanFactory - Creating shared instance of singleton bean 'org.springframework.boot.autoconfigure.web.embedded.EmbeddedWebServerFactoryCustomizerAutoConfiguration'
2020-03-14 21:57:26.349 [main] DEBUG o.s.b.f.s.DefaultListableBeanFactory - Creating instance of bean 'org.springframework.boot.autoconfigure.web.embedded.EmbeddedWebServerFactoryCustomizerAutoConfiguration'
2020-03-14 21:57:26.349 [main] DEBUG o.s.b.f.s.DefaultListableBeanFactory - Returning cached instance of singleton bean 'metaDataSourceAdvisor'
2020-03-14 21:57:26.349 [main] DEBUG o.s.b.f.s.DefaultListableBeanFactory - Returning cached instance of singleton bean 'org.springframework.transaction.config.internalTransactionAdvisor'
2020-03-14 21:57:26.349 [main] DEBUG o.s.b.f.s.DefaultListableBeanFactory - Eagerly caching bean 'org.springframework.boot.autoconfigure.web.embedded.EmbeddedWebServerFactoryCustomizerAutoConfiguration' to allow for resolving potential circular references
2020-03-14 21:57:26.353 [main] DEBUG o.s.b.f.s.DefaultListableBeanFactory - Returning cached instance of singleton bean 'metaDataSourceAdvisor'
2020-03-14 21:57:26.353 [main] DEBUG o.s.b.f.s.DefaultListableBeanFactory - Returning cached instance of singleton bean 'org.springframework.transaction.config.internalTransactionAdvisor'
2020-03-14 21:57:26.353 [main] DEBUG o.s.b.f.s.DefaultListableBeanFactory - Returning cached instance of singleton bean 'metaDataSourceAdvisor'
2020-03-14 21:57:26.353 [main] DEBUG o.s.b.f.s.DefaultListableBeanFactory - Returning cached instance of singleton bean 'org.springframework.transaction.config.internalTransactionAdvisor'
2020-03-14 21:57:26.353 [main] DEBUG o.s.b.f.s.DefaultListableBeanFactory - Finished creating instance of bean 'org.springframework.boot.autoconfigure.web.embedded.EmbeddedWebServerFactoryCustomizerAutoConfiguration'
2020-03-14 21:57:26.353 [main] DEBUG o.s.b.f.s.DefaultListableBeanFactory - Returning cached instance of singleton bean 'org.springframework.boot.autoconfigure.web.servlet.HttpEncodingAutoConfiguration'
2020-03-14 21:57:26.353 [main] DEBUG o.s.b.f.s.DefaultListableBeanFactory - Creating shared instance of singleton bean 'characterEncodingFilter'
2020-03-14 21:57:26.353 [main] DEBUG o.s.b.f.s.DefaultListableBeanFactory - Creating instance of bean 'characterEncodingFilter'
2020-03-14 21:57:26.353 [main] DEBUG o.s.b.f.s.DefaultListableBeanFactory - Returning cached instance of singleton bean 'metaDataSourceAdvisor'
2020-03-14 21:57:26.353 [main] DEBUG o.s.b.f.s.DefaultListableBeanFactory - Returning cached instance of singleton bean 'org.springframework.transaction.config.internalTransactionAdvisor'
2020-03-14 21:57:26.354 [main] DEBUG o.s.b.f.s.DefaultListableBeanFactory - Returning cached instance of singleton bean 'org.springframework.boot.autoconfigure.web.servlet.HttpEncodingAutoConfiguration'
2020-03-14 21:57:26.354 [main] DEBUG o.s.b.f.s.DefaultListableBeanFactory - Eagerly caching bean 'characterEncodingFilter' to allow for resolving potential circular references
2020-03-14 21:57:26.383 [main] DEBUG o.s.b.f.s.DefaultListableBeanFactory - Invoking afterPropertiesSet() on bean with name 'characterEncodingFilter'
2020-03-14 21:57:26.383 [main] DEBUG o.s.b.f.s.DefaultListableBeanFactory - Returning cached instance of singleton bean 'metaDataSourceAdvisor'
2020-03-14 21:57:26.383 [main] DEBUG o.s.b.f.s.DefaultListableBeanFactory - Returning cached instance of singleton bean 'org.springframework.transaction.config.internalTransactionAdvisor'
2020-03-14 21:57:26.383 [main] DEBUG o.s.b.f.s.DefaultListableBeanFactory - Returning cached instance of singleton bean 'metaDataSourceAdvisor'
2020-03-14 21:57:26.383 [main] DEBUG o.s.b.f.s.DefaultListableBeanFactory - Returning cached instance of singleton bean 'org.springframework.transaction.config.internalTransactionAdvisor'
2020-03-14 21:57:26.392 [main] DEBUG o.s.b.f.s.DefaultListableBeanFactory - Finished creating instance of bean 'characterEncodingFilter'
2020-03-14 21:57:26.392 [main] DEBUG o.s.b.f.s.DefaultListableBeanFactory - Returning cached instance of singleton bean 'localeCharsetMappingsCustomizer'
2020-03-14 21:57:26.392 [main] DEBUG o.s.b.f.s.DefaultListableBeanFactory - Returning cached instance of singleton bean 'org.springframework.boot.autoconfigure.web.servlet.MultipartAutoConfiguration'
2020-03-14 21:57:26.392 [main] DEBUG o.s.b.f.s.DefaultListableBeanFactory - Returning cached instance of singleton bean 'multipartConfigElement'
2020-03-14 21:57:26.392 [main] DEBUG o.s.b.f.s.DefaultListableBeanFactory - Creating shared instance of singleton bean 'multipartResolver'
2020-03-14 21:57:26.392 [main] DEBUG o.s.b.f.s.DefaultListableBeanFactory - Creating instance of bean 'multipartResolver'
2020-03-14 21:57:26.393 [main] DEBUG o.s.b.f.s.DefaultListableBeanFactory - Returning cached instance of singleton bean 'metaDataSourceAdvisor'
2020-03-14 21:57:26.393 [main] DEBUG o.s.b.f.s.DefaultListableBeanFactory - Returning cached instance of singleton bean 'org.springframework.transaction.config.internalTransactionAdvisor'
2020-03-14 21:57:26.393 [main] DEBUG o.s.b.f.s.DefaultListableBeanFactory - Returning cached instance of singleton bean 'org.springframework.boot.autoconfigure.web.servlet.MultipartAutoConfiguration'
2020-03-14 21:57:26.395 [main] DEBUG o.s.b.f.s.DefaultListableBeanFactory - Eagerly caching bean 'multipartResolver' to allow for resolving potential circular references
2020-03-14 21:57:26.402 [main] DEBUG o.s.b.f.s.DefaultListableBeanFactory - Returning cached instance of singleton bean 'metaDataSourceAdvisor'
2020-03-14 21:57:26.402 [main] DEBUG o.s.b.f.s.DefaultListableBeanFactory - Returning cached instance of singleton bean 'org.springframework.transaction.config.internalTransactionAdvisor'
2020-03-14 21:57:26.402 [main] DEBUG o.s.b.f.s.DefaultListableBeanFactory - Returning cached instance of singleton bean 'metaDataSourceAdvisor'
2020-03-14 21:57:26.402 [main] DEBUG o.s.b.f.s.DefaultListableBeanFactory - Returning cached instance of singleton bean 'org.springframework.transaction.config.internalTransactionAdvisor'
2020-03-14 21:57:26.403 [main] DEBUG o.s.b.f.s.DefaultListableBeanFactory - Finished creating instance of bean 'multipartResolver'
2020-03-14 21:57:26.403 [main] DEBUG o.s.b.f.s.DefaultListableBeanFactory - Returning cached instance of singleton bean 'spring.servlet.multipart-org.springframework.boot.autoconfigure.web.servlet.MultipartProperties'
2020-03-14 21:57:26.403 [main] DEBUG o.s.b.f.s.DefaultListableBeanFactory - Returning cached instance of singleton bean 'org.springframework.cloud.autoconfigure.ConfigurationPropertiesRebinderAutoConfiguration'
2020-03-14 21:57:26.403 [main] DEBUG o.s.b.f.s.DefaultListableBeanFactory - Returning cached instance of singleton bean 'configurationPropertiesBeans'
2020-03-14 21:57:26.403 [main] DEBUG o.s.b.f.s.DefaultListableBeanFactory - Returning cached instance of singleton bean 'configurationPropertiesRebinder'
2020-03-14 21:57:26.403 [main] DEBUG o.s.b.f.s.DefaultListableBeanFactory - Returning cached instance of singleton bean 'org.springframework.cloud.autoconfigure.RefreshEndpointAutoConfiguration$RefreshEndpointConfiguration'
2020-03-14 21:57:26.403 [main] DEBUG o.s.b.f.s.DefaultListableBeanFactory - Returning cached instance of singleton bean 'refreshEndpoint'
2020-03-14 21:57:26.404 [main] DEBUG o.s.b.f.s.DefaultListableBeanFactory - Creating shared instance of singleton bean 'org.springframework.cloud.autoconfigure.RestartEndpointWithoutIntegrationConfiguration'
2020-03-14 21:57:26.404 [main] DEBUG o.s.b.f.s.DefaultListableBeanFactory - Creating instance of bean 'org.springframework.cloud.autoconfigure.RestartEndpointWithoutIntegrationConfiguration'
2020-03-14 21:57:26.404 [main] DEBUG o.s.b.f.s.DefaultListableBeanFactory - Returning cached instance of singleton bean 'metaDataSourceAdvisor'
2020-03-14 21:57:26.404 [main] DEBUG o.s.b.f.s.DefaultListableBeanFactory - Returning cached instance of singleton bean 'org.springframework.transaction.config.internalTransactionAdvisor'
2020-03-14 21:57:26.405 [main] DEBUG o.s.b.f.s.DefaultListableBeanFactory - Eagerly caching bean 'org.springframework.cloud.autoconfigure.RestartEndpointWithoutIntegrationConfiguration' to allow for resolving potential circular references
2020-03-14 21:57:26.416 [main] DEBUG o.s.b.f.s.DefaultListableBeanFactory - Returning cached instance of singleton bean 'metaDataSourceAdvisor'
2020-03-14 21:57:26.417 [main] DEBUG o.s.b.f.s.DefaultListableBeanFactory - Returning cached instance of singleton bean 'org.springframework.transaction.config.internalTransactionAdvisor'
2020-03-14 21:57:26.417 [main] DEBUG o.s.b.f.s.DefaultListableBeanFactory - Returning cached instance of singleton bean 'metaDataSourceAdvisor'
2020-03-14 21:57:26.417 [main] DEBUG o.s.b.f.s.DefaultListableBeanFactory - Returning cached instance of singleton bean 'org.springframework.transaction.config.internalTransactionAdvisor'
2020-03-14 21:57:26.417 [main] DEBUG o.s.b.f.s.DefaultListableBeanFactory - Finished creating instance of bean 'org.springframework.cloud.autoconfigure.RestartEndpointWithoutIntegrationConfiguration'
2020-03-14 21:57:26.418 [main] DEBUG o.s.b.f.s.DefaultListableBeanFactory - Creating shared instance of singleton bean 'org.springframework.cloud.autoconfigure.PauseResumeEndpointsConfiguration'
2020-03-14 21:57:26.418 [main] DEBUG o.s.b.f.s.DefaultListableBeanFactory - Creating instance of bean 'org.springframework.cloud.autoconfigure.PauseResumeEndpointsConfiguration'
2020-03-14 21:57:26.418 [main] DEBUG o.s.b.f.s.DefaultListableBeanFactory - Returning cached instance of singleton bean 'metaDataSourceAdvisor'
2020-03-14 21:57:26.418 [main] DEBUG o.s.b.f.s.DefaultListableBeanFactory - Returning cached instance of singleton bean 'org.springframework.transaction.config.internalTransactionAdvisor'
2020-03-14 21:57:26.419 [main] DEBUG o.s.b.f.s.DefaultListableBeanFactory - Eagerly caching bean 'org.springframework.cloud.autoconfigure.PauseResumeEndpointsConfiguration' to allow for resolving potential circular references
2020-03-14 21:57:26.431 [main] DEBUG o.s.b.f.s.DefaultListableBeanFactory - Returning cached instance of singleton bean 'metaDataSourceAdvisor'
2020-03-14 21:57:26.431 [main] DEBUG o.s.b.f.s.DefaultListableBeanFactory - Returning cached instance of singleton bean 'org.springframework.transaction.config.internalTransactionAdvisor'
2020-03-14 21:57:26.431 [main] DEBUG o.s.b.f.s.DefaultListableBeanFactory - Returning cached instance of singleton bean 'metaDataSourceAdvisor'
2020-03-14 21:57:26.431 [main] DEBUG o.s.b.f.s.DefaultListableBeanFactory - Returning cached instance of singleton bean 'org.springframework.transaction.config.internalTransactionAdvisor'
2020-03-14 21:57:26.437 [main] DEBUG o.s.b.f.s.DefaultListableBeanFactory - Finished creating instance of bean 'org.springframework.cloud.autoconfigure.PauseResumeEndpointsConfiguration'
2020-03-14 21:57:26.438 [main] DEBUG o.s.b.f.s.DefaultListableBeanFactory - Returning cached instance of singleton bean 'org.springframework.cloud.autoconfigure.RefreshEndpointAutoConfiguration'
2020-03-14 21:57:26.438 [main] DEBUG o.s.b.f.s.DefaultListableBeanFactory - Returning cached instance of singleton bean 'refreshScopeHealthIndicator'
2020-03-14 21:57:26.438 [main] DEBUG o.s.b.f.s.DefaultListableBeanFactory - Creating shared instance of singleton bean 'org.springframework.cloud.netflix.eureka.EurekaDiscoveryClientConfiguration$EurekaClientConfigurationRefresher'
2020-03-14 21:57:26.438 [main] DEBUG o.s.b.f.s.DefaultListableBeanFactory - Creating instance of bean 'org.springframework.cloud.netflix.eureka.EurekaDiscoveryClientConfiguration$EurekaClientConfigurationRefresher'
2020-03-14 21:57:26.439 [main] DEBUG o.s.b.f.s.DefaultListableBeanFactory - Returning cached instance of singleton bean 'metaDataSourceAdvisor'
2020-03-14 21:57:26.439 [main] DEBUG o.s.b.f.s.DefaultListableBeanFactory - Returning cached instance of singleton bean 'org.springframework.transaction.config.internalTransactionAdvisor'
2020-03-14 21:57:26.441 [main] DEBUG o.s.b.f.annotation.InjectionMetadata - Registered injected element on class [org.springframework.cloud.netflix.eureka.EurekaDiscoveryClientConfiguration$EurekaClientConfigurationRefresher$$EnhancerBySpringCGLIB$$66d348eb]: AutowiredFieldElement for private com.netflix.discovery.EurekaClient org.springframework.cloud.netflix.eureka.EurekaDiscoveryClientConfiguration$EurekaClientConfigurationRefresher.eurekaClient
2020-03-14 21:57:26.441 [main] DEBUG o.s.b.f.annotation.InjectionMetadata - Registered injected element on class [org.springframework.cloud.netflix.eureka.EurekaDiscoveryClientConfiguration$EurekaClientConfigurationRefresher$$EnhancerBySpringCGLIB$$66d348eb]: AutowiredFieldElement for private org.springframework.cloud.netflix.eureka.serviceregistry.EurekaAutoServiceRegistration org.springframework.cloud.netflix.eureka.EurekaDiscoveryClientConfiguration$EurekaClientConfigurationRefresher.autoRegistration
2020-03-14 21:57:26.442 [main] DEBUG o.s.b.f.s.DefaultListableBeanFactory - Eagerly caching bean 'org.springframework.cloud.netflix.eureka.EurekaDiscoveryClientConfiguration$EurekaClientConfigurationRefresher' to allow for resolving potential circular references
2020-03-14 21:57:26.470 [main] DEBUG o.s.b.f.annotation.InjectionMetadata - Processing injected element of bean 'org.springframework.cloud.netflix.eureka.EurekaDiscoveryClientConfiguration$EurekaClientConfigurationRefresher': AutowiredFieldElement for private com.netflix.discovery.EurekaClient org.springframework.cloud.netflix.eureka.EurekaDiscoveryClientConfiguration$EurekaClientConfigurationRefresher.eurekaClient
2020-03-14 21:57:26.477 [main] DEBUG o.s.core.annotation.AnnotationUtils - Failed to meta-introspect annotation interface org.springframework.beans.factory.annotation.Autowired: java.lang.NullPointerException
2020-03-14 21:57:26.477 [main] DEBUG o.s.b.f.s.DefaultListableBeanFactory - Returning cached instance of singleton bean 'eurekaClient'
2020-03-14 21:57:26.478 [main] DEBUG o.s.b.f.a.AutowiredAnnotationBeanPostProcessor - Autowiring by type from bean name 'org.springframework.cloud.netflix.eureka.EurekaDiscoveryClientConfiguration$EurekaClientConfigurationRefresher' to bean named 'eurekaClient'
2020-03-14 21:57:26.478 [main] DEBUG o.s.b.f.annotation.InjectionMetadata - Processing injected element of bean 'org.springframework.cloud.netflix.eureka.EurekaDiscoveryClientConfiguration$EurekaClientConfigurationRefresher': AutowiredFieldElement for private org.springframework.cloud.netflix.eureka.serviceregistry.EurekaAutoServiceRegistration org.springframework.cloud.netflix.eureka.EurekaDiscoveryClientConfiguration$EurekaClientConfigurationRefresher.autoRegistration
2020-03-14 21:57:26.478 [main] DEBUG o.s.core.annotation.AnnotationUtils - Failed to meta-introspect annotation interface org.springframework.beans.factory.annotation.Autowired: java.lang.NullPointerException
2020-03-14 21:57:26.482 [main] DEBUG o.s.b.f.s.DefaultListableBeanFactory - Creating shared instance of singleton bean 'eurekaAutoServiceRegistration'
2020-03-14 21:57:26.482 [main] DEBUG o.s.b.f.s.DefaultListableBeanFactory - Creating instance of bean 'eurekaAutoServiceRegistration'
2020-03-14 21:57:26.482 [main] DEBUG o.s.b.f.s.DefaultListableBeanFactory - Returning cached instance of singleton bean 'metaDataSourceAdvisor'
2020-03-14 21:57:26.482 [main] DEBUG o.s.b.f.s.DefaultListableBeanFactory - Returning cached instance of singleton bean 'org.springframework.transaction.config.internalTransactionAdvisor'
2020-03-14 21:57:26.482 [main] DEBUG o.s.b.f.s.DefaultListableBeanFactory - Returning cached instance of singleton bean 'org.springframework.cloud.netflix.eureka.EurekaClientAutoConfiguration'
2020-03-14 21:57:26.486 [main] DEBUG o.s.b.f.s.DefaultListableBeanFactory - Returning cached instance of singleton bean 'eurekaServiceRegistry'
2020-03-14 21:57:26.490 [main] DEBUG o.s.b.f.s.DefaultListableBeanFactory - Returning cached instance of singleton bean 'eurekaRegistration'
2020-03-14 21:57:26.490 [main] DEBUG o.s.b.f.s.DefaultListableBeanFactory - Autowiring by type from bean name 'eurekaAutoServiceRegistration' via factory method to bean named 'org.springframework.web.context.support.GenericWebApplicationContext@1ee4730'
2020-03-14 21:57:26.490 [main] DEBUG o.s.b.f.s.DefaultListableBeanFactory - Autowiring by type from bean name 'eurekaAutoServiceRegistration' via factory method to bean named 'eurekaServiceRegistry'
2020-03-14 21:57:26.490 [main] DEBUG o.s.b.f.s.DefaultListableBeanFactory - Autowiring by type from bean name 'eurekaAutoServiceRegistration' via factory method to bean named 'eurekaRegistration'
2020-03-14 21:57:26.497 [main] DEBUG o.s.b.f.s.DefaultListableBeanFactory - Eagerly caching bean 'eurekaAutoServiceRegistration' to allow for resolving potential circular references
2020-03-14 21:57:26.531 [main] DEBUG o.s.b.f.s.DefaultListableBeanFactory - Returning cached instance of singleton bean 'metaDataSourceAdvisor'
2020-03-14 21:57:26.531 [main] DEBUG o.s.b.f.s.DefaultListableBeanFactory - Returning cached instance of singleton bean 'org.springframework.transaction.config.internalTransactionAdvisor'
2020-03-14 21:57:26.531 [main] DEBUG o.s.b.f.s.DefaultListableBeanFactory - Returning cached instance of singleton bean 'metaDataSourceAdvisor'
2020-03-14 21:57:26.531 [main] DEBUG o.s.b.f.s.DefaultListableBeanFactory - Returning cached instance of singleton bean 'org.springframework.transaction.config.internalTransactionAdvisor'
2020-03-14 21:57:26.532 [main] DEBUG o.s.b.f.s.DefaultListableBeanFactory - Finished creating instance of bean 'eurekaAutoServiceRegistration'
2020-03-14 21:57:26.533 [main] DEBUG o.s.b.f.a.AutowiredAnnotationBeanPostProcessor - Autowiring by type from bean name 'org.springframework.cloud.netflix.eureka.EurekaDiscoveryClientConfiguration$EurekaClientConfigurationRefresher' to bean named 'eurekaAutoServiceRegistration'
2020-03-14 21:57:26.533 [main] DEBUG o.s.b.f.s.DefaultListableBeanFactory - Returning cached instance of singleton bean 'metaDataSourceAdvisor'
2020-03-14 21:57:26.533 [main] DEBUG o.s.b.f.s.DefaultListableBeanFactory - Returning cached instance of singleton bean 'org.springframework.transaction.config.internalTransactionAdvisor'
2020-03-14 21:57:26.533 [main] DEBUG o.s.b.f.s.DefaultListableBeanFactory - Returning cached instance of singleton bean 'metaDataSourceAdvisor'
2020-03-14 21:57:26.534 [main] DEBUG o.s.b.f.s.DefaultListableBeanFactory - Returning cached instance of singleton bean 'org.springframework.transaction.config.internalTransactionAdvisor'
2020-03-14 21:57:26.535 [main] DEBUG o.s.b.f.s.DefaultListableBeanFactory - Finished creating instance of bean 'org.springframework.cloud.netflix.eureka.EurekaDiscoveryClientConfiguration$EurekaClientConfigurationRefresher'
2020-03-14 21:57:26.535 [main] DEBUG o.s.b.f.s.DefaultListableBeanFactory - Creating shared instance of singleton bean 'org.springframework.cloud.netflix.eureka.EurekaDiscoveryClientConfiguration'
2020-03-14 21:57:26.535 [main] DEBUG o.s.b.f.s.DefaultListableBeanFactory - Creating instance of bean 'org.springframework.cloud.netflix.eureka.EurekaDiscoveryClientConfiguration'
2020-03-14 21:57:26.535 [main] DEBUG o.s.b.f.s.DefaultListableBeanFactory - Returning cached instance of singleton bean 'metaDataSourceAdvisor'
2020-03-14 21:57:26.535 [main] DEBUG o.s.b.f.s.DefaultListableBeanFactory - Returning cached instance of singleton bean 'org.springframework.transaction.config.internalTransactionAdvisor'
2020-03-14 21:57:26.536 [main] DEBUG o.s.b.f.s.DefaultListableBeanFactory - Eagerly caching bean 'org.springframework.cloud.netflix.eureka.EurekaDiscoveryClientConfiguration' to allow for resolving potential circular references
2020-03-14 21:57:26.547 [main] DEBUG o.s.b.f.s.DefaultListableBeanFactory - Returning cached instance of singleton bean 'metaDataSourceAdvisor'
2020-03-14 21:57:26.547 [main] DEBUG o.s.b.f.s.DefaultListableBeanFactory - Returning cached instance of singleton bean 'org.springframework.transaction.config.internalTransactionAdvisor'
2020-03-14 21:57:26.547 [main] DEBUG o.s.b.f.s.DefaultListableBeanFactory - Returning cached instance of singleton bean 'metaDataSourceAdvisor'
2020-03-14 21:57:26.547 [main] DEBUG o.s.b.f.s.DefaultListableBeanFactory - Returning cached instance of singleton bean 'org.springframework.transaction.config.internalTransactionAdvisor'
2020-03-14 21:57:26.548 [main] DEBUG o.s.b.f.s.DefaultListableBeanFactory - Finished creating instance of bean 'org.springframework.cloud.netflix.eureka.EurekaDiscoveryClientConfiguration'
2020-03-14 21:57:26.548 [main] DEBUG o.s.b.f.s.DefaultListableBeanFactory - Creating shared instance of singleton bean 'eurekaDiscoverClientMarker'
2020-03-14 21:57:26.548 [main] DEBUG o.s.b.f.s.DefaultListableBeanFactory - Creating instance of bean 'eurekaDiscoverClientMarker'
2020-03-14 21:57:26.548 [main] DEBUG o.s.b.f.s.DefaultListableBeanFactory - Returning cached instance of singleton bean 'metaDataSourceAdvisor'
2020-03-14 21:57:26.548 [main] DEBUG o.s.b.f.s.DefaultListableBeanFactory - Returning cached instance of singleton bean 'org.springframework.transaction.config.internalTransactionAdvisor'
2020-03-14 21:57:26.548 [main] DEBUG o.s.b.f.s.DefaultListableBeanFactory - Returning cached instance of singleton bean 'org.springframework.cloud.netflix.eureka.EurekaDiscoveryClientConfiguration'
2020-03-14 21:57:26.552 [main] DEBUG o.s.b.f.s.DefaultListableBeanFactory - Eagerly caching bean 'eurekaDiscoverClientMarker' to allow for resolving potential circular references
2020-03-14 21:57:26.555 [main] DEBUG o.s.b.f.s.DefaultListableBeanFactory - Returning cached instance of singleton bean 'metaDataSourceAdvisor'
2020-03-14 21:57:26.555 [main] DEBUG o.s.b.f.s.DefaultListableBeanFactory - Returning cached instance of singleton bean 'org.springframework.transaction.config.internalTransactionAdvisor'
2020-03-14 21:57:26.555 [main] DEBUG o.s.b.f.s.DefaultListableBeanFactory - Returning cached instance of singleton bean 'metaDataSourceAdvisor'
2020-03-14 21:57:26.555 [main] DEBUG o.s.b.f.s.DefaultListableBeanFactory - Returning cached instance of singleton bean 'org.springframework.transaction.config.internalTransactionAdvisor'
2020-03-14 21:57:26.556 [main] DEBUG o.s.b.f.s.DefaultListableBeanFactory - Finished creating instance of bean 'eurekaDiscoverClientMarker'
2020-03-14 21:57:26.556 [main] DEBUG o.s.b.f.s.DefaultListableBeanFactory - Creating shared instance of singleton bean 'org.springframework.cloud.client.serviceregistry.AutoServiceRegistrationConfiguration'
2020-03-14 21:57:26.556 [main] DEBUG o.s.b.f.s.DefaultListableBeanFactory - Creating instance of bean 'org.springframework.cloud.client.serviceregistry.AutoServiceRegistrationConfiguration'
2020-03-14 21:57:26.557 [main] DEBUG o.s.b.f.s.DefaultListableBeanFactory - Returning cached instance of singleton bean 'metaDataSourceAdvisor'
2020-03-14 21:57:26.557 [main] DEBUG o.s.b.f.s.DefaultListableBeanFactory - Returning cached instance of singleton bean 'org.springframework.transaction.config.internalTransactionAdvisor'
2020-03-14 21:57:26.558 [main] DEBUG o.s.b.f.s.DefaultListableBeanFactory - Eagerly caching bean 'org.springframework.cloud.client.serviceregistry.AutoServiceRegistrationConfiguration' to allow for resolving potential circular references
2020-03-14 21:57:26.565 [main] DEBUG o.s.b.f.s.DefaultListableBeanFactory - Returning cached instance of singleton bean 'metaDataSourceAdvisor'
2020-03-14 21:57:26.566 [main] DEBUG o.s.b.f.s.DefaultListableBeanFactory - Returning cached instance of singleton bean 'org.springframework.transaction.config.internalTransactionAdvisor'
2020-03-14 21:57:26.566 [main] DEBUG o.s.b.f.s.DefaultListableBeanFactory - Returning cached instance of singleton bean 'metaDataSourceAdvisor'
2020-03-14 21:57:26.566 [main] DEBUG o.s.b.f.s.DefaultListableBeanFactory - Returning cached instance of singleton bean 'org.springframework.transaction.config.internalTransactionAdvisor'
2020-03-14 21:57:26.567 [main] DEBUG o.s.b.f.s.DefaultListableBeanFactory - Finished creating instance of bean 'org.springframework.cloud.client.serviceregistry.AutoServiceRegistrationConfiguration'
2020-03-14 21:57:26.567 [main] DEBUG o.s.b.f.s.DefaultListableBeanFactory - Creating shared instance of singleton bean 'spring.cloud.service-registry.auto-registration-org.springframework.cloud.client.serviceregistry.AutoServiceRegistrationProperties'
2020-03-14 21:57:26.567 [main] DEBUG o.s.b.f.s.DefaultListableBeanFactory - Creating instance of bean 'spring.cloud.service-registry.auto-registration-org.springframework.cloud.client.serviceregistry.AutoServiceRegistrationProperties'
2020-03-14 21:57:26.567 [main] DEBUG o.s.b.f.s.DefaultListableBeanFactory - Returning cached instance of singleton bean 'metaDataSourceAdvisor'
2020-03-14 21:57:26.567 [main] DEBUG o.s.b.f.s.DefaultListableBeanFactory - Returning cached instance of singleton bean 'org.springframework.transaction.config.internalTransactionAdvisor'
2020-03-14 21:57:26.568 [main] DEBUG o.s.b.f.s.DefaultListableBeanFactory - Eagerly caching bean 'spring.cloud.service-registry.auto-registration-org.springframework.cloud.client.serviceregistry.AutoServiceRegistrationProperties' to allow for resolving potential circular references
2020-03-14 21:57:26.576 [main] DEBUG o.s.b.f.s.DefaultListableBeanFactory - Returning cached instance of singleton bean 'metaDataSourceAdvisor'
2020-03-14 21:57:26.576 [main] DEBUG o.s.b.f.s.DefaultListableBeanFactory - Returning cached instance of singleton bean 'org.springframework.transaction.config.internalTransactionAdvisor'
2020-03-14 21:57:26.576 [main] DEBUG o.s.b.f.s.DefaultListableBeanFactory - Returning cached instance of singleton bean 'metaDataSourceAdvisor'
2020-03-14 21:57:26.576 [main] DEBUG o.s.b.f.s.DefaultListableBeanFactory - Returning cached instance of singleton bean 'org.springframework.transaction.config.internalTransactionAdvisor'
2020-03-14 21:57:26.576 [main] DEBUG o.s.b.f.s.DefaultListableBeanFactory - Finished creating instance of bean 'spring.cloud.service-registry.auto-registration-org.springframework.cloud.client.serviceregistry.AutoServiceRegistrationProperties'
2020-03-14 21:57:26.577 [main] DEBUG o.s.b.f.s.DefaultListableBeanFactory - Creating shared instance of singleton bean 'org.springframework.cloud.client.serviceregistry.AutoServiceRegistrationAutoConfiguration'
2020-03-14 21:57:26.577 [main] DEBUG o.s.b.f.s.DefaultListableBeanFactory - Creating instance of bean 'org.springframework.cloud.client.serviceregistry.AutoServiceRegistrationAutoConfiguration'
2020-03-14 21:57:26.577 [main] DEBUG o.s.b.f.s.DefaultListableBeanFactory - Returning cached instance of singleton bean 'metaDataSourceAdvisor'
2020-03-14 21:57:26.577 [main] DEBUG o.s.b.f.s.DefaultListableBeanFactory - Returning cached instance of singleton bean 'org.springframework.transaction.config.internalTransactionAdvisor'
2020-03-14 21:57:26.578 [main] DEBUG o.s.c.a.CommonAnnotationBeanPostProcessor - Found init method on class [org.springframework.cloud.client.serviceregistry.AutoServiceRegistrationAutoConfiguration$$EnhancerBySpringCGLIB$$158bd65]: protected void org.springframework.cloud.client.serviceregistry.AutoServiceRegistrationAutoConfiguration.init()
2020-03-14 21:57:26.578 [main] DEBUG o.s.c.a.CommonAnnotationBeanPostProcessor - Registered init method on class [org.springframework.cloud.client.serviceregistry.AutoServiceRegistrationAutoConfiguration$$EnhancerBySpringCGLIB$$158bd65]: org.springframework.beans.factory.annotation.InitDestroyAnnotationBeanPostProcessor$LifecycleElement@316510
2020-03-14 21:57:26.578 [main] DEBUG o.s.b.f.annotation.InjectionMetadata - Registered injected element on class [org.springframework.cloud.client.serviceregistry.AutoServiceRegistrationAutoConfiguration$$EnhancerBySpringCGLIB$$158bd65]: AutowiredFieldElement for private org.springframework.cloud.client.serviceregistry.AutoServiceRegistration org.springframework.cloud.client.serviceregistry.AutoServiceRegistrationAutoConfiguration.autoServiceRegistration
2020-03-14 21:57:26.578 [main] DEBUG o.s.b.f.annotation.InjectionMetadata - Registered injected element on class [org.springframework.cloud.client.serviceregistry.AutoServiceRegistrationAutoConfiguration$$EnhancerBySpringCGLIB$$158bd65]: AutowiredFieldElement for private org.springframework.cloud.client.serviceregistry.AutoServiceRegistrationProperties org.springframework.cloud.client.serviceregistry.AutoServiceRegistrationAutoConfiguration.properties
2020-03-14 21:57:26.578 [main] DEBUG o.s.b.f.s.DefaultListableBeanFactory - Eagerly caching bean 'org.springframework.cloud.client.serviceregistry.AutoServiceRegistrationAutoConfiguration' to allow for resolving potential circular references
2020-03-14 21:57:26.588 [main] DEBUG o.s.b.f.annotation.InjectionMetadata - Processing injected element of bean 'org.springframework.cloud.client.serviceregistry.AutoServiceRegistrationAutoConfiguration': AutowiredFieldElement for private org.springframework.cloud.client.serviceregistry.AutoServiceRegistration org.springframework.cloud.client.serviceregistry.AutoServiceRegistrationAutoConfiguration.autoServiceRegistration
2020-03-14 21:57:26.588 [main] DEBUG o.s.core.annotation.AnnotationUtils - Failed to meta-introspect annotation interface org.springframework.beans.factory.annotation.Autowired: java.lang.NullPointerException
2020-03-14 21:57:26.591 [main] DEBUG o.s.b.f.s.DefaultListableBeanFactory - Returning cached instance of singleton bean 'eurekaAutoServiceRegistration'
2020-03-14 21:57:26.592 [main] DEBUG o.s.b.f.a.AutowiredAnnotationBeanPostProcessor - Autowiring by type from bean name 'org.springframework.cloud.client.serviceregistry.AutoServiceRegistrationAutoConfiguration' to bean named 'eurekaAutoServiceRegistration'
2020-03-14 21:57:26.592 [main] DEBUG o.s.b.f.annotation.InjectionMetadata - Processing injected element of bean 'org.springframework.cloud.client.serviceregistry.AutoServiceRegistrationAutoConfiguration': AutowiredFieldElement for private org.springframework.cloud.client.serviceregistry.AutoServiceRegistrationProperties org.springframework.cloud.client.serviceregistry.AutoServiceRegistrationAutoConfiguration.properties
2020-03-14 21:57:26.592 [main] DEBUG o.s.core.annotation.AnnotationUtils - Failed to meta-introspect annotation interface org.springframework.beans.factory.annotation.Autowired: java.lang.NullPointerException
2020-03-14 21:57:26.595 [main] DEBUG o.s.b.f.s.DefaultListableBeanFactory - Returning cached instance of singleton bean 'spring.cloud.service-registry.auto-registration-org.springframework.cloud.client.serviceregistry.AutoServiceRegistrationProperties'
2020-03-14 21:57:26.595 [main] DEBUG o.s.b.f.a.AutowiredAnnotationBeanPostProcessor - Autowiring by type from bean name 'org.springframework.cloud.client.serviceregistry.AutoServiceRegistrationAutoConfiguration' to bean named 'spring.cloud.service-registry.auto-registration-org.springframework.cloud.client.serviceregistry.AutoServiceRegistrationProperties'
2020-03-14 21:57:26.595 [main] DEBUG o.s.c.a.CommonAnnotationBeanPostProcessor - Invoking init method on bean 'org.springframework.cloud.client.serviceregistry.AutoServiceRegistrationAutoConfiguration': protected void org.springframework.cloud.client.serviceregistry.AutoServiceRegistrationAutoConfiguration.init()
2020-03-14 21:57:26.596 [main] DEBUG o.s.b.f.s.DefaultListableBeanFactory - Returning cached instance of singleton bean 'metaDataSourceAdvisor'
2020-03-14 21:57:26.596 [main] DEBUG o.s.b.f.s.DefaultListableBeanFactory - Returning cached instance of singleton bean 'org.springframework.transaction.config.internalTransactionAdvisor'
2020-03-14 21:57:26.596 [main] DEBUG o.s.b.f.s.DefaultListableBeanFactory - Returning cached instance of singleton bean 'metaDataSourceAdvisor'
2020-03-14 21:57:26.596 [main] DEBUG o.s.b.f.s.DefaultListableBeanFactory - Returning cached instance of singleton bean 'org.springframework.transaction.config.internalTransactionAdvisor'
2020-03-14 21:57:26.597 [main] DEBUG o.s.b.f.s.DefaultListableBeanFactory - Finished creating instance of bean 'org.springframework.cloud.client.serviceregistry.AutoServiceRegistrationAutoConfiguration'
2020-03-14 21:57:26.597 [main] DEBUG o.s.b.f.s.DefaultListableBeanFactory - Returning cached instance of singleton bean 'org.springframework.cloud.netflix.eureka.EurekaClientAutoConfiguration$EurekaHealthIndicatorConfiguration'
2020-03-14 21:57:26.597 [main] DEBUG o.s.b.f.s.DefaultListableBeanFactory - Returning cached instance of singleton bean 'eurekaHealthIndicator'
2020-03-14 21:57:26.597 [main] DEBUG o.s.b.f.s.DefaultListableBeanFactory - Creating shared instance of singleton bean 'org.springframework.cloud.netflix.eureka.EurekaClientAutoConfiguration$RefreshableEurekaClientConfiguration'
2020-03-14 21:57:26.597 [main] DEBUG o.s.b.f.s.DefaultListableBeanFactory - Creating instance of bean 'org.springframework.cloud.netflix.eureka.EurekaClientAutoConfiguration$RefreshableEurekaClientConfiguration'
2020-03-14 21:57:26.597 [main] DEBUG o.s.b.f.s.DefaultListableBeanFactory - Returning cached instance of singleton bean 'metaDataSourceAdvisor'
2020-03-14 21:57:26.597 [main] DEBUG o.s.b.f.s.DefaultListableBeanFactory - Returning cached instance of singleton bean 'org.springframework.transaction.config.internalTransactionAdvisor'
2020-03-14 21:57:26.599 [main] DEBUG o.s.b.f.annotation.InjectionMetadata - Registered injected element on class [org.springframework.cloud.netflix.eureka.EurekaClientAutoConfiguration$RefreshableEurekaClientConfiguration$$EnhancerBySpringCGLIB$$c4cd5055]: AutowiredFieldElement for private org.springframework.context.ApplicationContext org.springframework.cloud.netflix.eureka.EurekaClientAutoConfiguration$RefreshableEurekaClientConfiguration.context
2020-03-14 21:57:26.599 [main] DEBUG o.s.b.f.annotation.InjectionMetadata - Registered injected element on class [org.springframework.cloud.netflix.eureka.EurekaClientAutoConfiguration$RefreshableEurekaClientConfiguration$$EnhancerBySpringCGLIB$$c4cd5055]: AutowiredFieldElement for private com.netflix.discovery.AbstractDiscoveryClientOptionalArgs org.springframework.cloud.netflix.eureka.EurekaClientAutoConfiguration$RefreshableEurekaClientConfiguration.optionalArgs
2020-03-14 21:57:26.599 [main] DEBUG o.s.b.f.s.DefaultListableBeanFactory - Eagerly caching bean 'org.springframework.cloud.netflix.eureka.EurekaClientAutoConfiguration$RefreshableEurekaClientConfiguration' to allow for resolving potential circular references
2020-03-14 21:57:26.608 [main] DEBUG o.s.b.f.annotation.InjectionMetadata - Processing injected element of bean 'org.springframework.cloud.netflix.eureka.EurekaClientAutoConfiguration$RefreshableEurekaClientConfiguration': AutowiredFieldElement for private org.springframework.context.ApplicationContext org.springframework.cloud.netflix.eureka.EurekaClientAutoConfiguration$RefreshableEurekaClientConfiguration.context
2020-03-14 21:57:26.609 [main] DEBUG o.s.core.annotation.AnnotationUtils - Failed to meta-introspect annotation interface org.springframework.beans.factory.annotation.Autowired: java.lang.NullPointerException
2020-03-14 21:57:26.609 [main] DEBUG o.s.b.f.a.AutowiredAnnotationBeanPostProcessor - Autowiring by type from bean name 'org.springframework.cloud.netflix.eureka.EurekaClientAutoConfiguration$RefreshableEurekaClientConfiguration' to bean named 'org.springframework.web.context.support.GenericWebApplicationContext@1ee4730'
2020-03-14 21:57:26.609 [main] DEBUG o.s.b.f.annotation.InjectionMetadata - Processing injected element of bean 'org.springframework.cloud.netflix.eureka.EurekaClientAutoConfiguration$RefreshableEurekaClientConfiguration': AutowiredFieldElement for private com.netflix.discovery.AbstractDiscoveryClientOptionalArgs org.springframework.cloud.netflix.eureka.EurekaClientAutoConfiguration$RefreshableEurekaClientConfiguration.optionalArgs
2020-03-14 21:57:26.609 [main] DEBUG o.s.core.annotation.AnnotationUtils - Failed to meta-introspect annotation interface org.springframework.beans.factory.annotation.Autowired: java.lang.NullPointerException
2020-03-14 21:57:26.612 [main] DEBUG o.s.b.f.s.DefaultListableBeanFactory - Creating shared instance of singleton bean 'discoveryClientOptionalArgs'
2020-03-14 21:57:26.612 [main] DEBUG o.s.b.f.s.DefaultListableBeanFactory - Creating instance of bean 'discoveryClientOptionalArgs'
2020-03-14 21:57:26.612 [main] DEBUG o.s.b.f.s.DefaultListableBeanFactory - Returning cached instance of singleton bean 'metaDataSourceAdvisor'
2020-03-14 21:57:26.612 [main] DEBUG o.s.b.f.s.DefaultListableBeanFactory - Returning cached instance of singleton bean 'org.springframework.transaction.config.internalTransactionAdvisor'
2020-03-14 21:57:26.612 [main] DEBUG o.s.b.f.s.DefaultListableBeanFactory - Creating shared instance of singleton bean 'org.springframework.cloud.netflix.eureka.config.DiscoveryClientOptionalArgsConfiguration'
2020-03-14 21:57:26.612 [main] DEBUG o.s.b.f.s.DefaultListableBeanFactory - Creating instance of bean 'org.springframework.cloud.netflix.eureka.config.DiscoveryClientOptionalArgsConfiguration'
2020-03-14 21:57:26.612 [main] DEBUG o.s.b.f.s.DefaultListableBeanFactory - Returning cached instance of singleton bean 'metaDataSourceAdvisor'
2020-03-14 21:57:26.612 [main] DEBUG o.s.b.f.s.DefaultListableBeanFactory - Returning cached instance of singleton bean 'org.springframework.transaction.config.internalTransactionAdvisor'
2020-03-14 21:57:26.613 [main] DEBUG o.s.b.f.s.DefaultListableBeanFactory - Eagerly caching bean 'org.springframework.cloud.netflix.eureka.config.DiscoveryClientOptionalArgsConfiguration' to allow for resolving potential circular references
2020-03-14 21:57:26.618 [main] DEBUG o.s.b.f.s.DefaultListableBeanFactory - Returning cached instance of singleton bean 'metaDataSourceAdvisor'
2020-03-14 21:57:26.618 [main] DEBUG o.s.b.f.s.DefaultListableBeanFactory - Returning cached instance of singleton bean 'org.springframework.transaction.config.internalTransactionAdvisor'
2020-03-14 21:57:26.618 [main] DEBUG o.s.b.f.s.DefaultListableBeanFactory - Returning cached instance of singleton bean 'metaDataSourceAdvisor'
2020-03-14 21:57:26.618 [main] DEBUG o.s.b.f.s.DefaultListableBeanFactory - Returning cached instance of singleton bean 'org.springframework.transaction.config.internalTransactionAdvisor'
2020-03-14 21:57:26.618 [main] DEBUG o.s.b.f.s.DefaultListableBeanFactory - Finished creating instance of bean 'org.springframework.cloud.netflix.eureka.config.DiscoveryClientOptionalArgsConfiguration'
2020-03-14 21:57:26.635 [main] DEBUG o.s.b.f.s.DefaultListableBeanFactory - Eagerly caching bean 'discoveryClientOptionalArgs' to allow for resolving potential circular references
2020-03-14 21:57:26.647 [main] DEBUG o.s.b.f.s.DefaultListableBeanFactory - Returning cached instance of singleton bean 'metaDataSourceAdvisor'
2020-03-14 21:57:26.647 [main] DEBUG o.s.b.f.s.DefaultListableBeanFactory - Returning cached instance of singleton bean 'org.springframework.transaction.config.internalTransactionAdvisor'
2020-03-14 21:57:26.647 [main] DEBUG o.s.b.f.s.DefaultListableBeanFactory - Returning cached instance of singleton bean 'metaDataSourceAdvisor'
2020-03-14 21:57:26.647 [main] DEBUG o.s.b.f.s.DefaultListableBeanFactory - Returning cached instance of singleton bean 'org.springframework.transaction.config.internalTransactionAdvisor'
2020-03-14 21:57:26.649 [main] DEBUG o.s.b.f.s.DefaultListableBeanFactory - Finished creating instance of bean 'discoveryClientOptionalArgs'
2020-03-14 21:57:26.649 [main] DEBUG o.s.b.f.a.AutowiredAnnotationBeanPostProcessor - Autowiring by type from bean name 'org.springframework.cloud.netflix.eureka.EurekaClientAutoConfiguration$RefreshableEurekaClientConfiguration' to bean named 'discoveryClientOptionalArgs'
2020-03-14 21:57:26.649 [main] DEBUG o.s.b.f.s.DefaultListableBeanFactory - Returning cached instance of singleton bean 'metaDataSourceAdvisor'
2020-03-14 21:57:26.649 [main] DEBUG o.s.b.f.s.DefaultListableBeanFactory - Returning cached instance of singleton bean 'org.springframework.transaction.config.internalTransactionAdvisor'
2020-03-14 21:57:26.649 [main] DEBUG o.s.b.f.s.DefaultListableBeanFactory - Returning cached instance of singleton bean 'metaDataSourceAdvisor'
2020-03-14 21:57:26.650 [main] DEBUG o.s.b.f.s.DefaultListableBeanFactory - Returning cached instance of singleton bean 'org.springframework.transaction.config.internalTransactionAdvisor'
2020-03-14 21:57:26.651 [main] DEBUG o.s.b.f.s.DefaultListableBeanFactory - Finished creating instance of bean 'org.springframework.cloud.netflix.eureka.EurekaClientAutoConfiguration$RefreshableEurekaClientConfiguration'
2020-03-14 21:57:26.651 [main] DEBUG o.s.b.f.s.DefaultListableBeanFactory - Returning cached instance of singleton bean 'eurekaClient'
2020-03-14 21:57:26.651 [main] DEBUG o.s.b.f.s.DefaultListableBeanFactory - Creating shared instance of singleton bean 'eurekaApplicationInfoManager'
2020-03-14 21:57:26.651 [main] DEBUG o.s.b.f.s.DefaultListableBeanFactory - Creating instance of bean 'eurekaApplicationInfoManager'
2020-03-14 21:57:26.652 [main] DEBUG o.s.b.f.s.DefaultListableBeanFactory - Eagerly caching bean 'eurekaApplicationInfoManager' to allow for resolving potential circular references
2020-03-14 21:57:26.652 [main] DEBUG o.s.aop.framework.CglibAopProxy - Creating CGLIB proxy: target source is SimpleBeanTargetSource for target bean 'scopedTarget.eurekaApplicationInfoManager' of type [com.netflix.appinfo.ApplicationInfoManager]
2020-03-14 21:57:26.655 [main] DEBUG o.s.aop.framework.CglibAopProxy - Unable to apply any optimizations to advised method: public com.netflix.appinfo.InstanceInfo com.netflix.appinfo.ApplicationInfoManager.getInfo()
2020-03-14 21:57:26.656 [main] DEBUG o.s.aop.framework.CglibAopProxy - Unable to apply any optimizations to advised method: public void com.netflix.appinfo.ApplicationInfoManager.registerAppMetadata(java.util.Map)
2020-03-14 21:57:26.656 [main] DEBUG o.s.aop.framework.CglibAopProxy - Unable to apply any optimizations to advised method: public synchronized void com.netflix.appinfo.ApplicationInfoManager.setInstanceStatus(com.netflix.appinfo.InstanceInfo$InstanceStatus)
2020-03-14 21:57:26.656 [main] DEBUG o.s.aop.framework.CglibAopProxy - Unable to apply any optimizations to advised method: public void com.netflix.appinfo.ApplicationInfoManager.registerStatusChangeListener(com.netflix.appinfo.ApplicationInfoManager$StatusChangeListener)
2020-03-14 21:57:26.656 [main] DEBUG o.s.aop.framework.CglibAopProxy - Unable to apply any optimizations to advised method: public void com.netflix.appinfo.ApplicationInfoManager.refreshLeaseInfoIfRequired()
2020-03-14 21:57:26.657 [main] DEBUG o.s.aop.framework.CglibAopProxy - Unable to apply any optimizations to advised method: public void com.netflix.appinfo.ApplicationInfoManager.unregisterStatusChangeListener(java.lang.String)
2020-03-14 21:57:26.657 [main] DEBUG o.s.aop.framework.CglibAopProxy - Unable to apply any optimizations to advised method: public com.netflix.appinfo.EurekaInstanceConfig com.netflix.appinfo.ApplicationInfoManager.getEurekaInstanceConfig()
2020-03-14 21:57:26.657 [main] DEBUG o.s.aop.framework.CglibAopProxy - Unable to apply any optimizations to advised method: public void com.netflix.appinfo.ApplicationInfoManager.refreshDataCenterInfoIfRequired()
2020-03-14 21:57:26.657 [main] DEBUG o.s.aop.framework.CglibAopProxy - Unable to apply any optimizations to advised method: public void com.netflix.appinfo.ApplicationInfoManager.initComponent(com.netflix.appinfo.EurekaInstanceConfig)
2020-03-14 21:57:26.658 [main] DEBUG o.s.aop.framework.CglibAopProxy - Found 'equals' method: public boolean java.lang.Object.equals(java.lang.Object)
2020-03-14 21:57:26.658 [main] DEBUG o.s.aop.framework.CglibAopProxy - Unable to apply any optimizations to advised method: public java.lang.String java.lang.Object.toString()
2020-03-14 21:57:26.658 [main] DEBUG o.s.aop.framework.CglibAopProxy - Found 'hashCode' method: public native int java.lang.Object.hashCode()
2020-03-14 21:57:26.665 [main] DEBUG o.s.aop.framework.CglibAopProxy - Unable to apply any optimizations to advised method: protected native java.lang.Object java.lang.Object.clone() throws java.lang.CloneNotSupportedException
2020-03-14 21:57:26.666 [main] DEBUG o.s.aop.framework.CglibAopProxy - Unable to apply any optimizations to advised method: public abstract void org.springframework.aop.scope.ScopedObject.removeFromScope()
2020-03-14 21:57:26.666 [main] DEBUG o.s.aop.framework.CglibAopProxy - Unable to apply any optimizations to advised method: public abstract java.lang.Object org.springframework.aop.scope.ScopedObject.getTargetObject()
2020-03-14 21:57:26.666 [main] DEBUG o.s.aop.framework.CglibAopProxy - Method is declared on Advised interface: public abstract int org.springframework.aop.framework.Advised.indexOf(org.springframework.aop.Advisor)
2020-03-14 21:57:26.666 [main] DEBUG o.s.aop.framework.CglibAopProxy - Method is declared on Advised interface: public abstract int org.springframework.aop.framework.Advised.indexOf(org.aopalliance.aop.Advice)
2020-03-14 21:57:26.666 [main] DEBUG o.s.aop.framework.CglibAopProxy - Method is declared on Advised interface: public abstract boolean org.springframework.aop.framework.Advised.isFrozen()
2020-03-14 21:57:26.666 [main] DEBUG o.s.aop.framework.CglibAopProxy - Method is declared on Advised interface: public abstract java.lang.String org.springframework.aop.framework.Advised.toProxyConfigString()
2020-03-14 21:57:26.667 [main] DEBUG o.s.aop.framework.CglibAopProxy - Method is declared on Advised interface: public abstract java.lang.Class[] org.springframework.aop.framework.Advised.getProxiedInterfaces()
2020-03-14 21:57:26.667 [main] DEBUG o.s.aop.framework.CglibAopProxy - Method is declared on Advised interface: public abstract boolean org.springframework.aop.framework.Advised.isInterfaceProxied(java.lang.Class)
2020-03-14 21:57:26.667 [main] DEBUG o.s.aop.framework.CglibAopProxy - Method is declared on Advised interface: public abstract boolean org.springframework.aop.framework.Advised.isProxyTargetClass()
2020-03-14 21:57:26.667 [main] DEBUG o.s.aop.framework.CglibAopProxy - Method is declared on Advised interface: public abstract void org.springframework.aop.framework.Advised.addAdvice(int,org.aopalliance.aop.Advice) throws org.springframework.aop.framework.AopConfigException
2020-03-14 21:57:26.667 [main] DEBUG o.s.aop.framework.CglibAopProxy - Method is declared on Advised interface: public abstract void org.springframework.aop.framework.Advised.addAdvice(org.aopalliance.aop.Advice) throws org.springframework.aop.framework.AopConfigException
2020-03-14 21:57:26.667 [main] DEBUG o.s.aop.framework.CglibAopProxy - Method is declared on Advised interface: public abstract boolean org.springframework.aop.framework.Advised.isPreFiltered()
2020-03-14 21:57:26.667 [main] DEBUG o.s.aop.framework.CglibAopProxy - Method is declared on Advised interface: public abstract org.springframework.aop.TargetSource org.springframework.aop.framework.Advised.getTargetSource()
2020-03-14 21:57:26.667 [main] DEBUG o.s.aop.framework.CglibAopProxy - Method is declared on Advised interface: public abstract void org.springframework.aop.framework.Advised.setTargetSource(org.springframework.aop.TargetSource)
2020-03-14 21:57:26.667 [main] DEBUG o.s.aop.framework.CglibAopProxy - Method is declared on Advised interface: public abstract boolean org.springframework.aop.framework.Advised.isExposeProxy()
2020-03-14 21:57:26.667 [main] DEBUG o.s.aop.framework.CglibAopProxy - Method is declared on Advised interface: public abstract org.springframework.aop.Advisor[] org.springframework.aop.framework.Advised.getAdvisors()
2020-03-14 21:57:26.667 [main] DEBUG o.s.aop.framework.CglibAopProxy - Method is declared on Advised interface: public abstract void org.springframework.aop.framework.Advised.setPreFiltered(boolean)
2020-03-14 21:57:26.667 [main] DEBUG o.s.aop.framework.CglibAopProxy - Method is declared on Advised interface: public abstract void org.springframework.aop.framework.Advised.addAdvisor(org.springframework.aop.Advisor) throws org.springframework.aop.framework.AopConfigException
2020-03-14 21:57:26.667 [main] DEBUG o.s.aop.framework.CglibAopProxy - Method is declared on Advised interface: public abstract void org.springframework.aop.framework.Advised.addAdvisor(int,org.springframework.aop.Advisor) throws org.springframework.aop.framework.AopConfigException
2020-03-14 21:57:26.667 [main] DEBUG o.s.aop.framework.CglibAopProxy - Method is declared on Advised interface: public abstract boolean org.springframework.aop.framework.Advised.removeAdvice(org.aopalliance.aop.Advice)
2020-03-14 21:57:26.667 [main] DEBUG o.s.aop.framework.CglibAopProxy - Method is declared on Advised interface: public abstract void org.springframework.aop.framework.Advised.setExposeProxy(boolean)
2020-03-14 21:57:26.667 [main] DEBUG o.s.aop.framework.CglibAopProxy - Method is declared on Advised interface: public abstract boolean org.springframework.aop.framework.Advised.removeAdvisor(org.springframework.aop.Advisor)
2020-03-14 21:57:26.667 [main] DEBUG o.s.aop.framework.CglibAopProxy - Method is declared on Advised interface: public abstract void org.springframework.aop.framework.Advised.removeAdvisor(int) throws org.springframework.aop.framework.AopConfigException
2020-03-14 21:57:26.667 [main] DEBUG o.s.aop.framework.CglibAopProxy - Method is declared on Advised interface: public abstract boolean org.springframework.aop.framework.Advised.replaceAdvisor(org.springframework.aop.Advisor,org.springframework.aop.Advisor) throws org.springframework.aop.framework.AopConfigException
2020-03-14 21:57:26.667 [main] DEBUG o.s.aop.framework.CglibAopProxy - Method is declared on Advised interface: public abstract java.lang.Class org.springframework.aop.TargetClassAware.getTargetClass()
2020-03-14 21:57:26.687 [main] DEBUG o.s.b.f.s.DefaultListableBeanFactory - Finished creating instance of bean 'eurekaApplicationInfoManager'
2020-03-14 21:57:26.687 [main] DEBUG o.s.b.f.s.DefaultListableBeanFactory - Returning cached instance of singleton bean 'eurekaRegistration'
2020-03-14 21:57:26.687 [main] DEBUG o.s.b.f.s.DefaultListableBeanFactory - Returning cached instance of singleton bean 'org.springframework.cloud.netflix.eureka.config.DiscoveryClientOptionalArgsConfiguration'
2020-03-14 21:57:26.687 [main] DEBUG o.s.b.f.s.DefaultListableBeanFactory - Returning cached instance of singleton bean 'discoveryClientOptionalArgs'
2020-03-14 21:57:26.687 [main] DEBUG o.s.b.f.s.DefaultListableBeanFactory - Returning cached instance of singleton bean 'org.springframework.cloud.netflix.eureka.EurekaClientAutoConfiguration'
2020-03-14 21:57:26.687 [main] DEBUG o.s.b.f.s.DefaultListableBeanFactory - Returning cached instance of singleton bean 'eurekaFeature'
2020-03-14 21:57:26.687 [main] DEBUG o.s.b.f.s.DefaultListableBeanFactory - Returning cached instance of singleton bean 'eurekaClientConfigBean'
2020-03-14 21:57:26.687 [main] DEBUG o.s.b.f.s.DefaultListableBeanFactory - Returning cached instance of singleton bean 'serviceManagementMetadataProvider'
2020-03-14 21:57:26.687 [main] DEBUG o.s.b.f.s.DefaultListableBeanFactory - Returning cached instance of singleton bean 'eurekaInstanceConfigBean'
2020-03-14 21:57:26.687 [main] DEBUG o.s.b.f.s.DefaultListableBeanFactory - Returning cached instance of singleton bean 'discoveryClient'
2020-03-14 21:57:26.687 [main] DEBUG o.s.b.f.s.DefaultListableBeanFactory - Returning cached instance of singleton bean 'eurekaServiceRegistry'
2020-03-14 21:57:26.687 [main] DEBUG o.s.b.f.s.DefaultListableBeanFactory - Returning cached instance of singleton bean 'eurekaAutoServiceRegistration'
2020-03-14 21:57:26.687 [main] DEBUG o.s.b.f.s.DefaultListableBeanFactory - Returning cached instance of singleton bean 'org.springframework.cloud.client.CommonsClientAutoConfiguration$ActuatorConfiguration'
2020-03-14 21:57:26.687 [main] DEBUG o.s.b.f.s.DefaultListableBeanFactory - Returning cached instance of singleton bean 'featuresEndpoint'
2020-03-14 21:57:26.687 [main] DEBUG o.s.b.f.s.DefaultListableBeanFactory - Returning cached instance of singleton bean 'org.springframework.cloud.client.CommonsClientAutoConfiguration$DiscoveryLoadBalancerConfiguration'
2020-03-14 21:57:26.687 [main] DEBUG o.s.b.f.s.DefaultListableBeanFactory - Returning cached instance of singleton bean 'discoveryClientHealthIndicator'
2020-03-14 21:57:26.688 [main] DEBUG o.s.b.f.s.DefaultListableBeanFactory - Returning cached instance of singleton bean 'discoveryCompositeHealthIndicator'
2020-03-14 21:57:26.688 [main] DEBUG o.s.b.f.s.DefaultListableBeanFactory - Returning cached instance of singleton bean 'commonsFeatures'
2020-03-14 21:57:26.688 [main] DEBUG o.s.b.f.s.DefaultListableBeanFactory - Returning cached instance of singleton bean 'spring.cloud.discovery.client.health-indicator-org.springframework.cloud.client.discovery.health.DiscoveryClientHealthIndicatorProperties'
2020-03-14 21:57:26.688 [main] DEBUG o.s.b.f.s.DefaultListableBeanFactory - Creating shared instance of singleton bean 'org.springframework.cloud.client.CommonsClientAutoConfiguration'
2020-03-14 21:57:26.688 [main] DEBUG o.s.b.f.s.DefaultListableBeanFactory - Creating instance of bean 'org.springframework.cloud.client.CommonsClientAutoConfiguration'
2020-03-14 21:57:26.688 [main] DEBUG o.s.b.f.s.DefaultListableBeanFactory - Returning cached instance of singleton bean 'metaDataSourceAdvisor'
2020-03-14 21:57:26.688 [main] DEBUG o.s.b.f.s.DefaultListableBeanFactory - Returning cached instance of singleton bean 'org.springframework.transaction.config.internalTransactionAdvisor'
2020-03-14 21:57:26.689 [main] DEBUG o.s.b.f.s.DefaultListableBeanFactory - Eagerly caching bean 'org.springframework.cloud.client.CommonsClientAutoConfiguration' to allow for resolving potential circular references
2020-03-14 21:57:26.706 [main] DEBUG o.s.b.f.s.DefaultListableBeanFactory - Returning cached instance of singleton bean 'metaDataSourceAdvisor'
2020-03-14 21:57:26.707 [main] DEBUG o.s.b.f.s.DefaultListableBeanFactory - Returning cached instance of singleton bean 'org.springframework.transaction.config.internalTransactionAdvisor'
2020-03-14 21:57:26.707 [main] DEBUG o.s.b.f.s.DefaultListableBeanFactory - Returning cached instance of singleton bean 'metaDataSourceAdvisor'
2020-03-14 21:57:26.707 [main] DEBUG o.s.b.f.s.DefaultListableBeanFactory - Returning cached instance of singleton bean 'org.springframework.transaction.config.internalTransactionAdvisor'
2020-03-14 21:57:26.708 [main] DEBUG o.s.b.f.s.DefaultListableBeanFactory - Finished creating instance of bean 'org.springframework.cloud.client.CommonsClientAutoConfiguration'
2020-03-14 21:57:26.708 [main] DEBUG o.s.b.f.s.DefaultListableBeanFactory - Returning cached instance of singleton bean 'org.springframework.cloud.client.discovery.composite.CompositeDiscoveryClientAutoConfiguration'
2020-03-14 21:57:26.709 [main] DEBUG o.s.b.f.s.DefaultListableBeanFactory - Returning cached instance of singleton bean 'compositeDiscoveryClient'
2020-03-14 21:57:26.710 [main] DEBUG o.s.b.f.s.DefaultListableBeanFactory - Returning cached instance of singleton bean 'org.springframework.cloud.client.discovery.simple.SimpleDiscoveryClientAutoConfiguration'
2020-03-14 21:57:26.710 [main] DEBUG o.s.b.f.s.DefaultListableBeanFactory - Returning cached instance of singleton bean 'simpleDiscoveryProperties'
2020-03-14 21:57:26.710 [main] DEBUG o.s.b.f.s.DefaultListableBeanFactory - Returning cached instance of singleton bean 'simpleDiscoveryClient'
2020-03-14 21:57:26.710 [main] DEBUG o.s.b.f.s.DefaultListableBeanFactory - Returning cached instance of singleton bean 'org.springframework.cloud.netflix.ribbon.RibbonAutoConfiguration'
2020-03-14 21:57:26.710 [main] DEBUG o.s.b.f.s.DefaultListableBeanFactory - Returning cached instance of singleton bean 'ribbonFeature'
2020-03-14 21:57:26.711 [main] DEBUG o.s.b.f.s.DefaultListableBeanFactory - Returning cached instance of singleton bean 'springClientFactory'
2020-03-14 21:57:26.713 [main] DEBUG o.s.b.f.s.DefaultListableBeanFactory - Creating shared instance of singleton bean 'loadBalancerClient'
2020-03-14 21:57:26.717 [main] DEBUG o.s.b.f.s.DefaultListableBeanFactory - Creating instance of bean 'loadBalancerClient'
2020-03-14 21:57:26.717 [main] DEBUG o.s.b.f.s.DefaultListableBeanFactory - Returning cached instance of singleton bean 'metaDataSourceAdvisor'
2020-03-14 21:57:26.717 [main] DEBUG o.s.b.f.s.DefaultListableBeanFactory - Returning cached instance of singleton bean 'org.springframework.transaction.config.internalTransactionAdvisor'
2020-03-14 21:57:26.717 [main] DEBUG o.s.b.f.s.DefaultListableBeanFactory - Returning cached instance of singleton bean 'org.springframework.cloud.netflix.ribbon.RibbonAutoConfiguration'
2020-03-14 21:57:26.728 [main] DEBUG o.s.b.f.s.DefaultListableBeanFactory - Returning cached instance of singleton bean 'springClientFactory'
2020-03-14 21:57:26.732 [main] DEBUG o.s.b.f.s.DefaultListableBeanFactory - Eagerly caching bean 'loadBalancerClient' to allow for resolving potential circular references
2020-03-14 21:57:26.736 [main] DEBUG o.s.b.f.s.DefaultListableBeanFactory - Returning cached instance of singleton bean 'metaDataSourceAdvisor'
2020-03-14 21:57:26.736 [main] DEBUG o.s.b.f.s.DefaultListableBeanFactory - Returning cached instance of singleton bean 'org.springframework.transaction.config.internalTransactionAdvisor'
2020-03-14 21:57:26.736 [main] DEBUG o.s.b.f.s.DefaultListableBeanFactory - Returning cached instance of singleton bean 'metaDataSourceAdvisor'
2020-03-14 21:57:26.736 [main] DEBUG o.s.b.f.s.DefaultListableBeanFactory - Returning cached instance of singleton bean 'org.springframework.transaction.config.internalTransactionAdvisor'
2020-03-14 21:57:26.738 [main] DEBUG o.s.b.f.s.DefaultListableBeanFactory - Finished creating instance of bean 'loadBalancerClient'
2020-03-14 21:57:26.738 [main] DEBUG o.s.b.f.s.DefaultListableBeanFactory - Creating shared instance of singleton bean 'propertiesFactory'
2020-03-14 21:57:26.738 [main] DEBUG o.s.b.f.s.DefaultListableBeanFactory - Creating instance of bean 'propertiesFactory'
2020-03-14 21:57:26.738 [main] DEBUG o.s.b.f.s.DefaultListableBeanFactory - Returning cached instance of singleton bean 'metaDataSourceAdvisor'
2020-03-14 21:57:26.738 [main] DEBUG o.s.b.f.s.DefaultListableBeanFactory - Returning cached instance of singleton bean 'org.springframework.transaction.config.internalTransactionAdvisor'
2020-03-14 21:57:26.740 [main] DEBUG o.s.b.f.s.DefaultListableBeanFactory - Returning cached instance of singleton bean 'org.springframework.cloud.netflix.ribbon.RibbonAutoConfiguration'
2020-03-14 21:57:26.748 [main] DEBUG o.s.b.f.annotation.InjectionMetadata - Registered injected element on class [org.springframework.cloud.netflix.ribbon.PropertiesFactory]: AutowiredFieldElement for private org.springframework.core.env.Environment org.springframework.cloud.netflix.ribbon.PropertiesFactory.environment
2020-03-14 21:57:26.748 [main] DEBUG o.s.b.f.s.DefaultListableBeanFactory - Eagerly caching bean 'propertiesFactory' to allow for resolving potential circular references
2020-03-14 21:57:26.750 [main] DEBUG o.s.b.f.annotation.InjectionMetadata - Processing injected element of bean 'propertiesFactory': AutowiredFieldElement for private org.springframework.core.env.Environment org.springframework.cloud.netflix.ribbon.PropertiesFactory.environment
2020-03-14 21:57:26.750 [main] DEBUG o.s.core.annotation.AnnotationUtils - Failed to meta-introspect annotation interface org.springframework.beans.factory.annotation.Autowired: java.lang.NullPointerException
2020-03-14 21:57:26.751 [main] DEBUG o.s.b.f.s.DefaultListableBeanFactory - Returning cached instance of singleton bean 'environment'
2020-03-14 21:57:26.751 [main] DEBUG o.s.b.f.a.AutowiredAnnotationBeanPostProcessor - Autowiring by type from bean name 'propertiesFactory' to bean named 'environment'
2020-03-14 21:57:26.751 [main] DEBUG o.s.b.f.s.DefaultListableBeanFactory - Returning cached instance of singleton bean 'metaDataSourceAdvisor'
2020-03-14 21:57:26.751 [main] DEBUG o.s.b.f.s.DefaultListableBeanFactory - Returning cached instance of singleton bean 'org.springframework.transaction.config.internalTransactionAdvisor'
2020-03-14 21:57:26.751 [main] DEBUG o.s.b.f.s.DefaultListableBeanFactory - Returning cached instance of singleton bean 'metaDataSourceAdvisor'
2020-03-14 21:57:26.751 [main] DEBUG o.s.b.f.s.DefaultListableBeanFactory - Returning cached instance of singleton bean 'org.springframework.transaction.config.internalTransactionAdvisor'
2020-03-14 21:57:26.751 [main] DEBUG o.s.b.f.s.DefaultListableBeanFactory - Finished creating instance of bean 'propertiesFactory'
2020-03-14 21:57:26.751 [main] DEBUG o.s.b.f.s.DefaultListableBeanFactory - Returning cached instance of singleton bean 'default.org.springframework.cloud.netflix.ribbon.RibbonAutoConfiguration.RibbonClientSpecification'
2020-03-14 21:57:26.751 [main] DEBUG o.s.b.f.s.DefaultListableBeanFactory - Returning cached instance of singleton bean 'ribbon.eager-load-org.springframework.cloud.netflix.ribbon.RibbonEagerLoadProperties'
2020-03-14 21:57:26.751 [main] DEBUG o.s.b.f.s.DefaultListableBeanFactory - Creating shared instance of singleton bean 'ribbon-org.springframework.cloud.netflix.ribbon.ServerIntrospectorProperties'
2020-03-14 21:57:26.751 [main] DEBUG o.s.b.f.s.DefaultListableBeanFactory - Creating instance of bean 'ribbon-org.springframework.cloud.netflix.ribbon.ServerIntrospectorProperties'
2020-03-14 21:57:26.751 [main] DEBUG o.s.b.f.s.DefaultListableBeanFactory - Returning cached instance of singleton bean 'metaDataSourceAdvisor'
2020-03-14 21:57:26.751 [main] DEBUG o.s.b.f.s.DefaultListableBeanFactory - Returning cached instance of singleton bean 'org.springframework.transaction.config.internalTransactionAdvisor'
2020-03-14 21:57:26.752 [main] DEBUG o.s.b.f.s.DefaultListableBeanFactory - Eagerly caching bean 'ribbon-org.springframework.cloud.netflix.ribbon.ServerIntrospectorProperties' to allow for resolving potential circular references
2020-03-14 21:57:26.757 [main] DEBUG o.s.b.f.s.DefaultListableBeanFactory - Returning cached instance of singleton bean 'metaDataSourceAdvisor'
2020-03-14 21:57:26.757 [main] DEBUG o.s.b.f.s.DefaultListableBeanFactory - Returning cached instance of singleton bean 'org.springframework.transaction.config.internalTransactionAdvisor'
2020-03-14 21:57:26.757 [main] DEBUG o.s.b.f.s.DefaultListableBeanFactory - Returning cached instance of singleton bean 'metaDataSourceAdvisor'
2020-03-14 21:57:26.757 [main] DEBUG o.s.b.f.s.DefaultListableBeanFactory - Returning cached instance of singleton bean 'org.springframework.transaction.config.internalTransactionAdvisor'
2020-03-14 21:57:26.757 [main] DEBUG o.s.b.f.s.DefaultListableBeanFactory - Finished creating instance of bean 'ribbon-org.springframework.cloud.netflix.ribbon.ServerIntrospectorProperties'
2020-03-14 21:57:26.757 [main] DEBUG o.s.b.f.s.DefaultListableBeanFactory - Creating shared instance of singleton bean 'org.springframework.cloud.client.loadbalancer.AsyncLoadBalancerAutoConfiguration$LoadBalancerInterceptorConfig'
2020-03-14 21:57:26.757 [main] DEBUG o.s.b.f.s.DefaultListableBeanFactory - Creating instance of bean 'org.springframework.cloud.client.loadbalancer.AsyncLoadBalancerAutoConfiguration$LoadBalancerInterceptorConfig'
2020-03-14 21:57:26.757 [main] DEBUG o.s.b.f.s.DefaultListableBeanFactory - Returning cached instance of singleton bean 'metaDataSourceAdvisor'
2020-03-14 21:57:26.758 [main] DEBUG o.s.b.f.s.DefaultListableBeanFactory - Returning cached instance of singleton bean 'org.springframework.transaction.config.internalTransactionAdvisor'
2020-03-14 21:57:26.760 [main] DEBUG o.s.b.f.s.DefaultListableBeanFactory - Eagerly caching bean 'org.springframework.cloud.client.loadbalancer.AsyncLoadBalancerAutoConfiguration$LoadBalancerInterceptorConfig' to allow for resolving potential circular references
2020-03-14 21:57:26.784 [main] DEBUG o.s.b.f.s.DefaultListableBeanFactory - Returning cached instance of singleton bean 'metaDataSourceAdvisor'
2020-03-14 21:57:26.784 [main] DEBUG o.s.b.f.s.DefaultListableBeanFactory - Returning cached instance of singleton bean 'org.springframework.transaction.config.internalTransactionAdvisor'
2020-03-14 21:57:26.784 [main] DEBUG o.s.b.f.s.DefaultListableBeanFactory - Returning cached instance of singleton bean 'metaDataSourceAdvisor'
2020-03-14 21:57:26.784 [main] DEBUG o.s.b.f.s.DefaultListableBeanFactory - Returning cached instance of singleton bean 'org.springframework.transaction.config.internalTransactionAdvisor'
2020-03-14 21:57:26.785 [main] DEBUG o.s.b.f.s.DefaultListableBeanFactory - Finished creating instance of bean 'org.springframework.cloud.client.loadbalancer.AsyncLoadBalancerAutoConfiguration$LoadBalancerInterceptorConfig'
2020-03-14 21:57:26.785 [main] DEBUG o.s.b.f.s.DefaultListableBeanFactory - Creating shared instance of singleton bean 'asyncLoadBalancerInterceptor'
2020-03-14 21:57:26.785 [main] DEBUG o.s.b.f.s.DefaultListableBeanFactory - Creating instance of bean 'asyncLoadBalancerInterceptor'
2020-03-14 21:57:26.785 [main] DEBUG o.s.b.f.s.DefaultListableBeanFactory - Returning cached instance of singleton bean 'metaDataSourceAdvisor'
2020-03-14 21:57:26.785 [main] DEBUG o.s.b.f.s.DefaultListableBeanFactory - Returning cached instance of singleton bean 'org.springframework.transaction.config.internalTransactionAdvisor'
2020-03-14 21:57:26.785 [main] DEBUG o.s.b.f.s.DefaultListableBeanFactory - Returning cached instance of singleton bean 'org.springframework.cloud.client.loadbalancer.AsyncLoadBalancerAutoConfiguration$LoadBalancerInterceptorConfig'
2020-03-14 21:57:26.791 [main] DEBUG o.s.b.f.s.DefaultListableBeanFactory - Returning cached instance of singleton bean 'loadBalancerClient'
2020-03-14 21:57:26.791 [main] DEBUG o.s.b.f.s.DefaultListableBeanFactory - Autowiring by type from bean name 'asyncLoadBalancerInterceptor' via factory method to bean named 'loadBalancerClient'
2020-03-14 21:57:26.801 [main] DEBUG o.s.b.f.s.DefaultListableBeanFactory - Eagerly caching bean 'asyncLoadBalancerInterceptor' to allow for resolving potential circular references
2020-03-14 21:57:26.807 [main] DEBUG o.s.b.f.s.DefaultListableBeanFactory - Returning cached instance of singleton bean 'metaDataSourceAdvisor'
2020-03-14 21:57:26.807 [main] DEBUG o.s.b.f.s.DefaultListableBeanFactory - Returning cached instance of singleton bean 'org.springframework.transaction.config.internalTransactionAdvisor'
2020-03-14 21:57:26.807 [main] DEBUG o.s.b.f.s.DefaultListableBeanFactory - Returning cached instance of singleton bean 'metaDataSourceAdvisor'
2020-03-14 21:57:26.807 [main] DEBUG o.s.b.f.s.DefaultListableBeanFactory - Returning cached instance of singleton bean 'org.springframework.transaction.config.internalTransactionAdvisor'
2020-03-14 21:57:26.808 [main] DEBUG o.s.b.f.s.DefaultListableBeanFactory - Finished creating instance of bean 'asyncLoadBalancerInterceptor'
2020-03-14 21:57:26.809 [main] DEBUG o.s.b.f.s.DefaultListableBeanFactory - Creating shared instance of singleton bean 'asyncRestTemplateCustomizer'
2020-03-14 21:57:26.809 [main] DEBUG o.s.b.f.s.DefaultListableBeanFactory - Creating instance of bean 'asyncRestTemplateCustomizer'
2020-03-14 21:57:26.809 [main] DEBUG o.s.b.f.s.DefaultListableBeanFactory - Returning cached instance of singleton bean 'metaDataSourceAdvisor'
2020-03-14 21:57:26.809 [main] DEBUG o.s.b.f.s.DefaultListableBeanFactory - Returning cached instance of singleton bean 'org.springframework.transaction.config.internalTransactionAdvisor'
2020-03-14 21:57:26.809 [main] DEBUG o.s.b.f.s.DefaultListableBeanFactory - Returning cached instance of singleton bean 'org.springframework.cloud.client.loadbalancer.AsyncLoadBalancerAutoConfiguration$LoadBalancerInterceptorConfig'
2020-03-14 21:57:26.812 [main] DEBUG o.s.b.f.s.DefaultListableBeanFactory - Returning cached instance of singleton bean 'asyncLoadBalancerInterceptor'
2020-03-14 21:57:26.813 [main] DEBUG o.s.b.f.s.DefaultListableBeanFactory - Autowiring by type from bean name 'asyncRestTemplateCustomizer' via factory method to bean named 'asyncLoadBalancerInterceptor'
2020-03-14 21:57:26.814 [main] DEBUG o.s.b.f.s.DefaultListableBeanFactory - Eagerly caching bean 'asyncRestTemplateCustomizer' to allow for resolving potential circular references
2020-03-14 21:57:26.818 [main] DEBUG o.s.b.f.s.DefaultListableBeanFactory - Returning cached instance of singleton bean 'metaDataSourceAdvisor'
2020-03-14 21:57:26.818 [main] DEBUG o.s.b.f.s.DefaultListableBeanFactory - Returning cached instance of singleton bean 'org.springframework.transaction.config.internalTransactionAdvisor'
2020-03-14 21:57:26.818 [main] DEBUG o.s.b.f.s.DefaultListableBeanFactory - Returning cached instance of singleton bean 'metaDataSourceAdvisor'
2020-03-14 21:57:26.818 [main] DEBUG o.s.b.f.s.DefaultListableBeanFactory - Returning cached instance of singleton bean 'org.springframework.transaction.config.internalTransactionAdvisor'
2020-03-14 21:57:26.818 [main] DEBUG o.s.b.f.s.DefaultListableBeanFactory - Finished creating instance of bean 'asyncRestTemplateCustomizer'
2020-03-14 21:57:26.818 [main] DEBUG o.s.b.f.s.DefaultListableBeanFactory - Creating shared instance of singleton bean 'org.springframework.cloud.client.loadbalancer.AsyncLoadBalancerAutoConfiguration$AsyncRestTemplateCustomizerConfig'
2020-03-14 21:57:26.818 [main] DEBUG o.s.b.f.s.DefaultListableBeanFactory - Creating instance of bean 'org.springframework.cloud.client.loadbalancer.AsyncLoadBalancerAutoConfiguration$AsyncRestTemplateCustomizerConfig'
2020-03-14 21:57:26.818 [main] DEBUG o.s.b.f.s.DefaultListableBeanFactory - Returning cached instance of singleton bean 'metaDataSourceAdvisor'
2020-03-14 21:57:26.818 [main] DEBUG o.s.b.f.s.DefaultListableBeanFactory - Returning cached instance of singleton bean 'org.springframework.transaction.config.internalTransactionAdvisor'
2020-03-14 21:57:26.819 [main] DEBUG o.s.b.f.annotation.InjectionMetadata - Registered injected element on class [org.springframework.cloud.client.loadbalancer.AsyncLoadBalancerAutoConfiguration$AsyncRestTemplateCustomizerConfig$$EnhancerBySpringCGLIB$$c236d993]: AutowiredFieldElement for private java.util.List org.springframework.cloud.client.loadbalancer.AsyncLoadBalancerAutoConfiguration$AsyncRestTemplateCustomizerConfig.restTemplates
2020-03-14 21:57:26.819 [main] DEBUG o.s.b.f.s.DefaultListableBeanFactory - Eagerly caching bean 'org.springframework.cloud.client.loadbalancer.AsyncLoadBalancerAutoConfiguration$AsyncRestTemplateCustomizerConfig' to allow for resolving potential circular references
2020-03-14 21:57:26.826 [main] DEBUG o.s.b.f.annotation.InjectionMetadata - Processing injected element of bean 'org.springframework.cloud.client.loadbalancer.AsyncLoadBalancerAutoConfiguration$AsyncRestTemplateCustomizerConfig': AutowiredFieldElement for private java.util.List org.springframework.cloud.client.loadbalancer.AsyncLoadBalancerAutoConfiguration$AsyncRestTemplateCustomizerConfig.restTemplates
2020-03-14 21:57:26.826 [main] DEBUG o.s.core.annotation.AnnotationUtils - Failed to meta-introspect annotation interface org.springframework.cloud.client.loadbalancer.LoadBalanced: java.lang.NullPointerException
2020-03-14 21:57:26.827 [main] DEBUG o.s.core.annotation.AnnotationUtils - Failed to meta-introspect annotation interface org.springframework.beans.factory.annotation.Autowired: java.lang.NullPointerException
2020-03-14 21:57:26.829 [main] DEBUG o.s.b.f.s.DefaultListableBeanFactory - Returning cached instance of singleton bean 'metaDataSourceAdvisor'
2020-03-14 21:57:26.830 [main] DEBUG o.s.b.f.s.DefaultListableBeanFactory - Returning cached instance of singleton bean 'org.springframework.transaction.config.internalTransactionAdvisor'
2020-03-14 21:57:26.830 [main] DEBUG o.s.b.f.s.DefaultListableBeanFactory - Returning cached instance of singleton bean 'metaDataSourceAdvisor'
2020-03-14 21:57:26.830 [main] DEBUG o.s.b.f.s.DefaultListableBeanFactory - Returning cached instance of singleton bean 'org.springframework.transaction.config.internalTransactionAdvisor'
2020-03-14 21:57:26.830 [main] DEBUG o.s.b.f.s.DefaultListableBeanFactory - Finished creating instance of bean 'org.springframework.cloud.client.loadbalancer.AsyncLoadBalancerAutoConfiguration$AsyncRestTemplateCustomizerConfig'
2020-03-14 21:57:26.830 [main] DEBUG o.s.b.f.s.DefaultListableBeanFactory - Creating shared instance of singleton bean 'loadBalancedAsyncRestTemplateInitializer'
2020-03-14 21:57:26.830 [main] DEBUG o.s.b.f.s.DefaultListableBeanFactory - Creating instance of bean 'loadBalancedAsyncRestTemplateInitializer'
2020-03-14 21:57:26.830 [main] DEBUG o.s.b.f.s.DefaultListableBeanFactory - Returning cached instance of singleton bean 'metaDataSourceAdvisor'
2020-03-14 21:57:26.830 [main] DEBUG o.s.b.f.s.DefaultListableBeanFactory - Returning cached instance of singleton bean 'org.springframework.transaction.config.internalTransactionAdvisor'
2020-03-14 21:57:26.831 [main] DEBUG o.s.b.f.s.DefaultListableBeanFactory - Returning cached instance of singleton bean 'org.springframework.cloud.client.loadbalancer.AsyncLoadBalancerAutoConfiguration$AsyncRestTemplateCustomizerConfig'
2020-03-14 21:57:26.838 [main] DEBUG o.s.b.f.s.DefaultListableBeanFactory - Returning cached instance of singleton bean 'asyncRestTemplateCustomizer'
2020-03-14 21:57:26.839 [main] DEBUG o.s.b.f.s.DefaultListableBeanFactory - Autowiring by type from bean name 'loadBalancedAsyncRestTemplateInitializer' via factory method to bean named 'asyncRestTemplateCustomizer'
2020-03-14 21:57:26.851 [main] DEBUG o.s.b.f.s.DefaultListableBeanFactory - Eagerly caching bean 'loadBalancedAsyncRestTemplateInitializer' to allow for resolving potential circular references
2020-03-14 21:57:26.859 [main] DEBUG o.s.b.f.s.DefaultListableBeanFactory - Returning cached instance of singleton bean 'metaDataSourceAdvisor'
2020-03-14 21:57:26.859 [main] DEBUG o.s.b.f.s.DefaultListableBeanFactory - Returning cached instance of singleton bean 'org.springframework.transaction.config.internalTransactionAdvisor'
2020-03-14 21:57:26.859 [main] DEBUG o.s.b.f.s.DefaultListableBeanFactory - Returning cached instance of singleton bean 'metaDataSourceAdvisor'
2020-03-14 21:57:26.859 [main] DEBUG o.s.b.f.s.DefaultListableBeanFactory - Returning cached instance of singleton bean 'org.springframework.transaction.config.internalTransactionAdvisor'
2020-03-14 21:57:26.860 [main] DEBUG o.s.b.f.s.DefaultListableBeanFactory - Finished creating instance of bean 'loadBalancedAsyncRestTemplateInitializer'
2020-03-14 21:57:26.860 [main] DEBUG o.s.b.f.s.DefaultListableBeanFactory - Creating shared instance of singleton bean 'org.springframework.cloud.client.loadbalancer.AsyncLoadBalancerAutoConfiguration'
2020-03-14 21:57:26.860 [main] DEBUG o.s.b.f.s.DefaultListableBeanFactory - Creating instance of bean 'org.springframework.cloud.client.loadbalancer.AsyncLoadBalancerAutoConfiguration'
2020-03-14 21:57:26.860 [main] DEBUG o.s.b.f.s.DefaultListableBeanFactory - Returning cached instance of singleton bean 'metaDataSourceAdvisor'
2020-03-14 21:57:26.860 [main] DEBUG o.s.b.f.s.DefaultListableBeanFactory - Returning cached instance of singleton bean 'org.springframework.transaction.config.internalTransactionAdvisor'
2020-03-14 21:57:26.860 [main] DEBUG o.s.b.f.s.DefaultListableBeanFactory - Eagerly caching bean 'org.springframework.cloud.client.loadbalancer.AsyncLoadBalancerAutoConfiguration' to allow for resolving potential circular references
2020-03-14 21:57:26.866 [main] DEBUG o.s.b.f.s.DefaultListableBeanFactory - Returning cached instance of singleton bean 'metaDataSourceAdvisor'
2020-03-14 21:57:26.866 [main] DEBUG o.s.b.f.s.DefaultListableBeanFactory - Returning cached instance of singleton bean 'org.springframework.transaction.config.internalTransactionAdvisor'
2020-03-14 21:57:26.866 [main] DEBUG o.s.b.f.s.DefaultListableBeanFactory - Returning cached instance of singleton bean 'metaDataSourceAdvisor'
2020-03-14 21:57:26.866 [main] DEBUG o.s.b.f.s.DefaultListableBeanFactory - Returning cached instance of singleton bean 'org.springframework.transaction.config.internalTransactionAdvisor'
2020-03-14 21:57:26.867 [main] DEBUG o.s.b.f.s.DefaultListableBeanFactory - Finished creating instance of bean 'org.springframework.cloud.client.loadbalancer.AsyncLoadBalancerAutoConfiguration'
2020-03-14 21:57:26.867 [main] DEBUG o.s.b.f.s.DefaultListableBeanFactory - Creating shared instance of singleton bean 'org.springframework.cloud.client.loadbalancer.LoadBalancerAutoConfiguration$LoadBalancerInterceptorConfig'
2020-03-14 21:57:26.867 [main] DEBUG o.s.b.f.s.DefaultListableBeanFactory - Creating instance of bean 'org.springframework.cloud.client.loadbalancer.LoadBalancerAutoConfiguration$LoadBalancerInterceptorConfig'
2020-03-14 21:57:26.867 [main] DEBUG o.s.b.f.s.DefaultListableBeanFactory - Returning cached instance of singleton bean 'metaDataSourceAdvisor'
2020-03-14 21:57:26.867 [main] DEBUG o.s.b.f.s.DefaultListableBeanFactory - Returning cached instance of singleton bean 'org.springframework.transaction.config.internalTransactionAdvisor'
2020-03-14 21:57:26.867 [main] DEBUG o.s.b.f.s.DefaultListableBeanFactory - Eagerly caching bean 'org.springframework.cloud.client.loadbalancer.LoadBalancerAutoConfiguration$LoadBalancerInterceptorConfig' to allow for resolving potential circular references
2020-03-14 21:57:26.873 [main] DEBUG o.s.b.f.s.DefaultListableBeanFactory - Returning cached instance of singleton bean 'metaDataSourceAdvisor'
2020-03-14 21:57:26.873 [main] DEBUG o.s.b.f.s.DefaultListableBeanFactory - Returning cached instance of singleton bean 'org.springframework.transaction.config.internalTransactionAdvisor'
2020-03-14 21:57:26.873 [main] DEBUG o.s.b.f.s.DefaultListableBeanFactory - Returning cached instance of singleton bean 'metaDataSourceAdvisor'
2020-03-14 21:57:26.873 [main] DEBUG o.s.b.f.s.DefaultListableBeanFactory - Returning cached instance of singleton bean 'org.springframework.transaction.config.internalTransactionAdvisor'
2020-03-14 21:57:26.875 [main] DEBUG o.s.b.f.s.DefaultListableBeanFactory - Finished creating instance of bean 'org.springframework.cloud.client.loadbalancer.LoadBalancerAutoConfiguration$LoadBalancerInterceptorConfig'
2020-03-14 21:57:26.876 [main] DEBUG o.s.b.f.s.DefaultListableBeanFactory - Creating shared instance of singleton bean 'ribbonInterceptor'
2020-03-14 21:57:26.876 [main] DEBUG o.s.b.f.s.DefaultListableBeanFactory - Creating instance of bean 'ribbonInterceptor'
2020-03-14 21:57:26.876 [main] DEBUG o.s.b.f.s.DefaultListableBeanFactory - Returning cached instance of singleton bean 'metaDataSourceAdvisor'
2020-03-14 21:57:26.876 [main] DEBUG o.s.b.f.s.DefaultListableBeanFactory - Returning cached instance of singleton bean 'org.springframework.transaction.config.internalTransactionAdvisor'
2020-03-14 21:57:26.876 [main] DEBUG o.s.b.f.s.DefaultListableBeanFactory - Returning cached instance of singleton bean 'org.springframework.cloud.client.loadbalancer.LoadBalancerAutoConfiguration$LoadBalancerInterceptorConfig'
2020-03-14 21:57:26.877 [main] DEBUG o.s.b.f.s.DefaultListableBeanFactory - Returning cached instance of singleton bean 'loadBalancerClient'
2020-03-14 21:57:26.879 [main] DEBUG o.s.b.f.s.DefaultListableBeanFactory - Creating shared instance of singleton bean 'loadBalancerRequestFactory'
2020-03-14 21:57:26.879 [main] DEBUG o.s.b.f.s.DefaultListableBeanFactory - Creating instance of bean 'loadBalancerRequestFactory'
2020-03-14 21:57:26.879 [main] DEBUG o.s.b.f.s.DefaultListableBeanFactory - Returning cached instance of singleton bean 'metaDataSourceAdvisor'
2020-03-14 21:57:26.879 [main] DEBUG o.s.b.f.s.DefaultListableBeanFactory - Returning cached instance of singleton bean 'org.springframework.transaction.config.internalTransactionAdvisor'
2020-03-14 21:57:26.879 [main] DEBUG o.s.b.f.s.DefaultListableBeanFactory - Creating shared instance of singleton bean 'org.springframework.cloud.client.loadbalancer.LoadBalancerAutoConfiguration'
2020-03-14 21:57:26.879 [main] DEBUG o.s.b.f.s.DefaultListableBeanFactory - Creating instance of bean 'org.springframework.cloud.client.loadbalancer.LoadBalancerAutoConfiguration'
2020-03-14 21:57:26.879 [main] DEBUG o.s.b.f.s.DefaultListableBeanFactory - Returning cached instance of singleton bean 'metaDataSourceAdvisor'
2020-03-14 21:57:26.879 [main] DEBUG o.s.b.f.s.DefaultListableBeanFactory - Returning cached instance of singleton bean 'org.springframework.transaction.config.internalTransactionAdvisor'
2020-03-14 21:57:26.880 [main] DEBUG o.s.b.f.annotation.InjectionMetadata - Registered injected element on class [org.springframework.cloud.client.loadbalancer.LoadBalancerAutoConfiguration$$EnhancerBySpringCGLIB$$7f15747a]: AutowiredFieldElement for private java.util.List org.springframework.cloud.client.loadbalancer.LoadBalancerAutoConfiguration.restTemplates
2020-03-14 21:57:26.880 [main] DEBUG o.s.b.f.annotation.InjectionMetadata - Registered injected element on class [org.springframework.cloud.client.loadbalancer.LoadBalancerAutoConfiguration$$EnhancerBySpringCGLIB$$7f15747a]: AutowiredFieldElement for private java.util.List org.springframework.cloud.client.loadbalancer.LoadBalancerAutoConfiguration.transformers
2020-03-14 21:57:26.880 [main] DEBUG o.s.b.f.s.DefaultListableBeanFactory - Eagerly caching bean 'org.springframework.cloud.client.loadbalancer.LoadBalancerAutoConfiguration' to allow for resolving potential circular references
2020-03-14 21:57:26.884 [main] DEBUG o.s.b.f.annotation.InjectionMetadata - Processing injected element of bean 'org.springframework.cloud.client.loadbalancer.LoadBalancerAutoConfiguration': AutowiredFieldElement for private java.util.List org.springframework.cloud.client.loadbalancer.LoadBalancerAutoConfiguration.restTemplates
2020-03-14 21:57:26.884 [main] DEBUG o.s.core.annotation.AnnotationUtils - Failed to meta-introspect annotation interface org.springframework.cloud.client.loadbalancer.LoadBalanced: java.lang.NullPointerException
2020-03-14 21:57:26.884 [main] DEBUG o.s.core.annotation.AnnotationUtils - Failed to meta-introspect annotation interface org.springframework.beans.factory.annotation.Autowired: java.lang.NullPointerException
2020-03-14 21:57:26.887 [main] DEBUG o.s.b.f.s.DefaultListableBeanFactory - Returning cached instance of singleton bean 'restTemplate'
2020-03-14 21:57:26.888 [main] DEBUG o.s.b.f.a.AutowiredAnnotationBeanPostProcessor - Autowiring by type from bean name 'org.springframework.cloud.client.loadbalancer.LoadBalancerAutoConfiguration' to bean named 'restTemplate'
2020-03-14 21:57:26.888 [main] DEBUG o.s.b.f.annotation.InjectionMetadata - Processing injected element of bean 'org.springframework.cloud.client.loadbalancer.LoadBalancerAutoConfiguration': AutowiredFieldElement for private java.util.List org.springframework.cloud.client.loadbalancer.LoadBalancerAutoConfiguration.transformers
2020-03-14 21:57:26.888 [main] DEBUG o.s.core.annotation.AnnotationUtils - Failed to meta-introspect annotation interface org.springframework.beans.factory.annotation.Autowired: java.lang.NullPointerException
2020-03-14 21:57:26.892 [main] DEBUG o.s.b.f.s.DefaultListableBeanFactory - Returning cached instance of singleton bean 'metaDataSourceAdvisor'
2020-03-14 21:57:26.893 [main] DEBUG o.s.b.f.s.DefaultListableBeanFactory - Returning cached instance of singleton bean 'org.springframework.transaction.config.internalTransactionAdvisor'
2020-03-14 21:57:26.894 [main] DEBUG o.s.b.f.s.DefaultListableBeanFactory - Returning cached instance of singleton bean 'metaDataSourceAdvisor'
2020-03-14 21:57:26.895 [main] DEBUG o.s.b.f.s.DefaultListableBeanFactory - Returning cached instance of singleton bean 'org.springframework.transaction.config.internalTransactionAdvisor'
2020-03-14 21:57:26.906 [main] DEBUG o.s.b.f.s.DefaultListableBeanFactory - Finished creating instance of bean 'org.springframework.cloud.client.loadbalancer.LoadBalancerAutoConfiguration'
2020-03-14 21:57:26.907 [main] DEBUG o.s.b.f.s.DefaultListableBeanFactory - Returning cached instance of singleton bean 'loadBalancerClient'
2020-03-14 21:57:26.907 [main] DEBUG o.s.b.f.s.DefaultListableBeanFactory - Autowiring by type from bean name 'loadBalancerRequestFactory' via factory method to bean named 'loadBalancerClient'
2020-03-14 21:57:26.916 [main] DEBUG o.s.b.f.s.DefaultListableBeanFactory - Eagerly caching bean 'loadBalancerRequestFactory' to allow for resolving potential circular references
2020-03-14 21:57:26.924 [main] DEBUG o.s.b.f.s.DefaultListableBeanFactory - Returning cached instance of singleton bean 'metaDataSourceAdvisor'
2020-03-14 21:57:26.924 [main] DEBUG o.s.b.f.s.DefaultListableBeanFactory - Returning cached instance of singleton bean 'org.springframework.transaction.config.internalTransactionAdvisor'
2020-03-14 21:57:26.924 [main] DEBUG o.s.b.f.s.DefaultListableBeanFactory - Returning cached instance of singleton bean 'metaDataSourceAdvisor'
2020-03-14 21:57:26.924 [main] DEBUG o.s.b.f.s.DefaultListableBeanFactory - Returning cached instance of singleton bean 'org.springframework.transaction.config.internalTransactionAdvisor'
2020-03-14 21:57:26.924 [main] DEBUG o.s.b.f.s.DefaultListableBeanFactory - Finished creating instance of bean 'loadBalancerRequestFactory'
2020-03-14 21:57:26.924 [main] DEBUG o.s.b.f.s.DefaultListableBeanFactory - Autowiring by type from bean name 'ribbonInterceptor' via factory method to bean named 'loadBalancerClient'
2020-03-14 21:57:26.924 [main] DEBUG o.s.b.f.s.DefaultListableBeanFactory - Autowiring by type from bean name 'ribbonInterceptor' via factory method to bean named 'loadBalancerRequestFactory'
2020-03-14 21:57:26.929 [main] DEBUG o.s.b.f.s.DefaultListableBeanFactory - Eagerly caching bean 'ribbonInterceptor' to allow for resolving potential circular references
2020-03-14 21:57:26.936 [main] DEBUG o.s.b.f.s.DefaultListableBeanFactory - Returning cached instance of singleton bean 'metaDataSourceAdvisor'
2020-03-14 21:57:26.936 [main] DEBUG o.s.b.f.s.DefaultListableBeanFactory - Returning cached instance of singleton bean 'org.springframework.transaction.config.internalTransactionAdvisor'
2020-03-14 21:57:26.936 [main] DEBUG o.s.b.f.s.DefaultListableBeanFactory - Returning cached instance of singleton bean 'metaDataSourceAdvisor'
2020-03-14 21:57:26.936 [main] DEBUG o.s.b.f.s.DefaultListableBeanFactory - Returning cached instance of singleton bean 'org.springframework.transaction.config.internalTransactionAdvisor'
2020-03-14 21:57:26.936 [main] DEBUG o.s.b.f.s.DefaultListableBeanFactory - Finished creating instance of bean 'ribbonInterceptor'
2020-03-14 21:57:26.936 [main] DEBUG o.s.b.f.s.DefaultListableBeanFactory - Creating shared instance of singleton bean 'restTemplateCustomizer'
2020-03-14 21:57:26.937 [main] DEBUG o.s.b.f.s.DefaultListableBeanFactory - Creating instance of bean 'restTemplateCustomizer'
2020-03-14 21:57:26.937 [main] DEBUG o.s.b.f.s.DefaultListableBeanFactory - Returning cached instance of singleton bean 'metaDataSourceAdvisor'
2020-03-14 21:57:26.937 [main] DEBUG o.s.b.f.s.DefaultListableBeanFactory - Returning cached instance of singleton bean 'org.springframework.transaction.config.internalTransactionAdvisor'
2020-03-14 21:57:26.937 [main] DEBUG o.s.b.f.s.DefaultListableBeanFactory - Returning cached instance of singleton bean 'org.springframework.cloud.client.loadbalancer.LoadBalancerAutoConfiguration$LoadBalancerInterceptorConfig'
2020-03-14 21:57:26.940 [main] DEBUG o.s.b.f.s.DefaultListableBeanFactory - Returning cached instance of singleton bean 'ribbonInterceptor'
2020-03-14 21:57:26.940 [main] DEBUG o.s.b.f.s.DefaultListableBeanFactory - Autowiring by type from bean name 'restTemplateCustomizer' via factory method to bean named 'ribbonInterceptor'
2020-03-14 21:57:26.944 [main] DEBUG o.s.b.f.s.DefaultListableBeanFactory - Eagerly caching bean 'restTemplateCustomizer' to allow for resolving potential circular references
2020-03-14 21:57:26.949 [main] DEBUG o.s.b.f.s.DefaultListableBeanFactory - Returning cached instance of singleton bean 'metaDataSourceAdvisor'
2020-03-14 21:57:26.949 [main] DEBUG o.s.b.f.s.DefaultListableBeanFactory - Returning cached instance of singleton bean 'org.springframework.transaction.config.internalTransactionAdvisor'
2020-03-14 21:57:26.949 [main] DEBUG o.s.b.f.s.DefaultListableBeanFactory - Returning cached instance of singleton bean 'metaDataSourceAdvisor'
2020-03-14 21:57:26.949 [main] DEBUG o.s.b.f.s.DefaultListableBeanFactory - Returning cached instance of singleton bean 'org.springframework.transaction.config.internalTransactionAdvisor'
2020-03-14 21:57:26.949 [main] DEBUG o.s.b.f.s.DefaultListableBeanFactory - Finished creating instance of bean 'restTemplateCustomizer'
2020-03-14 21:57:26.949 [main] DEBUG o.s.b.f.s.DefaultListableBeanFactory - Returning cached instance of singleton bean 'org.springframework.cloud.client.loadbalancer.LoadBalancerAutoConfiguration'
2020-03-14 21:57:26.949 [main] DEBUG o.s.b.f.s.DefaultListableBeanFactory - Creating shared instance of singleton bean 'loadBalancedRestTemplateInitializerDeprecated'
2020-03-14 21:57:26.949 [main] DEBUG o.s.b.f.s.DefaultListableBeanFactory - Creating instance of bean 'loadBalancedRestTemplateInitializerDeprecated'
2020-03-14 21:57:26.950 [main] DEBUG o.s.b.f.s.DefaultListableBeanFactory - Returning cached instance of singleton bean 'metaDataSourceAdvisor'
2020-03-14 21:57:26.950 [main] DEBUG o.s.b.f.s.DefaultListableBeanFactory - Returning cached instance of singleton bean 'org.springframework.transaction.config.internalTransactionAdvisor'
2020-03-14 21:57:26.950 [main] DEBUG o.s.b.f.s.DefaultListableBeanFactory - Returning cached instance of singleton bean 'org.springframework.cloud.client.loadbalancer.LoadBalancerAutoConfiguration'
2020-03-14 21:57:26.951 [main] DEBUG o.s.b.f.s.DefaultListableBeanFactory - Eagerly caching bean 'loadBalancedRestTemplateInitializerDeprecated' to allow for resolving potential circular references
2020-03-14 21:57:26.954 [main] DEBUG o.s.b.f.s.DefaultListableBeanFactory - Returning cached instance of singleton bean 'metaDataSourceAdvisor'
2020-03-14 21:57:26.954 [main] DEBUG o.s.b.f.s.DefaultListableBeanFactory - Returning cached instance of singleton bean 'org.springframework.transaction.config.internalTransactionAdvisor'
2020-03-14 21:57:26.954 [main] DEBUG o.s.b.f.s.DefaultListableBeanFactory - Returning cached instance of singleton bean 'metaDataSourceAdvisor'
2020-03-14 21:57:26.954 [main] DEBUG o.s.b.f.s.DefaultListableBeanFactory - Returning cached instance of singleton bean 'org.springframework.transaction.config.internalTransactionAdvisor'
2020-03-14 21:57:26.954 [main] DEBUG o.s.b.f.s.DefaultListableBeanFactory - Finished creating instance of bean 'loadBalancedRestTemplateInitializerDeprecated'
2020-03-14 21:57:26.955 [main] DEBUG o.s.b.f.s.DefaultListableBeanFactory - Returning cached instance of singleton bean 'loadBalancerRequestFactory'
2020-03-14 21:57:26.955 [main] DEBUG o.s.b.f.s.DefaultListableBeanFactory - Creating shared instance of singleton bean 'spring.cloud.loadbalancer.retry-org.springframework.cloud.client.loadbalancer.LoadBalancerRetryProperties'
2020-03-14 21:57:26.955 [main] DEBUG o.s.b.f.s.DefaultListableBeanFactory - Creating instance of bean 'spring.cloud.loadbalancer.retry-org.springframework.cloud.client.loadbalancer.LoadBalancerRetryProperties'
2020-03-14 21:57:26.955 [main] DEBUG o.s.b.f.s.DefaultListableBeanFactory - Returning cached instance of singleton bean 'metaDataSourceAdvisor'
2020-03-14 21:57:26.955 [main] DEBUG o.s.b.f.s.DefaultListableBeanFactory - Returning cached instance of singleton bean 'org.springframework.transaction.config.internalTransactionAdvisor'
2020-03-14 21:57:26.956 [main] DEBUG o.s.b.f.s.DefaultListableBeanFactory - Eagerly caching bean 'spring.cloud.loadbalancer.retry-org.springframework.cloud.client.loadbalancer.LoadBalancerRetryProperties' to allow for resolving potential circular references
2020-03-14 21:57:26.968 [main] DEBUG o.s.b.f.s.DefaultListableBeanFactory - Returning cached instance of singleton bean 'metaDataSourceAdvisor'
2020-03-14 21:57:26.969 [main] DEBUG o.s.b.f.s.DefaultListableBeanFactory - Returning cached instance of singleton bean 'org.springframework.transaction.config.internalTransactionAdvisor'
2020-03-14 21:57:26.970 [main] DEBUG o.s.b.f.s.DefaultListableBeanFactory - Returning cached instance of singleton bean 'metaDataSourceAdvisor'
2020-03-14 21:57:26.970 [main] DEBUG o.s.b.f.s.DefaultListableBeanFactory - Returning cached instance of singleton bean 'org.springframework.transaction.config.internalTransactionAdvisor'
2020-03-14 21:57:26.971 [main] DEBUG o.s.b.f.s.DefaultListableBeanFactory - Finished creating instance of bean 'spring.cloud.loadbalancer.retry-org.springframework.cloud.client.loadbalancer.LoadBalancerRetryProperties'
2020-03-14 21:57:26.971 [main] DEBUG o.s.b.f.s.DefaultListableBeanFactory - Returning cached instance of singleton bean 'org.springframework.cloud.client.serviceregistry.ServiceRegistryAutoConfiguration$ServiceRegistryEndpointConfiguration'
2020-03-14 21:57:26.972 [main] DEBUG o.s.b.f.s.DefaultListableBeanFactory - Returning cached instance of singleton bean 'serviceRegistryEndpoint'
2020-03-14 21:57:26.973 [main] DEBUG o.s.b.f.s.DefaultListableBeanFactory - Returning cached instance of singleton bean 'org.springframework.cloud.client.serviceregistry.ServiceRegistryAutoConfiguration'
2020-03-14 21:57:26.974 [main] DEBUG o.s.b.f.s.DefaultListableBeanFactory - Creating shared instance of singleton bean 'org.springframework.cloud.commons.httpclient.HttpClientConfiguration$OkHttpClientConfiguration'
2020-03-14 21:57:26.974 [main] DEBUG o.s.b.f.s.DefaultListableBeanFactory - Creating instance of bean 'org.springframework.cloud.commons.httpclient.HttpClientConfiguration$OkHttpClientConfiguration'
2020-03-14 21:57:26.975 [main] DEBUG o.s.b.f.s.DefaultListableBeanFactory - Returning cached instance of singleton bean 'metaDataSourceAdvisor'
2020-03-14 21:57:26.975 [main] DEBUG o.s.b.f.s.DefaultListableBeanFactory - Returning cached instance of singleton bean 'org.springframework.transaction.config.internalTransactionAdvisor'
2020-03-14 21:57:26.979 [main] DEBUG o.s.b.f.s.DefaultListableBeanFactory - Eagerly caching bean 'org.springframework.cloud.commons.httpclient.HttpClientConfiguration$OkHttpClientConfiguration' to allow for resolving potential circular references
2020-03-14 21:57:26.993 [main] DEBUG o.s.b.f.s.DefaultListableBeanFactory - Returning cached instance of singleton bean 'metaDataSourceAdvisor'
2020-03-14 21:57:26.993 [main] DEBUG o.s.b.f.s.DefaultListableBeanFactory - Returning cached instance of singleton bean 'org.springframework.transaction.config.internalTransactionAdvisor'
2020-03-14 21:57:26.993 [main] DEBUG o.s.b.f.s.DefaultListableBeanFactory - Returning cached instance of singleton bean 'metaDataSourceAdvisor'
2020-03-14 21:57:26.993 [main] DEBUG o.s.b.f.s.DefaultListableBeanFactory - Returning cached instance of singleton bean 'org.springframework.transaction.config.internalTransactionAdvisor'
2020-03-14 21:57:26.995 [main] DEBUG o.s.b.f.s.DefaultListableBeanFactory - Finished creating instance of bean 'org.springframework.cloud.commons.httpclient.HttpClientConfiguration$OkHttpClientConfiguration'
2020-03-14 21:57:26.995 [main] DEBUG o.s.b.f.s.DefaultListableBeanFactory - Creating shared instance of singleton bean 'connPoolFactory'
2020-03-14 21:57:26.995 [main] DEBUG o.s.b.f.s.DefaultListableBeanFactory - Creating instance of bean 'connPoolFactory'
2020-03-14 21:57:26.995 [main] DEBUG o.s.b.f.s.DefaultListableBeanFactory - Returning cached instance of singleton bean 'metaDataSourceAdvisor'
2020-03-14 21:57:26.995 [main] DEBUG o.s.b.f.s.DefaultListableBeanFactory - Returning cached instance of singleton bean 'org.springframework.transaction.config.internalTransactionAdvisor'
2020-03-14 21:57:26.996 [main] DEBUG o.s.b.f.s.DefaultListableBeanFactory - Returning cached instance of singleton bean 'org.springframework.cloud.commons.httpclient.HttpClientConfiguration$OkHttpClientConfiguration'
2020-03-14 21:57:27.011 [main] DEBUG o.s.b.f.s.DefaultListableBeanFactory - Eagerly caching bean 'connPoolFactory' to allow for resolving potential circular references
2020-03-14 21:57:27.018 [main] DEBUG o.s.b.f.s.DefaultListableBeanFactory - Returning cached instance of singleton bean 'metaDataSourceAdvisor'
2020-03-14 21:57:27.018 [main] DEBUG o.s.b.f.s.DefaultListableBeanFactory - Returning cached instance of singleton bean 'org.springframework.transaction.config.internalTransactionAdvisor'
2020-03-14 21:57:27.018 [main] DEBUG o.s.b.f.s.DefaultListableBeanFactory - Returning cached instance of singleton bean 'metaDataSourceAdvisor'
2020-03-14 21:57:27.019 [main] DEBUG o.s.b.f.s.DefaultListableBeanFactory - Returning cached instance of singleton bean 'org.springframework.transaction.config.internalTransactionAdvisor'
2020-03-14 21:57:27.019 [main] DEBUG o.s.b.f.s.DefaultListableBeanFactory - Finished creating instance of bean 'connPoolFactory'
2020-03-14 21:57:27.019 [main] DEBUG o.s.b.f.s.DefaultListableBeanFactory - Creating shared instance of singleton bean 'okHttpClientBuilder'
2020-03-14 21:57:27.019 [main] DEBUG o.s.b.f.s.DefaultListableBeanFactory - Creating instance of bean 'okHttpClientBuilder'
2020-03-14 21:57:27.019 [main] DEBUG o.s.b.f.s.DefaultListableBeanFactory - Returning cached instance of singleton bean 'metaDataSourceAdvisor'
2020-03-14 21:57:27.020 [main] DEBUG o.s.b.f.s.DefaultListableBeanFactory - Returning cached instance of singleton bean 'org.springframework.transaction.config.internalTransactionAdvisor'
2020-03-14 21:57:27.020 [main] DEBUG o.s.b.f.s.DefaultListableBeanFactory - Returning cached instance of singleton bean 'org.springframework.cloud.commons.httpclient.HttpClientConfiguration$OkHttpClientConfiguration'
2020-03-14 21:57:27.028 [main] DEBUG o.s.b.f.s.DefaultListableBeanFactory - Eagerly caching bean 'okHttpClientBuilder' to allow for resolving potential circular references
2020-03-14 21:57:27.032 [main] DEBUG o.s.b.f.s.DefaultListableBeanFactory - Returning cached instance of singleton bean 'metaDataSourceAdvisor'
2020-03-14 21:57:27.032 [main] DEBUG o.s.b.f.s.DefaultListableBeanFactory - Returning cached instance of singleton bean 'org.springframework.transaction.config.internalTransactionAdvisor'
2020-03-14 21:57:27.032 [main] DEBUG o.s.b.f.s.DefaultListableBeanFactory - Returning cached instance of singleton bean 'metaDataSourceAdvisor'
2020-03-14 21:57:27.033 [main] DEBUG o.s.b.f.s.DefaultListableBeanFactory - Returning cached instance of singleton bean 'org.springframework.transaction.config.internalTransactionAdvisor'
2020-03-14 21:57:27.033 [main] DEBUG o.s.b.f.s.DefaultListableBeanFactory - Finished creating instance of bean 'okHttpClientBuilder'
2020-03-14 21:57:27.033 [main] DEBUG o.s.b.f.s.DefaultListableBeanFactory - Creating shared instance of singleton bean 'okHttpClientFactory'
2020-03-14 21:57:27.033 [main] DEBUG o.s.b.f.s.DefaultListableBeanFactory - Creating instance of bean 'okHttpClientFactory'
2020-03-14 21:57:27.033 [main] DEBUG o.s.b.f.s.DefaultListableBeanFactory - Returning cached instance of singleton bean 'metaDataSourceAdvisor'
2020-03-14 21:57:27.033 [main] DEBUG o.s.b.f.s.DefaultListableBeanFactory - Returning cached instance of singleton bean 'org.springframework.transaction.config.internalTransactionAdvisor'
2020-03-14 21:57:27.034 [main] DEBUG o.s.b.f.s.DefaultListableBeanFactory - Returning cached instance of singleton bean 'org.springframework.cloud.commons.httpclient.HttpClientConfiguration$OkHttpClientConfiguration'
2020-03-14 21:57:27.041 [main] DEBUG o.s.b.f.s.DefaultListableBeanFactory - Returning cached instance of singleton bean 'okHttpClientBuilder'
2020-03-14 21:57:27.041 [main] DEBUG o.s.b.f.s.DefaultListableBeanFactory - Autowiring by type from bean name 'okHttpClientFactory' via factory method to bean named 'okHttpClientBuilder'
2020-03-14 21:57:27.046 [main] DEBUG o.s.b.f.s.DefaultListableBeanFactory - Eagerly caching bean 'okHttpClientFactory' to allow for resolving potential circular references
2020-03-14 21:57:27.055 [main] DEBUG o.s.b.f.s.DefaultListableBeanFactory - Returning cached instance of singleton bean 'metaDataSourceAdvisor'
2020-03-14 21:57:27.055 [main] DEBUG o.s.b.f.s.DefaultListableBeanFactory - Returning cached instance of singleton bean 'org.springframework.transaction.config.internalTransactionAdvisor'
2020-03-14 21:57:27.055 [main] DEBUG o.s.b.f.s.DefaultListableBeanFactory - Returning cached instance of singleton bean 'metaDataSourceAdvisor'
2020-03-14 21:57:27.055 [main] DEBUG o.s.b.f.s.DefaultListableBeanFactory - Returning cached instance of singleton bean 'org.springframework.transaction.config.internalTransactionAdvisor'
2020-03-14 21:57:27.055 [main] DEBUG o.s.b.f.s.DefaultListableBeanFactory - Finished creating instance of bean 'okHttpClientFactory'
2020-03-14 21:57:27.056 [main] DEBUG o.s.b.f.s.DefaultListableBeanFactory - Creating shared instance of singleton bean 'org.springframework.cloud.commons.httpclient.HttpClientConfiguration$ApacheHttpClientConfiguration'
2020-03-14 21:57:27.056 [main] DEBUG o.s.b.f.s.DefaultListableBeanFactory - Creating instance of bean 'org.springframework.cloud.commons.httpclient.HttpClientConfiguration$ApacheHttpClientConfiguration'
2020-03-14 21:57:27.056 [main] DEBUG o.s.b.f.s.DefaultListableBeanFactory - Returning cached instance of singleton bean 'metaDataSourceAdvisor'
2020-03-14 21:57:27.056 [main] DEBUG o.s.b.f.s.DefaultListableBeanFactory - Returning cached instance of singleton bean 'org.springframework.transaction.config.internalTransactionAdvisor'
2020-03-14 21:57:27.056 [main] DEBUG o.s.b.f.s.DefaultListableBeanFactory - Eagerly caching bean 'org.springframework.cloud.commons.httpclient.HttpClientConfiguration$ApacheHttpClientConfiguration' to allow for resolving potential circular references
2020-03-14 21:57:27.062 [main] DEBUG o.s.b.f.s.DefaultListableBeanFactory - Returning cached instance of singleton bean 'metaDataSourceAdvisor'
2020-03-14 21:57:27.062 [main] DEBUG o.s.b.f.s.DefaultListableBeanFactory - Returning cached instance of singleton bean 'org.springframework.transaction.config.internalTransactionAdvisor'
2020-03-14 21:57:27.062 [main] DEBUG o.s.b.f.s.DefaultListableBeanFactory - Returning cached instance of singleton bean 'metaDataSourceAdvisor'
2020-03-14 21:57:27.062 [main] DEBUG o.s.b.f.s.DefaultListableBeanFactory - Returning cached instance of singleton bean 'org.springframework.transaction.config.internalTransactionAdvisor'
2020-03-14 21:57:27.062 [main] DEBUG o.s.b.f.s.DefaultListableBeanFactory - Finished creating instance of bean 'org.springframework.cloud.commons.httpclient.HttpClientConfiguration$ApacheHttpClientConfiguration'
2020-03-14 21:57:27.063 [main] DEBUG o.s.b.f.s.DefaultListableBeanFactory - Creating shared instance of singleton bean 'connManFactory'
2020-03-14 21:57:27.063 [main] DEBUG o.s.b.f.s.DefaultListableBeanFactory - Creating instance of bean 'connManFactory'
2020-03-14 21:57:27.063 [main] DEBUG o.s.b.f.s.DefaultListableBeanFactory - Returning cached instance of singleton bean 'metaDataSourceAdvisor'
2020-03-14 21:57:27.063 [main] DEBUG o.s.b.f.s.DefaultListableBeanFactory - Returning cached instance of singleton bean 'org.springframework.transaction.config.internalTransactionAdvisor'
2020-03-14 21:57:27.063 [main] DEBUG o.s.b.f.s.DefaultListableBeanFactory - Returning cached instance of singleton bean 'org.springframework.cloud.commons.httpclient.HttpClientConfiguration$ApacheHttpClientConfiguration'
2020-03-14 21:57:27.072 [main] DEBUG o.s.b.f.s.DefaultListableBeanFactory - Eagerly caching bean 'connManFactory' to allow for resolving potential circular references
2020-03-14 21:57:27.075 [main] DEBUG o.s.b.f.s.DefaultListableBeanFactory - Returning cached instance of singleton bean 'metaDataSourceAdvisor'
2020-03-14 21:57:27.075 [main] DEBUG o.s.b.f.s.DefaultListableBeanFactory - Returning cached instance of singleton bean 'org.springframework.transaction.config.internalTransactionAdvisor'
2020-03-14 21:57:27.075 [main] DEBUG o.s.b.f.s.DefaultListableBeanFactory - Returning cached instance of singleton bean 'metaDataSourceAdvisor'
2020-03-14 21:57:27.075 [main] DEBUG o.s.b.f.s.DefaultListableBeanFactory - Returning cached instance of singleton bean 'org.springframework.transaction.config.internalTransactionAdvisor'
2020-03-14 21:57:27.075 [main] DEBUG o.s.b.f.s.DefaultListableBeanFactory - Finished creating instance of bean 'connManFactory'
2020-03-14 21:57:27.075 [main] DEBUG o.s.b.f.s.DefaultListableBeanFactory - Creating shared instance of singleton bean 'apacheHttpClientBuilder'
2020-03-14 21:57:27.075 [main] DEBUG o.s.b.f.s.DefaultListableBeanFactory - Creating instance of bean 'apacheHttpClientBuilder'
2020-03-14 21:57:27.075 [main] DEBUG o.s.b.f.s.DefaultListableBeanFactory - Returning cached instance of singleton bean 'metaDataSourceAdvisor'
2020-03-14 21:57:27.076 [main] DEBUG o.s.b.f.s.DefaultListableBeanFactory - Returning cached instance of singleton bean 'org.springframework.transaction.config.internalTransactionAdvisor'
2020-03-14 21:57:27.076 [main] DEBUG o.s.b.f.s.DefaultListableBeanFactory - Returning cached instance of singleton bean 'org.springframework.cloud.commons.httpclient.HttpClientConfiguration$ApacheHttpClientConfiguration'
2020-03-14 21:57:27.101 [main] DEBUG o.s.b.f.s.DefaultListableBeanFactory - Eagerly caching bean 'apacheHttpClientBuilder' to allow for resolving potential circular references
2020-03-14 21:57:27.131 [main] DEBUG o.s.b.f.s.DefaultListableBeanFactory - Returning cached instance of singleton bean 'metaDataSourceAdvisor'
2020-03-14 21:57:27.131 [main] DEBUG o.s.b.f.s.DefaultListableBeanFactory - Returning cached instance of singleton bean 'org.springframework.transaction.config.internalTransactionAdvisor'
2020-03-14 21:57:27.131 [main] DEBUG o.s.b.f.s.DefaultListableBeanFactory - Returning cached instance of singleton bean 'metaDataSourceAdvisor'
2020-03-14 21:57:27.131 [main] DEBUG o.s.b.f.s.DefaultListableBeanFactory - Returning cached instance of singleton bean 'org.springframework.transaction.config.internalTransactionAdvisor'
2020-03-14 21:57:27.134 [main] DEBUG o.s.b.f.s.DefaultListableBeanFactory - Finished creating instance of bean 'apacheHttpClientBuilder'
2020-03-14 21:57:27.134 [main] DEBUG o.s.b.f.s.DefaultListableBeanFactory - Creating shared instance of singleton bean 'apacheHttpClientFactory'
2020-03-14 21:57:27.134 [main] DEBUG o.s.b.f.s.DefaultListableBeanFactory - Creating instance of bean 'apacheHttpClientFactory'
2020-03-14 21:57:27.135 [main] DEBUG o.s.b.f.s.DefaultListableBeanFactory - Returning cached instance of singleton bean 'metaDataSourceAdvisor'
2020-03-14 21:57:27.135 [main] DEBUG o.s.b.f.s.DefaultListableBeanFactory - Returning cached instance of singleton bean 'org.springframework.transaction.config.internalTransactionAdvisor'
2020-03-14 21:57:27.135 [main] DEBUG o.s.b.f.s.DefaultListableBeanFactory - Returning cached instance of singleton bean 'org.springframework.cloud.commons.httpclient.HttpClientConfiguration$ApacheHttpClientConfiguration'
2020-03-14 21:57:27.140 [main] DEBUG o.s.b.f.s.DefaultListableBeanFactory - Returning cached instance of singleton bean 'apacheHttpClientBuilder'
2020-03-14 21:57:27.140 [main] DEBUG o.s.b.f.s.DefaultListableBeanFactory - Autowiring by type from bean name 'apacheHttpClientFactory' via factory method to bean named 'apacheHttpClientBuilder'
2020-03-14 21:57:27.146 [main] DEBUG o.s.b.f.s.DefaultListableBeanFactory - Eagerly caching bean 'apacheHttpClientFactory' to allow for resolving potential circular references
2020-03-14 21:57:27.151 [main] DEBUG o.s.b.f.s.DefaultListableBeanFactory - Returning cached instance of singleton bean 'metaDataSourceAdvisor'
2020-03-14 21:57:27.151 [main] DEBUG o.s.b.f.s.DefaultListableBeanFactory - Returning cached instance of singleton bean 'org.springframework.transaction.config.internalTransactionAdvisor'
2020-03-14 21:57:27.151 [main] DEBUG o.s.b.f.s.DefaultListableBeanFactory - Returning cached instance of singleton bean 'metaDataSourceAdvisor'
2020-03-14 21:57:27.151 [main] DEBUG o.s.b.f.s.DefaultListableBeanFactory - Returning cached instance of singleton bean 'org.springframework.transaction.config.internalTransactionAdvisor'
2020-03-14 21:57:27.152 [main] DEBUG o.s.b.f.s.DefaultListableBeanFactory - Finished creating instance of bean 'apacheHttpClientFactory'
2020-03-14 21:57:27.152 [main] DEBUG o.s.b.f.s.DefaultListableBeanFactory - Creating shared instance of singleton bean 'org.springframework.cloud.commons.httpclient.HttpClientConfiguration'
2020-03-14 21:57:27.152 [main] DEBUG o.s.b.f.s.DefaultListableBeanFactory - Creating instance of bean 'org.springframework.cloud.commons.httpclient.HttpClientConfiguration'
2020-03-14 21:57:27.152 [main] DEBUG o.s.b.f.s.DefaultListableBeanFactory - Returning cached instance of singleton bean 'metaDataSourceAdvisor'
2020-03-14 21:57:27.152 [main] DEBUG o.s.b.f.s.DefaultListableBeanFactory - Returning cached instance of singleton bean 'org.springframework.transaction.config.internalTransactionAdvisor'
2020-03-14 21:57:27.152 [main] DEBUG o.s.b.f.s.DefaultListableBeanFactory - Eagerly caching bean 'org.springframework.cloud.commons.httpclient.HttpClientConfiguration' to allow for resolving potential circular references
2020-03-14 21:57:27.163 [main] DEBUG o.s.b.f.s.DefaultListableBeanFactory - Returning cached instance of singleton bean 'metaDataSourceAdvisor'
2020-03-14 21:57:27.164 [main] DEBUG o.s.b.f.s.DefaultListableBeanFactory - Returning cached instance of singleton bean 'org.springframework.transaction.config.internalTransactionAdvisor'
2020-03-14 21:57:27.164 [main] DEBUG o.s.b.f.s.DefaultListableBeanFactory - Returning cached instance of singleton bean 'metaDataSourceAdvisor'
2020-03-14 21:57:27.164 [main] DEBUG o.s.b.f.s.DefaultListableBeanFactory - Returning cached instance of singleton bean 'org.springframework.transaction.config.internalTransactionAdvisor'
2020-03-14 21:57:27.164 [main] DEBUG o.s.b.f.s.DefaultListableBeanFactory - Finished creating instance of bean 'org.springframework.cloud.commons.httpclient.HttpClientConfiguration'
2020-03-14 21:57:27.164 [main] DEBUG o.s.b.f.s.DefaultListableBeanFactory - Returning cached instance of singleton bean 'org.springframework.cloud.commons.util.UtilAutoConfiguration'
2020-03-14 21:57:27.164 [main] DEBUG o.s.b.f.s.DefaultListableBeanFactory - Returning cached instance of singleton bean 'inetUtilsProperties'
2020-03-14 21:57:27.164 [main] DEBUG o.s.b.f.s.DefaultListableBeanFactory - Returning cached instance of singleton bean 'inetUtils'
2020-03-14 21:57:27.164 [main] DEBUG o.s.b.f.s.DefaultListableBeanFactory - Returning cached instance of singleton bean 'org.springframework.cloud.netflix.hystrix.HystrixAutoConfiguration$HystrixMetricsConfiguration'
2020-03-14 21:57:27.164 [main] DEBUG o.s.b.f.s.DefaultListableBeanFactory - Returning cached instance of singleton bean 'hystrixMetricsBinder'
2020-03-14 21:57:27.164 [main] DEBUG o.s.b.f.s.DefaultListableBeanFactory - Returning cached instance of singleton bean 'org.springframework.cloud.netflix.hystrix.HystrixAutoConfiguration'
2020-03-14 21:57:27.164 [main] DEBUG o.s.b.f.s.DefaultListableBeanFactory - Returning cached instance of singleton bean 'hystrixHealthIndicator'
2020-03-14 21:57:27.165 [main] DEBUG o.s.b.f.s.DefaultListableBeanFactory - Creating shared instance of singleton bean 'org.springframework.cloud.netflix.ribbon.eureka.RibbonEurekaAutoConfiguration'
2020-03-14 21:57:27.165 [main] DEBUG o.s.b.f.s.DefaultListableBeanFactory - Creating instance of bean 'org.springframework.cloud.netflix.ribbon.eureka.RibbonEurekaAutoConfiguration'
2020-03-14 21:57:27.165 [main] DEBUG o.s.b.f.s.DefaultListableBeanFactory - Returning cached instance of singleton bean 'metaDataSourceAdvisor'
2020-03-14 21:57:27.165 [main] DEBUG o.s.b.f.s.DefaultListableBeanFactory - Returning cached instance of singleton bean 'org.springframework.transaction.config.internalTransactionAdvisor'
2020-03-14 21:57:27.166 [main] DEBUG o.s.b.f.s.DefaultListableBeanFactory - Eagerly caching bean 'org.springframework.cloud.netflix.ribbon.eureka.RibbonEurekaAutoConfiguration' to allow for resolving potential circular references
2020-03-14 21:57:27.187 [main] DEBUG o.s.b.f.s.DefaultListableBeanFactory - Returning cached instance of singleton bean 'metaDataSourceAdvisor'
2020-03-14 21:57:27.187 [main] DEBUG o.s.b.f.s.DefaultListableBeanFactory - Returning cached instance of singleton bean 'org.springframework.transaction.config.internalTransactionAdvisor'
2020-03-14 21:57:27.188 [main] DEBUG o.s.b.f.s.DefaultListableBeanFactory - Returning cached instance of singleton bean 'metaDataSourceAdvisor'
2020-03-14 21:57:27.188 [main] DEBUG o.s.b.f.s.DefaultListableBeanFactory - Returning cached instance of singleton bean 'org.springframework.transaction.config.internalTransactionAdvisor'
2020-03-14 21:57:27.194 [main] DEBUG o.s.b.f.s.DefaultListableBeanFactory - Finished creating instance of bean 'org.springframework.cloud.netflix.ribbon.eureka.RibbonEurekaAutoConfiguration'
2020-03-14 21:57:27.195 [main] DEBUG o.s.b.f.s.DefaultListableBeanFactory - Returning cached instance of singleton bean 'default.org.springframework.cloud.netflix.ribbon.eureka.RibbonEurekaAutoConfiguration.RibbonClientSpecification'
2020-03-14 21:57:27.195 [main] DEBUG o.s.b.f.s.DefaultListableBeanFactory - Returning cached instance of singleton bean 'org.springframework.cloud.openfeign.ribbon.DefaultFeignLoadBalancedConfiguration'
2020-03-14 21:57:27.195 [main] DEBUG o.s.b.f.s.DefaultListableBeanFactory - Returning cached instance of singleton bean 'feignClient'
2020-03-14 21:57:27.195 [main] DEBUG o.s.b.f.s.DefaultListableBeanFactory - Returning cached instance of singleton bean 'org.springframework.cloud.openfeign.ribbon.FeignRibbonClientAutoConfiguration'
2020-03-14 21:57:27.195 [main] DEBUG o.s.b.f.s.DefaultListableBeanFactory - Returning cached instance of singleton bean 'cachingLBClientFactory'
2020-03-14 21:57:27.195 [main] DEBUG o.s.b.f.s.DefaultListableBeanFactory - Returning cached instance of singleton bean 'feignRequestOptions'
2020-03-14 21:57:27.195 [main] DEBUG o.s.b.f.s.DefaultListableBeanFactory - Creating shared instance of singleton bean 'feign.httpclient-org.springframework.cloud.openfeign.support.FeignHttpClientProperties'
2020-03-14 21:57:27.195 [main] DEBUG o.s.b.f.s.DefaultListableBeanFactory - Creating instance of bean 'feign.httpclient-org.springframework.cloud.openfeign.support.FeignHttpClientProperties'
2020-03-14 21:57:27.195 [main] DEBUG o.s.b.f.s.DefaultListableBeanFactory - Returning cached instance of singleton bean 'metaDataSourceAdvisor'
2020-03-14 21:57:27.195 [main] DEBUG o.s.b.f.s.DefaultListableBeanFactory - Returning cached instance of singleton bean 'org.springframework.transaction.config.internalTransactionAdvisor'
2020-03-14 21:57:27.195 [main] DEBUG o.s.b.f.s.DefaultListableBeanFactory - Eagerly caching bean 'feign.httpclient-org.springframework.cloud.openfeign.support.FeignHttpClientProperties' to allow for resolving potential circular references
2020-03-14 21:57:27.200 [main] DEBUG o.s.b.f.s.DefaultListableBeanFactory - Returning cached instance of singleton bean 'metaDataSourceAdvisor'
2020-03-14 21:57:27.200 [main] DEBUG o.s.b.f.s.DefaultListableBeanFactory - Returning cached instance of singleton bean 'org.springframework.transaction.config.internalTransactionAdvisor'
2020-03-14 21:57:27.200 [main] DEBUG o.s.b.f.s.DefaultListableBeanFactory - Returning cached instance of singleton bean 'metaDataSourceAdvisor'
2020-03-14 21:57:27.200 [main] DEBUG o.s.b.f.s.DefaultListableBeanFactory - Returning cached instance of singleton bean 'org.springframework.transaction.config.internalTransactionAdvisor'
2020-03-14 21:57:27.200 [main] DEBUG o.s.b.f.s.DefaultListableBeanFactory - Finished creating instance of bean 'feign.httpclient-org.springframework.cloud.openfeign.support.FeignHttpClientProperties'
2020-03-14 21:57:27.200 [main] DEBUG o.s.b.f.s.DefaultListableBeanFactory - Returning cached instance of singleton bean 'org.springframework.cloud.openfeign.FeignAutoConfiguration$HystrixFeignTargeterConfiguration'
2020-03-14 21:57:27.200 [main] DEBUG o.s.b.f.s.DefaultListableBeanFactory - Returning cached instance of singleton bean 'feignTargeter'
2020-03-14 21:57:27.200 [main] DEBUG o.s.b.f.s.DefaultListableBeanFactory - Returning cached instance of singleton bean 'org.springframework.cloud.openfeign.FeignAutoConfiguration'
2020-03-14 21:57:27.200 [main] DEBUG o.s.b.f.s.DefaultListableBeanFactory - Returning cached instance of singleton bean 'feignFeature'
2020-03-14 21:57:27.200 [main] DEBUG o.s.b.f.s.DefaultListableBeanFactory - Returning cached instance of singleton bean 'feignContext'
2020-03-14 21:57:27.200 [main] DEBUG o.s.b.f.s.DefaultListableBeanFactory - Returning cached instance of singleton bean 'feign.client-org.springframework.cloud.openfeign.FeignClientProperties'
2020-03-14 21:57:27.200 [main] DEBUG o.s.b.f.s.DefaultListableBeanFactory - Returning cached instance of singleton bean 'org.springframework.boot.actuate.autoconfigure.endpoint.web.ServletEndpointManagementContextConfiguration'
2020-03-14 21:57:27.200 [main] DEBUG o.s.b.f.s.DefaultListableBeanFactory - Creating shared instance of singleton bean 'servletEndpointRegistrar'
2020-03-14 21:57:27.201 [main] DEBUG o.s.b.f.s.DefaultListableBeanFactory - Creating instance of bean 'servletEndpointRegistrar'
2020-03-14 21:57:27.201 [main] DEBUG o.s.b.f.s.DefaultListableBeanFactory - Returning cached instance of singleton bean 'metaDataSourceAdvisor'
2020-03-14 21:57:27.201 [main] DEBUG o.s.b.f.s.DefaultListableBeanFactory - Returning cached instance of singleton bean 'org.springframework.transaction.config.internalTransactionAdvisor'
2020-03-14 21:57:27.201 [main] DEBUG o.s.b.f.s.DefaultListableBeanFactory - Returning cached instance of singleton bean 'org.springframework.boot.actuate.autoconfigure.endpoint.web.ServletEndpointManagementContextConfiguration'
2020-03-14 21:57:27.201 [main] DEBUG o.s.b.f.s.DefaultListableBeanFactory - Returning cached instance of singleton bean 'management.endpoints.web-org.springframework.boot.actuate.autoconfigure.endpoint.web.WebEndpointProperties'
2020-03-14 21:57:27.201 [main] DEBUG o.s.b.f.s.DefaultListableBeanFactory - Returning cached instance of singleton bean 'servletEndpointDiscoverer'
2020-03-14 21:57:27.201 [main] DEBUG o.s.b.f.s.DefaultListableBeanFactory - Autowiring by type from bean name 'servletEndpointRegistrar' via factory method to bean named 'management.endpoints.web-org.springframework.boot.actuate.autoconfigure.endpoint.web.WebEndpointProperties'
2020-03-14 21:57:27.201 [main] DEBUG o.s.b.f.s.DefaultListableBeanFactory - Autowiring by type from bean name 'servletEndpointRegistrar' via factory method to bean named 'servletEndpointDiscoverer'
2020-03-14 21:57:27.202 [main] DEBUG o.s.b.f.s.DefaultListableBeanFactory - Eagerly caching bean 'servletEndpointRegistrar' to allow for resolving potential circular references
2020-03-14 21:57:27.218 [main] DEBUG o.s.b.f.s.DefaultListableBeanFactory - Returning cached instance of singleton bean 'metaDataSourceAdvisor'
2020-03-14 21:57:27.218 [main] DEBUG o.s.b.f.s.DefaultListableBeanFactory - Returning cached instance of singleton bean 'org.springframework.transaction.config.internalTransactionAdvisor'
2020-03-14 21:57:27.218 [main] DEBUG o.s.b.f.s.DefaultListableBeanFactory - Returning cached instance of singleton bean 'metaDataSourceAdvisor'
2020-03-14 21:57:27.218 [main] DEBUG o.s.b.f.s.DefaultListableBeanFactory - Returning cached instance of singleton bean 'org.springframework.transaction.config.internalTransactionAdvisor'
2020-03-14 21:57:27.218 [main] DEBUG o.s.b.f.s.DefaultListableBeanFactory - Finished creating instance of bean 'servletEndpointRegistrar'
2020-03-14 21:57:27.218 [main] DEBUG o.s.b.f.s.DefaultListableBeanFactory - Returning cached instance of singleton bean 'servletExposeExcludePropertyEndpointFilter'
2020-03-14 21:57:27.218 [main] DEBUG o.s.b.f.s.DefaultListableBeanFactory - Returning cached instance of singleton bean 'org.springframework.boot.actuate.autoconfigure.endpoint.web.servlet.WebMvcEndpointManagementContextConfiguration'
2020-03-14 21:57:27.218 [main] DEBUG o.s.b.f.s.DefaultListableBeanFactory - Returning cached instance of singleton bean 'webEndpointServletHandlerMapping'
2020-03-14 21:57:27.218 [main] DEBUG o.s.b.f.s.DefaultListableBeanFactory - Returning cached instance of singleton bean 'controllerEndpointHandlerMapping'
2020-03-14 21:57:27.218 [main] DEBUG o.s.b.f.s.DefaultListableBeanFactory - Returning cached instance of singleton bean 'management.endpoints.web.cors-org.springframework.boot.actuate.autoconfigure.endpoint.web.CorsEndpointProperties'
2020-03-14 21:57:27.218 [main] DEBUG o.s.b.f.s.DefaultListableBeanFactory - Creating shared instance of singleton bean 'org.springframework.boot.actuate.autoconfigure.web.server.ManagementContextAutoConfiguration$SameManagementContextConfiguration$EnableSameManagementContextConfiguration'
2020-03-14 21:57:27.218 [main] DEBUG o.s.b.f.s.DefaultListableBeanFactory - Creating instance of bean 'org.springframework.boot.actuate.autoconfigure.web.server.ManagementContextAutoConfiguration$SameManagementContextConfiguration$EnableSameManagementContextConfiguration'
2020-03-14 21:57:27.218 [main] DEBUG o.s.b.f.s.DefaultListableBeanFactory - Returning cached instance of singleton bean 'metaDataSourceAdvisor'
2020-03-14 21:57:27.218 [main] DEBUG o.s.b.f.s.DefaultListableBeanFactory - Returning cached instance of singleton bean 'org.springframework.transaction.config.internalTransactionAdvisor'
2020-03-14 21:57:27.219 [main] DEBUG o.s.b.f.s.DefaultListableBeanFactory - Eagerly caching bean 'org.springframework.boot.actuate.autoconfigure.web.server.ManagementContextAutoConfiguration$SameManagementContextConfiguration$EnableSameManagementContextConfiguration' to allow for resolving potential circular references
2020-03-14 21:57:27.225 [main] DEBUG o.s.b.f.s.DefaultListableBeanFactory - Returning cached instance of singleton bean 'metaDataSourceAdvisor'
2020-03-14 21:57:27.226 [main] DEBUG o.s.b.f.s.DefaultListableBeanFactory - Returning cached instance of singleton bean 'org.springframework.transaction.config.internalTransactionAdvisor'
2020-03-14 21:57:27.226 [main] DEBUG o.s.b.f.s.DefaultListableBeanFactory - Returning cached instance of singleton bean 'metaDataSourceAdvisor'
2020-03-14 21:57:27.226 [main] DEBUG o.s.b.f.s.DefaultListableBeanFactory - Returning cached instance of singleton bean 'org.springframework.transaction.config.internalTransactionAdvisor'
2020-03-14 21:57:27.226 [main] DEBUG o.s.b.f.s.DefaultListableBeanFactory - Finished creating instance of bean 'org.springframework.boot.actuate.autoconfigure.web.server.ManagementContextAutoConfiguration$SameManagementContextConfiguration$EnableSameManagementContextConfiguration'
2020-03-14 21:57:27.226 [main] DEBUG o.s.b.f.s.DefaultListableBeanFactory - Creating shared instance of singleton bean 'org.springframework.boot.actuate.autoconfigure.web.server.ManagementContextAutoConfiguration$SameManagementContextConfiguration'
2020-03-14 21:57:27.226 [main] DEBUG o.s.b.f.s.DefaultListableBeanFactory - Creating instance of bean 'org.springframework.boot.actuate.autoconfigure.web.server.ManagementContextAutoConfiguration$SameManagementContextConfiguration'
2020-03-14 21:57:27.226 [main] DEBUG o.s.b.f.s.DefaultListableBeanFactory - Returning cached instance of singleton bean 'metaDataSourceAdvisor'
2020-03-14 21:57:27.226 [main] DEBUG o.s.b.f.s.DefaultListableBeanFactory - Returning cached instance of singleton bean 'org.springframework.transaction.config.internalTransactionAdvisor'
2020-03-14 21:57:27.228 [main] DEBUG o.s.c.LocalVariableTableParameterNameDiscoverer - Cannot find '.class' file for class [class org.springframework.boot.actuate.autoconfigure.web.server.ManagementContextAutoConfiguration$SameManagementContextConfiguration$$EnhancerBySpringCGLIB$$7bc02971] - unable to determine constructor/method parameter names
2020-03-14 21:57:27.230 [main] DEBUG o.s.b.f.s.DefaultListableBeanFactory - Returning cached instance of singleton bean 'environment'
2020-03-14 21:57:27.230 [main] DEBUG o.s.b.f.s.DefaultListableBeanFactory - Autowiring by type from bean name 'org.springframework.boot.actuate.autoconfigure.web.server.ManagementContextAutoConfiguration$SameManagementContextConfiguration' via constructor to bean named 'environment'
2020-03-14 21:57:27.231 [main] DEBUG o.s.b.f.s.DefaultListableBeanFactory - Eagerly caching bean 'org.springframework.boot.actuate.autoconfigure.web.server.ManagementContextAutoConfiguration$SameManagementContextConfiguration' to allow for resolving potential circular references
2020-03-14 21:57:27.251 [main] DEBUG o.s.b.f.s.DefaultListableBeanFactory - Returning cached instance of singleton bean 'metaDataSourceAdvisor'
2020-03-14 21:57:27.251 [main] DEBUG o.s.b.f.s.DefaultListableBeanFactory - Returning cached instance of singleton bean 'org.springframework.transaction.config.internalTransactionAdvisor'
2020-03-14 21:57:27.251 [main] DEBUG o.s.b.f.s.DefaultListableBeanFactory - Returning cached instance of singleton bean 'metaDataSourceAdvisor'
2020-03-14 21:57:27.251 [main] DEBUG o.s.b.f.s.DefaultListableBeanFactory - Returning cached instance of singleton bean 'org.springframework.transaction.config.internalTransactionAdvisor'
2020-03-14 21:57:27.252 [main] DEBUG o.s.b.f.s.DefaultListableBeanFactory - Finished creating instance of bean 'org.springframework.boot.actuate.autoconfigure.web.server.ManagementContextAutoConfiguration$SameManagementContextConfiguration'
2020-03-14 21:57:27.252 [main] DEBUG o.s.b.f.s.DefaultListableBeanFactory - Creating shared instance of singleton bean 'org.springframework.boot.actuate.autoconfigure.web.server.ManagementContextAutoConfiguration'
2020-03-14 21:57:27.252 [main] DEBUG o.s.b.f.s.DefaultListableBeanFactory - Creating instance of bean 'org.springframework.boot.actuate.autoconfigure.web.server.ManagementContextAutoConfiguration'
2020-03-14 21:57:27.252 [main] DEBUG o.s.b.f.s.DefaultListableBeanFactory - Returning cached instance of singleton bean 'metaDataSourceAdvisor'
2020-03-14 21:57:27.252 [main] DEBUG o.s.b.f.s.DefaultListableBeanFactory - Returning cached instance of singleton bean 'org.springframework.transaction.config.internalTransactionAdvisor'
2020-03-14 21:57:27.253 [main] DEBUG o.s.b.f.s.DefaultListableBeanFactory - Eagerly caching bean 'org.springframework.boot.actuate.autoconfigure.web.server.ManagementContextAutoConfiguration' to allow for resolving potential circular references
2020-03-14 21:57:27.263 [main] DEBUG o.s.b.f.s.DefaultListableBeanFactory - Returning cached instance of singleton bean 'metaDataSourceAdvisor'
2020-03-14 21:57:27.263 [main] DEBUG o.s.b.f.s.DefaultListableBeanFactory - Returning cached instance of singleton bean 'org.springframework.transaction.config.internalTransactionAdvisor'
2020-03-14 21:57:27.263 [main] DEBUG o.s.b.f.s.DefaultListableBeanFactory - Returning cached instance of singleton bean 'metaDataSourceAdvisor'
2020-03-14 21:57:27.263 [main] DEBUG o.s.b.f.s.DefaultListableBeanFactory - Returning cached instance of singleton bean 'org.springframework.transaction.config.internalTransactionAdvisor'
2020-03-14 21:57:27.263 [main] DEBUG o.s.b.f.s.DefaultListableBeanFactory - Finished creating instance of bean 'org.springframework.boot.actuate.autoconfigure.web.server.ManagementContextAutoConfiguration'
2020-03-14 21:57:27.263 [main] DEBUG o.s.b.f.s.DefaultListableBeanFactory - Creating shared instance of singleton bean 'management.server-org.springframework.boot.actuate.autoconfigure.web.server.ManagementServerProperties'
2020-03-14 21:57:27.263 [main] DEBUG o.s.b.f.s.DefaultListableBeanFactory - Creating instance of bean 'management.server-org.springframework.boot.actuate.autoconfigure.web.server.ManagementServerProperties'
2020-03-14 21:57:27.263 [main] DEBUG o.s.b.f.s.DefaultListableBeanFactory - Returning cached instance of singleton bean 'metaDataSourceAdvisor'
2020-03-14 21:57:27.264 [main] DEBUG o.s.b.f.s.DefaultListableBeanFactory - Returning cached instance of singleton bean 'org.springframework.transaction.config.internalTransactionAdvisor'
2020-03-14 21:57:27.264 [main] DEBUG o.s.b.f.s.DefaultListableBeanFactory - Eagerly caching bean 'management.server-org.springframework.boot.actuate.autoconfigure.web.server.ManagementServerProperties' to allow for resolving potential circular references
2020-03-14 21:57:27.268 [main] DEBUG o.s.b.f.s.DefaultListableBeanFactory - Returning cached instance of singleton bean 'metaDataSourceAdvisor'
2020-03-14 21:57:27.268 [main] DEBUG o.s.b.f.s.DefaultListableBeanFactory - Returning cached instance of singleton bean 'org.springframework.transaction.config.internalTransactionAdvisor'
2020-03-14 21:57:27.269 [main] DEBUG o.s.b.f.s.DefaultListableBeanFactory - Returning cached instance of singleton bean 'metaDataSourceAdvisor'
2020-03-14 21:57:27.269 [main] DEBUG o.s.b.f.s.DefaultListableBeanFactory - Returning cached instance of singleton bean 'org.springframework.transaction.config.internalTransactionAdvisor'
2020-03-14 21:57:27.269 [main] DEBUG o.s.b.f.s.DefaultListableBeanFactory - Finished creating instance of bean 'management.server-org.springframework.boot.actuate.autoconfigure.web.server.ManagementServerProperties'
2020-03-14 21:57:27.269 [main] DEBUG o.s.b.f.s.DefaultListableBeanFactory - Returning cached instance of singleton bean 'org.springframework.orm.jpa.SharedEntityManagerCreator#0'
2020-03-14 21:57:27.271 [main] DEBUG o.s.b.f.s.DefaultListableBeanFactory - Returning cached instance of singleton bean 'org.springframework.context.event.internalEventListenerFactory'
2020-03-14 21:57:27.271 [main] DEBUG o.s.b.f.s.DefaultListableBeanFactory - Returning cached instance of singleton bean 'org.springframework.transaction.config.internalTransactionalEventListenerFactory'
2020-03-14 21:57:27.329 [main] DEBUG o.s.c.e.EventListenerMethodProcessor - 1 @EventListener methods processed on bean 'refreshScope': {public void org.springframework.cloud.context.scope.refresh.RefreshScope.start(org.springframework.context.event.ContextRefreshedEvent)=@org.springframework.context.event.EventListener(value=[], classes=[], condition=)}
2020-03-14 21:57:27.330 [main] DEBUG o.s.c.e.EventListenerMethodProcessor - 2 @EventListener methods processed on bean 'refreshEventListener': {public void org.springframework.cloud.endpoint.event.RefreshEventListener.handle(org.springframework.boot.context.event.ApplicationReadyEvent)=@org.springframework.context.event.EventListener(value=[], classes=[], condition=), public void org.springframework.cloud.endpoint.event.RefreshEventListener.handle(org.springframework.cloud.endpoint.event.RefreshEvent)=@org.springframework.context.event.EventListener(value=[], classes=[], condition=)}
2020-03-14 21:57:27.342 [main] DEBUG o.s.c.e.EventListenerMethodProcessor - 1 @EventListener methods processed on bean 'org.springframework.cloud.netflix.eureka.EurekaDiscoveryClientConfiguration$EurekaClientConfigurationRefresher': {public void org.springframework.cloud.netflix.eureka.EurekaDiscoveryClientConfiguration$EurekaClientConfigurationRefresher.onApplicationEvent(org.springframework.cloud.context.scope.refresh.RefreshScopeRefreshedEvent)=@org.springframework.context.event.EventListener(value=[class org.springframework.cloud.context.scope.refresh.RefreshScopeRefreshedEvent], classes=[class org.springframework.cloud.context.scope.refresh.RefreshScopeRefreshedEvent], condition=)}
2020-03-14 21:57:27.346 [main] DEBUG o.s.c.e.EventListenerMethodProcessor - 2 @EventListener methods processed on bean 'eurekaAutoServiceRegistration': {public void org.springframework.cloud.netflix.eureka.serviceregistry.EurekaAutoServiceRegistration.onApplicationEvent(org.springframework.context.event.ContextClosedEvent)=@org.springframework.context.event.EventListener(value=[class org.springframework.context.event.ContextClosedEvent], classes=[class org.springframework.context.event.ContextClosedEvent], condition=), public void org.springframework.cloud.netflix.eureka.serviceregistry.EurekaAutoServiceRegistration.onApplicationEvent(org.springframework.boot.web.context.WebServerInitializedEvent)=@org.springframework.context.event.EventListener(value=[class org.springframework.boot.web.context.WebServerInitializedEvent], classes=[class org.springframework.boot.web.context.WebServerInitializedEvent], condition=)}
2020-03-14 21:57:27.357 [main] DEBUG o.s.b.f.s.DefaultListableBeanFactory - Returning cached instance of singleton bean 'metaDataSourceAdvisor'
2020-03-14 21:57:27.358 [main] DEBUG o.s.b.f.s.DefaultListableBeanFactory - Returning cached instance of singleton bean 'org.springframework.transaction.config.internalTransactionAdvisor'
2020-03-14 21:57:27.358 [main] DEBUG o.s.b.f.s.DefaultListableBeanFactory - Returning cached instance of singleton bean 'metaDataSourceAdvisor'
2020-03-14 21:57:27.358 [main] DEBUG o.s.b.f.s.DefaultListableBeanFactory - Returning cached instance of singleton bean 'org.springframework.transaction.config.internalTransactionAdvisor'
2020-03-14 21:57:27.358 [main] DEBUG o.s.b.f.s.DefaultListableBeanFactory - Returning cached instance of singleton bean 'org.springframework.security.config.annotation.authentication.configuration.AuthenticationConfiguration'
2020-03-14 21:57:27.365 [main] DEBUG o.s.b.f.s.DefaultListableBeanFactory - Returning cached instance of singleton bean 'configurationPropertiesRebinder'
2020-03-14 21:57:27.366 [main] DEBUG o.s.b.f.s.DefaultListableBeanFactory - Returning cached instance of singleton bean 'spring.cloud.config-org.springframework.cloud.bootstrap.config.PropertySourceBootstrapProperties'
2020-03-14 21:57:27.372 [main] DEBUG o.s.b.f.s.DefaultListableBeanFactory - Returning cached instance of singleton bean 'metaDataSourceAdvisor'
2020-03-14 21:57:27.372 [main] DEBUG o.s.b.f.s.DefaultListableBeanFactory - Returning cached instance of singleton bean 'org.springframework.transaction.config.internalTransactionAdvisor'
2020-03-14 21:57:27.372 [main] DEBUG o.s.b.f.s.DefaultListableBeanFactory - Returning cached instance of singleton bean 'metaDataSourceAdvisor'
2020-03-14 21:57:27.373 [main] DEBUG o.s.b.f.s.DefaultListableBeanFactory - Returning cached instance of singleton bean 'org.springframework.transaction.config.internalTransactionAdvisor'
2020-03-14 21:57:27.373 [main] DEBUG o.s.b.f.s.DefaultListableBeanFactory - Returning cached instance of singleton bean 'encrypt-org.springframework.cloud.bootstrap.encrypt.KeyProperties'
2020-03-14 21:57:27.379 [main] DEBUG o.s.b.f.s.DefaultListableBeanFactory - Returning cached instance of singleton bean 'metaDataSourceAdvisor'
2020-03-14 21:57:27.380 [main] DEBUG o.s.b.f.s.DefaultListableBeanFactory - Returning cached instance of singleton bean 'org.springframework.transaction.config.internalTransactionAdvisor'
2020-03-14 21:57:27.380 [main] DEBUG o.s.b.f.s.DefaultListableBeanFactory - Returning cached instance of singleton bean 'metaDataSourceAdvisor'
2020-03-14 21:57:27.380 [main] DEBUG o.s.b.f.s.DefaultListableBeanFactory - Returning cached instance of singleton bean 'org.springframework.transaction.config.internalTransactionAdvisor'
2020-03-14 21:57:27.391 [main] DEBUG o.s.b.f.s.DefaultListableBeanFactory - Returning cached instance of singleton bean 'restTemplateCustomizer'
2020-03-14 21:57:27.392 [main] DEBUG o.s.c.e.PropertySourcesPropertyResolver - Could not find key 'management.server.ssl.enabled' in any property source
2020-03-14 21:57:27.392 [main] DEBUG o.s.core.env.StandardEnvironment - Adding PropertySource 'Management Server' with lowest search precedence
2020-03-14 21:57:27.393 [main] DEBUG o.s.w.c.s.GenericWebApplicationContext - Unable to locate LifecycleProcessor with name 'lifecycleProcessor': using default [org.springframework.context.support.DefaultLifecycleProcessor@798d8247]
2020-03-14 21:57:27.397 [main] DEBUG o.s.b.f.s.DefaultListableBeanFactory - Returning cached instance of singleton bean 'documentationPluginsBootstrapper'
2020-03-14 21:57:27.397 [main] DEBUG o.s.b.f.s.DefaultListableBeanFactory - Returning cached instance of singleton bean 'eurekaAutoServiceRegistration'
2020-03-14 21:57:27.397 [main] DEBUG o.s.b.f.s.DefaultListableBeanFactory - Returning cached instance of singleton bean 'lifecycleProcessor'
2020-03-14 21:57:27.403 [main] INFO  o.s.c.s.DefaultLifecycleProcessor - Starting beans in phase 0
2020-03-14 21:57:27.404 [main] DEBUG o.s.c.s.DefaultLifecycleProcessor - Starting bean 'eurekaAutoServiceRegistration' of type [class org.springframework.cloud.netflix.eureka.serviceregistry.EurekaAutoServiceRegistration]
2020-03-14 21:57:27.409 [main] DEBUG o.s.b.f.s.DefaultListableBeanFactory - Creating instance of bean 'scopedTarget.eurekaRegistration'
2020-03-14 21:57:27.409 [main] DEBUG o.s.b.f.s.DefaultListableBeanFactory - Returning cached instance of singleton bean 'metaDataSourceAdvisor'
2020-03-14 21:57:27.410 [main] DEBUG o.s.b.f.s.DefaultListableBeanFactory - Returning cached instance of singleton bean 'org.springframework.transaction.config.internalTransactionAdvisor'
2020-03-14 21:57:27.410 [main] DEBUG o.s.b.f.s.DefaultListableBeanFactory - Returning cached instance of singleton bean 'org.springframework.cloud.netflix.eureka.EurekaClientAutoConfiguration$RefreshableEurekaClientConfiguration'
2020-03-14 21:57:27.415 [main] DEBUG o.s.b.f.s.DefaultListableBeanFactory - Returning cached instance of singleton bean 'eurekaClient'
2020-03-14 21:57:27.420 [main] DEBUG o.s.b.f.s.DefaultListableBeanFactory - Returning cached instance of singleton bean 'eurekaInstanceConfigBean'
2020-03-14 21:57:27.422 [main] DEBUG o.s.b.f.s.DefaultListableBeanFactory - Returning cached instance of singleton bean 'eurekaApplicationInfoManager'
2020-03-14 21:57:27.422 [main] DEBUG o.s.b.f.s.DefaultListableBeanFactory - Autowiring by type from bean name 'scopedTarget.eurekaRegistration' via factory method to bean named 'eurekaClient'
2020-03-14 21:57:27.422 [main] DEBUG o.s.b.f.s.DefaultListableBeanFactory - Autowiring by type from bean name 'scopedTarget.eurekaRegistration' via factory method to bean named 'eurekaInstanceConfigBean'
2020-03-14 21:57:27.422 [main] DEBUG o.s.b.f.s.DefaultListableBeanFactory - Autowiring by type from bean name 'scopedTarget.eurekaRegistration' via factory method to bean named 'eurekaApplicationInfoManager'
2020-03-14 21:57:27.440 [main] DEBUG o.s.b.f.s.DefaultListableBeanFactory - Returning cached instance of singleton bean 'metaDataSourceAdvisor'
2020-03-14 21:57:27.440 [main] DEBUG o.s.b.f.s.DefaultListableBeanFactory - Returning cached instance of singleton bean 'org.springframework.transaction.config.internalTransactionAdvisor'
2020-03-14 21:57:27.440 [main] DEBUG o.s.b.f.s.DefaultListableBeanFactory - Returning cached instance of singleton bean 'metaDataSourceAdvisor'
2020-03-14 21:57:27.440 [main] DEBUG o.s.b.f.s.DefaultListableBeanFactory - Returning cached instance of singleton bean 'org.springframework.transaction.config.internalTransactionAdvisor'
2020-03-14 21:57:27.442 [main] DEBUG o.s.b.f.s.DefaultListableBeanFactory - Finished creating instance of bean 'scopedTarget.eurekaRegistration'
2020-03-14 21:57:27.454 [main] DEBUG o.s.c.s.DefaultLifecycleProcessor - Successfully started bean 'eurekaAutoServiceRegistration'
2020-03-14 21:57:27.455 [main] INFO  o.s.c.s.DefaultLifecycleProcessor - Starting beans in phase 2147483647
2020-03-14 21:57:27.456 [main] DEBUG o.s.c.s.DefaultLifecycleProcessor - Starting bean 'documentationPluginsBootstrapper' of type [class springfox.documentation.spring.web.plugins.DocumentationPluginsBootstrapper]
2020-03-14 21:57:27.456 [main] INFO  s.d.s.w.p.DocumentationPluginsBootstrapper - Context refreshed
2020-03-14 21:57:27.463 [main] DEBUG o.s.b.f.s.DefaultListableBeanFactory - Returning cached instance of singleton bean 'createRestApi'
2020-03-14 21:57:27.508 [main] INFO  s.d.s.w.p.DocumentationPluginsBootstrapper - Found 1 custom documentation plugin(s)
2020-03-14 21:57:27.581 [main] DEBUG o.s.b.f.s.DefaultListableBeanFactory - Returning cached instance of singleton bean 'classOrApiAnnotationResourceGrouping'
2020-03-14 21:57:27.628 [main] INFO  s.d.s.w.s.ApiListingReferenceScanner - Scanning for api listing references
2020-03-14 21:57:27.676 [main] DEBUG o.s.b.f.s.DefaultListableBeanFactory - Returning cached instance of singleton bean 'operationModelsProvider'
2020-03-14 21:57:27.676 [main] DEBUG o.s.b.f.s.DefaultListableBeanFactory - Returning cached instance of singleton bean 'swaggerOperationModelsProvider'
2020-03-14 21:57:27.685 [main] DEBUG s.d.s.w.r.o.OperationModelsProvider - Adding return parameter of type Lcom/ningmeng/framework/domain/course/response/AddCourseResult;
2020-03-14 21:57:27.690 [main] DEBUG s.d.s.w.r.o.OperationModelsProvider - Reading parameters models for handlerMethod |addCourseBase|
2020-03-14 21:57:27.692 [main] DEBUG s.d.s.w.r.o.OperationModelsProvider - Adding input parameter of type Lcom/ningmeng/framework/domain/course/CourseBase;
2020-03-14 21:57:27.694 [main] DEBUG s.d.s.w.r.o.OperationModelsProvider - Finished reading parameters models for handlerMethod |addCourseBase|
2020-03-14 21:57:27.702 [main] DEBUG s.d.s.r.o.SwaggerOperationModelsProvider - Reading parameters models for handlerMethod |addCourseBase|
2020-03-14 21:57:27.802 [main] DEBUG s.d.s.p.OptimizedModelPropertiesProvider - Reading property id
2020-03-14 21:57:27.810 [main] DEBUG s.d.s.p.bean.BeanModelProperty - Evaluating unwrapped setter for member setId
2020-03-14 21:57:27.814 [main] DEBUG s.d.s.p.ObjectMapperBeanPropertyNamingStrategy - Name 'id' renamed to 'id'
2020-03-14 21:57:27.815 [main] DEBUG s.d.s.p.OptimizedModelPropertiesProvider - Adding property id to model
2020-03-14 21:57:27.818 [main] DEBUG s.d.s.p.bean.BeanModelProperty - Evaluating unwrapped setter for member setId
2020-03-14 21:57:27.820 [main] DEBUG s.d.s.p.bean.BeanModelProperty - Evaluating unwrapped setter for member setId
2020-03-14 21:57:27.821 [main] DEBUG s.d.s.p.bean.BeanModelProperty - Evaluating unwrapped setter for member setId
2020-03-14 21:57:27.842 [main] DEBUG s.d.s.p.bean.BeanModelProperty - Evaluating unwrapped setter for member setId
2020-03-14 21:57:27.847 [main] DEBUG o.s.b.f.s.DefaultListableBeanFactory - Returning cached instance of singleton bean 'apiModelPropertyPropertyBuilder'
2020-03-14 21:57:27.850 [main] DEBUG s.d.s.p.OptimizedModelPropertiesProvider - Reading property name
2020-03-14 21:57:27.851 [main] DEBUG s.d.s.p.bean.BeanModelProperty - Evaluating unwrapped setter for member setName
2020-03-14 21:57:27.851 [main] DEBUG s.d.s.p.ObjectMapperBeanPropertyNamingStrategy - Name 'name' renamed to 'name'
2020-03-14 21:57:27.851 [main] DEBUG s.d.s.p.OptimizedModelPropertiesProvider - Adding property name to model
2020-03-14 21:57:27.851 [main] DEBUG s.d.s.p.bean.BeanModelProperty - Evaluating unwrapped setter for member setName
2020-03-14 21:57:27.851 [main] DEBUG s.d.s.p.bean.BeanModelProperty - Evaluating unwrapped setter for member setName
2020-03-14 21:57:27.851 [main] DEBUG s.d.s.p.bean.BeanModelProperty - Evaluating unwrapped setter for member setName
2020-03-14 21:57:27.851 [main] DEBUG s.d.s.p.bean.BeanModelProperty - Evaluating unwrapped setter for member setName
2020-03-14 21:57:27.852 [main] DEBUG s.d.s.p.OptimizedModelPropertiesProvider - Reading property users
2020-03-14 21:57:27.852 [main] DEBUG s.d.s.p.bean.BeanModelProperty - Evaluating unwrapped setter for member setUsers
2020-03-14 21:57:27.852 [main] DEBUG s.d.s.p.ObjectMapperBeanPropertyNamingStrategy - Name 'users' renamed to 'users'
2020-03-14 21:57:27.852 [main] DEBUG s.d.s.p.OptimizedModelPropertiesProvider - Adding property users to model
2020-03-14 21:57:27.852 [main] DEBUG s.d.s.p.bean.BeanModelProperty - Evaluating unwrapped setter for member setUsers
2020-03-14 21:57:27.852 [main] DEBUG s.d.s.p.bean.BeanModelProperty - Evaluating unwrapped setter for member setUsers
2020-03-14 21:57:27.853 [main] DEBUG s.d.s.p.bean.BeanModelProperty - Evaluating unwrapped setter for member setUsers
2020-03-14 21:57:27.853 [main] DEBUG s.d.s.p.bean.BeanModelProperty - Evaluating unwrapped setter for member setUsers
2020-03-14 21:57:27.853 [main] DEBUG s.d.s.p.OptimizedModelPropertiesProvider - Reading property mt
2020-03-14 21:57:27.854 [main] DEBUG s.d.s.p.bean.BeanModelProperty - Evaluating unwrapped setter for member setMt
2020-03-14 21:57:27.855 [main] DEBUG s.d.s.p.ObjectMapperBeanPropertyNamingStrategy - Name 'mt' renamed to 'mt'
2020-03-14 21:57:27.855 [main] DEBUG s.d.s.p.OptimizedModelPropertiesProvider - Adding property mt to model
2020-03-14 21:57:27.855 [main] DEBUG s.d.s.p.bean.BeanModelProperty - Evaluating unwrapped setter for member setMt
2020-03-14 21:57:27.855 [main] DEBUG s.d.s.p.bean.BeanModelProperty - Evaluating unwrapped setter for member setMt
2020-03-14 21:57:27.856 [main] DEBUG s.d.s.p.bean.BeanModelProperty - Evaluating unwrapped setter for member setMt
2020-03-14 21:57:27.856 [main] DEBUG s.d.s.p.bean.BeanModelProperty - Evaluating unwrapped setter for member setMt
2020-03-14 21:57:27.857 [main] DEBUG s.d.s.p.OptimizedModelPropertiesProvider - Reading property st
2020-03-14 21:57:27.860 [main] DEBUG s.d.s.p.bean.BeanModelProperty - Evaluating unwrapped setter for member setSt
2020-03-14 21:57:27.860 [main] DEBUG s.d.s.p.ObjectMapperBeanPropertyNamingStrategy - Name 'st' renamed to 'st'
2020-03-14 21:57:27.860 [main] DEBUG s.d.s.p.OptimizedModelPropertiesProvider - Adding property st to model
2020-03-14 21:57:27.860 [main] DEBUG s.d.s.p.bean.BeanModelProperty - Evaluating unwrapped setter for member setSt
2020-03-14 21:57:27.860 [main] DEBUG s.d.s.p.bean.BeanModelProperty - Evaluating unwrapped setter for member setSt
2020-03-14 21:57:27.860 [main] DEBUG s.d.s.p.bean.BeanModelProperty - Evaluating unwrapped setter for member setSt
2020-03-14 21:57:27.861 [main] DEBUG s.d.s.p.bean.BeanModelProperty - Evaluating unwrapped setter for member setSt
2020-03-14 21:57:27.861 [main] DEBUG s.d.s.p.OptimizedModelPropertiesProvider - Reading property grade
2020-03-14 21:57:27.861 [main] DEBUG s.d.s.p.bean.BeanModelProperty - Evaluating unwrapped setter for member setGrade
2020-03-14 21:57:27.861 [main] DEBUG s.d.s.p.ObjectMapperBeanPropertyNamingStrategy - Name 'grade' renamed to 'grade'
2020-03-14 21:57:27.861 [main] DEBUG s.d.s.p.OptimizedModelPropertiesProvider - Adding property grade to model
2020-03-14 21:57:27.861 [main] DEBUG s.d.s.p.bean.BeanModelProperty - Evaluating unwrapped setter for member setGrade
2020-03-14 21:57:27.861 [main] DEBUG s.d.s.p.bean.BeanModelProperty - Evaluating unwrapped setter for member setGrade
2020-03-14 21:57:27.861 [main] DEBUG s.d.s.p.bean.BeanModelProperty - Evaluating unwrapped setter for member setGrade
2020-03-14 21:57:27.861 [main] DEBUG s.d.s.p.bean.BeanModelProperty - Evaluating unwrapped setter for member setGrade
2020-03-14 21:57:27.861 [main] DEBUG s.d.s.p.OptimizedModelPropertiesProvider - Reading property studymodel
2020-03-14 21:57:27.862 [main] DEBUG s.d.s.p.bean.BeanModelProperty - Evaluating unwrapped setter for member setStudymodel
2020-03-14 21:57:27.862 [main] DEBUG s.d.s.p.ObjectMapperBeanPropertyNamingStrategy - Name 'studymodel' renamed to 'studymodel'
2020-03-14 21:57:27.862 [main] DEBUG s.d.s.p.OptimizedModelPropertiesProvider - Adding property studymodel to model
2020-03-14 21:57:27.862 [main] DEBUG s.d.s.p.bean.BeanModelProperty - Evaluating unwrapped setter for member setStudymodel
2020-03-14 21:57:27.862 [main] DEBUG s.d.s.p.bean.BeanModelProperty - Evaluating unwrapped setter for member setStudymodel
2020-03-14 21:57:27.862 [main] DEBUG s.d.s.p.bean.BeanModelProperty - Evaluating unwrapped setter for member setStudymodel
2020-03-14 21:57:27.862 [main] DEBUG s.d.s.p.bean.BeanModelProperty - Evaluating unwrapped setter for member setStudymodel
2020-03-14 21:57:27.862 [main] DEBUG s.d.s.p.OptimizedModelPropertiesProvider - Reading property teachmode
2020-03-14 21:57:27.863 [main] DEBUG s.d.s.p.bean.BeanModelProperty - Evaluating unwrapped setter for member setTeachmode
2020-03-14 21:57:27.863 [main] DEBUG s.d.s.p.ObjectMapperBeanPropertyNamingStrategy - Name 'teachmode' renamed to 'teachmode'
2020-03-14 21:57:27.863 [main] DEBUG s.d.s.p.OptimizedModelPropertiesProvider - Adding property teachmode to model
2020-03-14 21:57:27.863 [main] DEBUG s.d.s.p.bean.BeanModelProperty - Evaluating unwrapped setter for member setTeachmode
2020-03-14 21:57:27.863 [main] DEBUG s.d.s.p.bean.BeanModelProperty - Evaluating unwrapped setter for member setTeachmode
2020-03-14 21:57:27.863 [main] DEBUG s.d.s.p.bean.BeanModelProperty - Evaluating unwrapped setter for member setTeachmode
2020-03-14 21:57:27.863 [main] DEBUG s.d.s.p.bean.BeanModelProperty - Evaluating unwrapped setter for member setTeachmode
2020-03-14 21:57:27.863 [main] DEBUG s.d.s.p.OptimizedModelPropertiesProvider - Reading property description
2020-03-14 21:57:27.864 [main] DEBUG s.d.s.p.bean.BeanModelProperty - Evaluating unwrapped setter for member setDescription
2020-03-14 21:57:27.864 [main] DEBUG s.d.s.p.ObjectMapperBeanPropertyNamingStrategy - Name 'description' renamed to 'description'
2020-03-14 21:57:27.864 [main] DEBUG s.d.s.p.OptimizedModelPropertiesProvider - Adding property description to model
2020-03-14 21:57:27.864 [main] DEBUG s.d.s.p.bean.BeanModelProperty - Evaluating unwrapped setter for member setDescription
2020-03-14 21:57:27.864 [main] DEBUG s.d.s.p.bean.BeanModelProperty - Evaluating unwrapped setter for member setDescription
2020-03-14 21:57:27.864 [main] DEBUG s.d.s.p.bean.BeanModelProperty - Evaluating unwrapped setter for member setDescription
2020-03-14 21:57:27.864 [main] DEBUG s.d.s.p.bean.BeanModelProperty - Evaluating unwrapped setter for member setDescription
2020-03-14 21:57:27.864 [main] DEBUG s.d.s.p.OptimizedModelPropertiesProvider - Reading property status
2020-03-14 21:57:27.865 [main] DEBUG s.d.s.p.bean.BeanModelProperty - Evaluating unwrapped setter for member setStatus
2020-03-14 21:57:27.865 [main] DEBUG s.d.s.p.ObjectMapperBeanPropertyNamingStrategy - Name 'status' renamed to 'status'
2020-03-14 21:57:27.865 [main] DEBUG s.d.s.p.OptimizedModelPropertiesProvider - Adding property status to model
2020-03-14 21:57:27.865 [main] DEBUG s.d.s.p.bean.BeanModelProperty - Evaluating unwrapped setter for member setStatus
2020-03-14 21:57:27.865 [main] DEBUG s.d.s.p.bean.BeanModelProperty - Evaluating unwrapped setter for member setStatus
2020-03-14 21:57:27.865 [main] DEBUG s.d.s.p.bean.BeanModelProperty - Evaluating unwrapped setter for member setStatus
2020-03-14 21:57:27.865 [main] DEBUG s.d.s.p.bean.BeanModelProperty - Evaluating unwrapped setter for member setStatus
2020-03-14 21:57:27.865 [main] DEBUG s.d.s.p.OptimizedModelPropertiesProvider - Reading property companyId
2020-03-14 21:57:27.866 [main] DEBUG s.d.s.p.bean.BeanModelProperty - Evaluating unwrapped setter for member setCompanyId
2020-03-14 21:57:27.867 [main] DEBUG s.d.s.p.ObjectMapperBeanPropertyNamingStrategy - Name 'companyId' renamed to 'companyId'
2020-03-14 21:57:27.867 [main] DEBUG s.d.s.p.OptimizedModelPropertiesProvider - Adding property companyId to model
2020-03-14 21:57:27.867 [main] DEBUG s.d.s.p.bean.BeanModelProperty - Evaluating unwrapped setter for member setCompanyId
2020-03-14 21:57:27.867 [main] DEBUG s.d.s.p.bean.BeanModelProperty - Evaluating unwrapped setter for member setCompanyId
2020-03-14 21:57:27.867 [main] DEBUG s.d.s.p.bean.BeanModelProperty - Evaluating unwrapped setter for member setCompanyId
2020-03-14 21:57:27.867 [main] DEBUG s.d.s.p.bean.BeanModelProperty - Evaluating unwrapped setter for member setCompanyId
2020-03-14 21:57:27.867 [main] DEBUG s.d.s.p.OptimizedModelPropertiesProvider - Reading property userId
2020-03-14 21:57:27.867 [main] DEBUG s.d.s.p.bean.BeanModelProperty - Evaluating unwrapped setter for member setUserId
2020-03-14 21:57:27.867 [main] DEBUG s.d.s.p.ObjectMapperBeanPropertyNamingStrategy - Name 'userId' renamed to 'userId'
2020-03-14 21:57:27.867 [main] DEBUG s.d.s.p.OptimizedModelPropertiesProvider - Adding property userId to model
2020-03-14 21:57:27.867 [main] DEBUG s.d.s.p.bean.BeanModelProperty - Evaluating unwrapped setter for member setUserId
2020-03-14 21:57:27.868 [main] DEBUG s.d.s.p.bean.BeanModelProperty - Evaluating unwrapped setter for member setUserId
2020-03-14 21:57:27.868 [main] DEBUG s.d.s.p.bean.BeanModelProperty - Evaluating unwrapped setter for member setUserId
2020-03-14 21:57:27.868 [main] DEBUG s.d.s.p.bean.BeanModelProperty - Evaluating unwrapped setter for member setUserId
2020-03-14 21:57:27.886 [main] DEBUG s.d.schema.DefaultModelProvider - Inferred 12 properties. Properties found companyId, description, grade, id, mt, name, st, status, studymodel, teachmode, userId, users
2020-03-14 21:57:27.888 [main] DEBUG o.s.b.f.s.DefaultListableBeanFactory - Returning cached instance of singleton bean 'apiModelTypeNameProvider'
2020-03-14 21:57:27.894 [main] DEBUG o.s.b.f.s.DefaultListableBeanFactory - Returning cached instance of singleton bean 'apiModelBuilder'
2020-03-14 21:57:27.894 [main] DEBUG s.d.s.web.scanners.ApiModelReader - Generated parameter model id: CourseBase, name: CourseBase, schema: {} models
2020-03-14 21:57:27.894 [main] DEBUG s.d.s.web.scanners.ApiModelReader - Adding a new model with key CourseBase
2020-03-14 21:57:27.905 [main] DEBUG s.d.s.p.OptimizedModelPropertiesProvider - Reading property success
2020-03-14 21:57:27.907 [main] DEBUG s.d.s.p.bean.BeanModelProperty - Evaluating unwrapped getter for member isSuccess
2020-03-14 21:57:27.907 [main] DEBUG s.d.s.p.ObjectMapperBeanPropertyNamingStrategy - Name 'success' renamed to 'success'
2020-03-14 21:57:27.907 [main] DEBUG s.d.s.p.OptimizedModelPropertiesProvider - Adding property success to model
2020-03-14 21:57:27.907 [main] DEBUG s.d.s.p.bean.BeanModelProperty - Evaluating unwrapped getter for member isSuccess
2020-03-14 21:57:27.907 [main] DEBUG s.d.s.p.bean.BeanModelProperty - Evaluating unwrapped getter for member isSuccess
2020-03-14 21:57:27.907 [main] DEBUG s.d.s.p.bean.BeanModelProperty - Evaluating unwrapped getter for member isSuccess
2020-03-14 21:57:27.908 [main] DEBUG s.d.s.p.bean.BeanModelProperty - Evaluating unwrapped getter for member isSuccess
2020-03-14 21:57:27.908 [main] DEBUG s.d.s.p.OptimizedModelPropertiesProvider - Reading property code
2020-03-14 21:57:27.908 [main] DEBUG s.d.s.p.bean.BeanModelProperty - Evaluating unwrapped getter for member getCode
2020-03-14 21:57:27.908 [main] DEBUG s.d.s.p.ObjectMapperBeanPropertyNamingStrategy - Name 'code' renamed to 'code'
2020-03-14 21:57:27.908 [main] DEBUG s.d.s.p.OptimizedModelPropertiesProvider - Adding property code to model
2020-03-14 21:57:27.908 [main] DEBUG s.d.s.p.bean.BeanModelProperty - Evaluating unwrapped getter for member getCode
2020-03-14 21:57:27.908 [main] DEBUG s.d.s.p.bean.BeanModelProperty - Evaluating unwrapped getter for member getCode
2020-03-14 21:57:27.908 [main] DEBUG s.d.s.p.bean.BeanModelProperty - Evaluating unwrapped getter for member getCode
2020-03-14 21:57:27.908 [main] DEBUG s.d.s.p.bean.BeanModelProperty - Evaluating unwrapped getter for member getCode
2020-03-14 21:57:27.909 [main] DEBUG s.d.s.p.OptimizedModelPropertiesProvider - Reading property message
2020-03-14 21:57:27.909 [main] DEBUG s.d.s.p.bean.BeanModelProperty - Evaluating unwrapped getter for member getMessage
2020-03-14 21:57:27.909 [main] DEBUG s.d.s.p.ObjectMapperBeanPropertyNamingStrategy - Name 'message' renamed to 'message'
2020-03-14 21:57:27.909 [main] DEBUG s.d.s.p.OptimizedModelPropertiesProvider - Adding property message to model
2020-03-14 21:57:27.909 [main] DEBUG s.d.s.p.bean.BeanModelProperty - Evaluating unwrapped getter for member getMessage
2020-03-14 21:57:27.909 [main] DEBUG s.d.s.p.bean.BeanModelProperty - Evaluating unwrapped getter for member getMessage
2020-03-14 21:57:27.909 [main] DEBUG s.d.s.p.bean.BeanModelProperty - Evaluating unwrapped getter for member getMessage
2020-03-14 21:57:27.909 [main] DEBUG s.d.s.p.bean.BeanModelProperty - Evaluating unwrapped getter for member getMessage
2020-03-14 21:57:27.909 [main] DEBUG s.d.s.p.OptimizedModelPropertiesProvider - Reading property courseid
2020-03-14 21:57:27.910 [main] DEBUG s.d.s.p.bean.BeanModelProperty - Evaluating unwrapped getter for member getCourseid
2020-03-14 21:57:27.910 [main] DEBUG s.d.s.p.ObjectMapperBeanPropertyNamingStrategy - Name 'courseid' renamed to 'courseid'
2020-03-14 21:57:27.910 [main] DEBUG s.d.s.p.OptimizedModelPropertiesProvider - Adding property courseid to model
2020-03-14 21:57:27.910 [main] DEBUG s.d.s.p.bean.BeanModelProperty - Evaluating unwrapped getter for member getCourseid
2020-03-14 21:57:27.910 [main] DEBUG s.d.s.p.bean.BeanModelProperty - Evaluating unwrapped getter for member getCourseid
2020-03-14 21:57:27.910 [main] DEBUG s.d.s.p.bean.BeanModelProperty - Evaluating unwrapped getter for member getCourseid
2020-03-14 21:57:27.910 [main] DEBUG s.d.s.p.bean.BeanModelProperty - Evaluating unwrapped getter for member getCourseid
2020-03-14 21:57:27.910 [main] DEBUG s.d.schema.DefaultModelProvider - Inferred 4 properties. Properties found code, courseid, message, success
2020-03-14 21:57:27.911 [main] DEBUG s.d.s.web.scanners.ApiModelReader - Generated parameter model id: AddCourseResult, name: AddCourseResult, schema: {} models
2020-03-14 21:57:27.911 [main] DEBUG s.d.s.web.scanners.ApiModelReader - Adding a new model with key AddCourseResult
2020-03-14 21:57:27.915 [main] DEBUG o.s.b.f.s.DefaultListableBeanFactory - Returning cached instance of singleton bean 'mediaTypeReader'
2020-03-14 21:57:27.915 [main] DEBUG o.s.b.f.s.DefaultListableBeanFactory - Returning cached instance of singleton bean 'defaultOperationReader'
2020-03-14 21:57:27.915 [main] DEBUG o.s.b.f.s.DefaultListableBeanFactory - Returning cached instance of singleton bean 'operationDeprecatedReader'
2020-03-14 21:57:27.915 [main] DEBUG o.s.b.f.s.DefaultListableBeanFactory - Returning cached instance of singleton bean 'operationParameterHeadersConditionReader'
2020-03-14 21:57:27.915 [main] DEBUG o.s.b.f.s.DefaultListableBeanFactory - Returning cached instance of singleton bean 'operationParameterReader'
2020-03-14 21:57:27.915 [main] DEBUG o.s.b.f.s.DefaultListableBeanFactory - Returning cached instance of singleton bean 'operationParameterRequestConditionReader'
2020-03-14 21:57:27.915 [main] DEBUG o.s.b.f.s.DefaultListableBeanFactory - Returning cached instance of singleton bean 'operationResponseClassReader'
2020-03-14 21:57:27.915 [main] DEBUG o.s.b.f.s.DefaultListableBeanFactory - Returning cached instance of singleton bean 'operationTagsReader'
2020-03-14 21:57:27.915 [main] DEBUG o.s.b.f.s.DefaultListableBeanFactory - Returning cached instance of singleton bean 'responseMessagesReader'
2020-03-14 21:57:27.915 [main] DEBUG o.s.b.f.s.DefaultListableBeanFactory - Returning cached instance of singleton bean 'operationAuthReader'
2020-03-14 21:57:27.915 [main] DEBUG o.s.b.f.s.DefaultListableBeanFactory - Returning cached instance of singleton bean 'operationHiddenReader'
2020-03-14 21:57:27.915 [main] DEBUG o.s.b.f.s.DefaultListableBeanFactory - Returning cached instance of singleton bean 'operationHttpMethodReader'
2020-03-14 21:57:27.915 [main] DEBUG o.s.b.f.s.DefaultListableBeanFactory - Returning cached instance of singleton bean 'operationImplicitParameterReader'
2020-03-14 21:57:27.915 [main] DEBUG o.s.b.f.s.DefaultListableBeanFactory - Returning cached instance of singleton bean 'operationImplicitParametersReader'
2020-03-14 21:57:27.915 [main] DEBUG o.s.b.f.s.DefaultListableBeanFactory - Returning cached instance of singleton bean 'operationNicknameIntoUniqueIdReader'
2020-03-14 21:57:27.915 [main] DEBUG o.s.b.f.s.DefaultListableBeanFactory - Returning cached instance of singleton bean 'operationNotesReader'
2020-03-14 21:57:27.915 [main] DEBUG o.s.b.f.s.DefaultListableBeanFactory - Returning cached instance of singleton bean 'operationPositionReader'
2020-03-14 21:57:27.915 [main] DEBUG o.s.b.f.s.DefaultListableBeanFactory - Returning cached instance of singleton bean 'operationSummaryReader'
2020-03-14 21:57:27.915 [main] DEBUG o.s.b.f.s.DefaultListableBeanFactory - Returning cached instance of singleton bean 'swaggerMediaTypeReader'
2020-03-14 21:57:27.915 [main] DEBUG o.s.b.f.s.DefaultListableBeanFactory - Returning cached instance of singleton bean 'swaggerOperationResponseClassReader'
2020-03-14 21:57:27.915 [main] DEBUG o.s.b.f.s.DefaultListableBeanFactory - Returning cached instance of singleton bean 'swaggerOperationTagsReader'
2020-03-14 21:57:27.915 [main] DEBUG o.s.b.f.s.DefaultListableBeanFactory - Returning cached instance of singleton bean 'swaggerResponseMessageReader'
2020-03-14 21:57:27.915 [main] DEBUG o.s.b.f.s.DefaultListableBeanFactory - Returning cached instance of singleton bean 'vendorExtensionsReader'
2020-03-14 21:57:27.935 [main] DEBUG o.s.b.f.s.DefaultListableBeanFactory - Returning cached instance of singleton bean 'parameterDataTypeReader'
2020-03-14 21:57:27.936 [main] DEBUG o.s.b.f.s.DefaultListableBeanFactory - Returning cached instance of singleton bean 'parameterDefaultReader'
2020-03-14 21:57:27.936 [main] DEBUG o.s.b.f.s.DefaultListableBeanFactory - Returning cached instance of singleton bean 'parameterMultiplesReader'
2020-03-14 21:57:27.936 [main] DEBUG o.s.b.f.s.DefaultListableBeanFactory - Returning cached instance of singleton bean 'parameterNameReader'
2020-03-14 21:57:27.936 [main] DEBUG o.s.b.f.s.DefaultListableBeanFactory - Returning cached instance of singleton bean 'parameterRequiredReader'
2020-03-14 21:57:27.936 [main] DEBUG o.s.b.f.s.DefaultListableBeanFactory - Returning cached instance of singleton bean 'parameterTypeReader'
2020-03-14 21:57:27.936 [main] DEBUG o.s.b.f.s.DefaultListableBeanFactory - Returning cached instance of singleton bean 'swaggerParameterDescriptionReader'
2020-03-14 21:57:27.943 [main] DEBUG s.d.s.w.r.o.OperationResponseClassReader - Setting spring response class to: AddCourseResult
2020-03-14 21:57:27.951 [main] DEBUG s.d.s.r.o.OperationAuthReader - Authorization count 0 for method addCourseBase
2020-03-14 21:57:27.995 [main] DEBUG s.d.s.r.o.SwaggerOperationResponseClassReader - Setting response class to:AddCourseResult
2020-03-14 21:57:28.009 [main] DEBUG s.d.s.r.o.VendorExtensionsReader - Extension count 1 for method addCourseBase
2020-03-14 21:57:28.026 [main] DEBUG o.s.b.f.s.DefaultListableBeanFactory - Returning cached instance of singleton bean 'operationPathDecorator'
2020-03-14 21:57:28.027 [main] DEBUG o.s.b.f.s.DefaultListableBeanFactory - Returning cached instance of singleton bean 'pathMappingDecorator'
2020-03-14 21:57:28.027 [main] DEBUG o.s.b.f.s.DefaultListableBeanFactory - Returning cached instance of singleton bean 'pathSanitizer'
2020-03-14 21:57:28.027 [main] DEBUG o.s.b.f.s.DefaultListableBeanFactory - Returning cached instance of singleton bean 'queryStringUriTemplateDecorator'
2020-03-14 21:57:28.072 [main] DEBUG s.d.s.w.r.o.OperationModelsProvider - Adding return parameter of type Lcom/ningmeng/framework/model/response/ResponseResult;
2020-03-14 21:57:28.075 [main] DEBUG s.d.s.w.r.o.OperationModelsProvider - Reading parameters models for handlerMethod |addCoursePic|
2020-03-14 21:57:28.083 [main] DEBUG s.d.s.w.r.o.OperationModelsProvider - Finished reading parameters models for handlerMethod |addCoursePic|
2020-03-14 21:57:28.084 [main] DEBUG s.d.s.r.o.SwaggerOperationModelsProvider - Reading parameters models for handlerMethod |addCoursePic|
2020-03-14 21:57:28.086 [main] DEBUG s.d.s.p.OptimizedModelPropertiesProvider - Reading property success
2020-03-14 21:57:28.094 [main] DEBUG s.d.s.p.bean.BeanModelProperty - Evaluating unwrapped getter for member isSuccess
2020-03-14 21:57:28.094 [main] DEBUG s.d.s.p.ObjectMapperBeanPropertyNamingStrategy - Name 'success' renamed to 'success'
2020-03-14 21:57:28.099 [main] DEBUG s.d.s.p.OptimizedModelPropertiesProvider - Adding property success to model
2020-03-14 21:57:28.100 [main] DEBUG s.d.s.p.bean.BeanModelProperty - Evaluating unwrapped getter for member isSuccess
2020-03-14 21:57:28.100 [main] DEBUG s.d.s.p.bean.BeanModelProperty - Evaluating unwrapped getter for member isSuccess
2020-03-14 21:57:28.100 [main] DEBUG s.d.s.p.bean.BeanModelProperty - Evaluating unwrapped getter for member isSuccess
2020-03-14 21:57:28.106 [main] DEBUG s.d.s.p.bean.BeanModelProperty - Evaluating unwrapped getter for member isSuccess
2020-03-14 21:57:28.107 [main] DEBUG s.d.s.p.OptimizedModelPropertiesProvider - Reading property code
2020-03-14 21:57:28.107 [main] DEBUG s.d.s.p.bean.BeanModelProperty - Evaluating unwrapped getter for member getCode
2020-03-14 21:57:28.107 [main] DEBUG s.d.s.p.ObjectMapperBeanPropertyNamingStrategy - Name 'code' renamed to 'code'
2020-03-14 21:57:28.107 [main] DEBUG s.d.s.p.OptimizedModelPropertiesProvider - Adding property code to model
2020-03-14 21:57:28.107 [main] DEBUG s.d.s.p.bean.BeanModelProperty - Evaluating unwrapped getter for member getCode
2020-03-14 21:57:28.107 [main] DEBUG s.d.s.p.bean.BeanModelProperty - Evaluating unwrapped getter for member getCode
2020-03-14 21:57:28.107 [main] DEBUG s.d.s.p.bean.BeanModelProperty - Evaluating unwrapped getter for member getCode
2020-03-14 21:57:28.108 [main] DEBUG s.d.s.p.bean.BeanModelProperty - Evaluating unwrapped getter for member getCode
2020-03-14 21:57:28.108 [main] DEBUG s.d.s.p.OptimizedModelPropertiesProvider - Reading property message
2020-03-14 21:57:28.109 [main] DEBUG s.d.s.p.bean.BeanModelProperty - Evaluating unwrapped getter for member getMessage
2020-03-14 21:57:28.109 [main] DEBUG s.d.s.p.ObjectMapperBeanPropertyNamingStrategy - Name 'message' renamed to 'message'
2020-03-14 21:57:28.129 [main] DEBUG s.d.s.p.OptimizedModelPropertiesProvider - Adding property message to model
2020-03-14 21:57:28.129 [main] DEBUG s.d.s.p.bean.BeanModelProperty - Evaluating unwrapped getter for member getMessage
2020-03-14 21:57:28.129 [main] DEBUG s.d.s.p.bean.BeanModelProperty - Evaluating unwrapped getter for member getMessage
2020-03-14 21:57:28.129 [main] DEBUG s.d.s.p.bean.BeanModelProperty - Evaluating unwrapped getter for member getMessage
2020-03-14 21:57:28.130 [main] DEBUG s.d.s.p.bean.BeanModelProperty - Evaluating unwrapped getter for member getMessage
2020-03-14 21:57:28.134 [main] DEBUG s.d.schema.DefaultModelProvider - Inferred 3 properties. Properties found code, message, success
2020-03-14 21:57:28.135 [main] DEBUG s.d.s.web.scanners.ApiModelReader - Generated parameter model id: ResponseResult, name: ResponseResult, schema: {} models
2020-03-14 21:57:28.135 [main] DEBUG s.d.s.web.scanners.ApiModelReader - Adding a new model with key ResponseResult
2020-03-14 21:57:28.154 [main] DEBUG s.d.s.w.r.o.OperationResponseClassReader - Setting spring response class to: ResponseResult
2020-03-14 21:57:28.164 [main] DEBUG s.d.s.r.o.OperationAuthReader - Authorization count 0 for method addCoursePic
2020-03-14 21:57:28.167 [main] DEBUG s.d.s.r.o.SwaggerOperationResponseClassReader - Setting response class to:ResponseResult
2020-03-14 21:57:28.169 [main] DEBUG s.d.s.r.o.VendorExtensionsReader - Extension count 1 for method addCoursePic
2020-03-14 21:57:28.171 [main] DEBUG s.d.s.w.r.o.OperationModelsProvider - Adding return parameter of type Lcom/ningmeng/framework/model/response/ResponseResult;
2020-03-14 21:57:28.172 [main] DEBUG s.d.s.w.r.o.OperationModelsProvider - Reading parameters models for handlerMethod |addTeachplan|
2020-03-14 21:57:28.174 [main] DEBUG s.d.s.w.r.o.OperationModelsProvider - Adding input parameter of type Lcom/ningmeng/framework/domain/course/Teachplan;
2020-03-14 21:57:28.175 [main] DEBUG s.d.s.w.r.o.OperationModelsProvider - Finished reading parameters models for handlerMethod |addTeachplan|
2020-03-14 21:57:28.179 [main] DEBUG s.d.s.r.o.SwaggerOperationModelsProvider - Reading parameters models for handlerMethod |addTeachplan|
2020-03-14 21:57:28.180 [main] DEBUG s.d.s.web.scanners.ApiModelReader - Generated parameter model id: ResponseResult, name: ResponseResult, schema: {} models
2020-03-14 21:57:28.184 [main] DEBUG s.d.s.p.OptimizedModelPropertiesProvider - Reading property id
2020-03-14 21:57:28.190 [main] DEBUG s.d.s.p.bean.BeanModelProperty - Evaluating unwrapped setter for member setId
2020-03-14 21:57:28.191 [main] DEBUG s.d.s.p.ObjectMapperBeanPropertyNamingStrategy - Name 'id' renamed to 'id'
2020-03-14 21:57:28.191 [main] DEBUG s.d.s.p.OptimizedModelPropertiesProvider - Adding property id to model
2020-03-14 21:57:28.191 [main] DEBUG s.d.s.p.bean.BeanModelProperty - Evaluating unwrapped setter for member setId
2020-03-14 21:57:28.191 [main] DEBUG s.d.s.p.bean.BeanModelProperty - Evaluating unwrapped setter for member setId
2020-03-14 21:57:28.191 [main] DEBUG s.d.s.p.bean.BeanModelProperty - Evaluating unwrapped setter for member setId
2020-03-14 21:57:28.191 [main] DEBUG s.d.s.p.bean.BeanModelProperty - Evaluating unwrapped setter for member setId
2020-03-14 21:57:28.191 [main] DEBUG s.d.s.p.OptimizedModelPropertiesProvider - Reading property pname
2020-03-14 21:57:28.194 [main] DEBUG s.d.s.p.bean.BeanModelProperty - Evaluating unwrapped setter for member setPname
2020-03-14 21:57:28.194 [main] DEBUG s.d.s.p.ObjectMapperBeanPropertyNamingStrategy - Name 'pname' renamed to 'pname'
2020-03-14 21:57:28.194 [main] DEBUG s.d.s.p.OptimizedModelPropertiesProvider - Adding property pname to model
2020-03-14 21:57:28.194 [main] DEBUG s.d.s.p.bean.BeanModelProperty - Evaluating unwrapped setter for member setPname
2020-03-14 21:57:28.194 [main] DEBUG s.d.s.p.bean.BeanModelProperty - Evaluating unwrapped setter for member setPname
2020-03-14 21:57:28.195 [main] DEBUG s.d.s.p.bean.BeanModelProperty - Evaluating unwrapped setter for member setPname
2020-03-14 21:57:28.195 [main] DEBUG s.d.s.p.bean.BeanModelProperty - Evaluating unwrapped setter for member setPname
2020-03-14 21:57:28.195 [main] DEBUG s.d.s.p.OptimizedModelPropertiesProvider - Reading property parentid
2020-03-14 21:57:28.195 [main] DEBUG s.d.s.p.bean.BeanModelProperty - Evaluating unwrapped setter for member setParentid
2020-03-14 21:57:28.195 [main] DEBUG s.d.s.p.ObjectMapperBeanPropertyNamingStrategy - Name 'parentid' renamed to 'parentid'
2020-03-14 21:57:28.195 [main] DEBUG s.d.s.p.OptimizedModelPropertiesProvider - Adding property parentid to model
2020-03-14 21:57:28.195 [main] DEBUG s.d.s.p.bean.BeanModelProperty - Evaluating unwrapped setter for member setParentid
2020-03-14 21:57:28.196 [main] DEBUG s.d.s.p.bean.BeanModelProperty - Evaluating unwrapped setter for member setParentid
2020-03-14 21:57:28.196 [main] DEBUG s.d.s.p.bean.BeanModelProperty - Evaluating unwrapped setter for member setParentid
2020-03-14 21:57:28.197 [main] DEBUG s.d.s.p.bean.BeanModelProperty - Evaluating unwrapped setter for member setParentid
2020-03-14 21:57:28.199 [main] DEBUG s.d.s.p.OptimizedModelPropertiesProvider - Reading property grade
2020-03-14 21:57:28.200 [main] DEBUG s.d.s.p.bean.BeanModelProperty - Evaluating unwrapped setter for member setGrade
2020-03-14 21:57:28.200 [main] DEBUG s.d.s.p.ObjectMapperBeanPropertyNamingStrategy - Name 'grade' renamed to 'grade'
2020-03-14 21:57:28.200 [main] DEBUG s.d.s.p.OptimizedModelPropertiesProvider - Adding property grade to model
2020-03-14 21:57:28.200 [main] DEBUG s.d.s.p.bean.BeanModelProperty - Evaluating unwrapped setter for member setGrade
2020-03-14 21:57:28.200 [main] DEBUG s.d.s.p.bean.BeanModelProperty - Evaluating unwrapped setter for member setGrade
2020-03-14 21:57:28.200 [main] DEBUG s.d.s.p.bean.BeanModelProperty - Evaluating unwrapped setter for member setGrade
2020-03-14 21:57:28.200 [main] DEBUG s.d.s.p.bean.BeanModelProperty - Evaluating unwrapped setter for member setGrade
2020-03-14 21:57:28.200 [main] DEBUG s.d.s.p.OptimizedModelPropertiesProvider - Reading property ptype
2020-03-14 21:57:28.201 [main] DEBUG s.d.s.p.bean.BeanModelProperty - Evaluating unwrapped setter for member setPtype
2020-03-14 21:57:28.201 [main] DEBUG s.d.s.p.ObjectMapperBeanPropertyNamingStrategy - Name 'ptype' renamed to 'ptype'
2020-03-14 21:57:28.201 [main] DEBUG s.d.s.p.OptimizedModelPropertiesProvider - Adding property ptype to model
2020-03-14 21:57:28.201 [main] DEBUG s.d.s.p.bean.BeanModelProperty - Evaluating unwrapped setter for member setPtype
2020-03-14 21:57:28.201 [main] DEBUG s.d.s.p.bean.BeanModelProperty - Evaluating unwrapped setter for member setPtype
2020-03-14 21:57:28.201 [main] DEBUG s.d.s.p.bean.BeanModelProperty - Evaluating unwrapped setter for member setPtype
2020-03-14 21:57:28.201 [main] DEBUG s.d.s.p.bean.BeanModelProperty - Evaluating unwrapped setter for member setPtype
2020-03-14 21:57:28.201 [main] DEBUG s.d.s.p.OptimizedModelPropertiesProvider - Reading property description
2020-03-14 21:57:28.201 [main] DEBUG s.d.s.p.bean.BeanModelProperty - Evaluating unwrapped setter for member setDescription
2020-03-14 21:57:28.201 [main] DEBUG s.d.s.p.ObjectMapperBeanPropertyNamingStrategy - Name 'description' renamed to 'description'
2020-03-14 21:57:28.201 [main] DEBUG s.d.s.p.OptimizedModelPropertiesProvider - Adding property description to model
2020-03-14 21:57:28.201 [main] DEBUG s.d.s.p.bean.BeanModelProperty - Evaluating unwrapped setter for member setDescription
2020-03-14 21:57:28.202 [main] DEBUG s.d.s.p.bean.BeanModelProperty - Evaluating unwrapped setter for member setDescription
2020-03-14 21:57:28.202 [main] DEBUG s.d.s.p.bean.BeanModelProperty - Evaluating unwrapped setter for member setDescription
2020-03-14 21:57:28.202 [main] DEBUG s.d.s.p.bean.BeanModelProperty - Evaluating unwrapped setter for member setDescription
2020-03-14 21:57:28.202 [main] DEBUG s.d.s.p.OptimizedModelPropertiesProvider - Reading property courseid
2020-03-14 21:57:28.202 [main] DEBUG s.d.s.p.bean.BeanModelProperty - Evaluating unwrapped setter for member setCourseid
2020-03-14 21:57:28.202 [main] DEBUG s.d.s.p.ObjectMapperBeanPropertyNamingStrategy - Name 'courseid' renamed to 'courseid'
2020-03-14 21:57:28.202 [main] DEBUG s.d.s.p.OptimizedModelPropertiesProvider - Adding property courseid to model
2020-03-14 21:57:28.202 [main] DEBUG s.d.s.p.bean.BeanModelProperty - Evaluating unwrapped setter for member setCourseid
2020-03-14 21:57:28.202 [main] DEBUG s.d.s.p.bean.BeanModelProperty - Evaluating unwrapped setter for member setCourseid
2020-03-14 21:57:28.203 [main] DEBUG s.d.s.p.bean.BeanModelProperty - Evaluating unwrapped setter for member setCourseid
2020-03-14 21:57:28.203 [main] DEBUG s.d.s.p.bean.BeanModelProperty - Evaluating unwrapped setter for member setCourseid
2020-03-14 21:57:28.203 [main] DEBUG s.d.s.p.OptimizedModelPropertiesProvider - Reading property status
2020-03-14 21:57:28.203 [main] DEBUG s.d.s.p.bean.BeanModelProperty - Evaluating unwrapped setter for member setStatus
2020-03-14 21:57:28.203 [main] DEBUG s.d.s.p.ObjectMapperBeanPropertyNamingStrategy - Name 'status' renamed to 'status'
2020-03-14 21:57:28.203 [main] DEBUG s.d.s.p.OptimizedModelPropertiesProvider - Adding property status to model
2020-03-14 21:57:28.203 [main] DEBUG s.d.s.p.bean.BeanModelProperty - Evaluating unwrapped setter for member setStatus
2020-03-14 21:57:28.203 [main] DEBUG s.d.s.p.bean.BeanModelProperty - Evaluating unwrapped setter for member setStatus
2020-03-14 21:57:28.203 [main] DEBUG s.d.s.p.bean.BeanModelProperty - Evaluating unwrapped setter for member setStatus
2020-03-14 21:57:28.204 [main] DEBUG s.d.s.p.bean.BeanModelProperty - Evaluating unwrapped setter for member setStatus
2020-03-14 21:57:28.204 [main] DEBUG s.d.s.p.OptimizedModelPropertiesProvider - Reading property orderby
2020-03-14 21:57:28.204 [main] DEBUG s.d.s.p.bean.BeanModelProperty - Evaluating unwrapped setter for member setOrderby
2020-03-14 21:57:28.204 [main] DEBUG s.d.s.p.ObjectMapperBeanPropertyNamingStrategy - Name 'orderby' renamed to 'orderby'
2020-03-14 21:57:28.204 [main] DEBUG s.d.s.p.OptimizedModelPropertiesProvider - Adding property orderby to model
2020-03-14 21:57:28.204 [main] DEBUG s.d.s.p.bean.BeanModelProperty - Evaluating unwrapped setter for member setOrderby
2020-03-14 21:57:28.204 [main] DEBUG s.d.s.p.bean.BeanModelProperty - Evaluating unwrapped setter for member setOrderby
2020-03-14 21:57:28.204 [main] DEBUG s.d.s.p.bean.BeanModelProperty - Evaluating unwrapped setter for member setOrderby
2020-03-14 21:57:28.205 [main] DEBUG s.d.s.p.bean.BeanModelProperty - Evaluating unwrapped setter for member setOrderby
2020-03-14 21:57:28.205 [main] DEBUG s.d.s.p.OptimizedModelPropertiesProvider - Reading property timelength
2020-03-14 21:57:28.205 [main] DEBUG s.d.s.p.bean.BeanModelProperty - Evaluating unwrapped setter for member setTimelength
2020-03-14 21:57:28.205 [main] DEBUG s.d.s.p.ObjectMapperBeanPropertyNamingStrategy - Name 'timelength' renamed to 'timelength'
2020-03-14 21:57:28.205 [main] DEBUG s.d.s.p.OptimizedModelPropertiesProvider - Adding property timelength to model
2020-03-14 21:57:28.205 [main] DEBUG s.d.s.p.bean.BeanModelProperty - Evaluating unwrapped setter for member setTimelength
2020-03-14 21:57:28.205 [main] DEBUG s.d.s.p.bean.BeanModelProperty - Evaluating unwrapped setter for member setTimelength
2020-03-14 21:57:28.205 [main] DEBUG s.d.s.p.bean.BeanModelProperty - Evaluating unwrapped setter for member setTimelength
2020-03-14 21:57:28.206 [main] DEBUG s.d.s.p.bean.BeanModelProperty - Evaluating unwrapped setter for member setTimelength
2020-03-14 21:57:28.206 [main] DEBUG s.d.s.p.OptimizedModelPropertiesProvider - Reading property trylearn
2020-03-14 21:57:28.206 [main] DEBUG s.d.s.p.bean.BeanModelProperty - Evaluating unwrapped setter for member setTrylearn
2020-03-14 21:57:28.206 [main] DEBUG s.d.s.p.ObjectMapperBeanPropertyNamingStrategy - Name 'trylearn' renamed to 'trylearn'
2020-03-14 21:57:28.206 [main] DEBUG s.d.s.p.OptimizedModelPropertiesProvider - Adding property trylearn to model
2020-03-14 21:57:28.206 [main] DEBUG s.d.s.p.bean.BeanModelProperty - Evaluating unwrapped setter for member setTrylearn
2020-03-14 21:57:28.206 [main] DEBUG s.d.s.p.bean.BeanModelProperty - Evaluating unwrapped setter for member setTrylearn
2020-03-14 21:57:28.206 [main] DEBUG s.d.s.p.bean.BeanModelProperty - Evaluating unwrapped setter for member setTrylearn
2020-03-14 21:57:28.206 [main] DEBUG s.d.s.p.bean.BeanModelProperty - Evaluating unwrapped setter for member setTrylearn
2020-03-14 21:57:28.207 [main] DEBUG s.d.schema.DefaultModelProvider - Inferred 11 properties. Properties found courseid, description, grade, id, orderby, parentid, pname, ptype, status, timelength, trylearn
2020-03-14 21:57:28.209 [main] DEBUG s.d.s.web.scanners.ApiModelReader - Generated parameter model id: Teachplan, name: Teachplan, schema: {} models
2020-03-14 21:57:28.210 [main] DEBUG s.d.s.web.scanners.ApiModelReader - Adding a new model with key Teachplan
2020-03-14 21:57:28.216 [main] DEBUG s.d.s.w.r.o.OperationResponseClassReader - Setting spring response class to: ResponseResult
2020-03-14 21:57:28.218 [main] DEBUG s.d.s.r.o.OperationAuthReader - Authorization count 0 for method addTeachplan
2020-03-14 21:57:28.220 [main] DEBUG s.d.s.r.o.SwaggerOperationResponseClassReader - Setting response class to:ResponseResult
2020-03-14 21:57:28.221 [main] DEBUG s.d.s.r.o.VendorExtensionsReader - Extension count 1 for method addTeachplan
2020-03-14 21:57:28.224 [main] DEBUG s.d.s.w.r.o.OperationModelsProvider - Adding return parameter of type Lcom/ningmeng/framework/domain/course/response/CourseView;
2020-03-14 21:57:28.225 [main] DEBUG s.d.s.w.r.o.OperationModelsProvider - Reading parameters models for handlerMethod |courseview|
2020-03-14 21:57:28.225 [main] DEBUG s.d.s.w.r.o.OperationModelsProvider - Finished reading parameters models for handlerMethod |courseview|
2020-03-14 21:57:28.226 [main] DEBUG s.d.s.r.o.SwaggerOperationModelsProvider - Reading parameters models for handlerMethod |courseview|
2020-03-14 21:57:28.227 [main] DEBUG s.d.s.p.OptimizedModelPropertiesProvider - Reading property courseBase
2020-03-14 21:57:28.228 [main] DEBUG s.d.s.p.bean.BeanModelProperty - Evaluating unwrapped getter for member getCourseBase
2020-03-14 21:57:28.228 [main] DEBUG s.d.s.p.ObjectMapperBeanPropertyNamingStrategy - Name 'courseBase' renamed to 'courseBase'
2020-03-14 21:57:28.228 [main] DEBUG s.d.s.p.OptimizedModelPropertiesProvider - Adding property courseBase to model
2020-03-14 21:57:28.228 [main] DEBUG s.d.s.p.bean.BeanModelProperty - Evaluating unwrapped getter for member getCourseBase
2020-03-14 21:57:28.228 [main] DEBUG s.d.s.p.bean.BeanModelProperty - Evaluating unwrapped getter for member getCourseBase
2020-03-14 21:57:28.228 [main] DEBUG s.d.s.p.bean.BeanModelProperty - Evaluating unwrapped getter for member getCourseBase
2020-03-14 21:57:28.228 [main] DEBUG s.d.s.p.bean.BeanModelProperty - Evaluating unwrapped getter for member getCourseBase
2020-03-14 21:57:28.228 [main] DEBUG s.d.s.p.OptimizedModelPropertiesProvider - Reading property courseMarket
2020-03-14 21:57:28.231 [main] DEBUG s.d.s.p.bean.BeanModelProperty - Evaluating unwrapped getter for member getCourseMarket
2020-03-14 21:57:28.231 [main] DEBUG s.d.s.p.ObjectMapperBeanPropertyNamingStrategy - Name 'courseMarket' renamed to 'courseMarket'
2020-03-14 21:57:28.231 [main] DEBUG s.d.s.p.OptimizedModelPropertiesProvider - Adding property courseMarket to model
2020-03-14 21:57:28.231 [main] DEBUG s.d.s.p.bean.BeanModelProperty - Evaluating unwrapped getter for member getCourseMarket
2020-03-14 21:57:28.231 [main] DEBUG s.d.s.p.bean.BeanModelProperty - Evaluating unwrapped getter for member getCourseMarket
2020-03-14 21:57:28.231 [main] DEBUG s.d.s.p.bean.BeanModelProperty - Evaluating unwrapped getter for member getCourseMarket
2020-03-14 21:57:28.231 [main] DEBUG s.d.s.p.bean.BeanModelProperty - Evaluating unwrapped getter for member getCourseMarket
2020-03-14 21:57:28.234 [main] DEBUG s.d.s.p.OptimizedModelPropertiesProvider - Reading property coursePic
2020-03-14 21:57:28.236 [main] DEBUG s.d.s.p.bean.BeanModelProperty - Evaluating unwrapped getter for member getCoursePic
2020-03-14 21:57:28.236 [main] DEBUG s.d.s.p.ObjectMapperBeanPropertyNamingStrategy - Name 'coursePic' renamed to 'coursePic'
2020-03-14 21:57:28.236 [main] DEBUG s.d.s.p.OptimizedModelPropertiesProvider - Adding property coursePic to model
2020-03-14 21:57:28.236 [main] DEBUG s.d.s.p.bean.BeanModelProperty - Evaluating unwrapped getter for member getCoursePic
2020-03-14 21:57:28.237 [main] DEBUG s.d.s.p.bean.BeanModelProperty - Evaluating unwrapped getter for member getCoursePic
2020-03-14 21:57:28.237 [main] DEBUG s.d.s.p.bean.BeanModelProperty - Evaluating unwrapped getter for member getCoursePic
2020-03-14 21:57:28.237 [main] DEBUG s.d.s.p.bean.BeanModelProperty - Evaluating unwrapped getter for member getCoursePic
2020-03-14 21:57:28.238 [main] DEBUG s.d.s.p.OptimizedModelPropertiesProvider - Reading property teachplanNode
2020-03-14 21:57:28.239 [main] DEBUG s.d.s.p.bean.BeanModelProperty - Evaluating unwrapped getter for member getTeachplanNode
2020-03-14 21:57:28.239 [main] DEBUG s.d.s.p.ObjectMapperBeanPropertyNamingStrategy - Name 'teachplanNode' renamed to 'teachplanNode'
2020-03-14 21:57:28.239 [main] DEBUG s.d.s.p.OptimizedModelPropertiesProvider - Adding property teachplanNode to model
2020-03-14 21:57:28.240 [main] DEBUG s.d.s.p.bean.BeanModelProperty - Evaluating unwrapped getter for member getTeachplanNode
2020-03-14 21:57:28.240 [main] DEBUG s.d.s.p.bean.BeanModelProperty - Evaluating unwrapped getter for member getTeachplanNode
2020-03-14 21:57:28.240 [main] DEBUG s.d.s.p.bean.BeanModelProperty - Evaluating unwrapped getter for member getTeachplanNode
2020-03-14 21:57:28.246 [main] DEBUG s.d.s.p.bean.BeanModelProperty - Evaluating unwrapped getter for member getTeachplanNode
2020-03-14 21:57:28.248 [main] DEBUG s.d.schema.DefaultModelProvider - Inferred 4 properties. Properties found courseBase, courseMarket, coursePic, teachplanNode
2020-03-14 21:57:28.258 [main] DEBUG s.d.s.web.scanners.ApiModelReader - Generated parameter model id: CourseView, name: CourseView, schema: {} models
2020-03-14 21:57:28.258 [main] DEBUG s.d.s.web.scanners.ApiModelReader - Adding a new model with key CourseView
2020-03-14 21:57:28.258 [main] DEBUG s.d.s.DefaultModelDependencyProvider - Adding type Lcom/ningmeng/framework/domain/course/CourseBase; for parameter courseBase
2020-03-14 21:57:28.259 [main] DEBUG s.d.s.DefaultModelDependencyProvider - Recursively resolving dependencies for type Lcom/ningmeng/framework/domain/course/CourseBase;
2020-03-14 21:57:28.261 [main] DEBUG s.d.s.p.OptimizedModelPropertiesProvider - Reading property id
2020-03-14 21:57:28.261 [main] DEBUG s.d.s.p.bean.BeanModelProperty - Evaluating unwrapped getter for member getId
2020-03-14 21:57:28.261 [main] DEBUG s.d.s.p.ObjectMapperBeanPropertyNamingStrategy - Name 'id' renamed to 'id'
2020-03-14 21:57:28.261 [main] DEBUG s.d.s.p.OptimizedModelPropertiesProvider - Adding property id to model
2020-03-14 21:57:28.261 [main] DEBUG s.d.s.p.bean.BeanModelProperty - Evaluating unwrapped getter for member getId
2020-03-14 21:57:28.261 [main] DEBUG s.d.s.p.bean.BeanModelProperty - Evaluating unwrapped getter for member getId
2020-03-14 21:57:28.261 [main] DEBUG s.d.s.p.bean.BeanModelProperty - Evaluating unwrapped getter for member getId
2020-03-14 21:57:28.261 [main] DEBUG s.d.s.p.bean.BeanModelProperty - Evaluating unwrapped getter for member getId
2020-03-14 21:57:28.262 [main] DEBUG s.d.s.p.OptimizedModelPropertiesProvider - Reading property name
2020-03-14 21:57:28.262 [main] DEBUG s.d.s.p.bean.BeanModelProperty - Evaluating unwrapped getter for member getName
2020-03-14 21:57:28.262 [main] DEBUG s.d.s.p.ObjectMapperBeanPropertyNamingStrategy - Name 'name' renamed to 'name'
2020-03-14 21:57:28.262 [main] DEBUG s.d.s.p.OptimizedModelPropertiesProvider - Adding property name to model
2020-03-14 21:57:28.262 [main] DEBUG s.d.s.p.bean.BeanModelProperty - Evaluating unwrapped getter for member getName
2020-03-14 21:57:28.262 [main] DEBUG s.d.s.p.bean.BeanModelProperty - Evaluating unwrapped getter for member getName
2020-03-14 21:57:28.262 [main] DEBUG s.d.s.p.bean.BeanModelProperty - Evaluating unwrapped getter for member getName
2020-03-14 21:57:28.262 [main] DEBUG s.d.s.p.bean.BeanModelProperty - Evaluating unwrapped getter for member getName
2020-03-14 21:57:28.263 [main] DEBUG s.d.s.p.OptimizedModelPropertiesProvider - Reading property users
2020-03-14 21:57:28.264 [main] DEBUG s.d.s.p.bean.BeanModelProperty - Evaluating unwrapped getter for member getUsers
2020-03-14 21:57:28.264 [main] DEBUG s.d.s.p.ObjectMapperBeanPropertyNamingStrategy - Name 'users' renamed to 'users'
2020-03-14 21:57:28.264 [main] DEBUG s.d.s.p.OptimizedModelPropertiesProvider - Adding property users to model
2020-03-14 21:57:28.264 [main] DEBUG s.d.s.p.bean.BeanModelProperty - Evaluating unwrapped getter for member getUsers
2020-03-14 21:57:28.264 [main] DEBUG s.d.s.p.bean.BeanModelProperty - Evaluating unwrapped getter for member getUsers
2020-03-14 21:57:28.264 [main] DEBUG s.d.s.p.bean.BeanModelProperty - Evaluating unwrapped getter for member getUsers
2020-03-14 21:57:28.264 [main] DEBUG s.d.s.p.bean.BeanModelProperty - Evaluating unwrapped getter for member getUsers
2020-03-14 21:57:28.264 [main] DEBUG s.d.s.p.OptimizedModelPropertiesProvider - Reading property mt
2020-03-14 21:57:28.264 [main] DEBUG s.d.s.p.bean.BeanModelProperty - Evaluating unwrapped getter for member getMt
2020-03-14 21:57:28.265 [main] DEBUG s.d.s.p.ObjectMapperBeanPropertyNamingStrategy - Name 'mt' renamed to 'mt'
2020-03-14 21:57:28.265 [main] DEBUG s.d.s.p.OptimizedModelPropertiesProvider - Adding property mt to model
2020-03-14 21:57:28.265 [main] DEBUG s.d.s.p.bean.BeanModelProperty - Evaluating unwrapped getter for member getMt
2020-03-14 21:57:28.265 [main] DEBUG s.d.s.p.bean.BeanModelProperty - Evaluating unwrapped getter for member getMt
2020-03-14 21:57:28.265 [main] DEBUG s.d.s.p.bean.BeanModelProperty - Evaluating unwrapped getter for member getMt
2020-03-14 21:57:28.265 [main] DEBUG s.d.s.p.bean.BeanModelProperty - Evaluating unwrapped getter for member getMt
2020-03-14 21:57:28.265 [main] DEBUG s.d.s.p.OptimizedModelPropertiesProvider - Reading property st
2020-03-14 21:57:28.265 [main] DEBUG s.d.s.p.bean.BeanModelProperty - Evaluating unwrapped getter for member getSt
2020-03-14 21:57:28.265 [main] DEBUG s.d.s.p.ObjectMapperBeanPropertyNamingStrategy - Name 'st' renamed to 'st'
2020-03-14 21:57:28.265 [main] DEBUG s.d.s.p.OptimizedModelPropertiesProvider - Adding property st to model
2020-03-14 21:57:28.265 [main] DEBUG s.d.s.p.bean.BeanModelProperty - Evaluating unwrapped getter for member getSt
2020-03-14 21:57:28.265 [main] DEBUG s.d.s.p.bean.BeanModelProperty - Evaluating unwrapped getter for member getSt
2020-03-14 21:57:28.266 [main] DEBUG s.d.s.p.bean.BeanModelProperty - Evaluating unwrapped getter for member getSt
2020-03-14 21:57:28.266 [main] DEBUG s.d.s.p.bean.BeanModelProperty - Evaluating unwrapped getter for member getSt
2020-03-14 21:57:28.267 [main] DEBUG s.d.s.p.OptimizedModelPropertiesProvider - Reading property grade
2020-03-14 21:57:28.268 [main] DEBUG s.d.s.p.bean.BeanModelProperty - Evaluating unwrapped getter for member getGrade
2020-03-14 21:57:28.268 [main] DEBUG s.d.s.p.ObjectMapperBeanPropertyNamingStrategy - Name 'grade' renamed to 'grade'
2020-03-14 21:57:28.268 [main] DEBUG s.d.s.p.OptimizedModelPropertiesProvider - Adding property grade to model
2020-03-14 21:57:28.268 [main] DEBUG s.d.s.p.bean.BeanModelProperty - Evaluating unwrapped getter for member getGrade
2020-03-14 21:57:28.268 [main] DEBUG s.d.s.p.bean.BeanModelProperty - Evaluating unwrapped getter for member getGrade
2020-03-14 21:57:28.268 [main] DEBUG s.d.s.p.bean.BeanModelProperty - Evaluating unwrapped getter for member getGrade
2020-03-14 21:57:28.268 [main] DEBUG s.d.s.p.bean.BeanModelProperty - Evaluating unwrapped getter for member getGrade
2020-03-14 21:57:28.270 [main] DEBUG s.d.s.p.OptimizedModelPropertiesProvider - Reading property studymodel
2020-03-14 21:57:28.281 [main] DEBUG s.d.s.p.bean.BeanModelProperty - Evaluating unwrapped getter for member getStudymodel
2020-03-14 21:57:28.281 [main] DEBUG s.d.s.p.ObjectMapperBeanPropertyNamingStrategy - Name 'studymodel' renamed to 'studymodel'
2020-03-14 21:57:28.281 [main] DEBUG s.d.s.p.OptimizedModelPropertiesProvider - Adding property studymodel to model
2020-03-14 21:57:28.281 [main] DEBUG s.d.s.p.bean.BeanModelProperty - Evaluating unwrapped getter for member getStudymodel
2020-03-14 21:57:28.281 [main] DEBUG s.d.s.p.bean.BeanModelProperty - Evaluating unwrapped getter for member getStudymodel
2020-03-14 21:57:28.281 [main] DEBUG s.d.s.p.bean.BeanModelProperty - Evaluating unwrapped getter for member getStudymodel
2020-03-14 21:57:28.281 [main] DEBUG s.d.s.p.bean.BeanModelProperty - Evaluating unwrapped getter for member getStudymodel
2020-03-14 21:57:28.281 [main] DEBUG s.d.s.p.OptimizedModelPropertiesProvider - Reading property teachmode
2020-03-14 21:57:28.283 [main] DEBUG s.d.s.p.bean.BeanModelProperty - Evaluating unwrapped getter for member getTeachmode
2020-03-14 21:57:28.283 [main] DEBUG s.d.s.p.ObjectMapperBeanPropertyNamingStrategy - Name 'teachmode' renamed to 'teachmode'
2020-03-14 21:57:28.283 [main] DEBUG s.d.s.p.OptimizedModelPropertiesProvider - Adding property teachmode to model
2020-03-14 21:57:28.283 [main] DEBUG s.d.s.p.bean.BeanModelProperty - Evaluating unwrapped getter for member getTeachmode
2020-03-14 21:57:28.283 [main] DEBUG s.d.s.p.bean.BeanModelProperty - Evaluating unwrapped getter for member getTeachmode
2020-03-14 21:57:28.283 [main] DEBUG s.d.s.p.bean.BeanModelProperty - Evaluating unwrapped getter for member getTeachmode
2020-03-14 21:57:28.283 [main] DEBUG s.d.s.p.bean.BeanModelProperty - Evaluating unwrapped getter for member getTeachmode
2020-03-14 21:57:28.283 [main] DEBUG s.d.s.p.OptimizedModelPropertiesProvider - Reading property description
2020-03-14 21:57:28.283 [main] DEBUG s.d.s.p.bean.BeanModelProperty - Evaluating unwrapped getter for member getDescription
2020-03-14 21:57:28.284 [main] DEBUG s.d.s.p.ObjectMapperBeanPropertyNamingStrategy - Name 'description' renamed to 'description'
2020-03-14 21:57:28.284 [main] DEBUG s.d.s.p.OptimizedModelPropertiesProvider - Adding property description to model
2020-03-14 21:57:28.284 [main] DEBUG s.d.s.p.bean.BeanModelProperty - Evaluating unwrapped getter for member getDescription
2020-03-14 21:57:28.284 [main] DEBUG s.d.s.p.bean.BeanModelProperty - Evaluating unwrapped getter for member getDescription
2020-03-14 21:57:28.284 [main] DEBUG s.d.s.p.bean.BeanModelProperty - Evaluating unwrapped getter for member getDescription
2020-03-14 21:57:28.284 [main] DEBUG s.d.s.p.bean.BeanModelProperty - Evaluating unwrapped getter for member getDescription
2020-03-14 21:57:28.284 [main] DEBUG s.d.s.p.OptimizedModelPropertiesProvider - Reading property status
2020-03-14 21:57:28.284 [main] DEBUG s.d.s.p.bean.BeanModelProperty - Evaluating unwrapped getter for member getStatus
2020-03-14 21:57:28.285 [main] DEBUG s.d.s.p.ObjectMapperBeanPropertyNamingStrategy - Name 'status' renamed to 'status'
2020-03-14 21:57:28.285 [main] DEBUG s.d.s.p.OptimizedModelPropertiesProvider - Adding property status to model
2020-03-14 21:57:28.285 [main] DEBUG s.d.s.p.bean.BeanModelProperty - Evaluating unwrapped getter for member getStatus
2020-03-14 21:57:28.285 [main] DEBUG s.d.s.p.bean.BeanModelProperty - Evaluating unwrapped getter for member getStatus
2020-03-14 21:57:28.285 [main] DEBUG s.d.s.p.bean.BeanModelProperty - Evaluating unwrapped getter for member getStatus
2020-03-14 21:57:28.285 [main] DEBUG s.d.s.p.bean.BeanModelProperty - Evaluating unwrapped getter for member getStatus
2020-03-14 21:57:28.285 [main] DEBUG s.d.s.p.OptimizedModelPropertiesProvider - Reading property companyId
2020-03-14 21:57:28.286 [main] DEBUG s.d.s.p.bean.BeanModelProperty - Evaluating unwrapped getter for member getCompanyId
2020-03-14 21:57:28.286 [main] DEBUG s.d.s.p.ObjectMapperBeanPropertyNamingStrategy - Name 'companyId' renamed to 'companyId'
2020-03-14 21:57:28.286 [main] DEBUG s.d.s.p.OptimizedModelPropertiesProvider - Adding property companyId to model
2020-03-14 21:57:28.286 [main] DEBUG s.d.s.p.bean.BeanModelProperty - Evaluating unwrapped getter for member getCompanyId
2020-03-14 21:57:28.286 [main] DEBUG s.d.s.p.bean.BeanModelProperty - Evaluating unwrapped getter for member getCompanyId
2020-03-14 21:57:28.287 [main] DEBUG s.d.s.p.bean.BeanModelProperty - Evaluating unwrapped getter for member getCompanyId
2020-03-14 21:57:28.287 [main] DEBUG s.d.s.p.bean.BeanModelProperty - Evaluating unwrapped getter for member getCompanyId
2020-03-14 21:57:28.291 [main] DEBUG s.d.s.p.OptimizedModelPropertiesProvider - Reading property userId
2020-03-14 21:57:28.292 [main] DEBUG s.d.s.p.bean.BeanModelProperty - Evaluating unwrapped getter for member getUserId
2020-03-14 21:57:28.292 [main] DEBUG s.d.s.p.ObjectMapperBeanPropertyNamingStrategy - Name 'userId' renamed to 'userId'
2020-03-14 21:57:28.292 [main] DEBUG s.d.s.p.OptimizedModelPropertiesProvider - Adding property userId to model
2020-03-14 21:57:28.292 [main] DEBUG s.d.s.p.bean.BeanModelProperty - Evaluating unwrapped getter for member getUserId
2020-03-14 21:57:28.292 [main] DEBUG s.d.s.p.bean.BeanModelProperty - Evaluating unwrapped getter for member getUserId
2020-03-14 21:57:28.292 [main] DEBUG s.d.s.p.bean.BeanModelProperty - Evaluating unwrapped getter for member getUserId
2020-03-14 21:57:28.292 [main] DEBUG s.d.s.p.bean.BeanModelProperty - Evaluating unwrapped getter for member getUserId
2020-03-14 21:57:28.293 [main] DEBUG s.d.s.DefaultModelDependencyProvider - Adding type Lcom/ningmeng/framework/domain/course/CourseMarket; for parameter courseMarket
2020-03-14 21:57:28.293 [main] DEBUG s.d.s.DefaultModelDependencyProvider - Recursively resolving dependencies for type Lcom/ningmeng/framework/domain/course/CourseMarket;
2020-03-14 21:57:28.294 [main] DEBUG s.d.s.p.OptimizedModelPropertiesProvider - Reading property id
2020-03-14 21:57:28.295 [main] DEBUG s.d.s.p.bean.BeanModelProperty - Evaluating unwrapped getter for member getId
2020-03-14 21:57:28.295 [main] DEBUG s.d.s.p.ObjectMapperBeanPropertyNamingStrategy - Name 'id' renamed to 'id'
2020-03-14 21:57:28.295 [main] DEBUG s.d.s.p.OptimizedModelPropertiesProvider - Adding property id to model
2020-03-14 21:57:28.295 [main] DEBUG s.d.s.p.bean.BeanModelProperty - Evaluating unwrapped getter for member getId
2020-03-14 21:57:28.295 [main] DEBUG s.d.s.p.bean.BeanModelProperty - Evaluating unwrapped getter for member getId
2020-03-14 21:57:28.295 [main] DEBUG s.d.s.p.bean.BeanModelProperty - Evaluating unwrapped getter for member getId
2020-03-14 21:57:28.295 [main] DEBUG s.d.s.p.bean.BeanModelProperty - Evaluating unwrapped getter for member getId
2020-03-14 21:57:28.299 [main] DEBUG s.d.s.p.OptimizedModelPropertiesProvider - Reading property charge
2020-03-14 21:57:28.299 [main] DEBUG s.d.s.p.bean.BeanModelProperty - Evaluating unwrapped getter for member getCharge
2020-03-14 21:57:28.299 [main] DEBUG s.d.s.p.ObjectMapperBeanPropertyNamingStrategy - Name 'charge' renamed to 'charge'
2020-03-14 21:57:28.299 [main] DEBUG s.d.s.p.OptimizedModelPropertiesProvider - Adding property charge to model
2020-03-14 21:57:28.299 [main] DEBUG s.d.s.p.bean.BeanModelProperty - Evaluating unwrapped getter for member getCharge
2020-03-14 21:57:28.299 [main] DEBUG s.d.s.p.bean.BeanModelProperty - Evaluating unwrapped getter for member getCharge
2020-03-14 21:57:28.300 [main] DEBUG s.d.s.p.bean.BeanModelProperty - Evaluating unwrapped getter for member getCharge
2020-03-14 21:57:28.300 [main] DEBUG s.d.s.p.bean.BeanModelProperty - Evaluating unwrapped getter for member getCharge
2020-03-14 21:57:28.300 [main] DEBUG s.d.s.p.OptimizedModelPropertiesProvider - Reading property valid
2020-03-14 21:57:28.301 [main] DEBUG s.d.s.p.bean.BeanModelProperty - Evaluating unwrapped getter for member getValid
2020-03-14 21:57:28.301 [main] DEBUG s.d.s.p.ObjectMapperBeanPropertyNamingStrategy - Name 'valid' renamed to 'valid'
2020-03-14 21:57:28.301 [main] DEBUG s.d.s.p.OptimizedModelPropertiesProvider - Adding property valid to model
2020-03-14 21:57:28.301 [main] DEBUG s.d.s.p.bean.BeanModelProperty - Evaluating unwrapped getter for member getValid
2020-03-14 21:57:28.302 [main] DEBUG s.d.s.p.bean.BeanModelProperty - Evaluating unwrapped getter for member getValid
2020-03-14 21:57:28.302 [main] DEBUG s.d.s.p.bean.BeanModelProperty - Evaluating unwrapped getter for member getValid
2020-03-14 21:57:28.302 [main] DEBUG s.d.s.p.bean.BeanModelProperty - Evaluating unwrapped getter for member getValid
2020-03-14 21:57:28.303 [main] DEBUG s.d.s.p.OptimizedModelPropertiesProvider - Reading property qq
2020-03-14 21:57:28.303 [main] DEBUG s.d.s.p.bean.BeanModelProperty - Evaluating unwrapped getter for member getQq
2020-03-14 21:57:28.304 [main] DEBUG s.d.s.p.ObjectMapperBeanPropertyNamingStrategy - Name 'qq' renamed to 'qq'
2020-03-14 21:57:28.306 [main] DEBUG s.d.s.p.OptimizedModelPropertiesProvider - Adding property qq to model
2020-03-14 21:57:28.307 [main] DEBUG s.d.s.p.bean.BeanModelProperty - Evaluating unwrapped getter for member getQq
2020-03-14 21:57:28.307 [main] DEBUG s.d.s.p.bean.BeanModelProperty - Evaluating unwrapped getter for member getQq
2020-03-14 21:57:28.307 [main] DEBUG s.d.s.p.bean.BeanModelProperty - Evaluating unwrapped getter for member getQq
2020-03-14 21:57:28.307 [main] DEBUG s.d.s.p.bean.BeanModelProperty - Evaluating unwrapped getter for member getQq
2020-03-14 21:57:28.308 [main] DEBUG s.d.s.p.OptimizedModelPropertiesProvider - Reading property price
2020-03-14 21:57:28.308 [main] DEBUG s.d.s.p.bean.BeanModelProperty - Evaluating unwrapped getter for member getPrice
2020-03-14 21:57:28.308 [main] DEBUG s.d.s.p.ObjectMapperBeanPropertyNamingStrategy - Name 'price' renamed to 'price'
2020-03-14 21:57:28.308 [main] DEBUG s.d.s.p.OptimizedModelPropertiesProvider - Adding property price to model
2020-03-14 21:57:28.308 [main] DEBUG s.d.s.p.bean.BeanModelProperty - Evaluating unwrapped getter for member getPrice
2020-03-14 21:57:28.308 [main] DEBUG s.d.s.p.bean.BeanModelProperty - Evaluating unwrapped getter for member getPrice
2020-03-14 21:57:28.311 [main] DEBUG s.d.s.p.bean.BeanModelProperty - Evaluating unwrapped getter for member getPrice
2020-03-14 21:57:28.311 [main] DEBUG s.d.s.p.bean.BeanModelProperty - Evaluating unwrapped getter for member getPrice
2020-03-14 21:57:28.314 [main] DEBUG s.d.s.p.OptimizedModelPropertiesProvider - Reading property price_old
2020-03-14 21:57:28.316 [main] DEBUG s.d.s.p.bean.BeanModelProperty - Evaluating unwrapped getter for member getPrice_old
2020-03-14 21:57:28.316 [main] DEBUG s.d.s.p.ObjectMapperBeanPropertyNamingStrategy - Name 'price_old' renamed to 'price_old'
2020-03-14 21:57:28.316 [main] DEBUG s.d.s.p.OptimizedModelPropertiesProvider - Adding property price_old to model
2020-03-14 21:57:28.316 [main] DEBUG s.d.s.p.bean.BeanModelProperty - Evaluating unwrapped getter for member getPrice_old
2020-03-14 21:57:28.316 [main] DEBUG s.d.s.p.bean.BeanModelProperty - Evaluating unwrapped getter for member getPrice_old
2020-03-14 21:57:28.316 [main] DEBUG s.d.s.p.bean.BeanModelProperty - Evaluating unwrapped getter for member getPrice_old
2020-03-14 21:57:28.317 [main] DEBUG s.d.s.p.bean.BeanModelProperty - Evaluating unwrapped getter for member getPrice_old
2020-03-14 21:57:28.317 [main] DEBUG s.d.s.p.OptimizedModelPropertiesProvider - Reading property startTime
2020-03-14 21:57:28.318 [main] DEBUG s.d.s.p.bean.BeanModelProperty - Evaluating unwrapped getter for member getStartTime
2020-03-14 21:57:28.319 [main] DEBUG s.d.s.p.ObjectMapperBeanPropertyNamingStrategy - Name 'startTime' renamed to 'startTime'
2020-03-14 21:57:28.319 [main] DEBUG s.d.s.p.OptimizedModelPropertiesProvider - Adding property startTime to model
2020-03-14 21:57:28.319 [main] DEBUG s.d.s.p.bean.BeanModelProperty - Evaluating unwrapped getter for member getStartTime
2020-03-14 21:57:28.319 [main] DEBUG s.d.s.p.bean.BeanModelProperty - Evaluating unwrapped getter for member getStartTime
2020-03-14 21:57:28.319 [main] DEBUG s.d.s.p.bean.BeanModelProperty - Evaluating unwrapped getter for member getStartTime
2020-03-14 21:57:28.319 [main] DEBUG s.d.s.p.bean.BeanModelProperty - Evaluating unwrapped getter for member getStartTime
2020-03-14 21:57:28.319 [main] DEBUG s.d.s.p.OptimizedModelPropertiesProvider - Reading property endTime
2020-03-14 21:57:28.319 [main] DEBUG s.d.s.p.bean.BeanModelProperty - Evaluating unwrapped getter for member getEndTime
2020-03-14 21:57:28.319 [main] DEBUG s.d.s.p.ObjectMapperBeanPropertyNamingStrategy - Name 'endTime' renamed to 'endTime'
2020-03-14 21:57:28.319 [main] DEBUG s.d.s.p.OptimizedModelPropertiesProvider - Adding property endTime to model
2020-03-14 21:57:28.319 [main] DEBUG s.d.s.p.bean.BeanModelProperty - Evaluating unwrapped getter for member getEndTime
2020-03-14 21:57:28.319 [main] DEBUG s.d.s.p.bean.BeanModelProperty - Evaluating unwrapped getter for member getEndTime
2020-03-14 21:57:28.319 [main] DEBUG s.d.s.p.bean.BeanModelProperty - Evaluating unwrapped getter for member getEndTime
2020-03-14 21:57:28.319 [main] DEBUG s.d.s.p.bean.BeanModelProperty - Evaluating unwrapped getter for member getEndTime
2020-03-14 21:57:28.320 [main] DEBUG s.d.s.DefaultModelDependencyProvider - Adding type Lcom/ningmeng/framework/domain/course/CoursePic; for parameter coursePic
2020-03-14 21:57:28.320 [main] DEBUG s.d.s.DefaultModelDependencyProvider - Recursively resolving dependencies for type Lcom/ningmeng/framework/domain/course/CoursePic;
2020-03-14 21:57:28.323 [main] DEBUG s.d.s.p.OptimizedModelPropertiesProvider - Reading property courseid
2020-03-14 21:57:28.324 [main] DEBUG s.d.s.p.bean.BeanModelProperty - Evaluating unwrapped getter for member getCourseid
2020-03-14 21:57:28.324 [main] DEBUG s.d.s.p.ObjectMapperBeanPropertyNamingStrategy - Name 'courseid' renamed to 'courseid'
2020-03-14 21:57:28.324 [main] DEBUG s.d.s.p.OptimizedModelPropertiesProvider - Adding property courseid to model
2020-03-14 21:57:28.324 [main] DEBUG s.d.s.p.bean.BeanModelProperty - Evaluating unwrapped getter for member getCourseid
2020-03-14 21:57:28.324 [main] DEBUG s.d.s.p.bean.BeanModelProperty - Evaluating unwrapped getter for member getCourseid
2020-03-14 21:57:28.324 [main] DEBUG s.d.s.p.bean.BeanModelProperty - Evaluating unwrapped getter for member getCourseid
2020-03-14 21:57:28.324 [main] DEBUG s.d.s.p.bean.BeanModelProperty - Evaluating unwrapped getter for member getCourseid
2020-03-14 21:57:28.324 [main] DEBUG s.d.s.p.OptimizedModelPropertiesProvider - Reading property pic
2020-03-14 21:57:28.325 [main] DEBUG s.d.s.p.bean.BeanModelProperty - Evaluating unwrapped getter for member getPic
2020-03-14 21:57:28.325 [main] DEBUG s.d.s.p.ObjectMapperBeanPropertyNamingStrategy - Name 'pic' renamed to 'pic'
2020-03-14 21:57:28.325 [main] DEBUG s.d.s.p.OptimizedModelPropertiesProvider - Adding property pic to model
2020-03-14 21:57:28.325 [main] DEBUG s.d.s.p.bean.BeanModelProperty - Evaluating unwrapped getter for member getPic
2020-03-14 21:57:28.325 [main] DEBUG s.d.s.p.bean.BeanModelProperty - Evaluating unwrapped getter for member getPic
2020-03-14 21:57:28.325 [main] DEBUG s.d.s.p.bean.BeanModelProperty - Evaluating unwrapped getter for member getPic
2020-03-14 21:57:28.325 [main] DEBUG s.d.s.p.bean.BeanModelProperty - Evaluating unwrapped getter for member getPic
2020-03-14 21:57:28.325 [main] DEBUG s.d.s.DefaultModelDependencyProvider - Adding type Lcom/ningmeng/framework/domain/course/ext/TeachplanNode; for parameter teachplanNode
2020-03-14 21:57:28.325 [main] DEBUG s.d.s.DefaultModelDependencyProvider - Recursively resolving dependencies for type Lcom/ningmeng/framework/domain/course/ext/TeachplanNode;
2020-03-14 21:57:28.329 [main] DEBUG s.d.s.p.OptimizedModelPropertiesProvider - Reading property id
2020-03-14 21:57:28.329 [main] DEBUG s.d.s.p.bean.BeanModelProperty - Evaluating unwrapped getter for member getId
2020-03-14 21:57:28.329 [main] DEBUG s.d.s.p.ObjectMapperBeanPropertyNamingStrategy - Name 'id' renamed to 'id'
2020-03-14 21:57:28.329 [main] DEBUG s.d.s.p.OptimizedModelPropertiesProvider - Adding property id to model
2020-03-14 21:57:28.329 [main] DEBUG s.d.s.p.bean.BeanModelProperty - Evaluating unwrapped getter for member getId
2020-03-14 21:57:28.329 [main] DEBUG s.d.s.p.bean.BeanModelProperty - Evaluating unwrapped getter for member getId
2020-03-14 21:57:28.330 [main] DEBUG s.d.s.p.bean.BeanModelProperty - Evaluating unwrapped getter for member getId
2020-03-14 21:57:28.330 [main] DEBUG s.d.s.p.bean.BeanModelProperty - Evaluating unwrapped getter for member getId
2020-03-14 21:57:28.330 [main] DEBUG s.d.s.p.OptimizedModelPropertiesProvider - Reading property pname
2020-03-14 21:57:28.330 [main] DEBUG s.d.s.p.bean.BeanModelProperty - Evaluating unwrapped getter for member getPname
2020-03-14 21:57:28.330 [main] DEBUG s.d.s.p.ObjectMapperBeanPropertyNamingStrategy - Name 'pname' renamed to 'pname'
2020-03-14 21:57:28.330 [main] DEBUG s.d.s.p.OptimizedModelPropertiesProvider - Adding property pname to model
2020-03-14 21:57:28.330 [main] DEBUG s.d.s.p.bean.BeanModelProperty - Evaluating unwrapped getter for member getPname
2020-03-14 21:57:28.330 [main] DEBUG s.d.s.p.bean.BeanModelProperty - Evaluating unwrapped getter for member getPname
2020-03-14 21:57:28.330 [main] DEBUG s.d.s.p.bean.BeanModelProperty - Evaluating unwrapped getter for member getPname
2020-03-14 21:57:28.330 [main] DEBUG s.d.s.p.bean.BeanModelProperty - Evaluating unwrapped getter for member getPname
2020-03-14 21:57:28.331 [main] DEBUG s.d.s.p.OptimizedModelPropertiesProvider - Reading property parentid
2020-03-14 21:57:28.331 [main] DEBUG s.d.s.p.bean.BeanModelProperty - Evaluating unwrapped getter for member getParentid
2020-03-14 21:57:28.331 [main] DEBUG s.d.s.p.ObjectMapperBeanPropertyNamingStrategy - Name 'parentid' renamed to 'parentid'
2020-03-14 21:57:28.331 [main] DEBUG s.d.s.p.OptimizedModelPropertiesProvider - Adding property parentid to model
2020-03-14 21:57:28.331 [main] DEBUG s.d.s.p.bean.BeanModelProperty - Evaluating unwrapped getter for member getParentid
2020-03-14 21:57:28.331 [main] DEBUG s.d.s.p.bean.BeanModelProperty - Evaluating unwrapped getter for member getParentid
2020-03-14 21:57:28.331 [main] DEBUG s.d.s.p.bean.BeanModelProperty - Evaluating unwrapped getter for member getParentid
2020-03-14 21:57:28.331 [main] DEBUG s.d.s.p.bean.BeanModelProperty - Evaluating unwrapped getter for member getParentid
2020-03-14 21:57:28.331 [main] DEBUG s.d.s.p.OptimizedModelPropertiesProvider - Reading property grade
2020-03-14 21:57:28.332 [main] DEBUG s.d.s.p.bean.BeanModelProperty - Evaluating unwrapped getter for member getGrade
2020-03-14 21:57:28.332 [main] DEBUG s.d.s.p.ObjectMapperBeanPropertyNamingStrategy - Name 'grade' renamed to 'grade'
2020-03-14 21:57:28.332 [main] DEBUG s.d.s.p.OptimizedModelPropertiesProvider - Adding property grade to model
2020-03-14 21:57:28.332 [main] DEBUG s.d.s.p.bean.BeanModelProperty - Evaluating unwrapped getter for member getGrade
2020-03-14 21:57:28.332 [main] DEBUG s.d.s.p.bean.BeanModelProperty - Evaluating unwrapped getter for member getGrade
2020-03-14 21:57:28.332 [main] DEBUG s.d.s.p.bean.BeanModelProperty - Evaluating unwrapped getter for member getGrade
2020-03-14 21:57:28.332 [main] DEBUG s.d.s.p.bean.BeanModelProperty - Evaluating unwrapped getter for member getGrade
2020-03-14 21:57:28.332 [main] DEBUG s.d.s.p.OptimizedModelPropertiesProvider - Reading property ptype
2020-03-14 21:57:28.333 [main] DEBUG s.d.s.p.bean.BeanModelProperty - Evaluating unwrapped getter for member getPtype
2020-03-14 21:57:28.333 [main] DEBUG s.d.s.p.ObjectMapperBeanPropertyNamingStrategy - Name 'ptype' renamed to 'ptype'
2020-03-14 21:57:28.333 [main] DEBUG s.d.s.p.OptimizedModelPropertiesProvider - Adding property ptype to model
2020-03-14 21:57:28.333 [main] DEBUG s.d.s.p.bean.BeanModelProperty - Evaluating unwrapped getter for member getPtype
2020-03-14 21:57:28.333 [main] DEBUG s.d.s.p.bean.BeanModelProperty - Evaluating unwrapped getter for member getPtype
2020-03-14 21:57:28.333 [main] DEBUG s.d.s.p.bean.BeanModelProperty - Evaluating unwrapped getter for member getPtype
2020-03-14 21:57:28.333 [main] DEBUG s.d.s.p.bean.BeanModelProperty - Evaluating unwrapped getter for member getPtype
2020-03-14 21:57:28.333 [main] DEBUG s.d.s.p.OptimizedModelPropertiesProvider - Reading property description
2020-03-14 21:57:28.333 [main] DEBUG s.d.s.p.bean.BeanModelProperty - Evaluating unwrapped getter for member getDescription
2020-03-14 21:57:28.333 [main] DEBUG s.d.s.p.ObjectMapperBeanPropertyNamingStrategy - Name 'description' renamed to 'description'
2020-03-14 21:57:28.333 [main] DEBUG s.d.s.p.OptimizedModelPropertiesProvider - Adding property description to model
2020-03-14 21:57:28.333 [main] DEBUG s.d.s.p.bean.BeanModelProperty - Evaluating unwrapped getter for member getDescription
2020-03-14 21:57:28.333 [main] DEBUG s.d.s.p.bean.BeanModelProperty - Evaluating unwrapped getter for member getDescription
2020-03-14 21:57:28.333 [main] DEBUG s.d.s.p.bean.BeanModelProperty - Evaluating unwrapped getter for member getDescription
2020-03-14 21:57:28.333 [main] DEBUG s.d.s.p.bean.BeanModelProperty - Evaluating unwrapped getter for member getDescription
2020-03-14 21:57:28.334 [main] DEBUG s.d.s.p.OptimizedModelPropertiesProvider - Reading property courseid
2020-03-14 21:57:28.334 [main] DEBUG s.d.s.p.bean.BeanModelProperty - Evaluating unwrapped getter for member getCourseid
2020-03-14 21:57:28.334 [main] DEBUG s.d.s.p.ObjectMapperBeanPropertyNamingStrategy - Name 'courseid' renamed to 'courseid'
2020-03-14 21:57:28.334 [main] DEBUG s.d.s.p.OptimizedModelPropertiesProvider - Adding property courseid to model
2020-03-14 21:57:28.334 [main] DEBUG s.d.s.p.bean.BeanModelProperty - Evaluating unwrapped getter for member getCourseid
2020-03-14 21:57:28.334 [main] DEBUG s.d.s.p.bean.BeanModelProperty - Evaluating unwrapped getter for member getCourseid
2020-03-14 21:57:28.334 [main] DEBUG s.d.s.p.bean.BeanModelProperty - Evaluating unwrapped getter for member getCourseid
2020-03-14 21:57:28.334 [main] DEBUG s.d.s.p.bean.BeanModelProperty - Evaluating unwrapped getter for member getCourseid
2020-03-14 21:57:28.334 [main] DEBUG s.d.s.p.OptimizedModelPropertiesProvider - Reading property status
2020-03-14 21:57:28.334 [main] DEBUG s.d.s.p.bean.BeanModelProperty - Evaluating unwrapped getter for member getStatus
2020-03-14 21:57:28.334 [main] DEBUG s.d.s.p.ObjectMapperBeanPropertyNamingStrategy - Name 'status' renamed to 'status'
2020-03-14 21:57:28.334 [main] DEBUG s.d.s.p.OptimizedModelPropertiesProvider - Adding property status to model
2020-03-14 21:57:28.334 [main] DEBUG s.d.s.p.bean.BeanModelProperty - Evaluating unwrapped getter for member getStatus
2020-03-14 21:57:28.334 [main] DEBUG s.d.s.p.bean.BeanModelProperty - Evaluating unwrapped getter for member getStatus
2020-03-14 21:57:28.334 [main] DEBUG s.d.s.p.bean.BeanModelProperty - Evaluating unwrapped getter for member getStatus
2020-03-14 21:57:28.335 [main] DEBUG s.d.s.p.bean.BeanModelProperty - Evaluating unwrapped getter for member getStatus
2020-03-14 21:57:28.335 [main] DEBUG s.d.s.p.OptimizedModelPropertiesProvider - Reading property orderby
2020-03-14 21:57:28.335 [main] DEBUG s.d.s.p.bean.BeanModelProperty - Evaluating unwrapped getter for member getOrderby
2020-03-14 21:57:28.335 [main] DEBUG s.d.s.p.ObjectMapperBeanPropertyNamingStrategy - Name 'orderby' renamed to 'orderby'
2020-03-14 21:57:28.335 [main] DEBUG s.d.s.p.OptimizedModelPropertiesProvider - Adding property orderby to model
2020-03-14 21:57:28.335 [main] DEBUG s.d.s.p.bean.BeanModelProperty - Evaluating unwrapped getter for member getOrderby
2020-03-14 21:57:28.335 [main] DEBUG s.d.s.p.bean.BeanModelProperty - Evaluating unwrapped getter for member getOrderby
2020-03-14 21:57:28.335 [main] DEBUG s.d.s.p.bean.BeanModelProperty - Evaluating unwrapped getter for member getOrderby
2020-03-14 21:57:28.335 [main] DEBUG s.d.s.p.bean.BeanModelProperty - Evaluating unwrapped getter for member getOrderby
2020-03-14 21:57:28.335 [main] DEBUG s.d.s.p.OptimizedModelPropertiesProvider - Reading property timelength
2020-03-14 21:57:28.336 [main] DEBUG s.d.s.p.bean.BeanModelProperty - Evaluating unwrapped getter for member getTimelength
2020-03-14 21:57:28.336 [main] DEBUG s.d.s.p.ObjectMapperBeanPropertyNamingStrategy - Name 'timelength' renamed to 'timelength'
2020-03-14 21:57:28.336 [main] DEBUG s.d.s.p.OptimizedModelPropertiesProvider - Adding property timelength to model
2020-03-14 21:57:28.336 [main] DEBUG s.d.s.p.bean.BeanModelProperty - Evaluating unwrapped getter for member getTimelength
2020-03-14 21:57:28.336 [main] DEBUG s.d.s.p.bean.BeanModelProperty - Evaluating unwrapped getter for member getTimelength
2020-03-14 21:57:28.336 [main] DEBUG s.d.s.p.bean.BeanModelProperty - Evaluating unwrapped getter for member getTimelength
2020-03-14 21:57:28.336 [main] DEBUG s.d.s.p.bean.BeanModelProperty - Evaluating unwrapped getter for member getTimelength
2020-03-14 21:57:28.336 [main] DEBUG s.d.s.p.OptimizedModelPropertiesProvider - Reading property trylearn
2020-03-14 21:57:28.336 [main] DEBUG s.d.s.p.bean.BeanModelProperty - Evaluating unwrapped getter for member getTrylearn
2020-03-14 21:57:28.336 [main] DEBUG s.d.s.p.ObjectMapperBeanPropertyNamingStrategy - Name 'trylearn' renamed to 'trylearn'
2020-03-14 21:57:28.336 [main] DEBUG s.d.s.p.OptimizedModelPropertiesProvider - Adding property trylearn to model
2020-03-14 21:57:28.336 [main] DEBUG s.d.s.p.bean.BeanModelProperty - Evaluating unwrapped getter for member getTrylearn
2020-03-14 21:57:28.336 [main] DEBUG s.d.s.p.bean.BeanModelProperty - Evaluating unwrapped getter for member getTrylearn
2020-03-14 21:57:28.336 [main] DEBUG s.d.s.p.bean.BeanModelProperty - Evaluating unwrapped getter for member getTrylearn
2020-03-14 21:57:28.337 [main] DEBUG s.d.s.p.bean.BeanModelProperty - Evaluating unwrapped getter for member getTrylearn
2020-03-14 21:57:28.337 [main] DEBUG s.d.s.p.OptimizedModelPropertiesProvider - Reading property children
2020-03-14 21:57:28.337 [main] DEBUG s.d.s.p.bean.BeanModelProperty - Evaluating unwrapped getter for member getChildren
2020-03-14 21:57:28.337 [main] DEBUG s.d.s.p.ObjectMapperBeanPropertyNamingStrategy - Name 'children' renamed to 'children'
2020-03-14 21:57:28.337 [main] DEBUG s.d.s.p.OptimizedModelPropertiesProvider - Adding property children to model
2020-03-14 21:57:28.337 [main] DEBUG s.d.s.p.bean.BeanModelProperty - Evaluating unwrapped getter for member getChildren
2020-03-14 21:57:28.337 [main] DEBUG s.d.s.p.bean.BeanModelProperty - Evaluating unwrapped getter for member getChildren
2020-03-14 21:57:28.337 [main] DEBUG s.d.s.p.bean.BeanModelProperty - Evaluating unwrapped getter for member getChildren
2020-03-14 21:57:28.337 [main] DEBUG s.d.s.p.bean.BeanModelProperty - Evaluating unwrapped getter for member getChildren
2020-03-14 21:57:28.338 [main] DEBUG s.d.s.p.OptimizedModelPropertiesProvider - Reading property mediaId
2020-03-14 21:57:28.338 [main] DEBUG s.d.s.p.bean.BeanModelProperty - Evaluating unwrapped getter for member getMediaId
2020-03-14 21:57:28.338 [main] DEBUG s.d.s.p.ObjectMapperBeanPropertyNamingStrategy - Name 'mediaId' renamed to 'mediaId'
2020-03-14 21:57:28.338 [main] DEBUG s.d.s.p.OptimizedModelPropertiesProvider - Adding property mediaId to model
2020-03-14 21:57:28.338 [main] DEBUG s.d.s.p.bean.BeanModelProperty - Evaluating unwrapped getter for member getMediaId
2020-03-14 21:57:28.338 [main] DEBUG s.d.s.p.bean.BeanModelProperty - Evaluating unwrapped getter for member getMediaId
2020-03-14 21:57:28.338 [main] DEBUG s.d.s.p.bean.BeanModelProperty - Evaluating unwrapped getter for member getMediaId
2020-03-14 21:57:28.338 [main] DEBUG s.d.s.p.bean.BeanModelProperty - Evaluating unwrapped getter for member getMediaId
2020-03-14 21:57:28.338 [main] DEBUG s.d.s.p.OptimizedModelPropertiesProvider - Reading property mediaFileOriginalName
2020-03-14 21:57:28.339 [main] DEBUG s.d.s.p.bean.BeanModelProperty - Evaluating unwrapped getter for member getMediaFileOriginalName
2020-03-14 21:57:28.339 [main] DEBUG s.d.s.p.ObjectMapperBeanPropertyNamingStrategy - Name 'mediaFileOriginalName' renamed to 'mediaFileOriginalName'
2020-03-14 21:57:28.339 [main] DEBUG s.d.s.p.OptimizedModelPropertiesProvider - Adding property mediaFileOriginalName to model
2020-03-14 21:57:28.339 [main] DEBUG s.d.s.p.bean.BeanModelProperty - Evaluating unwrapped getter for member getMediaFileOriginalName
2020-03-14 21:57:28.339 [main] DEBUG s.d.s.p.bean.BeanModelProperty - Evaluating unwrapped getter for member getMediaFileOriginalName
2020-03-14 21:57:28.339 [main] DEBUG s.d.s.p.bean.BeanModelProperty - Evaluating unwrapped getter for member getMediaFileOriginalName
2020-03-14 21:57:28.339 [main] DEBUG s.d.s.p.bean.BeanModelProperty - Evaluating unwrapped getter for member getMediaFileOriginalName
2020-03-14 21:57:28.339 [main] DEBUG s.d.s.DefaultModelDependencyProvider - Adding type Ljava/util/List<Lcom/ningmeng/framework/domain/course/ext/TeachplanNode;>; for parameter children
2020-03-14 21:57:28.340 [main] DEBUG s.d.s.DefaultModelDependencyProvider - Adding collectionElement type Lcom/ningmeng/framework/domain/course/ext/TeachplanNode;
2020-03-14 21:57:28.340 [main] DEBUG s.d.s.DefaultModelDependencyProvider - Recursively resolving dependencies for collectionElement type Lcom/ningmeng/framework/domain/course/ext/TeachplanNode;
2020-03-14 21:57:28.343 [main] DEBUG s.d.schema.DefaultModelProvider - Inferred 12 properties. Properties found companyId, description, grade, id, mt, name, st, status, studymodel, teachmode, userId, users
2020-03-14 21:57:28.343 [main] DEBUG s.d.schema.DefaultModelProvider - Inferred 8 properties. Properties found charge, endTime, id, price, price_old, qq, startTime, valid
2020-03-14 21:57:28.343 [main] DEBUG s.d.schema.DefaultModelProvider - Inferred 2 properties. Properties found courseid, pic
2020-03-14 21:57:28.344 [main] DEBUG s.d.schema.DefaultModelProvider - Inferred 14 properties. Properties found children, courseid, description, grade, id, mediaFileOriginalName, mediaId, orderby, parentid, pname, ptype, status, timelength, trylearn
2020-03-14 21:57:28.344 [main] DEBUG s.d.schema.DefaultModelProvider - Skipping model of type Ljava/util/List<Lcom/ningmeng/framework/domain/course/ext/TeachplanNode;>; as its either a container type, map, enum or base type, or its already been handled
2020-03-14 21:57:28.344 [main] DEBUG s.d.s.web.scanners.ApiModelReader - Adding a new model with key CourseMarket
2020-03-14 21:57:28.344 [main] DEBUG s.d.s.web.scanners.ApiModelReader - Adding a new model with key TeachplanNode
2020-03-14 21:57:28.344 [main] DEBUG s.d.s.web.scanners.ApiModelReader - Adding a new model with key CoursePic
2020-03-14 21:57:28.348 [main] DEBUG s.d.s.w.r.o.OperationResponseClassReader - Setting spring response class to: CourseView
2020-03-14 21:57:28.350 [main] DEBUG s.d.s.r.o.OperationAuthReader - Authorization count 0 for method courseview
2020-03-14 21:57:28.352 [main] DEBUG s.d.s.r.o.SwaggerOperationResponseClassReader - Setting response class to:CourseView
2020-03-14 21:57:28.356 [main] DEBUG s.d.s.r.o.VendorExtensionsReader - Extension count 1 for method courseview
2020-03-14 21:57:28.357 [main] DEBUG s.d.s.w.r.o.OperationModelsProvider - Adding return parameter of type Lcom/ningmeng/framework/model/response/ResponseResult;
2020-03-14 21:57:28.358 [main] DEBUG s.d.s.w.r.o.OperationModelsProvider - Reading parameters models for handlerMethod |deleteCoursePic|
2020-03-14 21:57:28.358 [main] DEBUG s.d.s.w.r.o.OperationModelsProvider - Finished reading parameters models for handlerMethod |deleteCoursePic|
2020-03-14 21:57:28.360 [main] DEBUG s.d.s.r.o.SwaggerOperationModelsProvider - Reading parameters models for handlerMethod |deleteCoursePic|
2020-03-14 21:57:28.360 [main] DEBUG s.d.s.web.scanners.ApiModelReader - Generated parameter model id: ResponseResult, name: ResponseResult, schema: {} models
2020-03-14 21:57:28.366 [main] DEBUG s.d.s.w.r.o.OperationResponseClassReader - Setting spring response class to: ResponseResult
2020-03-14 21:57:28.367 [main] DEBUG s.d.s.r.o.OperationAuthReader - Authorization count 0 for method deleteCoursePic
2020-03-14 21:57:28.368 [main] DEBUG s.d.s.r.o.SwaggerOperationResponseClassReader - Setting response class to:ResponseResult
2020-03-14 21:57:28.377 [main] DEBUG s.d.s.r.o.VendorExtensionsReader - Extension count 1 for method deleteCoursePic
2020-03-14 21:57:28.382 [main] DEBUG s.d.s.w.r.o.OperationModelsProvider - Adding return parameter of type Lcom/ningmeng/framework/model/response/QueryResponseResult;
2020-03-14 21:57:28.383 [main] DEBUG s.d.s.w.r.o.OperationModelsProvider - Reading parameters models for handlerMethod |findCourseList|
2020-03-14 21:57:28.391 [main] DEBUG s.d.s.w.r.o.OperationModelsProvider - Finished reading parameters models for handlerMethod |findCourseList|
2020-03-14 21:57:28.406 [main] DEBUG s.d.s.r.o.SwaggerOperationModelsProvider - Reading parameters models for handlerMethod |findCourseList|
2020-03-14 21:57:28.410 [main] DEBUG s.d.s.p.OptimizedModelPropertiesProvider - Reading property success
2020-03-14 21:57:28.410 [main] DEBUG s.d.s.p.bean.BeanModelProperty - Evaluating unwrapped getter for member isSuccess
2020-03-14 21:57:28.410 [main] DEBUG s.d.s.p.ObjectMapperBeanPropertyNamingStrategy - Name 'success' renamed to 'success'
2020-03-14 21:57:28.410 [main] DEBUG s.d.s.p.OptimizedModelPropertiesProvider - Adding property success to model
2020-03-14 21:57:28.410 [main] DEBUG s.d.s.p.bean.BeanModelProperty - Evaluating unwrapped getter for member isSuccess
2020-03-14 21:57:28.411 [main] DEBUG s.d.s.p.bean.BeanModelProperty - Evaluating unwrapped getter for member isSuccess
2020-03-14 21:57:28.411 [main] DEBUG s.d.s.p.bean.BeanModelProperty - Evaluating unwrapped getter for member isSuccess
2020-03-14 21:57:28.411 [main] DEBUG s.d.s.p.bean.BeanModelProperty - Evaluating unwrapped getter for member isSuccess
2020-03-14 21:57:28.411 [main] DEBUG s.d.s.p.OptimizedModelPropertiesProvider - Reading property code
2020-03-14 21:57:28.411 [main] DEBUG s.d.s.p.bean.BeanModelProperty - Evaluating unwrapped getter for member getCode
2020-03-14 21:57:28.411 [main] DEBUG s.d.s.p.ObjectMapperBeanPropertyNamingStrategy - Name 'code' renamed to 'code'
2020-03-14 21:57:28.411 [main] DEBUG s.d.s.p.OptimizedModelPropertiesProvider - Adding property code to model
2020-03-14 21:57:28.411 [main] DEBUG s.d.s.p.bean.BeanModelProperty - Evaluating unwrapped getter for member getCode
2020-03-14 21:57:28.411 [main] DEBUG s.d.s.p.bean.BeanModelProperty - Evaluating unwrapped getter for member getCode
2020-03-14 21:57:28.411 [main] DEBUG s.d.s.p.bean.BeanModelProperty - Evaluating unwrapped getter for member getCode
2020-03-14 21:57:28.411 [main] DEBUG s.d.s.p.bean.BeanModelProperty - Evaluating unwrapped getter for member getCode
2020-03-14 21:57:28.411 [main] DEBUG s.d.s.p.OptimizedModelPropertiesProvider - Reading property message
2020-03-14 21:57:28.411 [main] DEBUG s.d.s.p.bean.BeanModelProperty - Evaluating unwrapped getter for member getMessage
2020-03-14 21:57:28.411 [main] DEBUG s.d.s.p.ObjectMapperBeanPropertyNamingStrategy - Name 'message' renamed to 'message'
2020-03-14 21:57:28.411 [main] DEBUG s.d.s.p.OptimizedModelPropertiesProvider - Adding property message to model
2020-03-14 21:57:28.412 [main] DEBUG s.d.s.p.bean.BeanModelProperty - Evaluating unwrapped getter for member getMessage
2020-03-14 21:57:28.412 [main] DEBUG s.d.s.p.bean.BeanModelProperty - Evaluating unwrapped getter for member getMessage
2020-03-14 21:57:28.412 [main] DEBUG s.d.s.p.bean.BeanModelProperty - Evaluating unwrapped getter for member getMessage
2020-03-14 21:57:28.412 [main] DEBUG s.d.s.p.bean.BeanModelProperty - Evaluating unwrapped getter for member getMessage
2020-03-14 21:57:28.412 [main] DEBUG s.d.s.p.OptimizedModelPropertiesProvider - Reading property queryResult
2020-03-14 21:57:28.412 [main] DEBUG s.d.s.p.bean.BeanModelProperty - Evaluating unwrapped getter for member getQueryResult
2020-03-14 21:57:28.412 [main] DEBUG s.d.s.p.ObjectMapperBeanPropertyNamingStrategy - Name 'queryResult' renamed to 'queryResult'
2020-03-14 21:57:28.412 [main] DEBUG s.d.s.p.OptimizedModelPropertiesProvider - Adding property queryResult to model
2020-03-14 21:57:28.412 [main] DEBUG s.d.s.p.bean.BeanModelProperty - Evaluating unwrapped getter for member getQueryResult
2020-03-14 21:57:28.412 [main] DEBUG s.d.s.p.bean.BeanModelProperty - Evaluating unwrapped getter for member getQueryResult
2020-03-14 21:57:28.412 [main] DEBUG s.d.s.p.bean.BeanModelProperty - Evaluating unwrapped getter for member getQueryResult
2020-03-14 21:57:28.412 [main] DEBUG s.d.s.p.bean.BeanModelProperty - Evaluating unwrapped getter for member getQueryResult
2020-03-14 21:57:28.413 [main] DEBUG s.d.schema.DefaultModelProvider - Inferred 4 properties. Properties found code, message, queryResult, success
2020-03-14 21:57:28.413 [main] DEBUG s.d.s.web.scanners.ApiModelReader - Generated parameter model id: QueryResponseResult, name: QueryResponseResult, schema: {} models
2020-03-14 21:57:28.413 [main] DEBUG s.d.s.web.scanners.ApiModelReader - Adding a new model with key QueryResponseResult
2020-03-14 21:57:28.413 [main] DEBUG s.d.s.DefaultModelDependencyProvider - Adding type Lcom/ningmeng/framework/model/response/QueryResult; for parameter queryResult
2020-03-14 21:57:28.413 [main] DEBUG s.d.s.DefaultModelDependencyProvider - Recursively resolving dependencies for type Lcom/ningmeng/framework/model/response/QueryResult;
2020-03-14 21:57:28.414 [main] DEBUG s.d.s.p.OptimizedModelPropertiesProvider - Reading property list
2020-03-14 21:57:28.414 [main] DEBUG s.d.s.p.bean.BeanModelProperty - Evaluating unwrapped getter for member getList
2020-03-14 21:57:28.414 [main] DEBUG s.d.s.p.ObjectMapperBeanPropertyNamingStrategy - Name 'list' renamed to 'list'
2020-03-14 21:57:28.414 [main] DEBUG s.d.s.p.OptimizedModelPropertiesProvider - Adding property list to model
2020-03-14 21:57:28.415 [main] DEBUG s.d.s.p.bean.BeanModelProperty - Evaluating unwrapped getter for member getList
2020-03-14 21:57:28.415 [main] DEBUG s.d.s.p.bean.BeanModelProperty - Evaluating unwrapped getter for member getList
2020-03-14 21:57:28.415 [main] DEBUG s.d.s.p.bean.BeanModelProperty - Evaluating unwrapped getter for member getList
2020-03-14 21:57:28.415 [main] DEBUG s.d.s.p.bean.BeanModelProperty - Evaluating unwrapped getter for member getList
2020-03-14 21:57:28.415 [main] DEBUG s.d.s.p.OptimizedModelPropertiesProvider - Reading property total
2020-03-14 21:57:28.415 [main] DEBUG s.d.s.p.bean.BeanModelProperty - Evaluating unwrapped getter for member getTotal
2020-03-14 21:57:28.415 [main] DEBUG s.d.s.p.ObjectMapperBeanPropertyNamingStrategy - Name 'total' renamed to 'total'
2020-03-14 21:57:28.415 [main] DEBUG s.d.s.p.OptimizedModelPropertiesProvider - Adding property total to model
2020-03-14 21:57:28.415 [main] DEBUG s.d.s.p.bean.BeanModelProperty - Evaluating unwrapped getter for member getTotal
2020-03-14 21:57:28.415 [main] DEBUG s.d.s.p.bean.BeanModelProperty - Evaluating unwrapped getter for member getTotal
2020-03-14 21:57:28.415 [main] DEBUG s.d.s.p.bean.BeanModelProperty - Evaluating unwrapped getter for member getTotal
2020-03-14 21:57:28.415 [main] DEBUG s.d.s.p.bean.BeanModelProperty - Evaluating unwrapped getter for member getTotal
2020-03-14 21:57:28.416 [main] DEBUG s.d.s.DefaultModelDependencyProvider - Adding type Ljava/util/List<Ljava/lang/Object;>; for parameter list
2020-03-14 21:57:28.417 [main] DEBUG s.d.s.DefaultModelDependencyProvider - Recursively resolving dependencies for collectionElement type Ljava/lang/Object;
2020-03-14 21:57:28.417 [main] DEBUG s.d.s.DefaultModelDependencyProvider - Marking base type Ljava/lang/Object; as seen
2020-03-14 21:57:28.419 [main] DEBUG s.d.schema.DefaultModelProvider - Inferred 2 properties. Properties found list, total
2020-03-14 21:57:28.419 [main] DEBUG s.d.schema.DefaultModelProvider - Skipping model of type Ljava/util/List<Ljava/lang/Object;>; as its either a container type, map, enum or base type, or its already been handled
2020-03-14 21:57:28.419 [main] DEBUG s.d.s.web.scanners.ApiModelReader - Adding a new model with key QueryResult
2020-03-14 21:57:28.432 [main] DEBUG s.d.s.w.r.p.ModelAttributeParameterExpander - Expanding parameter type: com.ningmeng.framework.domain.course.request.CourseListRequest
2020-03-14 21:57:28.442 [main] DEBUG s.d.s.w.r.p.ModelAttributeParameterExpander - Attempting to expand field: springfox.documentation.spring.web.readers.parameter.ModelAttributeField@665e18d5
2020-03-14 21:57:28.443 [main] DEBUG s.d.s.w.r.p.ModelAttributeParameterExpander - Building parameter for field: springfox.documentation.spring.web.readers.parameter.ModelAttributeField@665e18d5, with type: 
2020-03-14 21:57:28.447 [main] DEBUG o.s.b.f.s.DefaultListableBeanFactory - Returning cached instance of singleton bean 'expandedParameterBuilder'
2020-03-14 21:57:28.447 [main] DEBUG o.s.b.f.s.DefaultListableBeanFactory - Returning cached instance of singleton bean 'swaggerExpandedParameterBuilder'
2020-03-14 21:57:28.461 [main] DEBUG s.d.s.w.r.o.OperationResponseClassReader - Setting spring response class to: QueryResponseResult
2020-03-14 21:57:28.465 [main] DEBUG s.d.s.r.o.OperationAuthReader - Authorization count 0 for method findCourseList
2020-03-14 21:57:28.467 [main] DEBUG s.d.s.r.o.SwaggerOperationResponseClassReader - Setting response class to:QueryResponseResult
2020-03-14 21:57:28.470 [main] DEBUG s.d.s.r.o.VendorExtensionsReader - Extension count 1 for method findCourseList
2020-03-14 21:57:28.478 [main] DEBUG s.d.s.w.r.o.OperationModelsProvider - Adding return parameter of type Lcom/ningmeng/framework/domain/course/CoursePic;
2020-03-14 21:57:28.479 [main] DEBUG s.d.s.w.r.o.OperationModelsProvider - Reading parameters models for handlerMethod |findCoursePic|
2020-03-14 21:57:28.480 [main] DEBUG s.d.s.w.r.o.OperationModelsProvider - Finished reading parameters models for handlerMethod |findCoursePic|
2020-03-14 21:57:28.480 [main] DEBUG s.d.s.r.o.SwaggerOperationModelsProvider - Reading parameters models for handlerMethod |findCoursePic|
2020-03-14 21:57:28.481 [main] DEBUG s.d.schema.DefaultModelProvider - Inferred 2 properties. Properties found courseid, pic
2020-03-14 21:57:28.481 [main] DEBUG s.d.s.web.scanners.ApiModelReader - Generated parameter model id: CoursePic, name: CoursePic, schema: {} models
2020-03-14 21:57:28.486 [main] DEBUG s.d.s.w.r.o.OperationResponseClassReader - Setting spring response class to: CoursePic
2020-03-14 21:57:28.487 [main] DEBUG s.d.s.r.o.OperationAuthReader - Authorization count 0 for method findCoursePic
2020-03-14 21:57:28.491 [main] DEBUG s.d.s.r.o.SwaggerOperationResponseClassReader - Setting response class to:CoursePic
2020-03-14 21:57:28.505 [main] DEBUG s.d.s.r.o.VendorExtensionsReader - Extension count 1 for method findCoursePic
2020-03-14 21:57:28.508 [main] DEBUG s.d.s.w.r.o.OperationModelsProvider - Adding return parameter of type Lcom/ningmeng/framework/domain/course/ext/CategoryNode;
2020-03-14 21:57:28.508 [main] DEBUG s.d.s.w.r.o.OperationModelsProvider - Reading parameters models for handlerMethod |findList|
2020-03-14 21:57:28.510 [main] DEBUG s.d.s.w.r.o.OperationModelsProvider - Finished reading parameters models for handlerMethod |findList|
2020-03-14 21:57:28.513 [main] DEBUG s.d.s.r.o.SwaggerOperationModelsProvider - Reading parameters models for handlerMethod |findList|
2020-03-14 21:57:28.516 [main] DEBUG s.d.s.p.OptimizedModelPropertiesProvider - Reading property id
2020-03-14 21:57:28.522 [main] DEBUG s.d.s.p.bean.BeanModelProperty - Evaluating unwrapped getter for member getId
2020-03-14 21:57:28.522 [main] DEBUG s.d.s.p.ObjectMapperBeanPropertyNamingStrategy - Name 'id' renamed to 'id'
2020-03-14 21:57:28.522 [main] DEBUG s.d.s.p.OptimizedModelPropertiesProvider - Adding property id to model
2020-03-14 21:57:28.522 [main] DEBUG s.d.s.p.bean.BeanModelProperty - Evaluating unwrapped getter for member getId
2020-03-14 21:57:28.523 [main] DEBUG s.d.s.p.bean.BeanModelProperty - Evaluating unwrapped getter for member getId
2020-03-14 21:57:28.523 [main] DEBUG s.d.s.p.bean.BeanModelProperty - Evaluating unwrapped getter for member getId
2020-03-14 21:57:28.523 [main] DEBUG s.d.s.p.bean.BeanModelProperty - Evaluating unwrapped getter for member getId
2020-03-14 21:57:28.523 [main] DEBUG s.d.s.p.OptimizedModelPropertiesProvider - Reading property name
2020-03-14 21:57:28.523 [main] DEBUG s.d.s.p.bean.BeanModelProperty - Evaluating unwrapped getter for member getName
2020-03-14 21:57:28.524 [main] DEBUG s.d.s.p.ObjectMapperBeanPropertyNamingStrategy - Name 'name' renamed to 'name'
2020-03-14 21:57:28.524 [main] DEBUG s.d.s.p.OptimizedModelPropertiesProvider - Adding property name to model
2020-03-14 21:57:28.524 [main] DEBUG s.d.s.p.bean.BeanModelProperty - Evaluating unwrapped getter for member getName
2020-03-14 21:57:28.524 [main] DEBUG s.d.s.p.bean.BeanModelProperty - Evaluating unwrapped getter for member getName
2020-03-14 21:57:28.524 [main] DEBUG s.d.s.p.bean.BeanModelProperty - Evaluating unwrapped getter for member getName
2020-03-14 21:57:28.525 [main] DEBUG s.d.s.p.bean.BeanModelProperty - Evaluating unwrapped getter for member getName
2020-03-14 21:57:28.525 [main] DEBUG s.d.s.p.OptimizedModelPropertiesProvider - Reading property label
2020-03-14 21:57:28.525 [main] DEBUG s.d.s.p.bean.BeanModelProperty - Evaluating unwrapped getter for member getLabel
2020-03-14 21:57:28.525 [main] DEBUG s.d.s.p.ObjectMapperBeanPropertyNamingStrategy - Name 'label' renamed to 'label'
2020-03-14 21:57:28.525 [main] DEBUG s.d.s.p.OptimizedModelPropertiesProvider - Adding property label to model
2020-03-14 21:57:28.525 [main] DEBUG s.d.s.p.bean.BeanModelProperty - Evaluating unwrapped getter for member getLabel
2020-03-14 21:57:28.525 [main] DEBUG s.d.s.p.bean.BeanModelProperty - Evaluating unwrapped getter for member getLabel
2020-03-14 21:57:28.525 [main] DEBUG s.d.s.p.bean.BeanModelProperty - Evaluating unwrapped getter for member getLabel
2020-03-14 21:57:28.525 [main] DEBUG s.d.s.p.bean.BeanModelProperty - Evaluating unwrapped getter for member getLabel
2020-03-14 21:57:28.526 [main] DEBUG s.d.s.p.OptimizedModelPropertiesProvider - Reading property parentid
2020-03-14 21:57:28.526 [main] DEBUG s.d.s.p.bean.BeanModelProperty - Evaluating unwrapped getter for member getParentid
2020-03-14 21:57:28.526 [main] DEBUG s.d.s.p.ObjectMapperBeanPropertyNamingStrategy - Name 'parentid' renamed to 'parentid'
2020-03-14 21:57:28.526 [main] DEBUG s.d.s.p.OptimizedModelPropertiesProvider - Adding property parentid to model
2020-03-14 21:57:28.526 [main] DEBUG s.d.s.p.bean.BeanModelProperty - Evaluating unwrapped getter for member getParentid
2020-03-14 21:57:28.526 [main] DEBUG s.d.s.p.bean.BeanModelProperty - Evaluating unwrapped getter for member getParentid
2020-03-14 21:57:28.526 [main] DEBUG s.d.s.p.bean.BeanModelProperty - Evaluating unwrapped getter for member getParentid
2020-03-14 21:57:28.526 [main] DEBUG s.d.s.p.bean.BeanModelProperty - Evaluating unwrapped getter for member getParentid
2020-03-14 21:57:28.526 [main] DEBUG s.d.s.p.OptimizedModelPropertiesProvider - Reading property isshow
2020-03-14 21:57:28.527 [main] DEBUG s.d.s.p.bean.BeanModelProperty - Evaluating unwrapped getter for member getIsshow
2020-03-14 21:57:28.527 [main] DEBUG s.d.s.p.ObjectMapperBeanPropertyNamingStrategy - Name 'isshow' renamed to 'isshow'
2020-03-14 21:57:28.527 [main] DEBUG s.d.s.p.OptimizedModelPropertiesProvider - Adding property isshow to model
2020-03-14 21:57:28.527 [main] DEBUG s.d.s.p.bean.BeanModelProperty - Evaluating unwrapped getter for member getIsshow
2020-03-14 21:57:28.527 [main] DEBUG s.d.s.p.bean.BeanModelProperty - Evaluating unwrapped getter for member getIsshow
2020-03-14 21:57:28.527 [main] DEBUG s.d.s.p.bean.BeanModelProperty - Evaluating unwrapped getter for member getIsshow
2020-03-14 21:57:28.527 [main] DEBUG s.d.s.p.bean.BeanModelProperty - Evaluating unwrapped getter for member getIsshow
2020-03-14 21:57:28.527 [main] DEBUG s.d.s.p.OptimizedModelPropertiesProvider - Reading property orderby
2020-03-14 21:57:28.527 [main] DEBUG s.d.s.p.bean.BeanModelProperty - Evaluating unwrapped getter for member getOrderby
2020-03-14 21:57:28.527 [main] DEBUG s.d.s.p.ObjectMapperBeanPropertyNamingStrategy - Name 'orderby' renamed to 'orderby'
2020-03-14 21:57:28.527 [main] DEBUG s.d.s.p.OptimizedModelPropertiesProvider - Adding property orderby to model
2020-03-14 21:57:28.527 [main] DEBUG s.d.s.p.bean.BeanModelProperty - Evaluating unwrapped getter for member getOrderby
2020-03-14 21:57:28.527 [main] DEBUG s.d.s.p.bean.BeanModelProperty - Evaluating unwrapped getter for member getOrderby
2020-03-14 21:57:28.527 [main] DEBUG s.d.s.p.bean.BeanModelProperty - Evaluating unwrapped getter for member getOrderby
2020-03-14 21:57:28.527 [main] DEBUG s.d.s.p.bean.BeanModelProperty - Evaluating unwrapped getter for member getOrderby
2020-03-14 21:57:28.528 [main] DEBUG s.d.s.p.OptimizedModelPropertiesProvider - Reading property isleaf
2020-03-14 21:57:28.528 [main] DEBUG s.d.s.p.bean.BeanModelProperty - Evaluating unwrapped getter for member getIsleaf
2020-03-14 21:57:28.528 [main] DEBUG s.d.s.p.ObjectMapperBeanPropertyNamingStrategy - Name 'isleaf' renamed to 'isleaf'
2020-03-14 21:57:28.528 [main] DEBUG s.d.s.p.OptimizedModelPropertiesProvider - Adding property isleaf to model
2020-03-14 21:57:28.528 [main] DEBUG s.d.s.p.bean.BeanModelProperty - Evaluating unwrapped getter for member getIsleaf
2020-03-14 21:57:28.528 [main] DEBUG s.d.s.p.bean.BeanModelProperty - Evaluating unwrapped getter for member getIsleaf
2020-03-14 21:57:28.528 [main] DEBUG s.d.s.p.bean.BeanModelProperty - Evaluating unwrapped getter for member getIsleaf
2020-03-14 21:57:28.528 [main] DEBUG s.d.s.p.bean.BeanModelProperty - Evaluating unwrapped getter for member getIsleaf
2020-03-14 21:57:28.528 [main] DEBUG s.d.s.p.OptimizedModelPropertiesProvider - Reading property children
2020-03-14 21:57:28.528 [main] DEBUG s.d.s.p.bean.BeanModelProperty - Evaluating unwrapped getter for member getChildren
2020-03-14 21:57:28.529 [main] DEBUG s.d.s.p.ObjectMapperBeanPropertyNamingStrategy - Name 'children' renamed to 'children'
2020-03-14 21:57:28.529 [main] DEBUG s.d.s.p.OptimizedModelPropertiesProvider - Adding property children to model
2020-03-14 21:57:28.529 [main] DEBUG s.d.s.p.bean.BeanModelProperty - Evaluating unwrapped getter for member getChildren
2020-03-14 21:57:28.529 [main] DEBUG s.d.s.p.bean.BeanModelProperty - Evaluating unwrapped getter for member getChildren
2020-03-14 21:57:28.529 [main] DEBUG s.d.s.p.bean.BeanModelProperty - Evaluating unwrapped getter for member getChildren
2020-03-14 21:57:28.529 [main] DEBUG s.d.s.p.bean.BeanModelProperty - Evaluating unwrapped getter for member getChildren
2020-03-14 21:57:28.533 [main] DEBUG s.d.schema.DefaultModelProvider - Inferred 8 properties. Properties found children, id, isleaf, isshow, label, name, orderby, parentid
2020-03-14 21:57:28.534 [main] DEBUG s.d.s.web.scanners.ApiModelReader - Generated parameter model id: CategoryNode, name: CategoryNode, schema: {} models
2020-03-14 21:57:28.534 [main] DEBUG s.d.s.web.scanners.ApiModelReader - Adding a new model with key CategoryNode
2020-03-14 21:57:28.534 [main] DEBUG s.d.s.DefaultModelDependencyProvider - Adding type Ljava/util/List<Lcom/ningmeng/framework/domain/course/ext/CategoryNode;>; for parameter children
2020-03-14 21:57:28.534 [main] DEBUG s.d.s.DefaultModelDependencyProvider - Adding collectionElement type Lcom/ningmeng/framework/domain/course/ext/CategoryNode;
2020-03-14 21:57:28.534 [main] DEBUG s.d.s.DefaultModelDependencyProvider - Recursively resolving dependencies for collectionElement type Lcom/ningmeng/framework/domain/course/ext/CategoryNode;
2020-03-14 21:57:28.534 [main] DEBUG s.d.schema.DefaultModelProvider - Skipping model of type Ljava/util/List<Lcom/ningmeng/framework/domain/course/ext/CategoryNode;>; as its either a container type, map, enum or base type, or its already been handled
2020-03-14 21:57:28.536 [main] DEBUG s.d.s.w.r.o.OperationResponseClassReader - Setting spring response class to: CategoryNode
2020-03-14 21:57:28.542 [main] DEBUG s.d.s.r.o.OperationAuthReader - Authorization count 0 for method findList
2020-03-14 21:57:28.544 [main] DEBUG s.d.s.r.o.SwaggerOperationResponseClassReader - Setting response class to:CategoryNode
2020-03-14 21:57:28.546 [main] DEBUG s.d.s.r.o.VendorExtensionsReader - Extension count 1 for method findList
2020-03-14 21:57:28.547 [main] DEBUG s.d.s.w.r.o.OperationModelsProvider - Adding return parameter of type Lcom/ningmeng/framework/domain/course/ext/TeachplanNode;
2020-03-14 21:57:28.547 [main] DEBUG s.d.s.w.r.o.OperationModelsProvider - Reading parameters models for handlerMethod |findTeachplanList|
2020-03-14 21:57:28.548 [main] DEBUG s.d.s.w.r.o.OperationModelsProvider - Finished reading parameters models for handlerMethod |findTeachplanList|
2020-03-14 21:57:28.549 [main] DEBUG s.d.s.r.o.SwaggerOperationModelsProvider - Reading parameters models for handlerMethod |findTeachplanList|
2020-03-14 21:57:28.550 [main] DEBUG s.d.schema.DefaultModelProvider - Inferred 14 properties. Properties found children, courseid, description, grade, id, mediaFileOriginalName, mediaId, orderby, parentid, pname, ptype, status, timelength, trylearn
2020-03-14 21:57:28.550 [main] DEBUG s.d.s.web.scanners.ApiModelReader - Generated parameter model id: TeachplanNode, name: TeachplanNode, schema: {} models
2020-03-14 21:57:28.550 [main] DEBUG s.d.s.DefaultModelDependencyProvider - Adding type Ljava/util/List<Lcom/ningmeng/framework/domain/course/ext/TeachplanNode;>; for parameter children
2020-03-14 21:57:28.551 [main] DEBUG s.d.s.DefaultModelDependencyProvider - Adding collectionElement type Lcom/ningmeng/framework/domain/course/ext/TeachplanNode;
2020-03-14 21:57:28.551 [main] DEBUG s.d.s.DefaultModelDependencyProvider - Recursively resolving dependencies for collectionElement type Lcom/ningmeng/framework/domain/course/ext/TeachplanNode;
2020-03-14 21:57:28.551 [main] DEBUG s.d.schema.DefaultModelProvider - Skipping model of type Ljava/util/List<Lcom/ningmeng/framework/domain/course/ext/TeachplanNode;>; as its either a container type, map, enum or base type, or its already been handled
2020-03-14 21:57:28.553 [main] DEBUG s.d.s.w.r.o.OperationResponseClassReader - Setting spring response class to: TeachplanNode
2020-03-14 21:57:28.555 [main] DEBUG s.d.s.r.o.OperationAuthReader - Authorization count 0 for method findTeachplanList
2020-03-14 21:57:28.557 [main] DEBUG s.d.s.r.o.SwaggerOperationResponseClassReader - Setting response class to:TeachplanNode
2020-03-14 21:57:28.559 [main] DEBUG s.d.s.r.o.VendorExtensionsReader - Extension count 1 for method findTeachplanList
2020-03-14 21:57:28.560 [main] DEBUG s.d.s.w.r.o.OperationModelsProvider - Adding return parameter of type Lcom/ningmeng/framework/domain/course/CourseBase;
2020-03-14 21:57:28.560 [main] DEBUG s.d.s.w.r.o.OperationModelsProvider - Reading parameters models for handlerMethod |getCourseBaseById|
2020-03-14 21:57:28.561 [main] DEBUG s.d.s.w.r.o.OperationModelsProvider - Finished reading parameters models for handlerMethod |getCourseBaseById|
2020-03-14 21:57:28.562 [main] DEBUG s.d.s.r.o.SwaggerOperationModelsProvider - Reading parameters models for handlerMethod |getCourseBaseById|
2020-03-14 21:57:28.563 [main] DEBUG s.d.schema.DefaultModelProvider - Inferred 12 properties. Properties found companyId, description, grade, id, mt, name, st, status, studymodel, teachmode, userId, users
2020-03-14 21:57:28.563 [main] DEBUG s.d.s.web.scanners.ApiModelReader - Generated parameter model id: CourseBase, name: CourseBase, schema: {} models
2020-03-14 21:57:28.576 [main] DEBUG s.d.s.w.r.o.OperationResponseClassReader - Setting spring response class to: CourseBase
2020-03-14 21:57:28.579 [main] DEBUG s.d.s.r.o.OperationAuthReader - Authorization count 0 for method getCourseBaseById
2020-03-14 21:57:28.582 [main] DEBUG s.d.s.r.o.SwaggerOperationResponseClassReader - Setting response class to:CourseBase
2020-03-14 21:57:28.590 [main] DEBUG s.d.s.r.o.VendorExtensionsReader - Extension count 1 for method getCourseBaseById
2020-03-14 21:57:28.591 [main] DEBUG s.d.s.w.r.o.OperationModelsProvider - Adding return parameter of type Lcom/ningmeng/framework/domain/course/CourseMarket;
2020-03-14 21:57:28.591 [main] DEBUG s.d.s.w.r.o.OperationModelsProvider - Reading parameters models for handlerMethod |getCourseMarketById|
2020-03-14 21:57:28.593 [main] DEBUG s.d.s.w.r.o.OperationModelsProvider - Finished reading parameters models for handlerMethod |getCourseMarketById|
2020-03-14 21:57:28.594 [main] DEBUG s.d.s.r.o.SwaggerOperationModelsProvider - Reading parameters models for handlerMethod |getCourseMarketById|
2020-03-14 21:57:28.596 [main] DEBUG s.d.schema.DefaultModelProvider - Inferred 8 properties. Properties found charge, endTime, id, price, price_old, qq, startTime, valid
2020-03-14 21:57:28.596 [main] DEBUG s.d.s.web.scanners.ApiModelReader - Generated parameter model id: CourseMarket, name: CourseMarket, schema: {} models
2020-03-14 21:57:28.600 [main] DEBUG s.d.s.w.r.o.OperationResponseClassReader - Setting spring response class to: CourseMarket
2020-03-14 21:57:28.602 [main] DEBUG s.d.s.r.o.OperationAuthReader - Authorization count 0 for method getCourseMarketById
2020-03-14 21:57:28.603 [main] DEBUG s.d.s.r.o.SwaggerOperationResponseClassReader - Setting response class to:CourseMarket
2020-03-14 21:57:28.605 [main] DEBUG s.d.s.r.o.VendorExtensionsReader - Extension count 1 for method getCourseMarketById
2020-03-14 21:57:28.609 [main] DEBUG s.d.s.w.r.o.OperationModelsProvider - Adding return parameter of type Lcom/ningmeng/framework/domain/course/response/CoursePublishResult;
2020-03-14 21:57:28.610 [main] DEBUG s.d.s.w.r.o.OperationModelsProvider - Reading parameters models for handlerMethod |preview|
2020-03-14 21:57:28.610 [main] DEBUG s.d.s.w.r.o.OperationModelsProvider - Finished reading parameters models for handlerMethod |preview|
2020-03-14 21:57:28.611 [main] DEBUG s.d.s.r.o.SwaggerOperationModelsProvider - Reading parameters models for handlerMethod |preview|
2020-03-14 21:57:28.613 [main] DEBUG s.d.s.p.OptimizedModelPropertiesProvider - Reading property success
2020-03-14 21:57:28.614 [main] DEBUG s.d.s.p.bean.BeanModelProperty - Evaluating unwrapped getter for member isSuccess
2020-03-14 21:57:28.614 [main] DEBUG s.d.s.p.ObjectMapperBeanPropertyNamingStrategy - Name 'success' renamed to 'success'
2020-03-14 21:57:28.614 [main] DEBUG s.d.s.p.OptimizedModelPropertiesProvider - Adding property success to model
2020-03-14 21:57:28.614 [main] DEBUG s.d.s.p.bean.BeanModelProperty - Evaluating unwrapped getter for member isSuccess
2020-03-14 21:57:28.614 [main] DEBUG s.d.s.p.bean.BeanModelProperty - Evaluating unwrapped getter for member isSuccess
2020-03-14 21:57:28.614 [main] DEBUG s.d.s.p.bean.BeanModelProperty - Evaluating unwrapped getter for member isSuccess
2020-03-14 21:57:28.614 [main] DEBUG s.d.s.p.bean.BeanModelProperty - Evaluating unwrapped getter for member isSuccess
2020-03-14 21:57:28.614 [main] DEBUG s.d.s.p.OptimizedModelPropertiesProvider - Reading property code
2020-03-14 21:57:28.615 [main] DEBUG s.d.s.p.bean.BeanModelProperty - Evaluating unwrapped getter for member getCode
2020-03-14 21:57:28.615 [main] DEBUG s.d.s.p.ObjectMapperBeanPropertyNamingStrategy - Name 'code' renamed to 'code'
2020-03-14 21:57:28.615 [main] DEBUG s.d.s.p.OptimizedModelPropertiesProvider - Adding property code to model
2020-03-14 21:57:28.615 [main] DEBUG s.d.s.p.bean.BeanModelProperty - Evaluating unwrapped getter for member getCode
2020-03-14 21:57:28.615 [main] DEBUG s.d.s.p.bean.BeanModelProperty - Evaluating unwrapped getter for member getCode
2020-03-14 21:57:28.615 [main] DEBUG s.d.s.p.bean.BeanModelProperty - Evaluating unwrapped getter for member getCode
2020-03-14 21:57:28.615 [main] DEBUG s.d.s.p.bean.BeanModelProperty - Evaluating unwrapped getter for member getCode
2020-03-14 21:57:28.615 [main] DEBUG s.d.s.p.OptimizedModelPropertiesProvider - Reading property message
2020-03-14 21:57:28.615 [main] DEBUG s.d.s.p.bean.BeanModelProperty - Evaluating unwrapped getter for member getMessage
2020-03-14 21:57:28.615 [main] DEBUG s.d.s.p.ObjectMapperBeanPropertyNamingStrategy - Name 'message' renamed to 'message'
2020-03-14 21:57:28.615 [main] DEBUG s.d.s.p.OptimizedModelPropertiesProvider - Adding property message to model
2020-03-14 21:57:28.615 [main] DEBUG s.d.s.p.bean.BeanModelProperty - Evaluating unwrapped getter for member getMessage
2020-03-14 21:57:28.615 [main] DEBUG s.d.s.p.bean.BeanModelProperty - Evaluating unwrapped getter for member getMessage
2020-03-14 21:57:28.615 [main] DEBUG s.d.s.p.bean.BeanModelProperty - Evaluating unwrapped getter for member getMessage
2020-03-14 21:57:28.615 [main] DEBUG s.d.s.p.bean.BeanModelProperty - Evaluating unwrapped getter for member getMessage
2020-03-14 21:57:28.615 [main] DEBUG s.d.s.p.OptimizedModelPropertiesProvider - Reading property previewUrl
2020-03-14 21:57:28.616 [main] DEBUG s.d.s.p.bean.BeanModelProperty - Evaluating unwrapped getter for member getPreviewUrl
2020-03-14 21:57:28.616 [main] DEBUG s.d.s.p.ObjectMapperBeanPropertyNamingStrategy - Name 'previewUrl' renamed to 'previewUrl'
2020-03-14 21:57:28.616 [main] DEBUG s.d.s.p.OptimizedModelPropertiesProvider - Adding property previewUrl to model
2020-03-14 21:57:28.616 [main] DEBUG s.d.s.p.bean.BeanModelProperty - Evaluating unwrapped getter for member getPreviewUrl
2020-03-14 21:57:28.616 [main] DEBUG s.d.s.p.bean.BeanModelProperty - Evaluating unwrapped getter for member getPreviewUrl
2020-03-14 21:57:28.616 [main] DEBUG s.d.s.p.bean.BeanModelProperty - Evaluating unwrapped getter for member getPreviewUrl
2020-03-14 21:57:28.616 [main] DEBUG s.d.s.p.bean.BeanModelProperty - Evaluating unwrapped getter for member getPreviewUrl
2020-03-14 21:57:28.616 [main] DEBUG s.d.schema.DefaultModelProvider - Inferred 4 properties. Properties found code, message, previewUrl, success
2020-03-14 21:57:28.619 [main] DEBUG s.d.s.web.scanners.ApiModelReader - Generated parameter model id: CoursePublishResult, name: CoursePublishResult, schema: {} models
2020-03-14 21:57:28.619 [main] DEBUG s.d.s.web.scanners.ApiModelReader - Adding a new model with key CoursePublishResult
2020-03-14 21:57:28.623 [main] DEBUG s.d.s.w.r.o.OperationResponseClassReader - Setting spring response class to: CoursePublishResult
2020-03-14 21:57:28.625 [main] DEBUG s.d.s.r.o.OperationAuthReader - Authorization count 0 for method preview
2020-03-14 21:57:28.627 [main] DEBUG s.d.s.r.o.SwaggerOperationResponseClassReader - Setting response class to:CoursePublishResult
2020-03-14 21:57:28.630 [main] DEBUG s.d.s.r.o.VendorExtensionsReader - Extension count 1 for method preview
2020-03-14 21:57:28.638 [main] DEBUG s.d.s.w.r.o.OperationModelsProvider - Adding return parameter of type Lcom/ningmeng/framework/domain/course/response/CoursePublishResult;
2020-03-14 21:57:28.638 [main] DEBUG s.d.s.w.r.o.OperationModelsProvider - Reading parameters models for handlerMethod |publish|
2020-03-14 21:57:28.639 [main] DEBUG s.d.s.w.r.o.OperationModelsProvider - Finished reading parameters models for handlerMethod |publish|
2020-03-14 21:57:28.641 [main] DEBUG s.d.s.r.o.SwaggerOperationModelsProvider - Reading parameters models for handlerMethod |publish|
2020-03-14 21:57:28.642 [main] DEBUG s.d.s.web.scanners.ApiModelReader - Generated parameter model id: CoursePublishResult, name: CoursePublishResult, schema: {} models
2020-03-14 21:57:28.646 [main] DEBUG s.d.s.w.r.o.OperationResponseClassReader - Setting spring response class to: CoursePublishResult
2020-03-14 21:57:28.647 [main] DEBUG s.d.s.r.o.OperationAuthReader - Authorization count 0 for method publish
2020-03-14 21:57:28.648 [main] DEBUG s.d.s.r.o.SwaggerOperationResponseClassReader - Setting response class to:CoursePublishResult
2020-03-14 21:57:28.650 [main] DEBUG s.d.s.r.o.VendorExtensionsReader - Extension count 1 for method publish
2020-03-14 21:57:28.650 [main] DEBUG s.d.s.w.r.o.OperationModelsProvider - Adding return parameter of type Lcom/ningmeng/framework/model/response/ResponseResult;
2020-03-14 21:57:28.651 [main] DEBUG s.d.s.w.r.o.OperationModelsProvider - Reading parameters models for handlerMethod |savemedia|
2020-03-14 21:57:28.651 [main] DEBUG s.d.s.w.r.o.OperationModelsProvider - Adding input parameter of type Lcom/ningmeng/framework/domain/course/TeachplanMedia;
2020-03-14 21:57:28.651 [main] DEBUG s.d.s.w.r.o.OperationModelsProvider - Finished reading parameters models for handlerMethod |savemedia|
2020-03-14 21:57:28.652 [main] DEBUG s.d.s.r.o.SwaggerOperationModelsProvider - Reading parameters models for handlerMethod |savemedia|
2020-03-14 21:57:28.652 [main] DEBUG s.d.s.web.scanners.ApiModelReader - Generated parameter model id: ResponseResult, name: ResponseResult, schema: {} models
2020-03-14 21:57:28.655 [main] DEBUG s.d.s.p.OptimizedModelPropertiesProvider - Reading property teachplanId
2020-03-14 21:57:28.656 [main] DEBUG s.d.s.p.bean.BeanModelProperty - Evaluating unwrapped setter for member setTeachplanId
2020-03-14 21:57:28.656 [main] DEBUG s.d.s.p.ObjectMapperBeanPropertyNamingStrategy - Name 'teachplanId' renamed to 'teachplanId'
2020-03-14 21:57:28.656 [main] DEBUG s.d.s.p.OptimizedModelPropertiesProvider - Adding property teachplanId to model
2020-03-14 21:57:28.657 [main] DEBUG s.d.s.p.bean.BeanModelProperty - Evaluating unwrapped setter for member setTeachplanId
2020-03-14 21:57:28.657 [main] DEBUG s.d.s.p.bean.BeanModelProperty - Evaluating unwrapped setter for member setTeachplanId
2020-03-14 21:57:28.657 [main] DEBUG s.d.s.p.bean.BeanModelProperty - Evaluating unwrapped setter for member setTeachplanId
2020-03-14 21:57:28.657 [main] DEBUG s.d.s.p.bean.BeanModelProperty - Evaluating unwrapped setter for member setTeachplanId
2020-03-14 21:57:28.658 [main] DEBUG s.d.s.p.OptimizedModelPropertiesProvider - Reading property mediaId
2020-03-14 21:57:28.658 [main] DEBUG s.d.s.p.bean.BeanModelProperty - Evaluating unwrapped setter for member setMediaId
2020-03-14 21:57:28.658 [main] DEBUG s.d.s.p.ObjectMapperBeanPropertyNamingStrategy - Name 'mediaId' renamed to 'mediaId'
2020-03-14 21:57:28.658 [main] DEBUG s.d.s.p.OptimizedModelPropertiesProvider - Adding property mediaId to model
2020-03-14 21:57:28.658 [main] DEBUG s.d.s.p.bean.BeanModelProperty - Evaluating unwrapped setter for member setMediaId
2020-03-14 21:57:28.658 [main] DEBUG s.d.s.p.bean.BeanModelProperty - Evaluating unwrapped setter for member setMediaId
2020-03-14 21:57:28.659 [main] DEBUG s.d.s.p.bean.BeanModelProperty - Evaluating unwrapped setter for member setMediaId
2020-03-14 21:57:28.659 [main] DEBUG s.d.s.p.bean.BeanModelProperty - Evaluating unwrapped setter for member setMediaId
2020-03-14 21:57:28.659 [main] DEBUG s.d.s.p.OptimizedModelPropertiesProvider - Reading property mediaFileOriginalName
2020-03-14 21:57:28.659 [main] DEBUG s.d.s.p.bean.BeanModelProperty - Evaluating unwrapped setter for member setMediaFileOriginalName
2020-03-14 21:57:28.659 [main] DEBUG s.d.s.p.ObjectMapperBeanPropertyNamingStrategy - Name 'mediaFileOriginalName' renamed to 'mediaFileOriginalName'
2020-03-14 21:57:28.659 [main] DEBUG s.d.s.p.OptimizedModelPropertiesProvider - Adding property mediaFileOriginalName to model
2020-03-14 21:57:28.659 [main] DEBUG s.d.s.p.bean.BeanModelProperty - Evaluating unwrapped setter for member setMediaFileOriginalName
2020-03-14 21:57:28.659 [main] DEBUG s.d.s.p.bean.BeanModelProperty - Evaluating unwrapped setter for member setMediaFileOriginalName
2020-03-14 21:57:28.659 [main] DEBUG s.d.s.p.bean.BeanModelProperty - Evaluating unwrapped setter for member setMediaFileOriginalName
2020-03-14 21:57:28.659 [main] DEBUG s.d.s.p.bean.BeanModelProperty - Evaluating unwrapped setter for member setMediaFileOriginalName
2020-03-14 21:57:28.659 [main] DEBUG s.d.s.p.OptimizedModelPropertiesProvider - Reading property mediaUrl
2020-03-14 21:57:28.659 [main] DEBUG s.d.s.p.bean.BeanModelProperty - Evaluating unwrapped setter for member setMediaUrl
2020-03-14 21:57:28.659 [main] DEBUG s.d.s.p.ObjectMapperBeanPropertyNamingStrategy - Name 'mediaUrl' renamed to 'mediaUrl'
2020-03-14 21:57:28.659 [main] DEBUG s.d.s.p.OptimizedModelPropertiesProvider - Adding property mediaUrl to model
2020-03-14 21:57:28.659 [main] DEBUG s.d.s.p.bean.BeanModelProperty - Evaluating unwrapped setter for member setMediaUrl
2020-03-14 21:57:28.659 [main] DEBUG s.d.s.p.bean.BeanModelProperty - Evaluating unwrapped setter for member setMediaUrl
2020-03-14 21:57:28.659 [main] DEBUG s.d.s.p.bean.BeanModelProperty - Evaluating unwrapped setter for member setMediaUrl
2020-03-14 21:57:28.660 [main] DEBUG s.d.s.p.bean.BeanModelProperty - Evaluating unwrapped setter for member setMediaUrl
2020-03-14 21:57:28.662 [main] DEBUG s.d.s.p.OptimizedModelPropertiesProvider - Reading property courseId
2020-03-14 21:57:28.665 [main] DEBUG s.d.s.p.bean.BeanModelProperty - Evaluating unwrapped setter for member setCourseId
2020-03-14 21:57:28.665 [main] DEBUG s.d.s.p.ObjectMapperBeanPropertyNamingStrategy - Name 'courseId' renamed to 'courseId'
2020-03-14 21:57:28.665 [main] DEBUG s.d.s.p.OptimizedModelPropertiesProvider - Adding property courseId to model
2020-03-14 21:57:28.665 [main] DEBUG s.d.s.p.bean.BeanModelProperty - Evaluating unwrapped setter for member setCourseId
2020-03-14 21:57:28.665 [main] DEBUG s.d.s.p.bean.BeanModelProperty - Evaluating unwrapped setter for member setCourseId
2020-03-14 21:57:28.665 [main] DEBUG s.d.s.p.bean.BeanModelProperty - Evaluating unwrapped setter for member setCourseId
2020-03-14 21:57:28.665 [main] DEBUG s.d.s.p.bean.BeanModelProperty - Evaluating unwrapped setter for member setCourseId
2020-03-14 21:57:28.666 [main] DEBUG s.d.schema.DefaultModelProvider - Inferred 5 properties. Properties found courseId, mediaFileOriginalName, mediaId, mediaUrl, teachplanId
2020-03-14 21:57:28.666 [main] DEBUG s.d.s.web.scanners.ApiModelReader - Generated parameter model id: TeachplanMedia, name: TeachplanMedia, schema: {} models
2020-03-14 21:57:28.666 [main] DEBUG s.d.s.web.scanners.ApiModelReader - Adding a new model with key TeachplanMedia
2020-03-14 21:57:28.671 [main] DEBUG s.d.s.w.r.o.OperationResponseClassReader - Setting spring response class to: ResponseResult
2020-03-14 21:57:28.677 [main] DEBUG s.d.s.r.o.OperationAuthReader - Authorization count 0 for method savemedia
2020-03-14 21:57:28.678 [main] DEBUG s.d.s.r.o.SwaggerOperationResponseClassReader - Setting response class to:ResponseResult
2020-03-14 21:57:28.680 [main] DEBUG s.d.s.r.o.VendorExtensionsReader - Extension count 1 for method savemedia
2020-03-14 21:57:28.684 [main] DEBUG s.d.s.w.r.o.OperationModelsProvider - Adding return parameter of type Lcom/ningmeng/framework/model/response/ResponseResult;
2020-03-14 21:57:28.685 [main] DEBUG s.d.s.w.r.o.OperationModelsProvider - Reading parameters models for handlerMethod |updateCourseBase|
2020-03-14 21:57:28.688 [main] DEBUG s.d.s.w.r.o.OperationModelsProvider - Adding input parameter of type Lcom/ningmeng/framework/domain/course/CourseBase;
2020-03-14 21:57:28.688 [main] DEBUG s.d.s.w.r.o.OperationModelsProvider - Finished reading parameters models for handlerMethod |updateCourseBase|
2020-03-14 21:57:28.691 [main] DEBUG s.d.s.r.o.SwaggerOperationModelsProvider - Reading parameters models for handlerMethod |updateCourseBase|
2020-03-14 21:57:28.691 [main] DEBUG s.d.s.web.scanners.ApiModelReader - Generated parameter model id: CourseBase, name: CourseBase, schema: {} models
2020-03-14 21:57:28.692 [main] DEBUG s.d.s.web.scanners.ApiModelReader - Generated parameter model id: ResponseResult, name: ResponseResult, schema: {} models
2020-03-14 21:57:28.715 [main] DEBUG s.d.s.w.r.o.OperationResponseClassReader - Setting spring response class to: ResponseResult
2020-03-14 21:57:28.718 [main] DEBUG s.d.s.r.o.OperationAuthReader - Authorization count 0 for method updateCourseBase
2020-03-14 21:57:28.720 [main] DEBUG s.d.s.r.o.SwaggerOperationResponseClassReader - Setting response class to:ResponseResult
2020-03-14 21:57:28.721 [main] DEBUG s.d.s.r.o.VendorExtensionsReader - Extension count 1 for method updateCourseBase
2020-03-14 21:57:28.722 [main] DEBUG s.d.s.w.r.o.OperationModelsProvider - Adding return parameter of type Lcom/ningmeng/framework/model/response/ResponseResult;
2020-03-14 21:57:28.722 [main] DEBUG s.d.s.w.r.o.OperationModelsProvider - Reading parameters models for handlerMethod |updateCourseMarket|
2020-03-14 21:57:28.723 [main] DEBUG s.d.s.w.r.o.OperationModelsProvider - Finished reading parameters models for handlerMethod |updateCourseMarket|
2020-03-14 21:57:28.723 [main] DEBUG s.d.s.r.o.SwaggerOperationModelsProvider - Reading parameters models for handlerMethod |updateCourseMarket|
2020-03-14 21:57:28.724 [main] DEBUG s.d.s.web.scanners.ApiModelReader - Generated parameter model id: ResponseResult, name: ResponseResult, schema: {} models
2020-03-14 21:57:28.740 [main] DEBUG s.d.s.w.r.p.ModelAttributeParameterExpander - Expanding parameter type: com.ningmeng.framework.domain.course.CourseMarket
2020-03-14 21:57:28.741 [main] DEBUG s.d.s.w.r.p.ModelAttributeParameterExpander - Attempting to expand field: springfox.documentation.spring.web.readers.parameter.ModelAttributeField@2f08e6d3
2020-03-14 21:57:28.741 [main] DEBUG s.d.s.w.r.p.ModelAttributeParameterExpander - Building parameter for field: springfox.documentation.spring.web.readers.parameter.ModelAttributeField@2f08e6d3, with type: 
2020-03-14 21:57:28.742 [main] DEBUG s.d.s.w.r.p.ModelAttributeParameterExpander - Attempting to expand field: springfox.documentation.spring.web.readers.parameter.ModelAttributeField@50f65fe0
2020-03-14 21:57:28.742 [main] DEBUG s.d.s.w.r.p.ModelAttributeParameterExpander - Building parameter for field: springfox.documentation.spring.web.readers.parameter.ModelAttributeField@50f65fe0, with type: 
2020-03-14 21:57:28.742 [main] DEBUG s.d.s.w.r.p.ModelAttributeParameterExpander - Attempting to expand field: springfox.documentation.spring.web.readers.parameter.ModelAttributeField@18a538a0
2020-03-14 21:57:28.742 [main] DEBUG s.d.s.w.r.p.ModelAttributeParameterExpander - Building parameter for field: springfox.documentation.spring.web.readers.parameter.ModelAttributeField@18a538a0, with type: 
2020-03-14 21:57:28.742 [main] DEBUG s.d.s.w.r.p.ModelAttributeParameterExpander - Attempting to expand field: springfox.documentation.spring.web.readers.parameter.ModelAttributeField@70736b19
2020-03-14 21:57:28.742 [main] DEBUG s.d.s.w.r.p.ModelAttributeParameterExpander - Building parameter for field: springfox.documentation.spring.web.readers.parameter.ModelAttributeField@70736b19, with type: 
2020-03-14 21:57:28.743 [main] DEBUG s.d.s.w.r.p.ModelAttributeParameterExpander - Attempting to expand field: springfox.documentation.spring.web.readers.parameter.ModelAttributeField@183e64a8
2020-03-14 21:57:28.743 [main] DEBUG s.d.s.w.r.p.ModelAttributeParameterExpander - Building parameter for field: springfox.documentation.spring.web.readers.parameter.ModelAttributeField@183e64a8, with type: 
2020-03-14 21:57:28.743 [main] DEBUG s.d.s.w.r.p.ModelAttributeParameterExpander - Attempting to expand field: springfox.documentation.spring.web.readers.parameter.ModelAttributeField@7a553110
2020-03-14 21:57:28.743 [main] DEBUG s.d.s.w.r.p.ModelAttributeParameterExpander - Building parameter for field: springfox.documentation.spring.web.readers.parameter.ModelAttributeField@7a553110, with type: 
2020-03-14 21:57:28.743 [main] DEBUG s.d.s.w.r.p.ModelAttributeParameterExpander - Attempting to expand field: springfox.documentation.spring.web.readers.parameter.ModelAttributeField@4b8466c2
2020-03-14 21:57:28.743 [main] DEBUG s.d.s.w.r.p.ModelAttributeParameterExpander - Building parameter for field: springfox.documentation.spring.web.readers.parameter.ModelAttributeField@4b8466c2, with type: 
2020-03-14 21:57:28.743 [main] DEBUG s.d.s.w.r.p.ModelAttributeParameterExpander - Attempting to expand field: springfox.documentation.spring.web.readers.parameter.ModelAttributeField@2044f708
2020-03-14 21:57:28.743 [main] DEBUG s.d.s.w.r.p.ModelAttributeParameterExpander - Building parameter for field: springfox.documentation.spring.web.readers.parameter.ModelAttributeField@2044f708, with type: 
2020-03-14 21:57:28.746 [main] DEBUG s.d.s.w.r.o.OperationResponseClassReader - Setting spring response class to: ResponseResult
2020-03-14 21:57:28.768 [main] DEBUG s.d.s.r.o.OperationAuthReader - Authorization count 0 for method updateCourseMarket
2020-03-14 21:57:28.770 [main] DEBUG s.d.s.r.o.SwaggerOperationResponseClassReader - Setting response class to:ResponseResult
2020-03-14 21:57:28.771 [main] DEBUG s.d.s.r.o.VendorExtensionsReader - Extension count 1 for method updateCourseMarket
2020-03-14 21:57:28.834 [main] DEBUG o.s.b.f.s.DefaultListableBeanFactory - Returning cached instance of singleton bean 'apiListingReader'
2020-03-14 21:57:28.834 [main] DEBUG o.s.b.f.s.DefaultListableBeanFactory - Returning cached instance of singleton bean 'mediaTypeReader'
2020-03-14 21:57:28.834 [main] DEBUG o.s.b.f.s.DefaultListableBeanFactory - Returning cached instance of singleton bean 'swaggerApiListingReader'
2020-03-14 21:57:28.865 [main] DEBUG s.d.s.w.r.o.OperationModelsProvider - Adding return parameter of type Lcom/ningmeng/framework/domain/system/SysDictionary;
2020-03-14 21:57:28.865 [main] DEBUG s.d.s.w.r.o.OperationModelsProvider - Reading parameters models for handlerMethod |getByType|
2020-03-14 21:57:28.866 [main] DEBUG s.d.s.w.r.o.OperationModelsProvider - Finished reading parameters models for handlerMethod |getByType|
2020-03-14 21:57:28.866 [main] DEBUG s.d.s.r.o.SwaggerOperationModelsProvider - Reading parameters models for handlerMethod |getByType|
2020-03-14 21:57:28.868 [main] DEBUG s.d.s.p.OptimizedModelPropertiesProvider - Reading property id
2020-03-14 21:57:28.868 [main] DEBUG s.d.s.p.bean.BeanModelProperty - Evaluating unwrapped getter for member getId
2020-03-14 21:57:28.868 [main] DEBUG s.d.s.p.ObjectMapperBeanPropertyNamingStrategy - Name 'id' renamed to 'id'
2020-03-14 21:57:28.869 [main] DEBUG s.d.s.p.OptimizedModelPropertiesProvider - Adding property id to model
2020-03-14 21:57:28.869 [main] DEBUG s.d.s.p.bean.BeanModelProperty - Evaluating unwrapped getter for member getId
2020-03-14 21:57:28.869 [main] DEBUG s.d.s.p.bean.BeanModelProperty - Evaluating unwrapped getter for member getId
2020-03-14 21:57:28.869 [main] DEBUG s.d.s.p.bean.BeanModelProperty - Evaluating unwrapped getter for member getId
2020-03-14 21:57:28.869 [main] DEBUG s.d.s.p.bean.BeanModelProperty - Evaluating unwrapped getter for member getId
2020-03-14 21:57:28.869 [main] DEBUG s.d.s.p.OptimizedModelPropertiesProvider - Reading property dname
2020-03-14 21:57:28.869 [main] DEBUG s.d.s.p.bean.BeanModelProperty - Evaluating unwrapped getter for member getDName
2020-03-14 21:57:28.869 [main] DEBUG s.d.s.p.ObjectMapperBeanPropertyNamingStrategy - Name 'dname' renamed to 'dname'
2020-03-14 21:57:28.869 [main] DEBUG s.d.s.p.OptimizedModelPropertiesProvider - Adding property dname to model
2020-03-14 21:57:28.869 [main] DEBUG s.d.s.p.bean.BeanModelProperty - Evaluating unwrapped getter for member getDName
2020-03-14 21:57:28.869 [main] DEBUG s.d.s.p.bean.BeanModelProperty - Evaluating unwrapped getter for member getDName
2020-03-14 21:57:28.869 [main] DEBUG s.d.s.p.bean.BeanModelProperty - Evaluating unwrapped getter for member getDName
2020-03-14 21:57:28.869 [main] DEBUG s.d.s.p.bean.BeanModelProperty - Evaluating unwrapped getter for member getDName
2020-03-14 21:57:28.869 [main] DEBUG s.d.s.p.OptimizedModelPropertiesProvider - Reading property dtype
2020-03-14 21:57:28.869 [main] DEBUG s.d.s.p.bean.BeanModelProperty - Evaluating unwrapped getter for member getDType
2020-03-14 21:57:28.869 [main] DEBUG s.d.s.p.ObjectMapperBeanPropertyNamingStrategy - Name 'dtype' renamed to 'dtype'
2020-03-14 21:57:28.869 [main] DEBUG s.d.s.p.OptimizedModelPropertiesProvider - Adding property dtype to model
2020-03-14 21:57:28.869 [main] DEBUG s.d.s.p.bean.BeanModelProperty - Evaluating unwrapped getter for member getDType
2020-03-14 21:57:28.869 [main] DEBUG s.d.s.p.bean.BeanModelProperty - Evaluating unwrapped getter for member getDType
2020-03-14 21:57:28.870 [main] DEBUG s.d.s.p.bean.BeanModelProperty - Evaluating unwrapped getter for member getDType
2020-03-14 21:57:28.870 [main] DEBUG s.d.s.p.bean.BeanModelProperty - Evaluating unwrapped getter for member getDType
2020-03-14 21:57:28.874 [main] DEBUG s.d.s.p.OptimizedModelPropertiesProvider - Reading property dvalue
2020-03-14 21:57:28.874 [main] DEBUG s.d.s.p.bean.BeanModelProperty - Evaluating unwrapped getter for member getDValue
2020-03-14 21:57:28.874 [main] DEBUG s.d.s.p.ObjectMapperBeanPropertyNamingStrategy - Name 'dvalue' renamed to 'dvalue'
2020-03-14 21:57:28.874 [main] DEBUG s.d.s.p.OptimizedModelPropertiesProvider - Adding property dvalue to model
2020-03-14 21:57:28.874 [main] DEBUG s.d.s.p.bean.BeanModelProperty - Evaluating unwrapped getter for member getDValue
2020-03-14 21:57:28.874 [main] DEBUG s.d.s.p.bean.BeanModelProperty - Evaluating unwrapped getter for member getDValue
2020-03-14 21:57:28.875 [main] DEBUG s.d.s.p.bean.BeanModelProperty - Evaluating unwrapped getter for member getDValue
2020-03-14 21:57:28.875 [main] DEBUG s.d.s.p.bean.BeanModelProperty - Evaluating unwrapped getter for member getDValue
2020-03-14 21:57:28.878 [main] DEBUG s.d.schema.DefaultModelProvider - Inferred 4 properties. Properties found dname, dtype, dvalue, id
2020-03-14 21:57:28.879 [main] DEBUG s.d.s.web.scanners.ApiModelReader - Generated parameter model id: SysDictionary, name: SysDictionary, schema: {} models
2020-03-14 21:57:28.879 [main] DEBUG s.d.s.web.scanners.ApiModelReader - Adding a new model with key SysDictionary
2020-03-14 21:57:28.880 [main] DEBUG s.d.s.DefaultModelDependencyProvider - Adding type Ljava/util/List<Lcom/ningmeng/framework/domain/system/SysDictionaryValue;>; for parameter dvalue
2020-03-14 21:57:28.880 [main] DEBUG s.d.s.DefaultModelDependencyProvider - Adding collectionElement type Lcom/ningmeng/framework/domain/system/SysDictionaryValue;
2020-03-14 21:57:28.880 [main] DEBUG s.d.s.DefaultModelDependencyProvider - Recursively resolving dependencies for collectionElement type Lcom/ningmeng/framework/domain/system/SysDictionaryValue;
2020-03-14 21:57:28.886 [main] DEBUG s.d.s.p.OptimizedModelPropertiesProvider - Reading property sdId
2020-03-14 21:57:28.888 [main] DEBUG s.d.s.p.bean.BeanModelProperty - Evaluating unwrapped getter for member getSdId
2020-03-14 21:57:28.888 [main] DEBUG s.d.s.p.ObjectMapperBeanPropertyNamingStrategy - Name 'sdId' renamed to 'sdId'
2020-03-14 21:57:28.888 [main] DEBUG s.d.s.p.OptimizedModelPropertiesProvider - Adding property sdId to model
2020-03-14 21:57:28.888 [main] DEBUG s.d.s.p.bean.BeanModelProperty - Evaluating unwrapped getter for member getSdId
2020-03-14 21:57:28.888 [main] DEBUG s.d.s.p.bean.BeanModelProperty - Evaluating unwrapped getter for member getSdId
2020-03-14 21:57:28.888 [main] DEBUG s.d.s.p.bean.BeanModelProperty - Evaluating unwrapped getter for member getSdId
2020-03-14 21:57:28.889 [main] DEBUG s.d.s.p.bean.BeanModelProperty - Evaluating unwrapped getter for member getSdId
2020-03-14 21:57:28.889 [main] DEBUG s.d.s.p.OptimizedModelPropertiesProvider - Reading property sdName
2020-03-14 21:57:28.890 [main] DEBUG s.d.s.p.bean.BeanModelProperty - Evaluating unwrapped getter for member getSdName
2020-03-14 21:57:28.906 [main] DEBUG s.d.s.p.ObjectMapperBeanPropertyNamingStrategy - Name 'sdName' renamed to 'sdName'
2020-03-14 21:57:28.906 [main] DEBUG s.d.s.p.OptimizedModelPropertiesProvider - Adding property sdName to model
2020-03-14 21:57:28.906 [main] DEBUG s.d.s.p.bean.BeanModelProperty - Evaluating unwrapped getter for member getSdName
2020-03-14 21:57:28.906 [main] DEBUG s.d.s.p.bean.BeanModelProperty - Evaluating unwrapped getter for member getSdName
2020-03-14 21:57:28.906 [main] DEBUG s.d.s.p.bean.BeanModelProperty - Evaluating unwrapped getter for member getSdName
2020-03-14 21:57:28.906 [main] DEBUG s.d.s.p.bean.BeanModelProperty - Evaluating unwrapped getter for member getSdName
2020-03-14 21:57:28.906 [main] DEBUG s.d.s.p.OptimizedModelPropertiesProvider - Reading property sdStatus
2020-03-14 21:57:28.906 [main] DEBUG s.d.s.p.bean.BeanModelProperty - Evaluating unwrapped getter for member getSdStatus
2020-03-14 21:57:28.906 [main] DEBUG s.d.s.p.ObjectMapperBeanPropertyNamingStrategy - Name 'sdStatus' renamed to 'sdStatus'
2020-03-14 21:57:28.907 [main] DEBUG s.d.s.p.OptimizedModelPropertiesProvider - Adding property sdStatus to model
2020-03-14 21:57:28.907 [main] DEBUG s.d.s.p.bean.BeanModelProperty - Evaluating unwrapped getter for member getSdStatus
2020-03-14 21:57:28.907 [main] DEBUG s.d.s.p.bean.BeanModelProperty - Evaluating unwrapped getter for member getSdStatus
2020-03-14 21:57:28.907 [main] DEBUG s.d.s.p.bean.BeanModelProperty - Evaluating unwrapped getter for member getSdStatus
2020-03-14 21:57:28.907 [main] DEBUG s.d.s.p.bean.BeanModelProperty - Evaluating unwrapped getter for member getSdStatus
2020-03-14 21:57:28.908 [main] DEBUG s.d.schema.DefaultModelProvider - Skipping model of type Ljava/util/List<Lcom/ningmeng/framework/domain/system/SysDictionaryValue;>; as its either a container type, map, enum or base type, or its already been handled
2020-03-14 21:57:28.908 [main] DEBUG s.d.schema.DefaultModelProvider - Inferred 3 properties. Properties found sdId, sdName, sdStatus
2020-03-14 21:57:28.908 [main] DEBUG s.d.s.web.scanners.ApiModelReader - Adding a new model with key SysDictionaryValue
2020-03-14 21:57:28.909 [main] DEBUG s.d.s.w.r.o.OperationResponseClassReader - Setting spring response class to: SysDictionary
2020-03-14 21:57:28.910 [main] DEBUG s.d.s.r.o.OperationAuthReader - Authorization count 0 for method getByType
2020-03-14 21:57:28.913 [main] DEBUG s.d.s.r.o.SwaggerOperationResponseClassReader - Setting response class to:SysDictionary
2020-03-14 21:57:28.914 [main] DEBUG s.d.s.r.o.VendorExtensionsReader - Extension count 1 for method getByType
2020-03-14 21:57:28.945 [main] DEBUG o.s.c.s.DefaultLifecycleProcessor - Successfully started bean 'documentationPluginsBootstrapper'
2020-03-14 21:57:28.959 [main] DEBUG o.s.b.f.s.DefaultListableBeanFactory - Returning cached instance of singleton bean 'org.springframework.boot.autoconfigure.internalCachingMetadataReaderFactory'
2020-03-14 21:57:28.961 [main] DEBUG o.s.b.f.s.DefaultListableBeanFactory - Returning cached instance of singleton bean 'modelBuilderPluginRegistry'
2020-03-14 21:57:28.961 [main] DEBUG o.s.b.f.s.DefaultListableBeanFactory - Returning cached instance of singleton bean 'modelPropertyBuilderPluginRegistry'
2020-03-14 21:57:28.961 [main] DEBUG o.s.b.f.s.DefaultListableBeanFactory - Returning cached instance of singleton bean 'typeNameProviderPluginRegistry'
2020-03-14 21:57:28.961 [main] DEBUG o.s.b.f.s.DefaultListableBeanFactory - Returning cached instance of singleton bean 'documentationPluginRegistry'
2020-03-14 21:57:28.961 [main] DEBUG o.s.b.f.s.DefaultListableBeanFactory - Returning cached instance of singleton bean 'apiListingBuilderPluginRegistry'
2020-03-14 21:57:28.961 [main] DEBUG o.s.b.f.s.DefaultListableBeanFactory - Returning cached instance of singleton bean 'operationBuilderPluginRegistry'
2020-03-14 21:57:28.961 [main] DEBUG o.s.b.f.s.DefaultListableBeanFactory - Returning cached instance of singleton bean 'parameterBuilderPluginRegistry'
2020-03-14 21:57:28.961 [main] DEBUG o.s.b.f.s.DefaultListableBeanFactory - Returning cached instance of singleton bean 'expandedParameterBuilderPluginRegistry'
2020-03-14 21:57:28.961 [main] DEBUG o.s.b.f.s.DefaultListableBeanFactory - Returning cached instance of singleton bean 'resourceGroupingStrategyRegistry'
2020-03-14 21:57:28.971 [main] DEBUG o.s.b.f.s.DefaultListableBeanFactory - Returning cached instance of singleton bean 'operationModelsProviderPluginRegistry'
2020-03-14 21:57:28.972 [main] DEBUG o.s.b.f.s.DefaultListableBeanFactory - Returning cached instance of singleton bean 'defaultsProviderPluginRegistry'
2020-03-14 21:57:28.973 [main] DEBUG o.s.b.f.s.DefaultListableBeanFactory - Returning cached instance of singleton bean 'pathDecoratorRegistry'
2020-03-14 21:57:28.973 [main] DEBUG o.s.b.f.s.DefaultListableBeanFactory - Returning cached instance of singleton bean 'apiListingScannerPluginRegistry'
2020-03-14 21:57:28.973 [main] DEBUG o.s.b.f.s.DefaultListableBeanFactory - Returning cached instance of singleton bean 'mvcResourceUrlProvider'
2020-03-14 21:57:28.973 [main] DEBUG o.s.b.f.s.DefaultListableBeanFactory - Returning cached instance of singleton bean 'delegatingApplicationListener'
2020-03-14 21:57:28.976 [main] DEBUG o.s.b.f.s.DefaultListableBeanFactory - Returning cached instance of singleton bean 'delegatingApplicationListener'
2020-03-14 21:57:28.979 [main] DEBUG o.s.b.f.s.DefaultListableBeanFactory - Returning cached instance of singleton bean 'delegatingApplicationListener'
2020-03-14 21:57:28.980 [main] DEBUG o.s.b.f.s.DefaultListableBeanFactory - Returning cached instance of singleton bean 'refreshScope'
2020-03-14 21:57:29.098 [main] DEBUG o.s.b.a.l.ConditionEvaluationReportLoggingListener - 


============================
CONDITIONS EVALUATION REPORT
============================


Positive matches:
-----------------

   AopAutoConfiguration matched:
      - @ConditionalOnClass found required classes 'org.springframework.context.annotation.EnableAspectJAutoProxy', 'org.aspectj.lang.annotation.Aspect', 'org.aspectj.lang.reflect.Advice', 'org.aspectj.weaver.AnnotatedElement'; @ConditionalOnMissingClass did not find unwanted class (OnClassCondition)
      - @ConditionalOnProperty (spring.aop.auto=true) matched (OnPropertyCondition)

   AopAutoConfiguration.CglibAutoProxyConfiguration matched:
      - @ConditionalOnProperty (spring.aop.proxy-target-class=true) matched (OnPropertyCondition)

   ArchaiusAutoConfiguration matched:
      - @ConditionalOnClass found required classes 'com.netflix.config.ConcurrentCompositeConfiguration', 'org.apache.commons.configuration.ConfigurationBuilder'; @ConditionalOnMissingClass did not find unwanted class (OnClassCondition)

   ArchaiusAutoConfiguration.ArchaiusEndpointConfiguration matched:
      - @ConditionalOnClass found required class 'org.springframework.boot.actuate.health.Health'; @ConditionalOnMissingClass did not find unwanted class (OnClassCondition)

   ArchaiusAutoConfiguration.ArchaiusEndpointConfiguration#archaiusEndpoint matched:
      - @ConditionalOnEnabledEndpoint no property management.endpoint.archaius.enabled found so using endpoint default (OnEnabledEndpointCondition)

   ArchaiusAutoConfiguration.PropagateEventsConfiguration matched:
      - @ConditionalOnClass found required class 'org.springframework.cloud.context.environment.EnvironmentChangeEvent'; @ConditionalOnMissingClass did not find unwanted class (OnClassCondition)
      - @ConditionalOnProperty (archaius.propagate.environmentChangedEvent) matched (OnPropertyCondition)

   AsyncLoadBalancerAutoConfiguration matched:
      - @ConditionalOnClass found required class 'org.springframework.web.client.AsyncRestTemplate'; @ConditionalOnMissingClass did not find unwanted class (OnClassCondition)
      - @ConditionalOnBean (types: org.springframework.cloud.client.loadbalancer.LoadBalancerClient; SearchStrategy: all) found bean 'loadBalancerClient' (OnBeanCondition)

   AuditAutoConfiguration#auditListener matched:
      - @ConditionalOnMissingBean (types: org.springframework.boot.actuate.audit.listener.AbstractAuditListener; SearchStrategy: all) did not find any beans (OnBeanCondition)

   AuditAutoConfiguration#authenticationAuditListener matched:
      - @ConditionalOnClass found required class 'org.springframework.security.authentication.event.AbstractAuthenticationEvent'; @ConditionalOnMissingClass did not find unwanted class (OnClassCondition)
      - @ConditionalOnMissingBean (types: org.springframework.boot.actuate.security.AbstractAuthenticationAuditListener; SearchStrategy: all) did not find any beans (OnBeanCondition)

   AuditAutoConfiguration#authorizationAuditListener matched:
      - @ConditionalOnClass found required class 'org.springframework.security.access.event.AbstractAuthorizationEvent'; @ConditionalOnMissingClass did not find unwanted class (OnClassCondition)
      - @ConditionalOnMissingBean (types: org.springframework.boot.actuate.security.AbstractAuthorizationAuditListener; SearchStrategy: all) did not find any beans (OnBeanCondition)

   AuditAutoConfiguration.AuditEventRepositoryConfiguration matched:
      - @ConditionalOnMissingBean (types: org.springframework.boot.actuate.audit.AuditEventRepository; SearchStrategy: all) did not find any beans (OnBeanCondition)

   AuditEventsEndpointAutoConfiguration#auditEventsEndpoint matched:
      - @ConditionalOnBean (types: org.springframework.boot.actuate.audit.AuditEventRepository; SearchStrategy: all) found bean 'auditEventRepository'; @ConditionalOnMissingBean (types: org.springframework.boot.actuate.audit.AuditEventsEndpoint; SearchStrategy: all) did not find any beans (OnBeanCondition)
      - @ConditionalOnEnabledEndpoint no property management.endpoint.auditevents.enabled found so using endpoint default (OnEnabledEndpointCondition)

   AutoServiceRegistrationAutoConfiguration matched:
      - @ConditionalOnProperty (spring.cloud.service-registry.auto-registration.enabled) matched (OnPropertyCondition)

   AutoServiceRegistrationConfiguration matched:
      - @ConditionalOnProperty (spring.cloud.service-registry.auto-registration.enabled) matched (OnPropertyCondition)

   BeansEndpointAutoConfiguration#beansEndpoint matched:
      - @ConditionalOnMissingBean (types: org.springframework.boot.actuate.beans.BeansEndpoint; SearchStrategy: all) did not find any beans (OnBeanCondition)
      - @ConditionalOnEnabledEndpoint no property management.endpoint.beans.enabled found so using endpoint default (OnEnabledEndpointCondition)

   CacheMeterBinderProvidersConfiguration matched:
      - @ConditionalOnClass found required class 'io.micrometer.core.instrument.binder.MeterBinder'; @ConditionalOnMissingClass did not find unwanted class (OnClassCondition)

   CodecsAutoConfiguration matched:
      - @ConditionalOnClass found required class 'org.springframework.http.codec.CodecConfigurer'; @ConditionalOnMissingClass did not find unwanted class (OnClassCondition)

   CodecsAutoConfiguration.JacksonCodecConfiguration matched:
      - @ConditionalOnClass found required class 'com.fasterxml.jackson.databind.ObjectMapper'; @ConditionalOnMissingClass did not find unwanted class (OnClassCondition)

   CodecsAutoConfiguration.JacksonCodecConfiguration#jacksonCodecCustomizer matched:
      - @ConditionalOnBean (types: com.fasterxml.jackson.databind.ObjectMapper; SearchStrategy: all) found bean 'jacksonObjectMapper' (OnBeanCondition)

   CommonsClientAutoConfiguration.ActuatorConfiguration matched:
      - @ConditionalOnClass found required class 'org.springframework.boot.actuate.endpoint.annotation.Endpoint'; @ConditionalOnMissingClass did not find unwanted class (OnClassCondition)
      - @ConditionalOnProperty (spring.cloud.features.enabled) matched (OnPropertyCondition)

   CommonsClientAutoConfiguration.ActuatorConfiguration#featuresEndpoint matched:
      - @ConditionalOnEnabledEndpoint no property management.endpoint.features.enabled found so using endpoint default (OnEnabledEndpointCondition)

   CommonsClientAutoConfiguration.DiscoveryLoadBalancerConfiguration matched:
      - @ConditionalOnClass found required class 'org.springframework.boot.actuate.health.HealthIndicator'; @ConditionalOnMissingClass did not find unwanted class (OnClassCondition)
      - @ConditionalOnProperty (spring.cloud.discovery.enabled) matched (OnPropertyCondition)
      - @ConditionalOnBean (types: org.springframework.cloud.client.discovery.DiscoveryClient; SearchStrategy: all) found bean 'discoveryClient' (OnBeanCondition)

   CommonsClientAutoConfiguration.DiscoveryLoadBalancerConfiguration#discoveryClientHealthIndicator matched:
      - @ConditionalOnProperty (spring.cloud.discovery.client.health-indicator.enabled) matched (OnPropertyCondition)

   CommonsClientAutoConfiguration.DiscoveryLoadBalancerConfiguration#discoveryCompositeHealthIndicator matched:
      - @ConditionalOnProperty (spring.cloud.discovery.client.composite-indicator.enabled) matched (OnPropertyCondition)
      - @ConditionalOnBean (types: org.springframework.cloud.client.discovery.health.DiscoveryHealthIndicator; SearchStrategy: all) found beans 'discoveryClientHealthIndicator', 'eurekaHealthIndicator' (OnBeanCondition)

   CompositeMeterRegistryAutoConfiguration matched:
      - @ConditionalOnClass found required class 'io.micrometer.core.instrument.composite.CompositeMeterRegistry'; @ConditionalOnMissingClass did not find unwanted class (OnClassCondition)

   ConditionsReportEndpointAutoConfiguration#conditionsReportEndpoint matched:
      - @ConditionalOnMissingBean (types: org.springframework.boot.actuate.autoconfigure.condition.ConditionsReportEndpoint; SearchStrategy: current) did not find any beans (OnBeanCondition)
      - @ConditionalOnEnabledEndpoint no property management.endpoint.conditions.enabled found so using endpoint default (OnEnabledEndpointCondition)

   ConfigurationPropertiesRebinderAutoConfiguration matched:
      - @ConditionalOnBean (types: org.springframework.boot.context.properties.ConfigurationPropertiesBindingPostProcessor; SearchStrategy: all) found bean 'org.springframework.boot.context.properties.ConfigurationPropertiesBindingPostProcessor' (OnBeanCondition)

   ConfigurationPropertiesRebinderAutoConfiguration#configurationPropertiesBeans matched:
      - @ConditionalOnMissingBean (types: org.springframework.cloud.context.properties.ConfigurationPropertiesBeans; SearchStrategy: current) did not find any beans (OnBeanCondition)

   ConfigurationPropertiesRebinderAutoConfiguration#configurationPropertiesRebinder matched:
      - @ConditionalOnMissingBean (types: org.springframework.cloud.context.properties.ConfigurationPropertiesRebinder; SearchStrategy: current) did not find any beans (OnBeanCondition)

   ConfigurationPropertiesReportEndpointAutoConfiguration#configurationPropertiesReportEndpoint matched:
      - @ConditionalOnMissingBean (types: org.springframework.boot.actuate.context.properties.ConfigurationPropertiesReportEndpoint; SearchStrategy: all) did not find any beans (OnBeanCondition)
      - @ConditionalOnEnabledEndpoint no property management.endpoint.configprops.enabled found so using endpoint default (OnEnabledEndpointCondition)

   DataSourceAutoConfiguration matched:
      - @ConditionalOnClass found required classes 'javax.sql.DataSource', 'org.springframework.jdbc.datasource.embedded.EmbeddedDatabaseType'; @ConditionalOnMissingClass did not find unwanted class (OnClassCondition)

   DataSourceConfiguration.Hikari matched:
      - @ConditionalOnClass found required class 'com.zaxxer.hikari.HikariDataSource'; @ConditionalOnMissingClass did not find unwanted class (OnClassCondition)
      - @ConditionalOnProperty (spring.datasource.type=com.zaxxer.hikari.HikariDataSource) matched (OnPropertyCondition)

   DataSourceHealthIndicatorAutoConfiguration matched:
      - @ConditionalOnClass found required classes 'org.springframework.jdbc.core.JdbcTemplate', 'org.springframework.jdbc.datasource.lookup.AbstractRoutingDataSource'; @ConditionalOnMissingClass did not find unwanted class (OnClassCondition)
      - @ConditionalOnEnabledHealthIndicator management.health.defaults.enabled is considered true (OnEnabledHealthIndicatorCondition)
      - @ConditionalOnBean (types: javax.sql.DataSource; SearchStrategy: all) found bean 'dataSource' (OnBeanCondition)

   DataSourceHealthIndicatorAutoConfiguration#dbHealthIndicator matched:
      - @ConditionalOnMissingBean (names: dbHealthIndicator; SearchStrategy: all) did not find any beans (OnBeanCondition)

   DataSourcePoolMetadataProvidersConfiguration.HikariPoolDataSourceMetadataProviderConfiguration matched:
      - @ConditionalOnClass found required class 'com.zaxxer.hikari.HikariDataSource'; @ConditionalOnMissingClass did not find unwanted class (OnClassCondition)

   DataSourcePoolMetricsAutoConfiguration matched:
      - @ConditionalOnBean (types: javax.sql.DataSource,org.springframework.boot.jdbc.metadata.DataSourcePoolMetadataProvider,io.micrometer.core.instrument.MeterRegistry; SearchStrategy: all) found beans 'simpleMeterRegistry', 'dataSource', 'hikariPoolDataSourceMetadataProvider' (OnBeanCondition)

   DataSourcePoolMetricsAutoConfiguration.HikariDataSourceMetricsConfiguration matched:
      - @ConditionalOnClass found required class 'com.zaxxer.hikari.HikariDataSource'; @ConditionalOnMissingClass did not find unwanted class (OnClassCondition)

   DataSourceTransactionManagerAutoConfiguration matched:
      - @ConditionalOnClass found required classes 'org.springframework.jdbc.core.JdbcTemplate', 'org.springframework.transaction.PlatformTransactionManager'; @ConditionalOnMissingClass did not find unwanted class (OnClassCondition)

   DataSourceTransactionManagerAutoConfiguration.DataSourceTransactionManagerConfiguration matched:
      - @ConditionalOnSingleCandidate (types: javax.sql.DataSource; SearchStrategy: all) found a primary bean from beans 'dataSource' (OnBeanCondition)

   DefaultFeignLoadBalancedConfiguration#feignClient matched:
      - @ConditionalOnMissingBean (types: feign.Client; SearchStrategy: all) did not find any beans (OnBeanCondition)

   DiscoveryClientOptionalArgsConfiguration#discoveryClientOptionalArgs matched:
      - @ConditionalOnClass found required class 'com.sun.jersey.api.client.filter.ClientFilter'; @ConditionalOnMissingClass did not find unwanted class (OnClassCondition)
      - @ConditionalOnMissingBean (types: com.netflix.discovery.AbstractDiscoveryClientOptionalArgs; SearchStrategy: current) did not find any beans (OnBeanCondition)

   DiskSpaceHealthIndicatorAutoConfiguration matched:
      - @ConditionalOnEnabledHealthIndicator management.health.defaults.enabled is considered true (OnEnabledHealthIndicatorCondition)

   DiskSpaceHealthIndicatorAutoConfiguration#diskSpaceHealthIndicator matched:
      - @ConditionalOnMissingBean (names: diskSpaceHealthIndicator; SearchStrategy: all) did not find any beans (OnBeanCondition)

   DispatcherServletAutoConfiguration matched:
      - @ConditionalOnClass found required class 'org.springframework.web.servlet.DispatcherServlet'; @ConditionalOnMissingClass did not find unwanted class (OnClassCondition)
      - found 'session' scope (OnWebApplicationCondition)

   DispatcherServletAutoConfiguration.DispatcherServletConfiguration matched:
      - @ConditionalOnClass found required class 'javax.servlet.ServletRegistration'; @ConditionalOnMissingClass did not find unwanted class (OnClassCondition)
      - Default DispatcherServlet did not find dispatcher servlet beans (DispatcherServletAutoConfiguration.DefaultDispatcherServletCondition)

   DispatcherServletAutoConfiguration.DispatcherServletRegistrationConfiguration matched:
      - @ConditionalOnClass found required class 'javax.servlet.ServletRegistration'; @ConditionalOnMissingClass did not find unwanted class (OnClassCondition)
      - DispatcherServlet Registration did not find servlet registration bean (DispatcherServletAutoConfiguration.DispatcherServletRegistrationCondition)

   DispatcherServletAutoConfiguration.DispatcherServletRegistrationConfiguration#dispatcherServletRegistration matched:
      - @ConditionalOnBean (names: dispatcherServlet; types: org.springframework.web.servlet.DispatcherServlet; SearchStrategy: all) found bean 'dispatcherServlet' (OnBeanCondition)

   DruidDataSourceAutoConfigure matched:
      - @ConditionalOnClass found required class 'com.alibaba.druid.pool.DruidDataSource'; @ConditionalOnMissingClass did not find unwanted class (OnClassCondition)

   DruidDataSourceAutoConfigure#dataSource matched:
      - @ConditionalOnMissingBean (types: javax.sql.DataSource; SearchStrategy: all) did not find any beans (OnBeanCondition)

   DruidFilterConfiguration#statFilter matched:
      - @ConditionalOnProperty (spring.datasource.druid.filter.stat.enabled) matched (OnPropertyCondition)
      - @ConditionalOnMissingBean (types: com.alibaba.druid.filter.stat.StatFilter; SearchStrategy: all) did not find any beans (OnBeanCondition)

   DruidStatViewServletConfiguration matched:
      - @ConditionalOnWebApplication (required) found 'session' scope (OnWebApplicationCondition)
      - @ConditionalOnProperty (spring.datasource.druid.stat-view-servlet.enabled=true) matched (OnPropertyCondition)

   DruidWebStatFilterConfiguration matched:
      - @ConditionalOnWebApplication (required) found 'session' scope (OnWebApplicationCondition)
      - @ConditionalOnProperty (spring.datasource.druid.web-stat-filter.enabled=true) matched (OnPropertyCondition)

   ElasticsearchHealthIndicatorAutoConfiguration matched:
      - @ConditionalOnEnabledHealthIndicator management.health.defaults.enabled is considered true (OnEnabledHealthIndicatorCondition)

   EmbeddedWebServerFactoryCustomizerAutoConfiguration.TomcatWebServerFactoryCustomizerConfiguration matched:
      - @ConditionalOnClass found required classes 'org.apache.catalina.startup.Tomcat', 'org.apache.coyote.UpgradeProtocol'; @ConditionalOnMissingClass did not find unwanted class (OnClassCondition)

   EndpointAutoConfiguration#endpointCachingOperationInvokerAdvisor matched:
      - @ConditionalOnMissingBean (types: org.springframework.boot.actuate.endpoint.invoker.cache.CachingOperationInvokerAdvisor; SearchStrategy: all) did not find any beans (OnBeanCondition)

   EndpointAutoConfiguration#endpointOperationParameterMapper matched:
      - @ConditionalOnMissingBean (types: org.springframework.boot.actuate.endpoint.invoke.ParameterValueMapper; SearchStrategy: all) did not find any beans (OnBeanCondition)

   ErrorMvcAutoConfiguration matched:
      - @ConditionalOnClass found required classes 'javax.servlet.Servlet', 'org.springframework.web.servlet.DispatcherServlet'; @ConditionalOnMissingClass did not find unwanted class (OnClassCondition)
      - found 'session' scope (OnWebApplicationCondition)

   ErrorMvcAutoConfiguration#basicErrorController matched:
      - @ConditionalOnMissingBean (types: org.springframework.boot.web.servlet.error.ErrorController; SearchStrategy: current) did not find any beans (OnBeanCondition)

   ErrorMvcAutoConfiguration#errorAttributes matched:
      - @ConditionalOnMissingBean (types: org.springframework.boot.web.servlet.error.ErrorAttributes; SearchStrategy: current) did not find any beans (OnBeanCondition)

   ErrorMvcAutoConfiguration.DefaultErrorViewResolverConfiguration#conventionErrorViewResolver matched:
      - @ConditionalOnBean (types: org.springframework.web.servlet.DispatcherServlet; SearchStrategy: all) found bean 'dispatcherServlet'; @ConditionalOnMissingBean (types: org.springframework.boot.autoconfigure.web.servlet.error.DefaultErrorViewResolver; SearchStrategy: all) did not find any beans (OnBeanCondition)

   ErrorMvcAutoConfiguration.WhitelabelErrorViewConfiguration matched:
      - @ConditionalOnProperty (server.error.whitelabel.enabled) matched (OnPropertyCondition)
      - ErrorTemplate Missing did not find error template view (ErrorMvcAutoConfiguration.ErrorTemplateMissingCondition)

   ErrorMvcAutoConfiguration.WhitelabelErrorViewConfiguration#beanNameViewResolver matched:
      - @ConditionalOnMissingBean (types: org.springframework.web.servlet.view.BeanNameViewResolver; SearchStrategy: all) did not find any beans (OnBeanCondition)

   ErrorMvcAutoConfiguration.WhitelabelErrorViewConfiguration#defaultErrorView matched:
      - @ConditionalOnMissingBean (names: error; SearchStrategy: all) did not find any beans (OnBeanCondition)

   EurekaClientAutoConfiguration matched:
      - @ConditionalOnClass found required class 'com.netflix.discovery.EurekaClientConfig'; @ConditionalOnMissingClass did not find unwanted class (OnClassCondition)
      - @ConditionalOnProperty (eureka.client.enabled) matched (OnPropertyCondition)
      - @ConditionalOnBean (types: org.springframework.cloud.netflix.eureka.EurekaDiscoveryClientConfiguration$Marker; SearchStrategy: all) found bean 'eurekaDiscoverClientMarker' (OnBeanCondition)

   EurekaClientAutoConfiguration#eurekaAutoServiceRegistration matched:
      - @ConditionalOnProperty (spring.cloud.service-registry.auto-registration.enabled) matched (OnPropertyCondition)
      - @ConditionalOnBean (types: org.springframework.cloud.client.serviceregistry.AutoServiceRegistrationProperties; SearchStrategy: all) found bean 'spring.cloud.service-registry.auto-registration-org.springframework.cloud.client.serviceregistry.AutoServiceRegistrationProperties' (OnBeanCondition)

   EurekaClientAutoConfiguration#eurekaClientConfigBean matched:
      - @ConditionalOnMissingBean (types: com.netflix.discovery.EurekaClientConfig; SearchStrategy: current) did not find any beans (OnBeanCondition)

   EurekaClientAutoConfiguration#eurekaInstanceConfigBean matched:
      - @ConditionalOnMissingBean (types: com.netflix.appinfo.EurekaInstanceConfig; SearchStrategy: current) did not find any beans (OnBeanCondition)

   EurekaClientAutoConfiguration#serviceManagementMetadataProvider matched:
      - @ConditionalOnMissingBean (types: org.springframework.cloud.netflix.eureka.metadata.ManagementMetadataProvider; SearchStrategy: all) did not find any beans (OnBeanCondition)

   EurekaClientAutoConfiguration.EurekaHealthIndicatorConfiguration matched:
      - @ConditionalOnClass found required class 'org.springframework.boot.actuate.health.Health'; @ConditionalOnMissingClass did not find unwanted class (OnClassCondition)

   EurekaClientAutoConfiguration.EurekaHealthIndicatorConfiguration#eurekaHealthIndicator matched:
      - @ConditionalOnMissingBean (types: org.springframework.cloud.netflix.eureka.EurekaHealthIndicator; SearchStrategy: all) did not find any beans (OnBeanCondition)
      - @ConditionalOnEnabledHealthIndicator management.health.defaults.enabled is considered true (OnEnabledHealthIndicatorCondition)

   EurekaClientAutoConfiguration.RefreshableEurekaClientConfiguration matched:
      - @ConditionalOnClass found required class 'org.springframework.cloud.context.scope.refresh.RefreshScope'; @ConditionalOnMissingClass did not find unwanted class (OnClassCondition)
      - @ConditionalOnBean (types: org.springframework.cloud.autoconfigure.RefreshAutoConfiguration; SearchStrategy: all) found bean 'org.springframework.cloud.autoconfigure.RefreshAutoConfiguration' (OnBeanCondition)

   EurekaClientAutoConfiguration.RefreshableEurekaClientConfiguration#eurekaApplicationInfoManager matched:
      - @ConditionalOnMissingBean (types: com.netflix.appinfo.ApplicationInfoManager; SearchStrategy: current) did not find any beans (OnBeanCondition)

   EurekaClientAutoConfiguration.RefreshableEurekaClientConfiguration#eurekaClient matched:
      - @ConditionalOnMissingBean (types: com.netflix.discovery.EurekaClient; SearchStrategy: current) did not find any beans (OnBeanCondition)

   EurekaClientAutoConfiguration.RefreshableEurekaClientConfiguration#eurekaRegistration matched:
      - @ConditionalOnProperty (spring.cloud.service-registry.auto-registration.enabled) matched (OnPropertyCondition)
      - @ConditionalOnBean (types: org.springframework.cloud.client.serviceregistry.AutoServiceRegistrationProperties; SearchStrategy: all) found bean 'spring.cloud.service-registry.auto-registration-org.springframework.cloud.client.serviceregistry.AutoServiceRegistrationProperties' (OnBeanCondition)

   EurekaDiscoveryClientConfiguration matched:
      - @ConditionalOnClass found required class 'com.netflix.discovery.EurekaClientConfig'; @ConditionalOnMissingClass did not find unwanted class (OnClassCondition)
      - @ConditionalOnProperty (eureka.client.enabled) matched (OnPropertyCondition)

   EurekaDiscoveryClientConfiguration.EurekaClientConfigurationRefresher matched:
      - @ConditionalOnClass found required class 'org.springframework.cloud.context.scope.refresh.RefreshScopeRefreshedEvent'; @ConditionalOnMissingClass did not find unwanted class (OnClassCondition)

   FeignAutoConfiguration matched:
      - @ConditionalOnClass found required class 'feign.Feign'; @ConditionalOnMissingClass did not find unwanted class (OnClassCondition)

   FeignAutoConfiguration.HystrixFeignTargeterConfiguration matched:
      - @ConditionalOnClass found required class 'feign.hystrix.HystrixFeign'; @ConditionalOnMissingClass did not find unwanted class (OnClassCondition)

   FeignAutoConfiguration.HystrixFeignTargeterConfiguration#feignTargeter matched:
      - @ConditionalOnMissingBean (types: org.springframework.cloud.openfeign.Targeter; SearchStrategy: all) did not find any beans (OnBeanCondition)

   FeignRibbonClientAutoConfiguration matched:
      - @ConditionalOnClass found required classes 'com.netflix.loadbalancer.ILoadBalancer', 'feign.Feign'; @ConditionalOnMissingClass did not find unwanted class (OnClassCondition)

   FeignRibbonClientAutoConfiguration#cachingLBClientFactory matched:
      - @ConditionalOnClass found required class; @ConditionalOnMissingClass did not find unwanted class 'org.springframework.retry.support.RetryTemplate' (OnClassCondition)

   FeignRibbonClientAutoConfiguration#feignRequestOptions matched:
      - @ConditionalOnMissingBean (types: feign.Request$Options; SearchStrategy: all) did not find any beans (OnBeanCondition)

   GenericCacheConfiguration matched:
      - Cache org.springframework.boot.autoconfigure.cache.GenericCacheConfiguration automatic cache type (CacheCondition)

   GsonAutoConfiguration matched:
      - @ConditionalOnClass found required class 'com.google.gson.Gson'; @ConditionalOnMissingClass did not find unwanted class (OnClassCondition)

   GsonAutoConfiguration#gson matched:
      - @ConditionalOnMissingBean (types: com.google.gson.Gson; SearchStrategy: all) did not find any beans (OnBeanCondition)

   GsonAutoConfiguration#gsonBuilder matched:
      - @ConditionalOnMissingBean (types: com.google.gson.GsonBuilder; SearchStrategy: all) did not find any beans (OnBeanCondition)

   GsonHttpMessageConvertersConfiguration matched:
      - @ConditionalOnClass found required class 'com.google.gson.Gson'; @ConditionalOnMissingClass did not find unwanted class (OnClassCondition)

   HealthEndpointConfiguration#healthEndpoint matched:
      - @ConditionalOnMissingBean (types: org.springframework.boot.actuate.health.HealthEndpoint; SearchStrategy: all) did not find any beans (OnBeanCondition)
      - @ConditionalOnEnabledEndpoint no property management.endpoint.health.enabled found so using endpoint default (OnEnabledEndpointCondition)

   HealthEndpointWebExtensionConfiguration#createHealthStatusHttpMapper matched:
      - @ConditionalOnMissingBean (types: org.springframework.boot.actuate.health.HealthStatusHttpMapper; SearchStrategy: all) did not find any beans (OnBeanCondition)

   HealthEndpointWebExtensionConfiguration#healthWebEndpointResponseMapper matched:
      - @ConditionalOnMissingBean (types: org.springframework.boot.actuate.health.HealthWebEndpointResponseMapper; SearchStrategy: all) did not find any beans (OnBeanCondition)

   HealthEndpointWebExtensionConfiguration.ServletWebHealthConfiguration matched:
      - found 'session' scope (OnWebApplicationCondition)

   HealthEndpointWebExtensionConfiguration.ServletWebHealthConfiguration#healthEndpointWebExtension matched:
      - @ConditionalOnBean (types: org.springframework.boot.actuate.health.HealthEndpoint; SearchStrategy: all) found bean 'healthEndpoint'; @ConditionalOnMissingBean (types: org.springframework.boot.actuate.health.HealthEndpointWebExtension; SearchStrategy: all) did not find any beans (OnBeanCondition)
      - @ConditionalOnEnabledEndpoint no property management.endpoint.health.enabled found so using endpoint default (OnEnabledEndpointCondition)

   HealthIndicatorAutoConfiguration#healthAggregator matched:
      - @ConditionalOnMissingBean (types: org.springframework.boot.actuate.health.HealthAggregator; SearchStrategy: all) did not find any beans (OnBeanCondition)

   HeapDumpWebEndpointAutoConfiguration#heapDumpWebEndpoint matched:
      - @ConditionalOnMissingBean (types: org.springframework.boot.actuate.management.HeapDumpWebEndpoint; SearchStrategy: all) did not find any beans (OnBeanCondition)
      - @ConditionalOnEnabledEndpoint no property management.endpoint.heapdump.enabled found so using endpoint default (OnEnabledEndpointCondition)

   HibernateJpaAutoConfiguration matched:
      - @ConditionalOnClass found required classes 'org.springframework.orm.jpa.LocalContainerEntityManagerFactoryBean', 'javax.persistence.EntityManager'; @ConditionalOnMissingClass did not find unwanted class (OnClassCondition)
      - HibernateEntityManager found class 'org.hibernate.ejb.HibernateEntityManager' (HibernateJpaAutoConfiguration.HibernateEntityManagerCondition)

   HibernateJpaConfiguration matched:
      - @ConditionalOnSingleCandidate (types: javax.sql.DataSource; SearchStrategy: all) found a primary bean from beans 'dataSource' (OnBeanCondition)

   HttpClientConfiguration.ApacheHttpClientConfiguration matched:
      - @ConditionalOnClass found required class 'org.apache.http.client.HttpClient'; @ConditionalOnMissingClass did not find unwanted class (OnClassCondition)
      - @ConditionalOnProperty (spring.cloud.httpclientfactories.apache.enabled) matched (OnPropertyCondition)

   HttpClientConfiguration.ApacheHttpClientConfiguration#apacheHttpClientBuilder matched:
      - @ConditionalOnMissingBean (types: org.apache.http.impl.client.HttpClientBuilder; SearchStrategy: all) did not find any beans (OnBeanCondition)

   HttpClientConfiguration.ApacheHttpClientConfiguration#apacheHttpClientFactory matched:
      - @ConditionalOnMissingBean (types: org.springframework.cloud.commons.httpclient.ApacheHttpClientFactory; SearchStrategy: all) did not find any beans (OnBeanCondition)

   HttpClientConfiguration.ApacheHttpClientConfiguration#connManFactory matched:
      - @ConditionalOnMissingBean (types: org.springframework.cloud.commons.httpclient.ApacheHttpClientConnectionManagerFactory; SearchStrategy: all) did not find any beans (OnBeanCondition)

   HttpClientConfiguration.OkHttpClientConfiguration matched:
      - @ConditionalOnClass found required class 'okhttp3.OkHttpClient'; @ConditionalOnMissingClass did not find unwanted class (OnClassCondition)
      - @ConditionalOnProperty (spring.cloud.httpclientfactories.ok.enabled) matched (OnPropertyCondition)

   HttpClientConfiguration.OkHttpClientConfiguration#connPoolFactory matched:
      - @ConditionalOnMissingBean (types: org.springframework.cloud.commons.httpclient.OkHttpClientConnectionPoolFactory; SearchStrategy: all) did not find any beans (OnBeanCondition)

   HttpClientConfiguration.OkHttpClientConfiguration#okHttpClientBuilder matched:
      - @ConditionalOnMissingBean (types: okhttp3.OkHttpClient$Builder; SearchStrategy: all) did not find any beans (OnBeanCondition)

   HttpClientConfiguration.OkHttpClientConfiguration#okHttpClientFactory matched:
      - @ConditionalOnMissingBean (types: org.springframework.cloud.commons.httpclient.OkHttpClientFactory; SearchStrategy: all) did not find any beans (OnBeanCondition)

   HttpEncodingAutoConfiguration matched:
      - @ConditionalOnClass found required class 'org.springframework.web.filter.CharacterEncodingFilter'; @ConditionalOnMissingClass did not find unwanted class (OnClassCondition)
      - found 'session' scope (OnWebApplicationCondition)
      - @ConditionalOnProperty (spring.http.encoding.enabled) matched (OnPropertyCondition)

   HttpEncodingAutoConfiguration#characterEncodingFilter matched:
      - @ConditionalOnMissingBean (types: org.springframework.web.filter.CharacterEncodingFilter; SearchStrategy: all) did not find any beans (OnBeanCondition)

   HttpMessageConvertersAutoConfiguration matched:
      - @ConditionalOnClass found required class 'org.springframework.http.converter.HttpMessageConverter'; @ConditionalOnMissingClass did not find unwanted class (OnClassCondition)

   HttpMessageConvertersAutoConfiguration#messageConverters matched:
      - @ConditionalOnMissingBean (types: org.springframework.boot.autoconfigure.http.HttpMessageConverters; SearchStrategy: all) did not find any beans (OnBeanCondition)

   HttpMessageConvertersAutoConfiguration.StringHttpMessageConverterConfiguration matched:
      - @ConditionalOnClass found required class 'org.springframework.http.converter.StringHttpMessageConverter'; @ConditionalOnMissingClass did not find unwanted class (OnClassCondition)

   HttpMessageConvertersAutoConfiguration.StringHttpMessageConverterConfiguration#stringHttpMessageConverter matched:
      - @ConditionalOnMissingBean (types: org.springframework.http.converter.StringHttpMessageConverter; SearchStrategy: all) did not find any beans (OnBeanCondition)

   HttpTraceAutoConfiguration matched:
      - @ConditionalOnWebApplication (required) found 'session' scope (OnWebApplicationCondition)
      - @ConditionalOnProperty (management.trace.http.enabled) matched (OnPropertyCondition)

   HttpTraceAutoConfiguration#httpExchangeTracer matched:
      - @ConditionalOnMissingBean (types: org.springframework.boot.actuate.trace.http.HttpExchangeTracer; SearchStrategy: all) did not find any beans (OnBeanCondition)

   HttpTraceAutoConfiguration#traceRepository matched:
      - @ConditionalOnMissingBean (types: org.springframework.boot.actuate.trace.http.HttpTraceRepository; SearchStrategy: all) did not find any beans (OnBeanCondition)

   HttpTraceAutoConfiguration.ServletTraceFilterConfiguration matched:
      - found 'session' scope (OnWebApplicationCondition)

   HttpTraceAutoConfiguration.ServletTraceFilterConfiguration#httpTraceFilter matched:
      - @ConditionalOnMissingBean (types: org.springframework.boot.actuate.web.trace.servlet.HttpTraceFilter; SearchStrategy: all) did not find any beans (OnBeanCondition)

   HttpTraceEndpointAutoConfiguration#httpTraceEndpoint matched:
      - @ConditionalOnBean (types: org.springframework.boot.actuate.trace.http.HttpTraceRepository; SearchStrategy: all) found bean 'traceRepository'; @ConditionalOnMissingBean (types: org.springframework.boot.actuate.trace.http.HttpTraceEndpoint; SearchStrategy: all) did not find any beans (OnBeanCondition)
      - @ConditionalOnEnabledEndpoint no property management.endpoint.httptrace.enabled found so using endpoint default (OnEnabledEndpointCondition)

   HystrixAutoConfiguration matched:
      - @ConditionalOnClass found required classes 'com.netflix.hystrix.Hystrix', 'org.springframework.boot.actuate.health.HealthIndicator'; @ConditionalOnMissingClass did not find unwanted class (OnClassCondition)

   HystrixAutoConfiguration#hystrixHealthIndicator matched:
      - @ConditionalOnEnabledHealthIndicator management.health.defaults.enabled is considered true (OnEnabledHealthIndicatorCondition)

   HystrixAutoConfiguration.HystrixMetricsConfiguration matched:
      - @ConditionalOnClass found required class 'io.micrometer.core.instrument.binder.hystrix.HystrixMetricsBinder'; @ConditionalOnMissingClass did not find unwanted class (OnClassCondition)
      - @ConditionalOnProperty (management.metrics.binders.hystrix.enabled) matched (OnPropertyCondition)

   InfoContributorAutoConfiguration#envInfoContributor matched:
      - @ConditionalOnEnabledInfoContributor management.info.defaults.enabled is considered true (OnEnabledInfoContributorCondition)

   InfoEndpointAutoConfiguration#infoEndpoint matched:
      - @ConditionalOnMissingBean (types: org.springframework.boot.actuate.info.InfoEndpoint; SearchStrategy: all) did not find any beans (OnBeanCondition)
      - @ConditionalOnEnabledEndpoint no property management.endpoint.info.enabled found so using endpoint default (OnEnabledEndpointCondition)

   JacksonAutoConfiguration matched:
      - @ConditionalOnClass found required class 'com.fasterxml.jackson.databind.ObjectMapper'; @ConditionalOnMissingClass did not find unwanted class (OnClassCondition)

   JacksonAutoConfiguration.Jackson2ObjectMapperBuilderCustomizerConfiguration matched:
      - @ConditionalOnClass found required class 'org.springframework.http.converter.json.Jackson2ObjectMapperBuilder'; @ConditionalOnMissingClass did not find unwanted class (OnClassCondition)

   JacksonAutoConfiguration.JacksonObjectMapperBuilderConfiguration matched:
      - @ConditionalOnClass found required class 'org.springframework.http.converter.json.Jackson2ObjectMapperBuilder'; @ConditionalOnMissingClass did not find unwanted class (OnClassCondition)

   JacksonAutoConfiguration.JacksonObjectMapperBuilderConfiguration#jacksonObjectMapperBuilder matched:
      - @ConditionalOnMissingBean (types: org.springframework.http.converter.json.Jackson2ObjectMapperBuilder; SearchStrategy: all) did not find any beans (OnBeanCondition)

   JacksonAutoConfiguration.JacksonObjectMapperConfiguration matched:
      - @ConditionalOnClass found required class 'org.springframework.http.converter.json.Jackson2ObjectMapperBuilder'; @ConditionalOnMissingClass did not find unwanted class (OnClassCondition)

   JacksonAutoConfiguration.JacksonObjectMapperConfiguration#jacksonObjectMapper matched:
      - @ConditionalOnMissingBean (types: com.fasterxml.jackson.databind.ObjectMapper; SearchStrategy: all) did not find any beans (OnBeanCondition)

   JacksonAutoConfiguration.ParameterNamesModuleConfiguration matched:
      - @ConditionalOnClass found required class 'com.fasterxml.jackson.module.paramnames.ParameterNamesModule'; @ConditionalOnMissingClass did not find unwanted class (OnClassCondition)

   JacksonAutoConfiguration.ParameterNamesModuleConfiguration#parameterNamesModule matched:
      - @ConditionalOnMissingBean (types: com.fasterxml.jackson.module.paramnames.ParameterNamesModule; SearchStrategy: all) did not find any beans (OnBeanCondition)

   JacksonHttpMessageConvertersConfiguration.MappingJackson2HttpMessageConverterConfiguration matched:
      - @ConditionalOnClass found required class 'com.fasterxml.jackson.databind.ObjectMapper'; @ConditionalOnMissingClass did not find unwanted class (OnClassCondition)
      - @ConditionalOnProperty (spring.http.converters.preferred-json-mapper=jackson) matched (OnPropertyCondition)
      - @ConditionalOnBean (types: com.fasterxml.jackson.databind.ObjectMapper; SearchStrategy: all) found bean 'jacksonObjectMapper' (OnBeanCondition)

   JacksonHttpMessageConvertersConfiguration.MappingJackson2HttpMessageConverterConfiguration#mappingJackson2HttpMessageConverter matched:
      - @ConditionalOnMissingBean (types: org.springframework.http.converter.json.MappingJackson2HttpMessageConverter; SearchStrategy: all) did not find any beans (OnBeanCondition)

   JdbcTemplateAutoConfiguration matched:
      - @ConditionalOnClass found required classes 'javax.sql.DataSource', 'org.springframework.jdbc.core.JdbcTemplate'; @ConditionalOnMissingClass did not find unwanted class (OnClassCondition)
      - @ConditionalOnSingleCandidate (types: javax.sql.DataSource; SearchStrategy: all) found a primary bean from beans 'dataSource' (OnBeanCondition)

   JdbcTemplateAutoConfiguration.JdbcTemplateConfiguration#jdbcTemplate matched:
      - @ConditionalOnMissingBean (types: org.springframework.jdbc.core.JdbcOperations; SearchStrategy: all) did not find any beans (OnBeanCondition)

   JdbcTemplateAutoConfiguration.NamedParameterJdbcTemplateConfiguration#namedParameterJdbcTemplate matched:
      - @ConditionalOnSingleCandidate (types: org.springframework.jdbc.core.JdbcTemplate; SearchStrategy: all) found a primary bean from beans 'jdbcTemplate'; @ConditionalOnMissingBean (types: org.springframework.jdbc.core.namedparam.NamedParameterJdbcOperations; SearchStrategy: all) did not find any beans (OnBeanCondition)

   JmxEndpointAutoConfiguration#jmxAnnotationEndpointDiscoverer matched:
      - @ConditionalOnMissingBean (types: org.springframework.boot.actuate.endpoint.jmx.JmxEndpointsSupplier; SearchStrategy: all) did not find any beans (OnBeanCondition)

   JpaBaseConfiguration#entityManagerFactory matched:
      - @ConditionalOnMissingBean (types: org.springframework.orm.jpa.LocalContainerEntityManagerFactoryBean,javax.persistence.EntityManagerFactory; SearchStrategy: all) did not find any beans (OnBeanCondition)

   JpaBaseConfiguration#entityManagerFactoryBuilder matched:
      - @ConditionalOnMissingBean (types: org.springframework.boot.orm.jpa.EntityManagerFactoryBuilder; SearchStrategy: all) did not find any beans (OnBeanCondition)

   JpaBaseConfiguration#jpaVendorAdapter matched:
      - @ConditionalOnMissingBean (types: org.springframework.orm.jpa.JpaVendorAdapter; SearchStrategy: all) did not find any beans (OnBeanCondition)

   JpaBaseConfiguration#transactionManager matched:
      - @ConditionalOnMissingBean (types: org.springframework.transaction.PlatformTransactionManager; SearchStrategy: all) did not find any beans (OnBeanCondition)

   JpaBaseConfiguration.JpaWebConfiguration matched:
      - @ConditionalOnClass found required class 'org.springframework.web.servlet.config.annotation.WebMvcConfigurer'; @ConditionalOnMissingClass did not find unwanted class (OnClassCondition)
      - found 'session' scope (OnWebApplicationCondition)
      - @ConditionalOnProperty (spring.jpa.open-in-view=true) matched (OnPropertyCondition)
      - @ConditionalOnMissingBean (types: org.springframework.orm.jpa.support.OpenEntityManagerInViewInterceptor,org.springframework.orm.jpa.support.OpenEntityManagerInViewFilter; SearchStrategy: all) did not find any beans (OnBeanCondition)

   JpaRepositoriesAutoConfiguration matched:
      - @ConditionalOnClass found required class 'org.springframework.data.jpa.repository.JpaRepository'; @ConditionalOnMissingClass did not find unwanted class (OnClassCondition)
      - @ConditionalOnProperty (spring.data.jpa.repositories.enabled=true) matched (OnPropertyCondition)
      - @ConditionalOnBean (types: javax.sql.DataSource; SearchStrategy: all) found bean 'dataSource'; @ConditionalOnMissingBean (types: org.springframework.data.jpa.repository.support.JpaRepositoryFactoryBean,org.springframework.data.jpa.repository.config.JpaRepositoryConfigExtension; SearchStrategy: all) did not find any beans (OnBeanCondition)

   JtaAutoConfiguration matched:
      - @ConditionalOnClass found required class 'javax.transaction.Transaction'; @ConditionalOnMissingClass did not find unwanted class (OnClassCondition)
      - @ConditionalOnProperty (spring.jta.enabled) matched (OnPropertyCondition)

   LifecycleMvcEndpointAutoConfiguration#environmentManager matched:
      - @ConditionalOnMissingBean (types: org.springframework.cloud.context.environment.EnvironmentManager; SearchStrategy: all) did not find any beans (OnBeanCondition)

   LoadBalancerAutoConfiguration matched:
      - @ConditionalOnClass found required class 'org.springframework.web.client.RestTemplate'; @ConditionalOnMissingClass did not find unwanted class (OnClassCondition)
      - @ConditionalOnBean (types: org.springframework.cloud.client.loadbalancer.LoadBalancerClient; SearchStrategy: all) found bean 'loadBalancerClient' (OnBeanCondition)

   LoadBalancerAutoConfiguration#loadBalancerRequestFactory matched:
      - @ConditionalOnMissingBean (types: org.springframework.cloud.client.loadbalancer.LoadBalancerRequestFactory; SearchStrategy: all) did not find any beans (OnBeanCondition)

   LoadBalancerAutoConfiguration.LoadBalancerInterceptorConfig matched:
      - @ConditionalOnClass found required class; @ConditionalOnMissingClass did not find unwanted class 'org.springframework.retry.support.RetryTemplate' (OnClassCondition)

   LoadBalancerAutoConfiguration.LoadBalancerInterceptorConfig#restTemplateCustomizer matched:
      - @ConditionalOnMissingBean (types: org.springframework.cloud.client.loadbalancer.RestTemplateCustomizer; SearchStrategy: all) did not find any beans (OnBeanCondition)

   LoggersEndpointAutoConfiguration#loggersEndpoint matched:
      - Logging System enabled (LoggersEndpointAutoConfiguration.OnEnabledLoggingSystemCondition)
      - @ConditionalOnBean (types: org.springframework.boot.logging.LoggingSystem; SearchStrategy: all) found bean 'springBootLoggingSystem'; @ConditionalOnMissingBean (types: org.springframework.boot.actuate.logging.LoggersEndpoint; SearchStrategy: all) did not find any beans (OnBeanCondition)
      - @ConditionalOnEnabledEndpoint no property management.endpoint.loggers.enabled found so using endpoint default (OnEnabledEndpointCondition)

   ManagementContextAutoConfiguration.SameManagementContextConfiguration matched:
      - Management Port actual port type (SAME) matched required type (OnManagementPortCondition)

   MappingsEndpointAutoConfiguration#mappingsEndpoint matched:
      - @ConditionalOnEnabledEndpoint no property management.endpoint.mappings.enabled found so using endpoint default (OnEnabledEndpointCondition)

   MappingsEndpointAutoConfiguration.ServletWebConfiguration matched:
      - found 'session' scope (OnWebApplicationCondition)

   MappingsEndpointAutoConfiguration.ServletWebConfiguration.SpringMvcConfiguration matched:
      - @ConditionalOnClass found required class 'org.springframework.web.servlet.DispatcherServlet'; @ConditionalOnMissingClass did not find unwanted class (OnClassCondition)
      - @ConditionalOnBean (types: org.springframework.web.servlet.DispatcherServlet; SearchStrategy: all) found bean 'dispatcherServlet' (OnBeanCondition)

   MetricsAutoConfiguration matched:
      - @ConditionalOnClass found required class 'io.micrometer.core.annotation.Timed'; @ConditionalOnMissingClass did not find unwanted class (OnClassCondition)

   MetricsAutoConfiguration#micrometerClock matched:
      - @ConditionalOnMissingBean (types: io.micrometer.core.instrument.Clock; SearchStrategy: all) did not find any beans (OnBeanCondition)

   MetricsAutoConfiguration.JvmMeterBindersConfiguration matched:
      - @ConditionalOnProperty (management.metrics.binders.jvm.enabled) matched (OnPropertyCondition)

   MetricsAutoConfiguration.JvmMeterBindersConfiguration#classLoaderMetrics matched:
      - @ConditionalOnMissingBean (types: io.micrometer.core.instrument.binder.jvm.ClassLoaderMetrics; SearchStrategy: all) did not find any beans (OnBeanCondition)

   MetricsAutoConfiguration.JvmMeterBindersConfiguration#jvmGcMetrics matched:
      - @ConditionalOnMissingBean (types: io.micrometer.core.instrument.binder.jvm.JvmGcMetrics; SearchStrategy: all) did not find any beans (OnBeanCondition)

   MetricsAutoConfiguration.JvmMeterBindersConfiguration#jvmMemoryMetrics matched:
      - @ConditionalOnMissingBean (types: io.micrometer.core.instrument.binder.jvm.JvmMemoryMetrics; SearchStrategy: all) did not find any beans (OnBeanCondition)

   MetricsAutoConfiguration.JvmMeterBindersConfiguration#jvmThreadMetrics matched:
      - @ConditionalOnMissingBean (types: io.micrometer.core.instrument.binder.jvm.JvmThreadMetrics; SearchStrategy: all) did not find any beans (OnBeanCondition)

   MetricsAutoConfiguration.MeterBindersConfiguration#fileDescriptorMetrics matched:
      - @ConditionalOnProperty (management.metrics.binders.files.enabled) matched (OnPropertyCondition)
      - @ConditionalOnMissingBean (types: io.micrometer.core.instrument.binder.system.FileDescriptorMetrics; SearchStrategy: all) did not find any beans (OnBeanCondition)

   MetricsAutoConfiguration.MeterBindersConfiguration#logbackMetrics matched:
      - @ConditionalOnClass found required classes 'ch.qos.logback.classic.LoggerContext', 'org.slf4j.LoggerFactory'; @ConditionalOnMissingClass did not find unwanted class (OnClassCondition)
      - @ConditionalOnProperty (management.metrics.binders.logback.enabled) matched (OnPropertyCondition)
      - LogbackLoggingCondition ILoggerFactory is a Logback LoggerContext (MetricsAutoConfiguration.LogbackLoggingCondition)
      - @ConditionalOnMissingBean (types: io.micrometer.core.instrument.binder.logging.LogbackMetrics; SearchStrategy: all) did not find any beans (OnBeanCondition)

   MetricsAutoConfiguration.MeterBindersConfiguration#processorMetrics matched:
      - @ConditionalOnProperty (management.metrics.binders.processor.enabled) matched (OnPropertyCondition)
      - @ConditionalOnMissingBean (types: io.micrometer.core.instrument.binder.system.ProcessorMetrics; SearchStrategy: all) did not find any beans (OnBeanCondition)

   MetricsAutoConfiguration.MeterBindersConfiguration#uptimeMetrics matched:
      - @ConditionalOnProperty (management.metrics.binders.uptime.enabled) matched (OnPropertyCondition)
      - @ConditionalOnMissingBean (types: io.micrometer.core.instrument.binder.system.UptimeMetrics; SearchStrategy: all) did not find any beans (OnBeanCondition)

   MetricsEndpointAutoConfiguration matched:
      - @ConditionalOnClass found required class 'io.micrometer.core.annotation.Timed'; @ConditionalOnMissingClass did not find unwanted class (OnClassCondition)

   MetricsEndpointAutoConfiguration#metricsEndpoint matched:
      - @ConditionalOnBean (types: io.micrometer.core.instrument.MeterRegistry; SearchStrategy: all) found bean 'simpleMeterRegistry'; @ConditionalOnMissingBean (types: org.springframework.boot.actuate.metrics.MetricsEndpoint; SearchStrategy: all) did not find any beans (OnBeanCondition)
      - @ConditionalOnEnabledEndpoint no property management.endpoint.metrics.enabled found so using endpoint default (OnEnabledEndpointCondition)

   MongoAutoConfiguration matched:
      - @ConditionalOnClass found required class 'com.mongodb.MongoClient'; @ConditionalOnMissingClass did not find unwanted class (OnClassCondition)
      - @ConditionalOnMissingBean (types: org.springframework.data.mongodb.MongoDbFactory; SearchStrategy: all) did not find any beans (OnBeanCondition)

   MongoAutoConfiguration#mongo matched:
      - @ConditionalOnMissingBean (types: com.mongodb.MongoClient; SearchStrategy: all) did not find any beans (OnBeanCondition)

   MongoDataAutoConfiguration matched:
      - @ConditionalOnClass found required classes 'com.mongodb.MongoClient', 'org.springframework.data.mongodb.core.MongoTemplate'; @ConditionalOnMissingClass did not find unwanted class (OnClassCondition)

   MongoDataAutoConfiguration#gridFsTemplate matched:
      - @ConditionalOnMissingBean (types: org.springframework.data.mongodb.gridfs.GridFsTemplate; SearchStrategy: all) did not find any beans (OnBeanCondition)

   MongoDataAutoConfiguration#mappingMongoConverter matched:
      - @ConditionalOnMissingBean (types: org.springframework.data.mongodb.core.convert.MongoConverter; SearchStrategy: all) did not find any beans (OnBeanCondition)

   MongoDataAutoConfiguration#mongoCustomConversions matched:
      - @ConditionalOnMissingBean (types: org.springframework.data.mongodb.core.convert.MongoCustomConversions; SearchStrategy: all) did not find any beans (OnBeanCondition)

   MongoDataAutoConfiguration#mongoDbFactory matched:
      - @ConditionalOnMissingBean (types: org.springframework.data.mongodb.MongoDbFactory; SearchStrategy: all) did not find any beans (OnBeanCondition)

   MongoDataAutoConfiguration#mongoMappingContext matched:
      - @ConditionalOnMissingBean (types: org.springframework.data.mongodb.core.mapping.MongoMappingContext; SearchStrategy: all) did not find any beans (OnBeanCondition)

   MongoDataAutoConfiguration#mongoTemplate matched:
      - @ConditionalOnMissingBean (types: org.springframework.data.mongodb.core.MongoTemplate; SearchStrategy: all) did not find any beans (OnBeanCondition)

   MongoHealthIndicatorAutoConfiguration matched:
      - @ConditionalOnEnabledHealthIndicator management.health.defaults.enabled is considered true (OnEnabledHealthIndicatorCondition)

   MongoHealthIndicatorConfiguration matched:
      - @ConditionalOnClass found required class 'org.springframework.data.mongodb.core.MongoTemplate'; @ConditionalOnMissingClass did not find unwanted class (OnClassCondition)
      - @ConditionalOnBean (types: org.springframework.data.mongodb.core.MongoTemplate; SearchStrategy: all) found bean 'mongoTemplate' (OnBeanCondition)

   MongoHealthIndicatorConfiguration#mongoHealthIndicator matched:
      - @ConditionalOnMissingBean (names: mongoHealthIndicator; SearchStrategy: all) did not find any beans (OnBeanCondition)

   MongoRepositoriesAutoConfiguration matched:
      - @ConditionalOnClass found required classes 'com.mongodb.MongoClient', 'org.springframework.data.mongodb.repository.MongoRepository'; @ConditionalOnMissingClass did not find unwanted class (OnClassCondition)
      - @ConditionalOnRepositoryType configured type of 'AUTO' matched required type (OnRepositoryTypeCondition)
      - @ConditionalOnMissingBean (types: org.springframework.data.mongodb.repository.support.MongoRepositoryFactoryBean,org.springframework.data.mongodb.repository.config.MongoRepositoryConfigurationExtension; SearchStrategy: all) did not find any beans (OnBeanCondition)

   MultipartAutoConfiguration matched:
      - @ConditionalOnClass found required classes 'javax.servlet.Servlet', 'org.springframework.web.multipart.support.StandardServletMultipartResolver', 'javax.servlet.MultipartConfigElement'; @ConditionalOnMissingClass did not find unwanted class (OnClassCondition)
      - found 'session' scope (OnWebApplicationCondition)
      - @ConditionalOnProperty (spring.servlet.multipart.enabled) matched (OnPropertyCondition)

   MultipartAutoConfiguration#multipartConfigElement matched:
      - @ConditionalOnMissingBean (types: javax.servlet.MultipartConfigElement; SearchStrategy: all) did not find any beans (OnBeanCondition)

   MultipartAutoConfiguration#multipartResolver matched:
      - @ConditionalOnMissingBean (types: org.springframework.web.multipart.MultipartResolver; SearchStrategy: all) did not find any beans (OnBeanCondition)

   MybatisAutoConfiguration matched:
      - @ConditionalOnClass found required classes 'org.apache.ibatis.session.SqlSessionFactory', 'org.mybatis.spring.SqlSessionFactoryBean'; @ConditionalOnMissingClass did not find unwanted class (OnClassCondition)
      - @ConditionalOnBean (types: javax.sql.DataSource; SearchStrategy: all) found bean 'dataSource' (OnBeanCondition)

   MybatisAutoConfiguration#sqlSessionFactory matched:
      - @ConditionalOnMissingBean (types: org.apache.ibatis.session.SqlSessionFactory; SearchStrategy: all) did not find any beans (OnBeanCondition)

   MybatisAutoConfiguration#sqlSessionTemplate matched:
      - @ConditionalOnMissingBean (types: org.mybatis.spring.SqlSessionTemplate; SearchStrategy: all) did not find any beans (OnBeanCondition)

   MybatisAutoConfiguration.MapperScannerRegistrarNotFoundConfiguration matched:
      - @ConditionalOnMissingBean (types: org.mybatis.spring.mapper.MapperFactoryBean; SearchStrategy: all) did not find any beans (OnBeanCondition)

   NoOpCacheConfiguration matched:
      - Cache org.springframework.boot.autoconfigure.cache.NoOpCacheConfiguration automatic cache type (CacheCondition)

   OAuth2AutoConfiguration matched:
      - @ConditionalOnClass found required classes 'org.springframework.security.oauth2.common.OAuth2AccessToken', 'org.springframework.web.servlet.config.annotation.WebMvcConfigurer'; @ConditionalOnMissingClass did not find unwanted class (OnClassCondition)

   OAuth2MethodSecurityConfiguration matched:
      - @ConditionalOnClass found required class 'org.springframework.security.oauth2.common.OAuth2AccessToken'; @ConditionalOnMissingClass did not find unwanted class (OnClassCondition)
      - @ConditionalOnBean (types: org.springframework.security.config.annotation.method.configuration.GlobalMethodSecurityConfiguration; SearchStrategy: all) found bean 'org.springframework.security.config.annotation.method.configuration.GlobalMethodSecurityConfiguration' (OnBeanCondition)

   OAuth2RestOperationsConfiguration matched:
      - @ConditionalOnClass found required class 'org.springframework.security.oauth2.config.annotation.web.configuration.EnableOAuth2Client'; @ConditionalOnMissingClass did not find unwanted class (OnClassCondition)

   PageHelperAutoConfiguration matched:
      - @ConditionalOnBean (types: org.apache.ibatis.session.SqlSessionFactory; SearchStrategy: all) found bean 'sqlSessionFactory' (OnBeanCondition)

   PersistenceExceptionTranslationAutoConfiguration matched:
      - @ConditionalOnClass found required class 'org.springframework.dao.annotation.PersistenceExceptionTranslationPostProcessor'; @ConditionalOnMissingClass did not find unwanted class (OnClassCondition)

   PersistenceExceptionTranslationAutoConfiguration#persistenceExceptionTranslationPostProcessor matched:
      - @ConditionalOnProperty (spring.dao.exceptiontranslation.enabled) matched (OnPropertyCondition)
      - @ConditionalOnMissingBean (types: org.springframework.dao.annotation.PersistenceExceptionTranslationPostProcessor; SearchStrategy: all) did not find any beans (OnBeanCondition)

   PropertyPlaceholderAutoConfiguration#propertySourcesPlaceholderConfigurer matched:
      - @ConditionalOnMissingBean (types: org.springframework.context.support.PropertySourcesPlaceholderConfigurer; SearchStrategy: current) did not find any beans (OnBeanCondition)

   RedisCacheConfiguration matched:
      - Cache org.springframework.boot.autoconfigure.cache.RedisCacheConfiguration automatic cache type (CacheCondition)

   RedisHealthIndicatorAutoConfiguration matched:
      - @ConditionalOnEnabledHealthIndicator management.health.defaults.enabled is considered true (OnEnabledHealthIndicatorCondition)

   RefreshAutoConfiguration matched:
      - @ConditionalOnClass found required class 'org.springframework.cloud.context.scope.refresh.RefreshScope'; @ConditionalOnMissingClass did not find unwanted class (OnClassCondition)
      - @ConditionalOnProperty (spring.cloud.refresh.enabled) matched (OnPropertyCondition)

   RefreshAutoConfiguration#contextRefresher matched:
      - @ConditionalOnMissingBean (types: org.springframework.cloud.context.refresh.ContextRefresher; SearchStrategy: all) did not find any beans (OnBeanCondition)

   RefreshAutoConfiguration#loggingRebinder matched:
      - @ConditionalOnMissingBean (types: org.springframework.cloud.logging.LoggingRebinder; SearchStrategy: all) did not find any beans (OnBeanCondition)

   RefreshAutoConfiguration#refreshScope matched:
      - @ConditionalOnMissingBean (types: org.springframework.cloud.context.scope.refresh.RefreshScope; SearchStrategy: all) did not find any beans (OnBeanCondition)

   RefreshAutoConfiguration.JpaInvokerConfiguration matched:
      - @ConditionalOnClass found required class 'javax.persistence.EntityManagerFactory'; @ConditionalOnMissingClass did not find unwanted class (OnClassCondition)

   RefreshEndpointAutoConfiguration matched:
      - @ConditionalOnClass found required classes 'org.springframework.boot.actuate.autoconfigure.endpoint.EndpointAutoConfiguration', 'org.springframework.boot.actuate.health.Health'; @ConditionalOnMissingClass did not find unwanted class (OnClassCondition)

   RefreshEndpointAutoConfiguration#refreshScopeHealthIndicator matched:
      - @ConditionalOnMissingBean (types: org.springframework.cloud.health.RefreshScopeHealthIndicator; SearchStrategy: all) did not find any beans (OnBeanCondition)
      - @ConditionalOnEnabledHealthIndicator management.health.defaults.enabled is considered true (OnEnabledHealthIndicatorCondition)

   RefreshEndpointAutoConfiguration.RefreshEndpointConfiguration matched:
      - @ConditionalOnBean (types: org.springframework.cloud.bootstrap.config.PropertySourceBootstrapConfiguration; SearchStrategy: all) found bean 'propertySourceBootstrapConfiguration' (OnBeanCondition)

   RefreshEndpointAutoConfiguration.RefreshEndpointConfiguration#refreshEndpoint matched:
      - @ConditionalOnBean (types: org.springframework.cloud.context.refresh.ContextRefresher; SearchStrategy: all) found bean 'contextRefresher'; @ConditionalOnMissingBean (types: org.springframework.cloud.endpoint.RefreshEndpoint; SearchStrategy: all) did not find any beans (OnBeanCondition)
      - @ConditionalOnEnabledEndpoint no property management.endpoint.refresh.enabled found so using endpoint default (OnEnabledEndpointCondition)

   ResourceServerTokenServicesConfiguration.RemoteTokenServicesConfiguration matched:
      - NoneNestedConditions 0 matched 2 did not; NestedCondition on ResourceServerTokenServicesConfiguration.RemoteTokenCondition.HasJwkConfiguration OAuth JWK Condition did not find key jwk set URI not provided; NestedCondition on ResourceServerTokenServicesConfiguration.RemoteTokenCondition.HasJwtConfiguration OAuth JWT Condition did not find provided public key (ResourceServerTokenServicesConfiguration.RemoteTokenCondition)

   ResourceServerTokenServicesConfiguration.RemoteTokenServicesConfiguration.TokenInfoServicesConfiguration matched:
      - OAuth TokenInfo Condition did not find user-info-uri property (ResourceServerTokenServicesConfiguration.TokenInfoCondition)

   RestTemplateAutoConfiguration matched:
      - @ConditionalOnClass found required class 'org.springframework.web.client.RestTemplate'; @ConditionalOnMissingClass did not find unwanted class (OnClassCondition)

   RestTemplateAutoConfiguration#restTemplateBuilder matched:
      - @ConditionalOnMissingBean (types: org.springframework.boot.web.client.RestTemplateBuilder; SearchStrategy: all) did not find any beans (OnBeanCondition)

   RestTemplateMetricsAutoConfiguration matched:
      - @ConditionalOnClass found required class 'org.springframework.web.client.RestTemplate'; @ConditionalOnMissingClass did not find unwanted class (OnClassCondition)
      - @ConditionalOnBean (types: io.micrometer.core.instrument.MeterRegistry; SearchStrategy: all) found bean 'simpleMeterRegistry' (OnBeanCondition)

   RestTemplateMetricsAutoConfiguration#restTemplateTagConfigurer matched:
      - @ConditionalOnMissingBean (types: org.springframework.boot.actuate.metrics.web.client.RestTemplateExchangeTagsProvider; SearchStrategy: all) did not find any beans (OnBeanCondition)

   RestartEndpointWithoutIntegrationConfiguration matched:
      - @ConditionalOnClass found required class; @ConditionalOnMissingClass did not find unwanted class 'org.springframework.integration.monitor.IntegrationMBeanExporter' (OnClassCondition)

   RibbonAutoConfiguration matched:
      - @ConditionalOnClass found required classes 'com.netflix.client.IClient', 'org.springframework.web.client.RestTemplate', 'org.springframework.web.client.AsyncRestTemplate', 'com.netflix.ribbon.Ribbon'; @ConditionalOnMissingClass did not find unwanted class (OnClassCondition)

   RibbonAutoConfiguration#loadBalancerClient matched:
      - @ConditionalOnMissingBean (types: org.springframework.cloud.client.loadbalancer.LoadBalancerClient; SearchStrategy: all) did not find any beans (OnBeanCondition)

   RibbonAutoConfiguration#propertiesFactory matched:
      - @ConditionalOnMissingBean (types: org.springframework.cloud.netflix.ribbon.PropertiesFactory; SearchStrategy: all) did not find any beans (OnBeanCondition)

   RibbonEurekaAutoConfiguration matched:
      - AllNestedConditions 3 matched 0 did not; NestedCondition on ConditionalOnRibbonAndEurekaEnabled.OnRibbonAndEurekaEnabledCondition.OnEurekaClientEnabled @ConditionalOnProperty (eureka.client.enabled) matched; NestedCondition on ConditionalOnRibbonAndEurekaEnabled.OnRibbonAndEurekaEnabledCondition.EurekaBeans @ConditionalOnBean (types: com.netflix.discovery.EurekaClient; SearchStrategy: all) found bean 'scopedTarget.eurekaClient'; NestedCondition on ConditionalOnRibbonAndEurekaEnabled.OnRibbonAndEurekaEnabledCondition.Defaults found matching nested conditions @ConditionalOnClass found required class 'com.netflix.niws.loadbalancer.DiscoveryEnabledNIWSServerList'; @ConditionalOnMissingClass did not find unwanted class, @ConditionalOnBean (types: org.springframework.cloud.netflix.ribbon.SpringClientFactory; SearchStrategy: all) found bean 'springClientFactory', @ConditionalOnProperty (ribbon.eureka.enabled) matched (ConditionalOnRibbonAndEurekaEnabled.OnRibbonAndEurekaEnabledCondition)

   ScheduledTasksEndpointAutoConfiguration#scheduledTasksEndpoint matched:
      - @ConditionalOnMissingBean (types: org.springframework.boot.actuate.scheduling.ScheduledTasksEndpoint; SearchStrategy: all) did not find any beans (OnBeanCondition)
      - @ConditionalOnEnabledEndpoint no property management.endpoint.scheduledtasks.enabled found so using endpoint default (OnEnabledEndpointCondition)

   SecurityAutoConfiguration matched:
      - @ConditionalOnClass found required class 'org.springframework.security.authentication.DefaultAuthenticationEventPublisher'; @ConditionalOnMissingClass did not find unwanted class (OnClassCondition)

   SecurityAutoConfiguration#authenticationEventPublisher matched:
      - @ConditionalOnMissingBean (types: org.springframework.security.authentication.AuthenticationEventPublisher; SearchStrategy: all) did not find any beans (OnBeanCondition)

   SecurityFilterAutoConfiguration matched:
      - @ConditionalOnClass found required classes 'org.springframework.security.web.context.AbstractSecurityWebApplicationInitializer', 'org.springframework.security.config.http.SessionCreationPolicy'; @ConditionalOnMissingClass did not find unwanted class (OnClassCondition)
      - found 'session' scope (OnWebApplicationCondition)

   SecurityFilterAutoConfiguration#securityFilterChainRegistration matched:
      - @ConditionalOnBean (names: springSecurityFilterChain; SearchStrategy: all) found bean 'springSecurityFilterChain' (OnBeanCondition)

   ServiceRegistryAutoConfiguration.ServiceRegistryEndpointConfiguration matched:
      - @ConditionalOnClass found required class 'org.springframework.boot.actuate.endpoint.annotation.Endpoint'; @ConditionalOnMissingClass did not find unwanted class (OnClassCondition)
      - @ConditionalOnBean (types: org.springframework.cloud.client.serviceregistry.ServiceRegistry; SearchStrategy: all) found bean 'eurekaServiceRegistry' (OnBeanCondition)

   ServiceRegistryAutoConfiguration.ServiceRegistryEndpointConfiguration#serviceRegistryEndpoint matched:
      - @ConditionalOnEnabledEndpoint no property management.endpoint.service-registry.enabled found so using endpoint default (OnEnabledEndpointCondition)

   ServletEndpointManagementContextConfiguration matched:
      - found 'session' scope (OnWebApplicationCondition)

   ServletManagementContextAutoConfiguration matched:
      - @ConditionalOnClass found required class 'javax.servlet.Servlet'; @ConditionalOnMissingClass did not find unwanted class (OnClassCondition)
      - found 'session' scope (OnWebApplicationCondition)

   ServletWebServerFactoryAutoConfiguration matched:
      - @ConditionalOnClass found required class 'javax.servlet.ServletRequest'; @ConditionalOnMissingClass did not find unwanted class (OnClassCondition)
      - found 'session' scope (OnWebApplicationCondition)

   ServletWebServerFactoryAutoConfiguration#tomcatServletWebServerFactoryCustomizer matched:
      - @ConditionalOnClass found required class 'org.apache.catalina.startup.Tomcat'; @ConditionalOnMissingClass did not find unwanted class (OnClassCondition)

   ServletWebServerFactoryConfiguration.EmbeddedTomcat matched:
      - @ConditionalOnClass found required classes 'javax.servlet.Servlet', 'org.apache.catalina.startup.Tomcat', 'org.apache.coyote.UpgradeProtocol'; @ConditionalOnMissingClass did not find unwanted class (OnClassCondition)
      - @ConditionalOnMissingBean (types: org.springframework.boot.web.servlet.server.ServletWebServerFactory; SearchStrategy: current) did not find any beans (OnBeanCondition)

   SimpleCacheConfiguration matched:
      - Cache org.springframework.boot.autoconfigure.cache.SimpleCacheConfiguration automatic cache type (CacheCondition)

   SimpleMetricsExportAutoConfiguration matched:
      - @ConditionalOnProperty (management.metrics.export.simple.enabled=true) matched (OnPropertyCondition)
      - @ConditionalOnBean (types: io.micrometer.core.instrument.Clock; SearchStrategy: all) found bean 'micrometerClock'; @ConditionalOnMissingBean (types: io.micrometer.core.instrument.MeterRegistry; SearchStrategy: all) did not find any beans (OnBeanCondition)

   SimpleMetricsExportAutoConfiguration#simpleConfig matched:
      - @ConditionalOnMissingBean (types: io.micrometer.core.instrument.simple.SimpleConfig; SearchStrategy: all) did not find any beans (OnBeanCondition)

   SpringDataWebAutoConfiguration matched:
      - @ConditionalOnClass found required classes 'org.springframework.data.web.PageableHandlerMethodArgumentResolver', 'org.springframework.web.servlet.config.annotation.WebMvcConfigurer'; @ConditionalOnMissingClass did not find unwanted class (OnClassCondition)
      - found 'session' scope (OnWebApplicationCondition)
      - @ConditionalOnMissingBean (types: org.springframework.data.web.PageableHandlerMethodArgumentResolver; SearchStrategy: all) did not find any beans (OnBeanCondition)

   SpringDataWebAutoConfiguration#pageableCustomizer matched:
      - @ConditionalOnMissingBean (types: org.springframework.data.web.config.PageableHandlerMethodArgumentResolverCustomizer; SearchStrategy: all) did not find any beans (OnBeanCondition)

   SpringDataWebAutoConfiguration#sortCustomizer matched:
      - @ConditionalOnMissingBean (types: org.springframework.data.web.config.SortHandlerMethodArgumentResolverCustomizer; SearchStrategy: all) did not find any beans (OnBeanCondition)

   ThreadDumpEndpointAutoConfiguration#dumpEndpoint matched:
      - @ConditionalOnMissingBean (types: org.springframework.boot.actuate.management.ThreadDumpEndpoint; SearchStrategy: all) did not find any beans (OnBeanCondition)
      - @ConditionalOnEnabledEndpoint no property management.endpoint.threaddump.enabled found so using endpoint default (OnEnabledEndpointCondition)

   TomcatMetricsAutoConfiguration matched:
      - @ConditionalOnClass found required classes 'io.micrometer.core.instrument.binder.tomcat.TomcatMetrics', 'org.apache.catalina.Manager'; @ConditionalOnMissingClass did not find unwanted class (OnClassCondition)
      - @ConditionalOnWebApplication (required) found 'session' scope (OnWebApplicationCondition)

   TomcatMetricsAutoConfiguration#contextCapturingServletTomcatCustomizer matched:
      - found 'session' scope (OnWebApplicationCondition)

   TomcatMetricsAutoConfiguration#tomcatMetrics matched:
      - @ConditionalOnMissingBean (types: io.micrometer.core.instrument.binder.tomcat.TomcatMetrics; SearchStrategy: all) did not find any beans (OnBeanCondition)

   TransactionAutoConfiguration matched:
      - @ConditionalOnClass found required class 'org.springframework.transaction.PlatformTransactionManager'; @ConditionalOnMissingClass did not find unwanted class (OnClassCondition)

   TransactionAutoConfiguration#platformTransactionManagerCustomizers matched:
      - @ConditionalOnMissingBean (types: org.springframework.boot.autoconfigure.transaction.TransactionManagerCustomizers; SearchStrategy: all) did not find any beans (OnBeanCondition)

   TransactionAutoConfiguration.EnableTransactionManagementConfiguration matched:
      - @ConditionalOnBean (types: org.springframework.transaction.PlatformTransactionManager; SearchStrategy: all) found bean 'transactionManager'; @ConditionalOnMissingBean (types: org.springframework.transaction.annotation.AbstractTransactionManagementConfiguration; SearchStrategy: all) did not find any beans (OnBeanCondition)

   TransactionAutoConfiguration.EnableTransactionManagementConfiguration.CglibAutoProxyConfiguration matched:
      - @ConditionalOnProperty (spring.aop.proxy-target-class=true) matched (OnPropertyCondition)

   TransactionAutoConfiguration.TransactionTemplateConfiguration matched:
      - @ConditionalOnSingleCandidate (types: org.springframework.transaction.PlatformTransactionManager; SearchStrategy: all) found a primary bean from beans 'transactionManager' (OnBeanCondition)

   TransactionAutoConfiguration.TransactionTemplateConfiguration#transactionTemplate matched:
      - @ConditionalOnMissingBean (types: org.springframework.transaction.support.TransactionTemplate; SearchStrategy: all) did not find any beans (OnBeanCondition)

   UserDetailsServiceAutoConfiguration matched:
      - @ConditionalOnClass found required class 'org.springframework.security.authentication.AuthenticationManager'; @ConditionalOnMissingClass did not find unwanted class (OnClassCondition)
      - @ConditionalOnBean (types: org.springframework.security.config.annotation.ObjectPostProcessor; SearchStrategy: all) found bean 'objectPostProcessor'; @ConditionalOnMissingBean (types: org.springframework.security.authentication.AuthenticationManager,org.springframework.security.authentication.AuthenticationProvider,org.springframework.security.core.userdetails.UserDetailsService; SearchStrategy: all) did not find any beans (OnBeanCondition)

   UserDetailsServiceAutoConfiguration#inMemoryUserDetailsManager matched:
      - @ConditionalOnMissingBean (types: org.springframework.security.oauth2.client.registration.ClientRegistrationRepository; SearchStrategy: all) did not find any beans (OnBeanCondition)

   UtilAutoConfiguration matched:
      - @ConditionalOnProperty (spring.cloud.util.enabled) matched (OnPropertyCondition)

   UtilAutoConfiguration#inetUtils matched:
      - @ConditionalOnMissingBean (types: org.springframework.cloud.commons.util.InetUtils; SearchStrategy: all) did not find any beans (OnBeanCondition)

   ValidationAutoConfiguration matched:
      - @ConditionalOnClass found required class 'javax.validation.executable.ExecutableValidator'; @ConditionalOnMissingClass did not find unwanted class (OnClassCondition)
      - @ConditionalOnResource found location classpath:META-INF/services/javax.validation.spi.ValidationProvider (OnResourceCondition)

   ValidationAutoConfiguration#defaultValidator matched:
      - @ConditionalOnMissingBean (types: javax.validation.Validator; SearchStrategy: all) did not find any beans (OnBeanCondition)

   ValidationAutoConfiguration#methodValidationPostProcessor matched:
      - @ConditionalOnMissingBean (types: org.springframework.validation.beanvalidation.MethodValidationPostProcessor; SearchStrategy: all) did not find any beans (OnBeanCondition)

   WebEndpointAutoConfiguration matched:
      - @ConditionalOnWebApplication (required) found 'session' scope (OnWebApplicationCondition)

   WebEndpointAutoConfiguration#controllerEndpointDiscoverer matched:
      - @ConditionalOnMissingBean (types: org.springframework.boot.actuate.endpoint.web.annotation.ControllerEndpointsSupplier; SearchStrategy: all) did not find any beans (OnBeanCondition)

   WebEndpointAutoConfiguration#endpointMediaTypes matched:
      - @ConditionalOnMissingBean (types: org.springframework.boot.actuate.endpoint.web.EndpointMediaTypes; SearchStrategy: all) did not find any beans (OnBeanCondition)

   WebEndpointAutoConfiguration#pathMappedEndpoints matched:
      - @ConditionalOnMissingBean (types: org.springframework.boot.actuate.endpoint.web.PathMappedEndpoints; SearchStrategy: all) did not find any beans (OnBeanCondition)

   WebEndpointAutoConfiguration#webEndpointDiscoverer matched:
      - @ConditionalOnMissingBean (types: org.springframework.boot.actuate.endpoint.web.WebEndpointsSupplier; SearchStrategy: all) did not find any beans (OnBeanCondition)

   WebEndpointAutoConfiguration#webEndpointPathMapper matched:
      - @ConditionalOnMissingBean (types: org.springframework.boot.actuate.endpoint.web.PathMapper; SearchStrategy: all) did not find any beans (OnBeanCondition)

   WebEndpointAutoConfiguration.WebEndpointServletAutoConfiguration matched:
      - found 'session' scope (OnWebApplicationCondition)

   WebEndpointAutoConfiguration.WebEndpointServletAutoConfiguration#servletEndpointDiscoverer matched:
      - @ConditionalOnMissingBean (types: org.springframework.boot.actuate.endpoint.web.annotation.ServletEndpointsSupplier; SearchStrategy: all) did not find any beans (OnBeanCondition)

   WebMvcAutoConfiguration matched:
      - @ConditionalOnClass found required classes 'javax.servlet.Servlet', 'org.springframework.web.servlet.DispatcherServlet', 'org.springframework.web.servlet.config.annotation.WebMvcConfigurer'; @ConditionalOnMissingClass did not find unwanted class (OnClassCondition)
      - found 'session' scope (OnWebApplicationCondition)
      - @ConditionalOnMissingBean (types: org.springframework.web.servlet.config.annotation.WebMvcConfigurationSupport; SearchStrategy: all) did not find any beans (OnBeanCondition)

   WebMvcAutoConfiguration#hiddenHttpMethodFilter matched:
      - @ConditionalOnMissingBean (types: org.springframework.web.filter.HiddenHttpMethodFilter; SearchStrategy: all) did not find any beans (OnBeanCondition)

   WebMvcAutoConfiguration#httpPutFormContentFilter matched:
      - @ConditionalOnProperty (spring.mvc.formcontent.putfilter.enabled) matched (OnPropertyCondition)
      - @ConditionalOnMissingBean (types: org.springframework.web.filter.HttpPutFormContentFilter; SearchStrategy: all) did not find any beans (OnBeanCondition)

   WebMvcAutoConfiguration.WebMvcAutoConfigurationAdapter#defaultViewResolver matched:
      - @ConditionalOnMissingBean (types: org.springframework.web.servlet.view.InternalResourceViewResolver; SearchStrategy: all) did not find any beans (OnBeanCondition)

   WebMvcAutoConfiguration.WebMvcAutoConfigurationAdapter#requestContextFilter matched:
      - @ConditionalOnMissingBean (types: org.springframework.web.context.request.RequestContextListener,org.springframework.web.filter.RequestContextFilter; SearchStrategy: all) did not find any beans (OnBeanCondition)

   WebMvcAutoConfiguration.WebMvcAutoConfigurationAdapter#viewResolver matched:
      - @ConditionalOnBean (types: org.springframework.web.servlet.ViewResolver; SearchStrategy: all) found beans 'defaultViewResolver', 'beanNameViewResolver', 'mvcViewResolver'; @ConditionalOnMissingBean (names: viewResolver; types: org.springframework.web.servlet.view.ContentNegotiatingViewResolver; SearchStrategy: all) did not find any beans (OnBeanCondition)

   WebMvcAutoConfiguration.WebMvcAutoConfigurationAdapter.FaviconConfiguration matched:
      - @ConditionalOnProperty (spring.mvc.favicon.enabled) matched (OnPropertyCondition)

   WebMvcEndpointManagementContextConfiguration matched:
      - @ConditionalOnClass found required class 'org.springframework.web.servlet.DispatcherServlet'; @ConditionalOnMissingClass did not find unwanted class (OnClassCondition)
      - found 'session' scope (OnWebApplicationCondition)
      - @ConditionalOnBean (types: org.springframework.web.servlet.DispatcherServlet,org.springframework.boot.actuate.endpoint.web.WebEndpointsSupplier; SearchStrategy: all) found beans 'webEndpointDiscoverer', 'dispatcherServlet' (OnBeanCondition)

   WebMvcEndpointManagementContextConfiguration#controllerEndpointHandlerMapping matched:
      - @ConditionalOnMissingBean (types: org.springframework.boot.actuate.endpoint.web.servlet.ControllerEndpointHandlerMapping; SearchStrategy: all) did not find any beans (OnBeanCondition)

   WebMvcEndpointManagementContextConfiguration#webEndpointServletHandlerMapping matched:
      - @ConditionalOnMissingBean (types: org.springframework.boot.actuate.endpoint.web.servlet.WebMvcEndpointHandlerMapping; SearchStrategy: all) did not find any beans (OnBeanCondition)

   WebMvcMetricsAutoConfiguration matched:
      - @ConditionalOnClass found required class 'org.springframework.web.servlet.DispatcherServlet'; @ConditionalOnMissingClass did not find unwanted class (OnClassCondition)
      - found 'session' scope (OnWebApplicationCondition)
      - @ConditionalOnBean (types: io.micrometer.core.instrument.MeterRegistry; SearchStrategy: all) found bean 'simpleMeterRegistry' (OnBeanCondition)

   WebMvcMetricsAutoConfiguration#webMvcTagsProvider matched:
      - @ConditionalOnMissingBean (types: org.springframework.boot.actuate.metrics.web.servlet.WebMvcTagsProvider; SearchStrategy: all) did not find any beans (OnBeanCondition)

   WebSecurityEnablerConfiguration matched:
      - found 'session' scope (OnWebApplicationCondition)
      - @ConditionalOnBean (types: org.springframework.security.config.annotation.web.configuration.WebSecurityConfigurerAdapter; SearchStrategy: all) found bean 'org.springframework.security.oauth2.config.annotation.web.configuration.ResourceServerConfiguration'; @ConditionalOnMissingBean (names: springSecurityFilterChain; SearchStrategy: all) did not find any beans (OnBeanCondition)

   WebSocketServletAutoConfiguration matched:
      - @ConditionalOnClass found required classes 'javax.servlet.Servlet', 'javax.websocket.server.ServerContainer'; @ConditionalOnMissingClass did not find unwanted class (OnClassCondition)
      - found 'session' scope (OnWebApplicationCondition)

   WebSocketServletAutoConfiguration.TomcatWebSocketConfiguration matched:
      - @ConditionalOnClass found required classes 'org.apache.catalina.startup.Tomcat', 'org.apache.tomcat.websocket.server.WsSci'; @ConditionalOnMissingClass did not find unwanted class (OnClassCondition)

   WebSocketServletAutoConfiguration.TomcatWebSocketConfiguration#websocketContainerCustomizer matched:
      - @ConditionalOnMissingBean (names: websocketServletWebServerCustomizer; SearchStrategy: all) did not find any beans (OnBeanCondition)

   WritableEnvironmentEndpointAutoConfiguration matched:
      - @ConditionalOnClass found required classes 'org.springframework.boot.actuate.env.EnvironmentEndpoint', 'org.springframework.boot.actuate.autoconfigure.env.EnvironmentEndpointProperties'; @ConditionalOnMissingClass did not find unwanted class (OnClassCondition)
      - @ConditionalOnBean (types: org.springframework.cloud.context.environment.EnvironmentManager; SearchStrategy: all) found bean 'environmentManager' (OnBeanCondition)

   WritableEnvironmentEndpointAutoConfiguration#environmentEndpoint matched:
      - @ConditionalOnMissingBean (types: org.springframework.cloud.context.environment.WritableEnvironmentEndpoint; SearchStrategy: all) did not find any beans (OnBeanCondition)
      - @ConditionalOnEnabledEndpoint no property management.endpoint.env.enabled found so using endpoint default (OnEnabledEndpointCondition)

   WritableEnvironmentEndpointAutoConfiguration#environmentEndpointWebExtension matched:
      - @ConditionalOnEnabledEndpoint no property management.endpoint.env.enabled found so using endpoint default (OnEnabledEndpointCondition)


Negative matches:
-----------------

   ActiveMQAutoConfiguration:
      Did not match:
         - @ConditionalOnClass did not find required classes 'javax.jms.ConnectionFactory', 'org.apache.activemq.ActiveMQConnectionFactory' (OnClassCondition)

   AopAutoConfiguration.JdkDynamicAutoProxyConfiguration:
      Did not match:
         - @ConditionalOnProperty (spring.aop.proxy-target-class=false) did not find property 'proxy-target-class' (OnPropertyCondition)

   ArtemisAutoConfiguration:
      Did not match:
         - @ConditionalOnClass did not find required classes 'javax.jms.ConnectionFactory', 'org.apache.activemq.artemis.jms.client.ActiveMQConnectionFactory' (OnClassCondition)

   AtlasMetricsExportAutoConfiguration:
      Did not match:
         - @ConditionalOnClass did not find required class 'io.micrometer.atlas.AtlasMeterRegistry' (OnClassCondition)

   AtomikosJtaConfiguration:
      Did not match:
         - @ConditionalOnClass did not find required class 'com.atomikos.icatch.jta.UserTransactionManager' (OnClassCondition)

   BatchAutoConfiguration:
      Did not match:
         - @ConditionalOnClass did not find required class 'org.springframework.batch.core.launch.JobLauncher' (OnClassCondition)

   BitronixJtaConfiguration:
      Did not match:
         - @ConditionalOnClass did not find required class 'bitronix.tm.jndi.BitronixContext' (OnClassCondition)

   CacheAutoConfiguration:
      Did not match:
         - @ConditionalOnBean (types: org.springframework.cache.interceptor.CacheAspectSupport; SearchStrategy: all) did not find any beans of type org.springframework.cache.interceptor.CacheAspectSupport (OnBeanCondition)
      Matched:
         - @ConditionalOnClass found required class 'org.springframework.cache.CacheManager'; @ConditionalOnMissingClass did not find unwanted class (OnClassCondition)

   CacheAutoConfiguration.CacheManagerJpaDependencyConfiguration:
      Did not match:
         - Ancestor org.springframework.boot.autoconfigure.cache.CacheAutoConfiguration did not match (ConditionEvaluationReport.AncestorsMatchedCondition)
      Matched:
         - @ConditionalOnClass found required class 'org.springframework.orm.jpa.LocalContainerEntityManagerFactoryBean'; @ConditionalOnMissingClass did not find unwanted class (OnClassCondition)

   CacheMeterBinderProvidersConfiguration.CaffeineCacheMeterBinderProviderConfiguration:
      Did not match:
         - @ConditionalOnClass did not find required classes 'org.springframework.cache.caffeine.CaffeineCache', 'com.github.benmanes.caffeine.cache.Cache' (OnClassCondition)

   CacheMeterBinderProvidersConfiguration.EhCache2CacheMeterBinderProviderConfiguration:
      Did not match:
         - @ConditionalOnClass did not find required classes 'org.springframework.cache.ehcache.EhCacheCache', 'net.sf.ehcache.Ehcache' (OnClassCondition)

   CacheMeterBinderProvidersConfiguration.HazelcastCacheMeterBinderProviderConfiguration:
      Did not match:
         - @ConditionalOnClass did not find required classes 'com.hazelcast.spring.cache.HazelcastCache', 'com.hazelcast.core.Hazelcast' (OnClassCondition)

   CacheMeterBinderProvidersConfiguration.JCacheCacheMeterBinderProviderConfiguration:
      Did not match:
         - @ConditionalOnClass did not find required classes 'org.springframework.cache.jcache.JCacheCache', 'javax.cache.CacheManager' (OnClassCondition)

   CacheMetricsAutoConfiguration:
      Did not match:
         - @ConditionalOnBean (types: org.springframework.cache.CacheManager; SearchStrategy: all) did not find any beans of type org.springframework.cache.CacheManager (OnBeanCondition)

   CaffeineCacheConfiguration:
      Did not match:
         - @ConditionalOnClass did not find required classes 'com.github.benmanes.caffeine.cache.Caffeine', 'org.springframework.cache.caffeine.CaffeineCacheManager' (OnClassCondition)

   CassandraAutoConfiguration:
      Did not match:
         - @ConditionalOnClass did not find required class 'com.datastax.driver.core.Cluster' (OnClassCondition)

   CassandraDataAutoConfiguration:
      Did not match:
         - @ConditionalOnClass did not find required classes 'com.datastax.driver.core.Cluster', 'org.springframework.data.cassandra.core.CassandraAdminOperations' (OnClassCondition)

   CassandraHealthIndicatorAutoConfiguration:
      Did not match:
         - @ConditionalOnClass did not find required classes 'org.springframework.data.cassandra.core.CassandraOperations', 'com.datastax.driver.core.Cluster' (OnClassCondition)

   CassandraReactiveDataAutoConfiguration:
      Did not match:
         - @ConditionalOnClass did not find required classes 'com.datastax.driver.core.Cluster', 'org.springframework.data.cassandra.core.ReactiveCassandraTemplate', 'reactor.core.publisher.Flux' (OnClassCondition)

   CassandraReactiveRepositoriesAutoConfiguration:
      Did not match:
         - @ConditionalOnClass did not find required classes 'org.springframework.data.cassandra.ReactiveSession', 'org.springframework.data.cassandra.repository.ReactiveCassandraRepository' (OnClassCondition)

   CassandraRepositoriesAutoConfiguration:
      Did not match:
         - @ConditionalOnClass did not find required classes 'com.datastax.driver.core.Session', 'org.springframework.data.cassandra.repository.CassandraRepository' (OnClassCondition)

   CloudAutoConfiguration:
      Did not match:
         - @ConditionalOnClass did not find required class 'org.springframework.cloud.config.java.CloudScanConfiguration' (OnClassCondition)

   CloudFoundryActuatorAutoConfiguration:
      Did not match:
         - @ConditionalOnCloudPlatform did not find CLOUD_FOUNDRY (OnCloudPlatformCondition)
      Matched:
         - @ConditionalOnClass found required class 'org.springframework.web.servlet.DispatcherServlet'; @ConditionalOnMissingClass did not find unwanted class (OnClassCondition)
         - found 'session' scope (OnWebApplicationCondition)
         - @ConditionalOnProperty (management.cloudfoundry.enabled) matched (OnPropertyCondition)

   CloudHypermediaAutoConfiguration:
      Did not match:
         - @ConditionalOnBean (types: org.springframework.cloud.client.hypermedia.RemoteResource; SearchStrategy: all) did not find any beans of type org.springframework.cloud.client.hypermedia.RemoteResource (OnBeanCondition)

   CompositeMeterRegistryConfiguration:
      Did not match:
         - NoneNestedConditions 1 matched 1 did not; NestedCondition on CompositeMeterRegistryConfiguration.MultipleNonPrimaryMeterRegistriesCondition.SingleInjectableMeterRegistry @ConditionalOnSingleCandidate (types: io.micrometer.core.instrument.MeterRegistry; SearchStrategy: all) found a primary bean from beans 'simpleMeterRegistry'; NestedCondition on CompositeMeterRegistryConfiguration.MultipleNonPrimaryMeterRegistriesCondition.NoMeterRegistryCondition @ConditionalOnMissingBean (types: io.micrometer.core.instrument.MeterRegistry; SearchStrategy: all) found beans of type 'io.micrometer.core.instrument.MeterRegistry' simpleMeterRegistry (CompositeMeterRegistryConfiguration.MultipleNonPrimaryMeterRegistriesCondition)

   CouchbaseAutoConfiguration:
      Did not match:
         - @ConditionalOnClass did not find required classes 'com.couchbase.client.java.CouchbaseBucket', 'com.couchbase.client.java.Cluster' (OnClassCondition)

   CouchbaseCacheConfiguration:
      Did not match:
         - @ConditionalOnClass did not find required classes 'com.couchbase.client.java.Bucket', 'com.couchbase.client.spring.cache.CouchbaseCacheManager' (OnClassCondition)

   CouchbaseDataAutoConfiguration:
      Did not match:
         - @ConditionalOnClass did not find required classes 'com.couchbase.client.java.Bucket', 'org.springframework.data.couchbase.repository.CouchbaseRepository' (OnClassCondition)

   CouchbaseHealthIndicatorAutoConfiguration:
      Did not match:
         - @ConditionalOnClass did not find required classes 'org.springframework.data.couchbase.core.CouchbaseOperations', 'com.couchbase.client.java.Bucket' (OnClassCondition)

   CouchbaseReactiveDataAutoConfiguration:
      Did not match:
         - @ConditionalOnClass did not find required classes 'com.couchbase.client.java.Bucket', 'org.springframework.data.couchbase.repository.ReactiveCouchbaseRepository', 'reactor.core.publisher.Flux' (OnClassCondition)

   CouchbaseReactiveRepositoriesAutoConfiguration:
      Did not match:
         - @ConditionalOnClass did not find required classes 'com.couchbase.client.java.Bucket', 'org.springframework.data.couchbase.repository.ReactiveCouchbaseRepository', 'reactor.core.publisher.Flux' (OnClassCondition)

   CouchbaseRepositoriesAutoConfiguration:
      Did not match:
         - @ConditionalOnClass did not find required classes 'com.couchbase.client.java.Bucket', 'org.springframework.data.couchbase.repository.CouchbaseRepository' (OnClassCondition)

   DataSourceAutoConfiguration.EmbeddedDatabaseConfiguration:
      Did not match:
         - EmbeddedDataSource found supported pooled data source (DataSourceAutoConfiguration.EmbeddedDatabaseCondition)

   DataSourceAutoConfiguration.PooledDataSourceConfiguration:
      Did not match:
         - @ConditionalOnMissingBean (types: javax.sql.DataSource,javax.sql.XADataSource; SearchStrategy: all) found beans of type 'javax.sql.DataSource' dataSource (OnBeanCondition)
      Matched:
         - AnyNestedCondition 1 matched 1 did not; NestedCondition on DataSourceAutoConfiguration.PooledDataSourceCondition.PooledDataSourceAvailable PooledDataSource found supported DataSource; NestedCondition on DataSourceAutoConfiguration.PooledDataSourceCondition.ExplicitType @ConditionalOnProperty (spring.datasource.type) did not find property 'type' (DataSourceAutoConfiguration.PooledDataSourceCondition)

   DataSourceConfiguration.Dbcp2:
      Did not match:
         - @ConditionalOnClass did not find required class 'org.apache.commons.dbcp2.BasicDataSource' (OnClassCondition)

   DataSourceConfiguration.Generic:
      Did not match:
         - @ConditionalOnProperty (spring.datasource.type) did not find property 'spring.datasource.type' (OnPropertyCondition)

   DataSourceConfiguration.Tomcat:
      Did not match:
         - @ConditionalOnClass did not find required class 'org.apache.tomcat.jdbc.pool.DataSource' (OnClassCondition)

   DataSourceJmxConfiguration:
      Did not match:
         - @ConditionalOnProperty (spring.jmx.enabled=true) found different value in property 'enabled' (OnPropertyCondition)

   DataSourcePoolMetadataProvidersConfiguration.CommonsDbcp2PoolDataSourceMetadataProviderConfiguration:
      Did not match:
         - @ConditionalOnClass did not find required class 'org.apache.commons.dbcp2.BasicDataSource' (OnClassCondition)

   DataSourcePoolMetadataProvidersConfiguration.TomcatDataSourcePoolMetadataProviderConfiguration:
      Did not match:
         - @ConditionalOnClass did not find required class 'org.apache.tomcat.jdbc.pool.DataSource' (OnClassCondition)

   DataSourceTransactionManagerAutoConfiguration.DataSourceTransactionManagerConfiguration#transactionManager:
      Did not match:
         - @ConditionalOnMissingBean (types: org.springframework.transaction.PlatformTransactionManager; SearchStrategy: all) found beans of type 'org.springframework.transaction.PlatformTransactionManager' transactionManager (OnBeanCondition)

   DatadogMetricsExportAutoConfiguration:
      Did not match:
         - @ConditionalOnClass did not find required class 'io.micrometer.datadog.DatadogMeterRegistry' (OnClassCondition)

   DiscoveryClientOptionalArgsConfiguration#restTemplateDiscoveryClientOptionalArgs:
      Did not match:
         - @ConditionalOnMissingClass found unwanted class 'com.sun.jersey.api.client.filter.ClientFilter' (OnClassCondition)

   DispatcherServletAutoConfiguration.DispatcherServletConfiguration#multipartResolver:
      Did not match:
         - @ConditionalOnBean (types: org.springframework.web.multipart.MultipartResolver; SearchStrategy: all) did not find any beans of type org.springframework.web.multipart.MultipartResolver (OnBeanCondition)

   DruidFilterConfiguration#commonsLogFilter:
      Did not match:
         - @ConditionalOnProperty (spring.datasource.druid.filter.commons-log.enabled) did not find property 'enabled' (OnPropertyCondition)

   DruidFilterConfiguration#configFilter:
      Did not match:
         - @ConditionalOnProperty (spring.datasource.druid.filter.config.enabled) did not find property 'enabled' (OnPropertyCondition)

   DruidFilterConfiguration#encodingConvertFilter:
      Did not match:
         - @ConditionalOnProperty (spring.datasource.druid.filter.encoding.enabled) did not find property 'enabled' (OnPropertyCondition)

   DruidFilterConfiguration#log4j2Filter:
      Did not match:
         - @ConditionalOnProperty (spring.datasource.druid.filter.log4j2.enabled) did not find property 'enabled' (OnPropertyCondition)

   DruidFilterConfiguration#log4jFilter:
      Did not match:
         - @ConditionalOnProperty (spring.datasource.druid.filter.log4j.enabled) did not find property 'enabled' (OnPropertyCondition)

   DruidFilterConfiguration#slf4jLogFilter:
      Did not match:
         - @ConditionalOnProperty (spring.datasource.druid.filter.slf4j.enabled) did not find property 'enabled' (OnPropertyCondition)

   DruidFilterConfiguration#wallConfig:
      Did not match:
         - @ConditionalOnProperty (spring.datasource.druid.filter.wall.enabled) did not find property 'enabled' (OnPropertyCondition)

   DruidFilterConfiguration#wallFilter:
      Did not match:
         - @ConditionalOnProperty (spring.datasource.druid.filter.wall.enabled) did not find property 'enabled' (OnPropertyCondition)

   DruidSpringAopConfiguration:
      Did not match:
         - @ConditionalOnProperty (spring.datasource.druid.aop-patterns) did not find property 'spring.datasource.druid.aop-patterns' (OnPropertyCondition)

   EhCacheCacheConfiguration:
      Did not match:
         - @ConditionalOnClass did not find required classes 'net.sf.ehcache.Cache', 'org.springframework.cache.ehcache.EhCacheCacheManager' (OnClassCondition)

   ElasticsearchAutoConfiguration:
      Did not match:
         - @ConditionalOnClass did not find required classes 'org.elasticsearch.client.Client', 'org.springframework.data.elasticsearch.client.TransportClientFactoryBean' (OnClassCondition)

   ElasticsearchDataAutoConfiguration:
      Did not match:
         - @ConditionalOnClass did not find required classes 'org.elasticsearch.client.Client', 'org.springframework.data.elasticsearch.core.ElasticsearchTemplate' (OnClassCondition)

   ElasticsearchHealthIndicatorAutoConfiguration.ElasticsearchClientHealthIndicatorConfiguration:
      Did not match:
         - @ConditionalOnClass did not find required class 'org.elasticsearch.client.Client' (OnClassCondition)

   ElasticsearchHealthIndicatorAutoConfiguration.ElasticsearchJestHealthIndicatorConfiguration:
      Did not match:
         - @ConditionalOnClass did not find required class 'io.searchbox.client.JestClient' (OnClassCondition)

   ElasticsearchRepositoriesAutoConfiguration:
      Did not match:
         - @ConditionalOnClass did not find required classes 'org.elasticsearch.client.Client', 'org.springframework.data.elasticsearch.repository.ElasticsearchRepository' (OnClassCondition)

   EmbeddedLdapAutoConfiguration:
      Did not match:
         - @ConditionalOnClass did not find required class 'com.unboundid.ldap.listener.InMemoryDirectoryServer' (OnClassCondition)

   EmbeddedMongoAutoConfiguration:
      Did not match:
         - @ConditionalOnClass did not find required class 'de.flapdoodle.embed.mongo.MongodStarter' (OnClassCondition)

   EmbeddedWebServerFactoryCustomizerAutoConfiguration.JettyWebServerFactoryCustomizerConfiguration:
      Did not match:
         - @ConditionalOnClass did not find required classes 'org.eclipse.jetty.server.Server', 'org.eclipse.jetty.util.Loader', 'org.eclipse.jetty.webapp.WebAppContext' (OnClassCondition)

   EmbeddedWebServerFactoryCustomizerAutoConfiguration.UndertowWebServerFactoryCustomizerConfiguration:
      Did not match:
         - @ConditionalOnClass did not find required classes 'io.undertow.Undertow', 'org.xnio.SslClientAuthMode' (OnClassCondition)

   EnvironmentEndpointAutoConfiguration#environmentEndpoint:
      Did not match:
         - @ConditionalOnMissingBean (types: org.springframework.boot.actuate.env.EnvironmentEndpoint; SearchStrategy: all) found beans of type 'org.springframework.boot.actuate.env.EnvironmentEndpoint' environmentEndpoint (OnBeanCondition)

   EnvironmentEndpointAutoConfiguration#environmentWebEndpointExtension:
      Did not match:
         - @ConditionalOnMissingBean (types: org.springframework.boot.actuate.env.EnvironmentEndpointWebExtension; SearchStrategy: all) found beans of type 'org.springframework.boot.actuate.env.EnvironmentEndpointWebExtension' environmentEndpointWebExtension (OnBeanCondition)

   ErrorWebFluxAutoConfiguration:
      Did not match:
         - @ConditionalOnClass did not find required class 'org.springframework.web.reactive.config.WebFluxConfigurer' (OnClassCondition)

   EurekaClientAutoConfiguration.EurekaClientConfiguration:
      Did not match:
         - AnyNestedCondition 0 matched 2 did not; NestedCondition on EurekaClientAutoConfiguration.OnMissingRefreshScopeCondition.MissingScope @ConditionalOnMissingBean (types: org.springframework.cloud.autoconfigure.RefreshAutoConfiguration; SearchStrategy: all) found beans of type 'org.springframework.cloud.autoconfigure.RefreshAutoConfiguration' org.springframework.cloud.autoconfigure.RefreshAutoConfiguration; NestedCondition on EurekaClientAutoConfiguration.OnMissingRefreshScopeCondition.MissingClass @ConditionalOnMissingClass found unwanted class 'org.springframework.cloud.context.scope.refresh.RefreshScope' (EurekaClientAutoConfiguration.OnMissingRefreshScopeCondition)

   EurekaClientConfigServerAutoConfiguration:
      Did not match:
         - @ConditionalOnClass did not find required class 'org.springframework.cloud.config.server.config.ConfigServerProperties' (OnClassCondition)

   EurekaDiscoveryClientConfigServiceAutoConfiguration:
      Did not match:
         - @ConditionalOnProperty (spring.cloud.config.discovery.enabled) did not find property 'spring.cloud.config.discovery.enabled' (OnPropertyCondition)

   EurekaDiscoveryClientConfiguration.EurekaHealthCheckHandlerConfiguration:
      Did not match:
         - @ConditionalOnProperty (eureka.client.healthcheck.enabled) did not find property 'eureka.client.healthcheck.enabled' (OnPropertyCondition)

   FeignAcceptGzipEncodingAutoConfiguration:
      Did not match:
         - @ConditionalOnProperty (feign.compression.response.enabled) did not find property 'feign.compression.response.enabled' (OnPropertyCondition)
      Matched:
         - @ConditionalOnClass found required class 'feign.Feign'; @ConditionalOnMissingClass did not find unwanted class (OnClassCondition)

   FeignAutoConfiguration.DefaultFeignTargeterConfiguration:
      Did not match:
         - @ConditionalOnMissingClass found unwanted class 'feign.hystrix.HystrixFeign' (OnClassCondition)

   FeignAutoConfiguration.HttpClientFeignConfiguration:
      Did not match:
         - @ConditionalOnClass did not find required class 'feign.httpclient.ApacheHttpClient' (OnClassCondition)

   FeignAutoConfiguration.OkHttpFeignConfiguration:
      Did not match:
         - @ConditionalOnMissingClass found unwanted class 'com.netflix.loadbalancer.ILoadBalancer' (OnClassCondition)

   FeignContentGzipEncodingAutoConfiguration:
      Did not match:
         - @ConditionalOnProperty (feign.compression.request.enabled) did not find property 'feign.compression.request.enabled' (OnPropertyCondition)
      Matched:
         - @ConditionalOnClass found required class 'feign.Feign'; @ConditionalOnMissingClass did not find unwanted class (OnClassCondition)

   FeignRibbonClientAutoConfiguration#retryabeCachingLBClientFactory:
      Did not match:
         - @ConditionalOnClass did not find required class 'org.springframework.retry.support.RetryTemplate' (OnClassCondition)

   FlywayAutoConfiguration:
      Did not match:
         - @ConditionalOnClass did not find required class 'org.flywaydb.core.Flyway' (OnClassCondition)

   FlywayEndpointAutoConfiguration:
      Did not match:
         - @ConditionalOnClass did not find required class 'org.flywaydb.core.Flyway' (OnClassCondition)

   FreeMarkerAutoConfiguration:
      Did not match:
         - @ConditionalOnClass did not find required classes 'freemarker.template.Configuration', 'org.springframework.ui.freemarker.FreeMarkerConfigurationFactory' (OnClassCondition)

   GangliaMetricsExportAutoConfiguration:
      Did not match:
         - @ConditionalOnClass did not find required class 'io.micrometer.ganglia.GangliaMeterRegistry' (OnClassCondition)

   GraphiteMetricsExportAutoConfiguration:
      Did not match:
         - @ConditionalOnClass did not find required class 'io.micrometer.graphite.GraphiteMeterRegistry' (OnClassCondition)

   GroovyTemplateAutoConfiguration:
      Did not match:
         - @ConditionalOnClass did not find required class 'groovy.text.markup.MarkupTemplateEngine' (OnClassCondition)

   GsonHttpMessageConvertersConfiguration.GsonHttpMessageConverterConfiguration:
      Did not match:
         - AnyNestedCondition 0 matched 2 did not; NestedCondition on GsonHttpMessageConvertersConfiguration.PreferGsonOrJacksonAndJsonbUnavailableCondition.JacksonJsonbUnavailable NoneNestedConditions 1 matched 1 did not; NestedCondition on GsonHttpMessageConvertersConfiguration.JacksonAndJsonbUnavailableCondition.JsonbPreferred @ConditionalOnProperty (spring.http.converters.preferred-json-mapper=jsonb) did not find property 'spring.http.converters.preferred-json-mapper'; NestedCondition on GsonHttpMessageConvertersConfiguration.JacksonAndJsonbUnavailableCondition.JacksonAvailable @ConditionalOnBean (types: org.springframework.http.converter.json.MappingJackson2HttpMessageConverter; SearchStrategy: all) found bean 'mappingJackson2HttpMessageConverter'; NestedCondition on GsonHttpMessageConvertersConfiguration.PreferGsonOrJacksonAndJsonbUnavailableCondition.GsonPreferred @ConditionalOnProperty (spring.http.converters.preferred-json-mapper=gson) did not find property 'spring.http.converters.preferred-json-mapper' (GsonHttpMessageConvertersConfiguration.PreferGsonOrJacksonAndJsonbUnavailableCondition)

   H2ConsoleAutoConfiguration:
      Did not match:
         - @ConditionalOnClass did not find required class 'org.h2.server.web.WebServlet' (OnClassCondition)

   HazelcastAutoConfiguration:
      Did not match:
         - @ConditionalOnClass did not find required class 'com.hazelcast.core.HazelcastInstance' (OnClassCondition)

   HazelcastCacheConfiguration:
      Did not match:
         - @ConditionalOnClass did not find required classes 'com.hazelcast.core.HazelcastInstance', 'com.hazelcast.spring.cache.HazelcastCacheManager' (OnClassCondition)

   HazelcastJpaDependencyAutoConfiguration:
      Did not match:
         - @ConditionalOnClass did not find required class 'com.hazelcast.core.HazelcastInstance' (OnClassCondition)

   HealthEndpointWebExtensionConfiguration.ReactiveWebHealthConfiguration:
      Did not match:
         - not a reactive web application (OnWebApplicationCondition)

   HealthIndicatorAutoConfiguration#applicationHealthIndicator:
      Did not match:
         - @ConditionalOnMissingBean (types: org.springframework.boot.actuate.health.HealthIndicator,org.springframework.boot.actuate.health.ReactiveHealthIndicator; SearchStrategy: all) found beans of type 'org.springframework.boot.actuate.health.HealthIndicator' mongoHealthIndicator, diskSpaceHealthIndicator, dbHealthIndicator (OnBeanCondition)

   HttpClientFeignLoadBalancedConfiguration:
      Did not match:
         - @ConditionalOnClass did not find required class 'feign.httpclient.ApacheHttpClient' (OnClassCondition)

   HttpHandlerAutoConfiguration:
      Did not match:
         - @ConditionalOnClass did not find required class 'org.springframework.web.reactive.DispatcherHandler' (OnClassCondition)

   HttpTraceAutoConfiguration.ReactiveTraceFilterConfiguration:
      Did not match:
         - not a reactive web application (OnWebApplicationCondition)

   HypermediaAutoConfiguration:
      Did not match:
         - @ConditionalOnClass did not find required class 'org.springframework.hateoas.Resource' (OnClassCondition)

   HystrixAutoConfiguration.HystrixServletAutoConfiguration:
      Did not match:
         - @ConditionalOnClass did not find required class 'com.netflix.hystrix.contrib.metrics.eventstream.HystrixMetricsStreamServlet' (OnClassCondition)

   HystrixAutoConfiguration.HystrixWebfluxManagementContextConfiguration:
      Did not match:
         - @ConditionalOnClass did not find required class 'org.springframework.web.reactive.DispatcherHandler' (OnClassCondition)

   HystrixSecurityAutoConfiguration:
      Did not match:
         - AllNestedConditions 0 matched 1 did not; NestedCondition on HystrixSecurityAutoConfiguration.HystrixSecurityCondition.ShareSecurityContext @ConditionalOnProperty (hystrix.shareSecurityContext) did not find property 'hystrix.shareSecurityContext' (HystrixSecurityAutoConfiguration.HystrixSecurityCondition)
      Matched:
         - @ConditionalOnClass found required classes 'com.netflix.hystrix.Hystrix', 'org.springframework.security.core.context.SecurityContext'; @ConditionalOnMissingClass did not find unwanted class (OnClassCondition)

   InfinispanCacheConfiguration:
      Did not match:
         - @ConditionalOnClass did not find required class 'org.infinispan.spring.provider.SpringEmbeddedCacheManager' (OnClassCondition)

   InfluxDbAutoConfiguration:
      Did not match:
         - @ConditionalOnClass did not find required class 'org.influxdb.InfluxDB' (OnClassCondition)

   InfluxDbHealthIndicatorAutoConfiguration:
      Did not match:
         - @ConditionalOnClass did not find required class 'org.influxdb.InfluxDB' (OnClassCondition)

   InfluxMetricsExportAutoConfiguration:
      Did not match:
         - @ConditionalOnClass did not find required class 'io.micrometer.influx.InfluxMeterRegistry' (OnClassCondition)

   InfoContributorAutoConfiguration#buildInfoContributor:
      Did not match:
         - @ConditionalOnSingleCandidate (types: org.springframework.boot.info.BuildProperties; SearchStrategy: all) did not find any beans (OnBeanCondition)
      Matched:
         - @ConditionalOnEnabledInfoContributor management.info.defaults.enabled is considered true (OnEnabledInfoContributorCondition)

   InfoContributorAutoConfiguration#gitInfoContributor:
      Did not match:
         - @ConditionalOnSingleCandidate (types: org.springframework.boot.info.GitProperties; SearchStrategy: all) did not find any beans (OnBeanCondition)
      Matched:
         - @ConditionalOnEnabledInfoContributor management.info.defaults.enabled is considered true (OnEnabledInfoContributorCondition)

   IntegrationAutoConfiguration:
      Did not match:
         - @ConditionalOnClass did not find required class 'org.springframework.integration.config.EnableIntegration' (OnClassCondition)

   JCacheCacheConfiguration:
      Did not match:
         - @ConditionalOnClass did not find required classes 'javax.cache.Caching', 'org.springframework.cache.jcache.JCacheCacheManager' (OnClassCondition)

   JacksonAutoConfiguration.JodaDateTimeJacksonConfiguration:
      Did not match:
         - @ConditionalOnClass did not find required classes 'com.fasterxml.jackson.datatype.joda.ser.DateTimeSerializer', 'com.fasterxml.jackson.datatype.joda.cfg.JacksonJodaDateFormat' (OnClassCondition)

   JacksonHttpMessageConvertersConfiguration.MappingJackson2XmlHttpMessageConverterConfiguration:
      Did not match:
         - @ConditionalOnClass did not find required class 'com.fasterxml.jackson.dataformat.xml.XmlMapper' (OnClassCondition)

   JerseyAutoConfiguration:
      Did not match:
         - @ConditionalOnClass did not find required class 'org.glassfish.jersey.server.spring.SpringComponentProvider' (OnClassCondition)

   JerseyWebEndpointManagementContextConfiguration:
      Did not match:
         - @ConditionalOnClass did not find required class 'org.glassfish.jersey.server.ResourceConfig' (OnClassCondition)

   JestAutoConfiguration:
      Did not match:
         - @ConditionalOnClass did not find required class 'io.searchbox.client.JestClient' (OnClassCondition)

   JmsAutoConfiguration:
      Did not match:
         - @ConditionalOnClass did not find required classes 'javax.jms.Message', 'org.springframework.jms.core.JmsTemplate' (OnClassCondition)

   JmsHealthIndicatorAutoConfiguration:
      Did not match:
         - @ConditionalOnClass did not find required class 'javax.jms.ConnectionFactory' (OnClassCondition)

   JmxAutoConfiguration:
      Did not match:
         - @ConditionalOnProperty (spring.jmx.enabled=true) found different value in property 'enabled' (OnPropertyCondition)
      Matched:
         - @ConditionalOnClass found required class 'org.springframework.jmx.export.MBeanExporter'; @ConditionalOnMissingClass did not find unwanted class (OnClassCondition)

   JmxEndpointAutoConfiguration#jmxMBeanExporter:
      Did not match:
         - @ConditionalOnSingleCandidate (types: javax.management.MBeanServer; SearchStrategy: all) did not find any beans (OnBeanCondition)

   JmxMetricsExportAutoConfiguration:
      Did not match:
         - @ConditionalOnClass did not find required class 'io.micrometer.jmx.JmxMeterRegistry' (OnClassCondition)

   JndiConnectionFactoryAutoConfiguration:
      Did not match:
         - @ConditionalOnClass did not find required class 'org.springframework.jms.core.JmsTemplate' (OnClassCondition)

   JndiDataSourceAutoConfiguration:
      Did not match:
         - @ConditionalOnProperty (spring.datasource.jndi-name) did not find property 'jndi-name' (OnPropertyCondition)
      Matched:
         - @ConditionalOnClass found required classes 'javax.sql.DataSource', 'org.springframework.jdbc.datasource.embedded.EmbeddedDatabaseType'; @ConditionalOnMissingClass did not find unwanted class (OnClassCondition)

   JndiJtaConfiguration:
      Did not match:
         - @ConditionalOnJndi JNDI environment is not available (OnJndiCondition)
      Matched:
         - @ConditionalOnClass found required class 'org.springframework.transaction.jta.JtaTransactionManager'; @ConditionalOnMissingClass did not find unwanted class (OnClassCondition)

   JolokiaEndpointAutoConfiguration:
      Did not match:
         - @ConditionalOnClass did not find required class 'org.jolokia.http.AgentServlet' (OnClassCondition)

   JooqAutoConfiguration:
      Did not match:
         - @ConditionalOnClass did not find required class 'org.jooq.DSLContext' (OnClassCondition)

   JsonbAutoConfiguration:
      Did not match:
         - @ConditionalOnClass did not find required class 'javax.json.bind.Jsonb' (OnClassCondition)

   JsonbHttpMessageConvertersConfiguration:
      Did not match:
         - @ConditionalOnClass did not find required class 'javax.json.bind.Jsonb' (OnClassCondition)

   KafkaAutoConfiguration:
      Did not match:
         - @ConditionalOnClass did not find required class 'org.springframework.kafka.core.KafkaTemplate' (OnClassCondition)

   LdapAutoConfiguration:
      Did not match:
         - @ConditionalOnClass did not find required class 'org.springframework.ldap.core.ContextSource' (OnClassCondition)

   LdapDataAutoConfiguration:
      Did not match:
         - @ConditionalOnClass did not find required class 'org.springframework.data.ldap.repository.LdapRepository' (OnClassCondition)

   LdapHealthIndicatorAutoConfiguration:
      Did not match:
         - @ConditionalOnClass did not find required class 'org.springframework.ldap.core.LdapOperations' (OnClassCondition)

   LdapRepositoriesAutoConfiguration:
      Did not match:
         - @ConditionalOnClass did not find required class 'org.springframework.data.ldap.repository.LdapRepository' (OnClassCondition)

   LiquibaseAutoConfiguration:
      Did not match:
         - @ConditionalOnClass did not find required classes 'liquibase.integration.spring.SpringLiquibase', 'liquibase.change.DatabaseChange' (OnClassCondition)

   LiquibaseEndpointAutoConfiguration:
      Did not match:
         - @ConditionalOnClass did not find required class 'liquibase.integration.spring.SpringLiquibase' (OnClassCondition)

   LoadBalancerAutoConfiguration.RetryAutoConfiguration:
      Did not match:
         - @ConditionalOnClass did not find required class 'org.springframework.retry.support.RetryTemplate' (OnClassCondition)

   LoadBalancerAutoConfiguration.RetryInterceptorAutoConfiguration:
      Did not match:
         - @ConditionalOnClass did not find required class 'org.springframework.retry.support.RetryTemplate' (OnClassCondition)

   LogFileWebEndpointAutoConfiguration#logFileWebEndpoint:
      Did not match:
         - Log File did not find logging file (LogFileWebEndpointAutoConfiguration.LogFileCondition)

   MailHealthIndicatorAutoConfiguration:
      Did not match:
         - @ConditionalOnClass did not find required class 'org.springframework.mail.javamail.JavaMailSenderImpl' (OnClassCondition)

   MailSenderAutoConfiguration:
      Did not match:
         - @ConditionalOnClass did not find required class 'javax.mail.internet.MimeMessage' (OnClassCondition)

   MailSenderValidatorAutoConfiguration:
      Did not match:
         - @ConditionalOnProperty (spring.mail.test-connection) did not find property 'test-connection' (OnPropertyCondition)

   ManagementContextAutoConfiguration.DifferentManagementContextConfiguration:
      Did not match:
         - Management Port actual port type (SAME) did not match required type (DIFFERENT) (OnManagementPortCondition)

   MappingsEndpointAutoConfiguration.ReactiveWebConfiguration:
      Did not match:
         - @ConditionalOnClass did not find required class 'org.springframework.web.reactive.DispatcherHandler' (OnClassCondition)

   MessageSourceAutoConfiguration:
      Did not match:
         - ResourceBundle did not find bundle with basename messages (MessageSourceAutoConfiguration.ResourceBundleCondition)

   MongoReactiveAutoConfiguration:
      Did not match:
         - @ConditionalOnClass did not find required class 'com.mongodb.reactivestreams.client.MongoClient' (OnClassCondition)

   MongoReactiveDataAutoConfiguration:
      Did not match:
         - @ConditionalOnClass did not find required class 'com.mongodb.reactivestreams.client.MongoClient' (OnClassCondition)

   MongoReactiveHealthIndicatorConfiguration:
      Did not match:
         - @ConditionalOnBean (types: org.springframework.data.mongodb.core.ReactiveMongoTemplate; SearchStrategy: all) did not find any beans of type org.springframework.data.mongodb.core.ReactiveMongoTemplate (OnBeanCondition)
      Matched:
         - @ConditionalOnClass found required class 'org.springframework.data.mongodb.core.ReactiveMongoTemplate'; @ConditionalOnMissingClass did not find unwanted class (OnClassCondition)

   MongoReactiveRepositoriesAutoConfiguration:
      Did not match:
         - @ConditionalOnClass did not find required class 'com.mongodb.reactivestreams.client.MongoClient' (OnClassCondition)

   MustacheAutoConfiguration:
      Did not match:
         - @ConditionalOnClass did not find required class 'com.samskivert.mustache.Mustache' (OnClassCondition)

   NarayanaJtaConfiguration:
      Did not match:
         - @ConditionalOnClass did not find required classes 'com.arjuna.ats.jta.UserTransaction', 'org.jboss.tm.XAResourceRecoveryRegistry' (OnClassCondition)

   Neo4jDataAutoConfiguration:
      Did not match:
         - @ConditionalOnClass did not find required classes 'org.neo4j.ogm.session.SessionFactory', 'org.springframework.data.neo4j.transaction.Neo4jTransactionManager' (OnClassCondition)

   Neo4jHealthIndicatorAutoConfiguration:
      Did not match:
         - @ConditionalOnClass did not find required class 'org.neo4j.ogm.session.SessionFactory' (OnClassCondition)

   Neo4jRepositoriesAutoConfiguration:
      Did not match:
         - @ConditionalOnClass did not find required classes 'org.neo4j.ogm.session.Neo4jSession', 'org.springframework.data.neo4j.repository.Neo4jRepository' (OnClassCondition)

   NewRelicMetricsExportAutoConfiguration:
      Did not match:
         - @ConditionalOnClass did not find required class 'io.micrometer.newrelic.NewRelicMeterRegistry' (OnClassCondition)

   NoOpMeterRegistryConfiguration:
      Did not match:
         - @ConditionalOnMissingBean (types: io.micrometer.core.instrument.MeterRegistry; SearchStrategy: all) found beans of type 'io.micrometer.core.instrument.MeterRegistry' simpleMeterRegistry (OnBeanCondition)

   NoopDiscoveryClientAutoConfiguration:
      Did not match:
         - @ConditionalOnMissingBean (types: org.springframework.cloud.client.discovery.DiscoveryClient; SearchStrategy: all) found beans of type 'org.springframework.cloud.client.discovery.DiscoveryClient' compositeDiscoveryClient, discoveryClient, simpleDiscoveryClient (OnBeanCondition)

   NoopDiscoveryClientAutoConfiguration.Boot15PortFinderConfiguration:
      Did not match:
         - @ConditionalOnClass did not find required class 'org.springframework.boot.context.embedded.EmbeddedWebApplicationContext' (OnClassCondition)
         - Ancestor org.springframework.cloud.client.discovery.noop.NoopDiscoveryClientAutoConfiguration did not match (ConditionEvaluationReport.AncestorsMatchedCondition)

   OAuth2AuthorizationServerConfiguration:
      Did not match:
         - @ConditionalOnBean (types: org.springframework.security.oauth2.config.annotation.web.configuration.AuthorizationServerEndpointsConfiguration; SearchStrategy: all) did not find any beans of type org.springframework.security.oauth2.config.annotation.web.configuration.AuthorizationServerEndpointsConfiguration (OnBeanCondition)
      Matched:
         - @ConditionalOnClass found required class 'org.springframework.security.oauth2.config.annotation.web.configuration.EnableAuthorizationServer'; @ConditionalOnMissingClass did not find unwanted class (OnClassCondition)

   OAuth2ClientAutoConfiguration:
      Did not match:
         - @ConditionalOnClass did not find required class 'org.springframework.security.oauth2.client.registration.ClientRegistration' (OnClassCondition)

   OAuth2LoadBalancerClientAutoConfiguration:
      Did not match:
         - @ConditionalOnProperty (security.oauth2.resource.loadBalanced) did not find property 'security.oauth2.resource.loadBalanced' (OnPropertyCondition)
      Matched:
         - @ConditionalOnClass found required class 'org.springframework.security.oauth2.client.OAuth2RestTemplate'; @ConditionalOnMissingClass did not find unwanted class (OnClassCondition)

   OAuth2ProxyAutoConfiguration:
      Did not match:
         - @ConditionalOnClass did not find required class 'com.netflix.zuul.ZuulFilter' (OnClassCondition)

   OAuth2ResourceServerConfiguration:
      Did not match:
         - OAuth ResourceServer Condition did not find client ID, JWT resource or authorization server (OAuth2ResourceServerConfiguration.ResourceServerCondition)
      Matched:
         - @ConditionalOnClass found required classes 'org.springframework.security.oauth2.config.annotation.web.configuration.EnableResourceServer', 'org.springframework.boot.autoconfigure.security.SecurityProperties'; @ConditionalOnMissingClass did not find unwanted class (OnClassCondition)
         - @ConditionalOnWebApplication (required) found 'session' scope (OnWebApplicationCondition)

   OAuth2ResourceServerConfiguration.AuthorizationServerEndpointsConfigurationBeanCondition:
      Did not match:
         - @ConditionalOnBean (types: org.springframework.security.oauth2.config.annotation.web.configuration.AuthorizationServerEndpointsConfiguration; SearchStrategy: all) did not find any beans of type org.springframework.security.oauth2.config.annotation.web.configuration.AuthorizationServerEndpointsConfiguration (OnBeanCondition)
         - Ancestor org.springframework.boot.autoconfigure.security.oauth2.resource.OAuth2ResourceServerConfiguration did not match (ConditionEvaluationReport.AncestorsMatchedCondition)

   OAuth2RestOperationsConfiguration.RequestScopedConfiguration:
      Did not match:
         - OAuth Client ID did not find security.oauth2.client.client-id property (OAuth2RestOperationsConfiguration.OAuth2ClientIdCondition)

   OAuth2RestOperationsConfiguration.SessionScopedConfiguration:
      Did not match:
         - OAuth Client ID did not find security.oauth2.client.client-id property (OAuth2RestOperationsConfiguration.OAuth2ClientIdCondition)

   OAuth2RestOperationsConfiguration.SingletonScopedConfiguration:
      Did not match:
         - AnyNestedCondition 0 matched 2 did not; NestedCondition on OAuth2RestOperationsConfiguration.ClientCredentialsCondition.NoWebApplication @ConditionalOnWebApplication found 'session' scope and not a reactive web application; NestedCondition on OAuth2RestOperationsConfiguration.ClientCredentialsCondition.ClientCredentialsConfigured @ConditionalOnProperty (security.oauth2.client.grant-type=client_credentials) did not find property 'grant-type' (OAuth2RestOperationsConfiguration.ClientCredentialsCondition)

   OkHttpFeignLoadBalancedConfiguration:
      Did not match:
         - @ConditionalOnProperty (feign.okhttp.enabled) did not find property 'feign.okhttp.enabled' (OnPropertyCondition)
      Matched:
         - @ConditionalOnClass found required class 'feign.okhttp.OkHttpClient'; @ConditionalOnMissingClass did not find unwanted class (OnClassCondition)

   PauseResumeEndpointsConfiguration#pauseEndpoint:
      Did not match:
         - @ConditionalOnBean (types: org.springframework.cloud.context.restart.RestartEndpoint; SearchStrategy: all) did not find any beans of type org.springframework.cloud.context.restart.RestartEndpoint (OnBeanCondition)

   PauseResumeEndpointsConfiguration#resumeEndpoint:
      Did not match:
         - @ConditionalOnBean (types: org.springframework.cloud.context.restart.RestartEndpoint; SearchStrategy: all) did not find any beans of type org.springframework.cloud.context.restart.RestartEndpoint (OnBeanCondition)

   ProjectInfoAutoConfiguration#buildProperties:
      Did not match:
         - @ConditionalOnResource did not find resource '${spring.info.build.location:classpath:META-INF/build-info.properties}' (OnResourceCondition)

   ProjectInfoAutoConfiguration#gitProperties:
      Did not match:
         - GitResource did not find git info at classpath:git.properties (ProjectInfoAutoConfiguration.GitResourceAvailableCondition)

   PrometheusMetricsExportAutoConfiguration:
      Did not match:
         - @ConditionalOnClass did not find required class 'io.micrometer.prometheus.PrometheusMeterRegistry' (OnClassCondition)

   QuartzAutoConfiguration:
      Did not match:
         - @ConditionalOnClass did not find required classes 'org.quartz.Scheduler', 'org.springframework.scheduling.quartz.SchedulerFactoryBean' (OnClassCondition)

   RabbitAutoConfiguration:
      Did not match:
         - @ConditionalOnClass did not find required classes 'org.springframework.amqp.rabbit.core.RabbitTemplate', 'com.rabbitmq.client.Channel' (OnClassCondition)

   RabbitHealthIndicatorAutoConfiguration:
      Did not match:
         - @ConditionalOnClass did not find required class 'org.springframework.amqp.rabbit.core.RabbitTemplate' (OnClassCondition)

   RabbitMetricsAutoConfiguration:
      Did not match:
         - @ConditionalOnClass did not find required classes 'com.rabbitmq.client.ConnectionFactory', 'org.springframework.amqp.rabbit.connection.AbstractConnectionFactory' (OnClassCondition)

   ReactiveCloudFoundryActuatorAutoConfiguration:
      Did not match:
         - not a reactive web application (OnWebApplicationCondition)

   ReactiveLoadBalancerAutoConfiguration:
      Did not match:
         - @ConditionalOnClass did not find required class 'org.springframework.web.reactive.function.client.WebClient' (OnClassCondition)

   ReactiveManagementContextAutoConfiguration:
      Did not match:
         - @ConditionalOnClass did not find required class 'reactor.core.publisher.Flux' (OnClassCondition)

   ReactiveUserDetailsServiceAutoConfiguration:
      Did not match:
         - not a reactive web application (OnWebApplicationCondition)
      Matched:
         - @ConditionalOnClass found required class 'org.springframework.security.authentication.ReactiveAuthenticationManager'; @ConditionalOnMissingClass did not find unwanted class (OnClassCondition)

   ReactiveWebServerFactoryAutoConfiguration:
      Did not match:
         - not a reactive web application (OnWebApplicationCondition)
      Matched:
         - @ConditionalOnClass found required class 'org.springframework.http.ReactiveHttpInputMessage'; @ConditionalOnMissingClass did not find unwanted class (OnClassCondition)

   ReactorCoreAutoConfiguration:
      Did not match:
         - @ConditionalOnClass did not find required classes 'reactor.core.publisher.Mono', 'reactor.core.publisher.Flux' (OnClassCondition)

   RedisAutoConfiguration:
      Did not match:
         - @ConditionalOnClass did not find required class 'org.springframework.data.redis.core.RedisOperations' (OnClassCondition)

   RedisHealthIndicatorConfiguration:
      Did not match:
         - @ConditionalOnClass did not find required class 'org.springframework.data.redis.connection.RedisConnectionFactory' (OnClassCondition)

   RedisReactiveAutoConfiguration:
      Did not match:
         - @ConditionalOnClass did not find required classes 'org.springframework.data.redis.connection.ReactiveRedisConnectionFactory', 'org.springframework.data.redis.core.ReactiveRedisTemplate', 'reactor.core.publisher.Flux' (OnClassCondition)

   RedisReactiveHealthIndicatorConfiguration:
      Did not match:
         - @ConditionalOnClass did not find required classes 'org.springframework.data.redis.connection.ReactiveRedisConnectionFactory', 'reactor.core.publisher.Flux' (OnClassCondition)

   RedisRepositoriesAutoConfiguration:
      Did not match:
         - @ConditionalOnClass did not find required class 'org.springframework.data.redis.repository.configuration.EnableRedisRepositories' (OnClassCondition)

   RepositoryRestMvcAutoConfiguration:
      Did not match:
         - @ConditionalOnClass did not find required class 'org.springframework.data.rest.webmvc.config.RepositoryRestMvcConfiguration' (OnClassCondition)

   ResourceServerTokenRelayAutoConfiguration:
      Did not match:
         - AllNestedConditions 1 matched 1 did not; NestedCondition on ResourceServerTokenRelayAutoConfiguration.OAuth2OnClientInResourceServerCondition.Client @ConditionalOnBean (types: org.springframework.security.oauth2.config.annotation.web.configuration.OAuth2ClientConfiguration; SearchStrategy: all) did not find any beans of type org.springframework.security.oauth2.config.annotation.web.configuration.OAuth2ClientConfiguration; NestedCondition on ResourceServerTokenRelayAutoConfiguration.OAuth2OnClientInResourceServerCondition.Server @ConditionalOnBean (types: org.springframework.security.oauth2.config.annotation.web.configuration.ResourceServerConfiguration; SearchStrategy: all) found bean 'org.springframework.security.oauth2.config.annotation.web.configuration.ResourceServerConfiguration' (ResourceServerTokenRelayAutoConfiguration.OAuth2OnClientInResourceServerCondition)
      Matched:
         - @ConditionalOnClass found required class 'org.springframework.security.oauth2.config.annotation.web.configuration.ResourceServerConfiguration'; @ConditionalOnMissingClass did not find unwanted class (OnClassCondition)
         - @ConditionalOnWebApplication (required) found 'session' scope (OnWebApplicationCondition)

   ResourceServerTokenServicesConfiguration.JwkTokenStoreConfiguration:
      Did not match:
         - OAuth JWK Condition did not find key jwk set URI not provided (ResourceServerTokenServicesConfiguration.JwkCondition)

   ResourceServerTokenServicesConfiguration.JwtTokenServicesConfiguration:
      Did not match:
         - OAuth JWT Condition did not find provided public key (ResourceServerTokenServicesConfiguration.JwtTokenCondition)

   ResourceServerTokenServicesConfiguration.RemoteTokenServicesConfiguration.SocialTokenServicesConfiguration:
      Did not match:
         - @ConditionalOnClass did not find required class 'org.springframework.social.connect.support.OAuth2ConnectionFactory' (OnClassCondition)

   ResourceServerTokenServicesConfiguration.RemoteTokenServicesConfiguration.UserInfoTokenServicesConfiguration:
      Did not match:
         - OAuth TokenInfo Condition did not find user-info-uri property (ResourceServerTokenServicesConfiguration.NotTokenInfoCondition)
      Matched:
         - @ConditionalOnClass found required class; @ConditionalOnMissingClass did not find unwanted class 'org.springframework.social.connect.support.OAuth2ConnectionFactory' (OnClassCondition)

   RestartEndpointWithIntegrationConfiguration:
      Did not match:
         - @ConditionalOnClass did not find required class 'org.springframework.integration.monitor.IntegrationMBeanExporter' (OnClassCondition)

   RestartEndpointWithoutIntegrationConfiguration#restartEndpointWithoutIntegration:
      Did not match:
         - @ConditionalOnEnabledEndpoint no property management.endpoint.restart.enabled found so using endpoint default (OnEnabledEndpointCondition)

   RibbonAutoConfiguration#loadBalancedRetryPolicyFactory:
      Did not match:
         - @ConditionalOnClass did not find required class 'org.springframework.retry.support.RetryTemplate' (OnClassCondition)

   RibbonAutoConfiguration#ribbonApplicationContextInitializer:
      Did not match:
         - @ConditionalOnProperty (ribbon.eager-load.enabled) did not find property 'ribbon.eager-load.enabled' (OnPropertyCondition)

   RibbonAutoConfiguration.RibbonClientHttpRequestFactoryConfiguration:
      Did not match:
         - AnyNestedCondition 0 matched 2 did not; NestedCondition on RibbonAutoConfiguration.OnRibbonRestClientCondition.RibbonProperty @ConditionalOnProperty (ribbon.restclient.enabled) did not find property 'ribbon.restclient.enabled'; NestedCondition on RibbonAutoConfiguration.OnRibbonRestClientCondition.ZuulProperty @ConditionalOnProperty (ribbon.http.client.enabled) did not find property 'ribbon.http.client.enabled' (RibbonAutoConfiguration.OnRibbonRestClientCondition)
      Matched:
         - @ConditionalOnClass found required class 'com.netflix.client.http.HttpRequest'; @ConditionalOnMissingClass did not find unwanted class (OnClassCondition)

   SecurityDataConfiguration:
      Did not match:
         - @ConditionalOnClass did not find required class 'org.springframework.security.data.repository.query.SecurityEvaluationContextExtension' (OnClassCondition)

   SendGridAutoConfiguration:
      Did not match:
         - @ConditionalOnClass did not find required class 'com.sendgrid.SendGrid' (OnClassCondition)

   ServletManagementContextAutoConfiguration.ApplicationContextFilterConfiguration:
      Did not match:
         - @ConditionalOnProperty (management.server.add-application-context-header=true) did not find property 'add-application-context-header' (OnPropertyCondition)

   ServletWebServerFactoryConfiguration.EmbeddedJetty:
      Did not match:
         - @ConditionalOnClass did not find required classes 'org.eclipse.jetty.server.Server', 'org.eclipse.jetty.util.Loader', 'org.eclipse.jetty.webapp.WebAppContext' (OnClassCondition)

   ServletWebServerFactoryConfiguration.EmbeddedUndertow:
      Did not match:
         - @ConditionalOnClass did not find required classes 'io.undertow.Undertow', 'org.xnio.SslClientAuthMode' (OnClassCondition)

   SessionAutoConfiguration:
      Did not match:
         - @ConditionalOnClass did not find required class 'org.springframework.session.Session' (OnClassCondition)

   SessionsEndpointAutoConfiguration:
      Did not match:
         - @ConditionalOnClass did not find required class 'org.springframework.session.FindByIndexNameSessionRepository' (OnClassCondition)

   ShutdownEndpointAutoConfiguration#shutdownEndpoint:
      Did not match:
         - @ConditionalOnEnabledEndpoint no property management.endpoint.shutdown.enabled found so using endpoint default (OnEnabledEndpointCondition)
      Matched:
         - @ConditionalOnMissingBean (types: org.springframework.boot.actuate.context.ShutdownEndpoint; SearchStrategy: all) did not find any beans (OnBeanCondition)

   SignalFxMetricsExportAutoConfiguration:
      Did not match:
         - @ConditionalOnClass did not find required class 'io.micrometer.signalfx.SignalFxMeterRegistry' (OnClassCondition)

   SolrAutoConfiguration:
      Did not match:
         - @ConditionalOnClass did not find required classes 'org.apache.solr.client.solrj.impl.HttpSolrClient', 'org.apache.solr.client.solrj.impl.CloudSolrClient' (OnClassCondition)

   SolrHealthIndicatorAutoConfiguration:
      Did not match:
         - @ConditionalOnClass did not find required class 'org.apache.solr.client.solrj.SolrClient' (OnClassCondition)

   SolrRepositoriesAutoConfiguration:
      Did not match:
         - @ConditionalOnClass did not find required classes 'org.apache.solr.client.solrj.SolrClient', 'org.springframework.data.solr.repository.SolrRepository' (OnClassCondition)

   SpringApplicationAdminJmxAutoConfiguration:
      Did not match:
         - @ConditionalOnProperty (spring.application.admin.enabled=true) did not find property 'enabled' (OnPropertyCondition)

   SpringBootWebSecurityConfiguration:
      Did not match:
         - @ConditionalOnMissingBean (types: org.springframework.security.config.annotation.web.configuration.WebSecurityConfigurerAdapter; SearchStrategy: all) found beans of type 'org.springframework.security.config.annotation.web.configuration.WebSecurityConfigurerAdapter' org.springframework.security.oauth2.config.annotation.web.configuration.ResourceServerConfiguration (OnBeanCondition)
      Matched:
         - @ConditionalOnClass found required class 'org.springframework.security.config.annotation.web.configuration.WebSecurityConfigurerAdapter'; @ConditionalOnMissingClass did not find unwanted class (OnClassCondition)
         - found 'session' scope (OnWebApplicationCondition)

   StatsdMetricsExportAutoConfiguration:
      Did not match:
         - @ConditionalOnClass did not find required class 'io.micrometer.statsd.StatsdMeterRegistry' (OnClassCondition)

   ThymeleafAutoConfiguration:
      Did not match:
         - @ConditionalOnClass did not find required class 'org.thymeleaf.templatemode.TemplateMode' (OnClassCondition)

   TomcatMetricsAutoConfiguration#contextCapturingReactiveTomcatCustomizer:
      Did not match:
         - not a reactive web application (OnWebApplicationCondition)

   TransactionAutoConfiguration.EnableTransactionManagementConfiguration.JdkDynamicAutoProxyConfiguration:
      Did not match:
         - @ConditionalOnProperty (spring.aop.proxy-target-class=false) did not find property 'proxy-target-class' (OnPropertyCondition)

   WavefrontMetricsExportAutoConfiguration:
      Did not match:
         - @ConditionalOnClass did not find required class 'io.micrometer.wavefront.WavefrontMeterRegistry' (OnClassCondition)

   WebClientAutoConfiguration:
      Did not match:
         - @ConditionalOnClass did not find required class 'org.springframework.web.reactive.function.client.WebClient' (OnClassCondition)

   WebFluxAutoConfiguration:
      Did not match:
         - @ConditionalOnClass did not find required class 'org.springframework.web.reactive.config.WebFluxConfigurer' (OnClassCondition)

   WebFluxEndpointManagementContextConfiguration:
      Did not match:
         - @ConditionalOnClass did not find required class 'org.springframework.web.reactive.DispatcherHandler' (OnClassCondition)

   WebFluxMetricsAutoConfiguration:
      Did not match:
         - not a reactive web application (OnWebApplicationCondition)

   WebFluxSecurityConfiguration:
      Did not match:
         - not a reactive web application (OnWebApplicationCondition)
      Matched:
         - @ConditionalOnClass found required classes 'org.springframework.security.config.annotation.web.reactive.EnableWebFluxSecurity', 'org.springframework.security.web.server.WebFilterChainProxy'; @ConditionalOnMissingClass did not find unwanted class (OnClassCondition)

   WebMvcAutoConfiguration.ResourceChainCustomizerConfiguration:
      Did not match:
         - @ConditionalOnEnabledResourceChain did not find class org.webjars.WebJarAssetLocator (OnEnabledResourceChainCondition)

   WebMvcAutoConfiguration.WebMvcAutoConfigurationAdapter#beanNameViewResolver:
      Did not match:
         - @ConditionalOnMissingBean (types: org.springframework.web.servlet.view.BeanNameViewResolver; SearchStrategy: all) found beans of type 'org.springframework.web.servlet.view.BeanNameViewResolver' beanNameViewResolver (OnBeanCondition)

   WebMvcAutoConfiguration.WebMvcAutoConfigurationAdapter#localeResolver:
      Did not match:
         - @ConditionalOnProperty (spring.mvc.locale) did not find property 'locale' (OnPropertyCondition)

   WebServicesAutoConfiguration:
      Did not match:
         - @ConditionalOnClass did not find required class 'org.springframework.ws.transport.http.MessageDispatcherServlet' (OnClassCondition)

   WebSocketMessagingAutoConfiguration:
      Did not match:
         - @ConditionalOnClass did not find required class 'org.springframework.web.socket.config.annotation.WebSocketMessageBrokerConfigurer' (OnClassCondition)

   WebSocketReactiveAutoConfiguration:
      Did not match:
         - not a reactive web application (OnWebApplicationCondition)
      Matched:
         - @ConditionalOnClass found required classes 'javax.servlet.Servlet', 'javax.websocket.server.ServerContainer'; @ConditionalOnMissingClass did not find unwanted class (OnClassCondition)

   WebSocketServletAutoConfiguration.JettyWebSocketConfiguration:
      Did not match:
         - @ConditionalOnClass did not find required class 'org.eclipse.jetty.websocket.jsr356.server.deploy.WebSocketServerContainerInitializer' (OnClassCondition)

   WebSocketServletAutoConfiguration.UndertowWebSocketConfiguration:
      Did not match:
         - @ConditionalOnClass did not find required class 'io.undertow.websockets.jsr.Bootstrap' (OnClassCondition)

   XADataSourceAutoConfiguration:
      Did not match:
         - @ConditionalOnBean (types: org.springframework.boot.jdbc.XADataSourceWrapper; SearchStrategy: all) did not find any beans of type org.springframework.boot.jdbc.XADataSourceWrapper (OnBeanCondition)
      Matched:
         - @ConditionalOnClass found required classes 'javax.sql.DataSource', 'javax.transaction.TransactionManager', 'org.springframework.jdbc.datasource.embedded.EmbeddedDatabaseType'; @ConditionalOnMissingClass did not find unwanted class (OnClassCondition)


Exclusions:
-----------

    None


Unconditional classes:
----------------------

    org.springframework.boot.actuate.autoconfigure.management.HeapDumpWebEndpointAutoConfiguration

    org.springframework.cloud.client.discovery.simple.SimpleDiscoveryClientAutoConfiguration

    org.springframework.cloud.commons.httpclient.HttpClientConfiguration

    org.springframework.boot.actuate.autoconfigure.context.properties.ConfigurationPropertiesReportEndpointAutoConfiguration

    org.springframework.cloud.client.serviceregistry.ServiceRegistryAutoConfiguration

    org.springframework.cloud.autoconfigure.LifecycleMvcEndpointAutoConfiguration

    org.springframework.boot.actuate.autoconfigure.trace.http.HttpTraceEndpointAutoConfiguration

    org.springframework.boot.actuate.autoconfigure.endpoint.jmx.JmxEndpointAutoConfiguration

    org.springframework.boot.actuate.autoconfigure.beans.BeansEndpointAutoConfiguration

    org.springframework.boot.actuate.autoconfigure.audit.AuditAutoConfiguration

    org.springframework.boot.autoconfigure.web.embedded.EmbeddedWebServerFactoryCustomizerAutoConfiguration

    org.springframework.boot.actuate.autoconfigure.env.EnvironmentEndpointAutoConfiguration

    org.springframework.boot.actuate.autoconfigure.context.ShutdownEndpointAutoConfiguration

    org.springframework.boot.autoconfigure.security.reactive.ReactiveSecurityAutoConfiguration

    org.springframework.boot.actuate.autoconfigure.management.ThreadDumpEndpointAutoConfiguration

    org.springframework.boot.actuate.autoconfigure.scheduling.ScheduledTasksEndpointAutoConfiguration

    org.springframework.boot.actuate.autoconfigure.health.HealthIndicatorAutoConfiguration

    org.springframework.boot.actuate.autoconfigure.info.InfoContributorAutoConfiguration

    org.springframework.boot.autoconfigure.context.PropertyPlaceholderAutoConfiguration

    org.springframework.boot.actuate.autoconfigure.logging.LoggersEndpointAutoConfiguration

    org.springframework.boot.actuate.autoconfigure.endpoint.EndpointAutoConfiguration

    org.springframework.boot.actuate.autoconfigure.condition.ConditionsReportEndpointAutoConfiguration

    org.springframework.cloud.client.discovery.composite.CompositeDiscoveryClientAutoConfiguration

    org.springframework.boot.actuate.autoconfigure.logging.LogFileWebEndpointAutoConfiguration

    org.springframework.boot.actuate.autoconfigure.health.HealthEndpointAutoConfiguration

    org.springframework.boot.actuate.autoconfigure.info.InfoEndpointAutoConfiguration

    org.springframework.boot.autoconfigure.context.ConfigurationPropertiesAutoConfiguration

    org.springframework.cloud.client.CommonsClientAutoConfiguration

    org.springframework.boot.actuate.autoconfigure.web.server.ManagementContextAutoConfiguration

    org.springframework.boot.actuate.autoconfigure.audit.AuditEventsEndpointAutoConfiguration

    org.springframework.boot.actuate.autoconfigure.web.mappings.MappingsEndpointAutoConfiguration

    org.springframework.boot.autoconfigure.info.ProjectInfoAutoConfiguration



2020-03-14 21:57:29.102 [main] DEBUG o.s.w.s.resource.ResourceUrlProvider - Looking for resource handler mappings
2020-03-14 21:57:29.105 [main] DEBUG o.s.b.f.s.DefaultListableBeanFactory - Returning cached instance of singleton bean 'faviconHandlerMapping'
2020-03-14 21:57:29.105 [main] DEBUG o.s.b.f.s.DefaultListableBeanFactory - Returning cached instance of singleton bean 'resourceHandlerMapping'
2020-03-14 21:57:29.106 [main] DEBUG o.s.w.s.resource.ResourceUrlProvider - Found resource handler mapping: URL pattern="/**/favicon.ico", locations=[class path resource [META-INF/resources/], class path resource [resources/], class path resource [static/], class path resource [public/], ServletContext resource [/], class path resource []], resolvers=[org.springframework.web.servlet.resource.PathResourceResolver@4f70b659]
2020-03-14 21:57:29.106 [main] DEBUG o.s.w.s.resource.ResourceUrlProvider - Found resource handler mapping: URL pattern="/webjars/**", locations=[class path resource [META-INF/resources/webjars/]], resolvers=[org.springframework.web.servlet.resource.PathResourceResolver@18f1a81a]
2020-03-14 21:57:29.106 [main] DEBUG o.s.w.s.resource.ResourceUrlProvider - Found resource handler mapping: URL pattern="/**", locations=[class path resource [META-INF/resources/], class path resource [resources/], class path resource [static/], class path resource [public/], ServletContext resource [/]], resolvers=[org.springframework.web.servlet.resource.PathResourceResolver@73ba3c4b]
2020-03-14 21:57:29.106 [main] DEBUG o.s.b.f.s.DefaultListableBeanFactory - Returning cached instance of singleton bean 'org.springframework.boot.autoconfigure.internalCachingMetadataReaderFactory'
2020-03-14 21:57:29.108 [main] DEBUG o.s.c.e.PropertySourcesPropertyResolver - Could not find key 'spring.liveBeansView.mbeanDomain' in any property source
2020-03-14 21:57:29.110 [main] INFO  c.n.manage_course.dao.FeignTest - Started FeignTest in 49.542 seconds (JVM running for 51.633)
2020-03-14 21:57:29.111 [main] DEBUG o.s.b.f.s.DefaultListableBeanFactory - Returning cached instance of singleton bean 'delegatingApplicationListener'
2020-03-14 21:57:29.119 [main] DEBUG o.s.b.f.s.DefaultListableBeanFactory - Returning cached instance of singleton bean 'delegatingApplicationListener'
2020-03-14 21:57:29.119 [main] DEBUG o.s.b.f.s.DefaultListableBeanFactory - Returning cached instance of singleton bean 'refreshEventListener'
2020-03-14 21:57:29.120 [main] DEBUG o.s.t.c.c.DefaultCacheAwareContextLoaderDelegate - Storing ApplicationContext in cache under key [[WebMergedContextConfiguration@368247b9 testClass = FeignTest, locations = '{}', classes = '{class com.ningmeng.manage_course.ManageCourseApplication}', contextInitializerClasses = '[]', activeProfiles = '{}', propertySourceLocations = '{}', propertySourceProperties = '{org.springframework.boot.test.context.SpringBootTestContextBootstrapper=true}', contextCustomizers = set[org.springframework.boot.test.context.filter.ExcludeFilterContextCustomizer@4034c28c, org.springframework.boot.test.json.DuplicateJsonObjectContextCustomizerFactory$DuplicateJsonObjectContextCustomizer@53ca01a2, org.springframework.boot.test.mock.mockito.MockitoContextCustomizer@0, org.springframework.boot.test.web.client.TestRestTemplateContextCustomizer@37e547da, org.springframework.boot.test.autoconfigure.properties.PropertyMappingContextCustomizer@0, org.springframework.boot.test.autoconfigure.web.servlet.WebDriverContextCustomizerFactory$Customizer@6e75aa0d], resourceBasePath = 'src/main/webapp', contextLoader = 'org.springframework.boot.test.context.SpringBootContextLoader', parent = [null]]]
2020-03-14 21:57:29.121 [main] DEBUG o.springframework.test.context.cache - Spring test ApplicationContext cache statistics: [DefaultContextCache@4d1f6e1c size = 1, maxSize = 32, parentContextCount = 0, hitCount = 0, missCount = 1]
2020-03-14 21:57:29.123 [main] DEBUG o.s.t.c.w.ServletTestExecutionListener - Setting up MockHttpServletRequest, MockHttpServletResponse, ServletWebRequest, and RequestContextHolder for test context [DefaultTestContext@1e6a3214 testClass = FeignTest, testInstance = com.ningmeng.manage_course.dao.FeignTest@b1d7b09, testMethod = [null], testException = [null], mergedContextConfiguration = [WebMergedContextConfiguration@368247b9 testClass = FeignTest, locations = '{}', classes = '{class com.ningmeng.manage_course.ManageCourseApplication}', contextInitializerClasses = '[]', activeProfiles = '{}', propertySourceLocations = '{}', propertySourceProperties = '{org.springframework.boot.test.context.SpringBootTestContextBootstrapper=true}', contextCustomizers = set[org.springframework.boot.test.context.filter.ExcludeFilterContextCustomizer@4034c28c, org.springframework.boot.test.json.DuplicateJsonObjectContextCustomizerFactory$DuplicateJsonObjectContextCustomizer@53ca01a2, org.springframework.boot.test.mock.mockito.MockitoContextCustomizer@0, org.springframework.boot.test.web.client.TestRestTemplateContextCustomizer@37e547da, org.springframework.boot.test.autoconfigure.properties.PropertyMappingContextCustomizer@0, org.springframework.boot.test.autoconfigure.web.servlet.WebDriverContextCustomizerFactory$Customizer@6e75aa0d], resourceBasePath = 'src/main/webapp', contextLoader = 'org.springframework.boot.test.context.SpringBootContextLoader', parent = [null]], attributes = map['org.springframework.test.context.web.ServletTestExecutionListener.activateListener' -> true]].
2020-03-14 21:57:29.163 [main] DEBUG o.s.t.c.s.DependencyInjectionTestExecutionListener - Performing dependency injection for test context [[DefaultTestContext@1e6a3214 testClass = FeignTest, testInstance = com.ningmeng.manage_course.dao.FeignTest@b1d7b09, testMethod = [null], testException = [null], mergedContextConfiguration = [WebMergedContextConfiguration@368247b9 testClass = FeignTest, locations = '{}', classes = '{class com.ningmeng.manage_course.ManageCourseApplication}', contextInitializerClasses = '[]', activeProfiles = '{}', propertySourceLocations = '{}', propertySourceProperties = '{org.springframework.boot.test.context.SpringBootTestContextBootstrapper=true}', contextCustomizers = set[org.springframework.boot.test.context.filter.ExcludeFilterContextCustomizer@4034c28c, org.springframework.boot.test.json.DuplicateJsonObjectContextCustomizerFactory$DuplicateJsonObjectContextCustomizer@53ca01a2, org.springframework.boot.test.mock.mockito.MockitoContextCustomizer@0, org.springframework.boot.test.web.client.TestRestTemplateContextCustomizer@37e547da, org.springframework.boot.test.autoconfigure.properties.PropertyMappingContextCustomizer@0, org.springframework.boot.test.autoconfigure.web.servlet.WebDriverContextCustomizerFactory$Customizer@6e75aa0d], resourceBasePath = 'src/main/webapp', contextLoader = 'org.springframework.boot.test.context.SpringBootContextLoader', parent = [null]], attributes = map['org.springframework.test.context.web.ServletTestExecutionListener.activateListener' -> true, 'org.springframework.test.context.web.ServletTestExecutionListener.populatedRequestContextHolder' -> true, 'org.springframework.test.context.web.ServletTestExecutionListener.resetRequestContextHolder' -> true]]].
2020-03-14 21:57:29.163 [main] DEBUG o.s.t.c.c.DefaultCacheAwareContextLoaderDelegate - Retrieved ApplicationContext from cache with key [[WebMergedContextConfiguration@368247b9 testClass = FeignTest, locations = '{}', classes = '{class com.ningmeng.manage_course.ManageCourseApplication}', contextInitializerClasses = '[]', activeProfiles = '{}', propertySourceLocations = '{}', propertySourceProperties = '{org.springframework.boot.test.context.SpringBootTestContextBootstrapper=true}', contextCustomizers = set[org.springframework.boot.test.context.filter.ExcludeFilterContextCustomizer@4034c28c, org.springframework.boot.test.json.DuplicateJsonObjectContextCustomizerFactory$DuplicateJsonObjectContextCustomizer@53ca01a2, org.springframework.boot.test.mock.mockito.MockitoContextCustomizer@0, org.springframework.boot.test.web.client.TestRestTemplateContextCustomizer@37e547da, org.springframework.boot.test.autoconfigure.properties.PropertyMappingContextCustomizer@0, org.springframework.boot.test.autoconfigure.web.servlet.WebDriverContextCustomizerFactory$Customizer@6e75aa0d], resourceBasePath = 'src/main/webapp', contextLoader = 'org.springframework.boot.test.context.SpringBootContextLoader', parent = [null]]]
2020-03-14 21:57:29.164 [main] DEBUG o.springframework.test.context.cache - Spring test ApplicationContext cache statistics: [DefaultContextCache@4d1f6e1c size = 1, maxSize = 32, parentContextCount = 0, hitCount = 1, missCount = 1]
2020-03-14 21:57:29.168 [main] DEBUG o.s.b.f.annotation.InjectionMetadata - Processing injected element of bean 'com.ningmeng.manage_course.dao.FeignTest': AutowiredFieldElement for com.ningmeng.manage_course.client.CmsPageClient com.ningmeng.manage_course.dao.FeignTest.cmsPageClient
2020-03-14 21:57:29.169 [main] DEBUG o.s.core.annotation.AnnotationUtils - Failed to meta-introspect annotation interface org.springframework.beans.factory.annotation.Autowired: java.lang.NullPointerException
2020-03-14 21:57:29.177 [main] DEBUG o.s.b.f.s.DefaultListableBeanFactory - Returning cached instance of singleton bean 'com.ningmeng.manage_course.client.CmsPageClient'
2020-03-14 21:57:29.178 [main] DEBUG o.s.b.f.a.AutowiredAnnotationBeanPostProcessor - Autowiring by type from bean name 'com.ningmeng.manage_course.dao.FeignTest' to bean named 'com.ningmeng.manage_course.client.CmsPageClient'
2020-03-14 21:57:29.179 [main] DEBUG o.s.b.f.s.DefaultListableBeanFactory - Returning cached instance of singleton bean 'metaDataSourceAdvisor'
2020-03-14 21:57:29.179 [main] DEBUG o.s.b.f.s.DefaultListableBeanFactory - Returning cached instance of singleton bean 'org.springframework.transaction.config.internalTransactionAdvisor'
2020-03-14 21:57:29.179 [main] DEBUG o.s.b.f.s.DefaultListableBeanFactory - Returning cached instance of singleton bean 'metaDataSourceAdvisor'
2020-03-14 21:57:29.179 [main] DEBUG o.s.b.f.s.DefaultListableBeanFactory - Returning cached instance of singleton bean 'org.springframework.transaction.config.internalTransactionAdvisor'
2020-03-14 21:57:29.187 [main] DEBUG o.s.t.c.s.AbstractDirtiesContextTestExecutionListener - Before test method: context [DefaultTestContext@1e6a3214 testClass = FeignTest, testInstance = com.ningmeng.manage_course.dao.FeignTest@b1d7b09, testMethod = testFeign@FeignTest, testException = [null], mergedContextConfiguration = [WebMergedContextConfiguration@368247b9 testClass = FeignTest, locations = '{}', classes = '{class com.ningmeng.manage_course.ManageCourseApplication}', contextInitializerClasses = '[]', activeProfiles = '{}', propertySourceLocations = '{}', propertySourceProperties = '{org.springframework.boot.test.context.SpringBootTestContextBootstrapper=true}', contextCustomizers = set[org.springframework.boot.test.context.filter.ExcludeFilterContextCustomizer@4034c28c, org.springframework.boot.test.json.DuplicateJsonObjectContextCustomizerFactory$DuplicateJsonObjectContextCustomizer@53ca01a2, org.springframework.boot.test.mock.mockito.MockitoContextCustomizer@0, org.springframework.boot.test.web.client.TestRestTemplateContextCustomizer@37e547da, org.springframework.boot.test.autoconfigure.properties.PropertyMappingContextCustomizer@0, org.springframework.boot.test.autoconfigure.web.servlet.WebDriverContextCustomizerFactory$Customizer@6e75aa0d], resourceBasePath = 'src/main/webapp', contextLoader = 'org.springframework.boot.test.context.SpringBootContextLoader', parent = [null]], attributes = map['org.springframework.test.context.web.ServletTestExecutionListener.activateListener' -> true, 'org.springframework.test.context.web.ServletTestExecutionListener.populatedRequestContextHolder' -> true, 'org.springframework.test.context.web.ServletTestExecutionListener.resetRequestContextHolder' -> true]], class annotated with @DirtiesContext [false] with mode [null], method annotated with @DirtiesContext [false] with mode [null].
2020-03-14 21:57:29.192 [main] DEBUG o.s.t.c.c.DefaultCacheAwareContextLoaderDelegate - Retrieved ApplicationContext from cache with key [[WebMergedContextConfiguration@368247b9 testClass = FeignTest, locations = '{}', classes = '{class com.ningmeng.manage_course.ManageCourseApplication}', contextInitializerClasses = '[]', activeProfiles = '{}', propertySourceLocations = '{}', propertySourceProperties = '{org.springframework.boot.test.context.SpringBootTestContextBootstrapper=true}', contextCustomizers = set[org.springframework.boot.test.context.filter.ExcludeFilterContextCustomizer@4034c28c, org.springframework.boot.test.json.DuplicateJsonObjectContextCustomizerFactory$DuplicateJsonObjectContextCustomizer@53ca01a2, org.springframework.boot.test.mock.mockito.MockitoContextCustomizer@0, org.springframework.boot.test.web.client.TestRestTemplateContextCustomizer@37e547da, org.springframework.boot.test.autoconfigure.properties.PropertyMappingContextCustomizer@0, org.springframework.boot.test.autoconfigure.web.servlet.WebDriverContextCustomizerFactory$Customizer@6e75aa0d], resourceBasePath = 'src/main/webapp', contextLoader = 'org.springframework.boot.test.context.SpringBootContextLoader', parent = [null]]]
2020-03-14 21:57:29.192 [main] DEBUG o.springframework.test.context.cache - Spring test ApplicationContext cache statistics: [DefaultContextCache@4d1f6e1c size = 1, maxSize = 32, parentContextCount = 0, hitCount = 2, missCount = 1]
2020-03-14 21:57:29.472 [main] DEBUG o.s.b.f.s.DefaultListableBeanFactory - Returning cached instance of singleton bean 'org.springframework.boot.test.mock.mockito.MockitoBeans'
2020-03-14 21:57:29.478 [main] DEBUG o.s.core.env.StandardEnvironment - Adding PropertySource 'systemProperties' with lowest search precedence
2020-03-14 21:57:29.478 [main] DEBUG o.s.core.env.StandardEnvironment - Adding PropertySource 'systemEnvironment' with lowest search precedence
2020-03-14 21:57:29.478 [main] DEBUG o.s.core.env.StandardEnvironment - Initialized StandardEnvironment with PropertySources [MapPropertySource@62415796 {name='systemProperties', properties={idea.version=2017.1.2, java.runtime.name=Java(TM) SE Runtime Environment, sun.boot.library.path=C:\Program Files\Java\jdk1.8.0_91\jre\bin, java.vm.version=25.91-b14, java.vm.vendor=Oracle Corporation, java.vendor.url=http://java.oracle.com/, path.separator=;, java.vm.name=Java HotSpot(TM) 64-Bit Server VM, file.encoding.pkg=sun.io, user.country=CN, user.script=, sun.java.launcher=SUN_STANDARD, sun.os.patch.level=, PID=10228, java.vm.specification.name=Java Virtual Machine Specification, user.dir=E:\1704A\hdServiceCode\nm-service-manage-course, java.runtime.version=1.8.0_91-b14, basedir=E:\1704A\hdServiceCode\nm-service-manage-course, java.awt.graphicsenv=sun.awt.Win32GraphicsEnvironment, java.endorsed.dirs=C:\Program Files\Java\jdk1.8.0_91\jre\lib\endorsed, os.arch=amd64, surefire.real.class.path=C:\Users\wangb\AppData\Local\Temp\surefire5324342515423551962\surefirebooter5243460830507094447.jar, java.io.tmpdir=C:\Users\wangb\AppData\Local\Temp\, line.separator=
, java.vm.specification.vendor=Oracle Corporation, user.variant=, os.name=Windows 10, sun.jnu.encoding=GBK, spring.beaninfo.ignore=true, java.library.path=C:\Program Files\Java\jdk1.8.0_91\jre\bin;C:\WINDOWS\Sun\Java\bin;C:\WINDOWS\system32;C:\WINDOWS;E:\app\wangb\product\11.2.0\dbhome_1\bin;E:\maven\apache-maven-3.6.1\bin;C:\Program Files\Java\jdk1.8.0_91\bin;C:\Program Files (x86)\Intel\iCLS Client\;C:\Program Files\Intel\iCLS Client\;C:\Windows\system32;C:\Windows;C:\Windows\System32\Wbem;C:\Windows\System32\WindowsPowerShell\v1.0\;C:\Program Files (x86)\NVIDIA Corporation\PhysX\Common;C:\Program Files (x86)\Intel\Intel(R) Management Engine Components\DAL;C:\Program Files\Intel\Intel(R) Management Engine Components\DAL;C:\Program Files (x86)\Intel\Intel(R) Management Engine Components\IPT;C:\Program Files\Intel\Intel(R) Management Engine Components\IPT;C:\WINDOWS\system32;C:\WINDOWS;C:\WINDOWS\System32\Wbem;C:\WINDOWS\System32\WindowsPowerShell\v1.0\;C:\WINDOWS\System32\OpenSSH\;C:\Program Files\MySQL\MySQL Server 5.5\bin;E:\nodejs\;E:\Git\cmd;E:\Mp4\ffmpeg-20180227-fa0c9d6-win64-static\bin;C:\Users\wangb\AppData\Local\Microsoft\WindowsApps;C:\Users\wangb\AppData\Roaming\npm;E:\Microsoft VS Code\bin;., surefire.test.class.path=E:\1704A\hdServiceCode\nm-service-manage-course\target\test-classes;E:\1704A\hdServiceCode\nm-service-manage-course\target\classes;E:\1704A\repository\org\springframework\cloud\spring-cloud-starter-oauth2\2.0.0.RELEASE\spring-cloud-starter-oauth2-2.0.0.RELEASE.jar;E:\1704A\repository\org\springframework\cloud\spring-cloud-starter-security\2.0.0.RELEASE\spring-cloud-starter-security-2.0.0.RELEASE.jar;E:\1704A\repository\org\springframework\boot\spring-boot-starter-actuator\2.0.1.RELEASE\spring-boot-starter-actuator-2.0.1.RELEASE.jar;E:\1704A\repository\org\springframework\boot\spring-boot-actuator-autoconfigure\2.0.1.RELEASE\spring-boot-actuator-autoconfigure-2.0.1.RELEASE.jar;E:\1704A\repository\org\springframework\boot\spring-boot-actuator\2.0.1.RELEASE\spring-boot-actuator-2.0.1.RELEASE.jar;E:\1704A\repository\io\micrometer\micrometer-core\1.0.3\micrometer-core-1.0.3.jar;E:\1704A\repository\org\latencyutils\LatencyUtils\2.0.3\LatencyUtils-2.0.3.jar;E:\1704A\repository\org\springframework\cloud\spring-cloud-security\2.0.0.RELEASE\spring-cloud-security-2.0.0.RELEASE.jar;E:\1704A\repository\org\springframework\boot\spring-boot-starter-security\2.0.1.RELEASE\spring-boot-starter-security-2.0.1.RELEASE.jar;E:\1704A\repository\org\springframework\security\oauth\boot\spring-security-oauth2-autoconfigure\2.0.0.RELEASE\spring-security-oauth2-autoconfigure-2.0.0.RELEASE.jar;E:\1704A\repository\com\fasterxml\jackson\core\jackson-annotations\2.9.0\jackson-annotations-2.9.0.jar;E:\1704A\repository\com\fasterxml\jackson\core\jackson-databind\2.9.5\jackson-databind-2.9.5.jar;E:\1704A\repository\org\springframework\boot\spring-boot\2.0.1.RELEASE\spring-boot-2.0.1.RELEASE.jar;E:\1704A\repository\org\springframework\security\oauth\spring-security-oauth2\2.2.1.RELEASE\spring-security-oauth2-2.2.1.RELEASE.jar;E:\1704A\repository\org\springframework\security\spring-security-core\5.0.4.RELEASE\spring-security-core-5.0.4.RELEASE.jar;E:\1704A\repository\org\springframework\security\spring-security-config\5.0.4.RELEASE\spring-security-config-5.0.4.RELEASE.jar;E:\1704A\repository\org\springframework\security\spring-security-web\5.0.4.RELEASE\spring-security-web-5.0.4.RELEASE.jar;E:\1704A\repository\org\codehaus\jackson\jackson-mapper-asl\1.9.13\jackson-mapper-asl-1.9.13.jar;E:\1704A\repository\org\codehaus\jackson\jackson-core-asl\1.9.13\jackson-core-asl-1.9.13.jar;E:\1704A\repository\com\github\pagehelper\pagehelper-spring-boot-starter\1.2.4\pagehelper-spring-boot-starter-1.2.4.jar;E:\1704A\repository\org\springframework\boot\spring-boot-starter\2.0.1.RELEASE\spring-boot-starter-2.0.1.RELEASE.jar;E:\1704A\repository\javax\annotation\javax.annotation-api\1.3.2\javax.annotation-api-1.3.2.jar;E:\1704A\repository\org\yaml\snakeyaml\1.19\snakeyaml-1.19.jar;E:\1704A\repository\com\github\pagehelper\pagehelper-spring-boot-autoconfigure\1.2.4\pagehelper-spring-boot-autoconfigure-1.2.4.jar;E:\1704A\repository\com\github\pagehelper\pagehelper\5.1.3\pagehelper-5.1.3.jar;E:\1704A\repository\com\github\jsqlparser\jsqlparser\1.0\jsqlparser-1.0.jar;E:\1704A\hdServiceCode\nm-service-api\target\nm-service-api.jar;E:\1704A\repository\commons-fileupload\commons-fileupload\1.3.3\commons-fileupload-1.3.3.jar;E:\1704A\repository\io\springfox\springfox-swagger2\2.7.0\springfox-swagger2-2.7.0.jar;E:\1704A\repository\io\swagger\swagger-annotations\1.5.13\swagger-annotations-1.5.13.jar;E:\1704A\repository\io\swagger\swagger-models\1.5.13\swagger-models-1.5.13.jar;E:\1704A\repository\io\springfox\springfox-spi\2.7.0\springfox-spi-2.7.0.jar;E:\1704A\repository\io\springfox\springfox-core\2.7.0\springfox-core-2.7.0.jar;E:\1704A\repository\io\springfox\springfox-schema\2.7.0\springfox-schema-2.7.0.jar;E:\1704A\repository\io\springfox\springfox-swagger-common\2.7.0\springfox-swagger-common-2.7.0.jar;E:\1704A\repository\io\springfox\springfox-spring-web\2.7.0\springfox-spring-web-2.7.0.jar;E:\1704A\repository\org\reflections\reflections\0.9.11\reflections-0.9.11.jar;E:\1704A\repository\com\fasterxml\classmate\1.3.4\classmate-1.3.4.jar;E:\1704A\repository\org\springframework\plugin\spring-plugin-core\1.2.0.RELEASE\spring-plugin-core-1.2.0.RELEASE.jar;E:\1704A\repository\org\springframework\plugin\spring-plugin-metadata\1.2.0.RELEASE\spring-plugin-metadata-1.2.0.RELEASE.jar;E:\1704A\repository\org\mapstruct\mapstruct\1.1.0.Final\mapstruct-1.1.0.Final.jar;E:\1704A\repository\io\springfox\springfox-swagger-ui\2.7.0\springfox-swagger-ui-2.7.0.jar;E:\1704A\hdServiceCode\nm-framework-model\target\nm-framework-model.jar;E:\1704A\repository\org\projectlombok\lombok\1.16.16\lombok-1.16.16.jar;E:\1704A\repository\org\springframework\data\spring-data-commons\2.0.6.RELEASE\spring-data-commons-2.0.6.RELEASE.jar;E:\1704A\repository\org\springframework\data\spring-data-mongodb\2.0.6.RELEASE\spring-data-mongodb-2.0.6.RELEASE.jar;E:\1704A\repository\org\springframework\spring-context\5.0.5.RELEASE\spring-context-5.0.5.RELEASE.jar;E:\1704A\repository\org\springframework\spring-expression\5.0.5.RELEASE\spring-expression-5.0.5.RELEASE.jar;E:\1704A\repository\org\mongodb\mongo-java-driver\3.6.3\mongo-java-driver-3.6.3.jar;E:\1704A\repository\org\hibernate\hibernate-core\5.2.16.Final\hibernate-core-5.2.16.Final.jar;E:\1704A\repository\org\jboss\logging\jboss-logging\3.3.2.Final\jboss-logging-3.3.2.Final.jar;E:\1704A\repository\org\hibernate\javax\persistence\hibernate-jpa-2.1-api\1.0.0.Final\hibernate-jpa-2.1-api-1.0.0.Final.jar;E:\1704A\repository\org\javassist\javassist\3.22.0-GA\javassist-3.22.0-GA.jar;E:\1704A\repository\antlr\antlr\2.7.7\antlr-2.7.7.jar;E:\1704A\repository\org\jboss\spec\javax\transaction\jboss-transaction-api_1.2_spec\1.0.1.Final\jboss-transaction-api_1.2_spec-1.0.1.Final.jar;E:\1704A\repository\org\jboss\jandex\2.0.3.Final\jandex-2.0.3.Final.jar;E:\1704A\repository\dom4j\dom4j\1.6.1\dom4j-1.6.1.jar;E:\1704A\repository\org\hibernate\common\hibernate-commons-annotations\5.0.1.Final\hibernate-commons-annotations-5.0.1.Final.jar;E:\1704A\repository\com\google\guava\guava\24.0-jre\guava-24.0-jre.jar;E:\1704A\repository\com\google\code\findbugs\jsr305\1.3.9\jsr305-1.3.9.jar;E:\1704A\repository\org\checkerframework\checker-compat-qual\2.0.0\checker-compat-qual-2.0.0.jar;E:\1704A\repository\com\google\errorprone\error_prone_annotations\2.1.3\error_prone_annotations-2.1.3.jar;E:\1704A\repository\com\google\j2objc\j2objc-annotations\1.1\j2objc-annotations-1.1.jar;E:\1704A\repository\org\codehaus\mojo\animal-sniffer-annotations\1.14\animal-sniffer-annotations-1.14.jar;E:\1704A\hdServiceCode\nm-framework-utils\target\nm-framework-utils.jar;E:\1704A\repository\javax\servlet\javax.servlet-api\3.1.0\javax.servlet-api-3.1.0.jar;E:\1704A\repository\org\springframework\boot\spring-boot-starter-logging\2.0.1.RELEASE\spring-boot-starter-logging-2.0.1.RELEASE.jar;E:\1704A\repository\ch\qos\logback\logback-classic\1.2.3\logback-classic-1.2.3.jar;E:\1704A\repository\ch\qos\logback\logback-core\1.2.3\logback-core-1.2.3.jar;E:\1704A\repository\org\apache\logging\log4j\log4j-to-slf4j\2.10.0\log4j-to-slf4j-2.10.0.jar;E:\1704A\repository\org\apache\logging\log4j\log4j-api\2.10.0\log4j-api-2.10.0.jar;E:\1704A\repository\org\slf4j\jul-to-slf4j\1.7.25\jul-to-slf4j-1.7.25.jar;E:\1704A\repository\org\apache\httpcomponents\httpclient\4.5.5\httpclient-4.5.5.jar;E:\1704A\repository\org\apache\httpcomponents\httpcore\4.4.9\httpcore-4.4.9.jar;E:\1704A\repository\commons-codec\commons-codec\1.10\commons-codec-1.10.jar;E:\1704A\repository\net\lingala\zip4j\zip4j\1.3.1\zip4j-1.3.1.jar;E:\1704A\repository\org\springframework\security\spring-security-crypto\5.0.4.RELEASE\spring-security-crypto-5.0.4.RELEASE.jar;E:\1704A\repository\org\springframework\security\spring-security-jwt\1.0.8.RELEASE\spring-security-jwt-1.0.8.RELEASE.jar;E:\1704A\repository\org\bouncycastle\bcpkix-jdk15on\1.56\bcpkix-jdk15on-1.56.jar;E:\1704A\repository\org\bouncycastle\bcprov-jdk15on\1.56\bcprov-jdk15on-1.56.jar;E:\1704A\hdServiceCode\nm-framework-common\target\nm-framework-common.jar;E:\1704A\repository\org\springframework\spring-web\5.0.5.RELEASE\spring-web-5.0.5.RELEASE.jar;E:\1704A\repository\org\springframework\boot\spring-boot-starter-web\2.0.1.RELEASE\spring-boot-starter-web-2.0.1.RELEASE.jar;E:\1704A\repository\org\springframework\boot\spring-boot-starter-json\2.0.1.RELEASE\spring-boot-starter-json-2.0.1.RELEASE.jar;E:\1704A\repository\com\fasterxml\jackson\datatype\jackson-datatype-jdk8\2.9.5\jackson-datatype-jdk8-2.9.5.jar;E:\1704A\repository\com\fasterxml\jackson\datatype\jackson-datatype-jsr310\2.9.5\jackson-datatype-jsr310-2.9.5.jar;E:\1704A\repository\com\fasterxml\jackson\module\jackson-module-parameter-names\2.9.5\jackson-module-parameter-names-2.9.5.jar;E:\1704A\repository\org\springframework\boot\spring-boot-starter-tomcat\2.0.1.RELEASE\spring-boot-starter-tomcat-2.0.1.RELEASE.jar;E:\1704A\repository\org\apache\tomcat\embed\tomcat-embed-core\8.5.28\tomcat-embed-core-8.5.28.jar;E:\1704A\repository\org\apache\tomcat\embed\tomcat-embed-el\8.5.28\tomcat-embed-el-8.5.28.jar;E:\1704A\repository\org\apache\tomcat\embed\tomcat-embed-websocket\8.5.28\tomcat-embed-websocket-8.5.28.jar;E:\1704A\repository\org\hibernate\validator\hibernate-validator\6.0.9.Final\hibernate-validator-6.0.9.Final.jar;E:\1704A\repository\javax\validation\validation-api\2.0.1.Final\validation-api-2.0.1.Final.jar;E:\1704A\repository\org\springframework\spring-webmvc\5.0.5.RELEASE\spring-webmvc-5.0.5.RELEASE.jar;E:\1704A\repository\org\springframework\spring-aop\5.0.5.RELEASE\spring-aop-5.0.5.RELEASE.jar;E:\1704A\repository\mysql\mysql-connector-java\5.1.40\mysql-connector-java-5.1.40.jar;E:\1704A\repository\com\alibaba\druid-spring-boot-starter\1.1.10\druid-spring-boot-starter-1.1.10.jar;E:\1704A\repository\com\alibaba\druid\1.1.6\druid-1.1.6.jar;E:\1704A\repository\org\slf4j\slf4j-api\1.7.25\slf4j-api-1.7.25.jar;E:\1704A\repository\org\springframework\boot\spring-boot-autoconfigure\2.0.1.RELEASE\spring-boot-autoconfigure-2.0.1.RELEASE.jar;E:\1704A\repository\org\mybatis\spring\boot\mybatis-spring-boot-starter\1.3.1\mybatis-spring-boot-starter-1.3.1.jar;E:\1704A\repository\org\springframework\boot\spring-boot-starter-jdbc\2.0.1.RELEASE\spring-boot-starter-jdbc-2.0.1.RELEASE.jar;E:\1704A\repository\com\zaxxer\HikariCP\2.7.8\HikariCP-2.7.8.jar;E:\1704A\repository\org\mybatis\spring\boot\mybatis-spring-boot-autoconfigure\1.3.1\mybatis-spring-boot-autoconfigure-1.3.1.jar;E:\1704A\repository\org\mybatis\mybatis\3.4.5\mybatis-3.4.5.jar;E:\1704A\repository\org\mybatis\mybatis-spring\1.3.1\mybatis-spring-1.3.1.jar;E:\1704A\repository\org\springframework\spring-orm\5.0.5.RELEASE\spring-orm-5.0.5.RELEASE.jar;E:\1704A\repository\org\springframework\spring-beans\5.0.5.RELEASE\spring-beans-5.0.5.RELEASE.jar;E:\1704A\repository\org\springframework\spring-core\5.0.5.RELEASE\spring-core-5.0.5.RELEASE.jar;E:\1704A\repository\org\springframework\spring-jcl\5.0.5.RELEASE\spring-jcl-5.0.5.RELEASE.jar;E:\1704A\repository\org\springframework\spring-jdbc\5.0.5.RELEASE\spring-jdbc-5.0.5.RELEASE.jar;E:\1704A\repository\org\springframework\spring-tx\5.0.5.RELEASE\spring-tx-5.0.5.RELEASE.jar;E:\1704A\repository\org\springframework\boot\spring-boot-starter-data-jpa\2.0.1.RELEASE\spring-boot-starter-data-jpa-2.0.1.RELEASE.jar;E:\1704A\repository\org\springframework\boot\spring-boot-starter-aop\2.0.1.RELEASE\spring-boot-starter-aop-2.0.1.RELEASE.jar;E:\1704A\repository\org\aspectj\aspectjweaver\1.8.13\aspectjweaver-1.8.13.jar;E:\1704A\repository\javax\transaction\javax.transaction-api\1.2\javax.transaction-api-1.2.jar;E:\1704A\repository\org\springframework\data\spring-data-jpa\2.0.6.RELEASE\spring-data-jpa-2.0.6.RELEASE.jar;E:\1704A\repository\org\springframework\spring-aspects\5.0.5.RELEASE\spring-aspects-5.0.5.RELEASE.jar;E:\1704A\repository\com\squareup\okhttp3\okhttp\3.9.1\okhttp-3.9.1.jar;E:\1704A\repository\com\squareup\okio\okio\1.13.0\okio-1.13.0.jar;E:\1704A\repository\com\alibaba\fastjson\1.2.30\fastjson-1.2.30.jar;E:\1704A\repository\commons-io\commons-io\2.6\commons-io-2.6.jar;E:\1704A\repository\org\apache\commons\commons-lang3\3.6\commons-lang3-3.6.jar;E:\1704A\repository\org\springframework\boot\spring-boot-starter-test\2.0.1.RELEASE\spring-boot-starter-test-2.0.1.RELEASE.jar;E:\1704A\repository\org\springframework\boot\spring-boot-test\2.0.1.RELEASE\spring-boot-test-2.0.1.RELEASE.jar;E:\1704A\repository\org\springframework\boot\spring-boot-test-autoconfigure\2.0.1.RELEASE\spring-boot-test-autoconfigure-2.0.1.RELEASE.jar;E:\1704A\repository\com\jayway\jsonpath\json-path\2.4.0\json-path-2.4.0.jar;E:\1704A\repository\net\minidev\json-smart\2.3\json-smart-2.3.jar;E:\1704A\repository\net\minidev\accessors-smart\1.2\accessors-smart-1.2.jar;E:\1704A\repository\org\ow2\asm\asm\5.0.4\asm-5.0.4.jar;E:\1704A\repository\junit\junit\4.12\junit-4.12.jar;E:\1704A\repository\org\assertj\assertj-core\3.9.1\assertj-core-3.9.1.jar;E:\1704A\repository\org\mockito\mockito-core\2.15.0\mockito-core-2.15.0.jar;E:\1704A\repository\net\bytebuddy\byte-buddy\1.7.11\byte-buddy-1.7.11.jar;E:\1704A\repository\net\bytebuddy\byte-buddy-agent\1.7.11\byte-buddy-agent-1.7.11.jar;E:\1704A\repository\org\objenesis\objenesis\2.6\objenesis-2.6.jar;E:\1704A\repository\org\hamcrest\hamcrest-core\1.3\hamcrest-core-1.3.jar;E:\1704A\repository\org\hamcrest\hamcrest-library\1.3\hamcrest-library-1.3.jar;E:\1704A\repository\org\skyscreamer\jsonassert\1.5.0\jsonassert-1.5.0.jar;E:\1704A\repository\com\vaadin\external\google\android-json\0.0.20131108.vaadin1\android-json-0.0.20131108.vaadin1.jar;E:\1704A\repository\org\springframework\spring-test\5.0.5.RELEASE\spring-test-5.0.5.RELEASE.jar;E:\1704A\repository\org\xmlunit\xmlunit-core\2.5.1\xmlunit-core-2.5.1.jar;E:\1704A\repository\org\springframework\cloud\spring-cloud-starter-netflix-eureka-client\2.0.1.RELEASE\spring-cloud-starter-netflix-eureka-client-2.0.1.RELEASE.jar;E:\1704A\repository\org\springframework\cloud\spring-cloud-starter\2.0.1.RELEASE\spring-cloud-starter-2.0.1.RELEASE.jar;E:\1704A\repository\org\springframework\cloud\spring-cloud-context\2.0.1.RELEASE\spring-cloud-context-2.0.1.RELEASE.jar;E:\1704A\repository\org\springframework\security\spring-security-rsa\1.0.5.RELEASE\spring-security-rsa-1.0.5.RELEASE.jar;E:\1704A\repository\org\springframework\cloud\spring-cloud-netflix-core\2.0.1.RELEASE\spring-cloud-netflix-core-2.0.1.RELEASE.jar;E:\1704A\repository\org\springframework\cloud\spring-cloud-netflix-eureka-client\2.0.1.RELEASE\spring-cloud-netflix-eureka-client-2.0.1.RELEASE.jar;E:\1704A\repository\com\netflix\eureka\eureka-client\1.9.3\eureka-client-1.9.3.jar;E:\1704A\repository\org\codehaus\jettison\jettison\1.3.7\jettison-1.3.7.jar;E:\1704A\repository\stax\stax-api\1.0.1\stax-api-1.0.1.jar;E:\1704A\repository\com\netflix\netflix-commons\netflix-eventbus\0.3.0\netflix-eventbus-0.3.0.jar;E:\1704A\repository\com\netflix\netflix-commons\netflix-infix\0.3.0\netflix-infix-0.3.0.jar;E:\1704A\repository\commons-jxpath\commons-jxpath\1.3\commons-jxpath-1.3.jar;E:\1704A\repository\joda-time\joda-time\2.9.9\joda-time-2.9.9.jar;E:\1704A\repository\org\antlr\antlr-runtime\3.4\antlr-runtime-3.4.jar;E:\1704A\repository\org\antlr\stringtemplate\3.2.1\stringtemplate-3.2.1.jar;E:\1704A\repository\com\google\code\gson\gson\2.8.2\gson-2.8.2.jar;E:\1704A\repository\org\apache\commons\commons-math\2.2\commons-math-2.2.jar;E:\1704A\repository\com\netflix\archaius\archaius-core\0.7.6\archaius-core-0.7.6.jar;E:\1704A\repository\javax\ws\rs\jsr311-api\1.1.1\jsr311-api-1.1.1.jar;E:\1704A\repository\com\netflix\servo\servo-core\0.12.21\servo-core-0.12.21.jar;E:\1704A\repository\com\sun\jersey\jersey-core\1.19.1\jersey-core-1.19.1.jar;E:\1704A\repository\com\sun\jersey\jersey-client\1.19.1\jersey-client-1.19.1.jar;E:\1704A\repository\com\sun\jersey\contribs\jersey-apache-client4\1.19.1\jersey-apache-client4-1.19.1.jar;E:\1704A\repository\com\google\inject\guice\4.1.0\guice-4.1.0.jar;E:\1704A\repository\javax\inject\javax.inject\1\javax.inject-1.jar;E:\1704A\repository\aopalliance\aopalliance\1.0\aopalliance-1.0.jar;E:\1704A\repository\com\github\vlsi\compactmap\compactmap\1.2.1\compactmap-1.2.1.jar;E:\1704A\repository\com\github\andrewoma\dexx\dexx-collections\0.2\dexx-collections-0.2.jar;E:\1704A\repository\com\fasterxml\jackson\core\jackson-core\2.9.5\jackson-core-2.9.5.jar;E:\1704A\repository\com\netflix\eureka\eureka-core\1.9.3\eureka-core-1.9.3.jar;E:\1704A\repository\org\codehaus\woodstox\woodstox-core-asl\4.4.1\woodstox-core-asl-4.4.1.jar;E:\1704A\repository\javax\xml\stream\stax-api\1.0-2\stax-api-1.0-2.jar;E:\1704A\repository\org\codehaus\woodstox\stax2-api\3.1.4\stax2-api-3.1.4.jar;E:\1704A\repository\org\springframework\cloud\spring-cloud-starter-netflix-archaius\2.0.1.RELEASE\spring-cloud-starter-netflix-archaius-2.0.1.RELEASE.jar;E:\1704A\repository\org\springframework\cloud\spring-cloud-netflix-ribbon\2.0.1.RELEASE\spring-cloud-netflix-ribbon-2.0.1.RELEASE.jar;E:\1704A\repository\org\springframework\cloud\spring-cloud-netflix-archaius\2.0.1.RELEASE\spring-cloud-netflix-archaius-2.0.1.RELEASE.jar;E:\1704A\repository\commons-configuration\commons-configuration\1.8\commons-configuration-1.8.jar;E:\1704A\repository\commons-lang\commons-lang\2.6\commons-lang-2.6.jar;E:\1704A\repository\org\springframework\cloud\spring-cloud-starter-netflix-ribbon\2.0.1.RELEASE\spring-cloud-starter-netflix-ribbon-2.0.1.RELEASE.jar;E:\1704A\repository\com\netflix\ribbon\ribbon\2.2.5\ribbon-2.2.5.jar;E:\1704A\repository\com\netflix\ribbon\ribbon-transport\2.2.5\ribbon-transport-2.2.5.jar;E:\1704A\repository\io\reactivex\rxnetty-contexts\0.4.9\rxnetty-contexts-0.4.9.jar;E:\1704A\repository\io\reactivex\rxnetty-servo\0.4.9\rxnetty-servo-0.4.9.jar;E:\1704A\repository\io\reactivex\rxnetty\0.4.9\rxnetty-0.4.9.jar;E:\1704A\repository\io\netty\netty-codec-http\4.1.23.Final\netty-codec-http-4.1.23.Final.jar;E:\1704A\repository\io\netty\netty-codec\4.1.23.Final\netty-codec-4.1.23.Final.jar;E:\1704A\repository\io\netty\netty-transport-native-epoll\4.1.23.Final\netty-transport-native-epoll-4.1.23.Final.jar;E:\1704A\repository\io\netty\netty-common\4.1.23.Final\netty-common-4.1.23.Final.jar;E:\1704A\repository\io\netty\netty-buffer\4.1.23.Final\netty-buffer-4.1.23.Final.jar;E:\1704A\repository\io\netty\netty-transport-native-unix-common\4.1.23.Final\netty-transport-native-unix-common-4.1.23.Final.jar;E:\1704A\repository\io\netty\netty-transport\4.1.23.Final\netty-transport-4.1.23.Final.jar;E:\1704A\repository\io\netty\netty-resolver\4.1.23.Final\netty-resolver-4.1.23.Final.jar;E:\1704A\repository\com\netflix\ribbon\ribbon-core\2.2.5\ribbon-core-2.2.5.jar;E:\1704A\repository\com\netflix\ribbon\ribbon-httpclient\2.2.5\ribbon-httpclient-2.2.5.jar;E:\1704A\repository\commons-collections\commons-collections\3.2.2\commons-collections-3.2.2.jar;E:\1704A\repository\com\netflix\netflix-commons\netflix-commons-util\0.3.0\netflix-commons-util-0.3.0.jar;E:\1704A\repository\com\netflix\ribbon\ribbon-loadbalancer\2.2.5\ribbon-loadbalancer-2.2.5.jar;E:\1704A\repository\com\netflix\netflix-commons\netflix-statistics\0.1.1\netflix-statistics-0.1.1.jar;E:\1704A\repository\io\reactivex\rxjava\1.3.8\rxjava-1.3.8.jar;E:\1704A\repository\com\netflix\ribbon\ribbon-eureka\2.2.5\ribbon-eureka-2.2.5.jar;E:\1704A\repository\com\thoughtworks\xstream\xstream\1.4.10\xstream-1.4.10.jar;E:\1704A\repository\xmlpull\xmlpull\1.1.3.1\xmlpull-1.1.3.1.jar;E:\1704A\repository\xpp3\xpp3_min\1.1.4c\xpp3_min-1.1.4c.jar;E:\1704A\repository\org\springframework\cloud\spring-cloud-starter-openfeign\2.0.1.RELEASE\spring-cloud-starter-openfeign-2.0.1.RELEASE.jar;E:\1704A\repository\org\springframework\cloud\spring-cloud-openfeign-core\2.0.1.RELEASE\spring-cloud-openfeign-core-2.0.1.RELEASE.jar;E:\1704A\repository\org\springframework\cloud\spring-cloud-commons\2.0.1.RELEASE\spring-cloud-commons-2.0.1.RELEASE.jar;E:\1704A\repository\io\github\openfeign\feign-core\9.5.1\feign-core-9.5.1.jar;E:\1704A\repository\io\github\openfeign\feign-slf4j\9.5.1\feign-slf4j-9.5.1.jar;E:\1704A\repository\io\github\openfeign\feign-hystrix\9.5.1\feign-hystrix-9.5.1.jar;E:\1704A\repository\com\netflix\hystrix\hystrix-core\1.5.12\hystrix-core-1.5.12.jar;E:\1704A\repository\org\hdrhistogram\HdrHistogram\2.1.9\HdrHistogram-2.1.9.jar;E:\1704A\repository\io\github\openfeign\feign-java8\9.5.1\feign-java8-9.5.1.jar;E:\1704A\repository\com\netflix\feign\feign-okhttp\8.18.0\feign-okhttp-8.18.0.jar;E:\1704A\repository\com\netflix\feign\feign-core\8.18.0\feign-core-8.18.0.jar;E:\1704A\repository\org\jvnet\animal-sniffer-annotation\1.0\animal-sniffer-annotation-1.0.jar;, java.specification.name=Java Platform API Specification, java.class.version=52.0, sun.management.compiler=HotSpot 64-Bit Tiered Compilers, maven.repo.local=E:\1704A\repository, os.version=10.0, user.home=C:\Users\wangb, user.timezone=Asia/Shanghai, java.awt.printerjob=sun.awt.windows.WPrinterJob, @appId=nm-service-manage-course, file.encoding=GBK, java.specification.version=1.8, java.class.path=E:\1704A\hdServiceCode\nm-service-manage-course\target\test-classes;E:\1704A\hdServiceCode\nm-service-manage-course\target\classes;E:\1704A\repository\org\springframework\cloud\spring-cloud-starter-oauth2\2.0.0.RELEASE\spring-cloud-starter-oauth2-2.0.0.RELEASE.jar;E:\1704A\repository\org\springframework\cloud\spring-cloud-starter-security\2.0.0.RELEASE\spring-cloud-starter-security-2.0.0.RELEASE.jar;E:\1704A\repository\org\springframework\boot\spring-boot-starter-actuator\2.0.1.RELEASE\spring-boot-starter-actuator-2.0.1.RELEASE.jar;E:\1704A\repository\org\springframework\boot\spring-boot-actuator-autoconfigure\2.0.1.RELEASE\spring-boot-actuator-autoconfigure-2.0.1.RELEASE.jar;E:\1704A\repository\org\springframework\boot\spring-boot-actuator\2.0.1.RELEASE\spring-boot-actuator-2.0.1.RELEASE.jar;E:\1704A\repository\io\micrometer\micrometer-core\1.0.3\micrometer-core-1.0.3.jar;E:\1704A\repository\org\latencyutils\LatencyUtils\2.0.3\LatencyUtils-2.0.3.jar;E:\1704A\repository\org\springframework\cloud\spring-cloud-security\2.0.0.RELEASE\spring-cloud-security-2.0.0.RELEASE.jar;E:\1704A\repository\org\springframework\boot\spring-boot-starter-security\2.0.1.RELEASE\spring-boot-starter-security-2.0.1.RELEASE.jar;E:\1704A\repository\org\springframework\security\oauth\boot\spring-security-oauth2-autoconfigure\2.0.0.RELEASE\spring-security-oauth2-autoconfigure-2.0.0.RELEASE.jar;E:\1704A\repository\com\fasterxml\jackson\core\jackson-annotations\2.9.0\jackson-annotations-2.9.0.jar;E:\1704A\repository\com\fasterxml\jackson\core\jackson-databind\2.9.5\jackson-databind-2.9.5.jar;E:\1704A\repository\org\springframework\boot\spring-boot\2.0.1.RELEASE\spring-boot-2.0.1.RELEASE.jar;E:\1704A\repository\org\springframework\security\oauth\spring-security-oauth2\2.2.1.RELEASE\spring-security-oauth2-2.2.1.RELEASE.jar;E:\1704A\repository\org\springframework\security\spring-security-core\5.0.4.RELEASE\spring-security-core-5.0.4.RELEASE.jar;E:\1704A\repository\org\springframework\security\spring-security-config\5.0.4.RELEASE\spring-security-config-5.0.4.RELEASE.jar;E:\1704A\repository\org\springframework\security\spring-security-web\5.0.4.RELEASE\spring-security-web-5.0.4.RELEASE.jar;E:\1704A\repository\org\codehaus\jackson\jackson-mapper-asl\1.9.13\jackson-mapper-asl-1.9.13.jar;E:\1704A\repository\org\codehaus\jackson\jackson-core-asl\1.9.13\jackson-core-asl-1.9.13.jar;E:\1704A\repository\com\github\pagehelper\pagehelper-spring-boot-starter\1.2.4\pagehelper-spring-boot-starter-1.2.4.jar;E:\1704A\repository\org\springframework\boot\spring-boot-starter\2.0.1.RELEASE\spring-boot-starter-2.0.1.RELEASE.jar;E:\1704A\repository\javax\annotation\javax.annotation-api\1.3.2\javax.annotation-api-1.3.2.jar;E:\1704A\repository\org\yaml\snakeyaml\1.19\snakeyaml-1.19.jar;E:\1704A\repository\com\github\pagehelper\pagehelper-spring-boot-autoconfigure\1.2.4\pagehelper-spring-boot-autoconfigure-1.2.4.jar;E:\1704A\repository\com\github\pagehelper\pagehelper\5.1.3\pagehelper-5.1.3.jar;E:\1704A\repository\com\github\jsqlparser\jsqlparser\1.0\jsqlparser-1.0.jar;E:\1704A\hdServiceCode\nm-service-api\target\nm-service-api.jar;E:\1704A\repository\commons-fileupload\commons-fileupload\1.3.3\commons-fileupload-1.3.3.jar;E:\1704A\repository\io\springfox\springfox-swagger2\2.7.0\springfox-swagger2-2.7.0.jar;E:\1704A\repository\io\swagger\swagger-annotations\1.5.13\swagger-annotations-1.5.13.jar;E:\1704A\repository\io\swagger\swagger-models\1.5.13\swagger-models-1.5.13.jar;E:\1704A\repository\io\springfox\springfox-spi\2.7.0\springfox-spi-2.7.0.jar;E:\1704A\repository\io\springfox\springfox-core\2.7.0\springfox-core-2.7.0.jar;E:\1704A\repository\io\springfox\springfox-schema\2.7.0\springfox-schema-2.7.0.jar;E:\1704A\repository\io\springfox\springfox-swagger-common\2.7.0\springfox-swagger-common-2.7.0.jar;E:\1704A\repository\io\springfox\springfox-spring-web\2.7.0\springfox-spring-web-2.7.0.jar;E:\1704A\repository\org\reflections\reflections\0.9.11\reflections-0.9.11.jar;E:\1704A\repository\com\fasterxml\classmate\1.3.4\classmate-1.3.4.jar;E:\1704A\repository\org\springframework\plugin\spring-plugin-core\1.2.0.RELEASE\spring-plugin-core-1.2.0.RELEASE.jar;E:\1704A\repository\org\springframework\plugin\spring-plugin-metadata\1.2.0.RELEASE\spring-plugin-metadata-1.2.0.RELEASE.jar;E:\1704A\repository\org\mapstruct\mapstruct\1.1.0.Final\mapstruct-1.1.0.Final.jar;E:\1704A\repository\io\springfox\springfox-swagger-ui\2.7.0\springfox-swagger-ui-2.7.0.jar;E:\1704A\hdServiceCode\nm-framework-model\target\nm-framework-model.jar;E:\1704A\repository\org\projectlombok\lombok\1.16.16\lombok-1.16.16.jar;E:\1704A\repository\org\springframework\data\spring-data-commons\2.0.6.RELEASE\spring-data-commons-2.0.6.RELEASE.jar;E:\1704A\repository\org\springframework\data\spring-data-mongodb\2.0.6.RELEASE\spring-data-mongodb-2.0.6.RELEASE.jar;E:\1704A\repository\org\springframework\spring-context\5.0.5.RELEASE\spring-context-5.0.5.RELEASE.jar;E:\1704A\repository\org\springframework\spring-expression\5.0.5.RELEASE\spring-expression-5.0.5.RELEASE.jar;E:\1704A\repository\org\mongodb\mongo-java-driver\3.6.3\mongo-java-driver-3.6.3.jar;E:\1704A\repository\org\hibernate\hibernate-core\5.2.16.Final\hibernate-core-5.2.16.Final.jar;E:\1704A\repository\org\jboss\logging\jboss-logging\3.3.2.Final\jboss-logging-3.3.2.Final.jar;E:\1704A\repository\org\hibernate\javax\persistence\hibernate-jpa-2.1-api\1.0.0.Final\hibernate-jpa-2.1-api-1.0.0.Final.jar;E:\1704A\repository\org\javassist\javassist\3.22.0-GA\javassist-3.22.0-GA.jar;E:\1704A\repository\antlr\antlr\2.7.7\antlr-2.7.7.jar;E:\1704A\repository\org\jboss\spec\javax\transaction\jboss-transaction-api_1.2_spec\1.0.1.Final\jboss-transaction-api_1.2_spec-1.0.1.Final.jar;E:\1704A\repository\org\jboss\jandex\2.0.3.Final\jandex-2.0.3.Final.jar;E:\1704A\repository\dom4j\dom4j\1.6.1\dom4j-1.6.1.jar;E:\1704A\repository\org\hibernate\common\hibernate-commons-annotations\5.0.1.Final\hibernate-commons-annotations-5.0.1.Final.jar;E:\1704A\repository\com\google\guava\guava\24.0-jre\guava-24.0-jre.jar;E:\1704A\repository\com\google\code\findbugs\jsr305\1.3.9\jsr305-1.3.9.jar;E:\1704A\repository\org\checkerframework\checker-compat-qual\2.0.0\checker-compat-qual-2.0.0.jar;E:\1704A\repository\com\google\errorprone\error_prone_annotations\2.1.3\error_prone_annotations-2.1.3.jar;E:\1704A\repository\com\google\j2objc\j2objc-annotations\1.1\j2objc-annotations-1.1.jar;E:\1704A\repository\org\codehaus\mojo\animal-sniffer-annotations\1.14\animal-sniffer-annotations-1.14.jar;E:\1704A\hdServiceCode\nm-framework-utils\target\nm-framework-utils.jar;E:\1704A\repository\javax\servlet\javax.servlet-api\3.1.0\javax.servlet-api-3.1.0.jar;E:\1704A\repository\org\springframework\boot\spring-boot-starter-logging\2.0.1.RELEASE\spring-boot-starter-logging-2.0.1.RELEASE.jar;E:\1704A\repository\ch\qos\logback\logback-classic\1.2.3\logback-classic-1.2.3.jar;E:\1704A\repository\ch\qos\logback\logback-core\1.2.3\logback-core-1.2.3.jar;E:\1704A\repository\org\apache\logging\log4j\log4j-to-slf4j\2.10.0\log4j-to-slf4j-2.10.0.jar;E:\1704A\repository\org\apache\logging\log4j\log4j-api\2.10.0\log4j-api-2.10.0.jar;E:\1704A\repository\org\slf4j\jul-to-slf4j\1.7.25\jul-to-slf4j-1.7.25.jar;E:\1704A\repository\org\apache\httpcomponents\httpclient\4.5.5\httpclient-4.5.5.jar;E:\1704A\repository\org\apache\httpcomponents\httpcore\4.4.9\httpcore-4.4.9.jar;E:\1704A\repository\commons-codec\commons-codec\1.10\commons-codec-1.10.jar;E:\1704A\repository\net\lingala\zip4j\zip4j\1.3.1\zip4j-1.3.1.jar;E:\1704A\repository\org\springframework\security\spring-security-crypto\5.0.4.RELEASE\spring-security-crypto-5.0.4.RELEASE.jar;E:\1704A\repository\org\springframework\security\spring-security-jwt\1.0.8.RELEASE\spring-security-jwt-1.0.8.RELEASE.jar;E:\1704A\repository\org\bouncycastle\bcpkix-jdk15on\1.56\bcpkix-jdk15on-1.56.jar;E:\1704A\repository\org\bouncycastle\bcprov-jdk15on\1.56\bcprov-jdk15on-1.56.jar;E:\1704A\hdServiceCode\nm-framework-common\target\nm-framework-common.jar;E:\1704A\repository\org\springframework\spring-web\5.0.5.RELEASE\spring-web-5.0.5.RELEASE.jar;E:\1704A\repository\org\springframework\boot\spring-boot-starter-web\2.0.1.RELEASE\spring-boot-starter-web-2.0.1.RELEASE.jar;E:\1704A\repository\org\springframework\boot\spring-boot-starter-json\2.0.1.RELEASE\spring-boot-starter-json-2.0.1.RELEASE.jar;E:\1704A\repository\com\fasterxml\jackson\datatype\jackson-datatype-jdk8\2.9.5\jackson-datatype-jdk8-2.9.5.jar;E:\1704A\repository\com\fasterxml\jackson\datatype\jackson-datatype-jsr310\2.9.5\jackson-datatype-jsr310-2.9.5.jar;E:\1704A\repository\com\fasterxml\jackson\module\jackson-module-parameter-names\2.9.5\jackson-module-parameter-names-2.9.5.jar;E:\1704A\repository\org\springframework\boot\spring-boot-starter-tomcat\2.0.1.RELEASE\spring-boot-starter-tomcat-2.0.1.RELEASE.jar;E:\1704A\repository\org\apache\tomcat\embed\tomcat-embed-core\8.5.28\tomcat-embed-core-8.5.28.jar;E:\1704A\repository\org\apache\tomcat\embed\tomcat-embed-el\8.5.28\tomcat-embed-el-8.5.28.jar;E:\1704A\repository\org\apache\tomcat\embed\tomcat-embed-websocket\8.5.28\tomcat-embed-websocket-8.5.28.jar;E:\1704A\repository\org\hibernate\validator\hibernate-validator\6.0.9.Final\hibernate-validator-6.0.9.Final.jar;E:\1704A\repository\javax\validation\validation-api\2.0.1.Final\validation-api-2.0.1.Final.jar;E:\1704A\repository\org\springframework\spring-webmvc\5.0.5.RELEASE\spring-webmvc-5.0.5.RELEASE.jar;E:\1704A\repository\org\springframework\spring-aop\5.0.5.RELEASE\spring-aop-5.0.5.RELEASE.jar;E:\1704A\repository\mysql\mysql-connector-java\5.1.40\mysql-connector-java-5.1.40.jar;E:\1704A\repository\com\alibaba\druid-spring-boot-starter\1.1.10\druid-spring-boot-starter-1.1.10.jar;E:\1704A\repository\com\alibaba\druid\1.1.6\druid-1.1.6.jar;E:\1704A\repository\org\slf4j\slf4j-api\1.7.25\slf4j-api-1.7.25.jar;E:\1704A\repository\org\springframework\boot\spring-boot-autoconfigure\2.0.1.RELEASE\spring-boot-autoconfigure-2.0.1.RELEASE.jar;E:\1704A\repository\org\mybatis\spring\boot\mybatis-spring-boot-starter\1.3.1\mybatis-spring-boot-starter-1.3.1.jar;E:\1704A\repository\org\springframework\boot\spring-boot-starter-jdbc\2.0.1.RELEASE\spring-boot-starter-jdbc-2.0.1.RELEASE.jar;E:\1704A\repository\com\zaxxer\HikariCP\2.7.8\HikariCP-2.7.8.jar;E:\1704A\repository\org\mybatis\spring\boot\mybatis-spring-boot-autoconfigure\1.3.1\mybatis-spring-boot-autoconfigure-1.3.1.jar;E:\1704A\repository\org\mybatis\mybatis\3.4.5\mybatis-3.4.5.jar;E:\1704A\repository\org\mybatis\mybatis-spring\1.3.1\mybatis-spring-1.3.1.jar;E:\1704A\repository\org\springframework\spring-orm\5.0.5.RELEASE\spring-orm-5.0.5.RELEASE.jar;E:\1704A\repository\org\springframework\spring-beans\5.0.5.RELEASE\spring-beans-5.0.5.RELEASE.jar;E:\1704A\repository\org\springframework\spring-core\5.0.5.RELEASE\spring-core-5.0.5.RELEASE.jar;E:\1704A\repository\org\springframework\spring-jcl\5.0.5.RELEASE\spring-jcl-5.0.5.RELEASE.jar;E:\1704A\repository\org\springframework\spring-jdbc\5.0.5.RELEASE\spring-jdbc-5.0.5.RELEASE.jar;E:\1704A\repository\org\springframework\spring-tx\5.0.5.RELEASE\spring-tx-5.0.5.RELEASE.jar;E:\1704A\repository\org\springframework\boot\spring-boot-starter-data-jpa\2.0.1.RELEASE\spring-boot-starter-data-jpa-2.0.1.RELEASE.jar;E:\1704A\repository\org\springframework\boot\spring-boot-starter-aop\2.0.1.RELEASE\spring-boot-starter-aop-2.0.1.RELEASE.jar;E:\1704A\repository\org\aspectj\aspectjweaver\1.8.13\aspectjweaver-1.8.13.jar;E:\1704A\repository\javax\transaction\javax.transaction-api\1.2\javax.transaction-api-1.2.jar;E:\1704A\repository\org\springframework\data\spring-data-jpa\2.0.6.RELEASE\spring-data-jpa-2.0.6.RELEASE.jar;E:\1704A\repository\org\springframework\spring-aspects\5.0.5.RELEASE\spring-aspects-5.0.5.RELEASE.jar;E:\1704A\repository\com\squareup\okhttp3\okhttp\3.9.1\okhttp-3.9.1.jar;E:\1704A\repository\com\squareup\okio\okio\1.13.0\okio-1.13.0.jar;E:\1704A\repository\com\alibaba\fastjson\1.2.30\fastjson-1.2.30.jar;E:\1704A\repository\commons-io\commons-io\2.6\commons-io-2.6.jar;E:\1704A\repository\org\apache\commons\commons-lang3\3.6\commons-lang3-3.6.jar;E:\1704A\repository\org\springframework\boot\spring-boot-starter-test\2.0.1.RELEASE\spring-boot-starter-test-2.0.1.RELEASE.jar;E:\1704A\repository\org\springframework\boot\spring-boot-test\2.0.1.RELEASE\spring-boot-test-2.0.1.RELEASE.jar;E:\1704A\repository\org\springframework\boot\spring-boot-test-autoconfigure\2.0.1.RELEASE\spring-boot-test-autoconfigure-2.0.1.RELEASE.jar;E:\1704A\repository\com\jayway\jsonpath\json-path\2.4.0\json-path-2.4.0.jar;E:\1704A\repository\net\minidev\json-smart\2.3\json-smart-2.3.jar;E:\1704A\repository\net\minidev\accessors-smart\1.2\accessors-smart-1.2.jar;E:\1704A\repository\org\ow2\asm\asm\5.0.4\asm-5.0.4.jar;E:\1704A\repository\junit\junit\4.12\junit-4.12.jar;E:\1704A\repository\org\assertj\assertj-core\3.9.1\assertj-core-3.9.1.jar;E:\1704A\repository\org\mockito\mockito-core\2.15.0\mockito-core-2.15.0.jar;E:\1704A\repository\net\bytebuddy\byte-buddy\1.7.11\byte-buddy-1.7.11.jar;E:\1704A\repository\net\bytebuddy\byte-buddy-agent\1.7.11\byte-buddy-agent-1.7.11.jar;E:\1704A\repository\org\objenesis\objenesis\2.6\objenesis-2.6.jar;E:\1704A\repository\org\hamcrest\hamcrest-core\1.3\hamcrest-core-1.3.jar;E:\1704A\repository\org\hamcrest\hamcrest-library\1.3\hamcrest-library-1.3.jar;E:\1704A\repository\org\skyscreamer\jsonassert\1.5.0\jsonassert-1.5.0.jar;E:\1704A\repository\com\vaadin\external\google\android-json\0.0.20131108.vaadin1\android-json-0.0.20131108.vaadin1.jar;E:\1704A\repository\org\springframework\spring-test\5.0.5.RELEASE\spring-test-5.0.5.RELEASE.jar;E:\1704A\repository\org\xmlunit\xmlunit-core\2.5.1\xmlunit-core-2.5.1.jar;E:\1704A\repository\org\springframework\cloud\spring-cloud-starter-netflix-eureka-client\2.0.1.RELEASE\spring-cloud-starter-netflix-eureka-client-2.0.1.RELEASE.jar;E:\1704A\repository\org\springframework\cloud\spring-cloud-starter\2.0.1.RELEASE\spring-cloud-starter-2.0.1.RELEASE.jar;E:\1704A\repository\org\springframework\cloud\spring-cloud-context\2.0.1.RELEASE\spring-cloud-context-2.0.1.RELEASE.jar;E:\1704A\repository\org\springframework\security\spring-security-rsa\1.0.5.RELEASE\spring-security-rsa-1.0.5.RELEASE.jar;E:\1704A\repository\org\springframework\cloud\spring-cloud-netflix-core\2.0.1.RELEASE\spring-cloud-netflix-core-2.0.1.RELEASE.jar;E:\1704A\repository\org\springframework\cloud\spring-cloud-netflix-eureka-client\2.0.1.RELEASE\spring-cloud-netflix-eureka-client-2.0.1.RELEASE.jar;E:\1704A\repository\com\netflix\eureka\eureka-client\1.9.3\eureka-client-1.9.3.jar;E:\1704A\repository\org\codehaus\jettison\jettison\1.3.7\jettison-1.3.7.jar;E:\1704A\repository\stax\stax-api\1.0.1\stax-api-1.0.1.jar;E:\1704A\repository\com\netflix\netflix-commons\netflix-eventbus\0.3.0\netflix-eventbus-0.3.0.jar;E:\1704A\repository\com\netflix\netflix-commons\netflix-infix\0.3.0\netflix-infix-0.3.0.jar;E:\1704A\repository\commons-jxpath\commons-jxpath\1.3\commons-jxpath-1.3.jar;E:\1704A\repository\joda-time\joda-time\2.9.9\joda-time-2.9.9.jar;E:\1704A\repository\org\antlr\antlr-runtime\3.4\antlr-runtime-3.4.jar;E:\1704A\repository\org\antlr\stringtemplate\3.2.1\stringtemplate-3.2.1.jar;E:\1704A\repository\com\google\code\gson\gson\2.8.2\gson-2.8.2.jar;E:\1704A\repository\org\apache\commons\commons-math\2.2\commons-math-2.2.jar;E:\1704A\repository\com\netflix\archaius\archaius-core\0.7.6\archaius-core-0.7.6.jar;E:\1704A\repository\javax\ws\rs\jsr311-api\1.1.1\jsr311-api-1.1.1.jar;E:\1704A\repository\com\netflix\servo\servo-core\0.12.21\servo-core-0.12.21.jar;E:\1704A\repository\com\sun\jersey\jersey-core\1.19.1\jersey-core-1.19.1.jar;E:\1704A\repository\com\sun\jersey\jersey-client\1.19.1\jersey-client-1.19.1.jar;E:\1704A\repository\com\sun\jersey\contribs\jersey-apache-client4\1.19.1\jersey-apache-client4-1.19.1.jar;E:\1704A\repository\com\google\inject\guice\4.1.0\guice-4.1.0.jar;E:\1704A\repository\javax\inject\javax.inject\1\javax.inject-1.jar;E:\1704A\repository\aopalliance\aopalliance\1.0\aopalliance-1.0.jar;E:\1704A\repository\com\github\vlsi\compactmap\compactmap\1.2.1\compactmap-1.2.1.jar;E:\1704A\repository\com\github\andrewoma\dexx\dexx-collections\0.2\dexx-collections-0.2.jar;E:\1704A\repository\com\fasterxml\jackson\core\jackson-core\2.9.5\jackson-core-2.9.5.jar;E:\1704A\repository\com\netflix\eureka\eureka-core\1.9.3\eureka-core-1.9.3.jar;E:\1704A\repository\org\codehaus\woodstox\woodstox-core-asl\4.4.1\woodstox-core-asl-4.4.1.jar;E:\1704A\repository\javax\xml\stream\stax-api\1.0-2\stax-api-1.0-2.jar;E:\1704A\repository\org\codehaus\woodstox\stax2-api\3.1.4\stax2-api-3.1.4.jar;E:\1704A\repository\org\springframework\cloud\spring-cloud-starter-netflix-archaius\2.0.1.RELEASE\spring-cloud-starter-netflix-archaius-2.0.1.RELEASE.jar;E:\1704A\repository\org\springframework\cloud\spring-cloud-netflix-ribbon\2.0.1.RELEASE\spring-cloud-netflix-ribbon-2.0.1.RELEASE.jar;E:\1704A\repository\org\springframework\cloud\spring-cloud-netflix-archaius\2.0.1.RELEASE\spring-cloud-netflix-archaius-2.0.1.RELEASE.jar;E:\1704A\repository\commons-configuration\commons-configuration\1.8\commons-configuration-1.8.jar;E:\1704A\repository\commons-lang\commons-lang\2.6\commons-lang-2.6.jar;E:\1704A\repository\org\springframework\cloud\spring-cloud-starter-netflix-ribbon\2.0.1.RELEASE\spring-cloud-starter-netflix-ribbon-2.0.1.RELEASE.jar;E:\1704A\repository\com\netflix\ribbon\ribbon\2.2.5\ribbon-2.2.5.jar;E:\1704A\repository\com\netflix\ribbon\ribbon-transport\2.2.5\ribbon-transport-2.2.5.jar;E:\1704A\repository\io\reactivex\rxnetty-contexts\0.4.9\rxnetty-contexts-0.4.9.jar;E:\1704A\repository\io\reactivex\rxnetty-servo\0.4.9\rxnetty-servo-0.4.9.jar;E:\1704A\repository\io\reactivex\rxnetty\0.4.9\rxnetty-0.4.9.jar;E:\1704A\repository\io\netty\netty-codec-http\4.1.23.Final\netty-codec-http-4.1.23.Final.jar;E:\1704A\repository\io\netty\netty-codec\4.1.23.Final\netty-codec-4.1.23.Final.jar;E:\1704A\repository\io\netty\netty-transport-native-epoll\4.1.23.Final\netty-transport-native-epoll-4.1.23.Final.jar;E:\1704A\repository\io\netty\netty-common\4.1.23.Final\netty-common-4.1.23.Final.jar;E:\1704A\repository\io\netty\netty-buffer\4.1.23.Final\netty-buffer-4.1.23.Final.jar;E:\1704A\repository\io\netty\netty-transport-native-unix-common\4.1.23.Final\netty-transport-native-unix-common-4.1.23.Final.jar;E:\1704A\repository\io\netty\netty-transport\4.1.23.Final\netty-transport-4.1.23.Final.jar;E:\1704A\repository\io\netty\netty-resolver\4.1.23.Final\netty-resolver-4.1.23.Final.jar;E:\1704A\repository\com\netflix\ribbon\ribbon-core\2.2.5\ribbon-core-2.2.5.jar;E:\1704A\repository\com\netflix\ribbon\ribbon-httpclient\2.2.5\ribbon-httpclient-2.2.5.jar;E:\1704A\repository\commons-collections\commons-collections\3.2.2\commons-collections-3.2.2.jar;E:\1704A\repository\com\netflix\netflix-commons\netflix-commons-util\0.3.0\netflix-commons-util-0.3.0.jar;E:\1704A\repository\com\netflix\ribbon\ribbon-loadbalancer\2.2.5\ribbon-loadbalancer-2.2.5.jar;E:\1704A\repository\com\netflix\netflix-commons\netflix-statistics\0.1.1\netflix-statistics-0.1.1.jar;E:\1704A\repository\io\reactivex\rxjava\1.3.8\rxjava-1.3.8.jar;E:\1704A\repository\com\netflix\ribbon\ribbon-eureka\2.2.5\ribbon-eureka-2.2.5.jar;E:\1704A\repository\com\thoughtworks\xstream\xstream\1.4.10\xstream-1.4.10.jar;E:\1704A\repository\xmlpull\xmlpull\1.1.3.1\xmlpull-1.1.3.1.jar;E:\1704A\repository\xpp3\xpp3_min\1.1.4c\xpp3_min-1.1.4c.jar;E:\1704A\repository\org\springframework\cloud\spring-cloud-starter-openfeign\2.0.1.RELEASE\spring-cloud-starter-openfeign-2.0.1.RELEASE.jar;E:\1704A\repository\org\springframework\cloud\spring-cloud-openfeign-core\2.0.1.RELEASE\spring-cloud-openfeign-core-2.0.1.RELEASE.jar;E:\1704A\repository\org\springframework\cloud\spring-cloud-commons\2.0.1.RELEASE\spring-cloud-commons-2.0.1.RELEASE.jar;E:\1704A\repository\io\github\openfeign\feign-core\9.5.1\feign-core-9.5.1.jar;E:\1704A\repository\io\github\openfeign\feign-slf4j\9.5.1\feign-slf4j-9.5.1.jar;E:\1704A\repository\io\github\openfeign\feign-hystrix\9.5.1\feign-hystrix-9.5.1.jar;E:\1704A\repository\com\netflix\hystrix\hystrix-core\1.5.12\hystrix-core-1.5.12.jar;E:\1704A\repository\org\hdrhistogram\HdrHistogram\2.1.9\HdrHistogram-2.1.9.jar;E:\1704A\repository\io\github\openfeign\feign-java8\9.5.1\feign-java8-9.5.1.jar;E:\1704A\repository\com\netflix\feign\feign-okhttp\8.18.0\feign-okhttp-8.18.0.jar;E:\1704A\repository\com\netflix\feign\feign-core\8.18.0\feign-core-8.18.0.jar;E:\1704A\repository\org\jvnet\animal-sniffer-annotation\1.0\animal-sniffer-annotation-1.0.jar;, user.name=wangb, java.vm.specification.version=1.8, sun.java.command=C:\Users\wangb\AppData\Local\Temp\surefire5324342515423551962\surefirebooter5243460830507094447.jar C:\Users\wangb\AppData\Local\Temp\surefire5324342515423551962 2020-03-14T21-55-45_030-jvmRun1 surefire1707916640353451280tmp surefire_17945900769613902388tmp, java.home=C:\Program Files\Java\jdk1.8.0_91\jre, sun.arch.data.model=64, user.language=zh, java.specification.vendor=Oracle Corporation, awt.toolkit=sun.awt.windows.WToolkit, java.vm.info=mixed mode, java.version=1.8.0_91, java.ext.dirs=C:\Program Files\Java\jdk1.8.0_91\jre\lib\ext;C:\WINDOWS\Sun\Java\lib\ext, sun.boot.class.path=C:\Program Files\Java\jdk1.8.0_91\jre\lib\resources.jar;C:\Program Files\Java\jdk1.8.0_91\jre\lib\rt.jar;C:\Program Files\Java\jdk1.8.0_91\jre\lib\sunrsasign.jar;C:\Program Files\Java\jdk1.8.0_91\jre\lib\jsse.jar;C:\Program Files\Java\jdk1.8.0_91\jre\lib\jce.jar;C:\Program Files\Java\jdk1.8.0_91\jre\lib\charsets.jar;C:\Program Files\Java\jdk1.8.0_91\jre\lib\jfr.jar;C:\Program Files\Java\jdk1.8.0_91\jre\classes, java.awt.headless=true, java.vendor=Oracle Corporation, localRepository=E:\1704A\repository, file.separator=\, java.vendor.url.bug=http://bugreport.sun.com/bugreport/, sun.io.unicode.encoding=UnicodeLittle, sun.cpu.endian=little, sun.desktop=windows, sun.cpu.isalist=amd64}}, SystemEnvironmentPropertySource@623180223 {name='systemEnvironment', properties={PATH=E:\app\wangb\product\11.2.0\dbhome_1\bin;E:\maven\apache-maven-3.6.1\bin;C:\Program Files\Java\jdk1.8.0_91\bin;C:\Program Files (x86)\Intel\iCLS Client\;C:\Program Files\Intel\iCLS Client\;C:\Windows\system32;C:\Windows;C:\Windows\System32\Wbem;C:\Windows\System32\WindowsPowerShell\v1.0\;C:\Program Files (x86)\NVIDIA Corporation\PhysX\Common;C:\Program Files (x86)\Intel\Intel(R) Management Engine Components\DAL;C:\Program Files\Intel\Intel(R) Management Engine Components\DAL;C:\Program Files (x86)\Intel\Intel(R) Management Engine Components\IPT;C:\Program Files\Intel\Intel(R) Management Engine Components\IPT;C:\WINDOWS\system32;C:\WINDOWS;C:\WINDOWS\System32\Wbem;C:\WINDOWS\System32\WindowsPowerShell\v1.0\;C:\WINDOWS\System32\OpenSSH\;C:\Program Files\MySQL\MySQL Server 5.5\bin;E:\nodejs\;E:\Git\cmd;E:\Mp4\ffmpeg-20180227-fa0c9d6-win64-static\bin;C:\Users\wangb\AppData\Local\Microsoft\WindowsApps;C:\Users\wangb\AppData\Roaming\npm;E:\Microsoft VS Code\bin, USERDOMAIN_ROAMINGPROFILE=LAPTOP-8K1AKH0O, LOCALAPPDATA=C:\Users\wangb\AppData\Local, PROCESSOR_LEVEL=6, SYSTEMDRIVE=C:, COMMONPROGRAMFILES(X86)=C:\Program Files (x86)\Common Files, USERDOMAIN=LAPTOP-8K1AKH0O, FPS_BROWSER_APP_PROFILE_STRING=Internet Explorer, LOGONSERVER=\\LAPTOP-8K1AKH0O, JAVA_HOME=C:\Program Files\Java\jdk1.8.0_91, PROMPT=$P$G, SESSIONNAME=Console, ALLUSERSPROFILE=C:\ProgramData, PROGRAMFILES(X86)=C:\Program Files (x86), PROCESSOR_ARCHITECTURE=AMD64, DRIVERDATA=C:\Windows\System32\Drivers\DriverData, ERLANG_HOME=E:\erl9.2, =E:=E:\1704A\hdServiceCode\nm-service-manage-course, PROGRAMFILES=C:\Program Files, APPDATA=C:\Users\wangb\AppData\Roaming, MOZ_PLUGIN_PATH=E:\1704A\FoxitPhantomPDFBusiness\plugins\, PSMODULEPATH=C:\Program Files\WindowsPowerShell\Modules;C:\WINDOWS\system32\WindowsPowerShell\v1.0\Modules, PROGRAMW6432=C:\Program Files, PROGRAMDATA=C:\ProgramData, SYSTEMROOT=C:\WINDOWS, USERNAME=wangb, FPS_BROWSER_USER_PROFILE_STRING=Default, ONEDRIVE=C:\Users\wangb\OneDrive, CONFIGSETROOT=C:\WINDOWS\ConfigSetRoot, PATHEXT=.COM;.EXE;.BAT;.CMD;.VBS;.VBE;.JS;.JSE;.WSF;.WSH;.MSC, OS=Windows_NT, COMMONPROGRAMW6432=C:\Program Files\Common Files, COMPUTERNAME=LAPTOP-8K1AKH0O, COMMONPROGRAMFILES=C:\Program Files\Common Files, COMSPEC=C:\WINDOWS\system32\cmd.exe, PROCESSOR_REVISION=9e09, WINDIR=C:\WINDOWS, RABBITMQ_SERVER=E:\rabibitmq\rabbitmq_server-3.7.4, HOMEPATH=\Users\wangb, TEMP=C:\Users\wangb\AppData\Local\Temp, HOMEDRIVE=C:, PROCESSOR_IDENTIFIER=Intel64 Family 6 Model 158 Stepping 9, GenuineIntel, USERPROFILE=C:\Users\wangb, TMP=C:\Users\wangb\AppData\Local\Temp, PUBLIC=C:\Users\Public, NUMBER_OF_PROCESSORS=8, =::=::\}}]
2020-03-14 21:57:29.480 [main] DEBUG o.s.c.a.ClassPathBeanDefinitionScanner - JSR-250 'javax.annotation.ManagedBean' found and supported for component scanning
2020-03-14 21:57:29.480 [main] DEBUG o.s.c.a.ClassPathBeanDefinitionScanner - JSR-330 'javax.inject.Named' annotation found and supported for component scanning
2020-03-14 21:57:29.485 [main] DEBUG o.s.core.env.StandardEnvironment - Adding PropertySource 'ribbon' with highest search precedence
2020-03-14 21:57:29.485 [main] DEBUG o.s.core.env.StandardEnvironment - Adding PropertySource 'configurationProperties' with lowest search precedence
2020-03-14 21:57:29.485 [main] DEBUG o.s.core.env.StandardEnvironment - Adding PropertySource 'Inlined Test Properties' with lowest search precedence
2020-03-14 21:57:29.485 [main] DEBUG o.s.core.env.StandardEnvironment - Adding PropertySource 'random' with lowest search precedence
2020-03-14 21:57:29.485 [main] DEBUG o.s.core.env.StandardEnvironment - Adding PropertySource 'applicationConfig: [classpath:/application.yml]' with lowest search precedence
2020-03-14 21:57:29.485 [main] DEBUG o.s.core.env.StandardEnvironment - Adding PropertySource 'springCloudClientHostInfo' with lowest search precedence
2020-03-14 21:57:29.485 [main] DEBUG o.s.core.env.StandardEnvironment - Adding PropertySource 'defaultProperties' with lowest search precedence
2020-03-14 21:57:29.485 [main] DEBUG o.s.core.env.StandardEnvironment - Adding PropertySource 'Management Server' with lowest search precedence
2020-03-14 21:57:29.485 [main] DEBUG o.s.c.e.PropertySourcesPropertyResolver - Could not find key 'spring.profiles.active' in any property source
2020-03-14 21:57:29.486 [main] DEBUG o.s.c.e.PropertySourcesPropertyResolver - Could not find key 'spring.profiles.default' in any property source
2020-03-14 21:57:29.486 [main] INFO  o.s.c.a.AnnotationConfigApplicationContext - Refreshing SpringClientFactory-nm-service-manage-cms: startup date [Sat Mar 14 21:57:29 CST 2020]; parent: org.springframework.web.context.support.GenericWebApplicationContext@1ee4730
2020-03-14 21:57:29.486 [main] DEBUG o.s.c.a.AnnotationConfigApplicationContext - Bean factory for SpringClientFactory-nm-service-manage-cms: org.springframework.beans.factory.support.DefaultListableBeanFactory@13cec4ff: defining beans [org.springframework.context.annotation.internalConfigurationAnnotationProcessor,org.springframework.context.annotation.internalAutowiredAnnotationProcessor,org.springframework.context.annotation.internalRequiredAnnotationProcessor,org.springframework.context.annotation.internalCommonAnnotationProcessor,org.springframework.context.annotation.internalPersistenceAnnotationProcessor,org.springframework.context.event.internalEventListenerProcessor,org.springframework.context.event.internalEventListenerFactory,eurekaRibbonClientConfiguration,propertyPlaceholderAutoConfiguration,ribbonClientConfiguration]; parent: org.springframework.beans.factory.support.DefaultListableBeanFactory@10b892d5
2020-03-14 21:57:29.486 [main] DEBUG o.s.b.f.s.DefaultListableBeanFactory - Creating shared instance of singleton bean 'org.springframework.context.annotation.internalConfigurationAnnotationProcessor'
2020-03-14 21:57:29.486 [main] DEBUG o.s.b.f.s.DefaultListableBeanFactory - Creating instance of bean 'org.springframework.context.annotation.internalConfigurationAnnotationProcessor'
2020-03-14 21:57:29.486 [main] DEBUG o.s.b.f.s.DefaultListableBeanFactory - Eagerly caching bean 'org.springframework.context.annotation.internalConfigurationAnnotationProcessor' to allow for resolving potential circular references
2020-03-14 21:57:29.486 [main] DEBUG o.s.b.f.s.DefaultListableBeanFactory - Finished creating instance of bean 'org.springframework.context.annotation.internalConfigurationAnnotationProcessor'
2020-03-14 21:57:29.535 [main] DEBUG o.s.b.f.s.DefaultListableBeanFactory - Returning cached instance of singleton bean 'autoConfigurationReport'
2020-03-14 21:57:29.536 [main] DEBUG o.s.b.f.s.DefaultListableBeanFactory - Returning cached instance of singleton bean 'autoConfigurationReport'
2020-03-14 21:57:29.539 [main] DEBUG o.s.b.f.s.DefaultListableBeanFactory - Returning cached instance of singleton bean 'autoConfigurationReport'
2020-03-14 21:57:29.539 [main] DEBUG o.s.b.f.s.DefaultListableBeanFactory - Returning cached instance of singleton bean 'autoConfigurationReport'
2020-03-14 21:57:29.541 [main] DEBUG o.s.b.f.s.DefaultListableBeanFactory - Returning cached instance of singleton bean 'autoConfigurationReport'
2020-03-14 21:57:29.542 [main] DEBUG o.s.b.f.s.DefaultListableBeanFactory - Returning cached instance of singleton bean 'autoConfigurationReport'
2020-03-14 21:57:29.543 [main] DEBUG o.s.b.f.s.DefaultListableBeanFactory - Returning cached instance of singleton bean 'autoConfigurationReport'
2020-03-14 21:57:29.544 [main] DEBUG o.s.b.f.s.DefaultListableBeanFactory - Returning cached instance of singleton bean 'autoConfigurationReport'
2020-03-14 21:57:29.577 [main] DEBUG o.s.b.f.s.DefaultListableBeanFactory - Creating shared instance of singleton bean 'org.springframework.boot.autoconfigure.condition.BeanTypeRegistry'
2020-03-14 21:57:29.577 [main] DEBUG o.s.b.f.s.DefaultListableBeanFactory - Creating instance of bean 'org.springframework.boot.autoconfigure.condition.BeanTypeRegistry'
2020-03-14 21:57:29.578 [main] DEBUG o.s.b.f.s.DefaultListableBeanFactory - Eagerly caching bean 'org.springframework.boot.autoconfigure.condition.BeanTypeRegistry' to allow for resolving potential circular references
2020-03-14 21:57:29.578 [main] DEBUG o.s.b.f.s.DefaultListableBeanFactory - Finished creating instance of bean 'org.springframework.boot.autoconfigure.condition.BeanTypeRegistry'
2020-03-14 21:57:29.578 [main] DEBUG o.s.b.f.s.DefaultListableBeanFactory - Returning cached instance of singleton bean 'org.springframework.boot.autoconfigure.condition.BeanTypeRegistry'
2020-03-14 21:57:29.579 [main] DEBUG o.s.b.f.s.DefaultListableBeanFactory - Returning cached instance of singleton bean 'org.springframework.boot.autoconfigure.condition.BeanTypeRegistry'
2020-03-14 21:57:29.580 [main] DEBUG o.s.b.f.s.DefaultListableBeanFactory - Returning cached instance of singleton bean 'autoConfigurationReport'
2020-03-14 21:57:29.580 [main] DEBUG o.s.c.a.ConfigurationClassBeanDefinitionReader - Registering bean definition for @Bean method org.springframework.cloud.netflix.ribbon.eureka.EurekaRibbonClientConfiguration.ribbonPing()
2020-03-14 21:57:29.581 [main] DEBUG o.s.b.f.s.DefaultListableBeanFactory - Returning cached instance of singleton bean 'org.springframework.boot.autoconfigure.condition.BeanTypeRegistry'
2020-03-14 21:57:29.583 [main] DEBUG o.s.b.f.s.DefaultListableBeanFactory - Returning cached instance of singleton bean 'org.springframework.boot.autoconfigure.condition.BeanTypeRegistry'
2020-03-14 21:57:29.584 [main] DEBUG o.s.b.f.s.DefaultListableBeanFactory - Returning cached instance of singleton bean 'org.springframework.boot.autoconfigure.condition.BeanTypeRegistry'
2020-03-14 21:57:29.585 [main] DEBUG o.s.b.f.s.DefaultListableBeanFactory - Returning cached instance of singleton bean 'autoConfigurationReport'
2020-03-14 21:57:29.585 [main] DEBUG o.s.c.a.ConfigurationClassBeanDefinitionReader - Registering bean definition for @Bean method org.springframework.cloud.netflix.ribbon.eureka.EurekaRibbonClientConfiguration.ribbonServerList()
2020-03-14 21:57:29.587 [main] DEBUG o.s.c.a.ConfigurationClassBeanDefinitionReader - Registering bean definition for @Bean method org.springframework.cloud.netflix.ribbon.eureka.EurekaRibbonClientConfiguration.serverIntrospector()
2020-03-14 21:57:29.589 [main] DEBUG o.s.b.f.s.DefaultListableBeanFactory - Returning cached instance of singleton bean 'org.springframework.boot.autoconfigure.condition.BeanTypeRegistry'
2020-03-14 21:57:29.590 [main] DEBUG o.s.b.f.s.DefaultListableBeanFactory - Returning cached instance of singleton bean 'autoConfigurationReport'
2020-03-14 21:57:29.591 [main] DEBUG o.s.c.a.ConfigurationClassBeanDefinitionReader - Registering bean definition for @Bean method org.springframework.boot.autoconfigure.context.PropertyPlaceholderAutoConfiguration.propertySourcesPlaceholderConfigurer()
2020-03-14 21:57:29.592 [main] DEBUG o.s.b.f.s.DefaultListableBeanFactory - Returning cached instance of singleton bean 'autoConfigurationReport'
2020-03-14 21:57:29.592 [main] DEBUG o.s.b.f.s.DefaultListableBeanFactory - Returning cached instance of singleton bean 'autoConfigurationReport'
2020-03-14 21:57:29.592 [main] DEBUG o.s.c.a.ConfigurationClassBeanDefinitionReader - Registered bean definition for imported class 'org.springframework.cloud.commons.httpclient.HttpClientConfiguration$OkHttpClientConfiguration'
2020-03-14 21:57:29.593 [main] DEBUG o.s.b.f.s.DefaultListableBeanFactory - Returning cached instance of singleton bean 'org.springframework.boot.autoconfigure.condition.BeanTypeRegistry'
2020-03-14 21:57:29.593 [main] DEBUG o.s.b.f.s.DefaultListableBeanFactory - Returning cached instance of singleton bean 'org.springframework.boot.autoconfigure.condition.BeanTypeRegistry'
2020-03-14 21:57:29.593 [main] DEBUG o.s.b.f.s.DefaultListableBeanFactory - Returning cached instance of singleton bean 'org.springframework.boot.autoconfigure.condition.BeanTypeRegistry'
2020-03-14 21:57:29.594 [main] DEBUG o.s.b.f.s.DefaultListableBeanFactory - Returning cached instance of singleton bean 'autoConfigurationReport'
2020-03-14 21:57:29.594 [main] DEBUG o.s.b.f.s.DefaultListableBeanFactory - Returning cached instance of singleton bean 'org.springframework.boot.autoconfigure.condition.BeanTypeRegistry'
2020-03-14 21:57:29.594 [main] DEBUG o.s.b.f.s.DefaultListableBeanFactory - Returning cached instance of singleton bean 'org.springframework.boot.autoconfigure.condition.BeanTypeRegistry'
2020-03-14 21:57:29.594 [main] DEBUG o.s.b.f.s.DefaultListableBeanFactory - Returning cached instance of singleton bean 'org.springframework.boot.autoconfigure.condition.BeanTypeRegistry'
2020-03-14 21:57:29.594 [main] DEBUG o.s.b.f.s.DefaultListableBeanFactory - Returning cached instance of singleton bean 'autoConfigurationReport'
2020-03-14 21:57:29.594 [main] DEBUG o.s.b.f.s.DefaultListableBeanFactory - Returning cached instance of singleton bean 'org.springframework.boot.autoconfigure.condition.BeanTypeRegistry'
2020-03-14 21:57:29.594 [main] DEBUG o.s.b.f.s.DefaultListableBeanFactory - Returning cached instance of singleton bean 'org.springframework.boot.autoconfigure.condition.BeanTypeRegistry'
2020-03-14 21:57:29.594 [main] DEBUG o.s.b.f.s.DefaultListableBeanFactory - Returning cached instance of singleton bean 'org.springframework.boot.autoconfigure.condition.BeanTypeRegistry'
2020-03-14 21:57:29.595 [main] DEBUG o.s.b.f.s.DefaultListableBeanFactory - Returning cached instance of singleton bean 'autoConfigurationReport'
2020-03-14 21:57:29.596 [main] DEBUG o.s.b.f.s.DefaultListableBeanFactory - Returning cached instance of singleton bean 'autoConfigurationReport'
2020-03-14 21:57:29.596 [main] DEBUG o.s.b.f.s.DefaultListableBeanFactory - Returning cached instance of singleton bean 'autoConfigurationReport'
2020-03-14 21:57:29.596 [main] DEBUG o.s.c.a.ConfigurationClassBeanDefinitionReader - Registered bean definition for imported class 'org.springframework.cloud.commons.httpclient.HttpClientConfiguration$ApacheHttpClientConfiguration'
2020-03-14 21:57:29.597 [main] DEBUG o.s.b.f.s.DefaultListableBeanFactory - Returning cached instance of singleton bean 'org.springframework.boot.autoconfigure.condition.BeanTypeRegistry'
2020-03-14 21:57:29.597 [main] DEBUG o.s.b.f.s.DefaultListableBeanFactory - Returning cached instance of singleton bean 'org.springframework.boot.autoconfigure.condition.BeanTypeRegistry'
2020-03-14 21:57:29.597 [main] DEBUG o.s.b.f.s.DefaultListableBeanFactory - Returning cached instance of singleton bean 'org.springframework.boot.autoconfigure.condition.BeanTypeRegistry'
2020-03-14 21:57:29.598 [main] DEBUG o.s.b.f.s.DefaultListableBeanFactory - Returning cached instance of singleton bean 'autoConfigurationReport'
2020-03-14 21:57:29.598 [main] DEBUG o.s.b.f.s.DefaultListableBeanFactory - Returning cached instance of singleton bean 'org.springframework.boot.autoconfigure.condition.BeanTypeRegistry'
2020-03-14 21:57:29.598 [main] DEBUG o.s.b.f.s.DefaultListableBeanFactory - Returning cached instance of singleton bean 'org.springframework.boot.autoconfigure.condition.BeanTypeRegistry'
2020-03-14 21:57:29.598 [main] DEBUG o.s.b.f.s.DefaultListableBeanFactory - Returning cached instance of singleton bean 'org.springframework.boot.autoconfigure.condition.BeanTypeRegistry'
2020-03-14 21:57:29.598 [main] DEBUG o.s.b.f.s.DefaultListableBeanFactory - Returning cached instance of singleton bean 'autoConfigurationReport'
2020-03-14 21:57:29.598 [main] DEBUG o.s.b.f.s.DefaultListableBeanFactory - Returning cached instance of singleton bean 'org.springframework.boot.autoconfigure.condition.BeanTypeRegistry'
2020-03-14 21:57:29.598 [main] DEBUG o.s.b.f.s.DefaultListableBeanFactory - Returning cached instance of singleton bean 'org.springframework.boot.autoconfigure.condition.BeanTypeRegistry'
2020-03-14 21:57:29.599 [main] DEBUG o.s.b.f.s.DefaultListableBeanFactory - Returning cached instance of singleton bean 'org.springframework.boot.autoconfigure.condition.BeanTypeRegistry'
2020-03-14 21:57:29.599 [main] DEBUG o.s.b.f.s.DefaultListableBeanFactory - Returning cached instance of singleton bean 'autoConfigurationReport'
2020-03-14 21:57:29.599 [main] DEBUG o.s.c.a.ConfigurationClassBeanDefinitionReader - Registered bean definition for imported class 'org.springframework.cloud.commons.httpclient.HttpClientConfiguration'
2020-03-14 21:57:29.601 [main] DEBUG o.s.b.f.s.DefaultListableBeanFactory - Returning cached instance of singleton bean 'autoConfigurationReport'
2020-03-14 21:57:29.601 [main] DEBUG o.s.b.f.s.DefaultListableBeanFactory - Returning cached instance of singleton bean 'autoConfigurationReport'
2020-03-14 21:57:29.602 [main] DEBUG o.s.b.f.s.DefaultListableBeanFactory - Returning cached instance of singleton bean 'autoConfigurationReport'
2020-03-14 21:57:29.602 [main] DEBUG o.s.c.a.ConfigurationClassBeanDefinitionReader - Registered bean definition for imported class 'org.springframework.cloud.netflix.ribbon.apache.HttpClientRibbonConfiguration$ApacheHttpClientConfiguration'
2020-03-14 21:57:29.602 [main] DEBUG o.s.b.f.s.DefaultListableBeanFactory - Returning cached instance of singleton bean 'org.springframework.boot.autoconfigure.condition.BeanTypeRegistry'
2020-03-14 21:57:29.603 [main] DEBUG o.s.b.f.s.DefaultListableBeanFactory - Returning cached instance of singleton bean 'org.springframework.boot.autoconfigure.condition.BeanTypeRegistry'
2020-03-14 21:57:29.603 [main] DEBUG o.s.b.f.s.DefaultListableBeanFactory - Returning cached instance of singleton bean 'org.springframework.boot.autoconfigure.condition.BeanTypeRegistry'
2020-03-14 21:57:29.603 [main] DEBUG o.s.b.f.s.DefaultListableBeanFactory - Returning cached instance of singleton bean 'autoConfigurationReport'
2020-03-14 21:57:29.603 [main] DEBUG o.s.c.a.ConfigurationClassBeanDefinitionReader - Registering bean definition for @Bean method org.springframework.cloud.netflix.ribbon.apache.HttpClientRibbonConfiguration$ApacheHttpClientConfiguration.httpClientConnectionManager()
2020-03-14 21:57:29.603 [main] DEBUG o.s.b.f.s.DefaultListableBeanFactory - Returning cached instance of singleton bean 'org.springframework.boot.autoconfigure.condition.BeanTypeRegistry'
2020-03-14 21:57:29.604 [main] DEBUG o.s.b.f.s.DefaultListableBeanFactory - Returning cached instance of singleton bean 'org.springframework.boot.autoconfigure.condition.BeanTypeRegistry'
2020-03-14 21:57:29.604 [main] DEBUG o.s.b.f.s.DefaultListableBeanFactory - Returning cached instance of singleton bean 'org.springframework.boot.autoconfigure.condition.BeanTypeRegistry'
2020-03-14 21:57:29.604 [main] DEBUG o.s.b.f.s.DefaultListableBeanFactory - Returning cached instance of singleton bean 'autoConfigurationReport'
2020-03-14 21:57:29.604 [main] DEBUG o.s.c.a.ConfigurationClassBeanDefinitionReader - Registering bean definition for @Bean method org.springframework.cloud.netflix.ribbon.apache.HttpClientRibbonConfiguration$ApacheHttpClientConfiguration.httpClient()
2020-03-14 21:57:29.604 [main] DEBUG o.s.c.a.ConfigurationClassBeanDefinitionReader - Registered bean definition for imported class 'org.springframework.cloud.netflix.ribbon.apache.HttpClientRibbonConfiguration'
2020-03-14 21:57:29.606 [main] DEBUG o.s.b.f.s.DefaultListableBeanFactory - Returning cached instance of singleton bean 'autoConfigurationReport'
2020-03-14 21:57:29.606 [main] DEBUG o.s.b.f.s.DefaultListableBeanFactory - Returning cached instance of singleton bean 'org.springframework.boot.autoconfigure.condition.BeanTypeRegistry'
2020-03-14 21:57:29.606 [main] DEBUG o.s.b.f.s.DefaultListableBeanFactory - Returning cached instance of singleton bean 'org.springframework.boot.autoconfigure.condition.BeanTypeRegistry'
2020-03-14 21:57:29.606 [main] DEBUG o.s.b.f.s.DefaultListableBeanFactory - Returning cached instance of singleton bean 'org.springframework.boot.autoconfigure.condition.BeanTypeRegistry'
2020-03-14 21:57:29.607 [main] DEBUG o.s.b.f.s.DefaultListableBeanFactory - Returning cached instance of singleton bean 'autoConfigurationReport'
2020-03-14 21:57:29.607 [main] DEBUG o.s.c.a.ConfigurationClassBeanDefinitionReader - Registering bean definition for @Bean method org.springframework.cloud.netflix.ribbon.apache.HttpClientRibbonConfiguration.ribbonLoadBalancingHttpClient()
2020-03-14 21:57:29.608 [main] DEBUG o.s.b.f.s.DefaultListableBeanFactory - Returning cached instance of singleton bean 'autoConfigurationReport'
2020-03-14 21:57:29.608 [main] DEBUG o.s.b.f.s.DefaultListableBeanFactory - Returning cached instance of singleton bean 'org.springframework.boot.autoconfigure.condition.BeanTypeRegistry'
2020-03-14 21:57:29.608 [main] DEBUG o.s.b.f.s.DefaultListableBeanFactory - Returning cached instance of singleton bean 'org.springframework.boot.autoconfigure.condition.BeanTypeRegistry'
2020-03-14 21:57:29.609 [main] DEBUG o.s.b.f.s.DefaultListableBeanFactory - Returning cached instance of singleton bean 'org.springframework.boot.autoconfigure.condition.BeanTypeRegistry'
2020-03-14 21:57:29.609 [main] DEBUG o.s.b.f.s.DefaultListableBeanFactory - Returning cached instance of singleton bean 'autoConfigurationReport'
2020-03-14 21:57:29.609 [main] DEBUG o.s.c.a.ConfigurationClassBeanDefinitionReader - Registering bean definition for @Bean method org.springframework.cloud.netflix.ribbon.RibbonClientConfiguration.ribbonClientConfig()
2020-03-14 21:57:29.609 [main] DEBUG o.s.b.f.s.DefaultListableBeanFactory - Returning cached instance of singleton bean 'org.springframework.boot.autoconfigure.condition.BeanTypeRegistry'
2020-03-14 21:57:29.609 [main] DEBUG o.s.b.f.s.DefaultListableBeanFactory - Returning cached instance of singleton bean 'org.springframework.boot.autoconfigure.condition.BeanTypeRegistry'
2020-03-14 21:57:29.610 [main] DEBUG o.s.b.f.s.DefaultListableBeanFactory - Returning cached instance of singleton bean 'org.springframework.boot.autoconfigure.condition.BeanTypeRegistry'
2020-03-14 21:57:29.610 [main] DEBUG o.s.b.f.s.DefaultListableBeanFactory - Returning cached instance of singleton bean 'autoConfigurationReport'
2020-03-14 21:57:29.610 [main] DEBUG o.s.c.a.ConfigurationClassBeanDefinitionReader - Registering bean definition for @Bean method org.springframework.cloud.netflix.ribbon.RibbonClientConfiguration.ribbonRule()
2020-03-14 21:57:29.610 [main] DEBUG o.s.b.f.s.DefaultListableBeanFactory - Returning cached instance of singleton bean 'org.springframework.boot.autoconfigure.condition.BeanTypeRegistry'
2020-03-14 21:57:29.610 [main] DEBUG o.s.b.f.s.DefaultListableBeanFactory - Returning cached instance of singleton bean 'org.springframework.boot.autoconfigure.condition.BeanTypeRegistry'
2020-03-14 21:57:29.611 [main] DEBUG o.s.b.f.s.DefaultListableBeanFactory - Returning cached instance of singleton bean 'org.springframework.boot.autoconfigure.condition.BeanTypeRegistry'
2020-03-14 21:57:29.611 [main] DEBUG o.s.b.f.s.DefaultListableBeanFactory - Returning cached instance of singleton bean 'autoConfigurationReport'
2020-03-14 21:57:29.611 [main] DEBUG o.s.b.f.s.DefaultListableBeanFactory - Returning cached instance of singleton bean 'org.springframework.boot.autoconfigure.condition.BeanTypeRegistry'
2020-03-14 21:57:29.612 [main] DEBUG o.s.b.f.s.DefaultListableBeanFactory - Returning cached instance of singleton bean 'org.springframework.boot.autoconfigure.condition.BeanTypeRegistry'
2020-03-14 21:57:29.617 [main] DEBUG o.s.b.f.s.DefaultListableBeanFactory - Returning cached instance of singleton bean 'org.springframework.boot.autoconfigure.condition.BeanTypeRegistry'
2020-03-14 21:57:29.618 [main] DEBUG o.s.b.f.s.DefaultListableBeanFactory - Returning cached instance of singleton bean 'autoConfigurationReport'
2020-03-14 21:57:29.619 [main] DEBUG o.s.b.f.s.DefaultListableBeanFactory - Returning cached instance of singleton bean 'org.springframework.boot.autoconfigure.condition.BeanTypeRegistry'
2020-03-14 21:57:29.620 [main] DEBUG o.s.b.f.s.DefaultListableBeanFactory - Returning cached instance of singleton bean 'org.springframework.boot.autoconfigure.condition.BeanTypeRegistry'
2020-03-14 21:57:29.621 [main] DEBUG o.s.b.f.s.DefaultListableBeanFactory - Returning cached instance of singleton bean 'org.springframework.boot.autoconfigure.condition.BeanTypeRegistry'
2020-03-14 21:57:29.621 [main] DEBUG o.s.b.f.s.DefaultListableBeanFactory - Returning cached instance of singleton bean 'autoConfigurationReport'
2020-03-14 21:57:29.621 [main] DEBUG o.s.c.a.ConfigurationClassBeanDefinitionReader - Registering bean definition for @Bean method org.springframework.cloud.netflix.ribbon.RibbonClientConfiguration.ribbonServerListUpdater()
2020-03-14 21:57:29.622 [main] DEBUG o.s.b.f.s.DefaultListableBeanFactory - Returning cached instance of singleton bean 'org.springframework.boot.autoconfigure.condition.BeanTypeRegistry'
2020-03-14 21:57:29.623 [main] DEBUG o.s.b.f.s.DefaultListableBeanFactory - Returning cached instance of singleton bean 'org.springframework.boot.autoconfigure.condition.BeanTypeRegistry'
2020-03-14 21:57:29.624 [main] DEBUG o.s.b.f.s.DefaultListableBeanFactory - Returning cached instance of singleton bean 'org.springframework.boot.autoconfigure.condition.BeanTypeRegistry'
2020-03-14 21:57:29.624 [main] DEBUG o.s.b.f.s.DefaultListableBeanFactory - Returning cached instance of singleton bean 'autoConfigurationReport'
2020-03-14 21:57:29.625 [main] DEBUG o.s.c.a.ConfigurationClassBeanDefinitionReader - Registering bean definition for @Bean method org.springframework.cloud.netflix.ribbon.RibbonClientConfiguration.ribbonLoadBalancer()
2020-03-14 21:57:29.625 [main] DEBUG o.s.b.f.s.DefaultListableBeanFactory - Returning cached instance of singleton bean 'org.springframework.boot.autoconfigure.condition.BeanTypeRegistry'
2020-03-14 21:57:29.626 [main] DEBUG o.s.b.f.s.DefaultListableBeanFactory - Returning cached instance of singleton bean 'org.springframework.boot.autoconfigure.condition.BeanTypeRegistry'
2020-03-14 21:57:29.626 [main] DEBUG o.s.b.f.s.DefaultListableBeanFactory - Returning cached instance of singleton bean 'org.springframework.boot.autoconfigure.condition.BeanTypeRegistry'
2020-03-14 21:57:29.627 [main] DEBUG o.s.b.f.s.DefaultListableBeanFactory - Returning cached instance of singleton bean 'autoConfigurationReport'
2020-03-14 21:57:29.627 [main] DEBUG o.s.c.a.ConfigurationClassBeanDefinitionReader - Registering bean definition for @Bean method org.springframework.cloud.netflix.ribbon.RibbonClientConfiguration.ribbonServerListFilter()
2020-03-14 21:57:29.627 [main] DEBUG o.s.b.f.s.DefaultListableBeanFactory - Returning cached instance of singleton bean 'org.springframework.boot.autoconfigure.condition.BeanTypeRegistry'
2020-03-14 21:57:29.627 [main] DEBUG o.s.b.f.s.DefaultListableBeanFactory - Returning cached instance of singleton bean 'org.springframework.boot.autoconfigure.condition.BeanTypeRegistry'
2020-03-14 21:57:29.628 [main] DEBUG o.s.b.f.s.DefaultListableBeanFactory - Returning cached instance of singleton bean 'org.springframework.boot.autoconfigure.condition.BeanTypeRegistry'
2020-03-14 21:57:29.628 [main] DEBUG o.s.b.f.s.DefaultListableBeanFactory - Returning cached instance of singleton bean 'autoConfigurationReport'
2020-03-14 21:57:29.628 [main] DEBUG o.s.c.a.ConfigurationClassBeanDefinitionReader - Registering bean definition for @Bean method org.springframework.cloud.netflix.ribbon.RibbonClientConfiguration.ribbonLoadBalancerContext()
2020-03-14 21:57:29.629 [main] DEBUG o.s.b.f.s.DefaultListableBeanFactory - Returning cached instance of singleton bean 'org.springframework.boot.autoconfigure.condition.BeanTypeRegistry'
2020-03-14 21:57:29.629 [main] DEBUG o.s.b.f.s.DefaultListableBeanFactory - Returning cached instance of singleton bean 'org.springframework.boot.autoconfigure.condition.BeanTypeRegistry'
2020-03-14 21:57:29.630 [main] DEBUG o.s.b.f.s.DefaultListableBeanFactory - Returning cached instance of singleton bean 'org.springframework.boot.autoconfigure.condition.BeanTypeRegistry'
2020-03-14 21:57:29.630 [main] DEBUG o.s.b.f.s.DefaultListableBeanFactory - Returning cached instance of singleton bean 'autoConfigurationReport'
2020-03-14 21:57:29.630 [main] DEBUG o.s.c.a.ConfigurationClassBeanDefinitionReader - Registering bean definition for @Bean method org.springframework.cloud.netflix.ribbon.RibbonClientConfiguration.retryHandler()
2020-03-14 21:57:29.631 [main] DEBUG o.s.b.f.s.DefaultListableBeanFactory - Returning cached instance of singleton bean 'org.springframework.boot.autoconfigure.condition.BeanTypeRegistry'
2020-03-14 21:57:29.631 [main] DEBUG o.s.b.f.s.DefaultListableBeanFactory - Returning cached instance of singleton bean 'org.springframework.boot.autoconfigure.condition.BeanTypeRegistry'
2020-03-14 21:57:29.631 [main] DEBUG o.s.b.f.s.DefaultListableBeanFactory - Returning cached instance of singleton bean 'org.springframework.boot.autoconfigure.condition.BeanTypeRegistry'
2020-03-14 21:57:29.631 [main] DEBUG o.s.b.f.s.DefaultListableBeanFactory - Returning cached instance of singleton bean 'autoConfigurationReport'
2020-03-14 21:57:29.636 [main] DEBUG o.s.c.a.ConfigurationClassEnhancer - Successfully enhanced org.springframework.cloud.netflix.ribbon.eureka.EurekaRibbonClientConfiguration; enhanced class name is: org.springframework.cloud.netflix.ribbon.eureka.EurekaRibbonClientConfiguration$$EnhancerBySpringCGLIB$$b75dd101
2020-03-14 21:57:29.636 [main] DEBUG o.s.c.a.ConfigurationClassPostProcessor - Replacing bean definition 'eurekaRibbonClientConfiguration' existing class 'org.springframework.cloud.netflix.ribbon.eureka.EurekaRibbonClientConfiguration' with enhanced class 'org.springframework.cloud.netflix.ribbon.eureka.EurekaRibbonClientConfiguration$$EnhancerBySpringCGLIB$$b75dd101'
2020-03-14 21:57:29.636 [main] DEBUG o.s.c.a.ConfigurationClassEnhancer - Successfully enhanced org.springframework.boot.autoconfigure.context.PropertyPlaceholderAutoConfiguration; enhanced class name is: org.springframework.boot.autoconfigure.context.PropertyPlaceholderAutoConfiguration$$EnhancerBySpringCGLIB$$a200c672
2020-03-14 21:57:29.636 [main] DEBUG o.s.c.a.ConfigurationClassPostProcessor - Replacing bean definition 'propertyPlaceholderAutoConfiguration' existing class 'org.springframework.boot.autoconfigure.context.PropertyPlaceholderAutoConfiguration' with enhanced class 'org.springframework.boot.autoconfigure.context.PropertyPlaceholderAutoConfiguration$$EnhancerBySpringCGLIB$$a200c672'
2020-03-14 21:57:29.642 [main] DEBUG o.s.c.a.ConfigurationClassEnhancer - Successfully enhanced org.springframework.cloud.netflix.ribbon.RibbonClientConfiguration; enhanced class name is: org.springframework.cloud.netflix.ribbon.RibbonClientConfiguration$$EnhancerBySpringCGLIB$$7cfb7877
2020-03-14 21:57:29.642 [main] DEBUG o.s.c.a.ConfigurationClassPostProcessor - Replacing bean definition 'ribbonClientConfiguration' existing class 'org.springframework.cloud.netflix.ribbon.RibbonClientConfiguration' with enhanced class 'org.springframework.cloud.netflix.ribbon.RibbonClientConfiguration$$EnhancerBySpringCGLIB$$7cfb7877'
2020-03-14 21:57:29.642 [main] DEBUG o.s.c.a.ConfigurationClassEnhancer - Successfully enhanced org.springframework.cloud.commons.httpclient.HttpClientConfiguration$OkHttpClientConfiguration; enhanced class name is: org.springframework.cloud.commons.httpclient.HttpClientConfiguration$OkHttpClientConfiguration$$EnhancerBySpringCGLIB$$be05526f
2020-03-14 21:57:29.642 [main] DEBUG o.s.c.a.ConfigurationClassPostProcessor - Replacing bean definition 'org.springframework.cloud.commons.httpclient.HttpClientConfiguration$OkHttpClientConfiguration' existing class 'org.springframework.cloud.commons.httpclient.HttpClientConfiguration$OkHttpClientConfiguration' with enhanced class 'org.springframework.cloud.commons.httpclient.HttpClientConfiguration$OkHttpClientConfiguration$$EnhancerBySpringCGLIB$$be05526f'
2020-03-14 21:57:29.642 [main] DEBUG o.s.c.a.ConfigurationClassEnhancer - Successfully enhanced org.springframework.cloud.commons.httpclient.HttpClientConfiguration$ApacheHttpClientConfiguration; enhanced class name is: org.springframework.cloud.commons.httpclient.HttpClientConfiguration$ApacheHttpClientConfiguration$$EnhancerBySpringCGLIB$$8a41397d
2020-03-14 21:57:29.642 [main] DEBUG o.s.c.a.ConfigurationClassPostProcessor - Replacing bean definition 'org.springframework.cloud.commons.httpclient.HttpClientConfiguration$ApacheHttpClientConfiguration' existing class 'org.springframework.cloud.commons.httpclient.HttpClientConfiguration$ApacheHttpClientConfiguration' with enhanced class 'org.springframework.cloud.commons.httpclient.HttpClientConfiguration$ApacheHttpClientConfiguration$$EnhancerBySpringCGLIB$$8a41397d'
2020-03-14 21:57:29.642 [main] DEBUG o.s.c.a.ConfigurationClassEnhancer - Successfully enhanced org.springframework.cloud.commons.httpclient.HttpClientConfiguration; enhanced class name is: org.springframework.cloud.commons.httpclient.HttpClientConfiguration$$EnhancerBySpringCGLIB$$bfb53e8c
2020-03-14 21:57:29.642 [main] DEBUG o.s.c.a.ConfigurationClassPostProcessor - Replacing bean definition 'org.springframework.cloud.commons.httpclient.HttpClientConfiguration' existing class 'org.springframework.cloud.commons.httpclient.HttpClientConfiguration' with enhanced class 'org.springframework.cloud.commons.httpclient.HttpClientConfiguration$$EnhancerBySpringCGLIB$$bfb53e8c'
2020-03-14 21:57:29.644 [main] DEBUG o.s.c.a.ConfigurationClassEnhancer - Successfully enhanced org.springframework.cloud.netflix.ribbon.apache.HttpClientRibbonConfiguration$ApacheHttpClientConfiguration; enhanced class name is: org.springframework.cloud.netflix.ribbon.apache.HttpClientRibbonConfiguration$ApacheHttpClientConfiguration$$EnhancerBySpringCGLIB$$1101abd8
2020-03-14 21:57:29.644 [main] DEBUG o.s.c.a.ConfigurationClassPostProcessor - Replacing bean definition 'org.springframework.cloud.netflix.ribbon.apache.HttpClientRibbonConfiguration$ApacheHttpClientConfiguration' existing class 'org.springframework.cloud.netflix.ribbon.apache.HttpClientRibbonConfiguration$ApacheHttpClientConfiguration' with enhanced class 'org.springframework.cloud.netflix.ribbon.apache.HttpClientRibbonConfiguration$ApacheHttpClientConfiguration$$EnhancerBySpringCGLIB$$1101abd8'
2020-03-14 21:57:29.648 [main] DEBUG o.s.c.a.ConfigurationClassEnhancer - Successfully enhanced org.springframework.cloud.netflix.ribbon.apache.HttpClientRibbonConfiguration; enhanced class name is: org.springframework.cloud.netflix.ribbon.apache.HttpClientRibbonConfiguration$$EnhancerBySpringCGLIB$$650fb227
2020-03-14 21:57:29.648 [main] DEBUG o.s.c.a.ConfigurationClassPostProcessor - Replacing bean definition 'org.springframework.cloud.netflix.ribbon.apache.HttpClientRibbonConfiguration' existing class 'org.springframework.cloud.netflix.ribbon.apache.HttpClientRibbonConfiguration' with enhanced class 'org.springframework.cloud.netflix.ribbon.apache.HttpClientRibbonConfiguration$$EnhancerBySpringCGLIB$$650fb227'
2020-03-14 21:57:29.648 [main] DEBUG o.s.b.f.s.DefaultListableBeanFactory - Creating shared instance of singleton bean 'propertySourcesPlaceholderConfigurer'
2020-03-14 21:57:29.648 [main] DEBUG o.s.b.f.s.DefaultListableBeanFactory - Creating instance of bean 'propertySourcesPlaceholderConfigurer'
2020-03-14 21:57:29.649 [main] DEBUG o.s.b.f.s.DefaultListableBeanFactory - Eagerly caching bean 'propertySourcesPlaceholderConfigurer' to allow for resolving potential circular references
2020-03-14 21:57:29.653 [cluster-ClusterId{value='5e6ce2b5b76de427f4894b82', description='null'}-localhost:27017] DEBUG org.mongodb.driver.cluster - Checking status of localhost:27017
2020-03-14 21:57:29.656 [cluster-ClusterId{value='5e6ce2b5b76de427f4894b82', description='null'}-localhost:27017] DEBUG org.mongodb.driver.cluster - Updating cluster description to  {type=STANDALONE, servers=[{address=localhost:27017, type=STANDALONE, roundTripTime=3.0 ms, state=CONNECTED}]
2020-03-14 21:57:29.663 [main] DEBUG o.s.b.f.s.DefaultListableBeanFactory - Finished creating instance of bean 'propertySourcesPlaceholderConfigurer'
2020-03-14 21:57:29.663 [main] DEBUG o.s.core.env.MutablePropertySources - Adding PropertySource 'environmentProperties' with lowest search precedence
2020-03-14 21:57:29.663 [main] DEBUG o.s.core.env.MutablePropertySources - Adding PropertySource 'localProperties' with lowest search precedence
2020-03-14 21:57:29.663 [main] DEBUG o.s.b.f.s.DefaultListableBeanFactory - Creating shared instance of singleton bean 'org.springframework.boot.context.properties.ConfigurationBeanFactoryMetadata'
2020-03-14 21:57:29.663 [main] DEBUG o.s.b.f.s.DefaultListableBeanFactory - Creating instance of bean 'org.springframework.boot.context.properties.ConfigurationBeanFactoryMetadata'
2020-03-14 21:57:29.663 [main] DEBUG o.s.b.f.s.DefaultListableBeanFactory - Eagerly caching bean 'org.springframework.boot.context.properties.ConfigurationBeanFactoryMetadata' to allow for resolving potential circular references
2020-03-14 21:57:29.668 [main] DEBUG o.s.b.f.s.DefaultListableBeanFactory - Finished creating instance of bean 'org.springframework.boot.context.properties.ConfigurationBeanFactoryMetadata'
2020-03-14 21:57:29.669 [main] DEBUG o.s.b.f.s.DefaultListableBeanFactory - Creating shared instance of singleton bean 'org.springframework.context.annotation.internalAutowiredAnnotationProcessor'
2020-03-14 21:57:29.669 [main] DEBUG o.s.b.f.s.DefaultListableBeanFactory - Creating instance of bean 'org.springframework.context.annotation.internalAutowiredAnnotationProcessor'
2020-03-14 21:57:29.669 [main] INFO  o.s.b.f.a.AutowiredAnnotationBeanPostProcessor - JSR-330 'javax.inject.Inject' annotation found and supported for autowiring
2020-03-14 21:57:29.669 [main] DEBUG o.s.b.f.s.DefaultListableBeanFactory - Eagerly caching bean 'org.springframework.context.annotation.internalAutowiredAnnotationProcessor' to allow for resolving potential circular references
2020-03-14 21:57:29.678 [main] DEBUG o.s.b.f.s.DefaultListableBeanFactory - Finished creating instance of bean 'org.springframework.context.annotation.internalAutowiredAnnotationProcessor'
2020-03-14 21:57:29.678 [main] DEBUG o.s.b.f.s.DefaultListableBeanFactory - Creating shared instance of singleton bean 'org.springframework.context.annotation.internalRequiredAnnotationProcessor'
2020-03-14 21:57:29.678 [main] DEBUG o.s.b.f.s.DefaultListableBeanFactory - Creating instance of bean 'org.springframework.context.annotation.internalRequiredAnnotationProcessor'
2020-03-14 21:57:29.678 [main] DEBUG o.s.b.f.s.DefaultListableBeanFactory - Eagerly caching bean 'org.springframework.context.annotation.internalRequiredAnnotationProcessor' to allow for resolving potential circular references
2020-03-14 21:57:29.698 [main] DEBUG o.s.b.f.s.DefaultListableBeanFactory - Finished creating instance of bean 'org.springframework.context.annotation.internalRequiredAnnotationProcessor'
2020-03-14 21:57:29.698 [main] DEBUG o.s.b.f.s.DefaultListableBeanFactory - Creating shared instance of singleton bean 'org.springframework.context.annotation.internalCommonAnnotationProcessor'
2020-03-14 21:57:29.699 [main] DEBUG o.s.b.f.s.DefaultListableBeanFactory - Creating instance of bean 'org.springframework.context.annotation.internalCommonAnnotationProcessor'
2020-03-14 21:57:29.699 [main] DEBUG o.s.b.f.s.DefaultListableBeanFactory - Eagerly caching bean 'org.springframework.context.annotation.internalCommonAnnotationProcessor' to allow for resolving potential circular references
2020-03-14 21:57:29.714 [main] DEBUG o.s.b.f.s.DefaultListableBeanFactory - Finished creating instance of bean 'org.springframework.context.annotation.internalCommonAnnotationProcessor'
2020-03-14 21:57:29.714 [main] DEBUG o.s.b.f.s.DefaultListableBeanFactory - Creating shared instance of singleton bean 'org.springframework.context.annotation.internalPersistenceAnnotationProcessor'
2020-03-14 21:57:29.714 [main] DEBUG o.s.b.f.s.DefaultListableBeanFactory - Creating instance of bean 'org.springframework.context.annotation.internalPersistenceAnnotationProcessor'
2020-03-14 21:57:29.714 [main] DEBUG o.s.b.f.s.DefaultListableBeanFactory - Eagerly caching bean 'org.springframework.context.annotation.internalPersistenceAnnotationProcessor' to allow for resolving potential circular references
2020-03-14 21:57:29.729 [main] DEBUG o.s.b.f.s.DefaultListableBeanFactory - Finished creating instance of bean 'org.springframework.context.annotation.internalPersistenceAnnotationProcessor'
2020-03-14 21:57:29.729 [main] DEBUG o.s.b.f.s.DefaultListableBeanFactory - Creating shared instance of singleton bean 'org.springframework.boot.context.properties.ConfigurationPropertiesBindingPostProcessor'
2020-03-14 21:57:29.729 [main] DEBUG o.s.b.f.s.DefaultListableBeanFactory - Creating instance of bean 'org.springframework.boot.context.properties.ConfigurationPropertiesBindingPostProcessor'
2020-03-14 21:57:29.729 [main] DEBUG o.s.b.f.s.DefaultListableBeanFactory - Eagerly caching bean 'org.springframework.boot.context.properties.ConfigurationPropertiesBindingPostProcessor' to allow for resolving potential circular references
2020-03-14 21:57:29.764 [main] DEBUG o.s.b.f.s.DefaultListableBeanFactory - Invoking afterPropertiesSet() on bean with name 'org.springframework.boot.context.properties.ConfigurationPropertiesBindingPostProcessor'
2020-03-14 21:57:29.764 [main] DEBUG o.s.b.f.s.DefaultListableBeanFactory - Returning cached instance of singleton bean 'org.springframework.boot.context.properties.ConfigurationBeanFactoryMetadata'
2020-03-14 21:57:29.764 [main] DEBUG o.s.b.f.s.DefaultListableBeanFactory - Returning cached instance of singleton bean 'propertySourcesPlaceholderConfigurer'
2020-03-14 21:57:29.764 [main] DEBUG o.s.b.f.s.DefaultListableBeanFactory - Finished creating instance of bean 'org.springframework.boot.context.properties.ConfigurationPropertiesBindingPostProcessor'
2020-03-14 21:57:29.765 [main] DEBUG o.s.c.a.AnnotationConfigApplicationContext - Unable to locate MessageSource with name 'messageSource': using default [org.springframework.context.support.DelegatingMessageSource@f0deba2]
2020-03-14 21:57:29.765 [main] DEBUG o.s.c.a.AnnotationConfigApplicationContext - Unable to locate ApplicationEventMulticaster with name 'applicationEventMulticaster': using default [org.springframework.context.event.SimpleApplicationEventMulticaster@1ddf9fd]
2020-03-14 21:57:29.765 [main] DEBUG o.s.b.f.s.DefaultListableBeanFactory - Pre-instantiating singletons in org.springframework.beans.factory.support.DefaultListableBeanFactory@13cec4ff: defining beans [org.springframework.context.annotation.internalConfigurationAnnotationProcessor,org.springframework.context.annotation.internalAutowiredAnnotationProcessor,org.springframework.context.annotation.internalRequiredAnnotationProcessor,org.springframework.context.annotation.internalCommonAnnotationProcessor,org.springframework.context.annotation.internalPersistenceAnnotationProcessor,org.springframework.context.event.internalEventListenerProcessor,org.springframework.context.event.internalEventListenerFactory,eurekaRibbonClientConfiguration,propertyPlaceholderAutoConfiguration,ribbonClientConfiguration,org.springframework.boot.autoconfigure.condition.BeanTypeRegistry,ribbonPing,ribbonServerList,serverIntrospector,propertySourcesPlaceholderConfigurer,org.springframework.cloud.commons.httpclient.HttpClientConfiguration$OkHttpClientConfiguration,org.springframework.cloud.commons.httpclient.HttpClientConfiguration$ApacheHttpClientConfiguration,org.springframework.cloud.commons.httpclient.HttpClientConfiguration,org.springframework.cloud.netflix.ribbon.apache.HttpClientRibbonConfiguration$ApacheHttpClientConfiguration,httpClientConnectionManager,httpClient,org.springframework.cloud.netflix.ribbon.apache.HttpClientRibbonConfiguration,ribbonLoadBalancingHttpClient,ribbonClientConfig,ribbonRule,ribbonServerListUpdater,ribbonLoadBalancer,ribbonServerListFilter,ribbonLoadBalancerContext,retryHandler,org.springframework.boot.context.properties.ConfigurationPropertiesBindingPostProcessor,org.springframework.boot.context.properties.ConfigurationBeanFactoryMetadata]; parent: org.springframework.beans.factory.support.DefaultListableBeanFactory@10b892d5
2020-03-14 21:57:29.765 [main] DEBUG o.s.b.f.s.DefaultListableBeanFactory - Returning cached instance of singleton bean 'org.springframework.context.annotation.internalConfigurationAnnotationProcessor'
2020-03-14 21:57:29.765 [main] DEBUG o.s.b.f.s.DefaultListableBeanFactory - Returning cached instance of singleton bean 'org.springframework.context.annotation.internalAutowiredAnnotationProcessor'
2020-03-14 21:57:29.765 [main] DEBUG o.s.b.f.s.DefaultListableBeanFactory - Returning cached instance of singleton bean 'org.springframework.context.annotation.internalRequiredAnnotationProcessor'
2020-03-14 21:57:29.765 [main] DEBUG o.s.b.f.s.DefaultListableBeanFactory - Returning cached instance of singleton bean 'org.springframework.context.annotation.internalCommonAnnotationProcessor'
2020-03-14 21:57:29.765 [main] DEBUG o.s.b.f.s.DefaultListableBeanFactory - Returning cached instance of singleton bean 'org.springframework.context.annotation.internalPersistenceAnnotationProcessor'
2020-03-14 21:57:29.765 [main] DEBUG o.s.b.f.s.DefaultListableBeanFactory - Creating shared instance of singleton bean 'org.springframework.context.event.internalEventListenerProcessor'
2020-03-14 21:57:29.766 [main] DEBUG o.s.b.f.s.DefaultListableBeanFactory - Creating instance of bean 'org.springframework.context.event.internalEventListenerProcessor'
2020-03-14 21:57:29.770 [main] DEBUG o.s.b.f.s.DefaultListableBeanFactory - Eagerly caching bean 'org.springframework.context.event.internalEventListenerProcessor' to allow for resolving potential circular references
2020-03-14 21:57:29.778 [main] DEBUG o.s.b.f.s.DefaultListableBeanFactory - Finished creating instance of bean 'org.springframework.context.event.internalEventListenerProcessor'
2020-03-14 21:57:29.778 [main] DEBUG o.s.b.f.s.DefaultListableBeanFactory - Creating shared instance of singleton bean 'org.springframework.context.event.internalEventListenerFactory'
2020-03-14 21:57:29.778 [main] DEBUG o.s.b.f.s.DefaultListableBeanFactory - Creating instance of bean 'org.springframework.context.event.internalEventListenerFactory'
2020-03-14 21:57:29.779 [main] DEBUG o.s.b.f.s.DefaultListableBeanFactory - Eagerly caching bean 'org.springframework.context.event.internalEventListenerFactory' to allow for resolving potential circular references
2020-03-14 21:57:29.797 [main] DEBUG o.s.b.f.s.DefaultListableBeanFactory - Finished creating instance of bean 'org.springframework.context.event.internalEventListenerFactory'
2020-03-14 21:57:29.798 [main] DEBUG o.s.b.f.s.DefaultListableBeanFactory - Creating shared instance of singleton bean 'eurekaRibbonClientConfiguration'
2020-03-14 21:57:29.798 [main] DEBUG o.s.b.f.s.DefaultListableBeanFactory - Creating instance of bean 'eurekaRibbonClientConfiguration'
2020-03-14 21:57:29.802 [main] DEBUG o.s.c.a.CommonAnnotationBeanPostProcessor - Found init method on class [org.springframework.cloud.netflix.ribbon.eureka.EurekaRibbonClientConfiguration$$EnhancerBySpringCGLIB$$b75dd101]: public void org.springframework.cloud.netflix.ribbon.eureka.EurekaRibbonClientConfiguration.preprocess()
2020-03-14 21:57:29.802 [main] DEBUG o.s.c.a.CommonAnnotationBeanPostProcessor - Registered init method on class [org.springframework.cloud.netflix.ribbon.eureka.EurekaRibbonClientConfiguration$$EnhancerBySpringCGLIB$$b75dd101]: org.springframework.beans.factory.annotation.InitDestroyAnnotationBeanPostProcessor$LifecycleElement@cffebe6c
2020-03-14 21:57:29.803 [main] DEBUG o.s.b.f.annotation.InjectionMetadata - Registered injected element on class [org.springframework.cloud.netflix.ribbon.eureka.EurekaRibbonClientConfiguration$$EnhancerBySpringCGLIB$$b75dd101]: AutowiredFieldElement for private boolean org.springframework.cloud.netflix.ribbon.eureka.EurekaRibbonClientConfiguration.approximateZoneFromHostname
2020-03-14 21:57:29.803 [main] DEBUG o.s.b.f.annotation.InjectionMetadata - Registered injected element on class [org.springframework.cloud.netflix.ribbon.eureka.EurekaRibbonClientConfiguration$$EnhancerBySpringCGLIB$$b75dd101]: AutowiredFieldElement for private java.lang.String org.springframework.cloud.netflix.ribbon.eureka.EurekaRibbonClientConfiguration.serviceId
2020-03-14 21:57:29.805 [main] DEBUG o.s.b.f.annotation.InjectionMetadata - Registered injected element on class [org.springframework.cloud.netflix.ribbon.eureka.EurekaRibbonClientConfiguration$$EnhancerBySpringCGLIB$$b75dd101]: AutowiredFieldElement for private com.netflix.discovery.EurekaClientConfig org.springframework.cloud.netflix.ribbon.eureka.EurekaRibbonClientConfiguration.clientConfig
2020-03-14 21:57:29.805 [main] DEBUG o.s.b.f.annotation.InjectionMetadata - Registered injected element on class [org.springframework.cloud.netflix.ribbon.eureka.EurekaRibbonClientConfiguration$$EnhancerBySpringCGLIB$$b75dd101]: AutowiredFieldElement for private com.netflix.appinfo.EurekaInstanceConfig org.springframework.cloud.netflix.ribbon.eureka.EurekaRibbonClientConfiguration.eurekaConfig
2020-03-14 21:57:29.805 [main] DEBUG o.s.b.f.annotation.InjectionMetadata - Registered injected element on class [org.springframework.cloud.netflix.ribbon.eureka.EurekaRibbonClientConfiguration$$EnhancerBySpringCGLIB$$b75dd101]: AutowiredFieldElement for private org.springframework.cloud.netflix.ribbon.PropertiesFactory org.springframework.cloud.netflix.ribbon.eureka.EurekaRibbonClientConfiguration.propertiesFactory
2020-03-14 21:57:29.806 [main] DEBUG o.s.b.f.s.DefaultListableBeanFactory - Eagerly caching bean 'eurekaRibbonClientConfiguration' to allow for resolving potential circular references
2020-03-14 21:57:29.849 [main] DEBUG o.s.b.f.annotation.InjectionMetadata - Processing injected element of bean 'eurekaRibbonClientConfiguration': AutowiredFieldElement for private boolean org.springframework.cloud.netflix.ribbon.eureka.EurekaRibbonClientConfiguration.approximateZoneFromHostname
2020-03-14 21:57:29.849 [main] DEBUG o.s.core.annotation.AnnotationUtils - Failed to meta-introspect annotation interface org.springframework.beans.factory.annotation.Value: java.lang.NullPointerException
2020-03-14 21:57:29.849 [main] DEBUG o.s.c.e.PropertySourcesPropertyResolver - Could not find key 'ribbon.eureka.approximateZoneFromHostname:false' in any property source
2020-03-14 21:57:29.849 [main] DEBUG o.s.c.e.PropertySourcesPropertyResolver - Could not find key 'ribbon.eureka.approximateZoneFromHostname:false' in any property source
2020-03-14 21:57:29.850 [main] DEBUG o.s.c.e.PropertySourcesPropertyResolver - Could not find key 'ribbon.eureka.approximateZoneFromHostname' in any property source
2020-03-14 21:57:29.850 [main] DEBUG o.s.c.e.PropertySourcesPropertyResolver - Could not find key 'ribbon.eureka.approximateZoneFromHostname' in any property source
2020-03-14 21:57:29.851 [main] DEBUG o.s.b.f.annotation.InjectionMetadata - Processing injected element of bean 'eurekaRibbonClientConfiguration': AutowiredFieldElement for private java.lang.String org.springframework.cloud.netflix.ribbon.eureka.EurekaRibbonClientConfiguration.serviceId
2020-03-14 21:57:29.851 [main] DEBUG o.s.core.annotation.AnnotationUtils - Failed to meta-introspect annotation interface org.springframework.cloud.netflix.ribbon.RibbonClientName: java.lang.NullPointerException
2020-03-14 21:57:29.851 [main] DEBUG o.s.c.e.PropertySourcesPropertyResolver - Found key 'ribbon.client.name' in PropertySource 'ribbon' with value of type String
2020-03-14 21:57:29.851 [main] DEBUG o.s.c.e.PropertySourcesPropertyResolver - Found key 'ribbon.client.name' in PropertySource 'environmentProperties' with value of type String
2020-03-14 21:57:29.852 [main] DEBUG o.s.b.f.annotation.InjectionMetadata - Processing injected element of bean 'eurekaRibbonClientConfiguration': AutowiredFieldElement for private com.netflix.discovery.EurekaClientConfig org.springframework.cloud.netflix.ribbon.eureka.EurekaRibbonClientConfiguration.clientConfig
2020-03-14 21:57:29.852 [main] DEBUG o.s.core.annotation.AnnotationUtils - Failed to meta-introspect annotation interface org.springframework.beans.factory.annotation.Autowired: java.lang.NullPointerException
2020-03-14 21:57:29.854 [main] DEBUG o.s.b.f.s.DefaultListableBeanFactory - Returning cached instance of singleton bean 'eurekaClientConfigBean'
2020-03-14 21:57:29.855 [main] DEBUG o.s.b.f.a.AutowiredAnnotationBeanPostProcessor - Autowiring by type from bean name 'eurekaRibbonClientConfiguration' to bean named 'eurekaClientConfigBean'
2020-03-14 21:57:29.856 [main] DEBUG o.s.b.f.annotation.InjectionMetadata - Processing injected element of bean 'eurekaRibbonClientConfiguration': AutowiredFieldElement for private com.netflix.appinfo.EurekaInstanceConfig org.springframework.cloud.netflix.ribbon.eureka.EurekaRibbonClientConfiguration.eurekaConfig
2020-03-14 21:57:29.856 [main] DEBUG o.s.core.annotation.AnnotationUtils - Failed to meta-introspect annotation interface org.springframework.beans.factory.annotation.Autowired: java.lang.NullPointerException
2020-03-14 21:57:29.861 [main] DEBUG o.s.b.f.s.DefaultListableBeanFactory - Returning cached instance of singleton bean 'eurekaInstanceConfigBean'
2020-03-14 21:57:29.861 [main] DEBUG o.s.b.f.a.AutowiredAnnotationBeanPostProcessor - Autowiring by type from bean name 'eurekaRibbonClientConfiguration' to bean named 'eurekaInstanceConfigBean'
2020-03-14 21:57:29.861 [main] DEBUG o.s.b.f.annotation.InjectionMetadata - Processing injected element of bean 'eurekaRibbonClientConfiguration': AutowiredFieldElement for private org.springframework.cloud.netflix.ribbon.PropertiesFactory org.springframework.cloud.netflix.ribbon.eureka.EurekaRibbonClientConfiguration.propertiesFactory
2020-03-14 21:57:29.862 [main] DEBUG o.s.core.annotation.AnnotationUtils - Failed to meta-introspect annotation interface org.springframework.beans.factory.annotation.Autowired: java.lang.NullPointerException
2020-03-14 21:57:29.866 [main] DEBUG o.s.b.f.s.DefaultListableBeanFactory - Returning cached instance of singleton bean 'propertiesFactory'
2020-03-14 21:57:29.866 [main] DEBUG o.s.b.f.a.AutowiredAnnotationBeanPostProcessor - Autowiring by type from bean name 'eurekaRibbonClientConfiguration' to bean named 'propertiesFactory'
2020-03-14 21:57:29.866 [main] DEBUG o.s.c.a.CommonAnnotationBeanPostProcessor - Invoking init method on bean 'eurekaRibbonClientConfiguration': public void org.springframework.cloud.netflix.ribbon.eureka.EurekaRibbonClientConfiguration.preprocess()
2020-03-14 21:57:30.064 [main] DEBUG o.s.b.f.s.DefaultListableBeanFactory - Finished creating instance of bean 'eurekaRibbonClientConfiguration'
2020-03-14 21:57:30.064 [main] DEBUG o.s.b.f.s.DefaultListableBeanFactory - Creating shared instance of singleton bean 'propertyPlaceholderAutoConfiguration'
2020-03-14 21:57:30.064 [main] DEBUG o.s.b.f.s.DefaultListableBeanFactory - Creating instance of bean 'propertyPlaceholderAutoConfiguration'
2020-03-14 21:57:30.064 [main] DEBUG o.s.b.f.s.DefaultListableBeanFactory - Eagerly caching bean 'propertyPlaceholderAutoConfiguration' to allow for resolving potential circular references
2020-03-14 21:57:30.077 [main] DEBUG o.s.b.f.s.DefaultListableBeanFactory - Finished creating instance of bean 'propertyPlaceholderAutoConfiguration'
2020-03-14 21:57:30.077 [main] DEBUG o.s.b.f.s.DefaultListableBeanFactory - Creating shared instance of singleton bean 'ribbonClientConfiguration'
2020-03-14 21:57:30.077 [main] DEBUG o.s.b.f.s.DefaultListableBeanFactory - Creating instance of bean 'ribbonClientConfiguration'
2020-03-14 21:57:30.078 [main] DEBUG o.s.c.a.CommonAnnotationBeanPostProcessor - Found init method on class [org.springframework.cloud.netflix.ribbon.RibbonClientConfiguration$$EnhancerBySpringCGLIB$$7cfb7877]: public void org.springframework.cloud.netflix.ribbon.RibbonClientConfiguration.preprocess()
2020-03-14 21:57:30.078 [main] DEBUG o.s.c.a.CommonAnnotationBeanPostProcessor - Registered init method on class [org.springframework.cloud.netflix.ribbon.RibbonClientConfiguration$$EnhancerBySpringCGLIB$$7cfb7877]: org.springframework.beans.factory.annotation.InitDestroyAnnotationBeanPostProcessor$LifecycleElement@cffebe6c
2020-03-14 21:57:30.079 [main] DEBUG o.s.b.f.annotation.InjectionMetadata - Registered injected element on class [org.springframework.cloud.netflix.ribbon.RibbonClientConfiguration$$EnhancerBySpringCGLIB$$7cfb7877]: AutowiredFieldElement for private java.lang.String org.springframework.cloud.netflix.ribbon.RibbonClientConfiguration.name
2020-03-14 21:57:30.079 [main] DEBUG o.s.b.f.annotation.InjectionMetadata - Registered injected element on class [org.springframework.cloud.netflix.ribbon.RibbonClientConfiguration$$EnhancerBySpringCGLIB$$7cfb7877]: AutowiredFieldElement for private org.springframework.cloud.netflix.ribbon.PropertiesFactory org.springframework.cloud.netflix.ribbon.RibbonClientConfiguration.propertiesFactory
2020-03-14 21:57:30.079 [main] DEBUG o.s.b.f.s.DefaultListableBeanFactory - Eagerly caching bean 'ribbonClientConfiguration' to allow for resolving potential circular references
2020-03-14 21:57:30.083 [main] DEBUG o.s.b.f.annotation.InjectionMetadata - Processing injected element of bean 'ribbonClientConfiguration': AutowiredFieldElement for private java.lang.String org.springframework.cloud.netflix.ribbon.RibbonClientConfiguration.name
2020-03-14 21:57:30.084 [main] DEBUG o.s.core.annotation.AnnotationUtils - Failed to meta-introspect annotation interface org.springframework.cloud.netflix.ribbon.RibbonClientName: java.lang.NullPointerException
2020-03-14 21:57:30.084 [main] DEBUG o.s.c.e.PropertySourcesPropertyResolver - Found key 'ribbon.client.name' in PropertySource 'ribbon' with value of type String
2020-03-14 21:57:30.084 [main] DEBUG o.s.c.e.PropertySourcesPropertyResolver - Found key 'ribbon.client.name' in PropertySource 'environmentProperties' with value of type String
2020-03-14 21:57:30.084 [main] DEBUG o.s.b.f.annotation.InjectionMetadata - Processing injected element of bean 'ribbonClientConfiguration': AutowiredFieldElement for private org.springframework.cloud.netflix.ribbon.PropertiesFactory org.springframework.cloud.netflix.ribbon.RibbonClientConfiguration.propertiesFactory
2020-03-14 21:57:30.084 [main] DEBUG o.s.core.annotation.AnnotationUtils - Failed to meta-introspect annotation interface org.springframework.beans.factory.annotation.Autowired: java.lang.NullPointerException
2020-03-14 21:57:30.084 [main] DEBUG o.s.b.f.s.DefaultListableBeanFactory - Returning cached instance of singleton bean 'propertiesFactory'
2020-03-14 21:57:30.084 [main] DEBUG o.s.b.f.a.AutowiredAnnotationBeanPostProcessor - Autowiring by type from bean name 'ribbonClientConfiguration' to bean named 'propertiesFactory'
2020-03-14 21:57:30.084 [main] DEBUG o.s.c.a.CommonAnnotationBeanPostProcessor - Invoking init method on bean 'ribbonClientConfiguration': public void org.springframework.cloud.netflix.ribbon.RibbonClientConfiguration.preprocess()
2020-03-14 21:57:30.085 [main] DEBUG o.s.b.f.s.DefaultListableBeanFactory - Finished creating instance of bean 'ribbonClientConfiguration'
2020-03-14 21:57:30.085 [main] DEBUG o.s.b.f.s.DefaultListableBeanFactory - Returning cached instance of singleton bean 'org.springframework.boot.autoconfigure.condition.BeanTypeRegistry'
2020-03-14 21:57:30.085 [main] DEBUG o.s.b.f.s.DefaultListableBeanFactory - Creating shared instance of singleton bean 'ribbonPing'
2020-03-14 21:57:30.085 [main] DEBUG o.s.b.f.s.DefaultListableBeanFactory - Creating instance of bean 'ribbonPing'
2020-03-14 21:57:30.085 [main] DEBUG o.s.b.f.s.DefaultListableBeanFactory - Returning cached instance of singleton bean 'eurekaRibbonClientConfiguration'
2020-03-14 21:57:30.087 [main] DEBUG o.s.b.f.s.DefaultListableBeanFactory - Creating shared instance of singleton bean 'ribbonClientConfig'
2020-03-14 21:57:30.087 [main] DEBUG o.s.b.f.s.DefaultListableBeanFactory - Creating instance of bean 'ribbonClientConfig'
2020-03-14 21:57:30.087 [main] DEBUG o.s.b.f.s.DefaultListableBeanFactory - Returning cached instance of singleton bean 'ribbonClientConfiguration'
2020-03-14 21:57:30.108 [main] DEBUG o.s.c.e.PropertySourcesPropertyResolver - Found key 'ribbon.ConnectTimeout' in PropertySource 'applicationConfig: [classpath:/application.yml]' with value of type Integer
2020-03-14 21:57:30.177 [main] DEBUG o.s.c.e.PropertySourcesPropertyResolver - Found key 'ribbon.ReadTimeout' in PropertySource 'applicationConfig: [classpath:/application.yml]' with value of type Integer
2020-03-14 21:57:30.177 [main] DEBUG o.s.c.e.PropertySourcesPropertyResolver - Found key 'ribbon.MaxAutoRetries' in PropertySource 'applicationConfig: [classpath:/application.yml]' with value of type Integer
2020-03-14 21:57:30.178 [main] DEBUG o.s.c.e.PropertySourcesPropertyResolver - Found key 'ribbon.MaxAutoRetriesNextServer' in PropertySource 'applicationConfig: [classpath:/application.yml]' with value of type Integer
2020-03-14 21:57:30.179 [main] DEBUG o.s.c.e.PropertySourcesPropertyResolver - Found key 'ribbon.OkToRetryOnAllOperations' in PropertySource 'applicationConfig: [classpath:/application.yml]' with value of type Boolean
2020-03-14 21:57:30.191 [main] DEBUG o.s.b.f.s.DefaultListableBeanFactory - Eagerly caching bean 'ribbonClientConfig' to allow for resolving potential circular references
2020-03-14 21:57:30.198 [main] DEBUG o.s.b.f.s.DefaultListableBeanFactory - Finished creating instance of bean 'ribbonClientConfig'
2020-03-14 21:57:30.198 [main] DEBUG o.s.b.f.s.DefaultListableBeanFactory - Autowiring by type from bean name 'ribbonPing' via factory method to bean named 'ribbonClientConfig'
2020-03-14 21:57:30.202 [main] DEBUG o.s.c.e.PropertySourcesPropertyResolver - Could not find key 'nm-service-manage-cms.ribbon.NFLoadBalancerPingClassName' in any property source
2020-03-14 21:57:30.211 [main] DEBUG o.s.b.f.s.DefaultListableBeanFactory - Eagerly caching bean 'ribbonPing' to allow for resolving potential circular references
2020-03-14 21:57:30.222 [main] DEBUG o.s.b.f.s.DefaultListableBeanFactory - Finished creating instance of bean 'ribbonPing'
2020-03-14 21:57:30.222 [main] DEBUG o.s.b.f.s.DefaultListableBeanFactory - Creating shared instance of singleton bean 'ribbonServerList'
2020-03-14 21:57:30.222 [main] DEBUG o.s.b.f.s.DefaultListableBeanFactory - Creating instance of bean 'ribbonServerList'
2020-03-14 21:57:30.222 [main] DEBUG o.s.b.f.s.DefaultListableBeanFactory - Returning cached instance of singleton bean 'eurekaRibbonClientConfiguration'
2020-03-14 21:57:30.222 [main] DEBUG o.s.b.f.s.DefaultListableBeanFactory - Returning cached instance of singleton bean 'ribbonClientConfig'
2020-03-14 21:57:30.226 [main] DEBUG o.s.b.f.s.DefaultListableBeanFactory - Autowiring by type from bean name 'ribbonServerList' via factory method to bean named 'ribbonClientConfig'
2020-03-14 21:57:30.229 [main] DEBUG o.s.c.e.PropertySourcesPropertyResolver - Could not find key 'nm-service-manage-cms.ribbon.NIWSServerListClassName' in any property source
2020-03-14 21:57:30.235 [main] DEBUG o.s.b.f.s.DefaultListableBeanFactory - Eagerly caching bean 'ribbonServerList' to allow for resolving potential circular references
2020-03-14 21:57:30.245 [main] DEBUG o.s.b.f.s.DefaultListableBeanFactory - Finished creating instance of bean 'ribbonServerList'
2020-03-14 21:57:30.245 [main] DEBUG o.s.b.f.s.DefaultListableBeanFactory - Creating shared instance of singleton bean 'serverIntrospector'
2020-03-14 21:57:30.245 [main] DEBUG o.s.b.f.s.DefaultListableBeanFactory - Creating instance of bean 'serverIntrospector'
2020-03-14 21:57:30.248 [main] DEBUG o.s.b.f.s.DefaultListableBeanFactory - Returning cached instance of singleton bean 'eurekaRibbonClientConfiguration'
2020-03-14 21:57:30.265 [main] DEBUG o.s.b.f.annotation.InjectionMetadata - Registered injected element on class [org.springframework.cloud.netflix.ribbon.eureka.EurekaServerIntrospector]: AutowiredMethodElement for public void org.springframework.cloud.netflix.ribbon.DefaultServerIntrospector.setServerIntrospectorProperties(org.springframework.cloud.netflix.ribbon.ServerIntrospectorProperties)
2020-03-14 21:57:30.266 [main] DEBUG o.s.b.f.s.DefaultListableBeanFactory - Eagerly caching bean 'serverIntrospector' to allow for resolving potential circular references
2020-03-14 21:57:30.266 [main] DEBUG o.s.b.f.annotation.InjectionMetadata - Processing injected element of bean 'serverIntrospector': AutowiredMethodElement for public void org.springframework.cloud.netflix.ribbon.DefaultServerIntrospector.setServerIntrospectorProperties(org.springframework.cloud.netflix.ribbon.ServerIntrospectorProperties)
2020-03-14 21:57:30.275 [main] DEBUG o.s.b.f.s.DefaultListableBeanFactory - Returning cached instance of singleton bean 'ribbon-org.springframework.cloud.netflix.ribbon.ServerIntrospectorProperties'
2020-03-14 21:57:30.275 [main] DEBUG o.s.b.f.a.AutowiredAnnotationBeanPostProcessor - Autowiring by type from bean name 'serverIntrospector' to bean named 'ribbon-org.springframework.cloud.netflix.ribbon.ServerIntrospectorProperties'
2020-03-14 21:57:30.276 [main] DEBUG o.s.b.f.s.DefaultListableBeanFactory - Finished creating instance of bean 'serverIntrospector'
2020-03-14 21:57:30.276 [main] DEBUG o.s.b.f.s.DefaultListableBeanFactory - Returning cached instance of singleton bean 'propertySourcesPlaceholderConfigurer'
2020-03-14 21:57:30.276 [main] DEBUG o.s.b.f.s.DefaultListableBeanFactory - Creating shared instance of singleton bean 'org.springframework.cloud.commons.httpclient.HttpClientConfiguration$OkHttpClientConfiguration'
2020-03-14 21:57:30.276 [main] DEBUG o.s.b.f.s.DefaultListableBeanFactory - Creating instance of bean 'org.springframework.cloud.commons.httpclient.HttpClientConfiguration$OkHttpClientConfiguration'
2020-03-14 21:57:30.277 [main] DEBUG o.s.b.f.s.DefaultListableBeanFactory - Eagerly caching bean 'org.springframework.cloud.commons.httpclient.HttpClientConfiguration$OkHttpClientConfiguration' to allow for resolving potential circular references
2020-03-14 21:57:30.296 [main] DEBUG o.s.b.f.s.DefaultListableBeanFactory - Finished creating instance of bean 'org.springframework.cloud.commons.httpclient.HttpClientConfiguration$OkHttpClientConfiguration'
2020-03-14 21:57:30.297 [main] DEBUG o.s.b.f.s.DefaultListableBeanFactory - Creating shared instance of singleton bean 'org.springframework.cloud.commons.httpclient.HttpClientConfiguration$ApacheHttpClientConfiguration'
2020-03-14 21:57:30.297 [main] DEBUG o.s.b.f.s.DefaultListableBeanFactory - Creating instance of bean 'org.springframework.cloud.commons.httpclient.HttpClientConfiguration$ApacheHttpClientConfiguration'
2020-03-14 21:57:30.297 [main] DEBUG o.s.b.f.s.DefaultListableBeanFactory - Eagerly caching bean 'org.springframework.cloud.commons.httpclient.HttpClientConfiguration$ApacheHttpClientConfiguration' to allow for resolving potential circular references
2020-03-14 21:57:30.308 [main] DEBUG o.s.b.f.s.DefaultListableBeanFactory - Finished creating instance of bean 'org.springframework.cloud.commons.httpclient.HttpClientConfiguration$ApacheHttpClientConfiguration'
2020-03-14 21:57:30.308 [main] DEBUG o.s.b.f.s.DefaultListableBeanFactory - Creating shared instance of singleton bean 'org.springframework.cloud.commons.httpclient.HttpClientConfiguration'
2020-03-14 21:57:30.308 [main] DEBUG o.s.b.f.s.DefaultListableBeanFactory - Creating instance of bean 'org.springframework.cloud.commons.httpclient.HttpClientConfiguration'
2020-03-14 21:57:30.309 [main] DEBUG o.s.b.f.s.DefaultListableBeanFactory - Eagerly caching bean 'org.springframework.cloud.commons.httpclient.HttpClientConfiguration' to allow for resolving potential circular references
2020-03-14 21:57:30.317 [main] DEBUG o.s.b.f.s.DefaultListableBeanFactory - Finished creating instance of bean 'org.springframework.cloud.commons.httpclient.HttpClientConfiguration'
2020-03-14 21:57:30.317 [main] DEBUG o.s.b.f.s.DefaultListableBeanFactory - Creating shared instance of singleton bean 'org.springframework.cloud.netflix.ribbon.apache.HttpClientRibbonConfiguration$ApacheHttpClientConfiguration'
2020-03-14 21:57:30.317 [main] DEBUG o.s.b.f.s.DefaultListableBeanFactory - Creating instance of bean 'org.springframework.cloud.netflix.ribbon.apache.HttpClientRibbonConfiguration$ApacheHttpClientConfiguration'
2020-03-14 21:57:30.319 [main] DEBUG o.s.c.a.CommonAnnotationBeanPostProcessor - Found destroy method on class [org.springframework.cloud.netflix.ribbon.apache.HttpClientRibbonConfiguration$ApacheHttpClientConfiguration$$EnhancerBySpringCGLIB$$1101abd8]: public void org.springframework.cloud.netflix.ribbon.apache.HttpClientRibbonConfiguration$ApacheHttpClientConfiguration.destroy() throws java.lang.Exception
2020-03-14 21:57:30.319 [main] DEBUG o.s.c.a.CommonAnnotationBeanPostProcessor - Registered destroy method on class [org.springframework.cloud.netflix.ribbon.apache.HttpClientRibbonConfiguration$ApacheHttpClientConfiguration$$EnhancerBySpringCGLIB$$1101abd8]: org.springframework.beans.factory.annotation.InitDestroyAnnotationBeanPostProcessor$LifecycleElement@5cd39ffa
2020-03-14 21:57:30.322 [main] DEBUG o.s.b.f.annotation.InjectionMetadata - Registered injected element on class [org.springframework.cloud.netflix.ribbon.apache.HttpClientRibbonConfiguration$ApacheHttpClientConfiguration$$EnhancerBySpringCGLIB$$1101abd8]: AutowiredFieldElement for private org.apache.http.config.RegistryBuilder org.springframework.cloud.netflix.ribbon.apache.HttpClientRibbonConfiguration$ApacheHttpClientConfiguration.registryBuilder
2020-03-14 21:57:30.325 [main] DEBUG o.s.b.f.s.DefaultListableBeanFactory - Eagerly caching bean 'org.springframework.cloud.netflix.ribbon.apache.HttpClientRibbonConfiguration$ApacheHttpClientConfiguration' to allow for resolving potential circular references
2020-03-14 21:57:30.337 [main] DEBUG o.s.b.f.annotation.InjectionMetadata - Processing injected element of bean 'org.springframework.cloud.netflix.ribbon.apache.HttpClientRibbonConfiguration$ApacheHttpClientConfiguration': AutowiredFieldElement for private org.apache.http.config.RegistryBuilder org.springframework.cloud.netflix.ribbon.apache.HttpClientRibbonConfiguration$ApacheHttpClientConfiguration.registryBuilder
2020-03-14 21:57:30.338 [main] DEBUG o.s.core.annotation.AnnotationUtils - Failed to meta-introspect annotation interface org.springframework.beans.factory.annotation.Autowired: java.lang.NullPointerException
2020-03-14 21:57:30.371 [main] DEBUG o.s.b.f.s.DefaultListableBeanFactory - Finished creating instance of bean 'org.springframework.cloud.netflix.ribbon.apache.HttpClientRibbonConfiguration$ApacheHttpClientConfiguration'
2020-03-14 21:57:30.372 [main] DEBUG o.s.b.f.s.DefaultListableBeanFactory - Creating shared instance of singleton bean 'httpClientConnectionManager'
2020-03-14 21:57:30.372 [main] DEBUG o.s.b.f.s.DefaultListableBeanFactory - Creating instance of bean 'httpClientConnectionManager'
2020-03-14 21:57:30.372 [main] DEBUG o.s.b.f.s.DefaultListableBeanFactory - Returning cached instance of singleton bean 'org.springframework.cloud.netflix.ribbon.apache.HttpClientRibbonConfiguration$ApacheHttpClientConfiguration'
2020-03-14 21:57:30.373 [main] DEBUG o.s.b.f.s.DefaultListableBeanFactory - Returning cached instance of singleton bean 'ribbonClientConfig'
2020-03-14 21:57:30.379 [main] DEBUG o.s.b.f.s.DefaultListableBeanFactory - Returning cached instance of singleton bean 'connManFactory'
2020-03-14 21:57:30.379 [main] DEBUG o.s.b.f.s.DefaultListableBeanFactory - Autowiring by type from bean name 'httpClientConnectionManager' via factory method to bean named 'ribbonClientConfig'
2020-03-14 21:57:30.379 [main] DEBUG o.s.b.f.s.DefaultListableBeanFactory - Autowiring by type from bean name 'httpClientConnectionManager' via factory method to bean named 'connManFactory'
2020-03-14 21:57:30.600 [main] DEBUG o.s.b.f.s.DefaultListableBeanFactory - Eagerly caching bean 'httpClientConnectionManager' to allow for resolving potential circular references
2020-03-14 21:57:30.639 [main] DEBUG o.s.b.f.s.DefaultListableBeanFactory - Finished creating instance of bean 'httpClientConnectionManager'
2020-03-14 21:57:30.639 [main] DEBUG o.s.b.f.s.DefaultListableBeanFactory - Creating shared instance of singleton bean 'httpClient'
2020-03-14 21:57:30.639 [main] DEBUG o.s.b.f.s.DefaultListableBeanFactory - Creating instance of bean 'httpClient'
2020-03-14 21:57:30.639 [main] DEBUG o.s.b.f.s.DefaultListableBeanFactory - Returning cached instance of singleton bean 'org.springframework.cloud.netflix.ribbon.apache.HttpClientRibbonConfiguration$ApacheHttpClientConfiguration'
2020-03-14 21:57:30.642 [main] DEBUG o.s.b.f.s.DefaultListableBeanFactory - Returning cached instance of singleton bean 'apacheHttpClientFactory'
2020-03-14 21:57:30.652 [main] DEBUG o.s.b.f.s.DefaultListableBeanFactory - Returning cached instance of singleton bean 'httpClientConnectionManager'
2020-03-14 21:57:30.652 [main] DEBUG o.s.b.f.s.DefaultListableBeanFactory - Returning cached instance of singleton bean 'ribbonClientConfig'
2020-03-14 21:57:30.652 [main] DEBUG o.s.b.f.s.DefaultListableBeanFactory - Autowiring by type from bean name 'httpClient' via factory method to bean named 'apacheHttpClientFactory'
2020-03-14 21:57:30.652 [main] DEBUG o.s.b.f.s.DefaultListableBeanFactory - Autowiring by type from bean name 'httpClient' via factory method to bean named 'httpClientConnectionManager'
2020-03-14 21:57:30.653 [main] DEBUG o.s.b.f.s.DefaultListableBeanFactory - Autowiring by type from bean name 'httpClient' via factory method to bean named 'ribbonClientConfig'
2020-03-14 21:57:30.653 [main] DEBUG o.s.c.e.PropertySourcesPropertyResolver - Found key 'ribbon.ConnectTimeout' in PropertySource 'applicationConfig: [classpath:/application.yml]' with value of type Integer
2020-03-14 21:57:30.812 [main] DEBUG o.s.b.f.s.DefaultListableBeanFactory - Eagerly caching bean 'httpClient' to allow for resolving potential circular references
2020-03-14 21:57:30.835 [main] DEBUG o.s.b.f.s.DefaultListableBeanFactory - Finished creating instance of bean 'httpClient'
2020-03-14 21:57:30.835 [main] DEBUG o.s.b.f.s.DefaultListableBeanFactory - Creating shared instance of singleton bean 'org.springframework.cloud.netflix.ribbon.apache.HttpClientRibbonConfiguration'
2020-03-14 21:57:30.835 [main] DEBUG o.s.b.f.s.DefaultListableBeanFactory - Creating instance of bean 'org.springframework.cloud.netflix.ribbon.apache.HttpClientRibbonConfiguration'
2020-03-14 21:57:30.837 [main] DEBUG o.s.b.f.annotation.InjectionMetadata - Registered injected element on class [org.springframework.cloud.netflix.ribbon.apache.HttpClientRibbonConfiguration$$EnhancerBySpringCGLIB$$650fb227]: AutowiredFieldElement for private java.lang.String org.springframework.cloud.netflix.ribbon.apache.HttpClientRibbonConfiguration.name
2020-03-14 21:57:30.837 [main] DEBUG o.s.b.f.s.DefaultListableBeanFactory - Eagerly caching bean 'org.springframework.cloud.netflix.ribbon.apache.HttpClientRibbonConfiguration' to allow for resolving potential circular references
2020-03-14 21:57:30.851 [main] DEBUG o.s.b.f.annotation.InjectionMetadata - Processing injected element of bean 'org.springframework.cloud.netflix.ribbon.apache.HttpClientRibbonConfiguration': AutowiredFieldElement for private java.lang.String org.springframework.cloud.netflix.ribbon.apache.HttpClientRibbonConfiguration.name
2020-03-14 21:57:30.851 [main] DEBUG o.s.core.annotation.AnnotationUtils - Failed to meta-introspect annotation interface org.springframework.cloud.netflix.ribbon.RibbonClientName: java.lang.NullPointerException
2020-03-14 21:57:30.851 [main] DEBUG o.s.c.e.PropertySourcesPropertyResolver - Found key 'ribbon.client.name' in PropertySource 'ribbon' with value of type String
2020-03-14 21:57:30.851 [main] DEBUG o.s.c.e.PropertySourcesPropertyResolver - Found key 'ribbon.client.name' in PropertySource 'environmentProperties' with value of type String
2020-03-14 21:57:30.852 [main] DEBUG o.s.b.f.s.DefaultListableBeanFactory - Finished creating instance of bean 'org.springframework.cloud.netflix.ribbon.apache.HttpClientRibbonConfiguration'
2020-03-14 21:57:30.852 [main] DEBUG o.s.b.f.s.DefaultListableBeanFactory - Creating shared instance of singleton bean 'ribbonLoadBalancingHttpClient'
2020-03-14 21:57:30.852 [main] DEBUG o.s.b.f.s.DefaultListableBeanFactory - Creating instance of bean 'ribbonLoadBalancingHttpClient'
2020-03-14 21:57:30.853 [main] DEBUG o.s.b.f.s.DefaultListableBeanFactory - Returning cached instance of singleton bean 'org.springframework.cloud.netflix.ribbon.apache.HttpClientRibbonConfiguration'
2020-03-14 21:57:30.855 [main] DEBUG o.s.b.f.s.DefaultListableBeanFactory - Returning cached instance of singleton bean 'ribbonClientConfig'
2020-03-14 21:57:30.862 [main] DEBUG o.s.b.f.s.DefaultListableBeanFactory - Returning cached instance of singleton bean 'serverIntrospector'
2020-03-14 21:57:30.866 [main] DEBUG o.s.b.f.s.DefaultListableBeanFactory - Creating shared instance of singleton bean 'ribbonLoadBalancer'
2020-03-14 21:57:30.866 [main] DEBUG o.s.b.f.s.DefaultListableBeanFactory - Creating instance of bean 'ribbonLoadBalancer'
2020-03-14 21:57:30.866 [main] DEBUG o.s.b.f.s.DefaultListableBeanFactory - Returning cached instance of singleton bean 'ribbonClientConfiguration'
2020-03-14 21:57:30.867 [main] DEBUG o.s.b.f.s.DefaultListableBeanFactory - Returning cached instance of singleton bean 'ribbonClientConfig'
2020-03-14 21:57:30.871 [main] DEBUG o.s.b.f.s.DefaultListableBeanFactory - Returning cached instance of singleton bean 'ribbonServerList'
2020-03-14 21:57:30.877 [main] DEBUG o.s.b.f.s.DefaultListableBeanFactory - Creating shared instance of singleton bean 'ribbonServerListFilter'
2020-03-14 21:57:30.877 [main] DEBUG o.s.b.f.s.DefaultListableBeanFactory - Creating instance of bean 'ribbonServerListFilter'
2020-03-14 21:57:30.877 [main] DEBUG o.s.b.f.s.DefaultListableBeanFactory - Returning cached instance of singleton bean 'ribbonClientConfiguration'
2020-03-14 21:57:30.879 [main] DEBUG o.s.b.f.s.DefaultListableBeanFactory - Returning cached instance of singleton bean 'ribbonClientConfig'
2020-03-14 21:57:30.879 [main] DEBUG o.s.b.f.s.DefaultListableBeanFactory - Autowiring by type from bean name 'ribbonServerListFilter' via factory method to bean named 'ribbonClientConfig'
2020-03-14 21:57:30.880 [main] DEBUG o.s.c.e.PropertySourcesPropertyResolver - Could not find key 'nm-service-manage-cms.ribbon.NIWSServerListFilterClassName' in any property source
2020-03-14 21:57:30.922 [main] DEBUG c.n.l.ZoneAffinityServerListFilter - ZoneAffinity is set to true
2020-03-14 21:57:30.923 [main] DEBUG c.n.l.ZoneAffinityServerListFilter - activeReqeustsPerServerThreshold: 0.6
2020-03-14 21:57:30.923 [main] DEBUG c.n.l.ZoneAffinityServerListFilter - blackOutServerPercentageThreshold: 0.8
2020-03-14 21:57:30.923 [main] DEBUG c.n.l.ZoneAffinityServerListFilter - availableServersThreshold: 2
2020-03-14 21:57:31.218 [main] DEBUG o.s.b.f.s.DefaultListableBeanFactory - Eagerly caching bean 'ribbonServerListFilter' to allow for resolving potential circular references
2020-03-14 21:57:31.224 [main] DEBUG o.s.b.f.s.DefaultListableBeanFactory - Finished creating instance of bean 'ribbonServerListFilter'
2020-03-14 21:57:31.227 [main] DEBUG o.s.b.f.s.DefaultListableBeanFactory - Creating shared instance of singleton bean 'ribbonRule'
2020-03-14 21:57:31.227 [main] DEBUG o.s.b.f.s.DefaultListableBeanFactory - Creating instance of bean 'ribbonRule'
2020-03-14 21:57:31.227 [main] DEBUG o.s.b.f.s.DefaultListableBeanFactory - Returning cached instance of singleton bean 'ribbonClientConfiguration'
2020-03-14 21:57:31.227 [main] DEBUG o.s.b.f.s.DefaultListableBeanFactory - Returning cached instance of singleton bean 'ribbonClientConfig'
2020-03-14 21:57:31.227 [main] DEBUG o.s.b.f.s.DefaultListableBeanFactory - Autowiring by type from bean name 'ribbonRule' via factory method to bean named 'ribbonClientConfig'
2020-03-14 21:57:31.227 [main] DEBUG o.s.c.e.PropertySourcesPropertyResolver - Could not find key 'nm-service-manage-cms.ribbon.NFLoadBalancerRuleClassName' in any property source
2020-03-14 21:57:31.245 [main] INFO  c.n.config.ChainedDynamicProperty - Flipping property: nm-service-manage-cms.ribbon.ActiveConnectionsLimit to use NEXT property: niws.loadbalancer.availabilityFilteringRule.activeConnectionsLimit = 2147483647
2020-03-14 21:57:31.247 [main] DEBUG o.s.b.f.s.DefaultListableBeanFactory - Eagerly caching bean 'ribbonRule' to allow for resolving potential circular references
2020-03-14 21:57:31.264 [main] DEBUG o.s.b.f.s.DefaultListableBeanFactory - Finished creating instance of bean 'ribbonRule'
2020-03-14 21:57:31.268 [main] DEBUG o.s.b.f.s.DefaultListableBeanFactory - Returning cached instance of singleton bean 'ribbonPing'
2020-03-14 21:57:31.272 [main] DEBUG o.s.b.f.s.DefaultListableBeanFactory - Creating shared instance of singleton bean 'ribbonServerListUpdater'
2020-03-14 21:57:31.273 [main] DEBUG o.s.b.f.s.DefaultListableBeanFactory - Creating instance of bean 'ribbonServerListUpdater'
2020-03-14 21:57:31.273 [main] DEBUG o.s.b.f.s.DefaultListableBeanFactory - Returning cached instance of singleton bean 'ribbonClientConfiguration'
2020-03-14 21:57:31.273 [main] DEBUG o.s.b.f.s.DefaultListableBeanFactory - Returning cached instance of singleton bean 'ribbonClientConfig'
2020-03-14 21:57:31.273 [main] DEBUG o.s.b.f.s.DefaultListableBeanFactory - Autowiring by type from bean name 'ribbonServerListUpdater' via factory method to bean named 'ribbonClientConfig'
2020-03-14 21:57:31.277 [main] DEBUG o.s.b.f.s.DefaultListableBeanFactory - Eagerly caching bean 'ribbonServerListUpdater' to allow for resolving potential circular references
2020-03-14 21:57:31.281 [main] DEBUG o.s.b.f.s.DefaultListableBeanFactory - Finished creating instance of bean 'ribbonServerListUpdater'
2020-03-14 21:57:31.281 [main] DEBUG o.s.b.f.s.DefaultListableBeanFactory - Autowiring by type from bean name 'ribbonLoadBalancer' via factory method to bean named 'ribbonClientConfig'
2020-03-14 21:57:31.281 [main] DEBUG o.s.b.f.s.DefaultListableBeanFactory - Autowiring by type from bean name 'ribbonLoadBalancer' via factory method to bean named 'ribbonServerList'
2020-03-14 21:57:31.281 [main] DEBUG o.s.b.f.s.DefaultListableBeanFactory - Autowiring by type from bean name 'ribbonLoadBalancer' via factory method to bean named 'ribbonServerListFilter'
2020-03-14 21:57:31.281 [main] DEBUG o.s.b.f.s.DefaultListableBeanFactory - Autowiring by type from bean name 'ribbonLoadBalancer' via factory method to bean named 'ribbonRule'
2020-03-14 21:57:31.281 [main] DEBUG o.s.b.f.s.DefaultListableBeanFactory - Autowiring by type from bean name 'ribbonLoadBalancer' via factory method to bean named 'ribbonPing'
2020-03-14 21:57:31.281 [main] DEBUG o.s.b.f.s.DefaultListableBeanFactory - Autowiring by type from bean name 'ribbonLoadBalancer' via factory method to bean named 'ribbonServerListUpdater'
2020-03-14 21:57:31.282 [main] DEBUG o.s.c.e.PropertySourcesPropertyResolver - Could not find key 'nm-service-manage-cms.ribbon.NFLoadBalancerClassName' in any property source
2020-03-14 21:57:31.295 [main] DEBUG c.n.loadbalancer.BaseLoadBalancer - LoadBalancer [nm-service-manage-cms]:  pingIntervalSeconds set to 30
2020-03-14 21:57:31.295 [main] DEBUG c.n.loadbalancer.BaseLoadBalancer - LoadBalancer [nm-service-manage-cms]: maxTotalPingTime set to 2
2020-03-14 21:57:31.296 [main] INFO  c.n.u.c.ShutdownEnabledTimer - Shutdown hook installed for: NFLoadBalancer-PingTimer-nm-service-manage-cms
2020-03-14 21:57:31.298 [NFLoadBalancer-PingTimer-nm-service-manage-cms] DEBUG c.n.loadbalancer.BaseLoadBalancer - LoadBalancer:  PingTask executing [0] servers configured
2020-03-14 21:57:31.330 [main] INFO  c.n.loadbalancer.BaseLoadBalancer - Client: nm-service-manage-cms instantiated a LoadBalancer: DynamicServerListLoadBalancer:{NFLoadBalancer:name=nm-service-manage-cms,current list of Servers=[],Load balancer stats=Zone stats: {},Server stats: []}ServerList:null
2020-03-14 21:57:31.364 [main] INFO  c.n.l.DynamicServerListLoadBalancer - Using serverListUpdater PollingServerListUpdater
2020-03-14 21:57:31.374 [main] DEBUG o.s.b.f.s.DefaultListableBeanFactory - Returning cached instance of singleton bean 'eurekaClient'
2020-03-14 21:57:31.375 [main] DEBUG o.s.b.f.s.DefaultListableBeanFactory - Returning cached instance of singleton bean 'eurekaClient'
2020-03-14 21:57:31.376 [main] DEBUG o.s.b.f.s.DefaultListableBeanFactory - Creating instance of bean 'scopedTarget.eurekaClient'
2020-03-14 21:57:31.377 [main] DEBUG o.s.b.f.s.DefaultListableBeanFactory - Returning cached instance of singleton bean 'metaDataSourceAdvisor'
2020-03-14 21:57:31.377 [main] DEBUG o.s.b.f.s.DefaultListableBeanFactory - Returning cached instance of singleton bean 'org.springframework.transaction.config.internalTransactionAdvisor'
2020-03-14 21:57:31.377 [main] DEBUG o.s.b.f.s.DefaultListableBeanFactory - Returning cached instance of singleton bean 'org.springframework.cloud.netflix.eureka.EurekaClientAutoConfiguration$RefreshableEurekaClientConfiguration'
2020-03-14 21:57:31.377 [main] DEBUG o.s.b.f.s.DefaultListableBeanFactory - Returning cached instance of singleton bean 'eurekaApplicationInfoManager'
2020-03-14 21:57:31.377 [main] DEBUG o.s.b.f.s.DefaultListableBeanFactory - Returning cached instance of singleton bean 'eurekaClientConfigBean'
2020-03-14 21:57:31.377 [main] DEBUG o.s.b.f.s.DefaultListableBeanFactory - Returning cached instance of singleton bean 'eurekaInstanceConfigBean'
2020-03-14 21:57:31.377 [main] DEBUG o.s.b.f.s.DefaultListableBeanFactory - Autowiring by type from bean name 'scopedTarget.eurekaClient' via factory method to bean named 'eurekaApplicationInfoManager'
2020-03-14 21:57:31.377 [main] DEBUG o.s.b.f.s.DefaultListableBeanFactory - Autowiring by type from bean name 'scopedTarget.eurekaClient' via factory method to bean named 'eurekaClientConfigBean'
2020-03-14 21:57:31.377 [main] DEBUG o.s.b.f.s.DefaultListableBeanFactory - Autowiring by type from bean name 'scopedTarget.eurekaClient' via factory method to bean named 'eurekaInstanceConfigBean'
2020-03-14 21:57:31.378 [main] DEBUG o.s.b.f.s.DefaultListableBeanFactory - Creating instance of bean 'scopedTarget.eurekaApplicationInfoManager'
2020-03-14 21:57:31.378 [main] DEBUG o.s.b.f.s.DefaultListableBeanFactory - Returning cached instance of singleton bean 'metaDataSourceAdvisor'
2020-03-14 21:57:31.379 [main] DEBUG o.s.b.f.s.DefaultListableBeanFactory - Returning cached instance of singleton bean 'org.springframework.transaction.config.internalTransactionAdvisor'
2020-03-14 21:57:31.379 [main] DEBUG o.s.b.f.s.DefaultListableBeanFactory - Returning cached instance of singleton bean 'org.springframework.cloud.netflix.eureka.EurekaClientAutoConfiguration$RefreshableEurekaClientConfiguration'
2020-03-14 21:57:31.379 [main] DEBUG o.s.b.f.s.DefaultListableBeanFactory - Returning cached instance of singleton bean 'eurekaInstanceConfigBean'
2020-03-14 21:57:31.379 [main] DEBUG o.s.b.f.s.DefaultListableBeanFactory - Autowiring by type from bean name 'scopedTarget.eurekaApplicationInfoManager' via factory method to bean named 'eurekaInstanceConfigBean'
2020-03-14 21:57:31.414 [main] INFO  o.s.c.n.eureka.InstanceInfoFactory - Setting initial instance status as: STARTING
2020-03-14 21:57:31.417 [main] DEBUG o.s.b.f.s.DefaultListableBeanFactory - Returning cached instance of singleton bean 'metaDataSourceAdvisor'
2020-03-14 21:57:31.417 [main] DEBUG o.s.b.f.s.DefaultListableBeanFactory - Returning cached instance of singleton bean 'org.springframework.transaction.config.internalTransactionAdvisor'
2020-03-14 21:57:31.417 [main] DEBUG o.s.b.f.s.DefaultListableBeanFactory - Returning cached instance of singleton bean 'metaDataSourceAdvisor'
2020-03-14 21:57:31.417 [main] DEBUG o.s.b.f.s.DefaultListableBeanFactory - Returning cached instance of singleton bean 'org.springframework.transaction.config.internalTransactionAdvisor'
2020-03-14 21:57:31.418 [main] DEBUG o.s.b.f.s.DefaultListableBeanFactory - Finished creating instance of bean 'scopedTarget.eurekaApplicationInfoManager'
2020-03-14 21:57:31.499 [main] INFO  c.netflix.discovery.DiscoveryClient - Initializing Eureka in region us-east-1
2020-03-14 21:57:31.516 [main] DEBUG o.s.c.e.PropertySourcesPropertyResolver - Could not find key 'eureka.client.experimental.JerseyEurekaHttpClientFactory.useNewBuilder' in any property source
2020-03-14 21:57:31.681 [main] INFO  c.n.d.p.DiscoveryJerseyProvider - Using JSON encoding codec LegacyJacksonJson
2020-03-14 21:57:31.681 [main] INFO  c.n.d.p.DiscoveryJerseyProvider - Using JSON decoding codec LegacyJacksonJson
2020-03-14 21:57:32.378 [PollingServerListUpdater-0] DEBUG o.s.b.f.s.DefaultListableBeanFactory - Returning cached instance of singleton bean 'eurekaClient'
2020-03-14 21:57:32.380 [PollingServerListUpdater-0] DEBUG o.s.b.f.s.DefaultListableBeanFactory - Returning cached instance of singleton bean 'eurekaClient'
2020-03-14 21:57:32.395 [main] INFO  c.n.d.p.DiscoveryJerseyProvider - Using XML encoding codec XStreamXml
2020-03-14 21:57:32.396 [main] INFO  c.n.d.p.DiscoveryJerseyProvider - Using XML decoding codec XStreamXml
2020-03-14 21:57:33.260 [main] INFO  c.n.d.s.r.aws.ConfigClusterResolver - Resolving eureka endpoints via configuration
2020-03-14 21:57:33.263 [main] DEBUG c.n.discovery.endpoint.EndpointUtils - The availability zone for the given region us-east-1 are [defaultZone]
2020-03-14 21:57:33.267 [main] WARN  c.n.d.s.r.aws.ConfigClusterResolver - Invalid eureka server URI: EUREKA_SERVER:http://localhost:50102/eureka/; removing from the server pool
2020-03-14 21:57:33.267 [main] DEBUG c.n.d.s.r.aws.ConfigClusterResolver - Config resolved to [AwsEndpoint{ serviceUrl='http://localhost:50101/eureka/', region='us-east-1', zone='defaultZone'}]
2020-03-14 21:57:34.300 [main] DEBUG c.n.d.s.r.a.ZoneAffinityClusterResolver - Local zone=defaultZone; resolved to: [AwsEndpoint{ serviceUrl='http://localhost:50101/eureka/', region='us-east-1', zone='defaultZone'}]
2020-03-14 21:57:34.326 [main] INFO  c.netflix.discovery.DiscoveryClient - Disable delta property : false
2020-03-14 21:57:34.326 [main] INFO  c.netflix.discovery.DiscoveryClient - Single vip registry refresh property : null
2020-03-14 21:57:34.326 [main] INFO  c.netflix.discovery.DiscoveryClient - Force full registry fetch : false
2020-03-14 21:57:34.326 [main] INFO  c.netflix.discovery.DiscoveryClient - Application is null : false
2020-03-14 21:57:34.326 [main] INFO  c.netflix.discovery.DiscoveryClient - Registered Applications size is zero : true
2020-03-14 21:57:34.326 [main] INFO  c.netflix.discovery.DiscoveryClient - Application version is -1: true
2020-03-14 21:57:34.326 [main] INFO  c.netflix.discovery.DiscoveryClient - Getting all instance registry info from the eureka server
2020-03-14 21:57:34.328 [main] DEBUG c.n.d.s.t.d.SessionedEurekaHttpClient - Ending a session and starting anew
2020-03-14 21:57:34.341 [main] DEBUG c.n.d.s.t.j.AbstractJerseyEurekaHttpClient - Created client for url: http://localhost:50101/eureka/
2020-03-14 21:57:34.429 [main] DEBUG c.n.d.s.MonitoredConnectionManager - Get connection: {}->http://localhost:50101, timeout = 5000
2020-03-14 21:57:34.430 [main] DEBUG c.n.d.shared.NamedConnectionPool - [{}->http://localhost:50101] total kept alive: 0, total issued: 0, total allocated: 0 out of 200
2020-03-14 21:57:34.430 [main] DEBUG c.n.d.shared.NamedConnectionPool - No free connections [{}->http://localhost:50101][null]
2020-03-14 21:57:34.430 [main] DEBUG c.n.d.shared.NamedConnectionPool - Available capacity: 50 out of 50 [{}->http://localhost:50101][null]
2020-03-14 21:57:34.430 [main] DEBUG c.n.d.shared.NamedConnectionPool - Creating new connection [{}->http://localhost:50101]
2020-03-14 21:57:34.459 [main] DEBUG o.a.h.i.c.DefaultClientConnectionOperator - Connecting to localhost:50101
2020-03-14 21:57:35.463 [main] DEBUG o.a.h.i.c.DefaultClientConnectionOperator - Connect to localhost:50101 timed out. Connection will be retried using another IP address
2020-03-14 21:57:35.463 [main] DEBUG o.a.h.i.c.DefaultClientConnectionOperator - Connecting to localhost:50101
2020-03-14 21:57:36.470 [main] DEBUG o.a.h.i.conn.DefaultClientConnection - Connection org.apache.http.impl.conn.DefaultClientConnection@36b4cbb8 closed
2020-03-14 21:57:36.471 [main] DEBUG o.a.h.i.conn.DefaultClientConnection - Connection org.apache.http.impl.conn.DefaultClientConnection@36b4cbb8 shut down
2020-03-14 21:57:36.471 [main] DEBUG c.n.d.s.MonitoredConnectionManager - Released connection is not reusable.
2020-03-14 21:57:36.471 [main] DEBUG c.n.d.shared.NamedConnectionPool - Releasing connection [{}->http://localhost:50101][null]
2020-03-14 21:57:36.471 [main] DEBUG o.a.h.i.conn.DefaultClientConnection - Connection org.apache.http.impl.conn.DefaultClientConnection@36b4cbb8 closed
2020-03-14 21:57:36.471 [main] DEBUG c.n.d.shared.NamedConnectionPool - Notifying no-one, there are no waiting threads
2020-03-14 21:57:36.471 [main] DEBUG c.n.d.s.t.j.AbstractJerseyEurekaHttpClient - Jersey HTTP GET http://localhost:50101/eureka//apps/?; statusCode=N/A
2020-03-14 21:57:36.478 [main] ERROR c.n.d.s.t.d.RedirectingEurekaHttpClient - Request execution error
com.sun.jersey.api.client.ClientHandlerException: java.net.ConnectException: Connection refused: connect
	at com.sun.jersey.client.apache4.ApacheHttpClient4Handler.handle(ApacheHttpClient4Handler.java:187)
	at com.sun.jersey.api.client.filter.GZIPContentEncodingFilter.handle(GZIPContentEncodingFilter.java:123)
	at com.netflix.discovery.EurekaIdentityHeaderFilter.handle(EurekaIdentityHeaderFilter.java:27)
	at com.sun.jersey.api.client.Client.handle(Client.java:652)
	at com.sun.jersey.api.client.WebResource.handle(WebResource.java:682)
	at com.sun.jersey.api.client.WebResource.access$200(WebResource.java:74)
	at com.sun.jersey.api.client.WebResource$Builder.get(WebResource.java:509)
	at com.netflix.discovery.shared.transport.jersey.AbstractJerseyEurekaHttpClient.getApplicationsInternal(AbstractJerseyEurekaHttpClient.java:194)
	at com.netflix.discovery.shared.transport.jersey.AbstractJerseyEurekaHttpClient.getApplications(AbstractJerseyEurekaHttpClient.java:165)
	at com.netflix.discovery.shared.transport.decorator.EurekaHttpClientDecorator$6.execute(EurekaHttpClientDecorator.java:137)
	at com.netflix.discovery.shared.transport.decorator.MetricsCollectingEurekaHttpClient.execute(MetricsCollectingEurekaHttpClient.java:73)
	at com.netflix.discovery.shared.transport.decorator.EurekaHttpClientDecorator.getApplications(EurekaHttpClientDecorator.java:134)
	at com.netflix.discovery.shared.transport.decorator.EurekaHttpClientDecorator$6.execute(EurekaHttpClientDecorator.java:137)
	at com.netflix.discovery.shared.transport.decorator.RedirectingEurekaHttpClient.executeOnNewServer(RedirectingEurekaHttpClient.java:118)
	at com.netflix.discovery.shared.transport.decorator.RedirectingEurekaHttpClient.execute(RedirectingEurekaHttpClient.java:79)
	at com.netflix.discovery.shared.transport.decorator.EurekaHttpClientDecorator.getApplications(EurekaHttpClientDecorator.java:134)
	at com.netflix.discovery.shared.transport.decorator.EurekaHttpClientDecorator$6.execute(EurekaHttpClientDecorator.java:137)
	at com.netflix.discovery.shared.transport.decorator.RetryableEurekaHttpClient.execute(RetryableEurekaHttpClient.java:120)
	at com.netflix.discovery.shared.transport.decorator.EurekaHttpClientDecorator.getApplications(EurekaHttpClientDecorator.java:134)
	at com.netflix.discovery.shared.transport.decorator.EurekaHttpClientDecorator$6.execute(EurekaHttpClientDecorator.java:137)
	at com.netflix.discovery.shared.transport.decorator.SessionedEurekaHttpClient.execute(SessionedEurekaHttpClient.java:77)
	at com.netflix.discovery.shared.transport.decorator.EurekaHttpClientDecorator.getApplications(EurekaHttpClientDecorator.java:134)
	at com.netflix.discovery.DiscoveryClient.getAndStoreFullRegistry(DiscoveryClient.java:1051)
	at com.netflix.discovery.DiscoveryClient.fetchRegistry(DiscoveryClient.java:965)
	at com.netflix.discovery.DiscoveryClient.<init>(DiscoveryClient.java:414)
	at com.netflix.discovery.DiscoveryClient.<init>(DiscoveryClient.java:269)
	at org.springframework.cloud.netflix.eureka.CloudEurekaClient.<init>(CloudEurekaClient.java:63)
	at org.springframework.cloud.netflix.eureka.EurekaClientAutoConfiguration$RefreshableEurekaClientConfiguration.eurekaClient(EurekaClientAutoConfiguration.java:290)
	at org.springframework.cloud.netflix.eureka.EurekaClientAutoConfiguration$RefreshableEurekaClientConfiguration$$EnhancerBySpringCGLIB$$c4cd5055.CGLIB$eurekaClient$2(<generated>)
	at org.springframework.cloud.netflix.eureka.EurekaClientAutoConfiguration$RefreshableEurekaClientConfiguration$$EnhancerBySpringCGLIB$$c4cd5055$$FastClassBySpringCGLIB$$23ff840f.invoke(<generated>)
	at org.springframework.cglib.proxy.MethodProxy.invokeSuper(MethodProxy.java:228)
	at org.springframework.context.annotation.ConfigurationClassEnhancer$BeanMethodInterceptor.intercept(ConfigurationClassEnhancer.java:361)
	at org.springframework.cloud.netflix.eureka.EurekaClientAutoConfiguration$RefreshableEurekaClientConfiguration$$EnhancerBySpringCGLIB$$c4cd5055.eurekaClient(<generated>)
	at sun.reflect.NativeMethodAccessorImpl.invoke0(Native Method)
	at sun.reflect.NativeMethodAccessorImpl.invoke(NativeMethodAccessorImpl.java:62)
	at sun.reflect.DelegatingMethodAccessorImpl.invoke(DelegatingMethodAccessorImpl.java:43)
	at java.lang.reflect.Method.invoke(Method.java:498)
	at org.springframework.beans.factory.support.SimpleInstantiationStrategy.instantiate(SimpleInstantiationStrategy.java:154)
	at org.springframework.beans.factory.support.ConstructorResolver.instantiateUsingFactoryMethod(ConstructorResolver.java:579)
	at org.springframework.beans.factory.support.AbstractAutowireCapableBeanFactory.instantiateUsingFactoryMethod(AbstractAutowireCapableBeanFactory.java:1250)
	at org.springframework.beans.factory.support.AbstractAutowireCapableBeanFactory.createBeanInstance(AbstractAutowireCapableBeanFactory.java:1099)
	at org.springframework.beans.factory.support.AbstractAutowireCapableBeanFactory.doCreateBean(AbstractAutowireCapableBeanFactory.java:541)
	at org.springframework.beans.factory.support.AbstractAutowireCapableBeanFactory.createBean(AbstractAutowireCapableBeanFactory.java:501)
	at org.springframework.beans.factory.support.AbstractBeanFactory.lambda$doGetBean$1(AbstractBeanFactory.java:353)
	at org.springframework.cloud.context.scope.GenericScope$BeanLifecycleWrapper.getBean(GenericScope.java:390)
	at org.springframework.cloud.context.scope.GenericScope.get(GenericScope.java:184)
	at org.springframework.beans.factory.support.AbstractBeanFactory.doGetBean(AbstractBeanFactory.java:350)
	at org.springframework.beans.factory.support.AbstractBeanFactory.getBean(AbstractBeanFactory.java:199)
	at org.springframework.aop.target.SimpleBeanTargetSource.getTarget(SimpleBeanTargetSource.java:35)
	at org.springframework.aop.framework.JdkDynamicAopProxy.invoke(JdkDynamicAopProxy.java:193)
	at com.sun.proxy.$Proxy196.getInstancesByVipAddress(Unknown Source)
	at com.netflix.niws.loadbalancer.DiscoveryEnabledNIWSServerList.obtainServersViaDiscovery(DiscoveryEnabledNIWSServerList.java:167)
	at com.netflix.niws.loadbalancer.DiscoveryEnabledNIWSServerList.getUpdatedListOfServers(DiscoveryEnabledNIWSServerList.java:152)
	at org.springframework.cloud.netflix.ribbon.eureka.DomainExtractingServerList.getUpdatedListOfServers(DomainExtractingServerList.java:57)
	at com.netflix.loadbalancer.DynamicServerListLoadBalancer.updateListOfServers(DynamicServerListLoadBalancer.java:240)
	at com.netflix.loadbalancer.DynamicServerListLoadBalancer.restOfInit(DynamicServerListLoadBalancer.java:144)
	at com.netflix.loadbalancer.DynamicServerListLoadBalancer.<init>(DynamicServerListLoadBalancer.java:95)
	at com.netflix.loadbalancer.ZoneAwareLoadBalancer.<init>(ZoneAwareLoadBalancer.java:82)
	at org.springframework.cloud.netflix.ribbon.RibbonClientConfiguration.ribbonLoadBalancer(RibbonClientConfiguration.java:137)
	at org.springframework.cloud.netflix.ribbon.RibbonClientConfiguration$$EnhancerBySpringCGLIB$$7cfb7877.CGLIB$ribbonLoadBalancer$2(<generated>)
	at org.springframework.cloud.netflix.ribbon.RibbonClientConfiguration$$EnhancerBySpringCGLIB$$7cfb7877$$FastClassBySpringCGLIB$$85a94ee9.invoke(<generated>)
	at org.springframework.cglib.proxy.MethodProxy.invokeSuper(MethodProxy.java:228)
	at org.springframework.context.annotation.ConfigurationClassEnhancer$BeanMethodInterceptor.intercept(ConfigurationClassEnhancer.java:361)
	at org.springframework.cloud.netflix.ribbon.RibbonClientConfiguration$$EnhancerBySpringCGLIB$$7cfb7877.ribbonLoadBalancer(<generated>)
	at sun.reflect.NativeMethodAccessorImpl.invoke0(Native Method)
	at sun.reflect.NativeMethodAccessorImpl.invoke(NativeMethodAccessorImpl.java:62)
	at sun.reflect.DelegatingMethodAccessorImpl.invoke(DelegatingMethodAccessorImpl.java:43)
	at java.lang.reflect.Method.invoke(Method.java:498)
	at org.springframework.beans.factory.support.SimpleInstantiationStrategy.instantiate(SimpleInstantiationStrategy.java:154)
	at org.springframework.beans.factory.support.ConstructorResolver.instantiateUsingFactoryMethod(ConstructorResolver.java:579)
	at org.springframework.beans.factory.support.AbstractAutowireCapableBeanFactory.instantiateUsingFactoryMethod(AbstractAutowireCapableBeanFactory.java:1250)
	at org.springframework.beans.factory.support.AbstractAutowireCapableBeanFactory.createBeanInstance(AbstractAutowireCapableBeanFactory.java:1099)
	at org.springframework.beans.factory.support.AbstractAutowireCapableBeanFactory.doCreateBean(AbstractAutowireCapableBeanFactory.java:541)
	at org.springframework.beans.factory.support.AbstractAutowireCapableBeanFactory.createBean(AbstractAutowireCapableBeanFactory.java:501)
	at org.springframework.beans.factory.support.AbstractBeanFactory.lambda$doGetBean$0(AbstractBeanFactory.java:317)
	at org.springframework.beans.factory.support.DefaultSingletonBeanRegistry.getSingleton(DefaultSingletonBeanRegistry.java:228)
	at org.springframework.beans.factory.support.AbstractBeanFactory.doGetBean(AbstractBeanFactory.java:315)
	at org.springframework.beans.factory.support.AbstractBeanFactory.getBean(AbstractBeanFactory.java:199)
	at org.springframework.beans.factory.config.DependencyDescriptor.resolveCandidate(DependencyDescriptor.java:251)
	at org.springframework.beans.factory.support.DefaultListableBeanFactory.doResolveDependency(DefaultListableBeanFactory.java:1138)
	at org.springframework.beans.factory.support.DefaultListableBeanFactory.resolveDependency(DefaultListableBeanFactory.java:1065)
	at org.springframework.beans.factory.support.ConstructorResolver.resolveAutowiredArgument(ConstructorResolver.java:815)
	at org.springframework.beans.factory.support.ConstructorResolver.createArgumentArray(ConstructorResolver.java:721)
	at org.springframework.beans.factory.support.ConstructorResolver.instantiateUsingFactoryMethod(ConstructorResolver.java:470)
	at org.springframework.beans.factory.support.AbstractAutowireCapableBeanFactory.instantiateUsingFactoryMethod(AbstractAutowireCapableBeanFactory.java:1250)
	at org.springframework.beans.factory.support.AbstractAutowireCapableBeanFactory.createBeanInstance(AbstractAutowireCapableBeanFactory.java:1099)
	at org.springframework.beans.factory.support.AbstractAutowireCapableBeanFactory.doCreateBean(AbstractAutowireCapableBeanFactory.java:541)
	at org.springframework.beans.factory.support.AbstractAutowireCapableBeanFactory.createBean(AbstractAutowireCapableBeanFactory.java:501)
	at org.springframework.beans.factory.support.AbstractBeanFactory.lambda$doGetBean$0(AbstractBeanFactory.java:317)
	at org.springframework.beans.factory.support.DefaultSingletonBeanRegistry.getSingleton(DefaultSingletonBeanRegistry.java:228)
	at org.springframework.beans.factory.support.AbstractBeanFactory.doGetBean(AbstractBeanFactory.java:315)
	at org.springframework.beans.factory.support.AbstractBeanFactory.getBean(AbstractBeanFactory.java:199)
	at org.springframework.beans.factory.support.DefaultListableBeanFactory.preInstantiateSingletons(DefaultListableBeanFactory.java:760)
	at org.springframework.context.support.AbstractApplicationContext.finishBeanFactoryInitialization(AbstractApplicationContext.java:869)
	at org.springframework.context.support.AbstractApplicationContext.refresh(AbstractApplicationContext.java:550)
	at org.springframework.cloud.context.named.NamedContextFactory.createContext(NamedContextFactory.java:117)
	at org.springframework.cloud.context.named.NamedContextFactory.getContext(NamedContextFactory.java:85)
	at org.springframework.cloud.netflix.ribbon.SpringClientFactory.getContext(SpringClientFactory.java:118)
	at org.springframework.cloud.context.named.NamedContextFactory.getInstance(NamedContextFactory.java:126)
	at org.springframework.cloud.netflix.ribbon.SpringClientFactory.getInstance(SpringClientFactory.java:108)
	at org.springframework.cloud.netflix.ribbon.SpringClientFactory.getClientConfig(SpringClientFactory.java:65)
	at org.springframework.cloud.openfeign.ribbon.LoadBalancerFeignClient.getClientConfig(LoadBalancerFeignClient.java:78)
	at org.springframework.cloud.openfeign.ribbon.LoadBalancerFeignClient.execute(LoadBalancerFeignClient.java:62)
	at feign.SynchronousMethodHandler.executeAndDecode(SynchronousMethodHandler.java:97)
	at feign.SynchronousMethodHandler.invoke(SynchronousMethodHandler.java:76)
	at feign.ReflectiveFeign$FeignInvocationHandler.invoke(ReflectiveFeign.java:103)
	at com.sun.proxy.$Proxy182.findById(Unknown Source)
	at com.ningmeng.manage_course.dao.FeignTest.testFeign(FeignTest.java:22)
	at sun.reflect.NativeMethodAccessorImpl.invoke0(Native Method)
	at sun.reflect.NativeMethodAccessorImpl.invoke(NativeMethodAccessorImpl.java:62)
	at sun.reflect.DelegatingMethodAccessorImpl.invoke(DelegatingMethodAccessorImpl.java:43)
	at java.lang.reflect.Method.invoke(Method.java:498)
	at org.junit.runners.model.FrameworkMethod$1.runReflectiveCall(FrameworkMethod.java:50)
	at org.junit.internal.runners.model.ReflectiveCallable.run(ReflectiveCallable.java:12)
	at org.junit.runners.model.FrameworkMethod.invokeExplosively(FrameworkMethod.java:47)
	at org.junit.internal.runners.statements.InvokeMethod.evaluate(InvokeMethod.java:17)
	at org.springframework.test.context.junit4.statements.RunBeforeTestExecutionCallbacks.evaluate(RunBeforeTestExecutionCallbacks.java:73)
	at org.springframework.test.context.junit4.statements.RunAfterTestExecutionCallbacks.evaluate(RunAfterTestExecutionCallbacks.java:83)
	at org.springframework.test.context.junit4.statements.RunBeforeTestMethodCallbacks.evaluate(RunBeforeTestMethodCallbacks.java:75)
	at org.springframework.test.context.junit4.statements.RunAfterTestMethodCallbacks.evaluate(RunAfterTestMethodCallbacks.java:86)
	at org.springframework.test.context.junit4.statements.SpringRepeat.evaluate(SpringRepeat.java:84)
	at org.junit.runners.ParentRunner.runLeaf(ParentRunner.java:325)
	at org.springframework.test.context.junit4.SpringJUnit4ClassRunner.runChild(SpringJUnit4ClassRunner.java:251)
	at org.springframework.test.context.junit4.SpringJUnit4ClassRunner.runChild(SpringJUnit4ClassRunner.java:97)
	at org.junit.runners.ParentRunner$3.run(ParentRunner.java:290)
	at org.junit.runners.ParentRunner$1.schedule(ParentRunner.java:71)
	at org.junit.runners.ParentRunner.runChildren(ParentRunner.java:288)
	at org.junit.runners.ParentRunner.access$000(ParentRunner.java:58)
	at org.junit.runners.ParentRunner$2.evaluate(ParentRunner.java:268)
	at org.springframework.test.context.junit4.statements.RunBeforeTestClassCallbacks.evaluate(RunBeforeTestClassCallbacks.java:61)
	at org.springframework.test.context.junit4.statements.RunAfterTestClassCallbacks.evaluate(RunAfterTestClassCallbacks.java:70)
	at org.junit.runners.ParentRunner.run(ParentRunner.java:363)
	at org.springframework.test.context.junit4.SpringJUnit4ClassRunner.run(SpringJUnit4ClassRunner.java:190)
	at org.apache.maven.surefire.junit4.JUnit4Provider.execute(JUnit4Provider.java:365)
	at org.apache.maven.surefire.junit4.JUnit4Provider.executeWithRerun(JUnit4Provider.java:273)
	at org.apache.maven.surefire.junit4.JUnit4Provider.executeTestSet(JUnit4Provider.java:238)
	at org.apache.maven.surefire.junit4.JUnit4Provider.invoke(JUnit4Provider.java:159)
	at org.apache.maven.surefire.booter.ForkedBooter.invokeProviderInSameClassLoader(ForkedBooter.java:379)
	at org.apache.maven.surefire.booter.ForkedBooter.runSuitesInProcess(ForkedBooter.java:340)
	at org.apache.maven.surefire.booter.ForkedBooter.execute(ForkedBooter.java:125)
	at org.apache.maven.surefire.booter.ForkedBooter.main(ForkedBooter.java:413)
Caused by: java.net.ConnectException: Connection refused: connect
	at java.net.DualStackPlainSocketImpl.waitForConnect(Native Method)
	at java.net.DualStackPlainSocketImpl.socketConnect(DualStackPlainSocketImpl.java:85)
	at java.net.AbstractPlainSocketImpl.doConnect(AbstractPlainSocketImpl.java:350)
	at java.net.AbstractPlainSocketImpl.connectToAddress(AbstractPlainSocketImpl.java:206)
	at java.net.AbstractPlainSocketImpl.connect(AbstractPlainSocketImpl.java:188)
	at java.net.PlainSocketImpl.connect(PlainSocketImpl.java:172)
	at java.net.SocksSocketImpl.connect(SocksSocketImpl.java:392)
	at java.net.Socket.connect(Socket.java:589)
	at org.apache.http.conn.scheme.PlainSocketFactory.connectSocket(PlainSocketFactory.java:121)
	at org.apache.http.impl.conn.DefaultClientConnectionOperator.openConnection(DefaultClientConnectionOperator.java:180)
	at org.apache.http.impl.conn.AbstractPoolEntry.open(AbstractPoolEntry.java:144)
	at org.apache.http.impl.conn.AbstractPooledConnAdapter.open(AbstractPooledConnAdapter.java:134)
	at org.apache.http.impl.client.DefaultRequestDirector.tryConnect(DefaultRequestDirector.java:610)
	at org.apache.http.impl.client.DefaultRequestDirector.execute(DefaultRequestDirector.java:445)
	at org.apache.http.impl.client.AbstractHttpClient.doExecute(AbstractHttpClient.java:835)
	at org.apache.http.impl.client.CloseableHttpClient.execute(CloseableHttpClient.java:118)
	at org.apache.http.impl.client.CloseableHttpClient.execute(CloseableHttpClient.java:56)
	at com.sun.jersey.client.apache4.ApacheHttpClient4Handler.handle(ApacheHttpClient4Handler.java:173)
	... 140 common frames omitted
2020-03-14 21:57:36.480 [main] WARN  c.n.d.s.t.d.RetryableEurekaHttpClient - Request execution failed with message: java.net.ConnectException: Connection refused: connect
2020-03-14 21:57:36.481 [main] ERROR c.netflix.discovery.DiscoveryClient - DiscoveryClient_NM-SERVICE-MANAGE-COURSE/nm-service-manage-course:-1 - was unable to refresh its cache! status = Cannot execute request on any known server
com.netflix.discovery.shared.transport.TransportException: Cannot execute request on any known server
	at com.netflix.discovery.shared.transport.decorator.RetryableEurekaHttpClient.execute(RetryableEurekaHttpClient.java:112)
	at com.netflix.discovery.shared.transport.decorator.EurekaHttpClientDecorator.getApplications(EurekaHttpClientDecorator.java:134)
	at com.netflix.discovery.shared.transport.decorator.EurekaHttpClientDecorator$6.execute(EurekaHttpClientDecorator.java:137)
	at com.netflix.discovery.shared.transport.decorator.SessionedEurekaHttpClient.execute(SessionedEurekaHttpClient.java:77)
	at com.netflix.discovery.shared.transport.decorator.EurekaHttpClientDecorator.getApplications(EurekaHttpClientDecorator.java:134)
	at com.netflix.discovery.DiscoveryClient.getAndStoreFullRegistry(DiscoveryClient.java:1051)
	at com.netflix.discovery.DiscoveryClient.fetchRegistry(DiscoveryClient.java:965)
	at com.netflix.discovery.DiscoveryClient.<init>(DiscoveryClient.java:414)
	at com.netflix.discovery.DiscoveryClient.<init>(DiscoveryClient.java:269)
	at org.springframework.cloud.netflix.eureka.CloudEurekaClient.<init>(CloudEurekaClient.java:63)
	at org.springframework.cloud.netflix.eureka.EurekaClientAutoConfiguration$RefreshableEurekaClientConfiguration.eurekaClient(EurekaClientAutoConfiguration.java:290)
	at org.springframework.cloud.netflix.eureka.EurekaClientAutoConfiguration$RefreshableEurekaClientConfiguration$$EnhancerBySpringCGLIB$$c4cd5055.CGLIB$eurekaClient$2(<generated>)
	at org.springframework.cloud.netflix.eureka.EurekaClientAutoConfiguration$RefreshableEurekaClientConfiguration$$EnhancerBySpringCGLIB$$c4cd5055$$FastClassBySpringCGLIB$$23ff840f.invoke(<generated>)
	at org.springframework.cglib.proxy.MethodProxy.invokeSuper(MethodProxy.java:228)
	at org.springframework.context.annotation.ConfigurationClassEnhancer$BeanMethodInterceptor.intercept(ConfigurationClassEnhancer.java:361)
	at org.springframework.cloud.netflix.eureka.EurekaClientAutoConfiguration$RefreshableEurekaClientConfiguration$$EnhancerBySpringCGLIB$$c4cd5055.eurekaClient(<generated>)
	at sun.reflect.NativeMethodAccessorImpl.invoke0(Native Method)
	at sun.reflect.NativeMethodAccessorImpl.invoke(NativeMethodAccessorImpl.java:62)
	at sun.reflect.DelegatingMethodAccessorImpl.invoke(DelegatingMethodAccessorImpl.java:43)
	at java.lang.reflect.Method.invoke(Method.java:498)
	at org.springframework.beans.factory.support.SimpleInstantiationStrategy.instantiate(SimpleInstantiationStrategy.java:154)
	at org.springframework.beans.factory.support.ConstructorResolver.instantiateUsingFactoryMethod(ConstructorResolver.java:579)
	at org.springframework.beans.factory.support.AbstractAutowireCapableBeanFactory.instantiateUsingFactoryMethod(AbstractAutowireCapableBeanFactory.java:1250)
	at org.springframework.beans.factory.support.AbstractAutowireCapableBeanFactory.createBeanInstance(AbstractAutowireCapableBeanFactory.java:1099)
	at org.springframework.beans.factory.support.AbstractAutowireCapableBeanFactory.doCreateBean(AbstractAutowireCapableBeanFactory.java:541)
	at org.springframework.beans.factory.support.AbstractAutowireCapableBeanFactory.createBean(AbstractAutowireCapableBeanFactory.java:501)
	at org.springframework.beans.factory.support.AbstractBeanFactory.lambda$doGetBean$1(AbstractBeanFactory.java:353)
	at org.springframework.cloud.context.scope.GenericScope$BeanLifecycleWrapper.getBean(GenericScope.java:390)
	at org.springframework.cloud.context.scope.GenericScope.get(GenericScope.java:184)
	at org.springframework.beans.factory.support.AbstractBeanFactory.doGetBean(AbstractBeanFactory.java:350)
	at org.springframework.beans.factory.support.AbstractBeanFactory.getBean(AbstractBeanFactory.java:199)
	at org.springframework.aop.target.SimpleBeanTargetSource.getTarget(SimpleBeanTargetSource.java:35)
	at org.springframework.aop.framework.JdkDynamicAopProxy.invoke(JdkDynamicAopProxy.java:193)
	at com.sun.proxy.$Proxy196.getInstancesByVipAddress(Unknown Source)
	at com.netflix.niws.loadbalancer.DiscoveryEnabledNIWSServerList.obtainServersViaDiscovery(DiscoveryEnabledNIWSServerList.java:167)
	at com.netflix.niws.loadbalancer.DiscoveryEnabledNIWSServerList.getUpdatedListOfServers(DiscoveryEnabledNIWSServerList.java:152)
	at org.springframework.cloud.netflix.ribbon.eureka.DomainExtractingServerList.getUpdatedListOfServers(DomainExtractingServerList.java:57)
	at com.netflix.loadbalancer.DynamicServerListLoadBalancer.updateListOfServers(DynamicServerListLoadBalancer.java:240)
	at com.netflix.loadbalancer.DynamicServerListLoadBalancer.restOfInit(DynamicServerListLoadBalancer.java:144)
	at com.netflix.loadbalancer.DynamicServerListLoadBalancer.<init>(DynamicServerListLoadBalancer.java:95)
	at com.netflix.loadbalancer.ZoneAwareLoadBalancer.<init>(ZoneAwareLoadBalancer.java:82)
	at org.springframework.cloud.netflix.ribbon.RibbonClientConfiguration.ribbonLoadBalancer(RibbonClientConfiguration.java:137)
	at org.springframework.cloud.netflix.ribbon.RibbonClientConfiguration$$EnhancerBySpringCGLIB$$7cfb7877.CGLIB$ribbonLoadBalancer$2(<generated>)
	at org.springframework.cloud.netflix.ribbon.RibbonClientConfiguration$$EnhancerBySpringCGLIB$$7cfb7877$$FastClassBySpringCGLIB$$85a94ee9.invoke(<generated>)
	at org.springframework.cglib.proxy.MethodProxy.invokeSuper(MethodProxy.java:228)
	at org.springframework.context.annotation.ConfigurationClassEnhancer$BeanMethodInterceptor.intercept(ConfigurationClassEnhancer.java:361)
	at org.springframework.cloud.netflix.ribbon.RibbonClientConfiguration$$EnhancerBySpringCGLIB$$7cfb7877.ribbonLoadBalancer(<generated>)
	at sun.reflect.NativeMethodAccessorImpl.invoke0(Native Method)
	at sun.reflect.NativeMethodAccessorImpl.invoke(NativeMethodAccessorImpl.java:62)
	at sun.reflect.DelegatingMethodAccessorImpl.invoke(DelegatingMethodAccessorImpl.java:43)
	at java.lang.reflect.Method.invoke(Method.java:498)
	at org.springframework.beans.factory.support.SimpleInstantiationStrategy.instantiate(SimpleInstantiationStrategy.java:154)
	at org.springframework.beans.factory.support.ConstructorResolver.instantiateUsingFactoryMethod(ConstructorResolver.java:579)
	at org.springframework.beans.factory.support.AbstractAutowireCapableBeanFactory.instantiateUsingFactoryMethod(AbstractAutowireCapableBeanFactory.java:1250)
	at org.springframework.beans.factory.support.AbstractAutowireCapableBeanFactory.createBeanInstance(AbstractAutowireCapableBeanFactory.java:1099)
	at org.springframework.beans.factory.support.AbstractAutowireCapableBeanFactory.doCreateBean(AbstractAutowireCapableBeanFactory.java:541)
	at org.springframework.beans.factory.support.AbstractAutowireCapableBeanFactory.createBean(AbstractAutowireCapableBeanFactory.java:501)
	at org.springframework.beans.factory.support.AbstractBeanFactory.lambda$doGetBean$0(AbstractBeanFactory.java:317)
	at org.springframework.beans.factory.support.DefaultSingletonBeanRegistry.getSingleton(DefaultSingletonBeanRegistry.java:228)
	at org.springframework.beans.factory.support.AbstractBeanFactory.doGetBean(AbstractBeanFactory.java:315)
	at org.springframework.beans.factory.support.AbstractBeanFactory.getBean(AbstractBeanFactory.java:199)
	at org.springframework.beans.factory.config.DependencyDescriptor.resolveCandidate(DependencyDescriptor.java:251)
	at org.springframework.beans.factory.support.DefaultListableBeanFactory.doResolveDependency(DefaultListableBeanFactory.java:1138)
	at org.springframework.beans.factory.support.DefaultListableBeanFactory.resolveDependency(DefaultListableBeanFactory.java:1065)
	at org.springframework.beans.factory.support.ConstructorResolver.resolveAutowiredArgument(ConstructorResolver.java:815)
	at org.springframework.beans.factory.support.ConstructorResolver.createArgumentArray(ConstructorResolver.java:721)
	at org.springframework.beans.factory.support.ConstructorResolver.instantiateUsingFactoryMethod(ConstructorResolver.java:470)
	at org.springframework.beans.factory.support.AbstractAutowireCapableBeanFactory.instantiateUsingFactoryMethod(AbstractAutowireCapableBeanFactory.java:1250)
	at org.springframework.beans.factory.support.AbstractAutowireCapableBeanFactory.createBeanInstance(AbstractAutowireCapableBeanFactory.java:1099)
	at org.springframework.beans.factory.support.AbstractAutowireCapableBeanFactory.doCreateBean(AbstractAutowireCapableBeanFactory.java:541)
	at org.springframework.beans.factory.support.AbstractAutowireCapableBeanFactory.createBean(AbstractAutowireCapableBeanFactory.java:501)
	at org.springframework.beans.factory.support.AbstractBeanFactory.lambda$doGetBean$0(AbstractBeanFactory.java:317)
	at org.springframework.beans.factory.support.DefaultSingletonBeanRegistry.getSingleton(DefaultSingletonBeanRegistry.java:228)
	at org.springframework.beans.factory.support.AbstractBeanFactory.doGetBean(AbstractBeanFactory.java:315)
	at org.springframework.beans.factory.support.AbstractBeanFactory.getBean(AbstractBeanFactory.java:199)
	at org.springframework.beans.factory.support.DefaultListableBeanFactory.preInstantiateSingletons(DefaultListableBeanFactory.java:760)
	at org.springframework.context.support.AbstractApplicationContext.finishBeanFactoryInitialization(AbstractApplicationContext.java:869)
	at org.springframework.context.support.AbstractApplicationContext.refresh(AbstractApplicationContext.java:550)
	at org.springframework.cloud.context.named.NamedContextFactory.createContext(NamedContextFactory.java:117)
	at org.springframework.cloud.context.named.NamedContextFactory.getContext(NamedContextFactory.java:85)
	at org.springframework.cloud.netflix.ribbon.SpringClientFactory.getContext(SpringClientFactory.java:118)
	at org.springframework.cloud.context.named.NamedContextFactory.getInstance(NamedContextFactory.java:126)
	at org.springframework.cloud.netflix.ribbon.SpringClientFactory.getInstance(SpringClientFactory.java:108)
	at org.springframework.cloud.netflix.ribbon.SpringClientFactory.getClientConfig(SpringClientFactory.java:65)
	at org.springframework.cloud.openfeign.ribbon.LoadBalancerFeignClient.getClientConfig(LoadBalancerFeignClient.java:78)
	at org.springframework.cloud.openfeign.ribbon.LoadBalancerFeignClient.execute(LoadBalancerFeignClient.java:62)
	at feign.SynchronousMethodHandler.executeAndDecode(SynchronousMethodHandler.java:97)
	at feign.SynchronousMethodHandler.invoke(SynchronousMethodHandler.java:76)
	at feign.ReflectiveFeign$FeignInvocationHandler.invoke(ReflectiveFeign.java:103)
	at com.sun.proxy.$Proxy182.findById(Unknown Source)
	at com.ningmeng.manage_course.dao.FeignTest.testFeign(FeignTest.java:22)
	at sun.reflect.NativeMethodAccessorImpl.invoke0(Native Method)
	at sun.reflect.NativeMethodAccessorImpl.invoke(NativeMethodAccessorImpl.java:62)
	at sun.reflect.DelegatingMethodAccessorImpl.invoke(DelegatingMethodAccessorImpl.java:43)
	at java.lang.reflect.Method.invoke(Method.java:498)
	at org.junit.runners.model.FrameworkMethod$1.runReflectiveCall(FrameworkMethod.java:50)
	at org.junit.internal.runners.model.ReflectiveCallable.run(ReflectiveCallable.java:12)
	at org.junit.runners.model.FrameworkMethod.invokeExplosively(FrameworkMethod.java:47)
	at org.junit.internal.runners.statements.InvokeMethod.evaluate(InvokeMethod.java:17)
	at org.springframework.test.context.junit4.statements.RunBeforeTestExecutionCallbacks.evaluate(RunBeforeTestExecutionCallbacks.java:73)
	at org.springframework.test.context.junit4.statements.RunAfterTestExecutionCallbacks.evaluate(RunAfterTestExecutionCallbacks.java:83)
	at org.springframework.test.context.junit4.statements.RunBeforeTestMethodCallbacks.evaluate(RunBeforeTestMethodCallbacks.java:75)
	at org.springframework.test.context.junit4.statements.RunAfterTestMethodCallbacks.evaluate(RunAfterTestMethodCallbacks.java:86)
	at org.springframework.test.context.junit4.statements.SpringRepeat.evaluate(SpringRepeat.java:84)
	at org.junit.runners.ParentRunner.runLeaf(ParentRunner.java:325)
	at org.springframework.test.context.junit4.SpringJUnit4ClassRunner.runChild(SpringJUnit4ClassRunner.java:251)
	at org.springframework.test.context.junit4.SpringJUnit4ClassRunner.runChild(SpringJUnit4ClassRunner.java:97)
	at org.junit.runners.ParentRunner$3.run(ParentRunner.java:290)
	at org.junit.runners.ParentRunner$1.schedule(ParentRunner.java:71)
	at org.junit.runners.ParentRunner.runChildren(ParentRunner.java:288)
	at org.junit.runners.ParentRunner.access$000(ParentRunner.java:58)
	at org.junit.runners.ParentRunner$2.evaluate(ParentRunner.java:268)
	at org.springframework.test.context.junit4.statements.RunBeforeTestClassCallbacks.evaluate(RunBeforeTestClassCallbacks.java:61)
	at org.springframework.test.context.junit4.statements.RunAfterTestClassCallbacks.evaluate(RunAfterTestClassCallbacks.java:70)
	at org.junit.runners.ParentRunner.run(ParentRunner.java:363)
	at org.springframework.test.context.junit4.SpringJUnit4ClassRunner.run(SpringJUnit4ClassRunner.java:190)
	at org.apache.maven.surefire.junit4.JUnit4Provider.execute(JUnit4Provider.java:365)
	at org.apache.maven.surefire.junit4.JUnit4Provider.executeWithRerun(JUnit4Provider.java:273)
	at org.apache.maven.surefire.junit4.JUnit4Provider.executeTestSet(JUnit4Provider.java:238)
	at org.apache.maven.surefire.junit4.JUnit4Provider.invoke(JUnit4Provider.java:159)
	at org.apache.maven.surefire.booter.ForkedBooter.invokeProviderInSameClassLoader(ForkedBooter.java:379)
	at org.apache.maven.surefire.booter.ForkedBooter.runSuitesInProcess(ForkedBooter.java:340)
	at org.apache.maven.surefire.booter.ForkedBooter.execute(ForkedBooter.java:125)
	at org.apache.maven.surefire.booter.ForkedBooter.main(ForkedBooter.java:413)
2020-03-14 21:57:36.482 [main] WARN  c.netflix.discovery.DiscoveryClient - Using default backup registry implementation which does not do anything.
2020-03-14 21:57:36.484 [main] INFO  c.netflix.discovery.DiscoveryClient - Starting heartbeat executor: renew interval is: 30
2020-03-14 21:57:36.492 [main] INFO  c.n.discovery.InstanceInfoReplicator - InstanceInfoReplicator onDemand update allowed rate per min is 4
2020-03-14 21:57:36.498 [main] INFO  c.netflix.discovery.DiscoveryClient - Discovery Client initialized at timestamp 1584194256496 with initial instances count: 0
2020-03-14 21:57:36.498 [main] DEBUG o.s.c.a.CommonAnnotationBeanPostProcessor - Found destroy method on class [org.springframework.cloud.netflix.eureka.CloudEurekaClient]: public synchronized void com.netflix.discovery.DiscoveryClient.shutdown()
2020-03-14 21:57:36.498 [main] DEBUG o.s.c.a.CommonAnnotationBeanPostProcessor - Registered destroy method on class [org.springframework.cloud.netflix.eureka.CloudEurekaClient]: org.springframework.beans.factory.annotation.InitDestroyAnnotationBeanPostProcessor$LifecycleElement@f5e80656
2020-03-14 21:57:36.504 [main] DEBUG o.s.b.f.s.DefaultListableBeanFactory - Returning cached instance of singleton bean 'metaDataSourceAdvisor'
2020-03-14 21:57:36.504 [main] DEBUG o.s.b.f.s.DefaultListableBeanFactory - Returning cached instance of singleton bean 'org.springframework.transaction.config.internalTransactionAdvisor'
2020-03-14 21:57:36.504 [main] DEBUG o.s.b.f.s.DefaultListableBeanFactory - Returning cached instance of singleton bean 'metaDataSourceAdvisor'
2020-03-14 21:57:36.504 [main] DEBUG o.s.b.f.s.DefaultListableBeanFactory - Returning cached instance of singleton bean 'org.springframework.transaction.config.internalTransactionAdvisor'
2020-03-14 21:57:36.509 [main] DEBUG o.s.b.f.s.DefaultListableBeanFactory - Finished creating instance of bean 'scopedTarget.eurekaClient'
2020-03-14 21:57:36.511 [main] DEBUG c.n.l.DynamicServerListLoadBalancer - List of Servers for nm-service-manage-cms obtained from Discovery client: []
2020-03-14 21:57:36.511 [PollingServerListUpdater-0] DEBUG c.n.l.DynamicServerListLoadBalancer - List of Servers for nm-service-manage-cms obtained from Discovery client: []
2020-03-14 21:57:36.511 [main] DEBUG c.n.l.DynamicServerListLoadBalancer - Filtered List of Servers for nm-service-manage-cms obtained from Discovery client: []
2020-03-14 21:57:36.511 [PollingServerListUpdater-0] DEBUG c.n.l.DynamicServerListLoadBalancer - Filtered List of Servers for nm-service-manage-cms obtained from Discovery client: []
2020-03-14 21:57:36.511 [main] DEBUG c.n.loadbalancer.BaseLoadBalancer - LoadBalancer [nm-service-manage-cms]: clearing server list (SET op)
2020-03-14 21:57:36.512 [main] DEBUG c.n.l.DynamicServerListLoadBalancer - Setting server list for zones: {}
2020-03-14 21:57:36.512 [main] DEBUG c.n.loadbalancer.BaseLoadBalancer - LoadBalancer [nm-service-manage-cms]:  forceQuickPing invoking
2020-03-14 21:57:36.512 [main] DEBUG c.n.loadbalancer.BaseLoadBalancer - LoadBalancer:  PingTask executing [0] servers configured
2020-03-14 21:57:36.512 [main] INFO  c.n.l.DynamicServerListLoadBalancer - DynamicServerListLoadBalancer for client nm-service-manage-cms initialized: DynamicServerListLoadBalancer:{NFLoadBalancer:name=nm-service-manage-cms,current list of Servers=[],Load balancer stats=Zone stats: {},Server stats: []}ServerList:org.springframework.cloud.netflix.ribbon.eureka.DomainExtractingServerList@586a9fe1
2020-03-14 21:57:36.513 [main] DEBUG o.s.b.f.s.DefaultListableBeanFactory - Eagerly caching bean 'ribbonLoadBalancer' to allow for resolving potential circular references
2020-03-14 21:57:36.530 [main] DEBUG o.s.b.f.s.DefaultListableBeanFactory - Finished creating instance of bean 'ribbonLoadBalancer'
2020-03-14 21:57:36.536 [main] DEBUG o.s.b.f.s.DefaultListableBeanFactory - Creating shared instance of singleton bean 'retryHandler'
2020-03-14 21:57:36.537 [main] DEBUG o.s.b.f.s.DefaultListableBeanFactory - Creating instance of bean 'retryHandler'
2020-03-14 21:57:36.537 [main] DEBUG o.s.b.f.s.DefaultListableBeanFactory - Returning cached instance of singleton bean 'ribbonClientConfiguration'
2020-03-14 21:57:36.537 [main] DEBUG o.s.b.f.s.DefaultListableBeanFactory - Returning cached instance of singleton bean 'ribbonClientConfig'
2020-03-14 21:57:36.537 [main] DEBUG o.s.b.f.s.DefaultListableBeanFactory - Autowiring by type from bean name 'retryHandler' via factory method to bean named 'ribbonClientConfig'
2020-03-14 21:57:36.541 [main] DEBUG o.s.c.e.PropertySourcesPropertyResolver - Found key 'ribbon.MaxAutoRetries' in PropertySource 'applicationConfig: [classpath:/application.yml]' with value of type Integer
2020-03-14 21:57:36.541 [main] DEBUG o.s.c.e.PropertySourcesPropertyResolver - Found key 'ribbon.MaxAutoRetriesNextServer' in PropertySource 'applicationConfig: [classpath:/application.yml]' with value of type Integer
2020-03-14 21:57:36.541 [main] DEBUG o.s.c.e.PropertySourcesPropertyResolver - Found key 'ribbon.OkToRetryOnAllOperations' in PropertySource 'applicationConfig: [classpath:/application.yml]' with value of type Boolean
2020-03-14 21:57:36.542 [main] DEBUG o.s.b.f.s.DefaultListableBeanFactory - Eagerly caching bean 'retryHandler' to allow for resolving potential circular references
2020-03-14 21:57:36.546 [main] DEBUG o.s.b.f.s.DefaultListableBeanFactory - Finished creating instance of bean 'retryHandler'
2020-03-14 21:57:36.550 [main] DEBUG o.s.b.f.s.DefaultListableBeanFactory - Returning cached instance of singleton bean 'httpClient'
2020-03-14 21:57:36.552 [main] DEBUG o.s.b.f.s.DefaultListableBeanFactory - Autowiring by type from bean name 'ribbonLoadBalancingHttpClient' via factory method to bean named 'ribbonClientConfig'
2020-03-14 21:57:36.553 [main] DEBUG o.s.b.f.s.DefaultListableBeanFactory - Autowiring by type from bean name 'ribbonLoadBalancingHttpClient' via factory method to bean named 'serverIntrospector'
2020-03-14 21:57:36.553 [main] DEBUG o.s.b.f.s.DefaultListableBeanFactory - Autowiring by type from bean name 'ribbonLoadBalancingHttpClient' via factory method to bean named 'ribbonLoadBalancer'
2020-03-14 21:57:36.553 [main] DEBUG o.s.b.f.s.DefaultListableBeanFactory - Autowiring by type from bean name 'ribbonLoadBalancingHttpClient' via factory method to bean named 'retryHandler'
2020-03-14 21:57:36.553 [main] DEBUG o.s.b.f.s.DefaultListableBeanFactory - Autowiring by type from bean name 'ribbonLoadBalancingHttpClient' via factory method to bean named 'httpClient'
2020-03-14 21:57:36.566 [main] DEBUG o.s.c.e.PropertySourcesPropertyResolver - Found key 'ribbon.ReadTimeout' in PropertySource 'applicationConfig: [classpath:/application.yml]' with value of type Integer
2020-03-14 21:57:36.569 [main] DEBUG o.s.b.f.s.DefaultListableBeanFactory - Eagerly caching bean 'ribbonLoadBalancingHttpClient' to allow for resolving potential circular references
2020-03-14 21:57:36.592 [main] DEBUG o.s.b.f.s.DefaultListableBeanFactory - Finished creating instance of bean 'ribbonLoadBalancingHttpClient'
2020-03-14 21:57:36.594 [main] DEBUG o.s.b.f.s.DefaultListableBeanFactory - Returning cached instance of singleton bean 'ribbonClientConfig'
2020-03-14 21:57:36.595 [main] DEBUG o.s.b.f.s.DefaultListableBeanFactory - Returning cached instance of singleton bean 'ribbonRule'
2020-03-14 21:57:36.595 [main] DEBUG o.s.b.f.s.DefaultListableBeanFactory - Returning cached instance of singleton bean 'ribbonServerListUpdater'
2020-03-14 21:57:36.595 [main] DEBUG o.s.b.f.s.DefaultListableBeanFactory - Returning cached instance of singleton bean 'ribbonLoadBalancer'
2020-03-14 21:57:36.595 [main] DEBUG o.s.b.f.s.DefaultListableBeanFactory - Returning cached instance of singleton bean 'ribbonServerListFilter'
2020-03-14 21:57:36.595 [main] DEBUG o.s.b.f.s.DefaultListableBeanFactory - Creating shared instance of singleton bean 'ribbonLoadBalancerContext'
2020-03-14 21:57:36.595 [main] DEBUG o.s.b.f.s.DefaultListableBeanFactory - Creating instance of bean 'ribbonLoadBalancerContext'
2020-03-14 21:57:36.596 [main] DEBUG o.s.b.f.s.DefaultListableBeanFactory - Returning cached instance of singleton bean 'ribbonClientConfiguration'
2020-03-14 21:57:36.598 [main] DEBUG o.s.b.f.s.DefaultListableBeanFactory - Returning cached instance of singleton bean 'ribbonLoadBalancer'
2020-03-14 21:57:36.600 [main] DEBUG o.s.b.f.s.DefaultListableBeanFactory - Returning cached instance of singleton bean 'ribbonClientConfig'
2020-03-14 21:57:36.600 [main] DEBUG o.s.b.f.s.DefaultListableBeanFactory - Returning cached instance of singleton bean 'retryHandler'
2020-03-14 21:57:36.600 [main] DEBUG o.s.b.f.s.DefaultListableBeanFactory - Autowiring by type from bean name 'ribbonLoadBalancerContext' via factory method to bean named 'ribbonLoadBalancer'
2020-03-14 21:57:36.600 [main] DEBUG o.s.b.f.s.DefaultListableBeanFactory - Autowiring by type from bean name 'ribbonLoadBalancerContext' via factory method to bean named 'ribbonClientConfig'
2020-03-14 21:57:36.600 [main] DEBUG o.s.b.f.s.DefaultListableBeanFactory - Autowiring by type from bean name 'ribbonLoadBalancerContext' via factory method to bean named 'retryHandler'
2020-03-14 21:57:36.602 [main] DEBUG o.s.b.f.s.DefaultListableBeanFactory - Eagerly caching bean 'ribbonLoadBalancerContext' to allow for resolving potential circular references
2020-03-14 21:57:36.608 [main] DEBUG o.s.b.f.s.DefaultListableBeanFactory - Finished creating instance of bean 'ribbonLoadBalancerContext'
2020-03-14 21:57:36.608 [main] DEBUG o.s.b.f.s.DefaultListableBeanFactory - Returning cached instance of singleton bean 'retryHandler'
2020-03-14 21:57:36.608 [main] DEBUG o.s.b.f.s.DefaultListableBeanFactory - Returning cached instance of singleton bean 'org.springframework.boot.context.properties.ConfigurationPropertiesBindingPostProcessor'
2020-03-14 21:57:36.608 [main] DEBUG o.s.b.f.s.DefaultListableBeanFactory - Returning cached instance of singleton bean 'org.springframework.boot.context.properties.ConfigurationBeanFactoryMetadata'
2020-03-14 21:57:36.608 [main] DEBUG o.s.b.f.s.DefaultListableBeanFactory - Returning cached instance of singleton bean 'org.springframework.context.event.internalEventListenerFactory'
2020-03-14 21:57:36.613 [main] DEBUG o.s.c.a.AnnotationConfigApplicationContext - Unable to locate LifecycleProcessor with name 'lifecycleProcessor': using default [org.springframework.context.support.DefaultLifecycleProcessor@65c97eeb]
2020-03-14 21:57:36.613 [main] DEBUG o.s.b.f.s.DefaultListableBeanFactory - Returning cached instance of singleton bean 'lifecycleProcessor'
2020-03-14 21:57:36.615 [main] DEBUG o.s.b.f.s.DefaultListableBeanFactory - Returning cached instance of singleton bean 'org.springframework.boot.autoconfigure.internalCachingMetadataReaderFactory'
2020-03-14 21:57:36.615 [main] DEBUG o.s.b.f.s.DefaultListableBeanFactory - Returning cached instance of singleton bean 'modelBuilderPluginRegistry'
2020-03-14 21:57:36.615 [main] DEBUG o.s.b.f.s.DefaultListableBeanFactory - Returning cached instance of singleton bean 'modelPropertyBuilderPluginRegistry'
2020-03-14 21:57:36.615 [main] DEBUG o.s.b.f.s.DefaultListableBeanFactory - Returning cached instance of singleton bean 'typeNameProviderPluginRegistry'
2020-03-14 21:57:36.615 [main] DEBUG o.s.b.f.s.DefaultListableBeanFactory - Returning cached instance of singleton bean 'documentationPluginRegistry'
2020-03-14 21:57:36.615 [main] DEBUG o.s.b.f.s.DefaultListableBeanFactory - Returning cached instance of singleton bean 'apiListingBuilderPluginRegistry'
2020-03-14 21:57:36.615 [main] DEBUG o.s.b.f.s.DefaultListableBeanFactory - Returning cached instance of singleton bean 'operationBuilderPluginRegistry'
2020-03-14 21:57:36.615 [main] DEBUG o.s.b.f.s.DefaultListableBeanFactory - Returning cached instance of singleton bean 'parameterBuilderPluginRegistry'
2020-03-14 21:57:36.615 [main] DEBUG o.s.b.f.s.DefaultListableBeanFactory - Returning cached instance of singleton bean 'expandedParameterBuilderPluginRegistry'
2020-03-14 21:57:36.615 [main] DEBUG o.s.b.f.s.DefaultListableBeanFactory - Returning cached instance of singleton bean 'resourceGroupingStrategyRegistry'
2020-03-14 21:57:36.615 [main] DEBUG o.s.b.f.s.DefaultListableBeanFactory - Returning cached instance of singleton bean 'operationModelsProviderPluginRegistry'
2020-03-14 21:57:36.615 [main] DEBUG o.s.b.f.s.DefaultListableBeanFactory - Returning cached instance of singleton bean 'defaultsProviderPluginRegistry'
2020-03-14 21:57:36.615 [main] DEBUG o.s.b.f.s.DefaultListableBeanFactory - Returning cached instance of singleton bean 'pathDecoratorRegistry'
2020-03-14 21:57:36.615 [main] DEBUG o.s.b.f.s.DefaultListableBeanFactory - Returning cached instance of singleton bean 'apiListingScannerPluginRegistry'
2020-03-14 21:57:36.615 [main] DEBUG o.s.b.f.s.DefaultListableBeanFactory - Returning cached instance of singleton bean 'mvcResourceUrlProvider'
2020-03-14 21:57:36.615 [main] DEBUG o.s.b.f.s.DefaultListableBeanFactory - Returning cached instance of singleton bean 'delegatingApplicationListener'
2020-03-14 21:57:36.616 [main] DEBUG o.s.b.f.s.DefaultListableBeanFactory - Returning cached instance of singleton bean 'delegatingApplicationListener'
2020-03-14 21:57:36.616 [main] DEBUG o.s.b.f.s.DefaultListableBeanFactory - Returning cached instance of singleton bean 'refreshScope'
2020-03-14 21:57:36.616 [main] DEBUG o.s.b.f.s.DefaultListableBeanFactory - Returning cached instance of singleton bean 'org.springframework.boot.autoconfigure.internalCachingMetadataReaderFactory'
2020-03-14 21:57:36.616 [main] DEBUG o.s.c.e.PropertySourcesPropertyResolver - Could not find key 'spring.liveBeansView.mbeanDomain' in any property source
2020-03-14 21:57:36.616 [main] DEBUG o.s.b.f.s.DefaultListableBeanFactory - Returning cached instance of singleton bean 'ribbonClientConfig'
2020-03-14 21:57:36.617 [main] DEBUG o.s.b.f.s.DefaultListableBeanFactory - Returning cached instance of singleton bean 'ribbonClientConfig'
2020-03-14 21:57:36.617 [main] DEBUG o.s.b.f.s.DefaultListableBeanFactory - Returning cached instance of singleton bean 'ribbonLoadBalancer'
2020-03-14 21:57:36.617 [main] DEBUG o.s.b.f.s.DefaultListableBeanFactory - Returning cached instance of singleton bean 'serverIntrospector'
2020-03-14 21:57:36.799 [main] DEBUG c.n.l.ZoneAwareLoadBalancer - Zone aware logic disabled or there is only one zone
2020-03-14 21:57:36.811 [main] DEBUG c.n.l.ZoneAwareLoadBalancer - Zone aware logic disabled or there is only one zone
2020-03-14 21:57:36.811 [main] DEBUG c.n.l.ZoneAwareLoadBalancer - Zone aware logic disabled or there is only one zone
2020-03-14 21:57:36.812 [main] DEBUG c.n.l.ZoneAwareLoadBalancer - Zone aware logic disabled or there is only one zone
2020-03-14 21:57:36.820 [main] DEBUG o.s.t.c.c.DefaultCacheAwareContextLoaderDelegate - Retrieved ApplicationContext from cache with key [[WebMergedContextConfiguration@368247b9 testClass = FeignTest, locations = '{}', classes = '{class com.ningmeng.manage_course.ManageCourseApplication}', contextInitializerClasses = '[]', activeProfiles = '{}', propertySourceLocations = '{}', propertySourceProperties = '{org.springframework.boot.test.context.SpringBootTestContextBootstrapper=true}', contextCustomizers = set[org.springframework.boot.test.context.filter.ExcludeFilterContextCustomizer@4034c28c, org.springframework.boot.test.json.DuplicateJsonObjectContextCustomizerFactory$DuplicateJsonObjectContextCustomizer@53ca01a2, org.springframework.boot.test.mock.mockito.MockitoContextCustomizer@0, org.springframework.boot.test.web.client.TestRestTemplateContextCustomizer@37e547da, org.springframework.boot.test.autoconfigure.properties.PropertyMappingContextCustomizer@0, org.springframework.boot.test.autoconfigure.web.servlet.WebDriverContextCustomizerFactory$Customizer@6e75aa0d], resourceBasePath = 'src/main/webapp', contextLoader = 'org.springframework.boot.test.context.SpringBootContextLoader', parent = [null]]]
2020-03-14 21:57:36.820 [main] DEBUG o.springframework.test.context.cache - Spring test ApplicationContext cache statistics: [DefaultContextCache@4d1f6e1c size = 1, maxSize = 32, parentContextCount = 0, hitCount = 3, missCount = 1]
2020-03-14 21:57:36.821 [main] DEBUG o.s.t.c.c.DefaultCacheAwareContextLoaderDelegate - Retrieved ApplicationContext from cache with key [[WebMergedContextConfiguration@368247b9 testClass = FeignTest, locations = '{}', classes = '{class com.ningmeng.manage_course.ManageCourseApplication}', contextInitializerClasses = '[]', activeProfiles = '{}', propertySourceLocations = '{}', propertySourceProperties = '{org.springframework.boot.test.context.SpringBootTestContextBootstrapper=true}', contextCustomizers = set[org.springframework.boot.test.context.filter.ExcludeFilterContextCustomizer@4034c28c, org.springframework.boot.test.json.DuplicateJsonObjectContextCustomizerFactory$DuplicateJsonObjectContextCustomizer@53ca01a2, org.springframework.boot.test.mock.mockito.MockitoContextCustomizer@0, org.springframework.boot.test.web.client.TestRestTemplateContextCustomizer@37e547da, org.springframework.boot.test.autoconfigure.properties.PropertyMappingContextCustomizer@0, org.springframework.boot.test.autoconfigure.web.servlet.WebDriverContextCustomizerFactory$Customizer@6e75aa0d], resourceBasePath = 'src/main/webapp', contextLoader = 'org.springframework.boot.test.context.SpringBootContextLoader', parent = [null]]]
2020-03-14 21:57:36.821 [main] DEBUG o.springframework.test.context.cache - Spring test ApplicationContext cache statistics: [DefaultContextCache@4d1f6e1c size = 1, maxSize = 32, parentContextCount = 0, hitCount = 4, missCount = 1]
2020-03-14 21:57:36.822 [main] DEBUG o.s.t.c.c.DefaultCacheAwareContextLoaderDelegate - Retrieved ApplicationContext from cache with key [[WebMergedContextConfiguration@368247b9 testClass = FeignTest, locations = '{}', classes = '{class com.ningmeng.manage_course.ManageCourseApplication}', contextInitializerClasses = '[]', activeProfiles = '{}', propertySourceLocations = '{}', propertySourceProperties = '{org.springframework.boot.test.context.SpringBootTestContextBootstrapper=true}', contextCustomizers = set[org.springframework.boot.test.context.filter.ExcludeFilterContextCustomizer@4034c28c, org.springframework.boot.test.json.DuplicateJsonObjectContextCustomizerFactory$DuplicateJsonObjectContextCustomizer@53ca01a2, org.springframework.boot.test.mock.mockito.MockitoContextCustomizer@0, org.springframework.boot.test.web.client.TestRestTemplateContextCustomizer@37e547da, org.springframework.boot.test.autoconfigure.properties.PropertyMappingContextCustomizer@0, org.springframework.boot.test.autoconfigure.web.servlet.WebDriverContextCustomizerFactory$Customizer@6e75aa0d], resourceBasePath = 'src/main/webapp', contextLoader = 'org.springframework.boot.test.context.SpringBootContextLoader', parent = [null]]]
2020-03-14 21:57:36.822 [main] DEBUG o.springframework.test.context.cache - Spring test ApplicationContext cache statistics: [DefaultContextCache@4d1f6e1c size = 1, maxSize = 32, parentContextCount = 0, hitCount = 5, missCount = 1]
2020-03-14 21:57:36.830 [main] DEBUG o.s.t.c.c.DefaultCacheAwareContextLoaderDelegate - Retrieved ApplicationContext from cache with key [[WebMergedContextConfiguration@368247b9 testClass = FeignTest, locations = '{}', classes = '{class com.ningmeng.manage_course.ManageCourseApplication}', contextInitializerClasses = '[]', activeProfiles = '{}', propertySourceLocations = '{}', propertySourceProperties = '{org.springframework.boot.test.context.SpringBootTestContextBootstrapper=true}', contextCustomizers = set[org.springframework.boot.test.context.filter.ExcludeFilterContextCustomizer@4034c28c, org.springframework.boot.test.json.DuplicateJsonObjectContextCustomizerFactory$DuplicateJsonObjectContextCustomizer@53ca01a2, org.springframework.boot.test.mock.mockito.MockitoContextCustomizer@0, org.springframework.boot.test.web.client.TestRestTemplateContextCustomizer@37e547da, org.springframework.boot.test.autoconfigure.properties.PropertyMappingContextCustomizer@0, org.springframework.boot.test.autoconfigure.web.servlet.WebDriverContextCustomizerFactory$Customizer@6e75aa0d], resourceBasePath = 'src/main/webapp', contextLoader = 'org.springframework.boot.test.context.SpringBootContextLoader', parent = [null]]]
2020-03-14 21:57:36.831 [main] DEBUG o.springframework.test.context.cache - Spring test ApplicationContext cache statistics: [DefaultContextCache@4d1f6e1c size = 1, maxSize = 32, parentContextCount = 0, hitCount = 6, missCount = 1]
2020-03-14 21:57:36.836 [main] DEBUG o.s.b.f.s.DefaultListableBeanFactory - Returning cached instance of singleton bean 'org.springframework.boot.test.mock.mockito.MockitoBeans'
2020-03-14 21:57:36.838 [main] DEBUG o.s.t.c.s.AbstractDirtiesContextTestExecutionListener - After test method: context [DefaultTestContext@1e6a3214 testClass = FeignTest, testInstance = com.ningmeng.manage_course.dao.FeignTest@b1d7b09, testMethod = testFeign@FeignTest, testException = java.lang.RuntimeException: com.netflix.client.ClientException: Load balancer does not have available server for client: nm-service-manage-cms, mergedContextConfiguration = [WebMergedContextConfiguration@368247b9 testClass = FeignTest, locations = '{}', classes = '{class com.ningmeng.manage_course.ManageCourseApplication}', contextInitializerClasses = '[]', activeProfiles = '{}', propertySourceLocations = '{}', propertySourceProperties = '{org.springframework.boot.test.context.SpringBootTestContextBootstrapper=true}', contextCustomizers = set[org.springframework.boot.test.context.filter.ExcludeFilterContextCustomizer@4034c28c, org.springframework.boot.test.json.DuplicateJsonObjectContextCustomizerFactory$DuplicateJsonObjectContextCustomizer@53ca01a2, org.springframework.boot.test.mock.mockito.MockitoContextCustomizer@0, org.springframework.boot.test.web.client.TestRestTemplateContextCustomizer@37e547da, org.springframework.boot.test.autoconfigure.properties.PropertyMappingContextCustomizer@0, org.springframework.boot.test.autoconfigure.web.servlet.WebDriverContextCustomizerFactory$Customizer@6e75aa0d], resourceBasePath = 'src/main/webapp', contextLoader = 'org.springframework.boot.test.context.SpringBootContextLoader', parent = [null]], attributes = map['org.springframework.test.context.web.ServletTestExecutionListener.activateListener' -> true, 'org.springframework.test.context.web.ServletTestExecutionListener.populatedRequestContextHolder' -> true, 'org.springframework.test.context.web.ServletTestExecutionListener.resetRequestContextHolder' -> true]], class annotated with @DirtiesContext [false] with mode [null], method annotated with @DirtiesContext [false] with mode [null].
2020-03-14 21:57:36.840 [main] DEBUG o.s.t.c.w.ServletTestExecutionListener - Resetting RequestContextHolder for test context [DefaultTestContext@1e6a3214 testClass = FeignTest, testInstance = com.ningmeng.manage_course.dao.FeignTest@b1d7b09, testMethod = testFeign@FeignTest, testException = java.lang.RuntimeException: com.netflix.client.ClientException: Load balancer does not have available server for client: nm-service-manage-cms, mergedContextConfiguration = [WebMergedContextConfiguration@368247b9 testClass = FeignTest, locations = '{}', classes = '{class com.ningmeng.manage_course.ManageCourseApplication}', contextInitializerClasses = '[]', activeProfiles = '{}', propertySourceLocations = '{}', propertySourceProperties = '{org.springframework.boot.test.context.SpringBootTestContextBootstrapper=true}', contextCustomizers = set[org.springframework.boot.test.context.filter.ExcludeFilterContextCustomizer@4034c28c, org.springframework.boot.test.json.DuplicateJsonObjectContextCustomizerFactory$DuplicateJsonObjectContextCustomizer@53ca01a2, org.springframework.boot.test.mock.mockito.MockitoContextCustomizer@0, org.springframework.boot.test.web.client.TestRestTemplateContextCustomizer@37e547da, org.springframework.boot.test.autoconfigure.properties.PropertyMappingContextCustomizer@0, org.springframework.boot.test.autoconfigure.web.servlet.WebDriverContextCustomizerFactory$Customizer@6e75aa0d], resourceBasePath = 'src/main/webapp', contextLoader = 'org.springframework.boot.test.context.SpringBootContextLoader', parent = [null]], attributes = map['org.springframework.test.context.web.ServletTestExecutionListener.activateListener' -> true, 'org.springframework.test.context.web.ServletTestExecutionListener.populatedRequestContextHolder' -> true, 'org.springframework.test.context.web.ServletTestExecutionListener.resetRequestContextHolder' -> true]].
]]></system-out>
  </testcase>
  <testcase name="update" classname="com.ningmeng.manage_course.dao.FeignTest" time="0.107">
    <error message="com.netflix.client.ClientException: Load balancer does not have available server for client: nm-service-manage-cms" type="java.lang.RuntimeException">java.lang.RuntimeException: com.netflix.client.ClientException: Load balancer does not have available server for client: nm-service-manage-cms
	at com.ningmeng.manage_course.dao.FeignTest.update(FeignTest.java:41)
Caused by: com.netflix.client.ClientException: Load balancer does not have available server for client: nm-service-manage-cms
	at com.ningmeng.manage_course.dao.FeignTest.update(FeignTest.java:41)
</error>
    <system-out><![CDATA[2020-03-14 21:57:36.865 [main] DEBUG o.s.t.annotation.ProfileValueUtils - Retrieved @ProfileValueSourceConfiguration [null] for test class [com.ningmeng.manage_course.dao.FeignTest]
2020-03-14 21:57:36.865 [main] DEBUG o.s.t.annotation.ProfileValueUtils - Retrieved ProfileValueSource type [class org.springframework.test.annotation.SystemProfileValueSource] for class [com.ningmeng.manage_course.dao.FeignTest]
2020-03-14 21:57:36.866 [main] DEBUG o.s.t.c.c.DefaultCacheAwareContextLoaderDelegate - Retrieved ApplicationContext from cache with key [[WebMergedContextConfiguration@368247b9 testClass = FeignTest, locations = '{}', classes = '{class com.ningmeng.manage_course.ManageCourseApplication}', contextInitializerClasses = '[]', activeProfiles = '{}', propertySourceLocations = '{}', propertySourceProperties = '{org.springframework.boot.test.context.SpringBootTestContextBootstrapper=true}', contextCustomizers = set[org.springframework.boot.test.context.filter.ExcludeFilterContextCustomizer@4034c28c, org.springframework.boot.test.json.DuplicateJsonObjectContextCustomizerFactory$DuplicateJsonObjectContextCustomizer@53ca01a2, org.springframework.boot.test.mock.mockito.MockitoContextCustomizer@0, org.springframework.boot.test.web.client.TestRestTemplateContextCustomizer@37e547da, org.springframework.boot.test.autoconfigure.properties.PropertyMappingContextCustomizer@0, org.springframework.boot.test.autoconfigure.web.servlet.WebDriverContextCustomizerFactory$Customizer@6e75aa0d], resourceBasePath = 'src/main/webapp', contextLoader = 'org.springframework.boot.test.context.SpringBootContextLoader', parent = [null]]]
2020-03-14 21:57:36.866 [main] DEBUG o.springframework.test.context.cache - Spring test ApplicationContext cache statistics: [DefaultContextCache@4d1f6e1c size = 1, maxSize = 32, parentContextCount = 0, hitCount = 7, missCount = 1]
2020-03-14 21:57:36.866 [main] DEBUG o.s.t.c.w.ServletTestExecutionListener - Setting up MockHttpServletRequest, MockHttpServletResponse, ServletWebRequest, and RequestContextHolder for test context [DefaultTestContext@1e6a3214 testClass = FeignTest, testInstance = com.ningmeng.manage_course.dao.FeignTest@636d4cdc, testMethod = [null], testException = [null], mergedContextConfiguration = [WebMergedContextConfiguration@368247b9 testClass = FeignTest, locations = '{}', classes = '{class com.ningmeng.manage_course.ManageCourseApplication}', contextInitializerClasses = '[]', activeProfiles = '{}', propertySourceLocations = '{}', propertySourceProperties = '{org.springframework.boot.test.context.SpringBootTestContextBootstrapper=true}', contextCustomizers = set[org.springframework.boot.test.context.filter.ExcludeFilterContextCustomizer@4034c28c, org.springframework.boot.test.json.DuplicateJsonObjectContextCustomizerFactory$DuplicateJsonObjectContextCustomizer@53ca01a2, org.springframework.boot.test.mock.mockito.MockitoContextCustomizer@0, org.springframework.boot.test.web.client.TestRestTemplateContextCustomizer@37e547da, org.springframework.boot.test.autoconfigure.properties.PropertyMappingContextCustomizer@0, org.springframework.boot.test.autoconfigure.web.servlet.WebDriverContextCustomizerFactory$Customizer@6e75aa0d], resourceBasePath = 'src/main/webapp', contextLoader = 'org.springframework.boot.test.context.SpringBootContextLoader', parent = [null]], attributes = map['org.springframework.test.context.web.ServletTestExecutionListener.activateListener' -> true, 'org.springframework.test.context.support.DependencyInjectionTestExecutionListener.reinjectDependencies' -> true]].
2020-03-14 21:57:36.867 [main] DEBUG o.s.t.c.s.DependencyInjectionTestExecutionListener - Performing dependency injection for test context [[DefaultTestContext@1e6a3214 testClass = FeignTest, testInstance = com.ningmeng.manage_course.dao.FeignTest@636d4cdc, testMethod = [null], testException = [null], mergedContextConfiguration = [WebMergedContextConfiguration@368247b9 testClass = FeignTest, locations = '{}', classes = '{class com.ningmeng.manage_course.ManageCourseApplication}', contextInitializerClasses = '[]', activeProfiles = '{}', propertySourceLocations = '{}', propertySourceProperties = '{org.springframework.boot.test.context.SpringBootTestContextBootstrapper=true}', contextCustomizers = set[org.springframework.boot.test.context.filter.ExcludeFilterContextCustomizer@4034c28c, org.springframework.boot.test.json.DuplicateJsonObjectContextCustomizerFactory$DuplicateJsonObjectContextCustomizer@53ca01a2, org.springframework.boot.test.mock.mockito.MockitoContextCustomizer@0, org.springframework.boot.test.web.client.TestRestTemplateContextCustomizer@37e547da, org.springframework.boot.test.autoconfigure.properties.PropertyMappingContextCustomizer@0, org.springframework.boot.test.autoconfigure.web.servlet.WebDriverContextCustomizerFactory$Customizer@6e75aa0d], resourceBasePath = 'src/main/webapp', contextLoader = 'org.springframework.boot.test.context.SpringBootContextLoader', parent = [null]], attributes = map['org.springframework.test.context.web.ServletTestExecutionListener.activateListener' -> true, 'org.springframework.test.context.web.ServletTestExecutionListener.populatedRequestContextHolder' -> true, 'org.springframework.test.context.web.ServletTestExecutionListener.resetRequestContextHolder' -> true, 'org.springframework.test.context.support.DependencyInjectionTestExecutionListener.reinjectDependencies' -> true]]].
2020-03-14 21:57:36.867 [main] DEBUG o.s.t.c.c.DefaultCacheAwareContextLoaderDelegate - Retrieved ApplicationContext from cache with key [[WebMergedContextConfiguration@368247b9 testClass = FeignTest, locations = '{}', classes = '{class com.ningmeng.manage_course.ManageCourseApplication}', contextInitializerClasses = '[]', activeProfiles = '{}', propertySourceLocations = '{}', propertySourceProperties = '{org.springframework.boot.test.context.SpringBootTestContextBootstrapper=true}', contextCustomizers = set[org.springframework.boot.test.context.filter.ExcludeFilterContextCustomizer@4034c28c, org.springframework.boot.test.json.DuplicateJsonObjectContextCustomizerFactory$DuplicateJsonObjectContextCustomizer@53ca01a2, org.springframework.boot.test.mock.mockito.MockitoContextCustomizer@0, org.springframework.boot.test.web.client.TestRestTemplateContextCustomizer@37e547da, org.springframework.boot.test.autoconfigure.properties.PropertyMappingContextCustomizer@0, org.springframework.boot.test.autoconfigure.web.servlet.WebDriverContextCustomizerFactory$Customizer@6e75aa0d], resourceBasePath = 'src/main/webapp', contextLoader = 'org.springframework.boot.test.context.SpringBootContextLoader', parent = [null]]]
2020-03-14 21:57:36.867 [main] DEBUG o.springframework.test.context.cache - Spring test ApplicationContext cache statistics: [DefaultContextCache@4d1f6e1c size = 1, maxSize = 32, parentContextCount = 0, hitCount = 8, missCount = 1]
2020-03-14 21:57:36.868 [main] DEBUG o.s.b.f.annotation.InjectionMetadata - Processing injected element of bean 'com.ningmeng.manage_course.dao.FeignTest': AutowiredFieldElement for com.ningmeng.manage_course.client.CmsPageClient com.ningmeng.manage_course.dao.FeignTest.cmsPageClient
2020-03-14 21:57:36.868 [main] DEBUG o.s.core.annotation.AnnotationUtils - Failed to meta-introspect annotation interface org.springframework.beans.factory.annotation.Autowired: java.lang.NullPointerException
2020-03-14 21:57:36.868 [main] DEBUG o.s.b.f.s.DefaultListableBeanFactory - Returning cached instance of singleton bean 'com.ningmeng.manage_course.client.CmsPageClient'
2020-03-14 21:57:36.870 [main] DEBUG o.s.t.c.s.AbstractDirtiesContextTestExecutionListener - Before test method: context [DefaultTestContext@1e6a3214 testClass = FeignTest, testInstance = com.ningmeng.manage_course.dao.FeignTest@636d4cdc, testMethod = update@FeignTest, testException = [null], mergedContextConfiguration = [WebMergedContextConfiguration@368247b9 testClass = FeignTest, locations = '{}', classes = '{class com.ningmeng.manage_course.ManageCourseApplication}', contextInitializerClasses = '[]', activeProfiles = '{}', propertySourceLocations = '{}', propertySourceProperties = '{org.springframework.boot.test.context.SpringBootTestContextBootstrapper=true}', contextCustomizers = set[org.springframework.boot.test.context.filter.ExcludeFilterContextCustomizer@4034c28c, org.springframework.boot.test.json.DuplicateJsonObjectContextCustomizerFactory$DuplicateJsonObjectContextCustomizer@53ca01a2, org.springframework.boot.test.mock.mockito.MockitoContextCustomizer@0, org.springframework.boot.test.web.client.TestRestTemplateContextCustomizer@37e547da, org.springframework.boot.test.autoconfigure.properties.PropertyMappingContextCustomizer@0, org.springframework.boot.test.autoconfigure.web.servlet.WebDriverContextCustomizerFactory$Customizer@6e75aa0d], resourceBasePath = 'src/main/webapp', contextLoader = 'org.springframework.boot.test.context.SpringBootContextLoader', parent = [null]], attributes = map['org.springframework.test.context.web.ServletTestExecutionListener.activateListener' -> true, 'org.springframework.test.context.web.ServletTestExecutionListener.populatedRequestContextHolder' -> true, 'org.springframework.test.context.web.ServletTestExecutionListener.resetRequestContextHolder' -> true]], class annotated with @DirtiesContext [false] with mode [null], method annotated with @DirtiesContext [false] with mode [null].
2020-03-14 21:57:36.870 [main] DEBUG o.s.t.c.c.DefaultCacheAwareContextLoaderDelegate - Retrieved ApplicationContext from cache with key [[WebMergedContextConfiguration@368247b9 testClass = FeignTest, locations = '{}', classes = '{class com.ningmeng.manage_course.ManageCourseApplication}', contextInitializerClasses = '[]', activeProfiles = '{}', propertySourceLocations = '{}', propertySourceProperties = '{org.springframework.boot.test.context.SpringBootTestContextBootstrapper=true}', contextCustomizers = set[org.springframework.boot.test.context.filter.ExcludeFilterContextCustomizer@4034c28c, org.springframework.boot.test.json.DuplicateJsonObjectContextCustomizerFactory$DuplicateJsonObjectContextCustomizer@53ca01a2, org.springframework.boot.test.mock.mockito.MockitoContextCustomizer@0, org.springframework.boot.test.web.client.TestRestTemplateContextCustomizer@37e547da, org.springframework.boot.test.autoconfigure.properties.PropertyMappingContextCustomizer@0, org.springframework.boot.test.autoconfigure.web.servlet.WebDriverContextCustomizerFactory$Customizer@6e75aa0d], resourceBasePath = 'src/main/webapp', contextLoader = 'org.springframework.boot.test.context.SpringBootContextLoader', parent = [null]]]
2020-03-14 21:57:36.870 [main] DEBUG o.springframework.test.context.cache - Spring test ApplicationContext cache statistics: [DefaultContextCache@4d1f6e1c size = 1, maxSize = 32, parentContextCount = 0, hitCount = 9, missCount = 1]
2020-03-14 21:57:36.871 [main] DEBUG o.s.b.f.s.DefaultListableBeanFactory - Returning cached instance of singleton bean 'org.springframework.boot.test.mock.mockito.MockitoBeans'
2020-03-14 21:57:36.876 [main] DEBUG o.s.b.f.s.DefaultListableBeanFactory - Returning cached instance of singleton bean 'messageConverters'
2020-03-14 21:57:36.912 [main] DEBUG o.s.c.o.support.SpringEncoder - Writing [CmsPage(siteId=1, pageId=5e45399e59989e3fa00c629e, pageName=1, pageAliase=1, pageWebPath=1, pageParameter=1, pagePhysicalPath=1, pageType=1, pageTemplate=1, pageHtml=1, pageStatus=1, pageCreateTime=null, templateId=1, pageParams=null, htmlFileId=null, dataUrl=null)] using [org.springframework.http.converter.json.MappingJackson2HttpMessageConverter@6c6c93f8]
2020-03-14 21:57:36.956 [main] DEBUG o.s.b.f.s.DefaultListableBeanFactory - Returning cached instance of singleton bean 'ribbonClientConfig'
2020-03-14 21:57:36.956 [main] DEBUG c.n.l.ZoneAwareLoadBalancer - Zone aware logic disabled or there is only one zone
2020-03-14 21:57:36.961 [main] DEBUG o.s.t.c.c.DefaultCacheAwareContextLoaderDelegate - Retrieved ApplicationContext from cache with key [[WebMergedContextConfiguration@368247b9 testClass = FeignTest, locations = '{}', classes = '{class com.ningmeng.manage_course.ManageCourseApplication}', contextInitializerClasses = '[]', activeProfiles = '{}', propertySourceLocations = '{}', propertySourceProperties = '{org.springframework.boot.test.context.SpringBootTestContextBootstrapper=true}', contextCustomizers = set[org.springframework.boot.test.context.filter.ExcludeFilterContextCustomizer@4034c28c, org.springframework.boot.test.json.DuplicateJsonObjectContextCustomizerFactory$DuplicateJsonObjectContextCustomizer@53ca01a2, org.springframework.boot.test.mock.mockito.MockitoContextCustomizer@0, org.springframework.boot.test.web.client.TestRestTemplateContextCustomizer@37e547da, org.springframework.boot.test.autoconfigure.properties.PropertyMappingContextCustomizer@0, org.springframework.boot.test.autoconfigure.web.servlet.WebDriverContextCustomizerFactory$Customizer@6e75aa0d], resourceBasePath = 'src/main/webapp', contextLoader = 'org.springframework.boot.test.context.SpringBootContextLoader', parent = [null]]]
2020-03-14 21:57:36.962 [main] DEBUG o.springframework.test.context.cache - Spring test ApplicationContext cache statistics: [DefaultContextCache@4d1f6e1c size = 1, maxSize = 32, parentContextCount = 0, hitCount = 10, missCount = 1]
2020-03-14 21:57:36.963 [main] DEBUG o.s.t.c.c.DefaultCacheAwareContextLoaderDelegate - Retrieved ApplicationContext from cache with key [[WebMergedContextConfiguration@368247b9 testClass = FeignTest, locations = '{}', classes = '{class com.ningmeng.manage_course.ManageCourseApplication}', contextInitializerClasses = '[]', activeProfiles = '{}', propertySourceLocations = '{}', propertySourceProperties = '{org.springframework.boot.test.context.SpringBootTestContextBootstrapper=true}', contextCustomizers = set[org.springframework.boot.test.context.filter.ExcludeFilterContextCustomizer@4034c28c, org.springframework.boot.test.json.DuplicateJsonObjectContextCustomizerFactory$DuplicateJsonObjectContextCustomizer@53ca01a2, org.springframework.boot.test.mock.mockito.MockitoContextCustomizer@0, org.springframework.boot.test.web.client.TestRestTemplateContextCustomizer@37e547da, org.springframework.boot.test.autoconfigure.properties.PropertyMappingContextCustomizer@0, org.springframework.boot.test.autoconfigure.web.servlet.WebDriverContextCustomizerFactory$Customizer@6e75aa0d], resourceBasePath = 'src/main/webapp', contextLoader = 'org.springframework.boot.test.context.SpringBootContextLoader', parent = [null]]]
2020-03-14 21:57:36.963 [main] DEBUG o.springframework.test.context.cache - Spring test ApplicationContext cache statistics: [DefaultContextCache@4d1f6e1c size = 1, maxSize = 32, parentContextCount = 0, hitCount = 11, missCount = 1]
2020-03-14 21:57:36.964 [main] DEBUG o.s.t.c.c.DefaultCacheAwareContextLoaderDelegate - Retrieved ApplicationContext from cache with key [[WebMergedContextConfiguration@368247b9 testClass = FeignTest, locations = '{}', classes = '{class com.ningmeng.manage_course.ManageCourseApplication}', contextInitializerClasses = '[]', activeProfiles = '{}', propertySourceLocations = '{}', propertySourceProperties = '{org.springframework.boot.test.context.SpringBootTestContextBootstrapper=true}', contextCustomizers = set[org.springframework.boot.test.context.filter.ExcludeFilterContextCustomizer@4034c28c, org.springframework.boot.test.json.DuplicateJsonObjectContextCustomizerFactory$DuplicateJsonObjectContextCustomizer@53ca01a2, org.springframework.boot.test.mock.mockito.MockitoContextCustomizer@0, org.springframework.boot.test.web.client.TestRestTemplateContextCustomizer@37e547da, org.springframework.boot.test.autoconfigure.properties.PropertyMappingContextCustomizer@0, org.springframework.boot.test.autoconfigure.web.servlet.WebDriverContextCustomizerFactory$Customizer@6e75aa0d], resourceBasePath = 'src/main/webapp', contextLoader = 'org.springframework.boot.test.context.SpringBootContextLoader', parent = [null]]]
2020-03-14 21:57:36.964 [main] DEBUG o.springframework.test.context.cache - Spring test ApplicationContext cache statistics: [DefaultContextCache@4d1f6e1c size = 1, maxSize = 32, parentContextCount = 0, hitCount = 12, missCount = 1]
2020-03-14 21:57:36.973 [main] DEBUG o.s.t.c.c.DefaultCacheAwareContextLoaderDelegate - Retrieved ApplicationContext from cache with key [[WebMergedContextConfiguration@368247b9 testClass = FeignTest, locations = '{}', classes = '{class com.ningmeng.manage_course.ManageCourseApplication}', contextInitializerClasses = '[]', activeProfiles = '{}', propertySourceLocations = '{}', propertySourceProperties = '{org.springframework.boot.test.context.SpringBootTestContextBootstrapper=true}', contextCustomizers = set[org.springframework.boot.test.context.filter.ExcludeFilterContextCustomizer@4034c28c, org.springframework.boot.test.json.DuplicateJsonObjectContextCustomizerFactory$DuplicateJsonObjectContextCustomizer@53ca01a2, org.springframework.boot.test.mock.mockito.MockitoContextCustomizer@0, org.springframework.boot.test.web.client.TestRestTemplateContextCustomizer@37e547da, org.springframework.boot.test.autoconfigure.properties.PropertyMappingContextCustomizer@0, org.springframework.boot.test.autoconfigure.web.servlet.WebDriverContextCustomizerFactory$Customizer@6e75aa0d], resourceBasePath = 'src/main/webapp', contextLoader = 'org.springframework.boot.test.context.SpringBootContextLoader', parent = [null]]]
2020-03-14 21:57:36.973 [main] DEBUG o.springframework.test.context.cache - Spring test ApplicationContext cache statistics: [DefaultContextCache@4d1f6e1c size = 1, maxSize = 32, parentContextCount = 0, hitCount = 13, missCount = 1]
2020-03-14 21:57:36.974 [main] DEBUG o.s.b.f.s.DefaultListableBeanFactory - Returning cached instance of singleton bean 'org.springframework.boot.test.mock.mockito.MockitoBeans'
2020-03-14 21:57:36.975 [main] DEBUG o.s.t.c.s.AbstractDirtiesContextTestExecutionListener - After test method: context [DefaultTestContext@1e6a3214 testClass = FeignTest, testInstance = com.ningmeng.manage_course.dao.FeignTest@636d4cdc, testMethod = update@FeignTest, testException = java.lang.RuntimeException: com.netflix.client.ClientException: Load balancer does not have available server for client: nm-service-manage-cms, mergedContextConfiguration = [WebMergedContextConfiguration@368247b9 testClass = FeignTest, locations = '{}', classes = '{class com.ningmeng.manage_course.ManageCourseApplication}', contextInitializerClasses = '[]', activeProfiles = '{}', propertySourceLocations = '{}', propertySourceProperties = '{org.springframework.boot.test.context.SpringBootTestContextBootstrapper=true}', contextCustomizers = set[org.springframework.boot.test.context.filter.ExcludeFilterContextCustomizer@4034c28c, org.springframework.boot.test.json.DuplicateJsonObjectContextCustomizerFactory$DuplicateJsonObjectContextCustomizer@53ca01a2, org.springframework.boot.test.mock.mockito.MockitoContextCustomizer@0, org.springframework.boot.test.web.client.TestRestTemplateContextCustomizer@37e547da, org.springframework.boot.test.autoconfigure.properties.PropertyMappingContextCustomizer@0, org.springframework.boot.test.autoconfigure.web.servlet.WebDriverContextCustomizerFactory$Customizer@6e75aa0d], resourceBasePath = 'src/main/webapp', contextLoader = 'org.springframework.boot.test.context.SpringBootContextLoader', parent = [null]], attributes = map['org.springframework.test.context.web.ServletTestExecutionListener.activateListener' -> true, 'org.springframework.test.context.web.ServletTestExecutionListener.populatedRequestContextHolder' -> true, 'org.springframework.test.context.web.ServletTestExecutionListener.resetRequestContextHolder' -> true]], class annotated with @DirtiesContext [false] with mode [null], method annotated with @DirtiesContext [false] with mode [null].
2020-03-14 21:57:36.975 [main] DEBUG o.s.t.c.w.ServletTestExecutionListener - Resetting RequestContextHolder for test context [DefaultTestContext@1e6a3214 testClass = FeignTest, testInstance = com.ningmeng.manage_course.dao.FeignTest@636d4cdc, testMethod = update@FeignTest, testException = java.lang.RuntimeException: com.netflix.client.ClientException: Load balancer does not have available server for client: nm-service-manage-cms, mergedContextConfiguration = [WebMergedContextConfiguration@368247b9 testClass = FeignTest, locations = '{}', classes = '{class com.ningmeng.manage_course.ManageCourseApplication}', contextInitializerClasses = '[]', activeProfiles = '{}', propertySourceLocations = '{}', propertySourceProperties = '{org.springframework.boot.test.context.SpringBootTestContextBootstrapper=true}', contextCustomizers = set[org.springframework.boot.test.context.filter.ExcludeFilterContextCustomizer@4034c28c, org.springframework.boot.test.json.DuplicateJsonObjectContextCustomizerFactory$DuplicateJsonObjectContextCustomizer@53ca01a2, org.springframework.boot.test.mock.mockito.MockitoContextCustomizer@0, org.springframework.boot.test.web.client.TestRestTemplateContextCustomizer@37e547da, org.springframework.boot.test.autoconfigure.properties.PropertyMappingContextCustomizer@0, org.springframework.boot.test.autoconfigure.web.servlet.WebDriverContextCustomizerFactory$Customizer@6e75aa0d], resourceBasePath = 'src/main/webapp', contextLoader = 'org.springframework.boot.test.context.SpringBootContextLoader', parent = [null]], attributes = map['org.springframework.test.context.web.ServletTestExecutionListener.activateListener' -> true, 'org.springframework.test.context.web.ServletTestExecutionListener.populatedRequestContextHolder' -> true, 'org.springframework.test.context.web.ServletTestExecutionListener.resetRequestContextHolder' -> true]].
]]></system-out>
  </testcase>
  <testcase name="del" classname="com.ningmeng.manage_course.dao.FeignTest" time="0.015">
    <error message="com.netflix.client.ClientException: Load balancer does not have available server for client: nm-service-manage-cms" type="java.lang.RuntimeException">java.lang.RuntimeException: com.netflix.client.ClientException: Load balancer does not have available server for client: nm-service-manage-cms
	at com.ningmeng.manage_course.dao.FeignTest.del(FeignTest.java:47)
Caused by: com.netflix.client.ClientException: Load balancer does not have available server for client: nm-service-manage-cms
	at com.ningmeng.manage_course.dao.FeignTest.del(FeignTest.java:47)
</error>
    <system-out><![CDATA[2020-03-14 21:57:36.976 [main] DEBUG o.s.t.annotation.ProfileValueUtils - Retrieved @ProfileValueSourceConfiguration [null] for test class [com.ningmeng.manage_course.dao.FeignTest]
2020-03-14 21:57:36.976 [main] DEBUG o.s.t.annotation.ProfileValueUtils - Retrieved ProfileValueSource type [class org.springframework.test.annotation.SystemProfileValueSource] for class [com.ningmeng.manage_course.dao.FeignTest]
2020-03-14 21:57:36.977 [main] DEBUG o.s.t.c.c.DefaultCacheAwareContextLoaderDelegate - Retrieved ApplicationContext from cache with key [[WebMergedContextConfiguration@368247b9 testClass = FeignTest, locations = '{}', classes = '{class com.ningmeng.manage_course.ManageCourseApplication}', contextInitializerClasses = '[]', activeProfiles = '{}', propertySourceLocations = '{}', propertySourceProperties = '{org.springframework.boot.test.context.SpringBootTestContextBootstrapper=true}', contextCustomizers = set[org.springframework.boot.test.context.filter.ExcludeFilterContextCustomizer@4034c28c, org.springframework.boot.test.json.DuplicateJsonObjectContextCustomizerFactory$DuplicateJsonObjectContextCustomizer@53ca01a2, org.springframework.boot.test.mock.mockito.MockitoContextCustomizer@0, org.springframework.boot.test.web.client.TestRestTemplateContextCustomizer@37e547da, org.springframework.boot.test.autoconfigure.properties.PropertyMappingContextCustomizer@0, org.springframework.boot.test.autoconfigure.web.servlet.WebDriverContextCustomizerFactory$Customizer@6e75aa0d], resourceBasePath = 'src/main/webapp', contextLoader = 'org.springframework.boot.test.context.SpringBootContextLoader', parent = [null]]]
2020-03-14 21:57:36.977 [main] DEBUG o.springframework.test.context.cache - Spring test ApplicationContext cache statistics: [DefaultContextCache@4d1f6e1c size = 1, maxSize = 32, parentContextCount = 0, hitCount = 14, missCount = 1]
2020-03-14 21:57:36.977 [main] DEBUG o.s.t.c.w.ServletTestExecutionListener - Setting up MockHttpServletRequest, MockHttpServletResponse, ServletWebRequest, and RequestContextHolder for test context [DefaultTestContext@1e6a3214 testClass = FeignTest, testInstance = com.ningmeng.manage_course.dao.FeignTest@4ce1ab4c, testMethod = [null], testException = [null], mergedContextConfiguration = [WebMergedContextConfiguration@368247b9 testClass = FeignTest, locations = '{}', classes = '{class com.ningmeng.manage_course.ManageCourseApplication}', contextInitializerClasses = '[]', activeProfiles = '{}', propertySourceLocations = '{}', propertySourceProperties = '{org.springframework.boot.test.context.SpringBootTestContextBootstrapper=true}', contextCustomizers = set[org.springframework.boot.test.context.filter.ExcludeFilterContextCustomizer@4034c28c, org.springframework.boot.test.json.DuplicateJsonObjectContextCustomizerFactory$DuplicateJsonObjectContextCustomizer@53ca01a2, org.springframework.boot.test.mock.mockito.MockitoContextCustomizer@0, org.springframework.boot.test.web.client.TestRestTemplateContextCustomizer@37e547da, org.springframework.boot.test.autoconfigure.properties.PropertyMappingContextCustomizer@0, org.springframework.boot.test.autoconfigure.web.servlet.WebDriverContextCustomizerFactory$Customizer@6e75aa0d], resourceBasePath = 'src/main/webapp', contextLoader = 'org.springframework.boot.test.context.SpringBootContextLoader', parent = [null]], attributes = map['org.springframework.test.context.web.ServletTestExecutionListener.activateListener' -> true, 'org.springframework.test.context.support.DependencyInjectionTestExecutionListener.reinjectDependencies' -> true]].
2020-03-14 21:57:36.978 [main] DEBUG o.s.t.c.s.DependencyInjectionTestExecutionListener - Performing dependency injection for test context [[DefaultTestContext@1e6a3214 testClass = FeignTest, testInstance = com.ningmeng.manage_course.dao.FeignTest@4ce1ab4c, testMethod = [null], testException = [null], mergedContextConfiguration = [WebMergedContextConfiguration@368247b9 testClass = FeignTest, locations = '{}', classes = '{class com.ningmeng.manage_course.ManageCourseApplication}', contextInitializerClasses = '[]', activeProfiles = '{}', propertySourceLocations = '{}', propertySourceProperties = '{org.springframework.boot.test.context.SpringBootTestContextBootstrapper=true}', contextCustomizers = set[org.springframework.boot.test.context.filter.ExcludeFilterContextCustomizer@4034c28c, org.springframework.boot.test.json.DuplicateJsonObjectContextCustomizerFactory$DuplicateJsonObjectContextCustomizer@53ca01a2, org.springframework.boot.test.mock.mockito.MockitoContextCustomizer@0, org.springframework.boot.test.web.client.TestRestTemplateContextCustomizer@37e547da, org.springframework.boot.test.autoconfigure.properties.PropertyMappingContextCustomizer@0, org.springframework.boot.test.autoconfigure.web.servlet.WebDriverContextCustomizerFactory$Customizer@6e75aa0d], resourceBasePath = 'src/main/webapp', contextLoader = 'org.springframework.boot.test.context.SpringBootContextLoader', parent = [null]], attributes = map['org.springframework.test.context.web.ServletTestExecutionListener.activateListener' -> true, 'org.springframework.test.context.web.ServletTestExecutionListener.populatedRequestContextHolder' -> true, 'org.springframework.test.context.web.ServletTestExecutionListener.resetRequestContextHolder' -> true, 'org.springframework.test.context.support.DependencyInjectionTestExecutionListener.reinjectDependencies' -> true]]].
2020-03-14 21:57:36.978 [main] DEBUG o.s.t.c.c.DefaultCacheAwareContextLoaderDelegate - Retrieved ApplicationContext from cache with key [[WebMergedContextConfiguration@368247b9 testClass = FeignTest, locations = '{}', classes = '{class com.ningmeng.manage_course.ManageCourseApplication}', contextInitializerClasses = '[]', activeProfiles = '{}', propertySourceLocations = '{}', propertySourceProperties = '{org.springframework.boot.test.context.SpringBootTestContextBootstrapper=true}', contextCustomizers = set[org.springframework.boot.test.context.filter.ExcludeFilterContextCustomizer@4034c28c, org.springframework.boot.test.json.DuplicateJsonObjectContextCustomizerFactory$DuplicateJsonObjectContextCustomizer@53ca01a2, org.springframework.boot.test.mock.mockito.MockitoContextCustomizer@0, org.springframework.boot.test.web.client.TestRestTemplateContextCustomizer@37e547da, org.springframework.boot.test.autoconfigure.properties.PropertyMappingContextCustomizer@0, org.springframework.boot.test.autoconfigure.web.servlet.WebDriverContextCustomizerFactory$Customizer@6e75aa0d], resourceBasePath = 'src/main/webapp', contextLoader = 'org.springframework.boot.test.context.SpringBootContextLoader', parent = [null]]]
2020-03-14 21:57:36.978 [main] DEBUG o.springframework.test.context.cache - Spring test ApplicationContext cache statistics: [DefaultContextCache@4d1f6e1c size = 1, maxSize = 32, parentContextCount = 0, hitCount = 15, missCount = 1]
2020-03-14 21:57:36.978 [main] DEBUG o.s.b.f.annotation.InjectionMetadata - Processing injected element of bean 'com.ningmeng.manage_course.dao.FeignTest': AutowiredFieldElement for com.ningmeng.manage_course.client.CmsPageClient com.ningmeng.manage_course.dao.FeignTest.cmsPageClient
2020-03-14 21:57:36.979 [main] DEBUG o.s.core.annotation.AnnotationUtils - Failed to meta-introspect annotation interface org.springframework.beans.factory.annotation.Autowired: java.lang.NullPointerException
2020-03-14 21:57:36.979 [main] DEBUG o.s.b.f.s.DefaultListableBeanFactory - Returning cached instance of singleton bean 'com.ningmeng.manage_course.client.CmsPageClient'
2020-03-14 21:57:36.979 [main] DEBUG o.s.t.c.s.AbstractDirtiesContextTestExecutionListener - Before test method: context [DefaultTestContext@1e6a3214 testClass = FeignTest, testInstance = com.ningmeng.manage_course.dao.FeignTest@4ce1ab4c, testMethod = del@FeignTest, testException = [null], mergedContextConfiguration = [WebMergedContextConfiguration@368247b9 testClass = FeignTest, locations = '{}', classes = '{class com.ningmeng.manage_course.ManageCourseApplication}', contextInitializerClasses = '[]', activeProfiles = '{}', propertySourceLocations = '{}', propertySourceProperties = '{org.springframework.boot.test.context.SpringBootTestContextBootstrapper=true}', contextCustomizers = set[org.springframework.boot.test.context.filter.ExcludeFilterContextCustomizer@4034c28c, org.springframework.boot.test.json.DuplicateJsonObjectContextCustomizerFactory$DuplicateJsonObjectContextCustomizer@53ca01a2, org.springframework.boot.test.mock.mockito.MockitoContextCustomizer@0, org.springframework.boot.test.web.client.TestRestTemplateContextCustomizer@37e547da, org.springframework.boot.test.autoconfigure.properties.PropertyMappingContextCustomizer@0, org.springframework.boot.test.autoconfigure.web.servlet.WebDriverContextCustomizerFactory$Customizer@6e75aa0d], resourceBasePath = 'src/main/webapp', contextLoader = 'org.springframework.boot.test.context.SpringBootContextLoader', parent = [null]], attributes = map['org.springframework.test.context.web.ServletTestExecutionListener.activateListener' -> true, 'org.springframework.test.context.web.ServletTestExecutionListener.populatedRequestContextHolder' -> true, 'org.springframework.test.context.web.ServletTestExecutionListener.resetRequestContextHolder' -> true]], class annotated with @DirtiesContext [false] with mode [null], method annotated with @DirtiesContext [false] with mode [null].
2020-03-14 21:57:36.980 [main] DEBUG o.s.t.c.c.DefaultCacheAwareContextLoaderDelegate - Retrieved ApplicationContext from cache with key [[WebMergedContextConfiguration@368247b9 testClass = FeignTest, locations = '{}', classes = '{class com.ningmeng.manage_course.ManageCourseApplication}', contextInitializerClasses = '[]', activeProfiles = '{}', propertySourceLocations = '{}', propertySourceProperties = '{org.springframework.boot.test.context.SpringBootTestContextBootstrapper=true}', contextCustomizers = set[org.springframework.boot.test.context.filter.ExcludeFilterContextCustomizer@4034c28c, org.springframework.boot.test.json.DuplicateJsonObjectContextCustomizerFactory$DuplicateJsonObjectContextCustomizer@53ca01a2, org.springframework.boot.test.mock.mockito.MockitoContextCustomizer@0, org.springframework.boot.test.web.client.TestRestTemplateContextCustomizer@37e547da, org.springframework.boot.test.autoconfigure.properties.PropertyMappingContextCustomizer@0, org.springframework.boot.test.autoconfigure.web.servlet.WebDriverContextCustomizerFactory$Customizer@6e75aa0d], resourceBasePath = 'src/main/webapp', contextLoader = 'org.springframework.boot.test.context.SpringBootContextLoader', parent = [null]]]
2020-03-14 21:57:36.980 [main] DEBUG o.springframework.test.context.cache - Spring test ApplicationContext cache statistics: [DefaultContextCache@4d1f6e1c size = 1, maxSize = 32, parentContextCount = 0, hitCount = 16, missCount = 1]
2020-03-14 21:57:36.981 [main] DEBUG o.s.b.f.s.DefaultListableBeanFactory - Returning cached instance of singleton bean 'org.springframework.boot.test.mock.mockito.MockitoBeans'
2020-03-14 21:57:36.983 [main] DEBUG o.s.b.f.s.DefaultListableBeanFactory - Returning cached instance of singleton bean 'ribbonClientConfig'
2020-03-14 21:57:36.984 [main] DEBUG c.n.l.ZoneAwareLoadBalancer - Zone aware logic disabled or there is only one zone
2020-03-14 21:57:36.985 [main] DEBUG o.s.t.c.c.DefaultCacheAwareContextLoaderDelegate - Retrieved ApplicationContext from cache with key [[WebMergedContextConfiguration@368247b9 testClass = FeignTest, locations = '{}', classes = '{class com.ningmeng.manage_course.ManageCourseApplication}', contextInitializerClasses = '[]', activeProfiles = '{}', propertySourceLocations = '{}', propertySourceProperties = '{org.springframework.boot.test.context.SpringBootTestContextBootstrapper=true}', contextCustomizers = set[org.springframework.boot.test.context.filter.ExcludeFilterContextCustomizer@4034c28c, org.springframework.boot.test.json.DuplicateJsonObjectContextCustomizerFactory$DuplicateJsonObjectContextCustomizer@53ca01a2, org.springframework.boot.test.mock.mockito.MockitoContextCustomizer@0, org.springframework.boot.test.web.client.TestRestTemplateContextCustomizer@37e547da, org.springframework.boot.test.autoconfigure.properties.PropertyMappingContextCustomizer@0, org.springframework.boot.test.autoconfigure.web.servlet.WebDriverContextCustomizerFactory$Customizer@6e75aa0d], resourceBasePath = 'src/main/webapp', contextLoader = 'org.springframework.boot.test.context.SpringBootContextLoader', parent = [null]]]
2020-03-14 21:57:36.985 [main] DEBUG o.springframework.test.context.cache - Spring test ApplicationContext cache statistics: [DefaultContextCache@4d1f6e1c size = 1, maxSize = 32, parentContextCount = 0, hitCount = 17, missCount = 1]
2020-03-14 21:57:36.985 [main] DEBUG o.s.t.c.c.DefaultCacheAwareContextLoaderDelegate - Retrieved ApplicationContext from cache with key [[WebMergedContextConfiguration@368247b9 testClass = FeignTest, locations = '{}', classes = '{class com.ningmeng.manage_course.ManageCourseApplication}', contextInitializerClasses = '[]', activeProfiles = '{}', propertySourceLocations = '{}', propertySourceProperties = '{org.springframework.boot.test.context.SpringBootTestContextBootstrapper=true}', contextCustomizers = set[org.springframework.boot.test.context.filter.ExcludeFilterContextCustomizer@4034c28c, org.springframework.boot.test.json.DuplicateJsonObjectContextCustomizerFactory$DuplicateJsonObjectContextCustomizer@53ca01a2, org.springframework.boot.test.mock.mockito.MockitoContextCustomizer@0, org.springframework.boot.test.web.client.TestRestTemplateContextCustomizer@37e547da, org.springframework.boot.test.autoconfigure.properties.PropertyMappingContextCustomizer@0, org.springframework.boot.test.autoconfigure.web.servlet.WebDriverContextCustomizerFactory$Customizer@6e75aa0d], resourceBasePath = 'src/main/webapp', contextLoader = 'org.springframework.boot.test.context.SpringBootContextLoader', parent = [null]]]
2020-03-14 21:57:36.985 [main] DEBUG o.springframework.test.context.cache - Spring test ApplicationContext cache statistics: [DefaultContextCache@4d1f6e1c size = 1, maxSize = 32, parentContextCount = 0, hitCount = 18, missCount = 1]
2020-03-14 21:57:36.985 [main] DEBUG o.s.t.c.c.DefaultCacheAwareContextLoaderDelegate - Retrieved ApplicationContext from cache with key [[WebMergedContextConfiguration@368247b9 testClass = FeignTest, locations = '{}', classes = '{class com.ningmeng.manage_course.ManageCourseApplication}', contextInitializerClasses = '[]', activeProfiles = '{}', propertySourceLocations = '{}', propertySourceProperties = '{org.springframework.boot.test.context.SpringBootTestContextBootstrapper=true}', contextCustomizers = set[org.springframework.boot.test.context.filter.ExcludeFilterContextCustomizer@4034c28c, org.springframework.boot.test.json.DuplicateJsonObjectContextCustomizerFactory$DuplicateJsonObjectContextCustomizer@53ca01a2, org.springframework.boot.test.mock.mockito.MockitoContextCustomizer@0, org.springframework.boot.test.web.client.TestRestTemplateContextCustomizer@37e547da, org.springframework.boot.test.autoconfigure.properties.PropertyMappingContextCustomizer@0, org.springframework.boot.test.autoconfigure.web.servlet.WebDriverContextCustomizerFactory$Customizer@6e75aa0d], resourceBasePath = 'src/main/webapp', contextLoader = 'org.springframework.boot.test.context.SpringBootContextLoader', parent = [null]]]
2020-03-14 21:57:36.985 [main] DEBUG o.springframework.test.context.cache - Spring test ApplicationContext cache statistics: [DefaultContextCache@4d1f6e1c size = 1, maxSize = 32, parentContextCount = 0, hitCount = 19, missCount = 1]
2020-03-14 21:57:36.989 [main] DEBUG o.s.t.c.c.DefaultCacheAwareContextLoaderDelegate - Retrieved ApplicationContext from cache with key [[WebMergedContextConfiguration@368247b9 testClass = FeignTest, locations = '{}', classes = '{class com.ningmeng.manage_course.ManageCourseApplication}', contextInitializerClasses = '[]', activeProfiles = '{}', propertySourceLocations = '{}', propertySourceProperties = '{org.springframework.boot.test.context.SpringBootTestContextBootstrapper=true}', contextCustomizers = set[org.springframework.boot.test.context.filter.ExcludeFilterContextCustomizer@4034c28c, org.springframework.boot.test.json.DuplicateJsonObjectContextCustomizerFactory$DuplicateJsonObjectContextCustomizer@53ca01a2, org.springframework.boot.test.mock.mockito.MockitoContextCustomizer@0, org.springframework.boot.test.web.client.TestRestTemplateContextCustomizer@37e547da, org.springframework.boot.test.autoconfigure.properties.PropertyMappingContextCustomizer@0, org.springframework.boot.test.autoconfigure.web.servlet.WebDriverContextCustomizerFactory$Customizer@6e75aa0d], resourceBasePath = 'src/main/webapp', contextLoader = 'org.springframework.boot.test.context.SpringBootContextLoader', parent = [null]]]
2020-03-14 21:57:36.990 [main] DEBUG o.springframework.test.context.cache - Spring test ApplicationContext cache statistics: [DefaultContextCache@4d1f6e1c size = 1, maxSize = 32, parentContextCount = 0, hitCount = 20, missCount = 1]
2020-03-14 21:57:36.990 [main] DEBUG o.s.b.f.s.DefaultListableBeanFactory - Returning cached instance of singleton bean 'org.springframework.boot.test.mock.mockito.MockitoBeans'
2020-03-14 21:57:36.992 [main] DEBUG o.s.t.c.s.AbstractDirtiesContextTestExecutionListener - After test method: context [DefaultTestContext@1e6a3214 testClass = FeignTest, testInstance = com.ningmeng.manage_course.dao.FeignTest@4ce1ab4c, testMethod = del@FeignTest, testException = java.lang.RuntimeException: com.netflix.client.ClientException: Load balancer does not have available server for client: nm-service-manage-cms, mergedContextConfiguration = [WebMergedContextConfiguration@368247b9 testClass = FeignTest, locations = '{}', classes = '{class com.ningmeng.manage_course.ManageCourseApplication}', contextInitializerClasses = '[]', activeProfiles = '{}', propertySourceLocations = '{}', propertySourceProperties = '{org.springframework.boot.test.context.SpringBootTestContextBootstrapper=true}', contextCustomizers = set[org.springframework.boot.test.context.filter.ExcludeFilterContextCustomizer@4034c28c, org.springframework.boot.test.json.DuplicateJsonObjectContextCustomizerFactory$DuplicateJsonObjectContextCustomizer@53ca01a2, org.springframework.boot.test.mock.mockito.MockitoContextCustomizer@0, org.springframework.boot.test.web.client.TestRestTemplateContextCustomizer@37e547da, org.springframework.boot.test.autoconfigure.properties.PropertyMappingContextCustomizer@0, org.springframework.boot.test.autoconfigure.web.servlet.WebDriverContextCustomizerFactory$Customizer@6e75aa0d], resourceBasePath = 'src/main/webapp', contextLoader = 'org.springframework.boot.test.context.SpringBootContextLoader', parent = [null]], attributes = map['org.springframework.test.context.web.ServletTestExecutionListener.activateListener' -> true, 'org.springframework.test.context.web.ServletTestExecutionListener.populatedRequestContextHolder' -> true, 'org.springframework.test.context.web.ServletTestExecutionListener.resetRequestContextHolder' -> true]], class annotated with @DirtiesContext [false] with mode [null], method annotated with @DirtiesContext [false] with mode [null].
2020-03-14 21:57:36.992 [main] DEBUG o.s.t.c.w.ServletTestExecutionListener - Resetting RequestContextHolder for test context [DefaultTestContext@1e6a3214 testClass = FeignTest, testInstance = com.ningmeng.manage_course.dao.FeignTest@4ce1ab4c, testMethod = del@FeignTest, testException = java.lang.RuntimeException: com.netflix.client.ClientException: Load balancer does not have available server for client: nm-service-manage-cms, mergedContextConfiguration = [WebMergedContextConfiguration@368247b9 testClass = FeignTest, locations = '{}', classes = '{class com.ningmeng.manage_course.ManageCourseApplication}', contextInitializerClasses = '[]', activeProfiles = '{}', propertySourceLocations = '{}', propertySourceProperties = '{org.springframework.boot.test.context.SpringBootTestContextBootstrapper=true}', contextCustomizers = set[org.springframework.boot.test.context.filter.ExcludeFilterContextCustomizer@4034c28c, org.springframework.boot.test.json.DuplicateJsonObjectContextCustomizerFactory$DuplicateJsonObjectContextCustomizer@53ca01a2, org.springframework.boot.test.mock.mockito.MockitoContextCustomizer@0, org.springframework.boot.test.web.client.TestRestTemplateContextCustomizer@37e547da, org.springframework.boot.test.autoconfigure.properties.PropertyMappingContextCustomizer@0, org.springframework.boot.test.autoconfigure.web.servlet.WebDriverContextCustomizerFactory$Customizer@6e75aa0d], resourceBasePath = 'src/main/webapp', contextLoader = 'org.springframework.boot.test.context.SpringBootContextLoader', parent = [null]], attributes = map['org.springframework.test.context.web.ServletTestExecutionListener.activateListener' -> true, 'org.springframework.test.context.web.ServletTestExecutionListener.populatedRequestContextHolder' -> true, 'org.springframework.test.context.web.ServletTestExecutionListener.resetRequestContextHolder' -> true]].
]]></system-out>
  </testcase>
</testsuite>